<?xml version="1.0" encoding="UTF-8"?>
<testsuites name="SPG - TripFocus - Notification" time="1797.417" tests="30" failures="0" errors="0">
   <testsuite name="SPG - TripFocus - Notification" tests="30" failures="0" errors="0" time="1797.417" skipped="0" timestamp="22-10-2025T10:20:15" hostname="DC1ADOBLD01$ - DC1ADOBLD01.thekag.com" id="Test Suites/TripFocus/SPG/SPG - TripFocus - Notification">
      <properties>
         <property name="deviceName" value=""/>
         <property name="devicePlatform"/>
         <property name="logFolder" value="D:\\ADOagent\\vsts-agent-win-x64-2.217.2\\_work\\944\\s\\Reports\\20251022_091709\\TripFocus\\SPG\\SPG - TripFocus - Notification\\20251022_091809"/>
         <property name="logFiles" value="D:\\ADOagent\\vsts-agent-win-x64-2.217.2\\_work\\944\\s\\Reports\\20251022_091709\\TripFocus\\SPG\\SPG - TripFocus - Notification\\20251022_091809\\execution0.log"/>
         <property name="attachments" value=""/>
         <property name="hostName" value="DC1ADOBLD01$ - DC1ADOBLD01.thekag.com"/>
         <property name="os" value="Windows Server 2019 64bit"/>
         <property name="katalonVersion" value="9.7.5.223"/>
         <property name="browser" value="Chrome 141.0.0.0"/>
         <property name="hostAddress" value="10.2.20.71"/>
         <property name="sessionId" value="04112bdae0fb5d0e80c45ec23821696b"/>
         <property name="seleniumVersion" value="3.141.59"/>
         <property name="proxyInformation" value="ProxyInformation { proxyOption=NO_PROXY, proxyServerType=HTTP, username=, password=********, proxyServerAddress=, proxyServerPort=0, executionList=&quot;&quot;, isApplyToDesiredCapabilities=true }"/>
         <property name="platform" value="Windows Server 2019"/>
      </properties>
      <testcase name="Test Cases/TripFocus/SPG/SPG - Notification/SPG - Can Not Create Notification Without Delivery Site" time="66.011" classname="Test Cases/TripFocus/SPG/SPG - Notification/SPG - Can Not Create Notification Without Delivery Site" status="PASSED">
         <system-out><![CDATA[22-10-2025T10:20:15 - [TEST_CASE][PASSED] - Test Cases/TripFocus/SPG/SPG - Notification/SPG - Can Not Create Notification Without Delivery Site: Test Cases/TripFocus/SPG/SPG - Notification/SPG - Can Not Create Notification Without Delivery Site

22-10-2025T10:20:15 - [TEST_STEP][PASSED] - Start listener action : beforeTestCase: null

22-10-2025T10:20:15 - [TEST_STEP][PASSED] - addDefaultPackages(): null

22-10-2025T10:20:15 - [TEST_STEP][PASSED] - openBrowser(""): Browser is opened with url: ''

22-10-2025T10:20:16 - [MESSAGE][INFO] - Starting 'Chrome' driver

22-10-2025T10:20:16 - [MESSAGE][INFO] - User set preference: ['args', '[--no-sandbox, --disable-gpu, --disable-dev-shm-usage]']

22-10-2025T10:20:16 - [MESSAGE][INFO] - Action delay is set to 0 milliseconds

22-10-2025T10:20:18 - [MESSAGE][PASSED] - Browser is opened with url: ''

22-10-2025T10:20:18 - [TEST_STEP][PASSED] - navigateToUrl(TFBaseURL): Navigate to 'https://www.qa.tripfocus.com' successfully

22-10-2025T10:20:20 - [MESSAGE][PASSED] - Navigate to 'https://www.qa.tripfocus.com' successfully

22-10-2025T10:20:20 - [TEST_STEP][PASSED] - click(findTestObject("Object Repository/TripFocus/Page_TripFocus/button_Sign in")): Object: 'Object Repository/TripFocus/Page_TripFocus/button_Sign in' is clicked on

22-10-2025T10:20:20 - [MESSAGE][PASSED] - Object: 'Object Repository/TripFocus/Page_TripFocus/button_Sign in' is clicked on

22-10-2025T10:20:20 - [TEST_STEP][PASSED] - setText(findTestObject("TripFocus/Username_txt"), TripFocusBleachTechSPGUsername): Text 'Ashford.Chenault+BleachtechCustomerSPGONLY@thekag.com' is set on object 'Object Repository/TripFocus/Username_txt'

22-10-2025T10:20:21 - [MESSAGE][PASSED] - Text 'Ashford.Chenault+BleachtechCustomerSPGONLY@thekag.com' is set on object 'Object Repository/TripFocus/Username_txt'

22-10-2025T10:20:21 - [TEST_STEP][PASSED] - setText(findTestObject("TripFocus/Password_txt"), TripFocusFDGSPGPassword): Text 'CrashBan911!!' is set on object 'Object Repository/TripFocus/Password_txt'

22-10-2025T10:20:21 - [MESSAGE][PASSED] - Text 'CrashBan911!!' is set on object 'Object Repository/TripFocus/Password_txt'

22-10-2025T10:20:21 - [TEST_STEP][PASSED] - click(findTestObject("FIM/Login_btn")): Object: 'Object Repository/FIM/Login_btn' is clicked on

22-10-2025T10:20:22 - [MESSAGE][PASSED] - Object: 'Object Repository/FIM/Login_btn' is clicked on

22-10-2025T10:20:22 - [TEST_STEP][PASSED] - maximizeWindow(): Current window maximized

22-10-2025T10:20:22 - [MESSAGE][PASSED] - Current window maximized

22-10-2025T10:20:22 - [TEST_STEP][PASSED] - waitForElementVisible(findTestObject("TripFocus/Testing_Notification_btn"), 15, OPTIONAL): Web element with id: 'Object Repository/TripFocus/Testing_Notification_btn' located by '//*[@id="__BVID__10___BV_modal_footer_"]/button' not found

22-10-2025T10:20:39 - [MESSAGE][INFO] - Unable to find the element located by 'By.xpath: //*[@id="__BVID__10___BV_modal_footer_"]/button'. Please recheck the objects properties to make sure the desired element is located. 

22-10-2025T10:20:39 - [MESSAGE][WARNING] - [SELF-HEALING] Failed to find element with id 'Object Repository/TripFocus/Testing_Notification_btn'. Try using Self-healing.

22-10-2025T10:20:40 - [MESSAGE][INFO] - [SELF-HEALING] No working XPath is found.

22-10-2025T10:20:42 - [MESSAGE][INFO] - Unable to find the element located by 'By.xpath: '. Please recheck the objects properties to make sure the desired element is located. 

22-10-2025T10:20:42 - [MESSAGE][WARNING] - [SELF-HEALING] Cannot find elements when the selector is null

22-10-2025T10:20:42 - [MESSAGE][WARNING] - Web element with id: 'Object Repository/TripFocus/Testing_Notification_btn' located by '//*[@id="__BVID__10___BV_modal_footer_"]/button' not found

22-10-2025T10:20:42 - [TEST_STEP][PASSED] - if (verifyElementVisible(findTestObject("TripFocus/Testing_Notification_btn"), OPTIONAL) == true): Web element with id: 'Object Repository/TripFocus/Testing_Notification_btn' located by '//*[@id="__BVID__10___BV_modal_footer_"]/button' not found (Root cause: com.kms.katalon.core.exception.StepFailedException: Web element with id: 'Object Repository/TripFocus/Testing_Notification_btn' located by '//*[@id="__BVID__10___BV_modal_footer_"]/button' not found
	at com.kms.katalon.core.webui.keyword.internal.WebUIKeywordMain.stepFailed(WebUIKeywordMain.groovy:117)
	at com.kms.katalon.core.webui.keyword.builtin.VerifyElementVisibleKeyword$_verifyElementVisible_closure1.doCall(VerifyElementVisibleKeyword.groovy:89)
	at com.kms.katalon.core.webui.keyword.builtin.VerifyElementVisibleKeyword$_verifyElementVisible_closure1.call(VerifyElementVisibleKeyword.groovy)
	at com.kms.katalon.core.webui.keyword.internal.WebUIKeywordMain.runKeyword(WebUIKeywordMain.groovy:35)
	at com.kms.katalon.core.webui.keyword.builtin.VerifyElementVisibleKeyword.verifyElementVisible(VerifyElementVisibleKeyword.groovy:97)
	at com.kms.katalon.core.webui.keyword.builtin.VerifyElementVisibleKeyword.execute(VerifyElementVisibleKeyword.groovy:67)
	at com.kms.katalon.core.keyword.internal.KeywordExecutor.executeKeywordForPlatform(KeywordExecutor.groovy:74)
	at com.kms.katalon.core.webui.keyword.WebUiBuiltInKeywords.verifyElementVisible(WebUiBuiltInKeywords.groovy:401)
	at com.kms.katalon.core.webui.keyword.WebUiBuiltInKeywords$verifyElementVisible$5.call(Unknown Source)
	at SPG - Can Not Create Notification Without Delivery Site.run(SPG - Can Not Create Notification Without Delivery Site:37)
	at com.kms.katalon.core.main.ScriptEngine.run(ScriptEngine.java:194)
	at com.kms.katalon.core.main.ScriptEngine.runScriptAsRawText(ScriptEngine.java:119)
	at com.kms.katalon.core.main.TestCaseExecutor.runScript(TestCaseExecutor.java:448)
	at com.kms.katalon.core.main.TestCaseExecutor.doExecute(TestCaseExecutor.java:439)
	at com.kms.katalon.core.main.TestCaseExecutor.processExecutionPhase(TestCaseExecutor.java:418)
	at com.kms.katalon.core.main.TestCaseExecutor.accessMainPhase(TestCaseExecutor.java:410)
	at com.kms.katalon.core.main.TestCaseExecutor.execute(TestCaseExecutor.java:285)
	at com.kms.katalon.core.common.CommonExecutor.accessTestCaseMainPhase(CommonExecutor.java:65)
	at com.kms.katalon.core.main.TestSuiteExecutor.accessTestSuiteMainPhase(TestSuiteExecutor.java:150)
	at com.kms.katalon.core.main.TestSuiteExecutor.execute(TestSuiteExecutor.java:106)
	at com.kms.katalon.core.main.TestCaseMain.startTestSuite(TestCaseMain.java:180)
	at com.kms.katalon.core.main.TestCaseMain$startTestSuite$0.call(Unknown Source)
	at TempTestSuite1761139089875.run(TempTestSuite1761139089875.groovy:35)
	at java.base/jdk.internal.reflect.NativeMethodAccessorImpl.invoke0(Native Method)
	at java.base/jdk.internal.reflect.NativeMethodAccessorImpl.invoke(NativeMethodAccessorImpl.java:77)
	at java.base/jdk.internal.reflect.DelegatingMethodAccessorImpl.invoke(DelegatingMethodAccessorImpl.java:43)
)

22-10-2025T10:20:58 - [MESSAGE][INFO] - Unable to find the element located by 'By.xpath: //*[@id="__BVID__10___BV_modal_footer_"]/button'. Please recheck the objects properties to make sure the desired element is located. 

22-10-2025T10:20:58 - [MESSAGE][WARNING] - [SELF-HEALING] Failed to find element with id 'Object Repository/TripFocus/Testing_Notification_btn'. Try using Self-healing.

22-10-2025T10:20:59 - [MESSAGE][INFO] - [SELF-HEALING] No working XPath is found.

22-10-2025T10:21:01 - [MESSAGE][INFO] - Unable to find the element located by 'By.xpath: '. Please recheck the objects properties to make sure the desired element is located. 

22-10-2025T10:21:01 - [MESSAGE][WARNING] - [SELF-HEALING] Cannot find elements when the selector is null

22-10-2025T10:21:01 - [MESSAGE][WARNING] - Web element with id: 'Object Repository/TripFocus/Testing_Notification_btn' located by '//*[@id="__BVID__10___BV_modal_footer_"]/button' not found (Root cause: com.kms.katalon.core.exception.StepFailedException: Web element with id: 'Object Repository/TripFocus/Testing_Notification_btn' located by '//*[@id="__BVID__10___BV_modal_footer_"]/button' not found
	at com.kms.katalon.core.webui.keyword.internal.WebUIKeywordMain.stepFailed(WebUIKeywordMain.groovy:117)
	at com.kms.katalon.core.webui.keyword.builtin.VerifyElementVisibleKeyword$_verifyElementVisible_closure1.doCall(VerifyElementVisibleKeyword.groovy:89)
	at com.kms.katalon.core.webui.keyword.builtin.VerifyElementVisibleKeyword$_verifyElementVisible_closure1.call(VerifyElementVisibleKeyword.groovy)
	at com.kms.katalon.core.webui.keyword.internal.WebUIKeywordMain.runKeyword(WebUIKeywordMain.groovy:35)
	at com.kms.katalon.core.webui.keyword.builtin.VerifyElementVisibleKeyword.verifyElementVisible(VerifyElementVisibleKeyword.groovy:97)
	at com.kms.katalon.core.webui.keyword.builtin.VerifyElementVisibleKeyword.execute(VerifyElementVisibleKeyword.groovy:67)
	at com.kms.katalon.core.keyword.internal.KeywordExecutor.executeKeywordForPlatform(KeywordExecutor.groovy:74)
	at com.kms.katalon.core.webui.keyword.WebUiBuiltInKeywords.verifyElementVisible(WebUiBuiltInKeywords.groovy:401)
	at com.kms.katalon.core.webui.keyword.WebUiBuiltInKeywords$verifyElementVisible$5.call(Unknown Source)
	at SPG - Can Not Create Notification Without Delivery Site.run(SPG - Can Not Create Notification Without Delivery Site:37)
	at com.kms.katalon.core.main.ScriptEngine.run(ScriptEngine.java:194)
	at com.kms.katalon.core.main.ScriptEngine.runScriptAsRawText(ScriptEngine.java:119)
	at com.kms.katalon.core.main.TestCaseExecutor.runScript(TestCaseExecutor.java:448)
	at com.kms.katalon.core.main.TestCaseExecutor.doExecute(TestCaseExecutor.java:439)
	at com.kms.katalon.core.main.TestCaseExecutor.processExecutionPhase(TestCaseExecutor.java:418)
	at com.kms.katalon.core.main.TestCaseExecutor.accessMainPhase(TestCaseExecutor.java:410)
	at com.kms.katalon.core.main.TestCaseExecutor.execute(TestCaseExecutor.java:285)
	at com.kms.katalon.core.common.CommonExecutor.accessTestCaseMainPhase(CommonExecutor.java:65)
	at com.kms.katalon.core.main.TestSuiteExecutor.accessTestSuiteMainPhase(TestSuiteExecutor.java:150)
	at com.kms.katalon.core.main.TestSuiteExecutor.execute(TestSuiteExecutor.java:106)
	at com.kms.katalon.core.main.TestCaseMain.startTestSuite(TestCaseMain.java:180)
	at com.kms.katalon.core.main.TestCaseMain$startTestSuite$0.call(Unknown Source)
	at TempTestSuite1761139089875.run(TempTestSuite1761139089875.groovy:35)
	at java.base/jdk.internal.reflect.NativeMethodAccessorImpl.invoke0(Native Method)
	at java.base/jdk.internal.reflect.NativeMethodAccessorImpl.invoke(NativeMethodAccessorImpl.java:77)
	at java.base/jdk.internal.reflect.DelegatingMethodAccessorImpl.invoke(DelegatingMethodAccessorImpl.java:43)
)

22-10-2025T10:21:01 - [TEST_STEP][PASSED] - click(findTestObject("Object Repository/TripFocus/Page_TripFocus/a_Notifications")): Object: 'Object Repository/TripFocus/Page_TripFocus/a_Notifications' is clicked on

22-10-2025T10:21:01 - [MESSAGE][PASSED] - Object: 'Object Repository/TripFocus/Page_TripFocus/a_Notifications' is clicked on

22-10-2025T10:21:01 - [TEST_STEP][PASSED] - delay(3): Delayed 3 second(s)

22-10-2025T10:21:04 - [MESSAGE][PASSED] - Delayed 3 second(s)

22-10-2025T10:21:04 - [TEST_STEP][PASSED] - click(findTestObject("Object Repository/TripFocus/Page_TripFocus/button_Add New Notification")): Object: 'Object Repository/TripFocus/Page_TripFocus/button_Add New Notification' is clicked on

22-10-2025T10:21:04 - [MESSAGE][PASSED] - Object: 'Object Repository/TripFocus/Page_TripFocus/button_Add New Notification' is clicked on

22-10-2025T10:21:04 - [TEST_STEP][PASSED] - delay(5): Delayed 5 second(s)

22-10-2025T10:21:09 - [MESSAGE][PASSED] - Delayed 5 second(s)

22-10-2025T10:21:09 - [TEST_STEP][PASSED] - click(findTestObject("TripFocus/Notifications/Send To_txt")): Object: 'Object Repository/TripFocus/Notifications/Send To_txt' is clicked on

22-10-2025T10:21:09 - [MESSAGE][PASSED] - Object: 'Object Repository/TripFocus/Notifications/Send To_txt' is clicked on

22-10-2025T10:21:09 - [TEST_STEP][PASSED] - delay(3): Delayed 3 second(s)

22-10-2025T10:21:12 - [MESSAGE][PASSED] - Delayed 3 second(s)

22-10-2025T10:21:12 - [TEST_STEP][PASSED] - setText(findTestObject("TripFocus/Notifications/Send To_txt"), "bhargavijspr@gmail.com"): Text 'bhargavijspr@gmail.com' is set on object 'Object Repository/TripFocus/Notifications/Send To_txt'

22-10-2025T10:21:12 - [MESSAGE][PASSED] - Text 'bhargavijspr@gmail.com' is set on object 'Object Repository/TripFocus/Notifications/Send To_txt'

22-10-2025T10:21:12 - [TEST_STEP][PASSED] - delay(2): Delayed 2 second(s)

22-10-2025T10:21:14 - [MESSAGE][PASSED] - Delayed 2 second(s)

22-10-2025T10:21:14 - [TEST_STEP][PASSED] - sendKeys(findTestObject("TripFocus/Notifications/Notification Events_txt"), "Order Undispatched"): Keys 'Order Undispatched' sent to object: 'Object Repository/TripFocus/Notifications/Notification Events_txt'

22-10-2025T10:21:14 - [MESSAGE][PASSED] - Keys 'Order Undispatched' sent to object: 'Object Repository/TripFocus/Notifications/Notification Events_txt'

22-10-2025T10:21:14 - [TEST_STEP][PASSED] - delay(2): Delayed 2 second(s)

22-10-2025T10:21:16 - [MESSAGE][PASSED] - Delayed 2 second(s)

22-10-2025T10:21:16 - [TEST_STEP][PASSED] - sendKeys(findTestObject("TripFocus/Notifications/Notification Events_txt"), Keys.chord(ENTER)): Keys 'ENTER + ' sent to object: 'Object Repository/TripFocus/Notifications/Notification Events_txt'

22-10-2025T10:21:17 - [MESSAGE][PASSED] - Keys 'ENTER + ' sent to object: 'Object Repository/TripFocus/Notifications/Notification Events_txt'

22-10-2025T10:21:17 - [TEST_STEP][PASSED] - delay(2): Delayed 2 second(s)

22-10-2025T10:21:19 - [MESSAGE][PASSED] - Delayed 2 second(s)

22-10-2025T10:21:19 - [TEST_STEP][PASSED] - click(findTestObject("TripFocus/Notifications/Send To_txt")): Object: 'Object Repository/TripFocus/Notifications/Send To_txt' is clicked on

22-10-2025T10:21:19 - [MESSAGE][PASSED] - Object: 'Object Repository/TripFocus/Notifications/Send To_txt' is clicked on

22-10-2025T10:21:19 - [TEST_STEP][PASSED] - delay(2): Delayed 2 second(s)

22-10-2025T10:21:21 - [MESSAGE][PASSED] - Delayed 2 second(s)

22-10-2025T10:21:21 - [TEST_STEP][PASSED] - click(findTestObject("TripFocus/Notifications/Save_btn")): Object: 'Object Repository/TripFocus/Notifications/Save_btn' is clicked on

22-10-2025T10:21:21 - [MESSAGE][PASSED] - Object: 'Object Repository/TripFocus/Notifications/Save_btn' is clicked on

22-10-2025T10:21:21 - [TEST_STEP][PASSED] - verifyTextPresent("Delivery site is required.", false): Text 'Delivery site is required.' is present on page 

22-10-2025T10:21:21 - [MESSAGE][PASSED] - Text 'Delivery site is required.' is present on page 

22-10-2025T10:21:21 - [TEST_STEP][PASSED] - Start listener action : retryOnDisconnect: null

22-10-2025T10:21:21 - [TEST_STEP][PASSED] - tcId = testCaseContext.getTestCaseId(): null

22-10-2025T10:21:21 - [TEST_STEP][PASSED] - currentRetry = retryCounts.getOrDefault(tcId, 0): null

22-10-2025T10:21:21 - [TEST_STEP][PASSED] - if (testCaseContext.getTestCaseStatus() == "FAILED" && currentRetry < MAX_RETRIES): null]]></system-out>
         <system-err><![CDATA[]]></system-err>
      </testcase>
      <testcase name="Test Cases/TripFocus/SPG/SPG - Notification/SPG - Can Not Create Notification Without Notification Events" time="60.405" classname="Test Cases/TripFocus/SPG/SPG - Notification/SPG - Can Not Create Notification Without Notification Events" status="PASSED">
         <system-out><![CDATA[22-10-2025T10:21:21 - [TEST_CASE][PASSED] - Test Cases/TripFocus/SPG/SPG - Notification/SPG - Can Not Create Notification Without Notification Events: Test Cases/TripFocus/SPG/SPG - Notification/SPG - Can Not Create Notification Without Notification Events

22-10-2025T10:21:21 - [TEST_STEP][PASSED] - Start listener action : beforeTestCase: null

22-10-2025T10:21:21 - [TEST_STEP][PASSED] - addDefaultPackages(): null

22-10-2025T10:21:21 - [TEST_STEP][PASSED] - openBrowser(""): Browser is opened with url: ''

22-10-2025T10:21:21 - [MESSAGE][WARNING] - A browser is already opened. Closing browser and opening a new one

22-10-2025T10:21:21 - [MESSAGE][INFO] - Starting 'Chrome' driver

22-10-2025T10:21:21 - [MESSAGE][INFO] - User set preference: ['args', '[--no-sandbox, --disable-gpu, --disable-dev-shm-usage]']

22-10-2025T10:21:21 - [MESSAGE][INFO] - Action delay is set to 0 milliseconds

22-10-2025T10:21:22 - [MESSAGE][PASSED] - Browser is opened with url: ''

22-10-2025T10:21:22 - [TEST_STEP][PASSED] - navigateToUrl(TFBaseURL): Navigate to 'https://www.qa.tripfocus.com' successfully

22-10-2025T10:21:23 - [MESSAGE][PASSED] - Navigate to 'https://www.qa.tripfocus.com' successfully

22-10-2025T10:21:23 - [TEST_STEP][PASSED] - click(findTestObject("Object Repository/TripFocus/Page_TripFocus/button_Sign in")): Object: 'Object Repository/TripFocus/Page_TripFocus/button_Sign in' is clicked on

22-10-2025T10:21:23 - [MESSAGE][PASSED] - Object: 'Object Repository/TripFocus/Page_TripFocus/button_Sign in' is clicked on

22-10-2025T10:21:23 - [TEST_STEP][PASSED] - setText(findTestObject("TripFocus/Username_txt"), TripFocusBleachTechSPGUsername): Text 'Ashford.Chenault+BleachtechCustomerSPGONLY@thekag.com' is set on object 'Object Repository/TripFocus/Username_txt'

22-10-2025T10:21:23 - [MESSAGE][PASSED] - Text 'Ashford.Chenault+BleachtechCustomerSPGONLY@thekag.com' is set on object 'Object Repository/TripFocus/Username_txt'

22-10-2025T10:21:23 - [TEST_STEP][PASSED] - setText(findTestObject("TripFocus/Password_txt"), TripFocusFDGSPGPassword): Text 'CrashBan911!!' is set on object 'Object Repository/TripFocus/Password_txt'

22-10-2025T10:21:23 - [MESSAGE][PASSED] - Text 'CrashBan911!!' is set on object 'Object Repository/TripFocus/Password_txt'

22-10-2025T10:21:23 - [TEST_STEP][PASSED] - click(findTestObject("FIM/Login_btn")): Object: 'Object Repository/FIM/Login_btn' is clicked on

22-10-2025T10:21:24 - [MESSAGE][PASSED] - Object: 'Object Repository/FIM/Login_btn' is clicked on

22-10-2025T10:21:24 - [TEST_STEP][PASSED] - maximizeWindow(): Current window maximized

22-10-2025T10:21:24 - [MESSAGE][PASSED] - Current window maximized

22-10-2025T10:21:24 - [TEST_STEP][PASSED] - waitForElementVisible(findTestObject("TripFocus/Testing_Notification_btn"), 15, OPTIONAL): Web element with id: 'Object Repository/TripFocus/Testing_Notification_btn' located by '//*[@id="__BVID__10___BV_modal_footer_"]/button' not found

22-10-2025T10:21:40 - [MESSAGE][INFO] - Unable to find the element located by 'By.xpath: //*[@id="__BVID__10___BV_modal_footer_"]/button'. Please recheck the objects properties to make sure the desired element is located. 

22-10-2025T10:21:40 - [MESSAGE][WARNING] - [SELF-HEALING] Failed to find element with id 'Object Repository/TripFocus/Testing_Notification_btn'. Try using Self-healing.

22-10-2025T10:21:41 - [MESSAGE][INFO] - [SELF-HEALING] No working XPath is found.

22-10-2025T10:21:43 - [MESSAGE][INFO] - Unable to find the element located by 'By.xpath: '. Please recheck the objects properties to make sure the desired element is located. 

22-10-2025T10:21:43 - [MESSAGE][WARNING] - [SELF-HEALING] Cannot find elements when the selector is null

22-10-2025T10:21:43 - [MESSAGE][WARNING] - Web element with id: 'Object Repository/TripFocus/Testing_Notification_btn' located by '//*[@id="__BVID__10___BV_modal_footer_"]/button' not found

22-10-2025T10:21:43 - [TEST_STEP][PASSED] - if (verifyElementVisible(findTestObject("TripFocus/Testing_Notification_btn"), OPTIONAL) == true): Web element with id: 'Object Repository/TripFocus/Testing_Notification_btn' located by '//*[@id="__BVID__10___BV_modal_footer_"]/button' not found (Root cause: com.kms.katalon.core.exception.StepFailedException: Web element with id: 'Object Repository/TripFocus/Testing_Notification_btn' located by '//*[@id="__BVID__10___BV_modal_footer_"]/button' not found
	at com.kms.katalon.core.webui.keyword.internal.WebUIKeywordMain.stepFailed(WebUIKeywordMain.groovy:117)
	at com.kms.katalon.core.webui.keyword.builtin.VerifyElementVisibleKeyword$_verifyElementVisible_closure1.doCall(VerifyElementVisibleKeyword.groovy:89)
	at com.kms.katalon.core.webui.keyword.builtin.VerifyElementVisibleKeyword$_verifyElementVisible_closure1.call(VerifyElementVisibleKeyword.groovy)
	at com.kms.katalon.core.webui.keyword.internal.WebUIKeywordMain.runKeyword(WebUIKeywordMain.groovy:35)
	at com.kms.katalon.core.webui.keyword.builtin.VerifyElementVisibleKeyword.verifyElementVisible(VerifyElementVisibleKeyword.groovy:97)
	at com.kms.katalon.core.webui.keyword.builtin.VerifyElementVisibleKeyword.execute(VerifyElementVisibleKeyword.groovy:67)
	at com.kms.katalon.core.keyword.internal.KeywordExecutor.executeKeywordForPlatform(KeywordExecutor.groovy:74)
	at com.kms.katalon.core.webui.keyword.WebUiBuiltInKeywords.verifyElementVisible(WebUiBuiltInKeywords.groovy:401)
	at com.kms.katalon.core.webui.keyword.WebUiBuiltInKeywords$verifyElementVisible$5.call(Unknown Source)
	at SPG - Can Not Create Notification Without Notification Events.run(SPG - Can Not Create Notification Without Notification Events:36)
	at com.kms.katalon.core.main.ScriptEngine.run(ScriptEngine.java:194)
	at com.kms.katalon.core.main.ScriptEngine.runScriptAsRawText(ScriptEngine.java:119)
	at com.kms.katalon.core.main.TestCaseExecutor.runScript(TestCaseExecutor.java:448)
	at com.kms.katalon.core.main.TestCaseExecutor.doExecute(TestCaseExecutor.java:439)
	at com.kms.katalon.core.main.TestCaseExecutor.processExecutionPhase(TestCaseExecutor.java:418)
	at com.kms.katalon.core.main.TestCaseExecutor.accessMainPhase(TestCaseExecutor.java:410)
	at com.kms.katalon.core.main.TestCaseExecutor.execute(TestCaseExecutor.java:285)
	at com.kms.katalon.core.common.CommonExecutor.accessTestCaseMainPhase(CommonExecutor.java:65)
	at com.kms.katalon.core.main.TestSuiteExecutor.accessTestSuiteMainPhase(TestSuiteExecutor.java:150)
	at com.kms.katalon.core.main.TestSuiteExecutor.execute(TestSuiteExecutor.java:106)
	at com.kms.katalon.core.main.TestCaseMain.startTestSuite(TestCaseMain.java:180)
	at com.kms.katalon.core.main.TestCaseMain$startTestSuite$0.call(Unknown Source)
	at TempTestSuite1761139089875.run(TempTestSuite1761139089875.groovy:35)
	at java.base/jdk.internal.reflect.NativeMethodAccessorImpl.invoke0(Native Method)
	at java.base/jdk.internal.reflect.NativeMethodAccessorImpl.invoke(NativeMethodAccessorImpl.java:77)
	at java.base/jdk.internal.reflect.DelegatingMethodAccessorImpl.invoke(DelegatingMethodAccessorImpl.java:43)
)

22-10-2025T10:21:59 - [MESSAGE][INFO] - Unable to find the element located by 'By.xpath: //*[@id="__BVID__10___BV_modal_footer_"]/button'. Please recheck the objects properties to make sure the desired element is located. 

22-10-2025T10:21:59 - [MESSAGE][WARNING] - [SELF-HEALING] Failed to find element with id 'Object Repository/TripFocus/Testing_Notification_btn'. Try using Self-healing.

22-10-2025T10:22:00 - [MESSAGE][INFO] - [SELF-HEALING] No working XPath is found.

22-10-2025T10:22:02 - [MESSAGE][INFO] - Unable to find the element located by 'By.xpath: '. Please recheck the objects properties to make sure the desired element is located. 

22-10-2025T10:22:02 - [MESSAGE][WARNING] - [SELF-HEALING] Cannot find elements when the selector is null

22-10-2025T10:22:02 - [MESSAGE][WARNING] - Web element with id: 'Object Repository/TripFocus/Testing_Notification_btn' located by '//*[@id="__BVID__10___BV_modal_footer_"]/button' not found (Root cause: com.kms.katalon.core.exception.StepFailedException: Web element with id: 'Object Repository/TripFocus/Testing_Notification_btn' located by '//*[@id="__BVID__10___BV_modal_footer_"]/button' not found
	at com.kms.katalon.core.webui.keyword.internal.WebUIKeywordMain.stepFailed(WebUIKeywordMain.groovy:117)
	at com.kms.katalon.core.webui.keyword.builtin.VerifyElementVisibleKeyword$_verifyElementVisible_closure1.doCall(VerifyElementVisibleKeyword.groovy:89)
	at com.kms.katalon.core.webui.keyword.builtin.VerifyElementVisibleKeyword$_verifyElementVisible_closure1.call(VerifyElementVisibleKeyword.groovy)
	at com.kms.katalon.core.webui.keyword.internal.WebUIKeywordMain.runKeyword(WebUIKeywordMain.groovy:35)
	at com.kms.katalon.core.webui.keyword.builtin.VerifyElementVisibleKeyword.verifyElementVisible(VerifyElementVisibleKeyword.groovy:97)
	at com.kms.katalon.core.webui.keyword.builtin.VerifyElementVisibleKeyword.execute(VerifyElementVisibleKeyword.groovy:67)
	at com.kms.katalon.core.keyword.internal.KeywordExecutor.executeKeywordForPlatform(KeywordExecutor.groovy:74)
	at com.kms.katalon.core.webui.keyword.WebUiBuiltInKeywords.verifyElementVisible(WebUiBuiltInKeywords.groovy:401)
	at com.kms.katalon.core.webui.keyword.WebUiBuiltInKeywords$verifyElementVisible$5.call(Unknown Source)
	at SPG - Can Not Create Notification Without Notification Events.run(SPG - Can Not Create Notification Without Notification Events:36)
	at com.kms.katalon.core.main.ScriptEngine.run(ScriptEngine.java:194)
	at com.kms.katalon.core.main.ScriptEngine.runScriptAsRawText(ScriptEngine.java:119)
	at com.kms.katalon.core.main.TestCaseExecutor.runScript(TestCaseExecutor.java:448)
	at com.kms.katalon.core.main.TestCaseExecutor.doExecute(TestCaseExecutor.java:439)
	at com.kms.katalon.core.main.TestCaseExecutor.processExecutionPhase(TestCaseExecutor.java:418)
	at com.kms.katalon.core.main.TestCaseExecutor.accessMainPhase(TestCaseExecutor.java:410)
	at com.kms.katalon.core.main.TestCaseExecutor.execute(TestCaseExecutor.java:285)
	at com.kms.katalon.core.common.CommonExecutor.accessTestCaseMainPhase(CommonExecutor.java:65)
	at com.kms.katalon.core.main.TestSuiteExecutor.accessTestSuiteMainPhase(TestSuiteExecutor.java:150)
	at com.kms.katalon.core.main.TestSuiteExecutor.execute(TestSuiteExecutor.java:106)
	at com.kms.katalon.core.main.TestCaseMain.startTestSuite(TestCaseMain.java:180)
	at com.kms.katalon.core.main.TestCaseMain$startTestSuite$0.call(Unknown Source)
	at TempTestSuite1761139089875.run(TempTestSuite1761139089875.groovy:35)
	at java.base/jdk.internal.reflect.NativeMethodAccessorImpl.invoke0(Native Method)
	at java.base/jdk.internal.reflect.NativeMethodAccessorImpl.invoke(NativeMethodAccessorImpl.java:77)
	at java.base/jdk.internal.reflect.DelegatingMethodAccessorImpl.invoke(DelegatingMethodAccessorImpl.java:43)
)

22-10-2025T10:22:02 - [TEST_STEP][PASSED] - click(findTestObject("Object Repository/TripFocus/Page_TripFocus/a_Notifications")): Object: 'Object Repository/TripFocus/Page_TripFocus/a_Notifications' is clicked on

22-10-2025T10:22:02 - [MESSAGE][PASSED] - Object: 'Object Repository/TripFocus/Page_TripFocus/a_Notifications' is clicked on

22-10-2025T10:22:02 - [TEST_STEP][PASSED] - delay(3): Delayed 3 second(s)

22-10-2025T10:22:05 - [MESSAGE][PASSED] - Delayed 3 second(s)

22-10-2025T10:22:05 - [TEST_STEP][PASSED] - click(findTestObject("Object Repository/TripFocus/Page_TripFocus/button_Add New Notification")): Object: 'Object Repository/TripFocus/Page_TripFocus/button_Add New Notification' is clicked on

22-10-2025T10:22:05 - [MESSAGE][PASSED] - Object: 'Object Repository/TripFocus/Page_TripFocus/button_Add New Notification' is clicked on

22-10-2025T10:22:05 - [TEST_STEP][PASSED] - delay(5): Delayed 5 second(s)

22-10-2025T10:22:10 - [MESSAGE][PASSED] - Delayed 5 second(s)

22-10-2025T10:22:10 - [TEST_STEP][PASSED] - click(findTestObject("TripFocus/Notifications/Delivery Site_dropdown")): Object: 'Object Repository/TripFocus/Notifications/Delivery Site_dropdown' is clicked on

22-10-2025T10:22:11 - [MESSAGE][PASSED] - Object: 'Object Repository/TripFocus/Notifications/Delivery Site_dropdown' is clicked on

22-10-2025T10:22:11 - [TEST_STEP][PASSED] - delay(2): Delayed 2 second(s)

22-10-2025T10:22:13 - [MESSAGE][PASSED] - Delayed 2 second(s)

22-10-2025T10:22:13 - [TEST_STEP][PASSED] - sendKeys(findTestObject("TripFocus/Notifications/Delivery Site_txt"), "EMERY OLEOCHEM"): Keys 'EMERY OLEOCHEM' sent to object: 'Object Repository/TripFocus/Notifications/Delivery Site_txt'

22-10-2025T10:22:13 - [MESSAGE][PASSED] - Keys 'EMERY OLEOCHEM' sent to object: 'Object Repository/TripFocus/Notifications/Delivery Site_txt'

22-10-2025T10:22:13 - [TEST_STEP][PASSED] - delay(2): Delayed 2 second(s)

22-10-2025T10:22:15 - [MESSAGE][PASSED] - Delayed 2 second(s)

22-10-2025T10:22:15 - [TEST_STEP][PASSED] - sendKeys(findTestObject("TripFocus/Notifications/Delivery Site_txt"), Keys.chord(ENTER)): Keys 'ENTER + ' sent to object: 'Object Repository/TripFocus/Notifications/Delivery Site_txt'

22-10-2025T10:22:15 - [MESSAGE][PASSED] - Keys 'ENTER + ' sent to object: 'Object Repository/TripFocus/Notifications/Delivery Site_txt'

22-10-2025T10:22:15 - [TEST_STEP][PASSED] - delay(2): Delayed 2 second(s)

22-10-2025T10:22:17 - [MESSAGE][PASSED] - Delayed 2 second(s)

22-10-2025T10:22:17 - [TEST_STEP][PASSED] - click(findTestObject("TripFocus/Notifications/Add Notification_lbl")): Object: 'Object Repository/TripFocus/Notifications/Add Notification_lbl' is clicked on

22-10-2025T10:22:17 - [MESSAGE][PASSED] - Object: 'Object Repository/TripFocus/Notifications/Add Notification_lbl' is clicked on

22-10-2025T10:22:17 - [TEST_STEP][PASSED] - delay(2): Delayed 2 second(s)

22-10-2025T10:22:19 - [MESSAGE][PASSED] - Delayed 2 second(s)

22-10-2025T10:22:19 - [TEST_STEP][PASSED] - setText(findTestObject("TripFocus/Notifications/Send To_txt"), "bhargavijspr@gmail.com"): Text 'bhargavijspr@gmail.com' is set on object 'Object Repository/TripFocus/Notifications/Send To_txt'

22-10-2025T10:22:19 - [MESSAGE][PASSED] - Text 'bhargavijspr@gmail.com' is set on object 'Object Repository/TripFocus/Notifications/Send To_txt'

22-10-2025T10:22:19 - [TEST_STEP][PASSED] - delay(2): Delayed 2 second(s)

22-10-2025T10:22:21 - [MESSAGE][PASSED] - Delayed 2 second(s)

22-10-2025T10:22:21 - [TEST_STEP][PASSED] - click(findTestObject("TripFocus/Notifications/Save_btn")): Object: 'Object Repository/TripFocus/Notifications/Save_btn' is clicked on

22-10-2025T10:22:21 - [MESSAGE][PASSED] - Object: 'Object Repository/TripFocus/Notifications/Save_btn' is clicked on

22-10-2025T10:22:21 - [TEST_STEP][PASSED] - verifyTextPresent("Minimum of 1 event type is required.", false): Text 'Minimum of 1 event type is required.' is present on page 

22-10-2025T10:22:21 - [MESSAGE][PASSED] - Text 'Minimum of 1 event type is required.' is present on page 

22-10-2025T10:22:21 - [TEST_STEP][PASSED] - Start listener action : retryOnDisconnect: null

22-10-2025T10:22:21 - [TEST_STEP][PASSED] - tcId = testCaseContext.getTestCaseId(): null

22-10-2025T10:22:21 - [TEST_STEP][PASSED] - currentRetry = retryCounts.getOrDefault(tcId, 0): null

22-10-2025T10:22:21 - [TEST_STEP][PASSED] - if (testCaseContext.getTestCaseStatus() == "FAILED" && currentRetry < MAX_RETRIES): null]]></system-out>
         <system-err><![CDATA[]]></system-err>
      </testcase>
      <testcase name="Test Cases/TripFocus/SPG/SPG - Notification/SPG - Can Not Create Notification Without Sent To" time="62.067" classname="Test Cases/TripFocus/SPG/SPG - Notification/SPG - Can Not Create Notification Without Sent To" status="PASSED">
         <system-out><![CDATA[22-10-2025T10:22:21 - [TEST_CASE][PASSED] - Test Cases/TripFocus/SPG/SPG - Notification/SPG - Can Not Create Notification Without Sent To: Test Cases/TripFocus/SPG/SPG - Notification/SPG - Can Not Create Notification Without Sent To

22-10-2025T10:22:21 - [TEST_STEP][PASSED] - Start listener action : beforeTestCase: null

22-10-2025T10:22:21 - [TEST_STEP][PASSED] - addDefaultPackages(): null

22-10-2025T10:22:21 - [TEST_STEP][PASSED] - openBrowser(""): Browser is opened with url: ''

22-10-2025T10:22:21 - [MESSAGE][WARNING] - A browser is already opened. Closing browser and opening a new one

22-10-2025T10:22:22 - [MESSAGE][INFO] - Starting 'Chrome' driver

22-10-2025T10:22:22 - [MESSAGE][INFO] - User set preference: ['args', '[--no-sandbox, --disable-gpu, --disable-dev-shm-usage]']

22-10-2025T10:22:22 - [MESSAGE][INFO] - Action delay is set to 0 milliseconds

22-10-2025T10:22:22 - [MESSAGE][PASSED] - Browser is opened with url: ''

22-10-2025T10:22:22 - [TEST_STEP][PASSED] - navigateToUrl(TFBaseURL): Navigate to 'https://www.qa.tripfocus.com' successfully

22-10-2025T10:22:23 - [MESSAGE][PASSED] - Navigate to 'https://www.qa.tripfocus.com' successfully

22-10-2025T10:22:23 - [TEST_STEP][PASSED] - click(findTestObject("Object Repository/TripFocus/Page_TripFocus/button_Sign in")): Object: 'Object Repository/TripFocus/Page_TripFocus/button_Sign in' is clicked on

22-10-2025T10:22:23 - [MESSAGE][PASSED] - Object: 'Object Repository/TripFocus/Page_TripFocus/button_Sign in' is clicked on

22-10-2025T10:22:23 - [TEST_STEP][PASSED] - setText(findTestObject("TripFocus/Username_txt"), TripFocusBleachTechSPGUsername): Text 'Ashford.Chenault+BleachtechCustomerSPGONLY@thekag.com' is set on object 'Object Repository/TripFocus/Username_txt'

22-10-2025T10:22:24 - [MESSAGE][PASSED] - Text 'Ashford.Chenault+BleachtechCustomerSPGONLY@thekag.com' is set on object 'Object Repository/TripFocus/Username_txt'

22-10-2025T10:22:24 - [TEST_STEP][PASSED] - setText(findTestObject("TripFocus/Password_txt"), TripFocusFDGSPGPassword): Text 'CrashBan911!!' is set on object 'Object Repository/TripFocus/Password_txt'

22-10-2025T10:22:24 - [MESSAGE][PASSED] - Text 'CrashBan911!!' is set on object 'Object Repository/TripFocus/Password_txt'

22-10-2025T10:22:24 - [TEST_STEP][PASSED] - click(findTestObject("FIM/Login_btn")): Object: 'Object Repository/FIM/Login_btn' is clicked on

22-10-2025T10:22:24 - [MESSAGE][PASSED] - Object: 'Object Repository/FIM/Login_btn' is clicked on

22-10-2025T10:22:24 - [TEST_STEP][PASSED] - maximizeWindow(): Current window maximized

22-10-2025T10:22:24 - [MESSAGE][PASSED] - Current window maximized

22-10-2025T10:22:24 - [TEST_STEP][PASSED] - waitForElementVisible(findTestObject("TripFocus/Testing_Notification_btn"), 15, OPTIONAL): Web element with id: 'Object Repository/TripFocus/Testing_Notification_btn' located by '//*[@id="__BVID__10___BV_modal_footer_"]/button' not found

22-10-2025T10:22:40 - [MESSAGE][INFO] - Unable to find the element located by 'By.xpath: //*[@id="__BVID__10___BV_modal_footer_"]/button'. Please recheck the objects properties to make sure the desired element is located. 

22-10-2025T10:22:40 - [MESSAGE][WARNING] - [SELF-HEALING] Failed to find element with id 'Object Repository/TripFocus/Testing_Notification_btn'. Try using Self-healing.

22-10-2025T10:22:41 - [MESSAGE][INFO] - [SELF-HEALING] No working XPath is found.

22-10-2025T10:22:43 - [MESSAGE][INFO] - Unable to find the element located by 'By.xpath: '. Please recheck the objects properties to make sure the desired element is located. 

22-10-2025T10:22:43 - [MESSAGE][WARNING] - [SELF-HEALING] Cannot find elements when the selector is null

22-10-2025T10:22:43 - [MESSAGE][WARNING] - Web element with id: 'Object Repository/TripFocus/Testing_Notification_btn' located by '//*[@id="__BVID__10___BV_modal_footer_"]/button' not found

22-10-2025T10:22:43 - [TEST_STEP][PASSED] - if (verifyElementVisible(findTestObject("TripFocus/Testing_Notification_btn"), OPTIONAL) == true): Web element with id: 'Object Repository/TripFocus/Testing_Notification_btn' located by '//*[@id="__BVID__10___BV_modal_footer_"]/button' not found (Root cause: com.kms.katalon.core.exception.StepFailedException: Web element with id: 'Object Repository/TripFocus/Testing_Notification_btn' located by '//*[@id="__BVID__10___BV_modal_footer_"]/button' not found
	at com.kms.katalon.core.webui.keyword.internal.WebUIKeywordMain.stepFailed(WebUIKeywordMain.groovy:117)
	at com.kms.katalon.core.webui.keyword.builtin.VerifyElementVisibleKeyword$_verifyElementVisible_closure1.doCall(VerifyElementVisibleKeyword.groovy:89)
	at com.kms.katalon.core.webui.keyword.builtin.VerifyElementVisibleKeyword$_verifyElementVisible_closure1.call(VerifyElementVisibleKeyword.groovy)
	at com.kms.katalon.core.webui.keyword.internal.WebUIKeywordMain.runKeyword(WebUIKeywordMain.groovy:35)
	at com.kms.katalon.core.webui.keyword.builtin.VerifyElementVisibleKeyword.verifyElementVisible(VerifyElementVisibleKeyword.groovy:97)
	at com.kms.katalon.core.webui.keyword.builtin.VerifyElementVisibleKeyword.execute(VerifyElementVisibleKeyword.groovy:67)
	at com.kms.katalon.core.keyword.internal.KeywordExecutor.executeKeywordForPlatform(KeywordExecutor.groovy:74)
	at com.kms.katalon.core.webui.keyword.WebUiBuiltInKeywords.verifyElementVisible(WebUiBuiltInKeywords.groovy:401)
	at com.kms.katalon.core.webui.keyword.WebUiBuiltInKeywords$verifyElementVisible$5.call(Unknown Source)
	at SPG - Can Not Create Notification Without Sent To.run(SPG - Can Not Create Notification Without Sent To:36)
	at com.kms.katalon.core.main.ScriptEngine.run(ScriptEngine.java:194)
	at com.kms.katalon.core.main.ScriptEngine.runScriptAsRawText(ScriptEngine.java:119)
	at com.kms.katalon.core.main.TestCaseExecutor.runScript(TestCaseExecutor.java:448)
	at com.kms.katalon.core.main.TestCaseExecutor.doExecute(TestCaseExecutor.java:439)
	at com.kms.katalon.core.main.TestCaseExecutor.processExecutionPhase(TestCaseExecutor.java:418)
	at com.kms.katalon.core.main.TestCaseExecutor.accessMainPhase(TestCaseExecutor.java:410)
	at com.kms.katalon.core.main.TestCaseExecutor.execute(TestCaseExecutor.java:285)
	at com.kms.katalon.core.common.CommonExecutor.accessTestCaseMainPhase(CommonExecutor.java:65)
	at com.kms.katalon.core.main.TestSuiteExecutor.accessTestSuiteMainPhase(TestSuiteExecutor.java:150)
	at com.kms.katalon.core.main.TestSuiteExecutor.execute(TestSuiteExecutor.java:106)
	at com.kms.katalon.core.main.TestCaseMain.startTestSuite(TestCaseMain.java:180)
	at com.kms.katalon.core.main.TestCaseMain$startTestSuite$0.call(Unknown Source)
	at TempTestSuite1761139089875.run(TempTestSuite1761139089875.groovy:35)
	at java.base/jdk.internal.reflect.NativeMethodAccessorImpl.invoke0(Native Method)
	at java.base/jdk.internal.reflect.NativeMethodAccessorImpl.invoke(NativeMethodAccessorImpl.java:77)
	at java.base/jdk.internal.reflect.DelegatingMethodAccessorImpl.invoke(DelegatingMethodAccessorImpl.java:43)
)

22-10-2025T10:22:59 - [MESSAGE][INFO] - Unable to find the element located by 'By.xpath: //*[@id="__BVID__10___BV_modal_footer_"]/button'. Please recheck the objects properties to make sure the desired element is located. 

22-10-2025T10:22:59 - [MESSAGE][WARNING] - [SELF-HEALING] Failed to find element with id 'Object Repository/TripFocus/Testing_Notification_btn'. Try using Self-healing.

22-10-2025T10:23:00 - [MESSAGE][INFO] - [SELF-HEALING] No working XPath is found.

22-10-2025T10:23:02 - [MESSAGE][INFO] - Unable to find the element located by 'By.xpath: '. Please recheck the objects properties to make sure the desired element is located. 

22-10-2025T10:23:02 - [MESSAGE][WARNING] - [SELF-HEALING] Cannot find elements when the selector is null

22-10-2025T10:23:02 - [MESSAGE][WARNING] - Web element with id: 'Object Repository/TripFocus/Testing_Notification_btn' located by '//*[@id="__BVID__10___BV_modal_footer_"]/button' not found (Root cause: com.kms.katalon.core.exception.StepFailedException: Web element with id: 'Object Repository/TripFocus/Testing_Notification_btn' located by '//*[@id="__BVID__10___BV_modal_footer_"]/button' not found
	at com.kms.katalon.core.webui.keyword.internal.WebUIKeywordMain.stepFailed(WebUIKeywordMain.groovy:117)
	at com.kms.katalon.core.webui.keyword.builtin.VerifyElementVisibleKeyword$_verifyElementVisible_closure1.doCall(VerifyElementVisibleKeyword.groovy:89)
	at com.kms.katalon.core.webui.keyword.builtin.VerifyElementVisibleKeyword$_verifyElementVisible_closure1.call(VerifyElementVisibleKeyword.groovy)
	at com.kms.katalon.core.webui.keyword.internal.WebUIKeywordMain.runKeyword(WebUIKeywordMain.groovy:35)
	at com.kms.katalon.core.webui.keyword.builtin.VerifyElementVisibleKeyword.verifyElementVisible(VerifyElementVisibleKeyword.groovy:97)
	at com.kms.katalon.core.webui.keyword.builtin.VerifyElementVisibleKeyword.execute(VerifyElementVisibleKeyword.groovy:67)
	at com.kms.katalon.core.keyword.internal.KeywordExecutor.executeKeywordForPlatform(KeywordExecutor.groovy:74)
	at com.kms.katalon.core.webui.keyword.WebUiBuiltInKeywords.verifyElementVisible(WebUiBuiltInKeywords.groovy:401)
	at com.kms.katalon.core.webui.keyword.WebUiBuiltInKeywords$verifyElementVisible$5.call(Unknown Source)
	at SPG - Can Not Create Notification Without Sent To.run(SPG - Can Not Create Notification Without Sent To:36)
	at com.kms.katalon.core.main.ScriptEngine.run(ScriptEngine.java:194)
	at com.kms.katalon.core.main.ScriptEngine.runScriptAsRawText(ScriptEngine.java:119)
	at com.kms.katalon.core.main.TestCaseExecutor.runScript(TestCaseExecutor.java:448)
	at com.kms.katalon.core.main.TestCaseExecutor.doExecute(TestCaseExecutor.java:439)
	at com.kms.katalon.core.main.TestCaseExecutor.processExecutionPhase(TestCaseExecutor.java:418)
	at com.kms.katalon.core.main.TestCaseExecutor.accessMainPhase(TestCaseExecutor.java:410)
	at com.kms.katalon.core.main.TestCaseExecutor.execute(TestCaseExecutor.java:285)
	at com.kms.katalon.core.common.CommonExecutor.accessTestCaseMainPhase(CommonExecutor.java:65)
	at com.kms.katalon.core.main.TestSuiteExecutor.accessTestSuiteMainPhase(TestSuiteExecutor.java:150)
	at com.kms.katalon.core.main.TestSuiteExecutor.execute(TestSuiteExecutor.java:106)
	at com.kms.katalon.core.main.TestCaseMain.startTestSuite(TestCaseMain.java:180)
	at com.kms.katalon.core.main.TestCaseMain$startTestSuite$0.call(Unknown Source)
	at TempTestSuite1761139089875.run(TempTestSuite1761139089875.groovy:35)
	at java.base/jdk.internal.reflect.NativeMethodAccessorImpl.invoke0(Native Method)
	at java.base/jdk.internal.reflect.NativeMethodAccessorImpl.invoke(NativeMethodAccessorImpl.java:77)
	at java.base/jdk.internal.reflect.DelegatingMethodAccessorImpl.invoke(DelegatingMethodAccessorImpl.java:43)
)

22-10-2025T10:23:02 - [TEST_STEP][PASSED] - click(findTestObject("Object Repository/TripFocus/Page_TripFocus/a_Notifications")): Object: 'Object Repository/TripFocus/Page_TripFocus/a_Notifications' is clicked on

22-10-2025T10:23:02 - [MESSAGE][PASSED] - Object: 'Object Repository/TripFocus/Page_TripFocus/a_Notifications' is clicked on

22-10-2025T10:23:02 - [TEST_STEP][PASSED] - delay(3): Delayed 3 second(s)

22-10-2025T10:23:05 - [MESSAGE][PASSED] - Delayed 3 second(s)

22-10-2025T10:23:05 - [TEST_STEP][PASSED] - click(findTestObject("Object Repository/TripFocus/Page_TripFocus/button_Add New Notification")): Object: 'Object Repository/TripFocus/Page_TripFocus/button_Add New Notification' is clicked on

22-10-2025T10:23:06 - [MESSAGE][PASSED] - Object: 'Object Repository/TripFocus/Page_TripFocus/button_Add New Notification' is clicked on

22-10-2025T10:23:06 - [TEST_STEP][PASSED] - delay(5): Delayed 5 second(s)

22-10-2025T10:23:11 - [MESSAGE][PASSED] - Delayed 5 second(s)

22-10-2025T10:23:11 - [TEST_STEP][PASSED] - click(findTestObject("TripFocus/Notifications/Delivery Site_dropdown")): Object: 'Object Repository/TripFocus/Notifications/Delivery Site_dropdown' is clicked on

22-10-2025T10:23:11 - [MESSAGE][PASSED] - Object: 'Object Repository/TripFocus/Notifications/Delivery Site_dropdown' is clicked on

22-10-2025T10:23:11 - [TEST_STEP][PASSED] - delay(2): Delayed 2 second(s)

22-10-2025T10:23:13 - [MESSAGE][PASSED] - Delayed 2 second(s)

22-10-2025T10:23:13 - [TEST_STEP][PASSED] - sendKeys(findTestObject("TripFocus/Notifications/Delivery Site_txt"), "EMERY OLEOCHEM"): Keys 'EMERY OLEOCHEM' sent to object: 'Object Repository/TripFocus/Notifications/Delivery Site_txt'

22-10-2025T10:23:13 - [MESSAGE][PASSED] - Keys 'EMERY OLEOCHEM' sent to object: 'Object Repository/TripFocus/Notifications/Delivery Site_txt'

22-10-2025T10:23:13 - [TEST_STEP][PASSED] - delay(2): Delayed 2 second(s)

22-10-2025T10:23:15 - [MESSAGE][PASSED] - Delayed 2 second(s)

22-10-2025T10:23:15 - [TEST_STEP][PASSED] - sendKeys(findTestObject("TripFocus/Notifications/Delivery Site_txt"), Keys.chord(ENTER)): Keys 'ENTER + ' sent to object: 'Object Repository/TripFocus/Notifications/Delivery Site_txt'

22-10-2025T10:23:15 - [MESSAGE][PASSED] - Keys 'ENTER + ' sent to object: 'Object Repository/TripFocus/Notifications/Delivery Site_txt'

22-10-2025T10:23:15 - [TEST_STEP][PASSED] - delay(2): Delayed 2 second(s)

22-10-2025T10:23:17 - [MESSAGE][PASSED] - Delayed 2 second(s)

22-10-2025T10:23:17 - [TEST_STEP][PASSED] - sendKeys(findTestObject("TripFocus/Notifications/Notification Events_txt"), "Order Undispatched"): Keys 'Order Undispatched' sent to object: 'Object Repository/TripFocus/Notifications/Notification Events_txt'

22-10-2025T10:23:17 - [MESSAGE][PASSED] - Keys 'Order Undispatched' sent to object: 'Object Repository/TripFocus/Notifications/Notification Events_txt'

22-10-2025T10:23:17 - [TEST_STEP][PASSED] - delay(2): Delayed 2 second(s)

22-10-2025T10:23:19 - [MESSAGE][PASSED] - Delayed 2 second(s)

22-10-2025T10:23:19 - [TEST_STEP][PASSED] - sendKeys(findTestObject("TripFocus/Notifications/Notification Events_txt"), Keys.chord(ENTER)): Keys 'ENTER + ' sent to object: 'Object Repository/TripFocus/Notifications/Notification Events_txt'

22-10-2025T10:23:19 - [MESSAGE][PASSED] - Keys 'ENTER + ' sent to object: 'Object Repository/TripFocus/Notifications/Notification Events_txt'

22-10-2025T10:23:19 - [TEST_STEP][PASSED] - delay(2): Delayed 2 second(s)

22-10-2025T10:23:21 - [MESSAGE][PASSED] - Delayed 2 second(s)

22-10-2025T10:23:21 - [TEST_STEP][PASSED] - click(findTestObject("TripFocus/Notifications/Send To_txt")): Object: 'Object Repository/TripFocus/Notifications/Send To_txt' is clicked on

22-10-2025T10:23:21 - [MESSAGE][PASSED] - Object: 'Object Repository/TripFocus/Notifications/Send To_txt' is clicked on

22-10-2025T10:23:21 - [TEST_STEP][PASSED] - delay(2): Delayed 2 second(s)

22-10-2025T10:23:23 - [MESSAGE][PASSED] - Delayed 2 second(s)

22-10-2025T10:23:23 - [TEST_STEP][PASSED] - click(findTestObject("TripFocus/Notifications/Save_btn")): Object: 'Object Repository/TripFocus/Notifications/Save_btn' is clicked on

22-10-2025T10:23:23 - [MESSAGE][PASSED] - Object: 'Object Repository/TripFocus/Notifications/Save_btn' is clicked on

22-10-2025T10:23:23 - [TEST_STEP][PASSED] - verifyTextPresent("Incorrect text structure for emails, please use the correct delimiters (',').", false): Text 'Incorrect text structure for emails, please use the correct delimiters (',').' is present on page 

22-10-2025T10:23:23 - [MESSAGE][PASSED] - Text 'Incorrect text structure for emails, please use the correct delimiters (',').' is present on page 

22-10-2025T10:23:23 - [TEST_STEP][PASSED] - Start listener action : retryOnDisconnect: null

22-10-2025T10:23:23 - [TEST_STEP][PASSED] - tcId = testCaseContext.getTestCaseId(): null

22-10-2025T10:23:23 - [TEST_STEP][PASSED] - currentRetry = retryCounts.getOrDefault(tcId, 0): null

22-10-2025T10:23:23 - [TEST_STEP][PASSED] - if (testCaseContext.getTestCaseStatus() == "FAILED" && currentRetry < MAX_RETRIES): null]]></system-out>
         <system-err><![CDATA[]]></system-err>
      </testcase>
      <testcase name="Test Cases/TripFocus/SPG/SPG - Notification/SPG - Create Notification" time="75.509" classname="Test Cases/TripFocus/SPG/SPG - Notification/SPG - Create Notification" status="PASSED">
         <system-out><![CDATA[22-10-2025T10:23:23 - [TEST_CASE][PASSED] - Test Cases/TripFocus/SPG/SPG - Notification/SPG - Create Notification: Test Cases/TripFocus/SPG/SPG - Notification/SPG - Create Notification

22-10-2025T10:23:23 - [TEST_STEP][PASSED] - Start listener action : beforeTestCase: null

22-10-2025T10:23:23 - [TEST_STEP][PASSED] - addDefaultPackages(): null

22-10-2025T10:23:23 - [TEST_STEP][PASSED] - openBrowser(""): Browser is opened with url: ''

22-10-2025T10:23:23 - [MESSAGE][WARNING] - A browser is already opened. Closing browser and opening a new one

22-10-2025T10:23:24 - [MESSAGE][INFO] - Starting 'Chrome' driver

22-10-2025T10:23:24 - [MESSAGE][INFO] - User set preference: ['args', '[--no-sandbox, --disable-gpu, --disable-dev-shm-usage]']

22-10-2025T10:23:24 - [MESSAGE][INFO] - Action delay is set to 0 milliseconds

22-10-2025T10:23:24 - [MESSAGE][PASSED] - Browser is opened with url: ''

22-10-2025T10:23:24 - [TEST_STEP][PASSED] - navigateToUrl(TFBaseURL): Navigate to 'https://www.qa.tripfocus.com' successfully

22-10-2025T10:23:25 - [MESSAGE][PASSED] - Navigate to 'https://www.qa.tripfocus.com' successfully

22-10-2025T10:23:25 - [TEST_STEP][PASSED] - click(findTestObject("Object Repository/TripFocus/Page_TripFocus/button_Sign in")): Object: 'Object Repository/TripFocus/Page_TripFocus/button_Sign in' is clicked on

22-10-2025T10:23:25 - [MESSAGE][PASSED] - Object: 'Object Repository/TripFocus/Page_TripFocus/button_Sign in' is clicked on

22-10-2025T10:23:25 - [TEST_STEP][PASSED] - setText(findTestObject("TripFocus/Username_txt"), TripFocusBleachTechSPGUsername): Text 'Ashford.Chenault+BleachtechCustomerSPGONLY@thekag.com' is set on object 'Object Repository/TripFocus/Username_txt'

22-10-2025T10:23:26 - [MESSAGE][PASSED] - Text 'Ashford.Chenault+BleachtechCustomerSPGONLY@thekag.com' is set on object 'Object Repository/TripFocus/Username_txt'

22-10-2025T10:23:26 - [TEST_STEP][PASSED] - setText(findTestObject("TripFocus/Password_txt"), TripFocusFDGSPGPassword): Text 'CrashBan911!!' is set on object 'Object Repository/TripFocus/Password_txt'

22-10-2025T10:23:26 - [MESSAGE][PASSED] - Text 'CrashBan911!!' is set on object 'Object Repository/TripFocus/Password_txt'

22-10-2025T10:23:26 - [TEST_STEP][PASSED] - maximizeWindow(): Current window maximized

22-10-2025T10:23:26 - [MESSAGE][PASSED] - Current window maximized

22-10-2025T10:23:26 - [TEST_STEP][PASSED] - click(findTestObject("FIM/Login_btn")): Object: 'Object Repository/FIM/Login_btn' is clicked on

22-10-2025T10:23:27 - [MESSAGE][PASSED] - Object: 'Object Repository/FIM/Login_btn' is clicked on

22-10-2025T10:23:27 - [TEST_STEP][PASSED] - waitForElementVisible(findTestObject("TripFocus/Testing_Notification_btn"), 15, OPTIONAL): Web element with id: 'Object Repository/TripFocus/Testing_Notification_btn' located by '//*[@id="__BVID__10___BV_modal_footer_"]/button' not found

22-10-2025T10:23:43 - [MESSAGE][INFO] - Unable to find the element located by 'By.xpath: //*[@id="__BVID__10___BV_modal_footer_"]/button'. Please recheck the objects properties to make sure the desired element is located. 

22-10-2025T10:23:43 - [MESSAGE][WARNING] - [SELF-HEALING] Failed to find element with id 'Object Repository/TripFocus/Testing_Notification_btn'. Try using Self-healing.

22-10-2025T10:23:44 - [MESSAGE][INFO] - [SELF-HEALING] No working XPath is found.

22-10-2025T10:23:46 - [MESSAGE][INFO] - Unable to find the element located by 'By.xpath: '. Please recheck the objects properties to make sure the desired element is located. 

22-10-2025T10:23:46 - [MESSAGE][WARNING] - [SELF-HEALING] Cannot find elements when the selector is null

22-10-2025T10:23:46 - [MESSAGE][WARNING] - Web element with id: 'Object Repository/TripFocus/Testing_Notification_btn' located by '//*[@id="__BVID__10___BV_modal_footer_"]/button' not found

22-10-2025T10:23:46 - [TEST_STEP][PASSED] - if (verifyElementVisible(findTestObject("TripFocus/Testing_Notification_btn"), OPTIONAL) == true): Web element with id: 'Object Repository/TripFocus/Testing_Notification_btn' located by '//*[@id="__BVID__10___BV_modal_footer_"]/button' not found (Root cause: com.kms.katalon.core.exception.StepFailedException: Web element with id: 'Object Repository/TripFocus/Testing_Notification_btn' located by '//*[@id="__BVID__10___BV_modal_footer_"]/button' not found
	at com.kms.katalon.core.webui.keyword.internal.WebUIKeywordMain.stepFailed(WebUIKeywordMain.groovy:117)
	at com.kms.katalon.core.webui.keyword.builtin.VerifyElementVisibleKeyword$_verifyElementVisible_closure1.doCall(VerifyElementVisibleKeyword.groovy:89)
	at com.kms.katalon.core.webui.keyword.builtin.VerifyElementVisibleKeyword$_verifyElementVisible_closure1.call(VerifyElementVisibleKeyword.groovy)
	at com.kms.katalon.core.webui.keyword.internal.WebUIKeywordMain.runKeyword(WebUIKeywordMain.groovy:35)
	at com.kms.katalon.core.webui.keyword.builtin.VerifyElementVisibleKeyword.verifyElementVisible(VerifyElementVisibleKeyword.groovy:97)
	at com.kms.katalon.core.webui.keyword.builtin.VerifyElementVisibleKeyword.execute(VerifyElementVisibleKeyword.groovy:67)
	at com.kms.katalon.core.keyword.internal.KeywordExecutor.executeKeywordForPlatform(KeywordExecutor.groovy:74)
	at com.kms.katalon.core.webui.keyword.WebUiBuiltInKeywords.verifyElementVisible(WebUiBuiltInKeywords.groovy:401)
	at com.kms.katalon.core.webui.keyword.WebUiBuiltInKeywords$verifyElementVisible$5.call(Unknown Source)
	at SPG - Create Notification.run(SPG - Create Notification:37)
	at com.kms.katalon.core.main.ScriptEngine.run(ScriptEngine.java:194)
	at com.kms.katalon.core.main.ScriptEngine.runScriptAsRawText(ScriptEngine.java:119)
	at com.kms.katalon.core.main.TestCaseExecutor.runScript(TestCaseExecutor.java:448)
	at com.kms.katalon.core.main.TestCaseExecutor.doExecute(TestCaseExecutor.java:439)
	at com.kms.katalon.core.main.TestCaseExecutor.processExecutionPhase(TestCaseExecutor.java:418)
	at com.kms.katalon.core.main.TestCaseExecutor.accessMainPhase(TestCaseExecutor.java:410)
	at com.kms.katalon.core.main.TestCaseExecutor.execute(TestCaseExecutor.java:285)
	at com.kms.katalon.core.common.CommonExecutor.accessTestCaseMainPhase(CommonExecutor.java:65)
	at com.kms.katalon.core.main.TestSuiteExecutor.accessTestSuiteMainPhase(TestSuiteExecutor.java:150)
	at com.kms.katalon.core.main.TestSuiteExecutor.execute(TestSuiteExecutor.java:106)
	at com.kms.katalon.core.main.TestCaseMain.startTestSuite(TestCaseMain.java:180)
	at com.kms.katalon.core.main.TestCaseMain$startTestSuite$0.call(Unknown Source)
	at TempTestSuite1761139089875.run(TempTestSuite1761139089875.groovy:35)
	at java.base/jdk.internal.reflect.NativeMethodAccessorImpl.invoke0(Native Method)
	at java.base/jdk.internal.reflect.NativeMethodAccessorImpl.invoke(NativeMethodAccessorImpl.java:77)
	at java.base/jdk.internal.reflect.DelegatingMethodAccessorImpl.invoke(DelegatingMethodAccessorImpl.java:43)
)

22-10-2025T10:24:02 - [MESSAGE][INFO] - Unable to find the element located by 'By.xpath: //*[@id="__BVID__10___BV_modal_footer_"]/button'. Please recheck the objects properties to make sure the desired element is located. 

22-10-2025T10:24:02 - [MESSAGE][WARNING] - [SELF-HEALING] Failed to find element with id 'Object Repository/TripFocus/Testing_Notification_btn'. Try using Self-healing.

22-10-2025T10:24:03 - [MESSAGE][INFO] - [SELF-HEALING] No working XPath is found.

22-10-2025T10:24:05 - [MESSAGE][INFO] - Unable to find the element located by 'By.xpath: '. Please recheck the objects properties to make sure the desired element is located. 

22-10-2025T10:24:05 - [MESSAGE][WARNING] - [SELF-HEALING] Cannot find elements when the selector is null

22-10-2025T10:24:05 - [MESSAGE][WARNING] - Web element with id: 'Object Repository/TripFocus/Testing_Notification_btn' located by '//*[@id="__BVID__10___BV_modal_footer_"]/button' not found (Root cause: com.kms.katalon.core.exception.StepFailedException: Web element with id: 'Object Repository/TripFocus/Testing_Notification_btn' located by '//*[@id="__BVID__10___BV_modal_footer_"]/button' not found
	at com.kms.katalon.core.webui.keyword.internal.WebUIKeywordMain.stepFailed(WebUIKeywordMain.groovy:117)
	at com.kms.katalon.core.webui.keyword.builtin.VerifyElementVisibleKeyword$_verifyElementVisible_closure1.doCall(VerifyElementVisibleKeyword.groovy:89)
	at com.kms.katalon.core.webui.keyword.builtin.VerifyElementVisibleKeyword$_verifyElementVisible_closure1.call(VerifyElementVisibleKeyword.groovy)
	at com.kms.katalon.core.webui.keyword.internal.WebUIKeywordMain.runKeyword(WebUIKeywordMain.groovy:35)
	at com.kms.katalon.core.webui.keyword.builtin.VerifyElementVisibleKeyword.verifyElementVisible(VerifyElementVisibleKeyword.groovy:97)
	at com.kms.katalon.core.webui.keyword.builtin.VerifyElementVisibleKeyword.execute(VerifyElementVisibleKeyword.groovy:67)
	at com.kms.katalon.core.keyword.internal.KeywordExecutor.executeKeywordForPlatform(KeywordExecutor.groovy:74)
	at com.kms.katalon.core.webui.keyword.WebUiBuiltInKeywords.verifyElementVisible(WebUiBuiltInKeywords.groovy:401)
	at com.kms.katalon.core.webui.keyword.WebUiBuiltInKeywords$verifyElementVisible$5.call(Unknown Source)
	at SPG - Create Notification.run(SPG - Create Notification:37)
	at com.kms.katalon.core.main.ScriptEngine.run(ScriptEngine.java:194)
	at com.kms.katalon.core.main.ScriptEngine.runScriptAsRawText(ScriptEngine.java:119)
	at com.kms.katalon.core.main.TestCaseExecutor.runScript(TestCaseExecutor.java:448)
	at com.kms.katalon.core.main.TestCaseExecutor.doExecute(TestCaseExecutor.java:439)
	at com.kms.katalon.core.main.TestCaseExecutor.processExecutionPhase(TestCaseExecutor.java:418)
	at com.kms.katalon.core.main.TestCaseExecutor.accessMainPhase(TestCaseExecutor.java:410)
	at com.kms.katalon.core.main.TestCaseExecutor.execute(TestCaseExecutor.java:285)
	at com.kms.katalon.core.common.CommonExecutor.accessTestCaseMainPhase(CommonExecutor.java:65)
	at com.kms.katalon.core.main.TestSuiteExecutor.accessTestSuiteMainPhase(TestSuiteExecutor.java:150)
	at com.kms.katalon.core.main.TestSuiteExecutor.execute(TestSuiteExecutor.java:106)
	at com.kms.katalon.core.main.TestCaseMain.startTestSuite(TestCaseMain.java:180)
	at com.kms.katalon.core.main.TestCaseMain$startTestSuite$0.call(Unknown Source)
	at TempTestSuite1761139089875.run(TempTestSuite1761139089875.groovy:35)
	at java.base/jdk.internal.reflect.NativeMethodAccessorImpl.invoke0(Native Method)
	at java.base/jdk.internal.reflect.NativeMethodAccessorImpl.invoke(NativeMethodAccessorImpl.java:77)
	at java.base/jdk.internal.reflect.DelegatingMethodAccessorImpl.invoke(DelegatingMethodAccessorImpl.java:43)
)

22-10-2025T10:24:05 - [TEST_STEP][PASSED] - click(findTestObject("Object Repository/TripFocus/Page_TripFocus/a_Notifications")): Object: 'Object Repository/TripFocus/Page_TripFocus/a_Notifications' is clicked on

22-10-2025T10:24:05 - [MESSAGE][PASSED] - Object: 'Object Repository/TripFocus/Page_TripFocus/a_Notifications' is clicked on

22-10-2025T10:24:05 - [TEST_STEP][PASSED] - delay(4): Delayed 4 second(s)

22-10-2025T10:24:09 - [MESSAGE][PASSED] - Delayed 4 second(s)

22-10-2025T10:24:09 - [TEST_STEP][PASSED] - click(findTestObject("Object Repository/TripFocus/Page_TripFocus/button_Add New Notification")): Object: 'Object Repository/TripFocus/Page_TripFocus/button_Add New Notification' is clicked on

22-10-2025T10:24:09 - [MESSAGE][PASSED] - Object: 'Object Repository/TripFocus/Page_TripFocus/button_Add New Notification' is clicked on

22-10-2025T10:24:09 - [TEST_STEP][PASSED] - delay(10): Delayed 10 second(s)

22-10-2025T10:24:19 - [MESSAGE][PASSED] - Delayed 10 second(s)

22-10-2025T10:24:19 - [TEST_STEP][PASSED] - click(findTestObject("TripFocus/Notifications/Delivery Site_dropdown")): Object: 'Object Repository/TripFocus/Notifications/Delivery Site_dropdown' is clicked on

22-10-2025T10:24:19 - [MESSAGE][PASSED] - Object: 'Object Repository/TripFocus/Notifications/Delivery Site_dropdown' is clicked on

22-10-2025T10:24:19 - [TEST_STEP][PASSED] - delay(2): Delayed 2 second(s)

22-10-2025T10:24:21 - [MESSAGE][PASSED] - Delayed 2 second(s)

22-10-2025T10:24:21 - [TEST_STEP][PASSED] - sendKeys(findTestObject("TripFocus/Notifications/Delivery Site_txt"), "ALCOSAN"): Keys 'ALCOSAN' sent to object: 'Object Repository/TripFocus/Notifications/Delivery Site_txt'

22-10-2025T10:24:21 - [MESSAGE][PASSED] - Keys 'ALCOSAN' sent to object: 'Object Repository/TripFocus/Notifications/Delivery Site_txt'

22-10-2025T10:24:21 - [TEST_STEP][PASSED] - delay(2): Delayed 2 second(s)

22-10-2025T10:24:23 - [MESSAGE][PASSED] - Delayed 2 second(s)

22-10-2025T10:24:23 - [TEST_STEP][PASSED] - sendKeys(findTestObject("TripFocus/Notifications/Delivery Site_txt"), Keys.chord(ENTER)): Keys 'ENTER + ' sent to object: 'Object Repository/TripFocus/Notifications/Delivery Site_txt'

22-10-2025T10:24:24 - [MESSAGE][PASSED] - Keys 'ENTER + ' sent to object: 'Object Repository/TripFocus/Notifications/Delivery Site_txt'

22-10-2025T10:24:24 - [TEST_STEP][PASSED] - delay(2): Delayed 2 second(s)

22-10-2025T10:24:26 - [MESSAGE][PASSED] - Delayed 2 second(s)

22-10-2025T10:24:26 - [TEST_STEP][PASSED] - click(findTestObject("TripFocus/Notifications/Add Notification_lbl")): Object: 'Object Repository/TripFocus/Notifications/Add Notification_lbl' is clicked on

22-10-2025T10:24:26 - [MESSAGE][PASSED] - Object: 'Object Repository/TripFocus/Notifications/Add Notification_lbl' is clicked on

22-10-2025T10:24:26 - [TEST_STEP][PASSED] - delay(2): Delayed 2 second(s)

22-10-2025T10:24:28 - [MESSAGE][PASSED] - Delayed 2 second(s)

22-10-2025T10:24:28 - [TEST_STEP][PASSED] - setText(findTestObject("TripFocus/Notifications/Send To_txt"), "bhargavijspr@gmail.com"): Text 'bhargavijspr@gmail.com' is set on object 'Object Repository/TripFocus/Notifications/Send To_txt'

22-10-2025T10:24:28 - [MESSAGE][PASSED] - Text 'bhargavijspr@gmail.com' is set on object 'Object Repository/TripFocus/Notifications/Send To_txt'

22-10-2025T10:24:28 - [TEST_STEP][PASSED] - delay(2): Delayed 2 second(s)

22-10-2025T10:24:30 - [MESSAGE][PASSED] - Delayed 2 second(s)

22-10-2025T10:24:30 - [TEST_STEP][PASSED] - sendKeys(findTestObject("TripFocus/Notifications/Notification Events_txt"), "Order Undispatched"): Keys 'Order Undispatched' sent to object: 'Object Repository/TripFocus/Notifications/Notification Events_txt'

22-10-2025T10:24:30 - [MESSAGE][PASSED] - Keys 'Order Undispatched' sent to object: 'Object Repository/TripFocus/Notifications/Notification Events_txt'

22-10-2025T10:24:30 - [TEST_STEP][PASSED] - delay(2): Delayed 2 second(s)

22-10-2025T10:24:32 - [MESSAGE][PASSED] - Delayed 2 second(s)

22-10-2025T10:24:32 - [TEST_STEP][PASSED] - sendKeys(findTestObject("TripFocus/Notifications/Notification Events_txt"), Keys.chord(ENTER)): Keys 'ENTER + ' sent to object: 'Object Repository/TripFocus/Notifications/Notification Events_txt'

22-10-2025T10:24:32 - [MESSAGE][PASSED] - Keys 'ENTER + ' sent to object: 'Object Repository/TripFocus/Notifications/Notification Events_txt'

22-10-2025T10:24:32 - [TEST_STEP][PASSED] - delay(2): Delayed 2 second(s)

22-10-2025T10:24:34 - [MESSAGE][PASSED] - Delayed 2 second(s)

22-10-2025T10:24:34 - [TEST_STEP][PASSED] - click(findTestObject("TripFocus/Notifications/Send To_txt")): Object: 'Object Repository/TripFocus/Notifications/Send To_txt' is clicked on

22-10-2025T10:24:34 - [MESSAGE][PASSED] - Object: 'Object Repository/TripFocus/Notifications/Send To_txt' is clicked on

22-10-2025T10:24:34 - [TEST_STEP][PASSED] - delay(2): Delayed 2 second(s)

22-10-2025T10:24:36 - [MESSAGE][PASSED] - Delayed 2 second(s)

22-10-2025T10:24:36 - [TEST_STEP][PASSED] - click(findTestObject("TripFocus/Notifications/Save_btn")): Object: 'Object Repository/TripFocus/Notifications/Save_btn' is clicked on

22-10-2025T10:24:37 - [MESSAGE][PASSED] - Object: 'Object Repository/TripFocus/Notifications/Save_btn' is clicked on

22-10-2025T10:24:37 - [TEST_STEP][PASSED] - delay(2): Delayed 2 second(s)

22-10-2025T10:24:39 - [MESSAGE][PASSED] - Delayed 2 second(s)

22-10-2025T10:24:39 - [TEST_STEP][PASSED] - verifyTextNotPresent("Delivery site is required.", false): Text 'Delivery site is required.' is not present on page

22-10-2025T10:24:39 - [MESSAGE][PASSED] - Text 'Delivery site is required.' is not present on page

22-10-2025T10:24:39 - [TEST_STEP][PASSED] - verifyTextNotPresent("Minimum of 1 event type is required.", false): Text 'Minimum of 1 event type is required.' is not present on page

22-10-2025T10:24:39 - [MESSAGE][PASSED] - Text 'Minimum of 1 event type is required.' is not present on page

22-10-2025T10:24:39 - [TEST_STEP][PASSED] - verifyTextNotPresent("Incorrect text structure for emails, please use the correct delimiters (',').", false): Text 'Incorrect text structure for emails, please use the correct delimiters (',').' is not present on page

22-10-2025T10:24:39 - [MESSAGE][PASSED] - Text 'Incorrect text structure for emails, please use the correct delimiters (',').' is not present on page

22-10-2025T10:24:39 - [TEST_STEP][PASSED] - Start listener action : retryOnDisconnect: null

22-10-2025T10:24:39 - [TEST_STEP][PASSED] - tcId = testCaseContext.getTestCaseId(): null

22-10-2025T10:24:39 - [TEST_STEP][PASSED] - currentRetry = retryCounts.getOrDefault(tcId, 0): null

22-10-2025T10:24:39 - [TEST_STEP][PASSED] - if (testCaseContext.getTestCaseStatus() == "FAILED" && currentRetry < MAX_RETRIES): null]]></system-out>
         <system-err><![CDATA[]]></system-err>
      </testcase>
      <testcase name="Test Cases/TripFocus/SPG/SPG - Notification/SPG - Delete Notification" time="61.469" classname="Test Cases/TripFocus/SPG/SPG - Notification/SPG - Delete Notification" status="PASSED">
         <system-out><![CDATA[22-10-2025T10:24:39 - [TEST_CASE][PASSED] - Test Cases/TripFocus/SPG/SPG - Notification/SPG - Delete Notification: Test Cases/TripFocus/SPG/SPG - Notification/SPG - Delete Notification

22-10-2025T10:24:39 - [TEST_STEP][PASSED] - Start listener action : beforeTestCase: null

22-10-2025T10:24:39 - [TEST_STEP][PASSED] - addDefaultPackages(): null

22-10-2025T10:24:39 - [TEST_STEP][PASSED] - openBrowser(""): Browser is opened with url: ''

22-10-2025T10:24:39 - [MESSAGE][WARNING] - A browser is already opened. Closing browser and opening a new one

22-10-2025T10:24:39 - [MESSAGE][INFO] - Starting 'Chrome' driver

22-10-2025T10:24:39 - [MESSAGE][INFO] - User set preference: ['args', '[--no-sandbox, --disable-gpu, --disable-dev-shm-usage]']

22-10-2025T10:24:39 - [MESSAGE][INFO] - Action delay is set to 0 milliseconds

22-10-2025T10:24:40 - [MESSAGE][PASSED] - Browser is opened with url: ''

22-10-2025T10:24:40 - [TEST_STEP][PASSED] - navigateToUrl(TFBaseURL): Navigate to 'https://www.qa.tripfocus.com' successfully

22-10-2025T10:24:40 - [MESSAGE][PASSED] - Navigate to 'https://www.qa.tripfocus.com' successfully

22-10-2025T10:24:40 - [TEST_STEP][PASSED] - click(findTestObject("Object Repository/TripFocus/Page_TripFocus/button_Sign in")): Object: 'Object Repository/TripFocus/Page_TripFocus/button_Sign in' is clicked on

22-10-2025T10:24:40 - [MESSAGE][PASSED] - Object: 'Object Repository/TripFocus/Page_TripFocus/button_Sign in' is clicked on

22-10-2025T10:24:40 - [TEST_STEP][PASSED] - maximizeWindow(): Current window maximized

22-10-2025T10:24:41 - [MESSAGE][PASSED] - Current window maximized

22-10-2025T10:24:41 - [TEST_STEP][PASSED] - setText(findTestObject("TripFocus/Username_txt"), TripFocusBleachTechSPGUsername): Text 'Ashford.Chenault+BleachtechCustomerSPGONLY@thekag.com' is set on object 'Object Repository/TripFocus/Username_txt'

22-10-2025T10:24:41 - [MESSAGE][PASSED] - Text 'Ashford.Chenault+BleachtechCustomerSPGONLY@thekag.com' is set on object 'Object Repository/TripFocus/Username_txt'

22-10-2025T10:24:41 - [TEST_STEP][PASSED] - setText(findTestObject("TripFocus/Password_txt"), TripFocusFDGSPGPassword): Text 'CrashBan911!!' is set on object 'Object Repository/TripFocus/Password_txt'

22-10-2025T10:24:41 - [MESSAGE][PASSED] - Text 'CrashBan911!!' is set on object 'Object Repository/TripFocus/Password_txt'

22-10-2025T10:24:41 - [TEST_STEP][PASSED] - delay(1): Delayed 1 second(s)

22-10-2025T10:24:42 - [MESSAGE][PASSED] - Delayed 1 second(s)

22-10-2025T10:24:42 - [TEST_STEP][PASSED] - click(findTestObject("FIM/Login_btn")): Object: 'Object Repository/FIM/Login_btn' is clicked on

22-10-2025T10:24:43 - [MESSAGE][PASSED] - Object: 'Object Repository/FIM/Login_btn' is clicked on

22-10-2025T10:24:43 - [TEST_STEP][PASSED] - waitForElementVisible(findTestObject("TripFocus/Testing_Notification_btn"), 15, OPTIONAL): Web element with id: 'Object Repository/TripFocus/Testing_Notification_btn' located by '//*[@id="__BVID__10___BV_modal_footer_"]/button' not found

22-10-2025T10:24:59 - [MESSAGE][INFO] - Unable to find the element located by 'By.xpath: //*[@id="__BVID__10___BV_modal_footer_"]/button'. Please recheck the objects properties to make sure the desired element is located. 

22-10-2025T10:24:59 - [MESSAGE][WARNING] - [SELF-HEALING] Failed to find element with id 'Object Repository/TripFocus/Testing_Notification_btn'. Try using Self-healing.

22-10-2025T10:25:00 - [MESSAGE][INFO] - [SELF-HEALING] No working XPath is found.

22-10-2025T10:25:02 - [MESSAGE][INFO] - Unable to find the element located by 'By.xpath: '. Please recheck the objects properties to make sure the desired element is located. 

22-10-2025T10:25:02 - [MESSAGE][WARNING] - [SELF-HEALING] Cannot find elements when the selector is null

22-10-2025T10:25:02 - [MESSAGE][WARNING] - Web element with id: 'Object Repository/TripFocus/Testing_Notification_btn' located by '//*[@id="__BVID__10___BV_modal_footer_"]/button' not found

22-10-2025T10:25:02 - [TEST_STEP][PASSED] - if (verifyElementVisible(findTestObject("TripFocus/Testing_Notification_btn"), OPTIONAL) == true): Web element with id: 'Object Repository/TripFocus/Testing_Notification_btn' located by '//*[@id="__BVID__10___BV_modal_footer_"]/button' not found (Root cause: com.kms.katalon.core.exception.StepFailedException: Web element with id: 'Object Repository/TripFocus/Testing_Notification_btn' located by '//*[@id="__BVID__10___BV_modal_footer_"]/button' not found
	at com.kms.katalon.core.webui.keyword.internal.WebUIKeywordMain.stepFailed(WebUIKeywordMain.groovy:117)
	at com.kms.katalon.core.webui.keyword.builtin.VerifyElementVisibleKeyword$_verifyElementVisible_closure1.doCall(VerifyElementVisibleKeyword.groovy:89)
	at com.kms.katalon.core.webui.keyword.builtin.VerifyElementVisibleKeyword$_verifyElementVisible_closure1.call(VerifyElementVisibleKeyword.groovy)
	at com.kms.katalon.core.webui.keyword.internal.WebUIKeywordMain.runKeyword(WebUIKeywordMain.groovy:35)
	at com.kms.katalon.core.webui.keyword.builtin.VerifyElementVisibleKeyword.verifyElementVisible(VerifyElementVisibleKeyword.groovy:97)
	at com.kms.katalon.core.webui.keyword.builtin.VerifyElementVisibleKeyword.execute(VerifyElementVisibleKeyword.groovy:67)
	at com.kms.katalon.core.keyword.internal.KeywordExecutor.executeKeywordForPlatform(KeywordExecutor.groovy:74)
	at com.kms.katalon.core.webui.keyword.WebUiBuiltInKeywords.verifyElementVisible(WebUiBuiltInKeywords.groovy:401)
	at com.kms.katalon.core.webui.keyword.WebUiBuiltInKeywords$verifyElementVisible$5.call(Unknown Source)
	at SPG - Delete Notification.run(SPG - Delete Notification:39)
	at com.kms.katalon.core.main.ScriptEngine.run(ScriptEngine.java:194)
	at com.kms.katalon.core.main.ScriptEngine.runScriptAsRawText(ScriptEngine.java:119)
	at com.kms.katalon.core.main.TestCaseExecutor.runScript(TestCaseExecutor.java:448)
	at com.kms.katalon.core.main.TestCaseExecutor.doExecute(TestCaseExecutor.java:439)
	at com.kms.katalon.core.main.TestCaseExecutor.processExecutionPhase(TestCaseExecutor.java:418)
	at com.kms.katalon.core.main.TestCaseExecutor.accessMainPhase(TestCaseExecutor.java:410)
	at com.kms.katalon.core.main.TestCaseExecutor.execute(TestCaseExecutor.java:285)
	at com.kms.katalon.core.common.CommonExecutor.accessTestCaseMainPhase(CommonExecutor.java:65)
	at com.kms.katalon.core.main.TestSuiteExecutor.accessTestSuiteMainPhase(TestSuiteExecutor.java:150)
	at com.kms.katalon.core.main.TestSuiteExecutor.execute(TestSuiteExecutor.java:106)
	at com.kms.katalon.core.main.TestCaseMain.startTestSuite(TestCaseMain.java:180)
	at com.kms.katalon.core.main.TestCaseMain$startTestSuite$0.call(Unknown Source)
	at TempTestSuite1761139089875.run(TempTestSuite1761139089875.groovy:35)
	at java.base/jdk.internal.reflect.NativeMethodAccessorImpl.invoke0(Native Method)
	at java.base/jdk.internal.reflect.NativeMethodAccessorImpl.invoke(NativeMethodAccessorImpl.java:77)
	at java.base/jdk.internal.reflect.DelegatingMethodAccessorImpl.invoke(DelegatingMethodAccessorImpl.java:43)
)

22-10-2025T10:25:18 - [MESSAGE][INFO] - Unable to find the element located by 'By.xpath: //*[@id="__BVID__10___BV_modal_footer_"]/button'. Please recheck the objects properties to make sure the desired element is located. 

22-10-2025T10:25:18 - [MESSAGE][WARNING] - [SELF-HEALING] Failed to find element with id 'Object Repository/TripFocus/Testing_Notification_btn'. Try using Self-healing.

22-10-2025T10:25:19 - [MESSAGE][INFO] - [SELF-HEALING] No working XPath is found.

22-10-2025T10:25:21 - [MESSAGE][INFO] - Unable to find the element located by 'By.xpath: '. Please recheck the objects properties to make sure the desired element is located. 

22-10-2025T10:25:21 - [MESSAGE][WARNING] - [SELF-HEALING] Cannot find elements when the selector is null

22-10-2025T10:25:21 - [MESSAGE][WARNING] - Web element with id: 'Object Repository/TripFocus/Testing_Notification_btn' located by '//*[@id="__BVID__10___BV_modal_footer_"]/button' not found (Root cause: com.kms.katalon.core.exception.StepFailedException: Web element with id: 'Object Repository/TripFocus/Testing_Notification_btn' located by '//*[@id="__BVID__10___BV_modal_footer_"]/button' not found
	at com.kms.katalon.core.webui.keyword.internal.WebUIKeywordMain.stepFailed(WebUIKeywordMain.groovy:117)
	at com.kms.katalon.core.webui.keyword.builtin.VerifyElementVisibleKeyword$_verifyElementVisible_closure1.doCall(VerifyElementVisibleKeyword.groovy:89)
	at com.kms.katalon.core.webui.keyword.builtin.VerifyElementVisibleKeyword$_verifyElementVisible_closure1.call(VerifyElementVisibleKeyword.groovy)
	at com.kms.katalon.core.webui.keyword.internal.WebUIKeywordMain.runKeyword(WebUIKeywordMain.groovy:35)
	at com.kms.katalon.core.webui.keyword.builtin.VerifyElementVisibleKeyword.verifyElementVisible(VerifyElementVisibleKeyword.groovy:97)
	at com.kms.katalon.core.webui.keyword.builtin.VerifyElementVisibleKeyword.execute(VerifyElementVisibleKeyword.groovy:67)
	at com.kms.katalon.core.keyword.internal.KeywordExecutor.executeKeywordForPlatform(KeywordExecutor.groovy:74)
	at com.kms.katalon.core.webui.keyword.WebUiBuiltInKeywords.verifyElementVisible(WebUiBuiltInKeywords.groovy:401)
	at com.kms.katalon.core.webui.keyword.WebUiBuiltInKeywords$verifyElementVisible$5.call(Unknown Source)
	at SPG - Delete Notification.run(SPG - Delete Notification:39)
	at com.kms.katalon.core.main.ScriptEngine.run(ScriptEngine.java:194)
	at com.kms.katalon.core.main.ScriptEngine.runScriptAsRawText(ScriptEngine.java:119)
	at com.kms.katalon.core.main.TestCaseExecutor.runScript(TestCaseExecutor.java:448)
	at com.kms.katalon.core.main.TestCaseExecutor.doExecute(TestCaseExecutor.java:439)
	at com.kms.katalon.core.main.TestCaseExecutor.processExecutionPhase(TestCaseExecutor.java:418)
	at com.kms.katalon.core.main.TestCaseExecutor.accessMainPhase(TestCaseExecutor.java:410)
	at com.kms.katalon.core.main.TestCaseExecutor.execute(TestCaseExecutor.java:285)
	at com.kms.katalon.core.common.CommonExecutor.accessTestCaseMainPhase(CommonExecutor.java:65)
	at com.kms.katalon.core.main.TestSuiteExecutor.accessTestSuiteMainPhase(TestSuiteExecutor.java:150)
	at com.kms.katalon.core.main.TestSuiteExecutor.execute(TestSuiteExecutor.java:106)
	at com.kms.katalon.core.main.TestCaseMain.startTestSuite(TestCaseMain.java:180)
	at com.kms.katalon.core.main.TestCaseMain$startTestSuite$0.call(Unknown Source)
	at TempTestSuite1761139089875.run(TempTestSuite1761139089875.groovy:35)
	at java.base/jdk.internal.reflect.NativeMethodAccessorImpl.invoke0(Native Method)
	at java.base/jdk.internal.reflect.NativeMethodAccessorImpl.invoke(NativeMethodAccessorImpl.java:77)
	at java.base/jdk.internal.reflect.DelegatingMethodAccessorImpl.invoke(DelegatingMethodAccessorImpl.java:43)
)

22-10-2025T10:25:21 - [TEST_STEP][PASSED] - delay(5): Delayed 5 second(s)

22-10-2025T10:25:26 - [MESSAGE][PASSED] - Delayed 5 second(s)

22-10-2025T10:25:26 - [TEST_STEP][PASSED] - click(findTestObject("TripFocus/Notifications/Notifications Tab")): Object: 'Object Repository/TripFocus/Notifications/Notifications Tab' is clicked on

22-10-2025T10:25:26 - [MESSAGE][PASSED] - Object: 'Object Repository/TripFocus/Notifications/Notifications Tab' is clicked on

22-10-2025T10:25:26 - [TEST_STEP][PASSED] - delay(3): Delayed 3 second(s)

22-10-2025T10:25:29 - [MESSAGE][PASSED] - Delayed 3 second(s)

22-10-2025T10:25:29 - [TEST_STEP][PASSED] - if (verifyElementPresent(findTestObject("TripFocus/Notifications/Notification Delete_btn"), 10, OPTIONAL) == true): com.kms.katalon.core.webui.exception.WebElementNotFoundException: Web element with id: 'Object Repository/TripFocus/Notifications/Notification Delete_btn' located by '//button[normalize-space(text())='Delete']' not found (Root cause: com.kms.katalon.core.exception.StepFailedException: com.kms.katalon.core.webui.exception.WebElementNotFoundException: Web element with id: 'Object Repository/TripFocus/Notifications/Notification Delete_btn' located by '//button[normalize-space(text())='Delete']' not found
	at com.kms.katalon.core.webui.keyword.internal.WebUIKeywordMain.stepFailed(WebUIKeywordMain.groovy:117)
	at com.kms.katalon.core.webui.keyword.builtin.VerifyElementPresentKeyword$_verifyElementPresent_closure1.doCall(VerifyElementPresentKeyword.groovy:85)
	at com.kms.katalon.core.webui.keyword.builtin.VerifyElementPresentKeyword$_verifyElementPresent_closure1.call(VerifyElementPresentKeyword.groovy)
	at com.kms.katalon.core.webui.keyword.internal.WebUIKeywordMain.runKeyword(WebUIKeywordMain.groovy:35)
	at com.kms.katalon.core.webui.keyword.builtin.VerifyElementPresentKeyword.verifyElementPresent(VerifyElementPresentKeyword.groovy:92)
	at com.kms.katalon.core.webui.keyword.builtin.VerifyElementPresentKeyword.execute(VerifyElementPresentKeyword.groovy:68)
	at com.kms.katalon.core.keyword.internal.KeywordExecutor.executeKeywordForPlatform(KeywordExecutor.groovy:74)
	at com.kms.katalon.core.webui.keyword.WebUiBuiltInKeywords.verifyElementPresent(WebUiBuiltInKeywords.groovy:1487)
	at com.kms.katalon.core.webui.keyword.WebUiBuiltInKeywords$verifyElementPresent$9.call(Unknown Source)
	at SPG - Delete Notification.run(SPG - Delete Notification:54)
	at com.kms.katalon.core.main.ScriptEngine.run(ScriptEngine.java:194)
	at com.kms.katalon.core.main.ScriptEngine.runScriptAsRawText(ScriptEngine.java:119)
	at com.kms.katalon.core.main.TestCaseExecutor.runScript(TestCaseExecutor.java:448)
	at com.kms.katalon.core.main.TestCaseExecutor.doExecute(TestCaseExecutor.java:439)
	at com.kms.katalon.core.main.TestCaseExecutor.processExecutionPhase(TestCaseExecutor.java:418)
	at com.kms.katalon.core.main.TestCaseExecutor.accessMainPhase(TestCaseExecutor.java:410)
	at com.kms.katalon.core.main.TestCaseExecutor.execute(TestCaseExecutor.java:285)
	at com.kms.katalon.core.common.CommonExecutor.accessTestCaseMainPhase(CommonExecutor.java:65)
	at com.kms.katalon.core.main.TestSuiteExecutor.accessTestSuiteMainPhase(TestSuiteExecutor.java:150)
	at com.kms.katalon.core.main.TestSuiteExecutor.execute(TestSuiteExecutor.java:106)
	at com.kms.katalon.core.main.TestCaseMain.startTestSuite(TestCaseMain.java:180)
	at com.kms.katalon.core.main.TestCaseMain$startTestSuite$0.call(Unknown Source)
	at TempTestSuite1761139089875.run(TempTestSuite1761139089875.groovy:35)
	at java.base/jdk.internal.reflect.NativeMethodAccessorImpl.invoke0(Native Method)
	at java.base/jdk.internal.reflect.NativeMethodAccessorImpl.invoke(NativeMethodAccessorImpl.java:77)
	at java.base/jdk.internal.reflect.DelegatingMethodAccessorImpl.invoke(DelegatingMethodAccessorImpl.java:43)
)

22-10-2025T10:25:40 - [MESSAGE][INFO] - Unable to find the element located by 'By.xpath: //button[normalize-space(text())='Delete']'. Please recheck the objects properties to make sure the desired element is located. 

22-10-2025T10:25:40 - [MESSAGE][WARNING] - com.kms.katalon.core.webui.exception.WebElementNotFoundException: Web element with id: 'Object Repository/TripFocus/Notifications/Notification Delete_btn' located by '//button[normalize-space(text())='Delete']' not found (Root cause: com.kms.katalon.core.exception.StepFailedException: com.kms.katalon.core.webui.exception.WebElementNotFoundException: Web element with id: 'Object Repository/TripFocus/Notifications/Notification Delete_btn' located by '//button[normalize-space(text())='Delete']' not found
	at com.kms.katalon.core.webui.keyword.internal.WebUIKeywordMain.stepFailed(WebUIKeywordMain.groovy:117)
	at com.kms.katalon.core.webui.keyword.builtin.VerifyElementPresentKeyword$_verifyElementPresent_closure1.doCall(VerifyElementPresentKeyword.groovy:85)
	at com.kms.katalon.core.webui.keyword.builtin.VerifyElementPresentKeyword$_verifyElementPresent_closure1.call(VerifyElementPresentKeyword.groovy)
	at com.kms.katalon.core.webui.keyword.internal.WebUIKeywordMain.runKeyword(WebUIKeywordMain.groovy:35)
	at com.kms.katalon.core.webui.keyword.builtin.VerifyElementPresentKeyword.verifyElementPresent(VerifyElementPresentKeyword.groovy:92)
	at com.kms.katalon.core.webui.keyword.builtin.VerifyElementPresentKeyword.execute(VerifyElementPresentKeyword.groovy:68)
	at com.kms.katalon.core.keyword.internal.KeywordExecutor.executeKeywordForPlatform(KeywordExecutor.groovy:74)
	at com.kms.katalon.core.webui.keyword.WebUiBuiltInKeywords.verifyElementPresent(WebUiBuiltInKeywords.groovy:1487)
	at com.kms.katalon.core.webui.keyword.WebUiBuiltInKeywords$verifyElementPresent$9.call(Unknown Source)
	at SPG - Delete Notification.run(SPG - Delete Notification:54)
	at com.kms.katalon.core.main.ScriptEngine.run(ScriptEngine.java:194)
	at com.kms.katalon.core.main.ScriptEngine.runScriptAsRawText(ScriptEngine.java:119)
	at com.kms.katalon.core.main.TestCaseExecutor.runScript(TestCaseExecutor.java:448)
	at com.kms.katalon.core.main.TestCaseExecutor.doExecute(TestCaseExecutor.java:439)
	at com.kms.katalon.core.main.TestCaseExecutor.processExecutionPhase(TestCaseExecutor.java:418)
	at com.kms.katalon.core.main.TestCaseExecutor.accessMainPhase(TestCaseExecutor.java:410)
	at com.kms.katalon.core.main.TestCaseExecutor.execute(TestCaseExecutor.java:285)
	at com.kms.katalon.core.common.CommonExecutor.accessTestCaseMainPhase(CommonExecutor.java:65)
	at com.kms.katalon.core.main.TestSuiteExecutor.accessTestSuiteMainPhase(TestSuiteExecutor.java:150)
	at com.kms.katalon.core.main.TestSuiteExecutor.execute(TestSuiteExecutor.java:106)
	at com.kms.katalon.core.main.TestCaseMain.startTestSuite(TestCaseMain.java:180)
	at com.kms.katalon.core.main.TestCaseMain$startTestSuite$0.call(Unknown Source)
	at TempTestSuite1761139089875.run(TempTestSuite1761139089875.groovy:35)
	at java.base/jdk.internal.reflect.NativeMethodAccessorImpl.invoke0(Native Method)
	at java.base/jdk.internal.reflect.NativeMethodAccessorImpl.invoke(NativeMethodAccessorImpl.java:77)
	at java.base/jdk.internal.reflect.DelegatingMethodAccessorImpl.invoke(DelegatingMethodAccessorImpl.java:43)
)

22-10-2025T10:25:40 - [TEST_STEP][PASSED] - else: Browser is closed

22-10-2025T10:25:40 - [TEST_STEP][PASSED] - closeBrowser(): Browser is closed

22-10-2025T10:25:40 - [MESSAGE][PASSED] - Browser is closed

22-10-2025T10:25:40 - [TEST_STEP][PASSED] - Start listener action : retryOnDisconnect: null

22-10-2025T10:25:40 - [TEST_STEP][PASSED] - tcId = testCaseContext.getTestCaseId(): null

22-10-2025T10:25:40 - [TEST_STEP][PASSED] - currentRetry = retryCounts.getOrDefault(tcId, 0): null

22-10-2025T10:25:40 - [TEST_STEP][PASSED] - if (testCaseContext.getTestCaseStatus() == "FAILED" && currentRetry < MAX_RETRIES): null]]></system-out>
         <system-err><![CDATA[]]></system-err>
      </testcase>
      <testcase name="Test Cases/TripFocus/SPG/SPG - Notification/SPG - Edit Notification" time="74.927" classname="Test Cases/TripFocus/SPG/SPG - Notification/SPG - Edit Notification" status="PASSED">
         <system-out><![CDATA[22-10-2025T10:25:40 - [TEST_CASE][PASSED] - Test Cases/TripFocus/SPG/SPG - Notification/SPG - Edit Notification: Test Cases/TripFocus/SPG/SPG - Notification/SPG - Edit Notification

22-10-2025T10:25:40 - [TEST_STEP][PASSED] - Start listener action : beforeTestCase: null

22-10-2025T10:25:40 - [TEST_STEP][PASSED] - addDefaultPackages(): null

22-10-2025T10:25:40 - [TEST_STEP][PASSED] - openBrowser(""): Browser is opened with url: ''

22-10-2025T10:25:40 - [MESSAGE][INFO] - Starting 'Chrome' driver

22-10-2025T10:25:40 - [MESSAGE][INFO] - User set preference: ['args', '[--no-sandbox, --disable-gpu, --disable-dev-shm-usage]']

22-10-2025T10:25:40 - [MESSAGE][INFO] - Action delay is set to 0 milliseconds

22-10-2025T10:25:42 - [MESSAGE][PASSED] - Browser is opened with url: ''

22-10-2025T10:25:42 - [TEST_STEP][PASSED] - navigateToUrl(TFBaseURL): Navigate to 'https://www.qa.tripfocus.com' successfully

22-10-2025T10:25:43 - [MESSAGE][PASSED] - Navigate to 'https://www.qa.tripfocus.com' successfully

22-10-2025T10:25:43 - [TEST_STEP][PASSED] - click(findTestObject("Object Repository/TripFocus/Page_TripFocus/button_Sign in")): Object: 'Object Repository/TripFocus/Page_TripFocus/button_Sign in' is clicked on

22-10-2025T10:25:43 - [MESSAGE][PASSED] - Object: 'Object Repository/TripFocus/Page_TripFocus/button_Sign in' is clicked on

22-10-2025T10:25:43 - [TEST_STEP][PASSED] - maximizeWindow(): Current window maximized

22-10-2025T10:25:43 - [MESSAGE][PASSED] - Current window maximized

22-10-2025T10:25:43 - [TEST_STEP][PASSED] - setText(findTestObject("TripFocus/Username_txt"), TripFocusBleachTechSPGUsername): Text 'Ashford.Chenault+BleachtechCustomerSPGONLY@thekag.com' is set on object 'Object Repository/TripFocus/Username_txt'

22-10-2025T10:25:43 - [MESSAGE][PASSED] - Text 'Ashford.Chenault+BleachtechCustomerSPGONLY@thekag.com' is set on object 'Object Repository/TripFocus/Username_txt'

22-10-2025T10:25:43 - [TEST_STEP][PASSED] - setText(findTestObject("TripFocus/Password_txt"), TripFocusFDGSPGPassword): Text 'CrashBan911!!' is set on object 'Object Repository/TripFocus/Password_txt'

22-10-2025T10:25:43 - [MESSAGE][PASSED] - Text 'CrashBan911!!' is set on object 'Object Repository/TripFocus/Password_txt'

22-10-2025T10:25:43 - [TEST_STEP][PASSED] - click(findTestObject("FIM/Login_btn")): Object: 'Object Repository/FIM/Login_btn' is clicked on

22-10-2025T10:25:44 - [MESSAGE][PASSED] - Object: 'Object Repository/FIM/Login_btn' is clicked on

22-10-2025T10:25:44 - [TEST_STEP][PASSED] - waitForElementVisible(findTestObject("TripFocus/Testing_Notification_btn"), 15, OPTIONAL): Web element with id: 'Object Repository/TripFocus/Testing_Notification_btn' located by '//*[@id="__BVID__10___BV_modal_footer_"]/button' not found

22-10-2025T10:26:00 - [MESSAGE][INFO] - Unable to find the element located by 'By.xpath: //*[@id="__BVID__10___BV_modal_footer_"]/button'. Please recheck the objects properties to make sure the desired element is located. 

22-10-2025T10:26:00 - [MESSAGE][WARNING] - [SELF-HEALING] Failed to find element with id 'Object Repository/TripFocus/Testing_Notification_btn'. Try using Self-healing.

22-10-2025T10:26:01 - [MESSAGE][INFO] - [SELF-HEALING] No working XPath is found.

22-10-2025T10:26:03 - [MESSAGE][INFO] - Unable to find the element located by 'By.xpath: '. Please recheck the objects properties to make sure the desired element is located. 

22-10-2025T10:26:03 - [MESSAGE][WARNING] - [SELF-HEALING] Cannot find elements when the selector is null

22-10-2025T10:26:03 - [MESSAGE][WARNING] - Web element with id: 'Object Repository/TripFocus/Testing_Notification_btn' located by '//*[@id="__BVID__10___BV_modal_footer_"]/button' not found

22-10-2025T10:26:03 - [TEST_STEP][PASSED] - if (verifyElementVisible(findTestObject("TripFocus/Testing_Notification_btn"), OPTIONAL) == true): Web element with id: 'Object Repository/TripFocus/Testing_Notification_btn' located by '//*[@id="__BVID__10___BV_modal_footer_"]/button' not found (Root cause: com.kms.katalon.core.exception.StepFailedException: Web element with id: 'Object Repository/TripFocus/Testing_Notification_btn' located by '//*[@id="__BVID__10___BV_modal_footer_"]/button' not found
	at com.kms.katalon.core.webui.keyword.internal.WebUIKeywordMain.stepFailed(WebUIKeywordMain.groovy:117)
	at com.kms.katalon.core.webui.keyword.builtin.VerifyElementVisibleKeyword$_verifyElementVisible_closure1.doCall(VerifyElementVisibleKeyword.groovy:89)
	at com.kms.katalon.core.webui.keyword.builtin.VerifyElementVisibleKeyword$_verifyElementVisible_closure1.call(VerifyElementVisibleKeyword.groovy)
	at com.kms.katalon.core.webui.keyword.internal.WebUIKeywordMain.runKeyword(WebUIKeywordMain.groovy:35)
	at com.kms.katalon.core.webui.keyword.builtin.VerifyElementVisibleKeyword.verifyElementVisible(VerifyElementVisibleKeyword.groovy:97)
	at com.kms.katalon.core.webui.keyword.builtin.VerifyElementVisibleKeyword.execute(VerifyElementVisibleKeyword.groovy:67)
	at com.kms.katalon.core.keyword.internal.KeywordExecutor.executeKeywordForPlatform(KeywordExecutor.groovy:74)
	at com.kms.katalon.core.webui.keyword.WebUiBuiltInKeywords.verifyElementVisible(WebUiBuiltInKeywords.groovy:401)
	at com.kms.katalon.core.webui.keyword.WebUiBuiltInKeywords$verifyElementVisible$5.call(Unknown Source)
	at SPG - Edit Notification.run(SPG - Edit Notification:37)
	at com.kms.katalon.core.main.ScriptEngine.run(ScriptEngine.java:194)
	at com.kms.katalon.core.main.ScriptEngine.runScriptAsRawText(ScriptEngine.java:119)
	at com.kms.katalon.core.main.TestCaseExecutor.runScript(TestCaseExecutor.java:448)
	at com.kms.katalon.core.main.TestCaseExecutor.doExecute(TestCaseExecutor.java:439)
	at com.kms.katalon.core.main.TestCaseExecutor.processExecutionPhase(TestCaseExecutor.java:418)
	at com.kms.katalon.core.main.TestCaseExecutor.accessMainPhase(TestCaseExecutor.java:410)
	at com.kms.katalon.core.main.TestCaseExecutor.execute(TestCaseExecutor.java:285)
	at com.kms.katalon.core.common.CommonExecutor.accessTestCaseMainPhase(CommonExecutor.java:65)
	at com.kms.katalon.core.main.TestSuiteExecutor.accessTestSuiteMainPhase(TestSuiteExecutor.java:150)
	at com.kms.katalon.core.main.TestSuiteExecutor.execute(TestSuiteExecutor.java:106)
	at com.kms.katalon.core.main.TestCaseMain.startTestSuite(TestCaseMain.java:180)
	at com.kms.katalon.core.main.TestCaseMain$startTestSuite$0.call(Unknown Source)
	at TempTestSuite1761139089875.run(TempTestSuite1761139089875.groovy:35)
	at java.base/jdk.internal.reflect.NativeMethodAccessorImpl.invoke0(Native Method)
	at java.base/jdk.internal.reflect.NativeMethodAccessorImpl.invoke(NativeMethodAccessorImpl.java:77)
	at java.base/jdk.internal.reflect.DelegatingMethodAccessorImpl.invoke(DelegatingMethodAccessorImpl.java:43)
)

22-10-2025T10:26:19 - [MESSAGE][INFO] - Unable to find the element located by 'By.xpath: //*[@id="__BVID__10___BV_modal_footer_"]/button'. Please recheck the objects properties to make sure the desired element is located. 

22-10-2025T10:26:19 - [MESSAGE][WARNING] - [SELF-HEALING] Failed to find element with id 'Object Repository/TripFocus/Testing_Notification_btn'. Try using Self-healing.

22-10-2025T10:26:20 - [MESSAGE][INFO] - [SELF-HEALING] No working XPath is found.

22-10-2025T10:26:22 - [MESSAGE][INFO] - Unable to find the element located by 'By.xpath: '. Please recheck the objects properties to make sure the desired element is located. 

22-10-2025T10:26:22 - [MESSAGE][WARNING] - [SELF-HEALING] Cannot find elements when the selector is null

22-10-2025T10:26:22 - [MESSAGE][WARNING] - Web element with id: 'Object Repository/TripFocus/Testing_Notification_btn' located by '//*[@id="__BVID__10___BV_modal_footer_"]/button' not found (Root cause: com.kms.katalon.core.exception.StepFailedException: Web element with id: 'Object Repository/TripFocus/Testing_Notification_btn' located by '//*[@id="__BVID__10___BV_modal_footer_"]/button' not found
	at com.kms.katalon.core.webui.keyword.internal.WebUIKeywordMain.stepFailed(WebUIKeywordMain.groovy:117)
	at com.kms.katalon.core.webui.keyword.builtin.VerifyElementVisibleKeyword$_verifyElementVisible_closure1.doCall(VerifyElementVisibleKeyword.groovy:89)
	at com.kms.katalon.core.webui.keyword.builtin.VerifyElementVisibleKeyword$_verifyElementVisible_closure1.call(VerifyElementVisibleKeyword.groovy)
	at com.kms.katalon.core.webui.keyword.internal.WebUIKeywordMain.runKeyword(WebUIKeywordMain.groovy:35)
	at com.kms.katalon.core.webui.keyword.builtin.VerifyElementVisibleKeyword.verifyElementVisible(VerifyElementVisibleKeyword.groovy:97)
	at com.kms.katalon.core.webui.keyword.builtin.VerifyElementVisibleKeyword.execute(VerifyElementVisibleKeyword.groovy:67)
	at com.kms.katalon.core.keyword.internal.KeywordExecutor.executeKeywordForPlatform(KeywordExecutor.groovy:74)
	at com.kms.katalon.core.webui.keyword.WebUiBuiltInKeywords.verifyElementVisible(WebUiBuiltInKeywords.groovy:401)
	at com.kms.katalon.core.webui.keyword.WebUiBuiltInKeywords$verifyElementVisible$5.call(Unknown Source)
	at SPG - Edit Notification.run(SPG - Edit Notification:37)
	at com.kms.katalon.core.main.ScriptEngine.run(ScriptEngine.java:194)
	at com.kms.katalon.core.main.ScriptEngine.runScriptAsRawText(ScriptEngine.java:119)
	at com.kms.katalon.core.main.TestCaseExecutor.runScript(TestCaseExecutor.java:448)
	at com.kms.katalon.core.main.TestCaseExecutor.doExecute(TestCaseExecutor.java:439)
	at com.kms.katalon.core.main.TestCaseExecutor.processExecutionPhase(TestCaseExecutor.java:418)
	at com.kms.katalon.core.main.TestCaseExecutor.accessMainPhase(TestCaseExecutor.java:410)
	at com.kms.katalon.core.main.TestCaseExecutor.execute(TestCaseExecutor.java:285)
	at com.kms.katalon.core.common.CommonExecutor.accessTestCaseMainPhase(CommonExecutor.java:65)
	at com.kms.katalon.core.main.TestSuiteExecutor.accessTestSuiteMainPhase(TestSuiteExecutor.java:150)
	at com.kms.katalon.core.main.TestSuiteExecutor.execute(TestSuiteExecutor.java:106)
	at com.kms.katalon.core.main.TestCaseMain.startTestSuite(TestCaseMain.java:180)
	at com.kms.katalon.core.main.TestCaseMain$startTestSuite$0.call(Unknown Source)
	at TempTestSuite1761139089875.run(TempTestSuite1761139089875.groovy:35)
	at java.base/jdk.internal.reflect.NativeMethodAccessorImpl.invoke0(Native Method)
	at java.base/jdk.internal.reflect.NativeMethodAccessorImpl.invoke(NativeMethodAccessorImpl.java:77)
	at java.base/jdk.internal.reflect.DelegatingMethodAccessorImpl.invoke(DelegatingMethodAccessorImpl.java:43)
)

22-10-2025T10:26:22 - [TEST_STEP][PASSED] - click(findTestObject("TripFocus/Notifications/Notifications Tab")): Object: 'Object Repository/TripFocus/Notifications/Notifications Tab' is clicked on

22-10-2025T10:26:22 - [MESSAGE][PASSED] - Object: 'Object Repository/TripFocus/Notifications/Notifications Tab' is clicked on

22-10-2025T10:26:22 - [TEST_STEP][PASSED] - delay(3): Delayed 3 second(s)

22-10-2025T10:26:25 - [MESSAGE][PASSED] - Delayed 3 second(s)

22-10-2025T10:26:25 - [TEST_STEP][PASSED] - click(findTestObject("Object Repository/TripFocus/Page_TripFocus/button_Edit")): Object: 'Object Repository/TripFocus/Page_TripFocus/button_Edit' is clicked on

22-10-2025T10:26:41 - [MESSAGE][INFO] - Unable to find the element located by 'By.xpath: /html/body/div/div[2]/div/main/div/div[2]/div[3]/div/div/div[4]/div/div/table/tbody/tr[1]/td[6]/button[1]'. Please recheck the objects properties to make sure the desired element is located. 

22-10-2025T10:26:41 - [MESSAGE][WARNING] - [SELF-HEALING] Failed to find element with id 'Object Repository/TripFocus/Page_TripFocus/button_Edit'. Try using Self-healing.

22-10-2025T10:26:41 - [MESSAGE][WARNING] - [SELF-HEALING] The current locator of test object 'Object Repository/TripFocus/Page_TripFocus/button_Edit' was broken. Propose an alternative one: '(.//*[normalize-space(text()) and normalize-space(.)='‹'])[1]/preceding::button[2]'.

22-10-2025T10:26:41 - [MESSAGE][PASSED] - Object: 'Object Repository/TripFocus/Page_TripFocus/button_Edit' is clicked on

22-10-2025T10:26:41 - [TEST_STEP][PASSED] - delay(7): Delayed 7 second(s)

22-10-2025T10:26:48 - [MESSAGE][PASSED] - Delayed 7 second(s)

22-10-2025T10:26:48 - [TEST_STEP][PASSED] - setText(findTestObject("Object Repository/TripFocus/Page_TripFocus/textarea_Send To_txtSendTo"), "bhargavijspr@gmail.com , abc@gmail.com"): Text 'bhargavijspr@gmail.com , abc@gmail.com' is set on object 'Object Repository/TripFocus/Page_TripFocus/textarea_Send To_txtSendTo'

22-10-2025T10:26:48 - [MESSAGE][PASSED] - Text 'bhargavijspr@gmail.com , abc@gmail.com' is set on object 'Object Repository/TripFocus/Page_TripFocus/textarea_Send To_txtSendTo'

22-10-2025T10:26:48 - [TEST_STEP][PASSED] - delay(2): Delayed 2 second(s)

22-10-2025T10:26:50 - [MESSAGE][PASSED] - Delayed 2 second(s)

22-10-2025T10:26:50 - [TEST_STEP][PASSED] - click(findTestObject("TripFocus/Notifications/Save_btn")): Object: 'Object Repository/TripFocus/Notifications/Save_btn' is clicked on

22-10-2025T10:26:50 - [MESSAGE][PASSED] - Object: 'Object Repository/TripFocus/Notifications/Save_btn' is clicked on

22-10-2025T10:26:50 - [TEST_STEP][PASSED] - delay(5): Delayed 5 second(s)

22-10-2025T10:26:55 - [MESSAGE][PASSED] - Delayed 5 second(s)

22-10-2025T10:26:55 - [TEST_STEP][PASSED] - Start listener action : retryOnDisconnect: null

22-10-2025T10:26:55 - [TEST_STEP][PASSED] - tcId = testCaseContext.getTestCaseId(): null

22-10-2025T10:26:55 - [TEST_STEP][PASSED] - currentRetry = retryCounts.getOrDefault(tcId, 0): null

22-10-2025T10:26:55 - [TEST_STEP][PASSED] - if (testCaseContext.getTestCaseStatus() == "FAILED" && currentRetry < MAX_RETRIES): null]]></system-out>
         <system-err><![CDATA[]]></system-err>
      </testcase>
      <testcase name="Test Cases/TripFocus/SPG/SPG - Notification/SPG - Filtering Notifications By Consignee" time="60.779" classname="Test Cases/TripFocus/SPG/SPG - Notification/SPG - Filtering Notifications By Consignee" status="PASSED">
         <system-out><![CDATA[22-10-2025T10:26:55 - [TEST_CASE][PASSED] - Test Cases/TripFocus/SPG/SPG - Notification/SPG - Filtering Notifications By Consignee: Test Cases/TripFocus/SPG/SPG - Notification/SPG - Filtering Notifications By Consignee

22-10-2025T10:26:55 - [TEST_STEP][PASSED] - Start listener action : beforeTestCase: null

22-10-2025T10:26:55 - [TEST_STEP][PASSED] - addDefaultPackages(): null

22-10-2025T10:26:55 - [TEST_STEP][PASSED] - openBrowser(""): Browser is opened with url: ''

22-10-2025T10:26:55 - [MESSAGE][WARNING] - A browser is already opened. Closing browser and opening a new one

22-10-2025T10:26:55 - [MESSAGE][INFO] - Starting 'Chrome' driver

22-10-2025T10:26:55 - [MESSAGE][INFO] - User set preference: ['args', '[--no-sandbox, --disable-gpu, --disable-dev-shm-usage]']

22-10-2025T10:26:55 - [MESSAGE][INFO] - Action delay is set to 0 milliseconds

22-10-2025T10:26:56 - [MESSAGE][PASSED] - Browser is opened with url: ''

22-10-2025T10:26:56 - [TEST_STEP][PASSED] - navigateToUrl(TFBaseURL): Navigate to 'https://www.qa.tripfocus.com' successfully

22-10-2025T10:26:57 - [MESSAGE][PASSED] - Navigate to 'https://www.qa.tripfocus.com' successfully

22-10-2025T10:26:57 - [TEST_STEP][PASSED] - click(findTestObject("Object Repository/TripFocus/Page_TripFocus/button_Sign in")): Object: 'Object Repository/TripFocus/Page_TripFocus/button_Sign in' is clicked on

22-10-2025T10:26:57 - [MESSAGE][PASSED] - Object: 'Object Repository/TripFocus/Page_TripFocus/button_Sign in' is clicked on

22-10-2025T10:26:57 - [TEST_STEP][PASSED] - setText(findTestObject("TripFocus/Username_txt"), TripFocusBleachTechSPGUsername): Text 'Ashford.Chenault+BleachtechCustomerSPGONLY@thekag.com' is set on object 'Object Repository/TripFocus/Username_txt'

22-10-2025T10:26:58 - [MESSAGE][PASSED] - Text 'Ashford.Chenault+BleachtechCustomerSPGONLY@thekag.com' is set on object 'Object Repository/TripFocus/Username_txt'

22-10-2025T10:26:58 - [TEST_STEP][PASSED] - setText(findTestObject("TripFocus/Password_txt"), TripFocusFDGSPGPassword): Text 'CrashBan911!!' is set on object 'Object Repository/TripFocus/Password_txt'

22-10-2025T10:26:58 - [MESSAGE][PASSED] - Text 'CrashBan911!!' is set on object 'Object Repository/TripFocus/Password_txt'

22-10-2025T10:26:58 - [TEST_STEP][PASSED] - click(findTestObject("Object Repository/TripFocus/Page_TripFocus/button_Login")): Object: 'Object Repository/TripFocus/Page_TripFocus/button_Login' is clicked on

22-10-2025T10:26:58 - [MESSAGE][PASSED] - Object: 'Object Repository/TripFocus/Page_TripFocus/button_Login' is clicked on

22-10-2025T10:26:58 - [TEST_STEP][PASSED] - maximizeWindow(): Current window maximized

22-10-2025T10:26:58 - [MESSAGE][PASSED] - Current window maximized

22-10-2025T10:26:58 - [TEST_STEP][PASSED] - waitForElementVisible(findTestObject("TripFocus/Testing_Notification_btn"), 15, OPTIONAL): Web element with id: 'Object Repository/TripFocus/Testing_Notification_btn' located by '//*[@id="__BVID__10___BV_modal_footer_"]/button' not found

22-10-2025T10:27:14 - [MESSAGE][INFO] - Unable to find the element located by 'By.xpath: //*[@id="__BVID__10___BV_modal_footer_"]/button'. Please recheck the objects properties to make sure the desired element is located. 

22-10-2025T10:27:14 - [MESSAGE][WARNING] - [SELF-HEALING] Failed to find element with id 'Object Repository/TripFocus/Testing_Notification_btn'. Try using Self-healing.

22-10-2025T10:27:15 - [MESSAGE][INFO] - [SELF-HEALING] No working XPath is found.

22-10-2025T10:27:17 - [MESSAGE][INFO] - Unable to find the element located by 'By.xpath: '. Please recheck the objects properties to make sure the desired element is located. 

22-10-2025T10:27:17 - [MESSAGE][WARNING] - [SELF-HEALING] Cannot find elements when the selector is null

22-10-2025T10:27:17 - [MESSAGE][WARNING] - Web element with id: 'Object Repository/TripFocus/Testing_Notification_btn' located by '//*[@id="__BVID__10___BV_modal_footer_"]/button' not found

22-10-2025T10:27:17 - [TEST_STEP][PASSED] - if (verifyElementVisible(findTestObject("TripFocus/Testing_Notification_btn"), OPTIONAL) == true): Web element with id: 'Object Repository/TripFocus/Testing_Notification_btn' located by '//*[@id="__BVID__10___BV_modal_footer_"]/button' not found (Root cause: com.kms.katalon.core.exception.StepFailedException: Web element with id: 'Object Repository/TripFocus/Testing_Notification_btn' located by '//*[@id="__BVID__10___BV_modal_footer_"]/button' not found
	at com.kms.katalon.core.webui.keyword.internal.WebUIKeywordMain.stepFailed(WebUIKeywordMain.groovy:117)
	at com.kms.katalon.core.webui.keyword.builtin.VerifyElementVisibleKeyword$_verifyElementVisible_closure1.doCall(VerifyElementVisibleKeyword.groovy:89)
	at com.kms.katalon.core.webui.keyword.builtin.VerifyElementVisibleKeyword$_verifyElementVisible_closure1.call(VerifyElementVisibleKeyword.groovy)
	at com.kms.katalon.core.webui.keyword.internal.WebUIKeywordMain.runKeyword(WebUIKeywordMain.groovy:35)
	at com.kms.katalon.core.webui.keyword.builtin.VerifyElementVisibleKeyword.verifyElementVisible(VerifyElementVisibleKeyword.groovy:97)
	at com.kms.katalon.core.webui.keyword.builtin.VerifyElementVisibleKeyword.execute(VerifyElementVisibleKeyword.groovy:67)
	at com.kms.katalon.core.keyword.internal.KeywordExecutor.executeKeywordForPlatform(KeywordExecutor.groovy:74)
	at com.kms.katalon.core.webui.keyword.WebUiBuiltInKeywords.verifyElementVisible(WebUiBuiltInKeywords.groovy:401)
	at com.kms.katalon.core.webui.keyword.WebUiBuiltInKeywords$verifyElementVisible$5.call(Unknown Source)
	at SPG - Filtering Notifications By Consignee.run(SPG - Filtering Notifications By Consignee:37)
	at com.kms.katalon.core.main.ScriptEngine.run(ScriptEngine.java:194)
	at com.kms.katalon.core.main.ScriptEngine.runScriptAsRawText(ScriptEngine.java:119)
	at com.kms.katalon.core.main.TestCaseExecutor.runScript(TestCaseExecutor.java:448)
	at com.kms.katalon.core.main.TestCaseExecutor.doExecute(TestCaseExecutor.java:439)
	at com.kms.katalon.core.main.TestCaseExecutor.processExecutionPhase(TestCaseExecutor.java:418)
	at com.kms.katalon.core.main.TestCaseExecutor.accessMainPhase(TestCaseExecutor.java:410)
	at com.kms.katalon.core.main.TestCaseExecutor.execute(TestCaseExecutor.java:285)
	at com.kms.katalon.core.common.CommonExecutor.accessTestCaseMainPhase(CommonExecutor.java:65)
	at com.kms.katalon.core.main.TestSuiteExecutor.accessTestSuiteMainPhase(TestSuiteExecutor.java:150)
	at com.kms.katalon.core.main.TestSuiteExecutor.execute(TestSuiteExecutor.java:106)
	at com.kms.katalon.core.main.TestCaseMain.startTestSuite(TestCaseMain.java:180)
	at com.kms.katalon.core.main.TestCaseMain$startTestSuite$0.call(Unknown Source)
	at TempTestSuite1761139089875.run(TempTestSuite1761139089875.groovy:35)
	at java.base/jdk.internal.reflect.NativeMethodAccessorImpl.invoke0(Native Method)
	at java.base/jdk.internal.reflect.NativeMethodAccessorImpl.invoke(NativeMethodAccessorImpl.java:77)
	at java.base/jdk.internal.reflect.DelegatingMethodAccessorImpl.invoke(DelegatingMethodAccessorImpl.java:43)
)

22-10-2025T10:27:33 - [MESSAGE][INFO] - Unable to find the element located by 'By.xpath: //*[@id="__BVID__10___BV_modal_footer_"]/button'. Please recheck the objects properties to make sure the desired element is located. 

22-10-2025T10:27:33 - [MESSAGE][WARNING] - [SELF-HEALING] Failed to find element with id 'Object Repository/TripFocus/Testing_Notification_btn'. Try using Self-healing.

22-10-2025T10:27:35 - [MESSAGE][INFO] - [SELF-HEALING] No working XPath is found.

22-10-2025T10:27:37 - [MESSAGE][INFO] - Unable to find the element located by 'By.xpath: '. Please recheck the objects properties to make sure the desired element is located. 

22-10-2025T10:27:37 - [MESSAGE][WARNING] - [SELF-HEALING] Cannot find elements when the selector is null

22-10-2025T10:27:37 - [MESSAGE][WARNING] - Web element with id: 'Object Repository/TripFocus/Testing_Notification_btn' located by '//*[@id="__BVID__10___BV_modal_footer_"]/button' not found (Root cause: com.kms.katalon.core.exception.StepFailedException: Web element with id: 'Object Repository/TripFocus/Testing_Notification_btn' located by '//*[@id="__BVID__10___BV_modal_footer_"]/button' not found
	at com.kms.katalon.core.webui.keyword.internal.WebUIKeywordMain.stepFailed(WebUIKeywordMain.groovy:117)
	at com.kms.katalon.core.webui.keyword.builtin.VerifyElementVisibleKeyword$_verifyElementVisible_closure1.doCall(VerifyElementVisibleKeyword.groovy:89)
	at com.kms.katalon.core.webui.keyword.builtin.VerifyElementVisibleKeyword$_verifyElementVisible_closure1.call(VerifyElementVisibleKeyword.groovy)
	at com.kms.katalon.core.webui.keyword.internal.WebUIKeywordMain.runKeyword(WebUIKeywordMain.groovy:35)
	at com.kms.katalon.core.webui.keyword.builtin.VerifyElementVisibleKeyword.verifyElementVisible(VerifyElementVisibleKeyword.groovy:97)
	at com.kms.katalon.core.webui.keyword.builtin.VerifyElementVisibleKeyword.execute(VerifyElementVisibleKeyword.groovy:67)
	at com.kms.katalon.core.keyword.internal.KeywordExecutor.executeKeywordForPlatform(KeywordExecutor.groovy:74)
	at com.kms.katalon.core.webui.keyword.WebUiBuiltInKeywords.verifyElementVisible(WebUiBuiltInKeywords.groovy:401)
	at com.kms.katalon.core.webui.keyword.WebUiBuiltInKeywords$verifyElementVisible$5.call(Unknown Source)
	at SPG - Filtering Notifications By Consignee.run(SPG - Filtering Notifications By Consignee:37)
	at com.kms.katalon.core.main.ScriptEngine.run(ScriptEngine.java:194)
	at com.kms.katalon.core.main.ScriptEngine.runScriptAsRawText(ScriptEngine.java:119)
	at com.kms.katalon.core.main.TestCaseExecutor.runScript(TestCaseExecutor.java:448)
	at com.kms.katalon.core.main.TestCaseExecutor.doExecute(TestCaseExecutor.java:439)
	at com.kms.katalon.core.main.TestCaseExecutor.processExecutionPhase(TestCaseExecutor.java:418)
	at com.kms.katalon.core.main.TestCaseExecutor.accessMainPhase(TestCaseExecutor.java:410)
	at com.kms.katalon.core.main.TestCaseExecutor.execute(TestCaseExecutor.java:285)
	at com.kms.katalon.core.common.CommonExecutor.accessTestCaseMainPhase(CommonExecutor.java:65)
	at com.kms.katalon.core.main.TestSuiteExecutor.accessTestSuiteMainPhase(TestSuiteExecutor.java:150)
	at com.kms.katalon.core.main.TestSuiteExecutor.execute(TestSuiteExecutor.java:106)
	at com.kms.katalon.core.main.TestCaseMain.startTestSuite(TestCaseMain.java:180)
	at com.kms.katalon.core.main.TestCaseMain$startTestSuite$0.call(Unknown Source)
	at TempTestSuite1761139089875.run(TempTestSuite1761139089875.groovy:35)
	at java.base/jdk.internal.reflect.NativeMethodAccessorImpl.invoke0(Native Method)
	at java.base/jdk.internal.reflect.NativeMethodAccessorImpl.invoke(NativeMethodAccessorImpl.java:77)
	at java.base/jdk.internal.reflect.DelegatingMethodAccessorImpl.invoke(DelegatingMethodAccessorImpl.java:43)
)

22-10-2025T10:27:37 - [TEST_STEP][PASSED] - click(findTestObject("TripFocus/Notifications/Notifications Tab")): Object: 'Object Repository/TripFocus/Notifications/Notifications Tab' is clicked on

22-10-2025T10:27:37 - [MESSAGE][PASSED] - Object: 'Object Repository/TripFocus/Notifications/Notifications Tab' is clicked on

22-10-2025T10:27:37 - [TEST_STEP][PASSED] - delay(6): Delayed 6 second(s)

22-10-2025T10:27:43 - [MESSAGE][PASSED] - Delayed 6 second(s)

22-10-2025T10:27:43 - [TEST_STEP][PASSED] - setText(findTestObject("TripFocus/Notifications/Search_txt"), "PN003110"): Text 'PN003110' is set on object 'Object Repository/TripFocus/Notifications/Search_txt'

22-10-2025T10:27:43 - [MESSAGE][PASSED] - Text 'PN003110' is set on object 'Object Repository/TripFocus/Notifications/Search_txt'

22-10-2025T10:27:43 - [TEST_STEP][PASSED] - delay(2): Delayed 2 second(s)

22-10-2025T10:27:45 - [MESSAGE][PASSED] - Delayed 2 second(s)

22-10-2025T10:27:45 - [TEST_STEP][PASSED] - if (verifyElementPresent(findTestObject("TripFocus/Notifications/Consignee Column"), 10, OPTIONAL) == true): com.kms.katalon.core.webui.exception.WebElementNotFoundException: Web element with id: 'Object Repository/TripFocus/Notifications/Consignee Column' located by '/html/body/div/div[2]/div/main/div/div[2]/div[3]/div/div/div[3]/div/div/table/tbody/tr/td[1]' not found (Root cause: com.kms.katalon.core.exception.StepFailedException: com.kms.katalon.core.webui.exception.WebElementNotFoundException: Web element with id: 'Object Repository/TripFocus/Notifications/Consignee Column' located by '/html/body/div/div[2]/div/main/div/div[2]/div[3]/div/div/div[3]/div/div/table/tbody/tr/td[1]' not found
	at com.kms.katalon.core.webui.keyword.internal.WebUIKeywordMain.stepFailed(WebUIKeywordMain.groovy:117)
	at com.kms.katalon.core.webui.keyword.builtin.VerifyElementPresentKeyword$_verifyElementPresent_closure1.doCall(VerifyElementPresentKeyword.groovy:85)
	at com.kms.katalon.core.webui.keyword.builtin.VerifyElementPresentKeyword$_verifyElementPresent_closure1.call(VerifyElementPresentKeyword.groovy)
	at com.kms.katalon.core.webui.keyword.internal.WebUIKeywordMain.runKeyword(WebUIKeywordMain.groovy:35)
	at com.kms.katalon.core.webui.keyword.builtin.VerifyElementPresentKeyword.verifyElementPresent(VerifyElementPresentKeyword.groovy:92)
	at com.kms.katalon.core.webui.keyword.builtin.VerifyElementPresentKeyword.execute(VerifyElementPresentKeyword.groovy:68)
	at com.kms.katalon.core.keyword.internal.KeywordExecutor.executeKeywordForPlatform(KeywordExecutor.groovy:74)
	at com.kms.katalon.core.webui.keyword.WebUiBuiltInKeywords.verifyElementPresent(WebUiBuiltInKeywords.groovy:1487)
	at com.kms.katalon.core.webui.keyword.WebUiBuiltInKeywords$verifyElementPresent$9.call(Unknown Source)
	at SPG - Filtering Notifications By Consignee.run(SPG - Filtering Notifications By Consignee:51)
	at com.kms.katalon.core.main.ScriptEngine.run(ScriptEngine.java:194)
	at com.kms.katalon.core.main.ScriptEngine.runScriptAsRawText(ScriptEngine.java:119)
	at com.kms.katalon.core.main.TestCaseExecutor.runScript(TestCaseExecutor.java:448)
	at com.kms.katalon.core.main.TestCaseExecutor.doExecute(TestCaseExecutor.java:439)
	at com.kms.katalon.core.main.TestCaseExecutor.processExecutionPhase(TestCaseExecutor.java:418)
	at com.kms.katalon.core.main.TestCaseExecutor.accessMainPhase(TestCaseExecutor.java:410)
	at com.kms.katalon.core.main.TestCaseExecutor.execute(TestCaseExecutor.java:285)
	at com.kms.katalon.core.common.CommonExecutor.accessTestCaseMainPhase(CommonExecutor.java:65)
	at com.kms.katalon.core.main.TestSuiteExecutor.accessTestSuiteMainPhase(TestSuiteExecutor.java:150)
	at com.kms.katalon.core.main.TestSuiteExecutor.execute(TestSuiteExecutor.java:106)
	at com.kms.katalon.core.main.TestCaseMain.startTestSuite(TestCaseMain.java:180)
	at com.kms.katalon.core.main.TestCaseMain$startTestSuite$0.call(Unknown Source)
	at TempTestSuite1761139089875.run(TempTestSuite1761139089875.groovy:35)
	at java.base/jdk.internal.reflect.NativeMethodAccessorImpl.invoke0(Native Method)
	at java.base/jdk.internal.reflect.NativeMethodAccessorImpl.invoke(NativeMethodAccessorImpl.java:77)
	at java.base/jdk.internal.reflect.DelegatingMethodAccessorImpl.invoke(DelegatingMethodAccessorImpl.java:43)
)

22-10-2025T10:27:56 - [MESSAGE][INFO] - Unable to find the element located by 'By.xpath: /html/body/div/div[2]/div/main/div/div[2]/div[3]/div/div/div[3]/div/div/table/tbody/tr/td[1]'. Please recheck the objects properties to make sure the desired element is located. 

22-10-2025T10:27:56 - [MESSAGE][WARNING] - com.kms.katalon.core.webui.exception.WebElementNotFoundException: Web element with id: 'Object Repository/TripFocus/Notifications/Consignee Column' located by '/html/body/div/div[2]/div/main/div/div[2]/div[3]/div/div/div[3]/div/div/table/tbody/tr/td[1]' not found (Root cause: com.kms.katalon.core.exception.StepFailedException: com.kms.katalon.core.webui.exception.WebElementNotFoundException: Web element with id: 'Object Repository/TripFocus/Notifications/Consignee Column' located by '/html/body/div/div[2]/div/main/div/div[2]/div[3]/div/div/div[3]/div/div/table/tbody/tr/td[1]' not found
	at com.kms.katalon.core.webui.keyword.internal.WebUIKeywordMain.stepFailed(WebUIKeywordMain.groovy:117)
	at com.kms.katalon.core.webui.keyword.builtin.VerifyElementPresentKeyword$_verifyElementPresent_closure1.doCall(VerifyElementPresentKeyword.groovy:85)
	at com.kms.katalon.core.webui.keyword.builtin.VerifyElementPresentKeyword$_verifyElementPresent_closure1.call(VerifyElementPresentKeyword.groovy)
	at com.kms.katalon.core.webui.keyword.internal.WebUIKeywordMain.runKeyword(WebUIKeywordMain.groovy:35)
	at com.kms.katalon.core.webui.keyword.builtin.VerifyElementPresentKeyword.verifyElementPresent(VerifyElementPresentKeyword.groovy:92)
	at com.kms.katalon.core.webui.keyword.builtin.VerifyElementPresentKeyword.execute(VerifyElementPresentKeyword.groovy:68)
	at com.kms.katalon.core.keyword.internal.KeywordExecutor.executeKeywordForPlatform(KeywordExecutor.groovy:74)
	at com.kms.katalon.core.webui.keyword.WebUiBuiltInKeywords.verifyElementPresent(WebUiBuiltInKeywords.groovy:1487)
	at com.kms.katalon.core.webui.keyword.WebUiBuiltInKeywords$verifyElementPresent$9.call(Unknown Source)
	at SPG - Filtering Notifications By Consignee.run(SPG - Filtering Notifications By Consignee:51)
	at com.kms.katalon.core.main.ScriptEngine.run(ScriptEngine.java:194)
	at com.kms.katalon.core.main.ScriptEngine.runScriptAsRawText(ScriptEngine.java:119)
	at com.kms.katalon.core.main.TestCaseExecutor.runScript(TestCaseExecutor.java:448)
	at com.kms.katalon.core.main.TestCaseExecutor.doExecute(TestCaseExecutor.java:439)
	at com.kms.katalon.core.main.TestCaseExecutor.processExecutionPhase(TestCaseExecutor.java:418)
	at com.kms.katalon.core.main.TestCaseExecutor.accessMainPhase(TestCaseExecutor.java:410)
	at com.kms.katalon.core.main.TestCaseExecutor.execute(TestCaseExecutor.java:285)
	at com.kms.katalon.core.common.CommonExecutor.accessTestCaseMainPhase(CommonExecutor.java:65)
	at com.kms.katalon.core.main.TestSuiteExecutor.accessTestSuiteMainPhase(TestSuiteExecutor.java:150)
	at com.kms.katalon.core.main.TestSuiteExecutor.execute(TestSuiteExecutor.java:106)
	at com.kms.katalon.core.main.TestCaseMain.startTestSuite(TestCaseMain.java:180)
	at com.kms.katalon.core.main.TestCaseMain$startTestSuite$0.call(Unknown Source)
	at TempTestSuite1761139089875.run(TempTestSuite1761139089875.groovy:35)
	at java.base/jdk.internal.reflect.NativeMethodAccessorImpl.invoke0(Native Method)
	at java.base/jdk.internal.reflect.NativeMethodAccessorImpl.invoke(NativeMethodAccessorImpl.java:77)
	at java.base/jdk.internal.reflect.DelegatingMethodAccessorImpl.invoke(DelegatingMethodAccessorImpl.java:43)
)

22-10-2025T10:27:56 - [TEST_STEP][PASSED] - else: Browser is closed

22-10-2025T10:27:56 - [TEST_STEP][PASSED] - closeBrowser(): Browser is closed

22-10-2025T10:27:56 - [MESSAGE][PASSED] - Browser is closed

22-10-2025T10:27:56 - [TEST_STEP][PASSED] - Start listener action : retryOnDisconnect: null

22-10-2025T10:27:56 - [TEST_STEP][PASSED] - tcId = testCaseContext.getTestCaseId(): null

22-10-2025T10:27:56 - [TEST_STEP][PASSED] - currentRetry = retryCounts.getOrDefault(tcId, 0): null

22-10-2025T10:27:56 - [TEST_STEP][PASSED] - if (testCaseContext.getTestCaseStatus() == "FAILED" && currentRetry < MAX_RETRIES): null]]></system-out>
         <system-err><![CDATA[]]></system-err>
      </testcase>
      <testcase name="Test Cases/TripFocus/SPG/SPG - Notification/SPG - Filtering Notifications By Event" time="60.553" classname="Test Cases/TripFocus/SPG/SPG - Notification/SPG - Filtering Notifications By Event" status="PASSED">
         <system-out><![CDATA[22-10-2025T10:27:56 - [TEST_CASE][PASSED] - Test Cases/TripFocus/SPG/SPG - Notification/SPG - Filtering Notifications By Event: Test Cases/TripFocus/SPG/SPG - Notification/SPG - Filtering Notifications By Event

22-10-2025T10:27:56 - [TEST_STEP][PASSED] - Start listener action : beforeTestCase: null

22-10-2025T10:27:56 - [TEST_STEP][PASSED] - addDefaultPackages(): null

22-10-2025T10:27:56 - [TEST_STEP][PASSED] - openBrowser(""): Browser is opened with url: ''

22-10-2025T10:27:56 - [MESSAGE][INFO] - Starting 'Chrome' driver

22-10-2025T10:27:56 - [MESSAGE][INFO] - User set preference: ['args', '[--no-sandbox, --disable-gpu, --disable-dev-shm-usage]']

22-10-2025T10:27:56 - [MESSAGE][INFO] - Action delay is set to 0 milliseconds

22-10-2025T10:27:57 - [MESSAGE][PASSED] - Browser is opened with url: ''

22-10-2025T10:27:57 - [TEST_STEP][PASSED] - navigateToUrl(TFBaseURL): Navigate to 'https://www.qa.tripfocus.com' successfully

22-10-2025T10:27:58 - [MESSAGE][PASSED] - Navigate to 'https://www.qa.tripfocus.com' successfully

22-10-2025T10:27:58 - [TEST_STEP][PASSED] - click(findTestObject("Object Repository/TripFocus/Page_TripFocus/button_Sign in")): Object: 'Object Repository/TripFocus/Page_TripFocus/button_Sign in' is clicked on

22-10-2025T10:27:58 - [MESSAGE][PASSED] - Object: 'Object Repository/TripFocus/Page_TripFocus/button_Sign in' is clicked on

22-10-2025T10:27:58 - [TEST_STEP][PASSED] - setText(findTestObject("TripFocus/Username_txt"), TripFocusBleachTechSPGUsername): Text 'Ashford.Chenault+BleachtechCustomerSPGONLY@thekag.com' is set on object 'Object Repository/TripFocus/Username_txt'

22-10-2025T10:27:58 - [MESSAGE][PASSED] - Text 'Ashford.Chenault+BleachtechCustomerSPGONLY@thekag.com' is set on object 'Object Repository/TripFocus/Username_txt'

22-10-2025T10:27:58 - [TEST_STEP][PASSED] - setText(findTestObject("TripFocus/Password_txt"), TripFocusFDGSPGPassword): Text 'CrashBan911!!' is set on object 'Object Repository/TripFocus/Password_txt'

22-10-2025T10:27:58 - [MESSAGE][PASSED] - Text 'CrashBan911!!' is set on object 'Object Repository/TripFocus/Password_txt'

22-10-2025T10:27:58 - [TEST_STEP][PASSED] - click(findTestObject("Object Repository/TripFocus/Page_TripFocus/button_Login")): Object: 'Object Repository/TripFocus/Page_TripFocus/button_Login' is clicked on

22-10-2025T10:27:59 - [MESSAGE][PASSED] - Object: 'Object Repository/TripFocus/Page_TripFocus/button_Login' is clicked on

22-10-2025T10:27:59 - [TEST_STEP][PASSED] - maximizeWindow(): Current window maximized

22-10-2025T10:27:59 - [MESSAGE][PASSED] - Current window maximized

22-10-2025T10:27:59 - [TEST_STEP][PASSED] - waitForElementVisible(findTestObject("TripFocus/Testing_Notification_btn"), 15, OPTIONAL): Web element with id: 'Object Repository/TripFocus/Testing_Notification_btn' located by '//*[@id="__BVID__10___BV_modal_footer_"]/button' not found

22-10-2025T10:28:15 - [MESSAGE][INFO] - Unable to find the element located by 'By.xpath: //*[@id="__BVID__10___BV_modal_footer_"]/button'. Please recheck the objects properties to make sure the desired element is located. 

22-10-2025T10:28:15 - [MESSAGE][WARNING] - [SELF-HEALING] Failed to find element with id 'Object Repository/TripFocus/Testing_Notification_btn'. Try using Self-healing.

22-10-2025T10:28:16 - [MESSAGE][INFO] - [SELF-HEALING] No working XPath is found.

22-10-2025T10:28:18 - [MESSAGE][INFO] - Unable to find the element located by 'By.xpath: '. Please recheck the objects properties to make sure the desired element is located. 

22-10-2025T10:28:18 - [MESSAGE][WARNING] - [SELF-HEALING] Cannot find elements when the selector is null

22-10-2025T10:28:18 - [MESSAGE][WARNING] - Web element with id: 'Object Repository/TripFocus/Testing_Notification_btn' located by '//*[@id="__BVID__10___BV_modal_footer_"]/button' not found

22-10-2025T10:28:18 - [TEST_STEP][PASSED] - if (verifyElementVisible(findTestObject("TripFocus/Testing_Notification_btn"), OPTIONAL) == true): Web element with id: 'Object Repository/TripFocus/Testing_Notification_btn' located by '//*[@id="__BVID__10___BV_modal_footer_"]/button' not found (Root cause: com.kms.katalon.core.exception.StepFailedException: Web element with id: 'Object Repository/TripFocus/Testing_Notification_btn' located by '//*[@id="__BVID__10___BV_modal_footer_"]/button' not found
	at com.kms.katalon.core.webui.keyword.internal.WebUIKeywordMain.stepFailed(WebUIKeywordMain.groovy:117)
	at com.kms.katalon.core.webui.keyword.builtin.VerifyElementVisibleKeyword$_verifyElementVisible_closure1.doCall(VerifyElementVisibleKeyword.groovy:89)
	at com.kms.katalon.core.webui.keyword.builtin.VerifyElementVisibleKeyword$_verifyElementVisible_closure1.call(VerifyElementVisibleKeyword.groovy)
	at com.kms.katalon.core.webui.keyword.internal.WebUIKeywordMain.runKeyword(WebUIKeywordMain.groovy:35)
	at com.kms.katalon.core.webui.keyword.builtin.VerifyElementVisibleKeyword.verifyElementVisible(VerifyElementVisibleKeyword.groovy:97)
	at com.kms.katalon.core.webui.keyword.builtin.VerifyElementVisibleKeyword.execute(VerifyElementVisibleKeyword.groovy:67)
	at com.kms.katalon.core.keyword.internal.KeywordExecutor.executeKeywordForPlatform(KeywordExecutor.groovy:74)
	at com.kms.katalon.core.webui.keyword.WebUiBuiltInKeywords.verifyElementVisible(WebUiBuiltInKeywords.groovy:401)
	at com.kms.katalon.core.webui.keyword.WebUiBuiltInKeywords$verifyElementVisible$5.call(Unknown Source)
	at SPG - Filtering Notifications By Event.run(SPG - Filtering Notifications By Event:39)
	at com.kms.katalon.core.main.ScriptEngine.run(ScriptEngine.java:194)
	at com.kms.katalon.core.main.ScriptEngine.runScriptAsRawText(ScriptEngine.java:119)
	at com.kms.katalon.core.main.TestCaseExecutor.runScript(TestCaseExecutor.java:448)
	at com.kms.katalon.core.main.TestCaseExecutor.doExecute(TestCaseExecutor.java:439)
	at com.kms.katalon.core.main.TestCaseExecutor.processExecutionPhase(TestCaseExecutor.java:418)
	at com.kms.katalon.core.main.TestCaseExecutor.accessMainPhase(TestCaseExecutor.java:410)
	at com.kms.katalon.core.main.TestCaseExecutor.execute(TestCaseExecutor.java:285)
	at com.kms.katalon.core.common.CommonExecutor.accessTestCaseMainPhase(CommonExecutor.java:65)
	at com.kms.katalon.core.main.TestSuiteExecutor.accessTestSuiteMainPhase(TestSuiteExecutor.java:150)
	at com.kms.katalon.core.main.TestSuiteExecutor.execute(TestSuiteExecutor.java:106)
	at com.kms.katalon.core.main.TestCaseMain.startTestSuite(TestCaseMain.java:180)
	at com.kms.katalon.core.main.TestCaseMain$startTestSuite$0.call(Unknown Source)
	at TempTestSuite1761139089875.run(TempTestSuite1761139089875.groovy:35)
	at java.base/jdk.internal.reflect.NativeMethodAccessorImpl.invoke0(Native Method)
	at java.base/jdk.internal.reflect.NativeMethodAccessorImpl.invoke(NativeMethodAccessorImpl.java:77)
	at java.base/jdk.internal.reflect.DelegatingMethodAccessorImpl.invoke(DelegatingMethodAccessorImpl.java:43)
)

22-10-2025T10:28:34 - [MESSAGE][INFO] - Unable to find the element located by 'By.xpath: //*[@id="__BVID__10___BV_modal_footer_"]/button'. Please recheck the objects properties to make sure the desired element is located. 

22-10-2025T10:28:34 - [MESSAGE][WARNING] - [SELF-HEALING] Failed to find element with id 'Object Repository/TripFocus/Testing_Notification_btn'. Try using Self-healing.

22-10-2025T10:28:35 - [MESSAGE][INFO] - [SELF-HEALING] No working XPath is found.

22-10-2025T10:28:37 - [MESSAGE][INFO] - Unable to find the element located by 'By.xpath: '. Please recheck the objects properties to make sure the desired element is located. 

22-10-2025T10:28:37 - [MESSAGE][WARNING] - [SELF-HEALING] Cannot find elements when the selector is null

22-10-2025T10:28:37 - [MESSAGE][WARNING] - Web element with id: 'Object Repository/TripFocus/Testing_Notification_btn' located by '//*[@id="__BVID__10___BV_modal_footer_"]/button' not found (Root cause: com.kms.katalon.core.exception.StepFailedException: Web element with id: 'Object Repository/TripFocus/Testing_Notification_btn' located by '//*[@id="__BVID__10___BV_modal_footer_"]/button' not found
	at com.kms.katalon.core.webui.keyword.internal.WebUIKeywordMain.stepFailed(WebUIKeywordMain.groovy:117)
	at com.kms.katalon.core.webui.keyword.builtin.VerifyElementVisibleKeyword$_verifyElementVisible_closure1.doCall(VerifyElementVisibleKeyword.groovy:89)
	at com.kms.katalon.core.webui.keyword.builtin.VerifyElementVisibleKeyword$_verifyElementVisible_closure1.call(VerifyElementVisibleKeyword.groovy)
	at com.kms.katalon.core.webui.keyword.internal.WebUIKeywordMain.runKeyword(WebUIKeywordMain.groovy:35)
	at com.kms.katalon.core.webui.keyword.builtin.VerifyElementVisibleKeyword.verifyElementVisible(VerifyElementVisibleKeyword.groovy:97)
	at com.kms.katalon.core.webui.keyword.builtin.VerifyElementVisibleKeyword.execute(VerifyElementVisibleKeyword.groovy:67)
	at com.kms.katalon.core.keyword.internal.KeywordExecutor.executeKeywordForPlatform(KeywordExecutor.groovy:74)
	at com.kms.katalon.core.webui.keyword.WebUiBuiltInKeywords.verifyElementVisible(WebUiBuiltInKeywords.groovy:401)
	at com.kms.katalon.core.webui.keyword.WebUiBuiltInKeywords$verifyElementVisible$5.call(Unknown Source)
	at SPG - Filtering Notifications By Event.run(SPG - Filtering Notifications By Event:39)
	at com.kms.katalon.core.main.ScriptEngine.run(ScriptEngine.java:194)
	at com.kms.katalon.core.main.ScriptEngine.runScriptAsRawText(ScriptEngine.java:119)
	at com.kms.katalon.core.main.TestCaseExecutor.runScript(TestCaseExecutor.java:448)
	at com.kms.katalon.core.main.TestCaseExecutor.doExecute(TestCaseExecutor.java:439)
	at com.kms.katalon.core.main.TestCaseExecutor.processExecutionPhase(TestCaseExecutor.java:418)
	at com.kms.katalon.core.main.TestCaseExecutor.accessMainPhase(TestCaseExecutor.java:410)
	at com.kms.katalon.core.main.TestCaseExecutor.execute(TestCaseExecutor.java:285)
	at com.kms.katalon.core.common.CommonExecutor.accessTestCaseMainPhase(CommonExecutor.java:65)
	at com.kms.katalon.core.main.TestSuiteExecutor.accessTestSuiteMainPhase(TestSuiteExecutor.java:150)
	at com.kms.katalon.core.main.TestSuiteExecutor.execute(TestSuiteExecutor.java:106)
	at com.kms.katalon.core.main.TestCaseMain.startTestSuite(TestCaseMain.java:180)
	at com.kms.katalon.core.main.TestCaseMain$startTestSuite$0.call(Unknown Source)
	at TempTestSuite1761139089875.run(TempTestSuite1761139089875.groovy:35)
	at java.base/jdk.internal.reflect.NativeMethodAccessorImpl.invoke0(Native Method)
	at java.base/jdk.internal.reflect.NativeMethodAccessorImpl.invoke(NativeMethodAccessorImpl.java:77)
	at java.base/jdk.internal.reflect.DelegatingMethodAccessorImpl.invoke(DelegatingMethodAccessorImpl.java:43)
)

22-10-2025T10:28:37 - [TEST_STEP][PASSED] - click(findTestObject("TripFocus/Notifications/Notifications Tab")): Object: 'Object Repository/TripFocus/Notifications/Notifications Tab' is clicked on

22-10-2025T10:28:37 - [MESSAGE][PASSED] - Object: 'Object Repository/TripFocus/Notifications/Notifications Tab' is clicked on

22-10-2025T10:28:37 - [TEST_STEP][PASSED] - delay(6): Delayed 6 second(s)

22-10-2025T10:28:43 - [MESSAGE][PASSED] - Delayed 6 second(s)

22-10-2025T10:28:43 - [TEST_STEP][PASSED] - setText(findTestObject("TripFocus/Notifications/Search_txt"), "Order Planned"): Text 'Order Planned' is set on object 'Object Repository/TripFocus/Notifications/Search_txt'

22-10-2025T10:28:43 - [MESSAGE][PASSED] - Text 'Order Planned' is set on object 'Object Repository/TripFocus/Notifications/Search_txt'

22-10-2025T10:28:43 - [TEST_STEP][PASSED] - delay(2): Delayed 2 second(s)

22-10-2025T10:28:45 - [MESSAGE][PASSED] - Delayed 2 second(s)

22-10-2025T10:28:45 - [TEST_STEP][PASSED] - if (verifyElementPresent(findTestObject("TripFocus/Notifications/Events Column"), 10, OPTIONAL) == true): com.kms.katalon.core.webui.exception.WebElementNotFoundException: Web element with id: 'Object Repository/TripFocus/Notifications/Events Column' located by '/html/body/div/div[2]/div/main/div/div[2]/div[3]/div/div/div[3]/div/div/table/tbody/tr/td[4]' not found (Root cause: com.kms.katalon.core.exception.StepFailedException: com.kms.katalon.core.webui.exception.WebElementNotFoundException: Web element with id: 'Object Repository/TripFocus/Notifications/Events Column' located by '/html/body/div/div[2]/div/main/div/div[2]/div[3]/div/div/div[3]/div/div/table/tbody/tr/td[4]' not found
	at com.kms.katalon.core.webui.keyword.internal.WebUIKeywordMain.stepFailed(WebUIKeywordMain.groovy:117)
	at com.kms.katalon.core.webui.keyword.builtin.VerifyElementPresentKeyword$_verifyElementPresent_closure1.doCall(VerifyElementPresentKeyword.groovy:85)
	at com.kms.katalon.core.webui.keyword.builtin.VerifyElementPresentKeyword$_verifyElementPresent_closure1.call(VerifyElementPresentKeyword.groovy)
	at com.kms.katalon.core.webui.keyword.internal.WebUIKeywordMain.runKeyword(WebUIKeywordMain.groovy:35)
	at com.kms.katalon.core.webui.keyword.builtin.VerifyElementPresentKeyword.verifyElementPresent(VerifyElementPresentKeyword.groovy:92)
	at com.kms.katalon.core.webui.keyword.builtin.VerifyElementPresentKeyword.execute(VerifyElementPresentKeyword.groovy:68)
	at com.kms.katalon.core.keyword.internal.KeywordExecutor.executeKeywordForPlatform(KeywordExecutor.groovy:74)
	at com.kms.katalon.core.webui.keyword.WebUiBuiltInKeywords.verifyElementPresent(WebUiBuiltInKeywords.groovy:1487)
	at com.kms.katalon.core.webui.keyword.WebUiBuiltInKeywords$verifyElementPresent$9.call(Unknown Source)
	at SPG - Filtering Notifications By Event.run(SPG - Filtering Notifications By Event:53)
	at com.kms.katalon.core.main.ScriptEngine.run(ScriptEngine.java:194)
	at com.kms.katalon.core.main.ScriptEngine.runScriptAsRawText(ScriptEngine.java:119)
	at com.kms.katalon.core.main.TestCaseExecutor.runScript(TestCaseExecutor.java:448)
	at com.kms.katalon.core.main.TestCaseExecutor.doExecute(TestCaseExecutor.java:439)
	at com.kms.katalon.core.main.TestCaseExecutor.processExecutionPhase(TestCaseExecutor.java:418)
	at com.kms.katalon.core.main.TestCaseExecutor.accessMainPhase(TestCaseExecutor.java:410)
	at com.kms.katalon.core.main.TestCaseExecutor.execute(TestCaseExecutor.java:285)
	at com.kms.katalon.core.common.CommonExecutor.accessTestCaseMainPhase(CommonExecutor.java:65)
	at com.kms.katalon.core.main.TestSuiteExecutor.accessTestSuiteMainPhase(TestSuiteExecutor.java:150)
	at com.kms.katalon.core.main.TestSuiteExecutor.execute(TestSuiteExecutor.java:106)
	at com.kms.katalon.core.main.TestCaseMain.startTestSuite(TestCaseMain.java:180)
	at com.kms.katalon.core.main.TestCaseMain$startTestSuite$0.call(Unknown Source)
	at TempTestSuite1761139089875.run(TempTestSuite1761139089875.groovy:35)
	at java.base/jdk.internal.reflect.NativeMethodAccessorImpl.invoke0(Native Method)
	at java.base/jdk.internal.reflect.NativeMethodAccessorImpl.invoke(NativeMethodAccessorImpl.java:77)
	at java.base/jdk.internal.reflect.DelegatingMethodAccessorImpl.invoke(DelegatingMethodAccessorImpl.java:43)
)

22-10-2025T10:28:56 - [MESSAGE][INFO] - Unable to find the element located by 'By.xpath: /html/body/div/div[2]/div/main/div/div[2]/div[3]/div/div/div[3]/div/div/table/tbody/tr/td[4]'. Please recheck the objects properties to make sure the desired element is located. 

22-10-2025T10:28:56 - [MESSAGE][WARNING] - com.kms.katalon.core.webui.exception.WebElementNotFoundException: Web element with id: 'Object Repository/TripFocus/Notifications/Events Column' located by '/html/body/div/div[2]/div/main/div/div[2]/div[3]/div/div/div[3]/div/div/table/tbody/tr/td[4]' not found (Root cause: com.kms.katalon.core.exception.StepFailedException: com.kms.katalon.core.webui.exception.WebElementNotFoundException: Web element with id: 'Object Repository/TripFocus/Notifications/Events Column' located by '/html/body/div/div[2]/div/main/div/div[2]/div[3]/div/div/div[3]/div/div/table/tbody/tr/td[4]' not found
	at com.kms.katalon.core.webui.keyword.internal.WebUIKeywordMain.stepFailed(WebUIKeywordMain.groovy:117)
	at com.kms.katalon.core.webui.keyword.builtin.VerifyElementPresentKeyword$_verifyElementPresent_closure1.doCall(VerifyElementPresentKeyword.groovy:85)
	at com.kms.katalon.core.webui.keyword.builtin.VerifyElementPresentKeyword$_verifyElementPresent_closure1.call(VerifyElementPresentKeyword.groovy)
	at com.kms.katalon.core.webui.keyword.internal.WebUIKeywordMain.runKeyword(WebUIKeywordMain.groovy:35)
	at com.kms.katalon.core.webui.keyword.builtin.VerifyElementPresentKeyword.verifyElementPresent(VerifyElementPresentKeyword.groovy:92)
	at com.kms.katalon.core.webui.keyword.builtin.VerifyElementPresentKeyword.execute(VerifyElementPresentKeyword.groovy:68)
	at com.kms.katalon.core.keyword.internal.KeywordExecutor.executeKeywordForPlatform(KeywordExecutor.groovy:74)
	at com.kms.katalon.core.webui.keyword.WebUiBuiltInKeywords.verifyElementPresent(WebUiBuiltInKeywords.groovy:1487)
	at com.kms.katalon.core.webui.keyword.WebUiBuiltInKeywords$verifyElementPresent$9.call(Unknown Source)
	at SPG - Filtering Notifications By Event.run(SPG - Filtering Notifications By Event:53)
	at com.kms.katalon.core.main.ScriptEngine.run(ScriptEngine.java:194)
	at com.kms.katalon.core.main.ScriptEngine.runScriptAsRawText(ScriptEngine.java:119)
	at com.kms.katalon.core.main.TestCaseExecutor.runScript(TestCaseExecutor.java:448)
	at com.kms.katalon.core.main.TestCaseExecutor.doExecute(TestCaseExecutor.java:439)
	at com.kms.katalon.core.main.TestCaseExecutor.processExecutionPhase(TestCaseExecutor.java:418)
	at com.kms.katalon.core.main.TestCaseExecutor.accessMainPhase(TestCaseExecutor.java:410)
	at com.kms.katalon.core.main.TestCaseExecutor.execute(TestCaseExecutor.java:285)
	at com.kms.katalon.core.common.CommonExecutor.accessTestCaseMainPhase(CommonExecutor.java:65)
	at com.kms.katalon.core.main.TestSuiteExecutor.accessTestSuiteMainPhase(TestSuiteExecutor.java:150)
	at com.kms.katalon.core.main.TestSuiteExecutor.execute(TestSuiteExecutor.java:106)
	at com.kms.katalon.core.main.TestCaseMain.startTestSuite(TestCaseMain.java:180)
	at com.kms.katalon.core.main.TestCaseMain$startTestSuite$0.call(Unknown Source)
	at TempTestSuite1761139089875.run(TempTestSuite1761139089875.groovy:35)
	at java.base/jdk.internal.reflect.NativeMethodAccessorImpl.invoke0(Native Method)
	at java.base/jdk.internal.reflect.NativeMethodAccessorImpl.invoke(NativeMethodAccessorImpl.java:77)
	at java.base/jdk.internal.reflect.DelegatingMethodAccessorImpl.invoke(DelegatingMethodAccessorImpl.java:43)
)

22-10-2025T10:28:56 - [TEST_STEP][PASSED] - else: Browser is closed

22-10-2025T10:28:56 - [TEST_STEP][PASSED] - closeBrowser(): Browser is closed

22-10-2025T10:28:57 - [MESSAGE][PASSED] - Browser is closed

22-10-2025T10:28:57 - [TEST_STEP][PASSED] - Start listener action : retryOnDisconnect: null

22-10-2025T10:28:57 - [TEST_STEP][PASSED] - tcId = testCaseContext.getTestCaseId(): null

22-10-2025T10:28:57 - [TEST_STEP][PASSED] - currentRetry = retryCounts.getOrDefault(tcId, 0): null

22-10-2025T10:28:57 - [TEST_STEP][PASSED] - if (testCaseContext.getTestCaseStatus() == "FAILED" && currentRetry < MAX_RETRIES): null]]></system-out>
         <system-err><![CDATA[]]></system-err>
      </testcase>
      <testcase name="Test Cases/TripFocus/SPG/SPG - Notification/SPG - Filtering Notifications By Send To Column" time="70.238" classname="Test Cases/TripFocus/SPG/SPG - Notification/SPG - Filtering Notifications By Send To Column" status="PASSED">
         <system-out><![CDATA[22-10-2025T10:28:57 - [TEST_CASE][PASSED] - Test Cases/TripFocus/SPG/SPG - Notification/SPG - Filtering Notifications By Send To Column: Test Cases/TripFocus/SPG/SPG - Notification/SPG - Filtering Notifications By Send To Column

22-10-2025T10:28:57 - [TEST_STEP][PASSED] - Start listener action : beforeTestCase: null

22-10-2025T10:28:57 - [TEST_STEP][PASSED] - addDefaultPackages(): null

22-10-2025T10:28:57 - [TEST_STEP][PASSED] - openBrowser(""): Browser is opened with url: ''

22-10-2025T10:28:57 - [MESSAGE][INFO] - Starting 'Chrome' driver

22-10-2025T10:28:57 - [MESSAGE][INFO] - User set preference: ['args', '[--no-sandbox, --disable-gpu, --disable-dev-shm-usage]']

22-10-2025T10:28:57 - [MESSAGE][INFO] - Action delay is set to 0 milliseconds

22-10-2025T10:28:57 - [MESSAGE][PASSED] - Browser is opened with url: ''

22-10-2025T10:28:57 - [TEST_STEP][PASSED] - navigateToUrl(TFBaseURL): Navigate to 'https://www.qa.tripfocus.com' successfully

22-10-2025T10:28:58 - [MESSAGE][PASSED] - Navigate to 'https://www.qa.tripfocus.com' successfully

22-10-2025T10:28:58 - [TEST_STEP][PASSED] - click(findTestObject("Object Repository/TripFocus/Page_TripFocus/button_Sign in")): Object: 'Object Repository/TripFocus/Page_TripFocus/button_Sign in' is clicked on

22-10-2025T10:28:58 - [MESSAGE][PASSED] - Object: 'Object Repository/TripFocus/Page_TripFocus/button_Sign in' is clicked on

22-10-2025T10:28:58 - [TEST_STEP][PASSED] - setText(findTestObject("TripFocus/Username_txt"), TripFocusBleachTechSPGUsername): Text 'Ashford.Chenault+BleachtechCustomerSPGONLY@thekag.com' is set on object 'Object Repository/TripFocus/Username_txt'

22-10-2025T10:28:59 - [MESSAGE][PASSED] - Text 'Ashford.Chenault+BleachtechCustomerSPGONLY@thekag.com' is set on object 'Object Repository/TripFocus/Username_txt'

22-10-2025T10:28:59 - [TEST_STEP][PASSED] - setText(findTestObject("TripFocus/Password_txt"), TripFocusFDGSPGPassword): Text 'CrashBan911!!' is set on object 'Object Repository/TripFocus/Password_txt'

22-10-2025T10:29:00 - [MESSAGE][PASSED] - Text 'CrashBan911!!' is set on object 'Object Repository/TripFocus/Password_txt'

22-10-2025T10:29:00 - [TEST_STEP][PASSED] - click(findTestObject("Object Repository/TripFocus/Page_TripFocus/button_Login")): Object: 'Object Repository/TripFocus/Page_TripFocus/button_Login' is clicked on

22-10-2025T10:29:00 - [MESSAGE][PASSED] - Object: 'Object Repository/TripFocus/Page_TripFocus/button_Login' is clicked on

22-10-2025T10:29:00 - [TEST_STEP][PASSED] - maximizeWindow(): Current window maximized

22-10-2025T10:29:00 - [MESSAGE][PASSED] - Current window maximized

22-10-2025T10:29:00 - [TEST_STEP][PASSED] - waitForElementVisible(findTestObject("TripFocus/Testing_Notification_btn"), 15, OPTIONAL): Web element with id: 'Object Repository/TripFocus/Testing_Notification_btn' located by '//*[@id="__BVID__10___BV_modal_footer_"]/button' not found

22-10-2025T10:29:16 - [MESSAGE][INFO] - Unable to find the element located by 'By.xpath: //*[@id="__BVID__10___BV_modal_footer_"]/button'. Please recheck the objects properties to make sure the desired element is located. 

22-10-2025T10:29:16 - [MESSAGE][WARNING] - [SELF-HEALING] Failed to find element with id 'Object Repository/TripFocus/Testing_Notification_btn'. Try using Self-healing.

22-10-2025T10:29:17 - [MESSAGE][INFO] - [SELF-HEALING] No working XPath is found.

22-10-2025T10:29:19 - [MESSAGE][INFO] - Unable to find the element located by 'By.xpath: '. Please recheck the objects properties to make sure the desired element is located. 

22-10-2025T10:29:19 - [MESSAGE][WARNING] - [SELF-HEALING] Cannot find elements when the selector is null

22-10-2025T10:29:19 - [MESSAGE][WARNING] - Web element with id: 'Object Repository/TripFocus/Testing_Notification_btn' located by '//*[@id="__BVID__10___BV_modal_footer_"]/button' not found

22-10-2025T10:29:19 - [TEST_STEP][PASSED] - if (verifyElementVisible(findTestObject("TripFocus/Testing_Notification_btn"), OPTIONAL) == true): Web element with id: 'Object Repository/TripFocus/Testing_Notification_btn' located by '//*[@id="__BVID__10___BV_modal_footer_"]/button' not found (Root cause: com.kms.katalon.core.exception.StepFailedException: Web element with id: 'Object Repository/TripFocus/Testing_Notification_btn' located by '//*[@id="__BVID__10___BV_modal_footer_"]/button' not found
	at com.kms.katalon.core.webui.keyword.internal.WebUIKeywordMain.stepFailed(WebUIKeywordMain.groovy:117)
	at com.kms.katalon.core.webui.keyword.builtin.VerifyElementVisibleKeyword$_verifyElementVisible_closure1.doCall(VerifyElementVisibleKeyword.groovy:89)
	at com.kms.katalon.core.webui.keyword.builtin.VerifyElementVisibleKeyword$_verifyElementVisible_closure1.call(VerifyElementVisibleKeyword.groovy)
	at com.kms.katalon.core.webui.keyword.internal.WebUIKeywordMain.runKeyword(WebUIKeywordMain.groovy:35)
	at com.kms.katalon.core.webui.keyword.builtin.VerifyElementVisibleKeyword.verifyElementVisible(VerifyElementVisibleKeyword.groovy:97)
	at com.kms.katalon.core.webui.keyword.builtin.VerifyElementVisibleKeyword.execute(VerifyElementVisibleKeyword.groovy:67)
	at com.kms.katalon.core.keyword.internal.KeywordExecutor.executeKeywordForPlatform(KeywordExecutor.groovy:74)
	at com.kms.katalon.core.webui.keyword.WebUiBuiltInKeywords.verifyElementVisible(WebUiBuiltInKeywords.groovy:401)
	at com.kms.katalon.core.webui.keyword.WebUiBuiltInKeywords$verifyElementVisible$5.call(Unknown Source)
	at SPG - Filtering Notifications By Send To Column.run(SPG - Filtering Notifications By Send To Column:37)
	at com.kms.katalon.core.main.ScriptEngine.run(ScriptEngine.java:194)
	at com.kms.katalon.core.main.ScriptEngine.runScriptAsRawText(ScriptEngine.java:119)
	at com.kms.katalon.core.main.TestCaseExecutor.runScript(TestCaseExecutor.java:448)
	at com.kms.katalon.core.main.TestCaseExecutor.doExecute(TestCaseExecutor.java:439)
	at com.kms.katalon.core.main.TestCaseExecutor.processExecutionPhase(TestCaseExecutor.java:418)
	at com.kms.katalon.core.main.TestCaseExecutor.accessMainPhase(TestCaseExecutor.java:410)
	at com.kms.katalon.core.main.TestCaseExecutor.execute(TestCaseExecutor.java:285)
	at com.kms.katalon.core.common.CommonExecutor.accessTestCaseMainPhase(CommonExecutor.java:65)
	at com.kms.katalon.core.main.TestSuiteExecutor.accessTestSuiteMainPhase(TestSuiteExecutor.java:150)
	at com.kms.katalon.core.main.TestSuiteExecutor.execute(TestSuiteExecutor.java:106)
	at com.kms.katalon.core.main.TestCaseMain.startTestSuite(TestCaseMain.java:180)
	at com.kms.katalon.core.main.TestCaseMain$startTestSuite$0.call(Unknown Source)
	at TempTestSuite1761139089875.run(TempTestSuite1761139089875.groovy:35)
	at java.base/jdk.internal.reflect.NativeMethodAccessorImpl.invoke0(Native Method)
	at java.base/jdk.internal.reflect.NativeMethodAccessorImpl.invoke(NativeMethodAccessorImpl.java:77)
	at java.base/jdk.internal.reflect.DelegatingMethodAccessorImpl.invoke(DelegatingMethodAccessorImpl.java:43)
)

22-10-2025T10:29:35 - [MESSAGE][INFO] - Unable to find the element located by 'By.xpath: //*[@id="__BVID__10___BV_modal_footer_"]/button'. Please recheck the objects properties to make sure the desired element is located. 

22-10-2025T10:29:35 - [MESSAGE][WARNING] - [SELF-HEALING] Failed to find element with id 'Object Repository/TripFocus/Testing_Notification_btn'. Try using Self-healing.

22-10-2025T10:29:36 - [MESSAGE][INFO] - [SELF-HEALING] No working XPath is found.

22-10-2025T10:29:38 - [MESSAGE][INFO] - Unable to find the element located by 'By.xpath: '. Please recheck the objects properties to make sure the desired element is located. 

22-10-2025T10:29:38 - [MESSAGE][WARNING] - [SELF-HEALING] Cannot find elements when the selector is null

22-10-2025T10:29:38 - [MESSAGE][WARNING] - Web element with id: 'Object Repository/TripFocus/Testing_Notification_btn' located by '//*[@id="__BVID__10___BV_modal_footer_"]/button' not found (Root cause: com.kms.katalon.core.exception.StepFailedException: Web element with id: 'Object Repository/TripFocus/Testing_Notification_btn' located by '//*[@id="__BVID__10___BV_modal_footer_"]/button' not found
	at com.kms.katalon.core.webui.keyword.internal.WebUIKeywordMain.stepFailed(WebUIKeywordMain.groovy:117)
	at com.kms.katalon.core.webui.keyword.builtin.VerifyElementVisibleKeyword$_verifyElementVisible_closure1.doCall(VerifyElementVisibleKeyword.groovy:89)
	at com.kms.katalon.core.webui.keyword.builtin.VerifyElementVisibleKeyword$_verifyElementVisible_closure1.call(VerifyElementVisibleKeyword.groovy)
	at com.kms.katalon.core.webui.keyword.internal.WebUIKeywordMain.runKeyword(WebUIKeywordMain.groovy:35)
	at com.kms.katalon.core.webui.keyword.builtin.VerifyElementVisibleKeyword.verifyElementVisible(VerifyElementVisibleKeyword.groovy:97)
	at com.kms.katalon.core.webui.keyword.builtin.VerifyElementVisibleKeyword.execute(VerifyElementVisibleKeyword.groovy:67)
	at com.kms.katalon.core.keyword.internal.KeywordExecutor.executeKeywordForPlatform(KeywordExecutor.groovy:74)
	at com.kms.katalon.core.webui.keyword.WebUiBuiltInKeywords.verifyElementVisible(WebUiBuiltInKeywords.groovy:401)
	at com.kms.katalon.core.webui.keyword.WebUiBuiltInKeywords$verifyElementVisible$5.call(Unknown Source)
	at SPG - Filtering Notifications By Send To Column.run(SPG - Filtering Notifications By Send To Column:37)
	at com.kms.katalon.core.main.ScriptEngine.run(ScriptEngine.java:194)
	at com.kms.katalon.core.main.ScriptEngine.runScriptAsRawText(ScriptEngine.java:119)
	at com.kms.katalon.core.main.TestCaseExecutor.runScript(TestCaseExecutor.java:448)
	at com.kms.katalon.core.main.TestCaseExecutor.doExecute(TestCaseExecutor.java:439)
	at com.kms.katalon.core.main.TestCaseExecutor.processExecutionPhase(TestCaseExecutor.java:418)
	at com.kms.katalon.core.main.TestCaseExecutor.accessMainPhase(TestCaseExecutor.java:410)
	at com.kms.katalon.core.main.TestCaseExecutor.execute(TestCaseExecutor.java:285)
	at com.kms.katalon.core.common.CommonExecutor.accessTestCaseMainPhase(CommonExecutor.java:65)
	at com.kms.katalon.core.main.TestSuiteExecutor.accessTestSuiteMainPhase(TestSuiteExecutor.java:150)
	at com.kms.katalon.core.main.TestSuiteExecutor.execute(TestSuiteExecutor.java:106)
	at com.kms.katalon.core.main.TestCaseMain.startTestSuite(TestCaseMain.java:180)
	at com.kms.katalon.core.main.TestCaseMain$startTestSuite$0.call(Unknown Source)
	at TempTestSuite1761139089875.run(TempTestSuite1761139089875.groovy:35)
	at java.base/jdk.internal.reflect.NativeMethodAccessorImpl.invoke0(Native Method)
	at java.base/jdk.internal.reflect.NativeMethodAccessorImpl.invoke(NativeMethodAccessorImpl.java:77)
	at java.base/jdk.internal.reflect.DelegatingMethodAccessorImpl.invoke(DelegatingMethodAccessorImpl.java:43)
)

22-10-2025T10:29:38 - [TEST_STEP][PASSED] - click(findTestObject("TripFocus/Notifications/Notifications Tab")): Object: 'Object Repository/TripFocus/Notifications/Notifications Tab' is clicked on

22-10-2025T10:29:38 - [MESSAGE][PASSED] - Object: 'Object Repository/TripFocus/Notifications/Notifications Tab' is clicked on

22-10-2025T10:29:38 - [TEST_STEP][PASSED] - delay(15): Delayed 15 second(s)

22-10-2025T10:29:53 - [MESSAGE][PASSED] - Delayed 15 second(s)

22-10-2025T10:29:53 - [TEST_STEP][PASSED] - setText(findTestObject("TripFocus/Notifications/Search_txt"), "bhargaci.guggella@thekag.com"): Text 'bhargaci.guggella@thekag.com' is set on object 'Object Repository/TripFocus/Notifications/Search_txt'

22-10-2025T10:29:54 - [MESSAGE][PASSED] - Text 'bhargaci.guggella@thekag.com' is set on object 'Object Repository/TripFocus/Notifications/Search_txt'

22-10-2025T10:29:54 - [TEST_STEP][PASSED] - delay(2): Delayed 2 second(s)

22-10-2025T10:29:56 - [MESSAGE][PASSED] - Delayed 2 second(s)

22-10-2025T10:29:56 - [TEST_STEP][PASSED] - if (verifyElementPresent(findTestObject("TripFocus/Notifications/Send To Column"), 10, OPTIONAL) == true): com.kms.katalon.core.webui.exception.WebElementNotFoundException: Web element with id: 'Object Repository/TripFocus/Notifications/Send To Column' located by '/html/body/div/div[2]/div/main/div/div[2]/div[3]/div/div/div[3]/div/div/table/tbody/tr/td[3]' not found (Root cause: com.kms.katalon.core.exception.StepFailedException: com.kms.katalon.core.webui.exception.WebElementNotFoundException: Web element with id: 'Object Repository/TripFocus/Notifications/Send To Column' located by '/html/body/div/div[2]/div/main/div/div[2]/div[3]/div/div/div[3]/div/div/table/tbody/tr/td[3]' not found
	at com.kms.katalon.core.webui.keyword.internal.WebUIKeywordMain.stepFailed(WebUIKeywordMain.groovy:117)
	at com.kms.katalon.core.webui.keyword.builtin.VerifyElementPresentKeyword$_verifyElementPresent_closure1.doCall(VerifyElementPresentKeyword.groovy:85)
	at com.kms.katalon.core.webui.keyword.builtin.VerifyElementPresentKeyword$_verifyElementPresent_closure1.call(VerifyElementPresentKeyword.groovy)
	at com.kms.katalon.core.webui.keyword.internal.WebUIKeywordMain.runKeyword(WebUIKeywordMain.groovy:35)
	at com.kms.katalon.core.webui.keyword.builtin.VerifyElementPresentKeyword.verifyElementPresent(VerifyElementPresentKeyword.groovy:92)
	at com.kms.katalon.core.webui.keyword.builtin.VerifyElementPresentKeyword.execute(VerifyElementPresentKeyword.groovy:68)
	at com.kms.katalon.core.keyword.internal.KeywordExecutor.executeKeywordForPlatform(KeywordExecutor.groovy:74)
	at com.kms.katalon.core.webui.keyword.WebUiBuiltInKeywords.verifyElementPresent(WebUiBuiltInKeywords.groovy:1487)
	at com.kms.katalon.core.webui.keyword.WebUiBuiltInKeywords$verifyElementPresent$9.call(Unknown Source)
	at SPG - Filtering Notifications By Send To Column.run(SPG - Filtering Notifications By Send To Column:51)
	at com.kms.katalon.core.main.ScriptEngine.run(ScriptEngine.java:194)
	at com.kms.katalon.core.main.ScriptEngine.runScriptAsRawText(ScriptEngine.java:119)
	at com.kms.katalon.core.main.TestCaseExecutor.runScript(TestCaseExecutor.java:448)
	at com.kms.katalon.core.main.TestCaseExecutor.doExecute(TestCaseExecutor.java:439)
	at com.kms.katalon.core.main.TestCaseExecutor.processExecutionPhase(TestCaseExecutor.java:418)
	at com.kms.katalon.core.main.TestCaseExecutor.accessMainPhase(TestCaseExecutor.java:410)
	at com.kms.katalon.core.main.TestCaseExecutor.execute(TestCaseExecutor.java:285)
	at com.kms.katalon.core.common.CommonExecutor.accessTestCaseMainPhase(CommonExecutor.java:65)
	at com.kms.katalon.core.main.TestSuiteExecutor.accessTestSuiteMainPhase(TestSuiteExecutor.java:150)
	at com.kms.katalon.core.main.TestSuiteExecutor.execute(TestSuiteExecutor.java:106)
	at com.kms.katalon.core.main.TestCaseMain.startTestSuite(TestCaseMain.java:180)
	at com.kms.katalon.core.main.TestCaseMain$startTestSuite$0.call(Unknown Source)
	at TempTestSuite1761139089875.run(TempTestSuite1761139089875.groovy:35)
	at java.base/jdk.internal.reflect.NativeMethodAccessorImpl.invoke0(Native Method)
	at java.base/jdk.internal.reflect.NativeMethodAccessorImpl.invoke(NativeMethodAccessorImpl.java:77)
	at java.base/jdk.internal.reflect.DelegatingMethodAccessorImpl.invoke(DelegatingMethodAccessorImpl.java:43)
)

22-10-2025T10:30:07 - [MESSAGE][INFO] - Unable to find the element located by 'By.xpath: /html/body/div/div[2]/div/main/div/div[2]/div[3]/div/div/div[3]/div/div/table/tbody/tr/td[3]'. Please recheck the objects properties to make sure the desired element is located. 

22-10-2025T10:30:07 - [MESSAGE][WARNING] - com.kms.katalon.core.webui.exception.WebElementNotFoundException: Web element with id: 'Object Repository/TripFocus/Notifications/Send To Column' located by '/html/body/div/div[2]/div/main/div/div[2]/div[3]/div/div/div[3]/div/div/table/tbody/tr/td[3]' not found (Root cause: com.kms.katalon.core.exception.StepFailedException: com.kms.katalon.core.webui.exception.WebElementNotFoundException: Web element with id: 'Object Repository/TripFocus/Notifications/Send To Column' located by '/html/body/div/div[2]/div/main/div/div[2]/div[3]/div/div/div[3]/div/div/table/tbody/tr/td[3]' not found
	at com.kms.katalon.core.webui.keyword.internal.WebUIKeywordMain.stepFailed(WebUIKeywordMain.groovy:117)
	at com.kms.katalon.core.webui.keyword.builtin.VerifyElementPresentKeyword$_verifyElementPresent_closure1.doCall(VerifyElementPresentKeyword.groovy:85)
	at com.kms.katalon.core.webui.keyword.builtin.VerifyElementPresentKeyword$_verifyElementPresent_closure1.call(VerifyElementPresentKeyword.groovy)
	at com.kms.katalon.core.webui.keyword.internal.WebUIKeywordMain.runKeyword(WebUIKeywordMain.groovy:35)
	at com.kms.katalon.core.webui.keyword.builtin.VerifyElementPresentKeyword.verifyElementPresent(VerifyElementPresentKeyword.groovy:92)
	at com.kms.katalon.core.webui.keyword.builtin.VerifyElementPresentKeyword.execute(VerifyElementPresentKeyword.groovy:68)
	at com.kms.katalon.core.keyword.internal.KeywordExecutor.executeKeywordForPlatform(KeywordExecutor.groovy:74)
	at com.kms.katalon.core.webui.keyword.WebUiBuiltInKeywords.verifyElementPresent(WebUiBuiltInKeywords.groovy:1487)
	at com.kms.katalon.core.webui.keyword.WebUiBuiltInKeywords$verifyElementPresent$9.call(Unknown Source)
	at SPG - Filtering Notifications By Send To Column.run(SPG - Filtering Notifications By Send To Column:51)
	at com.kms.katalon.core.main.ScriptEngine.run(ScriptEngine.java:194)
	at com.kms.katalon.core.main.ScriptEngine.runScriptAsRawText(ScriptEngine.java:119)
	at com.kms.katalon.core.main.TestCaseExecutor.runScript(TestCaseExecutor.java:448)
	at com.kms.katalon.core.main.TestCaseExecutor.doExecute(TestCaseExecutor.java:439)
	at com.kms.katalon.core.main.TestCaseExecutor.processExecutionPhase(TestCaseExecutor.java:418)
	at com.kms.katalon.core.main.TestCaseExecutor.accessMainPhase(TestCaseExecutor.java:410)
	at com.kms.katalon.core.main.TestCaseExecutor.execute(TestCaseExecutor.java:285)
	at com.kms.katalon.core.common.CommonExecutor.accessTestCaseMainPhase(CommonExecutor.java:65)
	at com.kms.katalon.core.main.TestSuiteExecutor.accessTestSuiteMainPhase(TestSuiteExecutor.java:150)
	at com.kms.katalon.core.main.TestSuiteExecutor.execute(TestSuiteExecutor.java:106)
	at com.kms.katalon.core.main.TestCaseMain.startTestSuite(TestCaseMain.java:180)
	at com.kms.katalon.core.main.TestCaseMain$startTestSuite$0.call(Unknown Source)
	at TempTestSuite1761139089875.run(TempTestSuite1761139089875.groovy:35)
	at java.base/jdk.internal.reflect.NativeMethodAccessorImpl.invoke0(Native Method)
	at java.base/jdk.internal.reflect.NativeMethodAccessorImpl.invoke(NativeMethodAccessorImpl.java:77)
	at java.base/jdk.internal.reflect.DelegatingMethodAccessorImpl.invoke(DelegatingMethodAccessorImpl.java:43)
)

22-10-2025T10:30:07 - [TEST_STEP][PASSED] - else: Browser is closed

22-10-2025T10:30:07 - [TEST_STEP][PASSED] - closeBrowser(): Browser is closed

22-10-2025T10:30:07 - [MESSAGE][PASSED] - Browser is closed

22-10-2025T10:30:07 - [TEST_STEP][PASSED] - Start listener action : retryOnDisconnect: null

22-10-2025T10:30:07 - [TEST_STEP][PASSED] - tcId = testCaseContext.getTestCaseId(): null

22-10-2025T10:30:07 - [TEST_STEP][PASSED] - currentRetry = retryCounts.getOrDefault(tcId, 0): null

22-10-2025T10:30:07 - [TEST_STEP][PASSED] - if (testCaseContext.getTestCaseStatus() == "FAILED" && currentRetry < MAX_RETRIES): null]]></system-out>
         <system-err><![CDATA[]]></system-err>
      </testcase>
      <testcase name="Test Cases/TripFocus/SPG/SPG - Notification/SPG - Verify Adding Text to Send To Field" time="53.948" classname="Test Cases/TripFocus/SPG/SPG - Notification/SPG - Verify Adding Text to Send To Field" status="PASSED">
         <system-out><![CDATA[22-10-2025T10:30:07 - [TEST_CASE][PASSED] - Test Cases/TripFocus/SPG/SPG - Notification/SPG - Verify Adding Text to Send To Field: Test Cases/TripFocus/SPG/SPG - Notification/SPG - Verify Adding Text to Send To Field

22-10-2025T10:30:07 - [TEST_STEP][PASSED] - Start listener action : beforeTestCase: null

22-10-2025T10:30:07 - [TEST_STEP][PASSED] - addDefaultPackages(): null

22-10-2025T10:30:07 - [TEST_STEP][PASSED] - openBrowser(""): Browser is opened with url: ''

22-10-2025T10:30:07 - [MESSAGE][INFO] - Starting 'Chrome' driver

22-10-2025T10:30:07 - [MESSAGE][INFO] - User set preference: ['args', '[--no-sandbox, --disable-gpu, --disable-dev-shm-usage]']

22-10-2025T10:30:07 - [MESSAGE][INFO] - Action delay is set to 0 milliseconds

22-10-2025T10:30:08 - [MESSAGE][PASSED] - Browser is opened with url: ''

22-10-2025T10:30:08 - [TEST_STEP][PASSED] - navigateToUrl(TFBaseURL): Navigate to 'https://www.qa.tripfocus.com' successfully

22-10-2025T10:30:08 - [MESSAGE][PASSED] - Navigate to 'https://www.qa.tripfocus.com' successfully

22-10-2025T10:30:08 - [TEST_STEP][PASSED] - click(findTestObject("Object Repository/TripFocus/Page_TripFocus/button_Sign in")): Object: 'Object Repository/TripFocus/Page_TripFocus/button_Sign in' is clicked on

22-10-2025T10:30:09 - [MESSAGE][PASSED] - Object: 'Object Repository/TripFocus/Page_TripFocus/button_Sign in' is clicked on

22-10-2025T10:30:09 - [TEST_STEP][PASSED] - setText(findTestObject("TripFocus/Username_txt"), TripFocusBleachTechSPGUsername): Text 'Ashford.Chenault+BleachtechCustomerSPGONLY@thekag.com' is set on object 'Object Repository/TripFocus/Username_txt'

22-10-2025T10:30:09 - [MESSAGE][PASSED] - Text 'Ashford.Chenault+BleachtechCustomerSPGONLY@thekag.com' is set on object 'Object Repository/TripFocus/Username_txt'

22-10-2025T10:30:09 - [TEST_STEP][PASSED] - setText(findTestObject("TripFocus/Password_txt"), TripFocusFDGSPGPassword): Text 'CrashBan911!!' is set on object 'Object Repository/TripFocus/Password_txt'

22-10-2025T10:30:10 - [MESSAGE][PASSED] - Text 'CrashBan911!!' is set on object 'Object Repository/TripFocus/Password_txt'

22-10-2025T10:30:10 - [TEST_STEP][PASSED] - click(findTestObject("Object Repository/TripFocus/Page_TripFocus/button_Login")): Object: 'Object Repository/TripFocus/Page_TripFocus/button_Login' is clicked on

22-10-2025T10:30:10 - [MESSAGE][PASSED] - Object: 'Object Repository/TripFocus/Page_TripFocus/button_Login' is clicked on

22-10-2025T10:30:10 - [TEST_STEP][PASSED] - maximizeWindow(): Current window maximized

22-10-2025T10:30:10 - [MESSAGE][PASSED] - Current window maximized

22-10-2025T10:30:10 - [TEST_STEP][PASSED] - waitForElementVisible(findTestObject("TripFocus/Testing_Notification_btn"), 15, OPTIONAL): Web element with id: 'Object Repository/TripFocus/Testing_Notification_btn' located by '//*[@id="__BVID__10___BV_modal_footer_"]/button' not found

22-10-2025T10:30:26 - [MESSAGE][INFO] - Unable to find the element located by 'By.xpath: //*[@id="__BVID__10___BV_modal_footer_"]/button'. Please recheck the objects properties to make sure the desired element is located. 

22-10-2025T10:30:26 - [MESSAGE][WARNING] - [SELF-HEALING] Failed to find element with id 'Object Repository/TripFocus/Testing_Notification_btn'. Try using Self-healing.

22-10-2025T10:30:27 - [MESSAGE][INFO] - [SELF-HEALING] No working XPath is found.

22-10-2025T10:30:29 - [MESSAGE][INFO] - Unable to find the element located by 'By.xpath: '. Please recheck the objects properties to make sure the desired element is located. 

22-10-2025T10:30:29 - [MESSAGE][WARNING] - [SELF-HEALING] Cannot find elements when the selector is null

22-10-2025T10:30:29 - [MESSAGE][WARNING] - Web element with id: 'Object Repository/TripFocus/Testing_Notification_btn' located by '//*[@id="__BVID__10___BV_modal_footer_"]/button' not found

22-10-2025T10:30:29 - [TEST_STEP][PASSED] - if (verifyElementVisible(findTestObject("TripFocus/Testing_Notification_btn"), OPTIONAL) == true): Web element with id: 'Object Repository/TripFocus/Testing_Notification_btn' located by '//*[@id="__BVID__10___BV_modal_footer_"]/button' not found (Root cause: com.kms.katalon.core.exception.StepFailedException: Web element with id: 'Object Repository/TripFocus/Testing_Notification_btn' located by '//*[@id="__BVID__10___BV_modal_footer_"]/button' not found
	at com.kms.katalon.core.webui.keyword.internal.WebUIKeywordMain.stepFailed(WebUIKeywordMain.groovy:117)
	at com.kms.katalon.core.webui.keyword.builtin.VerifyElementVisibleKeyword$_verifyElementVisible_closure1.doCall(VerifyElementVisibleKeyword.groovy:89)
	at com.kms.katalon.core.webui.keyword.builtin.VerifyElementVisibleKeyword$_verifyElementVisible_closure1.call(VerifyElementVisibleKeyword.groovy)
	at com.kms.katalon.core.webui.keyword.internal.WebUIKeywordMain.runKeyword(WebUIKeywordMain.groovy:35)
	at com.kms.katalon.core.webui.keyword.builtin.VerifyElementVisibleKeyword.verifyElementVisible(VerifyElementVisibleKeyword.groovy:97)
	at com.kms.katalon.core.webui.keyword.builtin.VerifyElementVisibleKeyword.execute(VerifyElementVisibleKeyword.groovy:67)
	at com.kms.katalon.core.keyword.internal.KeywordExecutor.executeKeywordForPlatform(KeywordExecutor.groovy:74)
	at com.kms.katalon.core.webui.keyword.WebUiBuiltInKeywords.verifyElementVisible(WebUiBuiltInKeywords.groovy:401)
	at com.kms.katalon.core.webui.keyword.WebUiBuiltInKeywords$verifyElementVisible$5.call(Unknown Source)
	at SPG - Verify Adding Text to Send To Field.run(SPG - Verify Adding Text to Send To Field:37)
	at com.kms.katalon.core.main.ScriptEngine.run(ScriptEngine.java:194)
	at com.kms.katalon.core.main.ScriptEngine.runScriptAsRawText(ScriptEngine.java:119)
	at com.kms.katalon.core.main.TestCaseExecutor.runScript(TestCaseExecutor.java:448)
	at com.kms.katalon.core.main.TestCaseExecutor.doExecute(TestCaseExecutor.java:439)
	at com.kms.katalon.core.main.TestCaseExecutor.processExecutionPhase(TestCaseExecutor.java:418)
	at com.kms.katalon.core.main.TestCaseExecutor.accessMainPhase(TestCaseExecutor.java:410)
	at com.kms.katalon.core.main.TestCaseExecutor.execute(TestCaseExecutor.java:285)
	at com.kms.katalon.core.common.CommonExecutor.accessTestCaseMainPhase(CommonExecutor.java:65)
	at com.kms.katalon.core.main.TestSuiteExecutor.accessTestSuiteMainPhase(TestSuiteExecutor.java:150)
	at com.kms.katalon.core.main.TestSuiteExecutor.execute(TestSuiteExecutor.java:106)
	at com.kms.katalon.core.main.TestCaseMain.startTestSuite(TestCaseMain.java:180)
	at com.kms.katalon.core.main.TestCaseMain$startTestSuite$0.call(Unknown Source)
	at TempTestSuite1761139089875.run(TempTestSuite1761139089875.groovy:35)
	at java.base/jdk.internal.reflect.NativeMethodAccessorImpl.invoke0(Native Method)
	at java.base/jdk.internal.reflect.NativeMethodAccessorImpl.invoke(NativeMethodAccessorImpl.java:77)
	at java.base/jdk.internal.reflect.DelegatingMethodAccessorImpl.invoke(DelegatingMethodAccessorImpl.java:43)
)

22-10-2025T10:30:45 - [MESSAGE][INFO] - Unable to find the element located by 'By.xpath: //*[@id="__BVID__10___BV_modal_footer_"]/button'. Please recheck the objects properties to make sure the desired element is located. 

22-10-2025T10:30:45 - [MESSAGE][WARNING] - [SELF-HEALING] Failed to find element with id 'Object Repository/TripFocus/Testing_Notification_btn'. Try using Self-healing.

22-10-2025T10:30:46 - [MESSAGE][INFO] - [SELF-HEALING] No working XPath is found.

22-10-2025T10:30:48 - [MESSAGE][INFO] - Unable to find the element located by 'By.xpath: '. Please recheck the objects properties to make sure the desired element is located. 

22-10-2025T10:30:48 - [MESSAGE][WARNING] - [SELF-HEALING] Cannot find elements when the selector is null

22-10-2025T10:30:48 - [MESSAGE][WARNING] - Web element with id: 'Object Repository/TripFocus/Testing_Notification_btn' located by '//*[@id="__BVID__10___BV_modal_footer_"]/button' not found (Root cause: com.kms.katalon.core.exception.StepFailedException: Web element with id: 'Object Repository/TripFocus/Testing_Notification_btn' located by '//*[@id="__BVID__10___BV_modal_footer_"]/button' not found
	at com.kms.katalon.core.webui.keyword.internal.WebUIKeywordMain.stepFailed(WebUIKeywordMain.groovy:117)
	at com.kms.katalon.core.webui.keyword.builtin.VerifyElementVisibleKeyword$_verifyElementVisible_closure1.doCall(VerifyElementVisibleKeyword.groovy:89)
	at com.kms.katalon.core.webui.keyword.builtin.VerifyElementVisibleKeyword$_verifyElementVisible_closure1.call(VerifyElementVisibleKeyword.groovy)
	at com.kms.katalon.core.webui.keyword.internal.WebUIKeywordMain.runKeyword(WebUIKeywordMain.groovy:35)
	at com.kms.katalon.core.webui.keyword.builtin.VerifyElementVisibleKeyword.verifyElementVisible(VerifyElementVisibleKeyword.groovy:97)
	at com.kms.katalon.core.webui.keyword.builtin.VerifyElementVisibleKeyword.execute(VerifyElementVisibleKeyword.groovy:67)
	at com.kms.katalon.core.keyword.internal.KeywordExecutor.executeKeywordForPlatform(KeywordExecutor.groovy:74)
	at com.kms.katalon.core.webui.keyword.WebUiBuiltInKeywords.verifyElementVisible(WebUiBuiltInKeywords.groovy:401)
	at com.kms.katalon.core.webui.keyword.WebUiBuiltInKeywords$verifyElementVisible$5.call(Unknown Source)
	at SPG - Verify Adding Text to Send To Field.run(SPG - Verify Adding Text to Send To Field:37)
	at com.kms.katalon.core.main.ScriptEngine.run(ScriptEngine.java:194)
	at com.kms.katalon.core.main.ScriptEngine.runScriptAsRawText(ScriptEngine.java:119)
	at com.kms.katalon.core.main.TestCaseExecutor.runScript(TestCaseExecutor.java:448)
	at com.kms.katalon.core.main.TestCaseExecutor.doExecute(TestCaseExecutor.java:439)
	at com.kms.katalon.core.main.TestCaseExecutor.processExecutionPhase(TestCaseExecutor.java:418)
	at com.kms.katalon.core.main.TestCaseExecutor.accessMainPhase(TestCaseExecutor.java:410)
	at com.kms.katalon.core.main.TestCaseExecutor.execute(TestCaseExecutor.java:285)
	at com.kms.katalon.core.common.CommonExecutor.accessTestCaseMainPhase(CommonExecutor.java:65)
	at com.kms.katalon.core.main.TestSuiteExecutor.accessTestSuiteMainPhase(TestSuiteExecutor.java:150)
	at com.kms.katalon.core.main.TestSuiteExecutor.execute(TestSuiteExecutor.java:106)
	at com.kms.katalon.core.main.TestCaseMain.startTestSuite(TestCaseMain.java:180)
	at com.kms.katalon.core.main.TestCaseMain$startTestSuite$0.call(Unknown Source)
	at TempTestSuite1761139089875.run(TempTestSuite1761139089875.groovy:35)
	at java.base/jdk.internal.reflect.NativeMethodAccessorImpl.invoke0(Native Method)
	at java.base/jdk.internal.reflect.NativeMethodAccessorImpl.invoke(NativeMethodAccessorImpl.java:77)
	at java.base/jdk.internal.reflect.DelegatingMethodAccessorImpl.invoke(DelegatingMethodAccessorImpl.java:43)
)

22-10-2025T10:30:48 - [TEST_STEP][PASSED] - click(findTestObject("TripFocus/Notifications/Notifications Tab")): Object: 'Object Repository/TripFocus/Notifications/Notifications Tab' is clicked on

22-10-2025T10:30:48 - [MESSAGE][PASSED] - Object: 'Object Repository/TripFocus/Notifications/Notifications Tab' is clicked on

22-10-2025T10:30:48 - [TEST_STEP][PASSED] - delay(5): Delayed 5 second(s)

22-10-2025T10:30:53 - [MESSAGE][PASSED] - Delayed 5 second(s)

22-10-2025T10:30:53 - [TEST_STEP][PASSED] - click(findTestObject("Object Repository/TripFocus/Page_TripFocus/button_Add New Notification")): Object: 'Object Repository/TripFocus/Page_TripFocus/button_Add New Notification' is clicked on

22-10-2025T10:30:54 - [MESSAGE][PASSED] - Object: 'Object Repository/TripFocus/Page_TripFocus/button_Add New Notification' is clicked on

22-10-2025T10:30:54 - [TEST_STEP][PASSED] - delay(5): Delayed 5 second(s)

22-10-2025T10:30:59 - [MESSAGE][PASSED] - Delayed 5 second(s)

22-10-2025T10:30:59 - [TEST_STEP][PASSED] - verifyElementVisible(findTestObject("TripFocus/Notifications/Send To_txt"), STOP_ON_FAILURE): Object 'Object Repository/TripFocus/Notifications/Send To_txt' is visible

22-10-2025T10:30:59 - [MESSAGE][PASSED] - Object 'Object Repository/TripFocus/Notifications/Send To_txt' is visible

22-10-2025T10:30:59 - [TEST_STEP][PASSED] - setText(findTestObject("TripFocus/Notifications/Send To_txt"), "KKKj@gmail.com"): Text 'KKKj@gmail.com' is set on object 'Object Repository/TripFocus/Notifications/Send To_txt'

22-10-2025T10:30:59 - [MESSAGE][PASSED] - Text 'KKKj@gmail.com' is set on object 'Object Repository/TripFocus/Notifications/Send To_txt'

22-10-2025T10:30:59 - [TEST_STEP][PASSED] - delay(2): Delayed 2 second(s)

22-10-2025T10:31:01 - [MESSAGE][PASSED] - Delayed 2 second(s)

22-10-2025T10:31:01 - [TEST_STEP][PASSED] - Start listener action : retryOnDisconnect: null

22-10-2025T10:31:01 - [TEST_STEP][PASSED] - tcId = testCaseContext.getTestCaseId(): null

22-10-2025T10:31:01 - [TEST_STEP][PASSED] - currentRetry = retryCounts.getOrDefault(tcId, 0): null

22-10-2025T10:31:01 - [TEST_STEP][PASSED] - if (testCaseContext.getTestCaseStatus() == "FAILED" && currentRetry < MAX_RETRIES): null]]></system-out>
         <system-err><![CDATA[]]></system-err>
      </testcase>
      <testcase name="Test Cases/TripFocus/SPG/SPG - Notification/SPG - Verify Delivery Arrival Notification" time="57.67" classname="Test Cases/TripFocus/SPG/SPG - Notification/SPG - Verify Delivery Arrival Notification" status="PASSED">
         <system-out><![CDATA[22-10-2025T10:31:01 - [TEST_CASE][PASSED] - Test Cases/TripFocus/SPG/SPG - Notification/SPG - Verify Delivery Arrival Notification: Test Cases/TripFocus/SPG/SPG - Notification/SPG - Verify Delivery Arrival Notification

22-10-2025T10:31:01 - [TEST_STEP][PASSED] - Start listener action : beforeTestCase: null

22-10-2025T10:31:01 - [TEST_STEP][PASSED] - addDefaultPackages(): null

22-10-2025T10:31:01 - [TEST_STEP][PASSED] - openBrowser(""): Browser is opened with url: ''

22-10-2025T10:31:01 - [MESSAGE][WARNING] - A browser is already opened. Closing browser and opening a new one

22-10-2025T10:31:01 - [MESSAGE][INFO] - Starting 'Chrome' driver

22-10-2025T10:31:01 - [MESSAGE][INFO] - User set preference: ['args', '[--no-sandbox, --disable-gpu, --disable-dev-shm-usage]']

22-10-2025T10:31:01 - [MESSAGE][INFO] - Action delay is set to 0 milliseconds

22-10-2025T10:31:02 - [MESSAGE][PASSED] - Browser is opened with url: ''

22-10-2025T10:31:02 - [TEST_STEP][PASSED] - navigateToUrl(TFBaseURL): Navigate to 'https://www.qa.tripfocus.com' successfully

22-10-2025T10:31:03 - [MESSAGE][PASSED] - Navigate to 'https://www.qa.tripfocus.com' successfully

22-10-2025T10:31:03 - [TEST_STEP][PASSED] - click(findTestObject("Object Repository/TripFocus/Page_TripFocus/button_Sign in")): Object: 'Object Repository/TripFocus/Page_TripFocus/button_Sign in' is clicked on

22-10-2025T10:31:03 - [MESSAGE][PASSED] - Object: 'Object Repository/TripFocus/Page_TripFocus/button_Sign in' is clicked on

22-10-2025T10:31:03 - [TEST_STEP][PASSED] - setText(findTestObject("TripFocus/Username_txt"), TripFocusBleachTechSPGUsername): Text 'Ashford.Chenault+BleachtechCustomerSPGONLY@thekag.com' is set on object 'Object Repository/TripFocus/Username_txt'

22-10-2025T10:31:03 - [MESSAGE][PASSED] - Text 'Ashford.Chenault+BleachtechCustomerSPGONLY@thekag.com' is set on object 'Object Repository/TripFocus/Username_txt'

22-10-2025T10:31:03 - [TEST_STEP][PASSED] - setText(findTestObject("TripFocus/Password_txt"), TripFocusFDGSPGPassword): Text 'CrashBan911!!' is set on object 'Object Repository/TripFocus/Password_txt'

22-10-2025T10:31:03 - [MESSAGE][PASSED] - Text 'CrashBan911!!' is set on object 'Object Repository/TripFocus/Password_txt'

22-10-2025T10:31:03 - [TEST_STEP][PASSED] - click(findTestObject("Object Repository/TripFocus/Page_TripFocus/button_Login")): Object: 'Object Repository/TripFocus/Page_TripFocus/button_Login' is clicked on

22-10-2025T10:31:03 - [MESSAGE][PASSED] - Object: 'Object Repository/TripFocus/Page_TripFocus/button_Login' is clicked on

22-10-2025T10:31:03 - [TEST_STEP][PASSED] - maximizeWindow(): Current window maximized

22-10-2025T10:31:04 - [MESSAGE][PASSED] - Current window maximized

22-10-2025T10:31:04 - [TEST_STEP][PASSED] - waitForElementVisible(findTestObject("TripFocus/Testing_Notification_btn"), 15, OPTIONAL): Web element with id: 'Object Repository/TripFocus/Testing_Notification_btn' located by '//*[@id="__BVID__10___BV_modal_footer_"]/button' not found

22-10-2025T10:31:20 - [MESSAGE][INFO] - Unable to find the element located by 'By.xpath: //*[@id="__BVID__10___BV_modal_footer_"]/button'. Please recheck the objects properties to make sure the desired element is located. 

22-10-2025T10:31:20 - [MESSAGE][WARNING] - [SELF-HEALING] Failed to find element with id 'Object Repository/TripFocus/Testing_Notification_btn'. Try using Self-healing.

22-10-2025T10:31:21 - [MESSAGE][INFO] - [SELF-HEALING] No working XPath is found.

22-10-2025T10:31:23 - [MESSAGE][INFO] - Unable to find the element located by 'By.xpath: '. Please recheck the objects properties to make sure the desired element is located. 

22-10-2025T10:31:23 - [MESSAGE][WARNING] - [SELF-HEALING] Cannot find elements when the selector is null

22-10-2025T10:31:23 - [MESSAGE][WARNING] - Web element with id: 'Object Repository/TripFocus/Testing_Notification_btn' located by '//*[@id="__BVID__10___BV_modal_footer_"]/button' not found

22-10-2025T10:31:23 - [TEST_STEP][PASSED] - if (verifyElementVisible(findTestObject("TripFocus/Testing_Notification_btn"), OPTIONAL) == true): Web element with id: 'Object Repository/TripFocus/Testing_Notification_btn' located by '//*[@id="__BVID__10___BV_modal_footer_"]/button' not found (Root cause: com.kms.katalon.core.exception.StepFailedException: Web element with id: 'Object Repository/TripFocus/Testing_Notification_btn' located by '//*[@id="__BVID__10___BV_modal_footer_"]/button' not found
	at com.kms.katalon.core.webui.keyword.internal.WebUIKeywordMain.stepFailed(WebUIKeywordMain.groovy:117)
	at com.kms.katalon.core.webui.keyword.builtin.VerifyElementVisibleKeyword$_verifyElementVisible_closure1.doCall(VerifyElementVisibleKeyword.groovy:89)
	at com.kms.katalon.core.webui.keyword.builtin.VerifyElementVisibleKeyword$_verifyElementVisible_closure1.call(VerifyElementVisibleKeyword.groovy)
	at com.kms.katalon.core.webui.keyword.internal.WebUIKeywordMain.runKeyword(WebUIKeywordMain.groovy:35)
	at com.kms.katalon.core.webui.keyword.builtin.VerifyElementVisibleKeyword.verifyElementVisible(VerifyElementVisibleKeyword.groovy:97)
	at com.kms.katalon.core.webui.keyword.builtin.VerifyElementVisibleKeyword.execute(VerifyElementVisibleKeyword.groovy:67)
	at com.kms.katalon.core.keyword.internal.KeywordExecutor.executeKeywordForPlatform(KeywordExecutor.groovy:74)
	at com.kms.katalon.core.webui.keyword.WebUiBuiltInKeywords.verifyElementVisible(WebUiBuiltInKeywords.groovy:401)
	at com.kms.katalon.core.webui.keyword.WebUiBuiltInKeywords$verifyElementVisible$5.call(Unknown Source)
	at SPG - Verify Delivery Arrival Notification.run(SPG - Verify Delivery Arrival Notification:37)
	at com.kms.katalon.core.main.ScriptEngine.run(ScriptEngine.java:194)
	at com.kms.katalon.core.main.ScriptEngine.runScriptAsRawText(ScriptEngine.java:119)
	at com.kms.katalon.core.main.TestCaseExecutor.runScript(TestCaseExecutor.java:448)
	at com.kms.katalon.core.main.TestCaseExecutor.doExecute(TestCaseExecutor.java:439)
	at com.kms.katalon.core.main.TestCaseExecutor.processExecutionPhase(TestCaseExecutor.java:418)
	at com.kms.katalon.core.main.TestCaseExecutor.accessMainPhase(TestCaseExecutor.java:410)
	at com.kms.katalon.core.main.TestCaseExecutor.execute(TestCaseExecutor.java:285)
	at com.kms.katalon.core.common.CommonExecutor.accessTestCaseMainPhase(CommonExecutor.java:65)
	at com.kms.katalon.core.main.TestSuiteExecutor.accessTestSuiteMainPhase(TestSuiteExecutor.java:150)
	at com.kms.katalon.core.main.TestSuiteExecutor.execute(TestSuiteExecutor.java:106)
	at com.kms.katalon.core.main.TestCaseMain.startTestSuite(TestCaseMain.java:180)
	at com.kms.katalon.core.main.TestCaseMain$startTestSuite$0.call(Unknown Source)
	at TempTestSuite1761139089875.run(TempTestSuite1761139089875.groovy:35)
	at java.base/jdk.internal.reflect.NativeMethodAccessorImpl.invoke0(Native Method)
	at java.base/jdk.internal.reflect.NativeMethodAccessorImpl.invoke(NativeMethodAccessorImpl.java:77)
	at java.base/jdk.internal.reflect.DelegatingMethodAccessorImpl.invoke(DelegatingMethodAccessorImpl.java:43)
)

22-10-2025T10:31:39 - [MESSAGE][INFO] - Unable to find the element located by 'By.xpath: //*[@id="__BVID__10___BV_modal_footer_"]/button'. Please recheck the objects properties to make sure the desired element is located. 

22-10-2025T10:31:39 - [MESSAGE][WARNING] - [SELF-HEALING] Failed to find element with id 'Object Repository/TripFocus/Testing_Notification_btn'. Try using Self-healing.

22-10-2025T10:31:40 - [MESSAGE][INFO] - [SELF-HEALING] No working XPath is found.

22-10-2025T10:31:42 - [MESSAGE][INFO] - Unable to find the element located by 'By.xpath: '. Please recheck the objects properties to make sure the desired element is located. 

22-10-2025T10:31:42 - [MESSAGE][WARNING] - [SELF-HEALING] Cannot find elements when the selector is null

22-10-2025T10:31:42 - [MESSAGE][WARNING] - Web element with id: 'Object Repository/TripFocus/Testing_Notification_btn' located by '//*[@id="__BVID__10___BV_modal_footer_"]/button' not found (Root cause: com.kms.katalon.core.exception.StepFailedException: Web element with id: 'Object Repository/TripFocus/Testing_Notification_btn' located by '//*[@id="__BVID__10___BV_modal_footer_"]/button' not found
	at com.kms.katalon.core.webui.keyword.internal.WebUIKeywordMain.stepFailed(WebUIKeywordMain.groovy:117)
	at com.kms.katalon.core.webui.keyword.builtin.VerifyElementVisibleKeyword$_verifyElementVisible_closure1.doCall(VerifyElementVisibleKeyword.groovy:89)
	at com.kms.katalon.core.webui.keyword.builtin.VerifyElementVisibleKeyword$_verifyElementVisible_closure1.call(VerifyElementVisibleKeyword.groovy)
	at com.kms.katalon.core.webui.keyword.internal.WebUIKeywordMain.runKeyword(WebUIKeywordMain.groovy:35)
	at com.kms.katalon.core.webui.keyword.builtin.VerifyElementVisibleKeyword.verifyElementVisible(VerifyElementVisibleKeyword.groovy:97)
	at com.kms.katalon.core.webui.keyword.builtin.VerifyElementVisibleKeyword.execute(VerifyElementVisibleKeyword.groovy:67)
	at com.kms.katalon.core.keyword.internal.KeywordExecutor.executeKeywordForPlatform(KeywordExecutor.groovy:74)
	at com.kms.katalon.core.webui.keyword.WebUiBuiltInKeywords.verifyElementVisible(WebUiBuiltInKeywords.groovy:401)
	at com.kms.katalon.core.webui.keyword.WebUiBuiltInKeywords$verifyElementVisible$5.call(Unknown Source)
	at SPG - Verify Delivery Arrival Notification.run(SPG - Verify Delivery Arrival Notification:37)
	at com.kms.katalon.core.main.ScriptEngine.run(ScriptEngine.java:194)
	at com.kms.katalon.core.main.ScriptEngine.runScriptAsRawText(ScriptEngine.java:119)
	at com.kms.katalon.core.main.TestCaseExecutor.runScript(TestCaseExecutor.java:448)
	at com.kms.katalon.core.main.TestCaseExecutor.doExecute(TestCaseExecutor.java:439)
	at com.kms.katalon.core.main.TestCaseExecutor.processExecutionPhase(TestCaseExecutor.java:418)
	at com.kms.katalon.core.main.TestCaseExecutor.accessMainPhase(TestCaseExecutor.java:410)
	at com.kms.katalon.core.main.TestCaseExecutor.execute(TestCaseExecutor.java:285)
	at com.kms.katalon.core.common.CommonExecutor.accessTestCaseMainPhase(CommonExecutor.java:65)
	at com.kms.katalon.core.main.TestSuiteExecutor.accessTestSuiteMainPhase(TestSuiteExecutor.java:150)
	at com.kms.katalon.core.main.TestSuiteExecutor.execute(TestSuiteExecutor.java:106)
	at com.kms.katalon.core.main.TestCaseMain.startTestSuite(TestCaseMain.java:180)
	at com.kms.katalon.core.main.TestCaseMain$startTestSuite$0.call(Unknown Source)
	at TempTestSuite1761139089875.run(TempTestSuite1761139089875.groovy:35)
	at java.base/jdk.internal.reflect.NativeMethodAccessorImpl.invoke0(Native Method)
	at java.base/jdk.internal.reflect.NativeMethodAccessorImpl.invoke(NativeMethodAccessorImpl.java:77)
	at java.base/jdk.internal.reflect.DelegatingMethodAccessorImpl.invoke(DelegatingMethodAccessorImpl.java:43)
)

22-10-2025T10:31:42 - [TEST_STEP][PASSED] - click(findTestObject("TripFocus/Notifications/Notifications Tab")): Object: 'Object Repository/TripFocus/Notifications/Notifications Tab' is clicked on

22-10-2025T10:31:42 - [MESSAGE][PASSED] - Object: 'Object Repository/TripFocus/Notifications/Notifications Tab' is clicked on

22-10-2025T10:31:42 - [TEST_STEP][PASSED] - delay(5): Delayed 5 second(s)

22-10-2025T10:31:47 - [MESSAGE][PASSED] - Delayed 5 second(s)

22-10-2025T10:31:47 - [TEST_STEP][PASSED] - click(findTestObject("Object Repository/TripFocus/Page_TripFocus/button_Add New Notification")): Object: 'Object Repository/TripFocus/Page_TripFocus/button_Add New Notification' is clicked on

22-10-2025T10:31:47 - [MESSAGE][PASSED] - Object: 'Object Repository/TripFocus/Page_TripFocus/button_Add New Notification' is clicked on

22-10-2025T10:31:47 - [TEST_STEP][PASSED] - delay(5): Delayed 5 second(s)

22-10-2025T10:31:52 - [MESSAGE][PASSED] - Delayed 5 second(s)

22-10-2025T10:31:52 - [TEST_STEP][PASSED] - sendKeys(findTestObject("TripFocus/Notifications/Notification Events_txt"), "Delivery Arrival"): Keys 'Delivery Arrival' sent to object: 'Object Repository/TripFocus/Notifications/Notification Events_txt'

22-10-2025T10:31:52 - [MESSAGE][PASSED] - Keys 'Delivery Arrival' sent to object: 'Object Repository/TripFocus/Notifications/Notification Events_txt'

22-10-2025T10:31:52 - [TEST_STEP][PASSED] - delay(2): Delayed 2 second(s)

22-10-2025T10:31:54 - [MESSAGE][PASSED] - Delayed 2 second(s)

22-10-2025T10:31:54 - [TEST_STEP][PASSED] - sendKeys(findTestObject("TripFocus/Notifications/Notification Events_txt"), Keys.chord(ENTER)): Keys 'ENTER + ' sent to object: 'Object Repository/TripFocus/Notifications/Notification Events_txt'

22-10-2025T10:31:54 - [MESSAGE][PASSED] - Keys 'ENTER + ' sent to object: 'Object Repository/TripFocus/Notifications/Notification Events_txt'

22-10-2025T10:31:54 - [TEST_STEP][PASSED] - delay(2): Delayed 2 second(s)

22-10-2025T10:31:56 - [MESSAGE][PASSED] - Delayed 2 second(s)

22-10-2025T10:31:56 - [TEST_STEP][PASSED] - click(findTestObject("TripFocus/Page_TripFocus/textarea_Send To_txtSendTo")): Object: 'Object Repository/TripFocus/Page_TripFocus/textarea_Send To_txtSendTo' is clicked on

22-10-2025T10:31:56 - [MESSAGE][PASSED] - Object: 'Object Repository/TripFocus/Page_TripFocus/textarea_Send To_txtSendTo' is clicked on

22-10-2025T10:31:56 - [TEST_STEP][PASSED] - delay(2): Delayed 2 second(s)

22-10-2025T10:31:58 - [MESSAGE][PASSED] - Delayed 2 second(s)

22-10-2025T10:31:58 - [TEST_STEP][PASSED] - verifyElementText(findTestObject("TripFocus/Notifications/Selected Notification_option"), "Delivery Arrival"): Actual text and expected text of test object 'Object Repository/TripFocus/Notifications/Selected Notification_option' are matched.

22-10-2025T10:31:58 - [MESSAGE][PASSED] - Actual text and expected text of test object 'Object Repository/TripFocus/Notifications/Selected Notification_option' are matched.

22-10-2025T10:31:58 - [TEST_STEP][PASSED] - Start listener action : retryOnDisconnect: null

22-10-2025T10:31:58 - [TEST_STEP][PASSED] - tcId = testCaseContext.getTestCaseId(): null

22-10-2025T10:31:58 - [TEST_STEP][PASSED] - currentRetry = retryCounts.getOrDefault(tcId, 0): null

22-10-2025T10:31:58 - [TEST_STEP][PASSED] - if (testCaseContext.getTestCaseStatus() == "FAILED" && currentRetry < MAX_RETRIES): null]]></system-out>
         <system-err><![CDATA[]]></system-err>
      </testcase>
      <testcase name="Test Cases/TripFocus/SPG/SPG - Notification/SPG - Verify Delivery Complete Notification" time="58.021" classname="Test Cases/TripFocus/SPG/SPG - Notification/SPG - Verify Delivery Complete Notification" status="PASSED">
         <system-out><![CDATA[22-10-2025T10:31:58 - [TEST_CASE][PASSED] - Test Cases/TripFocus/SPG/SPG - Notification/SPG - Verify Delivery Complete Notification: Test Cases/TripFocus/SPG/SPG - Notification/SPG - Verify Delivery Complete Notification

22-10-2025T10:31:58 - [TEST_STEP][PASSED] - Start listener action : beforeTestCase: null

22-10-2025T10:31:58 - [TEST_STEP][PASSED] - addDefaultPackages(): null

22-10-2025T10:31:59 - [TEST_STEP][PASSED] - openBrowser(""): Browser is opened with url: ''

22-10-2025T10:31:59 - [MESSAGE][WARNING] - A browser is already opened. Closing browser and opening a new one

22-10-2025T10:31:59 - [MESSAGE][INFO] - Starting 'Chrome' driver

22-10-2025T10:31:59 - [MESSAGE][INFO] - User set preference: ['args', '[--no-sandbox, --disable-gpu, --disable-dev-shm-usage]']

22-10-2025T10:31:59 - [MESSAGE][INFO] - Action delay is set to 0 milliseconds

22-10-2025T10:31:59 - [MESSAGE][PASSED] - Browser is opened with url: ''

22-10-2025T10:31:59 - [TEST_STEP][PASSED] - navigateToUrl(TFBaseURL): Navigate to 'https://www.qa.tripfocus.com' successfully

22-10-2025T10:32:00 - [MESSAGE][PASSED] - Navigate to 'https://www.qa.tripfocus.com' successfully

22-10-2025T10:32:00 - [TEST_STEP][PASSED] - click(findTestObject("Object Repository/TripFocus/Page_TripFocus/button_Sign in")): Object: 'Object Repository/TripFocus/Page_TripFocus/button_Sign in' is clicked on

22-10-2025T10:32:00 - [MESSAGE][PASSED] - Object: 'Object Repository/TripFocus/Page_TripFocus/button_Sign in' is clicked on

22-10-2025T10:32:00 - [TEST_STEP][PASSED] - setText(findTestObject("TripFocus/Username_txt"), TripFocusBleachTechSPGUsername): Text 'Ashford.Chenault+BleachtechCustomerSPGONLY@thekag.com' is set on object 'Object Repository/TripFocus/Username_txt'

22-10-2025T10:32:01 - [MESSAGE][PASSED] - Text 'Ashford.Chenault+BleachtechCustomerSPGONLY@thekag.com' is set on object 'Object Repository/TripFocus/Username_txt'

22-10-2025T10:32:01 - [TEST_STEP][PASSED] - setText(findTestObject("TripFocus/Password_txt"), TripFocusFDGSPGPassword): Text 'CrashBan911!!' is set on object 'Object Repository/TripFocus/Password_txt'

22-10-2025T10:32:01 - [MESSAGE][PASSED] - Text 'CrashBan911!!' is set on object 'Object Repository/TripFocus/Password_txt'

22-10-2025T10:32:01 - [TEST_STEP][PASSED] - click(findTestObject("Object Repository/TripFocus/Page_TripFocus/button_Login")): Object: 'Object Repository/TripFocus/Page_TripFocus/button_Login' is clicked on

22-10-2025T10:32:01 - [MESSAGE][PASSED] - Object: 'Object Repository/TripFocus/Page_TripFocus/button_Login' is clicked on

22-10-2025T10:32:01 - [TEST_STEP][PASSED] - maximizeWindow(): Current window maximized

22-10-2025T10:32:02 - [MESSAGE][PASSED] - Current window maximized

22-10-2025T10:32:02 - [TEST_STEP][PASSED] - waitForElementVisible(findTestObject("TripFocus/Testing_Notification_btn"), 15, OPTIONAL): Web element with id: 'Object Repository/TripFocus/Testing_Notification_btn' located by '//*[@id="__BVID__10___BV_modal_footer_"]/button' not found

22-10-2025T10:32:18 - [MESSAGE][INFO] - Unable to find the element located by 'By.xpath: //*[@id="__BVID__10___BV_modal_footer_"]/button'. Please recheck the objects properties to make sure the desired element is located. 

22-10-2025T10:32:18 - [MESSAGE][WARNING] - [SELF-HEALING] Failed to find element with id 'Object Repository/TripFocus/Testing_Notification_btn'. Try using Self-healing.

22-10-2025T10:32:19 - [MESSAGE][INFO] - [SELF-HEALING] No working XPath is found.

22-10-2025T10:32:21 - [MESSAGE][INFO] - Unable to find the element located by 'By.xpath: '. Please recheck the objects properties to make sure the desired element is located. 

22-10-2025T10:32:21 - [MESSAGE][WARNING] - [SELF-HEALING] Cannot find elements when the selector is null

22-10-2025T10:32:21 - [MESSAGE][WARNING] - Web element with id: 'Object Repository/TripFocus/Testing_Notification_btn' located by '//*[@id="__BVID__10___BV_modal_footer_"]/button' not found

22-10-2025T10:32:21 - [TEST_STEP][PASSED] - if (verifyElementVisible(findTestObject("TripFocus/Testing_Notification_btn"), OPTIONAL) == true): Web element with id: 'Object Repository/TripFocus/Testing_Notification_btn' located by '//*[@id="__BVID__10___BV_modal_footer_"]/button' not found (Root cause: com.kms.katalon.core.exception.StepFailedException: Web element with id: 'Object Repository/TripFocus/Testing_Notification_btn' located by '//*[@id="__BVID__10___BV_modal_footer_"]/button' not found
	at com.kms.katalon.core.webui.keyword.internal.WebUIKeywordMain.stepFailed(WebUIKeywordMain.groovy:117)
	at com.kms.katalon.core.webui.keyword.builtin.VerifyElementVisibleKeyword$_verifyElementVisible_closure1.doCall(VerifyElementVisibleKeyword.groovy:89)
	at com.kms.katalon.core.webui.keyword.builtin.VerifyElementVisibleKeyword$_verifyElementVisible_closure1.call(VerifyElementVisibleKeyword.groovy)
	at com.kms.katalon.core.webui.keyword.internal.WebUIKeywordMain.runKeyword(WebUIKeywordMain.groovy:35)
	at com.kms.katalon.core.webui.keyword.builtin.VerifyElementVisibleKeyword.verifyElementVisible(VerifyElementVisibleKeyword.groovy:97)
	at com.kms.katalon.core.webui.keyword.builtin.VerifyElementVisibleKeyword.execute(VerifyElementVisibleKeyword.groovy:67)
	at com.kms.katalon.core.keyword.internal.KeywordExecutor.executeKeywordForPlatform(KeywordExecutor.groovy:74)
	at com.kms.katalon.core.webui.keyword.WebUiBuiltInKeywords.verifyElementVisible(WebUiBuiltInKeywords.groovy:401)
	at com.kms.katalon.core.webui.keyword.WebUiBuiltInKeywords$verifyElementVisible$5.call(Unknown Source)
	at SPG - Verify Delivery Complete Notification.run(SPG - Verify Delivery Complete Notification:37)
	at com.kms.katalon.core.main.ScriptEngine.run(ScriptEngine.java:194)
	at com.kms.katalon.core.main.ScriptEngine.runScriptAsRawText(ScriptEngine.java:119)
	at com.kms.katalon.core.main.TestCaseExecutor.runScript(TestCaseExecutor.java:448)
	at com.kms.katalon.core.main.TestCaseExecutor.doExecute(TestCaseExecutor.java:439)
	at com.kms.katalon.core.main.TestCaseExecutor.processExecutionPhase(TestCaseExecutor.java:418)
	at com.kms.katalon.core.main.TestCaseExecutor.accessMainPhase(TestCaseExecutor.java:410)
	at com.kms.katalon.core.main.TestCaseExecutor.execute(TestCaseExecutor.java:285)
	at com.kms.katalon.core.common.CommonExecutor.accessTestCaseMainPhase(CommonExecutor.java:65)
	at com.kms.katalon.core.main.TestSuiteExecutor.accessTestSuiteMainPhase(TestSuiteExecutor.java:150)
	at com.kms.katalon.core.main.TestSuiteExecutor.execute(TestSuiteExecutor.java:106)
	at com.kms.katalon.core.main.TestCaseMain.startTestSuite(TestCaseMain.java:180)
	at com.kms.katalon.core.main.TestCaseMain$startTestSuite$0.call(Unknown Source)
	at TempTestSuite1761139089875.run(TempTestSuite1761139089875.groovy:35)
	at java.base/jdk.internal.reflect.NativeMethodAccessorImpl.invoke0(Native Method)
	at java.base/jdk.internal.reflect.NativeMethodAccessorImpl.invoke(NativeMethodAccessorImpl.java:77)
	at java.base/jdk.internal.reflect.DelegatingMethodAccessorImpl.invoke(DelegatingMethodAccessorImpl.java:43)
)

22-10-2025T10:32:37 - [MESSAGE][INFO] - Unable to find the element located by 'By.xpath: //*[@id="__BVID__10___BV_modal_footer_"]/button'. Please recheck the objects properties to make sure the desired element is located. 

22-10-2025T10:32:37 - [MESSAGE][WARNING] - [SELF-HEALING] Failed to find element with id 'Object Repository/TripFocus/Testing_Notification_btn'. Try using Self-healing.

22-10-2025T10:32:38 - [MESSAGE][INFO] - [SELF-HEALING] No working XPath is found.

22-10-2025T10:32:40 - [MESSAGE][INFO] - Unable to find the element located by 'By.xpath: '. Please recheck the objects properties to make sure the desired element is located. 

22-10-2025T10:32:40 - [MESSAGE][WARNING] - [SELF-HEALING] Cannot find elements when the selector is null

22-10-2025T10:32:40 - [MESSAGE][WARNING] - Web element with id: 'Object Repository/TripFocus/Testing_Notification_btn' located by '//*[@id="__BVID__10___BV_modal_footer_"]/button' not found (Root cause: com.kms.katalon.core.exception.StepFailedException: Web element with id: 'Object Repository/TripFocus/Testing_Notification_btn' located by '//*[@id="__BVID__10___BV_modal_footer_"]/button' not found
	at com.kms.katalon.core.webui.keyword.internal.WebUIKeywordMain.stepFailed(WebUIKeywordMain.groovy:117)
	at com.kms.katalon.core.webui.keyword.builtin.VerifyElementVisibleKeyword$_verifyElementVisible_closure1.doCall(VerifyElementVisibleKeyword.groovy:89)
	at com.kms.katalon.core.webui.keyword.builtin.VerifyElementVisibleKeyword$_verifyElementVisible_closure1.call(VerifyElementVisibleKeyword.groovy)
	at com.kms.katalon.core.webui.keyword.internal.WebUIKeywordMain.runKeyword(WebUIKeywordMain.groovy:35)
	at com.kms.katalon.core.webui.keyword.builtin.VerifyElementVisibleKeyword.verifyElementVisible(VerifyElementVisibleKeyword.groovy:97)
	at com.kms.katalon.core.webui.keyword.builtin.VerifyElementVisibleKeyword.execute(VerifyElementVisibleKeyword.groovy:67)
	at com.kms.katalon.core.keyword.internal.KeywordExecutor.executeKeywordForPlatform(KeywordExecutor.groovy:74)
	at com.kms.katalon.core.webui.keyword.WebUiBuiltInKeywords.verifyElementVisible(WebUiBuiltInKeywords.groovy:401)
	at com.kms.katalon.core.webui.keyword.WebUiBuiltInKeywords$verifyElementVisible$5.call(Unknown Source)
	at SPG - Verify Delivery Complete Notification.run(SPG - Verify Delivery Complete Notification:37)
	at com.kms.katalon.core.main.ScriptEngine.run(ScriptEngine.java:194)
	at com.kms.katalon.core.main.ScriptEngine.runScriptAsRawText(ScriptEngine.java:119)
	at com.kms.katalon.core.main.TestCaseExecutor.runScript(TestCaseExecutor.java:448)
	at com.kms.katalon.core.main.TestCaseExecutor.doExecute(TestCaseExecutor.java:439)
	at com.kms.katalon.core.main.TestCaseExecutor.processExecutionPhase(TestCaseExecutor.java:418)
	at com.kms.katalon.core.main.TestCaseExecutor.accessMainPhase(TestCaseExecutor.java:410)
	at com.kms.katalon.core.main.TestCaseExecutor.execute(TestCaseExecutor.java:285)
	at com.kms.katalon.core.common.CommonExecutor.accessTestCaseMainPhase(CommonExecutor.java:65)
	at com.kms.katalon.core.main.TestSuiteExecutor.accessTestSuiteMainPhase(TestSuiteExecutor.java:150)
	at com.kms.katalon.core.main.TestSuiteExecutor.execute(TestSuiteExecutor.java:106)
	at com.kms.katalon.core.main.TestCaseMain.startTestSuite(TestCaseMain.java:180)
	at com.kms.katalon.core.main.TestCaseMain$startTestSuite$0.call(Unknown Source)
	at TempTestSuite1761139089875.run(TempTestSuite1761139089875.groovy:35)
	at java.base/jdk.internal.reflect.NativeMethodAccessorImpl.invoke0(Native Method)
	at java.base/jdk.internal.reflect.NativeMethodAccessorImpl.invoke(NativeMethodAccessorImpl.java:77)
	at java.base/jdk.internal.reflect.DelegatingMethodAccessorImpl.invoke(DelegatingMethodAccessorImpl.java:43)
)

22-10-2025T10:32:40 - [TEST_STEP][PASSED] - click(findTestObject("TripFocus/Notifications/Notifications Tab")): Object: 'Object Repository/TripFocus/Notifications/Notifications Tab' is clicked on

22-10-2025T10:32:40 - [MESSAGE][PASSED] - Object: 'Object Repository/TripFocus/Notifications/Notifications Tab' is clicked on

22-10-2025T10:32:40 - [TEST_STEP][PASSED] - delay(5): Delayed 5 second(s)

22-10-2025T10:32:45 - [MESSAGE][PASSED] - Delayed 5 second(s)

22-10-2025T10:32:45 - [TEST_STEP][PASSED] - click(findTestObject("Object Repository/TripFocus/Page_TripFocus/button_Add New Notification")): Object: 'Object Repository/TripFocus/Page_TripFocus/button_Add New Notification' is clicked on

22-10-2025T10:32:45 - [MESSAGE][PASSED] - Object: 'Object Repository/TripFocus/Page_TripFocus/button_Add New Notification' is clicked on

22-10-2025T10:32:45 - [TEST_STEP][PASSED] - delay(5): Delayed 5 second(s)

22-10-2025T10:32:50 - [MESSAGE][PASSED] - Delayed 5 second(s)

22-10-2025T10:32:50 - [TEST_STEP][PASSED] - sendKeys(findTestObject("TripFocus/Notifications/Notification Events_txt"), "Delivery Complete"): Keys 'Delivery Complete' sent to object: 'Object Repository/TripFocus/Notifications/Notification Events_txt'

22-10-2025T10:32:50 - [MESSAGE][PASSED] - Keys 'Delivery Complete' sent to object: 'Object Repository/TripFocus/Notifications/Notification Events_txt'

22-10-2025T10:32:50 - [TEST_STEP][PASSED] - delay(2): Delayed 2 second(s)

22-10-2025T10:32:52 - [MESSAGE][PASSED] - Delayed 2 second(s)

22-10-2025T10:32:52 - [TEST_STEP][PASSED] - sendKeys(findTestObject("TripFocus/Notifications/Notification Events_txt"), Keys.chord(ENTER)): Keys 'ENTER + ' sent to object: 'Object Repository/TripFocus/Notifications/Notification Events_txt'

22-10-2025T10:32:52 - [MESSAGE][PASSED] - Keys 'ENTER + ' sent to object: 'Object Repository/TripFocus/Notifications/Notification Events_txt'

22-10-2025T10:32:52 - [TEST_STEP][PASSED] - delay(2): Delayed 2 second(s)

22-10-2025T10:32:54 - [MESSAGE][PASSED] - Delayed 2 second(s)

22-10-2025T10:32:54 - [TEST_STEP][PASSED] - click(findTestObject("TripFocus/Page_TripFocus/textarea_Send To_txtSendTo")): Object: 'Object Repository/TripFocus/Page_TripFocus/textarea_Send To_txtSendTo' is clicked on

22-10-2025T10:32:54 - [MESSAGE][PASSED] - Object: 'Object Repository/TripFocus/Page_TripFocus/textarea_Send To_txtSendTo' is clicked on

22-10-2025T10:32:54 - [TEST_STEP][PASSED] - delay(2): Delayed 2 second(s)

22-10-2025T10:32:56 - [MESSAGE][PASSED] - Delayed 2 second(s)

22-10-2025T10:32:56 - [TEST_STEP][PASSED] - verifyElementText(findTestObject("TripFocus/Notifications/Selected Notification_option"), "Delivery Complete"): Actual text and expected text of test object 'Object Repository/TripFocus/Notifications/Selected Notification_option' are matched.

22-10-2025T10:32:56 - [MESSAGE][PASSED] - Actual text and expected text of test object 'Object Repository/TripFocus/Notifications/Selected Notification_option' are matched.

22-10-2025T10:32:56 - [TEST_STEP][PASSED] - Start listener action : retryOnDisconnect: null

22-10-2025T10:32:56 - [TEST_STEP][PASSED] - tcId = testCaseContext.getTestCaseId(): null

22-10-2025T10:32:56 - [TEST_STEP][PASSED] - currentRetry = retryCounts.getOrDefault(tcId, 0): null

22-10-2025T10:32:56 - [TEST_STEP][PASSED] - if (testCaseContext.getTestCaseStatus() == "FAILED" && currentRetry < MAX_RETRIES): null]]></system-out>
         <system-err><![CDATA[]]></system-err>
      </testcase>
      <testcase name="Test Cases/TripFocus/SPG/SPG - Notification/SPG - Verify Delivery Site Dropdown" time="57.467" classname="Test Cases/TripFocus/SPG/SPG - Notification/SPG - Verify Delivery Site Dropdown" status="PASSED">
         <system-out><![CDATA[22-10-2025T10:32:56 - [TEST_CASE][PASSED] - Test Cases/TripFocus/SPG/SPG - Notification/SPG - Verify Delivery Site Dropdown: Test Cases/TripFocus/SPG/SPG - Notification/SPG - Verify Delivery Site Dropdown

22-10-2025T10:32:57 - [TEST_STEP][PASSED] - Start listener action : beforeTestCase: null

22-10-2025T10:32:57 - [TEST_STEP][PASSED] - addDefaultPackages(): null

22-10-2025T10:32:57 - [TEST_STEP][PASSED] - openBrowser(""): Browser is opened with url: ''

22-10-2025T10:32:57 - [MESSAGE][WARNING] - A browser is already opened. Closing browser and opening a new one

22-10-2025T10:32:57 - [MESSAGE][INFO] - Starting 'Chrome' driver

22-10-2025T10:32:57 - [MESSAGE][INFO] - User set preference: ['args', '[--no-sandbox, --disable-gpu, --disable-dev-shm-usage]']

22-10-2025T10:32:57 - [MESSAGE][INFO] - Action delay is set to 0 milliseconds

22-10-2025T10:32:58 - [MESSAGE][PASSED] - Browser is opened with url: ''

22-10-2025T10:32:58 - [TEST_STEP][PASSED] - navigateToUrl(TFBaseURL): Navigate to 'https://www.qa.tripfocus.com' successfully

22-10-2025T10:32:58 - [MESSAGE][PASSED] - Navigate to 'https://www.qa.tripfocus.com' successfully

22-10-2025T10:32:58 - [TEST_STEP][PASSED] - click(findTestObject("Object Repository/TripFocus/Page_TripFocus/button_Sign in")): Object: 'Object Repository/TripFocus/Page_TripFocus/button_Sign in' is clicked on

22-10-2025T10:32:58 - [MESSAGE][PASSED] - Object: 'Object Repository/TripFocus/Page_TripFocus/button_Sign in' is clicked on

22-10-2025T10:32:58 - [TEST_STEP][PASSED] - setText(findTestObject("TripFocus/Username_txt"), TripFocusBleachTechSPGUsername): Text 'Ashford.Chenault+BleachtechCustomerSPGONLY@thekag.com' is set on object 'Object Repository/TripFocus/Username_txt'

22-10-2025T10:32:59 - [MESSAGE][PASSED] - Text 'Ashford.Chenault+BleachtechCustomerSPGONLY@thekag.com' is set on object 'Object Repository/TripFocus/Username_txt'

22-10-2025T10:32:59 - [TEST_STEP][PASSED] - setText(findTestObject("TripFocus/Password_txt"), TripFocusFDGSPGPassword): Text 'CrashBan911!!' is set on object 'Object Repository/TripFocus/Password_txt'

22-10-2025T10:32:59 - [MESSAGE][PASSED] - Text 'CrashBan911!!' is set on object 'Object Repository/TripFocus/Password_txt'

22-10-2025T10:32:59 - [TEST_STEP][PASSED] - click(findTestObject("Object Repository/TripFocus/Page_TripFocus/button_Login")): Object: 'Object Repository/TripFocus/Page_TripFocus/button_Login' is clicked on

22-10-2025T10:32:59 - [MESSAGE][PASSED] - Object: 'Object Repository/TripFocus/Page_TripFocus/button_Login' is clicked on

22-10-2025T10:32:59 - [TEST_STEP][PASSED] - maximizeWindow(): Current window maximized

22-10-2025T10:32:59 - [MESSAGE][PASSED] - Current window maximized

22-10-2025T10:32:59 - [TEST_STEP][PASSED] - waitForElementVisible(findTestObject("TripFocus/Testing_Notification_btn"), 15, OPTIONAL): Web element with id: 'Object Repository/TripFocus/Testing_Notification_btn' located by '//*[@id="__BVID__10___BV_modal_footer_"]/button' not found

22-10-2025T10:33:15 - [MESSAGE][INFO] - Unable to find the element located by 'By.xpath: //*[@id="__BVID__10___BV_modal_footer_"]/button'. Please recheck the objects properties to make sure the desired element is located. 

22-10-2025T10:33:15 - [MESSAGE][WARNING] - [SELF-HEALING] Failed to find element with id 'Object Repository/TripFocus/Testing_Notification_btn'. Try using Self-healing.

22-10-2025T10:33:16 - [MESSAGE][INFO] - [SELF-HEALING] No working XPath is found.

22-10-2025T10:33:18 - [MESSAGE][INFO] - Unable to find the element located by 'By.xpath: '. Please recheck the objects properties to make sure the desired element is located. 

22-10-2025T10:33:18 - [MESSAGE][WARNING] - [SELF-HEALING] Cannot find elements when the selector is null

22-10-2025T10:33:18 - [MESSAGE][WARNING] - Web element with id: 'Object Repository/TripFocus/Testing_Notification_btn' located by '//*[@id="__BVID__10___BV_modal_footer_"]/button' not found

22-10-2025T10:33:18 - [TEST_STEP][PASSED] - if (verifyElementVisible(findTestObject("TripFocus/Testing_Notification_btn"), OPTIONAL) == true): Web element with id: 'Object Repository/TripFocus/Testing_Notification_btn' located by '//*[@id="__BVID__10___BV_modal_footer_"]/button' not found (Root cause: com.kms.katalon.core.exception.StepFailedException: Web element with id: 'Object Repository/TripFocus/Testing_Notification_btn' located by '//*[@id="__BVID__10___BV_modal_footer_"]/button' not found
	at com.kms.katalon.core.webui.keyword.internal.WebUIKeywordMain.stepFailed(WebUIKeywordMain.groovy:117)
	at com.kms.katalon.core.webui.keyword.builtin.VerifyElementVisibleKeyword$_verifyElementVisible_closure1.doCall(VerifyElementVisibleKeyword.groovy:89)
	at com.kms.katalon.core.webui.keyword.builtin.VerifyElementVisibleKeyword$_verifyElementVisible_closure1.call(VerifyElementVisibleKeyword.groovy)
	at com.kms.katalon.core.webui.keyword.internal.WebUIKeywordMain.runKeyword(WebUIKeywordMain.groovy:35)
	at com.kms.katalon.core.webui.keyword.builtin.VerifyElementVisibleKeyword.verifyElementVisible(VerifyElementVisibleKeyword.groovy:97)
	at com.kms.katalon.core.webui.keyword.builtin.VerifyElementVisibleKeyword.execute(VerifyElementVisibleKeyword.groovy:67)
	at com.kms.katalon.core.keyword.internal.KeywordExecutor.executeKeywordForPlatform(KeywordExecutor.groovy:74)
	at com.kms.katalon.core.webui.keyword.WebUiBuiltInKeywords.verifyElementVisible(WebUiBuiltInKeywords.groovy:401)
	at com.kms.katalon.core.webui.keyword.WebUiBuiltInKeywords$verifyElementVisible$5.call(Unknown Source)
	at SPG - Verify Delivery Site Dropdown.run(SPG - Verify Delivery Site Dropdown:37)
	at com.kms.katalon.core.main.ScriptEngine.run(ScriptEngine.java:194)
	at com.kms.katalon.core.main.ScriptEngine.runScriptAsRawText(ScriptEngine.java:119)
	at com.kms.katalon.core.main.TestCaseExecutor.runScript(TestCaseExecutor.java:448)
	at com.kms.katalon.core.main.TestCaseExecutor.doExecute(TestCaseExecutor.java:439)
	at com.kms.katalon.core.main.TestCaseExecutor.processExecutionPhase(TestCaseExecutor.java:418)
	at com.kms.katalon.core.main.TestCaseExecutor.accessMainPhase(TestCaseExecutor.java:410)
	at com.kms.katalon.core.main.TestCaseExecutor.execute(TestCaseExecutor.java:285)
	at com.kms.katalon.core.common.CommonExecutor.accessTestCaseMainPhase(CommonExecutor.java:65)
	at com.kms.katalon.core.main.TestSuiteExecutor.accessTestSuiteMainPhase(TestSuiteExecutor.java:150)
	at com.kms.katalon.core.main.TestSuiteExecutor.execute(TestSuiteExecutor.java:106)
	at com.kms.katalon.core.main.TestCaseMain.startTestSuite(TestCaseMain.java:180)
	at com.kms.katalon.core.main.TestCaseMain$startTestSuite$0.call(Unknown Source)
	at TempTestSuite1761139089875.run(TempTestSuite1761139089875.groovy:35)
	at java.base/jdk.internal.reflect.NativeMethodAccessorImpl.invoke0(Native Method)
	at java.base/jdk.internal.reflect.NativeMethodAccessorImpl.invoke(NativeMethodAccessorImpl.java:77)
	at java.base/jdk.internal.reflect.DelegatingMethodAccessorImpl.invoke(DelegatingMethodAccessorImpl.java:43)
)

22-10-2025T10:33:34 - [MESSAGE][INFO] - Unable to find the element located by 'By.xpath: //*[@id="__BVID__10___BV_modal_footer_"]/button'. Please recheck the objects properties to make sure the desired element is located. 

22-10-2025T10:33:34 - [MESSAGE][WARNING] - [SELF-HEALING] Failed to find element with id 'Object Repository/TripFocus/Testing_Notification_btn'. Try using Self-healing.

22-10-2025T10:33:35 - [MESSAGE][INFO] - [SELF-HEALING] No working XPath is found.

22-10-2025T10:33:37 - [MESSAGE][INFO] - Unable to find the element located by 'By.xpath: '. Please recheck the objects properties to make sure the desired element is located. 

22-10-2025T10:33:37 - [MESSAGE][WARNING] - [SELF-HEALING] Cannot find elements when the selector is null

22-10-2025T10:33:37 - [MESSAGE][WARNING] - Web element with id: 'Object Repository/TripFocus/Testing_Notification_btn' located by '//*[@id="__BVID__10___BV_modal_footer_"]/button' not found (Root cause: com.kms.katalon.core.exception.StepFailedException: Web element with id: 'Object Repository/TripFocus/Testing_Notification_btn' located by '//*[@id="__BVID__10___BV_modal_footer_"]/button' not found
	at com.kms.katalon.core.webui.keyword.internal.WebUIKeywordMain.stepFailed(WebUIKeywordMain.groovy:117)
	at com.kms.katalon.core.webui.keyword.builtin.VerifyElementVisibleKeyword$_verifyElementVisible_closure1.doCall(VerifyElementVisibleKeyword.groovy:89)
	at com.kms.katalon.core.webui.keyword.builtin.VerifyElementVisibleKeyword$_verifyElementVisible_closure1.call(VerifyElementVisibleKeyword.groovy)
	at com.kms.katalon.core.webui.keyword.internal.WebUIKeywordMain.runKeyword(WebUIKeywordMain.groovy:35)
	at com.kms.katalon.core.webui.keyword.builtin.VerifyElementVisibleKeyword.verifyElementVisible(VerifyElementVisibleKeyword.groovy:97)
	at com.kms.katalon.core.webui.keyword.builtin.VerifyElementVisibleKeyword.execute(VerifyElementVisibleKeyword.groovy:67)
	at com.kms.katalon.core.keyword.internal.KeywordExecutor.executeKeywordForPlatform(KeywordExecutor.groovy:74)
	at com.kms.katalon.core.webui.keyword.WebUiBuiltInKeywords.verifyElementVisible(WebUiBuiltInKeywords.groovy:401)
	at com.kms.katalon.core.webui.keyword.WebUiBuiltInKeywords$verifyElementVisible$5.call(Unknown Source)
	at SPG - Verify Delivery Site Dropdown.run(SPG - Verify Delivery Site Dropdown:37)
	at com.kms.katalon.core.main.ScriptEngine.run(ScriptEngine.java:194)
	at com.kms.katalon.core.main.ScriptEngine.runScriptAsRawText(ScriptEngine.java:119)
	at com.kms.katalon.core.main.TestCaseExecutor.runScript(TestCaseExecutor.java:448)
	at com.kms.katalon.core.main.TestCaseExecutor.doExecute(TestCaseExecutor.java:439)
	at com.kms.katalon.core.main.TestCaseExecutor.processExecutionPhase(TestCaseExecutor.java:418)
	at com.kms.katalon.core.main.TestCaseExecutor.accessMainPhase(TestCaseExecutor.java:410)
	at com.kms.katalon.core.main.TestCaseExecutor.execute(TestCaseExecutor.java:285)
	at com.kms.katalon.core.common.CommonExecutor.accessTestCaseMainPhase(CommonExecutor.java:65)
	at com.kms.katalon.core.main.TestSuiteExecutor.accessTestSuiteMainPhase(TestSuiteExecutor.java:150)
	at com.kms.katalon.core.main.TestSuiteExecutor.execute(TestSuiteExecutor.java:106)
	at com.kms.katalon.core.main.TestCaseMain.startTestSuite(TestCaseMain.java:180)
	at com.kms.katalon.core.main.TestCaseMain$startTestSuite$0.call(Unknown Source)
	at TempTestSuite1761139089875.run(TempTestSuite1761139089875.groovy:35)
	at java.base/jdk.internal.reflect.NativeMethodAccessorImpl.invoke0(Native Method)
	at java.base/jdk.internal.reflect.NativeMethodAccessorImpl.invoke(NativeMethodAccessorImpl.java:77)
	at java.base/jdk.internal.reflect.DelegatingMethodAccessorImpl.invoke(DelegatingMethodAccessorImpl.java:43)
)

22-10-2025T10:33:37 - [TEST_STEP][PASSED] - click(findTestObject("TripFocus/Notifications/Notifications Tab")): Object: 'Object Repository/TripFocus/Notifications/Notifications Tab' is clicked on

22-10-2025T10:33:38 - [MESSAGE][PASSED] - Object: 'Object Repository/TripFocus/Notifications/Notifications Tab' is clicked on

22-10-2025T10:33:38 - [TEST_STEP][PASSED] - delay(5): Delayed 5 second(s)

22-10-2025T10:33:43 - [MESSAGE][PASSED] - Delayed 5 second(s)

22-10-2025T10:33:43 - [TEST_STEP][PASSED] - click(findTestObject("Object Repository/TripFocus/Page_TripFocus/button_Add New Notification")): Object: 'Object Repository/TripFocus/Page_TripFocus/button_Add New Notification' is clicked on

22-10-2025T10:33:43 - [MESSAGE][PASSED] - Object: 'Object Repository/TripFocus/Page_TripFocus/button_Add New Notification' is clicked on

22-10-2025T10:33:43 - [TEST_STEP][PASSED] - delay(5): Delayed 5 second(s)

22-10-2025T10:33:48 - [MESSAGE][PASSED] - Delayed 5 second(s)

22-10-2025T10:33:48 - [TEST_STEP][PASSED] - verifyElementPresent(findTestObject("TripFocus/Notifications/Delivery Site_txt"), 10): Object 'Object Repository/TripFocus/Notifications/Delivery Site_txt' is present

22-10-2025T10:33:48 - [MESSAGE][PASSED] - Object 'Object Repository/TripFocus/Notifications/Delivery Site_txt' is present

22-10-2025T10:33:48 - [TEST_STEP][PASSED] - verifyElementPresent(findTestObject("TripFocus/Notifications/Delivery Site_dropdown"), 10): Object 'Object Repository/TripFocus/Notifications/Delivery Site_dropdown' is present

22-10-2025T10:33:48 - [MESSAGE][PASSED] - Object 'Object Repository/TripFocus/Notifications/Delivery Site_dropdown' is present

22-10-2025T10:33:48 - [TEST_STEP][PASSED] - click(findTestObject("TripFocus/Notifications/Delivery Site_dropdown")): Object: 'Object Repository/TripFocus/Notifications/Delivery Site_dropdown' is clicked on

22-10-2025T10:33:48 - [MESSAGE][PASSED] - Object: 'Object Repository/TripFocus/Notifications/Delivery Site_dropdown' is clicked on

22-10-2025T10:33:48 - [TEST_STEP][PASSED] - delay(2): Delayed 2 second(s)

22-10-2025T10:33:50 - [MESSAGE][PASSED] - Delayed 2 second(s)

22-10-2025T10:33:50 - [TEST_STEP][PASSED] - sendKeys(findTestObject("TripFocus/Notifications/Delivery Site_txt"), "COSTCO 367"): Keys 'COSTCO 367' sent to object: 'Object Repository/TripFocus/Notifications/Delivery Site_txt'

22-10-2025T10:33:50 - [MESSAGE][PASSED] - Keys 'COSTCO 367' sent to object: 'Object Repository/TripFocus/Notifications/Delivery Site_txt'

22-10-2025T10:33:50 - [TEST_STEP][PASSED] - delay(2): Delayed 2 second(s)

22-10-2025T10:33:52 - [MESSAGE][PASSED] - Delayed 2 second(s)

22-10-2025T10:33:52 - [TEST_STEP][PASSED] - sendKeys(findTestObject("TripFocus/Notifications/Delivery Site_txt"), Keys.chord(ENTER)): Keys 'ENTER + ' sent to object: 'Object Repository/TripFocus/Notifications/Delivery Site_txt'

22-10-2025T10:33:52 - [MESSAGE][PASSED] - Keys 'ENTER + ' sent to object: 'Object Repository/TripFocus/Notifications/Delivery Site_txt'

22-10-2025T10:33:52 - [TEST_STEP][PASSED] - delay(2): Delayed 2 second(s)

22-10-2025T10:33:54 - [MESSAGE][PASSED] - Delayed 2 second(s)

22-10-2025T10:33:54 - [TEST_STEP][PASSED] - Start listener action : retryOnDisconnect: null

22-10-2025T10:33:54 - [TEST_STEP][PASSED] - tcId = testCaseContext.getTestCaseId(): null

22-10-2025T10:33:54 - [TEST_STEP][PASSED] - currentRetry = retryCounts.getOrDefault(tcId, 0): null

22-10-2025T10:33:54 - [TEST_STEP][PASSED] - if (testCaseContext.getTestCaseStatus() == "FAILED" && currentRetry < MAX_RETRIES): null]]></system-out>
         <system-err><![CDATA[]]></system-err>
      </testcase>
      <testcase name="Test Cases/TripFocus/SPG/SPG - Notification/SPG - Verify Loading Freight Information Notification" time="57.932" classname="Test Cases/TripFocus/SPG/SPG - Notification/SPG - Verify Loading Freight Information Notification" status="PASSED">
         <system-out><![CDATA[22-10-2025T10:33:54 - [TEST_CASE][PASSED] - Test Cases/TripFocus/SPG/SPG - Notification/SPG - Verify Loading Freight Information Notification: Test Cases/TripFocus/SPG/SPG - Notification/SPG - Verify Loading Freight Information Notification

22-10-2025T10:33:54 - [TEST_STEP][PASSED] - Start listener action : beforeTestCase: null

22-10-2025T10:33:54 - [TEST_STEP][PASSED] - addDefaultPackages(): null

22-10-2025T10:33:54 - [TEST_STEP][PASSED] - openBrowser(""): Browser is opened with url: ''

22-10-2025T10:33:54 - [MESSAGE][WARNING] - A browser is already opened. Closing browser and opening a new one

22-10-2025T10:33:54 - [MESSAGE][INFO] - Starting 'Chrome' driver

22-10-2025T10:33:54 - [MESSAGE][INFO] - User set preference: ['args', '[--no-sandbox, --disable-gpu, --disable-dev-shm-usage]']

22-10-2025T10:33:54 - [MESSAGE][INFO] - Action delay is set to 0 milliseconds

22-10-2025T10:33:55 - [MESSAGE][PASSED] - Browser is opened with url: ''

22-10-2025T10:33:55 - [TEST_STEP][PASSED] - navigateToUrl(TFBaseURL): Navigate to 'https://www.qa.tripfocus.com' successfully

22-10-2025T10:33:56 - [MESSAGE][PASSED] - Navigate to 'https://www.qa.tripfocus.com' successfully

22-10-2025T10:33:56 - [TEST_STEP][PASSED] - click(findTestObject("Object Repository/TripFocus/Page_TripFocus/button_Sign in")): Object: 'Object Repository/TripFocus/Page_TripFocus/button_Sign in' is clicked on

22-10-2025T10:33:56 - [MESSAGE][PASSED] - Object: 'Object Repository/TripFocus/Page_TripFocus/button_Sign in' is clicked on

22-10-2025T10:33:56 - [TEST_STEP][PASSED] - setText(findTestObject("TripFocus/Username_txt"), TripFocusBleachTechSPGUsername): Text 'Ashford.Chenault+BleachtechCustomerSPGONLY@thekag.com' is set on object 'Object Repository/TripFocus/Username_txt'

22-10-2025T10:33:56 - [MESSAGE][PASSED] - Text 'Ashford.Chenault+BleachtechCustomerSPGONLY@thekag.com' is set on object 'Object Repository/TripFocus/Username_txt'

22-10-2025T10:33:56 - [TEST_STEP][PASSED] - setText(findTestObject("TripFocus/Password_txt"), TripFocusFDGSPGPassword): Text 'CrashBan911!!' is set on object 'Object Repository/TripFocus/Password_txt'

22-10-2025T10:33:57 - [MESSAGE][PASSED] - Text 'CrashBan911!!' is set on object 'Object Repository/TripFocus/Password_txt'

22-10-2025T10:33:57 - [TEST_STEP][PASSED] - click(findTestObject("Object Repository/TripFocus/Page_TripFocus/button_Login")): Object: 'Object Repository/TripFocus/Page_TripFocus/button_Login' is clicked on

22-10-2025T10:33:57 - [MESSAGE][PASSED] - Object: 'Object Repository/TripFocus/Page_TripFocus/button_Login' is clicked on

22-10-2025T10:33:57 - [TEST_STEP][PASSED] - maximizeWindow(): Current window maximized

22-10-2025T10:33:57 - [MESSAGE][PASSED] - Current window maximized

22-10-2025T10:33:57 - [TEST_STEP][PASSED] - waitForElementVisible(findTestObject("TripFocus/Testing_Notification_btn"), 15, OPTIONAL): Web element with id: 'Object Repository/TripFocus/Testing_Notification_btn' located by '//*[@id="__BVID__10___BV_modal_footer_"]/button' not found

22-10-2025T10:34:13 - [MESSAGE][INFO] - Unable to find the element located by 'By.xpath: //*[@id="__BVID__10___BV_modal_footer_"]/button'. Please recheck the objects properties to make sure the desired element is located. 

22-10-2025T10:34:13 - [MESSAGE][WARNING] - [SELF-HEALING] Failed to find element with id 'Object Repository/TripFocus/Testing_Notification_btn'. Try using Self-healing.

22-10-2025T10:34:14 - [MESSAGE][INFO] - [SELF-HEALING] No working XPath is found.

22-10-2025T10:34:16 - [MESSAGE][INFO] - Unable to find the element located by 'By.xpath: '. Please recheck the objects properties to make sure the desired element is located. 

22-10-2025T10:34:16 - [MESSAGE][WARNING] - [SELF-HEALING] Cannot find elements when the selector is null

22-10-2025T10:34:16 - [MESSAGE][WARNING] - Web element with id: 'Object Repository/TripFocus/Testing_Notification_btn' located by '//*[@id="__BVID__10___BV_modal_footer_"]/button' not found

22-10-2025T10:34:16 - [TEST_STEP][PASSED] - if (verifyElementVisible(findTestObject("TripFocus/Testing_Notification_btn"), OPTIONAL) == true): Web element with id: 'Object Repository/TripFocus/Testing_Notification_btn' located by '//*[@id="__BVID__10___BV_modal_footer_"]/button' not found (Root cause: com.kms.katalon.core.exception.StepFailedException: Web element with id: 'Object Repository/TripFocus/Testing_Notification_btn' located by '//*[@id="__BVID__10___BV_modal_footer_"]/button' not found
	at com.kms.katalon.core.webui.keyword.internal.WebUIKeywordMain.stepFailed(WebUIKeywordMain.groovy:117)
	at com.kms.katalon.core.webui.keyword.builtin.VerifyElementVisibleKeyword$_verifyElementVisible_closure1.doCall(VerifyElementVisibleKeyword.groovy:89)
	at com.kms.katalon.core.webui.keyword.builtin.VerifyElementVisibleKeyword$_verifyElementVisible_closure1.call(VerifyElementVisibleKeyword.groovy)
	at com.kms.katalon.core.webui.keyword.internal.WebUIKeywordMain.runKeyword(WebUIKeywordMain.groovy:35)
	at com.kms.katalon.core.webui.keyword.builtin.VerifyElementVisibleKeyword.verifyElementVisible(VerifyElementVisibleKeyword.groovy:97)
	at com.kms.katalon.core.webui.keyword.builtin.VerifyElementVisibleKeyword.execute(VerifyElementVisibleKeyword.groovy:67)
	at com.kms.katalon.core.keyword.internal.KeywordExecutor.executeKeywordForPlatform(KeywordExecutor.groovy:74)
	at com.kms.katalon.core.webui.keyword.WebUiBuiltInKeywords.verifyElementVisible(WebUiBuiltInKeywords.groovy:401)
	at com.kms.katalon.core.webui.keyword.WebUiBuiltInKeywords$verifyElementVisible$5.call(Unknown Source)
	at SPG - Verify Loading Freight Information Notification.run(SPG - Verify Loading Freight Information Notification:37)
	at com.kms.katalon.core.main.ScriptEngine.run(ScriptEngine.java:194)
	at com.kms.katalon.core.main.ScriptEngine.runScriptAsRawText(ScriptEngine.java:119)
	at com.kms.katalon.core.main.TestCaseExecutor.runScript(TestCaseExecutor.java:448)
	at com.kms.katalon.core.main.TestCaseExecutor.doExecute(TestCaseExecutor.java:439)
	at com.kms.katalon.core.main.TestCaseExecutor.processExecutionPhase(TestCaseExecutor.java:418)
	at com.kms.katalon.core.main.TestCaseExecutor.accessMainPhase(TestCaseExecutor.java:410)
	at com.kms.katalon.core.main.TestCaseExecutor.execute(TestCaseExecutor.java:285)
	at com.kms.katalon.core.common.CommonExecutor.accessTestCaseMainPhase(CommonExecutor.java:65)
	at com.kms.katalon.core.main.TestSuiteExecutor.accessTestSuiteMainPhase(TestSuiteExecutor.java:150)
	at com.kms.katalon.core.main.TestSuiteExecutor.execute(TestSuiteExecutor.java:106)
	at com.kms.katalon.core.main.TestCaseMain.startTestSuite(TestCaseMain.java:180)
	at com.kms.katalon.core.main.TestCaseMain$startTestSuite$0.call(Unknown Source)
	at TempTestSuite1761139089875.run(TempTestSuite1761139089875.groovy:35)
	at java.base/jdk.internal.reflect.NativeMethodAccessorImpl.invoke0(Native Method)
	at java.base/jdk.internal.reflect.NativeMethodAccessorImpl.invoke(NativeMethodAccessorImpl.java:77)
	at java.base/jdk.internal.reflect.DelegatingMethodAccessorImpl.invoke(DelegatingMethodAccessorImpl.java:43)
)

22-10-2025T10:34:32 - [MESSAGE][INFO] - Unable to find the element located by 'By.xpath: //*[@id="__BVID__10___BV_modal_footer_"]/button'. Please recheck the objects properties to make sure the desired element is located. 

22-10-2025T10:34:32 - [MESSAGE][WARNING] - [SELF-HEALING] Failed to find element with id 'Object Repository/TripFocus/Testing_Notification_btn'. Try using Self-healing.

22-10-2025T10:34:33 - [MESSAGE][INFO] - [SELF-HEALING] No working XPath is found.

22-10-2025T10:34:35 - [MESSAGE][INFO] - Unable to find the element located by 'By.xpath: '. Please recheck the objects properties to make sure the desired element is located. 

22-10-2025T10:34:35 - [MESSAGE][WARNING] - [SELF-HEALING] Cannot find elements when the selector is null

22-10-2025T10:34:35 - [MESSAGE][WARNING] - Web element with id: 'Object Repository/TripFocus/Testing_Notification_btn' located by '//*[@id="__BVID__10___BV_modal_footer_"]/button' not found (Root cause: com.kms.katalon.core.exception.StepFailedException: Web element with id: 'Object Repository/TripFocus/Testing_Notification_btn' located by '//*[@id="__BVID__10___BV_modal_footer_"]/button' not found
	at com.kms.katalon.core.webui.keyword.internal.WebUIKeywordMain.stepFailed(WebUIKeywordMain.groovy:117)
	at com.kms.katalon.core.webui.keyword.builtin.VerifyElementVisibleKeyword$_verifyElementVisible_closure1.doCall(VerifyElementVisibleKeyword.groovy:89)
	at com.kms.katalon.core.webui.keyword.builtin.VerifyElementVisibleKeyword$_verifyElementVisible_closure1.call(VerifyElementVisibleKeyword.groovy)
	at com.kms.katalon.core.webui.keyword.internal.WebUIKeywordMain.runKeyword(WebUIKeywordMain.groovy:35)
	at com.kms.katalon.core.webui.keyword.builtin.VerifyElementVisibleKeyword.verifyElementVisible(VerifyElementVisibleKeyword.groovy:97)
	at com.kms.katalon.core.webui.keyword.builtin.VerifyElementVisibleKeyword.execute(VerifyElementVisibleKeyword.groovy:67)
	at com.kms.katalon.core.keyword.internal.KeywordExecutor.executeKeywordForPlatform(KeywordExecutor.groovy:74)
	at com.kms.katalon.core.webui.keyword.WebUiBuiltInKeywords.verifyElementVisible(WebUiBuiltInKeywords.groovy:401)
	at com.kms.katalon.core.webui.keyword.WebUiBuiltInKeywords$verifyElementVisible$5.call(Unknown Source)
	at SPG - Verify Loading Freight Information Notification.run(SPG - Verify Loading Freight Information Notification:37)
	at com.kms.katalon.core.main.ScriptEngine.run(ScriptEngine.java:194)
	at com.kms.katalon.core.main.ScriptEngine.runScriptAsRawText(ScriptEngine.java:119)
	at com.kms.katalon.core.main.TestCaseExecutor.runScript(TestCaseExecutor.java:448)
	at com.kms.katalon.core.main.TestCaseExecutor.doExecute(TestCaseExecutor.java:439)
	at com.kms.katalon.core.main.TestCaseExecutor.processExecutionPhase(TestCaseExecutor.java:418)
	at com.kms.katalon.core.main.TestCaseExecutor.accessMainPhase(TestCaseExecutor.java:410)
	at com.kms.katalon.core.main.TestCaseExecutor.execute(TestCaseExecutor.java:285)
	at com.kms.katalon.core.common.CommonExecutor.accessTestCaseMainPhase(CommonExecutor.java:65)
	at com.kms.katalon.core.main.TestSuiteExecutor.accessTestSuiteMainPhase(TestSuiteExecutor.java:150)
	at com.kms.katalon.core.main.TestSuiteExecutor.execute(TestSuiteExecutor.java:106)
	at com.kms.katalon.core.main.TestCaseMain.startTestSuite(TestCaseMain.java:180)
	at com.kms.katalon.core.main.TestCaseMain$startTestSuite$0.call(Unknown Source)
	at TempTestSuite1761139089875.run(TempTestSuite1761139089875.groovy:35)
	at java.base/jdk.internal.reflect.NativeMethodAccessorImpl.invoke0(Native Method)
	at java.base/jdk.internal.reflect.NativeMethodAccessorImpl.invoke(NativeMethodAccessorImpl.java:77)
	at java.base/jdk.internal.reflect.DelegatingMethodAccessorImpl.invoke(DelegatingMethodAccessorImpl.java:43)
)

22-10-2025T10:34:35 - [TEST_STEP][PASSED] - click(findTestObject("TripFocus/Notifications/Notifications Tab")): Object: 'Object Repository/TripFocus/Notifications/Notifications Tab' is clicked on

22-10-2025T10:34:35 - [MESSAGE][PASSED] - Object: 'Object Repository/TripFocus/Notifications/Notifications Tab' is clicked on

22-10-2025T10:34:35 - [TEST_STEP][PASSED] - delay(5): Delayed 5 second(s)

22-10-2025T10:34:40 - [MESSAGE][PASSED] - Delayed 5 second(s)

22-10-2025T10:34:40 - [TEST_STEP][PASSED] - click(findTestObject("Object Repository/TripFocus/Page_TripFocus/button_Add New Notification")): Object: 'Object Repository/TripFocus/Page_TripFocus/button_Add New Notification' is clicked on

22-10-2025T10:34:41 - [MESSAGE][PASSED] - Object: 'Object Repository/TripFocus/Page_TripFocus/button_Add New Notification' is clicked on

22-10-2025T10:34:41 - [TEST_STEP][PASSED] - delay(5): Delayed 5 second(s)

22-10-2025T10:34:46 - [MESSAGE][PASSED] - Delayed 5 second(s)

22-10-2025T10:34:46 - [TEST_STEP][PASSED] - sendKeys(findTestObject("TripFocus/Notifications/Notification Events_txt"), "Loading Freight Information"): Keys 'Loading Freight Information' sent to object: 'Object Repository/TripFocus/Notifications/Notification Events_txt'

22-10-2025T10:34:46 - [MESSAGE][PASSED] - Keys 'Loading Freight Information' sent to object: 'Object Repository/TripFocus/Notifications/Notification Events_txt'

22-10-2025T10:34:46 - [TEST_STEP][PASSED] - delay(2): Delayed 2 second(s)

22-10-2025T10:34:48 - [MESSAGE][PASSED] - Delayed 2 second(s)

22-10-2025T10:34:48 - [TEST_STEP][PASSED] - sendKeys(findTestObject("TripFocus/Notifications/Notification Events_txt"), Keys.chord(ENTER)): Keys 'ENTER + ' sent to object: 'Object Repository/TripFocus/Notifications/Notification Events_txt'

22-10-2025T10:34:48 - [MESSAGE][PASSED] - Keys 'ENTER + ' sent to object: 'Object Repository/TripFocus/Notifications/Notification Events_txt'

22-10-2025T10:34:48 - [TEST_STEP][PASSED] - delay(2): Delayed 2 second(s)

22-10-2025T10:34:50 - [MESSAGE][PASSED] - Delayed 2 second(s)

22-10-2025T10:34:50 - [TEST_STEP][PASSED] - click(findTestObject("TripFocus/Page_TripFocus/textarea_Send To_txtSendTo")): Object: 'Object Repository/TripFocus/Page_TripFocus/textarea_Send To_txtSendTo' is clicked on

22-10-2025T10:34:50 - [MESSAGE][PASSED] - Object: 'Object Repository/TripFocus/Page_TripFocus/textarea_Send To_txtSendTo' is clicked on

22-10-2025T10:34:50 - [TEST_STEP][PASSED] - delay(2): Delayed 2 second(s)

22-10-2025T10:34:52 - [MESSAGE][PASSED] - Delayed 2 second(s)

22-10-2025T10:34:52 - [TEST_STEP][PASSED] - verifyElementText(findTestObject("TripFocus/Notifications/Selected Notification_option"), "Loading Freight Information"): Actual text and expected text of test object 'Object Repository/TripFocus/Notifications/Selected Notification_option' are matched.

22-10-2025T10:34:52 - [MESSAGE][PASSED] - Actual text and expected text of test object 'Object Repository/TripFocus/Notifications/Selected Notification_option' are matched.

22-10-2025T10:34:52 - [TEST_STEP][PASSED] - Start listener action : retryOnDisconnect: null

22-10-2025T10:34:52 - [TEST_STEP][PASSED] - tcId = testCaseContext.getTestCaseId(): null

22-10-2025T10:34:52 - [TEST_STEP][PASSED] - currentRetry = retryCounts.getOrDefault(tcId, 0): null

22-10-2025T10:34:52 - [TEST_STEP][PASSED] - if (testCaseContext.getTestCaseStatus() == "FAILED" && currentRetry < MAX_RETRIES): null]]></system-out>
         <system-err><![CDATA[]]></system-err>
      </testcase>
      <testcase name="Test Cases/TripFocus/SPG/SPG - Notification/SPG - Verify Notification Events Dropdown" time="51.853" classname="Test Cases/TripFocus/SPG/SPG - Notification/SPG - Verify Notification Events Dropdown" status="PASSED">
         <system-out><![CDATA[22-10-2025T10:34:52 - [TEST_CASE][PASSED] - Test Cases/TripFocus/SPG/SPG - Notification/SPG - Verify Notification Events Dropdown: Test Cases/TripFocus/SPG/SPG - Notification/SPG - Verify Notification Events Dropdown

22-10-2025T10:34:52 - [TEST_STEP][PASSED] - Start listener action : beforeTestCase: null

22-10-2025T10:34:52 - [TEST_STEP][PASSED] - addDefaultPackages(): null

22-10-2025T10:34:52 - [TEST_STEP][PASSED] - openBrowser(""): Browser is opened with url: ''

22-10-2025T10:34:52 - [MESSAGE][WARNING] - A browser is already opened. Closing browser and opening a new one

22-10-2025T10:34:52 - [MESSAGE][INFO] - Starting 'Chrome' driver

22-10-2025T10:34:52 - [MESSAGE][INFO] - User set preference: ['args', '[--no-sandbox, --disable-gpu, --disable-dev-shm-usage]']

22-10-2025T10:34:52 - [MESSAGE][INFO] - Action delay is set to 0 milliseconds

22-10-2025T10:34:53 - [MESSAGE][PASSED] - Browser is opened with url: ''

22-10-2025T10:34:53 - [TEST_STEP][PASSED] - navigateToUrl(TFBaseURL): Navigate to 'https://www.qa.tripfocus.com' successfully

22-10-2025T10:34:54 - [MESSAGE][PASSED] - Navigate to 'https://www.qa.tripfocus.com' successfully

22-10-2025T10:34:54 - [TEST_STEP][PASSED] - click(findTestObject("Object Repository/TripFocus/Page_TripFocus/button_Sign in")): Object: 'Object Repository/TripFocus/Page_TripFocus/button_Sign in' is clicked on

22-10-2025T10:34:54 - [MESSAGE][PASSED] - Object: 'Object Repository/TripFocus/Page_TripFocus/button_Sign in' is clicked on

22-10-2025T10:34:54 - [TEST_STEP][PASSED] - setText(findTestObject("TripFocus/Username_txt"), TripFocusBleachTechSPGUsername): Text 'Ashford.Chenault+BleachtechCustomerSPGONLY@thekag.com' is set on object 'Object Repository/TripFocus/Username_txt'

22-10-2025T10:34:55 - [MESSAGE][PASSED] - Text 'Ashford.Chenault+BleachtechCustomerSPGONLY@thekag.com' is set on object 'Object Repository/TripFocus/Username_txt'

22-10-2025T10:34:55 - [TEST_STEP][PASSED] - setText(findTestObject("TripFocus/Password_txt"), TripFocusFDGSPGPassword): Text 'CrashBan911!!' is set on object 'Object Repository/TripFocus/Password_txt'

22-10-2025T10:34:55 - [MESSAGE][PASSED] - Text 'CrashBan911!!' is set on object 'Object Repository/TripFocus/Password_txt'

22-10-2025T10:34:55 - [TEST_STEP][PASSED] - click(findTestObject("Object Repository/TripFocus/Page_TripFocus/button_Login")): Object: 'Object Repository/TripFocus/Page_TripFocus/button_Login' is clicked on

22-10-2025T10:34:55 - [MESSAGE][PASSED] - Object: 'Object Repository/TripFocus/Page_TripFocus/button_Login' is clicked on

22-10-2025T10:34:55 - [TEST_STEP][PASSED] - maximizeWindow(): Current window maximized

22-10-2025T10:34:55 - [MESSAGE][PASSED] - Current window maximized

22-10-2025T10:34:55 - [TEST_STEP][PASSED] - waitForElementVisible(findTestObject("TripFocus/Testing_Notification_btn"), 15, OPTIONAL): Web element with id: 'Object Repository/TripFocus/Testing_Notification_btn' located by '//*[@id="__BVID__10___BV_modal_footer_"]/button' not found

22-10-2025T10:35:11 - [MESSAGE][INFO] - Unable to find the element located by 'By.xpath: //*[@id="__BVID__10___BV_modal_footer_"]/button'. Please recheck the objects properties to make sure the desired element is located. 

22-10-2025T10:35:11 - [MESSAGE][WARNING] - [SELF-HEALING] Failed to find element with id 'Object Repository/TripFocus/Testing_Notification_btn'. Try using Self-healing.

22-10-2025T10:35:12 - [MESSAGE][INFO] - [SELF-HEALING] No working XPath is found.

22-10-2025T10:35:14 - [MESSAGE][INFO] - Unable to find the element located by 'By.xpath: '. Please recheck the objects properties to make sure the desired element is located. 

22-10-2025T10:35:14 - [MESSAGE][WARNING] - [SELF-HEALING] Cannot find elements when the selector is null

22-10-2025T10:35:14 - [MESSAGE][WARNING] - Web element with id: 'Object Repository/TripFocus/Testing_Notification_btn' located by '//*[@id="__BVID__10___BV_modal_footer_"]/button' not found

22-10-2025T10:35:14 - [TEST_STEP][PASSED] - if (verifyElementVisible(findTestObject("TripFocus/Testing_Notification_btn"), OPTIONAL) == true): Web element with id: 'Object Repository/TripFocus/Testing_Notification_btn' located by '//*[@id="__BVID__10___BV_modal_footer_"]/button' not found (Root cause: com.kms.katalon.core.exception.StepFailedException: Web element with id: 'Object Repository/TripFocus/Testing_Notification_btn' located by '//*[@id="__BVID__10___BV_modal_footer_"]/button' not found
	at com.kms.katalon.core.webui.keyword.internal.WebUIKeywordMain.stepFailed(WebUIKeywordMain.groovy:117)
	at com.kms.katalon.core.webui.keyword.builtin.VerifyElementVisibleKeyword$_verifyElementVisible_closure1.doCall(VerifyElementVisibleKeyword.groovy:89)
	at com.kms.katalon.core.webui.keyword.builtin.VerifyElementVisibleKeyword$_verifyElementVisible_closure1.call(VerifyElementVisibleKeyword.groovy)
	at com.kms.katalon.core.webui.keyword.internal.WebUIKeywordMain.runKeyword(WebUIKeywordMain.groovy:35)
	at com.kms.katalon.core.webui.keyword.builtin.VerifyElementVisibleKeyword.verifyElementVisible(VerifyElementVisibleKeyword.groovy:97)
	at com.kms.katalon.core.webui.keyword.builtin.VerifyElementVisibleKeyword.execute(VerifyElementVisibleKeyword.groovy:67)
	at com.kms.katalon.core.keyword.internal.KeywordExecutor.executeKeywordForPlatform(KeywordExecutor.groovy:74)
	at com.kms.katalon.core.webui.keyword.WebUiBuiltInKeywords.verifyElementVisible(WebUiBuiltInKeywords.groovy:401)
	at com.kms.katalon.core.webui.keyword.WebUiBuiltInKeywords$verifyElementVisible$5.call(Unknown Source)
	at SPG - Verify Notification Events Dropdown.run(SPG - Verify Notification Events Dropdown:37)
	at com.kms.katalon.core.main.ScriptEngine.run(ScriptEngine.java:194)
	at com.kms.katalon.core.main.ScriptEngine.runScriptAsRawText(ScriptEngine.java:119)
	at com.kms.katalon.core.main.TestCaseExecutor.runScript(TestCaseExecutor.java:448)
	at com.kms.katalon.core.main.TestCaseExecutor.doExecute(TestCaseExecutor.java:439)
	at com.kms.katalon.core.main.TestCaseExecutor.processExecutionPhase(TestCaseExecutor.java:418)
	at com.kms.katalon.core.main.TestCaseExecutor.accessMainPhase(TestCaseExecutor.java:410)
	at com.kms.katalon.core.main.TestCaseExecutor.execute(TestCaseExecutor.java:285)
	at com.kms.katalon.core.common.CommonExecutor.accessTestCaseMainPhase(CommonExecutor.java:65)
	at com.kms.katalon.core.main.TestSuiteExecutor.accessTestSuiteMainPhase(TestSuiteExecutor.java:150)
	at com.kms.katalon.core.main.TestSuiteExecutor.execute(TestSuiteExecutor.java:106)
	at com.kms.katalon.core.main.TestCaseMain.startTestSuite(TestCaseMain.java:180)
	at com.kms.katalon.core.main.TestCaseMain$startTestSuite$0.call(Unknown Source)
	at TempTestSuite1761139089875.run(TempTestSuite1761139089875.groovy:35)
	at java.base/jdk.internal.reflect.NativeMethodAccessorImpl.invoke0(Native Method)
	at java.base/jdk.internal.reflect.NativeMethodAccessorImpl.invoke(NativeMethodAccessorImpl.java:77)
	at java.base/jdk.internal.reflect.DelegatingMethodAccessorImpl.invoke(DelegatingMethodAccessorImpl.java:43)
)

22-10-2025T10:35:30 - [MESSAGE][INFO] - Unable to find the element located by 'By.xpath: //*[@id="__BVID__10___BV_modal_footer_"]/button'. Please recheck the objects properties to make sure the desired element is located. 

22-10-2025T10:35:30 - [MESSAGE][WARNING] - [SELF-HEALING] Failed to find element with id 'Object Repository/TripFocus/Testing_Notification_btn'. Try using Self-healing.

22-10-2025T10:35:31 - [MESSAGE][INFO] - [SELF-HEALING] No working XPath is found.

22-10-2025T10:35:33 - [MESSAGE][INFO] - Unable to find the element located by 'By.xpath: '. Please recheck the objects properties to make sure the desired element is located. 

22-10-2025T10:35:33 - [MESSAGE][WARNING] - [SELF-HEALING] Cannot find elements when the selector is null

22-10-2025T10:35:33 - [MESSAGE][WARNING] - Web element with id: 'Object Repository/TripFocus/Testing_Notification_btn' located by '//*[@id="__BVID__10___BV_modal_footer_"]/button' not found (Root cause: com.kms.katalon.core.exception.StepFailedException: Web element with id: 'Object Repository/TripFocus/Testing_Notification_btn' located by '//*[@id="__BVID__10___BV_modal_footer_"]/button' not found
	at com.kms.katalon.core.webui.keyword.internal.WebUIKeywordMain.stepFailed(WebUIKeywordMain.groovy:117)
	at com.kms.katalon.core.webui.keyword.builtin.VerifyElementVisibleKeyword$_verifyElementVisible_closure1.doCall(VerifyElementVisibleKeyword.groovy:89)
	at com.kms.katalon.core.webui.keyword.builtin.VerifyElementVisibleKeyword$_verifyElementVisible_closure1.call(VerifyElementVisibleKeyword.groovy)
	at com.kms.katalon.core.webui.keyword.internal.WebUIKeywordMain.runKeyword(WebUIKeywordMain.groovy:35)
	at com.kms.katalon.core.webui.keyword.builtin.VerifyElementVisibleKeyword.verifyElementVisible(VerifyElementVisibleKeyword.groovy:97)
	at com.kms.katalon.core.webui.keyword.builtin.VerifyElementVisibleKeyword.execute(VerifyElementVisibleKeyword.groovy:67)
	at com.kms.katalon.core.keyword.internal.KeywordExecutor.executeKeywordForPlatform(KeywordExecutor.groovy:74)
	at com.kms.katalon.core.webui.keyword.WebUiBuiltInKeywords.verifyElementVisible(WebUiBuiltInKeywords.groovy:401)
	at com.kms.katalon.core.webui.keyword.WebUiBuiltInKeywords$verifyElementVisible$5.call(Unknown Source)
	at SPG - Verify Notification Events Dropdown.run(SPG - Verify Notification Events Dropdown:37)
	at com.kms.katalon.core.main.ScriptEngine.run(ScriptEngine.java:194)
	at com.kms.katalon.core.main.ScriptEngine.runScriptAsRawText(ScriptEngine.java:119)
	at com.kms.katalon.core.main.TestCaseExecutor.runScript(TestCaseExecutor.java:448)
	at com.kms.katalon.core.main.TestCaseExecutor.doExecute(TestCaseExecutor.java:439)
	at com.kms.katalon.core.main.TestCaseExecutor.processExecutionPhase(TestCaseExecutor.java:418)
	at com.kms.katalon.core.main.TestCaseExecutor.accessMainPhase(TestCaseExecutor.java:410)
	at com.kms.katalon.core.main.TestCaseExecutor.execute(TestCaseExecutor.java:285)
	at com.kms.katalon.core.common.CommonExecutor.accessTestCaseMainPhase(CommonExecutor.java:65)
	at com.kms.katalon.core.main.TestSuiteExecutor.accessTestSuiteMainPhase(TestSuiteExecutor.java:150)
	at com.kms.katalon.core.main.TestSuiteExecutor.execute(TestSuiteExecutor.java:106)
	at com.kms.katalon.core.main.TestCaseMain.startTestSuite(TestCaseMain.java:180)
	at com.kms.katalon.core.main.TestCaseMain$startTestSuite$0.call(Unknown Source)
	at TempTestSuite1761139089875.run(TempTestSuite1761139089875.groovy:35)
	at java.base/jdk.internal.reflect.NativeMethodAccessorImpl.invoke0(Native Method)
	at java.base/jdk.internal.reflect.NativeMethodAccessorImpl.invoke(NativeMethodAccessorImpl.java:77)
	at java.base/jdk.internal.reflect.DelegatingMethodAccessorImpl.invoke(DelegatingMethodAccessorImpl.java:43)
)

22-10-2025T10:35:33 - [TEST_STEP][PASSED] - click(findTestObject("TripFocus/Notifications/Notifications Tab")): Object: 'Object Repository/TripFocus/Notifications/Notifications Tab' is clicked on

22-10-2025T10:35:34 - [MESSAGE][PASSED] - Object: 'Object Repository/TripFocus/Notifications/Notifications Tab' is clicked on

22-10-2025T10:35:34 - [TEST_STEP][PASSED] - delay(5): Delayed 5 second(s)

22-10-2025T10:35:39 - [MESSAGE][PASSED] - Delayed 5 second(s)

22-10-2025T10:35:39 - [TEST_STEP][PASSED] - click(findTestObject("Object Repository/TripFocus/Page_TripFocus/button_Add New Notification")): Object: 'Object Repository/TripFocus/Page_TripFocus/button_Add New Notification' is clicked on

22-10-2025T10:35:39 - [MESSAGE][PASSED] - Object: 'Object Repository/TripFocus/Page_TripFocus/button_Add New Notification' is clicked on

22-10-2025T10:35:39 - [TEST_STEP][PASSED] - delay(5): Delayed 5 second(s)

22-10-2025T10:35:44 - [MESSAGE][PASSED] - Delayed 5 second(s)

22-10-2025T10:35:44 - [TEST_STEP][PASSED] - verifyElementPresent(findTestObject("TripFocus/Notifications/Notification Events_txt"), 10): Object 'Object Repository/TripFocus/Notifications/Notification Events_txt' is present

22-10-2025T10:35:44 - [MESSAGE][PASSED] - Object 'Object Repository/TripFocus/Notifications/Notification Events_txt' is present

22-10-2025T10:35:44 - [TEST_STEP][PASSED] - Start listener action : retryOnDisconnect: null

22-10-2025T10:35:44 - [TEST_STEP][PASSED] - tcId = testCaseContext.getTestCaseId(): null

22-10-2025T10:35:44 - [TEST_STEP][PASSED] - currentRetry = retryCounts.getOrDefault(tcId, 0): null

22-10-2025T10:35:44 - [TEST_STEP][PASSED] - if (testCaseContext.getTestCaseStatus() == "FAILED" && currentRetry < MAX_RETRIES): null]]></system-out>
         <system-err><![CDATA[]]></system-err>
      </testcase>
      <testcase name="Test Cases/TripFocus/SPG/SPG - Notification/SPG - Verify Notification Per Page Dropdown" time="42.365" classname="Test Cases/TripFocus/SPG/SPG - Notification/SPG - Verify Notification Per Page Dropdown" status="PASSED">
         <system-out><![CDATA[22-10-2025T10:35:44 - [TEST_CASE][PASSED] - Test Cases/TripFocus/SPG/SPG - Notification/SPG - Verify Notification Per Page Dropdown: Test Cases/TripFocus/SPG/SPG - Notification/SPG - Verify Notification Per Page Dropdown

22-10-2025T10:35:44 - [TEST_STEP][PASSED] - Start listener action : beforeTestCase: null

22-10-2025T10:35:44 - [TEST_STEP][PASSED] - addDefaultPackages(): null

22-10-2025T10:35:44 - [TEST_STEP][PASSED] - openBrowser(""): Browser is opened with url: ''

22-10-2025T10:35:44 - [MESSAGE][WARNING] - A browser is already opened. Closing browser and opening a new one

22-10-2025T10:35:44 - [MESSAGE][INFO] - Starting 'Chrome' driver

22-10-2025T10:35:44 - [MESSAGE][INFO] - User set preference: ['args', '[--no-sandbox, --disable-gpu, --disable-dev-shm-usage]']

22-10-2025T10:35:44 - [MESSAGE][INFO] - Action delay is set to 0 milliseconds

22-10-2025T10:35:45 - [MESSAGE][PASSED] - Browser is opened with url: ''

22-10-2025T10:35:45 - [TEST_STEP][PASSED] - navigateToUrl(TFBaseURL): Navigate to 'https://www.qa.tripfocus.com' successfully

22-10-2025T10:35:46 - [MESSAGE][PASSED] - Navigate to 'https://www.qa.tripfocus.com' successfully

22-10-2025T10:35:46 - [TEST_STEP][PASSED] - click(findTestObject("Object Repository/TripFocus/Page_TripFocus/button_Sign in")): Object: 'Object Repository/TripFocus/Page_TripFocus/button_Sign in' is clicked on

22-10-2025T10:35:46 - [MESSAGE][PASSED] - Object: 'Object Repository/TripFocus/Page_TripFocus/button_Sign in' is clicked on

22-10-2025T10:35:46 - [TEST_STEP][PASSED] - setText(findTestObject("TripFocus/Username_txt"), TripFocusBleachTechSPGUsername): Text 'Ashford.Chenault+BleachtechCustomerSPGONLY@thekag.com' is set on object 'Object Repository/TripFocus/Username_txt'

22-10-2025T10:35:46 - [MESSAGE][PASSED] - Text 'Ashford.Chenault+BleachtechCustomerSPGONLY@thekag.com' is set on object 'Object Repository/TripFocus/Username_txt'

22-10-2025T10:35:46 - [TEST_STEP][PASSED] - setText(findTestObject("TripFocus/Password_txt"), TripFocusFDGSPGPassword): Text 'CrashBan911!!' is set on object 'Object Repository/TripFocus/Password_txt'

22-10-2025T10:35:46 - [MESSAGE][PASSED] - Text 'CrashBan911!!' is set on object 'Object Repository/TripFocus/Password_txt'

22-10-2025T10:35:46 - [TEST_STEP][PASSED] - click(findTestObject("Object Repository/TripFocus/Page_TripFocus/button_Login")): Object: 'Object Repository/TripFocus/Page_TripFocus/button_Login' is clicked on

22-10-2025T10:35:47 - [MESSAGE][PASSED] - Object: 'Object Repository/TripFocus/Page_TripFocus/button_Login' is clicked on

22-10-2025T10:35:47 - [TEST_STEP][PASSED] - maximizeWindow(): Current window maximized

22-10-2025T10:35:47 - [MESSAGE][PASSED] - Current window maximized

22-10-2025T10:35:47 - [TEST_STEP][PASSED] - waitForElementVisible(findTestObject("TripFocus/Testing_Notification_btn"), 15, OPTIONAL): Web element with id: 'Object Repository/TripFocus/Testing_Notification_btn' located by '//*[@id="__BVID__10___BV_modal_footer_"]/button' not found

22-10-2025T10:36:03 - [MESSAGE][INFO] - Unable to find the element located by 'By.xpath: //*[@id="__BVID__10___BV_modal_footer_"]/button'. Please recheck the objects properties to make sure the desired element is located. 

22-10-2025T10:36:03 - [MESSAGE][WARNING] - [SELF-HEALING] Failed to find element with id 'Object Repository/TripFocus/Testing_Notification_btn'. Try using Self-healing.

22-10-2025T10:36:04 - [MESSAGE][INFO] - [SELF-HEALING] No working XPath is found.

22-10-2025T10:36:06 - [MESSAGE][INFO] - Unable to find the element located by 'By.xpath: '. Please recheck the objects properties to make sure the desired element is located. 

22-10-2025T10:36:06 - [MESSAGE][WARNING] - [SELF-HEALING] Cannot find elements when the selector is null

22-10-2025T10:36:06 - [MESSAGE][WARNING] - Web element with id: 'Object Repository/TripFocus/Testing_Notification_btn' located by '//*[@id="__BVID__10___BV_modal_footer_"]/button' not found

22-10-2025T10:36:06 - [TEST_STEP][PASSED] - if (verifyElementVisible(findTestObject("TripFocus/Testing_Notification_btn"), OPTIONAL) == true): Web element with id: 'Object Repository/TripFocus/Testing_Notification_btn' located by '//*[@id="__BVID__10___BV_modal_footer_"]/button' not found (Root cause: com.kms.katalon.core.exception.StepFailedException: Web element with id: 'Object Repository/TripFocus/Testing_Notification_btn' located by '//*[@id="__BVID__10___BV_modal_footer_"]/button' not found
	at com.kms.katalon.core.webui.keyword.internal.WebUIKeywordMain.stepFailed(WebUIKeywordMain.groovy:117)
	at com.kms.katalon.core.webui.keyword.builtin.VerifyElementVisibleKeyword$_verifyElementVisible_closure1.doCall(VerifyElementVisibleKeyword.groovy:89)
	at com.kms.katalon.core.webui.keyword.builtin.VerifyElementVisibleKeyword$_verifyElementVisible_closure1.call(VerifyElementVisibleKeyword.groovy)
	at com.kms.katalon.core.webui.keyword.internal.WebUIKeywordMain.runKeyword(WebUIKeywordMain.groovy:35)
	at com.kms.katalon.core.webui.keyword.builtin.VerifyElementVisibleKeyword.verifyElementVisible(VerifyElementVisibleKeyword.groovy:97)
	at com.kms.katalon.core.webui.keyword.builtin.VerifyElementVisibleKeyword.execute(VerifyElementVisibleKeyword.groovy:67)
	at com.kms.katalon.core.keyword.internal.KeywordExecutor.executeKeywordForPlatform(KeywordExecutor.groovy:74)
	at com.kms.katalon.core.webui.keyword.WebUiBuiltInKeywords.verifyElementVisible(WebUiBuiltInKeywords.groovy:401)
	at com.kms.katalon.core.webui.keyword.WebUiBuiltInKeywords$verifyElementVisible$5.call(Unknown Source)
	at SPG - Verify Notification Per Page Dropdown.run(SPG - Verify Notification Per Page Dropdown:37)
	at com.kms.katalon.core.main.ScriptEngine.run(ScriptEngine.java:194)
	at com.kms.katalon.core.main.ScriptEngine.runScriptAsRawText(ScriptEngine.java:119)
	at com.kms.katalon.core.main.TestCaseExecutor.runScript(TestCaseExecutor.java:448)
	at com.kms.katalon.core.main.TestCaseExecutor.doExecute(TestCaseExecutor.java:439)
	at com.kms.katalon.core.main.TestCaseExecutor.processExecutionPhase(TestCaseExecutor.java:418)
	at com.kms.katalon.core.main.TestCaseExecutor.accessMainPhase(TestCaseExecutor.java:410)
	at com.kms.katalon.core.main.TestCaseExecutor.execute(TestCaseExecutor.java:285)
	at com.kms.katalon.core.common.CommonExecutor.accessTestCaseMainPhase(CommonExecutor.java:65)
	at com.kms.katalon.core.main.TestSuiteExecutor.accessTestSuiteMainPhase(TestSuiteExecutor.java:150)
	at com.kms.katalon.core.main.TestSuiteExecutor.execute(TestSuiteExecutor.java:106)
	at com.kms.katalon.core.main.TestCaseMain.startTestSuite(TestCaseMain.java:180)
	at com.kms.katalon.core.main.TestCaseMain$startTestSuite$0.call(Unknown Source)
	at TempTestSuite1761139089875.run(TempTestSuite1761139089875.groovy:35)
	at java.base/jdk.internal.reflect.NativeMethodAccessorImpl.invoke0(Native Method)
	at java.base/jdk.internal.reflect.NativeMethodAccessorImpl.invoke(NativeMethodAccessorImpl.java:77)
	at java.base/jdk.internal.reflect.DelegatingMethodAccessorImpl.invoke(DelegatingMethodAccessorImpl.java:43)
)

22-10-2025T10:36:22 - [MESSAGE][INFO] - Unable to find the element located by 'By.xpath: //*[@id="__BVID__10___BV_modal_footer_"]/button'. Please recheck the objects properties to make sure the desired element is located. 

22-10-2025T10:36:22 - [MESSAGE][WARNING] - [SELF-HEALING] Failed to find element with id 'Object Repository/TripFocus/Testing_Notification_btn'. Try using Self-healing.

22-10-2025T10:36:23 - [MESSAGE][INFO] - [SELF-HEALING] No working XPath is found.

22-10-2025T10:36:25 - [MESSAGE][INFO] - Unable to find the element located by 'By.xpath: '. Please recheck the objects properties to make sure the desired element is located. 

22-10-2025T10:36:25 - [MESSAGE][WARNING] - [SELF-HEALING] Cannot find elements when the selector is null

22-10-2025T10:36:25 - [MESSAGE][WARNING] - Web element with id: 'Object Repository/TripFocus/Testing_Notification_btn' located by '//*[@id="__BVID__10___BV_modal_footer_"]/button' not found (Root cause: com.kms.katalon.core.exception.StepFailedException: Web element with id: 'Object Repository/TripFocus/Testing_Notification_btn' located by '//*[@id="__BVID__10___BV_modal_footer_"]/button' not found
	at com.kms.katalon.core.webui.keyword.internal.WebUIKeywordMain.stepFailed(WebUIKeywordMain.groovy:117)
	at com.kms.katalon.core.webui.keyword.builtin.VerifyElementVisibleKeyword$_verifyElementVisible_closure1.doCall(VerifyElementVisibleKeyword.groovy:89)
	at com.kms.katalon.core.webui.keyword.builtin.VerifyElementVisibleKeyword$_verifyElementVisible_closure1.call(VerifyElementVisibleKeyword.groovy)
	at com.kms.katalon.core.webui.keyword.internal.WebUIKeywordMain.runKeyword(WebUIKeywordMain.groovy:35)
	at com.kms.katalon.core.webui.keyword.builtin.VerifyElementVisibleKeyword.verifyElementVisible(VerifyElementVisibleKeyword.groovy:97)
	at com.kms.katalon.core.webui.keyword.builtin.VerifyElementVisibleKeyword.execute(VerifyElementVisibleKeyword.groovy:67)
	at com.kms.katalon.core.keyword.internal.KeywordExecutor.executeKeywordForPlatform(KeywordExecutor.groovy:74)
	at com.kms.katalon.core.webui.keyword.WebUiBuiltInKeywords.verifyElementVisible(WebUiBuiltInKeywords.groovy:401)
	at com.kms.katalon.core.webui.keyword.WebUiBuiltInKeywords$verifyElementVisible$5.call(Unknown Source)
	at SPG - Verify Notification Per Page Dropdown.run(SPG - Verify Notification Per Page Dropdown:37)
	at com.kms.katalon.core.main.ScriptEngine.run(ScriptEngine.java:194)
	at com.kms.katalon.core.main.ScriptEngine.runScriptAsRawText(ScriptEngine.java:119)
	at com.kms.katalon.core.main.TestCaseExecutor.runScript(TestCaseExecutor.java:448)
	at com.kms.katalon.core.main.TestCaseExecutor.doExecute(TestCaseExecutor.java:439)
	at com.kms.katalon.core.main.TestCaseExecutor.processExecutionPhase(TestCaseExecutor.java:418)
	at com.kms.katalon.core.main.TestCaseExecutor.accessMainPhase(TestCaseExecutor.java:410)
	at com.kms.katalon.core.main.TestCaseExecutor.execute(TestCaseExecutor.java:285)
	at com.kms.katalon.core.common.CommonExecutor.accessTestCaseMainPhase(CommonExecutor.java:65)
	at com.kms.katalon.core.main.TestSuiteExecutor.accessTestSuiteMainPhase(TestSuiteExecutor.java:150)
	at com.kms.katalon.core.main.TestSuiteExecutor.execute(TestSuiteExecutor.java:106)
	at com.kms.katalon.core.main.TestCaseMain.startTestSuite(TestCaseMain.java:180)
	at com.kms.katalon.core.main.TestCaseMain$startTestSuite$0.call(Unknown Source)
	at TempTestSuite1761139089875.run(TempTestSuite1761139089875.groovy:35)
	at java.base/jdk.internal.reflect.NativeMethodAccessorImpl.invoke0(Native Method)
	at java.base/jdk.internal.reflect.NativeMethodAccessorImpl.invoke(NativeMethodAccessorImpl.java:77)
	at java.base/jdk.internal.reflect.DelegatingMethodAccessorImpl.invoke(DelegatingMethodAccessorImpl.java:43)
)

22-10-2025T10:36:25 - [TEST_STEP][PASSED] - click(findTestObject("Object Repository/TripFocus/Page_TripFocus/a_Notifications")): Object: 'Object Repository/TripFocus/Page_TripFocus/a_Notifications' is clicked on

22-10-2025T10:36:25 - [MESSAGE][PASSED] - Object: 'Object Repository/TripFocus/Page_TripFocus/a_Notifications' is clicked on

22-10-2025T10:36:25 - [TEST_STEP][PASSED] - selectOptionByValue(findTestObject("Object Repository/TripFocus/Page_TripFocus/select_5102550100500"), "5", true): All options with value '5' are selected in object 'Object Repository/TripFocus/Page_TripFocus/select_5102550100500'  using regular expression

22-10-2025T10:36:26 - [MESSAGE][PASSED] - All options with value '5' are selected in object 'Object Repository/TripFocus/Page_TripFocus/select_5102550100500'  using regular expression

22-10-2025T10:36:26 - [TEST_STEP][PASSED] - selectOptionByValue(findTestObject("Object Repository/TripFocus/Page_TripFocus/select_5102550100500"), "10", true): All options with value '10' are selected in object 'Object Repository/TripFocus/Page_TripFocus/select_5102550100500'  using regular expression

22-10-2025T10:36:26 - [MESSAGE][PASSED] - All options with value '10' are selected in object 'Object Repository/TripFocus/Page_TripFocus/select_5102550100500'  using regular expression

22-10-2025T10:36:26 - [TEST_STEP][PASSED] - closeBrowser(): Browser is closed

22-10-2025T10:36:26 - [MESSAGE][PASSED] - Browser is closed

22-10-2025T10:36:26 - [TEST_STEP][PASSED] - Start listener action : retryOnDisconnect: null

22-10-2025T10:36:26 - [TEST_STEP][PASSED] - tcId = testCaseContext.getTestCaseId(): null

22-10-2025T10:36:26 - [TEST_STEP][PASSED] - currentRetry = retryCounts.getOrDefault(tcId, 0): null

22-10-2025T10:36:26 - [TEST_STEP][PASSED] - if (testCaseContext.getTestCaseStatus() == "FAILED" && currentRetry < MAX_RETRIES): null]]></system-out>
         <system-err><![CDATA[]]></system-err>
      </testcase>
      <testcase name="Test Cases/TripFocus/SPG/SPG - Notification/SPG - Verify Notifications Paging" time="73.822" classname="Test Cases/TripFocus/SPG/SPG - Notification/SPG - Verify Notifications Paging" status="PASSED">
         <system-out><![CDATA[22-10-2025T10:36:26 - [TEST_CASE][PASSED] - Test Cases/TripFocus/SPG/SPG - Notification/SPG - Verify Notifications Paging: Test Cases/TripFocus/SPG/SPG - Notification/SPG - Verify Notifications Paging

22-10-2025T10:36:26 - [TEST_STEP][PASSED] - Start listener action : beforeTestCase: null

22-10-2025T10:36:26 - [TEST_STEP][PASSED] - addDefaultPackages(): null

22-10-2025T10:36:26 - [TEST_STEP][PASSED] - openBrowser(""): Browser is opened with url: ''

22-10-2025T10:36:26 - [MESSAGE][INFO] - Starting 'Chrome' driver

22-10-2025T10:36:26 - [MESSAGE][INFO] - User set preference: ['args', '[--no-sandbox, --disable-gpu, --disable-dev-shm-usage]']

22-10-2025T10:36:26 - [MESSAGE][INFO] - Action delay is set to 0 milliseconds

22-10-2025T10:36:27 - [MESSAGE][PASSED] - Browser is opened with url: ''

22-10-2025T10:36:27 - [TEST_STEP][PASSED] - navigateToUrl(TFBaseURL): Navigate to 'https://www.qa.tripfocus.com' successfully

22-10-2025T10:36:28 - [MESSAGE][PASSED] - Navigate to 'https://www.qa.tripfocus.com' successfully

22-10-2025T10:36:28 - [TEST_STEP][PASSED] - click(findTestObject("Object Repository/TripFocus/Page_TripFocus/button_Sign in")): Object: 'Object Repository/TripFocus/Page_TripFocus/button_Sign in' is clicked on

22-10-2025T10:36:28 - [MESSAGE][PASSED] - Object: 'Object Repository/TripFocus/Page_TripFocus/button_Sign in' is clicked on

22-10-2025T10:36:28 - [TEST_STEP][PASSED] - setText(findTestObject("TripFocus/Username_txt"), TripFocusBleachTechSPGUsername): Text 'Ashford.Chenault+BleachtechCustomerSPGONLY@thekag.com' is set on object 'Object Repository/TripFocus/Username_txt'

22-10-2025T10:36:28 - [MESSAGE][PASSED] - Text 'Ashford.Chenault+BleachtechCustomerSPGONLY@thekag.com' is set on object 'Object Repository/TripFocus/Username_txt'

22-10-2025T10:36:28 - [TEST_STEP][PASSED] - setText(findTestObject("TripFocus/Password_txt"), TripFocusFDGSPGPassword): Text 'CrashBan911!!' is set on object 'Object Repository/TripFocus/Password_txt'

22-10-2025T10:36:28 - [MESSAGE][PASSED] - Text 'CrashBan911!!' is set on object 'Object Repository/TripFocus/Password_txt'

22-10-2025T10:36:28 - [TEST_STEP][PASSED] - click(findTestObject("Object Repository/TripFocus/Page_TripFocus/button_Login")): Object: 'Object Repository/TripFocus/Page_TripFocus/button_Login' is clicked on

22-10-2025T10:36:28 - [MESSAGE][PASSED] - Object: 'Object Repository/TripFocus/Page_TripFocus/button_Login' is clicked on

22-10-2025T10:36:28 - [TEST_STEP][PASSED] - maximizeWindow(): Current window maximized

22-10-2025T10:36:29 - [MESSAGE][PASSED] - Current window maximized

22-10-2025T10:36:29 - [TEST_STEP][PASSED] - waitForElementVisible(findTestObject("TripFocus/Testing_Notification_btn"), 15, OPTIONAL): Web element with id: 'Object Repository/TripFocus/Testing_Notification_btn' located by '//*[@id="__BVID__10___BV_modal_footer_"]/button' not found

22-10-2025T10:36:45 - [MESSAGE][INFO] - Unable to find the element located by 'By.xpath: //*[@id="__BVID__10___BV_modal_footer_"]/button'. Please recheck the objects properties to make sure the desired element is located. 

22-10-2025T10:36:45 - [MESSAGE][WARNING] - [SELF-HEALING] Failed to find element with id 'Object Repository/TripFocus/Testing_Notification_btn'. Try using Self-healing.

22-10-2025T10:36:46 - [MESSAGE][INFO] - [SELF-HEALING] No working XPath is found.

22-10-2025T10:36:48 - [MESSAGE][INFO] - Unable to find the element located by 'By.xpath: '. Please recheck the objects properties to make sure the desired element is located. 

22-10-2025T10:36:48 - [MESSAGE][WARNING] - [SELF-HEALING] Cannot find elements when the selector is null

22-10-2025T10:36:48 - [MESSAGE][WARNING] - Web element with id: 'Object Repository/TripFocus/Testing_Notification_btn' located by '//*[@id="__BVID__10___BV_modal_footer_"]/button' not found

22-10-2025T10:36:48 - [TEST_STEP][PASSED] - if (verifyElementVisible(findTestObject("TripFocus/Testing_Notification_btn"), OPTIONAL) == true): Web element with id: 'Object Repository/TripFocus/Testing_Notification_btn' located by '//*[@id="__BVID__10___BV_modal_footer_"]/button' not found (Root cause: com.kms.katalon.core.exception.StepFailedException: Web element with id: 'Object Repository/TripFocus/Testing_Notification_btn' located by '//*[@id="__BVID__10___BV_modal_footer_"]/button' not found
	at com.kms.katalon.core.webui.keyword.internal.WebUIKeywordMain.stepFailed(WebUIKeywordMain.groovy:117)
	at com.kms.katalon.core.webui.keyword.builtin.VerifyElementVisibleKeyword$_verifyElementVisible_closure1.doCall(VerifyElementVisibleKeyword.groovy:89)
	at com.kms.katalon.core.webui.keyword.builtin.VerifyElementVisibleKeyword$_verifyElementVisible_closure1.call(VerifyElementVisibleKeyword.groovy)
	at com.kms.katalon.core.webui.keyword.internal.WebUIKeywordMain.runKeyword(WebUIKeywordMain.groovy:35)
	at com.kms.katalon.core.webui.keyword.builtin.VerifyElementVisibleKeyword.verifyElementVisible(VerifyElementVisibleKeyword.groovy:97)
	at com.kms.katalon.core.webui.keyword.builtin.VerifyElementVisibleKeyword.execute(VerifyElementVisibleKeyword.groovy:67)
	at com.kms.katalon.core.keyword.internal.KeywordExecutor.executeKeywordForPlatform(KeywordExecutor.groovy:74)
	at com.kms.katalon.core.webui.keyword.WebUiBuiltInKeywords.verifyElementVisible(WebUiBuiltInKeywords.groovy:401)
	at com.kms.katalon.core.webui.keyword.WebUiBuiltInKeywords$verifyElementVisible$5.call(Unknown Source)
	at SPG - Verify Notifications Paging.run(SPG - Verify Notifications Paging:37)
	at com.kms.katalon.core.main.ScriptEngine.run(ScriptEngine.java:194)
	at com.kms.katalon.core.main.ScriptEngine.runScriptAsRawText(ScriptEngine.java:119)
	at com.kms.katalon.core.main.TestCaseExecutor.runScript(TestCaseExecutor.java:448)
	at com.kms.katalon.core.main.TestCaseExecutor.doExecute(TestCaseExecutor.java:439)
	at com.kms.katalon.core.main.TestCaseExecutor.processExecutionPhase(TestCaseExecutor.java:418)
	at com.kms.katalon.core.main.TestCaseExecutor.accessMainPhase(TestCaseExecutor.java:410)
	at com.kms.katalon.core.main.TestCaseExecutor.execute(TestCaseExecutor.java:285)
	at com.kms.katalon.core.common.CommonExecutor.accessTestCaseMainPhase(CommonExecutor.java:65)
	at com.kms.katalon.core.main.TestSuiteExecutor.accessTestSuiteMainPhase(TestSuiteExecutor.java:150)
	at com.kms.katalon.core.main.TestSuiteExecutor.execute(TestSuiteExecutor.java:106)
	at com.kms.katalon.core.main.TestCaseMain.startTestSuite(TestCaseMain.java:180)
	at com.kms.katalon.core.main.TestCaseMain$startTestSuite$0.call(Unknown Source)
	at TempTestSuite1761139089875.run(TempTestSuite1761139089875.groovy:35)
	at java.base/jdk.internal.reflect.NativeMethodAccessorImpl.invoke0(Native Method)
	at java.base/jdk.internal.reflect.NativeMethodAccessorImpl.invoke(NativeMethodAccessorImpl.java:77)
	at java.base/jdk.internal.reflect.DelegatingMethodAccessorImpl.invoke(DelegatingMethodAccessorImpl.java:43)
)

22-10-2025T10:37:04 - [MESSAGE][INFO] - Unable to find the element located by 'By.xpath: //*[@id="__BVID__10___BV_modal_footer_"]/button'. Please recheck the objects properties to make sure the desired element is located. 

22-10-2025T10:37:04 - [MESSAGE][WARNING] - [SELF-HEALING] Failed to find element with id 'Object Repository/TripFocus/Testing_Notification_btn'. Try using Self-healing.

22-10-2025T10:37:05 - [MESSAGE][INFO] - [SELF-HEALING] No working XPath is found.

22-10-2025T10:37:07 - [MESSAGE][INFO] - Unable to find the element located by 'By.xpath: '. Please recheck the objects properties to make sure the desired element is located. 

22-10-2025T10:37:07 - [MESSAGE][WARNING] - [SELF-HEALING] Cannot find elements when the selector is null

22-10-2025T10:37:07 - [MESSAGE][WARNING] - Web element with id: 'Object Repository/TripFocus/Testing_Notification_btn' located by '//*[@id="__BVID__10___BV_modal_footer_"]/button' not found (Root cause: com.kms.katalon.core.exception.StepFailedException: Web element with id: 'Object Repository/TripFocus/Testing_Notification_btn' located by '//*[@id="__BVID__10___BV_modal_footer_"]/button' not found
	at com.kms.katalon.core.webui.keyword.internal.WebUIKeywordMain.stepFailed(WebUIKeywordMain.groovy:117)
	at com.kms.katalon.core.webui.keyword.builtin.VerifyElementVisibleKeyword$_verifyElementVisible_closure1.doCall(VerifyElementVisibleKeyword.groovy:89)
	at com.kms.katalon.core.webui.keyword.builtin.VerifyElementVisibleKeyword$_verifyElementVisible_closure1.call(VerifyElementVisibleKeyword.groovy)
	at com.kms.katalon.core.webui.keyword.internal.WebUIKeywordMain.runKeyword(WebUIKeywordMain.groovy:35)
	at com.kms.katalon.core.webui.keyword.builtin.VerifyElementVisibleKeyword.verifyElementVisible(VerifyElementVisibleKeyword.groovy:97)
	at com.kms.katalon.core.webui.keyword.builtin.VerifyElementVisibleKeyword.execute(VerifyElementVisibleKeyword.groovy:67)
	at com.kms.katalon.core.keyword.internal.KeywordExecutor.executeKeywordForPlatform(KeywordExecutor.groovy:74)
	at com.kms.katalon.core.webui.keyword.WebUiBuiltInKeywords.verifyElementVisible(WebUiBuiltInKeywords.groovy:401)
	at com.kms.katalon.core.webui.keyword.WebUiBuiltInKeywords$verifyElementVisible$5.call(Unknown Source)
	at SPG - Verify Notifications Paging.run(SPG - Verify Notifications Paging:37)
	at com.kms.katalon.core.main.ScriptEngine.run(ScriptEngine.java:194)
	at com.kms.katalon.core.main.ScriptEngine.runScriptAsRawText(ScriptEngine.java:119)
	at com.kms.katalon.core.main.TestCaseExecutor.runScript(TestCaseExecutor.java:448)
	at com.kms.katalon.core.main.TestCaseExecutor.doExecute(TestCaseExecutor.java:439)
	at com.kms.katalon.core.main.TestCaseExecutor.processExecutionPhase(TestCaseExecutor.java:418)
	at com.kms.katalon.core.main.TestCaseExecutor.accessMainPhase(TestCaseExecutor.java:410)
	at com.kms.katalon.core.main.TestCaseExecutor.execute(TestCaseExecutor.java:285)
	at com.kms.katalon.core.common.CommonExecutor.accessTestCaseMainPhase(CommonExecutor.java:65)
	at com.kms.katalon.core.main.TestSuiteExecutor.accessTestSuiteMainPhase(TestSuiteExecutor.java:150)
	at com.kms.katalon.core.main.TestSuiteExecutor.execute(TestSuiteExecutor.java:106)
	at com.kms.katalon.core.main.TestCaseMain.startTestSuite(TestCaseMain.java:180)
	at com.kms.katalon.core.main.TestCaseMain$startTestSuite$0.call(Unknown Source)
	at TempTestSuite1761139089875.run(TempTestSuite1761139089875.groovy:35)
	at java.base/jdk.internal.reflect.NativeMethodAccessorImpl.invoke0(Native Method)
	at java.base/jdk.internal.reflect.NativeMethodAccessorImpl.invoke(NativeMethodAccessorImpl.java:77)
	at java.base/jdk.internal.reflect.DelegatingMethodAccessorImpl.invoke(DelegatingMethodAccessorImpl.java:43)
)

22-10-2025T10:37:07 - [TEST_STEP][PASSED] - click(findTestObject("Object Repository/TripFocus/Page_TripFocus/a_Notifications")): Object: 'Object Repository/TripFocus/Page_TripFocus/a_Notifications' is clicked on

22-10-2025T10:37:07 - [MESSAGE][PASSED] - Object: 'Object Repository/TripFocus/Page_TripFocus/a_Notifications' is clicked on

22-10-2025T10:37:07 - [TEST_STEP][PASSED] - selectOptionByValue(findTestObject("Object Repository/TripFocus/Page_TripFocus/select_5102550100500"), "5", true): All options with value '5' are selected in object 'Object Repository/TripFocus/Page_TripFocus/select_5102550100500'  using regular expression

22-10-2025T10:37:08 - [MESSAGE][PASSED] - All options with value '5' are selected in object 'Object Repository/TripFocus/Page_TripFocus/select_5102550100500'  using regular expression

22-10-2025T10:37:08 - [TEST_STEP][PASSED] - click(findTestObject("Object Repository/TripFocus/Page_TripFocus/a_2")): Object: 'Object Repository/TripFocus/Page_TripFocus/a_2' is clicked on

22-10-2025T10:37:24 - [MESSAGE][INFO] - Unable to find the element located by 'By.xpath: //div[@id='slide-out-panel-be7a097e-ea42-e8f0-d286-7e28141d5eaa']/section/div[5]/ul/li[4]/a'. Please recheck the objects properties to make sure the desired element is located. 

22-10-2025T10:37:24 - [MESSAGE][WARNING] - [SELF-HEALING] Failed to find element with id 'Object Repository/TripFocus/Page_TripFocus/a_2'. Try using Self-healing.

22-10-2025T10:37:24 - [MESSAGE][WARNING] - [SELF-HEALING] The current locator of test object 'Object Repository/TripFocus/Page_TripFocus/a_2' was broken. Propose an alternative one: '(.//*[normalize-space(text()) and normalize-space(.)='Powered by'])[1]/preceding::a[3]'.

22-10-2025T10:37:24 - [MESSAGE][PASSED] - Object: 'Object Repository/TripFocus/Page_TripFocus/a_2' is clicked on

22-10-2025T10:37:24 - [TEST_STEP][PASSED] - click(findTestObject("Object Repository/TripFocus/Page_TripFocus/a_")): Object: 'Object Repository/TripFocus/Page_TripFocus/a_' is clicked on

22-10-2025T10:37:40 - [MESSAGE][INFO] - Unable to find the element located by 'By.xpath: //div[@id='slide-out-panel-be7a097e-ea42-e8f0-d286-7e28141d5eaa']/section/div[5]/ul/li[2]/a'. Please recheck the objects properties to make sure the desired element is located. 

22-10-2025T10:37:40 - [MESSAGE][WARNING] - [SELF-HEALING] Failed to find element with id 'Object Repository/TripFocus/Page_TripFocus/a_'. Try using Self-healing.

22-10-2025T10:37:40 - [MESSAGE][WARNING] - [SELF-HEALING] The current locator of test object 'Object Repository/TripFocus/Page_TripFocus/a_' was broken. Propose an alternative one: '(.//*[normalize-space(text()) and normalize-space(.)='›'])[1]/preceding::a[3]'.

22-10-2025T10:37:40 - [MESSAGE][PASSED] - Object: 'Object Repository/TripFocus/Page_TripFocus/a_' is clicked on

22-10-2025T10:37:40 - [TEST_STEP][PASSED] - closeBrowser(): Browser is closed

22-10-2025T10:37:40 - [MESSAGE][PASSED] - Browser is closed

22-10-2025T10:37:40 - [TEST_STEP][PASSED] - Start listener action : retryOnDisconnect: null

22-10-2025T10:37:40 - [TEST_STEP][PASSED] - tcId = testCaseContext.getTestCaseId(): null

22-10-2025T10:37:40 - [TEST_STEP][PASSED] - currentRetry = retryCounts.getOrDefault(tcId, 0): null

22-10-2025T10:37:40 - [TEST_STEP][PASSED] - if (testCaseContext.getTestCaseStatus() == "FAILED" && currentRetry < MAX_RETRIES): null]]></system-out>
         <system-err><![CDATA[]]></system-err>
      </testcase>
      <testcase name="Test Cases/TripFocus/SPG/SPG - Notification/SPG - Verify Order Cancelled Notification" time="57.706" classname="Test Cases/TripFocus/SPG/SPG - Notification/SPG - Verify Order Cancelled Notification" status="PASSED">
         <system-out><![CDATA[22-10-2025T10:37:40 - [TEST_CASE][PASSED] - Test Cases/TripFocus/SPG/SPG - Notification/SPG - Verify Order Cancelled Notification: Test Cases/TripFocus/SPG/SPG - Notification/SPG - Verify Order Cancelled Notification

22-10-2025T10:37:40 - [TEST_STEP][PASSED] - Start listener action : beforeTestCase: null

22-10-2025T10:37:40 - [TEST_STEP][PASSED] - addDefaultPackages(): null

22-10-2025T10:37:40 - [TEST_STEP][PASSED] - openBrowser(""): Browser is opened with url: ''

22-10-2025T10:37:40 - [MESSAGE][INFO] - Starting 'Chrome' driver

22-10-2025T10:37:40 - [MESSAGE][INFO] - User set preference: ['args', '[--no-sandbox, --disable-gpu, --disable-dev-shm-usage]']

22-10-2025T10:37:40 - [MESSAGE][INFO] - Action delay is set to 0 milliseconds

22-10-2025T10:37:41 - [MESSAGE][PASSED] - Browser is opened with url: ''

22-10-2025T10:37:41 - [TEST_STEP][PASSED] - navigateToUrl(TFBaseURL): Navigate to 'https://www.qa.tripfocus.com' successfully

22-10-2025T10:37:41 - [MESSAGE][PASSED] - Navigate to 'https://www.qa.tripfocus.com' successfully

22-10-2025T10:37:41 - [TEST_STEP][PASSED] - click(findTestObject("Object Repository/TripFocus/Page_TripFocus/button_Sign in")): Object: 'Object Repository/TripFocus/Page_TripFocus/button_Sign in' is clicked on

22-10-2025T10:37:42 - [MESSAGE][PASSED] - Object: 'Object Repository/TripFocus/Page_TripFocus/button_Sign in' is clicked on

22-10-2025T10:37:42 - [TEST_STEP][PASSED] - setText(findTestObject("TripFocus/Username_txt"), TripFocusBleachTechSPGUsername): Text 'Ashford.Chenault+BleachtechCustomerSPGONLY@thekag.com' is set on object 'Object Repository/TripFocus/Username_txt'

22-10-2025T10:37:42 - [MESSAGE][PASSED] - Text 'Ashford.Chenault+BleachtechCustomerSPGONLY@thekag.com' is set on object 'Object Repository/TripFocus/Username_txt'

22-10-2025T10:37:42 - [TEST_STEP][PASSED] - setText(findTestObject("TripFocus/Password_txt"), TripFocusFDGSPGPassword): Text 'CrashBan911!!' is set on object 'Object Repository/TripFocus/Password_txt'

22-10-2025T10:37:42 - [MESSAGE][PASSED] - Text 'CrashBan911!!' is set on object 'Object Repository/TripFocus/Password_txt'

22-10-2025T10:37:42 - [TEST_STEP][PASSED] - click(findTestObject("Object Repository/TripFocus/Page_TripFocus/button_Login")): Object: 'Object Repository/TripFocus/Page_TripFocus/button_Login' is clicked on

22-10-2025T10:37:43 - [MESSAGE][PASSED] - Object: 'Object Repository/TripFocus/Page_TripFocus/button_Login' is clicked on

22-10-2025T10:37:43 - [TEST_STEP][PASSED] - maximizeWindow(): Current window maximized

22-10-2025T10:37:43 - [MESSAGE][PASSED] - Current window maximized

22-10-2025T10:37:43 - [TEST_STEP][PASSED] - waitForElementVisible(findTestObject("TripFocus/Testing_Notification_btn"), 15, OPTIONAL): Web element with id: 'Object Repository/TripFocus/Testing_Notification_btn' located by '//*[@id="__BVID__10___BV_modal_footer_"]/button' not found

22-10-2025T10:37:59 - [MESSAGE][INFO] - Unable to find the element located by 'By.xpath: //*[@id="__BVID__10___BV_modal_footer_"]/button'. Please recheck the objects properties to make sure the desired element is located. 

22-10-2025T10:37:59 - [MESSAGE][WARNING] - [SELF-HEALING] Failed to find element with id 'Object Repository/TripFocus/Testing_Notification_btn'. Try using Self-healing.

22-10-2025T10:38:00 - [MESSAGE][INFO] - [SELF-HEALING] No working XPath is found.

22-10-2025T10:38:02 - [MESSAGE][INFO] - Unable to find the element located by 'By.xpath: '. Please recheck the objects properties to make sure the desired element is located. 

22-10-2025T10:38:02 - [MESSAGE][WARNING] - [SELF-HEALING] Cannot find elements when the selector is null

22-10-2025T10:38:02 - [MESSAGE][WARNING] - Web element with id: 'Object Repository/TripFocus/Testing_Notification_btn' located by '//*[@id="__BVID__10___BV_modal_footer_"]/button' not found

22-10-2025T10:38:02 - [TEST_STEP][PASSED] - if (verifyElementVisible(findTestObject("TripFocus/Testing_Notification_btn"), OPTIONAL) == true): Web element with id: 'Object Repository/TripFocus/Testing_Notification_btn' located by '//*[@id="__BVID__10___BV_modal_footer_"]/button' not found (Root cause: com.kms.katalon.core.exception.StepFailedException: Web element with id: 'Object Repository/TripFocus/Testing_Notification_btn' located by '//*[@id="__BVID__10___BV_modal_footer_"]/button' not found
	at com.kms.katalon.core.webui.keyword.internal.WebUIKeywordMain.stepFailed(WebUIKeywordMain.groovy:117)
	at com.kms.katalon.core.webui.keyword.builtin.VerifyElementVisibleKeyword$_verifyElementVisible_closure1.doCall(VerifyElementVisibleKeyword.groovy:89)
	at com.kms.katalon.core.webui.keyword.builtin.VerifyElementVisibleKeyword$_verifyElementVisible_closure1.call(VerifyElementVisibleKeyword.groovy)
	at com.kms.katalon.core.webui.keyword.internal.WebUIKeywordMain.runKeyword(WebUIKeywordMain.groovy:35)
	at com.kms.katalon.core.webui.keyword.builtin.VerifyElementVisibleKeyword.verifyElementVisible(VerifyElementVisibleKeyword.groovy:97)
	at com.kms.katalon.core.webui.keyword.builtin.VerifyElementVisibleKeyword.execute(VerifyElementVisibleKeyword.groovy:67)
	at com.kms.katalon.core.keyword.internal.KeywordExecutor.executeKeywordForPlatform(KeywordExecutor.groovy:74)
	at com.kms.katalon.core.webui.keyword.WebUiBuiltInKeywords.verifyElementVisible(WebUiBuiltInKeywords.groovy:401)
	at com.kms.katalon.core.webui.keyword.WebUiBuiltInKeywords$verifyElementVisible$5.call(Unknown Source)
	at SPG - Verify Order Cancelled Notification.run(SPG - Verify Order Cancelled Notification:37)
	at com.kms.katalon.core.main.ScriptEngine.run(ScriptEngine.java:194)
	at com.kms.katalon.core.main.ScriptEngine.runScriptAsRawText(ScriptEngine.java:119)
	at com.kms.katalon.core.main.TestCaseExecutor.runScript(TestCaseExecutor.java:448)
	at com.kms.katalon.core.main.TestCaseExecutor.doExecute(TestCaseExecutor.java:439)
	at com.kms.katalon.core.main.TestCaseExecutor.processExecutionPhase(TestCaseExecutor.java:418)
	at com.kms.katalon.core.main.TestCaseExecutor.accessMainPhase(TestCaseExecutor.java:410)
	at com.kms.katalon.core.main.TestCaseExecutor.execute(TestCaseExecutor.java:285)
	at com.kms.katalon.core.common.CommonExecutor.accessTestCaseMainPhase(CommonExecutor.java:65)
	at com.kms.katalon.core.main.TestSuiteExecutor.accessTestSuiteMainPhase(TestSuiteExecutor.java:150)
	at com.kms.katalon.core.main.TestSuiteExecutor.execute(TestSuiteExecutor.java:106)
	at com.kms.katalon.core.main.TestCaseMain.startTestSuite(TestCaseMain.java:180)
	at com.kms.katalon.core.main.TestCaseMain$startTestSuite$0.call(Unknown Source)
	at TempTestSuite1761139089875.run(TempTestSuite1761139089875.groovy:35)
	at java.base/jdk.internal.reflect.NativeMethodAccessorImpl.invoke0(Native Method)
	at java.base/jdk.internal.reflect.NativeMethodAccessorImpl.invoke(NativeMethodAccessorImpl.java:77)
	at java.base/jdk.internal.reflect.DelegatingMethodAccessorImpl.invoke(DelegatingMethodAccessorImpl.java:43)
)

22-10-2025T10:38:18 - [MESSAGE][INFO] - Unable to find the element located by 'By.xpath: //*[@id="__BVID__10___BV_modal_footer_"]/button'. Please recheck the objects properties to make sure the desired element is located. 

22-10-2025T10:38:18 - [MESSAGE][WARNING] - [SELF-HEALING] Failed to find element with id 'Object Repository/TripFocus/Testing_Notification_btn'. Try using Self-healing.

22-10-2025T10:38:19 - [MESSAGE][INFO] - [SELF-HEALING] No working XPath is found.

22-10-2025T10:38:21 - [MESSAGE][INFO] - Unable to find the element located by 'By.xpath: '. Please recheck the objects properties to make sure the desired element is located. 

22-10-2025T10:38:21 - [MESSAGE][WARNING] - [SELF-HEALING] Cannot find elements when the selector is null

22-10-2025T10:38:21 - [MESSAGE][WARNING] - Web element with id: 'Object Repository/TripFocus/Testing_Notification_btn' located by '//*[@id="__BVID__10___BV_modal_footer_"]/button' not found (Root cause: com.kms.katalon.core.exception.StepFailedException: Web element with id: 'Object Repository/TripFocus/Testing_Notification_btn' located by '//*[@id="__BVID__10___BV_modal_footer_"]/button' not found
	at com.kms.katalon.core.webui.keyword.internal.WebUIKeywordMain.stepFailed(WebUIKeywordMain.groovy:117)
	at com.kms.katalon.core.webui.keyword.builtin.VerifyElementVisibleKeyword$_verifyElementVisible_closure1.doCall(VerifyElementVisibleKeyword.groovy:89)
	at com.kms.katalon.core.webui.keyword.builtin.VerifyElementVisibleKeyword$_verifyElementVisible_closure1.call(VerifyElementVisibleKeyword.groovy)
	at com.kms.katalon.core.webui.keyword.internal.WebUIKeywordMain.runKeyword(WebUIKeywordMain.groovy:35)
	at com.kms.katalon.core.webui.keyword.builtin.VerifyElementVisibleKeyword.verifyElementVisible(VerifyElementVisibleKeyword.groovy:97)
	at com.kms.katalon.core.webui.keyword.builtin.VerifyElementVisibleKeyword.execute(VerifyElementVisibleKeyword.groovy:67)
	at com.kms.katalon.core.keyword.internal.KeywordExecutor.executeKeywordForPlatform(KeywordExecutor.groovy:74)
	at com.kms.katalon.core.webui.keyword.WebUiBuiltInKeywords.verifyElementVisible(WebUiBuiltInKeywords.groovy:401)
	at com.kms.katalon.core.webui.keyword.WebUiBuiltInKeywords$verifyElementVisible$5.call(Unknown Source)
	at SPG - Verify Order Cancelled Notification.run(SPG - Verify Order Cancelled Notification:37)
	at com.kms.katalon.core.main.ScriptEngine.run(ScriptEngine.java:194)
	at com.kms.katalon.core.main.ScriptEngine.runScriptAsRawText(ScriptEngine.java:119)
	at com.kms.katalon.core.main.TestCaseExecutor.runScript(TestCaseExecutor.java:448)
	at com.kms.katalon.core.main.TestCaseExecutor.doExecute(TestCaseExecutor.java:439)
	at com.kms.katalon.core.main.TestCaseExecutor.processExecutionPhase(TestCaseExecutor.java:418)
	at com.kms.katalon.core.main.TestCaseExecutor.accessMainPhase(TestCaseExecutor.java:410)
	at com.kms.katalon.core.main.TestCaseExecutor.execute(TestCaseExecutor.java:285)
	at com.kms.katalon.core.common.CommonExecutor.accessTestCaseMainPhase(CommonExecutor.java:65)
	at com.kms.katalon.core.main.TestSuiteExecutor.accessTestSuiteMainPhase(TestSuiteExecutor.java:150)
	at com.kms.katalon.core.main.TestSuiteExecutor.execute(TestSuiteExecutor.java:106)
	at com.kms.katalon.core.main.TestCaseMain.startTestSuite(TestCaseMain.java:180)
	at com.kms.katalon.core.main.TestCaseMain$startTestSuite$0.call(Unknown Source)
	at TempTestSuite1761139089875.run(TempTestSuite1761139089875.groovy:35)
	at java.base/jdk.internal.reflect.NativeMethodAccessorImpl.invoke0(Native Method)
	at java.base/jdk.internal.reflect.NativeMethodAccessorImpl.invoke(NativeMethodAccessorImpl.java:77)
	at java.base/jdk.internal.reflect.DelegatingMethodAccessorImpl.invoke(DelegatingMethodAccessorImpl.java:43)
)

22-10-2025T10:38:21 - [TEST_STEP][PASSED] - click(findTestObject("TripFocus/Notifications/Notifications Tab")): Object: 'Object Repository/TripFocus/Notifications/Notifications Tab' is clicked on

22-10-2025T10:38:21 - [MESSAGE][PASSED] - Object: 'Object Repository/TripFocus/Notifications/Notifications Tab' is clicked on

22-10-2025T10:38:21 - [TEST_STEP][PASSED] - delay(5): Delayed 5 second(s)

22-10-2025T10:38:26 - [MESSAGE][PASSED] - Delayed 5 second(s)

22-10-2025T10:38:26 - [TEST_STEP][PASSED] - click(findTestObject("Object Repository/TripFocus/Page_TripFocus/button_Add New Notification")): Object: 'Object Repository/TripFocus/Page_TripFocus/button_Add New Notification' is clicked on

22-10-2025T10:38:26 - [MESSAGE][PASSED] - Object: 'Object Repository/TripFocus/Page_TripFocus/button_Add New Notification' is clicked on

22-10-2025T10:38:26 - [TEST_STEP][PASSED] - delay(5): Delayed 5 second(s)

22-10-2025T10:38:31 - [MESSAGE][PASSED] - Delayed 5 second(s)

22-10-2025T10:38:31 - [TEST_STEP][PASSED] - sendKeys(findTestObject("TripFocus/Notifications/Notification Events_txt"), "Order Cancelled"): Keys 'Order Cancelled' sent to object: 'Object Repository/TripFocus/Notifications/Notification Events_txt'

22-10-2025T10:38:31 - [MESSAGE][PASSED] - Keys 'Order Cancelled' sent to object: 'Object Repository/TripFocus/Notifications/Notification Events_txt'

22-10-2025T10:38:31 - [TEST_STEP][PASSED] - delay(2): Delayed 2 second(s)

22-10-2025T10:38:33 - [MESSAGE][PASSED] - Delayed 2 second(s)

22-10-2025T10:38:33 - [TEST_STEP][PASSED] - sendKeys(findTestObject("TripFocus/Notifications/Notification Events_txt"), Keys.chord(ENTER)): Keys 'ENTER + ' sent to object: 'Object Repository/TripFocus/Notifications/Notification Events_txt'

22-10-2025T10:38:34 - [MESSAGE][PASSED] - Keys 'ENTER + ' sent to object: 'Object Repository/TripFocus/Notifications/Notification Events_txt'

22-10-2025T10:38:34 - [TEST_STEP][PASSED] - delay(2): Delayed 2 second(s)

22-10-2025T10:38:36 - [MESSAGE][PASSED] - Delayed 2 second(s)

22-10-2025T10:38:36 - [TEST_STEP][PASSED] - click(findTestObject("TripFocus/Page_TripFocus/textarea_Send To_txtSendTo")): Object: 'Object Repository/TripFocus/Page_TripFocus/textarea_Send To_txtSendTo' is clicked on

22-10-2025T10:38:36 - [MESSAGE][PASSED] - Object: 'Object Repository/TripFocus/Page_TripFocus/textarea_Send To_txtSendTo' is clicked on

22-10-2025T10:38:36 - [TEST_STEP][PASSED] - delay(2): Delayed 2 second(s)

22-10-2025T10:38:38 - [MESSAGE][PASSED] - Delayed 2 second(s)

22-10-2025T10:38:38 - [TEST_STEP][PASSED] - verifyElementText(findTestObject("TripFocus/Notifications/Selected Notification_option"), "Order Cancelled"): Actual text and expected text of test object 'Object Repository/TripFocus/Notifications/Selected Notification_option' are matched.

22-10-2025T10:38:38 - [MESSAGE][PASSED] - Actual text and expected text of test object 'Object Repository/TripFocus/Notifications/Selected Notification_option' are matched.

22-10-2025T10:38:38 - [TEST_STEP][PASSED] - Start listener action : retryOnDisconnect: null

22-10-2025T10:38:38 - [TEST_STEP][PASSED] - tcId = testCaseContext.getTestCaseId(): null

22-10-2025T10:38:38 - [TEST_STEP][PASSED] - currentRetry = retryCounts.getOrDefault(tcId, 0): null

22-10-2025T10:38:38 - [TEST_STEP][PASSED] - if (testCaseContext.getTestCaseStatus() == "FAILED" && currentRetry < MAX_RETRIES): null]]></system-out>
         <system-err><![CDATA[]]></system-err>
      </testcase>
      <testcase name="Test Cases/TripFocus/SPG/SPG - Notification/SPG - Verify Order Changed Notification" time="58.127" classname="Test Cases/TripFocus/SPG/SPG - Notification/SPG - Verify Order Changed Notification" status="PASSED">
         <system-out><![CDATA[22-10-2025T10:38:38 - [TEST_CASE][PASSED] - Test Cases/TripFocus/SPG/SPG - Notification/SPG - Verify Order Changed Notification: Test Cases/TripFocus/SPG/SPG - Notification/SPG - Verify Order Changed Notification

22-10-2025T10:38:38 - [TEST_STEP][PASSED] - Start listener action : beforeTestCase: null

22-10-2025T10:38:38 - [TEST_STEP][PASSED] - addDefaultPackages(): null

22-10-2025T10:38:38 - [TEST_STEP][PASSED] - openBrowser(""): Browser is opened with url: ''

22-10-2025T10:38:38 - [MESSAGE][WARNING] - A browser is already opened. Closing browser and opening a new one

22-10-2025T10:38:38 - [MESSAGE][INFO] - Starting 'Chrome' driver

22-10-2025T10:38:38 - [MESSAGE][INFO] - User set preference: ['args', '[--no-sandbox, --disable-gpu, --disable-dev-shm-usage]']

22-10-2025T10:38:38 - [MESSAGE][INFO] - Action delay is set to 0 milliseconds

22-10-2025T10:38:39 - [MESSAGE][PASSED] - Browser is opened with url: ''

22-10-2025T10:38:39 - [TEST_STEP][PASSED] - navigateToUrl(TFBaseURL): Navigate to 'https://www.qa.tripfocus.com' successfully

22-10-2025T10:38:39 - [MESSAGE][PASSED] - Navigate to 'https://www.qa.tripfocus.com' successfully

22-10-2025T10:38:39 - [TEST_STEP][PASSED] - click(findTestObject("Object Repository/TripFocus/Page_TripFocus/button_Sign in")): Object: 'Object Repository/TripFocus/Page_TripFocus/button_Sign in' is clicked on

22-10-2025T10:38:39 - [MESSAGE][PASSED] - Object: 'Object Repository/TripFocus/Page_TripFocus/button_Sign in' is clicked on

22-10-2025T10:38:39 - [TEST_STEP][PASSED] - setText(findTestObject("TripFocus/Username_txt"), TripFocusBleachTechSPGUsername): Text 'Ashford.Chenault+BleachtechCustomerSPGONLY@thekag.com' is set on object 'Object Repository/TripFocus/Username_txt'

22-10-2025T10:38:40 - [MESSAGE][PASSED] - Text 'Ashford.Chenault+BleachtechCustomerSPGONLY@thekag.com' is set on object 'Object Repository/TripFocus/Username_txt'

22-10-2025T10:38:40 - [TEST_STEP][PASSED] - setText(findTestObject("TripFocus/Password_txt"), TripFocusFDGSPGPassword): Text 'CrashBan911!!' is set on object 'Object Repository/TripFocus/Password_txt'

22-10-2025T10:38:40 - [MESSAGE][PASSED] - Text 'CrashBan911!!' is set on object 'Object Repository/TripFocus/Password_txt'

22-10-2025T10:38:40 - [TEST_STEP][PASSED] - click(findTestObject("Object Repository/TripFocus/Page_TripFocus/button_Login")): Object: 'Object Repository/TripFocus/Page_TripFocus/button_Login' is clicked on

22-10-2025T10:38:41 - [MESSAGE][PASSED] - Object: 'Object Repository/TripFocus/Page_TripFocus/button_Login' is clicked on

22-10-2025T10:38:41 - [TEST_STEP][PASSED] - maximizeWindow(): Current window maximized

22-10-2025T10:38:41 - [MESSAGE][PASSED] - Current window maximized

22-10-2025T10:38:41 - [TEST_STEP][PASSED] - waitForElementVisible(findTestObject("TripFocus/Testing_Notification_btn"), 15, OPTIONAL): Web element with id: 'Object Repository/TripFocus/Testing_Notification_btn' located by '//*[@id="__BVID__10___BV_modal_footer_"]/button' not found

22-10-2025T10:38:57 - [MESSAGE][INFO] - Unable to find the element located by 'By.xpath: //*[@id="__BVID__10___BV_modal_footer_"]/button'. Please recheck the objects properties to make sure the desired element is located. 

22-10-2025T10:38:57 - [MESSAGE][WARNING] - [SELF-HEALING] Failed to find element with id 'Object Repository/TripFocus/Testing_Notification_btn'. Try using Self-healing.

22-10-2025T10:38:58 - [MESSAGE][INFO] - [SELF-HEALING] No working XPath is found.

22-10-2025T10:39:00 - [MESSAGE][INFO] - Unable to find the element located by 'By.xpath: '. Please recheck the objects properties to make sure the desired element is located. 

22-10-2025T10:39:00 - [MESSAGE][WARNING] - [SELF-HEALING] Cannot find elements when the selector is null

22-10-2025T10:39:00 - [MESSAGE][WARNING] - Web element with id: 'Object Repository/TripFocus/Testing_Notification_btn' located by '//*[@id="__BVID__10___BV_modal_footer_"]/button' not found

22-10-2025T10:39:00 - [TEST_STEP][PASSED] - if (verifyElementVisible(findTestObject("TripFocus/Testing_Notification_btn"), OPTIONAL) == true): Web element with id: 'Object Repository/TripFocus/Testing_Notification_btn' located by '//*[@id="__BVID__10___BV_modal_footer_"]/button' not found (Root cause: com.kms.katalon.core.exception.StepFailedException: Web element with id: 'Object Repository/TripFocus/Testing_Notification_btn' located by '//*[@id="__BVID__10___BV_modal_footer_"]/button' not found
	at com.kms.katalon.core.webui.keyword.internal.WebUIKeywordMain.stepFailed(WebUIKeywordMain.groovy:117)
	at com.kms.katalon.core.webui.keyword.builtin.VerifyElementVisibleKeyword$_verifyElementVisible_closure1.doCall(VerifyElementVisibleKeyword.groovy:89)
	at com.kms.katalon.core.webui.keyword.builtin.VerifyElementVisibleKeyword$_verifyElementVisible_closure1.call(VerifyElementVisibleKeyword.groovy)
	at com.kms.katalon.core.webui.keyword.internal.WebUIKeywordMain.runKeyword(WebUIKeywordMain.groovy:35)
	at com.kms.katalon.core.webui.keyword.builtin.VerifyElementVisibleKeyword.verifyElementVisible(VerifyElementVisibleKeyword.groovy:97)
	at com.kms.katalon.core.webui.keyword.builtin.VerifyElementVisibleKeyword.execute(VerifyElementVisibleKeyword.groovy:67)
	at com.kms.katalon.core.keyword.internal.KeywordExecutor.executeKeywordForPlatform(KeywordExecutor.groovy:74)
	at com.kms.katalon.core.webui.keyword.WebUiBuiltInKeywords.verifyElementVisible(WebUiBuiltInKeywords.groovy:401)
	at com.kms.katalon.core.webui.keyword.WebUiBuiltInKeywords$verifyElementVisible$5.call(Unknown Source)
	at SPG - Verify Order Changed Notification.run(SPG - Verify Order Changed Notification:37)
	at com.kms.katalon.core.main.ScriptEngine.run(ScriptEngine.java:194)
	at com.kms.katalon.core.main.ScriptEngine.runScriptAsRawText(ScriptEngine.java:119)
	at com.kms.katalon.core.main.TestCaseExecutor.runScript(TestCaseExecutor.java:448)
	at com.kms.katalon.core.main.TestCaseExecutor.doExecute(TestCaseExecutor.java:439)
	at com.kms.katalon.core.main.TestCaseExecutor.processExecutionPhase(TestCaseExecutor.java:418)
	at com.kms.katalon.core.main.TestCaseExecutor.accessMainPhase(TestCaseExecutor.java:410)
	at com.kms.katalon.core.main.TestCaseExecutor.execute(TestCaseExecutor.java:285)
	at com.kms.katalon.core.common.CommonExecutor.accessTestCaseMainPhase(CommonExecutor.java:65)
	at com.kms.katalon.core.main.TestSuiteExecutor.accessTestSuiteMainPhase(TestSuiteExecutor.java:150)
	at com.kms.katalon.core.main.TestSuiteExecutor.execute(TestSuiteExecutor.java:106)
	at com.kms.katalon.core.main.TestCaseMain.startTestSuite(TestCaseMain.java:180)
	at com.kms.katalon.core.main.TestCaseMain$startTestSuite$0.call(Unknown Source)
	at TempTestSuite1761139089875.run(TempTestSuite1761139089875.groovy:35)
	at java.base/jdk.internal.reflect.NativeMethodAccessorImpl.invoke0(Native Method)
	at java.base/jdk.internal.reflect.NativeMethodAccessorImpl.invoke(NativeMethodAccessorImpl.java:77)
	at java.base/jdk.internal.reflect.DelegatingMethodAccessorImpl.invoke(DelegatingMethodAccessorImpl.java:43)
)

22-10-2025T10:39:16 - [MESSAGE][INFO] - Unable to find the element located by 'By.xpath: //*[@id="__BVID__10___BV_modal_footer_"]/button'. Please recheck the objects properties to make sure the desired element is located. 

22-10-2025T10:39:16 - [MESSAGE][WARNING] - [SELF-HEALING] Failed to find element with id 'Object Repository/TripFocus/Testing_Notification_btn'. Try using Self-healing.

22-10-2025T10:39:17 - [MESSAGE][INFO] - [SELF-HEALING] No working XPath is found.

22-10-2025T10:39:19 - [MESSAGE][INFO] - Unable to find the element located by 'By.xpath: '. Please recheck the objects properties to make sure the desired element is located. 

22-10-2025T10:39:19 - [MESSAGE][WARNING] - [SELF-HEALING] Cannot find elements when the selector is null

22-10-2025T10:39:19 - [MESSAGE][WARNING] - Web element with id: 'Object Repository/TripFocus/Testing_Notification_btn' located by '//*[@id="__BVID__10___BV_modal_footer_"]/button' not found (Root cause: com.kms.katalon.core.exception.StepFailedException: Web element with id: 'Object Repository/TripFocus/Testing_Notification_btn' located by '//*[@id="__BVID__10___BV_modal_footer_"]/button' not found
	at com.kms.katalon.core.webui.keyword.internal.WebUIKeywordMain.stepFailed(WebUIKeywordMain.groovy:117)
	at com.kms.katalon.core.webui.keyword.builtin.VerifyElementVisibleKeyword$_verifyElementVisible_closure1.doCall(VerifyElementVisibleKeyword.groovy:89)
	at com.kms.katalon.core.webui.keyword.builtin.VerifyElementVisibleKeyword$_verifyElementVisible_closure1.call(VerifyElementVisibleKeyword.groovy)
	at com.kms.katalon.core.webui.keyword.internal.WebUIKeywordMain.runKeyword(WebUIKeywordMain.groovy:35)
	at com.kms.katalon.core.webui.keyword.builtin.VerifyElementVisibleKeyword.verifyElementVisible(VerifyElementVisibleKeyword.groovy:97)
	at com.kms.katalon.core.webui.keyword.builtin.VerifyElementVisibleKeyword.execute(VerifyElementVisibleKeyword.groovy:67)
	at com.kms.katalon.core.keyword.internal.KeywordExecutor.executeKeywordForPlatform(KeywordExecutor.groovy:74)
	at com.kms.katalon.core.webui.keyword.WebUiBuiltInKeywords.verifyElementVisible(WebUiBuiltInKeywords.groovy:401)
	at com.kms.katalon.core.webui.keyword.WebUiBuiltInKeywords$verifyElementVisible$5.call(Unknown Source)
	at SPG - Verify Order Changed Notification.run(SPG - Verify Order Changed Notification:37)
	at com.kms.katalon.core.main.ScriptEngine.run(ScriptEngine.java:194)
	at com.kms.katalon.core.main.ScriptEngine.runScriptAsRawText(ScriptEngine.java:119)
	at com.kms.katalon.core.main.TestCaseExecutor.runScript(TestCaseExecutor.java:448)
	at com.kms.katalon.core.main.TestCaseExecutor.doExecute(TestCaseExecutor.java:439)
	at com.kms.katalon.core.main.TestCaseExecutor.processExecutionPhase(TestCaseExecutor.java:418)
	at com.kms.katalon.core.main.TestCaseExecutor.accessMainPhase(TestCaseExecutor.java:410)
	at com.kms.katalon.core.main.TestCaseExecutor.execute(TestCaseExecutor.java:285)
	at com.kms.katalon.core.common.CommonExecutor.accessTestCaseMainPhase(CommonExecutor.java:65)
	at com.kms.katalon.core.main.TestSuiteExecutor.accessTestSuiteMainPhase(TestSuiteExecutor.java:150)
	at com.kms.katalon.core.main.TestSuiteExecutor.execute(TestSuiteExecutor.java:106)
	at com.kms.katalon.core.main.TestCaseMain.startTestSuite(TestCaseMain.java:180)
	at com.kms.katalon.core.main.TestCaseMain$startTestSuite$0.call(Unknown Source)
	at TempTestSuite1761139089875.run(TempTestSuite1761139089875.groovy:35)
	at java.base/jdk.internal.reflect.NativeMethodAccessorImpl.invoke0(Native Method)
	at java.base/jdk.internal.reflect.NativeMethodAccessorImpl.invoke(NativeMethodAccessorImpl.java:77)
	at java.base/jdk.internal.reflect.DelegatingMethodAccessorImpl.invoke(DelegatingMethodAccessorImpl.java:43)
)

22-10-2025T10:39:19 - [TEST_STEP][PASSED] - click(findTestObject("TripFocus/Notifications/Notifications Tab")): Object: 'Object Repository/TripFocus/Notifications/Notifications Tab' is clicked on

22-10-2025T10:39:19 - [MESSAGE][PASSED] - Object: 'Object Repository/TripFocus/Notifications/Notifications Tab' is clicked on

22-10-2025T10:39:19 - [TEST_STEP][PASSED] - delay(5): Delayed 5 second(s)

22-10-2025T10:39:24 - [MESSAGE][PASSED] - Delayed 5 second(s)

22-10-2025T10:39:24 - [TEST_STEP][PASSED] - click(findTestObject("Object Repository/TripFocus/Page_TripFocus/button_Add New Notification")): Object: 'Object Repository/TripFocus/Page_TripFocus/button_Add New Notification' is clicked on

22-10-2025T10:39:24 - [MESSAGE][PASSED] - Object: 'Object Repository/TripFocus/Page_TripFocus/button_Add New Notification' is clicked on

22-10-2025T10:39:24 - [TEST_STEP][PASSED] - delay(5): Delayed 5 second(s)

22-10-2025T10:39:29 - [MESSAGE][PASSED] - Delayed 5 second(s)

22-10-2025T10:39:29 - [TEST_STEP][PASSED] - sendKeys(findTestObject("TripFocus/Notifications/Notification Events_txt"), "Order Changed"): Keys 'Order Changed' sent to object: 'Object Repository/TripFocus/Notifications/Notification Events_txt'

22-10-2025T10:39:30 - [MESSAGE][PASSED] - Keys 'Order Changed' sent to object: 'Object Repository/TripFocus/Notifications/Notification Events_txt'

22-10-2025T10:39:30 - [TEST_STEP][PASSED] - delay(2): Delayed 2 second(s)

22-10-2025T10:39:32 - [MESSAGE][PASSED] - Delayed 2 second(s)

22-10-2025T10:39:32 - [TEST_STEP][PASSED] - sendKeys(findTestObject("TripFocus/Notifications/Notification Events_txt"), Keys.chord(ENTER)): Keys 'ENTER + ' sent to object: 'Object Repository/TripFocus/Notifications/Notification Events_txt'

22-10-2025T10:39:32 - [MESSAGE][PASSED] - Keys 'ENTER + ' sent to object: 'Object Repository/TripFocus/Notifications/Notification Events_txt'

22-10-2025T10:39:32 - [TEST_STEP][PASSED] - delay(2): Delayed 2 second(s)

22-10-2025T10:39:34 - [MESSAGE][PASSED] - Delayed 2 second(s)

22-10-2025T10:39:34 - [TEST_STEP][PASSED] - click(findTestObject("TripFocus/Page_TripFocus/textarea_Send To_txtSendTo")): Object: 'Object Repository/TripFocus/Page_TripFocus/textarea_Send To_txtSendTo' is clicked on

22-10-2025T10:39:34 - [MESSAGE][PASSED] - Object: 'Object Repository/TripFocus/Page_TripFocus/textarea_Send To_txtSendTo' is clicked on

22-10-2025T10:39:34 - [TEST_STEP][PASSED] - delay(2): Delayed 2 second(s)

22-10-2025T10:39:36 - [MESSAGE][PASSED] - Delayed 2 second(s)

22-10-2025T10:39:36 - [TEST_STEP][PASSED] - verifyElementText(findTestObject("TripFocus/Notifications/Selected Notification_option"), "Order Changed"): Actual text and expected text of test object 'Object Repository/TripFocus/Notifications/Selected Notification_option' are matched.

22-10-2025T10:39:36 - [MESSAGE][PASSED] - Actual text and expected text of test object 'Object Repository/TripFocus/Notifications/Selected Notification_option' are matched.

22-10-2025T10:39:36 - [TEST_STEP][PASSED] - Start listener action : retryOnDisconnect: null

22-10-2025T10:39:36 - [TEST_STEP][PASSED] - tcId = testCaseContext.getTestCaseId(): null

22-10-2025T10:39:36 - [TEST_STEP][PASSED] - currentRetry = retryCounts.getOrDefault(tcId, 0): null

22-10-2025T10:39:36 - [TEST_STEP][PASSED] - if (testCaseContext.getTestCaseStatus() == "FAILED" && currentRetry < MAX_RETRIES): null]]></system-out>
         <system-err><![CDATA[]]></system-err>
      </testcase>
      <testcase name="Test Cases/TripFocus/SPG/SPG - Notification/SPG - Verify Order Complete Notification" time="58.305" classname="Test Cases/TripFocus/SPG/SPG - Notification/SPG - Verify Order Complete Notification" status="PASSED">
         <system-out><![CDATA[22-10-2025T10:39:36 - [TEST_CASE][PASSED] - Test Cases/TripFocus/SPG/SPG - Notification/SPG - Verify Order Complete Notification: Test Cases/TripFocus/SPG/SPG - Notification/SPG - Verify Order Complete Notification

22-10-2025T10:39:36 - [TEST_STEP][PASSED] - Start listener action : beforeTestCase: null

22-10-2025T10:39:36 - [TEST_STEP][PASSED] - addDefaultPackages(): null

22-10-2025T10:39:36 - [TEST_STEP][PASSED] - openBrowser(""): Browser is opened with url: ''

22-10-2025T10:39:36 - [MESSAGE][WARNING] - A browser is already opened. Closing browser and opening a new one

22-10-2025T10:39:36 - [MESSAGE][INFO] - Starting 'Chrome' driver

22-10-2025T10:39:36 - [MESSAGE][INFO] - User set preference: ['args', '[--no-sandbox, --disable-gpu, --disable-dev-shm-usage]']

22-10-2025T10:39:36 - [MESSAGE][INFO] - Action delay is set to 0 milliseconds

22-10-2025T10:39:37 - [MESSAGE][PASSED] - Browser is opened with url: ''

22-10-2025T10:39:37 - [TEST_STEP][PASSED] - navigateToUrl(TFBaseURL): Navigate to 'https://www.qa.tripfocus.com' successfully

22-10-2025T10:39:38 - [MESSAGE][PASSED] - Navigate to 'https://www.qa.tripfocus.com' successfully

22-10-2025T10:39:38 - [TEST_STEP][PASSED] - click(findTestObject("Object Repository/TripFocus/Page_TripFocus/button_Sign in")): Object: 'Object Repository/TripFocus/Page_TripFocus/button_Sign in' is clicked on

22-10-2025T10:39:38 - [MESSAGE][PASSED] - Object: 'Object Repository/TripFocus/Page_TripFocus/button_Sign in' is clicked on

22-10-2025T10:39:38 - [TEST_STEP][PASSED] - setText(findTestObject("TripFocus/Username_txt"), TripFocusBleachTechSPGUsername): Text 'Ashford.Chenault+BleachtechCustomerSPGONLY@thekag.com' is set on object 'Object Repository/TripFocus/Username_txt'

22-10-2025T10:39:38 - [MESSAGE][PASSED] - Text 'Ashford.Chenault+BleachtechCustomerSPGONLY@thekag.com' is set on object 'Object Repository/TripFocus/Username_txt'

22-10-2025T10:39:38 - [TEST_STEP][PASSED] - setText(findTestObject("TripFocus/Password_txt"), TripFocusFDGSPGPassword): Text 'CrashBan911!!' is set on object 'Object Repository/TripFocus/Password_txt'

22-10-2025T10:39:39 - [MESSAGE][PASSED] - Text 'CrashBan911!!' is set on object 'Object Repository/TripFocus/Password_txt'

22-10-2025T10:39:39 - [TEST_STEP][PASSED] - click(findTestObject("Object Repository/TripFocus/Page_TripFocus/button_Login")): Object: 'Object Repository/TripFocus/Page_TripFocus/button_Login' is clicked on

22-10-2025T10:39:39 - [MESSAGE][PASSED] - Object: 'Object Repository/TripFocus/Page_TripFocus/button_Login' is clicked on

22-10-2025T10:39:39 - [TEST_STEP][PASSED] - maximizeWindow(): Current window maximized

22-10-2025T10:39:39 - [MESSAGE][PASSED] - Current window maximized

22-10-2025T10:39:39 - [TEST_STEP][PASSED] - waitForElementVisible(findTestObject("TripFocus/Testing_Notification_btn"), 15, OPTIONAL): Web element with id: 'Object Repository/TripFocus/Testing_Notification_btn' located by '//*[@id="__BVID__10___BV_modal_footer_"]/button' not found

22-10-2025T10:39:55 - [MESSAGE][INFO] - Unable to find the element located by 'By.xpath: //*[@id="__BVID__10___BV_modal_footer_"]/button'. Please recheck the objects properties to make sure the desired element is located. 

22-10-2025T10:39:55 - [MESSAGE][WARNING] - [SELF-HEALING] Failed to find element with id 'Object Repository/TripFocus/Testing_Notification_btn'. Try using Self-healing.

22-10-2025T10:39:56 - [MESSAGE][INFO] - [SELF-HEALING] No working XPath is found.

22-10-2025T10:39:58 - [MESSAGE][INFO] - Unable to find the element located by 'By.xpath: '. Please recheck the objects properties to make sure the desired element is located. 

22-10-2025T10:39:58 - [MESSAGE][WARNING] - [SELF-HEALING] Cannot find elements when the selector is null

22-10-2025T10:39:58 - [MESSAGE][WARNING] - Web element with id: 'Object Repository/TripFocus/Testing_Notification_btn' located by '//*[@id="__BVID__10___BV_modal_footer_"]/button' not found

22-10-2025T10:39:58 - [TEST_STEP][PASSED] - if (verifyElementVisible(findTestObject("TripFocus/Testing_Notification_btn"), OPTIONAL) == true): Web element with id: 'Object Repository/TripFocus/Testing_Notification_btn' located by '//*[@id="__BVID__10___BV_modal_footer_"]/button' not found (Root cause: com.kms.katalon.core.exception.StepFailedException: Web element with id: 'Object Repository/TripFocus/Testing_Notification_btn' located by '//*[@id="__BVID__10___BV_modal_footer_"]/button' not found
	at com.kms.katalon.core.webui.keyword.internal.WebUIKeywordMain.stepFailed(WebUIKeywordMain.groovy:117)
	at com.kms.katalon.core.webui.keyword.builtin.VerifyElementVisibleKeyword$_verifyElementVisible_closure1.doCall(VerifyElementVisibleKeyword.groovy:89)
	at com.kms.katalon.core.webui.keyword.builtin.VerifyElementVisibleKeyword$_verifyElementVisible_closure1.call(VerifyElementVisibleKeyword.groovy)
	at com.kms.katalon.core.webui.keyword.internal.WebUIKeywordMain.runKeyword(WebUIKeywordMain.groovy:35)
	at com.kms.katalon.core.webui.keyword.builtin.VerifyElementVisibleKeyword.verifyElementVisible(VerifyElementVisibleKeyword.groovy:97)
	at com.kms.katalon.core.webui.keyword.builtin.VerifyElementVisibleKeyword.execute(VerifyElementVisibleKeyword.groovy:67)
	at com.kms.katalon.core.keyword.internal.KeywordExecutor.executeKeywordForPlatform(KeywordExecutor.groovy:74)
	at com.kms.katalon.core.webui.keyword.WebUiBuiltInKeywords.verifyElementVisible(WebUiBuiltInKeywords.groovy:401)
	at com.kms.katalon.core.webui.keyword.WebUiBuiltInKeywords$verifyElementVisible$5.call(Unknown Source)
	at SPG - Verify Order Complete Notification.run(SPG - Verify Order Complete Notification:37)
	at com.kms.katalon.core.main.ScriptEngine.run(ScriptEngine.java:194)
	at com.kms.katalon.core.main.ScriptEngine.runScriptAsRawText(ScriptEngine.java:119)
	at com.kms.katalon.core.main.TestCaseExecutor.runScript(TestCaseExecutor.java:448)
	at com.kms.katalon.core.main.TestCaseExecutor.doExecute(TestCaseExecutor.java:439)
	at com.kms.katalon.core.main.TestCaseExecutor.processExecutionPhase(TestCaseExecutor.java:418)
	at com.kms.katalon.core.main.TestCaseExecutor.accessMainPhase(TestCaseExecutor.java:410)
	at com.kms.katalon.core.main.TestCaseExecutor.execute(TestCaseExecutor.java:285)
	at com.kms.katalon.core.common.CommonExecutor.accessTestCaseMainPhase(CommonExecutor.java:65)
	at com.kms.katalon.core.main.TestSuiteExecutor.accessTestSuiteMainPhase(TestSuiteExecutor.java:150)
	at com.kms.katalon.core.main.TestSuiteExecutor.execute(TestSuiteExecutor.java:106)
	at com.kms.katalon.core.main.TestCaseMain.startTestSuite(TestCaseMain.java:180)
	at com.kms.katalon.core.main.TestCaseMain$startTestSuite$0.call(Unknown Source)
	at TempTestSuite1761139089875.run(TempTestSuite1761139089875.groovy:35)
	at java.base/jdk.internal.reflect.NativeMethodAccessorImpl.invoke0(Native Method)
	at java.base/jdk.internal.reflect.NativeMethodAccessorImpl.invoke(NativeMethodAccessorImpl.java:77)
	at java.base/jdk.internal.reflect.DelegatingMethodAccessorImpl.invoke(DelegatingMethodAccessorImpl.java:43)
)

22-10-2025T10:40:14 - [MESSAGE][INFO] - Unable to find the element located by 'By.xpath: //*[@id="__BVID__10___BV_modal_footer_"]/button'. Please recheck the objects properties to make sure the desired element is located. 

22-10-2025T10:40:14 - [MESSAGE][WARNING] - [SELF-HEALING] Failed to find element with id 'Object Repository/TripFocus/Testing_Notification_btn'. Try using Self-healing.

22-10-2025T10:40:15 - [MESSAGE][INFO] - [SELF-HEALING] No working XPath is found.

22-10-2025T10:40:17 - [MESSAGE][INFO] - Unable to find the element located by 'By.xpath: '. Please recheck the objects properties to make sure the desired element is located. 

22-10-2025T10:40:17 - [MESSAGE][WARNING] - [SELF-HEALING] Cannot find elements when the selector is null

22-10-2025T10:40:17 - [MESSAGE][WARNING] - Web element with id: 'Object Repository/TripFocus/Testing_Notification_btn' located by '//*[@id="__BVID__10___BV_modal_footer_"]/button' not found (Root cause: com.kms.katalon.core.exception.StepFailedException: Web element with id: 'Object Repository/TripFocus/Testing_Notification_btn' located by '//*[@id="__BVID__10___BV_modal_footer_"]/button' not found
	at com.kms.katalon.core.webui.keyword.internal.WebUIKeywordMain.stepFailed(WebUIKeywordMain.groovy:117)
	at com.kms.katalon.core.webui.keyword.builtin.VerifyElementVisibleKeyword$_verifyElementVisible_closure1.doCall(VerifyElementVisibleKeyword.groovy:89)
	at com.kms.katalon.core.webui.keyword.builtin.VerifyElementVisibleKeyword$_verifyElementVisible_closure1.call(VerifyElementVisibleKeyword.groovy)
	at com.kms.katalon.core.webui.keyword.internal.WebUIKeywordMain.runKeyword(WebUIKeywordMain.groovy:35)
	at com.kms.katalon.core.webui.keyword.builtin.VerifyElementVisibleKeyword.verifyElementVisible(VerifyElementVisibleKeyword.groovy:97)
	at com.kms.katalon.core.webui.keyword.builtin.VerifyElementVisibleKeyword.execute(VerifyElementVisibleKeyword.groovy:67)
	at com.kms.katalon.core.keyword.internal.KeywordExecutor.executeKeywordForPlatform(KeywordExecutor.groovy:74)
	at com.kms.katalon.core.webui.keyword.WebUiBuiltInKeywords.verifyElementVisible(WebUiBuiltInKeywords.groovy:401)
	at com.kms.katalon.core.webui.keyword.WebUiBuiltInKeywords$verifyElementVisible$5.call(Unknown Source)
	at SPG - Verify Order Complete Notification.run(SPG - Verify Order Complete Notification:37)
	at com.kms.katalon.core.main.ScriptEngine.run(ScriptEngine.java:194)
	at com.kms.katalon.core.main.ScriptEngine.runScriptAsRawText(ScriptEngine.java:119)
	at com.kms.katalon.core.main.TestCaseExecutor.runScript(TestCaseExecutor.java:448)
	at com.kms.katalon.core.main.TestCaseExecutor.doExecute(TestCaseExecutor.java:439)
	at com.kms.katalon.core.main.TestCaseExecutor.processExecutionPhase(TestCaseExecutor.java:418)
	at com.kms.katalon.core.main.TestCaseExecutor.accessMainPhase(TestCaseExecutor.java:410)
	at com.kms.katalon.core.main.TestCaseExecutor.execute(TestCaseExecutor.java:285)
	at com.kms.katalon.core.common.CommonExecutor.accessTestCaseMainPhase(CommonExecutor.java:65)
	at com.kms.katalon.core.main.TestSuiteExecutor.accessTestSuiteMainPhase(TestSuiteExecutor.java:150)
	at com.kms.katalon.core.main.TestSuiteExecutor.execute(TestSuiteExecutor.java:106)
	at com.kms.katalon.core.main.TestCaseMain.startTestSuite(TestCaseMain.java:180)
	at com.kms.katalon.core.main.TestCaseMain$startTestSuite$0.call(Unknown Source)
	at TempTestSuite1761139089875.run(TempTestSuite1761139089875.groovy:35)
	at java.base/jdk.internal.reflect.NativeMethodAccessorImpl.invoke0(Native Method)
	at java.base/jdk.internal.reflect.NativeMethodAccessorImpl.invoke(NativeMethodAccessorImpl.java:77)
	at java.base/jdk.internal.reflect.DelegatingMethodAccessorImpl.invoke(DelegatingMethodAccessorImpl.java:43)
)

22-10-2025T10:40:17 - [TEST_STEP][PASSED] - click(findTestObject("TripFocus/Notifications/Notifications Tab")): Object: 'Object Repository/TripFocus/Notifications/Notifications Tab' is clicked on

22-10-2025T10:40:18 - [MESSAGE][PASSED] - Object: 'Object Repository/TripFocus/Notifications/Notifications Tab' is clicked on

22-10-2025T10:40:18 - [TEST_STEP][PASSED] - delay(5): Delayed 5 second(s)

22-10-2025T10:40:23 - [MESSAGE][PASSED] - Delayed 5 second(s)

22-10-2025T10:40:23 - [TEST_STEP][PASSED] - click(findTestObject("Object Repository/TripFocus/Page_TripFocus/button_Add New Notification")): Object: 'Object Repository/TripFocus/Page_TripFocus/button_Add New Notification' is clicked on

22-10-2025T10:40:23 - [MESSAGE][PASSED] - Object: 'Object Repository/TripFocus/Page_TripFocus/button_Add New Notification' is clicked on

22-10-2025T10:40:23 - [TEST_STEP][PASSED] - delay(5): Delayed 5 second(s)

22-10-2025T10:40:28 - [MESSAGE][PASSED] - Delayed 5 second(s)

22-10-2025T10:40:28 - [TEST_STEP][PASSED] - sendKeys(findTestObject("TripFocus/Notifications/Notification Events_txt"), "Order Complete"): Keys 'Order Complete' sent to object: 'Object Repository/TripFocus/Notifications/Notification Events_txt'

22-10-2025T10:40:28 - [MESSAGE][PASSED] - Keys 'Order Complete' sent to object: 'Object Repository/TripFocus/Notifications/Notification Events_txt'

22-10-2025T10:40:28 - [TEST_STEP][PASSED] - delay(2): Delayed 2 second(s)

22-10-2025T10:40:30 - [MESSAGE][PASSED] - Delayed 2 second(s)

22-10-2025T10:40:30 - [TEST_STEP][PASSED] - sendKeys(findTestObject("TripFocus/Notifications/Notification Events_txt"), Keys.chord(ENTER)): Keys 'ENTER + ' sent to object: 'Object Repository/TripFocus/Notifications/Notification Events_txt'

22-10-2025T10:40:30 - [MESSAGE][PASSED] - Keys 'ENTER + ' sent to object: 'Object Repository/TripFocus/Notifications/Notification Events_txt'

22-10-2025T10:40:30 - [TEST_STEP][PASSED] - delay(2): Delayed 2 second(s)

22-10-2025T10:40:32 - [MESSAGE][PASSED] - Delayed 2 second(s)

22-10-2025T10:40:32 - [TEST_STEP][PASSED] - click(findTestObject("TripFocus/Page_TripFocus/textarea_Send To_txtSendTo")): Object: 'Object Repository/TripFocus/Page_TripFocus/textarea_Send To_txtSendTo' is clicked on

22-10-2025T10:40:32 - [MESSAGE][PASSED] - Object: 'Object Repository/TripFocus/Page_TripFocus/textarea_Send To_txtSendTo' is clicked on

22-10-2025T10:40:32 - [TEST_STEP][PASSED] - delay(2): Delayed 2 second(s)

22-10-2025T10:40:34 - [MESSAGE][PASSED] - Delayed 2 second(s)

22-10-2025T10:40:34 - [TEST_STEP][PASSED] - verifyElementText(findTestObject("TripFocus/Notifications/Selected Notification_option"), "Order Complete"): Actual text and expected text of test object 'Object Repository/TripFocus/Notifications/Selected Notification_option' are matched.

22-10-2025T10:40:34 - [MESSAGE][PASSED] - Actual text and expected text of test object 'Object Repository/TripFocus/Notifications/Selected Notification_option' are matched.

22-10-2025T10:40:34 - [TEST_STEP][PASSED] - Start listener action : retryOnDisconnect: null

22-10-2025T10:40:34 - [TEST_STEP][PASSED] - tcId = testCaseContext.getTestCaseId(): null

22-10-2025T10:40:34 - [TEST_STEP][PASSED] - currentRetry = retryCounts.getOrDefault(tcId, 0): null

22-10-2025T10:40:34 - [TEST_STEP][PASSED] - if (testCaseContext.getTestCaseStatus() == "FAILED" && currentRetry < MAX_RETRIES): null]]></system-out>
         <system-err><![CDATA[]]></system-err>
      </testcase>
      <testcase name="Test Cases/TripFocus/SPG/SPG - Notification/SPG - Verify Order Confirmed Notification" time="57.535" classname="Test Cases/TripFocus/SPG/SPG - Notification/SPG - Verify Order Confirmed Notification" status="PASSED">
         <system-out><![CDATA[22-10-2025T10:40:34 - [TEST_CASE][PASSED] - Test Cases/TripFocus/SPG/SPG - Notification/SPG - Verify Order Confirmed Notification: Test Cases/TripFocus/SPG/SPG - Notification/SPG - Verify Order Confirmed Notification

22-10-2025T10:40:34 - [TEST_STEP][PASSED] - Start listener action : beforeTestCase: null

22-10-2025T10:40:34 - [TEST_STEP][PASSED] - addDefaultPackages(): null

22-10-2025T10:40:34 - [TEST_STEP][PASSED] - openBrowser(""): Browser is opened with url: ''

22-10-2025T10:40:34 - [MESSAGE][WARNING] - A browser is already opened. Closing browser and opening a new one

22-10-2025T10:40:34 - [MESSAGE][INFO] - Starting 'Chrome' driver

22-10-2025T10:40:34 - [MESSAGE][INFO] - User set preference: ['args', '[--no-sandbox, --disable-gpu, --disable-dev-shm-usage]']

22-10-2025T10:40:34 - [MESSAGE][INFO] - Action delay is set to 0 milliseconds

22-10-2025T10:40:35 - [MESSAGE][PASSED] - Browser is opened with url: ''

22-10-2025T10:40:35 - [TEST_STEP][PASSED] - navigateToUrl(TFBaseURL): Navigate to 'https://www.qa.tripfocus.com' successfully

22-10-2025T10:40:36 - [MESSAGE][PASSED] - Navigate to 'https://www.qa.tripfocus.com' successfully

22-10-2025T10:40:36 - [TEST_STEP][PASSED] - click(findTestObject("Object Repository/TripFocus/Page_TripFocus/button_Sign in")): Object: 'Object Repository/TripFocus/Page_TripFocus/button_Sign in' is clicked on

22-10-2025T10:40:36 - [MESSAGE][PASSED] - Object: 'Object Repository/TripFocus/Page_TripFocus/button_Sign in' is clicked on

22-10-2025T10:40:36 - [TEST_STEP][PASSED] - setText(findTestObject("TripFocus/Username_txt"), TripFocusBleachTechSPGUsername): Text 'Ashford.Chenault+BleachtechCustomerSPGONLY@thekag.com' is set on object 'Object Repository/TripFocus/Username_txt'

22-10-2025T10:40:36 - [MESSAGE][PASSED] - Text 'Ashford.Chenault+BleachtechCustomerSPGONLY@thekag.com' is set on object 'Object Repository/TripFocus/Username_txt'

22-10-2025T10:40:36 - [TEST_STEP][PASSED] - setText(findTestObject("TripFocus/Password_txt"), TripFocusFDGSPGPassword): Text 'CrashBan911!!' is set on object 'Object Repository/TripFocus/Password_txt'

22-10-2025T10:40:36 - [MESSAGE][PASSED] - Text 'CrashBan911!!' is set on object 'Object Repository/TripFocus/Password_txt'

22-10-2025T10:40:36 - [TEST_STEP][PASSED] - click(findTestObject("Object Repository/TripFocus/Page_TripFocus/button_Login")): Object: 'Object Repository/TripFocus/Page_TripFocus/button_Login' is clicked on

22-10-2025T10:40:37 - [MESSAGE][PASSED] - Object: 'Object Repository/TripFocus/Page_TripFocus/button_Login' is clicked on

22-10-2025T10:40:37 - [TEST_STEP][PASSED] - maximizeWindow(): Current window maximized

22-10-2025T10:40:37 - [MESSAGE][PASSED] - Current window maximized

22-10-2025T10:40:37 - [TEST_STEP][PASSED] - waitForElementVisible(findTestObject("TripFocus/Testing_Notification_btn"), 15, OPTIONAL): Web element with id: 'Object Repository/TripFocus/Testing_Notification_btn' located by '//*[@id="__BVID__10___BV_modal_footer_"]/button' not found

22-10-2025T10:40:53 - [MESSAGE][INFO] - Unable to find the element located by 'By.xpath: //*[@id="__BVID__10___BV_modal_footer_"]/button'. Please recheck the objects properties to make sure the desired element is located. 

22-10-2025T10:40:53 - [MESSAGE][WARNING] - [SELF-HEALING] Failed to find element with id 'Object Repository/TripFocus/Testing_Notification_btn'. Try using Self-healing.

22-10-2025T10:40:54 - [MESSAGE][INFO] - [SELF-HEALING] No working XPath is found.

22-10-2025T10:40:56 - [MESSAGE][INFO] - Unable to find the element located by 'By.xpath: '. Please recheck the objects properties to make sure the desired element is located. 

22-10-2025T10:40:56 - [MESSAGE][WARNING] - [SELF-HEALING] Cannot find elements when the selector is null

22-10-2025T10:40:56 - [MESSAGE][WARNING] - Web element with id: 'Object Repository/TripFocus/Testing_Notification_btn' located by '//*[@id="__BVID__10___BV_modal_footer_"]/button' not found

22-10-2025T10:40:56 - [TEST_STEP][PASSED] - if (verifyElementVisible(findTestObject("TripFocus/Testing_Notification_btn"), OPTIONAL) == true): Web element with id: 'Object Repository/TripFocus/Testing_Notification_btn' located by '//*[@id="__BVID__10___BV_modal_footer_"]/button' not found (Root cause: com.kms.katalon.core.exception.StepFailedException: Web element with id: 'Object Repository/TripFocus/Testing_Notification_btn' located by '//*[@id="__BVID__10___BV_modal_footer_"]/button' not found
	at com.kms.katalon.core.webui.keyword.internal.WebUIKeywordMain.stepFailed(WebUIKeywordMain.groovy:117)
	at com.kms.katalon.core.webui.keyword.builtin.VerifyElementVisibleKeyword$_verifyElementVisible_closure1.doCall(VerifyElementVisibleKeyword.groovy:89)
	at com.kms.katalon.core.webui.keyword.builtin.VerifyElementVisibleKeyword$_verifyElementVisible_closure1.call(VerifyElementVisibleKeyword.groovy)
	at com.kms.katalon.core.webui.keyword.internal.WebUIKeywordMain.runKeyword(WebUIKeywordMain.groovy:35)
	at com.kms.katalon.core.webui.keyword.builtin.VerifyElementVisibleKeyword.verifyElementVisible(VerifyElementVisibleKeyword.groovy:97)
	at com.kms.katalon.core.webui.keyword.builtin.VerifyElementVisibleKeyword.execute(VerifyElementVisibleKeyword.groovy:67)
	at com.kms.katalon.core.keyword.internal.KeywordExecutor.executeKeywordForPlatform(KeywordExecutor.groovy:74)
	at com.kms.katalon.core.webui.keyword.WebUiBuiltInKeywords.verifyElementVisible(WebUiBuiltInKeywords.groovy:401)
	at com.kms.katalon.core.webui.keyword.WebUiBuiltInKeywords$verifyElementVisible$5.call(Unknown Source)
	at SPG - Verify Order Confirmed Notification.run(SPG - Verify Order Confirmed Notification:37)
	at com.kms.katalon.core.main.ScriptEngine.run(ScriptEngine.java:194)
	at com.kms.katalon.core.main.ScriptEngine.runScriptAsRawText(ScriptEngine.java:119)
	at com.kms.katalon.core.main.TestCaseExecutor.runScript(TestCaseExecutor.java:448)
	at com.kms.katalon.core.main.TestCaseExecutor.doExecute(TestCaseExecutor.java:439)
	at com.kms.katalon.core.main.TestCaseExecutor.processExecutionPhase(TestCaseExecutor.java:418)
	at com.kms.katalon.core.main.TestCaseExecutor.accessMainPhase(TestCaseExecutor.java:410)
	at com.kms.katalon.core.main.TestCaseExecutor.execute(TestCaseExecutor.java:285)
	at com.kms.katalon.core.common.CommonExecutor.accessTestCaseMainPhase(CommonExecutor.java:65)
	at com.kms.katalon.core.main.TestSuiteExecutor.accessTestSuiteMainPhase(TestSuiteExecutor.java:150)
	at com.kms.katalon.core.main.TestSuiteExecutor.execute(TestSuiteExecutor.java:106)
	at com.kms.katalon.core.main.TestCaseMain.startTestSuite(TestCaseMain.java:180)
	at com.kms.katalon.core.main.TestCaseMain$startTestSuite$0.call(Unknown Source)
	at TempTestSuite1761139089875.run(TempTestSuite1761139089875.groovy:35)
	at java.base/jdk.internal.reflect.NativeMethodAccessorImpl.invoke0(Native Method)
	at java.base/jdk.internal.reflect.NativeMethodAccessorImpl.invoke(NativeMethodAccessorImpl.java:77)
	at java.base/jdk.internal.reflect.DelegatingMethodAccessorImpl.invoke(DelegatingMethodAccessorImpl.java:43)
)

22-10-2025T10:41:12 - [MESSAGE][INFO] - Unable to find the element located by 'By.xpath: //*[@id="__BVID__10___BV_modal_footer_"]/button'. Please recheck the objects properties to make sure the desired element is located. 

22-10-2025T10:41:12 - [MESSAGE][WARNING] - [SELF-HEALING] Failed to find element with id 'Object Repository/TripFocus/Testing_Notification_btn'. Try using Self-healing.

22-10-2025T10:41:13 - [MESSAGE][INFO] - [SELF-HEALING] No working XPath is found.

22-10-2025T10:41:15 - [MESSAGE][INFO] - Unable to find the element located by 'By.xpath: '. Please recheck the objects properties to make sure the desired element is located. 

22-10-2025T10:41:15 - [MESSAGE][WARNING] - [SELF-HEALING] Cannot find elements when the selector is null

22-10-2025T10:41:15 - [MESSAGE][WARNING] - Web element with id: 'Object Repository/TripFocus/Testing_Notification_btn' located by '//*[@id="__BVID__10___BV_modal_footer_"]/button' not found (Root cause: com.kms.katalon.core.exception.StepFailedException: Web element with id: 'Object Repository/TripFocus/Testing_Notification_btn' located by '//*[@id="__BVID__10___BV_modal_footer_"]/button' not found
	at com.kms.katalon.core.webui.keyword.internal.WebUIKeywordMain.stepFailed(WebUIKeywordMain.groovy:117)
	at com.kms.katalon.core.webui.keyword.builtin.VerifyElementVisibleKeyword$_verifyElementVisible_closure1.doCall(VerifyElementVisibleKeyword.groovy:89)
	at com.kms.katalon.core.webui.keyword.builtin.VerifyElementVisibleKeyword$_verifyElementVisible_closure1.call(VerifyElementVisibleKeyword.groovy)
	at com.kms.katalon.core.webui.keyword.internal.WebUIKeywordMain.runKeyword(WebUIKeywordMain.groovy:35)
	at com.kms.katalon.core.webui.keyword.builtin.VerifyElementVisibleKeyword.verifyElementVisible(VerifyElementVisibleKeyword.groovy:97)
	at com.kms.katalon.core.webui.keyword.builtin.VerifyElementVisibleKeyword.execute(VerifyElementVisibleKeyword.groovy:67)
	at com.kms.katalon.core.keyword.internal.KeywordExecutor.executeKeywordForPlatform(KeywordExecutor.groovy:74)
	at com.kms.katalon.core.webui.keyword.WebUiBuiltInKeywords.verifyElementVisible(WebUiBuiltInKeywords.groovy:401)
	at com.kms.katalon.core.webui.keyword.WebUiBuiltInKeywords$verifyElementVisible$5.call(Unknown Source)
	at SPG - Verify Order Confirmed Notification.run(SPG - Verify Order Confirmed Notification:37)
	at com.kms.katalon.core.main.ScriptEngine.run(ScriptEngine.java:194)
	at com.kms.katalon.core.main.ScriptEngine.runScriptAsRawText(ScriptEngine.java:119)
	at com.kms.katalon.core.main.TestCaseExecutor.runScript(TestCaseExecutor.java:448)
	at com.kms.katalon.core.main.TestCaseExecutor.doExecute(TestCaseExecutor.java:439)
	at com.kms.katalon.core.main.TestCaseExecutor.processExecutionPhase(TestCaseExecutor.java:418)
	at com.kms.katalon.core.main.TestCaseExecutor.accessMainPhase(TestCaseExecutor.java:410)
	at com.kms.katalon.core.main.TestCaseExecutor.execute(TestCaseExecutor.java:285)
	at com.kms.katalon.core.common.CommonExecutor.accessTestCaseMainPhase(CommonExecutor.java:65)
	at com.kms.katalon.core.main.TestSuiteExecutor.accessTestSuiteMainPhase(TestSuiteExecutor.java:150)
	at com.kms.katalon.core.main.TestSuiteExecutor.execute(TestSuiteExecutor.java:106)
	at com.kms.katalon.core.main.TestCaseMain.startTestSuite(TestCaseMain.java:180)
	at com.kms.katalon.core.main.TestCaseMain$startTestSuite$0.call(Unknown Source)
	at TempTestSuite1761139089875.run(TempTestSuite1761139089875.groovy:35)
	at java.base/jdk.internal.reflect.NativeMethodAccessorImpl.invoke0(Native Method)
	at java.base/jdk.internal.reflect.NativeMethodAccessorImpl.invoke(NativeMethodAccessorImpl.java:77)
	at java.base/jdk.internal.reflect.DelegatingMethodAccessorImpl.invoke(DelegatingMethodAccessorImpl.java:43)
)

22-10-2025T10:41:15 - [TEST_STEP][PASSED] - click(findTestObject("TripFocus/Notifications/Notifications Tab")): Object: 'Object Repository/TripFocus/Notifications/Notifications Tab' is clicked on

22-10-2025T10:41:15 - [MESSAGE][PASSED] - Object: 'Object Repository/TripFocus/Notifications/Notifications Tab' is clicked on

22-10-2025T10:41:15 - [TEST_STEP][PASSED] - delay(5): Delayed 5 second(s)

22-10-2025T10:41:20 - [MESSAGE][PASSED] - Delayed 5 second(s)

22-10-2025T10:41:20 - [TEST_STEP][PASSED] - click(findTestObject("Object Repository/TripFocus/Page_TripFocus/button_Add New Notification")): Object: 'Object Repository/TripFocus/Page_TripFocus/button_Add New Notification' is clicked on

22-10-2025T10:41:20 - [MESSAGE][PASSED] - Object: 'Object Repository/TripFocus/Page_TripFocus/button_Add New Notification' is clicked on

22-10-2025T10:41:20 - [TEST_STEP][PASSED] - delay(5): Delayed 5 second(s)

22-10-2025T10:41:25 - [MESSAGE][PASSED] - Delayed 5 second(s)

22-10-2025T10:41:25 - [TEST_STEP][PASSED] - sendKeys(findTestObject("TripFocus/Notifications/Notification Events_txt"), "Order Confirmed"): Keys 'Order Confirmed' sent to object: 'Object Repository/TripFocus/Notifications/Notification Events_txt'

22-10-2025T10:41:25 - [MESSAGE][PASSED] - Keys 'Order Confirmed' sent to object: 'Object Repository/TripFocus/Notifications/Notification Events_txt'

22-10-2025T10:41:25 - [TEST_STEP][PASSED] - delay(2): Delayed 2 second(s)

22-10-2025T10:41:27 - [MESSAGE][PASSED] - Delayed 2 second(s)

22-10-2025T10:41:27 - [TEST_STEP][PASSED] - sendKeys(findTestObject("TripFocus/Notifications/Notification Events_txt"), Keys.chord(ENTER)): Keys 'ENTER + ' sent to object: 'Object Repository/TripFocus/Notifications/Notification Events_txt'

22-10-2025T10:41:28 - [MESSAGE][PASSED] - Keys 'ENTER + ' sent to object: 'Object Repository/TripFocus/Notifications/Notification Events_txt'

22-10-2025T10:41:28 - [TEST_STEP][PASSED] - delay(2): Delayed 2 second(s)

22-10-2025T10:41:30 - [MESSAGE][PASSED] - Delayed 2 second(s)

22-10-2025T10:41:30 - [TEST_STEP][PASSED] - click(findTestObject("TripFocus/Page_TripFocus/textarea_Send To_txtSendTo")): Object: 'Object Repository/TripFocus/Page_TripFocus/textarea_Send To_txtSendTo' is clicked on

22-10-2025T10:41:30 - [MESSAGE][PASSED] - Object: 'Object Repository/TripFocus/Page_TripFocus/textarea_Send To_txtSendTo' is clicked on

22-10-2025T10:41:30 - [TEST_STEP][PASSED] - delay(2): Delayed 2 second(s)

22-10-2025T10:41:32 - [MESSAGE][PASSED] - Delayed 2 second(s)

22-10-2025T10:41:32 - [TEST_STEP][PASSED] - verifyElementText(findTestObject("TripFocus/Notifications/Selected Notification_option"), "Order Confirmed"): Actual text and expected text of test object 'Object Repository/TripFocus/Notifications/Selected Notification_option' are matched.

22-10-2025T10:41:32 - [MESSAGE][PASSED] - Actual text and expected text of test object 'Object Repository/TripFocus/Notifications/Selected Notification_option' are matched.

22-10-2025T10:41:32 - [TEST_STEP][PASSED] - Start listener action : retryOnDisconnect: null

22-10-2025T10:41:32 - [TEST_STEP][PASSED] - tcId = testCaseContext.getTestCaseId(): null

22-10-2025T10:41:32 - [TEST_STEP][PASSED] - currentRetry = retryCounts.getOrDefault(tcId, 0): null

22-10-2025T10:41:32 - [TEST_STEP][PASSED] - if (testCaseContext.getTestCaseStatus() == "FAILED" && currentRetry < MAX_RETRIES): null]]></system-out>
         <system-err><![CDATA[]]></system-err>
      </testcase>
      <testcase name="Test Cases/TripFocus/SPG/SPG - Notification/SPG - Verify Order Delivered Notification" time="57.823" classname="Test Cases/TripFocus/SPG/SPG - Notification/SPG - Verify Order Delivered Notification" status="PASSED">
         <system-out><![CDATA[22-10-2025T10:41:32 - [TEST_CASE][PASSED] - Test Cases/TripFocus/SPG/SPG - Notification/SPG - Verify Order Delivered Notification: Test Cases/TripFocus/SPG/SPG - Notification/SPG - Verify Order Delivered Notification

22-10-2025T10:41:32 - [TEST_STEP][PASSED] - Start listener action : beforeTestCase: null

22-10-2025T10:41:32 - [TEST_STEP][PASSED] - addDefaultPackages(): null

22-10-2025T10:41:32 - [TEST_STEP][PASSED] - openBrowser(""): Browser is opened with url: ''

22-10-2025T10:41:32 - [MESSAGE][WARNING] - A browser is already opened. Closing browser and opening a new one

22-10-2025T10:41:32 - [MESSAGE][INFO] - Starting 'Chrome' driver

22-10-2025T10:41:32 - [MESSAGE][INFO] - User set preference: ['args', '[--no-sandbox, --disable-gpu, --disable-dev-shm-usage]']

22-10-2025T10:41:32 - [MESSAGE][INFO] - Action delay is set to 0 milliseconds

22-10-2025T10:41:33 - [MESSAGE][PASSED] - Browser is opened with url: ''

22-10-2025T10:41:33 - [TEST_STEP][PASSED] - navigateToUrl(TFBaseURL): Navigate to 'https://www.qa.tripfocus.com' successfully

22-10-2025T10:41:33 - [MESSAGE][PASSED] - Navigate to 'https://www.qa.tripfocus.com' successfully

22-10-2025T10:41:33 - [TEST_STEP][PASSED] - click(findTestObject("Object Repository/TripFocus/Page_TripFocus/button_Sign in")): Object: 'Object Repository/TripFocus/Page_TripFocus/button_Sign in' is clicked on

22-10-2025T10:41:33 - [MESSAGE][PASSED] - Object: 'Object Repository/TripFocus/Page_TripFocus/button_Sign in' is clicked on

22-10-2025T10:41:33 - [TEST_STEP][PASSED] - setText(findTestObject("TripFocus/Username_txt"), TripFocusBleachTechSPGUsername): Text 'Ashford.Chenault+BleachtechCustomerSPGONLY@thekag.com' is set on object 'Object Repository/TripFocus/Username_txt'

22-10-2025T10:41:34 - [MESSAGE][PASSED] - Text 'Ashford.Chenault+BleachtechCustomerSPGONLY@thekag.com' is set on object 'Object Repository/TripFocus/Username_txt'

22-10-2025T10:41:34 - [TEST_STEP][PASSED] - setText(findTestObject("TripFocus/Password_txt"), TripFocusFDGSPGPassword): Text 'CrashBan911!!' is set on object 'Object Repository/TripFocus/Password_txt'

22-10-2025T10:41:34 - [MESSAGE][PASSED] - Text 'CrashBan911!!' is set on object 'Object Repository/TripFocus/Password_txt'

22-10-2025T10:41:34 - [TEST_STEP][PASSED] - click(findTestObject("Object Repository/TripFocus/Page_TripFocus/button_Login")): Object: 'Object Repository/TripFocus/Page_TripFocus/button_Login' is clicked on

22-10-2025T10:41:35 - [MESSAGE][PASSED] - Object: 'Object Repository/TripFocus/Page_TripFocus/button_Login' is clicked on

22-10-2025T10:41:35 - [TEST_STEP][PASSED] - maximizeWindow(): Current window maximized

22-10-2025T10:41:35 - [MESSAGE][PASSED] - Current window maximized

22-10-2025T10:41:35 - [TEST_STEP][PASSED] - waitForElementVisible(findTestObject("TripFocus/Testing_Notification_btn"), 15, OPTIONAL): Web element with id: 'Object Repository/TripFocus/Testing_Notification_btn' located by '//*[@id="__BVID__10___BV_modal_footer_"]/button' not found

22-10-2025T10:41:51 - [MESSAGE][INFO] - Unable to find the element located by 'By.xpath: //*[@id="__BVID__10___BV_modal_footer_"]/button'. Please recheck the objects properties to make sure the desired element is located. 

22-10-2025T10:41:51 - [MESSAGE][WARNING] - [SELF-HEALING] Failed to find element with id 'Object Repository/TripFocus/Testing_Notification_btn'. Try using Self-healing.

22-10-2025T10:41:52 - [MESSAGE][INFO] - [SELF-HEALING] No working XPath is found.

22-10-2025T10:41:54 - [MESSAGE][INFO] - Unable to find the element located by 'By.xpath: '. Please recheck the objects properties to make sure the desired element is located. 

22-10-2025T10:41:54 - [MESSAGE][WARNING] - [SELF-HEALING] Cannot find elements when the selector is null

22-10-2025T10:41:54 - [MESSAGE][WARNING] - Web element with id: 'Object Repository/TripFocus/Testing_Notification_btn' located by '//*[@id="__BVID__10___BV_modal_footer_"]/button' not found

22-10-2025T10:41:54 - [TEST_STEP][PASSED] - if (verifyElementVisible(findTestObject("TripFocus/Testing_Notification_btn"), OPTIONAL) == true): Web element with id: 'Object Repository/TripFocus/Testing_Notification_btn' located by '//*[@id="__BVID__10___BV_modal_footer_"]/button' not found (Root cause: com.kms.katalon.core.exception.StepFailedException: Web element with id: 'Object Repository/TripFocus/Testing_Notification_btn' located by '//*[@id="__BVID__10___BV_modal_footer_"]/button' not found
	at com.kms.katalon.core.webui.keyword.internal.WebUIKeywordMain.stepFailed(WebUIKeywordMain.groovy:117)
	at com.kms.katalon.core.webui.keyword.builtin.VerifyElementVisibleKeyword$_verifyElementVisible_closure1.doCall(VerifyElementVisibleKeyword.groovy:89)
	at com.kms.katalon.core.webui.keyword.builtin.VerifyElementVisibleKeyword$_verifyElementVisible_closure1.call(VerifyElementVisibleKeyword.groovy)
	at com.kms.katalon.core.webui.keyword.internal.WebUIKeywordMain.runKeyword(WebUIKeywordMain.groovy:35)
	at com.kms.katalon.core.webui.keyword.builtin.VerifyElementVisibleKeyword.verifyElementVisible(VerifyElementVisibleKeyword.groovy:97)
	at com.kms.katalon.core.webui.keyword.builtin.VerifyElementVisibleKeyword.execute(VerifyElementVisibleKeyword.groovy:67)
	at com.kms.katalon.core.keyword.internal.KeywordExecutor.executeKeywordForPlatform(KeywordExecutor.groovy:74)
	at com.kms.katalon.core.webui.keyword.WebUiBuiltInKeywords.verifyElementVisible(WebUiBuiltInKeywords.groovy:401)
	at com.kms.katalon.core.webui.keyword.WebUiBuiltInKeywords$verifyElementVisible$5.call(Unknown Source)
	at SPG - Verify Order Delivered Notification.run(SPG - Verify Order Delivered Notification:37)
	at com.kms.katalon.core.main.ScriptEngine.run(ScriptEngine.java:194)
	at com.kms.katalon.core.main.ScriptEngine.runScriptAsRawText(ScriptEngine.java:119)
	at com.kms.katalon.core.main.TestCaseExecutor.runScript(TestCaseExecutor.java:448)
	at com.kms.katalon.core.main.TestCaseExecutor.doExecute(TestCaseExecutor.java:439)
	at com.kms.katalon.core.main.TestCaseExecutor.processExecutionPhase(TestCaseExecutor.java:418)
	at com.kms.katalon.core.main.TestCaseExecutor.accessMainPhase(TestCaseExecutor.java:410)
	at com.kms.katalon.core.main.TestCaseExecutor.execute(TestCaseExecutor.java:285)
	at com.kms.katalon.core.common.CommonExecutor.accessTestCaseMainPhase(CommonExecutor.java:65)
	at com.kms.katalon.core.main.TestSuiteExecutor.accessTestSuiteMainPhase(TestSuiteExecutor.java:150)
	at com.kms.katalon.core.main.TestSuiteExecutor.execute(TestSuiteExecutor.java:106)
	at com.kms.katalon.core.main.TestCaseMain.startTestSuite(TestCaseMain.java:180)
	at com.kms.katalon.core.main.TestCaseMain$startTestSuite$0.call(Unknown Source)
	at TempTestSuite1761139089875.run(TempTestSuite1761139089875.groovy:35)
	at java.base/jdk.internal.reflect.NativeMethodAccessorImpl.invoke0(Native Method)
	at java.base/jdk.internal.reflect.NativeMethodAccessorImpl.invoke(NativeMethodAccessorImpl.java:77)
	at java.base/jdk.internal.reflect.DelegatingMethodAccessorImpl.invoke(DelegatingMethodAccessorImpl.java:43)
)

22-10-2025T10:42:10 - [MESSAGE][INFO] - Unable to find the element located by 'By.xpath: //*[@id="__BVID__10___BV_modal_footer_"]/button'. Please recheck the objects properties to make sure the desired element is located. 

22-10-2025T10:42:10 - [MESSAGE][WARNING] - [SELF-HEALING] Failed to find element with id 'Object Repository/TripFocus/Testing_Notification_btn'. Try using Self-healing.

22-10-2025T10:42:11 - [MESSAGE][INFO] - [SELF-HEALING] No working XPath is found.

22-10-2025T10:42:13 - [MESSAGE][INFO] - Unable to find the element located by 'By.xpath: '. Please recheck the objects properties to make sure the desired element is located. 

22-10-2025T10:42:13 - [MESSAGE][WARNING] - [SELF-HEALING] Cannot find elements when the selector is null

22-10-2025T10:42:13 - [MESSAGE][WARNING] - Web element with id: 'Object Repository/TripFocus/Testing_Notification_btn' located by '//*[@id="__BVID__10___BV_modal_footer_"]/button' not found (Root cause: com.kms.katalon.core.exception.StepFailedException: Web element with id: 'Object Repository/TripFocus/Testing_Notification_btn' located by '//*[@id="__BVID__10___BV_modal_footer_"]/button' not found
	at com.kms.katalon.core.webui.keyword.internal.WebUIKeywordMain.stepFailed(WebUIKeywordMain.groovy:117)
	at com.kms.katalon.core.webui.keyword.builtin.VerifyElementVisibleKeyword$_verifyElementVisible_closure1.doCall(VerifyElementVisibleKeyword.groovy:89)
	at com.kms.katalon.core.webui.keyword.builtin.VerifyElementVisibleKeyword$_verifyElementVisible_closure1.call(VerifyElementVisibleKeyword.groovy)
	at com.kms.katalon.core.webui.keyword.internal.WebUIKeywordMain.runKeyword(WebUIKeywordMain.groovy:35)
	at com.kms.katalon.core.webui.keyword.builtin.VerifyElementVisibleKeyword.verifyElementVisible(VerifyElementVisibleKeyword.groovy:97)
	at com.kms.katalon.core.webui.keyword.builtin.VerifyElementVisibleKeyword.execute(VerifyElementVisibleKeyword.groovy:67)
	at com.kms.katalon.core.keyword.internal.KeywordExecutor.executeKeywordForPlatform(KeywordExecutor.groovy:74)
	at com.kms.katalon.core.webui.keyword.WebUiBuiltInKeywords.verifyElementVisible(WebUiBuiltInKeywords.groovy:401)
	at com.kms.katalon.core.webui.keyword.WebUiBuiltInKeywords$verifyElementVisible$5.call(Unknown Source)
	at SPG - Verify Order Delivered Notification.run(SPG - Verify Order Delivered Notification:37)
	at com.kms.katalon.core.main.ScriptEngine.run(ScriptEngine.java:194)
	at com.kms.katalon.core.main.ScriptEngine.runScriptAsRawText(ScriptEngine.java:119)
	at com.kms.katalon.core.main.TestCaseExecutor.runScript(TestCaseExecutor.java:448)
	at com.kms.katalon.core.main.TestCaseExecutor.doExecute(TestCaseExecutor.java:439)
	at com.kms.katalon.core.main.TestCaseExecutor.processExecutionPhase(TestCaseExecutor.java:418)
	at com.kms.katalon.core.main.TestCaseExecutor.accessMainPhase(TestCaseExecutor.java:410)
	at com.kms.katalon.core.main.TestCaseExecutor.execute(TestCaseExecutor.java:285)
	at com.kms.katalon.core.common.CommonExecutor.accessTestCaseMainPhase(CommonExecutor.java:65)
	at com.kms.katalon.core.main.TestSuiteExecutor.accessTestSuiteMainPhase(TestSuiteExecutor.java:150)
	at com.kms.katalon.core.main.TestSuiteExecutor.execute(TestSuiteExecutor.java:106)
	at com.kms.katalon.core.main.TestCaseMain.startTestSuite(TestCaseMain.java:180)
	at com.kms.katalon.core.main.TestCaseMain$startTestSuite$0.call(Unknown Source)
	at TempTestSuite1761139089875.run(TempTestSuite1761139089875.groovy:35)
	at java.base/jdk.internal.reflect.NativeMethodAccessorImpl.invoke0(Native Method)
	at java.base/jdk.internal.reflect.NativeMethodAccessorImpl.invoke(NativeMethodAccessorImpl.java:77)
	at java.base/jdk.internal.reflect.DelegatingMethodAccessorImpl.invoke(DelegatingMethodAccessorImpl.java:43)
)

22-10-2025T10:42:13 - [TEST_STEP][PASSED] - click(findTestObject("TripFocus/Notifications/Notifications Tab")): Object: 'Object Repository/TripFocus/Notifications/Notifications Tab' is clicked on

22-10-2025T10:42:13 - [MESSAGE][PASSED] - Object: 'Object Repository/TripFocus/Notifications/Notifications Tab' is clicked on

22-10-2025T10:42:13 - [TEST_STEP][PASSED] - delay(5): Delayed 5 second(s)

22-10-2025T10:42:18 - [MESSAGE][PASSED] - Delayed 5 second(s)

22-10-2025T10:42:18 - [TEST_STEP][PASSED] - click(findTestObject("Object Repository/TripFocus/Page_TripFocus/button_Add New Notification")): Object: 'Object Repository/TripFocus/Page_TripFocus/button_Add New Notification' is clicked on

22-10-2025T10:42:18 - [MESSAGE][PASSED] - Object: 'Object Repository/TripFocus/Page_TripFocus/button_Add New Notification' is clicked on

22-10-2025T10:42:18 - [TEST_STEP][PASSED] - delay(5): Delayed 5 second(s)

22-10-2025T10:42:23 - [MESSAGE][PASSED] - Delayed 5 second(s)

22-10-2025T10:42:23 - [TEST_STEP][PASSED] - sendKeys(findTestObject("TripFocus/Notifications/Notification Events_txt"), "Order Delivered"): Keys 'Order Delivered' sent to object: 'Object Repository/TripFocus/Notifications/Notification Events_txt'

22-10-2025T10:42:23 - [MESSAGE][PASSED] - Keys 'Order Delivered' sent to object: 'Object Repository/TripFocus/Notifications/Notification Events_txt'

22-10-2025T10:42:23 - [TEST_STEP][PASSED] - delay(2): Delayed 2 second(s)

22-10-2025T10:42:25 - [MESSAGE][PASSED] - Delayed 2 second(s)

22-10-2025T10:42:25 - [TEST_STEP][PASSED] - sendKeys(findTestObject("TripFocus/Notifications/Notification Events_txt"), Keys.chord(ENTER)): Keys 'ENTER + ' sent to object: 'Object Repository/TripFocus/Notifications/Notification Events_txt'

22-10-2025T10:42:25 - [MESSAGE][PASSED] - Keys 'ENTER + ' sent to object: 'Object Repository/TripFocus/Notifications/Notification Events_txt'

22-10-2025T10:42:25 - [TEST_STEP][PASSED] - delay(2): Delayed 2 second(s)

22-10-2025T10:42:27 - [MESSAGE][PASSED] - Delayed 2 second(s)

22-10-2025T10:42:27 - [TEST_STEP][PASSED] - click(findTestObject("TripFocus/Page_TripFocus/textarea_Send To_txtSendTo")): Object: 'Object Repository/TripFocus/Page_TripFocus/textarea_Send To_txtSendTo' is clicked on

22-10-2025T10:42:27 - [MESSAGE][PASSED] - Object: 'Object Repository/TripFocus/Page_TripFocus/textarea_Send To_txtSendTo' is clicked on

22-10-2025T10:42:27 - [TEST_STEP][PASSED] - delay(2): Delayed 2 second(s)

22-10-2025T10:42:29 - [MESSAGE][PASSED] - Delayed 2 second(s)

22-10-2025T10:42:29 - [TEST_STEP][PASSED] - verifyElementText(findTestObject("TripFocus/Notifications/Selected Notification_option"), "Order Delivered (details pending)"): Actual text and expected text of test object 'Object Repository/TripFocus/Notifications/Selected Notification_option' are matched.

22-10-2025T10:42:29 - [MESSAGE][PASSED] - Actual text and expected text of test object 'Object Repository/TripFocus/Notifications/Selected Notification_option' are matched.

22-10-2025T10:42:29 - [TEST_STEP][PASSED] - Start listener action : retryOnDisconnect: null

22-10-2025T10:42:29 - [TEST_STEP][PASSED] - tcId = testCaseContext.getTestCaseId(): null

22-10-2025T10:42:29 - [TEST_STEP][PASSED] - currentRetry = retryCounts.getOrDefault(tcId, 0): null

22-10-2025T10:42:29 - [TEST_STEP][PASSED] - if (testCaseContext.getTestCaseStatus() == "FAILED" && currentRetry < MAX_RETRIES): null]]></system-out>
         <system-err><![CDATA[]]></system-err>
      </testcase>
      <testcase name="Test Cases/TripFocus/SPG/SPG - Notification/SPG - Verify Order Dispatched Notification" time="57.645" classname="Test Cases/TripFocus/SPG/SPG - Notification/SPG - Verify Order Dispatched Notification" status="PASSED">
         <system-out><![CDATA[22-10-2025T10:42:29 - [TEST_CASE][PASSED] - Test Cases/TripFocus/SPG/SPG - Notification/SPG - Verify Order Dispatched Notification: Test Cases/TripFocus/SPG/SPG - Notification/SPG - Verify Order Dispatched Notification

22-10-2025T10:42:29 - [TEST_STEP][PASSED] - Start listener action : beforeTestCase: null

22-10-2025T10:42:29 - [TEST_STEP][PASSED] - addDefaultPackages(): null

22-10-2025T10:42:30 - [TEST_STEP][PASSED] - openBrowser(""): Browser is opened with url: ''

22-10-2025T10:42:30 - [MESSAGE][WARNING] - A browser is already opened. Closing browser and opening a new one

22-10-2025T10:42:30 - [MESSAGE][INFO] - Starting 'Chrome' driver

22-10-2025T10:42:30 - [MESSAGE][INFO] - User set preference: ['args', '[--no-sandbox, --disable-gpu, --disable-dev-shm-usage]']

22-10-2025T10:42:30 - [MESSAGE][INFO] - Action delay is set to 0 milliseconds

22-10-2025T10:42:31 - [MESSAGE][PASSED] - Browser is opened with url: ''

22-10-2025T10:42:31 - [TEST_STEP][PASSED] - navigateToUrl(TFBaseURL): Navigate to 'https://www.qa.tripfocus.com' successfully

22-10-2025T10:42:31 - [MESSAGE][PASSED] - Navigate to 'https://www.qa.tripfocus.com' successfully

22-10-2025T10:42:31 - [TEST_STEP][PASSED] - click(findTestObject("Object Repository/TripFocus/Page_TripFocus/button_Sign in")): Object: 'Object Repository/TripFocus/Page_TripFocus/button_Sign in' is clicked on

22-10-2025T10:42:31 - [MESSAGE][PASSED] - Object: 'Object Repository/TripFocus/Page_TripFocus/button_Sign in' is clicked on

22-10-2025T10:42:31 - [TEST_STEP][PASSED] - setText(findTestObject("TripFocus/Username_txt"), TripFocusBleachTechSPGUsername): Text 'Ashford.Chenault+BleachtechCustomerSPGONLY@thekag.com' is set on object 'Object Repository/TripFocus/Username_txt'

22-10-2025T10:42:32 - [MESSAGE][PASSED] - Text 'Ashford.Chenault+BleachtechCustomerSPGONLY@thekag.com' is set on object 'Object Repository/TripFocus/Username_txt'

22-10-2025T10:42:32 - [TEST_STEP][PASSED] - setText(findTestObject("TripFocus/Password_txt"), TripFocusFDGSPGPassword): Text 'CrashBan911!!' is set on object 'Object Repository/TripFocus/Password_txt'

22-10-2025T10:42:32 - [MESSAGE][PASSED] - Text 'CrashBan911!!' is set on object 'Object Repository/TripFocus/Password_txt'

22-10-2025T10:42:32 - [TEST_STEP][PASSED] - click(findTestObject("Object Repository/TripFocus/Page_TripFocus/button_Login")): Object: 'Object Repository/TripFocus/Page_TripFocus/button_Login' is clicked on

22-10-2025T10:42:32 - [MESSAGE][PASSED] - Object: 'Object Repository/TripFocus/Page_TripFocus/button_Login' is clicked on

22-10-2025T10:42:32 - [TEST_STEP][PASSED] - maximizeWindow(): Current window maximized

22-10-2025T10:42:32 - [MESSAGE][PASSED] - Current window maximized

22-10-2025T10:42:32 - [TEST_STEP][PASSED] - waitForElementVisible(findTestObject("TripFocus/Testing_Notification_btn"), 15, OPTIONAL): Web element with id: 'Object Repository/TripFocus/Testing_Notification_btn' located by '//*[@id="__BVID__10___BV_modal_footer_"]/button' not found

22-10-2025T10:42:48 - [MESSAGE][INFO] - Unable to find the element located by 'By.xpath: //*[@id="__BVID__10___BV_modal_footer_"]/button'. Please recheck the objects properties to make sure the desired element is located. 

22-10-2025T10:42:48 - [MESSAGE][WARNING] - [SELF-HEALING] Failed to find element with id 'Object Repository/TripFocus/Testing_Notification_btn'. Try using Self-healing.

22-10-2025T10:42:49 - [MESSAGE][INFO] - [SELF-HEALING] No working XPath is found.

22-10-2025T10:42:52 - [MESSAGE][INFO] - Unable to find the element located by 'By.xpath: '. Please recheck the objects properties to make sure the desired element is located. 

22-10-2025T10:42:52 - [MESSAGE][WARNING] - [SELF-HEALING] Cannot find elements when the selector is null

22-10-2025T10:42:52 - [MESSAGE][WARNING] - Web element with id: 'Object Repository/TripFocus/Testing_Notification_btn' located by '//*[@id="__BVID__10___BV_modal_footer_"]/button' not found

22-10-2025T10:42:52 - [TEST_STEP][PASSED] - if (verifyElementVisible(findTestObject("TripFocus/Testing_Notification_btn"), OPTIONAL) == true): Web element with id: 'Object Repository/TripFocus/Testing_Notification_btn' located by '//*[@id="__BVID__10___BV_modal_footer_"]/button' not found (Root cause: com.kms.katalon.core.exception.StepFailedException: Web element with id: 'Object Repository/TripFocus/Testing_Notification_btn' located by '//*[@id="__BVID__10___BV_modal_footer_"]/button' not found
	at com.kms.katalon.core.webui.keyword.internal.WebUIKeywordMain.stepFailed(WebUIKeywordMain.groovy:117)
	at com.kms.katalon.core.webui.keyword.builtin.VerifyElementVisibleKeyword$_verifyElementVisible_closure1.doCall(VerifyElementVisibleKeyword.groovy:89)
	at com.kms.katalon.core.webui.keyword.builtin.VerifyElementVisibleKeyword$_verifyElementVisible_closure1.call(VerifyElementVisibleKeyword.groovy)
	at com.kms.katalon.core.webui.keyword.internal.WebUIKeywordMain.runKeyword(WebUIKeywordMain.groovy:35)
	at com.kms.katalon.core.webui.keyword.builtin.VerifyElementVisibleKeyword.verifyElementVisible(VerifyElementVisibleKeyword.groovy:97)
	at com.kms.katalon.core.webui.keyword.builtin.VerifyElementVisibleKeyword.execute(VerifyElementVisibleKeyword.groovy:67)
	at com.kms.katalon.core.keyword.internal.KeywordExecutor.executeKeywordForPlatform(KeywordExecutor.groovy:74)
	at com.kms.katalon.core.webui.keyword.WebUiBuiltInKeywords.verifyElementVisible(WebUiBuiltInKeywords.groovy:401)
	at com.kms.katalon.core.webui.keyword.WebUiBuiltInKeywords$verifyElementVisible$5.call(Unknown Source)
	at SPG - Verify Order Dispatched Notification.run(SPG - Verify Order Dispatched Notification:37)
	at com.kms.katalon.core.main.ScriptEngine.run(ScriptEngine.java:194)
	at com.kms.katalon.core.main.ScriptEngine.runScriptAsRawText(ScriptEngine.java:119)
	at com.kms.katalon.core.main.TestCaseExecutor.runScript(TestCaseExecutor.java:448)
	at com.kms.katalon.core.main.TestCaseExecutor.doExecute(TestCaseExecutor.java:439)
	at com.kms.katalon.core.main.TestCaseExecutor.processExecutionPhase(TestCaseExecutor.java:418)
	at com.kms.katalon.core.main.TestCaseExecutor.accessMainPhase(TestCaseExecutor.java:410)
	at com.kms.katalon.core.main.TestCaseExecutor.execute(TestCaseExecutor.java:285)
	at com.kms.katalon.core.common.CommonExecutor.accessTestCaseMainPhase(CommonExecutor.java:65)
	at com.kms.katalon.core.main.TestSuiteExecutor.accessTestSuiteMainPhase(TestSuiteExecutor.java:150)
	at com.kms.katalon.core.main.TestSuiteExecutor.execute(TestSuiteExecutor.java:106)
	at com.kms.katalon.core.main.TestCaseMain.startTestSuite(TestCaseMain.java:180)
	at com.kms.katalon.core.main.TestCaseMain$startTestSuite$0.call(Unknown Source)
	at TempTestSuite1761139089875.run(TempTestSuite1761139089875.groovy:35)
	at java.base/jdk.internal.reflect.NativeMethodAccessorImpl.invoke0(Native Method)
	at java.base/jdk.internal.reflect.NativeMethodAccessorImpl.invoke(NativeMethodAccessorImpl.java:77)
	at java.base/jdk.internal.reflect.DelegatingMethodAccessorImpl.invoke(DelegatingMethodAccessorImpl.java:43)
)

22-10-2025T10:43:08 - [MESSAGE][INFO] - Unable to find the element located by 'By.xpath: //*[@id="__BVID__10___BV_modal_footer_"]/button'. Please recheck the objects properties to make sure the desired element is located. 

22-10-2025T10:43:08 - [MESSAGE][WARNING] - [SELF-HEALING] Failed to find element with id 'Object Repository/TripFocus/Testing_Notification_btn'. Try using Self-healing.

22-10-2025T10:43:09 - [MESSAGE][INFO] - [SELF-HEALING] No working XPath is found.

22-10-2025T10:43:11 - [MESSAGE][INFO] - Unable to find the element located by 'By.xpath: '. Please recheck the objects properties to make sure the desired element is located. 

22-10-2025T10:43:11 - [MESSAGE][WARNING] - [SELF-HEALING] Cannot find elements when the selector is null

22-10-2025T10:43:11 - [MESSAGE][WARNING] - Web element with id: 'Object Repository/TripFocus/Testing_Notification_btn' located by '//*[@id="__BVID__10___BV_modal_footer_"]/button' not found (Root cause: com.kms.katalon.core.exception.StepFailedException: Web element with id: 'Object Repository/TripFocus/Testing_Notification_btn' located by '//*[@id="__BVID__10___BV_modal_footer_"]/button' not found
	at com.kms.katalon.core.webui.keyword.internal.WebUIKeywordMain.stepFailed(WebUIKeywordMain.groovy:117)
	at com.kms.katalon.core.webui.keyword.builtin.VerifyElementVisibleKeyword$_verifyElementVisible_closure1.doCall(VerifyElementVisibleKeyword.groovy:89)
	at com.kms.katalon.core.webui.keyword.builtin.VerifyElementVisibleKeyword$_verifyElementVisible_closure1.call(VerifyElementVisibleKeyword.groovy)
	at com.kms.katalon.core.webui.keyword.internal.WebUIKeywordMain.runKeyword(WebUIKeywordMain.groovy:35)
	at com.kms.katalon.core.webui.keyword.builtin.VerifyElementVisibleKeyword.verifyElementVisible(VerifyElementVisibleKeyword.groovy:97)
	at com.kms.katalon.core.webui.keyword.builtin.VerifyElementVisibleKeyword.execute(VerifyElementVisibleKeyword.groovy:67)
	at com.kms.katalon.core.keyword.internal.KeywordExecutor.executeKeywordForPlatform(KeywordExecutor.groovy:74)
	at com.kms.katalon.core.webui.keyword.WebUiBuiltInKeywords.verifyElementVisible(WebUiBuiltInKeywords.groovy:401)
	at com.kms.katalon.core.webui.keyword.WebUiBuiltInKeywords$verifyElementVisible$5.call(Unknown Source)
	at SPG - Verify Order Dispatched Notification.run(SPG - Verify Order Dispatched Notification:37)
	at com.kms.katalon.core.main.ScriptEngine.run(ScriptEngine.java:194)
	at com.kms.katalon.core.main.ScriptEngine.runScriptAsRawText(ScriptEngine.java:119)
	at com.kms.katalon.core.main.TestCaseExecutor.runScript(TestCaseExecutor.java:448)
	at com.kms.katalon.core.main.TestCaseExecutor.doExecute(TestCaseExecutor.java:439)
	at com.kms.katalon.core.main.TestCaseExecutor.processExecutionPhase(TestCaseExecutor.java:418)
	at com.kms.katalon.core.main.TestCaseExecutor.accessMainPhase(TestCaseExecutor.java:410)
	at com.kms.katalon.core.main.TestCaseExecutor.execute(TestCaseExecutor.java:285)
	at com.kms.katalon.core.common.CommonExecutor.accessTestCaseMainPhase(CommonExecutor.java:65)
	at com.kms.katalon.core.main.TestSuiteExecutor.accessTestSuiteMainPhase(TestSuiteExecutor.java:150)
	at com.kms.katalon.core.main.TestSuiteExecutor.execute(TestSuiteExecutor.java:106)
	at com.kms.katalon.core.main.TestCaseMain.startTestSuite(TestCaseMain.java:180)
	at com.kms.katalon.core.main.TestCaseMain$startTestSuite$0.call(Unknown Source)
	at TempTestSuite1761139089875.run(TempTestSuite1761139089875.groovy:35)
	at java.base/jdk.internal.reflect.NativeMethodAccessorImpl.invoke0(Native Method)
	at java.base/jdk.internal.reflect.NativeMethodAccessorImpl.invoke(NativeMethodAccessorImpl.java:77)
	at java.base/jdk.internal.reflect.DelegatingMethodAccessorImpl.invoke(DelegatingMethodAccessorImpl.java:43)
)

22-10-2025T10:43:11 - [TEST_STEP][PASSED] - click(findTestObject("TripFocus/Notifications/Notifications Tab")): Object: 'Object Repository/TripFocus/Notifications/Notifications Tab' is clicked on

22-10-2025T10:43:11 - [MESSAGE][PASSED] - Object: 'Object Repository/TripFocus/Notifications/Notifications Tab' is clicked on

22-10-2025T10:43:11 - [TEST_STEP][PASSED] - delay(5): Delayed 5 second(s)

22-10-2025T10:43:16 - [MESSAGE][PASSED] - Delayed 5 second(s)

22-10-2025T10:43:16 - [TEST_STEP][PASSED] - click(findTestObject("Object Repository/TripFocus/Page_TripFocus/button_Add New Notification")): Object: 'Object Repository/TripFocus/Page_TripFocus/button_Add New Notification' is clicked on

22-10-2025T10:43:16 - [MESSAGE][PASSED] - Object: 'Object Repository/TripFocus/Page_TripFocus/button_Add New Notification' is clicked on

22-10-2025T10:43:16 - [TEST_STEP][PASSED] - delay(5): Delayed 5 second(s)

22-10-2025T10:43:21 - [MESSAGE][PASSED] - Delayed 5 second(s)

22-10-2025T10:43:21 - [TEST_STEP][PASSED] - sendKeys(findTestObject("TripFocus/Notifications/Notification Events_txt"), "Order Dispatched"): Keys 'Order Dispatched' sent to object: 'Object Repository/TripFocus/Notifications/Notification Events_txt'

22-10-2025T10:43:21 - [MESSAGE][PASSED] - Keys 'Order Dispatched' sent to object: 'Object Repository/TripFocus/Notifications/Notification Events_txt'

22-10-2025T10:43:21 - [TEST_STEP][PASSED] - delay(2): Delayed 2 second(s)

22-10-2025T10:43:23 - [MESSAGE][PASSED] - Delayed 2 second(s)

22-10-2025T10:43:23 - [TEST_STEP][PASSED] - sendKeys(findTestObject("TripFocus/Notifications/Notification Events_txt"), Keys.chord(ENTER)): Keys 'ENTER + ' sent to object: 'Object Repository/TripFocus/Notifications/Notification Events_txt'

22-10-2025T10:43:23 - [MESSAGE][PASSED] - Keys 'ENTER + ' sent to object: 'Object Repository/TripFocus/Notifications/Notification Events_txt'

22-10-2025T10:43:23 - [TEST_STEP][PASSED] - delay(2): Delayed 2 second(s)

22-10-2025T10:43:25 - [MESSAGE][PASSED] - Delayed 2 second(s)

22-10-2025T10:43:25 - [TEST_STEP][PASSED] - click(findTestObject("TripFocus/Page_TripFocus/textarea_Send To_txtSendTo")): Object: 'Object Repository/TripFocus/Page_TripFocus/textarea_Send To_txtSendTo' is clicked on

22-10-2025T10:43:25 - [MESSAGE][PASSED] - Object: 'Object Repository/TripFocus/Page_TripFocus/textarea_Send To_txtSendTo' is clicked on

22-10-2025T10:43:25 - [TEST_STEP][PASSED] - delay(2): Delayed 2 second(s)

22-10-2025T10:43:27 - [MESSAGE][PASSED] - Delayed 2 second(s)

22-10-2025T10:43:27 - [TEST_STEP][PASSED] - verifyElementText(findTestObject("TripFocus/Notifications/Selected Notification_option"), "Order Dispatched"): Actual text and expected text of test object 'Object Repository/TripFocus/Notifications/Selected Notification_option' are matched.

22-10-2025T10:43:27 - [MESSAGE][PASSED] - Actual text and expected text of test object 'Object Repository/TripFocus/Notifications/Selected Notification_option' are matched.

22-10-2025T10:43:27 - [TEST_STEP][PASSED] - Start listener action : retryOnDisconnect: null

22-10-2025T10:43:27 - [TEST_STEP][PASSED] - tcId = testCaseContext.getTestCaseId(): null

22-10-2025T10:43:27 - [TEST_STEP][PASSED] - currentRetry = retryCounts.getOrDefault(tcId, 0): null

22-10-2025T10:43:27 - [TEST_STEP][PASSED] - if (testCaseContext.getTestCaseStatus() == "FAILED" && currentRetry < MAX_RETRIES): null]]></system-out>
         <system-err><![CDATA[]]></system-err>
      </testcase>
      <testcase name="Test Cases/TripFocus/SPG/SPG - Notification/SPG - Verify Order Invoice Available Notification" time="57.503" classname="Test Cases/TripFocus/SPG/SPG - Notification/SPG - Verify Order Invoice Available Notification" status="PASSED">
         <system-out><![CDATA[22-10-2025T10:43:27 - [TEST_CASE][PASSED] - Test Cases/TripFocus/SPG/SPG - Notification/SPG - Verify Order Invoice Available Notification: Test Cases/TripFocus/SPG/SPG - Notification/SPG - Verify Order Invoice Available Notification

22-10-2025T10:43:27 - [TEST_STEP][PASSED] - Start listener action : beforeTestCase: null

22-10-2025T10:43:27 - [TEST_STEP][PASSED] - addDefaultPackages(): null

22-10-2025T10:43:27 - [TEST_STEP][PASSED] - openBrowser(""): Browser is opened with url: ''

22-10-2025T10:43:27 - [MESSAGE][WARNING] - A browser is already opened. Closing browser and opening a new one

22-10-2025T10:43:27 - [MESSAGE][INFO] - Starting 'Chrome' driver

22-10-2025T10:43:27 - [MESSAGE][INFO] - User set preference: ['args', '[--no-sandbox, --disable-gpu, --disable-dev-shm-usage]']

22-10-2025T10:43:27 - [MESSAGE][INFO] - Action delay is set to 0 milliseconds

22-10-2025T10:43:28 - [MESSAGE][PASSED] - Browser is opened with url: ''

22-10-2025T10:43:28 - [TEST_STEP][PASSED] - navigateToUrl(TFBaseURL): Navigate to 'https://www.qa.tripfocus.com' successfully

22-10-2025T10:43:29 - [MESSAGE][PASSED] - Navigate to 'https://www.qa.tripfocus.com' successfully

22-10-2025T10:43:29 - [TEST_STEP][PASSED] - click(findTestObject("Object Repository/TripFocus/Page_TripFocus/button_Sign in")): Object: 'Object Repository/TripFocus/Page_TripFocus/button_Sign in' is clicked on

22-10-2025T10:43:29 - [MESSAGE][PASSED] - Object: 'Object Repository/TripFocus/Page_TripFocus/button_Sign in' is clicked on

22-10-2025T10:43:29 - [TEST_STEP][PASSED] - setText(findTestObject("TripFocus/Username_txt"), TripFocusBleachTechSPGUsername): Text 'Ashford.Chenault+BleachtechCustomerSPGONLY@thekag.com' is set on object 'Object Repository/TripFocus/Username_txt'

22-10-2025T10:43:29 - [MESSAGE][PASSED] - Text 'Ashford.Chenault+BleachtechCustomerSPGONLY@thekag.com' is set on object 'Object Repository/TripFocus/Username_txt'

22-10-2025T10:43:29 - [TEST_STEP][PASSED] - setText(findTestObject("TripFocus/Password_txt"), TripFocusFDGSPGPassword): Text 'CrashBan911!!' is set on object 'Object Repository/TripFocus/Password_txt'

22-10-2025T10:43:29 - [MESSAGE][PASSED] - Text 'CrashBan911!!' is set on object 'Object Repository/TripFocus/Password_txt'

22-10-2025T10:43:29 - [TEST_STEP][PASSED] - click(findTestObject("Object Repository/TripFocus/Page_TripFocus/button_Login")): Object: 'Object Repository/TripFocus/Page_TripFocus/button_Login' is clicked on

22-10-2025T10:43:29 - [MESSAGE][PASSED] - Object: 'Object Repository/TripFocus/Page_TripFocus/button_Login' is clicked on

22-10-2025T10:43:29 - [TEST_STEP][PASSED] - maximizeWindow(): Current window maximized

22-10-2025T10:43:30 - [MESSAGE][PASSED] - Current window maximized

22-10-2025T10:43:30 - [TEST_STEP][PASSED] - waitForElementVisible(findTestObject("TripFocus/Testing_Notification_btn"), 15, OPTIONAL): Web element with id: 'Object Repository/TripFocus/Testing_Notification_btn' located by '//*[@id="__BVID__10___BV_modal_footer_"]/button' not found

22-10-2025T10:43:46 - [MESSAGE][INFO] - Unable to find the element located by 'By.xpath: //*[@id="__BVID__10___BV_modal_footer_"]/button'. Please recheck the objects properties to make sure the desired element is located. 

22-10-2025T10:43:46 - [MESSAGE][WARNING] - [SELF-HEALING] Failed to find element with id 'Object Repository/TripFocus/Testing_Notification_btn'. Try using Self-healing.

22-10-2025T10:43:47 - [MESSAGE][INFO] - [SELF-HEALING] No working XPath is found.

22-10-2025T10:43:49 - [MESSAGE][INFO] - Unable to find the element located by 'By.xpath: '. Please recheck the objects properties to make sure the desired element is located. 

22-10-2025T10:43:49 - [MESSAGE][WARNING] - [SELF-HEALING] Cannot find elements when the selector is null

22-10-2025T10:43:49 - [MESSAGE][WARNING] - Web element with id: 'Object Repository/TripFocus/Testing_Notification_btn' located by '//*[@id="__BVID__10___BV_modal_footer_"]/button' not found

22-10-2025T10:43:49 - [TEST_STEP][PASSED] - if (verifyElementVisible(findTestObject("TripFocus/Testing_Notification_btn"), OPTIONAL) == true): Web element with id: 'Object Repository/TripFocus/Testing_Notification_btn' located by '//*[@id="__BVID__10___BV_modal_footer_"]/button' not found (Root cause: com.kms.katalon.core.exception.StepFailedException: Web element with id: 'Object Repository/TripFocus/Testing_Notification_btn' located by '//*[@id="__BVID__10___BV_modal_footer_"]/button' not found
	at com.kms.katalon.core.webui.keyword.internal.WebUIKeywordMain.stepFailed(WebUIKeywordMain.groovy:117)
	at com.kms.katalon.core.webui.keyword.builtin.VerifyElementVisibleKeyword$_verifyElementVisible_closure1.doCall(VerifyElementVisibleKeyword.groovy:89)
	at com.kms.katalon.core.webui.keyword.builtin.VerifyElementVisibleKeyword$_verifyElementVisible_closure1.call(VerifyElementVisibleKeyword.groovy)
	at com.kms.katalon.core.webui.keyword.internal.WebUIKeywordMain.runKeyword(WebUIKeywordMain.groovy:35)
	at com.kms.katalon.core.webui.keyword.builtin.VerifyElementVisibleKeyword.verifyElementVisible(VerifyElementVisibleKeyword.groovy:97)
	at com.kms.katalon.core.webui.keyword.builtin.VerifyElementVisibleKeyword.execute(VerifyElementVisibleKeyword.groovy:67)
	at com.kms.katalon.core.keyword.internal.KeywordExecutor.executeKeywordForPlatform(KeywordExecutor.groovy:74)
	at com.kms.katalon.core.webui.keyword.WebUiBuiltInKeywords.verifyElementVisible(WebUiBuiltInKeywords.groovy:401)
	at com.kms.katalon.core.webui.keyword.WebUiBuiltInKeywords$verifyElementVisible$5.call(Unknown Source)
	at SPG - Verify Order Invoice Available Notification.run(SPG - Verify Order Invoice Available Notification:37)
	at com.kms.katalon.core.main.ScriptEngine.run(ScriptEngine.java:194)
	at com.kms.katalon.core.main.ScriptEngine.runScriptAsRawText(ScriptEngine.java:119)
	at com.kms.katalon.core.main.TestCaseExecutor.runScript(TestCaseExecutor.java:448)
	at com.kms.katalon.core.main.TestCaseExecutor.doExecute(TestCaseExecutor.java:439)
	at com.kms.katalon.core.main.TestCaseExecutor.processExecutionPhase(TestCaseExecutor.java:418)
	at com.kms.katalon.core.main.TestCaseExecutor.accessMainPhase(TestCaseExecutor.java:410)
	at com.kms.katalon.core.main.TestCaseExecutor.execute(TestCaseExecutor.java:285)
	at com.kms.katalon.core.common.CommonExecutor.accessTestCaseMainPhase(CommonExecutor.java:65)
	at com.kms.katalon.core.main.TestSuiteExecutor.accessTestSuiteMainPhase(TestSuiteExecutor.java:150)
	at com.kms.katalon.core.main.TestSuiteExecutor.execute(TestSuiteExecutor.java:106)
	at com.kms.katalon.core.main.TestCaseMain.startTestSuite(TestCaseMain.java:180)
	at com.kms.katalon.core.main.TestCaseMain$startTestSuite$0.call(Unknown Source)
	at TempTestSuite1761139089875.run(TempTestSuite1761139089875.groovy:35)
	at java.base/jdk.internal.reflect.NativeMethodAccessorImpl.invoke0(Native Method)
	at java.base/jdk.internal.reflect.NativeMethodAccessorImpl.invoke(NativeMethodAccessorImpl.java:77)
	at java.base/jdk.internal.reflect.DelegatingMethodAccessorImpl.invoke(DelegatingMethodAccessorImpl.java:43)
)

22-10-2025T10:44:05 - [MESSAGE][INFO] - Unable to find the element located by 'By.xpath: //*[@id="__BVID__10___BV_modal_footer_"]/button'. Please recheck the objects properties to make sure the desired element is located. 

22-10-2025T10:44:05 - [MESSAGE][WARNING] - [SELF-HEALING] Failed to find element with id 'Object Repository/TripFocus/Testing_Notification_btn'. Try using Self-healing.

22-10-2025T10:44:06 - [MESSAGE][INFO] - [SELF-HEALING] No working XPath is found.

22-10-2025T10:44:08 - [MESSAGE][INFO] - Unable to find the element located by 'By.xpath: '. Please recheck the objects properties to make sure the desired element is located. 

22-10-2025T10:44:08 - [MESSAGE][WARNING] - [SELF-HEALING] Cannot find elements when the selector is null

22-10-2025T10:44:08 - [MESSAGE][WARNING] - Web element with id: 'Object Repository/TripFocus/Testing_Notification_btn' located by '//*[@id="__BVID__10___BV_modal_footer_"]/button' not found (Root cause: com.kms.katalon.core.exception.StepFailedException: Web element with id: 'Object Repository/TripFocus/Testing_Notification_btn' located by '//*[@id="__BVID__10___BV_modal_footer_"]/button' not found
	at com.kms.katalon.core.webui.keyword.internal.WebUIKeywordMain.stepFailed(WebUIKeywordMain.groovy:117)
	at com.kms.katalon.core.webui.keyword.builtin.VerifyElementVisibleKeyword$_verifyElementVisible_closure1.doCall(VerifyElementVisibleKeyword.groovy:89)
	at com.kms.katalon.core.webui.keyword.builtin.VerifyElementVisibleKeyword$_verifyElementVisible_closure1.call(VerifyElementVisibleKeyword.groovy)
	at com.kms.katalon.core.webui.keyword.internal.WebUIKeywordMain.runKeyword(WebUIKeywordMain.groovy:35)
	at com.kms.katalon.core.webui.keyword.builtin.VerifyElementVisibleKeyword.verifyElementVisible(VerifyElementVisibleKeyword.groovy:97)
	at com.kms.katalon.core.webui.keyword.builtin.VerifyElementVisibleKeyword.execute(VerifyElementVisibleKeyword.groovy:67)
	at com.kms.katalon.core.keyword.internal.KeywordExecutor.executeKeywordForPlatform(KeywordExecutor.groovy:74)
	at com.kms.katalon.core.webui.keyword.WebUiBuiltInKeywords.verifyElementVisible(WebUiBuiltInKeywords.groovy:401)
	at com.kms.katalon.core.webui.keyword.WebUiBuiltInKeywords$verifyElementVisible$5.call(Unknown Source)
	at SPG - Verify Order Invoice Available Notification.run(SPG - Verify Order Invoice Available Notification:37)
	at com.kms.katalon.core.main.ScriptEngine.run(ScriptEngine.java:194)
	at com.kms.katalon.core.main.ScriptEngine.runScriptAsRawText(ScriptEngine.java:119)
	at com.kms.katalon.core.main.TestCaseExecutor.runScript(TestCaseExecutor.java:448)
	at com.kms.katalon.core.main.TestCaseExecutor.doExecute(TestCaseExecutor.java:439)
	at com.kms.katalon.core.main.TestCaseExecutor.processExecutionPhase(TestCaseExecutor.java:418)
	at com.kms.katalon.core.main.TestCaseExecutor.accessMainPhase(TestCaseExecutor.java:410)
	at com.kms.katalon.core.main.TestCaseExecutor.execute(TestCaseExecutor.java:285)
	at com.kms.katalon.core.common.CommonExecutor.accessTestCaseMainPhase(CommonExecutor.java:65)
	at com.kms.katalon.core.main.TestSuiteExecutor.accessTestSuiteMainPhase(TestSuiteExecutor.java:150)
	at com.kms.katalon.core.main.TestSuiteExecutor.execute(TestSuiteExecutor.java:106)
	at com.kms.katalon.core.main.TestCaseMain.startTestSuite(TestCaseMain.java:180)
	at com.kms.katalon.core.main.TestCaseMain$startTestSuite$0.call(Unknown Source)
	at TempTestSuite1761139089875.run(TempTestSuite1761139089875.groovy:35)
	at java.base/jdk.internal.reflect.NativeMethodAccessorImpl.invoke0(Native Method)
	at java.base/jdk.internal.reflect.NativeMethodAccessorImpl.invoke(NativeMethodAccessorImpl.java:77)
	at java.base/jdk.internal.reflect.DelegatingMethodAccessorImpl.invoke(DelegatingMethodAccessorImpl.java:43)
)

22-10-2025T10:44:08 - [TEST_STEP][PASSED] - click(findTestObject("TripFocus/Notifications/Notifications Tab")): Object: 'Object Repository/TripFocus/Notifications/Notifications Tab' is clicked on

22-10-2025T10:44:08 - [MESSAGE][PASSED] - Object: 'Object Repository/TripFocus/Notifications/Notifications Tab' is clicked on

22-10-2025T10:44:08 - [TEST_STEP][PASSED] - delay(5): Delayed 5 second(s)

22-10-2025T10:44:13 - [MESSAGE][PASSED] - Delayed 5 second(s)

22-10-2025T10:44:13 - [TEST_STEP][PASSED] - click(findTestObject("Object Repository/TripFocus/Page_TripFocus/button_Add New Notification")): Object: 'Object Repository/TripFocus/Page_TripFocus/button_Add New Notification' is clicked on

22-10-2025T10:44:13 - [MESSAGE][PASSED] - Object: 'Object Repository/TripFocus/Page_TripFocus/button_Add New Notification' is clicked on

22-10-2025T10:44:13 - [TEST_STEP][PASSED] - delay(5): Delayed 5 second(s)

22-10-2025T10:44:18 - [MESSAGE][PASSED] - Delayed 5 second(s)

22-10-2025T10:44:18 - [TEST_STEP][PASSED] - sendKeys(findTestObject("TripFocus/Notifications/Notification Events_txt"), "Order Invoice Available"): Keys 'Order Invoice Available' sent to object: 'Object Repository/TripFocus/Notifications/Notification Events_txt'

22-10-2025T10:44:18 - [MESSAGE][PASSED] - Keys 'Order Invoice Available' sent to object: 'Object Repository/TripFocus/Notifications/Notification Events_txt'

22-10-2025T10:44:18 - [TEST_STEP][PASSED] - delay(2): Delayed 2 second(s)

22-10-2025T10:44:20 - [MESSAGE][PASSED] - Delayed 2 second(s)

22-10-2025T10:44:20 - [TEST_STEP][PASSED] - sendKeys(findTestObject("TripFocus/Notifications/Notification Events_txt"), Keys.chord(ENTER)): Keys 'ENTER + ' sent to object: 'Object Repository/TripFocus/Notifications/Notification Events_txt'

22-10-2025T10:44:20 - [MESSAGE][PASSED] - Keys 'ENTER + ' sent to object: 'Object Repository/TripFocus/Notifications/Notification Events_txt'

22-10-2025T10:44:20 - [TEST_STEP][PASSED] - delay(2): Delayed 2 second(s)

22-10-2025T10:44:22 - [MESSAGE][PASSED] - Delayed 2 second(s)

22-10-2025T10:44:22 - [TEST_STEP][PASSED] - click(findTestObject("TripFocus/Page_TripFocus/textarea_Send To_txtSendTo")): Object: 'Object Repository/TripFocus/Page_TripFocus/textarea_Send To_txtSendTo' is clicked on

22-10-2025T10:44:23 - [MESSAGE][PASSED] - Object: 'Object Repository/TripFocus/Page_TripFocus/textarea_Send To_txtSendTo' is clicked on

22-10-2025T10:44:23 - [TEST_STEP][PASSED] - delay(2): Delayed 2 second(s)

22-10-2025T10:44:25 - [MESSAGE][PASSED] - Delayed 2 second(s)

22-10-2025T10:44:25 - [TEST_STEP][PASSED] - verifyElementText(findTestObject("TripFocus/Notifications/Selected Notification_option"), "Order Invoice Available"): Actual text and expected text of test object 'Object Repository/TripFocus/Notifications/Selected Notification_option' are matched.

22-10-2025T10:44:25 - [MESSAGE][PASSED] - Actual text and expected text of test object 'Object Repository/TripFocus/Notifications/Selected Notification_option' are matched.

22-10-2025T10:44:25 - [TEST_STEP][PASSED] - Start listener action : retryOnDisconnect: null

22-10-2025T10:44:25 - [TEST_STEP][PASSED] - tcId = testCaseContext.getTestCaseId(): null

22-10-2025T10:44:25 - [TEST_STEP][PASSED] - currentRetry = retryCounts.getOrDefault(tcId, 0): null

22-10-2025T10:44:25 - [TEST_STEP][PASSED] - if (testCaseContext.getTestCaseStatus() == "FAILED" && currentRetry < MAX_RETRIES): null]]></system-out>
         <system-err><![CDATA[]]></system-err>
      </testcase>
      <testcase name="Test Cases/TripFocus/SPG/SPG - Notification/SPG - Verify Order Loaded Notification" time="58.253" classname="Test Cases/TripFocus/SPG/SPG - Notification/SPG - Verify Order Loaded Notification" status="PASSED">
         <system-out><![CDATA[22-10-2025T10:44:25 - [TEST_CASE][PASSED] - Test Cases/TripFocus/SPG/SPG - Notification/SPG - Verify Order Loaded Notification: Test Cases/TripFocus/SPG/SPG - Notification/SPG - Verify Order Loaded Notification

22-10-2025T10:44:25 - [TEST_STEP][PASSED] - Start listener action : beforeTestCase: null

22-10-2025T10:44:25 - [TEST_STEP][PASSED] - addDefaultPackages(): null

22-10-2025T10:44:25 - [TEST_STEP][PASSED] - openBrowser(""): Browser is opened with url: ''

22-10-2025T10:44:25 - [MESSAGE][WARNING] - A browser is already opened. Closing browser and opening a new one

22-10-2025T10:44:25 - [MESSAGE][INFO] - Starting 'Chrome' driver

22-10-2025T10:44:25 - [MESSAGE][INFO] - User set preference: ['args', '[--no-sandbox, --disable-gpu, --disable-dev-shm-usage]']

22-10-2025T10:44:25 - [MESSAGE][INFO] - Action delay is set to 0 milliseconds

22-10-2025T10:44:26 - [MESSAGE][PASSED] - Browser is opened with url: ''

22-10-2025T10:44:26 - [TEST_STEP][PASSED] - navigateToUrl(TFBaseURL): Navigate to 'https://www.qa.tripfocus.com' successfully

22-10-2025T10:44:26 - [MESSAGE][PASSED] - Navigate to 'https://www.qa.tripfocus.com' successfully

22-10-2025T10:44:26 - [TEST_STEP][PASSED] - click(findTestObject("Object Repository/TripFocus/Page_TripFocus/button_Sign in")): Object: 'Object Repository/TripFocus/Page_TripFocus/button_Sign in' is clicked on

22-10-2025T10:44:26 - [MESSAGE][PASSED] - Object: 'Object Repository/TripFocus/Page_TripFocus/button_Sign in' is clicked on

22-10-2025T10:44:26 - [TEST_STEP][PASSED] - setText(findTestObject("TripFocus/Username_txt"), TripFocusBleachTechSPGUsername): Text 'Ashford.Chenault+BleachtechCustomerSPGONLY@thekag.com' is set on object 'Object Repository/TripFocus/Username_txt'

22-10-2025T10:44:27 - [MESSAGE][PASSED] - Text 'Ashford.Chenault+BleachtechCustomerSPGONLY@thekag.com' is set on object 'Object Repository/TripFocus/Username_txt'

22-10-2025T10:44:27 - [TEST_STEP][PASSED] - setText(findTestObject("TripFocus/Password_txt"), TripFocusFDGSPGPassword): Text 'CrashBan911!!' is set on object 'Object Repository/TripFocus/Password_txt'

22-10-2025T10:44:28 - [MESSAGE][PASSED] - Text 'CrashBan911!!' is set on object 'Object Repository/TripFocus/Password_txt'

22-10-2025T10:44:28 - [TEST_STEP][PASSED] - click(findTestObject("Object Repository/TripFocus/Page_TripFocus/button_Login")): Object: 'Object Repository/TripFocus/Page_TripFocus/button_Login' is clicked on

22-10-2025T10:44:28 - [MESSAGE][PASSED] - Object: 'Object Repository/TripFocus/Page_TripFocus/button_Login' is clicked on

22-10-2025T10:44:28 - [TEST_STEP][PASSED] - maximizeWindow(): Current window maximized

22-10-2025T10:44:28 - [MESSAGE][PASSED] - Current window maximized

22-10-2025T10:44:28 - [TEST_STEP][PASSED] - waitForElementVisible(findTestObject("TripFocus/Testing_Notification_btn"), 15, OPTIONAL): Web element with id: 'Object Repository/TripFocus/Testing_Notification_btn' located by '//*[@id="__BVID__10___BV_modal_footer_"]/button' not found

22-10-2025T10:44:44 - [MESSAGE][INFO] - Unable to find the element located by 'By.xpath: //*[@id="__BVID__10___BV_modal_footer_"]/button'. Please recheck the objects properties to make sure the desired element is located. 

22-10-2025T10:44:44 - [MESSAGE][WARNING] - [SELF-HEALING] Failed to find element with id 'Object Repository/TripFocus/Testing_Notification_btn'. Try using Self-healing.

22-10-2025T10:44:45 - [MESSAGE][INFO] - [SELF-HEALING] No working XPath is found.

22-10-2025T10:44:47 - [MESSAGE][INFO] - Unable to find the element located by 'By.xpath: '. Please recheck the objects properties to make sure the desired element is located. 

22-10-2025T10:44:47 - [MESSAGE][WARNING] - [SELF-HEALING] Cannot find elements when the selector is null

22-10-2025T10:44:47 - [MESSAGE][WARNING] - Web element with id: 'Object Repository/TripFocus/Testing_Notification_btn' located by '//*[@id="__BVID__10___BV_modal_footer_"]/button' not found

22-10-2025T10:44:47 - [TEST_STEP][PASSED] - if (verifyElementVisible(findTestObject("TripFocus/Testing_Notification_btn"), OPTIONAL) == true): Web element with id: 'Object Repository/TripFocus/Testing_Notification_btn' located by '//*[@id="__BVID__10___BV_modal_footer_"]/button' not found (Root cause: com.kms.katalon.core.exception.StepFailedException: Web element with id: 'Object Repository/TripFocus/Testing_Notification_btn' located by '//*[@id="__BVID__10___BV_modal_footer_"]/button' not found
	at com.kms.katalon.core.webui.keyword.internal.WebUIKeywordMain.stepFailed(WebUIKeywordMain.groovy:117)
	at com.kms.katalon.core.webui.keyword.builtin.VerifyElementVisibleKeyword$_verifyElementVisible_closure1.doCall(VerifyElementVisibleKeyword.groovy:89)
	at com.kms.katalon.core.webui.keyword.builtin.VerifyElementVisibleKeyword$_verifyElementVisible_closure1.call(VerifyElementVisibleKeyword.groovy)
	at com.kms.katalon.core.webui.keyword.internal.WebUIKeywordMain.runKeyword(WebUIKeywordMain.groovy:35)
	at com.kms.katalon.core.webui.keyword.builtin.VerifyElementVisibleKeyword.verifyElementVisible(VerifyElementVisibleKeyword.groovy:97)
	at com.kms.katalon.core.webui.keyword.builtin.VerifyElementVisibleKeyword.execute(VerifyElementVisibleKeyword.groovy:67)
	at com.kms.katalon.core.keyword.internal.KeywordExecutor.executeKeywordForPlatform(KeywordExecutor.groovy:74)
	at com.kms.katalon.core.webui.keyword.WebUiBuiltInKeywords.verifyElementVisible(WebUiBuiltInKeywords.groovy:401)
	at com.kms.katalon.core.webui.keyword.WebUiBuiltInKeywords$verifyElementVisible$5.call(Unknown Source)
	at SPG - Verify Order Loaded Notification.run(SPG - Verify Order Loaded Notification:37)
	at com.kms.katalon.core.main.ScriptEngine.run(ScriptEngine.java:194)
	at com.kms.katalon.core.main.ScriptEngine.runScriptAsRawText(ScriptEngine.java:119)
	at com.kms.katalon.core.main.TestCaseExecutor.runScript(TestCaseExecutor.java:448)
	at com.kms.katalon.core.main.TestCaseExecutor.doExecute(TestCaseExecutor.java:439)
	at com.kms.katalon.core.main.TestCaseExecutor.processExecutionPhase(TestCaseExecutor.java:418)
	at com.kms.katalon.core.main.TestCaseExecutor.accessMainPhase(TestCaseExecutor.java:410)
	at com.kms.katalon.core.main.TestCaseExecutor.execute(TestCaseExecutor.java:285)
	at com.kms.katalon.core.common.CommonExecutor.accessTestCaseMainPhase(CommonExecutor.java:65)
	at com.kms.katalon.core.main.TestSuiteExecutor.accessTestSuiteMainPhase(TestSuiteExecutor.java:150)
	at com.kms.katalon.core.main.TestSuiteExecutor.execute(TestSuiteExecutor.java:106)
	at com.kms.katalon.core.main.TestCaseMain.startTestSuite(TestCaseMain.java:180)
	at com.kms.katalon.core.main.TestCaseMain$startTestSuite$0.call(Unknown Source)
	at TempTestSuite1761139089875.run(TempTestSuite1761139089875.groovy:35)
	at java.base/jdk.internal.reflect.NativeMethodAccessorImpl.invoke0(Native Method)
	at java.base/jdk.internal.reflect.NativeMethodAccessorImpl.invoke(NativeMethodAccessorImpl.java:77)
	at java.base/jdk.internal.reflect.DelegatingMethodAccessorImpl.invoke(DelegatingMethodAccessorImpl.java:43)
)

22-10-2025T10:45:03 - [MESSAGE][INFO] - Unable to find the element located by 'By.xpath: //*[@id="__BVID__10___BV_modal_footer_"]/button'. Please recheck the objects properties to make sure the desired element is located. 

22-10-2025T10:45:03 - [MESSAGE][WARNING] - [SELF-HEALING] Failed to find element with id 'Object Repository/TripFocus/Testing_Notification_btn'. Try using Self-healing.

22-10-2025T10:45:04 - [MESSAGE][INFO] - [SELF-HEALING] No working XPath is found.

22-10-2025T10:45:06 - [MESSAGE][INFO] - Unable to find the element located by 'By.xpath: '. Please recheck the objects properties to make sure the desired element is located. 

22-10-2025T10:45:06 - [MESSAGE][WARNING] - [SELF-HEALING] Cannot find elements when the selector is null

22-10-2025T10:45:06 - [MESSAGE][WARNING] - Web element with id: 'Object Repository/TripFocus/Testing_Notification_btn' located by '//*[@id="__BVID__10___BV_modal_footer_"]/button' not found (Root cause: com.kms.katalon.core.exception.StepFailedException: Web element with id: 'Object Repository/TripFocus/Testing_Notification_btn' located by '//*[@id="__BVID__10___BV_modal_footer_"]/button' not found
	at com.kms.katalon.core.webui.keyword.internal.WebUIKeywordMain.stepFailed(WebUIKeywordMain.groovy:117)
	at com.kms.katalon.core.webui.keyword.builtin.VerifyElementVisibleKeyword$_verifyElementVisible_closure1.doCall(VerifyElementVisibleKeyword.groovy:89)
	at com.kms.katalon.core.webui.keyword.builtin.VerifyElementVisibleKeyword$_verifyElementVisible_closure1.call(VerifyElementVisibleKeyword.groovy)
	at com.kms.katalon.core.webui.keyword.internal.WebUIKeywordMain.runKeyword(WebUIKeywordMain.groovy:35)
	at com.kms.katalon.core.webui.keyword.builtin.VerifyElementVisibleKeyword.verifyElementVisible(VerifyElementVisibleKeyword.groovy:97)
	at com.kms.katalon.core.webui.keyword.builtin.VerifyElementVisibleKeyword.execute(VerifyElementVisibleKeyword.groovy:67)
	at com.kms.katalon.core.keyword.internal.KeywordExecutor.executeKeywordForPlatform(KeywordExecutor.groovy:74)
	at com.kms.katalon.core.webui.keyword.WebUiBuiltInKeywords.verifyElementVisible(WebUiBuiltInKeywords.groovy:401)
	at com.kms.katalon.core.webui.keyword.WebUiBuiltInKeywords$verifyElementVisible$5.call(Unknown Source)
	at SPG - Verify Order Loaded Notification.run(SPG - Verify Order Loaded Notification:37)
	at com.kms.katalon.core.main.ScriptEngine.run(ScriptEngine.java:194)
	at com.kms.katalon.core.main.ScriptEngine.runScriptAsRawText(ScriptEngine.java:119)
	at com.kms.katalon.core.main.TestCaseExecutor.runScript(TestCaseExecutor.java:448)
	at com.kms.katalon.core.main.TestCaseExecutor.doExecute(TestCaseExecutor.java:439)
	at com.kms.katalon.core.main.TestCaseExecutor.processExecutionPhase(TestCaseExecutor.java:418)
	at com.kms.katalon.core.main.TestCaseExecutor.accessMainPhase(TestCaseExecutor.java:410)
	at com.kms.katalon.core.main.TestCaseExecutor.execute(TestCaseExecutor.java:285)
	at com.kms.katalon.core.common.CommonExecutor.accessTestCaseMainPhase(CommonExecutor.java:65)
	at com.kms.katalon.core.main.TestSuiteExecutor.accessTestSuiteMainPhase(TestSuiteExecutor.java:150)
	at com.kms.katalon.core.main.TestSuiteExecutor.execute(TestSuiteExecutor.java:106)
	at com.kms.katalon.core.main.TestCaseMain.startTestSuite(TestCaseMain.java:180)
	at com.kms.katalon.core.main.TestCaseMain$startTestSuite$0.call(Unknown Source)
	at TempTestSuite1761139089875.run(TempTestSuite1761139089875.groovy:35)
	at java.base/jdk.internal.reflect.NativeMethodAccessorImpl.invoke0(Native Method)
	at java.base/jdk.internal.reflect.NativeMethodAccessorImpl.invoke(NativeMethodAccessorImpl.java:77)
	at java.base/jdk.internal.reflect.DelegatingMethodAccessorImpl.invoke(DelegatingMethodAccessorImpl.java:43)
)

22-10-2025T10:45:06 - [TEST_STEP][PASSED] - click(findTestObject("TripFocus/Notifications/Notifications Tab")): Object: 'Object Repository/TripFocus/Notifications/Notifications Tab' is clicked on

22-10-2025T10:45:06 - [MESSAGE][PASSED] - Object: 'Object Repository/TripFocus/Notifications/Notifications Tab' is clicked on

22-10-2025T10:45:06 - [TEST_STEP][PASSED] - delay(5): Delayed 5 second(s)

22-10-2025T10:45:11 - [MESSAGE][PASSED] - Delayed 5 second(s)

22-10-2025T10:45:11 - [TEST_STEP][PASSED] - click(findTestObject("Object Repository/TripFocus/Page_TripFocus/button_Add New Notification")): Object: 'Object Repository/TripFocus/Page_TripFocus/button_Add New Notification' is clicked on

22-10-2025T10:45:12 - [MESSAGE][PASSED] - Object: 'Object Repository/TripFocus/Page_TripFocus/button_Add New Notification' is clicked on

22-10-2025T10:45:12 - [TEST_STEP][PASSED] - delay(5): Delayed 5 second(s)

22-10-2025T10:45:17 - [MESSAGE][PASSED] - Delayed 5 second(s)

22-10-2025T10:45:17 - [TEST_STEP][PASSED] - sendKeys(findTestObject("TripFocus/Notifications/Notification Events_txt"), "Order Loaded"): Keys 'Order Loaded' sent to object: 'Object Repository/TripFocus/Notifications/Notification Events_txt'

22-10-2025T10:45:17 - [MESSAGE][PASSED] - Keys 'Order Loaded' sent to object: 'Object Repository/TripFocus/Notifications/Notification Events_txt'

22-10-2025T10:45:17 - [TEST_STEP][PASSED] - delay(2): Delayed 2 second(s)

22-10-2025T10:45:19 - [MESSAGE][PASSED] - Delayed 2 second(s)

22-10-2025T10:45:19 - [TEST_STEP][PASSED] - sendKeys(findTestObject("TripFocus/Notifications/Notification Events_txt"), Keys.chord(ENTER)): Keys 'ENTER + ' sent to object: 'Object Repository/TripFocus/Notifications/Notification Events_txt'

22-10-2025T10:45:19 - [MESSAGE][PASSED] - Keys 'ENTER + ' sent to object: 'Object Repository/TripFocus/Notifications/Notification Events_txt'

22-10-2025T10:45:19 - [TEST_STEP][PASSED] - delay(2): Delayed 2 second(s)

22-10-2025T10:45:21 - [MESSAGE][PASSED] - Delayed 2 second(s)

22-10-2025T10:45:21 - [TEST_STEP][PASSED] - click(findTestObject("TripFocus/Page_TripFocus/textarea_Send To_txtSendTo")): Object: 'Object Repository/TripFocus/Page_TripFocus/textarea_Send To_txtSendTo' is clicked on

22-10-2025T10:45:21 - [MESSAGE][PASSED] - Object: 'Object Repository/TripFocus/Page_TripFocus/textarea_Send To_txtSendTo' is clicked on

22-10-2025T10:45:21 - [TEST_STEP][PASSED] - delay(2): Delayed 2 second(s)

22-10-2025T10:45:23 - [MESSAGE][PASSED] - Delayed 2 second(s)

22-10-2025T10:45:23 - [TEST_STEP][PASSED] - verifyElementText(findTestObject("TripFocus/Notifications/Selected Notification_option"), "Order Loaded"): Actual text and expected text of test object 'Object Repository/TripFocus/Notifications/Selected Notification_option' are matched.

22-10-2025T10:45:23 - [MESSAGE][PASSED] - Actual text and expected text of test object 'Object Repository/TripFocus/Notifications/Selected Notification_option' are matched.

22-10-2025T10:45:23 - [TEST_STEP][PASSED] - Start listener action : retryOnDisconnect: null

22-10-2025T10:45:23 - [TEST_STEP][PASSED] - tcId = testCaseContext.getTestCaseId(): null

22-10-2025T10:45:23 - [TEST_STEP][PASSED] - currentRetry = retryCounts.getOrDefault(tcId, 0): null

22-10-2025T10:45:23 - [TEST_STEP][PASSED] - if (testCaseContext.getTestCaseStatus() == "FAILED" && currentRetry < MAX_RETRIES): null]]></system-out>
         <system-err><![CDATA[]]></system-err>
      </testcase>
      <testcase name="Test Cases/TripFocus/SPG/SPG - Notification/SPG - Verify Order Loading Notification" time="57.871" classname="Test Cases/TripFocus/SPG/SPG - Notification/SPG - Verify Order Loading Notification" status="PASSED">
         <system-out><![CDATA[22-10-2025T10:45:23 - [TEST_CASE][PASSED] - Test Cases/TripFocus/SPG/SPG - Notification/SPG - Verify Order Loading Notification: Test Cases/TripFocus/SPG/SPG - Notification/SPG - Verify Order Loading Notification

22-10-2025T10:45:23 - [TEST_STEP][PASSED] - Start listener action : beforeTestCase: null

22-10-2025T10:45:23 - [TEST_STEP][PASSED] - addDefaultPackages(): null

22-10-2025T10:45:23 - [TEST_STEP][PASSED] - openBrowser(""): Browser is opened with url: ''

22-10-2025T10:45:23 - [MESSAGE][WARNING] - A browser is already opened. Closing browser and opening a new one

22-10-2025T10:45:23 - [MESSAGE][INFO] - Starting 'Chrome' driver

22-10-2025T10:45:23 - [MESSAGE][INFO] - User set preference: ['args', '[--no-sandbox, --disable-gpu, --disable-dev-shm-usage]']

22-10-2025T10:45:23 - [MESSAGE][INFO] - Action delay is set to 0 milliseconds

22-10-2025T10:45:24 - [MESSAGE][PASSED] - Browser is opened with url: ''

22-10-2025T10:45:24 - [TEST_STEP][PASSED] - navigateToUrl(TFBaseURL): Navigate to 'https://www.qa.tripfocus.com' successfully

22-10-2025T10:45:24 - [MESSAGE][PASSED] - Navigate to 'https://www.qa.tripfocus.com' successfully

22-10-2025T10:45:24 - [TEST_STEP][PASSED] - click(findTestObject("Object Repository/TripFocus/Page_TripFocus/button_Sign in")): Object: 'Object Repository/TripFocus/Page_TripFocus/button_Sign in' is clicked on

22-10-2025T10:45:25 - [MESSAGE][PASSED] - Object: 'Object Repository/TripFocus/Page_TripFocus/button_Sign in' is clicked on

22-10-2025T10:45:25 - [TEST_STEP][PASSED] - setText(findTestObject("TripFocus/Username_txt"), TripFocusBleachTechSPGUsername): Text 'Ashford.Chenault+BleachtechCustomerSPGONLY@thekag.com' is set on object 'Object Repository/TripFocus/Username_txt'

22-10-2025T10:45:25 - [MESSAGE][PASSED] - Text 'Ashford.Chenault+BleachtechCustomerSPGONLY@thekag.com' is set on object 'Object Repository/TripFocus/Username_txt'

22-10-2025T10:45:25 - [TEST_STEP][PASSED] - setText(findTestObject("TripFocus/Password_txt"), TripFocusFDGSPGPassword): Text 'CrashBan911!!' is set on object 'Object Repository/TripFocus/Password_txt'

22-10-2025T10:45:25 - [MESSAGE][PASSED] - Text 'CrashBan911!!' is set on object 'Object Repository/TripFocus/Password_txt'

22-10-2025T10:45:25 - [TEST_STEP][PASSED] - click(findTestObject("Object Repository/TripFocus/Page_TripFocus/button_Login")): Object: 'Object Repository/TripFocus/Page_TripFocus/button_Login' is clicked on

22-10-2025T10:45:26 - [MESSAGE][PASSED] - Object: 'Object Repository/TripFocus/Page_TripFocus/button_Login' is clicked on

22-10-2025T10:45:26 - [TEST_STEP][PASSED] - maximizeWindow(): Current window maximized

22-10-2025T10:45:26 - [MESSAGE][PASSED] - Current window maximized

22-10-2025T10:45:26 - [TEST_STEP][PASSED] - waitForElementVisible(findTestObject("TripFocus/Testing_Notification_btn"), 15, OPTIONAL): Web element with id: 'Object Repository/TripFocus/Testing_Notification_btn' located by '//*[@id="__BVID__10___BV_modal_footer_"]/button' not found

22-10-2025T10:45:42 - [MESSAGE][INFO] - Unable to find the element located by 'By.xpath: //*[@id="__BVID__10___BV_modal_footer_"]/button'. Please recheck the objects properties to make sure the desired element is located. 

22-10-2025T10:45:42 - [MESSAGE][WARNING] - [SELF-HEALING] Failed to find element with id 'Object Repository/TripFocus/Testing_Notification_btn'. Try using Self-healing.

22-10-2025T10:45:43 - [MESSAGE][INFO] - [SELF-HEALING] No working XPath is found.

22-10-2025T10:45:45 - [MESSAGE][INFO] - Unable to find the element located by 'By.xpath: '. Please recheck the objects properties to make sure the desired element is located. 

22-10-2025T10:45:45 - [MESSAGE][WARNING] - [SELF-HEALING] Cannot find elements when the selector is null

22-10-2025T10:45:45 - [MESSAGE][WARNING] - Web element with id: 'Object Repository/TripFocus/Testing_Notification_btn' located by '//*[@id="__BVID__10___BV_modal_footer_"]/button' not found

22-10-2025T10:45:45 - [TEST_STEP][PASSED] - if (verifyElementVisible(findTestObject("TripFocus/Testing_Notification_btn"), OPTIONAL) == true): Web element with id: 'Object Repository/TripFocus/Testing_Notification_btn' located by '//*[@id="__BVID__10___BV_modal_footer_"]/button' not found (Root cause: com.kms.katalon.core.exception.StepFailedException: Web element with id: 'Object Repository/TripFocus/Testing_Notification_btn' located by '//*[@id="__BVID__10___BV_modal_footer_"]/button' not found
	at com.kms.katalon.core.webui.keyword.internal.WebUIKeywordMain.stepFailed(WebUIKeywordMain.groovy:117)
	at com.kms.katalon.core.webui.keyword.builtin.VerifyElementVisibleKeyword$_verifyElementVisible_closure1.doCall(VerifyElementVisibleKeyword.groovy:89)
	at com.kms.katalon.core.webui.keyword.builtin.VerifyElementVisibleKeyword$_verifyElementVisible_closure1.call(VerifyElementVisibleKeyword.groovy)
	at com.kms.katalon.core.webui.keyword.internal.WebUIKeywordMain.runKeyword(WebUIKeywordMain.groovy:35)
	at com.kms.katalon.core.webui.keyword.builtin.VerifyElementVisibleKeyword.verifyElementVisible(VerifyElementVisibleKeyword.groovy:97)
	at com.kms.katalon.core.webui.keyword.builtin.VerifyElementVisibleKeyword.execute(VerifyElementVisibleKeyword.groovy:67)
	at com.kms.katalon.core.keyword.internal.KeywordExecutor.executeKeywordForPlatform(KeywordExecutor.groovy:74)
	at com.kms.katalon.core.webui.keyword.WebUiBuiltInKeywords.verifyElementVisible(WebUiBuiltInKeywords.groovy:401)
	at com.kms.katalon.core.webui.keyword.WebUiBuiltInKeywords$verifyElementVisible$5.call(Unknown Source)
	at SPG - Verify Order Loading Notification.run(SPG - Verify Order Loading Notification:37)
	at com.kms.katalon.core.main.ScriptEngine.run(ScriptEngine.java:194)
	at com.kms.katalon.core.main.ScriptEngine.runScriptAsRawText(ScriptEngine.java:119)
	at com.kms.katalon.core.main.TestCaseExecutor.runScript(TestCaseExecutor.java:448)
	at com.kms.katalon.core.main.TestCaseExecutor.doExecute(TestCaseExecutor.java:439)
	at com.kms.katalon.core.main.TestCaseExecutor.processExecutionPhase(TestCaseExecutor.java:418)
	at com.kms.katalon.core.main.TestCaseExecutor.accessMainPhase(TestCaseExecutor.java:410)
	at com.kms.katalon.core.main.TestCaseExecutor.execute(TestCaseExecutor.java:285)
	at com.kms.katalon.core.common.CommonExecutor.accessTestCaseMainPhase(CommonExecutor.java:65)
	at com.kms.katalon.core.main.TestSuiteExecutor.accessTestSuiteMainPhase(TestSuiteExecutor.java:150)
	at com.kms.katalon.core.main.TestSuiteExecutor.execute(TestSuiteExecutor.java:106)
	at com.kms.katalon.core.main.TestCaseMain.startTestSuite(TestCaseMain.java:180)
	at com.kms.katalon.core.main.TestCaseMain$startTestSuite$0.call(Unknown Source)
	at TempTestSuite1761139089875.run(TempTestSuite1761139089875.groovy:35)
	at java.base/jdk.internal.reflect.NativeMethodAccessorImpl.invoke0(Native Method)
	at java.base/jdk.internal.reflect.NativeMethodAccessorImpl.invoke(NativeMethodAccessorImpl.java:77)
	at java.base/jdk.internal.reflect.DelegatingMethodAccessorImpl.invoke(DelegatingMethodAccessorImpl.java:43)
)

22-10-2025T10:46:01 - [MESSAGE][INFO] - Unable to find the element located by 'By.xpath: //*[@id="__BVID__10___BV_modal_footer_"]/button'. Please recheck the objects properties to make sure the desired element is located. 

22-10-2025T10:46:01 - [MESSAGE][WARNING] - [SELF-HEALING] Failed to find element with id 'Object Repository/TripFocus/Testing_Notification_btn'. Try using Self-healing.

22-10-2025T10:46:02 - [MESSAGE][INFO] - [SELF-HEALING] No working XPath is found.

22-10-2025T10:46:04 - [MESSAGE][INFO] - Unable to find the element located by 'By.xpath: '. Please recheck the objects properties to make sure the desired element is located. 

22-10-2025T10:46:04 - [MESSAGE][WARNING] - [SELF-HEALING] Cannot find elements when the selector is null

22-10-2025T10:46:04 - [MESSAGE][WARNING] - Web element with id: 'Object Repository/TripFocus/Testing_Notification_btn' located by '//*[@id="__BVID__10___BV_modal_footer_"]/button' not found (Root cause: com.kms.katalon.core.exception.StepFailedException: Web element with id: 'Object Repository/TripFocus/Testing_Notification_btn' located by '//*[@id="__BVID__10___BV_modal_footer_"]/button' not found
	at com.kms.katalon.core.webui.keyword.internal.WebUIKeywordMain.stepFailed(WebUIKeywordMain.groovy:117)
	at com.kms.katalon.core.webui.keyword.builtin.VerifyElementVisibleKeyword$_verifyElementVisible_closure1.doCall(VerifyElementVisibleKeyword.groovy:89)
	at com.kms.katalon.core.webui.keyword.builtin.VerifyElementVisibleKeyword$_verifyElementVisible_closure1.call(VerifyElementVisibleKeyword.groovy)
	at com.kms.katalon.core.webui.keyword.internal.WebUIKeywordMain.runKeyword(WebUIKeywordMain.groovy:35)
	at com.kms.katalon.core.webui.keyword.builtin.VerifyElementVisibleKeyword.verifyElementVisible(VerifyElementVisibleKeyword.groovy:97)
	at com.kms.katalon.core.webui.keyword.builtin.VerifyElementVisibleKeyword.execute(VerifyElementVisibleKeyword.groovy:67)
	at com.kms.katalon.core.keyword.internal.KeywordExecutor.executeKeywordForPlatform(KeywordExecutor.groovy:74)
	at com.kms.katalon.core.webui.keyword.WebUiBuiltInKeywords.verifyElementVisible(WebUiBuiltInKeywords.groovy:401)
	at com.kms.katalon.core.webui.keyword.WebUiBuiltInKeywords$verifyElementVisible$5.call(Unknown Source)
	at SPG - Verify Order Loading Notification.run(SPG - Verify Order Loading Notification:37)
	at com.kms.katalon.core.main.ScriptEngine.run(ScriptEngine.java:194)
	at com.kms.katalon.core.main.ScriptEngine.runScriptAsRawText(ScriptEngine.java:119)
	at com.kms.katalon.core.main.TestCaseExecutor.runScript(TestCaseExecutor.java:448)
	at com.kms.katalon.core.main.TestCaseExecutor.doExecute(TestCaseExecutor.java:439)
	at com.kms.katalon.core.main.TestCaseExecutor.processExecutionPhase(TestCaseExecutor.java:418)
	at com.kms.katalon.core.main.TestCaseExecutor.accessMainPhase(TestCaseExecutor.java:410)
	at com.kms.katalon.core.main.TestCaseExecutor.execute(TestCaseExecutor.java:285)
	at com.kms.katalon.core.common.CommonExecutor.accessTestCaseMainPhase(CommonExecutor.java:65)
	at com.kms.katalon.core.main.TestSuiteExecutor.accessTestSuiteMainPhase(TestSuiteExecutor.java:150)
	at com.kms.katalon.core.main.TestSuiteExecutor.execute(TestSuiteExecutor.java:106)
	at com.kms.katalon.core.main.TestCaseMain.startTestSuite(TestCaseMain.java:180)
	at com.kms.katalon.core.main.TestCaseMain$startTestSuite$0.call(Unknown Source)
	at TempTestSuite1761139089875.run(TempTestSuite1761139089875.groovy:35)
	at java.base/jdk.internal.reflect.NativeMethodAccessorImpl.invoke0(Native Method)
	at java.base/jdk.internal.reflect.NativeMethodAccessorImpl.invoke(NativeMethodAccessorImpl.java:77)
	at java.base/jdk.internal.reflect.DelegatingMethodAccessorImpl.invoke(DelegatingMethodAccessorImpl.java:43)
)

22-10-2025T10:46:04 - [TEST_STEP][PASSED] - click(findTestObject("TripFocus/Notifications/Notifications Tab")): Object: 'Object Repository/TripFocus/Notifications/Notifications Tab' is clicked on

22-10-2025T10:46:04 - [MESSAGE][PASSED] - Object: 'Object Repository/TripFocus/Notifications/Notifications Tab' is clicked on

22-10-2025T10:46:04 - [TEST_STEP][PASSED] - delay(5): Delayed 5 second(s)

22-10-2025T10:46:09 - [MESSAGE][PASSED] - Delayed 5 second(s)

22-10-2025T10:46:09 - [TEST_STEP][PASSED] - click(findTestObject("Object Repository/TripFocus/Page_TripFocus/button_Add New Notification")): Object: 'Object Repository/TripFocus/Page_TripFocus/button_Add New Notification' is clicked on

22-10-2025T10:46:09 - [MESSAGE][PASSED] - Object: 'Object Repository/TripFocus/Page_TripFocus/button_Add New Notification' is clicked on

22-10-2025T10:46:09 - [TEST_STEP][PASSED] - delay(5): Delayed 5 second(s)

22-10-2025T10:46:14 - [MESSAGE][PASSED] - Delayed 5 second(s)

22-10-2025T10:46:14 - [TEST_STEP][PASSED] - sendKeys(findTestObject("TripFocus/Notifications/Notification Events_txt"), "Order Loading"): Keys 'Order Loading' sent to object: 'Object Repository/TripFocus/Notifications/Notification Events_txt'

22-10-2025T10:46:15 - [MESSAGE][PASSED] - Keys 'Order Loading' sent to object: 'Object Repository/TripFocus/Notifications/Notification Events_txt'

22-10-2025T10:46:15 - [TEST_STEP][PASSED] - delay(2): Delayed 2 second(s)

22-10-2025T10:46:17 - [MESSAGE][PASSED] - Delayed 2 second(s)

22-10-2025T10:46:17 - [TEST_STEP][PASSED] - sendKeys(findTestObject("TripFocus/Notifications/Notification Events_txt"), Keys.chord(ENTER)): Keys 'ENTER + ' sent to object: 'Object Repository/TripFocus/Notifications/Notification Events_txt'

22-10-2025T10:46:17 - [MESSAGE][PASSED] - Keys 'ENTER + ' sent to object: 'Object Repository/TripFocus/Notifications/Notification Events_txt'

22-10-2025T10:46:17 - [TEST_STEP][PASSED] - delay(2): Delayed 2 second(s)

22-10-2025T10:46:19 - [MESSAGE][PASSED] - Delayed 2 second(s)

22-10-2025T10:46:19 - [TEST_STEP][PASSED] - click(findTestObject("TripFocus/Page_TripFocus/textarea_Send To_txtSendTo")): Object: 'Object Repository/TripFocus/Page_TripFocus/textarea_Send To_txtSendTo' is clicked on

22-10-2025T10:46:19 - [MESSAGE][PASSED] - Object: 'Object Repository/TripFocus/Page_TripFocus/textarea_Send To_txtSendTo' is clicked on

22-10-2025T10:46:19 - [TEST_STEP][PASSED] - delay(2): Delayed 2 second(s)

22-10-2025T10:46:21 - [MESSAGE][PASSED] - Delayed 2 second(s)

22-10-2025T10:46:21 - [TEST_STEP][PASSED] - verifyElementText(findTestObject("TripFocus/Notifications/Selected Notification_option"), "Order Loading"): Actual text and expected text of test object 'Object Repository/TripFocus/Notifications/Selected Notification_option' are matched.

22-10-2025T10:46:21 - [MESSAGE][PASSED] - Actual text and expected text of test object 'Object Repository/TripFocus/Notifications/Selected Notification_option' are matched.

22-10-2025T10:46:21 - [TEST_STEP][PASSED] - Start listener action : retryOnDisconnect: null

22-10-2025T10:46:21 - [TEST_STEP][PASSED] - tcId = testCaseContext.getTestCaseId(): null

22-10-2025T10:46:21 - [TEST_STEP][PASSED] - currentRetry = retryCounts.getOrDefault(tcId, 0): null

22-10-2025T10:46:21 - [TEST_STEP][PASSED] - if (testCaseContext.getTestCaseStatus() == "FAILED" && currentRetry < MAX_RETRIES): null]]></system-out>
         <system-err><![CDATA[]]></system-err>
      </testcase>
      <testcase name="Test Cases/TripFocus/SPG/SPG - Notification/SPG - Verify Order Planned Notification" time="57.584" classname="Test Cases/TripFocus/SPG/SPG - Notification/SPG - Verify Order Planned Notification" status="PASSED">
         <system-out><![CDATA[22-10-2025T10:46:21 - [TEST_CASE][PASSED] - Test Cases/TripFocus/SPG/SPG - Notification/SPG - Verify Order Planned Notification: Test Cases/TripFocus/SPG/SPG - Notification/SPG - Verify Order Planned Notification

22-10-2025T10:46:21 - [TEST_STEP][PASSED] - Start listener action : beforeTestCase: null

22-10-2025T10:46:21 - [TEST_STEP][PASSED] - addDefaultPackages(): null

22-10-2025T10:46:21 - [TEST_STEP][PASSED] - openBrowser(""): Browser is opened with url: ''

22-10-2025T10:46:21 - [MESSAGE][WARNING] - A browser is already opened. Closing browser and opening a new one

22-10-2025T10:46:21 - [MESSAGE][INFO] - Starting 'Chrome' driver

22-10-2025T10:46:21 - [MESSAGE][INFO] - User set preference: ['args', '[--no-sandbox, --disable-gpu, --disable-dev-shm-usage]']

22-10-2025T10:46:21 - [MESSAGE][INFO] - Action delay is set to 0 milliseconds

22-10-2025T10:46:22 - [MESSAGE][PASSED] - Browser is opened with url: ''

22-10-2025T10:46:22 - [TEST_STEP][PASSED] - navigateToUrl(TFBaseURL): Navigate to 'https://www.qa.tripfocus.com' successfully

22-10-2025T10:46:22 - [MESSAGE][PASSED] - Navigate to 'https://www.qa.tripfocus.com' successfully

22-10-2025T10:46:22 - [TEST_STEP][PASSED] - click(findTestObject("Object Repository/TripFocus/Page_TripFocus/button_Sign in")): Object: 'Object Repository/TripFocus/Page_TripFocus/button_Sign in' is clicked on

22-10-2025T10:46:22 - [MESSAGE][PASSED] - Object: 'Object Repository/TripFocus/Page_TripFocus/button_Sign in' is clicked on

22-10-2025T10:46:22 - [TEST_STEP][PASSED] - setText(findTestObject("TripFocus/Username_txt"), TripFocusBleachTechSPGUsername): Text 'Ashford.Chenault+BleachtechCustomerSPGONLY@thekag.com' is set on object 'Object Repository/TripFocus/Username_txt'

22-10-2025T10:46:23 - [MESSAGE][PASSED] - Text 'Ashford.Chenault+BleachtechCustomerSPGONLY@thekag.com' is set on object 'Object Repository/TripFocus/Username_txt'

22-10-2025T10:46:23 - [TEST_STEP][PASSED] - setText(findTestObject("TripFocus/Password_txt"), TripFocusFDGSPGPassword): Text 'CrashBan911!!' is set on object 'Object Repository/TripFocus/Password_txt'

22-10-2025T10:46:23 - [MESSAGE][PASSED] - Text 'CrashBan911!!' is set on object 'Object Repository/TripFocus/Password_txt'

22-10-2025T10:46:23 - [TEST_STEP][PASSED] - click(findTestObject("Object Repository/TripFocus/Page_TripFocus/button_Login")): Object: 'Object Repository/TripFocus/Page_TripFocus/button_Login' is clicked on

22-10-2025T10:46:23 - [MESSAGE][PASSED] - Object: 'Object Repository/TripFocus/Page_TripFocus/button_Login' is clicked on

22-10-2025T10:46:23 - [TEST_STEP][PASSED] - maximizeWindow(): Current window maximized

22-10-2025T10:46:24 - [MESSAGE][PASSED] - Current window maximized

22-10-2025T10:46:24 - [TEST_STEP][PASSED] - waitForElementVisible(findTestObject("TripFocus/Testing_Notification_btn"), 15, OPTIONAL): Web element with id: 'Object Repository/TripFocus/Testing_Notification_btn' located by '//*[@id="__BVID__10___BV_modal_footer_"]/button' not found

22-10-2025T10:46:40 - [MESSAGE][INFO] - Unable to find the element located by 'By.xpath: //*[@id="__BVID__10___BV_modal_footer_"]/button'. Please recheck the objects properties to make sure the desired element is located. 

22-10-2025T10:46:40 - [MESSAGE][WARNING] - [SELF-HEALING] Failed to find element with id 'Object Repository/TripFocus/Testing_Notification_btn'. Try using Self-healing.

22-10-2025T10:46:41 - [MESSAGE][INFO] - [SELF-HEALING] No working XPath is found.

22-10-2025T10:46:43 - [MESSAGE][INFO] - Unable to find the element located by 'By.xpath: '. Please recheck the objects properties to make sure the desired element is located. 

22-10-2025T10:46:43 - [MESSAGE][WARNING] - [SELF-HEALING] Cannot find elements when the selector is null

22-10-2025T10:46:43 - [MESSAGE][WARNING] - Web element with id: 'Object Repository/TripFocus/Testing_Notification_btn' located by '//*[@id="__BVID__10___BV_modal_footer_"]/button' not found

22-10-2025T10:46:43 - [TEST_STEP][PASSED] - if (verifyElementVisible(findTestObject("TripFocus/Testing_Notification_btn"), OPTIONAL) == true): Web element with id: 'Object Repository/TripFocus/Testing_Notification_btn' located by '//*[@id="__BVID__10___BV_modal_footer_"]/button' not found (Root cause: com.kms.katalon.core.exception.StepFailedException: Web element with id: 'Object Repository/TripFocus/Testing_Notification_btn' located by '//*[@id="__BVID__10___BV_modal_footer_"]/button' not found
	at com.kms.katalon.core.webui.keyword.internal.WebUIKeywordMain.stepFailed(WebUIKeywordMain.groovy:117)
	at com.kms.katalon.core.webui.keyword.builtin.VerifyElementVisibleKeyword$_verifyElementVisible_closure1.doCall(VerifyElementVisibleKeyword.groovy:89)
	at com.kms.katalon.core.webui.keyword.builtin.VerifyElementVisibleKeyword$_verifyElementVisible_closure1.call(VerifyElementVisibleKeyword.groovy)
	at com.kms.katalon.core.webui.keyword.internal.WebUIKeywordMain.runKeyword(WebUIKeywordMain.groovy:35)
	at com.kms.katalon.core.webui.keyword.builtin.VerifyElementVisibleKeyword.verifyElementVisible(VerifyElementVisibleKeyword.groovy:97)
	at com.kms.katalon.core.webui.keyword.builtin.VerifyElementVisibleKeyword.execute(VerifyElementVisibleKeyword.groovy:67)
	at com.kms.katalon.core.keyword.internal.KeywordExecutor.executeKeywordForPlatform(KeywordExecutor.groovy:74)
	at com.kms.katalon.core.webui.keyword.WebUiBuiltInKeywords.verifyElementVisible(WebUiBuiltInKeywords.groovy:401)
	at com.kms.katalon.core.webui.keyword.WebUiBuiltInKeywords$verifyElementVisible$5.call(Unknown Source)
	at SPG - Verify Order Planned Notification.run(SPG - Verify Order Planned Notification:37)
	at com.kms.katalon.core.main.ScriptEngine.run(ScriptEngine.java:194)
	at com.kms.katalon.core.main.ScriptEngine.runScriptAsRawText(ScriptEngine.java:119)
	at com.kms.katalon.core.main.TestCaseExecutor.runScript(TestCaseExecutor.java:448)
	at com.kms.katalon.core.main.TestCaseExecutor.doExecute(TestCaseExecutor.java:439)
	at com.kms.katalon.core.main.TestCaseExecutor.processExecutionPhase(TestCaseExecutor.java:418)
	at com.kms.katalon.core.main.TestCaseExecutor.accessMainPhase(TestCaseExecutor.java:410)
	at com.kms.katalon.core.main.TestCaseExecutor.execute(TestCaseExecutor.java:285)
	at com.kms.katalon.core.common.CommonExecutor.accessTestCaseMainPhase(CommonExecutor.java:65)
	at com.kms.katalon.core.main.TestSuiteExecutor.accessTestSuiteMainPhase(TestSuiteExecutor.java:150)
	at com.kms.katalon.core.main.TestSuiteExecutor.execute(TestSuiteExecutor.java:106)
	at com.kms.katalon.core.main.TestCaseMain.startTestSuite(TestCaseMain.java:180)
	at com.kms.katalon.core.main.TestCaseMain$startTestSuite$0.call(Unknown Source)
	at TempTestSuite1761139089875.run(TempTestSuite1761139089875.groovy:35)
	at java.base/jdk.internal.reflect.NativeMethodAccessorImpl.invoke0(Native Method)
	at java.base/jdk.internal.reflect.NativeMethodAccessorImpl.invoke(NativeMethodAccessorImpl.java:77)
	at java.base/jdk.internal.reflect.DelegatingMethodAccessorImpl.invoke(DelegatingMethodAccessorImpl.java:43)
)

22-10-2025T10:46:59 - [MESSAGE][INFO] - Unable to find the element located by 'By.xpath: //*[@id="__BVID__10___BV_modal_footer_"]/button'. Please recheck the objects properties to make sure the desired element is located. 

22-10-2025T10:46:59 - [MESSAGE][WARNING] - [SELF-HEALING] Failed to find element with id 'Object Repository/TripFocus/Testing_Notification_btn'. Try using Self-healing.

22-10-2025T10:47:00 - [MESSAGE][INFO] - [SELF-HEALING] No working XPath is found.

22-10-2025T10:47:02 - [MESSAGE][INFO] - Unable to find the element located by 'By.xpath: '. Please recheck the objects properties to make sure the desired element is located. 

22-10-2025T10:47:02 - [MESSAGE][WARNING] - [SELF-HEALING] Cannot find elements when the selector is null

22-10-2025T10:47:02 - [MESSAGE][WARNING] - Web element with id: 'Object Repository/TripFocus/Testing_Notification_btn' located by '//*[@id="__BVID__10___BV_modal_footer_"]/button' not found (Root cause: com.kms.katalon.core.exception.StepFailedException: Web element with id: 'Object Repository/TripFocus/Testing_Notification_btn' located by '//*[@id="__BVID__10___BV_modal_footer_"]/button' not found
	at com.kms.katalon.core.webui.keyword.internal.WebUIKeywordMain.stepFailed(WebUIKeywordMain.groovy:117)
	at com.kms.katalon.core.webui.keyword.builtin.VerifyElementVisibleKeyword$_verifyElementVisible_closure1.doCall(VerifyElementVisibleKeyword.groovy:89)
	at com.kms.katalon.core.webui.keyword.builtin.VerifyElementVisibleKeyword$_verifyElementVisible_closure1.call(VerifyElementVisibleKeyword.groovy)
	at com.kms.katalon.core.webui.keyword.internal.WebUIKeywordMain.runKeyword(WebUIKeywordMain.groovy:35)
	at com.kms.katalon.core.webui.keyword.builtin.VerifyElementVisibleKeyword.verifyElementVisible(VerifyElementVisibleKeyword.groovy:97)
	at com.kms.katalon.core.webui.keyword.builtin.VerifyElementVisibleKeyword.execute(VerifyElementVisibleKeyword.groovy:67)
	at com.kms.katalon.core.keyword.internal.KeywordExecutor.executeKeywordForPlatform(KeywordExecutor.groovy:74)
	at com.kms.katalon.core.webui.keyword.WebUiBuiltInKeywords.verifyElementVisible(WebUiBuiltInKeywords.groovy:401)
	at com.kms.katalon.core.webui.keyword.WebUiBuiltInKeywords$verifyElementVisible$5.call(Unknown Source)
	at SPG - Verify Order Planned Notification.run(SPG - Verify Order Planned Notification:37)
	at com.kms.katalon.core.main.ScriptEngine.run(ScriptEngine.java:194)
	at com.kms.katalon.core.main.ScriptEngine.runScriptAsRawText(ScriptEngine.java:119)
	at com.kms.katalon.core.main.TestCaseExecutor.runScript(TestCaseExecutor.java:448)
	at com.kms.katalon.core.main.TestCaseExecutor.doExecute(TestCaseExecutor.java:439)
	at com.kms.katalon.core.main.TestCaseExecutor.processExecutionPhase(TestCaseExecutor.java:418)
	at com.kms.katalon.core.main.TestCaseExecutor.accessMainPhase(TestCaseExecutor.java:410)
	at com.kms.katalon.core.main.TestCaseExecutor.execute(TestCaseExecutor.java:285)
	at com.kms.katalon.core.common.CommonExecutor.accessTestCaseMainPhase(CommonExecutor.java:65)
	at com.kms.katalon.core.main.TestSuiteExecutor.accessTestSuiteMainPhase(TestSuiteExecutor.java:150)
	at com.kms.katalon.core.main.TestSuiteExecutor.execute(TestSuiteExecutor.java:106)
	at com.kms.katalon.core.main.TestCaseMain.startTestSuite(TestCaseMain.java:180)
	at com.kms.katalon.core.main.TestCaseMain$startTestSuite$0.call(Unknown Source)
	at TempTestSuite1761139089875.run(TempTestSuite1761139089875.groovy:35)
	at java.base/jdk.internal.reflect.NativeMethodAccessorImpl.invoke0(Native Method)
	at java.base/jdk.internal.reflect.NativeMethodAccessorImpl.invoke(NativeMethodAccessorImpl.java:77)
	at java.base/jdk.internal.reflect.DelegatingMethodAccessorImpl.invoke(DelegatingMethodAccessorImpl.java:43)
)

22-10-2025T10:47:02 - [TEST_STEP][PASSED] - click(findTestObject("TripFocus/Notifications/Notifications Tab")): Object: 'Object Repository/TripFocus/Notifications/Notifications Tab' is clicked on

22-10-2025T10:47:02 - [MESSAGE][PASSED] - Object: 'Object Repository/TripFocus/Notifications/Notifications Tab' is clicked on

22-10-2025T10:47:02 - [TEST_STEP][PASSED] - delay(5): Delayed 5 second(s)

22-10-2025T10:47:07 - [MESSAGE][PASSED] - Delayed 5 second(s)

22-10-2025T10:47:07 - [TEST_STEP][PASSED] - click(findTestObject("Object Repository/TripFocus/Page_TripFocus/button_Add New Notification")): Object: 'Object Repository/TripFocus/Page_TripFocus/button_Add New Notification' is clicked on

22-10-2025T10:47:07 - [MESSAGE][PASSED] - Object: 'Object Repository/TripFocus/Page_TripFocus/button_Add New Notification' is clicked on

22-10-2025T10:47:07 - [TEST_STEP][PASSED] - delay(5): Delayed 5 second(s)

22-10-2025T10:47:12 - [MESSAGE][PASSED] - Delayed 5 second(s)

22-10-2025T10:47:12 - [TEST_STEP][PASSED] - sendKeys(findTestObject("TripFocus/Notifications/Notification Events_txt"), "Order Planned"): Keys 'Order Planned' sent to object: 'Object Repository/TripFocus/Notifications/Notification Events_txt'

22-10-2025T10:47:12 - [MESSAGE][PASSED] - Keys 'Order Planned' sent to object: 'Object Repository/TripFocus/Notifications/Notification Events_txt'

22-10-2025T10:47:12 - [TEST_STEP][PASSED] - delay(2): Delayed 2 second(s)

22-10-2025T10:47:14 - [MESSAGE][PASSED] - Delayed 2 second(s)

22-10-2025T10:47:14 - [TEST_STEP][PASSED] - sendKeys(findTestObject("TripFocus/Notifications/Notification Events_txt"), Keys.chord(ENTER)): Keys 'ENTER + ' sent to object: 'Object Repository/TripFocus/Notifications/Notification Events_txt'

22-10-2025T10:47:14 - [MESSAGE][PASSED] - Keys 'ENTER + ' sent to object: 'Object Repository/TripFocus/Notifications/Notification Events_txt'

22-10-2025T10:47:14 - [TEST_STEP][PASSED] - delay(2): Delayed 2 second(s)

22-10-2025T10:47:16 - [MESSAGE][PASSED] - Delayed 2 second(s)

22-10-2025T10:47:16 - [TEST_STEP][PASSED] - click(findTestObject("TripFocus/Page_TripFocus/textarea_Send To_txtSendTo")): Object: 'Object Repository/TripFocus/Page_TripFocus/textarea_Send To_txtSendTo' is clicked on

22-10-2025T10:47:16 - [MESSAGE][PASSED] - Object: 'Object Repository/TripFocus/Page_TripFocus/textarea_Send To_txtSendTo' is clicked on

22-10-2025T10:47:16 - [TEST_STEP][PASSED] - delay(2): Delayed 2 second(s)

22-10-2025T10:47:18 - [MESSAGE][PASSED] - Delayed 2 second(s)

22-10-2025T10:47:18 - [TEST_STEP][PASSED] - verifyElementText(findTestObject("TripFocus/Notifications/Selected Notification_option"), "Order Planned"): Actual text and expected text of test object 'Object Repository/TripFocus/Notifications/Selected Notification_option' are matched.

22-10-2025T10:47:18 - [MESSAGE][PASSED] - Actual text and expected text of test object 'Object Repository/TripFocus/Notifications/Selected Notification_option' are matched.

22-10-2025T10:47:18 - [TEST_STEP][PASSED] - Start listener action : retryOnDisconnect: null

22-10-2025T10:47:18 - [TEST_STEP][PASSED] - tcId = testCaseContext.getTestCaseId(): null

22-10-2025T10:47:18 - [TEST_STEP][PASSED] - currentRetry = retryCounts.getOrDefault(tcId, 0): null

22-10-2025T10:47:18 - [TEST_STEP][PASSED] - if (testCaseContext.getTestCaseStatus() == "FAILED" && currentRetry < MAX_RETRIES): null]]></system-out>
         <system-err><![CDATA[]]></system-err>
      </testcase>
      <testcase name="Test Cases/TripFocus/SPG/SPG - Notification/SPG - Verify Order Submitted Notification" time="58.244" classname="Test Cases/TripFocus/SPG/SPG - Notification/SPG - Verify Order Submitted Notification" status="PASSED">
         <system-out><![CDATA[22-10-2025T10:47:18 - [TEST_CASE][PASSED] - Test Cases/TripFocus/SPG/SPG - Notification/SPG - Verify Order Submitted Notification: Test Cases/TripFocus/SPG/SPG - Notification/SPG - Verify Order Submitted Notification

22-10-2025T10:47:18 - [TEST_STEP][PASSED] - Start listener action : beforeTestCase: null

22-10-2025T10:47:18 - [TEST_STEP][PASSED] - addDefaultPackages(): null

22-10-2025T10:47:18 - [TEST_STEP][PASSED] - openBrowser(""): Browser is opened with url: ''

22-10-2025T10:47:18 - [MESSAGE][WARNING] - A browser is already opened. Closing browser and opening a new one

22-10-2025T10:47:18 - [MESSAGE][INFO] - Starting 'Chrome' driver

22-10-2025T10:47:18 - [MESSAGE][INFO] - User set preference: ['args', '[--no-sandbox, --disable-gpu, --disable-dev-shm-usage]']

22-10-2025T10:47:18 - [MESSAGE][INFO] - Action delay is set to 0 milliseconds

22-10-2025T10:47:19 - [MESSAGE][PASSED] - Browser is opened with url: ''

22-10-2025T10:47:19 - [TEST_STEP][PASSED] - navigateToUrl(TFBaseURL): Navigate to 'https://www.qa.tripfocus.com' successfully

22-10-2025T10:47:20 - [MESSAGE][PASSED] - Navigate to 'https://www.qa.tripfocus.com' successfully

22-10-2025T10:47:20 - [TEST_STEP][PASSED] - click(findTestObject("Object Repository/TripFocus/Page_TripFocus/button_Sign in")): Object: 'Object Repository/TripFocus/Page_TripFocus/button_Sign in' is clicked on

22-10-2025T10:47:20 - [MESSAGE][PASSED] - Object: 'Object Repository/TripFocus/Page_TripFocus/button_Sign in' is clicked on

22-10-2025T10:47:20 - [TEST_STEP][PASSED] - setText(findTestObject("TripFocus/Username_txt"), TripFocusBleachTechSPGUsername): Text 'Ashford.Chenault+BleachtechCustomerSPGONLY@thekag.com' is set on object 'Object Repository/TripFocus/Username_txt'

22-10-2025T10:47:21 - [MESSAGE][PASSED] - Text 'Ashford.Chenault+BleachtechCustomerSPGONLY@thekag.com' is set on object 'Object Repository/TripFocus/Username_txt'

22-10-2025T10:47:21 - [TEST_STEP][PASSED] - setText(findTestObject("TripFocus/Password_txt"), TripFocusFDGSPGPassword): Text 'CrashBan911!!' is set on object 'Object Repository/TripFocus/Password_txt'

22-10-2025T10:47:21 - [MESSAGE][PASSED] - Text 'CrashBan911!!' is set on object 'Object Repository/TripFocus/Password_txt'

22-10-2025T10:47:21 - [TEST_STEP][PASSED] - click(findTestObject("Object Repository/TripFocus/Page_TripFocus/button_Login")): Object: 'Object Repository/TripFocus/Page_TripFocus/button_Login' is clicked on

22-10-2025T10:47:21 - [MESSAGE][PASSED] - Object: 'Object Repository/TripFocus/Page_TripFocus/button_Login' is clicked on

22-10-2025T10:47:21 - [TEST_STEP][PASSED] - maximizeWindow(): Current window maximized

22-10-2025T10:47:22 - [MESSAGE][PASSED] - Current window maximized

22-10-2025T10:47:22 - [TEST_STEP][PASSED] - waitForElementVisible(findTestObject("TripFocus/Testing_Notification_btn"), 15, OPTIONAL): Web element with id: 'Object Repository/TripFocus/Testing_Notification_btn' located by '//*[@id="__BVID__10___BV_modal_footer_"]/button' not found

22-10-2025T10:47:38 - [MESSAGE][INFO] - Unable to find the element located by 'By.xpath: //*[@id="__BVID__10___BV_modal_footer_"]/button'. Please recheck the objects properties to make sure the desired element is located. 

22-10-2025T10:47:38 - [MESSAGE][WARNING] - [SELF-HEALING] Failed to find element with id 'Object Repository/TripFocus/Testing_Notification_btn'. Try using Self-healing.

22-10-2025T10:47:39 - [MESSAGE][INFO] - [SELF-HEALING] No working XPath is found.

22-10-2025T10:47:41 - [MESSAGE][INFO] - Unable to find the element located by 'By.xpath: '. Please recheck the objects properties to make sure the desired element is located. 

22-10-2025T10:47:41 - [MESSAGE][WARNING] - [SELF-HEALING] Cannot find elements when the selector is null

22-10-2025T10:47:41 - [MESSAGE][WARNING] - Web element with id: 'Object Repository/TripFocus/Testing_Notification_btn' located by '//*[@id="__BVID__10___BV_modal_footer_"]/button' not found

22-10-2025T10:47:41 - [TEST_STEP][PASSED] - if (verifyElementVisible(findTestObject("TripFocus/Testing_Notification_btn"), OPTIONAL) == true): Web element with id: 'Object Repository/TripFocus/Testing_Notification_btn' located by '//*[@id="__BVID__10___BV_modal_footer_"]/button' not found (Root cause: com.kms.katalon.core.exception.StepFailedException: Web element with id: 'Object Repository/TripFocus/Testing_Notification_btn' located by '//*[@id="__BVID__10___BV_modal_footer_"]/button' not found
	at com.kms.katalon.core.webui.keyword.internal.WebUIKeywordMain.stepFailed(WebUIKeywordMain.groovy:117)
	at com.kms.katalon.core.webui.keyword.builtin.VerifyElementVisibleKeyword$_verifyElementVisible_closure1.doCall(VerifyElementVisibleKeyword.groovy:89)
	at com.kms.katalon.core.webui.keyword.builtin.VerifyElementVisibleKeyword$_verifyElementVisible_closure1.call(VerifyElementVisibleKeyword.groovy)
	at com.kms.katalon.core.webui.keyword.internal.WebUIKeywordMain.runKeyword(WebUIKeywordMain.groovy:35)
	at com.kms.katalon.core.webui.keyword.builtin.VerifyElementVisibleKeyword.verifyElementVisible(VerifyElementVisibleKeyword.groovy:97)
	at com.kms.katalon.core.webui.keyword.builtin.VerifyElementVisibleKeyword.execute(VerifyElementVisibleKeyword.groovy:67)
	at com.kms.katalon.core.keyword.internal.KeywordExecutor.executeKeywordForPlatform(KeywordExecutor.groovy:74)
	at com.kms.katalon.core.webui.keyword.WebUiBuiltInKeywords.verifyElementVisible(WebUiBuiltInKeywords.groovy:401)
	at com.kms.katalon.core.webui.keyword.WebUiBuiltInKeywords$verifyElementVisible$5.call(Unknown Source)
	at SPG - Verify Order Submitted Notification.run(SPG - Verify Order Submitted Notification:37)
	at com.kms.katalon.core.main.ScriptEngine.run(ScriptEngine.java:194)
	at com.kms.katalon.core.main.ScriptEngine.runScriptAsRawText(ScriptEngine.java:119)
	at com.kms.katalon.core.main.TestCaseExecutor.runScript(TestCaseExecutor.java:448)
	at com.kms.katalon.core.main.TestCaseExecutor.doExecute(TestCaseExecutor.java:439)
	at com.kms.katalon.core.main.TestCaseExecutor.processExecutionPhase(TestCaseExecutor.java:418)
	at com.kms.katalon.core.main.TestCaseExecutor.accessMainPhase(TestCaseExecutor.java:410)
	at com.kms.katalon.core.main.TestCaseExecutor.execute(TestCaseExecutor.java:285)
	at com.kms.katalon.core.common.CommonExecutor.accessTestCaseMainPhase(CommonExecutor.java:65)
	at com.kms.katalon.core.main.TestSuiteExecutor.accessTestSuiteMainPhase(TestSuiteExecutor.java:150)
	at com.kms.katalon.core.main.TestSuiteExecutor.execute(TestSuiteExecutor.java:106)
	at com.kms.katalon.core.main.TestCaseMain.startTestSuite(TestCaseMain.java:180)
	at com.kms.katalon.core.main.TestCaseMain$startTestSuite$0.call(Unknown Source)
	at TempTestSuite1761139089875.run(TempTestSuite1761139089875.groovy:35)
	at java.base/jdk.internal.reflect.NativeMethodAccessorImpl.invoke0(Native Method)
	at java.base/jdk.internal.reflect.NativeMethodAccessorImpl.invoke(NativeMethodAccessorImpl.java:77)
	at java.base/jdk.internal.reflect.DelegatingMethodAccessorImpl.invoke(DelegatingMethodAccessorImpl.java:43)
)

22-10-2025T10:47:57 - [MESSAGE][INFO] - Unable to find the element located by 'By.xpath: //*[@id="__BVID__10___BV_modal_footer_"]/button'. Please recheck the objects properties to make sure the desired element is located. 

22-10-2025T10:47:57 - [MESSAGE][WARNING] - [SELF-HEALING] Failed to find element with id 'Object Repository/TripFocus/Testing_Notification_btn'. Try using Self-healing.

22-10-2025T10:47:58 - [MESSAGE][INFO] - [SELF-HEALING] No working XPath is found.

22-10-2025T10:48:00 - [MESSAGE][INFO] - Unable to find the element located by 'By.xpath: '. Please recheck the objects properties to make sure the desired element is located. 

22-10-2025T10:48:00 - [MESSAGE][WARNING] - [SELF-HEALING] Cannot find elements when the selector is null

22-10-2025T10:48:00 - [MESSAGE][WARNING] - Web element with id: 'Object Repository/TripFocus/Testing_Notification_btn' located by '//*[@id="__BVID__10___BV_modal_footer_"]/button' not found (Root cause: com.kms.katalon.core.exception.StepFailedException: Web element with id: 'Object Repository/TripFocus/Testing_Notification_btn' located by '//*[@id="__BVID__10___BV_modal_footer_"]/button' not found
	at com.kms.katalon.core.webui.keyword.internal.WebUIKeywordMain.stepFailed(WebUIKeywordMain.groovy:117)
	at com.kms.katalon.core.webui.keyword.builtin.VerifyElementVisibleKeyword$_verifyElementVisible_closure1.doCall(VerifyElementVisibleKeyword.groovy:89)
	at com.kms.katalon.core.webui.keyword.builtin.VerifyElementVisibleKeyword$_verifyElementVisible_closure1.call(VerifyElementVisibleKeyword.groovy)
	at com.kms.katalon.core.webui.keyword.internal.WebUIKeywordMain.runKeyword(WebUIKeywordMain.groovy:35)
	at com.kms.katalon.core.webui.keyword.builtin.VerifyElementVisibleKeyword.verifyElementVisible(VerifyElementVisibleKeyword.groovy:97)
	at com.kms.katalon.core.webui.keyword.builtin.VerifyElementVisibleKeyword.execute(VerifyElementVisibleKeyword.groovy:67)
	at com.kms.katalon.core.keyword.internal.KeywordExecutor.executeKeywordForPlatform(KeywordExecutor.groovy:74)
	at com.kms.katalon.core.webui.keyword.WebUiBuiltInKeywords.verifyElementVisible(WebUiBuiltInKeywords.groovy:401)
	at com.kms.katalon.core.webui.keyword.WebUiBuiltInKeywords$verifyElementVisible$5.call(Unknown Source)
	at SPG - Verify Order Submitted Notification.run(SPG - Verify Order Submitted Notification:37)
	at com.kms.katalon.core.main.ScriptEngine.run(ScriptEngine.java:194)
	at com.kms.katalon.core.main.ScriptEngine.runScriptAsRawText(ScriptEngine.java:119)
	at com.kms.katalon.core.main.TestCaseExecutor.runScript(TestCaseExecutor.java:448)
	at com.kms.katalon.core.main.TestCaseExecutor.doExecute(TestCaseExecutor.java:439)
	at com.kms.katalon.core.main.TestCaseExecutor.processExecutionPhase(TestCaseExecutor.java:418)
	at com.kms.katalon.core.main.TestCaseExecutor.accessMainPhase(TestCaseExecutor.java:410)
	at com.kms.katalon.core.main.TestCaseExecutor.execute(TestCaseExecutor.java:285)
	at com.kms.katalon.core.common.CommonExecutor.accessTestCaseMainPhase(CommonExecutor.java:65)
	at com.kms.katalon.core.main.TestSuiteExecutor.accessTestSuiteMainPhase(TestSuiteExecutor.java:150)
	at com.kms.katalon.core.main.TestSuiteExecutor.execute(TestSuiteExecutor.java:106)
	at com.kms.katalon.core.main.TestCaseMain.startTestSuite(TestCaseMain.java:180)
	at com.kms.katalon.core.main.TestCaseMain$startTestSuite$0.call(Unknown Source)
	at TempTestSuite1761139089875.run(TempTestSuite1761139089875.groovy:35)
	at java.base/jdk.internal.reflect.NativeMethodAccessorImpl.invoke0(Native Method)
	at java.base/jdk.internal.reflect.NativeMethodAccessorImpl.invoke(NativeMethodAccessorImpl.java:77)
	at java.base/jdk.internal.reflect.DelegatingMethodAccessorImpl.invoke(DelegatingMethodAccessorImpl.java:43)
)

22-10-2025T10:48:00 - [TEST_STEP][PASSED] - click(findTestObject("TripFocus/Notifications/Notifications Tab")): Object: 'Object Repository/TripFocus/Notifications/Notifications Tab' is clicked on

22-10-2025T10:48:00 - [MESSAGE][PASSED] - Object: 'Object Repository/TripFocus/Notifications/Notifications Tab' is clicked on

22-10-2025T10:48:00 - [TEST_STEP][PASSED] - delay(5): Delayed 5 second(s)

22-10-2025T10:48:05 - [MESSAGE][PASSED] - Delayed 5 second(s)

22-10-2025T10:48:05 - [TEST_STEP][PASSED] - click(findTestObject("Object Repository/TripFocus/Page_TripFocus/button_Add New Notification")): Object: 'Object Repository/TripFocus/Page_TripFocus/button_Add New Notification' is clicked on

22-10-2025T10:48:05 - [MESSAGE][PASSED] - Object: 'Object Repository/TripFocus/Page_TripFocus/button_Add New Notification' is clicked on

22-10-2025T10:48:05 - [TEST_STEP][PASSED] - delay(5): Delayed 5 second(s)

22-10-2025T10:48:10 - [MESSAGE][PASSED] - Delayed 5 second(s)

22-10-2025T10:48:10 - [TEST_STEP][PASSED] - sendKeys(findTestObject("TripFocus/Notifications/Notification Events_txt"), "Order Submitted"): Keys 'Order Submitted' sent to object: 'Object Repository/TripFocus/Notifications/Notification Events_txt'

22-10-2025T10:48:10 - [MESSAGE][PASSED] - Keys 'Order Submitted' sent to object: 'Object Repository/TripFocus/Notifications/Notification Events_txt'

22-10-2025T10:48:10 - [TEST_STEP][PASSED] - delay(2): Delayed 2 second(s)

22-10-2025T10:48:12 - [MESSAGE][PASSED] - Delayed 2 second(s)

22-10-2025T10:48:12 - [TEST_STEP][PASSED] - sendKeys(findTestObject("TripFocus/Notifications/Notification Events_txt"), Keys.chord(ENTER)): Keys 'ENTER + ' sent to object: 'Object Repository/TripFocus/Notifications/Notification Events_txt'

22-10-2025T10:48:12 - [MESSAGE][PASSED] - Keys 'ENTER + ' sent to object: 'Object Repository/TripFocus/Notifications/Notification Events_txt'

22-10-2025T10:48:12 - [TEST_STEP][PASSED] - delay(2): Delayed 2 second(s)

22-10-2025T10:48:14 - [MESSAGE][PASSED] - Delayed 2 second(s)

22-10-2025T10:48:14 - [TEST_STEP][PASSED] - click(findTestObject("TripFocus/Page_TripFocus/textarea_Send To_txtSendTo")): Object: 'Object Repository/TripFocus/Page_TripFocus/textarea_Send To_txtSendTo' is clicked on

22-10-2025T10:48:15 - [MESSAGE][PASSED] - Object: 'Object Repository/TripFocus/Page_TripFocus/textarea_Send To_txtSendTo' is clicked on

22-10-2025T10:48:15 - [TEST_STEP][PASSED] - delay(2): Delayed 2 second(s)

22-10-2025T10:48:17 - [MESSAGE][PASSED] - Delayed 2 second(s)

22-10-2025T10:48:17 - [TEST_STEP][PASSED] - verifyElementText(findTestObject("TripFocus/Notifications/Selected Notification_option"), "Order Submitted"): Actual text and expected text of test object 'Object Repository/TripFocus/Notifications/Selected Notification_option' are matched.

22-10-2025T10:48:17 - [MESSAGE][PASSED] - Actual text and expected text of test object 'Object Repository/TripFocus/Notifications/Selected Notification_option' are matched.

22-10-2025T10:48:17 - [TEST_STEP][PASSED] - Start listener action : retryOnDisconnect: null

22-10-2025T10:48:17 - [TEST_STEP][PASSED] - tcId = testCaseContext.getTestCaseId(): null

22-10-2025T10:48:17 - [TEST_STEP][PASSED] - currentRetry = retryCounts.getOrDefault(tcId, 0): null

22-10-2025T10:48:17 - [TEST_STEP][PASSED] - if (testCaseContext.getTestCaseStatus() == "FAILED" && currentRetry < MAX_RETRIES): null]]></system-out>
         <system-err><![CDATA[]]></system-err>
      </testcase>
      <testcase name="Test Cases/TripFocus/SPG/SPG - Notification/SPG - Verify Order Undispatched Notification" time="57.651" classname="Test Cases/TripFocus/SPG/SPG - Notification/SPG - Verify Order Undispatched Notification" status="PASSED">
         <system-out><![CDATA[22-10-2025T10:48:17 - [TEST_CASE][PASSED] - Test Cases/TripFocus/SPG/SPG - Notification/SPG - Verify Order Undispatched Notification: Test Cases/TripFocus/SPG/SPG - Notification/SPG - Verify Order Undispatched Notification

22-10-2025T10:48:17 - [TEST_STEP][PASSED] - Start listener action : beforeTestCase: null

22-10-2025T10:48:17 - [TEST_STEP][PASSED] - addDefaultPackages(): null

22-10-2025T10:48:17 - [TEST_STEP][PASSED] - openBrowser(""): Browser is opened with url: ''

22-10-2025T10:48:17 - [MESSAGE][WARNING] - A browser is already opened. Closing browser and opening a new one

22-10-2025T10:48:17 - [MESSAGE][INFO] - Starting 'Chrome' driver

22-10-2025T10:48:17 - [MESSAGE][INFO] - User set preference: ['args', '[--no-sandbox, --disable-gpu, --disable-dev-shm-usage]']

22-10-2025T10:48:17 - [MESSAGE][INFO] - Action delay is set to 0 milliseconds

22-10-2025T10:48:18 - [MESSAGE][PASSED] - Browser is opened with url: ''

22-10-2025T10:48:18 - [TEST_STEP][PASSED] - navigateToUrl(TFBaseURL): Navigate to 'https://www.qa.tripfocus.com' successfully

22-10-2025T10:48:18 - [MESSAGE][PASSED] - Navigate to 'https://www.qa.tripfocus.com' successfully

22-10-2025T10:48:18 - [TEST_STEP][PASSED] - click(findTestObject("Object Repository/TripFocus/Page_TripFocus/button_Sign in")): Object: 'Object Repository/TripFocus/Page_TripFocus/button_Sign in' is clicked on

22-10-2025T10:48:18 - [MESSAGE][PASSED] - Object: 'Object Repository/TripFocus/Page_TripFocus/button_Sign in' is clicked on

22-10-2025T10:48:18 - [TEST_STEP][PASSED] - setText(findTestObject("TripFocus/Username_txt"), TripFocusBleachTechSPGUsername): Text 'Ashford.Chenault+BleachtechCustomerSPGONLY@thekag.com' is set on object 'Object Repository/TripFocus/Username_txt'

22-10-2025T10:48:19 - [MESSAGE][PASSED] - Text 'Ashford.Chenault+BleachtechCustomerSPGONLY@thekag.com' is set on object 'Object Repository/TripFocus/Username_txt'

22-10-2025T10:48:19 - [TEST_STEP][PASSED] - setText(findTestObject("TripFocus/Password_txt"), TripFocusFDGSPGPassword): Text 'CrashBan911!!' is set on object 'Object Repository/TripFocus/Password_txt'

22-10-2025T10:48:19 - [MESSAGE][PASSED] - Text 'CrashBan911!!' is set on object 'Object Repository/TripFocus/Password_txt'

22-10-2025T10:48:19 - [TEST_STEP][PASSED] - click(findTestObject("Object Repository/TripFocus/Page_TripFocus/button_Login")): Object: 'Object Repository/TripFocus/Page_TripFocus/button_Login' is clicked on

22-10-2025T10:48:19 - [MESSAGE][PASSED] - Object: 'Object Repository/TripFocus/Page_TripFocus/button_Login' is clicked on

22-10-2025T10:48:19 - [TEST_STEP][PASSED] - maximizeWindow(): Current window maximized

22-10-2025T10:48:19 - [MESSAGE][PASSED] - Current window maximized

22-10-2025T10:48:19 - [TEST_STEP][PASSED] - waitForElementVisible(findTestObject("TripFocus/Testing_Notification_btn"), 15, OPTIONAL): Web element with id: 'Object Repository/TripFocus/Testing_Notification_btn' located by '//*[@id="__BVID__10___BV_modal_footer_"]/button' not found

22-10-2025T10:48:35 - [MESSAGE][INFO] - Unable to find the element located by 'By.xpath: //*[@id="__BVID__10___BV_modal_footer_"]/button'. Please recheck the objects properties to make sure the desired element is located. 

22-10-2025T10:48:35 - [MESSAGE][WARNING] - [SELF-HEALING] Failed to find element with id 'Object Repository/TripFocus/Testing_Notification_btn'. Try using Self-healing.

22-10-2025T10:48:36 - [MESSAGE][INFO] - [SELF-HEALING] No working XPath is found.

22-10-2025T10:48:39 - [MESSAGE][INFO] - Unable to find the element located by 'By.xpath: '. Please recheck the objects properties to make sure the desired element is located. 

22-10-2025T10:48:39 - [MESSAGE][WARNING] - [SELF-HEALING] Cannot find elements when the selector is null

22-10-2025T10:48:39 - [MESSAGE][WARNING] - Web element with id: 'Object Repository/TripFocus/Testing_Notification_btn' located by '//*[@id="__BVID__10___BV_modal_footer_"]/button' not found

22-10-2025T10:48:39 - [TEST_STEP][PASSED] - if (verifyElementVisible(findTestObject("TripFocus/Testing_Notification_btn"), OPTIONAL) == true): Web element with id: 'Object Repository/TripFocus/Testing_Notification_btn' located by '//*[@id="__BVID__10___BV_modal_footer_"]/button' not found (Root cause: com.kms.katalon.core.exception.StepFailedException: Web element with id: 'Object Repository/TripFocus/Testing_Notification_btn' located by '//*[@id="__BVID__10___BV_modal_footer_"]/button' not found
	at com.kms.katalon.core.webui.keyword.internal.WebUIKeywordMain.stepFailed(WebUIKeywordMain.groovy:117)
	at com.kms.katalon.core.webui.keyword.builtin.VerifyElementVisibleKeyword$_verifyElementVisible_closure1.doCall(VerifyElementVisibleKeyword.groovy:89)
	at com.kms.katalon.core.webui.keyword.builtin.VerifyElementVisibleKeyword$_verifyElementVisible_closure1.call(VerifyElementVisibleKeyword.groovy)
	at com.kms.katalon.core.webui.keyword.internal.WebUIKeywordMain.runKeyword(WebUIKeywordMain.groovy:35)
	at com.kms.katalon.core.webui.keyword.builtin.VerifyElementVisibleKeyword.verifyElementVisible(VerifyElementVisibleKeyword.groovy:97)
	at com.kms.katalon.core.webui.keyword.builtin.VerifyElementVisibleKeyword.execute(VerifyElementVisibleKeyword.groovy:67)
	at com.kms.katalon.core.keyword.internal.KeywordExecutor.executeKeywordForPlatform(KeywordExecutor.groovy:74)
	at com.kms.katalon.core.webui.keyword.WebUiBuiltInKeywords.verifyElementVisible(WebUiBuiltInKeywords.groovy:401)
	at com.kms.katalon.core.webui.keyword.WebUiBuiltInKeywords$verifyElementVisible$5.call(Unknown Source)
	at SPG - Verify Order Undispatched Notification.run(SPG - Verify Order Undispatched Notification:37)
	at com.kms.katalon.core.main.ScriptEngine.run(ScriptEngine.java:194)
	at com.kms.katalon.core.main.ScriptEngine.runScriptAsRawText(ScriptEngine.java:119)
	at com.kms.katalon.core.main.TestCaseExecutor.runScript(TestCaseExecutor.java:448)
	at com.kms.katalon.core.main.TestCaseExecutor.doExecute(TestCaseExecutor.java:439)
	at com.kms.katalon.core.main.TestCaseExecutor.processExecutionPhase(TestCaseExecutor.java:418)
	at com.kms.katalon.core.main.TestCaseExecutor.accessMainPhase(TestCaseExecutor.java:410)
	at com.kms.katalon.core.main.TestCaseExecutor.execute(TestCaseExecutor.java:285)
	at com.kms.katalon.core.common.CommonExecutor.accessTestCaseMainPhase(CommonExecutor.java:65)
	at com.kms.katalon.core.main.TestSuiteExecutor.accessTestSuiteMainPhase(TestSuiteExecutor.java:150)
	at com.kms.katalon.core.main.TestSuiteExecutor.execute(TestSuiteExecutor.java:106)
	at com.kms.katalon.core.main.TestCaseMain.startTestSuite(TestCaseMain.java:180)
	at com.kms.katalon.core.main.TestCaseMain$startTestSuite$0.call(Unknown Source)
	at TempTestSuite1761139089875.run(TempTestSuite1761139089875.groovy:35)
	at java.base/jdk.internal.reflect.NativeMethodAccessorImpl.invoke0(Native Method)
	at java.base/jdk.internal.reflect.NativeMethodAccessorImpl.invoke(NativeMethodAccessorImpl.java:77)
	at java.base/jdk.internal.reflect.DelegatingMethodAccessorImpl.invoke(DelegatingMethodAccessorImpl.java:43)
)

22-10-2025T10:48:55 - [MESSAGE][INFO] - Unable to find the element located by 'By.xpath: //*[@id="__BVID__10___BV_modal_footer_"]/button'. Please recheck the objects properties to make sure the desired element is located. 

22-10-2025T10:48:55 - [MESSAGE][WARNING] - [SELF-HEALING] Failed to find element with id 'Object Repository/TripFocus/Testing_Notification_btn'. Try using Self-healing.

22-10-2025T10:48:56 - [MESSAGE][INFO] - [SELF-HEALING] No working XPath is found.

22-10-2025T10:48:58 - [MESSAGE][INFO] - Unable to find the element located by 'By.xpath: '. Please recheck the objects properties to make sure the desired element is located. 

22-10-2025T10:48:58 - [MESSAGE][WARNING] - [SELF-HEALING] Cannot find elements when the selector is null

22-10-2025T10:48:58 - [MESSAGE][WARNING] - Web element with id: 'Object Repository/TripFocus/Testing_Notification_btn' located by '//*[@id="__BVID__10___BV_modal_footer_"]/button' not found (Root cause: com.kms.katalon.core.exception.StepFailedException: Web element with id: 'Object Repository/TripFocus/Testing_Notification_btn' located by '//*[@id="__BVID__10___BV_modal_footer_"]/button' not found
	at com.kms.katalon.core.webui.keyword.internal.WebUIKeywordMain.stepFailed(WebUIKeywordMain.groovy:117)
	at com.kms.katalon.core.webui.keyword.builtin.VerifyElementVisibleKeyword$_verifyElementVisible_closure1.doCall(VerifyElementVisibleKeyword.groovy:89)
	at com.kms.katalon.core.webui.keyword.builtin.VerifyElementVisibleKeyword$_verifyElementVisible_closure1.call(VerifyElementVisibleKeyword.groovy)
	at com.kms.katalon.core.webui.keyword.internal.WebUIKeywordMain.runKeyword(WebUIKeywordMain.groovy:35)
	at com.kms.katalon.core.webui.keyword.builtin.VerifyElementVisibleKeyword.verifyElementVisible(VerifyElementVisibleKeyword.groovy:97)
	at com.kms.katalon.core.webui.keyword.builtin.VerifyElementVisibleKeyword.execute(VerifyElementVisibleKeyword.groovy:67)
	at com.kms.katalon.core.keyword.internal.KeywordExecutor.executeKeywordForPlatform(KeywordExecutor.groovy:74)
	at com.kms.katalon.core.webui.keyword.WebUiBuiltInKeywords.verifyElementVisible(WebUiBuiltInKeywords.groovy:401)
	at com.kms.katalon.core.webui.keyword.WebUiBuiltInKeywords$verifyElementVisible$5.call(Unknown Source)
	at SPG - Verify Order Undispatched Notification.run(SPG - Verify Order Undispatched Notification:37)
	at com.kms.katalon.core.main.ScriptEngine.run(ScriptEngine.java:194)
	at com.kms.katalon.core.main.ScriptEngine.runScriptAsRawText(ScriptEngine.java:119)
	at com.kms.katalon.core.main.TestCaseExecutor.runScript(TestCaseExecutor.java:448)
	at com.kms.katalon.core.main.TestCaseExecutor.doExecute(TestCaseExecutor.java:439)
	at com.kms.katalon.core.main.TestCaseExecutor.processExecutionPhase(TestCaseExecutor.java:418)
	at com.kms.katalon.core.main.TestCaseExecutor.accessMainPhase(TestCaseExecutor.java:410)
	at com.kms.katalon.core.main.TestCaseExecutor.execute(TestCaseExecutor.java:285)
	at com.kms.katalon.core.common.CommonExecutor.accessTestCaseMainPhase(CommonExecutor.java:65)
	at com.kms.katalon.core.main.TestSuiteExecutor.accessTestSuiteMainPhase(TestSuiteExecutor.java:150)
	at com.kms.katalon.core.main.TestSuiteExecutor.execute(TestSuiteExecutor.java:106)
	at com.kms.katalon.core.main.TestCaseMain.startTestSuite(TestCaseMain.java:180)
	at com.kms.katalon.core.main.TestCaseMain$startTestSuite$0.call(Unknown Source)
	at TempTestSuite1761139089875.run(TempTestSuite1761139089875.groovy:35)
	at java.base/jdk.internal.reflect.NativeMethodAccessorImpl.invoke0(Native Method)
	at java.base/jdk.internal.reflect.NativeMethodAccessorImpl.invoke(NativeMethodAccessorImpl.java:77)
	at java.base/jdk.internal.reflect.DelegatingMethodAccessorImpl.invoke(DelegatingMethodAccessorImpl.java:43)
)

22-10-2025T10:48:58 - [TEST_STEP][PASSED] - click(findTestObject("TripFocus/Notifications/Notifications Tab")): Object: 'Object Repository/TripFocus/Notifications/Notifications Tab' is clicked on

22-10-2025T10:48:58 - [MESSAGE][PASSED] - Object: 'Object Repository/TripFocus/Notifications/Notifications Tab' is clicked on

22-10-2025T10:48:58 - [TEST_STEP][PASSED] - delay(5): Delayed 5 second(s)

22-10-2025T10:49:03 - [MESSAGE][PASSED] - Delayed 5 second(s)

22-10-2025T10:49:03 - [TEST_STEP][PASSED] - click(findTestObject("Object Repository/TripFocus/Page_TripFocus/button_Add New Notification")): Object: 'Object Repository/TripFocus/Page_TripFocus/button_Add New Notification' is clicked on

22-10-2025T10:49:03 - [MESSAGE][PASSED] - Object: 'Object Repository/TripFocus/Page_TripFocus/button_Add New Notification' is clicked on

22-10-2025T10:49:03 - [TEST_STEP][PASSED] - delay(5): Delayed 5 second(s)

22-10-2025T10:49:08 - [MESSAGE][PASSED] - Delayed 5 second(s)

22-10-2025T10:49:08 - [TEST_STEP][PASSED] - sendKeys(findTestObject("TripFocus/Notifications/Notification Events_txt"), "Order Undispatched"): Keys 'Order Undispatched' sent to object: 'Object Repository/TripFocus/Notifications/Notification Events_txt'

22-10-2025T10:49:08 - [MESSAGE][PASSED] - Keys 'Order Undispatched' sent to object: 'Object Repository/TripFocus/Notifications/Notification Events_txt'

22-10-2025T10:49:08 - [TEST_STEP][PASSED] - delay(2): Delayed 2 second(s)

22-10-2025T10:49:10 - [MESSAGE][PASSED] - Delayed 2 second(s)

22-10-2025T10:49:10 - [TEST_STEP][PASSED] - sendKeys(findTestObject("TripFocus/Notifications/Notification Events_txt"), Keys.chord(ENTER)): Keys 'ENTER + ' sent to object: 'Object Repository/TripFocus/Notifications/Notification Events_txt'

22-10-2025T10:49:10 - [MESSAGE][PASSED] - Keys 'ENTER + ' sent to object: 'Object Repository/TripFocus/Notifications/Notification Events_txt'

22-10-2025T10:49:10 - [TEST_STEP][PASSED] - delay(2): Delayed 2 second(s)

22-10-2025T10:49:12 - [MESSAGE][PASSED] - Delayed 2 second(s)

22-10-2025T10:49:12 - [TEST_STEP][PASSED] - click(findTestObject("TripFocus/Page_TripFocus/textarea_Send To_txtSendTo")): Object: 'Object Repository/TripFocus/Page_TripFocus/textarea_Send To_txtSendTo' is clicked on

22-10-2025T10:49:12 - [MESSAGE][PASSED] - Object: 'Object Repository/TripFocus/Page_TripFocus/textarea_Send To_txtSendTo' is clicked on

22-10-2025T10:49:12 - [TEST_STEP][PASSED] - delay(2): Delayed 2 second(s)

22-10-2025T10:49:14 - [MESSAGE][PASSED] - Delayed 2 second(s)

22-10-2025T10:49:14 - [TEST_STEP][PASSED] - verifyElementText(findTestObject("TripFocus/Notifications/Selected Notification_option"), "Order Undispatched"): Actual text and expected text of test object 'Object Repository/TripFocus/Notifications/Selected Notification_option' are matched.

22-10-2025T10:49:14 - [MESSAGE][PASSED] - Actual text and expected text of test object 'Object Repository/TripFocus/Notifications/Selected Notification_option' are matched.

22-10-2025T10:49:14 - [TEST_STEP][PASSED] - Start listener action : retryOnDisconnect: null

22-10-2025T10:49:14 - [TEST_STEP][PASSED] - tcId = testCaseContext.getTestCaseId(): null

22-10-2025T10:49:14 - [TEST_STEP][PASSED] - currentRetry = retryCounts.getOrDefault(tcId, 0): null

22-10-2025T10:49:14 - [TEST_STEP][PASSED] - if (testCaseContext.getTestCaseStatus() == "FAILED" && currentRetry < MAX_RETRIES): null]]></system-out>
         <system-err><![CDATA[]]></system-err>
      </testcase>
      <testcase name="Test Cases/TripFocus/SPG/SPG - Notification/SPG - Verify Source Change Notification" time="57.776" classname="Test Cases/TripFocus/SPG/SPG - Notification/SPG - Verify Source Change Notification" status="PASSED">
         <system-out><![CDATA[22-10-2025T10:49:14 - [TEST_CASE][PASSED] - Test Cases/TripFocus/SPG/SPG - Notification/SPG - Verify Source Change Notification: Test Cases/TripFocus/SPG/SPG - Notification/SPG - Verify Source Change Notification

22-10-2025T10:49:14 - [TEST_STEP][PASSED] - Start listener action : beforeTestCase: null

22-10-2025T10:49:14 - [TEST_STEP][PASSED] - addDefaultPackages(): null

22-10-2025T10:49:14 - [TEST_STEP][PASSED] - openBrowser(""): Browser is opened with url: ''

22-10-2025T10:49:14 - [MESSAGE][WARNING] - A browser is already opened. Closing browser and opening a new one

22-10-2025T10:49:14 - [MESSAGE][INFO] - Starting 'Chrome' driver

22-10-2025T10:49:14 - [MESSAGE][INFO] - User set preference: ['args', '[--no-sandbox, --disable-gpu, --disable-dev-shm-usage]']

22-10-2025T10:49:14 - [MESSAGE][INFO] - Action delay is set to 0 milliseconds

22-10-2025T10:49:15 - [MESSAGE][PASSED] - Browser is opened with url: ''

22-10-2025T10:49:15 - [TEST_STEP][PASSED] - navigateToUrl(TFBaseURL): Navigate to 'https://www.qa.tripfocus.com' successfully

22-10-2025T10:49:16 - [MESSAGE][PASSED] - Navigate to 'https://www.qa.tripfocus.com' successfully

22-10-2025T10:49:16 - [TEST_STEP][PASSED] - click(findTestObject("Object Repository/TripFocus/Page_TripFocus/button_Sign in")): Object: 'Object Repository/TripFocus/Page_TripFocus/button_Sign in' is clicked on

22-10-2025T10:49:16 - [MESSAGE][PASSED] - Object: 'Object Repository/TripFocus/Page_TripFocus/button_Sign in' is clicked on

22-10-2025T10:49:16 - [TEST_STEP][PASSED] - setText(findTestObject("TripFocus/Username_txt"), TripFocusBleachTechSPGUsername): Text 'Ashford.Chenault+BleachtechCustomerSPGONLY@thekag.com' is set on object 'Object Repository/TripFocus/Username_txt'

22-10-2025T10:49:17 - [MESSAGE][PASSED] - Text 'Ashford.Chenault+BleachtechCustomerSPGONLY@thekag.com' is set on object 'Object Repository/TripFocus/Username_txt'

22-10-2025T10:49:17 - [TEST_STEP][PASSED] - setText(findTestObject("TripFocus/Password_txt"), TripFocusFDGSPGPassword): Text 'CrashBan911!!' is set on object 'Object Repository/TripFocus/Password_txt'

22-10-2025T10:49:17 - [MESSAGE][PASSED] - Text 'CrashBan911!!' is set on object 'Object Repository/TripFocus/Password_txt'

22-10-2025T10:49:17 - [TEST_STEP][PASSED] - click(findTestObject("Object Repository/TripFocus/Page_TripFocus/button_Login")): Object: 'Object Repository/TripFocus/Page_TripFocus/button_Login' is clicked on

22-10-2025T10:49:17 - [MESSAGE][PASSED] - Object: 'Object Repository/TripFocus/Page_TripFocus/button_Login' is clicked on

22-10-2025T10:49:17 - [TEST_STEP][PASSED] - maximizeWindow(): Current window maximized

22-10-2025T10:49:17 - [MESSAGE][PASSED] - Current window maximized

22-10-2025T10:49:17 - [TEST_STEP][PASSED] - waitForElementVisible(findTestObject("TripFocus/Testing_Notification_btn"), 15, OPTIONAL): Web element with id: 'Object Repository/TripFocus/Testing_Notification_btn' located by '//*[@id="__BVID__10___BV_modal_footer_"]/button' not found

22-10-2025T10:49:33 - [MESSAGE][INFO] - Unable to find the element located by 'By.xpath: //*[@id="__BVID__10___BV_modal_footer_"]/button'. Please recheck the objects properties to make sure the desired element is located. 

22-10-2025T10:49:33 - [MESSAGE][WARNING] - [SELF-HEALING] Failed to find element with id 'Object Repository/TripFocus/Testing_Notification_btn'. Try using Self-healing.

22-10-2025T10:49:34 - [MESSAGE][INFO] - [SELF-HEALING] No working XPath is found.

22-10-2025T10:49:36 - [MESSAGE][INFO] - Unable to find the element located by 'By.xpath: '. Please recheck the objects properties to make sure the desired element is located. 

22-10-2025T10:49:36 - [MESSAGE][WARNING] - [SELF-HEALING] Cannot find elements when the selector is null

22-10-2025T10:49:36 - [MESSAGE][WARNING] - Web element with id: 'Object Repository/TripFocus/Testing_Notification_btn' located by '//*[@id="__BVID__10___BV_modal_footer_"]/button' not found

22-10-2025T10:49:36 - [TEST_STEP][PASSED] - if (verifyElementVisible(findTestObject("TripFocus/Testing_Notification_btn"), OPTIONAL) == true): Web element with id: 'Object Repository/TripFocus/Testing_Notification_btn' located by '//*[@id="__BVID__10___BV_modal_footer_"]/button' not found (Root cause: com.kms.katalon.core.exception.StepFailedException: Web element with id: 'Object Repository/TripFocus/Testing_Notification_btn' located by '//*[@id="__BVID__10___BV_modal_footer_"]/button' not found
	at com.kms.katalon.core.webui.keyword.internal.WebUIKeywordMain.stepFailed(WebUIKeywordMain.groovy:117)
	at com.kms.katalon.core.webui.keyword.builtin.VerifyElementVisibleKeyword$_verifyElementVisible_closure1.doCall(VerifyElementVisibleKeyword.groovy:89)
	at com.kms.katalon.core.webui.keyword.builtin.VerifyElementVisibleKeyword$_verifyElementVisible_closure1.call(VerifyElementVisibleKeyword.groovy)
	at com.kms.katalon.core.webui.keyword.internal.WebUIKeywordMain.runKeyword(WebUIKeywordMain.groovy:35)
	at com.kms.katalon.core.webui.keyword.builtin.VerifyElementVisibleKeyword.verifyElementVisible(VerifyElementVisibleKeyword.groovy:97)
	at com.kms.katalon.core.webui.keyword.builtin.VerifyElementVisibleKeyword.execute(VerifyElementVisibleKeyword.groovy:67)
	at com.kms.katalon.core.keyword.internal.KeywordExecutor.executeKeywordForPlatform(KeywordExecutor.groovy:74)
	at com.kms.katalon.core.webui.keyword.WebUiBuiltInKeywords.verifyElementVisible(WebUiBuiltInKeywords.groovy:401)
	at com.kms.katalon.core.webui.keyword.WebUiBuiltInKeywords$verifyElementVisible$5.call(Unknown Source)
	at SPG - Verify Source Change Notification.run(SPG - Verify Source Change Notification:37)
	at com.kms.katalon.core.main.ScriptEngine.run(ScriptEngine.java:194)
	at com.kms.katalon.core.main.ScriptEngine.runScriptAsRawText(ScriptEngine.java:119)
	at com.kms.katalon.core.main.TestCaseExecutor.runScript(TestCaseExecutor.java:448)
	at com.kms.katalon.core.main.TestCaseExecutor.doExecute(TestCaseExecutor.java:439)
	at com.kms.katalon.core.main.TestCaseExecutor.processExecutionPhase(TestCaseExecutor.java:418)
	at com.kms.katalon.core.main.TestCaseExecutor.accessMainPhase(TestCaseExecutor.java:410)
	at com.kms.katalon.core.main.TestCaseExecutor.execute(TestCaseExecutor.java:285)
	at com.kms.katalon.core.common.CommonExecutor.accessTestCaseMainPhase(CommonExecutor.java:65)
	at com.kms.katalon.core.main.TestSuiteExecutor.accessTestSuiteMainPhase(TestSuiteExecutor.java:150)
	at com.kms.katalon.core.main.TestSuiteExecutor.execute(TestSuiteExecutor.java:106)
	at com.kms.katalon.core.main.TestCaseMain.startTestSuite(TestCaseMain.java:180)
	at com.kms.katalon.core.main.TestCaseMain$startTestSuite$0.call(Unknown Source)
	at TempTestSuite1761139089875.run(TempTestSuite1761139089875.groovy:35)
	at java.base/jdk.internal.reflect.NativeMethodAccessorImpl.invoke0(Native Method)
	at java.base/jdk.internal.reflect.NativeMethodAccessorImpl.invoke(NativeMethodAccessorImpl.java:77)
	at java.base/jdk.internal.reflect.DelegatingMethodAccessorImpl.invoke(DelegatingMethodAccessorImpl.java:43)
)

22-10-2025T10:49:52 - [MESSAGE][INFO] - Unable to find the element located by 'By.xpath: //*[@id="__BVID__10___BV_modal_footer_"]/button'. Please recheck the objects properties to make sure the desired element is located. 

22-10-2025T10:49:52 - [MESSAGE][WARNING] - [SELF-HEALING] Failed to find element with id 'Object Repository/TripFocus/Testing_Notification_btn'. Try using Self-healing.

22-10-2025T10:49:53 - [MESSAGE][INFO] - [SELF-HEALING] No working XPath is found.

22-10-2025T10:49:55 - [MESSAGE][INFO] - Unable to find the element located by 'By.xpath: '. Please recheck the objects properties to make sure the desired element is located. 

22-10-2025T10:49:55 - [MESSAGE][WARNING] - [SELF-HEALING] Cannot find elements when the selector is null

22-10-2025T10:49:55 - [MESSAGE][WARNING] - Web element with id: 'Object Repository/TripFocus/Testing_Notification_btn' located by '//*[@id="__BVID__10___BV_modal_footer_"]/button' not found (Root cause: com.kms.katalon.core.exception.StepFailedException: Web element with id: 'Object Repository/TripFocus/Testing_Notification_btn' located by '//*[@id="__BVID__10___BV_modal_footer_"]/button' not found
	at com.kms.katalon.core.webui.keyword.internal.WebUIKeywordMain.stepFailed(WebUIKeywordMain.groovy:117)
	at com.kms.katalon.core.webui.keyword.builtin.VerifyElementVisibleKeyword$_verifyElementVisible_closure1.doCall(VerifyElementVisibleKeyword.groovy:89)
	at com.kms.katalon.core.webui.keyword.builtin.VerifyElementVisibleKeyword$_verifyElementVisible_closure1.call(VerifyElementVisibleKeyword.groovy)
	at com.kms.katalon.core.webui.keyword.internal.WebUIKeywordMain.runKeyword(WebUIKeywordMain.groovy:35)
	at com.kms.katalon.core.webui.keyword.builtin.VerifyElementVisibleKeyword.verifyElementVisible(VerifyElementVisibleKeyword.groovy:97)
	at com.kms.katalon.core.webui.keyword.builtin.VerifyElementVisibleKeyword.execute(VerifyElementVisibleKeyword.groovy:67)
	at com.kms.katalon.core.keyword.internal.KeywordExecutor.executeKeywordForPlatform(KeywordExecutor.groovy:74)
	at com.kms.katalon.core.webui.keyword.WebUiBuiltInKeywords.verifyElementVisible(WebUiBuiltInKeywords.groovy:401)
	at com.kms.katalon.core.webui.keyword.WebUiBuiltInKeywords$verifyElementVisible$5.call(Unknown Source)
	at SPG - Verify Source Change Notification.run(SPG - Verify Source Change Notification:37)
	at com.kms.katalon.core.main.ScriptEngine.run(ScriptEngine.java:194)
	at com.kms.katalon.core.main.ScriptEngine.runScriptAsRawText(ScriptEngine.java:119)
	at com.kms.katalon.core.main.TestCaseExecutor.runScript(TestCaseExecutor.java:448)
	at com.kms.katalon.core.main.TestCaseExecutor.doExecute(TestCaseExecutor.java:439)
	at com.kms.katalon.core.main.TestCaseExecutor.processExecutionPhase(TestCaseExecutor.java:418)
	at com.kms.katalon.core.main.TestCaseExecutor.accessMainPhase(TestCaseExecutor.java:410)
	at com.kms.katalon.core.main.TestCaseExecutor.execute(TestCaseExecutor.java:285)
	at com.kms.katalon.core.common.CommonExecutor.accessTestCaseMainPhase(CommonExecutor.java:65)
	at com.kms.katalon.core.main.TestSuiteExecutor.accessTestSuiteMainPhase(TestSuiteExecutor.java:150)
	at com.kms.katalon.core.main.TestSuiteExecutor.execute(TestSuiteExecutor.java:106)
	at com.kms.katalon.core.main.TestCaseMain.startTestSuite(TestCaseMain.java:180)
	at com.kms.katalon.core.main.TestCaseMain$startTestSuite$0.call(Unknown Source)
	at TempTestSuite1761139089875.run(TempTestSuite1761139089875.groovy:35)
	at java.base/jdk.internal.reflect.NativeMethodAccessorImpl.invoke0(Native Method)
	at java.base/jdk.internal.reflect.NativeMethodAccessorImpl.invoke(NativeMethodAccessorImpl.java:77)
	at java.base/jdk.internal.reflect.DelegatingMethodAccessorImpl.invoke(DelegatingMethodAccessorImpl.java:43)
)

22-10-2025T10:49:55 - [TEST_STEP][PASSED] - click(findTestObject("TripFocus/Notifications/Notifications Tab")): Object: 'Object Repository/TripFocus/Notifications/Notifications Tab' is clicked on

22-10-2025T10:49:56 - [MESSAGE][PASSED] - Object: 'Object Repository/TripFocus/Notifications/Notifications Tab' is clicked on

22-10-2025T10:49:56 - [TEST_STEP][PASSED] - delay(5): Delayed 5 second(s)

22-10-2025T10:50:01 - [MESSAGE][PASSED] - Delayed 5 second(s)

22-10-2025T10:50:01 - [TEST_STEP][PASSED] - click(findTestObject("Object Repository/TripFocus/Page_TripFocus/button_Add New Notification")): Object: 'Object Repository/TripFocus/Page_TripFocus/button_Add New Notification' is clicked on

22-10-2025T10:50:01 - [MESSAGE][PASSED] - Object: 'Object Repository/TripFocus/Page_TripFocus/button_Add New Notification' is clicked on

22-10-2025T10:50:01 - [TEST_STEP][PASSED] - delay(5): Delayed 5 second(s)

22-10-2025T10:50:06 - [MESSAGE][PASSED] - Delayed 5 second(s)

22-10-2025T10:50:06 - [TEST_STEP][PASSED] - sendKeys(findTestObject("TripFocus/Notifications/Notification Events_txt"), "Source Change"): Keys 'Source Change' sent to object: 'Object Repository/TripFocus/Notifications/Notification Events_txt'

22-10-2025T10:50:06 - [MESSAGE][PASSED] - Keys 'Source Change' sent to object: 'Object Repository/TripFocus/Notifications/Notification Events_txt'

22-10-2025T10:50:06 - [TEST_STEP][PASSED] - delay(2): Delayed 2 second(s)

22-10-2025T10:50:08 - [MESSAGE][PASSED] - Delayed 2 second(s)

22-10-2025T10:50:08 - [TEST_STEP][PASSED] - sendKeys(findTestObject("TripFocus/Notifications/Notification Events_txt"), Keys.chord(ENTER)): Keys 'ENTER + ' sent to object: 'Object Repository/TripFocus/Notifications/Notification Events_txt'

22-10-2025T10:50:08 - [MESSAGE][PASSED] - Keys 'ENTER + ' sent to object: 'Object Repository/TripFocus/Notifications/Notification Events_txt'

22-10-2025T10:50:08 - [TEST_STEP][PASSED] - delay(2): Delayed 2 second(s)

22-10-2025T10:50:10 - [MESSAGE][PASSED] - Delayed 2 second(s)

22-10-2025T10:50:10 - [TEST_STEP][PASSED] - click(findTestObject("TripFocus/Page_TripFocus/textarea_Send To_txtSendTo")): Object: 'Object Repository/TripFocus/Page_TripFocus/textarea_Send To_txtSendTo' is clicked on

22-10-2025T10:50:10 - [MESSAGE][PASSED] - Object: 'Object Repository/TripFocus/Page_TripFocus/textarea_Send To_txtSendTo' is clicked on

22-10-2025T10:50:10 - [TEST_STEP][PASSED] - delay(2): Delayed 2 second(s)

22-10-2025T10:50:12 - [MESSAGE][PASSED] - Delayed 2 second(s)

22-10-2025T10:50:12 - [TEST_STEP][PASSED] - verifyElementText(findTestObject("TripFocus/Notifications/Selected Notification_option"), "Source Change"): Actual text and expected text of test object 'Object Repository/TripFocus/Notifications/Selected Notification_option' are matched.

22-10-2025T10:50:12 - [MESSAGE][PASSED] - Actual text and expected text of test object 'Object Repository/TripFocus/Notifications/Selected Notification_option' are matched.

22-10-2025T10:50:12 - [TEST_STEP][PASSED] - Start listener action : retryOnDisconnect: null

22-10-2025T10:50:12 - [TEST_STEP][PASSED] - tcId = testCaseContext.getTestCaseId(): null

22-10-2025T10:50:12 - [TEST_STEP][PASSED] - currentRetry = retryCounts.getOrDefault(tcId, 0): null

22-10-2025T10:50:12 - [TEST_STEP][PASSED] - if (testCaseContext.getTestCaseStatus() == "FAILED" && currentRetry < MAX_RETRIES): null]]></system-out>
         <system-err><![CDATA[]]></system-err>
      </testcase>
      <system-out><![CDATA[22-10-2025T10:20:15 - [TEST_SUITE][PASSED] - SPG - TripFocus - Notification: Test Cases/TripFocus/SPG/SPG - Notification/SPG - Verify Source Change Notification]]></system-out>
      <system-err><![CDATA[]]></system-err>
   </testsuite>
</testsuites>
