<?xml version="1.0" encoding="UTF-8"?>
<testsuites name="KGL Admin - Company" time="1290.51" tests="23" failures="20" errors="0">
   <testsuite name="KGL Admin - Company" tests="23" failures="20" errors="0" time="1290.51" skipped="0" timestamp="21-10-2025T19:54:05" hostname="DC1ADOBLD01$ - DC1ADOBLD01.thekag.com" id="Test Suites/FIM/Regression/UI/KGL/KGL Admin - Company">
      <properties>
         <property name="deviceName" value=""/>
         <property name="devicePlatform"/>
         <property name="logFolder" value="D:\\ADOagent\\vsts-agent-win-x64-2.217.2\\_work\\892\\s\\Reports\\20251021_195215\\FIM\\Regression\\UI\\KGL\\KGL Admin - Company\\20251021_195220"/>
         <property name="logFiles" value="D:\\ADOagent\\vsts-agent-win-x64-2.217.2\\_work\\892\\s\\Reports\\20251021_195215\\FIM\\Regression\\UI\\KGL\\KGL Admin - Company\\20251021_195220\\execution0.log"/>
         <property name="attachments" value=""/>
         <property name="hostName" value="DC1ADOBLD01$ - DC1ADOBLD01.thekag.com"/>
         <property name="os" value="Windows Server 2019 64bit"/>
         <property name="katalonVersion" value="9.7.5.223"/>
         <property name="browser" value="Chrome 141.0.0.0"/>
         <property name="hostAddress" value="10.2.20.71"/>
         <property name="sessionId" value="a1e83ba22903ccc4706d5e2dc72c8b03"/>
         <property name="seleniumVersion" value="3.141.59"/>
         <property name="proxyInformation" value="ProxyInformation { proxyOption=NO_PROXY, proxyServerType=HTTP, username=, password=********, proxyServerAddress=, proxyServerPort=0, executionList=&quot;&quot;, isApplyToDesiredCapabilities=true }"/>
         <property name="platform" value="Windows Server 2019"/>
      </properties>
      <testcase name="Test Cases/FIM/UI/KGL/Admin/Company/Creating a Consignee Company" time="95.258" classname="Test Cases/FIM/UI/KGL/Admin/Company/Creating a Consignee Company" status="FAILED">
         <failure type="FAILED" message="Test Cases/FIM/UI/KGL/Admin/Company/Creating a Consignee Company FAILED.&#xa;Reason:&#xa;com.kms.katalon.core.exception.StepFailedException: Unable to click on object 'Object Repository/FIM/Hamburger Menu List/Hamburger_menu'&#xa;	at com.kms.katalon.core.webui.keyword.internal.WebUIKeywordMain.stepFailed(WebUIKeywordMain.groovy:117)&#xa;	at com.kms.katalon.core.webui.keyword.internal.WebUIKeywordMain.runKeyword(WebUIKeywordMain.groovy:43)&#xa;	at com.kms.katalon.core.webui.keyword.builtin.ClickKeyword.click(ClickKeyword.groovy:74)&#xa;	at com.kms.katalon.core.webui.keyword.builtin.ClickKeyword.execute(ClickKeyword.groovy:40)&#xa;	at com.kms.katalon.core.keyword.internal.KeywordExecutor.executeKeywordForPlatform(KeywordExecutor.groovy:74)&#xa;	at com.kms.katalon.core.webui.keyword.WebUiBuiltInKeywords.click(WebUiBuiltInKeywords.groovy:659)&#xa;	at com.kms.katalon.core.webui.keyword.WebUiBuiltInKeywords$click$4.call(Unknown Source)&#xa;	at Creating a Consignee Company.run(Creating a Consignee Company:151)&#xa;	at com.kms.katalon.core.main.ScriptEngine.run(ScriptEngine.java:194)&#xa;	at com.kms.katalon.core.main.ScriptEngine.runScriptAsRawText(ScriptEngine.java:119)&#xa;	at com.kms.katalon.core.main.TestCaseExecutor.runScript(TestCaseExecutor.java:448)&#xa;	at com.kms.katalon.core.main.TestCaseExecutor.doExecute(TestCaseExecutor.java:439)&#xa;	at com.kms.katalon.core.main.TestCaseExecutor.processExecutionPhase(TestCaseExecutor.java:418)&#xa;	at com.kms.katalon.core.main.TestCaseExecutor.accessMainPhase(TestCaseExecutor.java:410)&#xa;	at com.kms.katalon.core.main.TestCaseExecutor.execute(TestCaseExecutor.java:285)&#xa;	at com.kms.katalon.core.common.CommonExecutor.accessTestCaseMainPhase(CommonExecutor.java:65)&#xa;	at com.kms.katalon.core.main.TestSuiteExecutor.accessTestSuiteMainPhase(TestSuiteExecutor.java:150)&#xa;	at com.kms.katalon.core.main.TestSuiteExecutor.execute(TestSuiteExecutor.java:106)&#xa;	at com.kms.katalon.core.main.TestCaseMain.startTestSuite(TestCaseMain.java:180)&#xa;	at com.kms.katalon.core.main.TestCaseMain$startTestSuite$0.call(Unknown Source)&#xa;	at TempTestSuite1761090740538.run(TempTestSuite1761090740538.groovy:35)&#xa;	at java.base/jdk.internal.reflect.NativeMethodAccessorImpl.invoke0(Native Method)&#xa;	at java.base/jdk.internal.reflect.NativeMethodAccessorImpl.invoke(NativeMethodAccessorImpl.java:77)&#xa;	at java.base/jdk.internal.reflect.DelegatingMethodAccessorImpl.invoke(DelegatingMethodAccessorImpl.java:43)&#xa;Caused by: org.openqa.selenium.ElementClickInterceptedException: element click intercepted: Element &lt;button type=&quot;button&quot; class=&quot;btn btn-kag-grey btn-sm collapsed&quot; aria-expanded=&quot;false&quot; aria-controls=&quot;kag-sidebar&quot; style=&quot;overflow-anchor: none;&quot;>...&lt;/button> is not clickable at point (31, 31). Other element would receive the click: &lt;div id=&quot;catalog-edit-modal&quot; role=&quot;dialog&quot; aria-labelledby=&quot;catalog-edit-modal___BV_modal_title_&quot; aria-describedby=&quot;catalog-edit-modal___BV_modal_body_&quot; class=&quot;modal fade show&quot; aria-modal=&quot;true&quot; style=&quot;display: block; padding-left: 15px;&quot;>...&lt;/div>&#xa;  (Session info: chrome=141.0.7390.122)&#xa;Build info: version: '3.141.59', revision: 'unknown', time: 'unknown'&#xa;System info: host: 'DC1ADOBLD01', ip: '10.2.20.71', os.name: 'Windows Server 2019', os.arch: 'amd64', os.version: '10.0', java.version: '17.0.7'&#xa;Driver info: com.kms.katalon.selenium.driver.CChromeDriver&#xa;Capabilities {acceptInsecureCerts: false, browserName: chrome, browserVersion: 141.0.7390.122, chrome: {chromedriverVersion: 141.0.7390.122 (b477534e7e1..., userDataDir: C:\Windows\SystemTemp\scope...}, fedcm:accounts: true, goog:chromeOptions: {debuggerAddress: localhost:51280}, javascriptEnabled: true, networkConnectionEnabled: false, pageLoadStrategy: normal, platform: WINDOWS, platformName: WINDOWS, proxy: Proxy(), setWindowRect: true, strictFileInteractability: false, timeouts: {implicit: 0, pageLoad: 300000, script: 30000}, unhandledPromptBehavior: dismiss and notify, webauthn:extension:credBlob: true, webauthn:extension:largeBlob: true, webauthn:extension:minPinLength: true, webauthn:extension:prf: true, webauthn:virtualAuthenticators: true}&#xa;Session ID: 99e507867627ce560aa9a2869bf5d4cd&#xa;	at java.base/jdk.internal.reflect.NativeConstructorAccessorImpl.newInstance0(Native Method)&#xa;	at java.base/jdk.internal.reflect.NativeConstructorAccessorImpl.newInstance(NativeConstructorAccessorImpl.java:77)&#xa;	at java.base/jdk.internal.reflect.DelegatingConstructorAccessorImpl.newInstance(DelegatingConstructorAccessorImpl.java:45)&#xa;	at org.openqa.selenium.remote.http.W3CHttpResponseCodec.createException(W3CHttpResponseCodec.java:187)&#xa;	at org.openqa.selenium.remote.http.W3CHttpResponseCodec.decode(W3CHttpResponseCodec.java:122)&#xa;	at org.openqa.selenium.remote.http.W3CHttpResponseCodec.decode(W3CHttpResponseCodec.java:49)&#xa;	at org.openqa.selenium.remote.HttpCommandExecutor.execute(HttpCommandExecutor.java:158)&#xa;	at org.openqa.selenium.remote.service.DriverCommandExecutor.execute(DriverCommandExecutor.java:83)&#xa;	at org.openqa.selenium.remote.RemoteWebDriver.execute(RemoteWebDriver.java:552)&#xa;	at com.kms.katalon.selenium.driver.CChromeDriver.execute(CChromeDriver.java:19)&#xa;	at org.openqa.selenium.remote.RemoteWebElement.execute(RemoteWebElement.java:285)&#xa;	at org.openqa.selenium.remote.RemoteWebElement.click(RemoteWebElement.java:84)&#xa;	at jdk.internal.reflect.GeneratedMethodAccessor16.invoke(Unknown Source)&#xa;	at java.base/jdk.internal.reflect.DelegatingMethodAccessorImpl.invoke(DelegatingMethodAccessorImpl.java:43)&#xa;	at org.openqa.selenium.support.events.EventFiringWebDriver$EventFiringWebElement.lambda$new$0(EventFiringWebDriver.java:404)&#xa;	at jdk.proxy2/jdk.proxy2.$Proxy27.click(Unknown Source)&#xa;	at org.openqa.selenium.support.events.EventFiringWebDriver$EventFiringWebElement.click(EventFiringWebDriver.java:417)&#xa;	at org.openqa.selenium.WebElement$click.call(Unknown Source)&#xa;	at com.kms.katalon.core.webui.keyword.builtin.ClickKeyword.clickUntilSuccessWithTimeout(ClickKeyword.groovy:81)&#xa;	at com.kms.katalon.core.webui.keyword.builtin.ClickKeyword.clickUntilSuccessWithTimeout(ClickKeyword.groovy)&#xa;	at java.base/jdk.internal.reflect.NativeMethodAccessorImpl.invoke0(Native Method)&#xa;	at java.base/jdk.internal.reflect.NativeMethodAccessorImpl.invoke(NativeMethodAccessorImpl.java:77)&#xa;	at java.base/jdk.internal.reflect.DelegatingMethodAccessorImpl.invoke(DelegatingMethodAccessorImpl.java:43)&#xa;	at com.kms.katalon.core.webui.keyword.builtin.ClickKeyword$_click_closure1.doCall(ClickKeyword.groovy:67)&#xa;	at com.kms.katalon.core.webui.keyword.builtin.ClickKeyword$_click_closure1.call(ClickKeyword.groovy)&#xa;	at com.kms.katalon.core.webui.keyword.internal.WebUIKeywordMain.runKeyword(WebUIKeywordMain.groovy:35)&#xa;	... 22 more&#xa;"/>
         <system-out><![CDATA[21-10-2025T19:54:05 - [TEST_CASE][FAILED] - Test Cases/FIM/UI/KGL/Admin/Company/Creating a Consignee Company: Test Cases/FIM/UI/KGL/Admin/Company/Creating a Consignee Company FAILED.
Reason:
com.kms.katalon.core.exception.StepFailedException: Unable to click on object 'Object Repository/FIM/Hamburger Menu List/Hamburger_menu'
	at com.kms.katalon.core.webui.keyword.internal.WebUIKeywordMain.stepFailed(WebUIKeywordMain.groovy:117)
	at com.kms.katalon.core.webui.keyword.internal.WebUIKeywordMain.runKeyword(WebUIKeywordMain.groovy:43)
	at com.kms.katalon.core.webui.keyword.builtin.ClickKeyword.click(ClickKeyword.groovy:74)
	at com.kms.katalon.core.webui.keyword.builtin.ClickKeyword.execute(ClickKeyword.groovy:40)
	at com.kms.katalon.core.keyword.internal.KeywordExecutor.executeKeywordForPlatform(KeywordExecutor.groovy:74)
	at com.kms.katalon.core.webui.keyword.WebUiBuiltInKeywords.click(WebUiBuiltInKeywords.groovy:659)
	at com.kms.katalon.core.webui.keyword.WebUiBuiltInKeywords$click$4.call(Unknown Source)
	at Creating a Consignee Company.run(Creating a Consignee Company:151)
	at com.kms.katalon.core.main.ScriptEngine.run(ScriptEngine.java:194)
	at com.kms.katalon.core.main.ScriptEngine.runScriptAsRawText(ScriptEngine.java:119)
	at com.kms.katalon.core.main.TestCaseExecutor.runScript(TestCaseExecutor.java:448)
	at com.kms.katalon.core.main.TestCaseExecutor.doExecute(TestCaseExecutor.java:439)
	at com.kms.katalon.core.main.TestCaseExecutor.processExecutionPhase(TestCaseExecutor.java:418)
	at com.kms.katalon.core.main.TestCaseExecutor.accessMainPhase(TestCaseExecutor.java:410)
	at com.kms.katalon.core.main.TestCaseExecutor.execute(TestCaseExecutor.java:285)
	at com.kms.katalon.core.common.CommonExecutor.accessTestCaseMainPhase(CommonExecutor.java:65)
	at com.kms.katalon.core.main.TestSuiteExecutor.accessTestSuiteMainPhase(TestSuiteExecutor.java:150)
	at com.kms.katalon.core.main.TestSuiteExecutor.execute(TestSuiteExecutor.java:106)
	at com.kms.katalon.core.main.TestCaseMain.startTestSuite(TestCaseMain.java:180)
	at com.kms.katalon.core.main.TestCaseMain$startTestSuite$0.call(Unknown Source)
	at TempTestSuite1761090740538.run(TempTestSuite1761090740538.groovy:35)
	at java.base/jdk.internal.reflect.NativeMethodAccessorImpl.invoke0(Native Method)
	at java.base/jdk.internal.reflect.NativeMethodAccessorImpl.invoke(NativeMethodAccessorImpl.java:77)
	at java.base/jdk.internal.reflect.DelegatingMethodAccessorImpl.invoke(DelegatingMethodAccessorImpl.java:43)
Caused by: org.openqa.selenium.ElementClickInterceptedException: element click intercepted: Element <button type="button" class="btn btn-kag-grey btn-sm collapsed" aria-expanded="false" aria-controls="kag-sidebar" style="overflow-anchor: none;">...</button> is not clickable at point (31, 31). Other element would receive the click: <div id="catalog-edit-modal" role="dialog" aria-labelledby="catalog-edit-modal___BV_modal_title_" aria-describedby="catalog-edit-modal___BV_modal_body_" class="modal fade show" aria-modal="true" style="display: block; padding-left: 15px;">...</div>
  (Session info: chrome=141.0.7390.122)
Build info: version: '3.141.59', revision: 'unknown', time: 'unknown'
System info: host: 'DC1ADOBLD01', ip: '10.2.20.71', os.name: 'Windows Server 2019', os.arch: 'amd64', os.version: '10.0', java.version: '17.0.7'
Driver info: com.kms.katalon.selenium.driver.CChromeDriver
Capabilities {acceptInsecureCerts: false, browserName: chrome, browserVersion: 141.0.7390.122, chrome: {chromedriverVersion: 141.0.7390.122 (b477534e7e1..., userDataDir: C:\Windows\SystemTemp\scope...}, fedcm:accounts: true, goog:chromeOptions: {debuggerAddress: localhost:51280}, javascriptEnabled: true, networkConnectionEnabled: false, pageLoadStrategy: normal, platform: WINDOWS, platformName: WINDOWS, proxy: Proxy(), setWindowRect: true, strictFileInteractability: false, timeouts: {implicit: 0, pageLoad: 300000, script: 30000}, unhandledPromptBehavior: dismiss and notify, webauthn:extension:credBlob: true, webauthn:extension:largeBlob: true, webauthn:extension:minPinLength: true, webauthn:extension:prf: true, webauthn:virtualAuthenticators: true}
Session ID: 99e507867627ce560aa9a2869bf5d4cd
	at java.base/jdk.internal.reflect.NativeConstructorAccessorImpl.newInstance0(Native Method)
	at java.base/jdk.internal.reflect.NativeConstructorAccessorImpl.newInstance(NativeConstructorAccessorImpl.java:77)
	at java.base/jdk.internal.reflect.DelegatingConstructorAccessorImpl.newInstance(DelegatingConstructorAccessorImpl.java:45)
	at org.openqa.selenium.remote.http.W3CHttpResponseCodec.createException(W3CHttpResponseCodec.java:187)
	at org.openqa.selenium.remote.http.W3CHttpResponseCodec.decode(W3CHttpResponseCodec.java:122)
	at org.openqa.selenium.remote.http.W3CHttpResponseCodec.decode(W3CHttpResponseCodec.java:49)
	at org.openqa.selenium.remote.HttpCommandExecutor.execute(HttpCommandExecutor.java:158)
	at org.openqa.selenium.remote.service.DriverCommandExecutor.execute(DriverCommandExecutor.java:83)
	at org.openqa.selenium.remote.RemoteWebDriver.execute(RemoteWebDriver.java:552)
	at com.kms.katalon.selenium.driver.CChromeDriver.execute(CChromeDriver.java:19)
	at org.openqa.selenium.remote.RemoteWebElement.execute(RemoteWebElement.java:285)
	at org.openqa.selenium.remote.RemoteWebElement.click(RemoteWebElement.java:84)
	at jdk.internal.reflect.GeneratedMethodAccessor16.invoke(Unknown Source)
	at java.base/jdk.internal.reflect.DelegatingMethodAccessorImpl.invoke(DelegatingMethodAccessorImpl.java:43)
	at org.openqa.selenium.support.events.EventFiringWebDriver$EventFiringWebElement.lambda$new$0(EventFiringWebDriver.java:404)
	at jdk.proxy2/jdk.proxy2.$Proxy27.click(Unknown Source)
	at org.openqa.selenium.support.events.EventFiringWebDriver$EventFiringWebElement.click(EventFiringWebDriver.java:417)
	at org.openqa.selenium.WebElement$click.call(Unknown Source)
	at com.kms.katalon.core.webui.keyword.builtin.ClickKeyword.clickUntilSuccessWithTimeout(ClickKeyword.groovy:81)
	at com.kms.katalon.core.webui.keyword.builtin.ClickKeyword.clickUntilSuccessWithTimeout(ClickKeyword.groovy)
	at java.base/jdk.internal.reflect.NativeMethodAccessorImpl.invoke0(Native Method)
	at java.base/jdk.internal.reflect.NativeMethodAccessorImpl.invoke(NativeMethodAccessorImpl.java:77)
	at java.base/jdk.internal.reflect.DelegatingMethodAccessorImpl.invoke(DelegatingMethodAccessorImpl.java:43)
	at com.kms.katalon.core.webui.keyword.builtin.ClickKeyword$_click_closure1.doCall(ClickKeyword.groovy:67)
	at com.kms.katalon.core.webui.keyword.builtin.ClickKeyword$_click_closure1.call(ClickKeyword.groovy)
	at com.kms.katalon.core.webui.keyword.internal.WebUIKeywordMain.runKeyword(WebUIKeywordMain.groovy:35)
	... 22 more


21-10-2025T19:54:05 - [TEST_STEP][PASSED] - Start listener action : beforeTestCase: null

21-10-2025T19:54:05 - [TEST_STEP][PASSED] - addDefaultPackages(): null

21-10-2025T19:54:05 - [TEST_STEP][PASSED] - callTestCase(findTestCase("Utility Scripts/FIM KGL Admin Login"), [:], STOP_ON_FAILURE): Call Test Case 'Test Cases/Utility Scripts/FIM KGL Admin Login' successfully

21-10-2025T19:54:05 - [TEST_CASE][PASSED] - Test Cases/Utility Scripts/FIM KGL Admin Login: Test Cases/Utility Scripts/FIM KGL Admin Login

21-10-2025T19:54:06 - [TEST_STEP][PASSED] - openBrowser(""): Browser is opened with url: ''

21-10-2025T19:54:06 - [MESSAGE][INFO] - Starting 'Chrome' driver

21-10-2025T19:54:06 - [MESSAGE][INFO] - User set preference: ['args', '[--no-sandbox, --disable-gpu, --disable-dev-shm-usage]']

21-10-2025T19:54:06 - [MESSAGE][INFO] - Action delay is set to 0 milliseconds

21-10-2025T19:54:08 - [MESSAGE][PASSED] - Browser is opened with url: ''

21-10-2025T19:54:08 - [TEST_STEP][PASSED] - delay(1): Delayed 1 second(s)

21-10-2025T19:54:09 - [MESSAGE][PASSED] - Delayed 1 second(s)

21-10-2025T19:54:09 - [TEST_STEP][PASSED] - navigateToUrl(KGLCustomGroupUrl): Navigate to 'https://kaglogistics-inventory-management-portal.qa.thekag.com/custom-group/' successfully

21-10-2025T19:54:10 - [MESSAGE][PASSED] - Navigate to 'https://kaglogistics-inventory-management-portal.qa.thekag.com/custom-group/' successfully

21-10-2025T19:54:10 - [TEST_STEP][PASSED] - delay(10): Delayed 10 second(s)

21-10-2025T19:54:20 - [MESSAGE][PASSED] - Delayed 10 second(s)

21-10-2025T19:54:20 - [TEST_STEP][PASSED] - if (maximizeWindow == true): Delayed 1 second(s)

21-10-2025T19:54:20 - [TEST_STEP][PASSED] - maximizeWindow(STOP_ON_FAILURE): Current window maximized

21-10-2025T19:54:20 - [MESSAGE][PASSED] - Current window maximized

21-10-2025T19:54:20 - [TEST_STEP][PASSED] - delay(1): Delayed 1 second(s)

21-10-2025T19:54:21 - [MESSAGE][PASSED] - Delayed 1 second(s)

21-10-2025T19:54:21 - [TEST_STEP][PASSED] - waitForElementPresent(findTestObject("FIM/Username_txt"), 10): Object 'Object Repository/FIM/Username_txt' is present

21-10-2025T19:54:21 - [MESSAGE][PASSED] - Object 'Object Repository/FIM/Username_txt' is present

21-10-2025T19:54:21 - [TEST_STEP][PASSED] - setText(findTestObject("FIM/Username_txt"), FIMUsername): Text 'Chris.Sheldon+DES_QA@Thekag.com' is set on object 'Object Repository/FIM/Username_txt'

21-10-2025T19:54:21 - [MESSAGE][PASSED] - Text 'Chris.Sheldon+DES_QA@Thekag.com' is set on object 'Object Repository/FIM/Username_txt'

21-10-2025T19:54:21 - [TEST_STEP][PASSED] - delay(1): Delayed 1 second(s)

21-10-2025T19:54:22 - [MESSAGE][PASSED] - Delayed 1 second(s)

21-10-2025T19:54:22 - [TEST_STEP][PASSED] - setText(findTestObject("FIM/Password_txt"), FIMPassword): Text 'QATest!2' is set on object 'Object Repository/FIM/Password_txt'

21-10-2025T19:54:22 - [MESSAGE][PASSED] - Text 'QATest!2' is set on object 'Object Repository/FIM/Password_txt'

21-10-2025T19:54:22 - [TEST_STEP][PASSED] - delay(1): Delayed 1 second(s)

21-10-2025T19:54:23 - [MESSAGE][PASSED] - Delayed 1 second(s)

21-10-2025T19:54:23 - [TEST_STEP][PASSED] - click(findTestObject("FIM/Login_btn")): Object: 'Object Repository/FIM/Login_btn' is clicked on

21-10-2025T19:54:24 - [MESSAGE][PASSED] - Object: 'Object Repository/FIM/Login_btn' is clicked on

21-10-2025T19:54:24 - [MESSAGE][PASSED] - Call Test Case 'Test Cases/Utility Scripts/FIM KGL Admin Login' successfully

21-10-2025T19:54:24 - [TEST_STEP][PASSED] - waitForElementClickable(findTestObject("FIM/Hamburger Menu List/Hamburger_menu"), 300): Object 'Object Repository/FIM/Hamburger Menu List/Hamburger_menu' is clickable

21-10-2025T19:54:24 - [MESSAGE][PASSED] - Object 'Object Repository/FIM/Hamburger Menu List/Hamburger_menu' is clickable

21-10-2025T19:54:24 - [TEST_STEP][PASSED] - if (verifyElementVisible(findTestObject("FIM/Server_Notification_Close_btn"), OPTIONAL) == true): Web element with id: 'Object Repository/FIM/Server_Notification_Close_btn' located by '/html/body/div/div[1]/button' not found (Root cause: com.kms.katalon.core.exception.StepFailedException: Web element with id: 'Object Repository/FIM/Server_Notification_Close_btn' located by '/html/body/div/div[1]/button' not found
	at com.kms.katalon.core.webui.keyword.internal.WebUIKeywordMain.stepFailed(WebUIKeywordMain.groovy:117)
	at com.kms.katalon.core.webui.keyword.builtin.VerifyElementVisibleKeyword$_verifyElementVisible_closure1.doCall(VerifyElementVisibleKeyword.groovy:89)
	at com.kms.katalon.core.webui.keyword.builtin.VerifyElementVisibleKeyword$_verifyElementVisible_closure1.call(VerifyElementVisibleKeyword.groovy)
	at com.kms.katalon.core.webui.keyword.internal.WebUIKeywordMain.runKeyword(WebUIKeywordMain.groovy:35)
	at com.kms.katalon.core.webui.keyword.builtin.VerifyElementVisibleKeyword.verifyElementVisible(VerifyElementVisibleKeyword.groovy:97)
	at com.kms.katalon.core.webui.keyword.builtin.VerifyElementVisibleKeyword.execute(VerifyElementVisibleKeyword.groovy:67)
	at com.kms.katalon.core.keyword.internal.KeywordExecutor.executeKeywordForPlatform(KeywordExecutor.groovy:74)
	at com.kms.katalon.core.webui.keyword.WebUiBuiltInKeywords.verifyElementVisible(WebUiBuiltInKeywords.groovy:401)
	at com.kms.katalon.core.webui.keyword.WebUiBuiltInKeywords$verifyElementVisible$6.call(Unknown Source)
	at Creating a Consignee Company.run(Creating a Consignee Company:25)
	at com.kms.katalon.core.main.ScriptEngine.run(ScriptEngine.java:194)
	at com.kms.katalon.core.main.ScriptEngine.runScriptAsRawText(ScriptEngine.java:119)
	at com.kms.katalon.core.main.TestCaseExecutor.runScript(TestCaseExecutor.java:448)
	at com.kms.katalon.core.main.TestCaseExecutor.doExecute(TestCaseExecutor.java:439)
	at com.kms.katalon.core.main.TestCaseExecutor.processExecutionPhase(TestCaseExecutor.java:418)
	at com.kms.katalon.core.main.TestCaseExecutor.accessMainPhase(TestCaseExecutor.java:410)
	at com.kms.katalon.core.main.TestCaseExecutor.execute(TestCaseExecutor.java:285)
	at com.kms.katalon.core.common.CommonExecutor.accessTestCaseMainPhase(CommonExecutor.java:65)
	at com.kms.katalon.core.main.TestSuiteExecutor.accessTestSuiteMainPhase(TestSuiteExecutor.java:150)
	at com.kms.katalon.core.main.TestSuiteExecutor.execute(TestSuiteExecutor.java:106)
	at com.kms.katalon.core.main.TestCaseMain.startTestSuite(TestCaseMain.java:180)
	at com.kms.katalon.core.main.TestCaseMain$startTestSuite$0.call(Unknown Source)
	at TempTestSuite1761090740538.run(TempTestSuite1761090740538.groovy:35)
	at java.base/jdk.internal.reflect.NativeMethodAccessorImpl.invoke0(Native Method)
	at java.base/jdk.internal.reflect.NativeMethodAccessorImpl.invoke(NativeMethodAccessorImpl.java:77)
	at java.base/jdk.internal.reflect.DelegatingMethodAccessorImpl.invoke(DelegatingMethodAccessorImpl.java:43)
)

21-10-2025T19:54:40 - [MESSAGE][INFO] - Unable to find the element located by 'By.xpath: /html/body/div/div[1]/button'. Please recheck the objects properties to make sure the desired element is located. 

21-10-2025T19:54:40 - [MESSAGE][WARNING] - [SELF-HEALING] Failed to find element with id 'Object Repository/FIM/Server_Notification_Close_btn'. Try using Self-healing.

21-10-2025T19:54:41 - [MESSAGE][INFO] - [SELF-HEALING] No working XPath is found.

21-10-2025T19:54:43 - [MESSAGE][INFO] - Unable to find the element located by 'By.xpath: '. Please recheck the objects properties to make sure the desired element is located. 

21-10-2025T19:54:43 - [MESSAGE][WARNING] - [SELF-HEALING] Cannot find elements when the selector is null

21-10-2025T19:54:43 - [MESSAGE][WARNING] - Web element with id: 'Object Repository/FIM/Server_Notification_Close_btn' located by '/html/body/div/div[1]/button' not found (Root cause: com.kms.katalon.core.exception.StepFailedException: Web element with id: 'Object Repository/FIM/Server_Notification_Close_btn' located by '/html/body/div/div[1]/button' not found
	at com.kms.katalon.core.webui.keyword.internal.WebUIKeywordMain.stepFailed(WebUIKeywordMain.groovy:117)
	at com.kms.katalon.core.webui.keyword.builtin.VerifyElementVisibleKeyword$_verifyElementVisible_closure1.doCall(VerifyElementVisibleKeyword.groovy:89)
	at com.kms.katalon.core.webui.keyword.builtin.VerifyElementVisibleKeyword$_verifyElementVisible_closure1.call(VerifyElementVisibleKeyword.groovy)
	at com.kms.katalon.core.webui.keyword.internal.WebUIKeywordMain.runKeyword(WebUIKeywordMain.groovy:35)
	at com.kms.katalon.core.webui.keyword.builtin.VerifyElementVisibleKeyword.verifyElementVisible(VerifyElementVisibleKeyword.groovy:97)
	at com.kms.katalon.core.webui.keyword.builtin.VerifyElementVisibleKeyword.execute(VerifyElementVisibleKeyword.groovy:67)
	at com.kms.katalon.core.keyword.internal.KeywordExecutor.executeKeywordForPlatform(KeywordExecutor.groovy:74)
	at com.kms.katalon.core.webui.keyword.WebUiBuiltInKeywords.verifyElementVisible(WebUiBuiltInKeywords.groovy:401)
	at com.kms.katalon.core.webui.keyword.WebUiBuiltInKeywords$verifyElementVisible$6.call(Unknown Source)
	at Creating a Consignee Company.run(Creating a Consignee Company:25)
	at com.kms.katalon.core.main.ScriptEngine.run(ScriptEngine.java:194)
	at com.kms.katalon.core.main.ScriptEngine.runScriptAsRawText(ScriptEngine.java:119)
	at com.kms.katalon.core.main.TestCaseExecutor.runScript(TestCaseExecutor.java:448)
	at com.kms.katalon.core.main.TestCaseExecutor.doExecute(TestCaseExecutor.java:439)
	at com.kms.katalon.core.main.TestCaseExecutor.processExecutionPhase(TestCaseExecutor.java:418)
	at com.kms.katalon.core.main.TestCaseExecutor.accessMainPhase(TestCaseExecutor.java:410)
	at com.kms.katalon.core.main.TestCaseExecutor.execute(TestCaseExecutor.java:285)
	at com.kms.katalon.core.common.CommonExecutor.accessTestCaseMainPhase(CommonExecutor.java:65)
	at com.kms.katalon.core.main.TestSuiteExecutor.accessTestSuiteMainPhase(TestSuiteExecutor.java:150)
	at com.kms.katalon.core.main.TestSuiteExecutor.execute(TestSuiteExecutor.java:106)
	at com.kms.katalon.core.main.TestCaseMain.startTestSuite(TestCaseMain.java:180)
	at com.kms.katalon.core.main.TestCaseMain$startTestSuite$0.call(Unknown Source)
	at TempTestSuite1761090740538.run(TempTestSuite1761090740538.groovy:35)
	at java.base/jdk.internal.reflect.NativeMethodAccessorImpl.invoke0(Native Method)
	at java.base/jdk.internal.reflect.NativeMethodAccessorImpl.invoke(NativeMethodAccessorImpl.java:77)
	at java.base/jdk.internal.reflect.DelegatingMethodAccessorImpl.invoke(DelegatingMethodAccessorImpl.java:43)
)

21-10-2025T19:54:43 - [TEST_STEP][PASSED] - delay(3): Delayed 3 second(s)

21-10-2025T19:54:46 - [MESSAGE][PASSED] - Delayed 3 second(s)

21-10-2025T19:54:46 - [TEST_STEP][PASSED] - click(findTestObject("FIM/Hamburger Menu List/Hamburger_menu")): Object: 'Object Repository/FIM/Hamburger Menu List/Hamburger_menu' is clicked on

21-10-2025T19:54:46 - [MESSAGE][PASSED] - Object: 'Object Repository/FIM/Hamburger Menu List/Hamburger_menu' is clicked on

21-10-2025T19:54:46 - [TEST_STEP][PASSED] - verifyElementPresent(findTestObject("FIM/Companies Page/Companies_link"), 10): Object 'Object Repository/FIM/Companies Page/Companies_link' is present

21-10-2025T19:54:46 - [MESSAGE][PASSED] - Object 'Object Repository/FIM/Companies Page/Companies_link' is present

21-10-2025T19:54:46 - [TEST_STEP][PASSED] - delay(1): Delayed 1 second(s)

21-10-2025T19:54:47 - [MESSAGE][PASSED] - Delayed 1 second(s)

21-10-2025T19:54:47 - [TEST_STEP][PASSED] - verifyElementVisible(findTestObject("FIM/Companies Page/Companies_link")): Object 'Object Repository/FIM/Companies Page/Companies_link' is visible

21-10-2025T19:54:47 - [MESSAGE][PASSED] - Object 'Object Repository/FIM/Companies Page/Companies_link' is visible

21-10-2025T19:54:47 - [TEST_STEP][PASSED] - click(findTestObject("FIM/Companies Page/Companies_link")): Object: 'Object Repository/FIM/Companies Page/Companies_link' is clicked on

21-10-2025T19:54:47 - [MESSAGE][PASSED] - Object: 'Object Repository/FIM/Companies Page/Companies_link' is clicked on

21-10-2025T19:54:47 - [TEST_STEP][PASSED] - delay(4): Delayed 4 second(s)

21-10-2025T19:54:51 - [MESSAGE][PASSED] - Delayed 4 second(s)

21-10-2025T19:54:51 - [TEST_STEP][PASSED] - if (verifyElementVisible(findTestObject("FIM/Existing Page with Pending Changes Close_btn"), OPTIONAL) == true): null

21-10-2025T19:54:51 - [MESSAGE][PASSED] - Object 'Object Repository/FIM/Existing Page with Pending Changes Close_btn' is visible

21-10-2025T19:54:51 - [TEST_STEP][PASSED] - click(findTestObject("FIM/Existing Page with Pending Changes Close_btn")): Object: 'Object Repository/FIM/Existing Page with Pending Changes Close_btn' is clicked on

21-10-2025T19:54:51 - [MESSAGE][PASSED] - Object: 'Object Repository/FIM/Existing Page with Pending Changes Close_btn' is clicked on

21-10-2025T19:54:51 - [TEST_STEP][PASSED] - waitForElementClickable(findTestObject("FIM/Companies Page/Add Company_btn"), 10): Object 'Object Repository/FIM/Companies Page/Add Company_btn' is clickable

21-10-2025T19:54:51 - [MESSAGE][PASSED] - Object 'Object Repository/FIM/Companies Page/Add Company_btn' is clickable

21-10-2025T19:54:51 - [TEST_STEP][PASSED] - verifyElementVisible(findTestObject("FIM/Companies Page/Add Company_btn"), STOP_ON_FAILURE): Object 'Object Repository/FIM/Companies Page/Add Company_btn' is visible

21-10-2025T19:54:51 - [MESSAGE][PASSED] - Object 'Object Repository/FIM/Companies Page/Add Company_btn' is visible

21-10-2025T19:54:51 - [TEST_STEP][PASSED] - click(findTestObject("FIM/Companies Page/Add Company_btn")): Object: 'Object Repository/FIM/Companies Page/Add Company_btn' is clicked on

21-10-2025T19:54:51 - [MESSAGE][PASSED] - Object: 'Object Repository/FIM/Companies Page/Add Company_btn' is clicked on

21-10-2025T19:54:51 - [TEST_STEP][PASSED] - setText(findTestObject("FIM/Companies Page/Unique Id_txt"), Consignee): Text 'MAMMOTH' is set on object 'Object Repository/FIM/Companies Page/Unique Id_txt'

21-10-2025T19:54:52 - [MESSAGE][PASSED] - Text 'MAMMOTH' is set on object 'Object Repository/FIM/Companies Page/Unique Id_txt'

21-10-2025T19:54:52 - [TEST_STEP][PASSED] - setText(findTestObject("FIM/Companies Page/Company Name_txt"), "Gents Safe Net"): Text 'Gents Safe Net' is set on object 'Object Repository/FIM/Companies Page/Company Name_txt'

21-10-2025T19:54:52 - [MESSAGE][PASSED] - Text 'Gents Safe Net' is set on object 'Object Repository/FIM/Companies Page/Company Name_txt'

21-10-2025T19:54:52 - [TEST_STEP][PASSED] - setText(findTestObject("FIM/Companies Page/Address_txt"), "888 Hand Street"): Text '888 Hand Street' is set on object 'Object Repository/FIM/Companies Page/Address_txt'

21-10-2025T19:54:52 - [MESSAGE][PASSED] - Text '888 Hand Street' is set on object 'Object Repository/FIM/Companies Page/Address_txt'

21-10-2025T19:54:52 - [TEST_STEP][PASSED] - setText(findTestObject("FIM/Companies Page/City_txt"), "100"): Text '100' is set on object 'Object Repository/FIM/Companies Page/City_txt'

21-10-2025T19:54:52 - [MESSAGE][PASSED] - Text '100' is set on object 'Object Repository/FIM/Companies Page/City_txt'

21-10-2025T19:54:52 - [TEST_STEP][PASSED] - selectOptionByLabel(findTestObject("FIM/Companies Page/State_dropdown"), "West Virginia", false): All options with label 'West Virginia' are selected in object 'Object Repository/FIM/Companies Page/State_dropdown' 

21-10-2025T19:54:52 - [MESSAGE][PASSED] - All options with label 'West Virginia' are selected in object 'Object Repository/FIM/Companies Page/State_dropdown' 

21-10-2025T19:54:52 - [TEST_STEP][PASSED] - setText(findTestObject("FIM/Companies Page/Zip_txt"), "65411"): Text '65411' is set on object 'Object Repository/FIM/Companies Page/Zip_txt'

21-10-2025T19:54:53 - [MESSAGE][PASSED] - Text '65411' is set on object 'Object Repository/FIM/Companies Page/Zip_txt'

21-10-2025T19:54:53 - [TEST_STEP][PASSED] - click(findTestObject("FIM/Companies Page/Consignee_checkbox"), STOP_ON_FAILURE): Object: 'Object Repository/FIM/Companies Page/Consignee_checkbox' is clicked on

21-10-2025T19:54:53 - [MESSAGE][PASSED] - Object: 'Object Repository/FIM/Companies Page/Consignee_checkbox' is clicked on

21-10-2025T19:54:53 - [TEST_STEP][PASSED] - verifyElementClickable(findTestObject("FIM/Companies Page/Save New Company_btn")): Object 'Object Repository/FIM/Companies Page/Save New Company_btn' is clickable

21-10-2025T19:54:53 - [MESSAGE][PASSED] - Object 'Object Repository/FIM/Companies Page/Save New Company_btn' is clickable

21-10-2025T19:54:53 - [TEST_STEP][PASSED] - click(findTestObject("FIM/Companies Page/Save New Company_btn")): Object: 'Object Repository/FIM/Companies Page/Save New Company_btn' is clicked on

21-10-2025T19:54:53 - [MESSAGE][PASSED] - Object: 'Object Repository/FIM/Companies Page/Save New Company_btn' is clicked on

21-10-2025T19:54:53 - [TEST_STEP][PASSED] - waitForElementClickable(findTestObject("FIM/Companies Page/Adding Company Success Message"), 10): Object 'Object Repository/FIM/Companies Page/Adding Company Success Message' is clickable

21-10-2025T19:54:53 - [MESSAGE][PASSED] - Object 'Object Repository/FIM/Companies Page/Adding Company Success Message' is clickable

21-10-2025T19:54:53 - [TEST_STEP][PASSED] - verifyElementPresent(findTestObject("FIM/Companies Page/Adding Company Success Message"), 10): Object 'Object Repository/FIM/Companies Page/Adding Company Success Message' is present

21-10-2025T19:54:53 - [MESSAGE][PASSED] - Object 'Object Repository/FIM/Companies Page/Adding Company Success Message' is present

21-10-2025T19:54:53 - [TEST_STEP][PASSED] - delay(2): Delayed 2 second(s)

21-10-2025T19:54:55 - [MESSAGE][PASSED] - Delayed 2 second(s)

21-10-2025T19:54:55 - [TEST_STEP][PASSED] - if (verifyElementText(findTestObject("FIM/Companies Page/Adding Company Success Message"), "The site has been created successfully", OPTIONAL) == true): Actual text 'Unique ID *
Company Name *
Phone
Address *
City *
State *
Alabama
Alaska
American Samoa
Arizona
Arkansas
California
Colorado
Connecticut
Delaware
District Of Columbia
Federated States Of Micronesia
Florida
Georgia
Guam
Hawaii
Idaho
Illinois
Indiana
Iowa
Kansas
Kentucky
Louisiana
Maine
Marshall Islands
Maryland
Massachusetts
Michigan
Minnesota
Mississippi
Missouri
Montana
Nebraska
Nevada
New Hampshire
New Jersey
New Mexico
New York
North Carolina
North Dakota
Northern Mariana Islands
Ohio
Oklahoma
Oregon
Palau
Pennsylvania
Puerto Rico
Rhode Island
South Carolina
South Dakota
Tennessee
Texas
Utah
Vermont
Virgin Islands
Virginia
Washington
West Virginia
Wisconsin
Wyoming
Zip *
Account of
Bill to
Shipper
Consignee
Supplier
Active For Forecasting
Show Inventory Reading Alert
Show First Of The Day Inventory Readings
Save
Cancel' and expected text 'The site has been created successfully' of test object 'Object Repository/FIM/Companies Page/Adding Company Success Message' are NOT matched. (Root cause: com.kms.katalon.core.exception.StepFailedException: Actual text 'Unique ID *
Company Name *
Phone
Address *
City *
State *
Alabama
Alaska
American Samoa
Arizona
Arkansas
California
Colorado
Connecticut
Delaware
District Of Columbia
Federated States Of Micronesia
Florida
Georgia
Guam
Hawaii
Idaho
Illinois
Indiana
Iowa
Kansas
Kentucky
Louisiana
Maine
Marshall Islands
Maryland
Massachusetts
Michigan
Minnesota
Mississippi
Missouri
Montana
Nebraska
Nevada
New Hampshire
New Jersey
New Mexico
New York
North Carolina
North Dakota
Northern Mariana Islands
Ohio
Oklahoma
Oregon
Palau
Pennsylvania
Puerto Rico
Rhode Island
South Carolina
South Dakota
Tennessee
Texas
Utah
Vermont
Virgin Islands
Virginia
Washington
West Virginia
Wisconsin
Wyoming
Zip *
Account of
Bill to
Shipper
Consignee
Supplier
Active For Forecasting
Show Inventory Reading Alert
Show First Of The Day Inventory Readings
Save
Cancel' and expected text 'The site has been created successfully' of test object 'Object Repository/FIM/Companies Page/Adding Company Success Message' are NOT matched.
	at com.kms.katalon.core.webui.keyword.internal.WebUIKeywordMain.stepFailed(WebUIKeywordMain.groovy:117)
	at com.kms.katalon.core.webui.keyword.builtin.VerifyElementTextKeyword$_verifyElementText_closure1.doCall(VerifyElementTextKeyword.groovy:57)
	at com.kms.katalon.core.webui.keyword.builtin.VerifyElementTextKeyword$_verifyElementText_closure1.call(VerifyElementTextKeyword.groovy)
	at com.kms.katalon.core.webui.keyword.internal.WebUIKeywordMain.runKeyword(WebUIKeywordMain.groovy:35)
	at com.kms.katalon.core.webui.keyword.builtin.VerifyElementTextKeyword.verifyElementText(VerifyElementTextKeyword.groovy:72)
	at com.kms.katalon.core.webui.keyword.builtin.VerifyElementTextKeyword.execute(VerifyElementTextKeyword.groovy:40)
	at com.kms.katalon.core.keyword.internal.KeywordExecutor.executeKeywordForPlatform(KeywordExecutor.groovy:74)
	at com.kms.katalon.core.webui.keyword.WebUiBuiltInKeywords.verifyElementText(WebUiBuiltInKeywords.groovy:4819)
	at com.kms.katalon.core.webui.keyword.WebUiBuiltInKeywords$verifyElementText$12.call(Unknown Source)
	at Creating a Consignee Company.run(Creating a Consignee Company:79)
	at com.kms.katalon.core.main.ScriptEngine.run(ScriptEngine.java:194)
	at com.kms.katalon.core.main.ScriptEngine.runScriptAsRawText(ScriptEngine.java:119)
	at com.kms.katalon.core.main.TestCaseExecutor.runScript(TestCaseExecutor.java:448)
	at com.kms.katalon.core.main.TestCaseExecutor.doExecute(TestCaseExecutor.java:439)
	at com.kms.katalon.core.main.TestCaseExecutor.processExecutionPhase(TestCaseExecutor.java:418)
	at com.kms.katalon.core.main.TestCaseExecutor.accessMainPhase(TestCaseExecutor.java:410)
	at com.kms.katalon.core.main.TestCaseExecutor.execute(TestCaseExecutor.java:285)
	at com.kms.katalon.core.common.CommonExecutor.accessTestCaseMainPhase(CommonExecutor.java:65)
	at com.kms.katalon.core.main.TestSuiteExecutor.accessTestSuiteMainPhase(TestSuiteExecutor.java:150)
	at com.kms.katalon.core.main.TestSuiteExecutor.execute(TestSuiteExecutor.java:106)
	at com.kms.katalon.core.main.TestCaseMain.startTestSuite(TestCaseMain.java:180)
	at com.kms.katalon.core.main.TestCaseMain$startTestSuite$0.call(Unknown Source)
	at TempTestSuite1761090740538.run(TempTestSuite1761090740538.groovy:35)
	at java.base/jdk.internal.reflect.NativeMethodAccessorImpl.invoke0(Native Method)
	at java.base/jdk.internal.reflect.NativeMethodAccessorImpl.invoke(NativeMethodAccessorImpl.java:77)
	at java.base/jdk.internal.reflect.DelegatingMethodAccessorImpl.invoke(DelegatingMethodAccessorImpl.java:43)
)

21-10-2025T19:54:55 - [MESSAGE][WARNING] - Actual text 'Unique ID *
Company Name *
Phone
Address *
City *
State *
Alabama
Alaska
American Samoa
Arizona
Arkansas
California
Colorado
Connecticut
Delaware
District Of Columbia
Federated States Of Micronesia
Florida
Georgia
Guam
Hawaii
Idaho
Illinois
Indiana
Iowa
Kansas
Kentucky
Louisiana
Maine
Marshall Islands
Maryland
Massachusetts
Michigan
Minnesota
Mississippi
Missouri
Montana
Nebraska
Nevada
New Hampshire
New Jersey
New Mexico
New York
North Carolina
North Dakota
Northern Mariana Islands
Ohio
Oklahoma
Oregon
Palau
Pennsylvania
Puerto Rico
Rhode Island
South Carolina
South Dakota
Tennessee
Texas
Utah
Vermont
Virgin Islands
Virginia
Washington
West Virginia
Wisconsin
Wyoming
Zip *
Account of
Bill to
Shipper
Consignee
Supplier
Active For Forecasting
Show Inventory Reading Alert
Show First Of The Day Inventory Readings
Save
Cancel' and expected text 'The site has been created successfully' of test object 'Object Repository/FIM/Companies Page/Adding Company Success Message' are NOT matched. (Root cause: com.kms.katalon.core.exception.StepFailedException: Actual text 'Unique ID *
Company Name *
Phone
Address *
City *
State *
Alabama
Alaska
American Samoa
Arizona
Arkansas
California
Colorado
Connecticut
Delaware
District Of Columbia
Federated States Of Micronesia
Florida
Georgia
Guam
Hawaii
Idaho
Illinois
Indiana
Iowa
Kansas
Kentucky
Louisiana
Maine
Marshall Islands
Maryland
Massachusetts
Michigan
Minnesota
Mississippi
Missouri
Montana
Nebraska
Nevada
New Hampshire
New Jersey
New Mexico
New York
North Carolina
North Dakota
Northern Mariana Islands
Ohio
Oklahoma
Oregon
Palau
Pennsylvania
Puerto Rico
Rhode Island
South Carolina
South Dakota
Tennessee
Texas
Utah
Vermont
Virgin Islands
Virginia
Washington
West Virginia
Wisconsin
Wyoming
Zip *
Account of
Bill to
Shipper
Consignee
Supplier
Active For Forecasting
Show Inventory Reading Alert
Show First Of The Day Inventory Readings
Save
Cancel' and expected text 'The site has been created successfully' of test object 'Object Repository/FIM/Companies Page/Adding Company Success Message' are NOT matched.
	at com.kms.katalon.core.webui.keyword.internal.WebUIKeywordMain.stepFailed(WebUIKeywordMain.groovy:117)
	at com.kms.katalon.core.webui.keyword.builtin.VerifyElementTextKeyword$_verifyElementText_closure1.doCall(VerifyElementTextKeyword.groovy:57)
	at com.kms.katalon.core.webui.keyword.builtin.VerifyElementTextKeyword$_verifyElementText_closure1.call(VerifyElementTextKeyword.groovy)
	at com.kms.katalon.core.webui.keyword.internal.WebUIKeywordMain.runKeyword(WebUIKeywordMain.groovy:35)
	at com.kms.katalon.core.webui.keyword.builtin.VerifyElementTextKeyword.verifyElementText(VerifyElementTextKeyword.groovy:72)
	at com.kms.katalon.core.webui.keyword.builtin.VerifyElementTextKeyword.execute(VerifyElementTextKeyword.groovy:40)
	at com.kms.katalon.core.keyword.internal.KeywordExecutor.executeKeywordForPlatform(KeywordExecutor.groovy:74)
	at com.kms.katalon.core.webui.keyword.WebUiBuiltInKeywords.verifyElementText(WebUiBuiltInKeywords.groovy:4819)
	at com.kms.katalon.core.webui.keyword.WebUiBuiltInKeywords$verifyElementText$12.call(Unknown Source)
	at Creating a Consignee Company.run(Creating a Consignee Company:79)
	at com.kms.katalon.core.main.ScriptEngine.run(ScriptEngine.java:194)
	at com.kms.katalon.core.main.ScriptEngine.runScriptAsRawText(ScriptEngine.java:119)
	at com.kms.katalon.core.main.TestCaseExecutor.runScript(TestCaseExecutor.java:448)
	at com.kms.katalon.core.main.TestCaseExecutor.doExecute(TestCaseExecutor.java:439)
	at com.kms.katalon.core.main.TestCaseExecutor.processExecutionPhase(TestCaseExecutor.java:418)
	at com.kms.katalon.core.main.TestCaseExecutor.accessMainPhase(TestCaseExecutor.java:410)
	at com.kms.katalon.core.main.TestCaseExecutor.execute(TestCaseExecutor.java:285)
	at com.kms.katalon.core.common.CommonExecutor.accessTestCaseMainPhase(CommonExecutor.java:65)
	at com.kms.katalon.core.main.TestSuiteExecutor.accessTestSuiteMainPhase(TestSuiteExecutor.java:150)
	at com.kms.katalon.core.main.TestSuiteExecutor.execute(TestSuiteExecutor.java:106)
	at com.kms.katalon.core.main.TestCaseMain.startTestSuite(TestCaseMain.java:180)
	at com.kms.katalon.core.main.TestCaseMain$startTestSuite$0.call(Unknown Source)
	at TempTestSuite1761090740538.run(TempTestSuite1761090740538.groovy:35)
	at java.base/jdk.internal.reflect.NativeMethodAccessorImpl.invoke0(Native Method)
	at java.base/jdk.internal.reflect.NativeMethodAccessorImpl.invoke(NativeMethodAccessorImpl.java:77)
	at java.base/jdk.internal.reflect.DelegatingMethodAccessorImpl.invoke(DelegatingMethodAccessorImpl.java:43)
)

21-10-2025T19:54:55 - [TEST_STEP][FAILED] - else: Unable to click on object 'Object Repository/FIM/Hamburger Menu List/Hamburger_menu' (Root cause: com.kms.katalon.core.exception.StepFailedException: Unable to click on object 'Object Repository/FIM/Hamburger Menu List/Hamburger_menu'
	at com.kms.katalon.core.webui.keyword.internal.WebUIKeywordMain.stepFailed(WebUIKeywordMain.groovy:117)
	at com.kms.katalon.core.webui.keyword.internal.WebUIKeywordMain.runKeyword(WebUIKeywordMain.groovy:43)
	at com.kms.katalon.core.webui.keyword.builtin.ClickKeyword.click(ClickKeyword.groovy:74)
	at com.kms.katalon.core.webui.keyword.builtin.ClickKeyword.execute(ClickKeyword.groovy:40)
	at com.kms.katalon.core.keyword.internal.KeywordExecutor.executeKeywordForPlatform(KeywordExecutor.groovy:74)
	at com.kms.katalon.core.webui.keyword.WebUiBuiltInKeywords.click(WebUiBuiltInKeywords.groovy:659)
	at com.kms.katalon.core.webui.keyword.WebUiBuiltInKeywords$click$4.call(Unknown Source)
	at Creating a Consignee Company.run(Creating a Consignee Company:151)
	at com.kms.katalon.core.main.ScriptEngine.run(ScriptEngine.java:194)
	at com.kms.katalon.core.main.ScriptEngine.runScriptAsRawText(ScriptEngine.java:119)
	at com.kms.katalon.core.main.TestCaseExecutor.runScript(TestCaseExecutor.java:448)
	at com.kms.katalon.core.main.TestCaseExecutor.doExecute(TestCaseExecutor.java:439)
	at com.kms.katalon.core.main.TestCaseExecutor.processExecutionPhase(TestCaseExecutor.java:418)
	at com.kms.katalon.core.main.TestCaseExecutor.accessMainPhase(TestCaseExecutor.java:410)
	at com.kms.katalon.core.main.TestCaseExecutor.execute(TestCaseExecutor.java:285)
	at com.kms.katalon.core.common.CommonExecutor.accessTestCaseMainPhase(CommonExecutor.java:65)
	at com.kms.katalon.core.main.TestSuiteExecutor.accessTestSuiteMainPhase(TestSuiteExecutor.java:150)
	at com.kms.katalon.core.main.TestSuiteExecutor.execute(TestSuiteExecutor.java:106)
	at com.kms.katalon.core.main.TestCaseMain.startTestSuite(TestCaseMain.java:180)
	at com.kms.katalon.core.main.TestCaseMain$startTestSuite$0.call(Unknown Source)
	at TempTestSuite1761090740538.run(TempTestSuite1761090740538.groovy:35)
	at java.base/jdk.internal.reflect.NativeMethodAccessorImpl.invoke0(Native Method)
	at java.base/jdk.internal.reflect.NativeMethodAccessorImpl.invoke(NativeMethodAccessorImpl.java:77)
	at java.base/jdk.internal.reflect.DelegatingMethodAccessorImpl.invoke(DelegatingMethodAccessorImpl.java:43)
Caused by: org.openqa.selenium.ElementClickInterceptedException: element click intercepted: Element <button type="button" class="btn btn-kag-grey btn-sm collapsed" aria-expanded="false" aria-controls="kag-sidebar" style="overflow-anchor: none;">...</button> is not clickable at point (31, 31). Other element would receive the click: <div id="catalog-edit-modal" role="dialog" aria-labelledby="catalog-edit-modal___BV_modal_title_" aria-describedby="catalog-edit-modal___BV_modal_body_" class="modal fade show" aria-modal="true" style="display: block; padding-left: 15px;">...</div>
  (Session info: chrome=141.0.7390.122)
Build info: version: '3.141.59', revision: 'unknown', time: 'unknown'
System info: host: 'DC1ADOBLD01', ip: '10.2.20.71', os.name: 'Windows Server 2019', os.arch: 'amd64', os.version: '10.0', java.version: '17.0.7'
Driver info: com.kms.katalon.selenium.driver.CChromeDriver
Capabilities {acceptInsecureCerts: false, browserName: chrome, browserVersion: 141.0.7390.122, chrome: {chromedriverVersion: 141.0.7390.122 (b477534e7e1..., userDataDir: C:\Windows\SystemTemp\scope...}, fedcm:accounts: true, goog:chromeOptions: {debuggerAddress: localhost:51280}, javascriptEnabled: true, networkConnectionEnabled: false, pageLoadStrategy: normal, platform: WINDOWS, platformName: WINDOWS, proxy: Proxy(), setWindowRect: true, strictFileInteractability: false, timeouts: {implicit: 0, pageLoad: 300000, script: 30000}, unhandledPromptBehavior: dismiss and notify, webauthn:extension:credBlob: true, webauthn:extension:largeBlob: true, webauthn:extension:minPinLength: true, webauthn:extension:prf: true, webauthn:virtualAuthenticators: true}
Session ID: 99e507867627ce560aa9a2869bf5d4cd
	at java.base/jdk.internal.reflect.NativeConstructorAccessorImpl.newInstance0(Native Method)
	at java.base/jdk.internal.reflect.NativeConstructorAccessorImpl.newInstance(NativeConstructorAccessorImpl.java:77)
	at java.base/jdk.internal.reflect.DelegatingConstructorAccessorImpl.newInstance(DelegatingConstructorAccessorImpl.java:45)
	at org.openqa.selenium.remote.http.W3CHttpResponseCodec.createException(W3CHttpResponseCodec.java:187)
	at org.openqa.selenium.remote.http.W3CHttpResponseCodec.decode(W3CHttpResponseCodec.java:122)
	at org.openqa.selenium.remote.http.W3CHttpResponseCodec.decode(W3CHttpResponseCodec.java:49)
	at org.openqa.selenium.remote.HttpCommandExecutor.execute(HttpCommandExecutor.java:158)
	at org.openqa.selenium.remote.service.DriverCommandExecutor.execute(DriverCommandExecutor.java:83)
	at org.openqa.selenium.remote.RemoteWebDriver.execute(RemoteWebDriver.java:552)
	at com.kms.katalon.selenium.driver.CChromeDriver.execute(CChromeDriver.java:19)
	at org.openqa.selenium.remote.RemoteWebElement.execute(RemoteWebElement.java:285)
	at org.openqa.selenium.remote.RemoteWebElement.click(RemoteWebElement.java:84)
	at jdk.internal.reflect.GeneratedMethodAccessor16.invoke(Unknown Source)
	at java.base/jdk.internal.reflect.DelegatingMethodAccessorImpl.invoke(DelegatingMethodAccessorImpl.java:43)
	at org.openqa.selenium.support.events.EventFiringWebDriver$EventFiringWebElement.lambda$new$0(EventFiringWebDriver.java:404)
	at jdk.proxy2/jdk.proxy2.$Proxy27.click(Unknown Source)
	at org.openqa.selenium.support.events.EventFiringWebDriver$EventFiringWebElement.click(EventFiringWebDriver.java:417)
	at org.openqa.selenium.WebElement$click.call(Unknown Source)
	at com.kms.katalon.core.webui.keyword.builtin.ClickKeyword.clickUntilSuccessWithTimeout(ClickKeyword.groovy:81)
	at com.kms.katalon.core.webui.keyword.builtin.ClickKeyword.clickUntilSuccessWithTimeout(ClickKeyword.groovy)
	at java.base/jdk.internal.reflect.NativeMethodAccessorImpl.invoke0(Native Method)
	at java.base/jdk.internal.reflect.NativeMethodAccessorImpl.invoke(NativeMethodAccessorImpl.java:77)
	at java.base/jdk.internal.reflect.DelegatingMethodAccessorImpl.invoke(DelegatingMethodAccessorImpl.java:43)
	at com.kms.katalon.core.webui.keyword.builtin.ClickKeyword$_click_closure1.doCall(ClickKeyword.groovy:67)
	at com.kms.katalon.core.webui.keyword.builtin.ClickKeyword$_click_closure1.call(ClickKeyword.groovy)
	at com.kms.katalon.core.webui.keyword.internal.WebUIKeywordMain.runKeyword(WebUIKeywordMain.groovy:35)
	at com.kms.katalon.core.webui.keyword.builtin.ClickKeyword.click(ClickKeyword.groovy:74)
	at com.kms.katalon.core.webui.keyword.builtin.ClickKeyword.execute(ClickKeyword.groovy:40)
	at com.kms.katalon.core.keyword.internal.KeywordExecutor.executeKeywordForPlatform(KeywordExecutor.groovy:74)
	at com.kms.katalon.core.webui.keyword.WebUiBuiltInKeywords.click(WebUiBuiltInKeywords.groovy:659)
	at com.kms.katalon.core.webui.keyword.WebUiBuiltInKeywords$click$4.call(Unknown Source)
	at Script1751400812803.run(Script1751400812803.groovy:151)
	... 16 more
)

21-10-2025T19:54:55 - [TEST_STEP][PASSED] - Consignee = Consignee + "A": null

21-10-2025T19:54:55 - [TEST_STEP][PASSED] - KGLConsignee = Consignee: null

21-10-2025T19:54:55 - [TEST_STEP][PASSED] - refresh(STOP_ON_FAILURE): Refresh successfully

21-10-2025T19:54:55 - [MESSAGE][PASSED] - Refresh successfully

21-10-2025T19:54:55 - [TEST_STEP][PASSED] - if (verifyElementVisible(findTestObject("FIM/Server_Notification_Close_btn"), OPTIONAL) == true): Web element with id: 'Object Repository/FIM/Server_Notification_Close_btn' located by '/html/body/div/div[1]/button' not found (Root cause: com.kms.katalon.core.exception.StepFailedException: Web element with id: 'Object Repository/FIM/Server_Notification_Close_btn' located by '/html/body/div/div[1]/button' not found
	at com.kms.katalon.core.webui.keyword.internal.WebUIKeywordMain.stepFailed(WebUIKeywordMain.groovy:117)
	at com.kms.katalon.core.webui.keyword.builtin.VerifyElementVisibleKeyword$_verifyElementVisible_closure1.doCall(VerifyElementVisibleKeyword.groovy:89)
	at com.kms.katalon.core.webui.keyword.builtin.VerifyElementVisibleKeyword$_verifyElementVisible_closure1.call(VerifyElementVisibleKeyword.groovy)
	at com.kms.katalon.core.webui.keyword.internal.WebUIKeywordMain.runKeyword(WebUIKeywordMain.groovy:35)
	at com.kms.katalon.core.webui.keyword.builtin.VerifyElementVisibleKeyword.verifyElementVisible(VerifyElementVisibleKeyword.groovy:97)
	at com.kms.katalon.core.webui.keyword.builtin.VerifyElementVisibleKeyword.execute(VerifyElementVisibleKeyword.groovy:67)
	at com.kms.katalon.core.keyword.internal.KeywordExecutor.executeKeywordForPlatform(KeywordExecutor.groovy:74)
	at com.kms.katalon.core.webui.keyword.WebUiBuiltInKeywords.verifyElementVisible(WebUiBuiltInKeywords.groovy:401)
	at com.kms.katalon.core.webui.keyword.WebUiBuiltInKeywords$verifyElementVisible$6.call(Unknown Source)
	at Creating a Consignee Company.run(Creating a Consignee Company:119)
	at com.kms.katalon.core.main.ScriptEngine.run(ScriptEngine.java:194)
	at com.kms.katalon.core.main.ScriptEngine.runScriptAsRawText(ScriptEngine.java:119)
	at com.kms.katalon.core.main.TestCaseExecutor.runScript(TestCaseExecutor.java:448)
	at com.kms.katalon.core.main.TestCaseExecutor.doExecute(TestCaseExecutor.java:439)
	at com.kms.katalon.core.main.TestCaseExecutor.processExecutionPhase(TestCaseExecutor.java:418)
	at com.kms.katalon.core.main.TestCaseExecutor.accessMainPhase(TestCaseExecutor.java:410)
	at com.kms.katalon.core.main.TestCaseExecutor.execute(TestCaseExecutor.java:285)
	at com.kms.katalon.core.common.CommonExecutor.accessTestCaseMainPhase(CommonExecutor.java:65)
	at com.kms.katalon.core.main.TestSuiteExecutor.accessTestSuiteMainPhase(TestSuiteExecutor.java:150)
	at com.kms.katalon.core.main.TestSuiteExecutor.execute(TestSuiteExecutor.java:106)
	at com.kms.katalon.core.main.TestCaseMain.startTestSuite(TestCaseMain.java:180)
	at com.kms.katalon.core.main.TestCaseMain$startTestSuite$0.call(Unknown Source)
	at TempTestSuite1761090740538.run(TempTestSuite1761090740538.groovy:35)
	at java.base/jdk.internal.reflect.NativeMethodAccessorImpl.invoke0(Native Method)
	at java.base/jdk.internal.reflect.NativeMethodAccessorImpl.invoke(NativeMethodAccessorImpl.java:77)
	at java.base/jdk.internal.reflect.DelegatingMethodAccessorImpl.invoke(DelegatingMethodAccessorImpl.java:43)
)

21-10-2025T19:55:11 - [MESSAGE][INFO] - Unable to find the element located by 'By.xpath: /html/body/div/div[1]/button'. Please recheck the objects properties to make sure the desired element is located. 

21-10-2025T19:55:11 - [MESSAGE][WARNING] - [SELF-HEALING] Failed to find element with id 'Object Repository/FIM/Server_Notification_Close_btn'. Try using Self-healing.

21-10-2025T19:55:12 - [MESSAGE][INFO] - [SELF-HEALING] No working XPath is found.

21-10-2025T19:55:14 - [MESSAGE][INFO] - Unable to find the element located by 'By.xpath: '. Please recheck the objects properties to make sure the desired element is located. 

21-10-2025T19:55:14 - [MESSAGE][WARNING] - [SELF-HEALING] Cannot find elements when the selector is null

21-10-2025T19:55:14 - [MESSAGE][WARNING] - Web element with id: 'Object Repository/FIM/Server_Notification_Close_btn' located by '/html/body/div/div[1]/button' not found (Root cause: com.kms.katalon.core.exception.StepFailedException: Web element with id: 'Object Repository/FIM/Server_Notification_Close_btn' located by '/html/body/div/div[1]/button' not found
	at com.kms.katalon.core.webui.keyword.internal.WebUIKeywordMain.stepFailed(WebUIKeywordMain.groovy:117)
	at com.kms.katalon.core.webui.keyword.builtin.VerifyElementVisibleKeyword$_verifyElementVisible_closure1.doCall(VerifyElementVisibleKeyword.groovy:89)
	at com.kms.katalon.core.webui.keyword.builtin.VerifyElementVisibleKeyword$_verifyElementVisible_closure1.call(VerifyElementVisibleKeyword.groovy)
	at com.kms.katalon.core.webui.keyword.internal.WebUIKeywordMain.runKeyword(WebUIKeywordMain.groovy:35)
	at com.kms.katalon.core.webui.keyword.builtin.VerifyElementVisibleKeyword.verifyElementVisible(VerifyElementVisibleKeyword.groovy:97)
	at com.kms.katalon.core.webui.keyword.builtin.VerifyElementVisibleKeyword.execute(VerifyElementVisibleKeyword.groovy:67)
	at com.kms.katalon.core.keyword.internal.KeywordExecutor.executeKeywordForPlatform(KeywordExecutor.groovy:74)
	at com.kms.katalon.core.webui.keyword.WebUiBuiltInKeywords.verifyElementVisible(WebUiBuiltInKeywords.groovy:401)
	at com.kms.katalon.core.webui.keyword.WebUiBuiltInKeywords$verifyElementVisible$6.call(Unknown Source)
	at Creating a Consignee Company.run(Creating a Consignee Company:119)
	at com.kms.katalon.core.main.ScriptEngine.run(ScriptEngine.java:194)
	at com.kms.katalon.core.main.ScriptEngine.runScriptAsRawText(ScriptEngine.java:119)
	at com.kms.katalon.core.main.TestCaseExecutor.runScript(TestCaseExecutor.java:448)
	at com.kms.katalon.core.main.TestCaseExecutor.doExecute(TestCaseExecutor.java:439)
	at com.kms.katalon.core.main.TestCaseExecutor.processExecutionPhase(TestCaseExecutor.java:418)
	at com.kms.katalon.core.main.TestCaseExecutor.accessMainPhase(TestCaseExecutor.java:410)
	at com.kms.katalon.core.main.TestCaseExecutor.execute(TestCaseExecutor.java:285)
	at com.kms.katalon.core.common.CommonExecutor.accessTestCaseMainPhase(CommonExecutor.java:65)
	at com.kms.katalon.core.main.TestSuiteExecutor.accessTestSuiteMainPhase(TestSuiteExecutor.java:150)
	at com.kms.katalon.core.main.TestSuiteExecutor.execute(TestSuiteExecutor.java:106)
	at com.kms.katalon.core.main.TestCaseMain.startTestSuite(TestCaseMain.java:180)
	at com.kms.katalon.core.main.TestCaseMain$startTestSuite$0.call(Unknown Source)
	at TempTestSuite1761090740538.run(TempTestSuite1761090740538.groovy:35)
	at java.base/jdk.internal.reflect.NativeMethodAccessorImpl.invoke0(Native Method)
	at java.base/jdk.internal.reflect.NativeMethodAccessorImpl.invoke(NativeMethodAccessorImpl.java:77)
	at java.base/jdk.internal.reflect.DelegatingMethodAccessorImpl.invoke(DelegatingMethodAccessorImpl.java:43)
)

21-10-2025T19:55:14 - [TEST_STEP][PASSED] - delay(5): Delayed 5 second(s)

21-10-2025T19:55:19 - [MESSAGE][PASSED] - Delayed 5 second(s)

21-10-2025T19:55:19 - [TEST_STEP][PASSED] - click(findTestObject("FIM/Companies Page/Add Company_btn")): Object: 'Object Repository/FIM/Companies Page/Add Company_btn' is clicked on

21-10-2025T19:55:19 - [MESSAGE][PASSED] - Object: 'Object Repository/FIM/Companies Page/Add Company_btn' is clicked on

21-10-2025T19:55:19 - [TEST_STEP][PASSED] - setText(findTestObject("FIM/Companies Page/Unique Id_txt"), Consignee): Text 'MAMMOTHA' is set on object 'Object Repository/FIM/Companies Page/Unique Id_txt'

21-10-2025T19:55:19 - [MESSAGE][PASSED] - Text 'MAMMOTHA' is set on object 'Object Repository/FIM/Companies Page/Unique Id_txt'

21-10-2025T19:55:19 - [TEST_STEP][PASSED] - setText(findTestObject("FIM/Companies Page/Company Name_txt"), "Gents Safe Net"): Text 'Gents Safe Net' is set on object 'Object Repository/FIM/Companies Page/Company Name_txt'

21-10-2025T19:55:20 - [MESSAGE][PASSED] - Text 'Gents Safe Net' is set on object 'Object Repository/FIM/Companies Page/Company Name_txt'

21-10-2025T19:55:20 - [TEST_STEP][PASSED] - setText(findTestObject("FIM/Companies Page/Address_txt"), "888 Hand Street"): Text '888 Hand Street' is set on object 'Object Repository/FIM/Companies Page/Address_txt'

21-10-2025T19:55:20 - [MESSAGE][PASSED] - Text '888 Hand Street' is set on object 'Object Repository/FIM/Companies Page/Address_txt'

21-10-2025T19:55:20 - [TEST_STEP][PASSED] - setText(findTestObject("FIM/Companies Page/City_txt"), "100"): Text '100' is set on object 'Object Repository/FIM/Companies Page/City_txt'

21-10-2025T19:55:20 - [MESSAGE][PASSED] - Text '100' is set on object 'Object Repository/FIM/Companies Page/City_txt'

21-10-2025T19:55:20 - [TEST_STEP][PASSED] - selectOptionByLabel(findTestObject("FIM/Companies Page/State_dropdown"), "West Virginia", false): All options with label 'West Virginia' are selected in object 'Object Repository/FIM/Companies Page/State_dropdown' 

21-10-2025T19:55:20 - [MESSAGE][PASSED] - All options with label 'West Virginia' are selected in object 'Object Repository/FIM/Companies Page/State_dropdown' 

21-10-2025T19:55:20 - [TEST_STEP][PASSED] - setText(findTestObject("FIM/Companies Page/Zip_txt"), "65411"): Text '65411' is set on object 'Object Repository/FIM/Companies Page/Zip_txt'

21-10-2025T19:55:20 - [MESSAGE][PASSED] - Text '65411' is set on object 'Object Repository/FIM/Companies Page/Zip_txt'

21-10-2025T19:55:20 - [TEST_STEP][PASSED] - click(findTestObject("FIM/Companies Page/Consignee_checkbox"), STOP_ON_FAILURE): Object: 'Object Repository/FIM/Companies Page/Consignee_checkbox' is clicked on

21-10-2025T19:55:21 - [MESSAGE][PASSED] - Object: 'Object Repository/FIM/Companies Page/Consignee_checkbox' is clicked on

21-10-2025T19:55:21 - [TEST_STEP][PASSED] - verifyElementClickable(findTestObject("FIM/Companies Page/Save New Company_btn")): Object 'Object Repository/FIM/Companies Page/Save New Company_btn' is clickable

21-10-2025T19:55:21 - [MESSAGE][PASSED] - Object 'Object Repository/FIM/Companies Page/Save New Company_btn' is clickable

21-10-2025T19:55:21 - [TEST_STEP][PASSED] - click(findTestObject("FIM/Companies Page/Save New Company_btn")): Object: 'Object Repository/FIM/Companies Page/Save New Company_btn' is clicked on

21-10-2025T19:55:21 - [MESSAGE][PASSED] - Object: 'Object Repository/FIM/Companies Page/Save New Company_btn' is clicked on

21-10-2025T19:55:21 - [TEST_STEP][PASSED] - waitForElementClickable(findTestObject("FIM/Companies Page/Adding Company Success Message"), 10): Object 'Object Repository/FIM/Companies Page/Adding Company Success Message' is clickable

21-10-2025T19:55:21 - [MESSAGE][PASSED] - Object 'Object Repository/FIM/Companies Page/Adding Company Success Message' is clickable

21-10-2025T19:55:21 - [TEST_STEP][PASSED] - verifyElementPresent(findTestObject("FIM/Companies Page/Adding Company Success Message"), 10): Object 'Object Repository/FIM/Companies Page/Adding Company Success Message' is present

21-10-2025T19:55:21 - [MESSAGE][PASSED] - Object 'Object Repository/FIM/Companies Page/Adding Company Success Message' is present

21-10-2025T19:55:21 - [TEST_STEP][PASSED] - delay(1): Delayed 1 second(s)

21-10-2025T19:55:22 - [MESSAGE][PASSED] - Delayed 1 second(s)

21-10-2025T19:55:22 - [TEST_STEP][FAILED] - click(findTestObject("FIM/Hamburger Menu List/Hamburger_menu")): Unable to click on object 'Object Repository/FIM/Hamburger Menu List/Hamburger_menu' (Root cause: com.kms.katalon.core.exception.StepFailedException: Unable to click on object 'Object Repository/FIM/Hamburger Menu List/Hamburger_menu'
	at com.kms.katalon.core.webui.keyword.internal.WebUIKeywordMain.stepFailed(WebUIKeywordMain.groovy:117)
	at com.kms.katalon.core.webui.keyword.internal.WebUIKeywordMain.runKeyword(WebUIKeywordMain.groovy:43)
	at com.kms.katalon.core.webui.keyword.builtin.ClickKeyword.click(ClickKeyword.groovy:74)
	at com.kms.katalon.core.webui.keyword.builtin.ClickKeyword.execute(ClickKeyword.groovy:40)
	at com.kms.katalon.core.keyword.internal.KeywordExecutor.executeKeywordForPlatform(KeywordExecutor.groovy:74)
	at com.kms.katalon.core.webui.keyword.WebUiBuiltInKeywords.click(WebUiBuiltInKeywords.groovy:659)
	at com.kms.katalon.core.webui.keyword.WebUiBuiltInKeywords$click$4.call(Unknown Source)
	at Creating a Consignee Company.run(Creating a Consignee Company:151)
	at com.kms.katalon.core.main.ScriptEngine.run(ScriptEngine.java:194)
	at com.kms.katalon.core.main.ScriptEngine.runScriptAsRawText(ScriptEngine.java:119)
	at com.kms.katalon.core.main.TestCaseExecutor.runScript(TestCaseExecutor.java:448)
	at com.kms.katalon.core.main.TestCaseExecutor.doExecute(TestCaseExecutor.java:439)
	at com.kms.katalon.core.main.TestCaseExecutor.processExecutionPhase(TestCaseExecutor.java:418)
	at com.kms.katalon.core.main.TestCaseExecutor.accessMainPhase(TestCaseExecutor.java:410)
	at com.kms.katalon.core.main.TestCaseExecutor.execute(TestCaseExecutor.java:285)
	at com.kms.katalon.core.common.CommonExecutor.accessTestCaseMainPhase(CommonExecutor.java:65)
	at com.kms.katalon.core.main.TestSuiteExecutor.accessTestSuiteMainPhase(TestSuiteExecutor.java:150)
	at com.kms.katalon.core.main.TestSuiteExecutor.execute(TestSuiteExecutor.java:106)
	at com.kms.katalon.core.main.TestCaseMain.startTestSuite(TestCaseMain.java:180)
	at com.kms.katalon.core.main.TestCaseMain$startTestSuite$0.call(Unknown Source)
	at TempTestSuite1761090740538.run(TempTestSuite1761090740538.groovy:35)
	at java.base/jdk.internal.reflect.NativeMethodAccessorImpl.invoke0(Native Method)
	at java.base/jdk.internal.reflect.NativeMethodAccessorImpl.invoke(NativeMethodAccessorImpl.java:77)
	at java.base/jdk.internal.reflect.DelegatingMethodAccessorImpl.invoke(DelegatingMethodAccessorImpl.java:43)
Caused by: org.openqa.selenium.ElementClickInterceptedException: element click intercepted: Element <button type="button" class="btn btn-kag-grey btn-sm collapsed" aria-expanded="false" aria-controls="kag-sidebar" style="overflow-anchor: none;">...</button> is not clickable at point (31, 31). Other element would receive the click: <div id="catalog-edit-modal" role="dialog" aria-labelledby="catalog-edit-modal___BV_modal_title_" aria-describedby="catalog-edit-modal___BV_modal_body_" class="modal fade show" aria-modal="true" style="display: block; padding-left: 15px;">...</div>
  (Session info: chrome=141.0.7390.122)
Build info: version: '3.141.59', revision: 'unknown', time: 'unknown'
System info: host: 'DC1ADOBLD01', ip: '10.2.20.71', os.name: 'Windows Server 2019', os.arch: 'amd64', os.version: '10.0', java.version: '17.0.7'
Driver info: com.kms.katalon.selenium.driver.CChromeDriver
Capabilities {acceptInsecureCerts: false, browserName: chrome, browserVersion: 141.0.7390.122, chrome: {chromedriverVersion: 141.0.7390.122 (b477534e7e1..., userDataDir: C:\Windows\SystemTemp\scope...}, fedcm:accounts: true, goog:chromeOptions: {debuggerAddress: localhost:51280}, javascriptEnabled: true, networkConnectionEnabled: false, pageLoadStrategy: normal, platform: WINDOWS, platformName: WINDOWS, proxy: Proxy(), setWindowRect: true, strictFileInteractability: false, timeouts: {implicit: 0, pageLoad: 300000, script: 30000}, unhandledPromptBehavior: dismiss and notify, webauthn:extension:credBlob: true, webauthn:extension:largeBlob: true, webauthn:extension:minPinLength: true, webauthn:extension:prf: true, webauthn:virtualAuthenticators: true}
Session ID: 99e507867627ce560aa9a2869bf5d4cd
	at java.base/jdk.internal.reflect.NativeConstructorAccessorImpl.newInstance0(Native Method)
	at java.base/jdk.internal.reflect.NativeConstructorAccessorImpl.newInstance(NativeConstructorAccessorImpl.java:77)
	at java.base/jdk.internal.reflect.DelegatingConstructorAccessorImpl.newInstance(DelegatingConstructorAccessorImpl.java:45)
	at org.openqa.selenium.remote.http.W3CHttpResponseCodec.createException(W3CHttpResponseCodec.java:187)
	at org.openqa.selenium.remote.http.W3CHttpResponseCodec.decode(W3CHttpResponseCodec.java:122)
	at org.openqa.selenium.remote.http.W3CHttpResponseCodec.decode(W3CHttpResponseCodec.java:49)
	at org.openqa.selenium.remote.HttpCommandExecutor.execute(HttpCommandExecutor.java:158)
	at org.openqa.selenium.remote.service.DriverCommandExecutor.execute(DriverCommandExecutor.java:83)
	at org.openqa.selenium.remote.RemoteWebDriver.execute(RemoteWebDriver.java:552)
	at com.kms.katalon.selenium.driver.CChromeDriver.execute(CChromeDriver.java:19)
	at org.openqa.selenium.remote.RemoteWebElement.execute(RemoteWebElement.java:285)
	at org.openqa.selenium.remote.RemoteWebElement.click(RemoteWebElement.java:84)
	at jdk.internal.reflect.GeneratedMethodAccessor16.invoke(Unknown Source)
	at java.base/jdk.internal.reflect.DelegatingMethodAccessorImpl.invoke(DelegatingMethodAccessorImpl.java:43)
	at org.openqa.selenium.support.events.EventFiringWebDriver$EventFiringWebElement.lambda$new$0(EventFiringWebDriver.java:404)
	at jdk.proxy2/jdk.proxy2.$Proxy27.click(Unknown Source)
	at org.openqa.selenium.support.events.EventFiringWebDriver$EventFiringWebElement.click(EventFiringWebDriver.java:417)
	at org.openqa.selenium.WebElement$click.call(Unknown Source)
	at com.kms.katalon.core.webui.keyword.builtin.ClickKeyword.clickUntilSuccessWithTimeout(ClickKeyword.groovy:81)
	at com.kms.katalon.core.webui.keyword.builtin.ClickKeyword.clickUntilSuccessWithTimeout(ClickKeyword.groovy)
	at java.base/jdk.internal.reflect.NativeMethodAccessorImpl.invoke0(Native Method)
	at java.base/jdk.internal.reflect.NativeMethodAccessorImpl.invoke(NativeMethodAccessorImpl.java:77)
	at java.base/jdk.internal.reflect.DelegatingMethodAccessorImpl.invoke(DelegatingMethodAccessorImpl.java:43)
	at com.kms.katalon.core.webui.keyword.builtin.ClickKeyword$_click_closure1.doCall(ClickKeyword.groovy:67)
	at com.kms.katalon.core.webui.keyword.builtin.ClickKeyword$_click_closure1.call(ClickKeyword.groovy)
	at com.kms.katalon.core.webui.keyword.internal.WebUIKeywordMain.runKeyword(WebUIKeywordMain.groovy:35)
	at com.kms.katalon.core.webui.keyword.builtin.ClickKeyword.click(ClickKeyword.groovy:74)
	at com.kms.katalon.core.webui.keyword.builtin.ClickKeyword.execute(ClickKeyword.groovy:40)
	at com.kms.katalon.core.keyword.internal.KeywordExecutor.executeKeywordForPlatform(KeywordExecutor.groovy:74)
	at com.kms.katalon.core.webui.keyword.WebUiBuiltInKeywords.click(WebUiBuiltInKeywords.groovy:659)
	at com.kms.katalon.core.webui.keyword.WebUiBuiltInKeywords$click$4.call(Unknown Source)
	at Script1751400812803.run(Script1751400812803.groovy:151)
	... 16 more
)

21-10-2025T19:55:39 - [MESSAGE][FAILED] - Unable to click on object 'Object Repository/FIM/Hamburger Menu List/Hamburger_menu' (Root cause: com.kms.katalon.core.exception.StepFailedException: Unable to click on object 'Object Repository/FIM/Hamburger Menu List/Hamburger_menu'
	at com.kms.katalon.core.webui.keyword.internal.WebUIKeywordMain.stepFailed(WebUIKeywordMain.groovy:117)
	at com.kms.katalon.core.webui.keyword.internal.WebUIKeywordMain.runKeyword(WebUIKeywordMain.groovy:43)
	at com.kms.katalon.core.webui.keyword.builtin.ClickKeyword.click(ClickKeyword.groovy:74)
	at com.kms.katalon.core.webui.keyword.builtin.ClickKeyword.execute(ClickKeyword.groovy:40)
	at com.kms.katalon.core.keyword.internal.KeywordExecutor.executeKeywordForPlatform(KeywordExecutor.groovy:74)
	at com.kms.katalon.core.webui.keyword.WebUiBuiltInKeywords.click(WebUiBuiltInKeywords.groovy:659)
	at com.kms.katalon.core.webui.keyword.WebUiBuiltInKeywords$click$4.call(Unknown Source)
	at Creating a Consignee Company.run(Creating a Consignee Company:151)
	at com.kms.katalon.core.main.ScriptEngine.run(ScriptEngine.java:194)
	at com.kms.katalon.core.main.ScriptEngine.runScriptAsRawText(ScriptEngine.java:119)
	at com.kms.katalon.core.main.TestCaseExecutor.runScript(TestCaseExecutor.java:448)
	at com.kms.katalon.core.main.TestCaseExecutor.doExecute(TestCaseExecutor.java:439)
	at com.kms.katalon.core.main.TestCaseExecutor.processExecutionPhase(TestCaseExecutor.java:418)
	at com.kms.katalon.core.main.TestCaseExecutor.accessMainPhase(TestCaseExecutor.java:410)
	at com.kms.katalon.core.main.TestCaseExecutor.execute(TestCaseExecutor.java:285)
	at com.kms.katalon.core.common.CommonExecutor.accessTestCaseMainPhase(CommonExecutor.java:65)
	at com.kms.katalon.core.main.TestSuiteExecutor.accessTestSuiteMainPhase(TestSuiteExecutor.java:150)
	at com.kms.katalon.core.main.TestSuiteExecutor.execute(TestSuiteExecutor.java:106)
	at com.kms.katalon.core.main.TestCaseMain.startTestSuite(TestCaseMain.java:180)
	at com.kms.katalon.core.main.TestCaseMain$startTestSuite$0.call(Unknown Source)
	at TempTestSuite1761090740538.run(TempTestSuite1761090740538.groovy:35)
	at java.base/jdk.internal.reflect.NativeMethodAccessorImpl.invoke0(Native Method)
	at java.base/jdk.internal.reflect.NativeMethodAccessorImpl.invoke(NativeMethodAccessorImpl.java:77)
	at java.base/jdk.internal.reflect.DelegatingMethodAccessorImpl.invoke(DelegatingMethodAccessorImpl.java:43)
Caused by: org.openqa.selenium.ElementClickInterceptedException: element click intercepted: Element <button type="button" class="btn btn-kag-grey btn-sm collapsed" aria-expanded="false" aria-controls="kag-sidebar" style="overflow-anchor: none;">...</button> is not clickable at point (31, 31). Other element would receive the click: <div id="catalog-edit-modal" role="dialog" aria-labelledby="catalog-edit-modal___BV_modal_title_" aria-describedby="catalog-edit-modal___BV_modal_body_" class="modal fade show" aria-modal="true" style="display: block; padding-left: 15px;">...</div>
  (Session info: chrome=141.0.7390.122)
Build info: version: '3.141.59', revision: 'unknown', time: 'unknown'
System info: host: 'DC1ADOBLD01', ip: '10.2.20.71', os.name: 'Windows Server 2019', os.arch: 'amd64', os.version: '10.0', java.version: '17.0.7'
Driver info: com.kms.katalon.selenium.driver.CChromeDriver
Capabilities {acceptInsecureCerts: false, browserName: chrome, browserVersion: 141.0.7390.122, chrome: {chromedriverVersion: 141.0.7390.122 (b477534e7e1..., userDataDir: C:\Windows\SystemTemp\scope...}, fedcm:accounts: true, goog:chromeOptions: {debuggerAddress: localhost:51280}, javascriptEnabled: true, networkConnectionEnabled: false, pageLoadStrategy: normal, platform: WINDOWS, platformName: WINDOWS, proxy: Proxy(), setWindowRect: true, strictFileInteractability: false, timeouts: {implicit: 0, pageLoad: 300000, script: 30000}, unhandledPromptBehavior: dismiss and notify, webauthn:extension:credBlob: true, webauthn:extension:largeBlob: true, webauthn:extension:minPinLength: true, webauthn:extension:prf: true, webauthn:virtualAuthenticators: true}
Session ID: 99e507867627ce560aa9a2869bf5d4cd
	at java.base/jdk.internal.reflect.NativeConstructorAccessorImpl.newInstance0(Native Method)
	at java.base/jdk.internal.reflect.NativeConstructorAccessorImpl.newInstance(NativeConstructorAccessorImpl.java:77)
	at java.base/jdk.internal.reflect.DelegatingConstructorAccessorImpl.newInstance(DelegatingConstructorAccessorImpl.java:45)
	at org.openqa.selenium.remote.http.W3CHttpResponseCodec.createException(W3CHttpResponseCodec.java:187)
	at org.openqa.selenium.remote.http.W3CHttpResponseCodec.decode(W3CHttpResponseCodec.java:122)
	at org.openqa.selenium.remote.http.W3CHttpResponseCodec.decode(W3CHttpResponseCodec.java:49)
	at org.openqa.selenium.remote.HttpCommandExecutor.execute(HttpCommandExecutor.java:158)
	at org.openqa.selenium.remote.service.DriverCommandExecutor.execute(DriverCommandExecutor.java:83)
	at org.openqa.selenium.remote.RemoteWebDriver.execute(RemoteWebDriver.java:552)
	at com.kms.katalon.selenium.driver.CChromeDriver.execute(CChromeDriver.java:19)
	at org.openqa.selenium.remote.RemoteWebElement.execute(RemoteWebElement.java:285)
	at org.openqa.selenium.remote.RemoteWebElement.click(RemoteWebElement.java:84)
	at jdk.internal.reflect.GeneratedMethodAccessor16.invoke(Unknown Source)
	at java.base/jdk.internal.reflect.DelegatingMethodAccessorImpl.invoke(DelegatingMethodAccessorImpl.java:43)
	at org.openqa.selenium.support.events.EventFiringWebDriver$EventFiringWebElement.lambda$new$0(EventFiringWebDriver.java:404)
	at jdk.proxy2/jdk.proxy2.$Proxy27.click(Unknown Source)
	at org.openqa.selenium.support.events.EventFiringWebDriver$EventFiringWebElement.click(EventFiringWebDriver.java:417)
	at org.openqa.selenium.WebElement$click.call(Unknown Source)
	at com.kms.katalon.core.webui.keyword.builtin.ClickKeyword.clickUntilSuccessWithTimeout(ClickKeyword.groovy:81)
	at com.kms.katalon.core.webui.keyword.builtin.ClickKeyword.clickUntilSuccessWithTimeout(ClickKeyword.groovy)
	at java.base/jdk.internal.reflect.NativeMethodAccessorImpl.invoke0(Native Method)
	at java.base/jdk.internal.reflect.NativeMethodAccessorImpl.invoke(NativeMethodAccessorImpl.java:77)
	at java.base/jdk.internal.reflect.DelegatingMethodAccessorImpl.invoke(DelegatingMethodAccessorImpl.java:43)
	at com.kms.katalon.core.webui.keyword.builtin.ClickKeyword$_click_closure1.doCall(ClickKeyword.groovy:67)
	at com.kms.katalon.core.webui.keyword.builtin.ClickKeyword$_click_closure1.call(ClickKeyword.groovy)
	at com.kms.katalon.core.webui.keyword.internal.WebUIKeywordMain.runKeyword(WebUIKeywordMain.groovy:35)
	at com.kms.katalon.core.webui.keyword.builtin.ClickKeyword.click(ClickKeyword.groovy:74)
	at com.kms.katalon.core.webui.keyword.builtin.ClickKeyword.execute(ClickKeyword.groovy:40)
	at com.kms.katalon.core.keyword.internal.KeywordExecutor.executeKeywordForPlatform(KeywordExecutor.groovy:74)
	at com.kms.katalon.core.webui.keyword.WebUiBuiltInKeywords.click(WebUiBuiltInKeywords.groovy:659)
	at com.kms.katalon.core.webui.keyword.WebUiBuiltInKeywords$click$4.call(Unknown Source)
	at Script1751400812803.run(Script1751400812803.groovy:151)
	... 16 more
)

21-10-2025T19:55:40 - [TEST_STEP][PASSED] - Start listener action : retryOnDisconnect: Current window's url is: 'https://kaglogistics-inventory-management-portal.qa.thekag.com/companies/'

21-10-2025T19:55:40 - [TEST_STEP][PASSED] - tcId = testCaseContext.getTestCaseId(): null

21-10-2025T19:55:40 - [TEST_STEP][PASSED] - currentRetry = retryCounts.getOrDefault(tcId, 0): null

21-10-2025T19:55:40 - [TEST_STEP][PASSED] - if (testCaseContext.getTestCaseStatus() == "FAILED" && currentRetry < MAX_RETRIES): Current window's url is: 'https://kaglogistics-inventory-management-portal.qa.thekag.com/companies/'

21-10-2025T19:55:40 - [TEST_STEP][PASSED] - try: Current window's url is: 'https://kaglogistics-inventory-management-portal.qa.thekag.com/companies/'

21-10-2025T19:55:40 - [TEST_STEP][PASSED] - comment(Checking for WebDriver disconnect for test case: $tcId): Checking for WebDriver disconnect for test case: Test Cases/FIM/UI/KGL/Admin/Company/Creating a Consignee Company

21-10-2025T19:55:40 - [MESSAGE][INFO] - Checking for WebDriver disconnect for test case: Test Cases/FIM/UI/KGL/Admin/Company/Creating a Consignee Company

21-10-2025T19:55:40 - [TEST_STEP][PASSED] - getUrl(): Current window's url is: 'https://kaglogistics-inventory-management-portal.qa.thekag.com/companies/'

21-10-2025T19:55:40 - [MESSAGE][PASSED] - Current window's url is: 'https://kaglogistics-inventory-management-portal.qa.thekag.com/companies/']]></system-out>
         <system-err><![CDATA[21-10-2025T19:54:05 - [TEST_CASE][FAILED] - Test Cases/FIM/UI/KGL/Admin/Company/Creating a Consignee Company: Test Cases/FIM/UI/KGL/Admin/Company/Creating a Consignee Company FAILED.
Reason:
com.kms.katalon.core.exception.StepFailedException: Unable to click on object 'Object Repository/FIM/Hamburger Menu List/Hamburger_menu'
	at com.kms.katalon.core.webui.keyword.internal.WebUIKeywordMain.stepFailed(WebUIKeywordMain.groovy:117)
	at com.kms.katalon.core.webui.keyword.internal.WebUIKeywordMain.runKeyword(WebUIKeywordMain.groovy:43)
	at com.kms.katalon.core.webui.keyword.builtin.ClickKeyword.click(ClickKeyword.groovy:74)
	at com.kms.katalon.core.webui.keyword.builtin.ClickKeyword.execute(ClickKeyword.groovy:40)
	at com.kms.katalon.core.keyword.internal.KeywordExecutor.executeKeywordForPlatform(KeywordExecutor.groovy:74)
	at com.kms.katalon.core.webui.keyword.WebUiBuiltInKeywords.click(WebUiBuiltInKeywords.groovy:659)
	at com.kms.katalon.core.webui.keyword.WebUiBuiltInKeywords$click$4.call(Unknown Source)
	at Creating a Consignee Company.run(Creating a Consignee Company:151)
	at com.kms.katalon.core.main.ScriptEngine.run(ScriptEngine.java:194)
	at com.kms.katalon.core.main.ScriptEngine.runScriptAsRawText(ScriptEngine.java:119)
	at com.kms.katalon.core.main.TestCaseExecutor.runScript(TestCaseExecutor.java:448)
	at com.kms.katalon.core.main.TestCaseExecutor.doExecute(TestCaseExecutor.java:439)
	at com.kms.katalon.core.main.TestCaseExecutor.processExecutionPhase(TestCaseExecutor.java:418)
	at com.kms.katalon.core.main.TestCaseExecutor.accessMainPhase(TestCaseExecutor.java:410)
	at com.kms.katalon.core.main.TestCaseExecutor.execute(TestCaseExecutor.java:285)
	at com.kms.katalon.core.common.CommonExecutor.accessTestCaseMainPhase(CommonExecutor.java:65)
	at com.kms.katalon.core.main.TestSuiteExecutor.accessTestSuiteMainPhase(TestSuiteExecutor.java:150)
	at com.kms.katalon.core.main.TestSuiteExecutor.execute(TestSuiteExecutor.java:106)
	at com.kms.katalon.core.main.TestCaseMain.startTestSuite(TestCaseMain.java:180)
	at com.kms.katalon.core.main.TestCaseMain$startTestSuite$0.call(Unknown Source)
	at TempTestSuite1761090740538.run(TempTestSuite1761090740538.groovy:35)
	at java.base/jdk.internal.reflect.NativeMethodAccessorImpl.invoke0(Native Method)
	at java.base/jdk.internal.reflect.NativeMethodAccessorImpl.invoke(NativeMethodAccessorImpl.java:77)
	at java.base/jdk.internal.reflect.DelegatingMethodAccessorImpl.invoke(DelegatingMethodAccessorImpl.java:43)
Caused by: org.openqa.selenium.ElementClickInterceptedException: element click intercepted: Element <button type="button" class="btn btn-kag-grey btn-sm collapsed" aria-expanded="false" aria-controls="kag-sidebar" style="overflow-anchor: none;">...</button> is not clickable at point (31, 31). Other element would receive the click: <div id="catalog-edit-modal" role="dialog" aria-labelledby="catalog-edit-modal___BV_modal_title_" aria-describedby="catalog-edit-modal___BV_modal_body_" class="modal fade show" aria-modal="true" style="display: block; padding-left: 15px;">...</div>
  (Session info: chrome=141.0.7390.122)
Build info: version: '3.141.59', revision: 'unknown', time: 'unknown'
System info: host: 'DC1ADOBLD01', ip: '10.2.20.71', os.name: 'Windows Server 2019', os.arch: 'amd64', os.version: '10.0', java.version: '17.0.7'
Driver info: com.kms.katalon.selenium.driver.CChromeDriver
Capabilities {acceptInsecureCerts: false, browserName: chrome, browserVersion: 141.0.7390.122, chrome: {chromedriverVersion: 141.0.7390.122 (b477534e7e1..., userDataDir: C:\Windows\SystemTemp\scope...}, fedcm:accounts: true, goog:chromeOptions: {debuggerAddress: localhost:51280}, javascriptEnabled: true, networkConnectionEnabled: false, pageLoadStrategy: normal, platform: WINDOWS, platformName: WINDOWS, proxy: Proxy(), setWindowRect: true, strictFileInteractability: false, timeouts: {implicit: 0, pageLoad: 300000, script: 30000}, unhandledPromptBehavior: dismiss and notify, webauthn:extension:credBlob: true, webauthn:extension:largeBlob: true, webauthn:extension:minPinLength: true, webauthn:extension:prf: true, webauthn:virtualAuthenticators: true}
Session ID: 99e507867627ce560aa9a2869bf5d4cd
	at java.base/jdk.internal.reflect.NativeConstructorAccessorImpl.newInstance0(Native Method)
	at java.base/jdk.internal.reflect.NativeConstructorAccessorImpl.newInstance(NativeConstructorAccessorImpl.java:77)
	at java.base/jdk.internal.reflect.DelegatingConstructorAccessorImpl.newInstance(DelegatingConstructorAccessorImpl.java:45)
	at org.openqa.selenium.remote.http.W3CHttpResponseCodec.createException(W3CHttpResponseCodec.java:187)
	at org.openqa.selenium.remote.http.W3CHttpResponseCodec.decode(W3CHttpResponseCodec.java:122)
	at org.openqa.selenium.remote.http.W3CHttpResponseCodec.decode(W3CHttpResponseCodec.java:49)
	at org.openqa.selenium.remote.HttpCommandExecutor.execute(HttpCommandExecutor.java:158)
	at org.openqa.selenium.remote.service.DriverCommandExecutor.execute(DriverCommandExecutor.java:83)
	at org.openqa.selenium.remote.RemoteWebDriver.execute(RemoteWebDriver.java:552)
	at com.kms.katalon.selenium.driver.CChromeDriver.execute(CChromeDriver.java:19)
	at org.openqa.selenium.remote.RemoteWebElement.execute(RemoteWebElement.java:285)
	at org.openqa.selenium.remote.RemoteWebElement.click(RemoteWebElement.java:84)
	at jdk.internal.reflect.GeneratedMethodAccessor16.invoke(Unknown Source)
	at java.base/jdk.internal.reflect.DelegatingMethodAccessorImpl.invoke(DelegatingMethodAccessorImpl.java:43)
	at org.openqa.selenium.support.events.EventFiringWebDriver$EventFiringWebElement.lambda$new$0(EventFiringWebDriver.java:404)
	at jdk.proxy2/jdk.proxy2.$Proxy27.click(Unknown Source)
	at org.openqa.selenium.support.events.EventFiringWebDriver$EventFiringWebElement.click(EventFiringWebDriver.java:417)
	at org.openqa.selenium.WebElement$click.call(Unknown Source)
	at com.kms.katalon.core.webui.keyword.builtin.ClickKeyword.clickUntilSuccessWithTimeout(ClickKeyword.groovy:81)
	at com.kms.katalon.core.webui.keyword.builtin.ClickKeyword.clickUntilSuccessWithTimeout(ClickKeyword.groovy)
	at java.base/jdk.internal.reflect.NativeMethodAccessorImpl.invoke0(Native Method)
	at java.base/jdk.internal.reflect.NativeMethodAccessorImpl.invoke(NativeMethodAccessorImpl.java:77)
	at java.base/jdk.internal.reflect.DelegatingMethodAccessorImpl.invoke(DelegatingMethodAccessorImpl.java:43)
	at com.kms.katalon.core.webui.keyword.builtin.ClickKeyword$_click_closure1.doCall(ClickKeyword.groovy:67)
	at com.kms.katalon.core.webui.keyword.builtin.ClickKeyword$_click_closure1.call(ClickKeyword.groovy)
	at com.kms.katalon.core.webui.keyword.internal.WebUIKeywordMain.runKeyword(WebUIKeywordMain.groovy:35)
	... 22 more]]></system-err>
      </testcase>
      <testcase name="Test Cases/FIM/UI/KGL/Admin/Company/Can Not Create Company With Duplicate Unique ID" time="44.528" classname="Test Cases/FIM/UI/KGL/Admin/Company/Can Not Create Company With Duplicate Unique ID" status="PASSED">
         <system-out><![CDATA[21-10-2025T19:55:40 - [TEST_CASE][PASSED] - Test Cases/FIM/UI/KGL/Admin/Company/Can Not Create Company With Duplicate Unique ID: Test Cases/FIM/UI/KGL/Admin/Company/Can Not Create Company With Duplicate Unique ID

21-10-2025T19:55:40 - [TEST_STEP][PASSED] - Start listener action : beforeTestCase: null

21-10-2025T19:55:40 - [TEST_STEP][PASSED] - addDefaultPackages(): null

21-10-2025T19:55:40 - [TEST_STEP][PASSED] - callTestCase(findTestCase("Utility Scripts/FIM KGL Admin Login"), [:], STOP_ON_FAILURE): Call Test Case 'Test Cases/Utility Scripts/FIM KGL Admin Login' successfully

21-10-2025T19:55:40 - [TEST_CASE][PASSED] - Test Cases/Utility Scripts/FIM KGL Admin Login: Test Cases/Utility Scripts/FIM KGL Admin Login

21-10-2025T19:55:40 - [TEST_STEP][PASSED] - openBrowser(""): Browser is opened with url: ''

21-10-2025T19:55:40 - [MESSAGE][WARNING] - A browser is already opened. Closing browser and opening a new one

21-10-2025T19:55:40 - [MESSAGE][INFO] - Starting 'Chrome' driver

21-10-2025T19:55:40 - [MESSAGE][INFO] - User set preference: ['args', '[--no-sandbox, --disable-gpu, --disable-dev-shm-usage]']

21-10-2025T19:55:40 - [MESSAGE][INFO] - Action delay is set to 0 milliseconds

21-10-2025T19:55:41 - [MESSAGE][PASSED] - Browser is opened with url: ''

21-10-2025T19:55:41 - [TEST_STEP][PASSED] - delay(1): Delayed 1 second(s)

21-10-2025T19:55:42 - [MESSAGE][PASSED] - Delayed 1 second(s)

21-10-2025T19:55:42 - [TEST_STEP][PASSED] - navigateToUrl(KGLCustomGroupUrl): Navigate to 'https://kaglogistics-inventory-management-portal.qa.thekag.com/custom-group/' successfully

21-10-2025T19:55:43 - [MESSAGE][PASSED] - Navigate to 'https://kaglogistics-inventory-management-portal.qa.thekag.com/custom-group/' successfully

21-10-2025T19:55:43 - [TEST_STEP][PASSED] - delay(10): Delayed 10 second(s)

21-10-2025T19:55:53 - [MESSAGE][PASSED] - Delayed 10 second(s)

21-10-2025T19:55:53 - [TEST_STEP][PASSED] - if (maximizeWindow == true): Delayed 1 second(s)

21-10-2025T19:55:53 - [TEST_STEP][PASSED] - maximizeWindow(STOP_ON_FAILURE): Current window maximized

21-10-2025T19:55:53 - [MESSAGE][PASSED] - Current window maximized

21-10-2025T19:55:53 - [TEST_STEP][PASSED] - delay(1): Delayed 1 second(s)

21-10-2025T19:55:54 - [MESSAGE][PASSED] - Delayed 1 second(s)

21-10-2025T19:55:54 - [TEST_STEP][PASSED] - waitForElementPresent(findTestObject("FIM/Username_txt"), 10): Object 'Object Repository/FIM/Username_txt' is present

21-10-2025T19:55:54 - [MESSAGE][PASSED] - Object 'Object Repository/FIM/Username_txt' is present

21-10-2025T19:55:54 - [TEST_STEP][PASSED] - setText(findTestObject("FIM/Username_txt"), FIMUsername): Text 'Chris.Sheldon+DES_QA@Thekag.com' is set on object 'Object Repository/FIM/Username_txt'

21-10-2025T19:55:54 - [MESSAGE][PASSED] - Text 'Chris.Sheldon+DES_QA@Thekag.com' is set on object 'Object Repository/FIM/Username_txt'

21-10-2025T19:55:54 - [TEST_STEP][PASSED] - delay(1): Delayed 1 second(s)

21-10-2025T19:55:55 - [MESSAGE][PASSED] - Delayed 1 second(s)

21-10-2025T19:55:55 - [TEST_STEP][PASSED] - setText(findTestObject("FIM/Password_txt"), FIMPassword): Text 'QATest!2' is set on object 'Object Repository/FIM/Password_txt'

21-10-2025T19:55:55 - [MESSAGE][PASSED] - Text 'QATest!2' is set on object 'Object Repository/FIM/Password_txt'

21-10-2025T19:55:55 - [TEST_STEP][PASSED] - delay(1): Delayed 1 second(s)

21-10-2025T19:55:56 - [MESSAGE][PASSED] - Delayed 1 second(s)

21-10-2025T19:55:56 - [TEST_STEP][PASSED] - click(findTestObject("FIM/Login_btn")): Object: 'Object Repository/FIM/Login_btn' is clicked on

21-10-2025T19:55:56 - [MESSAGE][PASSED] - Object: 'Object Repository/FIM/Login_btn' is clicked on

21-10-2025T19:55:56 - [MESSAGE][PASSED] - Call Test Case 'Test Cases/Utility Scripts/FIM KGL Admin Login' successfully

21-10-2025T19:55:56 - [TEST_STEP][PASSED] - waitForElementClickable(findTestObject("FIM/Hamburger Menu List/Hamburger_menu"), 300): Object 'Object Repository/FIM/Hamburger Menu List/Hamburger_menu' is clickable

21-10-2025T19:55:56 - [MESSAGE][PASSED] - Object 'Object Repository/FIM/Hamburger Menu List/Hamburger_menu' is clickable

21-10-2025T19:55:56 - [TEST_STEP][PASSED] - if (verifyElementVisible(findTestObject("FIM/Server_Notification_Close_btn"), OPTIONAL) == true): Web element with id: 'Object Repository/FIM/Server_Notification_Close_btn' located by '/html/body/div/div[1]/button' not found (Root cause: com.kms.katalon.core.exception.StepFailedException: Web element with id: 'Object Repository/FIM/Server_Notification_Close_btn' located by '/html/body/div/div[1]/button' not found
	at com.kms.katalon.core.webui.keyword.internal.WebUIKeywordMain.stepFailed(WebUIKeywordMain.groovy:117)
	at com.kms.katalon.core.webui.keyword.builtin.VerifyElementVisibleKeyword$_verifyElementVisible_closure1.doCall(VerifyElementVisibleKeyword.groovy:89)
	at com.kms.katalon.core.webui.keyword.builtin.VerifyElementVisibleKeyword$_verifyElementVisible_closure1.call(VerifyElementVisibleKeyword.groovy)
	at com.kms.katalon.core.webui.keyword.internal.WebUIKeywordMain.runKeyword(WebUIKeywordMain.groovy:35)
	at com.kms.katalon.core.webui.keyword.builtin.VerifyElementVisibleKeyword.verifyElementVisible(VerifyElementVisibleKeyword.groovy:97)
	at com.kms.katalon.core.webui.keyword.builtin.VerifyElementVisibleKeyword.execute(VerifyElementVisibleKeyword.groovy:67)
	at com.kms.katalon.core.keyword.internal.KeywordExecutor.executeKeywordForPlatform(KeywordExecutor.groovy:74)
	at com.kms.katalon.core.webui.keyword.WebUiBuiltInKeywords.verifyElementVisible(WebUiBuiltInKeywords.groovy:401)
	at com.kms.katalon.core.webui.keyword.WebUiBuiltInKeywords$verifyElementVisible$6.call(Unknown Source)
	at Can Not Create Company With Duplicate Unique ID.run(Can Not Create Company With Duplicate Unique ID:24)
	at com.kms.katalon.core.main.ScriptEngine.run(ScriptEngine.java:194)
	at com.kms.katalon.core.main.ScriptEngine.runScriptAsRawText(ScriptEngine.java:119)
	at com.kms.katalon.core.main.TestCaseExecutor.runScript(TestCaseExecutor.java:448)
	at com.kms.katalon.core.main.TestCaseExecutor.doExecute(TestCaseExecutor.java:439)
	at com.kms.katalon.core.main.TestCaseExecutor.processExecutionPhase(TestCaseExecutor.java:418)
	at com.kms.katalon.core.main.TestCaseExecutor.accessMainPhase(TestCaseExecutor.java:410)
	at com.kms.katalon.core.main.TestCaseExecutor.execute(TestCaseExecutor.java:285)
	at com.kms.katalon.core.common.CommonExecutor.accessTestCaseMainPhase(CommonExecutor.java:65)
	at com.kms.katalon.core.main.TestSuiteExecutor.accessTestSuiteMainPhase(TestSuiteExecutor.java:150)
	at com.kms.katalon.core.main.TestSuiteExecutor.execute(TestSuiteExecutor.java:106)
	at com.kms.katalon.core.main.TestCaseMain.startTestSuite(TestCaseMain.java:180)
	at com.kms.katalon.core.main.TestCaseMain$startTestSuite$0.call(Unknown Source)
	at TempTestSuite1761090740538.run(TempTestSuite1761090740538.groovy:35)
	at java.base/jdk.internal.reflect.NativeMethodAccessorImpl.invoke0(Native Method)
	at java.base/jdk.internal.reflect.NativeMethodAccessorImpl.invoke(NativeMethodAccessorImpl.java:77)
	at java.base/jdk.internal.reflect.DelegatingMethodAccessorImpl.invoke(DelegatingMethodAccessorImpl.java:43)
)

21-10-2025T19:56:12 - [MESSAGE][INFO] - Unable to find the element located by 'By.xpath: /html/body/div/div[1]/button'. Please recheck the objects properties to make sure the desired element is located. 

21-10-2025T19:56:12 - [MESSAGE][WARNING] - [SELF-HEALING] Failed to find element with id 'Object Repository/FIM/Server_Notification_Close_btn'. Try using Self-healing.

21-10-2025T19:56:13 - [MESSAGE][INFO] - [SELF-HEALING] No working XPath is found.

21-10-2025T19:56:15 - [MESSAGE][INFO] - Unable to find the element located by 'By.xpath: '. Please recheck the objects properties to make sure the desired element is located. 

21-10-2025T19:56:15 - [MESSAGE][WARNING] - [SELF-HEALING] Cannot find elements when the selector is null

21-10-2025T19:56:15 - [MESSAGE][WARNING] - Web element with id: 'Object Repository/FIM/Server_Notification_Close_btn' located by '/html/body/div/div[1]/button' not found (Root cause: com.kms.katalon.core.exception.StepFailedException: Web element with id: 'Object Repository/FIM/Server_Notification_Close_btn' located by '/html/body/div/div[1]/button' not found
	at com.kms.katalon.core.webui.keyword.internal.WebUIKeywordMain.stepFailed(WebUIKeywordMain.groovy:117)
	at com.kms.katalon.core.webui.keyword.builtin.VerifyElementVisibleKeyword$_verifyElementVisible_closure1.doCall(VerifyElementVisibleKeyword.groovy:89)
	at com.kms.katalon.core.webui.keyword.builtin.VerifyElementVisibleKeyword$_verifyElementVisible_closure1.call(VerifyElementVisibleKeyword.groovy)
	at com.kms.katalon.core.webui.keyword.internal.WebUIKeywordMain.runKeyword(WebUIKeywordMain.groovy:35)
	at com.kms.katalon.core.webui.keyword.builtin.VerifyElementVisibleKeyword.verifyElementVisible(VerifyElementVisibleKeyword.groovy:97)
	at com.kms.katalon.core.webui.keyword.builtin.VerifyElementVisibleKeyword.execute(VerifyElementVisibleKeyword.groovy:67)
	at com.kms.katalon.core.keyword.internal.KeywordExecutor.executeKeywordForPlatform(KeywordExecutor.groovy:74)
	at com.kms.katalon.core.webui.keyword.WebUiBuiltInKeywords.verifyElementVisible(WebUiBuiltInKeywords.groovy:401)
	at com.kms.katalon.core.webui.keyword.WebUiBuiltInKeywords$verifyElementVisible$6.call(Unknown Source)
	at Can Not Create Company With Duplicate Unique ID.run(Can Not Create Company With Duplicate Unique ID:24)
	at com.kms.katalon.core.main.ScriptEngine.run(ScriptEngine.java:194)
	at com.kms.katalon.core.main.ScriptEngine.runScriptAsRawText(ScriptEngine.java:119)
	at com.kms.katalon.core.main.TestCaseExecutor.runScript(TestCaseExecutor.java:448)
	at com.kms.katalon.core.main.TestCaseExecutor.doExecute(TestCaseExecutor.java:439)
	at com.kms.katalon.core.main.TestCaseExecutor.processExecutionPhase(TestCaseExecutor.java:418)
	at com.kms.katalon.core.main.TestCaseExecutor.accessMainPhase(TestCaseExecutor.java:410)
	at com.kms.katalon.core.main.TestCaseExecutor.execute(TestCaseExecutor.java:285)
	at com.kms.katalon.core.common.CommonExecutor.accessTestCaseMainPhase(CommonExecutor.java:65)
	at com.kms.katalon.core.main.TestSuiteExecutor.accessTestSuiteMainPhase(TestSuiteExecutor.java:150)
	at com.kms.katalon.core.main.TestSuiteExecutor.execute(TestSuiteExecutor.java:106)
	at com.kms.katalon.core.main.TestCaseMain.startTestSuite(TestCaseMain.java:180)
	at com.kms.katalon.core.main.TestCaseMain$startTestSuite$0.call(Unknown Source)
	at TempTestSuite1761090740538.run(TempTestSuite1761090740538.groovy:35)
	at java.base/jdk.internal.reflect.NativeMethodAccessorImpl.invoke0(Native Method)
	at java.base/jdk.internal.reflect.NativeMethodAccessorImpl.invoke(NativeMethodAccessorImpl.java:77)
	at java.base/jdk.internal.reflect.DelegatingMethodAccessorImpl.invoke(DelegatingMethodAccessorImpl.java:43)
)

21-10-2025T19:56:15 - [TEST_STEP][PASSED] - delay(1): Delayed 1 second(s)

21-10-2025T19:56:16 - [MESSAGE][PASSED] - Delayed 1 second(s)

21-10-2025T19:56:16 - [TEST_STEP][PASSED] - click(findTestObject("FIM/Hamburger Menu List/Hamburger_menu")): Object: 'Object Repository/FIM/Hamburger Menu List/Hamburger_menu' is clicked on

21-10-2025T19:56:17 - [MESSAGE][PASSED] - Object: 'Object Repository/FIM/Hamburger Menu List/Hamburger_menu' is clicked on

21-10-2025T19:56:17 - [TEST_STEP][PASSED] - verifyElementPresent(findTestObject("FIM/Companies Page/Companies_link"), 10): Object 'Object Repository/FIM/Companies Page/Companies_link' is present

21-10-2025T19:56:17 - [MESSAGE][PASSED] - Object 'Object Repository/FIM/Companies Page/Companies_link' is present

21-10-2025T19:56:17 - [TEST_STEP][PASSED] - delay(1): Delayed 1 second(s)

21-10-2025T19:56:18 - [MESSAGE][PASSED] - Delayed 1 second(s)

21-10-2025T19:56:18 - [TEST_STEP][PASSED] - click(findTestObject("FIM/Companies Page/Companies_link")): Object: 'Object Repository/FIM/Companies Page/Companies_link' is clicked on

21-10-2025T19:56:18 - [MESSAGE][PASSED] - Object: 'Object Repository/FIM/Companies Page/Companies_link' is clicked on

21-10-2025T19:56:18 - [TEST_STEP][PASSED] - delay(4): Delayed 4 second(s)

21-10-2025T19:56:22 - [MESSAGE][PASSED] - Delayed 4 second(s)

21-10-2025T19:56:22 - [TEST_STEP][PASSED] - if (verifyElementVisible(findTestObject("FIM/Existing Page with Pending Changes Close_btn"), OPTIONAL) == true): null

21-10-2025T19:56:22 - [MESSAGE][PASSED] - Object 'Object Repository/FIM/Existing Page with Pending Changes Close_btn' is visible

21-10-2025T19:56:22 - [TEST_STEP][PASSED] - click(findTestObject("FIM/Existing Page with Pending Changes Close_btn")): Object: 'Object Repository/FIM/Existing Page with Pending Changes Close_btn' is clicked on

21-10-2025T19:56:22 - [MESSAGE][PASSED] - Object: 'Object Repository/FIM/Existing Page with Pending Changes Close_btn' is clicked on

21-10-2025T19:56:22 - [TEST_STEP][PASSED] - waitForElementClickable(findTestObject("FIM/Companies Page/Add Company_btn"), 10): Object 'Object Repository/FIM/Companies Page/Add Company_btn' is clickable

21-10-2025T19:56:22 - [MESSAGE][PASSED] - Object 'Object Repository/FIM/Companies Page/Add Company_btn' is clickable

21-10-2025T19:56:22 - [TEST_STEP][PASSED] - verifyElementVisible(findTestObject("FIM/Companies Page/Add Company_btn"), STOP_ON_FAILURE): Object 'Object Repository/FIM/Companies Page/Add Company_btn' is visible

21-10-2025T19:56:22 - [MESSAGE][PASSED] - Object 'Object Repository/FIM/Companies Page/Add Company_btn' is visible

21-10-2025T19:56:22 - [TEST_STEP][PASSED] - click(findTestObject("FIM/Companies Page/Add Company_btn")): Object: 'Object Repository/FIM/Companies Page/Add Company_btn' is clicked on

21-10-2025T19:56:22 - [MESSAGE][PASSED] - Object: 'Object Repository/FIM/Companies Page/Add Company_btn' is clicked on

21-10-2025T19:56:22 - [TEST_STEP][PASSED] - setText(findTestObject("FIM/Companies Page/Unique Id_txt"), KGLConsignee): Text 'MAMMOTHA' is set on object 'Object Repository/FIM/Companies Page/Unique Id_txt'

21-10-2025T19:56:22 - [MESSAGE][PASSED] - Text 'MAMMOTHA' is set on object 'Object Repository/FIM/Companies Page/Unique Id_txt'

21-10-2025T19:56:22 - [TEST_STEP][PASSED] - setText(findTestObject("FIM/Companies Page/Company Name_txt"), "Gents Safe Net"): Text 'Gents Safe Net' is set on object 'Object Repository/FIM/Companies Page/Company Name_txt'

21-10-2025T19:56:23 - [MESSAGE][PASSED] - Text 'Gents Safe Net' is set on object 'Object Repository/FIM/Companies Page/Company Name_txt'

21-10-2025T19:56:23 - [TEST_STEP][PASSED] - setText(findTestObject("FIM/Companies Page/Address_txt"), "888 Hand Street"): Text '888 Hand Street' is set on object 'Object Repository/FIM/Companies Page/Address_txt'

21-10-2025T19:56:23 - [MESSAGE][PASSED] - Text '888 Hand Street' is set on object 'Object Repository/FIM/Companies Page/Address_txt'

21-10-2025T19:56:23 - [TEST_STEP][PASSED] - setText(findTestObject("FIM/Companies Page/City_txt"), "100"): Text '100' is set on object 'Object Repository/FIM/Companies Page/City_txt'

21-10-2025T19:56:23 - [MESSAGE][PASSED] - Text '100' is set on object 'Object Repository/FIM/Companies Page/City_txt'

21-10-2025T19:56:23 - [TEST_STEP][PASSED] - selectOptionByLabel(findTestObject("FIM/Companies Page/State_dropdown"), "West Virginia", false): All options with label 'West Virginia' are selected in object 'Object Repository/FIM/Companies Page/State_dropdown' 

21-10-2025T19:56:23 - [MESSAGE][PASSED] - All options with label 'West Virginia' are selected in object 'Object Repository/FIM/Companies Page/State_dropdown' 

21-10-2025T19:56:23 - [TEST_STEP][PASSED] - setText(findTestObject("FIM/Companies Page/Zip_txt"), "65411"): Text '65411' is set on object 'Object Repository/FIM/Companies Page/Zip_txt'

21-10-2025T19:56:24 - [MESSAGE][PASSED] - Text '65411' is set on object 'Object Repository/FIM/Companies Page/Zip_txt'

21-10-2025T19:56:24 - [TEST_STEP][PASSED] - click(findTestObject("FIM/Companies Page/Consignee_checkbox"), STOP_ON_FAILURE): Object: 'Object Repository/FIM/Companies Page/Consignee_checkbox' is clicked on

21-10-2025T19:56:24 - [MESSAGE][PASSED] - Object: 'Object Repository/FIM/Companies Page/Consignee_checkbox' is clicked on

21-10-2025T19:56:24 - [TEST_STEP][PASSED] - click(findTestObject("FIM/Companies Page/Active For Forcasting_checkbox"), STOP_ON_FAILURE): Object: 'Object Repository/FIM/Companies Page/Active For Forcasting_checkbox' is clicked on

21-10-2025T19:56:24 - [MESSAGE][PASSED] - Object: 'Object Repository/FIM/Companies Page/Active For Forcasting_checkbox' is clicked on

21-10-2025T19:56:24 - [TEST_STEP][PASSED] - click(findTestObject("FIM/Companies Page/Account of_checkbox"), STOP_ON_FAILURE): Object: 'Object Repository/FIM/Companies Page/Account of_checkbox' is clicked on

21-10-2025T19:56:24 - [MESSAGE][PASSED] - Object: 'Object Repository/FIM/Companies Page/Account of_checkbox' is clicked on

21-10-2025T19:56:24 - [TEST_STEP][PASSED] - click(findTestObject("FIM/Companies Page/Bill to_checkbox"), STOP_ON_FAILURE): Object: 'Object Repository/FIM/Companies Page/Bill to_checkbox' is clicked on

21-10-2025T19:56:24 - [MESSAGE][PASSED] - Object: 'Object Repository/FIM/Companies Page/Bill to_checkbox' is clicked on

21-10-2025T19:56:24 - [TEST_STEP][PASSED] - click(findTestObject("FIM/Companies Page/Supplier_checkbox"), STOP_ON_FAILURE): Object: 'Object Repository/FIM/Companies Page/Supplier_checkbox' is clicked on

21-10-2025T19:56:24 - [MESSAGE][PASSED] - Object: 'Object Repository/FIM/Companies Page/Supplier_checkbox' is clicked on

21-10-2025T19:56:24 - [TEST_STEP][PASSED] - click(findTestObject("FIM/Companies Page/Shipper_checkbox"), STOP_ON_FAILURE): Object: 'Object Repository/FIM/Companies Page/Shipper_checkbox' is clicked on

21-10-2025T19:56:24 - [MESSAGE][PASSED] - Object: 'Object Repository/FIM/Companies Page/Shipper_checkbox' is clicked on

21-10-2025T19:56:24 - [TEST_STEP][PASSED] - verifyElementClickable(findTestObject("FIM/Companies Page/Save New Company_btn")): Object 'Object Repository/FIM/Companies Page/Save New Company_btn' is clickable

21-10-2025T19:56:24 - [MESSAGE][PASSED] - Object 'Object Repository/FIM/Companies Page/Save New Company_btn' is clickable

21-10-2025T19:56:24 - [TEST_STEP][PASSED] - click(findTestObject("FIM/Companies Page/Save New Company_btn")): Object: 'Object Repository/FIM/Companies Page/Save New Company_btn' is clicked on

21-10-2025T19:56:24 - [MESSAGE][PASSED] - Object: 'Object Repository/FIM/Companies Page/Save New Company_btn' is clicked on

21-10-2025T19:56:24 - [TEST_STEP][PASSED] - waitForElementClickable(findTestObject("FIM/Companies Page/Company Already Exists Message"), 10): Object 'Object Repository/FIM/Companies Page/Company Already Exists Message' is clickable

21-10-2025T19:56:24 - [MESSAGE][PASSED] - Object 'Object Repository/FIM/Companies Page/Company Already Exists Message' is clickable

21-10-2025T19:56:24 - [TEST_STEP][PASSED] - verifyElementPresent(findTestObject("FIM/Companies Page/Company Already Exists Message"), 10): Object 'Object Repository/FIM/Companies Page/Company Already Exists Message' is present

21-10-2025T19:56:24 - [MESSAGE][PASSED] - Object 'Object Repository/FIM/Companies Page/Company Already Exists Message' is present

21-10-2025T19:56:24 - [TEST_STEP][PASSED] - verifyElementText(findTestObject("FIM/Companies Page/Company Already Exists Message"), "Cannot add this company as it already exists."): Actual text and expected text of test object 'Object Repository/FIM/Companies Page/Company Already Exists Message' are matched.

21-10-2025T19:56:24 - [MESSAGE][PASSED] - Actual text and expected text of test object 'Object Repository/FIM/Companies Page/Company Already Exists Message' are matched.

21-10-2025T19:56:24 - [TEST_STEP][PASSED] - closeBrowser(): Browser is closed

21-10-2025T19:56:25 - [MESSAGE][PASSED] - Browser is closed

21-10-2025T19:56:25 - [TEST_STEP][PASSED] - Start listener action : retryOnDisconnect: null

21-10-2025T19:56:25 - [TEST_STEP][PASSED] - tcId = testCaseContext.getTestCaseId(): null

21-10-2025T19:56:25 - [TEST_STEP][PASSED] - currentRetry = retryCounts.getOrDefault(tcId, 0): null

21-10-2025T19:56:25 - [TEST_STEP][PASSED] - if (testCaseContext.getTestCaseStatus() == "FAILED" && currentRetry < MAX_RETRIES): null]]></system-out>
         <system-err><![CDATA[]]></system-err>
      </testcase>
      <testcase name="Test Cases/FIM/UI/KGL/Admin/Company/Can Not Save Company With Missing Mandatory Field(s)" time="42.797" classname="Test Cases/FIM/UI/KGL/Admin/Company/Can Not Save Company With Missing Mandatory Field(s)" status="PASSED">
         <system-out><![CDATA[21-10-2025T19:56:25 - [TEST_CASE][PASSED] - Test Cases/FIM/UI/KGL/Admin/Company/Can Not Save Company With Missing Mandatory Field(s): Test Cases/FIM/UI/KGL/Admin/Company/Can Not Save Company With Missing Mandatory Field(s)

21-10-2025T19:56:25 - [TEST_STEP][PASSED] - Start listener action : beforeTestCase: null

21-10-2025T19:56:25 - [TEST_STEP][PASSED] - addDefaultPackages(): null

21-10-2025T19:56:25 - [TEST_STEP][PASSED] - callTestCase(findTestCase("Utility Scripts/FIM KGL Admin Login"), [:], STOP_ON_FAILURE): Call Test Case 'Test Cases/Utility Scripts/FIM KGL Admin Login' successfully

21-10-2025T19:56:25 - [TEST_CASE][PASSED] - Test Cases/Utility Scripts/FIM KGL Admin Login: Test Cases/Utility Scripts/FIM KGL Admin Login

21-10-2025T19:56:25 - [TEST_STEP][PASSED] - openBrowser(""): Browser is opened with url: ''

21-10-2025T19:56:25 - [MESSAGE][INFO] - Starting 'Chrome' driver

21-10-2025T19:56:25 - [MESSAGE][INFO] - User set preference: ['args', '[--no-sandbox, --disable-gpu, --disable-dev-shm-usage]']

21-10-2025T19:56:25 - [MESSAGE][INFO] - Action delay is set to 0 milliseconds

21-10-2025T19:56:26 - [MESSAGE][PASSED] - Browser is opened with url: ''

21-10-2025T19:56:26 - [TEST_STEP][PASSED] - delay(1): Delayed 1 second(s)

21-10-2025T19:56:27 - [MESSAGE][PASSED] - Delayed 1 second(s)

21-10-2025T19:56:27 - [TEST_STEP][PASSED] - navigateToUrl(KGLCustomGroupUrl): Navigate to 'https://kaglogistics-inventory-management-portal.qa.thekag.com/custom-group/' successfully

21-10-2025T19:56:27 - [MESSAGE][PASSED] - Navigate to 'https://kaglogistics-inventory-management-portal.qa.thekag.com/custom-group/' successfully

21-10-2025T19:56:27 - [TEST_STEP][PASSED] - delay(10): Delayed 10 second(s)

21-10-2025T19:56:37 - [MESSAGE][PASSED] - Delayed 10 second(s)

21-10-2025T19:56:37 - [TEST_STEP][PASSED] - if (maximizeWindow == true): Delayed 1 second(s)

21-10-2025T19:56:37 - [TEST_STEP][PASSED] - maximizeWindow(STOP_ON_FAILURE): Current window maximized

21-10-2025T19:56:37 - [MESSAGE][PASSED] - Current window maximized

21-10-2025T19:56:37 - [TEST_STEP][PASSED] - delay(1): Delayed 1 second(s)

21-10-2025T19:56:38 - [MESSAGE][PASSED] - Delayed 1 second(s)

21-10-2025T19:56:38 - [TEST_STEP][PASSED] - waitForElementPresent(findTestObject("FIM/Username_txt"), 10): Object 'Object Repository/FIM/Username_txt' is present

21-10-2025T19:56:38 - [MESSAGE][PASSED] - Object 'Object Repository/FIM/Username_txt' is present

21-10-2025T19:56:38 - [TEST_STEP][PASSED] - setText(findTestObject("FIM/Username_txt"), FIMUsername): Text 'Chris.Sheldon+DES_QA@Thekag.com' is set on object 'Object Repository/FIM/Username_txt'

21-10-2025T19:56:38 - [MESSAGE][PASSED] - Text 'Chris.Sheldon+DES_QA@Thekag.com' is set on object 'Object Repository/FIM/Username_txt'

21-10-2025T19:56:38 - [TEST_STEP][PASSED] - delay(1): Delayed 1 second(s)

21-10-2025T19:56:39 - [MESSAGE][PASSED] - Delayed 1 second(s)

21-10-2025T19:56:39 - [TEST_STEP][PASSED] - setText(findTestObject("FIM/Password_txt"), FIMPassword): Text 'QATest!2' is set on object 'Object Repository/FIM/Password_txt'

21-10-2025T19:56:39 - [MESSAGE][PASSED] - Text 'QATest!2' is set on object 'Object Repository/FIM/Password_txt'

21-10-2025T19:56:39 - [TEST_STEP][PASSED] - delay(1): Delayed 1 second(s)

21-10-2025T19:56:40 - [MESSAGE][PASSED] - Delayed 1 second(s)

21-10-2025T19:56:40 - [TEST_STEP][PASSED] - click(findTestObject("FIM/Login_btn")): Object: 'Object Repository/FIM/Login_btn' is clicked on

21-10-2025T19:56:41 - [MESSAGE][PASSED] - Object: 'Object Repository/FIM/Login_btn' is clicked on

21-10-2025T19:56:41 - [MESSAGE][PASSED] - Call Test Case 'Test Cases/Utility Scripts/FIM KGL Admin Login' successfully

21-10-2025T19:56:41 - [TEST_STEP][PASSED] - waitForElementClickable(findTestObject("FIM/Hamburger Menu List/Hamburger_menu"), 300): Object 'Object Repository/FIM/Hamburger Menu List/Hamburger_menu' is clickable

21-10-2025T19:56:41 - [MESSAGE][PASSED] - Object 'Object Repository/FIM/Hamburger Menu List/Hamburger_menu' is clickable

21-10-2025T19:56:41 - [TEST_STEP][PASSED] - if (verifyElementVisible(findTestObject("FIM/Server_Notification_Close_btn"), OPTIONAL) == true): Web element with id: 'Object Repository/FIM/Server_Notification_Close_btn' located by '/html/body/div/div[1]/button' not found (Root cause: com.kms.katalon.core.exception.StepFailedException: Web element with id: 'Object Repository/FIM/Server_Notification_Close_btn' located by '/html/body/div/div[1]/button' not found
	at com.kms.katalon.core.webui.keyword.internal.WebUIKeywordMain.stepFailed(WebUIKeywordMain.groovy:117)
	at com.kms.katalon.core.webui.keyword.builtin.VerifyElementVisibleKeyword$_verifyElementVisible_closure1.doCall(VerifyElementVisibleKeyword.groovy:89)
	at com.kms.katalon.core.webui.keyword.builtin.VerifyElementVisibleKeyword$_verifyElementVisible_closure1.call(VerifyElementVisibleKeyword.groovy)
	at com.kms.katalon.core.webui.keyword.internal.WebUIKeywordMain.runKeyword(WebUIKeywordMain.groovy:35)
	at com.kms.katalon.core.webui.keyword.builtin.VerifyElementVisibleKeyword.verifyElementVisible(VerifyElementVisibleKeyword.groovy:97)
	at com.kms.katalon.core.webui.keyword.builtin.VerifyElementVisibleKeyword.execute(VerifyElementVisibleKeyword.groovy:67)
	at com.kms.katalon.core.keyword.internal.KeywordExecutor.executeKeywordForPlatform(KeywordExecutor.groovy:74)
	at com.kms.katalon.core.webui.keyword.WebUiBuiltInKeywords.verifyElementVisible(WebUiBuiltInKeywords.groovy:401)
	at com.kms.katalon.core.webui.keyword.WebUiBuiltInKeywords$verifyElementVisible$6.call(Unknown Source)
	at Can Not Save Company With Missing Mandatory Field(s).run(Can Not Save Company With Missing Mandatory Field(s):24)
	at com.kms.katalon.core.main.ScriptEngine.run(ScriptEngine.java:194)
	at com.kms.katalon.core.main.ScriptEngine.runScriptAsRawText(ScriptEngine.java:119)
	at com.kms.katalon.core.main.TestCaseExecutor.runScript(TestCaseExecutor.java:448)
	at com.kms.katalon.core.main.TestCaseExecutor.doExecute(TestCaseExecutor.java:439)
	at com.kms.katalon.core.main.TestCaseExecutor.processExecutionPhase(TestCaseExecutor.java:418)
	at com.kms.katalon.core.main.TestCaseExecutor.accessMainPhase(TestCaseExecutor.java:410)
	at com.kms.katalon.core.main.TestCaseExecutor.execute(TestCaseExecutor.java:285)
	at com.kms.katalon.core.common.CommonExecutor.accessTestCaseMainPhase(CommonExecutor.java:65)
	at com.kms.katalon.core.main.TestSuiteExecutor.accessTestSuiteMainPhase(TestSuiteExecutor.java:150)
	at com.kms.katalon.core.main.TestSuiteExecutor.execute(TestSuiteExecutor.java:106)
	at com.kms.katalon.core.main.TestCaseMain.startTestSuite(TestCaseMain.java:180)
	at com.kms.katalon.core.main.TestCaseMain$startTestSuite$0.call(Unknown Source)
	at TempTestSuite1761090740538.run(TempTestSuite1761090740538.groovy:35)
	at java.base/jdk.internal.reflect.NativeMethodAccessorImpl.invoke0(Native Method)
	at java.base/jdk.internal.reflect.NativeMethodAccessorImpl.invoke(NativeMethodAccessorImpl.java:77)
	at java.base/jdk.internal.reflect.DelegatingMethodAccessorImpl.invoke(DelegatingMethodAccessorImpl.java:43)
)

21-10-2025T19:56:57 - [MESSAGE][INFO] - Unable to find the element located by 'By.xpath: /html/body/div/div[1]/button'. Please recheck the objects properties to make sure the desired element is located. 

21-10-2025T19:56:57 - [MESSAGE][WARNING] - [SELF-HEALING] Failed to find element with id 'Object Repository/FIM/Server_Notification_Close_btn'. Try using Self-healing.

21-10-2025T19:56:58 - [MESSAGE][INFO] - [SELF-HEALING] No working XPath is found.

21-10-2025T19:57:00 - [MESSAGE][INFO] - Unable to find the element located by 'By.xpath: '. Please recheck the objects properties to make sure the desired element is located. 

21-10-2025T19:57:00 - [MESSAGE][WARNING] - [SELF-HEALING] Cannot find elements when the selector is null

21-10-2025T19:57:00 - [MESSAGE][WARNING] - Web element with id: 'Object Repository/FIM/Server_Notification_Close_btn' located by '/html/body/div/div[1]/button' not found (Root cause: com.kms.katalon.core.exception.StepFailedException: Web element with id: 'Object Repository/FIM/Server_Notification_Close_btn' located by '/html/body/div/div[1]/button' not found
	at com.kms.katalon.core.webui.keyword.internal.WebUIKeywordMain.stepFailed(WebUIKeywordMain.groovy:117)
	at com.kms.katalon.core.webui.keyword.builtin.VerifyElementVisibleKeyword$_verifyElementVisible_closure1.doCall(VerifyElementVisibleKeyword.groovy:89)
	at com.kms.katalon.core.webui.keyword.builtin.VerifyElementVisibleKeyword$_verifyElementVisible_closure1.call(VerifyElementVisibleKeyword.groovy)
	at com.kms.katalon.core.webui.keyword.internal.WebUIKeywordMain.runKeyword(WebUIKeywordMain.groovy:35)
	at com.kms.katalon.core.webui.keyword.builtin.VerifyElementVisibleKeyword.verifyElementVisible(VerifyElementVisibleKeyword.groovy:97)
	at com.kms.katalon.core.webui.keyword.builtin.VerifyElementVisibleKeyword.execute(VerifyElementVisibleKeyword.groovy:67)
	at com.kms.katalon.core.keyword.internal.KeywordExecutor.executeKeywordForPlatform(KeywordExecutor.groovy:74)
	at com.kms.katalon.core.webui.keyword.WebUiBuiltInKeywords.verifyElementVisible(WebUiBuiltInKeywords.groovy:401)
	at com.kms.katalon.core.webui.keyword.WebUiBuiltInKeywords$verifyElementVisible$6.call(Unknown Source)
	at Can Not Save Company With Missing Mandatory Field(s).run(Can Not Save Company With Missing Mandatory Field(s):24)
	at com.kms.katalon.core.main.ScriptEngine.run(ScriptEngine.java:194)
	at com.kms.katalon.core.main.ScriptEngine.runScriptAsRawText(ScriptEngine.java:119)
	at com.kms.katalon.core.main.TestCaseExecutor.runScript(TestCaseExecutor.java:448)
	at com.kms.katalon.core.main.TestCaseExecutor.doExecute(TestCaseExecutor.java:439)
	at com.kms.katalon.core.main.TestCaseExecutor.processExecutionPhase(TestCaseExecutor.java:418)
	at com.kms.katalon.core.main.TestCaseExecutor.accessMainPhase(TestCaseExecutor.java:410)
	at com.kms.katalon.core.main.TestCaseExecutor.execute(TestCaseExecutor.java:285)
	at com.kms.katalon.core.common.CommonExecutor.accessTestCaseMainPhase(CommonExecutor.java:65)
	at com.kms.katalon.core.main.TestSuiteExecutor.accessTestSuiteMainPhase(TestSuiteExecutor.java:150)
	at com.kms.katalon.core.main.TestSuiteExecutor.execute(TestSuiteExecutor.java:106)
	at com.kms.katalon.core.main.TestCaseMain.startTestSuite(TestCaseMain.java:180)
	at com.kms.katalon.core.main.TestCaseMain$startTestSuite$0.call(Unknown Source)
	at TempTestSuite1761090740538.run(TempTestSuite1761090740538.groovy:35)
	at java.base/jdk.internal.reflect.NativeMethodAccessorImpl.invoke0(Native Method)
	at java.base/jdk.internal.reflect.NativeMethodAccessorImpl.invoke(NativeMethodAccessorImpl.java:77)
	at java.base/jdk.internal.reflect.DelegatingMethodAccessorImpl.invoke(DelegatingMethodAccessorImpl.java:43)
)

21-10-2025T19:57:00 - [TEST_STEP][PASSED] - delay(1): Delayed 1 second(s)

21-10-2025T19:57:01 - [MESSAGE][PASSED] - Delayed 1 second(s)

21-10-2025T19:57:01 - [TEST_STEP][PASSED] - click(findTestObject("FIM/Hamburger Menu List/Hamburger_menu")): Object: 'Object Repository/FIM/Hamburger Menu List/Hamburger_menu' is clicked on

21-10-2025T19:57:01 - [MESSAGE][PASSED] - Object: 'Object Repository/FIM/Hamburger Menu List/Hamburger_menu' is clicked on

21-10-2025T19:57:01 - [TEST_STEP][PASSED] - verifyElementPresent(findTestObject("FIM/Companies Page/Companies_link"), 10): Object 'Object Repository/FIM/Companies Page/Companies_link' is present

21-10-2025T19:57:01 - [MESSAGE][PASSED] - Object 'Object Repository/FIM/Companies Page/Companies_link' is present

21-10-2025T19:57:01 - [TEST_STEP][PASSED] - delay(1): Delayed 1 second(s)

21-10-2025T19:57:02 - [MESSAGE][PASSED] - Delayed 1 second(s)

21-10-2025T19:57:02 - [TEST_STEP][PASSED] - click(findTestObject("FIM/Companies Page/Companies_link")): Object: 'Object Repository/FIM/Companies Page/Companies_link' is clicked on

21-10-2025T19:57:02 - [MESSAGE][PASSED] - Object: 'Object Repository/FIM/Companies Page/Companies_link' is clicked on

21-10-2025T19:57:02 - [TEST_STEP][PASSED] - delay(4): Delayed 4 second(s)

21-10-2025T19:57:06 - [MESSAGE][PASSED] - Delayed 4 second(s)

21-10-2025T19:57:06 - [TEST_STEP][PASSED] - if (verifyElementVisible(findTestObject("FIM/Existing Page with Pending Changes Close_btn"), OPTIONAL) == true): null

21-10-2025T19:57:06 - [MESSAGE][PASSED] - Object 'Object Repository/FIM/Existing Page with Pending Changes Close_btn' is visible

21-10-2025T19:57:06 - [TEST_STEP][PASSED] - click(findTestObject("FIM/Existing Page with Pending Changes Close_btn")): Object: 'Object Repository/FIM/Existing Page with Pending Changes Close_btn' is clicked on

21-10-2025T19:57:06 - [MESSAGE][PASSED] - Object: 'Object Repository/FIM/Existing Page with Pending Changes Close_btn' is clicked on

21-10-2025T19:57:06 - [TEST_STEP][PASSED] - waitForElementClickable(findTestObject("FIM/Companies Page/Add Company_btn"), 10): Object 'Object Repository/FIM/Companies Page/Add Company_btn' is clickable

21-10-2025T19:57:06 - [MESSAGE][PASSED] - Object 'Object Repository/FIM/Companies Page/Add Company_btn' is clickable

21-10-2025T19:57:06 - [TEST_STEP][PASSED] - verifyElementVisible(findTestObject("FIM/Companies Page/Add Company_btn"), STOP_ON_FAILURE): Object 'Object Repository/FIM/Companies Page/Add Company_btn' is visible

21-10-2025T19:57:06 - [MESSAGE][PASSED] - Object 'Object Repository/FIM/Companies Page/Add Company_btn' is visible

21-10-2025T19:57:06 - [TEST_STEP][PASSED] - click(findTestObject("FIM/Companies Page/Add Company_btn")): Object: 'Object Repository/FIM/Companies Page/Add Company_btn' is clicked on

21-10-2025T19:57:06 - [MESSAGE][PASSED] - Object: 'Object Repository/FIM/Companies Page/Add Company_btn' is clicked on

21-10-2025T19:57:06 - [TEST_STEP][PASSED] - setText(findTestObject("FIM/Companies Page/Unique Id_txt"), "ABCD"): Text 'ABCD' is set on object 'Object Repository/FIM/Companies Page/Unique Id_txt'

21-10-2025T19:57:06 - [MESSAGE][PASSED] - Text 'ABCD' is set on object 'Object Repository/FIM/Companies Page/Unique Id_txt'

21-10-2025T19:57:06 - [TEST_STEP][PASSED] - setText(findTestObject("FIM/Companies Page/Address_txt"), "888 Hand Street"): Text '888 Hand Street' is set on object 'Object Repository/FIM/Companies Page/Address_txt'

21-10-2025T19:57:07 - [MESSAGE][PASSED] - Text '888 Hand Street' is set on object 'Object Repository/FIM/Companies Page/Address_txt'

21-10-2025T19:57:07 - [TEST_STEP][PASSED] - setText(findTestObject("FIM/Companies Page/City_txt"), "100"): Text '100' is set on object 'Object Repository/FIM/Companies Page/City_txt'

21-10-2025T19:57:07 - [MESSAGE][PASSED] - Text '100' is set on object 'Object Repository/FIM/Companies Page/City_txt'

21-10-2025T19:57:07 - [TEST_STEP][PASSED] - selectOptionByLabel(findTestObject("FIM/Companies Page/State_dropdown"), "West Virginia", false): All options with label 'West Virginia' are selected in object 'Object Repository/FIM/Companies Page/State_dropdown' 

21-10-2025T19:57:07 - [MESSAGE][PASSED] - All options with label 'West Virginia' are selected in object 'Object Repository/FIM/Companies Page/State_dropdown' 

21-10-2025T19:57:07 - [TEST_STEP][PASSED] - setText(findTestObject("FIM/Companies Page/Zip_txt"), "65411"): Text '65411' is set on object 'Object Repository/FIM/Companies Page/Zip_txt'

21-10-2025T19:57:07 - [MESSAGE][PASSED] - Text '65411' is set on object 'Object Repository/FIM/Companies Page/Zip_txt'

21-10-2025T19:57:07 - [TEST_STEP][PASSED] - verifyElementNotClickable(findTestObject("FIM/Companies Page/Save New Company_btn")): Object 'Object Repository/FIM/Companies Page/Save New Company_btn' is NOT clickable

21-10-2025T19:57:07 - [MESSAGE][PASSED] - Object 'Object Repository/FIM/Companies Page/Save New Company_btn' is NOT clickable

21-10-2025T19:57:07 - [TEST_STEP][PASSED] - closeBrowser(): Browser is closed

21-10-2025T19:57:07 - [MESSAGE][PASSED] - Browser is closed

21-10-2025T19:57:07 - [TEST_STEP][PASSED] - Start listener action : retryOnDisconnect: null

21-10-2025T19:57:07 - [TEST_STEP][PASSED] - tcId = testCaseContext.getTestCaseId(): null

21-10-2025T19:57:07 - [TEST_STEP][PASSED] - currentRetry = retryCounts.getOrDefault(tcId, 0): null

21-10-2025T19:57:07 - [TEST_STEP][PASSED] - if (testCaseContext.getTestCaseStatus() == "FAILED" && currentRetry < MAX_RETRIES): null]]></system-out>
         <system-err><![CDATA[]]></system-err>
      </testcase>
      <testcase name="Test Cases/FIM/UI/KGL/Admin/Company/Can Not Update Company Phone Number With Letters" time="62.77" classname="Test Cases/FIM/UI/KGL/Admin/Company/Can Not Update Company Phone Number With Letters" status="FAILED">
         <failure type="FAILED" message="Test Cases/FIM/UI/KGL/Admin/Company/Can Not Update Company Phone Number With Letters FAILED.&#xa;Reason:&#xa;com.kms.katalon.core.exception.StepFailedException: Unable to click on object 'Object Repository/FIM 1.2/Companies Page/Edit_btn'&#xa;	at com.kms.katalon.core.webui.keyword.internal.WebUIKeywordMain.stepFailed(WebUIKeywordMain.groovy:117)&#xa;	at com.kms.katalon.core.webui.keyword.internal.WebUIKeywordMain.runKeyword(WebUIKeywordMain.groovy:43)&#xa;	at com.kms.katalon.core.webui.keyword.builtin.ClickKeyword.click(ClickKeyword.groovy:74)&#xa;	at com.kms.katalon.core.webui.keyword.builtin.ClickKeyword.execute(ClickKeyword.groovy:40)&#xa;	at com.kms.katalon.core.keyword.internal.KeywordExecutor.executeKeywordForPlatform(KeywordExecutor.groovy:74)&#xa;	at com.kms.katalon.core.webui.keyword.WebUiBuiltInKeywords.click(WebUiBuiltInKeywords.groovy:659)&#xa;	at com.kms.katalon.core.webui.keyword.WebUiBuiltInKeywords$click$4.call(Unknown Source)&#xa;	at Can Not Update Company Phone Number With Letters.run(Can Not Update Company Phone Number With Letters:47)&#xa;	at com.kms.katalon.core.main.ScriptEngine.run(ScriptEngine.java:194)&#xa;	at com.kms.katalon.core.main.ScriptEngine.runScriptAsRawText(ScriptEngine.java:119)&#xa;	at com.kms.katalon.core.main.TestCaseExecutor.runScript(TestCaseExecutor.java:448)&#xa;	at com.kms.katalon.core.main.TestCaseExecutor.doExecute(TestCaseExecutor.java:439)&#xa;	at com.kms.katalon.core.main.TestCaseExecutor.processExecutionPhase(TestCaseExecutor.java:418)&#xa;	at com.kms.katalon.core.main.TestCaseExecutor.accessMainPhase(TestCaseExecutor.java:410)&#xa;	at com.kms.katalon.core.main.TestCaseExecutor.execute(TestCaseExecutor.java:285)&#xa;	at com.kms.katalon.core.common.CommonExecutor.accessTestCaseMainPhase(CommonExecutor.java:65)&#xa;	at com.kms.katalon.core.main.TestSuiteExecutor.accessTestSuiteMainPhase(TestSuiteExecutor.java:150)&#xa;	at com.kms.katalon.core.main.TestSuiteExecutor.execute(TestSuiteExecutor.java:106)&#xa;	at com.kms.katalon.core.main.TestCaseMain.startTestSuite(TestCaseMain.java:180)&#xa;	at com.kms.katalon.core.main.TestCaseMain$startTestSuite$0.call(Unknown Source)&#xa;	at TempTestSuite1761090740538.run(TempTestSuite1761090740538.groovy:35)&#xa;	at java.base/jdk.internal.reflect.NativeMethodAccessorImpl.invoke0(Native Method)&#xa;	at java.base/jdk.internal.reflect.NativeMethodAccessorImpl.invoke(NativeMethodAccessorImpl.java:77)&#xa;	at java.base/jdk.internal.reflect.DelegatingMethodAccessorImpl.invoke(DelegatingMethodAccessorImpl.java:43)&#xa;Caused by: com.kms.katalon.core.webui.exception.WebElementNotFoundException: Web element with id: 'Object Repository/FIM 1.2/Companies Page/Edit_btn' located by '/html/body/div/div[2]/div/div/div[1]/div[3]/div/div/table/tbody/tr/td[3]/button[1]' not found&#xa;	at com.kms.katalon.core.webui.common.WebUiCommonHelper.findWebElement(WebUiCommonHelper.java:1423)&#xa;	at com.kms.katalon.core.webui.keyword.internal.WebUIAbstractKeyword.findWebElement(WebUIAbstractKeyword.groovy:27)&#xa;	at com.kms.katalon.core.webui.keyword.builtin.ClickKeyword$_click_closure1.doCall(ClickKeyword.groovy:65)&#xa;	at com.kms.katalon.core.webui.keyword.builtin.ClickKeyword$_click_closure1.call(ClickKeyword.groovy)&#xa;	at com.kms.katalon.core.webui.keyword.internal.WebUIKeywordMain.runKeyword(WebUIKeywordMain.groovy:35)&#xa;	... 22 more&#xa;"/>
         <system-out><![CDATA[21-10-2025T19:57:07 - [TEST_CASE][FAILED] - Test Cases/FIM/UI/KGL/Admin/Company/Can Not Update Company Phone Number With Letters: Test Cases/FIM/UI/KGL/Admin/Company/Can Not Update Company Phone Number With Letters FAILED.
Reason:
com.kms.katalon.core.exception.StepFailedException: Unable to click on object 'Object Repository/FIM 1.2/Companies Page/Edit_btn'
	at com.kms.katalon.core.webui.keyword.internal.WebUIKeywordMain.stepFailed(WebUIKeywordMain.groovy:117)
	at com.kms.katalon.core.webui.keyword.internal.WebUIKeywordMain.runKeyword(WebUIKeywordMain.groovy:43)
	at com.kms.katalon.core.webui.keyword.builtin.ClickKeyword.click(ClickKeyword.groovy:74)
	at com.kms.katalon.core.webui.keyword.builtin.ClickKeyword.execute(ClickKeyword.groovy:40)
	at com.kms.katalon.core.keyword.internal.KeywordExecutor.executeKeywordForPlatform(KeywordExecutor.groovy:74)
	at com.kms.katalon.core.webui.keyword.WebUiBuiltInKeywords.click(WebUiBuiltInKeywords.groovy:659)
	at com.kms.katalon.core.webui.keyword.WebUiBuiltInKeywords$click$4.call(Unknown Source)
	at Can Not Update Company Phone Number With Letters.run(Can Not Update Company Phone Number With Letters:47)
	at com.kms.katalon.core.main.ScriptEngine.run(ScriptEngine.java:194)
	at com.kms.katalon.core.main.ScriptEngine.runScriptAsRawText(ScriptEngine.java:119)
	at com.kms.katalon.core.main.TestCaseExecutor.runScript(TestCaseExecutor.java:448)
	at com.kms.katalon.core.main.TestCaseExecutor.doExecute(TestCaseExecutor.java:439)
	at com.kms.katalon.core.main.TestCaseExecutor.processExecutionPhase(TestCaseExecutor.java:418)
	at com.kms.katalon.core.main.TestCaseExecutor.accessMainPhase(TestCaseExecutor.java:410)
	at com.kms.katalon.core.main.TestCaseExecutor.execute(TestCaseExecutor.java:285)
	at com.kms.katalon.core.common.CommonExecutor.accessTestCaseMainPhase(CommonExecutor.java:65)
	at com.kms.katalon.core.main.TestSuiteExecutor.accessTestSuiteMainPhase(TestSuiteExecutor.java:150)
	at com.kms.katalon.core.main.TestSuiteExecutor.execute(TestSuiteExecutor.java:106)
	at com.kms.katalon.core.main.TestCaseMain.startTestSuite(TestCaseMain.java:180)
	at com.kms.katalon.core.main.TestCaseMain$startTestSuite$0.call(Unknown Source)
	at TempTestSuite1761090740538.run(TempTestSuite1761090740538.groovy:35)
	at java.base/jdk.internal.reflect.NativeMethodAccessorImpl.invoke0(Native Method)
	at java.base/jdk.internal.reflect.NativeMethodAccessorImpl.invoke(NativeMethodAccessorImpl.java:77)
	at java.base/jdk.internal.reflect.DelegatingMethodAccessorImpl.invoke(DelegatingMethodAccessorImpl.java:43)
Caused by: com.kms.katalon.core.webui.exception.WebElementNotFoundException: Web element with id: 'Object Repository/FIM 1.2/Companies Page/Edit_btn' located by '/html/body/div/div[2]/div/div/div[1]/div[3]/div/div/table/tbody/tr/td[3]/button[1]' not found
	at com.kms.katalon.core.webui.common.WebUiCommonHelper.findWebElement(WebUiCommonHelper.java:1423)
	at com.kms.katalon.core.webui.keyword.internal.WebUIAbstractKeyword.findWebElement(WebUIAbstractKeyword.groovy:27)
	at com.kms.katalon.core.webui.keyword.builtin.ClickKeyword$_click_closure1.doCall(ClickKeyword.groovy:65)
	at com.kms.katalon.core.webui.keyword.builtin.ClickKeyword$_click_closure1.call(ClickKeyword.groovy)
	at com.kms.katalon.core.webui.keyword.internal.WebUIKeywordMain.runKeyword(WebUIKeywordMain.groovy:35)
	... 22 more


21-10-2025T19:57:07 - [TEST_STEP][PASSED] - Start listener action : beforeTestCase: null

21-10-2025T19:57:07 - [TEST_STEP][PASSED] - addDefaultPackages(): null

21-10-2025T19:57:07 - [TEST_STEP][PASSED] - callTestCase(findTestCase("Utility Scripts/FIM KGL Admin Login"), [:], STOP_ON_FAILURE): Call Test Case 'Test Cases/Utility Scripts/FIM KGL Admin Login' successfully

21-10-2025T19:57:08 - [TEST_CASE][PASSED] - Test Cases/Utility Scripts/FIM KGL Admin Login: Test Cases/Utility Scripts/FIM KGL Admin Login

21-10-2025T19:57:08 - [TEST_STEP][PASSED] - openBrowser(""): Browser is opened with url: ''

21-10-2025T19:57:08 - [MESSAGE][INFO] - Starting 'Chrome' driver

21-10-2025T19:57:08 - [MESSAGE][INFO] - User set preference: ['args', '[--no-sandbox, --disable-gpu, --disable-dev-shm-usage]']

21-10-2025T19:57:08 - [MESSAGE][INFO] - Action delay is set to 0 milliseconds

21-10-2025T19:57:08 - [MESSAGE][PASSED] - Browser is opened with url: ''

21-10-2025T19:57:08 - [TEST_STEP][PASSED] - delay(1): Delayed 1 second(s)

21-10-2025T19:57:09 - [MESSAGE][PASSED] - Delayed 1 second(s)

21-10-2025T19:57:09 - [TEST_STEP][PASSED] - navigateToUrl(KGLCustomGroupUrl): Navigate to 'https://kaglogistics-inventory-management-portal.qa.thekag.com/custom-group/' successfully

21-10-2025T19:57:10 - [MESSAGE][PASSED] - Navigate to 'https://kaglogistics-inventory-management-portal.qa.thekag.com/custom-group/' successfully

21-10-2025T19:57:10 - [TEST_STEP][PASSED] - delay(10): Delayed 10 second(s)

21-10-2025T19:57:20 - [MESSAGE][PASSED] - Delayed 10 second(s)

21-10-2025T19:57:20 - [TEST_STEP][PASSED] - if (maximizeWindow == true): Delayed 1 second(s)

21-10-2025T19:57:20 - [TEST_STEP][PASSED] - maximizeWindow(STOP_ON_FAILURE): Current window maximized

21-10-2025T19:57:20 - [MESSAGE][PASSED] - Current window maximized

21-10-2025T19:57:20 - [TEST_STEP][PASSED] - delay(1): Delayed 1 second(s)

21-10-2025T19:57:21 - [MESSAGE][PASSED] - Delayed 1 second(s)

21-10-2025T19:57:21 - [TEST_STEP][PASSED] - waitForElementPresent(findTestObject("FIM/Username_txt"), 10): Object 'Object Repository/FIM/Username_txt' is present

21-10-2025T19:57:21 - [MESSAGE][PASSED] - Object 'Object Repository/FIM/Username_txt' is present

21-10-2025T19:57:21 - [TEST_STEP][PASSED] - setText(findTestObject("FIM/Username_txt"), FIMUsername): Text 'Chris.Sheldon+DES_QA@Thekag.com' is set on object 'Object Repository/FIM/Username_txt'

21-10-2025T19:57:21 - [MESSAGE][PASSED] - Text 'Chris.Sheldon+DES_QA@Thekag.com' is set on object 'Object Repository/FIM/Username_txt'

21-10-2025T19:57:21 - [TEST_STEP][PASSED] - delay(1): Delayed 1 second(s)

21-10-2025T19:57:22 - [MESSAGE][PASSED] - Delayed 1 second(s)

21-10-2025T19:57:22 - [TEST_STEP][PASSED] - setText(findTestObject("FIM/Password_txt"), FIMPassword): Text 'QATest!2' is set on object 'Object Repository/FIM/Password_txt'

21-10-2025T19:57:22 - [MESSAGE][PASSED] - Text 'QATest!2' is set on object 'Object Repository/FIM/Password_txt'

21-10-2025T19:57:22 - [TEST_STEP][PASSED] - delay(1): Delayed 1 second(s)

21-10-2025T19:57:23 - [MESSAGE][PASSED] - Delayed 1 second(s)

21-10-2025T19:57:23 - [TEST_STEP][PASSED] - click(findTestObject("FIM/Login_btn")): Object: 'Object Repository/FIM/Login_btn' is clicked on

21-10-2025T19:57:23 - [MESSAGE][PASSED] - Object: 'Object Repository/FIM/Login_btn' is clicked on

21-10-2025T19:57:23 - [MESSAGE][PASSED] - Call Test Case 'Test Cases/Utility Scripts/FIM KGL Admin Login' successfully

21-10-2025T19:57:23 - [TEST_STEP][PASSED] - waitForElementClickable(findTestObject("FIM 1.2/Hamburger Menu List/Hamburger_menu"), 30): Object 'Object Repository/FIM 1.2/Hamburger Menu List/Hamburger_menu' is clickable

21-10-2025T19:57:23 - [MESSAGE][PASSED] - Object 'Object Repository/FIM 1.2/Hamburger Menu List/Hamburger_menu' is clickable

21-10-2025T19:57:23 - [TEST_STEP][PASSED] - if (verifyElementVisible(findTestObject("FIM/Server_Notification_Close_btn"), OPTIONAL) == true): Web element with id: 'Object Repository/FIM/Server_Notification_Close_btn' located by '/html/body/div/div[1]/button' not found (Root cause: com.kms.katalon.core.exception.StepFailedException: Web element with id: 'Object Repository/FIM/Server_Notification_Close_btn' located by '/html/body/div/div[1]/button' not found
	at com.kms.katalon.core.webui.keyword.internal.WebUIKeywordMain.stepFailed(WebUIKeywordMain.groovy:117)
	at com.kms.katalon.core.webui.keyword.builtin.VerifyElementVisibleKeyword$_verifyElementVisible_closure1.doCall(VerifyElementVisibleKeyword.groovy:89)
	at com.kms.katalon.core.webui.keyword.builtin.VerifyElementVisibleKeyword$_verifyElementVisible_closure1.call(VerifyElementVisibleKeyword.groovy)
	at com.kms.katalon.core.webui.keyword.internal.WebUIKeywordMain.runKeyword(WebUIKeywordMain.groovy:35)
	at com.kms.katalon.core.webui.keyword.builtin.VerifyElementVisibleKeyword.verifyElementVisible(VerifyElementVisibleKeyword.groovy:97)
	at com.kms.katalon.core.webui.keyword.builtin.VerifyElementVisibleKeyword.execute(VerifyElementVisibleKeyword.groovy:67)
	at com.kms.katalon.core.keyword.internal.KeywordExecutor.executeKeywordForPlatform(KeywordExecutor.groovy:74)
	at com.kms.katalon.core.webui.keyword.WebUiBuiltInKeywords.verifyElementVisible(WebUiBuiltInKeywords.groovy:401)
	at com.kms.katalon.core.webui.keyword.WebUiBuiltInKeywords$verifyElementVisible$6.call(Unknown Source)
	at Can Not Update Company Phone Number With Letters.run(Can Not Update Company Phone Number With Letters:24)
	at com.kms.katalon.core.main.ScriptEngine.run(ScriptEngine.java:194)
	at com.kms.katalon.core.main.ScriptEngine.runScriptAsRawText(ScriptEngine.java:119)
	at com.kms.katalon.core.main.TestCaseExecutor.runScript(TestCaseExecutor.java:448)
	at com.kms.katalon.core.main.TestCaseExecutor.doExecute(TestCaseExecutor.java:439)
	at com.kms.katalon.core.main.TestCaseExecutor.processExecutionPhase(TestCaseExecutor.java:418)
	at com.kms.katalon.core.main.TestCaseExecutor.accessMainPhase(TestCaseExecutor.java:410)
	at com.kms.katalon.core.main.TestCaseExecutor.execute(TestCaseExecutor.java:285)
	at com.kms.katalon.core.common.CommonExecutor.accessTestCaseMainPhase(CommonExecutor.java:65)
	at com.kms.katalon.core.main.TestSuiteExecutor.accessTestSuiteMainPhase(TestSuiteExecutor.java:150)
	at com.kms.katalon.core.main.TestSuiteExecutor.execute(TestSuiteExecutor.java:106)
	at com.kms.katalon.core.main.TestCaseMain.startTestSuite(TestCaseMain.java:180)
	at com.kms.katalon.core.main.TestCaseMain$startTestSuite$0.call(Unknown Source)
	at TempTestSuite1761090740538.run(TempTestSuite1761090740538.groovy:35)
	at java.base/jdk.internal.reflect.NativeMethodAccessorImpl.invoke0(Native Method)
	at java.base/jdk.internal.reflect.NativeMethodAccessorImpl.invoke(NativeMethodAccessorImpl.java:77)
	at java.base/jdk.internal.reflect.DelegatingMethodAccessorImpl.invoke(DelegatingMethodAccessorImpl.java:43)
)

21-10-2025T19:57:39 - [MESSAGE][INFO] - Unable to find the element located by 'By.xpath: /html/body/div/div[1]/button'. Please recheck the objects properties to make sure the desired element is located. 

21-10-2025T19:57:39 - [MESSAGE][WARNING] - [SELF-HEALING] Failed to find element with id 'Object Repository/FIM/Server_Notification_Close_btn'. Try using Self-healing.

21-10-2025T19:57:40 - [MESSAGE][INFO] - [SELF-HEALING] No working XPath is found.

21-10-2025T19:57:42 - [MESSAGE][INFO] - Unable to find the element located by 'By.xpath: '. Please recheck the objects properties to make sure the desired element is located. 

21-10-2025T19:57:42 - [MESSAGE][WARNING] - [SELF-HEALING] Cannot find elements when the selector is null

21-10-2025T19:57:42 - [MESSAGE][WARNING] - Web element with id: 'Object Repository/FIM/Server_Notification_Close_btn' located by '/html/body/div/div[1]/button' not found (Root cause: com.kms.katalon.core.exception.StepFailedException: Web element with id: 'Object Repository/FIM/Server_Notification_Close_btn' located by '/html/body/div/div[1]/button' not found
	at com.kms.katalon.core.webui.keyword.internal.WebUIKeywordMain.stepFailed(WebUIKeywordMain.groovy:117)
	at com.kms.katalon.core.webui.keyword.builtin.VerifyElementVisibleKeyword$_verifyElementVisible_closure1.doCall(VerifyElementVisibleKeyword.groovy:89)
	at com.kms.katalon.core.webui.keyword.builtin.VerifyElementVisibleKeyword$_verifyElementVisible_closure1.call(VerifyElementVisibleKeyword.groovy)
	at com.kms.katalon.core.webui.keyword.internal.WebUIKeywordMain.runKeyword(WebUIKeywordMain.groovy:35)
	at com.kms.katalon.core.webui.keyword.builtin.VerifyElementVisibleKeyword.verifyElementVisible(VerifyElementVisibleKeyword.groovy:97)
	at com.kms.katalon.core.webui.keyword.builtin.VerifyElementVisibleKeyword.execute(VerifyElementVisibleKeyword.groovy:67)
	at com.kms.katalon.core.keyword.internal.KeywordExecutor.executeKeywordForPlatform(KeywordExecutor.groovy:74)
	at com.kms.katalon.core.webui.keyword.WebUiBuiltInKeywords.verifyElementVisible(WebUiBuiltInKeywords.groovy:401)
	at com.kms.katalon.core.webui.keyword.WebUiBuiltInKeywords$verifyElementVisible$6.call(Unknown Source)
	at Can Not Update Company Phone Number With Letters.run(Can Not Update Company Phone Number With Letters:24)
	at com.kms.katalon.core.main.ScriptEngine.run(ScriptEngine.java:194)
	at com.kms.katalon.core.main.ScriptEngine.runScriptAsRawText(ScriptEngine.java:119)
	at com.kms.katalon.core.main.TestCaseExecutor.runScript(TestCaseExecutor.java:448)
	at com.kms.katalon.core.main.TestCaseExecutor.doExecute(TestCaseExecutor.java:439)
	at com.kms.katalon.core.main.TestCaseExecutor.processExecutionPhase(TestCaseExecutor.java:418)
	at com.kms.katalon.core.main.TestCaseExecutor.accessMainPhase(TestCaseExecutor.java:410)
	at com.kms.katalon.core.main.TestCaseExecutor.execute(TestCaseExecutor.java:285)
	at com.kms.katalon.core.common.CommonExecutor.accessTestCaseMainPhase(CommonExecutor.java:65)
	at com.kms.katalon.core.main.TestSuiteExecutor.accessTestSuiteMainPhase(TestSuiteExecutor.java:150)
	at com.kms.katalon.core.main.TestSuiteExecutor.execute(TestSuiteExecutor.java:106)
	at com.kms.katalon.core.main.TestCaseMain.startTestSuite(TestCaseMain.java:180)
	at com.kms.katalon.core.main.TestCaseMain$startTestSuite$0.call(Unknown Source)
	at TempTestSuite1761090740538.run(TempTestSuite1761090740538.groovy:35)
	at java.base/jdk.internal.reflect.NativeMethodAccessorImpl.invoke0(Native Method)
	at java.base/jdk.internal.reflect.NativeMethodAccessorImpl.invoke(NativeMethodAccessorImpl.java:77)
	at java.base/jdk.internal.reflect.DelegatingMethodAccessorImpl.invoke(DelegatingMethodAccessorImpl.java:43)
)

21-10-2025T19:57:42 - [TEST_STEP][PASSED] - delay(1): Delayed 1 second(s)

21-10-2025T19:57:43 - [MESSAGE][PASSED] - Delayed 1 second(s)

21-10-2025T19:57:43 - [TEST_STEP][PASSED] - click(findTestObject("FIM/Hamburger Menu List/Hamburger_menu")): Object: 'Object Repository/FIM/Hamburger Menu List/Hamburger_menu' is clicked on

21-10-2025T19:57:44 - [MESSAGE][PASSED] - Object: 'Object Repository/FIM/Hamburger Menu List/Hamburger_menu' is clicked on

21-10-2025T19:57:44 - [TEST_STEP][PASSED] - delay(1): Delayed 1 second(s)

21-10-2025T19:57:45 - [MESSAGE][PASSED] - Delayed 1 second(s)

21-10-2025T19:57:45 - [TEST_STEP][PASSED] - click(findTestObject("Object Repository/FIM 1.2/Hamburger Menu List/Companies_list")): Object: 'Object Repository/FIM 1.2/Hamburger Menu List/Companies_list' is clicked on

21-10-2025T19:57:45 - [MESSAGE][PASSED] - Object: 'Object Repository/FIM 1.2/Hamburger Menu List/Companies_list' is clicked on

21-10-2025T19:57:45 - [TEST_STEP][PASSED] - delay(5): Delayed 5 second(s)

21-10-2025T19:57:50 - [MESSAGE][PASSED] - Delayed 5 second(s)

21-10-2025T19:57:50 - [TEST_STEP][PASSED] - if (verifyElementVisible(findTestObject("FIM/Existing Page with Pending Changes Close_btn"), OPTIONAL) == true): null

21-10-2025T19:57:50 - [MESSAGE][PASSED] - Object 'Object Repository/FIM/Existing Page with Pending Changes Close_btn' is visible

21-10-2025T19:57:50 - [TEST_STEP][PASSED] - click(findTestObject("FIM/Existing Page with Pending Changes Close_btn")): Object: 'Object Repository/FIM/Existing Page with Pending Changes Close_btn' is clicked on

21-10-2025T19:57:50 - [MESSAGE][PASSED] - Object: 'Object Repository/FIM/Existing Page with Pending Changes Close_btn' is clicked on

21-10-2025T19:57:50 - [TEST_STEP][PASSED] - sendKeys(findTestObject("FIM 1.2/Companies Page/Filter_input_txt"), "CBS"): Keys 'CBS' sent to object: 'Object Repository/FIM 1.2/Companies Page/Filter_input_txt'

21-10-2025T19:57:50 - [MESSAGE][PASSED] - Keys 'CBS' sent to object: 'Object Repository/FIM 1.2/Companies Page/Filter_input_txt'

21-10-2025T19:57:50 - [TEST_STEP][PASSED] - delay(1): Delayed 1 second(s)

21-10-2025T19:57:51 - [MESSAGE][PASSED] - Delayed 1 second(s)

21-10-2025T19:57:51 - [TEST_STEP][FAILED] - click(findTestObject("FIM 1.2/Companies Page/Edit_btn")): Unable to click on object 'Object Repository/FIM 1.2/Companies Page/Edit_btn' (Root cause: com.kms.katalon.core.exception.StepFailedException: Unable to click on object 'Object Repository/FIM 1.2/Companies Page/Edit_btn'
	at com.kms.katalon.core.webui.keyword.internal.WebUIKeywordMain.stepFailed(WebUIKeywordMain.groovy:117)
	at com.kms.katalon.core.webui.keyword.internal.WebUIKeywordMain.runKeyword(WebUIKeywordMain.groovy:43)
	at com.kms.katalon.core.webui.keyword.builtin.ClickKeyword.click(ClickKeyword.groovy:74)
	at com.kms.katalon.core.webui.keyword.builtin.ClickKeyword.execute(ClickKeyword.groovy:40)
	at com.kms.katalon.core.keyword.internal.KeywordExecutor.executeKeywordForPlatform(KeywordExecutor.groovy:74)
	at com.kms.katalon.core.webui.keyword.WebUiBuiltInKeywords.click(WebUiBuiltInKeywords.groovy:659)
	at com.kms.katalon.core.webui.keyword.WebUiBuiltInKeywords$click$4.call(Unknown Source)
	at Can Not Update Company Phone Number With Letters.run(Can Not Update Company Phone Number With Letters:47)
	at com.kms.katalon.core.main.ScriptEngine.run(ScriptEngine.java:194)
	at com.kms.katalon.core.main.ScriptEngine.runScriptAsRawText(ScriptEngine.java:119)
	at com.kms.katalon.core.main.TestCaseExecutor.runScript(TestCaseExecutor.java:448)
	at com.kms.katalon.core.main.TestCaseExecutor.doExecute(TestCaseExecutor.java:439)
	at com.kms.katalon.core.main.TestCaseExecutor.processExecutionPhase(TestCaseExecutor.java:418)
	at com.kms.katalon.core.main.TestCaseExecutor.accessMainPhase(TestCaseExecutor.java:410)
	at com.kms.katalon.core.main.TestCaseExecutor.execute(TestCaseExecutor.java:285)
	at com.kms.katalon.core.common.CommonExecutor.accessTestCaseMainPhase(CommonExecutor.java:65)
	at com.kms.katalon.core.main.TestSuiteExecutor.accessTestSuiteMainPhase(TestSuiteExecutor.java:150)
	at com.kms.katalon.core.main.TestSuiteExecutor.execute(TestSuiteExecutor.java:106)
	at com.kms.katalon.core.main.TestCaseMain.startTestSuite(TestCaseMain.java:180)
	at com.kms.katalon.core.main.TestCaseMain$startTestSuite$0.call(Unknown Source)
	at TempTestSuite1761090740538.run(TempTestSuite1761090740538.groovy:35)
	at java.base/jdk.internal.reflect.NativeMethodAccessorImpl.invoke0(Native Method)
	at java.base/jdk.internal.reflect.NativeMethodAccessorImpl.invoke(NativeMethodAccessorImpl.java:77)
	at java.base/jdk.internal.reflect.DelegatingMethodAccessorImpl.invoke(DelegatingMethodAccessorImpl.java:43)
Caused by: com.kms.katalon.core.webui.exception.WebElementNotFoundException: Web element with id: 'Object Repository/FIM 1.2/Companies Page/Edit_btn' located by '/html/body/div/div[2]/div/div/div[1]/div[3]/div/div/table/tbody/tr/td[3]/button[1]' not found
	at com.kms.katalon.core.webui.common.WebUiCommonHelper.findWebElement(WebUiCommonHelper.java:1423)
	at com.kms.katalon.core.webui.keyword.internal.WebUIAbstractKeyword.findWebElement(WebUIAbstractKeyword.groovy:27)
	at com.kms.katalon.core.webui.keyword.builtin.ClickKeyword$_click_closure1.doCall(ClickKeyword.groovy:65)
	at com.kms.katalon.core.webui.keyword.builtin.ClickKeyword$_click_closure1.call(ClickKeyword.groovy)
	at com.kms.katalon.core.webui.keyword.internal.WebUIKeywordMain.runKeyword(WebUIKeywordMain.groovy:35)
	at com.kms.katalon.core.webui.keyword.builtin.ClickKeyword.click(ClickKeyword.groovy:74)
	at com.kms.katalon.core.webui.keyword.builtin.ClickKeyword.execute(ClickKeyword.groovy:40)
	at com.kms.katalon.core.keyword.internal.KeywordExecutor.executeKeywordForPlatform(KeywordExecutor.groovy:74)
	at com.kms.katalon.core.webui.keyword.WebUiBuiltInKeywords.click(WebUiBuiltInKeywords.groovy:659)
	at com.kms.katalon.core.webui.keyword.WebUiBuiltInKeywords$click$4.call(Unknown Source)
	at Script1705350996283.run(Script1705350996283.groovy:47)
	... 16 more
)

21-10-2025T19:58:07 - [MESSAGE][INFO] - Unable to find the element located by 'By.xpath: /html/body/div/div[2]/div/div/div[1]/div[3]/div/div/table/tbody/tr/td[3]/button[1]'. Please recheck the objects properties to make sure the desired element is located. 

21-10-2025T19:58:07 - [MESSAGE][WARNING] - [SELF-HEALING] Failed to find element with id 'Object Repository/FIM 1.2/Companies Page/Edit_btn'. Try using Self-healing.

21-10-2025T19:58:08 - [MESSAGE][INFO] - [SELF-HEALING] No working XPath is found.

21-10-2025T19:58:10 - [MESSAGE][INFO] - Unable to find the element located by 'By.xpath: '. Please recheck the objects properties to make sure the desired element is located. 

21-10-2025T19:58:10 - [MESSAGE][WARNING] - [SELF-HEALING] Cannot find elements when the selector is null

21-10-2025T19:58:10 - [MESSAGE][FAILED] - Unable to click on object 'Object Repository/FIM 1.2/Companies Page/Edit_btn' (Root cause: com.kms.katalon.core.exception.StepFailedException: Unable to click on object 'Object Repository/FIM 1.2/Companies Page/Edit_btn'
	at com.kms.katalon.core.webui.keyword.internal.WebUIKeywordMain.stepFailed(WebUIKeywordMain.groovy:117)
	at com.kms.katalon.core.webui.keyword.internal.WebUIKeywordMain.runKeyword(WebUIKeywordMain.groovy:43)
	at com.kms.katalon.core.webui.keyword.builtin.ClickKeyword.click(ClickKeyword.groovy:74)
	at com.kms.katalon.core.webui.keyword.builtin.ClickKeyword.execute(ClickKeyword.groovy:40)
	at com.kms.katalon.core.keyword.internal.KeywordExecutor.executeKeywordForPlatform(KeywordExecutor.groovy:74)
	at com.kms.katalon.core.webui.keyword.WebUiBuiltInKeywords.click(WebUiBuiltInKeywords.groovy:659)
	at com.kms.katalon.core.webui.keyword.WebUiBuiltInKeywords$click$4.call(Unknown Source)
	at Can Not Update Company Phone Number With Letters.run(Can Not Update Company Phone Number With Letters:47)
	at com.kms.katalon.core.main.ScriptEngine.run(ScriptEngine.java:194)
	at com.kms.katalon.core.main.ScriptEngine.runScriptAsRawText(ScriptEngine.java:119)
	at com.kms.katalon.core.main.TestCaseExecutor.runScript(TestCaseExecutor.java:448)
	at com.kms.katalon.core.main.TestCaseExecutor.doExecute(TestCaseExecutor.java:439)
	at com.kms.katalon.core.main.TestCaseExecutor.processExecutionPhase(TestCaseExecutor.java:418)
	at com.kms.katalon.core.main.TestCaseExecutor.accessMainPhase(TestCaseExecutor.java:410)
	at com.kms.katalon.core.main.TestCaseExecutor.execute(TestCaseExecutor.java:285)
	at com.kms.katalon.core.common.CommonExecutor.accessTestCaseMainPhase(CommonExecutor.java:65)
	at com.kms.katalon.core.main.TestSuiteExecutor.accessTestSuiteMainPhase(TestSuiteExecutor.java:150)
	at com.kms.katalon.core.main.TestSuiteExecutor.execute(TestSuiteExecutor.java:106)
	at com.kms.katalon.core.main.TestCaseMain.startTestSuite(TestCaseMain.java:180)
	at com.kms.katalon.core.main.TestCaseMain$startTestSuite$0.call(Unknown Source)
	at TempTestSuite1761090740538.run(TempTestSuite1761090740538.groovy:35)
	at java.base/jdk.internal.reflect.NativeMethodAccessorImpl.invoke0(Native Method)
	at java.base/jdk.internal.reflect.NativeMethodAccessorImpl.invoke(NativeMethodAccessorImpl.java:77)
	at java.base/jdk.internal.reflect.DelegatingMethodAccessorImpl.invoke(DelegatingMethodAccessorImpl.java:43)
Caused by: com.kms.katalon.core.webui.exception.WebElementNotFoundException: Web element with id: 'Object Repository/FIM 1.2/Companies Page/Edit_btn' located by '/html/body/div/div[2]/div/div/div[1]/div[3]/div/div/table/tbody/tr/td[3]/button[1]' not found
	at com.kms.katalon.core.webui.common.WebUiCommonHelper.findWebElement(WebUiCommonHelper.java:1423)
	at com.kms.katalon.core.webui.keyword.internal.WebUIAbstractKeyword.findWebElement(WebUIAbstractKeyword.groovy:27)
	at com.kms.katalon.core.webui.keyword.builtin.ClickKeyword$_click_closure1.doCall(ClickKeyword.groovy:65)
	at com.kms.katalon.core.webui.keyword.builtin.ClickKeyword$_click_closure1.call(ClickKeyword.groovy)
	at com.kms.katalon.core.webui.keyword.internal.WebUIKeywordMain.runKeyword(WebUIKeywordMain.groovy:35)
	at com.kms.katalon.core.webui.keyword.builtin.ClickKeyword.click(ClickKeyword.groovy:74)
	at com.kms.katalon.core.webui.keyword.builtin.ClickKeyword.execute(ClickKeyword.groovy:40)
	at com.kms.katalon.core.keyword.internal.KeywordExecutor.executeKeywordForPlatform(KeywordExecutor.groovy:74)
	at com.kms.katalon.core.webui.keyword.WebUiBuiltInKeywords.click(WebUiBuiltInKeywords.groovy:659)
	at com.kms.katalon.core.webui.keyword.WebUiBuiltInKeywords$click$4.call(Unknown Source)
	at Script1705350996283.run(Script1705350996283.groovy:47)
	... 16 more
)

21-10-2025T19:58:10 - [TEST_STEP][PASSED] - Start listener action : retryOnDisconnect: Current window's url is: 'https://kaglogistics-inventory-management-portal.qa.thekag.com/companies/'

21-10-2025T19:58:10 - [TEST_STEP][PASSED] - tcId = testCaseContext.getTestCaseId(): null

21-10-2025T19:58:10 - [TEST_STEP][PASSED] - currentRetry = retryCounts.getOrDefault(tcId, 0): null

21-10-2025T19:58:10 - [TEST_STEP][PASSED] - if (testCaseContext.getTestCaseStatus() == "FAILED" && currentRetry < MAX_RETRIES): Current window's url is: 'https://kaglogistics-inventory-management-portal.qa.thekag.com/companies/'

21-10-2025T19:58:10 - [TEST_STEP][PASSED] - try: Current window's url is: 'https://kaglogistics-inventory-management-portal.qa.thekag.com/companies/'

21-10-2025T19:58:10 - [TEST_STEP][PASSED] - comment(Checking for WebDriver disconnect for test case: $tcId): Checking for WebDriver disconnect for test case: Test Cases/FIM/UI/KGL/Admin/Company/Can Not Update Company Phone Number With Letters

21-10-2025T19:58:10 - [MESSAGE][INFO] - Checking for WebDriver disconnect for test case: Test Cases/FIM/UI/KGL/Admin/Company/Can Not Update Company Phone Number With Letters

21-10-2025T19:58:10 - [TEST_STEP][PASSED] - getUrl(): Current window's url is: 'https://kaglogistics-inventory-management-portal.qa.thekag.com/companies/'

21-10-2025T19:58:10 - [MESSAGE][PASSED] - Current window's url is: 'https://kaglogistics-inventory-management-portal.qa.thekag.com/companies/']]></system-out>
         <system-err><![CDATA[21-10-2025T19:57:07 - [TEST_CASE][FAILED] - Test Cases/FIM/UI/KGL/Admin/Company/Can Not Update Company Phone Number With Letters: Test Cases/FIM/UI/KGL/Admin/Company/Can Not Update Company Phone Number With Letters FAILED.
Reason:
com.kms.katalon.core.exception.StepFailedException: Unable to click on object 'Object Repository/FIM 1.2/Companies Page/Edit_btn'
	at com.kms.katalon.core.webui.keyword.internal.WebUIKeywordMain.stepFailed(WebUIKeywordMain.groovy:117)
	at com.kms.katalon.core.webui.keyword.internal.WebUIKeywordMain.runKeyword(WebUIKeywordMain.groovy:43)
	at com.kms.katalon.core.webui.keyword.builtin.ClickKeyword.click(ClickKeyword.groovy:74)
	at com.kms.katalon.core.webui.keyword.builtin.ClickKeyword.execute(ClickKeyword.groovy:40)
	at com.kms.katalon.core.keyword.internal.KeywordExecutor.executeKeywordForPlatform(KeywordExecutor.groovy:74)
	at com.kms.katalon.core.webui.keyword.WebUiBuiltInKeywords.click(WebUiBuiltInKeywords.groovy:659)
	at com.kms.katalon.core.webui.keyword.WebUiBuiltInKeywords$click$4.call(Unknown Source)
	at Can Not Update Company Phone Number With Letters.run(Can Not Update Company Phone Number With Letters:47)
	at com.kms.katalon.core.main.ScriptEngine.run(ScriptEngine.java:194)
	at com.kms.katalon.core.main.ScriptEngine.runScriptAsRawText(ScriptEngine.java:119)
	at com.kms.katalon.core.main.TestCaseExecutor.runScript(TestCaseExecutor.java:448)
	at com.kms.katalon.core.main.TestCaseExecutor.doExecute(TestCaseExecutor.java:439)
	at com.kms.katalon.core.main.TestCaseExecutor.processExecutionPhase(TestCaseExecutor.java:418)
	at com.kms.katalon.core.main.TestCaseExecutor.accessMainPhase(TestCaseExecutor.java:410)
	at com.kms.katalon.core.main.TestCaseExecutor.execute(TestCaseExecutor.java:285)
	at com.kms.katalon.core.common.CommonExecutor.accessTestCaseMainPhase(CommonExecutor.java:65)
	at com.kms.katalon.core.main.TestSuiteExecutor.accessTestSuiteMainPhase(TestSuiteExecutor.java:150)
	at com.kms.katalon.core.main.TestSuiteExecutor.execute(TestSuiteExecutor.java:106)
	at com.kms.katalon.core.main.TestCaseMain.startTestSuite(TestCaseMain.java:180)
	at com.kms.katalon.core.main.TestCaseMain$startTestSuite$0.call(Unknown Source)
	at TempTestSuite1761090740538.run(TempTestSuite1761090740538.groovy:35)
	at java.base/jdk.internal.reflect.NativeMethodAccessorImpl.invoke0(Native Method)
	at java.base/jdk.internal.reflect.NativeMethodAccessorImpl.invoke(NativeMethodAccessorImpl.java:77)
	at java.base/jdk.internal.reflect.DelegatingMethodAccessorImpl.invoke(DelegatingMethodAccessorImpl.java:43)
Caused by: com.kms.katalon.core.webui.exception.WebElementNotFoundException: Web element with id: 'Object Repository/FIM 1.2/Companies Page/Edit_btn' located by '/html/body/div/div[2]/div/div/div[1]/div[3]/div/div/table/tbody/tr/td[3]/button[1]' not found
	at com.kms.katalon.core.webui.common.WebUiCommonHelper.findWebElement(WebUiCommonHelper.java:1423)
	at com.kms.katalon.core.webui.keyword.internal.WebUIAbstractKeyword.findWebElement(WebUIAbstractKeyword.groovy:27)
	at com.kms.katalon.core.webui.keyword.builtin.ClickKeyword$_click_closure1.doCall(ClickKeyword.groovy:65)
	at com.kms.katalon.core.webui.keyword.builtin.ClickKeyword$_click_closure1.call(ClickKeyword.groovy)
	at com.kms.katalon.core.webui.keyword.internal.WebUIKeywordMain.runKeyword(WebUIKeywordMain.groovy:35)
	... 22 more]]></system-err>
      </testcase>
      <testcase name="Test Cases/FIM/UI/KGL/Admin/Company/Can Not Update Company UniqueId With Special Chars" time="62.908" classname="Test Cases/FIM/UI/KGL/Admin/Company/Can Not Update Company UniqueId With Special Chars" status="FAILED">
         <failure type="FAILED" message="Test Cases/FIM/UI/KGL/Admin/Company/Can Not Update Company UniqueId With Special Chars FAILED.&#xa;Reason:&#xa;com.kms.katalon.core.exception.StepFailedException: Unable to click on object 'Object Repository/FIM 1.2/Companies Page/Edit_btn'&#xa;	at com.kms.katalon.core.webui.keyword.internal.WebUIKeywordMain.stepFailed(WebUIKeywordMain.groovy:117)&#xa;	at com.kms.katalon.core.webui.keyword.internal.WebUIKeywordMain.runKeyword(WebUIKeywordMain.groovy:43)&#xa;	at com.kms.katalon.core.webui.keyword.builtin.ClickKeyword.click(ClickKeyword.groovy:74)&#xa;	at com.kms.katalon.core.webui.keyword.builtin.ClickKeyword.execute(ClickKeyword.groovy:40)&#xa;	at com.kms.katalon.core.keyword.internal.KeywordExecutor.executeKeywordForPlatform(KeywordExecutor.groovy:74)&#xa;	at com.kms.katalon.core.webui.keyword.WebUiBuiltInKeywords.click(WebUiBuiltInKeywords.groovy:659)&#xa;	at com.kms.katalon.core.webui.keyword.WebUiBuiltInKeywords$click$4.call(Unknown Source)&#xa;	at Can Not Update Company UniqueId With Special Chars.run(Can Not Update Company UniqueId With Special Chars:47)&#xa;	at com.kms.katalon.core.main.ScriptEngine.run(ScriptEngine.java:194)&#xa;	at com.kms.katalon.core.main.ScriptEngine.runScriptAsRawText(ScriptEngine.java:119)&#xa;	at com.kms.katalon.core.main.TestCaseExecutor.runScript(TestCaseExecutor.java:448)&#xa;	at com.kms.katalon.core.main.TestCaseExecutor.doExecute(TestCaseExecutor.java:439)&#xa;	at com.kms.katalon.core.main.TestCaseExecutor.processExecutionPhase(TestCaseExecutor.java:418)&#xa;	at com.kms.katalon.core.main.TestCaseExecutor.accessMainPhase(TestCaseExecutor.java:410)&#xa;	at com.kms.katalon.core.main.TestCaseExecutor.execute(TestCaseExecutor.java:285)&#xa;	at com.kms.katalon.core.common.CommonExecutor.accessTestCaseMainPhase(CommonExecutor.java:65)&#xa;	at com.kms.katalon.core.main.TestSuiteExecutor.accessTestSuiteMainPhase(TestSuiteExecutor.java:150)&#xa;	at com.kms.katalon.core.main.TestSuiteExecutor.execute(TestSuiteExecutor.java:106)&#xa;	at com.kms.katalon.core.main.TestCaseMain.startTestSuite(TestCaseMain.java:180)&#xa;	at com.kms.katalon.core.main.TestCaseMain$startTestSuite$0.call(Unknown Source)&#xa;	at TempTestSuite1761090740538.run(TempTestSuite1761090740538.groovy:35)&#xa;	at java.base/jdk.internal.reflect.NativeMethodAccessorImpl.invoke0(Native Method)&#xa;	at java.base/jdk.internal.reflect.NativeMethodAccessorImpl.invoke(NativeMethodAccessorImpl.java:77)&#xa;	at java.base/jdk.internal.reflect.DelegatingMethodAccessorImpl.invoke(DelegatingMethodAccessorImpl.java:43)&#xa;Caused by: com.kms.katalon.core.webui.exception.WebElementNotFoundException: Web element with id: 'Object Repository/FIM 1.2/Companies Page/Edit_btn' located by '/html/body/div/div[2]/div/div/div[1]/div[3]/div/div/table/tbody/tr/td[3]/button[1]' not found&#xa;	at com.kms.katalon.core.webui.common.WebUiCommonHelper.findWebElement(WebUiCommonHelper.java:1423)&#xa;	at com.kms.katalon.core.webui.keyword.internal.WebUIAbstractKeyword.findWebElement(WebUIAbstractKeyword.groovy:27)&#xa;	at com.kms.katalon.core.webui.keyword.builtin.ClickKeyword$_click_closure1.doCall(ClickKeyword.groovy:65)&#xa;	at com.kms.katalon.core.webui.keyword.builtin.ClickKeyword$_click_closure1.call(ClickKeyword.groovy)&#xa;	at com.kms.katalon.core.webui.keyword.internal.WebUIKeywordMain.runKeyword(WebUIKeywordMain.groovy:35)&#xa;	... 22 more&#xa;"/>
         <system-out><![CDATA[21-10-2025T19:58:10 - [TEST_CASE][FAILED] - Test Cases/FIM/UI/KGL/Admin/Company/Can Not Update Company UniqueId With Special Chars: Test Cases/FIM/UI/KGL/Admin/Company/Can Not Update Company UniqueId With Special Chars FAILED.
Reason:
com.kms.katalon.core.exception.StepFailedException: Unable to click on object 'Object Repository/FIM 1.2/Companies Page/Edit_btn'
	at com.kms.katalon.core.webui.keyword.internal.WebUIKeywordMain.stepFailed(WebUIKeywordMain.groovy:117)
	at com.kms.katalon.core.webui.keyword.internal.WebUIKeywordMain.runKeyword(WebUIKeywordMain.groovy:43)
	at com.kms.katalon.core.webui.keyword.builtin.ClickKeyword.click(ClickKeyword.groovy:74)
	at com.kms.katalon.core.webui.keyword.builtin.ClickKeyword.execute(ClickKeyword.groovy:40)
	at com.kms.katalon.core.keyword.internal.KeywordExecutor.executeKeywordForPlatform(KeywordExecutor.groovy:74)
	at com.kms.katalon.core.webui.keyword.WebUiBuiltInKeywords.click(WebUiBuiltInKeywords.groovy:659)
	at com.kms.katalon.core.webui.keyword.WebUiBuiltInKeywords$click$4.call(Unknown Source)
	at Can Not Update Company UniqueId With Special Chars.run(Can Not Update Company UniqueId With Special Chars:47)
	at com.kms.katalon.core.main.ScriptEngine.run(ScriptEngine.java:194)
	at com.kms.katalon.core.main.ScriptEngine.runScriptAsRawText(ScriptEngine.java:119)
	at com.kms.katalon.core.main.TestCaseExecutor.runScript(TestCaseExecutor.java:448)
	at com.kms.katalon.core.main.TestCaseExecutor.doExecute(TestCaseExecutor.java:439)
	at com.kms.katalon.core.main.TestCaseExecutor.processExecutionPhase(TestCaseExecutor.java:418)
	at com.kms.katalon.core.main.TestCaseExecutor.accessMainPhase(TestCaseExecutor.java:410)
	at com.kms.katalon.core.main.TestCaseExecutor.execute(TestCaseExecutor.java:285)
	at com.kms.katalon.core.common.CommonExecutor.accessTestCaseMainPhase(CommonExecutor.java:65)
	at com.kms.katalon.core.main.TestSuiteExecutor.accessTestSuiteMainPhase(TestSuiteExecutor.java:150)
	at com.kms.katalon.core.main.TestSuiteExecutor.execute(TestSuiteExecutor.java:106)
	at com.kms.katalon.core.main.TestCaseMain.startTestSuite(TestCaseMain.java:180)
	at com.kms.katalon.core.main.TestCaseMain$startTestSuite$0.call(Unknown Source)
	at TempTestSuite1761090740538.run(TempTestSuite1761090740538.groovy:35)
	at java.base/jdk.internal.reflect.NativeMethodAccessorImpl.invoke0(Native Method)
	at java.base/jdk.internal.reflect.NativeMethodAccessorImpl.invoke(NativeMethodAccessorImpl.java:77)
	at java.base/jdk.internal.reflect.DelegatingMethodAccessorImpl.invoke(DelegatingMethodAccessorImpl.java:43)
Caused by: com.kms.katalon.core.webui.exception.WebElementNotFoundException: Web element with id: 'Object Repository/FIM 1.2/Companies Page/Edit_btn' located by '/html/body/div/div[2]/div/div/div[1]/div[3]/div/div/table/tbody/tr/td[3]/button[1]' not found
	at com.kms.katalon.core.webui.common.WebUiCommonHelper.findWebElement(WebUiCommonHelper.java:1423)
	at com.kms.katalon.core.webui.keyword.internal.WebUIAbstractKeyword.findWebElement(WebUIAbstractKeyword.groovy:27)
	at com.kms.katalon.core.webui.keyword.builtin.ClickKeyword$_click_closure1.doCall(ClickKeyword.groovy:65)
	at com.kms.katalon.core.webui.keyword.builtin.ClickKeyword$_click_closure1.call(ClickKeyword.groovy)
	at com.kms.katalon.core.webui.keyword.internal.WebUIKeywordMain.runKeyword(WebUIKeywordMain.groovy:35)
	... 22 more


21-10-2025T19:58:10 - [TEST_STEP][PASSED] - Start listener action : beforeTestCase: null

21-10-2025T19:58:10 - [TEST_STEP][PASSED] - addDefaultPackages(): null

21-10-2025T19:58:10 - [TEST_STEP][PASSED] - callTestCase(findTestCase("Utility Scripts/FIM KGL Admin Login"), [:], STOP_ON_FAILURE): Call Test Case 'Test Cases/Utility Scripts/FIM KGL Admin Login' successfully

21-10-2025T19:58:10 - [TEST_CASE][PASSED] - Test Cases/Utility Scripts/FIM KGL Admin Login: Test Cases/Utility Scripts/FIM KGL Admin Login

21-10-2025T19:58:10 - [TEST_STEP][PASSED] - openBrowser(""): Browser is opened with url: ''

21-10-2025T19:58:10 - [MESSAGE][WARNING] - A browser is already opened. Closing browser and opening a new one

21-10-2025T19:58:10 - [MESSAGE][INFO] - Starting 'Chrome' driver

21-10-2025T19:58:10 - [MESSAGE][INFO] - User set preference: ['args', '[--no-sandbox, --disable-gpu, --disable-dev-shm-usage]']

21-10-2025T19:58:10 - [MESSAGE][INFO] - Action delay is set to 0 milliseconds

21-10-2025T19:58:11 - [MESSAGE][PASSED] - Browser is opened with url: ''

21-10-2025T19:58:11 - [TEST_STEP][PASSED] - delay(1): Delayed 1 second(s)

21-10-2025T19:58:12 - [MESSAGE][PASSED] - Delayed 1 second(s)

21-10-2025T19:58:12 - [TEST_STEP][PASSED] - navigateToUrl(KGLCustomGroupUrl): Navigate to 'https://kaglogistics-inventory-management-portal.qa.thekag.com/custom-group/' successfully

21-10-2025T19:58:13 - [MESSAGE][PASSED] - Navigate to 'https://kaglogistics-inventory-management-portal.qa.thekag.com/custom-group/' successfully

21-10-2025T19:58:13 - [TEST_STEP][PASSED] - delay(10): Delayed 10 second(s)

21-10-2025T19:58:23 - [MESSAGE][PASSED] - Delayed 10 second(s)

21-10-2025T19:58:23 - [TEST_STEP][PASSED] - if (maximizeWindow == true): Delayed 1 second(s)

21-10-2025T19:58:23 - [TEST_STEP][PASSED] - maximizeWindow(STOP_ON_FAILURE): Current window maximized

21-10-2025T19:58:23 - [MESSAGE][PASSED] - Current window maximized

21-10-2025T19:58:23 - [TEST_STEP][PASSED] - delay(1): Delayed 1 second(s)

21-10-2025T19:58:24 - [MESSAGE][PASSED] - Delayed 1 second(s)

21-10-2025T19:58:24 - [TEST_STEP][PASSED] - waitForElementPresent(findTestObject("FIM/Username_txt"), 10): Object 'Object Repository/FIM/Username_txt' is present

21-10-2025T19:58:24 - [MESSAGE][PASSED] - Object 'Object Repository/FIM/Username_txt' is present

21-10-2025T19:58:24 - [TEST_STEP][PASSED] - setText(findTestObject("FIM/Username_txt"), FIMUsername): Text 'Chris.Sheldon+DES_QA@Thekag.com' is set on object 'Object Repository/FIM/Username_txt'

21-10-2025T19:58:24 - [MESSAGE][PASSED] - Text 'Chris.Sheldon+DES_QA@Thekag.com' is set on object 'Object Repository/FIM/Username_txt'

21-10-2025T19:58:24 - [TEST_STEP][PASSED] - delay(1): Delayed 1 second(s)

21-10-2025T19:58:25 - [MESSAGE][PASSED] - Delayed 1 second(s)

21-10-2025T19:58:25 - [TEST_STEP][PASSED] - setText(findTestObject("FIM/Password_txt"), FIMPassword): Text 'QATest!2' is set on object 'Object Repository/FIM/Password_txt'

21-10-2025T19:58:25 - [MESSAGE][PASSED] - Text 'QATest!2' is set on object 'Object Repository/FIM/Password_txt'

21-10-2025T19:58:25 - [TEST_STEP][PASSED] - delay(1): Delayed 1 second(s)

21-10-2025T19:58:26 - [MESSAGE][PASSED] - Delayed 1 second(s)

21-10-2025T19:58:26 - [TEST_STEP][PASSED] - click(findTestObject("FIM/Login_btn")): Object: 'Object Repository/FIM/Login_btn' is clicked on

21-10-2025T19:58:26 - [MESSAGE][PASSED] - Object: 'Object Repository/FIM/Login_btn' is clicked on

21-10-2025T19:58:26 - [MESSAGE][PASSED] - Call Test Case 'Test Cases/Utility Scripts/FIM KGL Admin Login' successfully

21-10-2025T19:58:26 - [TEST_STEP][PASSED] - waitForElementClickable(findTestObject("FIM 1.2/Hamburger Menu List/Hamburger_menu"), 30): Object 'Object Repository/FIM 1.2/Hamburger Menu List/Hamburger_menu' is clickable

21-10-2025T19:58:26 - [MESSAGE][PASSED] - Object 'Object Repository/FIM 1.2/Hamburger Menu List/Hamburger_menu' is clickable

21-10-2025T19:58:26 - [TEST_STEP][PASSED] - if (verifyElementVisible(findTestObject("FIM/Server_Notification_Close_btn"), OPTIONAL) == true): Web element with id: 'Object Repository/FIM/Server_Notification_Close_btn' located by '/html/body/div/div[1]/button' not found (Root cause: com.kms.katalon.core.exception.StepFailedException: Web element with id: 'Object Repository/FIM/Server_Notification_Close_btn' located by '/html/body/div/div[1]/button' not found
	at com.kms.katalon.core.webui.keyword.internal.WebUIKeywordMain.stepFailed(WebUIKeywordMain.groovy:117)
	at com.kms.katalon.core.webui.keyword.builtin.VerifyElementVisibleKeyword$_verifyElementVisible_closure1.doCall(VerifyElementVisibleKeyword.groovy:89)
	at com.kms.katalon.core.webui.keyword.builtin.VerifyElementVisibleKeyword$_verifyElementVisible_closure1.call(VerifyElementVisibleKeyword.groovy)
	at com.kms.katalon.core.webui.keyword.internal.WebUIKeywordMain.runKeyword(WebUIKeywordMain.groovy:35)
	at com.kms.katalon.core.webui.keyword.builtin.VerifyElementVisibleKeyword.verifyElementVisible(VerifyElementVisibleKeyword.groovy:97)
	at com.kms.katalon.core.webui.keyword.builtin.VerifyElementVisibleKeyword.execute(VerifyElementVisibleKeyword.groovy:67)
	at com.kms.katalon.core.keyword.internal.KeywordExecutor.executeKeywordForPlatform(KeywordExecutor.groovy:74)
	at com.kms.katalon.core.webui.keyword.WebUiBuiltInKeywords.verifyElementVisible(WebUiBuiltInKeywords.groovy:401)
	at com.kms.katalon.core.webui.keyword.WebUiBuiltInKeywords$verifyElementVisible$6.call(Unknown Source)
	at Can Not Update Company UniqueId With Special Chars.run(Can Not Update Company UniqueId With Special Chars:24)
	at com.kms.katalon.core.main.ScriptEngine.run(ScriptEngine.java:194)
	at com.kms.katalon.core.main.ScriptEngine.runScriptAsRawText(ScriptEngine.java:119)
	at com.kms.katalon.core.main.TestCaseExecutor.runScript(TestCaseExecutor.java:448)
	at com.kms.katalon.core.main.TestCaseExecutor.doExecute(TestCaseExecutor.java:439)
	at com.kms.katalon.core.main.TestCaseExecutor.processExecutionPhase(TestCaseExecutor.java:418)
	at com.kms.katalon.core.main.TestCaseExecutor.accessMainPhase(TestCaseExecutor.java:410)
	at com.kms.katalon.core.main.TestCaseExecutor.execute(TestCaseExecutor.java:285)
	at com.kms.katalon.core.common.CommonExecutor.accessTestCaseMainPhase(CommonExecutor.java:65)
	at com.kms.katalon.core.main.TestSuiteExecutor.accessTestSuiteMainPhase(TestSuiteExecutor.java:150)
	at com.kms.katalon.core.main.TestSuiteExecutor.execute(TestSuiteExecutor.java:106)
	at com.kms.katalon.core.main.TestCaseMain.startTestSuite(TestCaseMain.java:180)
	at com.kms.katalon.core.main.TestCaseMain$startTestSuite$0.call(Unknown Source)
	at TempTestSuite1761090740538.run(TempTestSuite1761090740538.groovy:35)
	at java.base/jdk.internal.reflect.NativeMethodAccessorImpl.invoke0(Native Method)
	at java.base/jdk.internal.reflect.NativeMethodAccessorImpl.invoke(NativeMethodAccessorImpl.java:77)
	at java.base/jdk.internal.reflect.DelegatingMethodAccessorImpl.invoke(DelegatingMethodAccessorImpl.java:43)
)

21-10-2025T19:58:42 - [MESSAGE][INFO] - Unable to find the element located by 'By.xpath: /html/body/div/div[1]/button'. Please recheck the objects properties to make sure the desired element is located. 

21-10-2025T19:58:42 - [MESSAGE][WARNING] - [SELF-HEALING] Failed to find element with id 'Object Repository/FIM/Server_Notification_Close_btn'. Try using Self-healing.

21-10-2025T19:58:43 - [MESSAGE][INFO] - [SELF-HEALING] No working XPath is found.

21-10-2025T19:58:45 - [MESSAGE][INFO] - Unable to find the element located by 'By.xpath: '. Please recheck the objects properties to make sure the desired element is located. 

21-10-2025T19:58:45 - [MESSAGE][WARNING] - [SELF-HEALING] Cannot find elements when the selector is null

21-10-2025T19:58:45 - [MESSAGE][WARNING] - Web element with id: 'Object Repository/FIM/Server_Notification_Close_btn' located by '/html/body/div/div[1]/button' not found (Root cause: com.kms.katalon.core.exception.StepFailedException: Web element with id: 'Object Repository/FIM/Server_Notification_Close_btn' located by '/html/body/div/div[1]/button' not found
	at com.kms.katalon.core.webui.keyword.internal.WebUIKeywordMain.stepFailed(WebUIKeywordMain.groovy:117)
	at com.kms.katalon.core.webui.keyword.builtin.VerifyElementVisibleKeyword$_verifyElementVisible_closure1.doCall(VerifyElementVisibleKeyword.groovy:89)
	at com.kms.katalon.core.webui.keyword.builtin.VerifyElementVisibleKeyword$_verifyElementVisible_closure1.call(VerifyElementVisibleKeyword.groovy)
	at com.kms.katalon.core.webui.keyword.internal.WebUIKeywordMain.runKeyword(WebUIKeywordMain.groovy:35)
	at com.kms.katalon.core.webui.keyword.builtin.VerifyElementVisibleKeyword.verifyElementVisible(VerifyElementVisibleKeyword.groovy:97)
	at com.kms.katalon.core.webui.keyword.builtin.VerifyElementVisibleKeyword.execute(VerifyElementVisibleKeyword.groovy:67)
	at com.kms.katalon.core.keyword.internal.KeywordExecutor.executeKeywordForPlatform(KeywordExecutor.groovy:74)
	at com.kms.katalon.core.webui.keyword.WebUiBuiltInKeywords.verifyElementVisible(WebUiBuiltInKeywords.groovy:401)
	at com.kms.katalon.core.webui.keyword.WebUiBuiltInKeywords$verifyElementVisible$6.call(Unknown Source)
	at Can Not Update Company UniqueId With Special Chars.run(Can Not Update Company UniqueId With Special Chars:24)
	at com.kms.katalon.core.main.ScriptEngine.run(ScriptEngine.java:194)
	at com.kms.katalon.core.main.ScriptEngine.runScriptAsRawText(ScriptEngine.java:119)
	at com.kms.katalon.core.main.TestCaseExecutor.runScript(TestCaseExecutor.java:448)
	at com.kms.katalon.core.main.TestCaseExecutor.doExecute(TestCaseExecutor.java:439)
	at com.kms.katalon.core.main.TestCaseExecutor.processExecutionPhase(TestCaseExecutor.java:418)
	at com.kms.katalon.core.main.TestCaseExecutor.accessMainPhase(TestCaseExecutor.java:410)
	at com.kms.katalon.core.main.TestCaseExecutor.execute(TestCaseExecutor.java:285)
	at com.kms.katalon.core.common.CommonExecutor.accessTestCaseMainPhase(CommonExecutor.java:65)
	at com.kms.katalon.core.main.TestSuiteExecutor.accessTestSuiteMainPhase(TestSuiteExecutor.java:150)
	at com.kms.katalon.core.main.TestSuiteExecutor.execute(TestSuiteExecutor.java:106)
	at com.kms.katalon.core.main.TestCaseMain.startTestSuite(TestCaseMain.java:180)
	at com.kms.katalon.core.main.TestCaseMain$startTestSuite$0.call(Unknown Source)
	at TempTestSuite1761090740538.run(TempTestSuite1761090740538.groovy:35)
	at java.base/jdk.internal.reflect.NativeMethodAccessorImpl.invoke0(Native Method)
	at java.base/jdk.internal.reflect.NativeMethodAccessorImpl.invoke(NativeMethodAccessorImpl.java:77)
	at java.base/jdk.internal.reflect.DelegatingMethodAccessorImpl.invoke(DelegatingMethodAccessorImpl.java:43)
)

21-10-2025T19:58:45 - [TEST_STEP][PASSED] - delay(1): Delayed 1 second(s)

21-10-2025T19:58:46 - [MESSAGE][PASSED] - Delayed 1 second(s)

21-10-2025T19:58:46 - [TEST_STEP][PASSED] - click(findTestObject("FIM/Hamburger Menu List/Hamburger_menu")): Object: 'Object Repository/FIM/Hamburger Menu List/Hamburger_menu' is clicked on

21-10-2025T19:58:47 - [MESSAGE][PASSED] - Object: 'Object Repository/FIM/Hamburger Menu List/Hamburger_menu' is clicked on

21-10-2025T19:58:47 - [TEST_STEP][PASSED] - delay(1): Delayed 1 second(s)

21-10-2025T19:58:48 - [MESSAGE][PASSED] - Delayed 1 second(s)

21-10-2025T19:58:48 - [TEST_STEP][PASSED] - click(findTestObject("Object Repository/FIM 1.2/Hamburger Menu List/Companies_list")): Object: 'Object Repository/FIM 1.2/Hamburger Menu List/Companies_list' is clicked on

21-10-2025T19:58:48 - [MESSAGE][PASSED] - Object: 'Object Repository/FIM 1.2/Hamburger Menu List/Companies_list' is clicked on

21-10-2025T19:58:48 - [TEST_STEP][PASSED] - delay(5): Delayed 5 second(s)

21-10-2025T19:58:53 - [MESSAGE][PASSED] - Delayed 5 second(s)

21-10-2025T19:58:53 - [TEST_STEP][PASSED] - if (verifyElementVisible(findTestObject("FIM/Existing Page with Pending Changes Close_btn"), OPTIONAL) == true): null

21-10-2025T19:58:53 - [MESSAGE][PASSED] - Object 'Object Repository/FIM/Existing Page with Pending Changes Close_btn' is visible

21-10-2025T19:58:53 - [TEST_STEP][PASSED] - click(findTestObject("FIM/Existing Page with Pending Changes Close_btn")): Object: 'Object Repository/FIM/Existing Page with Pending Changes Close_btn' is clicked on

21-10-2025T19:58:53 - [MESSAGE][PASSED] - Object: 'Object Repository/FIM/Existing Page with Pending Changes Close_btn' is clicked on

21-10-2025T19:58:53 - [TEST_STEP][PASSED] - sendKeys(findTestObject("FIM 1.2/Companies Page/Filter_input_txt"), "CBS"): Keys 'CBS' sent to object: 'Object Repository/FIM 1.2/Companies Page/Filter_input_txt'

21-10-2025T19:58:53 - [MESSAGE][PASSED] - Keys 'CBS' sent to object: 'Object Repository/FIM 1.2/Companies Page/Filter_input_txt'

21-10-2025T19:58:53 - [TEST_STEP][PASSED] - delay(1): Delayed 1 second(s)

21-10-2025T19:58:54 - [MESSAGE][PASSED] - Delayed 1 second(s)

21-10-2025T19:58:54 - [TEST_STEP][FAILED] - click(findTestObject("FIM 1.2/Companies Page/Edit_btn")): Unable to click on object 'Object Repository/FIM 1.2/Companies Page/Edit_btn' (Root cause: com.kms.katalon.core.exception.StepFailedException: Unable to click on object 'Object Repository/FIM 1.2/Companies Page/Edit_btn'
	at com.kms.katalon.core.webui.keyword.internal.WebUIKeywordMain.stepFailed(WebUIKeywordMain.groovy:117)
	at com.kms.katalon.core.webui.keyword.internal.WebUIKeywordMain.runKeyword(WebUIKeywordMain.groovy:43)
	at com.kms.katalon.core.webui.keyword.builtin.ClickKeyword.click(ClickKeyword.groovy:74)
	at com.kms.katalon.core.webui.keyword.builtin.ClickKeyword.execute(ClickKeyword.groovy:40)
	at com.kms.katalon.core.keyword.internal.KeywordExecutor.executeKeywordForPlatform(KeywordExecutor.groovy:74)
	at com.kms.katalon.core.webui.keyword.WebUiBuiltInKeywords.click(WebUiBuiltInKeywords.groovy:659)
	at com.kms.katalon.core.webui.keyword.WebUiBuiltInKeywords$click$4.call(Unknown Source)
	at Can Not Update Company UniqueId With Special Chars.run(Can Not Update Company UniqueId With Special Chars:47)
	at com.kms.katalon.core.main.ScriptEngine.run(ScriptEngine.java:194)
	at com.kms.katalon.core.main.ScriptEngine.runScriptAsRawText(ScriptEngine.java:119)
	at com.kms.katalon.core.main.TestCaseExecutor.runScript(TestCaseExecutor.java:448)
	at com.kms.katalon.core.main.TestCaseExecutor.doExecute(TestCaseExecutor.java:439)
	at com.kms.katalon.core.main.TestCaseExecutor.processExecutionPhase(TestCaseExecutor.java:418)
	at com.kms.katalon.core.main.TestCaseExecutor.accessMainPhase(TestCaseExecutor.java:410)
	at com.kms.katalon.core.main.TestCaseExecutor.execute(TestCaseExecutor.java:285)
	at com.kms.katalon.core.common.CommonExecutor.accessTestCaseMainPhase(CommonExecutor.java:65)
	at com.kms.katalon.core.main.TestSuiteExecutor.accessTestSuiteMainPhase(TestSuiteExecutor.java:150)
	at com.kms.katalon.core.main.TestSuiteExecutor.execute(TestSuiteExecutor.java:106)
	at com.kms.katalon.core.main.TestCaseMain.startTestSuite(TestCaseMain.java:180)
	at com.kms.katalon.core.main.TestCaseMain$startTestSuite$0.call(Unknown Source)
	at TempTestSuite1761090740538.run(TempTestSuite1761090740538.groovy:35)
	at java.base/jdk.internal.reflect.NativeMethodAccessorImpl.invoke0(Native Method)
	at java.base/jdk.internal.reflect.NativeMethodAccessorImpl.invoke(NativeMethodAccessorImpl.java:77)
	at java.base/jdk.internal.reflect.DelegatingMethodAccessorImpl.invoke(DelegatingMethodAccessorImpl.java:43)
Caused by: com.kms.katalon.core.webui.exception.WebElementNotFoundException: Web element with id: 'Object Repository/FIM 1.2/Companies Page/Edit_btn' located by '/html/body/div/div[2]/div/div/div[1]/div[3]/div/div/table/tbody/tr/td[3]/button[1]' not found
	at com.kms.katalon.core.webui.common.WebUiCommonHelper.findWebElement(WebUiCommonHelper.java:1423)
	at com.kms.katalon.core.webui.keyword.internal.WebUIAbstractKeyword.findWebElement(WebUIAbstractKeyword.groovy:27)
	at com.kms.katalon.core.webui.keyword.builtin.ClickKeyword$_click_closure1.doCall(ClickKeyword.groovy:65)
	at com.kms.katalon.core.webui.keyword.builtin.ClickKeyword$_click_closure1.call(ClickKeyword.groovy)
	at com.kms.katalon.core.webui.keyword.internal.WebUIKeywordMain.runKeyword(WebUIKeywordMain.groovy:35)
	at com.kms.katalon.core.webui.keyword.builtin.ClickKeyword.click(ClickKeyword.groovy:74)
	at com.kms.katalon.core.webui.keyword.builtin.ClickKeyword.execute(ClickKeyword.groovy:40)
	at com.kms.katalon.core.keyword.internal.KeywordExecutor.executeKeywordForPlatform(KeywordExecutor.groovy:74)
	at com.kms.katalon.core.webui.keyword.WebUiBuiltInKeywords.click(WebUiBuiltInKeywords.groovy:659)
	at com.kms.katalon.core.webui.keyword.WebUiBuiltInKeywords$click$4.call(Unknown Source)
	at Script1705350999313.run(Script1705350999313.groovy:47)
	... 16 more
)

21-10-2025T19:59:10 - [MESSAGE][INFO] - Unable to find the element located by 'By.xpath: /html/body/div/div[2]/div/div/div[1]/div[3]/div/div/table/tbody/tr/td[3]/button[1]'. Please recheck the objects properties to make sure the desired element is located. 

21-10-2025T19:59:10 - [MESSAGE][WARNING] - [SELF-HEALING] Failed to find element with id 'Object Repository/FIM 1.2/Companies Page/Edit_btn'. Try using Self-healing.

21-10-2025T19:59:11 - [MESSAGE][INFO] - [SELF-HEALING] No working XPath is found.

21-10-2025T19:59:13 - [MESSAGE][INFO] - Unable to find the element located by 'By.xpath: '. Please recheck the objects properties to make sure the desired element is located. 

21-10-2025T19:59:13 - [MESSAGE][WARNING] - [SELF-HEALING] Cannot find elements when the selector is null

21-10-2025T19:59:13 - [MESSAGE][FAILED] - Unable to click on object 'Object Repository/FIM 1.2/Companies Page/Edit_btn' (Root cause: com.kms.katalon.core.exception.StepFailedException: Unable to click on object 'Object Repository/FIM 1.2/Companies Page/Edit_btn'
	at com.kms.katalon.core.webui.keyword.internal.WebUIKeywordMain.stepFailed(WebUIKeywordMain.groovy:117)
	at com.kms.katalon.core.webui.keyword.internal.WebUIKeywordMain.runKeyword(WebUIKeywordMain.groovy:43)
	at com.kms.katalon.core.webui.keyword.builtin.ClickKeyword.click(ClickKeyword.groovy:74)
	at com.kms.katalon.core.webui.keyword.builtin.ClickKeyword.execute(ClickKeyword.groovy:40)
	at com.kms.katalon.core.keyword.internal.KeywordExecutor.executeKeywordForPlatform(KeywordExecutor.groovy:74)
	at com.kms.katalon.core.webui.keyword.WebUiBuiltInKeywords.click(WebUiBuiltInKeywords.groovy:659)
	at com.kms.katalon.core.webui.keyword.WebUiBuiltInKeywords$click$4.call(Unknown Source)
	at Can Not Update Company UniqueId With Special Chars.run(Can Not Update Company UniqueId With Special Chars:47)
	at com.kms.katalon.core.main.ScriptEngine.run(ScriptEngine.java:194)
	at com.kms.katalon.core.main.ScriptEngine.runScriptAsRawText(ScriptEngine.java:119)
	at com.kms.katalon.core.main.TestCaseExecutor.runScript(TestCaseExecutor.java:448)
	at com.kms.katalon.core.main.TestCaseExecutor.doExecute(TestCaseExecutor.java:439)
	at com.kms.katalon.core.main.TestCaseExecutor.processExecutionPhase(TestCaseExecutor.java:418)
	at com.kms.katalon.core.main.TestCaseExecutor.accessMainPhase(TestCaseExecutor.java:410)
	at com.kms.katalon.core.main.TestCaseExecutor.execute(TestCaseExecutor.java:285)
	at com.kms.katalon.core.common.CommonExecutor.accessTestCaseMainPhase(CommonExecutor.java:65)
	at com.kms.katalon.core.main.TestSuiteExecutor.accessTestSuiteMainPhase(TestSuiteExecutor.java:150)
	at com.kms.katalon.core.main.TestSuiteExecutor.execute(TestSuiteExecutor.java:106)
	at com.kms.katalon.core.main.TestCaseMain.startTestSuite(TestCaseMain.java:180)
	at com.kms.katalon.core.main.TestCaseMain$startTestSuite$0.call(Unknown Source)
	at TempTestSuite1761090740538.run(TempTestSuite1761090740538.groovy:35)
	at java.base/jdk.internal.reflect.NativeMethodAccessorImpl.invoke0(Native Method)
	at java.base/jdk.internal.reflect.NativeMethodAccessorImpl.invoke(NativeMethodAccessorImpl.java:77)
	at java.base/jdk.internal.reflect.DelegatingMethodAccessorImpl.invoke(DelegatingMethodAccessorImpl.java:43)
Caused by: com.kms.katalon.core.webui.exception.WebElementNotFoundException: Web element with id: 'Object Repository/FIM 1.2/Companies Page/Edit_btn' located by '/html/body/div/div[2]/div/div/div[1]/div[3]/div/div/table/tbody/tr/td[3]/button[1]' not found
	at com.kms.katalon.core.webui.common.WebUiCommonHelper.findWebElement(WebUiCommonHelper.java:1423)
	at com.kms.katalon.core.webui.keyword.internal.WebUIAbstractKeyword.findWebElement(WebUIAbstractKeyword.groovy:27)
	at com.kms.katalon.core.webui.keyword.builtin.ClickKeyword$_click_closure1.doCall(ClickKeyword.groovy:65)
	at com.kms.katalon.core.webui.keyword.builtin.ClickKeyword$_click_closure1.call(ClickKeyword.groovy)
	at com.kms.katalon.core.webui.keyword.internal.WebUIKeywordMain.runKeyword(WebUIKeywordMain.groovy:35)
	at com.kms.katalon.core.webui.keyword.builtin.ClickKeyword.click(ClickKeyword.groovy:74)
	at com.kms.katalon.core.webui.keyword.builtin.ClickKeyword.execute(ClickKeyword.groovy:40)
	at com.kms.katalon.core.keyword.internal.KeywordExecutor.executeKeywordForPlatform(KeywordExecutor.groovy:74)
	at com.kms.katalon.core.webui.keyword.WebUiBuiltInKeywords.click(WebUiBuiltInKeywords.groovy:659)
	at com.kms.katalon.core.webui.keyword.WebUiBuiltInKeywords$click$4.call(Unknown Source)
	at Script1705350999313.run(Script1705350999313.groovy:47)
	... 16 more
)

21-10-2025T19:59:13 - [TEST_STEP][PASSED] - Start listener action : retryOnDisconnect: Current window's url is: 'https://kaglogistics-inventory-management-portal.qa.thekag.com/companies/'

21-10-2025T19:59:13 - [TEST_STEP][PASSED] - tcId = testCaseContext.getTestCaseId(): null

21-10-2025T19:59:13 - [TEST_STEP][PASSED] - currentRetry = retryCounts.getOrDefault(tcId, 0): null

21-10-2025T19:59:13 - [TEST_STEP][PASSED] - if (testCaseContext.getTestCaseStatus() == "FAILED" && currentRetry < MAX_RETRIES): Current window's url is: 'https://kaglogistics-inventory-management-portal.qa.thekag.com/companies/'

21-10-2025T19:59:13 - [TEST_STEP][PASSED] - try: Current window's url is: 'https://kaglogistics-inventory-management-portal.qa.thekag.com/companies/'

21-10-2025T19:59:13 - [TEST_STEP][PASSED] - comment(Checking for WebDriver disconnect for test case: $tcId): Checking for WebDriver disconnect for test case: Test Cases/FIM/UI/KGL/Admin/Company/Can Not Update Company UniqueId With Special Chars

21-10-2025T19:59:13 - [MESSAGE][INFO] - Checking for WebDriver disconnect for test case: Test Cases/FIM/UI/KGL/Admin/Company/Can Not Update Company UniqueId With Special Chars

21-10-2025T19:59:13 - [TEST_STEP][PASSED] - getUrl(): Current window's url is: 'https://kaglogistics-inventory-management-portal.qa.thekag.com/companies/'

21-10-2025T19:59:13 - [MESSAGE][PASSED] - Current window's url is: 'https://kaglogistics-inventory-management-portal.qa.thekag.com/companies/']]></system-out>
         <system-err><![CDATA[21-10-2025T19:58:10 - [TEST_CASE][FAILED] - Test Cases/FIM/UI/KGL/Admin/Company/Can Not Update Company UniqueId With Special Chars: Test Cases/FIM/UI/KGL/Admin/Company/Can Not Update Company UniqueId With Special Chars FAILED.
Reason:
com.kms.katalon.core.exception.StepFailedException: Unable to click on object 'Object Repository/FIM 1.2/Companies Page/Edit_btn'
	at com.kms.katalon.core.webui.keyword.internal.WebUIKeywordMain.stepFailed(WebUIKeywordMain.groovy:117)
	at com.kms.katalon.core.webui.keyword.internal.WebUIKeywordMain.runKeyword(WebUIKeywordMain.groovy:43)
	at com.kms.katalon.core.webui.keyword.builtin.ClickKeyword.click(ClickKeyword.groovy:74)
	at com.kms.katalon.core.webui.keyword.builtin.ClickKeyword.execute(ClickKeyword.groovy:40)
	at com.kms.katalon.core.keyword.internal.KeywordExecutor.executeKeywordForPlatform(KeywordExecutor.groovy:74)
	at com.kms.katalon.core.webui.keyword.WebUiBuiltInKeywords.click(WebUiBuiltInKeywords.groovy:659)
	at com.kms.katalon.core.webui.keyword.WebUiBuiltInKeywords$click$4.call(Unknown Source)
	at Can Not Update Company UniqueId With Special Chars.run(Can Not Update Company UniqueId With Special Chars:47)
	at com.kms.katalon.core.main.ScriptEngine.run(ScriptEngine.java:194)
	at com.kms.katalon.core.main.ScriptEngine.runScriptAsRawText(ScriptEngine.java:119)
	at com.kms.katalon.core.main.TestCaseExecutor.runScript(TestCaseExecutor.java:448)
	at com.kms.katalon.core.main.TestCaseExecutor.doExecute(TestCaseExecutor.java:439)
	at com.kms.katalon.core.main.TestCaseExecutor.processExecutionPhase(TestCaseExecutor.java:418)
	at com.kms.katalon.core.main.TestCaseExecutor.accessMainPhase(TestCaseExecutor.java:410)
	at com.kms.katalon.core.main.TestCaseExecutor.execute(TestCaseExecutor.java:285)
	at com.kms.katalon.core.common.CommonExecutor.accessTestCaseMainPhase(CommonExecutor.java:65)
	at com.kms.katalon.core.main.TestSuiteExecutor.accessTestSuiteMainPhase(TestSuiteExecutor.java:150)
	at com.kms.katalon.core.main.TestSuiteExecutor.execute(TestSuiteExecutor.java:106)
	at com.kms.katalon.core.main.TestCaseMain.startTestSuite(TestCaseMain.java:180)
	at com.kms.katalon.core.main.TestCaseMain$startTestSuite$0.call(Unknown Source)
	at TempTestSuite1761090740538.run(TempTestSuite1761090740538.groovy:35)
	at java.base/jdk.internal.reflect.NativeMethodAccessorImpl.invoke0(Native Method)
	at java.base/jdk.internal.reflect.NativeMethodAccessorImpl.invoke(NativeMethodAccessorImpl.java:77)
	at java.base/jdk.internal.reflect.DelegatingMethodAccessorImpl.invoke(DelegatingMethodAccessorImpl.java:43)
Caused by: com.kms.katalon.core.webui.exception.WebElementNotFoundException: Web element with id: 'Object Repository/FIM 1.2/Companies Page/Edit_btn' located by '/html/body/div/div[2]/div/div/div[1]/div[3]/div/div/table/tbody/tr/td[3]/button[1]' not found
	at com.kms.katalon.core.webui.common.WebUiCommonHelper.findWebElement(WebUiCommonHelper.java:1423)
	at com.kms.katalon.core.webui.keyword.internal.WebUIAbstractKeyword.findWebElement(WebUIAbstractKeyword.groovy:27)
	at com.kms.katalon.core.webui.keyword.builtin.ClickKeyword$_click_closure1.doCall(ClickKeyword.groovy:65)
	at com.kms.katalon.core.webui.keyword.builtin.ClickKeyword$_click_closure1.call(ClickKeyword.groovy)
	at com.kms.katalon.core.webui.keyword.internal.WebUIKeywordMain.runKeyword(WebUIKeywordMain.groovy:35)
	... 22 more]]></system-err>
      </testcase>
      <testcase name="Test Cases/FIM/UI/KGL/Admin/Company/Cancelling a Company - Creating" time="47.891" classname="Test Cases/FIM/UI/KGL/Admin/Company/Cancelling a Company - Creating" status="PASSED">
         <system-out><![CDATA[21-10-2025T19:59:13 - [TEST_CASE][PASSED] - Test Cases/FIM/UI/KGL/Admin/Company/Cancelling a Company - Creating: Test Cases/FIM/UI/KGL/Admin/Company/Cancelling a Company - Creating

21-10-2025T19:59:13 - [TEST_STEP][PASSED] - Start listener action : beforeTestCase: null

21-10-2025T19:59:13 - [TEST_STEP][PASSED] - addDefaultPackages(): null

21-10-2025T19:59:13 - [TEST_STEP][PASSED] - callTestCase(findTestCase("Utility Scripts/FIM KGL Admin Login"), [:], STOP_ON_FAILURE): Call Test Case 'Test Cases/Utility Scripts/FIM KGL Admin Login' successfully

21-10-2025T19:59:13 - [TEST_CASE][PASSED] - Test Cases/Utility Scripts/FIM KGL Admin Login: Test Cases/Utility Scripts/FIM KGL Admin Login

21-10-2025T19:59:13 - [TEST_STEP][PASSED] - openBrowser(""): Browser is opened with url: ''

21-10-2025T19:59:13 - [MESSAGE][WARNING] - A browser is already opened. Closing browser and opening a new one

21-10-2025T19:59:13 - [MESSAGE][INFO] - Starting 'Chrome' driver

21-10-2025T19:59:13 - [MESSAGE][INFO] - User set preference: ['args', '[--no-sandbox, --disable-gpu, --disable-dev-shm-usage]']

21-10-2025T19:59:13 - [MESSAGE][INFO] - Action delay is set to 0 milliseconds

21-10-2025T19:59:14 - [MESSAGE][PASSED] - Browser is opened with url: ''

21-10-2025T19:59:14 - [TEST_STEP][PASSED] - delay(1): Delayed 1 second(s)

21-10-2025T19:59:15 - [MESSAGE][PASSED] - Delayed 1 second(s)

21-10-2025T19:59:15 - [TEST_STEP][PASSED] - navigateToUrl(KGLCustomGroupUrl): Navigate to 'https://kaglogistics-inventory-management-portal.qa.thekag.com/custom-group/' successfully

21-10-2025T19:59:16 - [MESSAGE][PASSED] - Navigate to 'https://kaglogistics-inventory-management-portal.qa.thekag.com/custom-group/' successfully

21-10-2025T19:59:16 - [TEST_STEP][PASSED] - delay(10): Delayed 10 second(s)

21-10-2025T19:59:26 - [MESSAGE][PASSED] - Delayed 10 second(s)

21-10-2025T19:59:26 - [TEST_STEP][PASSED] - if (maximizeWindow == true): Delayed 1 second(s)

21-10-2025T19:59:26 - [TEST_STEP][PASSED] - maximizeWindow(STOP_ON_FAILURE): Current window maximized

21-10-2025T19:59:26 - [MESSAGE][PASSED] - Current window maximized

21-10-2025T19:59:26 - [TEST_STEP][PASSED] - delay(1): Delayed 1 second(s)

21-10-2025T19:59:27 - [MESSAGE][PASSED] - Delayed 1 second(s)

21-10-2025T19:59:27 - [TEST_STEP][PASSED] - waitForElementPresent(findTestObject("FIM/Username_txt"), 10): Object 'Object Repository/FIM/Username_txt' is present

21-10-2025T19:59:27 - [MESSAGE][PASSED] - Object 'Object Repository/FIM/Username_txt' is present

21-10-2025T19:59:27 - [TEST_STEP][PASSED] - setText(findTestObject("FIM/Username_txt"), FIMUsername): Text 'Chris.Sheldon+DES_QA@Thekag.com' is set on object 'Object Repository/FIM/Username_txt'

21-10-2025T19:59:27 - [MESSAGE][PASSED] - Text 'Chris.Sheldon+DES_QA@Thekag.com' is set on object 'Object Repository/FIM/Username_txt'

21-10-2025T19:59:27 - [TEST_STEP][PASSED] - delay(1): Delayed 1 second(s)

21-10-2025T19:59:28 - [MESSAGE][PASSED] - Delayed 1 second(s)

21-10-2025T19:59:28 - [TEST_STEP][PASSED] - setText(findTestObject("FIM/Password_txt"), FIMPassword): Text 'QATest!2' is set on object 'Object Repository/FIM/Password_txt'

21-10-2025T19:59:28 - [MESSAGE][PASSED] - Text 'QATest!2' is set on object 'Object Repository/FIM/Password_txt'

21-10-2025T19:59:28 - [TEST_STEP][PASSED] - delay(1): Delayed 1 second(s)

21-10-2025T19:59:29 - [MESSAGE][PASSED] - Delayed 1 second(s)

21-10-2025T19:59:29 - [TEST_STEP][PASSED] - click(findTestObject("FIM/Login_btn")): Object: 'Object Repository/FIM/Login_btn' is clicked on

21-10-2025T19:59:29 - [MESSAGE][PASSED] - Object: 'Object Repository/FIM/Login_btn' is clicked on

21-10-2025T19:59:29 - [MESSAGE][PASSED] - Call Test Case 'Test Cases/Utility Scripts/FIM KGL Admin Login' successfully

21-10-2025T19:59:29 - [TEST_STEP][PASSED] - waitForElementClickable(findTestObject("FIM 1.2/Hamburger Menu List/Hamburger_menu"), 30): Object 'Object Repository/FIM 1.2/Hamburger Menu List/Hamburger_menu' is clickable

21-10-2025T19:59:29 - [MESSAGE][PASSED] - Object 'Object Repository/FIM 1.2/Hamburger Menu List/Hamburger_menu' is clickable

21-10-2025T19:59:29 - [TEST_STEP][PASSED] - if (verifyElementVisible(findTestObject("FIM/Server_Notification_Close_btn"), OPTIONAL) == true): Web element with id: 'Object Repository/FIM/Server_Notification_Close_btn' located by '/html/body/div/div[1]/button' not found (Root cause: com.kms.katalon.core.exception.StepFailedException: Web element with id: 'Object Repository/FIM/Server_Notification_Close_btn' located by '/html/body/div/div[1]/button' not found
	at com.kms.katalon.core.webui.keyword.internal.WebUIKeywordMain.stepFailed(WebUIKeywordMain.groovy:117)
	at com.kms.katalon.core.webui.keyword.builtin.VerifyElementVisibleKeyword$_verifyElementVisible_closure1.doCall(VerifyElementVisibleKeyword.groovy:89)
	at com.kms.katalon.core.webui.keyword.builtin.VerifyElementVisibleKeyword$_verifyElementVisible_closure1.call(VerifyElementVisibleKeyword.groovy)
	at com.kms.katalon.core.webui.keyword.internal.WebUIKeywordMain.runKeyword(WebUIKeywordMain.groovy:35)
	at com.kms.katalon.core.webui.keyword.builtin.VerifyElementVisibleKeyword.verifyElementVisible(VerifyElementVisibleKeyword.groovy:97)
	at com.kms.katalon.core.webui.keyword.builtin.VerifyElementVisibleKeyword.execute(VerifyElementVisibleKeyword.groovy:67)
	at com.kms.katalon.core.keyword.internal.KeywordExecutor.executeKeywordForPlatform(KeywordExecutor.groovy:74)
	at com.kms.katalon.core.webui.keyword.WebUiBuiltInKeywords.verifyElementVisible(WebUiBuiltInKeywords.groovy:401)
	at com.kms.katalon.core.webui.keyword.WebUiBuiltInKeywords$verifyElementVisible$6.call(Unknown Source)
	at Cancelling a Company - Creating.run(Cancelling a Company - Creating:24)
	at com.kms.katalon.core.main.ScriptEngine.run(ScriptEngine.java:194)
	at com.kms.katalon.core.main.ScriptEngine.runScriptAsRawText(ScriptEngine.java:119)
	at com.kms.katalon.core.main.TestCaseExecutor.runScript(TestCaseExecutor.java:448)
	at com.kms.katalon.core.main.TestCaseExecutor.doExecute(TestCaseExecutor.java:439)
	at com.kms.katalon.core.main.TestCaseExecutor.processExecutionPhase(TestCaseExecutor.java:418)
	at com.kms.katalon.core.main.TestCaseExecutor.accessMainPhase(TestCaseExecutor.java:410)
	at com.kms.katalon.core.main.TestCaseExecutor.execute(TestCaseExecutor.java:285)
	at com.kms.katalon.core.common.CommonExecutor.accessTestCaseMainPhase(CommonExecutor.java:65)
	at com.kms.katalon.core.main.TestSuiteExecutor.accessTestSuiteMainPhase(TestSuiteExecutor.java:150)
	at com.kms.katalon.core.main.TestSuiteExecutor.execute(TestSuiteExecutor.java:106)
	at com.kms.katalon.core.main.TestCaseMain.startTestSuite(TestCaseMain.java:180)
	at com.kms.katalon.core.main.TestCaseMain$startTestSuite$0.call(Unknown Source)
	at TempTestSuite1761090740538.run(TempTestSuite1761090740538.groovy:35)
	at java.base/jdk.internal.reflect.NativeMethodAccessorImpl.invoke0(Native Method)
	at java.base/jdk.internal.reflect.NativeMethodAccessorImpl.invoke(NativeMethodAccessorImpl.java:77)
	at java.base/jdk.internal.reflect.DelegatingMethodAccessorImpl.invoke(DelegatingMethodAccessorImpl.java:43)
)

21-10-2025T19:59:45 - [MESSAGE][INFO] - Unable to find the element located by 'By.xpath: /html/body/div/div[1]/button'. Please recheck the objects properties to make sure the desired element is located. 

21-10-2025T19:59:45 - [MESSAGE][WARNING] - [SELF-HEALING] Failed to find element with id 'Object Repository/FIM/Server_Notification_Close_btn'. Try using Self-healing.

21-10-2025T19:59:46 - [MESSAGE][INFO] - [SELF-HEALING] No working XPath is found.

21-10-2025T19:59:48 - [MESSAGE][INFO] - Unable to find the element located by 'By.xpath: '. Please recheck the objects properties to make sure the desired element is located. 

21-10-2025T19:59:48 - [MESSAGE][WARNING] - [SELF-HEALING] Cannot find elements when the selector is null

21-10-2025T19:59:48 - [MESSAGE][WARNING] - Web element with id: 'Object Repository/FIM/Server_Notification_Close_btn' located by '/html/body/div/div[1]/button' not found (Root cause: com.kms.katalon.core.exception.StepFailedException: Web element with id: 'Object Repository/FIM/Server_Notification_Close_btn' located by '/html/body/div/div[1]/button' not found
	at com.kms.katalon.core.webui.keyword.internal.WebUIKeywordMain.stepFailed(WebUIKeywordMain.groovy:117)
	at com.kms.katalon.core.webui.keyword.builtin.VerifyElementVisibleKeyword$_verifyElementVisible_closure1.doCall(VerifyElementVisibleKeyword.groovy:89)
	at com.kms.katalon.core.webui.keyword.builtin.VerifyElementVisibleKeyword$_verifyElementVisible_closure1.call(VerifyElementVisibleKeyword.groovy)
	at com.kms.katalon.core.webui.keyword.internal.WebUIKeywordMain.runKeyword(WebUIKeywordMain.groovy:35)
	at com.kms.katalon.core.webui.keyword.builtin.VerifyElementVisibleKeyword.verifyElementVisible(VerifyElementVisibleKeyword.groovy:97)
	at com.kms.katalon.core.webui.keyword.builtin.VerifyElementVisibleKeyword.execute(VerifyElementVisibleKeyword.groovy:67)
	at com.kms.katalon.core.keyword.internal.KeywordExecutor.executeKeywordForPlatform(KeywordExecutor.groovy:74)
	at com.kms.katalon.core.webui.keyword.WebUiBuiltInKeywords.verifyElementVisible(WebUiBuiltInKeywords.groovy:401)
	at com.kms.katalon.core.webui.keyword.WebUiBuiltInKeywords$verifyElementVisible$6.call(Unknown Source)
	at Cancelling a Company - Creating.run(Cancelling a Company - Creating:24)
	at com.kms.katalon.core.main.ScriptEngine.run(ScriptEngine.java:194)
	at com.kms.katalon.core.main.ScriptEngine.runScriptAsRawText(ScriptEngine.java:119)
	at com.kms.katalon.core.main.TestCaseExecutor.runScript(TestCaseExecutor.java:448)
	at com.kms.katalon.core.main.TestCaseExecutor.doExecute(TestCaseExecutor.java:439)
	at com.kms.katalon.core.main.TestCaseExecutor.processExecutionPhase(TestCaseExecutor.java:418)
	at com.kms.katalon.core.main.TestCaseExecutor.accessMainPhase(TestCaseExecutor.java:410)
	at com.kms.katalon.core.main.TestCaseExecutor.execute(TestCaseExecutor.java:285)
	at com.kms.katalon.core.common.CommonExecutor.accessTestCaseMainPhase(CommonExecutor.java:65)
	at com.kms.katalon.core.main.TestSuiteExecutor.accessTestSuiteMainPhase(TestSuiteExecutor.java:150)
	at com.kms.katalon.core.main.TestSuiteExecutor.execute(TestSuiteExecutor.java:106)
	at com.kms.katalon.core.main.TestCaseMain.startTestSuite(TestCaseMain.java:180)
	at com.kms.katalon.core.main.TestCaseMain$startTestSuite$0.call(Unknown Source)
	at TempTestSuite1761090740538.run(TempTestSuite1761090740538.groovy:35)
	at java.base/jdk.internal.reflect.NativeMethodAccessorImpl.invoke0(Native Method)
	at java.base/jdk.internal.reflect.NativeMethodAccessorImpl.invoke(NativeMethodAccessorImpl.java:77)
	at java.base/jdk.internal.reflect.DelegatingMethodAccessorImpl.invoke(DelegatingMethodAccessorImpl.java:43)
)

21-10-2025T19:59:48 - [TEST_STEP][PASSED] - delay(1): Delayed 1 second(s)

21-10-2025T19:59:49 - [MESSAGE][PASSED] - Delayed 1 second(s)

21-10-2025T19:59:49 - [TEST_STEP][PASSED] - click(findTestObject("FIM/Hamburger Menu List/Hamburger_menu")): Object: 'Object Repository/FIM/Hamburger Menu List/Hamburger_menu' is clicked on

21-10-2025T19:59:49 - [MESSAGE][PASSED] - Object: 'Object Repository/FIM/Hamburger Menu List/Hamburger_menu' is clicked on

21-10-2025T19:59:49 - [TEST_STEP][PASSED] - delay(1): Delayed 1 second(s)

21-10-2025T19:59:50 - [MESSAGE][PASSED] - Delayed 1 second(s)

21-10-2025T19:59:50 - [TEST_STEP][PASSED] - click(findTestObject("Object Repository/FIM 1.2/Hamburger Menu List/Companies_list")): Object: 'Object Repository/FIM 1.2/Hamburger Menu List/Companies_list' is clicked on

21-10-2025T19:59:50 - [MESSAGE][PASSED] - Object: 'Object Repository/FIM 1.2/Hamburger Menu List/Companies_list' is clicked on

21-10-2025T19:59:50 - [TEST_STEP][PASSED] - delay(5): Delayed 5 second(s)

21-10-2025T19:59:55 - [MESSAGE][PASSED] - Delayed 5 second(s)

21-10-2025T19:59:55 - [TEST_STEP][PASSED] - if (verifyElementVisible(findTestObject("FIM/Existing Page with Pending Changes Close_btn"), OPTIONAL) == true): null

21-10-2025T19:59:55 - [MESSAGE][PASSED] - Object 'Object Repository/FIM/Existing Page with Pending Changes Close_btn' is visible

21-10-2025T19:59:55 - [TEST_STEP][PASSED] - click(findTestObject("FIM/Existing Page with Pending Changes Close_btn")): Object: 'Object Repository/FIM/Existing Page with Pending Changes Close_btn' is clicked on

21-10-2025T19:59:55 - [MESSAGE][PASSED] - Object: 'Object Repository/FIM/Existing Page with Pending Changes Close_btn' is clicked on

21-10-2025T19:59:55 - [TEST_STEP][PASSED] - click(findTestObject("Object Repository/FIM 1.2/Page_Inventory Management/button_Add Company")): Object: 'Object Repository/FIM 1.2/Page_Inventory Management/button_Add Company' is clicked on

21-10-2025T19:59:56 - [MESSAGE][PASSED] - Object: 'Object Repository/FIM 1.2/Page_Inventory Management/button_Add Company' is clicked on

21-10-2025T19:59:56 - [TEST_STEP][PASSED] - setText(findTestObject("Object Repository/FIM 1.2/Page_Inventory Management/input__uniqueId"), "CAP3000"): Text 'CAP3000' is set on object 'Object Repository/FIM 1.2/Page_Inventory Management/input__uniqueId'

21-10-2025T19:59:56 - [MESSAGE][PASSED] - Text 'CAP3000' is set on object 'Object Repository/FIM 1.2/Page_Inventory Management/input__uniqueId'

21-10-2025T19:59:56 - [TEST_STEP][PASSED] - setText(findTestObject("Object Repository/FIM 1.2/Page_Inventory Management/input__company-name"), "Capsule Corp. 11"): Text 'Capsule Corp. 11' is set on object 'Object Repository/FIM 1.2/Page_Inventory Management/input__company-name'

21-10-2025T19:59:56 - [MESSAGE][PASSED] - Text 'Capsule Corp. 11' is set on object 'Object Repository/FIM 1.2/Page_Inventory Management/input__company-name'

21-10-2025T19:59:56 - [TEST_STEP][PASSED] - setText(findTestObject("Object Repository/FIM 1.2/Page_Inventory Management/input__company-address1"), "695 main st"): Text '695 main st' is set on object 'Object Repository/FIM 1.2/Page_Inventory Management/input__company-address1'

21-10-2025T19:59:57 - [MESSAGE][PASSED] - Text '695 main st' is set on object 'Object Repository/FIM 1.2/Page_Inventory Management/input__company-address1'

21-10-2025T19:59:57 - [TEST_STEP][PASSED] - setText(findTestObject("Object Repository/FIM 1.2/Page_Inventory Management/input__company-city"), "Kansas City"): Text 'Kansas City' is set on object 'Object Repository/FIM 1.2/Page_Inventory Management/input__company-city'

21-10-2025T19:59:57 - [MESSAGE][PASSED] - Text 'Kansas City' is set on object 'Object Repository/FIM 1.2/Page_Inventory Management/input__company-city'

21-10-2025T19:59:57 - [TEST_STEP][PASSED] - selectOptionByValue(findTestObject("Object Repository/FIM 1.2/Page_Inventory Management/select_State"), "KS", true): All options with value 'KS' are selected in object 'Object Repository/FIM 1.2/Page_Inventory Management/select_State'  using regular expression

21-10-2025T19:59:57 - [MESSAGE][PASSED] - All options with value 'KS' are selected in object 'Object Repository/FIM 1.2/Page_Inventory Management/select_State'  using regular expression

21-10-2025T19:59:57 - [TEST_STEP][PASSED] - setText(findTestObject("Object Repository/FIM 1.2/Page_Inventory Management/input__company-zip"), "45236"): Text '45236' is set on object 'Object Repository/FIM 1.2/Page_Inventory Management/input__company-zip'

21-10-2025T19:59:58 - [MESSAGE][PASSED] - Text '45236' is set on object 'Object Repository/FIM 1.2/Page_Inventory Management/input__company-zip'

21-10-2025T19:59:58 - [TEST_STEP][PASSED] - click(findTestObject("FIM 1.2/Companies Page/Account Of_checkbox")): Object: 'Object Repository/FIM 1.2/Companies Page/Account Of_checkbox' is clicked on

21-10-2025T19:59:58 - [MESSAGE][PASSED] - Object: 'Object Repository/FIM 1.2/Companies Page/Account Of_checkbox' is clicked on

21-10-2025T19:59:58 - [TEST_STEP][PASSED] - delay(3): Delayed 3 second(s)

21-10-2025T20:00:01 - [MESSAGE][PASSED] - Delayed 3 second(s)

21-10-2025T20:00:01 - [TEST_STEP][PASSED] - click(findTestObject("FIM 1.2/Companies Page/New Company Cancel_btn")): Object: 'Object Repository/FIM 1.2/Companies Page/New Company Cancel_btn' is clicked on

21-10-2025T20:00:01 - [MESSAGE][PASSED] - Object: 'Object Repository/FIM 1.2/Companies Page/New Company Cancel_btn' is clicked on

21-10-2025T20:00:01 - [TEST_STEP][PASSED] - closeBrowser(): Browser is closed

21-10-2025T20:00:01 - [MESSAGE][PASSED] - Browser is closed

21-10-2025T20:00:01 - [TEST_STEP][PASSED] - Start listener action : retryOnDisconnect: null

21-10-2025T20:00:01 - [TEST_STEP][PASSED] - tcId = testCaseContext.getTestCaseId(): null

21-10-2025T20:00:01 - [TEST_STEP][PASSED] - currentRetry = retryCounts.getOrDefault(tcId, 0): null

21-10-2025T20:00:01 - [TEST_STEP][PASSED] - if (testCaseContext.getTestCaseStatus() == "FAILED" && currentRetry < MAX_RETRIES): null]]></system-out>
         <system-err><![CDATA[]]></system-err>
      </testcase>
      <testcase name="Test Cases/FIM/UI/KGL/Admin/Company/Cancelling a Company - Deletion" time="62.862" classname="Test Cases/FIM/UI/KGL/Admin/Company/Cancelling a Company - Deletion" status="FAILED">
         <failure type="FAILED" message="Test Cases/FIM/UI/KGL/Admin/Company/Cancelling a Company - Deletion FAILED.&#xa;Reason:&#xa;com.kms.katalon.core.exception.StepFailedException: Unable to click on object 'Object Repository/FIM 1.2/Companies Page/Delete Company_btn'&#xa;	at com.kms.katalon.core.webui.keyword.internal.WebUIKeywordMain.stepFailed(WebUIKeywordMain.groovy:117)&#xa;	at com.kms.katalon.core.webui.keyword.internal.WebUIKeywordMain.runKeyword(WebUIKeywordMain.groovy:43)&#xa;	at com.kms.katalon.core.webui.keyword.builtin.ClickKeyword.click(ClickKeyword.groovy:74)&#xa;	at com.kms.katalon.core.webui.keyword.builtin.ClickKeyword.execute(ClickKeyword.groovy:40)&#xa;	at com.kms.katalon.core.keyword.internal.KeywordExecutor.executeKeywordForPlatform(KeywordExecutor.groovy:74)&#xa;	at com.kms.katalon.core.webui.keyword.WebUiBuiltInKeywords.click(WebUiBuiltInKeywords.groovy:659)&#xa;	at com.kms.katalon.core.webui.keyword.WebUiBuiltInKeywords$click$4.call(Unknown Source)&#xa;	at Cancelling a Company - Deletion.run(Cancelling a Company - Deletion:47)&#xa;	at com.kms.katalon.core.main.ScriptEngine.run(ScriptEngine.java:194)&#xa;	at com.kms.katalon.core.main.ScriptEngine.runScriptAsRawText(ScriptEngine.java:119)&#xa;	at com.kms.katalon.core.main.TestCaseExecutor.runScript(TestCaseExecutor.java:448)&#xa;	at com.kms.katalon.core.main.TestCaseExecutor.doExecute(TestCaseExecutor.java:439)&#xa;	at com.kms.katalon.core.main.TestCaseExecutor.processExecutionPhase(TestCaseExecutor.java:418)&#xa;	at com.kms.katalon.core.main.TestCaseExecutor.accessMainPhase(TestCaseExecutor.java:410)&#xa;	at com.kms.katalon.core.main.TestCaseExecutor.execute(TestCaseExecutor.java:285)&#xa;	at com.kms.katalon.core.common.CommonExecutor.accessTestCaseMainPhase(CommonExecutor.java:65)&#xa;	at com.kms.katalon.core.main.TestSuiteExecutor.accessTestSuiteMainPhase(TestSuiteExecutor.java:150)&#xa;	at com.kms.katalon.core.main.TestSuiteExecutor.execute(TestSuiteExecutor.java:106)&#xa;	at com.kms.katalon.core.main.TestCaseMain.startTestSuite(TestCaseMain.java:180)&#xa;	at com.kms.katalon.core.main.TestCaseMain$startTestSuite$0.call(Unknown Source)&#xa;	at TempTestSuite1761090740538.run(TempTestSuite1761090740538.groovy:35)&#xa;	at java.base/jdk.internal.reflect.NativeMethodAccessorImpl.invoke0(Native Method)&#xa;	at java.base/jdk.internal.reflect.NativeMethodAccessorImpl.invoke(NativeMethodAccessorImpl.java:77)&#xa;	at java.base/jdk.internal.reflect.DelegatingMethodAccessorImpl.invoke(DelegatingMethodAccessorImpl.java:43)&#xa;Caused by: com.kms.katalon.core.webui.exception.WebElementNotFoundException: Web element with id: 'Object Repository/FIM 1.2/Companies Page/Delete Company_btn' located by '/html/body/div[1]/div[2]/div/div/div[1]/div[3]/div/div/table/tbody/tr/td[3]/button[2]' not found&#xa;	at com.kms.katalon.core.webui.common.WebUiCommonHelper.findWebElement(WebUiCommonHelper.java:1423)&#xa;	at com.kms.katalon.core.webui.keyword.internal.WebUIAbstractKeyword.findWebElement(WebUIAbstractKeyword.groovy:27)&#xa;	at com.kms.katalon.core.webui.keyword.builtin.ClickKeyword$_click_closure1.doCall(ClickKeyword.groovy:65)&#xa;	at com.kms.katalon.core.webui.keyword.builtin.ClickKeyword$_click_closure1.call(ClickKeyword.groovy)&#xa;	at com.kms.katalon.core.webui.keyword.internal.WebUIKeywordMain.runKeyword(WebUIKeywordMain.groovy:35)&#xa;	... 22 more&#xa;"/>
         <system-out><![CDATA[21-10-2025T20:00:01 - [TEST_CASE][FAILED] - Test Cases/FIM/UI/KGL/Admin/Company/Cancelling a Company - Deletion: Test Cases/FIM/UI/KGL/Admin/Company/Cancelling a Company - Deletion FAILED.
Reason:
com.kms.katalon.core.exception.StepFailedException: Unable to click on object 'Object Repository/FIM 1.2/Companies Page/Delete Company_btn'
	at com.kms.katalon.core.webui.keyword.internal.WebUIKeywordMain.stepFailed(WebUIKeywordMain.groovy:117)
	at com.kms.katalon.core.webui.keyword.internal.WebUIKeywordMain.runKeyword(WebUIKeywordMain.groovy:43)
	at com.kms.katalon.core.webui.keyword.builtin.ClickKeyword.click(ClickKeyword.groovy:74)
	at com.kms.katalon.core.webui.keyword.builtin.ClickKeyword.execute(ClickKeyword.groovy:40)
	at com.kms.katalon.core.keyword.internal.KeywordExecutor.executeKeywordForPlatform(KeywordExecutor.groovy:74)
	at com.kms.katalon.core.webui.keyword.WebUiBuiltInKeywords.click(WebUiBuiltInKeywords.groovy:659)
	at com.kms.katalon.core.webui.keyword.WebUiBuiltInKeywords$click$4.call(Unknown Source)
	at Cancelling a Company - Deletion.run(Cancelling a Company - Deletion:47)
	at com.kms.katalon.core.main.ScriptEngine.run(ScriptEngine.java:194)
	at com.kms.katalon.core.main.ScriptEngine.runScriptAsRawText(ScriptEngine.java:119)
	at com.kms.katalon.core.main.TestCaseExecutor.runScript(TestCaseExecutor.java:448)
	at com.kms.katalon.core.main.TestCaseExecutor.doExecute(TestCaseExecutor.java:439)
	at com.kms.katalon.core.main.TestCaseExecutor.processExecutionPhase(TestCaseExecutor.java:418)
	at com.kms.katalon.core.main.TestCaseExecutor.accessMainPhase(TestCaseExecutor.java:410)
	at com.kms.katalon.core.main.TestCaseExecutor.execute(TestCaseExecutor.java:285)
	at com.kms.katalon.core.common.CommonExecutor.accessTestCaseMainPhase(CommonExecutor.java:65)
	at com.kms.katalon.core.main.TestSuiteExecutor.accessTestSuiteMainPhase(TestSuiteExecutor.java:150)
	at com.kms.katalon.core.main.TestSuiteExecutor.execute(TestSuiteExecutor.java:106)
	at com.kms.katalon.core.main.TestCaseMain.startTestSuite(TestCaseMain.java:180)
	at com.kms.katalon.core.main.TestCaseMain$startTestSuite$0.call(Unknown Source)
	at TempTestSuite1761090740538.run(TempTestSuite1761090740538.groovy:35)
	at java.base/jdk.internal.reflect.NativeMethodAccessorImpl.invoke0(Native Method)
	at java.base/jdk.internal.reflect.NativeMethodAccessorImpl.invoke(NativeMethodAccessorImpl.java:77)
	at java.base/jdk.internal.reflect.DelegatingMethodAccessorImpl.invoke(DelegatingMethodAccessorImpl.java:43)
Caused by: com.kms.katalon.core.webui.exception.WebElementNotFoundException: Web element with id: 'Object Repository/FIM 1.2/Companies Page/Delete Company_btn' located by '/html/body/div[1]/div[2]/div/div/div[1]/div[3]/div/div/table/tbody/tr/td[3]/button[2]' not found
	at com.kms.katalon.core.webui.common.WebUiCommonHelper.findWebElement(WebUiCommonHelper.java:1423)
	at com.kms.katalon.core.webui.keyword.internal.WebUIAbstractKeyword.findWebElement(WebUIAbstractKeyword.groovy:27)
	at com.kms.katalon.core.webui.keyword.builtin.ClickKeyword$_click_closure1.doCall(ClickKeyword.groovy:65)
	at com.kms.katalon.core.webui.keyword.builtin.ClickKeyword$_click_closure1.call(ClickKeyword.groovy)
	at com.kms.katalon.core.webui.keyword.internal.WebUIKeywordMain.runKeyword(WebUIKeywordMain.groovy:35)
	... 22 more


21-10-2025T20:00:01 - [TEST_STEP][PASSED] - Start listener action : beforeTestCase: null

21-10-2025T20:00:01 - [TEST_STEP][PASSED] - addDefaultPackages(): null

21-10-2025T20:00:01 - [TEST_STEP][PASSED] - callTestCase(findTestCase("Utility Scripts/FIM KGL Admin Login"), [:], STOP_ON_FAILURE): Call Test Case 'Test Cases/Utility Scripts/FIM KGL Admin Login' successfully

21-10-2025T20:00:01 - [TEST_CASE][PASSED] - Test Cases/Utility Scripts/FIM KGL Admin Login: Test Cases/Utility Scripts/FIM KGL Admin Login

21-10-2025T20:00:01 - [TEST_STEP][PASSED] - openBrowser(""): Browser is opened with url: ''

21-10-2025T20:00:01 - [MESSAGE][INFO] - Starting 'Chrome' driver

21-10-2025T20:00:01 - [MESSAGE][INFO] - User set preference: ['args', '[--no-sandbox, --disable-gpu, --disable-dev-shm-usage]']

21-10-2025T20:00:01 - [MESSAGE][INFO] - Action delay is set to 0 milliseconds

21-10-2025T20:00:02 - [MESSAGE][PASSED] - Browser is opened with url: ''

21-10-2025T20:00:02 - [TEST_STEP][PASSED] - delay(1): Delayed 1 second(s)

21-10-2025T20:00:03 - [MESSAGE][PASSED] - Delayed 1 second(s)

21-10-2025T20:00:03 - [TEST_STEP][PASSED] - navigateToUrl(KGLCustomGroupUrl): Navigate to 'https://kaglogistics-inventory-management-portal.qa.thekag.com/custom-group/' successfully

21-10-2025T20:00:04 - [MESSAGE][PASSED] - Navigate to 'https://kaglogistics-inventory-management-portal.qa.thekag.com/custom-group/' successfully

21-10-2025T20:00:04 - [TEST_STEP][PASSED] - delay(10): Delayed 10 second(s)

21-10-2025T20:00:14 - [MESSAGE][PASSED] - Delayed 10 second(s)

21-10-2025T20:00:14 - [TEST_STEP][PASSED] - if (maximizeWindow == true): Delayed 1 second(s)

21-10-2025T20:00:14 - [TEST_STEP][PASSED] - maximizeWindow(STOP_ON_FAILURE): Current window maximized

21-10-2025T20:00:14 - [MESSAGE][PASSED] - Current window maximized

21-10-2025T20:00:14 - [TEST_STEP][PASSED] - delay(1): Delayed 1 second(s)

21-10-2025T20:00:15 - [MESSAGE][PASSED] - Delayed 1 second(s)

21-10-2025T20:00:15 - [TEST_STEP][PASSED] - waitForElementPresent(findTestObject("FIM/Username_txt"), 10): Object 'Object Repository/FIM/Username_txt' is present

21-10-2025T20:00:15 - [MESSAGE][PASSED] - Object 'Object Repository/FIM/Username_txt' is present

21-10-2025T20:00:15 - [TEST_STEP][PASSED] - setText(findTestObject("FIM/Username_txt"), FIMUsername): Text 'Chris.Sheldon+DES_QA@Thekag.com' is set on object 'Object Repository/FIM/Username_txt'

21-10-2025T20:00:15 - [MESSAGE][PASSED] - Text 'Chris.Sheldon+DES_QA@Thekag.com' is set on object 'Object Repository/FIM/Username_txt'

21-10-2025T20:00:15 - [TEST_STEP][PASSED] - delay(1): Delayed 1 second(s)

21-10-2025T20:00:16 - [MESSAGE][PASSED] - Delayed 1 second(s)

21-10-2025T20:00:16 - [TEST_STEP][PASSED] - setText(findTestObject("FIM/Password_txt"), FIMPassword): Text 'QATest!2' is set on object 'Object Repository/FIM/Password_txt'

21-10-2025T20:00:16 - [MESSAGE][PASSED] - Text 'QATest!2' is set on object 'Object Repository/FIM/Password_txt'

21-10-2025T20:00:16 - [TEST_STEP][PASSED] - delay(1): Delayed 1 second(s)

21-10-2025T20:00:17 - [MESSAGE][PASSED] - Delayed 1 second(s)

21-10-2025T20:00:17 - [TEST_STEP][PASSED] - click(findTestObject("FIM/Login_btn")): Object: 'Object Repository/FIM/Login_btn' is clicked on

21-10-2025T20:00:17 - [MESSAGE][PASSED] - Object: 'Object Repository/FIM/Login_btn' is clicked on

21-10-2025T20:00:17 - [MESSAGE][PASSED] - Call Test Case 'Test Cases/Utility Scripts/FIM KGL Admin Login' successfully

21-10-2025T20:00:17 - [TEST_STEP][PASSED] - waitForElementClickable(findTestObject("FIM 1.2/Hamburger Menu List/Hamburger_menu"), 30): Object 'Object Repository/FIM 1.2/Hamburger Menu List/Hamburger_menu' is clickable

21-10-2025T20:00:17 - [MESSAGE][PASSED] - Object 'Object Repository/FIM 1.2/Hamburger Menu List/Hamburger_menu' is clickable

21-10-2025T20:00:17 - [TEST_STEP][PASSED] - if (verifyElementVisible(findTestObject("FIM/Server_Notification_Close_btn"), OPTIONAL) == true): Web element with id: 'Object Repository/FIM/Server_Notification_Close_btn' located by '/html/body/div/div[1]/button' not found (Root cause: com.kms.katalon.core.exception.StepFailedException: Web element with id: 'Object Repository/FIM/Server_Notification_Close_btn' located by '/html/body/div/div[1]/button' not found
	at com.kms.katalon.core.webui.keyword.internal.WebUIKeywordMain.stepFailed(WebUIKeywordMain.groovy:117)
	at com.kms.katalon.core.webui.keyword.builtin.VerifyElementVisibleKeyword$_verifyElementVisible_closure1.doCall(VerifyElementVisibleKeyword.groovy:89)
	at com.kms.katalon.core.webui.keyword.builtin.VerifyElementVisibleKeyword$_verifyElementVisible_closure1.call(VerifyElementVisibleKeyword.groovy)
	at com.kms.katalon.core.webui.keyword.internal.WebUIKeywordMain.runKeyword(WebUIKeywordMain.groovy:35)
	at com.kms.katalon.core.webui.keyword.builtin.VerifyElementVisibleKeyword.verifyElementVisible(VerifyElementVisibleKeyword.groovy:97)
	at com.kms.katalon.core.webui.keyword.builtin.VerifyElementVisibleKeyword.execute(VerifyElementVisibleKeyword.groovy:67)
	at com.kms.katalon.core.keyword.internal.KeywordExecutor.executeKeywordForPlatform(KeywordExecutor.groovy:74)
	at com.kms.katalon.core.webui.keyword.WebUiBuiltInKeywords.verifyElementVisible(WebUiBuiltInKeywords.groovy:401)
	at com.kms.katalon.core.webui.keyword.WebUiBuiltInKeywords$verifyElementVisible$6.call(Unknown Source)
	at Cancelling a Company - Deletion.run(Cancelling a Company - Deletion:24)
	at com.kms.katalon.core.main.ScriptEngine.run(ScriptEngine.java:194)
	at com.kms.katalon.core.main.ScriptEngine.runScriptAsRawText(ScriptEngine.java:119)
	at com.kms.katalon.core.main.TestCaseExecutor.runScript(TestCaseExecutor.java:448)
	at com.kms.katalon.core.main.TestCaseExecutor.doExecute(TestCaseExecutor.java:439)
	at com.kms.katalon.core.main.TestCaseExecutor.processExecutionPhase(TestCaseExecutor.java:418)
	at com.kms.katalon.core.main.TestCaseExecutor.accessMainPhase(TestCaseExecutor.java:410)
	at com.kms.katalon.core.main.TestCaseExecutor.execute(TestCaseExecutor.java:285)
	at com.kms.katalon.core.common.CommonExecutor.accessTestCaseMainPhase(CommonExecutor.java:65)
	at com.kms.katalon.core.main.TestSuiteExecutor.accessTestSuiteMainPhase(TestSuiteExecutor.java:150)
	at com.kms.katalon.core.main.TestSuiteExecutor.execute(TestSuiteExecutor.java:106)
	at com.kms.katalon.core.main.TestCaseMain.startTestSuite(TestCaseMain.java:180)
	at com.kms.katalon.core.main.TestCaseMain$startTestSuite$0.call(Unknown Source)
	at TempTestSuite1761090740538.run(TempTestSuite1761090740538.groovy:35)
	at java.base/jdk.internal.reflect.NativeMethodAccessorImpl.invoke0(Native Method)
	at java.base/jdk.internal.reflect.NativeMethodAccessorImpl.invoke(NativeMethodAccessorImpl.java:77)
	at java.base/jdk.internal.reflect.DelegatingMethodAccessorImpl.invoke(DelegatingMethodAccessorImpl.java:43)
)

21-10-2025T20:00:33 - [MESSAGE][INFO] - Unable to find the element located by 'By.xpath: /html/body/div/div[1]/button'. Please recheck the objects properties to make sure the desired element is located. 

21-10-2025T20:00:33 - [MESSAGE][WARNING] - [SELF-HEALING] Failed to find element with id 'Object Repository/FIM/Server_Notification_Close_btn'. Try using Self-healing.

21-10-2025T20:00:34 - [MESSAGE][INFO] - [SELF-HEALING] No working XPath is found.

21-10-2025T20:00:36 - [MESSAGE][INFO] - Unable to find the element located by 'By.xpath: '. Please recheck the objects properties to make sure the desired element is located. 

21-10-2025T20:00:36 - [MESSAGE][WARNING] - [SELF-HEALING] Cannot find elements when the selector is null

21-10-2025T20:00:36 - [MESSAGE][WARNING] - Web element with id: 'Object Repository/FIM/Server_Notification_Close_btn' located by '/html/body/div/div[1]/button' not found (Root cause: com.kms.katalon.core.exception.StepFailedException: Web element with id: 'Object Repository/FIM/Server_Notification_Close_btn' located by '/html/body/div/div[1]/button' not found
	at com.kms.katalon.core.webui.keyword.internal.WebUIKeywordMain.stepFailed(WebUIKeywordMain.groovy:117)
	at com.kms.katalon.core.webui.keyword.builtin.VerifyElementVisibleKeyword$_verifyElementVisible_closure1.doCall(VerifyElementVisibleKeyword.groovy:89)
	at com.kms.katalon.core.webui.keyword.builtin.VerifyElementVisibleKeyword$_verifyElementVisible_closure1.call(VerifyElementVisibleKeyword.groovy)
	at com.kms.katalon.core.webui.keyword.internal.WebUIKeywordMain.runKeyword(WebUIKeywordMain.groovy:35)
	at com.kms.katalon.core.webui.keyword.builtin.VerifyElementVisibleKeyword.verifyElementVisible(VerifyElementVisibleKeyword.groovy:97)
	at com.kms.katalon.core.webui.keyword.builtin.VerifyElementVisibleKeyword.execute(VerifyElementVisibleKeyword.groovy:67)
	at com.kms.katalon.core.keyword.internal.KeywordExecutor.executeKeywordForPlatform(KeywordExecutor.groovy:74)
	at com.kms.katalon.core.webui.keyword.WebUiBuiltInKeywords.verifyElementVisible(WebUiBuiltInKeywords.groovy:401)
	at com.kms.katalon.core.webui.keyword.WebUiBuiltInKeywords$verifyElementVisible$6.call(Unknown Source)
	at Cancelling a Company - Deletion.run(Cancelling a Company - Deletion:24)
	at com.kms.katalon.core.main.ScriptEngine.run(ScriptEngine.java:194)
	at com.kms.katalon.core.main.ScriptEngine.runScriptAsRawText(ScriptEngine.java:119)
	at com.kms.katalon.core.main.TestCaseExecutor.runScript(TestCaseExecutor.java:448)
	at com.kms.katalon.core.main.TestCaseExecutor.doExecute(TestCaseExecutor.java:439)
	at com.kms.katalon.core.main.TestCaseExecutor.processExecutionPhase(TestCaseExecutor.java:418)
	at com.kms.katalon.core.main.TestCaseExecutor.accessMainPhase(TestCaseExecutor.java:410)
	at com.kms.katalon.core.main.TestCaseExecutor.execute(TestCaseExecutor.java:285)
	at com.kms.katalon.core.common.CommonExecutor.accessTestCaseMainPhase(CommonExecutor.java:65)
	at com.kms.katalon.core.main.TestSuiteExecutor.accessTestSuiteMainPhase(TestSuiteExecutor.java:150)
	at com.kms.katalon.core.main.TestSuiteExecutor.execute(TestSuiteExecutor.java:106)
	at com.kms.katalon.core.main.TestCaseMain.startTestSuite(TestCaseMain.java:180)
	at com.kms.katalon.core.main.TestCaseMain$startTestSuite$0.call(Unknown Source)
	at TempTestSuite1761090740538.run(TempTestSuite1761090740538.groovy:35)
	at java.base/jdk.internal.reflect.NativeMethodAccessorImpl.invoke0(Native Method)
	at java.base/jdk.internal.reflect.NativeMethodAccessorImpl.invoke(NativeMethodAccessorImpl.java:77)
	at java.base/jdk.internal.reflect.DelegatingMethodAccessorImpl.invoke(DelegatingMethodAccessorImpl.java:43)
)

21-10-2025T20:00:36 - [TEST_STEP][PASSED] - delay(1): Delayed 1 second(s)

21-10-2025T20:00:37 - [MESSAGE][PASSED] - Delayed 1 second(s)

21-10-2025T20:00:37 - [TEST_STEP][PASSED] - click(findTestObject("FIM/Hamburger Menu List/Hamburger_menu")): Object: 'Object Repository/FIM/Hamburger Menu List/Hamburger_menu' is clicked on

21-10-2025T20:00:37 - [MESSAGE][PASSED] - Object: 'Object Repository/FIM/Hamburger Menu List/Hamburger_menu' is clicked on

21-10-2025T20:00:37 - [TEST_STEP][PASSED] - delay(1): Delayed 1 second(s)

21-10-2025T20:00:38 - [MESSAGE][PASSED] - Delayed 1 second(s)

21-10-2025T20:00:38 - [TEST_STEP][PASSED] - click(findTestObject("Object Repository/FIM 1.2/Hamburger Menu List/Companies_list")): Object: 'Object Repository/FIM 1.2/Hamburger Menu List/Companies_list' is clicked on

21-10-2025T20:00:38 - [MESSAGE][PASSED] - Object: 'Object Repository/FIM 1.2/Hamburger Menu List/Companies_list' is clicked on

21-10-2025T20:00:38 - [TEST_STEP][PASSED] - delay(5): Delayed 5 second(s)

21-10-2025T20:00:43 - [MESSAGE][PASSED] - Delayed 5 second(s)

21-10-2025T20:00:43 - [TEST_STEP][PASSED] - if (verifyElementVisible(findTestObject("FIM/Existing Page with Pending Changes Close_btn"), OPTIONAL) == true): null

21-10-2025T20:00:43 - [MESSAGE][PASSED] - Object 'Object Repository/FIM/Existing Page with Pending Changes Close_btn' is visible

21-10-2025T20:00:43 - [TEST_STEP][PASSED] - click(findTestObject("FIM/Existing Page with Pending Changes Close_btn")): Object: 'Object Repository/FIM/Existing Page with Pending Changes Close_btn' is clicked on

21-10-2025T20:00:44 - [MESSAGE][PASSED] - Object: 'Object Repository/FIM/Existing Page with Pending Changes Close_btn' is clicked on

21-10-2025T20:00:44 - [TEST_STEP][PASSED] - sendKeys(findTestObject("FIM 1.2/Companies Page/Filter_input_txt"), "CBS"): Keys 'CBS' sent to object: 'Object Repository/FIM 1.2/Companies Page/Filter_input_txt'

21-10-2025T20:00:44 - [MESSAGE][PASSED] - Keys 'CBS' sent to object: 'Object Repository/FIM 1.2/Companies Page/Filter_input_txt'

21-10-2025T20:00:44 - [TEST_STEP][PASSED] - delay(1): Delayed 1 second(s)

21-10-2025T20:00:45 - [MESSAGE][PASSED] - Delayed 1 second(s)

21-10-2025T20:00:45 - [TEST_STEP][FAILED] - click(findTestObject("FIM 1.2/Companies Page/Delete Company_btn")): Unable to click on object 'Object Repository/FIM 1.2/Companies Page/Delete Company_btn' (Root cause: com.kms.katalon.core.exception.StepFailedException: Unable to click on object 'Object Repository/FIM 1.2/Companies Page/Delete Company_btn'
	at com.kms.katalon.core.webui.keyword.internal.WebUIKeywordMain.stepFailed(WebUIKeywordMain.groovy:117)
	at com.kms.katalon.core.webui.keyword.internal.WebUIKeywordMain.runKeyword(WebUIKeywordMain.groovy:43)
	at com.kms.katalon.core.webui.keyword.builtin.ClickKeyword.click(ClickKeyword.groovy:74)
	at com.kms.katalon.core.webui.keyword.builtin.ClickKeyword.execute(ClickKeyword.groovy:40)
	at com.kms.katalon.core.keyword.internal.KeywordExecutor.executeKeywordForPlatform(KeywordExecutor.groovy:74)
	at com.kms.katalon.core.webui.keyword.WebUiBuiltInKeywords.click(WebUiBuiltInKeywords.groovy:659)
	at com.kms.katalon.core.webui.keyword.WebUiBuiltInKeywords$click$4.call(Unknown Source)
	at Cancelling a Company - Deletion.run(Cancelling a Company - Deletion:47)
	at com.kms.katalon.core.main.ScriptEngine.run(ScriptEngine.java:194)
	at com.kms.katalon.core.main.ScriptEngine.runScriptAsRawText(ScriptEngine.java:119)
	at com.kms.katalon.core.main.TestCaseExecutor.runScript(TestCaseExecutor.java:448)
	at com.kms.katalon.core.main.TestCaseExecutor.doExecute(TestCaseExecutor.java:439)
	at com.kms.katalon.core.main.TestCaseExecutor.processExecutionPhase(TestCaseExecutor.java:418)
	at com.kms.katalon.core.main.TestCaseExecutor.accessMainPhase(TestCaseExecutor.java:410)
	at com.kms.katalon.core.main.TestCaseExecutor.execute(TestCaseExecutor.java:285)
	at com.kms.katalon.core.common.CommonExecutor.accessTestCaseMainPhase(CommonExecutor.java:65)
	at com.kms.katalon.core.main.TestSuiteExecutor.accessTestSuiteMainPhase(TestSuiteExecutor.java:150)
	at com.kms.katalon.core.main.TestSuiteExecutor.execute(TestSuiteExecutor.java:106)
	at com.kms.katalon.core.main.TestCaseMain.startTestSuite(TestCaseMain.java:180)
	at com.kms.katalon.core.main.TestCaseMain$startTestSuite$0.call(Unknown Source)
	at TempTestSuite1761090740538.run(TempTestSuite1761090740538.groovy:35)
	at java.base/jdk.internal.reflect.NativeMethodAccessorImpl.invoke0(Native Method)
	at java.base/jdk.internal.reflect.NativeMethodAccessorImpl.invoke(NativeMethodAccessorImpl.java:77)
	at java.base/jdk.internal.reflect.DelegatingMethodAccessorImpl.invoke(DelegatingMethodAccessorImpl.java:43)
Caused by: com.kms.katalon.core.webui.exception.WebElementNotFoundException: Web element with id: 'Object Repository/FIM 1.2/Companies Page/Delete Company_btn' located by '/html/body/div[1]/div[2]/div/div/div[1]/div[3]/div/div/table/tbody/tr/td[3]/button[2]' not found
	at com.kms.katalon.core.webui.common.WebUiCommonHelper.findWebElement(WebUiCommonHelper.java:1423)
	at com.kms.katalon.core.webui.keyword.internal.WebUIAbstractKeyword.findWebElement(WebUIAbstractKeyword.groovy:27)
	at com.kms.katalon.core.webui.keyword.builtin.ClickKeyword$_click_closure1.doCall(ClickKeyword.groovy:65)
	at com.kms.katalon.core.webui.keyword.builtin.ClickKeyword$_click_closure1.call(ClickKeyword.groovy)
	at com.kms.katalon.core.webui.keyword.internal.WebUIKeywordMain.runKeyword(WebUIKeywordMain.groovy:35)
	at com.kms.katalon.core.webui.keyword.builtin.ClickKeyword.click(ClickKeyword.groovy:74)
	at com.kms.katalon.core.webui.keyword.builtin.ClickKeyword.execute(ClickKeyword.groovy:40)
	at com.kms.katalon.core.keyword.internal.KeywordExecutor.executeKeywordForPlatform(KeywordExecutor.groovy:74)
	at com.kms.katalon.core.webui.keyword.WebUiBuiltInKeywords.click(WebUiBuiltInKeywords.groovy:659)
	at com.kms.katalon.core.webui.keyword.WebUiBuiltInKeywords$click$4.call(Unknown Source)
	at Script1705351004771.run(Script1705351004771.groovy:47)
	... 16 more
)

21-10-2025T20:01:01 - [MESSAGE][INFO] - Unable to find the element located by 'By.xpath: /html/body/div[1]/div[2]/div/div/div[1]/div[3]/div/div/table/tbody/tr/td[3]/button[2]'. Please recheck the objects properties to make sure the desired element is located. 

21-10-2025T20:01:01 - [MESSAGE][WARNING] - [SELF-HEALING] Failed to find element with id 'Object Repository/FIM 1.2/Companies Page/Delete Company_btn'. Try using Self-healing.

21-10-2025T20:01:02 - [MESSAGE][INFO] - [SELF-HEALING] No working XPath is found.

21-10-2025T20:01:04 - [MESSAGE][INFO] - Unable to find the element located by 'By.xpath: '. Please recheck the objects properties to make sure the desired element is located. 

21-10-2025T20:01:04 - [MESSAGE][WARNING] - [SELF-HEALING] Cannot find elements when the selector is null

21-10-2025T20:01:04 - [MESSAGE][FAILED] - Unable to click on object 'Object Repository/FIM 1.2/Companies Page/Delete Company_btn' (Root cause: com.kms.katalon.core.exception.StepFailedException: Unable to click on object 'Object Repository/FIM 1.2/Companies Page/Delete Company_btn'
	at com.kms.katalon.core.webui.keyword.internal.WebUIKeywordMain.stepFailed(WebUIKeywordMain.groovy:117)
	at com.kms.katalon.core.webui.keyword.internal.WebUIKeywordMain.runKeyword(WebUIKeywordMain.groovy:43)
	at com.kms.katalon.core.webui.keyword.builtin.ClickKeyword.click(ClickKeyword.groovy:74)
	at com.kms.katalon.core.webui.keyword.builtin.ClickKeyword.execute(ClickKeyword.groovy:40)
	at com.kms.katalon.core.keyword.internal.KeywordExecutor.executeKeywordForPlatform(KeywordExecutor.groovy:74)
	at com.kms.katalon.core.webui.keyword.WebUiBuiltInKeywords.click(WebUiBuiltInKeywords.groovy:659)
	at com.kms.katalon.core.webui.keyword.WebUiBuiltInKeywords$click$4.call(Unknown Source)
	at Cancelling a Company - Deletion.run(Cancelling a Company - Deletion:47)
	at com.kms.katalon.core.main.ScriptEngine.run(ScriptEngine.java:194)
	at com.kms.katalon.core.main.ScriptEngine.runScriptAsRawText(ScriptEngine.java:119)
	at com.kms.katalon.core.main.TestCaseExecutor.runScript(TestCaseExecutor.java:448)
	at com.kms.katalon.core.main.TestCaseExecutor.doExecute(TestCaseExecutor.java:439)
	at com.kms.katalon.core.main.TestCaseExecutor.processExecutionPhase(TestCaseExecutor.java:418)
	at com.kms.katalon.core.main.TestCaseExecutor.accessMainPhase(TestCaseExecutor.java:410)
	at com.kms.katalon.core.main.TestCaseExecutor.execute(TestCaseExecutor.java:285)
	at com.kms.katalon.core.common.CommonExecutor.accessTestCaseMainPhase(CommonExecutor.java:65)
	at com.kms.katalon.core.main.TestSuiteExecutor.accessTestSuiteMainPhase(TestSuiteExecutor.java:150)
	at com.kms.katalon.core.main.TestSuiteExecutor.execute(TestSuiteExecutor.java:106)
	at com.kms.katalon.core.main.TestCaseMain.startTestSuite(TestCaseMain.java:180)
	at com.kms.katalon.core.main.TestCaseMain$startTestSuite$0.call(Unknown Source)
	at TempTestSuite1761090740538.run(TempTestSuite1761090740538.groovy:35)
	at java.base/jdk.internal.reflect.NativeMethodAccessorImpl.invoke0(Native Method)
	at java.base/jdk.internal.reflect.NativeMethodAccessorImpl.invoke(NativeMethodAccessorImpl.java:77)
	at java.base/jdk.internal.reflect.DelegatingMethodAccessorImpl.invoke(DelegatingMethodAccessorImpl.java:43)
Caused by: com.kms.katalon.core.webui.exception.WebElementNotFoundException: Web element with id: 'Object Repository/FIM 1.2/Companies Page/Delete Company_btn' located by '/html/body/div[1]/div[2]/div/div/div[1]/div[3]/div/div/table/tbody/tr/td[3]/button[2]' not found
	at com.kms.katalon.core.webui.common.WebUiCommonHelper.findWebElement(WebUiCommonHelper.java:1423)
	at com.kms.katalon.core.webui.keyword.internal.WebUIAbstractKeyword.findWebElement(WebUIAbstractKeyword.groovy:27)
	at com.kms.katalon.core.webui.keyword.builtin.ClickKeyword$_click_closure1.doCall(ClickKeyword.groovy:65)
	at com.kms.katalon.core.webui.keyword.builtin.ClickKeyword$_click_closure1.call(ClickKeyword.groovy)
	at com.kms.katalon.core.webui.keyword.internal.WebUIKeywordMain.runKeyword(WebUIKeywordMain.groovy:35)
	at com.kms.katalon.core.webui.keyword.builtin.ClickKeyword.click(ClickKeyword.groovy:74)
	at com.kms.katalon.core.webui.keyword.builtin.ClickKeyword.execute(ClickKeyword.groovy:40)
	at com.kms.katalon.core.keyword.internal.KeywordExecutor.executeKeywordForPlatform(KeywordExecutor.groovy:74)
	at com.kms.katalon.core.webui.keyword.WebUiBuiltInKeywords.click(WebUiBuiltInKeywords.groovy:659)
	at com.kms.katalon.core.webui.keyword.WebUiBuiltInKeywords$click$4.call(Unknown Source)
	at Script1705351004771.run(Script1705351004771.groovy:47)
	... 16 more
)

21-10-2025T20:01:04 - [TEST_STEP][PASSED] - Start listener action : retryOnDisconnect: Current window's url is: 'https://kaglogistics-inventory-management-portal.qa.thekag.com/companies/'

21-10-2025T20:01:04 - [TEST_STEP][PASSED] - tcId = testCaseContext.getTestCaseId(): null

21-10-2025T20:01:04 - [TEST_STEP][PASSED] - currentRetry = retryCounts.getOrDefault(tcId, 0): null

21-10-2025T20:01:04 - [TEST_STEP][PASSED] - if (testCaseContext.getTestCaseStatus() == "FAILED" && currentRetry < MAX_RETRIES): Current window's url is: 'https://kaglogistics-inventory-management-portal.qa.thekag.com/companies/'

21-10-2025T20:01:04 - [TEST_STEP][PASSED] - try: Current window's url is: 'https://kaglogistics-inventory-management-portal.qa.thekag.com/companies/'

21-10-2025T20:01:04 - [TEST_STEP][PASSED] - comment(Checking for WebDriver disconnect for test case: $tcId): Checking for WebDriver disconnect for test case: Test Cases/FIM/UI/KGL/Admin/Company/Cancelling a Company - Deletion

21-10-2025T20:01:04 - [MESSAGE][INFO] - Checking for WebDriver disconnect for test case: Test Cases/FIM/UI/KGL/Admin/Company/Cancelling a Company - Deletion

21-10-2025T20:01:04 - [TEST_STEP][PASSED] - getUrl(): Current window's url is: 'https://kaglogistics-inventory-management-portal.qa.thekag.com/companies/'

21-10-2025T20:01:04 - [MESSAGE][PASSED] - Current window's url is: 'https://kaglogistics-inventory-management-portal.qa.thekag.com/companies/']]></system-out>
         <system-err><![CDATA[21-10-2025T20:00:01 - [TEST_CASE][FAILED] - Test Cases/FIM/UI/KGL/Admin/Company/Cancelling a Company - Deletion: Test Cases/FIM/UI/KGL/Admin/Company/Cancelling a Company - Deletion FAILED.
Reason:
com.kms.katalon.core.exception.StepFailedException: Unable to click on object 'Object Repository/FIM 1.2/Companies Page/Delete Company_btn'
	at com.kms.katalon.core.webui.keyword.internal.WebUIKeywordMain.stepFailed(WebUIKeywordMain.groovy:117)
	at com.kms.katalon.core.webui.keyword.internal.WebUIKeywordMain.runKeyword(WebUIKeywordMain.groovy:43)
	at com.kms.katalon.core.webui.keyword.builtin.ClickKeyword.click(ClickKeyword.groovy:74)
	at com.kms.katalon.core.webui.keyword.builtin.ClickKeyword.execute(ClickKeyword.groovy:40)
	at com.kms.katalon.core.keyword.internal.KeywordExecutor.executeKeywordForPlatform(KeywordExecutor.groovy:74)
	at com.kms.katalon.core.webui.keyword.WebUiBuiltInKeywords.click(WebUiBuiltInKeywords.groovy:659)
	at com.kms.katalon.core.webui.keyword.WebUiBuiltInKeywords$click$4.call(Unknown Source)
	at Cancelling a Company - Deletion.run(Cancelling a Company - Deletion:47)
	at com.kms.katalon.core.main.ScriptEngine.run(ScriptEngine.java:194)
	at com.kms.katalon.core.main.ScriptEngine.runScriptAsRawText(ScriptEngine.java:119)
	at com.kms.katalon.core.main.TestCaseExecutor.runScript(TestCaseExecutor.java:448)
	at com.kms.katalon.core.main.TestCaseExecutor.doExecute(TestCaseExecutor.java:439)
	at com.kms.katalon.core.main.TestCaseExecutor.processExecutionPhase(TestCaseExecutor.java:418)
	at com.kms.katalon.core.main.TestCaseExecutor.accessMainPhase(TestCaseExecutor.java:410)
	at com.kms.katalon.core.main.TestCaseExecutor.execute(TestCaseExecutor.java:285)
	at com.kms.katalon.core.common.CommonExecutor.accessTestCaseMainPhase(CommonExecutor.java:65)
	at com.kms.katalon.core.main.TestSuiteExecutor.accessTestSuiteMainPhase(TestSuiteExecutor.java:150)
	at com.kms.katalon.core.main.TestSuiteExecutor.execute(TestSuiteExecutor.java:106)
	at com.kms.katalon.core.main.TestCaseMain.startTestSuite(TestCaseMain.java:180)
	at com.kms.katalon.core.main.TestCaseMain$startTestSuite$0.call(Unknown Source)
	at TempTestSuite1761090740538.run(TempTestSuite1761090740538.groovy:35)
	at java.base/jdk.internal.reflect.NativeMethodAccessorImpl.invoke0(Native Method)
	at java.base/jdk.internal.reflect.NativeMethodAccessorImpl.invoke(NativeMethodAccessorImpl.java:77)
	at java.base/jdk.internal.reflect.DelegatingMethodAccessorImpl.invoke(DelegatingMethodAccessorImpl.java:43)
Caused by: com.kms.katalon.core.webui.exception.WebElementNotFoundException: Web element with id: 'Object Repository/FIM 1.2/Companies Page/Delete Company_btn' located by '/html/body/div[1]/div[2]/div/div/div[1]/div[3]/div/div/table/tbody/tr/td[3]/button[2]' not found
	at com.kms.katalon.core.webui.common.WebUiCommonHelper.findWebElement(WebUiCommonHelper.java:1423)
	at com.kms.katalon.core.webui.keyword.internal.WebUIAbstractKeyword.findWebElement(WebUIAbstractKeyword.groovy:27)
	at com.kms.katalon.core.webui.keyword.builtin.ClickKeyword$_click_closure1.doCall(ClickKeyword.groovy:65)
	at com.kms.katalon.core.webui.keyword.builtin.ClickKeyword$_click_closure1.call(ClickKeyword.groovy)
	at com.kms.katalon.core.webui.keyword.internal.WebUIKeywordMain.runKeyword(WebUIKeywordMain.groovy:35)
	... 22 more]]></system-err>
      </testcase>
      <testcase name="Test Cases/FIM/UI/KGL/Admin/Company/Cancelling a Company - Updating" time="63.032" classname="Test Cases/FIM/UI/KGL/Admin/Company/Cancelling a Company - Updating" status="FAILED">
         <failure type="FAILED" message="Test Cases/FIM/UI/KGL/Admin/Company/Cancelling a Company - Updating FAILED.&#xa;Reason:&#xa;com.kms.katalon.core.exception.StepFailedException: Unable to click on object 'Object Repository/FIM 1.2/Companies Page/Edit_btn'&#xa;	at com.kms.katalon.core.webui.keyword.internal.WebUIKeywordMain.stepFailed(WebUIKeywordMain.groovy:117)&#xa;	at com.kms.katalon.core.webui.keyword.internal.WebUIKeywordMain.runKeyword(WebUIKeywordMain.groovy:43)&#xa;	at com.kms.katalon.core.webui.keyword.builtin.ClickKeyword.click(ClickKeyword.groovy:74)&#xa;	at com.kms.katalon.core.webui.keyword.builtin.ClickKeyword.execute(ClickKeyword.groovy:40)&#xa;	at com.kms.katalon.core.keyword.internal.KeywordExecutor.executeKeywordForPlatform(KeywordExecutor.groovy:74)&#xa;	at com.kms.katalon.core.webui.keyword.WebUiBuiltInKeywords.click(WebUiBuiltInKeywords.groovy:659)&#xa;	at com.kms.katalon.core.webui.keyword.WebUiBuiltInKeywords$click$4.call(Unknown Source)&#xa;	at Cancelling a Company - Updating.run(Cancelling a Company - Updating:47)&#xa;	at com.kms.katalon.core.main.ScriptEngine.run(ScriptEngine.java:194)&#xa;	at com.kms.katalon.core.main.ScriptEngine.runScriptAsRawText(ScriptEngine.java:119)&#xa;	at com.kms.katalon.core.main.TestCaseExecutor.runScript(TestCaseExecutor.java:448)&#xa;	at com.kms.katalon.core.main.TestCaseExecutor.doExecute(TestCaseExecutor.java:439)&#xa;	at com.kms.katalon.core.main.TestCaseExecutor.processExecutionPhase(TestCaseExecutor.java:418)&#xa;	at com.kms.katalon.core.main.TestCaseExecutor.accessMainPhase(TestCaseExecutor.java:410)&#xa;	at com.kms.katalon.core.main.TestCaseExecutor.execute(TestCaseExecutor.java:285)&#xa;	at com.kms.katalon.core.common.CommonExecutor.accessTestCaseMainPhase(CommonExecutor.java:65)&#xa;	at com.kms.katalon.core.main.TestSuiteExecutor.accessTestSuiteMainPhase(TestSuiteExecutor.java:150)&#xa;	at com.kms.katalon.core.main.TestSuiteExecutor.execute(TestSuiteExecutor.java:106)&#xa;	at com.kms.katalon.core.main.TestCaseMain.startTestSuite(TestCaseMain.java:180)&#xa;	at com.kms.katalon.core.main.TestCaseMain$startTestSuite$0.call(Unknown Source)&#xa;	at TempTestSuite1761090740538.run(TempTestSuite1761090740538.groovy:35)&#xa;	at java.base/jdk.internal.reflect.NativeMethodAccessorImpl.invoke0(Native Method)&#xa;	at java.base/jdk.internal.reflect.NativeMethodAccessorImpl.invoke(NativeMethodAccessorImpl.java:77)&#xa;	at java.base/jdk.internal.reflect.DelegatingMethodAccessorImpl.invoke(DelegatingMethodAccessorImpl.java:43)&#xa;Caused by: com.kms.katalon.core.webui.exception.WebElementNotFoundException: Web element with id: 'Object Repository/FIM 1.2/Companies Page/Edit_btn' located by '/html/body/div/div[2]/div/div/div[1]/div[3]/div/div/table/tbody/tr/td[3]/button[1]' not found&#xa;	at com.kms.katalon.core.webui.common.WebUiCommonHelper.findWebElement(WebUiCommonHelper.java:1423)&#xa;	at com.kms.katalon.core.webui.keyword.internal.WebUIAbstractKeyword.findWebElement(WebUIAbstractKeyword.groovy:27)&#xa;	at com.kms.katalon.core.webui.keyword.builtin.ClickKeyword$_click_closure1.doCall(ClickKeyword.groovy:65)&#xa;	at com.kms.katalon.core.webui.keyword.builtin.ClickKeyword$_click_closure1.call(ClickKeyword.groovy)&#xa;	at com.kms.katalon.core.webui.keyword.internal.WebUIKeywordMain.runKeyword(WebUIKeywordMain.groovy:35)&#xa;	... 22 more&#xa;"/>
         <system-out><![CDATA[21-10-2025T20:01:04 - [TEST_CASE][FAILED] - Test Cases/FIM/UI/KGL/Admin/Company/Cancelling a Company - Updating: Test Cases/FIM/UI/KGL/Admin/Company/Cancelling a Company - Updating FAILED.
Reason:
com.kms.katalon.core.exception.StepFailedException: Unable to click on object 'Object Repository/FIM 1.2/Companies Page/Edit_btn'
	at com.kms.katalon.core.webui.keyword.internal.WebUIKeywordMain.stepFailed(WebUIKeywordMain.groovy:117)
	at com.kms.katalon.core.webui.keyword.internal.WebUIKeywordMain.runKeyword(WebUIKeywordMain.groovy:43)
	at com.kms.katalon.core.webui.keyword.builtin.ClickKeyword.click(ClickKeyword.groovy:74)
	at com.kms.katalon.core.webui.keyword.builtin.ClickKeyword.execute(ClickKeyword.groovy:40)
	at com.kms.katalon.core.keyword.internal.KeywordExecutor.executeKeywordForPlatform(KeywordExecutor.groovy:74)
	at com.kms.katalon.core.webui.keyword.WebUiBuiltInKeywords.click(WebUiBuiltInKeywords.groovy:659)
	at com.kms.katalon.core.webui.keyword.WebUiBuiltInKeywords$click$4.call(Unknown Source)
	at Cancelling a Company - Updating.run(Cancelling a Company - Updating:47)
	at com.kms.katalon.core.main.ScriptEngine.run(ScriptEngine.java:194)
	at com.kms.katalon.core.main.ScriptEngine.runScriptAsRawText(ScriptEngine.java:119)
	at com.kms.katalon.core.main.TestCaseExecutor.runScript(TestCaseExecutor.java:448)
	at com.kms.katalon.core.main.TestCaseExecutor.doExecute(TestCaseExecutor.java:439)
	at com.kms.katalon.core.main.TestCaseExecutor.processExecutionPhase(TestCaseExecutor.java:418)
	at com.kms.katalon.core.main.TestCaseExecutor.accessMainPhase(TestCaseExecutor.java:410)
	at com.kms.katalon.core.main.TestCaseExecutor.execute(TestCaseExecutor.java:285)
	at com.kms.katalon.core.common.CommonExecutor.accessTestCaseMainPhase(CommonExecutor.java:65)
	at com.kms.katalon.core.main.TestSuiteExecutor.accessTestSuiteMainPhase(TestSuiteExecutor.java:150)
	at com.kms.katalon.core.main.TestSuiteExecutor.execute(TestSuiteExecutor.java:106)
	at com.kms.katalon.core.main.TestCaseMain.startTestSuite(TestCaseMain.java:180)
	at com.kms.katalon.core.main.TestCaseMain$startTestSuite$0.call(Unknown Source)
	at TempTestSuite1761090740538.run(TempTestSuite1761090740538.groovy:35)
	at java.base/jdk.internal.reflect.NativeMethodAccessorImpl.invoke0(Native Method)
	at java.base/jdk.internal.reflect.NativeMethodAccessorImpl.invoke(NativeMethodAccessorImpl.java:77)
	at java.base/jdk.internal.reflect.DelegatingMethodAccessorImpl.invoke(DelegatingMethodAccessorImpl.java:43)
Caused by: com.kms.katalon.core.webui.exception.WebElementNotFoundException: Web element with id: 'Object Repository/FIM 1.2/Companies Page/Edit_btn' located by '/html/body/div/div[2]/div/div/div[1]/div[3]/div/div/table/tbody/tr/td[3]/button[1]' not found
	at com.kms.katalon.core.webui.common.WebUiCommonHelper.findWebElement(WebUiCommonHelper.java:1423)
	at com.kms.katalon.core.webui.keyword.internal.WebUIAbstractKeyword.findWebElement(WebUIAbstractKeyword.groovy:27)
	at com.kms.katalon.core.webui.keyword.builtin.ClickKeyword$_click_closure1.doCall(ClickKeyword.groovy:65)
	at com.kms.katalon.core.webui.keyword.builtin.ClickKeyword$_click_closure1.call(ClickKeyword.groovy)
	at com.kms.katalon.core.webui.keyword.internal.WebUIKeywordMain.runKeyword(WebUIKeywordMain.groovy:35)
	... 22 more


21-10-2025T20:01:04 - [TEST_STEP][PASSED] - Start listener action : beforeTestCase: null

21-10-2025T20:01:04 - [TEST_STEP][PASSED] - addDefaultPackages(): null

21-10-2025T20:01:04 - [TEST_STEP][PASSED] - callTestCase(findTestCase("Utility Scripts/FIM KGL Admin Login"), [:], STOP_ON_FAILURE): Call Test Case 'Test Cases/Utility Scripts/FIM KGL Admin Login' successfully

21-10-2025T20:01:04 - [TEST_CASE][PASSED] - Test Cases/Utility Scripts/FIM KGL Admin Login: Test Cases/Utility Scripts/FIM KGL Admin Login

21-10-2025T20:01:04 - [TEST_STEP][PASSED] - openBrowser(""): Browser is opened with url: ''

21-10-2025T20:01:04 - [MESSAGE][WARNING] - A browser is already opened. Closing browser and opening a new one

21-10-2025T20:01:04 - [MESSAGE][INFO] - Starting 'Chrome' driver

21-10-2025T20:01:04 - [MESSAGE][INFO] - User set preference: ['args', '[--no-sandbox, --disable-gpu, --disable-dev-shm-usage]']

21-10-2025T20:01:04 - [MESSAGE][INFO] - Action delay is set to 0 milliseconds

21-10-2025T20:01:05 - [MESSAGE][PASSED] - Browser is opened with url: ''

21-10-2025T20:01:05 - [TEST_STEP][PASSED] - delay(1): Delayed 1 second(s)

21-10-2025T20:01:06 - [MESSAGE][PASSED] - Delayed 1 second(s)

21-10-2025T20:01:06 - [TEST_STEP][PASSED] - navigateToUrl(KGLCustomGroupUrl): Navigate to 'https://kaglogistics-inventory-management-portal.qa.thekag.com/custom-group/' successfully

21-10-2025T20:01:06 - [MESSAGE][PASSED] - Navigate to 'https://kaglogistics-inventory-management-portal.qa.thekag.com/custom-group/' successfully

21-10-2025T20:01:06 - [TEST_STEP][PASSED] - delay(10): Delayed 10 second(s)

21-10-2025T20:01:16 - [MESSAGE][PASSED] - Delayed 10 second(s)

21-10-2025T20:01:16 - [TEST_STEP][PASSED] - if (maximizeWindow == true): Delayed 1 second(s)

21-10-2025T20:01:16 - [TEST_STEP][PASSED] - maximizeWindow(STOP_ON_FAILURE): Current window maximized

21-10-2025T20:01:16 - [MESSAGE][PASSED] - Current window maximized

21-10-2025T20:01:16 - [TEST_STEP][PASSED] - delay(1): Delayed 1 second(s)

21-10-2025T20:01:17 - [MESSAGE][PASSED] - Delayed 1 second(s)

21-10-2025T20:01:17 - [TEST_STEP][PASSED] - waitForElementPresent(findTestObject("FIM/Username_txt"), 10): Object 'Object Repository/FIM/Username_txt' is present

21-10-2025T20:01:17 - [MESSAGE][PASSED] - Object 'Object Repository/FIM/Username_txt' is present

21-10-2025T20:01:17 - [TEST_STEP][PASSED] - setText(findTestObject("FIM/Username_txt"), FIMUsername): Text 'Chris.Sheldon+DES_QA@Thekag.com' is set on object 'Object Repository/FIM/Username_txt'

21-10-2025T20:01:18 - [MESSAGE][PASSED] - Text 'Chris.Sheldon+DES_QA@Thekag.com' is set on object 'Object Repository/FIM/Username_txt'

21-10-2025T20:01:18 - [TEST_STEP][PASSED] - delay(1): Delayed 1 second(s)

21-10-2025T20:01:19 - [MESSAGE][PASSED] - Delayed 1 second(s)

21-10-2025T20:01:19 - [TEST_STEP][PASSED] - setText(findTestObject("FIM/Password_txt"), FIMPassword): Text 'QATest!2' is set on object 'Object Repository/FIM/Password_txt'

21-10-2025T20:01:19 - [MESSAGE][PASSED] - Text 'QATest!2' is set on object 'Object Repository/FIM/Password_txt'

21-10-2025T20:01:19 - [TEST_STEP][PASSED] - delay(1): Delayed 1 second(s)

21-10-2025T20:01:20 - [MESSAGE][PASSED] - Delayed 1 second(s)

21-10-2025T20:01:20 - [TEST_STEP][PASSED] - click(findTestObject("FIM/Login_btn")): Object: 'Object Repository/FIM/Login_btn' is clicked on

21-10-2025T20:01:20 - [MESSAGE][PASSED] - Object: 'Object Repository/FIM/Login_btn' is clicked on

21-10-2025T20:01:20 - [MESSAGE][PASSED] - Call Test Case 'Test Cases/Utility Scripts/FIM KGL Admin Login' successfully

21-10-2025T20:01:20 - [TEST_STEP][PASSED] - waitForElementClickable(findTestObject("FIM 1.2/Hamburger Menu List/Hamburger_menu"), 30): Object 'Object Repository/FIM 1.2/Hamburger Menu List/Hamburger_menu' is clickable

21-10-2025T20:01:20 - [MESSAGE][PASSED] - Object 'Object Repository/FIM 1.2/Hamburger Menu List/Hamburger_menu' is clickable

21-10-2025T20:01:20 - [TEST_STEP][PASSED] - if (verifyElementVisible(findTestObject("FIM/Server_Notification_Close_btn"), OPTIONAL) == true): Web element with id: 'Object Repository/FIM/Server_Notification_Close_btn' located by '/html/body/div/div[1]/button' not found (Root cause: com.kms.katalon.core.exception.StepFailedException: Web element with id: 'Object Repository/FIM/Server_Notification_Close_btn' located by '/html/body/div/div[1]/button' not found
	at com.kms.katalon.core.webui.keyword.internal.WebUIKeywordMain.stepFailed(WebUIKeywordMain.groovy:117)
	at com.kms.katalon.core.webui.keyword.builtin.VerifyElementVisibleKeyword$_verifyElementVisible_closure1.doCall(VerifyElementVisibleKeyword.groovy:89)
	at com.kms.katalon.core.webui.keyword.builtin.VerifyElementVisibleKeyword$_verifyElementVisible_closure1.call(VerifyElementVisibleKeyword.groovy)
	at com.kms.katalon.core.webui.keyword.internal.WebUIKeywordMain.runKeyword(WebUIKeywordMain.groovy:35)
	at com.kms.katalon.core.webui.keyword.builtin.VerifyElementVisibleKeyword.verifyElementVisible(VerifyElementVisibleKeyword.groovy:97)
	at com.kms.katalon.core.webui.keyword.builtin.VerifyElementVisibleKeyword.execute(VerifyElementVisibleKeyword.groovy:67)
	at com.kms.katalon.core.keyword.internal.KeywordExecutor.executeKeywordForPlatform(KeywordExecutor.groovy:74)
	at com.kms.katalon.core.webui.keyword.WebUiBuiltInKeywords.verifyElementVisible(WebUiBuiltInKeywords.groovy:401)
	at com.kms.katalon.core.webui.keyword.WebUiBuiltInKeywords$verifyElementVisible$6.call(Unknown Source)
	at Cancelling a Company - Updating.run(Cancelling a Company - Updating:24)
	at com.kms.katalon.core.main.ScriptEngine.run(ScriptEngine.java:194)
	at com.kms.katalon.core.main.ScriptEngine.runScriptAsRawText(ScriptEngine.java:119)
	at com.kms.katalon.core.main.TestCaseExecutor.runScript(TestCaseExecutor.java:448)
	at com.kms.katalon.core.main.TestCaseExecutor.doExecute(TestCaseExecutor.java:439)
	at com.kms.katalon.core.main.TestCaseExecutor.processExecutionPhase(TestCaseExecutor.java:418)
	at com.kms.katalon.core.main.TestCaseExecutor.accessMainPhase(TestCaseExecutor.java:410)
	at com.kms.katalon.core.main.TestCaseExecutor.execute(TestCaseExecutor.java:285)
	at com.kms.katalon.core.common.CommonExecutor.accessTestCaseMainPhase(CommonExecutor.java:65)
	at com.kms.katalon.core.main.TestSuiteExecutor.accessTestSuiteMainPhase(TestSuiteExecutor.java:150)
	at com.kms.katalon.core.main.TestSuiteExecutor.execute(TestSuiteExecutor.java:106)
	at com.kms.katalon.core.main.TestCaseMain.startTestSuite(TestCaseMain.java:180)
	at com.kms.katalon.core.main.TestCaseMain$startTestSuite$0.call(Unknown Source)
	at TempTestSuite1761090740538.run(TempTestSuite1761090740538.groovy:35)
	at java.base/jdk.internal.reflect.NativeMethodAccessorImpl.invoke0(Native Method)
	at java.base/jdk.internal.reflect.NativeMethodAccessorImpl.invoke(NativeMethodAccessorImpl.java:77)
	at java.base/jdk.internal.reflect.DelegatingMethodAccessorImpl.invoke(DelegatingMethodAccessorImpl.java:43)
)

21-10-2025T20:01:36 - [MESSAGE][INFO] - Unable to find the element located by 'By.xpath: /html/body/div/div[1]/button'. Please recheck the objects properties to make sure the desired element is located. 

21-10-2025T20:01:36 - [MESSAGE][WARNING] - [SELF-HEALING] Failed to find element with id 'Object Repository/FIM/Server_Notification_Close_btn'. Try using Self-healing.

21-10-2025T20:01:37 - [MESSAGE][INFO] - [SELF-HEALING] No working XPath is found.

21-10-2025T20:01:39 - [MESSAGE][INFO] - Unable to find the element located by 'By.xpath: '. Please recheck the objects properties to make sure the desired element is located. 

21-10-2025T20:01:39 - [MESSAGE][WARNING] - [SELF-HEALING] Cannot find elements when the selector is null

21-10-2025T20:01:39 - [MESSAGE][WARNING] - Web element with id: 'Object Repository/FIM/Server_Notification_Close_btn' located by '/html/body/div/div[1]/button' not found (Root cause: com.kms.katalon.core.exception.StepFailedException: Web element with id: 'Object Repository/FIM/Server_Notification_Close_btn' located by '/html/body/div/div[1]/button' not found
	at com.kms.katalon.core.webui.keyword.internal.WebUIKeywordMain.stepFailed(WebUIKeywordMain.groovy:117)
	at com.kms.katalon.core.webui.keyword.builtin.VerifyElementVisibleKeyword$_verifyElementVisible_closure1.doCall(VerifyElementVisibleKeyword.groovy:89)
	at com.kms.katalon.core.webui.keyword.builtin.VerifyElementVisibleKeyword$_verifyElementVisible_closure1.call(VerifyElementVisibleKeyword.groovy)
	at com.kms.katalon.core.webui.keyword.internal.WebUIKeywordMain.runKeyword(WebUIKeywordMain.groovy:35)
	at com.kms.katalon.core.webui.keyword.builtin.VerifyElementVisibleKeyword.verifyElementVisible(VerifyElementVisibleKeyword.groovy:97)
	at com.kms.katalon.core.webui.keyword.builtin.VerifyElementVisibleKeyword.execute(VerifyElementVisibleKeyword.groovy:67)
	at com.kms.katalon.core.keyword.internal.KeywordExecutor.executeKeywordForPlatform(KeywordExecutor.groovy:74)
	at com.kms.katalon.core.webui.keyword.WebUiBuiltInKeywords.verifyElementVisible(WebUiBuiltInKeywords.groovy:401)
	at com.kms.katalon.core.webui.keyword.WebUiBuiltInKeywords$verifyElementVisible$6.call(Unknown Source)
	at Cancelling a Company - Updating.run(Cancelling a Company - Updating:24)
	at com.kms.katalon.core.main.ScriptEngine.run(ScriptEngine.java:194)
	at com.kms.katalon.core.main.ScriptEngine.runScriptAsRawText(ScriptEngine.java:119)
	at com.kms.katalon.core.main.TestCaseExecutor.runScript(TestCaseExecutor.java:448)
	at com.kms.katalon.core.main.TestCaseExecutor.doExecute(TestCaseExecutor.java:439)
	at com.kms.katalon.core.main.TestCaseExecutor.processExecutionPhase(TestCaseExecutor.java:418)
	at com.kms.katalon.core.main.TestCaseExecutor.accessMainPhase(TestCaseExecutor.java:410)
	at com.kms.katalon.core.main.TestCaseExecutor.execute(TestCaseExecutor.java:285)
	at com.kms.katalon.core.common.CommonExecutor.accessTestCaseMainPhase(CommonExecutor.java:65)
	at com.kms.katalon.core.main.TestSuiteExecutor.accessTestSuiteMainPhase(TestSuiteExecutor.java:150)
	at com.kms.katalon.core.main.TestSuiteExecutor.execute(TestSuiteExecutor.java:106)
	at com.kms.katalon.core.main.TestCaseMain.startTestSuite(TestCaseMain.java:180)
	at com.kms.katalon.core.main.TestCaseMain$startTestSuite$0.call(Unknown Source)
	at TempTestSuite1761090740538.run(TempTestSuite1761090740538.groovy:35)
	at java.base/jdk.internal.reflect.NativeMethodAccessorImpl.invoke0(Native Method)
	at java.base/jdk.internal.reflect.NativeMethodAccessorImpl.invoke(NativeMethodAccessorImpl.java:77)
	at java.base/jdk.internal.reflect.DelegatingMethodAccessorImpl.invoke(DelegatingMethodAccessorImpl.java:43)
)

21-10-2025T20:01:39 - [TEST_STEP][PASSED] - delay(1): Delayed 1 second(s)

21-10-2025T20:01:40 - [MESSAGE][PASSED] - Delayed 1 second(s)

21-10-2025T20:01:40 - [TEST_STEP][PASSED] - click(findTestObject("FIM/Hamburger Menu List/Hamburger_menu")): Object: 'Object Repository/FIM/Hamburger Menu List/Hamburger_menu' is clicked on

21-10-2025T20:01:40 - [MESSAGE][PASSED] - Object: 'Object Repository/FIM/Hamburger Menu List/Hamburger_menu' is clicked on

21-10-2025T20:01:40 - [TEST_STEP][PASSED] - delay(1): Delayed 1 second(s)

21-10-2025T20:01:41 - [MESSAGE][PASSED] - Delayed 1 second(s)

21-10-2025T20:01:41 - [TEST_STEP][PASSED] - click(findTestObject("Object Repository/FIM 1.2/Hamburger Menu List/Companies_list")): Object: 'Object Repository/FIM 1.2/Hamburger Menu List/Companies_list' is clicked on

21-10-2025T20:01:41 - [MESSAGE][PASSED] - Object: 'Object Repository/FIM 1.2/Hamburger Menu List/Companies_list' is clicked on

21-10-2025T20:01:41 - [TEST_STEP][PASSED] - delay(5): Delayed 5 second(s)

21-10-2025T20:01:46 - [MESSAGE][PASSED] - Delayed 5 second(s)

21-10-2025T20:01:46 - [TEST_STEP][PASSED] - if (verifyElementVisible(findTestObject("FIM/Existing Page with Pending Changes Close_btn"), OPTIONAL) == true): null

21-10-2025T20:01:46 - [MESSAGE][PASSED] - Object 'Object Repository/FIM/Existing Page with Pending Changes Close_btn' is visible

21-10-2025T20:01:46 - [TEST_STEP][PASSED] - click(findTestObject("FIM/Existing Page with Pending Changes Close_btn")): Object: 'Object Repository/FIM/Existing Page with Pending Changes Close_btn' is clicked on

21-10-2025T20:01:47 - [MESSAGE][PASSED] - Object: 'Object Repository/FIM/Existing Page with Pending Changes Close_btn' is clicked on

21-10-2025T20:01:47 - [TEST_STEP][PASSED] - sendKeys(findTestObject("FIM 1.2/Companies Page/Filter_input_txt"), "CBS"): Keys 'CBS' sent to object: 'Object Repository/FIM 1.2/Companies Page/Filter_input_txt'

21-10-2025T20:01:47 - [MESSAGE][PASSED] - Keys 'CBS' sent to object: 'Object Repository/FIM 1.2/Companies Page/Filter_input_txt'

21-10-2025T20:01:47 - [TEST_STEP][PASSED] - delay(1): Delayed 1 second(s)

21-10-2025T20:01:48 - [MESSAGE][PASSED] - Delayed 1 second(s)

21-10-2025T20:01:48 - [TEST_STEP][FAILED] - click(findTestObject("FIM 1.2/Companies Page/Edit_btn")): Unable to click on object 'Object Repository/FIM 1.2/Companies Page/Edit_btn' (Root cause: com.kms.katalon.core.exception.StepFailedException: Unable to click on object 'Object Repository/FIM 1.2/Companies Page/Edit_btn'
	at com.kms.katalon.core.webui.keyword.internal.WebUIKeywordMain.stepFailed(WebUIKeywordMain.groovy:117)
	at com.kms.katalon.core.webui.keyword.internal.WebUIKeywordMain.runKeyword(WebUIKeywordMain.groovy:43)
	at com.kms.katalon.core.webui.keyword.builtin.ClickKeyword.click(ClickKeyword.groovy:74)
	at com.kms.katalon.core.webui.keyword.builtin.ClickKeyword.execute(ClickKeyword.groovy:40)
	at com.kms.katalon.core.keyword.internal.KeywordExecutor.executeKeywordForPlatform(KeywordExecutor.groovy:74)
	at com.kms.katalon.core.webui.keyword.WebUiBuiltInKeywords.click(WebUiBuiltInKeywords.groovy:659)
	at com.kms.katalon.core.webui.keyword.WebUiBuiltInKeywords$click$4.call(Unknown Source)
	at Cancelling a Company - Updating.run(Cancelling a Company - Updating:47)
	at com.kms.katalon.core.main.ScriptEngine.run(ScriptEngine.java:194)
	at com.kms.katalon.core.main.ScriptEngine.runScriptAsRawText(ScriptEngine.java:119)
	at com.kms.katalon.core.main.TestCaseExecutor.runScript(TestCaseExecutor.java:448)
	at com.kms.katalon.core.main.TestCaseExecutor.doExecute(TestCaseExecutor.java:439)
	at com.kms.katalon.core.main.TestCaseExecutor.processExecutionPhase(TestCaseExecutor.java:418)
	at com.kms.katalon.core.main.TestCaseExecutor.accessMainPhase(TestCaseExecutor.java:410)
	at com.kms.katalon.core.main.TestCaseExecutor.execute(TestCaseExecutor.java:285)
	at com.kms.katalon.core.common.CommonExecutor.accessTestCaseMainPhase(CommonExecutor.java:65)
	at com.kms.katalon.core.main.TestSuiteExecutor.accessTestSuiteMainPhase(TestSuiteExecutor.java:150)
	at com.kms.katalon.core.main.TestSuiteExecutor.execute(TestSuiteExecutor.java:106)
	at com.kms.katalon.core.main.TestCaseMain.startTestSuite(TestCaseMain.java:180)
	at com.kms.katalon.core.main.TestCaseMain$startTestSuite$0.call(Unknown Source)
	at TempTestSuite1761090740538.run(TempTestSuite1761090740538.groovy:35)
	at java.base/jdk.internal.reflect.NativeMethodAccessorImpl.invoke0(Native Method)
	at java.base/jdk.internal.reflect.NativeMethodAccessorImpl.invoke(NativeMethodAccessorImpl.java:77)
	at java.base/jdk.internal.reflect.DelegatingMethodAccessorImpl.invoke(DelegatingMethodAccessorImpl.java:43)
Caused by: com.kms.katalon.core.webui.exception.WebElementNotFoundException: Web element with id: 'Object Repository/FIM 1.2/Companies Page/Edit_btn' located by '/html/body/div/div[2]/div/div/div[1]/div[3]/div/div/table/tbody/tr/td[3]/button[1]' not found
	at com.kms.katalon.core.webui.common.WebUiCommonHelper.findWebElement(WebUiCommonHelper.java:1423)
	at com.kms.katalon.core.webui.keyword.internal.WebUIAbstractKeyword.findWebElement(WebUIAbstractKeyword.groovy:27)
	at com.kms.katalon.core.webui.keyword.builtin.ClickKeyword$_click_closure1.doCall(ClickKeyword.groovy:65)
	at com.kms.katalon.core.webui.keyword.builtin.ClickKeyword$_click_closure1.call(ClickKeyword.groovy)
	at com.kms.katalon.core.webui.keyword.internal.WebUIKeywordMain.runKeyword(WebUIKeywordMain.groovy:35)
	at com.kms.katalon.core.webui.keyword.builtin.ClickKeyword.click(ClickKeyword.groovy:74)
	at com.kms.katalon.core.webui.keyword.builtin.ClickKeyword.execute(ClickKeyword.groovy:40)
	at com.kms.katalon.core.keyword.internal.KeywordExecutor.executeKeywordForPlatform(KeywordExecutor.groovy:74)
	at com.kms.katalon.core.webui.keyword.WebUiBuiltInKeywords.click(WebUiBuiltInKeywords.groovy:659)
	at com.kms.katalon.core.webui.keyword.WebUiBuiltInKeywords$click$4.call(Unknown Source)
	at Script1705351007506.run(Script1705351007506.groovy:47)
	... 16 more
)

21-10-2025T20:02:04 - [MESSAGE][INFO] - Unable to find the element located by 'By.xpath: /html/body/div/div[2]/div/div/div[1]/div[3]/div/div/table/tbody/tr/td[3]/button[1]'. Please recheck the objects properties to make sure the desired element is located. 

21-10-2025T20:02:04 - [MESSAGE][WARNING] - [SELF-HEALING] Failed to find element with id 'Object Repository/FIM 1.2/Companies Page/Edit_btn'. Try using Self-healing.

21-10-2025T20:02:05 - [MESSAGE][INFO] - [SELF-HEALING] No working XPath is found.

21-10-2025T20:02:07 - [MESSAGE][INFO] - Unable to find the element located by 'By.xpath: '. Please recheck the objects properties to make sure the desired element is located. 

21-10-2025T20:02:07 - [MESSAGE][WARNING] - [SELF-HEALING] Cannot find elements when the selector is null

21-10-2025T20:02:07 - [MESSAGE][FAILED] - Unable to click on object 'Object Repository/FIM 1.2/Companies Page/Edit_btn' (Root cause: com.kms.katalon.core.exception.StepFailedException: Unable to click on object 'Object Repository/FIM 1.2/Companies Page/Edit_btn'
	at com.kms.katalon.core.webui.keyword.internal.WebUIKeywordMain.stepFailed(WebUIKeywordMain.groovy:117)
	at com.kms.katalon.core.webui.keyword.internal.WebUIKeywordMain.runKeyword(WebUIKeywordMain.groovy:43)
	at com.kms.katalon.core.webui.keyword.builtin.ClickKeyword.click(ClickKeyword.groovy:74)
	at com.kms.katalon.core.webui.keyword.builtin.ClickKeyword.execute(ClickKeyword.groovy:40)
	at com.kms.katalon.core.keyword.internal.KeywordExecutor.executeKeywordForPlatform(KeywordExecutor.groovy:74)
	at com.kms.katalon.core.webui.keyword.WebUiBuiltInKeywords.click(WebUiBuiltInKeywords.groovy:659)
	at com.kms.katalon.core.webui.keyword.WebUiBuiltInKeywords$click$4.call(Unknown Source)
	at Cancelling a Company - Updating.run(Cancelling a Company - Updating:47)
	at com.kms.katalon.core.main.ScriptEngine.run(ScriptEngine.java:194)
	at com.kms.katalon.core.main.ScriptEngine.runScriptAsRawText(ScriptEngine.java:119)
	at com.kms.katalon.core.main.TestCaseExecutor.runScript(TestCaseExecutor.java:448)
	at com.kms.katalon.core.main.TestCaseExecutor.doExecute(TestCaseExecutor.java:439)
	at com.kms.katalon.core.main.TestCaseExecutor.processExecutionPhase(TestCaseExecutor.java:418)
	at com.kms.katalon.core.main.TestCaseExecutor.accessMainPhase(TestCaseExecutor.java:410)
	at com.kms.katalon.core.main.TestCaseExecutor.execute(TestCaseExecutor.java:285)
	at com.kms.katalon.core.common.CommonExecutor.accessTestCaseMainPhase(CommonExecutor.java:65)
	at com.kms.katalon.core.main.TestSuiteExecutor.accessTestSuiteMainPhase(TestSuiteExecutor.java:150)
	at com.kms.katalon.core.main.TestSuiteExecutor.execute(TestSuiteExecutor.java:106)
	at com.kms.katalon.core.main.TestCaseMain.startTestSuite(TestCaseMain.java:180)
	at com.kms.katalon.core.main.TestCaseMain$startTestSuite$0.call(Unknown Source)
	at TempTestSuite1761090740538.run(TempTestSuite1761090740538.groovy:35)
	at java.base/jdk.internal.reflect.NativeMethodAccessorImpl.invoke0(Native Method)
	at java.base/jdk.internal.reflect.NativeMethodAccessorImpl.invoke(NativeMethodAccessorImpl.java:77)
	at java.base/jdk.internal.reflect.DelegatingMethodAccessorImpl.invoke(DelegatingMethodAccessorImpl.java:43)
Caused by: com.kms.katalon.core.webui.exception.WebElementNotFoundException: Web element with id: 'Object Repository/FIM 1.2/Companies Page/Edit_btn' located by '/html/body/div/div[2]/div/div/div[1]/div[3]/div/div/table/tbody/tr/td[3]/button[1]' not found
	at com.kms.katalon.core.webui.common.WebUiCommonHelper.findWebElement(WebUiCommonHelper.java:1423)
	at com.kms.katalon.core.webui.keyword.internal.WebUIAbstractKeyword.findWebElement(WebUIAbstractKeyword.groovy:27)
	at com.kms.katalon.core.webui.keyword.builtin.ClickKeyword$_click_closure1.doCall(ClickKeyword.groovy:65)
	at com.kms.katalon.core.webui.keyword.builtin.ClickKeyword$_click_closure1.call(ClickKeyword.groovy)
	at com.kms.katalon.core.webui.keyword.internal.WebUIKeywordMain.runKeyword(WebUIKeywordMain.groovy:35)
	at com.kms.katalon.core.webui.keyword.builtin.ClickKeyword.click(ClickKeyword.groovy:74)
	at com.kms.katalon.core.webui.keyword.builtin.ClickKeyword.execute(ClickKeyword.groovy:40)
	at com.kms.katalon.core.keyword.internal.KeywordExecutor.executeKeywordForPlatform(KeywordExecutor.groovy:74)
	at com.kms.katalon.core.webui.keyword.WebUiBuiltInKeywords.click(WebUiBuiltInKeywords.groovy:659)
	at com.kms.katalon.core.webui.keyword.WebUiBuiltInKeywords$click$4.call(Unknown Source)
	at Script1705351007506.run(Script1705351007506.groovy:47)
	... 16 more
)

21-10-2025T20:02:07 - [TEST_STEP][PASSED] - Start listener action : retryOnDisconnect: Current window's url is: 'https://kaglogistics-inventory-management-portal.qa.thekag.com/companies/'

21-10-2025T20:02:07 - [TEST_STEP][PASSED] - tcId = testCaseContext.getTestCaseId(): null

21-10-2025T20:02:07 - [TEST_STEP][PASSED] - currentRetry = retryCounts.getOrDefault(tcId, 0): null

21-10-2025T20:02:07 - [TEST_STEP][PASSED] - if (testCaseContext.getTestCaseStatus() == "FAILED" && currentRetry < MAX_RETRIES): Current window's url is: 'https://kaglogistics-inventory-management-portal.qa.thekag.com/companies/'

21-10-2025T20:02:07 - [TEST_STEP][PASSED] - try: Current window's url is: 'https://kaglogistics-inventory-management-portal.qa.thekag.com/companies/'

21-10-2025T20:02:07 - [TEST_STEP][PASSED] - comment(Checking for WebDriver disconnect for test case: $tcId): Checking for WebDriver disconnect for test case: Test Cases/FIM/UI/KGL/Admin/Company/Cancelling a Company - Updating

21-10-2025T20:02:07 - [MESSAGE][INFO] - Checking for WebDriver disconnect for test case: Test Cases/FIM/UI/KGL/Admin/Company/Cancelling a Company - Updating

21-10-2025T20:02:07 - [TEST_STEP][PASSED] - getUrl(): Current window's url is: 'https://kaglogistics-inventory-management-portal.qa.thekag.com/companies/'

21-10-2025T20:02:07 - [MESSAGE][PASSED] - Current window's url is: 'https://kaglogistics-inventory-management-portal.qa.thekag.com/companies/']]></system-out>
         <system-err><![CDATA[21-10-2025T20:01:04 - [TEST_CASE][FAILED] - Test Cases/FIM/UI/KGL/Admin/Company/Cancelling a Company - Updating: Test Cases/FIM/UI/KGL/Admin/Company/Cancelling a Company - Updating FAILED.
Reason:
com.kms.katalon.core.exception.StepFailedException: Unable to click on object 'Object Repository/FIM 1.2/Companies Page/Edit_btn'
	at com.kms.katalon.core.webui.keyword.internal.WebUIKeywordMain.stepFailed(WebUIKeywordMain.groovy:117)
	at com.kms.katalon.core.webui.keyword.internal.WebUIKeywordMain.runKeyword(WebUIKeywordMain.groovy:43)
	at com.kms.katalon.core.webui.keyword.builtin.ClickKeyword.click(ClickKeyword.groovy:74)
	at com.kms.katalon.core.webui.keyword.builtin.ClickKeyword.execute(ClickKeyword.groovy:40)
	at com.kms.katalon.core.keyword.internal.KeywordExecutor.executeKeywordForPlatform(KeywordExecutor.groovy:74)
	at com.kms.katalon.core.webui.keyword.WebUiBuiltInKeywords.click(WebUiBuiltInKeywords.groovy:659)
	at com.kms.katalon.core.webui.keyword.WebUiBuiltInKeywords$click$4.call(Unknown Source)
	at Cancelling a Company - Updating.run(Cancelling a Company - Updating:47)
	at com.kms.katalon.core.main.ScriptEngine.run(ScriptEngine.java:194)
	at com.kms.katalon.core.main.ScriptEngine.runScriptAsRawText(ScriptEngine.java:119)
	at com.kms.katalon.core.main.TestCaseExecutor.runScript(TestCaseExecutor.java:448)
	at com.kms.katalon.core.main.TestCaseExecutor.doExecute(TestCaseExecutor.java:439)
	at com.kms.katalon.core.main.TestCaseExecutor.processExecutionPhase(TestCaseExecutor.java:418)
	at com.kms.katalon.core.main.TestCaseExecutor.accessMainPhase(TestCaseExecutor.java:410)
	at com.kms.katalon.core.main.TestCaseExecutor.execute(TestCaseExecutor.java:285)
	at com.kms.katalon.core.common.CommonExecutor.accessTestCaseMainPhase(CommonExecutor.java:65)
	at com.kms.katalon.core.main.TestSuiteExecutor.accessTestSuiteMainPhase(TestSuiteExecutor.java:150)
	at com.kms.katalon.core.main.TestSuiteExecutor.execute(TestSuiteExecutor.java:106)
	at com.kms.katalon.core.main.TestCaseMain.startTestSuite(TestCaseMain.java:180)
	at com.kms.katalon.core.main.TestCaseMain$startTestSuite$0.call(Unknown Source)
	at TempTestSuite1761090740538.run(TempTestSuite1761090740538.groovy:35)
	at java.base/jdk.internal.reflect.NativeMethodAccessorImpl.invoke0(Native Method)
	at java.base/jdk.internal.reflect.NativeMethodAccessorImpl.invoke(NativeMethodAccessorImpl.java:77)
	at java.base/jdk.internal.reflect.DelegatingMethodAccessorImpl.invoke(DelegatingMethodAccessorImpl.java:43)
Caused by: com.kms.katalon.core.webui.exception.WebElementNotFoundException: Web element with id: 'Object Repository/FIM 1.2/Companies Page/Edit_btn' located by '/html/body/div/div[2]/div/div/div[1]/div[3]/div/div/table/tbody/tr/td[3]/button[1]' not found
	at com.kms.katalon.core.webui.common.WebUiCommonHelper.findWebElement(WebUiCommonHelper.java:1423)
	at com.kms.katalon.core.webui.keyword.internal.WebUIAbstractKeyword.findWebElement(WebUIAbstractKeyword.groovy:27)
	at com.kms.katalon.core.webui.keyword.builtin.ClickKeyword$_click_closure1.doCall(ClickKeyword.groovy:65)
	at com.kms.katalon.core.webui.keyword.builtin.ClickKeyword$_click_closure1.call(ClickKeyword.groovy)
	at com.kms.katalon.core.webui.keyword.internal.WebUIKeywordMain.runKeyword(WebUIKeywordMain.groovy:35)
	... 22 more]]></system-err>
      </testcase>
      <testcase name="Test Cases/FIM/UI/KGL/Admin/Company/Creating a Bill To Company" time="50.311" classname="Test Cases/FIM/UI/KGL/Admin/Company/Creating a Bill To Company" status="FAILED">
         <failure type="FAILED" message="Test Cases/FIM/UI/KGL/Admin/Company/Creating a Bill To Company FAILED.&#xa;Reason:&#xa;com.kms.katalon.core.exception.StepFailedException: Verify element text of test object 'Object Repository/FIM 1.2/Companies Page/Add Company Success Alert' FAILED.&#xa;	at com.kms.katalon.core.webui.keyword.internal.WebUIKeywordMain.stepFailed(WebUIKeywordMain.groovy:117)&#xa;	at com.kms.katalon.core.webui.keyword.internal.WebUIKeywordMain.runKeyword(WebUIKeywordMain.groovy:43)&#xa;	at com.kms.katalon.core.webui.keyword.builtin.VerifyElementTextKeyword.verifyElementText(VerifyElementTextKeyword.groovy:72)&#xa;	at com.kms.katalon.core.webui.keyword.builtin.VerifyElementTextKeyword.execute(VerifyElementTextKeyword.groovy:40)&#xa;	at com.kms.katalon.core.keyword.internal.KeywordExecutor.executeKeywordForPlatform(KeywordExecutor.groovy:74)&#xa;	at com.kms.katalon.core.webui.keyword.WebUiBuiltInKeywords.verifyElementText(WebUiBuiltInKeywords.groovy:4835)&#xa;	at com.kms.katalon.core.webui.keyword.WebUiBuiltInKeywords$verifyElementText$15.call(Unknown Source)&#xa;	at Creating a Bill To Company.run(Creating a Bill To Company:67)&#xa;	at com.kms.katalon.core.main.ScriptEngine.run(ScriptEngine.java:194)&#xa;	at com.kms.katalon.core.main.ScriptEngine.runScriptAsRawText(ScriptEngine.java:119)&#xa;	at com.kms.katalon.core.main.TestCaseExecutor.runScript(TestCaseExecutor.java:448)&#xa;	at com.kms.katalon.core.main.TestCaseExecutor.doExecute(TestCaseExecutor.java:439)&#xa;	at com.kms.katalon.core.main.TestCaseExecutor.processExecutionPhase(TestCaseExecutor.java:418)&#xa;	at com.kms.katalon.core.main.TestCaseExecutor.accessMainPhase(TestCaseExecutor.java:410)&#xa;	at com.kms.katalon.core.main.TestCaseExecutor.execute(TestCaseExecutor.java:285)&#xa;	at com.kms.katalon.core.common.CommonExecutor.accessTestCaseMainPhase(CommonExecutor.java:65)&#xa;	at com.kms.katalon.core.main.TestSuiteExecutor.accessTestSuiteMainPhase(TestSuiteExecutor.java:150)&#xa;	at com.kms.katalon.core.main.TestSuiteExecutor.execute(TestSuiteExecutor.java:106)&#xa;	at com.kms.katalon.core.main.TestCaseMain.startTestSuite(TestCaseMain.java:180)&#xa;	at com.kms.katalon.core.main.TestCaseMain$startTestSuite$0.call(Unknown Source)&#xa;	at TempTestSuite1761090740538.run(TempTestSuite1761090740538.groovy:35)&#xa;	at java.base/jdk.internal.reflect.NativeMethodAccessorImpl.invoke0(Native Method)&#xa;	at java.base/jdk.internal.reflect.NativeMethodAccessorImpl.invoke(NativeMethodAccessorImpl.java:77)&#xa;	at java.base/jdk.internal.reflect.DelegatingMethodAccessorImpl.invoke(DelegatingMethodAccessorImpl.java:43)&#xa;Caused by: com.kms.katalon.core.exception.StepFailedException: Actual text 'Unique ID *&#xa;Company Name *&#xa;Phone&#xa;Address *&#xa;City *&#xa;State *&#xa;Alabama&#xa;Alaska&#xa;American Samoa&#xa;Arizona&#xa;Arkansas&#xa;California&#xa;Colorado&#xa;Connecticut&#xa;Delaware&#xa;District Of Columbia&#xa;Federated States Of Micronesia&#xa;Florida&#xa;Georgia&#xa;Guam&#xa;Hawaii&#xa;Idaho&#xa;Illinois&#xa;Indiana&#xa;Iowa&#xa;Kansas&#xa;Kentucky&#xa;Louisiana&#xa;Maine&#xa;Marshall Islands&#xa;Maryland&#xa;Massachusetts&#xa;Michigan&#xa;Minnesota&#xa;Mississippi&#xa;Missouri&#xa;Montana&#xa;Nebraska&#xa;Nevada&#xa;New Hampshire&#xa;New Jersey&#xa;New Mexico&#xa;New York&#xa;North Carolina&#xa;North Dakota&#xa;Northern Mariana Islands&#xa;Ohio&#xa;Oklahoma&#xa;Oregon&#xa;Palau&#xa;Pennsylvania&#xa;Puerto Rico&#xa;Rhode Island&#xa;South Carolina&#xa;South Dakota&#xa;Tennessee&#xa;Texas&#xa;Utah&#xa;Vermont&#xa;Virgin Islands&#xa;Virginia&#xa;Washington&#xa;West Virginia&#xa;Wisconsin&#xa;Wyoming&#xa;Zip *&#xa;Account of&#xa;Bill to&#xa;Shipper&#xa;Consignee&#xa;Supplier&#xa;Active For Forecasting&#xa;Show Inventory Reading Alert&#xa;Show First Of The Day Inventory Readings&#xa;Save&#xa;Cancel' and expected text 'The site has been created successfully' of test object 'Object Repository/FIM 1.2/Companies Page/Add Company Success Alert' are NOT matched.&#xa;	at com.kms.katalon.core.webui.keyword.internal.WebUIKeywordMain.stepFailed(WebUIKeywordMain.groovy:117)&#xa;	at com.kms.katalon.core.webui.keyword.builtin.VerifyElementTextKeyword$_verifyElementText_closure1.doCall(VerifyElementTextKeyword.groovy:57)&#xa;	at com.kms.katalon.core.webui.keyword.builtin.VerifyElementTextKeyword$_verifyElementText_closure1.call(VerifyElementTextKeyword.groovy)&#xa;	at com.kms.katalon.core.webui.keyword.internal.WebUIKeywordMain.runKeyword(WebUIKeywordMain.groovy:35)&#xa;	... 22 more&#xa;"/>
         <system-out><![CDATA[21-10-2025T20:02:07 - [TEST_CASE][FAILED] - Test Cases/FIM/UI/KGL/Admin/Company/Creating a Bill To Company: Test Cases/FIM/UI/KGL/Admin/Company/Creating a Bill To Company FAILED.
Reason:
com.kms.katalon.core.exception.StepFailedException: Verify element text of test object 'Object Repository/FIM 1.2/Companies Page/Add Company Success Alert' FAILED.
	at com.kms.katalon.core.webui.keyword.internal.WebUIKeywordMain.stepFailed(WebUIKeywordMain.groovy:117)
	at com.kms.katalon.core.webui.keyword.internal.WebUIKeywordMain.runKeyword(WebUIKeywordMain.groovy:43)
	at com.kms.katalon.core.webui.keyword.builtin.VerifyElementTextKeyword.verifyElementText(VerifyElementTextKeyword.groovy:72)
	at com.kms.katalon.core.webui.keyword.builtin.VerifyElementTextKeyword.execute(VerifyElementTextKeyword.groovy:40)
	at com.kms.katalon.core.keyword.internal.KeywordExecutor.executeKeywordForPlatform(KeywordExecutor.groovy:74)
	at com.kms.katalon.core.webui.keyword.WebUiBuiltInKeywords.verifyElementText(WebUiBuiltInKeywords.groovy:4835)
	at com.kms.katalon.core.webui.keyword.WebUiBuiltInKeywords$verifyElementText$15.call(Unknown Source)
	at Creating a Bill To Company.run(Creating a Bill To Company:67)
	at com.kms.katalon.core.main.ScriptEngine.run(ScriptEngine.java:194)
	at com.kms.katalon.core.main.ScriptEngine.runScriptAsRawText(ScriptEngine.java:119)
	at com.kms.katalon.core.main.TestCaseExecutor.runScript(TestCaseExecutor.java:448)
	at com.kms.katalon.core.main.TestCaseExecutor.doExecute(TestCaseExecutor.java:439)
	at com.kms.katalon.core.main.TestCaseExecutor.processExecutionPhase(TestCaseExecutor.java:418)
	at com.kms.katalon.core.main.TestCaseExecutor.accessMainPhase(TestCaseExecutor.java:410)
	at com.kms.katalon.core.main.TestCaseExecutor.execute(TestCaseExecutor.java:285)
	at com.kms.katalon.core.common.CommonExecutor.accessTestCaseMainPhase(CommonExecutor.java:65)
	at com.kms.katalon.core.main.TestSuiteExecutor.accessTestSuiteMainPhase(TestSuiteExecutor.java:150)
	at com.kms.katalon.core.main.TestSuiteExecutor.execute(TestSuiteExecutor.java:106)
	at com.kms.katalon.core.main.TestCaseMain.startTestSuite(TestCaseMain.java:180)
	at com.kms.katalon.core.main.TestCaseMain$startTestSuite$0.call(Unknown Source)
	at TempTestSuite1761090740538.run(TempTestSuite1761090740538.groovy:35)
	at java.base/jdk.internal.reflect.NativeMethodAccessorImpl.invoke0(Native Method)
	at java.base/jdk.internal.reflect.NativeMethodAccessorImpl.invoke(NativeMethodAccessorImpl.java:77)
	at java.base/jdk.internal.reflect.DelegatingMethodAccessorImpl.invoke(DelegatingMethodAccessorImpl.java:43)
Caused by: com.kms.katalon.core.exception.StepFailedException: Actual text 'Unique ID *
Company Name *
Phone
Address *
City *
State *
Alabama
Alaska
American Samoa
Arizona
Arkansas
California
Colorado
Connecticut
Delaware
District Of Columbia
Federated States Of Micronesia
Florida
Georgia
Guam
Hawaii
Idaho
Illinois
Indiana
Iowa
Kansas
Kentucky
Louisiana
Maine
Marshall Islands
Maryland
Massachusetts
Michigan
Minnesota
Mississippi
Missouri
Montana
Nebraska
Nevada
New Hampshire
New Jersey
New Mexico
New York
North Carolina
North Dakota
Northern Mariana Islands
Ohio
Oklahoma
Oregon
Palau
Pennsylvania
Puerto Rico
Rhode Island
South Carolina
South Dakota
Tennessee
Texas
Utah
Vermont
Virgin Islands
Virginia
Washington
West Virginia
Wisconsin
Wyoming
Zip *
Account of
Bill to
Shipper
Consignee
Supplier
Active For Forecasting
Show Inventory Reading Alert
Show First Of The Day Inventory Readings
Save
Cancel' and expected text 'The site has been created successfully' of test object 'Object Repository/FIM 1.2/Companies Page/Add Company Success Alert' are NOT matched.
	at com.kms.katalon.core.webui.keyword.internal.WebUIKeywordMain.stepFailed(WebUIKeywordMain.groovy:117)
	at com.kms.katalon.core.webui.keyword.builtin.VerifyElementTextKeyword$_verifyElementText_closure1.doCall(VerifyElementTextKeyword.groovy:57)
	at com.kms.katalon.core.webui.keyword.builtin.VerifyElementTextKeyword$_verifyElementText_closure1.call(VerifyElementTextKeyword.groovy)
	at com.kms.katalon.core.webui.keyword.internal.WebUIKeywordMain.runKeyword(WebUIKeywordMain.groovy:35)
	... 22 more


21-10-2025T20:02:07 - [TEST_STEP][PASSED] - Start listener action : beforeTestCase: null

21-10-2025T20:02:07 - [TEST_STEP][PASSED] - addDefaultPackages(): null

21-10-2025T20:02:07 - [TEST_STEP][PASSED] - callTestCase(findTestCase("Utility Scripts/FIM KGL Admin Login"), [:], STOP_ON_FAILURE): Call Test Case 'Test Cases/Utility Scripts/FIM KGL Admin Login' successfully

21-10-2025T20:02:07 - [TEST_CASE][PASSED] - Test Cases/Utility Scripts/FIM KGL Admin Login: Test Cases/Utility Scripts/FIM KGL Admin Login

21-10-2025T20:02:07 - [TEST_STEP][PASSED] - openBrowser(""): Browser is opened with url: ''

21-10-2025T20:02:07 - [MESSAGE][WARNING] - A browser is already opened. Closing browser and opening a new one

21-10-2025T20:02:07 - [MESSAGE][INFO] - Starting 'Chrome' driver

21-10-2025T20:02:07 - [MESSAGE][INFO] - User set preference: ['args', '[--no-sandbox, --disable-gpu, --disable-dev-shm-usage]']

21-10-2025T20:02:07 - [MESSAGE][INFO] - Action delay is set to 0 milliseconds

21-10-2025T20:02:08 - [MESSAGE][PASSED] - Browser is opened with url: ''

21-10-2025T20:02:08 - [TEST_STEP][PASSED] - delay(1): Delayed 1 second(s)

21-10-2025T20:02:09 - [MESSAGE][PASSED] - Delayed 1 second(s)

21-10-2025T20:02:09 - [TEST_STEP][PASSED] - navigateToUrl(KGLCustomGroupUrl): Navigate to 'https://kaglogistics-inventory-management-portal.qa.thekag.com/custom-group/' successfully

21-10-2025T20:02:09 - [MESSAGE][PASSED] - Navigate to 'https://kaglogistics-inventory-management-portal.qa.thekag.com/custom-group/' successfully

21-10-2025T20:02:09 - [TEST_STEP][PASSED] - delay(10): Delayed 10 second(s)

21-10-2025T20:02:20 - [MESSAGE][PASSED] - Delayed 10 second(s)

21-10-2025T20:02:20 - [TEST_STEP][PASSED] - if (maximizeWindow == true): Delayed 1 second(s)

21-10-2025T20:02:20 - [TEST_STEP][PASSED] - maximizeWindow(STOP_ON_FAILURE): Current window maximized

21-10-2025T20:02:20 - [MESSAGE][PASSED] - Current window maximized

21-10-2025T20:02:20 - [TEST_STEP][PASSED] - delay(1): Delayed 1 second(s)

21-10-2025T20:02:21 - [MESSAGE][PASSED] - Delayed 1 second(s)

21-10-2025T20:02:21 - [TEST_STEP][PASSED] - waitForElementPresent(findTestObject("FIM/Username_txt"), 10): Object 'Object Repository/FIM/Username_txt' is present

21-10-2025T20:02:21 - [MESSAGE][PASSED] - Object 'Object Repository/FIM/Username_txt' is present

21-10-2025T20:02:21 - [TEST_STEP][PASSED] - setText(findTestObject("FIM/Username_txt"), FIMUsername): Text 'Chris.Sheldon+DES_QA@Thekag.com' is set on object 'Object Repository/FIM/Username_txt'

21-10-2025T20:02:21 - [MESSAGE][PASSED] - Text 'Chris.Sheldon+DES_QA@Thekag.com' is set on object 'Object Repository/FIM/Username_txt'

21-10-2025T20:02:21 - [TEST_STEP][PASSED] - delay(1): Delayed 1 second(s)

21-10-2025T20:02:22 - [MESSAGE][PASSED] - Delayed 1 second(s)

21-10-2025T20:02:22 - [TEST_STEP][PASSED] - setText(findTestObject("FIM/Password_txt"), FIMPassword): Text 'QATest!2' is set on object 'Object Repository/FIM/Password_txt'

21-10-2025T20:02:22 - [MESSAGE][PASSED] - Text 'QATest!2' is set on object 'Object Repository/FIM/Password_txt'

21-10-2025T20:02:22 - [TEST_STEP][PASSED] - delay(1): Delayed 1 second(s)

21-10-2025T20:02:23 - [MESSAGE][PASSED] - Delayed 1 second(s)

21-10-2025T20:02:23 - [TEST_STEP][PASSED] - click(findTestObject("FIM/Login_btn")): Object: 'Object Repository/FIM/Login_btn' is clicked on

21-10-2025T20:02:23 - [MESSAGE][PASSED] - Object: 'Object Repository/FIM/Login_btn' is clicked on

21-10-2025T20:02:23 - [MESSAGE][PASSED] - Call Test Case 'Test Cases/Utility Scripts/FIM KGL Admin Login' successfully

21-10-2025T20:02:23 - [TEST_STEP][PASSED] - waitForElementClickable(findTestObject("FIM 1.2/Hamburger Menu List/Hamburger_menu"), 30): Object 'Object Repository/FIM 1.2/Hamburger Menu List/Hamburger_menu' is clickable

21-10-2025T20:02:23 - [MESSAGE][PASSED] - Object 'Object Repository/FIM 1.2/Hamburger Menu List/Hamburger_menu' is clickable

21-10-2025T20:02:23 - [TEST_STEP][PASSED] - if (verifyElementVisible(findTestObject("FIM/Server_Notification_Close_btn"), OPTIONAL) == true): Web element with id: 'Object Repository/FIM/Server_Notification_Close_btn' located by '/html/body/div/div[1]/button' not found (Root cause: com.kms.katalon.core.exception.StepFailedException: Web element with id: 'Object Repository/FIM/Server_Notification_Close_btn' located by '/html/body/div/div[1]/button' not found
	at com.kms.katalon.core.webui.keyword.internal.WebUIKeywordMain.stepFailed(WebUIKeywordMain.groovy:117)
	at com.kms.katalon.core.webui.keyword.builtin.VerifyElementVisibleKeyword$_verifyElementVisible_closure1.doCall(VerifyElementVisibleKeyword.groovy:89)
	at com.kms.katalon.core.webui.keyword.builtin.VerifyElementVisibleKeyword$_verifyElementVisible_closure1.call(VerifyElementVisibleKeyword.groovy)
	at com.kms.katalon.core.webui.keyword.internal.WebUIKeywordMain.runKeyword(WebUIKeywordMain.groovy:35)
	at com.kms.katalon.core.webui.keyword.builtin.VerifyElementVisibleKeyword.verifyElementVisible(VerifyElementVisibleKeyword.groovy:97)
	at com.kms.katalon.core.webui.keyword.builtin.VerifyElementVisibleKeyword.execute(VerifyElementVisibleKeyword.groovy:67)
	at com.kms.katalon.core.keyword.internal.KeywordExecutor.executeKeywordForPlatform(KeywordExecutor.groovy:74)
	at com.kms.katalon.core.webui.keyword.WebUiBuiltInKeywords.verifyElementVisible(WebUiBuiltInKeywords.groovy:401)
	at com.kms.katalon.core.webui.keyword.WebUiBuiltInKeywords$verifyElementVisible$6.call(Unknown Source)
	at Creating a Bill To Company.run(Creating a Bill To Company:24)
	at com.kms.katalon.core.main.ScriptEngine.run(ScriptEngine.java:194)
	at com.kms.katalon.core.main.ScriptEngine.runScriptAsRawText(ScriptEngine.java:119)
	at com.kms.katalon.core.main.TestCaseExecutor.runScript(TestCaseExecutor.java:448)
	at com.kms.katalon.core.main.TestCaseExecutor.doExecute(TestCaseExecutor.java:439)
	at com.kms.katalon.core.main.TestCaseExecutor.processExecutionPhase(TestCaseExecutor.java:418)
	at com.kms.katalon.core.main.TestCaseExecutor.accessMainPhase(TestCaseExecutor.java:410)
	at com.kms.katalon.core.main.TestCaseExecutor.execute(TestCaseExecutor.java:285)
	at com.kms.katalon.core.common.CommonExecutor.accessTestCaseMainPhase(CommonExecutor.java:65)
	at com.kms.katalon.core.main.TestSuiteExecutor.accessTestSuiteMainPhase(TestSuiteExecutor.java:150)
	at com.kms.katalon.core.main.TestSuiteExecutor.execute(TestSuiteExecutor.java:106)
	at com.kms.katalon.core.main.TestCaseMain.startTestSuite(TestCaseMain.java:180)
	at com.kms.katalon.core.main.TestCaseMain$startTestSuite$0.call(Unknown Source)
	at TempTestSuite1761090740538.run(TempTestSuite1761090740538.groovy:35)
	at java.base/jdk.internal.reflect.NativeMethodAccessorImpl.invoke0(Native Method)
	at java.base/jdk.internal.reflect.NativeMethodAccessorImpl.invoke(NativeMethodAccessorImpl.java:77)
	at java.base/jdk.internal.reflect.DelegatingMethodAccessorImpl.invoke(DelegatingMethodAccessorImpl.java:43)
)

21-10-2025T20:02:39 - [MESSAGE][INFO] - Unable to find the element located by 'By.xpath: /html/body/div/div[1]/button'. Please recheck the objects properties to make sure the desired element is located. 

21-10-2025T20:02:39 - [MESSAGE][WARNING] - [SELF-HEALING] Failed to find element with id 'Object Repository/FIM/Server_Notification_Close_btn'. Try using Self-healing.

21-10-2025T20:02:40 - [MESSAGE][INFO] - [SELF-HEALING] No working XPath is found.

21-10-2025T20:02:42 - [MESSAGE][INFO] - Unable to find the element located by 'By.xpath: '. Please recheck the objects properties to make sure the desired element is located. 

21-10-2025T20:02:42 - [MESSAGE][WARNING] - [SELF-HEALING] Cannot find elements when the selector is null

21-10-2025T20:02:42 - [MESSAGE][WARNING] - Web element with id: 'Object Repository/FIM/Server_Notification_Close_btn' located by '/html/body/div/div[1]/button' not found (Root cause: com.kms.katalon.core.exception.StepFailedException: Web element with id: 'Object Repository/FIM/Server_Notification_Close_btn' located by '/html/body/div/div[1]/button' not found
	at com.kms.katalon.core.webui.keyword.internal.WebUIKeywordMain.stepFailed(WebUIKeywordMain.groovy:117)
	at com.kms.katalon.core.webui.keyword.builtin.VerifyElementVisibleKeyword$_verifyElementVisible_closure1.doCall(VerifyElementVisibleKeyword.groovy:89)
	at com.kms.katalon.core.webui.keyword.builtin.VerifyElementVisibleKeyword$_verifyElementVisible_closure1.call(VerifyElementVisibleKeyword.groovy)
	at com.kms.katalon.core.webui.keyword.internal.WebUIKeywordMain.runKeyword(WebUIKeywordMain.groovy:35)
	at com.kms.katalon.core.webui.keyword.builtin.VerifyElementVisibleKeyword.verifyElementVisible(VerifyElementVisibleKeyword.groovy:97)
	at com.kms.katalon.core.webui.keyword.builtin.VerifyElementVisibleKeyword.execute(VerifyElementVisibleKeyword.groovy:67)
	at com.kms.katalon.core.keyword.internal.KeywordExecutor.executeKeywordForPlatform(KeywordExecutor.groovy:74)
	at com.kms.katalon.core.webui.keyword.WebUiBuiltInKeywords.verifyElementVisible(WebUiBuiltInKeywords.groovy:401)
	at com.kms.katalon.core.webui.keyword.WebUiBuiltInKeywords$verifyElementVisible$6.call(Unknown Source)
	at Creating a Bill To Company.run(Creating a Bill To Company:24)
	at com.kms.katalon.core.main.ScriptEngine.run(ScriptEngine.java:194)
	at com.kms.katalon.core.main.ScriptEngine.runScriptAsRawText(ScriptEngine.java:119)
	at com.kms.katalon.core.main.TestCaseExecutor.runScript(TestCaseExecutor.java:448)
	at com.kms.katalon.core.main.TestCaseExecutor.doExecute(TestCaseExecutor.java:439)
	at com.kms.katalon.core.main.TestCaseExecutor.processExecutionPhase(TestCaseExecutor.java:418)
	at com.kms.katalon.core.main.TestCaseExecutor.accessMainPhase(TestCaseExecutor.java:410)
	at com.kms.katalon.core.main.TestCaseExecutor.execute(TestCaseExecutor.java:285)
	at com.kms.katalon.core.common.CommonExecutor.accessTestCaseMainPhase(CommonExecutor.java:65)
	at com.kms.katalon.core.main.TestSuiteExecutor.accessTestSuiteMainPhase(TestSuiteExecutor.java:150)
	at com.kms.katalon.core.main.TestSuiteExecutor.execute(TestSuiteExecutor.java:106)
	at com.kms.katalon.core.main.TestCaseMain.startTestSuite(TestCaseMain.java:180)
	at com.kms.katalon.core.main.TestCaseMain$startTestSuite$0.call(Unknown Source)
	at TempTestSuite1761090740538.run(TempTestSuite1761090740538.groovy:35)
	at java.base/jdk.internal.reflect.NativeMethodAccessorImpl.invoke0(Native Method)
	at java.base/jdk.internal.reflect.NativeMethodAccessorImpl.invoke(NativeMethodAccessorImpl.java:77)
	at java.base/jdk.internal.reflect.DelegatingMethodAccessorImpl.invoke(DelegatingMethodAccessorImpl.java:43)
)

21-10-2025T20:02:42 - [TEST_STEP][PASSED] - delay(1): Delayed 1 second(s)

21-10-2025T20:02:43 - [MESSAGE][PASSED] - Delayed 1 second(s)

21-10-2025T20:02:43 - [TEST_STEP][PASSED] - click(findTestObject("FIM/Hamburger Menu List/Hamburger_menu")): Object: 'Object Repository/FIM/Hamburger Menu List/Hamburger_menu' is clicked on

21-10-2025T20:02:43 - [MESSAGE][PASSED] - Object: 'Object Repository/FIM/Hamburger Menu List/Hamburger_menu' is clicked on

21-10-2025T20:02:43 - [TEST_STEP][PASSED] - delay(1): Delayed 1 second(s)

21-10-2025T20:02:44 - [MESSAGE][PASSED] - Delayed 1 second(s)

21-10-2025T20:02:44 - [TEST_STEP][PASSED] - click(findTestObject("Object Repository/FIM 1.2/Hamburger Menu List/Companies_list")): Object: 'Object Repository/FIM 1.2/Hamburger Menu List/Companies_list' is clicked on

21-10-2025T20:02:44 - [MESSAGE][PASSED] - Object: 'Object Repository/FIM 1.2/Hamburger Menu List/Companies_list' is clicked on

21-10-2025T20:02:44 - [TEST_STEP][PASSED] - delay(5): Delayed 5 second(s)

21-10-2025T20:02:49 - [MESSAGE][PASSED] - Delayed 5 second(s)

21-10-2025T20:02:49 - [TEST_STEP][PASSED] - if (verifyElementVisible(findTestObject("FIM/Existing Page with Pending Changes Close_btn"), OPTIONAL) == true): null

21-10-2025T20:02:49 - [MESSAGE][PASSED] - Object 'Object Repository/FIM/Existing Page with Pending Changes Close_btn' is visible

21-10-2025T20:02:49 - [TEST_STEP][PASSED] - click(findTestObject("FIM/Existing Page with Pending Changes Close_btn")): Object: 'Object Repository/FIM/Existing Page with Pending Changes Close_btn' is clicked on

21-10-2025T20:02:49 - [MESSAGE][PASSED] - Object: 'Object Repository/FIM/Existing Page with Pending Changes Close_btn' is clicked on

21-10-2025T20:02:49 - [TEST_STEP][PASSED] - click(findTestObject("Object Repository/FIM 1.2/Page_Inventory Management/button_Add Company")): Object: 'Object Repository/FIM 1.2/Page_Inventory Management/button_Add Company' is clicked on

21-10-2025T20:02:50 - [MESSAGE][PASSED] - Object: 'Object Repository/FIM 1.2/Page_Inventory Management/button_Add Company' is clicked on

21-10-2025T20:02:50 - [TEST_STEP][PASSED] - setText(findTestObject("FIM 1.2/Page_Inventory Management/input__uniqueId"), BillTo): Text 'Lee Way' is set on object 'Object Repository/FIM 1.2/Page_Inventory Management/input__uniqueId'

21-10-2025T20:02:50 - [MESSAGE][PASSED] - Text 'Lee Way' is set on object 'Object Repository/FIM 1.2/Page_Inventory Management/input__uniqueId'

21-10-2025T20:02:50 - [TEST_STEP][PASSED] - setText(findTestObject("FIM 1.2/Page_Inventory Management/input__company-name"), "Lager Corp"): Text 'Lager Corp' is set on object 'Object Repository/FIM 1.2/Page_Inventory Management/input__company-name'

21-10-2025T20:02:50 - [MESSAGE][PASSED] - Text 'Lager Corp' is set on object 'Object Repository/FIM 1.2/Page_Inventory Management/input__company-name'

21-10-2025T20:02:50 - [TEST_STEP][PASSED] - setText(findTestObject("FIM 1.2/Page_Inventory Management/input__company-address1"), "695 main st"): Text '695 main st' is set on object 'Object Repository/FIM 1.2/Page_Inventory Management/input__company-address1'

21-10-2025T20:02:51 - [MESSAGE][PASSED] - Text '695 main st' is set on object 'Object Repository/FIM 1.2/Page_Inventory Management/input__company-address1'

21-10-2025T20:02:51 - [TEST_STEP][PASSED] - setText(findTestObject("FIM 1.2/Page_Inventory Management/input__company-city"), "Martha's Vineyard"): Text 'Martha's Vineyard' is set on object 'Object Repository/FIM 1.2/Page_Inventory Management/input__company-city'

21-10-2025T20:02:51 - [MESSAGE][PASSED] - Text 'Martha's Vineyard' is set on object 'Object Repository/FIM 1.2/Page_Inventory Management/input__company-city'

21-10-2025T20:02:51 - [TEST_STEP][PASSED] - selectOptionByValue(findTestObject("FIM 1.2/Page_Inventory Management/select_State"), "OH", true): All options with value 'OH' are selected in object 'Object Repository/FIM 1.2/Page_Inventory Management/select_State'  using regular expression

21-10-2025T20:02:52 - [MESSAGE][PASSED] - All options with value 'OH' are selected in object 'Object Repository/FIM 1.2/Page_Inventory Management/select_State'  using regular expression

21-10-2025T20:02:52 - [TEST_STEP][PASSED] - setText(findTestObject("FIM 1.2/Page_Inventory Management/input__company-zip"), "45295"): Text '45295' is set on object 'Object Repository/FIM 1.2/Page_Inventory Management/input__company-zip'

21-10-2025T20:02:52 - [MESSAGE][PASSED] - Text '45295' is set on object 'Object Repository/FIM 1.2/Page_Inventory Management/input__company-zip'

21-10-2025T20:02:52 - [TEST_STEP][PASSED] - click(findTestObject("FIM/Companies Page/Bill to_checkbox")): Object: 'Object Repository/FIM/Companies Page/Bill to_checkbox' is clicked on

21-10-2025T20:02:52 - [MESSAGE][PASSED] - Object: 'Object Repository/FIM/Companies Page/Bill to_checkbox' is clicked on

21-10-2025T20:02:52 - [TEST_STEP][PASSED] - delay(3): Delayed 3 second(s)

21-10-2025T20:02:55 - [MESSAGE][PASSED] - Delayed 3 second(s)

21-10-2025T20:02:55 - [TEST_STEP][PASSED] - click(findTestObject("FIM 1.2/Companies Page/Save Company_btn")): Object: 'Object Repository/FIM 1.2/Companies Page/Save Company_btn' is clicked on

21-10-2025T20:02:55 - [MESSAGE][PASSED] - Object: 'Object Repository/FIM 1.2/Companies Page/Save Company_btn' is clicked on

21-10-2025T20:02:55 - [TEST_STEP][PASSED] - delay(2): Delayed 2 second(s)

21-10-2025T20:02:57 - [MESSAGE][PASSED] - Delayed 2 second(s)

21-10-2025T20:02:57 - [TEST_STEP][PASSED] - verifyElementPresent(findTestObject("FIM 1.2/Companies Page/Add Company Success Alert"), 10): Object 'Object Repository/FIM 1.2/Companies Page/Add Company Success Alert' is present

21-10-2025T20:02:57 - [MESSAGE][PASSED] - Object 'Object Repository/FIM 1.2/Companies Page/Add Company Success Alert' is present

21-10-2025T20:02:57 - [TEST_STEP][FAILED] - verifyElementText(findTestObject("FIM 1.2/Companies Page/Add Company Success Alert"), "The site has been created successfully"): Verify element text of test object 'Object Repository/FIM 1.2/Companies Page/Add Company Success Alert' FAILED. (Root cause: com.kms.katalon.core.exception.StepFailedException: Verify element text of test object 'Object Repository/FIM 1.2/Companies Page/Add Company Success Alert' FAILED.
	at com.kms.katalon.core.webui.keyword.internal.WebUIKeywordMain.stepFailed(WebUIKeywordMain.groovy:117)
	at com.kms.katalon.core.webui.keyword.internal.WebUIKeywordMain.runKeyword(WebUIKeywordMain.groovy:43)
	at com.kms.katalon.core.webui.keyword.builtin.VerifyElementTextKeyword.verifyElementText(VerifyElementTextKeyword.groovy:72)
	at com.kms.katalon.core.webui.keyword.builtin.VerifyElementTextKeyword.execute(VerifyElementTextKeyword.groovy:40)
	at com.kms.katalon.core.keyword.internal.KeywordExecutor.executeKeywordForPlatform(KeywordExecutor.groovy:74)
	at com.kms.katalon.core.webui.keyword.WebUiBuiltInKeywords.verifyElementText(WebUiBuiltInKeywords.groovy:4835)
	at com.kms.katalon.core.webui.keyword.WebUiBuiltInKeywords$verifyElementText$15.call(Unknown Source)
	at Creating a Bill To Company.run(Creating a Bill To Company:67)
	at com.kms.katalon.core.main.ScriptEngine.run(ScriptEngine.java:194)
	at com.kms.katalon.core.main.ScriptEngine.runScriptAsRawText(ScriptEngine.java:119)
	at com.kms.katalon.core.main.TestCaseExecutor.runScript(TestCaseExecutor.java:448)
	at com.kms.katalon.core.main.TestCaseExecutor.doExecute(TestCaseExecutor.java:439)
	at com.kms.katalon.core.main.TestCaseExecutor.processExecutionPhase(TestCaseExecutor.java:418)
	at com.kms.katalon.core.main.TestCaseExecutor.accessMainPhase(TestCaseExecutor.java:410)
	at com.kms.katalon.core.main.TestCaseExecutor.execute(TestCaseExecutor.java:285)
	at com.kms.katalon.core.common.CommonExecutor.accessTestCaseMainPhase(CommonExecutor.java:65)
	at com.kms.katalon.core.main.TestSuiteExecutor.accessTestSuiteMainPhase(TestSuiteExecutor.java:150)
	at com.kms.katalon.core.main.TestSuiteExecutor.execute(TestSuiteExecutor.java:106)
	at com.kms.katalon.core.main.TestCaseMain.startTestSuite(TestCaseMain.java:180)
	at com.kms.katalon.core.main.TestCaseMain$startTestSuite$0.call(Unknown Source)
	at TempTestSuite1761090740538.run(TempTestSuite1761090740538.groovy:35)
	at java.base/jdk.internal.reflect.NativeMethodAccessorImpl.invoke0(Native Method)
	at java.base/jdk.internal.reflect.NativeMethodAccessorImpl.invoke(NativeMethodAccessorImpl.java:77)
	at java.base/jdk.internal.reflect.DelegatingMethodAccessorImpl.invoke(DelegatingMethodAccessorImpl.java:43)
Caused by: com.kms.katalon.core.exception.StepFailedException: Actual text 'Unique ID *
Company Name *
Phone
Address *
City *
State *
Alabama
Alaska
American Samoa
Arizona
Arkansas
California
Colorado
Connecticut
Delaware
District Of Columbia
Federated States Of Micronesia
Florida
Georgia
Guam
Hawaii
Idaho
Illinois
Indiana
Iowa
Kansas
Kentucky
Louisiana
Maine
Marshall Islands
Maryland
Massachusetts
Michigan
Minnesota
Mississippi
Missouri
Montana
Nebraska
Nevada
New Hampshire
New Jersey
New Mexico
New York
North Carolina
North Dakota
Northern Mariana Islands
Ohio
Oklahoma
Oregon
Palau
Pennsylvania
Puerto Rico
Rhode Island
South Carolina
South Dakota
Tennessee
Texas
Utah
Vermont
Virgin Islands
Virginia
Washington
West Virginia
Wisconsin
Wyoming
Zip *
Account of
Bill to
Shipper
Consignee
Supplier
Active For Forecasting
Show Inventory Reading Alert
Show First Of The Day Inventory Readings
Save
Cancel' and expected text 'The site has been created successfully' of test object 'Object Repository/FIM 1.2/Companies Page/Add Company Success Alert' are NOT matched.
	at com.kms.katalon.core.webui.keyword.internal.WebUIKeywordMain.stepFailed(WebUIKeywordMain.groovy:117)
	at com.kms.katalon.core.webui.keyword.builtin.VerifyElementTextKeyword$_verifyElementText_closure1.doCall(VerifyElementTextKeyword.groovy:57)
	at com.kms.katalon.core.webui.keyword.builtin.VerifyElementTextKeyword$_verifyElementText_closure1.call(VerifyElementTextKeyword.groovy)
	at com.kms.katalon.core.webui.keyword.internal.WebUIKeywordMain.runKeyword(WebUIKeywordMain.groovy:35)
	... 22 more
)

21-10-2025T20:02:57 - [MESSAGE][FAILED] - Actual text 'Unique ID *
Company Name *
Phone
Address *
City *
State *
Alabama
Alaska
American Samoa
Arizona
Arkansas
California
Colorado
Connecticut
Delaware
District Of Columbia
Federated States Of Micronesia
Florida
Georgia
Guam
Hawaii
Idaho
Illinois
Indiana
Iowa
Kansas
Kentucky
Louisiana
Maine
Marshall Islands
Maryland
Massachusetts
Michigan
Minnesota
Mississippi
Missouri
Montana
Nebraska
Nevada
New Hampshire
New Jersey
New Mexico
New York
North Carolina
North Dakota
Northern Mariana Islands
Ohio
Oklahoma
Oregon
Palau
Pennsylvania
Puerto Rico
Rhode Island
South Carolina
South Dakota
Tennessee
Texas
Utah
Vermont
Virgin Islands
Virginia
Washington
West Virginia
Wisconsin
Wyoming
Zip *
Account of
Bill to
Shipper
Consignee
Supplier
Active For Forecasting
Show Inventory Reading Alert
Show First Of The Day Inventory Readings
Save
Cancel' and expected text 'The site has been created successfully' of test object 'Object Repository/FIM 1.2/Companies Page/Add Company Success Alert' are NOT matched. (Root cause: com.kms.katalon.core.exception.StepFailedException: Actual text 'Unique ID *
Company Name *
Phone
Address *
City *
State *
Alabama
Alaska
American Samoa
Arizona
Arkansas
California
Colorado
Connecticut
Delaware
District Of Columbia
Federated States Of Micronesia
Florida
Georgia
Guam
Hawaii
Idaho
Illinois
Indiana
Iowa
Kansas
Kentucky
Louisiana
Maine
Marshall Islands
Maryland
Massachusetts
Michigan
Minnesota
Mississippi
Missouri
Montana
Nebraska
Nevada
New Hampshire
New Jersey
New Mexico
New York
North Carolina
North Dakota
Northern Mariana Islands
Ohio
Oklahoma
Oregon
Palau
Pennsylvania
Puerto Rico
Rhode Island
South Carolina
South Dakota
Tennessee
Texas
Utah
Vermont
Virgin Islands
Virginia
Washington
West Virginia
Wisconsin
Wyoming
Zip *
Account of
Bill to
Shipper
Consignee
Supplier
Active For Forecasting
Show Inventory Reading Alert
Show First Of The Day Inventory Readings
Save
Cancel' and expected text 'The site has been created successfully' of test object 'Object Repository/FIM 1.2/Companies Page/Add Company Success Alert' are NOT matched.
	at com.kms.katalon.core.webui.keyword.internal.WebUIKeywordMain.stepFailed(WebUIKeywordMain.groovy:117)
	at com.kms.katalon.core.webui.keyword.builtin.VerifyElementTextKeyword$_verifyElementText_closure1.doCall(VerifyElementTextKeyword.groovy:57)
	at com.kms.katalon.core.webui.keyword.builtin.VerifyElementTextKeyword$_verifyElementText_closure1.call(VerifyElementTextKeyword.groovy)
	at com.kms.katalon.core.webui.keyword.internal.WebUIKeywordMain.runKeyword(WebUIKeywordMain.groovy:35)
	at com.kms.katalon.core.webui.keyword.builtin.VerifyElementTextKeyword.verifyElementText(VerifyElementTextKeyword.groovy:72)
	at com.kms.katalon.core.webui.keyword.builtin.VerifyElementTextKeyword.execute(VerifyElementTextKeyword.groovy:40)
	at com.kms.katalon.core.keyword.internal.KeywordExecutor.executeKeywordForPlatform(KeywordExecutor.groovy:74)
	at com.kms.katalon.core.webui.keyword.WebUiBuiltInKeywords.verifyElementText(WebUiBuiltInKeywords.groovy:4835)
	at com.kms.katalon.core.webui.keyword.WebUiBuiltInKeywords$verifyElementText$15.call(Unknown Source)
	at Creating a Bill To Company.run(Creating a Bill To Company:67)
	at com.kms.katalon.core.main.ScriptEngine.run(ScriptEngine.java:194)
	at com.kms.katalon.core.main.ScriptEngine.runScriptAsRawText(ScriptEngine.java:119)
	at com.kms.katalon.core.main.TestCaseExecutor.runScript(TestCaseExecutor.java:448)
	at com.kms.katalon.core.main.TestCaseExecutor.doExecute(TestCaseExecutor.java:439)
	at com.kms.katalon.core.main.TestCaseExecutor.processExecutionPhase(TestCaseExecutor.java:418)
	at com.kms.katalon.core.main.TestCaseExecutor.accessMainPhase(TestCaseExecutor.java:410)
	at com.kms.katalon.core.main.TestCaseExecutor.execute(TestCaseExecutor.java:285)
	at com.kms.katalon.core.common.CommonExecutor.accessTestCaseMainPhase(CommonExecutor.java:65)
	at com.kms.katalon.core.main.TestSuiteExecutor.accessTestSuiteMainPhase(TestSuiteExecutor.java:150)
	at com.kms.katalon.core.main.TestSuiteExecutor.execute(TestSuiteExecutor.java:106)
	at com.kms.katalon.core.main.TestCaseMain.startTestSuite(TestCaseMain.java:180)
	at com.kms.katalon.core.main.TestCaseMain$startTestSuite$0.call(Unknown Source)
	at TempTestSuite1761090740538.run(TempTestSuite1761090740538.groovy:35)
	at java.base/jdk.internal.reflect.NativeMethodAccessorImpl.invoke0(Native Method)
	at java.base/jdk.internal.reflect.NativeMethodAccessorImpl.invoke(NativeMethodAccessorImpl.java:77)
	at java.base/jdk.internal.reflect.DelegatingMethodAccessorImpl.invoke(DelegatingMethodAccessorImpl.java:43)
)

21-10-2025T20:02:57 - [MESSAGE][FAILED] - Verify element text of test object 'Object Repository/FIM 1.2/Companies Page/Add Company Success Alert' FAILED. (Root cause: com.kms.katalon.core.exception.StepFailedException: Verify element text of test object 'Object Repository/FIM 1.2/Companies Page/Add Company Success Alert' FAILED.
	at com.kms.katalon.core.webui.keyword.internal.WebUIKeywordMain.stepFailed(WebUIKeywordMain.groovy:117)
	at com.kms.katalon.core.webui.keyword.internal.WebUIKeywordMain.runKeyword(WebUIKeywordMain.groovy:43)
	at com.kms.katalon.core.webui.keyword.builtin.VerifyElementTextKeyword.verifyElementText(VerifyElementTextKeyword.groovy:72)
	at com.kms.katalon.core.webui.keyword.builtin.VerifyElementTextKeyword.execute(VerifyElementTextKeyword.groovy:40)
	at com.kms.katalon.core.keyword.internal.KeywordExecutor.executeKeywordForPlatform(KeywordExecutor.groovy:74)
	at com.kms.katalon.core.webui.keyword.WebUiBuiltInKeywords.verifyElementText(WebUiBuiltInKeywords.groovy:4835)
	at com.kms.katalon.core.webui.keyword.WebUiBuiltInKeywords$verifyElementText$15.call(Unknown Source)
	at Creating a Bill To Company.run(Creating a Bill To Company:67)
	at com.kms.katalon.core.main.ScriptEngine.run(ScriptEngine.java:194)
	at com.kms.katalon.core.main.ScriptEngine.runScriptAsRawText(ScriptEngine.java:119)
	at com.kms.katalon.core.main.TestCaseExecutor.runScript(TestCaseExecutor.java:448)
	at com.kms.katalon.core.main.TestCaseExecutor.doExecute(TestCaseExecutor.java:439)
	at com.kms.katalon.core.main.TestCaseExecutor.processExecutionPhase(TestCaseExecutor.java:418)
	at com.kms.katalon.core.main.TestCaseExecutor.accessMainPhase(TestCaseExecutor.java:410)
	at com.kms.katalon.core.main.TestCaseExecutor.execute(TestCaseExecutor.java:285)
	at com.kms.katalon.core.common.CommonExecutor.accessTestCaseMainPhase(CommonExecutor.java:65)
	at com.kms.katalon.core.main.TestSuiteExecutor.accessTestSuiteMainPhase(TestSuiteExecutor.java:150)
	at com.kms.katalon.core.main.TestSuiteExecutor.execute(TestSuiteExecutor.java:106)
	at com.kms.katalon.core.main.TestCaseMain.startTestSuite(TestCaseMain.java:180)
	at com.kms.katalon.core.main.TestCaseMain$startTestSuite$0.call(Unknown Source)
	at TempTestSuite1761090740538.run(TempTestSuite1761090740538.groovy:35)
	at java.base/jdk.internal.reflect.NativeMethodAccessorImpl.invoke0(Native Method)
	at java.base/jdk.internal.reflect.NativeMethodAccessorImpl.invoke(NativeMethodAccessorImpl.java:77)
	at java.base/jdk.internal.reflect.DelegatingMethodAccessorImpl.invoke(DelegatingMethodAccessorImpl.java:43)
Caused by: com.kms.katalon.core.exception.StepFailedException: Actual text 'Unique ID *
Company Name *
Phone
Address *
City *
State *
Alabama
Alaska
American Samoa
Arizona
Arkansas
California
Colorado
Connecticut
Delaware
District Of Columbia
Federated States Of Micronesia
Florida
Georgia
Guam
Hawaii
Idaho
Illinois
Indiana
Iowa
Kansas
Kentucky
Louisiana
Maine
Marshall Islands
Maryland
Massachusetts
Michigan
Minnesota
Mississippi
Missouri
Montana
Nebraska
Nevada
New Hampshire
New Jersey
New Mexico
New York
North Carolina
North Dakota
Northern Mariana Islands
Ohio
Oklahoma
Oregon
Palau
Pennsylvania
Puerto Rico
Rhode Island
South Carolina
South Dakota
Tennessee
Texas
Utah
Vermont
Virgin Islands
Virginia
Washington
West Virginia
Wisconsin
Wyoming
Zip *
Account of
Bill to
Shipper
Consignee
Supplier
Active For Forecasting
Show Inventory Reading Alert
Show First Of The Day Inventory Readings
Save
Cancel' and expected text 'The site has been created successfully' of test object 'Object Repository/FIM 1.2/Companies Page/Add Company Success Alert' are NOT matched.
	at com.kms.katalon.core.webui.keyword.internal.WebUIKeywordMain.stepFailed(WebUIKeywordMain.groovy:117)
	at com.kms.katalon.core.webui.keyword.builtin.VerifyElementTextKeyword$_verifyElementText_closure1.doCall(VerifyElementTextKeyword.groovy:57)
	at com.kms.katalon.core.webui.keyword.builtin.VerifyElementTextKeyword$_verifyElementText_closure1.call(VerifyElementTextKeyword.groovy)
	at com.kms.katalon.core.webui.keyword.internal.WebUIKeywordMain.runKeyword(WebUIKeywordMain.groovy:35)
	... 22 more
)

21-10-2025T20:02:57 - [TEST_STEP][PASSED] - Start listener action : retryOnDisconnect: Current window's url is: 'https://kaglogistics-inventory-management-portal.qa.thekag.com/companies/'

21-10-2025T20:02:57 - [TEST_STEP][PASSED] - tcId = testCaseContext.getTestCaseId(): null

21-10-2025T20:02:57 - [TEST_STEP][PASSED] - currentRetry = retryCounts.getOrDefault(tcId, 0): null

21-10-2025T20:02:57 - [TEST_STEP][PASSED] - if (testCaseContext.getTestCaseStatus() == "FAILED" && currentRetry < MAX_RETRIES): Current window's url is: 'https://kaglogistics-inventory-management-portal.qa.thekag.com/companies/'

21-10-2025T20:02:57 - [TEST_STEP][PASSED] - try: Current window's url is: 'https://kaglogistics-inventory-management-portal.qa.thekag.com/companies/'

21-10-2025T20:02:57 - [TEST_STEP][PASSED] - comment(Checking for WebDriver disconnect for test case: $tcId): Checking for WebDriver disconnect for test case: Test Cases/FIM/UI/KGL/Admin/Company/Creating a Bill To Company

21-10-2025T20:02:57 - [MESSAGE][INFO] - Checking for WebDriver disconnect for test case: Test Cases/FIM/UI/KGL/Admin/Company/Creating a Bill To Company

21-10-2025T20:02:57 - [TEST_STEP][PASSED] - getUrl(): Current window's url is: 'https://kaglogistics-inventory-management-portal.qa.thekag.com/companies/'

21-10-2025T20:02:57 - [MESSAGE][PASSED] - Current window's url is: 'https://kaglogistics-inventory-management-portal.qa.thekag.com/companies/']]></system-out>
         <system-err><![CDATA[21-10-2025T20:02:07 - [TEST_CASE][FAILED] - Test Cases/FIM/UI/KGL/Admin/Company/Creating a Bill To Company: Test Cases/FIM/UI/KGL/Admin/Company/Creating a Bill To Company FAILED.
Reason:
com.kms.katalon.core.exception.StepFailedException: Verify element text of test object 'Object Repository/FIM 1.2/Companies Page/Add Company Success Alert' FAILED.
	at com.kms.katalon.core.webui.keyword.internal.WebUIKeywordMain.stepFailed(WebUIKeywordMain.groovy:117)
	at com.kms.katalon.core.webui.keyword.internal.WebUIKeywordMain.runKeyword(WebUIKeywordMain.groovy:43)
	at com.kms.katalon.core.webui.keyword.builtin.VerifyElementTextKeyword.verifyElementText(VerifyElementTextKeyword.groovy:72)
	at com.kms.katalon.core.webui.keyword.builtin.VerifyElementTextKeyword.execute(VerifyElementTextKeyword.groovy:40)
	at com.kms.katalon.core.keyword.internal.KeywordExecutor.executeKeywordForPlatform(KeywordExecutor.groovy:74)
	at com.kms.katalon.core.webui.keyword.WebUiBuiltInKeywords.verifyElementText(WebUiBuiltInKeywords.groovy:4835)
	at com.kms.katalon.core.webui.keyword.WebUiBuiltInKeywords$verifyElementText$15.call(Unknown Source)
	at Creating a Bill To Company.run(Creating a Bill To Company:67)
	at com.kms.katalon.core.main.ScriptEngine.run(ScriptEngine.java:194)
	at com.kms.katalon.core.main.ScriptEngine.runScriptAsRawText(ScriptEngine.java:119)
	at com.kms.katalon.core.main.TestCaseExecutor.runScript(TestCaseExecutor.java:448)
	at com.kms.katalon.core.main.TestCaseExecutor.doExecute(TestCaseExecutor.java:439)
	at com.kms.katalon.core.main.TestCaseExecutor.processExecutionPhase(TestCaseExecutor.java:418)
	at com.kms.katalon.core.main.TestCaseExecutor.accessMainPhase(TestCaseExecutor.java:410)
	at com.kms.katalon.core.main.TestCaseExecutor.execute(TestCaseExecutor.java:285)
	at com.kms.katalon.core.common.CommonExecutor.accessTestCaseMainPhase(CommonExecutor.java:65)
	at com.kms.katalon.core.main.TestSuiteExecutor.accessTestSuiteMainPhase(TestSuiteExecutor.java:150)
	at com.kms.katalon.core.main.TestSuiteExecutor.execute(TestSuiteExecutor.java:106)
	at com.kms.katalon.core.main.TestCaseMain.startTestSuite(TestCaseMain.java:180)
	at com.kms.katalon.core.main.TestCaseMain$startTestSuite$0.call(Unknown Source)
	at TempTestSuite1761090740538.run(TempTestSuite1761090740538.groovy:35)
	at java.base/jdk.internal.reflect.NativeMethodAccessorImpl.invoke0(Native Method)
	at java.base/jdk.internal.reflect.NativeMethodAccessorImpl.invoke(NativeMethodAccessorImpl.java:77)
	at java.base/jdk.internal.reflect.DelegatingMethodAccessorImpl.invoke(DelegatingMethodAccessorImpl.java:43)
Caused by: com.kms.katalon.core.exception.StepFailedException: Actual text 'Unique ID *
Company Name *
Phone
Address *
City *
State *
Alabama
Alaska
American Samoa
Arizona
Arkansas
California
Colorado
Connecticut
Delaware
District Of Columbia
Federated States Of Micronesia
Florida
Georgia
Guam
Hawaii
Idaho
Illinois
Indiana
Iowa
Kansas
Kentucky
Louisiana
Maine
Marshall Islands
Maryland
Massachusetts
Michigan
Minnesota
Mississippi
Missouri
Montana
Nebraska
Nevada
New Hampshire
New Jersey
New Mexico
New York
North Carolina
North Dakota
Northern Mariana Islands
Ohio
Oklahoma
Oregon
Palau
Pennsylvania
Puerto Rico
Rhode Island
South Carolina
South Dakota
Tennessee
Texas
Utah
Vermont
Virgin Islands
Virginia
Washington
West Virginia
Wisconsin
Wyoming
Zip *
Account of
Bill to
Shipper
Consignee
Supplier
Active For Forecasting
Show Inventory Reading Alert
Show First Of The Day Inventory Readings
Save
Cancel' and expected text 'The site has been created successfully' of test object 'Object Repository/FIM 1.2/Companies Page/Add Company Success Alert' are NOT matched.
	at com.kms.katalon.core.webui.keyword.internal.WebUIKeywordMain.stepFailed(WebUIKeywordMain.groovy:117)
	at com.kms.katalon.core.webui.keyword.builtin.VerifyElementTextKeyword$_verifyElementText_closure1.doCall(VerifyElementTextKeyword.groovy:57)
	at com.kms.katalon.core.webui.keyword.builtin.VerifyElementTextKeyword$_verifyElementText_closure1.call(VerifyElementTextKeyword.groovy)
	at com.kms.katalon.core.webui.keyword.internal.WebUIKeywordMain.runKeyword(WebUIKeywordMain.groovy:35)
	... 22 more]]></system-err>
      </testcase>
      <testcase name="Test Cases/FIM/UI/KGL/Admin/Company/Creating an Account Of Company" time="50.095" classname="Test Cases/FIM/UI/KGL/Admin/Company/Creating an Account Of Company" status="FAILED">
         <failure type="FAILED" message="Test Cases/FIM/UI/KGL/Admin/Company/Creating an Account Of Company FAILED.&#xa;Reason:&#xa;com.kms.katalon.core.exception.StepFailedException: Verify element text of test object 'Object Repository/FIM 1.2/Companies Page/Add Company Success Alert' FAILED.&#xa;	at com.kms.katalon.core.webui.keyword.internal.WebUIKeywordMain.stepFailed(WebUIKeywordMain.groovy:117)&#xa;	at com.kms.katalon.core.webui.keyword.internal.WebUIKeywordMain.runKeyword(WebUIKeywordMain.groovy:43)&#xa;	at com.kms.katalon.core.webui.keyword.builtin.VerifyElementTextKeyword.verifyElementText(VerifyElementTextKeyword.groovy:72)&#xa;	at com.kms.katalon.core.webui.keyword.builtin.VerifyElementTextKeyword.execute(VerifyElementTextKeyword.groovy:40)&#xa;	at com.kms.katalon.core.keyword.internal.KeywordExecutor.executeKeywordForPlatform(KeywordExecutor.groovy:74)&#xa;	at com.kms.katalon.core.webui.keyword.WebUiBuiltInKeywords.verifyElementText(WebUiBuiltInKeywords.groovy:4835)&#xa;	at com.kms.katalon.core.webui.keyword.WebUiBuiltInKeywords$verifyElementText$15.call(Unknown Source)&#xa;	at Creating an Account Of Company.run(Creating an Account Of Company:67)&#xa;	at com.kms.katalon.core.main.ScriptEngine.run(ScriptEngine.java:194)&#xa;	at com.kms.katalon.core.main.ScriptEngine.runScriptAsRawText(ScriptEngine.java:119)&#xa;	at com.kms.katalon.core.main.TestCaseExecutor.runScript(TestCaseExecutor.java:448)&#xa;	at com.kms.katalon.core.main.TestCaseExecutor.doExecute(TestCaseExecutor.java:439)&#xa;	at com.kms.katalon.core.main.TestCaseExecutor.processExecutionPhase(TestCaseExecutor.java:418)&#xa;	at com.kms.katalon.core.main.TestCaseExecutor.accessMainPhase(TestCaseExecutor.java:410)&#xa;	at com.kms.katalon.core.main.TestCaseExecutor.execute(TestCaseExecutor.java:285)&#xa;	at com.kms.katalon.core.common.CommonExecutor.accessTestCaseMainPhase(CommonExecutor.java:65)&#xa;	at com.kms.katalon.core.main.TestSuiteExecutor.accessTestSuiteMainPhase(TestSuiteExecutor.java:150)&#xa;	at com.kms.katalon.core.main.TestSuiteExecutor.execute(TestSuiteExecutor.java:106)&#xa;	at com.kms.katalon.core.main.TestCaseMain.startTestSuite(TestCaseMain.java:180)&#xa;	at com.kms.katalon.core.main.TestCaseMain$startTestSuite$0.call(Unknown Source)&#xa;	at TempTestSuite1761090740538.run(TempTestSuite1761090740538.groovy:35)&#xa;	at java.base/jdk.internal.reflect.NativeMethodAccessorImpl.invoke0(Native Method)&#xa;	at java.base/jdk.internal.reflect.NativeMethodAccessorImpl.invoke(NativeMethodAccessorImpl.java:77)&#xa;	at java.base/jdk.internal.reflect.DelegatingMethodAccessorImpl.invoke(DelegatingMethodAccessorImpl.java:43)&#xa;Caused by: com.kms.katalon.core.exception.StepFailedException: Actual text 'Unique ID *&#xa;Company Name *&#xa;Phone&#xa;Address *&#xa;City *&#xa;State *&#xa;Alabama&#xa;Alaska&#xa;American Samoa&#xa;Arizona&#xa;Arkansas&#xa;California&#xa;Colorado&#xa;Connecticut&#xa;Delaware&#xa;District Of Columbia&#xa;Federated States Of Micronesia&#xa;Florida&#xa;Georgia&#xa;Guam&#xa;Hawaii&#xa;Idaho&#xa;Illinois&#xa;Indiana&#xa;Iowa&#xa;Kansas&#xa;Kentucky&#xa;Louisiana&#xa;Maine&#xa;Marshall Islands&#xa;Maryland&#xa;Massachusetts&#xa;Michigan&#xa;Minnesota&#xa;Mississippi&#xa;Missouri&#xa;Montana&#xa;Nebraska&#xa;Nevada&#xa;New Hampshire&#xa;New Jersey&#xa;New Mexico&#xa;New York&#xa;North Carolina&#xa;North Dakota&#xa;Northern Mariana Islands&#xa;Ohio&#xa;Oklahoma&#xa;Oregon&#xa;Palau&#xa;Pennsylvania&#xa;Puerto Rico&#xa;Rhode Island&#xa;South Carolina&#xa;South Dakota&#xa;Tennessee&#xa;Texas&#xa;Utah&#xa;Vermont&#xa;Virgin Islands&#xa;Virginia&#xa;Washington&#xa;West Virginia&#xa;Wisconsin&#xa;Wyoming&#xa;Zip *&#xa;Account of&#xa;Bill to&#xa;Shipper&#xa;Consignee&#xa;Supplier&#xa;Active For Forecasting&#xa;Show Inventory Reading Alert&#xa;Show First Of The Day Inventory Readings&#xa;Save&#xa;Cancel' and expected text 'The site has been created successfully' of test object 'Object Repository/FIM 1.2/Companies Page/Add Company Success Alert' are NOT matched.&#xa;	at com.kms.katalon.core.webui.keyword.internal.WebUIKeywordMain.stepFailed(WebUIKeywordMain.groovy:117)&#xa;	at com.kms.katalon.core.webui.keyword.builtin.VerifyElementTextKeyword$_verifyElementText_closure1.doCall(VerifyElementTextKeyword.groovy:57)&#xa;	at com.kms.katalon.core.webui.keyword.builtin.VerifyElementTextKeyword$_verifyElementText_closure1.call(VerifyElementTextKeyword.groovy)&#xa;	at com.kms.katalon.core.webui.keyword.internal.WebUIKeywordMain.runKeyword(WebUIKeywordMain.groovy:35)&#xa;	... 22 more&#xa;"/>
         <system-out><![CDATA[21-10-2025T20:02:57 - [TEST_CASE][FAILED] - Test Cases/FIM/UI/KGL/Admin/Company/Creating an Account Of Company: Test Cases/FIM/UI/KGL/Admin/Company/Creating an Account Of Company FAILED.
Reason:
com.kms.katalon.core.exception.StepFailedException: Verify element text of test object 'Object Repository/FIM 1.2/Companies Page/Add Company Success Alert' FAILED.
	at com.kms.katalon.core.webui.keyword.internal.WebUIKeywordMain.stepFailed(WebUIKeywordMain.groovy:117)
	at com.kms.katalon.core.webui.keyword.internal.WebUIKeywordMain.runKeyword(WebUIKeywordMain.groovy:43)
	at com.kms.katalon.core.webui.keyword.builtin.VerifyElementTextKeyword.verifyElementText(VerifyElementTextKeyword.groovy:72)
	at com.kms.katalon.core.webui.keyword.builtin.VerifyElementTextKeyword.execute(VerifyElementTextKeyword.groovy:40)
	at com.kms.katalon.core.keyword.internal.KeywordExecutor.executeKeywordForPlatform(KeywordExecutor.groovy:74)
	at com.kms.katalon.core.webui.keyword.WebUiBuiltInKeywords.verifyElementText(WebUiBuiltInKeywords.groovy:4835)
	at com.kms.katalon.core.webui.keyword.WebUiBuiltInKeywords$verifyElementText$15.call(Unknown Source)
	at Creating an Account Of Company.run(Creating an Account Of Company:67)
	at com.kms.katalon.core.main.ScriptEngine.run(ScriptEngine.java:194)
	at com.kms.katalon.core.main.ScriptEngine.runScriptAsRawText(ScriptEngine.java:119)
	at com.kms.katalon.core.main.TestCaseExecutor.runScript(TestCaseExecutor.java:448)
	at com.kms.katalon.core.main.TestCaseExecutor.doExecute(TestCaseExecutor.java:439)
	at com.kms.katalon.core.main.TestCaseExecutor.processExecutionPhase(TestCaseExecutor.java:418)
	at com.kms.katalon.core.main.TestCaseExecutor.accessMainPhase(TestCaseExecutor.java:410)
	at com.kms.katalon.core.main.TestCaseExecutor.execute(TestCaseExecutor.java:285)
	at com.kms.katalon.core.common.CommonExecutor.accessTestCaseMainPhase(CommonExecutor.java:65)
	at com.kms.katalon.core.main.TestSuiteExecutor.accessTestSuiteMainPhase(TestSuiteExecutor.java:150)
	at com.kms.katalon.core.main.TestSuiteExecutor.execute(TestSuiteExecutor.java:106)
	at com.kms.katalon.core.main.TestCaseMain.startTestSuite(TestCaseMain.java:180)
	at com.kms.katalon.core.main.TestCaseMain$startTestSuite$0.call(Unknown Source)
	at TempTestSuite1761090740538.run(TempTestSuite1761090740538.groovy:35)
	at java.base/jdk.internal.reflect.NativeMethodAccessorImpl.invoke0(Native Method)
	at java.base/jdk.internal.reflect.NativeMethodAccessorImpl.invoke(NativeMethodAccessorImpl.java:77)
	at java.base/jdk.internal.reflect.DelegatingMethodAccessorImpl.invoke(DelegatingMethodAccessorImpl.java:43)
Caused by: com.kms.katalon.core.exception.StepFailedException: Actual text 'Unique ID *
Company Name *
Phone
Address *
City *
State *
Alabama
Alaska
American Samoa
Arizona
Arkansas
California
Colorado
Connecticut
Delaware
District Of Columbia
Federated States Of Micronesia
Florida
Georgia
Guam
Hawaii
Idaho
Illinois
Indiana
Iowa
Kansas
Kentucky
Louisiana
Maine
Marshall Islands
Maryland
Massachusetts
Michigan
Minnesota
Mississippi
Missouri
Montana
Nebraska
Nevada
New Hampshire
New Jersey
New Mexico
New York
North Carolina
North Dakota
Northern Mariana Islands
Ohio
Oklahoma
Oregon
Palau
Pennsylvania
Puerto Rico
Rhode Island
South Carolina
South Dakota
Tennessee
Texas
Utah
Vermont
Virgin Islands
Virginia
Washington
West Virginia
Wisconsin
Wyoming
Zip *
Account of
Bill to
Shipper
Consignee
Supplier
Active For Forecasting
Show Inventory Reading Alert
Show First Of The Day Inventory Readings
Save
Cancel' and expected text 'The site has been created successfully' of test object 'Object Repository/FIM 1.2/Companies Page/Add Company Success Alert' are NOT matched.
	at com.kms.katalon.core.webui.keyword.internal.WebUIKeywordMain.stepFailed(WebUIKeywordMain.groovy:117)
	at com.kms.katalon.core.webui.keyword.builtin.VerifyElementTextKeyword$_verifyElementText_closure1.doCall(VerifyElementTextKeyword.groovy:57)
	at com.kms.katalon.core.webui.keyword.builtin.VerifyElementTextKeyword$_verifyElementText_closure1.call(VerifyElementTextKeyword.groovy)
	at com.kms.katalon.core.webui.keyword.internal.WebUIKeywordMain.runKeyword(WebUIKeywordMain.groovy:35)
	... 22 more


21-10-2025T20:02:57 - [TEST_STEP][PASSED] - Start listener action : beforeTestCase: null

21-10-2025T20:02:57 - [TEST_STEP][PASSED] - addDefaultPackages(): null

21-10-2025T20:02:57 - [TEST_STEP][PASSED] - callTestCase(findTestCase("Utility Scripts/FIM KGL Admin Login"), [:], STOP_ON_FAILURE): Call Test Case 'Test Cases/Utility Scripts/FIM KGL Admin Login' successfully

21-10-2025T20:02:57 - [TEST_CASE][PASSED] - Test Cases/Utility Scripts/FIM KGL Admin Login: Test Cases/Utility Scripts/FIM KGL Admin Login

21-10-2025T20:02:57 - [TEST_STEP][PASSED] - openBrowser(""): Browser is opened with url: ''

21-10-2025T20:02:57 - [MESSAGE][WARNING] - A browser is already opened. Closing browser and opening a new one

21-10-2025T20:02:57 - [MESSAGE][INFO] - Starting 'Chrome' driver

21-10-2025T20:02:57 - [MESSAGE][INFO] - User set preference: ['args', '[--no-sandbox, --disable-gpu, --disable-dev-shm-usage]']

21-10-2025T20:02:57 - [MESSAGE][INFO] - Action delay is set to 0 milliseconds

21-10-2025T20:02:58 - [MESSAGE][PASSED] - Browser is opened with url: ''

21-10-2025T20:02:58 - [TEST_STEP][PASSED] - delay(1): Delayed 1 second(s)

21-10-2025T20:02:59 - [MESSAGE][PASSED] - Delayed 1 second(s)

21-10-2025T20:02:59 - [TEST_STEP][PASSED] - navigateToUrl(KGLCustomGroupUrl): Navigate to 'https://kaglogistics-inventory-management-portal.qa.thekag.com/custom-group/' successfully

21-10-2025T20:03:00 - [MESSAGE][PASSED] - Navigate to 'https://kaglogistics-inventory-management-portal.qa.thekag.com/custom-group/' successfully

21-10-2025T20:03:00 - [TEST_STEP][PASSED] - delay(10): Delayed 10 second(s)

21-10-2025T20:03:10 - [MESSAGE][PASSED] - Delayed 10 second(s)

21-10-2025T20:03:10 - [TEST_STEP][PASSED] - if (maximizeWindow == true): Delayed 1 second(s)

21-10-2025T20:03:10 - [TEST_STEP][PASSED] - maximizeWindow(STOP_ON_FAILURE): Current window maximized

21-10-2025T20:03:10 - [MESSAGE][PASSED] - Current window maximized

21-10-2025T20:03:10 - [TEST_STEP][PASSED] - delay(1): Delayed 1 second(s)

21-10-2025T20:03:11 - [MESSAGE][PASSED] - Delayed 1 second(s)

21-10-2025T20:03:11 - [TEST_STEP][PASSED] - waitForElementPresent(findTestObject("FIM/Username_txt"), 10): Object 'Object Repository/FIM/Username_txt' is present

21-10-2025T20:03:11 - [MESSAGE][PASSED] - Object 'Object Repository/FIM/Username_txt' is present

21-10-2025T20:03:11 - [TEST_STEP][PASSED] - setText(findTestObject("FIM/Username_txt"), FIMUsername): Text 'Chris.Sheldon+DES_QA@Thekag.com' is set on object 'Object Repository/FIM/Username_txt'

21-10-2025T20:03:11 - [MESSAGE][PASSED] - Text 'Chris.Sheldon+DES_QA@Thekag.com' is set on object 'Object Repository/FIM/Username_txt'

21-10-2025T20:03:11 - [TEST_STEP][PASSED] - delay(1): Delayed 1 second(s)

21-10-2025T20:03:12 - [MESSAGE][PASSED] - Delayed 1 second(s)

21-10-2025T20:03:12 - [TEST_STEP][PASSED] - setText(findTestObject("FIM/Password_txt"), FIMPassword): Text 'QATest!2' is set on object 'Object Repository/FIM/Password_txt'

21-10-2025T20:03:12 - [MESSAGE][PASSED] - Text 'QATest!2' is set on object 'Object Repository/FIM/Password_txt'

21-10-2025T20:03:12 - [TEST_STEP][PASSED] - delay(1): Delayed 1 second(s)

21-10-2025T20:03:13 - [MESSAGE][PASSED] - Delayed 1 second(s)

21-10-2025T20:03:13 - [TEST_STEP][PASSED] - click(findTestObject("FIM/Login_btn")): Object: 'Object Repository/FIM/Login_btn' is clicked on

21-10-2025T20:03:13 - [MESSAGE][PASSED] - Object: 'Object Repository/FIM/Login_btn' is clicked on

21-10-2025T20:03:13 - [MESSAGE][PASSED] - Call Test Case 'Test Cases/Utility Scripts/FIM KGL Admin Login' successfully

21-10-2025T20:03:13 - [TEST_STEP][PASSED] - waitForElementClickable(findTestObject("FIM 1.2/Hamburger Menu List/Hamburger_menu"), 30): Object 'Object Repository/FIM 1.2/Hamburger Menu List/Hamburger_menu' is clickable

21-10-2025T20:03:13 - [MESSAGE][PASSED] - Object 'Object Repository/FIM 1.2/Hamburger Menu List/Hamburger_menu' is clickable

21-10-2025T20:03:13 - [TEST_STEP][PASSED] - if (verifyElementVisible(findTestObject("FIM/Server_Notification_Close_btn"), OPTIONAL) == true): Web element with id: 'Object Repository/FIM/Server_Notification_Close_btn' located by '/html/body/div/div[1]/button' not found (Root cause: com.kms.katalon.core.exception.StepFailedException: Web element with id: 'Object Repository/FIM/Server_Notification_Close_btn' located by '/html/body/div/div[1]/button' not found
	at com.kms.katalon.core.webui.keyword.internal.WebUIKeywordMain.stepFailed(WebUIKeywordMain.groovy:117)
	at com.kms.katalon.core.webui.keyword.builtin.VerifyElementVisibleKeyword$_verifyElementVisible_closure1.doCall(VerifyElementVisibleKeyword.groovy:89)
	at com.kms.katalon.core.webui.keyword.builtin.VerifyElementVisibleKeyword$_verifyElementVisible_closure1.call(VerifyElementVisibleKeyword.groovy)
	at com.kms.katalon.core.webui.keyword.internal.WebUIKeywordMain.runKeyword(WebUIKeywordMain.groovy:35)
	at com.kms.katalon.core.webui.keyword.builtin.VerifyElementVisibleKeyword.verifyElementVisible(VerifyElementVisibleKeyword.groovy:97)
	at com.kms.katalon.core.webui.keyword.builtin.VerifyElementVisibleKeyword.execute(VerifyElementVisibleKeyword.groovy:67)
	at com.kms.katalon.core.keyword.internal.KeywordExecutor.executeKeywordForPlatform(KeywordExecutor.groovy:74)
	at com.kms.katalon.core.webui.keyword.WebUiBuiltInKeywords.verifyElementVisible(WebUiBuiltInKeywords.groovy:401)
	at com.kms.katalon.core.webui.keyword.WebUiBuiltInKeywords$verifyElementVisible$6.call(Unknown Source)
	at Creating an Account Of Company.run(Creating an Account Of Company:24)
	at com.kms.katalon.core.main.ScriptEngine.run(ScriptEngine.java:194)
	at com.kms.katalon.core.main.ScriptEngine.runScriptAsRawText(ScriptEngine.java:119)
	at com.kms.katalon.core.main.TestCaseExecutor.runScript(TestCaseExecutor.java:448)
	at com.kms.katalon.core.main.TestCaseExecutor.doExecute(TestCaseExecutor.java:439)
	at com.kms.katalon.core.main.TestCaseExecutor.processExecutionPhase(TestCaseExecutor.java:418)
	at com.kms.katalon.core.main.TestCaseExecutor.accessMainPhase(TestCaseExecutor.java:410)
	at com.kms.katalon.core.main.TestCaseExecutor.execute(TestCaseExecutor.java:285)
	at com.kms.katalon.core.common.CommonExecutor.accessTestCaseMainPhase(CommonExecutor.java:65)
	at com.kms.katalon.core.main.TestSuiteExecutor.accessTestSuiteMainPhase(TestSuiteExecutor.java:150)
	at com.kms.katalon.core.main.TestSuiteExecutor.execute(TestSuiteExecutor.java:106)
	at com.kms.katalon.core.main.TestCaseMain.startTestSuite(TestCaseMain.java:180)
	at com.kms.katalon.core.main.TestCaseMain$startTestSuite$0.call(Unknown Source)
	at TempTestSuite1761090740538.run(TempTestSuite1761090740538.groovy:35)
	at java.base/jdk.internal.reflect.NativeMethodAccessorImpl.invoke0(Native Method)
	at java.base/jdk.internal.reflect.NativeMethodAccessorImpl.invoke(NativeMethodAccessorImpl.java:77)
	at java.base/jdk.internal.reflect.DelegatingMethodAccessorImpl.invoke(DelegatingMethodAccessorImpl.java:43)
)

21-10-2025T20:03:29 - [MESSAGE][INFO] - Unable to find the element located by 'By.xpath: /html/body/div/div[1]/button'. Please recheck the objects properties to make sure the desired element is located. 

21-10-2025T20:03:29 - [MESSAGE][WARNING] - [SELF-HEALING] Failed to find element with id 'Object Repository/FIM/Server_Notification_Close_btn'. Try using Self-healing.

21-10-2025T20:03:30 - [MESSAGE][INFO] - [SELF-HEALING] No working XPath is found.

21-10-2025T20:03:32 - [MESSAGE][INFO] - Unable to find the element located by 'By.xpath: '. Please recheck the objects properties to make sure the desired element is located. 

21-10-2025T20:03:32 - [MESSAGE][WARNING] - [SELF-HEALING] Cannot find elements when the selector is null

21-10-2025T20:03:32 - [MESSAGE][WARNING] - Web element with id: 'Object Repository/FIM/Server_Notification_Close_btn' located by '/html/body/div/div[1]/button' not found (Root cause: com.kms.katalon.core.exception.StepFailedException: Web element with id: 'Object Repository/FIM/Server_Notification_Close_btn' located by '/html/body/div/div[1]/button' not found
	at com.kms.katalon.core.webui.keyword.internal.WebUIKeywordMain.stepFailed(WebUIKeywordMain.groovy:117)
	at com.kms.katalon.core.webui.keyword.builtin.VerifyElementVisibleKeyword$_verifyElementVisible_closure1.doCall(VerifyElementVisibleKeyword.groovy:89)
	at com.kms.katalon.core.webui.keyword.builtin.VerifyElementVisibleKeyword$_verifyElementVisible_closure1.call(VerifyElementVisibleKeyword.groovy)
	at com.kms.katalon.core.webui.keyword.internal.WebUIKeywordMain.runKeyword(WebUIKeywordMain.groovy:35)
	at com.kms.katalon.core.webui.keyword.builtin.VerifyElementVisibleKeyword.verifyElementVisible(VerifyElementVisibleKeyword.groovy:97)
	at com.kms.katalon.core.webui.keyword.builtin.VerifyElementVisibleKeyword.execute(VerifyElementVisibleKeyword.groovy:67)
	at com.kms.katalon.core.keyword.internal.KeywordExecutor.executeKeywordForPlatform(KeywordExecutor.groovy:74)
	at com.kms.katalon.core.webui.keyword.WebUiBuiltInKeywords.verifyElementVisible(WebUiBuiltInKeywords.groovy:401)
	at com.kms.katalon.core.webui.keyword.WebUiBuiltInKeywords$verifyElementVisible$6.call(Unknown Source)
	at Creating an Account Of Company.run(Creating an Account Of Company:24)
	at com.kms.katalon.core.main.ScriptEngine.run(ScriptEngine.java:194)
	at com.kms.katalon.core.main.ScriptEngine.runScriptAsRawText(ScriptEngine.java:119)
	at com.kms.katalon.core.main.TestCaseExecutor.runScript(TestCaseExecutor.java:448)
	at com.kms.katalon.core.main.TestCaseExecutor.doExecute(TestCaseExecutor.java:439)
	at com.kms.katalon.core.main.TestCaseExecutor.processExecutionPhase(TestCaseExecutor.java:418)
	at com.kms.katalon.core.main.TestCaseExecutor.accessMainPhase(TestCaseExecutor.java:410)
	at com.kms.katalon.core.main.TestCaseExecutor.execute(TestCaseExecutor.java:285)
	at com.kms.katalon.core.common.CommonExecutor.accessTestCaseMainPhase(CommonExecutor.java:65)
	at com.kms.katalon.core.main.TestSuiteExecutor.accessTestSuiteMainPhase(TestSuiteExecutor.java:150)
	at com.kms.katalon.core.main.TestSuiteExecutor.execute(TestSuiteExecutor.java:106)
	at com.kms.katalon.core.main.TestCaseMain.startTestSuite(TestCaseMain.java:180)
	at com.kms.katalon.core.main.TestCaseMain$startTestSuite$0.call(Unknown Source)
	at TempTestSuite1761090740538.run(TempTestSuite1761090740538.groovy:35)
	at java.base/jdk.internal.reflect.NativeMethodAccessorImpl.invoke0(Native Method)
	at java.base/jdk.internal.reflect.NativeMethodAccessorImpl.invoke(NativeMethodAccessorImpl.java:77)
	at java.base/jdk.internal.reflect.DelegatingMethodAccessorImpl.invoke(DelegatingMethodAccessorImpl.java:43)
)

21-10-2025T20:03:32 - [TEST_STEP][PASSED] - delay(1): Delayed 1 second(s)

21-10-2025T20:03:33 - [MESSAGE][PASSED] - Delayed 1 second(s)

21-10-2025T20:03:33 - [TEST_STEP][PASSED] - click(findTestObject("FIM/Hamburger Menu List/Hamburger_menu")): Object: 'Object Repository/FIM/Hamburger Menu List/Hamburger_menu' is clicked on

21-10-2025T20:03:33 - [MESSAGE][PASSED] - Object: 'Object Repository/FIM/Hamburger Menu List/Hamburger_menu' is clicked on

21-10-2025T20:03:33 - [TEST_STEP][PASSED] - delay(1): Delayed 1 second(s)

21-10-2025T20:03:34 - [MESSAGE][PASSED] - Delayed 1 second(s)

21-10-2025T20:03:34 - [TEST_STEP][PASSED] - click(findTestObject("Object Repository/FIM 1.2/Hamburger Menu List/Companies_list")): Object: 'Object Repository/FIM 1.2/Hamburger Menu List/Companies_list' is clicked on

21-10-2025T20:03:34 - [MESSAGE][PASSED] - Object: 'Object Repository/FIM 1.2/Hamburger Menu List/Companies_list' is clicked on

21-10-2025T20:03:34 - [TEST_STEP][PASSED] - delay(5): Delayed 5 second(s)

21-10-2025T20:03:39 - [MESSAGE][PASSED] - Delayed 5 second(s)

21-10-2025T20:03:39 - [TEST_STEP][PASSED] - if (verifyElementVisible(findTestObject("FIM/Existing Page with Pending Changes Close_btn"), OPTIONAL) == true): null

21-10-2025T20:03:39 - [MESSAGE][PASSED] - Object 'Object Repository/FIM/Existing Page with Pending Changes Close_btn' is visible

21-10-2025T20:03:39 - [TEST_STEP][PASSED] - click(findTestObject("FIM/Existing Page with Pending Changes Close_btn")): Object: 'Object Repository/FIM/Existing Page with Pending Changes Close_btn' is clicked on

21-10-2025T20:03:40 - [MESSAGE][PASSED] - Object: 'Object Repository/FIM/Existing Page with Pending Changes Close_btn' is clicked on

21-10-2025T20:03:40 - [TEST_STEP][PASSED] - click(findTestObject("Object Repository/FIM 1.2/Page_Inventory Management/button_Add Company")): Object: 'Object Repository/FIM 1.2/Page_Inventory Management/button_Add Company' is clicked on

21-10-2025T20:03:40 - [MESSAGE][PASSED] - Object: 'Object Repository/FIM 1.2/Page_Inventory Management/button_Add Company' is clicked on

21-10-2025T20:03:40 - [TEST_STEP][PASSED] - setText(findTestObject("Object Repository/FIM 1.2/Page_Inventory Management/input__uniqueId"), AccountOf): Text 'PILLER WAY' is set on object 'Object Repository/FIM 1.2/Page_Inventory Management/input__uniqueId'

21-10-2025T20:03:40 - [MESSAGE][PASSED] - Text 'PILLER WAY' is set on object 'Object Repository/FIM 1.2/Page_Inventory Management/input__uniqueId'

21-10-2025T20:03:40 - [TEST_STEP][PASSED] - setText(findTestObject("Object Repository/FIM 1.2/Page_Inventory Management/input__company-name"), "Lager Way"): Text 'Lager Way' is set on object 'Object Repository/FIM 1.2/Page_Inventory Management/input__company-name'

21-10-2025T20:03:40 - [MESSAGE][PASSED] - Text 'Lager Way' is set on object 'Object Repository/FIM 1.2/Page_Inventory Management/input__company-name'

21-10-2025T20:03:40 - [TEST_STEP][PASSED] - setText(findTestObject("Object Repository/FIM 1.2/Page_Inventory Management/input__company-address1"), "911 49th Street"): Text '911 49th Street' is set on object 'Object Repository/FIM 1.2/Page_Inventory Management/input__company-address1'

21-10-2025T20:03:41 - [MESSAGE][PASSED] - Text '911 49th Street' is set on object 'Object Repository/FIM 1.2/Page_Inventory Management/input__company-address1'

21-10-2025T20:03:41 - [TEST_STEP][PASSED] - setText(findTestObject("Object Repository/FIM 1.2/Page_Inventory Management/input__company-city"), "Seventy-Six"): Text 'Seventy-Six' is set on object 'Object Repository/FIM 1.2/Page_Inventory Management/input__company-city'

21-10-2025T20:03:41 - [MESSAGE][PASSED] - Text 'Seventy-Six' is set on object 'Object Repository/FIM 1.2/Page_Inventory Management/input__company-city'

21-10-2025T20:03:41 - [TEST_STEP][PASSED] - selectOptionByValue(findTestObject("Object Repository/FIM 1.2/Page_Inventory Management/select_State"), "WV", true): All options with value 'WV' are selected in object 'Object Repository/FIM 1.2/Page_Inventory Management/select_State'  using regular expression

21-10-2025T20:03:42 - [MESSAGE][PASSED] - All options with value 'WV' are selected in object 'Object Repository/FIM 1.2/Page_Inventory Management/select_State'  using regular expression

21-10-2025T20:03:42 - [TEST_STEP][PASSED] - setText(findTestObject("Object Repository/FIM 1.2/Page_Inventory Management/input__company-zip"), "45236"): Text '45236' is set on object 'Object Repository/FIM 1.2/Page_Inventory Management/input__company-zip'

21-10-2025T20:03:42 - [MESSAGE][PASSED] - Text '45236' is set on object 'Object Repository/FIM 1.2/Page_Inventory Management/input__company-zip'

21-10-2025T20:03:42 - [TEST_STEP][PASSED] - click(findTestObject("FIM 1.2/Companies Page/Account Of_checkbox")): Object: 'Object Repository/FIM 1.2/Companies Page/Account Of_checkbox' is clicked on

21-10-2025T20:03:42 - [MESSAGE][PASSED] - Object: 'Object Repository/FIM 1.2/Companies Page/Account Of_checkbox' is clicked on

21-10-2025T20:03:42 - [TEST_STEP][PASSED] - delay(3): Delayed 3 second(s)

21-10-2025T20:03:45 - [MESSAGE][PASSED] - Delayed 3 second(s)

21-10-2025T20:03:45 - [TEST_STEP][PASSED] - click(findTestObject("FIM 1.2/Companies Page/Save Company_btn")): Object: 'Object Repository/FIM 1.2/Companies Page/Save Company_btn' is clicked on

21-10-2025T20:03:45 - [MESSAGE][PASSED] - Object: 'Object Repository/FIM 1.2/Companies Page/Save Company_btn' is clicked on

21-10-2025T20:03:45 - [TEST_STEP][PASSED] - delay(2): Delayed 2 second(s)

21-10-2025T20:03:47 - [MESSAGE][PASSED] - Delayed 2 second(s)

21-10-2025T20:03:47 - [TEST_STEP][PASSED] - verifyElementPresent(findTestObject("FIM 1.2/Companies Page/Add Company Success Alert"), 10): Object 'Object Repository/FIM 1.2/Companies Page/Add Company Success Alert' is present

21-10-2025T20:03:47 - [MESSAGE][PASSED] - Object 'Object Repository/FIM 1.2/Companies Page/Add Company Success Alert' is present

21-10-2025T20:03:47 - [TEST_STEP][FAILED] - verifyElementText(findTestObject("FIM 1.2/Companies Page/Add Company Success Alert"), "The site has been created successfully"): Verify element text of test object 'Object Repository/FIM 1.2/Companies Page/Add Company Success Alert' FAILED. (Root cause: com.kms.katalon.core.exception.StepFailedException: Verify element text of test object 'Object Repository/FIM 1.2/Companies Page/Add Company Success Alert' FAILED.
	at com.kms.katalon.core.webui.keyword.internal.WebUIKeywordMain.stepFailed(WebUIKeywordMain.groovy:117)
	at com.kms.katalon.core.webui.keyword.internal.WebUIKeywordMain.runKeyword(WebUIKeywordMain.groovy:43)
	at com.kms.katalon.core.webui.keyword.builtin.VerifyElementTextKeyword.verifyElementText(VerifyElementTextKeyword.groovy:72)
	at com.kms.katalon.core.webui.keyword.builtin.VerifyElementTextKeyword.execute(VerifyElementTextKeyword.groovy:40)
	at com.kms.katalon.core.keyword.internal.KeywordExecutor.executeKeywordForPlatform(KeywordExecutor.groovy:74)
	at com.kms.katalon.core.webui.keyword.WebUiBuiltInKeywords.verifyElementText(WebUiBuiltInKeywords.groovy:4835)
	at com.kms.katalon.core.webui.keyword.WebUiBuiltInKeywords$verifyElementText$15.call(Unknown Source)
	at Creating an Account Of Company.run(Creating an Account Of Company:67)
	at com.kms.katalon.core.main.ScriptEngine.run(ScriptEngine.java:194)
	at com.kms.katalon.core.main.ScriptEngine.runScriptAsRawText(ScriptEngine.java:119)
	at com.kms.katalon.core.main.TestCaseExecutor.runScript(TestCaseExecutor.java:448)
	at com.kms.katalon.core.main.TestCaseExecutor.doExecute(TestCaseExecutor.java:439)
	at com.kms.katalon.core.main.TestCaseExecutor.processExecutionPhase(TestCaseExecutor.java:418)
	at com.kms.katalon.core.main.TestCaseExecutor.accessMainPhase(TestCaseExecutor.java:410)
	at com.kms.katalon.core.main.TestCaseExecutor.execute(TestCaseExecutor.java:285)
	at com.kms.katalon.core.common.CommonExecutor.accessTestCaseMainPhase(CommonExecutor.java:65)
	at com.kms.katalon.core.main.TestSuiteExecutor.accessTestSuiteMainPhase(TestSuiteExecutor.java:150)
	at com.kms.katalon.core.main.TestSuiteExecutor.execute(TestSuiteExecutor.java:106)
	at com.kms.katalon.core.main.TestCaseMain.startTestSuite(TestCaseMain.java:180)
	at com.kms.katalon.core.main.TestCaseMain$startTestSuite$0.call(Unknown Source)
	at TempTestSuite1761090740538.run(TempTestSuite1761090740538.groovy:35)
	at java.base/jdk.internal.reflect.NativeMethodAccessorImpl.invoke0(Native Method)
	at java.base/jdk.internal.reflect.NativeMethodAccessorImpl.invoke(NativeMethodAccessorImpl.java:77)
	at java.base/jdk.internal.reflect.DelegatingMethodAccessorImpl.invoke(DelegatingMethodAccessorImpl.java:43)
Caused by: com.kms.katalon.core.exception.StepFailedException: Actual text 'Unique ID *
Company Name *
Phone
Address *
City *
State *
Alabama
Alaska
American Samoa
Arizona
Arkansas
California
Colorado
Connecticut
Delaware
District Of Columbia
Federated States Of Micronesia
Florida
Georgia
Guam
Hawaii
Idaho
Illinois
Indiana
Iowa
Kansas
Kentucky
Louisiana
Maine
Marshall Islands
Maryland
Massachusetts
Michigan
Minnesota
Mississippi
Missouri
Montana
Nebraska
Nevada
New Hampshire
New Jersey
New Mexico
New York
North Carolina
North Dakota
Northern Mariana Islands
Ohio
Oklahoma
Oregon
Palau
Pennsylvania
Puerto Rico
Rhode Island
South Carolina
South Dakota
Tennessee
Texas
Utah
Vermont
Virgin Islands
Virginia
Washington
West Virginia
Wisconsin
Wyoming
Zip *
Account of
Bill to
Shipper
Consignee
Supplier
Active For Forecasting
Show Inventory Reading Alert
Show First Of The Day Inventory Readings
Save
Cancel' and expected text 'The site has been created successfully' of test object 'Object Repository/FIM 1.2/Companies Page/Add Company Success Alert' are NOT matched.
	at com.kms.katalon.core.webui.keyword.internal.WebUIKeywordMain.stepFailed(WebUIKeywordMain.groovy:117)
	at com.kms.katalon.core.webui.keyword.builtin.VerifyElementTextKeyword$_verifyElementText_closure1.doCall(VerifyElementTextKeyword.groovy:57)
	at com.kms.katalon.core.webui.keyword.builtin.VerifyElementTextKeyword$_verifyElementText_closure1.call(VerifyElementTextKeyword.groovy)
	at com.kms.katalon.core.webui.keyword.internal.WebUIKeywordMain.runKeyword(WebUIKeywordMain.groovy:35)
	... 22 more
)

21-10-2025T20:03:47 - [MESSAGE][FAILED] - Actual text 'Unique ID *
Company Name *
Phone
Address *
City *
State *
Alabama
Alaska
American Samoa
Arizona
Arkansas
California
Colorado
Connecticut
Delaware
District Of Columbia
Federated States Of Micronesia
Florida
Georgia
Guam
Hawaii
Idaho
Illinois
Indiana
Iowa
Kansas
Kentucky
Louisiana
Maine
Marshall Islands
Maryland
Massachusetts
Michigan
Minnesota
Mississippi
Missouri
Montana
Nebraska
Nevada
New Hampshire
New Jersey
New Mexico
New York
North Carolina
North Dakota
Northern Mariana Islands
Ohio
Oklahoma
Oregon
Palau
Pennsylvania
Puerto Rico
Rhode Island
South Carolina
South Dakota
Tennessee
Texas
Utah
Vermont
Virgin Islands
Virginia
Washington
West Virginia
Wisconsin
Wyoming
Zip *
Account of
Bill to
Shipper
Consignee
Supplier
Active For Forecasting
Show Inventory Reading Alert
Show First Of The Day Inventory Readings
Save
Cancel' and expected text 'The site has been created successfully' of test object 'Object Repository/FIM 1.2/Companies Page/Add Company Success Alert' are NOT matched. (Root cause: com.kms.katalon.core.exception.StepFailedException: Actual text 'Unique ID *
Company Name *
Phone
Address *
City *
State *
Alabama
Alaska
American Samoa
Arizona
Arkansas
California
Colorado
Connecticut
Delaware
District Of Columbia
Federated States Of Micronesia
Florida
Georgia
Guam
Hawaii
Idaho
Illinois
Indiana
Iowa
Kansas
Kentucky
Louisiana
Maine
Marshall Islands
Maryland
Massachusetts
Michigan
Minnesota
Mississippi
Missouri
Montana
Nebraska
Nevada
New Hampshire
New Jersey
New Mexico
New York
North Carolina
North Dakota
Northern Mariana Islands
Ohio
Oklahoma
Oregon
Palau
Pennsylvania
Puerto Rico
Rhode Island
South Carolina
South Dakota
Tennessee
Texas
Utah
Vermont
Virgin Islands
Virginia
Washington
West Virginia
Wisconsin
Wyoming
Zip *
Account of
Bill to
Shipper
Consignee
Supplier
Active For Forecasting
Show Inventory Reading Alert
Show First Of The Day Inventory Readings
Save
Cancel' and expected text 'The site has been created successfully' of test object 'Object Repository/FIM 1.2/Companies Page/Add Company Success Alert' are NOT matched.
	at com.kms.katalon.core.webui.keyword.internal.WebUIKeywordMain.stepFailed(WebUIKeywordMain.groovy:117)
	at com.kms.katalon.core.webui.keyword.builtin.VerifyElementTextKeyword$_verifyElementText_closure1.doCall(VerifyElementTextKeyword.groovy:57)
	at com.kms.katalon.core.webui.keyword.builtin.VerifyElementTextKeyword$_verifyElementText_closure1.call(VerifyElementTextKeyword.groovy)
	at com.kms.katalon.core.webui.keyword.internal.WebUIKeywordMain.runKeyword(WebUIKeywordMain.groovy:35)
	at com.kms.katalon.core.webui.keyword.builtin.VerifyElementTextKeyword.verifyElementText(VerifyElementTextKeyword.groovy:72)
	at com.kms.katalon.core.webui.keyword.builtin.VerifyElementTextKeyword.execute(VerifyElementTextKeyword.groovy:40)
	at com.kms.katalon.core.keyword.internal.KeywordExecutor.executeKeywordForPlatform(KeywordExecutor.groovy:74)
	at com.kms.katalon.core.webui.keyword.WebUiBuiltInKeywords.verifyElementText(WebUiBuiltInKeywords.groovy:4835)
	at com.kms.katalon.core.webui.keyword.WebUiBuiltInKeywords$verifyElementText$15.call(Unknown Source)
	at Creating an Account Of Company.run(Creating an Account Of Company:67)
	at com.kms.katalon.core.main.ScriptEngine.run(ScriptEngine.java:194)
	at com.kms.katalon.core.main.ScriptEngine.runScriptAsRawText(ScriptEngine.java:119)
	at com.kms.katalon.core.main.TestCaseExecutor.runScript(TestCaseExecutor.java:448)
	at com.kms.katalon.core.main.TestCaseExecutor.doExecute(TestCaseExecutor.java:439)
	at com.kms.katalon.core.main.TestCaseExecutor.processExecutionPhase(TestCaseExecutor.java:418)
	at com.kms.katalon.core.main.TestCaseExecutor.accessMainPhase(TestCaseExecutor.java:410)
	at com.kms.katalon.core.main.TestCaseExecutor.execute(TestCaseExecutor.java:285)
	at com.kms.katalon.core.common.CommonExecutor.accessTestCaseMainPhase(CommonExecutor.java:65)
	at com.kms.katalon.core.main.TestSuiteExecutor.accessTestSuiteMainPhase(TestSuiteExecutor.java:150)
	at com.kms.katalon.core.main.TestSuiteExecutor.execute(TestSuiteExecutor.java:106)
	at com.kms.katalon.core.main.TestCaseMain.startTestSuite(TestCaseMain.java:180)
	at com.kms.katalon.core.main.TestCaseMain$startTestSuite$0.call(Unknown Source)
	at TempTestSuite1761090740538.run(TempTestSuite1761090740538.groovy:35)
	at java.base/jdk.internal.reflect.NativeMethodAccessorImpl.invoke0(Native Method)
	at java.base/jdk.internal.reflect.NativeMethodAccessorImpl.invoke(NativeMethodAccessorImpl.java:77)
	at java.base/jdk.internal.reflect.DelegatingMethodAccessorImpl.invoke(DelegatingMethodAccessorImpl.java:43)
)

21-10-2025T20:03:47 - [MESSAGE][FAILED] - Verify element text of test object 'Object Repository/FIM 1.2/Companies Page/Add Company Success Alert' FAILED. (Root cause: com.kms.katalon.core.exception.StepFailedException: Verify element text of test object 'Object Repository/FIM 1.2/Companies Page/Add Company Success Alert' FAILED.
	at com.kms.katalon.core.webui.keyword.internal.WebUIKeywordMain.stepFailed(WebUIKeywordMain.groovy:117)
	at com.kms.katalon.core.webui.keyword.internal.WebUIKeywordMain.runKeyword(WebUIKeywordMain.groovy:43)
	at com.kms.katalon.core.webui.keyword.builtin.VerifyElementTextKeyword.verifyElementText(VerifyElementTextKeyword.groovy:72)
	at com.kms.katalon.core.webui.keyword.builtin.VerifyElementTextKeyword.execute(VerifyElementTextKeyword.groovy:40)
	at com.kms.katalon.core.keyword.internal.KeywordExecutor.executeKeywordForPlatform(KeywordExecutor.groovy:74)
	at com.kms.katalon.core.webui.keyword.WebUiBuiltInKeywords.verifyElementText(WebUiBuiltInKeywords.groovy:4835)
	at com.kms.katalon.core.webui.keyword.WebUiBuiltInKeywords$verifyElementText$15.call(Unknown Source)
	at Creating an Account Of Company.run(Creating an Account Of Company:67)
	at com.kms.katalon.core.main.ScriptEngine.run(ScriptEngine.java:194)
	at com.kms.katalon.core.main.ScriptEngine.runScriptAsRawText(ScriptEngine.java:119)
	at com.kms.katalon.core.main.TestCaseExecutor.runScript(TestCaseExecutor.java:448)
	at com.kms.katalon.core.main.TestCaseExecutor.doExecute(TestCaseExecutor.java:439)
	at com.kms.katalon.core.main.TestCaseExecutor.processExecutionPhase(TestCaseExecutor.java:418)
	at com.kms.katalon.core.main.TestCaseExecutor.accessMainPhase(TestCaseExecutor.java:410)
	at com.kms.katalon.core.main.TestCaseExecutor.execute(TestCaseExecutor.java:285)
	at com.kms.katalon.core.common.CommonExecutor.accessTestCaseMainPhase(CommonExecutor.java:65)
	at com.kms.katalon.core.main.TestSuiteExecutor.accessTestSuiteMainPhase(TestSuiteExecutor.java:150)
	at com.kms.katalon.core.main.TestSuiteExecutor.execute(TestSuiteExecutor.java:106)
	at com.kms.katalon.core.main.TestCaseMain.startTestSuite(TestCaseMain.java:180)
	at com.kms.katalon.core.main.TestCaseMain$startTestSuite$0.call(Unknown Source)
	at TempTestSuite1761090740538.run(TempTestSuite1761090740538.groovy:35)
	at java.base/jdk.internal.reflect.NativeMethodAccessorImpl.invoke0(Native Method)
	at java.base/jdk.internal.reflect.NativeMethodAccessorImpl.invoke(NativeMethodAccessorImpl.java:77)
	at java.base/jdk.internal.reflect.DelegatingMethodAccessorImpl.invoke(DelegatingMethodAccessorImpl.java:43)
Caused by: com.kms.katalon.core.exception.StepFailedException: Actual text 'Unique ID *
Company Name *
Phone
Address *
City *
State *
Alabama
Alaska
American Samoa
Arizona
Arkansas
California
Colorado
Connecticut
Delaware
District Of Columbia
Federated States Of Micronesia
Florida
Georgia
Guam
Hawaii
Idaho
Illinois
Indiana
Iowa
Kansas
Kentucky
Louisiana
Maine
Marshall Islands
Maryland
Massachusetts
Michigan
Minnesota
Mississippi
Missouri
Montana
Nebraska
Nevada
New Hampshire
New Jersey
New Mexico
New York
North Carolina
North Dakota
Northern Mariana Islands
Ohio
Oklahoma
Oregon
Palau
Pennsylvania
Puerto Rico
Rhode Island
South Carolina
South Dakota
Tennessee
Texas
Utah
Vermont
Virgin Islands
Virginia
Washington
West Virginia
Wisconsin
Wyoming
Zip *
Account of
Bill to
Shipper
Consignee
Supplier
Active For Forecasting
Show Inventory Reading Alert
Show First Of The Day Inventory Readings
Save
Cancel' and expected text 'The site has been created successfully' of test object 'Object Repository/FIM 1.2/Companies Page/Add Company Success Alert' are NOT matched.
	at com.kms.katalon.core.webui.keyword.internal.WebUIKeywordMain.stepFailed(WebUIKeywordMain.groovy:117)
	at com.kms.katalon.core.webui.keyword.builtin.VerifyElementTextKeyword$_verifyElementText_closure1.doCall(VerifyElementTextKeyword.groovy:57)
	at com.kms.katalon.core.webui.keyword.builtin.VerifyElementTextKeyword$_verifyElementText_closure1.call(VerifyElementTextKeyword.groovy)
	at com.kms.katalon.core.webui.keyword.internal.WebUIKeywordMain.runKeyword(WebUIKeywordMain.groovy:35)
	... 22 more
)

21-10-2025T20:03:47 - [TEST_STEP][PASSED] - Start listener action : retryOnDisconnect: Current window's url is: 'https://kaglogistics-inventory-management-portal.qa.thekag.com/companies/'

21-10-2025T20:03:47 - [TEST_STEP][PASSED] - tcId = testCaseContext.getTestCaseId(): null

21-10-2025T20:03:47 - [TEST_STEP][PASSED] - currentRetry = retryCounts.getOrDefault(tcId, 0): null

21-10-2025T20:03:47 - [TEST_STEP][PASSED] - if (testCaseContext.getTestCaseStatus() == "FAILED" && currentRetry < MAX_RETRIES): Current window's url is: 'https://kaglogistics-inventory-management-portal.qa.thekag.com/companies/'

21-10-2025T20:03:47 - [TEST_STEP][PASSED] - try: Current window's url is: 'https://kaglogistics-inventory-management-portal.qa.thekag.com/companies/'

21-10-2025T20:03:47 - [TEST_STEP][PASSED] - comment(Checking for WebDriver disconnect for test case: $tcId): Checking for WebDriver disconnect for test case: Test Cases/FIM/UI/KGL/Admin/Company/Creating an Account Of Company

21-10-2025T20:03:47 - [MESSAGE][INFO] - Checking for WebDriver disconnect for test case: Test Cases/FIM/UI/KGL/Admin/Company/Creating an Account Of Company

21-10-2025T20:03:47 - [TEST_STEP][PASSED] - getUrl(): Current window's url is: 'https://kaglogistics-inventory-management-portal.qa.thekag.com/companies/'

21-10-2025T20:03:47 - [MESSAGE][PASSED] - Current window's url is: 'https://kaglogistics-inventory-management-portal.qa.thekag.com/companies/']]></system-out>
         <system-err><![CDATA[21-10-2025T20:02:57 - [TEST_CASE][FAILED] - Test Cases/FIM/UI/KGL/Admin/Company/Creating an Account Of Company: Test Cases/FIM/UI/KGL/Admin/Company/Creating an Account Of Company FAILED.
Reason:
com.kms.katalon.core.exception.StepFailedException: Verify element text of test object 'Object Repository/FIM 1.2/Companies Page/Add Company Success Alert' FAILED.
	at com.kms.katalon.core.webui.keyword.internal.WebUIKeywordMain.stepFailed(WebUIKeywordMain.groovy:117)
	at com.kms.katalon.core.webui.keyword.internal.WebUIKeywordMain.runKeyword(WebUIKeywordMain.groovy:43)
	at com.kms.katalon.core.webui.keyword.builtin.VerifyElementTextKeyword.verifyElementText(VerifyElementTextKeyword.groovy:72)
	at com.kms.katalon.core.webui.keyword.builtin.VerifyElementTextKeyword.execute(VerifyElementTextKeyword.groovy:40)
	at com.kms.katalon.core.keyword.internal.KeywordExecutor.executeKeywordForPlatform(KeywordExecutor.groovy:74)
	at com.kms.katalon.core.webui.keyword.WebUiBuiltInKeywords.verifyElementText(WebUiBuiltInKeywords.groovy:4835)
	at com.kms.katalon.core.webui.keyword.WebUiBuiltInKeywords$verifyElementText$15.call(Unknown Source)
	at Creating an Account Of Company.run(Creating an Account Of Company:67)
	at com.kms.katalon.core.main.ScriptEngine.run(ScriptEngine.java:194)
	at com.kms.katalon.core.main.ScriptEngine.runScriptAsRawText(ScriptEngine.java:119)
	at com.kms.katalon.core.main.TestCaseExecutor.runScript(TestCaseExecutor.java:448)
	at com.kms.katalon.core.main.TestCaseExecutor.doExecute(TestCaseExecutor.java:439)
	at com.kms.katalon.core.main.TestCaseExecutor.processExecutionPhase(TestCaseExecutor.java:418)
	at com.kms.katalon.core.main.TestCaseExecutor.accessMainPhase(TestCaseExecutor.java:410)
	at com.kms.katalon.core.main.TestCaseExecutor.execute(TestCaseExecutor.java:285)
	at com.kms.katalon.core.common.CommonExecutor.accessTestCaseMainPhase(CommonExecutor.java:65)
	at com.kms.katalon.core.main.TestSuiteExecutor.accessTestSuiteMainPhase(TestSuiteExecutor.java:150)
	at com.kms.katalon.core.main.TestSuiteExecutor.execute(TestSuiteExecutor.java:106)
	at com.kms.katalon.core.main.TestCaseMain.startTestSuite(TestCaseMain.java:180)
	at com.kms.katalon.core.main.TestCaseMain$startTestSuite$0.call(Unknown Source)
	at TempTestSuite1761090740538.run(TempTestSuite1761090740538.groovy:35)
	at java.base/jdk.internal.reflect.NativeMethodAccessorImpl.invoke0(Native Method)
	at java.base/jdk.internal.reflect.NativeMethodAccessorImpl.invoke(NativeMethodAccessorImpl.java:77)
	at java.base/jdk.internal.reflect.DelegatingMethodAccessorImpl.invoke(DelegatingMethodAccessorImpl.java:43)
Caused by: com.kms.katalon.core.exception.StepFailedException: Actual text 'Unique ID *
Company Name *
Phone
Address *
City *
State *
Alabama
Alaska
American Samoa
Arizona
Arkansas
California
Colorado
Connecticut
Delaware
District Of Columbia
Federated States Of Micronesia
Florida
Georgia
Guam
Hawaii
Idaho
Illinois
Indiana
Iowa
Kansas
Kentucky
Louisiana
Maine
Marshall Islands
Maryland
Massachusetts
Michigan
Minnesota
Mississippi
Missouri
Montana
Nebraska
Nevada
New Hampshire
New Jersey
New Mexico
New York
North Carolina
North Dakota
Northern Mariana Islands
Ohio
Oklahoma
Oregon
Palau
Pennsylvania
Puerto Rico
Rhode Island
South Carolina
South Dakota
Tennessee
Texas
Utah
Vermont
Virgin Islands
Virginia
Washington
West Virginia
Wisconsin
Wyoming
Zip *
Account of
Bill to
Shipper
Consignee
Supplier
Active For Forecasting
Show Inventory Reading Alert
Show First Of The Day Inventory Readings
Save
Cancel' and expected text 'The site has been created successfully' of test object 'Object Repository/FIM 1.2/Companies Page/Add Company Success Alert' are NOT matched.
	at com.kms.katalon.core.webui.keyword.internal.WebUIKeywordMain.stepFailed(WebUIKeywordMain.groovy:117)
	at com.kms.katalon.core.webui.keyword.builtin.VerifyElementTextKeyword$_verifyElementText_closure1.doCall(VerifyElementTextKeyword.groovy:57)
	at com.kms.katalon.core.webui.keyword.builtin.VerifyElementTextKeyword$_verifyElementText_closure1.call(VerifyElementTextKeyword.groovy)
	at com.kms.katalon.core.webui.keyword.internal.WebUIKeywordMain.runKeyword(WebUIKeywordMain.groovy:35)
	... 22 more]]></system-err>
      </testcase>
      <testcase name="Test Cases/FIM/UI/KGL/Admin/Company/Creating a Supplier Company" time="49.817" classname="Test Cases/FIM/UI/KGL/Admin/Company/Creating a Supplier Company" status="FAILED">
         <failure type="FAILED" message="Test Cases/FIM/UI/KGL/Admin/Company/Creating a Supplier Company FAILED.&#xa;Reason:&#xa;com.kms.katalon.core.exception.StepFailedException: Verify element text of test object 'Object Repository/FIM 1.2/Companies Page/Add Company Success Alert' FAILED.&#xa;	at com.kms.katalon.core.webui.keyword.internal.WebUIKeywordMain.stepFailed(WebUIKeywordMain.groovy:117)&#xa;	at com.kms.katalon.core.webui.keyword.internal.WebUIKeywordMain.runKeyword(WebUIKeywordMain.groovy:43)&#xa;	at com.kms.katalon.core.webui.keyword.builtin.VerifyElementTextKeyword.verifyElementText(VerifyElementTextKeyword.groovy:72)&#xa;	at com.kms.katalon.core.webui.keyword.builtin.VerifyElementTextKeyword.execute(VerifyElementTextKeyword.groovy:40)&#xa;	at com.kms.katalon.core.keyword.internal.KeywordExecutor.executeKeywordForPlatform(KeywordExecutor.groovy:74)&#xa;	at com.kms.katalon.core.webui.keyword.WebUiBuiltInKeywords.verifyElementText(WebUiBuiltInKeywords.groovy:4835)&#xa;	at com.kms.katalon.core.webui.keyword.WebUiBuiltInKeywords$verifyElementText$15.call(Unknown Source)&#xa;	at Creating a Supplier Company.run(Creating a Supplier Company:67)&#xa;	at com.kms.katalon.core.main.ScriptEngine.run(ScriptEngine.java:194)&#xa;	at com.kms.katalon.core.main.ScriptEngine.runScriptAsRawText(ScriptEngine.java:119)&#xa;	at com.kms.katalon.core.main.TestCaseExecutor.runScript(TestCaseExecutor.java:448)&#xa;	at com.kms.katalon.core.main.TestCaseExecutor.doExecute(TestCaseExecutor.java:439)&#xa;	at com.kms.katalon.core.main.TestCaseExecutor.processExecutionPhase(TestCaseExecutor.java:418)&#xa;	at com.kms.katalon.core.main.TestCaseExecutor.accessMainPhase(TestCaseExecutor.java:410)&#xa;	at com.kms.katalon.core.main.TestCaseExecutor.execute(TestCaseExecutor.java:285)&#xa;	at com.kms.katalon.core.common.CommonExecutor.accessTestCaseMainPhase(CommonExecutor.java:65)&#xa;	at com.kms.katalon.core.main.TestSuiteExecutor.accessTestSuiteMainPhase(TestSuiteExecutor.java:150)&#xa;	at com.kms.katalon.core.main.TestSuiteExecutor.execute(TestSuiteExecutor.java:106)&#xa;	at com.kms.katalon.core.main.TestCaseMain.startTestSuite(TestCaseMain.java:180)&#xa;	at com.kms.katalon.core.main.TestCaseMain$startTestSuite$0.call(Unknown Source)&#xa;	at TempTestSuite1761090740538.run(TempTestSuite1761090740538.groovy:35)&#xa;	at java.base/jdk.internal.reflect.NativeMethodAccessorImpl.invoke0(Native Method)&#xa;	at java.base/jdk.internal.reflect.NativeMethodAccessorImpl.invoke(NativeMethodAccessorImpl.java:77)&#xa;	at java.base/jdk.internal.reflect.DelegatingMethodAccessorImpl.invoke(DelegatingMethodAccessorImpl.java:43)&#xa;Caused by: com.kms.katalon.core.exception.StepFailedException: Actual text 'Unique ID *&#xa;Company Name *&#xa;Phone&#xa;Address *&#xa;City *&#xa;State *&#xa;Alabama&#xa;Alaska&#xa;American Samoa&#xa;Arizona&#xa;Arkansas&#xa;California&#xa;Colorado&#xa;Connecticut&#xa;Delaware&#xa;District Of Columbia&#xa;Federated States Of Micronesia&#xa;Florida&#xa;Georgia&#xa;Guam&#xa;Hawaii&#xa;Idaho&#xa;Illinois&#xa;Indiana&#xa;Iowa&#xa;Kansas&#xa;Kentucky&#xa;Louisiana&#xa;Maine&#xa;Marshall Islands&#xa;Maryland&#xa;Massachusetts&#xa;Michigan&#xa;Minnesota&#xa;Mississippi&#xa;Missouri&#xa;Montana&#xa;Nebraska&#xa;Nevada&#xa;New Hampshire&#xa;New Jersey&#xa;New Mexico&#xa;New York&#xa;North Carolina&#xa;North Dakota&#xa;Northern Mariana Islands&#xa;Ohio&#xa;Oklahoma&#xa;Oregon&#xa;Palau&#xa;Pennsylvania&#xa;Puerto Rico&#xa;Rhode Island&#xa;South Carolina&#xa;South Dakota&#xa;Tennessee&#xa;Texas&#xa;Utah&#xa;Vermont&#xa;Virgin Islands&#xa;Virginia&#xa;Washington&#xa;West Virginia&#xa;Wisconsin&#xa;Wyoming&#xa;Zip *&#xa;Account of&#xa;Bill to&#xa;Shipper&#xa;Consignee&#xa;Supplier&#xa;Active For Forecasting&#xa;Show Inventory Reading Alert&#xa;Show First Of The Day Inventory Readings&#xa;Save&#xa;Cancel' and expected text 'The site has been created successfully' of test object 'Object Repository/FIM 1.2/Companies Page/Add Company Success Alert' are NOT matched.&#xa;	at com.kms.katalon.core.webui.keyword.internal.WebUIKeywordMain.stepFailed(WebUIKeywordMain.groovy:117)&#xa;	at com.kms.katalon.core.webui.keyword.builtin.VerifyElementTextKeyword$_verifyElementText_closure1.doCall(VerifyElementTextKeyword.groovy:57)&#xa;	at com.kms.katalon.core.webui.keyword.builtin.VerifyElementTextKeyword$_verifyElementText_closure1.call(VerifyElementTextKeyword.groovy)&#xa;	at com.kms.katalon.core.webui.keyword.internal.WebUIKeywordMain.runKeyword(WebUIKeywordMain.groovy:35)&#xa;	... 22 more&#xa;"/>
         <system-out><![CDATA[21-10-2025T20:03:47 - [TEST_CASE][FAILED] - Test Cases/FIM/UI/KGL/Admin/Company/Creating a Supplier Company: Test Cases/FIM/UI/KGL/Admin/Company/Creating a Supplier Company FAILED.
Reason:
com.kms.katalon.core.exception.StepFailedException: Verify element text of test object 'Object Repository/FIM 1.2/Companies Page/Add Company Success Alert' FAILED.
	at com.kms.katalon.core.webui.keyword.internal.WebUIKeywordMain.stepFailed(WebUIKeywordMain.groovy:117)
	at com.kms.katalon.core.webui.keyword.internal.WebUIKeywordMain.runKeyword(WebUIKeywordMain.groovy:43)
	at com.kms.katalon.core.webui.keyword.builtin.VerifyElementTextKeyword.verifyElementText(VerifyElementTextKeyword.groovy:72)
	at com.kms.katalon.core.webui.keyword.builtin.VerifyElementTextKeyword.execute(VerifyElementTextKeyword.groovy:40)
	at com.kms.katalon.core.keyword.internal.KeywordExecutor.executeKeywordForPlatform(KeywordExecutor.groovy:74)
	at com.kms.katalon.core.webui.keyword.WebUiBuiltInKeywords.verifyElementText(WebUiBuiltInKeywords.groovy:4835)
	at com.kms.katalon.core.webui.keyword.WebUiBuiltInKeywords$verifyElementText$15.call(Unknown Source)
	at Creating a Supplier Company.run(Creating a Supplier Company:67)
	at com.kms.katalon.core.main.ScriptEngine.run(ScriptEngine.java:194)
	at com.kms.katalon.core.main.ScriptEngine.runScriptAsRawText(ScriptEngine.java:119)
	at com.kms.katalon.core.main.TestCaseExecutor.runScript(TestCaseExecutor.java:448)
	at com.kms.katalon.core.main.TestCaseExecutor.doExecute(TestCaseExecutor.java:439)
	at com.kms.katalon.core.main.TestCaseExecutor.processExecutionPhase(TestCaseExecutor.java:418)
	at com.kms.katalon.core.main.TestCaseExecutor.accessMainPhase(TestCaseExecutor.java:410)
	at com.kms.katalon.core.main.TestCaseExecutor.execute(TestCaseExecutor.java:285)
	at com.kms.katalon.core.common.CommonExecutor.accessTestCaseMainPhase(CommonExecutor.java:65)
	at com.kms.katalon.core.main.TestSuiteExecutor.accessTestSuiteMainPhase(TestSuiteExecutor.java:150)
	at com.kms.katalon.core.main.TestSuiteExecutor.execute(TestSuiteExecutor.java:106)
	at com.kms.katalon.core.main.TestCaseMain.startTestSuite(TestCaseMain.java:180)
	at com.kms.katalon.core.main.TestCaseMain$startTestSuite$0.call(Unknown Source)
	at TempTestSuite1761090740538.run(TempTestSuite1761090740538.groovy:35)
	at java.base/jdk.internal.reflect.NativeMethodAccessorImpl.invoke0(Native Method)
	at java.base/jdk.internal.reflect.NativeMethodAccessorImpl.invoke(NativeMethodAccessorImpl.java:77)
	at java.base/jdk.internal.reflect.DelegatingMethodAccessorImpl.invoke(DelegatingMethodAccessorImpl.java:43)
Caused by: com.kms.katalon.core.exception.StepFailedException: Actual text 'Unique ID *
Company Name *
Phone
Address *
City *
State *
Alabama
Alaska
American Samoa
Arizona
Arkansas
California
Colorado
Connecticut
Delaware
District Of Columbia
Federated States Of Micronesia
Florida
Georgia
Guam
Hawaii
Idaho
Illinois
Indiana
Iowa
Kansas
Kentucky
Louisiana
Maine
Marshall Islands
Maryland
Massachusetts
Michigan
Minnesota
Mississippi
Missouri
Montana
Nebraska
Nevada
New Hampshire
New Jersey
New Mexico
New York
North Carolina
North Dakota
Northern Mariana Islands
Ohio
Oklahoma
Oregon
Palau
Pennsylvania
Puerto Rico
Rhode Island
South Carolina
South Dakota
Tennessee
Texas
Utah
Vermont
Virgin Islands
Virginia
Washington
West Virginia
Wisconsin
Wyoming
Zip *
Account of
Bill to
Shipper
Consignee
Supplier
Active For Forecasting
Show Inventory Reading Alert
Show First Of The Day Inventory Readings
Save
Cancel' and expected text 'The site has been created successfully' of test object 'Object Repository/FIM 1.2/Companies Page/Add Company Success Alert' are NOT matched.
	at com.kms.katalon.core.webui.keyword.internal.WebUIKeywordMain.stepFailed(WebUIKeywordMain.groovy:117)
	at com.kms.katalon.core.webui.keyword.builtin.VerifyElementTextKeyword$_verifyElementText_closure1.doCall(VerifyElementTextKeyword.groovy:57)
	at com.kms.katalon.core.webui.keyword.builtin.VerifyElementTextKeyword$_verifyElementText_closure1.call(VerifyElementTextKeyword.groovy)
	at com.kms.katalon.core.webui.keyword.internal.WebUIKeywordMain.runKeyword(WebUIKeywordMain.groovy:35)
	... 22 more


21-10-2025T20:03:47 - [TEST_STEP][PASSED] - Start listener action : beforeTestCase: null

21-10-2025T20:03:47 - [TEST_STEP][PASSED] - addDefaultPackages(): null

21-10-2025T20:03:47 - [TEST_STEP][PASSED] - callTestCase(findTestCase("Utility Scripts/FIM KGL Admin Login"), [:], STOP_ON_FAILURE): Call Test Case 'Test Cases/Utility Scripts/FIM KGL Admin Login' successfully

21-10-2025T20:03:47 - [TEST_CASE][PASSED] - Test Cases/Utility Scripts/FIM KGL Admin Login: Test Cases/Utility Scripts/FIM KGL Admin Login

21-10-2025T20:03:47 - [TEST_STEP][PASSED] - openBrowser(""): Browser is opened with url: ''

21-10-2025T20:03:47 - [MESSAGE][WARNING] - A browser is already opened. Closing browser and opening a new one

21-10-2025T20:03:48 - [MESSAGE][INFO] - Starting 'Chrome' driver

21-10-2025T20:03:48 - [MESSAGE][INFO] - User set preference: ['args', '[--no-sandbox, --disable-gpu, --disable-dev-shm-usage]']

21-10-2025T20:03:48 - [MESSAGE][INFO] - Action delay is set to 0 milliseconds

21-10-2025T20:03:48 - [MESSAGE][PASSED] - Browser is opened with url: ''

21-10-2025T20:03:48 - [TEST_STEP][PASSED] - delay(1): Delayed 1 second(s)

21-10-2025T20:03:49 - [MESSAGE][PASSED] - Delayed 1 second(s)

21-10-2025T20:03:49 - [TEST_STEP][PASSED] - navigateToUrl(KGLCustomGroupUrl): Navigate to 'https://kaglogistics-inventory-management-portal.qa.thekag.com/custom-group/' successfully

21-10-2025T20:03:50 - [MESSAGE][PASSED] - Navigate to 'https://kaglogistics-inventory-management-portal.qa.thekag.com/custom-group/' successfully

21-10-2025T20:03:50 - [TEST_STEP][PASSED] - delay(10): Delayed 10 second(s)

21-10-2025T20:04:00 - [MESSAGE][PASSED] - Delayed 10 second(s)

21-10-2025T20:04:00 - [TEST_STEP][PASSED] - if (maximizeWindow == true): Delayed 1 second(s)

21-10-2025T20:04:00 - [TEST_STEP][PASSED] - maximizeWindow(STOP_ON_FAILURE): Current window maximized

21-10-2025T20:04:00 - [MESSAGE][PASSED] - Current window maximized

21-10-2025T20:04:00 - [TEST_STEP][PASSED] - delay(1): Delayed 1 second(s)

21-10-2025T20:04:01 - [MESSAGE][PASSED] - Delayed 1 second(s)

21-10-2025T20:04:01 - [TEST_STEP][PASSED] - waitForElementPresent(findTestObject("FIM/Username_txt"), 10): Object 'Object Repository/FIM/Username_txt' is present

21-10-2025T20:04:01 - [MESSAGE][PASSED] - Object 'Object Repository/FIM/Username_txt' is present

21-10-2025T20:04:01 - [TEST_STEP][PASSED] - setText(findTestObject("FIM/Username_txt"), FIMUsername): Text 'Chris.Sheldon+DES_QA@Thekag.com' is set on object 'Object Repository/FIM/Username_txt'

21-10-2025T20:04:01 - [MESSAGE][PASSED] - Text 'Chris.Sheldon+DES_QA@Thekag.com' is set on object 'Object Repository/FIM/Username_txt'

21-10-2025T20:04:01 - [TEST_STEP][PASSED] - delay(1): Delayed 1 second(s)

21-10-2025T20:04:02 - [MESSAGE][PASSED] - Delayed 1 second(s)

21-10-2025T20:04:02 - [TEST_STEP][PASSED] - setText(findTestObject("FIM/Password_txt"), FIMPassword): Text 'QATest!2' is set on object 'Object Repository/FIM/Password_txt'

21-10-2025T20:04:02 - [MESSAGE][PASSED] - Text 'QATest!2' is set on object 'Object Repository/FIM/Password_txt'

21-10-2025T20:04:02 - [TEST_STEP][PASSED] - delay(1): Delayed 1 second(s)

21-10-2025T20:04:03 - [MESSAGE][PASSED] - Delayed 1 second(s)

21-10-2025T20:04:03 - [TEST_STEP][PASSED] - click(findTestObject("FIM/Login_btn")): Object: 'Object Repository/FIM/Login_btn' is clicked on

21-10-2025T20:04:03 - [MESSAGE][PASSED] - Object: 'Object Repository/FIM/Login_btn' is clicked on

21-10-2025T20:04:03 - [MESSAGE][PASSED] - Call Test Case 'Test Cases/Utility Scripts/FIM KGL Admin Login' successfully

21-10-2025T20:04:03 - [TEST_STEP][PASSED] - waitForElementClickable(findTestObject("FIM 1.2/Hamburger Menu List/Hamburger_menu"), 30): Object 'Object Repository/FIM 1.2/Hamburger Menu List/Hamburger_menu' is clickable

21-10-2025T20:04:03 - [MESSAGE][PASSED] - Object 'Object Repository/FIM 1.2/Hamburger Menu List/Hamburger_menu' is clickable

21-10-2025T20:04:03 - [TEST_STEP][PASSED] - if (verifyElementVisible(findTestObject("FIM/Server_Notification_Close_btn"), OPTIONAL) == true): Web element with id: 'Object Repository/FIM/Server_Notification_Close_btn' located by '/html/body/div/div[1]/button' not found (Root cause: com.kms.katalon.core.exception.StepFailedException: Web element with id: 'Object Repository/FIM/Server_Notification_Close_btn' located by '/html/body/div/div[1]/button' not found
	at com.kms.katalon.core.webui.keyword.internal.WebUIKeywordMain.stepFailed(WebUIKeywordMain.groovy:117)
	at com.kms.katalon.core.webui.keyword.builtin.VerifyElementVisibleKeyword$_verifyElementVisible_closure1.doCall(VerifyElementVisibleKeyword.groovy:89)
	at com.kms.katalon.core.webui.keyword.builtin.VerifyElementVisibleKeyword$_verifyElementVisible_closure1.call(VerifyElementVisibleKeyword.groovy)
	at com.kms.katalon.core.webui.keyword.internal.WebUIKeywordMain.runKeyword(WebUIKeywordMain.groovy:35)
	at com.kms.katalon.core.webui.keyword.builtin.VerifyElementVisibleKeyword.verifyElementVisible(VerifyElementVisibleKeyword.groovy:97)
	at com.kms.katalon.core.webui.keyword.builtin.VerifyElementVisibleKeyword.execute(VerifyElementVisibleKeyword.groovy:67)
	at com.kms.katalon.core.keyword.internal.KeywordExecutor.executeKeywordForPlatform(KeywordExecutor.groovy:74)
	at com.kms.katalon.core.webui.keyword.WebUiBuiltInKeywords.verifyElementVisible(WebUiBuiltInKeywords.groovy:401)
	at com.kms.katalon.core.webui.keyword.WebUiBuiltInKeywords$verifyElementVisible$6.call(Unknown Source)
	at Creating a Supplier Company.run(Creating a Supplier Company:24)
	at com.kms.katalon.core.main.ScriptEngine.run(ScriptEngine.java:194)
	at com.kms.katalon.core.main.ScriptEngine.runScriptAsRawText(ScriptEngine.java:119)
	at com.kms.katalon.core.main.TestCaseExecutor.runScript(TestCaseExecutor.java:448)
	at com.kms.katalon.core.main.TestCaseExecutor.doExecute(TestCaseExecutor.java:439)
	at com.kms.katalon.core.main.TestCaseExecutor.processExecutionPhase(TestCaseExecutor.java:418)
	at com.kms.katalon.core.main.TestCaseExecutor.accessMainPhase(TestCaseExecutor.java:410)
	at com.kms.katalon.core.main.TestCaseExecutor.execute(TestCaseExecutor.java:285)
	at com.kms.katalon.core.common.CommonExecutor.accessTestCaseMainPhase(CommonExecutor.java:65)
	at com.kms.katalon.core.main.TestSuiteExecutor.accessTestSuiteMainPhase(TestSuiteExecutor.java:150)
	at com.kms.katalon.core.main.TestSuiteExecutor.execute(TestSuiteExecutor.java:106)
	at com.kms.katalon.core.main.TestCaseMain.startTestSuite(TestCaseMain.java:180)
	at com.kms.katalon.core.main.TestCaseMain$startTestSuite$0.call(Unknown Source)
	at TempTestSuite1761090740538.run(TempTestSuite1761090740538.groovy:35)
	at java.base/jdk.internal.reflect.NativeMethodAccessorImpl.invoke0(Native Method)
	at java.base/jdk.internal.reflect.NativeMethodAccessorImpl.invoke(NativeMethodAccessorImpl.java:77)
	at java.base/jdk.internal.reflect.DelegatingMethodAccessorImpl.invoke(DelegatingMethodAccessorImpl.java:43)
)

21-10-2025T20:04:20 - [MESSAGE][INFO] - Unable to find the element located by 'By.xpath: /html/body/div/div[1]/button'. Please recheck the objects properties to make sure the desired element is located. 

21-10-2025T20:04:20 - [MESSAGE][WARNING] - [SELF-HEALING] Failed to find element with id 'Object Repository/FIM/Server_Notification_Close_btn'. Try using Self-healing.

21-10-2025T20:04:21 - [MESSAGE][INFO] - [SELF-HEALING] No working XPath is found.

21-10-2025T20:04:23 - [MESSAGE][INFO] - Unable to find the element located by 'By.xpath: '. Please recheck the objects properties to make sure the desired element is located. 

21-10-2025T20:04:23 - [MESSAGE][WARNING] - [SELF-HEALING] Cannot find elements when the selector is null

21-10-2025T20:04:23 - [MESSAGE][WARNING] - Web element with id: 'Object Repository/FIM/Server_Notification_Close_btn' located by '/html/body/div/div[1]/button' not found (Root cause: com.kms.katalon.core.exception.StepFailedException: Web element with id: 'Object Repository/FIM/Server_Notification_Close_btn' located by '/html/body/div/div[1]/button' not found
	at com.kms.katalon.core.webui.keyword.internal.WebUIKeywordMain.stepFailed(WebUIKeywordMain.groovy:117)
	at com.kms.katalon.core.webui.keyword.builtin.VerifyElementVisibleKeyword$_verifyElementVisible_closure1.doCall(VerifyElementVisibleKeyword.groovy:89)
	at com.kms.katalon.core.webui.keyword.builtin.VerifyElementVisibleKeyword$_verifyElementVisible_closure1.call(VerifyElementVisibleKeyword.groovy)
	at com.kms.katalon.core.webui.keyword.internal.WebUIKeywordMain.runKeyword(WebUIKeywordMain.groovy:35)
	at com.kms.katalon.core.webui.keyword.builtin.VerifyElementVisibleKeyword.verifyElementVisible(VerifyElementVisibleKeyword.groovy:97)
	at com.kms.katalon.core.webui.keyword.builtin.VerifyElementVisibleKeyword.execute(VerifyElementVisibleKeyword.groovy:67)
	at com.kms.katalon.core.keyword.internal.KeywordExecutor.executeKeywordForPlatform(KeywordExecutor.groovy:74)
	at com.kms.katalon.core.webui.keyword.WebUiBuiltInKeywords.verifyElementVisible(WebUiBuiltInKeywords.groovy:401)
	at com.kms.katalon.core.webui.keyword.WebUiBuiltInKeywords$verifyElementVisible$6.call(Unknown Source)
	at Creating a Supplier Company.run(Creating a Supplier Company:24)
	at com.kms.katalon.core.main.ScriptEngine.run(ScriptEngine.java:194)
	at com.kms.katalon.core.main.ScriptEngine.runScriptAsRawText(ScriptEngine.java:119)
	at com.kms.katalon.core.main.TestCaseExecutor.runScript(TestCaseExecutor.java:448)
	at com.kms.katalon.core.main.TestCaseExecutor.doExecute(TestCaseExecutor.java:439)
	at com.kms.katalon.core.main.TestCaseExecutor.processExecutionPhase(TestCaseExecutor.java:418)
	at com.kms.katalon.core.main.TestCaseExecutor.accessMainPhase(TestCaseExecutor.java:410)
	at com.kms.katalon.core.main.TestCaseExecutor.execute(TestCaseExecutor.java:285)
	at com.kms.katalon.core.common.CommonExecutor.accessTestCaseMainPhase(CommonExecutor.java:65)
	at com.kms.katalon.core.main.TestSuiteExecutor.accessTestSuiteMainPhase(TestSuiteExecutor.java:150)
	at com.kms.katalon.core.main.TestSuiteExecutor.execute(TestSuiteExecutor.java:106)
	at com.kms.katalon.core.main.TestCaseMain.startTestSuite(TestCaseMain.java:180)
	at com.kms.katalon.core.main.TestCaseMain$startTestSuite$0.call(Unknown Source)
	at TempTestSuite1761090740538.run(TempTestSuite1761090740538.groovy:35)
	at java.base/jdk.internal.reflect.NativeMethodAccessorImpl.invoke0(Native Method)
	at java.base/jdk.internal.reflect.NativeMethodAccessorImpl.invoke(NativeMethodAccessorImpl.java:77)
	at java.base/jdk.internal.reflect.DelegatingMethodAccessorImpl.invoke(DelegatingMethodAccessorImpl.java:43)
)

21-10-2025T20:04:23 - [TEST_STEP][PASSED] - delay(1): Delayed 1 second(s)

21-10-2025T20:04:24 - [MESSAGE][PASSED] - Delayed 1 second(s)

21-10-2025T20:04:24 - [TEST_STEP][PASSED] - click(findTestObject("FIM/Hamburger Menu List/Hamburger_menu")): Object: 'Object Repository/FIM/Hamburger Menu List/Hamburger_menu' is clicked on

21-10-2025T20:04:24 - [MESSAGE][PASSED] - Object: 'Object Repository/FIM/Hamburger Menu List/Hamburger_menu' is clicked on

21-10-2025T20:04:24 - [TEST_STEP][PASSED] - delay(1): Delayed 1 second(s)

21-10-2025T20:04:25 - [MESSAGE][PASSED] - Delayed 1 second(s)

21-10-2025T20:04:25 - [TEST_STEP][PASSED] - click(findTestObject("Object Repository/FIM 1.2/Hamburger Menu List/Companies_list")): Object: 'Object Repository/FIM 1.2/Hamburger Menu List/Companies_list' is clicked on

21-10-2025T20:04:25 - [MESSAGE][PASSED] - Object: 'Object Repository/FIM 1.2/Hamburger Menu List/Companies_list' is clicked on

21-10-2025T20:04:25 - [TEST_STEP][PASSED] - delay(5): Delayed 5 second(s)

21-10-2025T20:04:30 - [MESSAGE][PASSED] - Delayed 5 second(s)

21-10-2025T20:04:30 - [TEST_STEP][PASSED] - if (verifyElementVisible(findTestObject("FIM/Existing Page with Pending Changes Close_btn"), OPTIONAL) == true): null

21-10-2025T20:04:30 - [MESSAGE][PASSED] - Object 'Object Repository/FIM/Existing Page with Pending Changes Close_btn' is visible

21-10-2025T20:04:30 - [TEST_STEP][PASSED] - click(findTestObject("FIM/Existing Page with Pending Changes Close_btn")): Object: 'Object Repository/FIM/Existing Page with Pending Changes Close_btn' is clicked on

21-10-2025T20:04:30 - [MESSAGE][PASSED] - Object: 'Object Repository/FIM/Existing Page with Pending Changes Close_btn' is clicked on

21-10-2025T20:04:30 - [TEST_STEP][PASSED] - click(findTestObject("Object Repository/FIM 1.2/Page_Inventory Management/button_Add Company")): Object: 'Object Repository/FIM 1.2/Page_Inventory Management/button_Add Company' is clicked on

21-10-2025T20:04:30 - [MESSAGE][PASSED] - Object: 'Object Repository/FIM 1.2/Page_Inventory Management/button_Add Company' is clicked on

21-10-2025T20:04:30 - [TEST_STEP][PASSED] - setText(findTestObject("FIM 1.2/Page_Inventory Management/input__uniqueId"), Supplier): Text 'STARK' is set on object 'Object Repository/FIM 1.2/Page_Inventory Management/input__uniqueId'

21-10-2025T20:04:30 - [MESSAGE][PASSED] - Text 'STARK' is set on object 'Object Repository/FIM 1.2/Page_Inventory Management/input__uniqueId'

21-10-2025T20:04:30 - [TEST_STEP][PASSED] - setText(findTestObject("FIM 1.2/Page_Inventory Management/input__company-name"), "Lager Corp"): Text 'Lager Corp' is set on object 'Object Repository/FIM 1.2/Page_Inventory Management/input__company-name'

21-10-2025T20:04:31 - [MESSAGE][PASSED] - Text 'Lager Corp' is set on object 'Object Repository/FIM 1.2/Page_Inventory Management/input__company-name'

21-10-2025T20:04:31 - [TEST_STEP][PASSED] - setText(findTestObject("FIM 1.2/Page_Inventory Management/input__company-address1"), "695 main st"): Text '695 main st' is set on object 'Object Repository/FIM 1.2/Page_Inventory Management/input__company-address1'

21-10-2025T20:04:31 - [MESSAGE][PASSED] - Text '695 main st' is set on object 'Object Repository/FIM 1.2/Page_Inventory Management/input__company-address1'

21-10-2025T20:04:31 - [TEST_STEP][PASSED] - setText(findTestObject("FIM 1.2/Page_Inventory Management/input__company-city"), "Haʻikū-Pauwela"): Text 'Haʻikū-Pauwela' is set on object 'Object Repository/FIM 1.2/Page_Inventory Management/input__company-city'

21-10-2025T20:04:31 - [MESSAGE][PASSED] - Text 'Haʻikū-Pauwela' is set on object 'Object Repository/FIM 1.2/Page_Inventory Management/input__company-city'

21-10-2025T20:04:31 - [TEST_STEP][PASSED] - selectOptionByValue(findTestObject("FIM 1.2/Page_Inventory Management/select_State"), "HI", true): All options with value 'HI' are selected in object 'Object Repository/FIM 1.2/Page_Inventory Management/select_State'  using regular expression

21-10-2025T20:04:32 - [MESSAGE][PASSED] - All options with value 'HI' are selected in object 'Object Repository/FIM 1.2/Page_Inventory Management/select_State'  using regular expression

21-10-2025T20:04:32 - [TEST_STEP][PASSED] - setText(findTestObject("FIM 1.2/Page_Inventory Management/input__company-zip"), "45295"): Text '45295' is set on object 'Object Repository/FIM 1.2/Page_Inventory Management/input__company-zip'

21-10-2025T20:04:32 - [MESSAGE][PASSED] - Text '45295' is set on object 'Object Repository/FIM 1.2/Page_Inventory Management/input__company-zip'

21-10-2025T20:04:32 - [TEST_STEP][PASSED] - click(findTestObject("FIM/Companies Page/Supplier_checkbox")): Object: 'Object Repository/FIM/Companies Page/Supplier_checkbox' is clicked on

21-10-2025T20:04:32 - [MESSAGE][PASSED] - Object: 'Object Repository/FIM/Companies Page/Supplier_checkbox' is clicked on

21-10-2025T20:04:32 - [TEST_STEP][PASSED] - delay(3): Delayed 3 second(s)

21-10-2025T20:04:35 - [MESSAGE][PASSED] - Delayed 3 second(s)

21-10-2025T20:04:35 - [TEST_STEP][PASSED] - click(findTestObject("FIM 1.2/Companies Page/Save Company_btn")): Object: 'Object Repository/FIM 1.2/Companies Page/Save Company_btn' is clicked on

21-10-2025T20:04:35 - [MESSAGE][PASSED] - Object: 'Object Repository/FIM 1.2/Companies Page/Save Company_btn' is clicked on

21-10-2025T20:04:35 - [TEST_STEP][PASSED] - delay(2): Delayed 2 second(s)

21-10-2025T20:04:37 - [MESSAGE][PASSED] - Delayed 2 second(s)

21-10-2025T20:04:37 - [TEST_STEP][PASSED] - verifyElementPresent(findTestObject("FIM 1.2/Companies Page/Add Company Success Alert"), 10): Object 'Object Repository/FIM 1.2/Companies Page/Add Company Success Alert' is present

21-10-2025T20:04:37 - [MESSAGE][PASSED] - Object 'Object Repository/FIM 1.2/Companies Page/Add Company Success Alert' is present

21-10-2025T20:04:37 - [TEST_STEP][FAILED] - verifyElementText(findTestObject("FIM 1.2/Companies Page/Add Company Success Alert"), "The site has been created successfully"): Verify element text of test object 'Object Repository/FIM 1.2/Companies Page/Add Company Success Alert' FAILED. (Root cause: com.kms.katalon.core.exception.StepFailedException: Verify element text of test object 'Object Repository/FIM 1.2/Companies Page/Add Company Success Alert' FAILED.
	at com.kms.katalon.core.webui.keyword.internal.WebUIKeywordMain.stepFailed(WebUIKeywordMain.groovy:117)
	at com.kms.katalon.core.webui.keyword.internal.WebUIKeywordMain.runKeyword(WebUIKeywordMain.groovy:43)
	at com.kms.katalon.core.webui.keyword.builtin.VerifyElementTextKeyword.verifyElementText(VerifyElementTextKeyword.groovy:72)
	at com.kms.katalon.core.webui.keyword.builtin.VerifyElementTextKeyword.execute(VerifyElementTextKeyword.groovy:40)
	at com.kms.katalon.core.keyword.internal.KeywordExecutor.executeKeywordForPlatform(KeywordExecutor.groovy:74)
	at com.kms.katalon.core.webui.keyword.WebUiBuiltInKeywords.verifyElementText(WebUiBuiltInKeywords.groovy:4835)
	at com.kms.katalon.core.webui.keyword.WebUiBuiltInKeywords$verifyElementText$15.call(Unknown Source)
	at Creating a Supplier Company.run(Creating a Supplier Company:67)
	at com.kms.katalon.core.main.ScriptEngine.run(ScriptEngine.java:194)
	at com.kms.katalon.core.main.ScriptEngine.runScriptAsRawText(ScriptEngine.java:119)
	at com.kms.katalon.core.main.TestCaseExecutor.runScript(TestCaseExecutor.java:448)
	at com.kms.katalon.core.main.TestCaseExecutor.doExecute(TestCaseExecutor.java:439)
	at com.kms.katalon.core.main.TestCaseExecutor.processExecutionPhase(TestCaseExecutor.java:418)
	at com.kms.katalon.core.main.TestCaseExecutor.accessMainPhase(TestCaseExecutor.java:410)
	at com.kms.katalon.core.main.TestCaseExecutor.execute(TestCaseExecutor.java:285)
	at com.kms.katalon.core.common.CommonExecutor.accessTestCaseMainPhase(CommonExecutor.java:65)
	at com.kms.katalon.core.main.TestSuiteExecutor.accessTestSuiteMainPhase(TestSuiteExecutor.java:150)
	at com.kms.katalon.core.main.TestSuiteExecutor.execute(TestSuiteExecutor.java:106)
	at com.kms.katalon.core.main.TestCaseMain.startTestSuite(TestCaseMain.java:180)
	at com.kms.katalon.core.main.TestCaseMain$startTestSuite$0.call(Unknown Source)
	at TempTestSuite1761090740538.run(TempTestSuite1761090740538.groovy:35)
	at java.base/jdk.internal.reflect.NativeMethodAccessorImpl.invoke0(Native Method)
	at java.base/jdk.internal.reflect.NativeMethodAccessorImpl.invoke(NativeMethodAccessorImpl.java:77)
	at java.base/jdk.internal.reflect.DelegatingMethodAccessorImpl.invoke(DelegatingMethodAccessorImpl.java:43)
Caused by: com.kms.katalon.core.exception.StepFailedException: Actual text 'Unique ID *
Company Name *
Phone
Address *
City *
State *
Alabama
Alaska
American Samoa
Arizona
Arkansas
California
Colorado
Connecticut
Delaware
District Of Columbia
Federated States Of Micronesia
Florida
Georgia
Guam
Hawaii
Idaho
Illinois
Indiana
Iowa
Kansas
Kentucky
Louisiana
Maine
Marshall Islands
Maryland
Massachusetts
Michigan
Minnesota
Mississippi
Missouri
Montana
Nebraska
Nevada
New Hampshire
New Jersey
New Mexico
New York
North Carolina
North Dakota
Northern Mariana Islands
Ohio
Oklahoma
Oregon
Palau
Pennsylvania
Puerto Rico
Rhode Island
South Carolina
South Dakota
Tennessee
Texas
Utah
Vermont
Virgin Islands
Virginia
Washington
West Virginia
Wisconsin
Wyoming
Zip *
Account of
Bill to
Shipper
Consignee
Supplier
Active For Forecasting
Show Inventory Reading Alert
Show First Of The Day Inventory Readings
Save
Cancel' and expected text 'The site has been created successfully' of test object 'Object Repository/FIM 1.2/Companies Page/Add Company Success Alert' are NOT matched.
	at com.kms.katalon.core.webui.keyword.internal.WebUIKeywordMain.stepFailed(WebUIKeywordMain.groovy:117)
	at com.kms.katalon.core.webui.keyword.builtin.VerifyElementTextKeyword$_verifyElementText_closure1.doCall(VerifyElementTextKeyword.groovy:57)
	at com.kms.katalon.core.webui.keyword.builtin.VerifyElementTextKeyword$_verifyElementText_closure1.call(VerifyElementTextKeyword.groovy)
	at com.kms.katalon.core.webui.keyword.internal.WebUIKeywordMain.runKeyword(WebUIKeywordMain.groovy:35)
	... 22 more
)

21-10-2025T20:04:37 - [MESSAGE][FAILED] - Actual text 'Unique ID *
Company Name *
Phone
Address *
City *
State *
Alabama
Alaska
American Samoa
Arizona
Arkansas
California
Colorado
Connecticut
Delaware
District Of Columbia
Federated States Of Micronesia
Florida
Georgia
Guam
Hawaii
Idaho
Illinois
Indiana
Iowa
Kansas
Kentucky
Louisiana
Maine
Marshall Islands
Maryland
Massachusetts
Michigan
Minnesota
Mississippi
Missouri
Montana
Nebraska
Nevada
New Hampshire
New Jersey
New Mexico
New York
North Carolina
North Dakota
Northern Mariana Islands
Ohio
Oklahoma
Oregon
Palau
Pennsylvania
Puerto Rico
Rhode Island
South Carolina
South Dakota
Tennessee
Texas
Utah
Vermont
Virgin Islands
Virginia
Washington
West Virginia
Wisconsin
Wyoming
Zip *
Account of
Bill to
Shipper
Consignee
Supplier
Active For Forecasting
Show Inventory Reading Alert
Show First Of The Day Inventory Readings
Save
Cancel' and expected text 'The site has been created successfully' of test object 'Object Repository/FIM 1.2/Companies Page/Add Company Success Alert' are NOT matched. (Root cause: com.kms.katalon.core.exception.StepFailedException: Actual text 'Unique ID *
Company Name *
Phone
Address *
City *
State *
Alabama
Alaska
American Samoa
Arizona
Arkansas
California
Colorado
Connecticut
Delaware
District Of Columbia
Federated States Of Micronesia
Florida
Georgia
Guam
Hawaii
Idaho
Illinois
Indiana
Iowa
Kansas
Kentucky
Louisiana
Maine
Marshall Islands
Maryland
Massachusetts
Michigan
Minnesota
Mississippi
Missouri
Montana
Nebraska
Nevada
New Hampshire
New Jersey
New Mexico
New York
North Carolina
North Dakota
Northern Mariana Islands
Ohio
Oklahoma
Oregon
Palau
Pennsylvania
Puerto Rico
Rhode Island
South Carolina
South Dakota
Tennessee
Texas
Utah
Vermont
Virgin Islands
Virginia
Washington
West Virginia
Wisconsin
Wyoming
Zip *
Account of
Bill to
Shipper
Consignee
Supplier
Active For Forecasting
Show Inventory Reading Alert
Show First Of The Day Inventory Readings
Save
Cancel' and expected text 'The site has been created successfully' of test object 'Object Repository/FIM 1.2/Companies Page/Add Company Success Alert' are NOT matched.
	at com.kms.katalon.core.webui.keyword.internal.WebUIKeywordMain.stepFailed(WebUIKeywordMain.groovy:117)
	at com.kms.katalon.core.webui.keyword.builtin.VerifyElementTextKeyword$_verifyElementText_closure1.doCall(VerifyElementTextKeyword.groovy:57)
	at com.kms.katalon.core.webui.keyword.builtin.VerifyElementTextKeyword$_verifyElementText_closure1.call(VerifyElementTextKeyword.groovy)
	at com.kms.katalon.core.webui.keyword.internal.WebUIKeywordMain.runKeyword(WebUIKeywordMain.groovy:35)
	at com.kms.katalon.core.webui.keyword.builtin.VerifyElementTextKeyword.verifyElementText(VerifyElementTextKeyword.groovy:72)
	at com.kms.katalon.core.webui.keyword.builtin.VerifyElementTextKeyword.execute(VerifyElementTextKeyword.groovy:40)
	at com.kms.katalon.core.keyword.internal.KeywordExecutor.executeKeywordForPlatform(KeywordExecutor.groovy:74)
	at com.kms.katalon.core.webui.keyword.WebUiBuiltInKeywords.verifyElementText(WebUiBuiltInKeywords.groovy:4835)
	at com.kms.katalon.core.webui.keyword.WebUiBuiltInKeywords$verifyElementText$15.call(Unknown Source)
	at Creating a Supplier Company.run(Creating a Supplier Company:67)
	at com.kms.katalon.core.main.ScriptEngine.run(ScriptEngine.java:194)
	at com.kms.katalon.core.main.ScriptEngine.runScriptAsRawText(ScriptEngine.java:119)
	at com.kms.katalon.core.main.TestCaseExecutor.runScript(TestCaseExecutor.java:448)
	at com.kms.katalon.core.main.TestCaseExecutor.doExecute(TestCaseExecutor.java:439)
	at com.kms.katalon.core.main.TestCaseExecutor.processExecutionPhase(TestCaseExecutor.java:418)
	at com.kms.katalon.core.main.TestCaseExecutor.accessMainPhase(TestCaseExecutor.java:410)
	at com.kms.katalon.core.main.TestCaseExecutor.execute(TestCaseExecutor.java:285)
	at com.kms.katalon.core.common.CommonExecutor.accessTestCaseMainPhase(CommonExecutor.java:65)
	at com.kms.katalon.core.main.TestSuiteExecutor.accessTestSuiteMainPhase(TestSuiteExecutor.java:150)
	at com.kms.katalon.core.main.TestSuiteExecutor.execute(TestSuiteExecutor.java:106)
	at com.kms.katalon.core.main.TestCaseMain.startTestSuite(TestCaseMain.java:180)
	at com.kms.katalon.core.main.TestCaseMain$startTestSuite$0.call(Unknown Source)
	at TempTestSuite1761090740538.run(TempTestSuite1761090740538.groovy:35)
	at java.base/jdk.internal.reflect.NativeMethodAccessorImpl.invoke0(Native Method)
	at java.base/jdk.internal.reflect.NativeMethodAccessorImpl.invoke(NativeMethodAccessorImpl.java:77)
	at java.base/jdk.internal.reflect.DelegatingMethodAccessorImpl.invoke(DelegatingMethodAccessorImpl.java:43)
)

21-10-2025T20:04:37 - [MESSAGE][FAILED] - Verify element text of test object 'Object Repository/FIM 1.2/Companies Page/Add Company Success Alert' FAILED. (Root cause: com.kms.katalon.core.exception.StepFailedException: Verify element text of test object 'Object Repository/FIM 1.2/Companies Page/Add Company Success Alert' FAILED.
	at com.kms.katalon.core.webui.keyword.internal.WebUIKeywordMain.stepFailed(WebUIKeywordMain.groovy:117)
	at com.kms.katalon.core.webui.keyword.internal.WebUIKeywordMain.runKeyword(WebUIKeywordMain.groovy:43)
	at com.kms.katalon.core.webui.keyword.builtin.VerifyElementTextKeyword.verifyElementText(VerifyElementTextKeyword.groovy:72)
	at com.kms.katalon.core.webui.keyword.builtin.VerifyElementTextKeyword.execute(VerifyElementTextKeyword.groovy:40)
	at com.kms.katalon.core.keyword.internal.KeywordExecutor.executeKeywordForPlatform(KeywordExecutor.groovy:74)
	at com.kms.katalon.core.webui.keyword.WebUiBuiltInKeywords.verifyElementText(WebUiBuiltInKeywords.groovy:4835)
	at com.kms.katalon.core.webui.keyword.WebUiBuiltInKeywords$verifyElementText$15.call(Unknown Source)
	at Creating a Supplier Company.run(Creating a Supplier Company:67)
	at com.kms.katalon.core.main.ScriptEngine.run(ScriptEngine.java:194)
	at com.kms.katalon.core.main.ScriptEngine.runScriptAsRawText(ScriptEngine.java:119)
	at com.kms.katalon.core.main.TestCaseExecutor.runScript(TestCaseExecutor.java:448)
	at com.kms.katalon.core.main.TestCaseExecutor.doExecute(TestCaseExecutor.java:439)
	at com.kms.katalon.core.main.TestCaseExecutor.processExecutionPhase(TestCaseExecutor.java:418)
	at com.kms.katalon.core.main.TestCaseExecutor.accessMainPhase(TestCaseExecutor.java:410)
	at com.kms.katalon.core.main.TestCaseExecutor.execute(TestCaseExecutor.java:285)
	at com.kms.katalon.core.common.CommonExecutor.accessTestCaseMainPhase(CommonExecutor.java:65)
	at com.kms.katalon.core.main.TestSuiteExecutor.accessTestSuiteMainPhase(TestSuiteExecutor.java:150)
	at com.kms.katalon.core.main.TestSuiteExecutor.execute(TestSuiteExecutor.java:106)
	at com.kms.katalon.core.main.TestCaseMain.startTestSuite(TestCaseMain.java:180)
	at com.kms.katalon.core.main.TestCaseMain$startTestSuite$0.call(Unknown Source)
	at TempTestSuite1761090740538.run(TempTestSuite1761090740538.groovy:35)
	at java.base/jdk.internal.reflect.NativeMethodAccessorImpl.invoke0(Native Method)
	at java.base/jdk.internal.reflect.NativeMethodAccessorImpl.invoke(NativeMethodAccessorImpl.java:77)
	at java.base/jdk.internal.reflect.DelegatingMethodAccessorImpl.invoke(DelegatingMethodAccessorImpl.java:43)
Caused by: com.kms.katalon.core.exception.StepFailedException: Actual text 'Unique ID *
Company Name *
Phone
Address *
City *
State *
Alabama
Alaska
American Samoa
Arizona
Arkansas
California
Colorado
Connecticut
Delaware
District Of Columbia
Federated States Of Micronesia
Florida
Georgia
Guam
Hawaii
Idaho
Illinois
Indiana
Iowa
Kansas
Kentucky
Louisiana
Maine
Marshall Islands
Maryland
Massachusetts
Michigan
Minnesota
Mississippi
Missouri
Montana
Nebraska
Nevada
New Hampshire
New Jersey
New Mexico
New York
North Carolina
North Dakota
Northern Mariana Islands
Ohio
Oklahoma
Oregon
Palau
Pennsylvania
Puerto Rico
Rhode Island
South Carolina
South Dakota
Tennessee
Texas
Utah
Vermont
Virgin Islands
Virginia
Washington
West Virginia
Wisconsin
Wyoming
Zip *
Account of
Bill to
Shipper
Consignee
Supplier
Active For Forecasting
Show Inventory Reading Alert
Show First Of The Day Inventory Readings
Save
Cancel' and expected text 'The site has been created successfully' of test object 'Object Repository/FIM 1.2/Companies Page/Add Company Success Alert' are NOT matched.
	at com.kms.katalon.core.webui.keyword.internal.WebUIKeywordMain.stepFailed(WebUIKeywordMain.groovy:117)
	at com.kms.katalon.core.webui.keyword.builtin.VerifyElementTextKeyword$_verifyElementText_closure1.doCall(VerifyElementTextKeyword.groovy:57)
	at com.kms.katalon.core.webui.keyword.builtin.VerifyElementTextKeyword$_verifyElementText_closure1.call(VerifyElementTextKeyword.groovy)
	at com.kms.katalon.core.webui.keyword.internal.WebUIKeywordMain.runKeyword(WebUIKeywordMain.groovy:35)
	... 22 more
)

21-10-2025T20:04:37 - [TEST_STEP][PASSED] - Start listener action : retryOnDisconnect: Current window's url is: 'https://kaglogistics-inventory-management-portal.qa.thekag.com/companies/'

21-10-2025T20:04:37 - [TEST_STEP][PASSED] - tcId = testCaseContext.getTestCaseId(): null

21-10-2025T20:04:37 - [TEST_STEP][PASSED] - currentRetry = retryCounts.getOrDefault(tcId, 0): null

21-10-2025T20:04:37 - [TEST_STEP][PASSED] - if (testCaseContext.getTestCaseStatus() == "FAILED" && currentRetry < MAX_RETRIES): Current window's url is: 'https://kaglogistics-inventory-management-portal.qa.thekag.com/companies/'

21-10-2025T20:04:37 - [TEST_STEP][PASSED] - try: Current window's url is: 'https://kaglogistics-inventory-management-portal.qa.thekag.com/companies/'

21-10-2025T20:04:37 - [TEST_STEP][PASSED] - comment(Checking for WebDriver disconnect for test case: $tcId): Checking for WebDriver disconnect for test case: Test Cases/FIM/UI/KGL/Admin/Company/Creating a Supplier Company

21-10-2025T20:04:37 - [MESSAGE][INFO] - Checking for WebDriver disconnect for test case: Test Cases/FIM/UI/KGL/Admin/Company/Creating a Supplier Company

21-10-2025T20:04:37 - [TEST_STEP][PASSED] - getUrl(): Current window's url is: 'https://kaglogistics-inventory-management-portal.qa.thekag.com/companies/'

21-10-2025T20:04:37 - [MESSAGE][PASSED] - Current window's url is: 'https://kaglogistics-inventory-management-portal.qa.thekag.com/companies/']]></system-out>
         <system-err><![CDATA[21-10-2025T20:03:47 - [TEST_CASE][FAILED] - Test Cases/FIM/UI/KGL/Admin/Company/Creating a Supplier Company: Test Cases/FIM/UI/KGL/Admin/Company/Creating a Supplier Company FAILED.
Reason:
com.kms.katalon.core.exception.StepFailedException: Verify element text of test object 'Object Repository/FIM 1.2/Companies Page/Add Company Success Alert' FAILED.
	at com.kms.katalon.core.webui.keyword.internal.WebUIKeywordMain.stepFailed(WebUIKeywordMain.groovy:117)
	at com.kms.katalon.core.webui.keyword.internal.WebUIKeywordMain.runKeyword(WebUIKeywordMain.groovy:43)
	at com.kms.katalon.core.webui.keyword.builtin.VerifyElementTextKeyword.verifyElementText(VerifyElementTextKeyword.groovy:72)
	at com.kms.katalon.core.webui.keyword.builtin.VerifyElementTextKeyword.execute(VerifyElementTextKeyword.groovy:40)
	at com.kms.katalon.core.keyword.internal.KeywordExecutor.executeKeywordForPlatform(KeywordExecutor.groovy:74)
	at com.kms.katalon.core.webui.keyword.WebUiBuiltInKeywords.verifyElementText(WebUiBuiltInKeywords.groovy:4835)
	at com.kms.katalon.core.webui.keyword.WebUiBuiltInKeywords$verifyElementText$15.call(Unknown Source)
	at Creating a Supplier Company.run(Creating a Supplier Company:67)
	at com.kms.katalon.core.main.ScriptEngine.run(ScriptEngine.java:194)
	at com.kms.katalon.core.main.ScriptEngine.runScriptAsRawText(ScriptEngine.java:119)
	at com.kms.katalon.core.main.TestCaseExecutor.runScript(TestCaseExecutor.java:448)
	at com.kms.katalon.core.main.TestCaseExecutor.doExecute(TestCaseExecutor.java:439)
	at com.kms.katalon.core.main.TestCaseExecutor.processExecutionPhase(TestCaseExecutor.java:418)
	at com.kms.katalon.core.main.TestCaseExecutor.accessMainPhase(TestCaseExecutor.java:410)
	at com.kms.katalon.core.main.TestCaseExecutor.execute(TestCaseExecutor.java:285)
	at com.kms.katalon.core.common.CommonExecutor.accessTestCaseMainPhase(CommonExecutor.java:65)
	at com.kms.katalon.core.main.TestSuiteExecutor.accessTestSuiteMainPhase(TestSuiteExecutor.java:150)
	at com.kms.katalon.core.main.TestSuiteExecutor.execute(TestSuiteExecutor.java:106)
	at com.kms.katalon.core.main.TestCaseMain.startTestSuite(TestCaseMain.java:180)
	at com.kms.katalon.core.main.TestCaseMain$startTestSuite$0.call(Unknown Source)
	at TempTestSuite1761090740538.run(TempTestSuite1761090740538.groovy:35)
	at java.base/jdk.internal.reflect.NativeMethodAccessorImpl.invoke0(Native Method)
	at java.base/jdk.internal.reflect.NativeMethodAccessorImpl.invoke(NativeMethodAccessorImpl.java:77)
	at java.base/jdk.internal.reflect.DelegatingMethodAccessorImpl.invoke(DelegatingMethodAccessorImpl.java:43)
Caused by: com.kms.katalon.core.exception.StepFailedException: Actual text 'Unique ID *
Company Name *
Phone
Address *
City *
State *
Alabama
Alaska
American Samoa
Arizona
Arkansas
California
Colorado
Connecticut
Delaware
District Of Columbia
Federated States Of Micronesia
Florida
Georgia
Guam
Hawaii
Idaho
Illinois
Indiana
Iowa
Kansas
Kentucky
Louisiana
Maine
Marshall Islands
Maryland
Massachusetts
Michigan
Minnesota
Mississippi
Missouri
Montana
Nebraska
Nevada
New Hampshire
New Jersey
New Mexico
New York
North Carolina
North Dakota
Northern Mariana Islands
Ohio
Oklahoma
Oregon
Palau
Pennsylvania
Puerto Rico
Rhode Island
South Carolina
South Dakota
Tennessee
Texas
Utah
Vermont
Virgin Islands
Virginia
Washington
West Virginia
Wisconsin
Wyoming
Zip *
Account of
Bill to
Shipper
Consignee
Supplier
Active For Forecasting
Show Inventory Reading Alert
Show First Of The Day Inventory Readings
Save
Cancel' and expected text 'The site has been created successfully' of test object 'Object Repository/FIM 1.2/Companies Page/Add Company Success Alert' are NOT matched.
	at com.kms.katalon.core.webui.keyword.internal.WebUIKeywordMain.stepFailed(WebUIKeywordMain.groovy:117)
	at com.kms.katalon.core.webui.keyword.builtin.VerifyElementTextKeyword$_verifyElementText_closure1.doCall(VerifyElementTextKeyword.groovy:57)
	at com.kms.katalon.core.webui.keyword.builtin.VerifyElementTextKeyword$_verifyElementText_closure1.call(VerifyElementTextKeyword.groovy)
	at com.kms.katalon.core.webui.keyword.internal.WebUIKeywordMain.runKeyword(WebUIKeywordMain.groovy:35)
	... 22 more]]></system-err>
      </testcase>
      <testcase name="Test Cases/FIM/UI/KGL/Admin/Company/Creating a Shipper Company" time="48.749" classname="Test Cases/FIM/UI/KGL/Admin/Company/Creating a Shipper Company" status="FAILED">
         <failure type="FAILED" message="Test Cases/FIM/UI/KGL/Admin/Company/Creating a Shipper Company FAILED.&#xa;Reason:&#xa;com.kms.katalon.core.exception.StepFailedException: Verify element text of test object 'Object Repository/FIM 1.2/Companies Page/Add Company Success Alert' FAILED.&#xa;	at com.kms.katalon.core.webui.keyword.internal.WebUIKeywordMain.stepFailed(WebUIKeywordMain.groovy:117)&#xa;	at com.kms.katalon.core.webui.keyword.internal.WebUIKeywordMain.runKeyword(WebUIKeywordMain.groovy:43)&#xa;	at com.kms.katalon.core.webui.keyword.builtin.VerifyElementTextKeyword.verifyElementText(VerifyElementTextKeyword.groovy:72)&#xa;	at com.kms.katalon.core.webui.keyword.builtin.VerifyElementTextKeyword.execute(VerifyElementTextKeyword.groovy:40)&#xa;	at com.kms.katalon.core.keyword.internal.KeywordExecutor.executeKeywordForPlatform(KeywordExecutor.groovy:74)&#xa;	at com.kms.katalon.core.webui.keyword.WebUiBuiltInKeywords.verifyElementText(WebUiBuiltInKeywords.groovy:4835)&#xa;	at com.kms.katalon.core.webui.keyword.WebUiBuiltInKeywords$verifyElementText$15.call(Unknown Source)&#xa;	at Creating a Shipper Company.run(Creating a Shipper Company:67)&#xa;	at com.kms.katalon.core.main.ScriptEngine.run(ScriptEngine.java:194)&#xa;	at com.kms.katalon.core.main.ScriptEngine.runScriptAsRawText(ScriptEngine.java:119)&#xa;	at com.kms.katalon.core.main.TestCaseExecutor.runScript(TestCaseExecutor.java:448)&#xa;	at com.kms.katalon.core.main.TestCaseExecutor.doExecute(TestCaseExecutor.java:439)&#xa;	at com.kms.katalon.core.main.TestCaseExecutor.processExecutionPhase(TestCaseExecutor.java:418)&#xa;	at com.kms.katalon.core.main.TestCaseExecutor.accessMainPhase(TestCaseExecutor.java:410)&#xa;	at com.kms.katalon.core.main.TestCaseExecutor.execute(TestCaseExecutor.java:285)&#xa;	at com.kms.katalon.core.common.CommonExecutor.accessTestCaseMainPhase(CommonExecutor.java:65)&#xa;	at com.kms.katalon.core.main.TestSuiteExecutor.accessTestSuiteMainPhase(TestSuiteExecutor.java:150)&#xa;	at com.kms.katalon.core.main.TestSuiteExecutor.execute(TestSuiteExecutor.java:106)&#xa;	at com.kms.katalon.core.main.TestCaseMain.startTestSuite(TestCaseMain.java:180)&#xa;	at com.kms.katalon.core.main.TestCaseMain$startTestSuite$0.call(Unknown Source)&#xa;	at TempTestSuite1761090740538.run(TempTestSuite1761090740538.groovy:35)&#xa;	at java.base/jdk.internal.reflect.NativeMethodAccessorImpl.invoke0(Native Method)&#xa;	at java.base/jdk.internal.reflect.NativeMethodAccessorImpl.invoke(NativeMethodAccessorImpl.java:77)&#xa;	at java.base/jdk.internal.reflect.DelegatingMethodAccessorImpl.invoke(DelegatingMethodAccessorImpl.java:43)&#xa;Caused by: com.kms.katalon.core.exception.StepFailedException: Actual text 'Unique ID *&#xa;Company Name *&#xa;Phone&#xa;Address *&#xa;City *&#xa;State *&#xa;Alabama&#xa;Alaska&#xa;American Samoa&#xa;Arizona&#xa;Arkansas&#xa;California&#xa;Colorado&#xa;Connecticut&#xa;Delaware&#xa;District Of Columbia&#xa;Federated States Of Micronesia&#xa;Florida&#xa;Georgia&#xa;Guam&#xa;Hawaii&#xa;Idaho&#xa;Illinois&#xa;Indiana&#xa;Iowa&#xa;Kansas&#xa;Kentucky&#xa;Louisiana&#xa;Maine&#xa;Marshall Islands&#xa;Maryland&#xa;Massachusetts&#xa;Michigan&#xa;Minnesota&#xa;Mississippi&#xa;Missouri&#xa;Montana&#xa;Nebraska&#xa;Nevada&#xa;New Hampshire&#xa;New Jersey&#xa;New Mexico&#xa;New York&#xa;North Carolina&#xa;North Dakota&#xa;Northern Mariana Islands&#xa;Ohio&#xa;Oklahoma&#xa;Oregon&#xa;Palau&#xa;Pennsylvania&#xa;Puerto Rico&#xa;Rhode Island&#xa;South Carolina&#xa;South Dakota&#xa;Tennessee&#xa;Texas&#xa;Utah&#xa;Vermont&#xa;Virgin Islands&#xa;Virginia&#xa;Washington&#xa;West Virginia&#xa;Wisconsin&#xa;Wyoming&#xa;Zip *&#xa;Account of&#xa;Bill to&#xa;Shipper&#xa;Consignee&#xa;Supplier&#xa;Active For Forecasting&#xa;Show Inventory Reading Alert&#xa;Show First Of The Day Inventory Readings&#xa;Save&#xa;Cancel' and expected text 'The site has been created successfully' of test object 'Object Repository/FIM 1.2/Companies Page/Add Company Success Alert' are NOT matched.&#xa;	at com.kms.katalon.core.webui.keyword.internal.WebUIKeywordMain.stepFailed(WebUIKeywordMain.groovy:117)&#xa;	at com.kms.katalon.core.webui.keyword.builtin.VerifyElementTextKeyword$_verifyElementText_closure1.doCall(VerifyElementTextKeyword.groovy:57)&#xa;	at com.kms.katalon.core.webui.keyword.builtin.VerifyElementTextKeyword$_verifyElementText_closure1.call(VerifyElementTextKeyword.groovy)&#xa;	at com.kms.katalon.core.webui.keyword.internal.WebUIKeywordMain.runKeyword(WebUIKeywordMain.groovy:35)&#xa;	... 22 more&#xa;"/>
         <system-out><![CDATA[21-10-2025T20:04:37 - [TEST_CASE][FAILED] - Test Cases/FIM/UI/KGL/Admin/Company/Creating a Shipper Company: Test Cases/FIM/UI/KGL/Admin/Company/Creating a Shipper Company FAILED.
Reason:
com.kms.katalon.core.exception.StepFailedException: Verify element text of test object 'Object Repository/FIM 1.2/Companies Page/Add Company Success Alert' FAILED.
	at com.kms.katalon.core.webui.keyword.internal.WebUIKeywordMain.stepFailed(WebUIKeywordMain.groovy:117)
	at com.kms.katalon.core.webui.keyword.internal.WebUIKeywordMain.runKeyword(WebUIKeywordMain.groovy:43)
	at com.kms.katalon.core.webui.keyword.builtin.VerifyElementTextKeyword.verifyElementText(VerifyElementTextKeyword.groovy:72)
	at com.kms.katalon.core.webui.keyword.builtin.VerifyElementTextKeyword.execute(VerifyElementTextKeyword.groovy:40)
	at com.kms.katalon.core.keyword.internal.KeywordExecutor.executeKeywordForPlatform(KeywordExecutor.groovy:74)
	at com.kms.katalon.core.webui.keyword.WebUiBuiltInKeywords.verifyElementText(WebUiBuiltInKeywords.groovy:4835)
	at com.kms.katalon.core.webui.keyword.WebUiBuiltInKeywords$verifyElementText$15.call(Unknown Source)
	at Creating a Shipper Company.run(Creating a Shipper Company:67)
	at com.kms.katalon.core.main.ScriptEngine.run(ScriptEngine.java:194)
	at com.kms.katalon.core.main.ScriptEngine.runScriptAsRawText(ScriptEngine.java:119)
	at com.kms.katalon.core.main.TestCaseExecutor.runScript(TestCaseExecutor.java:448)
	at com.kms.katalon.core.main.TestCaseExecutor.doExecute(TestCaseExecutor.java:439)
	at com.kms.katalon.core.main.TestCaseExecutor.processExecutionPhase(TestCaseExecutor.java:418)
	at com.kms.katalon.core.main.TestCaseExecutor.accessMainPhase(TestCaseExecutor.java:410)
	at com.kms.katalon.core.main.TestCaseExecutor.execute(TestCaseExecutor.java:285)
	at com.kms.katalon.core.common.CommonExecutor.accessTestCaseMainPhase(CommonExecutor.java:65)
	at com.kms.katalon.core.main.TestSuiteExecutor.accessTestSuiteMainPhase(TestSuiteExecutor.java:150)
	at com.kms.katalon.core.main.TestSuiteExecutor.execute(TestSuiteExecutor.java:106)
	at com.kms.katalon.core.main.TestCaseMain.startTestSuite(TestCaseMain.java:180)
	at com.kms.katalon.core.main.TestCaseMain$startTestSuite$0.call(Unknown Source)
	at TempTestSuite1761090740538.run(TempTestSuite1761090740538.groovy:35)
	at java.base/jdk.internal.reflect.NativeMethodAccessorImpl.invoke0(Native Method)
	at java.base/jdk.internal.reflect.NativeMethodAccessorImpl.invoke(NativeMethodAccessorImpl.java:77)
	at java.base/jdk.internal.reflect.DelegatingMethodAccessorImpl.invoke(DelegatingMethodAccessorImpl.java:43)
Caused by: com.kms.katalon.core.exception.StepFailedException: Actual text 'Unique ID *
Company Name *
Phone
Address *
City *
State *
Alabama
Alaska
American Samoa
Arizona
Arkansas
California
Colorado
Connecticut
Delaware
District Of Columbia
Federated States Of Micronesia
Florida
Georgia
Guam
Hawaii
Idaho
Illinois
Indiana
Iowa
Kansas
Kentucky
Louisiana
Maine
Marshall Islands
Maryland
Massachusetts
Michigan
Minnesota
Mississippi
Missouri
Montana
Nebraska
Nevada
New Hampshire
New Jersey
New Mexico
New York
North Carolina
North Dakota
Northern Mariana Islands
Ohio
Oklahoma
Oregon
Palau
Pennsylvania
Puerto Rico
Rhode Island
South Carolina
South Dakota
Tennessee
Texas
Utah
Vermont
Virgin Islands
Virginia
Washington
West Virginia
Wisconsin
Wyoming
Zip *
Account of
Bill to
Shipper
Consignee
Supplier
Active For Forecasting
Show Inventory Reading Alert
Show First Of The Day Inventory Readings
Save
Cancel' and expected text 'The site has been created successfully' of test object 'Object Repository/FIM 1.2/Companies Page/Add Company Success Alert' are NOT matched.
	at com.kms.katalon.core.webui.keyword.internal.WebUIKeywordMain.stepFailed(WebUIKeywordMain.groovy:117)
	at com.kms.katalon.core.webui.keyword.builtin.VerifyElementTextKeyword$_verifyElementText_closure1.doCall(VerifyElementTextKeyword.groovy:57)
	at com.kms.katalon.core.webui.keyword.builtin.VerifyElementTextKeyword$_verifyElementText_closure1.call(VerifyElementTextKeyword.groovy)
	at com.kms.katalon.core.webui.keyword.internal.WebUIKeywordMain.runKeyword(WebUIKeywordMain.groovy:35)
	... 22 more


21-10-2025T20:04:37 - [TEST_STEP][PASSED] - Start listener action : beforeTestCase: null

21-10-2025T20:04:37 - [TEST_STEP][PASSED] - addDefaultPackages(): null

21-10-2025T20:04:37 - [TEST_STEP][PASSED] - callTestCase(findTestCase("Utility Scripts/FIM KGL Admin Login"), [:], STOP_ON_FAILURE): Call Test Case 'Test Cases/Utility Scripts/FIM KGL Admin Login' successfully

21-10-2025T20:04:37 - [TEST_CASE][PASSED] - Test Cases/Utility Scripts/FIM KGL Admin Login: Test Cases/Utility Scripts/FIM KGL Admin Login

21-10-2025T20:04:37 - [TEST_STEP][PASSED] - openBrowser(""): Browser is opened with url: ''

21-10-2025T20:04:37 - [MESSAGE][WARNING] - A browser is already opened. Closing browser and opening a new one

21-10-2025T20:04:37 - [MESSAGE][INFO] - Starting 'Chrome' driver

21-10-2025T20:04:37 - [MESSAGE][INFO] - User set preference: ['args', '[--no-sandbox, --disable-gpu, --disable-dev-shm-usage]']

21-10-2025T20:04:37 - [MESSAGE][INFO] - Action delay is set to 0 milliseconds

21-10-2025T20:04:38 - [MESSAGE][PASSED] - Browser is opened with url: ''

21-10-2025T20:04:38 - [TEST_STEP][PASSED] - delay(1): Delayed 1 second(s)

21-10-2025T20:04:39 - [MESSAGE][PASSED] - Delayed 1 second(s)

21-10-2025T20:04:39 - [TEST_STEP][PASSED] - navigateToUrl(KGLCustomGroupUrl): Navigate to 'https://kaglogistics-inventory-management-portal.qa.thekag.com/custom-group/' successfully

21-10-2025T20:04:40 - [MESSAGE][PASSED] - Navigate to 'https://kaglogistics-inventory-management-portal.qa.thekag.com/custom-group/' successfully

21-10-2025T20:04:40 - [TEST_STEP][PASSED] - delay(10): Delayed 10 second(s)

21-10-2025T20:04:50 - [MESSAGE][PASSED] - Delayed 10 second(s)

21-10-2025T20:04:50 - [TEST_STEP][PASSED] - if (maximizeWindow == true): Delayed 1 second(s)

21-10-2025T20:04:50 - [TEST_STEP][PASSED] - maximizeWindow(STOP_ON_FAILURE): Current window maximized

21-10-2025T20:04:50 - [MESSAGE][PASSED] - Current window maximized

21-10-2025T20:04:50 - [TEST_STEP][PASSED] - delay(1): Delayed 1 second(s)

21-10-2025T20:04:51 - [MESSAGE][PASSED] - Delayed 1 second(s)

21-10-2025T20:04:51 - [TEST_STEP][PASSED] - waitForElementPresent(findTestObject("FIM/Username_txt"), 10): Object 'Object Repository/FIM/Username_txt' is present

21-10-2025T20:04:51 - [MESSAGE][PASSED] - Object 'Object Repository/FIM/Username_txt' is present

21-10-2025T20:04:51 - [TEST_STEP][PASSED] - setText(findTestObject("FIM/Username_txt"), FIMUsername): Text 'Chris.Sheldon+DES_QA@Thekag.com' is set on object 'Object Repository/FIM/Username_txt'

21-10-2025T20:04:51 - [MESSAGE][PASSED] - Text 'Chris.Sheldon+DES_QA@Thekag.com' is set on object 'Object Repository/FIM/Username_txt'

21-10-2025T20:04:51 - [TEST_STEP][PASSED] - delay(1): Delayed 1 second(s)

21-10-2025T20:04:52 - [MESSAGE][PASSED] - Delayed 1 second(s)

21-10-2025T20:04:52 - [TEST_STEP][PASSED] - setText(findTestObject("FIM/Password_txt"), FIMPassword): Text 'QATest!2' is set on object 'Object Repository/FIM/Password_txt'

21-10-2025T20:04:52 - [MESSAGE][PASSED] - Text 'QATest!2' is set on object 'Object Repository/FIM/Password_txt'

21-10-2025T20:04:52 - [TEST_STEP][PASSED] - delay(1): Delayed 1 second(s)

21-10-2025T20:04:53 - [MESSAGE][PASSED] - Delayed 1 second(s)

21-10-2025T20:04:53 - [TEST_STEP][PASSED] - click(findTestObject("FIM/Login_btn")): Object: 'Object Repository/FIM/Login_btn' is clicked on

21-10-2025T20:04:53 - [MESSAGE][PASSED] - Object: 'Object Repository/FIM/Login_btn' is clicked on

21-10-2025T20:04:53 - [MESSAGE][PASSED] - Call Test Case 'Test Cases/Utility Scripts/FIM KGL Admin Login' successfully

21-10-2025T20:04:53 - [TEST_STEP][PASSED] - waitForElementClickable(findTestObject("FIM 1.2/Hamburger Menu List/Hamburger_menu"), 30): Object 'Object Repository/FIM 1.2/Hamburger Menu List/Hamburger_menu' is clickable

21-10-2025T20:04:53 - [MESSAGE][PASSED] - Object 'Object Repository/FIM 1.2/Hamburger Menu List/Hamburger_menu' is clickable

21-10-2025T20:04:53 - [TEST_STEP][PASSED] - if (verifyElementVisible(findTestObject("FIM/Server_Notification_Close_btn"), OPTIONAL) == true): Web element with id: 'Object Repository/FIM/Server_Notification_Close_btn' located by '/html/body/div/div[1]/button' not found (Root cause: com.kms.katalon.core.exception.StepFailedException: Web element with id: 'Object Repository/FIM/Server_Notification_Close_btn' located by '/html/body/div/div[1]/button' not found
	at com.kms.katalon.core.webui.keyword.internal.WebUIKeywordMain.stepFailed(WebUIKeywordMain.groovy:117)
	at com.kms.katalon.core.webui.keyword.builtin.VerifyElementVisibleKeyword$_verifyElementVisible_closure1.doCall(VerifyElementVisibleKeyword.groovy:89)
	at com.kms.katalon.core.webui.keyword.builtin.VerifyElementVisibleKeyword$_verifyElementVisible_closure1.call(VerifyElementVisibleKeyword.groovy)
	at com.kms.katalon.core.webui.keyword.internal.WebUIKeywordMain.runKeyword(WebUIKeywordMain.groovy:35)
	at com.kms.katalon.core.webui.keyword.builtin.VerifyElementVisibleKeyword.verifyElementVisible(VerifyElementVisibleKeyword.groovy:97)
	at com.kms.katalon.core.webui.keyword.builtin.VerifyElementVisibleKeyword.execute(VerifyElementVisibleKeyword.groovy:67)
	at com.kms.katalon.core.keyword.internal.KeywordExecutor.executeKeywordForPlatform(KeywordExecutor.groovy:74)
	at com.kms.katalon.core.webui.keyword.WebUiBuiltInKeywords.verifyElementVisible(WebUiBuiltInKeywords.groovy:401)
	at com.kms.katalon.core.webui.keyword.WebUiBuiltInKeywords$verifyElementVisible$6.call(Unknown Source)
	at Creating a Shipper Company.run(Creating a Shipper Company:24)
	at com.kms.katalon.core.main.ScriptEngine.run(ScriptEngine.java:194)
	at com.kms.katalon.core.main.ScriptEngine.runScriptAsRawText(ScriptEngine.java:119)
	at com.kms.katalon.core.main.TestCaseExecutor.runScript(TestCaseExecutor.java:448)
	at com.kms.katalon.core.main.TestCaseExecutor.doExecute(TestCaseExecutor.java:439)
	at com.kms.katalon.core.main.TestCaseExecutor.processExecutionPhase(TestCaseExecutor.java:418)
	at com.kms.katalon.core.main.TestCaseExecutor.accessMainPhase(TestCaseExecutor.java:410)
	at com.kms.katalon.core.main.TestCaseExecutor.execute(TestCaseExecutor.java:285)
	at com.kms.katalon.core.common.CommonExecutor.accessTestCaseMainPhase(CommonExecutor.java:65)
	at com.kms.katalon.core.main.TestSuiteExecutor.accessTestSuiteMainPhase(TestSuiteExecutor.java:150)
	at com.kms.katalon.core.main.TestSuiteExecutor.execute(TestSuiteExecutor.java:106)
	at com.kms.katalon.core.main.TestCaseMain.startTestSuite(TestCaseMain.java:180)
	at com.kms.katalon.core.main.TestCaseMain$startTestSuite$0.call(Unknown Source)
	at TempTestSuite1761090740538.run(TempTestSuite1761090740538.groovy:35)
	at java.base/jdk.internal.reflect.NativeMethodAccessorImpl.invoke0(Native Method)
	at java.base/jdk.internal.reflect.NativeMethodAccessorImpl.invoke(NativeMethodAccessorImpl.java:77)
	at java.base/jdk.internal.reflect.DelegatingMethodAccessorImpl.invoke(DelegatingMethodAccessorImpl.java:43)
)

21-10-2025T20:05:09 - [MESSAGE][INFO] - Unable to find the element located by 'By.xpath: /html/body/div/div[1]/button'. Please recheck the objects properties to make sure the desired element is located. 

21-10-2025T20:05:09 - [MESSAGE][WARNING] - [SELF-HEALING] Failed to find element with id 'Object Repository/FIM/Server_Notification_Close_btn'. Try using Self-healing.

21-10-2025T20:05:10 - [MESSAGE][INFO] - [SELF-HEALING] No working XPath is found.

21-10-2025T20:05:12 - [MESSAGE][INFO] - Unable to find the element located by 'By.xpath: '. Please recheck the objects properties to make sure the desired element is located. 

21-10-2025T20:05:12 - [MESSAGE][WARNING] - [SELF-HEALING] Cannot find elements when the selector is null

21-10-2025T20:05:12 - [MESSAGE][WARNING] - Web element with id: 'Object Repository/FIM/Server_Notification_Close_btn' located by '/html/body/div/div[1]/button' not found (Root cause: com.kms.katalon.core.exception.StepFailedException: Web element with id: 'Object Repository/FIM/Server_Notification_Close_btn' located by '/html/body/div/div[1]/button' not found
	at com.kms.katalon.core.webui.keyword.internal.WebUIKeywordMain.stepFailed(WebUIKeywordMain.groovy:117)
	at com.kms.katalon.core.webui.keyword.builtin.VerifyElementVisibleKeyword$_verifyElementVisible_closure1.doCall(VerifyElementVisibleKeyword.groovy:89)
	at com.kms.katalon.core.webui.keyword.builtin.VerifyElementVisibleKeyword$_verifyElementVisible_closure1.call(VerifyElementVisibleKeyword.groovy)
	at com.kms.katalon.core.webui.keyword.internal.WebUIKeywordMain.runKeyword(WebUIKeywordMain.groovy:35)
	at com.kms.katalon.core.webui.keyword.builtin.VerifyElementVisibleKeyword.verifyElementVisible(VerifyElementVisibleKeyword.groovy:97)
	at com.kms.katalon.core.webui.keyword.builtin.VerifyElementVisibleKeyword.execute(VerifyElementVisibleKeyword.groovy:67)
	at com.kms.katalon.core.keyword.internal.KeywordExecutor.executeKeywordForPlatform(KeywordExecutor.groovy:74)
	at com.kms.katalon.core.webui.keyword.WebUiBuiltInKeywords.verifyElementVisible(WebUiBuiltInKeywords.groovy:401)
	at com.kms.katalon.core.webui.keyword.WebUiBuiltInKeywords$verifyElementVisible$6.call(Unknown Source)
	at Creating a Shipper Company.run(Creating a Shipper Company:24)
	at com.kms.katalon.core.main.ScriptEngine.run(ScriptEngine.java:194)
	at com.kms.katalon.core.main.ScriptEngine.runScriptAsRawText(ScriptEngine.java:119)
	at com.kms.katalon.core.main.TestCaseExecutor.runScript(TestCaseExecutor.java:448)
	at com.kms.katalon.core.main.TestCaseExecutor.doExecute(TestCaseExecutor.java:439)
	at com.kms.katalon.core.main.TestCaseExecutor.processExecutionPhase(TestCaseExecutor.java:418)
	at com.kms.katalon.core.main.TestCaseExecutor.accessMainPhase(TestCaseExecutor.java:410)
	at com.kms.katalon.core.main.TestCaseExecutor.execute(TestCaseExecutor.java:285)
	at com.kms.katalon.core.common.CommonExecutor.accessTestCaseMainPhase(CommonExecutor.java:65)
	at com.kms.katalon.core.main.TestSuiteExecutor.accessTestSuiteMainPhase(TestSuiteExecutor.java:150)
	at com.kms.katalon.core.main.TestSuiteExecutor.execute(TestSuiteExecutor.java:106)
	at com.kms.katalon.core.main.TestCaseMain.startTestSuite(TestCaseMain.java:180)
	at com.kms.katalon.core.main.TestCaseMain$startTestSuite$0.call(Unknown Source)
	at TempTestSuite1761090740538.run(TempTestSuite1761090740538.groovy:35)
	at java.base/jdk.internal.reflect.NativeMethodAccessorImpl.invoke0(Native Method)
	at java.base/jdk.internal.reflect.NativeMethodAccessorImpl.invoke(NativeMethodAccessorImpl.java:77)
	at java.base/jdk.internal.reflect.DelegatingMethodAccessorImpl.invoke(DelegatingMethodAccessorImpl.java:43)
)

21-10-2025T20:05:12 - [TEST_STEP][PASSED] - delay(1): Delayed 1 second(s)

21-10-2025T20:05:13 - [MESSAGE][PASSED] - Delayed 1 second(s)

21-10-2025T20:05:13 - [TEST_STEP][PASSED] - click(findTestObject("FIM/Hamburger Menu List/Hamburger_menu")): Object: 'Object Repository/FIM/Hamburger Menu List/Hamburger_menu' is clicked on

21-10-2025T20:05:13 - [MESSAGE][PASSED] - Object: 'Object Repository/FIM/Hamburger Menu List/Hamburger_menu' is clicked on

21-10-2025T20:05:13 - [TEST_STEP][PASSED] - delay(1): Delayed 1 second(s)

21-10-2025T20:05:14 - [MESSAGE][PASSED] - Delayed 1 second(s)

21-10-2025T20:05:14 - [TEST_STEP][PASSED] - click(findTestObject("Object Repository/FIM 1.2/Hamburger Menu List/Companies_list")): Object: 'Object Repository/FIM 1.2/Hamburger Menu List/Companies_list' is clicked on

21-10-2025T20:05:14 - [MESSAGE][PASSED] - Object: 'Object Repository/FIM 1.2/Hamburger Menu List/Companies_list' is clicked on

21-10-2025T20:05:14 - [TEST_STEP][PASSED] - delay(5): Delayed 5 second(s)

21-10-2025T20:05:20 - [MESSAGE][PASSED] - Delayed 5 second(s)

21-10-2025T20:05:20 - [TEST_STEP][PASSED] - if (verifyElementVisible(findTestObject("FIM/Existing Page with Pending Changes Close_btn"), OPTIONAL) == true): null

21-10-2025T20:05:20 - [MESSAGE][PASSED] - Object 'Object Repository/FIM/Existing Page with Pending Changes Close_btn' is visible

21-10-2025T20:05:20 - [TEST_STEP][PASSED] - click(findTestObject("FIM/Existing Page with Pending Changes Close_btn")): Object: 'Object Repository/FIM/Existing Page with Pending Changes Close_btn' is clicked on

21-10-2025T20:05:20 - [MESSAGE][PASSED] - Object: 'Object Repository/FIM/Existing Page with Pending Changes Close_btn' is clicked on

21-10-2025T20:05:20 - [TEST_STEP][PASSED] - click(findTestObject("Object Repository/FIM 1.2/Page_Inventory Management/button_Add Company")): Object: 'Object Repository/FIM 1.2/Page_Inventory Management/button_Add Company' is clicked on

21-10-2025T20:05:20 - [MESSAGE][PASSED] - Object: 'Object Repository/FIM 1.2/Page_Inventory Management/button_Add Company' is clicked on

21-10-2025T20:05:20 - [TEST_STEP][PASSED] - setText(findTestObject("FIM 1.2/Page_Inventory Management/input__uniqueId"), Shipper): Text 'VALVE' is set on object 'Object Repository/FIM 1.2/Page_Inventory Management/input__uniqueId'

21-10-2025T20:05:20 - [MESSAGE][PASSED] - Text 'VALVE' is set on object 'Object Repository/FIM 1.2/Page_Inventory Management/input__uniqueId'

21-10-2025T20:05:20 - [TEST_STEP][PASSED] - setText(findTestObject("FIM 1.2/Page_Inventory Management/input__company-name"), "Lager Corp"): Text 'Lager Corp' is set on object 'Object Repository/FIM 1.2/Page_Inventory Management/input__company-name'

21-10-2025T20:05:20 - [MESSAGE][PASSED] - Text 'Lager Corp' is set on object 'Object Repository/FIM 1.2/Page_Inventory Management/input__company-name'

21-10-2025T20:05:20 - [TEST_STEP][PASSED] - setText(findTestObject("FIM 1.2/Page_Inventory Management/input__company-address1"), "695 main st"): Text '695 main st' is set on object 'Object Repository/FIM 1.2/Page_Inventory Management/input__company-address1'

21-10-2025T20:05:21 - [MESSAGE][PASSED] - Text '695 main st' is set on object 'Object Repository/FIM 1.2/Page_Inventory Management/input__company-address1'

21-10-2025T20:05:21 - [TEST_STEP][PASSED] - setText(findTestObject("FIM 1.2/Page_Inventory Management/input__company-city"), "San José"): Text 'San José' is set on object 'Object Repository/FIM 1.2/Page_Inventory Management/input__company-city'

21-10-2025T20:05:21 - [MESSAGE][PASSED] - Text 'San José' is set on object 'Object Repository/FIM 1.2/Page_Inventory Management/input__company-city'

21-10-2025T20:05:21 - [TEST_STEP][PASSED] - selectOptionByValue(findTestObject("FIM 1.2/Page_Inventory Management/select_State"), "CA", true): All options with value 'CA' are selected in object 'Object Repository/FIM 1.2/Page_Inventory Management/select_State'  using regular expression

21-10-2025T20:05:21 - [MESSAGE][PASSED] - All options with value 'CA' are selected in object 'Object Repository/FIM 1.2/Page_Inventory Management/select_State'  using regular expression

21-10-2025T20:05:21 - [TEST_STEP][PASSED] - setText(findTestObject("FIM 1.2/Page_Inventory Management/input__company-zip"), "45295"): Text '45295' is set on object 'Object Repository/FIM 1.2/Page_Inventory Management/input__company-zip'

21-10-2025T20:05:22 - [MESSAGE][PASSED] - Text '45295' is set on object 'Object Repository/FIM 1.2/Page_Inventory Management/input__company-zip'

21-10-2025T20:05:22 - [TEST_STEP][PASSED] - click(findTestObject("FIM 1.2/Companies Page/Shipper_checkbox")): Object: 'Object Repository/FIM 1.2/Companies Page/Shipper_checkbox' is clicked on

21-10-2025T20:05:22 - [MESSAGE][PASSED] - Object: 'Object Repository/FIM 1.2/Companies Page/Shipper_checkbox' is clicked on

21-10-2025T20:05:22 - [TEST_STEP][PASSED] - delay(2): Delayed 2 second(s)

21-10-2025T20:05:24 - [MESSAGE][PASSED] - Delayed 2 second(s)

21-10-2025T20:05:24 - [TEST_STEP][PASSED] - click(findTestObject("FIM 1.2/Companies Page/Save Company_btn")): Object: 'Object Repository/FIM 1.2/Companies Page/Save Company_btn' is clicked on

21-10-2025T20:05:24 - [MESSAGE][PASSED] - Object: 'Object Repository/FIM 1.2/Companies Page/Save Company_btn' is clicked on

21-10-2025T20:05:24 - [TEST_STEP][PASSED] - delay(2): Delayed 2 second(s)

21-10-2025T20:05:26 - [MESSAGE][PASSED] - Delayed 2 second(s)

21-10-2025T20:05:26 - [TEST_STEP][PASSED] - verifyElementPresent(findTestObject("FIM 1.2/Companies Page/Add Company Success Alert"), 10): Object 'Object Repository/FIM 1.2/Companies Page/Add Company Success Alert' is present

21-10-2025T20:05:26 - [MESSAGE][PASSED] - Object 'Object Repository/FIM 1.2/Companies Page/Add Company Success Alert' is present

21-10-2025T20:05:26 - [TEST_STEP][FAILED] - verifyElementText(findTestObject("FIM 1.2/Companies Page/Add Company Success Alert"), "The site has been created successfully"): Verify element text of test object 'Object Repository/FIM 1.2/Companies Page/Add Company Success Alert' FAILED. (Root cause: com.kms.katalon.core.exception.StepFailedException: Verify element text of test object 'Object Repository/FIM 1.2/Companies Page/Add Company Success Alert' FAILED.
	at com.kms.katalon.core.webui.keyword.internal.WebUIKeywordMain.stepFailed(WebUIKeywordMain.groovy:117)
	at com.kms.katalon.core.webui.keyword.internal.WebUIKeywordMain.runKeyword(WebUIKeywordMain.groovy:43)
	at com.kms.katalon.core.webui.keyword.builtin.VerifyElementTextKeyword.verifyElementText(VerifyElementTextKeyword.groovy:72)
	at com.kms.katalon.core.webui.keyword.builtin.VerifyElementTextKeyword.execute(VerifyElementTextKeyword.groovy:40)
	at com.kms.katalon.core.keyword.internal.KeywordExecutor.executeKeywordForPlatform(KeywordExecutor.groovy:74)
	at com.kms.katalon.core.webui.keyword.WebUiBuiltInKeywords.verifyElementText(WebUiBuiltInKeywords.groovy:4835)
	at com.kms.katalon.core.webui.keyword.WebUiBuiltInKeywords$verifyElementText$15.call(Unknown Source)
	at Creating a Shipper Company.run(Creating a Shipper Company:67)
	at com.kms.katalon.core.main.ScriptEngine.run(ScriptEngine.java:194)
	at com.kms.katalon.core.main.ScriptEngine.runScriptAsRawText(ScriptEngine.java:119)
	at com.kms.katalon.core.main.TestCaseExecutor.runScript(TestCaseExecutor.java:448)
	at com.kms.katalon.core.main.TestCaseExecutor.doExecute(TestCaseExecutor.java:439)
	at com.kms.katalon.core.main.TestCaseExecutor.processExecutionPhase(TestCaseExecutor.java:418)
	at com.kms.katalon.core.main.TestCaseExecutor.accessMainPhase(TestCaseExecutor.java:410)
	at com.kms.katalon.core.main.TestCaseExecutor.execute(TestCaseExecutor.java:285)
	at com.kms.katalon.core.common.CommonExecutor.accessTestCaseMainPhase(CommonExecutor.java:65)
	at com.kms.katalon.core.main.TestSuiteExecutor.accessTestSuiteMainPhase(TestSuiteExecutor.java:150)
	at com.kms.katalon.core.main.TestSuiteExecutor.execute(TestSuiteExecutor.java:106)
	at com.kms.katalon.core.main.TestCaseMain.startTestSuite(TestCaseMain.java:180)
	at com.kms.katalon.core.main.TestCaseMain$startTestSuite$0.call(Unknown Source)
	at TempTestSuite1761090740538.run(TempTestSuite1761090740538.groovy:35)
	at java.base/jdk.internal.reflect.NativeMethodAccessorImpl.invoke0(Native Method)
	at java.base/jdk.internal.reflect.NativeMethodAccessorImpl.invoke(NativeMethodAccessorImpl.java:77)
	at java.base/jdk.internal.reflect.DelegatingMethodAccessorImpl.invoke(DelegatingMethodAccessorImpl.java:43)
Caused by: com.kms.katalon.core.exception.StepFailedException: Actual text 'Unique ID *
Company Name *
Phone
Address *
City *
State *
Alabama
Alaska
American Samoa
Arizona
Arkansas
California
Colorado
Connecticut
Delaware
District Of Columbia
Federated States Of Micronesia
Florida
Georgia
Guam
Hawaii
Idaho
Illinois
Indiana
Iowa
Kansas
Kentucky
Louisiana
Maine
Marshall Islands
Maryland
Massachusetts
Michigan
Minnesota
Mississippi
Missouri
Montana
Nebraska
Nevada
New Hampshire
New Jersey
New Mexico
New York
North Carolina
North Dakota
Northern Mariana Islands
Ohio
Oklahoma
Oregon
Palau
Pennsylvania
Puerto Rico
Rhode Island
South Carolina
South Dakota
Tennessee
Texas
Utah
Vermont
Virgin Islands
Virginia
Washington
West Virginia
Wisconsin
Wyoming
Zip *
Account of
Bill to
Shipper
Consignee
Supplier
Active For Forecasting
Show Inventory Reading Alert
Show First Of The Day Inventory Readings
Save
Cancel' and expected text 'The site has been created successfully' of test object 'Object Repository/FIM 1.2/Companies Page/Add Company Success Alert' are NOT matched.
	at com.kms.katalon.core.webui.keyword.internal.WebUIKeywordMain.stepFailed(WebUIKeywordMain.groovy:117)
	at com.kms.katalon.core.webui.keyword.builtin.VerifyElementTextKeyword$_verifyElementText_closure1.doCall(VerifyElementTextKeyword.groovy:57)
	at com.kms.katalon.core.webui.keyword.builtin.VerifyElementTextKeyword$_verifyElementText_closure1.call(VerifyElementTextKeyword.groovy)
	at com.kms.katalon.core.webui.keyword.internal.WebUIKeywordMain.runKeyword(WebUIKeywordMain.groovy:35)
	... 22 more
)

21-10-2025T20:05:26 - [MESSAGE][FAILED] - Actual text 'Unique ID *
Company Name *
Phone
Address *
City *
State *
Alabama
Alaska
American Samoa
Arizona
Arkansas
California
Colorado
Connecticut
Delaware
District Of Columbia
Federated States Of Micronesia
Florida
Georgia
Guam
Hawaii
Idaho
Illinois
Indiana
Iowa
Kansas
Kentucky
Louisiana
Maine
Marshall Islands
Maryland
Massachusetts
Michigan
Minnesota
Mississippi
Missouri
Montana
Nebraska
Nevada
New Hampshire
New Jersey
New Mexico
New York
North Carolina
North Dakota
Northern Mariana Islands
Ohio
Oklahoma
Oregon
Palau
Pennsylvania
Puerto Rico
Rhode Island
South Carolina
South Dakota
Tennessee
Texas
Utah
Vermont
Virgin Islands
Virginia
Washington
West Virginia
Wisconsin
Wyoming
Zip *
Account of
Bill to
Shipper
Consignee
Supplier
Active For Forecasting
Show Inventory Reading Alert
Show First Of The Day Inventory Readings
Save
Cancel' and expected text 'The site has been created successfully' of test object 'Object Repository/FIM 1.2/Companies Page/Add Company Success Alert' are NOT matched. (Root cause: com.kms.katalon.core.exception.StepFailedException: Actual text 'Unique ID *
Company Name *
Phone
Address *
City *
State *
Alabama
Alaska
American Samoa
Arizona
Arkansas
California
Colorado
Connecticut
Delaware
District Of Columbia
Federated States Of Micronesia
Florida
Georgia
Guam
Hawaii
Idaho
Illinois
Indiana
Iowa
Kansas
Kentucky
Louisiana
Maine
Marshall Islands
Maryland
Massachusetts
Michigan
Minnesota
Mississippi
Missouri
Montana
Nebraska
Nevada
New Hampshire
New Jersey
New Mexico
New York
North Carolina
North Dakota
Northern Mariana Islands
Ohio
Oklahoma
Oregon
Palau
Pennsylvania
Puerto Rico
Rhode Island
South Carolina
South Dakota
Tennessee
Texas
Utah
Vermont
Virgin Islands
Virginia
Washington
West Virginia
Wisconsin
Wyoming
Zip *
Account of
Bill to
Shipper
Consignee
Supplier
Active For Forecasting
Show Inventory Reading Alert
Show First Of The Day Inventory Readings
Save
Cancel' and expected text 'The site has been created successfully' of test object 'Object Repository/FIM 1.2/Companies Page/Add Company Success Alert' are NOT matched.
	at com.kms.katalon.core.webui.keyword.internal.WebUIKeywordMain.stepFailed(WebUIKeywordMain.groovy:117)
	at com.kms.katalon.core.webui.keyword.builtin.VerifyElementTextKeyword$_verifyElementText_closure1.doCall(VerifyElementTextKeyword.groovy:57)
	at com.kms.katalon.core.webui.keyword.builtin.VerifyElementTextKeyword$_verifyElementText_closure1.call(VerifyElementTextKeyword.groovy)
	at com.kms.katalon.core.webui.keyword.internal.WebUIKeywordMain.runKeyword(WebUIKeywordMain.groovy:35)
	at com.kms.katalon.core.webui.keyword.builtin.VerifyElementTextKeyword.verifyElementText(VerifyElementTextKeyword.groovy:72)
	at com.kms.katalon.core.webui.keyword.builtin.VerifyElementTextKeyword.execute(VerifyElementTextKeyword.groovy:40)
	at com.kms.katalon.core.keyword.internal.KeywordExecutor.executeKeywordForPlatform(KeywordExecutor.groovy:74)
	at com.kms.katalon.core.webui.keyword.WebUiBuiltInKeywords.verifyElementText(WebUiBuiltInKeywords.groovy:4835)
	at com.kms.katalon.core.webui.keyword.WebUiBuiltInKeywords$verifyElementText$15.call(Unknown Source)
	at Creating a Shipper Company.run(Creating a Shipper Company:67)
	at com.kms.katalon.core.main.ScriptEngine.run(ScriptEngine.java:194)
	at com.kms.katalon.core.main.ScriptEngine.runScriptAsRawText(ScriptEngine.java:119)
	at com.kms.katalon.core.main.TestCaseExecutor.runScript(TestCaseExecutor.java:448)
	at com.kms.katalon.core.main.TestCaseExecutor.doExecute(TestCaseExecutor.java:439)
	at com.kms.katalon.core.main.TestCaseExecutor.processExecutionPhase(TestCaseExecutor.java:418)
	at com.kms.katalon.core.main.TestCaseExecutor.accessMainPhase(TestCaseExecutor.java:410)
	at com.kms.katalon.core.main.TestCaseExecutor.execute(TestCaseExecutor.java:285)
	at com.kms.katalon.core.common.CommonExecutor.accessTestCaseMainPhase(CommonExecutor.java:65)
	at com.kms.katalon.core.main.TestSuiteExecutor.accessTestSuiteMainPhase(TestSuiteExecutor.java:150)
	at com.kms.katalon.core.main.TestSuiteExecutor.execute(TestSuiteExecutor.java:106)
	at com.kms.katalon.core.main.TestCaseMain.startTestSuite(TestCaseMain.java:180)
	at com.kms.katalon.core.main.TestCaseMain$startTestSuite$0.call(Unknown Source)
	at TempTestSuite1761090740538.run(TempTestSuite1761090740538.groovy:35)
	at java.base/jdk.internal.reflect.NativeMethodAccessorImpl.invoke0(Native Method)
	at java.base/jdk.internal.reflect.NativeMethodAccessorImpl.invoke(NativeMethodAccessorImpl.java:77)
	at java.base/jdk.internal.reflect.DelegatingMethodAccessorImpl.invoke(DelegatingMethodAccessorImpl.java:43)
)

21-10-2025T20:05:26 - [MESSAGE][FAILED] - Verify element text of test object 'Object Repository/FIM 1.2/Companies Page/Add Company Success Alert' FAILED. (Root cause: com.kms.katalon.core.exception.StepFailedException: Verify element text of test object 'Object Repository/FIM 1.2/Companies Page/Add Company Success Alert' FAILED.
	at com.kms.katalon.core.webui.keyword.internal.WebUIKeywordMain.stepFailed(WebUIKeywordMain.groovy:117)
	at com.kms.katalon.core.webui.keyword.internal.WebUIKeywordMain.runKeyword(WebUIKeywordMain.groovy:43)
	at com.kms.katalon.core.webui.keyword.builtin.VerifyElementTextKeyword.verifyElementText(VerifyElementTextKeyword.groovy:72)
	at com.kms.katalon.core.webui.keyword.builtin.VerifyElementTextKeyword.execute(VerifyElementTextKeyword.groovy:40)
	at com.kms.katalon.core.keyword.internal.KeywordExecutor.executeKeywordForPlatform(KeywordExecutor.groovy:74)
	at com.kms.katalon.core.webui.keyword.WebUiBuiltInKeywords.verifyElementText(WebUiBuiltInKeywords.groovy:4835)
	at com.kms.katalon.core.webui.keyword.WebUiBuiltInKeywords$verifyElementText$15.call(Unknown Source)
	at Creating a Shipper Company.run(Creating a Shipper Company:67)
	at com.kms.katalon.core.main.ScriptEngine.run(ScriptEngine.java:194)
	at com.kms.katalon.core.main.ScriptEngine.runScriptAsRawText(ScriptEngine.java:119)
	at com.kms.katalon.core.main.TestCaseExecutor.runScript(TestCaseExecutor.java:448)
	at com.kms.katalon.core.main.TestCaseExecutor.doExecute(TestCaseExecutor.java:439)
	at com.kms.katalon.core.main.TestCaseExecutor.processExecutionPhase(TestCaseExecutor.java:418)
	at com.kms.katalon.core.main.TestCaseExecutor.accessMainPhase(TestCaseExecutor.java:410)
	at com.kms.katalon.core.main.TestCaseExecutor.execute(TestCaseExecutor.java:285)
	at com.kms.katalon.core.common.CommonExecutor.accessTestCaseMainPhase(CommonExecutor.java:65)
	at com.kms.katalon.core.main.TestSuiteExecutor.accessTestSuiteMainPhase(TestSuiteExecutor.java:150)
	at com.kms.katalon.core.main.TestSuiteExecutor.execute(TestSuiteExecutor.java:106)
	at com.kms.katalon.core.main.TestCaseMain.startTestSuite(TestCaseMain.java:180)
	at com.kms.katalon.core.main.TestCaseMain$startTestSuite$0.call(Unknown Source)
	at TempTestSuite1761090740538.run(TempTestSuite1761090740538.groovy:35)
	at java.base/jdk.internal.reflect.NativeMethodAccessorImpl.invoke0(Native Method)
	at java.base/jdk.internal.reflect.NativeMethodAccessorImpl.invoke(NativeMethodAccessorImpl.java:77)
	at java.base/jdk.internal.reflect.DelegatingMethodAccessorImpl.invoke(DelegatingMethodAccessorImpl.java:43)
Caused by: com.kms.katalon.core.exception.StepFailedException: Actual text 'Unique ID *
Company Name *
Phone
Address *
City *
State *
Alabama
Alaska
American Samoa
Arizona
Arkansas
California
Colorado
Connecticut
Delaware
District Of Columbia
Federated States Of Micronesia
Florida
Georgia
Guam
Hawaii
Idaho
Illinois
Indiana
Iowa
Kansas
Kentucky
Louisiana
Maine
Marshall Islands
Maryland
Massachusetts
Michigan
Minnesota
Mississippi
Missouri
Montana
Nebraska
Nevada
New Hampshire
New Jersey
New Mexico
New York
North Carolina
North Dakota
Northern Mariana Islands
Ohio
Oklahoma
Oregon
Palau
Pennsylvania
Puerto Rico
Rhode Island
South Carolina
South Dakota
Tennessee
Texas
Utah
Vermont
Virgin Islands
Virginia
Washington
West Virginia
Wisconsin
Wyoming
Zip *
Account of
Bill to
Shipper
Consignee
Supplier
Active For Forecasting
Show Inventory Reading Alert
Show First Of The Day Inventory Readings
Save
Cancel' and expected text 'The site has been created successfully' of test object 'Object Repository/FIM 1.2/Companies Page/Add Company Success Alert' are NOT matched.
	at com.kms.katalon.core.webui.keyword.internal.WebUIKeywordMain.stepFailed(WebUIKeywordMain.groovy:117)
	at com.kms.katalon.core.webui.keyword.builtin.VerifyElementTextKeyword$_verifyElementText_closure1.doCall(VerifyElementTextKeyword.groovy:57)
	at com.kms.katalon.core.webui.keyword.builtin.VerifyElementTextKeyword$_verifyElementText_closure1.call(VerifyElementTextKeyword.groovy)
	at com.kms.katalon.core.webui.keyword.internal.WebUIKeywordMain.runKeyword(WebUIKeywordMain.groovy:35)
	... 22 more
)

21-10-2025T20:05:26 - [TEST_STEP][PASSED] - Start listener action : retryOnDisconnect: Current window's url is: 'https://kaglogistics-inventory-management-portal.qa.thekag.com/companies/'

21-10-2025T20:05:26 - [TEST_STEP][PASSED] - tcId = testCaseContext.getTestCaseId(): null

21-10-2025T20:05:26 - [TEST_STEP][PASSED] - currentRetry = retryCounts.getOrDefault(tcId, 0): null

21-10-2025T20:05:26 - [TEST_STEP][PASSED] - if (testCaseContext.getTestCaseStatus() == "FAILED" && currentRetry < MAX_RETRIES): Current window's url is: 'https://kaglogistics-inventory-management-portal.qa.thekag.com/companies/'

21-10-2025T20:05:26 - [TEST_STEP][PASSED] - try: Current window's url is: 'https://kaglogistics-inventory-management-portal.qa.thekag.com/companies/'

21-10-2025T20:05:26 - [TEST_STEP][PASSED] - comment(Checking for WebDriver disconnect for test case: $tcId): Checking for WebDriver disconnect for test case: Test Cases/FIM/UI/KGL/Admin/Company/Creating a Shipper Company

21-10-2025T20:05:26 - [MESSAGE][INFO] - Checking for WebDriver disconnect for test case: Test Cases/FIM/UI/KGL/Admin/Company/Creating a Shipper Company

21-10-2025T20:05:26 - [TEST_STEP][PASSED] - getUrl(): Current window's url is: 'https://kaglogistics-inventory-management-portal.qa.thekag.com/companies/'

21-10-2025T20:05:26 - [MESSAGE][PASSED] - Current window's url is: 'https://kaglogistics-inventory-management-portal.qa.thekag.com/companies/']]></system-out>
         <system-err><![CDATA[21-10-2025T20:04:37 - [TEST_CASE][FAILED] - Test Cases/FIM/UI/KGL/Admin/Company/Creating a Shipper Company: Test Cases/FIM/UI/KGL/Admin/Company/Creating a Shipper Company FAILED.
Reason:
com.kms.katalon.core.exception.StepFailedException: Verify element text of test object 'Object Repository/FIM 1.2/Companies Page/Add Company Success Alert' FAILED.
	at com.kms.katalon.core.webui.keyword.internal.WebUIKeywordMain.stepFailed(WebUIKeywordMain.groovy:117)
	at com.kms.katalon.core.webui.keyword.internal.WebUIKeywordMain.runKeyword(WebUIKeywordMain.groovy:43)
	at com.kms.katalon.core.webui.keyword.builtin.VerifyElementTextKeyword.verifyElementText(VerifyElementTextKeyword.groovy:72)
	at com.kms.katalon.core.webui.keyword.builtin.VerifyElementTextKeyword.execute(VerifyElementTextKeyword.groovy:40)
	at com.kms.katalon.core.keyword.internal.KeywordExecutor.executeKeywordForPlatform(KeywordExecutor.groovy:74)
	at com.kms.katalon.core.webui.keyword.WebUiBuiltInKeywords.verifyElementText(WebUiBuiltInKeywords.groovy:4835)
	at com.kms.katalon.core.webui.keyword.WebUiBuiltInKeywords$verifyElementText$15.call(Unknown Source)
	at Creating a Shipper Company.run(Creating a Shipper Company:67)
	at com.kms.katalon.core.main.ScriptEngine.run(ScriptEngine.java:194)
	at com.kms.katalon.core.main.ScriptEngine.runScriptAsRawText(ScriptEngine.java:119)
	at com.kms.katalon.core.main.TestCaseExecutor.runScript(TestCaseExecutor.java:448)
	at com.kms.katalon.core.main.TestCaseExecutor.doExecute(TestCaseExecutor.java:439)
	at com.kms.katalon.core.main.TestCaseExecutor.processExecutionPhase(TestCaseExecutor.java:418)
	at com.kms.katalon.core.main.TestCaseExecutor.accessMainPhase(TestCaseExecutor.java:410)
	at com.kms.katalon.core.main.TestCaseExecutor.execute(TestCaseExecutor.java:285)
	at com.kms.katalon.core.common.CommonExecutor.accessTestCaseMainPhase(CommonExecutor.java:65)
	at com.kms.katalon.core.main.TestSuiteExecutor.accessTestSuiteMainPhase(TestSuiteExecutor.java:150)
	at com.kms.katalon.core.main.TestSuiteExecutor.execute(TestSuiteExecutor.java:106)
	at com.kms.katalon.core.main.TestCaseMain.startTestSuite(TestCaseMain.java:180)
	at com.kms.katalon.core.main.TestCaseMain$startTestSuite$0.call(Unknown Source)
	at TempTestSuite1761090740538.run(TempTestSuite1761090740538.groovy:35)
	at java.base/jdk.internal.reflect.NativeMethodAccessorImpl.invoke0(Native Method)
	at java.base/jdk.internal.reflect.NativeMethodAccessorImpl.invoke(NativeMethodAccessorImpl.java:77)
	at java.base/jdk.internal.reflect.DelegatingMethodAccessorImpl.invoke(DelegatingMethodAccessorImpl.java:43)
Caused by: com.kms.katalon.core.exception.StepFailedException: Actual text 'Unique ID *
Company Name *
Phone
Address *
City *
State *
Alabama
Alaska
American Samoa
Arizona
Arkansas
California
Colorado
Connecticut
Delaware
District Of Columbia
Federated States Of Micronesia
Florida
Georgia
Guam
Hawaii
Idaho
Illinois
Indiana
Iowa
Kansas
Kentucky
Louisiana
Maine
Marshall Islands
Maryland
Massachusetts
Michigan
Minnesota
Mississippi
Missouri
Montana
Nebraska
Nevada
New Hampshire
New Jersey
New Mexico
New York
North Carolina
North Dakota
Northern Mariana Islands
Ohio
Oklahoma
Oregon
Palau
Pennsylvania
Puerto Rico
Rhode Island
South Carolina
South Dakota
Tennessee
Texas
Utah
Vermont
Virgin Islands
Virginia
Washington
West Virginia
Wisconsin
Wyoming
Zip *
Account of
Bill to
Shipper
Consignee
Supplier
Active For Forecasting
Show Inventory Reading Alert
Show First Of The Day Inventory Readings
Save
Cancel' and expected text 'The site has been created successfully' of test object 'Object Repository/FIM 1.2/Companies Page/Add Company Success Alert' are NOT matched.
	at com.kms.katalon.core.webui.keyword.internal.WebUIKeywordMain.stepFailed(WebUIKeywordMain.groovy:117)
	at com.kms.katalon.core.webui.keyword.builtin.VerifyElementTextKeyword$_verifyElementText_closure1.doCall(VerifyElementTextKeyword.groovy:57)
	at com.kms.katalon.core.webui.keyword.builtin.VerifyElementTextKeyword$_verifyElementText_closure1.call(VerifyElementTextKeyword.groovy)
	at com.kms.katalon.core.webui.keyword.internal.WebUIKeywordMain.runKeyword(WebUIKeywordMain.groovy:35)
	... 22 more]]></system-err>
      </testcase>
      <testcase name="Test Cases/FIM/UI/KGL/Admin/Company/Editing Company" time="36.346" classname="Test Cases/FIM/UI/KGL/Admin/Company/Editing Company" status="FAILED">
         <failure type="FAILED" message="Test Cases/FIM/UI/KGL/Admin/Company/Editing Company FAILED.&#xa;Reason:&#xa;com.kms.katalon.core.exception.StepFailedException: Unable to verify object 'Object Repository/FIM/Companies Page/Companies_link' is visible&#xa;	at com.kms.katalon.core.webui.keyword.internal.WebUIKeywordMain.stepFailed(WebUIKeywordMain.groovy:117)&#xa;	at com.kms.katalon.core.webui.keyword.internal.WebUIKeywordMain.runKeyword(WebUIKeywordMain.groovy:43)&#xa;	at com.kms.katalon.core.webui.keyword.builtin.VerifyElementVisibleKeyword.verifyElementVisible(VerifyElementVisibleKeyword.groovy:97)&#xa;	at com.kms.katalon.core.webui.keyword.builtin.VerifyElementVisibleKeyword.execute(VerifyElementVisibleKeyword.groovy:67)&#xa;	at com.kms.katalon.core.keyword.internal.KeywordExecutor.executeKeywordForPlatform(KeywordExecutor.groovy:74)&#xa;	at com.kms.katalon.core.webui.keyword.WebUiBuiltInKeywords.verifyElementVisible(WebUiBuiltInKeywords.groovy:415)&#xa;	at com.kms.katalon.core.webui.keyword.WebUiBuiltInKeywords$verifyElementVisible$8.call(Unknown Source)&#xa;	at Editing Company.run(Editing Company:34)&#xa;	at com.kms.katalon.core.main.ScriptEngine.run(ScriptEngine.java:194)&#xa;	at com.kms.katalon.core.main.ScriptEngine.runScriptAsRawText(ScriptEngine.java:119)&#xa;	at com.kms.katalon.core.main.TestCaseExecutor.runScript(TestCaseExecutor.java:448)&#xa;	at com.kms.katalon.core.main.TestCaseExecutor.doExecute(TestCaseExecutor.java:439)&#xa;	at com.kms.katalon.core.main.TestCaseExecutor.processExecutionPhase(TestCaseExecutor.java:418)&#xa;	at com.kms.katalon.core.main.TestCaseExecutor.accessMainPhase(TestCaseExecutor.java:410)&#xa;	at com.kms.katalon.core.main.TestCaseExecutor.execute(TestCaseExecutor.java:285)&#xa;	at com.kms.katalon.core.common.CommonExecutor.accessTestCaseMainPhase(CommonExecutor.java:65)&#xa;	at com.kms.katalon.core.main.TestSuiteExecutor.accessTestSuiteMainPhase(TestSuiteExecutor.java:150)&#xa;	at com.kms.katalon.core.main.TestSuiteExecutor.execute(TestSuiteExecutor.java:106)&#xa;	at com.kms.katalon.core.main.TestCaseMain.startTestSuite(TestCaseMain.java:180)&#xa;	at com.kms.katalon.core.main.TestCaseMain$startTestSuite$0.call(Unknown Source)&#xa;	at TempTestSuite1761090740538.run(TempTestSuite1761090740538.groovy:35)&#xa;	at java.base/jdk.internal.reflect.NativeMethodAccessorImpl.invoke0(Native Method)&#xa;	at java.base/jdk.internal.reflect.NativeMethodAccessorImpl.invoke(NativeMethodAccessorImpl.java:77)&#xa;	at java.base/jdk.internal.reflect.DelegatingMethodAccessorImpl.invoke(DelegatingMethodAccessorImpl.java:43)&#xa;Caused by: com.kms.katalon.core.exception.StepFailedException: Object 'Object Repository/FIM/Companies Page/Companies_link' is NOT visible&#xa;	at com.kms.katalon.core.webui.keyword.internal.WebUIKeywordMain.stepFailed(WebUIKeywordMain.groovy:117)&#xa;	at com.kms.katalon.core.webui.keyword.builtin.VerifyElementVisibleKeyword$_verifyElementVisible_closure1.doCall(VerifyElementVisibleKeyword.groovy:83)&#xa;	at com.kms.katalon.core.webui.keyword.builtin.VerifyElementVisibleKeyword$_verifyElementVisible_closure1.call(VerifyElementVisibleKeyword.groovy)&#xa;	at com.kms.katalon.core.webui.keyword.internal.WebUIKeywordMain.runKeyword(WebUIKeywordMain.groovy:35)&#xa;	... 22 more&#xa;"/>
         <system-out><![CDATA[21-10-2025T20:05:26 - [TEST_CASE][FAILED] - Test Cases/FIM/UI/KGL/Admin/Company/Editing Company: Test Cases/FIM/UI/KGL/Admin/Company/Editing Company FAILED.
Reason:
com.kms.katalon.core.exception.StepFailedException: Unable to verify object 'Object Repository/FIM/Companies Page/Companies_link' is visible
	at com.kms.katalon.core.webui.keyword.internal.WebUIKeywordMain.stepFailed(WebUIKeywordMain.groovy:117)
	at com.kms.katalon.core.webui.keyword.internal.WebUIKeywordMain.runKeyword(WebUIKeywordMain.groovy:43)
	at com.kms.katalon.core.webui.keyword.builtin.VerifyElementVisibleKeyword.verifyElementVisible(VerifyElementVisibleKeyword.groovy:97)
	at com.kms.katalon.core.webui.keyword.builtin.VerifyElementVisibleKeyword.execute(VerifyElementVisibleKeyword.groovy:67)
	at com.kms.katalon.core.keyword.internal.KeywordExecutor.executeKeywordForPlatform(KeywordExecutor.groovy:74)
	at com.kms.katalon.core.webui.keyword.WebUiBuiltInKeywords.verifyElementVisible(WebUiBuiltInKeywords.groovy:415)
	at com.kms.katalon.core.webui.keyword.WebUiBuiltInKeywords$verifyElementVisible$8.call(Unknown Source)
	at Editing Company.run(Editing Company:34)
	at com.kms.katalon.core.main.ScriptEngine.run(ScriptEngine.java:194)
	at com.kms.katalon.core.main.ScriptEngine.runScriptAsRawText(ScriptEngine.java:119)
	at com.kms.katalon.core.main.TestCaseExecutor.runScript(TestCaseExecutor.java:448)
	at com.kms.katalon.core.main.TestCaseExecutor.doExecute(TestCaseExecutor.java:439)
	at com.kms.katalon.core.main.TestCaseExecutor.processExecutionPhase(TestCaseExecutor.java:418)
	at com.kms.katalon.core.main.TestCaseExecutor.accessMainPhase(TestCaseExecutor.java:410)
	at com.kms.katalon.core.main.TestCaseExecutor.execute(TestCaseExecutor.java:285)
	at com.kms.katalon.core.common.CommonExecutor.accessTestCaseMainPhase(CommonExecutor.java:65)
	at com.kms.katalon.core.main.TestSuiteExecutor.accessTestSuiteMainPhase(TestSuiteExecutor.java:150)
	at com.kms.katalon.core.main.TestSuiteExecutor.execute(TestSuiteExecutor.java:106)
	at com.kms.katalon.core.main.TestCaseMain.startTestSuite(TestCaseMain.java:180)
	at com.kms.katalon.core.main.TestCaseMain$startTestSuite$0.call(Unknown Source)
	at TempTestSuite1761090740538.run(TempTestSuite1761090740538.groovy:35)
	at java.base/jdk.internal.reflect.NativeMethodAccessorImpl.invoke0(Native Method)
	at java.base/jdk.internal.reflect.NativeMethodAccessorImpl.invoke(NativeMethodAccessorImpl.java:77)
	at java.base/jdk.internal.reflect.DelegatingMethodAccessorImpl.invoke(DelegatingMethodAccessorImpl.java:43)
Caused by: com.kms.katalon.core.exception.StepFailedException: Object 'Object Repository/FIM/Companies Page/Companies_link' is NOT visible
	at com.kms.katalon.core.webui.keyword.internal.WebUIKeywordMain.stepFailed(WebUIKeywordMain.groovy:117)
	at com.kms.katalon.core.webui.keyword.builtin.VerifyElementVisibleKeyword$_verifyElementVisible_closure1.doCall(VerifyElementVisibleKeyword.groovy:83)
	at com.kms.katalon.core.webui.keyword.builtin.VerifyElementVisibleKeyword$_verifyElementVisible_closure1.call(VerifyElementVisibleKeyword.groovy)
	at com.kms.katalon.core.webui.keyword.internal.WebUIKeywordMain.runKeyword(WebUIKeywordMain.groovy:35)
	... 22 more


21-10-2025T20:05:26 - [TEST_STEP][PASSED] - Start listener action : beforeTestCase: null

21-10-2025T20:05:26 - [TEST_STEP][PASSED] - addDefaultPackages(): null

21-10-2025T20:05:26 - [TEST_STEP][PASSED] - callTestCase(findTestCase("Utility Scripts/FIM KGL Admin Login"), [:], STOP_ON_FAILURE): Call Test Case 'Test Cases/Utility Scripts/FIM KGL Admin Login' successfully

21-10-2025T20:05:26 - [TEST_CASE][PASSED] - Test Cases/Utility Scripts/FIM KGL Admin Login: Test Cases/Utility Scripts/FIM KGL Admin Login

21-10-2025T20:05:26 - [TEST_STEP][PASSED] - openBrowser(""): Browser is opened with url: ''

21-10-2025T20:05:26 - [MESSAGE][WARNING] - A browser is already opened. Closing browser and opening a new one

21-10-2025T20:05:26 - [MESSAGE][INFO] - Starting 'Chrome' driver

21-10-2025T20:05:26 - [MESSAGE][INFO] - User set preference: ['args', '[--no-sandbox, --disable-gpu, --disable-dev-shm-usage]']

21-10-2025T20:05:26 - [MESSAGE][INFO] - Action delay is set to 0 milliseconds

21-10-2025T20:05:27 - [MESSAGE][PASSED] - Browser is opened with url: ''

21-10-2025T20:05:27 - [TEST_STEP][PASSED] - delay(1): Delayed 1 second(s)

21-10-2025T20:05:28 - [MESSAGE][PASSED] - Delayed 1 second(s)

21-10-2025T20:05:28 - [TEST_STEP][PASSED] - navigateToUrl(KGLCustomGroupUrl): Navigate to 'https://kaglogistics-inventory-management-portal.qa.thekag.com/custom-group/' successfully

21-10-2025T20:05:28 - [MESSAGE][PASSED] - Navigate to 'https://kaglogistics-inventory-management-portal.qa.thekag.com/custom-group/' successfully

21-10-2025T20:05:28 - [TEST_STEP][PASSED] - delay(10): Delayed 10 second(s)

21-10-2025T20:05:38 - [MESSAGE][PASSED] - Delayed 10 second(s)

21-10-2025T20:05:38 - [TEST_STEP][PASSED] - if (maximizeWindow == true): Delayed 1 second(s)

21-10-2025T20:05:38 - [TEST_STEP][PASSED] - maximizeWindow(STOP_ON_FAILURE): Current window maximized

21-10-2025T20:05:38 - [MESSAGE][PASSED] - Current window maximized

21-10-2025T20:05:38 - [TEST_STEP][PASSED] - delay(1): Delayed 1 second(s)

21-10-2025T20:05:39 - [MESSAGE][PASSED] - Delayed 1 second(s)

21-10-2025T20:05:39 - [TEST_STEP][PASSED] - waitForElementPresent(findTestObject("FIM/Username_txt"), 10): Object 'Object Repository/FIM/Username_txt' is present

21-10-2025T20:05:39 - [MESSAGE][PASSED] - Object 'Object Repository/FIM/Username_txt' is present

21-10-2025T20:05:39 - [TEST_STEP][PASSED] - setText(findTestObject("FIM/Username_txt"), FIMUsername): Text 'Chris.Sheldon+DES_QA@Thekag.com' is set on object 'Object Repository/FIM/Username_txt'

21-10-2025T20:05:40 - [MESSAGE][PASSED] - Text 'Chris.Sheldon+DES_QA@Thekag.com' is set on object 'Object Repository/FIM/Username_txt'

21-10-2025T20:05:40 - [TEST_STEP][PASSED] - delay(1): Delayed 1 second(s)

21-10-2025T20:05:41 - [MESSAGE][PASSED] - Delayed 1 second(s)

21-10-2025T20:05:41 - [TEST_STEP][PASSED] - setText(findTestObject("FIM/Password_txt"), FIMPassword): Text 'QATest!2' is set on object 'Object Repository/FIM/Password_txt'

21-10-2025T20:05:41 - [MESSAGE][PASSED] - Text 'QATest!2' is set on object 'Object Repository/FIM/Password_txt'

21-10-2025T20:05:41 - [TEST_STEP][PASSED] - delay(1): Delayed 1 second(s)

21-10-2025T20:05:42 - [MESSAGE][PASSED] - Delayed 1 second(s)

21-10-2025T20:05:42 - [TEST_STEP][PASSED] - click(findTestObject("FIM/Login_btn")): Object: 'Object Repository/FIM/Login_btn' is clicked on

21-10-2025T20:05:42 - [MESSAGE][PASSED] - Object: 'Object Repository/FIM/Login_btn' is clicked on

21-10-2025T20:05:42 - [MESSAGE][PASSED] - Call Test Case 'Test Cases/Utility Scripts/FIM KGL Admin Login' successfully

21-10-2025T20:05:42 - [TEST_STEP][PASSED] - waitForElementClickable(findTestObject("FIM/Hamburger Menu List/Hamburger_menu"), 300): Object 'Object Repository/FIM/Hamburger Menu List/Hamburger_menu' is clickable

21-10-2025T20:05:42 - [MESSAGE][PASSED] - Object 'Object Repository/FIM/Hamburger Menu List/Hamburger_menu' is clickable

21-10-2025T20:05:42 - [TEST_STEP][PASSED] - if (verifyElementVisible(findTestObject("FIM/Server_Notification_Close_btn"), OPTIONAL) == true): Web element with id: 'Object Repository/FIM/Server_Notification_Close_btn' located by '/html/body/div/div[1]/button' not found (Root cause: com.kms.katalon.core.exception.StepFailedException: Web element with id: 'Object Repository/FIM/Server_Notification_Close_btn' located by '/html/body/div/div[1]/button' not found
	at com.kms.katalon.core.webui.keyword.internal.WebUIKeywordMain.stepFailed(WebUIKeywordMain.groovy:117)
	at com.kms.katalon.core.webui.keyword.builtin.VerifyElementVisibleKeyword$_verifyElementVisible_closure1.doCall(VerifyElementVisibleKeyword.groovy:89)
	at com.kms.katalon.core.webui.keyword.builtin.VerifyElementVisibleKeyword$_verifyElementVisible_closure1.call(VerifyElementVisibleKeyword.groovy)
	at com.kms.katalon.core.webui.keyword.internal.WebUIKeywordMain.runKeyword(WebUIKeywordMain.groovy:35)
	at com.kms.katalon.core.webui.keyword.builtin.VerifyElementVisibleKeyword.verifyElementVisible(VerifyElementVisibleKeyword.groovy:97)
	at com.kms.katalon.core.webui.keyword.builtin.VerifyElementVisibleKeyword.execute(VerifyElementVisibleKeyword.groovy:67)
	at com.kms.katalon.core.keyword.internal.KeywordExecutor.executeKeywordForPlatform(KeywordExecutor.groovy:74)
	at com.kms.katalon.core.webui.keyword.WebUiBuiltInKeywords.verifyElementVisible(WebUiBuiltInKeywords.groovy:401)
	at com.kms.katalon.core.webui.keyword.WebUiBuiltInKeywords$verifyElementVisible$6.call(Unknown Source)
	at Editing Company.run(Editing Company:24)
	at com.kms.katalon.core.main.ScriptEngine.run(ScriptEngine.java:194)
	at com.kms.katalon.core.main.ScriptEngine.runScriptAsRawText(ScriptEngine.java:119)
	at com.kms.katalon.core.main.TestCaseExecutor.runScript(TestCaseExecutor.java:448)
	at com.kms.katalon.core.main.TestCaseExecutor.doExecute(TestCaseExecutor.java:439)
	at com.kms.katalon.core.main.TestCaseExecutor.processExecutionPhase(TestCaseExecutor.java:418)
	at com.kms.katalon.core.main.TestCaseExecutor.accessMainPhase(TestCaseExecutor.java:410)
	at com.kms.katalon.core.main.TestCaseExecutor.execute(TestCaseExecutor.java:285)
	at com.kms.katalon.core.common.CommonExecutor.accessTestCaseMainPhase(CommonExecutor.java:65)
	at com.kms.katalon.core.main.TestSuiteExecutor.accessTestSuiteMainPhase(TestSuiteExecutor.java:150)
	at com.kms.katalon.core.main.TestSuiteExecutor.execute(TestSuiteExecutor.java:106)
	at com.kms.katalon.core.main.TestCaseMain.startTestSuite(TestCaseMain.java:180)
	at com.kms.katalon.core.main.TestCaseMain$startTestSuite$0.call(Unknown Source)
	at TempTestSuite1761090740538.run(TempTestSuite1761090740538.groovy:35)
	at java.base/jdk.internal.reflect.NativeMethodAccessorImpl.invoke0(Native Method)
	at java.base/jdk.internal.reflect.NativeMethodAccessorImpl.invoke(NativeMethodAccessorImpl.java:77)
	at java.base/jdk.internal.reflect.DelegatingMethodAccessorImpl.invoke(DelegatingMethodAccessorImpl.java:43)
)

21-10-2025T20:05:58 - [MESSAGE][INFO] - Unable to find the element located by 'By.xpath: /html/body/div/div[1]/button'. Please recheck the objects properties to make sure the desired element is located. 

21-10-2025T20:05:58 - [MESSAGE][WARNING] - [SELF-HEALING] Failed to find element with id 'Object Repository/FIM/Server_Notification_Close_btn'. Try using Self-healing.

21-10-2025T20:05:59 - [MESSAGE][INFO] - [SELF-HEALING] No working XPath is found.

21-10-2025T20:06:01 - [MESSAGE][INFO] - Unable to find the element located by 'By.xpath: '. Please recheck the objects properties to make sure the desired element is located. 

21-10-2025T20:06:01 - [MESSAGE][WARNING] - [SELF-HEALING] Cannot find elements when the selector is null

21-10-2025T20:06:01 - [MESSAGE][WARNING] - Web element with id: 'Object Repository/FIM/Server_Notification_Close_btn' located by '/html/body/div/div[1]/button' not found (Root cause: com.kms.katalon.core.exception.StepFailedException: Web element with id: 'Object Repository/FIM/Server_Notification_Close_btn' located by '/html/body/div/div[1]/button' not found
	at com.kms.katalon.core.webui.keyword.internal.WebUIKeywordMain.stepFailed(WebUIKeywordMain.groovy:117)
	at com.kms.katalon.core.webui.keyword.builtin.VerifyElementVisibleKeyword$_verifyElementVisible_closure1.doCall(VerifyElementVisibleKeyword.groovy:89)
	at com.kms.katalon.core.webui.keyword.builtin.VerifyElementVisibleKeyword$_verifyElementVisible_closure1.call(VerifyElementVisibleKeyword.groovy)
	at com.kms.katalon.core.webui.keyword.internal.WebUIKeywordMain.runKeyword(WebUIKeywordMain.groovy:35)
	at com.kms.katalon.core.webui.keyword.builtin.VerifyElementVisibleKeyword.verifyElementVisible(VerifyElementVisibleKeyword.groovy:97)
	at com.kms.katalon.core.webui.keyword.builtin.VerifyElementVisibleKeyword.execute(VerifyElementVisibleKeyword.groovy:67)
	at com.kms.katalon.core.keyword.internal.KeywordExecutor.executeKeywordForPlatform(KeywordExecutor.groovy:74)
	at com.kms.katalon.core.webui.keyword.WebUiBuiltInKeywords.verifyElementVisible(WebUiBuiltInKeywords.groovy:401)
	at com.kms.katalon.core.webui.keyword.WebUiBuiltInKeywords$verifyElementVisible$6.call(Unknown Source)
	at Editing Company.run(Editing Company:24)
	at com.kms.katalon.core.main.ScriptEngine.run(ScriptEngine.java:194)
	at com.kms.katalon.core.main.ScriptEngine.runScriptAsRawText(ScriptEngine.java:119)
	at com.kms.katalon.core.main.TestCaseExecutor.runScript(TestCaseExecutor.java:448)
	at com.kms.katalon.core.main.TestCaseExecutor.doExecute(TestCaseExecutor.java:439)
	at com.kms.katalon.core.main.TestCaseExecutor.processExecutionPhase(TestCaseExecutor.java:418)
	at com.kms.katalon.core.main.TestCaseExecutor.accessMainPhase(TestCaseExecutor.java:410)
	at com.kms.katalon.core.main.TestCaseExecutor.execute(TestCaseExecutor.java:285)
	at com.kms.katalon.core.common.CommonExecutor.accessTestCaseMainPhase(CommonExecutor.java:65)
	at com.kms.katalon.core.main.TestSuiteExecutor.accessTestSuiteMainPhase(TestSuiteExecutor.java:150)
	at com.kms.katalon.core.main.TestSuiteExecutor.execute(TestSuiteExecutor.java:106)
	at com.kms.katalon.core.main.TestCaseMain.startTestSuite(TestCaseMain.java:180)
	at com.kms.katalon.core.main.TestCaseMain$startTestSuite$0.call(Unknown Source)
	at TempTestSuite1761090740538.run(TempTestSuite1761090740538.groovy:35)
	at java.base/jdk.internal.reflect.NativeMethodAccessorImpl.invoke0(Native Method)
	at java.base/jdk.internal.reflect.NativeMethodAccessorImpl.invoke(NativeMethodAccessorImpl.java:77)
	at java.base/jdk.internal.reflect.DelegatingMethodAccessorImpl.invoke(DelegatingMethodAccessorImpl.java:43)
)

21-10-2025T20:06:01 - [TEST_STEP][PASSED] - delay(1): Delayed 1 second(s)

21-10-2025T20:06:02 - [MESSAGE][PASSED] - Delayed 1 second(s)

21-10-2025T20:06:02 - [TEST_STEP][PASSED] - click(findTestObject("FIM/Hamburger Menu List/Hamburger_menu")): Object: 'Object Repository/FIM/Hamburger Menu List/Hamburger_menu' is clicked on

21-10-2025T20:06:02 - [MESSAGE][PASSED] - Object: 'Object Repository/FIM/Hamburger Menu List/Hamburger_menu' is clicked on

21-10-2025T20:06:02 - [TEST_STEP][PASSED] - verifyElementPresent(findTestObject("FIM/Companies Page/Companies_link"), 10): Object 'Object Repository/FIM/Companies Page/Companies_link' is present

21-10-2025T20:06:02 - [MESSAGE][PASSED] - Object 'Object Repository/FIM/Companies Page/Companies_link' is present

21-10-2025T20:06:02 - [TEST_STEP][FAILED] - verifyElementVisible(findTestObject("FIM/Companies Page/Companies_link")): Unable to verify object 'Object Repository/FIM/Companies Page/Companies_link' is visible (Root cause: com.kms.katalon.core.exception.StepFailedException: Unable to verify object 'Object Repository/FIM/Companies Page/Companies_link' is visible
	at com.kms.katalon.core.webui.keyword.internal.WebUIKeywordMain.stepFailed(WebUIKeywordMain.groovy:117)
	at com.kms.katalon.core.webui.keyword.internal.WebUIKeywordMain.runKeyword(WebUIKeywordMain.groovy:43)
	at com.kms.katalon.core.webui.keyword.builtin.VerifyElementVisibleKeyword.verifyElementVisible(VerifyElementVisibleKeyword.groovy:97)
	at com.kms.katalon.core.webui.keyword.builtin.VerifyElementVisibleKeyword.execute(VerifyElementVisibleKeyword.groovy:67)
	at com.kms.katalon.core.keyword.internal.KeywordExecutor.executeKeywordForPlatform(KeywordExecutor.groovy:74)
	at com.kms.katalon.core.webui.keyword.WebUiBuiltInKeywords.verifyElementVisible(WebUiBuiltInKeywords.groovy:415)
	at com.kms.katalon.core.webui.keyword.WebUiBuiltInKeywords$verifyElementVisible$8.call(Unknown Source)
	at Editing Company.run(Editing Company:34)
	at com.kms.katalon.core.main.ScriptEngine.run(ScriptEngine.java:194)
	at com.kms.katalon.core.main.ScriptEngine.runScriptAsRawText(ScriptEngine.java:119)
	at com.kms.katalon.core.main.TestCaseExecutor.runScript(TestCaseExecutor.java:448)
	at com.kms.katalon.core.main.TestCaseExecutor.doExecute(TestCaseExecutor.java:439)
	at com.kms.katalon.core.main.TestCaseExecutor.processExecutionPhase(TestCaseExecutor.java:418)
	at com.kms.katalon.core.main.TestCaseExecutor.accessMainPhase(TestCaseExecutor.java:410)
	at com.kms.katalon.core.main.TestCaseExecutor.execute(TestCaseExecutor.java:285)
	at com.kms.katalon.core.common.CommonExecutor.accessTestCaseMainPhase(CommonExecutor.java:65)
	at com.kms.katalon.core.main.TestSuiteExecutor.accessTestSuiteMainPhase(TestSuiteExecutor.java:150)
	at com.kms.katalon.core.main.TestSuiteExecutor.execute(TestSuiteExecutor.java:106)
	at com.kms.katalon.core.main.TestCaseMain.startTestSuite(TestCaseMain.java:180)
	at com.kms.katalon.core.main.TestCaseMain$startTestSuite$0.call(Unknown Source)
	at TempTestSuite1761090740538.run(TempTestSuite1761090740538.groovy:35)
	at java.base/jdk.internal.reflect.NativeMethodAccessorImpl.invoke0(Native Method)
	at java.base/jdk.internal.reflect.NativeMethodAccessorImpl.invoke(NativeMethodAccessorImpl.java:77)
	at java.base/jdk.internal.reflect.DelegatingMethodAccessorImpl.invoke(DelegatingMethodAccessorImpl.java:43)
Caused by: com.kms.katalon.core.exception.StepFailedException: Object 'Object Repository/FIM/Companies Page/Companies_link' is NOT visible
	at com.kms.katalon.core.webui.keyword.internal.WebUIKeywordMain.stepFailed(WebUIKeywordMain.groovy:117)
	at com.kms.katalon.core.webui.keyword.builtin.VerifyElementVisibleKeyword$_verifyElementVisible_closure1.doCall(VerifyElementVisibleKeyword.groovy:83)
	at com.kms.katalon.core.webui.keyword.builtin.VerifyElementVisibleKeyword$_verifyElementVisible_closure1.call(VerifyElementVisibleKeyword.groovy)
	at com.kms.katalon.core.webui.keyword.internal.WebUIKeywordMain.runKeyword(WebUIKeywordMain.groovy:35)
	... 22 more
)

21-10-2025T20:06:02 - [MESSAGE][FAILED] - Object 'Object Repository/FIM/Companies Page/Companies_link' is NOT visible (Root cause: com.kms.katalon.core.exception.StepFailedException: Object 'Object Repository/FIM/Companies Page/Companies_link' is NOT visible
	at com.kms.katalon.core.webui.keyword.internal.WebUIKeywordMain.stepFailed(WebUIKeywordMain.groovy:117)
	at com.kms.katalon.core.webui.keyword.builtin.VerifyElementVisibleKeyword$_verifyElementVisible_closure1.doCall(VerifyElementVisibleKeyword.groovy:83)
	at com.kms.katalon.core.webui.keyword.builtin.VerifyElementVisibleKeyword$_verifyElementVisible_closure1.call(VerifyElementVisibleKeyword.groovy)
	at com.kms.katalon.core.webui.keyword.internal.WebUIKeywordMain.runKeyword(WebUIKeywordMain.groovy:35)
	at com.kms.katalon.core.webui.keyword.builtin.VerifyElementVisibleKeyword.verifyElementVisible(VerifyElementVisibleKeyword.groovy:97)
	at com.kms.katalon.core.webui.keyword.builtin.VerifyElementVisibleKeyword.execute(VerifyElementVisibleKeyword.groovy:67)
	at com.kms.katalon.core.keyword.internal.KeywordExecutor.executeKeywordForPlatform(KeywordExecutor.groovy:74)
	at com.kms.katalon.core.webui.keyword.WebUiBuiltInKeywords.verifyElementVisible(WebUiBuiltInKeywords.groovy:415)
	at com.kms.katalon.core.webui.keyword.WebUiBuiltInKeywords$verifyElementVisible$8.call(Unknown Source)
	at Editing Company.run(Editing Company:34)
	at com.kms.katalon.core.main.ScriptEngine.run(ScriptEngine.java:194)
	at com.kms.katalon.core.main.ScriptEngine.runScriptAsRawText(ScriptEngine.java:119)
	at com.kms.katalon.core.main.TestCaseExecutor.runScript(TestCaseExecutor.java:448)
	at com.kms.katalon.core.main.TestCaseExecutor.doExecute(TestCaseExecutor.java:439)
	at com.kms.katalon.core.main.TestCaseExecutor.processExecutionPhase(TestCaseExecutor.java:418)
	at com.kms.katalon.core.main.TestCaseExecutor.accessMainPhase(TestCaseExecutor.java:410)
	at com.kms.katalon.core.main.TestCaseExecutor.execute(TestCaseExecutor.java:285)
	at com.kms.katalon.core.common.CommonExecutor.accessTestCaseMainPhase(CommonExecutor.java:65)
	at com.kms.katalon.core.main.TestSuiteExecutor.accessTestSuiteMainPhase(TestSuiteExecutor.java:150)
	at com.kms.katalon.core.main.TestSuiteExecutor.execute(TestSuiteExecutor.java:106)
	at com.kms.katalon.core.main.TestCaseMain.startTestSuite(TestCaseMain.java:180)
	at com.kms.katalon.core.main.TestCaseMain$startTestSuite$0.call(Unknown Source)
	at TempTestSuite1761090740538.run(TempTestSuite1761090740538.groovy:35)
	at java.base/jdk.internal.reflect.NativeMethodAccessorImpl.invoke0(Native Method)
	at java.base/jdk.internal.reflect.NativeMethodAccessorImpl.invoke(NativeMethodAccessorImpl.java:77)
	at java.base/jdk.internal.reflect.DelegatingMethodAccessorImpl.invoke(DelegatingMethodAccessorImpl.java:43)
)

21-10-2025T20:06:02 - [MESSAGE][FAILED] - Unable to verify object 'Object Repository/FIM/Companies Page/Companies_link' is visible (Root cause: com.kms.katalon.core.exception.StepFailedException: Unable to verify object 'Object Repository/FIM/Companies Page/Companies_link' is visible
	at com.kms.katalon.core.webui.keyword.internal.WebUIKeywordMain.stepFailed(WebUIKeywordMain.groovy:117)
	at com.kms.katalon.core.webui.keyword.internal.WebUIKeywordMain.runKeyword(WebUIKeywordMain.groovy:43)
	at com.kms.katalon.core.webui.keyword.builtin.VerifyElementVisibleKeyword.verifyElementVisible(VerifyElementVisibleKeyword.groovy:97)
	at com.kms.katalon.core.webui.keyword.builtin.VerifyElementVisibleKeyword.execute(VerifyElementVisibleKeyword.groovy:67)
	at com.kms.katalon.core.keyword.internal.KeywordExecutor.executeKeywordForPlatform(KeywordExecutor.groovy:74)
	at com.kms.katalon.core.webui.keyword.WebUiBuiltInKeywords.verifyElementVisible(WebUiBuiltInKeywords.groovy:415)
	at com.kms.katalon.core.webui.keyword.WebUiBuiltInKeywords$verifyElementVisible$8.call(Unknown Source)
	at Editing Company.run(Editing Company:34)
	at com.kms.katalon.core.main.ScriptEngine.run(ScriptEngine.java:194)
	at com.kms.katalon.core.main.ScriptEngine.runScriptAsRawText(ScriptEngine.java:119)
	at com.kms.katalon.core.main.TestCaseExecutor.runScript(TestCaseExecutor.java:448)
	at com.kms.katalon.core.main.TestCaseExecutor.doExecute(TestCaseExecutor.java:439)
	at com.kms.katalon.core.main.TestCaseExecutor.processExecutionPhase(TestCaseExecutor.java:418)
	at com.kms.katalon.core.main.TestCaseExecutor.accessMainPhase(TestCaseExecutor.java:410)
	at com.kms.katalon.core.main.TestCaseExecutor.execute(TestCaseExecutor.java:285)
	at com.kms.katalon.core.common.CommonExecutor.accessTestCaseMainPhase(CommonExecutor.java:65)
	at com.kms.katalon.core.main.TestSuiteExecutor.accessTestSuiteMainPhase(TestSuiteExecutor.java:150)
	at com.kms.katalon.core.main.TestSuiteExecutor.execute(TestSuiteExecutor.java:106)
	at com.kms.katalon.core.main.TestCaseMain.startTestSuite(TestCaseMain.java:180)
	at com.kms.katalon.core.main.TestCaseMain$startTestSuite$0.call(Unknown Source)
	at TempTestSuite1761090740538.run(TempTestSuite1761090740538.groovy:35)
	at java.base/jdk.internal.reflect.NativeMethodAccessorImpl.invoke0(Native Method)
	at java.base/jdk.internal.reflect.NativeMethodAccessorImpl.invoke(NativeMethodAccessorImpl.java:77)
	at java.base/jdk.internal.reflect.DelegatingMethodAccessorImpl.invoke(DelegatingMethodAccessorImpl.java:43)
Caused by: com.kms.katalon.core.exception.StepFailedException: Object 'Object Repository/FIM/Companies Page/Companies_link' is NOT visible
	at com.kms.katalon.core.webui.keyword.internal.WebUIKeywordMain.stepFailed(WebUIKeywordMain.groovy:117)
	at com.kms.katalon.core.webui.keyword.builtin.VerifyElementVisibleKeyword$_verifyElementVisible_closure1.doCall(VerifyElementVisibleKeyword.groovy:83)
	at com.kms.katalon.core.webui.keyword.builtin.VerifyElementVisibleKeyword$_verifyElementVisible_closure1.call(VerifyElementVisibleKeyword.groovy)
	at com.kms.katalon.core.webui.keyword.internal.WebUIKeywordMain.runKeyword(WebUIKeywordMain.groovy:35)
	... 22 more
)

21-10-2025T20:06:02 - [TEST_STEP][PASSED] - Start listener action : retryOnDisconnect: Current window's url is: 'https://kaglogistics-inventory-management-portal.qa.thekag.com/custom-group/'

21-10-2025T20:06:02 - [TEST_STEP][PASSED] - tcId = testCaseContext.getTestCaseId(): null

21-10-2025T20:06:02 - [TEST_STEP][PASSED] - currentRetry = retryCounts.getOrDefault(tcId, 0): null

21-10-2025T20:06:02 - [TEST_STEP][PASSED] - if (testCaseContext.getTestCaseStatus() == "FAILED" && currentRetry < MAX_RETRIES): Current window's url is: 'https://kaglogistics-inventory-management-portal.qa.thekag.com/custom-group/'

21-10-2025T20:06:02 - [TEST_STEP][PASSED] - try: Current window's url is: 'https://kaglogistics-inventory-management-portal.qa.thekag.com/custom-group/'

21-10-2025T20:06:02 - [TEST_STEP][PASSED] - comment(Checking for WebDriver disconnect for test case: $tcId): Checking for WebDriver disconnect for test case: Test Cases/FIM/UI/KGL/Admin/Company/Editing Company

21-10-2025T20:06:02 - [MESSAGE][INFO] - Checking for WebDriver disconnect for test case: Test Cases/FIM/UI/KGL/Admin/Company/Editing Company

21-10-2025T20:06:02 - [TEST_STEP][PASSED] - getUrl(): Current window's url is: 'https://kaglogistics-inventory-management-portal.qa.thekag.com/custom-group/'

21-10-2025T20:06:02 - [MESSAGE][PASSED] - Current window's url is: 'https://kaglogistics-inventory-management-portal.qa.thekag.com/custom-group/']]></system-out>
         <system-err><![CDATA[21-10-2025T20:05:26 - [TEST_CASE][FAILED] - Test Cases/FIM/UI/KGL/Admin/Company/Editing Company: Test Cases/FIM/UI/KGL/Admin/Company/Editing Company FAILED.
Reason:
com.kms.katalon.core.exception.StepFailedException: Unable to verify object 'Object Repository/FIM/Companies Page/Companies_link' is visible
	at com.kms.katalon.core.webui.keyword.internal.WebUIKeywordMain.stepFailed(WebUIKeywordMain.groovy:117)
	at com.kms.katalon.core.webui.keyword.internal.WebUIKeywordMain.runKeyword(WebUIKeywordMain.groovy:43)
	at com.kms.katalon.core.webui.keyword.builtin.VerifyElementVisibleKeyword.verifyElementVisible(VerifyElementVisibleKeyword.groovy:97)
	at com.kms.katalon.core.webui.keyword.builtin.VerifyElementVisibleKeyword.execute(VerifyElementVisibleKeyword.groovy:67)
	at com.kms.katalon.core.keyword.internal.KeywordExecutor.executeKeywordForPlatform(KeywordExecutor.groovy:74)
	at com.kms.katalon.core.webui.keyword.WebUiBuiltInKeywords.verifyElementVisible(WebUiBuiltInKeywords.groovy:415)
	at com.kms.katalon.core.webui.keyword.WebUiBuiltInKeywords$verifyElementVisible$8.call(Unknown Source)
	at Editing Company.run(Editing Company:34)
	at com.kms.katalon.core.main.ScriptEngine.run(ScriptEngine.java:194)
	at com.kms.katalon.core.main.ScriptEngine.runScriptAsRawText(ScriptEngine.java:119)
	at com.kms.katalon.core.main.TestCaseExecutor.runScript(TestCaseExecutor.java:448)
	at com.kms.katalon.core.main.TestCaseExecutor.doExecute(TestCaseExecutor.java:439)
	at com.kms.katalon.core.main.TestCaseExecutor.processExecutionPhase(TestCaseExecutor.java:418)
	at com.kms.katalon.core.main.TestCaseExecutor.accessMainPhase(TestCaseExecutor.java:410)
	at com.kms.katalon.core.main.TestCaseExecutor.execute(TestCaseExecutor.java:285)
	at com.kms.katalon.core.common.CommonExecutor.accessTestCaseMainPhase(CommonExecutor.java:65)
	at com.kms.katalon.core.main.TestSuiteExecutor.accessTestSuiteMainPhase(TestSuiteExecutor.java:150)
	at com.kms.katalon.core.main.TestSuiteExecutor.execute(TestSuiteExecutor.java:106)
	at com.kms.katalon.core.main.TestCaseMain.startTestSuite(TestCaseMain.java:180)
	at com.kms.katalon.core.main.TestCaseMain$startTestSuite$0.call(Unknown Source)
	at TempTestSuite1761090740538.run(TempTestSuite1761090740538.groovy:35)
	at java.base/jdk.internal.reflect.NativeMethodAccessorImpl.invoke0(Native Method)
	at java.base/jdk.internal.reflect.NativeMethodAccessorImpl.invoke(NativeMethodAccessorImpl.java:77)
	at java.base/jdk.internal.reflect.DelegatingMethodAccessorImpl.invoke(DelegatingMethodAccessorImpl.java:43)
Caused by: com.kms.katalon.core.exception.StepFailedException: Object 'Object Repository/FIM/Companies Page/Companies_link' is NOT visible
	at com.kms.katalon.core.webui.keyword.internal.WebUIKeywordMain.stepFailed(WebUIKeywordMain.groovy:117)
	at com.kms.katalon.core.webui.keyword.builtin.VerifyElementVisibleKeyword$_verifyElementVisible_closure1.doCall(VerifyElementVisibleKeyword.groovy:83)
	at com.kms.katalon.core.webui.keyword.builtin.VerifyElementVisibleKeyword$_verifyElementVisible_closure1.call(VerifyElementVisibleKeyword.groovy)
	at com.kms.katalon.core.webui.keyword.internal.WebUIKeywordMain.runKeyword(WebUIKeywordMain.groovy:35)
	... 22 more]]></system-err>
      </testcase>
      <testcase name="Test Cases/FIM/UI/KGL/Admin/Company/Updating Company Address" time="61.859" classname="Test Cases/FIM/UI/KGL/Admin/Company/Updating Company Address" status="FAILED">
         <failure type="FAILED" message="Test Cases/FIM/UI/KGL/Admin/Company/Updating Company Address FAILED.&#xa;Reason:&#xa;com.kms.katalon.core.exception.StepFailedException: Unable to click on object 'Object Repository/FIM 1.2/Companies Page/Edit_btn'&#xa;	at com.kms.katalon.core.webui.keyword.internal.WebUIKeywordMain.stepFailed(WebUIKeywordMain.groovy:117)&#xa;	at com.kms.katalon.core.webui.keyword.internal.WebUIKeywordMain.runKeyword(WebUIKeywordMain.groovy:43)&#xa;	at com.kms.katalon.core.webui.keyword.builtin.ClickKeyword.click(ClickKeyword.groovy:74)&#xa;	at com.kms.katalon.core.webui.keyword.builtin.ClickKeyword.execute(ClickKeyword.groovy:40)&#xa;	at com.kms.katalon.core.keyword.internal.KeywordExecutor.executeKeywordForPlatform(KeywordExecutor.groovy:74)&#xa;	at com.kms.katalon.core.webui.keyword.WebUiBuiltInKeywords.click(WebUiBuiltInKeywords.groovy:659)&#xa;	at com.kms.katalon.core.webui.keyword.WebUiBuiltInKeywords$click$4.call(Unknown Source)&#xa;	at Updating Company Address.run(Updating Company Address:47)&#xa;	at com.kms.katalon.core.main.ScriptEngine.run(ScriptEngine.java:194)&#xa;	at com.kms.katalon.core.main.ScriptEngine.runScriptAsRawText(ScriptEngine.java:119)&#xa;	at com.kms.katalon.core.main.TestCaseExecutor.runScript(TestCaseExecutor.java:448)&#xa;	at com.kms.katalon.core.main.TestCaseExecutor.doExecute(TestCaseExecutor.java:439)&#xa;	at com.kms.katalon.core.main.TestCaseExecutor.processExecutionPhase(TestCaseExecutor.java:418)&#xa;	at com.kms.katalon.core.main.TestCaseExecutor.accessMainPhase(TestCaseExecutor.java:410)&#xa;	at com.kms.katalon.core.main.TestCaseExecutor.execute(TestCaseExecutor.java:285)&#xa;	at com.kms.katalon.core.common.CommonExecutor.accessTestCaseMainPhase(CommonExecutor.java:65)&#xa;	at com.kms.katalon.core.main.TestSuiteExecutor.accessTestSuiteMainPhase(TestSuiteExecutor.java:150)&#xa;	at com.kms.katalon.core.main.TestSuiteExecutor.execute(TestSuiteExecutor.java:106)&#xa;	at com.kms.katalon.core.main.TestCaseMain.startTestSuite(TestCaseMain.java:180)&#xa;	at com.kms.katalon.core.main.TestCaseMain$startTestSuite$0.call(Unknown Source)&#xa;	at TempTestSuite1761090740538.run(TempTestSuite1761090740538.groovy:35)&#xa;	at java.base/jdk.internal.reflect.NativeMethodAccessorImpl.invoke0(Native Method)&#xa;	at java.base/jdk.internal.reflect.NativeMethodAccessorImpl.invoke(NativeMethodAccessorImpl.java:77)&#xa;	at java.base/jdk.internal.reflect.DelegatingMethodAccessorImpl.invoke(DelegatingMethodAccessorImpl.java:43)&#xa;Caused by: com.kms.katalon.core.webui.exception.WebElementNotFoundException: Web element with id: 'Object Repository/FIM 1.2/Companies Page/Edit_btn' located by '/html/body/div/div[2]/div/div/div[1]/div[3]/div/div/table/tbody/tr/td[3]/button[1]' not found&#xa;	at com.kms.katalon.core.webui.common.WebUiCommonHelper.findWebElement(WebUiCommonHelper.java:1423)&#xa;	at com.kms.katalon.core.webui.keyword.internal.WebUIAbstractKeyword.findWebElement(WebUIAbstractKeyword.groovy:27)&#xa;	at com.kms.katalon.core.webui.keyword.builtin.ClickKeyword$_click_closure1.doCall(ClickKeyword.groovy:65)&#xa;	at com.kms.katalon.core.webui.keyword.builtin.ClickKeyword$_click_closure1.call(ClickKeyword.groovy)&#xa;	at com.kms.katalon.core.webui.keyword.internal.WebUIKeywordMain.runKeyword(WebUIKeywordMain.groovy:35)&#xa;	... 22 more&#xa;"/>
         <system-out><![CDATA[21-10-2025T20:06:02 - [TEST_CASE][FAILED] - Test Cases/FIM/UI/KGL/Admin/Company/Updating Company Address: Test Cases/FIM/UI/KGL/Admin/Company/Updating Company Address FAILED.
Reason:
com.kms.katalon.core.exception.StepFailedException: Unable to click on object 'Object Repository/FIM 1.2/Companies Page/Edit_btn'
	at com.kms.katalon.core.webui.keyword.internal.WebUIKeywordMain.stepFailed(WebUIKeywordMain.groovy:117)
	at com.kms.katalon.core.webui.keyword.internal.WebUIKeywordMain.runKeyword(WebUIKeywordMain.groovy:43)
	at com.kms.katalon.core.webui.keyword.builtin.ClickKeyword.click(ClickKeyword.groovy:74)
	at com.kms.katalon.core.webui.keyword.builtin.ClickKeyword.execute(ClickKeyword.groovy:40)
	at com.kms.katalon.core.keyword.internal.KeywordExecutor.executeKeywordForPlatform(KeywordExecutor.groovy:74)
	at com.kms.katalon.core.webui.keyword.WebUiBuiltInKeywords.click(WebUiBuiltInKeywords.groovy:659)
	at com.kms.katalon.core.webui.keyword.WebUiBuiltInKeywords$click$4.call(Unknown Source)
	at Updating Company Address.run(Updating Company Address:47)
	at com.kms.katalon.core.main.ScriptEngine.run(ScriptEngine.java:194)
	at com.kms.katalon.core.main.ScriptEngine.runScriptAsRawText(ScriptEngine.java:119)
	at com.kms.katalon.core.main.TestCaseExecutor.runScript(TestCaseExecutor.java:448)
	at com.kms.katalon.core.main.TestCaseExecutor.doExecute(TestCaseExecutor.java:439)
	at com.kms.katalon.core.main.TestCaseExecutor.processExecutionPhase(TestCaseExecutor.java:418)
	at com.kms.katalon.core.main.TestCaseExecutor.accessMainPhase(TestCaseExecutor.java:410)
	at com.kms.katalon.core.main.TestCaseExecutor.execute(TestCaseExecutor.java:285)
	at com.kms.katalon.core.common.CommonExecutor.accessTestCaseMainPhase(CommonExecutor.java:65)
	at com.kms.katalon.core.main.TestSuiteExecutor.accessTestSuiteMainPhase(TestSuiteExecutor.java:150)
	at com.kms.katalon.core.main.TestSuiteExecutor.execute(TestSuiteExecutor.java:106)
	at com.kms.katalon.core.main.TestCaseMain.startTestSuite(TestCaseMain.java:180)
	at com.kms.katalon.core.main.TestCaseMain$startTestSuite$0.call(Unknown Source)
	at TempTestSuite1761090740538.run(TempTestSuite1761090740538.groovy:35)
	at java.base/jdk.internal.reflect.NativeMethodAccessorImpl.invoke0(Native Method)
	at java.base/jdk.internal.reflect.NativeMethodAccessorImpl.invoke(NativeMethodAccessorImpl.java:77)
	at java.base/jdk.internal.reflect.DelegatingMethodAccessorImpl.invoke(DelegatingMethodAccessorImpl.java:43)
Caused by: com.kms.katalon.core.webui.exception.WebElementNotFoundException: Web element with id: 'Object Repository/FIM 1.2/Companies Page/Edit_btn' located by '/html/body/div/div[2]/div/div/div[1]/div[3]/div/div/table/tbody/tr/td[3]/button[1]' not found
	at com.kms.katalon.core.webui.common.WebUiCommonHelper.findWebElement(WebUiCommonHelper.java:1423)
	at com.kms.katalon.core.webui.keyword.internal.WebUIAbstractKeyword.findWebElement(WebUIAbstractKeyword.groovy:27)
	at com.kms.katalon.core.webui.keyword.builtin.ClickKeyword$_click_closure1.doCall(ClickKeyword.groovy:65)
	at com.kms.katalon.core.webui.keyword.builtin.ClickKeyword$_click_closure1.call(ClickKeyword.groovy)
	at com.kms.katalon.core.webui.keyword.internal.WebUIKeywordMain.runKeyword(WebUIKeywordMain.groovy:35)
	... 22 more


21-10-2025T20:06:02 - [TEST_STEP][PASSED] - Start listener action : beforeTestCase: null

21-10-2025T20:06:02 - [TEST_STEP][PASSED] - addDefaultPackages(): null

21-10-2025T20:06:02 - [TEST_STEP][PASSED] - callTestCase(findTestCase("Utility Scripts/FIM KGL Admin Login"), [:], STOP_ON_FAILURE): Call Test Case 'Test Cases/Utility Scripts/FIM KGL Admin Login' successfully

21-10-2025T20:06:02 - [TEST_CASE][PASSED] - Test Cases/Utility Scripts/FIM KGL Admin Login: Test Cases/Utility Scripts/FIM KGL Admin Login

21-10-2025T20:06:02 - [TEST_STEP][PASSED] - openBrowser(""): Browser is opened with url: ''

21-10-2025T20:06:02 - [MESSAGE][WARNING] - A browser is already opened. Closing browser and opening a new one

21-10-2025T20:06:02 - [MESSAGE][INFO] - Starting 'Chrome' driver

21-10-2025T20:06:02 - [MESSAGE][INFO] - User set preference: ['args', '[--no-sandbox, --disable-gpu, --disable-dev-shm-usage]']

21-10-2025T20:06:02 - [MESSAGE][INFO] - Action delay is set to 0 milliseconds

21-10-2025T20:06:03 - [MESSAGE][PASSED] - Browser is opened with url: ''

21-10-2025T20:06:03 - [TEST_STEP][PASSED] - delay(1): Delayed 1 second(s)

21-10-2025T20:06:04 - [MESSAGE][PASSED] - Delayed 1 second(s)

21-10-2025T20:06:04 - [TEST_STEP][PASSED] - navigateToUrl(KGLCustomGroupUrl): Navigate to 'https://kaglogistics-inventory-management-portal.qa.thekag.com/custom-group/' successfully

21-10-2025T20:06:05 - [MESSAGE][PASSED] - Navigate to 'https://kaglogistics-inventory-management-portal.qa.thekag.com/custom-group/' successfully

21-10-2025T20:06:05 - [TEST_STEP][PASSED] - delay(10): Delayed 10 second(s)

21-10-2025T20:06:15 - [MESSAGE][PASSED] - Delayed 10 second(s)

21-10-2025T20:06:15 - [TEST_STEP][PASSED] - if (maximizeWindow == true): Delayed 1 second(s)

21-10-2025T20:06:15 - [TEST_STEP][PASSED] - maximizeWindow(STOP_ON_FAILURE): Current window maximized

21-10-2025T20:06:15 - [MESSAGE][PASSED] - Current window maximized

21-10-2025T20:06:15 - [TEST_STEP][PASSED] - delay(1): Delayed 1 second(s)

21-10-2025T20:06:16 - [MESSAGE][PASSED] - Delayed 1 second(s)

21-10-2025T20:06:16 - [TEST_STEP][PASSED] - waitForElementPresent(findTestObject("FIM/Username_txt"), 10): Object 'Object Repository/FIM/Username_txt' is present

21-10-2025T20:06:16 - [MESSAGE][PASSED] - Object 'Object Repository/FIM/Username_txt' is present

21-10-2025T20:06:16 - [TEST_STEP][PASSED] - setText(findTestObject("FIM/Username_txt"), FIMUsername): Text 'Chris.Sheldon+DES_QA@Thekag.com' is set on object 'Object Repository/FIM/Username_txt'

21-10-2025T20:06:16 - [MESSAGE][PASSED] - Text 'Chris.Sheldon+DES_QA@Thekag.com' is set on object 'Object Repository/FIM/Username_txt'

21-10-2025T20:06:16 - [TEST_STEP][PASSED] - delay(1): Delayed 1 second(s)

21-10-2025T20:06:17 - [MESSAGE][PASSED] - Delayed 1 second(s)

21-10-2025T20:06:17 - [TEST_STEP][PASSED] - setText(findTestObject("FIM/Password_txt"), FIMPassword): Text 'QATest!2' is set on object 'Object Repository/FIM/Password_txt'

21-10-2025T20:06:17 - [MESSAGE][PASSED] - Text 'QATest!2' is set on object 'Object Repository/FIM/Password_txt'

21-10-2025T20:06:17 - [TEST_STEP][PASSED] - delay(1): Delayed 1 second(s)

21-10-2025T20:06:18 - [MESSAGE][PASSED] - Delayed 1 second(s)

21-10-2025T20:06:18 - [TEST_STEP][PASSED] - click(findTestObject("FIM/Login_btn")): Object: 'Object Repository/FIM/Login_btn' is clicked on

21-10-2025T20:06:18 - [MESSAGE][PASSED] - Object: 'Object Repository/FIM/Login_btn' is clicked on

21-10-2025T20:06:18 - [MESSAGE][PASSED] - Call Test Case 'Test Cases/Utility Scripts/FIM KGL Admin Login' successfully

21-10-2025T20:06:18 - [TEST_STEP][PASSED] - waitForElementClickable(findTestObject("FIM 1.2/Hamburger Menu List/Hamburger_menu"), 30): Object 'Object Repository/FIM 1.2/Hamburger Menu List/Hamburger_menu' is clickable

21-10-2025T20:06:18 - [MESSAGE][PASSED] - Object 'Object Repository/FIM 1.2/Hamburger Menu List/Hamburger_menu' is clickable

21-10-2025T20:06:18 - [TEST_STEP][PASSED] - if (verifyElementVisible(findTestObject("FIM/Server_Notification_Close_btn"), OPTIONAL) == true): Web element with id: 'Object Repository/FIM/Server_Notification_Close_btn' located by '/html/body/div/div[1]/button' not found (Root cause: com.kms.katalon.core.exception.StepFailedException: Web element with id: 'Object Repository/FIM/Server_Notification_Close_btn' located by '/html/body/div/div[1]/button' not found
	at com.kms.katalon.core.webui.keyword.internal.WebUIKeywordMain.stepFailed(WebUIKeywordMain.groovy:117)
	at com.kms.katalon.core.webui.keyword.builtin.VerifyElementVisibleKeyword$_verifyElementVisible_closure1.doCall(VerifyElementVisibleKeyword.groovy:89)
	at com.kms.katalon.core.webui.keyword.builtin.VerifyElementVisibleKeyword$_verifyElementVisible_closure1.call(VerifyElementVisibleKeyword.groovy)
	at com.kms.katalon.core.webui.keyword.internal.WebUIKeywordMain.runKeyword(WebUIKeywordMain.groovy:35)
	at com.kms.katalon.core.webui.keyword.builtin.VerifyElementVisibleKeyword.verifyElementVisible(VerifyElementVisibleKeyword.groovy:97)
	at com.kms.katalon.core.webui.keyword.builtin.VerifyElementVisibleKeyword.execute(VerifyElementVisibleKeyword.groovy:67)
	at com.kms.katalon.core.keyword.internal.KeywordExecutor.executeKeywordForPlatform(KeywordExecutor.groovy:74)
	at com.kms.katalon.core.webui.keyword.WebUiBuiltInKeywords.verifyElementVisible(WebUiBuiltInKeywords.groovy:401)
	at com.kms.katalon.core.webui.keyword.WebUiBuiltInKeywords$verifyElementVisible$6.call(Unknown Source)
	at Updating Company Address.run(Updating Company Address:24)
	at com.kms.katalon.core.main.ScriptEngine.run(ScriptEngine.java:194)
	at com.kms.katalon.core.main.ScriptEngine.runScriptAsRawText(ScriptEngine.java:119)
	at com.kms.katalon.core.main.TestCaseExecutor.runScript(TestCaseExecutor.java:448)
	at com.kms.katalon.core.main.TestCaseExecutor.doExecute(TestCaseExecutor.java:439)
	at com.kms.katalon.core.main.TestCaseExecutor.processExecutionPhase(TestCaseExecutor.java:418)
	at com.kms.katalon.core.main.TestCaseExecutor.accessMainPhase(TestCaseExecutor.java:410)
	at com.kms.katalon.core.main.TestCaseExecutor.execute(TestCaseExecutor.java:285)
	at com.kms.katalon.core.common.CommonExecutor.accessTestCaseMainPhase(CommonExecutor.java:65)
	at com.kms.katalon.core.main.TestSuiteExecutor.accessTestSuiteMainPhase(TestSuiteExecutor.java:150)
	at com.kms.katalon.core.main.TestSuiteExecutor.execute(TestSuiteExecutor.java:106)
	at com.kms.katalon.core.main.TestCaseMain.startTestSuite(TestCaseMain.java:180)
	at com.kms.katalon.core.main.TestCaseMain$startTestSuite$0.call(Unknown Source)
	at TempTestSuite1761090740538.run(TempTestSuite1761090740538.groovy:35)
	at java.base/jdk.internal.reflect.NativeMethodAccessorImpl.invoke0(Native Method)
	at java.base/jdk.internal.reflect.NativeMethodAccessorImpl.invoke(NativeMethodAccessorImpl.java:77)
	at java.base/jdk.internal.reflect.DelegatingMethodAccessorImpl.invoke(DelegatingMethodAccessorImpl.java:43)
)

21-10-2025T20:06:34 - [MESSAGE][INFO] - Unable to find the element located by 'By.xpath: /html/body/div/div[1]/button'. Please recheck the objects properties to make sure the desired element is located. 

21-10-2025T20:06:34 - [MESSAGE][WARNING] - [SELF-HEALING] Failed to find element with id 'Object Repository/FIM/Server_Notification_Close_btn'. Try using Self-healing.

21-10-2025T20:06:35 - [MESSAGE][INFO] - [SELF-HEALING] No working XPath is found.

21-10-2025T20:06:37 - [MESSAGE][INFO] - Unable to find the element located by 'By.xpath: '. Please recheck the objects properties to make sure the desired element is located. 

21-10-2025T20:06:37 - [MESSAGE][WARNING] - [SELF-HEALING] Cannot find elements when the selector is null

21-10-2025T20:06:37 - [MESSAGE][WARNING] - Web element with id: 'Object Repository/FIM/Server_Notification_Close_btn' located by '/html/body/div/div[1]/button' not found (Root cause: com.kms.katalon.core.exception.StepFailedException: Web element with id: 'Object Repository/FIM/Server_Notification_Close_btn' located by '/html/body/div/div[1]/button' not found
	at com.kms.katalon.core.webui.keyword.internal.WebUIKeywordMain.stepFailed(WebUIKeywordMain.groovy:117)
	at com.kms.katalon.core.webui.keyword.builtin.VerifyElementVisibleKeyword$_verifyElementVisible_closure1.doCall(VerifyElementVisibleKeyword.groovy:89)
	at com.kms.katalon.core.webui.keyword.builtin.VerifyElementVisibleKeyword$_verifyElementVisible_closure1.call(VerifyElementVisibleKeyword.groovy)
	at com.kms.katalon.core.webui.keyword.internal.WebUIKeywordMain.runKeyword(WebUIKeywordMain.groovy:35)
	at com.kms.katalon.core.webui.keyword.builtin.VerifyElementVisibleKeyword.verifyElementVisible(VerifyElementVisibleKeyword.groovy:97)
	at com.kms.katalon.core.webui.keyword.builtin.VerifyElementVisibleKeyword.execute(VerifyElementVisibleKeyword.groovy:67)
	at com.kms.katalon.core.keyword.internal.KeywordExecutor.executeKeywordForPlatform(KeywordExecutor.groovy:74)
	at com.kms.katalon.core.webui.keyword.WebUiBuiltInKeywords.verifyElementVisible(WebUiBuiltInKeywords.groovy:401)
	at com.kms.katalon.core.webui.keyword.WebUiBuiltInKeywords$verifyElementVisible$6.call(Unknown Source)
	at Updating Company Address.run(Updating Company Address:24)
	at com.kms.katalon.core.main.ScriptEngine.run(ScriptEngine.java:194)
	at com.kms.katalon.core.main.ScriptEngine.runScriptAsRawText(ScriptEngine.java:119)
	at com.kms.katalon.core.main.TestCaseExecutor.runScript(TestCaseExecutor.java:448)
	at com.kms.katalon.core.main.TestCaseExecutor.doExecute(TestCaseExecutor.java:439)
	at com.kms.katalon.core.main.TestCaseExecutor.processExecutionPhase(TestCaseExecutor.java:418)
	at com.kms.katalon.core.main.TestCaseExecutor.accessMainPhase(TestCaseExecutor.java:410)
	at com.kms.katalon.core.main.TestCaseExecutor.execute(TestCaseExecutor.java:285)
	at com.kms.katalon.core.common.CommonExecutor.accessTestCaseMainPhase(CommonExecutor.java:65)
	at com.kms.katalon.core.main.TestSuiteExecutor.accessTestSuiteMainPhase(TestSuiteExecutor.java:150)
	at com.kms.katalon.core.main.TestSuiteExecutor.execute(TestSuiteExecutor.java:106)
	at com.kms.katalon.core.main.TestCaseMain.startTestSuite(TestCaseMain.java:180)
	at com.kms.katalon.core.main.TestCaseMain$startTestSuite$0.call(Unknown Source)
	at TempTestSuite1761090740538.run(TempTestSuite1761090740538.groovy:35)
	at java.base/jdk.internal.reflect.NativeMethodAccessorImpl.invoke0(Native Method)
	at java.base/jdk.internal.reflect.NativeMethodAccessorImpl.invoke(NativeMethodAccessorImpl.java:77)
	at java.base/jdk.internal.reflect.DelegatingMethodAccessorImpl.invoke(DelegatingMethodAccessorImpl.java:43)
)

21-10-2025T20:06:37 - [TEST_STEP][PASSED] - delay(1): Delayed 1 second(s)

21-10-2025T20:06:38 - [MESSAGE][PASSED] - Delayed 1 second(s)

21-10-2025T20:06:38 - [TEST_STEP][PASSED] - click(findTestObject("FIM/Hamburger Menu List/Hamburger_menu")): Object: 'Object Repository/FIM/Hamburger Menu List/Hamburger_menu' is clicked on

21-10-2025T20:06:39 - [MESSAGE][PASSED] - Object: 'Object Repository/FIM/Hamburger Menu List/Hamburger_menu' is clicked on

21-10-2025T20:06:39 - [TEST_STEP][PASSED] - delay(1): Delayed 1 second(s)

21-10-2025T20:06:40 - [MESSAGE][PASSED] - Delayed 1 second(s)

21-10-2025T20:06:40 - [TEST_STEP][PASSED] - click(findTestObject("Object Repository/FIM 1.2/Hamburger Menu List/Companies_list")): Object: 'Object Repository/FIM 1.2/Hamburger Menu List/Companies_list' is clicked on

21-10-2025T20:06:40 - [MESSAGE][PASSED] - Object: 'Object Repository/FIM 1.2/Hamburger Menu List/Companies_list' is clicked on

21-10-2025T20:06:40 - [TEST_STEP][PASSED] - delay(4): Delayed 4 second(s)

21-10-2025T20:06:44 - [MESSAGE][PASSED] - Delayed 4 second(s)

21-10-2025T20:06:44 - [TEST_STEP][PASSED] - if (verifyElementVisible(findTestObject("FIM/Existing Page with Pending Changes Close_btn"), OPTIONAL) == true): null

21-10-2025T20:06:44 - [MESSAGE][PASSED] - Object 'Object Repository/FIM/Existing Page with Pending Changes Close_btn' is visible

21-10-2025T20:06:44 - [TEST_STEP][PASSED] - click(findTestObject("FIM/Existing Page with Pending Changes Close_btn")): Object: 'Object Repository/FIM/Existing Page with Pending Changes Close_btn' is clicked on

21-10-2025T20:06:44 - [MESSAGE][PASSED] - Object: 'Object Repository/FIM/Existing Page with Pending Changes Close_btn' is clicked on

21-10-2025T20:06:44 - [TEST_STEP][PASSED] - sendKeys(findTestObject("FIM 1.2/Companies Page/Filter_input_txt"), "CBS"): Keys 'CBS' sent to object: 'Object Repository/FIM 1.2/Companies Page/Filter_input_txt'

21-10-2025T20:06:44 - [MESSAGE][PASSED] - Keys 'CBS' sent to object: 'Object Repository/FIM 1.2/Companies Page/Filter_input_txt'

21-10-2025T20:06:44 - [TEST_STEP][PASSED] - delay(1): Delayed 1 second(s)

21-10-2025T20:06:45 - [MESSAGE][PASSED] - Delayed 1 second(s)

21-10-2025T20:06:45 - [TEST_STEP][FAILED] - click(findTestObject("FIM 1.2/Companies Page/Edit_btn")): Unable to click on object 'Object Repository/FIM 1.2/Companies Page/Edit_btn' (Root cause: com.kms.katalon.core.exception.StepFailedException: Unable to click on object 'Object Repository/FIM 1.2/Companies Page/Edit_btn'
	at com.kms.katalon.core.webui.keyword.internal.WebUIKeywordMain.stepFailed(WebUIKeywordMain.groovy:117)
	at com.kms.katalon.core.webui.keyword.internal.WebUIKeywordMain.runKeyword(WebUIKeywordMain.groovy:43)
	at com.kms.katalon.core.webui.keyword.builtin.ClickKeyword.click(ClickKeyword.groovy:74)
	at com.kms.katalon.core.webui.keyword.builtin.ClickKeyword.execute(ClickKeyword.groovy:40)
	at com.kms.katalon.core.keyword.internal.KeywordExecutor.executeKeywordForPlatform(KeywordExecutor.groovy:74)
	at com.kms.katalon.core.webui.keyword.WebUiBuiltInKeywords.click(WebUiBuiltInKeywords.groovy:659)
	at com.kms.katalon.core.webui.keyword.WebUiBuiltInKeywords$click$4.call(Unknown Source)
	at Updating Company Address.run(Updating Company Address:47)
	at com.kms.katalon.core.main.ScriptEngine.run(ScriptEngine.java:194)
	at com.kms.katalon.core.main.ScriptEngine.runScriptAsRawText(ScriptEngine.java:119)
	at com.kms.katalon.core.main.TestCaseExecutor.runScript(TestCaseExecutor.java:448)
	at com.kms.katalon.core.main.TestCaseExecutor.doExecute(TestCaseExecutor.java:439)
	at com.kms.katalon.core.main.TestCaseExecutor.processExecutionPhase(TestCaseExecutor.java:418)
	at com.kms.katalon.core.main.TestCaseExecutor.accessMainPhase(TestCaseExecutor.java:410)
	at com.kms.katalon.core.main.TestCaseExecutor.execute(TestCaseExecutor.java:285)
	at com.kms.katalon.core.common.CommonExecutor.accessTestCaseMainPhase(CommonExecutor.java:65)
	at com.kms.katalon.core.main.TestSuiteExecutor.accessTestSuiteMainPhase(TestSuiteExecutor.java:150)
	at com.kms.katalon.core.main.TestSuiteExecutor.execute(TestSuiteExecutor.java:106)
	at com.kms.katalon.core.main.TestCaseMain.startTestSuite(TestCaseMain.java:180)
	at com.kms.katalon.core.main.TestCaseMain$startTestSuite$0.call(Unknown Source)
	at TempTestSuite1761090740538.run(TempTestSuite1761090740538.groovy:35)
	at java.base/jdk.internal.reflect.NativeMethodAccessorImpl.invoke0(Native Method)
	at java.base/jdk.internal.reflect.NativeMethodAccessorImpl.invoke(NativeMethodAccessorImpl.java:77)
	at java.base/jdk.internal.reflect.DelegatingMethodAccessorImpl.invoke(DelegatingMethodAccessorImpl.java:43)
Caused by: com.kms.katalon.core.webui.exception.WebElementNotFoundException: Web element with id: 'Object Repository/FIM 1.2/Companies Page/Edit_btn' located by '/html/body/div/div[2]/div/div/div[1]/div[3]/div/div/table/tbody/tr/td[3]/button[1]' not found
	at com.kms.katalon.core.webui.common.WebUiCommonHelper.findWebElement(WebUiCommonHelper.java:1423)
	at com.kms.katalon.core.webui.keyword.internal.WebUIAbstractKeyword.findWebElement(WebUIAbstractKeyword.groovy:27)
	at com.kms.katalon.core.webui.keyword.builtin.ClickKeyword$_click_closure1.doCall(ClickKeyword.groovy:65)
	at com.kms.katalon.core.webui.keyword.builtin.ClickKeyword$_click_closure1.call(ClickKeyword.groovy)
	at com.kms.katalon.core.webui.keyword.internal.WebUIKeywordMain.runKeyword(WebUIKeywordMain.groovy:35)
	at com.kms.katalon.core.webui.keyword.builtin.ClickKeyword.click(ClickKeyword.groovy:74)
	at com.kms.katalon.core.webui.keyword.builtin.ClickKeyword.execute(ClickKeyword.groovy:40)
	at com.kms.katalon.core.keyword.internal.KeywordExecutor.executeKeywordForPlatform(KeywordExecutor.groovy:74)
	at com.kms.katalon.core.webui.keyword.WebUiBuiltInKeywords.click(WebUiBuiltInKeywords.groovy:659)
	at com.kms.katalon.core.webui.keyword.WebUiBuiltInKeywords$click$4.call(Unknown Source)
	at Script1705351027252.run(Script1705351027252.groovy:47)
	... 16 more
)

21-10-2025T20:07:01 - [MESSAGE][INFO] - Unable to find the element located by 'By.xpath: /html/body/div/div[2]/div/div/div[1]/div[3]/div/div/table/tbody/tr/td[3]/button[1]'. Please recheck the objects properties to make sure the desired element is located. 

21-10-2025T20:07:01 - [MESSAGE][WARNING] - [SELF-HEALING] Failed to find element with id 'Object Repository/FIM 1.2/Companies Page/Edit_btn'. Try using Self-healing.

21-10-2025T20:07:02 - [MESSAGE][INFO] - [SELF-HEALING] No working XPath is found.

21-10-2025T20:07:04 - [MESSAGE][INFO] - Unable to find the element located by 'By.xpath: '. Please recheck the objects properties to make sure the desired element is located. 

21-10-2025T20:07:04 - [MESSAGE][WARNING] - [SELF-HEALING] Cannot find elements when the selector is null

21-10-2025T20:07:04 - [MESSAGE][FAILED] - Unable to click on object 'Object Repository/FIM 1.2/Companies Page/Edit_btn' (Root cause: com.kms.katalon.core.exception.StepFailedException: Unable to click on object 'Object Repository/FIM 1.2/Companies Page/Edit_btn'
	at com.kms.katalon.core.webui.keyword.internal.WebUIKeywordMain.stepFailed(WebUIKeywordMain.groovy:117)
	at com.kms.katalon.core.webui.keyword.internal.WebUIKeywordMain.runKeyword(WebUIKeywordMain.groovy:43)
	at com.kms.katalon.core.webui.keyword.builtin.ClickKeyword.click(ClickKeyword.groovy:74)
	at com.kms.katalon.core.webui.keyword.builtin.ClickKeyword.execute(ClickKeyword.groovy:40)
	at com.kms.katalon.core.keyword.internal.KeywordExecutor.executeKeywordForPlatform(KeywordExecutor.groovy:74)
	at com.kms.katalon.core.webui.keyword.WebUiBuiltInKeywords.click(WebUiBuiltInKeywords.groovy:659)
	at com.kms.katalon.core.webui.keyword.WebUiBuiltInKeywords$click$4.call(Unknown Source)
	at Updating Company Address.run(Updating Company Address:47)
	at com.kms.katalon.core.main.ScriptEngine.run(ScriptEngine.java:194)
	at com.kms.katalon.core.main.ScriptEngine.runScriptAsRawText(ScriptEngine.java:119)
	at com.kms.katalon.core.main.TestCaseExecutor.runScript(TestCaseExecutor.java:448)
	at com.kms.katalon.core.main.TestCaseExecutor.doExecute(TestCaseExecutor.java:439)
	at com.kms.katalon.core.main.TestCaseExecutor.processExecutionPhase(TestCaseExecutor.java:418)
	at com.kms.katalon.core.main.TestCaseExecutor.accessMainPhase(TestCaseExecutor.java:410)
	at com.kms.katalon.core.main.TestCaseExecutor.execute(TestCaseExecutor.java:285)
	at com.kms.katalon.core.common.CommonExecutor.accessTestCaseMainPhase(CommonExecutor.java:65)
	at com.kms.katalon.core.main.TestSuiteExecutor.accessTestSuiteMainPhase(TestSuiteExecutor.java:150)
	at com.kms.katalon.core.main.TestSuiteExecutor.execute(TestSuiteExecutor.java:106)
	at com.kms.katalon.core.main.TestCaseMain.startTestSuite(TestCaseMain.java:180)
	at com.kms.katalon.core.main.TestCaseMain$startTestSuite$0.call(Unknown Source)
	at TempTestSuite1761090740538.run(TempTestSuite1761090740538.groovy:35)
	at java.base/jdk.internal.reflect.NativeMethodAccessorImpl.invoke0(Native Method)
	at java.base/jdk.internal.reflect.NativeMethodAccessorImpl.invoke(NativeMethodAccessorImpl.java:77)
	at java.base/jdk.internal.reflect.DelegatingMethodAccessorImpl.invoke(DelegatingMethodAccessorImpl.java:43)
Caused by: com.kms.katalon.core.webui.exception.WebElementNotFoundException: Web element with id: 'Object Repository/FIM 1.2/Companies Page/Edit_btn' located by '/html/body/div/div[2]/div/div/div[1]/div[3]/div/div/table/tbody/tr/td[3]/button[1]' not found
	at com.kms.katalon.core.webui.common.WebUiCommonHelper.findWebElement(WebUiCommonHelper.java:1423)
	at com.kms.katalon.core.webui.keyword.internal.WebUIAbstractKeyword.findWebElement(WebUIAbstractKeyword.groovy:27)
	at com.kms.katalon.core.webui.keyword.builtin.ClickKeyword$_click_closure1.doCall(ClickKeyword.groovy:65)
	at com.kms.katalon.core.webui.keyword.builtin.ClickKeyword$_click_closure1.call(ClickKeyword.groovy)
	at com.kms.katalon.core.webui.keyword.internal.WebUIKeywordMain.runKeyword(WebUIKeywordMain.groovy:35)
	at com.kms.katalon.core.webui.keyword.builtin.ClickKeyword.click(ClickKeyword.groovy:74)
	at com.kms.katalon.core.webui.keyword.builtin.ClickKeyword.execute(ClickKeyword.groovy:40)
	at com.kms.katalon.core.keyword.internal.KeywordExecutor.executeKeywordForPlatform(KeywordExecutor.groovy:74)
	at com.kms.katalon.core.webui.keyword.WebUiBuiltInKeywords.click(WebUiBuiltInKeywords.groovy:659)
	at com.kms.katalon.core.webui.keyword.WebUiBuiltInKeywords$click$4.call(Unknown Source)
	at Script1705351027252.run(Script1705351027252.groovy:47)
	... 16 more
)

21-10-2025T20:07:04 - [TEST_STEP][PASSED] - Start listener action : retryOnDisconnect: Current window's url is: 'https://kaglogistics-inventory-management-portal.qa.thekag.com/companies/'

21-10-2025T20:07:04 - [TEST_STEP][PASSED] - tcId = testCaseContext.getTestCaseId(): null

21-10-2025T20:07:04 - [TEST_STEP][PASSED] - currentRetry = retryCounts.getOrDefault(tcId, 0): null

21-10-2025T20:07:04 - [TEST_STEP][PASSED] - if (testCaseContext.getTestCaseStatus() == "FAILED" && currentRetry < MAX_RETRIES): Current window's url is: 'https://kaglogistics-inventory-management-portal.qa.thekag.com/companies/'

21-10-2025T20:07:04 - [TEST_STEP][PASSED] - try: Current window's url is: 'https://kaglogistics-inventory-management-portal.qa.thekag.com/companies/'

21-10-2025T20:07:04 - [TEST_STEP][PASSED] - comment(Checking for WebDriver disconnect for test case: $tcId): Checking for WebDriver disconnect for test case: Test Cases/FIM/UI/KGL/Admin/Company/Updating Company Address

21-10-2025T20:07:04 - [MESSAGE][INFO] - Checking for WebDriver disconnect for test case: Test Cases/FIM/UI/KGL/Admin/Company/Updating Company Address

21-10-2025T20:07:04 - [TEST_STEP][PASSED] - getUrl(): Current window's url is: 'https://kaglogistics-inventory-management-portal.qa.thekag.com/companies/'

21-10-2025T20:07:04 - [MESSAGE][PASSED] - Current window's url is: 'https://kaglogistics-inventory-management-portal.qa.thekag.com/companies/']]></system-out>
         <system-err><![CDATA[21-10-2025T20:06:02 - [TEST_CASE][FAILED] - Test Cases/FIM/UI/KGL/Admin/Company/Updating Company Address: Test Cases/FIM/UI/KGL/Admin/Company/Updating Company Address FAILED.
Reason:
com.kms.katalon.core.exception.StepFailedException: Unable to click on object 'Object Repository/FIM 1.2/Companies Page/Edit_btn'
	at com.kms.katalon.core.webui.keyword.internal.WebUIKeywordMain.stepFailed(WebUIKeywordMain.groovy:117)
	at com.kms.katalon.core.webui.keyword.internal.WebUIKeywordMain.runKeyword(WebUIKeywordMain.groovy:43)
	at com.kms.katalon.core.webui.keyword.builtin.ClickKeyword.click(ClickKeyword.groovy:74)
	at com.kms.katalon.core.webui.keyword.builtin.ClickKeyword.execute(ClickKeyword.groovy:40)
	at com.kms.katalon.core.keyword.internal.KeywordExecutor.executeKeywordForPlatform(KeywordExecutor.groovy:74)
	at com.kms.katalon.core.webui.keyword.WebUiBuiltInKeywords.click(WebUiBuiltInKeywords.groovy:659)
	at com.kms.katalon.core.webui.keyword.WebUiBuiltInKeywords$click$4.call(Unknown Source)
	at Updating Company Address.run(Updating Company Address:47)
	at com.kms.katalon.core.main.ScriptEngine.run(ScriptEngine.java:194)
	at com.kms.katalon.core.main.ScriptEngine.runScriptAsRawText(ScriptEngine.java:119)
	at com.kms.katalon.core.main.TestCaseExecutor.runScript(TestCaseExecutor.java:448)
	at com.kms.katalon.core.main.TestCaseExecutor.doExecute(TestCaseExecutor.java:439)
	at com.kms.katalon.core.main.TestCaseExecutor.processExecutionPhase(TestCaseExecutor.java:418)
	at com.kms.katalon.core.main.TestCaseExecutor.accessMainPhase(TestCaseExecutor.java:410)
	at com.kms.katalon.core.main.TestCaseExecutor.execute(TestCaseExecutor.java:285)
	at com.kms.katalon.core.common.CommonExecutor.accessTestCaseMainPhase(CommonExecutor.java:65)
	at com.kms.katalon.core.main.TestSuiteExecutor.accessTestSuiteMainPhase(TestSuiteExecutor.java:150)
	at com.kms.katalon.core.main.TestSuiteExecutor.execute(TestSuiteExecutor.java:106)
	at com.kms.katalon.core.main.TestCaseMain.startTestSuite(TestCaseMain.java:180)
	at com.kms.katalon.core.main.TestCaseMain$startTestSuite$0.call(Unknown Source)
	at TempTestSuite1761090740538.run(TempTestSuite1761090740538.groovy:35)
	at java.base/jdk.internal.reflect.NativeMethodAccessorImpl.invoke0(Native Method)
	at java.base/jdk.internal.reflect.NativeMethodAccessorImpl.invoke(NativeMethodAccessorImpl.java:77)
	at java.base/jdk.internal.reflect.DelegatingMethodAccessorImpl.invoke(DelegatingMethodAccessorImpl.java:43)
Caused by: com.kms.katalon.core.webui.exception.WebElementNotFoundException: Web element with id: 'Object Repository/FIM 1.2/Companies Page/Edit_btn' located by '/html/body/div/div[2]/div/div/div[1]/div[3]/div/div/table/tbody/tr/td[3]/button[1]' not found
	at com.kms.katalon.core.webui.common.WebUiCommonHelper.findWebElement(WebUiCommonHelper.java:1423)
	at com.kms.katalon.core.webui.keyword.internal.WebUIAbstractKeyword.findWebElement(WebUIAbstractKeyword.groovy:27)
	at com.kms.katalon.core.webui.keyword.builtin.ClickKeyword$_click_closure1.doCall(ClickKeyword.groovy:65)
	at com.kms.katalon.core.webui.keyword.builtin.ClickKeyword$_click_closure1.call(ClickKeyword.groovy)
	at com.kms.katalon.core.webui.keyword.internal.WebUIKeywordMain.runKeyword(WebUIKeywordMain.groovy:35)
	... 22 more]]></system-err>
      </testcase>
      <testcase name="Test Cases/FIM/UI/KGL/Admin/Company/Updating Company City With Special Chars" time="62.781" classname="Test Cases/FIM/UI/KGL/Admin/Company/Updating Company City With Special Chars" status="FAILED">
         <failure type="FAILED" message="Test Cases/FIM/UI/KGL/Admin/Company/Updating Company City With Special Chars FAILED.&#xa;Reason:&#xa;com.kms.katalon.core.exception.StepFailedException: Unable to click on object 'Object Repository/FIM 1.2/Companies Page/Edit_btn'&#xa;	at com.kms.katalon.core.webui.keyword.internal.WebUIKeywordMain.stepFailed(WebUIKeywordMain.groovy:117)&#xa;	at com.kms.katalon.core.webui.keyword.internal.WebUIKeywordMain.runKeyword(WebUIKeywordMain.groovy:43)&#xa;	at com.kms.katalon.core.webui.keyword.builtin.ClickKeyword.click(ClickKeyword.groovy:74)&#xa;	at com.kms.katalon.core.webui.keyword.builtin.ClickKeyword.execute(ClickKeyword.groovy:40)&#xa;	at com.kms.katalon.core.keyword.internal.KeywordExecutor.executeKeywordForPlatform(KeywordExecutor.groovy:74)&#xa;	at com.kms.katalon.core.webui.keyword.WebUiBuiltInKeywords.click(WebUiBuiltInKeywords.groovy:659)&#xa;	at com.kms.katalon.core.webui.keyword.WebUiBuiltInKeywords$click$4.call(Unknown Source)&#xa;	at Updating Company City With Special Chars.run(Updating Company City With Special Chars:47)&#xa;	at com.kms.katalon.core.main.ScriptEngine.run(ScriptEngine.java:194)&#xa;	at com.kms.katalon.core.main.ScriptEngine.runScriptAsRawText(ScriptEngine.java:119)&#xa;	at com.kms.katalon.core.main.TestCaseExecutor.runScript(TestCaseExecutor.java:448)&#xa;	at com.kms.katalon.core.main.TestCaseExecutor.doExecute(TestCaseExecutor.java:439)&#xa;	at com.kms.katalon.core.main.TestCaseExecutor.processExecutionPhase(TestCaseExecutor.java:418)&#xa;	at com.kms.katalon.core.main.TestCaseExecutor.accessMainPhase(TestCaseExecutor.java:410)&#xa;	at com.kms.katalon.core.main.TestCaseExecutor.execute(TestCaseExecutor.java:285)&#xa;	at com.kms.katalon.core.common.CommonExecutor.accessTestCaseMainPhase(CommonExecutor.java:65)&#xa;	at com.kms.katalon.core.main.TestSuiteExecutor.accessTestSuiteMainPhase(TestSuiteExecutor.java:150)&#xa;	at com.kms.katalon.core.main.TestSuiteExecutor.execute(TestSuiteExecutor.java:106)&#xa;	at com.kms.katalon.core.main.TestCaseMain.startTestSuite(TestCaseMain.java:180)&#xa;	at com.kms.katalon.core.main.TestCaseMain$startTestSuite$0.call(Unknown Source)&#xa;	at TempTestSuite1761090740538.run(TempTestSuite1761090740538.groovy:35)&#xa;	at java.base/jdk.internal.reflect.NativeMethodAccessorImpl.invoke0(Native Method)&#xa;	at java.base/jdk.internal.reflect.NativeMethodAccessorImpl.invoke(NativeMethodAccessorImpl.java:77)&#xa;	at java.base/jdk.internal.reflect.DelegatingMethodAccessorImpl.invoke(DelegatingMethodAccessorImpl.java:43)&#xa;Caused by: com.kms.katalon.core.webui.exception.WebElementNotFoundException: Web element with id: 'Object Repository/FIM 1.2/Companies Page/Edit_btn' located by '/html/body/div/div[2]/div/div/div[1]/div[3]/div/div/table/tbody/tr/td[3]/button[1]' not found&#xa;	at com.kms.katalon.core.webui.common.WebUiCommonHelper.findWebElement(WebUiCommonHelper.java:1423)&#xa;	at com.kms.katalon.core.webui.keyword.internal.WebUIAbstractKeyword.findWebElement(WebUIAbstractKeyword.groovy:27)&#xa;	at com.kms.katalon.core.webui.keyword.builtin.ClickKeyword$_click_closure1.doCall(ClickKeyword.groovy:65)&#xa;	at com.kms.katalon.core.webui.keyword.builtin.ClickKeyword$_click_closure1.call(ClickKeyword.groovy)&#xa;	at com.kms.katalon.core.webui.keyword.internal.WebUIKeywordMain.runKeyword(WebUIKeywordMain.groovy:35)&#xa;	... 22 more&#xa;"/>
         <system-out><![CDATA[21-10-2025T20:07:04 - [TEST_CASE][FAILED] - Test Cases/FIM/UI/KGL/Admin/Company/Updating Company City With Special Chars: Test Cases/FIM/UI/KGL/Admin/Company/Updating Company City With Special Chars FAILED.
Reason:
com.kms.katalon.core.exception.StepFailedException: Unable to click on object 'Object Repository/FIM 1.2/Companies Page/Edit_btn'
	at com.kms.katalon.core.webui.keyword.internal.WebUIKeywordMain.stepFailed(WebUIKeywordMain.groovy:117)
	at com.kms.katalon.core.webui.keyword.internal.WebUIKeywordMain.runKeyword(WebUIKeywordMain.groovy:43)
	at com.kms.katalon.core.webui.keyword.builtin.ClickKeyword.click(ClickKeyword.groovy:74)
	at com.kms.katalon.core.webui.keyword.builtin.ClickKeyword.execute(ClickKeyword.groovy:40)
	at com.kms.katalon.core.keyword.internal.KeywordExecutor.executeKeywordForPlatform(KeywordExecutor.groovy:74)
	at com.kms.katalon.core.webui.keyword.WebUiBuiltInKeywords.click(WebUiBuiltInKeywords.groovy:659)
	at com.kms.katalon.core.webui.keyword.WebUiBuiltInKeywords$click$4.call(Unknown Source)
	at Updating Company City With Special Chars.run(Updating Company City With Special Chars:47)
	at com.kms.katalon.core.main.ScriptEngine.run(ScriptEngine.java:194)
	at com.kms.katalon.core.main.ScriptEngine.runScriptAsRawText(ScriptEngine.java:119)
	at com.kms.katalon.core.main.TestCaseExecutor.runScript(TestCaseExecutor.java:448)
	at com.kms.katalon.core.main.TestCaseExecutor.doExecute(TestCaseExecutor.java:439)
	at com.kms.katalon.core.main.TestCaseExecutor.processExecutionPhase(TestCaseExecutor.java:418)
	at com.kms.katalon.core.main.TestCaseExecutor.accessMainPhase(TestCaseExecutor.java:410)
	at com.kms.katalon.core.main.TestCaseExecutor.execute(TestCaseExecutor.java:285)
	at com.kms.katalon.core.common.CommonExecutor.accessTestCaseMainPhase(CommonExecutor.java:65)
	at com.kms.katalon.core.main.TestSuiteExecutor.accessTestSuiteMainPhase(TestSuiteExecutor.java:150)
	at com.kms.katalon.core.main.TestSuiteExecutor.execute(TestSuiteExecutor.java:106)
	at com.kms.katalon.core.main.TestCaseMain.startTestSuite(TestCaseMain.java:180)
	at com.kms.katalon.core.main.TestCaseMain$startTestSuite$0.call(Unknown Source)
	at TempTestSuite1761090740538.run(TempTestSuite1761090740538.groovy:35)
	at java.base/jdk.internal.reflect.NativeMethodAccessorImpl.invoke0(Native Method)
	at java.base/jdk.internal.reflect.NativeMethodAccessorImpl.invoke(NativeMethodAccessorImpl.java:77)
	at java.base/jdk.internal.reflect.DelegatingMethodAccessorImpl.invoke(DelegatingMethodAccessorImpl.java:43)
Caused by: com.kms.katalon.core.webui.exception.WebElementNotFoundException: Web element with id: 'Object Repository/FIM 1.2/Companies Page/Edit_btn' located by '/html/body/div/div[2]/div/div/div[1]/div[3]/div/div/table/tbody/tr/td[3]/button[1]' not found
	at com.kms.katalon.core.webui.common.WebUiCommonHelper.findWebElement(WebUiCommonHelper.java:1423)
	at com.kms.katalon.core.webui.keyword.internal.WebUIAbstractKeyword.findWebElement(WebUIAbstractKeyword.groovy:27)
	at com.kms.katalon.core.webui.keyword.builtin.ClickKeyword$_click_closure1.doCall(ClickKeyword.groovy:65)
	at com.kms.katalon.core.webui.keyword.builtin.ClickKeyword$_click_closure1.call(ClickKeyword.groovy)
	at com.kms.katalon.core.webui.keyword.internal.WebUIKeywordMain.runKeyword(WebUIKeywordMain.groovy:35)
	... 22 more


21-10-2025T20:07:04 - [TEST_STEP][PASSED] - Start listener action : beforeTestCase: null

21-10-2025T20:07:04 - [TEST_STEP][PASSED] - addDefaultPackages(): null

21-10-2025T20:07:04 - [TEST_STEP][PASSED] - callTestCase(findTestCase("Utility Scripts/FIM KGL Admin Login"), [:], STOP_ON_FAILURE): Call Test Case 'Test Cases/Utility Scripts/FIM KGL Admin Login' successfully

21-10-2025T20:07:04 - [TEST_CASE][PASSED] - Test Cases/Utility Scripts/FIM KGL Admin Login: Test Cases/Utility Scripts/FIM KGL Admin Login

21-10-2025T20:07:04 - [TEST_STEP][PASSED] - openBrowser(""): Browser is opened with url: ''

21-10-2025T20:07:04 - [MESSAGE][WARNING] - A browser is already opened. Closing browser and opening a new one

21-10-2025T20:07:04 - [MESSAGE][INFO] - Starting 'Chrome' driver

21-10-2025T20:07:04 - [MESSAGE][INFO] - User set preference: ['args', '[--no-sandbox, --disable-gpu, --disable-dev-shm-usage]']

21-10-2025T20:07:04 - [MESSAGE][INFO] - Action delay is set to 0 milliseconds

21-10-2025T20:07:05 - [MESSAGE][PASSED] - Browser is opened with url: ''

21-10-2025T20:07:05 - [TEST_STEP][PASSED] - delay(1): Delayed 1 second(s)

21-10-2025T20:07:06 - [MESSAGE][PASSED] - Delayed 1 second(s)

21-10-2025T20:07:06 - [TEST_STEP][PASSED] - navigateToUrl(KGLCustomGroupUrl): Navigate to 'https://kaglogistics-inventory-management-portal.qa.thekag.com/custom-group/' successfully

21-10-2025T20:07:06 - [MESSAGE][PASSED] - Navigate to 'https://kaglogistics-inventory-management-portal.qa.thekag.com/custom-group/' successfully

21-10-2025T20:07:06 - [TEST_STEP][PASSED] - delay(10): Delayed 10 second(s)

21-10-2025T20:07:16 - [MESSAGE][PASSED] - Delayed 10 second(s)

21-10-2025T20:07:16 - [TEST_STEP][PASSED] - if (maximizeWindow == true): Delayed 1 second(s)

21-10-2025T20:07:16 - [TEST_STEP][PASSED] - maximizeWindow(STOP_ON_FAILURE): Current window maximized

21-10-2025T20:07:16 - [MESSAGE][PASSED] - Current window maximized

21-10-2025T20:07:16 - [TEST_STEP][PASSED] - delay(1): Delayed 1 second(s)

21-10-2025T20:07:17 - [MESSAGE][PASSED] - Delayed 1 second(s)

21-10-2025T20:07:17 - [TEST_STEP][PASSED] - waitForElementPresent(findTestObject("FIM/Username_txt"), 10): Object 'Object Repository/FIM/Username_txt' is present

21-10-2025T20:07:17 - [MESSAGE][PASSED] - Object 'Object Repository/FIM/Username_txt' is present

21-10-2025T20:07:17 - [TEST_STEP][PASSED] - setText(findTestObject("FIM/Username_txt"), FIMUsername): Text 'Chris.Sheldon+DES_QA@Thekag.com' is set on object 'Object Repository/FIM/Username_txt'

21-10-2025T20:07:18 - [MESSAGE][PASSED] - Text 'Chris.Sheldon+DES_QA@Thekag.com' is set on object 'Object Repository/FIM/Username_txt'

21-10-2025T20:07:18 - [TEST_STEP][PASSED] - delay(1): Delayed 1 second(s)

21-10-2025T20:07:19 - [MESSAGE][PASSED] - Delayed 1 second(s)

21-10-2025T20:07:19 - [TEST_STEP][PASSED] - setText(findTestObject("FIM/Password_txt"), FIMPassword): Text 'QATest!2' is set on object 'Object Repository/FIM/Password_txt'

21-10-2025T20:07:19 - [MESSAGE][PASSED] - Text 'QATest!2' is set on object 'Object Repository/FIM/Password_txt'

21-10-2025T20:07:19 - [TEST_STEP][PASSED] - delay(1): Delayed 1 second(s)

21-10-2025T20:07:20 - [MESSAGE][PASSED] - Delayed 1 second(s)

21-10-2025T20:07:20 - [TEST_STEP][PASSED] - click(findTestObject("FIM/Login_btn")): Object: 'Object Repository/FIM/Login_btn' is clicked on

21-10-2025T20:07:20 - [MESSAGE][PASSED] - Object: 'Object Repository/FIM/Login_btn' is clicked on

21-10-2025T20:07:20 - [MESSAGE][PASSED] - Call Test Case 'Test Cases/Utility Scripts/FIM KGL Admin Login' successfully

21-10-2025T20:07:20 - [TEST_STEP][PASSED] - waitForElementClickable(findTestObject("FIM 1.2/Hamburger Menu List/Hamburger_menu"), 30): Object 'Object Repository/FIM 1.2/Hamburger Menu List/Hamburger_menu' is clickable

21-10-2025T20:07:20 - [MESSAGE][PASSED] - Object 'Object Repository/FIM 1.2/Hamburger Menu List/Hamburger_menu' is clickable

21-10-2025T20:07:20 - [TEST_STEP][PASSED] - if (verifyElementVisible(findTestObject("FIM/Server_Notification_Close_btn"), OPTIONAL) == true): Web element with id: 'Object Repository/FIM/Server_Notification_Close_btn' located by '/html/body/div/div[1]/button' not found (Root cause: com.kms.katalon.core.exception.StepFailedException: Web element with id: 'Object Repository/FIM/Server_Notification_Close_btn' located by '/html/body/div/div[1]/button' not found
	at com.kms.katalon.core.webui.keyword.internal.WebUIKeywordMain.stepFailed(WebUIKeywordMain.groovy:117)
	at com.kms.katalon.core.webui.keyword.builtin.VerifyElementVisibleKeyword$_verifyElementVisible_closure1.doCall(VerifyElementVisibleKeyword.groovy:89)
	at com.kms.katalon.core.webui.keyword.builtin.VerifyElementVisibleKeyword$_verifyElementVisible_closure1.call(VerifyElementVisibleKeyword.groovy)
	at com.kms.katalon.core.webui.keyword.internal.WebUIKeywordMain.runKeyword(WebUIKeywordMain.groovy:35)
	at com.kms.katalon.core.webui.keyword.builtin.VerifyElementVisibleKeyword.verifyElementVisible(VerifyElementVisibleKeyword.groovy:97)
	at com.kms.katalon.core.webui.keyword.builtin.VerifyElementVisibleKeyword.execute(VerifyElementVisibleKeyword.groovy:67)
	at com.kms.katalon.core.keyword.internal.KeywordExecutor.executeKeywordForPlatform(KeywordExecutor.groovy:74)
	at com.kms.katalon.core.webui.keyword.WebUiBuiltInKeywords.verifyElementVisible(WebUiBuiltInKeywords.groovy:401)
	at com.kms.katalon.core.webui.keyword.WebUiBuiltInKeywords$verifyElementVisible$6.call(Unknown Source)
	at Updating Company City With Special Chars.run(Updating Company City With Special Chars:24)
	at com.kms.katalon.core.main.ScriptEngine.run(ScriptEngine.java:194)
	at com.kms.katalon.core.main.ScriptEngine.runScriptAsRawText(ScriptEngine.java:119)
	at com.kms.katalon.core.main.TestCaseExecutor.runScript(TestCaseExecutor.java:448)
	at com.kms.katalon.core.main.TestCaseExecutor.doExecute(TestCaseExecutor.java:439)
	at com.kms.katalon.core.main.TestCaseExecutor.processExecutionPhase(TestCaseExecutor.java:418)
	at com.kms.katalon.core.main.TestCaseExecutor.accessMainPhase(TestCaseExecutor.java:410)
	at com.kms.katalon.core.main.TestCaseExecutor.execute(TestCaseExecutor.java:285)
	at com.kms.katalon.core.common.CommonExecutor.accessTestCaseMainPhase(CommonExecutor.java:65)
	at com.kms.katalon.core.main.TestSuiteExecutor.accessTestSuiteMainPhase(TestSuiteExecutor.java:150)
	at com.kms.katalon.core.main.TestSuiteExecutor.execute(TestSuiteExecutor.java:106)
	at com.kms.katalon.core.main.TestCaseMain.startTestSuite(TestCaseMain.java:180)
	at com.kms.katalon.core.main.TestCaseMain$startTestSuite$0.call(Unknown Source)
	at TempTestSuite1761090740538.run(TempTestSuite1761090740538.groovy:35)
	at java.base/jdk.internal.reflect.NativeMethodAccessorImpl.invoke0(Native Method)
	at java.base/jdk.internal.reflect.NativeMethodAccessorImpl.invoke(NativeMethodAccessorImpl.java:77)
	at java.base/jdk.internal.reflect.DelegatingMethodAccessorImpl.invoke(DelegatingMethodAccessorImpl.java:43)
)

21-10-2025T20:07:36 - [MESSAGE][INFO] - Unable to find the element located by 'By.xpath: /html/body/div/div[1]/button'. Please recheck the objects properties to make sure the desired element is located. 

21-10-2025T20:07:36 - [MESSAGE][WARNING] - [SELF-HEALING] Failed to find element with id 'Object Repository/FIM/Server_Notification_Close_btn'. Try using Self-healing.

21-10-2025T20:07:37 - [MESSAGE][INFO] - [SELF-HEALING] No working XPath is found.

21-10-2025T20:07:39 - [MESSAGE][INFO] - Unable to find the element located by 'By.xpath: '. Please recheck the objects properties to make sure the desired element is located. 

21-10-2025T20:07:39 - [MESSAGE][WARNING] - [SELF-HEALING] Cannot find elements when the selector is null

21-10-2025T20:07:39 - [MESSAGE][WARNING] - Web element with id: 'Object Repository/FIM/Server_Notification_Close_btn' located by '/html/body/div/div[1]/button' not found (Root cause: com.kms.katalon.core.exception.StepFailedException: Web element with id: 'Object Repository/FIM/Server_Notification_Close_btn' located by '/html/body/div/div[1]/button' not found
	at com.kms.katalon.core.webui.keyword.internal.WebUIKeywordMain.stepFailed(WebUIKeywordMain.groovy:117)
	at com.kms.katalon.core.webui.keyword.builtin.VerifyElementVisibleKeyword$_verifyElementVisible_closure1.doCall(VerifyElementVisibleKeyword.groovy:89)
	at com.kms.katalon.core.webui.keyword.builtin.VerifyElementVisibleKeyword$_verifyElementVisible_closure1.call(VerifyElementVisibleKeyword.groovy)
	at com.kms.katalon.core.webui.keyword.internal.WebUIKeywordMain.runKeyword(WebUIKeywordMain.groovy:35)
	at com.kms.katalon.core.webui.keyword.builtin.VerifyElementVisibleKeyword.verifyElementVisible(VerifyElementVisibleKeyword.groovy:97)
	at com.kms.katalon.core.webui.keyword.builtin.VerifyElementVisibleKeyword.execute(VerifyElementVisibleKeyword.groovy:67)
	at com.kms.katalon.core.keyword.internal.KeywordExecutor.executeKeywordForPlatform(KeywordExecutor.groovy:74)
	at com.kms.katalon.core.webui.keyword.WebUiBuiltInKeywords.verifyElementVisible(WebUiBuiltInKeywords.groovy:401)
	at com.kms.katalon.core.webui.keyword.WebUiBuiltInKeywords$verifyElementVisible$6.call(Unknown Source)
	at Updating Company City With Special Chars.run(Updating Company City With Special Chars:24)
	at com.kms.katalon.core.main.ScriptEngine.run(ScriptEngine.java:194)
	at com.kms.katalon.core.main.ScriptEngine.runScriptAsRawText(ScriptEngine.java:119)
	at com.kms.katalon.core.main.TestCaseExecutor.runScript(TestCaseExecutor.java:448)
	at com.kms.katalon.core.main.TestCaseExecutor.doExecute(TestCaseExecutor.java:439)
	at com.kms.katalon.core.main.TestCaseExecutor.processExecutionPhase(TestCaseExecutor.java:418)
	at com.kms.katalon.core.main.TestCaseExecutor.accessMainPhase(TestCaseExecutor.java:410)
	at com.kms.katalon.core.main.TestCaseExecutor.execute(TestCaseExecutor.java:285)
	at com.kms.katalon.core.common.CommonExecutor.accessTestCaseMainPhase(CommonExecutor.java:65)
	at com.kms.katalon.core.main.TestSuiteExecutor.accessTestSuiteMainPhase(TestSuiteExecutor.java:150)
	at com.kms.katalon.core.main.TestSuiteExecutor.execute(TestSuiteExecutor.java:106)
	at com.kms.katalon.core.main.TestCaseMain.startTestSuite(TestCaseMain.java:180)
	at com.kms.katalon.core.main.TestCaseMain$startTestSuite$0.call(Unknown Source)
	at TempTestSuite1761090740538.run(TempTestSuite1761090740538.groovy:35)
	at java.base/jdk.internal.reflect.NativeMethodAccessorImpl.invoke0(Native Method)
	at java.base/jdk.internal.reflect.NativeMethodAccessorImpl.invoke(NativeMethodAccessorImpl.java:77)
	at java.base/jdk.internal.reflect.DelegatingMethodAccessorImpl.invoke(DelegatingMethodAccessorImpl.java:43)
)

21-10-2025T20:07:39 - [TEST_STEP][PASSED] - delay(1): Delayed 1 second(s)

21-10-2025T20:07:40 - [MESSAGE][PASSED] - Delayed 1 second(s)

21-10-2025T20:07:40 - [TEST_STEP][PASSED] - click(findTestObject("FIM/Hamburger Menu List/Hamburger_menu")): Object: 'Object Repository/FIM/Hamburger Menu List/Hamburger_menu' is clicked on

21-10-2025T20:07:40 - [MESSAGE][PASSED] - Object: 'Object Repository/FIM/Hamburger Menu List/Hamburger_menu' is clicked on

21-10-2025T20:07:40 - [TEST_STEP][PASSED] - delay(1): Delayed 1 second(s)

21-10-2025T20:07:41 - [MESSAGE][PASSED] - Delayed 1 second(s)

21-10-2025T20:07:41 - [TEST_STEP][PASSED] - click(findTestObject("Object Repository/FIM 1.2/Hamburger Menu List/Companies_list")): Object: 'Object Repository/FIM 1.2/Hamburger Menu List/Companies_list' is clicked on

21-10-2025T20:07:41 - [MESSAGE][PASSED] - Object: 'Object Repository/FIM 1.2/Hamburger Menu List/Companies_list' is clicked on

21-10-2025T20:07:41 - [TEST_STEP][PASSED] - delay(5): Delayed 5 second(s)

21-10-2025T20:07:46 - [MESSAGE][PASSED] - Delayed 5 second(s)

21-10-2025T20:07:46 - [TEST_STEP][PASSED] - if (verifyElementVisible(findTestObject("FIM/Existing Page with Pending Changes Close_btn"), OPTIONAL) == true): null

21-10-2025T20:07:46 - [MESSAGE][PASSED] - Object 'Object Repository/FIM/Existing Page with Pending Changes Close_btn' is visible

21-10-2025T20:07:46 - [TEST_STEP][PASSED] - click(findTestObject("FIM/Existing Page with Pending Changes Close_btn")): Object: 'Object Repository/FIM/Existing Page with Pending Changes Close_btn' is clicked on

21-10-2025T20:07:47 - [MESSAGE][PASSED] - Object: 'Object Repository/FIM/Existing Page with Pending Changes Close_btn' is clicked on

21-10-2025T20:07:47 - [TEST_STEP][PASSED] - sendKeys(findTestObject("FIM 1.2/Companies Page/Filter_input_txt"), "CBS"): Keys 'CBS' sent to object: 'Object Repository/FIM 1.2/Companies Page/Filter_input_txt'

21-10-2025T20:07:47 - [MESSAGE][PASSED] - Keys 'CBS' sent to object: 'Object Repository/FIM 1.2/Companies Page/Filter_input_txt'

21-10-2025T20:07:47 - [TEST_STEP][PASSED] - delay(1): Delayed 1 second(s)

21-10-2025T20:07:48 - [MESSAGE][PASSED] - Delayed 1 second(s)

21-10-2025T20:07:48 - [TEST_STEP][FAILED] - click(findTestObject("FIM 1.2/Companies Page/Edit_btn")): Unable to click on object 'Object Repository/FIM 1.2/Companies Page/Edit_btn' (Root cause: com.kms.katalon.core.exception.StepFailedException: Unable to click on object 'Object Repository/FIM 1.2/Companies Page/Edit_btn'
	at com.kms.katalon.core.webui.keyword.internal.WebUIKeywordMain.stepFailed(WebUIKeywordMain.groovy:117)
	at com.kms.katalon.core.webui.keyword.internal.WebUIKeywordMain.runKeyword(WebUIKeywordMain.groovy:43)
	at com.kms.katalon.core.webui.keyword.builtin.ClickKeyword.click(ClickKeyword.groovy:74)
	at com.kms.katalon.core.webui.keyword.builtin.ClickKeyword.execute(ClickKeyword.groovy:40)
	at com.kms.katalon.core.keyword.internal.KeywordExecutor.executeKeywordForPlatform(KeywordExecutor.groovy:74)
	at com.kms.katalon.core.webui.keyword.WebUiBuiltInKeywords.click(WebUiBuiltInKeywords.groovy:659)
	at com.kms.katalon.core.webui.keyword.WebUiBuiltInKeywords$click$4.call(Unknown Source)
	at Updating Company City With Special Chars.run(Updating Company City With Special Chars:47)
	at com.kms.katalon.core.main.ScriptEngine.run(ScriptEngine.java:194)
	at com.kms.katalon.core.main.ScriptEngine.runScriptAsRawText(ScriptEngine.java:119)
	at com.kms.katalon.core.main.TestCaseExecutor.runScript(TestCaseExecutor.java:448)
	at com.kms.katalon.core.main.TestCaseExecutor.doExecute(TestCaseExecutor.java:439)
	at com.kms.katalon.core.main.TestCaseExecutor.processExecutionPhase(TestCaseExecutor.java:418)
	at com.kms.katalon.core.main.TestCaseExecutor.accessMainPhase(TestCaseExecutor.java:410)
	at com.kms.katalon.core.main.TestCaseExecutor.execute(TestCaseExecutor.java:285)
	at com.kms.katalon.core.common.CommonExecutor.accessTestCaseMainPhase(CommonExecutor.java:65)
	at com.kms.katalon.core.main.TestSuiteExecutor.accessTestSuiteMainPhase(TestSuiteExecutor.java:150)
	at com.kms.katalon.core.main.TestSuiteExecutor.execute(TestSuiteExecutor.java:106)
	at com.kms.katalon.core.main.TestCaseMain.startTestSuite(TestCaseMain.java:180)
	at com.kms.katalon.core.main.TestCaseMain$startTestSuite$0.call(Unknown Source)
	at TempTestSuite1761090740538.run(TempTestSuite1761090740538.groovy:35)
	at java.base/jdk.internal.reflect.NativeMethodAccessorImpl.invoke0(Native Method)
	at java.base/jdk.internal.reflect.NativeMethodAccessorImpl.invoke(NativeMethodAccessorImpl.java:77)
	at java.base/jdk.internal.reflect.DelegatingMethodAccessorImpl.invoke(DelegatingMethodAccessorImpl.java:43)
Caused by: com.kms.katalon.core.webui.exception.WebElementNotFoundException: Web element with id: 'Object Repository/FIM 1.2/Companies Page/Edit_btn' located by '/html/body/div/div[2]/div/div/div[1]/div[3]/div/div/table/tbody/tr/td[3]/button[1]' not found
	at com.kms.katalon.core.webui.common.WebUiCommonHelper.findWebElement(WebUiCommonHelper.java:1423)
	at com.kms.katalon.core.webui.keyword.internal.WebUIAbstractKeyword.findWebElement(WebUIAbstractKeyword.groovy:27)
	at com.kms.katalon.core.webui.keyword.builtin.ClickKeyword$_click_closure1.doCall(ClickKeyword.groovy:65)
	at com.kms.katalon.core.webui.keyword.builtin.ClickKeyword$_click_closure1.call(ClickKeyword.groovy)
	at com.kms.katalon.core.webui.keyword.internal.WebUIKeywordMain.runKeyword(WebUIKeywordMain.groovy:35)
	at com.kms.katalon.core.webui.keyword.builtin.ClickKeyword.click(ClickKeyword.groovy:74)
	at com.kms.katalon.core.webui.keyword.builtin.ClickKeyword.execute(ClickKeyword.groovy:40)
	at com.kms.katalon.core.keyword.internal.KeywordExecutor.executeKeywordForPlatform(KeywordExecutor.groovy:74)
	at com.kms.katalon.core.webui.keyword.WebUiBuiltInKeywords.click(WebUiBuiltInKeywords.groovy:659)
	at com.kms.katalon.core.webui.keyword.WebUiBuiltInKeywords$click$4.call(Unknown Source)
	at Script1705351032841.run(Script1705351032841.groovy:47)
	... 16 more
)

21-10-2025T20:08:04 - [MESSAGE][INFO] - Unable to find the element located by 'By.xpath: /html/body/div/div[2]/div/div/div[1]/div[3]/div/div/table/tbody/tr/td[3]/button[1]'. Please recheck the objects properties to make sure the desired element is located. 

21-10-2025T20:08:04 - [MESSAGE][WARNING] - [SELF-HEALING] Failed to find element with id 'Object Repository/FIM 1.2/Companies Page/Edit_btn'. Try using Self-healing.

21-10-2025T20:08:05 - [MESSAGE][INFO] - [SELF-HEALING] No working XPath is found.

21-10-2025T20:08:07 - [MESSAGE][INFO] - Unable to find the element located by 'By.xpath: '. Please recheck the objects properties to make sure the desired element is located. 

21-10-2025T20:08:07 - [MESSAGE][WARNING] - [SELF-HEALING] Cannot find elements when the selector is null

21-10-2025T20:08:07 - [MESSAGE][FAILED] - Unable to click on object 'Object Repository/FIM 1.2/Companies Page/Edit_btn' (Root cause: com.kms.katalon.core.exception.StepFailedException: Unable to click on object 'Object Repository/FIM 1.2/Companies Page/Edit_btn'
	at com.kms.katalon.core.webui.keyword.internal.WebUIKeywordMain.stepFailed(WebUIKeywordMain.groovy:117)
	at com.kms.katalon.core.webui.keyword.internal.WebUIKeywordMain.runKeyword(WebUIKeywordMain.groovy:43)
	at com.kms.katalon.core.webui.keyword.builtin.ClickKeyword.click(ClickKeyword.groovy:74)
	at com.kms.katalon.core.webui.keyword.builtin.ClickKeyword.execute(ClickKeyword.groovy:40)
	at com.kms.katalon.core.keyword.internal.KeywordExecutor.executeKeywordForPlatform(KeywordExecutor.groovy:74)
	at com.kms.katalon.core.webui.keyword.WebUiBuiltInKeywords.click(WebUiBuiltInKeywords.groovy:659)
	at com.kms.katalon.core.webui.keyword.WebUiBuiltInKeywords$click$4.call(Unknown Source)
	at Updating Company City With Special Chars.run(Updating Company City With Special Chars:47)
	at com.kms.katalon.core.main.ScriptEngine.run(ScriptEngine.java:194)
	at com.kms.katalon.core.main.ScriptEngine.runScriptAsRawText(ScriptEngine.java:119)
	at com.kms.katalon.core.main.TestCaseExecutor.runScript(TestCaseExecutor.java:448)
	at com.kms.katalon.core.main.TestCaseExecutor.doExecute(TestCaseExecutor.java:439)
	at com.kms.katalon.core.main.TestCaseExecutor.processExecutionPhase(TestCaseExecutor.java:418)
	at com.kms.katalon.core.main.TestCaseExecutor.accessMainPhase(TestCaseExecutor.java:410)
	at com.kms.katalon.core.main.TestCaseExecutor.execute(TestCaseExecutor.java:285)
	at com.kms.katalon.core.common.CommonExecutor.accessTestCaseMainPhase(CommonExecutor.java:65)
	at com.kms.katalon.core.main.TestSuiteExecutor.accessTestSuiteMainPhase(TestSuiteExecutor.java:150)
	at com.kms.katalon.core.main.TestSuiteExecutor.execute(TestSuiteExecutor.java:106)
	at com.kms.katalon.core.main.TestCaseMain.startTestSuite(TestCaseMain.java:180)
	at com.kms.katalon.core.main.TestCaseMain$startTestSuite$0.call(Unknown Source)
	at TempTestSuite1761090740538.run(TempTestSuite1761090740538.groovy:35)
	at java.base/jdk.internal.reflect.NativeMethodAccessorImpl.invoke0(Native Method)
	at java.base/jdk.internal.reflect.NativeMethodAccessorImpl.invoke(NativeMethodAccessorImpl.java:77)
	at java.base/jdk.internal.reflect.DelegatingMethodAccessorImpl.invoke(DelegatingMethodAccessorImpl.java:43)
Caused by: com.kms.katalon.core.webui.exception.WebElementNotFoundException: Web element with id: 'Object Repository/FIM 1.2/Companies Page/Edit_btn' located by '/html/body/div/div[2]/div/div/div[1]/div[3]/div/div/table/tbody/tr/td[3]/button[1]' not found
	at com.kms.katalon.core.webui.common.WebUiCommonHelper.findWebElement(WebUiCommonHelper.java:1423)
	at com.kms.katalon.core.webui.keyword.internal.WebUIAbstractKeyword.findWebElement(WebUIAbstractKeyword.groovy:27)
	at com.kms.katalon.core.webui.keyword.builtin.ClickKeyword$_click_closure1.doCall(ClickKeyword.groovy:65)
	at com.kms.katalon.core.webui.keyword.builtin.ClickKeyword$_click_closure1.call(ClickKeyword.groovy)
	at com.kms.katalon.core.webui.keyword.internal.WebUIKeywordMain.runKeyword(WebUIKeywordMain.groovy:35)
	at com.kms.katalon.core.webui.keyword.builtin.ClickKeyword.click(ClickKeyword.groovy:74)
	at com.kms.katalon.core.webui.keyword.builtin.ClickKeyword.execute(ClickKeyword.groovy:40)
	at com.kms.katalon.core.keyword.internal.KeywordExecutor.executeKeywordForPlatform(KeywordExecutor.groovy:74)
	at com.kms.katalon.core.webui.keyword.WebUiBuiltInKeywords.click(WebUiBuiltInKeywords.groovy:659)
	at com.kms.katalon.core.webui.keyword.WebUiBuiltInKeywords$click$4.call(Unknown Source)
	at Script1705351032841.run(Script1705351032841.groovy:47)
	... 16 more
)

21-10-2025T20:08:07 - [TEST_STEP][PASSED] - Start listener action : retryOnDisconnect: Current window's url is: 'https://kaglogistics-inventory-management-portal.qa.thekag.com/companies/'

21-10-2025T20:08:07 - [TEST_STEP][PASSED] - tcId = testCaseContext.getTestCaseId(): null

21-10-2025T20:08:07 - [TEST_STEP][PASSED] - currentRetry = retryCounts.getOrDefault(tcId, 0): null

21-10-2025T20:08:07 - [TEST_STEP][PASSED] - if (testCaseContext.getTestCaseStatus() == "FAILED" && currentRetry < MAX_RETRIES): Current window's url is: 'https://kaglogistics-inventory-management-portal.qa.thekag.com/companies/'

21-10-2025T20:08:07 - [TEST_STEP][PASSED] - try: Current window's url is: 'https://kaglogistics-inventory-management-portal.qa.thekag.com/companies/'

21-10-2025T20:08:07 - [TEST_STEP][PASSED] - comment(Checking for WebDriver disconnect for test case: $tcId): Checking for WebDriver disconnect for test case: Test Cases/FIM/UI/KGL/Admin/Company/Updating Company City With Special Chars

21-10-2025T20:08:07 - [MESSAGE][INFO] - Checking for WebDriver disconnect for test case: Test Cases/FIM/UI/KGL/Admin/Company/Updating Company City With Special Chars

21-10-2025T20:08:07 - [TEST_STEP][PASSED] - getUrl(): Current window's url is: 'https://kaglogistics-inventory-management-portal.qa.thekag.com/companies/'

21-10-2025T20:08:07 - [MESSAGE][PASSED] - Current window's url is: 'https://kaglogistics-inventory-management-portal.qa.thekag.com/companies/']]></system-out>
         <system-err><![CDATA[21-10-2025T20:07:04 - [TEST_CASE][FAILED] - Test Cases/FIM/UI/KGL/Admin/Company/Updating Company City With Special Chars: Test Cases/FIM/UI/KGL/Admin/Company/Updating Company City With Special Chars FAILED.
Reason:
com.kms.katalon.core.exception.StepFailedException: Unable to click on object 'Object Repository/FIM 1.2/Companies Page/Edit_btn'
	at com.kms.katalon.core.webui.keyword.internal.WebUIKeywordMain.stepFailed(WebUIKeywordMain.groovy:117)
	at com.kms.katalon.core.webui.keyword.internal.WebUIKeywordMain.runKeyword(WebUIKeywordMain.groovy:43)
	at com.kms.katalon.core.webui.keyword.builtin.ClickKeyword.click(ClickKeyword.groovy:74)
	at com.kms.katalon.core.webui.keyword.builtin.ClickKeyword.execute(ClickKeyword.groovy:40)
	at com.kms.katalon.core.keyword.internal.KeywordExecutor.executeKeywordForPlatform(KeywordExecutor.groovy:74)
	at com.kms.katalon.core.webui.keyword.WebUiBuiltInKeywords.click(WebUiBuiltInKeywords.groovy:659)
	at com.kms.katalon.core.webui.keyword.WebUiBuiltInKeywords$click$4.call(Unknown Source)
	at Updating Company City With Special Chars.run(Updating Company City With Special Chars:47)
	at com.kms.katalon.core.main.ScriptEngine.run(ScriptEngine.java:194)
	at com.kms.katalon.core.main.ScriptEngine.runScriptAsRawText(ScriptEngine.java:119)
	at com.kms.katalon.core.main.TestCaseExecutor.runScript(TestCaseExecutor.java:448)
	at com.kms.katalon.core.main.TestCaseExecutor.doExecute(TestCaseExecutor.java:439)
	at com.kms.katalon.core.main.TestCaseExecutor.processExecutionPhase(TestCaseExecutor.java:418)
	at com.kms.katalon.core.main.TestCaseExecutor.accessMainPhase(TestCaseExecutor.java:410)
	at com.kms.katalon.core.main.TestCaseExecutor.execute(TestCaseExecutor.java:285)
	at com.kms.katalon.core.common.CommonExecutor.accessTestCaseMainPhase(CommonExecutor.java:65)
	at com.kms.katalon.core.main.TestSuiteExecutor.accessTestSuiteMainPhase(TestSuiteExecutor.java:150)
	at com.kms.katalon.core.main.TestSuiteExecutor.execute(TestSuiteExecutor.java:106)
	at com.kms.katalon.core.main.TestCaseMain.startTestSuite(TestCaseMain.java:180)
	at com.kms.katalon.core.main.TestCaseMain$startTestSuite$0.call(Unknown Source)
	at TempTestSuite1761090740538.run(TempTestSuite1761090740538.groovy:35)
	at java.base/jdk.internal.reflect.NativeMethodAccessorImpl.invoke0(Native Method)
	at java.base/jdk.internal.reflect.NativeMethodAccessorImpl.invoke(NativeMethodAccessorImpl.java:77)
	at java.base/jdk.internal.reflect.DelegatingMethodAccessorImpl.invoke(DelegatingMethodAccessorImpl.java:43)
Caused by: com.kms.katalon.core.webui.exception.WebElementNotFoundException: Web element with id: 'Object Repository/FIM 1.2/Companies Page/Edit_btn' located by '/html/body/div/div[2]/div/div/div[1]/div[3]/div/div/table/tbody/tr/td[3]/button[1]' not found
	at com.kms.katalon.core.webui.common.WebUiCommonHelper.findWebElement(WebUiCommonHelper.java:1423)
	at com.kms.katalon.core.webui.keyword.internal.WebUIAbstractKeyword.findWebElement(WebUIAbstractKeyword.groovy:27)
	at com.kms.katalon.core.webui.keyword.builtin.ClickKeyword$_click_closure1.doCall(ClickKeyword.groovy:65)
	at com.kms.katalon.core.webui.keyword.builtin.ClickKeyword$_click_closure1.call(ClickKeyword.groovy)
	at com.kms.katalon.core.webui.keyword.internal.WebUIKeywordMain.runKeyword(WebUIKeywordMain.groovy:35)
	... 22 more]]></system-err>
      </testcase>
      <testcase name="Test Cases/FIM/UI/KGL/Admin/Company/Updating Company City" time="62.621" classname="Test Cases/FIM/UI/KGL/Admin/Company/Updating Company City" status="FAILED">
         <failure type="FAILED" message="Test Cases/FIM/UI/KGL/Admin/Company/Updating Company City FAILED.&#xa;Reason:&#xa;com.kms.katalon.core.exception.StepFailedException: Unable to click on object 'Object Repository/FIM 1.2/Companies Page/Edit_btn'&#xa;	at com.kms.katalon.core.webui.keyword.internal.WebUIKeywordMain.stepFailed(WebUIKeywordMain.groovy:117)&#xa;	at com.kms.katalon.core.webui.keyword.internal.WebUIKeywordMain.runKeyword(WebUIKeywordMain.groovy:43)&#xa;	at com.kms.katalon.core.webui.keyword.builtin.ClickKeyword.click(ClickKeyword.groovy:74)&#xa;	at com.kms.katalon.core.webui.keyword.builtin.ClickKeyword.execute(ClickKeyword.groovy:40)&#xa;	at com.kms.katalon.core.keyword.internal.KeywordExecutor.executeKeywordForPlatform(KeywordExecutor.groovy:74)&#xa;	at com.kms.katalon.core.webui.keyword.WebUiBuiltInKeywords.click(WebUiBuiltInKeywords.groovy:659)&#xa;	at com.kms.katalon.core.webui.keyword.WebUiBuiltInKeywords$click$4.call(Unknown Source)&#xa;	at Updating Company City.run(Updating Company City:47)&#xa;	at com.kms.katalon.core.main.ScriptEngine.run(ScriptEngine.java:194)&#xa;	at com.kms.katalon.core.main.ScriptEngine.runScriptAsRawText(ScriptEngine.java:119)&#xa;	at com.kms.katalon.core.main.TestCaseExecutor.runScript(TestCaseExecutor.java:448)&#xa;	at com.kms.katalon.core.main.TestCaseExecutor.doExecute(TestCaseExecutor.java:439)&#xa;	at com.kms.katalon.core.main.TestCaseExecutor.processExecutionPhase(TestCaseExecutor.java:418)&#xa;	at com.kms.katalon.core.main.TestCaseExecutor.accessMainPhase(TestCaseExecutor.java:410)&#xa;	at com.kms.katalon.core.main.TestCaseExecutor.execute(TestCaseExecutor.java:285)&#xa;	at com.kms.katalon.core.common.CommonExecutor.accessTestCaseMainPhase(CommonExecutor.java:65)&#xa;	at com.kms.katalon.core.main.TestSuiteExecutor.accessTestSuiteMainPhase(TestSuiteExecutor.java:150)&#xa;	at com.kms.katalon.core.main.TestSuiteExecutor.execute(TestSuiteExecutor.java:106)&#xa;	at com.kms.katalon.core.main.TestCaseMain.startTestSuite(TestCaseMain.java:180)&#xa;	at com.kms.katalon.core.main.TestCaseMain$startTestSuite$0.call(Unknown Source)&#xa;	at TempTestSuite1761090740538.run(TempTestSuite1761090740538.groovy:35)&#xa;	at java.base/jdk.internal.reflect.NativeMethodAccessorImpl.invoke0(Native Method)&#xa;	at java.base/jdk.internal.reflect.NativeMethodAccessorImpl.invoke(NativeMethodAccessorImpl.java:77)&#xa;	at java.base/jdk.internal.reflect.DelegatingMethodAccessorImpl.invoke(DelegatingMethodAccessorImpl.java:43)&#xa;Caused by: com.kms.katalon.core.webui.exception.WebElementNotFoundException: Web element with id: 'Object Repository/FIM 1.2/Companies Page/Edit_btn' located by '/html/body/div/div[2]/div/div/div[1]/div[3]/div/div/table/tbody/tr/td[3]/button[1]' not found&#xa;	at com.kms.katalon.core.webui.common.WebUiCommonHelper.findWebElement(WebUiCommonHelper.java:1423)&#xa;	at com.kms.katalon.core.webui.keyword.internal.WebUIAbstractKeyword.findWebElement(WebUIAbstractKeyword.groovy:27)&#xa;	at com.kms.katalon.core.webui.keyword.builtin.ClickKeyword$_click_closure1.doCall(ClickKeyword.groovy:65)&#xa;	at com.kms.katalon.core.webui.keyword.builtin.ClickKeyword$_click_closure1.call(ClickKeyword.groovy)&#xa;	at com.kms.katalon.core.webui.keyword.internal.WebUIKeywordMain.runKeyword(WebUIKeywordMain.groovy:35)&#xa;	... 22 more&#xa;"/>
         <system-out><![CDATA[21-10-2025T20:08:07 - [TEST_CASE][FAILED] - Test Cases/FIM/UI/KGL/Admin/Company/Updating Company City: Test Cases/FIM/UI/KGL/Admin/Company/Updating Company City FAILED.
Reason:
com.kms.katalon.core.exception.StepFailedException: Unable to click on object 'Object Repository/FIM 1.2/Companies Page/Edit_btn'
	at com.kms.katalon.core.webui.keyword.internal.WebUIKeywordMain.stepFailed(WebUIKeywordMain.groovy:117)
	at com.kms.katalon.core.webui.keyword.internal.WebUIKeywordMain.runKeyword(WebUIKeywordMain.groovy:43)
	at com.kms.katalon.core.webui.keyword.builtin.ClickKeyword.click(ClickKeyword.groovy:74)
	at com.kms.katalon.core.webui.keyword.builtin.ClickKeyword.execute(ClickKeyword.groovy:40)
	at com.kms.katalon.core.keyword.internal.KeywordExecutor.executeKeywordForPlatform(KeywordExecutor.groovy:74)
	at com.kms.katalon.core.webui.keyword.WebUiBuiltInKeywords.click(WebUiBuiltInKeywords.groovy:659)
	at com.kms.katalon.core.webui.keyword.WebUiBuiltInKeywords$click$4.call(Unknown Source)
	at Updating Company City.run(Updating Company City:47)
	at com.kms.katalon.core.main.ScriptEngine.run(ScriptEngine.java:194)
	at com.kms.katalon.core.main.ScriptEngine.runScriptAsRawText(ScriptEngine.java:119)
	at com.kms.katalon.core.main.TestCaseExecutor.runScript(TestCaseExecutor.java:448)
	at com.kms.katalon.core.main.TestCaseExecutor.doExecute(TestCaseExecutor.java:439)
	at com.kms.katalon.core.main.TestCaseExecutor.processExecutionPhase(TestCaseExecutor.java:418)
	at com.kms.katalon.core.main.TestCaseExecutor.accessMainPhase(TestCaseExecutor.java:410)
	at com.kms.katalon.core.main.TestCaseExecutor.execute(TestCaseExecutor.java:285)
	at com.kms.katalon.core.common.CommonExecutor.accessTestCaseMainPhase(CommonExecutor.java:65)
	at com.kms.katalon.core.main.TestSuiteExecutor.accessTestSuiteMainPhase(TestSuiteExecutor.java:150)
	at com.kms.katalon.core.main.TestSuiteExecutor.execute(TestSuiteExecutor.java:106)
	at com.kms.katalon.core.main.TestCaseMain.startTestSuite(TestCaseMain.java:180)
	at com.kms.katalon.core.main.TestCaseMain$startTestSuite$0.call(Unknown Source)
	at TempTestSuite1761090740538.run(TempTestSuite1761090740538.groovy:35)
	at java.base/jdk.internal.reflect.NativeMethodAccessorImpl.invoke0(Native Method)
	at java.base/jdk.internal.reflect.NativeMethodAccessorImpl.invoke(NativeMethodAccessorImpl.java:77)
	at java.base/jdk.internal.reflect.DelegatingMethodAccessorImpl.invoke(DelegatingMethodAccessorImpl.java:43)
Caused by: com.kms.katalon.core.webui.exception.WebElementNotFoundException: Web element with id: 'Object Repository/FIM 1.2/Companies Page/Edit_btn' located by '/html/body/div/div[2]/div/div/div[1]/div[3]/div/div/table/tbody/tr/td[3]/button[1]' not found
	at com.kms.katalon.core.webui.common.WebUiCommonHelper.findWebElement(WebUiCommonHelper.java:1423)
	at com.kms.katalon.core.webui.keyword.internal.WebUIAbstractKeyword.findWebElement(WebUIAbstractKeyword.groovy:27)
	at com.kms.katalon.core.webui.keyword.builtin.ClickKeyword$_click_closure1.doCall(ClickKeyword.groovy:65)
	at com.kms.katalon.core.webui.keyword.builtin.ClickKeyword$_click_closure1.call(ClickKeyword.groovy)
	at com.kms.katalon.core.webui.keyword.internal.WebUIKeywordMain.runKeyword(WebUIKeywordMain.groovy:35)
	... 22 more


21-10-2025T20:08:07 - [TEST_STEP][PASSED] - Start listener action : beforeTestCase: null

21-10-2025T20:08:07 - [TEST_STEP][PASSED] - addDefaultPackages(): null

21-10-2025T20:08:07 - [TEST_STEP][PASSED] - callTestCase(findTestCase("Utility Scripts/FIM KGL Admin Login"), [:], STOP_ON_FAILURE): Call Test Case 'Test Cases/Utility Scripts/FIM KGL Admin Login' successfully

21-10-2025T20:08:07 - [TEST_CASE][PASSED] - Test Cases/Utility Scripts/FIM KGL Admin Login: Test Cases/Utility Scripts/FIM KGL Admin Login

21-10-2025T20:08:07 - [TEST_STEP][PASSED] - openBrowser(""): Browser is opened with url: ''

21-10-2025T20:08:07 - [MESSAGE][WARNING] - A browser is already opened. Closing browser and opening a new one

21-10-2025T20:08:07 - [MESSAGE][INFO] - Starting 'Chrome' driver

21-10-2025T20:08:07 - [MESSAGE][INFO] - User set preference: ['args', '[--no-sandbox, --disable-gpu, --disable-dev-shm-usage]']

21-10-2025T20:08:07 - [MESSAGE][INFO] - Action delay is set to 0 milliseconds

21-10-2025T20:08:08 - [MESSAGE][PASSED] - Browser is opened with url: ''

21-10-2025T20:08:08 - [TEST_STEP][PASSED] - delay(1): Delayed 1 second(s)

21-10-2025T20:08:09 - [MESSAGE][PASSED] - Delayed 1 second(s)

21-10-2025T20:08:09 - [TEST_STEP][PASSED] - navigateToUrl(KGLCustomGroupUrl): Navigate to 'https://kaglogistics-inventory-management-portal.qa.thekag.com/custom-group/' successfully

21-10-2025T20:08:09 - [MESSAGE][PASSED] - Navigate to 'https://kaglogistics-inventory-management-portal.qa.thekag.com/custom-group/' successfully

21-10-2025T20:08:09 - [TEST_STEP][PASSED] - delay(10): Delayed 10 second(s)

21-10-2025T20:08:19 - [MESSAGE][PASSED] - Delayed 10 second(s)

21-10-2025T20:08:19 - [TEST_STEP][PASSED] - if (maximizeWindow == true): Delayed 1 second(s)

21-10-2025T20:08:19 - [TEST_STEP][PASSED] - maximizeWindow(STOP_ON_FAILURE): Current window maximized

21-10-2025T20:08:19 - [MESSAGE][PASSED] - Current window maximized

21-10-2025T20:08:19 - [TEST_STEP][PASSED] - delay(1): Delayed 1 second(s)

21-10-2025T20:08:20 - [MESSAGE][PASSED] - Delayed 1 second(s)

21-10-2025T20:08:20 - [TEST_STEP][PASSED] - waitForElementPresent(findTestObject("FIM/Username_txt"), 10): Object 'Object Repository/FIM/Username_txt' is present

21-10-2025T20:08:20 - [MESSAGE][PASSED] - Object 'Object Repository/FIM/Username_txt' is present

21-10-2025T20:08:20 - [TEST_STEP][PASSED] - setText(findTestObject("FIM/Username_txt"), FIMUsername): Text 'Chris.Sheldon+DES_QA@Thekag.com' is set on object 'Object Repository/FIM/Username_txt'

21-10-2025T20:08:20 - [MESSAGE][PASSED] - Text 'Chris.Sheldon+DES_QA@Thekag.com' is set on object 'Object Repository/FIM/Username_txt'

21-10-2025T20:08:20 - [TEST_STEP][PASSED] - delay(1): Delayed 1 second(s)

21-10-2025T20:08:21 - [MESSAGE][PASSED] - Delayed 1 second(s)

21-10-2025T20:08:21 - [TEST_STEP][PASSED] - setText(findTestObject("FIM/Password_txt"), FIMPassword): Text 'QATest!2' is set on object 'Object Repository/FIM/Password_txt'

21-10-2025T20:08:22 - [MESSAGE][PASSED] - Text 'QATest!2' is set on object 'Object Repository/FIM/Password_txt'

21-10-2025T20:08:22 - [TEST_STEP][PASSED] - delay(1): Delayed 1 second(s)

21-10-2025T20:08:23 - [MESSAGE][PASSED] - Delayed 1 second(s)

21-10-2025T20:08:23 - [TEST_STEP][PASSED] - click(findTestObject("FIM/Login_btn")): Object: 'Object Repository/FIM/Login_btn' is clicked on

21-10-2025T20:08:23 - [MESSAGE][PASSED] - Object: 'Object Repository/FIM/Login_btn' is clicked on

21-10-2025T20:08:23 - [MESSAGE][PASSED] - Call Test Case 'Test Cases/Utility Scripts/FIM KGL Admin Login' successfully

21-10-2025T20:08:23 - [TEST_STEP][PASSED] - waitForElementClickable(findTestObject("FIM 1.2/Hamburger Menu List/Hamburger_menu"), 30): Object 'Object Repository/FIM 1.2/Hamburger Menu List/Hamburger_menu' is clickable

21-10-2025T20:08:23 - [MESSAGE][PASSED] - Object 'Object Repository/FIM 1.2/Hamburger Menu List/Hamburger_menu' is clickable

21-10-2025T20:08:23 - [TEST_STEP][PASSED] - if (verifyElementVisible(findTestObject("FIM/Server_Notification_Close_btn"), OPTIONAL) == true): Web element with id: 'Object Repository/FIM/Server_Notification_Close_btn' located by '/html/body/div/div[1]/button' not found (Root cause: com.kms.katalon.core.exception.StepFailedException: Web element with id: 'Object Repository/FIM/Server_Notification_Close_btn' located by '/html/body/div/div[1]/button' not found
	at com.kms.katalon.core.webui.keyword.internal.WebUIKeywordMain.stepFailed(WebUIKeywordMain.groovy:117)
	at com.kms.katalon.core.webui.keyword.builtin.VerifyElementVisibleKeyword$_verifyElementVisible_closure1.doCall(VerifyElementVisibleKeyword.groovy:89)
	at com.kms.katalon.core.webui.keyword.builtin.VerifyElementVisibleKeyword$_verifyElementVisible_closure1.call(VerifyElementVisibleKeyword.groovy)
	at com.kms.katalon.core.webui.keyword.internal.WebUIKeywordMain.runKeyword(WebUIKeywordMain.groovy:35)
	at com.kms.katalon.core.webui.keyword.builtin.VerifyElementVisibleKeyword.verifyElementVisible(VerifyElementVisibleKeyword.groovy:97)
	at com.kms.katalon.core.webui.keyword.builtin.VerifyElementVisibleKeyword.execute(VerifyElementVisibleKeyword.groovy:67)
	at com.kms.katalon.core.keyword.internal.KeywordExecutor.executeKeywordForPlatform(KeywordExecutor.groovy:74)
	at com.kms.katalon.core.webui.keyword.WebUiBuiltInKeywords.verifyElementVisible(WebUiBuiltInKeywords.groovy:401)
	at com.kms.katalon.core.webui.keyword.WebUiBuiltInKeywords$verifyElementVisible$6.call(Unknown Source)
	at Updating Company City.run(Updating Company City:24)
	at com.kms.katalon.core.main.ScriptEngine.run(ScriptEngine.java:194)
	at com.kms.katalon.core.main.ScriptEngine.runScriptAsRawText(ScriptEngine.java:119)
	at com.kms.katalon.core.main.TestCaseExecutor.runScript(TestCaseExecutor.java:448)
	at com.kms.katalon.core.main.TestCaseExecutor.doExecute(TestCaseExecutor.java:439)
	at com.kms.katalon.core.main.TestCaseExecutor.processExecutionPhase(TestCaseExecutor.java:418)
	at com.kms.katalon.core.main.TestCaseExecutor.accessMainPhase(TestCaseExecutor.java:410)
	at com.kms.katalon.core.main.TestCaseExecutor.execute(TestCaseExecutor.java:285)
	at com.kms.katalon.core.common.CommonExecutor.accessTestCaseMainPhase(CommonExecutor.java:65)
	at com.kms.katalon.core.main.TestSuiteExecutor.accessTestSuiteMainPhase(TestSuiteExecutor.java:150)
	at com.kms.katalon.core.main.TestSuiteExecutor.execute(TestSuiteExecutor.java:106)
	at com.kms.katalon.core.main.TestCaseMain.startTestSuite(TestCaseMain.java:180)
	at com.kms.katalon.core.main.TestCaseMain$startTestSuite$0.call(Unknown Source)
	at TempTestSuite1761090740538.run(TempTestSuite1761090740538.groovy:35)
	at java.base/jdk.internal.reflect.NativeMethodAccessorImpl.invoke0(Native Method)
	at java.base/jdk.internal.reflect.NativeMethodAccessorImpl.invoke(NativeMethodAccessorImpl.java:77)
	at java.base/jdk.internal.reflect.DelegatingMethodAccessorImpl.invoke(DelegatingMethodAccessorImpl.java:43)
)

21-10-2025T20:08:39 - [MESSAGE][INFO] - Unable to find the element located by 'By.xpath: /html/body/div/div[1]/button'. Please recheck the objects properties to make sure the desired element is located. 

21-10-2025T20:08:39 - [MESSAGE][WARNING] - [SELF-HEALING] Failed to find element with id 'Object Repository/FIM/Server_Notification_Close_btn'. Try using Self-healing.

21-10-2025T20:08:40 - [MESSAGE][INFO] - [SELF-HEALING] No working XPath is found.

21-10-2025T20:08:42 - [MESSAGE][INFO] - Unable to find the element located by 'By.xpath: '. Please recheck the objects properties to make sure the desired element is located. 

21-10-2025T20:08:42 - [MESSAGE][WARNING] - [SELF-HEALING] Cannot find elements when the selector is null

21-10-2025T20:08:42 - [MESSAGE][WARNING] - Web element with id: 'Object Repository/FIM/Server_Notification_Close_btn' located by '/html/body/div/div[1]/button' not found (Root cause: com.kms.katalon.core.exception.StepFailedException: Web element with id: 'Object Repository/FIM/Server_Notification_Close_btn' located by '/html/body/div/div[1]/button' not found
	at com.kms.katalon.core.webui.keyword.internal.WebUIKeywordMain.stepFailed(WebUIKeywordMain.groovy:117)
	at com.kms.katalon.core.webui.keyword.builtin.VerifyElementVisibleKeyword$_verifyElementVisible_closure1.doCall(VerifyElementVisibleKeyword.groovy:89)
	at com.kms.katalon.core.webui.keyword.builtin.VerifyElementVisibleKeyword$_verifyElementVisible_closure1.call(VerifyElementVisibleKeyword.groovy)
	at com.kms.katalon.core.webui.keyword.internal.WebUIKeywordMain.runKeyword(WebUIKeywordMain.groovy:35)
	at com.kms.katalon.core.webui.keyword.builtin.VerifyElementVisibleKeyword.verifyElementVisible(VerifyElementVisibleKeyword.groovy:97)
	at com.kms.katalon.core.webui.keyword.builtin.VerifyElementVisibleKeyword.execute(VerifyElementVisibleKeyword.groovy:67)
	at com.kms.katalon.core.keyword.internal.KeywordExecutor.executeKeywordForPlatform(KeywordExecutor.groovy:74)
	at com.kms.katalon.core.webui.keyword.WebUiBuiltInKeywords.verifyElementVisible(WebUiBuiltInKeywords.groovy:401)
	at com.kms.katalon.core.webui.keyword.WebUiBuiltInKeywords$verifyElementVisible$6.call(Unknown Source)
	at Updating Company City.run(Updating Company City:24)
	at com.kms.katalon.core.main.ScriptEngine.run(ScriptEngine.java:194)
	at com.kms.katalon.core.main.ScriptEngine.runScriptAsRawText(ScriptEngine.java:119)
	at com.kms.katalon.core.main.TestCaseExecutor.runScript(TestCaseExecutor.java:448)
	at com.kms.katalon.core.main.TestCaseExecutor.doExecute(TestCaseExecutor.java:439)
	at com.kms.katalon.core.main.TestCaseExecutor.processExecutionPhase(TestCaseExecutor.java:418)
	at com.kms.katalon.core.main.TestCaseExecutor.accessMainPhase(TestCaseExecutor.java:410)
	at com.kms.katalon.core.main.TestCaseExecutor.execute(TestCaseExecutor.java:285)
	at com.kms.katalon.core.common.CommonExecutor.accessTestCaseMainPhase(CommonExecutor.java:65)
	at com.kms.katalon.core.main.TestSuiteExecutor.accessTestSuiteMainPhase(TestSuiteExecutor.java:150)
	at com.kms.katalon.core.main.TestSuiteExecutor.execute(TestSuiteExecutor.java:106)
	at com.kms.katalon.core.main.TestCaseMain.startTestSuite(TestCaseMain.java:180)
	at com.kms.katalon.core.main.TestCaseMain$startTestSuite$0.call(Unknown Source)
	at TempTestSuite1761090740538.run(TempTestSuite1761090740538.groovy:35)
	at java.base/jdk.internal.reflect.NativeMethodAccessorImpl.invoke0(Native Method)
	at java.base/jdk.internal.reflect.NativeMethodAccessorImpl.invoke(NativeMethodAccessorImpl.java:77)
	at java.base/jdk.internal.reflect.DelegatingMethodAccessorImpl.invoke(DelegatingMethodAccessorImpl.java:43)
)

21-10-2025T20:08:42 - [TEST_STEP][PASSED] - delay(1): Delayed 1 second(s)

21-10-2025T20:08:43 - [MESSAGE][PASSED] - Delayed 1 second(s)

21-10-2025T20:08:43 - [TEST_STEP][PASSED] - click(findTestObject("FIM/Hamburger Menu List/Hamburger_menu")): Object: 'Object Repository/FIM/Hamburger Menu List/Hamburger_menu' is clicked on

21-10-2025T20:08:43 - [MESSAGE][PASSED] - Object: 'Object Repository/FIM/Hamburger Menu List/Hamburger_menu' is clicked on

21-10-2025T20:08:43 - [TEST_STEP][PASSED] - delay(1): Delayed 1 second(s)

21-10-2025T20:08:44 - [MESSAGE][PASSED] - Delayed 1 second(s)

21-10-2025T20:08:44 - [TEST_STEP][PASSED] - click(findTestObject("Object Repository/FIM 1.2/Hamburger Menu List/Companies_list")): Object: 'Object Repository/FIM 1.2/Hamburger Menu List/Companies_list' is clicked on

21-10-2025T20:08:44 - [MESSAGE][PASSED] - Object: 'Object Repository/FIM 1.2/Hamburger Menu List/Companies_list' is clicked on

21-10-2025T20:08:44 - [TEST_STEP][PASSED] - delay(5): Delayed 5 second(s)

21-10-2025T20:08:49 - [MESSAGE][PASSED] - Delayed 5 second(s)

21-10-2025T20:08:49 - [TEST_STEP][PASSED] - if (verifyElementVisible(findTestObject("FIM/Existing Page with Pending Changes Close_btn"), OPTIONAL) == true): null

21-10-2025T20:08:49 - [MESSAGE][PASSED] - Object 'Object Repository/FIM/Existing Page with Pending Changes Close_btn' is visible

21-10-2025T20:08:49 - [TEST_STEP][PASSED] - click(findTestObject("FIM/Existing Page with Pending Changes Close_btn")): Object: 'Object Repository/FIM/Existing Page with Pending Changes Close_btn' is clicked on

21-10-2025T20:08:49 - [MESSAGE][PASSED] - Object: 'Object Repository/FIM/Existing Page with Pending Changes Close_btn' is clicked on

21-10-2025T20:08:49 - [TEST_STEP][PASSED] - sendKeys(findTestObject("FIM 1.2/Companies Page/Filter_input_txt"), "CBS"): Keys 'CBS' sent to object: 'Object Repository/FIM 1.2/Companies Page/Filter_input_txt'

21-10-2025T20:08:49 - [MESSAGE][PASSED] - Keys 'CBS' sent to object: 'Object Repository/FIM 1.2/Companies Page/Filter_input_txt'

21-10-2025T20:08:49 - [TEST_STEP][PASSED] - delay(1): Delayed 1 second(s)

21-10-2025T20:08:50 - [MESSAGE][PASSED] - Delayed 1 second(s)

21-10-2025T20:08:50 - [TEST_STEP][FAILED] - click(findTestObject("FIM 1.2/Companies Page/Edit_btn")): Unable to click on object 'Object Repository/FIM 1.2/Companies Page/Edit_btn' (Root cause: com.kms.katalon.core.exception.StepFailedException: Unable to click on object 'Object Repository/FIM 1.2/Companies Page/Edit_btn'
	at com.kms.katalon.core.webui.keyword.internal.WebUIKeywordMain.stepFailed(WebUIKeywordMain.groovy:117)
	at com.kms.katalon.core.webui.keyword.internal.WebUIKeywordMain.runKeyword(WebUIKeywordMain.groovy:43)
	at com.kms.katalon.core.webui.keyword.builtin.ClickKeyword.click(ClickKeyword.groovy:74)
	at com.kms.katalon.core.webui.keyword.builtin.ClickKeyword.execute(ClickKeyword.groovy:40)
	at com.kms.katalon.core.keyword.internal.KeywordExecutor.executeKeywordForPlatform(KeywordExecutor.groovy:74)
	at com.kms.katalon.core.webui.keyword.WebUiBuiltInKeywords.click(WebUiBuiltInKeywords.groovy:659)
	at com.kms.katalon.core.webui.keyword.WebUiBuiltInKeywords$click$4.call(Unknown Source)
	at Updating Company City.run(Updating Company City:47)
	at com.kms.katalon.core.main.ScriptEngine.run(ScriptEngine.java:194)
	at com.kms.katalon.core.main.ScriptEngine.runScriptAsRawText(ScriptEngine.java:119)
	at com.kms.katalon.core.main.TestCaseExecutor.runScript(TestCaseExecutor.java:448)
	at com.kms.katalon.core.main.TestCaseExecutor.doExecute(TestCaseExecutor.java:439)
	at com.kms.katalon.core.main.TestCaseExecutor.processExecutionPhase(TestCaseExecutor.java:418)
	at com.kms.katalon.core.main.TestCaseExecutor.accessMainPhase(TestCaseExecutor.java:410)
	at com.kms.katalon.core.main.TestCaseExecutor.execute(TestCaseExecutor.java:285)
	at com.kms.katalon.core.common.CommonExecutor.accessTestCaseMainPhase(CommonExecutor.java:65)
	at com.kms.katalon.core.main.TestSuiteExecutor.accessTestSuiteMainPhase(TestSuiteExecutor.java:150)
	at com.kms.katalon.core.main.TestSuiteExecutor.execute(TestSuiteExecutor.java:106)
	at com.kms.katalon.core.main.TestCaseMain.startTestSuite(TestCaseMain.java:180)
	at com.kms.katalon.core.main.TestCaseMain$startTestSuite$0.call(Unknown Source)
	at TempTestSuite1761090740538.run(TempTestSuite1761090740538.groovy:35)
	at java.base/jdk.internal.reflect.NativeMethodAccessorImpl.invoke0(Native Method)
	at java.base/jdk.internal.reflect.NativeMethodAccessorImpl.invoke(NativeMethodAccessorImpl.java:77)
	at java.base/jdk.internal.reflect.DelegatingMethodAccessorImpl.invoke(DelegatingMethodAccessorImpl.java:43)
Caused by: com.kms.katalon.core.webui.exception.WebElementNotFoundException: Web element with id: 'Object Repository/FIM 1.2/Companies Page/Edit_btn' located by '/html/body/div/div[2]/div/div/div[1]/div[3]/div/div/table/tbody/tr/td[3]/button[1]' not found
	at com.kms.katalon.core.webui.common.WebUiCommonHelper.findWebElement(WebUiCommonHelper.java:1423)
	at com.kms.katalon.core.webui.keyword.internal.WebUIAbstractKeyword.findWebElement(WebUIAbstractKeyword.groovy:27)
	at com.kms.katalon.core.webui.keyword.builtin.ClickKeyword$_click_closure1.doCall(ClickKeyword.groovy:65)
	at com.kms.katalon.core.webui.keyword.builtin.ClickKeyword$_click_closure1.call(ClickKeyword.groovy)
	at com.kms.katalon.core.webui.keyword.internal.WebUIKeywordMain.runKeyword(WebUIKeywordMain.groovy:35)
	at com.kms.katalon.core.webui.keyword.builtin.ClickKeyword.click(ClickKeyword.groovy:74)
	at com.kms.katalon.core.webui.keyword.builtin.ClickKeyword.execute(ClickKeyword.groovy:40)
	at com.kms.katalon.core.keyword.internal.KeywordExecutor.executeKeywordForPlatform(KeywordExecutor.groovy:74)
	at com.kms.katalon.core.webui.keyword.WebUiBuiltInKeywords.click(WebUiBuiltInKeywords.groovy:659)
	at com.kms.katalon.core.webui.keyword.WebUiBuiltInKeywords$click$4.call(Unknown Source)
	at Script1705351030081.run(Script1705351030081.groovy:47)
	... 16 more
)

21-10-2025T20:09:06 - [MESSAGE][INFO] - Unable to find the element located by 'By.xpath: /html/body/div/div[2]/div/div/div[1]/div[3]/div/div/table/tbody/tr/td[3]/button[1]'. Please recheck the objects properties to make sure the desired element is located. 

21-10-2025T20:09:06 - [MESSAGE][WARNING] - [SELF-HEALING] Failed to find element with id 'Object Repository/FIM 1.2/Companies Page/Edit_btn'. Try using Self-healing.

21-10-2025T20:09:07 - [MESSAGE][INFO] - [SELF-HEALING] No working XPath is found.

21-10-2025T20:09:09 - [MESSAGE][INFO] - Unable to find the element located by 'By.xpath: '. Please recheck the objects properties to make sure the desired element is located. 

21-10-2025T20:09:09 - [MESSAGE][WARNING] - [SELF-HEALING] Cannot find elements when the selector is null

21-10-2025T20:09:09 - [MESSAGE][FAILED] - Unable to click on object 'Object Repository/FIM 1.2/Companies Page/Edit_btn' (Root cause: com.kms.katalon.core.exception.StepFailedException: Unable to click on object 'Object Repository/FIM 1.2/Companies Page/Edit_btn'
	at com.kms.katalon.core.webui.keyword.internal.WebUIKeywordMain.stepFailed(WebUIKeywordMain.groovy:117)
	at com.kms.katalon.core.webui.keyword.internal.WebUIKeywordMain.runKeyword(WebUIKeywordMain.groovy:43)
	at com.kms.katalon.core.webui.keyword.builtin.ClickKeyword.click(ClickKeyword.groovy:74)
	at com.kms.katalon.core.webui.keyword.builtin.ClickKeyword.execute(ClickKeyword.groovy:40)
	at com.kms.katalon.core.keyword.internal.KeywordExecutor.executeKeywordForPlatform(KeywordExecutor.groovy:74)
	at com.kms.katalon.core.webui.keyword.WebUiBuiltInKeywords.click(WebUiBuiltInKeywords.groovy:659)
	at com.kms.katalon.core.webui.keyword.WebUiBuiltInKeywords$click$4.call(Unknown Source)
	at Updating Company City.run(Updating Company City:47)
	at com.kms.katalon.core.main.ScriptEngine.run(ScriptEngine.java:194)
	at com.kms.katalon.core.main.ScriptEngine.runScriptAsRawText(ScriptEngine.java:119)
	at com.kms.katalon.core.main.TestCaseExecutor.runScript(TestCaseExecutor.java:448)
	at com.kms.katalon.core.main.TestCaseExecutor.doExecute(TestCaseExecutor.java:439)
	at com.kms.katalon.core.main.TestCaseExecutor.processExecutionPhase(TestCaseExecutor.java:418)
	at com.kms.katalon.core.main.TestCaseExecutor.accessMainPhase(TestCaseExecutor.java:410)
	at com.kms.katalon.core.main.TestCaseExecutor.execute(TestCaseExecutor.java:285)
	at com.kms.katalon.core.common.CommonExecutor.accessTestCaseMainPhase(CommonExecutor.java:65)
	at com.kms.katalon.core.main.TestSuiteExecutor.accessTestSuiteMainPhase(TestSuiteExecutor.java:150)
	at com.kms.katalon.core.main.TestSuiteExecutor.execute(TestSuiteExecutor.java:106)
	at com.kms.katalon.core.main.TestCaseMain.startTestSuite(TestCaseMain.java:180)
	at com.kms.katalon.core.main.TestCaseMain$startTestSuite$0.call(Unknown Source)
	at TempTestSuite1761090740538.run(TempTestSuite1761090740538.groovy:35)
	at java.base/jdk.internal.reflect.NativeMethodAccessorImpl.invoke0(Native Method)
	at java.base/jdk.internal.reflect.NativeMethodAccessorImpl.invoke(NativeMethodAccessorImpl.java:77)
	at java.base/jdk.internal.reflect.DelegatingMethodAccessorImpl.invoke(DelegatingMethodAccessorImpl.java:43)
Caused by: com.kms.katalon.core.webui.exception.WebElementNotFoundException: Web element with id: 'Object Repository/FIM 1.2/Companies Page/Edit_btn' located by '/html/body/div/div[2]/div/div/div[1]/div[3]/div/div/table/tbody/tr/td[3]/button[1]' not found
	at com.kms.katalon.core.webui.common.WebUiCommonHelper.findWebElement(WebUiCommonHelper.java:1423)
	at com.kms.katalon.core.webui.keyword.internal.WebUIAbstractKeyword.findWebElement(WebUIAbstractKeyword.groovy:27)
	at com.kms.katalon.core.webui.keyword.builtin.ClickKeyword$_click_closure1.doCall(ClickKeyword.groovy:65)
	at com.kms.katalon.core.webui.keyword.builtin.ClickKeyword$_click_closure1.call(ClickKeyword.groovy)
	at com.kms.katalon.core.webui.keyword.internal.WebUIKeywordMain.runKeyword(WebUIKeywordMain.groovy:35)
	at com.kms.katalon.core.webui.keyword.builtin.ClickKeyword.click(ClickKeyword.groovy:74)
	at com.kms.katalon.core.webui.keyword.builtin.ClickKeyword.execute(ClickKeyword.groovy:40)
	at com.kms.katalon.core.keyword.internal.KeywordExecutor.executeKeywordForPlatform(KeywordExecutor.groovy:74)
	at com.kms.katalon.core.webui.keyword.WebUiBuiltInKeywords.click(WebUiBuiltInKeywords.groovy:659)
	at com.kms.katalon.core.webui.keyword.WebUiBuiltInKeywords$click$4.call(Unknown Source)
	at Script1705351030081.run(Script1705351030081.groovy:47)
	... 16 more
)

21-10-2025T20:09:09 - [TEST_STEP][PASSED] - Start listener action : retryOnDisconnect: Current window's url is: 'https://kaglogistics-inventory-management-portal.qa.thekag.com/companies/'

21-10-2025T20:09:09 - [TEST_STEP][PASSED] - tcId = testCaseContext.getTestCaseId(): null

21-10-2025T20:09:09 - [TEST_STEP][PASSED] - currentRetry = retryCounts.getOrDefault(tcId, 0): null

21-10-2025T20:09:09 - [TEST_STEP][PASSED] - if (testCaseContext.getTestCaseStatus() == "FAILED" && currentRetry < MAX_RETRIES): Current window's url is: 'https://kaglogistics-inventory-management-portal.qa.thekag.com/companies/'

21-10-2025T20:09:09 - [TEST_STEP][PASSED] - try: Current window's url is: 'https://kaglogistics-inventory-management-portal.qa.thekag.com/companies/'

21-10-2025T20:09:09 - [TEST_STEP][PASSED] - comment(Checking for WebDriver disconnect for test case: $tcId): Checking for WebDriver disconnect for test case: Test Cases/FIM/UI/KGL/Admin/Company/Updating Company City

21-10-2025T20:09:09 - [MESSAGE][INFO] - Checking for WebDriver disconnect for test case: Test Cases/FIM/UI/KGL/Admin/Company/Updating Company City

21-10-2025T20:09:09 - [TEST_STEP][PASSED] - getUrl(): Current window's url is: 'https://kaglogistics-inventory-management-portal.qa.thekag.com/companies/'

21-10-2025T20:09:09 - [MESSAGE][PASSED] - Current window's url is: 'https://kaglogistics-inventory-management-portal.qa.thekag.com/companies/']]></system-out>
         <system-err><![CDATA[21-10-2025T20:08:07 - [TEST_CASE][FAILED] - Test Cases/FIM/UI/KGL/Admin/Company/Updating Company City: Test Cases/FIM/UI/KGL/Admin/Company/Updating Company City FAILED.
Reason:
com.kms.katalon.core.exception.StepFailedException: Unable to click on object 'Object Repository/FIM 1.2/Companies Page/Edit_btn'
	at com.kms.katalon.core.webui.keyword.internal.WebUIKeywordMain.stepFailed(WebUIKeywordMain.groovy:117)
	at com.kms.katalon.core.webui.keyword.internal.WebUIKeywordMain.runKeyword(WebUIKeywordMain.groovy:43)
	at com.kms.katalon.core.webui.keyword.builtin.ClickKeyword.click(ClickKeyword.groovy:74)
	at com.kms.katalon.core.webui.keyword.builtin.ClickKeyword.execute(ClickKeyword.groovy:40)
	at com.kms.katalon.core.keyword.internal.KeywordExecutor.executeKeywordForPlatform(KeywordExecutor.groovy:74)
	at com.kms.katalon.core.webui.keyword.WebUiBuiltInKeywords.click(WebUiBuiltInKeywords.groovy:659)
	at com.kms.katalon.core.webui.keyword.WebUiBuiltInKeywords$click$4.call(Unknown Source)
	at Updating Company City.run(Updating Company City:47)
	at com.kms.katalon.core.main.ScriptEngine.run(ScriptEngine.java:194)
	at com.kms.katalon.core.main.ScriptEngine.runScriptAsRawText(ScriptEngine.java:119)
	at com.kms.katalon.core.main.TestCaseExecutor.runScript(TestCaseExecutor.java:448)
	at com.kms.katalon.core.main.TestCaseExecutor.doExecute(TestCaseExecutor.java:439)
	at com.kms.katalon.core.main.TestCaseExecutor.processExecutionPhase(TestCaseExecutor.java:418)
	at com.kms.katalon.core.main.TestCaseExecutor.accessMainPhase(TestCaseExecutor.java:410)
	at com.kms.katalon.core.main.TestCaseExecutor.execute(TestCaseExecutor.java:285)
	at com.kms.katalon.core.common.CommonExecutor.accessTestCaseMainPhase(CommonExecutor.java:65)
	at com.kms.katalon.core.main.TestSuiteExecutor.accessTestSuiteMainPhase(TestSuiteExecutor.java:150)
	at com.kms.katalon.core.main.TestSuiteExecutor.execute(TestSuiteExecutor.java:106)
	at com.kms.katalon.core.main.TestCaseMain.startTestSuite(TestCaseMain.java:180)
	at com.kms.katalon.core.main.TestCaseMain$startTestSuite$0.call(Unknown Source)
	at TempTestSuite1761090740538.run(TempTestSuite1761090740538.groovy:35)
	at java.base/jdk.internal.reflect.NativeMethodAccessorImpl.invoke0(Native Method)
	at java.base/jdk.internal.reflect.NativeMethodAccessorImpl.invoke(NativeMethodAccessorImpl.java:77)
	at java.base/jdk.internal.reflect.DelegatingMethodAccessorImpl.invoke(DelegatingMethodAccessorImpl.java:43)
Caused by: com.kms.katalon.core.webui.exception.WebElementNotFoundException: Web element with id: 'Object Repository/FIM 1.2/Companies Page/Edit_btn' located by '/html/body/div/div[2]/div/div/div[1]/div[3]/div/div/table/tbody/tr/td[3]/button[1]' not found
	at com.kms.katalon.core.webui.common.WebUiCommonHelper.findWebElement(WebUiCommonHelper.java:1423)
	at com.kms.katalon.core.webui.keyword.internal.WebUIAbstractKeyword.findWebElement(WebUIAbstractKeyword.groovy:27)
	at com.kms.katalon.core.webui.keyword.builtin.ClickKeyword$_click_closure1.doCall(ClickKeyword.groovy:65)
	at com.kms.katalon.core.webui.keyword.builtin.ClickKeyword$_click_closure1.call(ClickKeyword.groovy)
	at com.kms.katalon.core.webui.keyword.internal.WebUIKeywordMain.runKeyword(WebUIKeywordMain.groovy:35)
	... 22 more]]></system-err>
      </testcase>
      <testcase name="Test Cases/FIM/UI/KGL/Admin/Company/Updating Company Name" time="62.708" classname="Test Cases/FIM/UI/KGL/Admin/Company/Updating Company Name" status="FAILED">
         <failure type="FAILED" message="Test Cases/FIM/UI/KGL/Admin/Company/Updating Company Name FAILED.&#xa;Reason:&#xa;com.kms.katalon.core.exception.StepFailedException: Unable to click on object 'Object Repository/FIM 1.2/Companies Page/Edit_btn'&#xa;	at com.kms.katalon.core.webui.keyword.internal.WebUIKeywordMain.stepFailed(WebUIKeywordMain.groovy:117)&#xa;	at com.kms.katalon.core.webui.keyword.internal.WebUIKeywordMain.runKeyword(WebUIKeywordMain.groovy:43)&#xa;	at com.kms.katalon.core.webui.keyword.builtin.ClickKeyword.click(ClickKeyword.groovy:74)&#xa;	at com.kms.katalon.core.webui.keyword.builtin.ClickKeyword.execute(ClickKeyword.groovy:40)&#xa;	at com.kms.katalon.core.keyword.internal.KeywordExecutor.executeKeywordForPlatform(KeywordExecutor.groovy:74)&#xa;	at com.kms.katalon.core.webui.keyword.WebUiBuiltInKeywords.click(WebUiBuiltInKeywords.groovy:659)&#xa;	at com.kms.katalon.core.webui.keyword.WebUiBuiltInKeywords$click$4.call(Unknown Source)&#xa;	at Updating Company Name.run(Updating Company Name:47)&#xa;	at com.kms.katalon.core.main.ScriptEngine.run(ScriptEngine.java:194)&#xa;	at com.kms.katalon.core.main.ScriptEngine.runScriptAsRawText(ScriptEngine.java:119)&#xa;	at com.kms.katalon.core.main.TestCaseExecutor.runScript(TestCaseExecutor.java:448)&#xa;	at com.kms.katalon.core.main.TestCaseExecutor.doExecute(TestCaseExecutor.java:439)&#xa;	at com.kms.katalon.core.main.TestCaseExecutor.processExecutionPhase(TestCaseExecutor.java:418)&#xa;	at com.kms.katalon.core.main.TestCaseExecutor.accessMainPhase(TestCaseExecutor.java:410)&#xa;	at com.kms.katalon.core.main.TestCaseExecutor.execute(TestCaseExecutor.java:285)&#xa;	at com.kms.katalon.core.common.CommonExecutor.accessTestCaseMainPhase(CommonExecutor.java:65)&#xa;	at com.kms.katalon.core.main.TestSuiteExecutor.accessTestSuiteMainPhase(TestSuiteExecutor.java:150)&#xa;	at com.kms.katalon.core.main.TestSuiteExecutor.execute(TestSuiteExecutor.java:106)&#xa;	at com.kms.katalon.core.main.TestCaseMain.startTestSuite(TestCaseMain.java:180)&#xa;	at com.kms.katalon.core.main.TestCaseMain$startTestSuite$0.call(Unknown Source)&#xa;	at TempTestSuite1761090740538.run(TempTestSuite1761090740538.groovy:35)&#xa;	at java.base/jdk.internal.reflect.NativeMethodAccessorImpl.invoke0(Native Method)&#xa;	at java.base/jdk.internal.reflect.NativeMethodAccessorImpl.invoke(NativeMethodAccessorImpl.java:77)&#xa;	at java.base/jdk.internal.reflect.DelegatingMethodAccessorImpl.invoke(DelegatingMethodAccessorImpl.java:43)&#xa;Caused by: com.kms.katalon.core.webui.exception.WebElementNotFoundException: Web element with id: 'Object Repository/FIM 1.2/Companies Page/Edit_btn' located by '/html/body/div/div[2]/div/div/div[1]/div[3]/div/div/table/tbody/tr/td[3]/button[1]' not found&#xa;	at com.kms.katalon.core.webui.common.WebUiCommonHelper.findWebElement(WebUiCommonHelper.java:1423)&#xa;	at com.kms.katalon.core.webui.keyword.internal.WebUIAbstractKeyword.findWebElement(WebUIAbstractKeyword.groovy:27)&#xa;	at com.kms.katalon.core.webui.keyword.builtin.ClickKeyword$_click_closure1.doCall(ClickKeyword.groovy:65)&#xa;	at com.kms.katalon.core.webui.keyword.builtin.ClickKeyword$_click_closure1.call(ClickKeyword.groovy)&#xa;	at com.kms.katalon.core.webui.keyword.internal.WebUIKeywordMain.runKeyword(WebUIKeywordMain.groovy:35)&#xa;	... 22 more&#xa;"/>
         <system-out><![CDATA[21-10-2025T20:09:10 - [TEST_CASE][FAILED] - Test Cases/FIM/UI/KGL/Admin/Company/Updating Company Name: Test Cases/FIM/UI/KGL/Admin/Company/Updating Company Name FAILED.
Reason:
com.kms.katalon.core.exception.StepFailedException: Unable to click on object 'Object Repository/FIM 1.2/Companies Page/Edit_btn'
	at com.kms.katalon.core.webui.keyword.internal.WebUIKeywordMain.stepFailed(WebUIKeywordMain.groovy:117)
	at com.kms.katalon.core.webui.keyword.internal.WebUIKeywordMain.runKeyword(WebUIKeywordMain.groovy:43)
	at com.kms.katalon.core.webui.keyword.builtin.ClickKeyword.click(ClickKeyword.groovy:74)
	at com.kms.katalon.core.webui.keyword.builtin.ClickKeyword.execute(ClickKeyword.groovy:40)
	at com.kms.katalon.core.keyword.internal.KeywordExecutor.executeKeywordForPlatform(KeywordExecutor.groovy:74)
	at com.kms.katalon.core.webui.keyword.WebUiBuiltInKeywords.click(WebUiBuiltInKeywords.groovy:659)
	at com.kms.katalon.core.webui.keyword.WebUiBuiltInKeywords$click$4.call(Unknown Source)
	at Updating Company Name.run(Updating Company Name:47)
	at com.kms.katalon.core.main.ScriptEngine.run(ScriptEngine.java:194)
	at com.kms.katalon.core.main.ScriptEngine.runScriptAsRawText(ScriptEngine.java:119)
	at com.kms.katalon.core.main.TestCaseExecutor.runScript(TestCaseExecutor.java:448)
	at com.kms.katalon.core.main.TestCaseExecutor.doExecute(TestCaseExecutor.java:439)
	at com.kms.katalon.core.main.TestCaseExecutor.processExecutionPhase(TestCaseExecutor.java:418)
	at com.kms.katalon.core.main.TestCaseExecutor.accessMainPhase(TestCaseExecutor.java:410)
	at com.kms.katalon.core.main.TestCaseExecutor.execute(TestCaseExecutor.java:285)
	at com.kms.katalon.core.common.CommonExecutor.accessTestCaseMainPhase(CommonExecutor.java:65)
	at com.kms.katalon.core.main.TestSuiteExecutor.accessTestSuiteMainPhase(TestSuiteExecutor.java:150)
	at com.kms.katalon.core.main.TestSuiteExecutor.execute(TestSuiteExecutor.java:106)
	at com.kms.katalon.core.main.TestCaseMain.startTestSuite(TestCaseMain.java:180)
	at com.kms.katalon.core.main.TestCaseMain$startTestSuite$0.call(Unknown Source)
	at TempTestSuite1761090740538.run(TempTestSuite1761090740538.groovy:35)
	at java.base/jdk.internal.reflect.NativeMethodAccessorImpl.invoke0(Native Method)
	at java.base/jdk.internal.reflect.NativeMethodAccessorImpl.invoke(NativeMethodAccessorImpl.java:77)
	at java.base/jdk.internal.reflect.DelegatingMethodAccessorImpl.invoke(DelegatingMethodAccessorImpl.java:43)
Caused by: com.kms.katalon.core.webui.exception.WebElementNotFoundException: Web element with id: 'Object Repository/FIM 1.2/Companies Page/Edit_btn' located by '/html/body/div/div[2]/div/div/div[1]/div[3]/div/div/table/tbody/tr/td[3]/button[1]' not found
	at com.kms.katalon.core.webui.common.WebUiCommonHelper.findWebElement(WebUiCommonHelper.java:1423)
	at com.kms.katalon.core.webui.keyword.internal.WebUIAbstractKeyword.findWebElement(WebUIAbstractKeyword.groovy:27)
	at com.kms.katalon.core.webui.keyword.builtin.ClickKeyword$_click_closure1.doCall(ClickKeyword.groovy:65)
	at com.kms.katalon.core.webui.keyword.builtin.ClickKeyword$_click_closure1.call(ClickKeyword.groovy)
	at com.kms.katalon.core.webui.keyword.internal.WebUIKeywordMain.runKeyword(WebUIKeywordMain.groovy:35)
	... 22 more


21-10-2025T20:09:10 - [TEST_STEP][PASSED] - Start listener action : beforeTestCase: null

21-10-2025T20:09:10 - [TEST_STEP][PASSED] - addDefaultPackages(): null

21-10-2025T20:09:10 - [TEST_STEP][PASSED] - callTestCase(findTestCase("Utility Scripts/FIM KGL Admin Login"), [:], STOP_ON_FAILURE): Call Test Case 'Test Cases/Utility Scripts/FIM KGL Admin Login' successfully

21-10-2025T20:09:10 - [TEST_CASE][PASSED] - Test Cases/Utility Scripts/FIM KGL Admin Login: Test Cases/Utility Scripts/FIM KGL Admin Login

21-10-2025T20:09:10 - [TEST_STEP][PASSED] - openBrowser(""): Browser is opened with url: ''

21-10-2025T20:09:10 - [MESSAGE][WARNING] - A browser is already opened. Closing browser and opening a new one

21-10-2025T20:09:10 - [MESSAGE][INFO] - Starting 'Chrome' driver

21-10-2025T20:09:10 - [MESSAGE][INFO] - User set preference: ['args', '[--no-sandbox, --disable-gpu, --disable-dev-shm-usage]']

21-10-2025T20:09:10 - [MESSAGE][INFO] - Action delay is set to 0 milliseconds

21-10-2025T20:09:11 - [MESSAGE][PASSED] - Browser is opened with url: ''

21-10-2025T20:09:11 - [TEST_STEP][PASSED] - delay(1): Delayed 1 second(s)

21-10-2025T20:09:12 - [MESSAGE][PASSED] - Delayed 1 second(s)

21-10-2025T20:09:12 - [TEST_STEP][PASSED] - navigateToUrl(KGLCustomGroupUrl): Navigate to 'https://kaglogistics-inventory-management-portal.qa.thekag.com/custom-group/' successfully

21-10-2025T20:09:12 - [MESSAGE][PASSED] - Navigate to 'https://kaglogistics-inventory-management-portal.qa.thekag.com/custom-group/' successfully

21-10-2025T20:09:12 - [TEST_STEP][PASSED] - delay(10): Delayed 10 second(s)

21-10-2025T20:09:22 - [MESSAGE][PASSED] - Delayed 10 second(s)

21-10-2025T20:09:22 - [TEST_STEP][PASSED] - if (maximizeWindow == true): Delayed 1 second(s)

21-10-2025T20:09:22 - [TEST_STEP][PASSED] - maximizeWindow(STOP_ON_FAILURE): Current window maximized

21-10-2025T20:09:22 - [MESSAGE][PASSED] - Current window maximized

21-10-2025T20:09:22 - [TEST_STEP][PASSED] - delay(1): Delayed 1 second(s)

21-10-2025T20:09:23 - [MESSAGE][PASSED] - Delayed 1 second(s)

21-10-2025T20:09:23 - [TEST_STEP][PASSED] - waitForElementPresent(findTestObject("FIM/Username_txt"), 10): Object 'Object Repository/FIM/Username_txt' is present

21-10-2025T20:09:23 - [MESSAGE][PASSED] - Object 'Object Repository/FIM/Username_txt' is present

21-10-2025T20:09:23 - [TEST_STEP][PASSED] - setText(findTestObject("FIM/Username_txt"), FIMUsername): Text 'Chris.Sheldon+DES_QA@Thekag.com' is set on object 'Object Repository/FIM/Username_txt'

21-10-2025T20:09:23 - [MESSAGE][PASSED] - Text 'Chris.Sheldon+DES_QA@Thekag.com' is set on object 'Object Repository/FIM/Username_txt'

21-10-2025T20:09:23 - [TEST_STEP][PASSED] - delay(1): Delayed 1 second(s)

21-10-2025T20:09:24 - [MESSAGE][PASSED] - Delayed 1 second(s)

21-10-2025T20:09:24 - [TEST_STEP][PASSED] - setText(findTestObject("FIM/Password_txt"), FIMPassword): Text 'QATest!2' is set on object 'Object Repository/FIM/Password_txt'

21-10-2025T20:09:24 - [MESSAGE][PASSED] - Text 'QATest!2' is set on object 'Object Repository/FIM/Password_txt'

21-10-2025T20:09:24 - [TEST_STEP][PASSED] - delay(1): Delayed 1 second(s)

21-10-2025T20:09:25 - [MESSAGE][PASSED] - Delayed 1 second(s)

21-10-2025T20:09:25 - [TEST_STEP][PASSED] - click(findTestObject("FIM/Login_btn")): Object: 'Object Repository/FIM/Login_btn' is clicked on

21-10-2025T20:09:26 - [MESSAGE][PASSED] - Object: 'Object Repository/FIM/Login_btn' is clicked on

21-10-2025T20:09:26 - [MESSAGE][PASSED] - Call Test Case 'Test Cases/Utility Scripts/FIM KGL Admin Login' successfully

21-10-2025T20:09:26 - [TEST_STEP][PASSED] - waitForElementClickable(findTestObject("FIM 1.2/Hamburger Menu List/Hamburger_menu"), 30): Object 'Object Repository/FIM 1.2/Hamburger Menu List/Hamburger_menu' is clickable

21-10-2025T20:09:26 - [MESSAGE][PASSED] - Object 'Object Repository/FIM 1.2/Hamburger Menu List/Hamburger_menu' is clickable

21-10-2025T20:09:26 - [TEST_STEP][PASSED] - if (verifyElementVisible(findTestObject("FIM/Server_Notification_Close_btn"), OPTIONAL) == true): Web element with id: 'Object Repository/FIM/Server_Notification_Close_btn' located by '/html/body/div/div[1]/button' not found (Root cause: com.kms.katalon.core.exception.StepFailedException: Web element with id: 'Object Repository/FIM/Server_Notification_Close_btn' located by '/html/body/div/div[1]/button' not found
	at com.kms.katalon.core.webui.keyword.internal.WebUIKeywordMain.stepFailed(WebUIKeywordMain.groovy:117)
	at com.kms.katalon.core.webui.keyword.builtin.VerifyElementVisibleKeyword$_verifyElementVisible_closure1.doCall(VerifyElementVisibleKeyword.groovy:89)
	at com.kms.katalon.core.webui.keyword.builtin.VerifyElementVisibleKeyword$_verifyElementVisible_closure1.call(VerifyElementVisibleKeyword.groovy)
	at com.kms.katalon.core.webui.keyword.internal.WebUIKeywordMain.runKeyword(WebUIKeywordMain.groovy:35)
	at com.kms.katalon.core.webui.keyword.builtin.VerifyElementVisibleKeyword.verifyElementVisible(VerifyElementVisibleKeyword.groovy:97)
	at com.kms.katalon.core.webui.keyword.builtin.VerifyElementVisibleKeyword.execute(VerifyElementVisibleKeyword.groovy:67)
	at com.kms.katalon.core.keyword.internal.KeywordExecutor.executeKeywordForPlatform(KeywordExecutor.groovy:74)
	at com.kms.katalon.core.webui.keyword.WebUiBuiltInKeywords.verifyElementVisible(WebUiBuiltInKeywords.groovy:401)
	at com.kms.katalon.core.webui.keyword.WebUiBuiltInKeywords$verifyElementVisible$6.call(Unknown Source)
	at Updating Company Name.run(Updating Company Name:24)
	at com.kms.katalon.core.main.ScriptEngine.run(ScriptEngine.java:194)
	at com.kms.katalon.core.main.ScriptEngine.runScriptAsRawText(ScriptEngine.java:119)
	at com.kms.katalon.core.main.TestCaseExecutor.runScript(TestCaseExecutor.java:448)
	at com.kms.katalon.core.main.TestCaseExecutor.doExecute(TestCaseExecutor.java:439)
	at com.kms.katalon.core.main.TestCaseExecutor.processExecutionPhase(TestCaseExecutor.java:418)
	at com.kms.katalon.core.main.TestCaseExecutor.accessMainPhase(TestCaseExecutor.java:410)
	at com.kms.katalon.core.main.TestCaseExecutor.execute(TestCaseExecutor.java:285)
	at com.kms.katalon.core.common.CommonExecutor.accessTestCaseMainPhase(CommonExecutor.java:65)
	at com.kms.katalon.core.main.TestSuiteExecutor.accessTestSuiteMainPhase(TestSuiteExecutor.java:150)
	at com.kms.katalon.core.main.TestSuiteExecutor.execute(TestSuiteExecutor.java:106)
	at com.kms.katalon.core.main.TestCaseMain.startTestSuite(TestCaseMain.java:180)
	at com.kms.katalon.core.main.TestCaseMain$startTestSuite$0.call(Unknown Source)
	at TempTestSuite1761090740538.run(TempTestSuite1761090740538.groovy:35)
	at java.base/jdk.internal.reflect.NativeMethodAccessorImpl.invoke0(Native Method)
	at java.base/jdk.internal.reflect.NativeMethodAccessorImpl.invoke(NativeMethodAccessorImpl.java:77)
	at java.base/jdk.internal.reflect.DelegatingMethodAccessorImpl.invoke(DelegatingMethodAccessorImpl.java:43)
)

21-10-2025T20:09:42 - [MESSAGE][INFO] - Unable to find the element located by 'By.xpath: /html/body/div/div[1]/button'. Please recheck the objects properties to make sure the desired element is located. 

21-10-2025T20:09:42 - [MESSAGE][WARNING] - [SELF-HEALING] Failed to find element with id 'Object Repository/FIM/Server_Notification_Close_btn'. Try using Self-healing.

21-10-2025T20:09:43 - [MESSAGE][INFO] - [SELF-HEALING] No working XPath is found.

21-10-2025T20:09:45 - [MESSAGE][INFO] - Unable to find the element located by 'By.xpath: '. Please recheck the objects properties to make sure the desired element is located. 

21-10-2025T20:09:45 - [MESSAGE][WARNING] - [SELF-HEALING] Cannot find elements when the selector is null

21-10-2025T20:09:45 - [MESSAGE][WARNING] - Web element with id: 'Object Repository/FIM/Server_Notification_Close_btn' located by '/html/body/div/div[1]/button' not found (Root cause: com.kms.katalon.core.exception.StepFailedException: Web element with id: 'Object Repository/FIM/Server_Notification_Close_btn' located by '/html/body/div/div[1]/button' not found
	at com.kms.katalon.core.webui.keyword.internal.WebUIKeywordMain.stepFailed(WebUIKeywordMain.groovy:117)
	at com.kms.katalon.core.webui.keyword.builtin.VerifyElementVisibleKeyword$_verifyElementVisible_closure1.doCall(VerifyElementVisibleKeyword.groovy:89)
	at com.kms.katalon.core.webui.keyword.builtin.VerifyElementVisibleKeyword$_verifyElementVisible_closure1.call(VerifyElementVisibleKeyword.groovy)
	at com.kms.katalon.core.webui.keyword.internal.WebUIKeywordMain.runKeyword(WebUIKeywordMain.groovy:35)
	at com.kms.katalon.core.webui.keyword.builtin.VerifyElementVisibleKeyword.verifyElementVisible(VerifyElementVisibleKeyword.groovy:97)
	at com.kms.katalon.core.webui.keyword.builtin.VerifyElementVisibleKeyword.execute(VerifyElementVisibleKeyword.groovy:67)
	at com.kms.katalon.core.keyword.internal.KeywordExecutor.executeKeywordForPlatform(KeywordExecutor.groovy:74)
	at com.kms.katalon.core.webui.keyword.WebUiBuiltInKeywords.verifyElementVisible(WebUiBuiltInKeywords.groovy:401)
	at com.kms.katalon.core.webui.keyword.WebUiBuiltInKeywords$verifyElementVisible$6.call(Unknown Source)
	at Updating Company Name.run(Updating Company Name:24)
	at com.kms.katalon.core.main.ScriptEngine.run(ScriptEngine.java:194)
	at com.kms.katalon.core.main.ScriptEngine.runScriptAsRawText(ScriptEngine.java:119)
	at com.kms.katalon.core.main.TestCaseExecutor.runScript(TestCaseExecutor.java:448)
	at com.kms.katalon.core.main.TestCaseExecutor.doExecute(TestCaseExecutor.java:439)
	at com.kms.katalon.core.main.TestCaseExecutor.processExecutionPhase(TestCaseExecutor.java:418)
	at com.kms.katalon.core.main.TestCaseExecutor.accessMainPhase(TestCaseExecutor.java:410)
	at com.kms.katalon.core.main.TestCaseExecutor.execute(TestCaseExecutor.java:285)
	at com.kms.katalon.core.common.CommonExecutor.accessTestCaseMainPhase(CommonExecutor.java:65)
	at com.kms.katalon.core.main.TestSuiteExecutor.accessTestSuiteMainPhase(TestSuiteExecutor.java:150)
	at com.kms.katalon.core.main.TestSuiteExecutor.execute(TestSuiteExecutor.java:106)
	at com.kms.katalon.core.main.TestCaseMain.startTestSuite(TestCaseMain.java:180)
	at com.kms.katalon.core.main.TestCaseMain$startTestSuite$0.call(Unknown Source)
	at TempTestSuite1761090740538.run(TempTestSuite1761090740538.groovy:35)
	at java.base/jdk.internal.reflect.NativeMethodAccessorImpl.invoke0(Native Method)
	at java.base/jdk.internal.reflect.NativeMethodAccessorImpl.invoke(NativeMethodAccessorImpl.java:77)
	at java.base/jdk.internal.reflect.DelegatingMethodAccessorImpl.invoke(DelegatingMethodAccessorImpl.java:43)
)

21-10-2025T20:09:45 - [TEST_STEP][PASSED] - delay(1): Delayed 1 second(s)

21-10-2025T20:09:46 - [MESSAGE][PASSED] - Delayed 1 second(s)

21-10-2025T20:09:46 - [TEST_STEP][PASSED] - click(findTestObject("FIM/Hamburger Menu List/Hamburger_menu")): Object: 'Object Repository/FIM/Hamburger Menu List/Hamburger_menu' is clicked on

21-10-2025T20:09:46 - [MESSAGE][PASSED] - Object: 'Object Repository/FIM/Hamburger Menu List/Hamburger_menu' is clicked on

21-10-2025T20:09:46 - [TEST_STEP][PASSED] - delay(1): Delayed 1 second(s)

21-10-2025T20:09:47 - [MESSAGE][PASSED] - Delayed 1 second(s)

21-10-2025T20:09:47 - [TEST_STEP][PASSED] - click(findTestObject("Object Repository/FIM 1.2/Hamburger Menu List/Companies_list")): Object: 'Object Repository/FIM 1.2/Hamburger Menu List/Companies_list' is clicked on

21-10-2025T20:09:47 - [MESSAGE][PASSED] - Object: 'Object Repository/FIM 1.2/Hamburger Menu List/Companies_list' is clicked on

21-10-2025T20:09:47 - [TEST_STEP][PASSED] - delay(5): Delayed 5 second(s)

21-10-2025T20:09:52 - [MESSAGE][PASSED] - Delayed 5 second(s)

21-10-2025T20:09:52 - [TEST_STEP][PASSED] - if (verifyElementVisible(findTestObject("FIM/Existing Page with Pending Changes Close_btn"), OPTIONAL) == true): null

21-10-2025T20:09:52 - [MESSAGE][PASSED] - Object 'Object Repository/FIM/Existing Page with Pending Changes Close_btn' is visible

21-10-2025T20:09:52 - [TEST_STEP][PASSED] - click(findTestObject("FIM/Existing Page with Pending Changes Close_btn")): Object: 'Object Repository/FIM/Existing Page with Pending Changes Close_btn' is clicked on

21-10-2025T20:09:52 - [MESSAGE][PASSED] - Object: 'Object Repository/FIM/Existing Page with Pending Changes Close_btn' is clicked on

21-10-2025T20:09:52 - [TEST_STEP][PASSED] - sendKeys(findTestObject("FIM 1.2/Companies Page/Filter_input_txt"), "CBS"): Keys 'CBS' sent to object: 'Object Repository/FIM 1.2/Companies Page/Filter_input_txt'

21-10-2025T20:09:52 - [MESSAGE][PASSED] - Keys 'CBS' sent to object: 'Object Repository/FIM 1.2/Companies Page/Filter_input_txt'

21-10-2025T20:09:52 - [TEST_STEP][PASSED] - delay(1): Delayed 1 second(s)

21-10-2025T20:09:53 - [MESSAGE][PASSED] - Delayed 1 second(s)

21-10-2025T20:09:53 - [TEST_STEP][FAILED] - click(findTestObject("FIM 1.2/Companies Page/Edit_btn")): Unable to click on object 'Object Repository/FIM 1.2/Companies Page/Edit_btn' (Root cause: com.kms.katalon.core.exception.StepFailedException: Unable to click on object 'Object Repository/FIM 1.2/Companies Page/Edit_btn'
	at com.kms.katalon.core.webui.keyword.internal.WebUIKeywordMain.stepFailed(WebUIKeywordMain.groovy:117)
	at com.kms.katalon.core.webui.keyword.internal.WebUIKeywordMain.runKeyword(WebUIKeywordMain.groovy:43)
	at com.kms.katalon.core.webui.keyword.builtin.ClickKeyword.click(ClickKeyword.groovy:74)
	at com.kms.katalon.core.webui.keyword.builtin.ClickKeyword.execute(ClickKeyword.groovy:40)
	at com.kms.katalon.core.keyword.internal.KeywordExecutor.executeKeywordForPlatform(KeywordExecutor.groovy:74)
	at com.kms.katalon.core.webui.keyword.WebUiBuiltInKeywords.click(WebUiBuiltInKeywords.groovy:659)
	at com.kms.katalon.core.webui.keyword.WebUiBuiltInKeywords$click$4.call(Unknown Source)
	at Updating Company Name.run(Updating Company Name:47)
	at com.kms.katalon.core.main.ScriptEngine.run(ScriptEngine.java:194)
	at com.kms.katalon.core.main.ScriptEngine.runScriptAsRawText(ScriptEngine.java:119)
	at com.kms.katalon.core.main.TestCaseExecutor.runScript(TestCaseExecutor.java:448)
	at com.kms.katalon.core.main.TestCaseExecutor.doExecute(TestCaseExecutor.java:439)
	at com.kms.katalon.core.main.TestCaseExecutor.processExecutionPhase(TestCaseExecutor.java:418)
	at com.kms.katalon.core.main.TestCaseExecutor.accessMainPhase(TestCaseExecutor.java:410)
	at com.kms.katalon.core.main.TestCaseExecutor.execute(TestCaseExecutor.java:285)
	at com.kms.katalon.core.common.CommonExecutor.accessTestCaseMainPhase(CommonExecutor.java:65)
	at com.kms.katalon.core.main.TestSuiteExecutor.accessTestSuiteMainPhase(TestSuiteExecutor.java:150)
	at com.kms.katalon.core.main.TestSuiteExecutor.execute(TestSuiteExecutor.java:106)
	at com.kms.katalon.core.main.TestCaseMain.startTestSuite(TestCaseMain.java:180)
	at com.kms.katalon.core.main.TestCaseMain$startTestSuite$0.call(Unknown Source)
	at TempTestSuite1761090740538.run(TempTestSuite1761090740538.groovy:35)
	at java.base/jdk.internal.reflect.NativeMethodAccessorImpl.invoke0(Native Method)
	at java.base/jdk.internal.reflect.NativeMethodAccessorImpl.invoke(NativeMethodAccessorImpl.java:77)
	at java.base/jdk.internal.reflect.DelegatingMethodAccessorImpl.invoke(DelegatingMethodAccessorImpl.java:43)
Caused by: com.kms.katalon.core.webui.exception.WebElementNotFoundException: Web element with id: 'Object Repository/FIM 1.2/Companies Page/Edit_btn' located by '/html/body/div/div[2]/div/div/div[1]/div[3]/div/div/table/tbody/tr/td[3]/button[1]' not found
	at com.kms.katalon.core.webui.common.WebUiCommonHelper.findWebElement(WebUiCommonHelper.java:1423)
	at com.kms.katalon.core.webui.keyword.internal.WebUIAbstractKeyword.findWebElement(WebUIAbstractKeyword.groovy:27)
	at com.kms.katalon.core.webui.keyword.builtin.ClickKeyword$_click_closure1.doCall(ClickKeyword.groovy:65)
	at com.kms.katalon.core.webui.keyword.builtin.ClickKeyword$_click_closure1.call(ClickKeyword.groovy)
	at com.kms.katalon.core.webui.keyword.internal.WebUIKeywordMain.runKeyword(WebUIKeywordMain.groovy:35)
	at com.kms.katalon.core.webui.keyword.builtin.ClickKeyword.click(ClickKeyword.groovy:74)
	at com.kms.katalon.core.webui.keyword.builtin.ClickKeyword.execute(ClickKeyword.groovy:40)
	at com.kms.katalon.core.keyword.internal.KeywordExecutor.executeKeywordForPlatform(KeywordExecutor.groovy:74)
	at com.kms.katalon.core.webui.keyword.WebUiBuiltInKeywords.click(WebUiBuiltInKeywords.groovy:659)
	at com.kms.katalon.core.webui.keyword.WebUiBuiltInKeywords$click$4.call(Unknown Source)
	at Script1705351035580.run(Script1705351035580.groovy:47)
	... 16 more
)

21-10-2025T20:10:09 - [MESSAGE][INFO] - Unable to find the element located by 'By.xpath: /html/body/div/div[2]/div/div/div[1]/div[3]/div/div/table/tbody/tr/td[3]/button[1]'. Please recheck the objects properties to make sure the desired element is located. 

21-10-2025T20:10:09 - [MESSAGE][WARNING] - [SELF-HEALING] Failed to find element with id 'Object Repository/FIM 1.2/Companies Page/Edit_btn'. Try using Self-healing.

21-10-2025T20:10:10 - [MESSAGE][INFO] - [SELF-HEALING] No working XPath is found.

21-10-2025T20:10:12 - [MESSAGE][INFO] - Unable to find the element located by 'By.xpath: '. Please recheck the objects properties to make sure the desired element is located. 

21-10-2025T20:10:12 - [MESSAGE][WARNING] - [SELF-HEALING] Cannot find elements when the selector is null

21-10-2025T20:10:12 - [MESSAGE][FAILED] - Unable to click on object 'Object Repository/FIM 1.2/Companies Page/Edit_btn' (Root cause: com.kms.katalon.core.exception.StepFailedException: Unable to click on object 'Object Repository/FIM 1.2/Companies Page/Edit_btn'
	at com.kms.katalon.core.webui.keyword.internal.WebUIKeywordMain.stepFailed(WebUIKeywordMain.groovy:117)
	at com.kms.katalon.core.webui.keyword.internal.WebUIKeywordMain.runKeyword(WebUIKeywordMain.groovy:43)
	at com.kms.katalon.core.webui.keyword.builtin.ClickKeyword.click(ClickKeyword.groovy:74)
	at com.kms.katalon.core.webui.keyword.builtin.ClickKeyword.execute(ClickKeyword.groovy:40)
	at com.kms.katalon.core.keyword.internal.KeywordExecutor.executeKeywordForPlatform(KeywordExecutor.groovy:74)
	at com.kms.katalon.core.webui.keyword.WebUiBuiltInKeywords.click(WebUiBuiltInKeywords.groovy:659)
	at com.kms.katalon.core.webui.keyword.WebUiBuiltInKeywords$click$4.call(Unknown Source)
	at Updating Company Name.run(Updating Company Name:47)
	at com.kms.katalon.core.main.ScriptEngine.run(ScriptEngine.java:194)
	at com.kms.katalon.core.main.ScriptEngine.runScriptAsRawText(ScriptEngine.java:119)
	at com.kms.katalon.core.main.TestCaseExecutor.runScript(TestCaseExecutor.java:448)
	at com.kms.katalon.core.main.TestCaseExecutor.doExecute(TestCaseExecutor.java:439)
	at com.kms.katalon.core.main.TestCaseExecutor.processExecutionPhase(TestCaseExecutor.java:418)
	at com.kms.katalon.core.main.TestCaseExecutor.accessMainPhase(TestCaseExecutor.java:410)
	at com.kms.katalon.core.main.TestCaseExecutor.execute(TestCaseExecutor.java:285)
	at com.kms.katalon.core.common.CommonExecutor.accessTestCaseMainPhase(CommonExecutor.java:65)
	at com.kms.katalon.core.main.TestSuiteExecutor.accessTestSuiteMainPhase(TestSuiteExecutor.java:150)
	at com.kms.katalon.core.main.TestSuiteExecutor.execute(TestSuiteExecutor.java:106)
	at com.kms.katalon.core.main.TestCaseMain.startTestSuite(TestCaseMain.java:180)
	at com.kms.katalon.core.main.TestCaseMain$startTestSuite$0.call(Unknown Source)
	at TempTestSuite1761090740538.run(TempTestSuite1761090740538.groovy:35)
	at java.base/jdk.internal.reflect.NativeMethodAccessorImpl.invoke0(Native Method)
	at java.base/jdk.internal.reflect.NativeMethodAccessorImpl.invoke(NativeMethodAccessorImpl.java:77)
	at java.base/jdk.internal.reflect.DelegatingMethodAccessorImpl.invoke(DelegatingMethodAccessorImpl.java:43)
Caused by: com.kms.katalon.core.webui.exception.WebElementNotFoundException: Web element with id: 'Object Repository/FIM 1.2/Companies Page/Edit_btn' located by '/html/body/div/div[2]/div/div/div[1]/div[3]/div/div/table/tbody/tr/td[3]/button[1]' not found
	at com.kms.katalon.core.webui.common.WebUiCommonHelper.findWebElement(WebUiCommonHelper.java:1423)
	at com.kms.katalon.core.webui.keyword.internal.WebUIAbstractKeyword.findWebElement(WebUIAbstractKeyword.groovy:27)
	at com.kms.katalon.core.webui.keyword.builtin.ClickKeyword$_click_closure1.doCall(ClickKeyword.groovy:65)
	at com.kms.katalon.core.webui.keyword.builtin.ClickKeyword$_click_closure1.call(ClickKeyword.groovy)
	at com.kms.katalon.core.webui.keyword.internal.WebUIKeywordMain.runKeyword(WebUIKeywordMain.groovy:35)
	at com.kms.katalon.core.webui.keyword.builtin.ClickKeyword.click(ClickKeyword.groovy:74)
	at com.kms.katalon.core.webui.keyword.builtin.ClickKeyword.execute(ClickKeyword.groovy:40)
	at com.kms.katalon.core.keyword.internal.KeywordExecutor.executeKeywordForPlatform(KeywordExecutor.groovy:74)
	at com.kms.katalon.core.webui.keyword.WebUiBuiltInKeywords.click(WebUiBuiltInKeywords.groovy:659)
	at com.kms.katalon.core.webui.keyword.WebUiBuiltInKeywords$click$4.call(Unknown Source)
	at Script1705351035580.run(Script1705351035580.groovy:47)
	... 16 more
)

21-10-2025T20:10:12 - [TEST_STEP][PASSED] - Start listener action : retryOnDisconnect: Current window's url is: 'https://kaglogistics-inventory-management-portal.qa.thekag.com/companies/'

21-10-2025T20:10:12 - [TEST_STEP][PASSED] - tcId = testCaseContext.getTestCaseId(): null

21-10-2025T20:10:12 - [TEST_STEP][PASSED] - currentRetry = retryCounts.getOrDefault(tcId, 0): null

21-10-2025T20:10:12 - [TEST_STEP][PASSED] - if (testCaseContext.getTestCaseStatus() == "FAILED" && currentRetry < MAX_RETRIES): Current window's url is: 'https://kaglogistics-inventory-management-portal.qa.thekag.com/companies/'

21-10-2025T20:10:12 - [TEST_STEP][PASSED] - try: Current window's url is: 'https://kaglogistics-inventory-management-portal.qa.thekag.com/companies/'

21-10-2025T20:10:12 - [TEST_STEP][PASSED] - comment(Checking for WebDriver disconnect for test case: $tcId): Checking for WebDriver disconnect for test case: Test Cases/FIM/UI/KGL/Admin/Company/Updating Company Name

21-10-2025T20:10:12 - [MESSAGE][INFO] - Checking for WebDriver disconnect for test case: Test Cases/FIM/UI/KGL/Admin/Company/Updating Company Name

21-10-2025T20:10:12 - [TEST_STEP][PASSED] - getUrl(): Current window's url is: 'https://kaglogistics-inventory-management-portal.qa.thekag.com/companies/'

21-10-2025T20:10:12 - [MESSAGE][PASSED] - Current window's url is: 'https://kaglogistics-inventory-management-portal.qa.thekag.com/companies/']]></system-out>
         <system-err><![CDATA[21-10-2025T20:09:10 - [TEST_CASE][FAILED] - Test Cases/FIM/UI/KGL/Admin/Company/Updating Company Name: Test Cases/FIM/UI/KGL/Admin/Company/Updating Company Name FAILED.
Reason:
com.kms.katalon.core.exception.StepFailedException: Unable to click on object 'Object Repository/FIM 1.2/Companies Page/Edit_btn'
	at com.kms.katalon.core.webui.keyword.internal.WebUIKeywordMain.stepFailed(WebUIKeywordMain.groovy:117)
	at com.kms.katalon.core.webui.keyword.internal.WebUIKeywordMain.runKeyword(WebUIKeywordMain.groovy:43)
	at com.kms.katalon.core.webui.keyword.builtin.ClickKeyword.click(ClickKeyword.groovy:74)
	at com.kms.katalon.core.webui.keyword.builtin.ClickKeyword.execute(ClickKeyword.groovy:40)
	at com.kms.katalon.core.keyword.internal.KeywordExecutor.executeKeywordForPlatform(KeywordExecutor.groovy:74)
	at com.kms.katalon.core.webui.keyword.WebUiBuiltInKeywords.click(WebUiBuiltInKeywords.groovy:659)
	at com.kms.katalon.core.webui.keyword.WebUiBuiltInKeywords$click$4.call(Unknown Source)
	at Updating Company Name.run(Updating Company Name:47)
	at com.kms.katalon.core.main.ScriptEngine.run(ScriptEngine.java:194)
	at com.kms.katalon.core.main.ScriptEngine.runScriptAsRawText(ScriptEngine.java:119)
	at com.kms.katalon.core.main.TestCaseExecutor.runScript(TestCaseExecutor.java:448)
	at com.kms.katalon.core.main.TestCaseExecutor.doExecute(TestCaseExecutor.java:439)
	at com.kms.katalon.core.main.TestCaseExecutor.processExecutionPhase(TestCaseExecutor.java:418)
	at com.kms.katalon.core.main.TestCaseExecutor.accessMainPhase(TestCaseExecutor.java:410)
	at com.kms.katalon.core.main.TestCaseExecutor.execute(TestCaseExecutor.java:285)
	at com.kms.katalon.core.common.CommonExecutor.accessTestCaseMainPhase(CommonExecutor.java:65)
	at com.kms.katalon.core.main.TestSuiteExecutor.accessTestSuiteMainPhase(TestSuiteExecutor.java:150)
	at com.kms.katalon.core.main.TestSuiteExecutor.execute(TestSuiteExecutor.java:106)
	at com.kms.katalon.core.main.TestCaseMain.startTestSuite(TestCaseMain.java:180)
	at com.kms.katalon.core.main.TestCaseMain$startTestSuite$0.call(Unknown Source)
	at TempTestSuite1761090740538.run(TempTestSuite1761090740538.groovy:35)
	at java.base/jdk.internal.reflect.NativeMethodAccessorImpl.invoke0(Native Method)
	at java.base/jdk.internal.reflect.NativeMethodAccessorImpl.invoke(NativeMethodAccessorImpl.java:77)
	at java.base/jdk.internal.reflect.DelegatingMethodAccessorImpl.invoke(DelegatingMethodAccessorImpl.java:43)
Caused by: com.kms.katalon.core.webui.exception.WebElementNotFoundException: Web element with id: 'Object Repository/FIM 1.2/Companies Page/Edit_btn' located by '/html/body/div/div[2]/div/div/div[1]/div[3]/div/div/table/tbody/tr/td[3]/button[1]' not found
	at com.kms.katalon.core.webui.common.WebUiCommonHelper.findWebElement(WebUiCommonHelper.java:1423)
	at com.kms.katalon.core.webui.keyword.internal.WebUIAbstractKeyword.findWebElement(WebUIAbstractKeyword.groovy:27)
	at com.kms.katalon.core.webui.keyword.builtin.ClickKeyword$_click_closure1.doCall(ClickKeyword.groovy:65)
	at com.kms.katalon.core.webui.keyword.builtin.ClickKeyword$_click_closure1.call(ClickKeyword.groovy)
	at com.kms.katalon.core.webui.keyword.internal.WebUIKeywordMain.runKeyword(WebUIKeywordMain.groovy:35)
	... 22 more]]></system-err>
      </testcase>
      <testcase name="Test Cases/FIM/UI/KGL/Admin/Company/Updating Company Phone Number" time="62.832" classname="Test Cases/FIM/UI/KGL/Admin/Company/Updating Company Phone Number" status="FAILED">
         <failure type="FAILED" message="Test Cases/FIM/UI/KGL/Admin/Company/Updating Company Phone Number FAILED.&#xa;Reason:&#xa;com.kms.katalon.core.exception.StepFailedException: Unable to click on object 'Object Repository/FIM 1.2/Companies Page/Edit_btn'&#xa;	at com.kms.katalon.core.webui.keyword.internal.WebUIKeywordMain.stepFailed(WebUIKeywordMain.groovy:117)&#xa;	at com.kms.katalon.core.webui.keyword.internal.WebUIKeywordMain.runKeyword(WebUIKeywordMain.groovy:43)&#xa;	at com.kms.katalon.core.webui.keyword.builtin.ClickKeyword.click(ClickKeyword.groovy:74)&#xa;	at com.kms.katalon.core.webui.keyword.builtin.ClickKeyword.execute(ClickKeyword.groovy:40)&#xa;	at com.kms.katalon.core.keyword.internal.KeywordExecutor.executeKeywordForPlatform(KeywordExecutor.groovy:74)&#xa;	at com.kms.katalon.core.webui.keyword.WebUiBuiltInKeywords.click(WebUiBuiltInKeywords.groovy:659)&#xa;	at com.kms.katalon.core.webui.keyword.WebUiBuiltInKeywords$click$4.call(Unknown Source)&#xa;	at Updating Company Phone Number.run(Updating Company Phone Number:47)&#xa;	at com.kms.katalon.core.main.ScriptEngine.run(ScriptEngine.java:194)&#xa;	at com.kms.katalon.core.main.ScriptEngine.runScriptAsRawText(ScriptEngine.java:119)&#xa;	at com.kms.katalon.core.main.TestCaseExecutor.runScript(TestCaseExecutor.java:448)&#xa;	at com.kms.katalon.core.main.TestCaseExecutor.doExecute(TestCaseExecutor.java:439)&#xa;	at com.kms.katalon.core.main.TestCaseExecutor.processExecutionPhase(TestCaseExecutor.java:418)&#xa;	at com.kms.katalon.core.main.TestCaseExecutor.accessMainPhase(TestCaseExecutor.java:410)&#xa;	at com.kms.katalon.core.main.TestCaseExecutor.execute(TestCaseExecutor.java:285)&#xa;	at com.kms.katalon.core.common.CommonExecutor.accessTestCaseMainPhase(CommonExecutor.java:65)&#xa;	at com.kms.katalon.core.main.TestSuiteExecutor.accessTestSuiteMainPhase(TestSuiteExecutor.java:150)&#xa;	at com.kms.katalon.core.main.TestSuiteExecutor.execute(TestSuiteExecutor.java:106)&#xa;	at com.kms.katalon.core.main.TestCaseMain.startTestSuite(TestCaseMain.java:180)&#xa;	at com.kms.katalon.core.main.TestCaseMain$startTestSuite$0.call(Unknown Source)&#xa;	at TempTestSuite1761090740538.run(TempTestSuite1761090740538.groovy:35)&#xa;	at java.base/jdk.internal.reflect.NativeMethodAccessorImpl.invoke0(Native Method)&#xa;	at java.base/jdk.internal.reflect.NativeMethodAccessorImpl.invoke(NativeMethodAccessorImpl.java:77)&#xa;	at java.base/jdk.internal.reflect.DelegatingMethodAccessorImpl.invoke(DelegatingMethodAccessorImpl.java:43)&#xa;Caused by: com.kms.katalon.core.webui.exception.WebElementNotFoundException: Web element with id: 'Object Repository/FIM 1.2/Companies Page/Edit_btn' located by '/html/body/div/div[2]/div/div/div[1]/div[3]/div/div/table/tbody/tr/td[3]/button[1]' not found&#xa;	at com.kms.katalon.core.webui.common.WebUiCommonHelper.findWebElement(WebUiCommonHelper.java:1423)&#xa;	at com.kms.katalon.core.webui.keyword.internal.WebUIAbstractKeyword.findWebElement(WebUIAbstractKeyword.groovy:27)&#xa;	at com.kms.katalon.core.webui.keyword.builtin.ClickKeyword$_click_closure1.doCall(ClickKeyword.groovy:65)&#xa;	at com.kms.katalon.core.webui.keyword.builtin.ClickKeyword$_click_closure1.call(ClickKeyword.groovy)&#xa;	at com.kms.katalon.core.webui.keyword.internal.WebUIKeywordMain.runKeyword(WebUIKeywordMain.groovy:35)&#xa;	... 22 more&#xa;"/>
         <system-out><![CDATA[21-10-2025T20:10:12 - [TEST_CASE][FAILED] - Test Cases/FIM/UI/KGL/Admin/Company/Updating Company Phone Number: Test Cases/FIM/UI/KGL/Admin/Company/Updating Company Phone Number FAILED.
Reason:
com.kms.katalon.core.exception.StepFailedException: Unable to click on object 'Object Repository/FIM 1.2/Companies Page/Edit_btn'
	at com.kms.katalon.core.webui.keyword.internal.WebUIKeywordMain.stepFailed(WebUIKeywordMain.groovy:117)
	at com.kms.katalon.core.webui.keyword.internal.WebUIKeywordMain.runKeyword(WebUIKeywordMain.groovy:43)
	at com.kms.katalon.core.webui.keyword.builtin.ClickKeyword.click(ClickKeyword.groovy:74)
	at com.kms.katalon.core.webui.keyword.builtin.ClickKeyword.execute(ClickKeyword.groovy:40)
	at com.kms.katalon.core.keyword.internal.KeywordExecutor.executeKeywordForPlatform(KeywordExecutor.groovy:74)
	at com.kms.katalon.core.webui.keyword.WebUiBuiltInKeywords.click(WebUiBuiltInKeywords.groovy:659)
	at com.kms.katalon.core.webui.keyword.WebUiBuiltInKeywords$click$4.call(Unknown Source)
	at Updating Company Phone Number.run(Updating Company Phone Number:47)
	at com.kms.katalon.core.main.ScriptEngine.run(ScriptEngine.java:194)
	at com.kms.katalon.core.main.ScriptEngine.runScriptAsRawText(ScriptEngine.java:119)
	at com.kms.katalon.core.main.TestCaseExecutor.runScript(TestCaseExecutor.java:448)
	at com.kms.katalon.core.main.TestCaseExecutor.doExecute(TestCaseExecutor.java:439)
	at com.kms.katalon.core.main.TestCaseExecutor.processExecutionPhase(TestCaseExecutor.java:418)
	at com.kms.katalon.core.main.TestCaseExecutor.accessMainPhase(TestCaseExecutor.java:410)
	at com.kms.katalon.core.main.TestCaseExecutor.execute(TestCaseExecutor.java:285)
	at com.kms.katalon.core.common.CommonExecutor.accessTestCaseMainPhase(CommonExecutor.java:65)
	at com.kms.katalon.core.main.TestSuiteExecutor.accessTestSuiteMainPhase(TestSuiteExecutor.java:150)
	at com.kms.katalon.core.main.TestSuiteExecutor.execute(TestSuiteExecutor.java:106)
	at com.kms.katalon.core.main.TestCaseMain.startTestSuite(TestCaseMain.java:180)
	at com.kms.katalon.core.main.TestCaseMain$startTestSuite$0.call(Unknown Source)
	at TempTestSuite1761090740538.run(TempTestSuite1761090740538.groovy:35)
	at java.base/jdk.internal.reflect.NativeMethodAccessorImpl.invoke0(Native Method)
	at java.base/jdk.internal.reflect.NativeMethodAccessorImpl.invoke(NativeMethodAccessorImpl.java:77)
	at java.base/jdk.internal.reflect.DelegatingMethodAccessorImpl.invoke(DelegatingMethodAccessorImpl.java:43)
Caused by: com.kms.katalon.core.webui.exception.WebElementNotFoundException: Web element with id: 'Object Repository/FIM 1.2/Companies Page/Edit_btn' located by '/html/body/div/div[2]/div/div/div[1]/div[3]/div/div/table/tbody/tr/td[3]/button[1]' not found
	at com.kms.katalon.core.webui.common.WebUiCommonHelper.findWebElement(WebUiCommonHelper.java:1423)
	at com.kms.katalon.core.webui.keyword.internal.WebUIAbstractKeyword.findWebElement(WebUIAbstractKeyword.groovy:27)
	at com.kms.katalon.core.webui.keyword.builtin.ClickKeyword$_click_closure1.doCall(ClickKeyword.groovy:65)
	at com.kms.katalon.core.webui.keyword.builtin.ClickKeyword$_click_closure1.call(ClickKeyword.groovy)
	at com.kms.katalon.core.webui.keyword.internal.WebUIKeywordMain.runKeyword(WebUIKeywordMain.groovy:35)
	... 22 more


21-10-2025T20:10:12 - [TEST_STEP][PASSED] - Start listener action : beforeTestCase: null

21-10-2025T20:10:12 - [TEST_STEP][PASSED] - addDefaultPackages(): null

21-10-2025T20:10:12 - [TEST_STEP][PASSED] - callTestCase(findTestCase("Utility Scripts/FIM KGL Admin Login"), [:], STOP_ON_FAILURE): Call Test Case 'Test Cases/Utility Scripts/FIM KGL Admin Login' successfully

21-10-2025T20:10:12 - [TEST_CASE][PASSED] - Test Cases/Utility Scripts/FIM KGL Admin Login: Test Cases/Utility Scripts/FIM KGL Admin Login

21-10-2025T20:10:12 - [TEST_STEP][PASSED] - openBrowser(""): Browser is opened with url: ''

21-10-2025T20:10:12 - [MESSAGE][WARNING] - A browser is already opened. Closing browser and opening a new one

21-10-2025T20:10:12 - [MESSAGE][INFO] - Starting 'Chrome' driver

21-10-2025T20:10:12 - [MESSAGE][INFO] - User set preference: ['args', '[--no-sandbox, --disable-gpu, --disable-dev-shm-usage]']

21-10-2025T20:10:12 - [MESSAGE][INFO] - Action delay is set to 0 milliseconds

21-10-2025T20:10:13 - [MESSAGE][PASSED] - Browser is opened with url: ''

21-10-2025T20:10:13 - [TEST_STEP][PASSED] - delay(1): Delayed 1 second(s)

21-10-2025T20:10:14 - [MESSAGE][PASSED] - Delayed 1 second(s)

21-10-2025T20:10:14 - [TEST_STEP][PASSED] - navigateToUrl(KGLCustomGroupUrl): Navigate to 'https://kaglogistics-inventory-management-portal.qa.thekag.com/custom-group/' successfully

21-10-2025T20:10:15 - [MESSAGE][PASSED] - Navigate to 'https://kaglogistics-inventory-management-portal.qa.thekag.com/custom-group/' successfully

21-10-2025T20:10:15 - [TEST_STEP][PASSED] - delay(10): Delayed 10 second(s)

21-10-2025T20:10:25 - [MESSAGE][PASSED] - Delayed 10 second(s)

21-10-2025T20:10:25 - [TEST_STEP][PASSED] - if (maximizeWindow == true): Delayed 1 second(s)

21-10-2025T20:10:25 - [TEST_STEP][PASSED] - maximizeWindow(STOP_ON_FAILURE): Current window maximized

21-10-2025T20:10:25 - [MESSAGE][PASSED] - Current window maximized

21-10-2025T20:10:25 - [TEST_STEP][PASSED] - delay(1): Delayed 1 second(s)

21-10-2025T20:10:26 - [MESSAGE][PASSED] - Delayed 1 second(s)

21-10-2025T20:10:26 - [TEST_STEP][PASSED] - waitForElementPresent(findTestObject("FIM/Username_txt"), 10): Object 'Object Repository/FIM/Username_txt' is present

21-10-2025T20:10:26 - [MESSAGE][PASSED] - Object 'Object Repository/FIM/Username_txt' is present

21-10-2025T20:10:26 - [TEST_STEP][PASSED] - setText(findTestObject("FIM/Username_txt"), FIMUsername): Text 'Chris.Sheldon+DES_QA@Thekag.com' is set on object 'Object Repository/FIM/Username_txt'

21-10-2025T20:10:26 - [MESSAGE][PASSED] - Text 'Chris.Sheldon+DES_QA@Thekag.com' is set on object 'Object Repository/FIM/Username_txt'

21-10-2025T20:10:26 - [TEST_STEP][PASSED] - delay(1): Delayed 1 second(s)

21-10-2025T20:10:27 - [MESSAGE][PASSED] - Delayed 1 second(s)

21-10-2025T20:10:27 - [TEST_STEP][PASSED] - setText(findTestObject("FIM/Password_txt"), FIMPassword): Text 'QATest!2' is set on object 'Object Repository/FIM/Password_txt'

21-10-2025T20:10:27 - [MESSAGE][PASSED] - Text 'QATest!2' is set on object 'Object Repository/FIM/Password_txt'

21-10-2025T20:10:27 - [TEST_STEP][PASSED] - delay(1): Delayed 1 second(s)

21-10-2025T20:10:28 - [MESSAGE][PASSED] - Delayed 1 second(s)

21-10-2025T20:10:28 - [TEST_STEP][PASSED] - click(findTestObject("FIM/Login_btn")): Object: 'Object Repository/FIM/Login_btn' is clicked on

21-10-2025T20:10:28 - [MESSAGE][PASSED] - Object: 'Object Repository/FIM/Login_btn' is clicked on

21-10-2025T20:10:28 - [MESSAGE][PASSED] - Call Test Case 'Test Cases/Utility Scripts/FIM KGL Admin Login' successfully

21-10-2025T20:10:28 - [TEST_STEP][PASSED] - waitForElementClickable(findTestObject("FIM 1.2/Hamburger Menu List/Hamburger_menu"), 30): Object 'Object Repository/FIM 1.2/Hamburger Menu List/Hamburger_menu' is clickable

21-10-2025T20:10:28 - [MESSAGE][PASSED] - Object 'Object Repository/FIM 1.2/Hamburger Menu List/Hamburger_menu' is clickable

21-10-2025T20:10:28 - [TEST_STEP][PASSED] - if (verifyElementVisible(findTestObject("FIM/Server_Notification_Close_btn"), OPTIONAL) == true): Web element with id: 'Object Repository/FIM/Server_Notification_Close_btn' located by '/html/body/div/div[1]/button' not found (Root cause: com.kms.katalon.core.exception.StepFailedException: Web element with id: 'Object Repository/FIM/Server_Notification_Close_btn' located by '/html/body/div/div[1]/button' not found
	at com.kms.katalon.core.webui.keyword.internal.WebUIKeywordMain.stepFailed(WebUIKeywordMain.groovy:117)
	at com.kms.katalon.core.webui.keyword.builtin.VerifyElementVisibleKeyword$_verifyElementVisible_closure1.doCall(VerifyElementVisibleKeyword.groovy:89)
	at com.kms.katalon.core.webui.keyword.builtin.VerifyElementVisibleKeyword$_verifyElementVisible_closure1.call(VerifyElementVisibleKeyword.groovy)
	at com.kms.katalon.core.webui.keyword.internal.WebUIKeywordMain.runKeyword(WebUIKeywordMain.groovy:35)
	at com.kms.katalon.core.webui.keyword.builtin.VerifyElementVisibleKeyword.verifyElementVisible(VerifyElementVisibleKeyword.groovy:97)
	at com.kms.katalon.core.webui.keyword.builtin.VerifyElementVisibleKeyword.execute(VerifyElementVisibleKeyword.groovy:67)
	at com.kms.katalon.core.keyword.internal.KeywordExecutor.executeKeywordForPlatform(KeywordExecutor.groovy:74)
	at com.kms.katalon.core.webui.keyword.WebUiBuiltInKeywords.verifyElementVisible(WebUiBuiltInKeywords.groovy:401)
	at com.kms.katalon.core.webui.keyword.WebUiBuiltInKeywords$verifyElementVisible$6.call(Unknown Source)
	at Updating Company Phone Number.run(Updating Company Phone Number:24)
	at com.kms.katalon.core.main.ScriptEngine.run(ScriptEngine.java:194)
	at com.kms.katalon.core.main.ScriptEngine.runScriptAsRawText(ScriptEngine.java:119)
	at com.kms.katalon.core.main.TestCaseExecutor.runScript(TestCaseExecutor.java:448)
	at com.kms.katalon.core.main.TestCaseExecutor.doExecute(TestCaseExecutor.java:439)
	at com.kms.katalon.core.main.TestCaseExecutor.processExecutionPhase(TestCaseExecutor.java:418)
	at com.kms.katalon.core.main.TestCaseExecutor.accessMainPhase(TestCaseExecutor.java:410)
	at com.kms.katalon.core.main.TestCaseExecutor.execute(TestCaseExecutor.java:285)
	at com.kms.katalon.core.common.CommonExecutor.accessTestCaseMainPhase(CommonExecutor.java:65)
	at com.kms.katalon.core.main.TestSuiteExecutor.accessTestSuiteMainPhase(TestSuiteExecutor.java:150)
	at com.kms.katalon.core.main.TestSuiteExecutor.execute(TestSuiteExecutor.java:106)
	at com.kms.katalon.core.main.TestCaseMain.startTestSuite(TestCaseMain.java:180)
	at com.kms.katalon.core.main.TestCaseMain$startTestSuite$0.call(Unknown Source)
	at TempTestSuite1761090740538.run(TempTestSuite1761090740538.groovy:35)
	at java.base/jdk.internal.reflect.NativeMethodAccessorImpl.invoke0(Native Method)
	at java.base/jdk.internal.reflect.NativeMethodAccessorImpl.invoke(NativeMethodAccessorImpl.java:77)
	at java.base/jdk.internal.reflect.DelegatingMethodAccessorImpl.invoke(DelegatingMethodAccessorImpl.java:43)
)

21-10-2025T20:10:44 - [MESSAGE][INFO] - Unable to find the element located by 'By.xpath: /html/body/div/div[1]/button'. Please recheck the objects properties to make sure the desired element is located. 

21-10-2025T20:10:44 - [MESSAGE][WARNING] - [SELF-HEALING] Failed to find element with id 'Object Repository/FIM/Server_Notification_Close_btn'. Try using Self-healing.

21-10-2025T20:10:45 - [MESSAGE][INFO] - [SELF-HEALING] No working XPath is found.

21-10-2025T20:10:47 - [MESSAGE][INFO] - Unable to find the element located by 'By.xpath: '. Please recheck the objects properties to make sure the desired element is located. 

21-10-2025T20:10:47 - [MESSAGE][WARNING] - [SELF-HEALING] Cannot find elements when the selector is null

21-10-2025T20:10:47 - [MESSAGE][WARNING] - Web element with id: 'Object Repository/FIM/Server_Notification_Close_btn' located by '/html/body/div/div[1]/button' not found (Root cause: com.kms.katalon.core.exception.StepFailedException: Web element with id: 'Object Repository/FIM/Server_Notification_Close_btn' located by '/html/body/div/div[1]/button' not found
	at com.kms.katalon.core.webui.keyword.internal.WebUIKeywordMain.stepFailed(WebUIKeywordMain.groovy:117)
	at com.kms.katalon.core.webui.keyword.builtin.VerifyElementVisibleKeyword$_verifyElementVisible_closure1.doCall(VerifyElementVisibleKeyword.groovy:89)
	at com.kms.katalon.core.webui.keyword.builtin.VerifyElementVisibleKeyword$_verifyElementVisible_closure1.call(VerifyElementVisibleKeyword.groovy)
	at com.kms.katalon.core.webui.keyword.internal.WebUIKeywordMain.runKeyword(WebUIKeywordMain.groovy:35)
	at com.kms.katalon.core.webui.keyword.builtin.VerifyElementVisibleKeyword.verifyElementVisible(VerifyElementVisibleKeyword.groovy:97)
	at com.kms.katalon.core.webui.keyword.builtin.VerifyElementVisibleKeyword.execute(VerifyElementVisibleKeyword.groovy:67)
	at com.kms.katalon.core.keyword.internal.KeywordExecutor.executeKeywordForPlatform(KeywordExecutor.groovy:74)
	at com.kms.katalon.core.webui.keyword.WebUiBuiltInKeywords.verifyElementVisible(WebUiBuiltInKeywords.groovy:401)
	at com.kms.katalon.core.webui.keyword.WebUiBuiltInKeywords$verifyElementVisible$6.call(Unknown Source)
	at Updating Company Phone Number.run(Updating Company Phone Number:24)
	at com.kms.katalon.core.main.ScriptEngine.run(ScriptEngine.java:194)
	at com.kms.katalon.core.main.ScriptEngine.runScriptAsRawText(ScriptEngine.java:119)
	at com.kms.katalon.core.main.TestCaseExecutor.runScript(TestCaseExecutor.java:448)
	at com.kms.katalon.core.main.TestCaseExecutor.doExecute(TestCaseExecutor.java:439)
	at com.kms.katalon.core.main.TestCaseExecutor.processExecutionPhase(TestCaseExecutor.java:418)
	at com.kms.katalon.core.main.TestCaseExecutor.accessMainPhase(TestCaseExecutor.java:410)
	at com.kms.katalon.core.main.TestCaseExecutor.execute(TestCaseExecutor.java:285)
	at com.kms.katalon.core.common.CommonExecutor.accessTestCaseMainPhase(CommonExecutor.java:65)
	at com.kms.katalon.core.main.TestSuiteExecutor.accessTestSuiteMainPhase(TestSuiteExecutor.java:150)
	at com.kms.katalon.core.main.TestSuiteExecutor.execute(TestSuiteExecutor.java:106)
	at com.kms.katalon.core.main.TestCaseMain.startTestSuite(TestCaseMain.java:180)
	at com.kms.katalon.core.main.TestCaseMain$startTestSuite$0.call(Unknown Source)
	at TempTestSuite1761090740538.run(TempTestSuite1761090740538.groovy:35)
	at java.base/jdk.internal.reflect.NativeMethodAccessorImpl.invoke0(Native Method)
	at java.base/jdk.internal.reflect.NativeMethodAccessorImpl.invoke(NativeMethodAccessorImpl.java:77)
	at java.base/jdk.internal.reflect.DelegatingMethodAccessorImpl.invoke(DelegatingMethodAccessorImpl.java:43)
)

21-10-2025T20:10:47 - [TEST_STEP][PASSED] - delay(1): Delayed 1 second(s)

21-10-2025T20:10:48 - [MESSAGE][PASSED] - Delayed 1 second(s)

21-10-2025T20:10:48 - [TEST_STEP][PASSED] - click(findTestObject("FIM/Hamburger Menu List/Hamburger_menu")): Object: 'Object Repository/FIM/Hamburger Menu List/Hamburger_menu' is clicked on

21-10-2025T20:10:48 - [MESSAGE][PASSED] - Object: 'Object Repository/FIM/Hamburger Menu List/Hamburger_menu' is clicked on

21-10-2025T20:10:48 - [TEST_STEP][PASSED] - delay(1): Delayed 1 second(s)

21-10-2025T20:10:49 - [MESSAGE][PASSED] - Delayed 1 second(s)

21-10-2025T20:10:49 - [TEST_STEP][PASSED] - click(findTestObject("Object Repository/FIM 1.2/Hamburger Menu List/Companies_list")): Object: 'Object Repository/FIM 1.2/Hamburger Menu List/Companies_list' is clicked on

21-10-2025T20:10:50 - [MESSAGE][PASSED] - Object: 'Object Repository/FIM 1.2/Hamburger Menu List/Companies_list' is clicked on

21-10-2025T20:10:50 - [TEST_STEP][PASSED] - delay(5): Delayed 5 second(s)

21-10-2025T20:10:55 - [MESSAGE][PASSED] - Delayed 5 second(s)

21-10-2025T20:10:55 - [TEST_STEP][PASSED] - if (verifyElementVisible(findTestObject("FIM/Existing Page with Pending Changes Close_btn"), OPTIONAL) == true): null

21-10-2025T20:10:55 - [MESSAGE][PASSED] - Object 'Object Repository/FIM/Existing Page with Pending Changes Close_btn' is visible

21-10-2025T20:10:55 - [TEST_STEP][PASSED] - click(findTestObject("FIM/Existing Page with Pending Changes Close_btn")): Object: 'Object Repository/FIM/Existing Page with Pending Changes Close_btn' is clicked on

21-10-2025T20:10:55 - [MESSAGE][PASSED] - Object: 'Object Repository/FIM/Existing Page with Pending Changes Close_btn' is clicked on

21-10-2025T20:10:55 - [TEST_STEP][PASSED] - sendKeys(findTestObject("FIM 1.2/Companies Page/Filter_input_txt"), "CBS"): Keys 'CBS' sent to object: 'Object Repository/FIM 1.2/Companies Page/Filter_input_txt'

21-10-2025T20:10:55 - [MESSAGE][PASSED] - Keys 'CBS' sent to object: 'Object Repository/FIM 1.2/Companies Page/Filter_input_txt'

21-10-2025T20:10:55 - [TEST_STEP][PASSED] - delay(1): Delayed 1 second(s)

21-10-2025T20:10:56 - [MESSAGE][PASSED] - Delayed 1 second(s)

21-10-2025T20:10:56 - [TEST_STEP][FAILED] - click(findTestObject("FIM 1.2/Companies Page/Edit_btn")): Unable to click on object 'Object Repository/FIM 1.2/Companies Page/Edit_btn' (Root cause: com.kms.katalon.core.exception.StepFailedException: Unable to click on object 'Object Repository/FIM 1.2/Companies Page/Edit_btn'
	at com.kms.katalon.core.webui.keyword.internal.WebUIKeywordMain.stepFailed(WebUIKeywordMain.groovy:117)
	at com.kms.katalon.core.webui.keyword.internal.WebUIKeywordMain.runKeyword(WebUIKeywordMain.groovy:43)
	at com.kms.katalon.core.webui.keyword.builtin.ClickKeyword.click(ClickKeyword.groovy:74)
	at com.kms.katalon.core.webui.keyword.builtin.ClickKeyword.execute(ClickKeyword.groovy:40)
	at com.kms.katalon.core.keyword.internal.KeywordExecutor.executeKeywordForPlatform(KeywordExecutor.groovy:74)
	at com.kms.katalon.core.webui.keyword.WebUiBuiltInKeywords.click(WebUiBuiltInKeywords.groovy:659)
	at com.kms.katalon.core.webui.keyword.WebUiBuiltInKeywords$click$4.call(Unknown Source)
	at Updating Company Phone Number.run(Updating Company Phone Number:47)
	at com.kms.katalon.core.main.ScriptEngine.run(ScriptEngine.java:194)
	at com.kms.katalon.core.main.ScriptEngine.runScriptAsRawText(ScriptEngine.java:119)
	at com.kms.katalon.core.main.TestCaseExecutor.runScript(TestCaseExecutor.java:448)
	at com.kms.katalon.core.main.TestCaseExecutor.doExecute(TestCaseExecutor.java:439)
	at com.kms.katalon.core.main.TestCaseExecutor.processExecutionPhase(TestCaseExecutor.java:418)
	at com.kms.katalon.core.main.TestCaseExecutor.accessMainPhase(TestCaseExecutor.java:410)
	at com.kms.katalon.core.main.TestCaseExecutor.execute(TestCaseExecutor.java:285)
	at com.kms.katalon.core.common.CommonExecutor.accessTestCaseMainPhase(CommonExecutor.java:65)
	at com.kms.katalon.core.main.TestSuiteExecutor.accessTestSuiteMainPhase(TestSuiteExecutor.java:150)
	at com.kms.katalon.core.main.TestSuiteExecutor.execute(TestSuiteExecutor.java:106)
	at com.kms.katalon.core.main.TestCaseMain.startTestSuite(TestCaseMain.java:180)
	at com.kms.katalon.core.main.TestCaseMain$startTestSuite$0.call(Unknown Source)
	at TempTestSuite1761090740538.run(TempTestSuite1761090740538.groovy:35)
	at java.base/jdk.internal.reflect.NativeMethodAccessorImpl.invoke0(Native Method)
	at java.base/jdk.internal.reflect.NativeMethodAccessorImpl.invoke(NativeMethodAccessorImpl.java:77)
	at java.base/jdk.internal.reflect.DelegatingMethodAccessorImpl.invoke(DelegatingMethodAccessorImpl.java:43)
Caused by: com.kms.katalon.core.webui.exception.WebElementNotFoundException: Web element with id: 'Object Repository/FIM 1.2/Companies Page/Edit_btn' located by '/html/body/div/div[2]/div/div/div[1]/div[3]/div/div/table/tbody/tr/td[3]/button[1]' not found
	at com.kms.katalon.core.webui.common.WebUiCommonHelper.findWebElement(WebUiCommonHelper.java:1423)
	at com.kms.katalon.core.webui.keyword.internal.WebUIAbstractKeyword.findWebElement(WebUIAbstractKeyword.groovy:27)
	at com.kms.katalon.core.webui.keyword.builtin.ClickKeyword$_click_closure1.doCall(ClickKeyword.groovy:65)
	at com.kms.katalon.core.webui.keyword.builtin.ClickKeyword$_click_closure1.call(ClickKeyword.groovy)
	at com.kms.katalon.core.webui.keyword.internal.WebUIKeywordMain.runKeyword(WebUIKeywordMain.groovy:35)
	at com.kms.katalon.core.webui.keyword.builtin.ClickKeyword.click(ClickKeyword.groovy:74)
	at com.kms.katalon.core.webui.keyword.builtin.ClickKeyword.execute(ClickKeyword.groovy:40)
	at com.kms.katalon.core.keyword.internal.KeywordExecutor.executeKeywordForPlatform(KeywordExecutor.groovy:74)
	at com.kms.katalon.core.webui.keyword.WebUiBuiltInKeywords.click(WebUiBuiltInKeywords.groovy:659)
	at com.kms.katalon.core.webui.keyword.WebUiBuiltInKeywords$click$4.call(Unknown Source)
	at Script1705351038359.run(Script1705351038359.groovy:47)
	... 16 more
)

21-10-2025T20:11:12 - [MESSAGE][INFO] - Unable to find the element located by 'By.xpath: /html/body/div/div[2]/div/div/div[1]/div[3]/div/div/table/tbody/tr/td[3]/button[1]'. Please recheck the objects properties to make sure the desired element is located. 

21-10-2025T20:11:12 - [MESSAGE][WARNING] - [SELF-HEALING] Failed to find element with id 'Object Repository/FIM 1.2/Companies Page/Edit_btn'. Try using Self-healing.

21-10-2025T20:11:13 - [MESSAGE][INFO] - [SELF-HEALING] No working XPath is found.

21-10-2025T20:11:15 - [MESSAGE][INFO] - Unable to find the element located by 'By.xpath: '. Please recheck the objects properties to make sure the desired element is located. 

21-10-2025T20:11:15 - [MESSAGE][WARNING] - [SELF-HEALING] Cannot find elements when the selector is null

21-10-2025T20:11:15 - [MESSAGE][FAILED] - Unable to click on object 'Object Repository/FIM 1.2/Companies Page/Edit_btn' (Root cause: com.kms.katalon.core.exception.StepFailedException: Unable to click on object 'Object Repository/FIM 1.2/Companies Page/Edit_btn'
	at com.kms.katalon.core.webui.keyword.internal.WebUIKeywordMain.stepFailed(WebUIKeywordMain.groovy:117)
	at com.kms.katalon.core.webui.keyword.internal.WebUIKeywordMain.runKeyword(WebUIKeywordMain.groovy:43)
	at com.kms.katalon.core.webui.keyword.builtin.ClickKeyword.click(ClickKeyword.groovy:74)
	at com.kms.katalon.core.webui.keyword.builtin.ClickKeyword.execute(ClickKeyword.groovy:40)
	at com.kms.katalon.core.keyword.internal.KeywordExecutor.executeKeywordForPlatform(KeywordExecutor.groovy:74)
	at com.kms.katalon.core.webui.keyword.WebUiBuiltInKeywords.click(WebUiBuiltInKeywords.groovy:659)
	at com.kms.katalon.core.webui.keyword.WebUiBuiltInKeywords$click$4.call(Unknown Source)
	at Updating Company Phone Number.run(Updating Company Phone Number:47)
	at com.kms.katalon.core.main.ScriptEngine.run(ScriptEngine.java:194)
	at com.kms.katalon.core.main.ScriptEngine.runScriptAsRawText(ScriptEngine.java:119)
	at com.kms.katalon.core.main.TestCaseExecutor.runScript(TestCaseExecutor.java:448)
	at com.kms.katalon.core.main.TestCaseExecutor.doExecute(TestCaseExecutor.java:439)
	at com.kms.katalon.core.main.TestCaseExecutor.processExecutionPhase(TestCaseExecutor.java:418)
	at com.kms.katalon.core.main.TestCaseExecutor.accessMainPhase(TestCaseExecutor.java:410)
	at com.kms.katalon.core.main.TestCaseExecutor.execute(TestCaseExecutor.java:285)
	at com.kms.katalon.core.common.CommonExecutor.accessTestCaseMainPhase(CommonExecutor.java:65)
	at com.kms.katalon.core.main.TestSuiteExecutor.accessTestSuiteMainPhase(TestSuiteExecutor.java:150)
	at com.kms.katalon.core.main.TestSuiteExecutor.execute(TestSuiteExecutor.java:106)
	at com.kms.katalon.core.main.TestCaseMain.startTestSuite(TestCaseMain.java:180)
	at com.kms.katalon.core.main.TestCaseMain$startTestSuite$0.call(Unknown Source)
	at TempTestSuite1761090740538.run(TempTestSuite1761090740538.groovy:35)
	at java.base/jdk.internal.reflect.NativeMethodAccessorImpl.invoke0(Native Method)
	at java.base/jdk.internal.reflect.NativeMethodAccessorImpl.invoke(NativeMethodAccessorImpl.java:77)
	at java.base/jdk.internal.reflect.DelegatingMethodAccessorImpl.invoke(DelegatingMethodAccessorImpl.java:43)
Caused by: com.kms.katalon.core.webui.exception.WebElementNotFoundException: Web element with id: 'Object Repository/FIM 1.2/Companies Page/Edit_btn' located by '/html/body/div/div[2]/div/div/div[1]/div[3]/div/div/table/tbody/tr/td[3]/button[1]' not found
	at com.kms.katalon.core.webui.common.WebUiCommonHelper.findWebElement(WebUiCommonHelper.java:1423)
	at com.kms.katalon.core.webui.keyword.internal.WebUIAbstractKeyword.findWebElement(WebUIAbstractKeyword.groovy:27)
	at com.kms.katalon.core.webui.keyword.builtin.ClickKeyword$_click_closure1.doCall(ClickKeyword.groovy:65)
	at com.kms.katalon.core.webui.keyword.builtin.ClickKeyword$_click_closure1.call(ClickKeyword.groovy)
	at com.kms.katalon.core.webui.keyword.internal.WebUIKeywordMain.runKeyword(WebUIKeywordMain.groovy:35)
	at com.kms.katalon.core.webui.keyword.builtin.ClickKeyword.click(ClickKeyword.groovy:74)
	at com.kms.katalon.core.webui.keyword.builtin.ClickKeyword.execute(ClickKeyword.groovy:40)
	at com.kms.katalon.core.keyword.internal.KeywordExecutor.executeKeywordForPlatform(KeywordExecutor.groovy:74)
	at com.kms.katalon.core.webui.keyword.WebUiBuiltInKeywords.click(WebUiBuiltInKeywords.groovy:659)
	at com.kms.katalon.core.webui.keyword.WebUiBuiltInKeywords$click$4.call(Unknown Source)
	at Script1705351038359.run(Script1705351038359.groovy:47)
	... 16 more
)

21-10-2025T20:11:15 - [TEST_STEP][PASSED] - Start listener action : retryOnDisconnect: Current window's url is: 'https://kaglogistics-inventory-management-portal.qa.thekag.com/companies/'

21-10-2025T20:11:15 - [TEST_STEP][PASSED] - tcId = testCaseContext.getTestCaseId(): null

21-10-2025T20:11:15 - [TEST_STEP][PASSED] - currentRetry = retryCounts.getOrDefault(tcId, 0): null

21-10-2025T20:11:15 - [TEST_STEP][PASSED] - if (testCaseContext.getTestCaseStatus() == "FAILED" && currentRetry < MAX_RETRIES): Current window's url is: 'https://kaglogistics-inventory-management-portal.qa.thekag.com/companies/'

21-10-2025T20:11:15 - [TEST_STEP][PASSED] - try: Current window's url is: 'https://kaglogistics-inventory-management-portal.qa.thekag.com/companies/'

21-10-2025T20:11:15 - [TEST_STEP][PASSED] - comment(Checking for WebDriver disconnect for test case: $tcId): Checking for WebDriver disconnect for test case: Test Cases/FIM/UI/KGL/Admin/Company/Updating Company Phone Number

21-10-2025T20:11:15 - [MESSAGE][INFO] - Checking for WebDriver disconnect for test case: Test Cases/FIM/UI/KGL/Admin/Company/Updating Company Phone Number

21-10-2025T20:11:15 - [TEST_STEP][PASSED] - getUrl(): Current window's url is: 'https://kaglogistics-inventory-management-portal.qa.thekag.com/companies/'

21-10-2025T20:11:15 - [MESSAGE][PASSED] - Current window's url is: 'https://kaglogistics-inventory-management-portal.qa.thekag.com/companies/']]></system-out>
         <system-err><![CDATA[21-10-2025T20:10:12 - [TEST_CASE][FAILED] - Test Cases/FIM/UI/KGL/Admin/Company/Updating Company Phone Number: Test Cases/FIM/UI/KGL/Admin/Company/Updating Company Phone Number FAILED.
Reason:
com.kms.katalon.core.exception.StepFailedException: Unable to click on object 'Object Repository/FIM 1.2/Companies Page/Edit_btn'
	at com.kms.katalon.core.webui.keyword.internal.WebUIKeywordMain.stepFailed(WebUIKeywordMain.groovy:117)
	at com.kms.katalon.core.webui.keyword.internal.WebUIKeywordMain.runKeyword(WebUIKeywordMain.groovy:43)
	at com.kms.katalon.core.webui.keyword.builtin.ClickKeyword.click(ClickKeyword.groovy:74)
	at com.kms.katalon.core.webui.keyword.builtin.ClickKeyword.execute(ClickKeyword.groovy:40)
	at com.kms.katalon.core.keyword.internal.KeywordExecutor.executeKeywordForPlatform(KeywordExecutor.groovy:74)
	at com.kms.katalon.core.webui.keyword.WebUiBuiltInKeywords.click(WebUiBuiltInKeywords.groovy:659)
	at com.kms.katalon.core.webui.keyword.WebUiBuiltInKeywords$click$4.call(Unknown Source)
	at Updating Company Phone Number.run(Updating Company Phone Number:47)
	at com.kms.katalon.core.main.ScriptEngine.run(ScriptEngine.java:194)
	at com.kms.katalon.core.main.ScriptEngine.runScriptAsRawText(ScriptEngine.java:119)
	at com.kms.katalon.core.main.TestCaseExecutor.runScript(TestCaseExecutor.java:448)
	at com.kms.katalon.core.main.TestCaseExecutor.doExecute(TestCaseExecutor.java:439)
	at com.kms.katalon.core.main.TestCaseExecutor.processExecutionPhase(TestCaseExecutor.java:418)
	at com.kms.katalon.core.main.TestCaseExecutor.accessMainPhase(TestCaseExecutor.java:410)
	at com.kms.katalon.core.main.TestCaseExecutor.execute(TestCaseExecutor.java:285)
	at com.kms.katalon.core.common.CommonExecutor.accessTestCaseMainPhase(CommonExecutor.java:65)
	at com.kms.katalon.core.main.TestSuiteExecutor.accessTestSuiteMainPhase(TestSuiteExecutor.java:150)
	at com.kms.katalon.core.main.TestSuiteExecutor.execute(TestSuiteExecutor.java:106)
	at com.kms.katalon.core.main.TestCaseMain.startTestSuite(TestCaseMain.java:180)
	at com.kms.katalon.core.main.TestCaseMain$startTestSuite$0.call(Unknown Source)
	at TempTestSuite1761090740538.run(TempTestSuite1761090740538.groovy:35)
	at java.base/jdk.internal.reflect.NativeMethodAccessorImpl.invoke0(Native Method)
	at java.base/jdk.internal.reflect.NativeMethodAccessorImpl.invoke(NativeMethodAccessorImpl.java:77)
	at java.base/jdk.internal.reflect.DelegatingMethodAccessorImpl.invoke(DelegatingMethodAccessorImpl.java:43)
Caused by: com.kms.katalon.core.webui.exception.WebElementNotFoundException: Web element with id: 'Object Repository/FIM 1.2/Companies Page/Edit_btn' located by '/html/body/div/div[2]/div/div/div[1]/div[3]/div/div/table/tbody/tr/td[3]/button[1]' not found
	at com.kms.katalon.core.webui.common.WebUiCommonHelper.findWebElement(WebUiCommonHelper.java:1423)
	at com.kms.katalon.core.webui.keyword.internal.WebUIAbstractKeyword.findWebElement(WebUIAbstractKeyword.groovy:27)
	at com.kms.katalon.core.webui.keyword.builtin.ClickKeyword$_click_closure1.doCall(ClickKeyword.groovy:65)
	at com.kms.katalon.core.webui.keyword.builtin.ClickKeyword$_click_closure1.call(ClickKeyword.groovy)
	at com.kms.katalon.core.webui.keyword.internal.WebUIKeywordMain.runKeyword(WebUIKeywordMain.groovy:35)
	... 22 more]]></system-err>
      </testcase>
      <testcase name="Test Cases/FIM/UI/KGL/Admin/Company/Updating Company State" time="62.644" classname="Test Cases/FIM/UI/KGL/Admin/Company/Updating Company State" status="FAILED">
         <failure type="FAILED" message="Test Cases/FIM/UI/KGL/Admin/Company/Updating Company State FAILED.&#xa;Reason:&#xa;com.kms.katalon.core.exception.StepFailedException: Unable to click on object 'Object Repository/FIM 1.2/Companies Page/Edit_btn'&#xa;	at com.kms.katalon.core.webui.keyword.internal.WebUIKeywordMain.stepFailed(WebUIKeywordMain.groovy:117)&#xa;	at com.kms.katalon.core.webui.keyword.internal.WebUIKeywordMain.runKeyword(WebUIKeywordMain.groovy:43)&#xa;	at com.kms.katalon.core.webui.keyword.builtin.ClickKeyword.click(ClickKeyword.groovy:74)&#xa;	at com.kms.katalon.core.webui.keyword.builtin.ClickKeyword.execute(ClickKeyword.groovy:40)&#xa;	at com.kms.katalon.core.keyword.internal.KeywordExecutor.executeKeywordForPlatform(KeywordExecutor.groovy:74)&#xa;	at com.kms.katalon.core.webui.keyword.WebUiBuiltInKeywords.click(WebUiBuiltInKeywords.groovy:659)&#xa;	at com.kms.katalon.core.webui.keyword.WebUiBuiltInKeywords$click$4.call(Unknown Source)&#xa;	at Updating Company State.run(Updating Company State:47)&#xa;	at com.kms.katalon.core.main.ScriptEngine.run(ScriptEngine.java:194)&#xa;	at com.kms.katalon.core.main.ScriptEngine.runScriptAsRawText(ScriptEngine.java:119)&#xa;	at com.kms.katalon.core.main.TestCaseExecutor.runScript(TestCaseExecutor.java:448)&#xa;	at com.kms.katalon.core.main.TestCaseExecutor.doExecute(TestCaseExecutor.java:439)&#xa;	at com.kms.katalon.core.main.TestCaseExecutor.processExecutionPhase(TestCaseExecutor.java:418)&#xa;	at com.kms.katalon.core.main.TestCaseExecutor.accessMainPhase(TestCaseExecutor.java:410)&#xa;	at com.kms.katalon.core.main.TestCaseExecutor.execute(TestCaseExecutor.java:285)&#xa;	at com.kms.katalon.core.common.CommonExecutor.accessTestCaseMainPhase(CommonExecutor.java:65)&#xa;	at com.kms.katalon.core.main.TestSuiteExecutor.accessTestSuiteMainPhase(TestSuiteExecutor.java:150)&#xa;	at com.kms.katalon.core.main.TestSuiteExecutor.execute(TestSuiteExecutor.java:106)&#xa;	at com.kms.katalon.core.main.TestCaseMain.startTestSuite(TestCaseMain.java:180)&#xa;	at com.kms.katalon.core.main.TestCaseMain$startTestSuite$0.call(Unknown Source)&#xa;	at TempTestSuite1761090740538.run(TempTestSuite1761090740538.groovy:35)&#xa;	at java.base/jdk.internal.reflect.NativeMethodAccessorImpl.invoke0(Native Method)&#xa;	at java.base/jdk.internal.reflect.NativeMethodAccessorImpl.invoke(NativeMethodAccessorImpl.java:77)&#xa;	at java.base/jdk.internal.reflect.DelegatingMethodAccessorImpl.invoke(DelegatingMethodAccessorImpl.java:43)&#xa;Caused by: com.kms.katalon.core.webui.exception.WebElementNotFoundException: Web element with id: 'Object Repository/FIM 1.2/Companies Page/Edit_btn' located by '/html/body/div/div[2]/div/div/div[1]/div[3]/div/div/table/tbody/tr/td[3]/button[1]' not found&#xa;	at com.kms.katalon.core.webui.common.WebUiCommonHelper.findWebElement(WebUiCommonHelper.java:1423)&#xa;	at com.kms.katalon.core.webui.keyword.internal.WebUIAbstractKeyword.findWebElement(WebUIAbstractKeyword.groovy:27)&#xa;	at com.kms.katalon.core.webui.keyword.builtin.ClickKeyword$_click_closure1.doCall(ClickKeyword.groovy:65)&#xa;	at com.kms.katalon.core.webui.keyword.builtin.ClickKeyword$_click_closure1.call(ClickKeyword.groovy)&#xa;	at com.kms.katalon.core.webui.keyword.internal.WebUIKeywordMain.runKeyword(WebUIKeywordMain.groovy:35)&#xa;	... 22 more&#xa;"/>
         <system-out><![CDATA[21-10-2025T20:11:15 - [TEST_CASE][FAILED] - Test Cases/FIM/UI/KGL/Admin/Company/Updating Company State: Test Cases/FIM/UI/KGL/Admin/Company/Updating Company State FAILED.
Reason:
com.kms.katalon.core.exception.StepFailedException: Unable to click on object 'Object Repository/FIM 1.2/Companies Page/Edit_btn'
	at com.kms.katalon.core.webui.keyword.internal.WebUIKeywordMain.stepFailed(WebUIKeywordMain.groovy:117)
	at com.kms.katalon.core.webui.keyword.internal.WebUIKeywordMain.runKeyword(WebUIKeywordMain.groovy:43)
	at com.kms.katalon.core.webui.keyword.builtin.ClickKeyword.click(ClickKeyword.groovy:74)
	at com.kms.katalon.core.webui.keyword.builtin.ClickKeyword.execute(ClickKeyword.groovy:40)
	at com.kms.katalon.core.keyword.internal.KeywordExecutor.executeKeywordForPlatform(KeywordExecutor.groovy:74)
	at com.kms.katalon.core.webui.keyword.WebUiBuiltInKeywords.click(WebUiBuiltInKeywords.groovy:659)
	at com.kms.katalon.core.webui.keyword.WebUiBuiltInKeywords$click$4.call(Unknown Source)
	at Updating Company State.run(Updating Company State:47)
	at com.kms.katalon.core.main.ScriptEngine.run(ScriptEngine.java:194)
	at com.kms.katalon.core.main.ScriptEngine.runScriptAsRawText(ScriptEngine.java:119)
	at com.kms.katalon.core.main.TestCaseExecutor.runScript(TestCaseExecutor.java:448)
	at com.kms.katalon.core.main.TestCaseExecutor.doExecute(TestCaseExecutor.java:439)
	at com.kms.katalon.core.main.TestCaseExecutor.processExecutionPhase(TestCaseExecutor.java:418)
	at com.kms.katalon.core.main.TestCaseExecutor.accessMainPhase(TestCaseExecutor.java:410)
	at com.kms.katalon.core.main.TestCaseExecutor.execute(TestCaseExecutor.java:285)
	at com.kms.katalon.core.common.CommonExecutor.accessTestCaseMainPhase(CommonExecutor.java:65)
	at com.kms.katalon.core.main.TestSuiteExecutor.accessTestSuiteMainPhase(TestSuiteExecutor.java:150)
	at com.kms.katalon.core.main.TestSuiteExecutor.execute(TestSuiteExecutor.java:106)
	at com.kms.katalon.core.main.TestCaseMain.startTestSuite(TestCaseMain.java:180)
	at com.kms.katalon.core.main.TestCaseMain$startTestSuite$0.call(Unknown Source)
	at TempTestSuite1761090740538.run(TempTestSuite1761090740538.groovy:35)
	at java.base/jdk.internal.reflect.NativeMethodAccessorImpl.invoke0(Native Method)
	at java.base/jdk.internal.reflect.NativeMethodAccessorImpl.invoke(NativeMethodAccessorImpl.java:77)
	at java.base/jdk.internal.reflect.DelegatingMethodAccessorImpl.invoke(DelegatingMethodAccessorImpl.java:43)
Caused by: com.kms.katalon.core.webui.exception.WebElementNotFoundException: Web element with id: 'Object Repository/FIM 1.2/Companies Page/Edit_btn' located by '/html/body/div/div[2]/div/div/div[1]/div[3]/div/div/table/tbody/tr/td[3]/button[1]' not found
	at com.kms.katalon.core.webui.common.WebUiCommonHelper.findWebElement(WebUiCommonHelper.java:1423)
	at com.kms.katalon.core.webui.keyword.internal.WebUIAbstractKeyword.findWebElement(WebUIAbstractKeyword.groovy:27)
	at com.kms.katalon.core.webui.keyword.builtin.ClickKeyword$_click_closure1.doCall(ClickKeyword.groovy:65)
	at com.kms.katalon.core.webui.keyword.builtin.ClickKeyword$_click_closure1.call(ClickKeyword.groovy)
	at com.kms.katalon.core.webui.keyword.internal.WebUIKeywordMain.runKeyword(WebUIKeywordMain.groovy:35)
	... 22 more


21-10-2025T20:11:15 - [TEST_STEP][PASSED] - Start listener action : beforeTestCase: null

21-10-2025T20:11:15 - [TEST_STEP][PASSED] - addDefaultPackages(): null

21-10-2025T20:11:15 - [TEST_STEP][PASSED] - callTestCase(findTestCase("Utility Scripts/FIM KGL Admin Login"), [:], STOP_ON_FAILURE): Call Test Case 'Test Cases/Utility Scripts/FIM KGL Admin Login' successfully

21-10-2025T20:11:15 - [TEST_CASE][PASSED] - Test Cases/Utility Scripts/FIM KGL Admin Login: Test Cases/Utility Scripts/FIM KGL Admin Login

21-10-2025T20:11:15 - [TEST_STEP][PASSED] - openBrowser(""): Browser is opened with url: ''

21-10-2025T20:11:15 - [MESSAGE][WARNING] - A browser is already opened. Closing browser and opening a new one

21-10-2025T20:11:15 - [MESSAGE][INFO] - Starting 'Chrome' driver

21-10-2025T20:11:15 - [MESSAGE][INFO] - User set preference: ['args', '[--no-sandbox, --disable-gpu, --disable-dev-shm-usage]']

21-10-2025T20:11:15 - [MESSAGE][INFO] - Action delay is set to 0 milliseconds

21-10-2025T20:11:16 - [MESSAGE][PASSED] - Browser is opened with url: ''

21-10-2025T20:11:16 - [TEST_STEP][PASSED] - delay(1): Delayed 1 second(s)

21-10-2025T20:11:17 - [MESSAGE][PASSED] - Delayed 1 second(s)

21-10-2025T20:11:17 - [TEST_STEP][PASSED] - navigateToUrl(KGLCustomGroupUrl): Navigate to 'https://kaglogistics-inventory-management-portal.qa.thekag.com/custom-group/' successfully

21-10-2025T20:11:17 - [MESSAGE][PASSED] - Navigate to 'https://kaglogistics-inventory-management-portal.qa.thekag.com/custom-group/' successfully

21-10-2025T20:11:17 - [TEST_STEP][PASSED] - delay(10): Delayed 10 second(s)

21-10-2025T20:11:27 - [MESSAGE][PASSED] - Delayed 10 second(s)

21-10-2025T20:11:27 - [TEST_STEP][PASSED] - if (maximizeWindow == true): Delayed 1 second(s)

21-10-2025T20:11:27 - [TEST_STEP][PASSED] - maximizeWindow(STOP_ON_FAILURE): Current window maximized

21-10-2025T20:11:27 - [MESSAGE][PASSED] - Current window maximized

21-10-2025T20:11:27 - [TEST_STEP][PASSED] - delay(1): Delayed 1 second(s)

21-10-2025T20:11:28 - [MESSAGE][PASSED] - Delayed 1 second(s)

21-10-2025T20:11:28 - [TEST_STEP][PASSED] - waitForElementPresent(findTestObject("FIM/Username_txt"), 10): Object 'Object Repository/FIM/Username_txt' is present

21-10-2025T20:11:28 - [MESSAGE][PASSED] - Object 'Object Repository/FIM/Username_txt' is present

21-10-2025T20:11:28 - [TEST_STEP][PASSED] - setText(findTestObject("FIM/Username_txt"), FIMUsername): Text 'Chris.Sheldon+DES_QA@Thekag.com' is set on object 'Object Repository/FIM/Username_txt'

21-10-2025T20:11:29 - [MESSAGE][PASSED] - Text 'Chris.Sheldon+DES_QA@Thekag.com' is set on object 'Object Repository/FIM/Username_txt'

21-10-2025T20:11:29 - [TEST_STEP][PASSED] - delay(1): Delayed 1 second(s)

21-10-2025T20:11:30 - [MESSAGE][PASSED] - Delayed 1 second(s)

21-10-2025T20:11:30 - [TEST_STEP][PASSED] - setText(findTestObject("FIM/Password_txt"), FIMPassword): Text 'QATest!2' is set on object 'Object Repository/FIM/Password_txt'

21-10-2025T20:11:30 - [MESSAGE][PASSED] - Text 'QATest!2' is set on object 'Object Repository/FIM/Password_txt'

21-10-2025T20:11:30 - [TEST_STEP][PASSED] - delay(1): Delayed 1 second(s)

21-10-2025T20:11:31 - [MESSAGE][PASSED] - Delayed 1 second(s)

21-10-2025T20:11:31 - [TEST_STEP][PASSED] - click(findTestObject("FIM/Login_btn")): Object: 'Object Repository/FIM/Login_btn' is clicked on

21-10-2025T20:11:31 - [MESSAGE][PASSED] - Object: 'Object Repository/FIM/Login_btn' is clicked on

21-10-2025T20:11:31 - [MESSAGE][PASSED] - Call Test Case 'Test Cases/Utility Scripts/FIM KGL Admin Login' successfully

21-10-2025T20:11:31 - [TEST_STEP][PASSED] - waitForElementClickable(findTestObject("FIM 1.2/Hamburger Menu List/Hamburger_menu"), 30): Object 'Object Repository/FIM 1.2/Hamburger Menu List/Hamburger_menu' is clickable

21-10-2025T20:11:31 - [MESSAGE][PASSED] - Object 'Object Repository/FIM 1.2/Hamburger Menu List/Hamburger_menu' is clickable

21-10-2025T20:11:31 - [TEST_STEP][PASSED] - if (verifyElementVisible(findTestObject("FIM/Server_Notification_Close_btn"), OPTIONAL) == true): Web element with id: 'Object Repository/FIM/Server_Notification_Close_btn' located by '/html/body/div/div[1]/button' not found (Root cause: com.kms.katalon.core.exception.StepFailedException: Web element with id: 'Object Repository/FIM/Server_Notification_Close_btn' located by '/html/body/div/div[1]/button' not found
	at com.kms.katalon.core.webui.keyword.internal.WebUIKeywordMain.stepFailed(WebUIKeywordMain.groovy:117)
	at com.kms.katalon.core.webui.keyword.builtin.VerifyElementVisibleKeyword$_verifyElementVisible_closure1.doCall(VerifyElementVisibleKeyword.groovy:89)
	at com.kms.katalon.core.webui.keyword.builtin.VerifyElementVisibleKeyword$_verifyElementVisible_closure1.call(VerifyElementVisibleKeyword.groovy)
	at com.kms.katalon.core.webui.keyword.internal.WebUIKeywordMain.runKeyword(WebUIKeywordMain.groovy:35)
	at com.kms.katalon.core.webui.keyword.builtin.VerifyElementVisibleKeyword.verifyElementVisible(VerifyElementVisibleKeyword.groovy:97)
	at com.kms.katalon.core.webui.keyword.builtin.VerifyElementVisibleKeyword.execute(VerifyElementVisibleKeyword.groovy:67)
	at com.kms.katalon.core.keyword.internal.KeywordExecutor.executeKeywordForPlatform(KeywordExecutor.groovy:74)
	at com.kms.katalon.core.webui.keyword.WebUiBuiltInKeywords.verifyElementVisible(WebUiBuiltInKeywords.groovy:401)
	at com.kms.katalon.core.webui.keyword.WebUiBuiltInKeywords$verifyElementVisible$6.call(Unknown Source)
	at Updating Company State.run(Updating Company State:24)
	at com.kms.katalon.core.main.ScriptEngine.run(ScriptEngine.java:194)
	at com.kms.katalon.core.main.ScriptEngine.runScriptAsRawText(ScriptEngine.java:119)
	at com.kms.katalon.core.main.TestCaseExecutor.runScript(TestCaseExecutor.java:448)
	at com.kms.katalon.core.main.TestCaseExecutor.doExecute(TestCaseExecutor.java:439)
	at com.kms.katalon.core.main.TestCaseExecutor.processExecutionPhase(TestCaseExecutor.java:418)
	at com.kms.katalon.core.main.TestCaseExecutor.accessMainPhase(TestCaseExecutor.java:410)
	at com.kms.katalon.core.main.TestCaseExecutor.execute(TestCaseExecutor.java:285)
	at com.kms.katalon.core.common.CommonExecutor.accessTestCaseMainPhase(CommonExecutor.java:65)
	at com.kms.katalon.core.main.TestSuiteExecutor.accessTestSuiteMainPhase(TestSuiteExecutor.java:150)
	at com.kms.katalon.core.main.TestSuiteExecutor.execute(TestSuiteExecutor.java:106)
	at com.kms.katalon.core.main.TestCaseMain.startTestSuite(TestCaseMain.java:180)
	at com.kms.katalon.core.main.TestCaseMain$startTestSuite$0.call(Unknown Source)
	at TempTestSuite1761090740538.run(TempTestSuite1761090740538.groovy:35)
	at java.base/jdk.internal.reflect.NativeMethodAccessorImpl.invoke0(Native Method)
	at java.base/jdk.internal.reflect.NativeMethodAccessorImpl.invoke(NativeMethodAccessorImpl.java:77)
	at java.base/jdk.internal.reflect.DelegatingMethodAccessorImpl.invoke(DelegatingMethodAccessorImpl.java:43)
)

21-10-2025T20:11:47 - [MESSAGE][INFO] - Unable to find the element located by 'By.xpath: /html/body/div/div[1]/button'. Please recheck the objects properties to make sure the desired element is located. 

21-10-2025T20:11:47 - [MESSAGE][WARNING] - [SELF-HEALING] Failed to find element with id 'Object Repository/FIM/Server_Notification_Close_btn'. Try using Self-healing.

21-10-2025T20:11:48 - [MESSAGE][INFO] - [SELF-HEALING] No working XPath is found.

21-10-2025T20:11:50 - [MESSAGE][INFO] - Unable to find the element located by 'By.xpath: '. Please recheck the objects properties to make sure the desired element is located. 

21-10-2025T20:11:50 - [MESSAGE][WARNING] - [SELF-HEALING] Cannot find elements when the selector is null

21-10-2025T20:11:50 - [MESSAGE][WARNING] - Web element with id: 'Object Repository/FIM/Server_Notification_Close_btn' located by '/html/body/div/div[1]/button' not found (Root cause: com.kms.katalon.core.exception.StepFailedException: Web element with id: 'Object Repository/FIM/Server_Notification_Close_btn' located by '/html/body/div/div[1]/button' not found
	at com.kms.katalon.core.webui.keyword.internal.WebUIKeywordMain.stepFailed(WebUIKeywordMain.groovy:117)
	at com.kms.katalon.core.webui.keyword.builtin.VerifyElementVisibleKeyword$_verifyElementVisible_closure1.doCall(VerifyElementVisibleKeyword.groovy:89)
	at com.kms.katalon.core.webui.keyword.builtin.VerifyElementVisibleKeyword$_verifyElementVisible_closure1.call(VerifyElementVisibleKeyword.groovy)
	at com.kms.katalon.core.webui.keyword.internal.WebUIKeywordMain.runKeyword(WebUIKeywordMain.groovy:35)
	at com.kms.katalon.core.webui.keyword.builtin.VerifyElementVisibleKeyword.verifyElementVisible(VerifyElementVisibleKeyword.groovy:97)
	at com.kms.katalon.core.webui.keyword.builtin.VerifyElementVisibleKeyword.execute(VerifyElementVisibleKeyword.groovy:67)
	at com.kms.katalon.core.keyword.internal.KeywordExecutor.executeKeywordForPlatform(KeywordExecutor.groovy:74)
	at com.kms.katalon.core.webui.keyword.WebUiBuiltInKeywords.verifyElementVisible(WebUiBuiltInKeywords.groovy:401)
	at com.kms.katalon.core.webui.keyword.WebUiBuiltInKeywords$verifyElementVisible$6.call(Unknown Source)
	at Updating Company State.run(Updating Company State:24)
	at com.kms.katalon.core.main.ScriptEngine.run(ScriptEngine.java:194)
	at com.kms.katalon.core.main.ScriptEngine.runScriptAsRawText(ScriptEngine.java:119)
	at com.kms.katalon.core.main.TestCaseExecutor.runScript(TestCaseExecutor.java:448)
	at com.kms.katalon.core.main.TestCaseExecutor.doExecute(TestCaseExecutor.java:439)
	at com.kms.katalon.core.main.TestCaseExecutor.processExecutionPhase(TestCaseExecutor.java:418)
	at com.kms.katalon.core.main.TestCaseExecutor.accessMainPhase(TestCaseExecutor.java:410)
	at com.kms.katalon.core.main.TestCaseExecutor.execute(TestCaseExecutor.java:285)
	at com.kms.katalon.core.common.CommonExecutor.accessTestCaseMainPhase(CommonExecutor.java:65)
	at com.kms.katalon.core.main.TestSuiteExecutor.accessTestSuiteMainPhase(TestSuiteExecutor.java:150)
	at com.kms.katalon.core.main.TestSuiteExecutor.execute(TestSuiteExecutor.java:106)
	at com.kms.katalon.core.main.TestCaseMain.startTestSuite(TestCaseMain.java:180)
	at com.kms.katalon.core.main.TestCaseMain$startTestSuite$0.call(Unknown Source)
	at TempTestSuite1761090740538.run(TempTestSuite1761090740538.groovy:35)
	at java.base/jdk.internal.reflect.NativeMethodAccessorImpl.invoke0(Native Method)
	at java.base/jdk.internal.reflect.NativeMethodAccessorImpl.invoke(NativeMethodAccessorImpl.java:77)
	at java.base/jdk.internal.reflect.DelegatingMethodAccessorImpl.invoke(DelegatingMethodAccessorImpl.java:43)
)

21-10-2025T20:11:50 - [TEST_STEP][PASSED] - delay(1): Delayed 1 second(s)

21-10-2025T20:11:51 - [MESSAGE][PASSED] - Delayed 1 second(s)

21-10-2025T20:11:51 - [TEST_STEP][PASSED] - click(findTestObject("FIM/Hamburger Menu List/Hamburger_menu")): Object: 'Object Repository/FIM/Hamburger Menu List/Hamburger_menu' is clicked on

21-10-2025T20:11:51 - [MESSAGE][PASSED] - Object: 'Object Repository/FIM/Hamburger Menu List/Hamburger_menu' is clicked on

21-10-2025T20:11:51 - [TEST_STEP][PASSED] - delay(1): Delayed 1 second(s)

21-10-2025T20:11:52 - [MESSAGE][PASSED] - Delayed 1 second(s)

21-10-2025T20:11:52 - [TEST_STEP][PASSED] - click(findTestObject("Object Repository/FIM 1.2/Hamburger Menu List/Companies_list")): Object: 'Object Repository/FIM 1.2/Hamburger Menu List/Companies_list' is clicked on

21-10-2025T20:11:52 - [MESSAGE][PASSED] - Object: 'Object Repository/FIM 1.2/Hamburger Menu List/Companies_list' is clicked on

21-10-2025T20:11:52 - [TEST_STEP][PASSED] - delay(5): Delayed 5 second(s)

21-10-2025T20:11:57 - [MESSAGE][PASSED] - Delayed 5 second(s)

21-10-2025T20:11:57 - [TEST_STEP][PASSED] - if (verifyElementVisible(findTestObject("FIM/Existing Page with Pending Changes Close_btn"), OPTIONAL) == true): null

21-10-2025T20:11:57 - [MESSAGE][PASSED] - Object 'Object Repository/FIM/Existing Page with Pending Changes Close_btn' is visible

21-10-2025T20:11:57 - [TEST_STEP][PASSED] - click(findTestObject("FIM/Existing Page with Pending Changes Close_btn")): Object: 'Object Repository/FIM/Existing Page with Pending Changes Close_btn' is clicked on

21-10-2025T20:11:57 - [MESSAGE][PASSED] - Object: 'Object Repository/FIM/Existing Page with Pending Changes Close_btn' is clicked on

21-10-2025T20:11:57 - [TEST_STEP][PASSED] - sendKeys(findTestObject("FIM 1.2/Companies Page/Filter_input_txt"), "CBS"): Keys 'CBS' sent to object: 'Object Repository/FIM 1.2/Companies Page/Filter_input_txt'

21-10-2025T20:11:58 - [MESSAGE][PASSED] - Keys 'CBS' sent to object: 'Object Repository/FIM 1.2/Companies Page/Filter_input_txt'

21-10-2025T20:11:58 - [TEST_STEP][PASSED] - delay(1): Delayed 1 second(s)

21-10-2025T20:11:59 - [MESSAGE][PASSED] - Delayed 1 second(s)

21-10-2025T20:11:59 - [TEST_STEP][FAILED] - click(findTestObject("FIM 1.2/Companies Page/Edit_btn")): Unable to click on object 'Object Repository/FIM 1.2/Companies Page/Edit_btn' (Root cause: com.kms.katalon.core.exception.StepFailedException: Unable to click on object 'Object Repository/FIM 1.2/Companies Page/Edit_btn'
	at com.kms.katalon.core.webui.keyword.internal.WebUIKeywordMain.stepFailed(WebUIKeywordMain.groovy:117)
	at com.kms.katalon.core.webui.keyword.internal.WebUIKeywordMain.runKeyword(WebUIKeywordMain.groovy:43)
	at com.kms.katalon.core.webui.keyword.builtin.ClickKeyword.click(ClickKeyword.groovy:74)
	at com.kms.katalon.core.webui.keyword.builtin.ClickKeyword.execute(ClickKeyword.groovy:40)
	at com.kms.katalon.core.keyword.internal.KeywordExecutor.executeKeywordForPlatform(KeywordExecutor.groovy:74)
	at com.kms.katalon.core.webui.keyword.WebUiBuiltInKeywords.click(WebUiBuiltInKeywords.groovy:659)
	at com.kms.katalon.core.webui.keyword.WebUiBuiltInKeywords$click$4.call(Unknown Source)
	at Updating Company State.run(Updating Company State:47)
	at com.kms.katalon.core.main.ScriptEngine.run(ScriptEngine.java:194)
	at com.kms.katalon.core.main.ScriptEngine.runScriptAsRawText(ScriptEngine.java:119)
	at com.kms.katalon.core.main.TestCaseExecutor.runScript(TestCaseExecutor.java:448)
	at com.kms.katalon.core.main.TestCaseExecutor.doExecute(TestCaseExecutor.java:439)
	at com.kms.katalon.core.main.TestCaseExecutor.processExecutionPhase(TestCaseExecutor.java:418)
	at com.kms.katalon.core.main.TestCaseExecutor.accessMainPhase(TestCaseExecutor.java:410)
	at com.kms.katalon.core.main.TestCaseExecutor.execute(TestCaseExecutor.java:285)
	at com.kms.katalon.core.common.CommonExecutor.accessTestCaseMainPhase(CommonExecutor.java:65)
	at com.kms.katalon.core.main.TestSuiteExecutor.accessTestSuiteMainPhase(TestSuiteExecutor.java:150)
	at com.kms.katalon.core.main.TestSuiteExecutor.execute(TestSuiteExecutor.java:106)
	at com.kms.katalon.core.main.TestCaseMain.startTestSuite(TestCaseMain.java:180)
	at com.kms.katalon.core.main.TestCaseMain$startTestSuite$0.call(Unknown Source)
	at TempTestSuite1761090740538.run(TempTestSuite1761090740538.groovy:35)
	at java.base/jdk.internal.reflect.NativeMethodAccessorImpl.invoke0(Native Method)
	at java.base/jdk.internal.reflect.NativeMethodAccessorImpl.invoke(NativeMethodAccessorImpl.java:77)
	at java.base/jdk.internal.reflect.DelegatingMethodAccessorImpl.invoke(DelegatingMethodAccessorImpl.java:43)
Caused by: com.kms.katalon.core.webui.exception.WebElementNotFoundException: Web element with id: 'Object Repository/FIM 1.2/Companies Page/Edit_btn' located by '/html/body/div/div[2]/div/div/div[1]/div[3]/div/div/table/tbody/tr/td[3]/button[1]' not found
	at com.kms.katalon.core.webui.common.WebUiCommonHelper.findWebElement(WebUiCommonHelper.java:1423)
	at com.kms.katalon.core.webui.keyword.internal.WebUIAbstractKeyword.findWebElement(WebUIAbstractKeyword.groovy:27)
	at com.kms.katalon.core.webui.keyword.builtin.ClickKeyword$_click_closure1.doCall(ClickKeyword.groovy:65)
	at com.kms.katalon.core.webui.keyword.builtin.ClickKeyword$_click_closure1.call(ClickKeyword.groovy)
	at com.kms.katalon.core.webui.keyword.internal.WebUIKeywordMain.runKeyword(WebUIKeywordMain.groovy:35)
	at com.kms.katalon.core.webui.keyword.builtin.ClickKeyword.click(ClickKeyword.groovy:74)
	at com.kms.katalon.core.webui.keyword.builtin.ClickKeyword.execute(ClickKeyword.groovy:40)
	at com.kms.katalon.core.keyword.internal.KeywordExecutor.executeKeywordForPlatform(KeywordExecutor.groovy:74)
	at com.kms.katalon.core.webui.keyword.WebUiBuiltInKeywords.click(WebUiBuiltInKeywords.groovy:659)
	at com.kms.katalon.core.webui.keyword.WebUiBuiltInKeywords$click$4.call(Unknown Source)
	at Script1705351041142.run(Script1705351041142.groovy:47)
	... 16 more
)

21-10-2025T20:12:15 - [MESSAGE][INFO] - Unable to find the element located by 'By.xpath: /html/body/div/div[2]/div/div/div[1]/div[3]/div/div/table/tbody/tr/td[3]/button[1]'. Please recheck the objects properties to make sure the desired element is located. 

21-10-2025T20:12:15 - [MESSAGE][WARNING] - [SELF-HEALING] Failed to find element with id 'Object Repository/FIM 1.2/Companies Page/Edit_btn'. Try using Self-healing.

21-10-2025T20:12:16 - [MESSAGE][INFO] - [SELF-HEALING] No working XPath is found.

21-10-2025T20:12:18 - [MESSAGE][INFO] - Unable to find the element located by 'By.xpath: '. Please recheck the objects properties to make sure the desired element is located. 

21-10-2025T20:12:18 - [MESSAGE][WARNING] - [SELF-HEALING] Cannot find elements when the selector is null

21-10-2025T20:12:18 - [MESSAGE][FAILED] - Unable to click on object 'Object Repository/FIM 1.2/Companies Page/Edit_btn' (Root cause: com.kms.katalon.core.exception.StepFailedException: Unable to click on object 'Object Repository/FIM 1.2/Companies Page/Edit_btn'
	at com.kms.katalon.core.webui.keyword.internal.WebUIKeywordMain.stepFailed(WebUIKeywordMain.groovy:117)
	at com.kms.katalon.core.webui.keyword.internal.WebUIKeywordMain.runKeyword(WebUIKeywordMain.groovy:43)
	at com.kms.katalon.core.webui.keyword.builtin.ClickKeyword.click(ClickKeyword.groovy:74)
	at com.kms.katalon.core.webui.keyword.builtin.ClickKeyword.execute(ClickKeyword.groovy:40)
	at com.kms.katalon.core.keyword.internal.KeywordExecutor.executeKeywordForPlatform(KeywordExecutor.groovy:74)
	at com.kms.katalon.core.webui.keyword.WebUiBuiltInKeywords.click(WebUiBuiltInKeywords.groovy:659)
	at com.kms.katalon.core.webui.keyword.WebUiBuiltInKeywords$click$4.call(Unknown Source)
	at Updating Company State.run(Updating Company State:47)
	at com.kms.katalon.core.main.ScriptEngine.run(ScriptEngine.java:194)
	at com.kms.katalon.core.main.ScriptEngine.runScriptAsRawText(ScriptEngine.java:119)
	at com.kms.katalon.core.main.TestCaseExecutor.runScript(TestCaseExecutor.java:448)
	at com.kms.katalon.core.main.TestCaseExecutor.doExecute(TestCaseExecutor.java:439)
	at com.kms.katalon.core.main.TestCaseExecutor.processExecutionPhase(TestCaseExecutor.java:418)
	at com.kms.katalon.core.main.TestCaseExecutor.accessMainPhase(TestCaseExecutor.java:410)
	at com.kms.katalon.core.main.TestCaseExecutor.execute(TestCaseExecutor.java:285)
	at com.kms.katalon.core.common.CommonExecutor.accessTestCaseMainPhase(CommonExecutor.java:65)
	at com.kms.katalon.core.main.TestSuiteExecutor.accessTestSuiteMainPhase(TestSuiteExecutor.java:150)
	at com.kms.katalon.core.main.TestSuiteExecutor.execute(TestSuiteExecutor.java:106)
	at com.kms.katalon.core.main.TestCaseMain.startTestSuite(TestCaseMain.java:180)
	at com.kms.katalon.core.main.TestCaseMain$startTestSuite$0.call(Unknown Source)
	at TempTestSuite1761090740538.run(TempTestSuite1761090740538.groovy:35)
	at java.base/jdk.internal.reflect.NativeMethodAccessorImpl.invoke0(Native Method)
	at java.base/jdk.internal.reflect.NativeMethodAccessorImpl.invoke(NativeMethodAccessorImpl.java:77)
	at java.base/jdk.internal.reflect.DelegatingMethodAccessorImpl.invoke(DelegatingMethodAccessorImpl.java:43)
Caused by: com.kms.katalon.core.webui.exception.WebElementNotFoundException: Web element with id: 'Object Repository/FIM 1.2/Companies Page/Edit_btn' located by '/html/body/div/div[2]/div/div/div[1]/div[3]/div/div/table/tbody/tr/td[3]/button[1]' not found
	at com.kms.katalon.core.webui.common.WebUiCommonHelper.findWebElement(WebUiCommonHelper.java:1423)
	at com.kms.katalon.core.webui.keyword.internal.WebUIAbstractKeyword.findWebElement(WebUIAbstractKeyword.groovy:27)
	at com.kms.katalon.core.webui.keyword.builtin.ClickKeyword$_click_closure1.doCall(ClickKeyword.groovy:65)
	at com.kms.katalon.core.webui.keyword.builtin.ClickKeyword$_click_closure1.call(ClickKeyword.groovy)
	at com.kms.katalon.core.webui.keyword.internal.WebUIKeywordMain.runKeyword(WebUIKeywordMain.groovy:35)
	at com.kms.katalon.core.webui.keyword.builtin.ClickKeyword.click(ClickKeyword.groovy:74)
	at com.kms.katalon.core.webui.keyword.builtin.ClickKeyword.execute(ClickKeyword.groovy:40)
	at com.kms.katalon.core.keyword.internal.KeywordExecutor.executeKeywordForPlatform(KeywordExecutor.groovy:74)
	at com.kms.katalon.core.webui.keyword.WebUiBuiltInKeywords.click(WebUiBuiltInKeywords.groovy:659)
	at com.kms.katalon.core.webui.keyword.WebUiBuiltInKeywords$click$4.call(Unknown Source)
	at Script1705351041142.run(Script1705351041142.groovy:47)
	... 16 more
)

21-10-2025T20:12:18 - [TEST_STEP][PASSED] - Start listener action : retryOnDisconnect: Current window's url is: 'https://kaglogistics-inventory-management-portal.qa.thekag.com/companies/'

21-10-2025T20:12:18 - [TEST_STEP][PASSED] - tcId = testCaseContext.getTestCaseId(): null

21-10-2025T20:12:18 - [TEST_STEP][PASSED] - currentRetry = retryCounts.getOrDefault(tcId, 0): null

21-10-2025T20:12:18 - [TEST_STEP][PASSED] - if (testCaseContext.getTestCaseStatus() == "FAILED" && currentRetry < MAX_RETRIES): Current window's url is: 'https://kaglogistics-inventory-management-portal.qa.thekag.com/companies/'

21-10-2025T20:12:18 - [TEST_STEP][PASSED] - try: Current window's url is: 'https://kaglogistics-inventory-management-portal.qa.thekag.com/companies/'

21-10-2025T20:12:18 - [TEST_STEP][PASSED] - comment(Checking for WebDriver disconnect for test case: $tcId): Checking for WebDriver disconnect for test case: Test Cases/FIM/UI/KGL/Admin/Company/Updating Company State

21-10-2025T20:12:18 - [MESSAGE][INFO] - Checking for WebDriver disconnect for test case: Test Cases/FIM/UI/KGL/Admin/Company/Updating Company State

21-10-2025T20:12:18 - [TEST_STEP][PASSED] - getUrl(): Current window's url is: 'https://kaglogistics-inventory-management-portal.qa.thekag.com/companies/'

21-10-2025T20:12:18 - [MESSAGE][PASSED] - Current window's url is: 'https://kaglogistics-inventory-management-portal.qa.thekag.com/companies/']]></system-out>
         <system-err><![CDATA[21-10-2025T20:11:15 - [TEST_CASE][FAILED] - Test Cases/FIM/UI/KGL/Admin/Company/Updating Company State: Test Cases/FIM/UI/KGL/Admin/Company/Updating Company State FAILED.
Reason:
com.kms.katalon.core.exception.StepFailedException: Unable to click on object 'Object Repository/FIM 1.2/Companies Page/Edit_btn'
	at com.kms.katalon.core.webui.keyword.internal.WebUIKeywordMain.stepFailed(WebUIKeywordMain.groovy:117)
	at com.kms.katalon.core.webui.keyword.internal.WebUIKeywordMain.runKeyword(WebUIKeywordMain.groovy:43)
	at com.kms.katalon.core.webui.keyword.builtin.ClickKeyword.click(ClickKeyword.groovy:74)
	at com.kms.katalon.core.webui.keyword.builtin.ClickKeyword.execute(ClickKeyword.groovy:40)
	at com.kms.katalon.core.keyword.internal.KeywordExecutor.executeKeywordForPlatform(KeywordExecutor.groovy:74)
	at com.kms.katalon.core.webui.keyword.WebUiBuiltInKeywords.click(WebUiBuiltInKeywords.groovy:659)
	at com.kms.katalon.core.webui.keyword.WebUiBuiltInKeywords$click$4.call(Unknown Source)
	at Updating Company State.run(Updating Company State:47)
	at com.kms.katalon.core.main.ScriptEngine.run(ScriptEngine.java:194)
	at com.kms.katalon.core.main.ScriptEngine.runScriptAsRawText(ScriptEngine.java:119)
	at com.kms.katalon.core.main.TestCaseExecutor.runScript(TestCaseExecutor.java:448)
	at com.kms.katalon.core.main.TestCaseExecutor.doExecute(TestCaseExecutor.java:439)
	at com.kms.katalon.core.main.TestCaseExecutor.processExecutionPhase(TestCaseExecutor.java:418)
	at com.kms.katalon.core.main.TestCaseExecutor.accessMainPhase(TestCaseExecutor.java:410)
	at com.kms.katalon.core.main.TestCaseExecutor.execute(TestCaseExecutor.java:285)
	at com.kms.katalon.core.common.CommonExecutor.accessTestCaseMainPhase(CommonExecutor.java:65)
	at com.kms.katalon.core.main.TestSuiteExecutor.accessTestSuiteMainPhase(TestSuiteExecutor.java:150)
	at com.kms.katalon.core.main.TestSuiteExecutor.execute(TestSuiteExecutor.java:106)
	at com.kms.katalon.core.main.TestCaseMain.startTestSuite(TestCaseMain.java:180)
	at com.kms.katalon.core.main.TestCaseMain$startTestSuite$0.call(Unknown Source)
	at TempTestSuite1761090740538.run(TempTestSuite1761090740538.groovy:35)
	at java.base/jdk.internal.reflect.NativeMethodAccessorImpl.invoke0(Native Method)
	at java.base/jdk.internal.reflect.NativeMethodAccessorImpl.invoke(NativeMethodAccessorImpl.java:77)
	at java.base/jdk.internal.reflect.DelegatingMethodAccessorImpl.invoke(DelegatingMethodAccessorImpl.java:43)
Caused by: com.kms.katalon.core.webui.exception.WebElementNotFoundException: Web element with id: 'Object Repository/FIM 1.2/Companies Page/Edit_btn' located by '/html/body/div/div[2]/div/div/div[1]/div[3]/div/div/table/tbody/tr/td[3]/button[1]' not found
	at com.kms.katalon.core.webui.common.WebUiCommonHelper.findWebElement(WebUiCommonHelper.java:1423)
	at com.kms.katalon.core.webui.keyword.internal.WebUIAbstractKeyword.findWebElement(WebUIAbstractKeyword.groovy:27)
	at com.kms.katalon.core.webui.keyword.builtin.ClickKeyword$_click_closure1.doCall(ClickKeyword.groovy:65)
	at com.kms.katalon.core.webui.keyword.builtin.ClickKeyword$_click_closure1.call(ClickKeyword.groovy)
	at com.kms.katalon.core.webui.keyword.internal.WebUIKeywordMain.runKeyword(WebUIKeywordMain.groovy:35)
	... 22 more]]></system-err>
      </testcase>
      <testcase name="Test Cases/FIM/UI/KGL/Admin/Company/Updating Company UniqueID" time="62.585" classname="Test Cases/FIM/UI/KGL/Admin/Company/Updating Company UniqueID" status="FAILED">
         <failure type="FAILED" message="Test Cases/FIM/UI/KGL/Admin/Company/Updating Company UniqueID FAILED.&#xa;Reason:&#xa;com.kms.katalon.core.exception.StepFailedException: Unable to click on object 'Object Repository/FIM 1.2/Companies Page/Edit_btn'&#xa;	at com.kms.katalon.core.webui.keyword.internal.WebUIKeywordMain.stepFailed(WebUIKeywordMain.groovy:117)&#xa;	at com.kms.katalon.core.webui.keyword.internal.WebUIKeywordMain.runKeyword(WebUIKeywordMain.groovy:43)&#xa;	at com.kms.katalon.core.webui.keyword.builtin.ClickKeyword.click(ClickKeyword.groovy:74)&#xa;	at com.kms.katalon.core.webui.keyword.builtin.ClickKeyword.execute(ClickKeyword.groovy:40)&#xa;	at com.kms.katalon.core.keyword.internal.KeywordExecutor.executeKeywordForPlatform(KeywordExecutor.groovy:74)&#xa;	at com.kms.katalon.core.webui.keyword.WebUiBuiltInKeywords.click(WebUiBuiltInKeywords.groovy:659)&#xa;	at com.kms.katalon.core.webui.keyword.WebUiBuiltInKeywords$click$4.call(Unknown Source)&#xa;	at Updating Company UniqueID.run(Updating Company UniqueID:47)&#xa;	at com.kms.katalon.core.main.ScriptEngine.run(ScriptEngine.java:194)&#xa;	at com.kms.katalon.core.main.ScriptEngine.runScriptAsRawText(ScriptEngine.java:119)&#xa;	at com.kms.katalon.core.main.TestCaseExecutor.runScript(TestCaseExecutor.java:448)&#xa;	at com.kms.katalon.core.main.TestCaseExecutor.doExecute(TestCaseExecutor.java:439)&#xa;	at com.kms.katalon.core.main.TestCaseExecutor.processExecutionPhase(TestCaseExecutor.java:418)&#xa;	at com.kms.katalon.core.main.TestCaseExecutor.accessMainPhase(TestCaseExecutor.java:410)&#xa;	at com.kms.katalon.core.main.TestCaseExecutor.execute(TestCaseExecutor.java:285)&#xa;	at com.kms.katalon.core.common.CommonExecutor.accessTestCaseMainPhase(CommonExecutor.java:65)&#xa;	at com.kms.katalon.core.main.TestSuiteExecutor.accessTestSuiteMainPhase(TestSuiteExecutor.java:150)&#xa;	at com.kms.katalon.core.main.TestSuiteExecutor.execute(TestSuiteExecutor.java:106)&#xa;	at com.kms.katalon.core.main.TestCaseMain.startTestSuite(TestCaseMain.java:180)&#xa;	at com.kms.katalon.core.main.TestCaseMain$startTestSuite$0.call(Unknown Source)&#xa;	at TempTestSuite1761090740538.run(TempTestSuite1761090740538.groovy:35)&#xa;	at java.base/jdk.internal.reflect.NativeMethodAccessorImpl.invoke0(Native Method)&#xa;	at java.base/jdk.internal.reflect.NativeMethodAccessorImpl.invoke(NativeMethodAccessorImpl.java:77)&#xa;	at java.base/jdk.internal.reflect.DelegatingMethodAccessorImpl.invoke(DelegatingMethodAccessorImpl.java:43)&#xa;Caused by: com.kms.katalon.core.webui.exception.WebElementNotFoundException: Web element with id: 'Object Repository/FIM 1.2/Companies Page/Edit_btn' located by '/html/body/div/div[2]/div/div/div[1]/div[3]/div/div/table/tbody/tr/td[3]/button[1]' not found&#xa;	at com.kms.katalon.core.webui.common.WebUiCommonHelper.findWebElement(WebUiCommonHelper.java:1423)&#xa;	at com.kms.katalon.core.webui.keyword.internal.WebUIAbstractKeyword.findWebElement(WebUIAbstractKeyword.groovy:27)&#xa;	at com.kms.katalon.core.webui.keyword.builtin.ClickKeyword$_click_closure1.doCall(ClickKeyword.groovy:65)&#xa;	at com.kms.katalon.core.webui.keyword.builtin.ClickKeyword$_click_closure1.call(ClickKeyword.groovy)&#xa;	at com.kms.katalon.core.webui.keyword.internal.WebUIKeywordMain.runKeyword(WebUIKeywordMain.groovy:35)&#xa;	... 22 more&#xa;"/>
         <system-out><![CDATA[21-10-2025T20:12:18 - [TEST_CASE][FAILED] - Test Cases/FIM/UI/KGL/Admin/Company/Updating Company UniqueID: Test Cases/FIM/UI/KGL/Admin/Company/Updating Company UniqueID FAILED.
Reason:
com.kms.katalon.core.exception.StepFailedException: Unable to click on object 'Object Repository/FIM 1.2/Companies Page/Edit_btn'
	at com.kms.katalon.core.webui.keyword.internal.WebUIKeywordMain.stepFailed(WebUIKeywordMain.groovy:117)
	at com.kms.katalon.core.webui.keyword.internal.WebUIKeywordMain.runKeyword(WebUIKeywordMain.groovy:43)
	at com.kms.katalon.core.webui.keyword.builtin.ClickKeyword.click(ClickKeyword.groovy:74)
	at com.kms.katalon.core.webui.keyword.builtin.ClickKeyword.execute(ClickKeyword.groovy:40)
	at com.kms.katalon.core.keyword.internal.KeywordExecutor.executeKeywordForPlatform(KeywordExecutor.groovy:74)
	at com.kms.katalon.core.webui.keyword.WebUiBuiltInKeywords.click(WebUiBuiltInKeywords.groovy:659)
	at com.kms.katalon.core.webui.keyword.WebUiBuiltInKeywords$click$4.call(Unknown Source)
	at Updating Company UniqueID.run(Updating Company UniqueID:47)
	at com.kms.katalon.core.main.ScriptEngine.run(ScriptEngine.java:194)
	at com.kms.katalon.core.main.ScriptEngine.runScriptAsRawText(ScriptEngine.java:119)
	at com.kms.katalon.core.main.TestCaseExecutor.runScript(TestCaseExecutor.java:448)
	at com.kms.katalon.core.main.TestCaseExecutor.doExecute(TestCaseExecutor.java:439)
	at com.kms.katalon.core.main.TestCaseExecutor.processExecutionPhase(TestCaseExecutor.java:418)
	at com.kms.katalon.core.main.TestCaseExecutor.accessMainPhase(TestCaseExecutor.java:410)
	at com.kms.katalon.core.main.TestCaseExecutor.execute(TestCaseExecutor.java:285)
	at com.kms.katalon.core.common.CommonExecutor.accessTestCaseMainPhase(CommonExecutor.java:65)
	at com.kms.katalon.core.main.TestSuiteExecutor.accessTestSuiteMainPhase(TestSuiteExecutor.java:150)
	at com.kms.katalon.core.main.TestSuiteExecutor.execute(TestSuiteExecutor.java:106)
	at com.kms.katalon.core.main.TestCaseMain.startTestSuite(TestCaseMain.java:180)
	at com.kms.katalon.core.main.TestCaseMain$startTestSuite$0.call(Unknown Source)
	at TempTestSuite1761090740538.run(TempTestSuite1761090740538.groovy:35)
	at java.base/jdk.internal.reflect.NativeMethodAccessorImpl.invoke0(Native Method)
	at java.base/jdk.internal.reflect.NativeMethodAccessorImpl.invoke(NativeMethodAccessorImpl.java:77)
	at java.base/jdk.internal.reflect.DelegatingMethodAccessorImpl.invoke(DelegatingMethodAccessorImpl.java:43)
Caused by: com.kms.katalon.core.webui.exception.WebElementNotFoundException: Web element with id: 'Object Repository/FIM 1.2/Companies Page/Edit_btn' located by '/html/body/div/div[2]/div/div/div[1]/div[3]/div/div/table/tbody/tr/td[3]/button[1]' not found
	at com.kms.katalon.core.webui.common.WebUiCommonHelper.findWebElement(WebUiCommonHelper.java:1423)
	at com.kms.katalon.core.webui.keyword.internal.WebUIAbstractKeyword.findWebElement(WebUIAbstractKeyword.groovy:27)
	at com.kms.katalon.core.webui.keyword.builtin.ClickKeyword$_click_closure1.doCall(ClickKeyword.groovy:65)
	at com.kms.katalon.core.webui.keyword.builtin.ClickKeyword$_click_closure1.call(ClickKeyword.groovy)
	at com.kms.katalon.core.webui.keyword.internal.WebUIKeywordMain.runKeyword(WebUIKeywordMain.groovy:35)
	... 22 more


21-10-2025T20:12:18 - [TEST_STEP][PASSED] - Start listener action : beforeTestCase: null

21-10-2025T20:12:18 - [TEST_STEP][PASSED] - addDefaultPackages(): null

21-10-2025T20:12:18 - [TEST_STEP][PASSED] - callTestCase(findTestCase("Utility Scripts/FIM KGL Admin Login"), [:], STOP_ON_FAILURE): Call Test Case 'Test Cases/Utility Scripts/FIM KGL Admin Login' successfully

21-10-2025T20:12:18 - [TEST_CASE][PASSED] - Test Cases/Utility Scripts/FIM KGL Admin Login: Test Cases/Utility Scripts/FIM KGL Admin Login

21-10-2025T20:12:18 - [TEST_STEP][PASSED] - openBrowser(""): Browser is opened with url: ''

21-10-2025T20:12:18 - [MESSAGE][WARNING] - A browser is already opened. Closing browser and opening a new one

21-10-2025T20:12:18 - [MESSAGE][INFO] - Starting 'Chrome' driver

21-10-2025T20:12:18 - [MESSAGE][INFO] - User set preference: ['args', '[--no-sandbox, --disable-gpu, --disable-dev-shm-usage]']

21-10-2025T20:12:18 - [MESSAGE][INFO] - Action delay is set to 0 milliseconds

21-10-2025T20:12:19 - [MESSAGE][PASSED] - Browser is opened with url: ''

21-10-2025T20:12:19 - [TEST_STEP][PASSED] - delay(1): Delayed 1 second(s)

21-10-2025T20:12:20 - [MESSAGE][PASSED] - Delayed 1 second(s)

21-10-2025T20:12:20 - [TEST_STEP][PASSED] - navigateToUrl(KGLCustomGroupUrl): Navigate to 'https://kaglogistics-inventory-management-portal.qa.thekag.com/custom-group/' successfully

21-10-2025T20:12:20 - [MESSAGE][PASSED] - Navigate to 'https://kaglogistics-inventory-management-portal.qa.thekag.com/custom-group/' successfully

21-10-2025T20:12:20 - [TEST_STEP][PASSED] - delay(10): Delayed 10 second(s)

21-10-2025T20:12:30 - [MESSAGE][PASSED] - Delayed 10 second(s)

21-10-2025T20:12:30 - [TEST_STEP][PASSED] - if (maximizeWindow == true): Delayed 1 second(s)

21-10-2025T20:12:30 - [TEST_STEP][PASSED] - maximizeWindow(STOP_ON_FAILURE): Current window maximized

21-10-2025T20:12:30 - [MESSAGE][PASSED] - Current window maximized

21-10-2025T20:12:30 - [TEST_STEP][PASSED] - delay(1): Delayed 1 second(s)

21-10-2025T20:12:31 - [MESSAGE][PASSED] - Delayed 1 second(s)

21-10-2025T20:12:31 - [TEST_STEP][PASSED] - waitForElementPresent(findTestObject("FIM/Username_txt"), 10): Object 'Object Repository/FIM/Username_txt' is present

21-10-2025T20:12:31 - [MESSAGE][PASSED] - Object 'Object Repository/FIM/Username_txt' is present

21-10-2025T20:12:31 - [TEST_STEP][PASSED] - setText(findTestObject("FIM/Username_txt"), FIMUsername): Text 'Chris.Sheldon+DES_QA@Thekag.com' is set on object 'Object Repository/FIM/Username_txt'

21-10-2025T20:12:31 - [MESSAGE][PASSED] - Text 'Chris.Sheldon+DES_QA@Thekag.com' is set on object 'Object Repository/FIM/Username_txt'

21-10-2025T20:12:31 - [TEST_STEP][PASSED] - delay(1): Delayed 1 second(s)

21-10-2025T20:12:32 - [MESSAGE][PASSED] - Delayed 1 second(s)

21-10-2025T20:12:32 - [TEST_STEP][PASSED] - setText(findTestObject("FIM/Password_txt"), FIMPassword): Text 'QATest!2' is set on object 'Object Repository/FIM/Password_txt'

21-10-2025T20:12:32 - [MESSAGE][PASSED] - Text 'QATest!2' is set on object 'Object Repository/FIM/Password_txt'

21-10-2025T20:12:32 - [TEST_STEP][PASSED] - delay(1): Delayed 1 second(s)

21-10-2025T20:12:33 - [MESSAGE][PASSED] - Delayed 1 second(s)

21-10-2025T20:12:33 - [TEST_STEP][PASSED] - click(findTestObject("FIM/Login_btn")): Object: 'Object Repository/FIM/Login_btn' is clicked on

21-10-2025T20:12:34 - [MESSAGE][PASSED] - Object: 'Object Repository/FIM/Login_btn' is clicked on

21-10-2025T20:12:34 - [MESSAGE][PASSED] - Call Test Case 'Test Cases/Utility Scripts/FIM KGL Admin Login' successfully

21-10-2025T20:12:34 - [TEST_STEP][PASSED] - waitForElementClickable(findTestObject("FIM 1.2/Hamburger Menu List/Hamburger_menu"), 30): Object 'Object Repository/FIM 1.2/Hamburger Menu List/Hamburger_menu' is clickable

21-10-2025T20:12:34 - [MESSAGE][PASSED] - Object 'Object Repository/FIM 1.2/Hamburger Menu List/Hamburger_menu' is clickable

21-10-2025T20:12:34 - [TEST_STEP][PASSED] - if (verifyElementVisible(findTestObject("FIM/Server_Notification_Close_btn"), OPTIONAL) == true): Web element with id: 'Object Repository/FIM/Server_Notification_Close_btn' located by '/html/body/div/div[1]/button' not found (Root cause: com.kms.katalon.core.exception.StepFailedException: Web element with id: 'Object Repository/FIM/Server_Notification_Close_btn' located by '/html/body/div/div[1]/button' not found
	at com.kms.katalon.core.webui.keyword.internal.WebUIKeywordMain.stepFailed(WebUIKeywordMain.groovy:117)
	at com.kms.katalon.core.webui.keyword.builtin.VerifyElementVisibleKeyword$_verifyElementVisible_closure1.doCall(VerifyElementVisibleKeyword.groovy:89)
	at com.kms.katalon.core.webui.keyword.builtin.VerifyElementVisibleKeyword$_verifyElementVisible_closure1.call(VerifyElementVisibleKeyword.groovy)
	at com.kms.katalon.core.webui.keyword.internal.WebUIKeywordMain.runKeyword(WebUIKeywordMain.groovy:35)
	at com.kms.katalon.core.webui.keyword.builtin.VerifyElementVisibleKeyword.verifyElementVisible(VerifyElementVisibleKeyword.groovy:97)
	at com.kms.katalon.core.webui.keyword.builtin.VerifyElementVisibleKeyword.execute(VerifyElementVisibleKeyword.groovy:67)
	at com.kms.katalon.core.keyword.internal.KeywordExecutor.executeKeywordForPlatform(KeywordExecutor.groovy:74)
	at com.kms.katalon.core.webui.keyword.WebUiBuiltInKeywords.verifyElementVisible(WebUiBuiltInKeywords.groovy:401)
	at com.kms.katalon.core.webui.keyword.WebUiBuiltInKeywords$verifyElementVisible$6.call(Unknown Source)
	at Updating Company UniqueID.run(Updating Company UniqueID:24)
	at com.kms.katalon.core.main.ScriptEngine.run(ScriptEngine.java:194)
	at com.kms.katalon.core.main.ScriptEngine.runScriptAsRawText(ScriptEngine.java:119)
	at com.kms.katalon.core.main.TestCaseExecutor.runScript(TestCaseExecutor.java:448)
	at com.kms.katalon.core.main.TestCaseExecutor.doExecute(TestCaseExecutor.java:439)
	at com.kms.katalon.core.main.TestCaseExecutor.processExecutionPhase(TestCaseExecutor.java:418)
	at com.kms.katalon.core.main.TestCaseExecutor.accessMainPhase(TestCaseExecutor.java:410)
	at com.kms.katalon.core.main.TestCaseExecutor.execute(TestCaseExecutor.java:285)
	at com.kms.katalon.core.common.CommonExecutor.accessTestCaseMainPhase(CommonExecutor.java:65)
	at com.kms.katalon.core.main.TestSuiteExecutor.accessTestSuiteMainPhase(TestSuiteExecutor.java:150)
	at com.kms.katalon.core.main.TestSuiteExecutor.execute(TestSuiteExecutor.java:106)
	at com.kms.katalon.core.main.TestCaseMain.startTestSuite(TestCaseMain.java:180)
	at com.kms.katalon.core.main.TestCaseMain$startTestSuite$0.call(Unknown Source)
	at TempTestSuite1761090740538.run(TempTestSuite1761090740538.groovy:35)
	at java.base/jdk.internal.reflect.NativeMethodAccessorImpl.invoke0(Native Method)
	at java.base/jdk.internal.reflect.NativeMethodAccessorImpl.invoke(NativeMethodAccessorImpl.java:77)
	at java.base/jdk.internal.reflect.DelegatingMethodAccessorImpl.invoke(DelegatingMethodAccessorImpl.java:43)
)

21-10-2025T20:12:50 - [MESSAGE][INFO] - Unable to find the element located by 'By.xpath: /html/body/div/div[1]/button'. Please recheck the objects properties to make sure the desired element is located. 

21-10-2025T20:12:50 - [MESSAGE][WARNING] - [SELF-HEALING] Failed to find element with id 'Object Repository/FIM/Server_Notification_Close_btn'. Try using Self-healing.

21-10-2025T20:12:51 - [MESSAGE][INFO] - [SELF-HEALING] No working XPath is found.

21-10-2025T20:12:53 - [MESSAGE][INFO] - Unable to find the element located by 'By.xpath: '. Please recheck the objects properties to make sure the desired element is located. 

21-10-2025T20:12:53 - [MESSAGE][WARNING] - [SELF-HEALING] Cannot find elements when the selector is null

21-10-2025T20:12:53 - [MESSAGE][WARNING] - Web element with id: 'Object Repository/FIM/Server_Notification_Close_btn' located by '/html/body/div/div[1]/button' not found (Root cause: com.kms.katalon.core.exception.StepFailedException: Web element with id: 'Object Repository/FIM/Server_Notification_Close_btn' located by '/html/body/div/div[1]/button' not found
	at com.kms.katalon.core.webui.keyword.internal.WebUIKeywordMain.stepFailed(WebUIKeywordMain.groovy:117)
	at com.kms.katalon.core.webui.keyword.builtin.VerifyElementVisibleKeyword$_verifyElementVisible_closure1.doCall(VerifyElementVisibleKeyword.groovy:89)
	at com.kms.katalon.core.webui.keyword.builtin.VerifyElementVisibleKeyword$_verifyElementVisible_closure1.call(VerifyElementVisibleKeyword.groovy)
	at com.kms.katalon.core.webui.keyword.internal.WebUIKeywordMain.runKeyword(WebUIKeywordMain.groovy:35)
	at com.kms.katalon.core.webui.keyword.builtin.VerifyElementVisibleKeyword.verifyElementVisible(VerifyElementVisibleKeyword.groovy:97)
	at com.kms.katalon.core.webui.keyword.builtin.VerifyElementVisibleKeyword.execute(VerifyElementVisibleKeyword.groovy:67)
	at com.kms.katalon.core.keyword.internal.KeywordExecutor.executeKeywordForPlatform(KeywordExecutor.groovy:74)
	at com.kms.katalon.core.webui.keyword.WebUiBuiltInKeywords.verifyElementVisible(WebUiBuiltInKeywords.groovy:401)
	at com.kms.katalon.core.webui.keyword.WebUiBuiltInKeywords$verifyElementVisible$6.call(Unknown Source)
	at Updating Company UniqueID.run(Updating Company UniqueID:24)
	at com.kms.katalon.core.main.ScriptEngine.run(ScriptEngine.java:194)
	at com.kms.katalon.core.main.ScriptEngine.runScriptAsRawText(ScriptEngine.java:119)
	at com.kms.katalon.core.main.TestCaseExecutor.runScript(TestCaseExecutor.java:448)
	at com.kms.katalon.core.main.TestCaseExecutor.doExecute(TestCaseExecutor.java:439)
	at com.kms.katalon.core.main.TestCaseExecutor.processExecutionPhase(TestCaseExecutor.java:418)
	at com.kms.katalon.core.main.TestCaseExecutor.accessMainPhase(TestCaseExecutor.java:410)
	at com.kms.katalon.core.main.TestCaseExecutor.execute(TestCaseExecutor.java:285)
	at com.kms.katalon.core.common.CommonExecutor.accessTestCaseMainPhase(CommonExecutor.java:65)
	at com.kms.katalon.core.main.TestSuiteExecutor.accessTestSuiteMainPhase(TestSuiteExecutor.java:150)
	at com.kms.katalon.core.main.TestSuiteExecutor.execute(TestSuiteExecutor.java:106)
	at com.kms.katalon.core.main.TestCaseMain.startTestSuite(TestCaseMain.java:180)
	at com.kms.katalon.core.main.TestCaseMain$startTestSuite$0.call(Unknown Source)
	at TempTestSuite1761090740538.run(TempTestSuite1761090740538.groovy:35)
	at java.base/jdk.internal.reflect.NativeMethodAccessorImpl.invoke0(Native Method)
	at java.base/jdk.internal.reflect.NativeMethodAccessorImpl.invoke(NativeMethodAccessorImpl.java:77)
	at java.base/jdk.internal.reflect.DelegatingMethodAccessorImpl.invoke(DelegatingMethodAccessorImpl.java:43)
)

21-10-2025T20:12:53 - [TEST_STEP][PASSED] - delay(1): Delayed 1 second(s)

21-10-2025T20:12:54 - [MESSAGE][PASSED] - Delayed 1 second(s)

21-10-2025T20:12:54 - [TEST_STEP][PASSED] - click(findTestObject("FIM/Hamburger Menu List/Hamburger_menu")): Object: 'Object Repository/FIM/Hamburger Menu List/Hamburger_menu' is clicked on

21-10-2025T20:12:54 - [MESSAGE][PASSED] - Object: 'Object Repository/FIM/Hamburger Menu List/Hamburger_menu' is clicked on

21-10-2025T20:12:54 - [TEST_STEP][PASSED] - delay(1): Delayed 1 second(s)

21-10-2025T20:12:55 - [MESSAGE][PASSED] - Delayed 1 second(s)

21-10-2025T20:12:55 - [TEST_STEP][PASSED] - click(findTestObject("Object Repository/FIM 1.2/Hamburger Menu List/Companies_list")): Object: 'Object Repository/FIM 1.2/Hamburger Menu List/Companies_list' is clicked on

21-10-2025T20:12:55 - [MESSAGE][PASSED] - Object: 'Object Repository/FIM 1.2/Hamburger Menu List/Companies_list' is clicked on

21-10-2025T20:12:55 - [TEST_STEP][PASSED] - delay(5): Delayed 5 second(s)

21-10-2025T20:13:00 - [MESSAGE][PASSED] - Delayed 5 second(s)

21-10-2025T20:13:00 - [TEST_STEP][PASSED] - if (verifyElementVisible(findTestObject("FIM/Existing Page with Pending Changes Close_btn"), OPTIONAL) == true): null

21-10-2025T20:13:00 - [MESSAGE][PASSED] - Object 'Object Repository/FIM/Existing Page with Pending Changes Close_btn' is visible

21-10-2025T20:13:00 - [TEST_STEP][PASSED] - click(findTestObject("FIM/Existing Page with Pending Changes Close_btn")): Object: 'Object Repository/FIM/Existing Page with Pending Changes Close_btn' is clicked on

21-10-2025T20:13:00 - [MESSAGE][PASSED] - Object: 'Object Repository/FIM/Existing Page with Pending Changes Close_btn' is clicked on

21-10-2025T20:13:00 - [TEST_STEP][PASSED] - sendKeys(findTestObject("FIM 1.2/Companies Page/Filter_input_txt"), "CBS"): Keys 'CBS' sent to object: 'Object Repository/FIM 1.2/Companies Page/Filter_input_txt'

21-10-2025T20:13:00 - [MESSAGE][PASSED] - Keys 'CBS' sent to object: 'Object Repository/FIM 1.2/Companies Page/Filter_input_txt'

21-10-2025T20:13:00 - [TEST_STEP][PASSED] - delay(1): Delayed 1 second(s)

21-10-2025T20:13:01 - [MESSAGE][PASSED] - Delayed 1 second(s)

21-10-2025T20:13:01 - [TEST_STEP][FAILED] - click(findTestObject("FIM 1.2/Companies Page/Edit_btn")): Unable to click on object 'Object Repository/FIM 1.2/Companies Page/Edit_btn' (Root cause: com.kms.katalon.core.exception.StepFailedException: Unable to click on object 'Object Repository/FIM 1.2/Companies Page/Edit_btn'
	at com.kms.katalon.core.webui.keyword.internal.WebUIKeywordMain.stepFailed(WebUIKeywordMain.groovy:117)
	at com.kms.katalon.core.webui.keyword.internal.WebUIKeywordMain.runKeyword(WebUIKeywordMain.groovy:43)
	at com.kms.katalon.core.webui.keyword.builtin.ClickKeyword.click(ClickKeyword.groovy:74)
	at com.kms.katalon.core.webui.keyword.builtin.ClickKeyword.execute(ClickKeyword.groovy:40)
	at com.kms.katalon.core.keyword.internal.KeywordExecutor.executeKeywordForPlatform(KeywordExecutor.groovy:74)
	at com.kms.katalon.core.webui.keyword.WebUiBuiltInKeywords.click(WebUiBuiltInKeywords.groovy:659)
	at com.kms.katalon.core.webui.keyword.WebUiBuiltInKeywords$click$4.call(Unknown Source)
	at Updating Company UniqueID.run(Updating Company UniqueID:47)
	at com.kms.katalon.core.main.ScriptEngine.run(ScriptEngine.java:194)
	at com.kms.katalon.core.main.ScriptEngine.runScriptAsRawText(ScriptEngine.java:119)
	at com.kms.katalon.core.main.TestCaseExecutor.runScript(TestCaseExecutor.java:448)
	at com.kms.katalon.core.main.TestCaseExecutor.doExecute(TestCaseExecutor.java:439)
	at com.kms.katalon.core.main.TestCaseExecutor.processExecutionPhase(TestCaseExecutor.java:418)
	at com.kms.katalon.core.main.TestCaseExecutor.accessMainPhase(TestCaseExecutor.java:410)
	at com.kms.katalon.core.main.TestCaseExecutor.execute(TestCaseExecutor.java:285)
	at com.kms.katalon.core.common.CommonExecutor.accessTestCaseMainPhase(CommonExecutor.java:65)
	at com.kms.katalon.core.main.TestSuiteExecutor.accessTestSuiteMainPhase(TestSuiteExecutor.java:150)
	at com.kms.katalon.core.main.TestSuiteExecutor.execute(TestSuiteExecutor.java:106)
	at com.kms.katalon.core.main.TestCaseMain.startTestSuite(TestCaseMain.java:180)
	at com.kms.katalon.core.main.TestCaseMain$startTestSuite$0.call(Unknown Source)
	at TempTestSuite1761090740538.run(TempTestSuite1761090740538.groovy:35)
	at java.base/jdk.internal.reflect.NativeMethodAccessorImpl.invoke0(Native Method)
	at java.base/jdk.internal.reflect.NativeMethodAccessorImpl.invoke(NativeMethodAccessorImpl.java:77)
	at java.base/jdk.internal.reflect.DelegatingMethodAccessorImpl.invoke(DelegatingMethodAccessorImpl.java:43)
Caused by: com.kms.katalon.core.webui.exception.WebElementNotFoundException: Web element with id: 'Object Repository/FIM 1.2/Companies Page/Edit_btn' located by '/html/body/div/div[2]/div/div/div[1]/div[3]/div/div/table/tbody/tr/td[3]/button[1]' not found
	at com.kms.katalon.core.webui.common.WebUiCommonHelper.findWebElement(WebUiCommonHelper.java:1423)
	at com.kms.katalon.core.webui.keyword.internal.WebUIAbstractKeyword.findWebElement(WebUIAbstractKeyword.groovy:27)
	at com.kms.katalon.core.webui.keyword.builtin.ClickKeyword$_click_closure1.doCall(ClickKeyword.groovy:65)
	at com.kms.katalon.core.webui.keyword.builtin.ClickKeyword$_click_closure1.call(ClickKeyword.groovy)
	at com.kms.katalon.core.webui.keyword.internal.WebUIKeywordMain.runKeyword(WebUIKeywordMain.groovy:35)
	at com.kms.katalon.core.webui.keyword.builtin.ClickKeyword.click(ClickKeyword.groovy:74)
	at com.kms.katalon.core.webui.keyword.builtin.ClickKeyword.execute(ClickKeyword.groovy:40)
	at com.kms.katalon.core.keyword.internal.KeywordExecutor.executeKeywordForPlatform(KeywordExecutor.groovy:74)
	at com.kms.katalon.core.webui.keyword.WebUiBuiltInKeywords.click(WebUiBuiltInKeywords.groovy:659)
	at com.kms.katalon.core.webui.keyword.WebUiBuiltInKeywords$click$4.call(Unknown Source)
	at Script1705351043765.run(Script1705351043765.groovy:47)
	... 16 more
)

21-10-2025T20:13:17 - [MESSAGE][INFO] - Unable to find the element located by 'By.xpath: /html/body/div/div[2]/div/div/div[1]/div[3]/div/div/table/tbody/tr/td[3]/button[1]'. Please recheck the objects properties to make sure the desired element is located. 

21-10-2025T20:13:17 - [MESSAGE][WARNING] - [SELF-HEALING] Failed to find element with id 'Object Repository/FIM 1.2/Companies Page/Edit_btn'. Try using Self-healing.

21-10-2025T20:13:18 - [MESSAGE][INFO] - [SELF-HEALING] No working XPath is found.

21-10-2025T20:13:20 - [MESSAGE][INFO] - Unable to find the element located by 'By.xpath: '. Please recheck the objects properties to make sure the desired element is located. 

21-10-2025T20:13:20 - [MESSAGE][WARNING] - [SELF-HEALING] Cannot find elements when the selector is null

21-10-2025T20:13:20 - [MESSAGE][FAILED] - Unable to click on object 'Object Repository/FIM 1.2/Companies Page/Edit_btn' (Root cause: com.kms.katalon.core.exception.StepFailedException: Unable to click on object 'Object Repository/FIM 1.2/Companies Page/Edit_btn'
	at com.kms.katalon.core.webui.keyword.internal.WebUIKeywordMain.stepFailed(WebUIKeywordMain.groovy:117)
	at com.kms.katalon.core.webui.keyword.internal.WebUIKeywordMain.runKeyword(WebUIKeywordMain.groovy:43)
	at com.kms.katalon.core.webui.keyword.builtin.ClickKeyword.click(ClickKeyword.groovy:74)
	at com.kms.katalon.core.webui.keyword.builtin.ClickKeyword.execute(ClickKeyword.groovy:40)
	at com.kms.katalon.core.keyword.internal.KeywordExecutor.executeKeywordForPlatform(KeywordExecutor.groovy:74)
	at com.kms.katalon.core.webui.keyword.WebUiBuiltInKeywords.click(WebUiBuiltInKeywords.groovy:659)
	at com.kms.katalon.core.webui.keyword.WebUiBuiltInKeywords$click$4.call(Unknown Source)
	at Updating Company UniqueID.run(Updating Company UniqueID:47)
	at com.kms.katalon.core.main.ScriptEngine.run(ScriptEngine.java:194)
	at com.kms.katalon.core.main.ScriptEngine.runScriptAsRawText(ScriptEngine.java:119)
	at com.kms.katalon.core.main.TestCaseExecutor.runScript(TestCaseExecutor.java:448)
	at com.kms.katalon.core.main.TestCaseExecutor.doExecute(TestCaseExecutor.java:439)
	at com.kms.katalon.core.main.TestCaseExecutor.processExecutionPhase(TestCaseExecutor.java:418)
	at com.kms.katalon.core.main.TestCaseExecutor.accessMainPhase(TestCaseExecutor.java:410)
	at com.kms.katalon.core.main.TestCaseExecutor.execute(TestCaseExecutor.java:285)
	at com.kms.katalon.core.common.CommonExecutor.accessTestCaseMainPhase(CommonExecutor.java:65)
	at com.kms.katalon.core.main.TestSuiteExecutor.accessTestSuiteMainPhase(TestSuiteExecutor.java:150)
	at com.kms.katalon.core.main.TestSuiteExecutor.execute(TestSuiteExecutor.java:106)
	at com.kms.katalon.core.main.TestCaseMain.startTestSuite(TestCaseMain.java:180)
	at com.kms.katalon.core.main.TestCaseMain$startTestSuite$0.call(Unknown Source)
	at TempTestSuite1761090740538.run(TempTestSuite1761090740538.groovy:35)
	at java.base/jdk.internal.reflect.NativeMethodAccessorImpl.invoke0(Native Method)
	at java.base/jdk.internal.reflect.NativeMethodAccessorImpl.invoke(NativeMethodAccessorImpl.java:77)
	at java.base/jdk.internal.reflect.DelegatingMethodAccessorImpl.invoke(DelegatingMethodAccessorImpl.java:43)
Caused by: com.kms.katalon.core.webui.exception.WebElementNotFoundException: Web element with id: 'Object Repository/FIM 1.2/Companies Page/Edit_btn' located by '/html/body/div/div[2]/div/div/div[1]/div[3]/div/div/table/tbody/tr/td[3]/button[1]' not found
	at com.kms.katalon.core.webui.common.WebUiCommonHelper.findWebElement(WebUiCommonHelper.java:1423)
	at com.kms.katalon.core.webui.keyword.internal.WebUIAbstractKeyword.findWebElement(WebUIAbstractKeyword.groovy:27)
	at com.kms.katalon.core.webui.keyword.builtin.ClickKeyword$_click_closure1.doCall(ClickKeyword.groovy:65)
	at com.kms.katalon.core.webui.keyword.builtin.ClickKeyword$_click_closure1.call(ClickKeyword.groovy)
	at com.kms.katalon.core.webui.keyword.internal.WebUIKeywordMain.runKeyword(WebUIKeywordMain.groovy:35)
	at com.kms.katalon.core.webui.keyword.builtin.ClickKeyword.click(ClickKeyword.groovy:74)
	at com.kms.katalon.core.webui.keyword.builtin.ClickKeyword.execute(ClickKeyword.groovy:40)
	at com.kms.katalon.core.keyword.internal.KeywordExecutor.executeKeywordForPlatform(KeywordExecutor.groovy:74)
	at com.kms.katalon.core.webui.keyword.WebUiBuiltInKeywords.click(WebUiBuiltInKeywords.groovy:659)
	at com.kms.katalon.core.webui.keyword.WebUiBuiltInKeywords$click$4.call(Unknown Source)
	at Script1705351043765.run(Script1705351043765.groovy:47)
	... 16 more
)

21-10-2025T20:13:20 - [TEST_STEP][PASSED] - Start listener action : retryOnDisconnect: Current window's url is: 'https://kaglogistics-inventory-management-portal.qa.thekag.com/companies/'

21-10-2025T20:13:20 - [TEST_STEP][PASSED] - tcId = testCaseContext.getTestCaseId(): null

21-10-2025T20:13:20 - [TEST_STEP][PASSED] - currentRetry = retryCounts.getOrDefault(tcId, 0): null

21-10-2025T20:13:20 - [TEST_STEP][PASSED] - if (testCaseContext.getTestCaseStatus() == "FAILED" && currentRetry < MAX_RETRIES): Current window's url is: 'https://kaglogistics-inventory-management-portal.qa.thekag.com/companies/'

21-10-2025T20:13:20 - [TEST_STEP][PASSED] - try: Current window's url is: 'https://kaglogistics-inventory-management-portal.qa.thekag.com/companies/'

21-10-2025T20:13:20 - [TEST_STEP][PASSED] - comment(Checking for WebDriver disconnect for test case: $tcId): Checking for WebDriver disconnect for test case: Test Cases/FIM/UI/KGL/Admin/Company/Updating Company UniqueID

21-10-2025T20:13:20 - [MESSAGE][INFO] - Checking for WebDriver disconnect for test case: Test Cases/FIM/UI/KGL/Admin/Company/Updating Company UniqueID

21-10-2025T20:13:20 - [TEST_STEP][PASSED] - getUrl(): Current window's url is: 'https://kaglogistics-inventory-management-portal.qa.thekag.com/companies/'

21-10-2025T20:13:20 - [MESSAGE][PASSED] - Current window's url is: 'https://kaglogistics-inventory-management-portal.qa.thekag.com/companies/']]></system-out>
         <system-err><![CDATA[21-10-2025T20:12:18 - [TEST_CASE][FAILED] - Test Cases/FIM/UI/KGL/Admin/Company/Updating Company UniqueID: Test Cases/FIM/UI/KGL/Admin/Company/Updating Company UniqueID FAILED.
Reason:
com.kms.katalon.core.exception.StepFailedException: Unable to click on object 'Object Repository/FIM 1.2/Companies Page/Edit_btn'
	at com.kms.katalon.core.webui.keyword.internal.WebUIKeywordMain.stepFailed(WebUIKeywordMain.groovy:117)
	at com.kms.katalon.core.webui.keyword.internal.WebUIKeywordMain.runKeyword(WebUIKeywordMain.groovy:43)
	at com.kms.katalon.core.webui.keyword.builtin.ClickKeyword.click(ClickKeyword.groovy:74)
	at com.kms.katalon.core.webui.keyword.builtin.ClickKeyword.execute(ClickKeyword.groovy:40)
	at com.kms.katalon.core.keyword.internal.KeywordExecutor.executeKeywordForPlatform(KeywordExecutor.groovy:74)
	at com.kms.katalon.core.webui.keyword.WebUiBuiltInKeywords.click(WebUiBuiltInKeywords.groovy:659)
	at com.kms.katalon.core.webui.keyword.WebUiBuiltInKeywords$click$4.call(Unknown Source)
	at Updating Company UniqueID.run(Updating Company UniqueID:47)
	at com.kms.katalon.core.main.ScriptEngine.run(ScriptEngine.java:194)
	at com.kms.katalon.core.main.ScriptEngine.runScriptAsRawText(ScriptEngine.java:119)
	at com.kms.katalon.core.main.TestCaseExecutor.runScript(TestCaseExecutor.java:448)
	at com.kms.katalon.core.main.TestCaseExecutor.doExecute(TestCaseExecutor.java:439)
	at com.kms.katalon.core.main.TestCaseExecutor.processExecutionPhase(TestCaseExecutor.java:418)
	at com.kms.katalon.core.main.TestCaseExecutor.accessMainPhase(TestCaseExecutor.java:410)
	at com.kms.katalon.core.main.TestCaseExecutor.execute(TestCaseExecutor.java:285)
	at com.kms.katalon.core.common.CommonExecutor.accessTestCaseMainPhase(CommonExecutor.java:65)
	at com.kms.katalon.core.main.TestSuiteExecutor.accessTestSuiteMainPhase(TestSuiteExecutor.java:150)
	at com.kms.katalon.core.main.TestSuiteExecutor.execute(TestSuiteExecutor.java:106)
	at com.kms.katalon.core.main.TestCaseMain.startTestSuite(TestCaseMain.java:180)
	at com.kms.katalon.core.main.TestCaseMain$startTestSuite$0.call(Unknown Source)
	at TempTestSuite1761090740538.run(TempTestSuite1761090740538.groovy:35)
	at java.base/jdk.internal.reflect.NativeMethodAccessorImpl.invoke0(Native Method)
	at java.base/jdk.internal.reflect.NativeMethodAccessorImpl.invoke(NativeMethodAccessorImpl.java:77)
	at java.base/jdk.internal.reflect.DelegatingMethodAccessorImpl.invoke(DelegatingMethodAccessorImpl.java:43)
Caused by: com.kms.katalon.core.webui.exception.WebElementNotFoundException: Web element with id: 'Object Repository/FIM 1.2/Companies Page/Edit_btn' located by '/html/body/div/div[2]/div/div/div[1]/div[3]/div/div/table/tbody/tr/td[3]/button[1]' not found
	at com.kms.katalon.core.webui.common.WebUiCommonHelper.findWebElement(WebUiCommonHelper.java:1423)
	at com.kms.katalon.core.webui.keyword.internal.WebUIAbstractKeyword.findWebElement(WebUIAbstractKeyword.groovy:27)
	at com.kms.katalon.core.webui.keyword.builtin.ClickKeyword$_click_closure1.doCall(ClickKeyword.groovy:65)
	at com.kms.katalon.core.webui.keyword.builtin.ClickKeyword$_click_closure1.call(ClickKeyword.groovy)
	at com.kms.katalon.core.webui.keyword.internal.WebUIKeywordMain.runKeyword(WebUIKeywordMain.groovy:35)
	... 22 more]]></system-err>
      </testcase>
      <testcase name="Test Cases/FIM/UI/KGL/Admin/Company/Updating Company Zip Code" time="62.534" classname="Test Cases/FIM/UI/KGL/Admin/Company/Updating Company Zip Code" status="FAILED">
         <failure type="FAILED" message="Test Cases/FIM/UI/KGL/Admin/Company/Updating Company Zip Code FAILED.&#xa;Reason:&#xa;com.kms.katalon.core.exception.StepFailedException: Unable to click on object 'Object Repository/FIM 1.2/Companies Page/Edit_btn'&#xa;	at com.kms.katalon.core.webui.keyword.internal.WebUIKeywordMain.stepFailed(WebUIKeywordMain.groovy:117)&#xa;	at com.kms.katalon.core.webui.keyword.internal.WebUIKeywordMain.runKeyword(WebUIKeywordMain.groovy:43)&#xa;	at com.kms.katalon.core.webui.keyword.builtin.ClickKeyword.click(ClickKeyword.groovy:74)&#xa;	at com.kms.katalon.core.webui.keyword.builtin.ClickKeyword.execute(ClickKeyword.groovy:40)&#xa;	at com.kms.katalon.core.keyword.internal.KeywordExecutor.executeKeywordForPlatform(KeywordExecutor.groovy:74)&#xa;	at com.kms.katalon.core.webui.keyword.WebUiBuiltInKeywords.click(WebUiBuiltInKeywords.groovy:659)&#xa;	at com.kms.katalon.core.webui.keyword.WebUiBuiltInKeywords$click$4.call(Unknown Source)&#xa;	at Updating Company Zip Code.run(Updating Company Zip Code:47)&#xa;	at com.kms.katalon.core.main.ScriptEngine.run(ScriptEngine.java:194)&#xa;	at com.kms.katalon.core.main.ScriptEngine.runScriptAsRawText(ScriptEngine.java:119)&#xa;	at com.kms.katalon.core.main.TestCaseExecutor.runScript(TestCaseExecutor.java:448)&#xa;	at com.kms.katalon.core.main.TestCaseExecutor.doExecute(TestCaseExecutor.java:439)&#xa;	at com.kms.katalon.core.main.TestCaseExecutor.processExecutionPhase(TestCaseExecutor.java:418)&#xa;	at com.kms.katalon.core.main.TestCaseExecutor.accessMainPhase(TestCaseExecutor.java:410)&#xa;	at com.kms.katalon.core.main.TestCaseExecutor.execute(TestCaseExecutor.java:285)&#xa;	at com.kms.katalon.core.common.CommonExecutor.accessTestCaseMainPhase(CommonExecutor.java:65)&#xa;	at com.kms.katalon.core.main.TestSuiteExecutor.accessTestSuiteMainPhase(TestSuiteExecutor.java:150)&#xa;	at com.kms.katalon.core.main.TestSuiteExecutor.execute(TestSuiteExecutor.java:106)&#xa;	at com.kms.katalon.core.main.TestCaseMain.startTestSuite(TestCaseMain.java:180)&#xa;	at com.kms.katalon.core.main.TestCaseMain$startTestSuite$0.call(Unknown Source)&#xa;	at TempTestSuite1761090740538.run(TempTestSuite1761090740538.groovy:35)&#xa;	at java.base/jdk.internal.reflect.NativeMethodAccessorImpl.invoke0(Native Method)&#xa;	at java.base/jdk.internal.reflect.NativeMethodAccessorImpl.invoke(NativeMethodAccessorImpl.java:77)&#xa;	at java.base/jdk.internal.reflect.DelegatingMethodAccessorImpl.invoke(DelegatingMethodAccessorImpl.java:43)&#xa;Caused by: com.kms.katalon.core.webui.exception.WebElementNotFoundException: Web element with id: 'Object Repository/FIM 1.2/Companies Page/Edit_btn' located by '/html/body/div/div[2]/div/div/div[1]/div[3]/div/div/table/tbody/tr/td[3]/button[1]' not found&#xa;	at com.kms.katalon.core.webui.common.WebUiCommonHelper.findWebElement(WebUiCommonHelper.java:1423)&#xa;	at com.kms.katalon.core.webui.keyword.internal.WebUIAbstractKeyword.findWebElement(WebUIAbstractKeyword.groovy:27)&#xa;	at com.kms.katalon.core.webui.keyword.builtin.ClickKeyword$_click_closure1.doCall(ClickKeyword.groovy:65)&#xa;	at com.kms.katalon.core.webui.keyword.builtin.ClickKeyword$_click_closure1.call(ClickKeyword.groovy)&#xa;	at com.kms.katalon.core.webui.keyword.internal.WebUIKeywordMain.runKeyword(WebUIKeywordMain.groovy:35)&#xa;	... 22 more&#xa;"/>
         <system-out><![CDATA[21-10-2025T20:13:20 - [TEST_CASE][FAILED] - Test Cases/FIM/UI/KGL/Admin/Company/Updating Company Zip Code: Test Cases/FIM/UI/KGL/Admin/Company/Updating Company Zip Code FAILED.
Reason:
com.kms.katalon.core.exception.StepFailedException: Unable to click on object 'Object Repository/FIM 1.2/Companies Page/Edit_btn'
	at com.kms.katalon.core.webui.keyword.internal.WebUIKeywordMain.stepFailed(WebUIKeywordMain.groovy:117)
	at com.kms.katalon.core.webui.keyword.internal.WebUIKeywordMain.runKeyword(WebUIKeywordMain.groovy:43)
	at com.kms.katalon.core.webui.keyword.builtin.ClickKeyword.click(ClickKeyword.groovy:74)
	at com.kms.katalon.core.webui.keyword.builtin.ClickKeyword.execute(ClickKeyword.groovy:40)
	at com.kms.katalon.core.keyword.internal.KeywordExecutor.executeKeywordForPlatform(KeywordExecutor.groovy:74)
	at com.kms.katalon.core.webui.keyword.WebUiBuiltInKeywords.click(WebUiBuiltInKeywords.groovy:659)
	at com.kms.katalon.core.webui.keyword.WebUiBuiltInKeywords$click$4.call(Unknown Source)
	at Updating Company Zip Code.run(Updating Company Zip Code:47)
	at com.kms.katalon.core.main.ScriptEngine.run(ScriptEngine.java:194)
	at com.kms.katalon.core.main.ScriptEngine.runScriptAsRawText(ScriptEngine.java:119)
	at com.kms.katalon.core.main.TestCaseExecutor.runScript(TestCaseExecutor.java:448)
	at com.kms.katalon.core.main.TestCaseExecutor.doExecute(TestCaseExecutor.java:439)
	at com.kms.katalon.core.main.TestCaseExecutor.processExecutionPhase(TestCaseExecutor.java:418)
	at com.kms.katalon.core.main.TestCaseExecutor.accessMainPhase(TestCaseExecutor.java:410)
	at com.kms.katalon.core.main.TestCaseExecutor.execute(TestCaseExecutor.java:285)
	at com.kms.katalon.core.common.CommonExecutor.accessTestCaseMainPhase(CommonExecutor.java:65)
	at com.kms.katalon.core.main.TestSuiteExecutor.accessTestSuiteMainPhase(TestSuiteExecutor.java:150)
	at com.kms.katalon.core.main.TestSuiteExecutor.execute(TestSuiteExecutor.java:106)
	at com.kms.katalon.core.main.TestCaseMain.startTestSuite(TestCaseMain.java:180)
	at com.kms.katalon.core.main.TestCaseMain$startTestSuite$0.call(Unknown Source)
	at TempTestSuite1761090740538.run(TempTestSuite1761090740538.groovy:35)
	at java.base/jdk.internal.reflect.NativeMethodAccessorImpl.invoke0(Native Method)
	at java.base/jdk.internal.reflect.NativeMethodAccessorImpl.invoke(NativeMethodAccessorImpl.java:77)
	at java.base/jdk.internal.reflect.DelegatingMethodAccessorImpl.invoke(DelegatingMethodAccessorImpl.java:43)
Caused by: com.kms.katalon.core.webui.exception.WebElementNotFoundException: Web element with id: 'Object Repository/FIM 1.2/Companies Page/Edit_btn' located by '/html/body/div/div[2]/div/div/div[1]/div[3]/div/div/table/tbody/tr/td[3]/button[1]' not found
	at com.kms.katalon.core.webui.common.WebUiCommonHelper.findWebElement(WebUiCommonHelper.java:1423)
	at com.kms.katalon.core.webui.keyword.internal.WebUIAbstractKeyword.findWebElement(WebUIAbstractKeyword.groovy:27)
	at com.kms.katalon.core.webui.keyword.builtin.ClickKeyword$_click_closure1.doCall(ClickKeyword.groovy:65)
	at com.kms.katalon.core.webui.keyword.builtin.ClickKeyword$_click_closure1.call(ClickKeyword.groovy)
	at com.kms.katalon.core.webui.keyword.internal.WebUIKeywordMain.runKeyword(WebUIKeywordMain.groovy:35)
	... 22 more


21-10-2025T20:13:20 - [TEST_STEP][PASSED] - Start listener action : beforeTestCase: null

21-10-2025T20:13:20 - [TEST_STEP][PASSED] - addDefaultPackages(): null

21-10-2025T20:13:20 - [TEST_STEP][PASSED] - callTestCase(findTestCase("Utility Scripts/FIM KGL Admin Login"), [:], STOP_ON_FAILURE): Call Test Case 'Test Cases/Utility Scripts/FIM KGL Admin Login' successfully

21-10-2025T20:13:20 - [TEST_CASE][PASSED] - Test Cases/Utility Scripts/FIM KGL Admin Login: Test Cases/Utility Scripts/FIM KGL Admin Login

21-10-2025T20:13:20 - [TEST_STEP][PASSED] - openBrowser(""): Browser is opened with url: ''

21-10-2025T20:13:20 - [MESSAGE][WARNING] - A browser is already opened. Closing browser and opening a new one

21-10-2025T20:13:20 - [MESSAGE][INFO] - Starting 'Chrome' driver

21-10-2025T20:13:20 - [MESSAGE][INFO] - User set preference: ['args', '[--no-sandbox, --disable-gpu, --disable-dev-shm-usage]']

21-10-2025T20:13:20 - [MESSAGE][INFO] - Action delay is set to 0 milliseconds

21-10-2025T20:13:21 - [MESSAGE][PASSED] - Browser is opened with url: ''

21-10-2025T20:13:21 - [TEST_STEP][PASSED] - delay(1): Delayed 1 second(s)

21-10-2025T20:13:22 - [MESSAGE][PASSED] - Delayed 1 second(s)

21-10-2025T20:13:22 - [TEST_STEP][PASSED] - navigateToUrl(KGLCustomGroupUrl): Navigate to 'https://kaglogistics-inventory-management-portal.qa.thekag.com/custom-group/' successfully

21-10-2025T20:13:23 - [MESSAGE][PASSED] - Navigate to 'https://kaglogistics-inventory-management-portal.qa.thekag.com/custom-group/' successfully

21-10-2025T20:13:23 - [TEST_STEP][PASSED] - delay(10): Delayed 10 second(s)

21-10-2025T20:13:33 - [MESSAGE][PASSED] - Delayed 10 second(s)

21-10-2025T20:13:33 - [TEST_STEP][PASSED] - if (maximizeWindow == true): Delayed 1 second(s)

21-10-2025T20:13:33 - [TEST_STEP][PASSED] - maximizeWindow(STOP_ON_FAILURE): Current window maximized

21-10-2025T20:13:33 - [MESSAGE][PASSED] - Current window maximized

21-10-2025T20:13:33 - [TEST_STEP][PASSED] - delay(1): Delayed 1 second(s)

21-10-2025T20:13:34 - [MESSAGE][PASSED] - Delayed 1 second(s)

21-10-2025T20:13:34 - [TEST_STEP][PASSED] - waitForElementPresent(findTestObject("FIM/Username_txt"), 10): Object 'Object Repository/FIM/Username_txt' is present

21-10-2025T20:13:34 - [MESSAGE][PASSED] - Object 'Object Repository/FIM/Username_txt' is present

21-10-2025T20:13:34 - [TEST_STEP][PASSED] - setText(findTestObject("FIM/Username_txt"), FIMUsername): Text 'Chris.Sheldon+DES_QA@Thekag.com' is set on object 'Object Repository/FIM/Username_txt'

21-10-2025T20:13:34 - [MESSAGE][PASSED] - Text 'Chris.Sheldon+DES_QA@Thekag.com' is set on object 'Object Repository/FIM/Username_txt'

21-10-2025T20:13:34 - [TEST_STEP][PASSED] - delay(1): Delayed 1 second(s)

21-10-2025T20:13:35 - [MESSAGE][PASSED] - Delayed 1 second(s)

21-10-2025T20:13:35 - [TEST_STEP][PASSED] - setText(findTestObject("FIM/Password_txt"), FIMPassword): Text 'QATest!2' is set on object 'Object Repository/FIM/Password_txt'

21-10-2025T20:13:35 - [MESSAGE][PASSED] - Text 'QATest!2' is set on object 'Object Repository/FIM/Password_txt'

21-10-2025T20:13:35 - [TEST_STEP][PASSED] - delay(1): Delayed 1 second(s)

21-10-2025T20:13:36 - [MESSAGE][PASSED] - Delayed 1 second(s)

21-10-2025T20:13:36 - [TEST_STEP][PASSED] - click(findTestObject("FIM/Login_btn")): Object: 'Object Repository/FIM/Login_btn' is clicked on

21-10-2025T20:13:36 - [MESSAGE][PASSED] - Object: 'Object Repository/FIM/Login_btn' is clicked on

21-10-2025T20:13:36 - [MESSAGE][PASSED] - Call Test Case 'Test Cases/Utility Scripts/FIM KGL Admin Login' successfully

21-10-2025T20:13:36 - [TEST_STEP][PASSED] - waitForElementClickable(findTestObject("FIM 1.2/Hamburger Menu List/Hamburger_menu"), 30): Object 'Object Repository/FIM 1.2/Hamburger Menu List/Hamburger_menu' is clickable

21-10-2025T20:13:36 - [MESSAGE][PASSED] - Object 'Object Repository/FIM 1.2/Hamburger Menu List/Hamburger_menu' is clickable

21-10-2025T20:13:36 - [TEST_STEP][PASSED] - if (verifyElementVisible(findTestObject("FIM/Server_Notification_Close_btn"), OPTIONAL) == true): Web element with id: 'Object Repository/FIM/Server_Notification_Close_btn' located by '/html/body/div/div[1]/button' not found (Root cause: com.kms.katalon.core.exception.StepFailedException: Web element with id: 'Object Repository/FIM/Server_Notification_Close_btn' located by '/html/body/div/div[1]/button' not found
	at com.kms.katalon.core.webui.keyword.internal.WebUIKeywordMain.stepFailed(WebUIKeywordMain.groovy:117)
	at com.kms.katalon.core.webui.keyword.builtin.VerifyElementVisibleKeyword$_verifyElementVisible_closure1.doCall(VerifyElementVisibleKeyword.groovy:89)
	at com.kms.katalon.core.webui.keyword.builtin.VerifyElementVisibleKeyword$_verifyElementVisible_closure1.call(VerifyElementVisibleKeyword.groovy)
	at com.kms.katalon.core.webui.keyword.internal.WebUIKeywordMain.runKeyword(WebUIKeywordMain.groovy:35)
	at com.kms.katalon.core.webui.keyword.builtin.VerifyElementVisibleKeyword.verifyElementVisible(VerifyElementVisibleKeyword.groovy:97)
	at com.kms.katalon.core.webui.keyword.builtin.VerifyElementVisibleKeyword.execute(VerifyElementVisibleKeyword.groovy:67)
	at com.kms.katalon.core.keyword.internal.KeywordExecutor.executeKeywordForPlatform(KeywordExecutor.groovy:74)
	at com.kms.katalon.core.webui.keyword.WebUiBuiltInKeywords.verifyElementVisible(WebUiBuiltInKeywords.groovy:401)
	at com.kms.katalon.core.webui.keyword.WebUiBuiltInKeywords$verifyElementVisible$6.call(Unknown Source)
	at Updating Company Zip Code.run(Updating Company Zip Code:24)
	at com.kms.katalon.core.main.ScriptEngine.run(ScriptEngine.java:194)
	at com.kms.katalon.core.main.ScriptEngine.runScriptAsRawText(ScriptEngine.java:119)
	at com.kms.katalon.core.main.TestCaseExecutor.runScript(TestCaseExecutor.java:448)
	at com.kms.katalon.core.main.TestCaseExecutor.doExecute(TestCaseExecutor.java:439)
	at com.kms.katalon.core.main.TestCaseExecutor.processExecutionPhase(TestCaseExecutor.java:418)
	at com.kms.katalon.core.main.TestCaseExecutor.accessMainPhase(TestCaseExecutor.java:410)
	at com.kms.katalon.core.main.TestCaseExecutor.execute(TestCaseExecutor.java:285)
	at com.kms.katalon.core.common.CommonExecutor.accessTestCaseMainPhase(CommonExecutor.java:65)
	at com.kms.katalon.core.main.TestSuiteExecutor.accessTestSuiteMainPhase(TestSuiteExecutor.java:150)
	at com.kms.katalon.core.main.TestSuiteExecutor.execute(TestSuiteExecutor.java:106)
	at com.kms.katalon.core.main.TestCaseMain.startTestSuite(TestCaseMain.java:180)
	at com.kms.katalon.core.main.TestCaseMain$startTestSuite$0.call(Unknown Source)
	at TempTestSuite1761090740538.run(TempTestSuite1761090740538.groovy:35)
	at java.base/jdk.internal.reflect.NativeMethodAccessorImpl.invoke0(Native Method)
	at java.base/jdk.internal.reflect.NativeMethodAccessorImpl.invoke(NativeMethodAccessorImpl.java:77)
	at java.base/jdk.internal.reflect.DelegatingMethodAccessorImpl.invoke(DelegatingMethodAccessorImpl.java:43)
)

21-10-2025T20:13:52 - [MESSAGE][INFO] - Unable to find the element located by 'By.xpath: /html/body/div/div[1]/button'. Please recheck the objects properties to make sure the desired element is located. 

21-10-2025T20:13:52 - [MESSAGE][WARNING] - [SELF-HEALING] Failed to find element with id 'Object Repository/FIM/Server_Notification_Close_btn'. Try using Self-healing.

21-10-2025T20:13:53 - [MESSAGE][INFO] - [SELF-HEALING] No working XPath is found.

21-10-2025T20:13:55 - [MESSAGE][INFO] - Unable to find the element located by 'By.xpath: '. Please recheck the objects properties to make sure the desired element is located. 

21-10-2025T20:13:55 - [MESSAGE][WARNING] - [SELF-HEALING] Cannot find elements when the selector is null

21-10-2025T20:13:55 - [MESSAGE][WARNING] - Web element with id: 'Object Repository/FIM/Server_Notification_Close_btn' located by '/html/body/div/div[1]/button' not found (Root cause: com.kms.katalon.core.exception.StepFailedException: Web element with id: 'Object Repository/FIM/Server_Notification_Close_btn' located by '/html/body/div/div[1]/button' not found
	at com.kms.katalon.core.webui.keyword.internal.WebUIKeywordMain.stepFailed(WebUIKeywordMain.groovy:117)
	at com.kms.katalon.core.webui.keyword.builtin.VerifyElementVisibleKeyword$_verifyElementVisible_closure1.doCall(VerifyElementVisibleKeyword.groovy:89)
	at com.kms.katalon.core.webui.keyword.builtin.VerifyElementVisibleKeyword$_verifyElementVisible_closure1.call(VerifyElementVisibleKeyword.groovy)
	at com.kms.katalon.core.webui.keyword.internal.WebUIKeywordMain.runKeyword(WebUIKeywordMain.groovy:35)
	at com.kms.katalon.core.webui.keyword.builtin.VerifyElementVisibleKeyword.verifyElementVisible(VerifyElementVisibleKeyword.groovy:97)
	at com.kms.katalon.core.webui.keyword.builtin.VerifyElementVisibleKeyword.execute(VerifyElementVisibleKeyword.groovy:67)
	at com.kms.katalon.core.keyword.internal.KeywordExecutor.executeKeywordForPlatform(KeywordExecutor.groovy:74)
	at com.kms.katalon.core.webui.keyword.WebUiBuiltInKeywords.verifyElementVisible(WebUiBuiltInKeywords.groovy:401)
	at com.kms.katalon.core.webui.keyword.WebUiBuiltInKeywords$verifyElementVisible$6.call(Unknown Source)
	at Updating Company Zip Code.run(Updating Company Zip Code:24)
	at com.kms.katalon.core.main.ScriptEngine.run(ScriptEngine.java:194)
	at com.kms.katalon.core.main.ScriptEngine.runScriptAsRawText(ScriptEngine.java:119)
	at com.kms.katalon.core.main.TestCaseExecutor.runScript(TestCaseExecutor.java:448)
	at com.kms.katalon.core.main.TestCaseExecutor.doExecute(TestCaseExecutor.java:439)
	at com.kms.katalon.core.main.TestCaseExecutor.processExecutionPhase(TestCaseExecutor.java:418)
	at com.kms.katalon.core.main.TestCaseExecutor.accessMainPhase(TestCaseExecutor.java:410)
	at com.kms.katalon.core.main.TestCaseExecutor.execute(TestCaseExecutor.java:285)
	at com.kms.katalon.core.common.CommonExecutor.accessTestCaseMainPhase(CommonExecutor.java:65)
	at com.kms.katalon.core.main.TestSuiteExecutor.accessTestSuiteMainPhase(TestSuiteExecutor.java:150)
	at com.kms.katalon.core.main.TestSuiteExecutor.execute(TestSuiteExecutor.java:106)
	at com.kms.katalon.core.main.TestCaseMain.startTestSuite(TestCaseMain.java:180)
	at com.kms.katalon.core.main.TestCaseMain$startTestSuite$0.call(Unknown Source)
	at TempTestSuite1761090740538.run(TempTestSuite1761090740538.groovy:35)
	at java.base/jdk.internal.reflect.NativeMethodAccessorImpl.invoke0(Native Method)
	at java.base/jdk.internal.reflect.NativeMethodAccessorImpl.invoke(NativeMethodAccessorImpl.java:77)
	at java.base/jdk.internal.reflect.DelegatingMethodAccessorImpl.invoke(DelegatingMethodAccessorImpl.java:43)
)

21-10-2025T20:13:55 - [TEST_STEP][PASSED] - delay(1): Delayed 1 second(s)

21-10-2025T20:13:56 - [MESSAGE][PASSED] - Delayed 1 second(s)

21-10-2025T20:13:56 - [TEST_STEP][PASSED] - click(findTestObject("FIM/Hamburger Menu List/Hamburger_menu")): Object: 'Object Repository/FIM/Hamburger Menu List/Hamburger_menu' is clicked on

21-10-2025T20:13:56 - [MESSAGE][PASSED] - Object: 'Object Repository/FIM/Hamburger Menu List/Hamburger_menu' is clicked on

21-10-2025T20:13:56 - [TEST_STEP][PASSED] - delay(1): Delayed 1 second(s)

21-10-2025T20:13:57 - [MESSAGE][PASSED] - Delayed 1 second(s)

21-10-2025T20:13:57 - [TEST_STEP][PASSED] - click(findTestObject("Object Repository/FIM 1.2/Hamburger Menu List/Companies_list")): Object: 'Object Repository/FIM 1.2/Hamburger Menu List/Companies_list' is clicked on

21-10-2025T20:13:57 - [MESSAGE][PASSED] - Object: 'Object Repository/FIM 1.2/Hamburger Menu List/Companies_list' is clicked on

21-10-2025T20:13:57 - [TEST_STEP][PASSED] - delay(5): Delayed 5 second(s)

21-10-2025T20:14:02 - [MESSAGE][PASSED] - Delayed 5 second(s)

21-10-2025T20:14:02 - [TEST_STEP][PASSED] - if (verifyElementVisible(findTestObject("FIM/Existing Page with Pending Changes Close_btn"), OPTIONAL) == true): null

21-10-2025T20:14:02 - [MESSAGE][PASSED] - Object 'Object Repository/FIM/Existing Page with Pending Changes Close_btn' is visible

21-10-2025T20:14:02 - [TEST_STEP][PASSED] - click(findTestObject("FIM/Existing Page with Pending Changes Close_btn")): Object: 'Object Repository/FIM/Existing Page with Pending Changes Close_btn' is clicked on

21-10-2025T20:14:02 - [MESSAGE][PASSED] - Object: 'Object Repository/FIM/Existing Page with Pending Changes Close_btn' is clicked on

21-10-2025T20:14:02 - [TEST_STEP][PASSED] - sendKeys(findTestObject("FIM 1.2/Companies Page/Filter_input_txt"), "CBS"): Keys 'CBS' sent to object: 'Object Repository/FIM 1.2/Companies Page/Filter_input_txt'

21-10-2025T20:14:03 - [MESSAGE][PASSED] - Keys 'CBS' sent to object: 'Object Repository/FIM 1.2/Companies Page/Filter_input_txt'

21-10-2025T20:14:03 - [TEST_STEP][PASSED] - delay(1): Delayed 1 second(s)

21-10-2025T20:14:04 - [MESSAGE][PASSED] - Delayed 1 second(s)

21-10-2025T20:14:04 - [TEST_STEP][FAILED] - click(findTestObject("FIM 1.2/Companies Page/Edit_btn")): Unable to click on object 'Object Repository/FIM 1.2/Companies Page/Edit_btn' (Root cause: com.kms.katalon.core.exception.StepFailedException: Unable to click on object 'Object Repository/FIM 1.2/Companies Page/Edit_btn'
	at com.kms.katalon.core.webui.keyword.internal.WebUIKeywordMain.stepFailed(WebUIKeywordMain.groovy:117)
	at com.kms.katalon.core.webui.keyword.internal.WebUIKeywordMain.runKeyword(WebUIKeywordMain.groovy:43)
	at com.kms.katalon.core.webui.keyword.builtin.ClickKeyword.click(ClickKeyword.groovy:74)
	at com.kms.katalon.core.webui.keyword.builtin.ClickKeyword.execute(ClickKeyword.groovy:40)
	at com.kms.katalon.core.keyword.internal.KeywordExecutor.executeKeywordForPlatform(KeywordExecutor.groovy:74)
	at com.kms.katalon.core.webui.keyword.WebUiBuiltInKeywords.click(WebUiBuiltInKeywords.groovy:659)
	at com.kms.katalon.core.webui.keyword.WebUiBuiltInKeywords$click$4.call(Unknown Source)
	at Updating Company Zip Code.run(Updating Company Zip Code:47)
	at com.kms.katalon.core.main.ScriptEngine.run(ScriptEngine.java:194)
	at com.kms.katalon.core.main.ScriptEngine.runScriptAsRawText(ScriptEngine.java:119)
	at com.kms.katalon.core.main.TestCaseExecutor.runScript(TestCaseExecutor.java:448)
	at com.kms.katalon.core.main.TestCaseExecutor.doExecute(TestCaseExecutor.java:439)
	at com.kms.katalon.core.main.TestCaseExecutor.processExecutionPhase(TestCaseExecutor.java:418)
	at com.kms.katalon.core.main.TestCaseExecutor.accessMainPhase(TestCaseExecutor.java:410)
	at com.kms.katalon.core.main.TestCaseExecutor.execute(TestCaseExecutor.java:285)
	at com.kms.katalon.core.common.CommonExecutor.accessTestCaseMainPhase(CommonExecutor.java:65)
	at com.kms.katalon.core.main.TestSuiteExecutor.accessTestSuiteMainPhase(TestSuiteExecutor.java:150)
	at com.kms.katalon.core.main.TestSuiteExecutor.execute(TestSuiteExecutor.java:106)
	at com.kms.katalon.core.main.TestCaseMain.startTestSuite(TestCaseMain.java:180)
	at com.kms.katalon.core.main.TestCaseMain$startTestSuite$0.call(Unknown Source)
	at TempTestSuite1761090740538.run(TempTestSuite1761090740538.groovy:35)
	at java.base/jdk.internal.reflect.NativeMethodAccessorImpl.invoke0(Native Method)
	at java.base/jdk.internal.reflect.NativeMethodAccessorImpl.invoke(NativeMethodAccessorImpl.java:77)
	at java.base/jdk.internal.reflect.DelegatingMethodAccessorImpl.invoke(DelegatingMethodAccessorImpl.java:43)
Caused by: com.kms.katalon.core.webui.exception.WebElementNotFoundException: Web element with id: 'Object Repository/FIM 1.2/Companies Page/Edit_btn' located by '/html/body/div/div[2]/div/div/div[1]/div[3]/div/div/table/tbody/tr/td[3]/button[1]' not found
	at com.kms.katalon.core.webui.common.WebUiCommonHelper.findWebElement(WebUiCommonHelper.java:1423)
	at com.kms.katalon.core.webui.keyword.internal.WebUIAbstractKeyword.findWebElement(WebUIAbstractKeyword.groovy:27)
	at com.kms.katalon.core.webui.keyword.builtin.ClickKeyword$_click_closure1.doCall(ClickKeyword.groovy:65)
	at com.kms.katalon.core.webui.keyword.builtin.ClickKeyword$_click_closure1.call(ClickKeyword.groovy)
	at com.kms.katalon.core.webui.keyword.internal.WebUIKeywordMain.runKeyword(WebUIKeywordMain.groovy:35)
	at com.kms.katalon.core.webui.keyword.builtin.ClickKeyword.click(ClickKeyword.groovy:74)
	at com.kms.katalon.core.webui.keyword.builtin.ClickKeyword.execute(ClickKeyword.groovy:40)
	at com.kms.katalon.core.keyword.internal.KeywordExecutor.executeKeywordForPlatform(KeywordExecutor.groovy:74)
	at com.kms.katalon.core.webui.keyword.WebUiBuiltInKeywords.click(WebUiBuiltInKeywords.groovy:659)
	at com.kms.katalon.core.webui.keyword.WebUiBuiltInKeywords$click$4.call(Unknown Source)
	at Script1705351046509.run(Script1705351046509.groovy:47)
	... 16 more
)

21-10-2025T20:14:20 - [MESSAGE][INFO] - Unable to find the element located by 'By.xpath: /html/body/div/div[2]/div/div/div[1]/div[3]/div/div/table/tbody/tr/td[3]/button[1]'. Please recheck the objects properties to make sure the desired element is located. 

21-10-2025T20:14:20 - [MESSAGE][WARNING] - [SELF-HEALING] Failed to find element with id 'Object Repository/FIM 1.2/Companies Page/Edit_btn'. Try using Self-healing.

21-10-2025T20:14:21 - [MESSAGE][INFO] - [SELF-HEALING] No working XPath is found.

21-10-2025T20:14:23 - [MESSAGE][INFO] - Unable to find the element located by 'By.xpath: '. Please recheck the objects properties to make sure the desired element is located. 

21-10-2025T20:14:23 - [MESSAGE][WARNING] - [SELF-HEALING] Cannot find elements when the selector is null

21-10-2025T20:14:23 - [MESSAGE][FAILED] - Unable to click on object 'Object Repository/FIM 1.2/Companies Page/Edit_btn' (Root cause: com.kms.katalon.core.exception.StepFailedException: Unable to click on object 'Object Repository/FIM 1.2/Companies Page/Edit_btn'
	at com.kms.katalon.core.webui.keyword.internal.WebUIKeywordMain.stepFailed(WebUIKeywordMain.groovy:117)
	at com.kms.katalon.core.webui.keyword.internal.WebUIKeywordMain.runKeyword(WebUIKeywordMain.groovy:43)
	at com.kms.katalon.core.webui.keyword.builtin.ClickKeyword.click(ClickKeyword.groovy:74)
	at com.kms.katalon.core.webui.keyword.builtin.ClickKeyword.execute(ClickKeyword.groovy:40)
	at com.kms.katalon.core.keyword.internal.KeywordExecutor.executeKeywordForPlatform(KeywordExecutor.groovy:74)
	at com.kms.katalon.core.webui.keyword.WebUiBuiltInKeywords.click(WebUiBuiltInKeywords.groovy:659)
	at com.kms.katalon.core.webui.keyword.WebUiBuiltInKeywords$click$4.call(Unknown Source)
	at Updating Company Zip Code.run(Updating Company Zip Code:47)
	at com.kms.katalon.core.main.ScriptEngine.run(ScriptEngine.java:194)
	at com.kms.katalon.core.main.ScriptEngine.runScriptAsRawText(ScriptEngine.java:119)
	at com.kms.katalon.core.main.TestCaseExecutor.runScript(TestCaseExecutor.java:448)
	at com.kms.katalon.core.main.TestCaseExecutor.doExecute(TestCaseExecutor.java:439)
	at com.kms.katalon.core.main.TestCaseExecutor.processExecutionPhase(TestCaseExecutor.java:418)
	at com.kms.katalon.core.main.TestCaseExecutor.accessMainPhase(TestCaseExecutor.java:410)
	at com.kms.katalon.core.main.TestCaseExecutor.execute(TestCaseExecutor.java:285)
	at com.kms.katalon.core.common.CommonExecutor.accessTestCaseMainPhase(CommonExecutor.java:65)
	at com.kms.katalon.core.main.TestSuiteExecutor.accessTestSuiteMainPhase(TestSuiteExecutor.java:150)
	at com.kms.katalon.core.main.TestSuiteExecutor.execute(TestSuiteExecutor.java:106)
	at com.kms.katalon.core.main.TestCaseMain.startTestSuite(TestCaseMain.java:180)
	at com.kms.katalon.core.main.TestCaseMain$startTestSuite$0.call(Unknown Source)
	at TempTestSuite1761090740538.run(TempTestSuite1761090740538.groovy:35)
	at java.base/jdk.internal.reflect.NativeMethodAccessorImpl.invoke0(Native Method)
	at java.base/jdk.internal.reflect.NativeMethodAccessorImpl.invoke(NativeMethodAccessorImpl.java:77)
	at java.base/jdk.internal.reflect.DelegatingMethodAccessorImpl.invoke(DelegatingMethodAccessorImpl.java:43)
Caused by: com.kms.katalon.core.webui.exception.WebElementNotFoundException: Web element with id: 'Object Repository/FIM 1.2/Companies Page/Edit_btn' located by '/html/body/div/div[2]/div/div/div[1]/div[3]/div/div/table/tbody/tr/td[3]/button[1]' not found
	at com.kms.katalon.core.webui.common.WebUiCommonHelper.findWebElement(WebUiCommonHelper.java:1423)
	at com.kms.katalon.core.webui.keyword.internal.WebUIAbstractKeyword.findWebElement(WebUIAbstractKeyword.groovy:27)
	at com.kms.katalon.core.webui.keyword.builtin.ClickKeyword$_click_closure1.doCall(ClickKeyword.groovy:65)
	at com.kms.katalon.core.webui.keyword.builtin.ClickKeyword$_click_closure1.call(ClickKeyword.groovy)
	at com.kms.katalon.core.webui.keyword.internal.WebUIKeywordMain.runKeyword(WebUIKeywordMain.groovy:35)
	at com.kms.katalon.core.webui.keyword.builtin.ClickKeyword.click(ClickKeyword.groovy:74)
	at com.kms.katalon.core.webui.keyword.builtin.ClickKeyword.execute(ClickKeyword.groovy:40)
	at com.kms.katalon.core.keyword.internal.KeywordExecutor.executeKeywordForPlatform(KeywordExecutor.groovy:74)
	at com.kms.katalon.core.webui.keyword.WebUiBuiltInKeywords.click(WebUiBuiltInKeywords.groovy:659)
	at com.kms.katalon.core.webui.keyword.WebUiBuiltInKeywords$click$4.call(Unknown Source)
	at Script1705351046509.run(Script1705351046509.groovy:47)
	... 16 more
)

21-10-2025T20:14:23 - [TEST_STEP][PASSED] - Start listener action : retryOnDisconnect: Current window's url is: 'https://kaglogistics-inventory-management-portal.qa.thekag.com/companies/'

21-10-2025T20:14:23 - [TEST_STEP][PASSED] - tcId = testCaseContext.getTestCaseId(): null

21-10-2025T20:14:23 - [TEST_STEP][PASSED] - currentRetry = retryCounts.getOrDefault(tcId, 0): null

21-10-2025T20:14:23 - [TEST_STEP][PASSED] - if (testCaseContext.getTestCaseStatus() == "FAILED" && currentRetry < MAX_RETRIES): Current window's url is: 'https://kaglogistics-inventory-management-portal.qa.thekag.com/companies/'

21-10-2025T20:14:23 - [TEST_STEP][PASSED] - try: Current window's url is: 'https://kaglogistics-inventory-management-portal.qa.thekag.com/companies/'

21-10-2025T20:14:23 - [TEST_STEP][PASSED] - comment(Checking for WebDriver disconnect for test case: $tcId): Checking for WebDriver disconnect for test case: Test Cases/FIM/UI/KGL/Admin/Company/Updating Company Zip Code

21-10-2025T20:14:23 - [MESSAGE][INFO] - Checking for WebDriver disconnect for test case: Test Cases/FIM/UI/KGL/Admin/Company/Updating Company Zip Code

21-10-2025T20:14:23 - [TEST_STEP][PASSED] - getUrl(): Current window's url is: 'https://kaglogistics-inventory-management-portal.qa.thekag.com/companies/'

21-10-2025T20:14:23 - [MESSAGE][PASSED] - Current window's url is: 'https://kaglogistics-inventory-management-portal.qa.thekag.com/companies/']]></system-out>
         <system-err><![CDATA[21-10-2025T20:13:20 - [TEST_CASE][FAILED] - Test Cases/FIM/UI/KGL/Admin/Company/Updating Company Zip Code: Test Cases/FIM/UI/KGL/Admin/Company/Updating Company Zip Code FAILED.
Reason:
com.kms.katalon.core.exception.StepFailedException: Unable to click on object 'Object Repository/FIM 1.2/Companies Page/Edit_btn'
	at com.kms.katalon.core.webui.keyword.internal.WebUIKeywordMain.stepFailed(WebUIKeywordMain.groovy:117)
	at com.kms.katalon.core.webui.keyword.internal.WebUIKeywordMain.runKeyword(WebUIKeywordMain.groovy:43)
	at com.kms.katalon.core.webui.keyword.builtin.ClickKeyword.click(ClickKeyword.groovy:74)
	at com.kms.katalon.core.webui.keyword.builtin.ClickKeyword.execute(ClickKeyword.groovy:40)
	at com.kms.katalon.core.keyword.internal.KeywordExecutor.executeKeywordForPlatform(KeywordExecutor.groovy:74)
	at com.kms.katalon.core.webui.keyword.WebUiBuiltInKeywords.click(WebUiBuiltInKeywords.groovy:659)
	at com.kms.katalon.core.webui.keyword.WebUiBuiltInKeywords$click$4.call(Unknown Source)
	at Updating Company Zip Code.run(Updating Company Zip Code:47)
	at com.kms.katalon.core.main.ScriptEngine.run(ScriptEngine.java:194)
	at com.kms.katalon.core.main.ScriptEngine.runScriptAsRawText(ScriptEngine.java:119)
	at com.kms.katalon.core.main.TestCaseExecutor.runScript(TestCaseExecutor.java:448)
	at com.kms.katalon.core.main.TestCaseExecutor.doExecute(TestCaseExecutor.java:439)
	at com.kms.katalon.core.main.TestCaseExecutor.processExecutionPhase(TestCaseExecutor.java:418)
	at com.kms.katalon.core.main.TestCaseExecutor.accessMainPhase(TestCaseExecutor.java:410)
	at com.kms.katalon.core.main.TestCaseExecutor.execute(TestCaseExecutor.java:285)
	at com.kms.katalon.core.common.CommonExecutor.accessTestCaseMainPhase(CommonExecutor.java:65)
	at com.kms.katalon.core.main.TestSuiteExecutor.accessTestSuiteMainPhase(TestSuiteExecutor.java:150)
	at com.kms.katalon.core.main.TestSuiteExecutor.execute(TestSuiteExecutor.java:106)
	at com.kms.katalon.core.main.TestCaseMain.startTestSuite(TestCaseMain.java:180)
	at com.kms.katalon.core.main.TestCaseMain$startTestSuite$0.call(Unknown Source)
	at TempTestSuite1761090740538.run(TempTestSuite1761090740538.groovy:35)
	at java.base/jdk.internal.reflect.NativeMethodAccessorImpl.invoke0(Native Method)
	at java.base/jdk.internal.reflect.NativeMethodAccessorImpl.invoke(NativeMethodAccessorImpl.java:77)
	at java.base/jdk.internal.reflect.DelegatingMethodAccessorImpl.invoke(DelegatingMethodAccessorImpl.java:43)
Caused by: com.kms.katalon.core.webui.exception.WebElementNotFoundException: Web element with id: 'Object Repository/FIM 1.2/Companies Page/Edit_btn' located by '/html/body/div/div[2]/div/div/div[1]/div[3]/div/div/table/tbody/tr/td[3]/button[1]' not found
	at com.kms.katalon.core.webui.common.WebUiCommonHelper.findWebElement(WebUiCommonHelper.java:1423)
	at com.kms.katalon.core.webui.keyword.internal.WebUIAbstractKeyword.findWebElement(WebUIAbstractKeyword.groovy:27)
	at com.kms.katalon.core.webui.keyword.builtin.ClickKeyword$_click_closure1.doCall(ClickKeyword.groovy:65)
	at com.kms.katalon.core.webui.keyword.builtin.ClickKeyword$_click_closure1.call(ClickKeyword.groovy)
	at com.kms.katalon.core.webui.keyword.internal.WebUIKeywordMain.runKeyword(WebUIKeywordMain.groovy:35)
	... 22 more]]></system-err>
      </testcase>
      <testcase name="Test Cases/FIM/UI/KGL/Admin/Company/Verify Created Company Displays in Dropdowns on Site Profile" time="36.182" classname="Test Cases/FIM/UI/KGL/Admin/Company/Verify Created Company Displays in Dropdowns on Site Profile" status="FAILED">
         <failure type="FAILED" message="Test Cases/FIM/UI/KGL/Admin/Company/Verify Created Company Displays in Dropdowns on Site Profile FAILED.&#xa;Reason:&#xa;com.kms.katalon.core.exception.StepFailedException: Unable to click on object 'Object Repository/FIM/Hamburger Menu List/KGL_Sites_option'&#xa;	at com.kms.katalon.core.webui.keyword.internal.WebUIKeywordMain.stepFailed(WebUIKeywordMain.groovy:117)&#xa;	at com.kms.katalon.core.webui.keyword.internal.WebUIKeywordMain.runKeyword(WebUIKeywordMain.groovy:43)&#xa;	at com.kms.katalon.core.webui.keyword.builtin.ClickKeyword.click(ClickKeyword.groovy:74)&#xa;	at com.kms.katalon.core.webui.keyword.builtin.ClickKeyword.execute(ClickKeyword.groovy:40)&#xa;	at com.kms.katalon.core.keyword.internal.KeywordExecutor.executeKeywordForPlatform(KeywordExecutor.groovy:74)&#xa;	at com.kms.katalon.core.webui.keyword.WebUiBuiltInKeywords.click(WebUiBuiltInKeywords.groovy:659)&#xa;	at com.kms.katalon.core.webui.keyword.WebUiBuiltInKeywords$click$4.call(Unknown Source)&#xa;	at Verify Created Company Displays in Dropdowns on Site Profile.run(Verify Created Company Displays in Dropdowns on Site Profile:34)&#xa;	at com.kms.katalon.core.main.ScriptEngine.run(ScriptEngine.java:194)&#xa;	at com.kms.katalon.core.main.ScriptEngine.runScriptAsRawText(ScriptEngine.java:119)&#xa;	at com.kms.katalon.core.main.TestCaseExecutor.runScript(TestCaseExecutor.java:448)&#xa;	at com.kms.katalon.core.main.TestCaseExecutor.doExecute(TestCaseExecutor.java:439)&#xa;	at com.kms.katalon.core.main.TestCaseExecutor.processExecutionPhase(TestCaseExecutor.java:418)&#xa;	at com.kms.katalon.core.main.TestCaseExecutor.accessMainPhase(TestCaseExecutor.java:410)&#xa;	at com.kms.katalon.core.main.TestCaseExecutor.execute(TestCaseExecutor.java:285)&#xa;	at com.kms.katalon.core.common.CommonExecutor.accessTestCaseMainPhase(CommonExecutor.java:65)&#xa;	at com.kms.katalon.core.main.TestSuiteExecutor.accessTestSuiteMainPhase(TestSuiteExecutor.java:150)&#xa;	at com.kms.katalon.core.main.TestSuiteExecutor.execute(TestSuiteExecutor.java:106)&#xa;	at com.kms.katalon.core.main.TestCaseMain.startTestSuite(TestCaseMain.java:180)&#xa;	at com.kms.katalon.core.main.TestCaseMain$startTestSuite$0.call(Unknown Source)&#xa;	at TempTestSuite1761090740538.run(TempTestSuite1761090740538.groovy:35)&#xa;	at java.base/jdk.internal.reflect.NativeMethodAccessorImpl.invoke0(Native Method)&#xa;	at java.base/jdk.internal.reflect.NativeMethodAccessorImpl.invoke(NativeMethodAccessorImpl.java:77)&#xa;	at java.base/jdk.internal.reflect.DelegatingMethodAccessorImpl.invoke(DelegatingMethodAccessorImpl.java:43)&#xa;Caused by: org.openqa.selenium.ElementNotInteractableException: element not interactable&#xa;  (Session info: chrome=141.0.7390.122)&#xa;Build info: version: '3.141.59', revision: 'unknown', time: 'unknown'&#xa;System info: host: 'DC1ADOBLD01', ip: '10.2.20.71', os.name: 'Windows Server 2019', os.arch: 'amd64', os.version: '10.0', java.version: '17.0.7'&#xa;Driver info: com.kms.katalon.selenium.driver.CChromeDriver&#xa;Capabilities {acceptInsecureCerts: false, browserName: chrome, browserVersion: 141.0.7390.122, chrome: {chromedriverVersion: 141.0.7390.122 (b477534e7e1..., userDataDir: C:\Windows\SystemTemp\scope...}, fedcm:accounts: true, goog:chromeOptions: {debuggerAddress: localhost:52226}, javascriptEnabled: true, networkConnectionEnabled: false, pageLoadStrategy: normal, platform: WINDOWS, platformName: WINDOWS, proxy: Proxy(), setWindowRect: true, strictFileInteractability: false, timeouts: {implicit: 0, pageLoad: 300000, script: 30000}, unhandledPromptBehavior: dismiss and notify, webauthn:extension:credBlob: true, webauthn:extension:largeBlob: true, webauthn:extension:minPinLength: true, webauthn:extension:prf: true, webauthn:virtualAuthenticators: true}&#xa;Session ID: 15c8f84cb1f057df511580e1f6005593&#xa;	at java.base/jdk.internal.reflect.NativeConstructorAccessorImpl.newInstance0(Native Method)&#xa;	at java.base/jdk.internal.reflect.NativeConstructorAccessorImpl.newInstance(NativeConstructorAccessorImpl.java:77)&#xa;	at java.base/jdk.internal.reflect.DelegatingConstructorAccessorImpl.newInstance(DelegatingConstructorAccessorImpl.java:45)&#xa;	at org.openqa.selenium.remote.http.W3CHttpResponseCodec.createException(W3CHttpResponseCodec.java:187)&#xa;	at org.openqa.selenium.remote.http.W3CHttpResponseCodec.decode(W3CHttpResponseCodec.java:122)&#xa;	at org.openqa.selenium.remote.http.W3CHttpResponseCodec.decode(W3CHttpResponseCodec.java:49)&#xa;	at org.openqa.selenium.remote.HttpCommandExecutor.execute(HttpCommandExecutor.java:158)&#xa;	at org.openqa.selenium.remote.service.DriverCommandExecutor.execute(DriverCommandExecutor.java:83)&#xa;	at org.openqa.selenium.remote.RemoteWebDriver.execute(RemoteWebDriver.java:552)&#xa;	at com.kms.katalon.selenium.driver.CChromeDriver.execute(CChromeDriver.java:19)&#xa;	at org.openqa.selenium.remote.RemoteWebElement.execute(RemoteWebElement.java:285)&#xa;	at org.openqa.selenium.remote.RemoteWebElement.click(RemoteWebElement.java:84)&#xa;	at jdk.internal.reflect.GeneratedMethodAccessor16.invoke(Unknown Source)&#xa;	at java.base/jdk.internal.reflect.DelegatingMethodAccessorImpl.invoke(DelegatingMethodAccessorImpl.java:43)&#xa;	at org.openqa.selenium.support.events.EventFiringWebDriver$EventFiringWebElement.lambda$new$0(EventFiringWebDriver.java:404)&#xa;	at jdk.proxy2/jdk.proxy2.$Proxy27.click(Unknown Source)&#xa;	at org.openqa.selenium.support.events.EventFiringWebDriver$EventFiringWebElement.click(EventFiringWebDriver.java:417)&#xa;	at org.openqa.selenium.WebElement$click.call(Unknown Source)&#xa;	at com.kms.katalon.core.webui.keyword.builtin.ClickKeyword.clickUntilSuccessWithTimeout(ClickKeyword.groovy:81)&#xa;	at com.kms.katalon.core.webui.keyword.builtin.ClickKeyword.clickUntilSuccessWithTimeout(ClickKeyword.groovy)&#xa;	at jdk.internal.reflect.GeneratedMethodAccessor23.invoke(Unknown Source)&#xa;	at java.base/jdk.internal.reflect.DelegatingMethodAccessorImpl.invoke(DelegatingMethodAccessorImpl.java:43)&#xa;	at com.kms.katalon.core.webui.keyword.builtin.ClickKeyword$_click_closure1.doCall(ClickKeyword.groovy:67)&#xa;	at com.kms.katalon.core.webui.keyword.builtin.ClickKeyword$_click_closure1.call(ClickKeyword.groovy)&#xa;	at com.kms.katalon.core.webui.keyword.internal.WebUIKeywordMain.runKeyword(WebUIKeywordMain.groovy:35)&#xa;	... 22 more&#xa;"/>
         <system-out><![CDATA[21-10-2025T20:14:23 - [TEST_CASE][FAILED] - Test Cases/FIM/UI/KGL/Admin/Company/Verify Created Company Displays in Dropdowns on Site Profile: Test Cases/FIM/UI/KGL/Admin/Company/Verify Created Company Displays in Dropdowns on Site Profile FAILED.
Reason:
com.kms.katalon.core.exception.StepFailedException: Unable to click on object 'Object Repository/FIM/Hamburger Menu List/KGL_Sites_option'
	at com.kms.katalon.core.webui.keyword.internal.WebUIKeywordMain.stepFailed(WebUIKeywordMain.groovy:117)
	at com.kms.katalon.core.webui.keyword.internal.WebUIKeywordMain.runKeyword(WebUIKeywordMain.groovy:43)
	at com.kms.katalon.core.webui.keyword.builtin.ClickKeyword.click(ClickKeyword.groovy:74)
	at com.kms.katalon.core.webui.keyword.builtin.ClickKeyword.execute(ClickKeyword.groovy:40)
	at com.kms.katalon.core.keyword.internal.KeywordExecutor.executeKeywordForPlatform(KeywordExecutor.groovy:74)
	at com.kms.katalon.core.webui.keyword.WebUiBuiltInKeywords.click(WebUiBuiltInKeywords.groovy:659)
	at com.kms.katalon.core.webui.keyword.WebUiBuiltInKeywords$click$4.call(Unknown Source)
	at Verify Created Company Displays in Dropdowns on Site Profile.run(Verify Created Company Displays in Dropdowns on Site Profile:34)
	at com.kms.katalon.core.main.ScriptEngine.run(ScriptEngine.java:194)
	at com.kms.katalon.core.main.ScriptEngine.runScriptAsRawText(ScriptEngine.java:119)
	at com.kms.katalon.core.main.TestCaseExecutor.runScript(TestCaseExecutor.java:448)
	at com.kms.katalon.core.main.TestCaseExecutor.doExecute(TestCaseExecutor.java:439)
	at com.kms.katalon.core.main.TestCaseExecutor.processExecutionPhase(TestCaseExecutor.java:418)
	at com.kms.katalon.core.main.TestCaseExecutor.accessMainPhase(TestCaseExecutor.java:410)
	at com.kms.katalon.core.main.TestCaseExecutor.execute(TestCaseExecutor.java:285)
	at com.kms.katalon.core.common.CommonExecutor.accessTestCaseMainPhase(CommonExecutor.java:65)
	at com.kms.katalon.core.main.TestSuiteExecutor.accessTestSuiteMainPhase(TestSuiteExecutor.java:150)
	at com.kms.katalon.core.main.TestSuiteExecutor.execute(TestSuiteExecutor.java:106)
	at com.kms.katalon.core.main.TestCaseMain.startTestSuite(TestCaseMain.java:180)
	at com.kms.katalon.core.main.TestCaseMain$startTestSuite$0.call(Unknown Source)
	at TempTestSuite1761090740538.run(TempTestSuite1761090740538.groovy:35)
	at java.base/jdk.internal.reflect.NativeMethodAccessorImpl.invoke0(Native Method)
	at java.base/jdk.internal.reflect.NativeMethodAccessorImpl.invoke(NativeMethodAccessorImpl.java:77)
	at java.base/jdk.internal.reflect.DelegatingMethodAccessorImpl.invoke(DelegatingMethodAccessorImpl.java:43)
Caused by: org.openqa.selenium.ElementNotInteractableException: element not interactable
  (Session info: chrome=141.0.7390.122)
Build info: version: '3.141.59', revision: 'unknown', time: 'unknown'
System info: host: 'DC1ADOBLD01', ip: '10.2.20.71', os.name: 'Windows Server 2019', os.arch: 'amd64', os.version: '10.0', java.version: '17.0.7'
Driver info: com.kms.katalon.selenium.driver.CChromeDriver
Capabilities {acceptInsecureCerts: false, browserName: chrome, browserVersion: 141.0.7390.122, chrome: {chromedriverVersion: 141.0.7390.122 (b477534e7e1..., userDataDir: C:\Windows\SystemTemp\scope...}, fedcm:accounts: true, goog:chromeOptions: {debuggerAddress: localhost:52226}, javascriptEnabled: true, networkConnectionEnabled: false, pageLoadStrategy: normal, platform: WINDOWS, platformName: WINDOWS, proxy: Proxy(), setWindowRect: true, strictFileInteractability: false, timeouts: {implicit: 0, pageLoad: 300000, script: 30000}, unhandledPromptBehavior: dismiss and notify, webauthn:extension:credBlob: true, webauthn:extension:largeBlob: true, webauthn:extension:minPinLength: true, webauthn:extension:prf: true, webauthn:virtualAuthenticators: true}
Session ID: 15c8f84cb1f057df511580e1f6005593
	at java.base/jdk.internal.reflect.NativeConstructorAccessorImpl.newInstance0(Native Method)
	at java.base/jdk.internal.reflect.NativeConstructorAccessorImpl.newInstance(NativeConstructorAccessorImpl.java:77)
	at java.base/jdk.internal.reflect.DelegatingConstructorAccessorImpl.newInstance(DelegatingConstructorAccessorImpl.java:45)
	at org.openqa.selenium.remote.http.W3CHttpResponseCodec.createException(W3CHttpResponseCodec.java:187)
	at org.openqa.selenium.remote.http.W3CHttpResponseCodec.decode(W3CHttpResponseCodec.java:122)
	at org.openqa.selenium.remote.http.W3CHttpResponseCodec.decode(W3CHttpResponseCodec.java:49)
	at org.openqa.selenium.remote.HttpCommandExecutor.execute(HttpCommandExecutor.java:158)
	at org.openqa.selenium.remote.service.DriverCommandExecutor.execute(DriverCommandExecutor.java:83)
	at org.openqa.selenium.remote.RemoteWebDriver.execute(RemoteWebDriver.java:552)
	at com.kms.katalon.selenium.driver.CChromeDriver.execute(CChromeDriver.java:19)
	at org.openqa.selenium.remote.RemoteWebElement.execute(RemoteWebElement.java:285)
	at org.openqa.selenium.remote.RemoteWebElement.click(RemoteWebElement.java:84)
	at jdk.internal.reflect.GeneratedMethodAccessor16.invoke(Unknown Source)
	at java.base/jdk.internal.reflect.DelegatingMethodAccessorImpl.invoke(DelegatingMethodAccessorImpl.java:43)
	at org.openqa.selenium.support.events.EventFiringWebDriver$EventFiringWebElement.lambda$new$0(EventFiringWebDriver.java:404)
	at jdk.proxy2/jdk.proxy2.$Proxy27.click(Unknown Source)
	at org.openqa.selenium.support.events.EventFiringWebDriver$EventFiringWebElement.click(EventFiringWebDriver.java:417)
	at org.openqa.selenium.WebElement$click.call(Unknown Source)
	at com.kms.katalon.core.webui.keyword.builtin.ClickKeyword.clickUntilSuccessWithTimeout(ClickKeyword.groovy:81)
	at com.kms.katalon.core.webui.keyword.builtin.ClickKeyword.clickUntilSuccessWithTimeout(ClickKeyword.groovy)
	at jdk.internal.reflect.GeneratedMethodAccessor23.invoke(Unknown Source)
	at java.base/jdk.internal.reflect.DelegatingMethodAccessorImpl.invoke(DelegatingMethodAccessorImpl.java:43)
	at com.kms.katalon.core.webui.keyword.builtin.ClickKeyword$_click_closure1.doCall(ClickKeyword.groovy:67)
	at com.kms.katalon.core.webui.keyword.builtin.ClickKeyword$_click_closure1.call(ClickKeyword.groovy)
	at com.kms.katalon.core.webui.keyword.internal.WebUIKeywordMain.runKeyword(WebUIKeywordMain.groovy:35)
	... 22 more


21-10-2025T20:14:23 - [TEST_STEP][PASSED] - Start listener action : beforeTestCase: null

21-10-2025T20:14:23 - [TEST_STEP][PASSED] - addDefaultPackages(): null

21-10-2025T20:14:23 - [TEST_STEP][PASSED] - callTestCase(findTestCase("Utility Scripts/FIM KGL Admin Login"), [:], STOP_ON_FAILURE): Call Test Case 'Test Cases/Utility Scripts/FIM KGL Admin Login' successfully

21-10-2025T20:14:23 - [TEST_CASE][PASSED] - Test Cases/Utility Scripts/FIM KGL Admin Login: Test Cases/Utility Scripts/FIM KGL Admin Login

21-10-2025T20:14:23 - [TEST_STEP][PASSED] - openBrowser(""): Browser is opened with url: ''

21-10-2025T20:14:23 - [MESSAGE][WARNING] - A browser is already opened. Closing browser and opening a new one

21-10-2025T20:14:23 - [MESSAGE][INFO] - Starting 'Chrome' driver

21-10-2025T20:14:23 - [MESSAGE][INFO] - User set preference: ['args', '[--no-sandbox, --disable-gpu, --disable-dev-shm-usage]']

21-10-2025T20:14:23 - [MESSAGE][INFO] - Action delay is set to 0 milliseconds

21-10-2025T20:14:24 - [MESSAGE][PASSED] - Browser is opened with url: ''

21-10-2025T20:14:24 - [TEST_STEP][PASSED] - delay(1): Delayed 1 second(s)

21-10-2025T20:14:25 - [MESSAGE][PASSED] - Delayed 1 second(s)

21-10-2025T20:14:25 - [TEST_STEP][PASSED] - navigateToUrl(KGLCustomGroupUrl): Navigate to 'https://kaglogistics-inventory-management-portal.qa.thekag.com/custom-group/' successfully

21-10-2025T20:14:25 - [MESSAGE][PASSED] - Navigate to 'https://kaglogistics-inventory-management-portal.qa.thekag.com/custom-group/' successfully

21-10-2025T20:14:25 - [TEST_STEP][PASSED] - delay(10): Delayed 10 second(s)

21-10-2025T20:14:35 - [MESSAGE][PASSED] - Delayed 10 second(s)

21-10-2025T20:14:35 - [TEST_STEP][PASSED] - if (maximizeWindow == true): Delayed 1 second(s)

21-10-2025T20:14:35 - [TEST_STEP][PASSED] - maximizeWindow(STOP_ON_FAILURE): Current window maximized

21-10-2025T20:14:35 - [MESSAGE][PASSED] - Current window maximized

21-10-2025T20:14:35 - [TEST_STEP][PASSED] - delay(1): Delayed 1 second(s)

21-10-2025T20:14:36 - [MESSAGE][PASSED] - Delayed 1 second(s)

21-10-2025T20:14:36 - [TEST_STEP][PASSED] - waitForElementPresent(findTestObject("FIM/Username_txt"), 10): Object 'Object Repository/FIM/Username_txt' is present

21-10-2025T20:14:36 - [MESSAGE][PASSED] - Object 'Object Repository/FIM/Username_txt' is present

21-10-2025T20:14:36 - [TEST_STEP][PASSED] - setText(findTestObject("FIM/Username_txt"), FIMUsername): Text 'Chris.Sheldon+DES_QA@Thekag.com' is set on object 'Object Repository/FIM/Username_txt'

21-10-2025T20:14:36 - [MESSAGE][PASSED] - Text 'Chris.Sheldon+DES_QA@Thekag.com' is set on object 'Object Repository/FIM/Username_txt'

21-10-2025T20:14:36 - [TEST_STEP][PASSED] - delay(1): Delayed 1 second(s)

21-10-2025T20:14:37 - [MESSAGE][PASSED] - Delayed 1 second(s)

21-10-2025T20:14:37 - [TEST_STEP][PASSED] - setText(findTestObject("FIM/Password_txt"), FIMPassword): Text 'QATest!2' is set on object 'Object Repository/FIM/Password_txt'

21-10-2025T20:14:37 - [MESSAGE][PASSED] - Text 'QATest!2' is set on object 'Object Repository/FIM/Password_txt'

21-10-2025T20:14:37 - [TEST_STEP][PASSED] - delay(1): Delayed 1 second(s)

21-10-2025T20:14:38 - [MESSAGE][PASSED] - Delayed 1 second(s)

21-10-2025T20:14:38 - [TEST_STEP][PASSED] - click(findTestObject("FIM/Login_btn")): Object: 'Object Repository/FIM/Login_btn' is clicked on

21-10-2025T20:14:39 - [MESSAGE][PASSED] - Object: 'Object Repository/FIM/Login_btn' is clicked on

21-10-2025T20:14:39 - [MESSAGE][PASSED] - Call Test Case 'Test Cases/Utility Scripts/FIM KGL Admin Login' successfully

21-10-2025T20:14:39 - [TEST_STEP][PASSED] - waitForElementClickable(findTestObject("FIM/Hamburger Menu List/Hamburger_menu"), 300): Object 'Object Repository/FIM/Hamburger Menu List/Hamburger_menu' is clickable

21-10-2025T20:14:39 - [MESSAGE][PASSED] - Object 'Object Repository/FIM/Hamburger Menu List/Hamburger_menu' is clickable

21-10-2025T20:14:39 - [TEST_STEP][PASSED] - if (verifyElementVisible(findTestObject("FIM/Server_Notification_Close_btn"), OPTIONAL) == true): Web element with id: 'Object Repository/FIM/Server_Notification_Close_btn' located by '/html/body/div/div[1]/button' not found (Root cause: com.kms.katalon.core.exception.StepFailedException: Web element with id: 'Object Repository/FIM/Server_Notification_Close_btn' located by '/html/body/div/div[1]/button' not found
	at com.kms.katalon.core.webui.keyword.internal.WebUIKeywordMain.stepFailed(WebUIKeywordMain.groovy:117)
	at com.kms.katalon.core.webui.keyword.builtin.VerifyElementVisibleKeyword$_verifyElementVisible_closure1.doCall(VerifyElementVisibleKeyword.groovy:89)
	at com.kms.katalon.core.webui.keyword.builtin.VerifyElementVisibleKeyword$_verifyElementVisible_closure1.call(VerifyElementVisibleKeyword.groovy)
	at com.kms.katalon.core.webui.keyword.internal.WebUIKeywordMain.runKeyword(WebUIKeywordMain.groovy:35)
	at com.kms.katalon.core.webui.keyword.builtin.VerifyElementVisibleKeyword.verifyElementVisible(VerifyElementVisibleKeyword.groovy:97)
	at com.kms.katalon.core.webui.keyword.builtin.VerifyElementVisibleKeyword.execute(VerifyElementVisibleKeyword.groovy:67)
	at com.kms.katalon.core.keyword.internal.KeywordExecutor.executeKeywordForPlatform(KeywordExecutor.groovy:74)
	at com.kms.katalon.core.webui.keyword.WebUiBuiltInKeywords.verifyElementVisible(WebUiBuiltInKeywords.groovy:401)
	at com.kms.katalon.core.webui.keyword.WebUiBuiltInKeywords$verifyElementVisible$6.call(Unknown Source)
	at Verify Created Company Displays in Dropdowns on Site Profile.run(Verify Created Company Displays in Dropdowns on Site Profile:24)
	at com.kms.katalon.core.main.ScriptEngine.run(ScriptEngine.java:194)
	at com.kms.katalon.core.main.ScriptEngine.runScriptAsRawText(ScriptEngine.java:119)
	at com.kms.katalon.core.main.TestCaseExecutor.runScript(TestCaseExecutor.java:448)
	at com.kms.katalon.core.main.TestCaseExecutor.doExecute(TestCaseExecutor.java:439)
	at com.kms.katalon.core.main.TestCaseExecutor.processExecutionPhase(TestCaseExecutor.java:418)
	at com.kms.katalon.core.main.TestCaseExecutor.accessMainPhase(TestCaseExecutor.java:410)
	at com.kms.katalon.core.main.TestCaseExecutor.execute(TestCaseExecutor.java:285)
	at com.kms.katalon.core.common.CommonExecutor.accessTestCaseMainPhase(CommonExecutor.java:65)
	at com.kms.katalon.core.main.TestSuiteExecutor.accessTestSuiteMainPhase(TestSuiteExecutor.java:150)
	at com.kms.katalon.core.main.TestSuiteExecutor.execute(TestSuiteExecutor.java:106)
	at com.kms.katalon.core.main.TestCaseMain.startTestSuite(TestCaseMain.java:180)
	at com.kms.katalon.core.main.TestCaseMain$startTestSuite$0.call(Unknown Source)
	at TempTestSuite1761090740538.run(TempTestSuite1761090740538.groovy:35)
	at java.base/jdk.internal.reflect.NativeMethodAccessorImpl.invoke0(Native Method)
	at java.base/jdk.internal.reflect.NativeMethodAccessorImpl.invoke(NativeMethodAccessorImpl.java:77)
	at java.base/jdk.internal.reflect.DelegatingMethodAccessorImpl.invoke(DelegatingMethodAccessorImpl.java:43)
)

21-10-2025T20:14:55 - [MESSAGE][INFO] - Unable to find the element located by 'By.xpath: /html/body/div/div[1]/button'. Please recheck the objects properties to make sure the desired element is located. 

21-10-2025T20:14:55 - [MESSAGE][WARNING] - [SELF-HEALING] Failed to find element with id 'Object Repository/FIM/Server_Notification_Close_btn'. Try using Self-healing.

21-10-2025T20:14:56 - [MESSAGE][INFO] - [SELF-HEALING] No working XPath is found.

21-10-2025T20:14:58 - [MESSAGE][INFO] - Unable to find the element located by 'By.xpath: '. Please recheck the objects properties to make sure the desired element is located. 

21-10-2025T20:14:58 - [MESSAGE][WARNING] - [SELF-HEALING] Cannot find elements when the selector is null

21-10-2025T20:14:58 - [MESSAGE][WARNING] - Web element with id: 'Object Repository/FIM/Server_Notification_Close_btn' located by '/html/body/div/div[1]/button' not found (Root cause: com.kms.katalon.core.exception.StepFailedException: Web element with id: 'Object Repository/FIM/Server_Notification_Close_btn' located by '/html/body/div/div[1]/button' not found
	at com.kms.katalon.core.webui.keyword.internal.WebUIKeywordMain.stepFailed(WebUIKeywordMain.groovy:117)
	at com.kms.katalon.core.webui.keyword.builtin.VerifyElementVisibleKeyword$_verifyElementVisible_closure1.doCall(VerifyElementVisibleKeyword.groovy:89)
	at com.kms.katalon.core.webui.keyword.builtin.VerifyElementVisibleKeyword$_verifyElementVisible_closure1.call(VerifyElementVisibleKeyword.groovy)
	at com.kms.katalon.core.webui.keyword.internal.WebUIKeywordMain.runKeyword(WebUIKeywordMain.groovy:35)
	at com.kms.katalon.core.webui.keyword.builtin.VerifyElementVisibleKeyword.verifyElementVisible(VerifyElementVisibleKeyword.groovy:97)
	at com.kms.katalon.core.webui.keyword.builtin.VerifyElementVisibleKeyword.execute(VerifyElementVisibleKeyword.groovy:67)
	at com.kms.katalon.core.keyword.internal.KeywordExecutor.executeKeywordForPlatform(KeywordExecutor.groovy:74)
	at com.kms.katalon.core.webui.keyword.WebUiBuiltInKeywords.verifyElementVisible(WebUiBuiltInKeywords.groovy:401)
	at com.kms.katalon.core.webui.keyword.WebUiBuiltInKeywords$verifyElementVisible$6.call(Unknown Source)
	at Verify Created Company Displays in Dropdowns on Site Profile.run(Verify Created Company Displays in Dropdowns on Site Profile:24)
	at com.kms.katalon.core.main.ScriptEngine.run(ScriptEngine.java:194)
	at com.kms.katalon.core.main.ScriptEngine.runScriptAsRawText(ScriptEngine.java:119)
	at com.kms.katalon.core.main.TestCaseExecutor.runScript(TestCaseExecutor.java:448)
	at com.kms.katalon.core.main.TestCaseExecutor.doExecute(TestCaseExecutor.java:439)
	at com.kms.katalon.core.main.TestCaseExecutor.processExecutionPhase(TestCaseExecutor.java:418)
	at com.kms.katalon.core.main.TestCaseExecutor.accessMainPhase(TestCaseExecutor.java:410)
	at com.kms.katalon.core.main.TestCaseExecutor.execute(TestCaseExecutor.java:285)
	at com.kms.katalon.core.common.CommonExecutor.accessTestCaseMainPhase(CommonExecutor.java:65)
	at com.kms.katalon.core.main.TestSuiteExecutor.accessTestSuiteMainPhase(TestSuiteExecutor.java:150)
	at com.kms.katalon.core.main.TestSuiteExecutor.execute(TestSuiteExecutor.java:106)
	at com.kms.katalon.core.main.TestCaseMain.startTestSuite(TestCaseMain.java:180)
	at com.kms.katalon.core.main.TestCaseMain$startTestSuite$0.call(Unknown Source)
	at TempTestSuite1761090740538.run(TempTestSuite1761090740538.groovy:35)
	at java.base/jdk.internal.reflect.NativeMethodAccessorImpl.invoke0(Native Method)
	at java.base/jdk.internal.reflect.NativeMethodAccessorImpl.invoke(NativeMethodAccessorImpl.java:77)
	at java.base/jdk.internal.reflect.DelegatingMethodAccessorImpl.invoke(DelegatingMethodAccessorImpl.java:43)
)

21-10-2025T20:14:58 - [TEST_STEP][PASSED] - delay(1): Delayed 1 second(s)

21-10-2025T20:14:59 - [MESSAGE][PASSED] - Delayed 1 second(s)

21-10-2025T20:14:59 - [TEST_STEP][PASSED] - click(findTestObject("FIM/Hamburger Menu List/Hamburger_menu")): Object: 'Object Repository/FIM/Hamburger Menu List/Hamburger_menu' is clicked on

21-10-2025T20:14:59 - [MESSAGE][PASSED] - Object: 'Object Repository/FIM/Hamburger Menu List/Hamburger_menu' is clicked on

21-10-2025T20:14:59 - [TEST_STEP][PASSED] - verifyElementPresent(findTestObject("FIM/Hamburger Menu List/KGL_Sites_option"), 10): Object 'Object Repository/FIM/Hamburger Menu List/KGL_Sites_option' is present

21-10-2025T20:14:59 - [MESSAGE][PASSED] - Object 'Object Repository/FIM/Hamburger Menu List/KGL_Sites_option' is present

21-10-2025T20:14:59 - [TEST_STEP][FAILED] - click(findTestObject("FIM/Hamburger Menu List/KGL_Sites_option")): Unable to click on object 'Object Repository/FIM/Hamburger Menu List/KGL_Sites_option' (Root cause: com.kms.katalon.core.exception.StepFailedException: Unable to click on object 'Object Repository/FIM/Hamburger Menu List/KGL_Sites_option'
	at com.kms.katalon.core.webui.keyword.internal.WebUIKeywordMain.stepFailed(WebUIKeywordMain.groovy:117)
	at com.kms.katalon.core.webui.keyword.internal.WebUIKeywordMain.runKeyword(WebUIKeywordMain.groovy:43)
	at com.kms.katalon.core.webui.keyword.builtin.ClickKeyword.click(ClickKeyword.groovy:74)
	at com.kms.katalon.core.webui.keyword.builtin.ClickKeyword.execute(ClickKeyword.groovy:40)
	at com.kms.katalon.core.keyword.internal.KeywordExecutor.executeKeywordForPlatform(KeywordExecutor.groovy:74)
	at com.kms.katalon.core.webui.keyword.WebUiBuiltInKeywords.click(WebUiBuiltInKeywords.groovy:659)
	at com.kms.katalon.core.webui.keyword.WebUiBuiltInKeywords$click$4.call(Unknown Source)
	at Verify Created Company Displays in Dropdowns on Site Profile.run(Verify Created Company Displays in Dropdowns on Site Profile:34)
	at com.kms.katalon.core.main.ScriptEngine.run(ScriptEngine.java:194)
	at com.kms.katalon.core.main.ScriptEngine.runScriptAsRawText(ScriptEngine.java:119)
	at com.kms.katalon.core.main.TestCaseExecutor.runScript(TestCaseExecutor.java:448)
	at com.kms.katalon.core.main.TestCaseExecutor.doExecute(TestCaseExecutor.java:439)
	at com.kms.katalon.core.main.TestCaseExecutor.processExecutionPhase(TestCaseExecutor.java:418)
	at com.kms.katalon.core.main.TestCaseExecutor.accessMainPhase(TestCaseExecutor.java:410)
	at com.kms.katalon.core.main.TestCaseExecutor.execute(TestCaseExecutor.java:285)
	at com.kms.katalon.core.common.CommonExecutor.accessTestCaseMainPhase(CommonExecutor.java:65)
	at com.kms.katalon.core.main.TestSuiteExecutor.accessTestSuiteMainPhase(TestSuiteExecutor.java:150)
	at com.kms.katalon.core.main.TestSuiteExecutor.execute(TestSuiteExecutor.java:106)
	at com.kms.katalon.core.main.TestCaseMain.startTestSuite(TestCaseMain.java:180)
	at com.kms.katalon.core.main.TestCaseMain$startTestSuite$0.call(Unknown Source)
	at TempTestSuite1761090740538.run(TempTestSuite1761090740538.groovy:35)
	at java.base/jdk.internal.reflect.NativeMethodAccessorImpl.invoke0(Native Method)
	at java.base/jdk.internal.reflect.NativeMethodAccessorImpl.invoke(NativeMethodAccessorImpl.java:77)
	at java.base/jdk.internal.reflect.DelegatingMethodAccessorImpl.invoke(DelegatingMethodAccessorImpl.java:43)
Caused by: org.openqa.selenium.ElementNotInteractableException: element not interactable
  (Session info: chrome=141.0.7390.122)
Build info: version: '3.141.59', revision: 'unknown', time: 'unknown'
System info: host: 'DC1ADOBLD01', ip: '10.2.20.71', os.name: 'Windows Server 2019', os.arch: 'amd64', os.version: '10.0', java.version: '17.0.7'
Driver info: com.kms.katalon.selenium.driver.CChromeDriver
Capabilities {acceptInsecureCerts: false, browserName: chrome, browserVersion: 141.0.7390.122, chrome: {chromedriverVersion: 141.0.7390.122 (b477534e7e1..., userDataDir: C:\Windows\SystemTemp\scope...}, fedcm:accounts: true, goog:chromeOptions: {debuggerAddress: localhost:52226}, javascriptEnabled: true, networkConnectionEnabled: false, pageLoadStrategy: normal, platform: WINDOWS, platformName: WINDOWS, proxy: Proxy(), setWindowRect: true, strictFileInteractability: false, timeouts: {implicit: 0, pageLoad: 300000, script: 30000}, unhandledPromptBehavior: dismiss and notify, webauthn:extension:credBlob: true, webauthn:extension:largeBlob: true, webauthn:extension:minPinLength: true, webauthn:extension:prf: true, webauthn:virtualAuthenticators: true}
Session ID: 15c8f84cb1f057df511580e1f6005593
	at java.base/jdk.internal.reflect.NativeConstructorAccessorImpl.newInstance0(Native Method)
	at java.base/jdk.internal.reflect.NativeConstructorAccessorImpl.newInstance(NativeConstructorAccessorImpl.java:77)
	at java.base/jdk.internal.reflect.DelegatingConstructorAccessorImpl.newInstance(DelegatingConstructorAccessorImpl.java:45)
	at org.openqa.selenium.remote.http.W3CHttpResponseCodec.createException(W3CHttpResponseCodec.java:187)
	at org.openqa.selenium.remote.http.W3CHttpResponseCodec.decode(W3CHttpResponseCodec.java:122)
	at org.openqa.selenium.remote.http.W3CHttpResponseCodec.decode(W3CHttpResponseCodec.java:49)
	at org.openqa.selenium.remote.HttpCommandExecutor.execute(HttpCommandExecutor.java:158)
	at org.openqa.selenium.remote.service.DriverCommandExecutor.execute(DriverCommandExecutor.java:83)
	at org.openqa.selenium.remote.RemoteWebDriver.execute(RemoteWebDriver.java:552)
	at com.kms.katalon.selenium.driver.CChromeDriver.execute(CChromeDriver.java:19)
	at org.openqa.selenium.remote.RemoteWebElement.execute(RemoteWebElement.java:285)
	at org.openqa.selenium.remote.RemoteWebElement.click(RemoteWebElement.java:84)
	at jdk.internal.reflect.GeneratedMethodAccessor16.invoke(Unknown Source)
	at java.base/jdk.internal.reflect.DelegatingMethodAccessorImpl.invoke(DelegatingMethodAccessorImpl.java:43)
	at org.openqa.selenium.support.events.EventFiringWebDriver$EventFiringWebElement.lambda$new$0(EventFiringWebDriver.java:404)
	at jdk.proxy2/jdk.proxy2.$Proxy27.click(Unknown Source)
	at org.openqa.selenium.support.events.EventFiringWebDriver$EventFiringWebElement.click(EventFiringWebDriver.java:417)
	at org.openqa.selenium.WebElement$click.call(Unknown Source)
	at com.kms.katalon.core.webui.keyword.builtin.ClickKeyword.clickUntilSuccessWithTimeout(ClickKeyword.groovy:81)
	at com.kms.katalon.core.webui.keyword.builtin.ClickKeyword.clickUntilSuccessWithTimeout(ClickKeyword.groovy)
	at jdk.internal.reflect.GeneratedMethodAccessor23.invoke(Unknown Source)
	at java.base/jdk.internal.reflect.DelegatingMethodAccessorImpl.invoke(DelegatingMethodAccessorImpl.java:43)
	at com.kms.katalon.core.webui.keyword.builtin.ClickKeyword$_click_closure1.doCall(ClickKeyword.groovy:67)
	at com.kms.katalon.core.webui.keyword.builtin.ClickKeyword$_click_closure1.call(ClickKeyword.groovy)
	at com.kms.katalon.core.webui.keyword.internal.WebUIKeywordMain.runKeyword(WebUIKeywordMain.groovy:35)
	at com.kms.katalon.core.webui.keyword.builtin.ClickKeyword.click(ClickKeyword.groovy:74)
	at com.kms.katalon.core.webui.keyword.builtin.ClickKeyword.execute(ClickKeyword.groovy:40)
	at com.kms.katalon.core.keyword.internal.KeywordExecutor.executeKeywordForPlatform(KeywordExecutor.groovy:74)
	at com.kms.katalon.core.webui.keyword.WebUiBuiltInKeywords.click(WebUiBuiltInKeywords.groovy:659)
	at com.kms.katalon.core.webui.keyword.WebUiBuiltInKeywords$click$4.call(Unknown Source)
	at Script1699556626546.run(Script1699556626546.groovy:34)
	... 16 more
)

21-10-2025T20:14:59 - [MESSAGE][FAILED] - Unable to click on object 'Object Repository/FIM/Hamburger Menu List/KGL_Sites_option' (Root cause: com.kms.katalon.core.exception.StepFailedException: Unable to click on object 'Object Repository/FIM/Hamburger Menu List/KGL_Sites_option'
	at com.kms.katalon.core.webui.keyword.internal.WebUIKeywordMain.stepFailed(WebUIKeywordMain.groovy:117)
	at com.kms.katalon.core.webui.keyword.internal.WebUIKeywordMain.runKeyword(WebUIKeywordMain.groovy:43)
	at com.kms.katalon.core.webui.keyword.builtin.ClickKeyword.click(ClickKeyword.groovy:74)
	at com.kms.katalon.core.webui.keyword.builtin.ClickKeyword.execute(ClickKeyword.groovy:40)
	at com.kms.katalon.core.keyword.internal.KeywordExecutor.executeKeywordForPlatform(KeywordExecutor.groovy:74)
	at com.kms.katalon.core.webui.keyword.WebUiBuiltInKeywords.click(WebUiBuiltInKeywords.groovy:659)
	at com.kms.katalon.core.webui.keyword.WebUiBuiltInKeywords$click$4.call(Unknown Source)
	at Verify Created Company Displays in Dropdowns on Site Profile.run(Verify Created Company Displays in Dropdowns on Site Profile:34)
	at com.kms.katalon.core.main.ScriptEngine.run(ScriptEngine.java:194)
	at com.kms.katalon.core.main.ScriptEngine.runScriptAsRawText(ScriptEngine.java:119)
	at com.kms.katalon.core.main.TestCaseExecutor.runScript(TestCaseExecutor.java:448)
	at com.kms.katalon.core.main.TestCaseExecutor.doExecute(TestCaseExecutor.java:439)
	at com.kms.katalon.core.main.TestCaseExecutor.processExecutionPhase(TestCaseExecutor.java:418)
	at com.kms.katalon.core.main.TestCaseExecutor.accessMainPhase(TestCaseExecutor.java:410)
	at com.kms.katalon.core.main.TestCaseExecutor.execute(TestCaseExecutor.java:285)
	at com.kms.katalon.core.common.CommonExecutor.accessTestCaseMainPhase(CommonExecutor.java:65)
	at com.kms.katalon.core.main.TestSuiteExecutor.accessTestSuiteMainPhase(TestSuiteExecutor.java:150)
	at com.kms.katalon.core.main.TestSuiteExecutor.execute(TestSuiteExecutor.java:106)
	at com.kms.katalon.core.main.TestCaseMain.startTestSuite(TestCaseMain.java:180)
	at com.kms.katalon.core.main.TestCaseMain$startTestSuite$0.call(Unknown Source)
	at TempTestSuite1761090740538.run(TempTestSuite1761090740538.groovy:35)
	at java.base/jdk.internal.reflect.NativeMethodAccessorImpl.invoke0(Native Method)
	at java.base/jdk.internal.reflect.NativeMethodAccessorImpl.invoke(NativeMethodAccessorImpl.java:77)
	at java.base/jdk.internal.reflect.DelegatingMethodAccessorImpl.invoke(DelegatingMethodAccessorImpl.java:43)
Caused by: org.openqa.selenium.ElementNotInteractableException: element not interactable
  (Session info: chrome=141.0.7390.122)
Build info: version: '3.141.59', revision: 'unknown', time: 'unknown'
System info: host: 'DC1ADOBLD01', ip: '10.2.20.71', os.name: 'Windows Server 2019', os.arch: 'amd64', os.version: '10.0', java.version: '17.0.7'
Driver info: com.kms.katalon.selenium.driver.CChromeDriver
Capabilities {acceptInsecureCerts: false, browserName: chrome, browserVersion: 141.0.7390.122, chrome: {chromedriverVersion: 141.0.7390.122 (b477534e7e1..., userDataDir: C:\Windows\SystemTemp\scope...}, fedcm:accounts: true, goog:chromeOptions: {debuggerAddress: localhost:52226}, javascriptEnabled: true, networkConnectionEnabled: false, pageLoadStrategy: normal, platform: WINDOWS, platformName: WINDOWS, proxy: Proxy(), setWindowRect: true, strictFileInteractability: false, timeouts: {implicit: 0, pageLoad: 300000, script: 30000}, unhandledPromptBehavior: dismiss and notify, webauthn:extension:credBlob: true, webauthn:extension:largeBlob: true, webauthn:extension:minPinLength: true, webauthn:extension:prf: true, webauthn:virtualAuthenticators: true}
Session ID: 15c8f84cb1f057df511580e1f6005593
	at java.base/jdk.internal.reflect.NativeConstructorAccessorImpl.newInstance0(Native Method)
	at java.base/jdk.internal.reflect.NativeConstructorAccessorImpl.newInstance(NativeConstructorAccessorImpl.java:77)
	at java.base/jdk.internal.reflect.DelegatingConstructorAccessorImpl.newInstance(DelegatingConstructorAccessorImpl.java:45)
	at org.openqa.selenium.remote.http.W3CHttpResponseCodec.createException(W3CHttpResponseCodec.java:187)
	at org.openqa.selenium.remote.http.W3CHttpResponseCodec.decode(W3CHttpResponseCodec.java:122)
	at org.openqa.selenium.remote.http.W3CHttpResponseCodec.decode(W3CHttpResponseCodec.java:49)
	at org.openqa.selenium.remote.HttpCommandExecutor.execute(HttpCommandExecutor.java:158)
	at org.openqa.selenium.remote.service.DriverCommandExecutor.execute(DriverCommandExecutor.java:83)
	at org.openqa.selenium.remote.RemoteWebDriver.execute(RemoteWebDriver.java:552)
	at com.kms.katalon.selenium.driver.CChromeDriver.execute(CChromeDriver.java:19)
	at org.openqa.selenium.remote.RemoteWebElement.execute(RemoteWebElement.java:285)
	at org.openqa.selenium.remote.RemoteWebElement.click(RemoteWebElement.java:84)
	at jdk.internal.reflect.GeneratedMethodAccessor16.invoke(Unknown Source)
	at java.base/jdk.internal.reflect.DelegatingMethodAccessorImpl.invoke(DelegatingMethodAccessorImpl.java:43)
	at org.openqa.selenium.support.events.EventFiringWebDriver$EventFiringWebElement.lambda$new$0(EventFiringWebDriver.java:404)
	at jdk.proxy2/jdk.proxy2.$Proxy27.click(Unknown Source)
	at org.openqa.selenium.support.events.EventFiringWebDriver$EventFiringWebElement.click(EventFiringWebDriver.java:417)
	at org.openqa.selenium.WebElement$click.call(Unknown Source)
	at com.kms.katalon.core.webui.keyword.builtin.ClickKeyword.clickUntilSuccessWithTimeout(ClickKeyword.groovy:81)
	at com.kms.katalon.core.webui.keyword.builtin.ClickKeyword.clickUntilSuccessWithTimeout(ClickKeyword.groovy)
	at jdk.internal.reflect.GeneratedMethodAccessor23.invoke(Unknown Source)
	at java.base/jdk.internal.reflect.DelegatingMethodAccessorImpl.invoke(DelegatingMethodAccessorImpl.java:43)
	at com.kms.katalon.core.webui.keyword.builtin.ClickKeyword$_click_closure1.doCall(ClickKeyword.groovy:67)
	at com.kms.katalon.core.webui.keyword.builtin.ClickKeyword$_click_closure1.call(ClickKeyword.groovy)
	at com.kms.katalon.core.webui.keyword.internal.WebUIKeywordMain.runKeyword(WebUIKeywordMain.groovy:35)
	at com.kms.katalon.core.webui.keyword.builtin.ClickKeyword.click(ClickKeyword.groovy:74)
	at com.kms.katalon.core.webui.keyword.builtin.ClickKeyword.execute(ClickKeyword.groovy:40)
	at com.kms.katalon.core.keyword.internal.KeywordExecutor.executeKeywordForPlatform(KeywordExecutor.groovy:74)
	at com.kms.katalon.core.webui.keyword.WebUiBuiltInKeywords.click(WebUiBuiltInKeywords.groovy:659)
	at com.kms.katalon.core.webui.keyword.WebUiBuiltInKeywords$click$4.call(Unknown Source)
	at Script1699556626546.run(Script1699556626546.groovy:34)
	... 16 more
)

21-10-2025T20:14:59 - [TEST_STEP][PASSED] - Start listener action : retryOnDisconnect: Current window's url is: 'https://kaglogistics-inventory-management-portal.qa.thekag.com/custom-group/'

21-10-2025T20:14:59 - [TEST_STEP][PASSED] - tcId = testCaseContext.getTestCaseId(): null

21-10-2025T20:14:59 - [TEST_STEP][PASSED] - currentRetry = retryCounts.getOrDefault(tcId, 0): null

21-10-2025T20:14:59 - [TEST_STEP][PASSED] - if (testCaseContext.getTestCaseStatus() == "FAILED" && currentRetry < MAX_RETRIES): Current window's url is: 'https://kaglogistics-inventory-management-portal.qa.thekag.com/custom-group/'

21-10-2025T20:14:59 - [TEST_STEP][PASSED] - try: Current window's url is: 'https://kaglogistics-inventory-management-portal.qa.thekag.com/custom-group/'

21-10-2025T20:14:59 - [TEST_STEP][PASSED] - comment(Checking for WebDriver disconnect for test case: $tcId): Checking for WebDriver disconnect for test case: Test Cases/FIM/UI/KGL/Admin/Company/Verify Created Company Displays in Dropdowns on Site Profile

21-10-2025T20:14:59 - [MESSAGE][INFO] - Checking for WebDriver disconnect for test case: Test Cases/FIM/UI/KGL/Admin/Company/Verify Created Company Displays in Dropdowns on Site Profile

21-10-2025T20:14:59 - [TEST_STEP][PASSED] - getUrl(): Current window's url is: 'https://kaglogistics-inventory-management-portal.qa.thekag.com/custom-group/'

21-10-2025T20:14:59 - [MESSAGE][PASSED] - Current window's url is: 'https://kaglogistics-inventory-management-portal.qa.thekag.com/custom-group/']]></system-out>
         <system-err><![CDATA[21-10-2025T20:14:23 - [TEST_CASE][FAILED] - Test Cases/FIM/UI/KGL/Admin/Company/Verify Created Company Displays in Dropdowns on Site Profile: Test Cases/FIM/UI/KGL/Admin/Company/Verify Created Company Displays in Dropdowns on Site Profile FAILED.
Reason:
com.kms.katalon.core.exception.StepFailedException: Unable to click on object 'Object Repository/FIM/Hamburger Menu List/KGL_Sites_option'
	at com.kms.katalon.core.webui.keyword.internal.WebUIKeywordMain.stepFailed(WebUIKeywordMain.groovy:117)
	at com.kms.katalon.core.webui.keyword.internal.WebUIKeywordMain.runKeyword(WebUIKeywordMain.groovy:43)
	at com.kms.katalon.core.webui.keyword.builtin.ClickKeyword.click(ClickKeyword.groovy:74)
	at com.kms.katalon.core.webui.keyword.builtin.ClickKeyword.execute(ClickKeyword.groovy:40)
	at com.kms.katalon.core.keyword.internal.KeywordExecutor.executeKeywordForPlatform(KeywordExecutor.groovy:74)
	at com.kms.katalon.core.webui.keyword.WebUiBuiltInKeywords.click(WebUiBuiltInKeywords.groovy:659)
	at com.kms.katalon.core.webui.keyword.WebUiBuiltInKeywords$click$4.call(Unknown Source)
	at Verify Created Company Displays in Dropdowns on Site Profile.run(Verify Created Company Displays in Dropdowns on Site Profile:34)
	at com.kms.katalon.core.main.ScriptEngine.run(ScriptEngine.java:194)
	at com.kms.katalon.core.main.ScriptEngine.runScriptAsRawText(ScriptEngine.java:119)
	at com.kms.katalon.core.main.TestCaseExecutor.runScript(TestCaseExecutor.java:448)
	at com.kms.katalon.core.main.TestCaseExecutor.doExecute(TestCaseExecutor.java:439)
	at com.kms.katalon.core.main.TestCaseExecutor.processExecutionPhase(TestCaseExecutor.java:418)
	at com.kms.katalon.core.main.TestCaseExecutor.accessMainPhase(TestCaseExecutor.java:410)
	at com.kms.katalon.core.main.TestCaseExecutor.execute(TestCaseExecutor.java:285)
	at com.kms.katalon.core.common.CommonExecutor.accessTestCaseMainPhase(CommonExecutor.java:65)
	at com.kms.katalon.core.main.TestSuiteExecutor.accessTestSuiteMainPhase(TestSuiteExecutor.java:150)
	at com.kms.katalon.core.main.TestSuiteExecutor.execute(TestSuiteExecutor.java:106)
	at com.kms.katalon.core.main.TestCaseMain.startTestSuite(TestCaseMain.java:180)
	at com.kms.katalon.core.main.TestCaseMain$startTestSuite$0.call(Unknown Source)
	at TempTestSuite1761090740538.run(TempTestSuite1761090740538.groovy:35)
	at java.base/jdk.internal.reflect.NativeMethodAccessorImpl.invoke0(Native Method)
	at java.base/jdk.internal.reflect.NativeMethodAccessorImpl.invoke(NativeMethodAccessorImpl.java:77)
	at java.base/jdk.internal.reflect.DelegatingMethodAccessorImpl.invoke(DelegatingMethodAccessorImpl.java:43)
Caused by: org.openqa.selenium.ElementNotInteractableException: element not interactable
  (Session info: chrome=141.0.7390.122)
Build info: version: '3.141.59', revision: 'unknown', time: 'unknown'
System info: host: 'DC1ADOBLD01', ip: '10.2.20.71', os.name: 'Windows Server 2019', os.arch: 'amd64', os.version: '10.0', java.version: '17.0.7'
Driver info: com.kms.katalon.selenium.driver.CChromeDriver
Capabilities {acceptInsecureCerts: false, browserName: chrome, browserVersion: 141.0.7390.122, chrome: {chromedriverVersion: 141.0.7390.122 (b477534e7e1..., userDataDir: C:\Windows\SystemTemp\scope...}, fedcm:accounts: true, goog:chromeOptions: {debuggerAddress: localhost:52226}, javascriptEnabled: true, networkConnectionEnabled: false, pageLoadStrategy: normal, platform: WINDOWS, platformName: WINDOWS, proxy: Proxy(), setWindowRect: true, strictFileInteractability: false, timeouts: {implicit: 0, pageLoad: 300000, script: 30000}, unhandledPromptBehavior: dismiss and notify, webauthn:extension:credBlob: true, webauthn:extension:largeBlob: true, webauthn:extension:minPinLength: true, webauthn:extension:prf: true, webauthn:virtualAuthenticators: true}
Session ID: 15c8f84cb1f057df511580e1f6005593
	at java.base/jdk.internal.reflect.NativeConstructorAccessorImpl.newInstance0(Native Method)
	at java.base/jdk.internal.reflect.NativeConstructorAccessorImpl.newInstance(NativeConstructorAccessorImpl.java:77)
	at java.base/jdk.internal.reflect.DelegatingConstructorAccessorImpl.newInstance(DelegatingConstructorAccessorImpl.java:45)
	at org.openqa.selenium.remote.http.W3CHttpResponseCodec.createException(W3CHttpResponseCodec.java:187)
	at org.openqa.selenium.remote.http.W3CHttpResponseCodec.decode(W3CHttpResponseCodec.java:122)
	at org.openqa.selenium.remote.http.W3CHttpResponseCodec.decode(W3CHttpResponseCodec.java:49)
	at org.openqa.selenium.remote.HttpCommandExecutor.execute(HttpCommandExecutor.java:158)
	at org.openqa.selenium.remote.service.DriverCommandExecutor.execute(DriverCommandExecutor.java:83)
	at org.openqa.selenium.remote.RemoteWebDriver.execute(RemoteWebDriver.java:552)
	at com.kms.katalon.selenium.driver.CChromeDriver.execute(CChromeDriver.java:19)
	at org.openqa.selenium.remote.RemoteWebElement.execute(RemoteWebElement.java:285)
	at org.openqa.selenium.remote.RemoteWebElement.click(RemoteWebElement.java:84)
	at jdk.internal.reflect.GeneratedMethodAccessor16.invoke(Unknown Source)
	at java.base/jdk.internal.reflect.DelegatingMethodAccessorImpl.invoke(DelegatingMethodAccessorImpl.java:43)
	at org.openqa.selenium.support.events.EventFiringWebDriver$EventFiringWebElement.lambda$new$0(EventFiringWebDriver.java:404)
	at jdk.proxy2/jdk.proxy2.$Proxy27.click(Unknown Source)
	at org.openqa.selenium.support.events.EventFiringWebDriver$EventFiringWebElement.click(EventFiringWebDriver.java:417)
	at org.openqa.selenium.WebElement$click.call(Unknown Source)
	at com.kms.katalon.core.webui.keyword.builtin.ClickKeyword.clickUntilSuccessWithTimeout(ClickKeyword.groovy:81)
	at com.kms.katalon.core.webui.keyword.builtin.ClickKeyword.clickUntilSuccessWithTimeout(ClickKeyword.groovy)
	at jdk.internal.reflect.GeneratedMethodAccessor23.invoke(Unknown Source)
	at java.base/jdk.internal.reflect.DelegatingMethodAccessorImpl.invoke(DelegatingMethodAccessorImpl.java:43)
	at com.kms.katalon.core.webui.keyword.builtin.ClickKeyword$_click_closure1.doCall(ClickKeyword.groovy:67)
	at com.kms.katalon.core.webui.keyword.builtin.ClickKeyword$_click_closure1.call(ClickKeyword.groovy)
	at com.kms.katalon.core.webui.keyword.internal.WebUIKeywordMain.runKeyword(WebUIKeywordMain.groovy:35)
	... 22 more]]></system-err>
      </testcase>
      <testcase name="Test Cases/FIM/UI/KGL/Admin/Company/Deleting Company" time="36.159" classname="Test Cases/FIM/UI/KGL/Admin/Company/Deleting Company" status="FAILED">
         <failure type="FAILED" message="Test Cases/FIM/UI/KGL/Admin/Company/Deleting Company FAILED.&#xa;Reason:&#xa;com.kms.katalon.core.exception.StepFailedException: Unable to verify object 'Object Repository/FIM/Companies Page/Companies_link' is visible&#xa;	at com.kms.katalon.core.webui.keyword.internal.WebUIKeywordMain.stepFailed(WebUIKeywordMain.groovy:117)&#xa;	at com.kms.katalon.core.webui.keyword.internal.WebUIKeywordMain.runKeyword(WebUIKeywordMain.groovy:43)&#xa;	at com.kms.katalon.core.webui.keyword.builtin.VerifyElementVisibleKeyword.verifyElementVisible(VerifyElementVisibleKeyword.groovy:97)&#xa;	at com.kms.katalon.core.webui.keyword.builtin.VerifyElementVisibleKeyword.execute(VerifyElementVisibleKeyword.groovy:67)&#xa;	at com.kms.katalon.core.keyword.internal.KeywordExecutor.executeKeywordForPlatform(KeywordExecutor.groovy:74)&#xa;	at com.kms.katalon.core.webui.keyword.WebUiBuiltInKeywords.verifyElementVisible(WebUiBuiltInKeywords.groovy:415)&#xa;	at com.kms.katalon.core.webui.keyword.WebUiBuiltInKeywords$verifyElementVisible$8.call(Unknown Source)&#xa;	at Deleting Company.run(Deleting Company:34)&#xa;	at com.kms.katalon.core.main.ScriptEngine.run(ScriptEngine.java:194)&#xa;	at com.kms.katalon.core.main.ScriptEngine.runScriptAsRawText(ScriptEngine.java:119)&#xa;	at com.kms.katalon.core.main.TestCaseExecutor.runScript(TestCaseExecutor.java:448)&#xa;	at com.kms.katalon.core.main.TestCaseExecutor.doExecute(TestCaseExecutor.java:439)&#xa;	at com.kms.katalon.core.main.TestCaseExecutor.processExecutionPhase(TestCaseExecutor.java:418)&#xa;	at com.kms.katalon.core.main.TestCaseExecutor.accessMainPhase(TestCaseExecutor.java:410)&#xa;	at com.kms.katalon.core.main.TestCaseExecutor.execute(TestCaseExecutor.java:285)&#xa;	at com.kms.katalon.core.common.CommonExecutor.accessTestCaseMainPhase(CommonExecutor.java:65)&#xa;	at com.kms.katalon.core.main.TestSuiteExecutor.accessTestSuiteMainPhase(TestSuiteExecutor.java:150)&#xa;	at com.kms.katalon.core.main.TestSuiteExecutor.execute(TestSuiteExecutor.java:106)&#xa;	at com.kms.katalon.core.main.TestCaseMain.startTestSuite(TestCaseMain.java:180)&#xa;	at com.kms.katalon.core.main.TestCaseMain$startTestSuite$0.call(Unknown Source)&#xa;	at TempTestSuite1761090740538.run(TempTestSuite1761090740538.groovy:35)&#xa;	at java.base/jdk.internal.reflect.NativeMethodAccessorImpl.invoke0(Native Method)&#xa;	at java.base/jdk.internal.reflect.NativeMethodAccessorImpl.invoke(NativeMethodAccessorImpl.java:77)&#xa;	at java.base/jdk.internal.reflect.DelegatingMethodAccessorImpl.invoke(DelegatingMethodAccessorImpl.java:43)&#xa;Caused by: com.kms.katalon.core.exception.StepFailedException: Object 'Object Repository/FIM/Companies Page/Companies_link' is NOT visible&#xa;	at com.kms.katalon.core.webui.keyword.internal.WebUIKeywordMain.stepFailed(WebUIKeywordMain.groovy:117)&#xa;	at com.kms.katalon.core.webui.keyword.builtin.VerifyElementVisibleKeyword$_verifyElementVisible_closure1.doCall(VerifyElementVisibleKeyword.groovy:83)&#xa;	at com.kms.katalon.core.webui.keyword.builtin.VerifyElementVisibleKeyword$_verifyElementVisible_closure1.call(VerifyElementVisibleKeyword.groovy)&#xa;	at com.kms.katalon.core.webui.keyword.internal.WebUIKeywordMain.runKeyword(WebUIKeywordMain.groovy:35)&#xa;	... 22 more&#xa;"/>
         <system-out><![CDATA[21-10-2025T20:14:59 - [TEST_CASE][FAILED] - Test Cases/FIM/UI/KGL/Admin/Company/Deleting Company: Test Cases/FIM/UI/KGL/Admin/Company/Deleting Company FAILED.
Reason:
com.kms.katalon.core.exception.StepFailedException: Unable to verify object 'Object Repository/FIM/Companies Page/Companies_link' is visible
	at com.kms.katalon.core.webui.keyword.internal.WebUIKeywordMain.stepFailed(WebUIKeywordMain.groovy:117)
	at com.kms.katalon.core.webui.keyword.internal.WebUIKeywordMain.runKeyword(WebUIKeywordMain.groovy:43)
	at com.kms.katalon.core.webui.keyword.builtin.VerifyElementVisibleKeyword.verifyElementVisible(VerifyElementVisibleKeyword.groovy:97)
	at com.kms.katalon.core.webui.keyword.builtin.VerifyElementVisibleKeyword.execute(VerifyElementVisibleKeyword.groovy:67)
	at com.kms.katalon.core.keyword.internal.KeywordExecutor.executeKeywordForPlatform(KeywordExecutor.groovy:74)
	at com.kms.katalon.core.webui.keyword.WebUiBuiltInKeywords.verifyElementVisible(WebUiBuiltInKeywords.groovy:415)
	at com.kms.katalon.core.webui.keyword.WebUiBuiltInKeywords$verifyElementVisible$8.call(Unknown Source)
	at Deleting Company.run(Deleting Company:34)
	at com.kms.katalon.core.main.ScriptEngine.run(ScriptEngine.java:194)
	at com.kms.katalon.core.main.ScriptEngine.runScriptAsRawText(ScriptEngine.java:119)
	at com.kms.katalon.core.main.TestCaseExecutor.runScript(TestCaseExecutor.java:448)
	at com.kms.katalon.core.main.TestCaseExecutor.doExecute(TestCaseExecutor.java:439)
	at com.kms.katalon.core.main.TestCaseExecutor.processExecutionPhase(TestCaseExecutor.java:418)
	at com.kms.katalon.core.main.TestCaseExecutor.accessMainPhase(TestCaseExecutor.java:410)
	at com.kms.katalon.core.main.TestCaseExecutor.execute(TestCaseExecutor.java:285)
	at com.kms.katalon.core.common.CommonExecutor.accessTestCaseMainPhase(CommonExecutor.java:65)
	at com.kms.katalon.core.main.TestSuiteExecutor.accessTestSuiteMainPhase(TestSuiteExecutor.java:150)
	at com.kms.katalon.core.main.TestSuiteExecutor.execute(TestSuiteExecutor.java:106)
	at com.kms.katalon.core.main.TestCaseMain.startTestSuite(TestCaseMain.java:180)
	at com.kms.katalon.core.main.TestCaseMain$startTestSuite$0.call(Unknown Source)
	at TempTestSuite1761090740538.run(TempTestSuite1761090740538.groovy:35)
	at java.base/jdk.internal.reflect.NativeMethodAccessorImpl.invoke0(Native Method)
	at java.base/jdk.internal.reflect.NativeMethodAccessorImpl.invoke(NativeMethodAccessorImpl.java:77)
	at java.base/jdk.internal.reflect.DelegatingMethodAccessorImpl.invoke(DelegatingMethodAccessorImpl.java:43)
Caused by: com.kms.katalon.core.exception.StepFailedException: Object 'Object Repository/FIM/Companies Page/Companies_link' is NOT visible
	at com.kms.katalon.core.webui.keyword.internal.WebUIKeywordMain.stepFailed(WebUIKeywordMain.groovy:117)
	at com.kms.katalon.core.webui.keyword.builtin.VerifyElementVisibleKeyword$_verifyElementVisible_closure1.doCall(VerifyElementVisibleKeyword.groovy:83)
	at com.kms.katalon.core.webui.keyword.builtin.VerifyElementVisibleKeyword$_verifyElementVisible_closure1.call(VerifyElementVisibleKeyword.groovy)
	at com.kms.katalon.core.webui.keyword.internal.WebUIKeywordMain.runKeyword(WebUIKeywordMain.groovy:35)
	... 22 more


21-10-2025T20:14:59 - [TEST_STEP][PASSED] - Start listener action : beforeTestCase: null

21-10-2025T20:14:59 - [TEST_STEP][PASSED] - addDefaultPackages(): null

21-10-2025T20:14:59 - [TEST_STEP][PASSED] - callTestCase(findTestCase("Utility Scripts/FIM KGL Admin Login"), [:], STOP_ON_FAILURE): Call Test Case 'Test Cases/Utility Scripts/FIM KGL Admin Login' successfully

21-10-2025T20:14:59 - [TEST_CASE][PASSED] - Test Cases/Utility Scripts/FIM KGL Admin Login: Test Cases/Utility Scripts/FIM KGL Admin Login

21-10-2025T20:14:59 - [TEST_STEP][PASSED] - openBrowser(""): Browser is opened with url: ''

21-10-2025T20:14:59 - [MESSAGE][WARNING] - A browser is already opened. Closing browser and opening a new one

21-10-2025T20:14:59 - [MESSAGE][INFO] - Starting 'Chrome' driver

21-10-2025T20:14:59 - [MESSAGE][INFO] - User set preference: ['args', '[--no-sandbox, --disable-gpu, --disable-dev-shm-usage]']

21-10-2025T20:14:59 - [MESSAGE][INFO] - Action delay is set to 0 milliseconds

21-10-2025T20:15:00 - [MESSAGE][PASSED] - Browser is opened with url: ''

21-10-2025T20:15:00 - [TEST_STEP][PASSED] - delay(1): Delayed 1 second(s)

21-10-2025T20:15:01 - [MESSAGE][PASSED] - Delayed 1 second(s)

21-10-2025T20:15:01 - [TEST_STEP][PASSED] - navigateToUrl(KGLCustomGroupUrl): Navigate to 'https://kaglogistics-inventory-management-portal.qa.thekag.com/custom-group/' successfully

21-10-2025T20:15:01 - [MESSAGE][PASSED] - Navigate to 'https://kaglogistics-inventory-management-portal.qa.thekag.com/custom-group/' successfully

21-10-2025T20:15:01 - [TEST_STEP][PASSED] - delay(10): Delayed 10 second(s)

21-10-2025T20:15:11 - [MESSAGE][PASSED] - Delayed 10 second(s)

21-10-2025T20:15:11 - [TEST_STEP][PASSED] - if (maximizeWindow == true): Delayed 1 second(s)

21-10-2025T20:15:11 - [TEST_STEP][PASSED] - maximizeWindow(STOP_ON_FAILURE): Current window maximized

21-10-2025T20:15:11 - [MESSAGE][PASSED] - Current window maximized

21-10-2025T20:15:11 - [TEST_STEP][PASSED] - delay(1): Delayed 1 second(s)

21-10-2025T20:15:12 - [MESSAGE][PASSED] - Delayed 1 second(s)

21-10-2025T20:15:12 - [TEST_STEP][PASSED] - waitForElementPresent(findTestObject("FIM/Username_txt"), 10): Object 'Object Repository/FIM/Username_txt' is present

21-10-2025T20:15:12 - [MESSAGE][PASSED] - Object 'Object Repository/FIM/Username_txt' is present

21-10-2025T20:15:12 - [TEST_STEP][PASSED] - setText(findTestObject("FIM/Username_txt"), FIMUsername): Text 'Chris.Sheldon+DES_QA@Thekag.com' is set on object 'Object Repository/FIM/Username_txt'

21-10-2025T20:15:12 - [MESSAGE][PASSED] - Text 'Chris.Sheldon+DES_QA@Thekag.com' is set on object 'Object Repository/FIM/Username_txt'

21-10-2025T20:15:12 - [TEST_STEP][PASSED] - delay(1): Delayed 1 second(s)

21-10-2025T20:15:13 - [MESSAGE][PASSED] - Delayed 1 second(s)

21-10-2025T20:15:13 - [TEST_STEP][PASSED] - setText(findTestObject("FIM/Password_txt"), FIMPassword): Text 'QATest!2' is set on object 'Object Repository/FIM/Password_txt'

21-10-2025T20:15:14 - [MESSAGE][PASSED] - Text 'QATest!2' is set on object 'Object Repository/FIM/Password_txt'

21-10-2025T20:15:14 - [TEST_STEP][PASSED] - delay(1): Delayed 1 second(s)

21-10-2025T20:15:15 - [MESSAGE][PASSED] - Delayed 1 second(s)

21-10-2025T20:15:15 - [TEST_STEP][PASSED] - click(findTestObject("FIM/Login_btn")): Object: 'Object Repository/FIM/Login_btn' is clicked on

21-10-2025T20:15:15 - [MESSAGE][PASSED] - Object: 'Object Repository/FIM/Login_btn' is clicked on

21-10-2025T20:15:15 - [MESSAGE][PASSED] - Call Test Case 'Test Cases/Utility Scripts/FIM KGL Admin Login' successfully

21-10-2025T20:15:15 - [TEST_STEP][PASSED] - waitForElementClickable(findTestObject("FIM/Hamburger Menu List/Hamburger_menu"), 300): Object 'Object Repository/FIM/Hamburger Menu List/Hamburger_menu' is clickable

21-10-2025T20:15:15 - [MESSAGE][PASSED] - Object 'Object Repository/FIM/Hamburger Menu List/Hamburger_menu' is clickable

21-10-2025T20:15:15 - [TEST_STEP][PASSED] - if (verifyElementVisible(findTestObject("FIM/Server_Notification_Close_btn"), OPTIONAL) == true): Web element with id: 'Object Repository/FIM/Server_Notification_Close_btn' located by '/html/body/div/div[1]/button' not found (Root cause: com.kms.katalon.core.exception.StepFailedException: Web element with id: 'Object Repository/FIM/Server_Notification_Close_btn' located by '/html/body/div/div[1]/button' not found
	at com.kms.katalon.core.webui.keyword.internal.WebUIKeywordMain.stepFailed(WebUIKeywordMain.groovy:117)
	at com.kms.katalon.core.webui.keyword.builtin.VerifyElementVisibleKeyword$_verifyElementVisible_closure1.doCall(VerifyElementVisibleKeyword.groovy:89)
	at com.kms.katalon.core.webui.keyword.builtin.VerifyElementVisibleKeyword$_verifyElementVisible_closure1.call(VerifyElementVisibleKeyword.groovy)
	at com.kms.katalon.core.webui.keyword.internal.WebUIKeywordMain.runKeyword(WebUIKeywordMain.groovy:35)
	at com.kms.katalon.core.webui.keyword.builtin.VerifyElementVisibleKeyword.verifyElementVisible(VerifyElementVisibleKeyword.groovy:97)
	at com.kms.katalon.core.webui.keyword.builtin.VerifyElementVisibleKeyword.execute(VerifyElementVisibleKeyword.groovy:67)
	at com.kms.katalon.core.keyword.internal.KeywordExecutor.executeKeywordForPlatform(KeywordExecutor.groovy:74)
	at com.kms.katalon.core.webui.keyword.WebUiBuiltInKeywords.verifyElementVisible(WebUiBuiltInKeywords.groovy:401)
	at com.kms.katalon.core.webui.keyword.WebUiBuiltInKeywords$verifyElementVisible$6.call(Unknown Source)
	at Deleting Company.run(Deleting Company:24)
	at com.kms.katalon.core.main.ScriptEngine.run(ScriptEngine.java:194)
	at com.kms.katalon.core.main.ScriptEngine.runScriptAsRawText(ScriptEngine.java:119)
	at com.kms.katalon.core.main.TestCaseExecutor.runScript(TestCaseExecutor.java:448)
	at com.kms.katalon.core.main.TestCaseExecutor.doExecute(TestCaseExecutor.java:439)
	at com.kms.katalon.core.main.TestCaseExecutor.processExecutionPhase(TestCaseExecutor.java:418)
	at com.kms.katalon.core.main.TestCaseExecutor.accessMainPhase(TestCaseExecutor.java:410)
	at com.kms.katalon.core.main.TestCaseExecutor.execute(TestCaseExecutor.java:285)
	at com.kms.katalon.core.common.CommonExecutor.accessTestCaseMainPhase(CommonExecutor.java:65)
	at com.kms.katalon.core.main.TestSuiteExecutor.accessTestSuiteMainPhase(TestSuiteExecutor.java:150)
	at com.kms.katalon.core.main.TestSuiteExecutor.execute(TestSuiteExecutor.java:106)
	at com.kms.katalon.core.main.TestCaseMain.startTestSuite(TestCaseMain.java:180)
	at com.kms.katalon.core.main.TestCaseMain$startTestSuite$0.call(Unknown Source)
	at TempTestSuite1761090740538.run(TempTestSuite1761090740538.groovy:35)
	at java.base/jdk.internal.reflect.NativeMethodAccessorImpl.invoke0(Native Method)
	at java.base/jdk.internal.reflect.NativeMethodAccessorImpl.invoke(NativeMethodAccessorImpl.java:77)
	at java.base/jdk.internal.reflect.DelegatingMethodAccessorImpl.invoke(DelegatingMethodAccessorImpl.java:43)
)

21-10-2025T20:15:31 - [MESSAGE][INFO] - Unable to find the element located by 'By.xpath: /html/body/div/div[1]/button'. Please recheck the objects properties to make sure the desired element is located. 

21-10-2025T20:15:31 - [MESSAGE][WARNING] - [SELF-HEALING] Failed to find element with id 'Object Repository/FIM/Server_Notification_Close_btn'. Try using Self-healing.

21-10-2025T20:15:32 - [MESSAGE][INFO] - [SELF-HEALING] No working XPath is found.

21-10-2025T20:15:34 - [MESSAGE][INFO] - Unable to find the element located by 'By.xpath: '. Please recheck the objects properties to make sure the desired element is located. 

21-10-2025T20:15:34 - [MESSAGE][WARNING] - [SELF-HEALING] Cannot find elements when the selector is null

21-10-2025T20:15:34 - [MESSAGE][WARNING] - Web element with id: 'Object Repository/FIM/Server_Notification_Close_btn' located by '/html/body/div/div[1]/button' not found (Root cause: com.kms.katalon.core.exception.StepFailedException: Web element with id: 'Object Repository/FIM/Server_Notification_Close_btn' located by '/html/body/div/div[1]/button' not found
	at com.kms.katalon.core.webui.keyword.internal.WebUIKeywordMain.stepFailed(WebUIKeywordMain.groovy:117)
	at com.kms.katalon.core.webui.keyword.builtin.VerifyElementVisibleKeyword$_verifyElementVisible_closure1.doCall(VerifyElementVisibleKeyword.groovy:89)
	at com.kms.katalon.core.webui.keyword.builtin.VerifyElementVisibleKeyword$_verifyElementVisible_closure1.call(VerifyElementVisibleKeyword.groovy)
	at com.kms.katalon.core.webui.keyword.internal.WebUIKeywordMain.runKeyword(WebUIKeywordMain.groovy:35)
	at com.kms.katalon.core.webui.keyword.builtin.VerifyElementVisibleKeyword.verifyElementVisible(VerifyElementVisibleKeyword.groovy:97)
	at com.kms.katalon.core.webui.keyword.builtin.VerifyElementVisibleKeyword.execute(VerifyElementVisibleKeyword.groovy:67)
	at com.kms.katalon.core.keyword.internal.KeywordExecutor.executeKeywordForPlatform(KeywordExecutor.groovy:74)
	at com.kms.katalon.core.webui.keyword.WebUiBuiltInKeywords.verifyElementVisible(WebUiBuiltInKeywords.groovy:401)
	at com.kms.katalon.core.webui.keyword.WebUiBuiltInKeywords$verifyElementVisible$6.call(Unknown Source)
	at Deleting Company.run(Deleting Company:24)
	at com.kms.katalon.core.main.ScriptEngine.run(ScriptEngine.java:194)
	at com.kms.katalon.core.main.ScriptEngine.runScriptAsRawText(ScriptEngine.java:119)
	at com.kms.katalon.core.main.TestCaseExecutor.runScript(TestCaseExecutor.java:448)
	at com.kms.katalon.core.main.TestCaseExecutor.doExecute(TestCaseExecutor.java:439)
	at com.kms.katalon.core.main.TestCaseExecutor.processExecutionPhase(TestCaseExecutor.java:418)
	at com.kms.katalon.core.main.TestCaseExecutor.accessMainPhase(TestCaseExecutor.java:410)
	at com.kms.katalon.core.main.TestCaseExecutor.execute(TestCaseExecutor.java:285)
	at com.kms.katalon.core.common.CommonExecutor.accessTestCaseMainPhase(CommonExecutor.java:65)
	at com.kms.katalon.core.main.TestSuiteExecutor.accessTestSuiteMainPhase(TestSuiteExecutor.java:150)
	at com.kms.katalon.core.main.TestSuiteExecutor.execute(TestSuiteExecutor.java:106)
	at com.kms.katalon.core.main.TestCaseMain.startTestSuite(TestCaseMain.java:180)
	at com.kms.katalon.core.main.TestCaseMain$startTestSuite$0.call(Unknown Source)
	at TempTestSuite1761090740538.run(TempTestSuite1761090740538.groovy:35)
	at java.base/jdk.internal.reflect.NativeMethodAccessorImpl.invoke0(Native Method)
	at java.base/jdk.internal.reflect.NativeMethodAccessorImpl.invoke(NativeMethodAccessorImpl.java:77)
	at java.base/jdk.internal.reflect.DelegatingMethodAccessorImpl.invoke(DelegatingMethodAccessorImpl.java:43)
)

21-10-2025T20:15:34 - [TEST_STEP][PASSED] - delay(1): Delayed 1 second(s)

21-10-2025T20:15:35 - [MESSAGE][PASSED] - Delayed 1 second(s)

21-10-2025T20:15:35 - [TEST_STEP][PASSED] - click(findTestObject("FIM/Hamburger Menu List/Hamburger_menu")): Object: 'Object Repository/FIM/Hamburger Menu List/Hamburger_menu' is clicked on

21-10-2025T20:15:35 - [MESSAGE][PASSED] - Object: 'Object Repository/FIM/Hamburger Menu List/Hamburger_menu' is clicked on

21-10-2025T20:15:35 - [TEST_STEP][PASSED] - verifyElementPresent(findTestObject("FIM/Companies Page/Companies_link"), 10): Object 'Object Repository/FIM/Companies Page/Companies_link' is present

21-10-2025T20:15:35 - [MESSAGE][PASSED] - Object 'Object Repository/FIM/Companies Page/Companies_link' is present

21-10-2025T20:15:35 - [TEST_STEP][FAILED] - verifyElementVisible(findTestObject("FIM/Companies Page/Companies_link")): Unable to verify object 'Object Repository/FIM/Companies Page/Companies_link' is visible (Root cause: com.kms.katalon.core.exception.StepFailedException: Unable to verify object 'Object Repository/FIM/Companies Page/Companies_link' is visible
	at com.kms.katalon.core.webui.keyword.internal.WebUIKeywordMain.stepFailed(WebUIKeywordMain.groovy:117)
	at com.kms.katalon.core.webui.keyword.internal.WebUIKeywordMain.runKeyword(WebUIKeywordMain.groovy:43)
	at com.kms.katalon.core.webui.keyword.builtin.VerifyElementVisibleKeyword.verifyElementVisible(VerifyElementVisibleKeyword.groovy:97)
	at com.kms.katalon.core.webui.keyword.builtin.VerifyElementVisibleKeyword.execute(VerifyElementVisibleKeyword.groovy:67)
	at com.kms.katalon.core.keyword.internal.KeywordExecutor.executeKeywordForPlatform(KeywordExecutor.groovy:74)
	at com.kms.katalon.core.webui.keyword.WebUiBuiltInKeywords.verifyElementVisible(WebUiBuiltInKeywords.groovy:415)
	at com.kms.katalon.core.webui.keyword.WebUiBuiltInKeywords$verifyElementVisible$8.call(Unknown Source)
	at Deleting Company.run(Deleting Company:34)
	at com.kms.katalon.core.main.ScriptEngine.run(ScriptEngine.java:194)
	at com.kms.katalon.core.main.ScriptEngine.runScriptAsRawText(ScriptEngine.java:119)
	at com.kms.katalon.core.main.TestCaseExecutor.runScript(TestCaseExecutor.java:448)
	at com.kms.katalon.core.main.TestCaseExecutor.doExecute(TestCaseExecutor.java:439)
	at com.kms.katalon.core.main.TestCaseExecutor.processExecutionPhase(TestCaseExecutor.java:418)
	at com.kms.katalon.core.main.TestCaseExecutor.accessMainPhase(TestCaseExecutor.java:410)
	at com.kms.katalon.core.main.TestCaseExecutor.execute(TestCaseExecutor.java:285)
	at com.kms.katalon.core.common.CommonExecutor.accessTestCaseMainPhase(CommonExecutor.java:65)
	at com.kms.katalon.core.main.TestSuiteExecutor.accessTestSuiteMainPhase(TestSuiteExecutor.java:150)
	at com.kms.katalon.core.main.TestSuiteExecutor.execute(TestSuiteExecutor.java:106)
	at com.kms.katalon.core.main.TestCaseMain.startTestSuite(TestCaseMain.java:180)
	at com.kms.katalon.core.main.TestCaseMain$startTestSuite$0.call(Unknown Source)
	at TempTestSuite1761090740538.run(TempTestSuite1761090740538.groovy:35)
	at java.base/jdk.internal.reflect.NativeMethodAccessorImpl.invoke0(Native Method)
	at java.base/jdk.internal.reflect.NativeMethodAccessorImpl.invoke(NativeMethodAccessorImpl.java:77)
	at java.base/jdk.internal.reflect.DelegatingMethodAccessorImpl.invoke(DelegatingMethodAccessorImpl.java:43)
Caused by: com.kms.katalon.core.exception.StepFailedException: Object 'Object Repository/FIM/Companies Page/Companies_link' is NOT visible
	at com.kms.katalon.core.webui.keyword.internal.WebUIKeywordMain.stepFailed(WebUIKeywordMain.groovy:117)
	at com.kms.katalon.core.webui.keyword.builtin.VerifyElementVisibleKeyword$_verifyElementVisible_closure1.doCall(VerifyElementVisibleKeyword.groovy:83)
	at com.kms.katalon.core.webui.keyword.builtin.VerifyElementVisibleKeyword$_verifyElementVisible_closure1.call(VerifyElementVisibleKeyword.groovy)
	at com.kms.katalon.core.webui.keyword.internal.WebUIKeywordMain.runKeyword(WebUIKeywordMain.groovy:35)
	... 22 more
)

21-10-2025T20:15:35 - [MESSAGE][FAILED] - Object 'Object Repository/FIM/Companies Page/Companies_link' is NOT visible (Root cause: com.kms.katalon.core.exception.StepFailedException: Object 'Object Repository/FIM/Companies Page/Companies_link' is NOT visible
	at com.kms.katalon.core.webui.keyword.internal.WebUIKeywordMain.stepFailed(WebUIKeywordMain.groovy:117)
	at com.kms.katalon.core.webui.keyword.builtin.VerifyElementVisibleKeyword$_verifyElementVisible_closure1.doCall(VerifyElementVisibleKeyword.groovy:83)
	at com.kms.katalon.core.webui.keyword.builtin.VerifyElementVisibleKeyword$_verifyElementVisible_closure1.call(VerifyElementVisibleKeyword.groovy)
	at com.kms.katalon.core.webui.keyword.internal.WebUIKeywordMain.runKeyword(WebUIKeywordMain.groovy:35)
	at com.kms.katalon.core.webui.keyword.builtin.VerifyElementVisibleKeyword.verifyElementVisible(VerifyElementVisibleKeyword.groovy:97)
	at com.kms.katalon.core.webui.keyword.builtin.VerifyElementVisibleKeyword.execute(VerifyElementVisibleKeyword.groovy:67)
	at com.kms.katalon.core.keyword.internal.KeywordExecutor.executeKeywordForPlatform(KeywordExecutor.groovy:74)
	at com.kms.katalon.core.webui.keyword.WebUiBuiltInKeywords.verifyElementVisible(WebUiBuiltInKeywords.groovy:415)
	at com.kms.katalon.core.webui.keyword.WebUiBuiltInKeywords$verifyElementVisible$8.call(Unknown Source)
	at Deleting Company.run(Deleting Company:34)
	at com.kms.katalon.core.main.ScriptEngine.run(ScriptEngine.java:194)
	at com.kms.katalon.core.main.ScriptEngine.runScriptAsRawText(ScriptEngine.java:119)
	at com.kms.katalon.core.main.TestCaseExecutor.runScript(TestCaseExecutor.java:448)
	at com.kms.katalon.core.main.TestCaseExecutor.doExecute(TestCaseExecutor.java:439)
	at com.kms.katalon.core.main.TestCaseExecutor.processExecutionPhase(TestCaseExecutor.java:418)
	at com.kms.katalon.core.main.TestCaseExecutor.accessMainPhase(TestCaseExecutor.java:410)
	at com.kms.katalon.core.main.TestCaseExecutor.execute(TestCaseExecutor.java:285)
	at com.kms.katalon.core.common.CommonExecutor.accessTestCaseMainPhase(CommonExecutor.java:65)
	at com.kms.katalon.core.main.TestSuiteExecutor.accessTestSuiteMainPhase(TestSuiteExecutor.java:150)
	at com.kms.katalon.core.main.TestSuiteExecutor.execute(TestSuiteExecutor.java:106)
	at com.kms.katalon.core.main.TestCaseMain.startTestSuite(TestCaseMain.java:180)
	at com.kms.katalon.core.main.TestCaseMain$startTestSuite$0.call(Unknown Source)
	at TempTestSuite1761090740538.run(TempTestSuite1761090740538.groovy:35)
	at java.base/jdk.internal.reflect.NativeMethodAccessorImpl.invoke0(Native Method)
	at java.base/jdk.internal.reflect.NativeMethodAccessorImpl.invoke(NativeMethodAccessorImpl.java:77)
	at java.base/jdk.internal.reflect.DelegatingMethodAccessorImpl.invoke(DelegatingMethodAccessorImpl.java:43)
)

21-10-2025T20:15:35 - [MESSAGE][FAILED] - Unable to verify object 'Object Repository/FIM/Companies Page/Companies_link' is visible (Root cause: com.kms.katalon.core.exception.StepFailedException: Unable to verify object 'Object Repository/FIM/Companies Page/Companies_link' is visible
	at com.kms.katalon.core.webui.keyword.internal.WebUIKeywordMain.stepFailed(WebUIKeywordMain.groovy:117)
	at com.kms.katalon.core.webui.keyword.internal.WebUIKeywordMain.runKeyword(WebUIKeywordMain.groovy:43)
	at com.kms.katalon.core.webui.keyword.builtin.VerifyElementVisibleKeyword.verifyElementVisible(VerifyElementVisibleKeyword.groovy:97)
	at com.kms.katalon.core.webui.keyword.builtin.VerifyElementVisibleKeyword.execute(VerifyElementVisibleKeyword.groovy:67)
	at com.kms.katalon.core.keyword.internal.KeywordExecutor.executeKeywordForPlatform(KeywordExecutor.groovy:74)
	at com.kms.katalon.core.webui.keyword.WebUiBuiltInKeywords.verifyElementVisible(WebUiBuiltInKeywords.groovy:415)
	at com.kms.katalon.core.webui.keyword.WebUiBuiltInKeywords$verifyElementVisible$8.call(Unknown Source)
	at Deleting Company.run(Deleting Company:34)
	at com.kms.katalon.core.main.ScriptEngine.run(ScriptEngine.java:194)
	at com.kms.katalon.core.main.ScriptEngine.runScriptAsRawText(ScriptEngine.java:119)
	at com.kms.katalon.core.main.TestCaseExecutor.runScript(TestCaseExecutor.java:448)
	at com.kms.katalon.core.main.TestCaseExecutor.doExecute(TestCaseExecutor.java:439)
	at com.kms.katalon.core.main.TestCaseExecutor.processExecutionPhase(TestCaseExecutor.java:418)
	at com.kms.katalon.core.main.TestCaseExecutor.accessMainPhase(TestCaseExecutor.java:410)
	at com.kms.katalon.core.main.TestCaseExecutor.execute(TestCaseExecutor.java:285)
	at com.kms.katalon.core.common.CommonExecutor.accessTestCaseMainPhase(CommonExecutor.java:65)
	at com.kms.katalon.core.main.TestSuiteExecutor.accessTestSuiteMainPhase(TestSuiteExecutor.java:150)
	at com.kms.katalon.core.main.TestSuiteExecutor.execute(TestSuiteExecutor.java:106)
	at com.kms.katalon.core.main.TestCaseMain.startTestSuite(TestCaseMain.java:180)
	at com.kms.katalon.core.main.TestCaseMain$startTestSuite$0.call(Unknown Source)
	at TempTestSuite1761090740538.run(TempTestSuite1761090740538.groovy:35)
	at java.base/jdk.internal.reflect.NativeMethodAccessorImpl.invoke0(Native Method)
	at java.base/jdk.internal.reflect.NativeMethodAccessorImpl.invoke(NativeMethodAccessorImpl.java:77)
	at java.base/jdk.internal.reflect.DelegatingMethodAccessorImpl.invoke(DelegatingMethodAccessorImpl.java:43)
Caused by: com.kms.katalon.core.exception.StepFailedException: Object 'Object Repository/FIM/Companies Page/Companies_link' is NOT visible
	at com.kms.katalon.core.webui.keyword.internal.WebUIKeywordMain.stepFailed(WebUIKeywordMain.groovy:117)
	at com.kms.katalon.core.webui.keyword.builtin.VerifyElementVisibleKeyword$_verifyElementVisible_closure1.doCall(VerifyElementVisibleKeyword.groovy:83)
	at com.kms.katalon.core.webui.keyword.builtin.VerifyElementVisibleKeyword$_verifyElementVisible_closure1.call(VerifyElementVisibleKeyword.groovy)
	at com.kms.katalon.core.webui.keyword.internal.WebUIKeywordMain.runKeyword(WebUIKeywordMain.groovy:35)
	... 22 more
)

21-10-2025T20:15:35 - [TEST_STEP][PASSED] - Start listener action : retryOnDisconnect: Current window's url is: 'https://kaglogistics-inventory-management-portal.qa.thekag.com/custom-group/'

21-10-2025T20:15:35 - [TEST_STEP][PASSED] - tcId = testCaseContext.getTestCaseId(): null

21-10-2025T20:15:35 - [TEST_STEP][PASSED] - currentRetry = retryCounts.getOrDefault(tcId, 0): null

21-10-2025T20:15:35 - [TEST_STEP][PASSED] - if (testCaseContext.getTestCaseStatus() == "FAILED" && currentRetry < MAX_RETRIES): Current window's url is: 'https://kaglogistics-inventory-management-portal.qa.thekag.com/custom-group/'

21-10-2025T20:15:35 - [TEST_STEP][PASSED] - try: Current window's url is: 'https://kaglogistics-inventory-management-portal.qa.thekag.com/custom-group/'

21-10-2025T20:15:35 - [TEST_STEP][PASSED] - comment(Checking for WebDriver disconnect for test case: $tcId): Checking for WebDriver disconnect for test case: Test Cases/FIM/UI/KGL/Admin/Company/Deleting Company

21-10-2025T20:15:35 - [MESSAGE][INFO] - Checking for WebDriver disconnect for test case: Test Cases/FIM/UI/KGL/Admin/Company/Deleting Company

21-10-2025T20:15:35 - [TEST_STEP][PASSED] - getUrl(): Current window's url is: 'https://kaglogistics-inventory-management-portal.qa.thekag.com/custom-group/'

21-10-2025T20:15:35 - [MESSAGE][PASSED] - Current window's url is: 'https://kaglogistics-inventory-management-portal.qa.thekag.com/custom-group/']]></system-out>
         <system-err><![CDATA[21-10-2025T20:14:59 - [TEST_CASE][FAILED] - Test Cases/FIM/UI/KGL/Admin/Company/Deleting Company: Test Cases/FIM/UI/KGL/Admin/Company/Deleting Company FAILED.
Reason:
com.kms.katalon.core.exception.StepFailedException: Unable to verify object 'Object Repository/FIM/Companies Page/Companies_link' is visible
	at com.kms.katalon.core.webui.keyword.internal.WebUIKeywordMain.stepFailed(WebUIKeywordMain.groovy:117)
	at com.kms.katalon.core.webui.keyword.internal.WebUIKeywordMain.runKeyword(WebUIKeywordMain.groovy:43)
	at com.kms.katalon.core.webui.keyword.builtin.VerifyElementVisibleKeyword.verifyElementVisible(VerifyElementVisibleKeyword.groovy:97)
	at com.kms.katalon.core.webui.keyword.builtin.VerifyElementVisibleKeyword.execute(VerifyElementVisibleKeyword.groovy:67)
	at com.kms.katalon.core.keyword.internal.KeywordExecutor.executeKeywordForPlatform(KeywordExecutor.groovy:74)
	at com.kms.katalon.core.webui.keyword.WebUiBuiltInKeywords.verifyElementVisible(WebUiBuiltInKeywords.groovy:415)
	at com.kms.katalon.core.webui.keyword.WebUiBuiltInKeywords$verifyElementVisible$8.call(Unknown Source)
	at Deleting Company.run(Deleting Company:34)
	at com.kms.katalon.core.main.ScriptEngine.run(ScriptEngine.java:194)
	at com.kms.katalon.core.main.ScriptEngine.runScriptAsRawText(ScriptEngine.java:119)
	at com.kms.katalon.core.main.TestCaseExecutor.runScript(TestCaseExecutor.java:448)
	at com.kms.katalon.core.main.TestCaseExecutor.doExecute(TestCaseExecutor.java:439)
	at com.kms.katalon.core.main.TestCaseExecutor.processExecutionPhase(TestCaseExecutor.java:418)
	at com.kms.katalon.core.main.TestCaseExecutor.accessMainPhase(TestCaseExecutor.java:410)
	at com.kms.katalon.core.main.TestCaseExecutor.execute(TestCaseExecutor.java:285)
	at com.kms.katalon.core.common.CommonExecutor.accessTestCaseMainPhase(CommonExecutor.java:65)
	at com.kms.katalon.core.main.TestSuiteExecutor.accessTestSuiteMainPhase(TestSuiteExecutor.java:150)
	at com.kms.katalon.core.main.TestSuiteExecutor.execute(TestSuiteExecutor.java:106)
	at com.kms.katalon.core.main.TestCaseMain.startTestSuite(TestCaseMain.java:180)
	at com.kms.katalon.core.main.TestCaseMain$startTestSuite$0.call(Unknown Source)
	at TempTestSuite1761090740538.run(TempTestSuite1761090740538.groovy:35)
	at java.base/jdk.internal.reflect.NativeMethodAccessorImpl.invoke0(Native Method)
	at java.base/jdk.internal.reflect.NativeMethodAccessorImpl.invoke(NativeMethodAccessorImpl.java:77)
	at java.base/jdk.internal.reflect.DelegatingMethodAccessorImpl.invoke(DelegatingMethodAccessorImpl.java:43)
Caused by: com.kms.katalon.core.exception.StepFailedException: Object 'Object Repository/FIM/Companies Page/Companies_link' is NOT visible
	at com.kms.katalon.core.webui.keyword.internal.WebUIKeywordMain.stepFailed(WebUIKeywordMain.groovy:117)
	at com.kms.katalon.core.webui.keyword.builtin.VerifyElementVisibleKeyword$_verifyElementVisible_closure1.doCall(VerifyElementVisibleKeyword.groovy:83)
	at com.kms.katalon.core.webui.keyword.builtin.VerifyElementVisibleKeyword$_verifyElementVisible_closure1.call(VerifyElementVisibleKeyword.groovy)
	at com.kms.katalon.core.webui.keyword.internal.WebUIKeywordMain.runKeyword(WebUIKeywordMain.groovy:35)
	... 22 more]]></system-err>
      </testcase>
      <system-out><![CDATA[21-10-2025T19:54:05 - [TEST_SUITE][FAILED] - KGL Admin - Company: Test Cases/FIM/UI/KGL/Admin/Company/Creating a Consignee Company FAILED.
Reason:
com.kms.katalon.core.exception.StepFailedException: Unable to click on object 'Object Repository/FIM/Hamburger Menu List/Hamburger_menu'
	at com.kms.katalon.core.webui.keyword.internal.WebUIKeywordMain.stepFailed(WebUIKeywordMain.groovy:117)
	at com.kms.katalon.core.webui.keyword.internal.WebUIKeywordMain.runKeyword(WebUIKeywordMain.groovy:43)
	at com.kms.katalon.core.webui.keyword.builtin.ClickKeyword.click(ClickKeyword.groovy:74)
	at com.kms.katalon.core.webui.keyword.builtin.ClickKeyword.execute(ClickKeyword.groovy:40)
	at com.kms.katalon.core.keyword.internal.KeywordExecutor.executeKeywordForPlatform(KeywordExecutor.groovy:74)
	at com.kms.katalon.core.webui.keyword.WebUiBuiltInKeywords.click(WebUiBuiltInKeywords.groovy:659)
	at com.kms.katalon.core.webui.keyword.WebUiBuiltInKeywords$click$4.call(Unknown Source)
	at Creating a Consignee Company.run(Creating a Consignee Company:151)
	at com.kms.katalon.core.main.ScriptEngine.run(ScriptEngine.java:194)
	at com.kms.katalon.core.main.ScriptEngine.runScriptAsRawText(ScriptEngine.java:119)
	at com.kms.katalon.core.main.TestCaseExecutor.runScript(TestCaseExecutor.java:448)
	at com.kms.katalon.core.main.TestCaseExecutor.doExecute(TestCaseExecutor.java:439)
	at com.kms.katalon.core.main.TestCaseExecutor.processExecutionPhase(TestCaseExecutor.java:418)
	at com.kms.katalon.core.main.TestCaseExecutor.accessMainPhase(TestCaseExecutor.java:410)
	at com.kms.katalon.core.main.TestCaseExecutor.execute(TestCaseExecutor.java:285)
	at com.kms.katalon.core.common.CommonExecutor.accessTestCaseMainPhase(CommonExecutor.java:65)
	at com.kms.katalon.core.main.TestSuiteExecutor.accessTestSuiteMainPhase(TestSuiteExecutor.java:150)
	at com.kms.katalon.core.main.TestSuiteExecutor.execute(TestSuiteExecutor.java:106)
	at com.kms.katalon.core.main.TestCaseMain.startTestSuite(TestCaseMain.java:180)
	at com.kms.katalon.core.main.TestCaseMain$startTestSuite$0.call(Unknown Source)
	at TempTestSuite1761090740538.run(TempTestSuite1761090740538.groovy:35)
	at java.base/jdk.internal.reflect.NativeMethodAccessorImpl.invoke0(Native Method)
	at java.base/jdk.internal.reflect.NativeMethodAccessorImpl.invoke(NativeMethodAccessorImpl.java:77)
	at java.base/jdk.internal.reflect.DelegatingMethodAccessorImpl.invoke(DelegatingMethodAccessorImpl.java:43)
Caused by: org.openqa.selenium.ElementClickInterceptedException: element click intercepted: Element <button type="button" class="btn btn-kag-grey btn-sm collapsed" aria-expanded="false" aria-controls="kag-sidebar" style="overflow-anchor: none;">...</button> is not clickable at point (31, 31). Other element would receive the click: <div id="catalog-edit-modal" role="dialog" aria-labelledby="catalog-edit-modal___BV_modal_title_" aria-describedby="catalog-edit-modal___BV_modal_body_" class="modal fade show" aria-modal="true" style="display: block; padding-left: 15px;">...</div>
  (Session info: chrome=141.0.7390.122)
Build info: version: '3.141.59', revision: 'unknown', time: 'unknown'
System info: host: 'DC1ADOBLD01', ip: '10.2.20.71', os.name: 'Windows Server 2019', os.arch: 'amd64', os.version: '10.0', java.version: '17.0.7'
Driver info: com.kms.katalon.selenium.driver.CChromeDriver
Capabilities {acceptInsecureCerts: false, browserName: chrome, browserVersion: 141.0.7390.122, chrome: {chromedriverVersion: 141.0.7390.122 (b477534e7e1..., userDataDir: C:\Windows\SystemTemp\scope...}, fedcm:accounts: true, goog:chromeOptions: {debuggerAddress: localhost:51280}, javascriptEnabled: true, networkConnectionEnabled: false, pageLoadStrategy: normal, platform: WINDOWS, platformName: WINDOWS, proxy: Proxy(), setWindowRect: true, strictFileInteractability: false, timeouts: {implicit: 0, pageLoad: 300000, script: 30000}, unhandledPromptBehavior: dismiss and notify, webauthn:extension:credBlob: true, webauthn:extension:largeBlob: true, webauthn:extension:minPinLength: true, webauthn:extension:prf: true, webauthn:virtualAuthenticators: true}
Session ID: 99e507867627ce560aa9a2869bf5d4cd
	at java.base/jdk.internal.reflect.NativeConstructorAccessorImpl.newInstance0(Native Method)
	at java.base/jdk.internal.reflect.NativeConstructorAccessorImpl.newInstance(NativeConstructorAccessorImpl.java:77)
	at java.base/jdk.internal.reflect.DelegatingConstructorAccessorImpl.newInstance(DelegatingConstructorAccessorImpl.java:45)
	at org.openqa.selenium.remote.http.W3CHttpResponseCodec.createException(W3CHttpResponseCodec.java:187)
	at org.openqa.selenium.remote.http.W3CHttpResponseCodec.decode(W3CHttpResponseCodec.java:122)
	at org.openqa.selenium.remote.http.W3CHttpResponseCodec.decode(W3CHttpResponseCodec.java:49)
	at org.openqa.selenium.remote.HttpCommandExecutor.execute(HttpCommandExecutor.java:158)
	at org.openqa.selenium.remote.service.DriverCommandExecutor.execute(DriverCommandExecutor.java:83)
	at org.openqa.selenium.remote.RemoteWebDriver.execute(RemoteWebDriver.java:552)
	at com.kms.katalon.selenium.driver.CChromeDriver.execute(CChromeDriver.java:19)
	at org.openqa.selenium.remote.RemoteWebElement.execute(RemoteWebElement.java:285)
	at org.openqa.selenium.remote.RemoteWebElement.click(RemoteWebElement.java:84)
	at jdk.internal.reflect.GeneratedMethodAccessor16.invoke(Unknown Source)
	at java.base/jdk.internal.reflect.DelegatingMethodAccessorImpl.invoke(DelegatingMethodAccessorImpl.java:43)
	at org.openqa.selenium.support.events.EventFiringWebDriver$EventFiringWebElement.lambda$new$0(EventFiringWebDriver.java:404)
	at jdk.proxy2/jdk.proxy2.$Proxy27.click(Unknown Source)
	at org.openqa.selenium.support.events.EventFiringWebDriver$EventFiringWebElement.click(EventFiringWebDriver.java:417)
	at org.openqa.selenium.WebElement$click.call(Unknown Source)
	at com.kms.katalon.core.webui.keyword.builtin.ClickKeyword.clickUntilSuccessWithTimeout(ClickKeyword.groovy:81)
	at com.kms.katalon.core.webui.keyword.builtin.ClickKeyword.clickUntilSuccessWithTimeout(ClickKeyword.groovy)
	at java.base/jdk.internal.reflect.NativeMethodAccessorImpl.invoke0(Native Method)
	at java.base/jdk.internal.reflect.NativeMethodAccessorImpl.invoke(NativeMethodAccessorImpl.java:77)
	at java.base/jdk.internal.reflect.DelegatingMethodAccessorImpl.invoke(DelegatingMethodAccessorImpl.java:43)
	at com.kms.katalon.core.webui.keyword.builtin.ClickKeyword$_click_closure1.doCall(ClickKeyword.groovy:67)
	at com.kms.katalon.core.webui.keyword.builtin.ClickKeyword$_click_closure1.call(ClickKeyword.groovy)
	at com.kms.katalon.core.webui.keyword.internal.WebUIKeywordMain.runKeyword(WebUIKeywordMain.groovy:35)
	... 22 more]]></system-out>
      <system-err><![CDATA[21-10-2025T19:54:05 - [TEST_SUITE][FAILED] - KGL Admin - Company: Test Cases/FIM/UI/KGL/Admin/Company/Creating a Consignee Company FAILED.
Reason:
com.kms.katalon.core.exception.StepFailedException: Unable to click on object 'Object Repository/FIM/Hamburger Menu List/Hamburger_menu'
	at com.kms.katalon.core.webui.keyword.internal.WebUIKeywordMain.stepFailed(WebUIKeywordMain.groovy:117)
	at com.kms.katalon.core.webui.keyword.internal.WebUIKeywordMain.runKeyword(WebUIKeywordMain.groovy:43)
	at com.kms.katalon.core.webui.keyword.builtin.ClickKeyword.click(ClickKeyword.groovy:74)
	at com.kms.katalon.core.webui.keyword.builtin.ClickKeyword.execute(ClickKeyword.groovy:40)
	at com.kms.katalon.core.keyword.internal.KeywordExecutor.executeKeywordForPlatform(KeywordExecutor.groovy:74)
	at com.kms.katalon.core.webui.keyword.WebUiBuiltInKeywords.click(WebUiBuiltInKeywords.groovy:659)
	at com.kms.katalon.core.webui.keyword.WebUiBuiltInKeywords$click$4.call(Unknown Source)
	at Creating a Consignee Company.run(Creating a Consignee Company:151)
	at com.kms.katalon.core.main.ScriptEngine.run(ScriptEngine.java:194)
	at com.kms.katalon.core.main.ScriptEngine.runScriptAsRawText(ScriptEngine.java:119)
	at com.kms.katalon.core.main.TestCaseExecutor.runScript(TestCaseExecutor.java:448)
	at com.kms.katalon.core.main.TestCaseExecutor.doExecute(TestCaseExecutor.java:439)
	at com.kms.katalon.core.main.TestCaseExecutor.processExecutionPhase(TestCaseExecutor.java:418)
	at com.kms.katalon.core.main.TestCaseExecutor.accessMainPhase(TestCaseExecutor.java:410)
	at com.kms.katalon.core.main.TestCaseExecutor.execute(TestCaseExecutor.java:285)
	at com.kms.katalon.core.common.CommonExecutor.accessTestCaseMainPhase(CommonExecutor.java:65)
	at com.kms.katalon.core.main.TestSuiteExecutor.accessTestSuiteMainPhase(TestSuiteExecutor.java:150)
	at com.kms.katalon.core.main.TestSuiteExecutor.execute(TestSuiteExecutor.java:106)
	at com.kms.katalon.core.main.TestCaseMain.startTestSuite(TestCaseMain.java:180)
	at com.kms.katalon.core.main.TestCaseMain$startTestSuite$0.call(Unknown Source)
	at TempTestSuite1761090740538.run(TempTestSuite1761090740538.groovy:35)
	at java.base/jdk.internal.reflect.NativeMethodAccessorImpl.invoke0(Native Method)
	at java.base/jdk.internal.reflect.NativeMethodAccessorImpl.invoke(NativeMethodAccessorImpl.java:77)
	at java.base/jdk.internal.reflect.DelegatingMethodAccessorImpl.invoke(DelegatingMethodAccessorImpl.java:43)
Caused by: org.openqa.selenium.ElementClickInterceptedException: element click intercepted: Element <button type="button" class="btn btn-kag-grey btn-sm collapsed" aria-expanded="false" aria-controls="kag-sidebar" style="overflow-anchor: none;">...</button> is not clickable at point (31, 31). Other element would receive the click: <div id="catalog-edit-modal" role="dialog" aria-labelledby="catalog-edit-modal___BV_modal_title_" aria-describedby="catalog-edit-modal___BV_modal_body_" class="modal fade show" aria-modal="true" style="display: block; padding-left: 15px;">...</div>
  (Session info: chrome=141.0.7390.122)
Build info: version: '3.141.59', revision: 'unknown', time: 'unknown'
System info: host: 'DC1ADOBLD01', ip: '10.2.20.71', os.name: 'Windows Server 2019', os.arch: 'amd64', os.version: '10.0', java.version: '17.0.7'
Driver info: com.kms.katalon.selenium.driver.CChromeDriver
Capabilities {acceptInsecureCerts: false, browserName: chrome, browserVersion: 141.0.7390.122, chrome: {chromedriverVersion: 141.0.7390.122 (b477534e7e1..., userDataDir: C:\Windows\SystemTemp\scope...}, fedcm:accounts: true, goog:chromeOptions: {debuggerAddress: localhost:51280}, javascriptEnabled: true, networkConnectionEnabled: false, pageLoadStrategy: normal, platform: WINDOWS, platformName: WINDOWS, proxy: Proxy(), setWindowRect: true, strictFileInteractability: false, timeouts: {implicit: 0, pageLoad: 300000, script: 30000}, unhandledPromptBehavior: dismiss and notify, webauthn:extension:credBlob: true, webauthn:extension:largeBlob: true, webauthn:extension:minPinLength: true, webauthn:extension:prf: true, webauthn:virtualAuthenticators: true}
Session ID: 99e507867627ce560aa9a2869bf5d4cd
	at java.base/jdk.internal.reflect.NativeConstructorAccessorImpl.newInstance0(Native Method)
	at java.base/jdk.internal.reflect.NativeConstructorAccessorImpl.newInstance(NativeConstructorAccessorImpl.java:77)
	at java.base/jdk.internal.reflect.DelegatingConstructorAccessorImpl.newInstance(DelegatingConstructorAccessorImpl.java:45)
	at org.openqa.selenium.remote.http.W3CHttpResponseCodec.createException(W3CHttpResponseCodec.java:187)
	at org.openqa.selenium.remote.http.W3CHttpResponseCodec.decode(W3CHttpResponseCodec.java:122)
	at org.openqa.selenium.remote.http.W3CHttpResponseCodec.decode(W3CHttpResponseCodec.java:49)
	at org.openqa.selenium.remote.HttpCommandExecutor.execute(HttpCommandExecutor.java:158)
	at org.openqa.selenium.remote.service.DriverCommandExecutor.execute(DriverCommandExecutor.java:83)
	at org.openqa.selenium.remote.RemoteWebDriver.execute(RemoteWebDriver.java:552)
	at com.kms.katalon.selenium.driver.CChromeDriver.execute(CChromeDriver.java:19)
	at org.openqa.selenium.remote.RemoteWebElement.execute(RemoteWebElement.java:285)
	at org.openqa.selenium.remote.RemoteWebElement.click(RemoteWebElement.java:84)
	at jdk.internal.reflect.GeneratedMethodAccessor16.invoke(Unknown Source)
	at java.base/jdk.internal.reflect.DelegatingMethodAccessorImpl.invoke(DelegatingMethodAccessorImpl.java:43)
	at org.openqa.selenium.support.events.EventFiringWebDriver$EventFiringWebElement.lambda$new$0(EventFiringWebDriver.java:404)
	at jdk.proxy2/jdk.proxy2.$Proxy27.click(Unknown Source)
	at org.openqa.selenium.support.events.EventFiringWebDriver$EventFiringWebElement.click(EventFiringWebDriver.java:417)
	at org.openqa.selenium.WebElement$click.call(Unknown Source)
	at com.kms.katalon.core.webui.keyword.builtin.ClickKeyword.clickUntilSuccessWithTimeout(ClickKeyword.groovy:81)
	at com.kms.katalon.core.webui.keyword.builtin.ClickKeyword.clickUntilSuccessWithTimeout(ClickKeyword.groovy)
	at java.base/jdk.internal.reflect.NativeMethodAccessorImpl.invoke0(Native Method)
	at java.base/jdk.internal.reflect.NativeMethodAccessorImpl.invoke(NativeMethodAccessorImpl.java:77)
	at java.base/jdk.internal.reflect.DelegatingMethodAccessorImpl.invoke(DelegatingMethodAccessorImpl.java:43)
	at com.kms.katalon.core.webui.keyword.builtin.ClickKeyword$_click_closure1.doCall(ClickKeyword.groovy:67)
	at com.kms.katalon.core.webui.keyword.builtin.ClickKeyword$_click_closure1.call(ClickKeyword.groovy)
	at com.kms.katalon.core.webui.keyword.internal.WebUIKeywordMain.runKeyword(WebUIKeywordMain.groovy:35)
	... 22 more]]></system-err>
   </testsuite>
</testsuites>
