<?xml version="1.0" encoding="UTF-8"?>
<testsuites name="KGL Admin - Sites - Inventories" time="673.992" tests="12" failures="5" errors="0">
   <testsuite name="KGL Admin - Sites - Inventories" tests="12" failures="5" errors="0" time="673.992" skipped="0" timestamp="21-10-2025T20:24:20" hostname="DC1ADOBLD01$ - DC1ADOBLD01.thekag.com" id="Test Suites/FIM/Regression/UI/KGL/KGL Admin - Sites - Inventories">
      <properties>
         <property name="deviceName" value=""/>
         <property name="devicePlatform"/>
         <property name="logFolder" value="D:\\ADOagent\\vsts-agent-win-x64-2.217.2\\_work\\892\\s\\Reports\\20251021_195215\\FIM\\Regression\\UI\\KGL\\KGL Admin - Sites - Inventories\\20251021_195244"/>
         <property name="logFiles" value="D:\\ADOagent\\vsts-agent-win-x64-2.217.2\\_work\\892\\s\\Reports\\20251021_195215\\FIM\\Regression\\UI\\KGL\\KGL Admin - Sites - Inventories\\20251021_195244\\execution0.log"/>
         <property name="attachments" value=""/>
         <property name="hostName" value="DC1ADOBLD01$ - DC1ADOBLD01.thekag.com"/>
         <property name="os" value="Windows Server 2019 64bit"/>
         <property name="katalonVersion" value="9.7.5.223"/>
         <property name="browser" value="Chrome 141.0.0.0"/>
         <property name="hostAddress" value="10.2.20.71"/>
         <property name="sessionId" value="92368c0d4df6f964fd4f343a01f17fda"/>
         <property name="seleniumVersion" value="3.141.59"/>
         <property name="proxyInformation" value="ProxyInformation { proxyOption=NO_PROXY, proxyServerType=HTTP, username=, password=********, proxyServerAddress=, proxyServerPort=0, executionList=&quot;&quot;, isApplyToDesiredCapabilities=true }"/>
         <property name="platform" value="Windows Server 2019"/>
      </properties>
      <testcase name="Test Cases/FIM/UI/KGL/Admin/Sites Page/Inventories/Add Inventory" time="75.182" classname="Test Cases/FIM/UI/KGL/Admin/Sites Page/Inventories/Add Inventory" status="FAILED">
         <failure type="FAILED" message="Test Cases/FIM/UI/KGL/Admin/Sites Page/Inventories/Add Inventory FAILED.&#xa;Reason:&#xa;com.kms.katalon.core.exception.StepFailedException: Verify element text of test object 'Object Repository/FIM/Sites Page/Inventories/Create/Inventory Created Success Message' FAILED.&#xa;	at com.kms.katalon.core.webui.keyword.internal.WebUIKeywordMain.stepFailed(WebUIKeywordMain.groovy:117)&#xa;	at com.kms.katalon.core.webui.keyword.internal.WebUIKeywordMain.runKeyword(WebUIKeywordMain.groovy:43)&#xa;	at com.kms.katalon.core.webui.keyword.builtin.VerifyElementTextKeyword.verifyElementText(VerifyElementTextKeyword.groovy:72)&#xa;	at com.kms.katalon.core.webui.keyword.builtin.VerifyElementTextKeyword.execute(VerifyElementTextKeyword.groovy:40)&#xa;	at com.kms.katalon.core.keyword.internal.KeywordExecutor.executeKeywordForPlatform(KeywordExecutor.groovy:74)&#xa;	at com.kms.katalon.core.webui.keyword.WebUiBuiltInKeywords.verifyElementText(WebUiBuiltInKeywords.groovy:4835)&#xa;	at com.kms.katalon.core.webui.keyword.WebUiBuiltInKeywords$verifyElementText$11.call(Unknown Source)&#xa;	at Add Inventory.run(Add Inventory:83)&#xa;	at com.kms.katalon.core.main.ScriptEngine.run(ScriptEngine.java:194)&#xa;	at com.kms.katalon.core.main.ScriptEngine.runScriptAsRawText(ScriptEngine.java:119)&#xa;	at com.kms.katalon.core.main.TestCaseExecutor.runScript(TestCaseExecutor.java:448)&#xa;	at com.kms.katalon.core.main.TestCaseExecutor.doExecute(TestCaseExecutor.java:439)&#xa;	at com.kms.katalon.core.main.TestCaseExecutor.processExecutionPhase(TestCaseExecutor.java:418)&#xa;	at com.kms.katalon.core.main.TestCaseExecutor.accessMainPhase(TestCaseExecutor.java:410)&#xa;	at com.kms.katalon.core.main.TestCaseExecutor.execute(TestCaseExecutor.java:285)&#xa;	at com.kms.katalon.core.common.CommonExecutor.accessTestCaseMainPhase(CommonExecutor.java:65)&#xa;	at com.kms.katalon.core.main.TestSuiteExecutor.accessTestSuiteMainPhase(TestSuiteExecutor.java:150)&#xa;	at com.kms.katalon.core.main.TestSuiteExecutor.execute(TestSuiteExecutor.java:106)&#xa;	at com.kms.katalon.core.main.TestCaseMain.startTestSuite(TestCaseMain.java:180)&#xa;	at com.kms.katalon.core.main.TestCaseMain$startTestSuite$0.call(Unknown Source)&#xa;	at TempTestSuite1761090764033.run(TempTestSuite1761090764033.groovy:35)&#xa;	at java.base/jdk.internal.reflect.NativeMethodAccessorImpl.invoke0(Native Method)&#xa;	at java.base/jdk.internal.reflect.NativeMethodAccessorImpl.invoke(NativeMethodAccessorImpl.java:77)&#xa;	at java.base/jdk.internal.reflect.DelegatingMethodAccessorImpl.invoke(DelegatingMethodAccessorImpl.java:43)&#xa;Caused by: com.kms.katalon.core.exception.StepFailedException: Actual text '' and expected text 'Inventory created successfully' of test object 'Object Repository/FIM/Sites Page/Inventories/Create/Inventory Created Success Message' are NOT matched.&#xa;	at com.kms.katalon.core.webui.keyword.internal.WebUIKeywordMain.stepFailed(WebUIKeywordMain.groovy:117)&#xa;	at com.kms.katalon.core.webui.keyword.builtin.VerifyElementTextKeyword$_verifyElementText_closure1.doCall(VerifyElementTextKeyword.groovy:57)&#xa;	at com.kms.katalon.core.webui.keyword.builtin.VerifyElementTextKeyword$_verifyElementText_closure1.call(VerifyElementTextKeyword.groovy)&#xa;	at com.kms.katalon.core.webui.keyword.internal.WebUIKeywordMain.runKeyword(WebUIKeywordMain.groovy:35)&#xa;	... 22 more&#xa;"/>
         <system-out><![CDATA[21-10-2025T20:24:20 - [TEST_CASE][FAILED] - Test Cases/FIM/UI/KGL/Admin/Sites Page/Inventories/Add Inventory: Test Cases/FIM/UI/KGL/Admin/Sites Page/Inventories/Add Inventory FAILED.
Reason:
com.kms.katalon.core.exception.StepFailedException: Verify element text of test object 'Object Repository/FIM/Sites Page/Inventories/Create/Inventory Created Success Message' FAILED.
	at com.kms.katalon.core.webui.keyword.internal.WebUIKeywordMain.stepFailed(WebUIKeywordMain.groovy:117)
	at com.kms.katalon.core.webui.keyword.internal.WebUIKeywordMain.runKeyword(WebUIKeywordMain.groovy:43)
	at com.kms.katalon.core.webui.keyword.builtin.VerifyElementTextKeyword.verifyElementText(VerifyElementTextKeyword.groovy:72)
	at com.kms.katalon.core.webui.keyword.builtin.VerifyElementTextKeyword.execute(VerifyElementTextKeyword.groovy:40)
	at com.kms.katalon.core.keyword.internal.KeywordExecutor.executeKeywordForPlatform(KeywordExecutor.groovy:74)
	at com.kms.katalon.core.webui.keyword.WebUiBuiltInKeywords.verifyElementText(WebUiBuiltInKeywords.groovy:4835)
	at com.kms.katalon.core.webui.keyword.WebUiBuiltInKeywords$verifyElementText$11.call(Unknown Source)
	at Add Inventory.run(Add Inventory:83)
	at com.kms.katalon.core.main.ScriptEngine.run(ScriptEngine.java:194)
	at com.kms.katalon.core.main.ScriptEngine.runScriptAsRawText(ScriptEngine.java:119)
	at com.kms.katalon.core.main.TestCaseExecutor.runScript(TestCaseExecutor.java:448)
	at com.kms.katalon.core.main.TestCaseExecutor.doExecute(TestCaseExecutor.java:439)
	at com.kms.katalon.core.main.TestCaseExecutor.processExecutionPhase(TestCaseExecutor.java:418)
	at com.kms.katalon.core.main.TestCaseExecutor.accessMainPhase(TestCaseExecutor.java:410)
	at com.kms.katalon.core.main.TestCaseExecutor.execute(TestCaseExecutor.java:285)
	at com.kms.katalon.core.common.CommonExecutor.accessTestCaseMainPhase(CommonExecutor.java:65)
	at com.kms.katalon.core.main.TestSuiteExecutor.accessTestSuiteMainPhase(TestSuiteExecutor.java:150)
	at com.kms.katalon.core.main.TestSuiteExecutor.execute(TestSuiteExecutor.java:106)
	at com.kms.katalon.core.main.TestCaseMain.startTestSuite(TestCaseMain.java:180)
	at com.kms.katalon.core.main.TestCaseMain$startTestSuite$0.call(Unknown Source)
	at TempTestSuite1761090764033.run(TempTestSuite1761090764033.groovy:35)
	at java.base/jdk.internal.reflect.NativeMethodAccessorImpl.invoke0(Native Method)
	at java.base/jdk.internal.reflect.NativeMethodAccessorImpl.invoke(NativeMethodAccessorImpl.java:77)
	at java.base/jdk.internal.reflect.DelegatingMethodAccessorImpl.invoke(DelegatingMethodAccessorImpl.java:43)
Caused by: com.kms.katalon.core.exception.StepFailedException: Actual text '' and expected text 'Inventory created successfully' of test object 'Object Repository/FIM/Sites Page/Inventories/Create/Inventory Created Success Message' are NOT matched.
	at com.kms.katalon.core.webui.keyword.internal.WebUIKeywordMain.stepFailed(WebUIKeywordMain.groovy:117)
	at com.kms.katalon.core.webui.keyword.builtin.VerifyElementTextKeyword$_verifyElementText_closure1.doCall(VerifyElementTextKeyword.groovy:57)
	at com.kms.katalon.core.webui.keyword.builtin.VerifyElementTextKeyword$_verifyElementText_closure1.call(VerifyElementTextKeyword.groovy)
	at com.kms.katalon.core.webui.keyword.internal.WebUIKeywordMain.runKeyword(WebUIKeywordMain.groovy:35)
	... 22 more


21-10-2025T20:24:20 - [TEST_STEP][PASSED] - Start listener action : beforeTestCase: null

21-10-2025T20:24:20 - [TEST_STEP][PASSED] - addDefaultPackages(): null

21-10-2025T20:24:20 - [TEST_STEP][PASSED] - callTestCase(findTestCase("Utility Scripts/FIM KGL Admin Login"), [:], STOP_ON_FAILURE): Call Test Case 'Test Cases/Utility Scripts/FIM KGL Admin Login' successfully

21-10-2025T20:24:20 - [TEST_CASE][PASSED] - Test Cases/Utility Scripts/FIM KGL Admin Login: Test Cases/Utility Scripts/FIM KGL Admin Login

21-10-2025T20:24:21 - [TEST_STEP][PASSED] - openBrowser(""): Browser is opened with url: ''

21-10-2025T20:24:21 - [MESSAGE][INFO] - Starting 'Chrome' driver

21-10-2025T20:24:21 - [MESSAGE][INFO] - User set preference: ['args', '[--no-sandbox, --disable-gpu, --disable-dev-shm-usage]']

21-10-2025T20:24:21 - [MESSAGE][INFO] - Action delay is set to 0 milliseconds

21-10-2025T20:24:23 - [MESSAGE][PASSED] - Browser is opened with url: ''

21-10-2025T20:24:23 - [TEST_STEP][PASSED] - delay(1): Delayed 1 second(s)

21-10-2025T20:24:24 - [MESSAGE][PASSED] - Delayed 1 second(s)

21-10-2025T20:24:24 - [TEST_STEP][PASSED] - navigateToUrl(KGLCustomGroupUrl): Navigate to 'https://kaglogistics-inventory-management-portal.qa.thekag.com/custom-group/' successfully

21-10-2025T20:24:25 - [MESSAGE][PASSED] - Navigate to 'https://kaglogistics-inventory-management-portal.qa.thekag.com/custom-group/' successfully

21-10-2025T20:24:25 - [TEST_STEP][PASSED] - delay(10): Delayed 10 second(s)

21-10-2025T20:24:35 - [MESSAGE][PASSED] - Delayed 10 second(s)

21-10-2025T20:24:35 - [TEST_STEP][PASSED] - if (maximizeWindow == true): Delayed 1 second(s)

21-10-2025T20:24:35 - [TEST_STEP][PASSED] - maximizeWindow(STOP_ON_FAILURE): Current window maximized

21-10-2025T20:24:35 - [MESSAGE][PASSED] - Current window maximized

21-10-2025T20:24:35 - [TEST_STEP][PASSED] - delay(1): Delayed 1 second(s)

21-10-2025T20:24:36 - [MESSAGE][PASSED] - Delayed 1 second(s)

21-10-2025T20:24:36 - [TEST_STEP][PASSED] - waitForElementPresent(findTestObject("FIM/Username_txt"), 10): Object 'Object Repository/FIM/Username_txt' is present

21-10-2025T20:24:36 - [MESSAGE][PASSED] - Object 'Object Repository/FIM/Username_txt' is present

21-10-2025T20:24:36 - [TEST_STEP][PASSED] - setText(findTestObject("FIM/Username_txt"), FIMUsername): Text 'Chris.Sheldon+DES_QA@Thekag.com' is set on object 'Object Repository/FIM/Username_txt'

21-10-2025T20:24:36 - [MESSAGE][PASSED] - Text 'Chris.Sheldon+DES_QA@Thekag.com' is set on object 'Object Repository/FIM/Username_txt'

21-10-2025T20:24:36 - [TEST_STEP][PASSED] - delay(1): Delayed 1 second(s)

21-10-2025T20:24:37 - [MESSAGE][PASSED] - Delayed 1 second(s)

21-10-2025T20:24:37 - [TEST_STEP][PASSED] - setText(findTestObject("FIM/Password_txt"), FIMPassword): Text 'QATest!2' is set on object 'Object Repository/FIM/Password_txt'

21-10-2025T20:24:37 - [MESSAGE][PASSED] - Text 'QATest!2' is set on object 'Object Repository/FIM/Password_txt'

21-10-2025T20:24:37 - [TEST_STEP][PASSED] - delay(1): Delayed 1 second(s)

21-10-2025T20:24:38 - [MESSAGE][PASSED] - Delayed 1 second(s)

21-10-2025T20:24:38 - [TEST_STEP][PASSED] - click(findTestObject("FIM/Login_btn")): Object: 'Object Repository/FIM/Login_btn' is clicked on

21-10-2025T20:24:39 - [MESSAGE][PASSED] - Object: 'Object Repository/FIM/Login_btn' is clicked on

21-10-2025T20:24:39 - [MESSAGE][PASSED] - Call Test Case 'Test Cases/Utility Scripts/FIM KGL Admin Login' successfully

21-10-2025T20:24:39 - [TEST_STEP][PASSED] - if (verifyElementVisible(findTestObject("FIM/Server_Notification_Close_btn"), OPTIONAL) == true): Web element with id: 'Object Repository/FIM/Server_Notification_Close_btn' located by '/html/body/div/div[1]/button' not found (Root cause: com.kms.katalon.core.exception.StepFailedException: Web element with id: 'Object Repository/FIM/Server_Notification_Close_btn' located by '/html/body/div/div[1]/button' not found
	at com.kms.katalon.core.webui.keyword.internal.WebUIKeywordMain.stepFailed(WebUIKeywordMain.groovy:117)
	at com.kms.katalon.core.webui.keyword.builtin.VerifyElementVisibleKeyword$_verifyElementVisible_closure1.doCall(VerifyElementVisibleKeyword.groovy:89)
	at com.kms.katalon.core.webui.keyword.builtin.VerifyElementVisibleKeyword$_verifyElementVisible_closure1.call(VerifyElementVisibleKeyword.groovy)
	at com.kms.katalon.core.webui.keyword.internal.WebUIKeywordMain.runKeyword(WebUIKeywordMain.groovy:35)
	at com.kms.katalon.core.webui.keyword.builtin.VerifyElementVisibleKeyword.verifyElementVisible(VerifyElementVisibleKeyword.groovy:97)
	at com.kms.katalon.core.webui.keyword.builtin.VerifyElementVisibleKeyword.execute(VerifyElementVisibleKeyword.groovy:67)
	at com.kms.katalon.core.keyword.internal.KeywordExecutor.executeKeywordForPlatform(KeywordExecutor.groovy:74)
	at com.kms.katalon.core.webui.keyword.WebUiBuiltInKeywords.verifyElementVisible(WebUiBuiltInKeywords.groovy:401)
	at com.kms.katalon.core.webui.keyword.WebUiBuiltInKeywords$verifyElementVisible$5.call(Unknown Source)
	at Add Inventory.run(Add Inventory:22)
	at com.kms.katalon.core.main.ScriptEngine.run(ScriptEngine.java:194)
	at com.kms.katalon.core.main.ScriptEngine.runScriptAsRawText(ScriptEngine.java:119)
	at com.kms.katalon.core.main.TestCaseExecutor.runScript(TestCaseExecutor.java:448)
	at com.kms.katalon.core.main.TestCaseExecutor.doExecute(TestCaseExecutor.java:439)
	at com.kms.katalon.core.main.TestCaseExecutor.processExecutionPhase(TestCaseExecutor.java:418)
	at com.kms.katalon.core.main.TestCaseExecutor.accessMainPhase(TestCaseExecutor.java:410)
	at com.kms.katalon.core.main.TestCaseExecutor.execute(TestCaseExecutor.java:285)
	at com.kms.katalon.core.common.CommonExecutor.accessTestCaseMainPhase(CommonExecutor.java:65)
	at com.kms.katalon.core.main.TestSuiteExecutor.accessTestSuiteMainPhase(TestSuiteExecutor.java:150)
	at com.kms.katalon.core.main.TestSuiteExecutor.execute(TestSuiteExecutor.java:106)
	at com.kms.katalon.core.main.TestCaseMain.startTestSuite(TestCaseMain.java:180)
	at com.kms.katalon.core.main.TestCaseMain$startTestSuite$0.call(Unknown Source)
	at TempTestSuite1761090764033.run(TempTestSuite1761090764033.groovy:35)
	at java.base/jdk.internal.reflect.NativeMethodAccessorImpl.invoke0(Native Method)
	at java.base/jdk.internal.reflect.NativeMethodAccessorImpl.invoke(NativeMethodAccessorImpl.java:77)
	at java.base/jdk.internal.reflect.DelegatingMethodAccessorImpl.invoke(DelegatingMethodAccessorImpl.java:43)
)

21-10-2025T20:24:55 - [MESSAGE][INFO] - Unable to find the element located by 'By.xpath: /html/body/div/div[1]/button'. Please recheck the objects properties to make sure the desired element is located. 

21-10-2025T20:24:55 - [MESSAGE][WARNING] - [SELF-HEALING] Failed to find element with id 'Object Repository/FIM/Server_Notification_Close_btn'. Try using Self-healing.

21-10-2025T20:24:56 - [MESSAGE][INFO] - [SELF-HEALING] No working XPath is found.

21-10-2025T20:24:58 - [MESSAGE][INFO] - Unable to find the element located by 'By.xpath: '. Please recheck the objects properties to make sure the desired element is located. 

21-10-2025T20:24:58 - [MESSAGE][WARNING] - [SELF-HEALING] Cannot find elements when the selector is null

21-10-2025T20:24:58 - [MESSAGE][WARNING] - Web element with id: 'Object Repository/FIM/Server_Notification_Close_btn' located by '/html/body/div/div[1]/button' not found (Root cause: com.kms.katalon.core.exception.StepFailedException: Web element with id: 'Object Repository/FIM/Server_Notification_Close_btn' located by '/html/body/div/div[1]/button' not found
	at com.kms.katalon.core.webui.keyword.internal.WebUIKeywordMain.stepFailed(WebUIKeywordMain.groovy:117)
	at com.kms.katalon.core.webui.keyword.builtin.VerifyElementVisibleKeyword$_verifyElementVisible_closure1.doCall(VerifyElementVisibleKeyword.groovy:89)
	at com.kms.katalon.core.webui.keyword.builtin.VerifyElementVisibleKeyword$_verifyElementVisible_closure1.call(VerifyElementVisibleKeyword.groovy)
	at com.kms.katalon.core.webui.keyword.internal.WebUIKeywordMain.runKeyword(WebUIKeywordMain.groovy:35)
	at com.kms.katalon.core.webui.keyword.builtin.VerifyElementVisibleKeyword.verifyElementVisible(VerifyElementVisibleKeyword.groovy:97)
	at com.kms.katalon.core.webui.keyword.builtin.VerifyElementVisibleKeyword.execute(VerifyElementVisibleKeyword.groovy:67)
	at com.kms.katalon.core.keyword.internal.KeywordExecutor.executeKeywordForPlatform(KeywordExecutor.groovy:74)
	at com.kms.katalon.core.webui.keyword.WebUiBuiltInKeywords.verifyElementVisible(WebUiBuiltInKeywords.groovy:401)
	at com.kms.katalon.core.webui.keyword.WebUiBuiltInKeywords$verifyElementVisible$5.call(Unknown Source)
	at Add Inventory.run(Add Inventory:22)
	at com.kms.katalon.core.main.ScriptEngine.run(ScriptEngine.java:194)
	at com.kms.katalon.core.main.ScriptEngine.runScriptAsRawText(ScriptEngine.java:119)
	at com.kms.katalon.core.main.TestCaseExecutor.runScript(TestCaseExecutor.java:448)
	at com.kms.katalon.core.main.TestCaseExecutor.doExecute(TestCaseExecutor.java:439)
	at com.kms.katalon.core.main.TestCaseExecutor.processExecutionPhase(TestCaseExecutor.java:418)
	at com.kms.katalon.core.main.TestCaseExecutor.accessMainPhase(TestCaseExecutor.java:410)
	at com.kms.katalon.core.main.TestCaseExecutor.execute(TestCaseExecutor.java:285)
	at com.kms.katalon.core.common.CommonExecutor.accessTestCaseMainPhase(CommonExecutor.java:65)
	at com.kms.katalon.core.main.TestSuiteExecutor.accessTestSuiteMainPhase(TestSuiteExecutor.java:150)
	at com.kms.katalon.core.main.TestSuiteExecutor.execute(TestSuiteExecutor.java:106)
	at com.kms.katalon.core.main.TestCaseMain.startTestSuite(TestCaseMain.java:180)
	at com.kms.katalon.core.main.TestCaseMain$startTestSuite$0.call(Unknown Source)
	at TempTestSuite1761090764033.run(TempTestSuite1761090764033.groovy:35)
	at java.base/jdk.internal.reflect.NativeMethodAccessorImpl.invoke0(Native Method)
	at java.base/jdk.internal.reflect.NativeMethodAccessorImpl.invoke(NativeMethodAccessorImpl.java:77)
	at java.base/jdk.internal.reflect.DelegatingMethodAccessorImpl.invoke(DelegatingMethodAccessorImpl.java:43)
)

21-10-2025T20:24:58 - [TEST_STEP][PASSED] - delay(1): Delayed 1 second(s)

21-10-2025T20:24:59 - [MESSAGE][PASSED] - Delayed 1 second(s)

21-10-2025T20:24:59 - [TEST_STEP][PASSED] - click(findTestObject("FIM/Hamburger Menu List/Hamburger_menu")): Object: 'Object Repository/FIM/Hamburger Menu List/Hamburger_menu' is clicked on

21-10-2025T20:24:59 - [MESSAGE][PASSED] - Object: 'Object Repository/FIM/Hamburger Menu List/Hamburger_menu' is clicked on

21-10-2025T20:24:59 - [TEST_STEP][PASSED] - verifyElementPresent(findTestObject("FIM/Hamburger Menu List/Sites_list (1)"), 10): Object 'Object Repository/FIM/Hamburger Menu List/Sites_list (1)' is present

21-10-2025T20:24:59 - [MESSAGE][PASSED] - Object 'Object Repository/FIM/Hamburger Menu List/Sites_list (1)' is present

21-10-2025T20:24:59 - [TEST_STEP][PASSED] - click(findTestObject("FIM/Hamburger Menu List/Sites_list (1)")): Object: 'Object Repository/FIM/Hamburger Menu List/Sites_list (1)' is clicked on

21-10-2025T20:24:59 - [MESSAGE][PASSED] - Object: 'Object Repository/FIM/Hamburger Menu List/Sites_list (1)' is clicked on

21-10-2025T20:24:59 - [TEST_STEP][PASSED] - if (verifyElementVisible(findTestObject("FIM/Existing Page with Pending Changes Close_btn"), OPTIONAL) == true): Web element with id: 'Object Repository/FIM/Existing Page with Pending Changes Close_btn' located by '/html/body/div[2]/div[1]/div/div/footer/div/button' not found (Root cause: com.kms.katalon.core.exception.StepFailedException: Web element with id: 'Object Repository/FIM/Existing Page with Pending Changes Close_btn' located by '/html/body/div[2]/div[1]/div/div/footer/div/button' not found
	at com.kms.katalon.core.webui.keyword.internal.WebUIKeywordMain.stepFailed(WebUIKeywordMain.groovy:117)
	at com.kms.katalon.core.webui.keyword.builtin.VerifyElementVisibleKeyword$_verifyElementVisible_closure1.doCall(VerifyElementVisibleKeyword.groovy:89)
	at com.kms.katalon.core.webui.keyword.builtin.VerifyElementVisibleKeyword$_verifyElementVisible_closure1.call(VerifyElementVisibleKeyword.groovy)
	at com.kms.katalon.core.webui.keyword.internal.WebUIKeywordMain.runKeyword(WebUIKeywordMain.groovy:35)
	at com.kms.katalon.core.webui.keyword.builtin.VerifyElementVisibleKeyword.verifyElementVisible(VerifyElementVisibleKeyword.groovy:97)
	at com.kms.katalon.core.webui.keyword.builtin.VerifyElementVisibleKeyword.execute(VerifyElementVisibleKeyword.groovy:67)
	at com.kms.katalon.core.keyword.internal.KeywordExecutor.executeKeywordForPlatform(KeywordExecutor.groovy:74)
	at com.kms.katalon.core.webui.keyword.WebUiBuiltInKeywords.verifyElementVisible(WebUiBuiltInKeywords.groovy:401)
	at com.kms.katalon.core.webui.keyword.WebUiBuiltInKeywords$verifyElementVisible$5.call(Unknown Source)
	at Add Inventory.run(Add Inventory:36)
	at com.kms.katalon.core.main.ScriptEngine.run(ScriptEngine.java:194)
	at com.kms.katalon.core.main.ScriptEngine.runScriptAsRawText(ScriptEngine.java:119)
	at com.kms.katalon.core.main.TestCaseExecutor.runScript(TestCaseExecutor.java:448)
	at com.kms.katalon.core.main.TestCaseExecutor.doExecute(TestCaseExecutor.java:439)
	at com.kms.katalon.core.main.TestCaseExecutor.processExecutionPhase(TestCaseExecutor.java:418)
	at com.kms.katalon.core.main.TestCaseExecutor.accessMainPhase(TestCaseExecutor.java:410)
	at com.kms.katalon.core.main.TestCaseExecutor.execute(TestCaseExecutor.java:285)
	at com.kms.katalon.core.common.CommonExecutor.accessTestCaseMainPhase(CommonExecutor.java:65)
	at com.kms.katalon.core.main.TestSuiteExecutor.accessTestSuiteMainPhase(TestSuiteExecutor.java:150)
	at com.kms.katalon.core.main.TestSuiteExecutor.execute(TestSuiteExecutor.java:106)
	at com.kms.katalon.core.main.TestCaseMain.startTestSuite(TestCaseMain.java:180)
	at com.kms.katalon.core.main.TestCaseMain$startTestSuite$0.call(Unknown Source)
	at TempTestSuite1761090764033.run(TempTestSuite1761090764033.groovy:35)
	at java.base/jdk.internal.reflect.NativeMethodAccessorImpl.invoke0(Native Method)
	at java.base/jdk.internal.reflect.NativeMethodAccessorImpl.invoke(NativeMethodAccessorImpl.java:77)
	at java.base/jdk.internal.reflect.DelegatingMethodAccessorImpl.invoke(DelegatingMethodAccessorImpl.java:43)
)

21-10-2025T20:25:15 - [MESSAGE][INFO] - Unable to find the element located by 'By.xpath: /html/body/div[2]/div[1]/div/div/footer/div/button'. Please recheck the objects properties to make sure the desired element is located. 

21-10-2025T20:25:15 - [MESSAGE][WARNING] - [SELF-HEALING] Failed to find element with id 'Object Repository/FIM/Existing Page with Pending Changes Close_btn'. Try using Self-healing.

21-10-2025T20:25:16 - [MESSAGE][INFO] - [SELF-HEALING] No working XPath is found.

21-10-2025T20:25:18 - [MESSAGE][INFO] - Unable to find the element located by 'By.xpath: '. Please recheck the objects properties to make sure the desired element is located. 

21-10-2025T20:25:18 - [MESSAGE][WARNING] - [SELF-HEALING] Cannot find elements when the selector is null

21-10-2025T20:25:18 - [MESSAGE][WARNING] - Web element with id: 'Object Repository/FIM/Existing Page with Pending Changes Close_btn' located by '/html/body/div[2]/div[1]/div/div/footer/div/button' not found (Root cause: com.kms.katalon.core.exception.StepFailedException: Web element with id: 'Object Repository/FIM/Existing Page with Pending Changes Close_btn' located by '/html/body/div[2]/div[1]/div/div/footer/div/button' not found
	at com.kms.katalon.core.webui.keyword.internal.WebUIKeywordMain.stepFailed(WebUIKeywordMain.groovy:117)
	at com.kms.katalon.core.webui.keyword.builtin.VerifyElementVisibleKeyword$_verifyElementVisible_closure1.doCall(VerifyElementVisibleKeyword.groovy:89)
	at com.kms.katalon.core.webui.keyword.builtin.VerifyElementVisibleKeyword$_verifyElementVisible_closure1.call(VerifyElementVisibleKeyword.groovy)
	at com.kms.katalon.core.webui.keyword.internal.WebUIKeywordMain.runKeyword(WebUIKeywordMain.groovy:35)
	at com.kms.katalon.core.webui.keyword.builtin.VerifyElementVisibleKeyword.verifyElementVisible(VerifyElementVisibleKeyword.groovy:97)
	at com.kms.katalon.core.webui.keyword.builtin.VerifyElementVisibleKeyword.execute(VerifyElementVisibleKeyword.groovy:67)
	at com.kms.katalon.core.keyword.internal.KeywordExecutor.executeKeywordForPlatform(KeywordExecutor.groovy:74)
	at com.kms.katalon.core.webui.keyword.WebUiBuiltInKeywords.verifyElementVisible(WebUiBuiltInKeywords.groovy:401)
	at com.kms.katalon.core.webui.keyword.WebUiBuiltInKeywords$verifyElementVisible$5.call(Unknown Source)
	at Add Inventory.run(Add Inventory:36)
	at com.kms.katalon.core.main.ScriptEngine.run(ScriptEngine.java:194)
	at com.kms.katalon.core.main.ScriptEngine.runScriptAsRawText(ScriptEngine.java:119)
	at com.kms.katalon.core.main.TestCaseExecutor.runScript(TestCaseExecutor.java:448)
	at com.kms.katalon.core.main.TestCaseExecutor.doExecute(TestCaseExecutor.java:439)
	at com.kms.katalon.core.main.TestCaseExecutor.processExecutionPhase(TestCaseExecutor.java:418)
	at com.kms.katalon.core.main.TestCaseExecutor.accessMainPhase(TestCaseExecutor.java:410)
	at com.kms.katalon.core.main.TestCaseExecutor.execute(TestCaseExecutor.java:285)
	at com.kms.katalon.core.common.CommonExecutor.accessTestCaseMainPhase(CommonExecutor.java:65)
	at com.kms.katalon.core.main.TestSuiteExecutor.accessTestSuiteMainPhase(TestSuiteExecutor.java:150)
	at com.kms.katalon.core.main.TestSuiteExecutor.execute(TestSuiteExecutor.java:106)
	at com.kms.katalon.core.main.TestCaseMain.startTestSuite(TestCaseMain.java:180)
	at com.kms.katalon.core.main.TestCaseMain$startTestSuite$0.call(Unknown Source)
	at TempTestSuite1761090764033.run(TempTestSuite1761090764033.groovy:35)
	at java.base/jdk.internal.reflect.NativeMethodAccessorImpl.invoke0(Native Method)
	at java.base/jdk.internal.reflect.NativeMethodAccessorImpl.invoke(NativeMethodAccessorImpl.java:77)
	at java.base/jdk.internal.reflect.DelegatingMethodAccessorImpl.invoke(DelegatingMethodAccessorImpl.java:43)
)

21-10-2025T20:25:18 - [TEST_STEP][PASSED] - delay(1): Delayed 1 second(s)

21-10-2025T20:25:19 - [MESSAGE][PASSED] - Delayed 1 second(s)

21-10-2025T20:25:19 - [TEST_STEP][PASSED] - selectOptionByLabel(findTestObject("FIM/Sites Page/Site Filtering/Region Selection_dropdown"), "KAG LOGISTICS", false): All options with label 'KAG LOGISTICS' are selected in object 'Object Repository/FIM/Sites Page/Site Filtering/Region Selection_dropdown' 

21-10-2025T20:25:19 - [MESSAGE][PASSED] - All options with label 'KAG LOGISTICS' are selected in object 'Object Repository/FIM/Sites Page/Site Filtering/Region Selection_dropdown' 

21-10-2025T20:25:19 - [TEST_STEP][PASSED] - delay(1): Delayed 1 second(s)

21-10-2025T20:25:20 - [MESSAGE][PASSED] - Delayed 1 second(s)

21-10-2025T20:25:20 - [TEST_STEP][PASSED] - i = 0: null

21-10-2025T20:25:20 - [TEST_STEP][PASSED] - while (i < 60 == true): null

21-10-2025T20:25:20 - [TEST_STEP][PASSED] - sendKeys(findTestObject("FIM/Sites Page/Site Filtering/Site_txt"), Keys.chord(BACK_SPACE), STOP_ON_FAILURE): Keys 'BACK_SPACE + ' sent to object: 'Object Repository/FIM/Sites Page/Site Filtering/Site_txt'

21-10-2025T20:25:20 - [MESSAGE][PASSED] - Keys 'BACK_SPACE + ' sent to object: 'Object Repository/FIM/Sites Page/Site Filtering/Site_txt'

21-10-2025T20:25:20 - [TEST_STEP][PASSED] - (i++): null

21-10-2025T20:25:20 - [TEST_STEP][PASSED] - sendKeys(findTestObject("FIM/Sites Page/Site Filtering/Site_txt"), Keys.chord(BACK_SPACE), STOP_ON_FAILURE): Keys 'BACK_SPACE + ' sent to object: 'Object Repository/FIM/Sites Page/Site Filtering/Site_txt'

21-10-2025T20:25:21 - [MESSAGE][PASSED] - Keys 'BACK_SPACE + ' sent to object: 'Object Repository/FIM/Sites Page/Site Filtering/Site_txt'

21-10-2025T20:25:21 - [TEST_STEP][PASSED] - (i++): null

21-10-2025T20:25:21 - [TEST_STEP][PASSED] - sendKeys(findTestObject("FIM/Sites Page/Site Filtering/Site_txt"), Keys.chord(BACK_SPACE), STOP_ON_FAILURE): Keys 'BACK_SPACE + ' sent to object: 'Object Repository/FIM/Sites Page/Site Filtering/Site_txt'

21-10-2025T20:25:21 - [MESSAGE][PASSED] - Keys 'BACK_SPACE + ' sent to object: 'Object Repository/FIM/Sites Page/Site Filtering/Site_txt'

21-10-2025T20:25:21 - [TEST_STEP][PASSED] - (i++): null

21-10-2025T20:25:21 - [TEST_STEP][PASSED] - sendKeys(findTestObject("FIM/Sites Page/Site Filtering/Site_txt"), Keys.chord(BACK_SPACE), STOP_ON_FAILURE): Keys 'BACK_SPACE + ' sent to object: 'Object Repository/FIM/Sites Page/Site Filtering/Site_txt'

21-10-2025T20:25:21 - [MESSAGE][PASSED] - Keys 'BACK_SPACE + ' sent to object: 'Object Repository/FIM/Sites Page/Site Filtering/Site_txt'

21-10-2025T20:25:21 - [TEST_STEP][PASSED] - (i++): null

21-10-2025T20:25:21 - [TEST_STEP][PASSED] - sendKeys(findTestObject("FIM/Sites Page/Site Filtering/Site_txt"), Keys.chord(BACK_SPACE), STOP_ON_FAILURE): Keys 'BACK_SPACE + ' sent to object: 'Object Repository/FIM/Sites Page/Site Filtering/Site_txt'

21-10-2025T20:25:21 - [MESSAGE][PASSED] - Keys 'BACK_SPACE + ' sent to object: 'Object Repository/FIM/Sites Page/Site Filtering/Site_txt'

21-10-2025T20:25:21 - [TEST_STEP][PASSED] - (i++): null

21-10-2025T20:25:21 - [TEST_STEP][PASSED] - sendKeys(findTestObject("FIM/Sites Page/Site Filtering/Site_txt"), Keys.chord(BACK_SPACE), STOP_ON_FAILURE): Keys 'BACK_SPACE + ' sent to object: 'Object Repository/FIM/Sites Page/Site Filtering/Site_txt'

21-10-2025T20:25:21 - [MESSAGE][PASSED] - Keys 'BACK_SPACE + ' sent to object: 'Object Repository/FIM/Sites Page/Site Filtering/Site_txt'

21-10-2025T20:25:21 - [TEST_STEP][PASSED] - (i++): null

21-10-2025T20:25:21 - [TEST_STEP][PASSED] - sendKeys(findTestObject("FIM/Sites Page/Site Filtering/Site_txt"), Keys.chord(BACK_SPACE), STOP_ON_FAILURE): Keys 'BACK_SPACE + ' sent to object: 'Object Repository/FIM/Sites Page/Site Filtering/Site_txt'

21-10-2025T20:25:21 - [MESSAGE][PASSED] - Keys 'BACK_SPACE + ' sent to object: 'Object Repository/FIM/Sites Page/Site Filtering/Site_txt'

21-10-2025T20:25:21 - [TEST_STEP][PASSED] - (i++): null

21-10-2025T20:25:21 - [TEST_STEP][PASSED] - sendKeys(findTestObject("FIM/Sites Page/Site Filtering/Site_txt"), Keys.chord(BACK_SPACE), STOP_ON_FAILURE): Keys 'BACK_SPACE + ' sent to object: 'Object Repository/FIM/Sites Page/Site Filtering/Site_txt'

21-10-2025T20:25:21 - [MESSAGE][PASSED] - Keys 'BACK_SPACE + ' sent to object: 'Object Repository/FIM/Sites Page/Site Filtering/Site_txt'

21-10-2025T20:25:21 - [TEST_STEP][PASSED] - (i++): null

21-10-2025T20:25:21 - [TEST_STEP][PASSED] - sendKeys(findTestObject("FIM/Sites Page/Site Filtering/Site_txt"), Keys.chord(BACK_SPACE), STOP_ON_FAILURE): Keys 'BACK_SPACE + ' sent to object: 'Object Repository/FIM/Sites Page/Site Filtering/Site_txt'

21-10-2025T20:25:21 - [MESSAGE][PASSED] - Keys 'BACK_SPACE + ' sent to object: 'Object Repository/FIM/Sites Page/Site Filtering/Site_txt'

21-10-2025T20:25:21 - [TEST_STEP][PASSED] - (i++): null

21-10-2025T20:25:21 - [TEST_STEP][PASSED] - sendKeys(findTestObject("FIM/Sites Page/Site Filtering/Site_txt"), Keys.chord(BACK_SPACE), STOP_ON_FAILURE): Keys 'BACK_SPACE + ' sent to object: 'Object Repository/FIM/Sites Page/Site Filtering/Site_txt'

21-10-2025T20:25:21 - [MESSAGE][PASSED] - Keys 'BACK_SPACE + ' sent to object: 'Object Repository/FIM/Sites Page/Site Filtering/Site_txt'

21-10-2025T20:25:21 - [TEST_STEP][PASSED] - (i++): null

21-10-2025T20:25:21 - [TEST_STEP][PASSED] - sendKeys(findTestObject("FIM/Sites Page/Site Filtering/Site_txt"), Keys.chord(BACK_SPACE), STOP_ON_FAILURE): Keys 'BACK_SPACE + ' sent to object: 'Object Repository/FIM/Sites Page/Site Filtering/Site_txt'

21-10-2025T20:25:21 - [MESSAGE][PASSED] - Keys 'BACK_SPACE + ' sent to object: 'Object Repository/FIM/Sites Page/Site Filtering/Site_txt'

21-10-2025T20:25:21 - [TEST_STEP][PASSED] - (i++): null

21-10-2025T20:25:21 - [TEST_STEP][PASSED] - sendKeys(findTestObject("FIM/Sites Page/Site Filtering/Site_txt"), Keys.chord(BACK_SPACE), STOP_ON_FAILURE): Keys 'BACK_SPACE + ' sent to object: 'Object Repository/FIM/Sites Page/Site Filtering/Site_txt'

21-10-2025T20:25:21 - [MESSAGE][PASSED] - Keys 'BACK_SPACE + ' sent to object: 'Object Repository/FIM/Sites Page/Site Filtering/Site_txt'

21-10-2025T20:25:21 - [TEST_STEP][PASSED] - (i++): null

21-10-2025T20:25:21 - [TEST_STEP][PASSED] - sendKeys(findTestObject("FIM/Sites Page/Site Filtering/Site_txt"), Keys.chord(BACK_SPACE), STOP_ON_FAILURE): Keys 'BACK_SPACE + ' sent to object: 'Object Repository/FIM/Sites Page/Site Filtering/Site_txt'

21-10-2025T20:25:21 - [MESSAGE][PASSED] - Keys 'BACK_SPACE + ' sent to object: 'Object Repository/FIM/Sites Page/Site Filtering/Site_txt'

21-10-2025T20:25:21 - [TEST_STEP][PASSED] - (i++): null

21-10-2025T20:25:21 - [TEST_STEP][PASSED] - sendKeys(findTestObject("FIM/Sites Page/Site Filtering/Site_txt"), Keys.chord(BACK_SPACE), STOP_ON_FAILURE): Keys 'BACK_SPACE + ' sent to object: 'Object Repository/FIM/Sites Page/Site Filtering/Site_txt'

21-10-2025T20:25:21 - [MESSAGE][PASSED] - Keys 'BACK_SPACE + ' sent to object: 'Object Repository/FIM/Sites Page/Site Filtering/Site_txt'

21-10-2025T20:25:21 - [TEST_STEP][PASSED] - (i++): null

21-10-2025T20:25:21 - [TEST_STEP][PASSED] - sendKeys(findTestObject("FIM/Sites Page/Site Filtering/Site_txt"), Keys.chord(BACK_SPACE), STOP_ON_FAILURE): Keys 'BACK_SPACE + ' sent to object: 'Object Repository/FIM/Sites Page/Site Filtering/Site_txt'

21-10-2025T20:25:21 - [MESSAGE][PASSED] - Keys 'BACK_SPACE + ' sent to object: 'Object Repository/FIM/Sites Page/Site Filtering/Site_txt'

21-10-2025T20:25:21 - [TEST_STEP][PASSED] - (i++): null

21-10-2025T20:25:21 - [TEST_STEP][PASSED] - sendKeys(findTestObject("FIM/Sites Page/Site Filtering/Site_txt"), Keys.chord(BACK_SPACE), STOP_ON_FAILURE): Keys 'BACK_SPACE + ' sent to object: 'Object Repository/FIM/Sites Page/Site Filtering/Site_txt'

21-10-2025T20:25:21 - [MESSAGE][PASSED] - Keys 'BACK_SPACE + ' sent to object: 'Object Repository/FIM/Sites Page/Site Filtering/Site_txt'

21-10-2025T20:25:21 - [TEST_STEP][PASSED] - (i++): null

21-10-2025T20:25:21 - [TEST_STEP][PASSED] - sendKeys(findTestObject("FIM/Sites Page/Site Filtering/Site_txt"), Keys.chord(BACK_SPACE), STOP_ON_FAILURE): Keys 'BACK_SPACE + ' sent to object: 'Object Repository/FIM/Sites Page/Site Filtering/Site_txt'

21-10-2025T20:25:21 - [MESSAGE][PASSED] - Keys 'BACK_SPACE + ' sent to object: 'Object Repository/FIM/Sites Page/Site Filtering/Site_txt'

21-10-2025T20:25:21 - [TEST_STEP][PASSED] - (i++): null

21-10-2025T20:25:21 - [TEST_STEP][PASSED] - sendKeys(findTestObject("FIM/Sites Page/Site Filtering/Site_txt"), Keys.chord(BACK_SPACE), STOP_ON_FAILURE): Keys 'BACK_SPACE + ' sent to object: 'Object Repository/FIM/Sites Page/Site Filtering/Site_txt'

21-10-2025T20:25:22 - [MESSAGE][PASSED] - Keys 'BACK_SPACE + ' sent to object: 'Object Repository/FIM/Sites Page/Site Filtering/Site_txt'

21-10-2025T20:25:22 - [TEST_STEP][PASSED] - (i++): null

21-10-2025T20:25:22 - [TEST_STEP][PASSED] - sendKeys(findTestObject("FIM/Sites Page/Site Filtering/Site_txt"), Keys.chord(BACK_SPACE), STOP_ON_FAILURE): Keys 'BACK_SPACE + ' sent to object: 'Object Repository/FIM/Sites Page/Site Filtering/Site_txt'

21-10-2025T20:25:22 - [MESSAGE][PASSED] - Keys 'BACK_SPACE + ' sent to object: 'Object Repository/FIM/Sites Page/Site Filtering/Site_txt'

21-10-2025T20:25:22 - [TEST_STEP][PASSED] - (i++): null

21-10-2025T20:25:22 - [TEST_STEP][PASSED] - sendKeys(findTestObject("FIM/Sites Page/Site Filtering/Site_txt"), Keys.chord(BACK_SPACE), STOP_ON_FAILURE): Keys 'BACK_SPACE + ' sent to object: 'Object Repository/FIM/Sites Page/Site Filtering/Site_txt'

21-10-2025T20:25:22 - [MESSAGE][PASSED] - Keys 'BACK_SPACE + ' sent to object: 'Object Repository/FIM/Sites Page/Site Filtering/Site_txt'

21-10-2025T20:25:22 - [TEST_STEP][PASSED] - (i++): null

21-10-2025T20:25:22 - [TEST_STEP][PASSED] - sendKeys(findTestObject("FIM/Sites Page/Site Filtering/Site_txt"), Keys.chord(BACK_SPACE), STOP_ON_FAILURE): Keys 'BACK_SPACE + ' sent to object: 'Object Repository/FIM/Sites Page/Site Filtering/Site_txt'

21-10-2025T20:25:22 - [MESSAGE][PASSED] - Keys 'BACK_SPACE + ' sent to object: 'Object Repository/FIM/Sites Page/Site Filtering/Site_txt'

21-10-2025T20:25:22 - [TEST_STEP][PASSED] - (i++): null

21-10-2025T20:25:22 - [TEST_STEP][PASSED] - sendKeys(findTestObject("FIM/Sites Page/Site Filtering/Site_txt"), Keys.chord(BACK_SPACE), STOP_ON_FAILURE): Keys 'BACK_SPACE + ' sent to object: 'Object Repository/FIM/Sites Page/Site Filtering/Site_txt'

21-10-2025T20:25:22 - [MESSAGE][PASSED] - Keys 'BACK_SPACE + ' sent to object: 'Object Repository/FIM/Sites Page/Site Filtering/Site_txt'

21-10-2025T20:25:22 - [TEST_STEP][PASSED] - (i++): null

21-10-2025T20:25:22 - [TEST_STEP][PASSED] - sendKeys(findTestObject("FIM/Sites Page/Site Filtering/Site_txt"), Keys.chord(BACK_SPACE), STOP_ON_FAILURE): Keys 'BACK_SPACE + ' sent to object: 'Object Repository/FIM/Sites Page/Site Filtering/Site_txt'

21-10-2025T20:25:22 - [MESSAGE][PASSED] - Keys 'BACK_SPACE + ' sent to object: 'Object Repository/FIM/Sites Page/Site Filtering/Site_txt'

21-10-2025T20:25:22 - [TEST_STEP][PASSED] - (i++): null

21-10-2025T20:25:22 - [TEST_STEP][PASSED] - sendKeys(findTestObject("FIM/Sites Page/Site Filtering/Site_txt"), Keys.chord(BACK_SPACE), STOP_ON_FAILURE): Keys 'BACK_SPACE + ' sent to object: 'Object Repository/FIM/Sites Page/Site Filtering/Site_txt'

21-10-2025T20:25:22 - [MESSAGE][PASSED] - Keys 'BACK_SPACE + ' sent to object: 'Object Repository/FIM/Sites Page/Site Filtering/Site_txt'

21-10-2025T20:25:22 - [TEST_STEP][PASSED] - (i++): null

21-10-2025T20:25:22 - [TEST_STEP][PASSED] - sendKeys(findTestObject("FIM/Sites Page/Site Filtering/Site_txt"), Keys.chord(BACK_SPACE), STOP_ON_FAILURE): Keys 'BACK_SPACE + ' sent to object: 'Object Repository/FIM/Sites Page/Site Filtering/Site_txt'

21-10-2025T20:25:22 - [MESSAGE][PASSED] - Keys 'BACK_SPACE + ' sent to object: 'Object Repository/FIM/Sites Page/Site Filtering/Site_txt'

21-10-2025T20:25:22 - [TEST_STEP][PASSED] - (i++): null

21-10-2025T20:25:22 - [TEST_STEP][PASSED] - sendKeys(findTestObject("FIM/Sites Page/Site Filtering/Site_txt"), Keys.chord(BACK_SPACE), STOP_ON_FAILURE): Keys 'BACK_SPACE + ' sent to object: 'Object Repository/FIM/Sites Page/Site Filtering/Site_txt'

21-10-2025T20:25:22 - [MESSAGE][PASSED] - Keys 'BACK_SPACE + ' sent to object: 'Object Repository/FIM/Sites Page/Site Filtering/Site_txt'

21-10-2025T20:25:22 - [TEST_STEP][PASSED] - (i++): null

21-10-2025T20:25:22 - [TEST_STEP][PASSED] - sendKeys(findTestObject("FIM/Sites Page/Site Filtering/Site_txt"), Keys.chord(BACK_SPACE), STOP_ON_FAILURE): Keys 'BACK_SPACE + ' sent to object: 'Object Repository/FIM/Sites Page/Site Filtering/Site_txt'

21-10-2025T20:25:22 - [MESSAGE][PASSED] - Keys 'BACK_SPACE + ' sent to object: 'Object Repository/FIM/Sites Page/Site Filtering/Site_txt'

21-10-2025T20:25:22 - [TEST_STEP][PASSED] - (i++): null

21-10-2025T20:25:22 - [TEST_STEP][PASSED] - sendKeys(findTestObject("FIM/Sites Page/Site Filtering/Site_txt"), Keys.chord(BACK_SPACE), STOP_ON_FAILURE): Keys 'BACK_SPACE + ' sent to object: 'Object Repository/FIM/Sites Page/Site Filtering/Site_txt'

21-10-2025T20:25:22 - [MESSAGE][PASSED] - Keys 'BACK_SPACE + ' sent to object: 'Object Repository/FIM/Sites Page/Site Filtering/Site_txt'

21-10-2025T20:25:22 - [TEST_STEP][PASSED] - (i++): null

21-10-2025T20:25:22 - [TEST_STEP][PASSED] - sendKeys(findTestObject("FIM/Sites Page/Site Filtering/Site_txt"), Keys.chord(BACK_SPACE), STOP_ON_FAILURE): Keys 'BACK_SPACE + ' sent to object: 'Object Repository/FIM/Sites Page/Site Filtering/Site_txt'

21-10-2025T20:25:22 - [MESSAGE][PASSED] - Keys 'BACK_SPACE + ' sent to object: 'Object Repository/FIM/Sites Page/Site Filtering/Site_txt'

21-10-2025T20:25:22 - [TEST_STEP][PASSED] - (i++): null

21-10-2025T20:25:22 - [TEST_STEP][PASSED] - sendKeys(findTestObject("FIM/Sites Page/Site Filtering/Site_txt"), Keys.chord(BACK_SPACE), STOP_ON_FAILURE): Keys 'BACK_SPACE + ' sent to object: 'Object Repository/FIM/Sites Page/Site Filtering/Site_txt'

21-10-2025T20:25:22 - [MESSAGE][PASSED] - Keys 'BACK_SPACE + ' sent to object: 'Object Repository/FIM/Sites Page/Site Filtering/Site_txt'

21-10-2025T20:25:22 - [TEST_STEP][PASSED] - (i++): null

21-10-2025T20:25:22 - [TEST_STEP][PASSED] - sendKeys(findTestObject("FIM/Sites Page/Site Filtering/Site_txt"), Keys.chord(BACK_SPACE), STOP_ON_FAILURE): Keys 'BACK_SPACE + ' sent to object: 'Object Repository/FIM/Sites Page/Site Filtering/Site_txt'

21-10-2025T20:25:22 - [MESSAGE][PASSED] - Keys 'BACK_SPACE + ' sent to object: 'Object Repository/FIM/Sites Page/Site Filtering/Site_txt'

21-10-2025T20:25:22 - [TEST_STEP][PASSED] - (i++): null

21-10-2025T20:25:22 - [TEST_STEP][PASSED] - sendKeys(findTestObject("FIM/Sites Page/Site Filtering/Site_txt"), Keys.chord(BACK_SPACE), STOP_ON_FAILURE): Keys 'BACK_SPACE + ' sent to object: 'Object Repository/FIM/Sites Page/Site Filtering/Site_txt'

21-10-2025T20:25:22 - [MESSAGE][PASSED] - Keys 'BACK_SPACE + ' sent to object: 'Object Repository/FIM/Sites Page/Site Filtering/Site_txt'

21-10-2025T20:25:22 - [TEST_STEP][PASSED] - (i++): null

21-10-2025T20:25:22 - [TEST_STEP][PASSED] - sendKeys(findTestObject("FIM/Sites Page/Site Filtering/Site_txt"), Keys.chord(BACK_SPACE), STOP_ON_FAILURE): Keys 'BACK_SPACE + ' sent to object: 'Object Repository/FIM/Sites Page/Site Filtering/Site_txt'

21-10-2025T20:25:22 - [MESSAGE][PASSED] - Keys 'BACK_SPACE + ' sent to object: 'Object Repository/FIM/Sites Page/Site Filtering/Site_txt'

21-10-2025T20:25:22 - [TEST_STEP][PASSED] - (i++): null

21-10-2025T20:25:22 - [TEST_STEP][PASSED] - sendKeys(findTestObject("FIM/Sites Page/Site Filtering/Site_txt"), Keys.chord(BACK_SPACE), STOP_ON_FAILURE): Keys 'BACK_SPACE + ' sent to object: 'Object Repository/FIM/Sites Page/Site Filtering/Site_txt'

21-10-2025T20:25:22 - [MESSAGE][PASSED] - Keys 'BACK_SPACE + ' sent to object: 'Object Repository/FIM/Sites Page/Site Filtering/Site_txt'

21-10-2025T20:25:22 - [TEST_STEP][PASSED] - (i++): null

21-10-2025T20:25:22 - [TEST_STEP][PASSED] - sendKeys(findTestObject("FIM/Sites Page/Site Filtering/Site_txt"), Keys.chord(BACK_SPACE), STOP_ON_FAILURE): Keys 'BACK_SPACE + ' sent to object: 'Object Repository/FIM/Sites Page/Site Filtering/Site_txt'

21-10-2025T20:25:23 - [MESSAGE][PASSED] - Keys 'BACK_SPACE + ' sent to object: 'Object Repository/FIM/Sites Page/Site Filtering/Site_txt'

21-10-2025T20:25:23 - [TEST_STEP][PASSED] - (i++): null

21-10-2025T20:25:23 - [TEST_STEP][PASSED] - sendKeys(findTestObject("FIM/Sites Page/Site Filtering/Site_txt"), Keys.chord(BACK_SPACE), STOP_ON_FAILURE): Keys 'BACK_SPACE + ' sent to object: 'Object Repository/FIM/Sites Page/Site Filtering/Site_txt'

21-10-2025T20:25:23 - [MESSAGE][PASSED] - Keys 'BACK_SPACE + ' sent to object: 'Object Repository/FIM/Sites Page/Site Filtering/Site_txt'

21-10-2025T20:25:23 - [TEST_STEP][PASSED] - (i++): null

21-10-2025T20:25:23 - [TEST_STEP][PASSED] - sendKeys(findTestObject("FIM/Sites Page/Site Filtering/Site_txt"), Keys.chord(BACK_SPACE), STOP_ON_FAILURE): Keys 'BACK_SPACE + ' sent to object: 'Object Repository/FIM/Sites Page/Site Filtering/Site_txt'

21-10-2025T20:25:23 - [MESSAGE][PASSED] - Keys 'BACK_SPACE + ' sent to object: 'Object Repository/FIM/Sites Page/Site Filtering/Site_txt'

21-10-2025T20:25:23 - [TEST_STEP][PASSED] - (i++): null

21-10-2025T20:25:23 - [TEST_STEP][PASSED] - sendKeys(findTestObject("FIM/Sites Page/Site Filtering/Site_txt"), Keys.chord(BACK_SPACE), STOP_ON_FAILURE): Keys 'BACK_SPACE + ' sent to object: 'Object Repository/FIM/Sites Page/Site Filtering/Site_txt'

21-10-2025T20:25:23 - [MESSAGE][PASSED] - Keys 'BACK_SPACE + ' sent to object: 'Object Repository/FIM/Sites Page/Site Filtering/Site_txt'

21-10-2025T20:25:23 - [TEST_STEP][PASSED] - (i++): null

21-10-2025T20:25:23 - [TEST_STEP][PASSED] - sendKeys(findTestObject("FIM/Sites Page/Site Filtering/Site_txt"), Keys.chord(BACK_SPACE), STOP_ON_FAILURE): Keys 'BACK_SPACE + ' sent to object: 'Object Repository/FIM/Sites Page/Site Filtering/Site_txt'

21-10-2025T20:25:23 - [MESSAGE][PASSED] - Keys 'BACK_SPACE + ' sent to object: 'Object Repository/FIM/Sites Page/Site Filtering/Site_txt'

21-10-2025T20:25:23 - [TEST_STEP][PASSED] - (i++): null

21-10-2025T20:25:23 - [TEST_STEP][PASSED] - sendKeys(findTestObject("FIM/Sites Page/Site Filtering/Site_txt"), Keys.chord(BACK_SPACE), STOP_ON_FAILURE): Keys 'BACK_SPACE + ' sent to object: 'Object Repository/FIM/Sites Page/Site Filtering/Site_txt'

21-10-2025T20:25:23 - [MESSAGE][PASSED] - Keys 'BACK_SPACE + ' sent to object: 'Object Repository/FIM/Sites Page/Site Filtering/Site_txt'

21-10-2025T20:25:23 - [TEST_STEP][PASSED] - (i++): null

21-10-2025T20:25:23 - [TEST_STEP][PASSED] - sendKeys(findTestObject("FIM/Sites Page/Site Filtering/Site_txt"), Keys.chord(BACK_SPACE), STOP_ON_FAILURE): Keys 'BACK_SPACE + ' sent to object: 'Object Repository/FIM/Sites Page/Site Filtering/Site_txt'

21-10-2025T20:25:23 - [MESSAGE][PASSED] - Keys 'BACK_SPACE + ' sent to object: 'Object Repository/FIM/Sites Page/Site Filtering/Site_txt'

21-10-2025T20:25:23 - [TEST_STEP][PASSED] - (i++): null

21-10-2025T20:25:23 - [TEST_STEP][PASSED] - sendKeys(findTestObject("FIM/Sites Page/Site Filtering/Site_txt"), Keys.chord(BACK_SPACE), STOP_ON_FAILURE): Keys 'BACK_SPACE + ' sent to object: 'Object Repository/FIM/Sites Page/Site Filtering/Site_txt'

21-10-2025T20:25:23 - [MESSAGE][PASSED] - Keys 'BACK_SPACE + ' sent to object: 'Object Repository/FIM/Sites Page/Site Filtering/Site_txt'

21-10-2025T20:25:23 - [TEST_STEP][PASSED] - (i++): null

21-10-2025T20:25:23 - [TEST_STEP][PASSED] - sendKeys(findTestObject("FIM/Sites Page/Site Filtering/Site_txt"), Keys.chord(BACK_SPACE), STOP_ON_FAILURE): Keys 'BACK_SPACE + ' sent to object: 'Object Repository/FIM/Sites Page/Site Filtering/Site_txt'

21-10-2025T20:25:23 - [MESSAGE][PASSED] - Keys 'BACK_SPACE + ' sent to object: 'Object Repository/FIM/Sites Page/Site Filtering/Site_txt'

21-10-2025T20:25:23 - [TEST_STEP][PASSED] - (i++): null

21-10-2025T20:25:23 - [TEST_STEP][PASSED] - sendKeys(findTestObject("FIM/Sites Page/Site Filtering/Site_txt"), Keys.chord(BACK_SPACE), STOP_ON_FAILURE): Keys 'BACK_SPACE + ' sent to object: 'Object Repository/FIM/Sites Page/Site Filtering/Site_txt'

21-10-2025T20:25:23 - [MESSAGE][PASSED] - Keys 'BACK_SPACE + ' sent to object: 'Object Repository/FIM/Sites Page/Site Filtering/Site_txt'

21-10-2025T20:25:23 - [TEST_STEP][PASSED] - (i++): null

21-10-2025T20:25:23 - [TEST_STEP][PASSED] - sendKeys(findTestObject("FIM/Sites Page/Site Filtering/Site_txt"), Keys.chord(BACK_SPACE), STOP_ON_FAILURE): Keys 'BACK_SPACE + ' sent to object: 'Object Repository/FIM/Sites Page/Site Filtering/Site_txt'

21-10-2025T20:25:23 - [MESSAGE][PASSED] - Keys 'BACK_SPACE + ' sent to object: 'Object Repository/FIM/Sites Page/Site Filtering/Site_txt'

21-10-2025T20:25:23 - [TEST_STEP][PASSED] - (i++): null

21-10-2025T20:25:23 - [TEST_STEP][PASSED] - sendKeys(findTestObject("FIM/Sites Page/Site Filtering/Site_txt"), Keys.chord(BACK_SPACE), STOP_ON_FAILURE): Keys 'BACK_SPACE + ' sent to object: 'Object Repository/FIM/Sites Page/Site Filtering/Site_txt'

21-10-2025T20:25:23 - [MESSAGE][PASSED] - Keys 'BACK_SPACE + ' sent to object: 'Object Repository/FIM/Sites Page/Site Filtering/Site_txt'

21-10-2025T20:25:23 - [TEST_STEP][PASSED] - (i++): null

21-10-2025T20:25:23 - [TEST_STEP][PASSED] - sendKeys(findTestObject("FIM/Sites Page/Site Filtering/Site_txt"), Keys.chord(BACK_SPACE), STOP_ON_FAILURE): Keys 'BACK_SPACE + ' sent to object: 'Object Repository/FIM/Sites Page/Site Filtering/Site_txt'

21-10-2025T20:25:23 - [MESSAGE][PASSED] - Keys 'BACK_SPACE + ' sent to object: 'Object Repository/FIM/Sites Page/Site Filtering/Site_txt'

21-10-2025T20:25:23 - [TEST_STEP][PASSED] - (i++): null

21-10-2025T20:25:23 - [TEST_STEP][PASSED] - sendKeys(findTestObject("FIM/Sites Page/Site Filtering/Site_txt"), Keys.chord(BACK_SPACE), STOP_ON_FAILURE): Keys 'BACK_SPACE + ' sent to object: 'Object Repository/FIM/Sites Page/Site Filtering/Site_txt'

21-10-2025T20:25:23 - [MESSAGE][PASSED] - Keys 'BACK_SPACE + ' sent to object: 'Object Repository/FIM/Sites Page/Site Filtering/Site_txt'

21-10-2025T20:25:23 - [TEST_STEP][PASSED] - (i++): null

21-10-2025T20:25:23 - [TEST_STEP][PASSED] - sendKeys(findTestObject("FIM/Sites Page/Site Filtering/Site_txt"), Keys.chord(BACK_SPACE), STOP_ON_FAILURE): Keys 'BACK_SPACE + ' sent to object: 'Object Repository/FIM/Sites Page/Site Filtering/Site_txt'

21-10-2025T20:25:23 - [MESSAGE][PASSED] - Keys 'BACK_SPACE + ' sent to object: 'Object Repository/FIM/Sites Page/Site Filtering/Site_txt'

21-10-2025T20:25:23 - [TEST_STEP][PASSED] - (i++): null

21-10-2025T20:25:23 - [TEST_STEP][PASSED] - sendKeys(findTestObject("FIM/Sites Page/Site Filtering/Site_txt"), Keys.chord(BACK_SPACE), STOP_ON_FAILURE): Keys 'BACK_SPACE + ' sent to object: 'Object Repository/FIM/Sites Page/Site Filtering/Site_txt'

21-10-2025T20:25:23 - [MESSAGE][PASSED] - Keys 'BACK_SPACE + ' sent to object: 'Object Repository/FIM/Sites Page/Site Filtering/Site_txt'

21-10-2025T20:25:23 - [TEST_STEP][PASSED] - (i++): null

21-10-2025T20:25:23 - [TEST_STEP][PASSED] - sendKeys(findTestObject("FIM/Sites Page/Site Filtering/Site_txt"), Keys.chord(BACK_SPACE), STOP_ON_FAILURE): Keys 'BACK_SPACE + ' sent to object: 'Object Repository/FIM/Sites Page/Site Filtering/Site_txt'

21-10-2025T20:25:23 - [MESSAGE][PASSED] - Keys 'BACK_SPACE + ' sent to object: 'Object Repository/FIM/Sites Page/Site Filtering/Site_txt'

21-10-2025T20:25:23 - [TEST_STEP][PASSED] - (i++): null

21-10-2025T20:25:23 - [TEST_STEP][PASSED] - sendKeys(findTestObject("FIM/Sites Page/Site Filtering/Site_txt"), Keys.chord(BACK_SPACE), STOP_ON_FAILURE): Keys 'BACK_SPACE + ' sent to object: 'Object Repository/FIM/Sites Page/Site Filtering/Site_txt'

21-10-2025T20:25:24 - [MESSAGE][PASSED] - Keys 'BACK_SPACE + ' sent to object: 'Object Repository/FIM/Sites Page/Site Filtering/Site_txt'

21-10-2025T20:25:24 - [TEST_STEP][PASSED] - (i++): null

21-10-2025T20:25:24 - [TEST_STEP][PASSED] - sendKeys(findTestObject("FIM/Sites Page/Site Filtering/Site_txt"), Keys.chord(BACK_SPACE), STOP_ON_FAILURE): Keys 'BACK_SPACE + ' sent to object: 'Object Repository/FIM/Sites Page/Site Filtering/Site_txt'

21-10-2025T20:25:24 - [MESSAGE][PASSED] - Keys 'BACK_SPACE + ' sent to object: 'Object Repository/FIM/Sites Page/Site Filtering/Site_txt'

21-10-2025T20:25:24 - [TEST_STEP][PASSED] - (i++): null

21-10-2025T20:25:24 - [TEST_STEP][PASSED] - sendKeys(findTestObject("FIM/Sites Page/Site Filtering/Site_txt"), Keys.chord(BACK_SPACE), STOP_ON_FAILURE): Keys 'BACK_SPACE + ' sent to object: 'Object Repository/FIM/Sites Page/Site Filtering/Site_txt'

21-10-2025T20:25:24 - [MESSAGE][PASSED] - Keys 'BACK_SPACE + ' sent to object: 'Object Repository/FIM/Sites Page/Site Filtering/Site_txt'

21-10-2025T20:25:24 - [TEST_STEP][PASSED] - (i++): null

21-10-2025T20:25:24 - [TEST_STEP][PASSED] - sendKeys(findTestObject("FIM/Sites Page/Site Filtering/Site_txt"), Keys.chord(BACK_SPACE), STOP_ON_FAILURE): Keys 'BACK_SPACE + ' sent to object: 'Object Repository/FIM/Sites Page/Site Filtering/Site_txt'

21-10-2025T20:25:24 - [MESSAGE][PASSED] - Keys 'BACK_SPACE + ' sent to object: 'Object Repository/FIM/Sites Page/Site Filtering/Site_txt'

21-10-2025T20:25:24 - [TEST_STEP][PASSED] - (i++): null

21-10-2025T20:25:24 - [TEST_STEP][PASSED] - sendKeys(findTestObject("FIM/Sites Page/Site Filtering/Site_txt"), Keys.chord(BACK_SPACE), STOP_ON_FAILURE): Keys 'BACK_SPACE + ' sent to object: 'Object Repository/FIM/Sites Page/Site Filtering/Site_txt'

21-10-2025T20:25:24 - [MESSAGE][PASSED] - Keys 'BACK_SPACE + ' sent to object: 'Object Repository/FIM/Sites Page/Site Filtering/Site_txt'

21-10-2025T20:25:24 - [TEST_STEP][PASSED] - (i++): null

21-10-2025T20:25:24 - [TEST_STEP][PASSED] - sendKeys(findTestObject("FIM/Sites Page/Site Filtering/Site_txt"), Keys.chord(BACK_SPACE), STOP_ON_FAILURE): Keys 'BACK_SPACE + ' sent to object: 'Object Repository/FIM/Sites Page/Site Filtering/Site_txt'

21-10-2025T20:25:24 - [MESSAGE][PASSED] - Keys 'BACK_SPACE + ' sent to object: 'Object Repository/FIM/Sites Page/Site Filtering/Site_txt'

21-10-2025T20:25:24 - [TEST_STEP][PASSED] - (i++): null

21-10-2025T20:25:24 - [TEST_STEP][PASSED] - sendKeys(findTestObject("FIM/Sites Page/Site Filtering/Site_txt"), Keys.chord(BACK_SPACE), STOP_ON_FAILURE): Keys 'BACK_SPACE + ' sent to object: 'Object Repository/FIM/Sites Page/Site Filtering/Site_txt'

21-10-2025T20:25:24 - [MESSAGE][PASSED] - Keys 'BACK_SPACE + ' sent to object: 'Object Repository/FIM/Sites Page/Site Filtering/Site_txt'

21-10-2025T20:25:24 - [TEST_STEP][PASSED] - (i++): null

21-10-2025T20:25:24 - [TEST_STEP][PASSED] - sendKeys(findTestObject("FIM/Sites Page/Site Filtering/Site_txt"), Keys.chord(BACK_SPACE), STOP_ON_FAILURE): Keys 'BACK_SPACE + ' sent to object: 'Object Repository/FIM/Sites Page/Site Filtering/Site_txt'

21-10-2025T20:25:24 - [MESSAGE][PASSED] - Keys 'BACK_SPACE + ' sent to object: 'Object Repository/FIM/Sites Page/Site Filtering/Site_txt'

21-10-2025T20:25:24 - [TEST_STEP][PASSED] - (i++): null

21-10-2025T20:25:24 - [TEST_STEP][PASSED] - sendKeys(findTestObject("FIM/Sites Page/Site Filtering/Site_txt"), Keys.chord(BACK_SPACE), STOP_ON_FAILURE): Keys 'BACK_SPACE + ' sent to object: 'Object Repository/FIM/Sites Page/Site Filtering/Site_txt'

21-10-2025T20:25:24 - [MESSAGE][PASSED] - Keys 'BACK_SPACE + ' sent to object: 'Object Repository/FIM/Sites Page/Site Filtering/Site_txt'

21-10-2025T20:25:24 - [TEST_STEP][PASSED] - (i++): null

21-10-2025T20:25:24 - [TEST_STEP][PASSED] - sendKeys(findTestObject("FIM/Sites Page/Site Filtering/Site_txt"), "TURK132 - 798 North", STOP_ON_FAILURE): Keys 'TURK132 - 798 North' sent to object: 'Object Repository/FIM/Sites Page/Site Filtering/Site_txt'

21-10-2025T20:25:24 - [MESSAGE][PASSED] - Keys 'TURK132 - 798 North' sent to object: 'Object Repository/FIM/Sites Page/Site Filtering/Site_txt'

21-10-2025T20:25:24 - [TEST_STEP][PASSED] - sendKeys(findTestObject("FIM/Sites Page/Site Filtering/Site_txt"), Keys.chord(ENTER), STOP_ON_FAILURE): Keys 'ENTER + ' sent to object: 'Object Repository/FIM/Sites Page/Site Filtering/Site_txt'

21-10-2025T20:25:24 - [MESSAGE][PASSED] - Keys 'ENTER + ' sent to object: 'Object Repository/FIM/Sites Page/Site Filtering/Site_txt'

21-10-2025T20:25:24 - [TEST_STEP][PASSED] - waitForElementClickable(findTestObject("FIM/Sites Page/Inventories/Create/Add Inventories_btn"), 300): Object 'Object Repository/FIM/Sites Page/Inventories/Create/Add Inventories_btn' is clickable

21-10-2025T20:25:25 - [MESSAGE][PASSED] - Object 'Object Repository/FIM/Sites Page/Inventories/Create/Add Inventories_btn' is clickable

21-10-2025T20:25:25 - [TEST_STEP][PASSED] - click(findTestObject("FIM/Sites Page/Inventories/Create/Add Inventories_btn")): Object: 'Object Repository/FIM/Sites Page/Inventories/Create/Add Inventories_btn' is clicked on

21-10-2025T20:25:25 - [MESSAGE][PASSED] - Object: 'Object Repository/FIM/Sites Page/Inventories/Create/Add Inventories_btn' is clicked on

21-10-2025T20:25:25 - [TEST_STEP][PASSED] - delay(2): Delayed 2 second(s)

21-10-2025T20:25:27 - [MESSAGE][PASSED] - Delayed 2 second(s)

21-10-2025T20:25:27 - [TEST_STEP][PASSED] - sendKeys(findTestObject("FIM/Sites Page/Inventories/Create/Tank_1_txt"), "5100"): Keys '5100' sent to object: 'Object Repository/FIM/Sites Page/Inventories/Create/Tank_1_txt'

21-10-2025T20:25:27 - [MESSAGE][PASSED] - Keys '5100' sent to object: 'Object Repository/FIM/Sites Page/Inventories/Create/Tank_1_txt'

21-10-2025T20:25:27 - [TEST_STEP][PASSED] - delay(2): Delayed 2 second(s)

21-10-2025T20:25:29 - [MESSAGE][PASSED] - Delayed 2 second(s)

21-10-2025T20:25:29 - [TEST_STEP][PASSED] - sendKeys(findTestObject("FIM/Sites Page/Inventories/Create/Tank_2_txt"), "4800"): Keys '4800' sent to object: 'Object Repository/FIM/Sites Page/Inventories/Create/Tank_2_txt'

21-10-2025T20:25:30 - [MESSAGE][PASSED] - Keys '4800' sent to object: 'Object Repository/FIM/Sites Page/Inventories/Create/Tank_2_txt'

21-10-2025T20:25:30 - [TEST_STEP][PASSED] - delay(2): Delayed 2 second(s)

21-10-2025T20:25:32 - [MESSAGE][PASSED] - Delayed 2 second(s)

21-10-2025T20:25:32 - [TEST_STEP][PASSED] - sendKeys(findTestObject("FIM/Sites Page/Inventories/Create/Tank_3_txt"), "0"): Keys '0' sent to object: 'Object Repository/FIM/Sites Page/Inventories/Create/Tank_3_txt'

21-10-2025T20:25:32 - [MESSAGE][PASSED] - Keys '0' sent to object: 'Object Repository/FIM/Sites Page/Inventories/Create/Tank_3_txt'

21-10-2025T20:25:32 - [TEST_STEP][PASSED] - delay(2): Delayed 2 second(s)

21-10-2025T20:25:34 - [MESSAGE][PASSED] - Delayed 2 second(s)

21-10-2025T20:25:34 - [TEST_STEP][PASSED] - click(findTestObject("FIM/Sites Page/Inventories/Create/Save Inventories_btn")): Object: 'Object Repository/FIM/Sites Page/Inventories/Create/Save Inventories_btn' is clicked on

21-10-2025T20:25:34 - [MESSAGE][PASSED] - Object: 'Object Repository/FIM/Sites Page/Inventories/Create/Save Inventories_btn' is clicked on

21-10-2025T20:25:34 - [TEST_STEP][PASSED] - verifyElementPresent(findTestObject("FIM/Sites Page/Inventories/Create/Inventory Created Success Message"), 10): Object 'Object Repository/FIM/Sites Page/Inventories/Create/Inventory Created Success Message' is present

21-10-2025T20:25:34 - [MESSAGE][PASSED] - Object 'Object Repository/FIM/Sites Page/Inventories/Create/Inventory Created Success Message' is present

21-10-2025T20:25:34 - [TEST_STEP][FAILED] - verifyElementText(findTestObject("FIM/Sites Page/Inventories/Create/Inventory Created Success Message"), "Inventory created successfully"): Verify element text of test object 'Object Repository/FIM/Sites Page/Inventories/Create/Inventory Created Success Message' FAILED. (Root cause: com.kms.katalon.core.exception.StepFailedException: Verify element text of test object 'Object Repository/FIM/Sites Page/Inventories/Create/Inventory Created Success Message' FAILED.
	at com.kms.katalon.core.webui.keyword.internal.WebUIKeywordMain.stepFailed(WebUIKeywordMain.groovy:117)
	at com.kms.katalon.core.webui.keyword.internal.WebUIKeywordMain.runKeyword(WebUIKeywordMain.groovy:43)
	at com.kms.katalon.core.webui.keyword.builtin.VerifyElementTextKeyword.verifyElementText(VerifyElementTextKeyword.groovy:72)
	at com.kms.katalon.core.webui.keyword.builtin.VerifyElementTextKeyword.execute(VerifyElementTextKeyword.groovy:40)
	at com.kms.katalon.core.keyword.internal.KeywordExecutor.executeKeywordForPlatform(KeywordExecutor.groovy:74)
	at com.kms.katalon.core.webui.keyword.WebUiBuiltInKeywords.verifyElementText(WebUiBuiltInKeywords.groovy:4835)
	at com.kms.katalon.core.webui.keyword.WebUiBuiltInKeywords$verifyElementText$11.call(Unknown Source)
	at Add Inventory.run(Add Inventory:83)
	at com.kms.katalon.core.main.ScriptEngine.run(ScriptEngine.java:194)
	at com.kms.katalon.core.main.ScriptEngine.runScriptAsRawText(ScriptEngine.java:119)
	at com.kms.katalon.core.main.TestCaseExecutor.runScript(TestCaseExecutor.java:448)
	at com.kms.katalon.core.main.TestCaseExecutor.doExecute(TestCaseExecutor.java:439)
	at com.kms.katalon.core.main.TestCaseExecutor.processExecutionPhase(TestCaseExecutor.java:418)
	at com.kms.katalon.core.main.TestCaseExecutor.accessMainPhase(TestCaseExecutor.java:410)
	at com.kms.katalon.core.main.TestCaseExecutor.execute(TestCaseExecutor.java:285)
	at com.kms.katalon.core.common.CommonExecutor.accessTestCaseMainPhase(CommonExecutor.java:65)
	at com.kms.katalon.core.main.TestSuiteExecutor.accessTestSuiteMainPhase(TestSuiteExecutor.java:150)
	at com.kms.katalon.core.main.TestSuiteExecutor.execute(TestSuiteExecutor.java:106)
	at com.kms.katalon.core.main.TestCaseMain.startTestSuite(TestCaseMain.java:180)
	at com.kms.katalon.core.main.TestCaseMain$startTestSuite$0.call(Unknown Source)
	at TempTestSuite1761090764033.run(TempTestSuite1761090764033.groovy:35)
	at java.base/jdk.internal.reflect.NativeMethodAccessorImpl.invoke0(Native Method)
	at java.base/jdk.internal.reflect.NativeMethodAccessorImpl.invoke(NativeMethodAccessorImpl.java:77)
	at java.base/jdk.internal.reflect.DelegatingMethodAccessorImpl.invoke(DelegatingMethodAccessorImpl.java:43)
Caused by: com.kms.katalon.core.exception.StepFailedException: Actual text '' and expected text 'Inventory created successfully' of test object 'Object Repository/FIM/Sites Page/Inventories/Create/Inventory Created Success Message' are NOT matched.
	at com.kms.katalon.core.webui.keyword.internal.WebUIKeywordMain.stepFailed(WebUIKeywordMain.groovy:117)
	at com.kms.katalon.core.webui.keyword.builtin.VerifyElementTextKeyword$_verifyElementText_closure1.doCall(VerifyElementTextKeyword.groovy:57)
	at com.kms.katalon.core.webui.keyword.builtin.VerifyElementTextKeyword$_verifyElementText_closure1.call(VerifyElementTextKeyword.groovy)
	at com.kms.katalon.core.webui.keyword.internal.WebUIKeywordMain.runKeyword(WebUIKeywordMain.groovy:35)
	... 22 more
)

21-10-2025T20:25:34 - [MESSAGE][FAILED] - Actual text '' and expected text 'Inventory created successfully' of test object 'Object Repository/FIM/Sites Page/Inventories/Create/Inventory Created Success Message' are NOT matched. (Root cause: com.kms.katalon.core.exception.StepFailedException: Actual text '' and expected text 'Inventory created successfully' of test object 'Object Repository/FIM/Sites Page/Inventories/Create/Inventory Created Success Message' are NOT matched.
	at com.kms.katalon.core.webui.keyword.internal.WebUIKeywordMain.stepFailed(WebUIKeywordMain.groovy:117)
	at com.kms.katalon.core.webui.keyword.builtin.VerifyElementTextKeyword$_verifyElementText_closure1.doCall(VerifyElementTextKeyword.groovy:57)
	at com.kms.katalon.core.webui.keyword.builtin.VerifyElementTextKeyword$_verifyElementText_closure1.call(VerifyElementTextKeyword.groovy)
	at com.kms.katalon.core.webui.keyword.internal.WebUIKeywordMain.runKeyword(WebUIKeywordMain.groovy:35)
	at com.kms.katalon.core.webui.keyword.builtin.VerifyElementTextKeyword.verifyElementText(VerifyElementTextKeyword.groovy:72)
	at com.kms.katalon.core.webui.keyword.builtin.VerifyElementTextKeyword.execute(VerifyElementTextKeyword.groovy:40)
	at com.kms.katalon.core.keyword.internal.KeywordExecutor.executeKeywordForPlatform(KeywordExecutor.groovy:74)
	at com.kms.katalon.core.webui.keyword.WebUiBuiltInKeywords.verifyElementText(WebUiBuiltInKeywords.groovy:4835)
	at com.kms.katalon.core.webui.keyword.WebUiBuiltInKeywords$verifyElementText$11.call(Unknown Source)
	at Add Inventory.run(Add Inventory:83)
	at com.kms.katalon.core.main.ScriptEngine.run(ScriptEngine.java:194)
	at com.kms.katalon.core.main.ScriptEngine.runScriptAsRawText(ScriptEngine.java:119)
	at com.kms.katalon.core.main.TestCaseExecutor.runScript(TestCaseExecutor.java:448)
	at com.kms.katalon.core.main.TestCaseExecutor.doExecute(TestCaseExecutor.java:439)
	at com.kms.katalon.core.main.TestCaseExecutor.processExecutionPhase(TestCaseExecutor.java:418)
	at com.kms.katalon.core.main.TestCaseExecutor.accessMainPhase(TestCaseExecutor.java:410)
	at com.kms.katalon.core.main.TestCaseExecutor.execute(TestCaseExecutor.java:285)
	at com.kms.katalon.core.common.CommonExecutor.accessTestCaseMainPhase(CommonExecutor.java:65)
	at com.kms.katalon.core.main.TestSuiteExecutor.accessTestSuiteMainPhase(TestSuiteExecutor.java:150)
	at com.kms.katalon.core.main.TestSuiteExecutor.execute(TestSuiteExecutor.java:106)
	at com.kms.katalon.core.main.TestCaseMain.startTestSuite(TestCaseMain.java:180)
	at com.kms.katalon.core.main.TestCaseMain$startTestSuite$0.call(Unknown Source)
	at TempTestSuite1761090764033.run(TempTestSuite1761090764033.groovy:35)
	at java.base/jdk.internal.reflect.NativeMethodAccessorImpl.invoke0(Native Method)
	at java.base/jdk.internal.reflect.NativeMethodAccessorImpl.invoke(NativeMethodAccessorImpl.java:77)
	at java.base/jdk.internal.reflect.DelegatingMethodAccessorImpl.invoke(DelegatingMethodAccessorImpl.java:43)
)

21-10-2025T20:25:34 - [MESSAGE][FAILED] - Verify element text of test object 'Object Repository/FIM/Sites Page/Inventories/Create/Inventory Created Success Message' FAILED. (Root cause: com.kms.katalon.core.exception.StepFailedException: Verify element text of test object 'Object Repository/FIM/Sites Page/Inventories/Create/Inventory Created Success Message' FAILED.
	at com.kms.katalon.core.webui.keyword.internal.WebUIKeywordMain.stepFailed(WebUIKeywordMain.groovy:117)
	at com.kms.katalon.core.webui.keyword.internal.WebUIKeywordMain.runKeyword(WebUIKeywordMain.groovy:43)
	at com.kms.katalon.core.webui.keyword.builtin.VerifyElementTextKeyword.verifyElementText(VerifyElementTextKeyword.groovy:72)
	at com.kms.katalon.core.webui.keyword.builtin.VerifyElementTextKeyword.execute(VerifyElementTextKeyword.groovy:40)
	at com.kms.katalon.core.keyword.internal.KeywordExecutor.executeKeywordForPlatform(KeywordExecutor.groovy:74)
	at com.kms.katalon.core.webui.keyword.WebUiBuiltInKeywords.verifyElementText(WebUiBuiltInKeywords.groovy:4835)
	at com.kms.katalon.core.webui.keyword.WebUiBuiltInKeywords$verifyElementText$11.call(Unknown Source)
	at Add Inventory.run(Add Inventory:83)
	at com.kms.katalon.core.main.ScriptEngine.run(ScriptEngine.java:194)
	at com.kms.katalon.core.main.ScriptEngine.runScriptAsRawText(ScriptEngine.java:119)
	at com.kms.katalon.core.main.TestCaseExecutor.runScript(TestCaseExecutor.java:448)
	at com.kms.katalon.core.main.TestCaseExecutor.doExecute(TestCaseExecutor.java:439)
	at com.kms.katalon.core.main.TestCaseExecutor.processExecutionPhase(TestCaseExecutor.java:418)
	at com.kms.katalon.core.main.TestCaseExecutor.accessMainPhase(TestCaseExecutor.java:410)
	at com.kms.katalon.core.main.TestCaseExecutor.execute(TestCaseExecutor.java:285)
	at com.kms.katalon.core.common.CommonExecutor.accessTestCaseMainPhase(CommonExecutor.java:65)
	at com.kms.katalon.core.main.TestSuiteExecutor.accessTestSuiteMainPhase(TestSuiteExecutor.java:150)
	at com.kms.katalon.core.main.TestSuiteExecutor.execute(TestSuiteExecutor.java:106)
	at com.kms.katalon.core.main.TestCaseMain.startTestSuite(TestCaseMain.java:180)
	at com.kms.katalon.core.main.TestCaseMain$startTestSuite$0.call(Unknown Source)
	at TempTestSuite1761090764033.run(TempTestSuite1761090764033.groovy:35)
	at java.base/jdk.internal.reflect.NativeMethodAccessorImpl.invoke0(Native Method)
	at java.base/jdk.internal.reflect.NativeMethodAccessorImpl.invoke(NativeMethodAccessorImpl.java:77)
	at java.base/jdk.internal.reflect.DelegatingMethodAccessorImpl.invoke(DelegatingMethodAccessorImpl.java:43)
Caused by: com.kms.katalon.core.exception.StepFailedException: Actual text '' and expected text 'Inventory created successfully' of test object 'Object Repository/FIM/Sites Page/Inventories/Create/Inventory Created Success Message' are NOT matched.
	at com.kms.katalon.core.webui.keyword.internal.WebUIKeywordMain.stepFailed(WebUIKeywordMain.groovy:117)
	at com.kms.katalon.core.webui.keyword.builtin.VerifyElementTextKeyword$_verifyElementText_closure1.doCall(VerifyElementTextKeyword.groovy:57)
	at com.kms.katalon.core.webui.keyword.builtin.VerifyElementTextKeyword$_verifyElementText_closure1.call(VerifyElementTextKeyword.groovy)
	at com.kms.katalon.core.webui.keyword.internal.WebUIKeywordMain.runKeyword(WebUIKeywordMain.groovy:35)
	... 22 more
)

21-10-2025T20:25:35 - [TEST_STEP][PASSED] - Start listener action : retryOnDisconnect: Current window's url is: 'https://kaglogistics-inventory-management-portal.qa.thekag.com/site/TURK132?cg=-1&r=206&i=AllConsignees&sorted=false'

21-10-2025T20:25:35 - [TEST_STEP][PASSED] - tcId = testCaseContext.getTestCaseId(): null

21-10-2025T20:25:35 - [TEST_STEP][PASSED] - currentRetry = retryCounts.getOrDefault(tcId, 0): null

21-10-2025T20:25:35 - [TEST_STEP][PASSED] - if (testCaseContext.getTestCaseStatus() == "FAILED" && currentRetry < MAX_RETRIES): Current window's url is: 'https://kaglogistics-inventory-management-portal.qa.thekag.com/site/TURK132?cg=-1&r=206&i=AllConsignees&sorted=false'

21-10-2025T20:25:35 - [TEST_STEP][PASSED] - try: Current window's url is: 'https://kaglogistics-inventory-management-portal.qa.thekag.com/site/TURK132?cg=-1&r=206&i=AllConsignees&sorted=false'

21-10-2025T20:25:35 - [TEST_STEP][PASSED] - comment(Checking for WebDriver disconnect for test case: $tcId): Checking for WebDriver disconnect for test case: Test Cases/FIM/UI/KGL/Admin/Sites Page/Inventories/Add Inventory

21-10-2025T20:25:35 - [MESSAGE][INFO] - Checking for WebDriver disconnect for test case: Test Cases/FIM/UI/KGL/Admin/Sites Page/Inventories/Add Inventory

21-10-2025T20:25:35 - [TEST_STEP][PASSED] - getUrl(): Current window's url is: 'https://kaglogistics-inventory-management-portal.qa.thekag.com/site/TURK132?cg=-1&r=206&i=AllConsignees&sorted=false'

21-10-2025T20:25:35 - [MESSAGE][PASSED] - Current window's url is: 'https://kaglogistics-inventory-management-portal.qa.thekag.com/site/TURK132?cg=-1&r=206&i=AllConsignees&sorted=false']]></system-out>
         <system-err><![CDATA[21-10-2025T20:24:20 - [TEST_CASE][FAILED] - Test Cases/FIM/UI/KGL/Admin/Sites Page/Inventories/Add Inventory: Test Cases/FIM/UI/KGL/Admin/Sites Page/Inventories/Add Inventory FAILED.
Reason:
com.kms.katalon.core.exception.StepFailedException: Verify element text of test object 'Object Repository/FIM/Sites Page/Inventories/Create/Inventory Created Success Message' FAILED.
	at com.kms.katalon.core.webui.keyword.internal.WebUIKeywordMain.stepFailed(WebUIKeywordMain.groovy:117)
	at com.kms.katalon.core.webui.keyword.internal.WebUIKeywordMain.runKeyword(WebUIKeywordMain.groovy:43)
	at com.kms.katalon.core.webui.keyword.builtin.VerifyElementTextKeyword.verifyElementText(VerifyElementTextKeyword.groovy:72)
	at com.kms.katalon.core.webui.keyword.builtin.VerifyElementTextKeyword.execute(VerifyElementTextKeyword.groovy:40)
	at com.kms.katalon.core.keyword.internal.KeywordExecutor.executeKeywordForPlatform(KeywordExecutor.groovy:74)
	at com.kms.katalon.core.webui.keyword.WebUiBuiltInKeywords.verifyElementText(WebUiBuiltInKeywords.groovy:4835)
	at com.kms.katalon.core.webui.keyword.WebUiBuiltInKeywords$verifyElementText$11.call(Unknown Source)
	at Add Inventory.run(Add Inventory:83)
	at com.kms.katalon.core.main.ScriptEngine.run(ScriptEngine.java:194)
	at com.kms.katalon.core.main.ScriptEngine.runScriptAsRawText(ScriptEngine.java:119)
	at com.kms.katalon.core.main.TestCaseExecutor.runScript(TestCaseExecutor.java:448)
	at com.kms.katalon.core.main.TestCaseExecutor.doExecute(TestCaseExecutor.java:439)
	at com.kms.katalon.core.main.TestCaseExecutor.processExecutionPhase(TestCaseExecutor.java:418)
	at com.kms.katalon.core.main.TestCaseExecutor.accessMainPhase(TestCaseExecutor.java:410)
	at com.kms.katalon.core.main.TestCaseExecutor.execute(TestCaseExecutor.java:285)
	at com.kms.katalon.core.common.CommonExecutor.accessTestCaseMainPhase(CommonExecutor.java:65)
	at com.kms.katalon.core.main.TestSuiteExecutor.accessTestSuiteMainPhase(TestSuiteExecutor.java:150)
	at com.kms.katalon.core.main.TestSuiteExecutor.execute(TestSuiteExecutor.java:106)
	at com.kms.katalon.core.main.TestCaseMain.startTestSuite(TestCaseMain.java:180)
	at com.kms.katalon.core.main.TestCaseMain$startTestSuite$0.call(Unknown Source)
	at TempTestSuite1761090764033.run(TempTestSuite1761090764033.groovy:35)
	at java.base/jdk.internal.reflect.NativeMethodAccessorImpl.invoke0(Native Method)
	at java.base/jdk.internal.reflect.NativeMethodAccessorImpl.invoke(NativeMethodAccessorImpl.java:77)
	at java.base/jdk.internal.reflect.DelegatingMethodAccessorImpl.invoke(DelegatingMethodAccessorImpl.java:43)
Caused by: com.kms.katalon.core.exception.StepFailedException: Actual text '' and expected text 'Inventory created successfully' of test object 'Object Repository/FIM/Sites Page/Inventories/Create/Inventory Created Success Message' are NOT matched.
	at com.kms.katalon.core.webui.keyword.internal.WebUIKeywordMain.stepFailed(WebUIKeywordMain.groovy:117)
	at com.kms.katalon.core.webui.keyword.builtin.VerifyElementTextKeyword$_verifyElementText_closure1.doCall(VerifyElementTextKeyword.groovy:57)
	at com.kms.katalon.core.webui.keyword.builtin.VerifyElementTextKeyword$_verifyElementText_closure1.call(VerifyElementTextKeyword.groovy)
	at com.kms.katalon.core.webui.keyword.internal.WebUIKeywordMain.runKeyword(WebUIKeywordMain.groovy:35)
	... 22 more]]></system-err>
      </testcase>
      <testcase name="Test Cases/FIM/UI/KGL/Admin/Sites Page/Inventories/Can Not Create Inventory Over Physical Size" time="51.911" classname="Test Cases/FIM/UI/KGL/Admin/Sites Page/Inventories/Can Not Create Inventory Over Physical Size" status="PASSED">
         <system-out><![CDATA[21-10-2025T20:25:35 - [TEST_CASE][PASSED] - Test Cases/FIM/UI/KGL/Admin/Sites Page/Inventories/Can Not Create Inventory Over Physical Size: Test Cases/FIM/UI/KGL/Admin/Sites Page/Inventories/Can Not Create Inventory Over Physical Size

21-10-2025T20:25:35 - [TEST_STEP][PASSED] - Start listener action : beforeTestCase: null

21-10-2025T20:25:35 - [TEST_STEP][PASSED] - addDefaultPackages(): null

21-10-2025T20:25:35 - [TEST_STEP][PASSED] - callTestCase(findTestCase("Utility Scripts/FIM KGL Admin Login"), [:], STOP_ON_FAILURE): Call Test Case 'Test Cases/Utility Scripts/FIM KGL Admin Login' successfully

21-10-2025T20:25:35 - [TEST_CASE][PASSED] - Test Cases/Utility Scripts/FIM KGL Admin Login: Test Cases/Utility Scripts/FIM KGL Admin Login

21-10-2025T20:25:35 - [TEST_STEP][PASSED] - openBrowser(""): Browser is opened with url: ''

21-10-2025T20:25:35 - [MESSAGE][WARNING] - A browser is already opened. Closing browser and opening a new one

21-10-2025T20:25:36 - [MESSAGE][INFO] - Starting 'Chrome' driver

21-10-2025T20:25:36 - [MESSAGE][INFO] - User set preference: ['args', '[--no-sandbox, --disable-gpu, --disable-dev-shm-usage]']

21-10-2025T20:25:36 - [MESSAGE][INFO] - Action delay is set to 0 milliseconds

21-10-2025T20:25:36 - [MESSAGE][PASSED] - Browser is opened with url: ''

21-10-2025T20:25:36 - [TEST_STEP][PASSED] - delay(1): Delayed 1 second(s)

21-10-2025T20:25:37 - [MESSAGE][PASSED] - Delayed 1 second(s)

21-10-2025T20:25:37 - [TEST_STEP][PASSED] - navigateToUrl(KGLCustomGroupUrl): Navigate to 'https://kaglogistics-inventory-management-portal.qa.thekag.com/custom-group/' successfully

21-10-2025T20:25:38 - [MESSAGE][PASSED] - Navigate to 'https://kaglogistics-inventory-management-portal.qa.thekag.com/custom-group/' successfully

21-10-2025T20:25:38 - [TEST_STEP][PASSED] - delay(10): Delayed 10 second(s)

21-10-2025T20:25:48 - [MESSAGE][PASSED] - Delayed 10 second(s)

21-10-2025T20:25:48 - [TEST_STEP][PASSED] - if (maximizeWindow == true): Delayed 1 second(s)

21-10-2025T20:25:48 - [TEST_STEP][PASSED] - maximizeWindow(STOP_ON_FAILURE): Current window maximized

21-10-2025T20:25:48 - [MESSAGE][PASSED] - Current window maximized

21-10-2025T20:25:48 - [TEST_STEP][PASSED] - delay(1): Delayed 1 second(s)

21-10-2025T20:25:49 - [MESSAGE][PASSED] - Delayed 1 second(s)

21-10-2025T20:25:49 - [TEST_STEP][PASSED] - waitForElementPresent(findTestObject("FIM/Username_txt"), 10): Object 'Object Repository/FIM/Username_txt' is present

21-10-2025T20:25:49 - [MESSAGE][PASSED] - Object 'Object Repository/FIM/Username_txt' is present

21-10-2025T20:25:49 - [TEST_STEP][PASSED] - setText(findTestObject("FIM/Username_txt"), FIMUsername): Text 'Chris.Sheldon+DES_QA@Thekag.com' is set on object 'Object Repository/FIM/Username_txt'

21-10-2025T20:25:49 - [MESSAGE][PASSED] - Text 'Chris.Sheldon+DES_QA@Thekag.com' is set on object 'Object Repository/FIM/Username_txt'

21-10-2025T20:25:49 - [TEST_STEP][PASSED] - delay(1): Delayed 1 second(s)

21-10-2025T20:25:50 - [MESSAGE][PASSED] - Delayed 1 second(s)

21-10-2025T20:25:50 - [TEST_STEP][PASSED] - setText(findTestObject("FIM/Password_txt"), FIMPassword): Text 'QATest!2' is set on object 'Object Repository/FIM/Password_txt'

21-10-2025T20:25:50 - [MESSAGE][PASSED] - Text 'QATest!2' is set on object 'Object Repository/FIM/Password_txt'

21-10-2025T20:25:50 - [TEST_STEP][PASSED] - delay(1): Delayed 1 second(s)

21-10-2025T20:25:51 - [MESSAGE][PASSED] - Delayed 1 second(s)

21-10-2025T20:25:51 - [TEST_STEP][PASSED] - click(findTestObject("FIM/Login_btn")): Object: 'Object Repository/FIM/Login_btn' is clicked on

21-10-2025T20:25:51 - [MESSAGE][PASSED] - Object: 'Object Repository/FIM/Login_btn' is clicked on

21-10-2025T20:25:51 - [MESSAGE][PASSED] - Call Test Case 'Test Cases/Utility Scripts/FIM KGL Admin Login' successfully

21-10-2025T20:25:51 - [TEST_STEP][PASSED] - if (verifyElementVisible(findTestObject("FIM/Server_Notification_Close_btn"), OPTIONAL) == true): Web element with id: 'Object Repository/FIM/Server_Notification_Close_btn' located by '/html/body/div/div[1]/button' not found (Root cause: com.kms.katalon.core.exception.StepFailedException: Web element with id: 'Object Repository/FIM/Server_Notification_Close_btn' located by '/html/body/div/div[1]/button' not found
	at com.kms.katalon.core.webui.keyword.internal.WebUIKeywordMain.stepFailed(WebUIKeywordMain.groovy:117)
	at com.kms.katalon.core.webui.keyword.builtin.VerifyElementVisibleKeyword$_verifyElementVisible_closure1.doCall(VerifyElementVisibleKeyword.groovy:89)
	at com.kms.katalon.core.webui.keyword.builtin.VerifyElementVisibleKeyword$_verifyElementVisible_closure1.call(VerifyElementVisibleKeyword.groovy)
	at com.kms.katalon.core.webui.keyword.internal.WebUIKeywordMain.runKeyword(WebUIKeywordMain.groovy:35)
	at com.kms.katalon.core.webui.keyword.builtin.VerifyElementVisibleKeyword.verifyElementVisible(VerifyElementVisibleKeyword.groovy:97)
	at com.kms.katalon.core.webui.keyword.builtin.VerifyElementVisibleKeyword.execute(VerifyElementVisibleKeyword.groovy:67)
	at com.kms.katalon.core.keyword.internal.KeywordExecutor.executeKeywordForPlatform(KeywordExecutor.groovy:74)
	at com.kms.katalon.core.webui.keyword.WebUiBuiltInKeywords.verifyElementVisible(WebUiBuiltInKeywords.groovy:401)
	at com.kms.katalon.core.webui.keyword.WebUiBuiltInKeywords$verifyElementVisible$5.call(Unknown Source)
	at Can Not Create Inventory Over Physical Size.run(Can Not Create Inventory Over Physical Size:22)
	at com.kms.katalon.core.main.ScriptEngine.run(ScriptEngine.java:194)
	at com.kms.katalon.core.main.ScriptEngine.runScriptAsRawText(ScriptEngine.java:119)
	at com.kms.katalon.core.main.TestCaseExecutor.runScript(TestCaseExecutor.java:448)
	at com.kms.katalon.core.main.TestCaseExecutor.doExecute(TestCaseExecutor.java:439)
	at com.kms.katalon.core.main.TestCaseExecutor.processExecutionPhase(TestCaseExecutor.java:418)
	at com.kms.katalon.core.main.TestCaseExecutor.accessMainPhase(TestCaseExecutor.java:410)
	at com.kms.katalon.core.main.TestCaseExecutor.execute(TestCaseExecutor.java:285)
	at com.kms.katalon.core.common.CommonExecutor.accessTestCaseMainPhase(CommonExecutor.java:65)
	at com.kms.katalon.core.main.TestSuiteExecutor.accessTestSuiteMainPhase(TestSuiteExecutor.java:150)
	at com.kms.katalon.core.main.TestSuiteExecutor.execute(TestSuiteExecutor.java:106)
	at com.kms.katalon.core.main.TestCaseMain.startTestSuite(TestCaseMain.java:180)
	at com.kms.katalon.core.main.TestCaseMain$startTestSuite$0.call(Unknown Source)
	at TempTestSuite1761090764033.run(TempTestSuite1761090764033.groovy:35)
	at java.base/jdk.internal.reflect.NativeMethodAccessorImpl.invoke0(Native Method)
	at java.base/jdk.internal.reflect.NativeMethodAccessorImpl.invoke(NativeMethodAccessorImpl.java:77)
	at java.base/jdk.internal.reflect.DelegatingMethodAccessorImpl.invoke(DelegatingMethodAccessorImpl.java:43)
)

21-10-2025T20:26:07 - [MESSAGE][INFO] - Unable to find the element located by 'By.xpath: /html/body/div/div[1]/button'. Please recheck the objects properties to make sure the desired element is located. 

21-10-2025T20:26:07 - [MESSAGE][WARNING] - [SELF-HEALING] Failed to find element with id 'Object Repository/FIM/Server_Notification_Close_btn'. Try using Self-healing.

21-10-2025T20:26:08 - [MESSAGE][INFO] - [SELF-HEALING] No working XPath is found.

21-10-2025T20:26:10 - [MESSAGE][INFO] - Unable to find the element located by 'By.xpath: '. Please recheck the objects properties to make sure the desired element is located. 

21-10-2025T20:26:10 - [MESSAGE][WARNING] - [SELF-HEALING] Cannot find elements when the selector is null

21-10-2025T20:26:10 - [MESSAGE][WARNING] - Web element with id: 'Object Repository/FIM/Server_Notification_Close_btn' located by '/html/body/div/div[1]/button' not found (Root cause: com.kms.katalon.core.exception.StepFailedException: Web element with id: 'Object Repository/FIM/Server_Notification_Close_btn' located by '/html/body/div/div[1]/button' not found
	at com.kms.katalon.core.webui.keyword.internal.WebUIKeywordMain.stepFailed(WebUIKeywordMain.groovy:117)
	at com.kms.katalon.core.webui.keyword.builtin.VerifyElementVisibleKeyword$_verifyElementVisible_closure1.doCall(VerifyElementVisibleKeyword.groovy:89)
	at com.kms.katalon.core.webui.keyword.builtin.VerifyElementVisibleKeyword$_verifyElementVisible_closure1.call(VerifyElementVisibleKeyword.groovy)
	at com.kms.katalon.core.webui.keyword.internal.WebUIKeywordMain.runKeyword(WebUIKeywordMain.groovy:35)
	at com.kms.katalon.core.webui.keyword.builtin.VerifyElementVisibleKeyword.verifyElementVisible(VerifyElementVisibleKeyword.groovy:97)
	at com.kms.katalon.core.webui.keyword.builtin.VerifyElementVisibleKeyword.execute(VerifyElementVisibleKeyword.groovy:67)
	at com.kms.katalon.core.keyword.internal.KeywordExecutor.executeKeywordForPlatform(KeywordExecutor.groovy:74)
	at com.kms.katalon.core.webui.keyword.WebUiBuiltInKeywords.verifyElementVisible(WebUiBuiltInKeywords.groovy:401)
	at com.kms.katalon.core.webui.keyword.WebUiBuiltInKeywords$verifyElementVisible$5.call(Unknown Source)
	at Can Not Create Inventory Over Physical Size.run(Can Not Create Inventory Over Physical Size:22)
	at com.kms.katalon.core.main.ScriptEngine.run(ScriptEngine.java:194)
	at com.kms.katalon.core.main.ScriptEngine.runScriptAsRawText(ScriptEngine.java:119)
	at com.kms.katalon.core.main.TestCaseExecutor.runScript(TestCaseExecutor.java:448)
	at com.kms.katalon.core.main.TestCaseExecutor.doExecute(TestCaseExecutor.java:439)
	at com.kms.katalon.core.main.TestCaseExecutor.processExecutionPhase(TestCaseExecutor.java:418)
	at com.kms.katalon.core.main.TestCaseExecutor.accessMainPhase(TestCaseExecutor.java:410)
	at com.kms.katalon.core.main.TestCaseExecutor.execute(TestCaseExecutor.java:285)
	at com.kms.katalon.core.common.CommonExecutor.accessTestCaseMainPhase(CommonExecutor.java:65)
	at com.kms.katalon.core.main.TestSuiteExecutor.accessTestSuiteMainPhase(TestSuiteExecutor.java:150)
	at com.kms.katalon.core.main.TestSuiteExecutor.execute(TestSuiteExecutor.java:106)
	at com.kms.katalon.core.main.TestCaseMain.startTestSuite(TestCaseMain.java:180)
	at com.kms.katalon.core.main.TestCaseMain$startTestSuite$0.call(Unknown Source)
	at TempTestSuite1761090764033.run(TempTestSuite1761090764033.groovy:35)
	at java.base/jdk.internal.reflect.NativeMethodAccessorImpl.invoke0(Native Method)
	at java.base/jdk.internal.reflect.NativeMethodAccessorImpl.invoke(NativeMethodAccessorImpl.java:77)
	at java.base/jdk.internal.reflect.DelegatingMethodAccessorImpl.invoke(DelegatingMethodAccessorImpl.java:43)
)

21-10-2025T20:26:10 - [TEST_STEP][PASSED] - delay(1): Delayed 1 second(s)

21-10-2025T20:26:11 - [MESSAGE][PASSED] - Delayed 1 second(s)

21-10-2025T20:26:11 - [TEST_STEP][PASSED] - click(findTestObject("FIM/Hamburger Menu List/Hamburger_menu")): Object: 'Object Repository/FIM/Hamburger Menu List/Hamburger_menu' is clicked on

21-10-2025T20:26:11 - [MESSAGE][PASSED] - Object: 'Object Repository/FIM/Hamburger Menu List/Hamburger_menu' is clicked on

21-10-2025T20:26:11 - [TEST_STEP][PASSED] - verifyElementPresent(findTestObject("FIM/Hamburger Menu List/Sites_list (1)"), 10): Object 'Object Repository/FIM/Hamburger Menu List/Sites_list (1)' is present

21-10-2025T20:26:11 - [MESSAGE][PASSED] - Object 'Object Repository/FIM/Hamburger Menu List/Sites_list (1)' is present

21-10-2025T20:26:11 - [TEST_STEP][PASSED] - delay(1): Delayed 1 second(s)

21-10-2025T20:26:12 - [MESSAGE][PASSED] - Delayed 1 second(s)

21-10-2025T20:26:12 - [TEST_STEP][PASSED] - click(findTestObject("FIM/Hamburger Menu List/Sites_list (1)")): Object: 'Object Repository/FIM/Hamburger Menu List/Sites_list (1)' is clicked on

21-10-2025T20:26:12 - [MESSAGE][PASSED] - Object: 'Object Repository/FIM/Hamburger Menu List/Sites_list (1)' is clicked on

21-10-2025T20:26:12 - [TEST_STEP][PASSED] - waitForElementPresent(findTestObject("FIM/Sites Page/Calculator/Calculator Tab"), 10): Object 'Object Repository/FIM/Sites Page/Calculator/Calculator Tab' is present

21-10-2025T20:26:13 - [MESSAGE][PASSED] - Object 'Object Repository/FIM/Sites Page/Calculator/Calculator Tab' is present

21-10-2025T20:26:13 - [TEST_STEP][PASSED] - delay(1): Delayed 1 second(s)

21-10-2025T20:26:14 - [MESSAGE][PASSED] - Delayed 1 second(s)

21-10-2025T20:26:14 - [TEST_STEP][PASSED] - selectOptionByLabel(findTestObject("FIM/Sites Page/Site Filtering/Region Selection_dropdown"), "KAG LOGISTICS", false): All options with label 'KAG LOGISTICS' are selected in object 'Object Repository/FIM/Sites Page/Site Filtering/Region Selection_dropdown' 

21-10-2025T20:26:14 - [MESSAGE][PASSED] - All options with label 'KAG LOGISTICS' are selected in object 'Object Repository/FIM/Sites Page/Site Filtering/Region Selection_dropdown' 

21-10-2025T20:26:14 - [TEST_STEP][PASSED] - i = 0: null

21-10-2025T20:26:14 - [TEST_STEP][PASSED] - while (i < 60 == true): null

21-10-2025T20:26:14 - [TEST_STEP][PASSED] - sendKeys(findTestObject("FIM/Sites Page/Site Filtering/Site_txt"), Keys.chord(BACK_SPACE), STOP_ON_FAILURE): Keys 'BACK_SPACE + ' sent to object: 'Object Repository/FIM/Sites Page/Site Filtering/Site_txt'

21-10-2025T20:26:15 - [MESSAGE][PASSED] - Keys 'BACK_SPACE + ' sent to object: 'Object Repository/FIM/Sites Page/Site Filtering/Site_txt'

21-10-2025T20:26:15 - [TEST_STEP][PASSED] - (i++): null

21-10-2025T20:26:15 - [TEST_STEP][PASSED] - sendKeys(findTestObject("FIM/Sites Page/Site Filtering/Site_txt"), Keys.chord(BACK_SPACE), STOP_ON_FAILURE): Keys 'BACK_SPACE + ' sent to object: 'Object Repository/FIM/Sites Page/Site Filtering/Site_txt'

21-10-2025T20:26:15 - [MESSAGE][PASSED] - Keys 'BACK_SPACE + ' sent to object: 'Object Repository/FIM/Sites Page/Site Filtering/Site_txt'

21-10-2025T20:26:15 - [TEST_STEP][PASSED] - (i++): null

21-10-2025T20:26:15 - [TEST_STEP][PASSED] - sendKeys(findTestObject("FIM/Sites Page/Site Filtering/Site_txt"), Keys.chord(BACK_SPACE), STOP_ON_FAILURE): Keys 'BACK_SPACE + ' sent to object: 'Object Repository/FIM/Sites Page/Site Filtering/Site_txt'

21-10-2025T20:26:15 - [MESSAGE][PASSED] - Keys 'BACK_SPACE + ' sent to object: 'Object Repository/FIM/Sites Page/Site Filtering/Site_txt'

21-10-2025T20:26:15 - [TEST_STEP][PASSED] - (i++): null

21-10-2025T20:26:15 - [TEST_STEP][PASSED] - sendKeys(findTestObject("FIM/Sites Page/Site Filtering/Site_txt"), Keys.chord(BACK_SPACE), STOP_ON_FAILURE): Keys 'BACK_SPACE + ' sent to object: 'Object Repository/FIM/Sites Page/Site Filtering/Site_txt'

21-10-2025T20:26:15 - [MESSAGE][PASSED] - Keys 'BACK_SPACE + ' sent to object: 'Object Repository/FIM/Sites Page/Site Filtering/Site_txt'

21-10-2025T20:26:15 - [TEST_STEP][PASSED] - (i++): null

21-10-2025T20:26:15 - [TEST_STEP][PASSED] - sendKeys(findTestObject("FIM/Sites Page/Site Filtering/Site_txt"), Keys.chord(BACK_SPACE), STOP_ON_FAILURE): Keys 'BACK_SPACE + ' sent to object: 'Object Repository/FIM/Sites Page/Site Filtering/Site_txt'

21-10-2025T20:26:16 - [MESSAGE][PASSED] - Keys 'BACK_SPACE + ' sent to object: 'Object Repository/FIM/Sites Page/Site Filtering/Site_txt'

21-10-2025T20:26:16 - [TEST_STEP][PASSED] - (i++): null

21-10-2025T20:26:16 - [TEST_STEP][PASSED] - sendKeys(findTestObject("FIM/Sites Page/Site Filtering/Site_txt"), Keys.chord(BACK_SPACE), STOP_ON_FAILURE): Keys 'BACK_SPACE + ' sent to object: 'Object Repository/FIM/Sites Page/Site Filtering/Site_txt'

21-10-2025T20:26:16 - [MESSAGE][PASSED] - Keys 'BACK_SPACE + ' sent to object: 'Object Repository/FIM/Sites Page/Site Filtering/Site_txt'

21-10-2025T20:26:16 - [TEST_STEP][PASSED] - (i++): null

21-10-2025T20:26:16 - [TEST_STEP][PASSED] - sendKeys(findTestObject("FIM/Sites Page/Site Filtering/Site_txt"), Keys.chord(BACK_SPACE), STOP_ON_FAILURE): Keys 'BACK_SPACE + ' sent to object: 'Object Repository/FIM/Sites Page/Site Filtering/Site_txt'

21-10-2025T20:26:16 - [MESSAGE][PASSED] - Keys 'BACK_SPACE + ' sent to object: 'Object Repository/FIM/Sites Page/Site Filtering/Site_txt'

21-10-2025T20:26:16 - [TEST_STEP][PASSED] - (i++): null

21-10-2025T20:26:16 - [TEST_STEP][PASSED] - sendKeys(findTestObject("FIM/Sites Page/Site Filtering/Site_txt"), Keys.chord(BACK_SPACE), STOP_ON_FAILURE): Keys 'BACK_SPACE + ' sent to object: 'Object Repository/FIM/Sites Page/Site Filtering/Site_txt'

21-10-2025T20:26:16 - [MESSAGE][PASSED] - Keys 'BACK_SPACE + ' sent to object: 'Object Repository/FIM/Sites Page/Site Filtering/Site_txt'

21-10-2025T20:26:16 - [TEST_STEP][PASSED] - (i++): null

21-10-2025T20:26:16 - [TEST_STEP][PASSED] - sendKeys(findTestObject("FIM/Sites Page/Site Filtering/Site_txt"), Keys.chord(BACK_SPACE), STOP_ON_FAILURE): Keys 'BACK_SPACE + ' sent to object: 'Object Repository/FIM/Sites Page/Site Filtering/Site_txt'

21-10-2025T20:26:16 - [MESSAGE][PASSED] - Keys 'BACK_SPACE + ' sent to object: 'Object Repository/FIM/Sites Page/Site Filtering/Site_txt'

21-10-2025T20:26:16 - [TEST_STEP][PASSED] - (i++): null

21-10-2025T20:26:16 - [TEST_STEP][PASSED] - sendKeys(findTestObject("FIM/Sites Page/Site Filtering/Site_txt"), Keys.chord(BACK_SPACE), STOP_ON_FAILURE): Keys 'BACK_SPACE + ' sent to object: 'Object Repository/FIM/Sites Page/Site Filtering/Site_txt'

21-10-2025T20:26:16 - [MESSAGE][PASSED] - Keys 'BACK_SPACE + ' sent to object: 'Object Repository/FIM/Sites Page/Site Filtering/Site_txt'

21-10-2025T20:26:16 - [TEST_STEP][PASSED] - (i++): null

21-10-2025T20:26:16 - [TEST_STEP][PASSED] - sendKeys(findTestObject("FIM/Sites Page/Site Filtering/Site_txt"), Keys.chord(BACK_SPACE), STOP_ON_FAILURE): Keys 'BACK_SPACE + ' sent to object: 'Object Repository/FIM/Sites Page/Site Filtering/Site_txt'

21-10-2025T20:26:16 - [MESSAGE][PASSED] - Keys 'BACK_SPACE + ' sent to object: 'Object Repository/FIM/Sites Page/Site Filtering/Site_txt'

21-10-2025T20:26:16 - [TEST_STEP][PASSED] - (i++): null

21-10-2025T20:26:16 - [TEST_STEP][PASSED] - sendKeys(findTestObject("FIM/Sites Page/Site Filtering/Site_txt"), Keys.chord(BACK_SPACE), STOP_ON_FAILURE): Keys 'BACK_SPACE + ' sent to object: 'Object Repository/FIM/Sites Page/Site Filtering/Site_txt'

21-10-2025T20:26:16 - [MESSAGE][PASSED] - Keys 'BACK_SPACE + ' sent to object: 'Object Repository/FIM/Sites Page/Site Filtering/Site_txt'

21-10-2025T20:26:16 - [TEST_STEP][PASSED] - (i++): null

21-10-2025T20:26:16 - [TEST_STEP][PASSED] - sendKeys(findTestObject("FIM/Sites Page/Site Filtering/Site_txt"), Keys.chord(BACK_SPACE), STOP_ON_FAILURE): Keys 'BACK_SPACE + ' sent to object: 'Object Repository/FIM/Sites Page/Site Filtering/Site_txt'

21-10-2025T20:26:16 - [MESSAGE][PASSED] - Keys 'BACK_SPACE + ' sent to object: 'Object Repository/FIM/Sites Page/Site Filtering/Site_txt'

21-10-2025T20:26:16 - [TEST_STEP][PASSED] - (i++): null

21-10-2025T20:26:16 - [TEST_STEP][PASSED] - sendKeys(findTestObject("FIM/Sites Page/Site Filtering/Site_txt"), Keys.chord(BACK_SPACE), STOP_ON_FAILURE): Keys 'BACK_SPACE + ' sent to object: 'Object Repository/FIM/Sites Page/Site Filtering/Site_txt'

21-10-2025T20:26:16 - [MESSAGE][PASSED] - Keys 'BACK_SPACE + ' sent to object: 'Object Repository/FIM/Sites Page/Site Filtering/Site_txt'

21-10-2025T20:26:16 - [TEST_STEP][PASSED] - (i++): null

21-10-2025T20:26:16 - [TEST_STEP][PASSED] - sendKeys(findTestObject("FIM/Sites Page/Site Filtering/Site_txt"), Keys.chord(BACK_SPACE), STOP_ON_FAILURE): Keys 'BACK_SPACE + ' sent to object: 'Object Repository/FIM/Sites Page/Site Filtering/Site_txt'

21-10-2025T20:26:16 - [MESSAGE][PASSED] - Keys 'BACK_SPACE + ' sent to object: 'Object Repository/FIM/Sites Page/Site Filtering/Site_txt'

21-10-2025T20:26:16 - [TEST_STEP][PASSED] - (i++): null

21-10-2025T20:26:16 - [TEST_STEP][PASSED] - sendKeys(findTestObject("FIM/Sites Page/Site Filtering/Site_txt"), Keys.chord(BACK_SPACE), STOP_ON_FAILURE): Keys 'BACK_SPACE + ' sent to object: 'Object Repository/FIM/Sites Page/Site Filtering/Site_txt'

21-10-2025T20:26:16 - [MESSAGE][PASSED] - Keys 'BACK_SPACE + ' sent to object: 'Object Repository/FIM/Sites Page/Site Filtering/Site_txt'

21-10-2025T20:26:16 - [TEST_STEP][PASSED] - (i++): null

21-10-2025T20:26:16 - [TEST_STEP][PASSED] - sendKeys(findTestObject("FIM/Sites Page/Site Filtering/Site_txt"), Keys.chord(BACK_SPACE), STOP_ON_FAILURE): Keys 'BACK_SPACE + ' sent to object: 'Object Repository/FIM/Sites Page/Site Filtering/Site_txt'

21-10-2025T20:26:16 - [MESSAGE][PASSED] - Keys 'BACK_SPACE + ' sent to object: 'Object Repository/FIM/Sites Page/Site Filtering/Site_txt'

21-10-2025T20:26:16 - [TEST_STEP][PASSED] - (i++): null

21-10-2025T20:26:16 - [TEST_STEP][PASSED] - sendKeys(findTestObject("FIM/Sites Page/Site Filtering/Site_txt"), Keys.chord(BACK_SPACE), STOP_ON_FAILURE): Keys 'BACK_SPACE + ' sent to object: 'Object Repository/FIM/Sites Page/Site Filtering/Site_txt'

21-10-2025T20:26:16 - [MESSAGE][PASSED] - Keys 'BACK_SPACE + ' sent to object: 'Object Repository/FIM/Sites Page/Site Filtering/Site_txt'

21-10-2025T20:26:16 - [TEST_STEP][PASSED] - (i++): null

21-10-2025T20:26:16 - [TEST_STEP][PASSED] - sendKeys(findTestObject("FIM/Sites Page/Site Filtering/Site_txt"), Keys.chord(BACK_SPACE), STOP_ON_FAILURE): Keys 'BACK_SPACE + ' sent to object: 'Object Repository/FIM/Sites Page/Site Filtering/Site_txt'

21-10-2025T20:26:16 - [MESSAGE][PASSED] - Keys 'BACK_SPACE + ' sent to object: 'Object Repository/FIM/Sites Page/Site Filtering/Site_txt'

21-10-2025T20:26:16 - [TEST_STEP][PASSED] - (i++): null

21-10-2025T20:26:16 - [TEST_STEP][PASSED] - sendKeys(findTestObject("FIM/Sites Page/Site Filtering/Site_txt"), Keys.chord(BACK_SPACE), STOP_ON_FAILURE): Keys 'BACK_SPACE + ' sent to object: 'Object Repository/FIM/Sites Page/Site Filtering/Site_txt'

21-10-2025T20:26:16 - [MESSAGE][PASSED] - Keys 'BACK_SPACE + ' sent to object: 'Object Repository/FIM/Sites Page/Site Filtering/Site_txt'

21-10-2025T20:26:16 - [TEST_STEP][PASSED] - (i++): null

21-10-2025T20:26:16 - [TEST_STEP][PASSED] - sendKeys(findTestObject("FIM/Sites Page/Site Filtering/Site_txt"), Keys.chord(BACK_SPACE), STOP_ON_FAILURE): Keys 'BACK_SPACE + ' sent to object: 'Object Repository/FIM/Sites Page/Site Filtering/Site_txt'

21-10-2025T20:26:16 - [MESSAGE][PASSED] - Keys 'BACK_SPACE + ' sent to object: 'Object Repository/FIM/Sites Page/Site Filtering/Site_txt'

21-10-2025T20:26:16 - [TEST_STEP][PASSED] - (i++): null

21-10-2025T20:26:16 - [TEST_STEP][PASSED] - sendKeys(findTestObject("FIM/Sites Page/Site Filtering/Site_txt"), Keys.chord(BACK_SPACE), STOP_ON_FAILURE): Keys 'BACK_SPACE + ' sent to object: 'Object Repository/FIM/Sites Page/Site Filtering/Site_txt'

21-10-2025T20:26:17 - [MESSAGE][PASSED] - Keys 'BACK_SPACE + ' sent to object: 'Object Repository/FIM/Sites Page/Site Filtering/Site_txt'

21-10-2025T20:26:17 - [TEST_STEP][PASSED] - (i++): null

21-10-2025T20:26:17 - [TEST_STEP][PASSED] - sendKeys(findTestObject("FIM/Sites Page/Site Filtering/Site_txt"), Keys.chord(BACK_SPACE), STOP_ON_FAILURE): Keys 'BACK_SPACE + ' sent to object: 'Object Repository/FIM/Sites Page/Site Filtering/Site_txt'

21-10-2025T20:26:17 - [MESSAGE][PASSED] - Keys 'BACK_SPACE + ' sent to object: 'Object Repository/FIM/Sites Page/Site Filtering/Site_txt'

21-10-2025T20:26:17 - [TEST_STEP][PASSED] - (i++): null

21-10-2025T20:26:17 - [TEST_STEP][PASSED] - sendKeys(findTestObject("FIM/Sites Page/Site Filtering/Site_txt"), Keys.chord(BACK_SPACE), STOP_ON_FAILURE): Keys 'BACK_SPACE + ' sent to object: 'Object Repository/FIM/Sites Page/Site Filtering/Site_txt'

21-10-2025T20:26:17 - [MESSAGE][PASSED] - Keys 'BACK_SPACE + ' sent to object: 'Object Repository/FIM/Sites Page/Site Filtering/Site_txt'

21-10-2025T20:26:17 - [TEST_STEP][PASSED] - (i++): null

21-10-2025T20:26:17 - [TEST_STEP][PASSED] - sendKeys(findTestObject("FIM/Sites Page/Site Filtering/Site_txt"), Keys.chord(BACK_SPACE), STOP_ON_FAILURE): Keys 'BACK_SPACE + ' sent to object: 'Object Repository/FIM/Sites Page/Site Filtering/Site_txt'

21-10-2025T20:26:17 - [MESSAGE][PASSED] - Keys 'BACK_SPACE + ' sent to object: 'Object Repository/FIM/Sites Page/Site Filtering/Site_txt'

21-10-2025T20:26:17 - [TEST_STEP][PASSED] - (i++): null

21-10-2025T20:26:17 - [TEST_STEP][PASSED] - sendKeys(findTestObject("FIM/Sites Page/Site Filtering/Site_txt"), Keys.chord(BACK_SPACE), STOP_ON_FAILURE): Keys 'BACK_SPACE + ' sent to object: 'Object Repository/FIM/Sites Page/Site Filtering/Site_txt'

21-10-2025T20:26:17 - [MESSAGE][PASSED] - Keys 'BACK_SPACE + ' sent to object: 'Object Repository/FIM/Sites Page/Site Filtering/Site_txt'

21-10-2025T20:26:17 - [TEST_STEP][PASSED] - (i++): null

21-10-2025T20:26:17 - [TEST_STEP][PASSED] - sendKeys(findTestObject("FIM/Sites Page/Site Filtering/Site_txt"), Keys.chord(BACK_SPACE), STOP_ON_FAILURE): Keys 'BACK_SPACE + ' sent to object: 'Object Repository/FIM/Sites Page/Site Filtering/Site_txt'

21-10-2025T20:26:17 - [MESSAGE][PASSED] - Keys 'BACK_SPACE + ' sent to object: 'Object Repository/FIM/Sites Page/Site Filtering/Site_txt'

21-10-2025T20:26:17 - [TEST_STEP][PASSED] - (i++): null

21-10-2025T20:26:17 - [TEST_STEP][PASSED] - sendKeys(findTestObject("FIM/Sites Page/Site Filtering/Site_txt"), Keys.chord(BACK_SPACE), STOP_ON_FAILURE): Keys 'BACK_SPACE + ' sent to object: 'Object Repository/FIM/Sites Page/Site Filtering/Site_txt'

21-10-2025T20:26:17 - [MESSAGE][PASSED] - Keys 'BACK_SPACE + ' sent to object: 'Object Repository/FIM/Sites Page/Site Filtering/Site_txt'

21-10-2025T20:26:17 - [TEST_STEP][PASSED] - (i++): null

21-10-2025T20:26:17 - [TEST_STEP][PASSED] - sendKeys(findTestObject("FIM/Sites Page/Site Filtering/Site_txt"), Keys.chord(BACK_SPACE), STOP_ON_FAILURE): Keys 'BACK_SPACE + ' sent to object: 'Object Repository/FIM/Sites Page/Site Filtering/Site_txt'

21-10-2025T20:26:17 - [MESSAGE][PASSED] - Keys 'BACK_SPACE + ' sent to object: 'Object Repository/FIM/Sites Page/Site Filtering/Site_txt'

21-10-2025T20:26:17 - [TEST_STEP][PASSED] - (i++): null

21-10-2025T20:26:17 - [TEST_STEP][PASSED] - sendKeys(findTestObject("FIM/Sites Page/Site Filtering/Site_txt"), Keys.chord(BACK_SPACE), STOP_ON_FAILURE): Keys 'BACK_SPACE + ' sent to object: 'Object Repository/FIM/Sites Page/Site Filtering/Site_txt'

21-10-2025T20:26:17 - [MESSAGE][PASSED] - Keys 'BACK_SPACE + ' sent to object: 'Object Repository/FIM/Sites Page/Site Filtering/Site_txt'

21-10-2025T20:26:17 - [TEST_STEP][PASSED] - (i++): null

21-10-2025T20:26:17 - [TEST_STEP][PASSED] - sendKeys(findTestObject("FIM/Sites Page/Site Filtering/Site_txt"), Keys.chord(BACK_SPACE), STOP_ON_FAILURE): Keys 'BACK_SPACE + ' sent to object: 'Object Repository/FIM/Sites Page/Site Filtering/Site_txt'

21-10-2025T20:26:17 - [MESSAGE][PASSED] - Keys 'BACK_SPACE + ' sent to object: 'Object Repository/FIM/Sites Page/Site Filtering/Site_txt'

21-10-2025T20:26:17 - [TEST_STEP][PASSED] - (i++): null

21-10-2025T20:26:17 - [TEST_STEP][PASSED] - sendKeys(findTestObject("FIM/Sites Page/Site Filtering/Site_txt"), Keys.chord(BACK_SPACE), STOP_ON_FAILURE): Keys 'BACK_SPACE + ' sent to object: 'Object Repository/FIM/Sites Page/Site Filtering/Site_txt'

21-10-2025T20:26:17 - [MESSAGE][PASSED] - Keys 'BACK_SPACE + ' sent to object: 'Object Repository/FIM/Sites Page/Site Filtering/Site_txt'

21-10-2025T20:26:17 - [TEST_STEP][PASSED] - (i++): null

21-10-2025T20:26:17 - [TEST_STEP][PASSED] - sendKeys(findTestObject("FIM/Sites Page/Site Filtering/Site_txt"), Keys.chord(BACK_SPACE), STOP_ON_FAILURE): Keys 'BACK_SPACE + ' sent to object: 'Object Repository/FIM/Sites Page/Site Filtering/Site_txt'

21-10-2025T20:26:17 - [MESSAGE][PASSED] - Keys 'BACK_SPACE + ' sent to object: 'Object Repository/FIM/Sites Page/Site Filtering/Site_txt'

21-10-2025T20:26:17 - [TEST_STEP][PASSED] - (i++): null

21-10-2025T20:26:17 - [TEST_STEP][PASSED] - sendKeys(findTestObject("FIM/Sites Page/Site Filtering/Site_txt"), Keys.chord(BACK_SPACE), STOP_ON_FAILURE): Keys 'BACK_SPACE + ' sent to object: 'Object Repository/FIM/Sites Page/Site Filtering/Site_txt'

21-10-2025T20:26:17 - [MESSAGE][PASSED] - Keys 'BACK_SPACE + ' sent to object: 'Object Repository/FIM/Sites Page/Site Filtering/Site_txt'

21-10-2025T20:26:17 - [TEST_STEP][PASSED] - (i++): null

21-10-2025T20:26:17 - [TEST_STEP][PASSED] - sendKeys(findTestObject("FIM/Sites Page/Site Filtering/Site_txt"), Keys.chord(BACK_SPACE), STOP_ON_FAILURE): Keys 'BACK_SPACE + ' sent to object: 'Object Repository/FIM/Sites Page/Site Filtering/Site_txt'

21-10-2025T20:26:17 - [MESSAGE][PASSED] - Keys 'BACK_SPACE + ' sent to object: 'Object Repository/FIM/Sites Page/Site Filtering/Site_txt'

21-10-2025T20:26:17 - [TEST_STEP][PASSED] - (i++): null

21-10-2025T20:26:17 - [TEST_STEP][PASSED] - sendKeys(findTestObject("FIM/Sites Page/Site Filtering/Site_txt"), Keys.chord(BACK_SPACE), STOP_ON_FAILURE): Keys 'BACK_SPACE + ' sent to object: 'Object Repository/FIM/Sites Page/Site Filtering/Site_txt'

21-10-2025T20:26:17 - [MESSAGE][PASSED] - Keys 'BACK_SPACE + ' sent to object: 'Object Repository/FIM/Sites Page/Site Filtering/Site_txt'

21-10-2025T20:26:17 - [TEST_STEP][PASSED] - (i++): null

21-10-2025T20:26:17 - [TEST_STEP][PASSED] - sendKeys(findTestObject("FIM/Sites Page/Site Filtering/Site_txt"), Keys.chord(BACK_SPACE), STOP_ON_FAILURE): Keys 'BACK_SPACE + ' sent to object: 'Object Repository/FIM/Sites Page/Site Filtering/Site_txt'

21-10-2025T20:26:17 - [MESSAGE][PASSED] - Keys 'BACK_SPACE + ' sent to object: 'Object Repository/FIM/Sites Page/Site Filtering/Site_txt'

21-10-2025T20:26:17 - [TEST_STEP][PASSED] - (i++): null

21-10-2025T20:26:17 - [TEST_STEP][PASSED] - sendKeys(findTestObject("FIM/Sites Page/Site Filtering/Site_txt"), Keys.chord(BACK_SPACE), STOP_ON_FAILURE): Keys 'BACK_SPACE + ' sent to object: 'Object Repository/FIM/Sites Page/Site Filtering/Site_txt'

21-10-2025T20:26:18 - [MESSAGE][PASSED] - Keys 'BACK_SPACE + ' sent to object: 'Object Repository/FIM/Sites Page/Site Filtering/Site_txt'

21-10-2025T20:26:18 - [TEST_STEP][PASSED] - (i++): null

21-10-2025T20:26:18 - [TEST_STEP][PASSED] - sendKeys(findTestObject("FIM/Sites Page/Site Filtering/Site_txt"), Keys.chord(BACK_SPACE), STOP_ON_FAILURE): Keys 'BACK_SPACE + ' sent to object: 'Object Repository/FIM/Sites Page/Site Filtering/Site_txt'

21-10-2025T20:26:18 - [MESSAGE][PASSED] - Keys 'BACK_SPACE + ' sent to object: 'Object Repository/FIM/Sites Page/Site Filtering/Site_txt'

21-10-2025T20:26:18 - [TEST_STEP][PASSED] - (i++): null

21-10-2025T20:26:18 - [TEST_STEP][PASSED] - sendKeys(findTestObject("FIM/Sites Page/Site Filtering/Site_txt"), Keys.chord(BACK_SPACE), STOP_ON_FAILURE): Keys 'BACK_SPACE + ' sent to object: 'Object Repository/FIM/Sites Page/Site Filtering/Site_txt'

21-10-2025T20:26:18 - [MESSAGE][PASSED] - Keys 'BACK_SPACE + ' sent to object: 'Object Repository/FIM/Sites Page/Site Filtering/Site_txt'

21-10-2025T20:26:18 - [TEST_STEP][PASSED] - (i++): null

21-10-2025T20:26:18 - [TEST_STEP][PASSED] - sendKeys(findTestObject("FIM/Sites Page/Site Filtering/Site_txt"), Keys.chord(BACK_SPACE), STOP_ON_FAILURE): Keys 'BACK_SPACE + ' sent to object: 'Object Repository/FIM/Sites Page/Site Filtering/Site_txt'

21-10-2025T20:26:18 - [MESSAGE][PASSED] - Keys 'BACK_SPACE + ' sent to object: 'Object Repository/FIM/Sites Page/Site Filtering/Site_txt'

21-10-2025T20:26:18 - [TEST_STEP][PASSED] - (i++): null

21-10-2025T20:26:18 - [TEST_STEP][PASSED] - sendKeys(findTestObject("FIM/Sites Page/Site Filtering/Site_txt"), Keys.chord(BACK_SPACE), STOP_ON_FAILURE): Keys 'BACK_SPACE + ' sent to object: 'Object Repository/FIM/Sites Page/Site Filtering/Site_txt'

21-10-2025T20:26:18 - [MESSAGE][PASSED] - Keys 'BACK_SPACE + ' sent to object: 'Object Repository/FIM/Sites Page/Site Filtering/Site_txt'

21-10-2025T20:26:18 - [TEST_STEP][PASSED] - (i++): null

21-10-2025T20:26:18 - [TEST_STEP][PASSED] - sendKeys(findTestObject("FIM/Sites Page/Site Filtering/Site_txt"), Keys.chord(BACK_SPACE), STOP_ON_FAILURE): Keys 'BACK_SPACE + ' sent to object: 'Object Repository/FIM/Sites Page/Site Filtering/Site_txt'

21-10-2025T20:26:18 - [MESSAGE][PASSED] - Keys 'BACK_SPACE + ' sent to object: 'Object Repository/FIM/Sites Page/Site Filtering/Site_txt'

21-10-2025T20:26:18 - [TEST_STEP][PASSED] - (i++): null

21-10-2025T20:26:18 - [TEST_STEP][PASSED] - sendKeys(findTestObject("FIM/Sites Page/Site Filtering/Site_txt"), Keys.chord(BACK_SPACE), STOP_ON_FAILURE): Keys 'BACK_SPACE + ' sent to object: 'Object Repository/FIM/Sites Page/Site Filtering/Site_txt'

21-10-2025T20:26:18 - [MESSAGE][PASSED] - Keys 'BACK_SPACE + ' sent to object: 'Object Repository/FIM/Sites Page/Site Filtering/Site_txt'

21-10-2025T20:26:18 - [TEST_STEP][PASSED] - (i++): null

21-10-2025T20:26:18 - [TEST_STEP][PASSED] - sendKeys(findTestObject("FIM/Sites Page/Site Filtering/Site_txt"), Keys.chord(BACK_SPACE), STOP_ON_FAILURE): Keys 'BACK_SPACE + ' sent to object: 'Object Repository/FIM/Sites Page/Site Filtering/Site_txt'

21-10-2025T20:26:18 - [MESSAGE][PASSED] - Keys 'BACK_SPACE + ' sent to object: 'Object Repository/FIM/Sites Page/Site Filtering/Site_txt'

21-10-2025T20:26:18 - [TEST_STEP][PASSED] - (i++): null

21-10-2025T20:26:18 - [TEST_STEP][PASSED] - sendKeys(findTestObject("FIM/Sites Page/Site Filtering/Site_txt"), Keys.chord(BACK_SPACE), STOP_ON_FAILURE): Keys 'BACK_SPACE + ' sent to object: 'Object Repository/FIM/Sites Page/Site Filtering/Site_txt'

21-10-2025T20:26:18 - [MESSAGE][PASSED] - Keys 'BACK_SPACE + ' sent to object: 'Object Repository/FIM/Sites Page/Site Filtering/Site_txt'

21-10-2025T20:26:18 - [TEST_STEP][PASSED] - (i++): null

21-10-2025T20:26:18 - [TEST_STEP][PASSED] - sendKeys(findTestObject("FIM/Sites Page/Site Filtering/Site_txt"), Keys.chord(BACK_SPACE), STOP_ON_FAILURE): Keys 'BACK_SPACE + ' sent to object: 'Object Repository/FIM/Sites Page/Site Filtering/Site_txt'

21-10-2025T20:26:18 - [MESSAGE][PASSED] - Keys 'BACK_SPACE + ' sent to object: 'Object Repository/FIM/Sites Page/Site Filtering/Site_txt'

21-10-2025T20:26:18 - [TEST_STEP][PASSED] - (i++): null

21-10-2025T20:26:18 - [TEST_STEP][PASSED] - sendKeys(findTestObject("FIM/Sites Page/Site Filtering/Site_txt"), Keys.chord(BACK_SPACE), STOP_ON_FAILURE): Keys 'BACK_SPACE + ' sent to object: 'Object Repository/FIM/Sites Page/Site Filtering/Site_txt'

21-10-2025T20:26:18 - [MESSAGE][PASSED] - Keys 'BACK_SPACE + ' sent to object: 'Object Repository/FIM/Sites Page/Site Filtering/Site_txt'

21-10-2025T20:26:18 - [TEST_STEP][PASSED] - (i++): null

21-10-2025T20:26:18 - [TEST_STEP][PASSED] - sendKeys(findTestObject("FIM/Sites Page/Site Filtering/Site_txt"), Keys.chord(BACK_SPACE), STOP_ON_FAILURE): Keys 'BACK_SPACE + ' sent to object: 'Object Repository/FIM/Sites Page/Site Filtering/Site_txt'

21-10-2025T20:26:18 - [MESSAGE][PASSED] - Keys 'BACK_SPACE + ' sent to object: 'Object Repository/FIM/Sites Page/Site Filtering/Site_txt'

21-10-2025T20:26:18 - [TEST_STEP][PASSED] - (i++): null

21-10-2025T20:26:18 - [TEST_STEP][PASSED] - sendKeys(findTestObject("FIM/Sites Page/Site Filtering/Site_txt"), Keys.chord(BACK_SPACE), STOP_ON_FAILURE): Keys 'BACK_SPACE + ' sent to object: 'Object Repository/FIM/Sites Page/Site Filtering/Site_txt'

21-10-2025T20:26:18 - [MESSAGE][PASSED] - Keys 'BACK_SPACE + ' sent to object: 'Object Repository/FIM/Sites Page/Site Filtering/Site_txt'

21-10-2025T20:26:18 - [TEST_STEP][PASSED] - (i++): null

21-10-2025T20:26:18 - [TEST_STEP][PASSED] - sendKeys(findTestObject("FIM/Sites Page/Site Filtering/Site_txt"), Keys.chord(BACK_SPACE), STOP_ON_FAILURE): Keys 'BACK_SPACE + ' sent to object: 'Object Repository/FIM/Sites Page/Site Filtering/Site_txt'

21-10-2025T20:26:18 - [MESSAGE][PASSED] - Keys 'BACK_SPACE + ' sent to object: 'Object Repository/FIM/Sites Page/Site Filtering/Site_txt'

21-10-2025T20:26:18 - [TEST_STEP][PASSED] - (i++): null

21-10-2025T20:26:18 - [TEST_STEP][PASSED] - sendKeys(findTestObject("FIM/Sites Page/Site Filtering/Site_txt"), Keys.chord(BACK_SPACE), STOP_ON_FAILURE): Keys 'BACK_SPACE + ' sent to object: 'Object Repository/FIM/Sites Page/Site Filtering/Site_txt'

21-10-2025T20:26:18 - [MESSAGE][PASSED] - Keys 'BACK_SPACE + ' sent to object: 'Object Repository/FIM/Sites Page/Site Filtering/Site_txt'

21-10-2025T20:26:19 - [TEST_STEP][PASSED] - (i++): null

21-10-2025T20:26:19 - [TEST_STEP][PASSED] - sendKeys(findTestObject("FIM/Sites Page/Site Filtering/Site_txt"), Keys.chord(BACK_SPACE), STOP_ON_FAILURE): Keys 'BACK_SPACE + ' sent to object: 'Object Repository/FIM/Sites Page/Site Filtering/Site_txt'

21-10-2025T20:26:19 - [MESSAGE][PASSED] - Keys 'BACK_SPACE + ' sent to object: 'Object Repository/FIM/Sites Page/Site Filtering/Site_txt'

21-10-2025T20:26:19 - [TEST_STEP][PASSED] - (i++): null

21-10-2025T20:26:19 - [TEST_STEP][PASSED] - sendKeys(findTestObject("FIM/Sites Page/Site Filtering/Site_txt"), Keys.chord(BACK_SPACE), STOP_ON_FAILURE): Keys 'BACK_SPACE + ' sent to object: 'Object Repository/FIM/Sites Page/Site Filtering/Site_txt'

21-10-2025T20:26:19 - [MESSAGE][PASSED] - Keys 'BACK_SPACE + ' sent to object: 'Object Repository/FIM/Sites Page/Site Filtering/Site_txt'

21-10-2025T20:26:19 - [TEST_STEP][PASSED] - (i++): null

21-10-2025T20:26:19 - [TEST_STEP][PASSED] - sendKeys(findTestObject("FIM/Sites Page/Site Filtering/Site_txt"), Keys.chord(BACK_SPACE), STOP_ON_FAILURE): Keys 'BACK_SPACE + ' sent to object: 'Object Repository/FIM/Sites Page/Site Filtering/Site_txt'

21-10-2025T20:26:19 - [MESSAGE][PASSED] - Keys 'BACK_SPACE + ' sent to object: 'Object Repository/FIM/Sites Page/Site Filtering/Site_txt'

21-10-2025T20:26:19 - [TEST_STEP][PASSED] - (i++): null

21-10-2025T20:26:19 - [TEST_STEP][PASSED] - sendKeys(findTestObject("FIM/Sites Page/Site Filtering/Site_txt"), Keys.chord(BACK_SPACE), STOP_ON_FAILURE): Keys 'BACK_SPACE + ' sent to object: 'Object Repository/FIM/Sites Page/Site Filtering/Site_txt'

21-10-2025T20:26:19 - [MESSAGE][PASSED] - Keys 'BACK_SPACE + ' sent to object: 'Object Repository/FIM/Sites Page/Site Filtering/Site_txt'

21-10-2025T20:26:19 - [TEST_STEP][PASSED] - (i++): null

21-10-2025T20:26:19 - [TEST_STEP][PASSED] - sendKeys(findTestObject("FIM/Sites Page/Site Filtering/Site_txt"), Keys.chord(BACK_SPACE), STOP_ON_FAILURE): Keys 'BACK_SPACE + ' sent to object: 'Object Repository/FIM/Sites Page/Site Filtering/Site_txt'

21-10-2025T20:26:19 - [MESSAGE][PASSED] - Keys 'BACK_SPACE + ' sent to object: 'Object Repository/FIM/Sites Page/Site Filtering/Site_txt'

21-10-2025T20:26:19 - [TEST_STEP][PASSED] - (i++): null

21-10-2025T20:26:19 - [TEST_STEP][PASSED] - sendKeys(findTestObject("FIM/Sites Page/Site Filtering/Site_txt"), Keys.chord(BACK_SPACE), STOP_ON_FAILURE): Keys 'BACK_SPACE + ' sent to object: 'Object Repository/FIM/Sites Page/Site Filtering/Site_txt'

21-10-2025T20:26:19 - [MESSAGE][PASSED] - Keys 'BACK_SPACE + ' sent to object: 'Object Repository/FIM/Sites Page/Site Filtering/Site_txt'

21-10-2025T20:26:19 - [TEST_STEP][PASSED] - (i++): null

21-10-2025T20:26:19 - [TEST_STEP][PASSED] - sendKeys(findTestObject("FIM/Sites Page/Site Filtering/Site_txt"), Keys.chord(BACK_SPACE), STOP_ON_FAILURE): Keys 'BACK_SPACE + ' sent to object: 'Object Repository/FIM/Sites Page/Site Filtering/Site_txt'

21-10-2025T20:26:19 - [MESSAGE][PASSED] - Keys 'BACK_SPACE + ' sent to object: 'Object Repository/FIM/Sites Page/Site Filtering/Site_txt'

21-10-2025T20:26:19 - [TEST_STEP][PASSED] - (i++): null

21-10-2025T20:26:19 - [TEST_STEP][PASSED] - sendKeys(findTestObject("FIM/Sites Page/Site Filtering/Site_txt"), Keys.chord(BACK_SPACE), STOP_ON_FAILURE): Keys 'BACK_SPACE + ' sent to object: 'Object Repository/FIM/Sites Page/Site Filtering/Site_txt'

21-10-2025T20:26:19 - [MESSAGE][PASSED] - Keys 'BACK_SPACE + ' sent to object: 'Object Repository/FIM/Sites Page/Site Filtering/Site_txt'

21-10-2025T20:26:19 - [TEST_STEP][PASSED] - (i++): null

21-10-2025T20:26:19 - [TEST_STEP][PASSED] - sendKeys(findTestObject("FIM/Sites Page/Site Filtering/Site_txt"), "TURK132 - 798 North", STOP_ON_FAILURE): Keys 'TURK132 - 798 North' sent to object: 'Object Repository/FIM/Sites Page/Site Filtering/Site_txt'

21-10-2025T20:26:19 - [MESSAGE][PASSED] - Keys 'TURK132 - 798 North' sent to object: 'Object Repository/FIM/Sites Page/Site Filtering/Site_txt'

21-10-2025T20:26:19 - [TEST_STEP][PASSED] - sendKeys(findTestObject("FIM/Sites Page/Site Filtering/Site_txt"), Keys.chord(ENTER), STOP_ON_FAILURE): Keys 'ENTER + ' sent to object: 'Object Repository/FIM/Sites Page/Site Filtering/Site_txt'

21-10-2025T20:26:20 - [MESSAGE][PASSED] - Keys 'ENTER + ' sent to object: 'Object Repository/FIM/Sites Page/Site Filtering/Site_txt'

21-10-2025T20:26:20 - [TEST_STEP][PASSED] - delay(1): Delayed 1 second(s)

21-10-2025T20:26:21 - [MESSAGE][PASSED] - Delayed 1 second(s)

21-10-2025T20:26:21 - [TEST_STEP][PASSED] - waitForElementClickable(findTestObject("FIM/Sites Page/Inventories/Create/Add Inventories_btn"), 300): Object 'Object Repository/FIM/Sites Page/Inventories/Create/Add Inventories_btn' is clickable

21-10-2025T20:26:21 - [MESSAGE][PASSED] - Object 'Object Repository/FIM/Sites Page/Inventories/Create/Add Inventories_btn' is clickable

21-10-2025T20:26:21 - [TEST_STEP][PASSED] - click(findTestObject("FIM/Sites Page/Inventories/Create/Add Inventories_btn")): Object: 'Object Repository/FIM/Sites Page/Inventories/Create/Add Inventories_btn' is clicked on

21-10-2025T20:26:21 - [MESSAGE][PASSED] - Object: 'Object Repository/FIM/Sites Page/Inventories/Create/Add Inventories_btn' is clicked on

21-10-2025T20:26:21 - [TEST_STEP][PASSED] - delay(2): Delayed 2 second(s)

21-10-2025T20:26:23 - [MESSAGE][PASSED] - Delayed 2 second(s)

21-10-2025T20:26:23 - [TEST_STEP][PASSED] - sendKeys(findTestObject("FIM/Sites Page/Inventories/Create/Tank_1_txt"), "12200"): Keys '12200' sent to object: 'Object Repository/FIM/Sites Page/Inventories/Create/Tank_1_txt'

21-10-2025T20:26:23 - [MESSAGE][PASSED] - Keys '12200' sent to object: 'Object Repository/FIM/Sites Page/Inventories/Create/Tank_1_txt'

21-10-2025T20:26:23 - [TEST_STEP][PASSED] - delay(2): Delayed 2 second(s)

21-10-2025T20:26:25 - [MESSAGE][PASSED] - Delayed 2 second(s)

21-10-2025T20:26:25 - [TEST_STEP][PASSED] - sendKeys(findTestObject("FIM/Sites Page/Inventories/Create/Tank_2_txt"), "8500"): Keys '8500' sent to object: 'Object Repository/FIM/Sites Page/Inventories/Create/Tank_2_txt'

21-10-2025T20:26:25 - [MESSAGE][PASSED] - Keys '8500' sent to object: 'Object Repository/FIM/Sites Page/Inventories/Create/Tank_2_txt'

21-10-2025T20:26:25 - [TEST_STEP][PASSED] - delay(2): Delayed 2 second(s)

21-10-2025T20:26:27 - [MESSAGE][PASSED] - Delayed 2 second(s)

21-10-2025T20:26:27 - [TEST_STEP][PASSED] - verifyElementNotClickable(findTestObject("FIM/Sites Page/Inventories/Create/Save Inventories_btn")): Object 'Object Repository/FIM/Sites Page/Inventories/Create/Save Inventories_btn' is NOT clickable

21-10-2025T20:26:27 - [MESSAGE][PASSED] - Object 'Object Repository/FIM/Sites Page/Inventories/Create/Save Inventories_btn' is NOT clickable

21-10-2025T20:26:27 - [TEST_STEP][PASSED] - Start listener action : retryOnDisconnect: null

21-10-2025T20:26:27 - [TEST_STEP][PASSED] - tcId = testCaseContext.getTestCaseId(): null

21-10-2025T20:26:27 - [TEST_STEP][PASSED] - currentRetry = retryCounts.getOrDefault(tcId, 0): null

21-10-2025T20:26:27 - [TEST_STEP][PASSED] - if (testCaseContext.getTestCaseStatus() == "FAILED" && currentRetry < MAX_RETRIES): null]]></system-out>
         <system-err><![CDATA[]]></system-err>
      </testcase>
      <testcase name="Test Cases/FIM/UI/KGL/Admin/Sites Page/Inventories/Can Not Create Inventory with Negative Gallons" time="49.737" classname="Test Cases/FIM/UI/KGL/Admin/Sites Page/Inventories/Can Not Create Inventory with Negative Gallons" status="PASSED">
         <system-out><![CDATA[21-10-2025T20:26:27 - [TEST_CASE][PASSED] - Test Cases/FIM/UI/KGL/Admin/Sites Page/Inventories/Can Not Create Inventory with Negative Gallons: Test Cases/FIM/UI/KGL/Admin/Sites Page/Inventories/Can Not Create Inventory with Negative Gallons

21-10-2025T20:26:27 - [TEST_STEP][PASSED] - Start listener action : beforeTestCase: null

21-10-2025T20:26:27 - [TEST_STEP][PASSED] - addDefaultPackages(): null

21-10-2025T20:26:27 - [TEST_STEP][PASSED] - callTestCase(findTestCase("Utility Scripts/FIM KGL Admin Login"), [:], STOP_ON_FAILURE): Call Test Case 'Test Cases/Utility Scripts/FIM KGL Admin Login' successfully

21-10-2025T20:26:27 - [TEST_CASE][PASSED] - Test Cases/Utility Scripts/FIM KGL Admin Login: Test Cases/Utility Scripts/FIM KGL Admin Login

21-10-2025T20:26:27 - [TEST_STEP][PASSED] - openBrowser(""): Browser is opened with url: ''

21-10-2025T20:26:27 - [MESSAGE][WARNING] - A browser is already opened. Closing browser and opening a new one

21-10-2025T20:26:27 - [MESSAGE][INFO] - Starting 'Chrome' driver

21-10-2025T20:26:27 - [MESSAGE][INFO] - User set preference: ['args', '[--no-sandbox, --disable-gpu, --disable-dev-shm-usage]']

21-10-2025T20:26:27 - [MESSAGE][INFO] - Action delay is set to 0 milliseconds

21-10-2025T20:26:28 - [MESSAGE][PASSED] - Browser is opened with url: ''

21-10-2025T20:26:28 - [TEST_STEP][PASSED] - delay(1): Delayed 1 second(s)

21-10-2025T20:26:29 - [MESSAGE][PASSED] - Delayed 1 second(s)

21-10-2025T20:26:29 - [TEST_STEP][PASSED] - navigateToUrl(KGLCustomGroupUrl): Navigate to 'https://kaglogistics-inventory-management-portal.qa.thekag.com/custom-group/' successfully

21-10-2025T20:26:30 - [MESSAGE][PASSED] - Navigate to 'https://kaglogistics-inventory-management-portal.qa.thekag.com/custom-group/' successfully

21-10-2025T20:26:30 - [TEST_STEP][PASSED] - delay(10): Delayed 10 second(s)

21-10-2025T20:26:40 - [MESSAGE][PASSED] - Delayed 10 second(s)

21-10-2025T20:26:40 - [TEST_STEP][PASSED] - if (maximizeWindow == true): Delayed 1 second(s)

21-10-2025T20:26:40 - [TEST_STEP][PASSED] - maximizeWindow(STOP_ON_FAILURE): Current window maximized

21-10-2025T20:26:40 - [MESSAGE][PASSED] - Current window maximized

21-10-2025T20:26:40 - [TEST_STEP][PASSED] - delay(1): Delayed 1 second(s)

21-10-2025T20:26:41 - [MESSAGE][PASSED] - Delayed 1 second(s)

21-10-2025T20:26:41 - [TEST_STEP][PASSED] - waitForElementPresent(findTestObject("FIM/Username_txt"), 10): Object 'Object Repository/FIM/Username_txt' is present

21-10-2025T20:26:41 - [MESSAGE][PASSED] - Object 'Object Repository/FIM/Username_txt' is present

21-10-2025T20:26:41 - [TEST_STEP][PASSED] - setText(findTestObject("FIM/Username_txt"), FIMUsername): Text 'Chris.Sheldon+DES_QA@Thekag.com' is set on object 'Object Repository/FIM/Username_txt'

21-10-2025T20:26:41 - [MESSAGE][PASSED] - Text 'Chris.Sheldon+DES_QA@Thekag.com' is set on object 'Object Repository/FIM/Username_txt'

21-10-2025T20:26:41 - [TEST_STEP][PASSED] - delay(1): Delayed 1 second(s)

21-10-2025T20:26:42 - [MESSAGE][PASSED] - Delayed 1 second(s)

21-10-2025T20:26:42 - [TEST_STEP][PASSED] - setText(findTestObject("FIM/Password_txt"), FIMPassword): Text 'QATest!2' is set on object 'Object Repository/FIM/Password_txt'

21-10-2025T20:26:42 - [MESSAGE][PASSED] - Text 'QATest!2' is set on object 'Object Repository/FIM/Password_txt'

21-10-2025T20:26:42 - [TEST_STEP][PASSED] - delay(1): Delayed 1 second(s)

21-10-2025T20:26:43 - [MESSAGE][PASSED] - Delayed 1 second(s)

21-10-2025T20:26:43 - [TEST_STEP][PASSED] - click(findTestObject("FIM/Login_btn")): Object: 'Object Repository/FIM/Login_btn' is clicked on

21-10-2025T20:26:43 - [MESSAGE][PASSED] - Object: 'Object Repository/FIM/Login_btn' is clicked on

21-10-2025T20:26:43 - [MESSAGE][PASSED] - Call Test Case 'Test Cases/Utility Scripts/FIM KGL Admin Login' successfully

21-10-2025T20:26:43 - [TEST_STEP][PASSED] - if (verifyElementVisible(findTestObject("FIM/Server_Notification_Close_btn"), OPTIONAL) == true): Web element with id: 'Object Repository/FIM/Server_Notification_Close_btn' located by '/html/body/div/div[1]/button' not found (Root cause: com.kms.katalon.core.exception.StepFailedException: Web element with id: 'Object Repository/FIM/Server_Notification_Close_btn' located by '/html/body/div/div[1]/button' not found
	at com.kms.katalon.core.webui.keyword.internal.WebUIKeywordMain.stepFailed(WebUIKeywordMain.groovy:117)
	at com.kms.katalon.core.webui.keyword.builtin.VerifyElementVisibleKeyword$_verifyElementVisible_closure1.doCall(VerifyElementVisibleKeyword.groovy:89)
	at com.kms.katalon.core.webui.keyword.builtin.VerifyElementVisibleKeyword$_verifyElementVisible_closure1.call(VerifyElementVisibleKeyword.groovy)
	at com.kms.katalon.core.webui.keyword.internal.WebUIKeywordMain.runKeyword(WebUIKeywordMain.groovy:35)
	at com.kms.katalon.core.webui.keyword.builtin.VerifyElementVisibleKeyword.verifyElementVisible(VerifyElementVisibleKeyword.groovy:97)
	at com.kms.katalon.core.webui.keyword.builtin.VerifyElementVisibleKeyword.execute(VerifyElementVisibleKeyword.groovy:67)
	at com.kms.katalon.core.keyword.internal.KeywordExecutor.executeKeywordForPlatform(KeywordExecutor.groovy:74)
	at com.kms.katalon.core.webui.keyword.WebUiBuiltInKeywords.verifyElementVisible(WebUiBuiltInKeywords.groovy:401)
	at com.kms.katalon.core.webui.keyword.WebUiBuiltInKeywords$verifyElementVisible$5.call(Unknown Source)
	at Can Not Create Inventory with Negative Gallons.run(Can Not Create Inventory with Negative Gallons:22)
	at com.kms.katalon.core.main.ScriptEngine.run(ScriptEngine.java:194)
	at com.kms.katalon.core.main.ScriptEngine.runScriptAsRawText(ScriptEngine.java:119)
	at com.kms.katalon.core.main.TestCaseExecutor.runScript(TestCaseExecutor.java:448)
	at com.kms.katalon.core.main.TestCaseExecutor.doExecute(TestCaseExecutor.java:439)
	at com.kms.katalon.core.main.TestCaseExecutor.processExecutionPhase(TestCaseExecutor.java:418)
	at com.kms.katalon.core.main.TestCaseExecutor.accessMainPhase(TestCaseExecutor.java:410)
	at com.kms.katalon.core.main.TestCaseExecutor.execute(TestCaseExecutor.java:285)
	at com.kms.katalon.core.common.CommonExecutor.accessTestCaseMainPhase(CommonExecutor.java:65)
	at com.kms.katalon.core.main.TestSuiteExecutor.accessTestSuiteMainPhase(TestSuiteExecutor.java:150)
	at com.kms.katalon.core.main.TestSuiteExecutor.execute(TestSuiteExecutor.java:106)
	at com.kms.katalon.core.main.TestCaseMain.startTestSuite(TestCaseMain.java:180)
	at com.kms.katalon.core.main.TestCaseMain$startTestSuite$0.call(Unknown Source)
	at TempTestSuite1761090764033.run(TempTestSuite1761090764033.groovy:35)
	at java.base/jdk.internal.reflect.NativeMethodAccessorImpl.invoke0(Native Method)
	at java.base/jdk.internal.reflect.NativeMethodAccessorImpl.invoke(NativeMethodAccessorImpl.java:77)
	at java.base/jdk.internal.reflect.DelegatingMethodAccessorImpl.invoke(DelegatingMethodAccessorImpl.java:43)
)

21-10-2025T20:26:59 - [MESSAGE][INFO] - Unable to find the element located by 'By.xpath: /html/body/div/div[1]/button'. Please recheck the objects properties to make sure the desired element is located. 

21-10-2025T20:26:59 - [MESSAGE][WARNING] - [SELF-HEALING] Failed to find element with id 'Object Repository/FIM/Server_Notification_Close_btn'. Try using Self-healing.

21-10-2025T20:27:00 - [MESSAGE][INFO] - [SELF-HEALING] No working XPath is found.

21-10-2025T20:27:02 - [MESSAGE][INFO] - Unable to find the element located by 'By.xpath: '. Please recheck the objects properties to make sure the desired element is located. 

21-10-2025T20:27:02 - [MESSAGE][WARNING] - [SELF-HEALING] Cannot find elements when the selector is null

21-10-2025T20:27:02 - [MESSAGE][WARNING] - Web element with id: 'Object Repository/FIM/Server_Notification_Close_btn' located by '/html/body/div/div[1]/button' not found (Root cause: com.kms.katalon.core.exception.StepFailedException: Web element with id: 'Object Repository/FIM/Server_Notification_Close_btn' located by '/html/body/div/div[1]/button' not found
	at com.kms.katalon.core.webui.keyword.internal.WebUIKeywordMain.stepFailed(WebUIKeywordMain.groovy:117)
	at com.kms.katalon.core.webui.keyword.builtin.VerifyElementVisibleKeyword$_verifyElementVisible_closure1.doCall(VerifyElementVisibleKeyword.groovy:89)
	at com.kms.katalon.core.webui.keyword.builtin.VerifyElementVisibleKeyword$_verifyElementVisible_closure1.call(VerifyElementVisibleKeyword.groovy)
	at com.kms.katalon.core.webui.keyword.internal.WebUIKeywordMain.runKeyword(WebUIKeywordMain.groovy:35)
	at com.kms.katalon.core.webui.keyword.builtin.VerifyElementVisibleKeyword.verifyElementVisible(VerifyElementVisibleKeyword.groovy:97)
	at com.kms.katalon.core.webui.keyword.builtin.VerifyElementVisibleKeyword.execute(VerifyElementVisibleKeyword.groovy:67)
	at com.kms.katalon.core.keyword.internal.KeywordExecutor.executeKeywordForPlatform(KeywordExecutor.groovy:74)
	at com.kms.katalon.core.webui.keyword.WebUiBuiltInKeywords.verifyElementVisible(WebUiBuiltInKeywords.groovy:401)
	at com.kms.katalon.core.webui.keyword.WebUiBuiltInKeywords$verifyElementVisible$5.call(Unknown Source)
	at Can Not Create Inventory with Negative Gallons.run(Can Not Create Inventory with Negative Gallons:22)
	at com.kms.katalon.core.main.ScriptEngine.run(ScriptEngine.java:194)
	at com.kms.katalon.core.main.ScriptEngine.runScriptAsRawText(ScriptEngine.java:119)
	at com.kms.katalon.core.main.TestCaseExecutor.runScript(TestCaseExecutor.java:448)
	at com.kms.katalon.core.main.TestCaseExecutor.doExecute(TestCaseExecutor.java:439)
	at com.kms.katalon.core.main.TestCaseExecutor.processExecutionPhase(TestCaseExecutor.java:418)
	at com.kms.katalon.core.main.TestCaseExecutor.accessMainPhase(TestCaseExecutor.java:410)
	at com.kms.katalon.core.main.TestCaseExecutor.execute(TestCaseExecutor.java:285)
	at com.kms.katalon.core.common.CommonExecutor.accessTestCaseMainPhase(CommonExecutor.java:65)
	at com.kms.katalon.core.main.TestSuiteExecutor.accessTestSuiteMainPhase(TestSuiteExecutor.java:150)
	at com.kms.katalon.core.main.TestSuiteExecutor.execute(TestSuiteExecutor.java:106)
	at com.kms.katalon.core.main.TestCaseMain.startTestSuite(TestCaseMain.java:180)
	at com.kms.katalon.core.main.TestCaseMain$startTestSuite$0.call(Unknown Source)
	at TempTestSuite1761090764033.run(TempTestSuite1761090764033.groovy:35)
	at java.base/jdk.internal.reflect.NativeMethodAccessorImpl.invoke0(Native Method)
	at java.base/jdk.internal.reflect.NativeMethodAccessorImpl.invoke(NativeMethodAccessorImpl.java:77)
	at java.base/jdk.internal.reflect.DelegatingMethodAccessorImpl.invoke(DelegatingMethodAccessorImpl.java:43)
)

21-10-2025T20:27:02 - [TEST_STEP][PASSED] - delay(1): Delayed 1 second(s)

21-10-2025T20:27:03 - [MESSAGE][PASSED] - Delayed 1 second(s)

21-10-2025T20:27:03 - [TEST_STEP][PASSED] - click(findTestObject("FIM/Hamburger Menu List/Hamburger_menu")): Object: 'Object Repository/FIM/Hamburger Menu List/Hamburger_menu' is clicked on

21-10-2025T20:27:03 - [MESSAGE][PASSED] - Object: 'Object Repository/FIM/Hamburger Menu List/Hamburger_menu' is clicked on

21-10-2025T20:27:03 - [TEST_STEP][PASSED] - verifyElementPresent(findTestObject("FIM/Hamburger Menu List/Sites_list (1)"), 10): Object 'Object Repository/FIM/Hamburger Menu List/Sites_list (1)' is present

21-10-2025T20:27:03 - [MESSAGE][PASSED] - Object 'Object Repository/FIM/Hamburger Menu List/Sites_list (1)' is present

21-10-2025T20:27:03 - [TEST_STEP][PASSED] - delay(1): Delayed 1 second(s)

21-10-2025T20:27:04 - [MESSAGE][PASSED] - Delayed 1 second(s)

21-10-2025T20:27:04 - [TEST_STEP][PASSED] - click(findTestObject("FIM/Hamburger Menu List/Sites_list (1)")): Object: 'Object Repository/FIM/Hamburger Menu List/Sites_list (1)' is clicked on

21-10-2025T20:27:04 - [MESSAGE][PASSED] - Object: 'Object Repository/FIM/Hamburger Menu List/Sites_list (1)' is clicked on

21-10-2025T20:27:04 - [TEST_STEP][PASSED] - waitForElementPresent(findTestObject("FIM/Sites Page/Calculator/Calculator Tab"), 10): Object 'Object Repository/FIM/Sites Page/Calculator/Calculator Tab' is present

21-10-2025T20:27:05 - [MESSAGE][PASSED] - Object 'Object Repository/FIM/Sites Page/Calculator/Calculator Tab' is present

21-10-2025T20:27:05 - [TEST_STEP][PASSED] - delay(1): Delayed 1 second(s)

21-10-2025T20:27:06 - [MESSAGE][PASSED] - Delayed 1 second(s)

21-10-2025T20:27:06 - [TEST_STEP][PASSED] - selectOptionByLabel(findTestObject("FIM/Sites Page/Site Filtering/Region Selection_dropdown"), "KAG LOGISTICS", false): All options with label 'KAG LOGISTICS' are selected in object 'Object Repository/FIM/Sites Page/Site Filtering/Region Selection_dropdown' 

21-10-2025T20:27:06 - [MESSAGE][PASSED] - All options with label 'KAG LOGISTICS' are selected in object 'Object Repository/FIM/Sites Page/Site Filtering/Region Selection_dropdown' 

21-10-2025T20:27:06 - [TEST_STEP][PASSED] - i = 0: null

21-10-2025T20:27:06 - [TEST_STEP][PASSED] - while (i < 60 == true): null

21-10-2025T20:27:06 - [TEST_STEP][PASSED] - sendKeys(findTestObject("FIM/Sites Page/Site Filtering/Site_txt"), Keys.chord(BACK_SPACE), STOP_ON_FAILURE): Keys 'BACK_SPACE + ' sent to object: 'Object Repository/FIM/Sites Page/Site Filtering/Site_txt'

21-10-2025T20:27:07 - [MESSAGE][PASSED] - Keys 'BACK_SPACE + ' sent to object: 'Object Repository/FIM/Sites Page/Site Filtering/Site_txt'

21-10-2025T20:27:07 - [TEST_STEP][PASSED] - (i++): null

21-10-2025T20:27:07 - [TEST_STEP][PASSED] - sendKeys(findTestObject("FIM/Sites Page/Site Filtering/Site_txt"), Keys.chord(BACK_SPACE), STOP_ON_FAILURE): Keys 'BACK_SPACE + ' sent to object: 'Object Repository/FIM/Sites Page/Site Filtering/Site_txt'

21-10-2025T20:27:07 - [MESSAGE][PASSED] - Keys 'BACK_SPACE + ' sent to object: 'Object Repository/FIM/Sites Page/Site Filtering/Site_txt'

21-10-2025T20:27:07 - [TEST_STEP][PASSED] - (i++): null

21-10-2025T20:27:07 - [TEST_STEP][PASSED] - sendKeys(findTestObject("FIM/Sites Page/Site Filtering/Site_txt"), Keys.chord(BACK_SPACE), STOP_ON_FAILURE): Keys 'BACK_SPACE + ' sent to object: 'Object Repository/FIM/Sites Page/Site Filtering/Site_txt'

21-10-2025T20:27:07 - [MESSAGE][PASSED] - Keys 'BACK_SPACE + ' sent to object: 'Object Repository/FIM/Sites Page/Site Filtering/Site_txt'

21-10-2025T20:27:07 - [TEST_STEP][PASSED] - (i++): null

21-10-2025T20:27:07 - [TEST_STEP][PASSED] - sendKeys(findTestObject("FIM/Sites Page/Site Filtering/Site_txt"), Keys.chord(BACK_SPACE), STOP_ON_FAILURE): Keys 'BACK_SPACE + ' sent to object: 'Object Repository/FIM/Sites Page/Site Filtering/Site_txt'

21-10-2025T20:27:08 - [MESSAGE][PASSED] - Keys 'BACK_SPACE + ' sent to object: 'Object Repository/FIM/Sites Page/Site Filtering/Site_txt'

21-10-2025T20:27:08 - [TEST_STEP][PASSED] - (i++): null

21-10-2025T20:27:08 - [TEST_STEP][PASSED] - sendKeys(findTestObject("FIM/Sites Page/Site Filtering/Site_txt"), Keys.chord(BACK_SPACE), STOP_ON_FAILURE): Keys 'BACK_SPACE + ' sent to object: 'Object Repository/FIM/Sites Page/Site Filtering/Site_txt'

21-10-2025T20:27:08 - [MESSAGE][PASSED] - Keys 'BACK_SPACE + ' sent to object: 'Object Repository/FIM/Sites Page/Site Filtering/Site_txt'

21-10-2025T20:27:08 - [TEST_STEP][PASSED] - (i++): null

21-10-2025T20:27:08 - [TEST_STEP][PASSED] - sendKeys(findTestObject("FIM/Sites Page/Site Filtering/Site_txt"), Keys.chord(BACK_SPACE), STOP_ON_FAILURE): Keys 'BACK_SPACE + ' sent to object: 'Object Repository/FIM/Sites Page/Site Filtering/Site_txt'

21-10-2025T20:27:08 - [MESSAGE][PASSED] - Keys 'BACK_SPACE + ' sent to object: 'Object Repository/FIM/Sites Page/Site Filtering/Site_txt'

21-10-2025T20:27:08 - [TEST_STEP][PASSED] - (i++): null

21-10-2025T20:27:08 - [TEST_STEP][PASSED] - sendKeys(findTestObject("FIM/Sites Page/Site Filtering/Site_txt"), Keys.chord(BACK_SPACE), STOP_ON_FAILURE): Keys 'BACK_SPACE + ' sent to object: 'Object Repository/FIM/Sites Page/Site Filtering/Site_txt'

21-10-2025T20:27:08 - [MESSAGE][PASSED] - Keys 'BACK_SPACE + ' sent to object: 'Object Repository/FIM/Sites Page/Site Filtering/Site_txt'

21-10-2025T20:27:08 - [TEST_STEP][PASSED] - (i++): null

21-10-2025T20:27:08 - [TEST_STEP][PASSED] - sendKeys(findTestObject("FIM/Sites Page/Site Filtering/Site_txt"), Keys.chord(BACK_SPACE), STOP_ON_FAILURE): Keys 'BACK_SPACE + ' sent to object: 'Object Repository/FIM/Sites Page/Site Filtering/Site_txt'

21-10-2025T20:27:08 - [MESSAGE][PASSED] - Keys 'BACK_SPACE + ' sent to object: 'Object Repository/FIM/Sites Page/Site Filtering/Site_txt'

21-10-2025T20:27:08 - [TEST_STEP][PASSED] - (i++): null

21-10-2025T20:27:08 - [TEST_STEP][PASSED] - sendKeys(findTestObject("FIM/Sites Page/Site Filtering/Site_txt"), Keys.chord(BACK_SPACE), STOP_ON_FAILURE): Keys 'BACK_SPACE + ' sent to object: 'Object Repository/FIM/Sites Page/Site Filtering/Site_txt'

21-10-2025T20:27:08 - [MESSAGE][PASSED] - Keys 'BACK_SPACE + ' sent to object: 'Object Repository/FIM/Sites Page/Site Filtering/Site_txt'

21-10-2025T20:27:08 - [TEST_STEP][PASSED] - (i++): null

21-10-2025T20:27:08 - [TEST_STEP][PASSED] - sendKeys(findTestObject("FIM/Sites Page/Site Filtering/Site_txt"), Keys.chord(BACK_SPACE), STOP_ON_FAILURE): Keys 'BACK_SPACE + ' sent to object: 'Object Repository/FIM/Sites Page/Site Filtering/Site_txt'

21-10-2025T20:27:08 - [MESSAGE][PASSED] - Keys 'BACK_SPACE + ' sent to object: 'Object Repository/FIM/Sites Page/Site Filtering/Site_txt'

21-10-2025T20:27:08 - [TEST_STEP][PASSED] - (i++): null

21-10-2025T20:27:08 - [TEST_STEP][PASSED] - sendKeys(findTestObject("FIM/Sites Page/Site Filtering/Site_txt"), Keys.chord(BACK_SPACE), STOP_ON_FAILURE): Keys 'BACK_SPACE + ' sent to object: 'Object Repository/FIM/Sites Page/Site Filtering/Site_txt'

21-10-2025T20:27:08 - [MESSAGE][PASSED] - Keys 'BACK_SPACE + ' sent to object: 'Object Repository/FIM/Sites Page/Site Filtering/Site_txt'

21-10-2025T20:27:08 - [TEST_STEP][PASSED] - (i++): null

21-10-2025T20:27:08 - [TEST_STEP][PASSED] - sendKeys(findTestObject("FIM/Sites Page/Site Filtering/Site_txt"), Keys.chord(BACK_SPACE), STOP_ON_FAILURE): Keys 'BACK_SPACE + ' sent to object: 'Object Repository/FIM/Sites Page/Site Filtering/Site_txt'

21-10-2025T20:27:08 - [MESSAGE][PASSED] - Keys 'BACK_SPACE + ' sent to object: 'Object Repository/FIM/Sites Page/Site Filtering/Site_txt'

21-10-2025T20:27:08 - [TEST_STEP][PASSED] - (i++): null

21-10-2025T20:27:08 - [TEST_STEP][PASSED] - sendKeys(findTestObject("FIM/Sites Page/Site Filtering/Site_txt"), Keys.chord(BACK_SPACE), STOP_ON_FAILURE): Keys 'BACK_SPACE + ' sent to object: 'Object Repository/FIM/Sites Page/Site Filtering/Site_txt'

21-10-2025T20:27:08 - [MESSAGE][PASSED] - Keys 'BACK_SPACE + ' sent to object: 'Object Repository/FIM/Sites Page/Site Filtering/Site_txt'

21-10-2025T20:27:08 - [TEST_STEP][PASSED] - (i++): null

21-10-2025T20:27:08 - [TEST_STEP][PASSED] - sendKeys(findTestObject("FIM/Sites Page/Site Filtering/Site_txt"), Keys.chord(BACK_SPACE), STOP_ON_FAILURE): Keys 'BACK_SPACE + ' sent to object: 'Object Repository/FIM/Sites Page/Site Filtering/Site_txt'

21-10-2025T20:27:08 - [MESSAGE][PASSED] - Keys 'BACK_SPACE + ' sent to object: 'Object Repository/FIM/Sites Page/Site Filtering/Site_txt'

21-10-2025T20:27:08 - [TEST_STEP][PASSED] - (i++): null

21-10-2025T20:27:08 - [TEST_STEP][PASSED] - sendKeys(findTestObject("FIM/Sites Page/Site Filtering/Site_txt"), Keys.chord(BACK_SPACE), STOP_ON_FAILURE): Keys 'BACK_SPACE + ' sent to object: 'Object Repository/FIM/Sites Page/Site Filtering/Site_txt'

21-10-2025T20:27:08 - [MESSAGE][PASSED] - Keys 'BACK_SPACE + ' sent to object: 'Object Repository/FIM/Sites Page/Site Filtering/Site_txt'

21-10-2025T20:27:08 - [TEST_STEP][PASSED] - (i++): null

21-10-2025T20:27:08 - [TEST_STEP][PASSED] - sendKeys(findTestObject("FIM/Sites Page/Site Filtering/Site_txt"), Keys.chord(BACK_SPACE), STOP_ON_FAILURE): Keys 'BACK_SPACE + ' sent to object: 'Object Repository/FIM/Sites Page/Site Filtering/Site_txt'

21-10-2025T20:27:08 - [MESSAGE][PASSED] - Keys 'BACK_SPACE + ' sent to object: 'Object Repository/FIM/Sites Page/Site Filtering/Site_txt'

21-10-2025T20:27:08 - [TEST_STEP][PASSED] - (i++): null

21-10-2025T20:27:08 - [TEST_STEP][PASSED] - sendKeys(findTestObject("FIM/Sites Page/Site Filtering/Site_txt"), Keys.chord(BACK_SPACE), STOP_ON_FAILURE): Keys 'BACK_SPACE + ' sent to object: 'Object Repository/FIM/Sites Page/Site Filtering/Site_txt'

21-10-2025T20:27:08 - [MESSAGE][PASSED] - Keys 'BACK_SPACE + ' sent to object: 'Object Repository/FIM/Sites Page/Site Filtering/Site_txt'

21-10-2025T20:27:08 - [TEST_STEP][PASSED] - (i++): null

21-10-2025T20:27:08 - [TEST_STEP][PASSED] - sendKeys(findTestObject("FIM/Sites Page/Site Filtering/Site_txt"), Keys.chord(BACK_SPACE), STOP_ON_FAILURE): Keys 'BACK_SPACE + ' sent to object: 'Object Repository/FIM/Sites Page/Site Filtering/Site_txt'

21-10-2025T20:27:08 - [MESSAGE][PASSED] - Keys 'BACK_SPACE + ' sent to object: 'Object Repository/FIM/Sites Page/Site Filtering/Site_txt'

21-10-2025T20:27:08 - [TEST_STEP][PASSED] - (i++): null

21-10-2025T20:27:08 - [TEST_STEP][PASSED] - sendKeys(findTestObject("FIM/Sites Page/Site Filtering/Site_txt"), Keys.chord(BACK_SPACE), STOP_ON_FAILURE): Keys 'BACK_SPACE + ' sent to object: 'Object Repository/FIM/Sites Page/Site Filtering/Site_txt'

21-10-2025T20:27:08 - [MESSAGE][PASSED] - Keys 'BACK_SPACE + ' sent to object: 'Object Repository/FIM/Sites Page/Site Filtering/Site_txt'

21-10-2025T20:27:08 - [TEST_STEP][PASSED] - (i++): null

21-10-2025T20:27:08 - [TEST_STEP][PASSED] - sendKeys(findTestObject("FIM/Sites Page/Site Filtering/Site_txt"), Keys.chord(BACK_SPACE), STOP_ON_FAILURE): Keys 'BACK_SPACE + ' sent to object: 'Object Repository/FIM/Sites Page/Site Filtering/Site_txt'

21-10-2025T20:27:08 - [MESSAGE][PASSED] - Keys 'BACK_SPACE + ' sent to object: 'Object Repository/FIM/Sites Page/Site Filtering/Site_txt'

21-10-2025T20:27:08 - [TEST_STEP][PASSED] - (i++): null

21-10-2025T20:27:08 - [TEST_STEP][PASSED] - sendKeys(findTestObject("FIM/Sites Page/Site Filtering/Site_txt"), Keys.chord(BACK_SPACE), STOP_ON_FAILURE): Keys 'BACK_SPACE + ' sent to object: 'Object Repository/FIM/Sites Page/Site Filtering/Site_txt'

21-10-2025T20:27:09 - [MESSAGE][PASSED] - Keys 'BACK_SPACE + ' sent to object: 'Object Repository/FIM/Sites Page/Site Filtering/Site_txt'

21-10-2025T20:27:09 - [TEST_STEP][PASSED] - (i++): null

21-10-2025T20:27:09 - [TEST_STEP][PASSED] - sendKeys(findTestObject("FIM/Sites Page/Site Filtering/Site_txt"), Keys.chord(BACK_SPACE), STOP_ON_FAILURE): Keys 'BACK_SPACE + ' sent to object: 'Object Repository/FIM/Sites Page/Site Filtering/Site_txt'

21-10-2025T20:27:09 - [MESSAGE][PASSED] - Keys 'BACK_SPACE + ' sent to object: 'Object Repository/FIM/Sites Page/Site Filtering/Site_txt'

21-10-2025T20:27:09 - [TEST_STEP][PASSED] - (i++): null

21-10-2025T20:27:09 - [TEST_STEP][PASSED] - sendKeys(findTestObject("FIM/Sites Page/Site Filtering/Site_txt"), Keys.chord(BACK_SPACE), STOP_ON_FAILURE): Keys 'BACK_SPACE + ' sent to object: 'Object Repository/FIM/Sites Page/Site Filtering/Site_txt'

21-10-2025T20:27:09 - [MESSAGE][PASSED] - Keys 'BACK_SPACE + ' sent to object: 'Object Repository/FIM/Sites Page/Site Filtering/Site_txt'

21-10-2025T20:27:09 - [TEST_STEP][PASSED] - (i++): null

21-10-2025T20:27:09 - [TEST_STEP][PASSED] - sendKeys(findTestObject("FIM/Sites Page/Site Filtering/Site_txt"), Keys.chord(BACK_SPACE), STOP_ON_FAILURE): Keys 'BACK_SPACE + ' sent to object: 'Object Repository/FIM/Sites Page/Site Filtering/Site_txt'

21-10-2025T20:27:09 - [MESSAGE][PASSED] - Keys 'BACK_SPACE + ' sent to object: 'Object Repository/FIM/Sites Page/Site Filtering/Site_txt'

21-10-2025T20:27:09 - [TEST_STEP][PASSED] - (i++): null

21-10-2025T20:27:09 - [TEST_STEP][PASSED] - sendKeys(findTestObject("FIM/Sites Page/Site Filtering/Site_txt"), Keys.chord(BACK_SPACE), STOP_ON_FAILURE): Keys 'BACK_SPACE + ' sent to object: 'Object Repository/FIM/Sites Page/Site Filtering/Site_txt'

21-10-2025T20:27:09 - [MESSAGE][PASSED] - Keys 'BACK_SPACE + ' sent to object: 'Object Repository/FIM/Sites Page/Site Filtering/Site_txt'

21-10-2025T20:27:09 - [TEST_STEP][PASSED] - (i++): null

21-10-2025T20:27:09 - [TEST_STEP][PASSED] - sendKeys(findTestObject("FIM/Sites Page/Site Filtering/Site_txt"), Keys.chord(BACK_SPACE), STOP_ON_FAILURE): Keys 'BACK_SPACE + ' sent to object: 'Object Repository/FIM/Sites Page/Site Filtering/Site_txt'

21-10-2025T20:27:09 - [MESSAGE][PASSED] - Keys 'BACK_SPACE + ' sent to object: 'Object Repository/FIM/Sites Page/Site Filtering/Site_txt'

21-10-2025T20:27:09 - [TEST_STEP][PASSED] - (i++): null

21-10-2025T20:27:09 - [TEST_STEP][PASSED] - sendKeys(findTestObject("FIM/Sites Page/Site Filtering/Site_txt"), Keys.chord(BACK_SPACE), STOP_ON_FAILURE): Keys 'BACK_SPACE + ' sent to object: 'Object Repository/FIM/Sites Page/Site Filtering/Site_txt'

21-10-2025T20:27:09 - [MESSAGE][PASSED] - Keys 'BACK_SPACE + ' sent to object: 'Object Repository/FIM/Sites Page/Site Filtering/Site_txt'

21-10-2025T20:27:09 - [TEST_STEP][PASSED] - (i++): null

21-10-2025T20:27:09 - [TEST_STEP][PASSED] - sendKeys(findTestObject("FIM/Sites Page/Site Filtering/Site_txt"), Keys.chord(BACK_SPACE), STOP_ON_FAILURE): Keys 'BACK_SPACE + ' sent to object: 'Object Repository/FIM/Sites Page/Site Filtering/Site_txt'

21-10-2025T20:27:09 - [MESSAGE][PASSED] - Keys 'BACK_SPACE + ' sent to object: 'Object Repository/FIM/Sites Page/Site Filtering/Site_txt'

21-10-2025T20:27:09 - [TEST_STEP][PASSED] - (i++): null

21-10-2025T20:27:09 - [TEST_STEP][PASSED] - sendKeys(findTestObject("FIM/Sites Page/Site Filtering/Site_txt"), Keys.chord(BACK_SPACE), STOP_ON_FAILURE): Keys 'BACK_SPACE + ' sent to object: 'Object Repository/FIM/Sites Page/Site Filtering/Site_txt'

21-10-2025T20:27:09 - [MESSAGE][PASSED] - Keys 'BACK_SPACE + ' sent to object: 'Object Repository/FIM/Sites Page/Site Filtering/Site_txt'

21-10-2025T20:27:09 - [TEST_STEP][PASSED] - (i++): null

21-10-2025T20:27:09 - [TEST_STEP][PASSED] - sendKeys(findTestObject("FIM/Sites Page/Site Filtering/Site_txt"), Keys.chord(BACK_SPACE), STOP_ON_FAILURE): Keys 'BACK_SPACE + ' sent to object: 'Object Repository/FIM/Sites Page/Site Filtering/Site_txt'

21-10-2025T20:27:09 - [MESSAGE][PASSED] - Keys 'BACK_SPACE + ' sent to object: 'Object Repository/FIM/Sites Page/Site Filtering/Site_txt'

21-10-2025T20:27:09 - [TEST_STEP][PASSED] - (i++): null

21-10-2025T20:27:09 - [TEST_STEP][PASSED] - sendKeys(findTestObject("FIM/Sites Page/Site Filtering/Site_txt"), Keys.chord(BACK_SPACE), STOP_ON_FAILURE): Keys 'BACK_SPACE + ' sent to object: 'Object Repository/FIM/Sites Page/Site Filtering/Site_txt'

21-10-2025T20:27:09 - [MESSAGE][PASSED] - Keys 'BACK_SPACE + ' sent to object: 'Object Repository/FIM/Sites Page/Site Filtering/Site_txt'

21-10-2025T20:27:09 - [TEST_STEP][PASSED] - (i++): null

21-10-2025T20:27:09 - [TEST_STEP][PASSED] - sendKeys(findTestObject("FIM/Sites Page/Site Filtering/Site_txt"), Keys.chord(BACK_SPACE), STOP_ON_FAILURE): Keys 'BACK_SPACE + ' sent to object: 'Object Repository/FIM/Sites Page/Site Filtering/Site_txt'

21-10-2025T20:27:09 - [MESSAGE][PASSED] - Keys 'BACK_SPACE + ' sent to object: 'Object Repository/FIM/Sites Page/Site Filtering/Site_txt'

21-10-2025T20:27:09 - [TEST_STEP][PASSED] - (i++): null

21-10-2025T20:27:09 - [TEST_STEP][PASSED] - sendKeys(findTestObject("FIM/Sites Page/Site Filtering/Site_txt"), Keys.chord(BACK_SPACE), STOP_ON_FAILURE): Keys 'BACK_SPACE + ' sent to object: 'Object Repository/FIM/Sites Page/Site Filtering/Site_txt'

21-10-2025T20:27:09 - [MESSAGE][PASSED] - Keys 'BACK_SPACE + ' sent to object: 'Object Repository/FIM/Sites Page/Site Filtering/Site_txt'

21-10-2025T20:27:09 - [TEST_STEP][PASSED] - (i++): null

21-10-2025T20:27:09 - [TEST_STEP][PASSED] - sendKeys(findTestObject("FIM/Sites Page/Site Filtering/Site_txt"), Keys.chord(BACK_SPACE), STOP_ON_FAILURE): Keys 'BACK_SPACE + ' sent to object: 'Object Repository/FIM/Sites Page/Site Filtering/Site_txt'

21-10-2025T20:27:09 - [MESSAGE][PASSED] - Keys 'BACK_SPACE + ' sent to object: 'Object Repository/FIM/Sites Page/Site Filtering/Site_txt'

21-10-2025T20:27:09 - [TEST_STEP][PASSED] - (i++): null

21-10-2025T20:27:09 - [TEST_STEP][PASSED] - sendKeys(findTestObject("FIM/Sites Page/Site Filtering/Site_txt"), Keys.chord(BACK_SPACE), STOP_ON_FAILURE): Keys 'BACK_SPACE + ' sent to object: 'Object Repository/FIM/Sites Page/Site Filtering/Site_txt'

21-10-2025T20:27:09 - [MESSAGE][PASSED] - Keys 'BACK_SPACE + ' sent to object: 'Object Repository/FIM/Sites Page/Site Filtering/Site_txt'

21-10-2025T20:27:09 - [TEST_STEP][PASSED] - (i++): null

21-10-2025T20:27:09 - [TEST_STEP][PASSED] - sendKeys(findTestObject("FIM/Sites Page/Site Filtering/Site_txt"), Keys.chord(BACK_SPACE), STOP_ON_FAILURE): Keys 'BACK_SPACE + ' sent to object: 'Object Repository/FIM/Sites Page/Site Filtering/Site_txt'

21-10-2025T20:27:09 - [MESSAGE][PASSED] - Keys 'BACK_SPACE + ' sent to object: 'Object Repository/FIM/Sites Page/Site Filtering/Site_txt'

21-10-2025T20:27:09 - [TEST_STEP][PASSED] - (i++): null

21-10-2025T20:27:09 - [TEST_STEP][PASSED] - sendKeys(findTestObject("FIM/Sites Page/Site Filtering/Site_txt"), Keys.chord(BACK_SPACE), STOP_ON_FAILURE): Keys 'BACK_SPACE + ' sent to object: 'Object Repository/FIM/Sites Page/Site Filtering/Site_txt'

21-10-2025T20:27:09 - [MESSAGE][PASSED] - Keys 'BACK_SPACE + ' sent to object: 'Object Repository/FIM/Sites Page/Site Filtering/Site_txt'

21-10-2025T20:27:09 - [TEST_STEP][PASSED] - (i++): null

21-10-2025T20:27:09 - [TEST_STEP][PASSED] - sendKeys(findTestObject("FIM/Sites Page/Site Filtering/Site_txt"), Keys.chord(BACK_SPACE), STOP_ON_FAILURE): Keys 'BACK_SPACE + ' sent to object: 'Object Repository/FIM/Sites Page/Site Filtering/Site_txt'

21-10-2025T20:27:10 - [MESSAGE][PASSED] - Keys 'BACK_SPACE + ' sent to object: 'Object Repository/FIM/Sites Page/Site Filtering/Site_txt'

21-10-2025T20:27:10 - [TEST_STEP][PASSED] - (i++): null

21-10-2025T20:27:10 - [TEST_STEP][PASSED] - sendKeys(findTestObject("FIM/Sites Page/Site Filtering/Site_txt"), Keys.chord(BACK_SPACE), STOP_ON_FAILURE): Keys 'BACK_SPACE + ' sent to object: 'Object Repository/FIM/Sites Page/Site Filtering/Site_txt'

21-10-2025T20:27:10 - [MESSAGE][PASSED] - Keys 'BACK_SPACE + ' sent to object: 'Object Repository/FIM/Sites Page/Site Filtering/Site_txt'

21-10-2025T20:27:10 - [TEST_STEP][PASSED] - (i++): null

21-10-2025T20:27:10 - [TEST_STEP][PASSED] - sendKeys(findTestObject("FIM/Sites Page/Site Filtering/Site_txt"), Keys.chord(BACK_SPACE), STOP_ON_FAILURE): Keys 'BACK_SPACE + ' sent to object: 'Object Repository/FIM/Sites Page/Site Filtering/Site_txt'

21-10-2025T20:27:10 - [MESSAGE][PASSED] - Keys 'BACK_SPACE + ' sent to object: 'Object Repository/FIM/Sites Page/Site Filtering/Site_txt'

21-10-2025T20:27:10 - [TEST_STEP][PASSED] - (i++): null

21-10-2025T20:27:10 - [TEST_STEP][PASSED] - sendKeys(findTestObject("FIM/Sites Page/Site Filtering/Site_txt"), Keys.chord(BACK_SPACE), STOP_ON_FAILURE): Keys 'BACK_SPACE + ' sent to object: 'Object Repository/FIM/Sites Page/Site Filtering/Site_txt'

21-10-2025T20:27:10 - [MESSAGE][PASSED] - Keys 'BACK_SPACE + ' sent to object: 'Object Repository/FIM/Sites Page/Site Filtering/Site_txt'

21-10-2025T20:27:10 - [TEST_STEP][PASSED] - (i++): null

21-10-2025T20:27:10 - [TEST_STEP][PASSED] - sendKeys(findTestObject("FIM/Sites Page/Site Filtering/Site_txt"), Keys.chord(BACK_SPACE), STOP_ON_FAILURE): Keys 'BACK_SPACE + ' sent to object: 'Object Repository/FIM/Sites Page/Site Filtering/Site_txt'

21-10-2025T20:27:10 - [MESSAGE][PASSED] - Keys 'BACK_SPACE + ' sent to object: 'Object Repository/FIM/Sites Page/Site Filtering/Site_txt'

21-10-2025T20:27:10 - [TEST_STEP][PASSED] - (i++): null

21-10-2025T20:27:10 - [TEST_STEP][PASSED] - sendKeys(findTestObject("FIM/Sites Page/Site Filtering/Site_txt"), Keys.chord(BACK_SPACE), STOP_ON_FAILURE): Keys 'BACK_SPACE + ' sent to object: 'Object Repository/FIM/Sites Page/Site Filtering/Site_txt'

21-10-2025T20:27:10 - [MESSAGE][PASSED] - Keys 'BACK_SPACE + ' sent to object: 'Object Repository/FIM/Sites Page/Site Filtering/Site_txt'

21-10-2025T20:27:10 - [TEST_STEP][PASSED] - (i++): null

21-10-2025T20:27:10 - [TEST_STEP][PASSED] - sendKeys(findTestObject("FIM/Sites Page/Site Filtering/Site_txt"), Keys.chord(BACK_SPACE), STOP_ON_FAILURE): Keys 'BACK_SPACE + ' sent to object: 'Object Repository/FIM/Sites Page/Site Filtering/Site_txt'

21-10-2025T20:27:10 - [MESSAGE][PASSED] - Keys 'BACK_SPACE + ' sent to object: 'Object Repository/FIM/Sites Page/Site Filtering/Site_txt'

21-10-2025T20:27:10 - [TEST_STEP][PASSED] - (i++): null

21-10-2025T20:27:10 - [TEST_STEP][PASSED] - sendKeys(findTestObject("FIM/Sites Page/Site Filtering/Site_txt"), Keys.chord(BACK_SPACE), STOP_ON_FAILURE): Keys 'BACK_SPACE + ' sent to object: 'Object Repository/FIM/Sites Page/Site Filtering/Site_txt'

21-10-2025T20:27:10 - [MESSAGE][PASSED] - Keys 'BACK_SPACE + ' sent to object: 'Object Repository/FIM/Sites Page/Site Filtering/Site_txt'

21-10-2025T20:27:10 - [TEST_STEP][PASSED] - (i++): null

21-10-2025T20:27:10 - [TEST_STEP][PASSED] - sendKeys(findTestObject("FIM/Sites Page/Site Filtering/Site_txt"), Keys.chord(BACK_SPACE), STOP_ON_FAILURE): Keys 'BACK_SPACE + ' sent to object: 'Object Repository/FIM/Sites Page/Site Filtering/Site_txt'

21-10-2025T20:27:10 - [MESSAGE][PASSED] - Keys 'BACK_SPACE + ' sent to object: 'Object Repository/FIM/Sites Page/Site Filtering/Site_txt'

21-10-2025T20:27:10 - [TEST_STEP][PASSED] - (i++): null

21-10-2025T20:27:10 - [TEST_STEP][PASSED] - sendKeys(findTestObject("FIM/Sites Page/Site Filtering/Site_txt"), Keys.chord(BACK_SPACE), STOP_ON_FAILURE): Keys 'BACK_SPACE + ' sent to object: 'Object Repository/FIM/Sites Page/Site Filtering/Site_txt'

21-10-2025T20:27:10 - [MESSAGE][PASSED] - Keys 'BACK_SPACE + ' sent to object: 'Object Repository/FIM/Sites Page/Site Filtering/Site_txt'

21-10-2025T20:27:10 - [TEST_STEP][PASSED] - (i++): null

21-10-2025T20:27:10 - [TEST_STEP][PASSED] - sendKeys(findTestObject("FIM/Sites Page/Site Filtering/Site_txt"), Keys.chord(BACK_SPACE), STOP_ON_FAILURE): Keys 'BACK_SPACE + ' sent to object: 'Object Repository/FIM/Sites Page/Site Filtering/Site_txt'

21-10-2025T20:27:10 - [MESSAGE][PASSED] - Keys 'BACK_SPACE + ' sent to object: 'Object Repository/FIM/Sites Page/Site Filtering/Site_txt'

21-10-2025T20:27:10 - [TEST_STEP][PASSED] - (i++): null

21-10-2025T20:27:10 - [TEST_STEP][PASSED] - sendKeys(findTestObject("FIM/Sites Page/Site Filtering/Site_txt"), Keys.chord(BACK_SPACE), STOP_ON_FAILURE): Keys 'BACK_SPACE + ' sent to object: 'Object Repository/FIM/Sites Page/Site Filtering/Site_txt'

21-10-2025T20:27:10 - [MESSAGE][PASSED] - Keys 'BACK_SPACE + ' sent to object: 'Object Repository/FIM/Sites Page/Site Filtering/Site_txt'

21-10-2025T20:27:10 - [TEST_STEP][PASSED] - (i++): null

21-10-2025T20:27:10 - [TEST_STEP][PASSED] - sendKeys(findTestObject("FIM/Sites Page/Site Filtering/Site_txt"), Keys.chord(BACK_SPACE), STOP_ON_FAILURE): Keys 'BACK_SPACE + ' sent to object: 'Object Repository/FIM/Sites Page/Site Filtering/Site_txt'

21-10-2025T20:27:10 - [MESSAGE][PASSED] - Keys 'BACK_SPACE + ' sent to object: 'Object Repository/FIM/Sites Page/Site Filtering/Site_txt'

21-10-2025T20:27:10 - [TEST_STEP][PASSED] - (i++): null

21-10-2025T20:27:10 - [TEST_STEP][PASSED] - sendKeys(findTestObject("FIM/Sites Page/Site Filtering/Site_txt"), Keys.chord(BACK_SPACE), STOP_ON_FAILURE): Keys 'BACK_SPACE + ' sent to object: 'Object Repository/FIM/Sites Page/Site Filtering/Site_txt'

21-10-2025T20:27:10 - [MESSAGE][PASSED] - Keys 'BACK_SPACE + ' sent to object: 'Object Repository/FIM/Sites Page/Site Filtering/Site_txt'

21-10-2025T20:27:10 - [TEST_STEP][PASSED] - (i++): null

21-10-2025T20:27:10 - [TEST_STEP][PASSED] - sendKeys(findTestObject("FIM/Sites Page/Site Filtering/Site_txt"), Keys.chord(BACK_SPACE), STOP_ON_FAILURE): Keys 'BACK_SPACE + ' sent to object: 'Object Repository/FIM/Sites Page/Site Filtering/Site_txt'

21-10-2025T20:27:10 - [MESSAGE][PASSED] - Keys 'BACK_SPACE + ' sent to object: 'Object Repository/FIM/Sites Page/Site Filtering/Site_txt'

21-10-2025T20:27:10 - [TEST_STEP][PASSED] - (i++): null

21-10-2025T20:27:10 - [TEST_STEP][PASSED] - sendKeys(findTestObject("FIM/Sites Page/Site Filtering/Site_txt"), Keys.chord(BACK_SPACE), STOP_ON_FAILURE): Keys 'BACK_SPACE + ' sent to object: 'Object Repository/FIM/Sites Page/Site Filtering/Site_txt'

21-10-2025T20:27:10 - [MESSAGE][PASSED] - Keys 'BACK_SPACE + ' sent to object: 'Object Repository/FIM/Sites Page/Site Filtering/Site_txt'

21-10-2025T20:27:10 - [TEST_STEP][PASSED] - (i++): null

21-10-2025T20:27:10 - [TEST_STEP][PASSED] - sendKeys(findTestObject("FIM/Sites Page/Site Filtering/Site_txt"), Keys.chord(BACK_SPACE), STOP_ON_FAILURE): Keys 'BACK_SPACE + ' sent to object: 'Object Repository/FIM/Sites Page/Site Filtering/Site_txt'

21-10-2025T20:27:11 - [MESSAGE][PASSED] - Keys 'BACK_SPACE + ' sent to object: 'Object Repository/FIM/Sites Page/Site Filtering/Site_txt'

21-10-2025T20:27:11 - [TEST_STEP][PASSED] - (i++): null

21-10-2025T20:27:11 - [TEST_STEP][PASSED] - sendKeys(findTestObject("FIM/Sites Page/Site Filtering/Site_txt"), Keys.chord(BACK_SPACE), STOP_ON_FAILURE): Keys 'BACK_SPACE + ' sent to object: 'Object Repository/FIM/Sites Page/Site Filtering/Site_txt'

21-10-2025T20:27:11 - [MESSAGE][PASSED] - Keys 'BACK_SPACE + ' sent to object: 'Object Repository/FIM/Sites Page/Site Filtering/Site_txt'

21-10-2025T20:27:11 - [TEST_STEP][PASSED] - (i++): null

21-10-2025T20:27:11 - [TEST_STEP][PASSED] - sendKeys(findTestObject("FIM/Sites Page/Site Filtering/Site_txt"), Keys.chord(BACK_SPACE), STOP_ON_FAILURE): Keys 'BACK_SPACE + ' sent to object: 'Object Repository/FIM/Sites Page/Site Filtering/Site_txt'

21-10-2025T20:27:11 - [MESSAGE][PASSED] - Keys 'BACK_SPACE + ' sent to object: 'Object Repository/FIM/Sites Page/Site Filtering/Site_txt'

21-10-2025T20:27:11 - [TEST_STEP][PASSED] - (i++): null

21-10-2025T20:27:11 - [TEST_STEP][PASSED] - sendKeys(findTestObject("FIM/Sites Page/Site Filtering/Site_txt"), Keys.chord(BACK_SPACE), STOP_ON_FAILURE): Keys 'BACK_SPACE + ' sent to object: 'Object Repository/FIM/Sites Page/Site Filtering/Site_txt'

21-10-2025T20:27:11 - [MESSAGE][PASSED] - Keys 'BACK_SPACE + ' sent to object: 'Object Repository/FIM/Sites Page/Site Filtering/Site_txt'

21-10-2025T20:27:11 - [TEST_STEP][PASSED] - (i++): null

21-10-2025T20:27:11 - [TEST_STEP][PASSED] - sendKeys(findTestObject("FIM/Sites Page/Site Filtering/Site_txt"), Keys.chord(BACK_SPACE), STOP_ON_FAILURE): Keys 'BACK_SPACE + ' sent to object: 'Object Repository/FIM/Sites Page/Site Filtering/Site_txt'

21-10-2025T20:27:11 - [MESSAGE][PASSED] - Keys 'BACK_SPACE + ' sent to object: 'Object Repository/FIM/Sites Page/Site Filtering/Site_txt'

21-10-2025T20:27:11 - [TEST_STEP][PASSED] - (i++): null

21-10-2025T20:27:11 - [TEST_STEP][PASSED] - sendKeys(findTestObject("FIM/Sites Page/Site Filtering/Site_txt"), Keys.chord(BACK_SPACE), STOP_ON_FAILURE): Keys 'BACK_SPACE + ' sent to object: 'Object Repository/FIM/Sites Page/Site Filtering/Site_txt'

21-10-2025T20:27:11 - [MESSAGE][PASSED] - Keys 'BACK_SPACE + ' sent to object: 'Object Repository/FIM/Sites Page/Site Filtering/Site_txt'

21-10-2025T20:27:11 - [TEST_STEP][PASSED] - (i++): null

21-10-2025T20:27:11 - [TEST_STEP][PASSED] - sendKeys(findTestObject("FIM/Sites Page/Site Filtering/Site_txt"), Keys.chord(BACK_SPACE), STOP_ON_FAILURE): Keys 'BACK_SPACE + ' sent to object: 'Object Repository/FIM/Sites Page/Site Filtering/Site_txt'

21-10-2025T20:27:11 - [MESSAGE][PASSED] - Keys 'BACK_SPACE + ' sent to object: 'Object Repository/FIM/Sites Page/Site Filtering/Site_txt'

21-10-2025T20:27:11 - [TEST_STEP][PASSED] - (i++): null

21-10-2025T20:27:11 - [TEST_STEP][PASSED] - sendKeys(findTestObject("FIM/Sites Page/Site Filtering/Site_txt"), "TURK132 - 798 North", STOP_ON_FAILURE): Keys 'TURK132 - 798 North' sent to object: 'Object Repository/FIM/Sites Page/Site Filtering/Site_txt'

21-10-2025T20:27:11 - [MESSAGE][PASSED] - Keys 'TURK132 - 798 North' sent to object: 'Object Repository/FIM/Sites Page/Site Filtering/Site_txt'

21-10-2025T20:27:11 - [TEST_STEP][PASSED] - sendKeys(findTestObject("FIM/Sites Page/Site Filtering/Site_txt"), Keys.chord(ENTER), STOP_ON_FAILURE): Keys 'ENTER + ' sent to object: 'Object Repository/FIM/Sites Page/Site Filtering/Site_txt'

21-10-2025T20:27:11 - [MESSAGE][PASSED] - Keys 'ENTER + ' sent to object: 'Object Repository/FIM/Sites Page/Site Filtering/Site_txt'

21-10-2025T20:27:11 - [TEST_STEP][PASSED] - delay(1): Delayed 1 second(s)

21-10-2025T20:27:12 - [MESSAGE][PASSED] - Delayed 1 second(s)

21-10-2025T20:27:12 - [TEST_STEP][PASSED] - waitForElementVisible(findTestObject("FIM/Sites Page/Inventories/Create/Add Inventories_btn"), 300): Object 'Object Repository/FIM/Sites Page/Inventories/Create/Add Inventories_btn' is visible

21-10-2025T20:27:12 - [MESSAGE][PASSED] - Object 'Object Repository/FIM/Sites Page/Inventories/Create/Add Inventories_btn' is visible

21-10-2025T20:27:12 - [TEST_STEP][PASSED] - click(findTestObject("FIM/Sites Page/Inventories/Create/Add Inventories_btn")): Object: 'Object Repository/FIM/Sites Page/Inventories/Create/Add Inventories_btn' is clicked on

21-10-2025T20:27:12 - [MESSAGE][PASSED] - Object: 'Object Repository/FIM/Sites Page/Inventories/Create/Add Inventories_btn' is clicked on

21-10-2025T20:27:12 - [TEST_STEP][PASSED] - sendKeys(findTestObject("FIM/Sites Page/Inventories/Create/Tank_1_txt"), "-2300"): Keys '-2300' sent to object: 'Object Repository/FIM/Sites Page/Inventories/Create/Tank_1_txt'

21-10-2025T20:27:13 - [MESSAGE][PASSED] - Keys '-2300' sent to object: 'Object Repository/FIM/Sites Page/Inventories/Create/Tank_1_txt'

21-10-2025T20:27:13 - [TEST_STEP][PASSED] - delay(2): Delayed 2 second(s)

21-10-2025T20:27:15 - [MESSAGE][PASSED] - Delayed 2 second(s)

21-10-2025T20:27:15 - [TEST_STEP][PASSED] - sendKeys(findTestObject("FIM/Sites Page/Inventories/Create/Tank_2_txt"), "8500"): Keys '8500' sent to object: 'Object Repository/FIM/Sites Page/Inventories/Create/Tank_2_txt'

21-10-2025T20:27:15 - [MESSAGE][PASSED] - Keys '8500' sent to object: 'Object Repository/FIM/Sites Page/Inventories/Create/Tank_2_txt'

21-10-2025T20:27:15 - [TEST_STEP][PASSED] - delay(2): Delayed 2 second(s)

21-10-2025T20:27:17 - [MESSAGE][PASSED] - Delayed 2 second(s)

21-10-2025T20:27:17 - [TEST_STEP][PASSED] - verifyElementNotClickable(findTestObject("FIM/Sites Page/Inventories/Create/Save Inventories_btn")): Object 'Object Repository/FIM/Sites Page/Inventories/Create/Save Inventories_btn' is NOT clickable

21-10-2025T20:27:17 - [MESSAGE][PASSED] - Object 'Object Repository/FIM/Sites Page/Inventories/Create/Save Inventories_btn' is NOT clickable

21-10-2025T20:27:17 - [TEST_STEP][PASSED] - Start listener action : retryOnDisconnect: null

21-10-2025T20:27:17 - [TEST_STEP][PASSED] - tcId = testCaseContext.getTestCaseId(): null

21-10-2025T20:27:17 - [TEST_STEP][PASSED] - currentRetry = retryCounts.getOrDefault(tcId, 0): null

21-10-2025T20:27:17 - [TEST_STEP][PASSED] - if (testCaseContext.getTestCaseStatus() == "FAILED" && currentRetry < MAX_RETRIES): null]]></system-out>
         <system-err><![CDATA[]]></system-err>
      </testcase>
      <testcase name="Test Cases/FIM/UI/KGL/Admin/Sites Page/Inventories/Can Not Save Inventory With Blank Values for Tanks" time="47.088" classname="Test Cases/FIM/UI/KGL/Admin/Sites Page/Inventories/Can Not Save Inventory With Blank Values for Tanks" status="PASSED">
         <system-out><![CDATA[21-10-2025T20:27:17 - [TEST_CASE][PASSED] - Test Cases/FIM/UI/KGL/Admin/Sites Page/Inventories/Can Not Save Inventory With Blank Values for Tanks: Test Cases/FIM/UI/KGL/Admin/Sites Page/Inventories/Can Not Save Inventory With Blank Values for Tanks

21-10-2025T20:27:17 - [TEST_STEP][PASSED] - Start listener action : beforeTestCase: null

21-10-2025T20:27:17 - [TEST_STEP][PASSED] - addDefaultPackages(): null

21-10-2025T20:27:17 - [TEST_STEP][PASSED] - callTestCase(findTestCase("Utility Scripts/FIM KGL Admin Login"), [:], STOP_ON_FAILURE): Call Test Case 'Test Cases/Utility Scripts/FIM KGL Admin Login' successfully

21-10-2025T20:27:17 - [TEST_CASE][PASSED] - Test Cases/Utility Scripts/FIM KGL Admin Login: Test Cases/Utility Scripts/FIM KGL Admin Login

21-10-2025T20:27:17 - [TEST_STEP][PASSED] - openBrowser(""): Browser is opened with url: ''

21-10-2025T20:27:17 - [MESSAGE][WARNING] - A browser is already opened. Closing browser and opening a new one

21-10-2025T20:27:17 - [MESSAGE][INFO] - Starting 'Chrome' driver

21-10-2025T20:27:17 - [MESSAGE][INFO] - User set preference: ['args', '[--no-sandbox, --disable-gpu, --disable-dev-shm-usage]']

21-10-2025T20:27:17 - [MESSAGE][INFO] - Action delay is set to 0 milliseconds

21-10-2025T20:27:18 - [MESSAGE][PASSED] - Browser is opened with url: ''

21-10-2025T20:27:18 - [TEST_STEP][PASSED] - delay(1): Delayed 1 second(s)

21-10-2025T20:27:19 - [MESSAGE][PASSED] - Delayed 1 second(s)

21-10-2025T20:27:19 - [TEST_STEP][PASSED] - navigateToUrl(KGLCustomGroupUrl): Navigate to 'https://kaglogistics-inventory-management-portal.qa.thekag.com/custom-group/' successfully

21-10-2025T20:27:20 - [MESSAGE][PASSED] - Navigate to 'https://kaglogistics-inventory-management-portal.qa.thekag.com/custom-group/' successfully

21-10-2025T20:27:20 - [TEST_STEP][PASSED] - delay(10): Delayed 10 second(s)

21-10-2025T20:27:30 - [MESSAGE][PASSED] - Delayed 10 second(s)

21-10-2025T20:27:30 - [TEST_STEP][PASSED] - if (maximizeWindow == true): Delayed 1 second(s)

21-10-2025T20:27:30 - [TEST_STEP][PASSED] - maximizeWindow(STOP_ON_FAILURE): Current window maximized

21-10-2025T20:27:30 - [MESSAGE][PASSED] - Current window maximized

21-10-2025T20:27:30 - [TEST_STEP][PASSED] - delay(1): Delayed 1 second(s)

21-10-2025T20:27:31 - [MESSAGE][PASSED] - Delayed 1 second(s)

21-10-2025T20:27:31 - [TEST_STEP][PASSED] - waitForElementPresent(findTestObject("FIM/Username_txt"), 10): Object 'Object Repository/FIM/Username_txt' is present

21-10-2025T20:27:31 - [MESSAGE][PASSED] - Object 'Object Repository/FIM/Username_txt' is present

21-10-2025T20:27:31 - [TEST_STEP][PASSED] - setText(findTestObject("FIM/Username_txt"), FIMUsername): Text 'Chris.Sheldon+DES_QA@Thekag.com' is set on object 'Object Repository/FIM/Username_txt'

21-10-2025T20:27:31 - [MESSAGE][PASSED] - Text 'Chris.Sheldon+DES_QA@Thekag.com' is set on object 'Object Repository/FIM/Username_txt'

21-10-2025T20:27:31 - [TEST_STEP][PASSED] - delay(1): Delayed 1 second(s)

21-10-2025T20:27:32 - [MESSAGE][PASSED] - Delayed 1 second(s)

21-10-2025T20:27:32 - [TEST_STEP][PASSED] - setText(findTestObject("FIM/Password_txt"), FIMPassword): Text 'QATest!2' is set on object 'Object Repository/FIM/Password_txt'

21-10-2025T20:27:32 - [MESSAGE][PASSED] - Text 'QATest!2' is set on object 'Object Repository/FIM/Password_txt'

21-10-2025T20:27:32 - [TEST_STEP][PASSED] - delay(1): Delayed 1 second(s)

21-10-2025T20:27:33 - [MESSAGE][PASSED] - Delayed 1 second(s)

21-10-2025T20:27:33 - [TEST_STEP][PASSED] - click(findTestObject("FIM/Login_btn")): Object: 'Object Repository/FIM/Login_btn' is clicked on

21-10-2025T20:27:33 - [MESSAGE][PASSED] - Object: 'Object Repository/FIM/Login_btn' is clicked on

21-10-2025T20:27:33 - [MESSAGE][PASSED] - Call Test Case 'Test Cases/Utility Scripts/FIM KGL Admin Login' successfully

21-10-2025T20:27:33 - [TEST_STEP][PASSED] - if (verifyElementVisible(findTestObject("FIM/Server_Notification_Close_btn"), OPTIONAL) == true): Web element with id: 'Object Repository/FIM/Server_Notification_Close_btn' located by '/html/body/div/div[1]/button' not found (Root cause: com.kms.katalon.core.exception.StepFailedException: Web element with id: 'Object Repository/FIM/Server_Notification_Close_btn' located by '/html/body/div/div[1]/button' not found
	at com.kms.katalon.core.webui.keyword.internal.WebUIKeywordMain.stepFailed(WebUIKeywordMain.groovy:117)
	at com.kms.katalon.core.webui.keyword.builtin.VerifyElementVisibleKeyword$_verifyElementVisible_closure1.doCall(VerifyElementVisibleKeyword.groovy:89)
	at com.kms.katalon.core.webui.keyword.builtin.VerifyElementVisibleKeyword$_verifyElementVisible_closure1.call(VerifyElementVisibleKeyword.groovy)
	at com.kms.katalon.core.webui.keyword.internal.WebUIKeywordMain.runKeyword(WebUIKeywordMain.groovy:35)
	at com.kms.katalon.core.webui.keyword.builtin.VerifyElementVisibleKeyword.verifyElementVisible(VerifyElementVisibleKeyword.groovy:97)
	at com.kms.katalon.core.webui.keyword.builtin.VerifyElementVisibleKeyword.execute(VerifyElementVisibleKeyword.groovy:67)
	at com.kms.katalon.core.keyword.internal.KeywordExecutor.executeKeywordForPlatform(KeywordExecutor.groovy:74)
	at com.kms.katalon.core.webui.keyword.WebUiBuiltInKeywords.verifyElementVisible(WebUiBuiltInKeywords.groovy:401)
	at com.kms.katalon.core.webui.keyword.WebUiBuiltInKeywords$verifyElementVisible$5.call(Unknown Source)
	at Can Not Save Inventory With Blank Values for Tanks.run(Can Not Save Inventory With Blank Values for Tanks:22)
	at com.kms.katalon.core.main.ScriptEngine.run(ScriptEngine.java:194)
	at com.kms.katalon.core.main.ScriptEngine.runScriptAsRawText(ScriptEngine.java:119)
	at com.kms.katalon.core.main.TestCaseExecutor.runScript(TestCaseExecutor.java:448)
	at com.kms.katalon.core.main.TestCaseExecutor.doExecute(TestCaseExecutor.java:439)
	at com.kms.katalon.core.main.TestCaseExecutor.processExecutionPhase(TestCaseExecutor.java:418)
	at com.kms.katalon.core.main.TestCaseExecutor.accessMainPhase(TestCaseExecutor.java:410)
	at com.kms.katalon.core.main.TestCaseExecutor.execute(TestCaseExecutor.java:285)
	at com.kms.katalon.core.common.CommonExecutor.accessTestCaseMainPhase(CommonExecutor.java:65)
	at com.kms.katalon.core.main.TestSuiteExecutor.accessTestSuiteMainPhase(TestSuiteExecutor.java:150)
	at com.kms.katalon.core.main.TestSuiteExecutor.execute(TestSuiteExecutor.java:106)
	at com.kms.katalon.core.main.TestCaseMain.startTestSuite(TestCaseMain.java:180)
	at com.kms.katalon.core.main.TestCaseMain$startTestSuite$0.call(Unknown Source)
	at TempTestSuite1761090764033.run(TempTestSuite1761090764033.groovy:35)
	at java.base/jdk.internal.reflect.NativeMethodAccessorImpl.invoke0(Native Method)
	at java.base/jdk.internal.reflect.NativeMethodAccessorImpl.invoke(NativeMethodAccessorImpl.java:77)
	at java.base/jdk.internal.reflect.DelegatingMethodAccessorImpl.invoke(DelegatingMethodAccessorImpl.java:43)
)

21-10-2025T20:27:49 - [MESSAGE][INFO] - Unable to find the element located by 'By.xpath: /html/body/div/div[1]/button'. Please recheck the objects properties to make sure the desired element is located. 

21-10-2025T20:27:49 - [MESSAGE][WARNING] - [SELF-HEALING] Failed to find element with id 'Object Repository/FIM/Server_Notification_Close_btn'. Try using Self-healing.

21-10-2025T20:27:50 - [MESSAGE][INFO] - [SELF-HEALING] No working XPath is found.

21-10-2025T20:27:52 - [MESSAGE][INFO] - Unable to find the element located by 'By.xpath: '. Please recheck the objects properties to make sure the desired element is located. 

21-10-2025T20:27:52 - [MESSAGE][WARNING] - [SELF-HEALING] Cannot find elements when the selector is null

21-10-2025T20:27:52 - [MESSAGE][WARNING] - Web element with id: 'Object Repository/FIM/Server_Notification_Close_btn' located by '/html/body/div/div[1]/button' not found (Root cause: com.kms.katalon.core.exception.StepFailedException: Web element with id: 'Object Repository/FIM/Server_Notification_Close_btn' located by '/html/body/div/div[1]/button' not found
	at com.kms.katalon.core.webui.keyword.internal.WebUIKeywordMain.stepFailed(WebUIKeywordMain.groovy:117)
	at com.kms.katalon.core.webui.keyword.builtin.VerifyElementVisibleKeyword$_verifyElementVisible_closure1.doCall(VerifyElementVisibleKeyword.groovy:89)
	at com.kms.katalon.core.webui.keyword.builtin.VerifyElementVisibleKeyword$_verifyElementVisible_closure1.call(VerifyElementVisibleKeyword.groovy)
	at com.kms.katalon.core.webui.keyword.internal.WebUIKeywordMain.runKeyword(WebUIKeywordMain.groovy:35)
	at com.kms.katalon.core.webui.keyword.builtin.VerifyElementVisibleKeyword.verifyElementVisible(VerifyElementVisibleKeyword.groovy:97)
	at com.kms.katalon.core.webui.keyword.builtin.VerifyElementVisibleKeyword.execute(VerifyElementVisibleKeyword.groovy:67)
	at com.kms.katalon.core.keyword.internal.KeywordExecutor.executeKeywordForPlatform(KeywordExecutor.groovy:74)
	at com.kms.katalon.core.webui.keyword.WebUiBuiltInKeywords.verifyElementVisible(WebUiBuiltInKeywords.groovy:401)
	at com.kms.katalon.core.webui.keyword.WebUiBuiltInKeywords$verifyElementVisible$5.call(Unknown Source)
	at Can Not Save Inventory With Blank Values for Tanks.run(Can Not Save Inventory With Blank Values for Tanks:22)
	at com.kms.katalon.core.main.ScriptEngine.run(ScriptEngine.java:194)
	at com.kms.katalon.core.main.ScriptEngine.runScriptAsRawText(ScriptEngine.java:119)
	at com.kms.katalon.core.main.TestCaseExecutor.runScript(TestCaseExecutor.java:448)
	at com.kms.katalon.core.main.TestCaseExecutor.doExecute(TestCaseExecutor.java:439)
	at com.kms.katalon.core.main.TestCaseExecutor.processExecutionPhase(TestCaseExecutor.java:418)
	at com.kms.katalon.core.main.TestCaseExecutor.accessMainPhase(TestCaseExecutor.java:410)
	at com.kms.katalon.core.main.TestCaseExecutor.execute(TestCaseExecutor.java:285)
	at com.kms.katalon.core.common.CommonExecutor.accessTestCaseMainPhase(CommonExecutor.java:65)
	at com.kms.katalon.core.main.TestSuiteExecutor.accessTestSuiteMainPhase(TestSuiteExecutor.java:150)
	at com.kms.katalon.core.main.TestSuiteExecutor.execute(TestSuiteExecutor.java:106)
	at com.kms.katalon.core.main.TestCaseMain.startTestSuite(TestCaseMain.java:180)
	at com.kms.katalon.core.main.TestCaseMain$startTestSuite$0.call(Unknown Source)
	at TempTestSuite1761090764033.run(TempTestSuite1761090764033.groovy:35)
	at java.base/jdk.internal.reflect.NativeMethodAccessorImpl.invoke0(Native Method)
	at java.base/jdk.internal.reflect.NativeMethodAccessorImpl.invoke(NativeMethodAccessorImpl.java:77)
	at java.base/jdk.internal.reflect.DelegatingMethodAccessorImpl.invoke(DelegatingMethodAccessorImpl.java:43)
)

21-10-2025T20:27:52 - [TEST_STEP][PASSED] - delay(1): Delayed 1 second(s)

21-10-2025T20:27:53 - [MESSAGE][PASSED] - Delayed 1 second(s)

21-10-2025T20:27:53 - [TEST_STEP][PASSED] - click(findTestObject("FIM/Hamburger Menu List/Hamburger_menu")): Object: 'Object Repository/FIM/Hamburger Menu List/Hamburger_menu' is clicked on

21-10-2025T20:27:54 - [MESSAGE][PASSED] - Object: 'Object Repository/FIM/Hamburger Menu List/Hamburger_menu' is clicked on

21-10-2025T20:27:54 - [TEST_STEP][PASSED] - verifyElementPresent(findTestObject("FIM/Hamburger Menu List/Sites_list (1)"), 10): Object 'Object Repository/FIM/Hamburger Menu List/Sites_list (1)' is present

21-10-2025T20:27:54 - [MESSAGE][PASSED] - Object 'Object Repository/FIM/Hamburger Menu List/Sites_list (1)' is present

21-10-2025T20:27:54 - [TEST_STEP][PASSED] - delay(1): Delayed 1 second(s)

21-10-2025T20:27:55 - [MESSAGE][PASSED] - Delayed 1 second(s)

21-10-2025T20:27:55 - [TEST_STEP][PASSED] - click(findTestObject("FIM/Hamburger Menu List/Sites_list (1)")): Object: 'Object Repository/FIM/Hamburger Menu List/Sites_list (1)' is clicked on

21-10-2025T20:27:55 - [MESSAGE][PASSED] - Object: 'Object Repository/FIM/Hamburger Menu List/Sites_list (1)' is clicked on

21-10-2025T20:27:55 - [TEST_STEP][PASSED] - waitForElementPresent(findTestObject("FIM/Sites Page/Calculator/Calculator Tab"), 10): Object 'Object Repository/FIM/Sites Page/Calculator/Calculator Tab' is present

21-10-2025T20:27:55 - [MESSAGE][PASSED] - Object 'Object Repository/FIM/Sites Page/Calculator/Calculator Tab' is present

21-10-2025T20:27:55 - [TEST_STEP][PASSED] - delay(1): Delayed 1 second(s)

21-10-2025T20:27:56 - [MESSAGE][PASSED] - Delayed 1 second(s)

21-10-2025T20:27:56 - [TEST_STEP][PASSED] - selectOptionByLabel(findTestObject("FIM/Sites Page/Site Filtering/Region Selection_dropdown"), "KAG LOGISTICS", false): All options with label 'KAG LOGISTICS' are selected in object 'Object Repository/FIM/Sites Page/Site Filtering/Region Selection_dropdown' 

21-10-2025T20:27:57 - [MESSAGE][PASSED] - All options with label 'KAG LOGISTICS' are selected in object 'Object Repository/FIM/Sites Page/Site Filtering/Region Selection_dropdown' 

21-10-2025T20:27:57 - [TEST_STEP][PASSED] - i = 0: null

21-10-2025T20:27:57 - [TEST_STEP][PASSED] - while (i < 60 == true): null

21-10-2025T20:27:57 - [TEST_STEP][PASSED] - sendKeys(findTestObject("FIM/Sites Page/Site Filtering/Site_txt"), Keys.chord(BACK_SPACE), STOP_ON_FAILURE): Keys 'BACK_SPACE + ' sent to object: 'Object Repository/FIM/Sites Page/Site Filtering/Site_txt'

21-10-2025T20:27:58 - [MESSAGE][PASSED] - Keys 'BACK_SPACE + ' sent to object: 'Object Repository/FIM/Sites Page/Site Filtering/Site_txt'

21-10-2025T20:27:58 - [TEST_STEP][PASSED] - (i++): null

21-10-2025T20:27:58 - [TEST_STEP][PASSED] - sendKeys(findTestObject("FIM/Sites Page/Site Filtering/Site_txt"), Keys.chord(BACK_SPACE), STOP_ON_FAILURE): Keys 'BACK_SPACE + ' sent to object: 'Object Repository/FIM/Sites Page/Site Filtering/Site_txt'

21-10-2025T20:27:58 - [MESSAGE][PASSED] - Keys 'BACK_SPACE + ' sent to object: 'Object Repository/FIM/Sites Page/Site Filtering/Site_txt'

21-10-2025T20:27:58 - [TEST_STEP][PASSED] - (i++): null

21-10-2025T20:27:58 - [TEST_STEP][PASSED] - sendKeys(findTestObject("FIM/Sites Page/Site Filtering/Site_txt"), Keys.chord(BACK_SPACE), STOP_ON_FAILURE): Keys 'BACK_SPACE + ' sent to object: 'Object Repository/FIM/Sites Page/Site Filtering/Site_txt'

21-10-2025T20:27:58 - [MESSAGE][PASSED] - Keys 'BACK_SPACE + ' sent to object: 'Object Repository/FIM/Sites Page/Site Filtering/Site_txt'

21-10-2025T20:27:58 - [TEST_STEP][PASSED] - (i++): null

21-10-2025T20:27:58 - [TEST_STEP][PASSED] - sendKeys(findTestObject("FIM/Sites Page/Site Filtering/Site_txt"), Keys.chord(BACK_SPACE), STOP_ON_FAILURE): Keys 'BACK_SPACE + ' sent to object: 'Object Repository/FIM/Sites Page/Site Filtering/Site_txt'

21-10-2025T20:27:58 - [MESSAGE][PASSED] - Keys 'BACK_SPACE + ' sent to object: 'Object Repository/FIM/Sites Page/Site Filtering/Site_txt'

21-10-2025T20:27:58 - [TEST_STEP][PASSED] - (i++): null

21-10-2025T20:27:58 - [TEST_STEP][PASSED] - sendKeys(findTestObject("FIM/Sites Page/Site Filtering/Site_txt"), Keys.chord(BACK_SPACE), STOP_ON_FAILURE): Keys 'BACK_SPACE + ' sent to object: 'Object Repository/FIM/Sites Page/Site Filtering/Site_txt'

21-10-2025T20:27:58 - [MESSAGE][PASSED] - Keys 'BACK_SPACE + ' sent to object: 'Object Repository/FIM/Sites Page/Site Filtering/Site_txt'

21-10-2025T20:27:58 - [TEST_STEP][PASSED] - (i++): null

21-10-2025T20:27:58 - [TEST_STEP][PASSED] - sendKeys(findTestObject("FIM/Sites Page/Site Filtering/Site_txt"), Keys.chord(BACK_SPACE), STOP_ON_FAILURE): Keys 'BACK_SPACE + ' sent to object: 'Object Repository/FIM/Sites Page/Site Filtering/Site_txt'

21-10-2025T20:27:58 - [MESSAGE][PASSED] - Keys 'BACK_SPACE + ' sent to object: 'Object Repository/FIM/Sites Page/Site Filtering/Site_txt'

21-10-2025T20:27:58 - [TEST_STEP][PASSED] - (i++): null

21-10-2025T20:27:58 - [TEST_STEP][PASSED] - sendKeys(findTestObject("FIM/Sites Page/Site Filtering/Site_txt"), Keys.chord(BACK_SPACE), STOP_ON_FAILURE): Keys 'BACK_SPACE + ' sent to object: 'Object Repository/FIM/Sites Page/Site Filtering/Site_txt'

21-10-2025T20:27:58 - [MESSAGE][PASSED] - Keys 'BACK_SPACE + ' sent to object: 'Object Repository/FIM/Sites Page/Site Filtering/Site_txt'

21-10-2025T20:27:58 - [TEST_STEP][PASSED] - (i++): null

21-10-2025T20:27:58 - [TEST_STEP][PASSED] - sendKeys(findTestObject("FIM/Sites Page/Site Filtering/Site_txt"), Keys.chord(BACK_SPACE), STOP_ON_FAILURE): Keys 'BACK_SPACE + ' sent to object: 'Object Repository/FIM/Sites Page/Site Filtering/Site_txt'

21-10-2025T20:27:58 - [MESSAGE][PASSED] - Keys 'BACK_SPACE + ' sent to object: 'Object Repository/FIM/Sites Page/Site Filtering/Site_txt'

21-10-2025T20:27:58 - [TEST_STEP][PASSED] - (i++): null

21-10-2025T20:27:58 - [TEST_STEP][PASSED] - sendKeys(findTestObject("FIM/Sites Page/Site Filtering/Site_txt"), Keys.chord(BACK_SPACE), STOP_ON_FAILURE): Keys 'BACK_SPACE + ' sent to object: 'Object Repository/FIM/Sites Page/Site Filtering/Site_txt'

21-10-2025T20:27:58 - [MESSAGE][PASSED] - Keys 'BACK_SPACE + ' sent to object: 'Object Repository/FIM/Sites Page/Site Filtering/Site_txt'

21-10-2025T20:27:58 - [TEST_STEP][PASSED] - (i++): null

21-10-2025T20:27:58 - [TEST_STEP][PASSED] - sendKeys(findTestObject("FIM/Sites Page/Site Filtering/Site_txt"), Keys.chord(BACK_SPACE), STOP_ON_FAILURE): Keys 'BACK_SPACE + ' sent to object: 'Object Repository/FIM/Sites Page/Site Filtering/Site_txt'

21-10-2025T20:27:58 - [MESSAGE][PASSED] - Keys 'BACK_SPACE + ' sent to object: 'Object Repository/FIM/Sites Page/Site Filtering/Site_txt'

21-10-2025T20:27:58 - [TEST_STEP][PASSED] - (i++): null

21-10-2025T20:27:58 - [TEST_STEP][PASSED] - sendKeys(findTestObject("FIM/Sites Page/Site Filtering/Site_txt"), Keys.chord(BACK_SPACE), STOP_ON_FAILURE): Keys 'BACK_SPACE + ' sent to object: 'Object Repository/FIM/Sites Page/Site Filtering/Site_txt'

21-10-2025T20:27:58 - [MESSAGE][PASSED] - Keys 'BACK_SPACE + ' sent to object: 'Object Repository/FIM/Sites Page/Site Filtering/Site_txt'

21-10-2025T20:27:58 - [TEST_STEP][PASSED] - (i++): null

21-10-2025T20:27:58 - [TEST_STEP][PASSED] - sendKeys(findTestObject("FIM/Sites Page/Site Filtering/Site_txt"), Keys.chord(BACK_SPACE), STOP_ON_FAILURE): Keys 'BACK_SPACE + ' sent to object: 'Object Repository/FIM/Sites Page/Site Filtering/Site_txt'

21-10-2025T20:27:58 - [MESSAGE][PASSED] - Keys 'BACK_SPACE + ' sent to object: 'Object Repository/FIM/Sites Page/Site Filtering/Site_txt'

21-10-2025T20:27:58 - [TEST_STEP][PASSED] - (i++): null

21-10-2025T20:27:58 - [TEST_STEP][PASSED] - sendKeys(findTestObject("FIM/Sites Page/Site Filtering/Site_txt"), Keys.chord(BACK_SPACE), STOP_ON_FAILURE): Keys 'BACK_SPACE + ' sent to object: 'Object Repository/FIM/Sites Page/Site Filtering/Site_txt'

21-10-2025T20:27:58 - [MESSAGE][PASSED] - Keys 'BACK_SPACE + ' sent to object: 'Object Repository/FIM/Sites Page/Site Filtering/Site_txt'

21-10-2025T20:27:58 - [TEST_STEP][PASSED] - (i++): null

21-10-2025T20:27:58 - [TEST_STEP][PASSED] - sendKeys(findTestObject("FIM/Sites Page/Site Filtering/Site_txt"), Keys.chord(BACK_SPACE), STOP_ON_FAILURE): Keys 'BACK_SPACE + ' sent to object: 'Object Repository/FIM/Sites Page/Site Filtering/Site_txt'

21-10-2025T20:27:58 - [MESSAGE][PASSED] - Keys 'BACK_SPACE + ' sent to object: 'Object Repository/FIM/Sites Page/Site Filtering/Site_txt'

21-10-2025T20:27:58 - [TEST_STEP][PASSED] - (i++): null

21-10-2025T20:27:58 - [TEST_STEP][PASSED] - sendKeys(findTestObject("FIM/Sites Page/Site Filtering/Site_txt"), Keys.chord(BACK_SPACE), STOP_ON_FAILURE): Keys 'BACK_SPACE + ' sent to object: 'Object Repository/FIM/Sites Page/Site Filtering/Site_txt'

21-10-2025T20:27:59 - [MESSAGE][PASSED] - Keys 'BACK_SPACE + ' sent to object: 'Object Repository/FIM/Sites Page/Site Filtering/Site_txt'

21-10-2025T20:27:59 - [TEST_STEP][PASSED] - (i++): null

21-10-2025T20:27:59 - [TEST_STEP][PASSED] - sendKeys(findTestObject("FIM/Sites Page/Site Filtering/Site_txt"), Keys.chord(BACK_SPACE), STOP_ON_FAILURE): Keys 'BACK_SPACE + ' sent to object: 'Object Repository/FIM/Sites Page/Site Filtering/Site_txt'

21-10-2025T20:27:59 - [MESSAGE][PASSED] - Keys 'BACK_SPACE + ' sent to object: 'Object Repository/FIM/Sites Page/Site Filtering/Site_txt'

21-10-2025T20:27:59 - [TEST_STEP][PASSED] - (i++): null

21-10-2025T20:27:59 - [TEST_STEP][PASSED] - sendKeys(findTestObject("FIM/Sites Page/Site Filtering/Site_txt"), Keys.chord(BACK_SPACE), STOP_ON_FAILURE): Keys 'BACK_SPACE + ' sent to object: 'Object Repository/FIM/Sites Page/Site Filtering/Site_txt'

21-10-2025T20:27:59 - [MESSAGE][PASSED] - Keys 'BACK_SPACE + ' sent to object: 'Object Repository/FIM/Sites Page/Site Filtering/Site_txt'

21-10-2025T20:27:59 - [TEST_STEP][PASSED] - (i++): null

21-10-2025T20:27:59 - [TEST_STEP][PASSED] - sendKeys(findTestObject("FIM/Sites Page/Site Filtering/Site_txt"), Keys.chord(BACK_SPACE), STOP_ON_FAILURE): Keys 'BACK_SPACE + ' sent to object: 'Object Repository/FIM/Sites Page/Site Filtering/Site_txt'

21-10-2025T20:27:59 - [MESSAGE][PASSED] - Keys 'BACK_SPACE + ' sent to object: 'Object Repository/FIM/Sites Page/Site Filtering/Site_txt'

21-10-2025T20:27:59 - [TEST_STEP][PASSED] - (i++): null

21-10-2025T20:27:59 - [TEST_STEP][PASSED] - sendKeys(findTestObject("FIM/Sites Page/Site Filtering/Site_txt"), Keys.chord(BACK_SPACE), STOP_ON_FAILURE): Keys 'BACK_SPACE + ' sent to object: 'Object Repository/FIM/Sites Page/Site Filtering/Site_txt'

21-10-2025T20:27:59 - [MESSAGE][PASSED] - Keys 'BACK_SPACE + ' sent to object: 'Object Repository/FIM/Sites Page/Site Filtering/Site_txt'

21-10-2025T20:27:59 - [TEST_STEP][PASSED] - (i++): null

21-10-2025T20:27:59 - [TEST_STEP][PASSED] - sendKeys(findTestObject("FIM/Sites Page/Site Filtering/Site_txt"), Keys.chord(BACK_SPACE), STOP_ON_FAILURE): Keys 'BACK_SPACE + ' sent to object: 'Object Repository/FIM/Sites Page/Site Filtering/Site_txt'

21-10-2025T20:27:59 - [MESSAGE][PASSED] - Keys 'BACK_SPACE + ' sent to object: 'Object Repository/FIM/Sites Page/Site Filtering/Site_txt'

21-10-2025T20:27:59 - [TEST_STEP][PASSED] - (i++): null

21-10-2025T20:27:59 - [TEST_STEP][PASSED] - sendKeys(findTestObject("FIM/Sites Page/Site Filtering/Site_txt"), Keys.chord(BACK_SPACE), STOP_ON_FAILURE): Keys 'BACK_SPACE + ' sent to object: 'Object Repository/FIM/Sites Page/Site Filtering/Site_txt'

21-10-2025T20:27:59 - [MESSAGE][PASSED] - Keys 'BACK_SPACE + ' sent to object: 'Object Repository/FIM/Sites Page/Site Filtering/Site_txt'

21-10-2025T20:27:59 - [TEST_STEP][PASSED] - (i++): null

21-10-2025T20:27:59 - [TEST_STEP][PASSED] - sendKeys(findTestObject("FIM/Sites Page/Site Filtering/Site_txt"), Keys.chord(BACK_SPACE), STOP_ON_FAILURE): Keys 'BACK_SPACE + ' sent to object: 'Object Repository/FIM/Sites Page/Site Filtering/Site_txt'

21-10-2025T20:27:59 - [MESSAGE][PASSED] - Keys 'BACK_SPACE + ' sent to object: 'Object Repository/FIM/Sites Page/Site Filtering/Site_txt'

21-10-2025T20:27:59 - [TEST_STEP][PASSED] - (i++): null

21-10-2025T20:27:59 - [TEST_STEP][PASSED] - sendKeys(findTestObject("FIM/Sites Page/Site Filtering/Site_txt"), Keys.chord(BACK_SPACE), STOP_ON_FAILURE): Keys 'BACK_SPACE + ' sent to object: 'Object Repository/FIM/Sites Page/Site Filtering/Site_txt'

21-10-2025T20:27:59 - [MESSAGE][PASSED] - Keys 'BACK_SPACE + ' sent to object: 'Object Repository/FIM/Sites Page/Site Filtering/Site_txt'

21-10-2025T20:27:59 - [TEST_STEP][PASSED] - (i++): null

21-10-2025T20:27:59 - [TEST_STEP][PASSED] - sendKeys(findTestObject("FIM/Sites Page/Site Filtering/Site_txt"), Keys.chord(BACK_SPACE), STOP_ON_FAILURE): Keys 'BACK_SPACE + ' sent to object: 'Object Repository/FIM/Sites Page/Site Filtering/Site_txt'

21-10-2025T20:27:59 - [MESSAGE][PASSED] - Keys 'BACK_SPACE + ' sent to object: 'Object Repository/FIM/Sites Page/Site Filtering/Site_txt'

21-10-2025T20:27:59 - [TEST_STEP][PASSED] - (i++): null

21-10-2025T20:27:59 - [TEST_STEP][PASSED] - sendKeys(findTestObject("FIM/Sites Page/Site Filtering/Site_txt"), Keys.chord(BACK_SPACE), STOP_ON_FAILURE): Keys 'BACK_SPACE + ' sent to object: 'Object Repository/FIM/Sites Page/Site Filtering/Site_txt'

21-10-2025T20:27:59 - [MESSAGE][PASSED] - Keys 'BACK_SPACE + ' sent to object: 'Object Repository/FIM/Sites Page/Site Filtering/Site_txt'

21-10-2025T20:27:59 - [TEST_STEP][PASSED] - (i++): null

21-10-2025T20:27:59 - [TEST_STEP][PASSED] - sendKeys(findTestObject("FIM/Sites Page/Site Filtering/Site_txt"), Keys.chord(BACK_SPACE), STOP_ON_FAILURE): Keys 'BACK_SPACE + ' sent to object: 'Object Repository/FIM/Sites Page/Site Filtering/Site_txt'

21-10-2025T20:27:59 - [MESSAGE][PASSED] - Keys 'BACK_SPACE + ' sent to object: 'Object Repository/FIM/Sites Page/Site Filtering/Site_txt'

21-10-2025T20:27:59 - [TEST_STEP][PASSED] - (i++): null

21-10-2025T20:27:59 - [TEST_STEP][PASSED] - sendKeys(findTestObject("FIM/Sites Page/Site Filtering/Site_txt"), Keys.chord(BACK_SPACE), STOP_ON_FAILURE): Keys 'BACK_SPACE + ' sent to object: 'Object Repository/FIM/Sites Page/Site Filtering/Site_txt'

21-10-2025T20:27:59 - [MESSAGE][PASSED] - Keys 'BACK_SPACE + ' sent to object: 'Object Repository/FIM/Sites Page/Site Filtering/Site_txt'

21-10-2025T20:27:59 - [TEST_STEP][PASSED] - (i++): null

21-10-2025T20:27:59 - [TEST_STEP][PASSED] - sendKeys(findTestObject("FIM/Sites Page/Site Filtering/Site_txt"), Keys.chord(BACK_SPACE), STOP_ON_FAILURE): Keys 'BACK_SPACE + ' sent to object: 'Object Repository/FIM/Sites Page/Site Filtering/Site_txt'

21-10-2025T20:27:59 - [MESSAGE][PASSED] - Keys 'BACK_SPACE + ' sent to object: 'Object Repository/FIM/Sites Page/Site Filtering/Site_txt'

21-10-2025T20:27:59 - [TEST_STEP][PASSED] - (i++): null

21-10-2025T20:27:59 - [TEST_STEP][PASSED] - sendKeys(findTestObject("FIM/Sites Page/Site Filtering/Site_txt"), Keys.chord(BACK_SPACE), STOP_ON_FAILURE): Keys 'BACK_SPACE + ' sent to object: 'Object Repository/FIM/Sites Page/Site Filtering/Site_txt'

21-10-2025T20:27:59 - [MESSAGE][PASSED] - Keys 'BACK_SPACE + ' sent to object: 'Object Repository/FIM/Sites Page/Site Filtering/Site_txt'

21-10-2025T20:27:59 - [TEST_STEP][PASSED] - (i++): null

21-10-2025T20:27:59 - [TEST_STEP][PASSED] - sendKeys(findTestObject("FIM/Sites Page/Site Filtering/Site_txt"), Keys.chord(BACK_SPACE), STOP_ON_FAILURE): Keys 'BACK_SPACE + ' sent to object: 'Object Repository/FIM/Sites Page/Site Filtering/Site_txt'

21-10-2025T20:27:59 - [MESSAGE][PASSED] - Keys 'BACK_SPACE + ' sent to object: 'Object Repository/FIM/Sites Page/Site Filtering/Site_txt'

21-10-2025T20:27:59 - [TEST_STEP][PASSED] - (i++): null

21-10-2025T20:27:59 - [TEST_STEP][PASSED] - sendKeys(findTestObject("FIM/Sites Page/Site Filtering/Site_txt"), Keys.chord(BACK_SPACE), STOP_ON_FAILURE): Keys 'BACK_SPACE + ' sent to object: 'Object Repository/FIM/Sites Page/Site Filtering/Site_txt'

21-10-2025T20:27:59 - [MESSAGE][PASSED] - Keys 'BACK_SPACE + ' sent to object: 'Object Repository/FIM/Sites Page/Site Filtering/Site_txt'

21-10-2025T20:27:59 - [TEST_STEP][PASSED] - (i++): null

21-10-2025T20:27:59 - [TEST_STEP][PASSED] - sendKeys(findTestObject("FIM/Sites Page/Site Filtering/Site_txt"), Keys.chord(BACK_SPACE), STOP_ON_FAILURE): Keys 'BACK_SPACE + ' sent to object: 'Object Repository/FIM/Sites Page/Site Filtering/Site_txt'

21-10-2025T20:28:00 - [MESSAGE][PASSED] - Keys 'BACK_SPACE + ' sent to object: 'Object Repository/FIM/Sites Page/Site Filtering/Site_txt'

21-10-2025T20:28:00 - [TEST_STEP][PASSED] - (i++): null

21-10-2025T20:28:00 - [TEST_STEP][PASSED] - sendKeys(findTestObject("FIM/Sites Page/Site Filtering/Site_txt"), Keys.chord(BACK_SPACE), STOP_ON_FAILURE): Keys 'BACK_SPACE + ' sent to object: 'Object Repository/FIM/Sites Page/Site Filtering/Site_txt'

21-10-2025T20:28:00 - [MESSAGE][PASSED] - Keys 'BACK_SPACE + ' sent to object: 'Object Repository/FIM/Sites Page/Site Filtering/Site_txt'

21-10-2025T20:28:00 - [TEST_STEP][PASSED] - (i++): null

21-10-2025T20:28:00 - [TEST_STEP][PASSED] - sendKeys(findTestObject("FIM/Sites Page/Site Filtering/Site_txt"), Keys.chord(BACK_SPACE), STOP_ON_FAILURE): Keys 'BACK_SPACE + ' sent to object: 'Object Repository/FIM/Sites Page/Site Filtering/Site_txt'

21-10-2025T20:28:00 - [MESSAGE][PASSED] - Keys 'BACK_SPACE + ' sent to object: 'Object Repository/FIM/Sites Page/Site Filtering/Site_txt'

21-10-2025T20:28:00 - [TEST_STEP][PASSED] - (i++): null

21-10-2025T20:28:00 - [TEST_STEP][PASSED] - sendKeys(findTestObject("FIM/Sites Page/Site Filtering/Site_txt"), Keys.chord(BACK_SPACE), STOP_ON_FAILURE): Keys 'BACK_SPACE + ' sent to object: 'Object Repository/FIM/Sites Page/Site Filtering/Site_txt'

21-10-2025T20:28:00 - [MESSAGE][PASSED] - Keys 'BACK_SPACE + ' sent to object: 'Object Repository/FIM/Sites Page/Site Filtering/Site_txt'

21-10-2025T20:28:00 - [TEST_STEP][PASSED] - (i++): null

21-10-2025T20:28:00 - [TEST_STEP][PASSED] - sendKeys(findTestObject("FIM/Sites Page/Site Filtering/Site_txt"), Keys.chord(BACK_SPACE), STOP_ON_FAILURE): Keys 'BACK_SPACE + ' sent to object: 'Object Repository/FIM/Sites Page/Site Filtering/Site_txt'

21-10-2025T20:28:00 - [MESSAGE][PASSED] - Keys 'BACK_SPACE + ' sent to object: 'Object Repository/FIM/Sites Page/Site Filtering/Site_txt'

21-10-2025T20:28:00 - [TEST_STEP][PASSED] - (i++): null

21-10-2025T20:28:00 - [TEST_STEP][PASSED] - sendKeys(findTestObject("FIM/Sites Page/Site Filtering/Site_txt"), Keys.chord(BACK_SPACE), STOP_ON_FAILURE): Keys 'BACK_SPACE + ' sent to object: 'Object Repository/FIM/Sites Page/Site Filtering/Site_txt'

21-10-2025T20:28:00 - [MESSAGE][PASSED] - Keys 'BACK_SPACE + ' sent to object: 'Object Repository/FIM/Sites Page/Site Filtering/Site_txt'

21-10-2025T20:28:00 - [TEST_STEP][PASSED] - (i++): null

21-10-2025T20:28:00 - [TEST_STEP][PASSED] - sendKeys(findTestObject("FIM/Sites Page/Site Filtering/Site_txt"), Keys.chord(BACK_SPACE), STOP_ON_FAILURE): Keys 'BACK_SPACE + ' sent to object: 'Object Repository/FIM/Sites Page/Site Filtering/Site_txt'

21-10-2025T20:28:00 - [MESSAGE][PASSED] - Keys 'BACK_SPACE + ' sent to object: 'Object Repository/FIM/Sites Page/Site Filtering/Site_txt'

21-10-2025T20:28:00 - [TEST_STEP][PASSED] - (i++): null

21-10-2025T20:28:00 - [TEST_STEP][PASSED] - sendKeys(findTestObject("FIM/Sites Page/Site Filtering/Site_txt"), Keys.chord(BACK_SPACE), STOP_ON_FAILURE): Keys 'BACK_SPACE + ' sent to object: 'Object Repository/FIM/Sites Page/Site Filtering/Site_txt'

21-10-2025T20:28:00 - [MESSAGE][PASSED] - Keys 'BACK_SPACE + ' sent to object: 'Object Repository/FIM/Sites Page/Site Filtering/Site_txt'

21-10-2025T20:28:00 - [TEST_STEP][PASSED] - (i++): null

21-10-2025T20:28:00 - [TEST_STEP][PASSED] - sendKeys(findTestObject("FIM/Sites Page/Site Filtering/Site_txt"), Keys.chord(BACK_SPACE), STOP_ON_FAILURE): Keys 'BACK_SPACE + ' sent to object: 'Object Repository/FIM/Sites Page/Site Filtering/Site_txt'

21-10-2025T20:28:00 - [MESSAGE][PASSED] - Keys 'BACK_SPACE + ' sent to object: 'Object Repository/FIM/Sites Page/Site Filtering/Site_txt'

21-10-2025T20:28:00 - [TEST_STEP][PASSED] - (i++): null

21-10-2025T20:28:00 - [TEST_STEP][PASSED] - sendKeys(findTestObject("FIM/Sites Page/Site Filtering/Site_txt"), Keys.chord(BACK_SPACE), STOP_ON_FAILURE): Keys 'BACK_SPACE + ' sent to object: 'Object Repository/FIM/Sites Page/Site Filtering/Site_txt'

21-10-2025T20:28:00 - [MESSAGE][PASSED] - Keys 'BACK_SPACE + ' sent to object: 'Object Repository/FIM/Sites Page/Site Filtering/Site_txt'

21-10-2025T20:28:00 - [TEST_STEP][PASSED] - (i++): null

21-10-2025T20:28:00 - [TEST_STEP][PASSED] - sendKeys(findTestObject("FIM/Sites Page/Site Filtering/Site_txt"), Keys.chord(BACK_SPACE), STOP_ON_FAILURE): Keys 'BACK_SPACE + ' sent to object: 'Object Repository/FIM/Sites Page/Site Filtering/Site_txt'

21-10-2025T20:28:00 - [MESSAGE][PASSED] - Keys 'BACK_SPACE + ' sent to object: 'Object Repository/FIM/Sites Page/Site Filtering/Site_txt'

21-10-2025T20:28:00 - [TEST_STEP][PASSED] - (i++): null

21-10-2025T20:28:00 - [TEST_STEP][PASSED] - sendKeys(findTestObject("FIM/Sites Page/Site Filtering/Site_txt"), Keys.chord(BACK_SPACE), STOP_ON_FAILURE): Keys 'BACK_SPACE + ' sent to object: 'Object Repository/FIM/Sites Page/Site Filtering/Site_txt'

21-10-2025T20:28:00 - [MESSAGE][PASSED] - Keys 'BACK_SPACE + ' sent to object: 'Object Repository/FIM/Sites Page/Site Filtering/Site_txt'

21-10-2025T20:28:00 - [TEST_STEP][PASSED] - (i++): null

21-10-2025T20:28:00 - [TEST_STEP][PASSED] - sendKeys(findTestObject("FIM/Sites Page/Site Filtering/Site_txt"), Keys.chord(BACK_SPACE), STOP_ON_FAILURE): Keys 'BACK_SPACE + ' sent to object: 'Object Repository/FIM/Sites Page/Site Filtering/Site_txt'

21-10-2025T20:28:00 - [MESSAGE][PASSED] - Keys 'BACK_SPACE + ' sent to object: 'Object Repository/FIM/Sites Page/Site Filtering/Site_txt'

21-10-2025T20:28:00 - [TEST_STEP][PASSED] - (i++): null

21-10-2025T20:28:00 - [TEST_STEP][PASSED] - sendKeys(findTestObject("FIM/Sites Page/Site Filtering/Site_txt"), Keys.chord(BACK_SPACE), STOP_ON_FAILURE): Keys 'BACK_SPACE + ' sent to object: 'Object Repository/FIM/Sites Page/Site Filtering/Site_txt'

21-10-2025T20:28:00 - [MESSAGE][PASSED] - Keys 'BACK_SPACE + ' sent to object: 'Object Repository/FIM/Sites Page/Site Filtering/Site_txt'

21-10-2025T20:28:00 - [TEST_STEP][PASSED] - (i++): null

21-10-2025T20:28:00 - [TEST_STEP][PASSED] - sendKeys(findTestObject("FIM/Sites Page/Site Filtering/Site_txt"), Keys.chord(BACK_SPACE), STOP_ON_FAILURE): Keys 'BACK_SPACE + ' sent to object: 'Object Repository/FIM/Sites Page/Site Filtering/Site_txt'

21-10-2025T20:28:00 - [MESSAGE][PASSED] - Keys 'BACK_SPACE + ' sent to object: 'Object Repository/FIM/Sites Page/Site Filtering/Site_txt'

21-10-2025T20:28:00 - [TEST_STEP][PASSED] - (i++): null

21-10-2025T20:28:00 - [TEST_STEP][PASSED] - sendKeys(findTestObject("FIM/Sites Page/Site Filtering/Site_txt"), Keys.chord(BACK_SPACE), STOP_ON_FAILURE): Keys 'BACK_SPACE + ' sent to object: 'Object Repository/FIM/Sites Page/Site Filtering/Site_txt'

21-10-2025T20:28:00 - [MESSAGE][PASSED] - Keys 'BACK_SPACE + ' sent to object: 'Object Repository/FIM/Sites Page/Site Filtering/Site_txt'

21-10-2025T20:28:00 - [TEST_STEP][PASSED] - (i++): null

21-10-2025T20:28:00 - [TEST_STEP][PASSED] - sendKeys(findTestObject("FIM/Sites Page/Site Filtering/Site_txt"), Keys.chord(BACK_SPACE), STOP_ON_FAILURE): Keys 'BACK_SPACE + ' sent to object: 'Object Repository/FIM/Sites Page/Site Filtering/Site_txt'

21-10-2025T20:28:00 - [MESSAGE][PASSED] - Keys 'BACK_SPACE + ' sent to object: 'Object Repository/FIM/Sites Page/Site Filtering/Site_txt'

21-10-2025T20:28:00 - [TEST_STEP][PASSED] - (i++): null

21-10-2025T20:28:00 - [TEST_STEP][PASSED] - sendKeys(findTestObject("FIM/Sites Page/Site Filtering/Site_txt"), Keys.chord(BACK_SPACE), STOP_ON_FAILURE): Keys 'BACK_SPACE + ' sent to object: 'Object Repository/FIM/Sites Page/Site Filtering/Site_txt'

21-10-2025T20:28:01 - [MESSAGE][PASSED] - Keys 'BACK_SPACE + ' sent to object: 'Object Repository/FIM/Sites Page/Site Filtering/Site_txt'

21-10-2025T20:28:01 - [TEST_STEP][PASSED] - (i++): null

21-10-2025T20:28:01 - [TEST_STEP][PASSED] - sendKeys(findTestObject("FIM/Sites Page/Site Filtering/Site_txt"), Keys.chord(BACK_SPACE), STOP_ON_FAILURE): Keys 'BACK_SPACE + ' sent to object: 'Object Repository/FIM/Sites Page/Site Filtering/Site_txt'

21-10-2025T20:28:01 - [MESSAGE][PASSED] - Keys 'BACK_SPACE + ' sent to object: 'Object Repository/FIM/Sites Page/Site Filtering/Site_txt'

21-10-2025T20:28:01 - [TEST_STEP][PASSED] - (i++): null

21-10-2025T20:28:01 - [TEST_STEP][PASSED] - sendKeys(findTestObject("FIM/Sites Page/Site Filtering/Site_txt"), Keys.chord(BACK_SPACE), STOP_ON_FAILURE): Keys 'BACK_SPACE + ' sent to object: 'Object Repository/FIM/Sites Page/Site Filtering/Site_txt'

21-10-2025T20:28:01 - [MESSAGE][PASSED] - Keys 'BACK_SPACE + ' sent to object: 'Object Repository/FIM/Sites Page/Site Filtering/Site_txt'

21-10-2025T20:28:01 - [TEST_STEP][PASSED] - (i++): null

21-10-2025T20:28:01 - [TEST_STEP][PASSED] - sendKeys(findTestObject("FIM/Sites Page/Site Filtering/Site_txt"), Keys.chord(BACK_SPACE), STOP_ON_FAILURE): Keys 'BACK_SPACE + ' sent to object: 'Object Repository/FIM/Sites Page/Site Filtering/Site_txt'

21-10-2025T20:28:01 - [MESSAGE][PASSED] - Keys 'BACK_SPACE + ' sent to object: 'Object Repository/FIM/Sites Page/Site Filtering/Site_txt'

21-10-2025T20:28:01 - [TEST_STEP][PASSED] - (i++): null

21-10-2025T20:28:01 - [TEST_STEP][PASSED] - sendKeys(findTestObject("FIM/Sites Page/Site Filtering/Site_txt"), Keys.chord(BACK_SPACE), STOP_ON_FAILURE): Keys 'BACK_SPACE + ' sent to object: 'Object Repository/FIM/Sites Page/Site Filtering/Site_txt'

21-10-2025T20:28:01 - [MESSAGE][PASSED] - Keys 'BACK_SPACE + ' sent to object: 'Object Repository/FIM/Sites Page/Site Filtering/Site_txt'

21-10-2025T20:28:01 - [TEST_STEP][PASSED] - (i++): null

21-10-2025T20:28:01 - [TEST_STEP][PASSED] - sendKeys(findTestObject("FIM/Sites Page/Site Filtering/Site_txt"), Keys.chord(BACK_SPACE), STOP_ON_FAILURE): Keys 'BACK_SPACE + ' sent to object: 'Object Repository/FIM/Sites Page/Site Filtering/Site_txt'

21-10-2025T20:28:01 - [MESSAGE][PASSED] - Keys 'BACK_SPACE + ' sent to object: 'Object Repository/FIM/Sites Page/Site Filtering/Site_txt'

21-10-2025T20:28:01 - [TEST_STEP][PASSED] - (i++): null

21-10-2025T20:28:01 - [TEST_STEP][PASSED] - sendKeys(findTestObject("FIM/Sites Page/Site Filtering/Site_txt"), Keys.chord(BACK_SPACE), STOP_ON_FAILURE): Keys 'BACK_SPACE + ' sent to object: 'Object Repository/FIM/Sites Page/Site Filtering/Site_txt'

21-10-2025T20:28:01 - [MESSAGE][PASSED] - Keys 'BACK_SPACE + ' sent to object: 'Object Repository/FIM/Sites Page/Site Filtering/Site_txt'

21-10-2025T20:28:01 - [TEST_STEP][PASSED] - (i++): null

21-10-2025T20:28:01 - [TEST_STEP][PASSED] - sendKeys(findTestObject("FIM/Sites Page/Site Filtering/Site_txt"), Keys.chord(BACK_SPACE), STOP_ON_FAILURE): Keys 'BACK_SPACE + ' sent to object: 'Object Repository/FIM/Sites Page/Site Filtering/Site_txt'

21-10-2025T20:28:01 - [MESSAGE][PASSED] - Keys 'BACK_SPACE + ' sent to object: 'Object Repository/FIM/Sites Page/Site Filtering/Site_txt'

21-10-2025T20:28:01 - [TEST_STEP][PASSED] - (i++): null

21-10-2025T20:28:01 - [TEST_STEP][PASSED] - sendKeys(findTestObject("FIM/Sites Page/Site Filtering/Site_txt"), Keys.chord(BACK_SPACE), STOP_ON_FAILURE): Keys 'BACK_SPACE + ' sent to object: 'Object Repository/FIM/Sites Page/Site Filtering/Site_txt'

21-10-2025T20:28:01 - [MESSAGE][PASSED] - Keys 'BACK_SPACE + ' sent to object: 'Object Repository/FIM/Sites Page/Site Filtering/Site_txt'

21-10-2025T20:28:01 - [TEST_STEP][PASSED] - (i++): null

21-10-2025T20:28:01 - [TEST_STEP][PASSED] - sendKeys(findTestObject("FIM/Sites Page/Site Filtering/Site_txt"), Keys.chord(BACK_SPACE), STOP_ON_FAILURE): Keys 'BACK_SPACE + ' sent to object: 'Object Repository/FIM/Sites Page/Site Filtering/Site_txt'

21-10-2025T20:28:01 - [MESSAGE][PASSED] - Keys 'BACK_SPACE + ' sent to object: 'Object Repository/FIM/Sites Page/Site Filtering/Site_txt'

21-10-2025T20:28:01 - [TEST_STEP][PASSED] - (i++): null

21-10-2025T20:28:01 - [TEST_STEP][PASSED] - sendKeys(findTestObject("FIM/Sites Page/Site Filtering/Site_txt"), Keys.chord(BACK_SPACE), STOP_ON_FAILURE): Keys 'BACK_SPACE + ' sent to object: 'Object Repository/FIM/Sites Page/Site Filtering/Site_txt'

21-10-2025T20:28:01 - [MESSAGE][PASSED] - Keys 'BACK_SPACE + ' sent to object: 'Object Repository/FIM/Sites Page/Site Filtering/Site_txt'

21-10-2025T20:28:01 - [TEST_STEP][PASSED] - (i++): null

21-10-2025T20:28:01 - [TEST_STEP][PASSED] - sendKeys(findTestObject("FIM/Sites Page/Site Filtering/Site_txt"), Keys.chord(BACK_SPACE), STOP_ON_FAILURE): Keys 'BACK_SPACE + ' sent to object: 'Object Repository/FIM/Sites Page/Site Filtering/Site_txt'

21-10-2025T20:28:01 - [MESSAGE][PASSED] - Keys 'BACK_SPACE + ' sent to object: 'Object Repository/FIM/Sites Page/Site Filtering/Site_txt'

21-10-2025T20:28:01 - [TEST_STEP][PASSED] - (i++): null

21-10-2025T20:28:01 - [TEST_STEP][PASSED] - sendKeys(findTestObject("FIM/Sites Page/Site Filtering/Site_txt"), "TURK132 - 798 North", STOP_ON_FAILURE): Keys 'TURK132 - 798 North' sent to object: 'Object Repository/FIM/Sites Page/Site Filtering/Site_txt'

21-10-2025T20:28:02 - [MESSAGE][PASSED] - Keys 'TURK132 - 798 North' sent to object: 'Object Repository/FIM/Sites Page/Site Filtering/Site_txt'

21-10-2025T20:28:02 - [TEST_STEP][PASSED] - sendKeys(findTestObject("FIM/Sites Page/Site Filtering/Site_txt"), Keys.chord(ENTER), STOP_ON_FAILURE): Keys 'ENTER + ' sent to object: 'Object Repository/FIM/Sites Page/Site Filtering/Site_txt'

21-10-2025T20:28:02 - [MESSAGE][PASSED] - Keys 'ENTER + ' sent to object: 'Object Repository/FIM/Sites Page/Site Filtering/Site_txt'

21-10-2025T20:28:02 - [TEST_STEP][PASSED] - delay(1): Delayed 1 second(s)

21-10-2025T20:28:03 - [MESSAGE][PASSED] - Delayed 1 second(s)

21-10-2025T20:28:03 - [TEST_STEP][PASSED] - waitForElementClickable(findTestObject("FIM/Sites Page/Inventories/Create/Add Inventories_btn"), 300): Object 'Object Repository/FIM/Sites Page/Inventories/Create/Add Inventories_btn' is clickable

21-10-2025T20:28:03 - [MESSAGE][PASSED] - Object 'Object Repository/FIM/Sites Page/Inventories/Create/Add Inventories_btn' is clickable

21-10-2025T20:28:03 - [TEST_STEP][PASSED] - click(findTestObject("FIM/Sites Page/Inventories/Create/Add Inventories_btn")): Object: 'Object Repository/FIM/Sites Page/Inventories/Create/Add Inventories_btn' is clicked on

21-10-2025T20:28:03 - [MESSAGE][PASSED] - Object: 'Object Repository/FIM/Sites Page/Inventories/Create/Add Inventories_btn' is clicked on

21-10-2025T20:28:03 - [TEST_STEP][PASSED] - click(findTestObject("FIM/Sites Page/Inventories/Create/Save Inventories_btn")): Object: 'Object Repository/FIM/Sites Page/Inventories/Create/Save Inventories_btn' is clicked on

21-10-2025T20:28:03 - [MESSAGE][PASSED] - Object: 'Object Repository/FIM/Sites Page/Inventories/Create/Save Inventories_btn' is clicked on

21-10-2025T20:28:03 - [TEST_STEP][PASSED] - verifyElementPresent(findTestObject("FIM/Sites Page/Inventories/Create/Inventories Can Not Be Blank error message"), 10): Object 'Object Repository/FIM/Sites Page/Inventories/Create/Inventories Can Not Be Blank error message' is present

21-10-2025T20:28:03 - [MESSAGE][PASSED] - Object 'Object Repository/FIM/Sites Page/Inventories/Create/Inventories Can Not Be Blank error message' is present

21-10-2025T20:28:03 - [TEST_STEP][PASSED] - delay(1): Delayed 1 second(s)

21-10-2025T20:28:04 - [MESSAGE][PASSED] - Delayed 1 second(s)

21-10-2025T20:28:04 - [TEST_STEP][PASSED] - verifyElementText(findTestObject("FIM/Sites Page/Inventories/Create/Inventories Can Not Be Blank error message"), "Inventory cannot be blank. Please enter a value to save."): Actual text and expected text of test object 'Object Repository/FIM/Sites Page/Inventories/Create/Inventories Can Not Be Blank error message' are matched.

21-10-2025T20:28:04 - [MESSAGE][PASSED] - Actual text and expected text of test object 'Object Repository/FIM/Sites Page/Inventories/Create/Inventories Can Not Be Blank error message' are matched.

21-10-2025T20:28:04 - [TEST_STEP][PASSED] - Start listener action : retryOnDisconnect: null

21-10-2025T20:28:04 - [TEST_STEP][PASSED] - tcId = testCaseContext.getTestCaseId(): null

21-10-2025T20:28:04 - [TEST_STEP][PASSED] - currentRetry = retryCounts.getOrDefault(tcId, 0): null

21-10-2025T20:28:04 - [TEST_STEP][PASSED] - if (testCaseContext.getTestCaseStatus() == "FAILED" && currentRetry < MAX_RETRIES): null]]></system-out>
         <system-err><![CDATA[]]></system-err>
      </testcase>
      <testcase name="Test Cases/FIM/UI/KGL/Admin/Sites Page/Inventories/Create Inventory Greater Than Safe Fill" time="52.047" classname="Test Cases/FIM/UI/KGL/Admin/Sites Page/Inventories/Create Inventory Greater Than Safe Fill" status="FAILED">
         <failure type="FAILED" message="Test Cases/FIM/UI/KGL/Admin/Sites Page/Inventories/Create Inventory Greater Than Safe Fill FAILED.&#xa;Reason:&#xa;com.kms.katalon.core.exception.StepFailedException: Unable to verify object 'Object Repository/FIM/Sites Page/Inventories/Create/Save Inventories_btn' to be clickable&#xa;	at com.kms.katalon.core.webui.keyword.internal.WebUIKeywordMain.stepFailed(WebUIKeywordMain.groovy:117)&#xa;	at com.kms.katalon.core.webui.keyword.internal.WebUIKeywordMain.runKeyword(WebUIKeywordMain.groovy:43)&#xa;	at com.kms.katalon.core.webui.keyword.builtin.VerifyElementClickableKeyword.verifyElementClickable(VerifyElementClickableKeyword.groovy:96)&#xa;	at com.kms.katalon.core.webui.keyword.builtin.VerifyElementClickableKeyword.execute(VerifyElementClickableKeyword.groovy:67)&#xa;	at com.kms.katalon.core.keyword.internal.KeywordExecutor.executeKeywordForPlatform(KeywordExecutor.groovy:74)&#xa;	at com.kms.katalon.core.webui.keyword.WebUiBuiltInKeywords.verifyElementClickable(WebUiBuiltInKeywords.groovy:605)&#xa;	at com.kms.katalon.core.webui.keyword.WebUiBuiltInKeywords$verifyElementClickable$15.call(Unknown Source)&#xa;	at Create Inventory Greater Than Safe Fill.run(Create Inventory Greater Than Safe Fill:75)&#xa;	at com.kms.katalon.core.main.ScriptEngine.run(ScriptEngine.java:194)&#xa;	at com.kms.katalon.core.main.ScriptEngine.runScriptAsRawText(ScriptEngine.java:119)&#xa;	at com.kms.katalon.core.main.TestCaseExecutor.runScript(TestCaseExecutor.java:448)&#xa;	at com.kms.katalon.core.main.TestCaseExecutor.doExecute(TestCaseExecutor.java:439)&#xa;	at com.kms.katalon.core.main.TestCaseExecutor.processExecutionPhase(TestCaseExecutor.java:418)&#xa;	at com.kms.katalon.core.main.TestCaseExecutor.accessMainPhase(TestCaseExecutor.java:410)&#xa;	at com.kms.katalon.core.main.TestCaseExecutor.execute(TestCaseExecutor.java:285)&#xa;	at com.kms.katalon.core.common.CommonExecutor.accessTestCaseMainPhase(CommonExecutor.java:65)&#xa;	at com.kms.katalon.core.main.TestSuiteExecutor.accessTestSuiteMainPhase(TestSuiteExecutor.java:150)&#xa;	at com.kms.katalon.core.main.TestSuiteExecutor.execute(TestSuiteExecutor.java:106)&#xa;	at com.kms.katalon.core.main.TestCaseMain.startTestSuite(TestCaseMain.java:180)&#xa;	at com.kms.katalon.core.main.TestCaseMain$startTestSuite$0.call(Unknown Source)&#xa;	at TempTestSuite1761090764033.run(TempTestSuite1761090764033.groovy:35)&#xa;	at java.base/jdk.internal.reflect.NativeMethodAccessorImpl.invoke0(Native Method)&#xa;	at java.base/jdk.internal.reflect.NativeMethodAccessorImpl.invoke(NativeMethodAccessorImpl.java:77)&#xa;	at java.base/jdk.internal.reflect.DelegatingMethodAccessorImpl.invoke(DelegatingMethodAccessorImpl.java:43)&#xa;Caused by: com.kms.katalon.core.exception.StepFailedException: Object 'Object Repository/FIM/Sites Page/Inventories/Create/Save Inventories_btn' is NOT clickable&#xa;	at com.kms.katalon.core.webui.keyword.internal.WebUIKeywordMain.stepFailed(WebUIKeywordMain.groovy:117)&#xa;	at com.kms.katalon.core.webui.keyword.builtin.VerifyElementClickableKeyword$_verifyElementClickable_closure1.doCall(VerifyElementClickableKeyword.groovy:83)&#xa;	at com.kms.katalon.core.webui.keyword.builtin.VerifyElementClickableKeyword$_verifyElementClickable_closure1.call(VerifyElementClickableKeyword.groovy)&#xa;	at com.kms.katalon.core.webui.keyword.internal.WebUIKeywordMain.runKeyword(WebUIKeywordMain.groovy:35)&#xa;	... 22 more&#xa;"/>
         <system-out><![CDATA[21-10-2025T20:28:04 - [TEST_CASE][FAILED] - Test Cases/FIM/UI/KGL/Admin/Sites Page/Inventories/Create Inventory Greater Than Safe Fill: Test Cases/FIM/UI/KGL/Admin/Sites Page/Inventories/Create Inventory Greater Than Safe Fill FAILED.
Reason:
com.kms.katalon.core.exception.StepFailedException: Unable to verify object 'Object Repository/FIM/Sites Page/Inventories/Create/Save Inventories_btn' to be clickable
	at com.kms.katalon.core.webui.keyword.internal.WebUIKeywordMain.stepFailed(WebUIKeywordMain.groovy:117)
	at com.kms.katalon.core.webui.keyword.internal.WebUIKeywordMain.runKeyword(WebUIKeywordMain.groovy:43)
	at com.kms.katalon.core.webui.keyword.builtin.VerifyElementClickableKeyword.verifyElementClickable(VerifyElementClickableKeyword.groovy:96)
	at com.kms.katalon.core.webui.keyword.builtin.VerifyElementClickableKeyword.execute(VerifyElementClickableKeyword.groovy:67)
	at com.kms.katalon.core.keyword.internal.KeywordExecutor.executeKeywordForPlatform(KeywordExecutor.groovy:74)
	at com.kms.katalon.core.webui.keyword.WebUiBuiltInKeywords.verifyElementClickable(WebUiBuiltInKeywords.groovy:605)
	at com.kms.katalon.core.webui.keyword.WebUiBuiltInKeywords$verifyElementClickable$15.call(Unknown Source)
	at Create Inventory Greater Than Safe Fill.run(Create Inventory Greater Than Safe Fill:75)
	at com.kms.katalon.core.main.ScriptEngine.run(ScriptEngine.java:194)
	at com.kms.katalon.core.main.ScriptEngine.runScriptAsRawText(ScriptEngine.java:119)
	at com.kms.katalon.core.main.TestCaseExecutor.runScript(TestCaseExecutor.java:448)
	at com.kms.katalon.core.main.TestCaseExecutor.doExecute(TestCaseExecutor.java:439)
	at com.kms.katalon.core.main.TestCaseExecutor.processExecutionPhase(TestCaseExecutor.java:418)
	at com.kms.katalon.core.main.TestCaseExecutor.accessMainPhase(TestCaseExecutor.java:410)
	at com.kms.katalon.core.main.TestCaseExecutor.execute(TestCaseExecutor.java:285)
	at com.kms.katalon.core.common.CommonExecutor.accessTestCaseMainPhase(CommonExecutor.java:65)
	at com.kms.katalon.core.main.TestSuiteExecutor.accessTestSuiteMainPhase(TestSuiteExecutor.java:150)
	at com.kms.katalon.core.main.TestSuiteExecutor.execute(TestSuiteExecutor.java:106)
	at com.kms.katalon.core.main.TestCaseMain.startTestSuite(TestCaseMain.java:180)
	at com.kms.katalon.core.main.TestCaseMain$startTestSuite$0.call(Unknown Source)
	at TempTestSuite1761090764033.run(TempTestSuite1761090764033.groovy:35)
	at java.base/jdk.internal.reflect.NativeMethodAccessorImpl.invoke0(Native Method)
	at java.base/jdk.internal.reflect.NativeMethodAccessorImpl.invoke(NativeMethodAccessorImpl.java:77)
	at java.base/jdk.internal.reflect.DelegatingMethodAccessorImpl.invoke(DelegatingMethodAccessorImpl.java:43)
Caused by: com.kms.katalon.core.exception.StepFailedException: Object 'Object Repository/FIM/Sites Page/Inventories/Create/Save Inventories_btn' is NOT clickable
	at com.kms.katalon.core.webui.keyword.internal.WebUIKeywordMain.stepFailed(WebUIKeywordMain.groovy:117)
	at com.kms.katalon.core.webui.keyword.builtin.VerifyElementClickableKeyword$_verifyElementClickable_closure1.doCall(VerifyElementClickableKeyword.groovy:83)
	at com.kms.katalon.core.webui.keyword.builtin.VerifyElementClickableKeyword$_verifyElementClickable_closure1.call(VerifyElementClickableKeyword.groovy)
	at com.kms.katalon.core.webui.keyword.internal.WebUIKeywordMain.runKeyword(WebUIKeywordMain.groovy:35)
	... 22 more


21-10-2025T20:28:04 - [TEST_STEP][PASSED] - Start listener action : beforeTestCase: null

21-10-2025T20:28:04 - [TEST_STEP][PASSED] - addDefaultPackages(): null

21-10-2025T20:28:04 - [TEST_STEP][PASSED] - callTestCase(findTestCase("Utility Scripts/FIM KGL Admin Login"), [:], STOP_ON_FAILURE): Call Test Case 'Test Cases/Utility Scripts/FIM KGL Admin Login' successfully

21-10-2025T20:28:04 - [TEST_CASE][PASSED] - Test Cases/Utility Scripts/FIM KGL Admin Login: Test Cases/Utility Scripts/FIM KGL Admin Login

21-10-2025T20:28:04 - [TEST_STEP][PASSED] - openBrowser(""): Browser is opened with url: ''

21-10-2025T20:28:04 - [MESSAGE][WARNING] - A browser is already opened. Closing browser and opening a new one

21-10-2025T20:28:04 - [MESSAGE][INFO] - Starting 'Chrome' driver

21-10-2025T20:28:04 - [MESSAGE][INFO] - User set preference: ['args', '[--no-sandbox, --disable-gpu, --disable-dev-shm-usage]']

21-10-2025T20:28:04 - [MESSAGE][INFO] - Action delay is set to 0 milliseconds

21-10-2025T20:28:05 - [MESSAGE][PASSED] - Browser is opened with url: ''

21-10-2025T20:28:05 - [TEST_STEP][PASSED] - delay(1): Delayed 1 second(s)

21-10-2025T20:28:06 - [MESSAGE][PASSED] - Delayed 1 second(s)

21-10-2025T20:28:06 - [TEST_STEP][PASSED] - navigateToUrl(KGLCustomGroupUrl): Navigate to 'https://kaglogistics-inventory-management-portal.qa.thekag.com/custom-group/' successfully

21-10-2025T20:28:06 - [MESSAGE][PASSED] - Navigate to 'https://kaglogistics-inventory-management-portal.qa.thekag.com/custom-group/' successfully

21-10-2025T20:28:06 - [TEST_STEP][PASSED] - delay(10): Delayed 10 second(s)

21-10-2025T20:28:16 - [MESSAGE][PASSED] - Delayed 10 second(s)

21-10-2025T20:28:16 - [TEST_STEP][PASSED] - if (maximizeWindow == true): Delayed 1 second(s)

21-10-2025T20:28:16 - [TEST_STEP][PASSED] - maximizeWindow(STOP_ON_FAILURE): Current window maximized

21-10-2025T20:28:16 - [MESSAGE][PASSED] - Current window maximized

21-10-2025T20:28:16 - [TEST_STEP][PASSED] - delay(1): Delayed 1 second(s)

21-10-2025T20:28:17 - [MESSAGE][PASSED] - Delayed 1 second(s)

21-10-2025T20:28:17 - [TEST_STEP][PASSED] - waitForElementPresent(findTestObject("FIM/Username_txt"), 10): Object 'Object Repository/FIM/Username_txt' is present

21-10-2025T20:28:17 - [MESSAGE][PASSED] - Object 'Object Repository/FIM/Username_txt' is present

21-10-2025T20:28:17 - [TEST_STEP][PASSED] - setText(findTestObject("FIM/Username_txt"), FIMUsername): Text 'Chris.Sheldon+DES_QA@Thekag.com' is set on object 'Object Repository/FIM/Username_txt'

21-10-2025T20:28:18 - [MESSAGE][PASSED] - Text 'Chris.Sheldon+DES_QA@Thekag.com' is set on object 'Object Repository/FIM/Username_txt'

21-10-2025T20:28:18 - [TEST_STEP][PASSED] - delay(1): Delayed 1 second(s)

21-10-2025T20:28:19 - [MESSAGE][PASSED] - Delayed 1 second(s)

21-10-2025T20:28:19 - [TEST_STEP][PASSED] - setText(findTestObject("FIM/Password_txt"), FIMPassword): Text 'QATest!2' is set on object 'Object Repository/FIM/Password_txt'

21-10-2025T20:28:19 - [MESSAGE][PASSED] - Text 'QATest!2' is set on object 'Object Repository/FIM/Password_txt'

21-10-2025T20:28:19 - [TEST_STEP][PASSED] - delay(1): Delayed 1 second(s)

21-10-2025T20:28:20 - [MESSAGE][PASSED] - Delayed 1 second(s)

21-10-2025T20:28:20 - [TEST_STEP][PASSED] - click(findTestObject("FIM/Login_btn")): Object: 'Object Repository/FIM/Login_btn' is clicked on

21-10-2025T20:28:20 - [MESSAGE][PASSED] - Object: 'Object Repository/FIM/Login_btn' is clicked on

21-10-2025T20:28:20 - [MESSAGE][PASSED] - Call Test Case 'Test Cases/Utility Scripts/FIM KGL Admin Login' successfully

21-10-2025T20:28:20 - [TEST_STEP][PASSED] - if (verifyElementVisible(findTestObject("FIM/Server_Notification_Close_btn"), OPTIONAL) == true): Web element with id: 'Object Repository/FIM/Server_Notification_Close_btn' located by '/html/body/div/div[1]/button' not found (Root cause: com.kms.katalon.core.exception.StepFailedException: Web element with id: 'Object Repository/FIM/Server_Notification_Close_btn' located by '/html/body/div/div[1]/button' not found
	at com.kms.katalon.core.webui.keyword.internal.WebUIKeywordMain.stepFailed(WebUIKeywordMain.groovy:117)
	at com.kms.katalon.core.webui.keyword.builtin.VerifyElementVisibleKeyword$_verifyElementVisible_closure1.doCall(VerifyElementVisibleKeyword.groovy:89)
	at com.kms.katalon.core.webui.keyword.builtin.VerifyElementVisibleKeyword$_verifyElementVisible_closure1.call(VerifyElementVisibleKeyword.groovy)
	at com.kms.katalon.core.webui.keyword.internal.WebUIKeywordMain.runKeyword(WebUIKeywordMain.groovy:35)
	at com.kms.katalon.core.webui.keyword.builtin.VerifyElementVisibleKeyword.verifyElementVisible(VerifyElementVisibleKeyword.groovy:97)
	at com.kms.katalon.core.webui.keyword.builtin.VerifyElementVisibleKeyword.execute(VerifyElementVisibleKeyword.groovy:67)
	at com.kms.katalon.core.keyword.internal.KeywordExecutor.executeKeywordForPlatform(KeywordExecutor.groovy:74)
	at com.kms.katalon.core.webui.keyword.WebUiBuiltInKeywords.verifyElementVisible(WebUiBuiltInKeywords.groovy:401)
	at com.kms.katalon.core.webui.keyword.WebUiBuiltInKeywords$verifyElementVisible$5.call(Unknown Source)
	at Create Inventory Greater Than Safe Fill.run(Create Inventory Greater Than Safe Fill:22)
	at com.kms.katalon.core.main.ScriptEngine.run(ScriptEngine.java:194)
	at com.kms.katalon.core.main.ScriptEngine.runScriptAsRawText(ScriptEngine.java:119)
	at com.kms.katalon.core.main.TestCaseExecutor.runScript(TestCaseExecutor.java:448)
	at com.kms.katalon.core.main.TestCaseExecutor.doExecute(TestCaseExecutor.java:439)
	at com.kms.katalon.core.main.TestCaseExecutor.processExecutionPhase(TestCaseExecutor.java:418)
	at com.kms.katalon.core.main.TestCaseExecutor.accessMainPhase(TestCaseExecutor.java:410)
	at com.kms.katalon.core.main.TestCaseExecutor.execute(TestCaseExecutor.java:285)
	at com.kms.katalon.core.common.CommonExecutor.accessTestCaseMainPhase(CommonExecutor.java:65)
	at com.kms.katalon.core.main.TestSuiteExecutor.accessTestSuiteMainPhase(TestSuiteExecutor.java:150)
	at com.kms.katalon.core.main.TestSuiteExecutor.execute(TestSuiteExecutor.java:106)
	at com.kms.katalon.core.main.TestCaseMain.startTestSuite(TestCaseMain.java:180)
	at com.kms.katalon.core.main.TestCaseMain$startTestSuite$0.call(Unknown Source)
	at TempTestSuite1761090764033.run(TempTestSuite1761090764033.groovy:35)
	at java.base/jdk.internal.reflect.NativeMethodAccessorImpl.invoke0(Native Method)
	at java.base/jdk.internal.reflect.NativeMethodAccessorImpl.invoke(NativeMethodAccessorImpl.java:77)
	at java.base/jdk.internal.reflect.DelegatingMethodAccessorImpl.invoke(DelegatingMethodAccessorImpl.java:43)
)

21-10-2025T20:28:36 - [MESSAGE][INFO] - Unable to find the element located by 'By.xpath: /html/body/div/div[1]/button'. Please recheck the objects properties to make sure the desired element is located. 

21-10-2025T20:28:36 - [MESSAGE][WARNING] - [SELF-HEALING] Failed to find element with id 'Object Repository/FIM/Server_Notification_Close_btn'. Try using Self-healing.

21-10-2025T20:28:37 - [MESSAGE][INFO] - [SELF-HEALING] No working XPath is found.

21-10-2025T20:28:39 - [MESSAGE][INFO] - Unable to find the element located by 'By.xpath: '. Please recheck the objects properties to make sure the desired element is located. 

21-10-2025T20:28:39 - [MESSAGE][WARNING] - [SELF-HEALING] Cannot find elements when the selector is null

21-10-2025T20:28:39 - [MESSAGE][WARNING] - Web element with id: 'Object Repository/FIM/Server_Notification_Close_btn' located by '/html/body/div/div[1]/button' not found (Root cause: com.kms.katalon.core.exception.StepFailedException: Web element with id: 'Object Repository/FIM/Server_Notification_Close_btn' located by '/html/body/div/div[1]/button' not found
	at com.kms.katalon.core.webui.keyword.internal.WebUIKeywordMain.stepFailed(WebUIKeywordMain.groovy:117)
	at com.kms.katalon.core.webui.keyword.builtin.VerifyElementVisibleKeyword$_verifyElementVisible_closure1.doCall(VerifyElementVisibleKeyword.groovy:89)
	at com.kms.katalon.core.webui.keyword.builtin.VerifyElementVisibleKeyword$_verifyElementVisible_closure1.call(VerifyElementVisibleKeyword.groovy)
	at com.kms.katalon.core.webui.keyword.internal.WebUIKeywordMain.runKeyword(WebUIKeywordMain.groovy:35)
	at com.kms.katalon.core.webui.keyword.builtin.VerifyElementVisibleKeyword.verifyElementVisible(VerifyElementVisibleKeyword.groovy:97)
	at com.kms.katalon.core.webui.keyword.builtin.VerifyElementVisibleKeyword.execute(VerifyElementVisibleKeyword.groovy:67)
	at com.kms.katalon.core.keyword.internal.KeywordExecutor.executeKeywordForPlatform(KeywordExecutor.groovy:74)
	at com.kms.katalon.core.webui.keyword.WebUiBuiltInKeywords.verifyElementVisible(WebUiBuiltInKeywords.groovy:401)
	at com.kms.katalon.core.webui.keyword.WebUiBuiltInKeywords$verifyElementVisible$5.call(Unknown Source)
	at Create Inventory Greater Than Safe Fill.run(Create Inventory Greater Than Safe Fill:22)
	at com.kms.katalon.core.main.ScriptEngine.run(ScriptEngine.java:194)
	at com.kms.katalon.core.main.ScriptEngine.runScriptAsRawText(ScriptEngine.java:119)
	at com.kms.katalon.core.main.TestCaseExecutor.runScript(TestCaseExecutor.java:448)
	at com.kms.katalon.core.main.TestCaseExecutor.doExecute(TestCaseExecutor.java:439)
	at com.kms.katalon.core.main.TestCaseExecutor.processExecutionPhase(TestCaseExecutor.java:418)
	at com.kms.katalon.core.main.TestCaseExecutor.accessMainPhase(TestCaseExecutor.java:410)
	at com.kms.katalon.core.main.TestCaseExecutor.execute(TestCaseExecutor.java:285)
	at com.kms.katalon.core.common.CommonExecutor.accessTestCaseMainPhase(CommonExecutor.java:65)
	at com.kms.katalon.core.main.TestSuiteExecutor.accessTestSuiteMainPhase(TestSuiteExecutor.java:150)
	at com.kms.katalon.core.main.TestSuiteExecutor.execute(TestSuiteExecutor.java:106)
	at com.kms.katalon.core.main.TestCaseMain.startTestSuite(TestCaseMain.java:180)
	at com.kms.katalon.core.main.TestCaseMain$startTestSuite$0.call(Unknown Source)
	at TempTestSuite1761090764033.run(TempTestSuite1761090764033.groovy:35)
	at java.base/jdk.internal.reflect.NativeMethodAccessorImpl.invoke0(Native Method)
	at java.base/jdk.internal.reflect.NativeMethodAccessorImpl.invoke(NativeMethodAccessorImpl.java:77)
	at java.base/jdk.internal.reflect.DelegatingMethodAccessorImpl.invoke(DelegatingMethodAccessorImpl.java:43)
)

21-10-2025T20:28:39 - [TEST_STEP][PASSED] - delay(1): Delayed 1 second(s)

21-10-2025T20:28:40 - [MESSAGE][PASSED] - Delayed 1 second(s)

21-10-2025T20:28:40 - [TEST_STEP][PASSED] - click(findTestObject("FIM/Hamburger Menu List/Hamburger_menu")): Object: 'Object Repository/FIM/Hamburger Menu List/Hamburger_menu' is clicked on

21-10-2025T20:28:40 - [MESSAGE][PASSED] - Object: 'Object Repository/FIM/Hamburger Menu List/Hamburger_menu' is clicked on

21-10-2025T20:28:40 - [TEST_STEP][PASSED] - verifyElementPresent(findTestObject("FIM/Hamburger Menu List/Sites_list (1)"), 10): Object 'Object Repository/FIM/Hamburger Menu List/Sites_list (1)' is present

21-10-2025T20:28:40 - [MESSAGE][PASSED] - Object 'Object Repository/FIM/Hamburger Menu List/Sites_list (1)' is present

21-10-2025T20:28:40 - [TEST_STEP][PASSED] - delay(1): Delayed 1 second(s)

21-10-2025T20:28:41 - [MESSAGE][PASSED] - Delayed 1 second(s)

21-10-2025T20:28:41 - [TEST_STEP][PASSED] - click(findTestObject("FIM/Hamburger Menu List/Sites_list (1)")): Object: 'Object Repository/FIM/Hamburger Menu List/Sites_list (1)' is clicked on

21-10-2025T20:28:41 - [MESSAGE][PASSED] - Object: 'Object Repository/FIM/Hamburger Menu List/Sites_list (1)' is clicked on

21-10-2025T20:28:41 - [TEST_STEP][PASSED] - waitForElementPresent(findTestObject("FIM/Sites Page/Calculator/Calculator Tab"), 10): Object 'Object Repository/FIM/Sites Page/Calculator/Calculator Tab' is present

21-10-2025T20:28:42 - [MESSAGE][PASSED] - Object 'Object Repository/FIM/Sites Page/Calculator/Calculator Tab' is present

21-10-2025T20:28:42 - [TEST_STEP][PASSED] - delay(1): Delayed 1 second(s)

21-10-2025T20:28:43 - [MESSAGE][PASSED] - Delayed 1 second(s)

21-10-2025T20:28:43 - [TEST_STEP][PASSED] - selectOptionByLabel(findTestObject("FIM/Sites Page/Site Filtering/Region Selection_dropdown"), "KAG LOGISTICS", false): All options with label 'KAG LOGISTICS' are selected in object 'Object Repository/FIM/Sites Page/Site Filtering/Region Selection_dropdown' 

21-10-2025T20:28:43 - [MESSAGE][PASSED] - All options with label 'KAG LOGISTICS' are selected in object 'Object Repository/FIM/Sites Page/Site Filtering/Region Selection_dropdown' 

21-10-2025T20:28:43 - [TEST_STEP][PASSED] - i = 0: null

21-10-2025T20:28:43 - [TEST_STEP][PASSED] - while (i < 60 == true): null

21-10-2025T20:28:43 - [TEST_STEP][PASSED] - sendKeys(findTestObject("FIM/Sites Page/Site Filtering/Site_txt"), Keys.chord(BACK_SPACE), STOP_ON_FAILURE): Keys 'BACK_SPACE + ' sent to object: 'Object Repository/FIM/Sites Page/Site Filtering/Site_txt'

21-10-2025T20:28:44 - [MESSAGE][PASSED] - Keys 'BACK_SPACE + ' sent to object: 'Object Repository/FIM/Sites Page/Site Filtering/Site_txt'

21-10-2025T20:28:44 - [TEST_STEP][PASSED] - (i++): null

21-10-2025T20:28:44 - [TEST_STEP][PASSED] - sendKeys(findTestObject("FIM/Sites Page/Site Filtering/Site_txt"), Keys.chord(BACK_SPACE), STOP_ON_FAILURE): Keys 'BACK_SPACE + ' sent to object: 'Object Repository/FIM/Sites Page/Site Filtering/Site_txt'

21-10-2025T20:28:44 - [MESSAGE][PASSED] - Keys 'BACK_SPACE + ' sent to object: 'Object Repository/FIM/Sites Page/Site Filtering/Site_txt'

21-10-2025T20:28:44 - [TEST_STEP][PASSED] - (i++): null

21-10-2025T20:28:44 - [TEST_STEP][PASSED] - sendKeys(findTestObject("FIM/Sites Page/Site Filtering/Site_txt"), Keys.chord(BACK_SPACE), STOP_ON_FAILURE): Keys 'BACK_SPACE + ' sent to object: 'Object Repository/FIM/Sites Page/Site Filtering/Site_txt'

21-10-2025T20:28:44 - [MESSAGE][PASSED] - Keys 'BACK_SPACE + ' sent to object: 'Object Repository/FIM/Sites Page/Site Filtering/Site_txt'

21-10-2025T20:28:44 - [TEST_STEP][PASSED] - (i++): null

21-10-2025T20:28:44 - [TEST_STEP][PASSED] - sendKeys(findTestObject("FIM/Sites Page/Site Filtering/Site_txt"), Keys.chord(BACK_SPACE), STOP_ON_FAILURE): Keys 'BACK_SPACE + ' sent to object: 'Object Repository/FIM/Sites Page/Site Filtering/Site_txt'

21-10-2025T20:28:44 - [MESSAGE][PASSED] - Keys 'BACK_SPACE + ' sent to object: 'Object Repository/FIM/Sites Page/Site Filtering/Site_txt'

21-10-2025T20:28:44 - [TEST_STEP][PASSED] - (i++): null

21-10-2025T20:28:44 - [TEST_STEP][PASSED] - sendKeys(findTestObject("FIM/Sites Page/Site Filtering/Site_txt"), Keys.chord(BACK_SPACE), STOP_ON_FAILURE): Keys 'BACK_SPACE + ' sent to object: 'Object Repository/FIM/Sites Page/Site Filtering/Site_txt'

21-10-2025T20:28:44 - [MESSAGE][PASSED] - Keys 'BACK_SPACE + ' sent to object: 'Object Repository/FIM/Sites Page/Site Filtering/Site_txt'

21-10-2025T20:28:44 - [TEST_STEP][PASSED] - (i++): null

21-10-2025T20:28:44 - [TEST_STEP][PASSED] - sendKeys(findTestObject("FIM/Sites Page/Site Filtering/Site_txt"), Keys.chord(BACK_SPACE), STOP_ON_FAILURE): Keys 'BACK_SPACE + ' sent to object: 'Object Repository/FIM/Sites Page/Site Filtering/Site_txt'

21-10-2025T20:28:45 - [MESSAGE][PASSED] - Keys 'BACK_SPACE + ' sent to object: 'Object Repository/FIM/Sites Page/Site Filtering/Site_txt'

21-10-2025T20:28:45 - [TEST_STEP][PASSED] - (i++): null

21-10-2025T20:28:45 - [TEST_STEP][PASSED] - sendKeys(findTestObject("FIM/Sites Page/Site Filtering/Site_txt"), Keys.chord(BACK_SPACE), STOP_ON_FAILURE): Keys 'BACK_SPACE + ' sent to object: 'Object Repository/FIM/Sites Page/Site Filtering/Site_txt'

21-10-2025T20:28:45 - [MESSAGE][PASSED] - Keys 'BACK_SPACE + ' sent to object: 'Object Repository/FIM/Sites Page/Site Filtering/Site_txt'

21-10-2025T20:28:45 - [TEST_STEP][PASSED] - (i++): null

21-10-2025T20:28:45 - [TEST_STEP][PASSED] - sendKeys(findTestObject("FIM/Sites Page/Site Filtering/Site_txt"), Keys.chord(BACK_SPACE), STOP_ON_FAILURE): Keys 'BACK_SPACE + ' sent to object: 'Object Repository/FIM/Sites Page/Site Filtering/Site_txt'

21-10-2025T20:28:45 - [MESSAGE][PASSED] - Keys 'BACK_SPACE + ' sent to object: 'Object Repository/FIM/Sites Page/Site Filtering/Site_txt'

21-10-2025T20:28:45 - [TEST_STEP][PASSED] - (i++): null

21-10-2025T20:28:45 - [TEST_STEP][PASSED] - sendKeys(findTestObject("FIM/Sites Page/Site Filtering/Site_txt"), Keys.chord(BACK_SPACE), STOP_ON_FAILURE): Keys 'BACK_SPACE + ' sent to object: 'Object Repository/FIM/Sites Page/Site Filtering/Site_txt'

21-10-2025T20:28:45 - [MESSAGE][PASSED] - Keys 'BACK_SPACE + ' sent to object: 'Object Repository/FIM/Sites Page/Site Filtering/Site_txt'

21-10-2025T20:28:45 - [TEST_STEP][PASSED] - (i++): null

21-10-2025T20:28:45 - [TEST_STEP][PASSED] - sendKeys(findTestObject("FIM/Sites Page/Site Filtering/Site_txt"), Keys.chord(BACK_SPACE), STOP_ON_FAILURE): Keys 'BACK_SPACE + ' sent to object: 'Object Repository/FIM/Sites Page/Site Filtering/Site_txt'

21-10-2025T20:28:45 - [MESSAGE][PASSED] - Keys 'BACK_SPACE + ' sent to object: 'Object Repository/FIM/Sites Page/Site Filtering/Site_txt'

21-10-2025T20:28:45 - [TEST_STEP][PASSED] - (i++): null

21-10-2025T20:28:45 - [TEST_STEP][PASSED] - sendKeys(findTestObject("FIM/Sites Page/Site Filtering/Site_txt"), Keys.chord(BACK_SPACE), STOP_ON_FAILURE): Keys 'BACK_SPACE + ' sent to object: 'Object Repository/FIM/Sites Page/Site Filtering/Site_txt'

21-10-2025T20:28:45 - [MESSAGE][PASSED] - Keys 'BACK_SPACE + ' sent to object: 'Object Repository/FIM/Sites Page/Site Filtering/Site_txt'

21-10-2025T20:28:45 - [TEST_STEP][PASSED] - (i++): null

21-10-2025T20:28:45 - [TEST_STEP][PASSED] - sendKeys(findTestObject("FIM/Sites Page/Site Filtering/Site_txt"), Keys.chord(BACK_SPACE), STOP_ON_FAILURE): Keys 'BACK_SPACE + ' sent to object: 'Object Repository/FIM/Sites Page/Site Filtering/Site_txt'

21-10-2025T20:28:45 - [MESSAGE][PASSED] - Keys 'BACK_SPACE + ' sent to object: 'Object Repository/FIM/Sites Page/Site Filtering/Site_txt'

21-10-2025T20:28:45 - [TEST_STEP][PASSED] - (i++): null

21-10-2025T20:28:45 - [TEST_STEP][PASSED] - sendKeys(findTestObject("FIM/Sites Page/Site Filtering/Site_txt"), Keys.chord(BACK_SPACE), STOP_ON_FAILURE): Keys 'BACK_SPACE + ' sent to object: 'Object Repository/FIM/Sites Page/Site Filtering/Site_txt'

21-10-2025T20:28:45 - [MESSAGE][PASSED] - Keys 'BACK_SPACE + ' sent to object: 'Object Repository/FIM/Sites Page/Site Filtering/Site_txt'

21-10-2025T20:28:45 - [TEST_STEP][PASSED] - (i++): null

21-10-2025T20:28:45 - [TEST_STEP][PASSED] - sendKeys(findTestObject("FIM/Sites Page/Site Filtering/Site_txt"), Keys.chord(BACK_SPACE), STOP_ON_FAILURE): Keys 'BACK_SPACE + ' sent to object: 'Object Repository/FIM/Sites Page/Site Filtering/Site_txt'

21-10-2025T20:28:45 - [MESSAGE][PASSED] - Keys 'BACK_SPACE + ' sent to object: 'Object Repository/FIM/Sites Page/Site Filtering/Site_txt'

21-10-2025T20:28:45 - [TEST_STEP][PASSED] - (i++): null

21-10-2025T20:28:45 - [TEST_STEP][PASSED] - sendKeys(findTestObject("FIM/Sites Page/Site Filtering/Site_txt"), Keys.chord(BACK_SPACE), STOP_ON_FAILURE): Keys 'BACK_SPACE + ' sent to object: 'Object Repository/FIM/Sites Page/Site Filtering/Site_txt'

21-10-2025T20:28:45 - [MESSAGE][PASSED] - Keys 'BACK_SPACE + ' sent to object: 'Object Repository/FIM/Sites Page/Site Filtering/Site_txt'

21-10-2025T20:28:45 - [TEST_STEP][PASSED] - (i++): null

21-10-2025T20:28:45 - [TEST_STEP][PASSED] - sendKeys(findTestObject("FIM/Sites Page/Site Filtering/Site_txt"), Keys.chord(BACK_SPACE), STOP_ON_FAILURE): Keys 'BACK_SPACE + ' sent to object: 'Object Repository/FIM/Sites Page/Site Filtering/Site_txt'

21-10-2025T20:28:45 - [MESSAGE][PASSED] - Keys 'BACK_SPACE + ' sent to object: 'Object Repository/FIM/Sites Page/Site Filtering/Site_txt'

21-10-2025T20:28:45 - [TEST_STEP][PASSED] - (i++): null

21-10-2025T20:28:45 - [TEST_STEP][PASSED] - sendKeys(findTestObject("FIM/Sites Page/Site Filtering/Site_txt"), Keys.chord(BACK_SPACE), STOP_ON_FAILURE): Keys 'BACK_SPACE + ' sent to object: 'Object Repository/FIM/Sites Page/Site Filtering/Site_txt'

21-10-2025T20:28:45 - [MESSAGE][PASSED] - Keys 'BACK_SPACE + ' sent to object: 'Object Repository/FIM/Sites Page/Site Filtering/Site_txt'

21-10-2025T20:28:45 - [TEST_STEP][PASSED] - (i++): null

21-10-2025T20:28:45 - [TEST_STEP][PASSED] - sendKeys(findTestObject("FIM/Sites Page/Site Filtering/Site_txt"), Keys.chord(BACK_SPACE), STOP_ON_FAILURE): Keys 'BACK_SPACE + ' sent to object: 'Object Repository/FIM/Sites Page/Site Filtering/Site_txt'

21-10-2025T20:28:45 - [MESSAGE][PASSED] - Keys 'BACK_SPACE + ' sent to object: 'Object Repository/FIM/Sites Page/Site Filtering/Site_txt'

21-10-2025T20:28:45 - [TEST_STEP][PASSED] - (i++): null

21-10-2025T20:28:45 - [TEST_STEP][PASSED] - sendKeys(findTestObject("FIM/Sites Page/Site Filtering/Site_txt"), Keys.chord(BACK_SPACE), STOP_ON_FAILURE): Keys 'BACK_SPACE + ' sent to object: 'Object Repository/FIM/Sites Page/Site Filtering/Site_txt'

21-10-2025T20:28:45 - [MESSAGE][PASSED] - Keys 'BACK_SPACE + ' sent to object: 'Object Repository/FIM/Sites Page/Site Filtering/Site_txt'

21-10-2025T20:28:45 - [TEST_STEP][PASSED] - (i++): null

21-10-2025T20:28:45 - [TEST_STEP][PASSED] - sendKeys(findTestObject("FIM/Sites Page/Site Filtering/Site_txt"), Keys.chord(BACK_SPACE), STOP_ON_FAILURE): Keys 'BACK_SPACE + ' sent to object: 'Object Repository/FIM/Sites Page/Site Filtering/Site_txt'

21-10-2025T20:28:45 - [MESSAGE][PASSED] - Keys 'BACK_SPACE + ' sent to object: 'Object Repository/FIM/Sites Page/Site Filtering/Site_txt'

21-10-2025T20:28:45 - [TEST_STEP][PASSED] - (i++): null

21-10-2025T20:28:45 - [TEST_STEP][PASSED] - sendKeys(findTestObject("FIM/Sites Page/Site Filtering/Site_txt"), Keys.chord(BACK_SPACE), STOP_ON_FAILURE): Keys 'BACK_SPACE + ' sent to object: 'Object Repository/FIM/Sites Page/Site Filtering/Site_txt'

21-10-2025T20:28:45 - [MESSAGE][PASSED] - Keys 'BACK_SPACE + ' sent to object: 'Object Repository/FIM/Sites Page/Site Filtering/Site_txt'

21-10-2025T20:28:45 - [TEST_STEP][PASSED] - (i++): null

21-10-2025T20:28:45 - [TEST_STEP][PASSED] - sendKeys(findTestObject("FIM/Sites Page/Site Filtering/Site_txt"), Keys.chord(BACK_SPACE), STOP_ON_FAILURE): Keys 'BACK_SPACE + ' sent to object: 'Object Repository/FIM/Sites Page/Site Filtering/Site_txt'

21-10-2025T20:28:45 - [MESSAGE][PASSED] - Keys 'BACK_SPACE + ' sent to object: 'Object Repository/FIM/Sites Page/Site Filtering/Site_txt'

21-10-2025T20:28:45 - [TEST_STEP][PASSED] - (i++): null

21-10-2025T20:28:45 - [TEST_STEP][PASSED] - sendKeys(findTestObject("FIM/Sites Page/Site Filtering/Site_txt"), Keys.chord(BACK_SPACE), STOP_ON_FAILURE): Keys 'BACK_SPACE + ' sent to object: 'Object Repository/FIM/Sites Page/Site Filtering/Site_txt'

21-10-2025T20:28:46 - [MESSAGE][PASSED] - Keys 'BACK_SPACE + ' sent to object: 'Object Repository/FIM/Sites Page/Site Filtering/Site_txt'

21-10-2025T20:28:46 - [TEST_STEP][PASSED] - (i++): null

21-10-2025T20:28:46 - [TEST_STEP][PASSED] - sendKeys(findTestObject("FIM/Sites Page/Site Filtering/Site_txt"), Keys.chord(BACK_SPACE), STOP_ON_FAILURE): Keys 'BACK_SPACE + ' sent to object: 'Object Repository/FIM/Sites Page/Site Filtering/Site_txt'

21-10-2025T20:28:46 - [MESSAGE][PASSED] - Keys 'BACK_SPACE + ' sent to object: 'Object Repository/FIM/Sites Page/Site Filtering/Site_txt'

21-10-2025T20:28:46 - [TEST_STEP][PASSED] - (i++): null

21-10-2025T20:28:46 - [TEST_STEP][PASSED] - sendKeys(findTestObject("FIM/Sites Page/Site Filtering/Site_txt"), Keys.chord(BACK_SPACE), STOP_ON_FAILURE): Keys 'BACK_SPACE + ' sent to object: 'Object Repository/FIM/Sites Page/Site Filtering/Site_txt'

21-10-2025T20:28:46 - [MESSAGE][PASSED] - Keys 'BACK_SPACE + ' sent to object: 'Object Repository/FIM/Sites Page/Site Filtering/Site_txt'

21-10-2025T20:28:46 - [TEST_STEP][PASSED] - (i++): null

21-10-2025T20:28:46 - [TEST_STEP][PASSED] - sendKeys(findTestObject("FIM/Sites Page/Site Filtering/Site_txt"), Keys.chord(BACK_SPACE), STOP_ON_FAILURE): Keys 'BACK_SPACE + ' sent to object: 'Object Repository/FIM/Sites Page/Site Filtering/Site_txt'

21-10-2025T20:28:46 - [MESSAGE][PASSED] - Keys 'BACK_SPACE + ' sent to object: 'Object Repository/FIM/Sites Page/Site Filtering/Site_txt'

21-10-2025T20:28:46 - [TEST_STEP][PASSED] - (i++): null

21-10-2025T20:28:46 - [TEST_STEP][PASSED] - sendKeys(findTestObject("FIM/Sites Page/Site Filtering/Site_txt"), Keys.chord(BACK_SPACE), STOP_ON_FAILURE): Keys 'BACK_SPACE + ' sent to object: 'Object Repository/FIM/Sites Page/Site Filtering/Site_txt'

21-10-2025T20:28:46 - [MESSAGE][PASSED] - Keys 'BACK_SPACE + ' sent to object: 'Object Repository/FIM/Sites Page/Site Filtering/Site_txt'

21-10-2025T20:28:46 - [TEST_STEP][PASSED] - (i++): null

21-10-2025T20:28:46 - [TEST_STEP][PASSED] - sendKeys(findTestObject("FIM/Sites Page/Site Filtering/Site_txt"), Keys.chord(BACK_SPACE), STOP_ON_FAILURE): Keys 'BACK_SPACE + ' sent to object: 'Object Repository/FIM/Sites Page/Site Filtering/Site_txt'

21-10-2025T20:28:46 - [MESSAGE][PASSED] - Keys 'BACK_SPACE + ' sent to object: 'Object Repository/FIM/Sites Page/Site Filtering/Site_txt'

21-10-2025T20:28:46 - [TEST_STEP][PASSED] - (i++): null

21-10-2025T20:28:46 - [TEST_STEP][PASSED] - sendKeys(findTestObject("FIM/Sites Page/Site Filtering/Site_txt"), Keys.chord(BACK_SPACE), STOP_ON_FAILURE): Keys 'BACK_SPACE + ' sent to object: 'Object Repository/FIM/Sites Page/Site Filtering/Site_txt'

21-10-2025T20:28:46 - [MESSAGE][PASSED] - Keys 'BACK_SPACE + ' sent to object: 'Object Repository/FIM/Sites Page/Site Filtering/Site_txt'

21-10-2025T20:28:46 - [TEST_STEP][PASSED] - (i++): null

21-10-2025T20:28:46 - [TEST_STEP][PASSED] - sendKeys(findTestObject("FIM/Sites Page/Site Filtering/Site_txt"), Keys.chord(BACK_SPACE), STOP_ON_FAILURE): Keys 'BACK_SPACE + ' sent to object: 'Object Repository/FIM/Sites Page/Site Filtering/Site_txt'

21-10-2025T20:28:46 - [MESSAGE][PASSED] - Keys 'BACK_SPACE + ' sent to object: 'Object Repository/FIM/Sites Page/Site Filtering/Site_txt'

21-10-2025T20:28:46 - [TEST_STEP][PASSED] - (i++): null

21-10-2025T20:28:46 - [TEST_STEP][PASSED] - sendKeys(findTestObject("FIM/Sites Page/Site Filtering/Site_txt"), Keys.chord(BACK_SPACE), STOP_ON_FAILURE): Keys 'BACK_SPACE + ' sent to object: 'Object Repository/FIM/Sites Page/Site Filtering/Site_txt'

21-10-2025T20:28:46 - [MESSAGE][PASSED] - Keys 'BACK_SPACE + ' sent to object: 'Object Repository/FIM/Sites Page/Site Filtering/Site_txt'

21-10-2025T20:28:46 - [TEST_STEP][PASSED] - (i++): null

21-10-2025T20:28:46 - [TEST_STEP][PASSED] - sendKeys(findTestObject("FIM/Sites Page/Site Filtering/Site_txt"), Keys.chord(BACK_SPACE), STOP_ON_FAILURE): Keys 'BACK_SPACE + ' sent to object: 'Object Repository/FIM/Sites Page/Site Filtering/Site_txt'

21-10-2025T20:28:46 - [MESSAGE][PASSED] - Keys 'BACK_SPACE + ' sent to object: 'Object Repository/FIM/Sites Page/Site Filtering/Site_txt'

21-10-2025T20:28:46 - [TEST_STEP][PASSED] - (i++): null

21-10-2025T20:28:46 - [TEST_STEP][PASSED] - sendKeys(findTestObject("FIM/Sites Page/Site Filtering/Site_txt"), Keys.chord(BACK_SPACE), STOP_ON_FAILURE): Keys 'BACK_SPACE + ' sent to object: 'Object Repository/FIM/Sites Page/Site Filtering/Site_txt'

21-10-2025T20:28:46 - [MESSAGE][PASSED] - Keys 'BACK_SPACE + ' sent to object: 'Object Repository/FIM/Sites Page/Site Filtering/Site_txt'

21-10-2025T20:28:46 - [TEST_STEP][PASSED] - (i++): null

21-10-2025T20:28:46 - [TEST_STEP][PASSED] - sendKeys(findTestObject("FIM/Sites Page/Site Filtering/Site_txt"), Keys.chord(BACK_SPACE), STOP_ON_FAILURE): Keys 'BACK_SPACE + ' sent to object: 'Object Repository/FIM/Sites Page/Site Filtering/Site_txt'

21-10-2025T20:28:46 - [MESSAGE][PASSED] - Keys 'BACK_SPACE + ' sent to object: 'Object Repository/FIM/Sites Page/Site Filtering/Site_txt'

21-10-2025T20:28:46 - [TEST_STEP][PASSED] - (i++): null

21-10-2025T20:28:46 - [TEST_STEP][PASSED] - sendKeys(findTestObject("FIM/Sites Page/Site Filtering/Site_txt"), Keys.chord(BACK_SPACE), STOP_ON_FAILURE): Keys 'BACK_SPACE + ' sent to object: 'Object Repository/FIM/Sites Page/Site Filtering/Site_txt'

21-10-2025T20:28:46 - [MESSAGE][PASSED] - Keys 'BACK_SPACE + ' sent to object: 'Object Repository/FIM/Sites Page/Site Filtering/Site_txt'

21-10-2025T20:28:46 - [TEST_STEP][PASSED] - (i++): null

21-10-2025T20:28:46 - [TEST_STEP][PASSED] - sendKeys(findTestObject("FIM/Sites Page/Site Filtering/Site_txt"), Keys.chord(BACK_SPACE), STOP_ON_FAILURE): Keys 'BACK_SPACE + ' sent to object: 'Object Repository/FIM/Sites Page/Site Filtering/Site_txt'

21-10-2025T20:28:46 - [MESSAGE][PASSED] - Keys 'BACK_SPACE + ' sent to object: 'Object Repository/FIM/Sites Page/Site Filtering/Site_txt'

21-10-2025T20:28:46 - [TEST_STEP][PASSED] - (i++): null

21-10-2025T20:28:46 - [TEST_STEP][PASSED] - sendKeys(findTestObject("FIM/Sites Page/Site Filtering/Site_txt"), Keys.chord(BACK_SPACE), STOP_ON_FAILURE): Keys 'BACK_SPACE + ' sent to object: 'Object Repository/FIM/Sites Page/Site Filtering/Site_txt'

21-10-2025T20:28:46 - [MESSAGE][PASSED] - Keys 'BACK_SPACE + ' sent to object: 'Object Repository/FIM/Sites Page/Site Filtering/Site_txt'

21-10-2025T20:28:46 - [TEST_STEP][PASSED] - (i++): null

21-10-2025T20:28:46 - [TEST_STEP][PASSED] - sendKeys(findTestObject("FIM/Sites Page/Site Filtering/Site_txt"), Keys.chord(BACK_SPACE), STOP_ON_FAILURE): Keys 'BACK_SPACE + ' sent to object: 'Object Repository/FIM/Sites Page/Site Filtering/Site_txt'

21-10-2025T20:28:46 - [MESSAGE][PASSED] - Keys 'BACK_SPACE + ' sent to object: 'Object Repository/FIM/Sites Page/Site Filtering/Site_txt'

21-10-2025T20:28:46 - [TEST_STEP][PASSED] - (i++): null

21-10-2025T20:28:46 - [TEST_STEP][PASSED] - sendKeys(findTestObject("FIM/Sites Page/Site Filtering/Site_txt"), Keys.chord(BACK_SPACE), STOP_ON_FAILURE): Keys 'BACK_SPACE + ' sent to object: 'Object Repository/FIM/Sites Page/Site Filtering/Site_txt'

21-10-2025T20:28:46 - [MESSAGE][PASSED] - Keys 'BACK_SPACE + ' sent to object: 'Object Repository/FIM/Sites Page/Site Filtering/Site_txt'

21-10-2025T20:28:46 - [TEST_STEP][PASSED] - (i++): null

21-10-2025T20:28:46 - [TEST_STEP][PASSED] - sendKeys(findTestObject("FIM/Sites Page/Site Filtering/Site_txt"), Keys.chord(BACK_SPACE), STOP_ON_FAILURE): Keys 'BACK_SPACE + ' sent to object: 'Object Repository/FIM/Sites Page/Site Filtering/Site_txt'

21-10-2025T20:28:47 - [MESSAGE][PASSED] - Keys 'BACK_SPACE + ' sent to object: 'Object Repository/FIM/Sites Page/Site Filtering/Site_txt'

21-10-2025T20:28:47 - [TEST_STEP][PASSED] - (i++): null

21-10-2025T20:28:47 - [TEST_STEP][PASSED] - sendKeys(findTestObject("FIM/Sites Page/Site Filtering/Site_txt"), Keys.chord(BACK_SPACE), STOP_ON_FAILURE): Keys 'BACK_SPACE + ' sent to object: 'Object Repository/FIM/Sites Page/Site Filtering/Site_txt'

21-10-2025T20:28:47 - [MESSAGE][PASSED] - Keys 'BACK_SPACE + ' sent to object: 'Object Repository/FIM/Sites Page/Site Filtering/Site_txt'

21-10-2025T20:28:47 - [TEST_STEP][PASSED] - (i++): null

21-10-2025T20:28:47 - [TEST_STEP][PASSED] - sendKeys(findTestObject("FIM/Sites Page/Site Filtering/Site_txt"), Keys.chord(BACK_SPACE), STOP_ON_FAILURE): Keys 'BACK_SPACE + ' sent to object: 'Object Repository/FIM/Sites Page/Site Filtering/Site_txt'

21-10-2025T20:28:47 - [MESSAGE][PASSED] - Keys 'BACK_SPACE + ' sent to object: 'Object Repository/FIM/Sites Page/Site Filtering/Site_txt'

21-10-2025T20:28:47 - [TEST_STEP][PASSED] - (i++): null

21-10-2025T20:28:47 - [TEST_STEP][PASSED] - sendKeys(findTestObject("FIM/Sites Page/Site Filtering/Site_txt"), Keys.chord(BACK_SPACE), STOP_ON_FAILURE): Keys 'BACK_SPACE + ' sent to object: 'Object Repository/FIM/Sites Page/Site Filtering/Site_txt'

21-10-2025T20:28:47 - [MESSAGE][PASSED] - Keys 'BACK_SPACE + ' sent to object: 'Object Repository/FIM/Sites Page/Site Filtering/Site_txt'

21-10-2025T20:28:47 - [TEST_STEP][PASSED] - (i++): null

21-10-2025T20:28:47 - [TEST_STEP][PASSED] - sendKeys(findTestObject("FIM/Sites Page/Site Filtering/Site_txt"), Keys.chord(BACK_SPACE), STOP_ON_FAILURE): Keys 'BACK_SPACE + ' sent to object: 'Object Repository/FIM/Sites Page/Site Filtering/Site_txt'

21-10-2025T20:28:47 - [MESSAGE][PASSED] - Keys 'BACK_SPACE + ' sent to object: 'Object Repository/FIM/Sites Page/Site Filtering/Site_txt'

21-10-2025T20:28:47 - [TEST_STEP][PASSED] - (i++): null

21-10-2025T20:28:47 - [TEST_STEP][PASSED] - sendKeys(findTestObject("FIM/Sites Page/Site Filtering/Site_txt"), Keys.chord(BACK_SPACE), STOP_ON_FAILURE): Keys 'BACK_SPACE + ' sent to object: 'Object Repository/FIM/Sites Page/Site Filtering/Site_txt'

21-10-2025T20:28:47 - [MESSAGE][PASSED] - Keys 'BACK_SPACE + ' sent to object: 'Object Repository/FIM/Sites Page/Site Filtering/Site_txt'

21-10-2025T20:28:47 - [TEST_STEP][PASSED] - (i++): null

21-10-2025T20:28:47 - [TEST_STEP][PASSED] - sendKeys(findTestObject("FIM/Sites Page/Site Filtering/Site_txt"), Keys.chord(BACK_SPACE), STOP_ON_FAILURE): Keys 'BACK_SPACE + ' sent to object: 'Object Repository/FIM/Sites Page/Site Filtering/Site_txt'

21-10-2025T20:28:47 - [MESSAGE][PASSED] - Keys 'BACK_SPACE + ' sent to object: 'Object Repository/FIM/Sites Page/Site Filtering/Site_txt'

21-10-2025T20:28:47 - [TEST_STEP][PASSED] - (i++): null

21-10-2025T20:28:47 - [TEST_STEP][PASSED] - sendKeys(findTestObject("FIM/Sites Page/Site Filtering/Site_txt"), Keys.chord(BACK_SPACE), STOP_ON_FAILURE): Keys 'BACK_SPACE + ' sent to object: 'Object Repository/FIM/Sites Page/Site Filtering/Site_txt'

21-10-2025T20:28:47 - [MESSAGE][PASSED] - Keys 'BACK_SPACE + ' sent to object: 'Object Repository/FIM/Sites Page/Site Filtering/Site_txt'

21-10-2025T20:28:47 - [TEST_STEP][PASSED] - (i++): null

21-10-2025T20:28:47 - [TEST_STEP][PASSED] - sendKeys(findTestObject("FIM/Sites Page/Site Filtering/Site_txt"), Keys.chord(BACK_SPACE), STOP_ON_FAILURE): Keys 'BACK_SPACE + ' sent to object: 'Object Repository/FIM/Sites Page/Site Filtering/Site_txt'

21-10-2025T20:28:47 - [MESSAGE][PASSED] - Keys 'BACK_SPACE + ' sent to object: 'Object Repository/FIM/Sites Page/Site Filtering/Site_txt'

21-10-2025T20:28:47 - [TEST_STEP][PASSED] - (i++): null

21-10-2025T20:28:47 - [TEST_STEP][PASSED] - sendKeys(findTestObject("FIM/Sites Page/Site Filtering/Site_txt"), Keys.chord(BACK_SPACE), STOP_ON_FAILURE): Keys 'BACK_SPACE + ' sent to object: 'Object Repository/FIM/Sites Page/Site Filtering/Site_txt'

21-10-2025T20:28:47 - [MESSAGE][PASSED] - Keys 'BACK_SPACE + ' sent to object: 'Object Repository/FIM/Sites Page/Site Filtering/Site_txt'

21-10-2025T20:28:47 - [TEST_STEP][PASSED] - (i++): null

21-10-2025T20:28:47 - [TEST_STEP][PASSED] - sendKeys(findTestObject("FIM/Sites Page/Site Filtering/Site_txt"), Keys.chord(BACK_SPACE), STOP_ON_FAILURE): Keys 'BACK_SPACE + ' sent to object: 'Object Repository/FIM/Sites Page/Site Filtering/Site_txt'

21-10-2025T20:28:47 - [MESSAGE][PASSED] - Keys 'BACK_SPACE + ' sent to object: 'Object Repository/FIM/Sites Page/Site Filtering/Site_txt'

21-10-2025T20:28:47 - [TEST_STEP][PASSED] - (i++): null

21-10-2025T20:28:47 - [TEST_STEP][PASSED] - sendKeys(findTestObject("FIM/Sites Page/Site Filtering/Site_txt"), Keys.chord(BACK_SPACE), STOP_ON_FAILURE): Keys 'BACK_SPACE + ' sent to object: 'Object Repository/FIM/Sites Page/Site Filtering/Site_txt'

21-10-2025T20:28:47 - [MESSAGE][PASSED] - Keys 'BACK_SPACE + ' sent to object: 'Object Repository/FIM/Sites Page/Site Filtering/Site_txt'

21-10-2025T20:28:47 - [TEST_STEP][PASSED] - (i++): null

21-10-2025T20:28:47 - [TEST_STEP][PASSED] - sendKeys(findTestObject("FIM/Sites Page/Site Filtering/Site_txt"), Keys.chord(BACK_SPACE), STOP_ON_FAILURE): Keys 'BACK_SPACE + ' sent to object: 'Object Repository/FIM/Sites Page/Site Filtering/Site_txt'

21-10-2025T20:28:47 - [MESSAGE][PASSED] - Keys 'BACK_SPACE + ' sent to object: 'Object Repository/FIM/Sites Page/Site Filtering/Site_txt'

21-10-2025T20:28:47 - [TEST_STEP][PASSED] - (i++): null

21-10-2025T20:28:47 - [TEST_STEP][PASSED] - sendKeys(findTestObject("FIM/Sites Page/Site Filtering/Site_txt"), Keys.chord(BACK_SPACE), STOP_ON_FAILURE): Keys 'BACK_SPACE + ' sent to object: 'Object Repository/FIM/Sites Page/Site Filtering/Site_txt'

21-10-2025T20:28:47 - [MESSAGE][PASSED] - Keys 'BACK_SPACE + ' sent to object: 'Object Repository/FIM/Sites Page/Site Filtering/Site_txt'

21-10-2025T20:28:47 - [TEST_STEP][PASSED] - (i++): null

21-10-2025T20:28:47 - [TEST_STEP][PASSED] - sendKeys(findTestObject("FIM/Sites Page/Site Filtering/Site_txt"), Keys.chord(BACK_SPACE), STOP_ON_FAILURE): Keys 'BACK_SPACE + ' sent to object: 'Object Repository/FIM/Sites Page/Site Filtering/Site_txt'

21-10-2025T20:28:48 - [MESSAGE][PASSED] - Keys 'BACK_SPACE + ' sent to object: 'Object Repository/FIM/Sites Page/Site Filtering/Site_txt'

21-10-2025T20:28:48 - [TEST_STEP][PASSED] - (i++): null

21-10-2025T20:28:48 - [TEST_STEP][PASSED] - sendKeys(findTestObject("FIM/Sites Page/Site Filtering/Site_txt"), Keys.chord(BACK_SPACE), STOP_ON_FAILURE): Keys 'BACK_SPACE + ' sent to object: 'Object Repository/FIM/Sites Page/Site Filtering/Site_txt'

21-10-2025T20:28:48 - [MESSAGE][PASSED] - Keys 'BACK_SPACE + ' sent to object: 'Object Repository/FIM/Sites Page/Site Filtering/Site_txt'

21-10-2025T20:28:48 - [TEST_STEP][PASSED] - (i++): null

21-10-2025T20:28:48 - [TEST_STEP][PASSED] - sendKeys(findTestObject("FIM/Sites Page/Site Filtering/Site_txt"), Keys.chord(BACK_SPACE), STOP_ON_FAILURE): Keys 'BACK_SPACE + ' sent to object: 'Object Repository/FIM/Sites Page/Site Filtering/Site_txt'

21-10-2025T20:28:48 - [MESSAGE][PASSED] - Keys 'BACK_SPACE + ' sent to object: 'Object Repository/FIM/Sites Page/Site Filtering/Site_txt'

21-10-2025T20:28:48 - [TEST_STEP][PASSED] - (i++): null

21-10-2025T20:28:48 - [TEST_STEP][PASSED] - sendKeys(findTestObject("FIM/Sites Page/Site Filtering/Site_txt"), Keys.chord(BACK_SPACE), STOP_ON_FAILURE): Keys 'BACK_SPACE + ' sent to object: 'Object Repository/FIM/Sites Page/Site Filtering/Site_txt'

21-10-2025T20:28:48 - [MESSAGE][PASSED] - Keys 'BACK_SPACE + ' sent to object: 'Object Repository/FIM/Sites Page/Site Filtering/Site_txt'

21-10-2025T20:28:48 - [TEST_STEP][PASSED] - (i++): null

21-10-2025T20:28:48 - [TEST_STEP][PASSED] - sendKeys(findTestObject("FIM/Sites Page/Site Filtering/Site_txt"), Keys.chord(BACK_SPACE), STOP_ON_FAILURE): Keys 'BACK_SPACE + ' sent to object: 'Object Repository/FIM/Sites Page/Site Filtering/Site_txt'

21-10-2025T20:28:48 - [MESSAGE][PASSED] - Keys 'BACK_SPACE + ' sent to object: 'Object Repository/FIM/Sites Page/Site Filtering/Site_txt'

21-10-2025T20:28:48 - [TEST_STEP][PASSED] - (i++): null

21-10-2025T20:28:48 - [TEST_STEP][PASSED] - sendKeys(findTestObject("FIM/Sites Page/Site Filtering/Site_txt"), Keys.chord(BACK_SPACE), STOP_ON_FAILURE): Keys 'BACK_SPACE + ' sent to object: 'Object Repository/FIM/Sites Page/Site Filtering/Site_txt'

21-10-2025T20:28:48 - [MESSAGE][PASSED] - Keys 'BACK_SPACE + ' sent to object: 'Object Repository/FIM/Sites Page/Site Filtering/Site_txt'

21-10-2025T20:28:48 - [TEST_STEP][PASSED] - (i++): null

21-10-2025T20:28:48 - [TEST_STEP][PASSED] - sendKeys(findTestObject("FIM/Sites Page/Site Filtering/Site_txt"), Keys.chord(BACK_SPACE), STOP_ON_FAILURE): Keys 'BACK_SPACE + ' sent to object: 'Object Repository/FIM/Sites Page/Site Filtering/Site_txt'

21-10-2025T20:28:48 - [MESSAGE][PASSED] - Keys 'BACK_SPACE + ' sent to object: 'Object Repository/FIM/Sites Page/Site Filtering/Site_txt'

21-10-2025T20:28:48 - [TEST_STEP][PASSED] - (i++): null

21-10-2025T20:28:48 - [TEST_STEP][PASSED] - sendKeys(findTestObject("FIM/Sites Page/Site Filtering/Site_txt"), "TURK132 - 798 North", STOP_ON_FAILURE): Keys 'TURK132 - 798 North' sent to object: 'Object Repository/FIM/Sites Page/Site Filtering/Site_txt'

21-10-2025T20:28:48 - [MESSAGE][PASSED] - Keys 'TURK132 - 798 North' sent to object: 'Object Repository/FIM/Sites Page/Site Filtering/Site_txt'

21-10-2025T20:28:48 - [TEST_STEP][PASSED] - sendKeys(findTestObject("FIM/Sites Page/Site Filtering/Site_txt"), Keys.chord(ENTER), STOP_ON_FAILURE): Keys 'ENTER + ' sent to object: 'Object Repository/FIM/Sites Page/Site Filtering/Site_txt'

21-10-2025T20:28:48 - [MESSAGE][PASSED] - Keys 'ENTER + ' sent to object: 'Object Repository/FIM/Sites Page/Site Filtering/Site_txt'

21-10-2025T20:28:48 - [TEST_STEP][PASSED] - delay(1): Delayed 1 second(s)

21-10-2025T20:28:49 - [MESSAGE][PASSED] - Delayed 1 second(s)

21-10-2025T20:28:49 - [TEST_STEP][PASSED] - waitForElementClickable(findTestObject("FIM/Sites Page/Inventories/Create/Add Inventories_btn"), 300): Object 'Object Repository/FIM/Sites Page/Inventories/Create/Add Inventories_btn' is clickable

21-10-2025T20:28:49 - [MESSAGE][PASSED] - Object 'Object Repository/FIM/Sites Page/Inventories/Create/Add Inventories_btn' is clickable

21-10-2025T20:28:49 - [TEST_STEP][PASSED] - click(findTestObject("FIM/Sites Page/Inventories/Create/Add Inventories_btn")): Object: 'Object Repository/FIM/Sites Page/Inventories/Create/Add Inventories_btn' is clicked on

21-10-2025T20:28:50 - [MESSAGE][PASSED] - Object: 'Object Repository/FIM/Sites Page/Inventories/Create/Add Inventories_btn' is clicked on

21-10-2025T20:28:50 - [TEST_STEP][PASSED] - delay(2): Delayed 2 second(s)

21-10-2025T20:28:52 - [MESSAGE][PASSED] - Delayed 2 second(s)

21-10-2025T20:28:52 - [TEST_STEP][PASSED] - sendKeys(findTestObject("FIM/Sites Page/Inventories/Create/Tank_1_txt"), "10900"): Keys '10900' sent to object: 'Object Repository/FIM/Sites Page/Inventories/Create/Tank_1_txt'

21-10-2025T20:28:52 - [MESSAGE][PASSED] - Keys '10900' sent to object: 'Object Repository/FIM/Sites Page/Inventories/Create/Tank_1_txt'

21-10-2025T20:28:52 - [TEST_STEP][PASSED] - delay(2): Delayed 2 second(s)

21-10-2025T20:28:54 - [MESSAGE][PASSED] - Delayed 2 second(s)

21-10-2025T20:28:54 - [TEST_STEP][PASSED] - sendKeys(findTestObject("FIM/Sites Page/Inventories/Create/Tank_2_txt"), "19000"): Keys '19000' sent to object: 'Object Repository/FIM/Sites Page/Inventories/Create/Tank_2_txt'

21-10-2025T20:28:54 - [MESSAGE][PASSED] - Keys '19000' sent to object: 'Object Repository/FIM/Sites Page/Inventories/Create/Tank_2_txt'

21-10-2025T20:28:54 - [TEST_STEP][PASSED] - delay(2): Delayed 2 second(s)

21-10-2025T20:28:56 - [MESSAGE][PASSED] - Delayed 2 second(s)

21-10-2025T20:28:56 - [TEST_STEP][FAILED] - verifyElementClickable(findTestObject("FIM/Sites Page/Inventories/Create/Save Inventories_btn")): Unable to verify object 'Object Repository/FIM/Sites Page/Inventories/Create/Save Inventories_btn' to be clickable (Root cause: com.kms.katalon.core.exception.StepFailedException: Unable to verify object 'Object Repository/FIM/Sites Page/Inventories/Create/Save Inventories_btn' to be clickable
	at com.kms.katalon.core.webui.keyword.internal.WebUIKeywordMain.stepFailed(WebUIKeywordMain.groovy:117)
	at com.kms.katalon.core.webui.keyword.internal.WebUIKeywordMain.runKeyword(WebUIKeywordMain.groovy:43)
	at com.kms.katalon.core.webui.keyword.builtin.VerifyElementClickableKeyword.verifyElementClickable(VerifyElementClickableKeyword.groovy:96)
	at com.kms.katalon.core.webui.keyword.builtin.VerifyElementClickableKeyword.execute(VerifyElementClickableKeyword.groovy:67)
	at com.kms.katalon.core.keyword.internal.KeywordExecutor.executeKeywordForPlatform(KeywordExecutor.groovy:74)
	at com.kms.katalon.core.webui.keyword.WebUiBuiltInKeywords.verifyElementClickable(WebUiBuiltInKeywords.groovy:605)
	at com.kms.katalon.core.webui.keyword.WebUiBuiltInKeywords$verifyElementClickable$15.call(Unknown Source)
	at Create Inventory Greater Than Safe Fill.run(Create Inventory Greater Than Safe Fill:75)
	at com.kms.katalon.core.main.ScriptEngine.run(ScriptEngine.java:194)
	at com.kms.katalon.core.main.ScriptEngine.runScriptAsRawText(ScriptEngine.java:119)
	at com.kms.katalon.core.main.TestCaseExecutor.runScript(TestCaseExecutor.java:448)
	at com.kms.katalon.core.main.TestCaseExecutor.doExecute(TestCaseExecutor.java:439)
	at com.kms.katalon.core.main.TestCaseExecutor.processExecutionPhase(TestCaseExecutor.java:418)
	at com.kms.katalon.core.main.TestCaseExecutor.accessMainPhase(TestCaseExecutor.java:410)
	at com.kms.katalon.core.main.TestCaseExecutor.execute(TestCaseExecutor.java:285)
	at com.kms.katalon.core.common.CommonExecutor.accessTestCaseMainPhase(CommonExecutor.java:65)
	at com.kms.katalon.core.main.TestSuiteExecutor.accessTestSuiteMainPhase(TestSuiteExecutor.java:150)
	at com.kms.katalon.core.main.TestSuiteExecutor.execute(TestSuiteExecutor.java:106)
	at com.kms.katalon.core.main.TestCaseMain.startTestSuite(TestCaseMain.java:180)
	at com.kms.katalon.core.main.TestCaseMain$startTestSuite$0.call(Unknown Source)
	at TempTestSuite1761090764033.run(TempTestSuite1761090764033.groovy:35)
	at java.base/jdk.internal.reflect.NativeMethodAccessorImpl.invoke0(Native Method)
	at java.base/jdk.internal.reflect.NativeMethodAccessorImpl.invoke(NativeMethodAccessorImpl.java:77)
	at java.base/jdk.internal.reflect.DelegatingMethodAccessorImpl.invoke(DelegatingMethodAccessorImpl.java:43)
Caused by: com.kms.katalon.core.exception.StepFailedException: Object 'Object Repository/FIM/Sites Page/Inventories/Create/Save Inventories_btn' is NOT clickable
	at com.kms.katalon.core.webui.keyword.internal.WebUIKeywordMain.stepFailed(WebUIKeywordMain.groovy:117)
	at com.kms.katalon.core.webui.keyword.builtin.VerifyElementClickableKeyword$_verifyElementClickable_closure1.doCall(VerifyElementClickableKeyword.groovy:83)
	at com.kms.katalon.core.webui.keyword.builtin.VerifyElementClickableKeyword$_verifyElementClickable_closure1.call(VerifyElementClickableKeyword.groovy)
	at com.kms.katalon.core.webui.keyword.internal.WebUIKeywordMain.runKeyword(WebUIKeywordMain.groovy:35)
	... 22 more
)

21-10-2025T20:28:56 - [MESSAGE][FAILED] - Object 'Object Repository/FIM/Sites Page/Inventories/Create/Save Inventories_btn' is NOT clickable (Root cause: com.kms.katalon.core.exception.StepFailedException: Object 'Object Repository/FIM/Sites Page/Inventories/Create/Save Inventories_btn' is NOT clickable
	at com.kms.katalon.core.webui.keyword.internal.WebUIKeywordMain.stepFailed(WebUIKeywordMain.groovy:117)
	at com.kms.katalon.core.webui.keyword.builtin.VerifyElementClickableKeyword$_verifyElementClickable_closure1.doCall(VerifyElementClickableKeyword.groovy:83)
	at com.kms.katalon.core.webui.keyword.builtin.VerifyElementClickableKeyword$_verifyElementClickable_closure1.call(VerifyElementClickableKeyword.groovy)
	at com.kms.katalon.core.webui.keyword.internal.WebUIKeywordMain.runKeyword(WebUIKeywordMain.groovy:35)
	at com.kms.katalon.core.webui.keyword.builtin.VerifyElementClickableKeyword.verifyElementClickable(VerifyElementClickableKeyword.groovy:96)
	at com.kms.katalon.core.webui.keyword.builtin.VerifyElementClickableKeyword.execute(VerifyElementClickableKeyword.groovy:67)
	at com.kms.katalon.core.keyword.internal.KeywordExecutor.executeKeywordForPlatform(KeywordExecutor.groovy:74)
	at com.kms.katalon.core.webui.keyword.WebUiBuiltInKeywords.verifyElementClickable(WebUiBuiltInKeywords.groovy:605)
	at com.kms.katalon.core.webui.keyword.WebUiBuiltInKeywords$verifyElementClickable$15.call(Unknown Source)
	at Create Inventory Greater Than Safe Fill.run(Create Inventory Greater Than Safe Fill:75)
	at com.kms.katalon.core.main.ScriptEngine.run(ScriptEngine.java:194)
	at com.kms.katalon.core.main.ScriptEngine.runScriptAsRawText(ScriptEngine.java:119)
	at com.kms.katalon.core.main.TestCaseExecutor.runScript(TestCaseExecutor.java:448)
	at com.kms.katalon.core.main.TestCaseExecutor.doExecute(TestCaseExecutor.java:439)
	at com.kms.katalon.core.main.TestCaseExecutor.processExecutionPhase(TestCaseExecutor.java:418)
	at com.kms.katalon.core.main.TestCaseExecutor.accessMainPhase(TestCaseExecutor.java:410)
	at com.kms.katalon.core.main.TestCaseExecutor.execute(TestCaseExecutor.java:285)
	at com.kms.katalon.core.common.CommonExecutor.accessTestCaseMainPhase(CommonExecutor.java:65)
	at com.kms.katalon.core.main.TestSuiteExecutor.accessTestSuiteMainPhase(TestSuiteExecutor.java:150)
	at com.kms.katalon.core.main.TestSuiteExecutor.execute(TestSuiteExecutor.java:106)
	at com.kms.katalon.core.main.TestCaseMain.startTestSuite(TestCaseMain.java:180)
	at com.kms.katalon.core.main.TestCaseMain$startTestSuite$0.call(Unknown Source)
	at TempTestSuite1761090764033.run(TempTestSuite1761090764033.groovy:35)
	at java.base/jdk.internal.reflect.NativeMethodAccessorImpl.invoke0(Native Method)
	at java.base/jdk.internal.reflect.NativeMethodAccessorImpl.invoke(NativeMethodAccessorImpl.java:77)
	at java.base/jdk.internal.reflect.DelegatingMethodAccessorImpl.invoke(DelegatingMethodAccessorImpl.java:43)
)

21-10-2025T20:28:56 - [MESSAGE][FAILED] - Unable to verify object 'Object Repository/FIM/Sites Page/Inventories/Create/Save Inventories_btn' to be clickable (Root cause: com.kms.katalon.core.exception.StepFailedException: Unable to verify object 'Object Repository/FIM/Sites Page/Inventories/Create/Save Inventories_btn' to be clickable
	at com.kms.katalon.core.webui.keyword.internal.WebUIKeywordMain.stepFailed(WebUIKeywordMain.groovy:117)
	at com.kms.katalon.core.webui.keyword.internal.WebUIKeywordMain.runKeyword(WebUIKeywordMain.groovy:43)
	at com.kms.katalon.core.webui.keyword.builtin.VerifyElementClickableKeyword.verifyElementClickable(VerifyElementClickableKeyword.groovy:96)
	at com.kms.katalon.core.webui.keyword.builtin.VerifyElementClickableKeyword.execute(VerifyElementClickableKeyword.groovy:67)
	at com.kms.katalon.core.keyword.internal.KeywordExecutor.executeKeywordForPlatform(KeywordExecutor.groovy:74)
	at com.kms.katalon.core.webui.keyword.WebUiBuiltInKeywords.verifyElementClickable(WebUiBuiltInKeywords.groovy:605)
	at com.kms.katalon.core.webui.keyword.WebUiBuiltInKeywords$verifyElementClickable$15.call(Unknown Source)
	at Create Inventory Greater Than Safe Fill.run(Create Inventory Greater Than Safe Fill:75)
	at com.kms.katalon.core.main.ScriptEngine.run(ScriptEngine.java:194)
	at com.kms.katalon.core.main.ScriptEngine.runScriptAsRawText(ScriptEngine.java:119)
	at com.kms.katalon.core.main.TestCaseExecutor.runScript(TestCaseExecutor.java:448)
	at com.kms.katalon.core.main.TestCaseExecutor.doExecute(TestCaseExecutor.java:439)
	at com.kms.katalon.core.main.TestCaseExecutor.processExecutionPhase(TestCaseExecutor.java:418)
	at com.kms.katalon.core.main.TestCaseExecutor.accessMainPhase(TestCaseExecutor.java:410)
	at com.kms.katalon.core.main.TestCaseExecutor.execute(TestCaseExecutor.java:285)
	at com.kms.katalon.core.common.CommonExecutor.accessTestCaseMainPhase(CommonExecutor.java:65)
	at com.kms.katalon.core.main.TestSuiteExecutor.accessTestSuiteMainPhase(TestSuiteExecutor.java:150)
	at com.kms.katalon.core.main.TestSuiteExecutor.execute(TestSuiteExecutor.java:106)
	at com.kms.katalon.core.main.TestCaseMain.startTestSuite(TestCaseMain.java:180)
	at com.kms.katalon.core.main.TestCaseMain$startTestSuite$0.call(Unknown Source)
	at TempTestSuite1761090764033.run(TempTestSuite1761090764033.groovy:35)
	at java.base/jdk.internal.reflect.NativeMethodAccessorImpl.invoke0(Native Method)
	at java.base/jdk.internal.reflect.NativeMethodAccessorImpl.invoke(NativeMethodAccessorImpl.java:77)
	at java.base/jdk.internal.reflect.DelegatingMethodAccessorImpl.invoke(DelegatingMethodAccessorImpl.java:43)
Caused by: com.kms.katalon.core.exception.StepFailedException: Object 'Object Repository/FIM/Sites Page/Inventories/Create/Save Inventories_btn' is NOT clickable
	at com.kms.katalon.core.webui.keyword.internal.WebUIKeywordMain.stepFailed(WebUIKeywordMain.groovy:117)
	at com.kms.katalon.core.webui.keyword.builtin.VerifyElementClickableKeyword$_verifyElementClickable_closure1.doCall(VerifyElementClickableKeyword.groovy:83)
	at com.kms.katalon.core.webui.keyword.builtin.VerifyElementClickableKeyword$_verifyElementClickable_closure1.call(VerifyElementClickableKeyword.groovy)
	at com.kms.katalon.core.webui.keyword.internal.WebUIKeywordMain.runKeyword(WebUIKeywordMain.groovy:35)
	... 22 more
)

21-10-2025T20:28:56 - [TEST_STEP][PASSED] - Start listener action : retryOnDisconnect: Current window's url is: 'https://kaglogistics-inventory-management-portal.qa.thekag.com/site/TURK132?cg=-1&r=206&i=AllConsignees&sorted=false'

21-10-2025T20:28:56 - [TEST_STEP][PASSED] - tcId = testCaseContext.getTestCaseId(): null

21-10-2025T20:28:56 - [TEST_STEP][PASSED] - currentRetry = retryCounts.getOrDefault(tcId, 0): null

21-10-2025T20:28:56 - [TEST_STEP][PASSED] - if (testCaseContext.getTestCaseStatus() == "FAILED" && currentRetry < MAX_RETRIES): Current window's url is: 'https://kaglogistics-inventory-management-portal.qa.thekag.com/site/TURK132?cg=-1&r=206&i=AllConsignees&sorted=false'

21-10-2025T20:28:56 - [TEST_STEP][PASSED] - try: Current window's url is: 'https://kaglogistics-inventory-management-portal.qa.thekag.com/site/TURK132?cg=-1&r=206&i=AllConsignees&sorted=false'

21-10-2025T20:28:56 - [TEST_STEP][PASSED] - comment(Checking for WebDriver disconnect for test case: $tcId): Checking for WebDriver disconnect for test case: Test Cases/FIM/UI/KGL/Admin/Sites Page/Inventories/Create Inventory Greater Than Safe Fill

21-10-2025T20:28:56 - [MESSAGE][INFO] - Checking for WebDriver disconnect for test case: Test Cases/FIM/UI/KGL/Admin/Sites Page/Inventories/Create Inventory Greater Than Safe Fill

21-10-2025T20:28:56 - [TEST_STEP][PASSED] - getUrl(): Current window's url is: 'https://kaglogistics-inventory-management-portal.qa.thekag.com/site/TURK132?cg=-1&r=206&i=AllConsignees&sorted=false'

21-10-2025T20:28:56 - [MESSAGE][PASSED] - Current window's url is: 'https://kaglogistics-inventory-management-portal.qa.thekag.com/site/TURK132?cg=-1&r=206&i=AllConsignees&sorted=false']]></system-out>
         <system-err><![CDATA[21-10-2025T20:28:04 - [TEST_CASE][FAILED] - Test Cases/FIM/UI/KGL/Admin/Sites Page/Inventories/Create Inventory Greater Than Safe Fill: Test Cases/FIM/UI/KGL/Admin/Sites Page/Inventories/Create Inventory Greater Than Safe Fill FAILED.
Reason:
com.kms.katalon.core.exception.StepFailedException: Unable to verify object 'Object Repository/FIM/Sites Page/Inventories/Create/Save Inventories_btn' to be clickable
	at com.kms.katalon.core.webui.keyword.internal.WebUIKeywordMain.stepFailed(WebUIKeywordMain.groovy:117)
	at com.kms.katalon.core.webui.keyword.internal.WebUIKeywordMain.runKeyword(WebUIKeywordMain.groovy:43)
	at com.kms.katalon.core.webui.keyword.builtin.VerifyElementClickableKeyword.verifyElementClickable(VerifyElementClickableKeyword.groovy:96)
	at com.kms.katalon.core.webui.keyword.builtin.VerifyElementClickableKeyword.execute(VerifyElementClickableKeyword.groovy:67)
	at com.kms.katalon.core.keyword.internal.KeywordExecutor.executeKeywordForPlatform(KeywordExecutor.groovy:74)
	at com.kms.katalon.core.webui.keyword.WebUiBuiltInKeywords.verifyElementClickable(WebUiBuiltInKeywords.groovy:605)
	at com.kms.katalon.core.webui.keyword.WebUiBuiltInKeywords$verifyElementClickable$15.call(Unknown Source)
	at Create Inventory Greater Than Safe Fill.run(Create Inventory Greater Than Safe Fill:75)
	at com.kms.katalon.core.main.ScriptEngine.run(ScriptEngine.java:194)
	at com.kms.katalon.core.main.ScriptEngine.runScriptAsRawText(ScriptEngine.java:119)
	at com.kms.katalon.core.main.TestCaseExecutor.runScript(TestCaseExecutor.java:448)
	at com.kms.katalon.core.main.TestCaseExecutor.doExecute(TestCaseExecutor.java:439)
	at com.kms.katalon.core.main.TestCaseExecutor.processExecutionPhase(TestCaseExecutor.java:418)
	at com.kms.katalon.core.main.TestCaseExecutor.accessMainPhase(TestCaseExecutor.java:410)
	at com.kms.katalon.core.main.TestCaseExecutor.execute(TestCaseExecutor.java:285)
	at com.kms.katalon.core.common.CommonExecutor.accessTestCaseMainPhase(CommonExecutor.java:65)
	at com.kms.katalon.core.main.TestSuiteExecutor.accessTestSuiteMainPhase(TestSuiteExecutor.java:150)
	at com.kms.katalon.core.main.TestSuiteExecutor.execute(TestSuiteExecutor.java:106)
	at com.kms.katalon.core.main.TestCaseMain.startTestSuite(TestCaseMain.java:180)
	at com.kms.katalon.core.main.TestCaseMain$startTestSuite$0.call(Unknown Source)
	at TempTestSuite1761090764033.run(TempTestSuite1761090764033.groovy:35)
	at java.base/jdk.internal.reflect.NativeMethodAccessorImpl.invoke0(Native Method)
	at java.base/jdk.internal.reflect.NativeMethodAccessorImpl.invoke(NativeMethodAccessorImpl.java:77)
	at java.base/jdk.internal.reflect.DelegatingMethodAccessorImpl.invoke(DelegatingMethodAccessorImpl.java:43)
Caused by: com.kms.katalon.core.exception.StepFailedException: Object 'Object Repository/FIM/Sites Page/Inventories/Create/Save Inventories_btn' is NOT clickable
	at com.kms.katalon.core.webui.keyword.internal.WebUIKeywordMain.stepFailed(WebUIKeywordMain.groovy:117)
	at com.kms.katalon.core.webui.keyword.builtin.VerifyElementClickableKeyword$_verifyElementClickable_closure1.doCall(VerifyElementClickableKeyword.groovy:83)
	at com.kms.katalon.core.webui.keyword.builtin.VerifyElementClickableKeyword$_verifyElementClickable_closure1.call(VerifyElementClickableKeyword.groovy)
	at com.kms.katalon.core.webui.keyword.internal.WebUIKeywordMain.runKeyword(WebUIKeywordMain.groovy:35)
	... 22 more]]></system-err>
      </testcase>
      <testcase name="Test Cases/FIM/UI/KGL/Admin/Sites Page/Inventories/Verify Out Of Service Tank Toggle is Not Displayed" time="48.202" classname="Test Cases/FIM/UI/KGL/Admin/Sites Page/Inventories/Verify Out Of Service Tank Toggle is Not Displayed" status="PASSED">
         <system-out><![CDATA[21-10-2025T20:28:56 - [TEST_CASE][PASSED] - Test Cases/FIM/UI/KGL/Admin/Sites Page/Inventories/Verify Out Of Service Tank Toggle is Not Displayed: Test Cases/FIM/UI/KGL/Admin/Sites Page/Inventories/Verify Out Of Service Tank Toggle is Not Displayed

21-10-2025T20:28:56 - [TEST_STEP][PASSED] - Start listener action : beforeTestCase: null

21-10-2025T20:28:56 - [TEST_STEP][PASSED] - addDefaultPackages(): null

21-10-2025T20:28:56 - [TEST_STEP][PASSED] - callTestCase(findTestCase("Utility Scripts/FIM KGL Admin Login"), [:], STOP_ON_FAILURE): Call Test Case 'Test Cases/Utility Scripts/FIM KGL Admin Login' successfully

21-10-2025T20:28:56 - [TEST_CASE][PASSED] - Test Cases/Utility Scripts/FIM KGL Admin Login: Test Cases/Utility Scripts/FIM KGL Admin Login

21-10-2025T20:28:56 - [TEST_STEP][PASSED] - openBrowser(""): Browser is opened with url: ''

21-10-2025T20:28:56 - [MESSAGE][WARNING] - A browser is already opened. Closing browser and opening a new one

21-10-2025T20:28:56 - [MESSAGE][INFO] - Starting 'Chrome' driver

21-10-2025T20:28:56 - [MESSAGE][INFO] - User set preference: ['args', '[--no-sandbox, --disable-gpu, --disable-dev-shm-usage]']

21-10-2025T20:28:56 - [MESSAGE][INFO] - Action delay is set to 0 milliseconds

21-10-2025T20:28:57 - [MESSAGE][PASSED] - Browser is opened with url: ''

21-10-2025T20:28:57 - [TEST_STEP][PASSED] - delay(1): Delayed 1 second(s)

21-10-2025T20:28:58 - [MESSAGE][PASSED] - Delayed 1 second(s)

21-10-2025T20:28:58 - [TEST_STEP][PASSED] - navigateToUrl(KGLCustomGroupUrl): Navigate to 'https://kaglogistics-inventory-management-portal.qa.thekag.com/custom-group/' successfully

21-10-2025T20:28:58 - [MESSAGE][PASSED] - Navigate to 'https://kaglogistics-inventory-management-portal.qa.thekag.com/custom-group/' successfully

21-10-2025T20:28:58 - [TEST_STEP][PASSED] - delay(10): Delayed 10 second(s)

21-10-2025T20:29:08 - [MESSAGE][PASSED] - Delayed 10 second(s)

21-10-2025T20:29:08 - [TEST_STEP][PASSED] - if (maximizeWindow == true): Delayed 1 second(s)

21-10-2025T20:29:08 - [TEST_STEP][PASSED] - maximizeWindow(STOP_ON_FAILURE): Current window maximized

21-10-2025T20:29:08 - [MESSAGE][PASSED] - Current window maximized

21-10-2025T20:29:08 - [TEST_STEP][PASSED] - delay(1): Delayed 1 second(s)

21-10-2025T20:29:09 - [MESSAGE][PASSED] - Delayed 1 second(s)

21-10-2025T20:29:09 - [TEST_STEP][PASSED] - waitForElementPresent(findTestObject("FIM/Username_txt"), 10): Object 'Object Repository/FIM/Username_txt' is present

21-10-2025T20:29:09 - [MESSAGE][PASSED] - Object 'Object Repository/FIM/Username_txt' is present

21-10-2025T20:29:09 - [TEST_STEP][PASSED] - setText(findTestObject("FIM/Username_txt"), FIMUsername): Text 'Chris.Sheldon+DES_QA@Thekag.com' is set on object 'Object Repository/FIM/Username_txt'

21-10-2025T20:29:10 - [MESSAGE][PASSED] - Text 'Chris.Sheldon+DES_QA@Thekag.com' is set on object 'Object Repository/FIM/Username_txt'

21-10-2025T20:29:10 - [TEST_STEP][PASSED] - delay(1): Delayed 1 second(s)

21-10-2025T20:29:11 - [MESSAGE][PASSED] - Delayed 1 second(s)

21-10-2025T20:29:11 - [TEST_STEP][PASSED] - setText(findTestObject("FIM/Password_txt"), FIMPassword): Text 'QATest!2' is set on object 'Object Repository/FIM/Password_txt'

21-10-2025T20:29:11 - [MESSAGE][PASSED] - Text 'QATest!2' is set on object 'Object Repository/FIM/Password_txt'

21-10-2025T20:29:11 - [TEST_STEP][PASSED] - delay(1): Delayed 1 second(s)

21-10-2025T20:29:12 - [MESSAGE][PASSED] - Delayed 1 second(s)

21-10-2025T20:29:12 - [TEST_STEP][PASSED] - click(findTestObject("FIM/Login_btn")): Object: 'Object Repository/FIM/Login_btn' is clicked on

21-10-2025T20:29:12 - [MESSAGE][PASSED] - Object: 'Object Repository/FIM/Login_btn' is clicked on

21-10-2025T20:29:12 - [MESSAGE][PASSED] - Call Test Case 'Test Cases/Utility Scripts/FIM KGL Admin Login' successfully

21-10-2025T20:29:12 - [TEST_STEP][PASSED] - if (verifyElementVisible(findTestObject("FIM/Server_Notification_Close_btn"), OPTIONAL) == true): Web element with id: 'Object Repository/FIM/Server_Notification_Close_btn' located by '/html/body/div/div[1]/button' not found (Root cause: com.kms.katalon.core.exception.StepFailedException: Web element with id: 'Object Repository/FIM/Server_Notification_Close_btn' located by '/html/body/div/div[1]/button' not found
	at com.kms.katalon.core.webui.keyword.internal.WebUIKeywordMain.stepFailed(WebUIKeywordMain.groovy:117)
	at com.kms.katalon.core.webui.keyword.builtin.VerifyElementVisibleKeyword$_verifyElementVisible_closure1.doCall(VerifyElementVisibleKeyword.groovy:89)
	at com.kms.katalon.core.webui.keyword.builtin.VerifyElementVisibleKeyword$_verifyElementVisible_closure1.call(VerifyElementVisibleKeyword.groovy)
	at com.kms.katalon.core.webui.keyword.internal.WebUIKeywordMain.runKeyword(WebUIKeywordMain.groovy:35)
	at com.kms.katalon.core.webui.keyword.builtin.VerifyElementVisibleKeyword.verifyElementVisible(VerifyElementVisibleKeyword.groovy:97)
	at com.kms.katalon.core.webui.keyword.builtin.VerifyElementVisibleKeyword.execute(VerifyElementVisibleKeyword.groovy:67)
	at com.kms.katalon.core.keyword.internal.KeywordExecutor.executeKeywordForPlatform(KeywordExecutor.groovy:74)
	at com.kms.katalon.core.webui.keyword.WebUiBuiltInKeywords.verifyElementVisible(WebUiBuiltInKeywords.groovy:401)
	at com.kms.katalon.core.webui.keyword.WebUiBuiltInKeywords$verifyElementVisible$5.call(Unknown Source)
	at Verify Out Of Service Tank Toggle is Not Displayed.run(Verify Out Of Service Tank Toggle is Not Displayed:22)
	at com.kms.katalon.core.main.ScriptEngine.run(ScriptEngine.java:194)
	at com.kms.katalon.core.main.ScriptEngine.runScriptAsRawText(ScriptEngine.java:119)
	at com.kms.katalon.core.main.TestCaseExecutor.runScript(TestCaseExecutor.java:448)
	at com.kms.katalon.core.main.TestCaseExecutor.doExecute(TestCaseExecutor.java:439)
	at com.kms.katalon.core.main.TestCaseExecutor.processExecutionPhase(TestCaseExecutor.java:418)
	at com.kms.katalon.core.main.TestCaseExecutor.accessMainPhase(TestCaseExecutor.java:410)
	at com.kms.katalon.core.main.TestCaseExecutor.execute(TestCaseExecutor.java:285)
	at com.kms.katalon.core.common.CommonExecutor.accessTestCaseMainPhase(CommonExecutor.java:65)
	at com.kms.katalon.core.main.TestSuiteExecutor.accessTestSuiteMainPhase(TestSuiteExecutor.java:150)
	at com.kms.katalon.core.main.TestSuiteExecutor.execute(TestSuiteExecutor.java:106)
	at com.kms.katalon.core.main.TestCaseMain.startTestSuite(TestCaseMain.java:180)
	at com.kms.katalon.core.main.TestCaseMain$startTestSuite$0.call(Unknown Source)
	at TempTestSuite1761090764033.run(TempTestSuite1761090764033.groovy:35)
	at java.base/jdk.internal.reflect.NativeMethodAccessorImpl.invoke0(Native Method)
	at java.base/jdk.internal.reflect.NativeMethodAccessorImpl.invoke(NativeMethodAccessorImpl.java:77)
	at java.base/jdk.internal.reflect.DelegatingMethodAccessorImpl.invoke(DelegatingMethodAccessorImpl.java:43)
)

21-10-2025T20:29:28 - [MESSAGE][INFO] - Unable to find the element located by 'By.xpath: /html/body/div/div[1]/button'. Please recheck the objects properties to make sure the desired element is located. 

21-10-2025T20:29:28 - [MESSAGE][WARNING] - [SELF-HEALING] Failed to find element with id 'Object Repository/FIM/Server_Notification_Close_btn'. Try using Self-healing.

21-10-2025T20:29:29 - [MESSAGE][INFO] - [SELF-HEALING] No working XPath is found.

21-10-2025T20:29:31 - [MESSAGE][INFO] - Unable to find the element located by 'By.xpath: '. Please recheck the objects properties to make sure the desired element is located. 

21-10-2025T20:29:31 - [MESSAGE][WARNING] - [SELF-HEALING] Cannot find elements when the selector is null

21-10-2025T20:29:31 - [MESSAGE][WARNING] - Web element with id: 'Object Repository/FIM/Server_Notification_Close_btn' located by '/html/body/div/div[1]/button' not found (Root cause: com.kms.katalon.core.exception.StepFailedException: Web element with id: 'Object Repository/FIM/Server_Notification_Close_btn' located by '/html/body/div/div[1]/button' not found
	at com.kms.katalon.core.webui.keyword.internal.WebUIKeywordMain.stepFailed(WebUIKeywordMain.groovy:117)
	at com.kms.katalon.core.webui.keyword.builtin.VerifyElementVisibleKeyword$_verifyElementVisible_closure1.doCall(VerifyElementVisibleKeyword.groovy:89)
	at com.kms.katalon.core.webui.keyword.builtin.VerifyElementVisibleKeyword$_verifyElementVisible_closure1.call(VerifyElementVisibleKeyword.groovy)
	at com.kms.katalon.core.webui.keyword.internal.WebUIKeywordMain.runKeyword(WebUIKeywordMain.groovy:35)
	at com.kms.katalon.core.webui.keyword.builtin.VerifyElementVisibleKeyword.verifyElementVisible(VerifyElementVisibleKeyword.groovy:97)
	at com.kms.katalon.core.webui.keyword.builtin.VerifyElementVisibleKeyword.execute(VerifyElementVisibleKeyword.groovy:67)
	at com.kms.katalon.core.keyword.internal.KeywordExecutor.executeKeywordForPlatform(KeywordExecutor.groovy:74)
	at com.kms.katalon.core.webui.keyword.WebUiBuiltInKeywords.verifyElementVisible(WebUiBuiltInKeywords.groovy:401)
	at com.kms.katalon.core.webui.keyword.WebUiBuiltInKeywords$verifyElementVisible$5.call(Unknown Source)
	at Verify Out Of Service Tank Toggle is Not Displayed.run(Verify Out Of Service Tank Toggle is Not Displayed:22)
	at com.kms.katalon.core.main.ScriptEngine.run(ScriptEngine.java:194)
	at com.kms.katalon.core.main.ScriptEngine.runScriptAsRawText(ScriptEngine.java:119)
	at com.kms.katalon.core.main.TestCaseExecutor.runScript(TestCaseExecutor.java:448)
	at com.kms.katalon.core.main.TestCaseExecutor.doExecute(TestCaseExecutor.java:439)
	at com.kms.katalon.core.main.TestCaseExecutor.processExecutionPhase(TestCaseExecutor.java:418)
	at com.kms.katalon.core.main.TestCaseExecutor.accessMainPhase(TestCaseExecutor.java:410)
	at com.kms.katalon.core.main.TestCaseExecutor.execute(TestCaseExecutor.java:285)
	at com.kms.katalon.core.common.CommonExecutor.accessTestCaseMainPhase(CommonExecutor.java:65)
	at com.kms.katalon.core.main.TestSuiteExecutor.accessTestSuiteMainPhase(TestSuiteExecutor.java:150)
	at com.kms.katalon.core.main.TestSuiteExecutor.execute(TestSuiteExecutor.java:106)
	at com.kms.katalon.core.main.TestCaseMain.startTestSuite(TestCaseMain.java:180)
	at com.kms.katalon.core.main.TestCaseMain$startTestSuite$0.call(Unknown Source)
	at TempTestSuite1761090764033.run(TempTestSuite1761090764033.groovy:35)
	at java.base/jdk.internal.reflect.NativeMethodAccessorImpl.invoke0(Native Method)
	at java.base/jdk.internal.reflect.NativeMethodAccessorImpl.invoke(NativeMethodAccessorImpl.java:77)
	at java.base/jdk.internal.reflect.DelegatingMethodAccessorImpl.invoke(DelegatingMethodAccessorImpl.java:43)
)

21-10-2025T20:29:31 - [TEST_STEP][PASSED] - delay(1): Delayed 1 second(s)

21-10-2025T20:29:32 - [MESSAGE][PASSED] - Delayed 1 second(s)

21-10-2025T20:29:32 - [TEST_STEP][PASSED] - click(findTestObject("FIM/Hamburger Menu List/Hamburger_menu")): Object: 'Object Repository/FIM/Hamburger Menu List/Hamburger_menu' is clicked on

21-10-2025T20:29:32 - [MESSAGE][PASSED] - Object: 'Object Repository/FIM/Hamburger Menu List/Hamburger_menu' is clicked on

21-10-2025T20:29:32 - [TEST_STEP][PASSED] - verifyElementPresent(findTestObject("FIM/Hamburger Menu List/Sites_list (1)"), 10): Object 'Object Repository/FIM/Hamburger Menu List/Sites_list (1)' is present

21-10-2025T20:29:32 - [MESSAGE][PASSED] - Object 'Object Repository/FIM/Hamburger Menu List/Sites_list (1)' is present

21-10-2025T20:29:32 - [TEST_STEP][PASSED] - delay(1): Delayed 1 second(s)

21-10-2025T20:29:33 - [MESSAGE][PASSED] - Delayed 1 second(s)

21-10-2025T20:29:33 - [TEST_STEP][PASSED] - click(findTestObject("FIM/Hamburger Menu List/Sites_list (1)")): Object: 'Object Repository/FIM/Hamburger Menu List/Sites_list (1)' is clicked on

21-10-2025T20:29:33 - [MESSAGE][PASSED] - Object: 'Object Repository/FIM/Hamburger Menu List/Sites_list (1)' is clicked on

21-10-2025T20:29:33 - [TEST_STEP][PASSED] - waitForElementPresent(findTestObject("FIM/Sites Page/Calculator/Calculator Tab"), 10): Object 'Object Repository/FIM/Sites Page/Calculator/Calculator Tab' is present

21-10-2025T20:29:34 - [MESSAGE][PASSED] - Object 'Object Repository/FIM/Sites Page/Calculator/Calculator Tab' is present

21-10-2025T20:29:34 - [TEST_STEP][PASSED] - delay(1): Delayed 1 second(s)

21-10-2025T20:29:35 - [MESSAGE][PASSED] - Delayed 1 second(s)

21-10-2025T20:29:35 - [TEST_STEP][PASSED] - selectOptionByLabel(findTestObject("FIM/Sites Page/Site Filtering/Region Selection_dropdown"), "KAG LOGISTICS", false): All options with label 'KAG LOGISTICS' are selected in object 'Object Repository/FIM/Sites Page/Site Filtering/Region Selection_dropdown' 

21-10-2025T20:29:35 - [MESSAGE][PASSED] - All options with label 'KAG LOGISTICS' are selected in object 'Object Repository/FIM/Sites Page/Site Filtering/Region Selection_dropdown' 

21-10-2025T20:29:35 - [TEST_STEP][PASSED] - i = 0: null

21-10-2025T20:29:35 - [TEST_STEP][PASSED] - while (i < 60 == true): null

21-10-2025T20:29:35 - [TEST_STEP][PASSED] - sendKeys(findTestObject("FIM/Sites Page/Site Filtering/Site_txt"), Keys.chord(BACK_SPACE), STOP_ON_FAILURE): Keys 'BACK_SPACE + ' sent to object: 'Object Repository/FIM/Sites Page/Site Filtering/Site_txt'

21-10-2025T20:29:36 - [MESSAGE][PASSED] - Keys 'BACK_SPACE + ' sent to object: 'Object Repository/FIM/Sites Page/Site Filtering/Site_txt'

21-10-2025T20:29:36 - [TEST_STEP][PASSED] - (i++): null

21-10-2025T20:29:36 - [TEST_STEP][PASSED] - sendKeys(findTestObject("FIM/Sites Page/Site Filtering/Site_txt"), Keys.chord(BACK_SPACE), STOP_ON_FAILURE): Keys 'BACK_SPACE + ' sent to object: 'Object Repository/FIM/Sites Page/Site Filtering/Site_txt'

21-10-2025T20:29:36 - [MESSAGE][PASSED] - Keys 'BACK_SPACE + ' sent to object: 'Object Repository/FIM/Sites Page/Site Filtering/Site_txt'

21-10-2025T20:29:36 - [TEST_STEP][PASSED] - (i++): null

21-10-2025T20:29:36 - [TEST_STEP][PASSED] - sendKeys(findTestObject("FIM/Sites Page/Site Filtering/Site_txt"), Keys.chord(BACK_SPACE), STOP_ON_FAILURE): Keys 'BACK_SPACE + ' sent to object: 'Object Repository/FIM/Sites Page/Site Filtering/Site_txt'

21-10-2025T20:29:36 - [MESSAGE][PASSED] - Keys 'BACK_SPACE + ' sent to object: 'Object Repository/FIM/Sites Page/Site Filtering/Site_txt'

21-10-2025T20:29:36 - [TEST_STEP][PASSED] - (i++): null

21-10-2025T20:29:36 - [TEST_STEP][PASSED] - sendKeys(findTestObject("FIM/Sites Page/Site Filtering/Site_txt"), Keys.chord(BACK_SPACE), STOP_ON_FAILURE): Keys 'BACK_SPACE + ' sent to object: 'Object Repository/FIM/Sites Page/Site Filtering/Site_txt'

21-10-2025T20:29:36 - [MESSAGE][PASSED] - Keys 'BACK_SPACE + ' sent to object: 'Object Repository/FIM/Sites Page/Site Filtering/Site_txt'

21-10-2025T20:29:36 - [TEST_STEP][PASSED] - (i++): null

21-10-2025T20:29:36 - [TEST_STEP][PASSED] - sendKeys(findTestObject("FIM/Sites Page/Site Filtering/Site_txt"), Keys.chord(BACK_SPACE), STOP_ON_FAILURE): Keys 'BACK_SPACE + ' sent to object: 'Object Repository/FIM/Sites Page/Site Filtering/Site_txt'

21-10-2025T20:29:36 - [MESSAGE][PASSED] - Keys 'BACK_SPACE + ' sent to object: 'Object Repository/FIM/Sites Page/Site Filtering/Site_txt'

21-10-2025T20:29:36 - [TEST_STEP][PASSED] - (i++): null

21-10-2025T20:29:36 - [TEST_STEP][PASSED] - sendKeys(findTestObject("FIM/Sites Page/Site Filtering/Site_txt"), Keys.chord(BACK_SPACE), STOP_ON_FAILURE): Keys 'BACK_SPACE + ' sent to object: 'Object Repository/FIM/Sites Page/Site Filtering/Site_txt'

21-10-2025T20:29:36 - [MESSAGE][PASSED] - Keys 'BACK_SPACE + ' sent to object: 'Object Repository/FIM/Sites Page/Site Filtering/Site_txt'

21-10-2025T20:29:36 - [TEST_STEP][PASSED] - (i++): null

21-10-2025T20:29:36 - [TEST_STEP][PASSED] - sendKeys(findTestObject("FIM/Sites Page/Site Filtering/Site_txt"), Keys.chord(BACK_SPACE), STOP_ON_FAILURE): Keys 'BACK_SPACE + ' sent to object: 'Object Repository/FIM/Sites Page/Site Filtering/Site_txt'

21-10-2025T20:29:36 - [MESSAGE][PASSED] - Keys 'BACK_SPACE + ' sent to object: 'Object Repository/FIM/Sites Page/Site Filtering/Site_txt'

21-10-2025T20:29:36 - [TEST_STEP][PASSED] - (i++): null

21-10-2025T20:29:36 - [TEST_STEP][PASSED] - sendKeys(findTestObject("FIM/Sites Page/Site Filtering/Site_txt"), Keys.chord(BACK_SPACE), STOP_ON_FAILURE): Keys 'BACK_SPACE + ' sent to object: 'Object Repository/FIM/Sites Page/Site Filtering/Site_txt'

21-10-2025T20:29:36 - [MESSAGE][PASSED] - Keys 'BACK_SPACE + ' sent to object: 'Object Repository/FIM/Sites Page/Site Filtering/Site_txt'

21-10-2025T20:29:36 - [TEST_STEP][PASSED] - (i++): null

21-10-2025T20:29:36 - [TEST_STEP][PASSED] - sendKeys(findTestObject("FIM/Sites Page/Site Filtering/Site_txt"), Keys.chord(BACK_SPACE), STOP_ON_FAILURE): Keys 'BACK_SPACE + ' sent to object: 'Object Repository/FIM/Sites Page/Site Filtering/Site_txt'

21-10-2025T20:29:36 - [MESSAGE][PASSED] - Keys 'BACK_SPACE + ' sent to object: 'Object Repository/FIM/Sites Page/Site Filtering/Site_txt'

21-10-2025T20:29:36 - [TEST_STEP][PASSED] - (i++): null

21-10-2025T20:29:36 - [TEST_STEP][PASSED] - sendKeys(findTestObject("FIM/Sites Page/Site Filtering/Site_txt"), Keys.chord(BACK_SPACE), STOP_ON_FAILURE): Keys 'BACK_SPACE + ' sent to object: 'Object Repository/FIM/Sites Page/Site Filtering/Site_txt'

21-10-2025T20:29:37 - [MESSAGE][PASSED] - Keys 'BACK_SPACE + ' sent to object: 'Object Repository/FIM/Sites Page/Site Filtering/Site_txt'

21-10-2025T20:29:37 - [TEST_STEP][PASSED] - (i++): null

21-10-2025T20:29:37 - [TEST_STEP][PASSED] - sendKeys(findTestObject("FIM/Sites Page/Site Filtering/Site_txt"), Keys.chord(BACK_SPACE), STOP_ON_FAILURE): Keys 'BACK_SPACE + ' sent to object: 'Object Repository/FIM/Sites Page/Site Filtering/Site_txt'

21-10-2025T20:29:37 - [MESSAGE][PASSED] - Keys 'BACK_SPACE + ' sent to object: 'Object Repository/FIM/Sites Page/Site Filtering/Site_txt'

21-10-2025T20:29:37 - [TEST_STEP][PASSED] - (i++): null

21-10-2025T20:29:37 - [TEST_STEP][PASSED] - sendKeys(findTestObject("FIM/Sites Page/Site Filtering/Site_txt"), Keys.chord(BACK_SPACE), STOP_ON_FAILURE): Keys 'BACK_SPACE + ' sent to object: 'Object Repository/FIM/Sites Page/Site Filtering/Site_txt'

21-10-2025T20:29:37 - [MESSAGE][PASSED] - Keys 'BACK_SPACE + ' sent to object: 'Object Repository/FIM/Sites Page/Site Filtering/Site_txt'

21-10-2025T20:29:37 - [TEST_STEP][PASSED] - (i++): null

21-10-2025T20:29:37 - [TEST_STEP][PASSED] - sendKeys(findTestObject("FIM/Sites Page/Site Filtering/Site_txt"), Keys.chord(BACK_SPACE), STOP_ON_FAILURE): Keys 'BACK_SPACE + ' sent to object: 'Object Repository/FIM/Sites Page/Site Filtering/Site_txt'

21-10-2025T20:29:37 - [MESSAGE][PASSED] - Keys 'BACK_SPACE + ' sent to object: 'Object Repository/FIM/Sites Page/Site Filtering/Site_txt'

21-10-2025T20:29:37 - [TEST_STEP][PASSED] - (i++): null

21-10-2025T20:29:37 - [TEST_STEP][PASSED] - sendKeys(findTestObject("FIM/Sites Page/Site Filtering/Site_txt"), Keys.chord(BACK_SPACE), STOP_ON_FAILURE): Keys 'BACK_SPACE + ' sent to object: 'Object Repository/FIM/Sites Page/Site Filtering/Site_txt'

21-10-2025T20:29:37 - [MESSAGE][PASSED] - Keys 'BACK_SPACE + ' sent to object: 'Object Repository/FIM/Sites Page/Site Filtering/Site_txt'

21-10-2025T20:29:37 - [TEST_STEP][PASSED] - (i++): null

21-10-2025T20:29:37 - [TEST_STEP][PASSED] - sendKeys(findTestObject("FIM/Sites Page/Site Filtering/Site_txt"), Keys.chord(BACK_SPACE), STOP_ON_FAILURE): Keys 'BACK_SPACE + ' sent to object: 'Object Repository/FIM/Sites Page/Site Filtering/Site_txt'

21-10-2025T20:29:37 - [MESSAGE][PASSED] - Keys 'BACK_SPACE + ' sent to object: 'Object Repository/FIM/Sites Page/Site Filtering/Site_txt'

21-10-2025T20:29:37 - [TEST_STEP][PASSED] - (i++): null

21-10-2025T20:29:37 - [TEST_STEP][PASSED] - sendKeys(findTestObject("FIM/Sites Page/Site Filtering/Site_txt"), Keys.chord(BACK_SPACE), STOP_ON_FAILURE): Keys 'BACK_SPACE + ' sent to object: 'Object Repository/FIM/Sites Page/Site Filtering/Site_txt'

21-10-2025T20:29:37 - [MESSAGE][PASSED] - Keys 'BACK_SPACE + ' sent to object: 'Object Repository/FIM/Sites Page/Site Filtering/Site_txt'

21-10-2025T20:29:37 - [TEST_STEP][PASSED] - (i++): null

21-10-2025T20:29:37 - [TEST_STEP][PASSED] - sendKeys(findTestObject("FIM/Sites Page/Site Filtering/Site_txt"), Keys.chord(BACK_SPACE), STOP_ON_FAILURE): Keys 'BACK_SPACE + ' sent to object: 'Object Repository/FIM/Sites Page/Site Filtering/Site_txt'

21-10-2025T20:29:37 - [MESSAGE][PASSED] - Keys 'BACK_SPACE + ' sent to object: 'Object Repository/FIM/Sites Page/Site Filtering/Site_txt'

21-10-2025T20:29:37 - [TEST_STEP][PASSED] - (i++): null

21-10-2025T20:29:37 - [TEST_STEP][PASSED] - sendKeys(findTestObject("FIM/Sites Page/Site Filtering/Site_txt"), Keys.chord(BACK_SPACE), STOP_ON_FAILURE): Keys 'BACK_SPACE + ' sent to object: 'Object Repository/FIM/Sites Page/Site Filtering/Site_txt'

21-10-2025T20:29:37 - [MESSAGE][PASSED] - Keys 'BACK_SPACE + ' sent to object: 'Object Repository/FIM/Sites Page/Site Filtering/Site_txt'

21-10-2025T20:29:37 - [TEST_STEP][PASSED] - (i++): null

21-10-2025T20:29:37 - [TEST_STEP][PASSED] - sendKeys(findTestObject("FIM/Sites Page/Site Filtering/Site_txt"), Keys.chord(BACK_SPACE), STOP_ON_FAILURE): Keys 'BACK_SPACE + ' sent to object: 'Object Repository/FIM/Sites Page/Site Filtering/Site_txt'

21-10-2025T20:29:37 - [MESSAGE][PASSED] - Keys 'BACK_SPACE + ' sent to object: 'Object Repository/FIM/Sites Page/Site Filtering/Site_txt'

21-10-2025T20:29:37 - [TEST_STEP][PASSED] - (i++): null

21-10-2025T20:29:37 - [TEST_STEP][PASSED] - sendKeys(findTestObject("FIM/Sites Page/Site Filtering/Site_txt"), Keys.chord(BACK_SPACE), STOP_ON_FAILURE): Keys 'BACK_SPACE + ' sent to object: 'Object Repository/FIM/Sites Page/Site Filtering/Site_txt'

21-10-2025T20:29:37 - [MESSAGE][PASSED] - Keys 'BACK_SPACE + ' sent to object: 'Object Repository/FIM/Sites Page/Site Filtering/Site_txt'

21-10-2025T20:29:37 - [TEST_STEP][PASSED] - (i++): null

21-10-2025T20:29:37 - [TEST_STEP][PASSED] - sendKeys(findTestObject("FIM/Sites Page/Site Filtering/Site_txt"), Keys.chord(BACK_SPACE), STOP_ON_FAILURE): Keys 'BACK_SPACE + ' sent to object: 'Object Repository/FIM/Sites Page/Site Filtering/Site_txt'

21-10-2025T20:29:37 - [MESSAGE][PASSED] - Keys 'BACK_SPACE + ' sent to object: 'Object Repository/FIM/Sites Page/Site Filtering/Site_txt'

21-10-2025T20:29:37 - [TEST_STEP][PASSED] - (i++): null

21-10-2025T20:29:37 - [TEST_STEP][PASSED] - sendKeys(findTestObject("FIM/Sites Page/Site Filtering/Site_txt"), Keys.chord(BACK_SPACE), STOP_ON_FAILURE): Keys 'BACK_SPACE + ' sent to object: 'Object Repository/FIM/Sites Page/Site Filtering/Site_txt'

21-10-2025T20:29:37 - [MESSAGE][PASSED] - Keys 'BACK_SPACE + ' sent to object: 'Object Repository/FIM/Sites Page/Site Filtering/Site_txt'

21-10-2025T20:29:37 - [TEST_STEP][PASSED] - (i++): null

21-10-2025T20:29:37 - [TEST_STEP][PASSED] - sendKeys(findTestObject("FIM/Sites Page/Site Filtering/Site_txt"), Keys.chord(BACK_SPACE), STOP_ON_FAILURE): Keys 'BACK_SPACE + ' sent to object: 'Object Repository/FIM/Sites Page/Site Filtering/Site_txt'

21-10-2025T20:29:37 - [MESSAGE][PASSED] - Keys 'BACK_SPACE + ' sent to object: 'Object Repository/FIM/Sites Page/Site Filtering/Site_txt'

21-10-2025T20:29:37 - [TEST_STEP][PASSED] - (i++): null

21-10-2025T20:29:37 - [TEST_STEP][PASSED] - sendKeys(findTestObject("FIM/Sites Page/Site Filtering/Site_txt"), Keys.chord(BACK_SPACE), STOP_ON_FAILURE): Keys 'BACK_SPACE + ' sent to object: 'Object Repository/FIM/Sites Page/Site Filtering/Site_txt'

21-10-2025T20:29:37 - [MESSAGE][PASSED] - Keys 'BACK_SPACE + ' sent to object: 'Object Repository/FIM/Sites Page/Site Filtering/Site_txt'

21-10-2025T20:29:37 - [TEST_STEP][PASSED] - (i++): null

21-10-2025T20:29:37 - [TEST_STEP][PASSED] - sendKeys(findTestObject("FIM/Sites Page/Site Filtering/Site_txt"), Keys.chord(BACK_SPACE), STOP_ON_FAILURE): Keys 'BACK_SPACE + ' sent to object: 'Object Repository/FIM/Sites Page/Site Filtering/Site_txt'

21-10-2025T20:29:37 - [MESSAGE][PASSED] - Keys 'BACK_SPACE + ' sent to object: 'Object Repository/FIM/Sites Page/Site Filtering/Site_txt'

21-10-2025T20:29:37 - [TEST_STEP][PASSED] - (i++): null

21-10-2025T20:29:37 - [TEST_STEP][PASSED] - sendKeys(findTestObject("FIM/Sites Page/Site Filtering/Site_txt"), Keys.chord(BACK_SPACE), STOP_ON_FAILURE): Keys 'BACK_SPACE + ' sent to object: 'Object Repository/FIM/Sites Page/Site Filtering/Site_txt'

21-10-2025T20:29:37 - [MESSAGE][PASSED] - Keys 'BACK_SPACE + ' sent to object: 'Object Repository/FIM/Sites Page/Site Filtering/Site_txt'

21-10-2025T20:29:37 - [TEST_STEP][PASSED] - (i++): null

21-10-2025T20:29:37 - [TEST_STEP][PASSED] - sendKeys(findTestObject("FIM/Sites Page/Site Filtering/Site_txt"), Keys.chord(BACK_SPACE), STOP_ON_FAILURE): Keys 'BACK_SPACE + ' sent to object: 'Object Repository/FIM/Sites Page/Site Filtering/Site_txt'

21-10-2025T20:29:37 - [MESSAGE][PASSED] - Keys 'BACK_SPACE + ' sent to object: 'Object Repository/FIM/Sites Page/Site Filtering/Site_txt'

21-10-2025T20:29:37 - [TEST_STEP][PASSED] - (i++): null

21-10-2025T20:29:37 - [TEST_STEP][PASSED] - sendKeys(findTestObject("FIM/Sites Page/Site Filtering/Site_txt"), Keys.chord(BACK_SPACE), STOP_ON_FAILURE): Keys 'BACK_SPACE + ' sent to object: 'Object Repository/FIM/Sites Page/Site Filtering/Site_txt'

21-10-2025T20:29:37 - [MESSAGE][PASSED] - Keys 'BACK_SPACE + ' sent to object: 'Object Repository/FIM/Sites Page/Site Filtering/Site_txt'

21-10-2025T20:29:37 - [TEST_STEP][PASSED] - (i++): null

21-10-2025T20:29:37 - [TEST_STEP][PASSED] - sendKeys(findTestObject("FIM/Sites Page/Site Filtering/Site_txt"), Keys.chord(BACK_SPACE), STOP_ON_FAILURE): Keys 'BACK_SPACE + ' sent to object: 'Object Repository/FIM/Sites Page/Site Filtering/Site_txt'

21-10-2025T20:29:38 - [MESSAGE][PASSED] - Keys 'BACK_SPACE + ' sent to object: 'Object Repository/FIM/Sites Page/Site Filtering/Site_txt'

21-10-2025T20:29:38 - [TEST_STEP][PASSED] - (i++): null

21-10-2025T20:29:38 - [TEST_STEP][PASSED] - sendKeys(findTestObject("FIM/Sites Page/Site Filtering/Site_txt"), Keys.chord(BACK_SPACE), STOP_ON_FAILURE): Keys 'BACK_SPACE + ' sent to object: 'Object Repository/FIM/Sites Page/Site Filtering/Site_txt'

21-10-2025T20:29:38 - [MESSAGE][PASSED] - Keys 'BACK_SPACE + ' sent to object: 'Object Repository/FIM/Sites Page/Site Filtering/Site_txt'

21-10-2025T20:29:38 - [TEST_STEP][PASSED] - (i++): null

21-10-2025T20:29:38 - [TEST_STEP][PASSED] - sendKeys(findTestObject("FIM/Sites Page/Site Filtering/Site_txt"), Keys.chord(BACK_SPACE), STOP_ON_FAILURE): Keys 'BACK_SPACE + ' sent to object: 'Object Repository/FIM/Sites Page/Site Filtering/Site_txt'

21-10-2025T20:29:38 - [MESSAGE][PASSED] - Keys 'BACK_SPACE + ' sent to object: 'Object Repository/FIM/Sites Page/Site Filtering/Site_txt'

21-10-2025T20:29:38 - [TEST_STEP][PASSED] - (i++): null

21-10-2025T20:29:38 - [TEST_STEP][PASSED] - sendKeys(findTestObject("FIM/Sites Page/Site Filtering/Site_txt"), Keys.chord(BACK_SPACE), STOP_ON_FAILURE): Keys 'BACK_SPACE + ' sent to object: 'Object Repository/FIM/Sites Page/Site Filtering/Site_txt'

21-10-2025T20:29:38 - [MESSAGE][PASSED] - Keys 'BACK_SPACE + ' sent to object: 'Object Repository/FIM/Sites Page/Site Filtering/Site_txt'

21-10-2025T20:29:38 - [TEST_STEP][PASSED] - (i++): null

21-10-2025T20:29:38 - [TEST_STEP][PASSED] - sendKeys(findTestObject("FIM/Sites Page/Site Filtering/Site_txt"), Keys.chord(BACK_SPACE), STOP_ON_FAILURE): Keys 'BACK_SPACE + ' sent to object: 'Object Repository/FIM/Sites Page/Site Filtering/Site_txt'

21-10-2025T20:29:38 - [MESSAGE][PASSED] - Keys 'BACK_SPACE + ' sent to object: 'Object Repository/FIM/Sites Page/Site Filtering/Site_txt'

21-10-2025T20:29:38 - [TEST_STEP][PASSED] - (i++): null

21-10-2025T20:29:38 - [TEST_STEP][PASSED] - sendKeys(findTestObject("FIM/Sites Page/Site Filtering/Site_txt"), Keys.chord(BACK_SPACE), STOP_ON_FAILURE): Keys 'BACK_SPACE + ' sent to object: 'Object Repository/FIM/Sites Page/Site Filtering/Site_txt'

21-10-2025T20:29:38 - [MESSAGE][PASSED] - Keys 'BACK_SPACE + ' sent to object: 'Object Repository/FIM/Sites Page/Site Filtering/Site_txt'

21-10-2025T20:29:38 - [TEST_STEP][PASSED] - (i++): null

21-10-2025T20:29:38 - [TEST_STEP][PASSED] - sendKeys(findTestObject("FIM/Sites Page/Site Filtering/Site_txt"), Keys.chord(BACK_SPACE), STOP_ON_FAILURE): Keys 'BACK_SPACE + ' sent to object: 'Object Repository/FIM/Sites Page/Site Filtering/Site_txt'

21-10-2025T20:29:38 - [MESSAGE][PASSED] - Keys 'BACK_SPACE + ' sent to object: 'Object Repository/FIM/Sites Page/Site Filtering/Site_txt'

21-10-2025T20:29:38 - [TEST_STEP][PASSED] - (i++): null

21-10-2025T20:29:38 - [TEST_STEP][PASSED] - sendKeys(findTestObject("FIM/Sites Page/Site Filtering/Site_txt"), Keys.chord(BACK_SPACE), STOP_ON_FAILURE): Keys 'BACK_SPACE + ' sent to object: 'Object Repository/FIM/Sites Page/Site Filtering/Site_txt'

21-10-2025T20:29:38 - [MESSAGE][PASSED] - Keys 'BACK_SPACE + ' sent to object: 'Object Repository/FIM/Sites Page/Site Filtering/Site_txt'

21-10-2025T20:29:38 - [TEST_STEP][PASSED] - (i++): null

21-10-2025T20:29:38 - [TEST_STEP][PASSED] - sendKeys(findTestObject("FIM/Sites Page/Site Filtering/Site_txt"), Keys.chord(BACK_SPACE), STOP_ON_FAILURE): Keys 'BACK_SPACE + ' sent to object: 'Object Repository/FIM/Sites Page/Site Filtering/Site_txt'

21-10-2025T20:29:38 - [MESSAGE][PASSED] - Keys 'BACK_SPACE + ' sent to object: 'Object Repository/FIM/Sites Page/Site Filtering/Site_txt'

21-10-2025T20:29:38 - [TEST_STEP][PASSED] - (i++): null

21-10-2025T20:29:38 - [TEST_STEP][PASSED] - sendKeys(findTestObject("FIM/Sites Page/Site Filtering/Site_txt"), Keys.chord(BACK_SPACE), STOP_ON_FAILURE): Keys 'BACK_SPACE + ' sent to object: 'Object Repository/FIM/Sites Page/Site Filtering/Site_txt'

21-10-2025T20:29:38 - [MESSAGE][PASSED] - Keys 'BACK_SPACE + ' sent to object: 'Object Repository/FIM/Sites Page/Site Filtering/Site_txt'

21-10-2025T20:29:38 - [TEST_STEP][PASSED] - (i++): null

21-10-2025T20:29:38 - [TEST_STEP][PASSED] - sendKeys(findTestObject("FIM/Sites Page/Site Filtering/Site_txt"), Keys.chord(BACK_SPACE), STOP_ON_FAILURE): Keys 'BACK_SPACE + ' sent to object: 'Object Repository/FIM/Sites Page/Site Filtering/Site_txt'

21-10-2025T20:29:38 - [MESSAGE][PASSED] - Keys 'BACK_SPACE + ' sent to object: 'Object Repository/FIM/Sites Page/Site Filtering/Site_txt'

21-10-2025T20:29:38 - [TEST_STEP][PASSED] - (i++): null

21-10-2025T20:29:38 - [TEST_STEP][PASSED] - sendKeys(findTestObject("FIM/Sites Page/Site Filtering/Site_txt"), Keys.chord(BACK_SPACE), STOP_ON_FAILURE): Keys 'BACK_SPACE + ' sent to object: 'Object Repository/FIM/Sites Page/Site Filtering/Site_txt'

21-10-2025T20:29:38 - [MESSAGE][PASSED] - Keys 'BACK_SPACE + ' sent to object: 'Object Repository/FIM/Sites Page/Site Filtering/Site_txt'

21-10-2025T20:29:38 - [TEST_STEP][PASSED] - (i++): null

21-10-2025T20:29:38 - [TEST_STEP][PASSED] - sendKeys(findTestObject("FIM/Sites Page/Site Filtering/Site_txt"), Keys.chord(BACK_SPACE), STOP_ON_FAILURE): Keys 'BACK_SPACE + ' sent to object: 'Object Repository/FIM/Sites Page/Site Filtering/Site_txt'

21-10-2025T20:29:38 - [MESSAGE][PASSED] - Keys 'BACK_SPACE + ' sent to object: 'Object Repository/FIM/Sites Page/Site Filtering/Site_txt'

21-10-2025T20:29:38 - [TEST_STEP][PASSED] - (i++): null

21-10-2025T20:29:38 - [TEST_STEP][PASSED] - sendKeys(findTestObject("FIM/Sites Page/Site Filtering/Site_txt"), Keys.chord(BACK_SPACE), STOP_ON_FAILURE): Keys 'BACK_SPACE + ' sent to object: 'Object Repository/FIM/Sites Page/Site Filtering/Site_txt'

21-10-2025T20:29:38 - [MESSAGE][PASSED] - Keys 'BACK_SPACE + ' sent to object: 'Object Repository/FIM/Sites Page/Site Filtering/Site_txt'

21-10-2025T20:29:38 - [TEST_STEP][PASSED] - (i++): null

21-10-2025T20:29:38 - [TEST_STEP][PASSED] - sendKeys(findTestObject("FIM/Sites Page/Site Filtering/Site_txt"), Keys.chord(BACK_SPACE), STOP_ON_FAILURE): Keys 'BACK_SPACE + ' sent to object: 'Object Repository/FIM/Sites Page/Site Filtering/Site_txt'

21-10-2025T20:29:38 - [MESSAGE][PASSED] - Keys 'BACK_SPACE + ' sent to object: 'Object Repository/FIM/Sites Page/Site Filtering/Site_txt'

21-10-2025T20:29:38 - [TEST_STEP][PASSED] - (i++): null

21-10-2025T20:29:38 - [TEST_STEP][PASSED] - sendKeys(findTestObject("FIM/Sites Page/Site Filtering/Site_txt"), Keys.chord(BACK_SPACE), STOP_ON_FAILURE): Keys 'BACK_SPACE + ' sent to object: 'Object Repository/FIM/Sites Page/Site Filtering/Site_txt'

21-10-2025T20:29:38 - [MESSAGE][PASSED] - Keys 'BACK_SPACE + ' sent to object: 'Object Repository/FIM/Sites Page/Site Filtering/Site_txt'

21-10-2025T20:29:38 - [TEST_STEP][PASSED] - (i++): null

21-10-2025T20:29:38 - [TEST_STEP][PASSED] - sendKeys(findTestObject("FIM/Sites Page/Site Filtering/Site_txt"), Keys.chord(BACK_SPACE), STOP_ON_FAILURE): Keys 'BACK_SPACE + ' sent to object: 'Object Repository/FIM/Sites Page/Site Filtering/Site_txt'

21-10-2025T20:29:38 - [MESSAGE][PASSED] - Keys 'BACK_SPACE + ' sent to object: 'Object Repository/FIM/Sites Page/Site Filtering/Site_txt'

21-10-2025T20:29:38 - [TEST_STEP][PASSED] - (i++): null

21-10-2025T20:29:38 - [TEST_STEP][PASSED] - sendKeys(findTestObject("FIM/Sites Page/Site Filtering/Site_txt"), Keys.chord(BACK_SPACE), STOP_ON_FAILURE): Keys 'BACK_SPACE + ' sent to object: 'Object Repository/FIM/Sites Page/Site Filtering/Site_txt'

21-10-2025T20:29:38 - [MESSAGE][PASSED] - Keys 'BACK_SPACE + ' sent to object: 'Object Repository/FIM/Sites Page/Site Filtering/Site_txt'

21-10-2025T20:29:38 - [TEST_STEP][PASSED] - (i++): null

21-10-2025T20:29:38 - [TEST_STEP][PASSED] - sendKeys(findTestObject("FIM/Sites Page/Site Filtering/Site_txt"), Keys.chord(BACK_SPACE), STOP_ON_FAILURE): Keys 'BACK_SPACE + ' sent to object: 'Object Repository/FIM/Sites Page/Site Filtering/Site_txt'

21-10-2025T20:29:38 - [MESSAGE][PASSED] - Keys 'BACK_SPACE + ' sent to object: 'Object Repository/FIM/Sites Page/Site Filtering/Site_txt'

21-10-2025T20:29:38 - [TEST_STEP][PASSED] - (i++): null

21-10-2025T20:29:38 - [TEST_STEP][PASSED] - sendKeys(findTestObject("FIM/Sites Page/Site Filtering/Site_txt"), Keys.chord(BACK_SPACE), STOP_ON_FAILURE): Keys 'BACK_SPACE + ' sent to object: 'Object Repository/FIM/Sites Page/Site Filtering/Site_txt'

21-10-2025T20:29:39 - [MESSAGE][PASSED] - Keys 'BACK_SPACE + ' sent to object: 'Object Repository/FIM/Sites Page/Site Filtering/Site_txt'

21-10-2025T20:29:39 - [TEST_STEP][PASSED] - (i++): null

21-10-2025T20:29:39 - [TEST_STEP][PASSED] - sendKeys(findTestObject("FIM/Sites Page/Site Filtering/Site_txt"), Keys.chord(BACK_SPACE), STOP_ON_FAILURE): Keys 'BACK_SPACE + ' sent to object: 'Object Repository/FIM/Sites Page/Site Filtering/Site_txt'

21-10-2025T20:29:39 - [MESSAGE][PASSED] - Keys 'BACK_SPACE + ' sent to object: 'Object Repository/FIM/Sites Page/Site Filtering/Site_txt'

21-10-2025T20:29:39 - [TEST_STEP][PASSED] - (i++): null

21-10-2025T20:29:39 - [TEST_STEP][PASSED] - sendKeys(findTestObject("FIM/Sites Page/Site Filtering/Site_txt"), Keys.chord(BACK_SPACE), STOP_ON_FAILURE): Keys 'BACK_SPACE + ' sent to object: 'Object Repository/FIM/Sites Page/Site Filtering/Site_txt'

21-10-2025T20:29:39 - [MESSAGE][PASSED] - Keys 'BACK_SPACE + ' sent to object: 'Object Repository/FIM/Sites Page/Site Filtering/Site_txt'

21-10-2025T20:29:39 - [TEST_STEP][PASSED] - (i++): null

21-10-2025T20:29:39 - [TEST_STEP][PASSED] - sendKeys(findTestObject("FIM/Sites Page/Site Filtering/Site_txt"), Keys.chord(BACK_SPACE), STOP_ON_FAILURE): Keys 'BACK_SPACE + ' sent to object: 'Object Repository/FIM/Sites Page/Site Filtering/Site_txt'

21-10-2025T20:29:39 - [MESSAGE][PASSED] - Keys 'BACK_SPACE + ' sent to object: 'Object Repository/FIM/Sites Page/Site Filtering/Site_txt'

21-10-2025T20:29:39 - [TEST_STEP][PASSED] - (i++): null

21-10-2025T20:29:39 - [TEST_STEP][PASSED] - sendKeys(findTestObject("FIM/Sites Page/Site Filtering/Site_txt"), Keys.chord(BACK_SPACE), STOP_ON_FAILURE): Keys 'BACK_SPACE + ' sent to object: 'Object Repository/FIM/Sites Page/Site Filtering/Site_txt'

21-10-2025T20:29:39 - [MESSAGE][PASSED] - Keys 'BACK_SPACE + ' sent to object: 'Object Repository/FIM/Sites Page/Site Filtering/Site_txt'

21-10-2025T20:29:39 - [TEST_STEP][PASSED] - (i++): null

21-10-2025T20:29:39 - [TEST_STEP][PASSED] - sendKeys(findTestObject("FIM/Sites Page/Site Filtering/Site_txt"), Keys.chord(BACK_SPACE), STOP_ON_FAILURE): Keys 'BACK_SPACE + ' sent to object: 'Object Repository/FIM/Sites Page/Site Filtering/Site_txt'

21-10-2025T20:29:39 - [MESSAGE][PASSED] - Keys 'BACK_SPACE + ' sent to object: 'Object Repository/FIM/Sites Page/Site Filtering/Site_txt'

21-10-2025T20:29:39 - [TEST_STEP][PASSED] - (i++): null

21-10-2025T20:29:39 - [TEST_STEP][PASSED] - sendKeys(findTestObject("FIM/Sites Page/Site Filtering/Site_txt"), Keys.chord(BACK_SPACE), STOP_ON_FAILURE): Keys 'BACK_SPACE + ' sent to object: 'Object Repository/FIM/Sites Page/Site Filtering/Site_txt'

21-10-2025T20:29:39 - [MESSAGE][PASSED] - Keys 'BACK_SPACE + ' sent to object: 'Object Repository/FIM/Sites Page/Site Filtering/Site_txt'

21-10-2025T20:29:39 - [TEST_STEP][PASSED] - (i++): null

21-10-2025T20:29:39 - [TEST_STEP][PASSED] - sendKeys(findTestObject("FIM/Sites Page/Site Filtering/Site_txt"), Keys.chord(BACK_SPACE), STOP_ON_FAILURE): Keys 'BACK_SPACE + ' sent to object: 'Object Repository/FIM/Sites Page/Site Filtering/Site_txt'

21-10-2025T20:29:39 - [MESSAGE][PASSED] - Keys 'BACK_SPACE + ' sent to object: 'Object Repository/FIM/Sites Page/Site Filtering/Site_txt'

21-10-2025T20:29:39 - [TEST_STEP][PASSED] - (i++): null

21-10-2025T20:29:39 - [TEST_STEP][PASSED] - sendKeys(findTestObject("FIM/Sites Page/Site Filtering/Site_txt"), Keys.chord(BACK_SPACE), STOP_ON_FAILURE): Keys 'BACK_SPACE + ' sent to object: 'Object Repository/FIM/Sites Page/Site Filtering/Site_txt'

21-10-2025T20:29:39 - [MESSAGE][PASSED] - Keys 'BACK_SPACE + ' sent to object: 'Object Repository/FIM/Sites Page/Site Filtering/Site_txt'

21-10-2025T20:29:39 - [TEST_STEP][PASSED] - (i++): null

21-10-2025T20:29:39 - [TEST_STEP][PASSED] - sendKeys(findTestObject("FIM/Sites Page/Site Filtering/Site_txt"), Keys.chord(BACK_SPACE), STOP_ON_FAILURE): Keys 'BACK_SPACE + ' sent to object: 'Object Repository/FIM/Sites Page/Site Filtering/Site_txt'

21-10-2025T20:29:39 - [MESSAGE][PASSED] - Keys 'BACK_SPACE + ' sent to object: 'Object Repository/FIM/Sites Page/Site Filtering/Site_txt'

21-10-2025T20:29:39 - [TEST_STEP][PASSED] - (i++): null

21-10-2025T20:29:39 - [TEST_STEP][PASSED] - sendKeys(findTestObject("FIM/Sites Page/Site Filtering/Site_txt"), Keys.chord(BACK_SPACE), STOP_ON_FAILURE): Keys 'BACK_SPACE + ' sent to object: 'Object Repository/FIM/Sites Page/Site Filtering/Site_txt'

21-10-2025T20:29:39 - [MESSAGE][PASSED] - Keys 'BACK_SPACE + ' sent to object: 'Object Repository/FIM/Sites Page/Site Filtering/Site_txt'

21-10-2025T20:29:39 - [TEST_STEP][PASSED] - (i++): null

21-10-2025T20:29:39 - [TEST_STEP][PASSED] - sendKeys(findTestObject("FIM/Sites Page/Site Filtering/Site_txt"), Keys.chord(BACK_SPACE), STOP_ON_FAILURE): Keys 'BACK_SPACE + ' sent to object: 'Object Repository/FIM/Sites Page/Site Filtering/Site_txt'

21-10-2025T20:29:39 - [MESSAGE][PASSED] - Keys 'BACK_SPACE + ' sent to object: 'Object Repository/FIM/Sites Page/Site Filtering/Site_txt'

21-10-2025T20:29:39 - [TEST_STEP][PASSED] - (i++): null

21-10-2025T20:29:39 - [TEST_STEP][PASSED] - sendKeys(findTestObject("FIM/Sites Page/Site Filtering/Site_txt"), Keys.chord(BACK_SPACE), STOP_ON_FAILURE): Keys 'BACK_SPACE + ' sent to object: 'Object Repository/FIM/Sites Page/Site Filtering/Site_txt'

21-10-2025T20:29:39 - [MESSAGE][PASSED] - Keys 'BACK_SPACE + ' sent to object: 'Object Repository/FIM/Sites Page/Site Filtering/Site_txt'

21-10-2025T20:29:39 - [TEST_STEP][PASSED] - (i++): null

21-10-2025T20:29:39 - [TEST_STEP][PASSED] - sendKeys(findTestObject("FIM/Sites Page/Site Filtering/Site_txt"), "TURK132 - 798 North", STOP_ON_FAILURE): Keys 'TURK132 - 798 North' sent to object: 'Object Repository/FIM/Sites Page/Site Filtering/Site_txt'

21-10-2025T20:29:40 - [MESSAGE][PASSED] - Keys 'TURK132 - 798 North' sent to object: 'Object Repository/FIM/Sites Page/Site Filtering/Site_txt'

21-10-2025T20:29:40 - [TEST_STEP][PASSED] - sendKeys(findTestObject("FIM/Sites Page/Site Filtering/Site_txt"), Keys.chord(ENTER), STOP_ON_FAILURE): Keys 'ENTER + ' sent to object: 'Object Repository/FIM/Sites Page/Site Filtering/Site_txt'

21-10-2025T20:29:40 - [MESSAGE][PASSED] - Keys 'ENTER + ' sent to object: 'Object Repository/FIM/Sites Page/Site Filtering/Site_txt'

21-10-2025T20:29:40 - [TEST_STEP][PASSED] - delay(1): Delayed 1 second(s)

21-10-2025T20:29:41 - [MESSAGE][PASSED] - Delayed 1 second(s)

21-10-2025T20:29:41 - [TEST_STEP][PASSED] - waitForElementClickable(findTestObject("FIM/Sites Page/Inventories/Edit/Threshold/Tank Edit Button (KGL)"), 300): Object 'Object Repository/FIM/Sites Page/Inventories/Edit/Threshold/Tank Edit Button (KGL)' is clickable

21-10-2025T20:29:41 - [MESSAGE][PASSED] - Object 'Object Repository/FIM/Sites Page/Inventories/Edit/Threshold/Tank Edit Button (KGL)' is clickable

21-10-2025T20:29:41 - [TEST_STEP][PASSED] - click(findTestObject("FIM/Sites Page/Inventories/Edit/Threshold/Tank Edit Button (KGL)")): Object: 'Object Repository/FIM/Sites Page/Inventories/Edit/Threshold/Tank Edit Button (KGL)' is clicked on

21-10-2025T20:29:41 - [MESSAGE][PASSED] - Object: 'Object Repository/FIM/Sites Page/Inventories/Edit/Threshold/Tank Edit Button (KGL)' is clicked on

21-10-2025T20:29:41 - [TEST_STEP][PASSED] - delay(2): Delayed 2 second(s)

21-10-2025T20:29:43 - [MESSAGE][PASSED] - Delayed 2 second(s)

21-10-2025T20:29:43 - [TEST_STEP][PASSED] - verifyTextNotPresent("Out of Service", true): Text 'Out of Service' is not present on page using regular expression

21-10-2025T20:29:44 - [MESSAGE][PASSED] - Text 'Out of Service' is not present on page using regular expression

21-10-2025T20:29:44 - [TEST_STEP][PASSED] - Start listener action : retryOnDisconnect: null

21-10-2025T20:29:44 - [TEST_STEP][PASSED] - tcId = testCaseContext.getTestCaseId(): null

21-10-2025T20:29:44 - [TEST_STEP][PASSED] - currentRetry = retryCounts.getOrDefault(tcId, 0): null

21-10-2025T20:29:44 - [TEST_STEP][PASSED] - if (testCaseContext.getTestCaseStatus() == "FAILED" && currentRetry < MAX_RETRIES): null]]></system-out>
         <system-err><![CDATA[]]></system-err>
      </testcase>
      <testcase name="Test Cases/FIM/UI/KGL/Admin/Sites Page/Inventories/Edit Inventory Sales" time="65.009" classname="Test Cases/FIM/UI/KGL/Admin/Sites Page/Inventories/Edit Inventory Sales" status="FAILED">
         <failure type="FAILED" message="Test Cases/FIM/UI/KGL/Admin/Sites Page/Inventories/Edit Inventory Sales FAILED.&#xa;Reason:&#xa;com.kms.katalon.core.exception.StepFailedException: Unable to clear text of object 'Object Repository/FIM/Sites Page/Inventories/Edit/Sales/Edit_Turk101_10UNL_txt'&#xa;	at com.kms.katalon.core.webui.keyword.internal.WebUIKeywordMain.stepFailed(WebUIKeywordMain.groovy:117)&#xa;	at com.kms.katalon.core.webui.keyword.internal.WebUIKeywordMain.runKeyword(WebUIKeywordMain.groovy:78)&#xa;	at com.kms.katalon.core.webui.keyword.builtin.ClearTextKeyword.clearText(ClearTextKeyword.groovy:61)&#xa;	at com.kms.katalon.core.webui.keyword.builtin.ClearTextKeyword.execute(ClearTextKeyword.groovy:35)&#xa;	at com.kms.katalon.core.keyword.internal.KeywordExecutor.executeKeywordForPlatform(KeywordExecutor.groovy:74)&#xa;	at com.kms.katalon.core.webui.keyword.WebUiBuiltInKeywords.clearText(WebUiBuiltInKeywords.groovy:4989)&#xa;	at com.kms.katalon.core.webui.keyword.WebUiBuiltInKeywords$clearText$17.call(Unknown Source)&#xa;	at Edit Inventory Sales.run(Edit Inventory Sales:62)&#xa;	at com.kms.katalon.core.main.ScriptEngine.run(ScriptEngine.java:194)&#xa;	at com.kms.katalon.core.main.ScriptEngine.runScriptAsRawText(ScriptEngine.java:119)&#xa;	at com.kms.katalon.core.main.TestCaseExecutor.runScript(TestCaseExecutor.java:448)&#xa;	at com.kms.katalon.core.main.TestCaseExecutor.doExecute(TestCaseExecutor.java:439)&#xa;	at com.kms.katalon.core.main.TestCaseExecutor.processExecutionPhase(TestCaseExecutor.java:418)&#xa;	at com.kms.katalon.core.main.TestCaseExecutor.accessMainPhase(TestCaseExecutor.java:410)&#xa;	at com.kms.katalon.core.main.TestCaseExecutor.execute(TestCaseExecutor.java:285)&#xa;	at com.kms.katalon.core.common.CommonExecutor.accessTestCaseMainPhase(CommonExecutor.java:65)&#xa;	at com.kms.katalon.core.main.TestSuiteExecutor.accessTestSuiteMainPhase(TestSuiteExecutor.java:150)&#xa;	at com.kms.katalon.core.main.TestSuiteExecutor.execute(TestSuiteExecutor.java:106)&#xa;	at com.kms.katalon.core.main.TestCaseMain.startTestSuite(TestCaseMain.java:180)&#xa;	at com.kms.katalon.core.main.TestCaseMain$startTestSuite$0.call(Unknown Source)&#xa;	at TempTestSuite1761090764033.run(TempTestSuite1761090764033.groovy:35)&#xa;	at java.base/jdk.internal.reflect.NativeMethodAccessorImpl.invoke0(Native Method)&#xa;	at java.base/jdk.internal.reflect.NativeMethodAccessorImpl.invoke(NativeMethodAccessorImpl.java:77)&#xa;	at java.base/jdk.internal.reflect.DelegatingMethodAccessorImpl.invoke(DelegatingMethodAccessorImpl.java:43)&#xa;Caused by: com.kms.katalon.core.webui.exception.WebElementNotFoundException: Web element with id: 'Object Repository/FIM/Sites Page/Inventories/Edit/Sales/Edit_Turk101_10UNL_txt' located by '/html/body/div[2]/div[1]/div/div/div/form/div/div[1]/div/div[1]/div/input' not found&#xa;	at com.kms.katalon.core.webui.common.WebUiCommonHelper.findWebElement(WebUiCommonHelper.java:1423)&#xa;	at com.kms.katalon.core.webui.keyword.internal.WebUIAbstractKeyword.findWebElement(WebUIAbstractKeyword.groovy:27)&#xa;	at com.kms.katalon.core.webui.keyword.internal.WebUIAbstractKeyword.findWebElement(WebUIAbstractKeyword.groovy:26)&#xa;	at com.kms.katalon.core.webui.keyword.builtin.ClearTextKeyword$_clearText_closure1.doCall(ClearTextKeyword.groovy:45)&#xa;	at com.kms.katalon.core.webui.keyword.builtin.ClearTextKeyword$_clearText_closure1.call(ClearTextKeyword.groovy)&#xa;	at com.kms.katalon.core.webui.keyword.internal.WebUIKeywordMain.runKeyword(WebUIKeywordMain.groovy:67)&#xa;	... 22 more&#xa;"/>
         <system-out><![CDATA[21-10-2025T20:29:44 - [TEST_CASE][FAILED] - Test Cases/FIM/UI/KGL/Admin/Sites Page/Inventories/Edit Inventory Sales: Test Cases/FIM/UI/KGL/Admin/Sites Page/Inventories/Edit Inventory Sales FAILED.
Reason:
com.kms.katalon.core.exception.StepFailedException: Unable to clear text of object 'Object Repository/FIM/Sites Page/Inventories/Edit/Sales/Edit_Turk101_10UNL_txt'
	at com.kms.katalon.core.webui.keyword.internal.WebUIKeywordMain.stepFailed(WebUIKeywordMain.groovy:117)
	at com.kms.katalon.core.webui.keyword.internal.WebUIKeywordMain.runKeyword(WebUIKeywordMain.groovy:78)
	at com.kms.katalon.core.webui.keyword.builtin.ClearTextKeyword.clearText(ClearTextKeyword.groovy:61)
	at com.kms.katalon.core.webui.keyword.builtin.ClearTextKeyword.execute(ClearTextKeyword.groovy:35)
	at com.kms.katalon.core.keyword.internal.KeywordExecutor.executeKeywordForPlatform(KeywordExecutor.groovy:74)
	at com.kms.katalon.core.webui.keyword.WebUiBuiltInKeywords.clearText(WebUiBuiltInKeywords.groovy:4989)
	at com.kms.katalon.core.webui.keyword.WebUiBuiltInKeywords$clearText$17.call(Unknown Source)
	at Edit Inventory Sales.run(Edit Inventory Sales:62)
	at com.kms.katalon.core.main.ScriptEngine.run(ScriptEngine.java:194)
	at com.kms.katalon.core.main.ScriptEngine.runScriptAsRawText(ScriptEngine.java:119)
	at com.kms.katalon.core.main.TestCaseExecutor.runScript(TestCaseExecutor.java:448)
	at com.kms.katalon.core.main.TestCaseExecutor.doExecute(TestCaseExecutor.java:439)
	at com.kms.katalon.core.main.TestCaseExecutor.processExecutionPhase(TestCaseExecutor.java:418)
	at com.kms.katalon.core.main.TestCaseExecutor.accessMainPhase(TestCaseExecutor.java:410)
	at com.kms.katalon.core.main.TestCaseExecutor.execute(TestCaseExecutor.java:285)
	at com.kms.katalon.core.common.CommonExecutor.accessTestCaseMainPhase(CommonExecutor.java:65)
	at com.kms.katalon.core.main.TestSuiteExecutor.accessTestSuiteMainPhase(TestSuiteExecutor.java:150)
	at com.kms.katalon.core.main.TestSuiteExecutor.execute(TestSuiteExecutor.java:106)
	at com.kms.katalon.core.main.TestCaseMain.startTestSuite(TestCaseMain.java:180)
	at com.kms.katalon.core.main.TestCaseMain$startTestSuite$0.call(Unknown Source)
	at TempTestSuite1761090764033.run(TempTestSuite1761090764033.groovy:35)
	at java.base/jdk.internal.reflect.NativeMethodAccessorImpl.invoke0(Native Method)
	at java.base/jdk.internal.reflect.NativeMethodAccessorImpl.invoke(NativeMethodAccessorImpl.java:77)
	at java.base/jdk.internal.reflect.DelegatingMethodAccessorImpl.invoke(DelegatingMethodAccessorImpl.java:43)
Caused by: com.kms.katalon.core.webui.exception.WebElementNotFoundException: Web element with id: 'Object Repository/FIM/Sites Page/Inventories/Edit/Sales/Edit_Turk101_10UNL_txt' located by '/html/body/div[2]/div[1]/div/div/div/form/div/div[1]/div/div[1]/div/input' not found
	at com.kms.katalon.core.webui.common.WebUiCommonHelper.findWebElement(WebUiCommonHelper.java:1423)
	at com.kms.katalon.core.webui.keyword.internal.WebUIAbstractKeyword.findWebElement(WebUIAbstractKeyword.groovy:27)
	at com.kms.katalon.core.webui.keyword.internal.WebUIAbstractKeyword.findWebElement(WebUIAbstractKeyword.groovy:26)
	at com.kms.katalon.core.webui.keyword.builtin.ClearTextKeyword$_clearText_closure1.doCall(ClearTextKeyword.groovy:45)
	at com.kms.katalon.core.webui.keyword.builtin.ClearTextKeyword$_clearText_closure1.call(ClearTextKeyword.groovy)
	at com.kms.katalon.core.webui.keyword.internal.WebUIKeywordMain.runKeyword(WebUIKeywordMain.groovy:67)
	... 22 more


21-10-2025T20:29:44 - [TEST_STEP][PASSED] - Start listener action : beforeTestCase: null

21-10-2025T20:29:44 - [TEST_STEP][PASSED] - addDefaultPackages(): null

21-10-2025T20:29:44 - [TEST_STEP][PASSED] - callTestCase(findTestCase("Utility Scripts/FIM KGL Admin Login"), [:], STOP_ON_FAILURE): Call Test Case 'Test Cases/Utility Scripts/FIM KGL Admin Login' successfully

21-10-2025T20:29:44 - [TEST_CASE][PASSED] - Test Cases/Utility Scripts/FIM KGL Admin Login: Test Cases/Utility Scripts/FIM KGL Admin Login

21-10-2025T20:29:44 - [TEST_STEP][PASSED] - openBrowser(""): Browser is opened with url: ''

21-10-2025T20:29:44 - [MESSAGE][WARNING] - A browser is already opened. Closing browser and opening a new one

21-10-2025T20:29:44 - [MESSAGE][INFO] - Starting 'Chrome' driver

21-10-2025T20:29:44 - [MESSAGE][INFO] - User set preference: ['args', '[--no-sandbox, --disable-gpu, --disable-dev-shm-usage]']

21-10-2025T20:29:44 - [MESSAGE][INFO] - Action delay is set to 0 milliseconds

21-10-2025T20:29:45 - [MESSAGE][PASSED] - Browser is opened with url: ''

21-10-2025T20:29:45 - [TEST_STEP][PASSED] - delay(1): Delayed 1 second(s)

21-10-2025T20:29:46 - [MESSAGE][PASSED] - Delayed 1 second(s)

21-10-2025T20:29:46 - [TEST_STEP][PASSED] - navigateToUrl(KGLCustomGroupUrl): Navigate to 'https://kaglogistics-inventory-management-portal.qa.thekag.com/custom-group/' successfully

21-10-2025T20:29:47 - [MESSAGE][PASSED] - Navigate to 'https://kaglogistics-inventory-management-portal.qa.thekag.com/custom-group/' successfully

21-10-2025T20:29:47 - [TEST_STEP][PASSED] - delay(10): Delayed 10 second(s)

21-10-2025T20:29:57 - [MESSAGE][PASSED] - Delayed 10 second(s)

21-10-2025T20:29:57 - [TEST_STEP][PASSED] - if (maximizeWindow == true): Delayed 1 second(s)

21-10-2025T20:29:57 - [TEST_STEP][PASSED] - maximizeWindow(STOP_ON_FAILURE): Current window maximized

21-10-2025T20:29:57 - [MESSAGE][PASSED] - Current window maximized

21-10-2025T20:29:57 - [TEST_STEP][PASSED] - delay(1): Delayed 1 second(s)

21-10-2025T20:29:58 - [MESSAGE][PASSED] - Delayed 1 second(s)

21-10-2025T20:29:58 - [TEST_STEP][PASSED] - waitForElementPresent(findTestObject("FIM/Username_txt"), 10): Object 'Object Repository/FIM/Username_txt' is present

21-10-2025T20:29:58 - [MESSAGE][PASSED] - Object 'Object Repository/FIM/Username_txt' is present

21-10-2025T20:29:58 - [TEST_STEP][PASSED] - setText(findTestObject("FIM/Username_txt"), FIMUsername): Text 'Chris.Sheldon+DES_QA@Thekag.com' is set on object 'Object Repository/FIM/Username_txt'

21-10-2025T20:29:58 - [MESSAGE][PASSED] - Text 'Chris.Sheldon+DES_QA@Thekag.com' is set on object 'Object Repository/FIM/Username_txt'

21-10-2025T20:29:58 - [TEST_STEP][PASSED] - delay(1): Delayed 1 second(s)

21-10-2025T20:29:59 - [MESSAGE][PASSED] - Delayed 1 second(s)

21-10-2025T20:29:59 - [TEST_STEP][PASSED] - setText(findTestObject("FIM/Password_txt"), FIMPassword): Text 'QATest!2' is set on object 'Object Repository/FIM/Password_txt'

21-10-2025T20:29:59 - [MESSAGE][PASSED] - Text 'QATest!2' is set on object 'Object Repository/FIM/Password_txt'

21-10-2025T20:29:59 - [TEST_STEP][PASSED] - delay(1): Delayed 1 second(s)

21-10-2025T20:30:00 - [MESSAGE][PASSED] - Delayed 1 second(s)

21-10-2025T20:30:00 - [TEST_STEP][PASSED] - click(findTestObject("FIM/Login_btn")): Object: 'Object Repository/FIM/Login_btn' is clicked on

21-10-2025T20:30:01 - [MESSAGE][PASSED] - Object: 'Object Repository/FIM/Login_btn' is clicked on

21-10-2025T20:30:01 - [MESSAGE][PASSED] - Call Test Case 'Test Cases/Utility Scripts/FIM KGL Admin Login' successfully

21-10-2025T20:30:01 - [TEST_STEP][PASSED] - if (verifyElementVisible(findTestObject("FIM/Server_Notification_Close_btn"), OPTIONAL) == true): Web element with id: 'Object Repository/FIM/Server_Notification_Close_btn' located by '/html/body/div/div[1]/button' not found (Root cause: com.kms.katalon.core.exception.StepFailedException: Web element with id: 'Object Repository/FIM/Server_Notification_Close_btn' located by '/html/body/div/div[1]/button' not found
	at com.kms.katalon.core.webui.keyword.internal.WebUIKeywordMain.stepFailed(WebUIKeywordMain.groovy:117)
	at com.kms.katalon.core.webui.keyword.builtin.VerifyElementVisibleKeyword$_verifyElementVisible_closure1.doCall(VerifyElementVisibleKeyword.groovy:89)
	at com.kms.katalon.core.webui.keyword.builtin.VerifyElementVisibleKeyword$_verifyElementVisible_closure1.call(VerifyElementVisibleKeyword.groovy)
	at com.kms.katalon.core.webui.keyword.internal.WebUIKeywordMain.runKeyword(WebUIKeywordMain.groovy:35)
	at com.kms.katalon.core.webui.keyword.builtin.VerifyElementVisibleKeyword.verifyElementVisible(VerifyElementVisibleKeyword.groovy:97)
	at com.kms.katalon.core.webui.keyword.builtin.VerifyElementVisibleKeyword.execute(VerifyElementVisibleKeyword.groovy:67)
	at com.kms.katalon.core.keyword.internal.KeywordExecutor.executeKeywordForPlatform(KeywordExecutor.groovy:74)
	at com.kms.katalon.core.webui.keyword.WebUiBuiltInKeywords.verifyElementVisible(WebUiBuiltInKeywords.groovy:401)
	at com.kms.katalon.core.webui.keyword.WebUiBuiltInKeywords$verifyElementVisible$5.call(Unknown Source)
	at Edit Inventory Sales.run(Edit Inventory Sales:22)
	at com.kms.katalon.core.main.ScriptEngine.run(ScriptEngine.java:194)
	at com.kms.katalon.core.main.ScriptEngine.runScriptAsRawText(ScriptEngine.java:119)
	at com.kms.katalon.core.main.TestCaseExecutor.runScript(TestCaseExecutor.java:448)
	at com.kms.katalon.core.main.TestCaseExecutor.doExecute(TestCaseExecutor.java:439)
	at com.kms.katalon.core.main.TestCaseExecutor.processExecutionPhase(TestCaseExecutor.java:418)
	at com.kms.katalon.core.main.TestCaseExecutor.accessMainPhase(TestCaseExecutor.java:410)
	at com.kms.katalon.core.main.TestCaseExecutor.execute(TestCaseExecutor.java:285)
	at com.kms.katalon.core.common.CommonExecutor.accessTestCaseMainPhase(CommonExecutor.java:65)
	at com.kms.katalon.core.main.TestSuiteExecutor.accessTestSuiteMainPhase(TestSuiteExecutor.java:150)
	at com.kms.katalon.core.main.TestSuiteExecutor.execute(TestSuiteExecutor.java:106)
	at com.kms.katalon.core.main.TestCaseMain.startTestSuite(TestCaseMain.java:180)
	at com.kms.katalon.core.main.TestCaseMain$startTestSuite$0.call(Unknown Source)
	at TempTestSuite1761090764033.run(TempTestSuite1761090764033.groovy:35)
	at java.base/jdk.internal.reflect.NativeMethodAccessorImpl.invoke0(Native Method)
	at java.base/jdk.internal.reflect.NativeMethodAccessorImpl.invoke(NativeMethodAccessorImpl.java:77)
	at java.base/jdk.internal.reflect.DelegatingMethodAccessorImpl.invoke(DelegatingMethodAccessorImpl.java:43)
)

21-10-2025T20:30:17 - [MESSAGE][INFO] - Unable to find the element located by 'By.xpath: /html/body/div/div[1]/button'. Please recheck the objects properties to make sure the desired element is located. 

21-10-2025T20:30:17 - [MESSAGE][WARNING] - [SELF-HEALING] Failed to find element with id 'Object Repository/FIM/Server_Notification_Close_btn'. Try using Self-healing.

21-10-2025T20:30:18 - [MESSAGE][INFO] - [SELF-HEALING] No working XPath is found.

21-10-2025T20:30:20 - [MESSAGE][INFO] - Unable to find the element located by 'By.xpath: '. Please recheck the objects properties to make sure the desired element is located. 

21-10-2025T20:30:20 - [MESSAGE][WARNING] - [SELF-HEALING] Cannot find elements when the selector is null

21-10-2025T20:30:20 - [MESSAGE][WARNING] - Web element with id: 'Object Repository/FIM/Server_Notification_Close_btn' located by '/html/body/div/div[1]/button' not found (Root cause: com.kms.katalon.core.exception.StepFailedException: Web element with id: 'Object Repository/FIM/Server_Notification_Close_btn' located by '/html/body/div/div[1]/button' not found
	at com.kms.katalon.core.webui.keyword.internal.WebUIKeywordMain.stepFailed(WebUIKeywordMain.groovy:117)
	at com.kms.katalon.core.webui.keyword.builtin.VerifyElementVisibleKeyword$_verifyElementVisible_closure1.doCall(VerifyElementVisibleKeyword.groovy:89)
	at com.kms.katalon.core.webui.keyword.builtin.VerifyElementVisibleKeyword$_verifyElementVisible_closure1.call(VerifyElementVisibleKeyword.groovy)
	at com.kms.katalon.core.webui.keyword.internal.WebUIKeywordMain.runKeyword(WebUIKeywordMain.groovy:35)
	at com.kms.katalon.core.webui.keyword.builtin.VerifyElementVisibleKeyword.verifyElementVisible(VerifyElementVisibleKeyword.groovy:97)
	at com.kms.katalon.core.webui.keyword.builtin.VerifyElementVisibleKeyword.execute(VerifyElementVisibleKeyword.groovy:67)
	at com.kms.katalon.core.keyword.internal.KeywordExecutor.executeKeywordForPlatform(KeywordExecutor.groovy:74)
	at com.kms.katalon.core.webui.keyword.WebUiBuiltInKeywords.verifyElementVisible(WebUiBuiltInKeywords.groovy:401)
	at com.kms.katalon.core.webui.keyword.WebUiBuiltInKeywords$verifyElementVisible$5.call(Unknown Source)
	at Edit Inventory Sales.run(Edit Inventory Sales:22)
	at com.kms.katalon.core.main.ScriptEngine.run(ScriptEngine.java:194)
	at com.kms.katalon.core.main.ScriptEngine.runScriptAsRawText(ScriptEngine.java:119)
	at com.kms.katalon.core.main.TestCaseExecutor.runScript(TestCaseExecutor.java:448)
	at com.kms.katalon.core.main.TestCaseExecutor.doExecute(TestCaseExecutor.java:439)
	at com.kms.katalon.core.main.TestCaseExecutor.processExecutionPhase(TestCaseExecutor.java:418)
	at com.kms.katalon.core.main.TestCaseExecutor.accessMainPhase(TestCaseExecutor.java:410)
	at com.kms.katalon.core.main.TestCaseExecutor.execute(TestCaseExecutor.java:285)
	at com.kms.katalon.core.common.CommonExecutor.accessTestCaseMainPhase(CommonExecutor.java:65)
	at com.kms.katalon.core.main.TestSuiteExecutor.accessTestSuiteMainPhase(TestSuiteExecutor.java:150)
	at com.kms.katalon.core.main.TestSuiteExecutor.execute(TestSuiteExecutor.java:106)
	at com.kms.katalon.core.main.TestCaseMain.startTestSuite(TestCaseMain.java:180)
	at com.kms.katalon.core.main.TestCaseMain$startTestSuite$0.call(Unknown Source)
	at TempTestSuite1761090764033.run(TempTestSuite1761090764033.groovy:35)
	at java.base/jdk.internal.reflect.NativeMethodAccessorImpl.invoke0(Native Method)
	at java.base/jdk.internal.reflect.NativeMethodAccessorImpl.invoke(NativeMethodAccessorImpl.java:77)
	at java.base/jdk.internal.reflect.DelegatingMethodAccessorImpl.invoke(DelegatingMethodAccessorImpl.java:43)
)

21-10-2025T20:30:20 - [TEST_STEP][PASSED] - delay(1): Delayed 1 second(s)

21-10-2025T20:30:21 - [MESSAGE][PASSED] - Delayed 1 second(s)

21-10-2025T20:30:21 - [TEST_STEP][PASSED] - click(findTestObject("FIM/Hamburger Menu List/Hamburger_menu")): Object: 'Object Repository/FIM/Hamburger Menu List/Hamburger_menu' is clicked on

21-10-2025T20:30:21 - [MESSAGE][PASSED] - Object: 'Object Repository/FIM/Hamburger Menu List/Hamburger_menu' is clicked on

21-10-2025T20:30:21 - [TEST_STEP][PASSED] - verifyElementPresent(findTestObject("FIM/Hamburger Menu List/Sites_list (1)"), 10): Object 'Object Repository/FIM/Hamburger Menu List/Sites_list (1)' is present

21-10-2025T20:30:21 - [MESSAGE][PASSED] - Object 'Object Repository/FIM/Hamburger Menu List/Sites_list (1)' is present

21-10-2025T20:30:21 - [TEST_STEP][PASSED] - delay(1): Delayed 1 second(s)

21-10-2025T20:30:22 - [MESSAGE][PASSED] - Delayed 1 second(s)

21-10-2025T20:30:22 - [TEST_STEP][PASSED] - click(findTestObject("FIM/Hamburger Menu List/Sites_list (1)")): Object: 'Object Repository/FIM/Hamburger Menu List/Sites_list (1)' is clicked on

21-10-2025T20:30:22 - [MESSAGE][PASSED] - Object: 'Object Repository/FIM/Hamburger Menu List/Sites_list (1)' is clicked on

21-10-2025T20:30:22 - [TEST_STEP][PASSED] - waitForElementPresent(findTestObject("FIM/Sites Page/Calculator/Calculator Tab"), 10): Object 'Object Repository/FIM/Sites Page/Calculator/Calculator Tab' is present

21-10-2025T20:30:23 - [MESSAGE][PASSED] - Object 'Object Repository/FIM/Sites Page/Calculator/Calculator Tab' is present

21-10-2025T20:30:23 - [TEST_STEP][PASSED] - delay(1): Delayed 1 second(s)

21-10-2025T20:30:24 - [MESSAGE][PASSED] - Delayed 1 second(s)

21-10-2025T20:30:24 - [TEST_STEP][PASSED] - selectOptionByLabel(findTestObject("FIM/Sites Page/Site Filtering/Region Selection_dropdown"), "KAG LOGISTICS", false): All options with label 'KAG LOGISTICS' are selected in object 'Object Repository/FIM/Sites Page/Site Filtering/Region Selection_dropdown' 

21-10-2025T20:30:24 - [MESSAGE][PASSED] - All options with label 'KAG LOGISTICS' are selected in object 'Object Repository/FIM/Sites Page/Site Filtering/Region Selection_dropdown' 

21-10-2025T20:30:24 - [TEST_STEP][PASSED] - i = 0: null

21-10-2025T20:30:24 - [TEST_STEP][PASSED] - while (i < 60 == true): null

21-10-2025T20:30:24 - [TEST_STEP][PASSED] - sendKeys(findTestObject("FIM/Sites Page/Site Filtering/Site_txt"), Keys.chord(BACK_SPACE), STOP_ON_FAILURE): Keys 'BACK_SPACE + ' sent to object: 'Object Repository/FIM/Sites Page/Site Filtering/Site_txt'

21-10-2025T20:30:25 - [MESSAGE][PASSED] - Keys 'BACK_SPACE + ' sent to object: 'Object Repository/FIM/Sites Page/Site Filtering/Site_txt'

21-10-2025T20:30:25 - [TEST_STEP][PASSED] - (i++): null

21-10-2025T20:30:25 - [TEST_STEP][PASSED] - sendKeys(findTestObject("FIM/Sites Page/Site Filtering/Site_txt"), Keys.chord(BACK_SPACE), STOP_ON_FAILURE): Keys 'BACK_SPACE + ' sent to object: 'Object Repository/FIM/Sites Page/Site Filtering/Site_txt'

21-10-2025T20:30:25 - [MESSAGE][PASSED] - Keys 'BACK_SPACE + ' sent to object: 'Object Repository/FIM/Sites Page/Site Filtering/Site_txt'

21-10-2025T20:30:25 - [TEST_STEP][PASSED] - (i++): null

21-10-2025T20:30:25 - [TEST_STEP][PASSED] - sendKeys(findTestObject("FIM/Sites Page/Site Filtering/Site_txt"), Keys.chord(BACK_SPACE), STOP_ON_FAILURE): Keys 'BACK_SPACE + ' sent to object: 'Object Repository/FIM/Sites Page/Site Filtering/Site_txt'

21-10-2025T20:30:25 - [MESSAGE][PASSED] - Keys 'BACK_SPACE + ' sent to object: 'Object Repository/FIM/Sites Page/Site Filtering/Site_txt'

21-10-2025T20:30:25 - [TEST_STEP][PASSED] - (i++): null

21-10-2025T20:30:25 - [TEST_STEP][PASSED] - sendKeys(findTestObject("FIM/Sites Page/Site Filtering/Site_txt"), Keys.chord(BACK_SPACE), STOP_ON_FAILURE): Keys 'BACK_SPACE + ' sent to object: 'Object Repository/FIM/Sites Page/Site Filtering/Site_txt'

21-10-2025T20:30:25 - [MESSAGE][PASSED] - Keys 'BACK_SPACE + ' sent to object: 'Object Repository/FIM/Sites Page/Site Filtering/Site_txt'

21-10-2025T20:30:25 - [TEST_STEP][PASSED] - (i++): null

21-10-2025T20:30:25 - [TEST_STEP][PASSED] - sendKeys(findTestObject("FIM/Sites Page/Site Filtering/Site_txt"), Keys.chord(BACK_SPACE), STOP_ON_FAILURE): Keys 'BACK_SPACE + ' sent to object: 'Object Repository/FIM/Sites Page/Site Filtering/Site_txt'

21-10-2025T20:30:25 - [MESSAGE][PASSED] - Keys 'BACK_SPACE + ' sent to object: 'Object Repository/FIM/Sites Page/Site Filtering/Site_txt'

21-10-2025T20:30:25 - [TEST_STEP][PASSED] - (i++): null

21-10-2025T20:30:25 - [TEST_STEP][PASSED] - sendKeys(findTestObject("FIM/Sites Page/Site Filtering/Site_txt"), Keys.chord(BACK_SPACE), STOP_ON_FAILURE): Keys 'BACK_SPACE + ' sent to object: 'Object Repository/FIM/Sites Page/Site Filtering/Site_txt'

21-10-2025T20:30:25 - [MESSAGE][PASSED] - Keys 'BACK_SPACE + ' sent to object: 'Object Repository/FIM/Sites Page/Site Filtering/Site_txt'

21-10-2025T20:30:25 - [TEST_STEP][PASSED] - (i++): null

21-10-2025T20:30:25 - [TEST_STEP][PASSED] - sendKeys(findTestObject("FIM/Sites Page/Site Filtering/Site_txt"), Keys.chord(BACK_SPACE), STOP_ON_FAILURE): Keys 'BACK_SPACE + ' sent to object: 'Object Repository/FIM/Sites Page/Site Filtering/Site_txt'

21-10-2025T20:30:25 - [MESSAGE][PASSED] - Keys 'BACK_SPACE + ' sent to object: 'Object Repository/FIM/Sites Page/Site Filtering/Site_txt'

21-10-2025T20:30:25 - [TEST_STEP][PASSED] - (i++): null

21-10-2025T20:30:25 - [TEST_STEP][PASSED] - sendKeys(findTestObject("FIM/Sites Page/Site Filtering/Site_txt"), Keys.chord(BACK_SPACE), STOP_ON_FAILURE): Keys 'BACK_SPACE + ' sent to object: 'Object Repository/FIM/Sites Page/Site Filtering/Site_txt'

21-10-2025T20:30:25 - [MESSAGE][PASSED] - Keys 'BACK_SPACE + ' sent to object: 'Object Repository/FIM/Sites Page/Site Filtering/Site_txt'

21-10-2025T20:30:25 - [TEST_STEP][PASSED] - (i++): null

21-10-2025T20:30:25 - [TEST_STEP][PASSED] - sendKeys(findTestObject("FIM/Sites Page/Site Filtering/Site_txt"), Keys.chord(BACK_SPACE), STOP_ON_FAILURE): Keys 'BACK_SPACE + ' sent to object: 'Object Repository/FIM/Sites Page/Site Filtering/Site_txt'

21-10-2025T20:30:25 - [MESSAGE][PASSED] - Keys 'BACK_SPACE + ' sent to object: 'Object Repository/FIM/Sites Page/Site Filtering/Site_txt'

21-10-2025T20:30:25 - [TEST_STEP][PASSED] - (i++): null

21-10-2025T20:30:25 - [TEST_STEP][PASSED] - sendKeys(findTestObject("FIM/Sites Page/Site Filtering/Site_txt"), Keys.chord(BACK_SPACE), STOP_ON_FAILURE): Keys 'BACK_SPACE + ' sent to object: 'Object Repository/FIM/Sites Page/Site Filtering/Site_txt'

21-10-2025T20:30:25 - [MESSAGE][PASSED] - Keys 'BACK_SPACE + ' sent to object: 'Object Repository/FIM/Sites Page/Site Filtering/Site_txt'

21-10-2025T20:30:25 - [TEST_STEP][PASSED] - (i++): null

21-10-2025T20:30:25 - [TEST_STEP][PASSED] - sendKeys(findTestObject("FIM/Sites Page/Site Filtering/Site_txt"), Keys.chord(BACK_SPACE), STOP_ON_FAILURE): Keys 'BACK_SPACE + ' sent to object: 'Object Repository/FIM/Sites Page/Site Filtering/Site_txt'

21-10-2025T20:30:25 - [MESSAGE][PASSED] - Keys 'BACK_SPACE + ' sent to object: 'Object Repository/FIM/Sites Page/Site Filtering/Site_txt'

21-10-2025T20:30:25 - [TEST_STEP][PASSED] - (i++): null

21-10-2025T20:30:25 - [TEST_STEP][PASSED] - sendKeys(findTestObject("FIM/Sites Page/Site Filtering/Site_txt"), Keys.chord(BACK_SPACE), STOP_ON_FAILURE): Keys 'BACK_SPACE + ' sent to object: 'Object Repository/FIM/Sites Page/Site Filtering/Site_txt'

21-10-2025T20:30:26 - [MESSAGE][PASSED] - Keys 'BACK_SPACE + ' sent to object: 'Object Repository/FIM/Sites Page/Site Filtering/Site_txt'

21-10-2025T20:30:26 - [TEST_STEP][PASSED] - (i++): null

21-10-2025T20:30:26 - [TEST_STEP][PASSED] - sendKeys(findTestObject("FIM/Sites Page/Site Filtering/Site_txt"), Keys.chord(BACK_SPACE), STOP_ON_FAILURE): Keys 'BACK_SPACE + ' sent to object: 'Object Repository/FIM/Sites Page/Site Filtering/Site_txt'

21-10-2025T20:30:26 - [MESSAGE][PASSED] - Keys 'BACK_SPACE + ' sent to object: 'Object Repository/FIM/Sites Page/Site Filtering/Site_txt'

21-10-2025T20:30:26 - [TEST_STEP][PASSED] - (i++): null

21-10-2025T20:30:26 - [TEST_STEP][PASSED] - sendKeys(findTestObject("FIM/Sites Page/Site Filtering/Site_txt"), Keys.chord(BACK_SPACE), STOP_ON_FAILURE): Keys 'BACK_SPACE + ' sent to object: 'Object Repository/FIM/Sites Page/Site Filtering/Site_txt'

21-10-2025T20:30:26 - [MESSAGE][PASSED] - Keys 'BACK_SPACE + ' sent to object: 'Object Repository/FIM/Sites Page/Site Filtering/Site_txt'

21-10-2025T20:30:26 - [TEST_STEP][PASSED] - (i++): null

21-10-2025T20:30:26 - [TEST_STEP][PASSED] - sendKeys(findTestObject("FIM/Sites Page/Site Filtering/Site_txt"), Keys.chord(BACK_SPACE), STOP_ON_FAILURE): Keys 'BACK_SPACE + ' sent to object: 'Object Repository/FIM/Sites Page/Site Filtering/Site_txt'

21-10-2025T20:30:26 - [MESSAGE][PASSED] - Keys 'BACK_SPACE + ' sent to object: 'Object Repository/FIM/Sites Page/Site Filtering/Site_txt'

21-10-2025T20:30:26 - [TEST_STEP][PASSED] - (i++): null

21-10-2025T20:30:26 - [TEST_STEP][PASSED] - sendKeys(findTestObject("FIM/Sites Page/Site Filtering/Site_txt"), Keys.chord(BACK_SPACE), STOP_ON_FAILURE): Keys 'BACK_SPACE + ' sent to object: 'Object Repository/FIM/Sites Page/Site Filtering/Site_txt'

21-10-2025T20:30:26 - [MESSAGE][PASSED] - Keys 'BACK_SPACE + ' sent to object: 'Object Repository/FIM/Sites Page/Site Filtering/Site_txt'

21-10-2025T20:30:26 - [TEST_STEP][PASSED] - (i++): null

21-10-2025T20:30:26 - [TEST_STEP][PASSED] - sendKeys(findTestObject("FIM/Sites Page/Site Filtering/Site_txt"), Keys.chord(BACK_SPACE), STOP_ON_FAILURE): Keys 'BACK_SPACE + ' sent to object: 'Object Repository/FIM/Sites Page/Site Filtering/Site_txt'

21-10-2025T20:30:26 - [MESSAGE][PASSED] - Keys 'BACK_SPACE + ' sent to object: 'Object Repository/FIM/Sites Page/Site Filtering/Site_txt'

21-10-2025T20:30:26 - [TEST_STEP][PASSED] - (i++): null

21-10-2025T20:30:26 - [TEST_STEP][PASSED] - sendKeys(findTestObject("FIM/Sites Page/Site Filtering/Site_txt"), Keys.chord(BACK_SPACE), STOP_ON_FAILURE): Keys 'BACK_SPACE + ' sent to object: 'Object Repository/FIM/Sites Page/Site Filtering/Site_txt'

21-10-2025T20:30:26 - [MESSAGE][PASSED] - Keys 'BACK_SPACE + ' sent to object: 'Object Repository/FIM/Sites Page/Site Filtering/Site_txt'

21-10-2025T20:30:26 - [TEST_STEP][PASSED] - (i++): null

21-10-2025T20:30:26 - [TEST_STEP][PASSED] - sendKeys(findTestObject("FIM/Sites Page/Site Filtering/Site_txt"), Keys.chord(BACK_SPACE), STOP_ON_FAILURE): Keys 'BACK_SPACE + ' sent to object: 'Object Repository/FIM/Sites Page/Site Filtering/Site_txt'

21-10-2025T20:30:26 - [MESSAGE][PASSED] - Keys 'BACK_SPACE + ' sent to object: 'Object Repository/FIM/Sites Page/Site Filtering/Site_txt'

21-10-2025T20:30:26 - [TEST_STEP][PASSED] - (i++): null

21-10-2025T20:30:26 - [TEST_STEP][PASSED] - sendKeys(findTestObject("FIM/Sites Page/Site Filtering/Site_txt"), Keys.chord(BACK_SPACE), STOP_ON_FAILURE): Keys 'BACK_SPACE + ' sent to object: 'Object Repository/FIM/Sites Page/Site Filtering/Site_txt'

21-10-2025T20:30:26 - [MESSAGE][PASSED] - Keys 'BACK_SPACE + ' sent to object: 'Object Repository/FIM/Sites Page/Site Filtering/Site_txt'

21-10-2025T20:30:26 - [TEST_STEP][PASSED] - (i++): null

21-10-2025T20:30:26 - [TEST_STEP][PASSED] - sendKeys(findTestObject("FIM/Sites Page/Site Filtering/Site_txt"), Keys.chord(BACK_SPACE), STOP_ON_FAILURE): Keys 'BACK_SPACE + ' sent to object: 'Object Repository/FIM/Sites Page/Site Filtering/Site_txt'

21-10-2025T20:30:26 - [MESSAGE][PASSED] - Keys 'BACK_SPACE + ' sent to object: 'Object Repository/FIM/Sites Page/Site Filtering/Site_txt'

21-10-2025T20:30:26 - [TEST_STEP][PASSED] - (i++): null

21-10-2025T20:30:26 - [TEST_STEP][PASSED] - sendKeys(findTestObject("FIM/Sites Page/Site Filtering/Site_txt"), Keys.chord(BACK_SPACE), STOP_ON_FAILURE): Keys 'BACK_SPACE + ' sent to object: 'Object Repository/FIM/Sites Page/Site Filtering/Site_txt'

21-10-2025T20:30:26 - [MESSAGE][PASSED] - Keys 'BACK_SPACE + ' sent to object: 'Object Repository/FIM/Sites Page/Site Filtering/Site_txt'

21-10-2025T20:30:26 - [TEST_STEP][PASSED] - (i++): null

21-10-2025T20:30:26 - [TEST_STEP][PASSED] - sendKeys(findTestObject("FIM/Sites Page/Site Filtering/Site_txt"), Keys.chord(BACK_SPACE), STOP_ON_FAILURE): Keys 'BACK_SPACE + ' sent to object: 'Object Repository/FIM/Sites Page/Site Filtering/Site_txt'

21-10-2025T20:30:26 - [MESSAGE][PASSED] - Keys 'BACK_SPACE + ' sent to object: 'Object Repository/FIM/Sites Page/Site Filtering/Site_txt'

21-10-2025T20:30:26 - [TEST_STEP][PASSED] - (i++): null

21-10-2025T20:30:26 - [TEST_STEP][PASSED] - sendKeys(findTestObject("FIM/Sites Page/Site Filtering/Site_txt"), Keys.chord(BACK_SPACE), STOP_ON_FAILURE): Keys 'BACK_SPACE + ' sent to object: 'Object Repository/FIM/Sites Page/Site Filtering/Site_txt'

21-10-2025T20:30:26 - [MESSAGE][PASSED] - Keys 'BACK_SPACE + ' sent to object: 'Object Repository/FIM/Sites Page/Site Filtering/Site_txt'

21-10-2025T20:30:26 - [TEST_STEP][PASSED] - (i++): null

21-10-2025T20:30:26 - [TEST_STEP][PASSED] - sendKeys(findTestObject("FIM/Sites Page/Site Filtering/Site_txt"), Keys.chord(BACK_SPACE), STOP_ON_FAILURE): Keys 'BACK_SPACE + ' sent to object: 'Object Repository/FIM/Sites Page/Site Filtering/Site_txt'

21-10-2025T20:30:26 - [MESSAGE][PASSED] - Keys 'BACK_SPACE + ' sent to object: 'Object Repository/FIM/Sites Page/Site Filtering/Site_txt'

21-10-2025T20:30:26 - [TEST_STEP][PASSED] - (i++): null

21-10-2025T20:30:26 - [TEST_STEP][PASSED] - sendKeys(findTestObject("FIM/Sites Page/Site Filtering/Site_txt"), Keys.chord(BACK_SPACE), STOP_ON_FAILURE): Keys 'BACK_SPACE + ' sent to object: 'Object Repository/FIM/Sites Page/Site Filtering/Site_txt'

21-10-2025T20:30:26 - [MESSAGE][PASSED] - Keys 'BACK_SPACE + ' sent to object: 'Object Repository/FIM/Sites Page/Site Filtering/Site_txt'

21-10-2025T20:30:26 - [TEST_STEP][PASSED] - (i++): null

21-10-2025T20:30:26 - [TEST_STEP][PASSED] - sendKeys(findTestObject("FIM/Sites Page/Site Filtering/Site_txt"), Keys.chord(BACK_SPACE), STOP_ON_FAILURE): Keys 'BACK_SPACE + ' sent to object: 'Object Repository/FIM/Sites Page/Site Filtering/Site_txt'

21-10-2025T20:30:26 - [MESSAGE][PASSED] - Keys 'BACK_SPACE + ' sent to object: 'Object Repository/FIM/Sites Page/Site Filtering/Site_txt'

21-10-2025T20:30:26 - [TEST_STEP][PASSED] - (i++): null

21-10-2025T20:30:26 - [TEST_STEP][PASSED] - sendKeys(findTestObject("FIM/Sites Page/Site Filtering/Site_txt"), Keys.chord(BACK_SPACE), STOP_ON_FAILURE): Keys 'BACK_SPACE + ' sent to object: 'Object Repository/FIM/Sites Page/Site Filtering/Site_txt'

21-10-2025T20:30:27 - [MESSAGE][PASSED] - Keys 'BACK_SPACE + ' sent to object: 'Object Repository/FIM/Sites Page/Site Filtering/Site_txt'

21-10-2025T20:30:27 - [TEST_STEP][PASSED] - (i++): null

21-10-2025T20:30:27 - [TEST_STEP][PASSED] - sendKeys(findTestObject("FIM/Sites Page/Site Filtering/Site_txt"), Keys.chord(BACK_SPACE), STOP_ON_FAILURE): Keys 'BACK_SPACE + ' sent to object: 'Object Repository/FIM/Sites Page/Site Filtering/Site_txt'

21-10-2025T20:30:27 - [MESSAGE][PASSED] - Keys 'BACK_SPACE + ' sent to object: 'Object Repository/FIM/Sites Page/Site Filtering/Site_txt'

21-10-2025T20:30:27 - [TEST_STEP][PASSED] - (i++): null

21-10-2025T20:30:27 - [TEST_STEP][PASSED] - sendKeys(findTestObject("FIM/Sites Page/Site Filtering/Site_txt"), Keys.chord(BACK_SPACE), STOP_ON_FAILURE): Keys 'BACK_SPACE + ' sent to object: 'Object Repository/FIM/Sites Page/Site Filtering/Site_txt'

21-10-2025T20:30:27 - [MESSAGE][PASSED] - Keys 'BACK_SPACE + ' sent to object: 'Object Repository/FIM/Sites Page/Site Filtering/Site_txt'

21-10-2025T20:30:27 - [TEST_STEP][PASSED] - (i++): null

21-10-2025T20:30:27 - [TEST_STEP][PASSED] - sendKeys(findTestObject("FIM/Sites Page/Site Filtering/Site_txt"), Keys.chord(BACK_SPACE), STOP_ON_FAILURE): Keys 'BACK_SPACE + ' sent to object: 'Object Repository/FIM/Sites Page/Site Filtering/Site_txt'

21-10-2025T20:30:27 - [MESSAGE][PASSED] - Keys 'BACK_SPACE + ' sent to object: 'Object Repository/FIM/Sites Page/Site Filtering/Site_txt'

21-10-2025T20:30:27 - [TEST_STEP][PASSED] - (i++): null

21-10-2025T20:30:27 - [TEST_STEP][PASSED] - sendKeys(findTestObject("FIM/Sites Page/Site Filtering/Site_txt"), Keys.chord(BACK_SPACE), STOP_ON_FAILURE): Keys 'BACK_SPACE + ' sent to object: 'Object Repository/FIM/Sites Page/Site Filtering/Site_txt'

21-10-2025T20:30:27 - [MESSAGE][PASSED] - Keys 'BACK_SPACE + ' sent to object: 'Object Repository/FIM/Sites Page/Site Filtering/Site_txt'

21-10-2025T20:30:27 - [TEST_STEP][PASSED] - (i++): null

21-10-2025T20:30:27 - [TEST_STEP][PASSED] - sendKeys(findTestObject("FIM/Sites Page/Site Filtering/Site_txt"), Keys.chord(BACK_SPACE), STOP_ON_FAILURE): Keys 'BACK_SPACE + ' sent to object: 'Object Repository/FIM/Sites Page/Site Filtering/Site_txt'

21-10-2025T20:30:27 - [MESSAGE][PASSED] - Keys 'BACK_SPACE + ' sent to object: 'Object Repository/FIM/Sites Page/Site Filtering/Site_txt'

21-10-2025T20:30:27 - [TEST_STEP][PASSED] - (i++): null

21-10-2025T20:30:27 - [TEST_STEP][PASSED] - sendKeys(findTestObject("FIM/Sites Page/Site Filtering/Site_txt"), Keys.chord(BACK_SPACE), STOP_ON_FAILURE): Keys 'BACK_SPACE + ' sent to object: 'Object Repository/FIM/Sites Page/Site Filtering/Site_txt'

21-10-2025T20:30:27 - [MESSAGE][PASSED] - Keys 'BACK_SPACE + ' sent to object: 'Object Repository/FIM/Sites Page/Site Filtering/Site_txt'

21-10-2025T20:30:27 - [TEST_STEP][PASSED] - (i++): null

21-10-2025T20:30:27 - [TEST_STEP][PASSED] - sendKeys(findTestObject("FIM/Sites Page/Site Filtering/Site_txt"), Keys.chord(BACK_SPACE), STOP_ON_FAILURE): Keys 'BACK_SPACE + ' sent to object: 'Object Repository/FIM/Sites Page/Site Filtering/Site_txt'

21-10-2025T20:30:27 - [MESSAGE][PASSED] - Keys 'BACK_SPACE + ' sent to object: 'Object Repository/FIM/Sites Page/Site Filtering/Site_txt'

21-10-2025T20:30:27 - [TEST_STEP][PASSED] - (i++): null

21-10-2025T20:30:27 - [TEST_STEP][PASSED] - sendKeys(findTestObject("FIM/Sites Page/Site Filtering/Site_txt"), Keys.chord(BACK_SPACE), STOP_ON_FAILURE): Keys 'BACK_SPACE + ' sent to object: 'Object Repository/FIM/Sites Page/Site Filtering/Site_txt'

21-10-2025T20:30:27 - [MESSAGE][PASSED] - Keys 'BACK_SPACE + ' sent to object: 'Object Repository/FIM/Sites Page/Site Filtering/Site_txt'

21-10-2025T20:30:27 - [TEST_STEP][PASSED] - (i++): null

21-10-2025T20:30:27 - [TEST_STEP][PASSED] - sendKeys(findTestObject("FIM/Sites Page/Site Filtering/Site_txt"), Keys.chord(BACK_SPACE), STOP_ON_FAILURE): Keys 'BACK_SPACE + ' sent to object: 'Object Repository/FIM/Sites Page/Site Filtering/Site_txt'

21-10-2025T20:30:27 - [MESSAGE][PASSED] - Keys 'BACK_SPACE + ' sent to object: 'Object Repository/FIM/Sites Page/Site Filtering/Site_txt'

21-10-2025T20:30:27 - [TEST_STEP][PASSED] - (i++): null

21-10-2025T20:30:27 - [TEST_STEP][PASSED] - sendKeys(findTestObject("FIM/Sites Page/Site Filtering/Site_txt"), Keys.chord(BACK_SPACE), STOP_ON_FAILURE): Keys 'BACK_SPACE + ' sent to object: 'Object Repository/FIM/Sites Page/Site Filtering/Site_txt'

21-10-2025T20:30:27 - [MESSAGE][PASSED] - Keys 'BACK_SPACE + ' sent to object: 'Object Repository/FIM/Sites Page/Site Filtering/Site_txt'

21-10-2025T20:30:27 - [TEST_STEP][PASSED] - (i++): null

21-10-2025T20:30:27 - [TEST_STEP][PASSED] - sendKeys(findTestObject("FIM/Sites Page/Site Filtering/Site_txt"), Keys.chord(BACK_SPACE), STOP_ON_FAILURE): Keys 'BACK_SPACE + ' sent to object: 'Object Repository/FIM/Sites Page/Site Filtering/Site_txt'

21-10-2025T20:30:27 - [MESSAGE][PASSED] - Keys 'BACK_SPACE + ' sent to object: 'Object Repository/FIM/Sites Page/Site Filtering/Site_txt'

21-10-2025T20:30:27 - [TEST_STEP][PASSED] - (i++): null

21-10-2025T20:30:27 - [TEST_STEP][PASSED] - sendKeys(findTestObject("FIM/Sites Page/Site Filtering/Site_txt"), Keys.chord(BACK_SPACE), STOP_ON_FAILURE): Keys 'BACK_SPACE + ' sent to object: 'Object Repository/FIM/Sites Page/Site Filtering/Site_txt'

21-10-2025T20:30:27 - [MESSAGE][PASSED] - Keys 'BACK_SPACE + ' sent to object: 'Object Repository/FIM/Sites Page/Site Filtering/Site_txt'

21-10-2025T20:30:27 - [TEST_STEP][PASSED] - (i++): null

21-10-2025T20:30:27 - [TEST_STEP][PASSED] - sendKeys(findTestObject("FIM/Sites Page/Site Filtering/Site_txt"), Keys.chord(BACK_SPACE), STOP_ON_FAILURE): Keys 'BACK_SPACE + ' sent to object: 'Object Repository/FIM/Sites Page/Site Filtering/Site_txt'

21-10-2025T20:30:27 - [MESSAGE][PASSED] - Keys 'BACK_SPACE + ' sent to object: 'Object Repository/FIM/Sites Page/Site Filtering/Site_txt'

21-10-2025T20:30:27 - [TEST_STEP][PASSED] - (i++): null

21-10-2025T20:30:27 - [TEST_STEP][PASSED] - sendKeys(findTestObject("FIM/Sites Page/Site Filtering/Site_txt"), Keys.chord(BACK_SPACE), STOP_ON_FAILURE): Keys 'BACK_SPACE + ' sent to object: 'Object Repository/FIM/Sites Page/Site Filtering/Site_txt'

21-10-2025T20:30:27 - [MESSAGE][PASSED] - Keys 'BACK_SPACE + ' sent to object: 'Object Repository/FIM/Sites Page/Site Filtering/Site_txt'

21-10-2025T20:30:27 - [TEST_STEP][PASSED] - (i++): null

21-10-2025T20:30:27 - [TEST_STEP][PASSED] - sendKeys(findTestObject("FIM/Sites Page/Site Filtering/Site_txt"), Keys.chord(BACK_SPACE), STOP_ON_FAILURE): Keys 'BACK_SPACE + ' sent to object: 'Object Repository/FIM/Sites Page/Site Filtering/Site_txt'

21-10-2025T20:30:27 - [MESSAGE][PASSED] - Keys 'BACK_SPACE + ' sent to object: 'Object Repository/FIM/Sites Page/Site Filtering/Site_txt'

21-10-2025T20:30:27 - [TEST_STEP][PASSED] - (i++): null

21-10-2025T20:30:27 - [TEST_STEP][PASSED] - sendKeys(findTestObject("FIM/Sites Page/Site Filtering/Site_txt"), Keys.chord(BACK_SPACE), STOP_ON_FAILURE): Keys 'BACK_SPACE + ' sent to object: 'Object Repository/FIM/Sites Page/Site Filtering/Site_txt'

21-10-2025T20:30:28 - [MESSAGE][PASSED] - Keys 'BACK_SPACE + ' sent to object: 'Object Repository/FIM/Sites Page/Site Filtering/Site_txt'

21-10-2025T20:30:28 - [TEST_STEP][PASSED] - (i++): null

21-10-2025T20:30:28 - [TEST_STEP][PASSED] - sendKeys(findTestObject("FIM/Sites Page/Site Filtering/Site_txt"), Keys.chord(BACK_SPACE), STOP_ON_FAILURE): Keys 'BACK_SPACE + ' sent to object: 'Object Repository/FIM/Sites Page/Site Filtering/Site_txt'

21-10-2025T20:30:28 - [MESSAGE][PASSED] - Keys 'BACK_SPACE + ' sent to object: 'Object Repository/FIM/Sites Page/Site Filtering/Site_txt'

21-10-2025T20:30:28 - [TEST_STEP][PASSED] - (i++): null

21-10-2025T20:30:28 - [TEST_STEP][PASSED] - sendKeys(findTestObject("FIM/Sites Page/Site Filtering/Site_txt"), Keys.chord(BACK_SPACE), STOP_ON_FAILURE): Keys 'BACK_SPACE + ' sent to object: 'Object Repository/FIM/Sites Page/Site Filtering/Site_txt'

21-10-2025T20:30:28 - [MESSAGE][PASSED] - Keys 'BACK_SPACE + ' sent to object: 'Object Repository/FIM/Sites Page/Site Filtering/Site_txt'

21-10-2025T20:30:28 - [TEST_STEP][PASSED] - (i++): null

21-10-2025T20:30:28 - [TEST_STEP][PASSED] - sendKeys(findTestObject("FIM/Sites Page/Site Filtering/Site_txt"), Keys.chord(BACK_SPACE), STOP_ON_FAILURE): Keys 'BACK_SPACE + ' sent to object: 'Object Repository/FIM/Sites Page/Site Filtering/Site_txt'

21-10-2025T20:30:28 - [MESSAGE][PASSED] - Keys 'BACK_SPACE + ' sent to object: 'Object Repository/FIM/Sites Page/Site Filtering/Site_txt'

21-10-2025T20:30:28 - [TEST_STEP][PASSED] - (i++): null

21-10-2025T20:30:28 - [TEST_STEP][PASSED] - sendKeys(findTestObject("FIM/Sites Page/Site Filtering/Site_txt"), Keys.chord(BACK_SPACE), STOP_ON_FAILURE): Keys 'BACK_SPACE + ' sent to object: 'Object Repository/FIM/Sites Page/Site Filtering/Site_txt'

21-10-2025T20:30:28 - [MESSAGE][PASSED] - Keys 'BACK_SPACE + ' sent to object: 'Object Repository/FIM/Sites Page/Site Filtering/Site_txt'

21-10-2025T20:30:28 - [TEST_STEP][PASSED] - (i++): null

21-10-2025T20:30:28 - [TEST_STEP][PASSED] - sendKeys(findTestObject("FIM/Sites Page/Site Filtering/Site_txt"), Keys.chord(BACK_SPACE), STOP_ON_FAILURE): Keys 'BACK_SPACE + ' sent to object: 'Object Repository/FIM/Sites Page/Site Filtering/Site_txt'

21-10-2025T20:30:28 - [MESSAGE][PASSED] - Keys 'BACK_SPACE + ' sent to object: 'Object Repository/FIM/Sites Page/Site Filtering/Site_txt'

21-10-2025T20:30:28 - [TEST_STEP][PASSED] - (i++): null

21-10-2025T20:30:28 - [TEST_STEP][PASSED] - sendKeys(findTestObject("FIM/Sites Page/Site Filtering/Site_txt"), Keys.chord(BACK_SPACE), STOP_ON_FAILURE): Keys 'BACK_SPACE + ' sent to object: 'Object Repository/FIM/Sites Page/Site Filtering/Site_txt'

21-10-2025T20:30:28 - [MESSAGE][PASSED] - Keys 'BACK_SPACE + ' sent to object: 'Object Repository/FIM/Sites Page/Site Filtering/Site_txt'

21-10-2025T20:30:28 - [TEST_STEP][PASSED] - (i++): null

21-10-2025T20:30:28 - [TEST_STEP][PASSED] - sendKeys(findTestObject("FIM/Sites Page/Site Filtering/Site_txt"), Keys.chord(BACK_SPACE), STOP_ON_FAILURE): Keys 'BACK_SPACE + ' sent to object: 'Object Repository/FIM/Sites Page/Site Filtering/Site_txt'

21-10-2025T20:30:28 - [MESSAGE][PASSED] - Keys 'BACK_SPACE + ' sent to object: 'Object Repository/FIM/Sites Page/Site Filtering/Site_txt'

21-10-2025T20:30:28 - [TEST_STEP][PASSED] - (i++): null

21-10-2025T20:30:28 - [TEST_STEP][PASSED] - sendKeys(findTestObject("FIM/Sites Page/Site Filtering/Site_txt"), Keys.chord(BACK_SPACE), STOP_ON_FAILURE): Keys 'BACK_SPACE + ' sent to object: 'Object Repository/FIM/Sites Page/Site Filtering/Site_txt'

21-10-2025T20:30:28 - [MESSAGE][PASSED] - Keys 'BACK_SPACE + ' sent to object: 'Object Repository/FIM/Sites Page/Site Filtering/Site_txt'

21-10-2025T20:30:28 - [TEST_STEP][PASSED] - (i++): null

21-10-2025T20:30:28 - [TEST_STEP][PASSED] - sendKeys(findTestObject("FIM/Sites Page/Site Filtering/Site_txt"), Keys.chord(BACK_SPACE), STOP_ON_FAILURE): Keys 'BACK_SPACE + ' sent to object: 'Object Repository/FIM/Sites Page/Site Filtering/Site_txt'

21-10-2025T20:30:28 - [MESSAGE][PASSED] - Keys 'BACK_SPACE + ' sent to object: 'Object Repository/FIM/Sites Page/Site Filtering/Site_txt'

21-10-2025T20:30:28 - [TEST_STEP][PASSED] - (i++): null

21-10-2025T20:30:28 - [TEST_STEP][PASSED] - sendKeys(findTestObject("FIM/Sites Page/Site Filtering/Site_txt"), Keys.chord(BACK_SPACE), STOP_ON_FAILURE): Keys 'BACK_SPACE + ' sent to object: 'Object Repository/FIM/Sites Page/Site Filtering/Site_txt'

21-10-2025T20:30:28 - [MESSAGE][PASSED] - Keys 'BACK_SPACE + ' sent to object: 'Object Repository/FIM/Sites Page/Site Filtering/Site_txt'

21-10-2025T20:30:28 - [TEST_STEP][PASSED] - (i++): null

21-10-2025T20:30:28 - [TEST_STEP][PASSED] - sendKeys(findTestObject("FIM/Sites Page/Site Filtering/Site_txt"), Keys.chord(BACK_SPACE), STOP_ON_FAILURE): Keys 'BACK_SPACE + ' sent to object: 'Object Repository/FIM/Sites Page/Site Filtering/Site_txt'

21-10-2025T20:30:28 - [MESSAGE][PASSED] - Keys 'BACK_SPACE + ' sent to object: 'Object Repository/FIM/Sites Page/Site Filtering/Site_txt'

21-10-2025T20:30:28 - [TEST_STEP][PASSED] - (i++): null

21-10-2025T20:30:28 - [TEST_STEP][PASSED] - sendKeys(findTestObject("FIM/Sites Page/Site Filtering/Site_txt"), Keys.chord(BACK_SPACE), STOP_ON_FAILURE): Keys 'BACK_SPACE + ' sent to object: 'Object Repository/FIM/Sites Page/Site Filtering/Site_txt'

21-10-2025T20:30:28 - [MESSAGE][PASSED] - Keys 'BACK_SPACE + ' sent to object: 'Object Repository/FIM/Sites Page/Site Filtering/Site_txt'

21-10-2025T20:30:28 - [TEST_STEP][PASSED] - (i++): null

21-10-2025T20:30:28 - [TEST_STEP][PASSED] - sendKeys(findTestObject("FIM/Sites Page/Site Filtering/Site_txt"), Keys.chord(BACK_SPACE), STOP_ON_FAILURE): Keys 'BACK_SPACE + ' sent to object: 'Object Repository/FIM/Sites Page/Site Filtering/Site_txt'

21-10-2025T20:30:28 - [MESSAGE][PASSED] - Keys 'BACK_SPACE + ' sent to object: 'Object Repository/FIM/Sites Page/Site Filtering/Site_txt'

21-10-2025T20:30:28 - [TEST_STEP][PASSED] - (i++): null

21-10-2025T20:30:28 - [TEST_STEP][PASSED] - sendKeys(findTestObject("FIM/Sites Page/Site Filtering/Site_txt"), Keys.chord(BACK_SPACE), STOP_ON_FAILURE): Keys 'BACK_SPACE + ' sent to object: 'Object Repository/FIM/Sites Page/Site Filtering/Site_txt'

21-10-2025T20:30:28 - [MESSAGE][PASSED] - Keys 'BACK_SPACE + ' sent to object: 'Object Repository/FIM/Sites Page/Site Filtering/Site_txt'

21-10-2025T20:30:28 - [TEST_STEP][PASSED] - (i++): null

21-10-2025T20:30:28 - [TEST_STEP][PASSED] - sendKeys(findTestObject("FIM/Sites Page/Site Filtering/Site_txt"), Keys.chord(BACK_SPACE), STOP_ON_FAILURE): Keys 'BACK_SPACE + ' sent to object: 'Object Repository/FIM/Sites Page/Site Filtering/Site_txt'

21-10-2025T20:30:29 - [MESSAGE][PASSED] - Keys 'BACK_SPACE + ' sent to object: 'Object Repository/FIM/Sites Page/Site Filtering/Site_txt'

21-10-2025T20:30:29 - [TEST_STEP][PASSED] - (i++): null

21-10-2025T20:30:29 - [TEST_STEP][PASSED] - sendKeys(findTestObject("FIM/Sites Page/Site Filtering/Site_txt"), Keys.chord(BACK_SPACE), STOP_ON_FAILURE): Keys 'BACK_SPACE + ' sent to object: 'Object Repository/FIM/Sites Page/Site Filtering/Site_txt'

21-10-2025T20:30:29 - [MESSAGE][PASSED] - Keys 'BACK_SPACE + ' sent to object: 'Object Repository/FIM/Sites Page/Site Filtering/Site_txt'

21-10-2025T20:30:29 - [TEST_STEP][PASSED] - (i++): null

21-10-2025T20:30:29 - [TEST_STEP][PASSED] - sendKeys(findTestObject("FIM/Sites Page/Site Filtering/Site_txt"), "TURK132 - 798 North", STOP_ON_FAILURE): Keys 'TURK132 - 798 North' sent to object: 'Object Repository/FIM/Sites Page/Site Filtering/Site_txt'

21-10-2025T20:30:29 - [MESSAGE][PASSED] - Keys 'TURK132 - 798 North' sent to object: 'Object Repository/FIM/Sites Page/Site Filtering/Site_txt'

21-10-2025T20:30:29 - [TEST_STEP][PASSED] - sendKeys(findTestObject("FIM/Sites Page/Site Filtering/Site_txt"), Keys.chord(ENTER), STOP_ON_FAILURE): Keys 'ENTER + ' sent to object: 'Object Repository/FIM/Sites Page/Site Filtering/Site_txt'

21-10-2025T20:30:29 - [MESSAGE][PASSED] - Keys 'ENTER + ' sent to object: 'Object Repository/FIM/Sites Page/Site Filtering/Site_txt'

21-10-2025T20:30:29 - [TEST_STEP][PASSED] - delay(1): Delayed 1 second(s)

21-10-2025T20:30:30 - [MESSAGE][PASSED] - Delayed 1 second(s)

21-10-2025T20:30:30 - [TEST_STEP][PASSED] - waitForElementClickable(findTestObject("FIM/Sites Page/Inventories/Edit/Sales/1st Edit Inventories Sales_btn"), 300): Object 'Object Repository/FIM/Sites Page/Inventories/Edit/Sales/1st Edit Inventories Sales_btn' is clickable

21-10-2025T20:30:30 - [MESSAGE][PASSED] - Object 'Object Repository/FIM/Sites Page/Inventories/Edit/Sales/1st Edit Inventories Sales_btn' is clickable

21-10-2025T20:30:30 - [TEST_STEP][PASSED] - click(findTestObject("FIM/Sites Page/Inventories/Edit/Sales/1st Edit Inventories Sales_btn")): Object: 'Object Repository/FIM/Sites Page/Inventories/Edit/Sales/1st Edit Inventories Sales_btn' is clicked on

21-10-2025T20:30:30 - [MESSAGE][PASSED] - Object: 'Object Repository/FIM/Sites Page/Inventories/Edit/Sales/1st Edit Inventories Sales_btn' is clicked on

21-10-2025T20:30:30 - [TEST_STEP][FAILED] - clearText(findTestObject("FIM/Sites Page/Inventories/Edit/Sales/Edit_Turk101_10UNL_txt")): Unable to clear text of object 'Object Repository/FIM/Sites Page/Inventories/Edit/Sales/Edit_Turk101_10UNL_txt' (Root cause: com.kms.katalon.core.exception.StepFailedException: Unable to clear text of object 'Object Repository/FIM/Sites Page/Inventories/Edit/Sales/Edit_Turk101_10UNL_txt'
	at com.kms.katalon.core.webui.keyword.internal.WebUIKeywordMain.stepFailed(WebUIKeywordMain.groovy:117)
	at com.kms.katalon.core.webui.keyword.internal.WebUIKeywordMain.runKeyword(WebUIKeywordMain.groovy:78)
	at com.kms.katalon.core.webui.keyword.builtin.ClearTextKeyword.clearText(ClearTextKeyword.groovy:61)
	at com.kms.katalon.core.webui.keyword.builtin.ClearTextKeyword.execute(ClearTextKeyword.groovy:35)
	at com.kms.katalon.core.keyword.internal.KeywordExecutor.executeKeywordForPlatform(KeywordExecutor.groovy:74)
	at com.kms.katalon.core.webui.keyword.WebUiBuiltInKeywords.clearText(WebUiBuiltInKeywords.groovy:4989)
	at com.kms.katalon.core.webui.keyword.WebUiBuiltInKeywords$clearText$17.call(Unknown Source)
	at Edit Inventory Sales.run(Edit Inventory Sales:62)
	at com.kms.katalon.core.main.ScriptEngine.run(ScriptEngine.java:194)
	at com.kms.katalon.core.main.ScriptEngine.runScriptAsRawText(ScriptEngine.java:119)
	at com.kms.katalon.core.main.TestCaseExecutor.runScript(TestCaseExecutor.java:448)
	at com.kms.katalon.core.main.TestCaseExecutor.doExecute(TestCaseExecutor.java:439)
	at com.kms.katalon.core.main.TestCaseExecutor.processExecutionPhase(TestCaseExecutor.java:418)
	at com.kms.katalon.core.main.TestCaseExecutor.accessMainPhase(TestCaseExecutor.java:410)
	at com.kms.katalon.core.main.TestCaseExecutor.execute(TestCaseExecutor.java:285)
	at com.kms.katalon.core.common.CommonExecutor.accessTestCaseMainPhase(CommonExecutor.java:65)
	at com.kms.katalon.core.main.TestSuiteExecutor.accessTestSuiteMainPhase(TestSuiteExecutor.java:150)
	at com.kms.katalon.core.main.TestSuiteExecutor.execute(TestSuiteExecutor.java:106)
	at com.kms.katalon.core.main.TestCaseMain.startTestSuite(TestCaseMain.java:180)
	at com.kms.katalon.core.main.TestCaseMain$startTestSuite$0.call(Unknown Source)
	at TempTestSuite1761090764033.run(TempTestSuite1761090764033.groovy:35)
	at java.base/jdk.internal.reflect.NativeMethodAccessorImpl.invoke0(Native Method)
	at java.base/jdk.internal.reflect.NativeMethodAccessorImpl.invoke(NativeMethodAccessorImpl.java:77)
	at java.base/jdk.internal.reflect.DelegatingMethodAccessorImpl.invoke(DelegatingMethodAccessorImpl.java:43)
Caused by: com.kms.katalon.core.webui.exception.WebElementNotFoundException: Web element with id: 'Object Repository/FIM/Sites Page/Inventories/Edit/Sales/Edit_Turk101_10UNL_txt' located by '/html/body/div[2]/div[1]/div/div/div/form/div/div[1]/div/div[1]/div/input' not found
	at com.kms.katalon.core.webui.common.WebUiCommonHelper.findWebElement(WebUiCommonHelper.java:1423)
	at com.kms.katalon.core.webui.keyword.internal.WebUIAbstractKeyword.findWebElement(WebUIAbstractKeyword.groovy:27)
	at com.kms.katalon.core.webui.keyword.internal.WebUIAbstractKeyword.findWebElement(WebUIAbstractKeyword.groovy:26)
	at com.kms.katalon.core.webui.keyword.builtin.ClearTextKeyword$_clearText_closure1.doCall(ClearTextKeyword.groovy:45)
	at com.kms.katalon.core.webui.keyword.builtin.ClearTextKeyword$_clearText_closure1.call(ClearTextKeyword.groovy)
	at com.kms.katalon.core.webui.keyword.internal.WebUIKeywordMain.runKeyword(WebUIKeywordMain.groovy:67)
	at com.kms.katalon.core.webui.keyword.builtin.ClearTextKeyword.clearText(ClearTextKeyword.groovy:61)
	at com.kms.katalon.core.webui.keyword.builtin.ClearTextKeyword.execute(ClearTextKeyword.groovy:35)
	at com.kms.katalon.core.keyword.internal.KeywordExecutor.executeKeywordForPlatform(KeywordExecutor.groovy:74)
	at com.kms.katalon.core.webui.keyword.WebUiBuiltInKeywords.clearText(WebUiBuiltInKeywords.groovy:4989)
	at com.kms.katalon.core.webui.keyword.WebUiBuiltInKeywords$clearText$17.call(Unknown Source)
	at Script1702924676665.run(Script1702924676665.groovy:62)
	... 16 more
)

21-10-2025T20:30:46 - [MESSAGE][INFO] - Unable to find the element located by 'By.xpath: /html/body/div[2]/div[1]/div/div/div/form/div/div[1]/div/div[1]/div/input'. Please recheck the objects properties to make sure the desired element is located. 

21-10-2025T20:30:46 - [MESSAGE][WARNING] - [SELF-HEALING] Failed to find element with id 'Object Repository/FIM/Sites Page/Inventories/Edit/Sales/Edit_Turk101_10UNL_txt'. Try using Self-healing.

21-10-2025T20:30:47 - [MESSAGE][INFO] - [SELF-HEALING] No working XPath is found.

21-10-2025T20:30:49 - [MESSAGE][INFO] - Unable to find the element located by 'By.xpath: '. Please recheck the objects properties to make sure the desired element is located. 

21-10-2025T20:30:49 - [MESSAGE][WARNING] - [SELF-HEALING] Cannot find elements when the selector is null

21-10-2025T20:30:49 - [MESSAGE][FAILED] - Unable to clear text of object 'Object Repository/FIM/Sites Page/Inventories/Edit/Sales/Edit_Turk101_10UNL_txt' (Root cause: com.kms.katalon.core.exception.StepFailedException: Unable to clear text of object 'Object Repository/FIM/Sites Page/Inventories/Edit/Sales/Edit_Turk101_10UNL_txt'
	at com.kms.katalon.core.webui.keyword.internal.WebUIKeywordMain.stepFailed(WebUIKeywordMain.groovy:117)
	at com.kms.katalon.core.webui.keyword.internal.WebUIKeywordMain.runKeyword(WebUIKeywordMain.groovy:78)
	at com.kms.katalon.core.webui.keyword.builtin.ClearTextKeyword.clearText(ClearTextKeyword.groovy:61)
	at com.kms.katalon.core.webui.keyword.builtin.ClearTextKeyword.execute(ClearTextKeyword.groovy:35)
	at com.kms.katalon.core.keyword.internal.KeywordExecutor.executeKeywordForPlatform(KeywordExecutor.groovy:74)
	at com.kms.katalon.core.webui.keyword.WebUiBuiltInKeywords.clearText(WebUiBuiltInKeywords.groovy:4989)
	at com.kms.katalon.core.webui.keyword.WebUiBuiltInKeywords$clearText$17.call(Unknown Source)
	at Edit Inventory Sales.run(Edit Inventory Sales:62)
	at com.kms.katalon.core.main.ScriptEngine.run(ScriptEngine.java:194)
	at com.kms.katalon.core.main.ScriptEngine.runScriptAsRawText(ScriptEngine.java:119)
	at com.kms.katalon.core.main.TestCaseExecutor.runScript(TestCaseExecutor.java:448)
	at com.kms.katalon.core.main.TestCaseExecutor.doExecute(TestCaseExecutor.java:439)
	at com.kms.katalon.core.main.TestCaseExecutor.processExecutionPhase(TestCaseExecutor.java:418)
	at com.kms.katalon.core.main.TestCaseExecutor.accessMainPhase(TestCaseExecutor.java:410)
	at com.kms.katalon.core.main.TestCaseExecutor.execute(TestCaseExecutor.java:285)
	at com.kms.katalon.core.common.CommonExecutor.accessTestCaseMainPhase(CommonExecutor.java:65)
	at com.kms.katalon.core.main.TestSuiteExecutor.accessTestSuiteMainPhase(TestSuiteExecutor.java:150)
	at com.kms.katalon.core.main.TestSuiteExecutor.execute(TestSuiteExecutor.java:106)
	at com.kms.katalon.core.main.TestCaseMain.startTestSuite(TestCaseMain.java:180)
	at com.kms.katalon.core.main.TestCaseMain$startTestSuite$0.call(Unknown Source)
	at TempTestSuite1761090764033.run(TempTestSuite1761090764033.groovy:35)
	at java.base/jdk.internal.reflect.NativeMethodAccessorImpl.invoke0(Native Method)
	at java.base/jdk.internal.reflect.NativeMethodAccessorImpl.invoke(NativeMethodAccessorImpl.java:77)
	at java.base/jdk.internal.reflect.DelegatingMethodAccessorImpl.invoke(DelegatingMethodAccessorImpl.java:43)
Caused by: com.kms.katalon.core.webui.exception.WebElementNotFoundException: Web element with id: 'Object Repository/FIM/Sites Page/Inventories/Edit/Sales/Edit_Turk101_10UNL_txt' located by '/html/body/div[2]/div[1]/div/div/div/form/div/div[1]/div/div[1]/div/input' not found
	at com.kms.katalon.core.webui.common.WebUiCommonHelper.findWebElement(WebUiCommonHelper.java:1423)
	at com.kms.katalon.core.webui.keyword.internal.WebUIAbstractKeyword.findWebElement(WebUIAbstractKeyword.groovy:27)
	at com.kms.katalon.core.webui.keyword.internal.WebUIAbstractKeyword.findWebElement(WebUIAbstractKeyword.groovy:26)
	at com.kms.katalon.core.webui.keyword.builtin.ClearTextKeyword$_clearText_closure1.doCall(ClearTextKeyword.groovy:45)
	at com.kms.katalon.core.webui.keyword.builtin.ClearTextKeyword$_clearText_closure1.call(ClearTextKeyword.groovy)
	at com.kms.katalon.core.webui.keyword.internal.WebUIKeywordMain.runKeyword(WebUIKeywordMain.groovy:67)
	at com.kms.katalon.core.webui.keyword.builtin.ClearTextKeyword.clearText(ClearTextKeyword.groovy:61)
	at com.kms.katalon.core.webui.keyword.builtin.ClearTextKeyword.execute(ClearTextKeyword.groovy:35)
	at com.kms.katalon.core.keyword.internal.KeywordExecutor.executeKeywordForPlatform(KeywordExecutor.groovy:74)
	at com.kms.katalon.core.webui.keyword.WebUiBuiltInKeywords.clearText(WebUiBuiltInKeywords.groovy:4989)
	at com.kms.katalon.core.webui.keyword.WebUiBuiltInKeywords$clearText$17.call(Unknown Source)
	at Script1702924676665.run(Script1702924676665.groovy:62)
	... 16 more
)

21-10-2025T20:30:49 - [TEST_STEP][PASSED] - Start listener action : retryOnDisconnect: Current window's url is: 'https://kaglogistics-inventory-management-portal.qa.thekag.com/site/TURK132?cg=-1&r=206&i=AllConsignees&sorted=false'

21-10-2025T20:30:49 - [TEST_STEP][PASSED] - tcId = testCaseContext.getTestCaseId(): null

21-10-2025T20:30:49 - [TEST_STEP][PASSED] - currentRetry = retryCounts.getOrDefault(tcId, 0): null

21-10-2025T20:30:49 - [TEST_STEP][PASSED] - if (testCaseContext.getTestCaseStatus() == "FAILED" && currentRetry < MAX_RETRIES): Current window's url is: 'https://kaglogistics-inventory-management-portal.qa.thekag.com/site/TURK132?cg=-1&r=206&i=AllConsignees&sorted=false'

21-10-2025T20:30:49 - [TEST_STEP][PASSED] - try: Current window's url is: 'https://kaglogistics-inventory-management-portal.qa.thekag.com/site/TURK132?cg=-1&r=206&i=AllConsignees&sorted=false'

21-10-2025T20:30:49 - [TEST_STEP][PASSED] - comment(Checking for WebDriver disconnect for test case: $tcId): Checking for WebDriver disconnect for test case: Test Cases/FIM/UI/KGL/Admin/Sites Page/Inventories/Edit Inventory Sales

21-10-2025T20:30:49 - [MESSAGE][INFO] - Checking for WebDriver disconnect for test case: Test Cases/FIM/UI/KGL/Admin/Sites Page/Inventories/Edit Inventory Sales

21-10-2025T20:30:49 - [TEST_STEP][PASSED] - getUrl(): Current window's url is: 'https://kaglogistics-inventory-management-portal.qa.thekag.com/site/TURK132?cg=-1&r=206&i=AllConsignees&sorted=false'

21-10-2025T20:30:49 - [MESSAGE][PASSED] - Current window's url is: 'https://kaglogistics-inventory-management-portal.qa.thekag.com/site/TURK132?cg=-1&r=206&i=AllConsignees&sorted=false']]></system-out>
         <system-err><![CDATA[21-10-2025T20:29:44 - [TEST_CASE][FAILED] - Test Cases/FIM/UI/KGL/Admin/Sites Page/Inventories/Edit Inventory Sales: Test Cases/FIM/UI/KGL/Admin/Sites Page/Inventories/Edit Inventory Sales FAILED.
Reason:
com.kms.katalon.core.exception.StepFailedException: Unable to clear text of object 'Object Repository/FIM/Sites Page/Inventories/Edit/Sales/Edit_Turk101_10UNL_txt'
	at com.kms.katalon.core.webui.keyword.internal.WebUIKeywordMain.stepFailed(WebUIKeywordMain.groovy:117)
	at com.kms.katalon.core.webui.keyword.internal.WebUIKeywordMain.runKeyword(WebUIKeywordMain.groovy:78)
	at com.kms.katalon.core.webui.keyword.builtin.ClearTextKeyword.clearText(ClearTextKeyword.groovy:61)
	at com.kms.katalon.core.webui.keyword.builtin.ClearTextKeyword.execute(ClearTextKeyword.groovy:35)
	at com.kms.katalon.core.keyword.internal.KeywordExecutor.executeKeywordForPlatform(KeywordExecutor.groovy:74)
	at com.kms.katalon.core.webui.keyword.WebUiBuiltInKeywords.clearText(WebUiBuiltInKeywords.groovy:4989)
	at com.kms.katalon.core.webui.keyword.WebUiBuiltInKeywords$clearText$17.call(Unknown Source)
	at Edit Inventory Sales.run(Edit Inventory Sales:62)
	at com.kms.katalon.core.main.ScriptEngine.run(ScriptEngine.java:194)
	at com.kms.katalon.core.main.ScriptEngine.runScriptAsRawText(ScriptEngine.java:119)
	at com.kms.katalon.core.main.TestCaseExecutor.runScript(TestCaseExecutor.java:448)
	at com.kms.katalon.core.main.TestCaseExecutor.doExecute(TestCaseExecutor.java:439)
	at com.kms.katalon.core.main.TestCaseExecutor.processExecutionPhase(TestCaseExecutor.java:418)
	at com.kms.katalon.core.main.TestCaseExecutor.accessMainPhase(TestCaseExecutor.java:410)
	at com.kms.katalon.core.main.TestCaseExecutor.execute(TestCaseExecutor.java:285)
	at com.kms.katalon.core.common.CommonExecutor.accessTestCaseMainPhase(CommonExecutor.java:65)
	at com.kms.katalon.core.main.TestSuiteExecutor.accessTestSuiteMainPhase(TestSuiteExecutor.java:150)
	at com.kms.katalon.core.main.TestSuiteExecutor.execute(TestSuiteExecutor.java:106)
	at com.kms.katalon.core.main.TestCaseMain.startTestSuite(TestCaseMain.java:180)
	at com.kms.katalon.core.main.TestCaseMain$startTestSuite$0.call(Unknown Source)
	at TempTestSuite1761090764033.run(TempTestSuite1761090764033.groovy:35)
	at java.base/jdk.internal.reflect.NativeMethodAccessorImpl.invoke0(Native Method)
	at java.base/jdk.internal.reflect.NativeMethodAccessorImpl.invoke(NativeMethodAccessorImpl.java:77)
	at java.base/jdk.internal.reflect.DelegatingMethodAccessorImpl.invoke(DelegatingMethodAccessorImpl.java:43)
Caused by: com.kms.katalon.core.webui.exception.WebElementNotFoundException: Web element with id: 'Object Repository/FIM/Sites Page/Inventories/Edit/Sales/Edit_Turk101_10UNL_txt' located by '/html/body/div[2]/div[1]/div/div/div/form/div/div[1]/div/div[1]/div/input' not found
	at com.kms.katalon.core.webui.common.WebUiCommonHelper.findWebElement(WebUiCommonHelper.java:1423)
	at com.kms.katalon.core.webui.keyword.internal.WebUIAbstractKeyword.findWebElement(WebUIAbstractKeyword.groovy:27)
	at com.kms.katalon.core.webui.keyword.internal.WebUIAbstractKeyword.findWebElement(WebUIAbstractKeyword.groovy:26)
	at com.kms.katalon.core.webui.keyword.builtin.ClearTextKeyword$_clearText_closure1.doCall(ClearTextKeyword.groovy:45)
	at com.kms.katalon.core.webui.keyword.builtin.ClearTextKeyword$_clearText_closure1.call(ClearTextKeyword.groovy)
	at com.kms.katalon.core.webui.keyword.internal.WebUIKeywordMain.runKeyword(WebUIKeywordMain.groovy:67)
	... 22 more]]></system-err>
      </testcase>
      <testcase name="Test Cases/FIM/UI/KGL/Admin/Sites Page/Inventories/Edit Inventory Threshold" time="46.093" classname="Test Cases/FIM/UI/KGL/Admin/Sites Page/Inventories/Edit Inventory Threshold" status="PASSED">
         <system-out><![CDATA[21-10-2025T20:30:49 - [TEST_CASE][PASSED] - Test Cases/FIM/UI/KGL/Admin/Sites Page/Inventories/Edit Inventory Threshold: Test Cases/FIM/UI/KGL/Admin/Sites Page/Inventories/Edit Inventory Threshold

21-10-2025T20:30:49 - [TEST_STEP][PASSED] - Start listener action : beforeTestCase: null

21-10-2025T20:30:49 - [TEST_STEP][PASSED] - addDefaultPackages(): null

21-10-2025T20:30:49 - [TEST_STEP][PASSED] - callTestCase(findTestCase("Utility Scripts/FIM KGL Admin Login"), [:], STOP_ON_FAILURE): Call Test Case 'Test Cases/Utility Scripts/FIM KGL Admin Login' successfully

21-10-2025T20:30:49 - [TEST_CASE][PASSED] - Test Cases/Utility Scripts/FIM KGL Admin Login: Test Cases/Utility Scripts/FIM KGL Admin Login

21-10-2025T20:30:49 - [TEST_STEP][PASSED] - openBrowser(""): Browser is opened with url: ''

21-10-2025T20:30:49 - [MESSAGE][WARNING] - A browser is already opened. Closing browser and opening a new one

21-10-2025T20:30:49 - [MESSAGE][INFO] - Starting 'Chrome' driver

21-10-2025T20:30:49 - [MESSAGE][INFO] - User set preference: ['args', '[--no-sandbox, --disable-gpu, --disable-dev-shm-usage]']

21-10-2025T20:30:49 - [MESSAGE][INFO] - Action delay is set to 0 milliseconds

21-10-2025T20:30:50 - [MESSAGE][PASSED] - Browser is opened with url: ''

21-10-2025T20:30:50 - [TEST_STEP][PASSED] - delay(1): Delayed 1 second(s)

21-10-2025T20:30:51 - [MESSAGE][PASSED] - Delayed 1 second(s)

21-10-2025T20:30:51 - [TEST_STEP][PASSED] - navigateToUrl(KGLCustomGroupUrl): Navigate to 'https://kaglogistics-inventory-management-portal.qa.thekag.com/custom-group/' successfully

21-10-2025T20:30:52 - [MESSAGE][PASSED] - Navigate to 'https://kaglogistics-inventory-management-portal.qa.thekag.com/custom-group/' successfully

21-10-2025T20:30:52 - [TEST_STEP][PASSED] - delay(10): Delayed 10 second(s)

21-10-2025T20:31:02 - [MESSAGE][PASSED] - Delayed 10 second(s)

21-10-2025T20:31:02 - [TEST_STEP][PASSED] - if (maximizeWindow == true): Delayed 1 second(s)

21-10-2025T20:31:02 - [TEST_STEP][PASSED] - maximizeWindow(STOP_ON_FAILURE): Current window maximized

21-10-2025T20:31:02 - [MESSAGE][PASSED] - Current window maximized

21-10-2025T20:31:02 - [TEST_STEP][PASSED] - delay(1): Delayed 1 second(s)

21-10-2025T20:31:03 - [MESSAGE][PASSED] - Delayed 1 second(s)

21-10-2025T20:31:03 - [TEST_STEP][PASSED] - waitForElementPresent(findTestObject("FIM/Username_txt"), 10): Object 'Object Repository/FIM/Username_txt' is present

21-10-2025T20:31:03 - [MESSAGE][PASSED] - Object 'Object Repository/FIM/Username_txt' is present

21-10-2025T20:31:03 - [TEST_STEP][PASSED] - setText(findTestObject("FIM/Username_txt"), FIMUsername): Text 'Chris.Sheldon+DES_QA@Thekag.com' is set on object 'Object Repository/FIM/Username_txt'

21-10-2025T20:31:03 - [MESSAGE][PASSED] - Text 'Chris.Sheldon+DES_QA@Thekag.com' is set on object 'Object Repository/FIM/Username_txt'

21-10-2025T20:31:03 - [TEST_STEP][PASSED] - delay(1): Delayed 1 second(s)

21-10-2025T20:31:04 - [MESSAGE][PASSED] - Delayed 1 second(s)

21-10-2025T20:31:04 - [TEST_STEP][PASSED] - setText(findTestObject("FIM/Password_txt"), FIMPassword): Text 'QATest!2' is set on object 'Object Repository/FIM/Password_txt'

21-10-2025T20:31:04 - [MESSAGE][PASSED] - Text 'QATest!2' is set on object 'Object Repository/FIM/Password_txt'

21-10-2025T20:31:04 - [TEST_STEP][PASSED] - delay(1): Delayed 1 second(s)

21-10-2025T20:31:05 - [MESSAGE][PASSED] - Delayed 1 second(s)

21-10-2025T20:31:05 - [TEST_STEP][PASSED] - click(findTestObject("FIM/Login_btn")): Object: 'Object Repository/FIM/Login_btn' is clicked on

21-10-2025T20:31:05 - [MESSAGE][PASSED] - Object: 'Object Repository/FIM/Login_btn' is clicked on

21-10-2025T20:31:05 - [MESSAGE][PASSED] - Call Test Case 'Test Cases/Utility Scripts/FIM KGL Admin Login' successfully

21-10-2025T20:31:05 - [TEST_STEP][PASSED] - if (verifyElementVisible(findTestObject("FIM/Server_Notification_Close_btn"), OPTIONAL) == true): Web element with id: 'Object Repository/FIM/Server_Notification_Close_btn' located by '/html/body/div/div[1]/button' not found (Root cause: com.kms.katalon.core.exception.StepFailedException: Web element with id: 'Object Repository/FIM/Server_Notification_Close_btn' located by '/html/body/div/div[1]/button' not found
	at com.kms.katalon.core.webui.keyword.internal.WebUIKeywordMain.stepFailed(WebUIKeywordMain.groovy:117)
	at com.kms.katalon.core.webui.keyword.builtin.VerifyElementVisibleKeyword$_verifyElementVisible_closure1.doCall(VerifyElementVisibleKeyword.groovy:89)
	at com.kms.katalon.core.webui.keyword.builtin.VerifyElementVisibleKeyword$_verifyElementVisible_closure1.call(VerifyElementVisibleKeyword.groovy)
	at com.kms.katalon.core.webui.keyword.internal.WebUIKeywordMain.runKeyword(WebUIKeywordMain.groovy:35)
	at com.kms.katalon.core.webui.keyword.builtin.VerifyElementVisibleKeyword.verifyElementVisible(VerifyElementVisibleKeyword.groovy:97)
	at com.kms.katalon.core.webui.keyword.builtin.VerifyElementVisibleKeyword.execute(VerifyElementVisibleKeyword.groovy:67)
	at com.kms.katalon.core.keyword.internal.KeywordExecutor.executeKeywordForPlatform(KeywordExecutor.groovy:74)
	at com.kms.katalon.core.webui.keyword.WebUiBuiltInKeywords.verifyElementVisible(WebUiBuiltInKeywords.groovy:401)
	at com.kms.katalon.core.webui.keyword.WebUiBuiltInKeywords$verifyElementVisible$5.call(Unknown Source)
	at Edit Inventory Threshold.run(Edit Inventory Threshold:22)
	at com.kms.katalon.core.main.ScriptEngine.run(ScriptEngine.java:194)
	at com.kms.katalon.core.main.ScriptEngine.runScriptAsRawText(ScriptEngine.java:119)
	at com.kms.katalon.core.main.TestCaseExecutor.runScript(TestCaseExecutor.java:448)
	at com.kms.katalon.core.main.TestCaseExecutor.doExecute(TestCaseExecutor.java:439)
	at com.kms.katalon.core.main.TestCaseExecutor.processExecutionPhase(TestCaseExecutor.java:418)
	at com.kms.katalon.core.main.TestCaseExecutor.accessMainPhase(TestCaseExecutor.java:410)
	at com.kms.katalon.core.main.TestCaseExecutor.execute(TestCaseExecutor.java:285)
	at com.kms.katalon.core.common.CommonExecutor.accessTestCaseMainPhase(CommonExecutor.java:65)
	at com.kms.katalon.core.main.TestSuiteExecutor.accessTestSuiteMainPhase(TestSuiteExecutor.java:150)
	at com.kms.katalon.core.main.TestSuiteExecutor.execute(TestSuiteExecutor.java:106)
	at com.kms.katalon.core.main.TestCaseMain.startTestSuite(TestCaseMain.java:180)
	at com.kms.katalon.core.main.TestCaseMain$startTestSuite$0.call(Unknown Source)
	at TempTestSuite1761090764033.run(TempTestSuite1761090764033.groovy:35)
	at java.base/jdk.internal.reflect.NativeMethodAccessorImpl.invoke0(Native Method)
	at java.base/jdk.internal.reflect.NativeMethodAccessorImpl.invoke(NativeMethodAccessorImpl.java:77)
	at java.base/jdk.internal.reflect.DelegatingMethodAccessorImpl.invoke(DelegatingMethodAccessorImpl.java:43)
)

21-10-2025T20:31:21 - [MESSAGE][INFO] - Unable to find the element located by 'By.xpath: /html/body/div/div[1]/button'. Please recheck the objects properties to make sure the desired element is located. 

21-10-2025T20:31:21 - [MESSAGE][WARNING] - [SELF-HEALING] Failed to find element with id 'Object Repository/FIM/Server_Notification_Close_btn'. Try using Self-healing.

21-10-2025T20:31:22 - [MESSAGE][INFO] - [SELF-HEALING] No working XPath is found.

21-10-2025T20:31:24 - [MESSAGE][INFO] - Unable to find the element located by 'By.xpath: '. Please recheck the objects properties to make sure the desired element is located. 

21-10-2025T20:31:24 - [MESSAGE][WARNING] - [SELF-HEALING] Cannot find elements when the selector is null

21-10-2025T20:31:24 - [MESSAGE][WARNING] - Web element with id: 'Object Repository/FIM/Server_Notification_Close_btn' located by '/html/body/div/div[1]/button' not found (Root cause: com.kms.katalon.core.exception.StepFailedException: Web element with id: 'Object Repository/FIM/Server_Notification_Close_btn' located by '/html/body/div/div[1]/button' not found
	at com.kms.katalon.core.webui.keyword.internal.WebUIKeywordMain.stepFailed(WebUIKeywordMain.groovy:117)
	at com.kms.katalon.core.webui.keyword.builtin.VerifyElementVisibleKeyword$_verifyElementVisible_closure1.doCall(VerifyElementVisibleKeyword.groovy:89)
	at com.kms.katalon.core.webui.keyword.builtin.VerifyElementVisibleKeyword$_verifyElementVisible_closure1.call(VerifyElementVisibleKeyword.groovy)
	at com.kms.katalon.core.webui.keyword.internal.WebUIKeywordMain.runKeyword(WebUIKeywordMain.groovy:35)
	at com.kms.katalon.core.webui.keyword.builtin.VerifyElementVisibleKeyword.verifyElementVisible(VerifyElementVisibleKeyword.groovy:97)
	at com.kms.katalon.core.webui.keyword.builtin.VerifyElementVisibleKeyword.execute(VerifyElementVisibleKeyword.groovy:67)
	at com.kms.katalon.core.keyword.internal.KeywordExecutor.executeKeywordForPlatform(KeywordExecutor.groovy:74)
	at com.kms.katalon.core.webui.keyword.WebUiBuiltInKeywords.verifyElementVisible(WebUiBuiltInKeywords.groovy:401)
	at com.kms.katalon.core.webui.keyword.WebUiBuiltInKeywords$verifyElementVisible$5.call(Unknown Source)
	at Edit Inventory Threshold.run(Edit Inventory Threshold:22)
	at com.kms.katalon.core.main.ScriptEngine.run(ScriptEngine.java:194)
	at com.kms.katalon.core.main.ScriptEngine.runScriptAsRawText(ScriptEngine.java:119)
	at com.kms.katalon.core.main.TestCaseExecutor.runScript(TestCaseExecutor.java:448)
	at com.kms.katalon.core.main.TestCaseExecutor.doExecute(TestCaseExecutor.java:439)
	at com.kms.katalon.core.main.TestCaseExecutor.processExecutionPhase(TestCaseExecutor.java:418)
	at com.kms.katalon.core.main.TestCaseExecutor.accessMainPhase(TestCaseExecutor.java:410)
	at com.kms.katalon.core.main.TestCaseExecutor.execute(TestCaseExecutor.java:285)
	at com.kms.katalon.core.common.CommonExecutor.accessTestCaseMainPhase(CommonExecutor.java:65)
	at com.kms.katalon.core.main.TestSuiteExecutor.accessTestSuiteMainPhase(TestSuiteExecutor.java:150)
	at com.kms.katalon.core.main.TestSuiteExecutor.execute(TestSuiteExecutor.java:106)
	at com.kms.katalon.core.main.TestCaseMain.startTestSuite(TestCaseMain.java:180)
	at com.kms.katalon.core.main.TestCaseMain$startTestSuite$0.call(Unknown Source)
	at TempTestSuite1761090764033.run(TempTestSuite1761090764033.groovy:35)
	at java.base/jdk.internal.reflect.NativeMethodAccessorImpl.invoke0(Native Method)
	at java.base/jdk.internal.reflect.NativeMethodAccessorImpl.invoke(NativeMethodAccessorImpl.java:77)
	at java.base/jdk.internal.reflect.DelegatingMethodAccessorImpl.invoke(DelegatingMethodAccessorImpl.java:43)
)

21-10-2025T20:31:24 - [TEST_STEP][PASSED] - delay(1): Delayed 1 second(s)

21-10-2025T20:31:25 - [MESSAGE][PASSED] - Delayed 1 second(s)

21-10-2025T20:31:25 - [TEST_STEP][PASSED] - click(findTestObject("FIM/Hamburger Menu List/Hamburger_menu")): Object: 'Object Repository/FIM/Hamburger Menu List/Hamburger_menu' is clicked on

21-10-2025T20:31:25 - [MESSAGE][PASSED] - Object: 'Object Repository/FIM/Hamburger Menu List/Hamburger_menu' is clicked on

21-10-2025T20:31:25 - [TEST_STEP][PASSED] - verifyElementPresent(findTestObject("FIM/Hamburger Menu List/Sites_list (1)"), 10): Object 'Object Repository/FIM/Hamburger Menu List/Sites_list (1)' is present

21-10-2025T20:31:25 - [MESSAGE][PASSED] - Object 'Object Repository/FIM/Hamburger Menu List/Sites_list (1)' is present

21-10-2025T20:31:25 - [TEST_STEP][PASSED] - delay(1): Delayed 1 second(s)

21-10-2025T20:31:26 - [MESSAGE][PASSED] - Delayed 1 second(s)

21-10-2025T20:31:26 - [TEST_STEP][PASSED] - click(findTestObject("FIM/Hamburger Menu List/Sites_list (1)")): Object: 'Object Repository/FIM/Hamburger Menu List/Sites_list (1)' is clicked on

21-10-2025T20:31:26 - [MESSAGE][PASSED] - Object: 'Object Repository/FIM/Hamburger Menu List/Sites_list (1)' is clicked on

21-10-2025T20:31:26 - [TEST_STEP][PASSED] - waitForElementPresent(findTestObject("FIM/Sites Page/Calculator/Calculator Tab"), 10): Object 'Object Repository/FIM/Sites Page/Calculator/Calculator Tab' is present

21-10-2025T20:31:27 - [MESSAGE][PASSED] - Object 'Object Repository/FIM/Sites Page/Calculator/Calculator Tab' is present

21-10-2025T20:31:27 - [TEST_STEP][PASSED] - delay(1): Delayed 1 second(s)

21-10-2025T20:31:28 - [MESSAGE][PASSED] - Delayed 1 second(s)

21-10-2025T20:31:28 - [TEST_STEP][PASSED] - selectOptionByLabel(findTestObject("FIM/Sites Page/Site Filtering/Region Selection_dropdown"), "KAG LOGISTICS", false): All options with label 'KAG LOGISTICS' are selected in object 'Object Repository/FIM/Sites Page/Site Filtering/Region Selection_dropdown' 

21-10-2025T20:31:28 - [MESSAGE][PASSED] - All options with label 'KAG LOGISTICS' are selected in object 'Object Repository/FIM/Sites Page/Site Filtering/Region Selection_dropdown' 

21-10-2025T20:31:28 - [TEST_STEP][PASSED] - i = 0: null

21-10-2025T20:31:28 - [TEST_STEP][PASSED] - while (i < 60 == true): null

21-10-2025T20:31:28 - [TEST_STEP][PASSED] - sendKeys(findTestObject("FIM/Sites Page/Site Filtering/Site_txt"), Keys.chord(BACK_SPACE), STOP_ON_FAILURE): Keys 'BACK_SPACE + ' sent to object: 'Object Repository/FIM/Sites Page/Site Filtering/Site_txt'

21-10-2025T20:31:29 - [MESSAGE][PASSED] - Keys 'BACK_SPACE + ' sent to object: 'Object Repository/FIM/Sites Page/Site Filtering/Site_txt'

21-10-2025T20:31:29 - [TEST_STEP][PASSED] - (i++): null

21-10-2025T20:31:29 - [TEST_STEP][PASSED] - sendKeys(findTestObject("FIM/Sites Page/Site Filtering/Site_txt"), Keys.chord(BACK_SPACE), STOP_ON_FAILURE): Keys 'BACK_SPACE + ' sent to object: 'Object Repository/FIM/Sites Page/Site Filtering/Site_txt'

21-10-2025T20:31:30 - [MESSAGE][PASSED] - Keys 'BACK_SPACE + ' sent to object: 'Object Repository/FIM/Sites Page/Site Filtering/Site_txt'

21-10-2025T20:31:30 - [TEST_STEP][PASSED] - (i++): null

21-10-2025T20:31:30 - [TEST_STEP][PASSED] - sendKeys(findTestObject("FIM/Sites Page/Site Filtering/Site_txt"), Keys.chord(BACK_SPACE), STOP_ON_FAILURE): Keys 'BACK_SPACE + ' sent to object: 'Object Repository/FIM/Sites Page/Site Filtering/Site_txt'

21-10-2025T20:31:30 - [MESSAGE][PASSED] - Keys 'BACK_SPACE + ' sent to object: 'Object Repository/FIM/Sites Page/Site Filtering/Site_txt'

21-10-2025T20:31:30 - [TEST_STEP][PASSED] - (i++): null

21-10-2025T20:31:30 - [TEST_STEP][PASSED] - sendKeys(findTestObject("FIM/Sites Page/Site Filtering/Site_txt"), Keys.chord(BACK_SPACE), STOP_ON_FAILURE): Keys 'BACK_SPACE + ' sent to object: 'Object Repository/FIM/Sites Page/Site Filtering/Site_txt'

21-10-2025T20:31:30 - [MESSAGE][PASSED] - Keys 'BACK_SPACE + ' sent to object: 'Object Repository/FIM/Sites Page/Site Filtering/Site_txt'

21-10-2025T20:31:30 - [TEST_STEP][PASSED] - (i++): null

21-10-2025T20:31:30 - [TEST_STEP][PASSED] - sendKeys(findTestObject("FIM/Sites Page/Site Filtering/Site_txt"), Keys.chord(BACK_SPACE), STOP_ON_FAILURE): Keys 'BACK_SPACE + ' sent to object: 'Object Repository/FIM/Sites Page/Site Filtering/Site_txt'

21-10-2025T20:31:30 - [MESSAGE][PASSED] - Keys 'BACK_SPACE + ' sent to object: 'Object Repository/FIM/Sites Page/Site Filtering/Site_txt'

21-10-2025T20:31:30 - [TEST_STEP][PASSED] - (i++): null

21-10-2025T20:31:30 - [TEST_STEP][PASSED] - sendKeys(findTestObject("FIM/Sites Page/Site Filtering/Site_txt"), Keys.chord(BACK_SPACE), STOP_ON_FAILURE): Keys 'BACK_SPACE + ' sent to object: 'Object Repository/FIM/Sites Page/Site Filtering/Site_txt'

21-10-2025T20:31:30 - [MESSAGE][PASSED] - Keys 'BACK_SPACE + ' sent to object: 'Object Repository/FIM/Sites Page/Site Filtering/Site_txt'

21-10-2025T20:31:30 - [TEST_STEP][PASSED] - (i++): null

21-10-2025T20:31:30 - [TEST_STEP][PASSED] - sendKeys(findTestObject("FIM/Sites Page/Site Filtering/Site_txt"), Keys.chord(BACK_SPACE), STOP_ON_FAILURE): Keys 'BACK_SPACE + ' sent to object: 'Object Repository/FIM/Sites Page/Site Filtering/Site_txt'

21-10-2025T20:31:30 - [MESSAGE][PASSED] - Keys 'BACK_SPACE + ' sent to object: 'Object Repository/FIM/Sites Page/Site Filtering/Site_txt'

21-10-2025T20:31:30 - [TEST_STEP][PASSED] - (i++): null

21-10-2025T20:31:30 - [TEST_STEP][PASSED] - sendKeys(findTestObject("FIM/Sites Page/Site Filtering/Site_txt"), Keys.chord(BACK_SPACE), STOP_ON_FAILURE): Keys 'BACK_SPACE + ' sent to object: 'Object Repository/FIM/Sites Page/Site Filtering/Site_txt'

21-10-2025T20:31:30 - [MESSAGE][PASSED] - Keys 'BACK_SPACE + ' sent to object: 'Object Repository/FIM/Sites Page/Site Filtering/Site_txt'

21-10-2025T20:31:30 - [TEST_STEP][PASSED] - (i++): null

21-10-2025T20:31:30 - [TEST_STEP][PASSED] - sendKeys(findTestObject("FIM/Sites Page/Site Filtering/Site_txt"), Keys.chord(BACK_SPACE), STOP_ON_FAILURE): Keys 'BACK_SPACE + ' sent to object: 'Object Repository/FIM/Sites Page/Site Filtering/Site_txt'

21-10-2025T20:31:30 - [MESSAGE][PASSED] - Keys 'BACK_SPACE + ' sent to object: 'Object Repository/FIM/Sites Page/Site Filtering/Site_txt'

21-10-2025T20:31:30 - [TEST_STEP][PASSED] - (i++): null

21-10-2025T20:31:30 - [TEST_STEP][PASSED] - sendKeys(findTestObject("FIM/Sites Page/Site Filtering/Site_txt"), Keys.chord(BACK_SPACE), STOP_ON_FAILURE): Keys 'BACK_SPACE + ' sent to object: 'Object Repository/FIM/Sites Page/Site Filtering/Site_txt'

21-10-2025T20:31:30 - [MESSAGE][PASSED] - Keys 'BACK_SPACE + ' sent to object: 'Object Repository/FIM/Sites Page/Site Filtering/Site_txt'

21-10-2025T20:31:30 - [TEST_STEP][PASSED] - (i++): null

21-10-2025T20:31:30 - [TEST_STEP][PASSED] - sendKeys(findTestObject("FIM/Sites Page/Site Filtering/Site_txt"), Keys.chord(BACK_SPACE), STOP_ON_FAILURE): Keys 'BACK_SPACE + ' sent to object: 'Object Repository/FIM/Sites Page/Site Filtering/Site_txt'

21-10-2025T20:31:30 - [MESSAGE][PASSED] - Keys 'BACK_SPACE + ' sent to object: 'Object Repository/FIM/Sites Page/Site Filtering/Site_txt'

21-10-2025T20:31:30 - [TEST_STEP][PASSED] - (i++): null

21-10-2025T20:31:30 - [TEST_STEP][PASSED] - sendKeys(findTestObject("FIM/Sites Page/Site Filtering/Site_txt"), Keys.chord(BACK_SPACE), STOP_ON_FAILURE): Keys 'BACK_SPACE + ' sent to object: 'Object Repository/FIM/Sites Page/Site Filtering/Site_txt'

21-10-2025T20:31:30 - [MESSAGE][PASSED] - Keys 'BACK_SPACE + ' sent to object: 'Object Repository/FIM/Sites Page/Site Filtering/Site_txt'

21-10-2025T20:31:30 - [TEST_STEP][PASSED] - (i++): null

21-10-2025T20:31:30 - [TEST_STEP][PASSED] - sendKeys(findTestObject("FIM/Sites Page/Site Filtering/Site_txt"), Keys.chord(BACK_SPACE), STOP_ON_FAILURE): Keys 'BACK_SPACE + ' sent to object: 'Object Repository/FIM/Sites Page/Site Filtering/Site_txt'

21-10-2025T20:31:30 - [MESSAGE][PASSED] - Keys 'BACK_SPACE + ' sent to object: 'Object Repository/FIM/Sites Page/Site Filtering/Site_txt'

21-10-2025T20:31:30 - [TEST_STEP][PASSED] - (i++): null

21-10-2025T20:31:30 - [TEST_STEP][PASSED] - sendKeys(findTestObject("FIM/Sites Page/Site Filtering/Site_txt"), Keys.chord(BACK_SPACE), STOP_ON_FAILURE): Keys 'BACK_SPACE + ' sent to object: 'Object Repository/FIM/Sites Page/Site Filtering/Site_txt'

21-10-2025T20:31:30 - [MESSAGE][PASSED] - Keys 'BACK_SPACE + ' sent to object: 'Object Repository/FIM/Sites Page/Site Filtering/Site_txt'

21-10-2025T20:31:30 - [TEST_STEP][PASSED] - (i++): null

21-10-2025T20:31:30 - [TEST_STEP][PASSED] - sendKeys(findTestObject("FIM/Sites Page/Site Filtering/Site_txt"), Keys.chord(BACK_SPACE), STOP_ON_FAILURE): Keys 'BACK_SPACE + ' sent to object: 'Object Repository/FIM/Sites Page/Site Filtering/Site_txt'

21-10-2025T20:31:30 - [MESSAGE][PASSED] - Keys 'BACK_SPACE + ' sent to object: 'Object Repository/FIM/Sites Page/Site Filtering/Site_txt'

21-10-2025T20:31:30 - [TEST_STEP][PASSED] - (i++): null

21-10-2025T20:31:30 - [TEST_STEP][PASSED] - sendKeys(findTestObject("FIM/Sites Page/Site Filtering/Site_txt"), Keys.chord(BACK_SPACE), STOP_ON_FAILURE): Keys 'BACK_SPACE + ' sent to object: 'Object Repository/FIM/Sites Page/Site Filtering/Site_txt'

21-10-2025T20:31:30 - [MESSAGE][PASSED] - Keys 'BACK_SPACE + ' sent to object: 'Object Repository/FIM/Sites Page/Site Filtering/Site_txt'

21-10-2025T20:31:30 - [TEST_STEP][PASSED] - (i++): null

21-10-2025T20:31:30 - [TEST_STEP][PASSED] - sendKeys(findTestObject("FIM/Sites Page/Site Filtering/Site_txt"), Keys.chord(BACK_SPACE), STOP_ON_FAILURE): Keys 'BACK_SPACE + ' sent to object: 'Object Repository/FIM/Sites Page/Site Filtering/Site_txt'

21-10-2025T20:31:30 - [MESSAGE][PASSED] - Keys 'BACK_SPACE + ' sent to object: 'Object Repository/FIM/Sites Page/Site Filtering/Site_txt'

21-10-2025T20:31:30 - [TEST_STEP][PASSED] - (i++): null

21-10-2025T20:31:30 - [TEST_STEP][PASSED] - sendKeys(findTestObject("FIM/Sites Page/Site Filtering/Site_txt"), Keys.chord(BACK_SPACE), STOP_ON_FAILURE): Keys 'BACK_SPACE + ' sent to object: 'Object Repository/FIM/Sites Page/Site Filtering/Site_txt'

21-10-2025T20:31:30 - [MESSAGE][PASSED] - Keys 'BACK_SPACE + ' sent to object: 'Object Repository/FIM/Sites Page/Site Filtering/Site_txt'

21-10-2025T20:31:30 - [TEST_STEP][PASSED] - (i++): null

21-10-2025T20:31:30 - [TEST_STEP][PASSED] - sendKeys(findTestObject("FIM/Sites Page/Site Filtering/Site_txt"), Keys.chord(BACK_SPACE), STOP_ON_FAILURE): Keys 'BACK_SPACE + ' sent to object: 'Object Repository/FIM/Sites Page/Site Filtering/Site_txt'

21-10-2025T20:31:31 - [MESSAGE][PASSED] - Keys 'BACK_SPACE + ' sent to object: 'Object Repository/FIM/Sites Page/Site Filtering/Site_txt'

21-10-2025T20:31:31 - [TEST_STEP][PASSED] - (i++): null

21-10-2025T20:31:31 - [TEST_STEP][PASSED] - sendKeys(findTestObject("FIM/Sites Page/Site Filtering/Site_txt"), Keys.chord(BACK_SPACE), STOP_ON_FAILURE): Keys 'BACK_SPACE + ' sent to object: 'Object Repository/FIM/Sites Page/Site Filtering/Site_txt'

21-10-2025T20:31:31 - [MESSAGE][PASSED] - Keys 'BACK_SPACE + ' sent to object: 'Object Repository/FIM/Sites Page/Site Filtering/Site_txt'

21-10-2025T20:31:31 - [TEST_STEP][PASSED] - (i++): null

21-10-2025T20:31:31 - [TEST_STEP][PASSED] - sendKeys(findTestObject("FIM/Sites Page/Site Filtering/Site_txt"), Keys.chord(BACK_SPACE), STOP_ON_FAILURE): Keys 'BACK_SPACE + ' sent to object: 'Object Repository/FIM/Sites Page/Site Filtering/Site_txt'

21-10-2025T20:31:31 - [MESSAGE][PASSED] - Keys 'BACK_SPACE + ' sent to object: 'Object Repository/FIM/Sites Page/Site Filtering/Site_txt'

21-10-2025T20:31:31 - [TEST_STEP][PASSED] - (i++): null

21-10-2025T20:31:31 - [TEST_STEP][PASSED] - sendKeys(findTestObject("FIM/Sites Page/Site Filtering/Site_txt"), Keys.chord(BACK_SPACE), STOP_ON_FAILURE): Keys 'BACK_SPACE + ' sent to object: 'Object Repository/FIM/Sites Page/Site Filtering/Site_txt'

21-10-2025T20:31:31 - [MESSAGE][PASSED] - Keys 'BACK_SPACE + ' sent to object: 'Object Repository/FIM/Sites Page/Site Filtering/Site_txt'

21-10-2025T20:31:31 - [TEST_STEP][PASSED] - (i++): null

21-10-2025T20:31:31 - [TEST_STEP][PASSED] - sendKeys(findTestObject("FIM/Sites Page/Site Filtering/Site_txt"), Keys.chord(BACK_SPACE), STOP_ON_FAILURE): Keys 'BACK_SPACE + ' sent to object: 'Object Repository/FIM/Sites Page/Site Filtering/Site_txt'

21-10-2025T20:31:31 - [MESSAGE][PASSED] - Keys 'BACK_SPACE + ' sent to object: 'Object Repository/FIM/Sites Page/Site Filtering/Site_txt'

21-10-2025T20:31:31 - [TEST_STEP][PASSED] - (i++): null

21-10-2025T20:31:31 - [TEST_STEP][PASSED] - sendKeys(findTestObject("FIM/Sites Page/Site Filtering/Site_txt"), Keys.chord(BACK_SPACE), STOP_ON_FAILURE): Keys 'BACK_SPACE + ' sent to object: 'Object Repository/FIM/Sites Page/Site Filtering/Site_txt'

21-10-2025T20:31:31 - [MESSAGE][PASSED] - Keys 'BACK_SPACE + ' sent to object: 'Object Repository/FIM/Sites Page/Site Filtering/Site_txt'

21-10-2025T20:31:31 - [TEST_STEP][PASSED] - (i++): null

21-10-2025T20:31:31 - [TEST_STEP][PASSED] - sendKeys(findTestObject("FIM/Sites Page/Site Filtering/Site_txt"), Keys.chord(BACK_SPACE), STOP_ON_FAILURE): Keys 'BACK_SPACE + ' sent to object: 'Object Repository/FIM/Sites Page/Site Filtering/Site_txt'

21-10-2025T20:31:31 - [MESSAGE][PASSED] - Keys 'BACK_SPACE + ' sent to object: 'Object Repository/FIM/Sites Page/Site Filtering/Site_txt'

21-10-2025T20:31:31 - [TEST_STEP][PASSED] - (i++): null

21-10-2025T20:31:31 - [TEST_STEP][PASSED] - sendKeys(findTestObject("FIM/Sites Page/Site Filtering/Site_txt"), Keys.chord(BACK_SPACE), STOP_ON_FAILURE): Keys 'BACK_SPACE + ' sent to object: 'Object Repository/FIM/Sites Page/Site Filtering/Site_txt'

21-10-2025T20:31:31 - [MESSAGE][PASSED] - Keys 'BACK_SPACE + ' sent to object: 'Object Repository/FIM/Sites Page/Site Filtering/Site_txt'

21-10-2025T20:31:31 - [TEST_STEP][PASSED] - (i++): null

21-10-2025T20:31:31 - [TEST_STEP][PASSED] - sendKeys(findTestObject("FIM/Sites Page/Site Filtering/Site_txt"), Keys.chord(BACK_SPACE), STOP_ON_FAILURE): Keys 'BACK_SPACE + ' sent to object: 'Object Repository/FIM/Sites Page/Site Filtering/Site_txt'

21-10-2025T20:31:31 - [MESSAGE][PASSED] - Keys 'BACK_SPACE + ' sent to object: 'Object Repository/FIM/Sites Page/Site Filtering/Site_txt'

21-10-2025T20:31:31 - [TEST_STEP][PASSED] - (i++): null

21-10-2025T20:31:31 - [TEST_STEP][PASSED] - sendKeys(findTestObject("FIM/Sites Page/Site Filtering/Site_txt"), Keys.chord(BACK_SPACE), STOP_ON_FAILURE): Keys 'BACK_SPACE + ' sent to object: 'Object Repository/FIM/Sites Page/Site Filtering/Site_txt'

21-10-2025T20:31:31 - [MESSAGE][PASSED] - Keys 'BACK_SPACE + ' sent to object: 'Object Repository/FIM/Sites Page/Site Filtering/Site_txt'

21-10-2025T20:31:31 - [TEST_STEP][PASSED] - (i++): null

21-10-2025T20:31:31 - [TEST_STEP][PASSED] - sendKeys(findTestObject("FIM/Sites Page/Site Filtering/Site_txt"), Keys.chord(BACK_SPACE), STOP_ON_FAILURE): Keys 'BACK_SPACE + ' sent to object: 'Object Repository/FIM/Sites Page/Site Filtering/Site_txt'

21-10-2025T20:31:31 - [MESSAGE][PASSED] - Keys 'BACK_SPACE + ' sent to object: 'Object Repository/FIM/Sites Page/Site Filtering/Site_txt'

21-10-2025T20:31:31 - [TEST_STEP][PASSED] - (i++): null

21-10-2025T20:31:31 - [TEST_STEP][PASSED] - sendKeys(findTestObject("FIM/Sites Page/Site Filtering/Site_txt"), Keys.chord(BACK_SPACE), STOP_ON_FAILURE): Keys 'BACK_SPACE + ' sent to object: 'Object Repository/FIM/Sites Page/Site Filtering/Site_txt'

21-10-2025T20:31:31 - [MESSAGE][PASSED] - Keys 'BACK_SPACE + ' sent to object: 'Object Repository/FIM/Sites Page/Site Filtering/Site_txt'

21-10-2025T20:31:31 - [TEST_STEP][PASSED] - (i++): null

21-10-2025T20:31:31 - [TEST_STEP][PASSED] - sendKeys(findTestObject("FIM/Sites Page/Site Filtering/Site_txt"), Keys.chord(BACK_SPACE), STOP_ON_FAILURE): Keys 'BACK_SPACE + ' sent to object: 'Object Repository/FIM/Sites Page/Site Filtering/Site_txt'

21-10-2025T20:31:31 - [MESSAGE][PASSED] - Keys 'BACK_SPACE + ' sent to object: 'Object Repository/FIM/Sites Page/Site Filtering/Site_txt'

21-10-2025T20:31:31 - [TEST_STEP][PASSED] - (i++): null

21-10-2025T20:31:31 - [TEST_STEP][PASSED] - sendKeys(findTestObject("FIM/Sites Page/Site Filtering/Site_txt"), Keys.chord(BACK_SPACE), STOP_ON_FAILURE): Keys 'BACK_SPACE + ' sent to object: 'Object Repository/FIM/Sites Page/Site Filtering/Site_txt'

21-10-2025T20:31:31 - [MESSAGE][PASSED] - Keys 'BACK_SPACE + ' sent to object: 'Object Repository/FIM/Sites Page/Site Filtering/Site_txt'

21-10-2025T20:31:31 - [TEST_STEP][PASSED] - (i++): null

21-10-2025T20:31:31 - [TEST_STEP][PASSED] - sendKeys(findTestObject("FIM/Sites Page/Site Filtering/Site_txt"), Keys.chord(BACK_SPACE), STOP_ON_FAILURE): Keys 'BACK_SPACE + ' sent to object: 'Object Repository/FIM/Sites Page/Site Filtering/Site_txt'

21-10-2025T20:31:31 - [MESSAGE][PASSED] - Keys 'BACK_SPACE + ' sent to object: 'Object Repository/FIM/Sites Page/Site Filtering/Site_txt'

21-10-2025T20:31:31 - [TEST_STEP][PASSED] - (i++): null

21-10-2025T20:31:31 - [TEST_STEP][PASSED] - sendKeys(findTestObject("FIM/Sites Page/Site Filtering/Site_txt"), Keys.chord(BACK_SPACE), STOP_ON_FAILURE): Keys 'BACK_SPACE + ' sent to object: 'Object Repository/FIM/Sites Page/Site Filtering/Site_txt'

21-10-2025T20:31:31 - [MESSAGE][PASSED] - Keys 'BACK_SPACE + ' sent to object: 'Object Repository/FIM/Sites Page/Site Filtering/Site_txt'

21-10-2025T20:31:31 - [TEST_STEP][PASSED] - (i++): null

21-10-2025T20:31:31 - [TEST_STEP][PASSED] - sendKeys(findTestObject("FIM/Sites Page/Site Filtering/Site_txt"), Keys.chord(BACK_SPACE), STOP_ON_FAILURE): Keys 'BACK_SPACE + ' sent to object: 'Object Repository/FIM/Sites Page/Site Filtering/Site_txt'

21-10-2025T20:31:31 - [MESSAGE][PASSED] - Keys 'BACK_SPACE + ' sent to object: 'Object Repository/FIM/Sites Page/Site Filtering/Site_txt'

21-10-2025T20:31:31 - [TEST_STEP][PASSED] - (i++): null

21-10-2025T20:31:31 - [TEST_STEP][PASSED] - sendKeys(findTestObject("FIM/Sites Page/Site Filtering/Site_txt"), Keys.chord(BACK_SPACE), STOP_ON_FAILURE): Keys 'BACK_SPACE + ' sent to object: 'Object Repository/FIM/Sites Page/Site Filtering/Site_txt'

21-10-2025T20:31:32 - [MESSAGE][PASSED] - Keys 'BACK_SPACE + ' sent to object: 'Object Repository/FIM/Sites Page/Site Filtering/Site_txt'

21-10-2025T20:31:32 - [TEST_STEP][PASSED] - (i++): null

21-10-2025T20:31:32 - [TEST_STEP][PASSED] - sendKeys(findTestObject("FIM/Sites Page/Site Filtering/Site_txt"), Keys.chord(BACK_SPACE), STOP_ON_FAILURE): Keys 'BACK_SPACE + ' sent to object: 'Object Repository/FIM/Sites Page/Site Filtering/Site_txt'

21-10-2025T20:31:32 - [MESSAGE][PASSED] - Keys 'BACK_SPACE + ' sent to object: 'Object Repository/FIM/Sites Page/Site Filtering/Site_txt'

21-10-2025T20:31:32 - [TEST_STEP][PASSED] - (i++): null

21-10-2025T20:31:32 - [TEST_STEP][PASSED] - sendKeys(findTestObject("FIM/Sites Page/Site Filtering/Site_txt"), Keys.chord(BACK_SPACE), STOP_ON_FAILURE): Keys 'BACK_SPACE + ' sent to object: 'Object Repository/FIM/Sites Page/Site Filtering/Site_txt'

21-10-2025T20:31:32 - [MESSAGE][PASSED] - Keys 'BACK_SPACE + ' sent to object: 'Object Repository/FIM/Sites Page/Site Filtering/Site_txt'

21-10-2025T20:31:32 - [TEST_STEP][PASSED] - (i++): null

21-10-2025T20:31:32 - [TEST_STEP][PASSED] - sendKeys(findTestObject("FIM/Sites Page/Site Filtering/Site_txt"), Keys.chord(BACK_SPACE), STOP_ON_FAILURE): Keys 'BACK_SPACE + ' sent to object: 'Object Repository/FIM/Sites Page/Site Filtering/Site_txt'

21-10-2025T20:31:32 - [MESSAGE][PASSED] - Keys 'BACK_SPACE + ' sent to object: 'Object Repository/FIM/Sites Page/Site Filtering/Site_txt'

21-10-2025T20:31:32 - [TEST_STEP][PASSED] - (i++): null

21-10-2025T20:31:32 - [TEST_STEP][PASSED] - sendKeys(findTestObject("FIM/Sites Page/Site Filtering/Site_txt"), Keys.chord(BACK_SPACE), STOP_ON_FAILURE): Keys 'BACK_SPACE + ' sent to object: 'Object Repository/FIM/Sites Page/Site Filtering/Site_txt'

21-10-2025T20:31:32 - [MESSAGE][PASSED] - Keys 'BACK_SPACE + ' sent to object: 'Object Repository/FIM/Sites Page/Site Filtering/Site_txt'

21-10-2025T20:31:32 - [TEST_STEP][PASSED] - (i++): null

21-10-2025T20:31:32 - [TEST_STEP][PASSED] - sendKeys(findTestObject("FIM/Sites Page/Site Filtering/Site_txt"), Keys.chord(BACK_SPACE), STOP_ON_FAILURE): Keys 'BACK_SPACE + ' sent to object: 'Object Repository/FIM/Sites Page/Site Filtering/Site_txt'

21-10-2025T20:31:32 - [MESSAGE][PASSED] - Keys 'BACK_SPACE + ' sent to object: 'Object Repository/FIM/Sites Page/Site Filtering/Site_txt'

21-10-2025T20:31:32 - [TEST_STEP][PASSED] - (i++): null

21-10-2025T20:31:32 - [TEST_STEP][PASSED] - sendKeys(findTestObject("FIM/Sites Page/Site Filtering/Site_txt"), Keys.chord(BACK_SPACE), STOP_ON_FAILURE): Keys 'BACK_SPACE + ' sent to object: 'Object Repository/FIM/Sites Page/Site Filtering/Site_txt'

21-10-2025T20:31:32 - [MESSAGE][PASSED] - Keys 'BACK_SPACE + ' sent to object: 'Object Repository/FIM/Sites Page/Site Filtering/Site_txt'

21-10-2025T20:31:32 - [TEST_STEP][PASSED] - (i++): null

21-10-2025T20:31:32 - [TEST_STEP][PASSED] - sendKeys(findTestObject("FIM/Sites Page/Site Filtering/Site_txt"), Keys.chord(BACK_SPACE), STOP_ON_FAILURE): Keys 'BACK_SPACE + ' sent to object: 'Object Repository/FIM/Sites Page/Site Filtering/Site_txt'

21-10-2025T20:31:32 - [MESSAGE][PASSED] - Keys 'BACK_SPACE + ' sent to object: 'Object Repository/FIM/Sites Page/Site Filtering/Site_txt'

21-10-2025T20:31:32 - [TEST_STEP][PASSED] - (i++): null

21-10-2025T20:31:32 - [TEST_STEP][PASSED] - sendKeys(findTestObject("FIM/Sites Page/Site Filtering/Site_txt"), Keys.chord(BACK_SPACE), STOP_ON_FAILURE): Keys 'BACK_SPACE + ' sent to object: 'Object Repository/FIM/Sites Page/Site Filtering/Site_txt'

21-10-2025T20:31:32 - [MESSAGE][PASSED] - Keys 'BACK_SPACE + ' sent to object: 'Object Repository/FIM/Sites Page/Site Filtering/Site_txt'

21-10-2025T20:31:32 - [TEST_STEP][PASSED] - (i++): null

21-10-2025T20:31:32 - [TEST_STEP][PASSED] - sendKeys(findTestObject("FIM/Sites Page/Site Filtering/Site_txt"), Keys.chord(BACK_SPACE), STOP_ON_FAILURE): Keys 'BACK_SPACE + ' sent to object: 'Object Repository/FIM/Sites Page/Site Filtering/Site_txt'

21-10-2025T20:31:32 - [MESSAGE][PASSED] - Keys 'BACK_SPACE + ' sent to object: 'Object Repository/FIM/Sites Page/Site Filtering/Site_txt'

21-10-2025T20:31:32 - [TEST_STEP][PASSED] - (i++): null

21-10-2025T20:31:32 - [TEST_STEP][PASSED] - sendKeys(findTestObject("FIM/Sites Page/Site Filtering/Site_txt"), Keys.chord(BACK_SPACE), STOP_ON_FAILURE): Keys 'BACK_SPACE + ' sent to object: 'Object Repository/FIM/Sites Page/Site Filtering/Site_txt'

21-10-2025T20:31:32 - [MESSAGE][PASSED] - Keys 'BACK_SPACE + ' sent to object: 'Object Repository/FIM/Sites Page/Site Filtering/Site_txt'

21-10-2025T20:31:32 - [TEST_STEP][PASSED] - (i++): null

21-10-2025T20:31:32 - [TEST_STEP][PASSED] - sendKeys(findTestObject("FIM/Sites Page/Site Filtering/Site_txt"), Keys.chord(BACK_SPACE), STOP_ON_FAILURE): Keys 'BACK_SPACE + ' sent to object: 'Object Repository/FIM/Sites Page/Site Filtering/Site_txt'

21-10-2025T20:31:32 - [MESSAGE][PASSED] - Keys 'BACK_SPACE + ' sent to object: 'Object Repository/FIM/Sites Page/Site Filtering/Site_txt'

21-10-2025T20:31:32 - [TEST_STEP][PASSED] - (i++): null

21-10-2025T20:31:32 - [TEST_STEP][PASSED] - sendKeys(findTestObject("FIM/Sites Page/Site Filtering/Site_txt"), Keys.chord(BACK_SPACE), STOP_ON_FAILURE): Keys 'BACK_SPACE + ' sent to object: 'Object Repository/FIM/Sites Page/Site Filtering/Site_txt'

21-10-2025T20:31:32 - [MESSAGE][PASSED] - Keys 'BACK_SPACE + ' sent to object: 'Object Repository/FIM/Sites Page/Site Filtering/Site_txt'

21-10-2025T20:31:32 - [TEST_STEP][PASSED] - (i++): null

21-10-2025T20:31:32 - [TEST_STEP][PASSED] - sendKeys(findTestObject("FIM/Sites Page/Site Filtering/Site_txt"), Keys.chord(BACK_SPACE), STOP_ON_FAILURE): Keys 'BACK_SPACE + ' sent to object: 'Object Repository/FIM/Sites Page/Site Filtering/Site_txt'

21-10-2025T20:31:32 - [MESSAGE][PASSED] - Keys 'BACK_SPACE + ' sent to object: 'Object Repository/FIM/Sites Page/Site Filtering/Site_txt'

21-10-2025T20:31:32 - [TEST_STEP][PASSED] - (i++): null

21-10-2025T20:31:32 - [TEST_STEP][PASSED] - sendKeys(findTestObject("FIM/Sites Page/Site Filtering/Site_txt"), Keys.chord(BACK_SPACE), STOP_ON_FAILURE): Keys 'BACK_SPACE + ' sent to object: 'Object Repository/FIM/Sites Page/Site Filtering/Site_txt'

21-10-2025T20:31:32 - [MESSAGE][PASSED] - Keys 'BACK_SPACE + ' sent to object: 'Object Repository/FIM/Sites Page/Site Filtering/Site_txt'

21-10-2025T20:31:32 - [TEST_STEP][PASSED] - (i++): null

21-10-2025T20:31:32 - [TEST_STEP][PASSED] - sendKeys(findTestObject("FIM/Sites Page/Site Filtering/Site_txt"), Keys.chord(BACK_SPACE), STOP_ON_FAILURE): Keys 'BACK_SPACE + ' sent to object: 'Object Repository/FIM/Sites Page/Site Filtering/Site_txt'

21-10-2025T20:31:32 - [MESSAGE][PASSED] - Keys 'BACK_SPACE + ' sent to object: 'Object Repository/FIM/Sites Page/Site Filtering/Site_txt'

21-10-2025T20:31:32 - [TEST_STEP][PASSED] - (i++): null

21-10-2025T20:31:32 - [TEST_STEP][PASSED] - sendKeys(findTestObject("FIM/Sites Page/Site Filtering/Site_txt"), Keys.chord(BACK_SPACE), STOP_ON_FAILURE): Keys 'BACK_SPACE + ' sent to object: 'Object Repository/FIM/Sites Page/Site Filtering/Site_txt'

21-10-2025T20:31:32 - [MESSAGE][PASSED] - Keys 'BACK_SPACE + ' sent to object: 'Object Repository/FIM/Sites Page/Site Filtering/Site_txt'

21-10-2025T20:31:32 - [TEST_STEP][PASSED] - (i++): null

21-10-2025T20:31:32 - [TEST_STEP][PASSED] - sendKeys(findTestObject("FIM/Sites Page/Site Filtering/Site_txt"), Keys.chord(BACK_SPACE), STOP_ON_FAILURE): Keys 'BACK_SPACE + ' sent to object: 'Object Repository/FIM/Sites Page/Site Filtering/Site_txt'

21-10-2025T20:31:33 - [MESSAGE][PASSED] - Keys 'BACK_SPACE + ' sent to object: 'Object Repository/FIM/Sites Page/Site Filtering/Site_txt'

21-10-2025T20:31:33 - [TEST_STEP][PASSED] - (i++): null

21-10-2025T20:31:33 - [TEST_STEP][PASSED] - sendKeys(findTestObject("FIM/Sites Page/Site Filtering/Site_txt"), Keys.chord(BACK_SPACE), STOP_ON_FAILURE): Keys 'BACK_SPACE + ' sent to object: 'Object Repository/FIM/Sites Page/Site Filtering/Site_txt'

21-10-2025T20:31:33 - [MESSAGE][PASSED] - Keys 'BACK_SPACE + ' sent to object: 'Object Repository/FIM/Sites Page/Site Filtering/Site_txt'

21-10-2025T20:31:33 - [TEST_STEP][PASSED] - (i++): null

21-10-2025T20:31:33 - [TEST_STEP][PASSED] - sendKeys(findTestObject("FIM/Sites Page/Site Filtering/Site_txt"), Keys.chord(BACK_SPACE), STOP_ON_FAILURE): Keys 'BACK_SPACE + ' sent to object: 'Object Repository/FIM/Sites Page/Site Filtering/Site_txt'

21-10-2025T20:31:33 - [MESSAGE][PASSED] - Keys 'BACK_SPACE + ' sent to object: 'Object Repository/FIM/Sites Page/Site Filtering/Site_txt'

21-10-2025T20:31:33 - [TEST_STEP][PASSED] - (i++): null

21-10-2025T20:31:33 - [TEST_STEP][PASSED] - sendKeys(findTestObject("FIM/Sites Page/Site Filtering/Site_txt"), Keys.chord(BACK_SPACE), STOP_ON_FAILURE): Keys 'BACK_SPACE + ' sent to object: 'Object Repository/FIM/Sites Page/Site Filtering/Site_txt'

21-10-2025T20:31:33 - [MESSAGE][PASSED] - Keys 'BACK_SPACE + ' sent to object: 'Object Repository/FIM/Sites Page/Site Filtering/Site_txt'

21-10-2025T20:31:33 - [TEST_STEP][PASSED] - (i++): null

21-10-2025T20:31:33 - [TEST_STEP][PASSED] - sendKeys(findTestObject("FIM/Sites Page/Site Filtering/Site_txt"), Keys.chord(BACK_SPACE), STOP_ON_FAILURE): Keys 'BACK_SPACE + ' sent to object: 'Object Repository/FIM/Sites Page/Site Filtering/Site_txt'

21-10-2025T20:31:33 - [MESSAGE][PASSED] - Keys 'BACK_SPACE + ' sent to object: 'Object Repository/FIM/Sites Page/Site Filtering/Site_txt'

21-10-2025T20:31:33 - [TEST_STEP][PASSED] - (i++): null

21-10-2025T20:31:33 - [TEST_STEP][PASSED] - sendKeys(findTestObject("FIM/Sites Page/Site Filtering/Site_txt"), Keys.chord(BACK_SPACE), STOP_ON_FAILURE): Keys 'BACK_SPACE + ' sent to object: 'Object Repository/FIM/Sites Page/Site Filtering/Site_txt'

21-10-2025T20:31:33 - [MESSAGE][PASSED] - Keys 'BACK_SPACE + ' sent to object: 'Object Repository/FIM/Sites Page/Site Filtering/Site_txt'

21-10-2025T20:31:33 - [TEST_STEP][PASSED] - (i++): null

21-10-2025T20:31:33 - [TEST_STEP][PASSED] - sendKeys(findTestObject("FIM/Sites Page/Site Filtering/Site_txt"), Keys.chord(BACK_SPACE), STOP_ON_FAILURE): Keys 'BACK_SPACE + ' sent to object: 'Object Repository/FIM/Sites Page/Site Filtering/Site_txt'

21-10-2025T20:31:33 - [MESSAGE][PASSED] - Keys 'BACK_SPACE + ' sent to object: 'Object Repository/FIM/Sites Page/Site Filtering/Site_txt'

21-10-2025T20:31:33 - [TEST_STEP][PASSED] - (i++): null

21-10-2025T20:31:33 - [TEST_STEP][PASSED] - sendKeys(findTestObject("FIM/Sites Page/Site Filtering/Site_txt"), Keys.chord(BACK_SPACE), STOP_ON_FAILURE): Keys 'BACK_SPACE + ' sent to object: 'Object Repository/FIM/Sites Page/Site Filtering/Site_txt'

21-10-2025T20:31:33 - [MESSAGE][PASSED] - Keys 'BACK_SPACE + ' sent to object: 'Object Repository/FIM/Sites Page/Site Filtering/Site_txt'

21-10-2025T20:31:33 - [TEST_STEP][PASSED] - (i++): null

21-10-2025T20:31:33 - [TEST_STEP][PASSED] - sendKeys(findTestObject("FIM/Sites Page/Site Filtering/Site_txt"), "TURK132 - 798 North", STOP_ON_FAILURE): Keys 'TURK132 - 798 North' sent to object: 'Object Repository/FIM/Sites Page/Site Filtering/Site_txt'

21-10-2025T20:31:33 - [MESSAGE][PASSED] - Keys 'TURK132 - 798 North' sent to object: 'Object Repository/FIM/Sites Page/Site Filtering/Site_txt'

21-10-2025T20:31:33 - [TEST_STEP][PASSED] - sendKeys(findTestObject("FIM/Sites Page/Site Filtering/Site_txt"), Keys.chord(ENTER), STOP_ON_FAILURE): Keys 'ENTER + ' sent to object: 'Object Repository/FIM/Sites Page/Site Filtering/Site_txt'

21-10-2025T20:31:33 - [MESSAGE][PASSED] - Keys 'ENTER + ' sent to object: 'Object Repository/FIM/Sites Page/Site Filtering/Site_txt'

21-10-2025T20:31:33 - [TEST_STEP][PASSED] - delay(1): Delayed 1 second(s)

21-10-2025T20:31:34 - [MESSAGE][PASSED] - Delayed 1 second(s)

21-10-2025T20:31:34 - [TEST_STEP][PASSED] - waitForElementClickable(findTestObject("FIM/Sites Page/Inventories/Edit/Threshold/Tank Edit Button (KGL)"), 300): Object 'Object Repository/FIM/Sites Page/Inventories/Edit/Threshold/Tank Edit Button (KGL)' is clickable

21-10-2025T20:31:34 - [MESSAGE][PASSED] - Object 'Object Repository/FIM/Sites Page/Inventories/Edit/Threshold/Tank Edit Button (KGL)' is clickable

21-10-2025T20:31:34 - [TEST_STEP][PASSED] - click(findTestObject("FIM/Sites Page/Inventories/Edit/Threshold/Tank Edit Button (KGL)")): Object: 'Object Repository/FIM/Sites Page/Inventories/Edit/Threshold/Tank Edit Button (KGL)' is clicked on

21-10-2025T20:31:35 - [MESSAGE][PASSED] - Object: 'Object Repository/FIM/Sites Page/Inventories/Edit/Threshold/Tank Edit Button (KGL)' is clicked on

21-10-2025T20:31:35 - [TEST_STEP][PASSED] - clearText(findTestObject("FIM/Sites Page/Inventories/Edit/Threshold/Threshold_txt (KGL)")): Text of object 'Object Repository/FIM/Sites Page/Inventories/Edit/Threshold/Threshold_txt (KGL)' is cleared

21-10-2025T20:31:35 - [MESSAGE][PASSED] - Text of object 'Object Repository/FIM/Sites Page/Inventories/Edit/Threshold/Threshold_txt (KGL)' is cleared

21-10-2025T20:31:35 - [TEST_STEP][PASSED] - sendKeys(findTestObject("FIM/Sites Page/Inventories/Edit/Threshold/Threshold_txt (KGL)"), "4000"): Keys '4000' sent to object: 'Object Repository/FIM/Sites Page/Inventories/Edit/Threshold/Threshold_txt (KGL)'

21-10-2025T20:31:35 - [MESSAGE][PASSED] - Keys '4000' sent to object: 'Object Repository/FIM/Sites Page/Inventories/Edit/Threshold/Threshold_txt (KGL)'

21-10-2025T20:31:35 - [TEST_STEP][PASSED] - click(findTestObject("FIM/Sites Page/Inventories/Edit/Sales/Edit Save_btn")): Object: 'Object Repository/FIM/Sites Page/Inventories/Edit/Sales/Edit Save_btn' is clicked on

21-10-2025T20:31:35 - [MESSAGE][PASSED] - Object: 'Object Repository/FIM/Sites Page/Inventories/Edit/Sales/Edit Save_btn' is clicked on

21-10-2025T20:31:35 - [TEST_STEP][PASSED] - waitForElementPresent(findTestObject("FIM/Sites Page/Inventories/Edit/Threshold/Edit Threshold Success Message"), 10): Object 'Object Repository/FIM/Sites Page/Inventories/Edit/Threshold/Edit Threshold Success Message' is present

21-10-2025T20:31:35 - [MESSAGE][PASSED] - Object 'Object Repository/FIM/Sites Page/Inventories/Edit/Threshold/Edit Threshold Success Message' is present

21-10-2025T20:31:35 - [TEST_STEP][PASSED] - verifyElementVisible(findTestObject("FIM/Sites Page/Inventories/Edit/Threshold/Edit Threshold Success Message")): Object 'Object Repository/FIM/Sites Page/Inventories/Edit/Threshold/Edit Threshold Success Message' is visible

21-10-2025T20:31:35 - [MESSAGE][PASSED] - Object 'Object Repository/FIM/Sites Page/Inventories/Edit/Threshold/Edit Threshold Success Message' is visible

21-10-2025T20:31:35 - [TEST_STEP][PASSED] - verifyElementText(findTestObject("FIM/Sites Page/Inventories/Edit/Threshold/Edit Threshold Success Message"), "Tank was updated successfully"): Actual text and expected text of test object 'Object Repository/FIM/Sites Page/Inventories/Edit/Threshold/Edit Threshold Success Message' are matched.

21-10-2025T20:31:35 - [MESSAGE][PASSED] - Actual text and expected text of test object 'Object Repository/FIM/Sites Page/Inventories/Edit/Threshold/Edit Threshold Success Message' are matched.

21-10-2025T20:31:35 - [TEST_STEP][PASSED] - Start listener action : retryOnDisconnect: null

21-10-2025T20:31:35 - [TEST_STEP][PASSED] - tcId = testCaseContext.getTestCaseId(): null

21-10-2025T20:31:35 - [TEST_STEP][PASSED] - currentRetry = retryCounts.getOrDefault(tcId, 0): null

21-10-2025T20:31:35 - [TEST_STEP][PASSED] - if (testCaseContext.getTestCaseStatus() == "FAILED" && currentRetry < MAX_RETRIES): null]]></system-out>
         <system-err><![CDATA[]]></system-err>
      </testcase>
      <testcase name="Test Cases/FIM/UI/KGL/Admin/Sites Page/Inventories/Edit Inventory" time="67.032" classname="Test Cases/FIM/UI/KGL/Admin/Sites Page/Inventories/Edit Inventory" status="FAILED">
         <failure type="FAILED" message="Test Cases/FIM/UI/KGL/Admin/Sites Page/Inventories/Edit Inventory FAILED.&#xa;Reason:&#xa;com.kms.katalon.core.exception.StepFailedException: Unable to clear text of object 'Object Repository/FIM/Sites Page/Inventories/Edit/Inventory History/Edit Turk101_Inventory_10UNL_txt'&#xa;	at com.kms.katalon.core.webui.keyword.internal.WebUIKeywordMain.stepFailed(WebUIKeywordMain.groovy:117)&#xa;	at com.kms.katalon.core.webui.keyword.internal.WebUIKeywordMain.runKeyword(WebUIKeywordMain.groovy:78)&#xa;	at com.kms.katalon.core.webui.keyword.builtin.ClearTextKeyword.clearText(ClearTextKeyword.groovy:61)&#xa;	at com.kms.katalon.core.webui.keyword.builtin.ClearTextKeyword.execute(ClearTextKeyword.groovy:35)&#xa;	at com.kms.katalon.core.keyword.internal.KeywordExecutor.executeKeywordForPlatform(KeywordExecutor.groovy:74)&#xa;	at com.kms.katalon.core.webui.keyword.WebUiBuiltInKeywords.clearText(WebUiBuiltInKeywords.groovy:4989)&#xa;	at com.kms.katalon.core.webui.keyword.WebUiBuiltInKeywords$clearText$17.call(Unknown Source)&#xa;	at Edit Inventory.run(Edit Inventory:66)&#xa;	at com.kms.katalon.core.main.ScriptEngine.run(ScriptEngine.java:194)&#xa;	at com.kms.katalon.core.main.ScriptEngine.runScriptAsRawText(ScriptEngine.java:119)&#xa;	at com.kms.katalon.core.main.TestCaseExecutor.runScript(TestCaseExecutor.java:448)&#xa;	at com.kms.katalon.core.main.TestCaseExecutor.doExecute(TestCaseExecutor.java:439)&#xa;	at com.kms.katalon.core.main.TestCaseExecutor.processExecutionPhase(TestCaseExecutor.java:418)&#xa;	at com.kms.katalon.core.main.TestCaseExecutor.accessMainPhase(TestCaseExecutor.java:410)&#xa;	at com.kms.katalon.core.main.TestCaseExecutor.execute(TestCaseExecutor.java:285)&#xa;	at com.kms.katalon.core.common.CommonExecutor.accessTestCaseMainPhase(CommonExecutor.java:65)&#xa;	at com.kms.katalon.core.main.TestSuiteExecutor.accessTestSuiteMainPhase(TestSuiteExecutor.java:150)&#xa;	at com.kms.katalon.core.main.TestSuiteExecutor.execute(TestSuiteExecutor.java:106)&#xa;	at com.kms.katalon.core.main.TestCaseMain.startTestSuite(TestCaseMain.java:180)&#xa;	at com.kms.katalon.core.main.TestCaseMain$startTestSuite$0.call(Unknown Source)&#xa;	at TempTestSuite1761090764033.run(TempTestSuite1761090764033.groovy:35)&#xa;	at java.base/jdk.internal.reflect.NativeMethodAccessorImpl.invoke0(Native Method)&#xa;	at java.base/jdk.internal.reflect.NativeMethodAccessorImpl.invoke(NativeMethodAccessorImpl.java:77)&#xa;	at java.base/jdk.internal.reflect.DelegatingMethodAccessorImpl.invoke(DelegatingMethodAccessorImpl.java:43)&#xa;Caused by: com.kms.katalon.core.webui.exception.WebElementNotFoundException: Web element with id: 'Object Repository/FIM/Sites Page/Inventories/Edit/Inventory History/Edit Turk101_Inventory_10UNL_txt' located by '/html/body/div/div[2]/div/div/div[6]/div[2]/div/div[1]/div/div/div/div/form/div/div[2]/div/div/input' not found&#xa;	at com.kms.katalon.core.webui.common.WebUiCommonHelper.findWebElement(WebUiCommonHelper.java:1423)&#xa;	at com.kms.katalon.core.webui.keyword.internal.WebUIAbstractKeyword.findWebElement(WebUIAbstractKeyword.groovy:27)&#xa;	at com.kms.katalon.core.webui.keyword.internal.WebUIAbstractKeyword.findWebElement(WebUIAbstractKeyword.groovy:26)&#xa;	at com.kms.katalon.core.webui.keyword.builtin.ClearTextKeyword$_clearText_closure1.doCall(ClearTextKeyword.groovy:45)&#xa;	at com.kms.katalon.core.webui.keyword.builtin.ClearTextKeyword$_clearText_closure1.call(ClearTextKeyword.groovy)&#xa;	at com.kms.katalon.core.webui.keyword.internal.WebUIKeywordMain.runKeyword(WebUIKeywordMain.groovy:67)&#xa;	... 22 more&#xa;"/>
         <system-out><![CDATA[21-10-2025T20:31:35 - [TEST_CASE][FAILED] - Test Cases/FIM/UI/KGL/Admin/Sites Page/Inventories/Edit Inventory: Test Cases/FIM/UI/KGL/Admin/Sites Page/Inventories/Edit Inventory FAILED.
Reason:
com.kms.katalon.core.exception.StepFailedException: Unable to clear text of object 'Object Repository/FIM/Sites Page/Inventories/Edit/Inventory History/Edit Turk101_Inventory_10UNL_txt'
	at com.kms.katalon.core.webui.keyword.internal.WebUIKeywordMain.stepFailed(WebUIKeywordMain.groovy:117)
	at com.kms.katalon.core.webui.keyword.internal.WebUIKeywordMain.runKeyword(WebUIKeywordMain.groovy:78)
	at com.kms.katalon.core.webui.keyword.builtin.ClearTextKeyword.clearText(ClearTextKeyword.groovy:61)
	at com.kms.katalon.core.webui.keyword.builtin.ClearTextKeyword.execute(ClearTextKeyword.groovy:35)
	at com.kms.katalon.core.keyword.internal.KeywordExecutor.executeKeywordForPlatform(KeywordExecutor.groovy:74)
	at com.kms.katalon.core.webui.keyword.WebUiBuiltInKeywords.clearText(WebUiBuiltInKeywords.groovy:4989)
	at com.kms.katalon.core.webui.keyword.WebUiBuiltInKeywords$clearText$17.call(Unknown Source)
	at Edit Inventory.run(Edit Inventory:66)
	at com.kms.katalon.core.main.ScriptEngine.run(ScriptEngine.java:194)
	at com.kms.katalon.core.main.ScriptEngine.runScriptAsRawText(ScriptEngine.java:119)
	at com.kms.katalon.core.main.TestCaseExecutor.runScript(TestCaseExecutor.java:448)
	at com.kms.katalon.core.main.TestCaseExecutor.doExecute(TestCaseExecutor.java:439)
	at com.kms.katalon.core.main.TestCaseExecutor.processExecutionPhase(TestCaseExecutor.java:418)
	at com.kms.katalon.core.main.TestCaseExecutor.accessMainPhase(TestCaseExecutor.java:410)
	at com.kms.katalon.core.main.TestCaseExecutor.execute(TestCaseExecutor.java:285)
	at com.kms.katalon.core.common.CommonExecutor.accessTestCaseMainPhase(CommonExecutor.java:65)
	at com.kms.katalon.core.main.TestSuiteExecutor.accessTestSuiteMainPhase(TestSuiteExecutor.java:150)
	at com.kms.katalon.core.main.TestSuiteExecutor.execute(TestSuiteExecutor.java:106)
	at com.kms.katalon.core.main.TestCaseMain.startTestSuite(TestCaseMain.java:180)
	at com.kms.katalon.core.main.TestCaseMain$startTestSuite$0.call(Unknown Source)
	at TempTestSuite1761090764033.run(TempTestSuite1761090764033.groovy:35)
	at java.base/jdk.internal.reflect.NativeMethodAccessorImpl.invoke0(Native Method)
	at java.base/jdk.internal.reflect.NativeMethodAccessorImpl.invoke(NativeMethodAccessorImpl.java:77)
	at java.base/jdk.internal.reflect.DelegatingMethodAccessorImpl.invoke(DelegatingMethodAccessorImpl.java:43)
Caused by: com.kms.katalon.core.webui.exception.WebElementNotFoundException: Web element with id: 'Object Repository/FIM/Sites Page/Inventories/Edit/Inventory History/Edit Turk101_Inventory_10UNL_txt' located by '/html/body/div/div[2]/div/div/div[6]/div[2]/div/div[1]/div/div/div/div/form/div/div[2]/div/div/input' not found
	at com.kms.katalon.core.webui.common.WebUiCommonHelper.findWebElement(WebUiCommonHelper.java:1423)
	at com.kms.katalon.core.webui.keyword.internal.WebUIAbstractKeyword.findWebElement(WebUIAbstractKeyword.groovy:27)
	at com.kms.katalon.core.webui.keyword.internal.WebUIAbstractKeyword.findWebElement(WebUIAbstractKeyword.groovy:26)
	at com.kms.katalon.core.webui.keyword.builtin.ClearTextKeyword$_clearText_closure1.doCall(ClearTextKeyword.groovy:45)
	at com.kms.katalon.core.webui.keyword.builtin.ClearTextKeyword$_clearText_closure1.call(ClearTextKeyword.groovy)
	at com.kms.katalon.core.webui.keyword.internal.WebUIKeywordMain.runKeyword(WebUIKeywordMain.groovy:67)
	... 22 more


21-10-2025T20:31:35 - [TEST_STEP][PASSED] - Start listener action : beforeTestCase: null

21-10-2025T20:31:35 - [TEST_STEP][PASSED] - addDefaultPackages(): null

21-10-2025T20:31:35 - [TEST_STEP][PASSED] - callTestCase(findTestCase("Utility Scripts/FIM KGL Admin Login"), [:], STOP_ON_FAILURE): Call Test Case 'Test Cases/Utility Scripts/FIM KGL Admin Login' successfully

21-10-2025T20:31:35 - [TEST_CASE][PASSED] - Test Cases/Utility Scripts/FIM KGL Admin Login: Test Cases/Utility Scripts/FIM KGL Admin Login

21-10-2025T20:31:35 - [TEST_STEP][PASSED] - openBrowser(""): Browser is opened with url: ''

21-10-2025T20:31:35 - [MESSAGE][WARNING] - A browser is already opened. Closing browser and opening a new one

21-10-2025T20:31:36 - [MESSAGE][INFO] - Starting 'Chrome' driver

21-10-2025T20:31:36 - [MESSAGE][INFO] - User set preference: ['args', '[--no-sandbox, --disable-gpu, --disable-dev-shm-usage]']

21-10-2025T20:31:36 - [MESSAGE][INFO] - Action delay is set to 0 milliseconds

21-10-2025T20:31:36 - [MESSAGE][PASSED] - Browser is opened with url: ''

21-10-2025T20:31:36 - [TEST_STEP][PASSED] - delay(1): Delayed 1 second(s)

21-10-2025T20:31:37 - [MESSAGE][PASSED] - Delayed 1 second(s)

21-10-2025T20:31:37 - [TEST_STEP][PASSED] - navigateToUrl(KGLCustomGroupUrl): Navigate to 'https://kaglogistics-inventory-management-portal.qa.thekag.com/custom-group/' successfully

21-10-2025T20:31:38 - [MESSAGE][PASSED] - Navigate to 'https://kaglogistics-inventory-management-portal.qa.thekag.com/custom-group/' successfully

21-10-2025T20:31:38 - [TEST_STEP][PASSED] - delay(10): Delayed 10 second(s)

21-10-2025T20:31:48 - [MESSAGE][PASSED] - Delayed 10 second(s)

21-10-2025T20:31:48 - [TEST_STEP][PASSED] - if (maximizeWindow == true): Delayed 1 second(s)

21-10-2025T20:31:48 - [TEST_STEP][PASSED] - maximizeWindow(STOP_ON_FAILURE): Current window maximized

21-10-2025T20:31:48 - [MESSAGE][PASSED] - Current window maximized

21-10-2025T20:31:48 - [TEST_STEP][PASSED] - delay(1): Delayed 1 second(s)

21-10-2025T20:31:49 - [MESSAGE][PASSED] - Delayed 1 second(s)

21-10-2025T20:31:49 - [TEST_STEP][PASSED] - waitForElementPresent(findTestObject("FIM/Username_txt"), 10): Object 'Object Repository/FIM/Username_txt' is present

21-10-2025T20:31:49 - [MESSAGE][PASSED] - Object 'Object Repository/FIM/Username_txt' is present

21-10-2025T20:31:49 - [TEST_STEP][PASSED] - setText(findTestObject("FIM/Username_txt"), FIMUsername): Text 'Chris.Sheldon+DES_QA@Thekag.com' is set on object 'Object Repository/FIM/Username_txt'

21-10-2025T20:31:49 - [MESSAGE][PASSED] - Text 'Chris.Sheldon+DES_QA@Thekag.com' is set on object 'Object Repository/FIM/Username_txt'

21-10-2025T20:31:49 - [TEST_STEP][PASSED] - delay(1): Delayed 1 second(s)

21-10-2025T20:31:50 - [MESSAGE][PASSED] - Delayed 1 second(s)

21-10-2025T20:31:50 - [TEST_STEP][PASSED] - setText(findTestObject("FIM/Password_txt"), FIMPassword): Text 'QATest!2' is set on object 'Object Repository/FIM/Password_txt'

21-10-2025T20:31:50 - [MESSAGE][PASSED] - Text 'QATest!2' is set on object 'Object Repository/FIM/Password_txt'

21-10-2025T20:31:50 - [TEST_STEP][PASSED] - delay(1): Delayed 1 second(s)

21-10-2025T20:31:51 - [MESSAGE][PASSED] - Delayed 1 second(s)

21-10-2025T20:31:51 - [TEST_STEP][PASSED] - click(findTestObject("FIM/Login_btn")): Object: 'Object Repository/FIM/Login_btn' is clicked on

21-10-2025T20:31:51 - [MESSAGE][PASSED] - Object: 'Object Repository/FIM/Login_btn' is clicked on

21-10-2025T20:31:51 - [MESSAGE][PASSED] - Call Test Case 'Test Cases/Utility Scripts/FIM KGL Admin Login' successfully

21-10-2025T20:31:51 - [TEST_STEP][PASSED] - if (verifyElementVisible(findTestObject("FIM/Server_Notification_Close_btn"), OPTIONAL) == true): Web element with id: 'Object Repository/FIM/Server_Notification_Close_btn' located by '/html/body/div/div[1]/button' not found (Root cause: com.kms.katalon.core.exception.StepFailedException: Web element with id: 'Object Repository/FIM/Server_Notification_Close_btn' located by '/html/body/div/div[1]/button' not found
	at com.kms.katalon.core.webui.keyword.internal.WebUIKeywordMain.stepFailed(WebUIKeywordMain.groovy:117)
	at com.kms.katalon.core.webui.keyword.builtin.VerifyElementVisibleKeyword$_verifyElementVisible_closure1.doCall(VerifyElementVisibleKeyword.groovy:89)
	at com.kms.katalon.core.webui.keyword.builtin.VerifyElementVisibleKeyword$_verifyElementVisible_closure1.call(VerifyElementVisibleKeyword.groovy)
	at com.kms.katalon.core.webui.keyword.internal.WebUIKeywordMain.runKeyword(WebUIKeywordMain.groovy:35)
	at com.kms.katalon.core.webui.keyword.builtin.VerifyElementVisibleKeyword.verifyElementVisible(VerifyElementVisibleKeyword.groovy:97)
	at com.kms.katalon.core.webui.keyword.builtin.VerifyElementVisibleKeyword.execute(VerifyElementVisibleKeyword.groovy:67)
	at com.kms.katalon.core.keyword.internal.KeywordExecutor.executeKeywordForPlatform(KeywordExecutor.groovy:74)
	at com.kms.katalon.core.webui.keyword.WebUiBuiltInKeywords.verifyElementVisible(WebUiBuiltInKeywords.groovy:401)
	at com.kms.katalon.core.webui.keyword.WebUiBuiltInKeywords$verifyElementVisible$5.call(Unknown Source)
	at Edit Inventory.run(Edit Inventory:22)
	at com.kms.katalon.core.main.ScriptEngine.run(ScriptEngine.java:194)
	at com.kms.katalon.core.main.ScriptEngine.runScriptAsRawText(ScriptEngine.java:119)
	at com.kms.katalon.core.main.TestCaseExecutor.runScript(TestCaseExecutor.java:448)
	at com.kms.katalon.core.main.TestCaseExecutor.doExecute(TestCaseExecutor.java:439)
	at com.kms.katalon.core.main.TestCaseExecutor.processExecutionPhase(TestCaseExecutor.java:418)
	at com.kms.katalon.core.main.TestCaseExecutor.accessMainPhase(TestCaseExecutor.java:410)
	at com.kms.katalon.core.main.TestCaseExecutor.execute(TestCaseExecutor.java:285)
	at com.kms.katalon.core.common.CommonExecutor.accessTestCaseMainPhase(CommonExecutor.java:65)
	at com.kms.katalon.core.main.TestSuiteExecutor.accessTestSuiteMainPhase(TestSuiteExecutor.java:150)
	at com.kms.katalon.core.main.TestSuiteExecutor.execute(TestSuiteExecutor.java:106)
	at com.kms.katalon.core.main.TestCaseMain.startTestSuite(TestCaseMain.java:180)
	at com.kms.katalon.core.main.TestCaseMain$startTestSuite$0.call(Unknown Source)
	at TempTestSuite1761090764033.run(TempTestSuite1761090764033.groovy:35)
	at java.base/jdk.internal.reflect.NativeMethodAccessorImpl.invoke0(Native Method)
	at java.base/jdk.internal.reflect.NativeMethodAccessorImpl.invoke(NativeMethodAccessorImpl.java:77)
	at java.base/jdk.internal.reflect.DelegatingMethodAccessorImpl.invoke(DelegatingMethodAccessorImpl.java:43)
)

21-10-2025T20:32:07 - [MESSAGE][INFO] - Unable to find the element located by 'By.xpath: /html/body/div/div[1]/button'. Please recheck the objects properties to make sure the desired element is located. 

21-10-2025T20:32:07 - [MESSAGE][WARNING] - [SELF-HEALING] Failed to find element with id 'Object Repository/FIM/Server_Notification_Close_btn'. Try using Self-healing.

21-10-2025T20:32:08 - [MESSAGE][INFO] - [SELF-HEALING] No working XPath is found.

21-10-2025T20:32:10 - [MESSAGE][INFO] - Unable to find the element located by 'By.xpath: '. Please recheck the objects properties to make sure the desired element is located. 

21-10-2025T20:32:10 - [MESSAGE][WARNING] - [SELF-HEALING] Cannot find elements when the selector is null

21-10-2025T20:32:10 - [MESSAGE][WARNING] - Web element with id: 'Object Repository/FIM/Server_Notification_Close_btn' located by '/html/body/div/div[1]/button' not found (Root cause: com.kms.katalon.core.exception.StepFailedException: Web element with id: 'Object Repository/FIM/Server_Notification_Close_btn' located by '/html/body/div/div[1]/button' not found
	at com.kms.katalon.core.webui.keyword.internal.WebUIKeywordMain.stepFailed(WebUIKeywordMain.groovy:117)
	at com.kms.katalon.core.webui.keyword.builtin.VerifyElementVisibleKeyword$_verifyElementVisible_closure1.doCall(VerifyElementVisibleKeyword.groovy:89)
	at com.kms.katalon.core.webui.keyword.builtin.VerifyElementVisibleKeyword$_verifyElementVisible_closure1.call(VerifyElementVisibleKeyword.groovy)
	at com.kms.katalon.core.webui.keyword.internal.WebUIKeywordMain.runKeyword(WebUIKeywordMain.groovy:35)
	at com.kms.katalon.core.webui.keyword.builtin.VerifyElementVisibleKeyword.verifyElementVisible(VerifyElementVisibleKeyword.groovy:97)
	at com.kms.katalon.core.webui.keyword.builtin.VerifyElementVisibleKeyword.execute(VerifyElementVisibleKeyword.groovy:67)
	at com.kms.katalon.core.keyword.internal.KeywordExecutor.executeKeywordForPlatform(KeywordExecutor.groovy:74)
	at com.kms.katalon.core.webui.keyword.WebUiBuiltInKeywords.verifyElementVisible(WebUiBuiltInKeywords.groovy:401)
	at com.kms.katalon.core.webui.keyword.WebUiBuiltInKeywords$verifyElementVisible$5.call(Unknown Source)
	at Edit Inventory.run(Edit Inventory:22)
	at com.kms.katalon.core.main.ScriptEngine.run(ScriptEngine.java:194)
	at com.kms.katalon.core.main.ScriptEngine.runScriptAsRawText(ScriptEngine.java:119)
	at com.kms.katalon.core.main.TestCaseExecutor.runScript(TestCaseExecutor.java:448)
	at com.kms.katalon.core.main.TestCaseExecutor.doExecute(TestCaseExecutor.java:439)
	at com.kms.katalon.core.main.TestCaseExecutor.processExecutionPhase(TestCaseExecutor.java:418)
	at com.kms.katalon.core.main.TestCaseExecutor.accessMainPhase(TestCaseExecutor.java:410)
	at com.kms.katalon.core.main.TestCaseExecutor.execute(TestCaseExecutor.java:285)
	at com.kms.katalon.core.common.CommonExecutor.accessTestCaseMainPhase(CommonExecutor.java:65)
	at com.kms.katalon.core.main.TestSuiteExecutor.accessTestSuiteMainPhase(TestSuiteExecutor.java:150)
	at com.kms.katalon.core.main.TestSuiteExecutor.execute(TestSuiteExecutor.java:106)
	at com.kms.katalon.core.main.TestCaseMain.startTestSuite(TestCaseMain.java:180)
	at com.kms.katalon.core.main.TestCaseMain$startTestSuite$0.call(Unknown Source)
	at TempTestSuite1761090764033.run(TempTestSuite1761090764033.groovy:35)
	at java.base/jdk.internal.reflect.NativeMethodAccessorImpl.invoke0(Native Method)
	at java.base/jdk.internal.reflect.NativeMethodAccessorImpl.invoke(NativeMethodAccessorImpl.java:77)
	at java.base/jdk.internal.reflect.DelegatingMethodAccessorImpl.invoke(DelegatingMethodAccessorImpl.java:43)
)

21-10-2025T20:32:10 - [TEST_STEP][PASSED] - delay(1): Delayed 1 second(s)

21-10-2025T20:32:11 - [MESSAGE][PASSED] - Delayed 1 second(s)

21-10-2025T20:32:11 - [TEST_STEP][PASSED] - click(findTestObject("FIM/Hamburger Menu List/Hamburger_menu")): Object: 'Object Repository/FIM/Hamburger Menu List/Hamburger_menu' is clicked on

21-10-2025T20:32:11 - [MESSAGE][PASSED] - Object: 'Object Repository/FIM/Hamburger Menu List/Hamburger_menu' is clicked on

21-10-2025T20:32:11 - [TEST_STEP][PASSED] - verifyElementPresent(findTestObject("FIM/Hamburger Menu List/Sites_list (1)"), 10): Object 'Object Repository/FIM/Hamburger Menu List/Sites_list (1)' is present

21-10-2025T20:32:11 - [MESSAGE][PASSED] - Object 'Object Repository/FIM/Hamburger Menu List/Sites_list (1)' is present

21-10-2025T20:32:11 - [TEST_STEP][PASSED] - delay(1): Delayed 1 second(s)

21-10-2025T20:32:12 - [MESSAGE][PASSED] - Delayed 1 second(s)

21-10-2025T20:32:12 - [TEST_STEP][PASSED] - click(findTestObject("FIM/Hamburger Menu List/Sites_list (1)")): Object: 'Object Repository/FIM/Hamburger Menu List/Sites_list (1)' is clicked on

21-10-2025T20:32:13 - [MESSAGE][PASSED] - Object: 'Object Repository/FIM/Hamburger Menu List/Sites_list (1)' is clicked on

21-10-2025T20:32:13 - [TEST_STEP][PASSED] - waitForElementPresent(findTestObject("FIM/Sites Page/Calculator/Calculator Tab"), 10): Object 'Object Repository/FIM/Sites Page/Calculator/Calculator Tab' is present

21-10-2025T20:32:13 - [MESSAGE][PASSED] - Object 'Object Repository/FIM/Sites Page/Calculator/Calculator Tab' is present

21-10-2025T20:32:13 - [TEST_STEP][PASSED] - delay(1): Delayed 1 second(s)

21-10-2025T20:32:14 - [MESSAGE][PASSED] - Delayed 1 second(s)

21-10-2025T20:32:14 - [TEST_STEP][PASSED] - selectOptionByLabel(findTestObject("FIM/Sites Page/Site Filtering/Region Selection_dropdown"), "KAG LOGISTICS", false): All options with label 'KAG LOGISTICS' are selected in object 'Object Repository/FIM/Sites Page/Site Filtering/Region Selection_dropdown' 

21-10-2025T20:32:14 - [MESSAGE][PASSED] - All options with label 'KAG LOGISTICS' are selected in object 'Object Repository/FIM/Sites Page/Site Filtering/Region Selection_dropdown' 

21-10-2025T20:32:14 - [TEST_STEP][PASSED] - i = 0: null

21-10-2025T20:32:14 - [TEST_STEP][PASSED] - while (i < 60 == true): null

21-10-2025T20:32:14 - [TEST_STEP][PASSED] - sendKeys(findTestObject("FIM/Sites Page/Site Filtering/Site_txt"), Keys.chord(BACK_SPACE), STOP_ON_FAILURE): Keys 'BACK_SPACE + ' sent to object: 'Object Repository/FIM/Sites Page/Site Filtering/Site_txt'

21-10-2025T20:32:15 - [MESSAGE][PASSED] - Keys 'BACK_SPACE + ' sent to object: 'Object Repository/FIM/Sites Page/Site Filtering/Site_txt'

21-10-2025T20:32:15 - [TEST_STEP][PASSED] - (i++): null

21-10-2025T20:32:15 - [TEST_STEP][PASSED] - sendKeys(findTestObject("FIM/Sites Page/Site Filtering/Site_txt"), Keys.chord(BACK_SPACE), STOP_ON_FAILURE): Keys 'BACK_SPACE + ' sent to object: 'Object Repository/FIM/Sites Page/Site Filtering/Site_txt'

21-10-2025T20:32:15 - [MESSAGE][PASSED] - Keys 'BACK_SPACE + ' sent to object: 'Object Repository/FIM/Sites Page/Site Filtering/Site_txt'

21-10-2025T20:32:15 - [TEST_STEP][PASSED] - (i++): null

21-10-2025T20:32:15 - [TEST_STEP][PASSED] - sendKeys(findTestObject("FIM/Sites Page/Site Filtering/Site_txt"), Keys.chord(BACK_SPACE), STOP_ON_FAILURE): Keys 'BACK_SPACE + ' sent to object: 'Object Repository/FIM/Sites Page/Site Filtering/Site_txt'

21-10-2025T20:32:16 - [MESSAGE][PASSED] - Keys 'BACK_SPACE + ' sent to object: 'Object Repository/FIM/Sites Page/Site Filtering/Site_txt'

21-10-2025T20:32:16 - [TEST_STEP][PASSED] - (i++): null

21-10-2025T20:32:16 - [TEST_STEP][PASSED] - sendKeys(findTestObject("FIM/Sites Page/Site Filtering/Site_txt"), Keys.chord(BACK_SPACE), STOP_ON_FAILURE): Keys 'BACK_SPACE + ' sent to object: 'Object Repository/FIM/Sites Page/Site Filtering/Site_txt'

21-10-2025T20:32:16 - [MESSAGE][PASSED] - Keys 'BACK_SPACE + ' sent to object: 'Object Repository/FIM/Sites Page/Site Filtering/Site_txt'

21-10-2025T20:32:16 - [TEST_STEP][PASSED] - (i++): null

21-10-2025T20:32:16 - [TEST_STEP][PASSED] - sendKeys(findTestObject("FIM/Sites Page/Site Filtering/Site_txt"), Keys.chord(BACK_SPACE), STOP_ON_FAILURE): Keys 'BACK_SPACE + ' sent to object: 'Object Repository/FIM/Sites Page/Site Filtering/Site_txt'

21-10-2025T20:32:16 - [MESSAGE][PASSED] - Keys 'BACK_SPACE + ' sent to object: 'Object Repository/FIM/Sites Page/Site Filtering/Site_txt'

21-10-2025T20:32:16 - [TEST_STEP][PASSED] - (i++): null

21-10-2025T20:32:16 - [TEST_STEP][PASSED] - sendKeys(findTestObject("FIM/Sites Page/Site Filtering/Site_txt"), Keys.chord(BACK_SPACE), STOP_ON_FAILURE): Keys 'BACK_SPACE + ' sent to object: 'Object Repository/FIM/Sites Page/Site Filtering/Site_txt'

21-10-2025T20:32:16 - [MESSAGE][PASSED] - Keys 'BACK_SPACE + ' sent to object: 'Object Repository/FIM/Sites Page/Site Filtering/Site_txt'

21-10-2025T20:32:16 - [TEST_STEP][PASSED] - (i++): null

21-10-2025T20:32:16 - [TEST_STEP][PASSED] - sendKeys(findTestObject("FIM/Sites Page/Site Filtering/Site_txt"), Keys.chord(BACK_SPACE), STOP_ON_FAILURE): Keys 'BACK_SPACE + ' sent to object: 'Object Repository/FIM/Sites Page/Site Filtering/Site_txt'

21-10-2025T20:32:16 - [MESSAGE][PASSED] - Keys 'BACK_SPACE + ' sent to object: 'Object Repository/FIM/Sites Page/Site Filtering/Site_txt'

21-10-2025T20:32:16 - [TEST_STEP][PASSED] - (i++): null

21-10-2025T20:32:16 - [TEST_STEP][PASSED] - sendKeys(findTestObject("FIM/Sites Page/Site Filtering/Site_txt"), Keys.chord(BACK_SPACE), STOP_ON_FAILURE): Keys 'BACK_SPACE + ' sent to object: 'Object Repository/FIM/Sites Page/Site Filtering/Site_txt'

21-10-2025T20:32:16 - [MESSAGE][PASSED] - Keys 'BACK_SPACE + ' sent to object: 'Object Repository/FIM/Sites Page/Site Filtering/Site_txt'

21-10-2025T20:32:16 - [TEST_STEP][PASSED] - (i++): null

21-10-2025T20:32:16 - [TEST_STEP][PASSED] - sendKeys(findTestObject("FIM/Sites Page/Site Filtering/Site_txt"), Keys.chord(BACK_SPACE), STOP_ON_FAILURE): Keys 'BACK_SPACE + ' sent to object: 'Object Repository/FIM/Sites Page/Site Filtering/Site_txt'

21-10-2025T20:32:16 - [MESSAGE][PASSED] - Keys 'BACK_SPACE + ' sent to object: 'Object Repository/FIM/Sites Page/Site Filtering/Site_txt'

21-10-2025T20:32:16 - [TEST_STEP][PASSED] - (i++): null

21-10-2025T20:32:16 - [TEST_STEP][PASSED] - sendKeys(findTestObject("FIM/Sites Page/Site Filtering/Site_txt"), Keys.chord(BACK_SPACE), STOP_ON_FAILURE): Keys 'BACK_SPACE + ' sent to object: 'Object Repository/FIM/Sites Page/Site Filtering/Site_txt'

21-10-2025T20:32:16 - [MESSAGE][PASSED] - Keys 'BACK_SPACE + ' sent to object: 'Object Repository/FIM/Sites Page/Site Filtering/Site_txt'

21-10-2025T20:32:16 - [TEST_STEP][PASSED] - (i++): null

21-10-2025T20:32:16 - [TEST_STEP][PASSED] - sendKeys(findTestObject("FIM/Sites Page/Site Filtering/Site_txt"), Keys.chord(BACK_SPACE), STOP_ON_FAILURE): Keys 'BACK_SPACE + ' sent to object: 'Object Repository/FIM/Sites Page/Site Filtering/Site_txt'

21-10-2025T20:32:16 - [MESSAGE][PASSED] - Keys 'BACK_SPACE + ' sent to object: 'Object Repository/FIM/Sites Page/Site Filtering/Site_txt'

21-10-2025T20:32:16 - [TEST_STEP][PASSED] - (i++): null

21-10-2025T20:32:16 - [TEST_STEP][PASSED] - sendKeys(findTestObject("FIM/Sites Page/Site Filtering/Site_txt"), Keys.chord(BACK_SPACE), STOP_ON_FAILURE): Keys 'BACK_SPACE + ' sent to object: 'Object Repository/FIM/Sites Page/Site Filtering/Site_txt'

21-10-2025T20:32:16 - [MESSAGE][PASSED] - Keys 'BACK_SPACE + ' sent to object: 'Object Repository/FIM/Sites Page/Site Filtering/Site_txt'

21-10-2025T20:32:16 - [TEST_STEP][PASSED] - (i++): null

21-10-2025T20:32:16 - [TEST_STEP][PASSED] - sendKeys(findTestObject("FIM/Sites Page/Site Filtering/Site_txt"), Keys.chord(BACK_SPACE), STOP_ON_FAILURE): Keys 'BACK_SPACE + ' sent to object: 'Object Repository/FIM/Sites Page/Site Filtering/Site_txt'

21-10-2025T20:32:16 - [MESSAGE][PASSED] - Keys 'BACK_SPACE + ' sent to object: 'Object Repository/FIM/Sites Page/Site Filtering/Site_txt'

21-10-2025T20:32:16 - [TEST_STEP][PASSED] - (i++): null

21-10-2025T20:32:16 - [TEST_STEP][PASSED] - sendKeys(findTestObject("FIM/Sites Page/Site Filtering/Site_txt"), Keys.chord(BACK_SPACE), STOP_ON_FAILURE): Keys 'BACK_SPACE + ' sent to object: 'Object Repository/FIM/Sites Page/Site Filtering/Site_txt'

21-10-2025T20:32:16 - [MESSAGE][PASSED] - Keys 'BACK_SPACE + ' sent to object: 'Object Repository/FIM/Sites Page/Site Filtering/Site_txt'

21-10-2025T20:32:16 - [TEST_STEP][PASSED] - (i++): null

21-10-2025T20:32:16 - [TEST_STEP][PASSED] - sendKeys(findTestObject("FIM/Sites Page/Site Filtering/Site_txt"), Keys.chord(BACK_SPACE), STOP_ON_FAILURE): Keys 'BACK_SPACE + ' sent to object: 'Object Repository/FIM/Sites Page/Site Filtering/Site_txt'

21-10-2025T20:32:16 - [MESSAGE][PASSED] - Keys 'BACK_SPACE + ' sent to object: 'Object Repository/FIM/Sites Page/Site Filtering/Site_txt'

21-10-2025T20:32:16 - [TEST_STEP][PASSED] - (i++): null

21-10-2025T20:32:16 - [TEST_STEP][PASSED] - sendKeys(findTestObject("FIM/Sites Page/Site Filtering/Site_txt"), Keys.chord(BACK_SPACE), STOP_ON_FAILURE): Keys 'BACK_SPACE + ' sent to object: 'Object Repository/FIM/Sites Page/Site Filtering/Site_txt'

21-10-2025T20:32:16 - [MESSAGE][PASSED] - Keys 'BACK_SPACE + ' sent to object: 'Object Repository/FIM/Sites Page/Site Filtering/Site_txt'

21-10-2025T20:32:16 - [TEST_STEP][PASSED] - (i++): null

21-10-2025T20:32:16 - [TEST_STEP][PASSED] - sendKeys(findTestObject("FIM/Sites Page/Site Filtering/Site_txt"), Keys.chord(BACK_SPACE), STOP_ON_FAILURE): Keys 'BACK_SPACE + ' sent to object: 'Object Repository/FIM/Sites Page/Site Filtering/Site_txt'

21-10-2025T20:32:16 - [MESSAGE][PASSED] - Keys 'BACK_SPACE + ' sent to object: 'Object Repository/FIM/Sites Page/Site Filtering/Site_txt'

21-10-2025T20:32:16 - [TEST_STEP][PASSED] - (i++): null

21-10-2025T20:32:16 - [TEST_STEP][PASSED] - sendKeys(findTestObject("FIM/Sites Page/Site Filtering/Site_txt"), Keys.chord(BACK_SPACE), STOP_ON_FAILURE): Keys 'BACK_SPACE + ' sent to object: 'Object Repository/FIM/Sites Page/Site Filtering/Site_txt'

21-10-2025T20:32:16 - [MESSAGE][PASSED] - Keys 'BACK_SPACE + ' sent to object: 'Object Repository/FIM/Sites Page/Site Filtering/Site_txt'

21-10-2025T20:32:16 - [TEST_STEP][PASSED] - (i++): null

21-10-2025T20:32:16 - [TEST_STEP][PASSED] - sendKeys(findTestObject("FIM/Sites Page/Site Filtering/Site_txt"), Keys.chord(BACK_SPACE), STOP_ON_FAILURE): Keys 'BACK_SPACE + ' sent to object: 'Object Repository/FIM/Sites Page/Site Filtering/Site_txt'

21-10-2025T20:32:17 - [MESSAGE][PASSED] - Keys 'BACK_SPACE + ' sent to object: 'Object Repository/FIM/Sites Page/Site Filtering/Site_txt'

21-10-2025T20:32:17 - [TEST_STEP][PASSED] - (i++): null

21-10-2025T20:32:17 - [TEST_STEP][PASSED] - sendKeys(findTestObject("FIM/Sites Page/Site Filtering/Site_txt"), Keys.chord(BACK_SPACE), STOP_ON_FAILURE): Keys 'BACK_SPACE + ' sent to object: 'Object Repository/FIM/Sites Page/Site Filtering/Site_txt'

21-10-2025T20:32:17 - [MESSAGE][PASSED] - Keys 'BACK_SPACE + ' sent to object: 'Object Repository/FIM/Sites Page/Site Filtering/Site_txt'

21-10-2025T20:32:17 - [TEST_STEP][PASSED] - (i++): null

21-10-2025T20:32:17 - [TEST_STEP][PASSED] - sendKeys(findTestObject("FIM/Sites Page/Site Filtering/Site_txt"), Keys.chord(BACK_SPACE), STOP_ON_FAILURE): Keys 'BACK_SPACE + ' sent to object: 'Object Repository/FIM/Sites Page/Site Filtering/Site_txt'

21-10-2025T20:32:17 - [MESSAGE][PASSED] - Keys 'BACK_SPACE + ' sent to object: 'Object Repository/FIM/Sites Page/Site Filtering/Site_txt'

21-10-2025T20:32:17 - [TEST_STEP][PASSED] - (i++): null

21-10-2025T20:32:17 - [TEST_STEP][PASSED] - sendKeys(findTestObject("FIM/Sites Page/Site Filtering/Site_txt"), Keys.chord(BACK_SPACE), STOP_ON_FAILURE): Keys 'BACK_SPACE + ' sent to object: 'Object Repository/FIM/Sites Page/Site Filtering/Site_txt'

21-10-2025T20:32:17 - [MESSAGE][PASSED] - Keys 'BACK_SPACE + ' sent to object: 'Object Repository/FIM/Sites Page/Site Filtering/Site_txt'

21-10-2025T20:32:17 - [TEST_STEP][PASSED] - (i++): null

21-10-2025T20:32:17 - [TEST_STEP][PASSED] - sendKeys(findTestObject("FIM/Sites Page/Site Filtering/Site_txt"), Keys.chord(BACK_SPACE), STOP_ON_FAILURE): Keys 'BACK_SPACE + ' sent to object: 'Object Repository/FIM/Sites Page/Site Filtering/Site_txt'

21-10-2025T20:32:17 - [MESSAGE][PASSED] - Keys 'BACK_SPACE + ' sent to object: 'Object Repository/FIM/Sites Page/Site Filtering/Site_txt'

21-10-2025T20:32:17 - [TEST_STEP][PASSED] - (i++): null

21-10-2025T20:32:17 - [TEST_STEP][PASSED] - sendKeys(findTestObject("FIM/Sites Page/Site Filtering/Site_txt"), Keys.chord(BACK_SPACE), STOP_ON_FAILURE): Keys 'BACK_SPACE + ' sent to object: 'Object Repository/FIM/Sites Page/Site Filtering/Site_txt'

21-10-2025T20:32:17 - [MESSAGE][PASSED] - Keys 'BACK_SPACE + ' sent to object: 'Object Repository/FIM/Sites Page/Site Filtering/Site_txt'

21-10-2025T20:32:17 - [TEST_STEP][PASSED] - (i++): null

21-10-2025T20:32:17 - [TEST_STEP][PASSED] - sendKeys(findTestObject("FIM/Sites Page/Site Filtering/Site_txt"), Keys.chord(BACK_SPACE), STOP_ON_FAILURE): Keys 'BACK_SPACE + ' sent to object: 'Object Repository/FIM/Sites Page/Site Filtering/Site_txt'

21-10-2025T20:32:17 - [MESSAGE][PASSED] - Keys 'BACK_SPACE + ' sent to object: 'Object Repository/FIM/Sites Page/Site Filtering/Site_txt'

21-10-2025T20:32:17 - [TEST_STEP][PASSED] - (i++): null

21-10-2025T20:32:17 - [TEST_STEP][PASSED] - sendKeys(findTestObject("FIM/Sites Page/Site Filtering/Site_txt"), Keys.chord(BACK_SPACE), STOP_ON_FAILURE): Keys 'BACK_SPACE + ' sent to object: 'Object Repository/FIM/Sites Page/Site Filtering/Site_txt'

21-10-2025T20:32:17 - [MESSAGE][PASSED] - Keys 'BACK_SPACE + ' sent to object: 'Object Repository/FIM/Sites Page/Site Filtering/Site_txt'

21-10-2025T20:32:17 - [TEST_STEP][PASSED] - (i++): null

21-10-2025T20:32:17 - [TEST_STEP][PASSED] - sendKeys(findTestObject("FIM/Sites Page/Site Filtering/Site_txt"), Keys.chord(BACK_SPACE), STOP_ON_FAILURE): Keys 'BACK_SPACE + ' sent to object: 'Object Repository/FIM/Sites Page/Site Filtering/Site_txt'

21-10-2025T20:32:17 - [MESSAGE][PASSED] - Keys 'BACK_SPACE + ' sent to object: 'Object Repository/FIM/Sites Page/Site Filtering/Site_txt'

21-10-2025T20:32:17 - [TEST_STEP][PASSED] - (i++): null

21-10-2025T20:32:17 - [TEST_STEP][PASSED] - sendKeys(findTestObject("FIM/Sites Page/Site Filtering/Site_txt"), Keys.chord(BACK_SPACE), STOP_ON_FAILURE): Keys 'BACK_SPACE + ' sent to object: 'Object Repository/FIM/Sites Page/Site Filtering/Site_txt'

21-10-2025T20:32:17 - [MESSAGE][PASSED] - Keys 'BACK_SPACE + ' sent to object: 'Object Repository/FIM/Sites Page/Site Filtering/Site_txt'

21-10-2025T20:32:17 - [TEST_STEP][PASSED] - (i++): null

21-10-2025T20:32:17 - [TEST_STEP][PASSED] - sendKeys(findTestObject("FIM/Sites Page/Site Filtering/Site_txt"), Keys.chord(BACK_SPACE), STOP_ON_FAILURE): Keys 'BACK_SPACE + ' sent to object: 'Object Repository/FIM/Sites Page/Site Filtering/Site_txt'

21-10-2025T20:32:17 - [MESSAGE][PASSED] - Keys 'BACK_SPACE + ' sent to object: 'Object Repository/FIM/Sites Page/Site Filtering/Site_txt'

21-10-2025T20:32:17 - [TEST_STEP][PASSED] - (i++): null

21-10-2025T20:32:17 - [TEST_STEP][PASSED] - sendKeys(findTestObject("FIM/Sites Page/Site Filtering/Site_txt"), Keys.chord(BACK_SPACE), STOP_ON_FAILURE): Keys 'BACK_SPACE + ' sent to object: 'Object Repository/FIM/Sites Page/Site Filtering/Site_txt'

21-10-2025T20:32:17 - [MESSAGE][PASSED] - Keys 'BACK_SPACE + ' sent to object: 'Object Repository/FIM/Sites Page/Site Filtering/Site_txt'

21-10-2025T20:32:17 - [TEST_STEP][PASSED] - (i++): null

21-10-2025T20:32:17 - [TEST_STEP][PASSED] - sendKeys(findTestObject("FIM/Sites Page/Site Filtering/Site_txt"), Keys.chord(BACK_SPACE), STOP_ON_FAILURE): Keys 'BACK_SPACE + ' sent to object: 'Object Repository/FIM/Sites Page/Site Filtering/Site_txt'

21-10-2025T20:32:17 - [MESSAGE][PASSED] - Keys 'BACK_SPACE + ' sent to object: 'Object Repository/FIM/Sites Page/Site Filtering/Site_txt'

21-10-2025T20:32:17 - [TEST_STEP][PASSED] - (i++): null

21-10-2025T20:32:17 - [TEST_STEP][PASSED] - sendKeys(findTestObject("FIM/Sites Page/Site Filtering/Site_txt"), Keys.chord(BACK_SPACE), STOP_ON_FAILURE): Keys 'BACK_SPACE + ' sent to object: 'Object Repository/FIM/Sites Page/Site Filtering/Site_txt'

21-10-2025T20:32:17 - [MESSAGE][PASSED] - Keys 'BACK_SPACE + ' sent to object: 'Object Repository/FIM/Sites Page/Site Filtering/Site_txt'

21-10-2025T20:32:17 - [TEST_STEP][PASSED] - (i++): null

21-10-2025T20:32:17 - [TEST_STEP][PASSED] - sendKeys(findTestObject("FIM/Sites Page/Site Filtering/Site_txt"), Keys.chord(BACK_SPACE), STOP_ON_FAILURE): Keys 'BACK_SPACE + ' sent to object: 'Object Repository/FIM/Sites Page/Site Filtering/Site_txt'

21-10-2025T20:32:17 - [MESSAGE][PASSED] - Keys 'BACK_SPACE + ' sent to object: 'Object Repository/FIM/Sites Page/Site Filtering/Site_txt'

21-10-2025T20:32:17 - [TEST_STEP][PASSED] - (i++): null

21-10-2025T20:32:17 - [TEST_STEP][PASSED] - sendKeys(findTestObject("FIM/Sites Page/Site Filtering/Site_txt"), Keys.chord(BACK_SPACE), STOP_ON_FAILURE): Keys 'BACK_SPACE + ' sent to object: 'Object Repository/FIM/Sites Page/Site Filtering/Site_txt'

21-10-2025T20:32:17 - [MESSAGE][PASSED] - Keys 'BACK_SPACE + ' sent to object: 'Object Repository/FIM/Sites Page/Site Filtering/Site_txt'

21-10-2025T20:32:17 - [TEST_STEP][PASSED] - (i++): null

21-10-2025T20:32:17 - [TEST_STEP][PASSED] - sendKeys(findTestObject("FIM/Sites Page/Site Filtering/Site_txt"), Keys.chord(BACK_SPACE), STOP_ON_FAILURE): Keys 'BACK_SPACE + ' sent to object: 'Object Repository/FIM/Sites Page/Site Filtering/Site_txt'

21-10-2025T20:32:18 - [MESSAGE][PASSED] - Keys 'BACK_SPACE + ' sent to object: 'Object Repository/FIM/Sites Page/Site Filtering/Site_txt'

21-10-2025T20:32:18 - [TEST_STEP][PASSED] - (i++): null

21-10-2025T20:32:18 - [TEST_STEP][PASSED] - sendKeys(findTestObject("FIM/Sites Page/Site Filtering/Site_txt"), Keys.chord(BACK_SPACE), STOP_ON_FAILURE): Keys 'BACK_SPACE + ' sent to object: 'Object Repository/FIM/Sites Page/Site Filtering/Site_txt'

21-10-2025T20:32:18 - [MESSAGE][PASSED] - Keys 'BACK_SPACE + ' sent to object: 'Object Repository/FIM/Sites Page/Site Filtering/Site_txt'

21-10-2025T20:32:18 - [TEST_STEP][PASSED] - (i++): null

21-10-2025T20:32:18 - [TEST_STEP][PASSED] - sendKeys(findTestObject("FIM/Sites Page/Site Filtering/Site_txt"), Keys.chord(BACK_SPACE), STOP_ON_FAILURE): Keys 'BACK_SPACE + ' sent to object: 'Object Repository/FIM/Sites Page/Site Filtering/Site_txt'

21-10-2025T20:32:18 - [MESSAGE][PASSED] - Keys 'BACK_SPACE + ' sent to object: 'Object Repository/FIM/Sites Page/Site Filtering/Site_txt'

21-10-2025T20:32:18 - [TEST_STEP][PASSED] - (i++): null

21-10-2025T20:32:18 - [TEST_STEP][PASSED] - sendKeys(findTestObject("FIM/Sites Page/Site Filtering/Site_txt"), Keys.chord(BACK_SPACE), STOP_ON_FAILURE): Keys 'BACK_SPACE + ' sent to object: 'Object Repository/FIM/Sites Page/Site Filtering/Site_txt'

21-10-2025T20:32:18 - [MESSAGE][PASSED] - Keys 'BACK_SPACE + ' sent to object: 'Object Repository/FIM/Sites Page/Site Filtering/Site_txt'

21-10-2025T20:32:18 - [TEST_STEP][PASSED] - (i++): null

21-10-2025T20:32:18 - [TEST_STEP][PASSED] - sendKeys(findTestObject("FIM/Sites Page/Site Filtering/Site_txt"), Keys.chord(BACK_SPACE), STOP_ON_FAILURE): Keys 'BACK_SPACE + ' sent to object: 'Object Repository/FIM/Sites Page/Site Filtering/Site_txt'

21-10-2025T20:32:18 - [MESSAGE][PASSED] - Keys 'BACK_SPACE + ' sent to object: 'Object Repository/FIM/Sites Page/Site Filtering/Site_txt'

21-10-2025T20:32:18 - [TEST_STEP][PASSED] - (i++): null

21-10-2025T20:32:18 - [TEST_STEP][PASSED] - sendKeys(findTestObject("FIM/Sites Page/Site Filtering/Site_txt"), Keys.chord(BACK_SPACE), STOP_ON_FAILURE): Keys 'BACK_SPACE + ' sent to object: 'Object Repository/FIM/Sites Page/Site Filtering/Site_txt'

21-10-2025T20:32:18 - [MESSAGE][PASSED] - Keys 'BACK_SPACE + ' sent to object: 'Object Repository/FIM/Sites Page/Site Filtering/Site_txt'

21-10-2025T20:32:18 - [TEST_STEP][PASSED] - (i++): null

21-10-2025T20:32:18 - [TEST_STEP][PASSED] - sendKeys(findTestObject("FIM/Sites Page/Site Filtering/Site_txt"), Keys.chord(BACK_SPACE), STOP_ON_FAILURE): Keys 'BACK_SPACE + ' sent to object: 'Object Repository/FIM/Sites Page/Site Filtering/Site_txt'

21-10-2025T20:32:18 - [MESSAGE][PASSED] - Keys 'BACK_SPACE + ' sent to object: 'Object Repository/FIM/Sites Page/Site Filtering/Site_txt'

21-10-2025T20:32:18 - [TEST_STEP][PASSED] - (i++): null

21-10-2025T20:32:18 - [TEST_STEP][PASSED] - sendKeys(findTestObject("FIM/Sites Page/Site Filtering/Site_txt"), Keys.chord(BACK_SPACE), STOP_ON_FAILURE): Keys 'BACK_SPACE + ' sent to object: 'Object Repository/FIM/Sites Page/Site Filtering/Site_txt'

21-10-2025T20:32:18 - [MESSAGE][PASSED] - Keys 'BACK_SPACE + ' sent to object: 'Object Repository/FIM/Sites Page/Site Filtering/Site_txt'

21-10-2025T20:32:18 - [TEST_STEP][PASSED] - (i++): null

21-10-2025T20:32:18 - [TEST_STEP][PASSED] - sendKeys(findTestObject("FIM/Sites Page/Site Filtering/Site_txt"), Keys.chord(BACK_SPACE), STOP_ON_FAILURE): Keys 'BACK_SPACE + ' sent to object: 'Object Repository/FIM/Sites Page/Site Filtering/Site_txt'

21-10-2025T20:32:18 - [MESSAGE][PASSED] - Keys 'BACK_SPACE + ' sent to object: 'Object Repository/FIM/Sites Page/Site Filtering/Site_txt'

21-10-2025T20:32:18 - [TEST_STEP][PASSED] - (i++): null

21-10-2025T20:32:18 - [TEST_STEP][PASSED] - sendKeys(findTestObject("FIM/Sites Page/Site Filtering/Site_txt"), Keys.chord(BACK_SPACE), STOP_ON_FAILURE): Keys 'BACK_SPACE + ' sent to object: 'Object Repository/FIM/Sites Page/Site Filtering/Site_txt'

21-10-2025T20:32:18 - [MESSAGE][PASSED] - Keys 'BACK_SPACE + ' sent to object: 'Object Repository/FIM/Sites Page/Site Filtering/Site_txt'

21-10-2025T20:32:18 - [TEST_STEP][PASSED] - (i++): null

21-10-2025T20:32:18 - [TEST_STEP][PASSED] - sendKeys(findTestObject("FIM/Sites Page/Site Filtering/Site_txt"), Keys.chord(BACK_SPACE), STOP_ON_FAILURE): Keys 'BACK_SPACE + ' sent to object: 'Object Repository/FIM/Sites Page/Site Filtering/Site_txt'

21-10-2025T20:32:18 - [MESSAGE][PASSED] - Keys 'BACK_SPACE + ' sent to object: 'Object Repository/FIM/Sites Page/Site Filtering/Site_txt'

21-10-2025T20:32:18 - [TEST_STEP][PASSED] - (i++): null

21-10-2025T20:32:18 - [TEST_STEP][PASSED] - sendKeys(findTestObject("FIM/Sites Page/Site Filtering/Site_txt"), Keys.chord(BACK_SPACE), STOP_ON_FAILURE): Keys 'BACK_SPACE + ' sent to object: 'Object Repository/FIM/Sites Page/Site Filtering/Site_txt'

21-10-2025T20:32:18 - [MESSAGE][PASSED] - Keys 'BACK_SPACE + ' sent to object: 'Object Repository/FIM/Sites Page/Site Filtering/Site_txt'

21-10-2025T20:32:18 - [TEST_STEP][PASSED] - (i++): null

21-10-2025T20:32:18 - [TEST_STEP][PASSED] - sendKeys(findTestObject("FIM/Sites Page/Site Filtering/Site_txt"), Keys.chord(BACK_SPACE), STOP_ON_FAILURE): Keys 'BACK_SPACE + ' sent to object: 'Object Repository/FIM/Sites Page/Site Filtering/Site_txt'

21-10-2025T20:32:18 - [MESSAGE][PASSED] - Keys 'BACK_SPACE + ' sent to object: 'Object Repository/FIM/Sites Page/Site Filtering/Site_txt'

21-10-2025T20:32:18 - [TEST_STEP][PASSED] - (i++): null

21-10-2025T20:32:18 - [TEST_STEP][PASSED] - sendKeys(findTestObject("FIM/Sites Page/Site Filtering/Site_txt"), Keys.chord(BACK_SPACE), STOP_ON_FAILURE): Keys 'BACK_SPACE + ' sent to object: 'Object Repository/FIM/Sites Page/Site Filtering/Site_txt'

21-10-2025T20:32:18 - [MESSAGE][PASSED] - Keys 'BACK_SPACE + ' sent to object: 'Object Repository/FIM/Sites Page/Site Filtering/Site_txt'

21-10-2025T20:32:18 - [TEST_STEP][PASSED] - (i++): null

21-10-2025T20:32:18 - [TEST_STEP][PASSED] - sendKeys(findTestObject("FIM/Sites Page/Site Filtering/Site_txt"), Keys.chord(BACK_SPACE), STOP_ON_FAILURE): Keys 'BACK_SPACE + ' sent to object: 'Object Repository/FIM/Sites Page/Site Filtering/Site_txt'

21-10-2025T20:32:19 - [MESSAGE][PASSED] - Keys 'BACK_SPACE + ' sent to object: 'Object Repository/FIM/Sites Page/Site Filtering/Site_txt'

21-10-2025T20:32:19 - [TEST_STEP][PASSED] - (i++): null

21-10-2025T20:32:19 - [TEST_STEP][PASSED] - sendKeys(findTestObject("FIM/Sites Page/Site Filtering/Site_txt"), Keys.chord(BACK_SPACE), STOP_ON_FAILURE): Keys 'BACK_SPACE + ' sent to object: 'Object Repository/FIM/Sites Page/Site Filtering/Site_txt'

21-10-2025T20:32:19 - [MESSAGE][PASSED] - Keys 'BACK_SPACE + ' sent to object: 'Object Repository/FIM/Sites Page/Site Filtering/Site_txt'

21-10-2025T20:32:19 - [TEST_STEP][PASSED] - (i++): null

21-10-2025T20:32:19 - [TEST_STEP][PASSED] - sendKeys(findTestObject("FIM/Sites Page/Site Filtering/Site_txt"), Keys.chord(BACK_SPACE), STOP_ON_FAILURE): Keys 'BACK_SPACE + ' sent to object: 'Object Repository/FIM/Sites Page/Site Filtering/Site_txt'

21-10-2025T20:32:19 - [MESSAGE][PASSED] - Keys 'BACK_SPACE + ' sent to object: 'Object Repository/FIM/Sites Page/Site Filtering/Site_txt'

21-10-2025T20:32:19 - [TEST_STEP][PASSED] - (i++): null

21-10-2025T20:32:19 - [TEST_STEP][PASSED] - sendKeys(findTestObject("FIM/Sites Page/Site Filtering/Site_txt"), Keys.chord(BACK_SPACE), STOP_ON_FAILURE): Keys 'BACK_SPACE + ' sent to object: 'Object Repository/FIM/Sites Page/Site Filtering/Site_txt'

21-10-2025T20:32:19 - [MESSAGE][PASSED] - Keys 'BACK_SPACE + ' sent to object: 'Object Repository/FIM/Sites Page/Site Filtering/Site_txt'

21-10-2025T20:32:19 - [TEST_STEP][PASSED] - (i++): null

21-10-2025T20:32:19 - [TEST_STEP][PASSED] - sendKeys(findTestObject("FIM/Sites Page/Site Filtering/Site_txt"), Keys.chord(BACK_SPACE), STOP_ON_FAILURE): Keys 'BACK_SPACE + ' sent to object: 'Object Repository/FIM/Sites Page/Site Filtering/Site_txt'

21-10-2025T20:32:19 - [MESSAGE][PASSED] - Keys 'BACK_SPACE + ' sent to object: 'Object Repository/FIM/Sites Page/Site Filtering/Site_txt'

21-10-2025T20:32:19 - [TEST_STEP][PASSED] - (i++): null

21-10-2025T20:32:19 - [TEST_STEP][PASSED] - sendKeys(findTestObject("FIM/Sites Page/Site Filtering/Site_txt"), Keys.chord(BACK_SPACE), STOP_ON_FAILURE): Keys 'BACK_SPACE + ' sent to object: 'Object Repository/FIM/Sites Page/Site Filtering/Site_txt'

21-10-2025T20:32:19 - [MESSAGE][PASSED] - Keys 'BACK_SPACE + ' sent to object: 'Object Repository/FIM/Sites Page/Site Filtering/Site_txt'

21-10-2025T20:32:19 - [TEST_STEP][PASSED] - (i++): null

21-10-2025T20:32:19 - [TEST_STEP][PASSED] - sendKeys(findTestObject("FIM/Sites Page/Site Filtering/Site_txt"), Keys.chord(BACK_SPACE), STOP_ON_FAILURE): Keys 'BACK_SPACE + ' sent to object: 'Object Repository/FIM/Sites Page/Site Filtering/Site_txt'

21-10-2025T20:32:19 - [MESSAGE][PASSED] - Keys 'BACK_SPACE + ' sent to object: 'Object Repository/FIM/Sites Page/Site Filtering/Site_txt'

21-10-2025T20:32:19 - [TEST_STEP][PASSED] - (i++): null

21-10-2025T20:32:19 - [TEST_STEP][PASSED] - sendKeys(findTestObject("FIM/Sites Page/Site Filtering/Site_txt"), Keys.chord(BACK_SPACE), STOP_ON_FAILURE): Keys 'BACK_SPACE + ' sent to object: 'Object Repository/FIM/Sites Page/Site Filtering/Site_txt'

21-10-2025T20:32:19 - [MESSAGE][PASSED] - Keys 'BACK_SPACE + ' sent to object: 'Object Repository/FIM/Sites Page/Site Filtering/Site_txt'

21-10-2025T20:32:19 - [TEST_STEP][PASSED] - (i++): null

21-10-2025T20:32:19 - [TEST_STEP][PASSED] - sendKeys(findTestObject("FIM/Sites Page/Site Filtering/Site_txt"), Keys.chord(BACK_SPACE), STOP_ON_FAILURE): Keys 'BACK_SPACE + ' sent to object: 'Object Repository/FIM/Sites Page/Site Filtering/Site_txt'

21-10-2025T20:32:19 - [MESSAGE][PASSED] - Keys 'BACK_SPACE + ' sent to object: 'Object Repository/FIM/Sites Page/Site Filtering/Site_txt'

21-10-2025T20:32:19 - [TEST_STEP][PASSED] - (i++): null

21-10-2025T20:32:19 - [TEST_STEP][PASSED] - sendKeys(findTestObject("FIM/Sites Page/Site Filtering/Site_txt"), Keys.chord(BACK_SPACE), STOP_ON_FAILURE): Keys 'BACK_SPACE + ' sent to object: 'Object Repository/FIM/Sites Page/Site Filtering/Site_txt'

21-10-2025T20:32:19 - [MESSAGE][PASSED] - Keys 'BACK_SPACE + ' sent to object: 'Object Repository/FIM/Sites Page/Site Filtering/Site_txt'

21-10-2025T20:32:19 - [TEST_STEP][PASSED] - (i++): null

21-10-2025T20:32:19 - [TEST_STEP][PASSED] - sendKeys(findTestObject("FIM/Sites Page/Site Filtering/Site_txt"), Keys.chord(BACK_SPACE), STOP_ON_FAILURE): Keys 'BACK_SPACE + ' sent to object: 'Object Repository/FIM/Sites Page/Site Filtering/Site_txt'

21-10-2025T20:32:19 - [MESSAGE][PASSED] - Keys 'BACK_SPACE + ' sent to object: 'Object Repository/FIM/Sites Page/Site Filtering/Site_txt'

21-10-2025T20:32:19 - [TEST_STEP][PASSED] - (i++): null

21-10-2025T20:32:19 - [TEST_STEP][PASSED] - sendKeys(findTestObject("FIM/Sites Page/Site Filtering/Site_txt"), Keys.chord(BACK_SPACE), STOP_ON_FAILURE): Keys 'BACK_SPACE + ' sent to object: 'Object Repository/FIM/Sites Page/Site Filtering/Site_txt'

21-10-2025T20:32:19 - [MESSAGE][PASSED] - Keys 'BACK_SPACE + ' sent to object: 'Object Repository/FIM/Sites Page/Site Filtering/Site_txt'

21-10-2025T20:32:19 - [TEST_STEP][PASSED] - (i++): null

21-10-2025T20:32:19 - [TEST_STEP][PASSED] - sendKeys(findTestObject("FIM/Sites Page/Site Filtering/Site_txt"), "TURK132 - 798 North", STOP_ON_FAILURE): Keys 'TURK132 - 798 North' sent to object: 'Object Repository/FIM/Sites Page/Site Filtering/Site_txt'

21-10-2025T20:32:20 - [MESSAGE][PASSED] - Keys 'TURK132 - 798 North' sent to object: 'Object Repository/FIM/Sites Page/Site Filtering/Site_txt'

21-10-2025T20:32:20 - [TEST_STEP][PASSED] - sendKeys(findTestObject("FIM/Sites Page/Site Filtering/Site_txt"), Keys.chord(ENTER), STOP_ON_FAILURE): Keys 'ENTER + ' sent to object: 'Object Repository/FIM/Sites Page/Site Filtering/Site_txt'

21-10-2025T20:32:20 - [MESSAGE][PASSED] - Keys 'ENTER + ' sent to object: 'Object Repository/FIM/Sites Page/Site Filtering/Site_txt'

21-10-2025T20:32:20 - [TEST_STEP][PASSED] - delay(1): Delayed 1 second(s)

21-10-2025T20:32:21 - [MESSAGE][PASSED] - Delayed 1 second(s)

21-10-2025T20:32:21 - [TEST_STEP][PASSED] - waitForElementClickable(findTestObject("FIM/Sites Page/Inventories/Edit/Inventory History/Inventory History_btn"), 300): Object 'Object Repository/FIM/Sites Page/Inventories/Edit/Inventory History/Inventory History_btn' is clickable

21-10-2025T20:32:21 - [MESSAGE][PASSED] - Object 'Object Repository/FIM/Sites Page/Inventories/Edit/Inventory History/Inventory History_btn' is clickable

21-10-2025T20:32:21 - [TEST_STEP][PASSED] - click(findTestObject("FIM/Sites Page/Inventories/Edit/Inventory History/Inventory History_btn"), STOP_ON_FAILURE): Object: 'Object Repository/FIM/Sites Page/Inventories/Edit/Inventory History/Inventory History_btn' is clicked on

21-10-2025T20:32:21 - [MESSAGE][PASSED] - Object: 'Object Repository/FIM/Sites Page/Inventories/Edit/Inventory History/Inventory History_btn' is clicked on

21-10-2025T20:32:21 - [TEST_STEP][PASSED] - click(findTestObject("FIM/Sites Page/Inventories/Edit/Inventory History/1st Edit Inventory_btn")): Object: 'Object Repository/FIM/Sites Page/Inventories/Edit/Inventory History/1st Edit Inventory_btn' is clicked on

21-10-2025T20:32:21 - [MESSAGE][PASSED] - Object: 'Object Repository/FIM/Sites Page/Inventories/Edit/Inventory History/1st Edit Inventory_btn' is clicked on

21-10-2025T20:32:21 - [TEST_STEP][PASSED] - delay(2): Delayed 2 second(s)

21-10-2025T20:32:23 - [MESSAGE][PASSED] - Delayed 2 second(s)

21-10-2025T20:32:23 - [TEST_STEP][FAILED] - clearText(findTestObject("FIM/Sites Page/Inventories/Edit/Inventory History/Edit Turk101_Inventory_10UNL_txt")): Unable to clear text of object 'Object Repository/FIM/Sites Page/Inventories/Edit/Inventory History/Edit Turk101_Inventory_10UNL_txt' (Root cause: com.kms.katalon.core.exception.StepFailedException: Unable to clear text of object 'Object Repository/FIM/Sites Page/Inventories/Edit/Inventory History/Edit Turk101_Inventory_10UNL_txt'
	at com.kms.katalon.core.webui.keyword.internal.WebUIKeywordMain.stepFailed(WebUIKeywordMain.groovy:117)
	at com.kms.katalon.core.webui.keyword.internal.WebUIKeywordMain.runKeyword(WebUIKeywordMain.groovy:78)
	at com.kms.katalon.core.webui.keyword.builtin.ClearTextKeyword.clearText(ClearTextKeyword.groovy:61)
	at com.kms.katalon.core.webui.keyword.builtin.ClearTextKeyword.execute(ClearTextKeyword.groovy:35)
	at com.kms.katalon.core.keyword.internal.KeywordExecutor.executeKeywordForPlatform(KeywordExecutor.groovy:74)
	at com.kms.katalon.core.webui.keyword.WebUiBuiltInKeywords.clearText(WebUiBuiltInKeywords.groovy:4989)
	at com.kms.katalon.core.webui.keyword.WebUiBuiltInKeywords$clearText$17.call(Unknown Source)
	at Edit Inventory.run(Edit Inventory:66)
	at com.kms.katalon.core.main.ScriptEngine.run(ScriptEngine.java:194)
	at com.kms.katalon.core.main.ScriptEngine.runScriptAsRawText(ScriptEngine.java:119)
	at com.kms.katalon.core.main.TestCaseExecutor.runScript(TestCaseExecutor.java:448)
	at com.kms.katalon.core.main.TestCaseExecutor.doExecute(TestCaseExecutor.java:439)
	at com.kms.katalon.core.main.TestCaseExecutor.processExecutionPhase(TestCaseExecutor.java:418)
	at com.kms.katalon.core.main.TestCaseExecutor.accessMainPhase(TestCaseExecutor.java:410)
	at com.kms.katalon.core.main.TestCaseExecutor.execute(TestCaseExecutor.java:285)
	at com.kms.katalon.core.common.CommonExecutor.accessTestCaseMainPhase(CommonExecutor.java:65)
	at com.kms.katalon.core.main.TestSuiteExecutor.accessTestSuiteMainPhase(TestSuiteExecutor.java:150)
	at com.kms.katalon.core.main.TestSuiteExecutor.execute(TestSuiteExecutor.java:106)
	at com.kms.katalon.core.main.TestCaseMain.startTestSuite(TestCaseMain.java:180)
	at com.kms.katalon.core.main.TestCaseMain$startTestSuite$0.call(Unknown Source)
	at TempTestSuite1761090764033.run(TempTestSuite1761090764033.groovy:35)
	at java.base/jdk.internal.reflect.NativeMethodAccessorImpl.invoke0(Native Method)
	at java.base/jdk.internal.reflect.NativeMethodAccessorImpl.invoke(NativeMethodAccessorImpl.java:77)
	at java.base/jdk.internal.reflect.DelegatingMethodAccessorImpl.invoke(DelegatingMethodAccessorImpl.java:43)
Caused by: com.kms.katalon.core.webui.exception.WebElementNotFoundException: Web element with id: 'Object Repository/FIM/Sites Page/Inventories/Edit/Inventory History/Edit Turk101_Inventory_10UNL_txt' located by '/html/body/div/div[2]/div/div/div[6]/div[2]/div/div[1]/div/div/div/div/form/div/div[2]/div/div/input' not found
	at com.kms.katalon.core.webui.common.WebUiCommonHelper.findWebElement(WebUiCommonHelper.java:1423)
	at com.kms.katalon.core.webui.keyword.internal.WebUIAbstractKeyword.findWebElement(WebUIAbstractKeyword.groovy:27)
	at com.kms.katalon.core.webui.keyword.internal.WebUIAbstractKeyword.findWebElement(WebUIAbstractKeyword.groovy:26)
	at com.kms.katalon.core.webui.keyword.builtin.ClearTextKeyword$_clearText_closure1.doCall(ClearTextKeyword.groovy:45)
	at com.kms.katalon.core.webui.keyword.builtin.ClearTextKeyword$_clearText_closure1.call(ClearTextKeyword.groovy)
	at com.kms.katalon.core.webui.keyword.internal.WebUIKeywordMain.runKeyword(WebUIKeywordMain.groovy:67)
	at com.kms.katalon.core.webui.keyword.builtin.ClearTextKeyword.clearText(ClearTextKeyword.groovy:61)
	at com.kms.katalon.core.webui.keyword.builtin.ClearTextKeyword.execute(ClearTextKeyword.groovy:35)
	at com.kms.katalon.core.keyword.internal.KeywordExecutor.executeKeywordForPlatform(KeywordExecutor.groovy:74)
	at com.kms.katalon.core.webui.keyword.WebUiBuiltInKeywords.clearText(WebUiBuiltInKeywords.groovy:4989)
	at com.kms.katalon.core.webui.keyword.WebUiBuiltInKeywords$clearText$17.call(Unknown Source)
	at Script1702924674700.run(Script1702924674700.groovy:66)
	... 16 more
)

21-10-2025T20:32:39 - [MESSAGE][INFO] - Unable to find the element located by 'By.xpath: /html/body/div/div[2]/div/div/div[6]/div[2]/div/div[1]/div/div/div/div/form/div/div[2]/div/div/input'. Please recheck the objects properties to make sure the desired element is located. 

21-10-2025T20:32:39 - [MESSAGE][WARNING] - [SELF-HEALING] Failed to find element with id 'Object Repository/FIM/Sites Page/Inventories/Edit/Inventory History/Edit Turk101_Inventory_10UNL_txt'. Try using Self-healing.

21-10-2025T20:32:40 - [MESSAGE][INFO] - [SELF-HEALING] No working XPath is found.

21-10-2025T20:32:42 - [MESSAGE][INFO] - Unable to find the element located by 'By.xpath: '. Please recheck the objects properties to make sure the desired element is located. 

21-10-2025T20:32:42 - [MESSAGE][WARNING] - [SELF-HEALING] Cannot find elements when the selector is null

21-10-2025T20:32:42 - [MESSAGE][FAILED] - Unable to clear text of object 'Object Repository/FIM/Sites Page/Inventories/Edit/Inventory History/Edit Turk101_Inventory_10UNL_txt' (Root cause: com.kms.katalon.core.exception.StepFailedException: Unable to clear text of object 'Object Repository/FIM/Sites Page/Inventories/Edit/Inventory History/Edit Turk101_Inventory_10UNL_txt'
	at com.kms.katalon.core.webui.keyword.internal.WebUIKeywordMain.stepFailed(WebUIKeywordMain.groovy:117)
	at com.kms.katalon.core.webui.keyword.internal.WebUIKeywordMain.runKeyword(WebUIKeywordMain.groovy:78)
	at com.kms.katalon.core.webui.keyword.builtin.ClearTextKeyword.clearText(ClearTextKeyword.groovy:61)
	at com.kms.katalon.core.webui.keyword.builtin.ClearTextKeyword.execute(ClearTextKeyword.groovy:35)
	at com.kms.katalon.core.keyword.internal.KeywordExecutor.executeKeywordForPlatform(KeywordExecutor.groovy:74)
	at com.kms.katalon.core.webui.keyword.WebUiBuiltInKeywords.clearText(WebUiBuiltInKeywords.groovy:4989)
	at com.kms.katalon.core.webui.keyword.WebUiBuiltInKeywords$clearText$17.call(Unknown Source)
	at Edit Inventory.run(Edit Inventory:66)
	at com.kms.katalon.core.main.ScriptEngine.run(ScriptEngine.java:194)
	at com.kms.katalon.core.main.ScriptEngine.runScriptAsRawText(ScriptEngine.java:119)
	at com.kms.katalon.core.main.TestCaseExecutor.runScript(TestCaseExecutor.java:448)
	at com.kms.katalon.core.main.TestCaseExecutor.doExecute(TestCaseExecutor.java:439)
	at com.kms.katalon.core.main.TestCaseExecutor.processExecutionPhase(TestCaseExecutor.java:418)
	at com.kms.katalon.core.main.TestCaseExecutor.accessMainPhase(TestCaseExecutor.java:410)
	at com.kms.katalon.core.main.TestCaseExecutor.execute(TestCaseExecutor.java:285)
	at com.kms.katalon.core.common.CommonExecutor.accessTestCaseMainPhase(CommonExecutor.java:65)
	at com.kms.katalon.core.main.TestSuiteExecutor.accessTestSuiteMainPhase(TestSuiteExecutor.java:150)
	at com.kms.katalon.core.main.TestSuiteExecutor.execute(TestSuiteExecutor.java:106)
	at com.kms.katalon.core.main.TestCaseMain.startTestSuite(TestCaseMain.java:180)
	at com.kms.katalon.core.main.TestCaseMain$startTestSuite$0.call(Unknown Source)
	at TempTestSuite1761090764033.run(TempTestSuite1761090764033.groovy:35)
	at java.base/jdk.internal.reflect.NativeMethodAccessorImpl.invoke0(Native Method)
	at java.base/jdk.internal.reflect.NativeMethodAccessorImpl.invoke(NativeMethodAccessorImpl.java:77)
	at java.base/jdk.internal.reflect.DelegatingMethodAccessorImpl.invoke(DelegatingMethodAccessorImpl.java:43)
Caused by: com.kms.katalon.core.webui.exception.WebElementNotFoundException: Web element with id: 'Object Repository/FIM/Sites Page/Inventories/Edit/Inventory History/Edit Turk101_Inventory_10UNL_txt' located by '/html/body/div/div[2]/div/div/div[6]/div[2]/div/div[1]/div/div/div/div/form/div/div[2]/div/div/input' not found
	at com.kms.katalon.core.webui.common.WebUiCommonHelper.findWebElement(WebUiCommonHelper.java:1423)
	at com.kms.katalon.core.webui.keyword.internal.WebUIAbstractKeyword.findWebElement(WebUIAbstractKeyword.groovy:27)
	at com.kms.katalon.core.webui.keyword.internal.WebUIAbstractKeyword.findWebElement(WebUIAbstractKeyword.groovy:26)
	at com.kms.katalon.core.webui.keyword.builtin.ClearTextKeyword$_clearText_closure1.doCall(ClearTextKeyword.groovy:45)
	at com.kms.katalon.core.webui.keyword.builtin.ClearTextKeyword$_clearText_closure1.call(ClearTextKeyword.groovy)
	at com.kms.katalon.core.webui.keyword.internal.WebUIKeywordMain.runKeyword(WebUIKeywordMain.groovy:67)
	at com.kms.katalon.core.webui.keyword.builtin.ClearTextKeyword.clearText(ClearTextKeyword.groovy:61)
	at com.kms.katalon.core.webui.keyword.builtin.ClearTextKeyword.execute(ClearTextKeyword.groovy:35)
	at com.kms.katalon.core.keyword.internal.KeywordExecutor.executeKeywordForPlatform(KeywordExecutor.groovy:74)
	at com.kms.katalon.core.webui.keyword.WebUiBuiltInKeywords.clearText(WebUiBuiltInKeywords.groovy:4989)
	at com.kms.katalon.core.webui.keyword.WebUiBuiltInKeywords$clearText$17.call(Unknown Source)
	at Script1702924674700.run(Script1702924674700.groovy:66)
	... 16 more
)

21-10-2025T20:32:42 - [TEST_STEP][PASSED] - Start listener action : retryOnDisconnect: Current window's url is: 'https://kaglogistics-inventory-management-portal.qa.thekag.com/site/TURK132?cg=-1&r=206&i=AllConsignees&sorted=false'

21-10-2025T20:32:42 - [TEST_STEP][PASSED] - tcId = testCaseContext.getTestCaseId(): null

21-10-2025T20:32:42 - [TEST_STEP][PASSED] - currentRetry = retryCounts.getOrDefault(tcId, 0): null

21-10-2025T20:32:42 - [TEST_STEP][PASSED] - if (testCaseContext.getTestCaseStatus() == "FAILED" && currentRetry < MAX_RETRIES): Current window's url is: 'https://kaglogistics-inventory-management-portal.qa.thekag.com/site/TURK132?cg=-1&r=206&i=AllConsignees&sorted=false'

21-10-2025T20:32:42 - [TEST_STEP][PASSED] - try: Current window's url is: 'https://kaglogistics-inventory-management-portal.qa.thekag.com/site/TURK132?cg=-1&r=206&i=AllConsignees&sorted=false'

21-10-2025T20:32:42 - [TEST_STEP][PASSED] - comment(Checking for WebDriver disconnect for test case: $tcId): Checking for WebDriver disconnect for test case: Test Cases/FIM/UI/KGL/Admin/Sites Page/Inventories/Edit Inventory

21-10-2025T20:32:42 - [MESSAGE][INFO] - Checking for WebDriver disconnect for test case: Test Cases/FIM/UI/KGL/Admin/Sites Page/Inventories/Edit Inventory

21-10-2025T20:32:42 - [TEST_STEP][PASSED] - getUrl(): Current window's url is: 'https://kaglogistics-inventory-management-portal.qa.thekag.com/site/TURK132?cg=-1&r=206&i=AllConsignees&sorted=false'

21-10-2025T20:32:42 - [MESSAGE][PASSED] - Current window's url is: 'https://kaglogistics-inventory-management-portal.qa.thekag.com/site/TURK132?cg=-1&r=206&i=AllConsignees&sorted=false']]></system-out>
         <system-err><![CDATA[21-10-2025T20:31:35 - [TEST_CASE][FAILED] - Test Cases/FIM/UI/KGL/Admin/Sites Page/Inventories/Edit Inventory: Test Cases/FIM/UI/KGL/Admin/Sites Page/Inventories/Edit Inventory FAILED.
Reason:
com.kms.katalon.core.exception.StepFailedException: Unable to clear text of object 'Object Repository/FIM/Sites Page/Inventories/Edit/Inventory History/Edit Turk101_Inventory_10UNL_txt'
	at com.kms.katalon.core.webui.keyword.internal.WebUIKeywordMain.stepFailed(WebUIKeywordMain.groovy:117)
	at com.kms.katalon.core.webui.keyword.internal.WebUIKeywordMain.runKeyword(WebUIKeywordMain.groovy:78)
	at com.kms.katalon.core.webui.keyword.builtin.ClearTextKeyword.clearText(ClearTextKeyword.groovy:61)
	at com.kms.katalon.core.webui.keyword.builtin.ClearTextKeyword.execute(ClearTextKeyword.groovy:35)
	at com.kms.katalon.core.keyword.internal.KeywordExecutor.executeKeywordForPlatform(KeywordExecutor.groovy:74)
	at com.kms.katalon.core.webui.keyword.WebUiBuiltInKeywords.clearText(WebUiBuiltInKeywords.groovy:4989)
	at com.kms.katalon.core.webui.keyword.WebUiBuiltInKeywords$clearText$17.call(Unknown Source)
	at Edit Inventory.run(Edit Inventory:66)
	at com.kms.katalon.core.main.ScriptEngine.run(ScriptEngine.java:194)
	at com.kms.katalon.core.main.ScriptEngine.runScriptAsRawText(ScriptEngine.java:119)
	at com.kms.katalon.core.main.TestCaseExecutor.runScript(TestCaseExecutor.java:448)
	at com.kms.katalon.core.main.TestCaseExecutor.doExecute(TestCaseExecutor.java:439)
	at com.kms.katalon.core.main.TestCaseExecutor.processExecutionPhase(TestCaseExecutor.java:418)
	at com.kms.katalon.core.main.TestCaseExecutor.accessMainPhase(TestCaseExecutor.java:410)
	at com.kms.katalon.core.main.TestCaseExecutor.execute(TestCaseExecutor.java:285)
	at com.kms.katalon.core.common.CommonExecutor.accessTestCaseMainPhase(CommonExecutor.java:65)
	at com.kms.katalon.core.main.TestSuiteExecutor.accessTestSuiteMainPhase(TestSuiteExecutor.java:150)
	at com.kms.katalon.core.main.TestSuiteExecutor.execute(TestSuiteExecutor.java:106)
	at com.kms.katalon.core.main.TestCaseMain.startTestSuite(TestCaseMain.java:180)
	at com.kms.katalon.core.main.TestCaseMain$startTestSuite$0.call(Unknown Source)
	at TempTestSuite1761090764033.run(TempTestSuite1761090764033.groovy:35)
	at java.base/jdk.internal.reflect.NativeMethodAccessorImpl.invoke0(Native Method)
	at java.base/jdk.internal.reflect.NativeMethodAccessorImpl.invoke(NativeMethodAccessorImpl.java:77)
	at java.base/jdk.internal.reflect.DelegatingMethodAccessorImpl.invoke(DelegatingMethodAccessorImpl.java:43)
Caused by: com.kms.katalon.core.webui.exception.WebElementNotFoundException: Web element with id: 'Object Repository/FIM/Sites Page/Inventories/Edit/Inventory History/Edit Turk101_Inventory_10UNL_txt' located by '/html/body/div/div[2]/div/div/div[6]/div[2]/div/div[1]/div/div/div/div/form/div/div[2]/div/div/input' not found
	at com.kms.katalon.core.webui.common.WebUiCommonHelper.findWebElement(WebUiCommonHelper.java:1423)
	at com.kms.katalon.core.webui.keyword.internal.WebUIAbstractKeyword.findWebElement(WebUIAbstractKeyword.groovy:27)
	at com.kms.katalon.core.webui.keyword.internal.WebUIAbstractKeyword.findWebElement(WebUIAbstractKeyword.groovy:26)
	at com.kms.katalon.core.webui.keyword.builtin.ClearTextKeyword$_clearText_closure1.doCall(ClearTextKeyword.groovy:45)
	at com.kms.katalon.core.webui.keyword.builtin.ClearTextKeyword$_clearText_closure1.call(ClearTextKeyword.groovy)
	at com.kms.katalon.core.webui.keyword.internal.WebUIKeywordMain.runKeyword(WebUIKeywordMain.groovy:67)
	... 22 more]]></system-err>
      </testcase>
      <testcase name="Test Cases/FIM/UI/KGL/Admin/Sites Page/Inventories/Verification of Days of Supply Toggle" time="60.521" classname="Test Cases/FIM/UI/KGL/Admin/Sites Page/Inventories/Verification of Days of Supply Toggle" status="PASSED">
         <system-out><![CDATA[21-10-2025T20:32:42 - [TEST_CASE][PASSED] - Test Cases/FIM/UI/KGL/Admin/Sites Page/Inventories/Verification of Days of Supply Toggle: Test Cases/FIM/UI/KGL/Admin/Sites Page/Inventories/Verification of Days of Supply Toggle

21-10-2025T20:32:42 - [TEST_STEP][PASSED] - Start listener action : beforeTestCase: null

21-10-2025T20:32:42 - [TEST_STEP][PASSED] - addDefaultPackages(): null

21-10-2025T20:32:42 - [TEST_STEP][PASSED] - callTestCase(findTestCase("Utility Scripts/FIM KGL Admin Login"), [:], STOP_ON_FAILURE): Call Test Case 'Test Cases/Utility Scripts/FIM KGL Admin Login' successfully

21-10-2025T20:32:42 - [TEST_CASE][PASSED] - Test Cases/Utility Scripts/FIM KGL Admin Login: Test Cases/Utility Scripts/FIM KGL Admin Login

21-10-2025T20:32:42 - [TEST_STEP][PASSED] - openBrowser(""): Browser is opened with url: ''

21-10-2025T20:32:42 - [MESSAGE][WARNING] - A browser is already opened. Closing browser and opening a new one

21-10-2025T20:32:43 - [MESSAGE][INFO] - Starting 'Chrome' driver

21-10-2025T20:32:43 - [MESSAGE][INFO] - User set preference: ['args', '[--no-sandbox, --disable-gpu, --disable-dev-shm-usage]']

21-10-2025T20:32:43 - [MESSAGE][INFO] - Action delay is set to 0 milliseconds

21-10-2025T20:32:43 - [MESSAGE][PASSED] - Browser is opened with url: ''

21-10-2025T20:32:43 - [TEST_STEP][PASSED] - delay(1): Delayed 1 second(s)

21-10-2025T20:32:44 - [MESSAGE][PASSED] - Delayed 1 second(s)

21-10-2025T20:32:44 - [TEST_STEP][PASSED] - navigateToUrl(KGLCustomGroupUrl): Navigate to 'https://kaglogistics-inventory-management-portal.qa.thekag.com/custom-group/' successfully

21-10-2025T20:32:45 - [MESSAGE][PASSED] - Navigate to 'https://kaglogistics-inventory-management-portal.qa.thekag.com/custom-group/' successfully

21-10-2025T20:32:45 - [TEST_STEP][PASSED] - delay(10): Delayed 10 second(s)

21-10-2025T20:32:55 - [MESSAGE][PASSED] - Delayed 10 second(s)

21-10-2025T20:32:55 - [TEST_STEP][PASSED] - if (maximizeWindow == true): Delayed 1 second(s)

21-10-2025T20:32:55 - [TEST_STEP][PASSED] - maximizeWindow(STOP_ON_FAILURE): Current window maximized

21-10-2025T20:32:55 - [MESSAGE][PASSED] - Current window maximized

21-10-2025T20:32:55 - [TEST_STEP][PASSED] - delay(1): Delayed 1 second(s)

21-10-2025T20:32:56 - [MESSAGE][PASSED] - Delayed 1 second(s)

21-10-2025T20:32:56 - [TEST_STEP][PASSED] - waitForElementPresent(findTestObject("FIM/Username_txt"), 10): Object 'Object Repository/FIM/Username_txt' is present

21-10-2025T20:32:56 - [MESSAGE][PASSED] - Object 'Object Repository/FIM/Username_txt' is present

21-10-2025T20:32:56 - [TEST_STEP][PASSED] - setText(findTestObject("FIM/Username_txt"), FIMUsername): Text 'Chris.Sheldon+DES_QA@Thekag.com' is set on object 'Object Repository/FIM/Username_txt'

21-10-2025T20:32:56 - [MESSAGE][PASSED] - Text 'Chris.Sheldon+DES_QA@Thekag.com' is set on object 'Object Repository/FIM/Username_txt'

21-10-2025T20:32:56 - [TEST_STEP][PASSED] - delay(1): Delayed 1 second(s)

21-10-2025T20:32:57 - [MESSAGE][PASSED] - Delayed 1 second(s)

21-10-2025T20:32:57 - [TEST_STEP][PASSED] - setText(findTestObject("FIM/Password_txt"), FIMPassword): Text 'QATest!2' is set on object 'Object Repository/FIM/Password_txt'

21-10-2025T20:32:57 - [MESSAGE][PASSED] - Text 'QATest!2' is set on object 'Object Repository/FIM/Password_txt'

21-10-2025T20:32:57 - [TEST_STEP][PASSED] - delay(1): Delayed 1 second(s)

21-10-2025T20:32:58 - [MESSAGE][PASSED] - Delayed 1 second(s)

21-10-2025T20:32:58 - [TEST_STEP][PASSED] - click(findTestObject("FIM/Login_btn")): Object: 'Object Repository/FIM/Login_btn' is clicked on

21-10-2025T20:32:58 - [MESSAGE][PASSED] - Object: 'Object Repository/FIM/Login_btn' is clicked on

21-10-2025T20:32:58 - [MESSAGE][PASSED] - Call Test Case 'Test Cases/Utility Scripts/FIM KGL Admin Login' successfully

21-10-2025T20:32:58 - [TEST_STEP][PASSED] - if (verifyElementVisible(findTestObject("FIM/Server_Notification_Close_btn"), OPTIONAL) == true): Web element with id: 'Object Repository/FIM/Server_Notification_Close_btn' located by '/html/body/div/div[1]/button' not found (Root cause: com.kms.katalon.core.exception.StepFailedException: Web element with id: 'Object Repository/FIM/Server_Notification_Close_btn' located by '/html/body/div/div[1]/button' not found
	at com.kms.katalon.core.webui.keyword.internal.WebUIKeywordMain.stepFailed(WebUIKeywordMain.groovy:117)
	at com.kms.katalon.core.webui.keyword.builtin.VerifyElementVisibleKeyword$_verifyElementVisible_closure1.doCall(VerifyElementVisibleKeyword.groovy:89)
	at com.kms.katalon.core.webui.keyword.builtin.VerifyElementVisibleKeyword$_verifyElementVisible_closure1.call(VerifyElementVisibleKeyword.groovy)
	at com.kms.katalon.core.webui.keyword.internal.WebUIKeywordMain.runKeyword(WebUIKeywordMain.groovy:35)
	at com.kms.katalon.core.webui.keyword.builtin.VerifyElementVisibleKeyword.verifyElementVisible(VerifyElementVisibleKeyword.groovy:97)
	at com.kms.katalon.core.webui.keyword.builtin.VerifyElementVisibleKeyword.execute(VerifyElementVisibleKeyword.groovy:67)
	at com.kms.katalon.core.keyword.internal.KeywordExecutor.executeKeywordForPlatform(KeywordExecutor.groovy:74)
	at com.kms.katalon.core.webui.keyword.WebUiBuiltInKeywords.verifyElementVisible(WebUiBuiltInKeywords.groovy:401)
	at com.kms.katalon.core.webui.keyword.WebUiBuiltInKeywords$verifyElementVisible$5.call(Unknown Source)
	at Verification of Days of Supply Toggle.run(Verification of Days of Supply Toggle:22)
	at com.kms.katalon.core.main.ScriptEngine.run(ScriptEngine.java:194)
	at com.kms.katalon.core.main.ScriptEngine.runScriptAsRawText(ScriptEngine.java:119)
	at com.kms.katalon.core.main.TestCaseExecutor.runScript(TestCaseExecutor.java:448)
	at com.kms.katalon.core.main.TestCaseExecutor.doExecute(TestCaseExecutor.java:439)
	at com.kms.katalon.core.main.TestCaseExecutor.processExecutionPhase(TestCaseExecutor.java:418)
	at com.kms.katalon.core.main.TestCaseExecutor.accessMainPhase(TestCaseExecutor.java:410)
	at com.kms.katalon.core.main.TestCaseExecutor.execute(TestCaseExecutor.java:285)
	at com.kms.katalon.core.common.CommonExecutor.accessTestCaseMainPhase(CommonExecutor.java:65)
	at com.kms.katalon.core.main.TestSuiteExecutor.accessTestSuiteMainPhase(TestSuiteExecutor.java:150)
	at com.kms.katalon.core.main.TestSuiteExecutor.execute(TestSuiteExecutor.java:106)
	at com.kms.katalon.core.main.TestCaseMain.startTestSuite(TestCaseMain.java:180)
	at com.kms.katalon.core.main.TestCaseMain$startTestSuite$0.call(Unknown Source)
	at TempTestSuite1761090764033.run(TempTestSuite1761090764033.groovy:35)
	at java.base/jdk.internal.reflect.NativeMethodAccessorImpl.invoke0(Native Method)
	at java.base/jdk.internal.reflect.NativeMethodAccessorImpl.invoke(NativeMethodAccessorImpl.java:77)
	at java.base/jdk.internal.reflect.DelegatingMethodAccessorImpl.invoke(DelegatingMethodAccessorImpl.java:43)
)

21-10-2025T20:33:14 - [MESSAGE][INFO] - Unable to find the element located by 'By.xpath: /html/body/div/div[1]/button'. Please recheck the objects properties to make sure the desired element is located. 

21-10-2025T20:33:14 - [MESSAGE][WARNING] - [SELF-HEALING] Failed to find element with id 'Object Repository/FIM/Server_Notification_Close_btn'. Try using Self-healing.

21-10-2025T20:33:15 - [MESSAGE][INFO] - [SELF-HEALING] No working XPath is found.

21-10-2025T20:33:17 - [MESSAGE][INFO] - Unable to find the element located by 'By.xpath: '. Please recheck the objects properties to make sure the desired element is located. 

21-10-2025T20:33:17 - [MESSAGE][WARNING] - [SELF-HEALING] Cannot find elements when the selector is null

21-10-2025T20:33:17 - [MESSAGE][WARNING] - Web element with id: 'Object Repository/FIM/Server_Notification_Close_btn' located by '/html/body/div/div[1]/button' not found (Root cause: com.kms.katalon.core.exception.StepFailedException: Web element with id: 'Object Repository/FIM/Server_Notification_Close_btn' located by '/html/body/div/div[1]/button' not found
	at com.kms.katalon.core.webui.keyword.internal.WebUIKeywordMain.stepFailed(WebUIKeywordMain.groovy:117)
	at com.kms.katalon.core.webui.keyword.builtin.VerifyElementVisibleKeyword$_verifyElementVisible_closure1.doCall(VerifyElementVisibleKeyword.groovy:89)
	at com.kms.katalon.core.webui.keyword.builtin.VerifyElementVisibleKeyword$_verifyElementVisible_closure1.call(VerifyElementVisibleKeyword.groovy)
	at com.kms.katalon.core.webui.keyword.internal.WebUIKeywordMain.runKeyword(WebUIKeywordMain.groovy:35)
	at com.kms.katalon.core.webui.keyword.builtin.VerifyElementVisibleKeyword.verifyElementVisible(VerifyElementVisibleKeyword.groovy:97)
	at com.kms.katalon.core.webui.keyword.builtin.VerifyElementVisibleKeyword.execute(VerifyElementVisibleKeyword.groovy:67)
	at com.kms.katalon.core.keyword.internal.KeywordExecutor.executeKeywordForPlatform(KeywordExecutor.groovy:74)
	at com.kms.katalon.core.webui.keyword.WebUiBuiltInKeywords.verifyElementVisible(WebUiBuiltInKeywords.groovy:401)
	at com.kms.katalon.core.webui.keyword.WebUiBuiltInKeywords$verifyElementVisible$5.call(Unknown Source)
	at Verification of Days of Supply Toggle.run(Verification of Days of Supply Toggle:22)
	at com.kms.katalon.core.main.ScriptEngine.run(ScriptEngine.java:194)
	at com.kms.katalon.core.main.ScriptEngine.runScriptAsRawText(ScriptEngine.java:119)
	at com.kms.katalon.core.main.TestCaseExecutor.runScript(TestCaseExecutor.java:448)
	at com.kms.katalon.core.main.TestCaseExecutor.doExecute(TestCaseExecutor.java:439)
	at com.kms.katalon.core.main.TestCaseExecutor.processExecutionPhase(TestCaseExecutor.java:418)
	at com.kms.katalon.core.main.TestCaseExecutor.accessMainPhase(TestCaseExecutor.java:410)
	at com.kms.katalon.core.main.TestCaseExecutor.execute(TestCaseExecutor.java:285)
	at com.kms.katalon.core.common.CommonExecutor.accessTestCaseMainPhase(CommonExecutor.java:65)
	at com.kms.katalon.core.main.TestSuiteExecutor.accessTestSuiteMainPhase(TestSuiteExecutor.java:150)
	at com.kms.katalon.core.main.TestSuiteExecutor.execute(TestSuiteExecutor.java:106)
	at com.kms.katalon.core.main.TestCaseMain.startTestSuite(TestCaseMain.java:180)
	at com.kms.katalon.core.main.TestCaseMain$startTestSuite$0.call(Unknown Source)
	at TempTestSuite1761090764033.run(TempTestSuite1761090764033.groovy:35)
	at java.base/jdk.internal.reflect.NativeMethodAccessorImpl.invoke0(Native Method)
	at java.base/jdk.internal.reflect.NativeMethodAccessorImpl.invoke(NativeMethodAccessorImpl.java:77)
	at java.base/jdk.internal.reflect.DelegatingMethodAccessorImpl.invoke(DelegatingMethodAccessorImpl.java:43)
)

21-10-2025T20:33:17 - [TEST_STEP][PASSED] - delay(1): Delayed 1 second(s)

21-10-2025T20:33:18 - [MESSAGE][PASSED] - Delayed 1 second(s)

21-10-2025T20:33:18 - [TEST_STEP][PASSED] - click(findTestObject("FIM/Hamburger Menu List/Hamburger_menu")): Object: 'Object Repository/FIM/Hamburger Menu List/Hamburger_menu' is clicked on

21-10-2025T20:33:19 - [MESSAGE][PASSED] - Object: 'Object Repository/FIM/Hamburger Menu List/Hamburger_menu' is clicked on

21-10-2025T20:33:19 - [TEST_STEP][PASSED] - verifyElementPresent(findTestObject("FIM/Hamburger Menu List/Sites_list (1)"), 10): Object 'Object Repository/FIM/Hamburger Menu List/Sites_list (1)' is present

21-10-2025T20:33:19 - [MESSAGE][PASSED] - Object 'Object Repository/FIM/Hamburger Menu List/Sites_list (1)' is present

21-10-2025T20:33:19 - [TEST_STEP][PASSED] - delay(1): Delayed 1 second(s)

21-10-2025T20:33:20 - [MESSAGE][PASSED] - Delayed 1 second(s)

21-10-2025T20:33:20 - [TEST_STEP][PASSED] - click(findTestObject("FIM/Hamburger Menu List/Sites_list (1)")): Object: 'Object Repository/FIM/Hamburger Menu List/Sites_list (1)' is clicked on

21-10-2025T20:33:20 - [MESSAGE][PASSED] - Object: 'Object Repository/FIM/Hamburger Menu List/Sites_list (1)' is clicked on

21-10-2025T20:33:20 - [TEST_STEP][PASSED] - waitForElementPresent(findTestObject("FIM/Sites Page/Calculator/Calculator Tab"), 10): Object 'Object Repository/FIM/Sites Page/Calculator/Calculator Tab' is present

21-10-2025T20:33:21 - [MESSAGE][PASSED] - Object 'Object Repository/FIM/Sites Page/Calculator/Calculator Tab' is present

21-10-2025T20:33:21 - [TEST_STEP][PASSED] - delay(1): Delayed 1 second(s)

21-10-2025T20:33:22 - [MESSAGE][PASSED] - Delayed 1 second(s)

21-10-2025T20:33:22 - [TEST_STEP][PASSED] - selectOptionByLabel(findTestObject("FIM/Sites Page/Site Filtering/Region Selection_dropdown"), "KAG LOGISTICS", false): All options with label 'KAG LOGISTICS' are selected in object 'Object Repository/FIM/Sites Page/Site Filtering/Region Selection_dropdown' 

21-10-2025T20:33:22 - [MESSAGE][PASSED] - All options with label 'KAG LOGISTICS' are selected in object 'Object Repository/FIM/Sites Page/Site Filtering/Region Selection_dropdown' 

21-10-2025T20:33:22 - [TEST_STEP][PASSED] - i = 0: null

21-10-2025T20:33:22 - [TEST_STEP][PASSED] - while (i < 60 == true): null

21-10-2025T20:33:22 - [TEST_STEP][PASSED] - sendKeys(findTestObject("FIM/Sites Page/Site Filtering/Site_txt"), Keys.chord(BACK_SPACE), STOP_ON_FAILURE): Keys 'BACK_SPACE + ' sent to object: 'Object Repository/FIM/Sites Page/Site Filtering/Site_txt'

21-10-2025T20:33:23 - [MESSAGE][PASSED] - Keys 'BACK_SPACE + ' sent to object: 'Object Repository/FIM/Sites Page/Site Filtering/Site_txt'

21-10-2025T20:33:23 - [TEST_STEP][PASSED] - (i++): null

21-10-2025T20:33:23 - [TEST_STEP][PASSED] - sendKeys(findTestObject("FIM/Sites Page/Site Filtering/Site_txt"), Keys.chord(BACK_SPACE), STOP_ON_FAILURE): Keys 'BACK_SPACE + ' sent to object: 'Object Repository/FIM/Sites Page/Site Filtering/Site_txt'

21-10-2025T20:33:23 - [MESSAGE][PASSED] - Keys 'BACK_SPACE + ' sent to object: 'Object Repository/FIM/Sites Page/Site Filtering/Site_txt'

21-10-2025T20:33:23 - [TEST_STEP][PASSED] - (i++): null

21-10-2025T20:33:23 - [TEST_STEP][PASSED] - sendKeys(findTestObject("FIM/Sites Page/Site Filtering/Site_txt"), Keys.chord(BACK_SPACE), STOP_ON_FAILURE): Keys 'BACK_SPACE + ' sent to object: 'Object Repository/FIM/Sites Page/Site Filtering/Site_txt'

21-10-2025T20:33:23 - [MESSAGE][PASSED] - Keys 'BACK_SPACE + ' sent to object: 'Object Repository/FIM/Sites Page/Site Filtering/Site_txt'

21-10-2025T20:33:23 - [TEST_STEP][PASSED] - (i++): null

21-10-2025T20:33:23 - [TEST_STEP][PASSED] - sendKeys(findTestObject("FIM/Sites Page/Site Filtering/Site_txt"), Keys.chord(BACK_SPACE), STOP_ON_FAILURE): Keys 'BACK_SPACE + ' sent to object: 'Object Repository/FIM/Sites Page/Site Filtering/Site_txt'

21-10-2025T20:33:23 - [MESSAGE][PASSED] - Keys 'BACK_SPACE + ' sent to object: 'Object Repository/FIM/Sites Page/Site Filtering/Site_txt'

21-10-2025T20:33:23 - [TEST_STEP][PASSED] - (i++): null

21-10-2025T20:33:23 - [TEST_STEP][PASSED] - sendKeys(findTestObject("FIM/Sites Page/Site Filtering/Site_txt"), Keys.chord(BACK_SPACE), STOP_ON_FAILURE): Keys 'BACK_SPACE + ' sent to object: 'Object Repository/FIM/Sites Page/Site Filtering/Site_txt'

21-10-2025T20:33:23 - [MESSAGE][PASSED] - Keys 'BACK_SPACE + ' sent to object: 'Object Repository/FIM/Sites Page/Site Filtering/Site_txt'

21-10-2025T20:33:23 - [TEST_STEP][PASSED] - (i++): null

21-10-2025T20:33:23 - [TEST_STEP][PASSED] - sendKeys(findTestObject("FIM/Sites Page/Site Filtering/Site_txt"), Keys.chord(BACK_SPACE), STOP_ON_FAILURE): Keys 'BACK_SPACE + ' sent to object: 'Object Repository/FIM/Sites Page/Site Filtering/Site_txt'

21-10-2025T20:33:23 - [MESSAGE][PASSED] - Keys 'BACK_SPACE + ' sent to object: 'Object Repository/FIM/Sites Page/Site Filtering/Site_txt'

21-10-2025T20:33:23 - [TEST_STEP][PASSED] - (i++): null

21-10-2025T20:33:23 - [TEST_STEP][PASSED] - sendKeys(findTestObject("FIM/Sites Page/Site Filtering/Site_txt"), Keys.chord(BACK_SPACE), STOP_ON_FAILURE): Keys 'BACK_SPACE + ' sent to object: 'Object Repository/FIM/Sites Page/Site Filtering/Site_txt'

21-10-2025T20:33:23 - [MESSAGE][PASSED] - Keys 'BACK_SPACE + ' sent to object: 'Object Repository/FIM/Sites Page/Site Filtering/Site_txt'

21-10-2025T20:33:23 - [TEST_STEP][PASSED] - (i++): null

21-10-2025T20:33:23 - [TEST_STEP][PASSED] - sendKeys(findTestObject("FIM/Sites Page/Site Filtering/Site_txt"), Keys.chord(BACK_SPACE), STOP_ON_FAILURE): Keys 'BACK_SPACE + ' sent to object: 'Object Repository/FIM/Sites Page/Site Filtering/Site_txt'

21-10-2025T20:33:23 - [MESSAGE][PASSED] - Keys 'BACK_SPACE + ' sent to object: 'Object Repository/FIM/Sites Page/Site Filtering/Site_txt'

21-10-2025T20:33:23 - [TEST_STEP][PASSED] - (i++): null

21-10-2025T20:33:23 - [TEST_STEP][PASSED] - sendKeys(findTestObject("FIM/Sites Page/Site Filtering/Site_txt"), Keys.chord(BACK_SPACE), STOP_ON_FAILURE): Keys 'BACK_SPACE + ' sent to object: 'Object Repository/FIM/Sites Page/Site Filtering/Site_txt'

21-10-2025T20:33:23 - [MESSAGE][PASSED] - Keys 'BACK_SPACE + ' sent to object: 'Object Repository/FIM/Sites Page/Site Filtering/Site_txt'

21-10-2025T20:33:23 - [TEST_STEP][PASSED] - (i++): null

21-10-2025T20:33:23 - [TEST_STEP][PASSED] - sendKeys(findTestObject("FIM/Sites Page/Site Filtering/Site_txt"), Keys.chord(BACK_SPACE), STOP_ON_FAILURE): Keys 'BACK_SPACE + ' sent to object: 'Object Repository/FIM/Sites Page/Site Filtering/Site_txt'

21-10-2025T20:33:23 - [MESSAGE][PASSED] - Keys 'BACK_SPACE + ' sent to object: 'Object Repository/FIM/Sites Page/Site Filtering/Site_txt'

21-10-2025T20:33:23 - [TEST_STEP][PASSED] - (i++): null

21-10-2025T20:33:23 - [TEST_STEP][PASSED] - sendKeys(findTestObject("FIM/Sites Page/Site Filtering/Site_txt"), Keys.chord(BACK_SPACE), STOP_ON_FAILURE): Keys 'BACK_SPACE + ' sent to object: 'Object Repository/FIM/Sites Page/Site Filtering/Site_txt'

21-10-2025T20:33:23 - [MESSAGE][PASSED] - Keys 'BACK_SPACE + ' sent to object: 'Object Repository/FIM/Sites Page/Site Filtering/Site_txt'

21-10-2025T20:33:23 - [TEST_STEP][PASSED] - (i++): null

21-10-2025T20:33:23 - [TEST_STEP][PASSED] - sendKeys(findTestObject("FIM/Sites Page/Site Filtering/Site_txt"), Keys.chord(BACK_SPACE), STOP_ON_FAILURE): Keys 'BACK_SPACE + ' sent to object: 'Object Repository/FIM/Sites Page/Site Filtering/Site_txt'

21-10-2025T20:33:23 - [MESSAGE][PASSED] - Keys 'BACK_SPACE + ' sent to object: 'Object Repository/FIM/Sites Page/Site Filtering/Site_txt'

21-10-2025T20:33:23 - [TEST_STEP][PASSED] - (i++): null

21-10-2025T20:33:23 - [TEST_STEP][PASSED] - sendKeys(findTestObject("FIM/Sites Page/Site Filtering/Site_txt"), Keys.chord(BACK_SPACE), STOP_ON_FAILURE): Keys 'BACK_SPACE + ' sent to object: 'Object Repository/FIM/Sites Page/Site Filtering/Site_txt'

21-10-2025T20:33:23 - [MESSAGE][PASSED] - Keys 'BACK_SPACE + ' sent to object: 'Object Repository/FIM/Sites Page/Site Filtering/Site_txt'

21-10-2025T20:33:23 - [TEST_STEP][PASSED] - (i++): null

21-10-2025T20:33:23 - [TEST_STEP][PASSED] - sendKeys(findTestObject("FIM/Sites Page/Site Filtering/Site_txt"), Keys.chord(BACK_SPACE), STOP_ON_FAILURE): Keys 'BACK_SPACE + ' sent to object: 'Object Repository/FIM/Sites Page/Site Filtering/Site_txt'

21-10-2025T20:33:23 - [MESSAGE][PASSED] - Keys 'BACK_SPACE + ' sent to object: 'Object Repository/FIM/Sites Page/Site Filtering/Site_txt'

21-10-2025T20:33:23 - [TEST_STEP][PASSED] - (i++): null

21-10-2025T20:33:23 - [TEST_STEP][PASSED] - sendKeys(findTestObject("FIM/Sites Page/Site Filtering/Site_txt"), Keys.chord(BACK_SPACE), STOP_ON_FAILURE): Keys 'BACK_SPACE + ' sent to object: 'Object Repository/FIM/Sites Page/Site Filtering/Site_txt'

21-10-2025T20:33:24 - [MESSAGE][PASSED] - Keys 'BACK_SPACE + ' sent to object: 'Object Repository/FIM/Sites Page/Site Filtering/Site_txt'

21-10-2025T20:33:24 - [TEST_STEP][PASSED] - (i++): null

21-10-2025T20:33:24 - [TEST_STEP][PASSED] - sendKeys(findTestObject("FIM/Sites Page/Site Filtering/Site_txt"), Keys.chord(BACK_SPACE), STOP_ON_FAILURE): Keys 'BACK_SPACE + ' sent to object: 'Object Repository/FIM/Sites Page/Site Filtering/Site_txt'

21-10-2025T20:33:24 - [MESSAGE][PASSED] - Keys 'BACK_SPACE + ' sent to object: 'Object Repository/FIM/Sites Page/Site Filtering/Site_txt'

21-10-2025T20:33:24 - [TEST_STEP][PASSED] - (i++): null

21-10-2025T20:33:24 - [TEST_STEP][PASSED] - sendKeys(findTestObject("FIM/Sites Page/Site Filtering/Site_txt"), Keys.chord(BACK_SPACE), STOP_ON_FAILURE): Keys 'BACK_SPACE + ' sent to object: 'Object Repository/FIM/Sites Page/Site Filtering/Site_txt'

21-10-2025T20:33:24 - [MESSAGE][PASSED] - Keys 'BACK_SPACE + ' sent to object: 'Object Repository/FIM/Sites Page/Site Filtering/Site_txt'

21-10-2025T20:33:24 - [TEST_STEP][PASSED] - (i++): null

21-10-2025T20:33:24 - [TEST_STEP][PASSED] - sendKeys(findTestObject("FIM/Sites Page/Site Filtering/Site_txt"), Keys.chord(BACK_SPACE), STOP_ON_FAILURE): Keys 'BACK_SPACE + ' sent to object: 'Object Repository/FIM/Sites Page/Site Filtering/Site_txt'

21-10-2025T20:33:24 - [MESSAGE][PASSED] - Keys 'BACK_SPACE + ' sent to object: 'Object Repository/FIM/Sites Page/Site Filtering/Site_txt'

21-10-2025T20:33:24 - [TEST_STEP][PASSED] - (i++): null

21-10-2025T20:33:24 - [TEST_STEP][PASSED] - sendKeys(findTestObject("FIM/Sites Page/Site Filtering/Site_txt"), Keys.chord(BACK_SPACE), STOP_ON_FAILURE): Keys 'BACK_SPACE + ' sent to object: 'Object Repository/FIM/Sites Page/Site Filtering/Site_txt'

21-10-2025T20:33:24 - [MESSAGE][PASSED] - Keys 'BACK_SPACE + ' sent to object: 'Object Repository/FIM/Sites Page/Site Filtering/Site_txt'

21-10-2025T20:33:24 - [TEST_STEP][PASSED] - (i++): null

21-10-2025T20:33:24 - [TEST_STEP][PASSED] - sendKeys(findTestObject("FIM/Sites Page/Site Filtering/Site_txt"), Keys.chord(BACK_SPACE), STOP_ON_FAILURE): Keys 'BACK_SPACE + ' sent to object: 'Object Repository/FIM/Sites Page/Site Filtering/Site_txt'

21-10-2025T20:33:24 - [MESSAGE][PASSED] - Keys 'BACK_SPACE + ' sent to object: 'Object Repository/FIM/Sites Page/Site Filtering/Site_txt'

21-10-2025T20:33:24 - [TEST_STEP][PASSED] - (i++): null

21-10-2025T20:33:24 - [TEST_STEP][PASSED] - sendKeys(findTestObject("FIM/Sites Page/Site Filtering/Site_txt"), Keys.chord(BACK_SPACE), STOP_ON_FAILURE): Keys 'BACK_SPACE + ' sent to object: 'Object Repository/FIM/Sites Page/Site Filtering/Site_txt'

21-10-2025T20:33:24 - [MESSAGE][PASSED] - Keys 'BACK_SPACE + ' sent to object: 'Object Repository/FIM/Sites Page/Site Filtering/Site_txt'

21-10-2025T20:33:24 - [TEST_STEP][PASSED] - (i++): null

21-10-2025T20:33:24 - [TEST_STEP][PASSED] - sendKeys(findTestObject("FIM/Sites Page/Site Filtering/Site_txt"), Keys.chord(BACK_SPACE), STOP_ON_FAILURE): Keys 'BACK_SPACE + ' sent to object: 'Object Repository/FIM/Sites Page/Site Filtering/Site_txt'

21-10-2025T20:33:24 - [MESSAGE][PASSED] - Keys 'BACK_SPACE + ' sent to object: 'Object Repository/FIM/Sites Page/Site Filtering/Site_txt'

21-10-2025T20:33:24 - [TEST_STEP][PASSED] - (i++): null

21-10-2025T20:33:24 - [TEST_STEP][PASSED] - sendKeys(findTestObject("FIM/Sites Page/Site Filtering/Site_txt"), Keys.chord(BACK_SPACE), STOP_ON_FAILURE): Keys 'BACK_SPACE + ' sent to object: 'Object Repository/FIM/Sites Page/Site Filtering/Site_txt'

21-10-2025T20:33:24 - [MESSAGE][PASSED] - Keys 'BACK_SPACE + ' sent to object: 'Object Repository/FIM/Sites Page/Site Filtering/Site_txt'

21-10-2025T20:33:24 - [TEST_STEP][PASSED] - (i++): null

21-10-2025T20:33:24 - [TEST_STEP][PASSED] - sendKeys(findTestObject("FIM/Sites Page/Site Filtering/Site_txt"), Keys.chord(BACK_SPACE), STOP_ON_FAILURE): Keys 'BACK_SPACE + ' sent to object: 'Object Repository/FIM/Sites Page/Site Filtering/Site_txt'

21-10-2025T20:33:24 - [MESSAGE][PASSED] - Keys 'BACK_SPACE + ' sent to object: 'Object Repository/FIM/Sites Page/Site Filtering/Site_txt'

21-10-2025T20:33:24 - [TEST_STEP][PASSED] - (i++): null

21-10-2025T20:33:24 - [TEST_STEP][PASSED] - sendKeys(findTestObject("FIM/Sites Page/Site Filtering/Site_txt"), Keys.chord(BACK_SPACE), STOP_ON_FAILURE): Keys 'BACK_SPACE + ' sent to object: 'Object Repository/FIM/Sites Page/Site Filtering/Site_txt'

21-10-2025T20:33:24 - [MESSAGE][PASSED] - Keys 'BACK_SPACE + ' sent to object: 'Object Repository/FIM/Sites Page/Site Filtering/Site_txt'

21-10-2025T20:33:24 - [TEST_STEP][PASSED] - (i++): null

21-10-2025T20:33:24 - [TEST_STEP][PASSED] - sendKeys(findTestObject("FIM/Sites Page/Site Filtering/Site_txt"), Keys.chord(BACK_SPACE), STOP_ON_FAILURE): Keys 'BACK_SPACE + ' sent to object: 'Object Repository/FIM/Sites Page/Site Filtering/Site_txt'

21-10-2025T20:33:24 - [MESSAGE][PASSED] - Keys 'BACK_SPACE + ' sent to object: 'Object Repository/FIM/Sites Page/Site Filtering/Site_txt'

21-10-2025T20:33:24 - [TEST_STEP][PASSED] - (i++): null

21-10-2025T20:33:24 - [TEST_STEP][PASSED] - sendKeys(findTestObject("FIM/Sites Page/Site Filtering/Site_txt"), Keys.chord(BACK_SPACE), STOP_ON_FAILURE): Keys 'BACK_SPACE + ' sent to object: 'Object Repository/FIM/Sites Page/Site Filtering/Site_txt'

21-10-2025T20:33:24 - [MESSAGE][PASSED] - Keys 'BACK_SPACE + ' sent to object: 'Object Repository/FIM/Sites Page/Site Filtering/Site_txt'

21-10-2025T20:33:24 - [TEST_STEP][PASSED] - (i++): null

21-10-2025T20:33:24 - [TEST_STEP][PASSED] - sendKeys(findTestObject("FIM/Sites Page/Site Filtering/Site_txt"), Keys.chord(BACK_SPACE), STOP_ON_FAILURE): Keys 'BACK_SPACE + ' sent to object: 'Object Repository/FIM/Sites Page/Site Filtering/Site_txt'

21-10-2025T20:33:24 - [MESSAGE][PASSED] - Keys 'BACK_SPACE + ' sent to object: 'Object Repository/FIM/Sites Page/Site Filtering/Site_txt'

21-10-2025T20:33:24 - [TEST_STEP][PASSED] - (i++): null

21-10-2025T20:33:24 - [TEST_STEP][PASSED] - sendKeys(findTestObject("FIM/Sites Page/Site Filtering/Site_txt"), Keys.chord(BACK_SPACE), STOP_ON_FAILURE): Keys 'BACK_SPACE + ' sent to object: 'Object Repository/FIM/Sites Page/Site Filtering/Site_txt'

21-10-2025T20:33:24 - [MESSAGE][PASSED] - Keys 'BACK_SPACE + ' sent to object: 'Object Repository/FIM/Sites Page/Site Filtering/Site_txt'

21-10-2025T20:33:24 - [TEST_STEP][PASSED] - (i++): null

21-10-2025T20:33:24 - [TEST_STEP][PASSED] - sendKeys(findTestObject("FIM/Sites Page/Site Filtering/Site_txt"), Keys.chord(BACK_SPACE), STOP_ON_FAILURE): Keys 'BACK_SPACE + ' sent to object: 'Object Repository/FIM/Sites Page/Site Filtering/Site_txt'

21-10-2025T20:33:24 - [MESSAGE][PASSED] - Keys 'BACK_SPACE + ' sent to object: 'Object Repository/FIM/Sites Page/Site Filtering/Site_txt'

21-10-2025T20:33:24 - [TEST_STEP][PASSED] - (i++): null

21-10-2025T20:33:24 - [TEST_STEP][PASSED] - sendKeys(findTestObject("FIM/Sites Page/Site Filtering/Site_txt"), Keys.chord(BACK_SPACE), STOP_ON_FAILURE): Keys 'BACK_SPACE + ' sent to object: 'Object Repository/FIM/Sites Page/Site Filtering/Site_txt'

21-10-2025T20:33:24 - [MESSAGE][PASSED] - Keys 'BACK_SPACE + ' sent to object: 'Object Repository/FIM/Sites Page/Site Filtering/Site_txt'

21-10-2025T20:33:24 - [TEST_STEP][PASSED] - (i++): null

21-10-2025T20:33:24 - [TEST_STEP][PASSED] - sendKeys(findTestObject("FIM/Sites Page/Site Filtering/Site_txt"), Keys.chord(BACK_SPACE), STOP_ON_FAILURE): Keys 'BACK_SPACE + ' sent to object: 'Object Repository/FIM/Sites Page/Site Filtering/Site_txt'

21-10-2025T20:33:24 - [MESSAGE][PASSED] - Keys 'BACK_SPACE + ' sent to object: 'Object Repository/FIM/Sites Page/Site Filtering/Site_txt'

21-10-2025T20:33:24 - [TEST_STEP][PASSED] - (i++): null

21-10-2025T20:33:24 - [TEST_STEP][PASSED] - sendKeys(findTestObject("FIM/Sites Page/Site Filtering/Site_txt"), Keys.chord(BACK_SPACE), STOP_ON_FAILURE): Keys 'BACK_SPACE + ' sent to object: 'Object Repository/FIM/Sites Page/Site Filtering/Site_txt'

21-10-2025T20:33:25 - [MESSAGE][PASSED] - Keys 'BACK_SPACE + ' sent to object: 'Object Repository/FIM/Sites Page/Site Filtering/Site_txt'

21-10-2025T20:33:25 - [TEST_STEP][PASSED] - (i++): null

21-10-2025T20:33:25 - [TEST_STEP][PASSED] - sendKeys(findTestObject("FIM/Sites Page/Site Filtering/Site_txt"), Keys.chord(BACK_SPACE), STOP_ON_FAILURE): Keys 'BACK_SPACE + ' sent to object: 'Object Repository/FIM/Sites Page/Site Filtering/Site_txt'

21-10-2025T20:33:25 - [MESSAGE][PASSED] - Keys 'BACK_SPACE + ' sent to object: 'Object Repository/FIM/Sites Page/Site Filtering/Site_txt'

21-10-2025T20:33:25 - [TEST_STEP][PASSED] - (i++): null

21-10-2025T20:33:25 - [TEST_STEP][PASSED] - sendKeys(findTestObject("FIM/Sites Page/Site Filtering/Site_txt"), Keys.chord(BACK_SPACE), STOP_ON_FAILURE): Keys 'BACK_SPACE + ' sent to object: 'Object Repository/FIM/Sites Page/Site Filtering/Site_txt'

21-10-2025T20:33:25 - [MESSAGE][PASSED] - Keys 'BACK_SPACE + ' sent to object: 'Object Repository/FIM/Sites Page/Site Filtering/Site_txt'

21-10-2025T20:33:25 - [TEST_STEP][PASSED] - (i++): null

21-10-2025T20:33:25 - [TEST_STEP][PASSED] - sendKeys(findTestObject("FIM/Sites Page/Site Filtering/Site_txt"), Keys.chord(BACK_SPACE), STOP_ON_FAILURE): Keys 'BACK_SPACE + ' sent to object: 'Object Repository/FIM/Sites Page/Site Filtering/Site_txt'

21-10-2025T20:33:25 - [MESSAGE][PASSED] - Keys 'BACK_SPACE + ' sent to object: 'Object Repository/FIM/Sites Page/Site Filtering/Site_txt'

21-10-2025T20:33:25 - [TEST_STEP][PASSED] - (i++): null

21-10-2025T20:33:25 - [TEST_STEP][PASSED] - sendKeys(findTestObject("FIM/Sites Page/Site Filtering/Site_txt"), Keys.chord(BACK_SPACE), STOP_ON_FAILURE): Keys 'BACK_SPACE + ' sent to object: 'Object Repository/FIM/Sites Page/Site Filtering/Site_txt'

21-10-2025T20:33:25 - [MESSAGE][PASSED] - Keys 'BACK_SPACE + ' sent to object: 'Object Repository/FIM/Sites Page/Site Filtering/Site_txt'

21-10-2025T20:33:25 - [TEST_STEP][PASSED] - (i++): null

21-10-2025T20:33:25 - [TEST_STEP][PASSED] - sendKeys(findTestObject("FIM/Sites Page/Site Filtering/Site_txt"), Keys.chord(BACK_SPACE), STOP_ON_FAILURE): Keys 'BACK_SPACE + ' sent to object: 'Object Repository/FIM/Sites Page/Site Filtering/Site_txt'

21-10-2025T20:33:25 - [MESSAGE][PASSED] - Keys 'BACK_SPACE + ' sent to object: 'Object Repository/FIM/Sites Page/Site Filtering/Site_txt'

21-10-2025T20:33:25 - [TEST_STEP][PASSED] - (i++): null

21-10-2025T20:33:25 - [TEST_STEP][PASSED] - sendKeys(findTestObject("FIM/Sites Page/Site Filtering/Site_txt"), Keys.chord(BACK_SPACE), STOP_ON_FAILURE): Keys 'BACK_SPACE + ' sent to object: 'Object Repository/FIM/Sites Page/Site Filtering/Site_txt'

21-10-2025T20:33:25 - [MESSAGE][PASSED] - Keys 'BACK_SPACE + ' sent to object: 'Object Repository/FIM/Sites Page/Site Filtering/Site_txt'

21-10-2025T20:33:25 - [TEST_STEP][PASSED] - (i++): null

21-10-2025T20:33:25 - [TEST_STEP][PASSED] - sendKeys(findTestObject("FIM/Sites Page/Site Filtering/Site_txt"), Keys.chord(BACK_SPACE), STOP_ON_FAILURE): Keys 'BACK_SPACE + ' sent to object: 'Object Repository/FIM/Sites Page/Site Filtering/Site_txt'

21-10-2025T20:33:25 - [MESSAGE][PASSED] - Keys 'BACK_SPACE + ' sent to object: 'Object Repository/FIM/Sites Page/Site Filtering/Site_txt'

21-10-2025T20:33:25 - [TEST_STEP][PASSED] - (i++): null

21-10-2025T20:33:25 - [TEST_STEP][PASSED] - sendKeys(findTestObject("FIM/Sites Page/Site Filtering/Site_txt"), Keys.chord(BACK_SPACE), STOP_ON_FAILURE): Keys 'BACK_SPACE + ' sent to object: 'Object Repository/FIM/Sites Page/Site Filtering/Site_txt'

21-10-2025T20:33:25 - [MESSAGE][PASSED] - Keys 'BACK_SPACE + ' sent to object: 'Object Repository/FIM/Sites Page/Site Filtering/Site_txt'

21-10-2025T20:33:25 - [TEST_STEP][PASSED] - (i++): null

21-10-2025T20:33:25 - [TEST_STEP][PASSED] - sendKeys(findTestObject("FIM/Sites Page/Site Filtering/Site_txt"), Keys.chord(BACK_SPACE), STOP_ON_FAILURE): Keys 'BACK_SPACE + ' sent to object: 'Object Repository/FIM/Sites Page/Site Filtering/Site_txt'

21-10-2025T20:33:25 - [MESSAGE][PASSED] - Keys 'BACK_SPACE + ' sent to object: 'Object Repository/FIM/Sites Page/Site Filtering/Site_txt'

21-10-2025T20:33:25 - [TEST_STEP][PASSED] - (i++): null

21-10-2025T20:33:25 - [TEST_STEP][PASSED] - sendKeys(findTestObject("FIM/Sites Page/Site Filtering/Site_txt"), Keys.chord(BACK_SPACE), STOP_ON_FAILURE): Keys 'BACK_SPACE + ' sent to object: 'Object Repository/FIM/Sites Page/Site Filtering/Site_txt'

21-10-2025T20:33:25 - [MESSAGE][PASSED] - Keys 'BACK_SPACE + ' sent to object: 'Object Repository/FIM/Sites Page/Site Filtering/Site_txt'

21-10-2025T20:33:25 - [TEST_STEP][PASSED] - (i++): null

21-10-2025T20:33:25 - [TEST_STEP][PASSED] - sendKeys(findTestObject("FIM/Sites Page/Site Filtering/Site_txt"), Keys.chord(BACK_SPACE), STOP_ON_FAILURE): Keys 'BACK_SPACE + ' sent to object: 'Object Repository/FIM/Sites Page/Site Filtering/Site_txt'

21-10-2025T20:33:25 - [MESSAGE][PASSED] - Keys 'BACK_SPACE + ' sent to object: 'Object Repository/FIM/Sites Page/Site Filtering/Site_txt'

21-10-2025T20:33:25 - [TEST_STEP][PASSED] - (i++): null

21-10-2025T20:33:25 - [TEST_STEP][PASSED] - sendKeys(findTestObject("FIM/Sites Page/Site Filtering/Site_txt"), Keys.chord(BACK_SPACE), STOP_ON_FAILURE): Keys 'BACK_SPACE + ' sent to object: 'Object Repository/FIM/Sites Page/Site Filtering/Site_txt'

21-10-2025T20:33:25 - [MESSAGE][PASSED] - Keys 'BACK_SPACE + ' sent to object: 'Object Repository/FIM/Sites Page/Site Filtering/Site_txt'

21-10-2025T20:33:25 - [TEST_STEP][PASSED] - (i++): null

21-10-2025T20:33:25 - [TEST_STEP][PASSED] - sendKeys(findTestObject("FIM/Sites Page/Site Filtering/Site_txt"), Keys.chord(BACK_SPACE), STOP_ON_FAILURE): Keys 'BACK_SPACE + ' sent to object: 'Object Repository/FIM/Sites Page/Site Filtering/Site_txt'

21-10-2025T20:33:25 - [MESSAGE][PASSED] - Keys 'BACK_SPACE + ' sent to object: 'Object Repository/FIM/Sites Page/Site Filtering/Site_txt'

21-10-2025T20:33:25 - [TEST_STEP][PASSED] - (i++): null

21-10-2025T20:33:25 - [TEST_STEP][PASSED] - sendKeys(findTestObject("FIM/Sites Page/Site Filtering/Site_txt"), Keys.chord(BACK_SPACE), STOP_ON_FAILURE): Keys 'BACK_SPACE + ' sent to object: 'Object Repository/FIM/Sites Page/Site Filtering/Site_txt'

21-10-2025T20:33:25 - [MESSAGE][PASSED] - Keys 'BACK_SPACE + ' sent to object: 'Object Repository/FIM/Sites Page/Site Filtering/Site_txt'

21-10-2025T20:33:25 - [TEST_STEP][PASSED] - (i++): null

21-10-2025T20:33:25 - [TEST_STEP][PASSED] - sendKeys(findTestObject("FIM/Sites Page/Site Filtering/Site_txt"), Keys.chord(BACK_SPACE), STOP_ON_FAILURE): Keys 'BACK_SPACE + ' sent to object: 'Object Repository/FIM/Sites Page/Site Filtering/Site_txt'

21-10-2025T20:33:25 - [MESSAGE][PASSED] - Keys 'BACK_SPACE + ' sent to object: 'Object Repository/FIM/Sites Page/Site Filtering/Site_txt'

21-10-2025T20:33:25 - [TEST_STEP][PASSED] - (i++): null

21-10-2025T20:33:25 - [TEST_STEP][PASSED] - sendKeys(findTestObject("FIM/Sites Page/Site Filtering/Site_txt"), Keys.chord(BACK_SPACE), STOP_ON_FAILURE): Keys 'BACK_SPACE + ' sent to object: 'Object Repository/FIM/Sites Page/Site Filtering/Site_txt'

21-10-2025T20:33:25 - [MESSAGE][PASSED] - Keys 'BACK_SPACE + ' sent to object: 'Object Repository/FIM/Sites Page/Site Filtering/Site_txt'

21-10-2025T20:33:25 - [TEST_STEP][PASSED] - (i++): null

21-10-2025T20:33:25 - [TEST_STEP][PASSED] - sendKeys(findTestObject("FIM/Sites Page/Site Filtering/Site_txt"), Keys.chord(BACK_SPACE), STOP_ON_FAILURE): Keys 'BACK_SPACE + ' sent to object: 'Object Repository/FIM/Sites Page/Site Filtering/Site_txt'

21-10-2025T20:33:25 - [MESSAGE][PASSED] - Keys 'BACK_SPACE + ' sent to object: 'Object Repository/FIM/Sites Page/Site Filtering/Site_txt'

21-10-2025T20:33:25 - [TEST_STEP][PASSED] - (i++): null

21-10-2025T20:33:25 - [TEST_STEP][PASSED] - sendKeys(findTestObject("FIM/Sites Page/Site Filtering/Site_txt"), Keys.chord(BACK_SPACE), STOP_ON_FAILURE): Keys 'BACK_SPACE + ' sent to object: 'Object Repository/FIM/Sites Page/Site Filtering/Site_txt'

21-10-2025T20:33:25 - [MESSAGE][PASSED] - Keys 'BACK_SPACE + ' sent to object: 'Object Repository/FIM/Sites Page/Site Filtering/Site_txt'

21-10-2025T20:33:25 - [TEST_STEP][PASSED] - (i++): null

21-10-2025T20:33:25 - [TEST_STEP][PASSED] - sendKeys(findTestObject("FIM/Sites Page/Site Filtering/Site_txt"), Keys.chord(BACK_SPACE), STOP_ON_FAILURE): Keys 'BACK_SPACE + ' sent to object: 'Object Repository/FIM/Sites Page/Site Filtering/Site_txt'

21-10-2025T20:33:26 - [MESSAGE][PASSED] - Keys 'BACK_SPACE + ' sent to object: 'Object Repository/FIM/Sites Page/Site Filtering/Site_txt'

21-10-2025T20:33:26 - [TEST_STEP][PASSED] - (i++): null

21-10-2025T20:33:26 - [TEST_STEP][PASSED] - sendKeys(findTestObject("FIM/Sites Page/Site Filtering/Site_txt"), Keys.chord(BACK_SPACE), STOP_ON_FAILURE): Keys 'BACK_SPACE + ' sent to object: 'Object Repository/FIM/Sites Page/Site Filtering/Site_txt'

21-10-2025T20:33:26 - [MESSAGE][PASSED] - Keys 'BACK_SPACE + ' sent to object: 'Object Repository/FIM/Sites Page/Site Filtering/Site_txt'

21-10-2025T20:33:26 - [TEST_STEP][PASSED] - (i++): null

21-10-2025T20:33:26 - [TEST_STEP][PASSED] - sendKeys(findTestObject("FIM/Sites Page/Site Filtering/Site_txt"), Keys.chord(BACK_SPACE), STOP_ON_FAILURE): Keys 'BACK_SPACE + ' sent to object: 'Object Repository/FIM/Sites Page/Site Filtering/Site_txt'

21-10-2025T20:33:26 - [MESSAGE][PASSED] - Keys 'BACK_SPACE + ' sent to object: 'Object Repository/FIM/Sites Page/Site Filtering/Site_txt'

21-10-2025T20:33:26 - [TEST_STEP][PASSED] - (i++): null

21-10-2025T20:33:26 - [TEST_STEP][PASSED] - sendKeys(findTestObject("FIM/Sites Page/Site Filtering/Site_txt"), Keys.chord(BACK_SPACE), STOP_ON_FAILURE): Keys 'BACK_SPACE + ' sent to object: 'Object Repository/FIM/Sites Page/Site Filtering/Site_txt'

21-10-2025T20:33:26 - [MESSAGE][PASSED] - Keys 'BACK_SPACE + ' sent to object: 'Object Repository/FIM/Sites Page/Site Filtering/Site_txt'

21-10-2025T20:33:26 - [TEST_STEP][PASSED] - (i++): null

21-10-2025T20:33:26 - [TEST_STEP][PASSED] - sendKeys(findTestObject("FIM/Sites Page/Site Filtering/Site_txt"), Keys.chord(BACK_SPACE), STOP_ON_FAILURE): Keys 'BACK_SPACE + ' sent to object: 'Object Repository/FIM/Sites Page/Site Filtering/Site_txt'

21-10-2025T20:33:26 - [MESSAGE][PASSED] - Keys 'BACK_SPACE + ' sent to object: 'Object Repository/FIM/Sites Page/Site Filtering/Site_txt'

21-10-2025T20:33:26 - [TEST_STEP][PASSED] - (i++): null

21-10-2025T20:33:26 - [TEST_STEP][PASSED] - sendKeys(findTestObject("FIM/Sites Page/Site Filtering/Site_txt"), Keys.chord(BACK_SPACE), STOP_ON_FAILURE): Keys 'BACK_SPACE + ' sent to object: 'Object Repository/FIM/Sites Page/Site Filtering/Site_txt'

21-10-2025T20:33:26 - [MESSAGE][PASSED] - Keys 'BACK_SPACE + ' sent to object: 'Object Repository/FIM/Sites Page/Site Filtering/Site_txt'

21-10-2025T20:33:26 - [TEST_STEP][PASSED] - (i++): null

21-10-2025T20:33:26 - [TEST_STEP][PASSED] - sendKeys(findTestObject("FIM/Sites Page/Site Filtering/Site_txt"), Keys.chord(BACK_SPACE), STOP_ON_FAILURE): Keys 'BACK_SPACE + ' sent to object: 'Object Repository/FIM/Sites Page/Site Filtering/Site_txt'

21-10-2025T20:33:26 - [MESSAGE][PASSED] - Keys 'BACK_SPACE + ' sent to object: 'Object Repository/FIM/Sites Page/Site Filtering/Site_txt'

21-10-2025T20:33:26 - [TEST_STEP][PASSED] - (i++): null

21-10-2025T20:33:26 - [TEST_STEP][PASSED] - sendKeys(findTestObject("FIM/Sites Page/Site Filtering/Site_txt"), Keys.chord(BACK_SPACE), STOP_ON_FAILURE): Keys 'BACK_SPACE + ' sent to object: 'Object Repository/FIM/Sites Page/Site Filtering/Site_txt'

21-10-2025T20:33:26 - [MESSAGE][PASSED] - Keys 'BACK_SPACE + ' sent to object: 'Object Repository/FIM/Sites Page/Site Filtering/Site_txt'

21-10-2025T20:33:26 - [TEST_STEP][PASSED] - (i++): null

21-10-2025T20:33:26 - [TEST_STEP][PASSED] - sendKeys(findTestObject("FIM/Sites Page/Site Filtering/Site_txt"), Keys.chord(BACK_SPACE), STOP_ON_FAILURE): Keys 'BACK_SPACE + ' sent to object: 'Object Repository/FIM/Sites Page/Site Filtering/Site_txt'

21-10-2025T20:33:26 - [MESSAGE][PASSED] - Keys 'BACK_SPACE + ' sent to object: 'Object Repository/FIM/Sites Page/Site Filtering/Site_txt'

21-10-2025T20:33:26 - [TEST_STEP][PASSED] - (i++): null

21-10-2025T20:33:26 - [TEST_STEP][PASSED] - sendKeys(findTestObject("FIM/Sites Page/Site Filtering/Site_txt"), "TURK132 - 798 North", STOP_ON_FAILURE): Keys 'TURK132 - 798 North' sent to object: 'Object Repository/FIM/Sites Page/Site Filtering/Site_txt'

21-10-2025T20:33:26 - [MESSAGE][PASSED] - Keys 'TURK132 - 798 North' sent to object: 'Object Repository/FIM/Sites Page/Site Filtering/Site_txt'

21-10-2025T20:33:26 - [TEST_STEP][PASSED] - sendKeys(findTestObject("FIM/Sites Page/Site Filtering/Site_txt"), Keys.chord(ENTER), STOP_ON_FAILURE): Keys 'ENTER + ' sent to object: 'Object Repository/FIM/Sites Page/Site Filtering/Site_txt'

21-10-2025T20:33:26 - [MESSAGE][PASSED] - Keys 'ENTER + ' sent to object: 'Object Repository/FIM/Sites Page/Site Filtering/Site_txt'

21-10-2025T20:33:26 - [TEST_STEP][PASSED] - delay(1): Delayed 1 second(s)

21-10-2025T20:33:27 - [MESSAGE][PASSED] - Delayed 1 second(s)

21-10-2025T20:33:27 - [TEST_STEP][PASSED] - waitForElementVisible(findTestObject("FIM/Sites Page/Site Filtering/Region Selection_dropdown"), 30): Object 'Object Repository/FIM/Sites Page/Site Filtering/Region Selection_dropdown' is visible

21-10-2025T20:33:28 - [MESSAGE][PASSED] - Object 'Object Repository/FIM/Sites Page/Site Filtering/Region Selection_dropdown' is visible

21-10-2025T20:33:28 - [TEST_STEP][PASSED] - sendKeys(findTestObject("FIM/Sites Page/Site Filtering/Region Selection_dropdown"), "EG SITES"): Keys 'EG SITES' sent to object: 'Object Repository/FIM/Sites Page/Site Filtering/Region Selection_dropdown'

21-10-2025T20:33:28 - [MESSAGE][PASSED] - Keys 'EG SITES' sent to object: 'Object Repository/FIM/Sites Page/Site Filtering/Region Selection_dropdown'

21-10-2025T20:33:28 - [TEST_STEP][PASSED] - delay(5): Delayed 5 second(s)

21-10-2025T20:33:33 - [MESSAGE][PASSED] - Delayed 5 second(s)

21-10-2025T20:33:33 - [TEST_STEP][PASSED] - sendKeys(findTestObject("FIM/Sites Page/Site Filtering/Custom Group Selection_dropdown"), "KWIK SHOP"): Keys 'KWIK SHOP' sent to object: 'Object Repository/FIM/Sites Page/Site Filtering/Custom Group Selection_dropdown'

21-10-2025T20:33:33 - [MESSAGE][PASSED] - Keys 'KWIK SHOP' sent to object: 'Object Repository/FIM/Sites Page/Site Filtering/Custom Group Selection_dropdown'

21-10-2025T20:33:33 - [TEST_STEP][PASSED] - delay(5): Delayed 5 second(s)

21-10-2025T20:33:38 - [MESSAGE][PASSED] - Delayed 5 second(s)

21-10-2025T20:33:38 - [TEST_STEP][PASSED] - sendKeys(findTestObject("FIM/Sites Page/Site Filtering/Site_txt"), "KWIKS680"): Keys 'KWIKS680' sent to object: 'Object Repository/FIM/Sites Page/Site Filtering/Site_txt'

21-10-2025T20:33:38 - [MESSAGE][PASSED] - Keys 'KWIKS680' sent to object: 'Object Repository/FIM/Sites Page/Site Filtering/Site_txt'

21-10-2025T20:33:38 - [TEST_STEP][PASSED] - delay(5): Delayed 5 second(s)

21-10-2025T20:33:43 - [MESSAGE][PASSED] - Delayed 5 second(s)

21-10-2025T20:33:43 - [TEST_STEP][PASSED] - verifyElementClickable(findTestObject("FIM/Sites Page/Inventories/Days of Supply_toggle_btn")): Object 'Object Repository/FIM/Sites Page/Inventories/Days of Supply_toggle_btn' is clickable

21-10-2025T20:33:43 - [MESSAGE][PASSED] - Object 'Object Repository/FIM/Sites Page/Inventories/Days of Supply_toggle_btn' is clickable

21-10-2025T20:33:43 - [TEST_STEP][PASSED] - click(findTestObject("FIM/Sites Page/Inventories/Days of Supply_toggle_btn")): Object: 'Object Repository/FIM/Sites Page/Inventories/Days of Supply_toggle_btn' is clicked on

21-10-2025T20:33:43 - [MESSAGE][PASSED] - Object: 'Object Repository/FIM/Sites Page/Inventories/Days of Supply_toggle_btn' is clicked on

21-10-2025T20:33:43 - [TEST_STEP][PASSED] - Start listener action : retryOnDisconnect: null

21-10-2025T20:33:43 - [TEST_STEP][PASSED] - tcId = testCaseContext.getTestCaseId(): null

21-10-2025T20:33:43 - [TEST_STEP][PASSED] - currentRetry = retryCounts.getOrDefault(tcId, 0): null

21-10-2025T20:33:43 - [TEST_STEP][PASSED] - if (testCaseContext.getTestCaseStatus() == "FAILED" && currentRetry < MAX_RETRIES): null]]></system-out>
         <system-err><![CDATA[]]></system-err>
      </testcase>
      <testcase name="Test Cases/FIM/UI/KGL/Admin/Sites Page/Inventories/Verify Commodity Code Column Added" time="44.392" classname="Test Cases/FIM/UI/KGL/Admin/Sites Page/Inventories/Verify Commodity Code Column Added" status="PASSED">
         <system-out><![CDATA[21-10-2025T20:33:43 - [TEST_CASE][PASSED] - Test Cases/FIM/UI/KGL/Admin/Sites Page/Inventories/Verify Commodity Code Column Added: Test Cases/FIM/UI/KGL/Admin/Sites Page/Inventories/Verify Commodity Code Column Added

21-10-2025T20:33:43 - [TEST_STEP][PASSED] - Start listener action : beforeTestCase: null

21-10-2025T20:33:43 - [TEST_STEP][PASSED] - addDefaultPackages(): null

21-10-2025T20:33:43 - [TEST_STEP][PASSED] - callTestCase(findTestCase("Utility Scripts/FIM KGL Admin Login"), [:], STOP_ON_FAILURE): Call Test Case 'Test Cases/Utility Scripts/FIM KGL Admin Login' successfully

21-10-2025T20:33:43 - [TEST_CASE][PASSED] - Test Cases/Utility Scripts/FIM KGL Admin Login: Test Cases/Utility Scripts/FIM KGL Admin Login

21-10-2025T20:33:43 - [TEST_STEP][PASSED] - openBrowser(""): Browser is opened with url: ''

21-10-2025T20:33:43 - [MESSAGE][WARNING] - A browser is already opened. Closing browser and opening a new one

21-10-2025T20:33:43 - [MESSAGE][INFO] - Starting 'Chrome' driver

21-10-2025T20:33:43 - [MESSAGE][INFO] - User set preference: ['args', '[--no-sandbox, --disable-gpu, --disable-dev-shm-usage]']

21-10-2025T20:33:43 - [MESSAGE][INFO] - Action delay is set to 0 milliseconds

21-10-2025T20:33:44 - [MESSAGE][PASSED] - Browser is opened with url: ''

21-10-2025T20:33:44 - [TEST_STEP][PASSED] - delay(1): Delayed 1 second(s)

21-10-2025T20:33:45 - [MESSAGE][PASSED] - Delayed 1 second(s)

21-10-2025T20:33:45 - [TEST_STEP][PASSED] - navigateToUrl(KGLCustomGroupUrl): Navigate to 'https://kaglogistics-inventory-management-portal.qa.thekag.com/custom-group/' successfully

21-10-2025T20:33:45 - [MESSAGE][PASSED] - Navigate to 'https://kaglogistics-inventory-management-portal.qa.thekag.com/custom-group/' successfully

21-10-2025T20:33:45 - [TEST_STEP][PASSED] - delay(10): Delayed 10 second(s)

21-10-2025T20:33:55 - [MESSAGE][PASSED] - Delayed 10 second(s)

21-10-2025T20:33:55 - [TEST_STEP][PASSED] - if (maximizeWindow == true): Delayed 1 second(s)

21-10-2025T20:33:55 - [TEST_STEP][PASSED] - maximizeWindow(STOP_ON_FAILURE): Current window maximized

21-10-2025T20:33:55 - [MESSAGE][PASSED] - Current window maximized

21-10-2025T20:33:55 - [TEST_STEP][PASSED] - delay(1): Delayed 1 second(s)

21-10-2025T20:33:56 - [MESSAGE][PASSED] - Delayed 1 second(s)

21-10-2025T20:33:56 - [TEST_STEP][PASSED] - waitForElementPresent(findTestObject("FIM/Username_txt"), 10): Object 'Object Repository/FIM/Username_txt' is present

21-10-2025T20:33:56 - [MESSAGE][PASSED] - Object 'Object Repository/FIM/Username_txt' is present

21-10-2025T20:33:56 - [TEST_STEP][PASSED] - setText(findTestObject("FIM/Username_txt"), FIMUsername): Text 'Chris.Sheldon+DES_QA@Thekag.com' is set on object 'Object Repository/FIM/Username_txt'

21-10-2025T20:33:56 - [MESSAGE][PASSED] - Text 'Chris.Sheldon+DES_QA@Thekag.com' is set on object 'Object Repository/FIM/Username_txt'

21-10-2025T20:33:56 - [TEST_STEP][PASSED] - delay(1): Delayed 1 second(s)

21-10-2025T20:33:57 - [MESSAGE][PASSED] - Delayed 1 second(s)

21-10-2025T20:33:57 - [TEST_STEP][PASSED] - setText(findTestObject("FIM/Password_txt"), FIMPassword): Text 'QATest!2' is set on object 'Object Repository/FIM/Password_txt'

21-10-2025T20:33:57 - [MESSAGE][PASSED] - Text 'QATest!2' is set on object 'Object Repository/FIM/Password_txt'

21-10-2025T20:33:57 - [TEST_STEP][PASSED] - delay(1): Delayed 1 second(s)

21-10-2025T20:33:58 - [MESSAGE][PASSED] - Delayed 1 second(s)

21-10-2025T20:33:58 - [TEST_STEP][PASSED] - click(findTestObject("FIM/Login_btn")): Object: 'Object Repository/FIM/Login_btn' is clicked on

21-10-2025T20:33:59 - [MESSAGE][PASSED] - Object: 'Object Repository/FIM/Login_btn' is clicked on

21-10-2025T20:33:59 - [MESSAGE][PASSED] - Call Test Case 'Test Cases/Utility Scripts/FIM KGL Admin Login' successfully

21-10-2025T20:33:59 - [TEST_STEP][PASSED] - if (verifyElementVisible(findTestObject("FIM/Server_Notification_Close_btn"), OPTIONAL) == true): Web element with id: 'Object Repository/FIM/Server_Notification_Close_btn' located by '/html/body/div/div[1]/button' not found (Root cause: com.kms.katalon.core.exception.StepFailedException: Web element with id: 'Object Repository/FIM/Server_Notification_Close_btn' located by '/html/body/div/div[1]/button' not found
	at com.kms.katalon.core.webui.keyword.internal.WebUIKeywordMain.stepFailed(WebUIKeywordMain.groovy:117)
	at com.kms.katalon.core.webui.keyword.builtin.VerifyElementVisibleKeyword$_verifyElementVisible_closure1.doCall(VerifyElementVisibleKeyword.groovy:89)
	at com.kms.katalon.core.webui.keyword.builtin.VerifyElementVisibleKeyword$_verifyElementVisible_closure1.call(VerifyElementVisibleKeyword.groovy)
	at com.kms.katalon.core.webui.keyword.internal.WebUIKeywordMain.runKeyword(WebUIKeywordMain.groovy:35)
	at com.kms.katalon.core.webui.keyword.builtin.VerifyElementVisibleKeyword.verifyElementVisible(VerifyElementVisibleKeyword.groovy:97)
	at com.kms.katalon.core.webui.keyword.builtin.VerifyElementVisibleKeyword.execute(VerifyElementVisibleKeyword.groovy:67)
	at com.kms.katalon.core.keyword.internal.KeywordExecutor.executeKeywordForPlatform(KeywordExecutor.groovy:74)
	at com.kms.katalon.core.webui.keyword.WebUiBuiltInKeywords.verifyElementVisible(WebUiBuiltInKeywords.groovy:401)
	at com.kms.katalon.core.webui.keyword.WebUiBuiltInKeywords$verifyElementVisible$5.call(Unknown Source)
	at Verify Commodity Code Column Added.run(Verify Commodity Code Column Added:22)
	at com.kms.katalon.core.main.ScriptEngine.run(ScriptEngine.java:194)
	at com.kms.katalon.core.main.ScriptEngine.runScriptAsRawText(ScriptEngine.java:119)
	at com.kms.katalon.core.main.TestCaseExecutor.runScript(TestCaseExecutor.java:448)
	at com.kms.katalon.core.main.TestCaseExecutor.doExecute(TestCaseExecutor.java:439)
	at com.kms.katalon.core.main.TestCaseExecutor.processExecutionPhase(TestCaseExecutor.java:418)
	at com.kms.katalon.core.main.TestCaseExecutor.accessMainPhase(TestCaseExecutor.java:410)
	at com.kms.katalon.core.main.TestCaseExecutor.execute(TestCaseExecutor.java:285)
	at com.kms.katalon.core.common.CommonExecutor.accessTestCaseMainPhase(CommonExecutor.java:65)
	at com.kms.katalon.core.main.TestSuiteExecutor.accessTestSuiteMainPhase(TestSuiteExecutor.java:150)
	at com.kms.katalon.core.main.TestSuiteExecutor.execute(TestSuiteExecutor.java:106)
	at com.kms.katalon.core.main.TestCaseMain.startTestSuite(TestCaseMain.java:180)
	at com.kms.katalon.core.main.TestCaseMain$startTestSuite$0.call(Unknown Source)
	at TempTestSuite1761090764033.run(TempTestSuite1761090764033.groovy:35)
	at java.base/jdk.internal.reflect.NativeMethodAccessorImpl.invoke0(Native Method)
	at java.base/jdk.internal.reflect.NativeMethodAccessorImpl.invoke(NativeMethodAccessorImpl.java:77)
	at java.base/jdk.internal.reflect.DelegatingMethodAccessorImpl.invoke(DelegatingMethodAccessorImpl.java:43)
)

21-10-2025T20:34:15 - [MESSAGE][INFO] - Unable to find the element located by 'By.xpath: /html/body/div/div[1]/button'. Please recheck the objects properties to make sure the desired element is located. 

21-10-2025T20:34:15 - [MESSAGE][WARNING] - [SELF-HEALING] Failed to find element with id 'Object Repository/FIM/Server_Notification_Close_btn'. Try using Self-healing.

21-10-2025T20:34:16 - [MESSAGE][INFO] - [SELF-HEALING] No working XPath is found.

21-10-2025T20:34:18 - [MESSAGE][INFO] - Unable to find the element located by 'By.xpath: '. Please recheck the objects properties to make sure the desired element is located. 

21-10-2025T20:34:18 - [MESSAGE][WARNING] - [SELF-HEALING] Cannot find elements when the selector is null

21-10-2025T20:34:18 - [MESSAGE][WARNING] - Web element with id: 'Object Repository/FIM/Server_Notification_Close_btn' located by '/html/body/div/div[1]/button' not found (Root cause: com.kms.katalon.core.exception.StepFailedException: Web element with id: 'Object Repository/FIM/Server_Notification_Close_btn' located by '/html/body/div/div[1]/button' not found
	at com.kms.katalon.core.webui.keyword.internal.WebUIKeywordMain.stepFailed(WebUIKeywordMain.groovy:117)
	at com.kms.katalon.core.webui.keyword.builtin.VerifyElementVisibleKeyword$_verifyElementVisible_closure1.doCall(VerifyElementVisibleKeyword.groovy:89)
	at com.kms.katalon.core.webui.keyword.builtin.VerifyElementVisibleKeyword$_verifyElementVisible_closure1.call(VerifyElementVisibleKeyword.groovy)
	at com.kms.katalon.core.webui.keyword.internal.WebUIKeywordMain.runKeyword(WebUIKeywordMain.groovy:35)
	at com.kms.katalon.core.webui.keyword.builtin.VerifyElementVisibleKeyword.verifyElementVisible(VerifyElementVisibleKeyword.groovy:97)
	at com.kms.katalon.core.webui.keyword.builtin.VerifyElementVisibleKeyword.execute(VerifyElementVisibleKeyword.groovy:67)
	at com.kms.katalon.core.keyword.internal.KeywordExecutor.executeKeywordForPlatform(KeywordExecutor.groovy:74)
	at com.kms.katalon.core.webui.keyword.WebUiBuiltInKeywords.verifyElementVisible(WebUiBuiltInKeywords.groovy:401)
	at com.kms.katalon.core.webui.keyword.WebUiBuiltInKeywords$verifyElementVisible$5.call(Unknown Source)
	at Verify Commodity Code Column Added.run(Verify Commodity Code Column Added:22)
	at com.kms.katalon.core.main.ScriptEngine.run(ScriptEngine.java:194)
	at com.kms.katalon.core.main.ScriptEngine.runScriptAsRawText(ScriptEngine.java:119)
	at com.kms.katalon.core.main.TestCaseExecutor.runScript(TestCaseExecutor.java:448)
	at com.kms.katalon.core.main.TestCaseExecutor.doExecute(TestCaseExecutor.java:439)
	at com.kms.katalon.core.main.TestCaseExecutor.processExecutionPhase(TestCaseExecutor.java:418)
	at com.kms.katalon.core.main.TestCaseExecutor.accessMainPhase(TestCaseExecutor.java:410)
	at com.kms.katalon.core.main.TestCaseExecutor.execute(TestCaseExecutor.java:285)
	at com.kms.katalon.core.common.CommonExecutor.accessTestCaseMainPhase(CommonExecutor.java:65)
	at com.kms.katalon.core.main.TestSuiteExecutor.accessTestSuiteMainPhase(TestSuiteExecutor.java:150)
	at com.kms.katalon.core.main.TestSuiteExecutor.execute(TestSuiteExecutor.java:106)
	at com.kms.katalon.core.main.TestCaseMain.startTestSuite(TestCaseMain.java:180)
	at com.kms.katalon.core.main.TestCaseMain$startTestSuite$0.call(Unknown Source)
	at TempTestSuite1761090764033.run(TempTestSuite1761090764033.groovy:35)
	at java.base/jdk.internal.reflect.NativeMethodAccessorImpl.invoke0(Native Method)
	at java.base/jdk.internal.reflect.NativeMethodAccessorImpl.invoke(NativeMethodAccessorImpl.java:77)
	at java.base/jdk.internal.reflect.DelegatingMethodAccessorImpl.invoke(DelegatingMethodAccessorImpl.java:43)
)

21-10-2025T20:34:18 - [TEST_STEP][PASSED] - delay(1): Delayed 1 second(s)

21-10-2025T20:34:19 - [MESSAGE][PASSED] - Delayed 1 second(s)

21-10-2025T20:34:19 - [TEST_STEP][PASSED] - click(findTestObject("FIM/Hamburger Menu List/Hamburger_menu")): Object: 'Object Repository/FIM/Hamburger Menu List/Hamburger_menu' is clicked on

21-10-2025T20:34:19 - [MESSAGE][PASSED] - Object: 'Object Repository/FIM/Hamburger Menu List/Hamburger_menu' is clicked on

21-10-2025T20:34:19 - [TEST_STEP][PASSED] - verifyElementPresent(findTestObject("FIM/Hamburger Menu List/Sites_list (1)"), 10): Object 'Object Repository/FIM/Hamburger Menu List/Sites_list (1)' is present

21-10-2025T20:34:19 - [MESSAGE][PASSED] - Object 'Object Repository/FIM/Hamburger Menu List/Sites_list (1)' is present

21-10-2025T20:34:19 - [TEST_STEP][PASSED] - delay(1): Delayed 1 second(s)

21-10-2025T20:34:20 - [MESSAGE][PASSED] - Delayed 1 second(s)

21-10-2025T20:34:20 - [TEST_STEP][PASSED] - click(findTestObject("FIM/Hamburger Menu List/Sites_list (1)")): Object: 'Object Repository/FIM/Hamburger Menu List/Sites_list (1)' is clicked on

21-10-2025T20:34:20 - [MESSAGE][PASSED] - Object: 'Object Repository/FIM/Hamburger Menu List/Sites_list (1)' is clicked on

21-10-2025T20:34:20 - [TEST_STEP][PASSED] - waitForElementPresent(findTestObject("FIM/Sites Page/Calculator/Calculator Tab"), 10): Object 'Object Repository/FIM/Sites Page/Calculator/Calculator Tab' is present

21-10-2025T20:34:21 - [MESSAGE][PASSED] - Object 'Object Repository/FIM/Sites Page/Calculator/Calculator Tab' is present

21-10-2025T20:34:21 - [TEST_STEP][PASSED] - delay(1): Delayed 1 second(s)

21-10-2025T20:34:22 - [MESSAGE][PASSED] - Delayed 1 second(s)

21-10-2025T20:34:22 - [TEST_STEP][PASSED] - selectOptionByLabel(findTestObject("FIM/Sites Page/Site Filtering/Region Selection_dropdown"), "KAG LOGISTICS", false): All options with label 'KAG LOGISTICS' are selected in object 'Object Repository/FIM/Sites Page/Site Filtering/Region Selection_dropdown' 

21-10-2025T20:34:22 - [MESSAGE][PASSED] - All options with label 'KAG LOGISTICS' are selected in object 'Object Repository/FIM/Sites Page/Site Filtering/Region Selection_dropdown' 

21-10-2025T20:34:22 - [TEST_STEP][PASSED] - i = 0: null

21-10-2025T20:34:22 - [TEST_STEP][PASSED] - while (i < 60 == true): null

21-10-2025T20:34:22 - [TEST_STEP][PASSED] - sendKeys(findTestObject("FIM/Sites Page/Site Filtering/Site_txt"), Keys.chord(BACK_SPACE), STOP_ON_FAILURE): Keys 'BACK_SPACE + ' sent to object: 'Object Repository/FIM/Sites Page/Site Filtering/Site_txt'

21-10-2025T20:34:23 - [MESSAGE][PASSED] - Keys 'BACK_SPACE + ' sent to object: 'Object Repository/FIM/Sites Page/Site Filtering/Site_txt'

21-10-2025T20:34:23 - [TEST_STEP][PASSED] - (i++): null

21-10-2025T20:34:23 - [TEST_STEP][PASSED] - sendKeys(findTestObject("FIM/Sites Page/Site Filtering/Site_txt"), Keys.chord(BACK_SPACE), STOP_ON_FAILURE): Keys 'BACK_SPACE + ' sent to object: 'Object Repository/FIM/Sites Page/Site Filtering/Site_txt'

21-10-2025T20:34:23 - [MESSAGE][PASSED] - Keys 'BACK_SPACE + ' sent to object: 'Object Repository/FIM/Sites Page/Site Filtering/Site_txt'

21-10-2025T20:34:23 - [TEST_STEP][PASSED] - (i++): null

21-10-2025T20:34:23 - [TEST_STEP][PASSED] - sendKeys(findTestObject("FIM/Sites Page/Site Filtering/Site_txt"), Keys.chord(BACK_SPACE), STOP_ON_FAILURE): Keys 'BACK_SPACE + ' sent to object: 'Object Repository/FIM/Sites Page/Site Filtering/Site_txt'

21-10-2025T20:34:23 - [MESSAGE][PASSED] - Keys 'BACK_SPACE + ' sent to object: 'Object Repository/FIM/Sites Page/Site Filtering/Site_txt'

21-10-2025T20:34:23 - [TEST_STEP][PASSED] - (i++): null

21-10-2025T20:34:23 - [TEST_STEP][PASSED] - sendKeys(findTestObject("FIM/Sites Page/Site Filtering/Site_txt"), Keys.chord(BACK_SPACE), STOP_ON_FAILURE): Keys 'BACK_SPACE + ' sent to object: 'Object Repository/FIM/Sites Page/Site Filtering/Site_txt'

21-10-2025T20:34:23 - [MESSAGE][PASSED] - Keys 'BACK_SPACE + ' sent to object: 'Object Repository/FIM/Sites Page/Site Filtering/Site_txt'

21-10-2025T20:34:23 - [TEST_STEP][PASSED] - (i++): null

21-10-2025T20:34:23 - [TEST_STEP][PASSED] - sendKeys(findTestObject("FIM/Sites Page/Site Filtering/Site_txt"), Keys.chord(BACK_SPACE), STOP_ON_FAILURE): Keys 'BACK_SPACE + ' sent to object: 'Object Repository/FIM/Sites Page/Site Filtering/Site_txt'

21-10-2025T20:34:23 - [MESSAGE][PASSED] - Keys 'BACK_SPACE + ' sent to object: 'Object Repository/FIM/Sites Page/Site Filtering/Site_txt'

21-10-2025T20:34:23 - [TEST_STEP][PASSED] - (i++): null

21-10-2025T20:34:23 - [TEST_STEP][PASSED] - sendKeys(findTestObject("FIM/Sites Page/Site Filtering/Site_txt"), Keys.chord(BACK_SPACE), STOP_ON_FAILURE): Keys 'BACK_SPACE + ' sent to object: 'Object Repository/FIM/Sites Page/Site Filtering/Site_txt'

21-10-2025T20:34:23 - [MESSAGE][PASSED] - Keys 'BACK_SPACE + ' sent to object: 'Object Repository/FIM/Sites Page/Site Filtering/Site_txt'

21-10-2025T20:34:23 - [TEST_STEP][PASSED] - (i++): null

21-10-2025T20:34:23 - [TEST_STEP][PASSED] - sendKeys(findTestObject("FIM/Sites Page/Site Filtering/Site_txt"), Keys.chord(BACK_SPACE), STOP_ON_FAILURE): Keys 'BACK_SPACE + ' sent to object: 'Object Repository/FIM/Sites Page/Site Filtering/Site_txt'

21-10-2025T20:34:23 - [MESSAGE][PASSED] - Keys 'BACK_SPACE + ' sent to object: 'Object Repository/FIM/Sites Page/Site Filtering/Site_txt'

21-10-2025T20:34:23 - [TEST_STEP][PASSED] - (i++): null

21-10-2025T20:34:23 - [TEST_STEP][PASSED] - sendKeys(findTestObject("FIM/Sites Page/Site Filtering/Site_txt"), Keys.chord(BACK_SPACE), STOP_ON_FAILURE): Keys 'BACK_SPACE + ' sent to object: 'Object Repository/FIM/Sites Page/Site Filtering/Site_txt'

21-10-2025T20:34:23 - [MESSAGE][PASSED] - Keys 'BACK_SPACE + ' sent to object: 'Object Repository/FIM/Sites Page/Site Filtering/Site_txt'

21-10-2025T20:34:23 - [TEST_STEP][PASSED] - (i++): null

21-10-2025T20:34:23 - [TEST_STEP][PASSED] - sendKeys(findTestObject("FIM/Sites Page/Site Filtering/Site_txt"), Keys.chord(BACK_SPACE), STOP_ON_FAILURE): Keys 'BACK_SPACE + ' sent to object: 'Object Repository/FIM/Sites Page/Site Filtering/Site_txt'

21-10-2025T20:34:23 - [MESSAGE][PASSED] - Keys 'BACK_SPACE + ' sent to object: 'Object Repository/FIM/Sites Page/Site Filtering/Site_txt'

21-10-2025T20:34:23 - [TEST_STEP][PASSED] - (i++): null

21-10-2025T20:34:23 - [TEST_STEP][PASSED] - sendKeys(findTestObject("FIM/Sites Page/Site Filtering/Site_txt"), Keys.chord(BACK_SPACE), STOP_ON_FAILURE): Keys 'BACK_SPACE + ' sent to object: 'Object Repository/FIM/Sites Page/Site Filtering/Site_txt'

21-10-2025T20:34:23 - [MESSAGE][PASSED] - Keys 'BACK_SPACE + ' sent to object: 'Object Repository/FIM/Sites Page/Site Filtering/Site_txt'

21-10-2025T20:34:23 - [TEST_STEP][PASSED] - (i++): null

21-10-2025T20:34:23 - [TEST_STEP][PASSED] - sendKeys(findTestObject("FIM/Sites Page/Site Filtering/Site_txt"), Keys.chord(BACK_SPACE), STOP_ON_FAILURE): Keys 'BACK_SPACE + ' sent to object: 'Object Repository/FIM/Sites Page/Site Filtering/Site_txt'

21-10-2025T20:34:23 - [MESSAGE][PASSED] - Keys 'BACK_SPACE + ' sent to object: 'Object Repository/FIM/Sites Page/Site Filtering/Site_txt'

21-10-2025T20:34:23 - [TEST_STEP][PASSED] - (i++): null

21-10-2025T20:34:23 - [TEST_STEP][PASSED] - sendKeys(findTestObject("FIM/Sites Page/Site Filtering/Site_txt"), Keys.chord(BACK_SPACE), STOP_ON_FAILURE): Keys 'BACK_SPACE + ' sent to object: 'Object Repository/FIM/Sites Page/Site Filtering/Site_txt'

21-10-2025T20:34:23 - [MESSAGE][PASSED] - Keys 'BACK_SPACE + ' sent to object: 'Object Repository/FIM/Sites Page/Site Filtering/Site_txt'

21-10-2025T20:34:23 - [TEST_STEP][PASSED] - (i++): null

21-10-2025T20:34:23 - [TEST_STEP][PASSED] - sendKeys(findTestObject("FIM/Sites Page/Site Filtering/Site_txt"), Keys.chord(BACK_SPACE), STOP_ON_FAILURE): Keys 'BACK_SPACE + ' sent to object: 'Object Repository/FIM/Sites Page/Site Filtering/Site_txt'

21-10-2025T20:34:23 - [MESSAGE][PASSED] - Keys 'BACK_SPACE + ' sent to object: 'Object Repository/FIM/Sites Page/Site Filtering/Site_txt'

21-10-2025T20:34:23 - [TEST_STEP][PASSED] - (i++): null

21-10-2025T20:34:23 - [TEST_STEP][PASSED] - sendKeys(findTestObject("FIM/Sites Page/Site Filtering/Site_txt"), Keys.chord(BACK_SPACE), STOP_ON_FAILURE): Keys 'BACK_SPACE + ' sent to object: 'Object Repository/FIM/Sites Page/Site Filtering/Site_txt'

21-10-2025T20:34:23 - [MESSAGE][PASSED] - Keys 'BACK_SPACE + ' sent to object: 'Object Repository/FIM/Sites Page/Site Filtering/Site_txt'

21-10-2025T20:34:23 - [TEST_STEP][PASSED] - (i++): null

21-10-2025T20:34:23 - [TEST_STEP][PASSED] - sendKeys(findTestObject("FIM/Sites Page/Site Filtering/Site_txt"), Keys.chord(BACK_SPACE), STOP_ON_FAILURE): Keys 'BACK_SPACE + ' sent to object: 'Object Repository/FIM/Sites Page/Site Filtering/Site_txt'

21-10-2025T20:34:23 - [MESSAGE][PASSED] - Keys 'BACK_SPACE + ' sent to object: 'Object Repository/FIM/Sites Page/Site Filtering/Site_txt'

21-10-2025T20:34:23 - [TEST_STEP][PASSED] - (i++): null

21-10-2025T20:34:23 - [TEST_STEP][PASSED] - sendKeys(findTestObject("FIM/Sites Page/Site Filtering/Site_txt"), Keys.chord(BACK_SPACE), STOP_ON_FAILURE): Keys 'BACK_SPACE + ' sent to object: 'Object Repository/FIM/Sites Page/Site Filtering/Site_txt'

21-10-2025T20:34:23 - [MESSAGE][PASSED] - Keys 'BACK_SPACE + ' sent to object: 'Object Repository/FIM/Sites Page/Site Filtering/Site_txt'

21-10-2025T20:34:23 - [TEST_STEP][PASSED] - (i++): null

21-10-2025T20:34:23 - [TEST_STEP][PASSED] - sendKeys(findTestObject("FIM/Sites Page/Site Filtering/Site_txt"), Keys.chord(BACK_SPACE), STOP_ON_FAILURE): Keys 'BACK_SPACE + ' sent to object: 'Object Repository/FIM/Sites Page/Site Filtering/Site_txt'

21-10-2025T20:34:24 - [MESSAGE][PASSED] - Keys 'BACK_SPACE + ' sent to object: 'Object Repository/FIM/Sites Page/Site Filtering/Site_txt'

21-10-2025T20:34:24 - [TEST_STEP][PASSED] - (i++): null

21-10-2025T20:34:24 - [TEST_STEP][PASSED] - sendKeys(findTestObject("FIM/Sites Page/Site Filtering/Site_txt"), Keys.chord(BACK_SPACE), STOP_ON_FAILURE): Keys 'BACK_SPACE + ' sent to object: 'Object Repository/FIM/Sites Page/Site Filtering/Site_txt'

21-10-2025T20:34:24 - [MESSAGE][PASSED] - Keys 'BACK_SPACE + ' sent to object: 'Object Repository/FIM/Sites Page/Site Filtering/Site_txt'

21-10-2025T20:34:24 - [TEST_STEP][PASSED] - (i++): null

21-10-2025T20:34:24 - [TEST_STEP][PASSED] - sendKeys(findTestObject("FIM/Sites Page/Site Filtering/Site_txt"), Keys.chord(BACK_SPACE), STOP_ON_FAILURE): Keys 'BACK_SPACE + ' sent to object: 'Object Repository/FIM/Sites Page/Site Filtering/Site_txt'

21-10-2025T20:34:24 - [MESSAGE][PASSED] - Keys 'BACK_SPACE + ' sent to object: 'Object Repository/FIM/Sites Page/Site Filtering/Site_txt'

21-10-2025T20:34:24 - [TEST_STEP][PASSED] - (i++): null

21-10-2025T20:34:24 - [TEST_STEP][PASSED] - sendKeys(findTestObject("FIM/Sites Page/Site Filtering/Site_txt"), Keys.chord(BACK_SPACE), STOP_ON_FAILURE): Keys 'BACK_SPACE + ' sent to object: 'Object Repository/FIM/Sites Page/Site Filtering/Site_txt'

21-10-2025T20:34:24 - [MESSAGE][PASSED] - Keys 'BACK_SPACE + ' sent to object: 'Object Repository/FIM/Sites Page/Site Filtering/Site_txt'

21-10-2025T20:34:24 - [TEST_STEP][PASSED] - (i++): null

21-10-2025T20:34:24 - [TEST_STEP][PASSED] - sendKeys(findTestObject("FIM/Sites Page/Site Filtering/Site_txt"), Keys.chord(BACK_SPACE), STOP_ON_FAILURE): Keys 'BACK_SPACE + ' sent to object: 'Object Repository/FIM/Sites Page/Site Filtering/Site_txt'

21-10-2025T20:34:24 - [MESSAGE][PASSED] - Keys 'BACK_SPACE + ' sent to object: 'Object Repository/FIM/Sites Page/Site Filtering/Site_txt'

21-10-2025T20:34:24 - [TEST_STEP][PASSED] - (i++): null

21-10-2025T20:34:24 - [TEST_STEP][PASSED] - sendKeys(findTestObject("FIM/Sites Page/Site Filtering/Site_txt"), Keys.chord(BACK_SPACE), STOP_ON_FAILURE): Keys 'BACK_SPACE + ' sent to object: 'Object Repository/FIM/Sites Page/Site Filtering/Site_txt'

21-10-2025T20:34:24 - [MESSAGE][PASSED] - Keys 'BACK_SPACE + ' sent to object: 'Object Repository/FIM/Sites Page/Site Filtering/Site_txt'

21-10-2025T20:34:24 - [TEST_STEP][PASSED] - (i++): null

21-10-2025T20:34:24 - [TEST_STEP][PASSED] - sendKeys(findTestObject("FIM/Sites Page/Site Filtering/Site_txt"), Keys.chord(BACK_SPACE), STOP_ON_FAILURE): Keys 'BACK_SPACE + ' sent to object: 'Object Repository/FIM/Sites Page/Site Filtering/Site_txt'

21-10-2025T20:34:24 - [MESSAGE][PASSED] - Keys 'BACK_SPACE + ' sent to object: 'Object Repository/FIM/Sites Page/Site Filtering/Site_txt'

21-10-2025T20:34:24 - [TEST_STEP][PASSED] - (i++): null

21-10-2025T20:34:24 - [TEST_STEP][PASSED] - sendKeys(findTestObject("FIM/Sites Page/Site Filtering/Site_txt"), Keys.chord(BACK_SPACE), STOP_ON_FAILURE): Keys 'BACK_SPACE + ' sent to object: 'Object Repository/FIM/Sites Page/Site Filtering/Site_txt'

21-10-2025T20:34:24 - [MESSAGE][PASSED] - Keys 'BACK_SPACE + ' sent to object: 'Object Repository/FIM/Sites Page/Site Filtering/Site_txt'

21-10-2025T20:34:24 - [TEST_STEP][PASSED] - (i++): null

21-10-2025T20:34:24 - [TEST_STEP][PASSED] - sendKeys(findTestObject("FIM/Sites Page/Site Filtering/Site_txt"), Keys.chord(BACK_SPACE), STOP_ON_FAILURE): Keys 'BACK_SPACE + ' sent to object: 'Object Repository/FIM/Sites Page/Site Filtering/Site_txt'

21-10-2025T20:34:24 - [MESSAGE][PASSED] - Keys 'BACK_SPACE + ' sent to object: 'Object Repository/FIM/Sites Page/Site Filtering/Site_txt'

21-10-2025T20:34:24 - [TEST_STEP][PASSED] - (i++): null

21-10-2025T20:34:24 - [TEST_STEP][PASSED] - sendKeys(findTestObject("FIM/Sites Page/Site Filtering/Site_txt"), Keys.chord(BACK_SPACE), STOP_ON_FAILURE): Keys 'BACK_SPACE + ' sent to object: 'Object Repository/FIM/Sites Page/Site Filtering/Site_txt'

21-10-2025T20:34:24 - [MESSAGE][PASSED] - Keys 'BACK_SPACE + ' sent to object: 'Object Repository/FIM/Sites Page/Site Filtering/Site_txt'

21-10-2025T20:34:24 - [TEST_STEP][PASSED] - (i++): null

21-10-2025T20:34:24 - [TEST_STEP][PASSED] - sendKeys(findTestObject("FIM/Sites Page/Site Filtering/Site_txt"), Keys.chord(BACK_SPACE), STOP_ON_FAILURE): Keys 'BACK_SPACE + ' sent to object: 'Object Repository/FIM/Sites Page/Site Filtering/Site_txt'

21-10-2025T20:34:24 - [MESSAGE][PASSED] - Keys 'BACK_SPACE + ' sent to object: 'Object Repository/FIM/Sites Page/Site Filtering/Site_txt'

21-10-2025T20:34:24 - [TEST_STEP][PASSED] - (i++): null

21-10-2025T20:34:24 - [TEST_STEP][PASSED] - sendKeys(findTestObject("FIM/Sites Page/Site Filtering/Site_txt"), Keys.chord(BACK_SPACE), STOP_ON_FAILURE): Keys 'BACK_SPACE + ' sent to object: 'Object Repository/FIM/Sites Page/Site Filtering/Site_txt'

21-10-2025T20:34:24 - [MESSAGE][PASSED] - Keys 'BACK_SPACE + ' sent to object: 'Object Repository/FIM/Sites Page/Site Filtering/Site_txt'

21-10-2025T20:34:24 - [TEST_STEP][PASSED] - (i++): null

21-10-2025T20:34:24 - [TEST_STEP][PASSED] - sendKeys(findTestObject("FIM/Sites Page/Site Filtering/Site_txt"), Keys.chord(BACK_SPACE), STOP_ON_FAILURE): Keys 'BACK_SPACE + ' sent to object: 'Object Repository/FIM/Sites Page/Site Filtering/Site_txt'

21-10-2025T20:34:24 - [MESSAGE][PASSED] - Keys 'BACK_SPACE + ' sent to object: 'Object Repository/FIM/Sites Page/Site Filtering/Site_txt'

21-10-2025T20:34:24 - [TEST_STEP][PASSED] - (i++): null

21-10-2025T20:34:24 - [TEST_STEP][PASSED] - sendKeys(findTestObject("FIM/Sites Page/Site Filtering/Site_txt"), Keys.chord(BACK_SPACE), STOP_ON_FAILURE): Keys 'BACK_SPACE + ' sent to object: 'Object Repository/FIM/Sites Page/Site Filtering/Site_txt'

21-10-2025T20:34:24 - [MESSAGE][PASSED] - Keys 'BACK_SPACE + ' sent to object: 'Object Repository/FIM/Sites Page/Site Filtering/Site_txt'

21-10-2025T20:34:24 - [TEST_STEP][PASSED] - (i++): null

21-10-2025T20:34:24 - [TEST_STEP][PASSED] - sendKeys(findTestObject("FIM/Sites Page/Site Filtering/Site_txt"), Keys.chord(BACK_SPACE), STOP_ON_FAILURE): Keys 'BACK_SPACE + ' sent to object: 'Object Repository/FIM/Sites Page/Site Filtering/Site_txt'

21-10-2025T20:34:24 - [MESSAGE][PASSED] - Keys 'BACK_SPACE + ' sent to object: 'Object Repository/FIM/Sites Page/Site Filtering/Site_txt'

21-10-2025T20:34:24 - [TEST_STEP][PASSED] - (i++): null

21-10-2025T20:34:24 - [TEST_STEP][PASSED] - sendKeys(findTestObject("FIM/Sites Page/Site Filtering/Site_txt"), Keys.chord(BACK_SPACE), STOP_ON_FAILURE): Keys 'BACK_SPACE + ' sent to object: 'Object Repository/FIM/Sites Page/Site Filtering/Site_txt'

21-10-2025T20:34:24 - [MESSAGE][PASSED] - Keys 'BACK_SPACE + ' sent to object: 'Object Repository/FIM/Sites Page/Site Filtering/Site_txt'

21-10-2025T20:34:24 - [TEST_STEP][PASSED] - (i++): null

21-10-2025T20:34:24 - [TEST_STEP][PASSED] - sendKeys(findTestObject("FIM/Sites Page/Site Filtering/Site_txt"), Keys.chord(BACK_SPACE), STOP_ON_FAILURE): Keys 'BACK_SPACE + ' sent to object: 'Object Repository/FIM/Sites Page/Site Filtering/Site_txt'

21-10-2025T20:34:24 - [MESSAGE][PASSED] - Keys 'BACK_SPACE + ' sent to object: 'Object Repository/FIM/Sites Page/Site Filtering/Site_txt'

21-10-2025T20:34:24 - [TEST_STEP][PASSED] - (i++): null

21-10-2025T20:34:24 - [TEST_STEP][PASSED] - sendKeys(findTestObject("FIM/Sites Page/Site Filtering/Site_txt"), Keys.chord(BACK_SPACE), STOP_ON_FAILURE): Keys 'BACK_SPACE + ' sent to object: 'Object Repository/FIM/Sites Page/Site Filtering/Site_txt'

21-10-2025T20:34:24 - [MESSAGE][PASSED] - Keys 'BACK_SPACE + ' sent to object: 'Object Repository/FIM/Sites Page/Site Filtering/Site_txt'

21-10-2025T20:34:24 - [TEST_STEP][PASSED] - (i++): null

21-10-2025T20:34:24 - [TEST_STEP][PASSED] - sendKeys(findTestObject("FIM/Sites Page/Site Filtering/Site_txt"), Keys.chord(BACK_SPACE), STOP_ON_FAILURE): Keys 'BACK_SPACE + ' sent to object: 'Object Repository/FIM/Sites Page/Site Filtering/Site_txt'

21-10-2025T20:34:24 - [MESSAGE][PASSED] - Keys 'BACK_SPACE + ' sent to object: 'Object Repository/FIM/Sites Page/Site Filtering/Site_txt'

21-10-2025T20:34:24 - [TEST_STEP][PASSED] - (i++): null

21-10-2025T20:34:24 - [TEST_STEP][PASSED] - sendKeys(findTestObject("FIM/Sites Page/Site Filtering/Site_txt"), Keys.chord(BACK_SPACE), STOP_ON_FAILURE): Keys 'BACK_SPACE + ' sent to object: 'Object Repository/FIM/Sites Page/Site Filtering/Site_txt'

21-10-2025T20:34:24 - [MESSAGE][PASSED] - Keys 'BACK_SPACE + ' sent to object: 'Object Repository/FIM/Sites Page/Site Filtering/Site_txt'

21-10-2025T20:34:24 - [TEST_STEP][PASSED] - (i++): null

21-10-2025T20:34:24 - [TEST_STEP][PASSED] - sendKeys(findTestObject("FIM/Sites Page/Site Filtering/Site_txt"), Keys.chord(BACK_SPACE), STOP_ON_FAILURE): Keys 'BACK_SPACE + ' sent to object: 'Object Repository/FIM/Sites Page/Site Filtering/Site_txt'

21-10-2025T20:34:25 - [MESSAGE][PASSED] - Keys 'BACK_SPACE + ' sent to object: 'Object Repository/FIM/Sites Page/Site Filtering/Site_txt'

21-10-2025T20:34:25 - [TEST_STEP][PASSED] - (i++): null

21-10-2025T20:34:25 - [TEST_STEP][PASSED] - sendKeys(findTestObject("FIM/Sites Page/Site Filtering/Site_txt"), Keys.chord(BACK_SPACE), STOP_ON_FAILURE): Keys 'BACK_SPACE + ' sent to object: 'Object Repository/FIM/Sites Page/Site Filtering/Site_txt'

21-10-2025T20:34:25 - [MESSAGE][PASSED] - Keys 'BACK_SPACE + ' sent to object: 'Object Repository/FIM/Sites Page/Site Filtering/Site_txt'

21-10-2025T20:34:25 - [TEST_STEP][PASSED] - (i++): null

21-10-2025T20:34:25 - [TEST_STEP][PASSED] - sendKeys(findTestObject("FIM/Sites Page/Site Filtering/Site_txt"), Keys.chord(BACK_SPACE), STOP_ON_FAILURE): Keys 'BACK_SPACE + ' sent to object: 'Object Repository/FIM/Sites Page/Site Filtering/Site_txt'

21-10-2025T20:34:25 - [MESSAGE][PASSED] - Keys 'BACK_SPACE + ' sent to object: 'Object Repository/FIM/Sites Page/Site Filtering/Site_txt'

21-10-2025T20:34:25 - [TEST_STEP][PASSED] - (i++): null

21-10-2025T20:34:25 - [TEST_STEP][PASSED] - sendKeys(findTestObject("FIM/Sites Page/Site Filtering/Site_txt"), Keys.chord(BACK_SPACE), STOP_ON_FAILURE): Keys 'BACK_SPACE + ' sent to object: 'Object Repository/FIM/Sites Page/Site Filtering/Site_txt'

21-10-2025T20:34:25 - [MESSAGE][PASSED] - Keys 'BACK_SPACE + ' sent to object: 'Object Repository/FIM/Sites Page/Site Filtering/Site_txt'

21-10-2025T20:34:25 - [TEST_STEP][PASSED] - (i++): null

21-10-2025T20:34:25 - [TEST_STEP][PASSED] - sendKeys(findTestObject("FIM/Sites Page/Site Filtering/Site_txt"), Keys.chord(BACK_SPACE), STOP_ON_FAILURE): Keys 'BACK_SPACE + ' sent to object: 'Object Repository/FIM/Sites Page/Site Filtering/Site_txt'

21-10-2025T20:34:25 - [MESSAGE][PASSED] - Keys 'BACK_SPACE + ' sent to object: 'Object Repository/FIM/Sites Page/Site Filtering/Site_txt'

21-10-2025T20:34:25 - [TEST_STEP][PASSED] - (i++): null

21-10-2025T20:34:25 - [TEST_STEP][PASSED] - sendKeys(findTestObject("FIM/Sites Page/Site Filtering/Site_txt"), Keys.chord(BACK_SPACE), STOP_ON_FAILURE): Keys 'BACK_SPACE + ' sent to object: 'Object Repository/FIM/Sites Page/Site Filtering/Site_txt'

21-10-2025T20:34:25 - [MESSAGE][PASSED] - Keys 'BACK_SPACE + ' sent to object: 'Object Repository/FIM/Sites Page/Site Filtering/Site_txt'

21-10-2025T20:34:25 - [TEST_STEP][PASSED] - (i++): null

21-10-2025T20:34:25 - [TEST_STEP][PASSED] - sendKeys(findTestObject("FIM/Sites Page/Site Filtering/Site_txt"), Keys.chord(BACK_SPACE), STOP_ON_FAILURE): Keys 'BACK_SPACE + ' sent to object: 'Object Repository/FIM/Sites Page/Site Filtering/Site_txt'

21-10-2025T20:34:25 - [MESSAGE][PASSED] - Keys 'BACK_SPACE + ' sent to object: 'Object Repository/FIM/Sites Page/Site Filtering/Site_txt'

21-10-2025T20:34:25 - [TEST_STEP][PASSED] - (i++): null

21-10-2025T20:34:25 - [TEST_STEP][PASSED] - sendKeys(findTestObject("FIM/Sites Page/Site Filtering/Site_txt"), Keys.chord(BACK_SPACE), STOP_ON_FAILURE): Keys 'BACK_SPACE + ' sent to object: 'Object Repository/FIM/Sites Page/Site Filtering/Site_txt'

21-10-2025T20:34:25 - [MESSAGE][PASSED] - Keys 'BACK_SPACE + ' sent to object: 'Object Repository/FIM/Sites Page/Site Filtering/Site_txt'

21-10-2025T20:34:25 - [TEST_STEP][PASSED] - (i++): null

21-10-2025T20:34:25 - [TEST_STEP][PASSED] - sendKeys(findTestObject("FIM/Sites Page/Site Filtering/Site_txt"), Keys.chord(BACK_SPACE), STOP_ON_FAILURE): Keys 'BACK_SPACE + ' sent to object: 'Object Repository/FIM/Sites Page/Site Filtering/Site_txt'

21-10-2025T20:34:25 - [MESSAGE][PASSED] - Keys 'BACK_SPACE + ' sent to object: 'Object Repository/FIM/Sites Page/Site Filtering/Site_txt'

21-10-2025T20:34:25 - [TEST_STEP][PASSED] - (i++): null

21-10-2025T20:34:25 - [TEST_STEP][PASSED] - sendKeys(findTestObject("FIM/Sites Page/Site Filtering/Site_txt"), Keys.chord(BACK_SPACE), STOP_ON_FAILURE): Keys 'BACK_SPACE + ' sent to object: 'Object Repository/FIM/Sites Page/Site Filtering/Site_txt'

21-10-2025T20:34:25 - [MESSAGE][PASSED] - Keys 'BACK_SPACE + ' sent to object: 'Object Repository/FIM/Sites Page/Site Filtering/Site_txt'

21-10-2025T20:34:25 - [TEST_STEP][PASSED] - (i++): null

21-10-2025T20:34:25 - [TEST_STEP][PASSED] - sendKeys(findTestObject("FIM/Sites Page/Site Filtering/Site_txt"), Keys.chord(BACK_SPACE), STOP_ON_FAILURE): Keys 'BACK_SPACE + ' sent to object: 'Object Repository/FIM/Sites Page/Site Filtering/Site_txt'

21-10-2025T20:34:25 - [MESSAGE][PASSED] - Keys 'BACK_SPACE + ' sent to object: 'Object Repository/FIM/Sites Page/Site Filtering/Site_txt'

21-10-2025T20:34:25 - [TEST_STEP][PASSED] - (i++): null

21-10-2025T20:34:25 - [TEST_STEP][PASSED] - sendKeys(findTestObject("FIM/Sites Page/Site Filtering/Site_txt"), Keys.chord(BACK_SPACE), STOP_ON_FAILURE): Keys 'BACK_SPACE + ' sent to object: 'Object Repository/FIM/Sites Page/Site Filtering/Site_txt'

21-10-2025T20:34:25 - [MESSAGE][PASSED] - Keys 'BACK_SPACE + ' sent to object: 'Object Repository/FIM/Sites Page/Site Filtering/Site_txt'

21-10-2025T20:34:25 - [TEST_STEP][PASSED] - (i++): null

21-10-2025T20:34:25 - [TEST_STEP][PASSED] - sendKeys(findTestObject("FIM/Sites Page/Site Filtering/Site_txt"), Keys.chord(BACK_SPACE), STOP_ON_FAILURE): Keys 'BACK_SPACE + ' sent to object: 'Object Repository/FIM/Sites Page/Site Filtering/Site_txt'

21-10-2025T20:34:25 - [MESSAGE][PASSED] - Keys 'BACK_SPACE + ' sent to object: 'Object Repository/FIM/Sites Page/Site Filtering/Site_txt'

21-10-2025T20:34:25 - [TEST_STEP][PASSED] - (i++): null

21-10-2025T20:34:25 - [TEST_STEP][PASSED] - sendKeys(findTestObject("FIM/Sites Page/Site Filtering/Site_txt"), Keys.chord(BACK_SPACE), STOP_ON_FAILURE): Keys 'BACK_SPACE + ' sent to object: 'Object Repository/FIM/Sites Page/Site Filtering/Site_txt'

21-10-2025T20:34:25 - [MESSAGE][PASSED] - Keys 'BACK_SPACE + ' sent to object: 'Object Repository/FIM/Sites Page/Site Filtering/Site_txt'

21-10-2025T20:34:25 - [TEST_STEP][PASSED] - (i++): null

21-10-2025T20:34:25 - [TEST_STEP][PASSED] - sendKeys(findTestObject("FIM/Sites Page/Site Filtering/Site_txt"), Keys.chord(BACK_SPACE), STOP_ON_FAILURE): Keys 'BACK_SPACE + ' sent to object: 'Object Repository/FIM/Sites Page/Site Filtering/Site_txt'

21-10-2025T20:34:25 - [MESSAGE][PASSED] - Keys 'BACK_SPACE + ' sent to object: 'Object Repository/FIM/Sites Page/Site Filtering/Site_txt'

21-10-2025T20:34:25 - [TEST_STEP][PASSED] - (i++): null

21-10-2025T20:34:25 - [TEST_STEP][PASSED] - sendKeys(findTestObject("FIM/Sites Page/Site Filtering/Site_txt"), Keys.chord(BACK_SPACE), STOP_ON_FAILURE): Keys 'BACK_SPACE + ' sent to object: 'Object Repository/FIM/Sites Page/Site Filtering/Site_txt'

21-10-2025T20:34:25 - [MESSAGE][PASSED] - Keys 'BACK_SPACE + ' sent to object: 'Object Repository/FIM/Sites Page/Site Filtering/Site_txt'

21-10-2025T20:34:25 - [TEST_STEP][PASSED] - (i++): null

21-10-2025T20:34:25 - [TEST_STEP][PASSED] - sendKeys(findTestObject("FIM/Sites Page/Site Filtering/Site_txt"), Keys.chord(BACK_SPACE), STOP_ON_FAILURE): Keys 'BACK_SPACE + ' sent to object: 'Object Repository/FIM/Sites Page/Site Filtering/Site_txt'

21-10-2025T20:34:25 - [MESSAGE][PASSED] - Keys 'BACK_SPACE + ' sent to object: 'Object Repository/FIM/Sites Page/Site Filtering/Site_txt'

21-10-2025T20:34:25 - [TEST_STEP][PASSED] - (i++): null

21-10-2025T20:34:25 - [TEST_STEP][PASSED] - sendKeys(findTestObject("FIM/Sites Page/Site Filtering/Site_txt"), Keys.chord(BACK_SPACE), STOP_ON_FAILURE): Keys 'BACK_SPACE + ' sent to object: 'Object Repository/FIM/Sites Page/Site Filtering/Site_txt'

21-10-2025T20:34:26 - [MESSAGE][PASSED] - Keys 'BACK_SPACE + ' sent to object: 'Object Repository/FIM/Sites Page/Site Filtering/Site_txt'

21-10-2025T20:34:26 - [TEST_STEP][PASSED] - (i++): null

21-10-2025T20:34:26 - [TEST_STEP][PASSED] - sendKeys(findTestObject("FIM/Sites Page/Site Filtering/Site_txt"), Keys.chord(BACK_SPACE), STOP_ON_FAILURE): Keys 'BACK_SPACE + ' sent to object: 'Object Repository/FIM/Sites Page/Site Filtering/Site_txt'

21-10-2025T20:34:26 - [MESSAGE][PASSED] - Keys 'BACK_SPACE + ' sent to object: 'Object Repository/FIM/Sites Page/Site Filtering/Site_txt'

21-10-2025T20:34:26 - [TEST_STEP][PASSED] - (i++): null

21-10-2025T20:34:26 - [TEST_STEP][PASSED] - sendKeys(findTestObject("FIM/Sites Page/Site Filtering/Site_txt"), Keys.chord(BACK_SPACE), STOP_ON_FAILURE): Keys 'BACK_SPACE + ' sent to object: 'Object Repository/FIM/Sites Page/Site Filtering/Site_txt'

21-10-2025T20:34:26 - [MESSAGE][PASSED] - Keys 'BACK_SPACE + ' sent to object: 'Object Repository/FIM/Sites Page/Site Filtering/Site_txt'

21-10-2025T20:34:26 - [TEST_STEP][PASSED] - (i++): null

21-10-2025T20:34:26 - [TEST_STEP][PASSED] - sendKeys(findTestObject("FIM/Sites Page/Site Filtering/Site_txt"), Keys.chord(BACK_SPACE), STOP_ON_FAILURE): Keys 'BACK_SPACE + ' sent to object: 'Object Repository/FIM/Sites Page/Site Filtering/Site_txt'

21-10-2025T20:34:26 - [MESSAGE][PASSED] - Keys 'BACK_SPACE + ' sent to object: 'Object Repository/FIM/Sites Page/Site Filtering/Site_txt'

21-10-2025T20:34:26 - [TEST_STEP][PASSED] - (i++): null

21-10-2025T20:34:26 - [TEST_STEP][PASSED] - sendKeys(findTestObject("FIM/Sites Page/Site Filtering/Site_txt"), Keys.chord(BACK_SPACE), STOP_ON_FAILURE): Keys 'BACK_SPACE + ' sent to object: 'Object Repository/FIM/Sites Page/Site Filtering/Site_txt'

21-10-2025T20:34:26 - [MESSAGE][PASSED] - Keys 'BACK_SPACE + ' sent to object: 'Object Repository/FIM/Sites Page/Site Filtering/Site_txt'

21-10-2025T20:34:26 - [TEST_STEP][PASSED] - (i++): null

21-10-2025T20:34:26 - [TEST_STEP][PASSED] - sendKeys(findTestObject("FIM/Sites Page/Site Filtering/Site_txt"), Keys.chord(BACK_SPACE), STOP_ON_FAILURE): Keys 'BACK_SPACE + ' sent to object: 'Object Repository/FIM/Sites Page/Site Filtering/Site_txt'

21-10-2025T20:34:26 - [MESSAGE][PASSED] - Keys 'BACK_SPACE + ' sent to object: 'Object Repository/FIM/Sites Page/Site Filtering/Site_txt'

21-10-2025T20:34:26 - [TEST_STEP][PASSED] - (i++): null

21-10-2025T20:34:26 - [TEST_STEP][PASSED] - sendKeys(findTestObject("FIM/Sites Page/Site Filtering/Site_txt"), Keys.chord(BACK_SPACE), STOP_ON_FAILURE): Keys 'BACK_SPACE + ' sent to object: 'Object Repository/FIM/Sites Page/Site Filtering/Site_txt'

21-10-2025T20:34:26 - [MESSAGE][PASSED] - Keys 'BACK_SPACE + ' sent to object: 'Object Repository/FIM/Sites Page/Site Filtering/Site_txt'

21-10-2025T20:34:26 - [TEST_STEP][PASSED] - (i++): null

21-10-2025T20:34:26 - [TEST_STEP][PASSED] - sendKeys(findTestObject("FIM/Sites Page/Site Filtering/Site_txt"), "TURK132 - 798 North", STOP_ON_FAILURE): Keys 'TURK132 - 798 North' sent to object: 'Object Repository/FIM/Sites Page/Site Filtering/Site_txt'

21-10-2025T20:34:26 - [MESSAGE][PASSED] - Keys 'TURK132 - 798 North' sent to object: 'Object Repository/FIM/Sites Page/Site Filtering/Site_txt'

21-10-2025T20:34:26 - [TEST_STEP][PASSED] - sendKeys(findTestObject("FIM/Sites Page/Site Filtering/Site_txt"), Keys.chord(ENTER), STOP_ON_FAILURE): Keys 'ENTER + ' sent to object: 'Object Repository/FIM/Sites Page/Site Filtering/Site_txt'

21-10-2025T20:34:26 - [MESSAGE][PASSED] - Keys 'ENTER + ' sent to object: 'Object Repository/FIM/Sites Page/Site Filtering/Site_txt'

21-10-2025T20:34:26 - [TEST_STEP][PASSED] - delay(1): Delayed 1 second(s)

21-10-2025T20:34:27 - [MESSAGE][PASSED] - Delayed 1 second(s)

21-10-2025T20:34:27 - [TEST_STEP][PASSED] - waitForElementPresent(findTestObject("FIM/Sites Page/Inventories/Commodity Code Column"), 15): Object 'Object Repository/FIM/Sites Page/Inventories/Commodity Code Column' is present

21-10-2025T20:34:27 - [MESSAGE][PASSED] - Object 'Object Repository/FIM/Sites Page/Inventories/Commodity Code Column' is present

21-10-2025T20:34:27 - [TEST_STEP][PASSED] - verifyElementPresent(findTestObject("FIM/Sites Page/Inventories/Commodity Code Column"), 15): Object 'Object Repository/FIM/Sites Page/Inventories/Commodity Code Column' is present

21-10-2025T20:34:27 - [MESSAGE][PASSED] - Object 'Object Repository/FIM/Sites Page/Inventories/Commodity Code Column' is present

21-10-2025T20:34:27 - [TEST_STEP][PASSED] - verifyElementText(findTestObject("FIM/Sites Page/Inventories/Commodity Code Column"), "Commodity Code"): Actual text and expected text of test object 'Object Repository/FIM/Sites Page/Inventories/Commodity Code Column' are matched.

21-10-2025T20:34:27 - [MESSAGE][PASSED] - Actual text and expected text of test object 'Object Repository/FIM/Sites Page/Inventories/Commodity Code Column' are matched.

21-10-2025T20:34:27 - [TEST_STEP][PASSED] - Start listener action : retryOnDisconnect: null

21-10-2025T20:34:27 - [TEST_STEP][PASSED] - tcId = testCaseContext.getTestCaseId(): null

21-10-2025T20:34:27 - [TEST_STEP][PASSED] - currentRetry = retryCounts.getOrDefault(tcId, 0): null

21-10-2025T20:34:27 - [TEST_STEP][PASSED] - if (testCaseContext.getTestCaseStatus() == "FAILED" && currentRetry < MAX_RETRIES): null]]></system-out>
         <system-err><![CDATA[]]></system-err>
      </testcase>
      <testcase name="Test Cases/FIM/UI/KGL/Admin/Sites Page/Inventories/Delete Inventory" time="66.512" classname="Test Cases/FIM/UI/KGL/Admin/Sites Page/Inventories/Delete Inventory" status="FAILED">
         <failure type="FAILED" message="Test Cases/FIM/UI/KGL/Admin/Sites Page/Inventories/Delete Inventory FAILED.&#xa;Reason:&#xa;com.kms.katalon.core.exception.StepFailedException: Unable to click on object 'Object Repository/FIM/Sites Page/Inventories/Edit/Inventory History/1st Delete Inventory_btn'&#xa;	at com.kms.katalon.core.webui.keyword.internal.WebUIKeywordMain.stepFailed(WebUIKeywordMain.groovy:117)&#xa;	at com.kms.katalon.core.webui.keyword.internal.WebUIKeywordMain.runKeyword(WebUIKeywordMain.groovy:43)&#xa;	at com.kms.katalon.core.webui.keyword.builtin.ClickKeyword.click(ClickKeyword.groovy:74)&#xa;	at com.kms.katalon.core.webui.keyword.builtin.ClickKeyword.execute(ClickKeyword.groovy:40)&#xa;	at com.kms.katalon.core.keyword.internal.KeywordExecutor.executeKeywordForPlatform(KeywordExecutor.groovy:74)&#xa;	at com.kms.katalon.core.webui.keyword.WebUiBuiltInKeywords.click(WebUiBuiltInKeywords.groovy:659)&#xa;	at com.kms.katalon.core.webui.keyword.WebUiBuiltInKeywords$click$4.call(Unknown Source)&#xa;	at Delete Inventory.run(Delete Inventory:61)&#xa;	at com.kms.katalon.core.main.ScriptEngine.run(ScriptEngine.java:194)&#xa;	at com.kms.katalon.core.main.ScriptEngine.runScriptAsRawText(ScriptEngine.java:119)&#xa;	at com.kms.katalon.core.main.TestCaseExecutor.runScript(TestCaseExecutor.java:448)&#xa;	at com.kms.katalon.core.main.TestCaseExecutor.doExecute(TestCaseExecutor.java:439)&#xa;	at com.kms.katalon.core.main.TestCaseExecutor.processExecutionPhase(TestCaseExecutor.java:418)&#xa;	at com.kms.katalon.core.main.TestCaseExecutor.accessMainPhase(TestCaseExecutor.java:410)&#xa;	at com.kms.katalon.core.main.TestCaseExecutor.execute(TestCaseExecutor.java:285)&#xa;	at com.kms.katalon.core.common.CommonExecutor.accessTestCaseMainPhase(CommonExecutor.java:65)&#xa;	at com.kms.katalon.core.main.TestSuiteExecutor.accessTestSuiteMainPhase(TestSuiteExecutor.java:150)&#xa;	at com.kms.katalon.core.main.TestSuiteExecutor.execute(TestSuiteExecutor.java:106)&#xa;	at com.kms.katalon.core.main.TestCaseMain.startTestSuite(TestCaseMain.java:180)&#xa;	at com.kms.katalon.core.main.TestCaseMain$startTestSuite$0.call(Unknown Source)&#xa;	at TempTestSuite1761090764033.run(TempTestSuite1761090764033.groovy:35)&#xa;	at java.base/jdk.internal.reflect.NativeMethodAccessorImpl.invoke0(Native Method)&#xa;	at java.base/jdk.internal.reflect.NativeMethodAccessorImpl.invoke(NativeMethodAccessorImpl.java:77)&#xa;	at java.base/jdk.internal.reflect.DelegatingMethodAccessorImpl.invoke(DelegatingMethodAccessorImpl.java:43)&#xa;Caused by: org.openqa.selenium.ElementClickInterceptedException: element click intercepted: Element &lt;path fill=&quot;currentColor&quot; d=&quot;M135.2 17.7L128 32 32 32C14.3 32 0 46.3 0 64S14.3 96 32 96l384 0c17.7 0 32-14.3 32-32s-14.3-32-32-32l-96 0-7.2-14.3C307.4 6.8 296.3 0 284.2 0L163.8 0c-12.1 0-23.2 6.8-28.6 17.7zM416 128L32 128 53.2 467c1.6 25.3 22.6 45 47.9 45l245.8 0c25.3 0 46.3-19.7 47.9-45L416 128z&quot; class=&quot;&quot;>&lt;/path> is not clickable at point (106, 421). Other element would receive the click: &lt;div role=&quot;dialog&quot; class=&quot;modal fade show&quot; id=&quot;__BVID__193&quot; aria-labelledby=&quot;__BVID__193___BV_modal_title_&quot; aria-describedby=&quot;__BVID__193___BV_modal_body_&quot; style=&quot;display: block;&quot; aria-modal=&quot;true&quot;>...&lt;/div>&#xa;  (Session info: chrome=141.0.7390.122)&#xa;Build info: version: '3.141.59', revision: 'unknown', time: 'unknown'&#xa;System info: host: 'DC1ADOBLD01', ip: '10.2.20.71', os.name: 'Windows Server 2019', os.arch: 'amd64', os.version: '10.0', java.version: '17.0.7'&#xa;Driver info: com.kms.katalon.selenium.driver.CChromeDriver&#xa;Capabilities {acceptInsecureCerts: false, browserName: chrome, browserVersion: 141.0.7390.122, chrome: {chromedriverVersion: 141.0.7390.122 (b477534e7e1..., userDataDir: C:\Windows\SystemTemp\scope...}, fedcm:accounts: true, goog:chromeOptions: {debuggerAddress: localhost:53340}, javascriptEnabled: true, networkConnectionEnabled: false, pageLoadStrategy: normal, platform: WINDOWS, platformName: WINDOWS, proxy: Proxy(), setWindowRect: true, strictFileInteractability: false, timeouts: {implicit: 0, pageLoad: 300000, script: 30000}, unhandledPromptBehavior: dismiss and notify, webauthn:extension:credBlob: true, webauthn:extension:largeBlob: true, webauthn:extension:minPinLength: true, webauthn:extension:prf: true, webauthn:virtualAuthenticators: true}&#xa;Session ID: 92368c0d4df6f964fd4f343a01f17fda&#xa;	at java.base/jdk.internal.reflect.NativeConstructorAccessorImpl.newInstance0(Native Method)&#xa;	at java.base/jdk.internal.reflect.NativeConstructorAccessorImpl.newInstance(NativeConstructorAccessorImpl.java:77)&#xa;	at java.base/jdk.internal.reflect.DelegatingConstructorAccessorImpl.newInstance(DelegatingConstructorAccessorImpl.java:45)&#xa;	at org.openqa.selenium.remote.http.W3CHttpResponseCodec.createException(W3CHttpResponseCodec.java:187)&#xa;	at org.openqa.selenium.remote.http.W3CHttpResponseCodec.decode(W3CHttpResponseCodec.java:122)&#xa;	at org.openqa.selenium.remote.http.W3CHttpResponseCodec.decode(W3CHttpResponseCodec.java:49)&#xa;	at org.openqa.selenium.remote.HttpCommandExecutor.execute(HttpCommandExecutor.java:158)&#xa;	at org.openqa.selenium.remote.service.DriverCommandExecutor.execute(DriverCommandExecutor.java:83)&#xa;	at org.openqa.selenium.remote.RemoteWebDriver.execute(RemoteWebDriver.java:552)&#xa;	at com.kms.katalon.selenium.driver.CChromeDriver.execute(CChromeDriver.java:19)&#xa;	at org.openqa.selenium.remote.RemoteWebElement.execute(RemoteWebElement.java:285)&#xa;	at org.openqa.selenium.remote.RemoteWebElement.click(RemoteWebElement.java:84)&#xa;	at jdk.internal.reflect.GeneratedMethodAccessor22.invoke(Unknown Source)&#xa;	at java.base/jdk.internal.reflect.DelegatingMethodAccessorImpl.invoke(DelegatingMethodAccessorImpl.java:43)&#xa;	at org.openqa.selenium.support.events.EventFiringWebDriver$EventFiringWebElement.lambda$new$0(EventFiringWebDriver.java:404)&#xa;	at jdk.proxy2/jdk.proxy2.$Proxy27.click(Unknown Source)&#xa;	at org.openqa.selenium.support.events.EventFiringWebDriver$EventFiringWebElement.click(EventFiringWebDriver.java:417)&#xa;	at org.openqa.selenium.WebElement$click.call(Unknown Source)&#xa;	at com.kms.katalon.core.webui.keyword.builtin.ClickKeyword.clickUntilSuccessWithTimeout(ClickKeyword.groovy:81)&#xa;	at com.kms.katalon.core.webui.keyword.builtin.ClickKeyword.clickUntilSuccessWithTimeout(ClickKeyword.groovy)&#xa;	at jdk.internal.reflect.GeneratedMethodAccessor26.invoke(Unknown Source)&#xa;	at java.base/jdk.internal.reflect.DelegatingMethodAccessorImpl.invoke(DelegatingMethodAccessorImpl.java:43)&#xa;	at com.kms.katalon.core.webui.keyword.builtin.ClickKeyword$_click_closure1.doCall(ClickKeyword.groovy:67)&#xa;	at com.kms.katalon.core.webui.keyword.builtin.ClickKeyword$_click_closure1.call(ClickKeyword.groovy)&#xa;	at com.kms.katalon.core.webui.keyword.internal.WebUIKeywordMain.runKeyword(WebUIKeywordMain.groovy:35)&#xa;	... 22 more&#xa;"/>
         <system-out><![CDATA[21-10-2025T20:34:27 - [TEST_CASE][FAILED] - Test Cases/FIM/UI/KGL/Admin/Sites Page/Inventories/Delete Inventory: Test Cases/FIM/UI/KGL/Admin/Sites Page/Inventories/Delete Inventory FAILED.
Reason:
com.kms.katalon.core.exception.StepFailedException: Unable to click on object 'Object Repository/FIM/Sites Page/Inventories/Edit/Inventory History/1st Delete Inventory_btn'
	at com.kms.katalon.core.webui.keyword.internal.WebUIKeywordMain.stepFailed(WebUIKeywordMain.groovy:117)
	at com.kms.katalon.core.webui.keyword.internal.WebUIKeywordMain.runKeyword(WebUIKeywordMain.groovy:43)
	at com.kms.katalon.core.webui.keyword.builtin.ClickKeyword.click(ClickKeyword.groovy:74)
	at com.kms.katalon.core.webui.keyword.builtin.ClickKeyword.execute(ClickKeyword.groovy:40)
	at com.kms.katalon.core.keyword.internal.KeywordExecutor.executeKeywordForPlatform(KeywordExecutor.groovy:74)
	at com.kms.katalon.core.webui.keyword.WebUiBuiltInKeywords.click(WebUiBuiltInKeywords.groovy:659)
	at com.kms.katalon.core.webui.keyword.WebUiBuiltInKeywords$click$4.call(Unknown Source)
	at Delete Inventory.run(Delete Inventory:61)
	at com.kms.katalon.core.main.ScriptEngine.run(ScriptEngine.java:194)
	at com.kms.katalon.core.main.ScriptEngine.runScriptAsRawText(ScriptEngine.java:119)
	at com.kms.katalon.core.main.TestCaseExecutor.runScript(TestCaseExecutor.java:448)
	at com.kms.katalon.core.main.TestCaseExecutor.doExecute(TestCaseExecutor.java:439)
	at com.kms.katalon.core.main.TestCaseExecutor.processExecutionPhase(TestCaseExecutor.java:418)
	at com.kms.katalon.core.main.TestCaseExecutor.accessMainPhase(TestCaseExecutor.java:410)
	at com.kms.katalon.core.main.TestCaseExecutor.execute(TestCaseExecutor.java:285)
	at com.kms.katalon.core.common.CommonExecutor.accessTestCaseMainPhase(CommonExecutor.java:65)
	at com.kms.katalon.core.main.TestSuiteExecutor.accessTestSuiteMainPhase(TestSuiteExecutor.java:150)
	at com.kms.katalon.core.main.TestSuiteExecutor.execute(TestSuiteExecutor.java:106)
	at com.kms.katalon.core.main.TestCaseMain.startTestSuite(TestCaseMain.java:180)
	at com.kms.katalon.core.main.TestCaseMain$startTestSuite$0.call(Unknown Source)
	at TempTestSuite1761090764033.run(TempTestSuite1761090764033.groovy:35)
	at java.base/jdk.internal.reflect.NativeMethodAccessorImpl.invoke0(Native Method)
	at java.base/jdk.internal.reflect.NativeMethodAccessorImpl.invoke(NativeMethodAccessorImpl.java:77)
	at java.base/jdk.internal.reflect.DelegatingMethodAccessorImpl.invoke(DelegatingMethodAccessorImpl.java:43)
Caused by: org.openqa.selenium.ElementClickInterceptedException: element click intercepted: Element <path fill="currentColor" d="M135.2 17.7L128 32 32 32C14.3 32 0 46.3 0 64S14.3 96 32 96l384 0c17.7 0 32-14.3 32-32s-14.3-32-32-32l-96 0-7.2-14.3C307.4 6.8 296.3 0 284.2 0L163.8 0c-12.1 0-23.2 6.8-28.6 17.7zM416 128L32 128 53.2 467c1.6 25.3 22.6 45 47.9 45l245.8 0c25.3 0 46.3-19.7 47.9-45L416 128z" class=""></path> is not clickable at point (106, 421). Other element would receive the click: <div role="dialog" class="modal fade show" id="__BVID__193" aria-labelledby="__BVID__193___BV_modal_title_" aria-describedby="__BVID__193___BV_modal_body_" style="display: block;" aria-modal="true">...</div>
  (Session info: chrome=141.0.7390.122)
Build info: version: '3.141.59', revision: 'unknown', time: 'unknown'
System info: host: 'DC1ADOBLD01', ip: '10.2.20.71', os.name: 'Windows Server 2019', os.arch: 'amd64', os.version: '10.0', java.version: '17.0.7'
Driver info: com.kms.katalon.selenium.driver.CChromeDriver
Capabilities {acceptInsecureCerts: false, browserName: chrome, browserVersion: 141.0.7390.122, chrome: {chromedriverVersion: 141.0.7390.122 (b477534e7e1..., userDataDir: C:\Windows\SystemTemp\scope...}, fedcm:accounts: true, goog:chromeOptions: {debuggerAddress: localhost:53340}, javascriptEnabled: true, networkConnectionEnabled: false, pageLoadStrategy: normal, platform: WINDOWS, platformName: WINDOWS, proxy: Proxy(), setWindowRect: true, strictFileInteractability: false, timeouts: {implicit: 0, pageLoad: 300000, script: 30000}, unhandledPromptBehavior: dismiss and notify, webauthn:extension:credBlob: true, webauthn:extension:largeBlob: true, webauthn:extension:minPinLength: true, webauthn:extension:prf: true, webauthn:virtualAuthenticators: true}
Session ID: 92368c0d4df6f964fd4f343a01f17fda
	at java.base/jdk.internal.reflect.NativeConstructorAccessorImpl.newInstance0(Native Method)
	at java.base/jdk.internal.reflect.NativeConstructorAccessorImpl.newInstance(NativeConstructorAccessorImpl.java:77)
	at java.base/jdk.internal.reflect.DelegatingConstructorAccessorImpl.newInstance(DelegatingConstructorAccessorImpl.java:45)
	at org.openqa.selenium.remote.http.W3CHttpResponseCodec.createException(W3CHttpResponseCodec.java:187)
	at org.openqa.selenium.remote.http.W3CHttpResponseCodec.decode(W3CHttpResponseCodec.java:122)
	at org.openqa.selenium.remote.http.W3CHttpResponseCodec.decode(W3CHttpResponseCodec.java:49)
	at org.openqa.selenium.remote.HttpCommandExecutor.execute(HttpCommandExecutor.java:158)
	at org.openqa.selenium.remote.service.DriverCommandExecutor.execute(DriverCommandExecutor.java:83)
	at org.openqa.selenium.remote.RemoteWebDriver.execute(RemoteWebDriver.java:552)
	at com.kms.katalon.selenium.driver.CChromeDriver.execute(CChromeDriver.java:19)
	at org.openqa.selenium.remote.RemoteWebElement.execute(RemoteWebElement.java:285)
	at org.openqa.selenium.remote.RemoteWebElement.click(RemoteWebElement.java:84)
	at jdk.internal.reflect.GeneratedMethodAccessor22.invoke(Unknown Source)
	at java.base/jdk.internal.reflect.DelegatingMethodAccessorImpl.invoke(DelegatingMethodAccessorImpl.java:43)
	at org.openqa.selenium.support.events.EventFiringWebDriver$EventFiringWebElement.lambda$new$0(EventFiringWebDriver.java:404)
	at jdk.proxy2/jdk.proxy2.$Proxy27.click(Unknown Source)
	at org.openqa.selenium.support.events.EventFiringWebDriver$EventFiringWebElement.click(EventFiringWebDriver.java:417)
	at org.openqa.selenium.WebElement$click.call(Unknown Source)
	at com.kms.katalon.core.webui.keyword.builtin.ClickKeyword.clickUntilSuccessWithTimeout(ClickKeyword.groovy:81)
	at com.kms.katalon.core.webui.keyword.builtin.ClickKeyword.clickUntilSuccessWithTimeout(ClickKeyword.groovy)
	at jdk.internal.reflect.GeneratedMethodAccessor26.invoke(Unknown Source)
	at java.base/jdk.internal.reflect.DelegatingMethodAccessorImpl.invoke(DelegatingMethodAccessorImpl.java:43)
	at com.kms.katalon.core.webui.keyword.builtin.ClickKeyword$_click_closure1.doCall(ClickKeyword.groovy:67)
	at com.kms.katalon.core.webui.keyword.builtin.ClickKeyword$_click_closure1.call(ClickKeyword.groovy)
	at com.kms.katalon.core.webui.keyword.internal.WebUIKeywordMain.runKeyword(WebUIKeywordMain.groovy:35)
	... 22 more


21-10-2025T20:34:27 - [TEST_STEP][PASSED] - Start listener action : beforeTestCase: null

21-10-2025T20:34:27 - [TEST_STEP][PASSED] - addDefaultPackages(): null

21-10-2025T20:34:27 - [TEST_STEP][PASSED] - callTestCase(findTestCase("Utility Scripts/FIM KGL Admin Login"), [:], STOP_ON_FAILURE): Call Test Case 'Test Cases/Utility Scripts/FIM KGL Admin Login' successfully

21-10-2025T20:34:27 - [TEST_CASE][PASSED] - Test Cases/Utility Scripts/FIM KGL Admin Login: Test Cases/Utility Scripts/FIM KGL Admin Login

21-10-2025T20:34:27 - [TEST_STEP][PASSED] - openBrowser(""): Browser is opened with url: ''

21-10-2025T20:34:27 - [MESSAGE][WARNING] - A browser is already opened. Closing browser and opening a new one

21-10-2025T20:34:28 - [MESSAGE][INFO] - Starting 'Chrome' driver

21-10-2025T20:34:28 - [MESSAGE][INFO] - User set preference: ['args', '[--no-sandbox, --disable-gpu, --disable-dev-shm-usage]']

21-10-2025T20:34:28 - [MESSAGE][INFO] - Action delay is set to 0 milliseconds

21-10-2025T20:34:28 - [MESSAGE][PASSED] - Browser is opened with url: ''

21-10-2025T20:34:28 - [TEST_STEP][PASSED] - delay(1): Delayed 1 second(s)

21-10-2025T20:34:29 - [MESSAGE][PASSED] - Delayed 1 second(s)

21-10-2025T20:34:29 - [TEST_STEP][PASSED] - navigateToUrl(KGLCustomGroupUrl): Navigate to 'https://kaglogistics-inventory-management-portal.qa.thekag.com/custom-group/' successfully

21-10-2025T20:34:30 - [MESSAGE][PASSED] - Navigate to 'https://kaglogistics-inventory-management-portal.qa.thekag.com/custom-group/' successfully

21-10-2025T20:34:30 - [TEST_STEP][PASSED] - delay(10): Delayed 10 second(s)

21-10-2025T20:34:40 - [MESSAGE][PASSED] - Delayed 10 second(s)

21-10-2025T20:34:40 - [TEST_STEP][PASSED] - if (maximizeWindow == true): Delayed 1 second(s)

21-10-2025T20:34:40 - [TEST_STEP][PASSED] - maximizeWindow(STOP_ON_FAILURE): Current window maximized

21-10-2025T20:34:40 - [MESSAGE][PASSED] - Current window maximized

21-10-2025T20:34:40 - [TEST_STEP][PASSED] - delay(1): Delayed 1 second(s)

21-10-2025T20:34:41 - [MESSAGE][PASSED] - Delayed 1 second(s)

21-10-2025T20:34:41 - [TEST_STEP][PASSED] - waitForElementPresent(findTestObject("FIM/Username_txt"), 10): Object 'Object Repository/FIM/Username_txt' is present

21-10-2025T20:34:41 - [MESSAGE][PASSED] - Object 'Object Repository/FIM/Username_txt' is present

21-10-2025T20:34:41 - [TEST_STEP][PASSED] - setText(findTestObject("FIM/Username_txt"), FIMUsername): Text 'Chris.Sheldon+DES_QA@Thekag.com' is set on object 'Object Repository/FIM/Username_txt'

21-10-2025T20:34:41 - [MESSAGE][PASSED] - Text 'Chris.Sheldon+DES_QA@Thekag.com' is set on object 'Object Repository/FIM/Username_txt'

21-10-2025T20:34:41 - [TEST_STEP][PASSED] - delay(1): Delayed 1 second(s)

21-10-2025T20:34:42 - [MESSAGE][PASSED] - Delayed 1 second(s)

21-10-2025T20:34:42 - [TEST_STEP][PASSED] - setText(findTestObject("FIM/Password_txt"), FIMPassword): Text 'QATest!2' is set on object 'Object Repository/FIM/Password_txt'

21-10-2025T20:34:42 - [MESSAGE][PASSED] - Text 'QATest!2' is set on object 'Object Repository/FIM/Password_txt'

21-10-2025T20:34:42 - [TEST_STEP][PASSED] - delay(1): Delayed 1 second(s)

21-10-2025T20:34:43 - [MESSAGE][PASSED] - Delayed 1 second(s)

21-10-2025T20:34:43 - [TEST_STEP][PASSED] - click(findTestObject("FIM/Login_btn")): Object: 'Object Repository/FIM/Login_btn' is clicked on

21-10-2025T20:34:43 - [MESSAGE][PASSED] - Object: 'Object Repository/FIM/Login_btn' is clicked on

21-10-2025T20:34:43 - [MESSAGE][PASSED] - Call Test Case 'Test Cases/Utility Scripts/FIM KGL Admin Login' successfully

21-10-2025T20:34:43 - [TEST_STEP][PASSED] - if (verifyElementVisible(findTestObject("FIM/Server_Notification_Close_btn"), OPTIONAL) == true): Web element with id: 'Object Repository/FIM/Server_Notification_Close_btn' located by '/html/body/div/div[1]/button' not found (Root cause: com.kms.katalon.core.exception.StepFailedException: Web element with id: 'Object Repository/FIM/Server_Notification_Close_btn' located by '/html/body/div/div[1]/button' not found
	at com.kms.katalon.core.webui.keyword.internal.WebUIKeywordMain.stepFailed(WebUIKeywordMain.groovy:117)
	at com.kms.katalon.core.webui.keyword.builtin.VerifyElementVisibleKeyword$_verifyElementVisible_closure1.doCall(VerifyElementVisibleKeyword.groovy:89)
	at com.kms.katalon.core.webui.keyword.builtin.VerifyElementVisibleKeyword$_verifyElementVisible_closure1.call(VerifyElementVisibleKeyword.groovy)
	at com.kms.katalon.core.webui.keyword.internal.WebUIKeywordMain.runKeyword(WebUIKeywordMain.groovy:35)
	at com.kms.katalon.core.webui.keyword.builtin.VerifyElementVisibleKeyword.verifyElementVisible(VerifyElementVisibleKeyword.groovy:97)
	at com.kms.katalon.core.webui.keyword.builtin.VerifyElementVisibleKeyword.execute(VerifyElementVisibleKeyword.groovy:67)
	at com.kms.katalon.core.keyword.internal.KeywordExecutor.executeKeywordForPlatform(KeywordExecutor.groovy:74)
	at com.kms.katalon.core.webui.keyword.WebUiBuiltInKeywords.verifyElementVisible(WebUiBuiltInKeywords.groovy:401)
	at com.kms.katalon.core.webui.keyword.WebUiBuiltInKeywords$verifyElementVisible$5.call(Unknown Source)
	at Delete Inventory.run(Delete Inventory:22)
	at com.kms.katalon.core.main.ScriptEngine.run(ScriptEngine.java:194)
	at com.kms.katalon.core.main.ScriptEngine.runScriptAsRawText(ScriptEngine.java:119)
	at com.kms.katalon.core.main.TestCaseExecutor.runScript(TestCaseExecutor.java:448)
	at com.kms.katalon.core.main.TestCaseExecutor.doExecute(TestCaseExecutor.java:439)
	at com.kms.katalon.core.main.TestCaseExecutor.processExecutionPhase(TestCaseExecutor.java:418)
	at com.kms.katalon.core.main.TestCaseExecutor.accessMainPhase(TestCaseExecutor.java:410)
	at com.kms.katalon.core.main.TestCaseExecutor.execute(TestCaseExecutor.java:285)
	at com.kms.katalon.core.common.CommonExecutor.accessTestCaseMainPhase(CommonExecutor.java:65)
	at com.kms.katalon.core.main.TestSuiteExecutor.accessTestSuiteMainPhase(TestSuiteExecutor.java:150)
	at com.kms.katalon.core.main.TestSuiteExecutor.execute(TestSuiteExecutor.java:106)
	at com.kms.katalon.core.main.TestCaseMain.startTestSuite(TestCaseMain.java:180)
	at com.kms.katalon.core.main.TestCaseMain$startTestSuite$0.call(Unknown Source)
	at TempTestSuite1761090764033.run(TempTestSuite1761090764033.groovy:35)
	at java.base/jdk.internal.reflect.NativeMethodAccessorImpl.invoke0(Native Method)
	at java.base/jdk.internal.reflect.NativeMethodAccessorImpl.invoke(NativeMethodAccessorImpl.java:77)
	at java.base/jdk.internal.reflect.DelegatingMethodAccessorImpl.invoke(DelegatingMethodAccessorImpl.java:43)
)

21-10-2025T20:34:59 - [MESSAGE][INFO] - Unable to find the element located by 'By.xpath: /html/body/div/div[1]/button'. Please recheck the objects properties to make sure the desired element is located. 

21-10-2025T20:34:59 - [MESSAGE][WARNING] - [SELF-HEALING] Failed to find element with id 'Object Repository/FIM/Server_Notification_Close_btn'. Try using Self-healing.

21-10-2025T20:35:00 - [MESSAGE][INFO] - [SELF-HEALING] No working XPath is found.

21-10-2025T20:35:02 - [MESSAGE][INFO] - Unable to find the element located by 'By.xpath: '. Please recheck the objects properties to make sure the desired element is located. 

21-10-2025T20:35:02 - [MESSAGE][WARNING] - [SELF-HEALING] Cannot find elements when the selector is null

21-10-2025T20:35:02 - [MESSAGE][WARNING] - Web element with id: 'Object Repository/FIM/Server_Notification_Close_btn' located by '/html/body/div/div[1]/button' not found (Root cause: com.kms.katalon.core.exception.StepFailedException: Web element with id: 'Object Repository/FIM/Server_Notification_Close_btn' located by '/html/body/div/div[1]/button' not found
	at com.kms.katalon.core.webui.keyword.internal.WebUIKeywordMain.stepFailed(WebUIKeywordMain.groovy:117)
	at com.kms.katalon.core.webui.keyword.builtin.VerifyElementVisibleKeyword$_verifyElementVisible_closure1.doCall(VerifyElementVisibleKeyword.groovy:89)
	at com.kms.katalon.core.webui.keyword.builtin.VerifyElementVisibleKeyword$_verifyElementVisible_closure1.call(VerifyElementVisibleKeyword.groovy)
	at com.kms.katalon.core.webui.keyword.internal.WebUIKeywordMain.runKeyword(WebUIKeywordMain.groovy:35)
	at com.kms.katalon.core.webui.keyword.builtin.VerifyElementVisibleKeyword.verifyElementVisible(VerifyElementVisibleKeyword.groovy:97)
	at com.kms.katalon.core.webui.keyword.builtin.VerifyElementVisibleKeyword.execute(VerifyElementVisibleKeyword.groovy:67)
	at com.kms.katalon.core.keyword.internal.KeywordExecutor.executeKeywordForPlatform(KeywordExecutor.groovy:74)
	at com.kms.katalon.core.webui.keyword.WebUiBuiltInKeywords.verifyElementVisible(WebUiBuiltInKeywords.groovy:401)
	at com.kms.katalon.core.webui.keyword.WebUiBuiltInKeywords$verifyElementVisible$5.call(Unknown Source)
	at Delete Inventory.run(Delete Inventory:22)
	at com.kms.katalon.core.main.ScriptEngine.run(ScriptEngine.java:194)
	at com.kms.katalon.core.main.ScriptEngine.runScriptAsRawText(ScriptEngine.java:119)
	at com.kms.katalon.core.main.TestCaseExecutor.runScript(TestCaseExecutor.java:448)
	at com.kms.katalon.core.main.TestCaseExecutor.doExecute(TestCaseExecutor.java:439)
	at com.kms.katalon.core.main.TestCaseExecutor.processExecutionPhase(TestCaseExecutor.java:418)
	at com.kms.katalon.core.main.TestCaseExecutor.accessMainPhase(TestCaseExecutor.java:410)
	at com.kms.katalon.core.main.TestCaseExecutor.execute(TestCaseExecutor.java:285)
	at com.kms.katalon.core.common.CommonExecutor.accessTestCaseMainPhase(CommonExecutor.java:65)
	at com.kms.katalon.core.main.TestSuiteExecutor.accessTestSuiteMainPhase(TestSuiteExecutor.java:150)
	at com.kms.katalon.core.main.TestSuiteExecutor.execute(TestSuiteExecutor.java:106)
	at com.kms.katalon.core.main.TestCaseMain.startTestSuite(TestCaseMain.java:180)
	at com.kms.katalon.core.main.TestCaseMain$startTestSuite$0.call(Unknown Source)
	at TempTestSuite1761090764033.run(TempTestSuite1761090764033.groovy:35)
	at java.base/jdk.internal.reflect.NativeMethodAccessorImpl.invoke0(Native Method)
	at java.base/jdk.internal.reflect.NativeMethodAccessorImpl.invoke(NativeMethodAccessorImpl.java:77)
	at java.base/jdk.internal.reflect.DelegatingMethodAccessorImpl.invoke(DelegatingMethodAccessorImpl.java:43)
)

21-10-2025T20:35:02 - [TEST_STEP][PASSED] - delay(1): Delayed 1 second(s)

21-10-2025T20:35:03 - [MESSAGE][PASSED] - Delayed 1 second(s)

21-10-2025T20:35:03 - [TEST_STEP][PASSED] - click(findTestObject("FIM/Hamburger Menu List/Hamburger_menu")): Object: 'Object Repository/FIM/Hamburger Menu List/Hamburger_menu' is clicked on

21-10-2025T20:35:03 - [MESSAGE][PASSED] - Object: 'Object Repository/FIM/Hamburger Menu List/Hamburger_menu' is clicked on

21-10-2025T20:35:03 - [TEST_STEP][PASSED] - verifyElementPresent(findTestObject("FIM/Hamburger Menu List/Sites_list (1)"), 10): Object 'Object Repository/FIM/Hamburger Menu List/Sites_list (1)' is present

21-10-2025T20:35:03 - [MESSAGE][PASSED] - Object 'Object Repository/FIM/Hamburger Menu List/Sites_list (1)' is present

21-10-2025T20:35:03 - [TEST_STEP][PASSED] - delay(1): Delayed 1 second(s)

21-10-2025T20:35:04 - [MESSAGE][PASSED] - Delayed 1 second(s)

21-10-2025T20:35:04 - [TEST_STEP][PASSED] - click(findTestObject("FIM/Hamburger Menu List/Sites_list (1)")): Object: 'Object Repository/FIM/Hamburger Menu List/Sites_list (1)' is clicked on

21-10-2025T20:35:04 - [MESSAGE][PASSED] - Object: 'Object Repository/FIM/Hamburger Menu List/Sites_list (1)' is clicked on

21-10-2025T20:35:04 - [TEST_STEP][PASSED] - waitForElementPresent(findTestObject("FIM/Sites Page/Calculator/Calculator Tab"), 10): Object 'Object Repository/FIM/Sites Page/Calculator/Calculator Tab' is present

21-10-2025T20:35:05 - [MESSAGE][PASSED] - Object 'Object Repository/FIM/Sites Page/Calculator/Calculator Tab' is present

21-10-2025T20:35:05 - [TEST_STEP][PASSED] - delay(1): Delayed 1 second(s)

21-10-2025T20:35:06 - [MESSAGE][PASSED] - Delayed 1 second(s)

21-10-2025T20:35:06 - [TEST_STEP][PASSED] - selectOptionByLabel(findTestObject("FIM/Sites Page/Site Filtering/Region Selection_dropdown"), "KAG LOGISTICS", false): All options with label 'KAG LOGISTICS' are selected in object 'Object Repository/FIM/Sites Page/Site Filtering/Region Selection_dropdown' 

21-10-2025T20:35:06 - [MESSAGE][PASSED] - All options with label 'KAG LOGISTICS' are selected in object 'Object Repository/FIM/Sites Page/Site Filtering/Region Selection_dropdown' 

21-10-2025T20:35:06 - [TEST_STEP][PASSED] - i = 0: null

21-10-2025T20:35:06 - [TEST_STEP][PASSED] - while (i < 60 == true): null

21-10-2025T20:35:06 - [TEST_STEP][PASSED] - sendKeys(findTestObject("FIM/Sites Page/Site Filtering/Site_txt"), Keys.chord(BACK_SPACE), STOP_ON_FAILURE): Keys 'BACK_SPACE + ' sent to object: 'Object Repository/FIM/Sites Page/Site Filtering/Site_txt'

21-10-2025T20:35:10 - [MESSAGE][PASSED] - Keys 'BACK_SPACE + ' sent to object: 'Object Repository/FIM/Sites Page/Site Filtering/Site_txt'

21-10-2025T20:35:10 - [TEST_STEP][PASSED] - (i++): null

21-10-2025T20:35:10 - [TEST_STEP][PASSED] - sendKeys(findTestObject("FIM/Sites Page/Site Filtering/Site_txt"), Keys.chord(BACK_SPACE), STOP_ON_FAILURE): Keys 'BACK_SPACE + ' sent to object: 'Object Repository/FIM/Sites Page/Site Filtering/Site_txt'

21-10-2025T20:35:10 - [MESSAGE][PASSED] - Keys 'BACK_SPACE + ' sent to object: 'Object Repository/FIM/Sites Page/Site Filtering/Site_txt'

21-10-2025T20:35:10 - [TEST_STEP][PASSED] - (i++): null

21-10-2025T20:35:10 - [TEST_STEP][PASSED] - sendKeys(findTestObject("FIM/Sites Page/Site Filtering/Site_txt"), Keys.chord(BACK_SPACE), STOP_ON_FAILURE): Keys 'BACK_SPACE + ' sent to object: 'Object Repository/FIM/Sites Page/Site Filtering/Site_txt'

21-10-2025T20:35:10 - [MESSAGE][PASSED] - Keys 'BACK_SPACE + ' sent to object: 'Object Repository/FIM/Sites Page/Site Filtering/Site_txt'

21-10-2025T20:35:10 - [TEST_STEP][PASSED] - (i++): null

21-10-2025T20:35:10 - [TEST_STEP][PASSED] - sendKeys(findTestObject("FIM/Sites Page/Site Filtering/Site_txt"), Keys.chord(BACK_SPACE), STOP_ON_FAILURE): Keys 'BACK_SPACE + ' sent to object: 'Object Repository/FIM/Sites Page/Site Filtering/Site_txt'

21-10-2025T20:35:11 - [MESSAGE][PASSED] - Keys 'BACK_SPACE + ' sent to object: 'Object Repository/FIM/Sites Page/Site Filtering/Site_txt'

21-10-2025T20:35:11 - [TEST_STEP][PASSED] - (i++): null

21-10-2025T20:35:11 - [TEST_STEP][PASSED] - sendKeys(findTestObject("FIM/Sites Page/Site Filtering/Site_txt"), Keys.chord(BACK_SPACE), STOP_ON_FAILURE): Keys 'BACK_SPACE + ' sent to object: 'Object Repository/FIM/Sites Page/Site Filtering/Site_txt'

21-10-2025T20:35:11 - [MESSAGE][PASSED] - Keys 'BACK_SPACE + ' sent to object: 'Object Repository/FIM/Sites Page/Site Filtering/Site_txt'

21-10-2025T20:35:11 - [TEST_STEP][PASSED] - (i++): null

21-10-2025T20:35:11 - [TEST_STEP][PASSED] - sendKeys(findTestObject("FIM/Sites Page/Site Filtering/Site_txt"), Keys.chord(BACK_SPACE), STOP_ON_FAILURE): Keys 'BACK_SPACE + ' sent to object: 'Object Repository/FIM/Sites Page/Site Filtering/Site_txt'

21-10-2025T20:35:11 - [MESSAGE][PASSED] - Keys 'BACK_SPACE + ' sent to object: 'Object Repository/FIM/Sites Page/Site Filtering/Site_txt'

21-10-2025T20:35:11 - [TEST_STEP][PASSED] - (i++): null

21-10-2025T20:35:11 - [TEST_STEP][PASSED] - sendKeys(findTestObject("FIM/Sites Page/Site Filtering/Site_txt"), Keys.chord(BACK_SPACE), STOP_ON_FAILURE): Keys 'BACK_SPACE + ' sent to object: 'Object Repository/FIM/Sites Page/Site Filtering/Site_txt'

21-10-2025T20:35:11 - [MESSAGE][PASSED] - Keys 'BACK_SPACE + ' sent to object: 'Object Repository/FIM/Sites Page/Site Filtering/Site_txt'

21-10-2025T20:35:11 - [TEST_STEP][PASSED] - (i++): null

21-10-2025T20:35:11 - [TEST_STEP][PASSED] - sendKeys(findTestObject("FIM/Sites Page/Site Filtering/Site_txt"), Keys.chord(BACK_SPACE), STOP_ON_FAILURE): Keys 'BACK_SPACE + ' sent to object: 'Object Repository/FIM/Sites Page/Site Filtering/Site_txt'

21-10-2025T20:35:11 - [MESSAGE][PASSED] - Keys 'BACK_SPACE + ' sent to object: 'Object Repository/FIM/Sites Page/Site Filtering/Site_txt'

21-10-2025T20:35:11 - [TEST_STEP][PASSED] - (i++): null

21-10-2025T20:35:11 - [TEST_STEP][PASSED] - sendKeys(findTestObject("FIM/Sites Page/Site Filtering/Site_txt"), Keys.chord(BACK_SPACE), STOP_ON_FAILURE): Keys 'BACK_SPACE + ' sent to object: 'Object Repository/FIM/Sites Page/Site Filtering/Site_txt'

21-10-2025T20:35:11 - [MESSAGE][PASSED] - Keys 'BACK_SPACE + ' sent to object: 'Object Repository/FIM/Sites Page/Site Filtering/Site_txt'

21-10-2025T20:35:11 - [TEST_STEP][PASSED] - (i++): null

21-10-2025T20:35:11 - [TEST_STEP][PASSED] - sendKeys(findTestObject("FIM/Sites Page/Site Filtering/Site_txt"), Keys.chord(BACK_SPACE), STOP_ON_FAILURE): Keys 'BACK_SPACE + ' sent to object: 'Object Repository/FIM/Sites Page/Site Filtering/Site_txt'

21-10-2025T20:35:11 - [MESSAGE][PASSED] - Keys 'BACK_SPACE + ' sent to object: 'Object Repository/FIM/Sites Page/Site Filtering/Site_txt'

21-10-2025T20:35:11 - [TEST_STEP][PASSED] - (i++): null

21-10-2025T20:35:11 - [TEST_STEP][PASSED] - sendKeys(findTestObject("FIM/Sites Page/Site Filtering/Site_txt"), Keys.chord(BACK_SPACE), STOP_ON_FAILURE): Keys 'BACK_SPACE + ' sent to object: 'Object Repository/FIM/Sites Page/Site Filtering/Site_txt'

21-10-2025T20:35:11 - [MESSAGE][PASSED] - Keys 'BACK_SPACE + ' sent to object: 'Object Repository/FIM/Sites Page/Site Filtering/Site_txt'

21-10-2025T20:35:11 - [TEST_STEP][PASSED] - (i++): null

21-10-2025T20:35:11 - [TEST_STEP][PASSED] - sendKeys(findTestObject("FIM/Sites Page/Site Filtering/Site_txt"), Keys.chord(BACK_SPACE), STOP_ON_FAILURE): Keys 'BACK_SPACE + ' sent to object: 'Object Repository/FIM/Sites Page/Site Filtering/Site_txt'

21-10-2025T20:35:11 - [MESSAGE][PASSED] - Keys 'BACK_SPACE + ' sent to object: 'Object Repository/FIM/Sites Page/Site Filtering/Site_txt'

21-10-2025T20:35:11 - [TEST_STEP][PASSED] - (i++): null

21-10-2025T20:35:11 - [TEST_STEP][PASSED] - sendKeys(findTestObject("FIM/Sites Page/Site Filtering/Site_txt"), Keys.chord(BACK_SPACE), STOP_ON_FAILURE): Keys 'BACK_SPACE + ' sent to object: 'Object Repository/FIM/Sites Page/Site Filtering/Site_txt'

21-10-2025T20:35:11 - [MESSAGE][PASSED] - Keys 'BACK_SPACE + ' sent to object: 'Object Repository/FIM/Sites Page/Site Filtering/Site_txt'

21-10-2025T20:35:11 - [TEST_STEP][PASSED] - (i++): null

21-10-2025T20:35:11 - [TEST_STEP][PASSED] - sendKeys(findTestObject("FIM/Sites Page/Site Filtering/Site_txt"), Keys.chord(BACK_SPACE), STOP_ON_FAILURE): Keys 'BACK_SPACE + ' sent to object: 'Object Repository/FIM/Sites Page/Site Filtering/Site_txt'

21-10-2025T20:35:11 - [MESSAGE][PASSED] - Keys 'BACK_SPACE + ' sent to object: 'Object Repository/FIM/Sites Page/Site Filtering/Site_txt'

21-10-2025T20:35:11 - [TEST_STEP][PASSED] - (i++): null

21-10-2025T20:35:11 - [TEST_STEP][PASSED] - sendKeys(findTestObject("FIM/Sites Page/Site Filtering/Site_txt"), Keys.chord(BACK_SPACE), STOP_ON_FAILURE): Keys 'BACK_SPACE + ' sent to object: 'Object Repository/FIM/Sites Page/Site Filtering/Site_txt'

21-10-2025T20:35:11 - [MESSAGE][PASSED] - Keys 'BACK_SPACE + ' sent to object: 'Object Repository/FIM/Sites Page/Site Filtering/Site_txt'

21-10-2025T20:35:11 - [TEST_STEP][PASSED] - (i++): null

21-10-2025T20:35:11 - [TEST_STEP][PASSED] - sendKeys(findTestObject("FIM/Sites Page/Site Filtering/Site_txt"), Keys.chord(BACK_SPACE), STOP_ON_FAILURE): Keys 'BACK_SPACE + ' sent to object: 'Object Repository/FIM/Sites Page/Site Filtering/Site_txt'

21-10-2025T20:35:11 - [MESSAGE][PASSED] - Keys 'BACK_SPACE + ' sent to object: 'Object Repository/FIM/Sites Page/Site Filtering/Site_txt'

21-10-2025T20:35:11 - [TEST_STEP][PASSED] - (i++): null

21-10-2025T20:35:11 - [TEST_STEP][PASSED] - sendKeys(findTestObject("FIM/Sites Page/Site Filtering/Site_txt"), Keys.chord(BACK_SPACE), STOP_ON_FAILURE): Keys 'BACK_SPACE + ' sent to object: 'Object Repository/FIM/Sites Page/Site Filtering/Site_txt'

21-10-2025T20:35:11 - [MESSAGE][PASSED] - Keys 'BACK_SPACE + ' sent to object: 'Object Repository/FIM/Sites Page/Site Filtering/Site_txt'

21-10-2025T20:35:11 - [TEST_STEP][PASSED] - (i++): null

21-10-2025T20:35:11 - [TEST_STEP][PASSED] - sendKeys(findTestObject("FIM/Sites Page/Site Filtering/Site_txt"), Keys.chord(BACK_SPACE), STOP_ON_FAILURE): Keys 'BACK_SPACE + ' sent to object: 'Object Repository/FIM/Sites Page/Site Filtering/Site_txt'

21-10-2025T20:35:11 - [MESSAGE][PASSED] - Keys 'BACK_SPACE + ' sent to object: 'Object Repository/FIM/Sites Page/Site Filtering/Site_txt'

21-10-2025T20:35:11 - [TEST_STEP][PASSED] - (i++): null

21-10-2025T20:35:11 - [TEST_STEP][PASSED] - sendKeys(findTestObject("FIM/Sites Page/Site Filtering/Site_txt"), Keys.chord(BACK_SPACE), STOP_ON_FAILURE): Keys 'BACK_SPACE + ' sent to object: 'Object Repository/FIM/Sites Page/Site Filtering/Site_txt'

21-10-2025T20:35:12 - [MESSAGE][PASSED] - Keys 'BACK_SPACE + ' sent to object: 'Object Repository/FIM/Sites Page/Site Filtering/Site_txt'

21-10-2025T20:35:12 - [TEST_STEP][PASSED] - (i++): null

21-10-2025T20:35:12 - [TEST_STEP][PASSED] - sendKeys(findTestObject("FIM/Sites Page/Site Filtering/Site_txt"), Keys.chord(BACK_SPACE), STOP_ON_FAILURE): Keys 'BACK_SPACE + ' sent to object: 'Object Repository/FIM/Sites Page/Site Filtering/Site_txt'

21-10-2025T20:35:12 - [MESSAGE][PASSED] - Keys 'BACK_SPACE + ' sent to object: 'Object Repository/FIM/Sites Page/Site Filtering/Site_txt'

21-10-2025T20:35:12 - [TEST_STEP][PASSED] - (i++): null

21-10-2025T20:35:12 - [TEST_STEP][PASSED] - sendKeys(findTestObject("FIM/Sites Page/Site Filtering/Site_txt"), Keys.chord(BACK_SPACE), STOP_ON_FAILURE): Keys 'BACK_SPACE + ' sent to object: 'Object Repository/FIM/Sites Page/Site Filtering/Site_txt'

21-10-2025T20:35:12 - [MESSAGE][PASSED] - Keys 'BACK_SPACE + ' sent to object: 'Object Repository/FIM/Sites Page/Site Filtering/Site_txt'

21-10-2025T20:35:12 - [TEST_STEP][PASSED] - (i++): null

21-10-2025T20:35:12 - [TEST_STEP][PASSED] - sendKeys(findTestObject("FIM/Sites Page/Site Filtering/Site_txt"), Keys.chord(BACK_SPACE), STOP_ON_FAILURE): Keys 'BACK_SPACE + ' sent to object: 'Object Repository/FIM/Sites Page/Site Filtering/Site_txt'

21-10-2025T20:35:12 - [MESSAGE][PASSED] - Keys 'BACK_SPACE + ' sent to object: 'Object Repository/FIM/Sites Page/Site Filtering/Site_txt'

21-10-2025T20:35:12 - [TEST_STEP][PASSED] - (i++): null

21-10-2025T20:35:12 - [TEST_STEP][PASSED] - sendKeys(findTestObject("FIM/Sites Page/Site Filtering/Site_txt"), Keys.chord(BACK_SPACE), STOP_ON_FAILURE): Keys 'BACK_SPACE + ' sent to object: 'Object Repository/FIM/Sites Page/Site Filtering/Site_txt'

21-10-2025T20:35:12 - [MESSAGE][PASSED] - Keys 'BACK_SPACE + ' sent to object: 'Object Repository/FIM/Sites Page/Site Filtering/Site_txt'

21-10-2025T20:35:12 - [TEST_STEP][PASSED] - (i++): null

21-10-2025T20:35:12 - [TEST_STEP][PASSED] - sendKeys(findTestObject("FIM/Sites Page/Site Filtering/Site_txt"), Keys.chord(BACK_SPACE), STOP_ON_FAILURE): Keys 'BACK_SPACE + ' sent to object: 'Object Repository/FIM/Sites Page/Site Filtering/Site_txt'

21-10-2025T20:35:12 - [MESSAGE][PASSED] - Keys 'BACK_SPACE + ' sent to object: 'Object Repository/FIM/Sites Page/Site Filtering/Site_txt'

21-10-2025T20:35:12 - [TEST_STEP][PASSED] - (i++): null

21-10-2025T20:35:12 - [TEST_STEP][PASSED] - sendKeys(findTestObject("FIM/Sites Page/Site Filtering/Site_txt"), Keys.chord(BACK_SPACE), STOP_ON_FAILURE): Keys 'BACK_SPACE + ' sent to object: 'Object Repository/FIM/Sites Page/Site Filtering/Site_txt'

21-10-2025T20:35:12 - [MESSAGE][PASSED] - Keys 'BACK_SPACE + ' sent to object: 'Object Repository/FIM/Sites Page/Site Filtering/Site_txt'

21-10-2025T20:35:12 - [TEST_STEP][PASSED] - (i++): null

21-10-2025T20:35:12 - [TEST_STEP][PASSED] - sendKeys(findTestObject("FIM/Sites Page/Site Filtering/Site_txt"), Keys.chord(BACK_SPACE), STOP_ON_FAILURE): Keys 'BACK_SPACE + ' sent to object: 'Object Repository/FIM/Sites Page/Site Filtering/Site_txt'

21-10-2025T20:35:12 - [MESSAGE][PASSED] - Keys 'BACK_SPACE + ' sent to object: 'Object Repository/FIM/Sites Page/Site Filtering/Site_txt'

21-10-2025T20:35:12 - [TEST_STEP][PASSED] - (i++): null

21-10-2025T20:35:12 - [TEST_STEP][PASSED] - sendKeys(findTestObject("FIM/Sites Page/Site Filtering/Site_txt"), Keys.chord(BACK_SPACE), STOP_ON_FAILURE): Keys 'BACK_SPACE + ' sent to object: 'Object Repository/FIM/Sites Page/Site Filtering/Site_txt'

21-10-2025T20:35:12 - [MESSAGE][PASSED] - Keys 'BACK_SPACE + ' sent to object: 'Object Repository/FIM/Sites Page/Site Filtering/Site_txt'

21-10-2025T20:35:12 - [TEST_STEP][PASSED] - (i++): null

21-10-2025T20:35:12 - [TEST_STEP][PASSED] - sendKeys(findTestObject("FIM/Sites Page/Site Filtering/Site_txt"), Keys.chord(BACK_SPACE), STOP_ON_FAILURE): Keys 'BACK_SPACE + ' sent to object: 'Object Repository/FIM/Sites Page/Site Filtering/Site_txt'

21-10-2025T20:35:12 - [MESSAGE][PASSED] - Keys 'BACK_SPACE + ' sent to object: 'Object Repository/FIM/Sites Page/Site Filtering/Site_txt'

21-10-2025T20:35:12 - [TEST_STEP][PASSED] - (i++): null

21-10-2025T20:35:12 - [TEST_STEP][PASSED] - sendKeys(findTestObject("FIM/Sites Page/Site Filtering/Site_txt"), Keys.chord(BACK_SPACE), STOP_ON_FAILURE): Keys 'BACK_SPACE + ' sent to object: 'Object Repository/FIM/Sites Page/Site Filtering/Site_txt'

21-10-2025T20:35:12 - [MESSAGE][PASSED] - Keys 'BACK_SPACE + ' sent to object: 'Object Repository/FIM/Sites Page/Site Filtering/Site_txt'

21-10-2025T20:35:12 - [TEST_STEP][PASSED] - (i++): null

21-10-2025T20:35:12 - [TEST_STEP][PASSED] - sendKeys(findTestObject("FIM/Sites Page/Site Filtering/Site_txt"), Keys.chord(BACK_SPACE), STOP_ON_FAILURE): Keys 'BACK_SPACE + ' sent to object: 'Object Repository/FIM/Sites Page/Site Filtering/Site_txt'

21-10-2025T20:35:12 - [MESSAGE][PASSED] - Keys 'BACK_SPACE + ' sent to object: 'Object Repository/FIM/Sites Page/Site Filtering/Site_txt'

21-10-2025T20:35:12 - [TEST_STEP][PASSED] - (i++): null

21-10-2025T20:35:12 - [TEST_STEP][PASSED] - sendKeys(findTestObject("FIM/Sites Page/Site Filtering/Site_txt"), Keys.chord(BACK_SPACE), STOP_ON_FAILURE): Keys 'BACK_SPACE + ' sent to object: 'Object Repository/FIM/Sites Page/Site Filtering/Site_txt'

21-10-2025T20:35:12 - [MESSAGE][PASSED] - Keys 'BACK_SPACE + ' sent to object: 'Object Repository/FIM/Sites Page/Site Filtering/Site_txt'

21-10-2025T20:35:12 - [TEST_STEP][PASSED] - (i++): null

21-10-2025T20:35:12 - [TEST_STEP][PASSED] - sendKeys(findTestObject("FIM/Sites Page/Site Filtering/Site_txt"), Keys.chord(BACK_SPACE), STOP_ON_FAILURE): Keys 'BACK_SPACE + ' sent to object: 'Object Repository/FIM/Sites Page/Site Filtering/Site_txt'

21-10-2025T20:35:12 - [MESSAGE][PASSED] - Keys 'BACK_SPACE + ' sent to object: 'Object Repository/FIM/Sites Page/Site Filtering/Site_txt'

21-10-2025T20:35:12 - [TEST_STEP][PASSED] - (i++): null

21-10-2025T20:35:12 - [TEST_STEP][PASSED] - sendKeys(findTestObject("FIM/Sites Page/Site Filtering/Site_txt"), Keys.chord(BACK_SPACE), STOP_ON_FAILURE): Keys 'BACK_SPACE + ' sent to object: 'Object Repository/FIM/Sites Page/Site Filtering/Site_txt'

21-10-2025T20:35:12 - [MESSAGE][PASSED] - Keys 'BACK_SPACE + ' sent to object: 'Object Repository/FIM/Sites Page/Site Filtering/Site_txt'

21-10-2025T20:35:12 - [TEST_STEP][PASSED] - (i++): null

21-10-2025T20:35:12 - [TEST_STEP][PASSED] - sendKeys(findTestObject("FIM/Sites Page/Site Filtering/Site_txt"), Keys.chord(BACK_SPACE), STOP_ON_FAILURE): Keys 'BACK_SPACE + ' sent to object: 'Object Repository/FIM/Sites Page/Site Filtering/Site_txt'

21-10-2025T20:35:12 - [MESSAGE][PASSED] - Keys 'BACK_SPACE + ' sent to object: 'Object Repository/FIM/Sites Page/Site Filtering/Site_txt'

21-10-2025T20:35:12 - [TEST_STEP][PASSED] - (i++): null

21-10-2025T20:35:12 - [TEST_STEP][PASSED] - sendKeys(findTestObject("FIM/Sites Page/Site Filtering/Site_txt"), Keys.chord(BACK_SPACE), STOP_ON_FAILURE): Keys 'BACK_SPACE + ' sent to object: 'Object Repository/FIM/Sites Page/Site Filtering/Site_txt'

21-10-2025T20:35:13 - [MESSAGE][PASSED] - Keys 'BACK_SPACE + ' sent to object: 'Object Repository/FIM/Sites Page/Site Filtering/Site_txt'

21-10-2025T20:35:13 - [TEST_STEP][PASSED] - (i++): null

21-10-2025T20:35:13 - [TEST_STEP][PASSED] - sendKeys(findTestObject("FIM/Sites Page/Site Filtering/Site_txt"), Keys.chord(BACK_SPACE), STOP_ON_FAILURE): Keys 'BACK_SPACE + ' sent to object: 'Object Repository/FIM/Sites Page/Site Filtering/Site_txt'

21-10-2025T20:35:13 - [MESSAGE][PASSED] - Keys 'BACK_SPACE + ' sent to object: 'Object Repository/FIM/Sites Page/Site Filtering/Site_txt'

21-10-2025T20:35:13 - [TEST_STEP][PASSED] - (i++): null

21-10-2025T20:35:13 - [TEST_STEP][PASSED] - sendKeys(findTestObject("FIM/Sites Page/Site Filtering/Site_txt"), Keys.chord(BACK_SPACE), STOP_ON_FAILURE): Keys 'BACK_SPACE + ' sent to object: 'Object Repository/FIM/Sites Page/Site Filtering/Site_txt'

21-10-2025T20:35:13 - [MESSAGE][PASSED] - Keys 'BACK_SPACE + ' sent to object: 'Object Repository/FIM/Sites Page/Site Filtering/Site_txt'

21-10-2025T20:35:13 - [TEST_STEP][PASSED] - (i++): null

21-10-2025T20:35:13 - [TEST_STEP][PASSED] - sendKeys(findTestObject("FIM/Sites Page/Site Filtering/Site_txt"), Keys.chord(BACK_SPACE), STOP_ON_FAILURE): Keys 'BACK_SPACE + ' sent to object: 'Object Repository/FIM/Sites Page/Site Filtering/Site_txt'

21-10-2025T20:35:13 - [MESSAGE][PASSED] - Keys 'BACK_SPACE + ' sent to object: 'Object Repository/FIM/Sites Page/Site Filtering/Site_txt'

21-10-2025T20:35:13 - [TEST_STEP][PASSED] - (i++): null

21-10-2025T20:35:13 - [TEST_STEP][PASSED] - sendKeys(findTestObject("FIM/Sites Page/Site Filtering/Site_txt"), Keys.chord(BACK_SPACE), STOP_ON_FAILURE): Keys 'BACK_SPACE + ' sent to object: 'Object Repository/FIM/Sites Page/Site Filtering/Site_txt'

21-10-2025T20:35:13 - [MESSAGE][PASSED] - Keys 'BACK_SPACE + ' sent to object: 'Object Repository/FIM/Sites Page/Site Filtering/Site_txt'

21-10-2025T20:35:13 - [TEST_STEP][PASSED] - (i++): null

21-10-2025T20:35:13 - [TEST_STEP][PASSED] - sendKeys(findTestObject("FIM/Sites Page/Site Filtering/Site_txt"), Keys.chord(BACK_SPACE), STOP_ON_FAILURE): Keys 'BACK_SPACE + ' sent to object: 'Object Repository/FIM/Sites Page/Site Filtering/Site_txt'

21-10-2025T20:35:13 - [MESSAGE][PASSED] - Keys 'BACK_SPACE + ' sent to object: 'Object Repository/FIM/Sites Page/Site Filtering/Site_txt'

21-10-2025T20:35:13 - [TEST_STEP][PASSED] - (i++): null

21-10-2025T20:35:13 - [TEST_STEP][PASSED] - sendKeys(findTestObject("FIM/Sites Page/Site Filtering/Site_txt"), Keys.chord(BACK_SPACE), STOP_ON_FAILURE): Keys 'BACK_SPACE + ' sent to object: 'Object Repository/FIM/Sites Page/Site Filtering/Site_txt'

21-10-2025T20:35:13 - [MESSAGE][PASSED] - Keys 'BACK_SPACE + ' sent to object: 'Object Repository/FIM/Sites Page/Site Filtering/Site_txt'

21-10-2025T20:35:13 - [TEST_STEP][PASSED] - (i++): null

21-10-2025T20:35:13 - [TEST_STEP][PASSED] - sendKeys(findTestObject("FIM/Sites Page/Site Filtering/Site_txt"), Keys.chord(BACK_SPACE), STOP_ON_FAILURE): Keys 'BACK_SPACE + ' sent to object: 'Object Repository/FIM/Sites Page/Site Filtering/Site_txt'

21-10-2025T20:35:13 - [MESSAGE][PASSED] - Keys 'BACK_SPACE + ' sent to object: 'Object Repository/FIM/Sites Page/Site Filtering/Site_txt'

21-10-2025T20:35:13 - [TEST_STEP][PASSED] - (i++): null

21-10-2025T20:35:13 - [TEST_STEP][PASSED] - sendKeys(findTestObject("FIM/Sites Page/Site Filtering/Site_txt"), Keys.chord(BACK_SPACE), STOP_ON_FAILURE): Keys 'BACK_SPACE + ' sent to object: 'Object Repository/FIM/Sites Page/Site Filtering/Site_txt'

21-10-2025T20:35:13 - [MESSAGE][PASSED] - Keys 'BACK_SPACE + ' sent to object: 'Object Repository/FIM/Sites Page/Site Filtering/Site_txt'

21-10-2025T20:35:13 - [TEST_STEP][PASSED] - (i++): null

21-10-2025T20:35:13 - [TEST_STEP][PASSED] - sendKeys(findTestObject("FIM/Sites Page/Site Filtering/Site_txt"), Keys.chord(BACK_SPACE), STOP_ON_FAILURE): Keys 'BACK_SPACE + ' sent to object: 'Object Repository/FIM/Sites Page/Site Filtering/Site_txt'

21-10-2025T20:35:13 - [MESSAGE][PASSED] - Keys 'BACK_SPACE + ' sent to object: 'Object Repository/FIM/Sites Page/Site Filtering/Site_txt'

21-10-2025T20:35:13 - [TEST_STEP][PASSED] - (i++): null

21-10-2025T20:35:13 - [TEST_STEP][PASSED] - sendKeys(findTestObject("FIM/Sites Page/Site Filtering/Site_txt"), Keys.chord(BACK_SPACE), STOP_ON_FAILURE): Keys 'BACK_SPACE + ' sent to object: 'Object Repository/FIM/Sites Page/Site Filtering/Site_txt'

21-10-2025T20:35:13 - [MESSAGE][PASSED] - Keys 'BACK_SPACE + ' sent to object: 'Object Repository/FIM/Sites Page/Site Filtering/Site_txt'

21-10-2025T20:35:13 - [TEST_STEP][PASSED] - (i++): null

21-10-2025T20:35:13 - [TEST_STEP][PASSED] - sendKeys(findTestObject("FIM/Sites Page/Site Filtering/Site_txt"), Keys.chord(BACK_SPACE), STOP_ON_FAILURE): Keys 'BACK_SPACE + ' sent to object: 'Object Repository/FIM/Sites Page/Site Filtering/Site_txt'

21-10-2025T20:35:13 - [MESSAGE][PASSED] - Keys 'BACK_SPACE + ' sent to object: 'Object Repository/FIM/Sites Page/Site Filtering/Site_txt'

21-10-2025T20:35:13 - [TEST_STEP][PASSED] - (i++): null

21-10-2025T20:35:13 - [TEST_STEP][PASSED] - sendKeys(findTestObject("FIM/Sites Page/Site Filtering/Site_txt"), Keys.chord(BACK_SPACE), STOP_ON_FAILURE): Keys 'BACK_SPACE + ' sent to object: 'Object Repository/FIM/Sites Page/Site Filtering/Site_txt'

21-10-2025T20:35:13 - [MESSAGE][PASSED] - Keys 'BACK_SPACE + ' sent to object: 'Object Repository/FIM/Sites Page/Site Filtering/Site_txt'

21-10-2025T20:35:13 - [TEST_STEP][PASSED] - (i++): null

21-10-2025T20:35:13 - [TEST_STEP][PASSED] - sendKeys(findTestObject("FIM/Sites Page/Site Filtering/Site_txt"), Keys.chord(BACK_SPACE), STOP_ON_FAILURE): Keys 'BACK_SPACE + ' sent to object: 'Object Repository/FIM/Sites Page/Site Filtering/Site_txt'

21-10-2025T20:35:13 - [MESSAGE][PASSED] - Keys 'BACK_SPACE + ' sent to object: 'Object Repository/FIM/Sites Page/Site Filtering/Site_txt'

21-10-2025T20:35:13 - [TEST_STEP][PASSED] - (i++): null

21-10-2025T20:35:13 - [TEST_STEP][PASSED] - sendKeys(findTestObject("FIM/Sites Page/Site Filtering/Site_txt"), Keys.chord(BACK_SPACE), STOP_ON_FAILURE): Keys 'BACK_SPACE + ' sent to object: 'Object Repository/FIM/Sites Page/Site Filtering/Site_txt'

21-10-2025T20:35:13 - [MESSAGE][PASSED] - Keys 'BACK_SPACE + ' sent to object: 'Object Repository/FIM/Sites Page/Site Filtering/Site_txt'

21-10-2025T20:35:13 - [TEST_STEP][PASSED] - (i++): null

21-10-2025T20:35:13 - [TEST_STEP][PASSED] - sendKeys(findTestObject("FIM/Sites Page/Site Filtering/Site_txt"), Keys.chord(BACK_SPACE), STOP_ON_FAILURE): Keys 'BACK_SPACE + ' sent to object: 'Object Repository/FIM/Sites Page/Site Filtering/Site_txt'

21-10-2025T20:35:13 - [MESSAGE][PASSED] - Keys 'BACK_SPACE + ' sent to object: 'Object Repository/FIM/Sites Page/Site Filtering/Site_txt'

21-10-2025T20:35:13 - [TEST_STEP][PASSED] - (i++): null

21-10-2025T20:35:13 - [TEST_STEP][PASSED] - sendKeys(findTestObject("FIM/Sites Page/Site Filtering/Site_txt"), Keys.chord(BACK_SPACE), STOP_ON_FAILURE): Keys 'BACK_SPACE + ' sent to object: 'Object Repository/FIM/Sites Page/Site Filtering/Site_txt'

21-10-2025T20:35:14 - [MESSAGE][PASSED] - Keys 'BACK_SPACE + ' sent to object: 'Object Repository/FIM/Sites Page/Site Filtering/Site_txt'

21-10-2025T20:35:14 - [TEST_STEP][PASSED] - (i++): null

21-10-2025T20:35:14 - [TEST_STEP][PASSED] - sendKeys(findTestObject("FIM/Sites Page/Site Filtering/Site_txt"), Keys.chord(BACK_SPACE), STOP_ON_FAILURE): Keys 'BACK_SPACE + ' sent to object: 'Object Repository/FIM/Sites Page/Site Filtering/Site_txt'

21-10-2025T20:35:14 - [MESSAGE][PASSED] - Keys 'BACK_SPACE + ' sent to object: 'Object Repository/FIM/Sites Page/Site Filtering/Site_txt'

21-10-2025T20:35:14 - [TEST_STEP][PASSED] - (i++): null

21-10-2025T20:35:14 - [TEST_STEP][PASSED] - sendKeys(findTestObject("FIM/Sites Page/Site Filtering/Site_txt"), Keys.chord(BACK_SPACE), STOP_ON_FAILURE): Keys 'BACK_SPACE + ' sent to object: 'Object Repository/FIM/Sites Page/Site Filtering/Site_txt'

21-10-2025T20:35:14 - [MESSAGE][PASSED] - Keys 'BACK_SPACE + ' sent to object: 'Object Repository/FIM/Sites Page/Site Filtering/Site_txt'

21-10-2025T20:35:14 - [TEST_STEP][PASSED] - (i++): null

21-10-2025T20:35:14 - [TEST_STEP][PASSED] - sendKeys(findTestObject("FIM/Sites Page/Site Filtering/Site_txt"), Keys.chord(BACK_SPACE), STOP_ON_FAILURE): Keys 'BACK_SPACE + ' sent to object: 'Object Repository/FIM/Sites Page/Site Filtering/Site_txt'

21-10-2025T20:35:14 - [MESSAGE][PASSED] - Keys 'BACK_SPACE + ' sent to object: 'Object Repository/FIM/Sites Page/Site Filtering/Site_txt'

21-10-2025T20:35:14 - [TEST_STEP][PASSED] - (i++): null

21-10-2025T20:35:14 - [TEST_STEP][PASSED] - sendKeys(findTestObject("FIM/Sites Page/Site Filtering/Site_txt"), Keys.chord(BACK_SPACE), STOP_ON_FAILURE): Keys 'BACK_SPACE + ' sent to object: 'Object Repository/FIM/Sites Page/Site Filtering/Site_txt'

21-10-2025T20:35:14 - [MESSAGE][PASSED] - Keys 'BACK_SPACE + ' sent to object: 'Object Repository/FIM/Sites Page/Site Filtering/Site_txt'

21-10-2025T20:35:14 - [TEST_STEP][PASSED] - (i++): null

21-10-2025T20:35:14 - [TEST_STEP][PASSED] - sendKeys(findTestObject("FIM/Sites Page/Site Filtering/Site_txt"), Keys.chord(BACK_SPACE), STOP_ON_FAILURE): Keys 'BACK_SPACE + ' sent to object: 'Object Repository/FIM/Sites Page/Site Filtering/Site_txt'

21-10-2025T20:35:14 - [MESSAGE][PASSED] - Keys 'BACK_SPACE + ' sent to object: 'Object Repository/FIM/Sites Page/Site Filtering/Site_txt'

21-10-2025T20:35:14 - [TEST_STEP][PASSED] - (i++): null

21-10-2025T20:35:14 - [TEST_STEP][PASSED] - sendKeys(findTestObject("FIM/Sites Page/Site Filtering/Site_txt"), Keys.chord(BACK_SPACE), STOP_ON_FAILURE): Keys 'BACK_SPACE + ' sent to object: 'Object Repository/FIM/Sites Page/Site Filtering/Site_txt'

21-10-2025T20:35:14 - [MESSAGE][PASSED] - Keys 'BACK_SPACE + ' sent to object: 'Object Repository/FIM/Sites Page/Site Filtering/Site_txt'

21-10-2025T20:35:14 - [TEST_STEP][PASSED] - (i++): null

21-10-2025T20:35:14 - [TEST_STEP][PASSED] - sendKeys(findTestObject("FIM/Sites Page/Site Filtering/Site_txt"), Keys.chord(BACK_SPACE), STOP_ON_FAILURE): Keys 'BACK_SPACE + ' sent to object: 'Object Repository/FIM/Sites Page/Site Filtering/Site_txt'

21-10-2025T20:35:14 - [MESSAGE][PASSED] - Keys 'BACK_SPACE + ' sent to object: 'Object Repository/FIM/Sites Page/Site Filtering/Site_txt'

21-10-2025T20:35:14 - [TEST_STEP][PASSED] - (i++): null

21-10-2025T20:35:14 - [TEST_STEP][PASSED] - sendKeys(findTestObject("FIM/Sites Page/Site Filtering/Site_txt"), Keys.chord(BACK_SPACE), STOP_ON_FAILURE): Keys 'BACK_SPACE + ' sent to object: 'Object Repository/FIM/Sites Page/Site Filtering/Site_txt'

21-10-2025T20:35:14 - [MESSAGE][PASSED] - Keys 'BACK_SPACE + ' sent to object: 'Object Repository/FIM/Sites Page/Site Filtering/Site_txt'

21-10-2025T20:35:14 - [TEST_STEP][PASSED] - (i++): null

21-10-2025T20:35:14 - [TEST_STEP][PASSED] - sendKeys(findTestObject("FIM/Sites Page/Site Filtering/Site_txt"), Keys.chord(BACK_SPACE), STOP_ON_FAILURE): Keys 'BACK_SPACE + ' sent to object: 'Object Repository/FIM/Sites Page/Site Filtering/Site_txt'

21-10-2025T20:35:14 - [MESSAGE][PASSED] - Keys 'BACK_SPACE + ' sent to object: 'Object Repository/FIM/Sites Page/Site Filtering/Site_txt'

21-10-2025T20:35:14 - [TEST_STEP][PASSED] - (i++): null

21-10-2025T20:35:14 - [TEST_STEP][PASSED] - sendKeys(findTestObject("FIM/Sites Page/Site Filtering/Site_txt"), "TURK132 - 798 North", STOP_ON_FAILURE): Keys 'TURK132 - 798 North' sent to object: 'Object Repository/FIM/Sites Page/Site Filtering/Site_txt'

21-10-2025T20:35:15 - [MESSAGE][PASSED] - Keys 'TURK132 - 798 North' sent to object: 'Object Repository/FIM/Sites Page/Site Filtering/Site_txt'

21-10-2025T20:35:15 - [TEST_STEP][PASSED] - sendKeys(findTestObject("FIM/Sites Page/Site Filtering/Site_txt"), Keys.chord(ENTER), STOP_ON_FAILURE): Keys 'ENTER + ' sent to object: 'Object Repository/FIM/Sites Page/Site Filtering/Site_txt'

21-10-2025T20:35:15 - [MESSAGE][PASSED] - Keys 'ENTER + ' sent to object: 'Object Repository/FIM/Sites Page/Site Filtering/Site_txt'

21-10-2025T20:35:15 - [TEST_STEP][PASSED] - delay(1): Delayed 1 second(s)

21-10-2025T20:35:16 - [MESSAGE][PASSED] - Delayed 1 second(s)

21-10-2025T20:35:16 - [TEST_STEP][PASSED] - waitForElementVisible(findTestObject("FIM/Sites Page/Inventories/Edit/Inventory History/Inventory History_btn"), 250): Object 'Object Repository/FIM/Sites Page/Inventories/Edit/Inventory History/Inventory History_btn' is visible

21-10-2025T20:35:16 - [MESSAGE][PASSED] - Object 'Object Repository/FIM/Sites Page/Inventories/Edit/Inventory History/Inventory History_btn' is visible

21-10-2025T20:35:16 - [TEST_STEP][PASSED] - click(findTestObject("FIM/Sites Page/Inventories/Edit/Inventory History/Inventory History_btn")): Object: 'Object Repository/FIM/Sites Page/Inventories/Edit/Inventory History/Inventory History_btn' is clicked on

21-10-2025T20:35:16 - [MESSAGE][PASSED] - Object: 'Object Repository/FIM/Sites Page/Inventories/Edit/Inventory History/Inventory History_btn' is clicked on

21-10-2025T20:35:16 - [TEST_STEP][FAILED] - click(findTestObject("FIM/Sites Page/Inventories/Edit/Inventory History/1st Delete Inventory_btn")): Unable to click on object 'Object Repository/FIM/Sites Page/Inventories/Edit/Inventory History/1st Delete Inventory_btn' (Root cause: com.kms.katalon.core.exception.StepFailedException: Unable to click on object 'Object Repository/FIM/Sites Page/Inventories/Edit/Inventory History/1st Delete Inventory_btn'
	at com.kms.katalon.core.webui.keyword.internal.WebUIKeywordMain.stepFailed(WebUIKeywordMain.groovy:117)
	at com.kms.katalon.core.webui.keyword.internal.WebUIKeywordMain.runKeyword(WebUIKeywordMain.groovy:43)
	at com.kms.katalon.core.webui.keyword.builtin.ClickKeyword.click(ClickKeyword.groovy:74)
	at com.kms.katalon.core.webui.keyword.builtin.ClickKeyword.execute(ClickKeyword.groovy:40)
	at com.kms.katalon.core.keyword.internal.KeywordExecutor.executeKeywordForPlatform(KeywordExecutor.groovy:74)
	at com.kms.katalon.core.webui.keyword.WebUiBuiltInKeywords.click(WebUiBuiltInKeywords.groovy:659)
	at com.kms.katalon.core.webui.keyword.WebUiBuiltInKeywords$click$4.call(Unknown Source)
	at Delete Inventory.run(Delete Inventory:61)
	at com.kms.katalon.core.main.ScriptEngine.run(ScriptEngine.java:194)
	at com.kms.katalon.core.main.ScriptEngine.runScriptAsRawText(ScriptEngine.java:119)
	at com.kms.katalon.core.main.TestCaseExecutor.runScript(TestCaseExecutor.java:448)
	at com.kms.katalon.core.main.TestCaseExecutor.doExecute(TestCaseExecutor.java:439)
	at com.kms.katalon.core.main.TestCaseExecutor.processExecutionPhase(TestCaseExecutor.java:418)
	at com.kms.katalon.core.main.TestCaseExecutor.accessMainPhase(TestCaseExecutor.java:410)
	at com.kms.katalon.core.main.TestCaseExecutor.execute(TestCaseExecutor.java:285)
	at com.kms.katalon.core.common.CommonExecutor.accessTestCaseMainPhase(CommonExecutor.java:65)
	at com.kms.katalon.core.main.TestSuiteExecutor.accessTestSuiteMainPhase(TestSuiteExecutor.java:150)
	at com.kms.katalon.core.main.TestSuiteExecutor.execute(TestSuiteExecutor.java:106)
	at com.kms.katalon.core.main.TestCaseMain.startTestSuite(TestCaseMain.java:180)
	at com.kms.katalon.core.main.TestCaseMain$startTestSuite$0.call(Unknown Source)
	at TempTestSuite1761090764033.run(TempTestSuite1761090764033.groovy:35)
	at java.base/jdk.internal.reflect.NativeMethodAccessorImpl.invoke0(Native Method)
	at java.base/jdk.internal.reflect.NativeMethodAccessorImpl.invoke(NativeMethodAccessorImpl.java:77)
	at java.base/jdk.internal.reflect.DelegatingMethodAccessorImpl.invoke(DelegatingMethodAccessorImpl.java:43)
Caused by: org.openqa.selenium.ElementClickInterceptedException: element click intercepted: Element <path fill="currentColor" d="M135.2 17.7L128 32 32 32C14.3 32 0 46.3 0 64S14.3 96 32 96l384 0c17.7 0 32-14.3 32-32s-14.3-32-32-32l-96 0-7.2-14.3C307.4 6.8 296.3 0 284.2 0L163.8 0c-12.1 0-23.2 6.8-28.6 17.7zM416 128L32 128 53.2 467c1.6 25.3 22.6 45 47.9 45l245.8 0c25.3 0 46.3-19.7 47.9-45L416 128z" class=""></path> is not clickable at point (106, 421). Other element would receive the click: <div role="dialog" class="modal fade show" id="__BVID__193" aria-labelledby="__BVID__193___BV_modal_title_" aria-describedby="__BVID__193___BV_modal_body_" style="display: block;" aria-modal="true">...</div>
  (Session info: chrome=141.0.7390.122)
Build info: version: '3.141.59', revision: 'unknown', time: 'unknown'
System info: host: 'DC1ADOBLD01', ip: '10.2.20.71', os.name: 'Windows Server 2019', os.arch: 'amd64', os.version: '10.0', java.version: '17.0.7'
Driver info: com.kms.katalon.selenium.driver.CChromeDriver
Capabilities {acceptInsecureCerts: false, browserName: chrome, browserVersion: 141.0.7390.122, chrome: {chromedriverVersion: 141.0.7390.122 (b477534e7e1..., userDataDir: C:\Windows\SystemTemp\scope...}, fedcm:accounts: true, goog:chromeOptions: {debuggerAddress: localhost:53340}, javascriptEnabled: true, networkConnectionEnabled: false, pageLoadStrategy: normal, platform: WINDOWS, platformName: WINDOWS, proxy: Proxy(), setWindowRect: true, strictFileInteractability: false, timeouts: {implicit: 0, pageLoad: 300000, script: 30000}, unhandledPromptBehavior: dismiss and notify, webauthn:extension:credBlob: true, webauthn:extension:largeBlob: true, webauthn:extension:minPinLength: true, webauthn:extension:prf: true, webauthn:virtualAuthenticators: true}
Session ID: 92368c0d4df6f964fd4f343a01f17fda
	at java.base/jdk.internal.reflect.NativeConstructorAccessorImpl.newInstance0(Native Method)
	at java.base/jdk.internal.reflect.NativeConstructorAccessorImpl.newInstance(NativeConstructorAccessorImpl.java:77)
	at java.base/jdk.internal.reflect.DelegatingConstructorAccessorImpl.newInstance(DelegatingConstructorAccessorImpl.java:45)
	at org.openqa.selenium.remote.http.W3CHttpResponseCodec.createException(W3CHttpResponseCodec.java:187)
	at org.openqa.selenium.remote.http.W3CHttpResponseCodec.decode(W3CHttpResponseCodec.java:122)
	at org.openqa.selenium.remote.http.W3CHttpResponseCodec.decode(W3CHttpResponseCodec.java:49)
	at org.openqa.selenium.remote.HttpCommandExecutor.execute(HttpCommandExecutor.java:158)
	at org.openqa.selenium.remote.service.DriverCommandExecutor.execute(DriverCommandExecutor.java:83)
	at org.openqa.selenium.remote.RemoteWebDriver.execute(RemoteWebDriver.java:552)
	at com.kms.katalon.selenium.driver.CChromeDriver.execute(CChromeDriver.java:19)
	at org.openqa.selenium.remote.RemoteWebElement.execute(RemoteWebElement.java:285)
	at org.openqa.selenium.remote.RemoteWebElement.click(RemoteWebElement.java:84)
	at jdk.internal.reflect.GeneratedMethodAccessor22.invoke(Unknown Source)
	at java.base/jdk.internal.reflect.DelegatingMethodAccessorImpl.invoke(DelegatingMethodAccessorImpl.java:43)
	at org.openqa.selenium.support.events.EventFiringWebDriver$EventFiringWebElement.lambda$new$0(EventFiringWebDriver.java:404)
	at jdk.proxy2/jdk.proxy2.$Proxy27.click(Unknown Source)
	at org.openqa.selenium.support.events.EventFiringWebDriver$EventFiringWebElement.click(EventFiringWebDriver.java:417)
	at org.openqa.selenium.WebElement$click.call(Unknown Source)
	at com.kms.katalon.core.webui.keyword.builtin.ClickKeyword.clickUntilSuccessWithTimeout(ClickKeyword.groovy:81)
	at com.kms.katalon.core.webui.keyword.builtin.ClickKeyword.clickUntilSuccessWithTimeout(ClickKeyword.groovy)
	at jdk.internal.reflect.GeneratedMethodAccessor26.invoke(Unknown Source)
	at java.base/jdk.internal.reflect.DelegatingMethodAccessorImpl.invoke(DelegatingMethodAccessorImpl.java:43)
	at com.kms.katalon.core.webui.keyword.builtin.ClickKeyword$_click_closure1.doCall(ClickKeyword.groovy:67)
	at com.kms.katalon.core.webui.keyword.builtin.ClickKeyword$_click_closure1.call(ClickKeyword.groovy)
	at com.kms.katalon.core.webui.keyword.internal.WebUIKeywordMain.runKeyword(WebUIKeywordMain.groovy:35)
	at com.kms.katalon.core.webui.keyword.builtin.ClickKeyword.click(ClickKeyword.groovy:74)
	at com.kms.katalon.core.webui.keyword.builtin.ClickKeyword.execute(ClickKeyword.groovy:40)
	at com.kms.katalon.core.keyword.internal.KeywordExecutor.executeKeywordForPlatform(KeywordExecutor.groovy:74)
	at com.kms.katalon.core.webui.keyword.WebUiBuiltInKeywords.click(WebUiBuiltInKeywords.groovy:659)
	at com.kms.katalon.core.webui.keyword.WebUiBuiltInKeywords$click$4.call(Unknown Source)
	at Script1702924672783.run(Script1702924672783.groovy:61)
	... 16 more
)

21-10-2025T20:35:34 - [MESSAGE][FAILED] - Unable to click on object 'Object Repository/FIM/Sites Page/Inventories/Edit/Inventory History/1st Delete Inventory_btn' (Root cause: com.kms.katalon.core.exception.StepFailedException: Unable to click on object 'Object Repository/FIM/Sites Page/Inventories/Edit/Inventory History/1st Delete Inventory_btn'
	at com.kms.katalon.core.webui.keyword.internal.WebUIKeywordMain.stepFailed(WebUIKeywordMain.groovy:117)
	at com.kms.katalon.core.webui.keyword.internal.WebUIKeywordMain.runKeyword(WebUIKeywordMain.groovy:43)
	at com.kms.katalon.core.webui.keyword.builtin.ClickKeyword.click(ClickKeyword.groovy:74)
	at com.kms.katalon.core.webui.keyword.builtin.ClickKeyword.execute(ClickKeyword.groovy:40)
	at com.kms.katalon.core.keyword.internal.KeywordExecutor.executeKeywordForPlatform(KeywordExecutor.groovy:74)
	at com.kms.katalon.core.webui.keyword.WebUiBuiltInKeywords.click(WebUiBuiltInKeywords.groovy:659)
	at com.kms.katalon.core.webui.keyword.WebUiBuiltInKeywords$click$4.call(Unknown Source)
	at Delete Inventory.run(Delete Inventory:61)
	at com.kms.katalon.core.main.ScriptEngine.run(ScriptEngine.java:194)
	at com.kms.katalon.core.main.ScriptEngine.runScriptAsRawText(ScriptEngine.java:119)
	at com.kms.katalon.core.main.TestCaseExecutor.runScript(TestCaseExecutor.java:448)
	at com.kms.katalon.core.main.TestCaseExecutor.doExecute(TestCaseExecutor.java:439)
	at com.kms.katalon.core.main.TestCaseExecutor.processExecutionPhase(TestCaseExecutor.java:418)
	at com.kms.katalon.core.main.TestCaseExecutor.accessMainPhase(TestCaseExecutor.java:410)
	at com.kms.katalon.core.main.TestCaseExecutor.execute(TestCaseExecutor.java:285)
	at com.kms.katalon.core.common.CommonExecutor.accessTestCaseMainPhase(CommonExecutor.java:65)
	at com.kms.katalon.core.main.TestSuiteExecutor.accessTestSuiteMainPhase(TestSuiteExecutor.java:150)
	at com.kms.katalon.core.main.TestSuiteExecutor.execute(TestSuiteExecutor.java:106)
	at com.kms.katalon.core.main.TestCaseMain.startTestSuite(TestCaseMain.java:180)
	at com.kms.katalon.core.main.TestCaseMain$startTestSuite$0.call(Unknown Source)
	at TempTestSuite1761090764033.run(TempTestSuite1761090764033.groovy:35)
	at java.base/jdk.internal.reflect.NativeMethodAccessorImpl.invoke0(Native Method)
	at java.base/jdk.internal.reflect.NativeMethodAccessorImpl.invoke(NativeMethodAccessorImpl.java:77)
	at java.base/jdk.internal.reflect.DelegatingMethodAccessorImpl.invoke(DelegatingMethodAccessorImpl.java:43)
Caused by: org.openqa.selenium.ElementClickInterceptedException: element click intercepted: Element <path fill="currentColor" d="M135.2 17.7L128 32 32 32C14.3 32 0 46.3 0 64S14.3 96 32 96l384 0c17.7 0 32-14.3 32-32s-14.3-32-32-32l-96 0-7.2-14.3C307.4 6.8 296.3 0 284.2 0L163.8 0c-12.1 0-23.2 6.8-28.6 17.7zM416 128L32 128 53.2 467c1.6 25.3 22.6 45 47.9 45l245.8 0c25.3 0 46.3-19.7 47.9-45L416 128z" class=""></path> is not clickable at point (106, 421). Other element would receive the click: <div role="dialog" class="modal fade show" id="__BVID__193" aria-labelledby="__BVID__193___BV_modal_title_" aria-describedby="__BVID__193___BV_modal_body_" style="display: block;" aria-modal="true">...</div>
  (Session info: chrome=141.0.7390.122)
Build info: version: '3.141.59', revision: 'unknown', time: 'unknown'
System info: host: 'DC1ADOBLD01', ip: '10.2.20.71', os.name: 'Windows Server 2019', os.arch: 'amd64', os.version: '10.0', java.version: '17.0.7'
Driver info: com.kms.katalon.selenium.driver.CChromeDriver
Capabilities {acceptInsecureCerts: false, browserName: chrome, browserVersion: 141.0.7390.122, chrome: {chromedriverVersion: 141.0.7390.122 (b477534e7e1..., userDataDir: C:\Windows\SystemTemp\scope...}, fedcm:accounts: true, goog:chromeOptions: {debuggerAddress: localhost:53340}, javascriptEnabled: true, networkConnectionEnabled: false, pageLoadStrategy: normal, platform: WINDOWS, platformName: WINDOWS, proxy: Proxy(), setWindowRect: true, strictFileInteractability: false, timeouts: {implicit: 0, pageLoad: 300000, script: 30000}, unhandledPromptBehavior: dismiss and notify, webauthn:extension:credBlob: true, webauthn:extension:largeBlob: true, webauthn:extension:minPinLength: true, webauthn:extension:prf: true, webauthn:virtualAuthenticators: true}
Session ID: 92368c0d4df6f964fd4f343a01f17fda
	at java.base/jdk.internal.reflect.NativeConstructorAccessorImpl.newInstance0(Native Method)
	at java.base/jdk.internal.reflect.NativeConstructorAccessorImpl.newInstance(NativeConstructorAccessorImpl.java:77)
	at java.base/jdk.internal.reflect.DelegatingConstructorAccessorImpl.newInstance(DelegatingConstructorAccessorImpl.java:45)
	at org.openqa.selenium.remote.http.W3CHttpResponseCodec.createException(W3CHttpResponseCodec.java:187)
	at org.openqa.selenium.remote.http.W3CHttpResponseCodec.decode(W3CHttpResponseCodec.java:122)
	at org.openqa.selenium.remote.http.W3CHttpResponseCodec.decode(W3CHttpResponseCodec.java:49)
	at org.openqa.selenium.remote.HttpCommandExecutor.execute(HttpCommandExecutor.java:158)
	at org.openqa.selenium.remote.service.DriverCommandExecutor.execute(DriverCommandExecutor.java:83)
	at org.openqa.selenium.remote.RemoteWebDriver.execute(RemoteWebDriver.java:552)
	at com.kms.katalon.selenium.driver.CChromeDriver.execute(CChromeDriver.java:19)
	at org.openqa.selenium.remote.RemoteWebElement.execute(RemoteWebElement.java:285)
	at org.openqa.selenium.remote.RemoteWebElement.click(RemoteWebElement.java:84)
	at jdk.internal.reflect.GeneratedMethodAccessor22.invoke(Unknown Source)
	at java.base/jdk.internal.reflect.DelegatingMethodAccessorImpl.invoke(DelegatingMethodAccessorImpl.java:43)
	at org.openqa.selenium.support.events.EventFiringWebDriver$EventFiringWebElement.lambda$new$0(EventFiringWebDriver.java:404)
	at jdk.proxy2/jdk.proxy2.$Proxy27.click(Unknown Source)
	at org.openqa.selenium.support.events.EventFiringWebDriver$EventFiringWebElement.click(EventFiringWebDriver.java:417)
	at org.openqa.selenium.WebElement$click.call(Unknown Source)
	at com.kms.katalon.core.webui.keyword.builtin.ClickKeyword.clickUntilSuccessWithTimeout(ClickKeyword.groovy:81)
	at com.kms.katalon.core.webui.keyword.builtin.ClickKeyword.clickUntilSuccessWithTimeout(ClickKeyword.groovy)
	at jdk.internal.reflect.GeneratedMethodAccessor26.invoke(Unknown Source)
	at java.base/jdk.internal.reflect.DelegatingMethodAccessorImpl.invoke(DelegatingMethodAccessorImpl.java:43)
	at com.kms.katalon.core.webui.keyword.builtin.ClickKeyword$_click_closure1.doCall(ClickKeyword.groovy:67)
	at com.kms.katalon.core.webui.keyword.builtin.ClickKeyword$_click_closure1.call(ClickKeyword.groovy)
	at com.kms.katalon.core.webui.keyword.internal.WebUIKeywordMain.runKeyword(WebUIKeywordMain.groovy:35)
	at com.kms.katalon.core.webui.keyword.builtin.ClickKeyword.click(ClickKeyword.groovy:74)
	at com.kms.katalon.core.webui.keyword.builtin.ClickKeyword.execute(ClickKeyword.groovy:40)
	at com.kms.katalon.core.keyword.internal.KeywordExecutor.executeKeywordForPlatform(KeywordExecutor.groovy:74)
	at com.kms.katalon.core.webui.keyword.WebUiBuiltInKeywords.click(WebUiBuiltInKeywords.groovy:659)
	at com.kms.katalon.core.webui.keyword.WebUiBuiltInKeywords$click$4.call(Unknown Source)
	at Script1702924672783.run(Script1702924672783.groovy:61)
	... 16 more
)

21-10-2025T20:35:34 - [TEST_STEP][PASSED] - Start listener action : retryOnDisconnect: Current window's url is: 'https://kaglogistics-inventory-management-portal.qa.thekag.com/site/TURK132?cg=-1&r=206&i=AllConsignees&sorted=false'

21-10-2025T20:35:34 - [TEST_STEP][PASSED] - tcId = testCaseContext.getTestCaseId(): null

21-10-2025T20:35:34 - [TEST_STEP][PASSED] - currentRetry = retryCounts.getOrDefault(tcId, 0): null

21-10-2025T20:35:34 - [TEST_STEP][PASSED] - if (testCaseContext.getTestCaseStatus() == "FAILED" && currentRetry < MAX_RETRIES): Current window's url is: 'https://kaglogistics-inventory-management-portal.qa.thekag.com/site/TURK132?cg=-1&r=206&i=AllConsignees&sorted=false'

21-10-2025T20:35:34 - [TEST_STEP][PASSED] - try: Current window's url is: 'https://kaglogistics-inventory-management-portal.qa.thekag.com/site/TURK132?cg=-1&r=206&i=AllConsignees&sorted=false'

21-10-2025T20:35:34 - [TEST_STEP][PASSED] - comment(Checking for WebDriver disconnect for test case: $tcId): Checking for WebDriver disconnect for test case: Test Cases/FIM/UI/KGL/Admin/Sites Page/Inventories/Delete Inventory

21-10-2025T20:35:34 - [MESSAGE][INFO] - Checking for WebDriver disconnect for test case: Test Cases/FIM/UI/KGL/Admin/Sites Page/Inventories/Delete Inventory

21-10-2025T20:35:34 - [TEST_STEP][PASSED] - getUrl(): Current window's url is: 'https://kaglogistics-inventory-management-portal.qa.thekag.com/site/TURK132?cg=-1&r=206&i=AllConsignees&sorted=false'

21-10-2025T20:35:34 - [MESSAGE][PASSED] - Current window's url is: 'https://kaglogistics-inventory-management-portal.qa.thekag.com/site/TURK132?cg=-1&r=206&i=AllConsignees&sorted=false']]></system-out>
         <system-err><![CDATA[21-10-2025T20:34:27 - [TEST_CASE][FAILED] - Test Cases/FIM/UI/KGL/Admin/Sites Page/Inventories/Delete Inventory: Test Cases/FIM/UI/KGL/Admin/Sites Page/Inventories/Delete Inventory FAILED.
Reason:
com.kms.katalon.core.exception.StepFailedException: Unable to click on object 'Object Repository/FIM/Sites Page/Inventories/Edit/Inventory History/1st Delete Inventory_btn'
	at com.kms.katalon.core.webui.keyword.internal.WebUIKeywordMain.stepFailed(WebUIKeywordMain.groovy:117)
	at com.kms.katalon.core.webui.keyword.internal.WebUIKeywordMain.runKeyword(WebUIKeywordMain.groovy:43)
	at com.kms.katalon.core.webui.keyword.builtin.ClickKeyword.click(ClickKeyword.groovy:74)
	at com.kms.katalon.core.webui.keyword.builtin.ClickKeyword.execute(ClickKeyword.groovy:40)
	at com.kms.katalon.core.keyword.internal.KeywordExecutor.executeKeywordForPlatform(KeywordExecutor.groovy:74)
	at com.kms.katalon.core.webui.keyword.WebUiBuiltInKeywords.click(WebUiBuiltInKeywords.groovy:659)
	at com.kms.katalon.core.webui.keyword.WebUiBuiltInKeywords$click$4.call(Unknown Source)
	at Delete Inventory.run(Delete Inventory:61)
	at com.kms.katalon.core.main.ScriptEngine.run(ScriptEngine.java:194)
	at com.kms.katalon.core.main.ScriptEngine.runScriptAsRawText(ScriptEngine.java:119)
	at com.kms.katalon.core.main.TestCaseExecutor.runScript(TestCaseExecutor.java:448)
	at com.kms.katalon.core.main.TestCaseExecutor.doExecute(TestCaseExecutor.java:439)
	at com.kms.katalon.core.main.TestCaseExecutor.processExecutionPhase(TestCaseExecutor.java:418)
	at com.kms.katalon.core.main.TestCaseExecutor.accessMainPhase(TestCaseExecutor.java:410)
	at com.kms.katalon.core.main.TestCaseExecutor.execute(TestCaseExecutor.java:285)
	at com.kms.katalon.core.common.CommonExecutor.accessTestCaseMainPhase(CommonExecutor.java:65)
	at com.kms.katalon.core.main.TestSuiteExecutor.accessTestSuiteMainPhase(TestSuiteExecutor.java:150)
	at com.kms.katalon.core.main.TestSuiteExecutor.execute(TestSuiteExecutor.java:106)
	at com.kms.katalon.core.main.TestCaseMain.startTestSuite(TestCaseMain.java:180)
	at com.kms.katalon.core.main.TestCaseMain$startTestSuite$0.call(Unknown Source)
	at TempTestSuite1761090764033.run(TempTestSuite1761090764033.groovy:35)
	at java.base/jdk.internal.reflect.NativeMethodAccessorImpl.invoke0(Native Method)
	at java.base/jdk.internal.reflect.NativeMethodAccessorImpl.invoke(NativeMethodAccessorImpl.java:77)
	at java.base/jdk.internal.reflect.DelegatingMethodAccessorImpl.invoke(DelegatingMethodAccessorImpl.java:43)
Caused by: org.openqa.selenium.ElementClickInterceptedException: element click intercepted: Element <path fill="currentColor" d="M135.2 17.7L128 32 32 32C14.3 32 0 46.3 0 64S14.3 96 32 96l384 0c17.7 0 32-14.3 32-32s-14.3-32-32-32l-96 0-7.2-14.3C307.4 6.8 296.3 0 284.2 0L163.8 0c-12.1 0-23.2 6.8-28.6 17.7zM416 128L32 128 53.2 467c1.6 25.3 22.6 45 47.9 45l245.8 0c25.3 0 46.3-19.7 47.9-45L416 128z" class=""></path> is not clickable at point (106, 421). Other element would receive the click: <div role="dialog" class="modal fade show" id="__BVID__193" aria-labelledby="__BVID__193___BV_modal_title_" aria-describedby="__BVID__193___BV_modal_body_" style="display: block;" aria-modal="true">...</div>
  (Session info: chrome=141.0.7390.122)
Build info: version: '3.141.59', revision: 'unknown', time: 'unknown'
System info: host: 'DC1ADOBLD01', ip: '10.2.20.71', os.name: 'Windows Server 2019', os.arch: 'amd64', os.version: '10.0', java.version: '17.0.7'
Driver info: com.kms.katalon.selenium.driver.CChromeDriver
Capabilities {acceptInsecureCerts: false, browserName: chrome, browserVersion: 141.0.7390.122, chrome: {chromedriverVersion: 141.0.7390.122 (b477534e7e1..., userDataDir: C:\Windows\SystemTemp\scope...}, fedcm:accounts: true, goog:chromeOptions: {debuggerAddress: localhost:53340}, javascriptEnabled: true, networkConnectionEnabled: false, pageLoadStrategy: normal, platform: WINDOWS, platformName: WINDOWS, proxy: Proxy(), setWindowRect: true, strictFileInteractability: false, timeouts: {implicit: 0, pageLoad: 300000, script: 30000}, unhandledPromptBehavior: dismiss and notify, webauthn:extension:credBlob: true, webauthn:extension:largeBlob: true, webauthn:extension:minPinLength: true, webauthn:extension:prf: true, webauthn:virtualAuthenticators: true}
Session ID: 92368c0d4df6f964fd4f343a01f17fda
	at java.base/jdk.internal.reflect.NativeConstructorAccessorImpl.newInstance0(Native Method)
	at java.base/jdk.internal.reflect.NativeConstructorAccessorImpl.newInstance(NativeConstructorAccessorImpl.java:77)
	at java.base/jdk.internal.reflect.DelegatingConstructorAccessorImpl.newInstance(DelegatingConstructorAccessorImpl.java:45)
	at org.openqa.selenium.remote.http.W3CHttpResponseCodec.createException(W3CHttpResponseCodec.java:187)
	at org.openqa.selenium.remote.http.W3CHttpResponseCodec.decode(W3CHttpResponseCodec.java:122)
	at org.openqa.selenium.remote.http.W3CHttpResponseCodec.decode(W3CHttpResponseCodec.java:49)
	at org.openqa.selenium.remote.HttpCommandExecutor.execute(HttpCommandExecutor.java:158)
	at org.openqa.selenium.remote.service.DriverCommandExecutor.execute(DriverCommandExecutor.java:83)
	at org.openqa.selenium.remote.RemoteWebDriver.execute(RemoteWebDriver.java:552)
	at com.kms.katalon.selenium.driver.CChromeDriver.execute(CChromeDriver.java:19)
	at org.openqa.selenium.remote.RemoteWebElement.execute(RemoteWebElement.java:285)
	at org.openqa.selenium.remote.RemoteWebElement.click(RemoteWebElement.java:84)
	at jdk.internal.reflect.GeneratedMethodAccessor22.invoke(Unknown Source)
	at java.base/jdk.internal.reflect.DelegatingMethodAccessorImpl.invoke(DelegatingMethodAccessorImpl.java:43)
	at org.openqa.selenium.support.events.EventFiringWebDriver$EventFiringWebElement.lambda$new$0(EventFiringWebDriver.java:404)
	at jdk.proxy2/jdk.proxy2.$Proxy27.click(Unknown Source)
	at org.openqa.selenium.support.events.EventFiringWebDriver$EventFiringWebElement.click(EventFiringWebDriver.java:417)
	at org.openqa.selenium.WebElement$click.call(Unknown Source)
	at com.kms.katalon.core.webui.keyword.builtin.ClickKeyword.clickUntilSuccessWithTimeout(ClickKeyword.groovy:81)
	at com.kms.katalon.core.webui.keyword.builtin.ClickKeyword.clickUntilSuccessWithTimeout(ClickKeyword.groovy)
	at jdk.internal.reflect.GeneratedMethodAccessor26.invoke(Unknown Source)
	at java.base/jdk.internal.reflect.DelegatingMethodAccessorImpl.invoke(DelegatingMethodAccessorImpl.java:43)
	at com.kms.katalon.core.webui.keyword.builtin.ClickKeyword$_click_closure1.doCall(ClickKeyword.groovy:67)
	at com.kms.katalon.core.webui.keyword.builtin.ClickKeyword$_click_closure1.call(ClickKeyword.groovy)
	at com.kms.katalon.core.webui.keyword.internal.WebUIKeywordMain.runKeyword(WebUIKeywordMain.groovy:35)
	... 22 more]]></system-err>
      </testcase>
      <system-out><![CDATA[21-10-2025T20:24:20 - [TEST_SUITE][FAILED] - KGL Admin - Sites - Inventories: Test Cases/FIM/UI/KGL/Admin/Sites Page/Inventories/Add Inventory FAILED.
Reason:
com.kms.katalon.core.exception.StepFailedException: Verify element text of test object 'Object Repository/FIM/Sites Page/Inventories/Create/Inventory Created Success Message' FAILED.
	at com.kms.katalon.core.webui.keyword.internal.WebUIKeywordMain.stepFailed(WebUIKeywordMain.groovy:117)
	at com.kms.katalon.core.webui.keyword.internal.WebUIKeywordMain.runKeyword(WebUIKeywordMain.groovy:43)
	at com.kms.katalon.core.webui.keyword.builtin.VerifyElementTextKeyword.verifyElementText(VerifyElementTextKeyword.groovy:72)
	at com.kms.katalon.core.webui.keyword.builtin.VerifyElementTextKeyword.execute(VerifyElementTextKeyword.groovy:40)
	at com.kms.katalon.core.keyword.internal.KeywordExecutor.executeKeywordForPlatform(KeywordExecutor.groovy:74)
	at com.kms.katalon.core.webui.keyword.WebUiBuiltInKeywords.verifyElementText(WebUiBuiltInKeywords.groovy:4835)
	at com.kms.katalon.core.webui.keyword.WebUiBuiltInKeywords$verifyElementText$11.call(Unknown Source)
	at Add Inventory.run(Add Inventory:83)
	at com.kms.katalon.core.main.ScriptEngine.run(ScriptEngine.java:194)
	at com.kms.katalon.core.main.ScriptEngine.runScriptAsRawText(ScriptEngine.java:119)
	at com.kms.katalon.core.main.TestCaseExecutor.runScript(TestCaseExecutor.java:448)
	at com.kms.katalon.core.main.TestCaseExecutor.doExecute(TestCaseExecutor.java:439)
	at com.kms.katalon.core.main.TestCaseExecutor.processExecutionPhase(TestCaseExecutor.java:418)
	at com.kms.katalon.core.main.TestCaseExecutor.accessMainPhase(TestCaseExecutor.java:410)
	at com.kms.katalon.core.main.TestCaseExecutor.execute(TestCaseExecutor.java:285)
	at com.kms.katalon.core.common.CommonExecutor.accessTestCaseMainPhase(CommonExecutor.java:65)
	at com.kms.katalon.core.main.TestSuiteExecutor.accessTestSuiteMainPhase(TestSuiteExecutor.java:150)
	at com.kms.katalon.core.main.TestSuiteExecutor.execute(TestSuiteExecutor.java:106)
	at com.kms.katalon.core.main.TestCaseMain.startTestSuite(TestCaseMain.java:180)
	at com.kms.katalon.core.main.TestCaseMain$startTestSuite$0.call(Unknown Source)
	at TempTestSuite1761090764033.run(TempTestSuite1761090764033.groovy:35)
	at java.base/jdk.internal.reflect.NativeMethodAccessorImpl.invoke0(Native Method)
	at java.base/jdk.internal.reflect.NativeMethodAccessorImpl.invoke(NativeMethodAccessorImpl.java:77)
	at java.base/jdk.internal.reflect.DelegatingMethodAccessorImpl.invoke(DelegatingMethodAccessorImpl.java:43)
Caused by: com.kms.katalon.core.exception.StepFailedException: Actual text '' and expected text 'Inventory created successfully' of test object 'Object Repository/FIM/Sites Page/Inventories/Create/Inventory Created Success Message' are NOT matched.
	at com.kms.katalon.core.webui.keyword.internal.WebUIKeywordMain.stepFailed(WebUIKeywordMain.groovy:117)
	at com.kms.katalon.core.webui.keyword.builtin.VerifyElementTextKeyword$_verifyElementText_closure1.doCall(VerifyElementTextKeyword.groovy:57)
	at com.kms.katalon.core.webui.keyword.builtin.VerifyElementTextKeyword$_verifyElementText_closure1.call(VerifyElementTextKeyword.groovy)
	at com.kms.katalon.core.webui.keyword.internal.WebUIKeywordMain.runKeyword(WebUIKeywordMain.groovy:35)
	... 22 more]]></system-out>
      <system-err><![CDATA[21-10-2025T20:24:20 - [TEST_SUITE][FAILED] - KGL Admin - Sites - Inventories: Test Cases/FIM/UI/KGL/Admin/Sites Page/Inventories/Add Inventory FAILED.
Reason:
com.kms.katalon.core.exception.StepFailedException: Verify element text of test object 'Object Repository/FIM/Sites Page/Inventories/Create/Inventory Created Success Message' FAILED.
	at com.kms.katalon.core.webui.keyword.internal.WebUIKeywordMain.stepFailed(WebUIKeywordMain.groovy:117)
	at com.kms.katalon.core.webui.keyword.internal.WebUIKeywordMain.runKeyword(WebUIKeywordMain.groovy:43)
	at com.kms.katalon.core.webui.keyword.builtin.VerifyElementTextKeyword.verifyElementText(VerifyElementTextKeyword.groovy:72)
	at com.kms.katalon.core.webui.keyword.builtin.VerifyElementTextKeyword.execute(VerifyElementTextKeyword.groovy:40)
	at com.kms.katalon.core.keyword.internal.KeywordExecutor.executeKeywordForPlatform(KeywordExecutor.groovy:74)
	at com.kms.katalon.core.webui.keyword.WebUiBuiltInKeywords.verifyElementText(WebUiBuiltInKeywords.groovy:4835)
	at com.kms.katalon.core.webui.keyword.WebUiBuiltInKeywords$verifyElementText$11.call(Unknown Source)
	at Add Inventory.run(Add Inventory:83)
	at com.kms.katalon.core.main.ScriptEngine.run(ScriptEngine.java:194)
	at com.kms.katalon.core.main.ScriptEngine.runScriptAsRawText(ScriptEngine.java:119)
	at com.kms.katalon.core.main.TestCaseExecutor.runScript(TestCaseExecutor.java:448)
	at com.kms.katalon.core.main.TestCaseExecutor.doExecute(TestCaseExecutor.java:439)
	at com.kms.katalon.core.main.TestCaseExecutor.processExecutionPhase(TestCaseExecutor.java:418)
	at com.kms.katalon.core.main.TestCaseExecutor.accessMainPhase(TestCaseExecutor.java:410)
	at com.kms.katalon.core.main.TestCaseExecutor.execute(TestCaseExecutor.java:285)
	at com.kms.katalon.core.common.CommonExecutor.accessTestCaseMainPhase(CommonExecutor.java:65)
	at com.kms.katalon.core.main.TestSuiteExecutor.accessTestSuiteMainPhase(TestSuiteExecutor.java:150)
	at com.kms.katalon.core.main.TestSuiteExecutor.execute(TestSuiteExecutor.java:106)
	at com.kms.katalon.core.main.TestCaseMain.startTestSuite(TestCaseMain.java:180)
	at com.kms.katalon.core.main.TestCaseMain$startTestSuite$0.call(Unknown Source)
	at TempTestSuite1761090764033.run(TempTestSuite1761090764033.groovy:35)
	at java.base/jdk.internal.reflect.NativeMethodAccessorImpl.invoke0(Native Method)
	at java.base/jdk.internal.reflect.NativeMethodAccessorImpl.invoke(NativeMethodAccessorImpl.java:77)
	at java.base/jdk.internal.reflect.DelegatingMethodAccessorImpl.invoke(DelegatingMethodAccessorImpl.java:43)
Caused by: com.kms.katalon.core.exception.StepFailedException: Actual text '' and expected text 'Inventory created successfully' of test object 'Object Repository/FIM/Sites Page/Inventories/Create/Inventory Created Success Message' are NOT matched.
	at com.kms.katalon.core.webui.keyword.internal.WebUIKeywordMain.stepFailed(WebUIKeywordMain.groovy:117)
	at com.kms.katalon.core.webui.keyword.builtin.VerifyElementTextKeyword$_verifyElementText_closure1.doCall(VerifyElementTextKeyword.groovy:57)
	at com.kms.katalon.core.webui.keyword.builtin.VerifyElementTextKeyword$_verifyElementText_closure1.call(VerifyElementTextKeyword.groovy)
	at com.kms.katalon.core.webui.keyword.internal.WebUIKeywordMain.runKeyword(WebUIKeywordMain.groovy:35)
	... 22 more]]></system-err>
   </testsuite>
</testsuites>
