<?xml version="1.0" encoding="UTF-8"?>
<testsuites name="FDG - TripFocus - Notification" time="1587.555" tests="29" failures="0" errors="0">
   <testsuite name="FDG - TripFocus - Notification" tests="29" failures="0" errors="0" time="1587.555" skipped="0" timestamp="22-10-2025T09:21:54" hostname="DC1ADOBLD01$ - DC1ADOBLD01.thekag.com" id="Test Suites/TripFocus/FDG/FDG - TripFocus - Notification">
      <properties>
         <property name="deviceName" value=""/>
         <property name="devicePlatform"/>
         <property name="logFolder" value="D:\\ADOagent\\vsts-agent-win-x64-2.217.2\\_work\\944\\s\\Reports\\20251022_091709\\TripFocus\\FDG\\FDG - TripFocus - Notification\\20251022_091731"/>
         <property name="logFiles" value="D:\\ADOagent\\vsts-agent-win-x64-2.217.2\\_work\\944\\s\\Reports\\20251022_091709\\TripFocus\\FDG\\FDG - TripFocus - Notification\\20251022_091731\\execution0.log"/>
         <property name="attachments" value=""/>
         <property name="hostName" value="DC1ADOBLD01$ - DC1ADOBLD01.thekag.com"/>
         <property name="os" value="Windows Server 2019 64bit"/>
         <property name="katalonVersion" value="9.7.5.223"/>
         <property name="browser" value="Chrome 141.0.0.0"/>
         <property name="hostAddress" value="10.2.20.71"/>
         <property name="sessionId" value="afc28c150e642bec93a55f1af6ab09c2"/>
         <property name="seleniumVersion" value="3.141.59"/>
         <property name="proxyInformation" value="ProxyInformation { proxyOption=NO_PROXY, proxyServerType=HTTP, username=, password=********, proxyServerAddress=, proxyServerPort=0, executionList=&quot;&quot;, isApplyToDesiredCapabilities=true }"/>
         <property name="platform" value="Windows Server 2019"/>
      </properties>
      <testcase name="Test Cases/TripFocus/FDG/FDG - Notification/FDG - Create Notification" time="137.243" classname="Test Cases/TripFocus/FDG/FDG - Notification/FDG - Create Notification" status="PASSED">
         <system-out><![CDATA[22-10-2025T09:21:55 - [TEST_CASE][PASSED] - Test Cases/TripFocus/FDG/FDG - Notification/FDG - Create Notification: Test Cases/TripFocus/FDG/FDG - Notification/FDG - Create Notification

22-10-2025T09:21:55 - [TEST_STEP][PASSED] - Start listener action : beforeTestCase: null

22-10-2025T09:21:55 - [TEST_STEP][PASSED] - addDefaultPackages(): null

22-10-2025T09:21:55 - [TEST_STEP][PASSED] - callTestCase(findTestCase("Utility Scripts/Open Browser"), ["destinationURL":TFBaseURL], STOP_ON_FAILURE): Call Test Case 'Test Cases/Utility Scripts/Open Browser' successfully

22-10-2025T09:21:56 - [TEST_CASE][PASSED] - Test Cases/Utility Scripts/Open Browser: Test Cases/Utility Scripts/Open Browser

22-10-2025T09:21:56 - [TEST_STEP][PASSED] - openBrowser(""): Browser is opened with url: ''

22-10-2025T09:21:56 - [MESSAGE][INFO] - Starting 'Chrome' driver

22-10-2025T09:21:56 - [MESSAGE][INFO] - User set preference: ['args', '[--no-sandbox, --disable-gpu, --disable-dev-shm-usage]']

22-10-2025T09:21:56 - [MESSAGE][INFO] - Action delay is set to 0 milliseconds

22-10-2025T09:21:58 - [MESSAGE][PASSED] - Browser is opened with url: ''

22-10-2025T09:21:58 - [TEST_STEP][PASSED] - navigateToUrl(destinationURL): Navigate to 'https://www.qa.tripfocus.com' successfully

22-10-2025T09:21:59 - [MESSAGE][PASSED] - Navigate to 'https://www.qa.tripfocus.com' successfully

22-10-2025T09:21:59 - [TEST_STEP][PASSED] - if (maximizeWindow == true): Current window maximized

22-10-2025T09:21:59 - [TEST_STEP][PASSED] - maximizeWindow(STOP_ON_FAILURE): Current window maximized

22-10-2025T09:21:59 - [MESSAGE][PASSED] - Current window maximized

22-10-2025T09:21:59 - [MESSAGE][PASSED] - Call Test Case 'Test Cases/Utility Scripts/Open Browser' successfully

22-10-2025T09:21:59 - [TEST_STEP][PASSED] - callTestCase(findTestCase("Utility Scripts/TF Sign In"), ["userName":TripFocusPenskeFDGUsername, "password":TripFocusFDGSPGPassword], STOP_ON_FAILURE): Call Test Case 'Test Cases/Utility Scripts/TF Sign In' successfully

22-10-2025T09:21:59 - [TEST_CASE][PASSED] - Test Cases/Utility Scripts/TF Sign In: Test Cases/Utility Scripts/TF Sign In

22-10-2025T09:21:59 - [TEST_STEP][PASSED] - click(findTestObject("Object Repository/TripFocus/Page_TripFocus/button_Sign in")): Object: 'Object Repository/TripFocus/Page_TripFocus/button_Sign in' is clicked on

22-10-2025T09:21:59 - [MESSAGE][PASSED] - Object: 'Object Repository/TripFocus/Page_TripFocus/button_Sign in' is clicked on

22-10-2025T09:21:59 - [TEST_STEP][PASSED] - setText(findTestObject("Object Repository/TripFocus/Page_TripFocus/input_Username (e.g. email address)_Username"), userName): Text 'Ashford.Chenault+PenskeCustomerFDGONLY@thekag.com' is set on object 'Object Repository/TripFocus/Page_TripFocus/input_Username (e.g. email address)_Username'

22-10-2025T09:22:00 - [MESSAGE][PASSED] - Text 'Ashford.Chenault+PenskeCustomerFDGONLY@thekag.com' is set on object 'Object Repository/TripFocus/Page_TripFocus/input_Username (e.g. email address)_Username'

22-10-2025T09:22:00 - [TEST_STEP][PASSED] - setText(findTestObject("Object Repository/TripFocus/Page_TripFocus/input_Password_Password"), password): Text 'CrashBan911!!' is set on object 'Object Repository/TripFocus/Page_TripFocus/input_Password_Password'

22-10-2025T09:22:00 - [MESSAGE][PASSED] - Text 'CrashBan911!!' is set on object 'Object Repository/TripFocus/Page_TripFocus/input_Password_Password'

22-10-2025T09:22:00 - [TEST_STEP][PASSED] - click(findTestObject("Object Repository/TripFocus/Page_TripFocus/button_Login")): Object: 'Object Repository/TripFocus/Page_TripFocus/button_Login' is clicked on

22-10-2025T09:22:00 - [MESSAGE][PASSED] - Object: 'Object Repository/TripFocus/Page_TripFocus/button_Login' is clicked on

22-10-2025T09:22:00 - [TEST_STEP][PASSED] - maximizeWindow(): Current window maximized

22-10-2025T09:22:01 - [MESSAGE][PASSED] - Current window maximized

22-10-2025T09:22:01 - [TEST_STEP][PASSED] - waitForElementVisible(findTestObject("TripFocus/Testing_Notification_btn"), 5, OPTIONAL): Web element with id: 'Object Repository/TripFocus/Testing_Notification_btn' located by '//*[@id="__BVID__10___BV_modal_footer_"]/button' not found

22-10-2025T09:22:07 - [MESSAGE][INFO] - Unable to find the element located by 'By.xpath: //*[@id="__BVID__10___BV_modal_footer_"]/button'. Please recheck the objects properties to make sure the desired element is located. 

22-10-2025T09:22:07 - [MESSAGE][WARNING] - [SELF-HEALING] Failed to find element with id 'Object Repository/TripFocus/Testing_Notification_btn'. Try using Self-healing.

22-10-2025T09:22:08 - [MESSAGE][INFO] - [SELF-HEALING] No working XPath is found.

22-10-2025T09:22:10 - [MESSAGE][INFO] - Unable to find the element located by 'By.xpath: '. Please recheck the objects properties to make sure the desired element is located. 

22-10-2025T09:22:10 - [MESSAGE][WARNING] - [SELF-HEALING] Cannot find elements when the selector is null

22-10-2025T09:22:10 - [MESSAGE][WARNING] - Web element with id: 'Object Repository/TripFocus/Testing_Notification_btn' located by '//*[@id="__BVID__10___BV_modal_footer_"]/button' not found

22-10-2025T09:22:10 - [TEST_STEP][PASSED] - if (verifyElementVisible(findTestObject("TripFocus/Testing_Notification_btn"), OPTIONAL) == true): Web element with id: 'Object Repository/TripFocus/Testing_Notification_btn' located by '//*[@id="__BVID__10___BV_modal_footer_"]/button' not found (Root cause: com.kms.katalon.core.exception.StepFailedException: Web element with id: 'Object Repository/TripFocus/Testing_Notification_btn' located by '//*[@id="__BVID__10___BV_modal_footer_"]/button' not found
	at com.kms.katalon.core.webui.keyword.internal.WebUIKeywordMain.stepFailed(WebUIKeywordMain.groovy:117)
	at com.kms.katalon.core.webui.keyword.builtin.VerifyElementVisibleKeyword$_verifyElementVisible_closure1.doCall(VerifyElementVisibleKeyword.groovy:89)
	at com.kms.katalon.core.webui.keyword.builtin.VerifyElementVisibleKeyword$_verifyElementVisible_closure1.call(VerifyElementVisibleKeyword.groovy)
	at com.kms.katalon.core.webui.keyword.internal.WebUIKeywordMain.runKeyword(WebUIKeywordMain.groovy:35)
	at com.kms.katalon.core.webui.keyword.builtin.VerifyElementVisibleKeyword.verifyElementVisible(VerifyElementVisibleKeyword.groovy:97)
	at com.kms.katalon.core.webui.keyword.builtin.VerifyElementVisibleKeyword.execute(VerifyElementVisibleKeyword.groovy:67)
	at com.kms.katalon.core.keyword.internal.KeywordExecutor.executeKeywordForPlatform(KeywordExecutor.groovy:74)
	at com.kms.katalon.core.webui.keyword.WebUiBuiltInKeywords.verifyElementVisible(WebUiBuiltInKeywords.groovy:401)
	at com.kms.katalon.core.webui.keyword.WebUiBuiltInKeywords$verifyElementVisible$6.call(Unknown Source)
	at TF Sign In.run(TF Sign In:33)
	at com.kms.katalon.core.main.ScriptEngine.run(ScriptEngine.java:194)
	at com.kms.katalon.core.main.ScriptEngine.runScriptAsRawText(ScriptEngine.java:119)
	at com.kms.katalon.core.main.TestCaseExecutor.runScript(TestCaseExecutor.java:448)
	at com.kms.katalon.core.main.TestCaseExecutor.doExecute(TestCaseExecutor.java:439)
	at com.kms.katalon.core.main.TestCaseExecutor.processExecutionPhase(TestCaseExecutor.java:418)
	at com.kms.katalon.core.main.TestCaseExecutor.accessMainPhase(TestCaseExecutor.java:410)
	at com.kms.katalon.core.main.TestCaseExecutor.execute(TestCaseExecutor.java:285)
	at com.kms.katalon.core.main.TestCaseMain.runTestCase(TestCaseMain.java:137)
	at com.kms.katalon.core.keyword.builtin.CallTestCaseKeyword$_callTestCase_closure1.doCall(CallTestCaseKeyword.groovy:59)
	at com.kms.katalon.core.keyword.builtin.CallTestCaseKeyword$_callTestCase_closure1.call(CallTestCaseKeyword.groovy)
	at com.kms.katalon.core.keyword.internal.KeywordMain.runKeyword(KeywordMain.groovy:75)
	at com.kms.katalon.core.keyword.builtin.CallTestCaseKeyword.callTestCase(CallTestCaseKeyword.groovy:81)
	at com.kms.katalon.core.keyword.builtin.CallTestCaseKeyword.execute(CallTestCaseKeyword.groovy:44)
	at com.kms.katalon.core.keyword.internal.KeywordExecutor.executeKeywordForPlatform(KeywordExecutor.groovy:74)
	at com.kms.katalon.core.keyword.BuiltinKeywords.callTestCase(BuiltinKeywords.groovy:310)
	at java.base/jdk.internal.reflect.NativeMethodAccessorImpl.invoke0(Native Method)
	at java.base/jdk.internal.reflect.NativeMethodAccessorImpl.invoke(NativeMethodAccessorImpl.java:77)
	at java.base/jdk.internal.reflect.DelegatingMethodAccessorImpl.invoke(DelegatingMethodAccessorImpl.java:43)
	at FDG - Create Notification.run(FDG - Create Notification:22)
	at com.kms.katalon.core.main.ScriptEngine.run(ScriptEngine.java:194)
	at com.kms.katalon.core.main.ScriptEngine.runScriptAsRawText(ScriptEngine.java:119)
	at com.kms.katalon.core.main.TestCaseExecutor.runScript(TestCaseExecutor.java:448)
	at com.kms.katalon.core.main.TestCaseExecutor.doExecute(TestCaseExecutor.java:439)
	at com.kms.katalon.core.main.TestCaseExecutor.processExecutionPhase(TestCaseExecutor.java:418)
	at com.kms.katalon.core.main.TestCaseExecutor.accessMainPhase(TestCaseExecutor.java:410)
	at com.kms.katalon.core.main.TestCaseExecutor.execute(TestCaseExecutor.java:285)
	at com.kms.katalon.core.common.CommonExecutor.accessTestCaseMainPhase(CommonExecutor.java:65)
	at com.kms.katalon.core.main.TestSuiteExecutor.accessTestSuiteMainPhase(TestSuiteExecutor.java:150)
	at com.kms.katalon.core.main.TestSuiteExecutor.execute(TestSuiteExecutor.java:106)
	at com.kms.katalon.core.main.TestCaseMain.startTestSuite(TestCaseMain.java:180)
	at com.kms.katalon.core.main.TestCaseMain$startTestSuite$0.call(Unknown Source)
	at TempTestSuite1761139051700.run(TempTestSuite1761139051700.groovy:35)
	at java.base/jdk.internal.reflect.NativeMethodAccessorImpl.invoke0(Native Method)
	at java.base/jdk.internal.reflect.NativeMethodAccessorImpl.invoke(NativeMethodAccessorImpl.java:77)
	at java.base/jdk.internal.reflect.DelegatingMethodAccessorImpl.invoke(DelegatingMethodAccessorImpl.java:43)
)

22-10-2025T09:22:26 - [MESSAGE][INFO] - Unable to find the element located by 'By.xpath: //*[@id="__BVID__10___BV_modal_footer_"]/button'. Please recheck the objects properties to make sure the desired element is located. 

22-10-2025T09:22:26 - [MESSAGE][WARNING] - [SELF-HEALING] Failed to find element with id 'Object Repository/TripFocus/Testing_Notification_btn'. Try using Self-healing.

22-10-2025T09:22:27 - [MESSAGE][INFO] - [SELF-HEALING] No working XPath is found.

22-10-2025T09:22:29 - [MESSAGE][INFO] - Unable to find the element located by 'By.xpath: '. Please recheck the objects properties to make sure the desired element is located. 

22-10-2025T09:22:29 - [MESSAGE][WARNING] - [SELF-HEALING] Cannot find elements when the selector is null

22-10-2025T09:22:29 - [MESSAGE][WARNING] - Web element with id: 'Object Repository/TripFocus/Testing_Notification_btn' located by '//*[@id="__BVID__10___BV_modal_footer_"]/button' not found (Root cause: com.kms.katalon.core.exception.StepFailedException: Web element with id: 'Object Repository/TripFocus/Testing_Notification_btn' located by '//*[@id="__BVID__10___BV_modal_footer_"]/button' not found
	at com.kms.katalon.core.webui.keyword.internal.WebUIKeywordMain.stepFailed(WebUIKeywordMain.groovy:117)
	at com.kms.katalon.core.webui.keyword.builtin.VerifyElementVisibleKeyword$_verifyElementVisible_closure1.doCall(VerifyElementVisibleKeyword.groovy:89)
	at com.kms.katalon.core.webui.keyword.builtin.VerifyElementVisibleKeyword$_verifyElementVisible_closure1.call(VerifyElementVisibleKeyword.groovy)
	at com.kms.katalon.core.webui.keyword.internal.WebUIKeywordMain.runKeyword(WebUIKeywordMain.groovy:35)
	at com.kms.katalon.core.webui.keyword.builtin.VerifyElementVisibleKeyword.verifyElementVisible(VerifyElementVisibleKeyword.groovy:97)
	at com.kms.katalon.core.webui.keyword.builtin.VerifyElementVisibleKeyword.execute(VerifyElementVisibleKeyword.groovy:67)
	at com.kms.katalon.core.keyword.internal.KeywordExecutor.executeKeywordForPlatform(KeywordExecutor.groovy:74)
	at com.kms.katalon.core.webui.keyword.WebUiBuiltInKeywords.verifyElementVisible(WebUiBuiltInKeywords.groovy:401)
	at com.kms.katalon.core.webui.keyword.WebUiBuiltInKeywords$verifyElementVisible$6.call(Unknown Source)
	at TF Sign In.run(TF Sign In:33)
	at com.kms.katalon.core.main.ScriptEngine.run(ScriptEngine.java:194)
	at com.kms.katalon.core.main.ScriptEngine.runScriptAsRawText(ScriptEngine.java:119)
	at com.kms.katalon.core.main.TestCaseExecutor.runScript(TestCaseExecutor.java:448)
	at com.kms.katalon.core.main.TestCaseExecutor.doExecute(TestCaseExecutor.java:439)
	at com.kms.katalon.core.main.TestCaseExecutor.processExecutionPhase(TestCaseExecutor.java:418)
	at com.kms.katalon.core.main.TestCaseExecutor.accessMainPhase(TestCaseExecutor.java:410)
	at com.kms.katalon.core.main.TestCaseExecutor.execute(TestCaseExecutor.java:285)
	at com.kms.katalon.core.main.TestCaseMain.runTestCase(TestCaseMain.java:137)
	at com.kms.katalon.core.keyword.builtin.CallTestCaseKeyword$_callTestCase_closure1.doCall(CallTestCaseKeyword.groovy:59)
	at com.kms.katalon.core.keyword.builtin.CallTestCaseKeyword$_callTestCase_closure1.call(CallTestCaseKeyword.groovy)
	at com.kms.katalon.core.keyword.internal.KeywordMain.runKeyword(KeywordMain.groovy:75)
	at com.kms.katalon.core.keyword.builtin.CallTestCaseKeyword.callTestCase(CallTestCaseKeyword.groovy:81)
	at com.kms.katalon.core.keyword.builtin.CallTestCaseKeyword.execute(CallTestCaseKeyword.groovy:44)
	at com.kms.katalon.core.keyword.internal.KeywordExecutor.executeKeywordForPlatform(KeywordExecutor.groovy:74)
	at com.kms.katalon.core.keyword.BuiltinKeywords.callTestCase(BuiltinKeywords.groovy:310)
	at java.base/jdk.internal.reflect.NativeMethodAccessorImpl.invoke0(Native Method)
	at java.base/jdk.internal.reflect.NativeMethodAccessorImpl.invoke(NativeMethodAccessorImpl.java:77)
	at java.base/jdk.internal.reflect.DelegatingMethodAccessorImpl.invoke(DelegatingMethodAccessorImpl.java:43)
	at FDG - Create Notification.run(FDG - Create Notification:22)
	at com.kms.katalon.core.main.ScriptEngine.run(ScriptEngine.java:194)
	at com.kms.katalon.core.main.ScriptEngine.runScriptAsRawText(ScriptEngine.java:119)
	at com.kms.katalon.core.main.TestCaseExecutor.runScript(TestCaseExecutor.java:448)
	at com.kms.katalon.core.main.TestCaseExecutor.doExecute(TestCaseExecutor.java:439)
	at com.kms.katalon.core.main.TestCaseExecutor.processExecutionPhase(TestCaseExecutor.java:418)
	at com.kms.katalon.core.main.TestCaseExecutor.accessMainPhase(TestCaseExecutor.java:410)
	at com.kms.katalon.core.main.TestCaseExecutor.execute(TestCaseExecutor.java:285)
	at com.kms.katalon.core.common.CommonExecutor.accessTestCaseMainPhase(CommonExecutor.java:65)
	at com.kms.katalon.core.main.TestSuiteExecutor.accessTestSuiteMainPhase(TestSuiteExecutor.java:150)
	at com.kms.katalon.core.main.TestSuiteExecutor.execute(TestSuiteExecutor.java:106)
	at com.kms.katalon.core.main.TestCaseMain.startTestSuite(TestCaseMain.java:180)
	at com.kms.katalon.core.main.TestCaseMain$startTestSuite$0.call(Unknown Source)
	at TempTestSuite1761139051700.run(TempTestSuite1761139051700.groovy:35)
	at java.base/jdk.internal.reflect.NativeMethodAccessorImpl.invoke0(Native Method)
	at java.base/jdk.internal.reflect.NativeMethodAccessorImpl.invoke(NativeMethodAccessorImpl.java:77)
	at java.base/jdk.internal.reflect.DelegatingMethodAccessorImpl.invoke(DelegatingMethodAccessorImpl.java:43)
)

22-10-2025T09:22:29 - [MESSAGE][PASSED] - Call Test Case 'Test Cases/Utility Scripts/TF Sign In' successfully

22-10-2025T09:22:29 - [TEST_STEP][PASSED] - click(findTestObject("Object Repository/TripFocus/Page_TripFocus/a_Notifications")): Object: 'Object Repository/TripFocus/Page_TripFocus/a_Notifications' is clicked on

22-10-2025T09:22:30 - [MESSAGE][PASSED] - Object: 'Object Repository/TripFocus/Page_TripFocus/a_Notifications' is clicked on

22-10-2025T09:22:30 - [TEST_STEP][PASSED] - delay(4): Delayed 4 second(s)

22-10-2025T09:22:34 - [MESSAGE][PASSED] - Delayed 4 second(s)

22-10-2025T09:22:34 - [TEST_STEP][PASSED] - click(findTestObject("Object Repository/TripFocus/Page_TripFocus/button_Add New Notification")): Object: 'Object Repository/TripFocus/Page_TripFocus/button_Add New Notification' is clicked on

22-10-2025T09:22:34 - [MESSAGE][PASSED] - Object: 'Object Repository/TripFocus/Page_TripFocus/button_Add New Notification' is clicked on

22-10-2025T09:22:34 - [TEST_STEP][PASSED] - delay(10): Delayed 10 second(s)

22-10-2025T09:22:44 - [MESSAGE][PASSED] - Delayed 10 second(s)

22-10-2025T09:22:44 - [TEST_STEP][PASSED] - click(findTestObject("TripFocus/Notifications/Delivery Site_dropdown")): Object: 'Object Repository/TripFocus/Notifications/Delivery Site_dropdown' is clicked on

22-10-2025T09:22:45 - [MESSAGE][PASSED] - Object: 'Object Repository/TripFocus/Notifications/Delivery Site_dropdown' is clicked on

22-10-2025T09:22:45 - [TEST_STEP][PASSED] - delay(2): Delayed 2 second(s)

22-10-2025T09:22:47 - [MESSAGE][PASSED] - Delayed 2 second(s)

22-10-2025T09:22:47 - [TEST_STEP][PASSED] - sendKeys(findTestObject("TripFocus/Notifications/Delivery Site_txt"), "PENSKE 0031-10"): Keys 'PENSKE 0031-10' sent to object: 'Object Repository/TripFocus/Notifications/Delivery Site_txt'

22-10-2025T09:22:47 - [MESSAGE][PASSED] - Keys 'PENSKE 0031-10' sent to object: 'Object Repository/TripFocus/Notifications/Delivery Site_txt'

22-10-2025T09:22:47 - [TEST_STEP][PASSED] - delay(2): Delayed 2 second(s)

22-10-2025T09:22:49 - [MESSAGE][PASSED] - Delayed 2 second(s)

22-10-2025T09:22:49 - [TEST_STEP][PASSED] - sendKeys(findTestObject("TripFocus/Notifications/Delivery Site_txt"), Keys.chord(ENTER)): Keys 'ENTER + ' sent to object: 'Object Repository/TripFocus/Notifications/Delivery Site_txt'

22-10-2025T09:22:49 - [MESSAGE][PASSED] - Keys 'ENTER + ' sent to object: 'Object Repository/TripFocus/Notifications/Delivery Site_txt'

22-10-2025T09:22:49 - [TEST_STEP][PASSED] - delay(2): Delayed 2 second(s)

22-10-2025T09:22:51 - [MESSAGE][PASSED] - Delayed 2 second(s)

22-10-2025T09:22:51 - [TEST_STEP][PASSED] - click(findTestObject("TripFocus/Notifications/Add Notification_lbl")): Object: 'Object Repository/TripFocus/Notifications/Add Notification_lbl' is clicked on

22-10-2025T09:22:51 - [MESSAGE][PASSED] - Object: 'Object Repository/TripFocus/Notifications/Add Notification_lbl' is clicked on

22-10-2025T09:22:51 - [TEST_STEP][PASSED] - delay(2): Delayed 2 second(s)

22-10-2025T09:22:53 - [MESSAGE][PASSED] - Delayed 2 second(s)

22-10-2025T09:22:53 - [TEST_STEP][PASSED] - setText(findTestObject("TripFocus/Notifications/Send To_txt"), "bhargavijspr@gmail.com"): Text 'bhargavijspr@gmail.com' is set on object 'Object Repository/TripFocus/Notifications/Send To_txt'

22-10-2025T09:22:53 - [MESSAGE][PASSED] - Text 'bhargavijspr@gmail.com' is set on object 'Object Repository/TripFocus/Notifications/Send To_txt'

22-10-2025T09:22:53 - [TEST_STEP][PASSED] - delay(2): Delayed 2 second(s)

22-10-2025T09:22:55 - [MESSAGE][PASSED] - Delayed 2 second(s)

22-10-2025T09:22:55 - [TEST_STEP][PASSED] - sendKeys(findTestObject("TripFocus/Notifications/Notification Events_txt"), "Order Undispatched"): Keys 'Order Undispatched' sent to object: 'Object Repository/TripFocus/Notifications/Notification Events_txt'

22-10-2025T09:22:55 - [MESSAGE][PASSED] - Keys 'Order Undispatched' sent to object: 'Object Repository/TripFocus/Notifications/Notification Events_txt'

22-10-2025T09:22:55 - [TEST_STEP][PASSED] - delay(2): Delayed 2 second(s)

22-10-2025T09:22:57 - [MESSAGE][PASSED] - Delayed 2 second(s)

22-10-2025T09:22:57 - [TEST_STEP][PASSED] - sendKeys(findTestObject("TripFocus/Notifications/Notification Events_txt"), Keys.chord(ENTER)): Keys 'ENTER + ' sent to object: 'Object Repository/TripFocus/Notifications/Notification Events_txt'

22-10-2025T09:22:57 - [MESSAGE][PASSED] - Keys 'ENTER + ' sent to object: 'Object Repository/TripFocus/Notifications/Notification Events_txt'

22-10-2025T09:22:57 - [TEST_STEP][PASSED] - delay(2): Delayed 2 second(s)

22-10-2025T09:22:59 - [MESSAGE][PASSED] - Delayed 2 second(s)

22-10-2025T09:22:59 - [TEST_STEP][PASSED] - click(findTestObject("TripFocus/Notifications/Send To_txt")): Object: 'Object Repository/TripFocus/Notifications/Send To_txt' is clicked on

22-10-2025T09:23:00 - [MESSAGE][PASSED] - Object: 'Object Repository/TripFocus/Notifications/Send To_txt' is clicked on

22-10-2025T09:23:00 - [TEST_STEP][PASSED] - delay(2): Delayed 2 second(s)

22-10-2025T09:23:02 - [MESSAGE][PASSED] - Delayed 2 second(s)

22-10-2025T09:23:02 - [TEST_STEP][PASSED] - click(findTestObject("TripFocus/Notifications/Save_btn")): Object: 'Object Repository/TripFocus/Notifications/Save_btn' is clicked on

22-10-2025T09:23:02 - [MESSAGE][PASSED] - Object: 'Object Repository/TripFocus/Notifications/Save_btn' is clicked on

22-10-2025T09:23:02 - [TEST_STEP][PASSED] - delay(2): Delayed 2 second(s)

22-10-2025T09:23:04 - [MESSAGE][PASSED] - Delayed 2 second(s)

22-10-2025T09:23:04 - [TEST_STEP][PASSED] - verifyTextNotPresent("Delivery site is required.", false): Text 'Delivery site is required.' is not present on page

22-10-2025T09:23:04 - [MESSAGE][PASSED] - Text 'Delivery site is required.' is not present on page

22-10-2025T09:23:04 - [TEST_STEP][PASSED] - verifyTextNotPresent("Minimum of 1 event type is required.", false): Text 'Minimum of 1 event type is required.' is not present on page

22-10-2025T09:23:04 - [MESSAGE][PASSED] - Text 'Minimum of 1 event type is required.' is not present on page

22-10-2025T09:23:04 - [TEST_STEP][PASSED] - verifyTextNotPresent("Incorrect text structure for emails, please use the correct delimiters (',').", false): Text 'Incorrect text structure for emails, please use the correct delimiters (',').' is not present on page

22-10-2025T09:23:04 - [MESSAGE][PASSED] - Text 'Incorrect text structure for emails, please use the correct delimiters (',').' is not present on page

22-10-2025T09:23:04 - [TEST_STEP][PASSED] - click(findTestObject("TripFocus/Orders/Orders_tab")): Object: 'Object Repository/TripFocus/Orders/Orders_tab' is clicked on

22-10-2025T09:23:07 - [MESSAGE][PASSED] - Object: 'Object Repository/TripFocus/Orders/Orders_tab' is clicked on

22-10-2025T09:23:07 - [TEST_STEP][PASSED] - delay(2): Delayed 2 second(s)

22-10-2025T09:23:09 - [MESSAGE][PASSED] - Delayed 2 second(s)

22-10-2025T09:23:09 - [TEST_STEP][PASSED] - callTestCase(findTestCase("TripFocus/FDG/FDG - Notification/FDG - Delete Notification"), ["inProgress":true], STOP_ON_FAILURE): Call Test Case 'Test Cases/TripFocus/FDG/FDG - Notification/FDG - Delete Notification' successfully

22-10-2025T09:23:09 - [TEST_CASE][PASSED] - Test Cases/TripFocus/FDG/FDG - Notification/FDG - Delete Notification: Test Cases/TripFocus/FDG/FDG - Notification/FDG - Delete Notification

22-10-2025T09:23:09 - [TEST_STEP][PASSED] - if (inProgress == false): null

22-10-2025T09:23:09 - [TEST_STEP][PASSED] - click(findTestObject("TripFocus/Notifications/Notifications Tab")): Object: 'Object Repository/TripFocus/Notifications/Notifications Tab' is clicked on

22-10-2025T09:23:10 - [MESSAGE][PASSED] - Object: 'Object Repository/TripFocus/Notifications/Notifications Tab' is clicked on

22-10-2025T09:23:10 - [TEST_STEP][PASSED] - delay(3): Delayed 3 second(s)

22-10-2025T09:23:13 - [MESSAGE][PASSED] - Delayed 3 second(s)

22-10-2025T09:23:13 - [TEST_STEP][PASSED] - while (verifyElementPresent(findTestObject("TripFocus/Notifications/Notification Delete_btn"), 20, OPTIONAL) == true): null

22-10-2025T09:23:13 - [MESSAGE][PASSED] - Object 'Object Repository/TripFocus/Notifications/Notification Delete_btn' is present

22-10-2025T09:23:13 - [TEST_STEP][PASSED] - click(findTestObject("TripFocus/Notifications/Notification Delete_btn")): Object: 'Object Repository/TripFocus/Notifications/Notification Delete_btn' is clicked on

22-10-2025T09:23:13 - [MESSAGE][PASSED] - Object: 'Object Repository/TripFocus/Notifications/Notification Delete_btn' is clicked on

22-10-2025T09:23:13 - [TEST_STEP][PASSED] - delay(2): Delayed 2 second(s)

22-10-2025T09:23:15 - [MESSAGE][PASSED] - Delayed 2 second(s)

22-10-2025T09:23:15 - [TEST_STEP][PASSED] - click(findTestObject("TripFocus/Notifications/Delete Confirmation OK_btn")): Object: 'Object Repository/TripFocus/Notifications/Delete Confirmation OK_btn' is clicked on

22-10-2025T09:23:15 - [MESSAGE][PASSED] - Object: 'Object Repository/TripFocus/Notifications/Delete Confirmation OK_btn' is clicked on

22-10-2025T09:23:15 - [TEST_STEP][PASSED] - delay(10): Object 'Object Repository/TripFocus/Notifications/Notification Delete_btn' is present

22-10-2025T09:23:25 - [MESSAGE][PASSED] - Delayed 10 second(s)

22-10-2025T09:23:25 - [MESSAGE][PASSED] - Object 'Object Repository/TripFocus/Notifications/Notification Delete_btn' is present

22-10-2025T09:23:25 - [TEST_STEP][PASSED] - click(findTestObject("TripFocus/Notifications/Notification Delete_btn")): Object: 'Object Repository/TripFocus/Notifications/Notification Delete_btn' is clicked on

22-10-2025T09:23:25 - [MESSAGE][PASSED] - Object: 'Object Repository/TripFocus/Notifications/Notification Delete_btn' is clicked on

22-10-2025T09:23:25 - [TEST_STEP][PASSED] - delay(2): Delayed 2 second(s)

22-10-2025T09:23:27 - [MESSAGE][PASSED] - Delayed 2 second(s)

22-10-2025T09:23:27 - [TEST_STEP][PASSED] - click(findTestObject("TripFocus/Notifications/Delete Confirmation OK_btn")): Object: 'Object Repository/TripFocus/Notifications/Delete Confirmation OK_btn' is clicked on

22-10-2025T09:23:27 - [MESSAGE][PASSED] - Object: 'Object Repository/TripFocus/Notifications/Delete Confirmation OK_btn' is clicked on

22-10-2025T09:23:27 - [TEST_STEP][PASSED] - delay(10): Object 'Object Repository/TripFocus/Notifications/Notification Delete_btn' is present

22-10-2025T09:23:37 - [MESSAGE][PASSED] - Delayed 10 second(s)

22-10-2025T09:23:37 - [MESSAGE][PASSED] - Object 'Object Repository/TripFocus/Notifications/Notification Delete_btn' is present

22-10-2025T09:23:37 - [TEST_STEP][PASSED] - click(findTestObject("TripFocus/Notifications/Notification Delete_btn")): Object: 'Object Repository/TripFocus/Notifications/Notification Delete_btn' is clicked on

22-10-2025T09:23:37 - [MESSAGE][PASSED] - Object: 'Object Repository/TripFocus/Notifications/Notification Delete_btn' is clicked on

22-10-2025T09:23:37 - [TEST_STEP][PASSED] - delay(2): Delayed 2 second(s)

22-10-2025T09:23:39 - [MESSAGE][PASSED] - Delayed 2 second(s)

22-10-2025T09:23:39 - [TEST_STEP][PASSED] - click(findTestObject("TripFocus/Notifications/Delete Confirmation OK_btn")): Object: 'Object Repository/TripFocus/Notifications/Delete Confirmation OK_btn' is clicked on

22-10-2025T09:23:41 - [MESSAGE][PASSED] - Object: 'Object Repository/TripFocus/Notifications/Delete Confirmation OK_btn' is clicked on

22-10-2025T09:23:41 - [TEST_STEP][PASSED] - delay(10): com.kms.katalon.core.webui.exception.WebElementNotFoundException: Web element with id: 'Object Repository/TripFocus/Notifications/Notification Delete_btn' located by '//button[normalize-space(text())='Delete']' not found (Root cause: com.kms.katalon.core.exception.StepFailedException: com.kms.katalon.core.webui.exception.WebElementNotFoundException: Web element with id: 'Object Repository/TripFocus/Notifications/Notification Delete_btn' located by '//button[normalize-space(text())='Delete']' not found
	at com.kms.katalon.core.webui.keyword.internal.WebUIKeywordMain.stepFailed(WebUIKeywordMain.groovy:117)
	at com.kms.katalon.core.webui.keyword.builtin.VerifyElementPresentKeyword$_verifyElementPresent_closure1.doCall(VerifyElementPresentKeyword.groovy:85)
	at com.kms.katalon.core.webui.keyword.builtin.VerifyElementPresentKeyword$_verifyElementPresent_closure1.call(VerifyElementPresentKeyword.groovy)
	at com.kms.katalon.core.webui.keyword.internal.WebUIKeywordMain.runKeyword(WebUIKeywordMain.groovy:35)
	at com.kms.katalon.core.webui.keyword.builtin.VerifyElementPresentKeyword.verifyElementPresent(VerifyElementPresentKeyword.groovy:92)
	at com.kms.katalon.core.webui.keyword.builtin.VerifyElementPresentKeyword.execute(VerifyElementPresentKeyword.groovy:68)
	at com.kms.katalon.core.keyword.internal.KeywordExecutor.executeKeywordForPlatform(KeywordExecutor.groovy:74)
	at com.kms.katalon.core.webui.keyword.WebUiBuiltInKeywords.verifyElementPresent(WebUiBuiltInKeywords.groovy:1487)
	at com.kms.katalon.core.webui.keyword.WebUiBuiltInKeywords$verifyElementPresent$9.call(Unknown Source)
	at FDG - Delete Notification.run(FDG - Delete Notification:31)
	at com.kms.katalon.core.main.ScriptEngine.run(ScriptEngine.java:194)
	at com.kms.katalon.core.main.ScriptEngine.runScriptAsRawText(ScriptEngine.java:119)
	at com.kms.katalon.core.main.TestCaseExecutor.runScript(TestCaseExecutor.java:448)
	at com.kms.katalon.core.main.TestCaseExecutor.doExecute(TestCaseExecutor.java:439)
	at com.kms.katalon.core.main.TestCaseExecutor.processExecutionPhase(TestCaseExecutor.java:418)
	at com.kms.katalon.core.main.TestCaseExecutor.accessMainPhase(TestCaseExecutor.java:410)
	at com.kms.katalon.core.main.TestCaseExecutor.execute(TestCaseExecutor.java:285)
	at com.kms.katalon.core.main.TestCaseMain.runTestCase(TestCaseMain.java:137)
	at com.kms.katalon.core.keyword.builtin.CallTestCaseKeyword$_callTestCase_closure1.doCall(CallTestCaseKeyword.groovy:59)
	at com.kms.katalon.core.keyword.builtin.CallTestCaseKeyword$_callTestCase_closure1.call(CallTestCaseKeyword.groovy)
	at com.kms.katalon.core.keyword.internal.KeywordMain.runKeyword(KeywordMain.groovy:75)
	at com.kms.katalon.core.keyword.builtin.CallTestCaseKeyword.callTestCase(CallTestCaseKeyword.groovy:81)
	at com.kms.katalon.core.keyword.builtin.CallTestCaseKeyword.execute(CallTestCaseKeyword.groovy:44)
	at com.kms.katalon.core.keyword.internal.KeywordExecutor.executeKeywordForPlatform(KeywordExecutor.groovy:74)
	at com.kms.katalon.core.keyword.BuiltinKeywords.callTestCase(BuiltinKeywords.groovy:310)
	at java.base/jdk.internal.reflect.NativeMethodAccessorImpl.invoke0(Native Method)
	at java.base/jdk.internal.reflect.NativeMethodAccessorImpl.invoke(NativeMethodAccessorImpl.java:77)
	at java.base/jdk.internal.reflect.DelegatingMethodAccessorImpl.invoke(DelegatingMethodAccessorImpl.java:43)
	at FDG - Create Notification.run(FDG - Create Notification:85)
	at com.kms.katalon.core.main.ScriptEngine.run(ScriptEngine.java:194)
	at com.kms.katalon.core.main.ScriptEngine.runScriptAsRawText(ScriptEngine.java:119)
	at com.kms.katalon.core.main.TestCaseExecutor.runScript(TestCaseExecutor.java:448)
	at com.kms.katalon.core.main.TestCaseExecutor.doExecute(TestCaseExecutor.java:439)
	at com.kms.katalon.core.main.TestCaseExecutor.processExecutionPhase(TestCaseExecutor.java:418)
	at com.kms.katalon.core.main.TestCaseExecutor.accessMainPhase(TestCaseExecutor.java:410)
	at com.kms.katalon.core.main.TestCaseExecutor.execute(TestCaseExecutor.java:285)
	at com.kms.katalon.core.common.CommonExecutor.accessTestCaseMainPhase(CommonExecutor.java:65)
	at com.kms.katalon.core.main.TestSuiteExecutor.accessTestSuiteMainPhase(TestSuiteExecutor.java:150)
	at com.kms.katalon.core.main.TestSuiteExecutor.execute(TestSuiteExecutor.java:106)
	at com.kms.katalon.core.main.TestCaseMain.startTestSuite(TestCaseMain.java:180)
	at com.kms.katalon.core.main.TestCaseMain$startTestSuite$0.call(Unknown Source)
	at TempTestSuite1761139051700.run(TempTestSuite1761139051700.groovy:35)
	at java.base/jdk.internal.reflect.NativeMethodAccessorImpl.invoke0(Native Method)
	at java.base/jdk.internal.reflect.NativeMethodAccessorImpl.invoke(NativeMethodAccessorImpl.java:77)
	at java.base/jdk.internal.reflect.DelegatingMethodAccessorImpl.invoke(DelegatingMethodAccessorImpl.java:43)
)

22-10-2025T09:23:51 - [MESSAGE][PASSED] - Delayed 10 second(s)

22-10-2025T09:24:12 - [MESSAGE][INFO] - Unable to find the element located by 'By.xpath: //button[normalize-space(text())='Delete']'. Please recheck the objects properties to make sure the desired element is located. 

22-10-2025T09:24:12 - [MESSAGE][WARNING] - com.kms.katalon.core.webui.exception.WebElementNotFoundException: Web element with id: 'Object Repository/TripFocus/Notifications/Notification Delete_btn' located by '//button[normalize-space(text())='Delete']' not found (Root cause: com.kms.katalon.core.exception.StepFailedException: com.kms.katalon.core.webui.exception.WebElementNotFoundException: Web element with id: 'Object Repository/TripFocus/Notifications/Notification Delete_btn' located by '//button[normalize-space(text())='Delete']' not found
	at com.kms.katalon.core.webui.keyword.internal.WebUIKeywordMain.stepFailed(WebUIKeywordMain.groovy:117)
	at com.kms.katalon.core.webui.keyword.builtin.VerifyElementPresentKeyword$_verifyElementPresent_closure1.doCall(VerifyElementPresentKeyword.groovy:85)
	at com.kms.katalon.core.webui.keyword.builtin.VerifyElementPresentKeyword$_verifyElementPresent_closure1.call(VerifyElementPresentKeyword.groovy)
	at com.kms.katalon.core.webui.keyword.internal.WebUIKeywordMain.runKeyword(WebUIKeywordMain.groovy:35)
	at com.kms.katalon.core.webui.keyword.builtin.VerifyElementPresentKeyword.verifyElementPresent(VerifyElementPresentKeyword.groovy:92)
	at com.kms.katalon.core.webui.keyword.builtin.VerifyElementPresentKeyword.execute(VerifyElementPresentKeyword.groovy:68)
	at com.kms.katalon.core.keyword.internal.KeywordExecutor.executeKeywordForPlatform(KeywordExecutor.groovy:74)
	at com.kms.katalon.core.webui.keyword.WebUiBuiltInKeywords.verifyElementPresent(WebUiBuiltInKeywords.groovy:1487)
	at com.kms.katalon.core.webui.keyword.WebUiBuiltInKeywords$verifyElementPresent$9.call(Unknown Source)
	at FDG - Delete Notification.run(FDG - Delete Notification:31)
	at com.kms.katalon.core.main.ScriptEngine.run(ScriptEngine.java:194)
	at com.kms.katalon.core.main.ScriptEngine.runScriptAsRawText(ScriptEngine.java:119)
	at com.kms.katalon.core.main.TestCaseExecutor.runScript(TestCaseExecutor.java:448)
	at com.kms.katalon.core.main.TestCaseExecutor.doExecute(TestCaseExecutor.java:439)
	at com.kms.katalon.core.main.TestCaseExecutor.processExecutionPhase(TestCaseExecutor.java:418)
	at com.kms.katalon.core.main.TestCaseExecutor.accessMainPhase(TestCaseExecutor.java:410)
	at com.kms.katalon.core.main.TestCaseExecutor.execute(TestCaseExecutor.java:285)
	at com.kms.katalon.core.main.TestCaseMain.runTestCase(TestCaseMain.java:137)
	at com.kms.katalon.core.keyword.builtin.CallTestCaseKeyword$_callTestCase_closure1.doCall(CallTestCaseKeyword.groovy:59)
	at com.kms.katalon.core.keyword.builtin.CallTestCaseKeyword$_callTestCase_closure1.call(CallTestCaseKeyword.groovy)
	at com.kms.katalon.core.keyword.internal.KeywordMain.runKeyword(KeywordMain.groovy:75)
	at com.kms.katalon.core.keyword.builtin.CallTestCaseKeyword.callTestCase(CallTestCaseKeyword.groovy:81)
	at com.kms.katalon.core.keyword.builtin.CallTestCaseKeyword.execute(CallTestCaseKeyword.groovy:44)
	at com.kms.katalon.core.keyword.internal.KeywordExecutor.executeKeywordForPlatform(KeywordExecutor.groovy:74)
	at com.kms.katalon.core.keyword.BuiltinKeywords.callTestCase(BuiltinKeywords.groovy:310)
	at java.base/jdk.internal.reflect.NativeMethodAccessorImpl.invoke0(Native Method)
	at java.base/jdk.internal.reflect.NativeMethodAccessorImpl.invoke(NativeMethodAccessorImpl.java:77)
	at java.base/jdk.internal.reflect.DelegatingMethodAccessorImpl.invoke(DelegatingMethodAccessorImpl.java:43)
	at FDG - Create Notification.run(FDG - Create Notification:85)
	at com.kms.katalon.core.main.ScriptEngine.run(ScriptEngine.java:194)
	at com.kms.katalon.core.main.ScriptEngine.runScriptAsRawText(ScriptEngine.java:119)
	at com.kms.katalon.core.main.TestCaseExecutor.runScript(TestCaseExecutor.java:448)
	at com.kms.katalon.core.main.TestCaseExecutor.doExecute(TestCaseExecutor.java:439)
	at com.kms.katalon.core.main.TestCaseExecutor.processExecutionPhase(TestCaseExecutor.java:418)
	at com.kms.katalon.core.main.TestCaseExecutor.accessMainPhase(TestCaseExecutor.java:410)
	at com.kms.katalon.core.main.TestCaseExecutor.execute(TestCaseExecutor.java:285)
	at com.kms.katalon.core.common.CommonExecutor.accessTestCaseMainPhase(CommonExecutor.java:65)
	at com.kms.katalon.core.main.TestSuiteExecutor.accessTestSuiteMainPhase(TestSuiteExecutor.java:150)
	at com.kms.katalon.core.main.TestSuiteExecutor.execute(TestSuiteExecutor.java:106)
	at com.kms.katalon.core.main.TestCaseMain.startTestSuite(TestCaseMain.java:180)
	at com.kms.katalon.core.main.TestCaseMain$startTestSuite$0.call(Unknown Source)
	at TempTestSuite1761139051700.run(TempTestSuite1761139051700.groovy:35)
	at java.base/jdk.internal.reflect.NativeMethodAccessorImpl.invoke0(Native Method)
	at java.base/jdk.internal.reflect.NativeMethodAccessorImpl.invoke(NativeMethodAccessorImpl.java:77)
	at java.base/jdk.internal.reflect.DelegatingMethodAccessorImpl.invoke(DelegatingMethodAccessorImpl.java:43)
)

22-10-2025T09:24:12 - [TEST_STEP][PASSED] - closeBrowser(): Browser is closed

22-10-2025T09:24:12 - [MESSAGE][PASSED] - Browser is closed

22-10-2025T09:24:12 - [MESSAGE][PASSED] - Call Test Case 'Test Cases/TripFocus/FDG/FDG - Notification/FDG - Delete Notification' successfully

22-10-2025T09:24:12 - [TEST_STEP][PASSED] - closeBrowser(): Browser is closed

22-10-2025T09:24:12 - [MESSAGE][PASSED] - Browser is closed

22-10-2025T09:24:12 - [TEST_STEP][PASSED] - Start listener action : retryOnDisconnect: null

22-10-2025T09:24:12 - [TEST_STEP][PASSED] - tcId = testCaseContext.getTestCaseId(): null

22-10-2025T09:24:12 - [TEST_STEP][PASSED] - currentRetry = retryCounts.getOrDefault(tcId, 0): null

22-10-2025T09:24:12 - [TEST_STEP][PASSED] - if (testCaseContext.getTestCaseStatus() == "FAILED" && currentRetry < MAX_RETRIES): null]]></system-out>
         <system-err><![CDATA[]]></system-err>
      </testcase>
      <testcase name="Test Cases/TripFocus/FDG/FDG - Notification/FDG - Edit Notification" time="66.684" classname="Test Cases/TripFocus/FDG/FDG - Notification/FDG - Edit Notification" status="PASSED">
         <system-out><![CDATA[22-10-2025T09:24:12 - [TEST_CASE][PASSED] - Test Cases/TripFocus/FDG/FDG - Notification/FDG - Edit Notification: Test Cases/TripFocus/FDG/FDG - Notification/FDG - Edit Notification

22-10-2025T09:24:12 - [TEST_STEP][PASSED] - Start listener action : beforeTestCase: null

22-10-2025T09:24:12 - [TEST_STEP][PASSED] - addDefaultPackages(): null

22-10-2025T09:24:12 - [TEST_STEP][PASSED] - callTestCase(findTestCase("Utility Scripts/Open Browser"), ["destinationURL":TFBaseURL], STOP_ON_FAILURE): Call Test Case 'Test Cases/Utility Scripts/Open Browser' successfully

22-10-2025T09:24:12 - [TEST_CASE][PASSED] - Test Cases/Utility Scripts/Open Browser: Test Cases/Utility Scripts/Open Browser

22-10-2025T09:24:12 - [TEST_STEP][PASSED] - openBrowser(""): Browser is opened with url: ''

22-10-2025T09:24:12 - [MESSAGE][INFO] - Starting 'Chrome' driver

22-10-2025T09:24:12 - [MESSAGE][INFO] - User set preference: ['args', '[--no-sandbox, --disable-gpu, --disable-dev-shm-usage]']

22-10-2025T09:24:12 - [MESSAGE][INFO] - Action delay is set to 0 milliseconds

22-10-2025T09:24:13 - [MESSAGE][PASSED] - Browser is opened with url: ''

22-10-2025T09:24:13 - [TEST_STEP][PASSED] - navigateToUrl(destinationURL): Navigate to 'https://www.qa.tripfocus.com' successfully

22-10-2025T09:24:14 - [MESSAGE][PASSED] - Navigate to 'https://www.qa.tripfocus.com' successfully

22-10-2025T09:24:14 - [TEST_STEP][PASSED] - if (maximizeWindow == true): Current window maximized

22-10-2025T09:24:14 - [TEST_STEP][PASSED] - maximizeWindow(STOP_ON_FAILURE): Current window maximized

22-10-2025T09:24:14 - [MESSAGE][PASSED] - Current window maximized

22-10-2025T09:24:14 - [MESSAGE][PASSED] - Call Test Case 'Test Cases/Utility Scripts/Open Browser' successfully

22-10-2025T09:24:14 - [TEST_STEP][PASSED] - callTestCase(findTestCase("Utility Scripts/TF Sign In"), ["userName":TripFocusPenskeFDGUsername, "password":TripFocusFDGSPGPassword], STOP_ON_FAILURE): Call Test Case 'Test Cases/Utility Scripts/TF Sign In' successfully

22-10-2025T09:24:14 - [TEST_CASE][PASSED] - Test Cases/Utility Scripts/TF Sign In: Test Cases/Utility Scripts/TF Sign In

22-10-2025T09:24:14 - [TEST_STEP][PASSED] - click(findTestObject("Object Repository/TripFocus/Page_TripFocus/button_Sign in")): Object: 'Object Repository/TripFocus/Page_TripFocus/button_Sign in' is clicked on

22-10-2025T09:24:14 - [MESSAGE][PASSED] - Object: 'Object Repository/TripFocus/Page_TripFocus/button_Sign in' is clicked on

22-10-2025T09:24:14 - [TEST_STEP][PASSED] - setText(findTestObject("Object Repository/TripFocus/Page_TripFocus/input_Username (e.g. email address)_Username"), userName): Text 'Ashford.Chenault+PenskeCustomerFDGONLY@thekag.com' is set on object 'Object Repository/TripFocus/Page_TripFocus/input_Username (e.g. email address)_Username'

22-10-2025T09:24:15 - [MESSAGE][PASSED] - Text 'Ashford.Chenault+PenskeCustomerFDGONLY@thekag.com' is set on object 'Object Repository/TripFocus/Page_TripFocus/input_Username (e.g. email address)_Username'

22-10-2025T09:24:15 - [TEST_STEP][PASSED] - setText(findTestObject("Object Repository/TripFocus/Page_TripFocus/input_Password_Password"), password): Text 'CrashBan911!!' is set on object 'Object Repository/TripFocus/Page_TripFocus/input_Password_Password'

22-10-2025T09:24:15 - [MESSAGE][PASSED] - Text 'CrashBan911!!' is set on object 'Object Repository/TripFocus/Page_TripFocus/input_Password_Password'

22-10-2025T09:24:15 - [TEST_STEP][PASSED] - click(findTestObject("Object Repository/TripFocus/Page_TripFocus/button_Login")): Object: 'Object Repository/TripFocus/Page_TripFocus/button_Login' is clicked on

22-10-2025T09:24:16 - [MESSAGE][PASSED] - Object: 'Object Repository/TripFocus/Page_TripFocus/button_Login' is clicked on

22-10-2025T09:24:16 - [TEST_STEP][PASSED] - maximizeWindow(): Current window maximized

22-10-2025T09:24:16 - [MESSAGE][PASSED] - Current window maximized

22-10-2025T09:24:16 - [TEST_STEP][PASSED] - waitForElementVisible(findTestObject("TripFocus/Testing_Notification_btn"), 5, OPTIONAL): Web element with id: 'Object Repository/TripFocus/Testing_Notification_btn' located by '//*[@id="__BVID__10___BV_modal_footer_"]/button' not found

22-10-2025T09:24:22 - [MESSAGE][INFO] - Unable to find the element located by 'By.xpath: //*[@id="__BVID__10___BV_modal_footer_"]/button'. Please recheck the objects properties to make sure the desired element is located. 

22-10-2025T09:24:22 - [MESSAGE][WARNING] - [SELF-HEALING] Failed to find element with id 'Object Repository/TripFocus/Testing_Notification_btn'. Try using Self-healing.

22-10-2025T09:24:23 - [MESSAGE][INFO] - [SELF-HEALING] No working XPath is found.

22-10-2025T09:24:25 - [MESSAGE][INFO] - Unable to find the element located by 'By.xpath: '. Please recheck the objects properties to make sure the desired element is located. 

22-10-2025T09:24:25 - [MESSAGE][WARNING] - [SELF-HEALING] Cannot find elements when the selector is null

22-10-2025T09:24:25 - [MESSAGE][WARNING] - Web element with id: 'Object Repository/TripFocus/Testing_Notification_btn' located by '//*[@id="__BVID__10___BV_modal_footer_"]/button' not found

22-10-2025T09:24:25 - [TEST_STEP][PASSED] - if (verifyElementVisible(findTestObject("TripFocus/Testing_Notification_btn"), OPTIONAL) == true): Web element with id: 'Object Repository/TripFocus/Testing_Notification_btn' located by '//*[@id="__BVID__10___BV_modal_footer_"]/button' not found (Root cause: com.kms.katalon.core.exception.StepFailedException: Web element with id: 'Object Repository/TripFocus/Testing_Notification_btn' located by '//*[@id="__BVID__10___BV_modal_footer_"]/button' not found
	at com.kms.katalon.core.webui.keyword.internal.WebUIKeywordMain.stepFailed(WebUIKeywordMain.groovy:117)
	at com.kms.katalon.core.webui.keyword.builtin.VerifyElementVisibleKeyword$_verifyElementVisible_closure1.doCall(VerifyElementVisibleKeyword.groovy:89)
	at com.kms.katalon.core.webui.keyword.builtin.VerifyElementVisibleKeyword$_verifyElementVisible_closure1.call(VerifyElementVisibleKeyword.groovy)
	at com.kms.katalon.core.webui.keyword.internal.WebUIKeywordMain.runKeyword(WebUIKeywordMain.groovy:35)
	at com.kms.katalon.core.webui.keyword.builtin.VerifyElementVisibleKeyword.verifyElementVisible(VerifyElementVisibleKeyword.groovy:97)
	at com.kms.katalon.core.webui.keyword.builtin.VerifyElementVisibleKeyword.execute(VerifyElementVisibleKeyword.groovy:67)
	at com.kms.katalon.core.keyword.internal.KeywordExecutor.executeKeywordForPlatform(KeywordExecutor.groovy:74)
	at com.kms.katalon.core.webui.keyword.WebUiBuiltInKeywords.verifyElementVisible(WebUiBuiltInKeywords.groovy:401)
	at com.kms.katalon.core.webui.keyword.WebUiBuiltInKeywords$verifyElementVisible$6.call(Unknown Source)
	at TF Sign In.run(TF Sign In:33)
	at com.kms.katalon.core.main.ScriptEngine.run(ScriptEngine.java:194)
	at com.kms.katalon.core.main.ScriptEngine.runScriptAsRawText(ScriptEngine.java:119)
	at com.kms.katalon.core.main.TestCaseExecutor.runScript(TestCaseExecutor.java:448)
	at com.kms.katalon.core.main.TestCaseExecutor.doExecute(TestCaseExecutor.java:439)
	at com.kms.katalon.core.main.TestCaseExecutor.processExecutionPhase(TestCaseExecutor.java:418)
	at com.kms.katalon.core.main.TestCaseExecutor.accessMainPhase(TestCaseExecutor.java:410)
	at com.kms.katalon.core.main.TestCaseExecutor.execute(TestCaseExecutor.java:285)
	at com.kms.katalon.core.main.TestCaseMain.runTestCase(TestCaseMain.java:137)
	at com.kms.katalon.core.keyword.builtin.CallTestCaseKeyword$_callTestCase_closure1.doCall(CallTestCaseKeyword.groovy:59)
	at com.kms.katalon.core.keyword.builtin.CallTestCaseKeyword$_callTestCase_closure1.call(CallTestCaseKeyword.groovy)
	at com.kms.katalon.core.keyword.internal.KeywordMain.runKeyword(KeywordMain.groovy:75)
	at com.kms.katalon.core.keyword.builtin.CallTestCaseKeyword.callTestCase(CallTestCaseKeyword.groovy:81)
	at com.kms.katalon.core.keyword.builtin.CallTestCaseKeyword.execute(CallTestCaseKeyword.groovy:44)
	at com.kms.katalon.core.keyword.internal.KeywordExecutor.executeKeywordForPlatform(KeywordExecutor.groovy:74)
	at com.kms.katalon.core.keyword.BuiltinKeywords.callTestCase(BuiltinKeywords.groovy:310)
	at java.base/jdk.internal.reflect.NativeMethodAccessorImpl.invoke0(Native Method)
	at java.base/jdk.internal.reflect.NativeMethodAccessorImpl.invoke(NativeMethodAccessorImpl.java:77)
	at java.base/jdk.internal.reflect.DelegatingMethodAccessorImpl.invoke(DelegatingMethodAccessorImpl.java:43)
	at FDG - Edit Notification.run(FDG - Edit Notification:22)
	at com.kms.katalon.core.main.ScriptEngine.run(ScriptEngine.java:194)
	at com.kms.katalon.core.main.ScriptEngine.runScriptAsRawText(ScriptEngine.java:119)
	at com.kms.katalon.core.main.TestCaseExecutor.runScript(TestCaseExecutor.java:448)
	at com.kms.katalon.core.main.TestCaseExecutor.doExecute(TestCaseExecutor.java:439)
	at com.kms.katalon.core.main.TestCaseExecutor.processExecutionPhase(TestCaseExecutor.java:418)
	at com.kms.katalon.core.main.TestCaseExecutor.accessMainPhase(TestCaseExecutor.java:410)
	at com.kms.katalon.core.main.TestCaseExecutor.execute(TestCaseExecutor.java:285)
	at com.kms.katalon.core.common.CommonExecutor.accessTestCaseMainPhase(CommonExecutor.java:65)
	at com.kms.katalon.core.main.TestSuiteExecutor.accessTestSuiteMainPhase(TestSuiteExecutor.java:150)
	at com.kms.katalon.core.main.TestSuiteExecutor.execute(TestSuiteExecutor.java:106)
	at com.kms.katalon.core.main.TestCaseMain.startTestSuite(TestCaseMain.java:180)
	at com.kms.katalon.core.main.TestCaseMain$startTestSuite$0.call(Unknown Source)
	at TempTestSuite1761139051700.run(TempTestSuite1761139051700.groovy:35)
	at java.base/jdk.internal.reflect.NativeMethodAccessorImpl.invoke0(Native Method)
	at java.base/jdk.internal.reflect.NativeMethodAccessorImpl.invoke(NativeMethodAccessorImpl.java:77)
	at java.base/jdk.internal.reflect.DelegatingMethodAccessorImpl.invoke(DelegatingMethodAccessorImpl.java:43)
)

22-10-2025T09:24:41 - [MESSAGE][INFO] - Unable to find the element located by 'By.xpath: //*[@id="__BVID__10___BV_modal_footer_"]/button'. Please recheck the objects properties to make sure the desired element is located. 

22-10-2025T09:24:41 - [MESSAGE][WARNING] - [SELF-HEALING] Failed to find element with id 'Object Repository/TripFocus/Testing_Notification_btn'. Try using Self-healing.

22-10-2025T09:24:42 - [MESSAGE][INFO] - [SELF-HEALING] No working XPath is found.

22-10-2025T09:24:44 - [MESSAGE][INFO] - Unable to find the element located by 'By.xpath: '. Please recheck the objects properties to make sure the desired element is located. 

22-10-2025T09:24:44 - [MESSAGE][WARNING] - [SELF-HEALING] Cannot find elements when the selector is null

22-10-2025T09:24:44 - [MESSAGE][WARNING] - Web element with id: 'Object Repository/TripFocus/Testing_Notification_btn' located by '//*[@id="__BVID__10___BV_modal_footer_"]/button' not found (Root cause: com.kms.katalon.core.exception.StepFailedException: Web element with id: 'Object Repository/TripFocus/Testing_Notification_btn' located by '//*[@id="__BVID__10___BV_modal_footer_"]/button' not found
	at com.kms.katalon.core.webui.keyword.internal.WebUIKeywordMain.stepFailed(WebUIKeywordMain.groovy:117)
	at com.kms.katalon.core.webui.keyword.builtin.VerifyElementVisibleKeyword$_verifyElementVisible_closure1.doCall(VerifyElementVisibleKeyword.groovy:89)
	at com.kms.katalon.core.webui.keyword.builtin.VerifyElementVisibleKeyword$_verifyElementVisible_closure1.call(VerifyElementVisibleKeyword.groovy)
	at com.kms.katalon.core.webui.keyword.internal.WebUIKeywordMain.runKeyword(WebUIKeywordMain.groovy:35)
	at com.kms.katalon.core.webui.keyword.builtin.VerifyElementVisibleKeyword.verifyElementVisible(VerifyElementVisibleKeyword.groovy:97)
	at com.kms.katalon.core.webui.keyword.builtin.VerifyElementVisibleKeyword.execute(VerifyElementVisibleKeyword.groovy:67)
	at com.kms.katalon.core.keyword.internal.KeywordExecutor.executeKeywordForPlatform(KeywordExecutor.groovy:74)
	at com.kms.katalon.core.webui.keyword.WebUiBuiltInKeywords.verifyElementVisible(WebUiBuiltInKeywords.groovy:401)
	at com.kms.katalon.core.webui.keyword.WebUiBuiltInKeywords$verifyElementVisible$6.call(Unknown Source)
	at TF Sign In.run(TF Sign In:33)
	at com.kms.katalon.core.main.ScriptEngine.run(ScriptEngine.java:194)
	at com.kms.katalon.core.main.ScriptEngine.runScriptAsRawText(ScriptEngine.java:119)
	at com.kms.katalon.core.main.TestCaseExecutor.runScript(TestCaseExecutor.java:448)
	at com.kms.katalon.core.main.TestCaseExecutor.doExecute(TestCaseExecutor.java:439)
	at com.kms.katalon.core.main.TestCaseExecutor.processExecutionPhase(TestCaseExecutor.java:418)
	at com.kms.katalon.core.main.TestCaseExecutor.accessMainPhase(TestCaseExecutor.java:410)
	at com.kms.katalon.core.main.TestCaseExecutor.execute(TestCaseExecutor.java:285)
	at com.kms.katalon.core.main.TestCaseMain.runTestCase(TestCaseMain.java:137)
	at com.kms.katalon.core.keyword.builtin.CallTestCaseKeyword$_callTestCase_closure1.doCall(CallTestCaseKeyword.groovy:59)
	at com.kms.katalon.core.keyword.builtin.CallTestCaseKeyword$_callTestCase_closure1.call(CallTestCaseKeyword.groovy)
	at com.kms.katalon.core.keyword.internal.KeywordMain.runKeyword(KeywordMain.groovy:75)
	at com.kms.katalon.core.keyword.builtin.CallTestCaseKeyword.callTestCase(CallTestCaseKeyword.groovy:81)
	at com.kms.katalon.core.keyword.builtin.CallTestCaseKeyword.execute(CallTestCaseKeyword.groovy:44)
	at com.kms.katalon.core.keyword.internal.KeywordExecutor.executeKeywordForPlatform(KeywordExecutor.groovy:74)
	at com.kms.katalon.core.keyword.BuiltinKeywords.callTestCase(BuiltinKeywords.groovy:310)
	at java.base/jdk.internal.reflect.NativeMethodAccessorImpl.invoke0(Native Method)
	at java.base/jdk.internal.reflect.NativeMethodAccessorImpl.invoke(NativeMethodAccessorImpl.java:77)
	at java.base/jdk.internal.reflect.DelegatingMethodAccessorImpl.invoke(DelegatingMethodAccessorImpl.java:43)
	at FDG - Edit Notification.run(FDG - Edit Notification:22)
	at com.kms.katalon.core.main.ScriptEngine.run(ScriptEngine.java:194)
	at com.kms.katalon.core.main.ScriptEngine.runScriptAsRawText(ScriptEngine.java:119)
	at com.kms.katalon.core.main.TestCaseExecutor.runScript(TestCaseExecutor.java:448)
	at com.kms.katalon.core.main.TestCaseExecutor.doExecute(TestCaseExecutor.java:439)
	at com.kms.katalon.core.main.TestCaseExecutor.processExecutionPhase(TestCaseExecutor.java:418)
	at com.kms.katalon.core.main.TestCaseExecutor.accessMainPhase(TestCaseExecutor.java:410)
	at com.kms.katalon.core.main.TestCaseExecutor.execute(TestCaseExecutor.java:285)
	at com.kms.katalon.core.common.CommonExecutor.accessTestCaseMainPhase(CommonExecutor.java:65)
	at com.kms.katalon.core.main.TestSuiteExecutor.accessTestSuiteMainPhase(TestSuiteExecutor.java:150)
	at com.kms.katalon.core.main.TestSuiteExecutor.execute(TestSuiteExecutor.java:106)
	at com.kms.katalon.core.main.TestCaseMain.startTestSuite(TestCaseMain.java:180)
	at com.kms.katalon.core.main.TestCaseMain$startTestSuite$0.call(Unknown Source)
	at TempTestSuite1761139051700.run(TempTestSuite1761139051700.groovy:35)
	at java.base/jdk.internal.reflect.NativeMethodAccessorImpl.invoke0(Native Method)
	at java.base/jdk.internal.reflect.NativeMethodAccessorImpl.invoke(NativeMethodAccessorImpl.java:77)
	at java.base/jdk.internal.reflect.DelegatingMethodAccessorImpl.invoke(DelegatingMethodAccessorImpl.java:43)
)

22-10-2025T09:24:44 - [MESSAGE][PASSED] - Call Test Case 'Test Cases/Utility Scripts/TF Sign In' successfully

22-10-2025T09:24:44 - [TEST_STEP][PASSED] - click(findTestObject("TripFocus/Notifications/Notifications Tab")): Object: 'Object Repository/TripFocus/Notifications/Notifications Tab' is clicked on

22-10-2025T09:24:44 - [MESSAGE][PASSED] - Object: 'Object Repository/TripFocus/Notifications/Notifications Tab' is clicked on

22-10-2025T09:24:44 - [TEST_STEP][PASSED] - delay(3): Delayed 3 second(s)

22-10-2025T09:24:47 - [MESSAGE][PASSED] - Delayed 3 second(s)

22-10-2025T09:24:47 - [TEST_STEP][PASSED] - click(findTestObject("Object Repository/TripFocus/Page_TripFocus/button_Edit")): Object: 'Object Repository/TripFocus/Page_TripFocus/button_Edit' is clicked on

22-10-2025T09:25:03 - [MESSAGE][INFO] - Unable to find the element located by 'By.xpath: /html/body/div/div[2]/div/main/div/div[2]/div[3]/div/div/div[4]/div/div/table/tbody/tr[1]/td[6]/button[1]'. Please recheck the objects properties to make sure the desired element is located. 

22-10-2025T09:25:03 - [MESSAGE][WARNING] - [SELF-HEALING] Failed to find element with id 'Object Repository/TripFocus/Page_TripFocus/button_Edit'. Try using Self-healing.

22-10-2025T09:25:03 - [MESSAGE][INFO] - [SELF-HEALING] Failed Locator: '//button[@id='btnEditUser']'.

22-10-2025T09:25:03 - [MESSAGE][INFO] - [SELF-HEALING] Failed Locator: '//table[@id='__BVID__122']/tbody/tr/td[6]/button'.

22-10-2025T09:25:03 - [MESSAGE][INFO] - [SELF-HEALING] Failed Locator: '(.//*[normalize-space(text()) and normalize-space(.)='meijer'])[1]/following::button[1]'.

22-10-2025T09:25:03 - [MESSAGE][INFO] - [SELF-HEALING] Failed Locator: '(.//*[normalize-space(text()) and normalize-space(.)='animasdelmundo2+testing@gmail.com'])[1]/following::button[1]'.

22-10-2025T09:25:03 - [MESSAGE][INFO] - [SELF-HEALING] Failed Locator: '(.//*[normalize-space(text()) and normalize-space(.)='Delete'])[1]/preceding::button[1]'.

22-10-2025T09:25:03 - [MESSAGE][INFO] - [SELF-HEALING] Failed Locator: '(.//*[normalize-space(text()) and normalize-space(.)='bhargavi'])[1]/preceding::button[2]'.

22-10-2025T09:25:03 - [MESSAGE][INFO] - [SELF-HEALING] Failed Locator: '//*/text()[normalize-space(.)='Edit']/parent::*'.

22-10-2025T09:25:03 - [MESSAGE][INFO] - [SELF-HEALING] Failed Locator: '//td[6]/button'.

22-10-2025T09:25:03 - [MESSAGE][INFO] - [SELF-HEALING] Failed Locator: '//button[@id = 'btnEditUser' and @type = 'button' and (text() = ' Edit ' or . = ' Edit ')]'.

22-10-2025T09:25:03 - [MESSAGE][INFO] - [SELF-HEALING] Failed Locator: '(//button[@id='btnEditUser'])[2]'.

22-10-2025T09:25:03 - [MESSAGE][INFO] - [SELF-HEALING] Failed Locator: '//table[@id='__BVID__157']/tbody/tr[2]/td[6]/button'.

22-10-2025T09:25:03 - [MESSAGE][INFO] - [SELF-HEALING] Failed Locator: '(.//*[normalize-space(text()) and normalize-space(.)='Meijer Inc'])[2]/following::button[1]'.

22-10-2025T09:25:03 - [MESSAGE][INFO] - [SELF-HEALING] Failed Locator: '(.//*[normalize-space(text()) and normalize-space(.)='martinko44481+meijer@gmail.com'])[1]/following::button[1]'.

22-10-2025T09:25:03 - [MESSAGE][INFO] - [SELF-HEALING] Failed Locator: '(.//*[normalize-space(text()) and normalize-space(.)='Delete'])[2]/preceding::button[1]'.

22-10-2025T09:25:03 - [MESSAGE][INFO] - [SELF-HEALING] Failed Locator: '(.//*[normalize-space(text()) and normalize-space(.)='norman'])[1]/preceding::button[2]'.

22-10-2025T09:25:03 - [MESSAGE][INFO] - [SELF-HEALING] Failed Locator: '//tr[2]/td[6]/button'.

22-10-2025T09:25:04 - [MESSAGE][INFO] - [SELF-HEALING] Failed Locator: '(//button[@id='btnEditUser'])[10]'.

22-10-2025T09:25:04 - [MESSAGE][INFO] - [SELF-HEALING] Failed Locator: '//table[@id='__BVID__394']/tbody/tr[10]/td[6]/button'.

22-10-2025T09:25:04 - [MESSAGE][INFO] - [SELF-HEALING] Failed Locator: '(.//*[normalize-space(text()) and normalize-space(.)='meijer'])[10]/following::button[1]'.

22-10-2025T09:25:04 - [MESSAGE][INFO] - [SELF-HEALING] Failed Locator: '(.//*[normalize-space(text()) and normalize-space(.)='Delete'])[10]/preceding::button[1]'.

22-10-2025T09:25:04 - [MESSAGE][INFO] - [SELF-HEALING] Working Locator: '(.//*[normalize-space(text()) and normalize-space(.)='‹'])[1]/preceding::button[2]'.

22-10-2025T09:25:04 - [MESSAGE][INFO] - [SELF-HEALING] Screenshot: D:/ADOagent/vsts-agent-win-x64-2.217.2/_work/944/s/Reports/Self-healing/Object Repository/TripFocus/Page_TripFocus/button_Edit_neighbor.png

22-10-2025T09:25:04 - [MESSAGE][WARNING] - [SELF-HEALING] The current locator of test object 'Object Repository/TripFocus/Page_TripFocus/button_Edit' was broken. Propose an alternative one: '(.//*[normalize-space(text()) and normalize-space(.)='‹'])[1]/preceding::button[2]'.

22-10-2025T09:25:04 - [MESSAGE][PASSED] - Object: 'Object Repository/TripFocus/Page_TripFocus/button_Edit' is clicked on

22-10-2025T09:25:04 - [TEST_STEP][PASSED] - delay(7): Delayed 7 second(s)

22-10-2025T09:25:11 - [MESSAGE][PASSED] - Delayed 7 second(s)

22-10-2025T09:25:11 - [TEST_STEP][PASSED] - setText(findTestObject("Object Repository/TripFocus/Page_TripFocus/textarea_Send To_txtSendTo"), "bhargavijspr@gmail.com , abc@gmail.com"): Text 'bhargavijspr@gmail.com , abc@gmail.com' is set on object 'Object Repository/TripFocus/Page_TripFocus/textarea_Send To_txtSendTo'

22-10-2025T09:25:11 - [MESSAGE][PASSED] - Text 'bhargavijspr@gmail.com , abc@gmail.com' is set on object 'Object Repository/TripFocus/Page_TripFocus/textarea_Send To_txtSendTo'

22-10-2025T09:25:11 - [TEST_STEP][PASSED] - delay(2): Delayed 2 second(s)

22-10-2025T09:25:13 - [MESSAGE][PASSED] - Delayed 2 second(s)

22-10-2025T09:25:13 - [TEST_STEP][PASSED] - click(findTestObject("TripFocus/Notifications/Save_btn")): Object: 'Object Repository/TripFocus/Notifications/Save_btn' is clicked on

22-10-2025T09:25:14 - [MESSAGE][PASSED] - Object: 'Object Repository/TripFocus/Notifications/Save_btn' is clicked on

22-10-2025T09:25:14 - [TEST_STEP][PASSED] - delay(5): Delayed 5 second(s)

22-10-2025T09:25:19 - [MESSAGE][PASSED] - Delayed 5 second(s)

22-10-2025T09:25:19 - [TEST_STEP][PASSED] - closeBrowser(): Browser is closed

22-10-2025T09:25:19 - [MESSAGE][PASSED] - Browser is closed

22-10-2025T09:25:19 - [TEST_STEP][PASSED] - Start listener action : retryOnDisconnect: null

22-10-2025T09:25:19 - [TEST_STEP][PASSED] - tcId = testCaseContext.getTestCaseId(): null

22-10-2025T09:25:19 - [TEST_STEP][PASSED] - currentRetry = retryCounts.getOrDefault(tcId, 0): null

22-10-2025T09:25:19 - [TEST_STEP][PASSED] - if (testCaseContext.getTestCaseStatus() == "FAILED" && currentRetry < MAX_RETRIES): null]]></system-out>
         <system-err><![CDATA[]]></system-err>
      </testcase>
      <testcase name="Test Cases/TripFocus/FDG/FDG - Notification/FDG - Verify Delivery Arrival Notification" time="50.313" classname="Test Cases/TripFocus/FDG/FDG - Notification/FDG - Verify Delivery Arrival Notification" status="PASSED">
         <system-out><![CDATA[22-10-2025T09:25:19 - [TEST_CASE][PASSED] - Test Cases/TripFocus/FDG/FDG - Notification/FDG - Verify Delivery Arrival Notification: Test Cases/TripFocus/FDG/FDG - Notification/FDG - Verify Delivery Arrival Notification

22-10-2025T09:25:19 - [TEST_STEP][PASSED] - Start listener action : beforeTestCase: null

22-10-2025T09:25:19 - [TEST_STEP][PASSED] - addDefaultPackages(): null

22-10-2025T09:25:19 - [TEST_STEP][PASSED] - callTestCase(findTestCase("Utility Scripts/Open Browser"), ["destinationURL":TFBaseURL], STOP_ON_FAILURE): Call Test Case 'Test Cases/Utility Scripts/Open Browser' successfully

22-10-2025T09:25:19 - [TEST_CASE][PASSED] - Test Cases/Utility Scripts/Open Browser: Test Cases/Utility Scripts/Open Browser

22-10-2025T09:25:19 - [TEST_STEP][PASSED] - openBrowser(""): Browser is opened with url: ''

22-10-2025T09:25:19 - [MESSAGE][INFO] - Starting 'Chrome' driver

22-10-2025T09:25:19 - [MESSAGE][INFO] - User set preference: ['args', '[--no-sandbox, --disable-gpu, --disable-dev-shm-usage]']

22-10-2025T09:25:19 - [MESSAGE][INFO] - Action delay is set to 0 milliseconds

22-10-2025T09:25:20 - [MESSAGE][PASSED] - Browser is opened with url: ''

22-10-2025T09:25:20 - [TEST_STEP][PASSED] - navigateToUrl(destinationURL): Navigate to 'https://www.qa.tripfocus.com' successfully

22-10-2025T09:25:20 - [MESSAGE][PASSED] - Navigate to 'https://www.qa.tripfocus.com' successfully

22-10-2025T09:25:20 - [TEST_STEP][PASSED] - if (maximizeWindow == true): Current window maximized

22-10-2025T09:25:20 - [TEST_STEP][PASSED] - maximizeWindow(STOP_ON_FAILURE): Current window maximized

22-10-2025T09:25:20 - [MESSAGE][PASSED] - Current window maximized

22-10-2025T09:25:20 - [MESSAGE][PASSED] - Call Test Case 'Test Cases/Utility Scripts/Open Browser' successfully

22-10-2025T09:25:20 - [TEST_STEP][PASSED] - callTestCase(findTestCase("Utility Scripts/TF Sign In"), ["userName":TripFocusPenskeFDGUsername, "password":TripFocusFDGSPGPassword], STOP_ON_FAILURE): Call Test Case 'Test Cases/Utility Scripts/TF Sign In' successfully

22-10-2025T09:25:20 - [TEST_CASE][PASSED] - Test Cases/Utility Scripts/TF Sign In: Test Cases/Utility Scripts/TF Sign In

22-10-2025T09:25:20 - [TEST_STEP][PASSED] - click(findTestObject("Object Repository/TripFocus/Page_TripFocus/button_Sign in")): Object: 'Object Repository/TripFocus/Page_TripFocus/button_Sign in' is clicked on

22-10-2025T09:25:20 - [MESSAGE][PASSED] - Object: 'Object Repository/TripFocus/Page_TripFocus/button_Sign in' is clicked on

22-10-2025T09:25:20 - [TEST_STEP][PASSED] - setText(findTestObject("Object Repository/TripFocus/Page_TripFocus/input_Username (e.g. email address)_Username"), userName): Text 'Ashford.Chenault+PenskeCustomerFDGONLY@thekag.com' is set on object 'Object Repository/TripFocus/Page_TripFocus/input_Username (e.g. email address)_Username'

22-10-2025T09:25:21 - [MESSAGE][PASSED] - Text 'Ashford.Chenault+PenskeCustomerFDGONLY@thekag.com' is set on object 'Object Repository/TripFocus/Page_TripFocus/input_Username (e.g. email address)_Username'

22-10-2025T09:25:21 - [TEST_STEP][PASSED] - setText(findTestObject("Object Repository/TripFocus/Page_TripFocus/input_Password_Password"), password): Text 'CrashBan911!!' is set on object 'Object Repository/TripFocus/Page_TripFocus/input_Password_Password'

22-10-2025T09:25:21 - [MESSAGE][PASSED] - Text 'CrashBan911!!' is set on object 'Object Repository/TripFocus/Page_TripFocus/input_Password_Password'

22-10-2025T09:25:21 - [TEST_STEP][PASSED] - click(findTestObject("Object Repository/TripFocus/Page_TripFocus/button_Login")): Object: 'Object Repository/TripFocus/Page_TripFocus/button_Login' is clicked on

22-10-2025T09:25:22 - [MESSAGE][PASSED] - Object: 'Object Repository/TripFocus/Page_TripFocus/button_Login' is clicked on

22-10-2025T09:25:22 - [TEST_STEP][PASSED] - maximizeWindow(): Current window maximized

22-10-2025T09:25:22 - [MESSAGE][PASSED] - Current window maximized

22-10-2025T09:25:22 - [TEST_STEP][PASSED] - waitForElementVisible(findTestObject("TripFocus/Testing_Notification_btn"), 5, OPTIONAL): Web element with id: 'Object Repository/TripFocus/Testing_Notification_btn' located by '//*[@id="__BVID__10___BV_modal_footer_"]/button' not found

22-10-2025T09:25:28 - [MESSAGE][INFO] - Unable to find the element located by 'By.xpath: //*[@id="__BVID__10___BV_modal_footer_"]/button'. Please recheck the objects properties to make sure the desired element is located. 

22-10-2025T09:25:28 - [MESSAGE][WARNING] - [SELF-HEALING] Failed to find element with id 'Object Repository/TripFocus/Testing_Notification_btn'. Try using Self-healing.

22-10-2025T09:25:29 - [MESSAGE][INFO] - [SELF-HEALING] No working XPath is found.

22-10-2025T09:25:32 - [MESSAGE][INFO] - Unable to find the element located by 'By.xpath: '. Please recheck the objects properties to make sure the desired element is located. 

22-10-2025T09:25:32 - [MESSAGE][WARNING] - [SELF-HEALING] Cannot find elements when the selector is null

22-10-2025T09:25:32 - [MESSAGE][WARNING] - Web element with id: 'Object Repository/TripFocus/Testing_Notification_btn' located by '//*[@id="__BVID__10___BV_modal_footer_"]/button' not found

22-10-2025T09:25:32 - [TEST_STEP][PASSED] - if (verifyElementVisible(findTestObject("TripFocus/Testing_Notification_btn"), OPTIONAL) == true): Web element with id: 'Object Repository/TripFocus/Testing_Notification_btn' located by '//*[@id="__BVID__10___BV_modal_footer_"]/button' not found (Root cause: com.kms.katalon.core.exception.StepFailedException: Web element with id: 'Object Repository/TripFocus/Testing_Notification_btn' located by '//*[@id="__BVID__10___BV_modal_footer_"]/button' not found
	at com.kms.katalon.core.webui.keyword.internal.WebUIKeywordMain.stepFailed(WebUIKeywordMain.groovy:117)
	at com.kms.katalon.core.webui.keyword.builtin.VerifyElementVisibleKeyword$_verifyElementVisible_closure1.doCall(VerifyElementVisibleKeyword.groovy:89)
	at com.kms.katalon.core.webui.keyword.builtin.VerifyElementVisibleKeyword$_verifyElementVisible_closure1.call(VerifyElementVisibleKeyword.groovy)
	at com.kms.katalon.core.webui.keyword.internal.WebUIKeywordMain.runKeyword(WebUIKeywordMain.groovy:35)
	at com.kms.katalon.core.webui.keyword.builtin.VerifyElementVisibleKeyword.verifyElementVisible(VerifyElementVisibleKeyword.groovy:97)
	at com.kms.katalon.core.webui.keyword.builtin.VerifyElementVisibleKeyword.execute(VerifyElementVisibleKeyword.groovy:67)
	at com.kms.katalon.core.keyword.internal.KeywordExecutor.executeKeywordForPlatform(KeywordExecutor.groovy:74)
	at com.kms.katalon.core.webui.keyword.WebUiBuiltInKeywords.verifyElementVisible(WebUiBuiltInKeywords.groovy:401)
	at com.kms.katalon.core.webui.keyword.WebUiBuiltInKeywords$verifyElementVisible$6.call(Unknown Source)
	at TF Sign In.run(TF Sign In:33)
	at com.kms.katalon.core.main.ScriptEngine.run(ScriptEngine.java:194)
	at com.kms.katalon.core.main.ScriptEngine.runScriptAsRawText(ScriptEngine.java:119)
	at com.kms.katalon.core.main.TestCaseExecutor.runScript(TestCaseExecutor.java:448)
	at com.kms.katalon.core.main.TestCaseExecutor.doExecute(TestCaseExecutor.java:439)
	at com.kms.katalon.core.main.TestCaseExecutor.processExecutionPhase(TestCaseExecutor.java:418)
	at com.kms.katalon.core.main.TestCaseExecutor.accessMainPhase(TestCaseExecutor.java:410)
	at com.kms.katalon.core.main.TestCaseExecutor.execute(TestCaseExecutor.java:285)
	at com.kms.katalon.core.main.TestCaseMain.runTestCase(TestCaseMain.java:137)
	at com.kms.katalon.core.keyword.builtin.CallTestCaseKeyword$_callTestCase_closure1.doCall(CallTestCaseKeyword.groovy:59)
	at com.kms.katalon.core.keyword.builtin.CallTestCaseKeyword$_callTestCase_closure1.call(CallTestCaseKeyword.groovy)
	at com.kms.katalon.core.keyword.internal.KeywordMain.runKeyword(KeywordMain.groovy:75)
	at com.kms.katalon.core.keyword.builtin.CallTestCaseKeyword.callTestCase(CallTestCaseKeyword.groovy:81)
	at com.kms.katalon.core.keyword.builtin.CallTestCaseKeyword.execute(CallTestCaseKeyword.groovy:44)
	at com.kms.katalon.core.keyword.internal.KeywordExecutor.executeKeywordForPlatform(KeywordExecutor.groovy:74)
	at com.kms.katalon.core.keyword.BuiltinKeywords.callTestCase(BuiltinKeywords.groovy:310)
	at java.base/jdk.internal.reflect.NativeMethodAccessorImpl.invoke0(Native Method)
	at java.base/jdk.internal.reflect.NativeMethodAccessorImpl.invoke(NativeMethodAccessorImpl.java:77)
	at java.base/jdk.internal.reflect.DelegatingMethodAccessorImpl.invoke(DelegatingMethodAccessorImpl.java:43)
	at FDG - Verify Delivery Arrival Notification.run(FDG - Verify Delivery Arrival Notification:22)
	at com.kms.katalon.core.main.ScriptEngine.run(ScriptEngine.java:194)
	at com.kms.katalon.core.main.ScriptEngine.runScriptAsRawText(ScriptEngine.java:119)
	at com.kms.katalon.core.main.TestCaseExecutor.runScript(TestCaseExecutor.java:448)
	at com.kms.katalon.core.main.TestCaseExecutor.doExecute(TestCaseExecutor.java:439)
	at com.kms.katalon.core.main.TestCaseExecutor.processExecutionPhase(TestCaseExecutor.java:418)
	at com.kms.katalon.core.main.TestCaseExecutor.accessMainPhase(TestCaseExecutor.java:410)
	at com.kms.katalon.core.main.TestCaseExecutor.execute(TestCaseExecutor.java:285)
	at com.kms.katalon.core.common.CommonExecutor.accessTestCaseMainPhase(CommonExecutor.java:65)
	at com.kms.katalon.core.main.TestSuiteExecutor.accessTestSuiteMainPhase(TestSuiteExecutor.java:150)
	at com.kms.katalon.core.main.TestSuiteExecutor.execute(TestSuiteExecutor.java:106)
	at com.kms.katalon.core.main.TestCaseMain.startTestSuite(TestCaseMain.java:180)
	at com.kms.katalon.core.main.TestCaseMain$startTestSuite$0.call(Unknown Source)
	at TempTestSuite1761139051700.run(TempTestSuite1761139051700.groovy:35)
	at java.base/jdk.internal.reflect.NativeMethodAccessorImpl.invoke0(Native Method)
	at java.base/jdk.internal.reflect.NativeMethodAccessorImpl.invoke(NativeMethodAccessorImpl.java:77)
	at java.base/jdk.internal.reflect.DelegatingMethodAccessorImpl.invoke(DelegatingMethodAccessorImpl.java:43)
)

22-10-2025T09:25:48 - [MESSAGE][INFO] - Unable to find the element located by 'By.xpath: //*[@id="__BVID__10___BV_modal_footer_"]/button'. Please recheck the objects properties to make sure the desired element is located. 

22-10-2025T09:25:48 - [MESSAGE][WARNING] - [SELF-HEALING] Failed to find element with id 'Object Repository/TripFocus/Testing_Notification_btn'. Try using Self-healing.

22-10-2025T09:25:49 - [MESSAGE][INFO] - [SELF-HEALING] No working XPath is found.

22-10-2025T09:25:51 - [MESSAGE][INFO] - Unable to find the element located by 'By.xpath: '. Please recheck the objects properties to make sure the desired element is located. 

22-10-2025T09:25:51 - [MESSAGE][WARNING] - [SELF-HEALING] Cannot find elements when the selector is null

22-10-2025T09:25:51 - [MESSAGE][WARNING] - Web element with id: 'Object Repository/TripFocus/Testing_Notification_btn' located by '//*[@id="__BVID__10___BV_modal_footer_"]/button' not found (Root cause: com.kms.katalon.core.exception.StepFailedException: Web element with id: 'Object Repository/TripFocus/Testing_Notification_btn' located by '//*[@id="__BVID__10___BV_modal_footer_"]/button' not found
	at com.kms.katalon.core.webui.keyword.internal.WebUIKeywordMain.stepFailed(WebUIKeywordMain.groovy:117)
	at com.kms.katalon.core.webui.keyword.builtin.VerifyElementVisibleKeyword$_verifyElementVisible_closure1.doCall(VerifyElementVisibleKeyword.groovy:89)
	at com.kms.katalon.core.webui.keyword.builtin.VerifyElementVisibleKeyword$_verifyElementVisible_closure1.call(VerifyElementVisibleKeyword.groovy)
	at com.kms.katalon.core.webui.keyword.internal.WebUIKeywordMain.runKeyword(WebUIKeywordMain.groovy:35)
	at com.kms.katalon.core.webui.keyword.builtin.VerifyElementVisibleKeyword.verifyElementVisible(VerifyElementVisibleKeyword.groovy:97)
	at com.kms.katalon.core.webui.keyword.builtin.VerifyElementVisibleKeyword.execute(VerifyElementVisibleKeyword.groovy:67)
	at com.kms.katalon.core.keyword.internal.KeywordExecutor.executeKeywordForPlatform(KeywordExecutor.groovy:74)
	at com.kms.katalon.core.webui.keyword.WebUiBuiltInKeywords.verifyElementVisible(WebUiBuiltInKeywords.groovy:401)
	at com.kms.katalon.core.webui.keyword.WebUiBuiltInKeywords$verifyElementVisible$6.call(Unknown Source)
	at TF Sign In.run(TF Sign In:33)
	at com.kms.katalon.core.main.ScriptEngine.run(ScriptEngine.java:194)
	at com.kms.katalon.core.main.ScriptEngine.runScriptAsRawText(ScriptEngine.java:119)
	at com.kms.katalon.core.main.TestCaseExecutor.runScript(TestCaseExecutor.java:448)
	at com.kms.katalon.core.main.TestCaseExecutor.doExecute(TestCaseExecutor.java:439)
	at com.kms.katalon.core.main.TestCaseExecutor.processExecutionPhase(TestCaseExecutor.java:418)
	at com.kms.katalon.core.main.TestCaseExecutor.accessMainPhase(TestCaseExecutor.java:410)
	at com.kms.katalon.core.main.TestCaseExecutor.execute(TestCaseExecutor.java:285)
	at com.kms.katalon.core.main.TestCaseMain.runTestCase(TestCaseMain.java:137)
	at com.kms.katalon.core.keyword.builtin.CallTestCaseKeyword$_callTestCase_closure1.doCall(CallTestCaseKeyword.groovy:59)
	at com.kms.katalon.core.keyword.builtin.CallTestCaseKeyword$_callTestCase_closure1.call(CallTestCaseKeyword.groovy)
	at com.kms.katalon.core.keyword.internal.KeywordMain.runKeyword(KeywordMain.groovy:75)
	at com.kms.katalon.core.keyword.builtin.CallTestCaseKeyword.callTestCase(CallTestCaseKeyword.groovy:81)
	at com.kms.katalon.core.keyword.builtin.CallTestCaseKeyword.execute(CallTestCaseKeyword.groovy:44)
	at com.kms.katalon.core.keyword.internal.KeywordExecutor.executeKeywordForPlatform(KeywordExecutor.groovy:74)
	at com.kms.katalon.core.keyword.BuiltinKeywords.callTestCase(BuiltinKeywords.groovy:310)
	at java.base/jdk.internal.reflect.NativeMethodAccessorImpl.invoke0(Native Method)
	at java.base/jdk.internal.reflect.NativeMethodAccessorImpl.invoke(NativeMethodAccessorImpl.java:77)
	at java.base/jdk.internal.reflect.DelegatingMethodAccessorImpl.invoke(DelegatingMethodAccessorImpl.java:43)
	at FDG - Verify Delivery Arrival Notification.run(FDG - Verify Delivery Arrival Notification:22)
	at com.kms.katalon.core.main.ScriptEngine.run(ScriptEngine.java:194)
	at com.kms.katalon.core.main.ScriptEngine.runScriptAsRawText(ScriptEngine.java:119)
	at com.kms.katalon.core.main.TestCaseExecutor.runScript(TestCaseExecutor.java:448)
	at com.kms.katalon.core.main.TestCaseExecutor.doExecute(TestCaseExecutor.java:439)
	at com.kms.katalon.core.main.TestCaseExecutor.processExecutionPhase(TestCaseExecutor.java:418)
	at com.kms.katalon.core.main.TestCaseExecutor.accessMainPhase(TestCaseExecutor.java:410)
	at com.kms.katalon.core.main.TestCaseExecutor.execute(TestCaseExecutor.java:285)
	at com.kms.katalon.core.common.CommonExecutor.accessTestCaseMainPhase(CommonExecutor.java:65)
	at com.kms.katalon.core.main.TestSuiteExecutor.accessTestSuiteMainPhase(TestSuiteExecutor.java:150)
	at com.kms.katalon.core.main.TestSuiteExecutor.execute(TestSuiteExecutor.java:106)
	at com.kms.katalon.core.main.TestCaseMain.startTestSuite(TestCaseMain.java:180)
	at com.kms.katalon.core.main.TestCaseMain$startTestSuite$0.call(Unknown Source)
	at TempTestSuite1761139051700.run(TempTestSuite1761139051700.groovy:35)
	at java.base/jdk.internal.reflect.NativeMethodAccessorImpl.invoke0(Native Method)
	at java.base/jdk.internal.reflect.NativeMethodAccessorImpl.invoke(NativeMethodAccessorImpl.java:77)
	at java.base/jdk.internal.reflect.DelegatingMethodAccessorImpl.invoke(DelegatingMethodAccessorImpl.java:43)
)

22-10-2025T09:25:51 - [MESSAGE][PASSED] - Call Test Case 'Test Cases/Utility Scripts/TF Sign In' successfully

22-10-2025T09:25:51 - [TEST_STEP][PASSED] - click(findTestObject("TripFocus/Notifications/Notifications Tab")): Object: 'Object Repository/TripFocus/Notifications/Notifications Tab' is clicked on

22-10-2025T09:25:51 - [MESSAGE][PASSED] - Object: 'Object Repository/TripFocus/Notifications/Notifications Tab' is clicked on

22-10-2025T09:25:51 - [TEST_STEP][PASSED] - delay(5): Delayed 5 second(s)

22-10-2025T09:25:56 - [MESSAGE][PASSED] - Delayed 5 second(s)

22-10-2025T09:25:56 - [TEST_STEP][PASSED] - click(findTestObject("Object Repository/TripFocus/Page_TripFocus/button_Add New Notification")): Object: 'Object Repository/TripFocus/Page_TripFocus/button_Add New Notification' is clicked on

22-10-2025T09:25:57 - [MESSAGE][PASSED] - Object: 'Object Repository/TripFocus/Page_TripFocus/button_Add New Notification' is clicked on

22-10-2025T09:25:57 - [TEST_STEP][PASSED] - delay(5): Delayed 5 second(s)

22-10-2025T09:26:02 - [MESSAGE][PASSED] - Delayed 5 second(s)

22-10-2025T09:26:02 - [TEST_STEP][PASSED] - sendKeys(findTestObject("TripFocus/Notifications/Notification Events_txt"), "Delivery Arrival"): Keys 'Delivery Arrival' sent to object: 'Object Repository/TripFocus/Notifications/Notification Events_txt'

22-10-2025T09:26:02 - [MESSAGE][PASSED] - Keys 'Delivery Arrival' sent to object: 'Object Repository/TripFocus/Notifications/Notification Events_txt'

22-10-2025T09:26:02 - [TEST_STEP][PASSED] - delay(2): Delayed 2 second(s)

22-10-2025T09:26:04 - [MESSAGE][PASSED] - Delayed 2 second(s)

22-10-2025T09:26:04 - [TEST_STEP][PASSED] - sendKeys(findTestObject("TripFocus/Notifications/Notification Events_txt"), Keys.chord(ENTER)): Keys 'ENTER + ' sent to object: 'Object Repository/TripFocus/Notifications/Notification Events_txt'

22-10-2025T09:26:04 - [MESSAGE][PASSED] - Keys 'ENTER + ' sent to object: 'Object Repository/TripFocus/Notifications/Notification Events_txt'

22-10-2025T09:26:04 - [TEST_STEP][PASSED] - delay(2): Delayed 2 second(s)

22-10-2025T09:26:06 - [MESSAGE][PASSED] - Delayed 2 second(s)

22-10-2025T09:26:06 - [TEST_STEP][PASSED] - click(findTestObject("TripFocus/Page_TripFocus/textarea_Send To_txtSendTo")): Object: 'Object Repository/TripFocus/Page_TripFocus/textarea_Send To_txtSendTo' is clicked on

22-10-2025T09:26:07 - [MESSAGE][PASSED] - Object: 'Object Repository/TripFocus/Page_TripFocus/textarea_Send To_txtSendTo' is clicked on

22-10-2025T09:26:07 - [TEST_STEP][PASSED] - delay(2): Delayed 2 second(s)

22-10-2025T09:26:09 - [MESSAGE][PASSED] - Delayed 2 second(s)

22-10-2025T09:26:09 - [TEST_STEP][PASSED] - verifyElementText(findTestObject("TripFocus/Notifications/Selected Notification_option"), "Delivery Arrival"): Actual text and expected text of test object 'Object Repository/TripFocus/Notifications/Selected Notification_option' are matched.

22-10-2025T09:26:09 - [MESSAGE][PASSED] - Actual text and expected text of test object 'Object Repository/TripFocus/Notifications/Selected Notification_option' are matched.

22-10-2025T09:26:09 - [TEST_STEP][PASSED] - closeBrowser(): Browser is closed

22-10-2025T09:26:09 - [MESSAGE][PASSED] - Browser is closed

22-10-2025T09:26:09 - [TEST_STEP][PASSED] - Start listener action : retryOnDisconnect: null

22-10-2025T09:26:09 - [TEST_STEP][PASSED] - tcId = testCaseContext.getTestCaseId(): null

22-10-2025T09:26:09 - [TEST_STEP][PASSED] - currentRetry = retryCounts.getOrDefault(tcId, 0): null

22-10-2025T09:26:09 - [TEST_STEP][PASSED] - if (testCaseContext.getTestCaseStatus() == "FAILED" && currentRetry < MAX_RETRIES): null]]></system-out>
         <system-err><![CDATA[]]></system-err>
      </testcase>
      <testcase name="Test Cases/TripFocus/FDG/FDG - Notification/FDG - Verify Delivery Complete Notification" time="48.451" classname="Test Cases/TripFocus/FDG/FDG - Notification/FDG - Verify Delivery Complete Notification" status="PASSED">
         <system-out><![CDATA[22-10-2025T09:26:09 - [TEST_CASE][PASSED] - Test Cases/TripFocus/FDG/FDG - Notification/FDG - Verify Delivery Complete Notification: Test Cases/TripFocus/FDG/FDG - Notification/FDG - Verify Delivery Complete Notification

22-10-2025T09:26:09 - [TEST_STEP][PASSED] - Start listener action : beforeTestCase: null

22-10-2025T09:26:09 - [TEST_STEP][PASSED] - addDefaultPackages(): null

22-10-2025T09:26:09 - [TEST_STEP][PASSED] - callTestCase(findTestCase("Utility Scripts/Open Browser"), ["destinationURL":TFBaseURL], STOP_ON_FAILURE): Call Test Case 'Test Cases/Utility Scripts/Open Browser' successfully

22-10-2025T09:26:09 - [TEST_CASE][PASSED] - Test Cases/Utility Scripts/Open Browser: Test Cases/Utility Scripts/Open Browser

22-10-2025T09:26:09 - [TEST_STEP][PASSED] - openBrowser(""): Browser is opened with url: ''

22-10-2025T09:26:09 - [MESSAGE][INFO] - Starting 'Chrome' driver

22-10-2025T09:26:09 - [MESSAGE][INFO] - User set preference: ['args', '[--no-sandbox, --disable-gpu, --disable-dev-shm-usage]']

22-10-2025T09:26:09 - [MESSAGE][INFO] - Action delay is set to 0 milliseconds

22-10-2025T09:26:10 - [MESSAGE][PASSED] - Browser is opened with url: ''

22-10-2025T09:26:10 - [TEST_STEP][PASSED] - navigateToUrl(destinationURL): Navigate to 'https://www.qa.tripfocus.com' successfully

22-10-2025T09:26:10 - [MESSAGE][PASSED] - Navigate to 'https://www.qa.tripfocus.com' successfully

22-10-2025T09:26:10 - [TEST_STEP][PASSED] - if (maximizeWindow == true): Current window maximized

22-10-2025T09:26:10 - [TEST_STEP][PASSED] - maximizeWindow(STOP_ON_FAILURE): Current window maximized

22-10-2025T09:26:11 - [MESSAGE][PASSED] - Current window maximized

22-10-2025T09:26:11 - [MESSAGE][PASSED] - Call Test Case 'Test Cases/Utility Scripts/Open Browser' successfully

22-10-2025T09:26:11 - [TEST_STEP][PASSED] - callTestCase(findTestCase("Utility Scripts/TF Sign In"), ["userName":TripFocusPenskeFDGUsername, "password":TripFocusFDGSPGPassword], STOP_ON_FAILURE): Call Test Case 'Test Cases/Utility Scripts/TF Sign In' successfully

22-10-2025T09:26:11 - [TEST_CASE][PASSED] - Test Cases/Utility Scripts/TF Sign In: Test Cases/Utility Scripts/TF Sign In

22-10-2025T09:26:11 - [TEST_STEP][PASSED] - click(findTestObject("Object Repository/TripFocus/Page_TripFocus/button_Sign in")): Object: 'Object Repository/TripFocus/Page_TripFocus/button_Sign in' is clicked on

22-10-2025T09:26:11 - [MESSAGE][PASSED] - Object: 'Object Repository/TripFocus/Page_TripFocus/button_Sign in' is clicked on

22-10-2025T09:26:11 - [TEST_STEP][PASSED] - setText(findTestObject("Object Repository/TripFocus/Page_TripFocus/input_Username (e.g. email address)_Username"), userName): Text 'Ashford.Chenault+PenskeCustomerFDGONLY@thekag.com' is set on object 'Object Repository/TripFocus/Page_TripFocus/input_Username (e.g. email address)_Username'

22-10-2025T09:26:11 - [MESSAGE][PASSED] - Text 'Ashford.Chenault+PenskeCustomerFDGONLY@thekag.com' is set on object 'Object Repository/TripFocus/Page_TripFocus/input_Username (e.g. email address)_Username'

22-10-2025T09:26:11 - [TEST_STEP][PASSED] - setText(findTestObject("Object Repository/TripFocus/Page_TripFocus/input_Password_Password"), password): Text 'CrashBan911!!' is set on object 'Object Repository/TripFocus/Page_TripFocus/input_Password_Password'

22-10-2025T09:26:11 - [MESSAGE][PASSED] - Text 'CrashBan911!!' is set on object 'Object Repository/TripFocus/Page_TripFocus/input_Password_Password'

22-10-2025T09:26:11 - [TEST_STEP][PASSED] - click(findTestObject("Object Repository/TripFocus/Page_TripFocus/button_Login")): Object: 'Object Repository/TripFocus/Page_TripFocus/button_Login' is clicked on

22-10-2025T09:26:12 - [MESSAGE][PASSED] - Object: 'Object Repository/TripFocus/Page_TripFocus/button_Login' is clicked on

22-10-2025T09:26:12 - [TEST_STEP][PASSED] - maximizeWindow(): Current window maximized

22-10-2025T09:26:12 - [MESSAGE][PASSED] - Current window maximized

22-10-2025T09:26:12 - [TEST_STEP][PASSED] - waitForElementVisible(findTestObject("TripFocus/Testing_Notification_btn"), 5, OPTIONAL): Web element with id: 'Object Repository/TripFocus/Testing_Notification_btn' located by '//*[@id="__BVID__10___BV_modal_footer_"]/button' not found

22-10-2025T09:26:18 - [MESSAGE][INFO] - Unable to find the element located by 'By.xpath: //*[@id="__BVID__10___BV_modal_footer_"]/button'. Please recheck the objects properties to make sure the desired element is located. 

22-10-2025T09:26:18 - [MESSAGE][WARNING] - [SELF-HEALING] Failed to find element with id 'Object Repository/TripFocus/Testing_Notification_btn'. Try using Self-healing.

22-10-2025T09:26:19 - [MESSAGE][INFO] - [SELF-HEALING] No working XPath is found.

22-10-2025T09:26:22 - [MESSAGE][INFO] - Unable to find the element located by 'By.xpath: '. Please recheck the objects properties to make sure the desired element is located. 

22-10-2025T09:26:22 - [MESSAGE][WARNING] - [SELF-HEALING] Cannot find elements when the selector is null

22-10-2025T09:26:22 - [MESSAGE][WARNING] - Web element with id: 'Object Repository/TripFocus/Testing_Notification_btn' located by '//*[@id="__BVID__10___BV_modal_footer_"]/button' not found

22-10-2025T09:26:22 - [TEST_STEP][PASSED] - if (verifyElementVisible(findTestObject("TripFocus/Testing_Notification_btn"), OPTIONAL) == true): Web element with id: 'Object Repository/TripFocus/Testing_Notification_btn' located by '//*[@id="__BVID__10___BV_modal_footer_"]/button' not found (Root cause: com.kms.katalon.core.exception.StepFailedException: Web element with id: 'Object Repository/TripFocus/Testing_Notification_btn' located by '//*[@id="__BVID__10___BV_modal_footer_"]/button' not found
	at com.kms.katalon.core.webui.keyword.internal.WebUIKeywordMain.stepFailed(WebUIKeywordMain.groovy:117)
	at com.kms.katalon.core.webui.keyword.builtin.VerifyElementVisibleKeyword$_verifyElementVisible_closure1.doCall(VerifyElementVisibleKeyword.groovy:89)
	at com.kms.katalon.core.webui.keyword.builtin.VerifyElementVisibleKeyword$_verifyElementVisible_closure1.call(VerifyElementVisibleKeyword.groovy)
	at com.kms.katalon.core.webui.keyword.internal.WebUIKeywordMain.runKeyword(WebUIKeywordMain.groovy:35)
	at com.kms.katalon.core.webui.keyword.builtin.VerifyElementVisibleKeyword.verifyElementVisible(VerifyElementVisibleKeyword.groovy:97)
	at com.kms.katalon.core.webui.keyword.builtin.VerifyElementVisibleKeyword.execute(VerifyElementVisibleKeyword.groovy:67)
	at com.kms.katalon.core.keyword.internal.KeywordExecutor.executeKeywordForPlatform(KeywordExecutor.groovy:74)
	at com.kms.katalon.core.webui.keyword.WebUiBuiltInKeywords.verifyElementVisible(WebUiBuiltInKeywords.groovy:401)
	at com.kms.katalon.core.webui.keyword.WebUiBuiltInKeywords$verifyElementVisible$6.call(Unknown Source)
	at TF Sign In.run(TF Sign In:33)
	at com.kms.katalon.core.main.ScriptEngine.run(ScriptEngine.java:194)
	at com.kms.katalon.core.main.ScriptEngine.runScriptAsRawText(ScriptEngine.java:119)
	at com.kms.katalon.core.main.TestCaseExecutor.runScript(TestCaseExecutor.java:448)
	at com.kms.katalon.core.main.TestCaseExecutor.doExecute(TestCaseExecutor.java:439)
	at com.kms.katalon.core.main.TestCaseExecutor.processExecutionPhase(TestCaseExecutor.java:418)
	at com.kms.katalon.core.main.TestCaseExecutor.accessMainPhase(TestCaseExecutor.java:410)
	at com.kms.katalon.core.main.TestCaseExecutor.execute(TestCaseExecutor.java:285)
	at com.kms.katalon.core.main.TestCaseMain.runTestCase(TestCaseMain.java:137)
	at com.kms.katalon.core.keyword.builtin.CallTestCaseKeyword$_callTestCase_closure1.doCall(CallTestCaseKeyword.groovy:59)
	at com.kms.katalon.core.keyword.builtin.CallTestCaseKeyword$_callTestCase_closure1.call(CallTestCaseKeyword.groovy)
	at com.kms.katalon.core.keyword.internal.KeywordMain.runKeyword(KeywordMain.groovy:75)
	at com.kms.katalon.core.keyword.builtin.CallTestCaseKeyword.callTestCase(CallTestCaseKeyword.groovy:81)
	at com.kms.katalon.core.keyword.builtin.CallTestCaseKeyword.execute(CallTestCaseKeyword.groovy:44)
	at com.kms.katalon.core.keyword.internal.KeywordExecutor.executeKeywordForPlatform(KeywordExecutor.groovy:74)
	at com.kms.katalon.core.keyword.BuiltinKeywords.callTestCase(BuiltinKeywords.groovy:310)
	at java.base/jdk.internal.reflect.NativeMethodAccessorImpl.invoke0(Native Method)
	at java.base/jdk.internal.reflect.NativeMethodAccessorImpl.invoke(NativeMethodAccessorImpl.java:77)
	at java.base/jdk.internal.reflect.DelegatingMethodAccessorImpl.invoke(DelegatingMethodAccessorImpl.java:43)
	at FDG - Verify Delivery Complete Notification.run(FDG - Verify Delivery Complete Notification:22)
	at com.kms.katalon.core.main.ScriptEngine.run(ScriptEngine.java:194)
	at com.kms.katalon.core.main.ScriptEngine.runScriptAsRawText(ScriptEngine.java:119)
	at com.kms.katalon.core.main.TestCaseExecutor.runScript(TestCaseExecutor.java:448)
	at com.kms.katalon.core.main.TestCaseExecutor.doExecute(TestCaseExecutor.java:439)
	at com.kms.katalon.core.main.TestCaseExecutor.processExecutionPhase(TestCaseExecutor.java:418)
	at com.kms.katalon.core.main.TestCaseExecutor.accessMainPhase(TestCaseExecutor.java:410)
	at com.kms.katalon.core.main.TestCaseExecutor.execute(TestCaseExecutor.java:285)
	at com.kms.katalon.core.common.CommonExecutor.accessTestCaseMainPhase(CommonExecutor.java:65)
	at com.kms.katalon.core.main.TestSuiteExecutor.accessTestSuiteMainPhase(TestSuiteExecutor.java:150)
	at com.kms.katalon.core.main.TestSuiteExecutor.execute(TestSuiteExecutor.java:106)
	at com.kms.katalon.core.main.TestCaseMain.startTestSuite(TestCaseMain.java:180)
	at com.kms.katalon.core.main.TestCaseMain$startTestSuite$0.call(Unknown Source)
	at TempTestSuite1761139051700.run(TempTestSuite1761139051700.groovy:35)
	at java.base/jdk.internal.reflect.NativeMethodAccessorImpl.invoke0(Native Method)
	at java.base/jdk.internal.reflect.NativeMethodAccessorImpl.invoke(NativeMethodAccessorImpl.java:77)
	at java.base/jdk.internal.reflect.DelegatingMethodAccessorImpl.invoke(DelegatingMethodAccessorImpl.java:43)
)

22-10-2025T09:26:38 - [MESSAGE][INFO] - Unable to find the element located by 'By.xpath: //*[@id="__BVID__10___BV_modal_footer_"]/button'. Please recheck the objects properties to make sure the desired element is located. 

22-10-2025T09:26:38 - [MESSAGE][WARNING] - [SELF-HEALING] Failed to find element with id 'Object Repository/TripFocus/Testing_Notification_btn'. Try using Self-healing.

22-10-2025T09:26:39 - [MESSAGE][INFO] - [SELF-HEALING] No working XPath is found.

22-10-2025T09:26:41 - [MESSAGE][INFO] - Unable to find the element located by 'By.xpath: '. Please recheck the objects properties to make sure the desired element is located. 

22-10-2025T09:26:41 - [MESSAGE][WARNING] - [SELF-HEALING] Cannot find elements when the selector is null

22-10-2025T09:26:41 - [MESSAGE][WARNING] - Web element with id: 'Object Repository/TripFocus/Testing_Notification_btn' located by '//*[@id="__BVID__10___BV_modal_footer_"]/button' not found (Root cause: com.kms.katalon.core.exception.StepFailedException: Web element with id: 'Object Repository/TripFocus/Testing_Notification_btn' located by '//*[@id="__BVID__10___BV_modal_footer_"]/button' not found
	at com.kms.katalon.core.webui.keyword.internal.WebUIKeywordMain.stepFailed(WebUIKeywordMain.groovy:117)
	at com.kms.katalon.core.webui.keyword.builtin.VerifyElementVisibleKeyword$_verifyElementVisible_closure1.doCall(VerifyElementVisibleKeyword.groovy:89)
	at com.kms.katalon.core.webui.keyword.builtin.VerifyElementVisibleKeyword$_verifyElementVisible_closure1.call(VerifyElementVisibleKeyword.groovy)
	at com.kms.katalon.core.webui.keyword.internal.WebUIKeywordMain.runKeyword(WebUIKeywordMain.groovy:35)
	at com.kms.katalon.core.webui.keyword.builtin.VerifyElementVisibleKeyword.verifyElementVisible(VerifyElementVisibleKeyword.groovy:97)
	at com.kms.katalon.core.webui.keyword.builtin.VerifyElementVisibleKeyword.execute(VerifyElementVisibleKeyword.groovy:67)
	at com.kms.katalon.core.keyword.internal.KeywordExecutor.executeKeywordForPlatform(KeywordExecutor.groovy:74)
	at com.kms.katalon.core.webui.keyword.WebUiBuiltInKeywords.verifyElementVisible(WebUiBuiltInKeywords.groovy:401)
	at com.kms.katalon.core.webui.keyword.WebUiBuiltInKeywords$verifyElementVisible$6.call(Unknown Source)
	at TF Sign In.run(TF Sign In:33)
	at com.kms.katalon.core.main.ScriptEngine.run(ScriptEngine.java:194)
	at com.kms.katalon.core.main.ScriptEngine.runScriptAsRawText(ScriptEngine.java:119)
	at com.kms.katalon.core.main.TestCaseExecutor.runScript(TestCaseExecutor.java:448)
	at com.kms.katalon.core.main.TestCaseExecutor.doExecute(TestCaseExecutor.java:439)
	at com.kms.katalon.core.main.TestCaseExecutor.processExecutionPhase(TestCaseExecutor.java:418)
	at com.kms.katalon.core.main.TestCaseExecutor.accessMainPhase(TestCaseExecutor.java:410)
	at com.kms.katalon.core.main.TestCaseExecutor.execute(TestCaseExecutor.java:285)
	at com.kms.katalon.core.main.TestCaseMain.runTestCase(TestCaseMain.java:137)
	at com.kms.katalon.core.keyword.builtin.CallTestCaseKeyword$_callTestCase_closure1.doCall(CallTestCaseKeyword.groovy:59)
	at com.kms.katalon.core.keyword.builtin.CallTestCaseKeyword$_callTestCase_closure1.call(CallTestCaseKeyword.groovy)
	at com.kms.katalon.core.keyword.internal.KeywordMain.runKeyword(KeywordMain.groovy:75)
	at com.kms.katalon.core.keyword.builtin.CallTestCaseKeyword.callTestCase(CallTestCaseKeyword.groovy:81)
	at com.kms.katalon.core.keyword.builtin.CallTestCaseKeyword.execute(CallTestCaseKeyword.groovy:44)
	at com.kms.katalon.core.keyword.internal.KeywordExecutor.executeKeywordForPlatform(KeywordExecutor.groovy:74)
	at com.kms.katalon.core.keyword.BuiltinKeywords.callTestCase(BuiltinKeywords.groovy:310)
	at java.base/jdk.internal.reflect.NativeMethodAccessorImpl.invoke0(Native Method)
	at java.base/jdk.internal.reflect.NativeMethodAccessorImpl.invoke(NativeMethodAccessorImpl.java:77)
	at java.base/jdk.internal.reflect.DelegatingMethodAccessorImpl.invoke(DelegatingMethodAccessorImpl.java:43)
	at FDG - Verify Delivery Complete Notification.run(FDG - Verify Delivery Complete Notification:22)
	at com.kms.katalon.core.main.ScriptEngine.run(ScriptEngine.java:194)
	at com.kms.katalon.core.main.ScriptEngine.runScriptAsRawText(ScriptEngine.java:119)
	at com.kms.katalon.core.main.TestCaseExecutor.runScript(TestCaseExecutor.java:448)
	at com.kms.katalon.core.main.TestCaseExecutor.doExecute(TestCaseExecutor.java:439)
	at com.kms.katalon.core.main.TestCaseExecutor.processExecutionPhase(TestCaseExecutor.java:418)
	at com.kms.katalon.core.main.TestCaseExecutor.accessMainPhase(TestCaseExecutor.java:410)
	at com.kms.katalon.core.main.TestCaseExecutor.execute(TestCaseExecutor.java:285)
	at com.kms.katalon.core.common.CommonExecutor.accessTestCaseMainPhase(CommonExecutor.java:65)
	at com.kms.katalon.core.main.TestSuiteExecutor.accessTestSuiteMainPhase(TestSuiteExecutor.java:150)
	at com.kms.katalon.core.main.TestSuiteExecutor.execute(TestSuiteExecutor.java:106)
	at com.kms.katalon.core.main.TestCaseMain.startTestSuite(TestCaseMain.java:180)
	at com.kms.katalon.core.main.TestCaseMain$startTestSuite$0.call(Unknown Source)
	at TempTestSuite1761139051700.run(TempTestSuite1761139051700.groovy:35)
	at java.base/jdk.internal.reflect.NativeMethodAccessorImpl.invoke0(Native Method)
	at java.base/jdk.internal.reflect.NativeMethodAccessorImpl.invoke(NativeMethodAccessorImpl.java:77)
	at java.base/jdk.internal.reflect.DelegatingMethodAccessorImpl.invoke(DelegatingMethodAccessorImpl.java:43)
)

22-10-2025T09:26:41 - [MESSAGE][PASSED] - Call Test Case 'Test Cases/Utility Scripts/TF Sign In' successfully

22-10-2025T09:26:41 - [TEST_STEP][PASSED] - click(findTestObject("TripFocus/Notifications/Notifications Tab")): Object: 'Object Repository/TripFocus/Notifications/Notifications Tab' is clicked on

22-10-2025T09:26:41 - [MESSAGE][PASSED] - Object: 'Object Repository/TripFocus/Notifications/Notifications Tab' is clicked on

22-10-2025T09:26:41 - [TEST_STEP][PASSED] - delay(5): Delayed 5 second(s)

22-10-2025T09:26:46 - [MESSAGE][PASSED] - Delayed 5 second(s)

22-10-2025T09:26:46 - [TEST_STEP][PASSED] - click(findTestObject("Object Repository/TripFocus/Page_TripFocus/button_Add New Notification")): Object: 'Object Repository/TripFocus/Page_TripFocus/button_Add New Notification' is clicked on

22-10-2025T09:26:46 - [MESSAGE][PASSED] - Object: 'Object Repository/TripFocus/Page_TripFocus/button_Add New Notification' is clicked on

22-10-2025T09:26:46 - [TEST_STEP][PASSED] - delay(5): Delayed 5 second(s)

22-10-2025T09:26:51 - [MESSAGE][PASSED] - Delayed 5 second(s)

22-10-2025T09:26:51 - [TEST_STEP][PASSED] - sendKeys(findTestObject("TripFocus/Notifications/Notification Events_txt"), "Delivery Complete"): Keys 'Delivery Complete' sent to object: 'Object Repository/TripFocus/Notifications/Notification Events_txt'

22-10-2025T09:26:51 - [MESSAGE][PASSED] - Keys 'Delivery Complete' sent to object: 'Object Repository/TripFocus/Notifications/Notification Events_txt'

22-10-2025T09:26:51 - [TEST_STEP][PASSED] - delay(2): Delayed 2 second(s)

22-10-2025T09:26:53 - [MESSAGE][PASSED] - Delayed 2 second(s)

22-10-2025T09:26:53 - [TEST_STEP][PASSED] - sendKeys(findTestObject("TripFocus/Notifications/Notification Events_txt"), Keys.chord(ENTER)): Keys 'ENTER + ' sent to object: 'Object Repository/TripFocus/Notifications/Notification Events_txt'

22-10-2025T09:26:53 - [MESSAGE][PASSED] - Keys 'ENTER + ' sent to object: 'Object Repository/TripFocus/Notifications/Notification Events_txt'

22-10-2025T09:26:53 - [TEST_STEP][PASSED] - delay(2): Delayed 2 second(s)

22-10-2025T09:26:55 - [MESSAGE][PASSED] - Delayed 2 second(s)

22-10-2025T09:26:55 - [TEST_STEP][PASSED] - click(findTestObject("TripFocus/Page_TripFocus/textarea_Send To_txtSendTo")): Object: 'Object Repository/TripFocus/Page_TripFocus/textarea_Send To_txtSendTo' is clicked on

22-10-2025T09:26:55 - [MESSAGE][PASSED] - Object: 'Object Repository/TripFocus/Page_TripFocus/textarea_Send To_txtSendTo' is clicked on

22-10-2025T09:26:55 - [TEST_STEP][PASSED] - delay(2): Delayed 2 second(s)

22-10-2025T09:26:57 - [MESSAGE][PASSED] - Delayed 2 second(s)

22-10-2025T09:26:57 - [TEST_STEP][PASSED] - verifyElementText(findTestObject("TripFocus/Notifications/Selected Notification_option"), "Delivery Complete"): Actual text and expected text of test object 'Object Repository/TripFocus/Notifications/Selected Notification_option' are matched.

22-10-2025T09:26:57 - [MESSAGE][PASSED] - Actual text and expected text of test object 'Object Repository/TripFocus/Notifications/Selected Notification_option' are matched.

22-10-2025T09:26:57 - [TEST_STEP][PASSED] - closeBrowser(): Browser is closed

22-10-2025T09:26:57 - [MESSAGE][PASSED] - Browser is closed

22-10-2025T09:26:57 - [TEST_STEP][PASSED] - Start listener action : retryOnDisconnect: null

22-10-2025T09:26:57 - [TEST_STEP][PASSED] - tcId = testCaseContext.getTestCaseId(): null

22-10-2025T09:26:57 - [TEST_STEP][PASSED] - currentRetry = retryCounts.getOrDefault(tcId, 0): null

22-10-2025T09:26:57 - [TEST_STEP][PASSED] - if (testCaseContext.getTestCaseStatus() == "FAILED" && currentRetry < MAX_RETRIES): null]]></system-out>
         <system-err><![CDATA[]]></system-err>
      </testcase>
      <testcase name="Test Cases/TripFocus/FDG/FDG - Notification/FDG - Verify Delivery Site Dropdown" time="50.005" classname="Test Cases/TripFocus/FDG/FDG - Notification/FDG - Verify Delivery Site Dropdown" status="PASSED">
         <system-out><![CDATA[22-10-2025T09:26:57 - [TEST_CASE][PASSED] - Test Cases/TripFocus/FDG/FDG - Notification/FDG - Verify Delivery Site Dropdown: Test Cases/TripFocus/FDG/FDG - Notification/FDG - Verify Delivery Site Dropdown

22-10-2025T09:26:57 - [TEST_STEP][PASSED] - Start listener action : beforeTestCase: null

22-10-2025T09:26:57 - [TEST_STEP][PASSED] - addDefaultPackages(): null

22-10-2025T09:26:58 - [TEST_STEP][PASSED] - callTestCase(findTestCase("Utility Scripts/Open Browser"), ["destinationURL":TFBaseURL], STOP_ON_FAILURE): Call Test Case 'Test Cases/Utility Scripts/Open Browser' successfully

22-10-2025T09:26:58 - [TEST_CASE][PASSED] - Test Cases/Utility Scripts/Open Browser: Test Cases/Utility Scripts/Open Browser

22-10-2025T09:26:58 - [TEST_STEP][PASSED] - openBrowser(""): Browser is opened with url: ''

22-10-2025T09:26:58 - [MESSAGE][INFO] - Starting 'Chrome' driver

22-10-2025T09:26:58 - [MESSAGE][INFO] - User set preference: ['args', '[--no-sandbox, --disable-gpu, --disable-dev-shm-usage]']

22-10-2025T09:26:58 - [MESSAGE][INFO] - Action delay is set to 0 milliseconds

22-10-2025T09:26:59 - [MESSAGE][PASSED] - Browser is opened with url: ''

22-10-2025T09:26:59 - [TEST_STEP][PASSED] - navigateToUrl(destinationURL): Navigate to 'https://www.qa.tripfocus.com' successfully

22-10-2025T09:26:59 - [MESSAGE][PASSED] - Navigate to 'https://www.qa.tripfocus.com' successfully

22-10-2025T09:26:59 - [TEST_STEP][PASSED] - if (maximizeWindow == true): Current window maximized

22-10-2025T09:26:59 - [TEST_STEP][PASSED] - maximizeWindow(STOP_ON_FAILURE): Current window maximized

22-10-2025T09:26:59 - [MESSAGE][PASSED] - Current window maximized

22-10-2025T09:26:59 - [MESSAGE][PASSED] - Call Test Case 'Test Cases/Utility Scripts/Open Browser' successfully

22-10-2025T09:26:59 - [TEST_STEP][PASSED] - callTestCase(findTestCase("Utility Scripts/TF Sign In"), ["userName":TripFocusPenskeFDGUsername, "password":TripFocusFDGSPGPassword], STOP_ON_FAILURE): Call Test Case 'Test Cases/Utility Scripts/TF Sign In' successfully

22-10-2025T09:26:59 - [TEST_CASE][PASSED] - Test Cases/Utility Scripts/TF Sign In: Test Cases/Utility Scripts/TF Sign In

22-10-2025T09:26:59 - [TEST_STEP][PASSED] - click(findTestObject("Object Repository/TripFocus/Page_TripFocus/button_Sign in")): Object: 'Object Repository/TripFocus/Page_TripFocus/button_Sign in' is clicked on

22-10-2025T09:27:00 - [MESSAGE][PASSED] - Object: 'Object Repository/TripFocus/Page_TripFocus/button_Sign in' is clicked on

22-10-2025T09:27:00 - [TEST_STEP][PASSED] - setText(findTestObject("Object Repository/TripFocus/Page_TripFocus/input_Username (e.g. email address)_Username"), userName): Text 'Ashford.Chenault+PenskeCustomerFDGONLY@thekag.com' is set on object 'Object Repository/TripFocus/Page_TripFocus/input_Username (e.g. email address)_Username'

22-10-2025T09:27:01 - [MESSAGE][PASSED] - Text 'Ashford.Chenault+PenskeCustomerFDGONLY@thekag.com' is set on object 'Object Repository/TripFocus/Page_TripFocus/input_Username (e.g. email address)_Username'

22-10-2025T09:27:01 - [TEST_STEP][PASSED] - setText(findTestObject("Object Repository/TripFocus/Page_TripFocus/input_Password_Password"), password): Text 'CrashBan911!!' is set on object 'Object Repository/TripFocus/Page_TripFocus/input_Password_Password'

22-10-2025T09:27:01 - [MESSAGE][PASSED] - Text 'CrashBan911!!' is set on object 'Object Repository/TripFocus/Page_TripFocus/input_Password_Password'

22-10-2025T09:27:01 - [TEST_STEP][PASSED] - click(findTestObject("Object Repository/TripFocus/Page_TripFocus/button_Login")): Object: 'Object Repository/TripFocus/Page_TripFocus/button_Login' is clicked on

22-10-2025T09:27:02 - [MESSAGE][PASSED] - Object: 'Object Repository/TripFocus/Page_TripFocus/button_Login' is clicked on

22-10-2025T09:27:02 - [TEST_STEP][PASSED] - maximizeWindow(): Current window maximized

22-10-2025T09:27:02 - [MESSAGE][PASSED] - Current window maximized

22-10-2025T09:27:02 - [TEST_STEP][PASSED] - waitForElementVisible(findTestObject("TripFocus/Testing_Notification_btn"), 5, OPTIONAL): Web element with id: 'Object Repository/TripFocus/Testing_Notification_btn' located by '//*[@id="__BVID__10___BV_modal_footer_"]/button' not found

22-10-2025T09:27:08 - [MESSAGE][INFO] - Unable to find the element located by 'By.xpath: //*[@id="__BVID__10___BV_modal_footer_"]/button'. Please recheck the objects properties to make sure the desired element is located. 

22-10-2025T09:27:08 - [MESSAGE][WARNING] - [SELF-HEALING] Failed to find element with id 'Object Repository/TripFocus/Testing_Notification_btn'. Try using Self-healing.

22-10-2025T09:27:09 - [MESSAGE][INFO] - [SELF-HEALING] No working XPath is found.

22-10-2025T09:27:11 - [MESSAGE][INFO] - Unable to find the element located by 'By.xpath: '. Please recheck the objects properties to make sure the desired element is located. 

22-10-2025T09:27:11 - [MESSAGE][WARNING] - [SELF-HEALING] Cannot find elements when the selector is null

22-10-2025T09:27:11 - [MESSAGE][WARNING] - Web element with id: 'Object Repository/TripFocus/Testing_Notification_btn' located by '//*[@id="__BVID__10___BV_modal_footer_"]/button' not found

22-10-2025T09:27:11 - [TEST_STEP][PASSED] - if (verifyElementVisible(findTestObject("TripFocus/Testing_Notification_btn"), OPTIONAL) == true): Web element with id: 'Object Repository/TripFocus/Testing_Notification_btn' located by '//*[@id="__BVID__10___BV_modal_footer_"]/button' not found (Root cause: com.kms.katalon.core.exception.StepFailedException: Web element with id: 'Object Repository/TripFocus/Testing_Notification_btn' located by '//*[@id="__BVID__10___BV_modal_footer_"]/button' not found
	at com.kms.katalon.core.webui.keyword.internal.WebUIKeywordMain.stepFailed(WebUIKeywordMain.groovy:117)
	at com.kms.katalon.core.webui.keyword.builtin.VerifyElementVisibleKeyword$_verifyElementVisible_closure1.doCall(VerifyElementVisibleKeyword.groovy:89)
	at com.kms.katalon.core.webui.keyword.builtin.VerifyElementVisibleKeyword$_verifyElementVisible_closure1.call(VerifyElementVisibleKeyword.groovy)
	at com.kms.katalon.core.webui.keyword.internal.WebUIKeywordMain.runKeyword(WebUIKeywordMain.groovy:35)
	at com.kms.katalon.core.webui.keyword.builtin.VerifyElementVisibleKeyword.verifyElementVisible(VerifyElementVisibleKeyword.groovy:97)
	at com.kms.katalon.core.webui.keyword.builtin.VerifyElementVisibleKeyword.execute(VerifyElementVisibleKeyword.groovy:67)
	at com.kms.katalon.core.keyword.internal.KeywordExecutor.executeKeywordForPlatform(KeywordExecutor.groovy:74)
	at com.kms.katalon.core.webui.keyword.WebUiBuiltInKeywords.verifyElementVisible(WebUiBuiltInKeywords.groovy:401)
	at com.kms.katalon.core.webui.keyword.WebUiBuiltInKeywords$verifyElementVisible$6.call(Unknown Source)
	at TF Sign In.run(TF Sign In:33)
	at com.kms.katalon.core.main.ScriptEngine.run(ScriptEngine.java:194)
	at com.kms.katalon.core.main.ScriptEngine.runScriptAsRawText(ScriptEngine.java:119)
	at com.kms.katalon.core.main.TestCaseExecutor.runScript(TestCaseExecutor.java:448)
	at com.kms.katalon.core.main.TestCaseExecutor.doExecute(TestCaseExecutor.java:439)
	at com.kms.katalon.core.main.TestCaseExecutor.processExecutionPhase(TestCaseExecutor.java:418)
	at com.kms.katalon.core.main.TestCaseExecutor.accessMainPhase(TestCaseExecutor.java:410)
	at com.kms.katalon.core.main.TestCaseExecutor.execute(TestCaseExecutor.java:285)
	at com.kms.katalon.core.main.TestCaseMain.runTestCase(TestCaseMain.java:137)
	at com.kms.katalon.core.keyword.builtin.CallTestCaseKeyword$_callTestCase_closure1.doCall(CallTestCaseKeyword.groovy:59)
	at com.kms.katalon.core.keyword.builtin.CallTestCaseKeyword$_callTestCase_closure1.call(CallTestCaseKeyword.groovy)
	at com.kms.katalon.core.keyword.internal.KeywordMain.runKeyword(KeywordMain.groovy:75)
	at com.kms.katalon.core.keyword.builtin.CallTestCaseKeyword.callTestCase(CallTestCaseKeyword.groovy:81)
	at com.kms.katalon.core.keyword.builtin.CallTestCaseKeyword.execute(CallTestCaseKeyword.groovy:44)
	at com.kms.katalon.core.keyword.internal.KeywordExecutor.executeKeywordForPlatform(KeywordExecutor.groovy:74)
	at com.kms.katalon.core.keyword.BuiltinKeywords.callTestCase(BuiltinKeywords.groovy:310)
	at java.base/jdk.internal.reflect.NativeMethodAccessorImpl.invoke0(Native Method)
	at java.base/jdk.internal.reflect.NativeMethodAccessorImpl.invoke(NativeMethodAccessorImpl.java:77)
	at java.base/jdk.internal.reflect.DelegatingMethodAccessorImpl.invoke(DelegatingMethodAccessorImpl.java:43)
	at FDG - Verify Delivery Site Dropdown.run(FDG - Verify Delivery Site Dropdown:22)
	at com.kms.katalon.core.main.ScriptEngine.run(ScriptEngine.java:194)
	at com.kms.katalon.core.main.ScriptEngine.runScriptAsRawText(ScriptEngine.java:119)
	at com.kms.katalon.core.main.TestCaseExecutor.runScript(TestCaseExecutor.java:448)
	at com.kms.katalon.core.main.TestCaseExecutor.doExecute(TestCaseExecutor.java:439)
	at com.kms.katalon.core.main.TestCaseExecutor.processExecutionPhase(TestCaseExecutor.java:418)
	at com.kms.katalon.core.main.TestCaseExecutor.accessMainPhase(TestCaseExecutor.java:410)
	at com.kms.katalon.core.main.TestCaseExecutor.execute(TestCaseExecutor.java:285)
	at com.kms.katalon.core.common.CommonExecutor.accessTestCaseMainPhase(CommonExecutor.java:65)
	at com.kms.katalon.core.main.TestSuiteExecutor.accessTestSuiteMainPhase(TestSuiteExecutor.java:150)
	at com.kms.katalon.core.main.TestSuiteExecutor.execute(TestSuiteExecutor.java:106)
	at com.kms.katalon.core.main.TestCaseMain.startTestSuite(TestCaseMain.java:180)
	at com.kms.katalon.core.main.TestCaseMain$startTestSuite$0.call(Unknown Source)
	at TempTestSuite1761139051700.run(TempTestSuite1761139051700.groovy:35)
	at java.base/jdk.internal.reflect.NativeMethodAccessorImpl.invoke0(Native Method)
	at java.base/jdk.internal.reflect.NativeMethodAccessorImpl.invoke(NativeMethodAccessorImpl.java:77)
	at java.base/jdk.internal.reflect.DelegatingMethodAccessorImpl.invoke(DelegatingMethodAccessorImpl.java:43)
)

22-10-2025T09:27:28 - [MESSAGE][INFO] - Unable to find the element located by 'By.xpath: //*[@id="__BVID__10___BV_modal_footer_"]/button'. Please recheck the objects properties to make sure the desired element is located. 

22-10-2025T09:27:28 - [MESSAGE][WARNING] - [SELF-HEALING] Failed to find element with id 'Object Repository/TripFocus/Testing_Notification_btn'. Try using Self-healing.

22-10-2025T09:27:29 - [MESSAGE][INFO] - [SELF-HEALING] No working XPath is found.

22-10-2025T09:27:31 - [MESSAGE][INFO] - Unable to find the element located by 'By.xpath: '. Please recheck the objects properties to make sure the desired element is located. 

22-10-2025T09:27:31 - [MESSAGE][WARNING] - [SELF-HEALING] Cannot find elements when the selector is null

22-10-2025T09:27:31 - [MESSAGE][WARNING] - Web element with id: 'Object Repository/TripFocus/Testing_Notification_btn' located by '//*[@id="__BVID__10___BV_modal_footer_"]/button' not found (Root cause: com.kms.katalon.core.exception.StepFailedException: Web element with id: 'Object Repository/TripFocus/Testing_Notification_btn' located by '//*[@id="__BVID__10___BV_modal_footer_"]/button' not found
	at com.kms.katalon.core.webui.keyword.internal.WebUIKeywordMain.stepFailed(WebUIKeywordMain.groovy:117)
	at com.kms.katalon.core.webui.keyword.builtin.VerifyElementVisibleKeyword$_verifyElementVisible_closure1.doCall(VerifyElementVisibleKeyword.groovy:89)
	at com.kms.katalon.core.webui.keyword.builtin.VerifyElementVisibleKeyword$_verifyElementVisible_closure1.call(VerifyElementVisibleKeyword.groovy)
	at com.kms.katalon.core.webui.keyword.internal.WebUIKeywordMain.runKeyword(WebUIKeywordMain.groovy:35)
	at com.kms.katalon.core.webui.keyword.builtin.VerifyElementVisibleKeyword.verifyElementVisible(VerifyElementVisibleKeyword.groovy:97)
	at com.kms.katalon.core.webui.keyword.builtin.VerifyElementVisibleKeyword.execute(VerifyElementVisibleKeyword.groovy:67)
	at com.kms.katalon.core.keyword.internal.KeywordExecutor.executeKeywordForPlatform(KeywordExecutor.groovy:74)
	at com.kms.katalon.core.webui.keyword.WebUiBuiltInKeywords.verifyElementVisible(WebUiBuiltInKeywords.groovy:401)
	at com.kms.katalon.core.webui.keyword.WebUiBuiltInKeywords$verifyElementVisible$6.call(Unknown Source)
	at TF Sign In.run(TF Sign In:33)
	at com.kms.katalon.core.main.ScriptEngine.run(ScriptEngine.java:194)
	at com.kms.katalon.core.main.ScriptEngine.runScriptAsRawText(ScriptEngine.java:119)
	at com.kms.katalon.core.main.TestCaseExecutor.runScript(TestCaseExecutor.java:448)
	at com.kms.katalon.core.main.TestCaseExecutor.doExecute(TestCaseExecutor.java:439)
	at com.kms.katalon.core.main.TestCaseExecutor.processExecutionPhase(TestCaseExecutor.java:418)
	at com.kms.katalon.core.main.TestCaseExecutor.accessMainPhase(TestCaseExecutor.java:410)
	at com.kms.katalon.core.main.TestCaseExecutor.execute(TestCaseExecutor.java:285)
	at com.kms.katalon.core.main.TestCaseMain.runTestCase(TestCaseMain.java:137)
	at com.kms.katalon.core.keyword.builtin.CallTestCaseKeyword$_callTestCase_closure1.doCall(CallTestCaseKeyword.groovy:59)
	at com.kms.katalon.core.keyword.builtin.CallTestCaseKeyword$_callTestCase_closure1.call(CallTestCaseKeyword.groovy)
	at com.kms.katalon.core.keyword.internal.KeywordMain.runKeyword(KeywordMain.groovy:75)
	at com.kms.katalon.core.keyword.builtin.CallTestCaseKeyword.callTestCase(CallTestCaseKeyword.groovy:81)
	at com.kms.katalon.core.keyword.builtin.CallTestCaseKeyword.execute(CallTestCaseKeyword.groovy:44)
	at com.kms.katalon.core.keyword.internal.KeywordExecutor.executeKeywordForPlatform(KeywordExecutor.groovy:74)
	at com.kms.katalon.core.keyword.BuiltinKeywords.callTestCase(BuiltinKeywords.groovy:310)
	at java.base/jdk.internal.reflect.NativeMethodAccessorImpl.invoke0(Native Method)
	at java.base/jdk.internal.reflect.NativeMethodAccessorImpl.invoke(NativeMethodAccessorImpl.java:77)
	at java.base/jdk.internal.reflect.DelegatingMethodAccessorImpl.invoke(DelegatingMethodAccessorImpl.java:43)
	at FDG - Verify Delivery Site Dropdown.run(FDG - Verify Delivery Site Dropdown:22)
	at com.kms.katalon.core.main.ScriptEngine.run(ScriptEngine.java:194)
	at com.kms.katalon.core.main.ScriptEngine.runScriptAsRawText(ScriptEngine.java:119)
	at com.kms.katalon.core.main.TestCaseExecutor.runScript(TestCaseExecutor.java:448)
	at com.kms.katalon.core.main.TestCaseExecutor.doExecute(TestCaseExecutor.java:439)
	at com.kms.katalon.core.main.TestCaseExecutor.processExecutionPhase(TestCaseExecutor.java:418)
	at com.kms.katalon.core.main.TestCaseExecutor.accessMainPhase(TestCaseExecutor.java:410)
	at com.kms.katalon.core.main.TestCaseExecutor.execute(TestCaseExecutor.java:285)
	at com.kms.katalon.core.common.CommonExecutor.accessTestCaseMainPhase(CommonExecutor.java:65)
	at com.kms.katalon.core.main.TestSuiteExecutor.accessTestSuiteMainPhase(TestSuiteExecutor.java:150)
	at com.kms.katalon.core.main.TestSuiteExecutor.execute(TestSuiteExecutor.java:106)
	at com.kms.katalon.core.main.TestCaseMain.startTestSuite(TestCaseMain.java:180)
	at com.kms.katalon.core.main.TestCaseMain$startTestSuite$0.call(Unknown Source)
	at TempTestSuite1761139051700.run(TempTestSuite1761139051700.groovy:35)
	at java.base/jdk.internal.reflect.NativeMethodAccessorImpl.invoke0(Native Method)
	at java.base/jdk.internal.reflect.NativeMethodAccessorImpl.invoke(NativeMethodAccessorImpl.java:77)
	at java.base/jdk.internal.reflect.DelegatingMethodAccessorImpl.invoke(DelegatingMethodAccessorImpl.java:43)
)

22-10-2025T09:27:31 - [MESSAGE][PASSED] - Call Test Case 'Test Cases/Utility Scripts/TF Sign In' successfully

22-10-2025T09:27:31 - [TEST_STEP][PASSED] - click(findTestObject("TripFocus/Notifications/Notifications Tab")): Object: 'Object Repository/TripFocus/Notifications/Notifications Tab' is clicked on

22-10-2025T09:27:31 - [MESSAGE][PASSED] - Object: 'Object Repository/TripFocus/Notifications/Notifications Tab' is clicked on

22-10-2025T09:27:31 - [TEST_STEP][PASSED] - delay(5): Delayed 5 second(s)

22-10-2025T09:27:36 - [MESSAGE][PASSED] - Delayed 5 second(s)

22-10-2025T09:27:36 - [TEST_STEP][PASSED] - click(findTestObject("Object Repository/TripFocus/Page_TripFocus/button_Add New Notification")): Object: 'Object Repository/TripFocus/Page_TripFocus/button_Add New Notification' is clicked on

22-10-2025T09:27:36 - [MESSAGE][PASSED] - Object: 'Object Repository/TripFocus/Page_TripFocus/button_Add New Notification' is clicked on

22-10-2025T09:27:36 - [TEST_STEP][PASSED] - delay(5): Delayed 5 second(s)

22-10-2025T09:27:41 - [MESSAGE][PASSED] - Delayed 5 second(s)

22-10-2025T09:27:41 - [TEST_STEP][PASSED] - verifyElementPresent(findTestObject("TripFocus/Notifications/Delivery Site_txt"), 10): Object 'Object Repository/TripFocus/Notifications/Delivery Site_txt' is present

22-10-2025T09:27:41 - [MESSAGE][PASSED] - Object 'Object Repository/TripFocus/Notifications/Delivery Site_txt' is present

22-10-2025T09:27:41 - [TEST_STEP][PASSED] - verifyElementPresent(findTestObject("TripFocus/Notifications/Delivery Site_dropdown"), 10): Object 'Object Repository/TripFocus/Notifications/Delivery Site_dropdown' is present

22-10-2025T09:27:41 - [MESSAGE][PASSED] - Object 'Object Repository/TripFocus/Notifications/Delivery Site_dropdown' is present

22-10-2025T09:27:41 - [TEST_STEP][PASSED] - click(findTestObject("TripFocus/Notifications/Delivery Site_dropdown")): Object: 'Object Repository/TripFocus/Notifications/Delivery Site_dropdown' is clicked on

22-10-2025T09:27:41 - [MESSAGE][PASSED] - Object: 'Object Repository/TripFocus/Notifications/Delivery Site_dropdown' is clicked on

22-10-2025T09:27:41 - [TEST_STEP][PASSED] - delay(2): Delayed 2 second(s)

22-10-2025T09:27:43 - [MESSAGE][PASSED] - Delayed 2 second(s)

22-10-2025T09:27:43 - [TEST_STEP][PASSED] - sendKeys(findTestObject("TripFocus/Notifications/Delivery Site_txt"), "COSTCO 367"): Keys 'COSTCO 367' sent to object: 'Object Repository/TripFocus/Notifications/Delivery Site_txt'

22-10-2025T09:27:43 - [MESSAGE][PASSED] - Keys 'COSTCO 367' sent to object: 'Object Repository/TripFocus/Notifications/Delivery Site_txt'

22-10-2025T09:27:43 - [TEST_STEP][PASSED] - delay(2): Delayed 2 second(s)

22-10-2025T09:27:45 - [MESSAGE][PASSED] - Delayed 2 second(s)

22-10-2025T09:27:45 - [TEST_STEP][PASSED] - sendKeys(findTestObject("TripFocus/Notifications/Delivery Site_txt"), Keys.chord(ENTER)): Keys 'ENTER + ' sent to object: 'Object Repository/TripFocus/Notifications/Delivery Site_txt'

22-10-2025T09:27:45 - [MESSAGE][PASSED] - Keys 'ENTER + ' sent to object: 'Object Repository/TripFocus/Notifications/Delivery Site_txt'

22-10-2025T09:27:45 - [TEST_STEP][PASSED] - delay(2): Delayed 2 second(s)

22-10-2025T09:27:47 - [MESSAGE][PASSED] - Delayed 2 second(s)

22-10-2025T09:27:47 - [TEST_STEP][PASSED] - closeBrowser(): Browser is closed

22-10-2025T09:27:47 - [MESSAGE][PASSED] - Browser is closed

22-10-2025T09:27:47 - [TEST_STEP][PASSED] - Start listener action : retryOnDisconnect: null

22-10-2025T09:27:47 - [TEST_STEP][PASSED] - tcId = testCaseContext.getTestCaseId(): null

22-10-2025T09:27:47 - [TEST_STEP][PASSED] - currentRetry = retryCounts.getOrDefault(tcId, 0): null

22-10-2025T09:27:47 - [TEST_STEP][PASSED] - if (testCaseContext.getTestCaseStatus() == "FAILED" && currentRetry < MAX_RETRIES): null]]></system-out>
         <system-err><![CDATA[]]></system-err>
      </testcase>
      <testcase name="Test Cases/TripFocus/FDG/FDG - Notification/FDG - Verify Notification Events Dropdown" time="42.938" classname="Test Cases/TripFocus/FDG/FDG - Notification/FDG - Verify Notification Events Dropdown" status="PASSED">
         <system-out><![CDATA[22-10-2025T09:27:47 - [TEST_CASE][PASSED] - Test Cases/TripFocus/FDG/FDG - Notification/FDG - Verify Notification Events Dropdown: Test Cases/TripFocus/FDG/FDG - Notification/FDG - Verify Notification Events Dropdown

22-10-2025T09:27:47 - [TEST_STEP][PASSED] - Start listener action : beforeTestCase: null

22-10-2025T09:27:47 - [TEST_STEP][PASSED] - addDefaultPackages(): null

22-10-2025T09:27:48 - [TEST_STEP][PASSED] - callTestCase(findTestCase("Utility Scripts/Open Browser"), ["destinationURL":TFBaseURL], STOP_ON_FAILURE): Call Test Case 'Test Cases/Utility Scripts/Open Browser' successfully

22-10-2025T09:27:48 - [TEST_CASE][PASSED] - Test Cases/Utility Scripts/Open Browser: Test Cases/Utility Scripts/Open Browser

22-10-2025T09:27:48 - [TEST_STEP][PASSED] - openBrowser(""): Browser is opened with url: ''

22-10-2025T09:27:48 - [MESSAGE][INFO] - Starting 'Chrome' driver

22-10-2025T09:27:48 - [MESSAGE][INFO] - User set preference: ['args', '[--no-sandbox, --disable-gpu, --disable-dev-shm-usage]']

22-10-2025T09:27:48 - [MESSAGE][INFO] - Action delay is set to 0 milliseconds

22-10-2025T09:27:49 - [MESSAGE][PASSED] - Browser is opened with url: ''

22-10-2025T09:27:49 - [TEST_STEP][PASSED] - navigateToUrl(destinationURL): Navigate to 'https://www.qa.tripfocus.com' successfully

22-10-2025T09:27:49 - [MESSAGE][PASSED] - Navigate to 'https://www.qa.tripfocus.com' successfully

22-10-2025T09:27:49 - [TEST_STEP][PASSED] - if (maximizeWindow == true): Current window maximized

22-10-2025T09:27:49 - [TEST_STEP][PASSED] - maximizeWindow(STOP_ON_FAILURE): Current window maximized

22-10-2025T09:27:49 - [MESSAGE][PASSED] - Current window maximized

22-10-2025T09:27:49 - [MESSAGE][PASSED] - Call Test Case 'Test Cases/Utility Scripts/Open Browser' successfully

22-10-2025T09:27:49 - [TEST_STEP][PASSED] - callTestCase(findTestCase("Utility Scripts/TF Sign In"), ["userName":TripFocusPenskeFDGUsername, "password":TripFocusFDGSPGPassword], STOP_ON_FAILURE): Call Test Case 'Test Cases/Utility Scripts/TF Sign In' successfully

22-10-2025T09:27:49 - [TEST_CASE][PASSED] - Test Cases/Utility Scripts/TF Sign In: Test Cases/Utility Scripts/TF Sign In

22-10-2025T09:27:49 - [TEST_STEP][PASSED] - click(findTestObject("Object Repository/TripFocus/Page_TripFocus/button_Sign in")): Object: 'Object Repository/TripFocus/Page_TripFocus/button_Sign in' is clicked on

22-10-2025T09:27:50 - [MESSAGE][PASSED] - Object: 'Object Repository/TripFocus/Page_TripFocus/button_Sign in' is clicked on

22-10-2025T09:27:50 - [TEST_STEP][PASSED] - setText(findTestObject("Object Repository/TripFocus/Page_TripFocus/input_Username (e.g. email address)_Username"), userName): Text 'Ashford.Chenault+PenskeCustomerFDGONLY@thekag.com' is set on object 'Object Repository/TripFocus/Page_TripFocus/input_Username (e.g. email address)_Username'

22-10-2025T09:27:50 - [MESSAGE][PASSED] - Text 'Ashford.Chenault+PenskeCustomerFDGONLY@thekag.com' is set on object 'Object Repository/TripFocus/Page_TripFocus/input_Username (e.g. email address)_Username'

22-10-2025T09:27:50 - [TEST_STEP][PASSED] - setText(findTestObject("Object Repository/TripFocus/Page_TripFocus/input_Password_Password"), password): Text 'CrashBan911!!' is set on object 'Object Repository/TripFocus/Page_TripFocus/input_Password_Password'

22-10-2025T09:27:51 - [MESSAGE][PASSED] - Text 'CrashBan911!!' is set on object 'Object Repository/TripFocus/Page_TripFocus/input_Password_Password'

22-10-2025T09:27:51 - [TEST_STEP][PASSED] - click(findTestObject("Object Repository/TripFocus/Page_TripFocus/button_Login")): Object: 'Object Repository/TripFocus/Page_TripFocus/button_Login' is clicked on

22-10-2025T09:27:51 - [MESSAGE][PASSED] - Object: 'Object Repository/TripFocus/Page_TripFocus/button_Login' is clicked on

22-10-2025T09:27:51 - [TEST_STEP][PASSED] - maximizeWindow(): Current window maximized

22-10-2025T09:27:51 - [MESSAGE][PASSED] - Current window maximized

22-10-2025T09:27:51 - [TEST_STEP][PASSED] - waitForElementVisible(findTestObject("TripFocus/Testing_Notification_btn"), 5, OPTIONAL): Web element with id: 'Object Repository/TripFocus/Testing_Notification_btn' located by '//*[@id="__BVID__10___BV_modal_footer_"]/button' not found

22-10-2025T09:27:58 - [MESSAGE][INFO] - Unable to find the element located by 'By.xpath: //*[@id="__BVID__10___BV_modal_footer_"]/button'. Please recheck the objects properties to make sure the desired element is located. 

22-10-2025T09:27:58 - [MESSAGE][WARNING] - [SELF-HEALING] Failed to find element with id 'Object Repository/TripFocus/Testing_Notification_btn'. Try using Self-healing.

22-10-2025T09:27:59 - [MESSAGE][INFO] - [SELF-HEALING] No working XPath is found.

22-10-2025T09:28:01 - [MESSAGE][INFO] - Unable to find the element located by 'By.xpath: '. Please recheck the objects properties to make sure the desired element is located. 

22-10-2025T09:28:01 - [MESSAGE][WARNING] - [SELF-HEALING] Cannot find elements when the selector is null

22-10-2025T09:28:01 - [MESSAGE][WARNING] - Web element with id: 'Object Repository/TripFocus/Testing_Notification_btn' located by '//*[@id="__BVID__10___BV_modal_footer_"]/button' not found

22-10-2025T09:28:01 - [TEST_STEP][PASSED] - if (verifyElementVisible(findTestObject("TripFocus/Testing_Notification_btn"), OPTIONAL) == true): Web element with id: 'Object Repository/TripFocus/Testing_Notification_btn' located by '//*[@id="__BVID__10___BV_modal_footer_"]/button' not found (Root cause: com.kms.katalon.core.exception.StepFailedException: Web element with id: 'Object Repository/TripFocus/Testing_Notification_btn' located by '//*[@id="__BVID__10___BV_modal_footer_"]/button' not found
	at com.kms.katalon.core.webui.keyword.internal.WebUIKeywordMain.stepFailed(WebUIKeywordMain.groovy:117)
	at com.kms.katalon.core.webui.keyword.builtin.VerifyElementVisibleKeyword$_verifyElementVisible_closure1.doCall(VerifyElementVisibleKeyword.groovy:89)
	at com.kms.katalon.core.webui.keyword.builtin.VerifyElementVisibleKeyword$_verifyElementVisible_closure1.call(VerifyElementVisibleKeyword.groovy)
	at com.kms.katalon.core.webui.keyword.internal.WebUIKeywordMain.runKeyword(WebUIKeywordMain.groovy:35)
	at com.kms.katalon.core.webui.keyword.builtin.VerifyElementVisibleKeyword.verifyElementVisible(VerifyElementVisibleKeyword.groovy:97)
	at com.kms.katalon.core.webui.keyword.builtin.VerifyElementVisibleKeyword.execute(VerifyElementVisibleKeyword.groovy:67)
	at com.kms.katalon.core.keyword.internal.KeywordExecutor.executeKeywordForPlatform(KeywordExecutor.groovy:74)
	at com.kms.katalon.core.webui.keyword.WebUiBuiltInKeywords.verifyElementVisible(WebUiBuiltInKeywords.groovy:401)
	at com.kms.katalon.core.webui.keyword.WebUiBuiltInKeywords$verifyElementVisible$6.call(Unknown Source)
	at TF Sign In.run(TF Sign In:33)
	at com.kms.katalon.core.main.ScriptEngine.run(ScriptEngine.java:194)
	at com.kms.katalon.core.main.ScriptEngine.runScriptAsRawText(ScriptEngine.java:119)
	at com.kms.katalon.core.main.TestCaseExecutor.runScript(TestCaseExecutor.java:448)
	at com.kms.katalon.core.main.TestCaseExecutor.doExecute(TestCaseExecutor.java:439)
	at com.kms.katalon.core.main.TestCaseExecutor.processExecutionPhase(TestCaseExecutor.java:418)
	at com.kms.katalon.core.main.TestCaseExecutor.accessMainPhase(TestCaseExecutor.java:410)
	at com.kms.katalon.core.main.TestCaseExecutor.execute(TestCaseExecutor.java:285)
	at com.kms.katalon.core.main.TestCaseMain.runTestCase(TestCaseMain.java:137)
	at com.kms.katalon.core.keyword.builtin.CallTestCaseKeyword$_callTestCase_closure1.doCall(CallTestCaseKeyword.groovy:59)
	at com.kms.katalon.core.keyword.builtin.CallTestCaseKeyword$_callTestCase_closure1.call(CallTestCaseKeyword.groovy)
	at com.kms.katalon.core.keyword.internal.KeywordMain.runKeyword(KeywordMain.groovy:75)
	at com.kms.katalon.core.keyword.builtin.CallTestCaseKeyword.callTestCase(CallTestCaseKeyword.groovy:81)
	at com.kms.katalon.core.keyword.builtin.CallTestCaseKeyword.execute(CallTestCaseKeyword.groovy:44)
	at com.kms.katalon.core.keyword.internal.KeywordExecutor.executeKeywordForPlatform(KeywordExecutor.groovy:74)
	at com.kms.katalon.core.keyword.BuiltinKeywords.callTestCase(BuiltinKeywords.groovy:310)
	at java.base/jdk.internal.reflect.NativeMethodAccessorImpl.invoke0(Native Method)
	at java.base/jdk.internal.reflect.NativeMethodAccessorImpl.invoke(NativeMethodAccessorImpl.java:77)
	at java.base/jdk.internal.reflect.DelegatingMethodAccessorImpl.invoke(DelegatingMethodAccessorImpl.java:43)
	at FDG - Verify Notification Events Dropdown.run(FDG - Verify Notification Events Dropdown:22)
	at com.kms.katalon.core.main.ScriptEngine.run(ScriptEngine.java:194)
	at com.kms.katalon.core.main.ScriptEngine.runScriptAsRawText(ScriptEngine.java:119)
	at com.kms.katalon.core.main.TestCaseExecutor.runScript(TestCaseExecutor.java:448)
	at com.kms.katalon.core.main.TestCaseExecutor.doExecute(TestCaseExecutor.java:439)
	at com.kms.katalon.core.main.TestCaseExecutor.processExecutionPhase(TestCaseExecutor.java:418)
	at com.kms.katalon.core.main.TestCaseExecutor.accessMainPhase(TestCaseExecutor.java:410)
	at com.kms.katalon.core.main.TestCaseExecutor.execute(TestCaseExecutor.java:285)
	at com.kms.katalon.core.common.CommonExecutor.accessTestCaseMainPhase(CommonExecutor.java:65)
	at com.kms.katalon.core.main.TestSuiteExecutor.accessTestSuiteMainPhase(TestSuiteExecutor.java:150)
	at com.kms.katalon.core.main.TestSuiteExecutor.execute(TestSuiteExecutor.java:106)
	at com.kms.katalon.core.main.TestCaseMain.startTestSuite(TestCaseMain.java:180)
	at com.kms.katalon.core.main.TestCaseMain$startTestSuite$0.call(Unknown Source)
	at TempTestSuite1761139051700.run(TempTestSuite1761139051700.groovy:35)
	at java.base/jdk.internal.reflect.NativeMethodAccessorImpl.invoke0(Native Method)
	at java.base/jdk.internal.reflect.NativeMethodAccessorImpl.invoke(NativeMethodAccessorImpl.java:77)
	at java.base/jdk.internal.reflect.DelegatingMethodAccessorImpl.invoke(DelegatingMethodAccessorImpl.java:43)
)

22-10-2025T09:28:17 - [MESSAGE][INFO] - Unable to find the element located by 'By.xpath: //*[@id="__BVID__10___BV_modal_footer_"]/button'. Please recheck the objects properties to make sure the desired element is located. 

22-10-2025T09:28:17 - [MESSAGE][WARNING] - [SELF-HEALING] Failed to find element with id 'Object Repository/TripFocus/Testing_Notification_btn'. Try using Self-healing.

22-10-2025T09:28:18 - [MESSAGE][INFO] - [SELF-HEALING] No working XPath is found.

22-10-2025T09:28:20 - [MESSAGE][INFO] - Unable to find the element located by 'By.xpath: '. Please recheck the objects properties to make sure the desired element is located. 

22-10-2025T09:28:20 - [MESSAGE][WARNING] - [SELF-HEALING] Cannot find elements when the selector is null

22-10-2025T09:28:20 - [MESSAGE][WARNING] - Web element with id: 'Object Repository/TripFocus/Testing_Notification_btn' located by '//*[@id="__BVID__10___BV_modal_footer_"]/button' not found (Root cause: com.kms.katalon.core.exception.StepFailedException: Web element with id: 'Object Repository/TripFocus/Testing_Notification_btn' located by '//*[@id="__BVID__10___BV_modal_footer_"]/button' not found
	at com.kms.katalon.core.webui.keyword.internal.WebUIKeywordMain.stepFailed(WebUIKeywordMain.groovy:117)
	at com.kms.katalon.core.webui.keyword.builtin.VerifyElementVisibleKeyword$_verifyElementVisible_closure1.doCall(VerifyElementVisibleKeyword.groovy:89)
	at com.kms.katalon.core.webui.keyword.builtin.VerifyElementVisibleKeyword$_verifyElementVisible_closure1.call(VerifyElementVisibleKeyword.groovy)
	at com.kms.katalon.core.webui.keyword.internal.WebUIKeywordMain.runKeyword(WebUIKeywordMain.groovy:35)
	at com.kms.katalon.core.webui.keyword.builtin.VerifyElementVisibleKeyword.verifyElementVisible(VerifyElementVisibleKeyword.groovy:97)
	at com.kms.katalon.core.webui.keyword.builtin.VerifyElementVisibleKeyword.execute(VerifyElementVisibleKeyword.groovy:67)
	at com.kms.katalon.core.keyword.internal.KeywordExecutor.executeKeywordForPlatform(KeywordExecutor.groovy:74)
	at com.kms.katalon.core.webui.keyword.WebUiBuiltInKeywords.verifyElementVisible(WebUiBuiltInKeywords.groovy:401)
	at com.kms.katalon.core.webui.keyword.WebUiBuiltInKeywords$verifyElementVisible$6.call(Unknown Source)
	at TF Sign In.run(TF Sign In:33)
	at com.kms.katalon.core.main.ScriptEngine.run(ScriptEngine.java:194)
	at com.kms.katalon.core.main.ScriptEngine.runScriptAsRawText(ScriptEngine.java:119)
	at com.kms.katalon.core.main.TestCaseExecutor.runScript(TestCaseExecutor.java:448)
	at com.kms.katalon.core.main.TestCaseExecutor.doExecute(TestCaseExecutor.java:439)
	at com.kms.katalon.core.main.TestCaseExecutor.processExecutionPhase(TestCaseExecutor.java:418)
	at com.kms.katalon.core.main.TestCaseExecutor.accessMainPhase(TestCaseExecutor.java:410)
	at com.kms.katalon.core.main.TestCaseExecutor.execute(TestCaseExecutor.java:285)
	at com.kms.katalon.core.main.TestCaseMain.runTestCase(TestCaseMain.java:137)
	at com.kms.katalon.core.keyword.builtin.CallTestCaseKeyword$_callTestCase_closure1.doCall(CallTestCaseKeyword.groovy:59)
	at com.kms.katalon.core.keyword.builtin.CallTestCaseKeyword$_callTestCase_closure1.call(CallTestCaseKeyword.groovy)
	at com.kms.katalon.core.keyword.internal.KeywordMain.runKeyword(KeywordMain.groovy:75)
	at com.kms.katalon.core.keyword.builtin.CallTestCaseKeyword.callTestCase(CallTestCaseKeyword.groovy:81)
	at com.kms.katalon.core.keyword.builtin.CallTestCaseKeyword.execute(CallTestCaseKeyword.groovy:44)
	at com.kms.katalon.core.keyword.internal.KeywordExecutor.executeKeywordForPlatform(KeywordExecutor.groovy:74)
	at com.kms.katalon.core.keyword.BuiltinKeywords.callTestCase(BuiltinKeywords.groovy:310)
	at java.base/jdk.internal.reflect.NativeMethodAccessorImpl.invoke0(Native Method)
	at java.base/jdk.internal.reflect.NativeMethodAccessorImpl.invoke(NativeMethodAccessorImpl.java:77)
	at java.base/jdk.internal.reflect.DelegatingMethodAccessorImpl.invoke(DelegatingMethodAccessorImpl.java:43)
	at FDG - Verify Notification Events Dropdown.run(FDG - Verify Notification Events Dropdown:22)
	at com.kms.katalon.core.main.ScriptEngine.run(ScriptEngine.java:194)
	at com.kms.katalon.core.main.ScriptEngine.runScriptAsRawText(ScriptEngine.java:119)
	at com.kms.katalon.core.main.TestCaseExecutor.runScript(TestCaseExecutor.java:448)
	at com.kms.katalon.core.main.TestCaseExecutor.doExecute(TestCaseExecutor.java:439)
	at com.kms.katalon.core.main.TestCaseExecutor.processExecutionPhase(TestCaseExecutor.java:418)
	at com.kms.katalon.core.main.TestCaseExecutor.accessMainPhase(TestCaseExecutor.java:410)
	at com.kms.katalon.core.main.TestCaseExecutor.execute(TestCaseExecutor.java:285)
	at com.kms.katalon.core.common.CommonExecutor.accessTestCaseMainPhase(CommonExecutor.java:65)
	at com.kms.katalon.core.main.TestSuiteExecutor.accessTestSuiteMainPhase(TestSuiteExecutor.java:150)
	at com.kms.katalon.core.main.TestSuiteExecutor.execute(TestSuiteExecutor.java:106)
	at com.kms.katalon.core.main.TestCaseMain.startTestSuite(TestCaseMain.java:180)
	at com.kms.katalon.core.main.TestCaseMain$startTestSuite$0.call(Unknown Source)
	at TempTestSuite1761139051700.run(TempTestSuite1761139051700.groovy:35)
	at java.base/jdk.internal.reflect.NativeMethodAccessorImpl.invoke0(Native Method)
	at java.base/jdk.internal.reflect.NativeMethodAccessorImpl.invoke(NativeMethodAccessorImpl.java:77)
	at java.base/jdk.internal.reflect.DelegatingMethodAccessorImpl.invoke(DelegatingMethodAccessorImpl.java:43)
)

22-10-2025T09:28:20 - [MESSAGE][PASSED] - Call Test Case 'Test Cases/Utility Scripts/TF Sign In' successfully

22-10-2025T09:28:20 - [TEST_STEP][PASSED] - click(findTestObject("TripFocus/Notifications/Notifications Tab")): Object: 'Object Repository/TripFocus/Notifications/Notifications Tab' is clicked on

22-10-2025T09:28:20 - [MESSAGE][PASSED] - Object: 'Object Repository/TripFocus/Notifications/Notifications Tab' is clicked on

22-10-2025T09:28:20 - [TEST_STEP][PASSED] - delay(5): Delayed 5 second(s)

22-10-2025T09:28:25 - [MESSAGE][PASSED] - Delayed 5 second(s)

22-10-2025T09:28:25 - [TEST_STEP][PASSED] - click(findTestObject("Object Repository/TripFocus/Page_TripFocus/button_Add New Notification")): Object: 'Object Repository/TripFocus/Page_TripFocus/button_Add New Notification' is clicked on

22-10-2025T09:28:25 - [MESSAGE][PASSED] - Object: 'Object Repository/TripFocus/Page_TripFocus/button_Add New Notification' is clicked on

22-10-2025T09:28:25 - [TEST_STEP][PASSED] - delay(5): Delayed 5 second(s)

22-10-2025T09:28:30 - [MESSAGE][PASSED] - Delayed 5 second(s)

22-10-2025T09:28:30 - [TEST_STEP][PASSED] - verifyElementPresent(findTestObject("TripFocus/Notifications/Notification Events_txt"), 10): Object 'Object Repository/TripFocus/Notifications/Notification Events_txt' is present

22-10-2025T09:28:30 - [MESSAGE][PASSED] - Object 'Object Repository/TripFocus/Notifications/Notification Events_txt' is present

22-10-2025T09:28:30 - [TEST_STEP][PASSED] - closeBrowser(STOP_ON_FAILURE): Browser is closed

22-10-2025T09:28:30 - [MESSAGE][PASSED] - Browser is closed

22-10-2025T09:28:30 - [TEST_STEP][PASSED] - Start listener action : retryOnDisconnect: null

22-10-2025T09:28:30 - [TEST_STEP][PASSED] - tcId = testCaseContext.getTestCaseId(): null

22-10-2025T09:28:30 - [TEST_STEP][PASSED] - currentRetry = retryCounts.getOrDefault(tcId, 0): null

22-10-2025T09:28:30 - [TEST_STEP][PASSED] - if (testCaseContext.getTestCaseStatus() == "FAILED" && currentRetry < MAX_RETRIES): null]]></system-out>
         <system-err><![CDATA[]]></system-err>
      </testcase>
      <testcase name="Test Cases/TripFocus/FDG/FDG - Notification/FDG - Verify Loading Freight Information Notification" time="49.028" classname="Test Cases/TripFocus/FDG/FDG - Notification/FDG - Verify Loading Freight Information Notification" status="PASSED">
         <system-out><![CDATA[22-10-2025T09:28:30 - [TEST_CASE][PASSED] - Test Cases/TripFocus/FDG/FDG - Notification/FDG - Verify Loading Freight Information Notification: Test Cases/TripFocus/FDG/FDG - Notification/FDG - Verify Loading Freight Information Notification

22-10-2025T09:28:30 - [TEST_STEP][PASSED] - Start listener action : beforeTestCase: null

22-10-2025T09:28:30 - [TEST_STEP][PASSED] - addDefaultPackages(): null

22-10-2025T09:28:30 - [TEST_STEP][PASSED] - callTestCase(findTestCase("Utility Scripts/Open Browser"), ["destinationURL":TFBaseURL], STOP_ON_FAILURE): Call Test Case 'Test Cases/Utility Scripts/Open Browser' successfully

22-10-2025T09:28:31 - [TEST_CASE][PASSED] - Test Cases/Utility Scripts/Open Browser: Test Cases/Utility Scripts/Open Browser

22-10-2025T09:28:31 - [TEST_STEP][PASSED] - openBrowser(""): Browser is opened with url: ''

22-10-2025T09:28:31 - [MESSAGE][INFO] - Starting 'Chrome' driver

22-10-2025T09:28:31 - [MESSAGE][INFO] - User set preference: ['args', '[--no-sandbox, --disable-gpu, --disable-dev-shm-usage]']

22-10-2025T09:28:31 - [MESSAGE][INFO] - Action delay is set to 0 milliseconds

22-10-2025T09:28:31 - [MESSAGE][PASSED] - Browser is opened with url: ''

22-10-2025T09:28:31 - [TEST_STEP][PASSED] - navigateToUrl(destinationURL): Navigate to 'https://www.qa.tripfocus.com' successfully

22-10-2025T09:28:32 - [MESSAGE][PASSED] - Navigate to 'https://www.qa.tripfocus.com' successfully

22-10-2025T09:28:32 - [TEST_STEP][PASSED] - if (maximizeWindow == true): Current window maximized

22-10-2025T09:28:32 - [TEST_STEP][PASSED] - maximizeWindow(STOP_ON_FAILURE): Current window maximized

22-10-2025T09:28:32 - [MESSAGE][PASSED] - Current window maximized

22-10-2025T09:28:32 - [MESSAGE][PASSED] - Call Test Case 'Test Cases/Utility Scripts/Open Browser' successfully

22-10-2025T09:28:32 - [TEST_STEP][PASSED] - callTestCase(findTestCase("Utility Scripts/TF Sign In"), ["userName":TripFocusPenskeFDGUsername, "password":TripFocusFDGSPGPassword], STOP_ON_FAILURE): Call Test Case 'Test Cases/Utility Scripts/TF Sign In' successfully

22-10-2025T09:28:32 - [TEST_CASE][PASSED] - Test Cases/Utility Scripts/TF Sign In: Test Cases/Utility Scripts/TF Sign In

22-10-2025T09:28:32 - [TEST_STEP][PASSED] - click(findTestObject("Object Repository/TripFocus/Page_TripFocus/button_Sign in")): Object: 'Object Repository/TripFocus/Page_TripFocus/button_Sign in' is clicked on

22-10-2025T09:28:32 - [MESSAGE][PASSED] - Object: 'Object Repository/TripFocus/Page_TripFocus/button_Sign in' is clicked on

22-10-2025T09:28:32 - [TEST_STEP][PASSED] - setText(findTestObject("Object Repository/TripFocus/Page_TripFocus/input_Username (e.g. email address)_Username"), userName): Text 'Ashford.Chenault+PenskeCustomerFDGONLY@thekag.com' is set on object 'Object Repository/TripFocus/Page_TripFocus/input_Username (e.g. email address)_Username'

22-10-2025T09:28:33 - [MESSAGE][PASSED] - Text 'Ashford.Chenault+PenskeCustomerFDGONLY@thekag.com' is set on object 'Object Repository/TripFocus/Page_TripFocus/input_Username (e.g. email address)_Username'

22-10-2025T09:28:33 - [TEST_STEP][PASSED] - setText(findTestObject("Object Repository/TripFocus/Page_TripFocus/input_Password_Password"), password): Text 'CrashBan911!!' is set on object 'Object Repository/TripFocus/Page_TripFocus/input_Password_Password'

22-10-2025T09:28:33 - [MESSAGE][PASSED] - Text 'CrashBan911!!' is set on object 'Object Repository/TripFocus/Page_TripFocus/input_Password_Password'

22-10-2025T09:28:33 - [TEST_STEP][PASSED] - click(findTestObject("Object Repository/TripFocus/Page_TripFocus/button_Login")): Object: 'Object Repository/TripFocus/Page_TripFocus/button_Login' is clicked on

22-10-2025T09:28:33 - [MESSAGE][PASSED] - Object: 'Object Repository/TripFocus/Page_TripFocus/button_Login' is clicked on

22-10-2025T09:28:33 - [TEST_STEP][PASSED] - maximizeWindow(): Current window maximized

22-10-2025T09:28:34 - [MESSAGE][PASSED] - Current window maximized

22-10-2025T09:28:34 - [TEST_STEP][PASSED] - waitForElementVisible(findTestObject("TripFocus/Testing_Notification_btn"), 5, OPTIONAL): Web element with id: 'Object Repository/TripFocus/Testing_Notification_btn' located by '//*[@id="__BVID__10___BV_modal_footer_"]/button' not found

22-10-2025T09:28:40 - [MESSAGE][INFO] - Unable to find the element located by 'By.xpath: //*[@id="__BVID__10___BV_modal_footer_"]/button'. Please recheck the objects properties to make sure the desired element is located. 

22-10-2025T09:28:40 - [MESSAGE][WARNING] - [SELF-HEALING] Failed to find element with id 'Object Repository/TripFocus/Testing_Notification_btn'. Try using Self-healing.

22-10-2025T09:28:41 - [MESSAGE][INFO] - [SELF-HEALING] No working XPath is found.

22-10-2025T09:28:43 - [MESSAGE][INFO] - Unable to find the element located by 'By.xpath: '. Please recheck the objects properties to make sure the desired element is located. 

22-10-2025T09:28:43 - [MESSAGE][WARNING] - [SELF-HEALING] Cannot find elements when the selector is null

22-10-2025T09:28:43 - [MESSAGE][WARNING] - Web element with id: 'Object Repository/TripFocus/Testing_Notification_btn' located by '//*[@id="__BVID__10___BV_modal_footer_"]/button' not found

22-10-2025T09:28:43 - [TEST_STEP][PASSED] - if (verifyElementVisible(findTestObject("TripFocus/Testing_Notification_btn"), OPTIONAL) == true): Web element with id: 'Object Repository/TripFocus/Testing_Notification_btn' located by '//*[@id="__BVID__10___BV_modal_footer_"]/button' not found (Root cause: com.kms.katalon.core.exception.StepFailedException: Web element with id: 'Object Repository/TripFocus/Testing_Notification_btn' located by '//*[@id="__BVID__10___BV_modal_footer_"]/button' not found
	at com.kms.katalon.core.webui.keyword.internal.WebUIKeywordMain.stepFailed(WebUIKeywordMain.groovy:117)
	at com.kms.katalon.core.webui.keyword.builtin.VerifyElementVisibleKeyword$_verifyElementVisible_closure1.doCall(VerifyElementVisibleKeyword.groovy:89)
	at com.kms.katalon.core.webui.keyword.builtin.VerifyElementVisibleKeyword$_verifyElementVisible_closure1.call(VerifyElementVisibleKeyword.groovy)
	at com.kms.katalon.core.webui.keyword.internal.WebUIKeywordMain.runKeyword(WebUIKeywordMain.groovy:35)
	at com.kms.katalon.core.webui.keyword.builtin.VerifyElementVisibleKeyword.verifyElementVisible(VerifyElementVisibleKeyword.groovy:97)
	at com.kms.katalon.core.webui.keyword.builtin.VerifyElementVisibleKeyword.execute(VerifyElementVisibleKeyword.groovy:67)
	at com.kms.katalon.core.keyword.internal.KeywordExecutor.executeKeywordForPlatform(KeywordExecutor.groovy:74)
	at com.kms.katalon.core.webui.keyword.WebUiBuiltInKeywords.verifyElementVisible(WebUiBuiltInKeywords.groovy:401)
	at com.kms.katalon.core.webui.keyword.WebUiBuiltInKeywords$verifyElementVisible$6.call(Unknown Source)
	at TF Sign In.run(TF Sign In:33)
	at com.kms.katalon.core.main.ScriptEngine.run(ScriptEngine.java:194)
	at com.kms.katalon.core.main.ScriptEngine.runScriptAsRawText(ScriptEngine.java:119)
	at com.kms.katalon.core.main.TestCaseExecutor.runScript(TestCaseExecutor.java:448)
	at com.kms.katalon.core.main.TestCaseExecutor.doExecute(TestCaseExecutor.java:439)
	at com.kms.katalon.core.main.TestCaseExecutor.processExecutionPhase(TestCaseExecutor.java:418)
	at com.kms.katalon.core.main.TestCaseExecutor.accessMainPhase(TestCaseExecutor.java:410)
	at com.kms.katalon.core.main.TestCaseExecutor.execute(TestCaseExecutor.java:285)
	at com.kms.katalon.core.main.TestCaseMain.runTestCase(TestCaseMain.java:137)
	at com.kms.katalon.core.keyword.builtin.CallTestCaseKeyword$_callTestCase_closure1.doCall(CallTestCaseKeyword.groovy:59)
	at com.kms.katalon.core.keyword.builtin.CallTestCaseKeyword$_callTestCase_closure1.call(CallTestCaseKeyword.groovy)
	at com.kms.katalon.core.keyword.internal.KeywordMain.runKeyword(KeywordMain.groovy:75)
	at com.kms.katalon.core.keyword.builtin.CallTestCaseKeyword.callTestCase(CallTestCaseKeyword.groovy:81)
	at com.kms.katalon.core.keyword.builtin.CallTestCaseKeyword.execute(CallTestCaseKeyword.groovy:44)
	at com.kms.katalon.core.keyword.internal.KeywordExecutor.executeKeywordForPlatform(KeywordExecutor.groovy:74)
	at com.kms.katalon.core.keyword.BuiltinKeywords.callTestCase(BuiltinKeywords.groovy:310)
	at java.base/jdk.internal.reflect.NativeMethodAccessorImpl.invoke0(Native Method)
	at java.base/jdk.internal.reflect.NativeMethodAccessorImpl.invoke(NativeMethodAccessorImpl.java:77)
	at java.base/jdk.internal.reflect.DelegatingMethodAccessorImpl.invoke(DelegatingMethodAccessorImpl.java:43)
	at FDG - Verify Loading Freight Information Notification.run(FDG - Verify Loading Freight Information Notification:22)
	at com.kms.katalon.core.main.ScriptEngine.run(ScriptEngine.java:194)
	at com.kms.katalon.core.main.ScriptEngine.runScriptAsRawText(ScriptEngine.java:119)
	at com.kms.katalon.core.main.TestCaseExecutor.runScript(TestCaseExecutor.java:448)
	at com.kms.katalon.core.main.TestCaseExecutor.doExecute(TestCaseExecutor.java:439)
	at com.kms.katalon.core.main.TestCaseExecutor.processExecutionPhase(TestCaseExecutor.java:418)
	at com.kms.katalon.core.main.TestCaseExecutor.accessMainPhase(TestCaseExecutor.java:410)
	at com.kms.katalon.core.main.TestCaseExecutor.execute(TestCaseExecutor.java:285)
	at com.kms.katalon.core.common.CommonExecutor.accessTestCaseMainPhase(CommonExecutor.java:65)
	at com.kms.katalon.core.main.TestSuiteExecutor.accessTestSuiteMainPhase(TestSuiteExecutor.java:150)
	at com.kms.katalon.core.main.TestSuiteExecutor.execute(TestSuiteExecutor.java:106)
	at com.kms.katalon.core.main.TestCaseMain.startTestSuite(TestCaseMain.java:180)
	at com.kms.katalon.core.main.TestCaseMain$startTestSuite$0.call(Unknown Source)
	at TempTestSuite1761139051700.run(TempTestSuite1761139051700.groovy:35)
	at java.base/jdk.internal.reflect.NativeMethodAccessorImpl.invoke0(Native Method)
	at java.base/jdk.internal.reflect.NativeMethodAccessorImpl.invoke(NativeMethodAccessorImpl.java:77)
	at java.base/jdk.internal.reflect.DelegatingMethodAccessorImpl.invoke(DelegatingMethodAccessorImpl.java:43)
)

22-10-2025T09:28:59 - [MESSAGE][INFO] - Unable to find the element located by 'By.xpath: //*[@id="__BVID__10___BV_modal_footer_"]/button'. Please recheck the objects properties to make sure the desired element is located. 

22-10-2025T09:28:59 - [MESSAGE][WARNING] - [SELF-HEALING] Failed to find element with id 'Object Repository/TripFocus/Testing_Notification_btn'. Try using Self-healing.

22-10-2025T09:29:00 - [MESSAGE][INFO] - [SELF-HEALING] No working XPath is found.

22-10-2025T09:29:02 - [MESSAGE][INFO] - Unable to find the element located by 'By.xpath: '. Please recheck the objects properties to make sure the desired element is located. 

22-10-2025T09:29:02 - [MESSAGE][WARNING] - [SELF-HEALING] Cannot find elements when the selector is null

22-10-2025T09:29:02 - [MESSAGE][WARNING] - Web element with id: 'Object Repository/TripFocus/Testing_Notification_btn' located by '//*[@id="__BVID__10___BV_modal_footer_"]/button' not found (Root cause: com.kms.katalon.core.exception.StepFailedException: Web element with id: 'Object Repository/TripFocus/Testing_Notification_btn' located by '//*[@id="__BVID__10___BV_modal_footer_"]/button' not found
	at com.kms.katalon.core.webui.keyword.internal.WebUIKeywordMain.stepFailed(WebUIKeywordMain.groovy:117)
	at com.kms.katalon.core.webui.keyword.builtin.VerifyElementVisibleKeyword$_verifyElementVisible_closure1.doCall(VerifyElementVisibleKeyword.groovy:89)
	at com.kms.katalon.core.webui.keyword.builtin.VerifyElementVisibleKeyword$_verifyElementVisible_closure1.call(VerifyElementVisibleKeyword.groovy)
	at com.kms.katalon.core.webui.keyword.internal.WebUIKeywordMain.runKeyword(WebUIKeywordMain.groovy:35)
	at com.kms.katalon.core.webui.keyword.builtin.VerifyElementVisibleKeyword.verifyElementVisible(VerifyElementVisibleKeyword.groovy:97)
	at com.kms.katalon.core.webui.keyword.builtin.VerifyElementVisibleKeyword.execute(VerifyElementVisibleKeyword.groovy:67)
	at com.kms.katalon.core.keyword.internal.KeywordExecutor.executeKeywordForPlatform(KeywordExecutor.groovy:74)
	at com.kms.katalon.core.webui.keyword.WebUiBuiltInKeywords.verifyElementVisible(WebUiBuiltInKeywords.groovy:401)
	at com.kms.katalon.core.webui.keyword.WebUiBuiltInKeywords$verifyElementVisible$6.call(Unknown Source)
	at TF Sign In.run(TF Sign In:33)
	at com.kms.katalon.core.main.ScriptEngine.run(ScriptEngine.java:194)
	at com.kms.katalon.core.main.ScriptEngine.runScriptAsRawText(ScriptEngine.java:119)
	at com.kms.katalon.core.main.TestCaseExecutor.runScript(TestCaseExecutor.java:448)
	at com.kms.katalon.core.main.TestCaseExecutor.doExecute(TestCaseExecutor.java:439)
	at com.kms.katalon.core.main.TestCaseExecutor.processExecutionPhase(TestCaseExecutor.java:418)
	at com.kms.katalon.core.main.TestCaseExecutor.accessMainPhase(TestCaseExecutor.java:410)
	at com.kms.katalon.core.main.TestCaseExecutor.execute(TestCaseExecutor.java:285)
	at com.kms.katalon.core.main.TestCaseMain.runTestCase(TestCaseMain.java:137)
	at com.kms.katalon.core.keyword.builtin.CallTestCaseKeyword$_callTestCase_closure1.doCall(CallTestCaseKeyword.groovy:59)
	at com.kms.katalon.core.keyword.builtin.CallTestCaseKeyword$_callTestCase_closure1.call(CallTestCaseKeyword.groovy)
	at com.kms.katalon.core.keyword.internal.KeywordMain.runKeyword(KeywordMain.groovy:75)
	at com.kms.katalon.core.keyword.builtin.CallTestCaseKeyword.callTestCase(CallTestCaseKeyword.groovy:81)
	at com.kms.katalon.core.keyword.builtin.CallTestCaseKeyword.execute(CallTestCaseKeyword.groovy:44)
	at com.kms.katalon.core.keyword.internal.KeywordExecutor.executeKeywordForPlatform(KeywordExecutor.groovy:74)
	at com.kms.katalon.core.keyword.BuiltinKeywords.callTestCase(BuiltinKeywords.groovy:310)
	at java.base/jdk.internal.reflect.NativeMethodAccessorImpl.invoke0(Native Method)
	at java.base/jdk.internal.reflect.NativeMethodAccessorImpl.invoke(NativeMethodAccessorImpl.java:77)
	at java.base/jdk.internal.reflect.DelegatingMethodAccessorImpl.invoke(DelegatingMethodAccessorImpl.java:43)
	at FDG - Verify Loading Freight Information Notification.run(FDG - Verify Loading Freight Information Notification:22)
	at com.kms.katalon.core.main.ScriptEngine.run(ScriptEngine.java:194)
	at com.kms.katalon.core.main.ScriptEngine.runScriptAsRawText(ScriptEngine.java:119)
	at com.kms.katalon.core.main.TestCaseExecutor.runScript(TestCaseExecutor.java:448)
	at com.kms.katalon.core.main.TestCaseExecutor.doExecute(TestCaseExecutor.java:439)
	at com.kms.katalon.core.main.TestCaseExecutor.processExecutionPhase(TestCaseExecutor.java:418)
	at com.kms.katalon.core.main.TestCaseExecutor.accessMainPhase(TestCaseExecutor.java:410)
	at com.kms.katalon.core.main.TestCaseExecutor.execute(TestCaseExecutor.java:285)
	at com.kms.katalon.core.common.CommonExecutor.accessTestCaseMainPhase(CommonExecutor.java:65)
	at com.kms.katalon.core.main.TestSuiteExecutor.accessTestSuiteMainPhase(TestSuiteExecutor.java:150)
	at com.kms.katalon.core.main.TestSuiteExecutor.execute(TestSuiteExecutor.java:106)
	at com.kms.katalon.core.main.TestCaseMain.startTestSuite(TestCaseMain.java:180)
	at com.kms.katalon.core.main.TestCaseMain$startTestSuite$0.call(Unknown Source)
	at TempTestSuite1761139051700.run(TempTestSuite1761139051700.groovy:35)
	at java.base/jdk.internal.reflect.NativeMethodAccessorImpl.invoke0(Native Method)
	at java.base/jdk.internal.reflect.NativeMethodAccessorImpl.invoke(NativeMethodAccessorImpl.java:77)
	at java.base/jdk.internal.reflect.DelegatingMethodAccessorImpl.invoke(DelegatingMethodAccessorImpl.java:43)
)

22-10-2025T09:29:02 - [MESSAGE][PASSED] - Call Test Case 'Test Cases/Utility Scripts/TF Sign In' successfully

22-10-2025T09:29:02 - [TEST_STEP][PASSED] - click(findTestObject("TripFocus/Notifications/Notifications Tab")): Object: 'Object Repository/TripFocus/Notifications/Notifications Tab' is clicked on

22-10-2025T09:29:02 - [MESSAGE][PASSED] - Object: 'Object Repository/TripFocus/Notifications/Notifications Tab' is clicked on

22-10-2025T09:29:02 - [TEST_STEP][PASSED] - delay(5): Delayed 5 second(s)

22-10-2025T09:29:07 - [MESSAGE][PASSED] - Delayed 5 second(s)

22-10-2025T09:29:07 - [TEST_STEP][PASSED] - click(findTestObject("Object Repository/TripFocus/Page_TripFocus/button_Add New Notification")): Object: 'Object Repository/TripFocus/Page_TripFocus/button_Add New Notification' is clicked on

22-10-2025T09:29:08 - [MESSAGE][PASSED] - Object: 'Object Repository/TripFocus/Page_TripFocus/button_Add New Notification' is clicked on

22-10-2025T09:29:08 - [TEST_STEP][PASSED] - delay(5): Delayed 5 second(s)

22-10-2025T09:29:13 - [MESSAGE][PASSED] - Delayed 5 second(s)

22-10-2025T09:29:13 - [TEST_STEP][PASSED] - sendKeys(findTestObject("TripFocus/Notifications/Notification Events_txt"), "Loading Freight Information"): Keys 'Loading Freight Information' sent to object: 'Object Repository/TripFocus/Notifications/Notification Events_txt'

22-10-2025T09:29:13 - [MESSAGE][PASSED] - Keys 'Loading Freight Information' sent to object: 'Object Repository/TripFocus/Notifications/Notification Events_txt'

22-10-2025T09:29:13 - [TEST_STEP][PASSED] - delay(2): Delayed 2 second(s)

22-10-2025T09:29:15 - [MESSAGE][PASSED] - Delayed 2 second(s)

22-10-2025T09:29:15 - [TEST_STEP][PASSED] - sendKeys(findTestObject("TripFocus/Notifications/Notification Events_txt"), Keys.chord(ENTER)): Keys 'ENTER + ' sent to object: 'Object Repository/TripFocus/Notifications/Notification Events_txt'

22-10-2025T09:29:15 - [MESSAGE][PASSED] - Keys 'ENTER + ' sent to object: 'Object Repository/TripFocus/Notifications/Notification Events_txt'

22-10-2025T09:29:15 - [TEST_STEP][PASSED] - delay(2): Delayed 2 second(s)

22-10-2025T09:29:17 - [MESSAGE][PASSED] - Delayed 2 second(s)

22-10-2025T09:29:17 - [TEST_STEP][PASSED] - click(findTestObject("TripFocus/Page_TripFocus/textarea_Send To_txtSendTo")): Object: 'Object Repository/TripFocus/Page_TripFocus/textarea_Send To_txtSendTo' is clicked on

22-10-2025T09:29:17 - [MESSAGE][PASSED] - Object: 'Object Repository/TripFocus/Page_TripFocus/textarea_Send To_txtSendTo' is clicked on

22-10-2025T09:29:17 - [TEST_STEP][PASSED] - delay(2): Delayed 2 second(s)

22-10-2025T09:29:19 - [MESSAGE][PASSED] - Delayed 2 second(s)

22-10-2025T09:29:19 - [TEST_STEP][PASSED] - verifyElementText(findTestObject("TripFocus/Notifications/Selected Notification_option"), "Loading Freight Information"): Actual text and expected text of test object 'Object Repository/TripFocus/Notifications/Selected Notification_option' are matched.

22-10-2025T09:29:19 - [MESSAGE][PASSED] - Actual text and expected text of test object 'Object Repository/TripFocus/Notifications/Selected Notification_option' are matched.

22-10-2025T09:29:19 - [TEST_STEP][PASSED] - closeBrowser(STOP_ON_FAILURE): Browser is closed

22-10-2025T09:29:19 - [MESSAGE][PASSED] - Browser is closed

22-10-2025T09:29:19 - [TEST_STEP][PASSED] - Start listener action : retryOnDisconnect: null

22-10-2025T09:29:19 - [TEST_STEP][PASSED] - tcId = testCaseContext.getTestCaseId(): null

22-10-2025T09:29:19 - [TEST_STEP][PASSED] - currentRetry = retryCounts.getOrDefault(tcId, 0): null

22-10-2025T09:29:19 - [TEST_STEP][PASSED] - if (testCaseContext.getTestCaseStatus() == "FAILED" && currentRetry < MAX_RETRIES): null]]></system-out>
         <system-err><![CDATA[]]></system-err>
      </testcase>
      <testcase name="Test Cases/TripFocus/FDG/FDG - Notification/FDG - Verify Order Cancelled Notification" time="48.88" classname="Test Cases/TripFocus/FDG/FDG - Notification/FDG - Verify Order Cancelled Notification" status="PASSED">
         <system-out><![CDATA[22-10-2025T09:29:19 - [TEST_CASE][PASSED] - Test Cases/TripFocus/FDG/FDG - Notification/FDG - Verify Order Cancelled Notification: Test Cases/TripFocus/FDG/FDG - Notification/FDG - Verify Order Cancelled Notification

22-10-2025T09:29:19 - [TEST_STEP][PASSED] - Start listener action : beforeTestCase: null

22-10-2025T09:29:19 - [TEST_STEP][PASSED] - addDefaultPackages(): null

22-10-2025T09:29:19 - [TEST_STEP][PASSED] - callTestCase(findTestCase("Utility Scripts/Open Browser"), ["destinationURL":TFBaseURL], STOP_ON_FAILURE): Call Test Case 'Test Cases/Utility Scripts/Open Browser' successfully

22-10-2025T09:29:20 - [TEST_CASE][PASSED] - Test Cases/Utility Scripts/Open Browser: Test Cases/Utility Scripts/Open Browser

22-10-2025T09:29:20 - [TEST_STEP][PASSED] - openBrowser(""): Browser is opened with url: ''

22-10-2025T09:29:20 - [MESSAGE][INFO] - Starting 'Chrome' driver

22-10-2025T09:29:20 - [MESSAGE][INFO] - User set preference: ['args', '[--no-sandbox, --disable-gpu, --disable-dev-shm-usage]']

22-10-2025T09:29:20 - [MESSAGE][INFO] - Action delay is set to 0 milliseconds

22-10-2025T09:29:20 - [MESSAGE][PASSED] - Browser is opened with url: ''

22-10-2025T09:29:20 - [TEST_STEP][PASSED] - navigateToUrl(destinationURL): Navigate to 'https://www.qa.tripfocus.com' successfully

22-10-2025T09:29:21 - [MESSAGE][PASSED] - Navigate to 'https://www.qa.tripfocus.com' successfully

22-10-2025T09:29:21 - [TEST_STEP][PASSED] - if (maximizeWindow == true): Current window maximized

22-10-2025T09:29:21 - [TEST_STEP][PASSED] - maximizeWindow(STOP_ON_FAILURE): Current window maximized

22-10-2025T09:29:21 - [MESSAGE][PASSED] - Current window maximized

22-10-2025T09:29:21 - [MESSAGE][PASSED] - Call Test Case 'Test Cases/Utility Scripts/Open Browser' successfully

22-10-2025T09:29:21 - [TEST_STEP][PASSED] - callTestCase(findTestCase("Utility Scripts/TF Sign In"), ["userName":TripFocusPenskeFDGUsername, "password":TripFocusFDGSPGPassword], STOP_ON_FAILURE): Call Test Case 'Test Cases/Utility Scripts/TF Sign In' successfully

22-10-2025T09:29:21 - [TEST_CASE][PASSED] - Test Cases/Utility Scripts/TF Sign In: Test Cases/Utility Scripts/TF Sign In

22-10-2025T09:29:21 - [TEST_STEP][PASSED] - click(findTestObject("Object Repository/TripFocus/Page_TripFocus/button_Sign in")): Object: 'Object Repository/TripFocus/Page_TripFocus/button_Sign in' is clicked on

22-10-2025T09:29:21 - [MESSAGE][PASSED] - Object: 'Object Repository/TripFocus/Page_TripFocus/button_Sign in' is clicked on

22-10-2025T09:29:21 - [TEST_STEP][PASSED] - setText(findTestObject("Object Repository/TripFocus/Page_TripFocus/input_Username (e.g. email address)_Username"), userName): Text 'Ashford.Chenault+PenskeCustomerFDGONLY@thekag.com' is set on object 'Object Repository/TripFocus/Page_TripFocus/input_Username (e.g. email address)_Username'

22-10-2025T09:29:22 - [MESSAGE][PASSED] - Text 'Ashford.Chenault+PenskeCustomerFDGONLY@thekag.com' is set on object 'Object Repository/TripFocus/Page_TripFocus/input_Username (e.g. email address)_Username'

22-10-2025T09:29:22 - [TEST_STEP][PASSED] - setText(findTestObject("Object Repository/TripFocus/Page_TripFocus/input_Password_Password"), password): Text 'CrashBan911!!' is set on object 'Object Repository/TripFocus/Page_TripFocus/input_Password_Password'

22-10-2025T09:29:22 - [MESSAGE][PASSED] - Text 'CrashBan911!!' is set on object 'Object Repository/TripFocus/Page_TripFocus/input_Password_Password'

22-10-2025T09:29:22 - [TEST_STEP][PASSED] - click(findTestObject("Object Repository/TripFocus/Page_TripFocus/button_Login")): Object: 'Object Repository/TripFocus/Page_TripFocus/button_Login' is clicked on

22-10-2025T09:29:22 - [MESSAGE][PASSED] - Object: 'Object Repository/TripFocus/Page_TripFocus/button_Login' is clicked on

22-10-2025T09:29:22 - [TEST_STEP][PASSED] - maximizeWindow(): Current window maximized

22-10-2025T09:29:23 - [MESSAGE][PASSED] - Current window maximized

22-10-2025T09:29:23 - [TEST_STEP][PASSED] - waitForElementVisible(findTestObject("TripFocus/Testing_Notification_btn"), 5, OPTIONAL): Web element with id: 'Object Repository/TripFocus/Testing_Notification_btn' located by '//*[@id="__BVID__10___BV_modal_footer_"]/button' not found

22-10-2025T09:29:29 - [MESSAGE][INFO] - Unable to find the element located by 'By.xpath: //*[@id="__BVID__10___BV_modal_footer_"]/button'. Please recheck the objects properties to make sure the desired element is located. 

22-10-2025T09:29:29 - [MESSAGE][WARNING] - [SELF-HEALING] Failed to find element with id 'Object Repository/TripFocus/Testing_Notification_btn'. Try using Self-healing.

22-10-2025T09:29:30 - [MESSAGE][INFO] - [SELF-HEALING] No working XPath is found.

22-10-2025T09:29:32 - [MESSAGE][INFO] - Unable to find the element located by 'By.xpath: '. Please recheck the objects properties to make sure the desired element is located. 

22-10-2025T09:29:32 - [MESSAGE][WARNING] - [SELF-HEALING] Cannot find elements when the selector is null

22-10-2025T09:29:32 - [MESSAGE][WARNING] - Web element with id: 'Object Repository/TripFocus/Testing_Notification_btn' located by '//*[@id="__BVID__10___BV_modal_footer_"]/button' not found

22-10-2025T09:29:32 - [TEST_STEP][PASSED] - if (verifyElementVisible(findTestObject("TripFocus/Testing_Notification_btn"), OPTIONAL) == true): Web element with id: 'Object Repository/TripFocus/Testing_Notification_btn' located by '//*[@id="__BVID__10___BV_modal_footer_"]/button' not found (Root cause: com.kms.katalon.core.exception.StepFailedException: Web element with id: 'Object Repository/TripFocus/Testing_Notification_btn' located by '//*[@id="__BVID__10___BV_modal_footer_"]/button' not found
	at com.kms.katalon.core.webui.keyword.internal.WebUIKeywordMain.stepFailed(WebUIKeywordMain.groovy:117)
	at com.kms.katalon.core.webui.keyword.builtin.VerifyElementVisibleKeyword$_verifyElementVisible_closure1.doCall(VerifyElementVisibleKeyword.groovy:89)
	at com.kms.katalon.core.webui.keyword.builtin.VerifyElementVisibleKeyword$_verifyElementVisible_closure1.call(VerifyElementVisibleKeyword.groovy)
	at com.kms.katalon.core.webui.keyword.internal.WebUIKeywordMain.runKeyword(WebUIKeywordMain.groovy:35)
	at com.kms.katalon.core.webui.keyword.builtin.VerifyElementVisibleKeyword.verifyElementVisible(VerifyElementVisibleKeyword.groovy:97)
	at com.kms.katalon.core.webui.keyword.builtin.VerifyElementVisibleKeyword.execute(VerifyElementVisibleKeyword.groovy:67)
	at com.kms.katalon.core.keyword.internal.KeywordExecutor.executeKeywordForPlatform(KeywordExecutor.groovy:74)
	at com.kms.katalon.core.webui.keyword.WebUiBuiltInKeywords.verifyElementVisible(WebUiBuiltInKeywords.groovy:401)
	at com.kms.katalon.core.webui.keyword.WebUiBuiltInKeywords$verifyElementVisible$6.call(Unknown Source)
	at TF Sign In.run(TF Sign In:33)
	at com.kms.katalon.core.main.ScriptEngine.run(ScriptEngine.java:194)
	at com.kms.katalon.core.main.ScriptEngine.runScriptAsRawText(ScriptEngine.java:119)
	at com.kms.katalon.core.main.TestCaseExecutor.runScript(TestCaseExecutor.java:448)
	at com.kms.katalon.core.main.TestCaseExecutor.doExecute(TestCaseExecutor.java:439)
	at com.kms.katalon.core.main.TestCaseExecutor.processExecutionPhase(TestCaseExecutor.java:418)
	at com.kms.katalon.core.main.TestCaseExecutor.accessMainPhase(TestCaseExecutor.java:410)
	at com.kms.katalon.core.main.TestCaseExecutor.execute(TestCaseExecutor.java:285)
	at com.kms.katalon.core.main.TestCaseMain.runTestCase(TestCaseMain.java:137)
	at com.kms.katalon.core.keyword.builtin.CallTestCaseKeyword$_callTestCase_closure1.doCall(CallTestCaseKeyword.groovy:59)
	at com.kms.katalon.core.keyword.builtin.CallTestCaseKeyword$_callTestCase_closure1.call(CallTestCaseKeyword.groovy)
	at com.kms.katalon.core.keyword.internal.KeywordMain.runKeyword(KeywordMain.groovy:75)
	at com.kms.katalon.core.keyword.builtin.CallTestCaseKeyword.callTestCase(CallTestCaseKeyword.groovy:81)
	at com.kms.katalon.core.keyword.builtin.CallTestCaseKeyword.execute(CallTestCaseKeyword.groovy:44)
	at com.kms.katalon.core.keyword.internal.KeywordExecutor.executeKeywordForPlatform(KeywordExecutor.groovy:74)
	at com.kms.katalon.core.keyword.BuiltinKeywords.callTestCase(BuiltinKeywords.groovy:310)
	at jdk.internal.reflect.GeneratedMethodAccessor33.invoke(Unknown Source)
	at java.base/jdk.internal.reflect.DelegatingMethodAccessorImpl.invoke(DelegatingMethodAccessorImpl.java:43)
	at FDG - Verify Order Cancelled Notification.run(FDG - Verify Order Cancelled Notification:22)
	at com.kms.katalon.core.main.ScriptEngine.run(ScriptEngine.java:194)
	at com.kms.katalon.core.main.ScriptEngine.runScriptAsRawText(ScriptEngine.java:119)
	at com.kms.katalon.core.main.TestCaseExecutor.runScript(TestCaseExecutor.java:448)
	at com.kms.katalon.core.main.TestCaseExecutor.doExecute(TestCaseExecutor.java:439)
	at com.kms.katalon.core.main.TestCaseExecutor.processExecutionPhase(TestCaseExecutor.java:418)
	at com.kms.katalon.core.main.TestCaseExecutor.accessMainPhase(TestCaseExecutor.java:410)
	at com.kms.katalon.core.main.TestCaseExecutor.execute(TestCaseExecutor.java:285)
	at com.kms.katalon.core.common.CommonExecutor.accessTestCaseMainPhase(CommonExecutor.java:65)
	at com.kms.katalon.core.main.TestSuiteExecutor.accessTestSuiteMainPhase(TestSuiteExecutor.java:150)
	at com.kms.katalon.core.main.TestSuiteExecutor.execute(TestSuiteExecutor.java:106)
	at com.kms.katalon.core.main.TestCaseMain.startTestSuite(TestCaseMain.java:180)
	at com.kms.katalon.core.main.TestCaseMain$startTestSuite$0.call(Unknown Source)
	at TempTestSuite1761139051700.run(TempTestSuite1761139051700.groovy:35)
	at java.base/jdk.internal.reflect.NativeMethodAccessorImpl.invoke0(Native Method)
	at java.base/jdk.internal.reflect.NativeMethodAccessorImpl.invoke(NativeMethodAccessorImpl.java:77)
	at java.base/jdk.internal.reflect.DelegatingMethodAccessorImpl.invoke(DelegatingMethodAccessorImpl.java:43)
)

22-10-2025T09:29:48 - [MESSAGE][INFO] - Unable to find the element located by 'By.xpath: //*[@id="__BVID__10___BV_modal_footer_"]/button'. Please recheck the objects properties to make sure the desired element is located. 

22-10-2025T09:29:48 - [MESSAGE][WARNING] - [SELF-HEALING] Failed to find element with id 'Object Repository/TripFocus/Testing_Notification_btn'. Try using Self-healing.

22-10-2025T09:29:49 - [MESSAGE][INFO] - [SELF-HEALING] No working XPath is found.

22-10-2025T09:29:51 - [MESSAGE][INFO] - Unable to find the element located by 'By.xpath: '. Please recheck the objects properties to make sure the desired element is located. 

22-10-2025T09:29:51 - [MESSAGE][WARNING] - [SELF-HEALING] Cannot find elements when the selector is null

22-10-2025T09:29:51 - [MESSAGE][WARNING] - Web element with id: 'Object Repository/TripFocus/Testing_Notification_btn' located by '//*[@id="__BVID__10___BV_modal_footer_"]/button' not found (Root cause: com.kms.katalon.core.exception.StepFailedException: Web element with id: 'Object Repository/TripFocus/Testing_Notification_btn' located by '//*[@id="__BVID__10___BV_modal_footer_"]/button' not found
	at com.kms.katalon.core.webui.keyword.internal.WebUIKeywordMain.stepFailed(WebUIKeywordMain.groovy:117)
	at com.kms.katalon.core.webui.keyword.builtin.VerifyElementVisibleKeyword$_verifyElementVisible_closure1.doCall(VerifyElementVisibleKeyword.groovy:89)
	at com.kms.katalon.core.webui.keyword.builtin.VerifyElementVisibleKeyword$_verifyElementVisible_closure1.call(VerifyElementVisibleKeyword.groovy)
	at com.kms.katalon.core.webui.keyword.internal.WebUIKeywordMain.runKeyword(WebUIKeywordMain.groovy:35)
	at com.kms.katalon.core.webui.keyword.builtin.VerifyElementVisibleKeyword.verifyElementVisible(VerifyElementVisibleKeyword.groovy:97)
	at com.kms.katalon.core.webui.keyword.builtin.VerifyElementVisibleKeyword.execute(VerifyElementVisibleKeyword.groovy:67)
	at com.kms.katalon.core.keyword.internal.KeywordExecutor.executeKeywordForPlatform(KeywordExecutor.groovy:74)
	at com.kms.katalon.core.webui.keyword.WebUiBuiltInKeywords.verifyElementVisible(WebUiBuiltInKeywords.groovy:401)
	at com.kms.katalon.core.webui.keyword.WebUiBuiltInKeywords$verifyElementVisible$6.call(Unknown Source)
	at TF Sign In.run(TF Sign In:33)
	at com.kms.katalon.core.main.ScriptEngine.run(ScriptEngine.java:194)
	at com.kms.katalon.core.main.ScriptEngine.runScriptAsRawText(ScriptEngine.java:119)
	at com.kms.katalon.core.main.TestCaseExecutor.runScript(TestCaseExecutor.java:448)
	at com.kms.katalon.core.main.TestCaseExecutor.doExecute(TestCaseExecutor.java:439)
	at com.kms.katalon.core.main.TestCaseExecutor.processExecutionPhase(TestCaseExecutor.java:418)
	at com.kms.katalon.core.main.TestCaseExecutor.accessMainPhase(TestCaseExecutor.java:410)
	at com.kms.katalon.core.main.TestCaseExecutor.execute(TestCaseExecutor.java:285)
	at com.kms.katalon.core.main.TestCaseMain.runTestCase(TestCaseMain.java:137)
	at com.kms.katalon.core.keyword.builtin.CallTestCaseKeyword$_callTestCase_closure1.doCall(CallTestCaseKeyword.groovy:59)
	at com.kms.katalon.core.keyword.builtin.CallTestCaseKeyword$_callTestCase_closure1.call(CallTestCaseKeyword.groovy)
	at com.kms.katalon.core.keyword.internal.KeywordMain.runKeyword(KeywordMain.groovy:75)
	at com.kms.katalon.core.keyword.builtin.CallTestCaseKeyword.callTestCase(CallTestCaseKeyword.groovy:81)
	at com.kms.katalon.core.keyword.builtin.CallTestCaseKeyword.execute(CallTestCaseKeyword.groovy:44)
	at com.kms.katalon.core.keyword.internal.KeywordExecutor.executeKeywordForPlatform(KeywordExecutor.groovy:74)
	at com.kms.katalon.core.keyword.BuiltinKeywords.callTestCase(BuiltinKeywords.groovy:310)
	at jdk.internal.reflect.GeneratedMethodAccessor33.invoke(Unknown Source)
	at java.base/jdk.internal.reflect.DelegatingMethodAccessorImpl.invoke(DelegatingMethodAccessorImpl.java:43)
	at FDG - Verify Order Cancelled Notification.run(FDG - Verify Order Cancelled Notification:22)
	at com.kms.katalon.core.main.ScriptEngine.run(ScriptEngine.java:194)
	at com.kms.katalon.core.main.ScriptEngine.runScriptAsRawText(ScriptEngine.java:119)
	at com.kms.katalon.core.main.TestCaseExecutor.runScript(TestCaseExecutor.java:448)
	at com.kms.katalon.core.main.TestCaseExecutor.doExecute(TestCaseExecutor.java:439)
	at com.kms.katalon.core.main.TestCaseExecutor.processExecutionPhase(TestCaseExecutor.java:418)
	at com.kms.katalon.core.main.TestCaseExecutor.accessMainPhase(TestCaseExecutor.java:410)
	at com.kms.katalon.core.main.TestCaseExecutor.execute(TestCaseExecutor.java:285)
	at com.kms.katalon.core.common.CommonExecutor.accessTestCaseMainPhase(CommonExecutor.java:65)
	at com.kms.katalon.core.main.TestSuiteExecutor.accessTestSuiteMainPhase(TestSuiteExecutor.java:150)
	at com.kms.katalon.core.main.TestSuiteExecutor.execute(TestSuiteExecutor.java:106)
	at com.kms.katalon.core.main.TestCaseMain.startTestSuite(TestCaseMain.java:180)
	at com.kms.katalon.core.main.TestCaseMain$startTestSuite$0.call(Unknown Source)
	at TempTestSuite1761139051700.run(TempTestSuite1761139051700.groovy:35)
	at java.base/jdk.internal.reflect.NativeMethodAccessorImpl.invoke0(Native Method)
	at java.base/jdk.internal.reflect.NativeMethodAccessorImpl.invoke(NativeMethodAccessorImpl.java:77)
	at java.base/jdk.internal.reflect.DelegatingMethodAccessorImpl.invoke(DelegatingMethodAccessorImpl.java:43)
)

22-10-2025T09:29:51 - [MESSAGE][PASSED] - Call Test Case 'Test Cases/Utility Scripts/TF Sign In' successfully

22-10-2025T09:29:51 - [TEST_STEP][PASSED] - click(findTestObject("TripFocus/Notifications/Notifications Tab")): Object: 'Object Repository/TripFocus/Notifications/Notifications Tab' is clicked on

22-10-2025T09:29:51 - [MESSAGE][PASSED] - Object: 'Object Repository/TripFocus/Notifications/Notifications Tab' is clicked on

22-10-2025T09:29:51 - [TEST_STEP][PASSED] - delay(5): Delayed 5 second(s)

22-10-2025T09:29:56 - [MESSAGE][PASSED] - Delayed 5 second(s)

22-10-2025T09:29:56 - [TEST_STEP][PASSED] - click(findTestObject("Object Repository/TripFocus/Page_TripFocus/button_Add New Notification")): Object: 'Object Repository/TripFocus/Page_TripFocus/button_Add New Notification' is clicked on

22-10-2025T09:29:57 - [MESSAGE][PASSED] - Object: 'Object Repository/TripFocus/Page_TripFocus/button_Add New Notification' is clicked on

22-10-2025T09:29:57 - [TEST_STEP][PASSED] - delay(5): Delayed 5 second(s)

22-10-2025T09:30:02 - [MESSAGE][PASSED] - Delayed 5 second(s)

22-10-2025T09:30:02 - [TEST_STEP][PASSED] - sendKeys(findTestObject("TripFocus/Notifications/Notification Events_txt"), "Order Cancelled"): Keys 'Order Cancelled' sent to object: 'Object Repository/TripFocus/Notifications/Notification Events_txt'

22-10-2025T09:30:02 - [MESSAGE][PASSED] - Keys 'Order Cancelled' sent to object: 'Object Repository/TripFocus/Notifications/Notification Events_txt'

22-10-2025T09:30:02 - [TEST_STEP][PASSED] - delay(2): Delayed 2 second(s)

22-10-2025T09:30:04 - [MESSAGE][PASSED] - Delayed 2 second(s)

22-10-2025T09:30:04 - [TEST_STEP][PASSED] - sendKeys(findTestObject("TripFocus/Notifications/Notification Events_txt"), Keys.chord(ENTER)): Keys 'ENTER + ' sent to object: 'Object Repository/TripFocus/Notifications/Notification Events_txt'

22-10-2025T09:30:04 - [MESSAGE][PASSED] - Keys 'ENTER + ' sent to object: 'Object Repository/TripFocus/Notifications/Notification Events_txt'

22-10-2025T09:30:04 - [TEST_STEP][PASSED] - delay(2): Delayed 2 second(s)

22-10-2025T09:30:06 - [MESSAGE][PASSED] - Delayed 2 second(s)

22-10-2025T09:30:06 - [TEST_STEP][PASSED] - click(findTestObject("TripFocus/Page_TripFocus/textarea_Send To_txtSendTo")): Object: 'Object Repository/TripFocus/Page_TripFocus/textarea_Send To_txtSendTo' is clicked on

22-10-2025T09:30:06 - [MESSAGE][PASSED] - Object: 'Object Repository/TripFocus/Page_TripFocus/textarea_Send To_txtSendTo' is clicked on

22-10-2025T09:30:06 - [TEST_STEP][PASSED] - delay(2): Delayed 2 second(s)

22-10-2025T09:30:08 - [MESSAGE][PASSED] - Delayed 2 second(s)

22-10-2025T09:30:08 - [TEST_STEP][PASSED] - verifyElementText(findTestObject("TripFocus/Notifications/Selected Notification_option"), "Order Cancelled"): Actual text and expected text of test object 'Object Repository/TripFocus/Notifications/Selected Notification_option' are matched.

22-10-2025T09:30:08 - [MESSAGE][PASSED] - Actual text and expected text of test object 'Object Repository/TripFocus/Notifications/Selected Notification_option' are matched.

22-10-2025T09:30:08 - [TEST_STEP][PASSED] - closeBrowser(STOP_ON_FAILURE): Browser is closed

22-10-2025T09:30:08 - [MESSAGE][PASSED] - Browser is closed

22-10-2025T09:30:08 - [TEST_STEP][PASSED] - Start listener action : retryOnDisconnect: null

22-10-2025T09:30:08 - [TEST_STEP][PASSED] - tcId = testCaseContext.getTestCaseId(): null

22-10-2025T09:30:08 - [TEST_STEP][PASSED] - currentRetry = retryCounts.getOrDefault(tcId, 0): null

22-10-2025T09:30:08 - [TEST_STEP][PASSED] - if (testCaseContext.getTestCaseStatus() == "FAILED" && currentRetry < MAX_RETRIES): null]]></system-out>
         <system-err><![CDATA[]]></system-err>
      </testcase>
      <testcase name="Test Cases/TripFocus/FDG/FDG - Notification/FDG - Verify Order Changed Notification" time="55.222" classname="Test Cases/TripFocus/FDG/FDG - Notification/FDG - Verify Order Changed Notification" status="PASSED">
         <system-out><![CDATA[22-10-2025T09:30:08 - [TEST_CASE][PASSED] - Test Cases/TripFocus/FDG/FDG - Notification/FDG - Verify Order Changed Notification: Test Cases/TripFocus/FDG/FDG - Notification/FDG - Verify Order Changed Notification

22-10-2025T09:30:08 - [TEST_STEP][PASSED] - Start listener action : beforeTestCase: null

22-10-2025T09:30:08 - [TEST_STEP][PASSED] - addDefaultPackages(): null

22-10-2025T09:30:08 - [TEST_STEP][PASSED] - callTestCase(findTestCase("Utility Scripts/Open Browser"), ["destinationURL":TFBaseURL], STOP_ON_FAILURE): Call Test Case 'Test Cases/Utility Scripts/Open Browser' successfully

22-10-2025T09:30:08 - [TEST_CASE][PASSED] - Test Cases/Utility Scripts/Open Browser: Test Cases/Utility Scripts/Open Browser

22-10-2025T09:30:08 - [TEST_STEP][PASSED] - openBrowser(""): Browser is opened with url: ''

22-10-2025T09:30:08 - [MESSAGE][INFO] - Starting 'Chrome' driver

22-10-2025T09:30:08 - [MESSAGE][INFO] - User set preference: ['args', '[--no-sandbox, --disable-gpu, --disable-dev-shm-usage]']

22-10-2025T09:30:08 - [MESSAGE][INFO] - Action delay is set to 0 milliseconds

22-10-2025T09:30:09 - [MESSAGE][PASSED] - Browser is opened with url: ''

22-10-2025T09:30:09 - [TEST_STEP][PASSED] - navigateToUrl(destinationURL): Navigate to 'https://www.qa.tripfocus.com' successfully

22-10-2025T09:30:10 - [MESSAGE][PASSED] - Navigate to 'https://www.qa.tripfocus.com' successfully

22-10-2025T09:30:10 - [TEST_STEP][PASSED] - if (maximizeWindow == true): Current window maximized

22-10-2025T09:30:10 - [TEST_STEP][PASSED] - maximizeWindow(STOP_ON_FAILURE): Current window maximized

22-10-2025T09:30:10 - [MESSAGE][PASSED] - Current window maximized

22-10-2025T09:30:10 - [MESSAGE][PASSED] - Call Test Case 'Test Cases/Utility Scripts/Open Browser' successfully

22-10-2025T09:30:10 - [TEST_STEP][PASSED] - callTestCase(findTestCase("Utility Scripts/TF Sign In"), ["userName":TripFocusPenskeFDGUsername, "password":TripFocusFDGSPGPassword], STOP_ON_FAILURE): Call Test Case 'Test Cases/Utility Scripts/TF Sign In' successfully

22-10-2025T09:30:10 - [TEST_CASE][PASSED] - Test Cases/Utility Scripts/TF Sign In: Test Cases/Utility Scripts/TF Sign In

22-10-2025T09:30:10 - [TEST_STEP][PASSED] - click(findTestObject("Object Repository/TripFocus/Page_TripFocus/button_Sign in")): Object: 'Object Repository/TripFocus/Page_TripFocus/button_Sign in' is clicked on

22-10-2025T09:30:10 - [MESSAGE][PASSED] - Object: 'Object Repository/TripFocus/Page_TripFocus/button_Sign in' is clicked on

22-10-2025T09:30:10 - [TEST_STEP][PASSED] - setText(findTestObject("Object Repository/TripFocus/Page_TripFocus/input_Username (e.g. email address)_Username"), userName): Text 'Ashford.Chenault+PenskeCustomerFDGONLY@thekag.com' is set on object 'Object Repository/TripFocus/Page_TripFocus/input_Username (e.g. email address)_Username'

22-10-2025T09:30:11 - [MESSAGE][PASSED] - Text 'Ashford.Chenault+PenskeCustomerFDGONLY@thekag.com' is set on object 'Object Repository/TripFocus/Page_TripFocus/input_Username (e.g. email address)_Username'

22-10-2025T09:30:11 - [TEST_STEP][PASSED] - setText(findTestObject("Object Repository/TripFocus/Page_TripFocus/input_Password_Password"), password): Text 'CrashBan911!!' is set on object 'Object Repository/TripFocus/Page_TripFocus/input_Password_Password'

22-10-2025T09:30:11 - [MESSAGE][PASSED] - Text 'CrashBan911!!' is set on object 'Object Repository/TripFocus/Page_TripFocus/input_Password_Password'

22-10-2025T09:30:11 - [TEST_STEP][PASSED] - click(findTestObject("Object Repository/TripFocus/Page_TripFocus/button_Login")): Object: 'Object Repository/TripFocus/Page_TripFocus/button_Login' is clicked on

22-10-2025T09:30:13 - [MESSAGE][PASSED] - Object: 'Object Repository/TripFocus/Page_TripFocus/button_Login' is clicked on

22-10-2025T09:30:13 - [TEST_STEP][PASSED] - maximizeWindow(): Current window maximized

22-10-2025T09:30:13 - [MESSAGE][PASSED] - Current window maximized

22-10-2025T09:30:13 - [TEST_STEP][PASSED] - waitForElementVisible(findTestObject("TripFocus/Testing_Notification_btn"), 5, OPTIONAL): Web element with id: 'Object Repository/TripFocus/Testing_Notification_btn' located by '//*[@id="__BVID__10___BV_modal_footer_"]/button' not found

22-10-2025T09:30:19 - [MESSAGE][INFO] - Unable to find the element located by 'By.xpath: //*[@id="__BVID__10___BV_modal_footer_"]/button'. Please recheck the objects properties to make sure the desired element is located. 

22-10-2025T09:30:19 - [MESSAGE][WARNING] - [SELF-HEALING] Failed to find element with id 'Object Repository/TripFocus/Testing_Notification_btn'. Try using Self-healing.

22-10-2025T09:30:20 - [MESSAGE][INFO] - [SELF-HEALING] No working XPath is found.

22-10-2025T09:30:23 - [MESSAGE][INFO] - Unable to find the element located by 'By.xpath: '. Please recheck the objects properties to make sure the desired element is located. 

22-10-2025T09:30:23 - [MESSAGE][WARNING] - [SELF-HEALING] Cannot find elements when the selector is null

22-10-2025T09:30:23 - [MESSAGE][WARNING] - Web element with id: 'Object Repository/TripFocus/Testing_Notification_btn' located by '//*[@id="__BVID__10___BV_modal_footer_"]/button' not found

22-10-2025T09:30:23 - [TEST_STEP][PASSED] - if (verifyElementVisible(findTestObject("TripFocus/Testing_Notification_btn"), OPTIONAL) == true): Web element with id: 'Object Repository/TripFocus/Testing_Notification_btn' located by '//*[@id="__BVID__10___BV_modal_footer_"]/button' not found (Root cause: com.kms.katalon.core.exception.StepFailedException: Web element with id: 'Object Repository/TripFocus/Testing_Notification_btn' located by '//*[@id="__BVID__10___BV_modal_footer_"]/button' not found
	at com.kms.katalon.core.webui.keyword.internal.WebUIKeywordMain.stepFailed(WebUIKeywordMain.groovy:117)
	at com.kms.katalon.core.webui.keyword.builtin.VerifyElementVisibleKeyword$_verifyElementVisible_closure1.doCall(VerifyElementVisibleKeyword.groovy:89)
	at com.kms.katalon.core.webui.keyword.builtin.VerifyElementVisibleKeyword$_verifyElementVisible_closure1.call(VerifyElementVisibleKeyword.groovy)
	at com.kms.katalon.core.webui.keyword.internal.WebUIKeywordMain.runKeyword(WebUIKeywordMain.groovy:35)
	at com.kms.katalon.core.webui.keyword.builtin.VerifyElementVisibleKeyword.verifyElementVisible(VerifyElementVisibleKeyword.groovy:97)
	at com.kms.katalon.core.webui.keyword.builtin.VerifyElementVisibleKeyword.execute(VerifyElementVisibleKeyword.groovy:67)
	at com.kms.katalon.core.keyword.internal.KeywordExecutor.executeKeywordForPlatform(KeywordExecutor.groovy:74)
	at com.kms.katalon.core.webui.keyword.WebUiBuiltInKeywords.verifyElementVisible(WebUiBuiltInKeywords.groovy:401)
	at com.kms.katalon.core.webui.keyword.WebUiBuiltInKeywords$verifyElementVisible$6.call(Unknown Source)
	at TF Sign In.run(TF Sign In:33)
	at com.kms.katalon.core.main.ScriptEngine.run(ScriptEngine.java:194)
	at com.kms.katalon.core.main.ScriptEngine.runScriptAsRawText(ScriptEngine.java:119)
	at com.kms.katalon.core.main.TestCaseExecutor.runScript(TestCaseExecutor.java:448)
	at com.kms.katalon.core.main.TestCaseExecutor.doExecute(TestCaseExecutor.java:439)
	at com.kms.katalon.core.main.TestCaseExecutor.processExecutionPhase(TestCaseExecutor.java:418)
	at com.kms.katalon.core.main.TestCaseExecutor.accessMainPhase(TestCaseExecutor.java:410)
	at com.kms.katalon.core.main.TestCaseExecutor.execute(TestCaseExecutor.java:285)
	at com.kms.katalon.core.main.TestCaseMain.runTestCase(TestCaseMain.java:137)
	at com.kms.katalon.core.keyword.builtin.CallTestCaseKeyword$_callTestCase_closure1.doCall(CallTestCaseKeyword.groovy:59)
	at com.kms.katalon.core.keyword.builtin.CallTestCaseKeyword$_callTestCase_closure1.call(CallTestCaseKeyword.groovy)
	at com.kms.katalon.core.keyword.internal.KeywordMain.runKeyword(KeywordMain.groovy:75)
	at com.kms.katalon.core.keyword.builtin.CallTestCaseKeyword.callTestCase(CallTestCaseKeyword.groovy:81)
	at com.kms.katalon.core.keyword.builtin.CallTestCaseKeyword.execute(CallTestCaseKeyword.groovy:44)
	at com.kms.katalon.core.keyword.internal.KeywordExecutor.executeKeywordForPlatform(KeywordExecutor.groovy:74)
	at com.kms.katalon.core.keyword.BuiltinKeywords.callTestCase(BuiltinKeywords.groovy:310)
	at jdk.internal.reflect.GeneratedMethodAccessor33.invoke(Unknown Source)
	at java.base/jdk.internal.reflect.DelegatingMethodAccessorImpl.invoke(DelegatingMethodAccessorImpl.java:43)
	at FDG - Verify Order Changed Notification.run(FDG - Verify Order Changed Notification:22)
	at com.kms.katalon.core.main.ScriptEngine.run(ScriptEngine.java:194)
	at com.kms.katalon.core.main.ScriptEngine.runScriptAsRawText(ScriptEngine.java:119)
	at com.kms.katalon.core.main.TestCaseExecutor.runScript(TestCaseExecutor.java:448)
	at com.kms.katalon.core.main.TestCaseExecutor.doExecute(TestCaseExecutor.java:439)
	at com.kms.katalon.core.main.TestCaseExecutor.processExecutionPhase(TestCaseExecutor.java:418)
	at com.kms.katalon.core.main.TestCaseExecutor.accessMainPhase(TestCaseExecutor.java:410)
	at com.kms.katalon.core.main.TestCaseExecutor.execute(TestCaseExecutor.java:285)
	at com.kms.katalon.core.common.CommonExecutor.accessTestCaseMainPhase(CommonExecutor.java:65)
	at com.kms.katalon.core.main.TestSuiteExecutor.accessTestSuiteMainPhase(TestSuiteExecutor.java:150)
	at com.kms.katalon.core.main.TestSuiteExecutor.execute(TestSuiteExecutor.java:106)
	at com.kms.katalon.core.main.TestCaseMain.startTestSuite(TestCaseMain.java:180)
	at com.kms.katalon.core.main.TestCaseMain$startTestSuite$0.call(Unknown Source)
	at TempTestSuite1761139051700.run(TempTestSuite1761139051700.groovy:35)
	at java.base/jdk.internal.reflect.NativeMethodAccessorImpl.invoke0(Native Method)
	at java.base/jdk.internal.reflect.NativeMethodAccessorImpl.invoke(NativeMethodAccessorImpl.java:77)
	at java.base/jdk.internal.reflect.DelegatingMethodAccessorImpl.invoke(DelegatingMethodAccessorImpl.java:43)
)

22-10-2025T09:30:39 - [MESSAGE][INFO] - Unable to find the element located by 'By.xpath: //*[@id="__BVID__10___BV_modal_footer_"]/button'. Please recheck the objects properties to make sure the desired element is located. 

22-10-2025T09:30:39 - [MESSAGE][WARNING] - [SELF-HEALING] Failed to find element with id 'Object Repository/TripFocus/Testing_Notification_btn'. Try using Self-healing.

22-10-2025T09:30:40 - [MESSAGE][INFO] - [SELF-HEALING] No working XPath is found.

22-10-2025T09:30:42 - [MESSAGE][INFO] - Unable to find the element located by 'By.xpath: '. Please recheck the objects properties to make sure the desired element is located. 

22-10-2025T09:30:42 - [MESSAGE][WARNING] - [SELF-HEALING] Cannot find elements when the selector is null

22-10-2025T09:30:42 - [MESSAGE][WARNING] - Web element with id: 'Object Repository/TripFocus/Testing_Notification_btn' located by '//*[@id="__BVID__10___BV_modal_footer_"]/button' not found (Root cause: com.kms.katalon.core.exception.StepFailedException: Web element with id: 'Object Repository/TripFocus/Testing_Notification_btn' located by '//*[@id="__BVID__10___BV_modal_footer_"]/button' not found
	at com.kms.katalon.core.webui.keyword.internal.WebUIKeywordMain.stepFailed(WebUIKeywordMain.groovy:117)
	at com.kms.katalon.core.webui.keyword.builtin.VerifyElementVisibleKeyword$_verifyElementVisible_closure1.doCall(VerifyElementVisibleKeyword.groovy:89)
	at com.kms.katalon.core.webui.keyword.builtin.VerifyElementVisibleKeyword$_verifyElementVisible_closure1.call(VerifyElementVisibleKeyword.groovy)
	at com.kms.katalon.core.webui.keyword.internal.WebUIKeywordMain.runKeyword(WebUIKeywordMain.groovy:35)
	at com.kms.katalon.core.webui.keyword.builtin.VerifyElementVisibleKeyword.verifyElementVisible(VerifyElementVisibleKeyword.groovy:97)
	at com.kms.katalon.core.webui.keyword.builtin.VerifyElementVisibleKeyword.execute(VerifyElementVisibleKeyword.groovy:67)
	at com.kms.katalon.core.keyword.internal.KeywordExecutor.executeKeywordForPlatform(KeywordExecutor.groovy:74)
	at com.kms.katalon.core.webui.keyword.WebUiBuiltInKeywords.verifyElementVisible(WebUiBuiltInKeywords.groovy:401)
	at com.kms.katalon.core.webui.keyword.WebUiBuiltInKeywords$verifyElementVisible$6.call(Unknown Source)
	at TF Sign In.run(TF Sign In:33)
	at com.kms.katalon.core.main.ScriptEngine.run(ScriptEngine.java:194)
	at com.kms.katalon.core.main.ScriptEngine.runScriptAsRawText(ScriptEngine.java:119)
	at com.kms.katalon.core.main.TestCaseExecutor.runScript(TestCaseExecutor.java:448)
	at com.kms.katalon.core.main.TestCaseExecutor.doExecute(TestCaseExecutor.java:439)
	at com.kms.katalon.core.main.TestCaseExecutor.processExecutionPhase(TestCaseExecutor.java:418)
	at com.kms.katalon.core.main.TestCaseExecutor.accessMainPhase(TestCaseExecutor.java:410)
	at com.kms.katalon.core.main.TestCaseExecutor.execute(TestCaseExecutor.java:285)
	at com.kms.katalon.core.main.TestCaseMain.runTestCase(TestCaseMain.java:137)
	at com.kms.katalon.core.keyword.builtin.CallTestCaseKeyword$_callTestCase_closure1.doCall(CallTestCaseKeyword.groovy:59)
	at com.kms.katalon.core.keyword.builtin.CallTestCaseKeyword$_callTestCase_closure1.call(CallTestCaseKeyword.groovy)
	at com.kms.katalon.core.keyword.internal.KeywordMain.runKeyword(KeywordMain.groovy:75)
	at com.kms.katalon.core.keyword.builtin.CallTestCaseKeyword.callTestCase(CallTestCaseKeyword.groovy:81)
	at com.kms.katalon.core.keyword.builtin.CallTestCaseKeyword.execute(CallTestCaseKeyword.groovy:44)
	at com.kms.katalon.core.keyword.internal.KeywordExecutor.executeKeywordForPlatform(KeywordExecutor.groovy:74)
	at com.kms.katalon.core.keyword.BuiltinKeywords.callTestCase(BuiltinKeywords.groovy:310)
	at jdk.internal.reflect.GeneratedMethodAccessor33.invoke(Unknown Source)
	at java.base/jdk.internal.reflect.DelegatingMethodAccessorImpl.invoke(DelegatingMethodAccessorImpl.java:43)
	at FDG - Verify Order Changed Notification.run(FDG - Verify Order Changed Notification:22)
	at com.kms.katalon.core.main.ScriptEngine.run(ScriptEngine.java:194)
	at com.kms.katalon.core.main.ScriptEngine.runScriptAsRawText(ScriptEngine.java:119)
	at com.kms.katalon.core.main.TestCaseExecutor.runScript(TestCaseExecutor.java:448)
	at com.kms.katalon.core.main.TestCaseExecutor.doExecute(TestCaseExecutor.java:439)
	at com.kms.katalon.core.main.TestCaseExecutor.processExecutionPhase(TestCaseExecutor.java:418)
	at com.kms.katalon.core.main.TestCaseExecutor.accessMainPhase(TestCaseExecutor.java:410)
	at com.kms.katalon.core.main.TestCaseExecutor.execute(TestCaseExecutor.java:285)
	at com.kms.katalon.core.common.CommonExecutor.accessTestCaseMainPhase(CommonExecutor.java:65)
	at com.kms.katalon.core.main.TestSuiteExecutor.accessTestSuiteMainPhase(TestSuiteExecutor.java:150)
	at com.kms.katalon.core.main.TestSuiteExecutor.execute(TestSuiteExecutor.java:106)
	at com.kms.katalon.core.main.TestCaseMain.startTestSuite(TestCaseMain.java:180)
	at com.kms.katalon.core.main.TestCaseMain$startTestSuite$0.call(Unknown Source)
	at TempTestSuite1761139051700.run(TempTestSuite1761139051700.groovy:35)
	at java.base/jdk.internal.reflect.NativeMethodAccessorImpl.invoke0(Native Method)
	at java.base/jdk.internal.reflect.NativeMethodAccessorImpl.invoke(NativeMethodAccessorImpl.java:77)
	at java.base/jdk.internal.reflect.DelegatingMethodAccessorImpl.invoke(DelegatingMethodAccessorImpl.java:43)
)

22-10-2025T09:30:42 - [MESSAGE][PASSED] - Call Test Case 'Test Cases/Utility Scripts/TF Sign In' successfully

22-10-2025T09:30:42 - [TEST_STEP][PASSED] - click(findTestObject("TripFocus/Notifications/Notifications Tab")): Object: 'Object Repository/TripFocus/Notifications/Notifications Tab' is clicked on

22-10-2025T09:30:42 - [MESSAGE][PASSED] - Object: 'Object Repository/TripFocus/Notifications/Notifications Tab' is clicked on

22-10-2025T09:30:42 - [TEST_STEP][PASSED] - delay(5): Delayed 5 second(s)

22-10-2025T09:30:47 - [MESSAGE][PASSED] - Delayed 5 second(s)

22-10-2025T09:30:47 - [TEST_STEP][PASSED] - click(findTestObject("Object Repository/TripFocus/Page_TripFocus/button_Add New Notification")): Object: 'Object Repository/TripFocus/Page_TripFocus/button_Add New Notification' is clicked on

22-10-2025T09:30:47 - [MESSAGE][PASSED] - Object: 'Object Repository/TripFocus/Page_TripFocus/button_Add New Notification' is clicked on

22-10-2025T09:30:47 - [TEST_STEP][PASSED] - delay(5): Delayed 5 second(s)

22-10-2025T09:30:52 - [MESSAGE][PASSED] - Delayed 5 second(s)

22-10-2025T09:30:52 - [TEST_STEP][PASSED] - sendKeys(findTestObject("TripFocus/Notifications/Notification Events_txt"), "Order Changed"): Keys 'Order Changed' sent to object: 'Object Repository/TripFocus/Notifications/Notification Events_txt'

22-10-2025T09:30:57 - [MESSAGE][PASSED] - Keys 'Order Changed' sent to object: 'Object Repository/TripFocus/Notifications/Notification Events_txt'

22-10-2025T09:30:57 - [TEST_STEP][PASSED] - delay(2): Delayed 2 second(s)

22-10-2025T09:30:59 - [MESSAGE][PASSED] - Delayed 2 second(s)

22-10-2025T09:30:59 - [TEST_STEP][PASSED] - sendKeys(findTestObject("TripFocus/Notifications/Notification Events_txt"), Keys.chord(ENTER)): Keys 'ENTER + ' sent to object: 'Object Repository/TripFocus/Notifications/Notification Events_txt'

22-10-2025T09:30:59 - [MESSAGE][PASSED] - Keys 'ENTER + ' sent to object: 'Object Repository/TripFocus/Notifications/Notification Events_txt'

22-10-2025T09:30:59 - [TEST_STEP][PASSED] - delay(2): Delayed 2 second(s)

22-10-2025T09:31:01 - [MESSAGE][PASSED] - Delayed 2 second(s)

22-10-2025T09:31:01 - [TEST_STEP][PASSED] - click(findTestObject("TripFocus/Page_TripFocus/textarea_Send To_txtSendTo")): Object: 'Object Repository/TripFocus/Page_TripFocus/textarea_Send To_txtSendTo' is clicked on

22-10-2025T09:31:01 - [MESSAGE][PASSED] - Object: 'Object Repository/TripFocus/Page_TripFocus/textarea_Send To_txtSendTo' is clicked on

22-10-2025T09:31:01 - [TEST_STEP][PASSED] - delay(2): Delayed 2 second(s)

22-10-2025T09:31:03 - [MESSAGE][PASSED] - Delayed 2 second(s)

22-10-2025T09:31:03 - [TEST_STEP][PASSED] - verifyElementText(findTestObject("TripFocus/Notifications/Selected Notification_option"), "Order Changed"): Actual text and expected text of test object 'Object Repository/TripFocus/Notifications/Selected Notification_option' are matched.

22-10-2025T09:31:03 - [MESSAGE][PASSED] - Actual text and expected text of test object 'Object Repository/TripFocus/Notifications/Selected Notification_option' are matched.

22-10-2025T09:31:03 - [TEST_STEP][PASSED] - closeBrowser(STOP_ON_FAILURE): Browser is closed

22-10-2025T09:31:04 - [MESSAGE][PASSED] - Browser is closed

22-10-2025T09:31:04 - [TEST_STEP][PASSED] - Start listener action : retryOnDisconnect: null

22-10-2025T09:31:04 - [TEST_STEP][PASSED] - tcId = testCaseContext.getTestCaseId(): null

22-10-2025T09:31:04 - [TEST_STEP][PASSED] - currentRetry = retryCounts.getOrDefault(tcId, 0): null

22-10-2025T09:31:04 - [TEST_STEP][PASSED] - if (testCaseContext.getTestCaseStatus() == "FAILED" && currentRetry < MAX_RETRIES): null]]></system-out>
         <system-err><![CDATA[]]></system-err>
      </testcase>
      <testcase name="Test Cases/TripFocus/FDG/FDG - Notification/FDG - Verify Order Complete Notification" time="48.461" classname="Test Cases/TripFocus/FDG/FDG - Notification/FDG - Verify Order Complete Notification" status="PASSED">
         <system-out><![CDATA[22-10-2025T09:31:04 - [TEST_CASE][PASSED] - Test Cases/TripFocus/FDG/FDG - Notification/FDG - Verify Order Complete Notification: Test Cases/TripFocus/FDG/FDG - Notification/FDG - Verify Order Complete Notification

22-10-2025T09:31:04 - [TEST_STEP][PASSED] - Start listener action : beforeTestCase: null

22-10-2025T09:31:04 - [TEST_STEP][PASSED] - addDefaultPackages(): null

22-10-2025T09:31:04 - [TEST_STEP][PASSED] - callTestCase(findTestCase("Utility Scripts/Open Browser"), ["destinationURL":TFBaseURL], STOP_ON_FAILURE): Call Test Case 'Test Cases/Utility Scripts/Open Browser' successfully

22-10-2025T09:31:04 - [TEST_CASE][PASSED] - Test Cases/Utility Scripts/Open Browser: Test Cases/Utility Scripts/Open Browser

22-10-2025T09:31:04 - [TEST_STEP][PASSED] - openBrowser(""): Browser is opened with url: ''

22-10-2025T09:31:04 - [MESSAGE][INFO] - Starting 'Chrome' driver

22-10-2025T09:31:04 - [MESSAGE][INFO] - User set preference: ['args', '[--no-sandbox, --disable-gpu, --disable-dev-shm-usage]']

22-10-2025T09:31:04 - [MESSAGE][INFO] - Action delay is set to 0 milliseconds

22-10-2025T09:31:04 - [MESSAGE][PASSED] - Browser is opened with url: ''

22-10-2025T09:31:04 - [TEST_STEP][PASSED] - navigateToUrl(destinationURL): Navigate to 'https://www.qa.tripfocus.com' successfully

22-10-2025T09:31:05 - [MESSAGE][PASSED] - Navigate to 'https://www.qa.tripfocus.com' successfully

22-10-2025T09:31:05 - [TEST_STEP][PASSED] - if (maximizeWindow == true): Current window maximized

22-10-2025T09:31:05 - [TEST_STEP][PASSED] - maximizeWindow(STOP_ON_FAILURE): Current window maximized

22-10-2025T09:31:05 - [MESSAGE][PASSED] - Current window maximized

22-10-2025T09:31:05 - [MESSAGE][PASSED] - Call Test Case 'Test Cases/Utility Scripts/Open Browser' successfully

22-10-2025T09:31:05 - [TEST_STEP][PASSED] - callTestCase(findTestCase("Utility Scripts/TF Sign In"), ["userName":TripFocusPenskeFDGUsername, "password":TripFocusFDGSPGPassword], STOP_ON_FAILURE): Call Test Case 'Test Cases/Utility Scripts/TF Sign In' successfully

22-10-2025T09:31:05 - [TEST_CASE][PASSED] - Test Cases/Utility Scripts/TF Sign In: Test Cases/Utility Scripts/TF Sign In

22-10-2025T09:31:05 - [TEST_STEP][PASSED] - click(findTestObject("Object Repository/TripFocus/Page_TripFocus/button_Sign in")): Object: 'Object Repository/TripFocus/Page_TripFocus/button_Sign in' is clicked on

22-10-2025T09:31:05 - [MESSAGE][PASSED] - Object: 'Object Repository/TripFocus/Page_TripFocus/button_Sign in' is clicked on

22-10-2025T09:31:05 - [TEST_STEP][PASSED] - setText(findTestObject("Object Repository/TripFocus/Page_TripFocus/input_Username (e.g. email address)_Username"), userName): Text 'Ashford.Chenault+PenskeCustomerFDGONLY@thekag.com' is set on object 'Object Repository/TripFocus/Page_TripFocus/input_Username (e.g. email address)_Username'

22-10-2025T09:31:06 - [MESSAGE][PASSED] - Text 'Ashford.Chenault+PenskeCustomerFDGONLY@thekag.com' is set on object 'Object Repository/TripFocus/Page_TripFocus/input_Username (e.g. email address)_Username'

22-10-2025T09:31:06 - [TEST_STEP][PASSED] - setText(findTestObject("Object Repository/TripFocus/Page_TripFocus/input_Password_Password"), password): Text 'CrashBan911!!' is set on object 'Object Repository/TripFocus/Page_TripFocus/input_Password_Password'

22-10-2025T09:31:06 - [MESSAGE][PASSED] - Text 'CrashBan911!!' is set on object 'Object Repository/TripFocus/Page_TripFocus/input_Password_Password'

22-10-2025T09:31:06 - [TEST_STEP][PASSED] - click(findTestObject("Object Repository/TripFocus/Page_TripFocus/button_Login")): Object: 'Object Repository/TripFocus/Page_TripFocus/button_Login' is clicked on

22-10-2025T09:31:06 - [MESSAGE][PASSED] - Object: 'Object Repository/TripFocus/Page_TripFocus/button_Login' is clicked on

22-10-2025T09:31:06 - [TEST_STEP][PASSED] - maximizeWindow(): Current window maximized

22-10-2025T09:31:07 - [MESSAGE][PASSED] - Current window maximized

22-10-2025T09:31:07 - [TEST_STEP][PASSED] - waitForElementVisible(findTestObject("TripFocus/Testing_Notification_btn"), 5, OPTIONAL): Web element with id: 'Object Repository/TripFocus/Testing_Notification_btn' located by '//*[@id="__BVID__10___BV_modal_footer_"]/button' not found

22-10-2025T09:31:13 - [MESSAGE][INFO] - Unable to find the element located by 'By.xpath: //*[@id="__BVID__10___BV_modal_footer_"]/button'. Please recheck the objects properties to make sure the desired element is located. 

22-10-2025T09:31:13 - [MESSAGE][WARNING] - [SELF-HEALING] Failed to find element with id 'Object Repository/TripFocus/Testing_Notification_btn'. Try using Self-healing.

22-10-2025T09:31:14 - [MESSAGE][INFO] - [SELF-HEALING] No working XPath is found.

22-10-2025T09:31:16 - [MESSAGE][INFO] - Unable to find the element located by 'By.xpath: '. Please recheck the objects properties to make sure the desired element is located. 

22-10-2025T09:31:16 - [MESSAGE][WARNING] - [SELF-HEALING] Cannot find elements when the selector is null

22-10-2025T09:31:16 - [MESSAGE][WARNING] - Web element with id: 'Object Repository/TripFocus/Testing_Notification_btn' located by '//*[@id="__BVID__10___BV_modal_footer_"]/button' not found

22-10-2025T09:31:16 - [TEST_STEP][PASSED] - if (verifyElementVisible(findTestObject("TripFocus/Testing_Notification_btn"), OPTIONAL) == true): Web element with id: 'Object Repository/TripFocus/Testing_Notification_btn' located by '//*[@id="__BVID__10___BV_modal_footer_"]/button' not found (Root cause: com.kms.katalon.core.exception.StepFailedException: Web element with id: 'Object Repository/TripFocus/Testing_Notification_btn' located by '//*[@id="__BVID__10___BV_modal_footer_"]/button' not found
	at com.kms.katalon.core.webui.keyword.internal.WebUIKeywordMain.stepFailed(WebUIKeywordMain.groovy:117)
	at com.kms.katalon.core.webui.keyword.builtin.VerifyElementVisibleKeyword$_verifyElementVisible_closure1.doCall(VerifyElementVisibleKeyword.groovy:89)
	at com.kms.katalon.core.webui.keyword.builtin.VerifyElementVisibleKeyword$_verifyElementVisible_closure1.call(VerifyElementVisibleKeyword.groovy)
	at com.kms.katalon.core.webui.keyword.internal.WebUIKeywordMain.runKeyword(WebUIKeywordMain.groovy:35)
	at com.kms.katalon.core.webui.keyword.builtin.VerifyElementVisibleKeyword.verifyElementVisible(VerifyElementVisibleKeyword.groovy:97)
	at com.kms.katalon.core.webui.keyword.builtin.VerifyElementVisibleKeyword.execute(VerifyElementVisibleKeyword.groovy:67)
	at com.kms.katalon.core.keyword.internal.KeywordExecutor.executeKeywordForPlatform(KeywordExecutor.groovy:74)
	at com.kms.katalon.core.webui.keyword.WebUiBuiltInKeywords.verifyElementVisible(WebUiBuiltInKeywords.groovy:401)
	at com.kms.katalon.core.webui.keyword.WebUiBuiltInKeywords$verifyElementVisible$6.call(Unknown Source)
	at TF Sign In.run(TF Sign In:33)
	at com.kms.katalon.core.main.ScriptEngine.run(ScriptEngine.java:194)
	at com.kms.katalon.core.main.ScriptEngine.runScriptAsRawText(ScriptEngine.java:119)
	at com.kms.katalon.core.main.TestCaseExecutor.runScript(TestCaseExecutor.java:448)
	at com.kms.katalon.core.main.TestCaseExecutor.doExecute(TestCaseExecutor.java:439)
	at com.kms.katalon.core.main.TestCaseExecutor.processExecutionPhase(TestCaseExecutor.java:418)
	at com.kms.katalon.core.main.TestCaseExecutor.accessMainPhase(TestCaseExecutor.java:410)
	at com.kms.katalon.core.main.TestCaseExecutor.execute(TestCaseExecutor.java:285)
	at com.kms.katalon.core.main.TestCaseMain.runTestCase(TestCaseMain.java:137)
	at com.kms.katalon.core.keyword.builtin.CallTestCaseKeyword$_callTestCase_closure1.doCall(CallTestCaseKeyword.groovy:59)
	at com.kms.katalon.core.keyword.builtin.CallTestCaseKeyword$_callTestCase_closure1.call(CallTestCaseKeyword.groovy)
	at com.kms.katalon.core.keyword.internal.KeywordMain.runKeyword(KeywordMain.groovy:75)
	at com.kms.katalon.core.keyword.builtin.CallTestCaseKeyword.callTestCase(CallTestCaseKeyword.groovy:81)
	at com.kms.katalon.core.keyword.builtin.CallTestCaseKeyword.execute(CallTestCaseKeyword.groovy:44)
	at com.kms.katalon.core.keyword.internal.KeywordExecutor.executeKeywordForPlatform(KeywordExecutor.groovy:74)
	at com.kms.katalon.core.keyword.BuiltinKeywords.callTestCase(BuiltinKeywords.groovy:310)
	at jdk.internal.reflect.GeneratedMethodAccessor33.invoke(Unknown Source)
	at java.base/jdk.internal.reflect.DelegatingMethodAccessorImpl.invoke(DelegatingMethodAccessorImpl.java:43)
	at FDG - Verify Order Complete Notification.run(FDG - Verify Order Complete Notification:22)
	at com.kms.katalon.core.main.ScriptEngine.run(ScriptEngine.java:194)
	at com.kms.katalon.core.main.ScriptEngine.runScriptAsRawText(ScriptEngine.java:119)
	at com.kms.katalon.core.main.TestCaseExecutor.runScript(TestCaseExecutor.java:448)
	at com.kms.katalon.core.main.TestCaseExecutor.doExecute(TestCaseExecutor.java:439)
	at com.kms.katalon.core.main.TestCaseExecutor.processExecutionPhase(TestCaseExecutor.java:418)
	at com.kms.katalon.core.main.TestCaseExecutor.accessMainPhase(TestCaseExecutor.java:410)
	at com.kms.katalon.core.main.TestCaseExecutor.execute(TestCaseExecutor.java:285)
	at com.kms.katalon.core.common.CommonExecutor.accessTestCaseMainPhase(CommonExecutor.java:65)
	at com.kms.katalon.core.main.TestSuiteExecutor.accessTestSuiteMainPhase(TestSuiteExecutor.java:150)
	at com.kms.katalon.core.main.TestSuiteExecutor.execute(TestSuiteExecutor.java:106)
	at com.kms.katalon.core.main.TestCaseMain.startTestSuite(TestCaseMain.java:180)
	at com.kms.katalon.core.main.TestCaseMain$startTestSuite$0.call(Unknown Source)
	at TempTestSuite1761139051700.run(TempTestSuite1761139051700.groovy:35)
	at java.base/jdk.internal.reflect.NativeMethodAccessorImpl.invoke0(Native Method)
	at java.base/jdk.internal.reflect.NativeMethodAccessorImpl.invoke(NativeMethodAccessorImpl.java:77)
	at java.base/jdk.internal.reflect.DelegatingMethodAccessorImpl.invoke(DelegatingMethodAccessorImpl.java:43)
)

22-10-2025T09:31:32 - [MESSAGE][INFO] - Unable to find the element located by 'By.xpath: //*[@id="__BVID__10___BV_modal_footer_"]/button'. Please recheck the objects properties to make sure the desired element is located. 

22-10-2025T09:31:32 - [MESSAGE][WARNING] - [SELF-HEALING] Failed to find element with id 'Object Repository/TripFocus/Testing_Notification_btn'. Try using Self-healing.

22-10-2025T09:31:33 - [MESSAGE][INFO] - [SELF-HEALING] No working XPath is found.

22-10-2025T09:31:35 - [MESSAGE][INFO] - Unable to find the element located by 'By.xpath: '. Please recheck the objects properties to make sure the desired element is located. 

22-10-2025T09:31:35 - [MESSAGE][WARNING] - [SELF-HEALING] Cannot find elements when the selector is null

22-10-2025T09:31:35 - [MESSAGE][WARNING] - Web element with id: 'Object Repository/TripFocus/Testing_Notification_btn' located by '//*[@id="__BVID__10___BV_modal_footer_"]/button' not found (Root cause: com.kms.katalon.core.exception.StepFailedException: Web element with id: 'Object Repository/TripFocus/Testing_Notification_btn' located by '//*[@id="__BVID__10___BV_modal_footer_"]/button' not found
	at com.kms.katalon.core.webui.keyword.internal.WebUIKeywordMain.stepFailed(WebUIKeywordMain.groovy:117)
	at com.kms.katalon.core.webui.keyword.builtin.VerifyElementVisibleKeyword$_verifyElementVisible_closure1.doCall(VerifyElementVisibleKeyword.groovy:89)
	at com.kms.katalon.core.webui.keyword.builtin.VerifyElementVisibleKeyword$_verifyElementVisible_closure1.call(VerifyElementVisibleKeyword.groovy)
	at com.kms.katalon.core.webui.keyword.internal.WebUIKeywordMain.runKeyword(WebUIKeywordMain.groovy:35)
	at com.kms.katalon.core.webui.keyword.builtin.VerifyElementVisibleKeyword.verifyElementVisible(VerifyElementVisibleKeyword.groovy:97)
	at com.kms.katalon.core.webui.keyword.builtin.VerifyElementVisibleKeyword.execute(VerifyElementVisibleKeyword.groovy:67)
	at com.kms.katalon.core.keyword.internal.KeywordExecutor.executeKeywordForPlatform(KeywordExecutor.groovy:74)
	at com.kms.katalon.core.webui.keyword.WebUiBuiltInKeywords.verifyElementVisible(WebUiBuiltInKeywords.groovy:401)
	at com.kms.katalon.core.webui.keyword.WebUiBuiltInKeywords$verifyElementVisible$6.call(Unknown Source)
	at TF Sign In.run(TF Sign In:33)
	at com.kms.katalon.core.main.ScriptEngine.run(ScriptEngine.java:194)
	at com.kms.katalon.core.main.ScriptEngine.runScriptAsRawText(ScriptEngine.java:119)
	at com.kms.katalon.core.main.TestCaseExecutor.runScript(TestCaseExecutor.java:448)
	at com.kms.katalon.core.main.TestCaseExecutor.doExecute(TestCaseExecutor.java:439)
	at com.kms.katalon.core.main.TestCaseExecutor.processExecutionPhase(TestCaseExecutor.java:418)
	at com.kms.katalon.core.main.TestCaseExecutor.accessMainPhase(TestCaseExecutor.java:410)
	at com.kms.katalon.core.main.TestCaseExecutor.execute(TestCaseExecutor.java:285)
	at com.kms.katalon.core.main.TestCaseMain.runTestCase(TestCaseMain.java:137)
	at com.kms.katalon.core.keyword.builtin.CallTestCaseKeyword$_callTestCase_closure1.doCall(CallTestCaseKeyword.groovy:59)
	at com.kms.katalon.core.keyword.builtin.CallTestCaseKeyword$_callTestCase_closure1.call(CallTestCaseKeyword.groovy)
	at com.kms.katalon.core.keyword.internal.KeywordMain.runKeyword(KeywordMain.groovy:75)
	at com.kms.katalon.core.keyword.builtin.CallTestCaseKeyword.callTestCase(CallTestCaseKeyword.groovy:81)
	at com.kms.katalon.core.keyword.builtin.CallTestCaseKeyword.execute(CallTestCaseKeyword.groovy:44)
	at com.kms.katalon.core.keyword.internal.KeywordExecutor.executeKeywordForPlatform(KeywordExecutor.groovy:74)
	at com.kms.katalon.core.keyword.BuiltinKeywords.callTestCase(BuiltinKeywords.groovy:310)
	at jdk.internal.reflect.GeneratedMethodAccessor33.invoke(Unknown Source)
	at java.base/jdk.internal.reflect.DelegatingMethodAccessorImpl.invoke(DelegatingMethodAccessorImpl.java:43)
	at FDG - Verify Order Complete Notification.run(FDG - Verify Order Complete Notification:22)
	at com.kms.katalon.core.main.ScriptEngine.run(ScriptEngine.java:194)
	at com.kms.katalon.core.main.ScriptEngine.runScriptAsRawText(ScriptEngine.java:119)
	at com.kms.katalon.core.main.TestCaseExecutor.runScript(TestCaseExecutor.java:448)
	at com.kms.katalon.core.main.TestCaseExecutor.doExecute(TestCaseExecutor.java:439)
	at com.kms.katalon.core.main.TestCaseExecutor.processExecutionPhase(TestCaseExecutor.java:418)
	at com.kms.katalon.core.main.TestCaseExecutor.accessMainPhase(TestCaseExecutor.java:410)
	at com.kms.katalon.core.main.TestCaseExecutor.execute(TestCaseExecutor.java:285)
	at com.kms.katalon.core.common.CommonExecutor.accessTestCaseMainPhase(CommonExecutor.java:65)
	at com.kms.katalon.core.main.TestSuiteExecutor.accessTestSuiteMainPhase(TestSuiteExecutor.java:150)
	at com.kms.katalon.core.main.TestSuiteExecutor.execute(TestSuiteExecutor.java:106)
	at com.kms.katalon.core.main.TestCaseMain.startTestSuite(TestCaseMain.java:180)
	at com.kms.katalon.core.main.TestCaseMain$startTestSuite$0.call(Unknown Source)
	at TempTestSuite1761139051700.run(TempTestSuite1761139051700.groovy:35)
	at java.base/jdk.internal.reflect.NativeMethodAccessorImpl.invoke0(Native Method)
	at java.base/jdk.internal.reflect.NativeMethodAccessorImpl.invoke(NativeMethodAccessorImpl.java:77)
	at java.base/jdk.internal.reflect.DelegatingMethodAccessorImpl.invoke(DelegatingMethodAccessorImpl.java:43)
)

22-10-2025T09:31:35 - [MESSAGE][PASSED] - Call Test Case 'Test Cases/Utility Scripts/TF Sign In' successfully

22-10-2025T09:31:35 - [TEST_STEP][PASSED] - click(findTestObject("TripFocus/Notifications/Notifications Tab")): Object: 'Object Repository/TripFocus/Notifications/Notifications Tab' is clicked on

22-10-2025T09:31:35 - [MESSAGE][PASSED] - Object: 'Object Repository/TripFocus/Notifications/Notifications Tab' is clicked on

22-10-2025T09:31:35 - [TEST_STEP][PASSED] - delay(5): Delayed 5 second(s)

22-10-2025T09:31:40 - [MESSAGE][PASSED] - Delayed 5 second(s)

22-10-2025T09:31:40 - [TEST_STEP][PASSED] - click(findTestObject("Object Repository/TripFocus/Page_TripFocus/button_Add New Notification")): Object: 'Object Repository/TripFocus/Page_TripFocus/button_Add New Notification' is clicked on

22-10-2025T09:31:40 - [MESSAGE][PASSED] - Object: 'Object Repository/TripFocus/Page_TripFocus/button_Add New Notification' is clicked on

22-10-2025T09:31:40 - [TEST_STEP][PASSED] - delay(5): Delayed 5 second(s)

22-10-2025T09:31:45 - [MESSAGE][PASSED] - Delayed 5 second(s)

22-10-2025T09:31:45 - [TEST_STEP][PASSED] - sendKeys(findTestObject("TripFocus/Notifications/Notification Events_txt"), "Order Complete"): Keys 'Order Complete' sent to object: 'Object Repository/TripFocus/Notifications/Notification Events_txt'

22-10-2025T09:31:46 - [MESSAGE][PASSED] - Keys 'Order Complete' sent to object: 'Object Repository/TripFocus/Notifications/Notification Events_txt'

22-10-2025T09:31:46 - [TEST_STEP][PASSED] - delay(2): Delayed 2 second(s)

22-10-2025T09:31:48 - [MESSAGE][PASSED] - Delayed 2 second(s)

22-10-2025T09:31:48 - [TEST_STEP][PASSED] - sendKeys(findTestObject("TripFocus/Notifications/Notification Events_txt"), Keys.chord(ENTER)): Keys 'ENTER + ' sent to object: 'Object Repository/TripFocus/Notifications/Notification Events_txt'

22-10-2025T09:31:48 - [MESSAGE][PASSED] - Keys 'ENTER + ' sent to object: 'Object Repository/TripFocus/Notifications/Notification Events_txt'

22-10-2025T09:31:48 - [TEST_STEP][PASSED] - delay(2): Delayed 2 second(s)

22-10-2025T09:31:50 - [MESSAGE][PASSED] - Delayed 2 second(s)

22-10-2025T09:31:50 - [TEST_STEP][PASSED] - click(findTestObject("TripFocus/Page_TripFocus/textarea_Send To_txtSendTo")): Object: 'Object Repository/TripFocus/Page_TripFocus/textarea_Send To_txtSendTo' is clicked on

22-10-2025T09:31:50 - [MESSAGE][PASSED] - Object: 'Object Repository/TripFocus/Page_TripFocus/textarea_Send To_txtSendTo' is clicked on

22-10-2025T09:31:50 - [TEST_STEP][PASSED] - delay(2): Delayed 2 second(s)

22-10-2025T09:31:52 - [MESSAGE][PASSED] - Delayed 2 second(s)

22-10-2025T09:31:52 - [TEST_STEP][PASSED] - verifyElementText(findTestObject("TripFocus/Notifications/Selected Notification_option"), "Order Complete"): Actual text and expected text of test object 'Object Repository/TripFocus/Notifications/Selected Notification_option' are matched.

22-10-2025T09:31:52 - [MESSAGE][PASSED] - Actual text and expected text of test object 'Object Repository/TripFocus/Notifications/Selected Notification_option' are matched.

22-10-2025T09:31:52 - [TEST_STEP][PASSED] - closeBrowser(STOP_ON_FAILURE): Browser is closed

22-10-2025T09:31:52 - [MESSAGE][PASSED] - Browser is closed

22-10-2025T09:31:52 - [TEST_STEP][PASSED] - Start listener action : retryOnDisconnect: null

22-10-2025T09:31:52 - [TEST_STEP][PASSED] - tcId = testCaseContext.getTestCaseId(): null

22-10-2025T09:31:52 - [TEST_STEP][PASSED] - currentRetry = retryCounts.getOrDefault(tcId, 0): null

22-10-2025T09:31:52 - [TEST_STEP][PASSED] - if (testCaseContext.getTestCaseStatus() == "FAILED" && currentRetry < MAX_RETRIES): null]]></system-out>
         <system-err><![CDATA[]]></system-err>
      </testcase>
      <testcase name="Test Cases/TripFocus/FDG/FDG - Notification/FDG - Verify Order Confirmed Notification" time="48.856" classname="Test Cases/TripFocus/FDG/FDG - Notification/FDG - Verify Order Confirmed Notification" status="PASSED">
         <system-out><![CDATA[22-10-2025T09:31:52 - [TEST_CASE][PASSED] - Test Cases/TripFocus/FDG/FDG - Notification/FDG - Verify Order Confirmed Notification: Test Cases/TripFocus/FDG/FDG - Notification/FDG - Verify Order Confirmed Notification

22-10-2025T09:31:52 - [TEST_STEP][PASSED] - Start listener action : beforeTestCase: null

22-10-2025T09:31:52 - [TEST_STEP][PASSED] - addDefaultPackages(): null

22-10-2025T09:31:52 - [TEST_STEP][PASSED] - callTestCase(findTestCase("Utility Scripts/Open Browser"), ["destinationURL":TFBaseURL], STOP_ON_FAILURE): Call Test Case 'Test Cases/Utility Scripts/Open Browser' successfully

22-10-2025T09:31:52 - [TEST_CASE][PASSED] - Test Cases/Utility Scripts/Open Browser: Test Cases/Utility Scripts/Open Browser

22-10-2025T09:31:52 - [TEST_STEP][PASSED] - openBrowser(""): Browser is opened with url: ''

22-10-2025T09:31:52 - [MESSAGE][INFO] - Starting 'Chrome' driver

22-10-2025T09:31:52 - [MESSAGE][INFO] - User set preference: ['args', '[--no-sandbox, --disable-gpu, --disable-dev-shm-usage]']

22-10-2025T09:31:52 - [MESSAGE][INFO] - Action delay is set to 0 milliseconds

22-10-2025T09:31:53 - [MESSAGE][PASSED] - Browser is opened with url: ''

22-10-2025T09:31:53 - [TEST_STEP][PASSED] - navigateToUrl(destinationURL): Navigate to 'https://www.qa.tripfocus.com' successfully

22-10-2025T09:31:53 - [MESSAGE][PASSED] - Navigate to 'https://www.qa.tripfocus.com' successfully

22-10-2025T09:31:53 - [TEST_STEP][PASSED] - if (maximizeWindow == true): Current window maximized

22-10-2025T09:31:53 - [TEST_STEP][PASSED] - maximizeWindow(STOP_ON_FAILURE): Current window maximized

22-10-2025T09:31:54 - [MESSAGE][PASSED] - Current window maximized

22-10-2025T09:31:54 - [MESSAGE][PASSED] - Call Test Case 'Test Cases/Utility Scripts/Open Browser' successfully

22-10-2025T09:31:54 - [TEST_STEP][PASSED] - callTestCase(findTestCase("Utility Scripts/TF Sign In"), ["userName":TripFocusPenskeFDGUsername, "password":TripFocusFDGSPGPassword], STOP_ON_FAILURE): Call Test Case 'Test Cases/Utility Scripts/TF Sign In' successfully

22-10-2025T09:31:54 - [TEST_CASE][PASSED] - Test Cases/Utility Scripts/TF Sign In: Test Cases/Utility Scripts/TF Sign In

22-10-2025T09:31:54 - [TEST_STEP][PASSED] - click(findTestObject("Object Repository/TripFocus/Page_TripFocus/button_Sign in")): Object: 'Object Repository/TripFocus/Page_TripFocus/button_Sign in' is clicked on

22-10-2025T09:31:54 - [MESSAGE][PASSED] - Object: 'Object Repository/TripFocus/Page_TripFocus/button_Sign in' is clicked on

22-10-2025T09:31:54 - [TEST_STEP][PASSED] - setText(findTestObject("Object Repository/TripFocus/Page_TripFocus/input_Username (e.g. email address)_Username"), userName): Text 'Ashford.Chenault+PenskeCustomerFDGONLY@thekag.com' is set on object 'Object Repository/TripFocus/Page_TripFocus/input_Username (e.g. email address)_Username'

22-10-2025T09:31:54 - [MESSAGE][PASSED] - Text 'Ashford.Chenault+PenskeCustomerFDGONLY@thekag.com' is set on object 'Object Repository/TripFocus/Page_TripFocus/input_Username (e.g. email address)_Username'

22-10-2025T09:31:54 - [TEST_STEP][PASSED] - setText(findTestObject("Object Repository/TripFocus/Page_TripFocus/input_Password_Password"), password): Text 'CrashBan911!!' is set on object 'Object Repository/TripFocus/Page_TripFocus/input_Password_Password'

22-10-2025T09:31:55 - [MESSAGE][PASSED] - Text 'CrashBan911!!' is set on object 'Object Repository/TripFocus/Page_TripFocus/input_Password_Password'

22-10-2025T09:31:55 - [TEST_STEP][PASSED] - click(findTestObject("Object Repository/TripFocus/Page_TripFocus/button_Login")): Object: 'Object Repository/TripFocus/Page_TripFocus/button_Login' is clicked on

22-10-2025T09:31:55 - [MESSAGE][PASSED] - Object: 'Object Repository/TripFocus/Page_TripFocus/button_Login' is clicked on

22-10-2025T09:31:55 - [TEST_STEP][PASSED] - maximizeWindow(): Current window maximized

22-10-2025T09:31:55 - [MESSAGE][PASSED] - Current window maximized

22-10-2025T09:31:55 - [TEST_STEP][PASSED] - waitForElementVisible(findTestObject("TripFocus/Testing_Notification_btn"), 5, OPTIONAL): Web element with id: 'Object Repository/TripFocus/Testing_Notification_btn' located by '//*[@id="__BVID__10___BV_modal_footer_"]/button' not found

22-10-2025T09:32:02 - [MESSAGE][INFO] - Unable to find the element located by 'By.xpath: //*[@id="__BVID__10___BV_modal_footer_"]/button'. Please recheck the objects properties to make sure the desired element is located. 

22-10-2025T09:32:02 - [MESSAGE][WARNING] - [SELF-HEALING] Failed to find element with id 'Object Repository/TripFocus/Testing_Notification_btn'. Try using Self-healing.

22-10-2025T09:32:03 - [MESSAGE][INFO] - [SELF-HEALING] No working XPath is found.

22-10-2025T09:32:05 - [MESSAGE][INFO] - Unable to find the element located by 'By.xpath: '. Please recheck the objects properties to make sure the desired element is located. 

22-10-2025T09:32:05 - [MESSAGE][WARNING] - [SELF-HEALING] Cannot find elements when the selector is null

22-10-2025T09:32:05 - [MESSAGE][WARNING] - Web element with id: 'Object Repository/TripFocus/Testing_Notification_btn' located by '//*[@id="__BVID__10___BV_modal_footer_"]/button' not found

22-10-2025T09:32:05 - [TEST_STEP][PASSED] - if (verifyElementVisible(findTestObject("TripFocus/Testing_Notification_btn"), OPTIONAL) == true): Web element with id: 'Object Repository/TripFocus/Testing_Notification_btn' located by '//*[@id="__BVID__10___BV_modal_footer_"]/button' not found (Root cause: com.kms.katalon.core.exception.StepFailedException: Web element with id: 'Object Repository/TripFocus/Testing_Notification_btn' located by '//*[@id="__BVID__10___BV_modal_footer_"]/button' not found
	at com.kms.katalon.core.webui.keyword.internal.WebUIKeywordMain.stepFailed(WebUIKeywordMain.groovy:117)
	at com.kms.katalon.core.webui.keyword.builtin.VerifyElementVisibleKeyword$_verifyElementVisible_closure1.doCall(VerifyElementVisibleKeyword.groovy:89)
	at com.kms.katalon.core.webui.keyword.builtin.VerifyElementVisibleKeyword$_verifyElementVisible_closure1.call(VerifyElementVisibleKeyword.groovy)
	at com.kms.katalon.core.webui.keyword.internal.WebUIKeywordMain.runKeyword(WebUIKeywordMain.groovy:35)
	at com.kms.katalon.core.webui.keyword.builtin.VerifyElementVisibleKeyword.verifyElementVisible(VerifyElementVisibleKeyword.groovy:97)
	at com.kms.katalon.core.webui.keyword.builtin.VerifyElementVisibleKeyword.execute(VerifyElementVisibleKeyword.groovy:67)
	at com.kms.katalon.core.keyword.internal.KeywordExecutor.executeKeywordForPlatform(KeywordExecutor.groovy:74)
	at com.kms.katalon.core.webui.keyword.WebUiBuiltInKeywords.verifyElementVisible(WebUiBuiltInKeywords.groovy:401)
	at com.kms.katalon.core.webui.keyword.WebUiBuiltInKeywords$verifyElementVisible$6.call(Unknown Source)
	at TF Sign In.run(TF Sign In:33)
	at com.kms.katalon.core.main.ScriptEngine.run(ScriptEngine.java:194)
	at com.kms.katalon.core.main.ScriptEngine.runScriptAsRawText(ScriptEngine.java:119)
	at com.kms.katalon.core.main.TestCaseExecutor.runScript(TestCaseExecutor.java:448)
	at com.kms.katalon.core.main.TestCaseExecutor.doExecute(TestCaseExecutor.java:439)
	at com.kms.katalon.core.main.TestCaseExecutor.processExecutionPhase(TestCaseExecutor.java:418)
	at com.kms.katalon.core.main.TestCaseExecutor.accessMainPhase(TestCaseExecutor.java:410)
	at com.kms.katalon.core.main.TestCaseExecutor.execute(TestCaseExecutor.java:285)
	at com.kms.katalon.core.main.TestCaseMain.runTestCase(TestCaseMain.java:137)
	at com.kms.katalon.core.keyword.builtin.CallTestCaseKeyword$_callTestCase_closure1.doCall(CallTestCaseKeyword.groovy:59)
	at com.kms.katalon.core.keyword.builtin.CallTestCaseKeyword$_callTestCase_closure1.call(CallTestCaseKeyword.groovy)
	at com.kms.katalon.core.keyword.internal.KeywordMain.runKeyword(KeywordMain.groovy:75)
	at com.kms.katalon.core.keyword.builtin.CallTestCaseKeyword.callTestCase(CallTestCaseKeyword.groovy:81)
	at com.kms.katalon.core.keyword.builtin.CallTestCaseKeyword.execute(CallTestCaseKeyword.groovy:44)
	at com.kms.katalon.core.keyword.internal.KeywordExecutor.executeKeywordForPlatform(KeywordExecutor.groovy:74)
	at com.kms.katalon.core.keyword.BuiltinKeywords.callTestCase(BuiltinKeywords.groovy:310)
	at jdk.internal.reflect.GeneratedMethodAccessor33.invoke(Unknown Source)
	at java.base/jdk.internal.reflect.DelegatingMethodAccessorImpl.invoke(DelegatingMethodAccessorImpl.java:43)
	at FDG - Verify Order Confirmed Notification.run(FDG - Verify Order Confirmed Notification:22)
	at com.kms.katalon.core.main.ScriptEngine.run(ScriptEngine.java:194)
	at com.kms.katalon.core.main.ScriptEngine.runScriptAsRawText(ScriptEngine.java:119)
	at com.kms.katalon.core.main.TestCaseExecutor.runScript(TestCaseExecutor.java:448)
	at com.kms.katalon.core.main.TestCaseExecutor.doExecute(TestCaseExecutor.java:439)
	at com.kms.katalon.core.main.TestCaseExecutor.processExecutionPhase(TestCaseExecutor.java:418)
	at com.kms.katalon.core.main.TestCaseExecutor.accessMainPhase(TestCaseExecutor.java:410)
	at com.kms.katalon.core.main.TestCaseExecutor.execute(TestCaseExecutor.java:285)
	at com.kms.katalon.core.common.CommonExecutor.accessTestCaseMainPhase(CommonExecutor.java:65)
	at com.kms.katalon.core.main.TestSuiteExecutor.accessTestSuiteMainPhase(TestSuiteExecutor.java:150)
	at com.kms.katalon.core.main.TestSuiteExecutor.execute(TestSuiteExecutor.java:106)
	at com.kms.katalon.core.main.TestCaseMain.startTestSuite(TestCaseMain.java:180)
	at com.kms.katalon.core.main.TestCaseMain$startTestSuite$0.call(Unknown Source)
	at TempTestSuite1761139051700.run(TempTestSuite1761139051700.groovy:35)
	at java.base/jdk.internal.reflect.NativeMethodAccessorImpl.invoke0(Native Method)
	at java.base/jdk.internal.reflect.NativeMethodAccessorImpl.invoke(NativeMethodAccessorImpl.java:77)
	at java.base/jdk.internal.reflect.DelegatingMethodAccessorImpl.invoke(DelegatingMethodAccessorImpl.java:43)
)

22-10-2025T09:32:21 - [MESSAGE][INFO] - Unable to find the element located by 'By.xpath: //*[@id="__BVID__10___BV_modal_footer_"]/button'. Please recheck the objects properties to make sure the desired element is located. 

22-10-2025T09:32:21 - [MESSAGE][WARNING] - [SELF-HEALING] Failed to find element with id 'Object Repository/TripFocus/Testing_Notification_btn'. Try using Self-healing.

22-10-2025T09:32:22 - [MESSAGE][INFO] - [SELF-HEALING] No working XPath is found.

22-10-2025T09:32:24 - [MESSAGE][INFO] - Unable to find the element located by 'By.xpath: '. Please recheck the objects properties to make sure the desired element is located. 

22-10-2025T09:32:24 - [MESSAGE][WARNING] - [SELF-HEALING] Cannot find elements when the selector is null

22-10-2025T09:32:24 - [MESSAGE][WARNING] - Web element with id: 'Object Repository/TripFocus/Testing_Notification_btn' located by '//*[@id="__BVID__10___BV_modal_footer_"]/button' not found (Root cause: com.kms.katalon.core.exception.StepFailedException: Web element with id: 'Object Repository/TripFocus/Testing_Notification_btn' located by '//*[@id="__BVID__10___BV_modal_footer_"]/button' not found
	at com.kms.katalon.core.webui.keyword.internal.WebUIKeywordMain.stepFailed(WebUIKeywordMain.groovy:117)
	at com.kms.katalon.core.webui.keyword.builtin.VerifyElementVisibleKeyword$_verifyElementVisible_closure1.doCall(VerifyElementVisibleKeyword.groovy:89)
	at com.kms.katalon.core.webui.keyword.builtin.VerifyElementVisibleKeyword$_verifyElementVisible_closure1.call(VerifyElementVisibleKeyword.groovy)
	at com.kms.katalon.core.webui.keyword.internal.WebUIKeywordMain.runKeyword(WebUIKeywordMain.groovy:35)
	at com.kms.katalon.core.webui.keyword.builtin.VerifyElementVisibleKeyword.verifyElementVisible(VerifyElementVisibleKeyword.groovy:97)
	at com.kms.katalon.core.webui.keyword.builtin.VerifyElementVisibleKeyword.execute(VerifyElementVisibleKeyword.groovy:67)
	at com.kms.katalon.core.keyword.internal.KeywordExecutor.executeKeywordForPlatform(KeywordExecutor.groovy:74)
	at com.kms.katalon.core.webui.keyword.WebUiBuiltInKeywords.verifyElementVisible(WebUiBuiltInKeywords.groovy:401)
	at com.kms.katalon.core.webui.keyword.WebUiBuiltInKeywords$verifyElementVisible$6.call(Unknown Source)
	at TF Sign In.run(TF Sign In:33)
	at com.kms.katalon.core.main.ScriptEngine.run(ScriptEngine.java:194)
	at com.kms.katalon.core.main.ScriptEngine.runScriptAsRawText(ScriptEngine.java:119)
	at com.kms.katalon.core.main.TestCaseExecutor.runScript(TestCaseExecutor.java:448)
	at com.kms.katalon.core.main.TestCaseExecutor.doExecute(TestCaseExecutor.java:439)
	at com.kms.katalon.core.main.TestCaseExecutor.processExecutionPhase(TestCaseExecutor.java:418)
	at com.kms.katalon.core.main.TestCaseExecutor.accessMainPhase(TestCaseExecutor.java:410)
	at com.kms.katalon.core.main.TestCaseExecutor.execute(TestCaseExecutor.java:285)
	at com.kms.katalon.core.main.TestCaseMain.runTestCase(TestCaseMain.java:137)
	at com.kms.katalon.core.keyword.builtin.CallTestCaseKeyword$_callTestCase_closure1.doCall(CallTestCaseKeyword.groovy:59)
	at com.kms.katalon.core.keyword.builtin.CallTestCaseKeyword$_callTestCase_closure1.call(CallTestCaseKeyword.groovy)
	at com.kms.katalon.core.keyword.internal.KeywordMain.runKeyword(KeywordMain.groovy:75)
	at com.kms.katalon.core.keyword.builtin.CallTestCaseKeyword.callTestCase(CallTestCaseKeyword.groovy:81)
	at com.kms.katalon.core.keyword.builtin.CallTestCaseKeyword.execute(CallTestCaseKeyword.groovy:44)
	at com.kms.katalon.core.keyword.internal.KeywordExecutor.executeKeywordForPlatform(KeywordExecutor.groovy:74)
	at com.kms.katalon.core.keyword.BuiltinKeywords.callTestCase(BuiltinKeywords.groovy:310)
	at jdk.internal.reflect.GeneratedMethodAccessor33.invoke(Unknown Source)
	at java.base/jdk.internal.reflect.DelegatingMethodAccessorImpl.invoke(DelegatingMethodAccessorImpl.java:43)
	at FDG - Verify Order Confirmed Notification.run(FDG - Verify Order Confirmed Notification:22)
	at com.kms.katalon.core.main.ScriptEngine.run(ScriptEngine.java:194)
	at com.kms.katalon.core.main.ScriptEngine.runScriptAsRawText(ScriptEngine.java:119)
	at com.kms.katalon.core.main.TestCaseExecutor.runScript(TestCaseExecutor.java:448)
	at com.kms.katalon.core.main.TestCaseExecutor.doExecute(TestCaseExecutor.java:439)
	at com.kms.katalon.core.main.TestCaseExecutor.processExecutionPhase(TestCaseExecutor.java:418)
	at com.kms.katalon.core.main.TestCaseExecutor.accessMainPhase(TestCaseExecutor.java:410)
	at com.kms.katalon.core.main.TestCaseExecutor.execute(TestCaseExecutor.java:285)
	at com.kms.katalon.core.common.CommonExecutor.accessTestCaseMainPhase(CommonExecutor.java:65)
	at com.kms.katalon.core.main.TestSuiteExecutor.accessTestSuiteMainPhase(TestSuiteExecutor.java:150)
	at com.kms.katalon.core.main.TestSuiteExecutor.execute(TestSuiteExecutor.java:106)
	at com.kms.katalon.core.main.TestCaseMain.startTestSuite(TestCaseMain.java:180)
	at com.kms.katalon.core.main.TestCaseMain$startTestSuite$0.call(Unknown Source)
	at TempTestSuite1761139051700.run(TempTestSuite1761139051700.groovy:35)
	at java.base/jdk.internal.reflect.NativeMethodAccessorImpl.invoke0(Native Method)
	at java.base/jdk.internal.reflect.NativeMethodAccessorImpl.invoke(NativeMethodAccessorImpl.java:77)
	at java.base/jdk.internal.reflect.DelegatingMethodAccessorImpl.invoke(DelegatingMethodAccessorImpl.java:43)
)

22-10-2025T09:32:24 - [MESSAGE][PASSED] - Call Test Case 'Test Cases/Utility Scripts/TF Sign In' successfully

22-10-2025T09:32:24 - [TEST_STEP][PASSED] - click(findTestObject("TripFocus/Notifications/Notifications Tab")): Object: 'Object Repository/TripFocus/Notifications/Notifications Tab' is clicked on

22-10-2025T09:32:24 - [MESSAGE][PASSED] - Object: 'Object Repository/TripFocus/Notifications/Notifications Tab' is clicked on

22-10-2025T09:32:24 - [TEST_STEP][PASSED] - delay(5): Delayed 5 second(s)

22-10-2025T09:32:29 - [MESSAGE][PASSED] - Delayed 5 second(s)

22-10-2025T09:32:29 - [TEST_STEP][PASSED] - click(findTestObject("Object Repository/TripFocus/Page_TripFocus/button_Add New Notification")): Object: 'Object Repository/TripFocus/Page_TripFocus/button_Add New Notification' is clicked on

22-10-2025T09:32:29 - [MESSAGE][PASSED] - Object: 'Object Repository/TripFocus/Page_TripFocus/button_Add New Notification' is clicked on

22-10-2025T09:32:29 - [TEST_STEP][PASSED] - delay(5): Delayed 5 second(s)

22-10-2025T09:32:34 - [MESSAGE][PASSED] - Delayed 5 second(s)

22-10-2025T09:32:34 - [TEST_STEP][PASSED] - sendKeys(findTestObject("TripFocus/Notifications/Notification Events_txt"), "Order Confirmed"): Keys 'Order Confirmed' sent to object: 'Object Repository/TripFocus/Notifications/Notification Events_txt'

22-10-2025T09:32:34 - [MESSAGE][PASSED] - Keys 'Order Confirmed' sent to object: 'Object Repository/TripFocus/Notifications/Notification Events_txt'

22-10-2025T09:32:34 - [TEST_STEP][PASSED] - delay(2): Delayed 2 second(s)

22-10-2025T09:32:36 - [MESSAGE][PASSED] - Delayed 2 second(s)

22-10-2025T09:32:36 - [TEST_STEP][PASSED] - sendKeys(findTestObject("TripFocus/Notifications/Notification Events_txt"), Keys.chord(ENTER)): Keys 'ENTER + ' sent to object: 'Object Repository/TripFocus/Notifications/Notification Events_txt'

22-10-2025T09:32:37 - [MESSAGE][PASSED] - Keys 'ENTER + ' sent to object: 'Object Repository/TripFocus/Notifications/Notification Events_txt'

22-10-2025T09:32:37 - [TEST_STEP][PASSED] - delay(2): Delayed 2 second(s)

22-10-2025T09:32:39 - [MESSAGE][PASSED] - Delayed 2 second(s)

22-10-2025T09:32:39 - [TEST_STEP][PASSED] - click(findTestObject("TripFocus/Page_TripFocus/textarea_Send To_txtSendTo")): Object: 'Object Repository/TripFocus/Page_TripFocus/textarea_Send To_txtSendTo' is clicked on

22-10-2025T09:32:39 - [MESSAGE][PASSED] - Object: 'Object Repository/TripFocus/Page_TripFocus/textarea_Send To_txtSendTo' is clicked on

22-10-2025T09:32:39 - [TEST_STEP][PASSED] - delay(2): Delayed 2 second(s)

22-10-2025T09:32:41 - [MESSAGE][PASSED] - Delayed 2 second(s)

22-10-2025T09:32:41 - [TEST_STEP][PASSED] - verifyElementText(findTestObject("TripFocus/Notifications/Selected Notification_option"), "Order Confirmed"): Actual text and expected text of test object 'Object Repository/TripFocus/Notifications/Selected Notification_option' are matched.

22-10-2025T09:32:41 - [MESSAGE][PASSED] - Actual text and expected text of test object 'Object Repository/TripFocus/Notifications/Selected Notification_option' are matched.

22-10-2025T09:32:41 - [TEST_STEP][PASSED] - closeBrowser(STOP_ON_FAILURE): Browser is closed

22-10-2025T09:32:41 - [MESSAGE][PASSED] - Browser is closed

22-10-2025T09:32:41 - [TEST_STEP][PASSED] - Start listener action : retryOnDisconnect: null

22-10-2025T09:32:41 - [TEST_STEP][PASSED] - tcId = testCaseContext.getTestCaseId(): null

22-10-2025T09:32:41 - [TEST_STEP][PASSED] - currentRetry = retryCounts.getOrDefault(tcId, 0): null

22-10-2025T09:32:41 - [TEST_STEP][PASSED] - if (testCaseContext.getTestCaseStatus() == "FAILED" && currentRetry < MAX_RETRIES): null]]></system-out>
         <system-err><![CDATA[]]></system-err>
      </testcase>
      <testcase name="Test Cases/TripFocus/FDG/FDG - Notification/FDG - Verify Order Delivered Notification" time="48.84" classname="Test Cases/TripFocus/FDG/FDG - Notification/FDG - Verify Order Delivered Notification" status="PASSED">
         <system-out><![CDATA[22-10-2025T09:32:41 - [TEST_CASE][PASSED] - Test Cases/TripFocus/FDG/FDG - Notification/FDG - Verify Order Delivered Notification: Test Cases/TripFocus/FDG/FDG - Notification/FDG - Verify Order Delivered Notification

22-10-2025T09:32:41 - [TEST_STEP][PASSED] - Start listener action : beforeTestCase: null

22-10-2025T09:32:41 - [TEST_STEP][PASSED] - addDefaultPackages(): null

22-10-2025T09:32:41 - [TEST_STEP][PASSED] - callTestCase(findTestCase("Utility Scripts/Open Browser"), ["destinationURL":TFBaseURL], STOP_ON_FAILURE): Call Test Case 'Test Cases/Utility Scripts/Open Browser' successfully

22-10-2025T09:32:41 - [TEST_CASE][PASSED] - Test Cases/Utility Scripts/Open Browser: Test Cases/Utility Scripts/Open Browser

22-10-2025T09:32:41 - [TEST_STEP][PASSED] - openBrowser(""): Browser is opened with url: ''

22-10-2025T09:32:41 - [MESSAGE][INFO] - Starting 'Chrome' driver

22-10-2025T09:32:41 - [MESSAGE][INFO] - User set preference: ['args', '[--no-sandbox, --disable-gpu, --disable-dev-shm-usage]']

22-10-2025T09:32:41 - [MESSAGE][INFO] - Action delay is set to 0 milliseconds

22-10-2025T09:32:42 - [MESSAGE][PASSED] - Browser is opened with url: ''

22-10-2025T09:32:42 - [TEST_STEP][PASSED] - navigateToUrl(destinationURL): Navigate to 'https://www.qa.tripfocus.com' successfully

22-10-2025T09:32:42 - [MESSAGE][PASSED] - Navigate to 'https://www.qa.tripfocus.com' successfully

22-10-2025T09:32:42 - [TEST_STEP][PASSED] - if (maximizeWindow == true): Current window maximized

22-10-2025T09:32:42 - [TEST_STEP][PASSED] - maximizeWindow(STOP_ON_FAILURE): Current window maximized

22-10-2025T09:32:42 - [MESSAGE][PASSED] - Current window maximized

22-10-2025T09:32:42 - [MESSAGE][PASSED] - Call Test Case 'Test Cases/Utility Scripts/Open Browser' successfully

22-10-2025T09:32:42 - [TEST_STEP][PASSED] - callTestCase(findTestCase("Utility Scripts/TF Sign In"), ["userName":TripFocusPenskeFDGUsername, "password":TripFocusFDGSPGPassword], STOP_ON_FAILURE): Call Test Case 'Test Cases/Utility Scripts/TF Sign In' successfully

22-10-2025T09:32:42 - [TEST_CASE][PASSED] - Test Cases/Utility Scripts/TF Sign In: Test Cases/Utility Scripts/TF Sign In

22-10-2025T09:32:42 - [TEST_STEP][PASSED] - click(findTestObject("Object Repository/TripFocus/Page_TripFocus/button_Sign in")): Object: 'Object Repository/TripFocus/Page_TripFocus/button_Sign in' is clicked on

22-10-2025T09:32:43 - [MESSAGE][PASSED] - Object: 'Object Repository/TripFocus/Page_TripFocus/button_Sign in' is clicked on

22-10-2025T09:32:43 - [TEST_STEP][PASSED] - setText(findTestObject("Object Repository/TripFocus/Page_TripFocus/input_Username (e.g. email address)_Username"), userName): Text 'Ashford.Chenault+PenskeCustomerFDGONLY@thekag.com' is set on object 'Object Repository/TripFocus/Page_TripFocus/input_Username (e.g. email address)_Username'

22-10-2025T09:32:43 - [MESSAGE][PASSED] - Text 'Ashford.Chenault+PenskeCustomerFDGONLY@thekag.com' is set on object 'Object Repository/TripFocus/Page_TripFocus/input_Username (e.g. email address)_Username'

22-10-2025T09:32:43 - [TEST_STEP][PASSED] - setText(findTestObject("Object Repository/TripFocus/Page_TripFocus/input_Password_Password"), password): Text 'CrashBan911!!' is set on object 'Object Repository/TripFocus/Page_TripFocus/input_Password_Password'

22-10-2025T09:32:43 - [MESSAGE][PASSED] - Text 'CrashBan911!!' is set on object 'Object Repository/TripFocus/Page_TripFocus/input_Password_Password'

22-10-2025T09:32:43 - [TEST_STEP][PASSED] - click(findTestObject("Object Repository/TripFocus/Page_TripFocus/button_Login")): Object: 'Object Repository/TripFocus/Page_TripFocus/button_Login' is clicked on

22-10-2025T09:32:44 - [MESSAGE][PASSED] - Object: 'Object Repository/TripFocus/Page_TripFocus/button_Login' is clicked on

22-10-2025T09:32:44 - [TEST_STEP][PASSED] - maximizeWindow(): Current window maximized

22-10-2025T09:32:44 - [MESSAGE][PASSED] - Current window maximized

22-10-2025T09:32:44 - [TEST_STEP][PASSED] - waitForElementVisible(findTestObject("TripFocus/Testing_Notification_btn"), 5, OPTIONAL): Web element with id: 'Object Repository/TripFocus/Testing_Notification_btn' located by '//*[@id="__BVID__10___BV_modal_footer_"]/button' not found

22-10-2025T09:32:50 - [MESSAGE][INFO] - Unable to find the element located by 'By.xpath: //*[@id="__BVID__10___BV_modal_footer_"]/button'. Please recheck the objects properties to make sure the desired element is located. 

22-10-2025T09:32:50 - [MESSAGE][WARNING] - [SELF-HEALING] Failed to find element with id 'Object Repository/TripFocus/Testing_Notification_btn'. Try using Self-healing.

22-10-2025T09:32:51 - [MESSAGE][INFO] - [SELF-HEALING] No working XPath is found.

22-10-2025T09:32:53 - [MESSAGE][INFO] - Unable to find the element located by 'By.xpath: '. Please recheck the objects properties to make sure the desired element is located. 

22-10-2025T09:32:53 - [MESSAGE][WARNING] - [SELF-HEALING] Cannot find elements when the selector is null

22-10-2025T09:32:53 - [MESSAGE][WARNING] - Web element with id: 'Object Repository/TripFocus/Testing_Notification_btn' located by '//*[@id="__BVID__10___BV_modal_footer_"]/button' not found

22-10-2025T09:32:53 - [TEST_STEP][PASSED] - if (verifyElementVisible(findTestObject("TripFocus/Testing_Notification_btn"), OPTIONAL) == true): Web element with id: 'Object Repository/TripFocus/Testing_Notification_btn' located by '//*[@id="__BVID__10___BV_modal_footer_"]/button' not found (Root cause: com.kms.katalon.core.exception.StepFailedException: Web element with id: 'Object Repository/TripFocus/Testing_Notification_btn' located by '//*[@id="__BVID__10___BV_modal_footer_"]/button' not found
	at com.kms.katalon.core.webui.keyword.internal.WebUIKeywordMain.stepFailed(WebUIKeywordMain.groovy:117)
	at com.kms.katalon.core.webui.keyword.builtin.VerifyElementVisibleKeyword$_verifyElementVisible_closure1.doCall(VerifyElementVisibleKeyword.groovy:89)
	at com.kms.katalon.core.webui.keyword.builtin.VerifyElementVisibleKeyword$_verifyElementVisible_closure1.call(VerifyElementVisibleKeyword.groovy)
	at com.kms.katalon.core.webui.keyword.internal.WebUIKeywordMain.runKeyword(WebUIKeywordMain.groovy:35)
	at com.kms.katalon.core.webui.keyword.builtin.VerifyElementVisibleKeyword.verifyElementVisible(VerifyElementVisibleKeyword.groovy:97)
	at com.kms.katalon.core.webui.keyword.builtin.VerifyElementVisibleKeyword.execute(VerifyElementVisibleKeyword.groovy:67)
	at com.kms.katalon.core.keyword.internal.KeywordExecutor.executeKeywordForPlatform(KeywordExecutor.groovy:74)
	at com.kms.katalon.core.webui.keyword.WebUiBuiltInKeywords.verifyElementVisible(WebUiBuiltInKeywords.groovy:401)
	at com.kms.katalon.core.webui.keyword.WebUiBuiltInKeywords$verifyElementVisible$6.call(Unknown Source)
	at TF Sign In.run(TF Sign In:33)
	at com.kms.katalon.core.main.ScriptEngine.run(ScriptEngine.java:194)
	at com.kms.katalon.core.main.ScriptEngine.runScriptAsRawText(ScriptEngine.java:119)
	at com.kms.katalon.core.main.TestCaseExecutor.runScript(TestCaseExecutor.java:448)
	at com.kms.katalon.core.main.TestCaseExecutor.doExecute(TestCaseExecutor.java:439)
	at com.kms.katalon.core.main.TestCaseExecutor.processExecutionPhase(TestCaseExecutor.java:418)
	at com.kms.katalon.core.main.TestCaseExecutor.accessMainPhase(TestCaseExecutor.java:410)
	at com.kms.katalon.core.main.TestCaseExecutor.execute(TestCaseExecutor.java:285)
	at com.kms.katalon.core.main.TestCaseMain.runTestCase(TestCaseMain.java:137)
	at com.kms.katalon.core.keyword.builtin.CallTestCaseKeyword$_callTestCase_closure1.doCall(CallTestCaseKeyword.groovy:59)
	at com.kms.katalon.core.keyword.builtin.CallTestCaseKeyword$_callTestCase_closure1.call(CallTestCaseKeyword.groovy)
	at com.kms.katalon.core.keyword.internal.KeywordMain.runKeyword(KeywordMain.groovy:75)
	at com.kms.katalon.core.keyword.builtin.CallTestCaseKeyword.callTestCase(CallTestCaseKeyword.groovy:81)
	at com.kms.katalon.core.keyword.builtin.CallTestCaseKeyword.execute(CallTestCaseKeyword.groovy:44)
	at com.kms.katalon.core.keyword.internal.KeywordExecutor.executeKeywordForPlatform(KeywordExecutor.groovy:74)
	at com.kms.katalon.core.keyword.BuiltinKeywords.callTestCase(BuiltinKeywords.groovy:310)
	at jdk.internal.reflect.GeneratedMethodAccessor33.invoke(Unknown Source)
	at java.base/jdk.internal.reflect.DelegatingMethodAccessorImpl.invoke(DelegatingMethodAccessorImpl.java:43)
	at FDG - Verify Order Delivered Notification.run(FDG - Verify Order Delivered Notification:22)
	at com.kms.katalon.core.main.ScriptEngine.run(ScriptEngine.java:194)
	at com.kms.katalon.core.main.ScriptEngine.runScriptAsRawText(ScriptEngine.java:119)
	at com.kms.katalon.core.main.TestCaseExecutor.runScript(TestCaseExecutor.java:448)
	at com.kms.katalon.core.main.TestCaseExecutor.doExecute(TestCaseExecutor.java:439)
	at com.kms.katalon.core.main.TestCaseExecutor.processExecutionPhase(TestCaseExecutor.java:418)
	at com.kms.katalon.core.main.TestCaseExecutor.accessMainPhase(TestCaseExecutor.java:410)
	at com.kms.katalon.core.main.TestCaseExecutor.execute(TestCaseExecutor.java:285)
	at com.kms.katalon.core.common.CommonExecutor.accessTestCaseMainPhase(CommonExecutor.java:65)
	at com.kms.katalon.core.main.TestSuiteExecutor.accessTestSuiteMainPhase(TestSuiteExecutor.java:150)
	at com.kms.katalon.core.main.TestSuiteExecutor.execute(TestSuiteExecutor.java:106)
	at com.kms.katalon.core.main.TestCaseMain.startTestSuite(TestCaseMain.java:180)
	at com.kms.katalon.core.main.TestCaseMain$startTestSuite$0.call(Unknown Source)
	at TempTestSuite1761139051700.run(TempTestSuite1761139051700.groovy:35)
	at java.base/jdk.internal.reflect.NativeMethodAccessorImpl.invoke0(Native Method)
	at java.base/jdk.internal.reflect.NativeMethodAccessorImpl.invoke(NativeMethodAccessorImpl.java:77)
	at java.base/jdk.internal.reflect.DelegatingMethodAccessorImpl.invoke(DelegatingMethodAccessorImpl.java:43)
)

22-10-2025T09:33:09 - [MESSAGE][INFO] - Unable to find the element located by 'By.xpath: //*[@id="__BVID__10___BV_modal_footer_"]/button'. Please recheck the objects properties to make sure the desired element is located. 

22-10-2025T09:33:09 - [MESSAGE][WARNING] - [SELF-HEALING] Failed to find element with id 'Object Repository/TripFocus/Testing_Notification_btn'. Try using Self-healing.

22-10-2025T09:33:10 - [MESSAGE][INFO] - [SELF-HEALING] No working XPath is found.

22-10-2025T09:33:12 - [MESSAGE][INFO] - Unable to find the element located by 'By.xpath: '. Please recheck the objects properties to make sure the desired element is located. 

22-10-2025T09:33:12 - [MESSAGE][WARNING] - [SELF-HEALING] Cannot find elements when the selector is null

22-10-2025T09:33:12 - [MESSAGE][WARNING] - Web element with id: 'Object Repository/TripFocus/Testing_Notification_btn' located by '//*[@id="__BVID__10___BV_modal_footer_"]/button' not found (Root cause: com.kms.katalon.core.exception.StepFailedException: Web element with id: 'Object Repository/TripFocus/Testing_Notification_btn' located by '//*[@id="__BVID__10___BV_modal_footer_"]/button' not found
	at com.kms.katalon.core.webui.keyword.internal.WebUIKeywordMain.stepFailed(WebUIKeywordMain.groovy:117)
	at com.kms.katalon.core.webui.keyword.builtin.VerifyElementVisibleKeyword$_verifyElementVisible_closure1.doCall(VerifyElementVisibleKeyword.groovy:89)
	at com.kms.katalon.core.webui.keyword.builtin.VerifyElementVisibleKeyword$_verifyElementVisible_closure1.call(VerifyElementVisibleKeyword.groovy)
	at com.kms.katalon.core.webui.keyword.internal.WebUIKeywordMain.runKeyword(WebUIKeywordMain.groovy:35)
	at com.kms.katalon.core.webui.keyword.builtin.VerifyElementVisibleKeyword.verifyElementVisible(VerifyElementVisibleKeyword.groovy:97)
	at com.kms.katalon.core.webui.keyword.builtin.VerifyElementVisibleKeyword.execute(VerifyElementVisibleKeyword.groovy:67)
	at com.kms.katalon.core.keyword.internal.KeywordExecutor.executeKeywordForPlatform(KeywordExecutor.groovy:74)
	at com.kms.katalon.core.webui.keyword.WebUiBuiltInKeywords.verifyElementVisible(WebUiBuiltInKeywords.groovy:401)
	at com.kms.katalon.core.webui.keyword.WebUiBuiltInKeywords$verifyElementVisible$6.call(Unknown Source)
	at TF Sign In.run(TF Sign In:33)
	at com.kms.katalon.core.main.ScriptEngine.run(ScriptEngine.java:194)
	at com.kms.katalon.core.main.ScriptEngine.runScriptAsRawText(ScriptEngine.java:119)
	at com.kms.katalon.core.main.TestCaseExecutor.runScript(TestCaseExecutor.java:448)
	at com.kms.katalon.core.main.TestCaseExecutor.doExecute(TestCaseExecutor.java:439)
	at com.kms.katalon.core.main.TestCaseExecutor.processExecutionPhase(TestCaseExecutor.java:418)
	at com.kms.katalon.core.main.TestCaseExecutor.accessMainPhase(TestCaseExecutor.java:410)
	at com.kms.katalon.core.main.TestCaseExecutor.execute(TestCaseExecutor.java:285)
	at com.kms.katalon.core.main.TestCaseMain.runTestCase(TestCaseMain.java:137)
	at com.kms.katalon.core.keyword.builtin.CallTestCaseKeyword$_callTestCase_closure1.doCall(CallTestCaseKeyword.groovy:59)
	at com.kms.katalon.core.keyword.builtin.CallTestCaseKeyword$_callTestCase_closure1.call(CallTestCaseKeyword.groovy)
	at com.kms.katalon.core.keyword.internal.KeywordMain.runKeyword(KeywordMain.groovy:75)
	at com.kms.katalon.core.keyword.builtin.CallTestCaseKeyword.callTestCase(CallTestCaseKeyword.groovy:81)
	at com.kms.katalon.core.keyword.builtin.CallTestCaseKeyword.execute(CallTestCaseKeyword.groovy:44)
	at com.kms.katalon.core.keyword.internal.KeywordExecutor.executeKeywordForPlatform(KeywordExecutor.groovy:74)
	at com.kms.katalon.core.keyword.BuiltinKeywords.callTestCase(BuiltinKeywords.groovy:310)
	at jdk.internal.reflect.GeneratedMethodAccessor33.invoke(Unknown Source)
	at java.base/jdk.internal.reflect.DelegatingMethodAccessorImpl.invoke(DelegatingMethodAccessorImpl.java:43)
	at FDG - Verify Order Delivered Notification.run(FDG - Verify Order Delivered Notification:22)
	at com.kms.katalon.core.main.ScriptEngine.run(ScriptEngine.java:194)
	at com.kms.katalon.core.main.ScriptEngine.runScriptAsRawText(ScriptEngine.java:119)
	at com.kms.katalon.core.main.TestCaseExecutor.runScript(TestCaseExecutor.java:448)
	at com.kms.katalon.core.main.TestCaseExecutor.doExecute(TestCaseExecutor.java:439)
	at com.kms.katalon.core.main.TestCaseExecutor.processExecutionPhase(TestCaseExecutor.java:418)
	at com.kms.katalon.core.main.TestCaseExecutor.accessMainPhase(TestCaseExecutor.java:410)
	at com.kms.katalon.core.main.TestCaseExecutor.execute(TestCaseExecutor.java:285)
	at com.kms.katalon.core.common.CommonExecutor.accessTestCaseMainPhase(CommonExecutor.java:65)
	at com.kms.katalon.core.main.TestSuiteExecutor.accessTestSuiteMainPhase(TestSuiteExecutor.java:150)
	at com.kms.katalon.core.main.TestSuiteExecutor.execute(TestSuiteExecutor.java:106)
	at com.kms.katalon.core.main.TestCaseMain.startTestSuite(TestCaseMain.java:180)
	at com.kms.katalon.core.main.TestCaseMain$startTestSuite$0.call(Unknown Source)
	at TempTestSuite1761139051700.run(TempTestSuite1761139051700.groovy:35)
	at java.base/jdk.internal.reflect.NativeMethodAccessorImpl.invoke0(Native Method)
	at java.base/jdk.internal.reflect.NativeMethodAccessorImpl.invoke(NativeMethodAccessorImpl.java:77)
	at java.base/jdk.internal.reflect.DelegatingMethodAccessorImpl.invoke(DelegatingMethodAccessorImpl.java:43)
)

22-10-2025T09:33:12 - [MESSAGE][PASSED] - Call Test Case 'Test Cases/Utility Scripts/TF Sign In' successfully

22-10-2025T09:33:12 - [TEST_STEP][PASSED] - click(findTestObject("TripFocus/Notifications/Notifications Tab")): Object: 'Object Repository/TripFocus/Notifications/Notifications Tab' is clicked on

22-10-2025T09:33:13 - [MESSAGE][PASSED] - Object: 'Object Repository/TripFocus/Notifications/Notifications Tab' is clicked on

22-10-2025T09:33:13 - [TEST_STEP][PASSED] - delay(5): Delayed 5 second(s)

22-10-2025T09:33:18 - [MESSAGE][PASSED] - Delayed 5 second(s)

22-10-2025T09:33:18 - [TEST_STEP][PASSED] - click(findTestObject("Object Repository/TripFocus/Page_TripFocus/button_Add New Notification")): Object: 'Object Repository/TripFocus/Page_TripFocus/button_Add New Notification' is clicked on

22-10-2025T09:33:18 - [MESSAGE][PASSED] - Object: 'Object Repository/TripFocus/Page_TripFocus/button_Add New Notification' is clicked on

22-10-2025T09:33:18 - [TEST_STEP][PASSED] - delay(5): Delayed 5 second(s)

22-10-2025T09:33:23 - [MESSAGE][PASSED] - Delayed 5 second(s)

22-10-2025T09:33:23 - [TEST_STEP][PASSED] - sendKeys(findTestObject("TripFocus/Notifications/Notification Events_txt"), "Order Delivered"): Keys 'Order Delivered' sent to object: 'Object Repository/TripFocus/Notifications/Notification Events_txt'

22-10-2025T09:33:23 - [MESSAGE][PASSED] - Keys 'Order Delivered' sent to object: 'Object Repository/TripFocus/Notifications/Notification Events_txt'

22-10-2025T09:33:23 - [TEST_STEP][PASSED] - delay(2): Delayed 2 second(s)

22-10-2025T09:33:25 - [MESSAGE][PASSED] - Delayed 2 second(s)

22-10-2025T09:33:25 - [TEST_STEP][PASSED] - sendKeys(findTestObject("TripFocus/Notifications/Notification Events_txt"), Keys.chord(ENTER)): Keys 'ENTER + ' sent to object: 'Object Repository/TripFocus/Notifications/Notification Events_txt'

22-10-2025T09:33:25 - [MESSAGE][PASSED] - Keys 'ENTER + ' sent to object: 'Object Repository/TripFocus/Notifications/Notification Events_txt'

22-10-2025T09:33:25 - [TEST_STEP][PASSED] - delay(2): Delayed 2 second(s)

22-10-2025T09:33:27 - [MESSAGE][PASSED] - Delayed 2 second(s)

22-10-2025T09:33:27 - [TEST_STEP][PASSED] - click(findTestObject("TripFocus/Page_TripFocus/textarea_Send To_txtSendTo")): Object: 'Object Repository/TripFocus/Page_TripFocus/textarea_Send To_txtSendTo' is clicked on

22-10-2025T09:33:27 - [MESSAGE][PASSED] - Object: 'Object Repository/TripFocus/Page_TripFocus/textarea_Send To_txtSendTo' is clicked on

22-10-2025T09:33:27 - [TEST_STEP][PASSED] - delay(2): Delayed 2 second(s)

22-10-2025T09:33:29 - [MESSAGE][PASSED] - Delayed 2 second(s)

22-10-2025T09:33:29 - [TEST_STEP][PASSED] - verifyElementText(findTestObject("TripFocus/Notifications/Selected Notification_option"), "Order Delivered (details pending)"): Actual text and expected text of test object 'Object Repository/TripFocus/Notifications/Selected Notification_option' are matched.

22-10-2025T09:33:29 - [MESSAGE][PASSED] - Actual text and expected text of test object 'Object Repository/TripFocus/Notifications/Selected Notification_option' are matched.

22-10-2025T09:33:29 - [TEST_STEP][PASSED] - closeBrowser(STOP_ON_FAILURE): Browser is closed

22-10-2025T09:33:30 - [MESSAGE][PASSED] - Browser is closed

22-10-2025T09:33:30 - [TEST_STEP][PASSED] - Start listener action : retryOnDisconnect: null

22-10-2025T09:33:30 - [TEST_STEP][PASSED] - tcId = testCaseContext.getTestCaseId(): null

22-10-2025T09:33:30 - [TEST_STEP][PASSED] - currentRetry = retryCounts.getOrDefault(tcId, 0): null

22-10-2025T09:33:30 - [TEST_STEP][PASSED] - if (testCaseContext.getTestCaseStatus() == "FAILED" && currentRetry < MAX_RETRIES): null]]></system-out>
         <system-err><![CDATA[]]></system-err>
      </testcase>
      <testcase name="Test Cases/TripFocus/FDG/FDG - Notification/FDG - Verify Order Dispatched Notification" time="50.069" classname="Test Cases/TripFocus/FDG/FDG - Notification/FDG - Verify Order Dispatched Notification" status="PASSED">
         <system-out><![CDATA[22-10-2025T09:33:30 - [TEST_CASE][PASSED] - Test Cases/TripFocus/FDG/FDG - Notification/FDG - Verify Order Dispatched Notification: Test Cases/TripFocus/FDG/FDG - Notification/FDG - Verify Order Dispatched Notification

22-10-2025T09:33:30 - [TEST_STEP][PASSED] - Start listener action : beforeTestCase: null

22-10-2025T09:33:30 - [TEST_STEP][PASSED] - addDefaultPackages(): null

22-10-2025T09:33:30 - [TEST_STEP][PASSED] - callTestCase(findTestCase("Utility Scripts/Open Browser"), ["destinationURL":TFBaseURL], STOP_ON_FAILURE): Call Test Case 'Test Cases/Utility Scripts/Open Browser' successfully

22-10-2025T09:33:30 - [TEST_CASE][PASSED] - Test Cases/Utility Scripts/Open Browser: Test Cases/Utility Scripts/Open Browser

22-10-2025T09:33:30 - [TEST_STEP][PASSED] - openBrowser(""): Browser is opened with url: ''

22-10-2025T09:33:30 - [MESSAGE][INFO] - Starting 'Chrome' driver

22-10-2025T09:33:30 - [MESSAGE][INFO] - User set preference: ['args', '[--no-sandbox, --disable-gpu, --disable-dev-shm-usage]']

22-10-2025T09:33:30 - [MESSAGE][INFO] - Action delay is set to 0 milliseconds

22-10-2025T09:33:31 - [MESSAGE][PASSED] - Browser is opened with url: ''

22-10-2025T09:33:31 - [TEST_STEP][PASSED] - navigateToUrl(destinationURL): Navigate to 'https://www.qa.tripfocus.com' successfully

22-10-2025T09:33:32 - [MESSAGE][PASSED] - Navigate to 'https://www.qa.tripfocus.com' successfully

22-10-2025T09:33:32 - [TEST_STEP][PASSED] - if (maximizeWindow == true): Current window maximized

22-10-2025T09:33:32 - [TEST_STEP][PASSED] - maximizeWindow(STOP_ON_FAILURE): Current window maximized

22-10-2025T09:33:32 - [MESSAGE][PASSED] - Current window maximized

22-10-2025T09:33:32 - [MESSAGE][PASSED] - Call Test Case 'Test Cases/Utility Scripts/Open Browser' successfully

22-10-2025T09:33:32 - [TEST_STEP][PASSED] - callTestCase(findTestCase("Utility Scripts/TF Sign In"), ["userName":TripFocusPenskeFDGUsername, "password":TripFocusFDGSPGPassword], STOP_ON_FAILURE): Call Test Case 'Test Cases/Utility Scripts/TF Sign In' successfully

22-10-2025T09:33:32 - [TEST_CASE][PASSED] - Test Cases/Utility Scripts/TF Sign In: Test Cases/Utility Scripts/TF Sign In

22-10-2025T09:33:32 - [TEST_STEP][PASSED] - click(findTestObject("Object Repository/TripFocus/Page_TripFocus/button_Sign in")): Object: 'Object Repository/TripFocus/Page_TripFocus/button_Sign in' is clicked on

22-10-2025T09:33:32 - [MESSAGE][PASSED] - Object: 'Object Repository/TripFocus/Page_TripFocus/button_Sign in' is clicked on

22-10-2025T09:33:32 - [TEST_STEP][PASSED] - setText(findTestObject("Object Repository/TripFocus/Page_TripFocus/input_Username (e.g. email address)_Username"), userName): Text 'Ashford.Chenault+PenskeCustomerFDGONLY@thekag.com' is set on object 'Object Repository/TripFocus/Page_TripFocus/input_Username (e.g. email address)_Username'

22-10-2025T09:33:33 - [MESSAGE][PASSED] - Text 'Ashford.Chenault+PenskeCustomerFDGONLY@thekag.com' is set on object 'Object Repository/TripFocus/Page_TripFocus/input_Username (e.g. email address)_Username'

22-10-2025T09:33:33 - [TEST_STEP][PASSED] - setText(findTestObject("Object Repository/TripFocus/Page_TripFocus/input_Password_Password"), password): Text 'CrashBan911!!' is set on object 'Object Repository/TripFocus/Page_TripFocus/input_Password_Password'

22-10-2025T09:33:33 - [MESSAGE][PASSED] - Text 'CrashBan911!!' is set on object 'Object Repository/TripFocus/Page_TripFocus/input_Password_Password'

22-10-2025T09:33:33 - [TEST_STEP][PASSED] - click(findTestObject("Object Repository/TripFocus/Page_TripFocus/button_Login")): Object: 'Object Repository/TripFocus/Page_TripFocus/button_Login' is clicked on

22-10-2025T09:33:34 - [MESSAGE][PASSED] - Object: 'Object Repository/TripFocus/Page_TripFocus/button_Login' is clicked on

22-10-2025T09:33:34 - [TEST_STEP][PASSED] - maximizeWindow(): Current window maximized

22-10-2025T09:33:34 - [MESSAGE][PASSED] - Current window maximized

22-10-2025T09:33:34 - [TEST_STEP][PASSED] - waitForElementVisible(findTestObject("TripFocus/Testing_Notification_btn"), 5, OPTIONAL): Web element with id: 'Object Repository/TripFocus/Testing_Notification_btn' located by '//*[@id="__BVID__10___BV_modal_footer_"]/button' not found

22-10-2025T09:33:41 - [MESSAGE][INFO] - Unable to find the element located by 'By.xpath: //*[@id="__BVID__10___BV_modal_footer_"]/button'. Please recheck the objects properties to make sure the desired element is located. 

22-10-2025T09:33:41 - [MESSAGE][WARNING] - [SELF-HEALING] Failed to find element with id 'Object Repository/TripFocus/Testing_Notification_btn'. Try using Self-healing.

22-10-2025T09:33:42 - [MESSAGE][INFO] - [SELF-HEALING] No working XPath is found.

22-10-2025T09:33:44 - [MESSAGE][INFO] - Unable to find the element located by 'By.xpath: '. Please recheck the objects properties to make sure the desired element is located. 

22-10-2025T09:33:44 - [MESSAGE][WARNING] - [SELF-HEALING] Cannot find elements when the selector is null

22-10-2025T09:33:44 - [MESSAGE][WARNING] - Web element with id: 'Object Repository/TripFocus/Testing_Notification_btn' located by '//*[@id="__BVID__10___BV_modal_footer_"]/button' not found

22-10-2025T09:33:44 - [TEST_STEP][PASSED] - if (verifyElementVisible(findTestObject("TripFocus/Testing_Notification_btn"), OPTIONAL) == true): Web element with id: 'Object Repository/TripFocus/Testing_Notification_btn' located by '//*[@id="__BVID__10___BV_modal_footer_"]/button' not found (Root cause: com.kms.katalon.core.exception.StepFailedException: Web element with id: 'Object Repository/TripFocus/Testing_Notification_btn' located by '//*[@id="__BVID__10___BV_modal_footer_"]/button' not found
	at com.kms.katalon.core.webui.keyword.internal.WebUIKeywordMain.stepFailed(WebUIKeywordMain.groovy:117)
	at com.kms.katalon.core.webui.keyword.builtin.VerifyElementVisibleKeyword$_verifyElementVisible_closure1.doCall(VerifyElementVisibleKeyword.groovy:89)
	at com.kms.katalon.core.webui.keyword.builtin.VerifyElementVisibleKeyword$_verifyElementVisible_closure1.call(VerifyElementVisibleKeyword.groovy)
	at com.kms.katalon.core.webui.keyword.internal.WebUIKeywordMain.runKeyword(WebUIKeywordMain.groovy:35)
	at com.kms.katalon.core.webui.keyword.builtin.VerifyElementVisibleKeyword.verifyElementVisible(VerifyElementVisibleKeyword.groovy:97)
	at com.kms.katalon.core.webui.keyword.builtin.VerifyElementVisibleKeyword.execute(VerifyElementVisibleKeyword.groovy:67)
	at com.kms.katalon.core.keyword.internal.KeywordExecutor.executeKeywordForPlatform(KeywordExecutor.groovy:74)
	at com.kms.katalon.core.webui.keyword.WebUiBuiltInKeywords.verifyElementVisible(WebUiBuiltInKeywords.groovy:401)
	at com.kms.katalon.core.webui.keyword.WebUiBuiltInKeywords$verifyElementVisible$6.call(Unknown Source)
	at TF Sign In.run(TF Sign In:33)
	at com.kms.katalon.core.main.ScriptEngine.run(ScriptEngine.java:194)
	at com.kms.katalon.core.main.ScriptEngine.runScriptAsRawText(ScriptEngine.java:119)
	at com.kms.katalon.core.main.TestCaseExecutor.runScript(TestCaseExecutor.java:448)
	at com.kms.katalon.core.main.TestCaseExecutor.doExecute(TestCaseExecutor.java:439)
	at com.kms.katalon.core.main.TestCaseExecutor.processExecutionPhase(TestCaseExecutor.java:418)
	at com.kms.katalon.core.main.TestCaseExecutor.accessMainPhase(TestCaseExecutor.java:410)
	at com.kms.katalon.core.main.TestCaseExecutor.execute(TestCaseExecutor.java:285)
	at com.kms.katalon.core.main.TestCaseMain.runTestCase(TestCaseMain.java:137)
	at com.kms.katalon.core.keyword.builtin.CallTestCaseKeyword$_callTestCase_closure1.doCall(CallTestCaseKeyword.groovy:59)
	at com.kms.katalon.core.keyword.builtin.CallTestCaseKeyword$_callTestCase_closure1.call(CallTestCaseKeyword.groovy)
	at com.kms.katalon.core.keyword.internal.KeywordMain.runKeyword(KeywordMain.groovy:75)
	at com.kms.katalon.core.keyword.builtin.CallTestCaseKeyword.callTestCase(CallTestCaseKeyword.groovy:81)
	at com.kms.katalon.core.keyword.builtin.CallTestCaseKeyword.execute(CallTestCaseKeyword.groovy:44)
	at com.kms.katalon.core.keyword.internal.KeywordExecutor.executeKeywordForPlatform(KeywordExecutor.groovy:74)
	at com.kms.katalon.core.keyword.BuiltinKeywords.callTestCase(BuiltinKeywords.groovy:310)
	at jdk.internal.reflect.GeneratedMethodAccessor33.invoke(Unknown Source)
	at java.base/jdk.internal.reflect.DelegatingMethodAccessorImpl.invoke(DelegatingMethodAccessorImpl.java:43)
	at FDG - Verify Order Dispatched Notification.run(FDG - Verify Order Dispatched Notification:22)
	at com.kms.katalon.core.main.ScriptEngine.run(ScriptEngine.java:194)
	at com.kms.katalon.core.main.ScriptEngine.runScriptAsRawText(ScriptEngine.java:119)
	at com.kms.katalon.core.main.TestCaseExecutor.runScript(TestCaseExecutor.java:448)
	at com.kms.katalon.core.main.TestCaseExecutor.doExecute(TestCaseExecutor.java:439)
	at com.kms.katalon.core.main.TestCaseExecutor.processExecutionPhase(TestCaseExecutor.java:418)
	at com.kms.katalon.core.main.TestCaseExecutor.accessMainPhase(TestCaseExecutor.java:410)
	at com.kms.katalon.core.main.TestCaseExecutor.execute(TestCaseExecutor.java:285)
	at com.kms.katalon.core.common.CommonExecutor.accessTestCaseMainPhase(CommonExecutor.java:65)
	at com.kms.katalon.core.main.TestSuiteExecutor.accessTestSuiteMainPhase(TestSuiteExecutor.java:150)
	at com.kms.katalon.core.main.TestSuiteExecutor.execute(TestSuiteExecutor.java:106)
	at com.kms.katalon.core.main.TestCaseMain.startTestSuite(TestCaseMain.java:180)
	at com.kms.katalon.core.main.TestCaseMain$startTestSuite$0.call(Unknown Source)
	at TempTestSuite1761139051700.run(TempTestSuite1761139051700.groovy:35)
	at java.base/jdk.internal.reflect.NativeMethodAccessorImpl.invoke0(Native Method)
	at java.base/jdk.internal.reflect.NativeMethodAccessorImpl.invoke(NativeMethodAccessorImpl.java:77)
	at java.base/jdk.internal.reflect.DelegatingMethodAccessorImpl.invoke(DelegatingMethodAccessorImpl.java:43)
)

22-10-2025T09:34:00 - [MESSAGE][INFO] - Unable to find the element located by 'By.xpath: //*[@id="__BVID__10___BV_modal_footer_"]/button'. Please recheck the objects properties to make sure the desired element is located. 

22-10-2025T09:34:00 - [MESSAGE][WARNING] - [SELF-HEALING] Failed to find element with id 'Object Repository/TripFocus/Testing_Notification_btn'. Try using Self-healing.

22-10-2025T09:34:01 - [MESSAGE][INFO] - [SELF-HEALING] No working XPath is found.

22-10-2025T09:34:03 - [MESSAGE][INFO] - Unable to find the element located by 'By.xpath: '. Please recheck the objects properties to make sure the desired element is located. 

22-10-2025T09:34:03 - [MESSAGE][WARNING] - [SELF-HEALING] Cannot find elements when the selector is null

22-10-2025T09:34:03 - [MESSAGE][WARNING] - Web element with id: 'Object Repository/TripFocus/Testing_Notification_btn' located by '//*[@id="__BVID__10___BV_modal_footer_"]/button' not found (Root cause: com.kms.katalon.core.exception.StepFailedException: Web element with id: 'Object Repository/TripFocus/Testing_Notification_btn' located by '//*[@id="__BVID__10___BV_modal_footer_"]/button' not found
	at com.kms.katalon.core.webui.keyword.internal.WebUIKeywordMain.stepFailed(WebUIKeywordMain.groovy:117)
	at com.kms.katalon.core.webui.keyword.builtin.VerifyElementVisibleKeyword$_verifyElementVisible_closure1.doCall(VerifyElementVisibleKeyword.groovy:89)
	at com.kms.katalon.core.webui.keyword.builtin.VerifyElementVisibleKeyword$_verifyElementVisible_closure1.call(VerifyElementVisibleKeyword.groovy)
	at com.kms.katalon.core.webui.keyword.internal.WebUIKeywordMain.runKeyword(WebUIKeywordMain.groovy:35)
	at com.kms.katalon.core.webui.keyword.builtin.VerifyElementVisibleKeyword.verifyElementVisible(VerifyElementVisibleKeyword.groovy:97)
	at com.kms.katalon.core.webui.keyword.builtin.VerifyElementVisibleKeyword.execute(VerifyElementVisibleKeyword.groovy:67)
	at com.kms.katalon.core.keyword.internal.KeywordExecutor.executeKeywordForPlatform(KeywordExecutor.groovy:74)
	at com.kms.katalon.core.webui.keyword.WebUiBuiltInKeywords.verifyElementVisible(WebUiBuiltInKeywords.groovy:401)
	at com.kms.katalon.core.webui.keyword.WebUiBuiltInKeywords$verifyElementVisible$6.call(Unknown Source)
	at TF Sign In.run(TF Sign In:33)
	at com.kms.katalon.core.main.ScriptEngine.run(ScriptEngine.java:194)
	at com.kms.katalon.core.main.ScriptEngine.runScriptAsRawText(ScriptEngine.java:119)
	at com.kms.katalon.core.main.TestCaseExecutor.runScript(TestCaseExecutor.java:448)
	at com.kms.katalon.core.main.TestCaseExecutor.doExecute(TestCaseExecutor.java:439)
	at com.kms.katalon.core.main.TestCaseExecutor.processExecutionPhase(TestCaseExecutor.java:418)
	at com.kms.katalon.core.main.TestCaseExecutor.accessMainPhase(TestCaseExecutor.java:410)
	at com.kms.katalon.core.main.TestCaseExecutor.execute(TestCaseExecutor.java:285)
	at com.kms.katalon.core.main.TestCaseMain.runTestCase(TestCaseMain.java:137)
	at com.kms.katalon.core.keyword.builtin.CallTestCaseKeyword$_callTestCase_closure1.doCall(CallTestCaseKeyword.groovy:59)
	at com.kms.katalon.core.keyword.builtin.CallTestCaseKeyword$_callTestCase_closure1.call(CallTestCaseKeyword.groovy)
	at com.kms.katalon.core.keyword.internal.KeywordMain.runKeyword(KeywordMain.groovy:75)
	at com.kms.katalon.core.keyword.builtin.CallTestCaseKeyword.callTestCase(CallTestCaseKeyword.groovy:81)
	at com.kms.katalon.core.keyword.builtin.CallTestCaseKeyword.execute(CallTestCaseKeyword.groovy:44)
	at com.kms.katalon.core.keyword.internal.KeywordExecutor.executeKeywordForPlatform(KeywordExecutor.groovy:74)
	at com.kms.katalon.core.keyword.BuiltinKeywords.callTestCase(BuiltinKeywords.groovy:310)
	at jdk.internal.reflect.GeneratedMethodAccessor33.invoke(Unknown Source)
	at java.base/jdk.internal.reflect.DelegatingMethodAccessorImpl.invoke(DelegatingMethodAccessorImpl.java:43)
	at FDG - Verify Order Dispatched Notification.run(FDG - Verify Order Dispatched Notification:22)
	at com.kms.katalon.core.main.ScriptEngine.run(ScriptEngine.java:194)
	at com.kms.katalon.core.main.ScriptEngine.runScriptAsRawText(ScriptEngine.java:119)
	at com.kms.katalon.core.main.TestCaseExecutor.runScript(TestCaseExecutor.java:448)
	at com.kms.katalon.core.main.TestCaseExecutor.doExecute(TestCaseExecutor.java:439)
	at com.kms.katalon.core.main.TestCaseExecutor.processExecutionPhase(TestCaseExecutor.java:418)
	at com.kms.katalon.core.main.TestCaseExecutor.accessMainPhase(TestCaseExecutor.java:410)
	at com.kms.katalon.core.main.TestCaseExecutor.execute(TestCaseExecutor.java:285)
	at com.kms.katalon.core.common.CommonExecutor.accessTestCaseMainPhase(CommonExecutor.java:65)
	at com.kms.katalon.core.main.TestSuiteExecutor.accessTestSuiteMainPhase(TestSuiteExecutor.java:150)
	at com.kms.katalon.core.main.TestSuiteExecutor.execute(TestSuiteExecutor.java:106)
	at com.kms.katalon.core.main.TestCaseMain.startTestSuite(TestCaseMain.java:180)
	at com.kms.katalon.core.main.TestCaseMain$startTestSuite$0.call(Unknown Source)
	at TempTestSuite1761139051700.run(TempTestSuite1761139051700.groovy:35)
	at java.base/jdk.internal.reflect.NativeMethodAccessorImpl.invoke0(Native Method)
	at java.base/jdk.internal.reflect.NativeMethodAccessorImpl.invoke(NativeMethodAccessorImpl.java:77)
	at java.base/jdk.internal.reflect.DelegatingMethodAccessorImpl.invoke(DelegatingMethodAccessorImpl.java:43)
)

22-10-2025T09:34:03 - [MESSAGE][PASSED] - Call Test Case 'Test Cases/Utility Scripts/TF Sign In' successfully

22-10-2025T09:34:03 - [TEST_STEP][PASSED] - click(findTestObject("TripFocus/Notifications/Notifications Tab")): Object: 'Object Repository/TripFocus/Notifications/Notifications Tab' is clicked on

22-10-2025T09:34:03 - [MESSAGE][PASSED] - Object: 'Object Repository/TripFocus/Notifications/Notifications Tab' is clicked on

22-10-2025T09:34:03 - [TEST_STEP][PASSED] - delay(5): Delayed 5 second(s)

22-10-2025T09:34:08 - [MESSAGE][PASSED] - Delayed 5 second(s)

22-10-2025T09:34:08 - [TEST_STEP][PASSED] - click(findTestObject("Object Repository/TripFocus/Page_TripFocus/button_Add New Notification")): Object: 'Object Repository/TripFocus/Page_TripFocus/button_Add New Notification' is clicked on

22-10-2025T09:34:08 - [MESSAGE][PASSED] - Object: 'Object Repository/TripFocus/Page_TripFocus/button_Add New Notification' is clicked on

22-10-2025T09:34:08 - [TEST_STEP][PASSED] - delay(5): Delayed 5 second(s)

22-10-2025T09:34:13 - [MESSAGE][PASSED] - Delayed 5 second(s)

22-10-2025T09:34:13 - [TEST_STEP][PASSED] - sendKeys(findTestObject("TripFocus/Notifications/Notification Events_txt"), "Order Dispatched"): Keys 'Order Dispatched' sent to object: 'Object Repository/TripFocus/Notifications/Notification Events_txt'

22-10-2025T09:34:13 - [MESSAGE][PASSED] - Keys 'Order Dispatched' sent to object: 'Object Repository/TripFocus/Notifications/Notification Events_txt'

22-10-2025T09:34:13 - [TEST_STEP][PASSED] - delay(2): Delayed 2 second(s)

22-10-2025T09:34:15 - [MESSAGE][PASSED] - Delayed 2 second(s)

22-10-2025T09:34:15 - [TEST_STEP][PASSED] - sendKeys(findTestObject("TripFocus/Notifications/Notification Events_txt"), Keys.chord(ENTER)): Keys 'ENTER + ' sent to object: 'Object Repository/TripFocus/Notifications/Notification Events_txt'

22-10-2025T09:34:15 - [MESSAGE][PASSED] - Keys 'ENTER + ' sent to object: 'Object Repository/TripFocus/Notifications/Notification Events_txt'

22-10-2025T09:34:15 - [TEST_STEP][PASSED] - delay(2): Delayed 2 second(s)

22-10-2025T09:34:17 - [MESSAGE][PASSED] - Delayed 2 second(s)

22-10-2025T09:34:17 - [TEST_STEP][PASSED] - click(findTestObject("TripFocus/Page_TripFocus/textarea_Send To_txtSendTo")): Object: 'Object Repository/TripFocus/Page_TripFocus/textarea_Send To_txtSendTo' is clicked on

22-10-2025T09:34:18 - [MESSAGE][PASSED] - Object: 'Object Repository/TripFocus/Page_TripFocus/textarea_Send To_txtSendTo' is clicked on

22-10-2025T09:34:18 - [TEST_STEP][PASSED] - delay(2): Delayed 2 second(s)

22-10-2025T09:34:20 - [MESSAGE][PASSED] - Delayed 2 second(s)

22-10-2025T09:34:20 - [TEST_STEP][PASSED] - verifyElementText(findTestObject("TripFocus/Notifications/Selected Notification_option"), "Order Dispatched"): Actual text and expected text of test object 'Object Repository/TripFocus/Notifications/Selected Notification_option' are matched.

22-10-2025T09:34:20 - [MESSAGE][PASSED] - Actual text and expected text of test object 'Object Repository/TripFocus/Notifications/Selected Notification_option' are matched.

22-10-2025T09:34:20 - [TEST_STEP][PASSED] - closeBrowser(STOP_ON_FAILURE): Browser is closed

22-10-2025T09:34:20 - [MESSAGE][PASSED] - Browser is closed

22-10-2025T09:34:20 - [TEST_STEP][PASSED] - Start listener action : retryOnDisconnect: null

22-10-2025T09:34:20 - [TEST_STEP][PASSED] - tcId = testCaseContext.getTestCaseId(): null

22-10-2025T09:34:20 - [TEST_STEP][PASSED] - currentRetry = retryCounts.getOrDefault(tcId, 0): null

22-10-2025T09:34:20 - [TEST_STEP][PASSED] - if (testCaseContext.getTestCaseStatus() == "FAILED" && currentRetry < MAX_RETRIES): null]]></system-out>
         <system-err><![CDATA[]]></system-err>
      </testcase>
      <testcase name="Test Cases/TripFocus/FDG/FDG - Notification/FDG - Verify Order Invoice Available Notification" time="48.254" classname="Test Cases/TripFocus/FDG/FDG - Notification/FDG - Verify Order Invoice Available Notification" status="PASSED">
         <system-out><![CDATA[22-10-2025T09:34:20 - [TEST_CASE][PASSED] - Test Cases/TripFocus/FDG/FDG - Notification/FDG - Verify Order Invoice Available Notification: Test Cases/TripFocus/FDG/FDG - Notification/FDG - Verify Order Invoice Available Notification

22-10-2025T09:34:20 - [TEST_STEP][PASSED] - Start listener action : beforeTestCase: null

22-10-2025T09:34:20 - [TEST_STEP][PASSED] - addDefaultPackages(): null

22-10-2025T09:34:20 - [TEST_STEP][PASSED] - callTestCase(findTestCase("Utility Scripts/Open Browser"), ["destinationURL":TFBaseURL], STOP_ON_FAILURE): Call Test Case 'Test Cases/Utility Scripts/Open Browser' successfully

22-10-2025T09:34:20 - [TEST_CASE][PASSED] - Test Cases/Utility Scripts/Open Browser: Test Cases/Utility Scripts/Open Browser

22-10-2025T09:34:20 - [TEST_STEP][PASSED] - openBrowser(""): Browser is opened with url: ''

22-10-2025T09:34:20 - [MESSAGE][INFO] - Starting 'Chrome' driver

22-10-2025T09:34:20 - [MESSAGE][INFO] - User set preference: ['args', '[--no-sandbox, --disable-gpu, --disable-dev-shm-usage]']

22-10-2025T09:34:20 - [MESSAGE][INFO] - Action delay is set to 0 milliseconds

22-10-2025T09:34:21 - [MESSAGE][PASSED] - Browser is opened with url: ''

22-10-2025T09:34:21 - [TEST_STEP][PASSED] - navigateToUrl(destinationURL): Navigate to 'https://www.qa.tripfocus.com' successfully

22-10-2025T09:34:21 - [MESSAGE][PASSED] - Navigate to 'https://www.qa.tripfocus.com' successfully

22-10-2025T09:34:21 - [TEST_STEP][PASSED] - if (maximizeWindow == true): Current window maximized

22-10-2025T09:34:21 - [TEST_STEP][PASSED] - maximizeWindow(STOP_ON_FAILURE): Current window maximized

22-10-2025T09:34:21 - [MESSAGE][PASSED] - Current window maximized

22-10-2025T09:34:21 - [MESSAGE][PASSED] - Call Test Case 'Test Cases/Utility Scripts/Open Browser' successfully

22-10-2025T09:34:21 - [TEST_STEP][PASSED] - callTestCase(findTestCase("Utility Scripts/TF Sign In"), ["userName":TripFocusPenskeFDGUsername, "password":TripFocusFDGSPGPassword], STOP_ON_FAILURE): Call Test Case 'Test Cases/Utility Scripts/TF Sign In' successfully

22-10-2025T09:34:22 - [TEST_CASE][PASSED] - Test Cases/Utility Scripts/TF Sign In: Test Cases/Utility Scripts/TF Sign In

22-10-2025T09:34:22 - [TEST_STEP][PASSED] - click(findTestObject("Object Repository/TripFocus/Page_TripFocus/button_Sign in")): Object: 'Object Repository/TripFocus/Page_TripFocus/button_Sign in' is clicked on

22-10-2025T09:34:22 - [MESSAGE][PASSED] - Object: 'Object Repository/TripFocus/Page_TripFocus/button_Sign in' is clicked on

22-10-2025T09:34:22 - [TEST_STEP][PASSED] - setText(findTestObject("Object Repository/TripFocus/Page_TripFocus/input_Username (e.g. email address)_Username"), userName): Text 'Ashford.Chenault+PenskeCustomerFDGONLY@thekag.com' is set on object 'Object Repository/TripFocus/Page_TripFocus/input_Username (e.g. email address)_Username'

22-10-2025T09:34:22 - [MESSAGE][PASSED] - Text 'Ashford.Chenault+PenskeCustomerFDGONLY@thekag.com' is set on object 'Object Repository/TripFocus/Page_TripFocus/input_Username (e.g. email address)_Username'

22-10-2025T09:34:22 - [TEST_STEP][PASSED] - setText(findTestObject("Object Repository/TripFocus/Page_TripFocus/input_Password_Password"), password): Text 'CrashBan911!!' is set on object 'Object Repository/TripFocus/Page_TripFocus/input_Password_Password'

22-10-2025T09:34:22 - [MESSAGE][PASSED] - Text 'CrashBan911!!' is set on object 'Object Repository/TripFocus/Page_TripFocus/input_Password_Password'

22-10-2025T09:34:22 - [TEST_STEP][PASSED] - click(findTestObject("Object Repository/TripFocus/Page_TripFocus/button_Login")): Object: 'Object Repository/TripFocus/Page_TripFocus/button_Login' is clicked on

22-10-2025T09:34:23 - [MESSAGE][PASSED] - Object: 'Object Repository/TripFocus/Page_TripFocus/button_Login' is clicked on

22-10-2025T09:34:23 - [TEST_STEP][PASSED] - maximizeWindow(): Current window maximized

22-10-2025T09:34:23 - [MESSAGE][PASSED] - Current window maximized

22-10-2025T09:34:23 - [TEST_STEP][PASSED] - waitForElementVisible(findTestObject("TripFocus/Testing_Notification_btn"), 5, OPTIONAL): Web element with id: 'Object Repository/TripFocus/Testing_Notification_btn' located by '//*[@id="__BVID__10___BV_modal_footer_"]/button' not found

22-10-2025T09:34:29 - [MESSAGE][INFO] - Unable to find the element located by 'By.xpath: //*[@id="__BVID__10___BV_modal_footer_"]/button'. Please recheck the objects properties to make sure the desired element is located. 

22-10-2025T09:34:29 - [MESSAGE][WARNING] - [SELF-HEALING] Failed to find element with id 'Object Repository/TripFocus/Testing_Notification_btn'. Try using Self-healing.

22-10-2025T09:34:30 - [MESSAGE][INFO] - [SELF-HEALING] No working XPath is found.

22-10-2025T09:34:32 - [MESSAGE][INFO] - Unable to find the element located by 'By.xpath: '. Please recheck the objects properties to make sure the desired element is located. 

22-10-2025T09:34:32 - [MESSAGE][WARNING] - [SELF-HEALING] Cannot find elements when the selector is null

22-10-2025T09:34:32 - [MESSAGE][WARNING] - Web element with id: 'Object Repository/TripFocus/Testing_Notification_btn' located by '//*[@id="__BVID__10___BV_modal_footer_"]/button' not found

22-10-2025T09:34:32 - [TEST_STEP][PASSED] - if (verifyElementVisible(findTestObject("TripFocus/Testing_Notification_btn"), OPTIONAL) == true): Web element with id: 'Object Repository/TripFocus/Testing_Notification_btn' located by '//*[@id="__BVID__10___BV_modal_footer_"]/button' not found (Root cause: com.kms.katalon.core.exception.StepFailedException: Web element with id: 'Object Repository/TripFocus/Testing_Notification_btn' located by '//*[@id="__BVID__10___BV_modal_footer_"]/button' not found
	at com.kms.katalon.core.webui.keyword.internal.WebUIKeywordMain.stepFailed(WebUIKeywordMain.groovy:117)
	at com.kms.katalon.core.webui.keyword.builtin.VerifyElementVisibleKeyword$_verifyElementVisible_closure1.doCall(VerifyElementVisibleKeyword.groovy:89)
	at com.kms.katalon.core.webui.keyword.builtin.VerifyElementVisibleKeyword$_verifyElementVisible_closure1.call(VerifyElementVisibleKeyword.groovy)
	at com.kms.katalon.core.webui.keyword.internal.WebUIKeywordMain.runKeyword(WebUIKeywordMain.groovy:35)
	at com.kms.katalon.core.webui.keyword.builtin.VerifyElementVisibleKeyword.verifyElementVisible(VerifyElementVisibleKeyword.groovy:97)
	at com.kms.katalon.core.webui.keyword.builtin.VerifyElementVisibleKeyword.execute(VerifyElementVisibleKeyword.groovy:67)
	at com.kms.katalon.core.keyword.internal.KeywordExecutor.executeKeywordForPlatform(KeywordExecutor.groovy:74)
	at com.kms.katalon.core.webui.keyword.WebUiBuiltInKeywords.verifyElementVisible(WebUiBuiltInKeywords.groovy:401)
	at com.kms.katalon.core.webui.keyword.WebUiBuiltInKeywords$verifyElementVisible$6.call(Unknown Source)
	at TF Sign In.run(TF Sign In:33)
	at com.kms.katalon.core.main.ScriptEngine.run(ScriptEngine.java:194)
	at com.kms.katalon.core.main.ScriptEngine.runScriptAsRawText(ScriptEngine.java:119)
	at com.kms.katalon.core.main.TestCaseExecutor.runScript(TestCaseExecutor.java:448)
	at com.kms.katalon.core.main.TestCaseExecutor.doExecute(TestCaseExecutor.java:439)
	at com.kms.katalon.core.main.TestCaseExecutor.processExecutionPhase(TestCaseExecutor.java:418)
	at com.kms.katalon.core.main.TestCaseExecutor.accessMainPhase(TestCaseExecutor.java:410)
	at com.kms.katalon.core.main.TestCaseExecutor.execute(TestCaseExecutor.java:285)
	at com.kms.katalon.core.main.TestCaseMain.runTestCase(TestCaseMain.java:137)
	at com.kms.katalon.core.keyword.builtin.CallTestCaseKeyword$_callTestCase_closure1.doCall(CallTestCaseKeyword.groovy:59)
	at com.kms.katalon.core.keyword.builtin.CallTestCaseKeyword$_callTestCase_closure1.call(CallTestCaseKeyword.groovy)
	at com.kms.katalon.core.keyword.internal.KeywordMain.runKeyword(KeywordMain.groovy:75)
	at com.kms.katalon.core.keyword.builtin.CallTestCaseKeyword.callTestCase(CallTestCaseKeyword.groovy:81)
	at com.kms.katalon.core.keyword.builtin.CallTestCaseKeyword.execute(CallTestCaseKeyword.groovy:44)
	at com.kms.katalon.core.keyword.internal.KeywordExecutor.executeKeywordForPlatform(KeywordExecutor.groovy:74)
	at com.kms.katalon.core.keyword.BuiltinKeywords.callTestCase(BuiltinKeywords.groovy:310)
	at jdk.internal.reflect.GeneratedMethodAccessor33.invoke(Unknown Source)
	at java.base/jdk.internal.reflect.DelegatingMethodAccessorImpl.invoke(DelegatingMethodAccessorImpl.java:43)
	at FDG - Verify Order Invoice Available Notification.run(FDG - Verify Order Invoice Available Notification:22)
	at com.kms.katalon.core.main.ScriptEngine.run(ScriptEngine.java:194)
	at com.kms.katalon.core.main.ScriptEngine.runScriptAsRawText(ScriptEngine.java:119)
	at com.kms.katalon.core.main.TestCaseExecutor.runScript(TestCaseExecutor.java:448)
	at com.kms.katalon.core.main.TestCaseExecutor.doExecute(TestCaseExecutor.java:439)
	at com.kms.katalon.core.main.TestCaseExecutor.processExecutionPhase(TestCaseExecutor.java:418)
	at com.kms.katalon.core.main.TestCaseExecutor.accessMainPhase(TestCaseExecutor.java:410)
	at com.kms.katalon.core.main.TestCaseExecutor.execute(TestCaseExecutor.java:285)
	at com.kms.katalon.core.common.CommonExecutor.accessTestCaseMainPhase(CommonExecutor.java:65)
	at com.kms.katalon.core.main.TestSuiteExecutor.accessTestSuiteMainPhase(TestSuiteExecutor.java:150)
	at com.kms.katalon.core.main.TestSuiteExecutor.execute(TestSuiteExecutor.java:106)
	at com.kms.katalon.core.main.TestCaseMain.startTestSuite(TestCaseMain.java:180)
	at com.kms.katalon.core.main.TestCaseMain$startTestSuite$0.call(Unknown Source)
	at TempTestSuite1761139051700.run(TempTestSuite1761139051700.groovy:35)
	at java.base/jdk.internal.reflect.NativeMethodAccessorImpl.invoke0(Native Method)
	at java.base/jdk.internal.reflect.NativeMethodAccessorImpl.invoke(NativeMethodAccessorImpl.java:77)
	at java.base/jdk.internal.reflect.DelegatingMethodAccessorImpl.invoke(DelegatingMethodAccessorImpl.java:43)
)

22-10-2025T09:34:48 - [MESSAGE][INFO] - Unable to find the element located by 'By.xpath: //*[@id="__BVID__10___BV_modal_footer_"]/button'. Please recheck the objects properties to make sure the desired element is located. 

22-10-2025T09:34:48 - [MESSAGE][WARNING] - [SELF-HEALING] Failed to find element with id 'Object Repository/TripFocus/Testing_Notification_btn'. Try using Self-healing.

22-10-2025T09:34:49 - [MESSAGE][INFO] - [SELF-HEALING] No working XPath is found.

22-10-2025T09:34:51 - [MESSAGE][INFO] - Unable to find the element located by 'By.xpath: '. Please recheck the objects properties to make sure the desired element is located. 

22-10-2025T09:34:51 - [MESSAGE][WARNING] - [SELF-HEALING] Cannot find elements when the selector is null

22-10-2025T09:34:51 - [MESSAGE][WARNING] - Web element with id: 'Object Repository/TripFocus/Testing_Notification_btn' located by '//*[@id="__BVID__10___BV_modal_footer_"]/button' not found (Root cause: com.kms.katalon.core.exception.StepFailedException: Web element with id: 'Object Repository/TripFocus/Testing_Notification_btn' located by '//*[@id="__BVID__10___BV_modal_footer_"]/button' not found
	at com.kms.katalon.core.webui.keyword.internal.WebUIKeywordMain.stepFailed(WebUIKeywordMain.groovy:117)
	at com.kms.katalon.core.webui.keyword.builtin.VerifyElementVisibleKeyword$_verifyElementVisible_closure1.doCall(VerifyElementVisibleKeyword.groovy:89)
	at com.kms.katalon.core.webui.keyword.builtin.VerifyElementVisibleKeyword$_verifyElementVisible_closure1.call(VerifyElementVisibleKeyword.groovy)
	at com.kms.katalon.core.webui.keyword.internal.WebUIKeywordMain.runKeyword(WebUIKeywordMain.groovy:35)
	at com.kms.katalon.core.webui.keyword.builtin.VerifyElementVisibleKeyword.verifyElementVisible(VerifyElementVisibleKeyword.groovy:97)
	at com.kms.katalon.core.webui.keyword.builtin.VerifyElementVisibleKeyword.execute(VerifyElementVisibleKeyword.groovy:67)
	at com.kms.katalon.core.keyword.internal.KeywordExecutor.executeKeywordForPlatform(KeywordExecutor.groovy:74)
	at com.kms.katalon.core.webui.keyword.WebUiBuiltInKeywords.verifyElementVisible(WebUiBuiltInKeywords.groovy:401)
	at com.kms.katalon.core.webui.keyword.WebUiBuiltInKeywords$verifyElementVisible$6.call(Unknown Source)
	at TF Sign In.run(TF Sign In:33)
	at com.kms.katalon.core.main.ScriptEngine.run(ScriptEngine.java:194)
	at com.kms.katalon.core.main.ScriptEngine.runScriptAsRawText(ScriptEngine.java:119)
	at com.kms.katalon.core.main.TestCaseExecutor.runScript(TestCaseExecutor.java:448)
	at com.kms.katalon.core.main.TestCaseExecutor.doExecute(TestCaseExecutor.java:439)
	at com.kms.katalon.core.main.TestCaseExecutor.processExecutionPhase(TestCaseExecutor.java:418)
	at com.kms.katalon.core.main.TestCaseExecutor.accessMainPhase(TestCaseExecutor.java:410)
	at com.kms.katalon.core.main.TestCaseExecutor.execute(TestCaseExecutor.java:285)
	at com.kms.katalon.core.main.TestCaseMain.runTestCase(TestCaseMain.java:137)
	at com.kms.katalon.core.keyword.builtin.CallTestCaseKeyword$_callTestCase_closure1.doCall(CallTestCaseKeyword.groovy:59)
	at com.kms.katalon.core.keyword.builtin.CallTestCaseKeyword$_callTestCase_closure1.call(CallTestCaseKeyword.groovy)
	at com.kms.katalon.core.keyword.internal.KeywordMain.runKeyword(KeywordMain.groovy:75)
	at com.kms.katalon.core.keyword.builtin.CallTestCaseKeyword.callTestCase(CallTestCaseKeyword.groovy:81)
	at com.kms.katalon.core.keyword.builtin.CallTestCaseKeyword.execute(CallTestCaseKeyword.groovy:44)
	at com.kms.katalon.core.keyword.internal.KeywordExecutor.executeKeywordForPlatform(KeywordExecutor.groovy:74)
	at com.kms.katalon.core.keyword.BuiltinKeywords.callTestCase(BuiltinKeywords.groovy:310)
	at jdk.internal.reflect.GeneratedMethodAccessor33.invoke(Unknown Source)
	at java.base/jdk.internal.reflect.DelegatingMethodAccessorImpl.invoke(DelegatingMethodAccessorImpl.java:43)
	at FDG - Verify Order Invoice Available Notification.run(FDG - Verify Order Invoice Available Notification:22)
	at com.kms.katalon.core.main.ScriptEngine.run(ScriptEngine.java:194)
	at com.kms.katalon.core.main.ScriptEngine.runScriptAsRawText(ScriptEngine.java:119)
	at com.kms.katalon.core.main.TestCaseExecutor.runScript(TestCaseExecutor.java:448)
	at com.kms.katalon.core.main.TestCaseExecutor.doExecute(TestCaseExecutor.java:439)
	at com.kms.katalon.core.main.TestCaseExecutor.processExecutionPhase(TestCaseExecutor.java:418)
	at com.kms.katalon.core.main.TestCaseExecutor.accessMainPhase(TestCaseExecutor.java:410)
	at com.kms.katalon.core.main.TestCaseExecutor.execute(TestCaseExecutor.java:285)
	at com.kms.katalon.core.common.CommonExecutor.accessTestCaseMainPhase(CommonExecutor.java:65)
	at com.kms.katalon.core.main.TestSuiteExecutor.accessTestSuiteMainPhase(TestSuiteExecutor.java:150)
	at com.kms.katalon.core.main.TestSuiteExecutor.execute(TestSuiteExecutor.java:106)
	at com.kms.katalon.core.main.TestCaseMain.startTestSuite(TestCaseMain.java:180)
	at com.kms.katalon.core.main.TestCaseMain$startTestSuite$0.call(Unknown Source)
	at TempTestSuite1761139051700.run(TempTestSuite1761139051700.groovy:35)
	at java.base/jdk.internal.reflect.NativeMethodAccessorImpl.invoke0(Native Method)
	at java.base/jdk.internal.reflect.NativeMethodAccessorImpl.invoke(NativeMethodAccessorImpl.java:77)
	at java.base/jdk.internal.reflect.DelegatingMethodAccessorImpl.invoke(DelegatingMethodAccessorImpl.java:43)
)

22-10-2025T09:34:51 - [MESSAGE][PASSED] - Call Test Case 'Test Cases/Utility Scripts/TF Sign In' successfully

22-10-2025T09:34:51 - [TEST_STEP][PASSED] - click(findTestObject("TripFocus/Notifications/Notifications Tab")): Object: 'Object Repository/TripFocus/Notifications/Notifications Tab' is clicked on

22-10-2025T09:34:51 - [MESSAGE][PASSED] - Object: 'Object Repository/TripFocus/Notifications/Notifications Tab' is clicked on

22-10-2025T09:34:51 - [TEST_STEP][PASSED] - delay(5): Delayed 5 second(s)

22-10-2025T09:34:56 - [MESSAGE][PASSED] - Delayed 5 second(s)

22-10-2025T09:34:56 - [TEST_STEP][PASSED] - click(findTestObject("Object Repository/TripFocus/Page_TripFocus/button_Add New Notification")): Object: 'Object Repository/TripFocus/Page_TripFocus/button_Add New Notification' is clicked on

22-10-2025T09:34:56 - [MESSAGE][PASSED] - Object: 'Object Repository/TripFocus/Page_TripFocus/button_Add New Notification' is clicked on

22-10-2025T09:34:56 - [TEST_STEP][PASSED] - delay(5): Delayed 5 second(s)

22-10-2025T09:35:01 - [MESSAGE][PASSED] - Delayed 5 second(s)

22-10-2025T09:35:01 - [TEST_STEP][PASSED] - sendKeys(findTestObject("TripFocus/Notifications/Notification Events_txt"), "Order Invoice Available"): Keys 'Order Invoice Available' sent to object: 'Object Repository/TripFocus/Notifications/Notification Events_txt'

22-10-2025T09:35:02 - [MESSAGE][PASSED] - Keys 'Order Invoice Available' sent to object: 'Object Repository/TripFocus/Notifications/Notification Events_txt'

22-10-2025T09:35:02 - [TEST_STEP][PASSED] - delay(2): Delayed 2 second(s)

22-10-2025T09:35:04 - [MESSAGE][PASSED] - Delayed 2 second(s)

22-10-2025T09:35:04 - [TEST_STEP][PASSED] - sendKeys(findTestObject("TripFocus/Notifications/Notification Events_txt"), Keys.chord(ENTER)): Keys 'ENTER + ' sent to object: 'Object Repository/TripFocus/Notifications/Notification Events_txt'

22-10-2025T09:35:04 - [MESSAGE][PASSED] - Keys 'ENTER + ' sent to object: 'Object Repository/TripFocus/Notifications/Notification Events_txt'

22-10-2025T09:35:04 - [TEST_STEP][PASSED] - delay(2): Delayed 2 second(s)

22-10-2025T09:35:06 - [MESSAGE][PASSED] - Delayed 2 second(s)

22-10-2025T09:35:06 - [TEST_STEP][PASSED] - click(findTestObject("TripFocus/Page_TripFocus/textarea_Send To_txtSendTo")): Object: 'Object Repository/TripFocus/Page_TripFocus/textarea_Send To_txtSendTo' is clicked on

22-10-2025T09:35:06 - [MESSAGE][PASSED] - Object: 'Object Repository/TripFocus/Page_TripFocus/textarea_Send To_txtSendTo' is clicked on

22-10-2025T09:35:06 - [TEST_STEP][PASSED] - delay(2): Delayed 2 second(s)

22-10-2025T09:35:08 - [MESSAGE][PASSED] - Delayed 2 second(s)

22-10-2025T09:35:08 - [TEST_STEP][PASSED] - verifyElementText(findTestObject("TripFocus/Notifications/Selected Notification_option"), "Order Invoice Available"): Actual text and expected text of test object 'Object Repository/TripFocus/Notifications/Selected Notification_option' are matched.

22-10-2025T09:35:08 - [MESSAGE][PASSED] - Actual text and expected text of test object 'Object Repository/TripFocus/Notifications/Selected Notification_option' are matched.

22-10-2025T09:35:08 - [TEST_STEP][PASSED] - closeBrowser(STOP_ON_FAILURE): Browser is closed

22-10-2025T09:35:08 - [MESSAGE][PASSED] - Browser is closed

22-10-2025T09:35:08 - [TEST_STEP][PASSED] - Start listener action : retryOnDisconnect: null

22-10-2025T09:35:08 - [TEST_STEP][PASSED] - tcId = testCaseContext.getTestCaseId(): null

22-10-2025T09:35:08 - [TEST_STEP][PASSED] - currentRetry = retryCounts.getOrDefault(tcId, 0): null

22-10-2025T09:35:08 - [TEST_STEP][PASSED] - if (testCaseContext.getTestCaseStatus() == "FAILED" && currentRetry < MAX_RETRIES): null]]></system-out>
         <system-err><![CDATA[]]></system-err>
      </testcase>
      <testcase name="Test Cases/TripFocus/FDG/FDG - Notification/FDG - Verify Order Loaded Notification" time="48.807" classname="Test Cases/TripFocus/FDG/FDG - Notification/FDG - Verify Order Loaded Notification" status="PASSED">
         <system-out><![CDATA[22-10-2025T09:35:08 - [TEST_CASE][PASSED] - Test Cases/TripFocus/FDG/FDG - Notification/FDG - Verify Order Loaded Notification: Test Cases/TripFocus/FDG/FDG - Notification/FDG - Verify Order Loaded Notification

22-10-2025T09:35:08 - [TEST_STEP][PASSED] - Start listener action : beforeTestCase: null

22-10-2025T09:35:08 - [TEST_STEP][PASSED] - addDefaultPackages(): null

22-10-2025T09:35:08 - [TEST_STEP][PASSED] - callTestCase(findTestCase("Utility Scripts/Open Browser"), ["destinationURL":TFBaseURL], STOP_ON_FAILURE): Call Test Case 'Test Cases/Utility Scripts/Open Browser' successfully

22-10-2025T09:35:08 - [TEST_CASE][PASSED] - Test Cases/Utility Scripts/Open Browser: Test Cases/Utility Scripts/Open Browser

22-10-2025T09:35:08 - [TEST_STEP][PASSED] - openBrowser(""): Browser is opened with url: ''

22-10-2025T09:35:08 - [MESSAGE][INFO] - Starting 'Chrome' driver

22-10-2025T09:35:08 - [MESSAGE][INFO] - User set preference: ['args', '[--no-sandbox, --disable-gpu, --disable-dev-shm-usage]']

22-10-2025T09:35:08 - [MESSAGE][INFO] - Action delay is set to 0 milliseconds

22-10-2025T09:35:09 - [MESSAGE][PASSED] - Browser is opened with url: ''

22-10-2025T09:35:09 - [TEST_STEP][PASSED] - navigateToUrl(destinationURL): Navigate to 'https://www.qa.tripfocus.com' successfully

22-10-2025T09:35:10 - [MESSAGE][PASSED] - Navigate to 'https://www.qa.tripfocus.com' successfully

22-10-2025T09:35:10 - [TEST_STEP][PASSED] - if (maximizeWindow == true): Current window maximized

22-10-2025T09:35:10 - [TEST_STEP][PASSED] - maximizeWindow(STOP_ON_FAILURE): Current window maximized

22-10-2025T09:35:10 - [MESSAGE][PASSED] - Current window maximized

22-10-2025T09:35:10 - [MESSAGE][PASSED] - Call Test Case 'Test Cases/Utility Scripts/Open Browser' successfully

22-10-2025T09:35:10 - [TEST_STEP][PASSED] - callTestCase(findTestCase("Utility Scripts/TF Sign In"), ["userName":TripFocusPenskeFDGUsername, "password":TripFocusFDGSPGPassword], STOP_ON_FAILURE): Call Test Case 'Test Cases/Utility Scripts/TF Sign In' successfully

22-10-2025T09:35:10 - [TEST_CASE][PASSED] - Test Cases/Utility Scripts/TF Sign In: Test Cases/Utility Scripts/TF Sign In

22-10-2025T09:35:10 - [TEST_STEP][PASSED] - click(findTestObject("Object Repository/TripFocus/Page_TripFocus/button_Sign in")): Object: 'Object Repository/TripFocus/Page_TripFocus/button_Sign in' is clicked on

22-10-2025T09:35:10 - [MESSAGE][PASSED] - Object: 'Object Repository/TripFocus/Page_TripFocus/button_Sign in' is clicked on

22-10-2025T09:35:10 - [TEST_STEP][PASSED] - setText(findTestObject("Object Repository/TripFocus/Page_TripFocus/input_Username (e.g. email address)_Username"), userName): Text 'Ashford.Chenault+PenskeCustomerFDGONLY@thekag.com' is set on object 'Object Repository/TripFocus/Page_TripFocus/input_Username (e.g. email address)_Username'

22-10-2025T09:35:10 - [MESSAGE][PASSED] - Text 'Ashford.Chenault+PenskeCustomerFDGONLY@thekag.com' is set on object 'Object Repository/TripFocus/Page_TripFocus/input_Username (e.g. email address)_Username'

22-10-2025T09:35:10 - [TEST_STEP][PASSED] - setText(findTestObject("Object Repository/TripFocus/Page_TripFocus/input_Password_Password"), password): Text 'CrashBan911!!' is set on object 'Object Repository/TripFocus/Page_TripFocus/input_Password_Password'

22-10-2025T09:35:11 - [MESSAGE][PASSED] - Text 'CrashBan911!!' is set on object 'Object Repository/TripFocus/Page_TripFocus/input_Password_Password'

22-10-2025T09:35:11 - [TEST_STEP][PASSED] - click(findTestObject("Object Repository/TripFocus/Page_TripFocus/button_Login")): Object: 'Object Repository/TripFocus/Page_TripFocus/button_Login' is clicked on

22-10-2025T09:35:11 - [MESSAGE][PASSED] - Object: 'Object Repository/TripFocus/Page_TripFocus/button_Login' is clicked on

22-10-2025T09:35:11 - [TEST_STEP][PASSED] - maximizeWindow(): Current window maximized

22-10-2025T09:35:11 - [MESSAGE][PASSED] - Current window maximized

22-10-2025T09:35:11 - [TEST_STEP][PASSED] - waitForElementVisible(findTestObject("TripFocus/Testing_Notification_btn"), 5, OPTIONAL): Web element with id: 'Object Repository/TripFocus/Testing_Notification_btn' located by '//*[@id="__BVID__10___BV_modal_footer_"]/button' not found

22-10-2025T09:35:18 - [MESSAGE][INFO] - Unable to find the element located by 'By.xpath: //*[@id="__BVID__10___BV_modal_footer_"]/button'. Please recheck the objects properties to make sure the desired element is located. 

22-10-2025T09:35:18 - [MESSAGE][WARNING] - [SELF-HEALING] Failed to find element with id 'Object Repository/TripFocus/Testing_Notification_btn'. Try using Self-healing.

22-10-2025T09:35:19 - [MESSAGE][INFO] - [SELF-HEALING] No working XPath is found.

22-10-2025T09:35:21 - [MESSAGE][INFO] - Unable to find the element located by 'By.xpath: '. Please recheck the objects properties to make sure the desired element is located. 

22-10-2025T09:35:21 - [MESSAGE][WARNING] - [SELF-HEALING] Cannot find elements when the selector is null

22-10-2025T09:35:21 - [MESSAGE][WARNING] - Web element with id: 'Object Repository/TripFocus/Testing_Notification_btn' located by '//*[@id="__BVID__10___BV_modal_footer_"]/button' not found

22-10-2025T09:35:21 - [TEST_STEP][PASSED] - if (verifyElementVisible(findTestObject("TripFocus/Testing_Notification_btn"), OPTIONAL) == true): Web element with id: 'Object Repository/TripFocus/Testing_Notification_btn' located by '//*[@id="__BVID__10___BV_modal_footer_"]/button' not found (Root cause: com.kms.katalon.core.exception.StepFailedException: Web element with id: 'Object Repository/TripFocus/Testing_Notification_btn' located by '//*[@id="__BVID__10___BV_modal_footer_"]/button' not found
	at com.kms.katalon.core.webui.keyword.internal.WebUIKeywordMain.stepFailed(WebUIKeywordMain.groovy:117)
	at com.kms.katalon.core.webui.keyword.builtin.VerifyElementVisibleKeyword$_verifyElementVisible_closure1.doCall(VerifyElementVisibleKeyword.groovy:89)
	at com.kms.katalon.core.webui.keyword.builtin.VerifyElementVisibleKeyword$_verifyElementVisible_closure1.call(VerifyElementVisibleKeyword.groovy)
	at com.kms.katalon.core.webui.keyword.internal.WebUIKeywordMain.runKeyword(WebUIKeywordMain.groovy:35)
	at com.kms.katalon.core.webui.keyword.builtin.VerifyElementVisibleKeyword.verifyElementVisible(VerifyElementVisibleKeyword.groovy:97)
	at com.kms.katalon.core.webui.keyword.builtin.VerifyElementVisibleKeyword.execute(VerifyElementVisibleKeyword.groovy:67)
	at com.kms.katalon.core.keyword.internal.KeywordExecutor.executeKeywordForPlatform(KeywordExecutor.groovy:74)
	at com.kms.katalon.core.webui.keyword.WebUiBuiltInKeywords.verifyElementVisible(WebUiBuiltInKeywords.groovy:401)
	at com.kms.katalon.core.webui.keyword.WebUiBuiltInKeywords$verifyElementVisible$6.call(Unknown Source)
	at TF Sign In.run(TF Sign In:33)
	at com.kms.katalon.core.main.ScriptEngine.run(ScriptEngine.java:194)
	at com.kms.katalon.core.main.ScriptEngine.runScriptAsRawText(ScriptEngine.java:119)
	at com.kms.katalon.core.main.TestCaseExecutor.runScript(TestCaseExecutor.java:448)
	at com.kms.katalon.core.main.TestCaseExecutor.doExecute(TestCaseExecutor.java:439)
	at com.kms.katalon.core.main.TestCaseExecutor.processExecutionPhase(TestCaseExecutor.java:418)
	at com.kms.katalon.core.main.TestCaseExecutor.accessMainPhase(TestCaseExecutor.java:410)
	at com.kms.katalon.core.main.TestCaseExecutor.execute(TestCaseExecutor.java:285)
	at com.kms.katalon.core.main.TestCaseMain.runTestCase(TestCaseMain.java:137)
	at com.kms.katalon.core.keyword.builtin.CallTestCaseKeyword$_callTestCase_closure1.doCall(CallTestCaseKeyword.groovy:59)
	at com.kms.katalon.core.keyword.builtin.CallTestCaseKeyword$_callTestCase_closure1.call(CallTestCaseKeyword.groovy)
	at com.kms.katalon.core.keyword.internal.KeywordMain.runKeyword(KeywordMain.groovy:75)
	at com.kms.katalon.core.keyword.builtin.CallTestCaseKeyword.callTestCase(CallTestCaseKeyword.groovy:81)
	at com.kms.katalon.core.keyword.builtin.CallTestCaseKeyword.execute(CallTestCaseKeyword.groovy:44)
	at com.kms.katalon.core.keyword.internal.KeywordExecutor.executeKeywordForPlatform(KeywordExecutor.groovy:74)
	at com.kms.katalon.core.keyword.BuiltinKeywords.callTestCase(BuiltinKeywords.groovy:310)
	at jdk.internal.reflect.GeneratedMethodAccessor33.invoke(Unknown Source)
	at java.base/jdk.internal.reflect.DelegatingMethodAccessorImpl.invoke(DelegatingMethodAccessorImpl.java:43)
	at FDG - Verify Order Loaded Notification.run(FDG - Verify Order Loaded Notification:22)
	at com.kms.katalon.core.main.ScriptEngine.run(ScriptEngine.java:194)
	at com.kms.katalon.core.main.ScriptEngine.runScriptAsRawText(ScriptEngine.java:119)
	at com.kms.katalon.core.main.TestCaseExecutor.runScript(TestCaseExecutor.java:448)
	at com.kms.katalon.core.main.TestCaseExecutor.doExecute(TestCaseExecutor.java:439)
	at com.kms.katalon.core.main.TestCaseExecutor.processExecutionPhase(TestCaseExecutor.java:418)
	at com.kms.katalon.core.main.TestCaseExecutor.accessMainPhase(TestCaseExecutor.java:410)
	at com.kms.katalon.core.main.TestCaseExecutor.execute(TestCaseExecutor.java:285)
	at com.kms.katalon.core.common.CommonExecutor.accessTestCaseMainPhase(CommonExecutor.java:65)
	at com.kms.katalon.core.main.TestSuiteExecutor.accessTestSuiteMainPhase(TestSuiteExecutor.java:150)
	at com.kms.katalon.core.main.TestSuiteExecutor.execute(TestSuiteExecutor.java:106)
	at com.kms.katalon.core.main.TestCaseMain.startTestSuite(TestCaseMain.java:180)
	at com.kms.katalon.core.main.TestCaseMain$startTestSuite$0.call(Unknown Source)
	at TempTestSuite1761139051700.run(TempTestSuite1761139051700.groovy:35)
	at java.base/jdk.internal.reflect.NativeMethodAccessorImpl.invoke0(Native Method)
	at java.base/jdk.internal.reflect.NativeMethodAccessorImpl.invoke(NativeMethodAccessorImpl.java:77)
	at java.base/jdk.internal.reflect.DelegatingMethodAccessorImpl.invoke(DelegatingMethodAccessorImpl.java:43)
)

22-10-2025T09:35:37 - [MESSAGE][INFO] - Unable to find the element located by 'By.xpath: //*[@id="__BVID__10___BV_modal_footer_"]/button'. Please recheck the objects properties to make sure the desired element is located. 

22-10-2025T09:35:37 - [MESSAGE][WARNING] - [SELF-HEALING] Failed to find element with id 'Object Repository/TripFocus/Testing_Notification_btn'. Try using Self-healing.

22-10-2025T09:35:38 - [MESSAGE][INFO] - [SELF-HEALING] No working XPath is found.

22-10-2025T09:35:40 - [MESSAGE][INFO] - Unable to find the element located by 'By.xpath: '. Please recheck the objects properties to make sure the desired element is located. 

22-10-2025T09:35:40 - [MESSAGE][WARNING] - [SELF-HEALING] Cannot find elements when the selector is null

22-10-2025T09:35:40 - [MESSAGE][WARNING] - Web element with id: 'Object Repository/TripFocus/Testing_Notification_btn' located by '//*[@id="__BVID__10___BV_modal_footer_"]/button' not found (Root cause: com.kms.katalon.core.exception.StepFailedException: Web element with id: 'Object Repository/TripFocus/Testing_Notification_btn' located by '//*[@id="__BVID__10___BV_modal_footer_"]/button' not found
	at com.kms.katalon.core.webui.keyword.internal.WebUIKeywordMain.stepFailed(WebUIKeywordMain.groovy:117)
	at com.kms.katalon.core.webui.keyword.builtin.VerifyElementVisibleKeyword$_verifyElementVisible_closure1.doCall(VerifyElementVisibleKeyword.groovy:89)
	at com.kms.katalon.core.webui.keyword.builtin.VerifyElementVisibleKeyword$_verifyElementVisible_closure1.call(VerifyElementVisibleKeyword.groovy)
	at com.kms.katalon.core.webui.keyword.internal.WebUIKeywordMain.runKeyword(WebUIKeywordMain.groovy:35)
	at com.kms.katalon.core.webui.keyword.builtin.VerifyElementVisibleKeyword.verifyElementVisible(VerifyElementVisibleKeyword.groovy:97)
	at com.kms.katalon.core.webui.keyword.builtin.VerifyElementVisibleKeyword.execute(VerifyElementVisibleKeyword.groovy:67)
	at com.kms.katalon.core.keyword.internal.KeywordExecutor.executeKeywordForPlatform(KeywordExecutor.groovy:74)
	at com.kms.katalon.core.webui.keyword.WebUiBuiltInKeywords.verifyElementVisible(WebUiBuiltInKeywords.groovy:401)
	at com.kms.katalon.core.webui.keyword.WebUiBuiltInKeywords$verifyElementVisible$6.call(Unknown Source)
	at TF Sign In.run(TF Sign In:33)
	at com.kms.katalon.core.main.ScriptEngine.run(ScriptEngine.java:194)
	at com.kms.katalon.core.main.ScriptEngine.runScriptAsRawText(ScriptEngine.java:119)
	at com.kms.katalon.core.main.TestCaseExecutor.runScript(TestCaseExecutor.java:448)
	at com.kms.katalon.core.main.TestCaseExecutor.doExecute(TestCaseExecutor.java:439)
	at com.kms.katalon.core.main.TestCaseExecutor.processExecutionPhase(TestCaseExecutor.java:418)
	at com.kms.katalon.core.main.TestCaseExecutor.accessMainPhase(TestCaseExecutor.java:410)
	at com.kms.katalon.core.main.TestCaseExecutor.execute(TestCaseExecutor.java:285)
	at com.kms.katalon.core.main.TestCaseMain.runTestCase(TestCaseMain.java:137)
	at com.kms.katalon.core.keyword.builtin.CallTestCaseKeyword$_callTestCase_closure1.doCall(CallTestCaseKeyword.groovy:59)
	at com.kms.katalon.core.keyword.builtin.CallTestCaseKeyword$_callTestCase_closure1.call(CallTestCaseKeyword.groovy)
	at com.kms.katalon.core.keyword.internal.KeywordMain.runKeyword(KeywordMain.groovy:75)
	at com.kms.katalon.core.keyword.builtin.CallTestCaseKeyword.callTestCase(CallTestCaseKeyword.groovy:81)
	at com.kms.katalon.core.keyword.builtin.CallTestCaseKeyword.execute(CallTestCaseKeyword.groovy:44)
	at com.kms.katalon.core.keyword.internal.KeywordExecutor.executeKeywordForPlatform(KeywordExecutor.groovy:74)
	at com.kms.katalon.core.keyword.BuiltinKeywords.callTestCase(BuiltinKeywords.groovy:310)
	at jdk.internal.reflect.GeneratedMethodAccessor33.invoke(Unknown Source)
	at java.base/jdk.internal.reflect.DelegatingMethodAccessorImpl.invoke(DelegatingMethodAccessorImpl.java:43)
	at FDG - Verify Order Loaded Notification.run(FDG - Verify Order Loaded Notification:22)
	at com.kms.katalon.core.main.ScriptEngine.run(ScriptEngine.java:194)
	at com.kms.katalon.core.main.ScriptEngine.runScriptAsRawText(ScriptEngine.java:119)
	at com.kms.katalon.core.main.TestCaseExecutor.runScript(TestCaseExecutor.java:448)
	at com.kms.katalon.core.main.TestCaseExecutor.doExecute(TestCaseExecutor.java:439)
	at com.kms.katalon.core.main.TestCaseExecutor.processExecutionPhase(TestCaseExecutor.java:418)
	at com.kms.katalon.core.main.TestCaseExecutor.accessMainPhase(TestCaseExecutor.java:410)
	at com.kms.katalon.core.main.TestCaseExecutor.execute(TestCaseExecutor.java:285)
	at com.kms.katalon.core.common.CommonExecutor.accessTestCaseMainPhase(CommonExecutor.java:65)
	at com.kms.katalon.core.main.TestSuiteExecutor.accessTestSuiteMainPhase(TestSuiteExecutor.java:150)
	at com.kms.katalon.core.main.TestSuiteExecutor.execute(TestSuiteExecutor.java:106)
	at com.kms.katalon.core.main.TestCaseMain.startTestSuite(TestCaseMain.java:180)
	at com.kms.katalon.core.main.TestCaseMain$startTestSuite$0.call(Unknown Source)
	at TempTestSuite1761139051700.run(TempTestSuite1761139051700.groovy:35)
	at java.base/jdk.internal.reflect.NativeMethodAccessorImpl.invoke0(Native Method)
	at java.base/jdk.internal.reflect.NativeMethodAccessorImpl.invoke(NativeMethodAccessorImpl.java:77)
	at java.base/jdk.internal.reflect.DelegatingMethodAccessorImpl.invoke(DelegatingMethodAccessorImpl.java:43)
)

22-10-2025T09:35:40 - [MESSAGE][PASSED] - Call Test Case 'Test Cases/Utility Scripts/TF Sign In' successfully

22-10-2025T09:35:40 - [TEST_STEP][PASSED] - click(findTestObject("TripFocus/Notifications/Notifications Tab")): Object: 'Object Repository/TripFocus/Notifications/Notifications Tab' is clicked on

22-10-2025T09:35:40 - [MESSAGE][PASSED] - Object: 'Object Repository/TripFocus/Notifications/Notifications Tab' is clicked on

22-10-2025T09:35:40 - [TEST_STEP][PASSED] - delay(5): Delayed 5 second(s)

22-10-2025T09:35:45 - [MESSAGE][PASSED] - Delayed 5 second(s)

22-10-2025T09:35:45 - [TEST_STEP][PASSED] - click(findTestObject("Object Repository/TripFocus/Page_TripFocus/button_Add New Notification")): Object: 'Object Repository/TripFocus/Page_TripFocus/button_Add New Notification' is clicked on

22-10-2025T09:35:45 - [MESSAGE][PASSED] - Object: 'Object Repository/TripFocus/Page_TripFocus/button_Add New Notification' is clicked on

22-10-2025T09:35:45 - [TEST_STEP][PASSED] - delay(5): Delayed 5 second(s)

22-10-2025T09:35:50 - [MESSAGE][PASSED] - Delayed 5 second(s)

22-10-2025T09:35:50 - [TEST_STEP][PASSED] - sendKeys(findTestObject("TripFocus/Notifications/Notification Events_txt"), "Order Loaded"): Keys 'Order Loaded' sent to object: 'Object Repository/TripFocus/Notifications/Notification Events_txt'

22-10-2025T09:35:50 - [MESSAGE][PASSED] - Keys 'Order Loaded' sent to object: 'Object Repository/TripFocus/Notifications/Notification Events_txt'

22-10-2025T09:35:50 - [TEST_STEP][PASSED] - delay(2): Delayed 2 second(s)

22-10-2025T09:35:52 - [MESSAGE][PASSED] - Delayed 2 second(s)

22-10-2025T09:35:52 - [TEST_STEP][PASSED] - sendKeys(findTestObject("TripFocus/Notifications/Notification Events_txt"), Keys.chord(ENTER)): Keys 'ENTER + ' sent to object: 'Object Repository/TripFocus/Notifications/Notification Events_txt'

22-10-2025T09:35:52 - [MESSAGE][PASSED] - Keys 'ENTER + ' sent to object: 'Object Repository/TripFocus/Notifications/Notification Events_txt'

22-10-2025T09:35:52 - [TEST_STEP][PASSED] - delay(2): Delayed 2 second(s)

22-10-2025T09:35:54 - [MESSAGE][PASSED] - Delayed 2 second(s)

22-10-2025T09:35:54 - [TEST_STEP][PASSED] - click(findTestObject("TripFocus/Page_TripFocus/textarea_Send To_txtSendTo")): Object: 'Object Repository/TripFocus/Page_TripFocus/textarea_Send To_txtSendTo' is clicked on

22-10-2025T09:35:55 - [MESSAGE][PASSED] - Object: 'Object Repository/TripFocus/Page_TripFocus/textarea_Send To_txtSendTo' is clicked on

22-10-2025T09:35:55 - [TEST_STEP][PASSED] - delay(2): Delayed 2 second(s)

22-10-2025T09:35:57 - [MESSAGE][PASSED] - Delayed 2 second(s)

22-10-2025T09:35:57 - [TEST_STEP][PASSED] - verifyElementText(findTestObject("TripFocus/Notifications/Selected Notification_option"), "Order Loaded"): Actual text and expected text of test object 'Object Repository/TripFocus/Notifications/Selected Notification_option' are matched.

22-10-2025T09:35:57 - [MESSAGE][PASSED] - Actual text and expected text of test object 'Object Repository/TripFocus/Notifications/Selected Notification_option' are matched.

22-10-2025T09:35:57 - [TEST_STEP][PASSED] - closeBrowser(STOP_ON_FAILURE): Browser is closed

22-10-2025T09:35:57 - [MESSAGE][PASSED] - Browser is closed

22-10-2025T09:35:57 - [TEST_STEP][PASSED] - Start listener action : retryOnDisconnect: null

22-10-2025T09:35:57 - [TEST_STEP][PASSED] - tcId = testCaseContext.getTestCaseId(): null

22-10-2025T09:35:57 - [TEST_STEP][PASSED] - currentRetry = retryCounts.getOrDefault(tcId, 0): null

22-10-2025T09:35:57 - [TEST_STEP][PASSED] - if (testCaseContext.getTestCaseStatus() == "FAILED" && currentRetry < MAX_RETRIES): null]]></system-out>
         <system-err><![CDATA[]]></system-err>
      </testcase>
      <testcase name="Test Cases/TripFocus/FDG/FDG - Notification/FDG - Verify Order Loading Notification" time="48.661" classname="Test Cases/TripFocus/FDG/FDG - Notification/FDG - Verify Order Loading Notification" status="PASSED">
         <system-out><![CDATA[22-10-2025T09:35:57 - [TEST_CASE][PASSED] - Test Cases/TripFocus/FDG/FDG - Notification/FDG - Verify Order Loading Notification: Test Cases/TripFocus/FDG/FDG - Notification/FDG - Verify Order Loading Notification

22-10-2025T09:35:57 - [TEST_STEP][PASSED] - Start listener action : beforeTestCase: null

22-10-2025T09:35:57 - [TEST_STEP][PASSED] - addDefaultPackages(): null

22-10-2025T09:35:57 - [TEST_STEP][PASSED] - callTestCase(findTestCase("Utility Scripts/Open Browser"), ["destinationURL":TFBaseURL], STOP_ON_FAILURE): Call Test Case 'Test Cases/Utility Scripts/Open Browser' successfully

22-10-2025T09:35:57 - [TEST_CASE][PASSED] - Test Cases/Utility Scripts/Open Browser: Test Cases/Utility Scripts/Open Browser

22-10-2025T09:35:57 - [TEST_STEP][PASSED] - openBrowser(""): Browser is opened with url: ''

22-10-2025T09:35:57 - [MESSAGE][INFO] - Starting 'Chrome' driver

22-10-2025T09:35:57 - [MESSAGE][INFO] - User set preference: ['args', '[--no-sandbox, --disable-gpu, --disable-dev-shm-usage]']

22-10-2025T09:35:57 - [MESSAGE][INFO] - Action delay is set to 0 milliseconds

22-10-2025T09:35:58 - [MESSAGE][PASSED] - Browser is opened with url: ''

22-10-2025T09:35:58 - [TEST_STEP][PASSED] - navigateToUrl(destinationURL): Navigate to 'https://www.qa.tripfocus.com' successfully

22-10-2025T09:35:58 - [MESSAGE][PASSED] - Navigate to 'https://www.qa.tripfocus.com' successfully

22-10-2025T09:35:58 - [TEST_STEP][PASSED] - if (maximizeWindow == true): Current window maximized

22-10-2025T09:35:58 - [TEST_STEP][PASSED] - maximizeWindow(STOP_ON_FAILURE): Current window maximized

22-10-2025T09:35:59 - [MESSAGE][PASSED] - Current window maximized

22-10-2025T09:35:59 - [MESSAGE][PASSED] - Call Test Case 'Test Cases/Utility Scripts/Open Browser' successfully

22-10-2025T09:35:59 - [TEST_STEP][PASSED] - callTestCase(findTestCase("Utility Scripts/TF Sign In"), ["userName":TripFocusPenskeFDGUsername, "password":TripFocusFDGSPGPassword], STOP_ON_FAILURE): Call Test Case 'Test Cases/Utility Scripts/TF Sign In' successfully

22-10-2025T09:35:59 - [TEST_CASE][PASSED] - Test Cases/Utility Scripts/TF Sign In: Test Cases/Utility Scripts/TF Sign In

22-10-2025T09:35:59 - [TEST_STEP][PASSED] - click(findTestObject("Object Repository/TripFocus/Page_TripFocus/button_Sign in")): Object: 'Object Repository/TripFocus/Page_TripFocus/button_Sign in' is clicked on

22-10-2025T09:35:59 - [MESSAGE][PASSED] - Object: 'Object Repository/TripFocus/Page_TripFocus/button_Sign in' is clicked on

22-10-2025T09:35:59 - [TEST_STEP][PASSED] - setText(findTestObject("Object Repository/TripFocus/Page_TripFocus/input_Username (e.g. email address)_Username"), userName): Text 'Ashford.Chenault+PenskeCustomerFDGONLY@thekag.com' is set on object 'Object Repository/TripFocus/Page_TripFocus/input_Username (e.g. email address)_Username'

22-10-2025T09:36:00 - [MESSAGE][PASSED] - Text 'Ashford.Chenault+PenskeCustomerFDGONLY@thekag.com' is set on object 'Object Repository/TripFocus/Page_TripFocus/input_Username (e.g. email address)_Username'

22-10-2025T09:36:00 - [TEST_STEP][PASSED] - setText(findTestObject("Object Repository/TripFocus/Page_TripFocus/input_Password_Password"), password): Text 'CrashBan911!!' is set on object 'Object Repository/TripFocus/Page_TripFocus/input_Password_Password'

22-10-2025T09:36:00 - [MESSAGE][PASSED] - Text 'CrashBan911!!' is set on object 'Object Repository/TripFocus/Page_TripFocus/input_Password_Password'

22-10-2025T09:36:00 - [TEST_STEP][PASSED] - click(findTestObject("Object Repository/TripFocus/Page_TripFocus/button_Login")): Object: 'Object Repository/TripFocus/Page_TripFocus/button_Login' is clicked on

22-10-2025T09:36:00 - [MESSAGE][PASSED] - Object: 'Object Repository/TripFocus/Page_TripFocus/button_Login' is clicked on

22-10-2025T09:36:00 - [TEST_STEP][PASSED] - maximizeWindow(): Current window maximized

22-10-2025T09:36:00 - [MESSAGE][PASSED] - Current window maximized

22-10-2025T09:36:00 - [TEST_STEP][PASSED] - waitForElementVisible(findTestObject("TripFocus/Testing_Notification_btn"), 5, OPTIONAL): Web element with id: 'Object Repository/TripFocus/Testing_Notification_btn' located by '//*[@id="__BVID__10___BV_modal_footer_"]/button' not found

22-10-2025T09:36:07 - [MESSAGE][INFO] - Unable to find the element located by 'By.xpath: //*[@id="__BVID__10___BV_modal_footer_"]/button'. Please recheck the objects properties to make sure the desired element is located. 

22-10-2025T09:36:07 - [MESSAGE][WARNING] - [SELF-HEALING] Failed to find element with id 'Object Repository/TripFocus/Testing_Notification_btn'. Try using Self-healing.

22-10-2025T09:36:08 - [MESSAGE][INFO] - [SELF-HEALING] No working XPath is found.

22-10-2025T09:36:10 - [MESSAGE][INFO] - Unable to find the element located by 'By.xpath: '. Please recheck the objects properties to make sure the desired element is located. 

22-10-2025T09:36:10 - [MESSAGE][WARNING] - [SELF-HEALING] Cannot find elements when the selector is null

22-10-2025T09:36:10 - [MESSAGE][WARNING] - Web element with id: 'Object Repository/TripFocus/Testing_Notification_btn' located by '//*[@id="__BVID__10___BV_modal_footer_"]/button' not found

22-10-2025T09:36:10 - [TEST_STEP][PASSED] - if (verifyElementVisible(findTestObject("TripFocus/Testing_Notification_btn"), OPTIONAL) == true): Web element with id: 'Object Repository/TripFocus/Testing_Notification_btn' located by '//*[@id="__BVID__10___BV_modal_footer_"]/button' not found (Root cause: com.kms.katalon.core.exception.StepFailedException: Web element with id: 'Object Repository/TripFocus/Testing_Notification_btn' located by '//*[@id="__BVID__10___BV_modal_footer_"]/button' not found
	at com.kms.katalon.core.webui.keyword.internal.WebUIKeywordMain.stepFailed(WebUIKeywordMain.groovy:117)
	at com.kms.katalon.core.webui.keyword.builtin.VerifyElementVisibleKeyword$_verifyElementVisible_closure1.doCall(VerifyElementVisibleKeyword.groovy:89)
	at com.kms.katalon.core.webui.keyword.builtin.VerifyElementVisibleKeyword$_verifyElementVisible_closure1.call(VerifyElementVisibleKeyword.groovy)
	at com.kms.katalon.core.webui.keyword.internal.WebUIKeywordMain.runKeyword(WebUIKeywordMain.groovy:35)
	at com.kms.katalon.core.webui.keyword.builtin.VerifyElementVisibleKeyword.verifyElementVisible(VerifyElementVisibleKeyword.groovy:97)
	at com.kms.katalon.core.webui.keyword.builtin.VerifyElementVisibleKeyword.execute(VerifyElementVisibleKeyword.groovy:67)
	at com.kms.katalon.core.keyword.internal.KeywordExecutor.executeKeywordForPlatform(KeywordExecutor.groovy:74)
	at com.kms.katalon.core.webui.keyword.WebUiBuiltInKeywords.verifyElementVisible(WebUiBuiltInKeywords.groovy:401)
	at com.kms.katalon.core.webui.keyword.WebUiBuiltInKeywords$verifyElementVisible$6.call(Unknown Source)
	at TF Sign In.run(TF Sign In:33)
	at com.kms.katalon.core.main.ScriptEngine.run(ScriptEngine.java:194)
	at com.kms.katalon.core.main.ScriptEngine.runScriptAsRawText(ScriptEngine.java:119)
	at com.kms.katalon.core.main.TestCaseExecutor.runScript(TestCaseExecutor.java:448)
	at com.kms.katalon.core.main.TestCaseExecutor.doExecute(TestCaseExecutor.java:439)
	at com.kms.katalon.core.main.TestCaseExecutor.processExecutionPhase(TestCaseExecutor.java:418)
	at com.kms.katalon.core.main.TestCaseExecutor.accessMainPhase(TestCaseExecutor.java:410)
	at com.kms.katalon.core.main.TestCaseExecutor.execute(TestCaseExecutor.java:285)
	at com.kms.katalon.core.main.TestCaseMain.runTestCase(TestCaseMain.java:137)
	at com.kms.katalon.core.keyword.builtin.CallTestCaseKeyword$_callTestCase_closure1.doCall(CallTestCaseKeyword.groovy:59)
	at com.kms.katalon.core.keyword.builtin.CallTestCaseKeyword$_callTestCase_closure1.call(CallTestCaseKeyword.groovy)
	at com.kms.katalon.core.keyword.internal.KeywordMain.runKeyword(KeywordMain.groovy:75)
	at com.kms.katalon.core.keyword.builtin.CallTestCaseKeyword.callTestCase(CallTestCaseKeyword.groovy:81)
	at com.kms.katalon.core.keyword.builtin.CallTestCaseKeyword.execute(CallTestCaseKeyword.groovy:44)
	at com.kms.katalon.core.keyword.internal.KeywordExecutor.executeKeywordForPlatform(KeywordExecutor.groovy:74)
	at com.kms.katalon.core.keyword.BuiltinKeywords.callTestCase(BuiltinKeywords.groovy:310)
	at jdk.internal.reflect.GeneratedMethodAccessor33.invoke(Unknown Source)
	at java.base/jdk.internal.reflect.DelegatingMethodAccessorImpl.invoke(DelegatingMethodAccessorImpl.java:43)
	at FDG - Verify Order Loading Notification.run(FDG - Verify Order Loading Notification:22)
	at com.kms.katalon.core.main.ScriptEngine.run(ScriptEngine.java:194)
	at com.kms.katalon.core.main.ScriptEngine.runScriptAsRawText(ScriptEngine.java:119)
	at com.kms.katalon.core.main.TestCaseExecutor.runScript(TestCaseExecutor.java:448)
	at com.kms.katalon.core.main.TestCaseExecutor.doExecute(TestCaseExecutor.java:439)
	at com.kms.katalon.core.main.TestCaseExecutor.processExecutionPhase(TestCaseExecutor.java:418)
	at com.kms.katalon.core.main.TestCaseExecutor.accessMainPhase(TestCaseExecutor.java:410)
	at com.kms.katalon.core.main.TestCaseExecutor.execute(TestCaseExecutor.java:285)
	at com.kms.katalon.core.common.CommonExecutor.accessTestCaseMainPhase(CommonExecutor.java:65)
	at com.kms.katalon.core.main.TestSuiteExecutor.accessTestSuiteMainPhase(TestSuiteExecutor.java:150)
	at com.kms.katalon.core.main.TestSuiteExecutor.execute(TestSuiteExecutor.java:106)
	at com.kms.katalon.core.main.TestCaseMain.startTestSuite(TestCaseMain.java:180)
	at com.kms.katalon.core.main.TestCaseMain$startTestSuite$0.call(Unknown Source)
	at TempTestSuite1761139051700.run(TempTestSuite1761139051700.groovy:35)
	at java.base/jdk.internal.reflect.NativeMethodAccessorImpl.invoke0(Native Method)
	at java.base/jdk.internal.reflect.NativeMethodAccessorImpl.invoke(NativeMethodAccessorImpl.java:77)
	at java.base/jdk.internal.reflect.DelegatingMethodAccessorImpl.invoke(DelegatingMethodAccessorImpl.java:43)
)

22-10-2025T09:36:26 - [MESSAGE][INFO] - Unable to find the element located by 'By.xpath: //*[@id="__BVID__10___BV_modal_footer_"]/button'. Please recheck the objects properties to make sure the desired element is located. 

22-10-2025T09:36:26 - [MESSAGE][WARNING] - [SELF-HEALING] Failed to find element with id 'Object Repository/TripFocus/Testing_Notification_btn'. Try using Self-healing.

22-10-2025T09:36:27 - [MESSAGE][INFO] - [SELF-HEALING] No working XPath is found.

22-10-2025T09:36:29 - [MESSAGE][INFO] - Unable to find the element located by 'By.xpath: '. Please recheck the objects properties to make sure the desired element is located. 

22-10-2025T09:36:29 - [MESSAGE][WARNING] - [SELF-HEALING] Cannot find elements when the selector is null

22-10-2025T09:36:29 - [MESSAGE][WARNING] - Web element with id: 'Object Repository/TripFocus/Testing_Notification_btn' located by '//*[@id="__BVID__10___BV_modal_footer_"]/button' not found (Root cause: com.kms.katalon.core.exception.StepFailedException: Web element with id: 'Object Repository/TripFocus/Testing_Notification_btn' located by '//*[@id="__BVID__10___BV_modal_footer_"]/button' not found
	at com.kms.katalon.core.webui.keyword.internal.WebUIKeywordMain.stepFailed(WebUIKeywordMain.groovy:117)
	at com.kms.katalon.core.webui.keyword.builtin.VerifyElementVisibleKeyword$_verifyElementVisible_closure1.doCall(VerifyElementVisibleKeyword.groovy:89)
	at com.kms.katalon.core.webui.keyword.builtin.VerifyElementVisibleKeyword$_verifyElementVisible_closure1.call(VerifyElementVisibleKeyword.groovy)
	at com.kms.katalon.core.webui.keyword.internal.WebUIKeywordMain.runKeyword(WebUIKeywordMain.groovy:35)
	at com.kms.katalon.core.webui.keyword.builtin.VerifyElementVisibleKeyword.verifyElementVisible(VerifyElementVisibleKeyword.groovy:97)
	at com.kms.katalon.core.webui.keyword.builtin.VerifyElementVisibleKeyword.execute(VerifyElementVisibleKeyword.groovy:67)
	at com.kms.katalon.core.keyword.internal.KeywordExecutor.executeKeywordForPlatform(KeywordExecutor.groovy:74)
	at com.kms.katalon.core.webui.keyword.WebUiBuiltInKeywords.verifyElementVisible(WebUiBuiltInKeywords.groovy:401)
	at com.kms.katalon.core.webui.keyword.WebUiBuiltInKeywords$verifyElementVisible$6.call(Unknown Source)
	at TF Sign In.run(TF Sign In:33)
	at com.kms.katalon.core.main.ScriptEngine.run(ScriptEngine.java:194)
	at com.kms.katalon.core.main.ScriptEngine.runScriptAsRawText(ScriptEngine.java:119)
	at com.kms.katalon.core.main.TestCaseExecutor.runScript(TestCaseExecutor.java:448)
	at com.kms.katalon.core.main.TestCaseExecutor.doExecute(TestCaseExecutor.java:439)
	at com.kms.katalon.core.main.TestCaseExecutor.processExecutionPhase(TestCaseExecutor.java:418)
	at com.kms.katalon.core.main.TestCaseExecutor.accessMainPhase(TestCaseExecutor.java:410)
	at com.kms.katalon.core.main.TestCaseExecutor.execute(TestCaseExecutor.java:285)
	at com.kms.katalon.core.main.TestCaseMain.runTestCase(TestCaseMain.java:137)
	at com.kms.katalon.core.keyword.builtin.CallTestCaseKeyword$_callTestCase_closure1.doCall(CallTestCaseKeyword.groovy:59)
	at com.kms.katalon.core.keyword.builtin.CallTestCaseKeyword$_callTestCase_closure1.call(CallTestCaseKeyword.groovy)
	at com.kms.katalon.core.keyword.internal.KeywordMain.runKeyword(KeywordMain.groovy:75)
	at com.kms.katalon.core.keyword.builtin.CallTestCaseKeyword.callTestCase(CallTestCaseKeyword.groovy:81)
	at com.kms.katalon.core.keyword.builtin.CallTestCaseKeyword.execute(CallTestCaseKeyword.groovy:44)
	at com.kms.katalon.core.keyword.internal.KeywordExecutor.executeKeywordForPlatform(KeywordExecutor.groovy:74)
	at com.kms.katalon.core.keyword.BuiltinKeywords.callTestCase(BuiltinKeywords.groovy:310)
	at jdk.internal.reflect.GeneratedMethodAccessor33.invoke(Unknown Source)
	at java.base/jdk.internal.reflect.DelegatingMethodAccessorImpl.invoke(DelegatingMethodAccessorImpl.java:43)
	at FDG - Verify Order Loading Notification.run(FDG - Verify Order Loading Notification:22)
	at com.kms.katalon.core.main.ScriptEngine.run(ScriptEngine.java:194)
	at com.kms.katalon.core.main.ScriptEngine.runScriptAsRawText(ScriptEngine.java:119)
	at com.kms.katalon.core.main.TestCaseExecutor.runScript(TestCaseExecutor.java:448)
	at com.kms.katalon.core.main.TestCaseExecutor.doExecute(TestCaseExecutor.java:439)
	at com.kms.katalon.core.main.TestCaseExecutor.processExecutionPhase(TestCaseExecutor.java:418)
	at com.kms.katalon.core.main.TestCaseExecutor.accessMainPhase(TestCaseExecutor.java:410)
	at com.kms.katalon.core.main.TestCaseExecutor.execute(TestCaseExecutor.java:285)
	at com.kms.katalon.core.common.CommonExecutor.accessTestCaseMainPhase(CommonExecutor.java:65)
	at com.kms.katalon.core.main.TestSuiteExecutor.accessTestSuiteMainPhase(TestSuiteExecutor.java:150)
	at com.kms.katalon.core.main.TestSuiteExecutor.execute(TestSuiteExecutor.java:106)
	at com.kms.katalon.core.main.TestCaseMain.startTestSuite(TestCaseMain.java:180)
	at com.kms.katalon.core.main.TestCaseMain$startTestSuite$0.call(Unknown Source)
	at TempTestSuite1761139051700.run(TempTestSuite1761139051700.groovy:35)
	at java.base/jdk.internal.reflect.NativeMethodAccessorImpl.invoke0(Native Method)
	at java.base/jdk.internal.reflect.NativeMethodAccessorImpl.invoke(NativeMethodAccessorImpl.java:77)
	at java.base/jdk.internal.reflect.DelegatingMethodAccessorImpl.invoke(DelegatingMethodAccessorImpl.java:43)
)

22-10-2025T09:36:29 - [MESSAGE][PASSED] - Call Test Case 'Test Cases/Utility Scripts/TF Sign In' successfully

22-10-2025T09:36:29 - [TEST_STEP][PASSED] - click(findTestObject("TripFocus/Notifications/Notifications Tab")): Object: 'Object Repository/TripFocus/Notifications/Notifications Tab' is clicked on

22-10-2025T09:36:29 - [MESSAGE][PASSED] - Object: 'Object Repository/TripFocus/Notifications/Notifications Tab' is clicked on

22-10-2025T09:36:29 - [TEST_STEP][PASSED] - delay(5): Delayed 5 second(s)

22-10-2025T09:36:34 - [MESSAGE][PASSED] - Delayed 5 second(s)

22-10-2025T09:36:34 - [TEST_STEP][PASSED] - click(findTestObject("Object Repository/TripFocus/Page_TripFocus/button_Add New Notification")): Object: 'Object Repository/TripFocus/Page_TripFocus/button_Add New Notification' is clicked on

22-10-2025T09:36:34 - [MESSAGE][PASSED] - Object: 'Object Repository/TripFocus/Page_TripFocus/button_Add New Notification' is clicked on

22-10-2025T09:36:34 - [TEST_STEP][PASSED] - delay(5): Delayed 5 second(s)

22-10-2025T09:36:39 - [MESSAGE][PASSED] - Delayed 5 second(s)

22-10-2025T09:36:39 - [TEST_STEP][PASSED] - sendKeys(findTestObject("TripFocus/Notifications/Notification Events_txt"), "Order Loading"): Keys 'Order Loading' sent to object: 'Object Repository/TripFocus/Notifications/Notification Events_txt'

22-10-2025T09:36:39 - [MESSAGE][PASSED] - Keys 'Order Loading' sent to object: 'Object Repository/TripFocus/Notifications/Notification Events_txt'

22-10-2025T09:36:39 - [TEST_STEP][PASSED] - delay(2): Delayed 2 second(s)

22-10-2025T09:36:41 - [MESSAGE][PASSED] - Delayed 2 second(s)

22-10-2025T09:36:41 - [TEST_STEP][PASSED] - sendKeys(findTestObject("TripFocus/Notifications/Notification Events_txt"), Keys.chord(ENTER)): Keys 'ENTER + ' sent to object: 'Object Repository/TripFocus/Notifications/Notification Events_txt'

22-10-2025T09:36:41 - [MESSAGE][PASSED] - Keys 'ENTER + ' sent to object: 'Object Repository/TripFocus/Notifications/Notification Events_txt'

22-10-2025T09:36:41 - [TEST_STEP][PASSED] - delay(2): Delayed 2 second(s)

22-10-2025T09:36:43 - [MESSAGE][PASSED] - Delayed 2 second(s)

22-10-2025T09:36:43 - [TEST_STEP][PASSED] - click(findTestObject("TripFocus/Page_TripFocus/textarea_Send To_txtSendTo")): Object: 'Object Repository/TripFocus/Page_TripFocus/textarea_Send To_txtSendTo' is clicked on

22-10-2025T09:36:43 - [MESSAGE][PASSED] - Object: 'Object Repository/TripFocus/Page_TripFocus/textarea_Send To_txtSendTo' is clicked on

22-10-2025T09:36:43 - [TEST_STEP][PASSED] - delay(2): Delayed 2 second(s)

22-10-2025T09:36:45 - [MESSAGE][PASSED] - Delayed 2 second(s)

22-10-2025T09:36:45 - [TEST_STEP][PASSED] - verifyElementText(findTestObject("TripFocus/Notifications/Selected Notification_option"), "Order Loading"): Actual text and expected text of test object 'Object Repository/TripFocus/Notifications/Selected Notification_option' are matched.

22-10-2025T09:36:45 - [MESSAGE][PASSED] - Actual text and expected text of test object 'Object Repository/TripFocus/Notifications/Selected Notification_option' are matched.

22-10-2025T09:36:45 - [TEST_STEP][PASSED] - closeBrowser(STOP_ON_FAILURE): Browser is closed

22-10-2025T09:36:45 - [MESSAGE][PASSED] - Browser is closed

22-10-2025T09:36:45 - [TEST_STEP][PASSED] - Start listener action : retryOnDisconnect: null

22-10-2025T09:36:45 - [TEST_STEP][PASSED] - tcId = testCaseContext.getTestCaseId(): null

22-10-2025T09:36:45 - [TEST_STEP][PASSED] - currentRetry = retryCounts.getOrDefault(tcId, 0): null

22-10-2025T09:36:45 - [TEST_STEP][PASSED] - if (testCaseContext.getTestCaseStatus() == "FAILED" && currentRetry < MAX_RETRIES): null]]></system-out>
         <system-err><![CDATA[]]></system-err>
      </testcase>
      <testcase name="Test Cases/TripFocus/FDG/FDG - Notification/FDG - Verify Order Planned Notification" time="48.013" classname="Test Cases/TripFocus/FDG/FDG - Notification/FDG - Verify Order Planned Notification" status="PASSED">
         <system-out><![CDATA[22-10-2025T09:36:45 - [TEST_CASE][PASSED] - Test Cases/TripFocus/FDG/FDG - Notification/FDG - Verify Order Planned Notification: Test Cases/TripFocus/FDG/FDG - Notification/FDG - Verify Order Planned Notification

22-10-2025T09:36:46 - [TEST_STEP][PASSED] - Start listener action : beforeTestCase: null

22-10-2025T09:36:46 - [TEST_STEP][PASSED] - addDefaultPackages(): null

22-10-2025T09:36:46 - [TEST_STEP][PASSED] - callTestCase(findTestCase("Utility Scripts/Open Browser"), ["destinationURL":TFBaseURL], STOP_ON_FAILURE): Call Test Case 'Test Cases/Utility Scripts/Open Browser' successfully

22-10-2025T09:36:46 - [TEST_CASE][PASSED] - Test Cases/Utility Scripts/Open Browser: Test Cases/Utility Scripts/Open Browser

22-10-2025T09:36:46 - [TEST_STEP][PASSED] - openBrowser(""): Browser is opened with url: ''

22-10-2025T09:36:46 - [MESSAGE][INFO] - Starting 'Chrome' driver

22-10-2025T09:36:46 - [MESSAGE][INFO] - User set preference: ['args', '[--no-sandbox, --disable-gpu, --disable-dev-shm-usage]']

22-10-2025T09:36:46 - [MESSAGE][INFO] - Action delay is set to 0 milliseconds

22-10-2025T09:36:46 - [MESSAGE][PASSED] - Browser is opened with url: ''

22-10-2025T09:36:46 - [TEST_STEP][PASSED] - navigateToUrl(destinationURL): Navigate to 'https://www.qa.tripfocus.com' successfully

22-10-2025T09:36:47 - [MESSAGE][PASSED] - Navigate to 'https://www.qa.tripfocus.com' successfully

22-10-2025T09:36:47 - [TEST_STEP][PASSED] - if (maximizeWindow == true): Current window maximized

22-10-2025T09:36:47 - [TEST_STEP][PASSED] - maximizeWindow(STOP_ON_FAILURE): Current window maximized

22-10-2025T09:36:47 - [MESSAGE][PASSED] - Current window maximized

22-10-2025T09:36:47 - [MESSAGE][PASSED] - Call Test Case 'Test Cases/Utility Scripts/Open Browser' successfully

22-10-2025T09:36:47 - [TEST_STEP][PASSED] - callTestCase(findTestCase("Utility Scripts/TF Sign In"), ["userName":TripFocusPenskeFDGUsername, "password":TripFocusFDGSPGPassword], STOP_ON_FAILURE): Call Test Case 'Test Cases/Utility Scripts/TF Sign In' successfully

22-10-2025T09:36:47 - [TEST_CASE][PASSED] - Test Cases/Utility Scripts/TF Sign In: Test Cases/Utility Scripts/TF Sign In

22-10-2025T09:36:47 - [TEST_STEP][PASSED] - click(findTestObject("Object Repository/TripFocus/Page_TripFocus/button_Sign in")): Object: 'Object Repository/TripFocus/Page_TripFocus/button_Sign in' is clicked on

22-10-2025T09:36:47 - [MESSAGE][PASSED] - Object: 'Object Repository/TripFocus/Page_TripFocus/button_Sign in' is clicked on

22-10-2025T09:36:47 - [TEST_STEP][PASSED] - setText(findTestObject("Object Repository/TripFocus/Page_TripFocus/input_Username (e.g. email address)_Username"), userName): Text 'Ashford.Chenault+PenskeCustomerFDGONLY@thekag.com' is set on object 'Object Repository/TripFocus/Page_TripFocus/input_Username (e.g. email address)_Username'

22-10-2025T09:36:48 - [MESSAGE][PASSED] - Text 'Ashford.Chenault+PenskeCustomerFDGONLY@thekag.com' is set on object 'Object Repository/TripFocus/Page_TripFocus/input_Username (e.g. email address)_Username'

22-10-2025T09:36:48 - [TEST_STEP][PASSED] - setText(findTestObject("Object Repository/TripFocus/Page_TripFocus/input_Password_Password"), password): Text 'CrashBan911!!' is set on object 'Object Repository/TripFocus/Page_TripFocus/input_Password_Password'

22-10-2025T09:36:48 - [MESSAGE][PASSED] - Text 'CrashBan911!!' is set on object 'Object Repository/TripFocus/Page_TripFocus/input_Password_Password'

22-10-2025T09:36:48 - [TEST_STEP][PASSED] - click(findTestObject("Object Repository/TripFocus/Page_TripFocus/button_Login")): Object: 'Object Repository/TripFocus/Page_TripFocus/button_Login' is clicked on

22-10-2025T09:36:48 - [MESSAGE][PASSED] - Object: 'Object Repository/TripFocus/Page_TripFocus/button_Login' is clicked on

22-10-2025T09:36:48 - [TEST_STEP][PASSED] - maximizeWindow(): Current window maximized

22-10-2025T09:36:48 - [MESSAGE][PASSED] - Current window maximized

22-10-2025T09:36:48 - [TEST_STEP][PASSED] - waitForElementVisible(findTestObject("TripFocus/Testing_Notification_btn"), 5, OPTIONAL): Web element with id: 'Object Repository/TripFocus/Testing_Notification_btn' located by '//*[@id="__BVID__10___BV_modal_footer_"]/button' not found

22-10-2025T09:36:55 - [MESSAGE][INFO] - Unable to find the element located by 'By.xpath: //*[@id="__BVID__10___BV_modal_footer_"]/button'. Please recheck the objects properties to make sure the desired element is located. 

22-10-2025T09:36:55 - [MESSAGE][WARNING] - [SELF-HEALING] Failed to find element with id 'Object Repository/TripFocus/Testing_Notification_btn'. Try using Self-healing.

22-10-2025T09:36:56 - [MESSAGE][INFO] - [SELF-HEALING] No working XPath is found.

22-10-2025T09:36:58 - [MESSAGE][INFO] - Unable to find the element located by 'By.xpath: '. Please recheck the objects properties to make sure the desired element is located. 

22-10-2025T09:36:58 - [MESSAGE][WARNING] - [SELF-HEALING] Cannot find elements when the selector is null

22-10-2025T09:36:58 - [MESSAGE][WARNING] - Web element with id: 'Object Repository/TripFocus/Testing_Notification_btn' located by '//*[@id="__BVID__10___BV_modal_footer_"]/button' not found

22-10-2025T09:36:58 - [TEST_STEP][PASSED] - if (verifyElementVisible(findTestObject("TripFocus/Testing_Notification_btn"), OPTIONAL) == true): Web element with id: 'Object Repository/TripFocus/Testing_Notification_btn' located by '//*[@id="__BVID__10___BV_modal_footer_"]/button' not found (Root cause: com.kms.katalon.core.exception.StepFailedException: Web element with id: 'Object Repository/TripFocus/Testing_Notification_btn' located by '//*[@id="__BVID__10___BV_modal_footer_"]/button' not found
	at com.kms.katalon.core.webui.keyword.internal.WebUIKeywordMain.stepFailed(WebUIKeywordMain.groovy:117)
	at com.kms.katalon.core.webui.keyword.builtin.VerifyElementVisibleKeyword$_verifyElementVisible_closure1.doCall(VerifyElementVisibleKeyword.groovy:89)
	at com.kms.katalon.core.webui.keyword.builtin.VerifyElementVisibleKeyword$_verifyElementVisible_closure1.call(VerifyElementVisibleKeyword.groovy)
	at com.kms.katalon.core.webui.keyword.internal.WebUIKeywordMain.runKeyword(WebUIKeywordMain.groovy:35)
	at com.kms.katalon.core.webui.keyword.builtin.VerifyElementVisibleKeyword.verifyElementVisible(VerifyElementVisibleKeyword.groovy:97)
	at com.kms.katalon.core.webui.keyword.builtin.VerifyElementVisibleKeyword.execute(VerifyElementVisibleKeyword.groovy:67)
	at com.kms.katalon.core.keyword.internal.KeywordExecutor.executeKeywordForPlatform(KeywordExecutor.groovy:74)
	at com.kms.katalon.core.webui.keyword.WebUiBuiltInKeywords.verifyElementVisible(WebUiBuiltInKeywords.groovy:401)
	at com.kms.katalon.core.webui.keyword.WebUiBuiltInKeywords$verifyElementVisible$6.call(Unknown Source)
	at TF Sign In.run(TF Sign In:33)
	at com.kms.katalon.core.main.ScriptEngine.run(ScriptEngine.java:194)
	at com.kms.katalon.core.main.ScriptEngine.runScriptAsRawText(ScriptEngine.java:119)
	at com.kms.katalon.core.main.TestCaseExecutor.runScript(TestCaseExecutor.java:448)
	at com.kms.katalon.core.main.TestCaseExecutor.doExecute(TestCaseExecutor.java:439)
	at com.kms.katalon.core.main.TestCaseExecutor.processExecutionPhase(TestCaseExecutor.java:418)
	at com.kms.katalon.core.main.TestCaseExecutor.accessMainPhase(TestCaseExecutor.java:410)
	at com.kms.katalon.core.main.TestCaseExecutor.execute(TestCaseExecutor.java:285)
	at com.kms.katalon.core.main.TestCaseMain.runTestCase(TestCaseMain.java:137)
	at com.kms.katalon.core.keyword.builtin.CallTestCaseKeyword$_callTestCase_closure1.doCall(CallTestCaseKeyword.groovy:59)
	at com.kms.katalon.core.keyword.builtin.CallTestCaseKeyword$_callTestCase_closure1.call(CallTestCaseKeyword.groovy)
	at com.kms.katalon.core.keyword.internal.KeywordMain.runKeyword(KeywordMain.groovy:75)
	at com.kms.katalon.core.keyword.builtin.CallTestCaseKeyword.callTestCase(CallTestCaseKeyword.groovy:81)
	at com.kms.katalon.core.keyword.builtin.CallTestCaseKeyword.execute(CallTestCaseKeyword.groovy:44)
	at com.kms.katalon.core.keyword.internal.KeywordExecutor.executeKeywordForPlatform(KeywordExecutor.groovy:74)
	at com.kms.katalon.core.keyword.BuiltinKeywords.callTestCase(BuiltinKeywords.groovy:310)
	at jdk.internal.reflect.GeneratedMethodAccessor33.invoke(Unknown Source)
	at java.base/jdk.internal.reflect.DelegatingMethodAccessorImpl.invoke(DelegatingMethodAccessorImpl.java:43)
	at FDG - Verify Order Planned Notification.run(FDG - Verify Order Planned Notification:22)
	at com.kms.katalon.core.main.ScriptEngine.run(ScriptEngine.java:194)
	at com.kms.katalon.core.main.ScriptEngine.runScriptAsRawText(ScriptEngine.java:119)
	at com.kms.katalon.core.main.TestCaseExecutor.runScript(TestCaseExecutor.java:448)
	at com.kms.katalon.core.main.TestCaseExecutor.doExecute(TestCaseExecutor.java:439)
	at com.kms.katalon.core.main.TestCaseExecutor.processExecutionPhase(TestCaseExecutor.java:418)
	at com.kms.katalon.core.main.TestCaseExecutor.accessMainPhase(TestCaseExecutor.java:410)
	at com.kms.katalon.core.main.TestCaseExecutor.execute(TestCaseExecutor.java:285)
	at com.kms.katalon.core.common.CommonExecutor.accessTestCaseMainPhase(CommonExecutor.java:65)
	at com.kms.katalon.core.main.TestSuiteExecutor.accessTestSuiteMainPhase(TestSuiteExecutor.java:150)
	at com.kms.katalon.core.main.TestSuiteExecutor.execute(TestSuiteExecutor.java:106)
	at com.kms.katalon.core.main.TestCaseMain.startTestSuite(TestCaseMain.java:180)
	at com.kms.katalon.core.main.TestCaseMain$startTestSuite$0.call(Unknown Source)
	at TempTestSuite1761139051700.run(TempTestSuite1761139051700.groovy:35)
	at java.base/jdk.internal.reflect.NativeMethodAccessorImpl.invoke0(Native Method)
	at java.base/jdk.internal.reflect.NativeMethodAccessorImpl.invoke(NativeMethodAccessorImpl.java:77)
	at java.base/jdk.internal.reflect.DelegatingMethodAccessorImpl.invoke(DelegatingMethodAccessorImpl.java:43)
)

22-10-2025T09:37:14 - [MESSAGE][INFO] - Unable to find the element located by 'By.xpath: //*[@id="__BVID__10___BV_modal_footer_"]/button'. Please recheck the objects properties to make sure the desired element is located. 

22-10-2025T09:37:14 - [MESSAGE][WARNING] - [SELF-HEALING] Failed to find element with id 'Object Repository/TripFocus/Testing_Notification_btn'. Try using Self-healing.

22-10-2025T09:37:15 - [MESSAGE][INFO] - [SELF-HEALING] No working XPath is found.

22-10-2025T09:37:17 - [MESSAGE][INFO] - Unable to find the element located by 'By.xpath: '. Please recheck the objects properties to make sure the desired element is located. 

22-10-2025T09:37:17 - [MESSAGE][WARNING] - [SELF-HEALING] Cannot find elements when the selector is null

22-10-2025T09:37:17 - [MESSAGE][WARNING] - Web element with id: 'Object Repository/TripFocus/Testing_Notification_btn' located by '//*[@id="__BVID__10___BV_modal_footer_"]/button' not found (Root cause: com.kms.katalon.core.exception.StepFailedException: Web element with id: 'Object Repository/TripFocus/Testing_Notification_btn' located by '//*[@id="__BVID__10___BV_modal_footer_"]/button' not found
	at com.kms.katalon.core.webui.keyword.internal.WebUIKeywordMain.stepFailed(WebUIKeywordMain.groovy:117)
	at com.kms.katalon.core.webui.keyword.builtin.VerifyElementVisibleKeyword$_verifyElementVisible_closure1.doCall(VerifyElementVisibleKeyword.groovy:89)
	at com.kms.katalon.core.webui.keyword.builtin.VerifyElementVisibleKeyword$_verifyElementVisible_closure1.call(VerifyElementVisibleKeyword.groovy)
	at com.kms.katalon.core.webui.keyword.internal.WebUIKeywordMain.runKeyword(WebUIKeywordMain.groovy:35)
	at com.kms.katalon.core.webui.keyword.builtin.VerifyElementVisibleKeyword.verifyElementVisible(VerifyElementVisibleKeyword.groovy:97)
	at com.kms.katalon.core.webui.keyword.builtin.VerifyElementVisibleKeyword.execute(VerifyElementVisibleKeyword.groovy:67)
	at com.kms.katalon.core.keyword.internal.KeywordExecutor.executeKeywordForPlatform(KeywordExecutor.groovy:74)
	at com.kms.katalon.core.webui.keyword.WebUiBuiltInKeywords.verifyElementVisible(WebUiBuiltInKeywords.groovy:401)
	at com.kms.katalon.core.webui.keyword.WebUiBuiltInKeywords$verifyElementVisible$6.call(Unknown Source)
	at TF Sign In.run(TF Sign In:33)
	at com.kms.katalon.core.main.ScriptEngine.run(ScriptEngine.java:194)
	at com.kms.katalon.core.main.ScriptEngine.runScriptAsRawText(ScriptEngine.java:119)
	at com.kms.katalon.core.main.TestCaseExecutor.runScript(TestCaseExecutor.java:448)
	at com.kms.katalon.core.main.TestCaseExecutor.doExecute(TestCaseExecutor.java:439)
	at com.kms.katalon.core.main.TestCaseExecutor.processExecutionPhase(TestCaseExecutor.java:418)
	at com.kms.katalon.core.main.TestCaseExecutor.accessMainPhase(TestCaseExecutor.java:410)
	at com.kms.katalon.core.main.TestCaseExecutor.execute(TestCaseExecutor.java:285)
	at com.kms.katalon.core.main.TestCaseMain.runTestCase(TestCaseMain.java:137)
	at com.kms.katalon.core.keyword.builtin.CallTestCaseKeyword$_callTestCase_closure1.doCall(CallTestCaseKeyword.groovy:59)
	at com.kms.katalon.core.keyword.builtin.CallTestCaseKeyword$_callTestCase_closure1.call(CallTestCaseKeyword.groovy)
	at com.kms.katalon.core.keyword.internal.KeywordMain.runKeyword(KeywordMain.groovy:75)
	at com.kms.katalon.core.keyword.builtin.CallTestCaseKeyword.callTestCase(CallTestCaseKeyword.groovy:81)
	at com.kms.katalon.core.keyword.builtin.CallTestCaseKeyword.execute(CallTestCaseKeyword.groovy:44)
	at com.kms.katalon.core.keyword.internal.KeywordExecutor.executeKeywordForPlatform(KeywordExecutor.groovy:74)
	at com.kms.katalon.core.keyword.BuiltinKeywords.callTestCase(BuiltinKeywords.groovy:310)
	at jdk.internal.reflect.GeneratedMethodAccessor33.invoke(Unknown Source)
	at java.base/jdk.internal.reflect.DelegatingMethodAccessorImpl.invoke(DelegatingMethodAccessorImpl.java:43)
	at FDG - Verify Order Planned Notification.run(FDG - Verify Order Planned Notification:22)
	at com.kms.katalon.core.main.ScriptEngine.run(ScriptEngine.java:194)
	at com.kms.katalon.core.main.ScriptEngine.runScriptAsRawText(ScriptEngine.java:119)
	at com.kms.katalon.core.main.TestCaseExecutor.runScript(TestCaseExecutor.java:448)
	at com.kms.katalon.core.main.TestCaseExecutor.doExecute(TestCaseExecutor.java:439)
	at com.kms.katalon.core.main.TestCaseExecutor.processExecutionPhase(TestCaseExecutor.java:418)
	at com.kms.katalon.core.main.TestCaseExecutor.accessMainPhase(TestCaseExecutor.java:410)
	at com.kms.katalon.core.main.TestCaseExecutor.execute(TestCaseExecutor.java:285)
	at com.kms.katalon.core.common.CommonExecutor.accessTestCaseMainPhase(CommonExecutor.java:65)
	at com.kms.katalon.core.main.TestSuiteExecutor.accessTestSuiteMainPhase(TestSuiteExecutor.java:150)
	at com.kms.katalon.core.main.TestSuiteExecutor.execute(TestSuiteExecutor.java:106)
	at com.kms.katalon.core.main.TestCaseMain.startTestSuite(TestCaseMain.java:180)
	at com.kms.katalon.core.main.TestCaseMain$startTestSuite$0.call(Unknown Source)
	at TempTestSuite1761139051700.run(TempTestSuite1761139051700.groovy:35)
	at java.base/jdk.internal.reflect.NativeMethodAccessorImpl.invoke0(Native Method)
	at java.base/jdk.internal.reflect.NativeMethodAccessorImpl.invoke(NativeMethodAccessorImpl.java:77)
	at java.base/jdk.internal.reflect.DelegatingMethodAccessorImpl.invoke(DelegatingMethodAccessorImpl.java:43)
)

22-10-2025T09:37:17 - [MESSAGE][PASSED] - Call Test Case 'Test Cases/Utility Scripts/TF Sign In' successfully

22-10-2025T09:37:17 - [TEST_STEP][PASSED] - click(findTestObject("TripFocus/Notifications/Notifications Tab")): Object: 'Object Repository/TripFocus/Notifications/Notifications Tab' is clicked on

22-10-2025T09:37:17 - [MESSAGE][PASSED] - Object: 'Object Repository/TripFocus/Notifications/Notifications Tab' is clicked on

22-10-2025T09:37:17 - [TEST_STEP][PASSED] - delay(5): Delayed 5 second(s)

22-10-2025T09:37:22 - [MESSAGE][PASSED] - Delayed 5 second(s)

22-10-2025T09:37:22 - [TEST_STEP][PASSED] - click(findTestObject("Object Repository/TripFocus/Page_TripFocus/button_Add New Notification")): Object: 'Object Repository/TripFocus/Page_TripFocus/button_Add New Notification' is clicked on

22-10-2025T09:37:22 - [MESSAGE][PASSED] - Object: 'Object Repository/TripFocus/Page_TripFocus/button_Add New Notification' is clicked on

22-10-2025T09:37:22 - [TEST_STEP][PASSED] - delay(5): Delayed 5 second(s)

22-10-2025T09:37:27 - [MESSAGE][PASSED] - Delayed 5 second(s)

22-10-2025T09:37:27 - [TEST_STEP][PASSED] - sendKeys(findTestObject("TripFocus/Notifications/Notification Events_txt"), "Order Planned"): Keys 'Order Planned' sent to object: 'Object Repository/TripFocus/Notifications/Notification Events_txt'

22-10-2025T09:37:27 - [MESSAGE][PASSED] - Keys 'Order Planned' sent to object: 'Object Repository/TripFocus/Notifications/Notification Events_txt'

22-10-2025T09:37:27 - [TEST_STEP][PASSED] - delay(2): Delayed 2 second(s)

22-10-2025T09:37:29 - [MESSAGE][PASSED] - Delayed 2 second(s)

22-10-2025T09:37:29 - [TEST_STEP][PASSED] - sendKeys(findTestObject("TripFocus/Notifications/Notification Events_txt"), Keys.chord(ENTER)): Keys 'ENTER + ' sent to object: 'Object Repository/TripFocus/Notifications/Notification Events_txt'

22-10-2025T09:37:29 - [MESSAGE][PASSED] - Keys 'ENTER + ' sent to object: 'Object Repository/TripFocus/Notifications/Notification Events_txt'

22-10-2025T09:37:29 - [TEST_STEP][PASSED] - delay(2): Delayed 2 second(s)

22-10-2025T09:37:31 - [MESSAGE][PASSED] - Delayed 2 second(s)

22-10-2025T09:37:31 - [TEST_STEP][PASSED] - click(findTestObject("TripFocus/Page_TripFocus/textarea_Send To_txtSendTo")): Object: 'Object Repository/TripFocus/Page_TripFocus/textarea_Send To_txtSendTo' is clicked on

22-10-2025T09:37:31 - [MESSAGE][PASSED] - Object: 'Object Repository/TripFocus/Page_TripFocus/textarea_Send To_txtSendTo' is clicked on

22-10-2025T09:37:31 - [TEST_STEP][PASSED] - delay(2): Delayed 2 second(s)

22-10-2025T09:37:33 - [MESSAGE][PASSED] - Delayed 2 second(s)

22-10-2025T09:37:33 - [TEST_STEP][PASSED] - verifyElementText(findTestObject("TripFocus/Notifications/Selected Notification_option"), "Order Planned"): Actual text and expected text of test object 'Object Repository/TripFocus/Notifications/Selected Notification_option' are matched.

22-10-2025T09:37:33 - [MESSAGE][PASSED] - Actual text and expected text of test object 'Object Repository/TripFocus/Notifications/Selected Notification_option' are matched.

22-10-2025T09:37:33 - [TEST_STEP][PASSED] - closeBrowser(STOP_ON_FAILURE): Browser is closed

22-10-2025T09:37:33 - [MESSAGE][PASSED] - Browser is closed

22-10-2025T09:37:33 - [TEST_STEP][PASSED] - Start listener action : retryOnDisconnect: null

22-10-2025T09:37:33 - [TEST_STEP][PASSED] - tcId = testCaseContext.getTestCaseId(): null

22-10-2025T09:37:33 - [TEST_STEP][PASSED] - currentRetry = retryCounts.getOrDefault(tcId, 0): null

22-10-2025T09:37:33 - [TEST_STEP][PASSED] - if (testCaseContext.getTestCaseStatus() == "FAILED" && currentRetry < MAX_RETRIES): null]]></system-out>
         <system-err><![CDATA[]]></system-err>
      </testcase>
      <testcase name="Test Cases/TripFocus/FDG/FDG - Notification/FDG - Verify Order Submitted Notification" time="49.488" classname="Test Cases/TripFocus/FDG/FDG - Notification/FDG - Verify Order Submitted Notification" status="PASSED">
         <system-out><![CDATA[22-10-2025T09:37:34 - [TEST_CASE][PASSED] - Test Cases/TripFocus/FDG/FDG - Notification/FDG - Verify Order Submitted Notification: Test Cases/TripFocus/FDG/FDG - Notification/FDG - Verify Order Submitted Notification

22-10-2025T09:37:34 - [TEST_STEP][PASSED] - Start listener action : beforeTestCase: null

22-10-2025T09:37:34 - [TEST_STEP][PASSED] - addDefaultPackages(): null

22-10-2025T09:37:34 - [TEST_STEP][PASSED] - callTestCase(findTestCase("Utility Scripts/Open Browser"), ["destinationURL":TFBaseURL], STOP_ON_FAILURE): Call Test Case 'Test Cases/Utility Scripts/Open Browser' successfully

22-10-2025T09:37:34 - [TEST_CASE][PASSED] - Test Cases/Utility Scripts/Open Browser: Test Cases/Utility Scripts/Open Browser

22-10-2025T09:37:34 - [TEST_STEP][PASSED] - openBrowser(""): Browser is opened with url: ''

22-10-2025T09:37:34 - [MESSAGE][INFO] - Starting 'Chrome' driver

22-10-2025T09:37:34 - [MESSAGE][INFO] - User set preference: ['args', '[--no-sandbox, --disable-gpu, --disable-dev-shm-usage]']

22-10-2025T09:37:34 - [MESSAGE][INFO] - Action delay is set to 0 milliseconds

22-10-2025T09:37:35 - [MESSAGE][PASSED] - Browser is opened with url: ''

22-10-2025T09:37:35 - [TEST_STEP][PASSED] - navigateToUrl(destinationURL): Navigate to 'https://www.qa.tripfocus.com' successfully

22-10-2025T09:37:35 - [MESSAGE][PASSED] - Navigate to 'https://www.qa.tripfocus.com' successfully

22-10-2025T09:37:35 - [TEST_STEP][PASSED] - if (maximizeWindow == true): Current window maximized

22-10-2025T09:37:35 - [TEST_STEP][PASSED] - maximizeWindow(STOP_ON_FAILURE): Current window maximized

22-10-2025T09:37:35 - [MESSAGE][PASSED] - Current window maximized

22-10-2025T09:37:35 - [MESSAGE][PASSED] - Call Test Case 'Test Cases/Utility Scripts/Open Browser' successfully

22-10-2025T09:37:35 - [TEST_STEP][PASSED] - callTestCase(findTestCase("Utility Scripts/TF Sign In"), ["userName":TripFocusPenskeFDGUsername, "password":TripFocusFDGSPGPassword], STOP_ON_FAILURE): Call Test Case 'Test Cases/Utility Scripts/TF Sign In' successfully

22-10-2025T09:37:36 - [TEST_CASE][PASSED] - Test Cases/Utility Scripts/TF Sign In: Test Cases/Utility Scripts/TF Sign In

22-10-2025T09:37:36 - [TEST_STEP][PASSED] - click(findTestObject("Object Repository/TripFocus/Page_TripFocus/button_Sign in")): Object: 'Object Repository/TripFocus/Page_TripFocus/button_Sign in' is clicked on

22-10-2025T09:37:36 - [MESSAGE][PASSED] - Object: 'Object Repository/TripFocus/Page_TripFocus/button_Sign in' is clicked on

22-10-2025T09:37:36 - [TEST_STEP][PASSED] - setText(findTestObject("Object Repository/TripFocus/Page_TripFocus/input_Username (e.g. email address)_Username"), userName): Text 'Ashford.Chenault+PenskeCustomerFDGONLY@thekag.com' is set on object 'Object Repository/TripFocus/Page_TripFocus/input_Username (e.g. email address)_Username'

22-10-2025T09:37:37 - [MESSAGE][PASSED] - Text 'Ashford.Chenault+PenskeCustomerFDGONLY@thekag.com' is set on object 'Object Repository/TripFocus/Page_TripFocus/input_Username (e.g. email address)_Username'

22-10-2025T09:37:37 - [TEST_STEP][PASSED] - setText(findTestObject("Object Repository/TripFocus/Page_TripFocus/input_Password_Password"), password): Text 'CrashBan911!!' is set on object 'Object Repository/TripFocus/Page_TripFocus/input_Password_Password'

22-10-2025T09:37:37 - [MESSAGE][PASSED] - Text 'CrashBan911!!' is set on object 'Object Repository/TripFocus/Page_TripFocus/input_Password_Password'

22-10-2025T09:37:37 - [TEST_STEP][PASSED] - click(findTestObject("Object Repository/TripFocus/Page_TripFocus/button_Login")): Object: 'Object Repository/TripFocus/Page_TripFocus/button_Login' is clicked on

22-10-2025T09:37:38 - [MESSAGE][PASSED] - Object: 'Object Repository/TripFocus/Page_TripFocus/button_Login' is clicked on

22-10-2025T09:37:38 - [TEST_STEP][PASSED] - maximizeWindow(): Current window maximized

22-10-2025T09:37:38 - [MESSAGE][PASSED] - Current window maximized

22-10-2025T09:37:38 - [TEST_STEP][PASSED] - waitForElementVisible(findTestObject("TripFocus/Testing_Notification_btn"), 5, OPTIONAL): Web element with id: 'Object Repository/TripFocus/Testing_Notification_btn' located by '//*[@id="__BVID__10___BV_modal_footer_"]/button' not found

22-10-2025T09:37:44 - [MESSAGE][INFO] - Unable to find the element located by 'By.xpath: //*[@id="__BVID__10___BV_modal_footer_"]/button'. Please recheck the objects properties to make sure the desired element is located. 

22-10-2025T09:37:44 - [MESSAGE][WARNING] - [SELF-HEALING] Failed to find element with id 'Object Repository/TripFocus/Testing_Notification_btn'. Try using Self-healing.

22-10-2025T09:37:45 - [MESSAGE][INFO] - [SELF-HEALING] No working XPath is found.

22-10-2025T09:37:47 - [MESSAGE][INFO] - Unable to find the element located by 'By.xpath: '. Please recheck the objects properties to make sure the desired element is located. 

22-10-2025T09:37:47 - [MESSAGE][WARNING] - [SELF-HEALING] Cannot find elements when the selector is null

22-10-2025T09:37:47 - [MESSAGE][WARNING] - Web element with id: 'Object Repository/TripFocus/Testing_Notification_btn' located by '//*[@id="__BVID__10___BV_modal_footer_"]/button' not found

22-10-2025T09:37:47 - [TEST_STEP][PASSED] - if (verifyElementVisible(findTestObject("TripFocus/Testing_Notification_btn"), OPTIONAL) == true): Web element with id: 'Object Repository/TripFocus/Testing_Notification_btn' located by '//*[@id="__BVID__10___BV_modal_footer_"]/button' not found (Root cause: com.kms.katalon.core.exception.StepFailedException: Web element with id: 'Object Repository/TripFocus/Testing_Notification_btn' located by '//*[@id="__BVID__10___BV_modal_footer_"]/button' not found
	at com.kms.katalon.core.webui.keyword.internal.WebUIKeywordMain.stepFailed(WebUIKeywordMain.groovy:117)
	at com.kms.katalon.core.webui.keyword.builtin.VerifyElementVisibleKeyword$_verifyElementVisible_closure1.doCall(VerifyElementVisibleKeyword.groovy:89)
	at com.kms.katalon.core.webui.keyword.builtin.VerifyElementVisibleKeyword$_verifyElementVisible_closure1.call(VerifyElementVisibleKeyword.groovy)
	at com.kms.katalon.core.webui.keyword.internal.WebUIKeywordMain.runKeyword(WebUIKeywordMain.groovy:35)
	at com.kms.katalon.core.webui.keyword.builtin.VerifyElementVisibleKeyword.verifyElementVisible(VerifyElementVisibleKeyword.groovy:97)
	at com.kms.katalon.core.webui.keyword.builtin.VerifyElementVisibleKeyword.execute(VerifyElementVisibleKeyword.groovy:67)
	at com.kms.katalon.core.keyword.internal.KeywordExecutor.executeKeywordForPlatform(KeywordExecutor.groovy:74)
	at com.kms.katalon.core.webui.keyword.WebUiBuiltInKeywords.verifyElementVisible(WebUiBuiltInKeywords.groovy:401)
	at com.kms.katalon.core.webui.keyword.WebUiBuiltInKeywords$verifyElementVisible$6.call(Unknown Source)
	at TF Sign In.run(TF Sign In:33)
	at com.kms.katalon.core.main.ScriptEngine.run(ScriptEngine.java:194)
	at com.kms.katalon.core.main.ScriptEngine.runScriptAsRawText(ScriptEngine.java:119)
	at com.kms.katalon.core.main.TestCaseExecutor.runScript(TestCaseExecutor.java:448)
	at com.kms.katalon.core.main.TestCaseExecutor.doExecute(TestCaseExecutor.java:439)
	at com.kms.katalon.core.main.TestCaseExecutor.processExecutionPhase(TestCaseExecutor.java:418)
	at com.kms.katalon.core.main.TestCaseExecutor.accessMainPhase(TestCaseExecutor.java:410)
	at com.kms.katalon.core.main.TestCaseExecutor.execute(TestCaseExecutor.java:285)
	at com.kms.katalon.core.main.TestCaseMain.runTestCase(TestCaseMain.java:137)
	at com.kms.katalon.core.keyword.builtin.CallTestCaseKeyword$_callTestCase_closure1.doCall(CallTestCaseKeyword.groovy:59)
	at com.kms.katalon.core.keyword.builtin.CallTestCaseKeyword$_callTestCase_closure1.call(CallTestCaseKeyword.groovy)
	at com.kms.katalon.core.keyword.internal.KeywordMain.runKeyword(KeywordMain.groovy:75)
	at com.kms.katalon.core.keyword.builtin.CallTestCaseKeyword.callTestCase(CallTestCaseKeyword.groovy:81)
	at com.kms.katalon.core.keyword.builtin.CallTestCaseKeyword.execute(CallTestCaseKeyword.groovy:44)
	at com.kms.katalon.core.keyword.internal.KeywordExecutor.executeKeywordForPlatform(KeywordExecutor.groovy:74)
	at com.kms.katalon.core.keyword.BuiltinKeywords.callTestCase(BuiltinKeywords.groovy:310)
	at jdk.internal.reflect.GeneratedMethodAccessor33.invoke(Unknown Source)
	at java.base/jdk.internal.reflect.DelegatingMethodAccessorImpl.invoke(DelegatingMethodAccessorImpl.java:43)
	at FDG - Verify Order Submitted Notification.run(FDG - Verify Order Submitted Notification:22)
	at com.kms.katalon.core.main.ScriptEngine.run(ScriptEngine.java:194)
	at com.kms.katalon.core.main.ScriptEngine.runScriptAsRawText(ScriptEngine.java:119)
	at com.kms.katalon.core.main.TestCaseExecutor.runScript(TestCaseExecutor.java:448)
	at com.kms.katalon.core.main.TestCaseExecutor.doExecute(TestCaseExecutor.java:439)
	at com.kms.katalon.core.main.TestCaseExecutor.processExecutionPhase(TestCaseExecutor.java:418)
	at com.kms.katalon.core.main.TestCaseExecutor.accessMainPhase(TestCaseExecutor.java:410)
	at com.kms.katalon.core.main.TestCaseExecutor.execute(TestCaseExecutor.java:285)
	at com.kms.katalon.core.common.CommonExecutor.accessTestCaseMainPhase(CommonExecutor.java:65)
	at com.kms.katalon.core.main.TestSuiteExecutor.accessTestSuiteMainPhase(TestSuiteExecutor.java:150)
	at com.kms.katalon.core.main.TestSuiteExecutor.execute(TestSuiteExecutor.java:106)
	at com.kms.katalon.core.main.TestCaseMain.startTestSuite(TestCaseMain.java:180)
	at com.kms.katalon.core.main.TestCaseMain$startTestSuite$0.call(Unknown Source)
	at TempTestSuite1761139051700.run(TempTestSuite1761139051700.groovy:35)
	at java.base/jdk.internal.reflect.NativeMethodAccessorImpl.invoke0(Native Method)
	at java.base/jdk.internal.reflect.NativeMethodAccessorImpl.invoke(NativeMethodAccessorImpl.java:77)
	at java.base/jdk.internal.reflect.DelegatingMethodAccessorImpl.invoke(DelegatingMethodAccessorImpl.java:43)
)

22-10-2025T09:38:03 - [MESSAGE][INFO] - Unable to find the element located by 'By.xpath: //*[@id="__BVID__10___BV_modal_footer_"]/button'. Please recheck the objects properties to make sure the desired element is located. 

22-10-2025T09:38:03 - [MESSAGE][WARNING] - [SELF-HEALING] Failed to find element with id 'Object Repository/TripFocus/Testing_Notification_btn'. Try using Self-healing.

22-10-2025T09:38:04 - [MESSAGE][INFO] - [SELF-HEALING] No working XPath is found.

22-10-2025T09:38:06 - [MESSAGE][INFO] - Unable to find the element located by 'By.xpath: '. Please recheck the objects properties to make sure the desired element is located. 

22-10-2025T09:38:06 - [MESSAGE][WARNING] - [SELF-HEALING] Cannot find elements when the selector is null

22-10-2025T09:38:06 - [MESSAGE][WARNING] - Web element with id: 'Object Repository/TripFocus/Testing_Notification_btn' located by '//*[@id="__BVID__10___BV_modal_footer_"]/button' not found (Root cause: com.kms.katalon.core.exception.StepFailedException: Web element with id: 'Object Repository/TripFocus/Testing_Notification_btn' located by '//*[@id="__BVID__10___BV_modal_footer_"]/button' not found
	at com.kms.katalon.core.webui.keyword.internal.WebUIKeywordMain.stepFailed(WebUIKeywordMain.groovy:117)
	at com.kms.katalon.core.webui.keyword.builtin.VerifyElementVisibleKeyword$_verifyElementVisible_closure1.doCall(VerifyElementVisibleKeyword.groovy:89)
	at com.kms.katalon.core.webui.keyword.builtin.VerifyElementVisibleKeyword$_verifyElementVisible_closure1.call(VerifyElementVisibleKeyword.groovy)
	at com.kms.katalon.core.webui.keyword.internal.WebUIKeywordMain.runKeyword(WebUIKeywordMain.groovy:35)
	at com.kms.katalon.core.webui.keyword.builtin.VerifyElementVisibleKeyword.verifyElementVisible(VerifyElementVisibleKeyword.groovy:97)
	at com.kms.katalon.core.webui.keyword.builtin.VerifyElementVisibleKeyword.execute(VerifyElementVisibleKeyword.groovy:67)
	at com.kms.katalon.core.keyword.internal.KeywordExecutor.executeKeywordForPlatform(KeywordExecutor.groovy:74)
	at com.kms.katalon.core.webui.keyword.WebUiBuiltInKeywords.verifyElementVisible(WebUiBuiltInKeywords.groovy:401)
	at com.kms.katalon.core.webui.keyword.WebUiBuiltInKeywords$verifyElementVisible$6.call(Unknown Source)
	at TF Sign In.run(TF Sign In:33)
	at com.kms.katalon.core.main.ScriptEngine.run(ScriptEngine.java:194)
	at com.kms.katalon.core.main.ScriptEngine.runScriptAsRawText(ScriptEngine.java:119)
	at com.kms.katalon.core.main.TestCaseExecutor.runScript(TestCaseExecutor.java:448)
	at com.kms.katalon.core.main.TestCaseExecutor.doExecute(TestCaseExecutor.java:439)
	at com.kms.katalon.core.main.TestCaseExecutor.processExecutionPhase(TestCaseExecutor.java:418)
	at com.kms.katalon.core.main.TestCaseExecutor.accessMainPhase(TestCaseExecutor.java:410)
	at com.kms.katalon.core.main.TestCaseExecutor.execute(TestCaseExecutor.java:285)
	at com.kms.katalon.core.main.TestCaseMain.runTestCase(TestCaseMain.java:137)
	at com.kms.katalon.core.keyword.builtin.CallTestCaseKeyword$_callTestCase_closure1.doCall(CallTestCaseKeyword.groovy:59)
	at com.kms.katalon.core.keyword.builtin.CallTestCaseKeyword$_callTestCase_closure1.call(CallTestCaseKeyword.groovy)
	at com.kms.katalon.core.keyword.internal.KeywordMain.runKeyword(KeywordMain.groovy:75)
	at com.kms.katalon.core.keyword.builtin.CallTestCaseKeyword.callTestCase(CallTestCaseKeyword.groovy:81)
	at com.kms.katalon.core.keyword.builtin.CallTestCaseKeyword.execute(CallTestCaseKeyword.groovy:44)
	at com.kms.katalon.core.keyword.internal.KeywordExecutor.executeKeywordForPlatform(KeywordExecutor.groovy:74)
	at com.kms.katalon.core.keyword.BuiltinKeywords.callTestCase(BuiltinKeywords.groovy:310)
	at jdk.internal.reflect.GeneratedMethodAccessor33.invoke(Unknown Source)
	at java.base/jdk.internal.reflect.DelegatingMethodAccessorImpl.invoke(DelegatingMethodAccessorImpl.java:43)
	at FDG - Verify Order Submitted Notification.run(FDG - Verify Order Submitted Notification:22)
	at com.kms.katalon.core.main.ScriptEngine.run(ScriptEngine.java:194)
	at com.kms.katalon.core.main.ScriptEngine.runScriptAsRawText(ScriptEngine.java:119)
	at com.kms.katalon.core.main.TestCaseExecutor.runScript(TestCaseExecutor.java:448)
	at com.kms.katalon.core.main.TestCaseExecutor.doExecute(TestCaseExecutor.java:439)
	at com.kms.katalon.core.main.TestCaseExecutor.processExecutionPhase(TestCaseExecutor.java:418)
	at com.kms.katalon.core.main.TestCaseExecutor.accessMainPhase(TestCaseExecutor.java:410)
	at com.kms.katalon.core.main.TestCaseExecutor.execute(TestCaseExecutor.java:285)
	at com.kms.katalon.core.common.CommonExecutor.accessTestCaseMainPhase(CommonExecutor.java:65)
	at com.kms.katalon.core.main.TestSuiteExecutor.accessTestSuiteMainPhase(TestSuiteExecutor.java:150)
	at com.kms.katalon.core.main.TestSuiteExecutor.execute(TestSuiteExecutor.java:106)
	at com.kms.katalon.core.main.TestCaseMain.startTestSuite(TestCaseMain.java:180)
	at com.kms.katalon.core.main.TestCaseMain$startTestSuite$0.call(Unknown Source)
	at TempTestSuite1761139051700.run(TempTestSuite1761139051700.groovy:35)
	at java.base/jdk.internal.reflect.NativeMethodAccessorImpl.invoke0(Native Method)
	at java.base/jdk.internal.reflect.NativeMethodAccessorImpl.invoke(NativeMethodAccessorImpl.java:77)
	at java.base/jdk.internal.reflect.DelegatingMethodAccessorImpl.invoke(DelegatingMethodAccessorImpl.java:43)
)

22-10-2025T09:38:06 - [MESSAGE][PASSED] - Call Test Case 'Test Cases/Utility Scripts/TF Sign In' successfully

22-10-2025T09:38:06 - [TEST_STEP][PASSED] - click(findTestObject("TripFocus/Notifications/Notifications Tab")): Object: 'Object Repository/TripFocus/Notifications/Notifications Tab' is clicked on

22-10-2025T09:38:06 - [MESSAGE][PASSED] - Object: 'Object Repository/TripFocus/Notifications/Notifications Tab' is clicked on

22-10-2025T09:38:06 - [TEST_STEP][PASSED] - delay(5): Delayed 5 second(s)

22-10-2025T09:38:11 - [MESSAGE][PASSED] - Delayed 5 second(s)

22-10-2025T09:38:11 - [TEST_STEP][PASSED] - click(findTestObject("Object Repository/TripFocus/Page_TripFocus/button_Add New Notification")): Object: 'Object Repository/TripFocus/Page_TripFocus/button_Add New Notification' is clicked on

22-10-2025T09:38:11 - [MESSAGE][PASSED] - Object: 'Object Repository/TripFocus/Page_TripFocus/button_Add New Notification' is clicked on

22-10-2025T09:38:11 - [TEST_STEP][PASSED] - delay(5): Delayed 5 second(s)

22-10-2025T09:38:16 - [MESSAGE][PASSED] - Delayed 5 second(s)

22-10-2025T09:38:16 - [TEST_STEP][PASSED] - sendKeys(findTestObject("TripFocus/Notifications/Notification Events_txt"), "Order Submitted"): Keys 'Order Submitted' sent to object: 'Object Repository/TripFocus/Notifications/Notification Events_txt'

22-10-2025T09:38:17 - [MESSAGE][PASSED] - Keys 'Order Submitted' sent to object: 'Object Repository/TripFocus/Notifications/Notification Events_txt'

22-10-2025T09:38:17 - [TEST_STEP][PASSED] - delay(2): Delayed 2 second(s)

22-10-2025T09:38:19 - [MESSAGE][PASSED] - Delayed 2 second(s)

22-10-2025T09:38:19 - [TEST_STEP][PASSED] - sendKeys(findTestObject("TripFocus/Notifications/Notification Events_txt"), Keys.chord(ENTER)): Keys 'ENTER + ' sent to object: 'Object Repository/TripFocus/Notifications/Notification Events_txt'

22-10-2025T09:38:19 - [MESSAGE][PASSED] - Keys 'ENTER + ' sent to object: 'Object Repository/TripFocus/Notifications/Notification Events_txt'

22-10-2025T09:38:19 - [TEST_STEP][PASSED] - delay(2): Delayed 2 second(s)

22-10-2025T09:38:21 - [MESSAGE][PASSED] - Delayed 2 second(s)

22-10-2025T09:38:21 - [TEST_STEP][PASSED] - click(findTestObject("TripFocus/Page_TripFocus/textarea_Send To_txtSendTo")): Object: 'Object Repository/TripFocus/Page_TripFocus/textarea_Send To_txtSendTo' is clicked on

22-10-2025T09:38:21 - [MESSAGE][PASSED] - Object: 'Object Repository/TripFocus/Page_TripFocus/textarea_Send To_txtSendTo' is clicked on

22-10-2025T09:38:21 - [TEST_STEP][PASSED] - delay(2): Delayed 2 second(s)

22-10-2025T09:38:23 - [MESSAGE][PASSED] - Delayed 2 second(s)

22-10-2025T09:38:23 - [TEST_STEP][PASSED] - verifyElementText(findTestObject("TripFocus/Notifications/Selected Notification_option"), "Order Submitted"): Actual text and expected text of test object 'Object Repository/TripFocus/Notifications/Selected Notification_option' are matched.

22-10-2025T09:38:23 - [MESSAGE][PASSED] - Actual text and expected text of test object 'Object Repository/TripFocus/Notifications/Selected Notification_option' are matched.

22-10-2025T09:38:23 - [TEST_STEP][PASSED] - closeBrowser(STOP_ON_FAILURE): Browser is closed

22-10-2025T09:38:23 - [MESSAGE][PASSED] - Browser is closed

22-10-2025T09:38:23 - [TEST_STEP][PASSED] - Start listener action : retryOnDisconnect: null

22-10-2025T09:38:23 - [TEST_STEP][PASSED] - tcId = testCaseContext.getTestCaseId(): null

22-10-2025T09:38:23 - [TEST_STEP][PASSED] - currentRetry = retryCounts.getOrDefault(tcId, 0): null

22-10-2025T09:38:23 - [TEST_STEP][PASSED] - if (testCaseContext.getTestCaseStatus() == "FAILED" && currentRetry < MAX_RETRIES): null]]></system-out>
         <system-err><![CDATA[]]></system-err>
      </testcase>
      <testcase name="Test Cases/TripFocus/FDG/FDG - Notification/FDG - Verify Order Undispatched Notification" time="48.34" classname="Test Cases/TripFocus/FDG/FDG - Notification/FDG - Verify Order Undispatched Notification" status="PASSED">
         <system-out><![CDATA[22-10-2025T09:38:23 - [TEST_CASE][PASSED] - Test Cases/TripFocus/FDG/FDG - Notification/FDG - Verify Order Undispatched Notification: Test Cases/TripFocus/FDG/FDG - Notification/FDG - Verify Order Undispatched Notification

22-10-2025T09:38:23 - [TEST_STEP][PASSED] - Start listener action : beforeTestCase: null

22-10-2025T09:38:23 - [TEST_STEP][PASSED] - addDefaultPackages(): null

22-10-2025T09:38:23 - [TEST_STEP][PASSED] - callTestCase(findTestCase("Utility Scripts/Open Browser"), ["destinationURL":TFBaseURL], STOP_ON_FAILURE): Call Test Case 'Test Cases/Utility Scripts/Open Browser' successfully

22-10-2025T09:38:23 - [TEST_CASE][PASSED] - Test Cases/Utility Scripts/Open Browser: Test Cases/Utility Scripts/Open Browser

22-10-2025T09:38:23 - [TEST_STEP][PASSED] - openBrowser(""): Browser is opened with url: ''

22-10-2025T09:38:23 - [MESSAGE][INFO] - Starting 'Chrome' driver

22-10-2025T09:38:23 - [MESSAGE][INFO] - User set preference: ['args', '[--no-sandbox, --disable-gpu, --disable-dev-shm-usage]']

22-10-2025T09:38:23 - [MESSAGE][INFO] - Action delay is set to 0 milliseconds

22-10-2025T09:38:24 - [MESSAGE][PASSED] - Browser is opened with url: ''

22-10-2025T09:38:24 - [TEST_STEP][PASSED] - navigateToUrl(destinationURL): Navigate to 'https://www.qa.tripfocus.com' successfully

22-10-2025T09:38:25 - [MESSAGE][PASSED] - Navigate to 'https://www.qa.tripfocus.com' successfully

22-10-2025T09:38:25 - [TEST_STEP][PASSED] - if (maximizeWindow == true): Current window maximized

22-10-2025T09:38:25 - [TEST_STEP][PASSED] - maximizeWindow(STOP_ON_FAILURE): Current window maximized

22-10-2025T09:38:25 - [MESSAGE][PASSED] - Current window maximized

22-10-2025T09:38:25 - [MESSAGE][PASSED] - Call Test Case 'Test Cases/Utility Scripts/Open Browser' successfully

22-10-2025T09:38:25 - [TEST_STEP][PASSED] - callTestCase(findTestCase("Utility Scripts/TF Sign In"), ["userName":TripFocusPenskeFDGUsername, "password":TripFocusFDGSPGPassword], STOP_ON_FAILURE): Call Test Case 'Test Cases/Utility Scripts/TF Sign In' successfully

22-10-2025T09:38:25 - [TEST_CASE][PASSED] - Test Cases/Utility Scripts/TF Sign In: Test Cases/Utility Scripts/TF Sign In

22-10-2025T09:38:25 - [TEST_STEP][PASSED] - click(findTestObject("Object Repository/TripFocus/Page_TripFocus/button_Sign in")): Object: 'Object Repository/TripFocus/Page_TripFocus/button_Sign in' is clicked on

22-10-2025T09:38:25 - [MESSAGE][PASSED] - Object: 'Object Repository/TripFocus/Page_TripFocus/button_Sign in' is clicked on

22-10-2025T09:38:25 - [TEST_STEP][PASSED] - setText(findTestObject("Object Repository/TripFocus/Page_TripFocus/input_Username (e.g. email address)_Username"), userName): Text 'Ashford.Chenault+PenskeCustomerFDGONLY@thekag.com' is set on object 'Object Repository/TripFocus/Page_TripFocus/input_Username (e.g. email address)_Username'

22-10-2025T09:38:25 - [MESSAGE][PASSED] - Text 'Ashford.Chenault+PenskeCustomerFDGONLY@thekag.com' is set on object 'Object Repository/TripFocus/Page_TripFocus/input_Username (e.g. email address)_Username'

22-10-2025T09:38:25 - [TEST_STEP][PASSED] - setText(findTestObject("Object Repository/TripFocus/Page_TripFocus/input_Password_Password"), password): Text 'CrashBan911!!' is set on object 'Object Repository/TripFocus/Page_TripFocus/input_Password_Password'

22-10-2025T09:38:25 - [MESSAGE][PASSED] - Text 'CrashBan911!!' is set on object 'Object Repository/TripFocus/Page_TripFocus/input_Password_Password'

22-10-2025T09:38:25 - [TEST_STEP][PASSED] - click(findTestObject("Object Repository/TripFocus/Page_TripFocus/button_Login")): Object: 'Object Repository/TripFocus/Page_TripFocus/button_Login' is clicked on

22-10-2025T09:38:25 - [MESSAGE][PASSED] - Object: 'Object Repository/TripFocus/Page_TripFocus/button_Login' is clicked on

22-10-2025T09:38:25 - [TEST_STEP][PASSED] - maximizeWindow(): Current window maximized

22-10-2025T09:38:25 - [MESSAGE][PASSED] - Current window maximized

22-10-2025T09:38:25 - [TEST_STEP][PASSED] - waitForElementVisible(findTestObject("TripFocus/Testing_Notification_btn"), 5, OPTIONAL): Web element with id: 'Object Repository/TripFocus/Testing_Notification_btn' located by '//*[@id="__BVID__10___BV_modal_footer_"]/button' not found

22-10-2025T09:38:32 - [MESSAGE][INFO] - Unable to find the element located by 'By.xpath: //*[@id="__BVID__10___BV_modal_footer_"]/button'. Please recheck the objects properties to make sure the desired element is located. 

22-10-2025T09:38:32 - [MESSAGE][WARNING] - [SELF-HEALING] Failed to find element with id 'Object Repository/TripFocus/Testing_Notification_btn'. Try using Self-healing.

22-10-2025T09:38:33 - [MESSAGE][INFO] - [SELF-HEALING] No working XPath is found.

22-10-2025T09:38:36 - [MESSAGE][INFO] - Unable to find the element located by 'By.xpath: '. Please recheck the objects properties to make sure the desired element is located. 

22-10-2025T09:38:36 - [MESSAGE][WARNING] - [SELF-HEALING] Cannot find elements when the selector is null

22-10-2025T09:38:36 - [MESSAGE][WARNING] - Web element with id: 'Object Repository/TripFocus/Testing_Notification_btn' located by '//*[@id="__BVID__10___BV_modal_footer_"]/button' not found

22-10-2025T09:38:36 - [TEST_STEP][PASSED] - if (verifyElementVisible(findTestObject("TripFocus/Testing_Notification_btn"), OPTIONAL) == true): Web element with id: 'Object Repository/TripFocus/Testing_Notification_btn' located by '//*[@id="__BVID__10___BV_modal_footer_"]/button' not found (Root cause: com.kms.katalon.core.exception.StepFailedException: Web element with id: 'Object Repository/TripFocus/Testing_Notification_btn' located by '//*[@id="__BVID__10___BV_modal_footer_"]/button' not found
	at com.kms.katalon.core.webui.keyword.internal.WebUIKeywordMain.stepFailed(WebUIKeywordMain.groovy:117)
	at com.kms.katalon.core.webui.keyword.builtin.VerifyElementVisibleKeyword$_verifyElementVisible_closure1.doCall(VerifyElementVisibleKeyword.groovy:89)
	at com.kms.katalon.core.webui.keyword.builtin.VerifyElementVisibleKeyword$_verifyElementVisible_closure1.call(VerifyElementVisibleKeyword.groovy)
	at com.kms.katalon.core.webui.keyword.internal.WebUIKeywordMain.runKeyword(WebUIKeywordMain.groovy:35)
	at com.kms.katalon.core.webui.keyword.builtin.VerifyElementVisibleKeyword.verifyElementVisible(VerifyElementVisibleKeyword.groovy:97)
	at com.kms.katalon.core.webui.keyword.builtin.VerifyElementVisibleKeyword.execute(VerifyElementVisibleKeyword.groovy:67)
	at com.kms.katalon.core.keyword.internal.KeywordExecutor.executeKeywordForPlatform(KeywordExecutor.groovy:74)
	at com.kms.katalon.core.webui.keyword.WebUiBuiltInKeywords.verifyElementVisible(WebUiBuiltInKeywords.groovy:401)
	at com.kms.katalon.core.webui.keyword.WebUiBuiltInKeywords$verifyElementVisible$6.call(Unknown Source)
	at TF Sign In.run(TF Sign In:33)
	at com.kms.katalon.core.main.ScriptEngine.run(ScriptEngine.java:194)
	at com.kms.katalon.core.main.ScriptEngine.runScriptAsRawText(ScriptEngine.java:119)
	at com.kms.katalon.core.main.TestCaseExecutor.runScript(TestCaseExecutor.java:448)
	at com.kms.katalon.core.main.TestCaseExecutor.doExecute(TestCaseExecutor.java:439)
	at com.kms.katalon.core.main.TestCaseExecutor.processExecutionPhase(TestCaseExecutor.java:418)
	at com.kms.katalon.core.main.TestCaseExecutor.accessMainPhase(TestCaseExecutor.java:410)
	at com.kms.katalon.core.main.TestCaseExecutor.execute(TestCaseExecutor.java:285)
	at com.kms.katalon.core.main.TestCaseMain.runTestCase(TestCaseMain.java:137)
	at com.kms.katalon.core.keyword.builtin.CallTestCaseKeyword$_callTestCase_closure1.doCall(CallTestCaseKeyword.groovy:59)
	at com.kms.katalon.core.keyword.builtin.CallTestCaseKeyword$_callTestCase_closure1.call(CallTestCaseKeyword.groovy)
	at com.kms.katalon.core.keyword.internal.KeywordMain.runKeyword(KeywordMain.groovy:75)
	at com.kms.katalon.core.keyword.builtin.CallTestCaseKeyword.callTestCase(CallTestCaseKeyword.groovy:81)
	at com.kms.katalon.core.keyword.builtin.CallTestCaseKeyword.execute(CallTestCaseKeyword.groovy:44)
	at com.kms.katalon.core.keyword.internal.KeywordExecutor.executeKeywordForPlatform(KeywordExecutor.groovy:74)
	at com.kms.katalon.core.keyword.BuiltinKeywords.callTestCase(BuiltinKeywords.groovy:310)
	at jdk.internal.reflect.GeneratedMethodAccessor33.invoke(Unknown Source)
	at java.base/jdk.internal.reflect.DelegatingMethodAccessorImpl.invoke(DelegatingMethodAccessorImpl.java:43)
	at FDG - Verify Order Undispatched Notification.run(FDG - Verify Order Undispatched Notification:22)
	at com.kms.katalon.core.main.ScriptEngine.run(ScriptEngine.java:194)
	at com.kms.katalon.core.main.ScriptEngine.runScriptAsRawText(ScriptEngine.java:119)
	at com.kms.katalon.core.main.TestCaseExecutor.runScript(TestCaseExecutor.java:448)
	at com.kms.katalon.core.main.TestCaseExecutor.doExecute(TestCaseExecutor.java:439)
	at com.kms.katalon.core.main.TestCaseExecutor.processExecutionPhase(TestCaseExecutor.java:418)
	at com.kms.katalon.core.main.TestCaseExecutor.accessMainPhase(TestCaseExecutor.java:410)
	at com.kms.katalon.core.main.TestCaseExecutor.execute(TestCaseExecutor.java:285)
	at com.kms.katalon.core.common.CommonExecutor.accessTestCaseMainPhase(CommonExecutor.java:65)
	at com.kms.katalon.core.main.TestSuiteExecutor.accessTestSuiteMainPhase(TestSuiteExecutor.java:150)
	at com.kms.katalon.core.main.TestSuiteExecutor.execute(TestSuiteExecutor.java:106)
	at com.kms.katalon.core.main.TestCaseMain.startTestSuite(TestCaseMain.java:180)
	at com.kms.katalon.core.main.TestCaseMain$startTestSuite$0.call(Unknown Source)
	at TempTestSuite1761139051700.run(TempTestSuite1761139051700.groovy:35)
	at java.base/jdk.internal.reflect.NativeMethodAccessorImpl.invoke0(Native Method)
	at java.base/jdk.internal.reflect.NativeMethodAccessorImpl.invoke(NativeMethodAccessorImpl.java:77)
	at java.base/jdk.internal.reflect.DelegatingMethodAccessorImpl.invoke(DelegatingMethodAccessorImpl.java:43)
)

22-10-2025T09:38:52 - [MESSAGE][INFO] - Unable to find the element located by 'By.xpath: //*[@id="__BVID__10___BV_modal_footer_"]/button'. Please recheck the objects properties to make sure the desired element is located. 

22-10-2025T09:38:52 - [MESSAGE][WARNING] - [SELF-HEALING] Failed to find element with id 'Object Repository/TripFocus/Testing_Notification_btn'. Try using Self-healing.

22-10-2025T09:38:53 - [MESSAGE][INFO] - [SELF-HEALING] No working XPath is found.

22-10-2025T09:38:55 - [MESSAGE][INFO] - Unable to find the element located by 'By.xpath: '. Please recheck the objects properties to make sure the desired element is located. 

22-10-2025T09:38:55 - [MESSAGE][WARNING] - [SELF-HEALING] Cannot find elements when the selector is null

22-10-2025T09:38:55 - [MESSAGE][WARNING] - Web element with id: 'Object Repository/TripFocus/Testing_Notification_btn' located by '//*[@id="__BVID__10___BV_modal_footer_"]/button' not found (Root cause: com.kms.katalon.core.exception.StepFailedException: Web element with id: 'Object Repository/TripFocus/Testing_Notification_btn' located by '//*[@id="__BVID__10___BV_modal_footer_"]/button' not found
	at com.kms.katalon.core.webui.keyword.internal.WebUIKeywordMain.stepFailed(WebUIKeywordMain.groovy:117)
	at com.kms.katalon.core.webui.keyword.builtin.VerifyElementVisibleKeyword$_verifyElementVisible_closure1.doCall(VerifyElementVisibleKeyword.groovy:89)
	at com.kms.katalon.core.webui.keyword.builtin.VerifyElementVisibleKeyword$_verifyElementVisible_closure1.call(VerifyElementVisibleKeyword.groovy)
	at com.kms.katalon.core.webui.keyword.internal.WebUIKeywordMain.runKeyword(WebUIKeywordMain.groovy:35)
	at com.kms.katalon.core.webui.keyword.builtin.VerifyElementVisibleKeyword.verifyElementVisible(VerifyElementVisibleKeyword.groovy:97)
	at com.kms.katalon.core.webui.keyword.builtin.VerifyElementVisibleKeyword.execute(VerifyElementVisibleKeyword.groovy:67)
	at com.kms.katalon.core.keyword.internal.KeywordExecutor.executeKeywordForPlatform(KeywordExecutor.groovy:74)
	at com.kms.katalon.core.webui.keyword.WebUiBuiltInKeywords.verifyElementVisible(WebUiBuiltInKeywords.groovy:401)
	at com.kms.katalon.core.webui.keyword.WebUiBuiltInKeywords$verifyElementVisible$6.call(Unknown Source)
	at TF Sign In.run(TF Sign In:33)
	at com.kms.katalon.core.main.ScriptEngine.run(ScriptEngine.java:194)
	at com.kms.katalon.core.main.ScriptEngine.runScriptAsRawText(ScriptEngine.java:119)
	at com.kms.katalon.core.main.TestCaseExecutor.runScript(TestCaseExecutor.java:448)
	at com.kms.katalon.core.main.TestCaseExecutor.doExecute(TestCaseExecutor.java:439)
	at com.kms.katalon.core.main.TestCaseExecutor.processExecutionPhase(TestCaseExecutor.java:418)
	at com.kms.katalon.core.main.TestCaseExecutor.accessMainPhase(TestCaseExecutor.java:410)
	at com.kms.katalon.core.main.TestCaseExecutor.execute(TestCaseExecutor.java:285)
	at com.kms.katalon.core.main.TestCaseMain.runTestCase(TestCaseMain.java:137)
	at com.kms.katalon.core.keyword.builtin.CallTestCaseKeyword$_callTestCase_closure1.doCall(CallTestCaseKeyword.groovy:59)
	at com.kms.katalon.core.keyword.builtin.CallTestCaseKeyword$_callTestCase_closure1.call(CallTestCaseKeyword.groovy)
	at com.kms.katalon.core.keyword.internal.KeywordMain.runKeyword(KeywordMain.groovy:75)
	at com.kms.katalon.core.keyword.builtin.CallTestCaseKeyword.callTestCase(CallTestCaseKeyword.groovy:81)
	at com.kms.katalon.core.keyword.builtin.CallTestCaseKeyword.execute(CallTestCaseKeyword.groovy:44)
	at com.kms.katalon.core.keyword.internal.KeywordExecutor.executeKeywordForPlatform(KeywordExecutor.groovy:74)
	at com.kms.katalon.core.keyword.BuiltinKeywords.callTestCase(BuiltinKeywords.groovy:310)
	at jdk.internal.reflect.GeneratedMethodAccessor33.invoke(Unknown Source)
	at java.base/jdk.internal.reflect.DelegatingMethodAccessorImpl.invoke(DelegatingMethodAccessorImpl.java:43)
	at FDG - Verify Order Undispatched Notification.run(FDG - Verify Order Undispatched Notification:22)
	at com.kms.katalon.core.main.ScriptEngine.run(ScriptEngine.java:194)
	at com.kms.katalon.core.main.ScriptEngine.runScriptAsRawText(ScriptEngine.java:119)
	at com.kms.katalon.core.main.TestCaseExecutor.runScript(TestCaseExecutor.java:448)
	at com.kms.katalon.core.main.TestCaseExecutor.doExecute(TestCaseExecutor.java:439)
	at com.kms.katalon.core.main.TestCaseExecutor.processExecutionPhase(TestCaseExecutor.java:418)
	at com.kms.katalon.core.main.TestCaseExecutor.accessMainPhase(TestCaseExecutor.java:410)
	at com.kms.katalon.core.main.TestCaseExecutor.execute(TestCaseExecutor.java:285)
	at com.kms.katalon.core.common.CommonExecutor.accessTestCaseMainPhase(CommonExecutor.java:65)
	at com.kms.katalon.core.main.TestSuiteExecutor.accessTestSuiteMainPhase(TestSuiteExecutor.java:150)
	at com.kms.katalon.core.main.TestSuiteExecutor.execute(TestSuiteExecutor.java:106)
	at com.kms.katalon.core.main.TestCaseMain.startTestSuite(TestCaseMain.java:180)
	at com.kms.katalon.core.main.TestCaseMain$startTestSuite$0.call(Unknown Source)
	at TempTestSuite1761139051700.run(TempTestSuite1761139051700.groovy:35)
	at java.base/jdk.internal.reflect.NativeMethodAccessorImpl.invoke0(Native Method)
	at java.base/jdk.internal.reflect.NativeMethodAccessorImpl.invoke(NativeMethodAccessorImpl.java:77)
	at java.base/jdk.internal.reflect.DelegatingMethodAccessorImpl.invoke(DelegatingMethodAccessorImpl.java:43)
)

22-10-2025T09:38:55 - [MESSAGE][PASSED] - Call Test Case 'Test Cases/Utility Scripts/TF Sign In' successfully

22-10-2025T09:38:55 - [TEST_STEP][PASSED] - click(findTestObject("TripFocus/Notifications/Notifications Tab")): Object: 'Object Repository/TripFocus/Notifications/Notifications Tab' is clicked on

22-10-2025T09:38:55 - [MESSAGE][PASSED] - Object: 'Object Repository/TripFocus/Notifications/Notifications Tab' is clicked on

22-10-2025T09:38:55 - [TEST_STEP][PASSED] - delay(5): Delayed 5 second(s)

22-10-2025T09:39:00 - [MESSAGE][PASSED] - Delayed 5 second(s)

22-10-2025T09:39:00 - [TEST_STEP][PASSED] - click(findTestObject("Object Repository/TripFocus/Page_TripFocus/button_Add New Notification")): Object: 'Object Repository/TripFocus/Page_TripFocus/button_Add New Notification' is clicked on

22-10-2025T09:39:00 - [MESSAGE][PASSED] - Object: 'Object Repository/TripFocus/Page_TripFocus/button_Add New Notification' is clicked on

22-10-2025T09:39:00 - [TEST_STEP][PASSED] - delay(5): Delayed 5 second(s)

22-10-2025T09:39:05 - [MESSAGE][PASSED] - Delayed 5 second(s)

22-10-2025T09:39:05 - [TEST_STEP][PASSED] - sendKeys(findTestObject("TripFocus/Notifications/Notification Events_txt"), "Order Undispatched"): Keys 'Order Undispatched' sent to object: 'Object Repository/TripFocus/Notifications/Notification Events_txt'

22-10-2025T09:39:05 - [MESSAGE][PASSED] - Keys 'Order Undispatched' sent to object: 'Object Repository/TripFocus/Notifications/Notification Events_txt'

22-10-2025T09:39:05 - [TEST_STEP][PASSED] - delay(2): Delayed 2 second(s)

22-10-2025T09:39:07 - [MESSAGE][PASSED] - Delayed 2 second(s)

22-10-2025T09:39:07 - [TEST_STEP][PASSED] - sendKeys(findTestObject("TripFocus/Notifications/Notification Events_txt"), Keys.chord(ENTER)): Keys 'ENTER + ' sent to object: 'Object Repository/TripFocus/Notifications/Notification Events_txt'

22-10-2025T09:39:07 - [MESSAGE][PASSED] - Keys 'ENTER + ' sent to object: 'Object Repository/TripFocus/Notifications/Notification Events_txt'

22-10-2025T09:39:07 - [TEST_STEP][PASSED] - delay(2): Delayed 2 second(s)

22-10-2025T09:39:09 - [MESSAGE][PASSED] - Delayed 2 second(s)

22-10-2025T09:39:09 - [TEST_STEP][PASSED] - click(findTestObject("TripFocus/Page_TripFocus/textarea_Send To_txtSendTo")): Object: 'Object Repository/TripFocus/Page_TripFocus/textarea_Send To_txtSendTo' is clicked on

22-10-2025T09:39:09 - [MESSAGE][PASSED] - Object: 'Object Repository/TripFocus/Page_TripFocus/textarea_Send To_txtSendTo' is clicked on

22-10-2025T09:39:09 - [TEST_STEP][PASSED] - delay(2): Delayed 2 second(s)

22-10-2025T09:39:11 - [MESSAGE][PASSED] - Delayed 2 second(s)

22-10-2025T09:39:11 - [TEST_STEP][PASSED] - verifyElementText(findTestObject("TripFocus/Notifications/Selected Notification_option"), "Order Undispatched"): Actual text and expected text of test object 'Object Repository/TripFocus/Notifications/Selected Notification_option' are matched.

22-10-2025T09:39:11 - [MESSAGE][PASSED] - Actual text and expected text of test object 'Object Repository/TripFocus/Notifications/Selected Notification_option' are matched.

22-10-2025T09:39:11 - [TEST_STEP][PASSED] - closeBrowser(STOP_ON_FAILURE): Browser is closed

22-10-2025T09:39:11 - [MESSAGE][PASSED] - Browser is closed

22-10-2025T09:39:11 - [TEST_STEP][PASSED] - Start listener action : retryOnDisconnect: null

22-10-2025T09:39:11 - [TEST_STEP][PASSED] - tcId = testCaseContext.getTestCaseId(): null

22-10-2025T09:39:11 - [TEST_STEP][PASSED] - currentRetry = retryCounts.getOrDefault(tcId, 0): null

22-10-2025T09:39:11 - [TEST_STEP][PASSED] - if (testCaseContext.getTestCaseStatus() == "FAILED" && currentRetry < MAX_RETRIES): null]]></system-out>
         <system-err><![CDATA[]]></system-err>
      </testcase>
      <testcase name="Test Cases/TripFocus/FDG/FDG - Notification/FDG - Verify Adding Text to Send To Field" time="44.059" classname="Test Cases/TripFocus/FDG/FDG - Notification/FDG - Verify Adding Text to Send To Field" status="PASSED">
         <system-out><![CDATA[22-10-2025T09:39:11 - [TEST_CASE][PASSED] - Test Cases/TripFocus/FDG/FDG - Notification/FDG - Verify Adding Text to Send To Field: Test Cases/TripFocus/FDG/FDG - Notification/FDG - Verify Adding Text to Send To Field

22-10-2025T09:39:11 - [TEST_STEP][PASSED] - Start listener action : beforeTestCase: null

22-10-2025T09:39:11 - [TEST_STEP][PASSED] - addDefaultPackages(): null

22-10-2025T09:39:11 - [TEST_STEP][PASSED] - callTestCase(findTestCase("Utility Scripts/Open Browser"), ["destinationURL":TFBaseURL], STOP_ON_FAILURE): Call Test Case 'Test Cases/Utility Scripts/Open Browser' successfully

22-10-2025T09:39:11 - [TEST_CASE][PASSED] - Test Cases/Utility Scripts/Open Browser: Test Cases/Utility Scripts/Open Browser

22-10-2025T09:39:11 - [TEST_STEP][PASSED] - openBrowser(""): Browser is opened with url: ''

22-10-2025T09:39:11 - [MESSAGE][INFO] - Starting 'Chrome' driver

22-10-2025T09:39:11 - [MESSAGE][INFO] - User set preference: ['args', '[--no-sandbox, --disable-gpu, --disable-dev-shm-usage]']

22-10-2025T09:39:11 - [MESSAGE][INFO] - Action delay is set to 0 milliseconds

22-10-2025T09:39:12 - [MESSAGE][PASSED] - Browser is opened with url: ''

22-10-2025T09:39:12 - [TEST_STEP][PASSED] - navigateToUrl(destinationURL): Navigate to 'https://www.qa.tripfocus.com' successfully

22-10-2025T09:39:13 - [MESSAGE][PASSED] - Navigate to 'https://www.qa.tripfocus.com' successfully

22-10-2025T09:39:13 - [TEST_STEP][PASSED] - if (maximizeWindow == true): Current window maximized

22-10-2025T09:39:13 - [TEST_STEP][PASSED] - maximizeWindow(STOP_ON_FAILURE): Current window maximized

22-10-2025T09:39:13 - [MESSAGE][PASSED] - Current window maximized

22-10-2025T09:39:13 - [MESSAGE][PASSED] - Call Test Case 'Test Cases/Utility Scripts/Open Browser' successfully

22-10-2025T09:39:13 - [TEST_STEP][PASSED] - callTestCase(findTestCase("Utility Scripts/TF Sign In"), ["userName":TripFocusPenskeFDGUsername, "password":TripFocusFDGSPGPassword], STOP_ON_FAILURE): Call Test Case 'Test Cases/Utility Scripts/TF Sign In' successfully

22-10-2025T09:39:13 - [TEST_CASE][PASSED] - Test Cases/Utility Scripts/TF Sign In: Test Cases/Utility Scripts/TF Sign In

22-10-2025T09:39:13 - [TEST_STEP][PASSED] - click(findTestObject("Object Repository/TripFocus/Page_TripFocus/button_Sign in")): Object: 'Object Repository/TripFocus/Page_TripFocus/button_Sign in' is clicked on

22-10-2025T09:39:13 - [MESSAGE][PASSED] - Object: 'Object Repository/TripFocus/Page_TripFocus/button_Sign in' is clicked on

22-10-2025T09:39:13 - [TEST_STEP][PASSED] - setText(findTestObject("Object Repository/TripFocus/Page_TripFocus/input_Username (e.g. email address)_Username"), userName): Text 'Ashford.Chenault+PenskeCustomerFDGONLY@thekag.com' is set on object 'Object Repository/TripFocus/Page_TripFocus/input_Username (e.g. email address)_Username'

22-10-2025T09:39:14 - [MESSAGE][PASSED] - Text 'Ashford.Chenault+PenskeCustomerFDGONLY@thekag.com' is set on object 'Object Repository/TripFocus/Page_TripFocus/input_Username (e.g. email address)_Username'

22-10-2025T09:39:14 - [TEST_STEP][PASSED] - setText(findTestObject("Object Repository/TripFocus/Page_TripFocus/input_Password_Password"), password): Text 'CrashBan911!!' is set on object 'Object Repository/TripFocus/Page_TripFocus/input_Password_Password'

22-10-2025T09:39:14 - [MESSAGE][PASSED] - Text 'CrashBan911!!' is set on object 'Object Repository/TripFocus/Page_TripFocus/input_Password_Password'

22-10-2025T09:39:14 - [TEST_STEP][PASSED] - click(findTestObject("Object Repository/TripFocus/Page_TripFocus/button_Login")): Object: 'Object Repository/TripFocus/Page_TripFocus/button_Login' is clicked on

22-10-2025T09:39:14 - [MESSAGE][PASSED] - Object: 'Object Repository/TripFocus/Page_TripFocus/button_Login' is clicked on

22-10-2025T09:39:14 - [TEST_STEP][PASSED] - maximizeWindow(): Current window maximized

22-10-2025T09:39:14 - [MESSAGE][PASSED] - Current window maximized

22-10-2025T09:39:14 - [TEST_STEP][PASSED] - waitForElementVisible(findTestObject("TripFocus/Testing_Notification_btn"), 5, OPTIONAL): Web element with id: 'Object Repository/TripFocus/Testing_Notification_btn' located by '//*[@id="__BVID__10___BV_modal_footer_"]/button' not found

22-10-2025T09:39:21 - [MESSAGE][INFO] - Unable to find the element located by 'By.xpath: //*[@id="__BVID__10___BV_modal_footer_"]/button'. Please recheck the objects properties to make sure the desired element is located. 

22-10-2025T09:39:21 - [MESSAGE][WARNING] - [SELF-HEALING] Failed to find element with id 'Object Repository/TripFocus/Testing_Notification_btn'. Try using Self-healing.

22-10-2025T09:39:22 - [MESSAGE][INFO] - [SELF-HEALING] No working XPath is found.

22-10-2025T09:39:24 - [MESSAGE][INFO] - Unable to find the element located by 'By.xpath: '. Please recheck the objects properties to make sure the desired element is located. 

22-10-2025T09:39:24 - [MESSAGE][WARNING] - [SELF-HEALING] Cannot find elements when the selector is null

22-10-2025T09:39:24 - [MESSAGE][WARNING] - Web element with id: 'Object Repository/TripFocus/Testing_Notification_btn' located by '//*[@id="__BVID__10___BV_modal_footer_"]/button' not found

22-10-2025T09:39:24 - [TEST_STEP][PASSED] - if (verifyElementVisible(findTestObject("TripFocus/Testing_Notification_btn"), OPTIONAL) == true): Web element with id: 'Object Repository/TripFocus/Testing_Notification_btn' located by '//*[@id="__BVID__10___BV_modal_footer_"]/button' not found (Root cause: com.kms.katalon.core.exception.StepFailedException: Web element with id: 'Object Repository/TripFocus/Testing_Notification_btn' located by '//*[@id="__BVID__10___BV_modal_footer_"]/button' not found
	at com.kms.katalon.core.webui.keyword.internal.WebUIKeywordMain.stepFailed(WebUIKeywordMain.groovy:117)
	at com.kms.katalon.core.webui.keyword.builtin.VerifyElementVisibleKeyword$_verifyElementVisible_closure1.doCall(VerifyElementVisibleKeyword.groovy:89)
	at com.kms.katalon.core.webui.keyword.builtin.VerifyElementVisibleKeyword$_verifyElementVisible_closure1.call(VerifyElementVisibleKeyword.groovy)
	at com.kms.katalon.core.webui.keyword.internal.WebUIKeywordMain.runKeyword(WebUIKeywordMain.groovy:35)
	at com.kms.katalon.core.webui.keyword.builtin.VerifyElementVisibleKeyword.verifyElementVisible(VerifyElementVisibleKeyword.groovy:97)
	at com.kms.katalon.core.webui.keyword.builtin.VerifyElementVisibleKeyword.execute(VerifyElementVisibleKeyword.groovy:67)
	at com.kms.katalon.core.keyword.internal.KeywordExecutor.executeKeywordForPlatform(KeywordExecutor.groovy:74)
	at com.kms.katalon.core.webui.keyword.WebUiBuiltInKeywords.verifyElementVisible(WebUiBuiltInKeywords.groovy:401)
	at com.kms.katalon.core.webui.keyword.WebUiBuiltInKeywords$verifyElementVisible$6.call(Unknown Source)
	at TF Sign In.run(TF Sign In:33)
	at com.kms.katalon.core.main.ScriptEngine.run(ScriptEngine.java:194)
	at com.kms.katalon.core.main.ScriptEngine.runScriptAsRawText(ScriptEngine.java:119)
	at com.kms.katalon.core.main.TestCaseExecutor.runScript(TestCaseExecutor.java:448)
	at com.kms.katalon.core.main.TestCaseExecutor.doExecute(TestCaseExecutor.java:439)
	at com.kms.katalon.core.main.TestCaseExecutor.processExecutionPhase(TestCaseExecutor.java:418)
	at com.kms.katalon.core.main.TestCaseExecutor.accessMainPhase(TestCaseExecutor.java:410)
	at com.kms.katalon.core.main.TestCaseExecutor.execute(TestCaseExecutor.java:285)
	at com.kms.katalon.core.main.TestCaseMain.runTestCase(TestCaseMain.java:137)
	at com.kms.katalon.core.keyword.builtin.CallTestCaseKeyword$_callTestCase_closure1.doCall(CallTestCaseKeyword.groovy:59)
	at com.kms.katalon.core.keyword.builtin.CallTestCaseKeyword$_callTestCase_closure1.call(CallTestCaseKeyword.groovy)
	at com.kms.katalon.core.keyword.internal.KeywordMain.runKeyword(KeywordMain.groovy:75)
	at com.kms.katalon.core.keyword.builtin.CallTestCaseKeyword.callTestCase(CallTestCaseKeyword.groovy:81)
	at com.kms.katalon.core.keyword.builtin.CallTestCaseKeyword.execute(CallTestCaseKeyword.groovy:44)
	at com.kms.katalon.core.keyword.internal.KeywordExecutor.executeKeywordForPlatform(KeywordExecutor.groovy:74)
	at com.kms.katalon.core.keyword.BuiltinKeywords.callTestCase(BuiltinKeywords.groovy:310)
	at jdk.internal.reflect.GeneratedMethodAccessor33.invoke(Unknown Source)
	at java.base/jdk.internal.reflect.DelegatingMethodAccessorImpl.invoke(DelegatingMethodAccessorImpl.java:43)
	at FDG - Verify Adding Text to Send To Field.run(FDG - Verify Adding Text to Send To Field:22)
	at com.kms.katalon.core.main.ScriptEngine.run(ScriptEngine.java:194)
	at com.kms.katalon.core.main.ScriptEngine.runScriptAsRawText(ScriptEngine.java:119)
	at com.kms.katalon.core.main.TestCaseExecutor.runScript(TestCaseExecutor.java:448)
	at com.kms.katalon.core.main.TestCaseExecutor.doExecute(TestCaseExecutor.java:439)
	at com.kms.katalon.core.main.TestCaseExecutor.processExecutionPhase(TestCaseExecutor.java:418)
	at com.kms.katalon.core.main.TestCaseExecutor.accessMainPhase(TestCaseExecutor.java:410)
	at com.kms.katalon.core.main.TestCaseExecutor.execute(TestCaseExecutor.java:285)
	at com.kms.katalon.core.common.CommonExecutor.accessTestCaseMainPhase(CommonExecutor.java:65)
	at com.kms.katalon.core.main.TestSuiteExecutor.accessTestSuiteMainPhase(TestSuiteExecutor.java:150)
	at com.kms.katalon.core.main.TestSuiteExecutor.execute(TestSuiteExecutor.java:106)
	at com.kms.katalon.core.main.TestCaseMain.startTestSuite(TestCaseMain.java:180)
	at com.kms.katalon.core.main.TestCaseMain$startTestSuite$0.call(Unknown Source)
	at TempTestSuite1761139051700.run(TempTestSuite1761139051700.groovy:35)
	at java.base/jdk.internal.reflect.NativeMethodAccessorImpl.invoke0(Native Method)
	at java.base/jdk.internal.reflect.NativeMethodAccessorImpl.invoke(NativeMethodAccessorImpl.java:77)
	at java.base/jdk.internal.reflect.DelegatingMethodAccessorImpl.invoke(DelegatingMethodAccessorImpl.java:43)
)

22-10-2025T09:39:40 - [MESSAGE][INFO] - Unable to find the element located by 'By.xpath: //*[@id="__BVID__10___BV_modal_footer_"]/button'. Please recheck the objects properties to make sure the desired element is located. 

22-10-2025T09:39:40 - [MESSAGE][WARNING] - [SELF-HEALING] Failed to find element with id 'Object Repository/TripFocus/Testing_Notification_btn'. Try using Self-healing.

22-10-2025T09:39:41 - [MESSAGE][INFO] - [SELF-HEALING] No working XPath is found.

22-10-2025T09:39:43 - [MESSAGE][INFO] - Unable to find the element located by 'By.xpath: '. Please recheck the objects properties to make sure the desired element is located. 

22-10-2025T09:39:43 - [MESSAGE][WARNING] - [SELF-HEALING] Cannot find elements when the selector is null

22-10-2025T09:39:43 - [MESSAGE][WARNING] - Web element with id: 'Object Repository/TripFocus/Testing_Notification_btn' located by '//*[@id="__BVID__10___BV_modal_footer_"]/button' not found (Root cause: com.kms.katalon.core.exception.StepFailedException: Web element with id: 'Object Repository/TripFocus/Testing_Notification_btn' located by '//*[@id="__BVID__10___BV_modal_footer_"]/button' not found
	at com.kms.katalon.core.webui.keyword.internal.WebUIKeywordMain.stepFailed(WebUIKeywordMain.groovy:117)
	at com.kms.katalon.core.webui.keyword.builtin.VerifyElementVisibleKeyword$_verifyElementVisible_closure1.doCall(VerifyElementVisibleKeyword.groovy:89)
	at com.kms.katalon.core.webui.keyword.builtin.VerifyElementVisibleKeyword$_verifyElementVisible_closure1.call(VerifyElementVisibleKeyword.groovy)
	at com.kms.katalon.core.webui.keyword.internal.WebUIKeywordMain.runKeyword(WebUIKeywordMain.groovy:35)
	at com.kms.katalon.core.webui.keyword.builtin.VerifyElementVisibleKeyword.verifyElementVisible(VerifyElementVisibleKeyword.groovy:97)
	at com.kms.katalon.core.webui.keyword.builtin.VerifyElementVisibleKeyword.execute(VerifyElementVisibleKeyword.groovy:67)
	at com.kms.katalon.core.keyword.internal.KeywordExecutor.executeKeywordForPlatform(KeywordExecutor.groovy:74)
	at com.kms.katalon.core.webui.keyword.WebUiBuiltInKeywords.verifyElementVisible(WebUiBuiltInKeywords.groovy:401)
	at com.kms.katalon.core.webui.keyword.WebUiBuiltInKeywords$verifyElementVisible$6.call(Unknown Source)
	at TF Sign In.run(TF Sign In:33)
	at com.kms.katalon.core.main.ScriptEngine.run(ScriptEngine.java:194)
	at com.kms.katalon.core.main.ScriptEngine.runScriptAsRawText(ScriptEngine.java:119)
	at com.kms.katalon.core.main.TestCaseExecutor.runScript(TestCaseExecutor.java:448)
	at com.kms.katalon.core.main.TestCaseExecutor.doExecute(TestCaseExecutor.java:439)
	at com.kms.katalon.core.main.TestCaseExecutor.processExecutionPhase(TestCaseExecutor.java:418)
	at com.kms.katalon.core.main.TestCaseExecutor.accessMainPhase(TestCaseExecutor.java:410)
	at com.kms.katalon.core.main.TestCaseExecutor.execute(TestCaseExecutor.java:285)
	at com.kms.katalon.core.main.TestCaseMain.runTestCase(TestCaseMain.java:137)
	at com.kms.katalon.core.keyword.builtin.CallTestCaseKeyword$_callTestCase_closure1.doCall(CallTestCaseKeyword.groovy:59)
	at com.kms.katalon.core.keyword.builtin.CallTestCaseKeyword$_callTestCase_closure1.call(CallTestCaseKeyword.groovy)
	at com.kms.katalon.core.keyword.internal.KeywordMain.runKeyword(KeywordMain.groovy:75)
	at com.kms.katalon.core.keyword.builtin.CallTestCaseKeyword.callTestCase(CallTestCaseKeyword.groovy:81)
	at com.kms.katalon.core.keyword.builtin.CallTestCaseKeyword.execute(CallTestCaseKeyword.groovy:44)
	at com.kms.katalon.core.keyword.internal.KeywordExecutor.executeKeywordForPlatform(KeywordExecutor.groovy:74)
	at com.kms.katalon.core.keyword.BuiltinKeywords.callTestCase(BuiltinKeywords.groovy:310)
	at jdk.internal.reflect.GeneratedMethodAccessor33.invoke(Unknown Source)
	at java.base/jdk.internal.reflect.DelegatingMethodAccessorImpl.invoke(DelegatingMethodAccessorImpl.java:43)
	at FDG - Verify Adding Text to Send To Field.run(FDG - Verify Adding Text to Send To Field:22)
	at com.kms.katalon.core.main.ScriptEngine.run(ScriptEngine.java:194)
	at com.kms.katalon.core.main.ScriptEngine.runScriptAsRawText(ScriptEngine.java:119)
	at com.kms.katalon.core.main.TestCaseExecutor.runScript(TestCaseExecutor.java:448)
	at com.kms.katalon.core.main.TestCaseExecutor.doExecute(TestCaseExecutor.java:439)
	at com.kms.katalon.core.main.TestCaseExecutor.processExecutionPhase(TestCaseExecutor.java:418)
	at com.kms.katalon.core.main.TestCaseExecutor.accessMainPhase(TestCaseExecutor.java:410)
	at com.kms.katalon.core.main.TestCaseExecutor.execute(TestCaseExecutor.java:285)
	at com.kms.katalon.core.common.CommonExecutor.accessTestCaseMainPhase(CommonExecutor.java:65)
	at com.kms.katalon.core.main.TestSuiteExecutor.accessTestSuiteMainPhase(TestSuiteExecutor.java:150)
	at com.kms.katalon.core.main.TestSuiteExecutor.execute(TestSuiteExecutor.java:106)
	at com.kms.katalon.core.main.TestCaseMain.startTestSuite(TestCaseMain.java:180)
	at com.kms.katalon.core.main.TestCaseMain$startTestSuite$0.call(Unknown Source)
	at TempTestSuite1761139051700.run(TempTestSuite1761139051700.groovy:35)
	at java.base/jdk.internal.reflect.NativeMethodAccessorImpl.invoke0(Native Method)
	at java.base/jdk.internal.reflect.NativeMethodAccessorImpl.invoke(NativeMethodAccessorImpl.java:77)
	at java.base/jdk.internal.reflect.DelegatingMethodAccessorImpl.invoke(DelegatingMethodAccessorImpl.java:43)
)

22-10-2025T09:39:43 - [MESSAGE][PASSED] - Call Test Case 'Test Cases/Utility Scripts/TF Sign In' successfully

22-10-2025T09:39:43 - [TEST_STEP][PASSED] - click(findTestObject("TripFocus/Notifications/Notifications Tab")): Object: 'Object Repository/TripFocus/Notifications/Notifications Tab' is clicked on

22-10-2025T09:39:43 - [MESSAGE][PASSED] - Object: 'Object Repository/TripFocus/Notifications/Notifications Tab' is clicked on

22-10-2025T09:39:43 - [TEST_STEP][PASSED] - delay(5): Delayed 5 second(s)

22-10-2025T09:39:48 - [MESSAGE][PASSED] - Delayed 5 second(s)

22-10-2025T09:39:48 - [TEST_STEP][PASSED] - click(findTestObject("Object Repository/TripFocus/Page_TripFocus/button_Add New Notification")): Object: 'Object Repository/TripFocus/Page_TripFocus/button_Add New Notification' is clicked on

22-10-2025T09:39:48 - [MESSAGE][PASSED] - Object: 'Object Repository/TripFocus/Page_TripFocus/button_Add New Notification' is clicked on

22-10-2025T09:39:48 - [TEST_STEP][PASSED] - delay(5): Delayed 5 second(s)

22-10-2025T09:39:53 - [MESSAGE][PASSED] - Delayed 5 second(s)

22-10-2025T09:39:53 - [TEST_STEP][PASSED] - verifyElementVisible(findTestObject("TripFocus/Notifications/Send To_txt"), STOP_ON_FAILURE): Object 'Object Repository/TripFocus/Notifications/Send To_txt' is visible

22-10-2025T09:39:53 - [MESSAGE][PASSED] - Object 'Object Repository/TripFocus/Notifications/Send To_txt' is visible

22-10-2025T09:39:53 - [TEST_STEP][PASSED] - setText(findTestObject("TripFocus/Notifications/Send To_txt"), "KKKj@gmail.com"): Text 'KKKj@gmail.com' is set on object 'Object Repository/TripFocus/Notifications/Send To_txt'

22-10-2025T09:39:53 - [MESSAGE][PASSED] - Text 'KKKj@gmail.com' is set on object 'Object Repository/TripFocus/Notifications/Send To_txt'

22-10-2025T09:39:53 - [TEST_STEP][PASSED] - delay(2): Delayed 2 second(s)

22-10-2025T09:39:55 - [MESSAGE][PASSED] - Delayed 2 second(s)

22-10-2025T09:39:55 - [TEST_STEP][PASSED] - closeBrowser(): Browser is closed

22-10-2025T09:39:55 - [MESSAGE][PASSED] - Browser is closed

22-10-2025T09:39:55 - [TEST_STEP][PASSED] - Start listener action : retryOnDisconnect: null

22-10-2025T09:39:55 - [TEST_STEP][PASSED] - tcId = testCaseContext.getTestCaseId(): null

22-10-2025T09:39:55 - [TEST_STEP][PASSED] - currentRetry = retryCounts.getOrDefault(tcId, 0): null

22-10-2025T09:39:55 - [TEST_STEP][PASSED] - if (testCaseContext.getTestCaseStatus() == "FAILED" && currentRetry < MAX_RETRIES): null]]></system-out>
         <system-err><![CDATA[]]></system-err>
      </testcase>
      <testcase name="Test Cases/TripFocus/FDG/FDG - Notification/FDG - Filtering Notifications By Consignee" time="50.722" classname="Test Cases/TripFocus/FDG/FDG - Notification/FDG - Filtering Notifications By Consignee" status="PASSED">
         <system-out><![CDATA[22-10-2025T09:39:55 - [TEST_CASE][PASSED] - Test Cases/TripFocus/FDG/FDG - Notification/FDG - Filtering Notifications By Consignee: Test Cases/TripFocus/FDG/FDG - Notification/FDG - Filtering Notifications By Consignee

22-10-2025T09:39:55 - [TEST_STEP][PASSED] - Start listener action : beforeTestCase: null

22-10-2025T09:39:55 - [TEST_STEP][PASSED] - addDefaultPackages(): null

22-10-2025T09:39:55 - [TEST_STEP][PASSED] - callTestCase(findTestCase("Utility Scripts/Open Browser"), ["destinationURL":TFBaseURL], STOP_ON_FAILURE): Call Test Case 'Test Cases/Utility Scripts/Open Browser' successfully

22-10-2025T09:39:56 - [TEST_CASE][PASSED] - Test Cases/Utility Scripts/Open Browser: Test Cases/Utility Scripts/Open Browser

22-10-2025T09:39:56 - [TEST_STEP][PASSED] - openBrowser(""): Browser is opened with url: ''

22-10-2025T09:39:56 - [MESSAGE][INFO] - Starting 'Chrome' driver

22-10-2025T09:39:56 - [MESSAGE][INFO] - User set preference: ['args', '[--no-sandbox, --disable-gpu, --disable-dev-shm-usage]']

22-10-2025T09:39:56 - [MESSAGE][INFO] - Action delay is set to 0 milliseconds

22-10-2025T09:39:56 - [MESSAGE][PASSED] - Browser is opened with url: ''

22-10-2025T09:39:56 - [TEST_STEP][PASSED] - navigateToUrl(destinationURL): Navigate to 'https://www.qa.tripfocus.com' successfully

22-10-2025T09:39:57 - [MESSAGE][PASSED] - Navigate to 'https://www.qa.tripfocus.com' successfully

22-10-2025T09:39:57 - [TEST_STEP][PASSED] - if (maximizeWindow == true): Current window maximized

22-10-2025T09:39:57 - [TEST_STEP][PASSED] - maximizeWindow(STOP_ON_FAILURE): Current window maximized

22-10-2025T09:39:57 - [MESSAGE][PASSED] - Current window maximized

22-10-2025T09:39:57 - [MESSAGE][PASSED] - Call Test Case 'Test Cases/Utility Scripts/Open Browser' successfully

22-10-2025T09:39:57 - [TEST_STEP][PASSED] - callTestCase(findTestCase("Utility Scripts/TF Sign In"), ["userName":TripFocusPenskeFDGUsername, "password":TripFocusFDGSPGPassword], STOP_ON_FAILURE): Call Test Case 'Test Cases/Utility Scripts/TF Sign In' successfully

22-10-2025T09:39:57 - [TEST_CASE][PASSED] - Test Cases/Utility Scripts/TF Sign In: Test Cases/Utility Scripts/TF Sign In

22-10-2025T09:39:57 - [TEST_STEP][PASSED] - click(findTestObject("Object Repository/TripFocus/Page_TripFocus/button_Sign in")): Object: 'Object Repository/TripFocus/Page_TripFocus/button_Sign in' is clicked on

22-10-2025T09:39:57 - [MESSAGE][PASSED] - Object: 'Object Repository/TripFocus/Page_TripFocus/button_Sign in' is clicked on

22-10-2025T09:39:57 - [TEST_STEP][PASSED] - setText(findTestObject("Object Repository/TripFocus/Page_TripFocus/input_Username (e.g. email address)_Username"), userName): Text 'Ashford.Chenault+PenskeCustomerFDGONLY@thekag.com' is set on object 'Object Repository/TripFocus/Page_TripFocus/input_Username (e.g. email address)_Username'

22-10-2025T09:39:58 - [MESSAGE][PASSED] - Text 'Ashford.Chenault+PenskeCustomerFDGONLY@thekag.com' is set on object 'Object Repository/TripFocus/Page_TripFocus/input_Username (e.g. email address)_Username'

22-10-2025T09:39:58 - [TEST_STEP][PASSED] - setText(findTestObject("Object Repository/TripFocus/Page_TripFocus/input_Password_Password"), password): Text 'CrashBan911!!' is set on object 'Object Repository/TripFocus/Page_TripFocus/input_Password_Password'

22-10-2025T09:39:58 - [MESSAGE][PASSED] - Text 'CrashBan911!!' is set on object 'Object Repository/TripFocus/Page_TripFocus/input_Password_Password'

22-10-2025T09:39:58 - [TEST_STEP][PASSED] - click(findTestObject("Object Repository/TripFocus/Page_TripFocus/button_Login")): Object: 'Object Repository/TripFocus/Page_TripFocus/button_Login' is clicked on

22-10-2025T09:39:58 - [MESSAGE][PASSED] - Object: 'Object Repository/TripFocus/Page_TripFocus/button_Login' is clicked on

22-10-2025T09:39:58 - [TEST_STEP][PASSED] - maximizeWindow(): Current window maximized

22-10-2025T09:39:58 - [MESSAGE][PASSED] - Current window maximized

22-10-2025T09:39:58 - [TEST_STEP][PASSED] - waitForElementVisible(findTestObject("TripFocus/Testing_Notification_btn"), 5, OPTIONAL): Web element with id: 'Object Repository/TripFocus/Testing_Notification_btn' located by '//*[@id="__BVID__10___BV_modal_footer_"]/button' not found

22-10-2025T09:40:04 - [MESSAGE][INFO] - Unable to find the element located by 'By.xpath: //*[@id="__BVID__10___BV_modal_footer_"]/button'. Please recheck the objects properties to make sure the desired element is located. 

22-10-2025T09:40:04 - [MESSAGE][WARNING] - [SELF-HEALING] Failed to find element with id 'Object Repository/TripFocus/Testing_Notification_btn'. Try using Self-healing.

22-10-2025T09:40:05 - [MESSAGE][INFO] - [SELF-HEALING] No working XPath is found.

22-10-2025T09:40:08 - [MESSAGE][INFO] - Unable to find the element located by 'By.xpath: '. Please recheck the objects properties to make sure the desired element is located. 

22-10-2025T09:40:08 - [MESSAGE][WARNING] - [SELF-HEALING] Cannot find elements when the selector is null

22-10-2025T09:40:08 - [MESSAGE][WARNING] - Web element with id: 'Object Repository/TripFocus/Testing_Notification_btn' located by '//*[@id="__BVID__10___BV_modal_footer_"]/button' not found

22-10-2025T09:40:08 - [TEST_STEP][PASSED] - if (verifyElementVisible(findTestObject("TripFocus/Testing_Notification_btn"), OPTIONAL) == true): Web element with id: 'Object Repository/TripFocus/Testing_Notification_btn' located by '//*[@id="__BVID__10___BV_modal_footer_"]/button' not found (Root cause: com.kms.katalon.core.exception.StepFailedException: Web element with id: 'Object Repository/TripFocus/Testing_Notification_btn' located by '//*[@id="__BVID__10___BV_modal_footer_"]/button' not found
	at com.kms.katalon.core.webui.keyword.internal.WebUIKeywordMain.stepFailed(WebUIKeywordMain.groovy:117)
	at com.kms.katalon.core.webui.keyword.builtin.VerifyElementVisibleKeyword$_verifyElementVisible_closure1.doCall(VerifyElementVisibleKeyword.groovy:89)
	at com.kms.katalon.core.webui.keyword.builtin.VerifyElementVisibleKeyword$_verifyElementVisible_closure1.call(VerifyElementVisibleKeyword.groovy)
	at com.kms.katalon.core.webui.keyword.internal.WebUIKeywordMain.runKeyword(WebUIKeywordMain.groovy:35)
	at com.kms.katalon.core.webui.keyword.builtin.VerifyElementVisibleKeyword.verifyElementVisible(VerifyElementVisibleKeyword.groovy:97)
	at com.kms.katalon.core.webui.keyword.builtin.VerifyElementVisibleKeyword.execute(VerifyElementVisibleKeyword.groovy:67)
	at com.kms.katalon.core.keyword.internal.KeywordExecutor.executeKeywordForPlatform(KeywordExecutor.groovy:74)
	at com.kms.katalon.core.webui.keyword.WebUiBuiltInKeywords.verifyElementVisible(WebUiBuiltInKeywords.groovy:401)
	at com.kms.katalon.core.webui.keyword.WebUiBuiltInKeywords$verifyElementVisible$6.call(Unknown Source)
	at TF Sign In.run(TF Sign In:33)
	at com.kms.katalon.core.main.ScriptEngine.run(ScriptEngine.java:194)
	at com.kms.katalon.core.main.ScriptEngine.runScriptAsRawText(ScriptEngine.java:119)
	at com.kms.katalon.core.main.TestCaseExecutor.runScript(TestCaseExecutor.java:448)
	at com.kms.katalon.core.main.TestCaseExecutor.doExecute(TestCaseExecutor.java:439)
	at com.kms.katalon.core.main.TestCaseExecutor.processExecutionPhase(TestCaseExecutor.java:418)
	at com.kms.katalon.core.main.TestCaseExecutor.accessMainPhase(TestCaseExecutor.java:410)
	at com.kms.katalon.core.main.TestCaseExecutor.execute(TestCaseExecutor.java:285)
	at com.kms.katalon.core.main.TestCaseMain.runTestCase(TestCaseMain.java:137)
	at com.kms.katalon.core.keyword.builtin.CallTestCaseKeyword$_callTestCase_closure1.doCall(CallTestCaseKeyword.groovy:59)
	at com.kms.katalon.core.keyword.builtin.CallTestCaseKeyword$_callTestCase_closure1.call(CallTestCaseKeyword.groovy)
	at com.kms.katalon.core.keyword.internal.KeywordMain.runKeyword(KeywordMain.groovy:75)
	at com.kms.katalon.core.keyword.builtin.CallTestCaseKeyword.callTestCase(CallTestCaseKeyword.groovy:81)
	at com.kms.katalon.core.keyword.builtin.CallTestCaseKeyword.execute(CallTestCaseKeyword.groovy:44)
	at com.kms.katalon.core.keyword.internal.KeywordExecutor.executeKeywordForPlatform(KeywordExecutor.groovy:74)
	at com.kms.katalon.core.keyword.BuiltinKeywords.callTestCase(BuiltinKeywords.groovy:310)
	at jdk.internal.reflect.GeneratedMethodAccessor33.invoke(Unknown Source)
	at java.base/jdk.internal.reflect.DelegatingMethodAccessorImpl.invoke(DelegatingMethodAccessorImpl.java:43)
	at FDG - Filtering Notifications By Consignee.run(FDG - Filtering Notifications By Consignee:22)
	at com.kms.katalon.core.main.ScriptEngine.run(ScriptEngine.java:194)
	at com.kms.katalon.core.main.ScriptEngine.runScriptAsRawText(ScriptEngine.java:119)
	at com.kms.katalon.core.main.TestCaseExecutor.runScript(TestCaseExecutor.java:448)
	at com.kms.katalon.core.main.TestCaseExecutor.doExecute(TestCaseExecutor.java:439)
	at com.kms.katalon.core.main.TestCaseExecutor.processExecutionPhase(TestCaseExecutor.java:418)
	at com.kms.katalon.core.main.TestCaseExecutor.accessMainPhase(TestCaseExecutor.java:410)
	at com.kms.katalon.core.main.TestCaseExecutor.execute(TestCaseExecutor.java:285)
	at com.kms.katalon.core.common.CommonExecutor.accessTestCaseMainPhase(CommonExecutor.java:65)
	at com.kms.katalon.core.main.TestSuiteExecutor.accessTestSuiteMainPhase(TestSuiteExecutor.java:150)
	at com.kms.katalon.core.main.TestSuiteExecutor.execute(TestSuiteExecutor.java:106)
	at com.kms.katalon.core.main.TestCaseMain.startTestSuite(TestCaseMain.java:180)
	at com.kms.katalon.core.main.TestCaseMain$startTestSuite$0.call(Unknown Source)
	at TempTestSuite1761139051700.run(TempTestSuite1761139051700.groovy:35)
	at java.base/jdk.internal.reflect.NativeMethodAccessorImpl.invoke0(Native Method)
	at java.base/jdk.internal.reflect.NativeMethodAccessorImpl.invoke(NativeMethodAccessorImpl.java:77)
	at java.base/jdk.internal.reflect.DelegatingMethodAccessorImpl.invoke(DelegatingMethodAccessorImpl.java:43)
)

22-10-2025T09:40:24 - [MESSAGE][INFO] - Unable to find the element located by 'By.xpath: //*[@id="__BVID__10___BV_modal_footer_"]/button'. Please recheck the objects properties to make sure the desired element is located. 

22-10-2025T09:40:24 - [MESSAGE][WARNING] - [SELF-HEALING] Failed to find element with id 'Object Repository/TripFocus/Testing_Notification_btn'. Try using Self-healing.

22-10-2025T09:40:25 - [MESSAGE][INFO] - [SELF-HEALING] No working XPath is found.

22-10-2025T09:40:27 - [MESSAGE][INFO] - Unable to find the element located by 'By.xpath: '. Please recheck the objects properties to make sure the desired element is located. 

22-10-2025T09:40:27 - [MESSAGE][WARNING] - [SELF-HEALING] Cannot find elements when the selector is null

22-10-2025T09:40:27 - [MESSAGE][WARNING] - Web element with id: 'Object Repository/TripFocus/Testing_Notification_btn' located by '//*[@id="__BVID__10___BV_modal_footer_"]/button' not found (Root cause: com.kms.katalon.core.exception.StepFailedException: Web element with id: 'Object Repository/TripFocus/Testing_Notification_btn' located by '//*[@id="__BVID__10___BV_modal_footer_"]/button' not found
	at com.kms.katalon.core.webui.keyword.internal.WebUIKeywordMain.stepFailed(WebUIKeywordMain.groovy:117)
	at com.kms.katalon.core.webui.keyword.builtin.VerifyElementVisibleKeyword$_verifyElementVisible_closure1.doCall(VerifyElementVisibleKeyword.groovy:89)
	at com.kms.katalon.core.webui.keyword.builtin.VerifyElementVisibleKeyword$_verifyElementVisible_closure1.call(VerifyElementVisibleKeyword.groovy)
	at com.kms.katalon.core.webui.keyword.internal.WebUIKeywordMain.runKeyword(WebUIKeywordMain.groovy:35)
	at com.kms.katalon.core.webui.keyword.builtin.VerifyElementVisibleKeyword.verifyElementVisible(VerifyElementVisibleKeyword.groovy:97)
	at com.kms.katalon.core.webui.keyword.builtin.VerifyElementVisibleKeyword.execute(VerifyElementVisibleKeyword.groovy:67)
	at com.kms.katalon.core.keyword.internal.KeywordExecutor.executeKeywordForPlatform(KeywordExecutor.groovy:74)
	at com.kms.katalon.core.webui.keyword.WebUiBuiltInKeywords.verifyElementVisible(WebUiBuiltInKeywords.groovy:401)
	at com.kms.katalon.core.webui.keyword.WebUiBuiltInKeywords$verifyElementVisible$6.call(Unknown Source)
	at TF Sign In.run(TF Sign In:33)
	at com.kms.katalon.core.main.ScriptEngine.run(ScriptEngine.java:194)
	at com.kms.katalon.core.main.ScriptEngine.runScriptAsRawText(ScriptEngine.java:119)
	at com.kms.katalon.core.main.TestCaseExecutor.runScript(TestCaseExecutor.java:448)
	at com.kms.katalon.core.main.TestCaseExecutor.doExecute(TestCaseExecutor.java:439)
	at com.kms.katalon.core.main.TestCaseExecutor.processExecutionPhase(TestCaseExecutor.java:418)
	at com.kms.katalon.core.main.TestCaseExecutor.accessMainPhase(TestCaseExecutor.java:410)
	at com.kms.katalon.core.main.TestCaseExecutor.execute(TestCaseExecutor.java:285)
	at com.kms.katalon.core.main.TestCaseMain.runTestCase(TestCaseMain.java:137)
	at com.kms.katalon.core.keyword.builtin.CallTestCaseKeyword$_callTestCase_closure1.doCall(CallTestCaseKeyword.groovy:59)
	at com.kms.katalon.core.keyword.builtin.CallTestCaseKeyword$_callTestCase_closure1.call(CallTestCaseKeyword.groovy)
	at com.kms.katalon.core.keyword.internal.KeywordMain.runKeyword(KeywordMain.groovy:75)
	at com.kms.katalon.core.keyword.builtin.CallTestCaseKeyword.callTestCase(CallTestCaseKeyword.groovy:81)
	at com.kms.katalon.core.keyword.builtin.CallTestCaseKeyword.execute(CallTestCaseKeyword.groovy:44)
	at com.kms.katalon.core.keyword.internal.KeywordExecutor.executeKeywordForPlatform(KeywordExecutor.groovy:74)
	at com.kms.katalon.core.keyword.BuiltinKeywords.callTestCase(BuiltinKeywords.groovy:310)
	at jdk.internal.reflect.GeneratedMethodAccessor33.invoke(Unknown Source)
	at java.base/jdk.internal.reflect.DelegatingMethodAccessorImpl.invoke(DelegatingMethodAccessorImpl.java:43)
	at FDG - Filtering Notifications By Consignee.run(FDG - Filtering Notifications By Consignee:22)
	at com.kms.katalon.core.main.ScriptEngine.run(ScriptEngine.java:194)
	at com.kms.katalon.core.main.ScriptEngine.runScriptAsRawText(ScriptEngine.java:119)
	at com.kms.katalon.core.main.TestCaseExecutor.runScript(TestCaseExecutor.java:448)
	at com.kms.katalon.core.main.TestCaseExecutor.doExecute(TestCaseExecutor.java:439)
	at com.kms.katalon.core.main.TestCaseExecutor.processExecutionPhase(TestCaseExecutor.java:418)
	at com.kms.katalon.core.main.TestCaseExecutor.accessMainPhase(TestCaseExecutor.java:410)
	at com.kms.katalon.core.main.TestCaseExecutor.execute(TestCaseExecutor.java:285)
	at com.kms.katalon.core.common.CommonExecutor.accessTestCaseMainPhase(CommonExecutor.java:65)
	at com.kms.katalon.core.main.TestSuiteExecutor.accessTestSuiteMainPhase(TestSuiteExecutor.java:150)
	at com.kms.katalon.core.main.TestSuiteExecutor.execute(TestSuiteExecutor.java:106)
	at com.kms.katalon.core.main.TestCaseMain.startTestSuite(TestCaseMain.java:180)
	at com.kms.katalon.core.main.TestCaseMain$startTestSuite$0.call(Unknown Source)
	at TempTestSuite1761139051700.run(TempTestSuite1761139051700.groovy:35)
	at java.base/jdk.internal.reflect.NativeMethodAccessorImpl.invoke0(Native Method)
	at java.base/jdk.internal.reflect.NativeMethodAccessorImpl.invoke(NativeMethodAccessorImpl.java:77)
	at java.base/jdk.internal.reflect.DelegatingMethodAccessorImpl.invoke(DelegatingMethodAccessorImpl.java:43)
)

22-10-2025T09:40:27 - [MESSAGE][PASSED] - Call Test Case 'Test Cases/Utility Scripts/TF Sign In' successfully

22-10-2025T09:40:27 - [TEST_STEP][PASSED] - click(findTestObject("TripFocus/Notifications/Notifications Tab")): Object: 'Object Repository/TripFocus/Notifications/Notifications Tab' is clicked on

22-10-2025T09:40:27 - [MESSAGE][PASSED] - Object: 'Object Repository/TripFocus/Notifications/Notifications Tab' is clicked on

22-10-2025T09:40:27 - [TEST_STEP][PASSED] - delay(6): Delayed 6 second(s)

22-10-2025T09:40:33 - [MESSAGE][PASSED] - Delayed 6 second(s)

22-10-2025T09:40:33 - [TEST_STEP][PASSED] - setText(findTestObject("TripFocus/Notifications/Search_txt"), "PN003110"): Text 'PN003110' is set on object 'Object Repository/TripFocus/Notifications/Search_txt'

22-10-2025T09:40:33 - [MESSAGE][PASSED] - Text 'PN003110' is set on object 'Object Repository/TripFocus/Notifications/Search_txt'

22-10-2025T09:40:33 - [TEST_STEP][PASSED] - delay(2): Delayed 2 second(s)

22-10-2025T09:40:35 - [MESSAGE][PASSED] - Delayed 2 second(s)

22-10-2025T09:40:35 - [TEST_STEP][PASSED] - if (verifyElementPresent(findTestObject("TripFocus/Notifications/Consignee Column"), 10, OPTIONAL) == true): com.kms.katalon.core.webui.exception.WebElementNotFoundException: Web element with id: 'Object Repository/TripFocus/Notifications/Consignee Column' located by '/html/body/div/div[2]/div/main/div/div[2]/div[3]/div/div/div[3]/div/div/table/tbody/tr/td[1]' not found (Root cause: com.kms.katalon.core.exception.StepFailedException: com.kms.katalon.core.webui.exception.WebElementNotFoundException: Web element with id: 'Object Repository/TripFocus/Notifications/Consignee Column' located by '/html/body/div/div[2]/div/main/div/div[2]/div[3]/div/div/div[3]/div/div/table/tbody/tr/td[1]' not found
	at com.kms.katalon.core.webui.keyword.internal.WebUIKeywordMain.stepFailed(WebUIKeywordMain.groovy:117)
	at com.kms.katalon.core.webui.keyword.builtin.VerifyElementPresentKeyword$_verifyElementPresent_closure1.doCall(VerifyElementPresentKeyword.groovy:85)
	at com.kms.katalon.core.webui.keyword.builtin.VerifyElementPresentKeyword$_verifyElementPresent_closure1.call(VerifyElementPresentKeyword.groovy)
	at com.kms.katalon.core.webui.keyword.internal.WebUIKeywordMain.runKeyword(WebUIKeywordMain.groovy:35)
	at com.kms.katalon.core.webui.keyword.builtin.VerifyElementPresentKeyword.verifyElementPresent(VerifyElementPresentKeyword.groovy:92)
	at com.kms.katalon.core.webui.keyword.builtin.VerifyElementPresentKeyword.execute(VerifyElementPresentKeyword.groovy:68)
	at com.kms.katalon.core.keyword.internal.KeywordExecutor.executeKeywordForPlatform(KeywordExecutor.groovy:74)
	at com.kms.katalon.core.webui.keyword.WebUiBuiltInKeywords.verifyElementPresent(WebUiBuiltInKeywords.groovy:1487)
	at com.kms.katalon.core.webui.keyword.WebUiBuiltInKeywords$verifyElementPresent$9.call(Unknown Source)
	at FDG - Filtering Notifications By Consignee.run(FDG - Filtering Notifications By Consignee:33)
	at com.kms.katalon.core.main.ScriptEngine.run(ScriptEngine.java:194)
	at com.kms.katalon.core.main.ScriptEngine.runScriptAsRawText(ScriptEngine.java:119)
	at com.kms.katalon.core.main.TestCaseExecutor.runScript(TestCaseExecutor.java:448)
	at com.kms.katalon.core.main.TestCaseExecutor.doExecute(TestCaseExecutor.java:439)
	at com.kms.katalon.core.main.TestCaseExecutor.processExecutionPhase(TestCaseExecutor.java:418)
	at com.kms.katalon.core.main.TestCaseExecutor.accessMainPhase(TestCaseExecutor.java:410)
	at com.kms.katalon.core.main.TestCaseExecutor.execute(TestCaseExecutor.java:285)
	at com.kms.katalon.core.common.CommonExecutor.accessTestCaseMainPhase(CommonExecutor.java:65)
	at com.kms.katalon.core.main.TestSuiteExecutor.accessTestSuiteMainPhase(TestSuiteExecutor.java:150)
	at com.kms.katalon.core.main.TestSuiteExecutor.execute(TestSuiteExecutor.java:106)
	at com.kms.katalon.core.main.TestCaseMain.startTestSuite(TestCaseMain.java:180)
	at com.kms.katalon.core.main.TestCaseMain$startTestSuite$0.call(Unknown Source)
	at TempTestSuite1761139051700.run(TempTestSuite1761139051700.groovy:35)
	at java.base/jdk.internal.reflect.NativeMethodAccessorImpl.invoke0(Native Method)
	at java.base/jdk.internal.reflect.NativeMethodAccessorImpl.invoke(NativeMethodAccessorImpl.java:77)
	at java.base/jdk.internal.reflect.DelegatingMethodAccessorImpl.invoke(DelegatingMethodAccessorImpl.java:43)
)

22-10-2025T09:40:46 - [MESSAGE][INFO] - Unable to find the element located by 'By.xpath: /html/body/div/div[2]/div/main/div/div[2]/div[3]/div/div/div[3]/div/div/table/tbody/tr/td[1]'. Please recheck the objects properties to make sure the desired element is located. 

22-10-2025T09:40:46 - [MESSAGE][WARNING] - com.kms.katalon.core.webui.exception.WebElementNotFoundException: Web element with id: 'Object Repository/TripFocus/Notifications/Consignee Column' located by '/html/body/div/div[2]/div/main/div/div[2]/div[3]/div/div/div[3]/div/div/table/tbody/tr/td[1]' not found (Root cause: com.kms.katalon.core.exception.StepFailedException: com.kms.katalon.core.webui.exception.WebElementNotFoundException: Web element with id: 'Object Repository/TripFocus/Notifications/Consignee Column' located by '/html/body/div/div[2]/div/main/div/div[2]/div[3]/div/div/div[3]/div/div/table/tbody/tr/td[1]' not found
	at com.kms.katalon.core.webui.keyword.internal.WebUIKeywordMain.stepFailed(WebUIKeywordMain.groovy:117)
	at com.kms.katalon.core.webui.keyword.builtin.VerifyElementPresentKeyword$_verifyElementPresent_closure1.doCall(VerifyElementPresentKeyword.groovy:85)
	at com.kms.katalon.core.webui.keyword.builtin.VerifyElementPresentKeyword$_verifyElementPresent_closure1.call(VerifyElementPresentKeyword.groovy)
	at com.kms.katalon.core.webui.keyword.internal.WebUIKeywordMain.runKeyword(WebUIKeywordMain.groovy:35)
	at com.kms.katalon.core.webui.keyword.builtin.VerifyElementPresentKeyword.verifyElementPresent(VerifyElementPresentKeyword.groovy:92)
	at com.kms.katalon.core.webui.keyword.builtin.VerifyElementPresentKeyword.execute(VerifyElementPresentKeyword.groovy:68)
	at com.kms.katalon.core.keyword.internal.KeywordExecutor.executeKeywordForPlatform(KeywordExecutor.groovy:74)
	at com.kms.katalon.core.webui.keyword.WebUiBuiltInKeywords.verifyElementPresent(WebUiBuiltInKeywords.groovy:1487)
	at com.kms.katalon.core.webui.keyword.WebUiBuiltInKeywords$verifyElementPresent$9.call(Unknown Source)
	at FDG - Filtering Notifications By Consignee.run(FDG - Filtering Notifications By Consignee:33)
	at com.kms.katalon.core.main.ScriptEngine.run(ScriptEngine.java:194)
	at com.kms.katalon.core.main.ScriptEngine.runScriptAsRawText(ScriptEngine.java:119)
	at com.kms.katalon.core.main.TestCaseExecutor.runScript(TestCaseExecutor.java:448)
	at com.kms.katalon.core.main.TestCaseExecutor.doExecute(TestCaseExecutor.java:439)
	at com.kms.katalon.core.main.TestCaseExecutor.processExecutionPhase(TestCaseExecutor.java:418)
	at com.kms.katalon.core.main.TestCaseExecutor.accessMainPhase(TestCaseExecutor.java:410)
	at com.kms.katalon.core.main.TestCaseExecutor.execute(TestCaseExecutor.java:285)
	at com.kms.katalon.core.common.CommonExecutor.accessTestCaseMainPhase(CommonExecutor.java:65)
	at com.kms.katalon.core.main.TestSuiteExecutor.accessTestSuiteMainPhase(TestSuiteExecutor.java:150)
	at com.kms.katalon.core.main.TestSuiteExecutor.execute(TestSuiteExecutor.java:106)
	at com.kms.katalon.core.main.TestCaseMain.startTestSuite(TestCaseMain.java:180)
	at com.kms.katalon.core.main.TestCaseMain$startTestSuite$0.call(Unknown Source)
	at TempTestSuite1761139051700.run(TempTestSuite1761139051700.groovy:35)
	at java.base/jdk.internal.reflect.NativeMethodAccessorImpl.invoke0(Native Method)
	at java.base/jdk.internal.reflect.NativeMethodAccessorImpl.invoke(NativeMethodAccessorImpl.java:77)
	at java.base/jdk.internal.reflect.DelegatingMethodAccessorImpl.invoke(DelegatingMethodAccessorImpl.java:43)
)

22-10-2025T09:40:46 - [TEST_STEP][PASSED] - else: Browser is closed

22-10-2025T09:40:46 - [TEST_STEP][PASSED] - closeBrowser(): Browser is closed

22-10-2025T09:40:46 - [MESSAGE][PASSED] - Browser is closed

22-10-2025T09:40:46 - [TEST_STEP][PASSED] - closeBrowser(): Browser is closed

22-10-2025T09:40:46 - [MESSAGE][PASSED] - Browser is closed

22-10-2025T09:40:46 - [TEST_STEP][PASSED] - Start listener action : retryOnDisconnect: null

22-10-2025T09:40:46 - [TEST_STEP][PASSED] - tcId = testCaseContext.getTestCaseId(): null

22-10-2025T09:40:46 - [TEST_STEP][PASSED] - currentRetry = retryCounts.getOrDefault(tcId, 0): null

22-10-2025T09:40:46 - [TEST_STEP][PASSED] - if (testCaseContext.getTestCaseStatus() == "FAILED" && currentRetry < MAX_RETRIES): null]]></system-out>
         <system-err><![CDATA[]]></system-err>
      </testcase>
      <testcase name="Test Cases/TripFocus/FDG/FDG - Notification/FDG - Filtering Notifications By Event" time="51.296" classname="Test Cases/TripFocus/FDG/FDG - Notification/FDG - Filtering Notifications By Event" status="PASSED">
         <system-out><![CDATA[22-10-2025T09:40:46 - [TEST_CASE][PASSED] - Test Cases/TripFocus/FDG/FDG - Notification/FDG - Filtering Notifications By Event: Test Cases/TripFocus/FDG/FDG - Notification/FDG - Filtering Notifications By Event

22-10-2025T09:40:46 - [TEST_STEP][PASSED] - Start listener action : beforeTestCase: null

22-10-2025T09:40:46 - [TEST_STEP][PASSED] - addDefaultPackages(): null

22-10-2025T09:40:46 - [TEST_STEP][PASSED] - callTestCase(findTestCase("Utility Scripts/Open Browser"), ["destinationURL":TFBaseURL], STOP_ON_FAILURE): Call Test Case 'Test Cases/Utility Scripts/Open Browser' successfully

22-10-2025T09:40:46 - [TEST_CASE][PASSED] - Test Cases/Utility Scripts/Open Browser: Test Cases/Utility Scripts/Open Browser

22-10-2025T09:40:46 - [TEST_STEP][PASSED] - openBrowser(""): Browser is opened with url: ''

22-10-2025T09:40:46 - [MESSAGE][INFO] - Starting 'Chrome' driver

22-10-2025T09:40:46 - [MESSAGE][INFO] - User set preference: ['args', '[--no-sandbox, --disable-gpu, --disable-dev-shm-usage]']

22-10-2025T09:40:46 - [MESSAGE][INFO] - Action delay is set to 0 milliseconds

22-10-2025T09:40:47 - [MESSAGE][PASSED] - Browser is opened with url: ''

22-10-2025T09:40:47 - [TEST_STEP][PASSED] - navigateToUrl(destinationURL): Navigate to 'https://www.qa.tripfocus.com' successfully

22-10-2025T09:40:48 - [MESSAGE][PASSED] - Navigate to 'https://www.qa.tripfocus.com' successfully

22-10-2025T09:40:48 - [TEST_STEP][PASSED] - if (maximizeWindow == true): Current window maximized

22-10-2025T09:40:48 - [TEST_STEP][PASSED] - maximizeWindow(STOP_ON_FAILURE): Current window maximized

22-10-2025T09:40:48 - [MESSAGE][PASSED] - Current window maximized

22-10-2025T09:40:48 - [MESSAGE][PASSED] - Call Test Case 'Test Cases/Utility Scripts/Open Browser' successfully

22-10-2025T09:40:48 - [TEST_STEP][PASSED] - callTestCase(findTestCase("Utility Scripts/TF Sign In"), ["userName":TripFocusPenskeFDGUsername, "password":TripFocusFDGSPGPassword], STOP_ON_FAILURE): Call Test Case 'Test Cases/Utility Scripts/TF Sign In' successfully

22-10-2025T09:40:48 - [TEST_CASE][PASSED] - Test Cases/Utility Scripts/TF Sign In: Test Cases/Utility Scripts/TF Sign In

22-10-2025T09:40:48 - [TEST_STEP][PASSED] - click(findTestObject("Object Repository/TripFocus/Page_TripFocus/button_Sign in")): Object: 'Object Repository/TripFocus/Page_TripFocus/button_Sign in' is clicked on

22-10-2025T09:40:48 - [MESSAGE][PASSED] - Object: 'Object Repository/TripFocus/Page_TripFocus/button_Sign in' is clicked on

22-10-2025T09:40:48 - [TEST_STEP][PASSED] - setText(findTestObject("Object Repository/TripFocus/Page_TripFocus/input_Username (e.g. email address)_Username"), userName): Text 'Ashford.Chenault+PenskeCustomerFDGONLY@thekag.com' is set on object 'Object Repository/TripFocus/Page_TripFocus/input_Username (e.g. email address)_Username'

22-10-2025T09:40:49 - [MESSAGE][PASSED] - Text 'Ashford.Chenault+PenskeCustomerFDGONLY@thekag.com' is set on object 'Object Repository/TripFocus/Page_TripFocus/input_Username (e.g. email address)_Username'

22-10-2025T09:40:49 - [TEST_STEP][PASSED] - setText(findTestObject("Object Repository/TripFocus/Page_TripFocus/input_Password_Password"), password): Text 'CrashBan911!!' is set on object 'Object Repository/TripFocus/Page_TripFocus/input_Password_Password'

22-10-2025T09:40:49 - [MESSAGE][PASSED] - Text 'CrashBan911!!' is set on object 'Object Repository/TripFocus/Page_TripFocus/input_Password_Password'

22-10-2025T09:40:49 - [TEST_STEP][PASSED] - click(findTestObject("Object Repository/TripFocus/Page_TripFocus/button_Login")): Object: 'Object Repository/TripFocus/Page_TripFocus/button_Login' is clicked on

22-10-2025T09:40:50 - [MESSAGE][PASSED] - Object: 'Object Repository/TripFocus/Page_TripFocus/button_Login' is clicked on

22-10-2025T09:40:50 - [TEST_STEP][PASSED] - maximizeWindow(): Current window maximized

22-10-2025T09:40:50 - [MESSAGE][PASSED] - Current window maximized

22-10-2025T09:40:50 - [TEST_STEP][PASSED] - waitForElementVisible(findTestObject("TripFocus/Testing_Notification_btn"), 5, OPTIONAL): Web element with id: 'Object Repository/TripFocus/Testing_Notification_btn' located by '//*[@id="__BVID__10___BV_modal_footer_"]/button' not found

22-10-2025T09:40:56 - [MESSAGE][INFO] - Unable to find the element located by 'By.xpath: //*[@id="__BVID__10___BV_modal_footer_"]/button'. Please recheck the objects properties to make sure the desired element is located. 

22-10-2025T09:40:56 - [MESSAGE][WARNING] - [SELF-HEALING] Failed to find element with id 'Object Repository/TripFocus/Testing_Notification_btn'. Try using Self-healing.

22-10-2025T09:40:57 - [MESSAGE][INFO] - [SELF-HEALING] No working XPath is found.

22-10-2025T09:40:59 - [MESSAGE][INFO] - Unable to find the element located by 'By.xpath: '. Please recheck the objects properties to make sure the desired element is located. 

22-10-2025T09:40:59 - [MESSAGE][WARNING] - [SELF-HEALING] Cannot find elements when the selector is null

22-10-2025T09:40:59 - [MESSAGE][WARNING] - Web element with id: 'Object Repository/TripFocus/Testing_Notification_btn' located by '//*[@id="__BVID__10___BV_modal_footer_"]/button' not found

22-10-2025T09:40:59 - [TEST_STEP][PASSED] - if (verifyElementVisible(findTestObject("TripFocus/Testing_Notification_btn"), OPTIONAL) == true): Web element with id: 'Object Repository/TripFocus/Testing_Notification_btn' located by '//*[@id="__BVID__10___BV_modal_footer_"]/button' not found (Root cause: com.kms.katalon.core.exception.StepFailedException: Web element with id: 'Object Repository/TripFocus/Testing_Notification_btn' located by '//*[@id="__BVID__10___BV_modal_footer_"]/button' not found
	at com.kms.katalon.core.webui.keyword.internal.WebUIKeywordMain.stepFailed(WebUIKeywordMain.groovy:117)
	at com.kms.katalon.core.webui.keyword.builtin.VerifyElementVisibleKeyword$_verifyElementVisible_closure1.doCall(VerifyElementVisibleKeyword.groovy:89)
	at com.kms.katalon.core.webui.keyword.builtin.VerifyElementVisibleKeyword$_verifyElementVisible_closure1.call(VerifyElementVisibleKeyword.groovy)
	at com.kms.katalon.core.webui.keyword.internal.WebUIKeywordMain.runKeyword(WebUIKeywordMain.groovy:35)
	at com.kms.katalon.core.webui.keyword.builtin.VerifyElementVisibleKeyword.verifyElementVisible(VerifyElementVisibleKeyword.groovy:97)
	at com.kms.katalon.core.webui.keyword.builtin.VerifyElementVisibleKeyword.execute(VerifyElementVisibleKeyword.groovy:67)
	at com.kms.katalon.core.keyword.internal.KeywordExecutor.executeKeywordForPlatform(KeywordExecutor.groovy:74)
	at com.kms.katalon.core.webui.keyword.WebUiBuiltInKeywords.verifyElementVisible(WebUiBuiltInKeywords.groovy:401)
	at com.kms.katalon.core.webui.keyword.WebUiBuiltInKeywords$verifyElementVisible$6.call(Unknown Source)
	at TF Sign In.run(TF Sign In:33)
	at com.kms.katalon.core.main.ScriptEngine.run(ScriptEngine.java:194)
	at com.kms.katalon.core.main.ScriptEngine.runScriptAsRawText(ScriptEngine.java:119)
	at com.kms.katalon.core.main.TestCaseExecutor.runScript(TestCaseExecutor.java:448)
	at com.kms.katalon.core.main.TestCaseExecutor.doExecute(TestCaseExecutor.java:439)
	at com.kms.katalon.core.main.TestCaseExecutor.processExecutionPhase(TestCaseExecutor.java:418)
	at com.kms.katalon.core.main.TestCaseExecutor.accessMainPhase(TestCaseExecutor.java:410)
	at com.kms.katalon.core.main.TestCaseExecutor.execute(TestCaseExecutor.java:285)
	at com.kms.katalon.core.main.TestCaseMain.runTestCase(TestCaseMain.java:137)
	at com.kms.katalon.core.keyword.builtin.CallTestCaseKeyword$_callTestCase_closure1.doCall(CallTestCaseKeyword.groovy:59)
	at com.kms.katalon.core.keyword.builtin.CallTestCaseKeyword$_callTestCase_closure1.call(CallTestCaseKeyword.groovy)
	at com.kms.katalon.core.keyword.internal.KeywordMain.runKeyword(KeywordMain.groovy:75)
	at com.kms.katalon.core.keyword.builtin.CallTestCaseKeyword.callTestCase(CallTestCaseKeyword.groovy:81)
	at com.kms.katalon.core.keyword.builtin.CallTestCaseKeyword.execute(CallTestCaseKeyword.groovy:44)
	at com.kms.katalon.core.keyword.internal.KeywordExecutor.executeKeywordForPlatform(KeywordExecutor.groovy:74)
	at com.kms.katalon.core.keyword.BuiltinKeywords.callTestCase(BuiltinKeywords.groovy:310)
	at jdk.internal.reflect.GeneratedMethodAccessor33.invoke(Unknown Source)
	at java.base/jdk.internal.reflect.DelegatingMethodAccessorImpl.invoke(DelegatingMethodAccessorImpl.java:43)
	at FDG - Filtering Notifications By Event.run(FDG - Filtering Notifications By Event:24)
	at com.kms.katalon.core.main.ScriptEngine.run(ScriptEngine.java:194)
	at com.kms.katalon.core.main.ScriptEngine.runScriptAsRawText(ScriptEngine.java:119)
	at com.kms.katalon.core.main.TestCaseExecutor.runScript(TestCaseExecutor.java:448)
	at com.kms.katalon.core.main.TestCaseExecutor.doExecute(TestCaseExecutor.java:439)
	at com.kms.katalon.core.main.TestCaseExecutor.processExecutionPhase(TestCaseExecutor.java:418)
	at com.kms.katalon.core.main.TestCaseExecutor.accessMainPhase(TestCaseExecutor.java:410)
	at com.kms.katalon.core.main.TestCaseExecutor.execute(TestCaseExecutor.java:285)
	at com.kms.katalon.core.common.CommonExecutor.accessTestCaseMainPhase(CommonExecutor.java:65)
	at com.kms.katalon.core.main.TestSuiteExecutor.accessTestSuiteMainPhase(TestSuiteExecutor.java:150)
	at com.kms.katalon.core.main.TestSuiteExecutor.execute(TestSuiteExecutor.java:106)
	at com.kms.katalon.core.main.TestCaseMain.startTestSuite(TestCaseMain.java:180)
	at com.kms.katalon.core.main.TestCaseMain$startTestSuite$0.call(Unknown Source)
	at TempTestSuite1761139051700.run(TempTestSuite1761139051700.groovy:35)
	at java.base/jdk.internal.reflect.NativeMethodAccessorImpl.invoke0(Native Method)
	at java.base/jdk.internal.reflect.NativeMethodAccessorImpl.invoke(NativeMethodAccessorImpl.java:77)
	at java.base/jdk.internal.reflect.DelegatingMethodAccessorImpl.invoke(DelegatingMethodAccessorImpl.java:43)
)

22-10-2025T09:41:15 - [MESSAGE][INFO] - Unable to find the element located by 'By.xpath: //*[@id="__BVID__10___BV_modal_footer_"]/button'. Please recheck the objects properties to make sure the desired element is located. 

22-10-2025T09:41:15 - [MESSAGE][WARNING] - [SELF-HEALING] Failed to find element with id 'Object Repository/TripFocus/Testing_Notification_btn'. Try using Self-healing.

22-10-2025T09:41:16 - [MESSAGE][INFO] - [SELF-HEALING] No working XPath is found.

22-10-2025T09:41:18 - [MESSAGE][INFO] - Unable to find the element located by 'By.xpath: '. Please recheck the objects properties to make sure the desired element is located. 

22-10-2025T09:41:18 - [MESSAGE][WARNING] - [SELF-HEALING] Cannot find elements when the selector is null

22-10-2025T09:41:18 - [MESSAGE][WARNING] - Web element with id: 'Object Repository/TripFocus/Testing_Notification_btn' located by '//*[@id="__BVID__10___BV_modal_footer_"]/button' not found (Root cause: com.kms.katalon.core.exception.StepFailedException: Web element with id: 'Object Repository/TripFocus/Testing_Notification_btn' located by '//*[@id="__BVID__10___BV_modal_footer_"]/button' not found
	at com.kms.katalon.core.webui.keyword.internal.WebUIKeywordMain.stepFailed(WebUIKeywordMain.groovy:117)
	at com.kms.katalon.core.webui.keyword.builtin.VerifyElementVisibleKeyword$_verifyElementVisible_closure1.doCall(VerifyElementVisibleKeyword.groovy:89)
	at com.kms.katalon.core.webui.keyword.builtin.VerifyElementVisibleKeyword$_verifyElementVisible_closure1.call(VerifyElementVisibleKeyword.groovy)
	at com.kms.katalon.core.webui.keyword.internal.WebUIKeywordMain.runKeyword(WebUIKeywordMain.groovy:35)
	at com.kms.katalon.core.webui.keyword.builtin.VerifyElementVisibleKeyword.verifyElementVisible(VerifyElementVisibleKeyword.groovy:97)
	at com.kms.katalon.core.webui.keyword.builtin.VerifyElementVisibleKeyword.execute(VerifyElementVisibleKeyword.groovy:67)
	at com.kms.katalon.core.keyword.internal.KeywordExecutor.executeKeywordForPlatform(KeywordExecutor.groovy:74)
	at com.kms.katalon.core.webui.keyword.WebUiBuiltInKeywords.verifyElementVisible(WebUiBuiltInKeywords.groovy:401)
	at com.kms.katalon.core.webui.keyword.WebUiBuiltInKeywords$verifyElementVisible$6.call(Unknown Source)
	at TF Sign In.run(TF Sign In:33)
	at com.kms.katalon.core.main.ScriptEngine.run(ScriptEngine.java:194)
	at com.kms.katalon.core.main.ScriptEngine.runScriptAsRawText(ScriptEngine.java:119)
	at com.kms.katalon.core.main.TestCaseExecutor.runScript(TestCaseExecutor.java:448)
	at com.kms.katalon.core.main.TestCaseExecutor.doExecute(TestCaseExecutor.java:439)
	at com.kms.katalon.core.main.TestCaseExecutor.processExecutionPhase(TestCaseExecutor.java:418)
	at com.kms.katalon.core.main.TestCaseExecutor.accessMainPhase(TestCaseExecutor.java:410)
	at com.kms.katalon.core.main.TestCaseExecutor.execute(TestCaseExecutor.java:285)
	at com.kms.katalon.core.main.TestCaseMain.runTestCase(TestCaseMain.java:137)
	at com.kms.katalon.core.keyword.builtin.CallTestCaseKeyword$_callTestCase_closure1.doCall(CallTestCaseKeyword.groovy:59)
	at com.kms.katalon.core.keyword.builtin.CallTestCaseKeyword$_callTestCase_closure1.call(CallTestCaseKeyword.groovy)
	at com.kms.katalon.core.keyword.internal.KeywordMain.runKeyword(KeywordMain.groovy:75)
	at com.kms.katalon.core.keyword.builtin.CallTestCaseKeyword.callTestCase(CallTestCaseKeyword.groovy:81)
	at com.kms.katalon.core.keyword.builtin.CallTestCaseKeyword.execute(CallTestCaseKeyword.groovy:44)
	at com.kms.katalon.core.keyword.internal.KeywordExecutor.executeKeywordForPlatform(KeywordExecutor.groovy:74)
	at com.kms.katalon.core.keyword.BuiltinKeywords.callTestCase(BuiltinKeywords.groovy:310)
	at jdk.internal.reflect.GeneratedMethodAccessor33.invoke(Unknown Source)
	at java.base/jdk.internal.reflect.DelegatingMethodAccessorImpl.invoke(DelegatingMethodAccessorImpl.java:43)
	at FDG - Filtering Notifications By Event.run(FDG - Filtering Notifications By Event:24)
	at com.kms.katalon.core.main.ScriptEngine.run(ScriptEngine.java:194)
	at com.kms.katalon.core.main.ScriptEngine.runScriptAsRawText(ScriptEngine.java:119)
	at com.kms.katalon.core.main.TestCaseExecutor.runScript(TestCaseExecutor.java:448)
	at com.kms.katalon.core.main.TestCaseExecutor.doExecute(TestCaseExecutor.java:439)
	at com.kms.katalon.core.main.TestCaseExecutor.processExecutionPhase(TestCaseExecutor.java:418)
	at com.kms.katalon.core.main.TestCaseExecutor.accessMainPhase(TestCaseExecutor.java:410)
	at com.kms.katalon.core.main.TestCaseExecutor.execute(TestCaseExecutor.java:285)
	at com.kms.katalon.core.common.CommonExecutor.accessTestCaseMainPhase(CommonExecutor.java:65)
	at com.kms.katalon.core.main.TestSuiteExecutor.accessTestSuiteMainPhase(TestSuiteExecutor.java:150)
	at com.kms.katalon.core.main.TestSuiteExecutor.execute(TestSuiteExecutor.java:106)
	at com.kms.katalon.core.main.TestCaseMain.startTestSuite(TestCaseMain.java:180)
	at com.kms.katalon.core.main.TestCaseMain$startTestSuite$0.call(Unknown Source)
	at TempTestSuite1761139051700.run(TempTestSuite1761139051700.groovy:35)
	at java.base/jdk.internal.reflect.NativeMethodAccessorImpl.invoke0(Native Method)
	at java.base/jdk.internal.reflect.NativeMethodAccessorImpl.invoke(NativeMethodAccessorImpl.java:77)
	at java.base/jdk.internal.reflect.DelegatingMethodAccessorImpl.invoke(DelegatingMethodAccessorImpl.java:43)
)

22-10-2025T09:41:18 - [MESSAGE][PASSED] - Call Test Case 'Test Cases/Utility Scripts/TF Sign In' successfully

22-10-2025T09:41:18 - [TEST_STEP][PASSED] - click(findTestObject("TripFocus/Notifications/Notifications Tab")): Object: 'Object Repository/TripFocus/Notifications/Notifications Tab' is clicked on

22-10-2025T09:41:18 - [MESSAGE][PASSED] - Object: 'Object Repository/TripFocus/Notifications/Notifications Tab' is clicked on

22-10-2025T09:41:18 - [TEST_STEP][PASSED] - delay(6): Delayed 6 second(s)

22-10-2025T09:41:24 - [MESSAGE][PASSED] - Delayed 6 second(s)

22-10-2025T09:41:24 - [TEST_STEP][PASSED] - setText(findTestObject("TripFocus/Notifications/Search_txt"), "Order Planned"): Text 'Order Planned' is set on object 'Object Repository/TripFocus/Notifications/Search_txt'

22-10-2025T09:41:24 - [MESSAGE][PASSED] - Text 'Order Planned' is set on object 'Object Repository/TripFocus/Notifications/Search_txt'

22-10-2025T09:41:24 - [TEST_STEP][PASSED] - delay(2): Delayed 2 second(s)

22-10-2025T09:41:26 - [MESSAGE][PASSED] - Delayed 2 second(s)

22-10-2025T09:41:26 - [TEST_STEP][PASSED] - if (verifyElementPresent(findTestObject("TripFocus/Notifications/Events Column"), 10, OPTIONAL) == true): com.kms.katalon.core.webui.exception.WebElementNotFoundException: Web element with id: 'Object Repository/TripFocus/Notifications/Events Column' located by '/html/body/div/div[2]/div/main/div/div[2]/div[3]/div/div/div[3]/div/div/table/tbody/tr/td[4]' not found (Root cause: com.kms.katalon.core.exception.StepFailedException: com.kms.katalon.core.webui.exception.WebElementNotFoundException: Web element with id: 'Object Repository/TripFocus/Notifications/Events Column' located by '/html/body/div/div[2]/div/main/div/div[2]/div[3]/div/div/div[3]/div/div/table/tbody/tr/td[4]' not found
	at com.kms.katalon.core.webui.keyword.internal.WebUIKeywordMain.stepFailed(WebUIKeywordMain.groovy:117)
	at com.kms.katalon.core.webui.keyword.builtin.VerifyElementPresentKeyword$_verifyElementPresent_closure1.doCall(VerifyElementPresentKeyword.groovy:85)
	at com.kms.katalon.core.webui.keyword.builtin.VerifyElementPresentKeyword$_verifyElementPresent_closure1.call(VerifyElementPresentKeyword.groovy)
	at com.kms.katalon.core.webui.keyword.internal.WebUIKeywordMain.runKeyword(WebUIKeywordMain.groovy:35)
	at com.kms.katalon.core.webui.keyword.builtin.VerifyElementPresentKeyword.verifyElementPresent(VerifyElementPresentKeyword.groovy:92)
	at com.kms.katalon.core.webui.keyword.builtin.VerifyElementPresentKeyword.execute(VerifyElementPresentKeyword.groovy:68)
	at com.kms.katalon.core.keyword.internal.KeywordExecutor.executeKeywordForPlatform(KeywordExecutor.groovy:74)
	at com.kms.katalon.core.webui.keyword.WebUiBuiltInKeywords.verifyElementPresent(WebUiBuiltInKeywords.groovy:1487)
	at com.kms.katalon.core.webui.keyword.WebUiBuiltInKeywords$verifyElementPresent$9.call(Unknown Source)
	at FDG - Filtering Notifications By Event.run(FDG - Filtering Notifications By Event:35)
	at com.kms.katalon.core.main.ScriptEngine.run(ScriptEngine.java:194)
	at com.kms.katalon.core.main.ScriptEngine.runScriptAsRawText(ScriptEngine.java:119)
	at com.kms.katalon.core.main.TestCaseExecutor.runScript(TestCaseExecutor.java:448)
	at com.kms.katalon.core.main.TestCaseExecutor.doExecute(TestCaseExecutor.java:439)
	at com.kms.katalon.core.main.TestCaseExecutor.processExecutionPhase(TestCaseExecutor.java:418)
	at com.kms.katalon.core.main.TestCaseExecutor.accessMainPhase(TestCaseExecutor.java:410)
	at com.kms.katalon.core.main.TestCaseExecutor.execute(TestCaseExecutor.java:285)
	at com.kms.katalon.core.common.CommonExecutor.accessTestCaseMainPhase(CommonExecutor.java:65)
	at com.kms.katalon.core.main.TestSuiteExecutor.accessTestSuiteMainPhase(TestSuiteExecutor.java:150)
	at com.kms.katalon.core.main.TestSuiteExecutor.execute(TestSuiteExecutor.java:106)
	at com.kms.katalon.core.main.TestCaseMain.startTestSuite(TestCaseMain.java:180)
	at com.kms.katalon.core.main.TestCaseMain$startTestSuite$0.call(Unknown Source)
	at TempTestSuite1761139051700.run(TempTestSuite1761139051700.groovy:35)
	at java.base/jdk.internal.reflect.NativeMethodAccessorImpl.invoke0(Native Method)
	at java.base/jdk.internal.reflect.NativeMethodAccessorImpl.invoke(NativeMethodAccessorImpl.java:77)
	at java.base/jdk.internal.reflect.DelegatingMethodAccessorImpl.invoke(DelegatingMethodAccessorImpl.java:43)
)

22-10-2025T09:41:37 - [MESSAGE][INFO] - Unable to find the element located by 'By.xpath: /html/body/div/div[2]/div/main/div/div[2]/div[3]/div/div/div[3]/div/div/table/tbody/tr/td[4]'. Please recheck the objects properties to make sure the desired element is located. 

22-10-2025T09:41:37 - [MESSAGE][WARNING] - com.kms.katalon.core.webui.exception.WebElementNotFoundException: Web element with id: 'Object Repository/TripFocus/Notifications/Events Column' located by '/html/body/div/div[2]/div/main/div/div[2]/div[3]/div/div/div[3]/div/div/table/tbody/tr/td[4]' not found (Root cause: com.kms.katalon.core.exception.StepFailedException: com.kms.katalon.core.webui.exception.WebElementNotFoundException: Web element with id: 'Object Repository/TripFocus/Notifications/Events Column' located by '/html/body/div/div[2]/div/main/div/div[2]/div[3]/div/div/div[3]/div/div/table/tbody/tr/td[4]' not found
	at com.kms.katalon.core.webui.keyword.internal.WebUIKeywordMain.stepFailed(WebUIKeywordMain.groovy:117)
	at com.kms.katalon.core.webui.keyword.builtin.VerifyElementPresentKeyword$_verifyElementPresent_closure1.doCall(VerifyElementPresentKeyword.groovy:85)
	at com.kms.katalon.core.webui.keyword.builtin.VerifyElementPresentKeyword$_verifyElementPresent_closure1.call(VerifyElementPresentKeyword.groovy)
	at com.kms.katalon.core.webui.keyword.internal.WebUIKeywordMain.runKeyword(WebUIKeywordMain.groovy:35)
	at com.kms.katalon.core.webui.keyword.builtin.VerifyElementPresentKeyword.verifyElementPresent(VerifyElementPresentKeyword.groovy:92)
	at com.kms.katalon.core.webui.keyword.builtin.VerifyElementPresentKeyword.execute(VerifyElementPresentKeyword.groovy:68)
	at com.kms.katalon.core.keyword.internal.KeywordExecutor.executeKeywordForPlatform(KeywordExecutor.groovy:74)
	at com.kms.katalon.core.webui.keyword.WebUiBuiltInKeywords.verifyElementPresent(WebUiBuiltInKeywords.groovy:1487)
	at com.kms.katalon.core.webui.keyword.WebUiBuiltInKeywords$verifyElementPresent$9.call(Unknown Source)
	at FDG - Filtering Notifications By Event.run(FDG - Filtering Notifications By Event:35)
	at com.kms.katalon.core.main.ScriptEngine.run(ScriptEngine.java:194)
	at com.kms.katalon.core.main.ScriptEngine.runScriptAsRawText(ScriptEngine.java:119)
	at com.kms.katalon.core.main.TestCaseExecutor.runScript(TestCaseExecutor.java:448)
	at com.kms.katalon.core.main.TestCaseExecutor.doExecute(TestCaseExecutor.java:439)
	at com.kms.katalon.core.main.TestCaseExecutor.processExecutionPhase(TestCaseExecutor.java:418)
	at com.kms.katalon.core.main.TestCaseExecutor.accessMainPhase(TestCaseExecutor.java:410)
	at com.kms.katalon.core.main.TestCaseExecutor.execute(TestCaseExecutor.java:285)
	at com.kms.katalon.core.common.CommonExecutor.accessTestCaseMainPhase(CommonExecutor.java:65)
	at com.kms.katalon.core.main.TestSuiteExecutor.accessTestSuiteMainPhase(TestSuiteExecutor.java:150)
	at com.kms.katalon.core.main.TestSuiteExecutor.execute(TestSuiteExecutor.java:106)
	at com.kms.katalon.core.main.TestCaseMain.startTestSuite(TestCaseMain.java:180)
	at com.kms.katalon.core.main.TestCaseMain$startTestSuite$0.call(Unknown Source)
	at TempTestSuite1761139051700.run(TempTestSuite1761139051700.groovy:35)
	at java.base/jdk.internal.reflect.NativeMethodAccessorImpl.invoke0(Native Method)
	at java.base/jdk.internal.reflect.NativeMethodAccessorImpl.invoke(NativeMethodAccessorImpl.java:77)
	at java.base/jdk.internal.reflect.DelegatingMethodAccessorImpl.invoke(DelegatingMethodAccessorImpl.java:43)
)

22-10-2025T09:41:37 - [TEST_STEP][PASSED] - else: Browser is closed

22-10-2025T09:41:37 - [TEST_STEP][PASSED] - closeBrowser(): Browser is closed

22-10-2025T09:41:37 - [MESSAGE][PASSED] - Browser is closed

22-10-2025T09:41:37 - [TEST_STEP][PASSED] - closeBrowser(): Browser is closed

22-10-2025T09:41:37 - [MESSAGE][PASSED] - Browser is closed

22-10-2025T09:41:37 - [TEST_STEP][PASSED] - Start listener action : retryOnDisconnect: null

22-10-2025T09:41:37 - [TEST_STEP][PASSED] - tcId = testCaseContext.getTestCaseId(): null

22-10-2025T09:41:37 - [TEST_STEP][PASSED] - currentRetry = retryCounts.getOrDefault(tcId, 0): null

22-10-2025T09:41:37 - [TEST_STEP][PASSED] - if (testCaseContext.getTestCaseStatus() == "FAILED" && currentRetry < MAX_RETRIES): null]]></system-out>
         <system-err><![CDATA[]]></system-err>
      </testcase>
      <testcase name="Test Cases/TripFocus/FDG/FDG - Notification/FDG - Filtering Notifications By Send To Column" time="59.662" classname="Test Cases/TripFocus/FDG/FDG - Notification/FDG - Filtering Notifications By Send To Column" status="PASSED">
         <system-out><![CDATA[22-10-2025T09:41:37 - [TEST_CASE][PASSED] - Test Cases/TripFocus/FDG/FDG - Notification/FDG - Filtering Notifications By Send To Column: Test Cases/TripFocus/FDG/FDG - Notification/FDG - Filtering Notifications By Send To Column

22-10-2025T09:41:37 - [TEST_STEP][PASSED] - Start listener action : beforeTestCase: null

22-10-2025T09:41:37 - [TEST_STEP][PASSED] - addDefaultPackages(): null

22-10-2025T09:41:37 - [TEST_STEP][PASSED] - callTestCase(findTestCase("Utility Scripts/Open Browser"), ["destinationURL":TFBaseURL], STOP_ON_FAILURE): Call Test Case 'Test Cases/Utility Scripts/Open Browser' successfully

22-10-2025T09:41:38 - [TEST_CASE][PASSED] - Test Cases/Utility Scripts/Open Browser: Test Cases/Utility Scripts/Open Browser

22-10-2025T09:41:38 - [TEST_STEP][PASSED] - openBrowser(""): Browser is opened with url: ''

22-10-2025T09:41:38 - [MESSAGE][INFO] - Starting 'Chrome' driver

22-10-2025T09:41:38 - [MESSAGE][INFO] - User set preference: ['args', '[--no-sandbox, --disable-gpu, --disable-dev-shm-usage]']

22-10-2025T09:41:38 - [MESSAGE][INFO] - Action delay is set to 0 milliseconds

22-10-2025T09:41:38 - [MESSAGE][PASSED] - Browser is opened with url: ''

22-10-2025T09:41:38 - [TEST_STEP][PASSED] - navigateToUrl(destinationURL): Navigate to 'https://www.qa.tripfocus.com' successfully

22-10-2025T09:41:39 - [MESSAGE][PASSED] - Navigate to 'https://www.qa.tripfocus.com' successfully

22-10-2025T09:41:39 - [TEST_STEP][PASSED] - if (maximizeWindow == true): Current window maximized

22-10-2025T09:41:39 - [TEST_STEP][PASSED] - maximizeWindow(STOP_ON_FAILURE): Current window maximized

22-10-2025T09:41:39 - [MESSAGE][PASSED] - Current window maximized

22-10-2025T09:41:39 - [MESSAGE][PASSED] - Call Test Case 'Test Cases/Utility Scripts/Open Browser' successfully

22-10-2025T09:41:39 - [TEST_STEP][PASSED] - callTestCase(findTestCase("Utility Scripts/TF Sign In"), ["userName":TripFocusPenskeFDGUsername, "password":TripFocusFDGSPGPassword], STOP_ON_FAILURE): Call Test Case 'Test Cases/Utility Scripts/TF Sign In' successfully

22-10-2025T09:41:39 - [TEST_CASE][PASSED] - Test Cases/Utility Scripts/TF Sign In: Test Cases/Utility Scripts/TF Sign In

22-10-2025T09:41:39 - [TEST_STEP][PASSED] - click(findTestObject("Object Repository/TripFocus/Page_TripFocus/button_Sign in")): Object: 'Object Repository/TripFocus/Page_TripFocus/button_Sign in' is clicked on

22-10-2025T09:41:39 - [MESSAGE][PASSED] - Object: 'Object Repository/TripFocus/Page_TripFocus/button_Sign in' is clicked on

22-10-2025T09:41:39 - [TEST_STEP][PASSED] - setText(findTestObject("Object Repository/TripFocus/Page_TripFocus/input_Username (e.g. email address)_Username"), userName): Text 'Ashford.Chenault+PenskeCustomerFDGONLY@thekag.com' is set on object 'Object Repository/TripFocus/Page_TripFocus/input_Username (e.g. email address)_Username'

22-10-2025T09:41:40 - [MESSAGE][PASSED] - Text 'Ashford.Chenault+PenskeCustomerFDGONLY@thekag.com' is set on object 'Object Repository/TripFocus/Page_TripFocus/input_Username (e.g. email address)_Username'

22-10-2025T09:41:40 - [TEST_STEP][PASSED] - setText(findTestObject("Object Repository/TripFocus/Page_TripFocus/input_Password_Password"), password): Text 'CrashBan911!!' is set on object 'Object Repository/TripFocus/Page_TripFocus/input_Password_Password'

22-10-2025T09:41:40 - [MESSAGE][PASSED] - Text 'CrashBan911!!' is set on object 'Object Repository/TripFocus/Page_TripFocus/input_Password_Password'

22-10-2025T09:41:40 - [TEST_STEP][PASSED] - click(findTestObject("Object Repository/TripFocus/Page_TripFocus/button_Login")): Object: 'Object Repository/TripFocus/Page_TripFocus/button_Login' is clicked on

22-10-2025T09:41:40 - [MESSAGE][PASSED] - Object: 'Object Repository/TripFocus/Page_TripFocus/button_Login' is clicked on

22-10-2025T09:41:40 - [TEST_STEP][PASSED] - maximizeWindow(): Current window maximized

22-10-2025T09:41:40 - [MESSAGE][PASSED] - Current window maximized

22-10-2025T09:41:40 - [TEST_STEP][PASSED] - waitForElementVisible(findTestObject("TripFocus/Testing_Notification_btn"), 5, OPTIONAL): Web element with id: 'Object Repository/TripFocus/Testing_Notification_btn' located by '//*[@id="__BVID__10___BV_modal_footer_"]/button' not found

22-10-2025T09:41:46 - [MESSAGE][INFO] - Unable to find the element located by 'By.xpath: //*[@id="__BVID__10___BV_modal_footer_"]/button'. Please recheck the objects properties to make sure the desired element is located. 

22-10-2025T09:41:46 - [MESSAGE][WARNING] - [SELF-HEALING] Failed to find element with id 'Object Repository/TripFocus/Testing_Notification_btn'. Try using Self-healing.

22-10-2025T09:41:47 - [MESSAGE][INFO] - [SELF-HEALING] No working XPath is found.

22-10-2025T09:41:49 - [MESSAGE][INFO] - Unable to find the element located by 'By.xpath: '. Please recheck the objects properties to make sure the desired element is located. 

22-10-2025T09:41:49 - [MESSAGE][WARNING] - [SELF-HEALING] Cannot find elements when the selector is null

22-10-2025T09:41:49 - [MESSAGE][WARNING] - Web element with id: 'Object Repository/TripFocus/Testing_Notification_btn' located by '//*[@id="__BVID__10___BV_modal_footer_"]/button' not found

22-10-2025T09:41:49 - [TEST_STEP][PASSED] - if (verifyElementVisible(findTestObject("TripFocus/Testing_Notification_btn"), OPTIONAL) == true): Web element with id: 'Object Repository/TripFocus/Testing_Notification_btn' located by '//*[@id="__BVID__10___BV_modal_footer_"]/button' not found (Root cause: com.kms.katalon.core.exception.StepFailedException: Web element with id: 'Object Repository/TripFocus/Testing_Notification_btn' located by '//*[@id="__BVID__10___BV_modal_footer_"]/button' not found
	at com.kms.katalon.core.webui.keyword.internal.WebUIKeywordMain.stepFailed(WebUIKeywordMain.groovy:117)
	at com.kms.katalon.core.webui.keyword.builtin.VerifyElementVisibleKeyword$_verifyElementVisible_closure1.doCall(VerifyElementVisibleKeyword.groovy:89)
	at com.kms.katalon.core.webui.keyword.builtin.VerifyElementVisibleKeyword$_verifyElementVisible_closure1.call(VerifyElementVisibleKeyword.groovy)
	at com.kms.katalon.core.webui.keyword.internal.WebUIKeywordMain.runKeyword(WebUIKeywordMain.groovy:35)
	at com.kms.katalon.core.webui.keyword.builtin.VerifyElementVisibleKeyword.verifyElementVisible(VerifyElementVisibleKeyword.groovy:97)
	at com.kms.katalon.core.webui.keyword.builtin.VerifyElementVisibleKeyword.execute(VerifyElementVisibleKeyword.groovy:67)
	at com.kms.katalon.core.keyword.internal.KeywordExecutor.executeKeywordForPlatform(KeywordExecutor.groovy:74)
	at com.kms.katalon.core.webui.keyword.WebUiBuiltInKeywords.verifyElementVisible(WebUiBuiltInKeywords.groovy:401)
	at com.kms.katalon.core.webui.keyword.WebUiBuiltInKeywords$verifyElementVisible$6.call(Unknown Source)
	at TF Sign In.run(TF Sign In:33)
	at com.kms.katalon.core.main.ScriptEngine.run(ScriptEngine.java:194)
	at com.kms.katalon.core.main.ScriptEngine.runScriptAsRawText(ScriptEngine.java:119)
	at com.kms.katalon.core.main.TestCaseExecutor.runScript(TestCaseExecutor.java:448)
	at com.kms.katalon.core.main.TestCaseExecutor.doExecute(TestCaseExecutor.java:439)
	at com.kms.katalon.core.main.TestCaseExecutor.processExecutionPhase(TestCaseExecutor.java:418)
	at com.kms.katalon.core.main.TestCaseExecutor.accessMainPhase(TestCaseExecutor.java:410)
	at com.kms.katalon.core.main.TestCaseExecutor.execute(TestCaseExecutor.java:285)
	at com.kms.katalon.core.main.TestCaseMain.runTestCase(TestCaseMain.java:137)
	at com.kms.katalon.core.keyword.builtin.CallTestCaseKeyword$_callTestCase_closure1.doCall(CallTestCaseKeyword.groovy:59)
	at com.kms.katalon.core.keyword.builtin.CallTestCaseKeyword$_callTestCase_closure1.call(CallTestCaseKeyword.groovy)
	at com.kms.katalon.core.keyword.internal.KeywordMain.runKeyword(KeywordMain.groovy:75)
	at com.kms.katalon.core.keyword.builtin.CallTestCaseKeyword.callTestCase(CallTestCaseKeyword.groovy:81)
	at com.kms.katalon.core.keyword.builtin.CallTestCaseKeyword.execute(CallTestCaseKeyword.groovy:44)
	at com.kms.katalon.core.keyword.internal.KeywordExecutor.executeKeywordForPlatform(KeywordExecutor.groovy:74)
	at com.kms.katalon.core.keyword.BuiltinKeywords.callTestCase(BuiltinKeywords.groovy:310)
	at jdk.internal.reflect.GeneratedMethodAccessor33.invoke(Unknown Source)
	at java.base/jdk.internal.reflect.DelegatingMethodAccessorImpl.invoke(DelegatingMethodAccessorImpl.java:43)
	at FDG - Filtering Notifications By Send To Column.run(FDG - Filtering Notifications By Send To Column:22)
	at com.kms.katalon.core.main.ScriptEngine.run(ScriptEngine.java:194)
	at com.kms.katalon.core.main.ScriptEngine.runScriptAsRawText(ScriptEngine.java:119)
	at com.kms.katalon.core.main.TestCaseExecutor.runScript(TestCaseExecutor.java:448)
	at com.kms.katalon.core.main.TestCaseExecutor.doExecute(TestCaseExecutor.java:439)
	at com.kms.katalon.core.main.TestCaseExecutor.processExecutionPhase(TestCaseExecutor.java:418)
	at com.kms.katalon.core.main.TestCaseExecutor.accessMainPhase(TestCaseExecutor.java:410)
	at com.kms.katalon.core.main.TestCaseExecutor.execute(TestCaseExecutor.java:285)
	at com.kms.katalon.core.common.CommonExecutor.accessTestCaseMainPhase(CommonExecutor.java:65)
	at com.kms.katalon.core.main.TestSuiteExecutor.accessTestSuiteMainPhase(TestSuiteExecutor.java:150)
	at com.kms.katalon.core.main.TestSuiteExecutor.execute(TestSuiteExecutor.java:106)
	at com.kms.katalon.core.main.TestCaseMain.startTestSuite(TestCaseMain.java:180)
	at com.kms.katalon.core.main.TestCaseMain$startTestSuite$0.call(Unknown Source)
	at TempTestSuite1761139051700.run(TempTestSuite1761139051700.groovy:35)
	at java.base/jdk.internal.reflect.NativeMethodAccessorImpl.invoke0(Native Method)
	at java.base/jdk.internal.reflect.NativeMethodAccessorImpl.invoke(NativeMethodAccessorImpl.java:77)
	at java.base/jdk.internal.reflect.DelegatingMethodAccessorImpl.invoke(DelegatingMethodAccessorImpl.java:43)
)

22-10-2025T09:42:05 - [MESSAGE][INFO] - Unable to find the element located by 'By.xpath: //*[@id="__BVID__10___BV_modal_footer_"]/button'. Please recheck the objects properties to make sure the desired element is located. 

22-10-2025T09:42:05 - [MESSAGE][WARNING] - [SELF-HEALING] Failed to find element with id 'Object Repository/TripFocus/Testing_Notification_btn'. Try using Self-healing.

22-10-2025T09:42:06 - [MESSAGE][INFO] - [SELF-HEALING] No working XPath is found.

22-10-2025T09:42:08 - [MESSAGE][INFO] - Unable to find the element located by 'By.xpath: '. Please recheck the objects properties to make sure the desired element is located. 

22-10-2025T09:42:08 - [MESSAGE][WARNING] - [SELF-HEALING] Cannot find elements when the selector is null

22-10-2025T09:42:08 - [MESSAGE][WARNING] - Web element with id: 'Object Repository/TripFocus/Testing_Notification_btn' located by '//*[@id="__BVID__10___BV_modal_footer_"]/button' not found (Root cause: com.kms.katalon.core.exception.StepFailedException: Web element with id: 'Object Repository/TripFocus/Testing_Notification_btn' located by '//*[@id="__BVID__10___BV_modal_footer_"]/button' not found
	at com.kms.katalon.core.webui.keyword.internal.WebUIKeywordMain.stepFailed(WebUIKeywordMain.groovy:117)
	at com.kms.katalon.core.webui.keyword.builtin.VerifyElementVisibleKeyword$_verifyElementVisible_closure1.doCall(VerifyElementVisibleKeyword.groovy:89)
	at com.kms.katalon.core.webui.keyword.builtin.VerifyElementVisibleKeyword$_verifyElementVisible_closure1.call(VerifyElementVisibleKeyword.groovy)
	at com.kms.katalon.core.webui.keyword.internal.WebUIKeywordMain.runKeyword(WebUIKeywordMain.groovy:35)
	at com.kms.katalon.core.webui.keyword.builtin.VerifyElementVisibleKeyword.verifyElementVisible(VerifyElementVisibleKeyword.groovy:97)
	at com.kms.katalon.core.webui.keyword.builtin.VerifyElementVisibleKeyword.execute(VerifyElementVisibleKeyword.groovy:67)
	at com.kms.katalon.core.keyword.internal.KeywordExecutor.executeKeywordForPlatform(KeywordExecutor.groovy:74)
	at com.kms.katalon.core.webui.keyword.WebUiBuiltInKeywords.verifyElementVisible(WebUiBuiltInKeywords.groovy:401)
	at com.kms.katalon.core.webui.keyword.WebUiBuiltInKeywords$verifyElementVisible$6.call(Unknown Source)
	at TF Sign In.run(TF Sign In:33)
	at com.kms.katalon.core.main.ScriptEngine.run(ScriptEngine.java:194)
	at com.kms.katalon.core.main.ScriptEngine.runScriptAsRawText(ScriptEngine.java:119)
	at com.kms.katalon.core.main.TestCaseExecutor.runScript(TestCaseExecutor.java:448)
	at com.kms.katalon.core.main.TestCaseExecutor.doExecute(TestCaseExecutor.java:439)
	at com.kms.katalon.core.main.TestCaseExecutor.processExecutionPhase(TestCaseExecutor.java:418)
	at com.kms.katalon.core.main.TestCaseExecutor.accessMainPhase(TestCaseExecutor.java:410)
	at com.kms.katalon.core.main.TestCaseExecutor.execute(TestCaseExecutor.java:285)
	at com.kms.katalon.core.main.TestCaseMain.runTestCase(TestCaseMain.java:137)
	at com.kms.katalon.core.keyword.builtin.CallTestCaseKeyword$_callTestCase_closure1.doCall(CallTestCaseKeyword.groovy:59)
	at com.kms.katalon.core.keyword.builtin.CallTestCaseKeyword$_callTestCase_closure1.call(CallTestCaseKeyword.groovy)
	at com.kms.katalon.core.keyword.internal.KeywordMain.runKeyword(KeywordMain.groovy:75)
	at com.kms.katalon.core.keyword.builtin.CallTestCaseKeyword.callTestCase(CallTestCaseKeyword.groovy:81)
	at com.kms.katalon.core.keyword.builtin.CallTestCaseKeyword.execute(CallTestCaseKeyword.groovy:44)
	at com.kms.katalon.core.keyword.internal.KeywordExecutor.executeKeywordForPlatform(KeywordExecutor.groovy:74)
	at com.kms.katalon.core.keyword.BuiltinKeywords.callTestCase(BuiltinKeywords.groovy:310)
	at jdk.internal.reflect.GeneratedMethodAccessor33.invoke(Unknown Source)
	at java.base/jdk.internal.reflect.DelegatingMethodAccessorImpl.invoke(DelegatingMethodAccessorImpl.java:43)
	at FDG - Filtering Notifications By Send To Column.run(FDG - Filtering Notifications By Send To Column:22)
	at com.kms.katalon.core.main.ScriptEngine.run(ScriptEngine.java:194)
	at com.kms.katalon.core.main.ScriptEngine.runScriptAsRawText(ScriptEngine.java:119)
	at com.kms.katalon.core.main.TestCaseExecutor.runScript(TestCaseExecutor.java:448)
	at com.kms.katalon.core.main.TestCaseExecutor.doExecute(TestCaseExecutor.java:439)
	at com.kms.katalon.core.main.TestCaseExecutor.processExecutionPhase(TestCaseExecutor.java:418)
	at com.kms.katalon.core.main.TestCaseExecutor.accessMainPhase(TestCaseExecutor.java:410)
	at com.kms.katalon.core.main.TestCaseExecutor.execute(TestCaseExecutor.java:285)
	at com.kms.katalon.core.common.CommonExecutor.accessTestCaseMainPhase(CommonExecutor.java:65)
	at com.kms.katalon.core.main.TestSuiteExecutor.accessTestSuiteMainPhase(TestSuiteExecutor.java:150)
	at com.kms.katalon.core.main.TestSuiteExecutor.execute(TestSuiteExecutor.java:106)
	at com.kms.katalon.core.main.TestCaseMain.startTestSuite(TestCaseMain.java:180)
	at com.kms.katalon.core.main.TestCaseMain$startTestSuite$0.call(Unknown Source)
	at TempTestSuite1761139051700.run(TempTestSuite1761139051700.groovy:35)
	at java.base/jdk.internal.reflect.NativeMethodAccessorImpl.invoke0(Native Method)
	at java.base/jdk.internal.reflect.NativeMethodAccessorImpl.invoke(NativeMethodAccessorImpl.java:77)
	at java.base/jdk.internal.reflect.DelegatingMethodAccessorImpl.invoke(DelegatingMethodAccessorImpl.java:43)
)

22-10-2025T09:42:08 - [MESSAGE][PASSED] - Call Test Case 'Test Cases/Utility Scripts/TF Sign In' successfully

22-10-2025T09:42:08 - [TEST_STEP][PASSED] - click(findTestObject("TripFocus/Notifications/Notifications Tab")): Object: 'Object Repository/TripFocus/Notifications/Notifications Tab' is clicked on

22-10-2025T09:42:09 - [MESSAGE][PASSED] - Object: 'Object Repository/TripFocus/Notifications/Notifications Tab' is clicked on

22-10-2025T09:42:09 - [TEST_STEP][PASSED] - delay(15): Delayed 15 second(s)

22-10-2025T09:42:24 - [MESSAGE][PASSED] - Delayed 15 second(s)

22-10-2025T09:42:24 - [TEST_STEP][PASSED] - setText(findTestObject("TripFocus/Notifications/Search_txt"), "bhargaci.guggella@thekag.com"): Text 'bhargaci.guggella@thekag.com' is set on object 'Object Repository/TripFocus/Notifications/Search_txt'

22-10-2025T09:42:24 - [MESSAGE][PASSED] - Text 'bhargaci.guggella@thekag.com' is set on object 'Object Repository/TripFocus/Notifications/Search_txt'

22-10-2025T09:42:24 - [TEST_STEP][PASSED] - delay(2): Delayed 2 second(s)

22-10-2025T09:42:26 - [MESSAGE][PASSED] - Delayed 2 second(s)

22-10-2025T09:42:26 - [TEST_STEP][PASSED] - if (verifyElementPresent(findTestObject("TripFocus/Notifications/Send To Column"), 10, OPTIONAL) == true): com.kms.katalon.core.webui.exception.WebElementNotFoundException: Web element with id: 'Object Repository/TripFocus/Notifications/Send To Column' located by '/html/body/div/div[2]/div/main/div/div[2]/div[3]/div/div/div[3]/div/div/table/tbody/tr/td[3]' not found (Root cause: com.kms.katalon.core.exception.StepFailedException: com.kms.katalon.core.webui.exception.WebElementNotFoundException: Web element with id: 'Object Repository/TripFocus/Notifications/Send To Column' located by '/html/body/div/div[2]/div/main/div/div[2]/div[3]/div/div/div[3]/div/div/table/tbody/tr/td[3]' not found
	at com.kms.katalon.core.webui.keyword.internal.WebUIKeywordMain.stepFailed(WebUIKeywordMain.groovy:117)
	at com.kms.katalon.core.webui.keyword.builtin.VerifyElementPresentKeyword$_verifyElementPresent_closure1.doCall(VerifyElementPresentKeyword.groovy:85)
	at com.kms.katalon.core.webui.keyword.builtin.VerifyElementPresentKeyword$_verifyElementPresent_closure1.call(VerifyElementPresentKeyword.groovy)
	at com.kms.katalon.core.webui.keyword.internal.WebUIKeywordMain.runKeyword(WebUIKeywordMain.groovy:35)
	at com.kms.katalon.core.webui.keyword.builtin.VerifyElementPresentKeyword.verifyElementPresent(VerifyElementPresentKeyword.groovy:92)
	at com.kms.katalon.core.webui.keyword.builtin.VerifyElementPresentKeyword.execute(VerifyElementPresentKeyword.groovy:68)
	at com.kms.katalon.core.keyword.internal.KeywordExecutor.executeKeywordForPlatform(KeywordExecutor.groovy:74)
	at com.kms.katalon.core.webui.keyword.WebUiBuiltInKeywords.verifyElementPresent(WebUiBuiltInKeywords.groovy:1487)
	at com.kms.katalon.core.webui.keyword.WebUiBuiltInKeywords$verifyElementPresent$9.call(Unknown Source)
	at FDG - Filtering Notifications By Send To Column.run(FDG - Filtering Notifications By Send To Column:33)
	at com.kms.katalon.core.main.ScriptEngine.run(ScriptEngine.java:194)
	at com.kms.katalon.core.main.ScriptEngine.runScriptAsRawText(ScriptEngine.java:119)
	at com.kms.katalon.core.main.TestCaseExecutor.runScript(TestCaseExecutor.java:448)
	at com.kms.katalon.core.main.TestCaseExecutor.doExecute(TestCaseExecutor.java:439)
	at com.kms.katalon.core.main.TestCaseExecutor.processExecutionPhase(TestCaseExecutor.java:418)
	at com.kms.katalon.core.main.TestCaseExecutor.accessMainPhase(TestCaseExecutor.java:410)
	at com.kms.katalon.core.main.TestCaseExecutor.execute(TestCaseExecutor.java:285)
	at com.kms.katalon.core.common.CommonExecutor.accessTestCaseMainPhase(CommonExecutor.java:65)
	at com.kms.katalon.core.main.TestSuiteExecutor.accessTestSuiteMainPhase(TestSuiteExecutor.java:150)
	at com.kms.katalon.core.main.TestSuiteExecutor.execute(TestSuiteExecutor.java:106)
	at com.kms.katalon.core.main.TestCaseMain.startTestSuite(TestCaseMain.java:180)
	at com.kms.katalon.core.main.TestCaseMain$startTestSuite$0.call(Unknown Source)
	at TempTestSuite1761139051700.run(TempTestSuite1761139051700.groovy:35)
	at java.base/jdk.internal.reflect.NativeMethodAccessorImpl.invoke0(Native Method)
	at java.base/jdk.internal.reflect.NativeMethodAccessorImpl.invoke(NativeMethodAccessorImpl.java:77)
	at java.base/jdk.internal.reflect.DelegatingMethodAccessorImpl.invoke(DelegatingMethodAccessorImpl.java:43)
)

22-10-2025T09:42:37 - [MESSAGE][INFO] - Unable to find the element located by 'By.xpath: /html/body/div/div[2]/div/main/div/div[2]/div[3]/div/div/div[3]/div/div/table/tbody/tr/td[3]'. Please recheck the objects properties to make sure the desired element is located. 

22-10-2025T09:42:37 - [MESSAGE][WARNING] - com.kms.katalon.core.webui.exception.WebElementNotFoundException: Web element with id: 'Object Repository/TripFocus/Notifications/Send To Column' located by '/html/body/div/div[2]/div/main/div/div[2]/div[3]/div/div/div[3]/div/div/table/tbody/tr/td[3]' not found (Root cause: com.kms.katalon.core.exception.StepFailedException: com.kms.katalon.core.webui.exception.WebElementNotFoundException: Web element with id: 'Object Repository/TripFocus/Notifications/Send To Column' located by '/html/body/div/div[2]/div/main/div/div[2]/div[3]/div/div/div[3]/div/div/table/tbody/tr/td[3]' not found
	at com.kms.katalon.core.webui.keyword.internal.WebUIKeywordMain.stepFailed(WebUIKeywordMain.groovy:117)
	at com.kms.katalon.core.webui.keyword.builtin.VerifyElementPresentKeyword$_verifyElementPresent_closure1.doCall(VerifyElementPresentKeyword.groovy:85)
	at com.kms.katalon.core.webui.keyword.builtin.VerifyElementPresentKeyword$_verifyElementPresent_closure1.call(VerifyElementPresentKeyword.groovy)
	at com.kms.katalon.core.webui.keyword.internal.WebUIKeywordMain.runKeyword(WebUIKeywordMain.groovy:35)
	at com.kms.katalon.core.webui.keyword.builtin.VerifyElementPresentKeyword.verifyElementPresent(VerifyElementPresentKeyword.groovy:92)
	at com.kms.katalon.core.webui.keyword.builtin.VerifyElementPresentKeyword.execute(VerifyElementPresentKeyword.groovy:68)
	at com.kms.katalon.core.keyword.internal.KeywordExecutor.executeKeywordForPlatform(KeywordExecutor.groovy:74)
	at com.kms.katalon.core.webui.keyword.WebUiBuiltInKeywords.verifyElementPresent(WebUiBuiltInKeywords.groovy:1487)
	at com.kms.katalon.core.webui.keyword.WebUiBuiltInKeywords$verifyElementPresent$9.call(Unknown Source)
	at FDG - Filtering Notifications By Send To Column.run(FDG - Filtering Notifications By Send To Column:33)
	at com.kms.katalon.core.main.ScriptEngine.run(ScriptEngine.java:194)
	at com.kms.katalon.core.main.ScriptEngine.runScriptAsRawText(ScriptEngine.java:119)
	at com.kms.katalon.core.main.TestCaseExecutor.runScript(TestCaseExecutor.java:448)
	at com.kms.katalon.core.main.TestCaseExecutor.doExecute(TestCaseExecutor.java:439)
	at com.kms.katalon.core.main.TestCaseExecutor.processExecutionPhase(TestCaseExecutor.java:418)
	at com.kms.katalon.core.main.TestCaseExecutor.accessMainPhase(TestCaseExecutor.java:410)
	at com.kms.katalon.core.main.TestCaseExecutor.execute(TestCaseExecutor.java:285)
	at com.kms.katalon.core.common.CommonExecutor.accessTestCaseMainPhase(CommonExecutor.java:65)
	at com.kms.katalon.core.main.TestSuiteExecutor.accessTestSuiteMainPhase(TestSuiteExecutor.java:150)
	at com.kms.katalon.core.main.TestSuiteExecutor.execute(TestSuiteExecutor.java:106)
	at com.kms.katalon.core.main.TestCaseMain.startTestSuite(TestCaseMain.java:180)
	at com.kms.katalon.core.main.TestCaseMain$startTestSuite$0.call(Unknown Source)
	at TempTestSuite1761139051700.run(TempTestSuite1761139051700.groovy:35)
	at java.base/jdk.internal.reflect.NativeMethodAccessorImpl.invoke0(Native Method)
	at java.base/jdk.internal.reflect.NativeMethodAccessorImpl.invoke(NativeMethodAccessorImpl.java:77)
	at java.base/jdk.internal.reflect.DelegatingMethodAccessorImpl.invoke(DelegatingMethodAccessorImpl.java:43)
)

22-10-2025T09:42:37 - [TEST_STEP][PASSED] - else: Browser is closed

22-10-2025T09:42:37 - [TEST_STEP][PASSED] - closeBrowser(): Browser is closed

22-10-2025T09:42:37 - [MESSAGE][PASSED] - Browser is closed

22-10-2025T09:42:37 - [TEST_STEP][PASSED] - closeBrowser(): Browser is closed

22-10-2025T09:42:37 - [MESSAGE][PASSED] - Browser is closed

22-10-2025T09:42:37 - [TEST_STEP][PASSED] - Start listener action : retryOnDisconnect: null

22-10-2025T09:42:37 - [TEST_STEP][PASSED] - tcId = testCaseContext.getTestCaseId(): null

22-10-2025T09:42:37 - [TEST_STEP][PASSED] - currentRetry = retryCounts.getOrDefault(tcId, 0): null

22-10-2025T09:42:37 - [TEST_STEP][PASSED] - if (testCaseContext.getTestCaseStatus() == "FAILED" && currentRetry < MAX_RETRIES): null]]></system-out>
         <system-err><![CDATA[]]></system-err>
      </testcase>
      <testcase name="Test Cases/TripFocus/FDG/FDG - Notification/FDG - Verify Notifications Paging" time="66.065" classname="Test Cases/TripFocus/FDG/FDG - Notification/FDG - Verify Notifications Paging" status="PASSED">
         <system-out><![CDATA[22-10-2025T09:42:37 - [TEST_CASE][PASSED] - Test Cases/TripFocus/FDG/FDG - Notification/FDG - Verify Notifications Paging: Test Cases/TripFocus/FDG/FDG - Notification/FDG - Verify Notifications Paging

22-10-2025T09:42:37 - [TEST_STEP][PASSED] - Start listener action : beforeTestCase: null

22-10-2025T09:42:37 - [TEST_STEP][PASSED] - addDefaultPackages(): null

22-10-2025T09:42:37 - [TEST_STEP][PASSED] - callTestCase(findTestCase("Utility Scripts/Open Browser"), ["destinationURL":TFBaseURL], STOP_ON_FAILURE): Call Test Case 'Test Cases/Utility Scripts/Open Browser' successfully

22-10-2025T09:42:37 - [TEST_CASE][PASSED] - Test Cases/Utility Scripts/Open Browser: Test Cases/Utility Scripts/Open Browser

22-10-2025T09:42:37 - [TEST_STEP][PASSED] - openBrowser(""): Browser is opened with url: ''

22-10-2025T09:42:37 - [MESSAGE][INFO] - Starting 'Chrome' driver

22-10-2025T09:42:37 - [MESSAGE][INFO] - User set preference: ['args', '[--no-sandbox, --disable-gpu, --disable-dev-shm-usage]']

22-10-2025T09:42:37 - [MESSAGE][INFO] - Action delay is set to 0 milliseconds

22-10-2025T09:42:38 - [MESSAGE][PASSED] - Browser is opened with url: ''

22-10-2025T09:42:38 - [TEST_STEP][PASSED] - navigateToUrl(destinationURL): Navigate to 'https://www.qa.tripfocus.com' successfully

22-10-2025T09:42:39 - [MESSAGE][PASSED] - Navigate to 'https://www.qa.tripfocus.com' successfully

22-10-2025T09:42:39 - [TEST_STEP][PASSED] - if (maximizeWindow == true): Current window maximized

22-10-2025T09:42:39 - [TEST_STEP][PASSED] - maximizeWindow(STOP_ON_FAILURE): Current window maximized

22-10-2025T09:42:39 - [MESSAGE][PASSED] - Current window maximized

22-10-2025T09:42:39 - [MESSAGE][PASSED] - Call Test Case 'Test Cases/Utility Scripts/Open Browser' successfully

22-10-2025T09:42:39 - [TEST_STEP][PASSED] - callTestCase(findTestCase("Utility Scripts/TF Sign In"), ["userName":TripFocusPenskeFDGUsername, "password":TripFocusFDGSPGPassword], STOP_ON_FAILURE): Call Test Case 'Test Cases/Utility Scripts/TF Sign In' successfully

22-10-2025T09:42:39 - [TEST_CASE][PASSED] - Test Cases/Utility Scripts/TF Sign In: Test Cases/Utility Scripts/TF Sign In

22-10-2025T09:42:39 - [TEST_STEP][PASSED] - click(findTestObject("Object Repository/TripFocus/Page_TripFocus/button_Sign in")): Object: 'Object Repository/TripFocus/Page_TripFocus/button_Sign in' is clicked on

22-10-2025T09:42:39 - [MESSAGE][PASSED] - Object: 'Object Repository/TripFocus/Page_TripFocus/button_Sign in' is clicked on

22-10-2025T09:42:39 - [TEST_STEP][PASSED] - setText(findTestObject("Object Repository/TripFocus/Page_TripFocus/input_Username (e.g. email address)_Username"), userName): Text 'Ashford.Chenault+PenskeCustomerFDGONLY@thekag.com' is set on object 'Object Repository/TripFocus/Page_TripFocus/input_Username (e.g. email address)_Username'

22-10-2025T09:42:39 - [MESSAGE][PASSED] - Text 'Ashford.Chenault+PenskeCustomerFDGONLY@thekag.com' is set on object 'Object Repository/TripFocus/Page_TripFocus/input_Username (e.g. email address)_Username'

22-10-2025T09:42:39 - [TEST_STEP][PASSED] - setText(findTestObject("Object Repository/TripFocus/Page_TripFocus/input_Password_Password"), password): Text 'CrashBan911!!' is set on object 'Object Repository/TripFocus/Page_TripFocus/input_Password_Password'

22-10-2025T09:42:40 - [MESSAGE][PASSED] - Text 'CrashBan911!!' is set on object 'Object Repository/TripFocus/Page_TripFocus/input_Password_Password'

22-10-2025T09:42:40 - [TEST_STEP][PASSED] - click(findTestObject("Object Repository/TripFocus/Page_TripFocus/button_Login")): Object: 'Object Repository/TripFocus/Page_TripFocus/button_Login' is clicked on

22-10-2025T09:42:40 - [MESSAGE][PASSED] - Object: 'Object Repository/TripFocus/Page_TripFocus/button_Login' is clicked on

22-10-2025T09:42:40 - [TEST_STEP][PASSED] - maximizeWindow(): Current window maximized

22-10-2025T09:42:40 - [MESSAGE][PASSED] - Current window maximized

22-10-2025T09:42:40 - [TEST_STEP][PASSED] - waitForElementVisible(findTestObject("TripFocus/Testing_Notification_btn"), 5, OPTIONAL): Web element with id: 'Object Repository/TripFocus/Testing_Notification_btn' located by '//*[@id="__BVID__10___BV_modal_footer_"]/button' not found

22-10-2025T09:42:47 - [MESSAGE][INFO] - Unable to find the element located by 'By.xpath: //*[@id="__BVID__10___BV_modal_footer_"]/button'. Please recheck the objects properties to make sure the desired element is located. 

22-10-2025T09:42:47 - [MESSAGE][WARNING] - [SELF-HEALING] Failed to find element with id 'Object Repository/TripFocus/Testing_Notification_btn'. Try using Self-healing.

22-10-2025T09:42:48 - [MESSAGE][INFO] - [SELF-HEALING] No working XPath is found.

22-10-2025T09:42:50 - [MESSAGE][INFO] - Unable to find the element located by 'By.xpath: '. Please recheck the objects properties to make sure the desired element is located. 

22-10-2025T09:42:50 - [MESSAGE][WARNING] - [SELF-HEALING] Cannot find elements when the selector is null

22-10-2025T09:42:50 - [MESSAGE][WARNING] - Web element with id: 'Object Repository/TripFocus/Testing_Notification_btn' located by '//*[@id="__BVID__10___BV_modal_footer_"]/button' not found

22-10-2025T09:42:50 - [TEST_STEP][PASSED] - if (verifyElementVisible(findTestObject("TripFocus/Testing_Notification_btn"), OPTIONAL) == true): Web element with id: 'Object Repository/TripFocus/Testing_Notification_btn' located by '//*[@id="__BVID__10___BV_modal_footer_"]/button' not found (Root cause: com.kms.katalon.core.exception.StepFailedException: Web element with id: 'Object Repository/TripFocus/Testing_Notification_btn' located by '//*[@id="__BVID__10___BV_modal_footer_"]/button' not found
	at com.kms.katalon.core.webui.keyword.internal.WebUIKeywordMain.stepFailed(WebUIKeywordMain.groovy:117)
	at com.kms.katalon.core.webui.keyword.builtin.VerifyElementVisibleKeyword$_verifyElementVisible_closure1.doCall(VerifyElementVisibleKeyword.groovy:89)
	at com.kms.katalon.core.webui.keyword.builtin.VerifyElementVisibleKeyword$_verifyElementVisible_closure1.call(VerifyElementVisibleKeyword.groovy)
	at com.kms.katalon.core.webui.keyword.internal.WebUIKeywordMain.runKeyword(WebUIKeywordMain.groovy:35)
	at com.kms.katalon.core.webui.keyword.builtin.VerifyElementVisibleKeyword.verifyElementVisible(VerifyElementVisibleKeyword.groovy:97)
	at com.kms.katalon.core.webui.keyword.builtin.VerifyElementVisibleKeyword.execute(VerifyElementVisibleKeyword.groovy:67)
	at com.kms.katalon.core.keyword.internal.KeywordExecutor.executeKeywordForPlatform(KeywordExecutor.groovy:74)
	at com.kms.katalon.core.webui.keyword.WebUiBuiltInKeywords.verifyElementVisible(WebUiBuiltInKeywords.groovy:401)
	at com.kms.katalon.core.webui.keyword.WebUiBuiltInKeywords$verifyElementVisible$6.call(Unknown Source)
	at TF Sign In.run(TF Sign In:33)
	at com.kms.katalon.core.main.ScriptEngine.run(ScriptEngine.java:194)
	at com.kms.katalon.core.main.ScriptEngine.runScriptAsRawText(ScriptEngine.java:119)
	at com.kms.katalon.core.main.TestCaseExecutor.runScript(TestCaseExecutor.java:448)
	at com.kms.katalon.core.main.TestCaseExecutor.doExecute(TestCaseExecutor.java:439)
	at com.kms.katalon.core.main.TestCaseExecutor.processExecutionPhase(TestCaseExecutor.java:418)
	at com.kms.katalon.core.main.TestCaseExecutor.accessMainPhase(TestCaseExecutor.java:410)
	at com.kms.katalon.core.main.TestCaseExecutor.execute(TestCaseExecutor.java:285)
	at com.kms.katalon.core.main.TestCaseMain.runTestCase(TestCaseMain.java:137)
	at com.kms.katalon.core.keyword.builtin.CallTestCaseKeyword$_callTestCase_closure1.doCall(CallTestCaseKeyword.groovy:59)
	at com.kms.katalon.core.keyword.builtin.CallTestCaseKeyword$_callTestCase_closure1.call(CallTestCaseKeyword.groovy)
	at com.kms.katalon.core.keyword.internal.KeywordMain.runKeyword(KeywordMain.groovy:75)
	at com.kms.katalon.core.keyword.builtin.CallTestCaseKeyword.callTestCase(CallTestCaseKeyword.groovy:81)
	at com.kms.katalon.core.keyword.builtin.CallTestCaseKeyword.execute(CallTestCaseKeyword.groovy:44)
	at com.kms.katalon.core.keyword.internal.KeywordExecutor.executeKeywordForPlatform(KeywordExecutor.groovy:74)
	at com.kms.katalon.core.keyword.BuiltinKeywords.callTestCase(BuiltinKeywords.groovy:310)
	at jdk.internal.reflect.GeneratedMethodAccessor33.invoke(Unknown Source)
	at java.base/jdk.internal.reflect.DelegatingMethodAccessorImpl.invoke(DelegatingMethodAccessorImpl.java:43)
	at FDG - Verify Notifications Paging.run(FDG - Verify Notifications Paging:22)
	at com.kms.katalon.core.main.ScriptEngine.run(ScriptEngine.java:194)
	at com.kms.katalon.core.main.ScriptEngine.runScriptAsRawText(ScriptEngine.java:119)
	at com.kms.katalon.core.main.TestCaseExecutor.runScript(TestCaseExecutor.java:448)
	at com.kms.katalon.core.main.TestCaseExecutor.doExecute(TestCaseExecutor.java:439)
	at com.kms.katalon.core.main.TestCaseExecutor.processExecutionPhase(TestCaseExecutor.java:418)
	at com.kms.katalon.core.main.TestCaseExecutor.accessMainPhase(TestCaseExecutor.java:410)
	at com.kms.katalon.core.main.TestCaseExecutor.execute(TestCaseExecutor.java:285)
	at com.kms.katalon.core.common.CommonExecutor.accessTestCaseMainPhase(CommonExecutor.java:65)
	at com.kms.katalon.core.main.TestSuiteExecutor.accessTestSuiteMainPhase(TestSuiteExecutor.java:150)
	at com.kms.katalon.core.main.TestSuiteExecutor.execute(TestSuiteExecutor.java:106)
	at com.kms.katalon.core.main.TestCaseMain.startTestSuite(TestCaseMain.java:180)
	at com.kms.katalon.core.main.TestCaseMain$startTestSuite$0.call(Unknown Source)
	at TempTestSuite1761139051700.run(TempTestSuite1761139051700.groovy:35)
	at java.base/jdk.internal.reflect.NativeMethodAccessorImpl.invoke0(Native Method)
	at java.base/jdk.internal.reflect.NativeMethodAccessorImpl.invoke(NativeMethodAccessorImpl.java:77)
	at java.base/jdk.internal.reflect.DelegatingMethodAccessorImpl.invoke(DelegatingMethodAccessorImpl.java:43)
)

22-10-2025T09:43:06 - [MESSAGE][INFO] - Unable to find the element located by 'By.xpath: //*[@id="__BVID__10___BV_modal_footer_"]/button'. Please recheck the objects properties to make sure the desired element is located. 

22-10-2025T09:43:06 - [MESSAGE][WARNING] - [SELF-HEALING] Failed to find element with id 'Object Repository/TripFocus/Testing_Notification_btn'. Try using Self-healing.

22-10-2025T09:43:07 - [MESSAGE][INFO] - [SELF-HEALING] No working XPath is found.

22-10-2025T09:43:09 - [MESSAGE][INFO] - Unable to find the element located by 'By.xpath: '. Please recheck the objects properties to make sure the desired element is located. 

22-10-2025T09:43:09 - [MESSAGE][WARNING] - [SELF-HEALING] Cannot find elements when the selector is null

22-10-2025T09:43:09 - [MESSAGE][WARNING] - Web element with id: 'Object Repository/TripFocus/Testing_Notification_btn' located by '//*[@id="__BVID__10___BV_modal_footer_"]/button' not found (Root cause: com.kms.katalon.core.exception.StepFailedException: Web element with id: 'Object Repository/TripFocus/Testing_Notification_btn' located by '//*[@id="__BVID__10___BV_modal_footer_"]/button' not found
	at com.kms.katalon.core.webui.keyword.internal.WebUIKeywordMain.stepFailed(WebUIKeywordMain.groovy:117)
	at com.kms.katalon.core.webui.keyword.builtin.VerifyElementVisibleKeyword$_verifyElementVisible_closure1.doCall(VerifyElementVisibleKeyword.groovy:89)
	at com.kms.katalon.core.webui.keyword.builtin.VerifyElementVisibleKeyword$_verifyElementVisible_closure1.call(VerifyElementVisibleKeyword.groovy)
	at com.kms.katalon.core.webui.keyword.internal.WebUIKeywordMain.runKeyword(WebUIKeywordMain.groovy:35)
	at com.kms.katalon.core.webui.keyword.builtin.VerifyElementVisibleKeyword.verifyElementVisible(VerifyElementVisibleKeyword.groovy:97)
	at com.kms.katalon.core.webui.keyword.builtin.VerifyElementVisibleKeyword.execute(VerifyElementVisibleKeyword.groovy:67)
	at com.kms.katalon.core.keyword.internal.KeywordExecutor.executeKeywordForPlatform(KeywordExecutor.groovy:74)
	at com.kms.katalon.core.webui.keyword.WebUiBuiltInKeywords.verifyElementVisible(WebUiBuiltInKeywords.groovy:401)
	at com.kms.katalon.core.webui.keyword.WebUiBuiltInKeywords$verifyElementVisible$6.call(Unknown Source)
	at TF Sign In.run(TF Sign In:33)
	at com.kms.katalon.core.main.ScriptEngine.run(ScriptEngine.java:194)
	at com.kms.katalon.core.main.ScriptEngine.runScriptAsRawText(ScriptEngine.java:119)
	at com.kms.katalon.core.main.TestCaseExecutor.runScript(TestCaseExecutor.java:448)
	at com.kms.katalon.core.main.TestCaseExecutor.doExecute(TestCaseExecutor.java:439)
	at com.kms.katalon.core.main.TestCaseExecutor.processExecutionPhase(TestCaseExecutor.java:418)
	at com.kms.katalon.core.main.TestCaseExecutor.accessMainPhase(TestCaseExecutor.java:410)
	at com.kms.katalon.core.main.TestCaseExecutor.execute(TestCaseExecutor.java:285)
	at com.kms.katalon.core.main.TestCaseMain.runTestCase(TestCaseMain.java:137)
	at com.kms.katalon.core.keyword.builtin.CallTestCaseKeyword$_callTestCase_closure1.doCall(CallTestCaseKeyword.groovy:59)
	at com.kms.katalon.core.keyword.builtin.CallTestCaseKeyword$_callTestCase_closure1.call(CallTestCaseKeyword.groovy)
	at com.kms.katalon.core.keyword.internal.KeywordMain.runKeyword(KeywordMain.groovy:75)
	at com.kms.katalon.core.keyword.builtin.CallTestCaseKeyword.callTestCase(CallTestCaseKeyword.groovy:81)
	at com.kms.katalon.core.keyword.builtin.CallTestCaseKeyword.execute(CallTestCaseKeyword.groovy:44)
	at com.kms.katalon.core.keyword.internal.KeywordExecutor.executeKeywordForPlatform(KeywordExecutor.groovy:74)
	at com.kms.katalon.core.keyword.BuiltinKeywords.callTestCase(BuiltinKeywords.groovy:310)
	at jdk.internal.reflect.GeneratedMethodAccessor33.invoke(Unknown Source)
	at java.base/jdk.internal.reflect.DelegatingMethodAccessorImpl.invoke(DelegatingMethodAccessorImpl.java:43)
	at FDG - Verify Notifications Paging.run(FDG - Verify Notifications Paging:22)
	at com.kms.katalon.core.main.ScriptEngine.run(ScriptEngine.java:194)
	at com.kms.katalon.core.main.ScriptEngine.runScriptAsRawText(ScriptEngine.java:119)
	at com.kms.katalon.core.main.TestCaseExecutor.runScript(TestCaseExecutor.java:448)
	at com.kms.katalon.core.main.TestCaseExecutor.doExecute(TestCaseExecutor.java:439)
	at com.kms.katalon.core.main.TestCaseExecutor.processExecutionPhase(TestCaseExecutor.java:418)
	at com.kms.katalon.core.main.TestCaseExecutor.accessMainPhase(TestCaseExecutor.java:410)
	at com.kms.katalon.core.main.TestCaseExecutor.execute(TestCaseExecutor.java:285)
	at com.kms.katalon.core.common.CommonExecutor.accessTestCaseMainPhase(CommonExecutor.java:65)
	at com.kms.katalon.core.main.TestSuiteExecutor.accessTestSuiteMainPhase(TestSuiteExecutor.java:150)
	at com.kms.katalon.core.main.TestSuiteExecutor.execute(TestSuiteExecutor.java:106)
	at com.kms.katalon.core.main.TestCaseMain.startTestSuite(TestCaseMain.java:180)
	at com.kms.katalon.core.main.TestCaseMain$startTestSuite$0.call(Unknown Source)
	at TempTestSuite1761139051700.run(TempTestSuite1761139051700.groovy:35)
	at java.base/jdk.internal.reflect.NativeMethodAccessorImpl.invoke0(Native Method)
	at java.base/jdk.internal.reflect.NativeMethodAccessorImpl.invoke(NativeMethodAccessorImpl.java:77)
	at java.base/jdk.internal.reflect.DelegatingMethodAccessorImpl.invoke(DelegatingMethodAccessorImpl.java:43)
)

22-10-2025T09:43:09 - [MESSAGE][PASSED] - Call Test Case 'Test Cases/Utility Scripts/TF Sign In' successfully

22-10-2025T09:43:09 - [TEST_STEP][PASSED] - click(findTestObject("Object Repository/TripFocus/Page_TripFocus/a_Notifications")): Object: 'Object Repository/TripFocus/Page_TripFocus/a_Notifications' is clicked on

22-10-2025T09:43:09 - [MESSAGE][PASSED] - Object: 'Object Repository/TripFocus/Page_TripFocus/a_Notifications' is clicked on

22-10-2025T09:43:09 - [TEST_STEP][PASSED] - selectOptionByValue(findTestObject("Object Repository/TripFocus/Page_TripFocus/select_5102550100500"), "5", true): All options with value '5' are selected in object 'Object Repository/TripFocus/Page_TripFocus/select_5102550100500'  using regular expression

22-10-2025T09:43:09 - [MESSAGE][PASSED] - All options with value '5' are selected in object 'Object Repository/TripFocus/Page_TripFocus/select_5102550100500'  using regular expression

22-10-2025T09:43:09 - [TEST_STEP][PASSED] - click(findTestObject("Object Repository/TripFocus/Page_TripFocus/a_2")): Object: 'Object Repository/TripFocus/Page_TripFocus/a_2' is clicked on

22-10-2025T09:43:25 - [MESSAGE][INFO] - Unable to find the element located by 'By.xpath: //div[@id='slide-out-panel-be7a097e-ea42-e8f0-d286-7e28141d5eaa']/section/div[5]/ul/li[4]/a'. Please recheck the objects properties to make sure the desired element is located. 

22-10-2025T09:43:25 - [MESSAGE][WARNING] - [SELF-HEALING] Failed to find element with id 'Object Repository/TripFocus/Page_TripFocus/a_2'. Try using Self-healing.

22-10-2025T09:43:25 - [MESSAGE][INFO] - [SELF-HEALING] Failed Locator: '//div[@id='slide-out-panel-be7a097e-ea42-e8f0-d286-7e28141d5eaa']/section/div[5]/ul/li[4]/a'.

22-10-2025T09:43:25 - [MESSAGE][INFO] - [SELF-HEALING] Failed Locator: '//a[contains(text(),'2')]'.

22-10-2025T09:43:25 - [MESSAGE][INFO] - [SELF-HEALING] Failed Locator: '(.//*[normalize-space(text()) and normalize-space(.)='‹'])[1]/following::a[2]'.

22-10-2025T09:43:25 - [MESSAGE][INFO] - [SELF-HEALING] Failed Locator: '(.//*[normalize-space(text()) and normalize-space(.)='«'])[1]/following::a[2]'.

22-10-2025T09:43:25 - [MESSAGE][INFO] - [SELF-HEALING] Working Locator: '(.//*[normalize-space(text()) and normalize-space(.)='Powered by'])[1]/preceding::a[3]'.

22-10-2025T09:43:26 - [MESSAGE][INFO] - [SELF-HEALING] Screenshot: D:/ADOagent/vsts-agent-win-x64-2.217.2/_work/944/s/Reports/Self-healing/Object Repository/TripFocus/Page_TripFocus/a_2_neighbor.png

22-10-2025T09:43:26 - [MESSAGE][WARNING] - [SELF-HEALING] The current locator of test object 'Object Repository/TripFocus/Page_TripFocus/a_2' was broken. Propose an alternative one: '(.//*[normalize-space(text()) and normalize-space(.)='Powered by'])[1]/preceding::a[3]'.

22-10-2025T09:43:26 - [MESSAGE][PASSED] - Object: 'Object Repository/TripFocus/Page_TripFocus/a_2' is clicked on

22-10-2025T09:43:26 - [TEST_STEP][PASSED] - click(findTestObject("Object Repository/TripFocus/Page_TripFocus/a_")): Object: 'Object Repository/TripFocus/Page_TripFocus/a_' is clicked on

22-10-2025T09:43:42 - [MESSAGE][INFO] - Unable to find the element located by 'By.xpath: //div[@id='slide-out-panel-be7a097e-ea42-e8f0-d286-7e28141d5eaa']/section/div[5]/ul/li[2]/a'. Please recheck the objects properties to make sure the desired element is located. 

22-10-2025T09:43:42 - [MESSAGE][WARNING] - [SELF-HEALING] Failed to find element with id 'Object Repository/TripFocus/Page_TripFocus/a_'. Try using Self-healing.

22-10-2025T09:43:42 - [MESSAGE][INFO] - [SELF-HEALING] Failed Locator: '//div[@id='slide-out-panel-be7a097e-ea42-e8f0-d286-7e28141d5eaa']/section/div[5]/ul/li[2]/a'.

22-10-2025T09:43:42 - [MESSAGE][INFO] - [SELF-HEALING] Failed Locator: '//a[contains(text(),'‹')]'.

22-10-2025T09:43:42 - [MESSAGE][INFO] - [SELF-HEALING] Failed Locator: '(.//*[normalize-space(text()) and normalize-space(.)='#4000 United Fuel'])[1]/following::a[2]'.

22-10-2025T09:43:42 - [MESSAGE][INFO] - [SELF-HEALING] Failed Locator: '(.//*[normalize-space(text()) and normalize-space(.)='CARY OIL CO'])[2]/following::a[2]'.

22-10-2025T09:43:42 - [MESSAGE][INFO] - [SELF-HEALING] Working Locator: '(.//*[normalize-space(text()) and normalize-space(.)='›'])[1]/preceding::a[3]'.

22-10-2025T09:43:42 - [MESSAGE][INFO] - [SELF-HEALING] Screenshot: D:/ADOagent/vsts-agent-win-x64-2.217.2/_work/944/s/Reports/Self-healing/Object Repository/TripFocus/Page_TripFocus/a__neighbor.png

22-10-2025T09:43:42 - [MESSAGE][WARNING] - [SELF-HEALING] The current locator of test object 'Object Repository/TripFocus/Page_TripFocus/a_' was broken. Propose an alternative one: '(.//*[normalize-space(text()) and normalize-space(.)='›'])[1]/preceding::a[3]'.

22-10-2025T09:43:42 - [MESSAGE][PASSED] - Object: 'Object Repository/TripFocus/Page_TripFocus/a_' is clicked on

22-10-2025T09:43:42 - [TEST_STEP][PASSED] - closeBrowser(): Browser is closed

22-10-2025T09:43:43 - [MESSAGE][PASSED] - Browser is closed

22-10-2025T09:43:43 - [TEST_STEP][PASSED] - Start listener action : retryOnDisconnect: null

22-10-2025T09:43:43 - [TEST_STEP][PASSED] - tcId = testCaseContext.getTestCaseId(): null

22-10-2025T09:43:43 - [TEST_STEP][PASSED] - currentRetry = retryCounts.getOrDefault(tcId, 0): null

22-10-2025T09:43:43 - [TEST_STEP][PASSED] - if (testCaseContext.getTestCaseStatus() == "FAILED" && currentRetry < MAX_RETRIES): null]]></system-out>
         <system-err><![CDATA[]]></system-err>
      </testcase>
      <testcase name="Test Cases/TripFocus/FDG/FDG - Notification/FDG - Verify Notification Per Page Dropdown" time="32.649" classname="Test Cases/TripFocus/FDG/FDG - Notification/FDG - Verify Notification Per Page Dropdown" status="PASSED">
         <system-out><![CDATA[22-10-2025T09:43:43 - [TEST_CASE][PASSED] - Test Cases/TripFocus/FDG/FDG - Notification/FDG - Verify Notification Per Page Dropdown: Test Cases/TripFocus/FDG/FDG - Notification/FDG - Verify Notification Per Page Dropdown

22-10-2025T09:43:43 - [TEST_STEP][PASSED] - Start listener action : beforeTestCase: null

22-10-2025T09:43:43 - [TEST_STEP][PASSED] - addDefaultPackages(): null

22-10-2025T09:43:43 - [TEST_STEP][PASSED] - callTestCase(findTestCase("Utility Scripts/Open Browser"), ["destinationURL":TFBaseURL], STOP_ON_FAILURE): Call Test Case 'Test Cases/Utility Scripts/Open Browser' successfully

22-10-2025T09:43:43 - [TEST_CASE][PASSED] - Test Cases/Utility Scripts/Open Browser: Test Cases/Utility Scripts/Open Browser

22-10-2025T09:43:43 - [TEST_STEP][PASSED] - openBrowser(""): Browser is opened with url: ''

22-10-2025T09:43:43 - [MESSAGE][INFO] - Starting 'Chrome' driver

22-10-2025T09:43:43 - [MESSAGE][INFO] - User set preference: ['args', '[--no-sandbox, --disable-gpu, --disable-dev-shm-usage]']

22-10-2025T09:43:43 - [MESSAGE][INFO] - Action delay is set to 0 milliseconds

22-10-2025T09:43:44 - [MESSAGE][PASSED] - Browser is opened with url: ''

22-10-2025T09:43:44 - [TEST_STEP][PASSED] - navigateToUrl(destinationURL): Navigate to 'https://www.qa.tripfocus.com' successfully

22-10-2025T09:43:45 - [MESSAGE][PASSED] - Navigate to 'https://www.qa.tripfocus.com' successfully

22-10-2025T09:43:45 - [TEST_STEP][PASSED] - if (maximizeWindow == true): Current window maximized

22-10-2025T09:43:45 - [TEST_STEP][PASSED] - maximizeWindow(STOP_ON_FAILURE): Current window maximized

22-10-2025T09:43:45 - [MESSAGE][PASSED] - Current window maximized

22-10-2025T09:43:45 - [MESSAGE][PASSED] - Call Test Case 'Test Cases/Utility Scripts/Open Browser' successfully

22-10-2025T09:43:45 - [TEST_STEP][PASSED] - callTestCase(findTestCase("Utility Scripts/TF Sign In"), ["userName":TripFocusPenskeFDGUsername, "password":TripFocusFDGSPGPassword], STOP_ON_FAILURE): Call Test Case 'Test Cases/Utility Scripts/TF Sign In' successfully

22-10-2025T09:43:45 - [TEST_CASE][PASSED] - Test Cases/Utility Scripts/TF Sign In: Test Cases/Utility Scripts/TF Sign In

22-10-2025T09:43:45 - [TEST_STEP][PASSED] - click(findTestObject("Object Repository/TripFocus/Page_TripFocus/button_Sign in")): Object: 'Object Repository/TripFocus/Page_TripFocus/button_Sign in' is clicked on

22-10-2025T09:43:45 - [MESSAGE][PASSED] - Object: 'Object Repository/TripFocus/Page_TripFocus/button_Sign in' is clicked on

22-10-2025T09:43:45 - [TEST_STEP][PASSED] - setText(findTestObject("Object Repository/TripFocus/Page_TripFocus/input_Username (e.g. email address)_Username"), userName): Text 'Ashford.Chenault+PenskeCustomerFDGONLY@thekag.com' is set on object 'Object Repository/TripFocus/Page_TripFocus/input_Username (e.g. email address)_Username'

22-10-2025T09:43:46 - [MESSAGE][PASSED] - Text 'Ashford.Chenault+PenskeCustomerFDGONLY@thekag.com' is set on object 'Object Repository/TripFocus/Page_TripFocus/input_Username (e.g. email address)_Username'

22-10-2025T09:43:46 - [TEST_STEP][PASSED] - setText(findTestObject("Object Repository/TripFocus/Page_TripFocus/input_Password_Password"), password): Text 'CrashBan911!!' is set on object 'Object Repository/TripFocus/Page_TripFocus/input_Password_Password'

22-10-2025T09:43:46 - [MESSAGE][PASSED] - Text 'CrashBan911!!' is set on object 'Object Repository/TripFocus/Page_TripFocus/input_Password_Password'

22-10-2025T09:43:46 - [TEST_STEP][PASSED] - click(findTestObject("Object Repository/TripFocus/Page_TripFocus/button_Login")): Object: 'Object Repository/TripFocus/Page_TripFocus/button_Login' is clicked on

22-10-2025T09:43:47 - [MESSAGE][PASSED] - Object: 'Object Repository/TripFocus/Page_TripFocus/button_Login' is clicked on

22-10-2025T09:43:47 - [TEST_STEP][PASSED] - maximizeWindow(): Current window maximized

22-10-2025T09:43:47 - [MESSAGE][PASSED] - Current window maximized

22-10-2025T09:43:47 - [TEST_STEP][PASSED] - waitForElementVisible(findTestObject("TripFocus/Testing_Notification_btn"), 5, OPTIONAL): Web element with id: 'Object Repository/TripFocus/Testing_Notification_btn' located by '//*[@id="__BVID__10___BV_modal_footer_"]/button' not found

22-10-2025T09:43:53 - [MESSAGE][INFO] - Unable to find the element located by 'By.xpath: //*[@id="__BVID__10___BV_modal_footer_"]/button'. Please recheck the objects properties to make sure the desired element is located. 

22-10-2025T09:43:53 - [MESSAGE][WARNING] - [SELF-HEALING] Failed to find element with id 'Object Repository/TripFocus/Testing_Notification_btn'. Try using Self-healing.

22-10-2025T09:43:54 - [MESSAGE][INFO] - [SELF-HEALING] No working XPath is found.

22-10-2025T09:43:56 - [MESSAGE][INFO] - Unable to find the element located by 'By.xpath: '. Please recheck the objects properties to make sure the desired element is located. 

22-10-2025T09:43:56 - [MESSAGE][WARNING] - [SELF-HEALING] Cannot find elements when the selector is null

22-10-2025T09:43:56 - [MESSAGE][WARNING] - Web element with id: 'Object Repository/TripFocus/Testing_Notification_btn' located by '//*[@id="__BVID__10___BV_modal_footer_"]/button' not found

22-10-2025T09:43:56 - [TEST_STEP][PASSED] - if (verifyElementVisible(findTestObject("TripFocus/Testing_Notification_btn"), OPTIONAL) == true): Web element with id: 'Object Repository/TripFocus/Testing_Notification_btn' located by '//*[@id="__BVID__10___BV_modal_footer_"]/button' not found (Root cause: com.kms.katalon.core.exception.StepFailedException: Web element with id: 'Object Repository/TripFocus/Testing_Notification_btn' located by '//*[@id="__BVID__10___BV_modal_footer_"]/button' not found
	at com.kms.katalon.core.webui.keyword.internal.WebUIKeywordMain.stepFailed(WebUIKeywordMain.groovy:117)
	at com.kms.katalon.core.webui.keyword.builtin.VerifyElementVisibleKeyword$_verifyElementVisible_closure1.doCall(VerifyElementVisibleKeyword.groovy:89)
	at com.kms.katalon.core.webui.keyword.builtin.VerifyElementVisibleKeyword$_verifyElementVisible_closure1.call(VerifyElementVisibleKeyword.groovy)
	at com.kms.katalon.core.webui.keyword.internal.WebUIKeywordMain.runKeyword(WebUIKeywordMain.groovy:35)
	at com.kms.katalon.core.webui.keyword.builtin.VerifyElementVisibleKeyword.verifyElementVisible(VerifyElementVisibleKeyword.groovy:97)
	at com.kms.katalon.core.webui.keyword.builtin.VerifyElementVisibleKeyword.execute(VerifyElementVisibleKeyword.groovy:67)
	at com.kms.katalon.core.keyword.internal.KeywordExecutor.executeKeywordForPlatform(KeywordExecutor.groovy:74)
	at com.kms.katalon.core.webui.keyword.WebUiBuiltInKeywords.verifyElementVisible(WebUiBuiltInKeywords.groovy:401)
	at com.kms.katalon.core.webui.keyword.WebUiBuiltInKeywords$verifyElementVisible$6.call(Unknown Source)
	at TF Sign In.run(TF Sign In:33)
	at com.kms.katalon.core.main.ScriptEngine.run(ScriptEngine.java:194)
	at com.kms.katalon.core.main.ScriptEngine.runScriptAsRawText(ScriptEngine.java:119)
	at com.kms.katalon.core.main.TestCaseExecutor.runScript(TestCaseExecutor.java:448)
	at com.kms.katalon.core.main.TestCaseExecutor.doExecute(TestCaseExecutor.java:439)
	at com.kms.katalon.core.main.TestCaseExecutor.processExecutionPhase(TestCaseExecutor.java:418)
	at com.kms.katalon.core.main.TestCaseExecutor.accessMainPhase(TestCaseExecutor.java:410)
	at com.kms.katalon.core.main.TestCaseExecutor.execute(TestCaseExecutor.java:285)
	at com.kms.katalon.core.main.TestCaseMain.runTestCase(TestCaseMain.java:137)
	at com.kms.katalon.core.keyword.builtin.CallTestCaseKeyword$_callTestCase_closure1.doCall(CallTestCaseKeyword.groovy:59)
	at com.kms.katalon.core.keyword.builtin.CallTestCaseKeyword$_callTestCase_closure1.call(CallTestCaseKeyword.groovy)
	at com.kms.katalon.core.keyword.internal.KeywordMain.runKeyword(KeywordMain.groovy:75)
	at com.kms.katalon.core.keyword.builtin.CallTestCaseKeyword.callTestCase(CallTestCaseKeyword.groovy:81)
	at com.kms.katalon.core.keyword.builtin.CallTestCaseKeyword.execute(CallTestCaseKeyword.groovy:44)
	at com.kms.katalon.core.keyword.internal.KeywordExecutor.executeKeywordForPlatform(KeywordExecutor.groovy:74)
	at com.kms.katalon.core.keyword.BuiltinKeywords.callTestCase(BuiltinKeywords.groovy:310)
	at jdk.internal.reflect.GeneratedMethodAccessor33.invoke(Unknown Source)
	at java.base/jdk.internal.reflect.DelegatingMethodAccessorImpl.invoke(DelegatingMethodAccessorImpl.java:43)
	at FDG - Verify Notification Per Page Dropdown.run(FDG - Verify Notification Per Page Dropdown:22)
	at com.kms.katalon.core.main.ScriptEngine.run(ScriptEngine.java:194)
	at com.kms.katalon.core.main.ScriptEngine.runScriptAsRawText(ScriptEngine.java:119)
	at com.kms.katalon.core.main.TestCaseExecutor.runScript(TestCaseExecutor.java:448)
	at com.kms.katalon.core.main.TestCaseExecutor.doExecute(TestCaseExecutor.java:439)
	at com.kms.katalon.core.main.TestCaseExecutor.processExecutionPhase(TestCaseExecutor.java:418)
	at com.kms.katalon.core.main.TestCaseExecutor.accessMainPhase(TestCaseExecutor.java:410)
	at com.kms.katalon.core.main.TestCaseExecutor.execute(TestCaseExecutor.java:285)
	at com.kms.katalon.core.common.CommonExecutor.accessTestCaseMainPhase(CommonExecutor.java:65)
	at com.kms.katalon.core.main.TestSuiteExecutor.accessTestSuiteMainPhase(TestSuiteExecutor.java:150)
	at com.kms.katalon.core.main.TestSuiteExecutor.execute(TestSuiteExecutor.java:106)
	at com.kms.katalon.core.main.TestCaseMain.startTestSuite(TestCaseMain.java:180)
	at com.kms.katalon.core.main.TestCaseMain$startTestSuite$0.call(Unknown Source)
	at TempTestSuite1761139051700.run(TempTestSuite1761139051700.groovy:35)
	at java.base/jdk.internal.reflect.NativeMethodAccessorImpl.invoke0(Native Method)
	at java.base/jdk.internal.reflect.NativeMethodAccessorImpl.invoke(NativeMethodAccessorImpl.java:77)
	at java.base/jdk.internal.reflect.DelegatingMethodAccessorImpl.invoke(DelegatingMethodAccessorImpl.java:43)
)

22-10-2025T09:44:12 - [MESSAGE][INFO] - Unable to find the element located by 'By.xpath: //*[@id="__BVID__10___BV_modal_footer_"]/button'. Please recheck the objects properties to make sure the desired element is located. 

22-10-2025T09:44:12 - [MESSAGE][WARNING] - [SELF-HEALING] Failed to find element with id 'Object Repository/TripFocus/Testing_Notification_btn'. Try using Self-healing.

22-10-2025T09:44:13 - [MESSAGE][INFO] - [SELF-HEALING] No working XPath is found.

22-10-2025T09:44:15 - [MESSAGE][INFO] - Unable to find the element located by 'By.xpath: '. Please recheck the objects properties to make sure the desired element is located. 

22-10-2025T09:44:15 - [MESSAGE][WARNING] - [SELF-HEALING] Cannot find elements when the selector is null

22-10-2025T09:44:15 - [MESSAGE][WARNING] - Web element with id: 'Object Repository/TripFocus/Testing_Notification_btn' located by '//*[@id="__BVID__10___BV_modal_footer_"]/button' not found (Root cause: com.kms.katalon.core.exception.StepFailedException: Web element with id: 'Object Repository/TripFocus/Testing_Notification_btn' located by '//*[@id="__BVID__10___BV_modal_footer_"]/button' not found
	at com.kms.katalon.core.webui.keyword.internal.WebUIKeywordMain.stepFailed(WebUIKeywordMain.groovy:117)
	at com.kms.katalon.core.webui.keyword.builtin.VerifyElementVisibleKeyword$_verifyElementVisible_closure1.doCall(VerifyElementVisibleKeyword.groovy:89)
	at com.kms.katalon.core.webui.keyword.builtin.VerifyElementVisibleKeyword$_verifyElementVisible_closure1.call(VerifyElementVisibleKeyword.groovy)
	at com.kms.katalon.core.webui.keyword.internal.WebUIKeywordMain.runKeyword(WebUIKeywordMain.groovy:35)
	at com.kms.katalon.core.webui.keyword.builtin.VerifyElementVisibleKeyword.verifyElementVisible(VerifyElementVisibleKeyword.groovy:97)
	at com.kms.katalon.core.webui.keyword.builtin.VerifyElementVisibleKeyword.execute(VerifyElementVisibleKeyword.groovy:67)
	at com.kms.katalon.core.keyword.internal.KeywordExecutor.executeKeywordForPlatform(KeywordExecutor.groovy:74)
	at com.kms.katalon.core.webui.keyword.WebUiBuiltInKeywords.verifyElementVisible(WebUiBuiltInKeywords.groovy:401)
	at com.kms.katalon.core.webui.keyword.WebUiBuiltInKeywords$verifyElementVisible$6.call(Unknown Source)
	at TF Sign In.run(TF Sign In:33)
	at com.kms.katalon.core.main.ScriptEngine.run(ScriptEngine.java:194)
	at com.kms.katalon.core.main.ScriptEngine.runScriptAsRawText(ScriptEngine.java:119)
	at com.kms.katalon.core.main.TestCaseExecutor.runScript(TestCaseExecutor.java:448)
	at com.kms.katalon.core.main.TestCaseExecutor.doExecute(TestCaseExecutor.java:439)
	at com.kms.katalon.core.main.TestCaseExecutor.processExecutionPhase(TestCaseExecutor.java:418)
	at com.kms.katalon.core.main.TestCaseExecutor.accessMainPhase(TestCaseExecutor.java:410)
	at com.kms.katalon.core.main.TestCaseExecutor.execute(TestCaseExecutor.java:285)
	at com.kms.katalon.core.main.TestCaseMain.runTestCase(TestCaseMain.java:137)
	at com.kms.katalon.core.keyword.builtin.CallTestCaseKeyword$_callTestCase_closure1.doCall(CallTestCaseKeyword.groovy:59)
	at com.kms.katalon.core.keyword.builtin.CallTestCaseKeyword$_callTestCase_closure1.call(CallTestCaseKeyword.groovy)
	at com.kms.katalon.core.keyword.internal.KeywordMain.runKeyword(KeywordMain.groovy:75)
	at com.kms.katalon.core.keyword.builtin.CallTestCaseKeyword.callTestCase(CallTestCaseKeyword.groovy:81)
	at com.kms.katalon.core.keyword.builtin.CallTestCaseKeyword.execute(CallTestCaseKeyword.groovy:44)
	at com.kms.katalon.core.keyword.internal.KeywordExecutor.executeKeywordForPlatform(KeywordExecutor.groovy:74)
	at com.kms.katalon.core.keyword.BuiltinKeywords.callTestCase(BuiltinKeywords.groovy:310)
	at jdk.internal.reflect.GeneratedMethodAccessor33.invoke(Unknown Source)
	at java.base/jdk.internal.reflect.DelegatingMethodAccessorImpl.invoke(DelegatingMethodAccessorImpl.java:43)
	at FDG - Verify Notification Per Page Dropdown.run(FDG - Verify Notification Per Page Dropdown:22)
	at com.kms.katalon.core.main.ScriptEngine.run(ScriptEngine.java:194)
	at com.kms.katalon.core.main.ScriptEngine.runScriptAsRawText(ScriptEngine.java:119)
	at com.kms.katalon.core.main.TestCaseExecutor.runScript(TestCaseExecutor.java:448)
	at com.kms.katalon.core.main.TestCaseExecutor.doExecute(TestCaseExecutor.java:439)
	at com.kms.katalon.core.main.TestCaseExecutor.processExecutionPhase(TestCaseExecutor.java:418)
	at com.kms.katalon.core.main.TestCaseExecutor.accessMainPhase(TestCaseExecutor.java:410)
	at com.kms.katalon.core.main.TestCaseExecutor.execute(TestCaseExecutor.java:285)
	at com.kms.katalon.core.common.CommonExecutor.accessTestCaseMainPhase(CommonExecutor.java:65)
	at com.kms.katalon.core.main.TestSuiteExecutor.accessTestSuiteMainPhase(TestSuiteExecutor.java:150)
	at com.kms.katalon.core.main.TestSuiteExecutor.execute(TestSuiteExecutor.java:106)
	at com.kms.katalon.core.main.TestCaseMain.startTestSuite(TestCaseMain.java:180)
	at com.kms.katalon.core.main.TestCaseMain$startTestSuite$0.call(Unknown Source)
	at TempTestSuite1761139051700.run(TempTestSuite1761139051700.groovy:35)
	at java.base/jdk.internal.reflect.NativeMethodAccessorImpl.invoke0(Native Method)
	at java.base/jdk.internal.reflect.NativeMethodAccessorImpl.invoke(NativeMethodAccessorImpl.java:77)
	at java.base/jdk.internal.reflect.DelegatingMethodAccessorImpl.invoke(DelegatingMethodAccessorImpl.java:43)
)

22-10-2025T09:44:15 - [MESSAGE][PASSED] - Call Test Case 'Test Cases/Utility Scripts/TF Sign In' successfully

22-10-2025T09:44:15 - [TEST_STEP][PASSED] - click(findTestObject("Object Repository/TripFocus/Page_TripFocus/a_Notifications")): Object: 'Object Repository/TripFocus/Page_TripFocus/a_Notifications' is clicked on

22-10-2025T09:44:15 - [MESSAGE][PASSED] - Object: 'Object Repository/TripFocus/Page_TripFocus/a_Notifications' is clicked on

22-10-2025T09:44:15 - [TEST_STEP][PASSED] - selectOptionByValue(findTestObject("Object Repository/TripFocus/Page_TripFocus/select_5102550100500"), "5", true): All options with value '5' are selected in object 'Object Repository/TripFocus/Page_TripFocus/select_5102550100500'  using regular expression

22-10-2025T09:44:16 - [MESSAGE][PASSED] - All options with value '5' are selected in object 'Object Repository/TripFocus/Page_TripFocus/select_5102550100500'  using regular expression

22-10-2025T09:44:16 - [TEST_STEP][PASSED] - selectOptionByValue(findTestObject("Object Repository/TripFocus/Page_TripFocus/select_5102550100500"), "10", true): All options with value '10' are selected in object 'Object Repository/TripFocus/Page_TripFocus/select_5102550100500'  using regular expression

22-10-2025T09:44:16 - [MESSAGE][PASSED] - All options with value '10' are selected in object 'Object Repository/TripFocus/Page_TripFocus/select_5102550100500'  using regular expression

22-10-2025T09:44:16 - [TEST_STEP][PASSED] - closeBrowser(): Browser is closed

22-10-2025T09:44:16 - [MESSAGE][PASSED] - Browser is closed

22-10-2025T09:44:16 - [TEST_STEP][PASSED] - Start listener action : retryOnDisconnect: null

22-10-2025T09:44:16 - [TEST_STEP][PASSED] - tcId = testCaseContext.getTestCaseId(): null

22-10-2025T09:44:16 - [TEST_STEP][PASSED] - currentRetry = retryCounts.getOrDefault(tcId, 0): null

22-10-2025T09:44:16 - [TEST_STEP][PASSED] - if (testCaseContext.getTestCaseStatus() == "FAILED" && currentRetry < MAX_RETRIES): null]]></system-out>
         <system-err><![CDATA[]]></system-err>
      </testcase>
      <testcase name="Test Cases/TripFocus/FDG/FDG - Notification/FDG - Can Not Create Notification Without Delivery Site" time="86.391" classname="Test Cases/TripFocus/FDG/FDG - Notification/FDG - Can Not Create Notification Without Delivery Site" status="PASSED">
         <system-out><![CDATA[22-10-2025T09:44:16 - [TEST_CASE][PASSED] - Test Cases/TripFocus/FDG/FDG - Notification/FDG - Can Not Create Notification Without Delivery Site: Test Cases/TripFocus/FDG/FDG - Notification/FDG - Can Not Create Notification Without Delivery Site

22-10-2025T09:44:16 - [TEST_STEP][PASSED] - Start listener action : beforeTestCase: null

22-10-2025T09:44:16 - [TEST_STEP][PASSED] - addDefaultPackages(): null

22-10-2025T09:44:16 - [TEST_STEP][PASSED] - callTestCase(findTestCase("Utility Scripts/Open Browser"), ["destinationURL":TFBaseURL], STOP_ON_FAILURE): Call Test Case 'Test Cases/Utility Scripts/Open Browser' successfully

22-10-2025T09:44:16 - [TEST_CASE][PASSED] - Test Cases/Utility Scripts/Open Browser: Test Cases/Utility Scripts/Open Browser

22-10-2025T09:44:16 - [TEST_STEP][PASSED] - openBrowser(""): Browser is opened with url: ''

22-10-2025T09:44:16 - [MESSAGE][INFO] - Starting 'Chrome' driver

22-10-2025T09:44:16 - [MESSAGE][INFO] - User set preference: ['args', '[--no-sandbox, --disable-gpu, --disable-dev-shm-usage]']

22-10-2025T09:44:16 - [MESSAGE][INFO] - Action delay is set to 0 milliseconds

22-10-2025T09:44:17 - [MESSAGE][PASSED] - Browser is opened with url: ''

22-10-2025T09:44:17 - [TEST_STEP][PASSED] - navigateToUrl(destinationURL): Navigate to 'https://www.qa.tripfocus.com' successfully

22-10-2025T09:44:17 - [MESSAGE][PASSED] - Navigate to 'https://www.qa.tripfocus.com' successfully

22-10-2025T09:44:17 - [TEST_STEP][PASSED] - if (maximizeWindow == true): Current window maximized

22-10-2025T09:44:17 - [TEST_STEP][PASSED] - maximizeWindow(STOP_ON_FAILURE): Current window maximized

22-10-2025T09:44:17 - [MESSAGE][PASSED] - Current window maximized

22-10-2025T09:44:17 - [MESSAGE][PASSED] - Call Test Case 'Test Cases/Utility Scripts/Open Browser' successfully

22-10-2025T09:44:17 - [TEST_STEP][PASSED] - callTestCase(findTestCase("Utility Scripts/TF Sign In"), ["userName":TripFocusPenskeFDGUsername, "password":TripFocusFDGSPGPassword], STOP_ON_FAILURE): Call Test Case 'Test Cases/Utility Scripts/TF Sign In' successfully

22-10-2025T09:44:17 - [TEST_CASE][PASSED] - Test Cases/Utility Scripts/TF Sign In: Test Cases/Utility Scripts/TF Sign In

22-10-2025T09:44:17 - [TEST_STEP][PASSED] - click(findTestObject("Object Repository/TripFocus/Page_TripFocus/button_Sign in")): Object: 'Object Repository/TripFocus/Page_TripFocus/button_Sign in' is clicked on

22-10-2025T09:44:17 - [MESSAGE][PASSED] - Object: 'Object Repository/TripFocus/Page_TripFocus/button_Sign in' is clicked on

22-10-2025T09:44:17 - [TEST_STEP][PASSED] - setText(findTestObject("Object Repository/TripFocus/Page_TripFocus/input_Username (e.g. email address)_Username"), userName): Text 'Ashford.Chenault+PenskeCustomerFDGONLY@thekag.com' is set on object 'Object Repository/TripFocus/Page_TripFocus/input_Username (e.g. email address)_Username'

22-10-2025T09:44:18 - [MESSAGE][PASSED] - Text 'Ashford.Chenault+PenskeCustomerFDGONLY@thekag.com' is set on object 'Object Repository/TripFocus/Page_TripFocus/input_Username (e.g. email address)_Username'

22-10-2025T09:44:18 - [TEST_STEP][PASSED] - setText(findTestObject("Object Repository/TripFocus/Page_TripFocus/input_Password_Password"), password): Text 'CrashBan911!!' is set on object 'Object Repository/TripFocus/Page_TripFocus/input_Password_Password'

22-10-2025T09:44:18 - [MESSAGE][PASSED] - Text 'CrashBan911!!' is set on object 'Object Repository/TripFocus/Page_TripFocus/input_Password_Password'

22-10-2025T09:44:18 - [TEST_STEP][PASSED] - click(findTestObject("Object Repository/TripFocus/Page_TripFocus/button_Login")): Object: 'Object Repository/TripFocus/Page_TripFocus/button_Login' is clicked on

22-10-2025T09:44:18 - [MESSAGE][PASSED] - Object: 'Object Repository/TripFocus/Page_TripFocus/button_Login' is clicked on

22-10-2025T09:44:18 - [TEST_STEP][PASSED] - maximizeWindow(): Current window maximized

22-10-2025T09:44:19 - [MESSAGE][PASSED] - Current window maximized

22-10-2025T09:44:19 - [TEST_STEP][PASSED] - waitForElementVisible(findTestObject("TripFocus/Testing_Notification_btn"), 5, OPTIONAL): Web element with id: 'Object Repository/TripFocus/Testing_Notification_btn' located by '//*[@id="__BVID__10___BV_modal_footer_"]/button' not found

22-10-2025T09:44:25 - [MESSAGE][INFO] - Unable to find the element located by 'By.xpath: //*[@id="__BVID__10___BV_modal_footer_"]/button'. Please recheck the objects properties to make sure the desired element is located. 

22-10-2025T09:44:25 - [MESSAGE][WARNING] - [SELF-HEALING] Failed to find element with id 'Object Repository/TripFocus/Testing_Notification_btn'. Try using Self-healing.

22-10-2025T09:44:26 - [MESSAGE][INFO] - [SELF-HEALING] No working XPath is found.

22-10-2025T09:44:28 - [MESSAGE][INFO] - Unable to find the element located by 'By.xpath: '. Please recheck the objects properties to make sure the desired element is located. 

22-10-2025T09:44:28 - [MESSAGE][WARNING] - [SELF-HEALING] Cannot find elements when the selector is null

22-10-2025T09:44:28 - [MESSAGE][WARNING] - Web element with id: 'Object Repository/TripFocus/Testing_Notification_btn' located by '//*[@id="__BVID__10___BV_modal_footer_"]/button' not found

22-10-2025T09:44:28 - [TEST_STEP][PASSED] - if (verifyElementVisible(findTestObject("TripFocus/Testing_Notification_btn"), OPTIONAL) == true): Web element with id: 'Object Repository/TripFocus/Testing_Notification_btn' located by '//*[@id="__BVID__10___BV_modal_footer_"]/button' not found (Root cause: com.kms.katalon.core.exception.StepFailedException: Web element with id: 'Object Repository/TripFocus/Testing_Notification_btn' located by '//*[@id="__BVID__10___BV_modal_footer_"]/button' not found
	at com.kms.katalon.core.webui.keyword.internal.WebUIKeywordMain.stepFailed(WebUIKeywordMain.groovy:117)
	at com.kms.katalon.core.webui.keyword.builtin.VerifyElementVisibleKeyword$_verifyElementVisible_closure1.doCall(VerifyElementVisibleKeyword.groovy:89)
	at com.kms.katalon.core.webui.keyword.builtin.VerifyElementVisibleKeyword$_verifyElementVisible_closure1.call(VerifyElementVisibleKeyword.groovy)
	at com.kms.katalon.core.webui.keyword.internal.WebUIKeywordMain.runKeyword(WebUIKeywordMain.groovy:35)
	at com.kms.katalon.core.webui.keyword.builtin.VerifyElementVisibleKeyword.verifyElementVisible(VerifyElementVisibleKeyword.groovy:97)
	at com.kms.katalon.core.webui.keyword.builtin.VerifyElementVisibleKeyword.execute(VerifyElementVisibleKeyword.groovy:67)
	at com.kms.katalon.core.keyword.internal.KeywordExecutor.executeKeywordForPlatform(KeywordExecutor.groovy:74)
	at com.kms.katalon.core.webui.keyword.WebUiBuiltInKeywords.verifyElementVisible(WebUiBuiltInKeywords.groovy:401)
	at com.kms.katalon.core.webui.keyword.WebUiBuiltInKeywords$verifyElementVisible$6.call(Unknown Source)
	at TF Sign In.run(TF Sign In:33)
	at com.kms.katalon.core.main.ScriptEngine.run(ScriptEngine.java:194)
	at com.kms.katalon.core.main.ScriptEngine.runScriptAsRawText(ScriptEngine.java:119)
	at com.kms.katalon.core.main.TestCaseExecutor.runScript(TestCaseExecutor.java:448)
	at com.kms.katalon.core.main.TestCaseExecutor.doExecute(TestCaseExecutor.java:439)
	at com.kms.katalon.core.main.TestCaseExecutor.processExecutionPhase(TestCaseExecutor.java:418)
	at com.kms.katalon.core.main.TestCaseExecutor.accessMainPhase(TestCaseExecutor.java:410)
	at com.kms.katalon.core.main.TestCaseExecutor.execute(TestCaseExecutor.java:285)
	at com.kms.katalon.core.main.TestCaseMain.runTestCase(TestCaseMain.java:137)
	at com.kms.katalon.core.keyword.builtin.CallTestCaseKeyword$_callTestCase_closure1.doCall(CallTestCaseKeyword.groovy:59)
	at com.kms.katalon.core.keyword.builtin.CallTestCaseKeyword$_callTestCase_closure1.call(CallTestCaseKeyword.groovy)
	at com.kms.katalon.core.keyword.internal.KeywordMain.runKeyword(KeywordMain.groovy:75)
	at com.kms.katalon.core.keyword.builtin.CallTestCaseKeyword.callTestCase(CallTestCaseKeyword.groovy:81)
	at com.kms.katalon.core.keyword.builtin.CallTestCaseKeyword.execute(CallTestCaseKeyword.groovy:44)
	at com.kms.katalon.core.keyword.internal.KeywordExecutor.executeKeywordForPlatform(KeywordExecutor.groovy:74)
	at com.kms.katalon.core.keyword.BuiltinKeywords.callTestCase(BuiltinKeywords.groovy:310)
	at jdk.internal.reflect.GeneratedMethodAccessor33.invoke(Unknown Source)
	at java.base/jdk.internal.reflect.DelegatingMethodAccessorImpl.invoke(DelegatingMethodAccessorImpl.java:43)
	at FDG - Can Not Create Notification Without Delivery Site.run(FDG - Can Not Create Notification Without Delivery Site:22)
	at com.kms.katalon.core.main.ScriptEngine.run(ScriptEngine.java:194)
	at com.kms.katalon.core.main.ScriptEngine.runScriptAsRawText(ScriptEngine.java:119)
	at com.kms.katalon.core.main.TestCaseExecutor.runScript(TestCaseExecutor.java:448)
	at com.kms.katalon.core.main.TestCaseExecutor.doExecute(TestCaseExecutor.java:439)
	at com.kms.katalon.core.main.TestCaseExecutor.processExecutionPhase(TestCaseExecutor.java:418)
	at com.kms.katalon.core.main.TestCaseExecutor.accessMainPhase(TestCaseExecutor.java:410)
	at com.kms.katalon.core.main.TestCaseExecutor.execute(TestCaseExecutor.java:285)
	at com.kms.katalon.core.common.CommonExecutor.accessTestCaseMainPhase(CommonExecutor.java:65)
	at com.kms.katalon.core.main.TestSuiteExecutor.accessTestSuiteMainPhase(TestSuiteExecutor.java:150)
	at com.kms.katalon.core.main.TestSuiteExecutor.execute(TestSuiteExecutor.java:106)
	at com.kms.katalon.core.main.TestCaseMain.startTestSuite(TestCaseMain.java:180)
	at com.kms.katalon.core.main.TestCaseMain$startTestSuite$0.call(Unknown Source)
	at TempTestSuite1761139051700.run(TempTestSuite1761139051700.groovy:35)
	at java.base/jdk.internal.reflect.NativeMethodAccessorImpl.invoke0(Native Method)
	at java.base/jdk.internal.reflect.NativeMethodAccessorImpl.invoke(NativeMethodAccessorImpl.java:77)
	at java.base/jdk.internal.reflect.DelegatingMethodAccessorImpl.invoke(DelegatingMethodAccessorImpl.java:43)
)

22-10-2025T09:44:44 - [MESSAGE][INFO] - Unable to find the element located by 'By.xpath: //*[@id="__BVID__10___BV_modal_footer_"]/button'. Please recheck the objects properties to make sure the desired element is located. 

22-10-2025T09:44:44 - [MESSAGE][WARNING] - [SELF-HEALING] Failed to find element with id 'Object Repository/TripFocus/Testing_Notification_btn'. Try using Self-healing.

22-10-2025T09:44:45 - [MESSAGE][INFO] - [SELF-HEALING] No working XPath is found.

22-10-2025T09:44:47 - [MESSAGE][INFO] - Unable to find the element located by 'By.xpath: '. Please recheck the objects properties to make sure the desired element is located. 

22-10-2025T09:44:47 - [MESSAGE][WARNING] - [SELF-HEALING] Cannot find elements when the selector is null

22-10-2025T09:44:47 - [MESSAGE][WARNING] - Web element with id: 'Object Repository/TripFocus/Testing_Notification_btn' located by '//*[@id="__BVID__10___BV_modal_footer_"]/button' not found (Root cause: com.kms.katalon.core.exception.StepFailedException: Web element with id: 'Object Repository/TripFocus/Testing_Notification_btn' located by '//*[@id="__BVID__10___BV_modal_footer_"]/button' not found
	at com.kms.katalon.core.webui.keyword.internal.WebUIKeywordMain.stepFailed(WebUIKeywordMain.groovy:117)
	at com.kms.katalon.core.webui.keyword.builtin.VerifyElementVisibleKeyword$_verifyElementVisible_closure1.doCall(VerifyElementVisibleKeyword.groovy:89)
	at com.kms.katalon.core.webui.keyword.builtin.VerifyElementVisibleKeyword$_verifyElementVisible_closure1.call(VerifyElementVisibleKeyword.groovy)
	at com.kms.katalon.core.webui.keyword.internal.WebUIKeywordMain.runKeyword(WebUIKeywordMain.groovy:35)
	at com.kms.katalon.core.webui.keyword.builtin.VerifyElementVisibleKeyword.verifyElementVisible(VerifyElementVisibleKeyword.groovy:97)
	at com.kms.katalon.core.webui.keyword.builtin.VerifyElementVisibleKeyword.execute(VerifyElementVisibleKeyword.groovy:67)
	at com.kms.katalon.core.keyword.internal.KeywordExecutor.executeKeywordForPlatform(KeywordExecutor.groovy:74)
	at com.kms.katalon.core.webui.keyword.WebUiBuiltInKeywords.verifyElementVisible(WebUiBuiltInKeywords.groovy:401)
	at com.kms.katalon.core.webui.keyword.WebUiBuiltInKeywords$verifyElementVisible$6.call(Unknown Source)
	at TF Sign In.run(TF Sign In:33)
	at com.kms.katalon.core.main.ScriptEngine.run(ScriptEngine.java:194)
	at com.kms.katalon.core.main.ScriptEngine.runScriptAsRawText(ScriptEngine.java:119)
	at com.kms.katalon.core.main.TestCaseExecutor.runScript(TestCaseExecutor.java:448)
	at com.kms.katalon.core.main.TestCaseExecutor.doExecute(TestCaseExecutor.java:439)
	at com.kms.katalon.core.main.TestCaseExecutor.processExecutionPhase(TestCaseExecutor.java:418)
	at com.kms.katalon.core.main.TestCaseExecutor.accessMainPhase(TestCaseExecutor.java:410)
	at com.kms.katalon.core.main.TestCaseExecutor.execute(TestCaseExecutor.java:285)
	at com.kms.katalon.core.main.TestCaseMain.runTestCase(TestCaseMain.java:137)
	at com.kms.katalon.core.keyword.builtin.CallTestCaseKeyword$_callTestCase_closure1.doCall(CallTestCaseKeyword.groovy:59)
	at com.kms.katalon.core.keyword.builtin.CallTestCaseKeyword$_callTestCase_closure1.call(CallTestCaseKeyword.groovy)
	at com.kms.katalon.core.keyword.internal.KeywordMain.runKeyword(KeywordMain.groovy:75)
	at com.kms.katalon.core.keyword.builtin.CallTestCaseKeyword.callTestCase(CallTestCaseKeyword.groovy:81)
	at com.kms.katalon.core.keyword.builtin.CallTestCaseKeyword.execute(CallTestCaseKeyword.groovy:44)
	at com.kms.katalon.core.keyword.internal.KeywordExecutor.executeKeywordForPlatform(KeywordExecutor.groovy:74)
	at com.kms.katalon.core.keyword.BuiltinKeywords.callTestCase(BuiltinKeywords.groovy:310)
	at jdk.internal.reflect.GeneratedMethodAccessor33.invoke(Unknown Source)
	at java.base/jdk.internal.reflect.DelegatingMethodAccessorImpl.invoke(DelegatingMethodAccessorImpl.java:43)
	at FDG - Can Not Create Notification Without Delivery Site.run(FDG - Can Not Create Notification Without Delivery Site:22)
	at com.kms.katalon.core.main.ScriptEngine.run(ScriptEngine.java:194)
	at com.kms.katalon.core.main.ScriptEngine.runScriptAsRawText(ScriptEngine.java:119)
	at com.kms.katalon.core.main.TestCaseExecutor.runScript(TestCaseExecutor.java:448)
	at com.kms.katalon.core.main.TestCaseExecutor.doExecute(TestCaseExecutor.java:439)
	at com.kms.katalon.core.main.TestCaseExecutor.processExecutionPhase(TestCaseExecutor.java:418)
	at com.kms.katalon.core.main.TestCaseExecutor.accessMainPhase(TestCaseExecutor.java:410)
	at com.kms.katalon.core.main.TestCaseExecutor.execute(TestCaseExecutor.java:285)
	at com.kms.katalon.core.common.CommonExecutor.accessTestCaseMainPhase(CommonExecutor.java:65)
	at com.kms.katalon.core.main.TestSuiteExecutor.accessTestSuiteMainPhase(TestSuiteExecutor.java:150)
	at com.kms.katalon.core.main.TestSuiteExecutor.execute(TestSuiteExecutor.java:106)
	at com.kms.katalon.core.main.TestCaseMain.startTestSuite(TestCaseMain.java:180)
	at com.kms.katalon.core.main.TestCaseMain$startTestSuite$0.call(Unknown Source)
	at TempTestSuite1761139051700.run(TempTestSuite1761139051700.groovy:35)
	at java.base/jdk.internal.reflect.NativeMethodAccessorImpl.invoke0(Native Method)
	at java.base/jdk.internal.reflect.NativeMethodAccessorImpl.invoke(NativeMethodAccessorImpl.java:77)
	at java.base/jdk.internal.reflect.DelegatingMethodAccessorImpl.invoke(DelegatingMethodAccessorImpl.java:43)
)

22-10-2025T09:44:47 - [MESSAGE][PASSED] - Call Test Case 'Test Cases/Utility Scripts/TF Sign In' successfully

22-10-2025T09:44:47 - [TEST_STEP][PASSED] - click(findTestObject("Object Repository/TripFocus/Page_TripFocus/a_Notifications")): Object: 'Object Repository/TripFocus/Page_TripFocus/a_Notifications' is clicked on

22-10-2025T09:44:47 - [MESSAGE][PASSED] - Object: 'Object Repository/TripFocus/Page_TripFocus/a_Notifications' is clicked on

22-10-2025T09:44:47 - [TEST_STEP][PASSED] - delay(3): Delayed 3 second(s)

22-10-2025T09:44:50 - [MESSAGE][PASSED] - Delayed 3 second(s)

22-10-2025T09:44:50 - [TEST_STEP][PASSED] - click(findTestObject("Object Repository/TripFocus/Page_TripFocus/button_Add New Notification")): Object: 'Object Repository/TripFocus/Page_TripFocus/button_Add New Notification' is clicked on

22-10-2025T09:44:50 - [MESSAGE][PASSED] - Object: 'Object Repository/TripFocus/Page_TripFocus/button_Add New Notification' is clicked on

22-10-2025T09:44:50 - [TEST_STEP][PASSED] - delay(5): Delayed 5 second(s)

22-10-2025T09:44:55 - [MESSAGE][PASSED] - Delayed 5 second(s)

22-10-2025T09:44:55 - [TEST_STEP][PASSED] - click(findTestObject("Object Repository/TripFocus/Page_TripFocus/textarea_Send To_txtSendTo")): Object: 'Object Repository/TripFocus/Page_TripFocus/textarea_Send To_txtSendTo' is clicked on

22-10-2025T09:44:55 - [MESSAGE][PASSED] - Object: 'Object Repository/TripFocus/Page_TripFocus/textarea_Send To_txtSendTo' is clicked on

22-10-2025T09:44:55 - [TEST_STEP][PASSED] - delay(3): Delayed 3 second(s)

22-10-2025T09:44:58 - [MESSAGE][PASSED] - Delayed 3 second(s)

22-10-2025T09:44:58 - [TEST_STEP][PASSED] - setText(findTestObject("Object Repository/TripFocus/Page_TripFocus/input_Send To_txtSendTo"), "bhargavijspr@gmail.com"): Text 'bhargavijspr@gmail.com' is set on object 'Object Repository/TripFocus/Page_TripFocus/input_Send To_txtSendTo'

22-10-2025T09:45:14 - [MESSAGE][INFO] - Unable to find the element located by 'By.xpath: //input[@id='txtSendTo']'. Please recheck the objects properties to make sure the desired element is located. 

22-10-2025T09:45:14 - [MESSAGE][WARNING] - [SELF-HEALING] Failed to find element with id 'Object Repository/TripFocus/Page_TripFocus/input_Send To_txtSendTo'. Try using Self-healing.

22-10-2025T09:45:14 - [MESSAGE][INFO] - [SELF-HEALING] Failed Locator: '//input[@id='txtSendTo']'.

22-10-2025T09:45:14 - [MESSAGE][INFO] - [SELF-HEALING] Failed Locator: '//fieldset[@id='__BVID__133']/div/input'.

22-10-2025T09:45:14 - [MESSAGE][INFO] - [SELF-HEALING] Failed Locator: '//fieldset/div/input'.

22-10-2025T09:45:14 - [MESSAGE][INFO] - [SELF-HEALING] Failed Locator: '//input[@id = 'txtSendTo' and @type = 'text']'.

22-10-2025T09:45:14 - [MESSAGE][INFO] - [SELF-HEALING] Failed Locator: '//fieldset[@id='__BVID__110']/div/input'.

22-10-2025T09:45:14 - [MESSAGE][INFO] - [SELF-HEALING] Failed Locator: '//fieldset[@id='__BVID__107']/div/input'.

22-10-2025T09:45:14 - [MESSAGE][INFO] - [SELF-HEALING] Failed Locator: '//fieldset[@id='__BVID__179']/div/input'.

22-10-2025T09:45:14 - [MESSAGE][INFO] - [SELF-HEALING] Failed Locator: '//fieldset[@id='__BVID__157']/div/input'.

22-10-2025T09:45:14 - [MESSAGE][INFO] - [SELF-HEALING] Failed Locator: '//input[@id='txtSendTo']'.

22-10-2025T09:45:14 - [MESSAGE][INFO] - [SELF-HEALING] Failed Locator: '//fieldset[@id='__BVID__133']/div/input'.

22-10-2025T09:45:14 - [MESSAGE][INFO] - [SELF-HEALING] Failed Locator: '//fieldset/div/input'.

22-10-2025T09:45:14 - [MESSAGE][INFO] - [SELF-HEALING] Failed Locator: '//input[@id = 'txtSendTo' and @type = 'text']'.

22-10-2025T09:45:14 - [MESSAGE][INFO] - [SELF-HEALING] Failed Locator: '//fieldset[@id='__BVID__110']/div/input'.

22-10-2025T09:45:14 - [MESSAGE][INFO] - [SELF-HEALING] Failed Locator: '//fieldset[@id='__BVID__107']/div/input'.

22-10-2025T09:45:14 - [MESSAGE][INFO] - [SELF-HEALING] Failed Locator: '//fieldset[@id='__BVID__179']/div/input'.

22-10-2025T09:45:14 - [MESSAGE][INFO] - [SELF-HEALING] Failed Locator: '//fieldset[@id='__BVID__157']/div/input'.

22-10-2025T09:45:14 - [MESSAGE][INFO] - [SELF-HEALING] Failed Locator: '//input[@id='txtSendTo']'.

22-10-2025T09:45:14 - [MESSAGE][INFO] - [SELF-HEALING] Failed Locator: '//fieldset[@id='__BVID__133']/div/input'.

22-10-2025T09:45:14 - [MESSAGE][INFO] - [SELF-HEALING] Failed Locator: '//fieldset/div/input'.

22-10-2025T09:45:14 - [MESSAGE][INFO] - [SELF-HEALING] Failed Locator: '//input[@id = 'txtSendTo' and @type = 'text']'.

22-10-2025T09:45:14 - [MESSAGE][INFO] - [SELF-HEALING] Failed Locator: '//fieldset[@id='__BVID__110']/div/input'.

22-10-2025T09:45:14 - [MESSAGE][INFO] - [SELF-HEALING] Failed Locator: '//fieldset[@id='__BVID__107']/div/input'.

22-10-2025T09:45:14 - [MESSAGE][INFO] - [SELF-HEALING] Failed Locator: '//fieldset[@id='__BVID__179']/div/input'.

22-10-2025T09:45:14 - [MESSAGE][INFO] - [SELF-HEALING] Failed Locator: '//fieldset[@id='__BVID__157']/div/input'.

22-10-2025T09:45:14 - [MESSAGE][INFO] - [SELF-HEALING] Failed Locator: '//input[@id='txtSendTo']'.

22-10-2025T09:45:14 - [MESSAGE][INFO] - [SELF-HEALING] Failed Locator: '//fieldset[@id='__BVID__133']/div/input'.

22-10-2025T09:45:14 - [MESSAGE][INFO] - [SELF-HEALING] Failed Locator: '//fieldset/div/input'.

22-10-2025T09:45:14 - [MESSAGE][INFO] - [SELF-HEALING] Failed Locator: '//input[@id = 'txtSendTo' and @type = 'text']'.

22-10-2025T09:45:14 - [MESSAGE][INFO] - [SELF-HEALING] Failed Locator: '//fieldset[@id='__BVID__110']/div/input'.

22-10-2025T09:45:14 - [MESSAGE][INFO] - [SELF-HEALING] Failed Locator: '//fieldset[@id='__BVID__107']/div/input'.

22-10-2025T09:45:14 - [MESSAGE][INFO] - [SELF-HEALING] Failed Locator: '//fieldset[@id='__BVID__179']/div/input'.

22-10-2025T09:45:14 - [MESSAGE][INFO] - [SELF-HEALING] Failed Locator: '//fieldset[@id='__BVID__157']/div/input'.

22-10-2025T09:45:14 - [MESSAGE][INFO] - [SELF-HEALING] Failed Locator: '//input[@id='txtSendTo']'.

22-10-2025T09:45:14 - [MESSAGE][INFO] - [SELF-HEALING] Failed Locator: '//fieldset[@id='__BVID__133']/div/input'.

22-10-2025T09:45:14 - [MESSAGE][INFO] - [SELF-HEALING] Failed Locator: '//fieldset/div/input'.

22-10-2025T09:45:15 - [MESSAGE][INFO] - [SELF-HEALING] Failed Locator: '//input[@id = 'txtSendTo' and @type = 'text']'.

22-10-2025T09:45:15 - [MESSAGE][INFO] - [SELF-HEALING] Failed Locator: '//fieldset[@id='__BVID__110']/div/input'.

22-10-2025T09:45:15 - [MESSAGE][INFO] - [SELF-HEALING] Failed Locator: '//fieldset[@id='__BVID__107']/div/input'.

22-10-2025T09:45:15 - [MESSAGE][INFO] - [SELF-HEALING] Failed Locator: '//fieldset[@id='__BVID__179']/div/input'.

22-10-2025T09:45:15 - [MESSAGE][INFO] - [SELF-HEALING] Failed Locator: '//fieldset[@id='__BVID__157']/div/input'.

22-10-2025T09:45:15 - [MESSAGE][INFO] - [SELF-HEALING] Failed Locator: '//input[@id='txtSendTo']'.

22-10-2025T09:45:15 - [MESSAGE][INFO] - [SELF-HEALING] Failed Locator: '//fieldset[@id='__BVID__133']/div/input'.

22-10-2025T09:45:15 - [MESSAGE][INFO] - [SELF-HEALING] Failed Locator: '//fieldset/div/input'.

22-10-2025T09:45:15 - [MESSAGE][INFO] - [SELF-HEALING] Failed Locator: '//input[@id = 'txtSendTo' and @type = 'text']'.

22-10-2025T09:45:15 - [MESSAGE][INFO] - [SELF-HEALING] Failed Locator: '//fieldset[@id='__BVID__110']/div/input'.

22-10-2025T09:45:15 - [MESSAGE][INFO] - [SELF-HEALING] Failed Locator: '//fieldset[@id='__BVID__107']/div/input'.

22-10-2025T09:45:15 - [MESSAGE][INFO] - [SELF-HEALING] Failed Locator: '//fieldset[@id='__BVID__179']/div/input'.

22-10-2025T09:45:15 - [MESSAGE][INFO] - [SELF-HEALING] Failed Locator: '//fieldset[@id='__BVID__157']/div/input'.

22-10-2025T09:45:15 - [MESSAGE][INFO] - [SELF-HEALING] Failed Locator: '//input[@id='txtSendTo']'.

22-10-2025T09:45:15 - [MESSAGE][INFO] - [SELF-HEALING] Failed Locator: '//fieldset[@id='__BVID__133']/div/input'.

22-10-2025T09:45:15 - [MESSAGE][INFO] - [SELF-HEALING] Failed Locator: '//fieldset/div/input'.

22-10-2025T09:45:15 - [MESSAGE][INFO] - [SELF-HEALING] Failed Locator: '//input[@id = 'txtSendTo' and @type = 'text']'.

22-10-2025T09:45:15 - [MESSAGE][INFO] - [SELF-HEALING] Failed Locator: '//fieldset[@id='__BVID__110']/div/input'.

22-10-2025T09:45:15 - [MESSAGE][INFO] - [SELF-HEALING] Failed Locator: '//fieldset[@id='__BVID__107']/div/input'.

22-10-2025T09:45:15 - [MESSAGE][INFO] - [SELF-HEALING] Failed Locator: '//fieldset[@id='__BVID__179']/div/input'.

22-10-2025T09:45:15 - [MESSAGE][INFO] - [SELF-HEALING] Failed Locator: '//fieldset[@id='__BVID__157']/div/input'.

22-10-2025T09:45:15 - [MESSAGE][INFO] - [SELF-HEALING] Failed Locator: '//input[@id='txtSendTo']'.

22-10-2025T09:45:15 - [MESSAGE][INFO] - [SELF-HEALING] Failed Locator: '//fieldset[@id='__BVID__133']/div/input'.

22-10-2025T09:45:15 - [MESSAGE][INFO] - [SELF-HEALING] Failed Locator: '//fieldset/div/input'.

22-10-2025T09:45:15 - [MESSAGE][INFO] - [SELF-HEALING] Failed Locator: '//input[@id = 'txtSendTo' and @type = 'text']'.

22-10-2025T09:45:15 - [MESSAGE][INFO] - [SELF-HEALING] Failed Locator: '//fieldset[@id='__BVID__110']/div/input'.

22-10-2025T09:45:15 - [MESSAGE][INFO] - [SELF-HEALING] Failed Locator: '//fieldset[@id='__BVID__107']/div/input'.

22-10-2025T09:45:15 - [MESSAGE][INFO] - [SELF-HEALING] Failed Locator: '//fieldset[@id='__BVID__179']/div/input'.

22-10-2025T09:45:15 - [MESSAGE][INFO] - [SELF-HEALING] Failed Locator: '//fieldset[@id='__BVID__157']/div/input'.

22-10-2025T09:45:15 - [MESSAGE][INFO] - [SELF-HEALING] Failed Locator: '//input[@id='txtSendTo']'.

22-10-2025T09:45:15 - [MESSAGE][INFO] - [SELF-HEALING] Failed Locator: '//fieldset[@id='__BVID__133']/div/input'.

22-10-2025T09:45:15 - [MESSAGE][INFO] - [SELF-HEALING] Failed Locator: '//fieldset/div/input'.

22-10-2025T09:45:15 - [MESSAGE][INFO] - [SELF-HEALING] Failed Locator: '//input[@id = 'txtSendTo' and @type = 'text']'.

22-10-2025T09:45:15 - [MESSAGE][INFO] - [SELF-HEALING] Failed Locator: '//fieldset[@id='__BVID__110']/div/input'.

22-10-2025T09:45:15 - [MESSAGE][INFO] - [SELF-HEALING] Failed Locator: '//fieldset[@id='__BVID__107']/div/input'.

22-10-2025T09:45:15 - [MESSAGE][INFO] - [SELF-HEALING] Failed Locator: '//fieldset[@id='__BVID__179']/div/input'.

22-10-2025T09:45:15 - [MESSAGE][INFO] - [SELF-HEALING] Failed Locator: '//fieldset[@id='__BVID__157']/div/input'.

22-10-2025T09:45:15 - [MESSAGE][INFO] - [SELF-HEALING] Failed Locator: '//input[@id='txtSendTo']'.

22-10-2025T09:45:15 - [MESSAGE][INFO] - [SELF-HEALING] Failed Locator: '//fieldset[@id='__BVID__133']/div/input'.

22-10-2025T09:45:15 - [MESSAGE][INFO] - [SELF-HEALING] Failed Locator: '//fieldset/div/input'.

22-10-2025T09:45:15 - [MESSAGE][INFO] - [SELF-HEALING] Failed Locator: '//input[@id = 'txtSendTo' and @type = 'text']'.

22-10-2025T09:45:15 - [MESSAGE][INFO] - [SELF-HEALING] Failed Locator: '//fieldset[@id='__BVID__110']/div/input'.

22-10-2025T09:45:15 - [MESSAGE][INFO] - [SELF-HEALING] Failed Locator: '//fieldset[@id='__BVID__107']/div/input'.

22-10-2025T09:45:15 - [MESSAGE][INFO] - [SELF-HEALING] Failed Locator: '//fieldset[@id='__BVID__179']/div/input'.

22-10-2025T09:45:15 - [MESSAGE][INFO] - [SELF-HEALING] Failed Locator: '//fieldset[@id='__BVID__157']/div/input'.

22-10-2025T09:45:15 - [MESSAGE][INFO] - [SELF-HEALING] Failed Locator: '//input[@id='txtSendTo']'.

22-10-2025T09:45:15 - [MESSAGE][INFO] - [SELF-HEALING] Failed Locator: '//fieldset[@id='__BVID__133']/div/input'.

22-10-2025T09:45:15 - [MESSAGE][INFO] - [SELF-HEALING] Failed Locator: '//fieldset/div/input'.

22-10-2025T09:45:15 - [MESSAGE][INFO] - [SELF-HEALING] Failed Locator: '//input[@id = 'txtSendTo' and @type = 'text']'.

22-10-2025T09:45:15 - [MESSAGE][INFO] - [SELF-HEALING] Failed Locator: '//fieldset[@id='__BVID__110']/div/input'.

22-10-2025T09:45:15 - [MESSAGE][INFO] - [SELF-HEALING] Failed Locator: '//fieldset[@id='__BVID__107']/div/input'.

22-10-2025T09:45:15 - [MESSAGE][INFO] - [SELF-HEALING] Failed Locator: '//fieldset[@id='__BVID__179']/div/input'.

22-10-2025T09:45:15 - [MESSAGE][INFO] - [SELF-HEALING] Failed Locator: '//fieldset[@id='__BVID__157']/div/input'.

22-10-2025T09:45:17 - [MESSAGE][INFO] - Unable to find the element located by 'By.xpath: //*[@id = 'txtSendTo' and @type = 'text']'. Please recheck the objects properties to make sure the desired element is located. 

22-10-2025T09:45:17 - [MESSAGE][INFO] - [SELF-HEALING] Screenshot: D:/ADOagent/vsts-agent-win-x64-2.217.2/_work/944/s/Reports/Self-healing/Object Repository/TripFocus/Page_TripFocus/input_Send To_txtSendTo_CSS.png

22-10-2025T09:45:17 - [MESSAGE][WARNING] - [SELF-HEALING] The current locator of test object 'Object Repository/TripFocus/Page_TripFocus/input_Send To_txtSendTo' was broken. Propose an alternative one: '#txtSendTo'.

22-10-2025T09:45:33 - [MESSAGE][INFO] - Unable to find the element located by 'By.xpath: //input[@id='txtSendTo']'. Please recheck the objects properties to make sure the desired element is located. 

22-10-2025T09:45:33 - [MESSAGE][WARNING] - [SELF-HEALING] Failed to find element with id 'Object Repository/TripFocus/Page_TripFocus/input_Send To_txtSendTo'. Try using Self-healing.

22-10-2025T09:45:33 - [MESSAGE][WARNING] - [SELF-HEALING] The current locator of test object 'Object Repository/TripFocus/Page_TripFocus/input_Send To_txtSendTo' was broken. Propose an alternative one: '#txtSendTo'.

22-10-2025T09:45:34 - [MESSAGE][PASSED] - Text 'bhargavijspr@gmail.com' is set on object 'Object Repository/TripFocus/Page_TripFocus/input_Send To_txtSendTo'

22-10-2025T09:45:34 - [TEST_STEP][PASSED] - delay(2): Delayed 2 second(s)

22-10-2025T09:45:36 - [MESSAGE][PASSED] - Delayed 2 second(s)

22-10-2025T09:45:36 - [TEST_STEP][PASSED] - sendKeys(findTestObject("TripFocus/Notifications/Notification Events_txt"), "Order Undispatched"): Keys 'Order Undispatched' sent to object: 'Object Repository/TripFocus/Notifications/Notification Events_txt'

22-10-2025T09:45:36 - [MESSAGE][PASSED] - Keys 'Order Undispatched' sent to object: 'Object Repository/TripFocus/Notifications/Notification Events_txt'

22-10-2025T09:45:36 - [TEST_STEP][PASSED] - delay(2): Delayed 2 second(s)

22-10-2025T09:45:38 - [MESSAGE][PASSED] - Delayed 2 second(s)

22-10-2025T09:45:38 - [TEST_STEP][PASSED] - sendKeys(findTestObject("TripFocus/Notifications/Notification Events_txt"), Keys.chord(ENTER)): Keys 'ENTER + ' sent to object: 'Object Repository/TripFocus/Notifications/Notification Events_txt'

22-10-2025T09:45:38 - [MESSAGE][PASSED] - Keys 'ENTER + ' sent to object: 'Object Repository/TripFocus/Notifications/Notification Events_txt'

22-10-2025T09:45:38 - [TEST_STEP][PASSED] - delay(2): Delayed 2 second(s)

22-10-2025T09:45:40 - [MESSAGE][PASSED] - Delayed 2 second(s)

22-10-2025T09:45:40 - [TEST_STEP][PASSED] - click(findTestObject("TripFocus/Page_TripFocus/textarea_Send To_txtSendTo")): Object: 'Object Repository/TripFocus/Page_TripFocus/textarea_Send To_txtSendTo' is clicked on

22-10-2025T09:45:40 - [MESSAGE][PASSED] - Object: 'Object Repository/TripFocus/Page_TripFocus/textarea_Send To_txtSendTo' is clicked on

22-10-2025T09:45:40 - [TEST_STEP][PASSED] - delay(2): Delayed 2 second(s)

22-10-2025T09:45:42 - [MESSAGE][PASSED] - Delayed 2 second(s)

22-10-2025T09:45:42 - [TEST_STEP][PASSED] - click(findTestObject("TripFocus/Notifications/Save_btn")): Object: 'Object Repository/TripFocus/Notifications/Save_btn' is clicked on

22-10-2025T09:45:42 - [MESSAGE][PASSED] - Object: 'Object Repository/TripFocus/Notifications/Save_btn' is clicked on

22-10-2025T09:45:42 - [TEST_STEP][PASSED] - verifyTextPresent("Delivery site is required.", false): Text 'Delivery site is required.' is present on page 

22-10-2025T09:45:42 - [MESSAGE][PASSED] - Text 'Delivery site is required.' is present on page 

22-10-2025T09:45:42 - [TEST_STEP][PASSED] - closeBrowser(): Browser is closed

22-10-2025T09:45:42 - [MESSAGE][PASSED] - Browser is closed

22-10-2025T09:45:42 - [TEST_STEP][PASSED] - Start listener action : retryOnDisconnect: null

22-10-2025T09:45:42 - [TEST_STEP][PASSED] - tcId = testCaseContext.getTestCaseId(): null

22-10-2025T09:45:42 - [TEST_STEP][PASSED] - currentRetry = retryCounts.getOrDefault(tcId, 0): null

22-10-2025T09:45:42 - [TEST_STEP][PASSED] - if (testCaseContext.getTestCaseStatus() == "FAILED" && currentRetry < MAX_RETRIES): null]]></system-out>
         <system-err><![CDATA[]]></system-err>
      </testcase>
      <testcase name="Test Cases/TripFocus/FDG/FDG - Notification/FDG - Can Not Create Notification Without Notification Events" time="51.726" classname="Test Cases/TripFocus/FDG/FDG - Notification/FDG - Can Not Create Notification Without Notification Events" status="PASSED">
         <system-out><![CDATA[22-10-2025T09:45:42 - [TEST_CASE][PASSED] - Test Cases/TripFocus/FDG/FDG - Notification/FDG - Can Not Create Notification Without Notification Events: Test Cases/TripFocus/FDG/FDG - Notification/FDG - Can Not Create Notification Without Notification Events

22-10-2025T09:45:42 - [TEST_STEP][PASSED] - Start listener action : beforeTestCase: null

22-10-2025T09:45:42 - [TEST_STEP][PASSED] - addDefaultPackages(): null

22-10-2025T09:45:42 - [TEST_STEP][PASSED] - callTestCase(findTestCase("Utility Scripts/Open Browser"), ["destinationURL":TFBaseURL], STOP_ON_FAILURE): Call Test Case 'Test Cases/Utility Scripts/Open Browser' successfully

22-10-2025T09:45:42 - [TEST_CASE][PASSED] - Test Cases/Utility Scripts/Open Browser: Test Cases/Utility Scripts/Open Browser

22-10-2025T09:45:42 - [TEST_STEP][PASSED] - openBrowser(""): Browser is opened with url: ''

22-10-2025T09:45:42 - [MESSAGE][INFO] - Starting 'Chrome' driver

22-10-2025T09:45:42 - [MESSAGE][INFO] - User set preference: ['args', '[--no-sandbox, --disable-gpu, --disable-dev-shm-usage]']

22-10-2025T09:45:42 - [MESSAGE][INFO] - Action delay is set to 0 milliseconds

22-10-2025T09:45:43 - [MESSAGE][PASSED] - Browser is opened with url: ''

22-10-2025T09:45:43 - [TEST_STEP][PASSED] - navigateToUrl(destinationURL): Navigate to 'https://www.qa.tripfocus.com' successfully

22-10-2025T09:45:44 - [MESSAGE][PASSED] - Navigate to 'https://www.qa.tripfocus.com' successfully

22-10-2025T09:45:44 - [TEST_STEP][PASSED] - if (maximizeWindow == true): Current window maximized

22-10-2025T09:45:44 - [TEST_STEP][PASSED] - maximizeWindow(STOP_ON_FAILURE): Current window maximized

22-10-2025T09:45:44 - [MESSAGE][PASSED] - Current window maximized

22-10-2025T09:45:44 - [MESSAGE][PASSED] - Call Test Case 'Test Cases/Utility Scripts/Open Browser' successfully

22-10-2025T09:45:44 - [TEST_STEP][PASSED] - callTestCase(findTestCase("Utility Scripts/TF Sign In"), ["userName":TripFocusPenskeFDGUsername, "password":TripFocusFDGSPGPassword], STOP_ON_FAILURE): Call Test Case 'Test Cases/Utility Scripts/TF Sign In' successfully

22-10-2025T09:45:44 - [TEST_CASE][PASSED] - Test Cases/Utility Scripts/TF Sign In: Test Cases/Utility Scripts/TF Sign In

22-10-2025T09:45:44 - [TEST_STEP][PASSED] - click(findTestObject("Object Repository/TripFocus/Page_TripFocus/button_Sign in")): Object: 'Object Repository/TripFocus/Page_TripFocus/button_Sign in' is clicked on

22-10-2025T09:45:44 - [MESSAGE][PASSED] - Object: 'Object Repository/TripFocus/Page_TripFocus/button_Sign in' is clicked on

22-10-2025T09:45:44 - [TEST_STEP][PASSED] - setText(findTestObject("Object Repository/TripFocus/Page_TripFocus/input_Username (e.g. email address)_Username"), userName): Text 'Ashford.Chenault+PenskeCustomerFDGONLY@thekag.com' is set on object 'Object Repository/TripFocus/Page_TripFocus/input_Username (e.g. email address)_Username'

22-10-2025T09:45:45 - [MESSAGE][PASSED] - Text 'Ashford.Chenault+PenskeCustomerFDGONLY@thekag.com' is set on object 'Object Repository/TripFocus/Page_TripFocus/input_Username (e.g. email address)_Username'

22-10-2025T09:45:45 - [TEST_STEP][PASSED] - setText(findTestObject("Object Repository/TripFocus/Page_TripFocus/input_Password_Password"), password): Text 'CrashBan911!!' is set on object 'Object Repository/TripFocus/Page_TripFocus/input_Password_Password'

22-10-2025T09:45:45 - [MESSAGE][PASSED] - Text 'CrashBan911!!' is set on object 'Object Repository/TripFocus/Page_TripFocus/input_Password_Password'

22-10-2025T09:45:45 - [TEST_STEP][PASSED] - click(findTestObject("Object Repository/TripFocus/Page_TripFocus/button_Login")): Object: 'Object Repository/TripFocus/Page_TripFocus/button_Login' is clicked on

22-10-2025T09:45:46 - [MESSAGE][PASSED] - Object: 'Object Repository/TripFocus/Page_TripFocus/button_Login' is clicked on

22-10-2025T09:45:46 - [TEST_STEP][PASSED] - maximizeWindow(): Current window maximized

22-10-2025T09:45:46 - [MESSAGE][PASSED] - Current window maximized

22-10-2025T09:45:46 - [TEST_STEP][PASSED] - waitForElementVisible(findTestObject("TripFocus/Testing_Notification_btn"), 5, OPTIONAL): Web element with id: 'Object Repository/TripFocus/Testing_Notification_btn' located by '//*[@id="__BVID__10___BV_modal_footer_"]/button' not found

22-10-2025T09:45:52 - [MESSAGE][INFO] - Unable to find the element located by 'By.xpath: //*[@id="__BVID__10___BV_modal_footer_"]/button'. Please recheck the objects properties to make sure the desired element is located. 

22-10-2025T09:45:52 - [MESSAGE][WARNING] - [SELF-HEALING] Failed to find element with id 'Object Repository/TripFocus/Testing_Notification_btn'. Try using Self-healing.

22-10-2025T09:45:53 - [MESSAGE][INFO] - [SELF-HEALING] No working XPath is found.

22-10-2025T09:45:55 - [MESSAGE][INFO] - Unable to find the element located by 'By.xpath: '. Please recheck the objects properties to make sure the desired element is located. 

22-10-2025T09:45:55 - [MESSAGE][WARNING] - [SELF-HEALING] Cannot find elements when the selector is null

22-10-2025T09:45:55 - [MESSAGE][WARNING] - Web element with id: 'Object Repository/TripFocus/Testing_Notification_btn' located by '//*[@id="__BVID__10___BV_modal_footer_"]/button' not found

22-10-2025T09:45:55 - [TEST_STEP][PASSED] - if (verifyElementVisible(findTestObject("TripFocus/Testing_Notification_btn"), OPTIONAL) == true): Web element with id: 'Object Repository/TripFocus/Testing_Notification_btn' located by '//*[@id="__BVID__10___BV_modal_footer_"]/button' not found (Root cause: com.kms.katalon.core.exception.StepFailedException: Web element with id: 'Object Repository/TripFocus/Testing_Notification_btn' located by '//*[@id="__BVID__10___BV_modal_footer_"]/button' not found
	at com.kms.katalon.core.webui.keyword.internal.WebUIKeywordMain.stepFailed(WebUIKeywordMain.groovy:117)
	at com.kms.katalon.core.webui.keyword.builtin.VerifyElementVisibleKeyword$_verifyElementVisible_closure1.doCall(VerifyElementVisibleKeyword.groovy:89)
	at com.kms.katalon.core.webui.keyword.builtin.VerifyElementVisibleKeyword$_verifyElementVisible_closure1.call(VerifyElementVisibleKeyword.groovy)
	at com.kms.katalon.core.webui.keyword.internal.WebUIKeywordMain.runKeyword(WebUIKeywordMain.groovy:35)
	at com.kms.katalon.core.webui.keyword.builtin.VerifyElementVisibleKeyword.verifyElementVisible(VerifyElementVisibleKeyword.groovy:97)
	at com.kms.katalon.core.webui.keyword.builtin.VerifyElementVisibleKeyword.execute(VerifyElementVisibleKeyword.groovy:67)
	at com.kms.katalon.core.keyword.internal.KeywordExecutor.executeKeywordForPlatform(KeywordExecutor.groovy:74)
	at com.kms.katalon.core.webui.keyword.WebUiBuiltInKeywords.verifyElementVisible(WebUiBuiltInKeywords.groovy:401)
	at com.kms.katalon.core.webui.keyword.WebUiBuiltInKeywords$verifyElementVisible$6.call(Unknown Source)
	at TF Sign In.run(TF Sign In:33)
	at com.kms.katalon.core.main.ScriptEngine.run(ScriptEngine.java:194)
	at com.kms.katalon.core.main.ScriptEngine.runScriptAsRawText(ScriptEngine.java:119)
	at com.kms.katalon.core.main.TestCaseExecutor.runScript(TestCaseExecutor.java:448)
	at com.kms.katalon.core.main.TestCaseExecutor.doExecute(TestCaseExecutor.java:439)
	at com.kms.katalon.core.main.TestCaseExecutor.processExecutionPhase(TestCaseExecutor.java:418)
	at com.kms.katalon.core.main.TestCaseExecutor.accessMainPhase(TestCaseExecutor.java:410)
	at com.kms.katalon.core.main.TestCaseExecutor.execute(TestCaseExecutor.java:285)
	at com.kms.katalon.core.main.TestCaseMain.runTestCase(TestCaseMain.java:137)
	at com.kms.katalon.core.keyword.builtin.CallTestCaseKeyword$_callTestCase_closure1.doCall(CallTestCaseKeyword.groovy:59)
	at com.kms.katalon.core.keyword.builtin.CallTestCaseKeyword$_callTestCase_closure1.call(CallTestCaseKeyword.groovy)
	at com.kms.katalon.core.keyword.internal.KeywordMain.runKeyword(KeywordMain.groovy:75)
	at com.kms.katalon.core.keyword.builtin.CallTestCaseKeyword.callTestCase(CallTestCaseKeyword.groovy:81)
	at com.kms.katalon.core.keyword.builtin.CallTestCaseKeyword.execute(CallTestCaseKeyword.groovy:44)
	at com.kms.katalon.core.keyword.internal.KeywordExecutor.executeKeywordForPlatform(KeywordExecutor.groovy:74)
	at com.kms.katalon.core.keyword.BuiltinKeywords.callTestCase(BuiltinKeywords.groovy:310)
	at jdk.internal.reflect.GeneratedMethodAccessor33.invoke(Unknown Source)
	at java.base/jdk.internal.reflect.DelegatingMethodAccessorImpl.invoke(DelegatingMethodAccessorImpl.java:43)
	at FDG - Can Not Create Notification Without Notification Events.run(FDG - Can Not Create Notification Without Notification Events:22)
	at com.kms.katalon.core.main.ScriptEngine.run(ScriptEngine.java:194)
	at com.kms.katalon.core.main.ScriptEngine.runScriptAsRawText(ScriptEngine.java:119)
	at com.kms.katalon.core.main.TestCaseExecutor.runScript(TestCaseExecutor.java:448)
	at com.kms.katalon.core.main.TestCaseExecutor.doExecute(TestCaseExecutor.java:439)
	at com.kms.katalon.core.main.TestCaseExecutor.processExecutionPhase(TestCaseExecutor.java:418)
	at com.kms.katalon.core.main.TestCaseExecutor.accessMainPhase(TestCaseExecutor.java:410)
	at com.kms.katalon.core.main.TestCaseExecutor.execute(TestCaseExecutor.java:285)
	at com.kms.katalon.core.common.CommonExecutor.accessTestCaseMainPhase(CommonExecutor.java:65)
	at com.kms.katalon.core.main.TestSuiteExecutor.accessTestSuiteMainPhase(TestSuiteExecutor.java:150)
	at com.kms.katalon.core.main.TestSuiteExecutor.execute(TestSuiteExecutor.java:106)
	at com.kms.katalon.core.main.TestCaseMain.startTestSuite(TestCaseMain.java:180)
	at com.kms.katalon.core.main.TestCaseMain$startTestSuite$0.call(Unknown Source)
	at TempTestSuite1761139051700.run(TempTestSuite1761139051700.groovy:35)
	at java.base/jdk.internal.reflect.NativeMethodAccessorImpl.invoke0(Native Method)
	at java.base/jdk.internal.reflect.NativeMethodAccessorImpl.invoke(NativeMethodAccessorImpl.java:77)
	at java.base/jdk.internal.reflect.DelegatingMethodAccessorImpl.invoke(DelegatingMethodAccessorImpl.java:43)
)

22-10-2025T09:46:11 - [MESSAGE][INFO] - Unable to find the element located by 'By.xpath: //*[@id="__BVID__10___BV_modal_footer_"]/button'. Please recheck the objects properties to make sure the desired element is located. 

22-10-2025T09:46:11 - [MESSAGE][WARNING] - [SELF-HEALING] Failed to find element with id 'Object Repository/TripFocus/Testing_Notification_btn'. Try using Self-healing.

22-10-2025T09:46:12 - [MESSAGE][INFO] - [SELF-HEALING] No working XPath is found.

22-10-2025T09:46:14 - [MESSAGE][INFO] - Unable to find the element located by 'By.xpath: '. Please recheck the objects properties to make sure the desired element is located. 

22-10-2025T09:46:14 - [MESSAGE][WARNING] - [SELF-HEALING] Cannot find elements when the selector is null

22-10-2025T09:46:14 - [MESSAGE][WARNING] - Web element with id: 'Object Repository/TripFocus/Testing_Notification_btn' located by '//*[@id="__BVID__10___BV_modal_footer_"]/button' not found (Root cause: com.kms.katalon.core.exception.StepFailedException: Web element with id: 'Object Repository/TripFocus/Testing_Notification_btn' located by '//*[@id="__BVID__10___BV_modal_footer_"]/button' not found
	at com.kms.katalon.core.webui.keyword.internal.WebUIKeywordMain.stepFailed(WebUIKeywordMain.groovy:117)
	at com.kms.katalon.core.webui.keyword.builtin.VerifyElementVisibleKeyword$_verifyElementVisible_closure1.doCall(VerifyElementVisibleKeyword.groovy:89)
	at com.kms.katalon.core.webui.keyword.builtin.VerifyElementVisibleKeyword$_verifyElementVisible_closure1.call(VerifyElementVisibleKeyword.groovy)
	at com.kms.katalon.core.webui.keyword.internal.WebUIKeywordMain.runKeyword(WebUIKeywordMain.groovy:35)
	at com.kms.katalon.core.webui.keyword.builtin.VerifyElementVisibleKeyword.verifyElementVisible(VerifyElementVisibleKeyword.groovy:97)
	at com.kms.katalon.core.webui.keyword.builtin.VerifyElementVisibleKeyword.execute(VerifyElementVisibleKeyword.groovy:67)
	at com.kms.katalon.core.keyword.internal.KeywordExecutor.executeKeywordForPlatform(KeywordExecutor.groovy:74)
	at com.kms.katalon.core.webui.keyword.WebUiBuiltInKeywords.verifyElementVisible(WebUiBuiltInKeywords.groovy:401)
	at com.kms.katalon.core.webui.keyword.WebUiBuiltInKeywords$verifyElementVisible$6.call(Unknown Source)
	at TF Sign In.run(TF Sign In:33)
	at com.kms.katalon.core.main.ScriptEngine.run(ScriptEngine.java:194)
	at com.kms.katalon.core.main.ScriptEngine.runScriptAsRawText(ScriptEngine.java:119)
	at com.kms.katalon.core.main.TestCaseExecutor.runScript(TestCaseExecutor.java:448)
	at com.kms.katalon.core.main.TestCaseExecutor.doExecute(TestCaseExecutor.java:439)
	at com.kms.katalon.core.main.TestCaseExecutor.processExecutionPhase(TestCaseExecutor.java:418)
	at com.kms.katalon.core.main.TestCaseExecutor.accessMainPhase(TestCaseExecutor.java:410)
	at com.kms.katalon.core.main.TestCaseExecutor.execute(TestCaseExecutor.java:285)
	at com.kms.katalon.core.main.TestCaseMain.runTestCase(TestCaseMain.java:137)
	at com.kms.katalon.core.keyword.builtin.CallTestCaseKeyword$_callTestCase_closure1.doCall(CallTestCaseKeyword.groovy:59)
	at com.kms.katalon.core.keyword.builtin.CallTestCaseKeyword$_callTestCase_closure1.call(CallTestCaseKeyword.groovy)
	at com.kms.katalon.core.keyword.internal.KeywordMain.runKeyword(KeywordMain.groovy:75)
	at com.kms.katalon.core.keyword.builtin.CallTestCaseKeyword.callTestCase(CallTestCaseKeyword.groovy:81)
	at com.kms.katalon.core.keyword.builtin.CallTestCaseKeyword.execute(CallTestCaseKeyword.groovy:44)
	at com.kms.katalon.core.keyword.internal.KeywordExecutor.executeKeywordForPlatform(KeywordExecutor.groovy:74)
	at com.kms.katalon.core.keyword.BuiltinKeywords.callTestCase(BuiltinKeywords.groovy:310)
	at jdk.internal.reflect.GeneratedMethodAccessor33.invoke(Unknown Source)
	at java.base/jdk.internal.reflect.DelegatingMethodAccessorImpl.invoke(DelegatingMethodAccessorImpl.java:43)
	at FDG - Can Not Create Notification Without Notification Events.run(FDG - Can Not Create Notification Without Notification Events:22)
	at com.kms.katalon.core.main.ScriptEngine.run(ScriptEngine.java:194)
	at com.kms.katalon.core.main.ScriptEngine.runScriptAsRawText(ScriptEngine.java:119)
	at com.kms.katalon.core.main.TestCaseExecutor.runScript(TestCaseExecutor.java:448)
	at com.kms.katalon.core.main.TestCaseExecutor.doExecute(TestCaseExecutor.java:439)
	at com.kms.katalon.core.main.TestCaseExecutor.processExecutionPhase(TestCaseExecutor.java:418)
	at com.kms.katalon.core.main.TestCaseExecutor.accessMainPhase(TestCaseExecutor.java:410)
	at com.kms.katalon.core.main.TestCaseExecutor.execute(TestCaseExecutor.java:285)
	at com.kms.katalon.core.common.CommonExecutor.accessTestCaseMainPhase(CommonExecutor.java:65)
	at com.kms.katalon.core.main.TestSuiteExecutor.accessTestSuiteMainPhase(TestSuiteExecutor.java:150)
	at com.kms.katalon.core.main.TestSuiteExecutor.execute(TestSuiteExecutor.java:106)
	at com.kms.katalon.core.main.TestCaseMain.startTestSuite(TestCaseMain.java:180)
	at com.kms.katalon.core.main.TestCaseMain$startTestSuite$0.call(Unknown Source)
	at TempTestSuite1761139051700.run(TempTestSuite1761139051700.groovy:35)
	at java.base/jdk.internal.reflect.NativeMethodAccessorImpl.invoke0(Native Method)
	at java.base/jdk.internal.reflect.NativeMethodAccessorImpl.invoke(NativeMethodAccessorImpl.java:77)
	at java.base/jdk.internal.reflect.DelegatingMethodAccessorImpl.invoke(DelegatingMethodAccessorImpl.java:43)
)

22-10-2025T09:46:14 - [MESSAGE][PASSED] - Call Test Case 'Test Cases/Utility Scripts/TF Sign In' successfully

22-10-2025T09:46:14 - [TEST_STEP][PASSED] - click(findTestObject("Object Repository/TripFocus/Page_TripFocus/a_Notifications")): Object: 'Object Repository/TripFocus/Page_TripFocus/a_Notifications' is clicked on

22-10-2025T09:46:14 - [MESSAGE][PASSED] - Object: 'Object Repository/TripFocus/Page_TripFocus/a_Notifications' is clicked on

22-10-2025T09:46:14 - [TEST_STEP][PASSED] - delay(3): Delayed 3 second(s)

22-10-2025T09:46:17 - [MESSAGE][PASSED] - Delayed 3 second(s)

22-10-2025T09:46:17 - [TEST_STEP][PASSED] - click(findTestObject("Object Repository/TripFocus/Page_TripFocus/button_Add New Notification")): Object: 'Object Repository/TripFocus/Page_TripFocus/button_Add New Notification' is clicked on

22-10-2025T09:46:17 - [MESSAGE][PASSED] - Object: 'Object Repository/TripFocus/Page_TripFocus/button_Add New Notification' is clicked on

22-10-2025T09:46:17 - [TEST_STEP][PASSED] - delay(5): Delayed 5 second(s)

22-10-2025T09:46:22 - [MESSAGE][PASSED] - Delayed 5 second(s)

22-10-2025T09:46:22 - [TEST_STEP][PASSED] - click(findTestObject("TripFocus/Notifications/Delivery Site_dropdown")): Object: 'Object Repository/TripFocus/Notifications/Delivery Site_dropdown' is clicked on

22-10-2025T09:46:22 - [MESSAGE][PASSED] - Object: 'Object Repository/TripFocus/Notifications/Delivery Site_dropdown' is clicked on

22-10-2025T09:46:22 - [TEST_STEP][PASSED] - delay(2): Delayed 2 second(s)

22-10-2025T09:46:24 - [MESSAGE][PASSED] - Delayed 2 second(s)

22-10-2025T09:46:24 - [TEST_STEP][PASSED] - sendKeys(findTestObject("TripFocus/Notifications/Delivery Site_txt"), "EMERY OLEOCHEM"): Keys 'EMERY OLEOCHEM' sent to object: 'Object Repository/TripFocus/Notifications/Delivery Site_txt'

22-10-2025T09:46:24 - [MESSAGE][PASSED] - Keys 'EMERY OLEOCHEM' sent to object: 'Object Repository/TripFocus/Notifications/Delivery Site_txt'

22-10-2025T09:46:24 - [TEST_STEP][PASSED] - delay(2): Delayed 2 second(s)

22-10-2025T09:46:26 - [MESSAGE][PASSED] - Delayed 2 second(s)

22-10-2025T09:46:26 - [TEST_STEP][PASSED] - sendKeys(findTestObject("TripFocus/Notifications/Delivery Site_txt"), Keys.chord(ENTER)): Keys 'ENTER + ' sent to object: 'Object Repository/TripFocus/Notifications/Delivery Site_txt'

22-10-2025T09:46:27 - [MESSAGE][PASSED] - Keys 'ENTER + ' sent to object: 'Object Repository/TripFocus/Notifications/Delivery Site_txt'

22-10-2025T09:46:27 - [TEST_STEP][PASSED] - delay(2): Delayed 2 second(s)

22-10-2025T09:46:29 - [MESSAGE][PASSED] - Delayed 2 second(s)

22-10-2025T09:46:29 - [TEST_STEP][PASSED] - click(findTestObject("TripFocus/Notifications/Add Notification_lbl")): Object: 'Object Repository/TripFocus/Notifications/Add Notification_lbl' is clicked on

22-10-2025T09:46:29 - [MESSAGE][PASSED] - Object: 'Object Repository/TripFocus/Notifications/Add Notification_lbl' is clicked on

22-10-2025T09:46:29 - [TEST_STEP][PASSED] - delay(2): Delayed 2 second(s)

22-10-2025T09:46:31 - [MESSAGE][PASSED] - Delayed 2 second(s)

22-10-2025T09:46:31 - [TEST_STEP][PASSED] - setText(findTestObject("TripFocus/Notifications/Send To_txt"), "bhargavijspr@gmail.com"): Text 'bhargavijspr@gmail.com' is set on object 'Object Repository/TripFocus/Notifications/Send To_txt'

22-10-2025T09:46:32 - [MESSAGE][PASSED] - Text 'bhargavijspr@gmail.com' is set on object 'Object Repository/TripFocus/Notifications/Send To_txt'

22-10-2025T09:46:32 - [TEST_STEP][PASSED] - delay(2): Delayed 2 second(s)

22-10-2025T09:46:34 - [MESSAGE][PASSED] - Delayed 2 second(s)

22-10-2025T09:46:34 - [TEST_STEP][PASSED] - click(findTestObject("TripFocus/Notifications/Save_btn")): Object: 'Object Repository/TripFocus/Notifications/Save_btn' is clicked on

22-10-2025T09:46:34 - [MESSAGE][PASSED] - Object: 'Object Repository/TripFocus/Notifications/Save_btn' is clicked on

22-10-2025T09:46:34 - [TEST_STEP][PASSED] - verifyTextPresent("Minimum of 1 event type is required.", false): Text 'Minimum of 1 event type is required.' is present on page 

22-10-2025T09:46:34 - [MESSAGE][PASSED] - Text 'Minimum of 1 event type is required.' is present on page 

22-10-2025T09:46:34 - [TEST_STEP][PASSED] - closeBrowser(): Browser is closed

22-10-2025T09:46:34 - [MESSAGE][PASSED] - Browser is closed

22-10-2025T09:46:34 - [TEST_STEP][PASSED] - Start listener action : retryOnDisconnect: null

22-10-2025T09:46:34 - [TEST_STEP][PASSED] - tcId = testCaseContext.getTestCaseId(): null

22-10-2025T09:46:34 - [TEST_STEP][PASSED] - currentRetry = retryCounts.getOrDefault(tcId, 0): null

22-10-2025T09:46:34 - [TEST_STEP][PASSED] - if (testCaseContext.getTestCaseStatus() == "FAILED" && currentRetry < MAX_RETRIES): null]]></system-out>
         <system-err><![CDATA[]]></system-err>
      </testcase>
      <testcase name="Test Cases/TripFocus/FDG/FDG - Notification/FDG - Can Not Create Notification Without Sent To" time="52.785" classname="Test Cases/TripFocus/FDG/FDG - Notification/FDG - Can Not Create Notification Without Sent To" status="PASSED">
         <system-out><![CDATA[22-10-2025T09:46:34 - [TEST_CASE][PASSED] - Test Cases/TripFocus/FDG/FDG - Notification/FDG - Can Not Create Notification Without Sent To: Test Cases/TripFocus/FDG/FDG - Notification/FDG - Can Not Create Notification Without Sent To

22-10-2025T09:46:34 - [TEST_STEP][PASSED] - Start listener action : beforeTestCase: null

22-10-2025T09:46:34 - [TEST_STEP][PASSED] - addDefaultPackages(): null

22-10-2025T09:46:34 - [TEST_STEP][PASSED] - callTestCase(findTestCase("Utility Scripts/Open Browser"), ["destinationURL":TFBaseURL], STOP_ON_FAILURE): Call Test Case 'Test Cases/Utility Scripts/Open Browser' successfully

22-10-2025T09:46:34 - [TEST_CASE][PASSED] - Test Cases/Utility Scripts/Open Browser: Test Cases/Utility Scripts/Open Browser

22-10-2025T09:46:34 - [TEST_STEP][PASSED] - openBrowser(""): Browser is opened with url: ''

22-10-2025T09:46:34 - [MESSAGE][INFO] - Starting 'Chrome' driver

22-10-2025T09:46:34 - [MESSAGE][INFO] - User set preference: ['args', '[--no-sandbox, --disable-gpu, --disable-dev-shm-usage]']

22-10-2025T09:46:34 - [MESSAGE][INFO] - Action delay is set to 0 milliseconds

22-10-2025T09:46:35 - [MESSAGE][PASSED] - Browser is opened with url: ''

22-10-2025T09:46:35 - [TEST_STEP][PASSED] - navigateToUrl(destinationURL): Navigate to 'https://www.qa.tripfocus.com' successfully

22-10-2025T09:46:35 - [MESSAGE][PASSED] - Navigate to 'https://www.qa.tripfocus.com' successfully

22-10-2025T09:46:35 - [TEST_STEP][PASSED] - if (maximizeWindow == true): Current window maximized

22-10-2025T09:46:35 - [TEST_STEP][PASSED] - maximizeWindow(STOP_ON_FAILURE): Current window maximized

22-10-2025T09:46:36 - [MESSAGE][PASSED] - Current window maximized

22-10-2025T09:46:36 - [MESSAGE][PASSED] - Call Test Case 'Test Cases/Utility Scripts/Open Browser' successfully

22-10-2025T09:46:36 - [TEST_STEP][PASSED] - callTestCase(findTestCase("Utility Scripts/TF Sign In"), ["userName":TripFocusPenskeFDGUsername, "password":TripFocusFDGSPGPassword], STOP_ON_FAILURE): Call Test Case 'Test Cases/Utility Scripts/TF Sign In' successfully

22-10-2025T09:46:36 - [TEST_CASE][PASSED] - Test Cases/Utility Scripts/TF Sign In: Test Cases/Utility Scripts/TF Sign In

22-10-2025T09:46:36 - [TEST_STEP][PASSED] - click(findTestObject("Object Repository/TripFocus/Page_TripFocus/button_Sign in")): Object: 'Object Repository/TripFocus/Page_TripFocus/button_Sign in' is clicked on

22-10-2025T09:46:36 - [MESSAGE][PASSED] - Object: 'Object Repository/TripFocus/Page_TripFocus/button_Sign in' is clicked on

22-10-2025T09:46:36 - [TEST_STEP][PASSED] - setText(findTestObject("Object Repository/TripFocus/Page_TripFocus/input_Username (e.g. email address)_Username"), userName): Text 'Ashford.Chenault+PenskeCustomerFDGONLY@thekag.com' is set on object 'Object Repository/TripFocus/Page_TripFocus/input_Username (e.g. email address)_Username'

22-10-2025T09:46:36 - [MESSAGE][PASSED] - Text 'Ashford.Chenault+PenskeCustomerFDGONLY@thekag.com' is set on object 'Object Repository/TripFocus/Page_TripFocus/input_Username (e.g. email address)_Username'

22-10-2025T09:46:36 - [TEST_STEP][PASSED] - setText(findTestObject("Object Repository/TripFocus/Page_TripFocus/input_Password_Password"), password): Text 'CrashBan911!!' is set on object 'Object Repository/TripFocus/Page_TripFocus/input_Password_Password'

22-10-2025T09:46:36 - [MESSAGE][PASSED] - Text 'CrashBan911!!' is set on object 'Object Repository/TripFocus/Page_TripFocus/input_Password_Password'

22-10-2025T09:46:36 - [TEST_STEP][PASSED] - click(findTestObject("Object Repository/TripFocus/Page_TripFocus/button_Login")): Object: 'Object Repository/TripFocus/Page_TripFocus/button_Login' is clicked on

22-10-2025T09:46:37 - [MESSAGE][PASSED] - Object: 'Object Repository/TripFocus/Page_TripFocus/button_Login' is clicked on

22-10-2025T09:46:37 - [TEST_STEP][PASSED] - maximizeWindow(): Current window maximized

22-10-2025T09:46:37 - [MESSAGE][PASSED] - Current window maximized

22-10-2025T09:46:37 - [TEST_STEP][PASSED] - waitForElementVisible(findTestObject("TripFocus/Testing_Notification_btn"), 5, OPTIONAL): Web element with id: 'Object Repository/TripFocus/Testing_Notification_btn' located by '//*[@id="__BVID__10___BV_modal_footer_"]/button' not found

22-10-2025T09:46:44 - [MESSAGE][INFO] - Unable to find the element located by 'By.xpath: //*[@id="__BVID__10___BV_modal_footer_"]/button'. Please recheck the objects properties to make sure the desired element is located. 

22-10-2025T09:46:44 - [MESSAGE][WARNING] - [SELF-HEALING] Failed to find element with id 'Object Repository/TripFocus/Testing_Notification_btn'. Try using Self-healing.

22-10-2025T09:46:45 - [MESSAGE][INFO] - [SELF-HEALING] No working XPath is found.

22-10-2025T09:46:47 - [MESSAGE][INFO] - Unable to find the element located by 'By.xpath: '. Please recheck the objects properties to make sure the desired element is located. 

22-10-2025T09:46:47 - [MESSAGE][WARNING] - [SELF-HEALING] Cannot find elements when the selector is null

22-10-2025T09:46:47 - [MESSAGE][WARNING] - Web element with id: 'Object Repository/TripFocus/Testing_Notification_btn' located by '//*[@id="__BVID__10___BV_modal_footer_"]/button' not found

22-10-2025T09:46:47 - [TEST_STEP][PASSED] - if (verifyElementVisible(findTestObject("TripFocus/Testing_Notification_btn"), OPTIONAL) == true): Web element with id: 'Object Repository/TripFocus/Testing_Notification_btn' located by '//*[@id="__BVID__10___BV_modal_footer_"]/button' not found (Root cause: com.kms.katalon.core.exception.StepFailedException: Web element with id: 'Object Repository/TripFocus/Testing_Notification_btn' located by '//*[@id="__BVID__10___BV_modal_footer_"]/button' not found
	at com.kms.katalon.core.webui.keyword.internal.WebUIKeywordMain.stepFailed(WebUIKeywordMain.groovy:117)
	at com.kms.katalon.core.webui.keyword.builtin.VerifyElementVisibleKeyword$_verifyElementVisible_closure1.doCall(VerifyElementVisibleKeyword.groovy:89)
	at com.kms.katalon.core.webui.keyword.builtin.VerifyElementVisibleKeyword$_verifyElementVisible_closure1.call(VerifyElementVisibleKeyword.groovy)
	at com.kms.katalon.core.webui.keyword.internal.WebUIKeywordMain.runKeyword(WebUIKeywordMain.groovy:35)
	at com.kms.katalon.core.webui.keyword.builtin.VerifyElementVisibleKeyword.verifyElementVisible(VerifyElementVisibleKeyword.groovy:97)
	at com.kms.katalon.core.webui.keyword.builtin.VerifyElementVisibleKeyword.execute(VerifyElementVisibleKeyword.groovy:67)
	at com.kms.katalon.core.keyword.internal.KeywordExecutor.executeKeywordForPlatform(KeywordExecutor.groovy:74)
	at com.kms.katalon.core.webui.keyword.WebUiBuiltInKeywords.verifyElementVisible(WebUiBuiltInKeywords.groovy:401)
	at com.kms.katalon.core.webui.keyword.WebUiBuiltInKeywords$verifyElementVisible$6.call(Unknown Source)
	at TF Sign In.run(TF Sign In:33)
	at com.kms.katalon.core.main.ScriptEngine.run(ScriptEngine.java:194)
	at com.kms.katalon.core.main.ScriptEngine.runScriptAsRawText(ScriptEngine.java:119)
	at com.kms.katalon.core.main.TestCaseExecutor.runScript(TestCaseExecutor.java:448)
	at com.kms.katalon.core.main.TestCaseExecutor.doExecute(TestCaseExecutor.java:439)
	at com.kms.katalon.core.main.TestCaseExecutor.processExecutionPhase(TestCaseExecutor.java:418)
	at com.kms.katalon.core.main.TestCaseExecutor.accessMainPhase(TestCaseExecutor.java:410)
	at com.kms.katalon.core.main.TestCaseExecutor.execute(TestCaseExecutor.java:285)
	at com.kms.katalon.core.main.TestCaseMain.runTestCase(TestCaseMain.java:137)
	at com.kms.katalon.core.keyword.builtin.CallTestCaseKeyword$_callTestCase_closure1.doCall(CallTestCaseKeyword.groovy:59)
	at com.kms.katalon.core.keyword.builtin.CallTestCaseKeyword$_callTestCase_closure1.call(CallTestCaseKeyword.groovy)
	at com.kms.katalon.core.keyword.internal.KeywordMain.runKeyword(KeywordMain.groovy:75)
	at com.kms.katalon.core.keyword.builtin.CallTestCaseKeyword.callTestCase(CallTestCaseKeyword.groovy:81)
	at com.kms.katalon.core.keyword.builtin.CallTestCaseKeyword.execute(CallTestCaseKeyword.groovy:44)
	at com.kms.katalon.core.keyword.internal.KeywordExecutor.executeKeywordForPlatform(KeywordExecutor.groovy:74)
	at com.kms.katalon.core.keyword.BuiltinKeywords.callTestCase(BuiltinKeywords.groovy:310)
	at jdk.internal.reflect.GeneratedMethodAccessor33.invoke(Unknown Source)
	at java.base/jdk.internal.reflect.DelegatingMethodAccessorImpl.invoke(DelegatingMethodAccessorImpl.java:43)
	at FDG - Can Not Create Notification Without Sent To.run(FDG - Can Not Create Notification Without Sent To:22)
	at com.kms.katalon.core.main.ScriptEngine.run(ScriptEngine.java:194)
	at com.kms.katalon.core.main.ScriptEngine.runScriptAsRawText(ScriptEngine.java:119)
	at com.kms.katalon.core.main.TestCaseExecutor.runScript(TestCaseExecutor.java:448)
	at com.kms.katalon.core.main.TestCaseExecutor.doExecute(TestCaseExecutor.java:439)
	at com.kms.katalon.core.main.TestCaseExecutor.processExecutionPhase(TestCaseExecutor.java:418)
	at com.kms.katalon.core.main.TestCaseExecutor.accessMainPhase(TestCaseExecutor.java:410)
	at com.kms.katalon.core.main.TestCaseExecutor.execute(TestCaseExecutor.java:285)
	at com.kms.katalon.core.common.CommonExecutor.accessTestCaseMainPhase(CommonExecutor.java:65)
	at com.kms.katalon.core.main.TestSuiteExecutor.accessTestSuiteMainPhase(TestSuiteExecutor.java:150)
	at com.kms.katalon.core.main.TestSuiteExecutor.execute(TestSuiteExecutor.java:106)
	at com.kms.katalon.core.main.TestCaseMain.startTestSuite(TestCaseMain.java:180)
	at com.kms.katalon.core.main.TestCaseMain$startTestSuite$0.call(Unknown Source)
	at TempTestSuite1761139051700.run(TempTestSuite1761139051700.groovy:35)
	at java.base/jdk.internal.reflect.NativeMethodAccessorImpl.invoke0(Native Method)
	at java.base/jdk.internal.reflect.NativeMethodAccessorImpl.invoke(NativeMethodAccessorImpl.java:77)
	at java.base/jdk.internal.reflect.DelegatingMethodAccessorImpl.invoke(DelegatingMethodAccessorImpl.java:43)
)

22-10-2025T09:47:03 - [MESSAGE][INFO] - Unable to find the element located by 'By.xpath: //*[@id="__BVID__10___BV_modal_footer_"]/button'. Please recheck the objects properties to make sure the desired element is located. 

22-10-2025T09:47:03 - [MESSAGE][WARNING] - [SELF-HEALING] Failed to find element with id 'Object Repository/TripFocus/Testing_Notification_btn'. Try using Self-healing.

22-10-2025T09:47:04 - [MESSAGE][INFO] - [SELF-HEALING] No working XPath is found.

22-10-2025T09:47:06 - [MESSAGE][INFO] - Unable to find the element located by 'By.xpath: '. Please recheck the objects properties to make sure the desired element is located. 

22-10-2025T09:47:06 - [MESSAGE][WARNING] - [SELF-HEALING] Cannot find elements when the selector is null

22-10-2025T09:47:06 - [MESSAGE][WARNING] - Web element with id: 'Object Repository/TripFocus/Testing_Notification_btn' located by '//*[@id="__BVID__10___BV_modal_footer_"]/button' not found (Root cause: com.kms.katalon.core.exception.StepFailedException: Web element with id: 'Object Repository/TripFocus/Testing_Notification_btn' located by '//*[@id="__BVID__10___BV_modal_footer_"]/button' not found
	at com.kms.katalon.core.webui.keyword.internal.WebUIKeywordMain.stepFailed(WebUIKeywordMain.groovy:117)
	at com.kms.katalon.core.webui.keyword.builtin.VerifyElementVisibleKeyword$_verifyElementVisible_closure1.doCall(VerifyElementVisibleKeyword.groovy:89)
	at com.kms.katalon.core.webui.keyword.builtin.VerifyElementVisibleKeyword$_verifyElementVisible_closure1.call(VerifyElementVisibleKeyword.groovy)
	at com.kms.katalon.core.webui.keyword.internal.WebUIKeywordMain.runKeyword(WebUIKeywordMain.groovy:35)
	at com.kms.katalon.core.webui.keyword.builtin.VerifyElementVisibleKeyword.verifyElementVisible(VerifyElementVisibleKeyword.groovy:97)
	at com.kms.katalon.core.webui.keyword.builtin.VerifyElementVisibleKeyword.execute(VerifyElementVisibleKeyword.groovy:67)
	at com.kms.katalon.core.keyword.internal.KeywordExecutor.executeKeywordForPlatform(KeywordExecutor.groovy:74)
	at com.kms.katalon.core.webui.keyword.WebUiBuiltInKeywords.verifyElementVisible(WebUiBuiltInKeywords.groovy:401)
	at com.kms.katalon.core.webui.keyword.WebUiBuiltInKeywords$verifyElementVisible$6.call(Unknown Source)
	at TF Sign In.run(TF Sign In:33)
	at com.kms.katalon.core.main.ScriptEngine.run(ScriptEngine.java:194)
	at com.kms.katalon.core.main.ScriptEngine.runScriptAsRawText(ScriptEngine.java:119)
	at com.kms.katalon.core.main.TestCaseExecutor.runScript(TestCaseExecutor.java:448)
	at com.kms.katalon.core.main.TestCaseExecutor.doExecute(TestCaseExecutor.java:439)
	at com.kms.katalon.core.main.TestCaseExecutor.processExecutionPhase(TestCaseExecutor.java:418)
	at com.kms.katalon.core.main.TestCaseExecutor.accessMainPhase(TestCaseExecutor.java:410)
	at com.kms.katalon.core.main.TestCaseExecutor.execute(TestCaseExecutor.java:285)
	at com.kms.katalon.core.main.TestCaseMain.runTestCase(TestCaseMain.java:137)
	at com.kms.katalon.core.keyword.builtin.CallTestCaseKeyword$_callTestCase_closure1.doCall(CallTestCaseKeyword.groovy:59)
	at com.kms.katalon.core.keyword.builtin.CallTestCaseKeyword$_callTestCase_closure1.call(CallTestCaseKeyword.groovy)
	at com.kms.katalon.core.keyword.internal.KeywordMain.runKeyword(KeywordMain.groovy:75)
	at com.kms.katalon.core.keyword.builtin.CallTestCaseKeyword.callTestCase(CallTestCaseKeyword.groovy:81)
	at com.kms.katalon.core.keyword.builtin.CallTestCaseKeyword.execute(CallTestCaseKeyword.groovy:44)
	at com.kms.katalon.core.keyword.internal.KeywordExecutor.executeKeywordForPlatform(KeywordExecutor.groovy:74)
	at com.kms.katalon.core.keyword.BuiltinKeywords.callTestCase(BuiltinKeywords.groovy:310)
	at jdk.internal.reflect.GeneratedMethodAccessor33.invoke(Unknown Source)
	at java.base/jdk.internal.reflect.DelegatingMethodAccessorImpl.invoke(DelegatingMethodAccessorImpl.java:43)
	at FDG - Can Not Create Notification Without Sent To.run(FDG - Can Not Create Notification Without Sent To:22)
	at com.kms.katalon.core.main.ScriptEngine.run(ScriptEngine.java:194)
	at com.kms.katalon.core.main.ScriptEngine.runScriptAsRawText(ScriptEngine.java:119)
	at com.kms.katalon.core.main.TestCaseExecutor.runScript(TestCaseExecutor.java:448)
	at com.kms.katalon.core.main.TestCaseExecutor.doExecute(TestCaseExecutor.java:439)
	at com.kms.katalon.core.main.TestCaseExecutor.processExecutionPhase(TestCaseExecutor.java:418)
	at com.kms.katalon.core.main.TestCaseExecutor.accessMainPhase(TestCaseExecutor.java:410)
	at com.kms.katalon.core.main.TestCaseExecutor.execute(TestCaseExecutor.java:285)
	at com.kms.katalon.core.common.CommonExecutor.accessTestCaseMainPhase(CommonExecutor.java:65)
	at com.kms.katalon.core.main.TestSuiteExecutor.accessTestSuiteMainPhase(TestSuiteExecutor.java:150)
	at com.kms.katalon.core.main.TestSuiteExecutor.execute(TestSuiteExecutor.java:106)
	at com.kms.katalon.core.main.TestCaseMain.startTestSuite(TestCaseMain.java:180)
	at com.kms.katalon.core.main.TestCaseMain$startTestSuite$0.call(Unknown Source)
	at TempTestSuite1761139051700.run(TempTestSuite1761139051700.groovy:35)
	at java.base/jdk.internal.reflect.NativeMethodAccessorImpl.invoke0(Native Method)
	at java.base/jdk.internal.reflect.NativeMethodAccessorImpl.invoke(NativeMethodAccessorImpl.java:77)
	at java.base/jdk.internal.reflect.DelegatingMethodAccessorImpl.invoke(DelegatingMethodAccessorImpl.java:43)
)

22-10-2025T09:47:06 - [MESSAGE][PASSED] - Call Test Case 'Test Cases/Utility Scripts/TF Sign In' successfully

22-10-2025T09:47:06 - [TEST_STEP][PASSED] - click(findTestObject("Object Repository/TripFocus/Page_TripFocus/a_Notifications")): Object: 'Object Repository/TripFocus/Page_TripFocus/a_Notifications' is clicked on

22-10-2025T09:47:06 - [MESSAGE][PASSED] - Object: 'Object Repository/TripFocus/Page_TripFocus/a_Notifications' is clicked on

22-10-2025T09:47:06 - [TEST_STEP][PASSED] - delay(3): Delayed 3 second(s)

22-10-2025T09:47:09 - [MESSAGE][PASSED] - Delayed 3 second(s)

22-10-2025T09:47:09 - [TEST_STEP][PASSED] - click(findTestObject("Object Repository/TripFocus/Page_TripFocus/button_Add New Notification")): Object: 'Object Repository/TripFocus/Page_TripFocus/button_Add New Notification' is clicked on

22-10-2025T09:47:09 - [MESSAGE][PASSED] - Object: 'Object Repository/TripFocus/Page_TripFocus/button_Add New Notification' is clicked on

22-10-2025T09:47:09 - [TEST_STEP][PASSED] - delay(5): Delayed 5 second(s)

22-10-2025T09:47:14 - [MESSAGE][PASSED] - Delayed 5 second(s)

22-10-2025T09:47:14 - [TEST_STEP][PASSED] - click(findTestObject("TripFocus/Notifications/Delivery Site_dropdown")): Object: 'Object Repository/TripFocus/Notifications/Delivery Site_dropdown' is clicked on

22-10-2025T09:47:14 - [MESSAGE][PASSED] - Object: 'Object Repository/TripFocus/Notifications/Delivery Site_dropdown' is clicked on

22-10-2025T09:47:14 - [TEST_STEP][PASSED] - delay(2): Delayed 2 second(s)

22-10-2025T09:47:16 - [MESSAGE][PASSED] - Delayed 2 second(s)

22-10-2025T09:47:16 - [TEST_STEP][PASSED] - sendKeys(findTestObject("TripFocus/Notifications/Delivery Site_txt"), "EMERY OLEOCHEM"): Keys 'EMERY OLEOCHEM' sent to object: 'Object Repository/TripFocus/Notifications/Delivery Site_txt'

22-10-2025T09:47:16 - [MESSAGE][PASSED] - Keys 'EMERY OLEOCHEM' sent to object: 'Object Repository/TripFocus/Notifications/Delivery Site_txt'

22-10-2025T09:47:16 - [TEST_STEP][PASSED] - delay(2): Delayed 2 second(s)

22-10-2025T09:47:18 - [MESSAGE][PASSED] - Delayed 2 second(s)

22-10-2025T09:47:18 - [TEST_STEP][PASSED] - sendKeys(findTestObject("TripFocus/Notifications/Delivery Site_txt"), Keys.chord(ENTER)): Keys 'ENTER + ' sent to object: 'Object Repository/TripFocus/Notifications/Delivery Site_txt'

22-10-2025T09:47:18 - [MESSAGE][PASSED] - Keys 'ENTER + ' sent to object: 'Object Repository/TripFocus/Notifications/Delivery Site_txt'

22-10-2025T09:47:18 - [TEST_STEP][PASSED] - delay(2): Delayed 2 second(s)

22-10-2025T09:47:20 - [MESSAGE][PASSED] - Delayed 2 second(s)

22-10-2025T09:47:20 - [TEST_STEP][PASSED] - sendKeys(findTestObject("TripFocus/Notifications/Notification Events_txt"), "Order Undispatched"): Keys 'Order Undispatched' sent to object: 'Object Repository/TripFocus/Notifications/Notification Events_txt'

22-10-2025T09:47:20 - [MESSAGE][PASSED] - Keys 'Order Undispatched' sent to object: 'Object Repository/TripFocus/Notifications/Notification Events_txt'

22-10-2025T09:47:20 - [TEST_STEP][PASSED] - delay(2): Delayed 2 second(s)

22-10-2025T09:47:22 - [MESSAGE][PASSED] - Delayed 2 second(s)

22-10-2025T09:47:22 - [TEST_STEP][PASSED] - sendKeys(findTestObject("TripFocus/Notifications/Notification Events_txt"), Keys.chord(ENTER)): Keys 'ENTER + ' sent to object: 'Object Repository/TripFocus/Notifications/Notification Events_txt'

22-10-2025T09:47:22 - [MESSAGE][PASSED] - Keys 'ENTER + ' sent to object: 'Object Repository/TripFocus/Notifications/Notification Events_txt'

22-10-2025T09:47:22 - [TEST_STEP][PASSED] - delay(2): Delayed 2 second(s)

22-10-2025T09:47:24 - [MESSAGE][PASSED] - Delayed 2 second(s)

22-10-2025T09:47:24 - [TEST_STEP][PASSED] - click(findTestObject("TripFocus/Notifications/Send To_txt")): Object: 'Object Repository/TripFocus/Notifications/Send To_txt' is clicked on

22-10-2025T09:47:24 - [MESSAGE][PASSED] - Object: 'Object Repository/TripFocus/Notifications/Send To_txt' is clicked on

22-10-2025T09:47:24 - [TEST_STEP][PASSED] - delay(2): Delayed 2 second(s)

22-10-2025T09:47:26 - [MESSAGE][PASSED] - Delayed 2 second(s)

22-10-2025T09:47:26 - [TEST_STEP][PASSED] - click(findTestObject("TripFocus/Notifications/Save_btn")): Object: 'Object Repository/TripFocus/Notifications/Save_btn' is clicked on

22-10-2025T09:47:27 - [MESSAGE][PASSED] - Object: 'Object Repository/TripFocus/Notifications/Save_btn' is clicked on

22-10-2025T09:47:27 - [TEST_STEP][PASSED] - verifyTextPresent("Incorrect text structure for emails, please use the correct delimiters (',').", false): Text 'Incorrect text structure for emails, please use the correct delimiters (',').' is present on page 

22-10-2025T09:47:27 - [MESSAGE][PASSED] - Text 'Incorrect text structure for emails, please use the correct delimiters (',').' is present on page 

22-10-2025T09:47:27 - [TEST_STEP][PASSED] - closeBrowser(): Browser is closed

22-10-2025T09:47:27 - [MESSAGE][PASSED] - Browser is closed

22-10-2025T09:47:27 - [TEST_STEP][PASSED] - Start listener action : retryOnDisconnect: null

22-10-2025T09:47:27 - [TEST_STEP][PASSED] - tcId = testCaseContext.getTestCaseId(): null

22-10-2025T09:47:27 - [TEST_STEP][PASSED] - currentRetry = retryCounts.getOrDefault(tcId, 0): null

22-10-2025T09:47:27 - [TEST_STEP][PASSED] - if (testCaseContext.getTestCaseStatus() == "FAILED" && currentRetry < MAX_RETRIES): null]]></system-out>
         <system-err><![CDATA[]]></system-err>
      </testcase>
      <testcase name="Test Cases/TripFocus/FDG/FDG - Notification/FDG - Delete Notification" time="55.331" classname="Test Cases/TripFocus/FDG/FDG - Notification/FDG - Delete Notification" status="PASSED">
         <system-out><![CDATA[22-10-2025T09:47:27 - [TEST_CASE][PASSED] - Test Cases/TripFocus/FDG/FDG - Notification/FDG - Delete Notification: Test Cases/TripFocus/FDG/FDG - Notification/FDG - Delete Notification

22-10-2025T09:47:27 - [TEST_STEP][PASSED] - Start listener action : beforeTestCase: null

22-10-2025T09:47:27 - [TEST_STEP][PASSED] - addDefaultPackages(): null

22-10-2025T09:47:27 - [TEST_STEP][PASSED] - if (inProgress == false): Call Test Case 'Test Cases/Utility Scripts/TF Sign In' successfully

22-10-2025T09:47:27 - [TEST_STEP][PASSED] - callTestCase(findTestCase("Utility Scripts/Open Browser"), ["destinationURL":TFBaseURL], STOP_ON_FAILURE): Call Test Case 'Test Cases/Utility Scripts/Open Browser' successfully

22-10-2025T09:47:27 - [TEST_CASE][PASSED] - Test Cases/Utility Scripts/Open Browser: Test Cases/Utility Scripts/Open Browser

22-10-2025T09:47:27 - [TEST_STEP][PASSED] - openBrowser(""): Browser is opened with url: ''

22-10-2025T09:47:27 - [MESSAGE][INFO] - Starting 'Chrome' driver

22-10-2025T09:47:27 - [MESSAGE][INFO] - User set preference: ['args', '[--no-sandbox, --disable-gpu, --disable-dev-shm-usage]']

22-10-2025T09:47:27 - [MESSAGE][INFO] - Action delay is set to 0 milliseconds

22-10-2025T09:47:28 - [MESSAGE][PASSED] - Browser is opened with url: ''

22-10-2025T09:47:28 - [TEST_STEP][PASSED] - navigateToUrl(destinationURL): Navigate to 'https://www.qa.tripfocus.com' successfully

22-10-2025T09:47:28 - [MESSAGE][PASSED] - Navigate to 'https://www.qa.tripfocus.com' successfully

22-10-2025T09:47:28 - [TEST_STEP][PASSED] - if (maximizeWindow == true): Current window maximized

22-10-2025T09:47:28 - [TEST_STEP][PASSED] - maximizeWindow(STOP_ON_FAILURE): Current window maximized

22-10-2025T09:47:28 - [MESSAGE][PASSED] - Current window maximized

22-10-2025T09:47:28 - [MESSAGE][PASSED] - Call Test Case 'Test Cases/Utility Scripts/Open Browser' successfully

22-10-2025T09:47:28 - [TEST_STEP][PASSED] - callTestCase(findTestCase("Utility Scripts/TF Sign In"), ["userName":TripFocusPenskeFDGUsername, "password":TripFocusFDGSPGPassword], STOP_ON_FAILURE): Call Test Case 'Test Cases/Utility Scripts/TF Sign In' successfully

22-10-2025T09:47:28 - [TEST_CASE][PASSED] - Test Cases/Utility Scripts/TF Sign In: Test Cases/Utility Scripts/TF Sign In

22-10-2025T09:47:28 - [TEST_STEP][PASSED] - click(findTestObject("Object Repository/TripFocus/Page_TripFocus/button_Sign in")): Object: 'Object Repository/TripFocus/Page_TripFocus/button_Sign in' is clicked on

22-10-2025T09:47:28 - [MESSAGE][PASSED] - Object: 'Object Repository/TripFocus/Page_TripFocus/button_Sign in' is clicked on

22-10-2025T09:47:28 - [TEST_STEP][PASSED] - setText(findTestObject("Object Repository/TripFocus/Page_TripFocus/input_Username (e.g. email address)_Username"), userName): Text 'Ashford.Chenault+PenskeCustomerFDGONLY@thekag.com' is set on object 'Object Repository/TripFocus/Page_TripFocus/input_Username (e.g. email address)_Username'

22-10-2025T09:47:29 - [MESSAGE][PASSED] - Text 'Ashford.Chenault+PenskeCustomerFDGONLY@thekag.com' is set on object 'Object Repository/TripFocus/Page_TripFocus/input_Username (e.g. email address)_Username'

22-10-2025T09:47:29 - [TEST_STEP][PASSED] - setText(findTestObject("Object Repository/TripFocus/Page_TripFocus/input_Password_Password"), password): Text 'CrashBan911!!' is set on object 'Object Repository/TripFocus/Page_TripFocus/input_Password_Password'

22-10-2025T09:47:29 - [MESSAGE][PASSED] - Text 'CrashBan911!!' is set on object 'Object Repository/TripFocus/Page_TripFocus/input_Password_Password'

22-10-2025T09:47:29 - [TEST_STEP][PASSED] - click(findTestObject("Object Repository/TripFocus/Page_TripFocus/button_Login")): Object: 'Object Repository/TripFocus/Page_TripFocus/button_Login' is clicked on

22-10-2025T09:47:29 - [MESSAGE][PASSED] - Object: 'Object Repository/TripFocus/Page_TripFocus/button_Login' is clicked on

22-10-2025T09:47:29 - [TEST_STEP][PASSED] - maximizeWindow(): Current window maximized

22-10-2025T09:47:29 - [MESSAGE][PASSED] - Current window maximized

22-10-2025T09:47:29 - [TEST_STEP][PASSED] - waitForElementVisible(findTestObject("TripFocus/Testing_Notification_btn"), 5, OPTIONAL): Web element with id: 'Object Repository/TripFocus/Testing_Notification_btn' located by '//*[@id="__BVID__10___BV_modal_footer_"]/button' not found

22-10-2025T09:47:36 - [MESSAGE][INFO] - Unable to find the element located by 'By.xpath: //*[@id="__BVID__10___BV_modal_footer_"]/button'. Please recheck the objects properties to make sure the desired element is located. 

22-10-2025T09:47:36 - [MESSAGE][WARNING] - [SELF-HEALING] Failed to find element with id 'Object Repository/TripFocus/Testing_Notification_btn'. Try using Self-healing.

22-10-2025T09:47:37 - [MESSAGE][INFO] - [SELF-HEALING] No working XPath is found.

22-10-2025T09:47:39 - [MESSAGE][INFO] - Unable to find the element located by 'By.xpath: '. Please recheck the objects properties to make sure the desired element is located. 

22-10-2025T09:47:39 - [MESSAGE][WARNING] - [SELF-HEALING] Cannot find elements when the selector is null

22-10-2025T09:47:39 - [MESSAGE][WARNING] - Web element with id: 'Object Repository/TripFocus/Testing_Notification_btn' located by '//*[@id="__BVID__10___BV_modal_footer_"]/button' not found

22-10-2025T09:47:39 - [TEST_STEP][PASSED] - if (verifyElementVisible(findTestObject("TripFocus/Testing_Notification_btn"), OPTIONAL) == true): Web element with id: 'Object Repository/TripFocus/Testing_Notification_btn' located by '//*[@id="__BVID__10___BV_modal_footer_"]/button' not found (Root cause: com.kms.katalon.core.exception.StepFailedException: Web element with id: 'Object Repository/TripFocus/Testing_Notification_btn' located by '//*[@id="__BVID__10___BV_modal_footer_"]/button' not found
	at com.kms.katalon.core.webui.keyword.internal.WebUIKeywordMain.stepFailed(WebUIKeywordMain.groovy:117)
	at com.kms.katalon.core.webui.keyword.builtin.VerifyElementVisibleKeyword$_verifyElementVisible_closure1.doCall(VerifyElementVisibleKeyword.groovy:89)
	at com.kms.katalon.core.webui.keyword.builtin.VerifyElementVisibleKeyword$_verifyElementVisible_closure1.call(VerifyElementVisibleKeyword.groovy)
	at com.kms.katalon.core.webui.keyword.internal.WebUIKeywordMain.runKeyword(WebUIKeywordMain.groovy:35)
	at com.kms.katalon.core.webui.keyword.builtin.VerifyElementVisibleKeyword.verifyElementVisible(VerifyElementVisibleKeyword.groovy:97)
	at com.kms.katalon.core.webui.keyword.builtin.VerifyElementVisibleKeyword.execute(VerifyElementVisibleKeyword.groovy:67)
	at com.kms.katalon.core.keyword.internal.KeywordExecutor.executeKeywordForPlatform(KeywordExecutor.groovy:74)
	at com.kms.katalon.core.webui.keyword.WebUiBuiltInKeywords.verifyElementVisible(WebUiBuiltInKeywords.groovy:401)
	at com.kms.katalon.core.webui.keyword.WebUiBuiltInKeywords$verifyElementVisible$6.call(Unknown Source)
	at TF Sign In.run(TF Sign In:33)
	at com.kms.katalon.core.main.ScriptEngine.run(ScriptEngine.java:194)
	at com.kms.katalon.core.main.ScriptEngine.runScriptAsRawText(ScriptEngine.java:119)
	at com.kms.katalon.core.main.TestCaseExecutor.runScript(TestCaseExecutor.java:448)
	at com.kms.katalon.core.main.TestCaseExecutor.doExecute(TestCaseExecutor.java:439)
	at com.kms.katalon.core.main.TestCaseExecutor.processExecutionPhase(TestCaseExecutor.java:418)
	at com.kms.katalon.core.main.TestCaseExecutor.accessMainPhase(TestCaseExecutor.java:410)
	at com.kms.katalon.core.main.TestCaseExecutor.execute(TestCaseExecutor.java:285)
	at com.kms.katalon.core.main.TestCaseMain.runTestCase(TestCaseMain.java:137)
	at com.kms.katalon.core.keyword.builtin.CallTestCaseKeyword$_callTestCase_closure1.doCall(CallTestCaseKeyword.groovy:59)
	at com.kms.katalon.core.keyword.builtin.CallTestCaseKeyword$_callTestCase_closure1.call(CallTestCaseKeyword.groovy)
	at com.kms.katalon.core.keyword.internal.KeywordMain.runKeyword(KeywordMain.groovy:75)
	at com.kms.katalon.core.keyword.builtin.CallTestCaseKeyword.callTestCase(CallTestCaseKeyword.groovy:81)
	at com.kms.katalon.core.keyword.builtin.CallTestCaseKeyword.execute(CallTestCaseKeyword.groovy:44)
	at com.kms.katalon.core.keyword.internal.KeywordExecutor.executeKeywordForPlatform(KeywordExecutor.groovy:74)
	at com.kms.katalon.core.keyword.BuiltinKeywords.callTestCase(BuiltinKeywords.groovy:310)
	at jdk.internal.reflect.GeneratedMethodAccessor33.invoke(Unknown Source)
	at java.base/jdk.internal.reflect.DelegatingMethodAccessorImpl.invoke(DelegatingMethodAccessorImpl.java:43)
	at FDG - Delete Notification.run(FDG - Delete Notification:23)
	at com.kms.katalon.core.main.ScriptEngine.run(ScriptEngine.java:194)
	at com.kms.katalon.core.main.ScriptEngine.runScriptAsRawText(ScriptEngine.java:119)
	at com.kms.katalon.core.main.TestCaseExecutor.runScript(TestCaseExecutor.java:448)
	at com.kms.katalon.core.main.TestCaseExecutor.doExecute(TestCaseExecutor.java:439)
	at com.kms.katalon.core.main.TestCaseExecutor.processExecutionPhase(TestCaseExecutor.java:418)
	at com.kms.katalon.core.main.TestCaseExecutor.accessMainPhase(TestCaseExecutor.java:410)
	at com.kms.katalon.core.main.TestCaseExecutor.execute(TestCaseExecutor.java:285)
	at com.kms.katalon.core.common.CommonExecutor.accessTestCaseMainPhase(CommonExecutor.java:65)
	at com.kms.katalon.core.main.TestSuiteExecutor.accessTestSuiteMainPhase(TestSuiteExecutor.java:150)
	at com.kms.katalon.core.main.TestSuiteExecutor.execute(TestSuiteExecutor.java:106)
	at com.kms.katalon.core.main.TestCaseMain.startTestSuite(TestCaseMain.java:180)
	at com.kms.katalon.core.main.TestCaseMain$startTestSuite$0.call(Unknown Source)
	at TempTestSuite1761139051700.run(TempTestSuite1761139051700.groovy:35)
	at java.base/jdk.internal.reflect.NativeMethodAccessorImpl.invoke0(Native Method)
	at java.base/jdk.internal.reflect.NativeMethodAccessorImpl.invoke(NativeMethodAccessorImpl.java:77)
	at java.base/jdk.internal.reflect.DelegatingMethodAccessorImpl.invoke(DelegatingMethodAccessorImpl.java:43)
)

22-10-2025T09:47:55 - [MESSAGE][INFO] - Unable to find the element located by 'By.xpath: //*[@id="__BVID__10___BV_modal_footer_"]/button'. Please recheck the objects properties to make sure the desired element is located. 

22-10-2025T09:47:55 - [MESSAGE][WARNING] - [SELF-HEALING] Failed to find element with id 'Object Repository/TripFocus/Testing_Notification_btn'. Try using Self-healing.

22-10-2025T09:47:56 - [MESSAGE][INFO] - [SELF-HEALING] No working XPath is found.

22-10-2025T09:47:58 - [MESSAGE][INFO] - Unable to find the element located by 'By.xpath: '. Please recheck the objects properties to make sure the desired element is located. 

22-10-2025T09:47:58 - [MESSAGE][WARNING] - [SELF-HEALING] Cannot find elements when the selector is null

22-10-2025T09:47:58 - [MESSAGE][WARNING] - Web element with id: 'Object Repository/TripFocus/Testing_Notification_btn' located by '//*[@id="__BVID__10___BV_modal_footer_"]/button' not found (Root cause: com.kms.katalon.core.exception.StepFailedException: Web element with id: 'Object Repository/TripFocus/Testing_Notification_btn' located by '//*[@id="__BVID__10___BV_modal_footer_"]/button' not found
	at com.kms.katalon.core.webui.keyword.internal.WebUIKeywordMain.stepFailed(WebUIKeywordMain.groovy:117)
	at com.kms.katalon.core.webui.keyword.builtin.VerifyElementVisibleKeyword$_verifyElementVisible_closure1.doCall(VerifyElementVisibleKeyword.groovy:89)
	at com.kms.katalon.core.webui.keyword.builtin.VerifyElementVisibleKeyword$_verifyElementVisible_closure1.call(VerifyElementVisibleKeyword.groovy)
	at com.kms.katalon.core.webui.keyword.internal.WebUIKeywordMain.runKeyword(WebUIKeywordMain.groovy:35)
	at com.kms.katalon.core.webui.keyword.builtin.VerifyElementVisibleKeyword.verifyElementVisible(VerifyElementVisibleKeyword.groovy:97)
	at com.kms.katalon.core.webui.keyword.builtin.VerifyElementVisibleKeyword.execute(VerifyElementVisibleKeyword.groovy:67)
	at com.kms.katalon.core.keyword.internal.KeywordExecutor.executeKeywordForPlatform(KeywordExecutor.groovy:74)
	at com.kms.katalon.core.webui.keyword.WebUiBuiltInKeywords.verifyElementVisible(WebUiBuiltInKeywords.groovy:401)
	at com.kms.katalon.core.webui.keyword.WebUiBuiltInKeywords$verifyElementVisible$6.call(Unknown Source)
	at TF Sign In.run(TF Sign In:33)
	at com.kms.katalon.core.main.ScriptEngine.run(ScriptEngine.java:194)
	at com.kms.katalon.core.main.ScriptEngine.runScriptAsRawText(ScriptEngine.java:119)
	at com.kms.katalon.core.main.TestCaseExecutor.runScript(TestCaseExecutor.java:448)
	at com.kms.katalon.core.main.TestCaseExecutor.doExecute(TestCaseExecutor.java:439)
	at com.kms.katalon.core.main.TestCaseExecutor.processExecutionPhase(TestCaseExecutor.java:418)
	at com.kms.katalon.core.main.TestCaseExecutor.accessMainPhase(TestCaseExecutor.java:410)
	at com.kms.katalon.core.main.TestCaseExecutor.execute(TestCaseExecutor.java:285)
	at com.kms.katalon.core.main.TestCaseMain.runTestCase(TestCaseMain.java:137)
	at com.kms.katalon.core.keyword.builtin.CallTestCaseKeyword$_callTestCase_closure1.doCall(CallTestCaseKeyword.groovy:59)
	at com.kms.katalon.core.keyword.builtin.CallTestCaseKeyword$_callTestCase_closure1.call(CallTestCaseKeyword.groovy)
	at com.kms.katalon.core.keyword.internal.KeywordMain.runKeyword(KeywordMain.groovy:75)
	at com.kms.katalon.core.keyword.builtin.CallTestCaseKeyword.callTestCase(CallTestCaseKeyword.groovy:81)
	at com.kms.katalon.core.keyword.builtin.CallTestCaseKeyword.execute(CallTestCaseKeyword.groovy:44)
	at com.kms.katalon.core.keyword.internal.KeywordExecutor.executeKeywordForPlatform(KeywordExecutor.groovy:74)
	at com.kms.katalon.core.keyword.BuiltinKeywords.callTestCase(BuiltinKeywords.groovy:310)
	at jdk.internal.reflect.GeneratedMethodAccessor33.invoke(Unknown Source)
	at java.base/jdk.internal.reflect.DelegatingMethodAccessorImpl.invoke(DelegatingMethodAccessorImpl.java:43)
	at FDG - Delete Notification.run(FDG - Delete Notification:23)
	at com.kms.katalon.core.main.ScriptEngine.run(ScriptEngine.java:194)
	at com.kms.katalon.core.main.ScriptEngine.runScriptAsRawText(ScriptEngine.java:119)
	at com.kms.katalon.core.main.TestCaseExecutor.runScript(TestCaseExecutor.java:448)
	at com.kms.katalon.core.main.TestCaseExecutor.doExecute(TestCaseExecutor.java:439)
	at com.kms.katalon.core.main.TestCaseExecutor.processExecutionPhase(TestCaseExecutor.java:418)
	at com.kms.katalon.core.main.TestCaseExecutor.accessMainPhase(TestCaseExecutor.java:410)
	at com.kms.katalon.core.main.TestCaseExecutor.execute(TestCaseExecutor.java:285)
	at com.kms.katalon.core.common.CommonExecutor.accessTestCaseMainPhase(CommonExecutor.java:65)
	at com.kms.katalon.core.main.TestSuiteExecutor.accessTestSuiteMainPhase(TestSuiteExecutor.java:150)
	at com.kms.katalon.core.main.TestSuiteExecutor.execute(TestSuiteExecutor.java:106)
	at com.kms.katalon.core.main.TestCaseMain.startTestSuite(TestCaseMain.java:180)
	at com.kms.katalon.core.main.TestCaseMain$startTestSuite$0.call(Unknown Source)
	at TempTestSuite1761139051700.run(TempTestSuite1761139051700.groovy:35)
	at java.base/jdk.internal.reflect.NativeMethodAccessorImpl.invoke0(Native Method)
	at java.base/jdk.internal.reflect.NativeMethodAccessorImpl.invoke(NativeMethodAccessorImpl.java:77)
	at java.base/jdk.internal.reflect.DelegatingMethodAccessorImpl.invoke(DelegatingMethodAccessorImpl.java:43)
)

22-10-2025T09:47:58 - [MESSAGE][PASSED] - Call Test Case 'Test Cases/Utility Scripts/TF Sign In' successfully

22-10-2025T09:47:58 - [TEST_STEP][PASSED] - click(findTestObject("TripFocus/Notifications/Notifications Tab")): Object: 'Object Repository/TripFocus/Notifications/Notifications Tab' is clicked on

22-10-2025T09:47:58 - [MESSAGE][PASSED] - Object: 'Object Repository/TripFocus/Notifications/Notifications Tab' is clicked on

22-10-2025T09:47:58 - [TEST_STEP][PASSED] - delay(3): Delayed 3 second(s)

22-10-2025T09:48:01 - [MESSAGE][PASSED] - Delayed 3 second(s)

22-10-2025T09:48:01 - [TEST_STEP][PASSED] - while (verifyElementPresent(findTestObject("TripFocus/Notifications/Notification Delete_btn"), 20, OPTIONAL) == true): com.kms.katalon.core.webui.exception.WebElementNotFoundException: Web element with id: 'Object Repository/TripFocus/Notifications/Notification Delete_btn' located by '//button[normalize-space(text())='Delete']' not found (Root cause: com.kms.katalon.core.exception.StepFailedException: com.kms.katalon.core.webui.exception.WebElementNotFoundException: Web element with id: 'Object Repository/TripFocus/Notifications/Notification Delete_btn' located by '//button[normalize-space(text())='Delete']' not found
	at com.kms.katalon.core.webui.keyword.internal.WebUIKeywordMain.stepFailed(WebUIKeywordMain.groovy:117)
	at com.kms.katalon.core.webui.keyword.builtin.VerifyElementPresentKeyword$_verifyElementPresent_closure1.doCall(VerifyElementPresentKeyword.groovy:85)
	at com.kms.katalon.core.webui.keyword.builtin.VerifyElementPresentKeyword$_verifyElementPresent_closure1.call(VerifyElementPresentKeyword.groovy)
	at com.kms.katalon.core.webui.keyword.internal.WebUIKeywordMain.runKeyword(WebUIKeywordMain.groovy:35)
	at com.kms.katalon.core.webui.keyword.builtin.VerifyElementPresentKeyword.verifyElementPresent(VerifyElementPresentKeyword.groovy:92)
	at com.kms.katalon.core.webui.keyword.builtin.VerifyElementPresentKeyword.execute(VerifyElementPresentKeyword.groovy:68)
	at com.kms.katalon.core.keyword.internal.KeywordExecutor.executeKeywordForPlatform(KeywordExecutor.groovy:74)
	at com.kms.katalon.core.webui.keyword.WebUiBuiltInKeywords.verifyElementPresent(WebUiBuiltInKeywords.groovy:1487)
	at com.kms.katalon.core.webui.keyword.WebUiBuiltInKeywords$verifyElementPresent$9.call(Unknown Source)
	at FDG - Delete Notification.run(FDG - Delete Notification:31)
	at com.kms.katalon.core.main.ScriptEngine.run(ScriptEngine.java:194)
	at com.kms.katalon.core.main.ScriptEngine.runScriptAsRawText(ScriptEngine.java:119)
	at com.kms.katalon.core.main.TestCaseExecutor.runScript(TestCaseExecutor.java:448)
	at com.kms.katalon.core.main.TestCaseExecutor.doExecute(TestCaseExecutor.java:439)
	at com.kms.katalon.core.main.TestCaseExecutor.processExecutionPhase(TestCaseExecutor.java:418)
	at com.kms.katalon.core.main.TestCaseExecutor.accessMainPhase(TestCaseExecutor.java:410)
	at com.kms.katalon.core.main.TestCaseExecutor.execute(TestCaseExecutor.java:285)
	at com.kms.katalon.core.common.CommonExecutor.accessTestCaseMainPhase(CommonExecutor.java:65)
	at com.kms.katalon.core.main.TestSuiteExecutor.accessTestSuiteMainPhase(TestSuiteExecutor.java:150)
	at com.kms.katalon.core.main.TestSuiteExecutor.execute(TestSuiteExecutor.java:106)
	at com.kms.katalon.core.main.TestCaseMain.startTestSuite(TestCaseMain.java:180)
	at com.kms.katalon.core.main.TestCaseMain$startTestSuite$0.call(Unknown Source)
	at TempTestSuite1761139051700.run(TempTestSuite1761139051700.groovy:35)
	at java.base/jdk.internal.reflect.NativeMethodAccessorImpl.invoke0(Native Method)
	at java.base/jdk.internal.reflect.NativeMethodAccessorImpl.invoke(NativeMethodAccessorImpl.java:77)
	at java.base/jdk.internal.reflect.DelegatingMethodAccessorImpl.invoke(DelegatingMethodAccessorImpl.java:43)
)

22-10-2025T09:48:22 - [MESSAGE][INFO] - Unable to find the element located by 'By.xpath: //button[normalize-space(text())='Delete']'. Please recheck the objects properties to make sure the desired element is located. 

22-10-2025T09:48:22 - [MESSAGE][WARNING] - com.kms.katalon.core.webui.exception.WebElementNotFoundException: Web element with id: 'Object Repository/TripFocus/Notifications/Notification Delete_btn' located by '//button[normalize-space(text())='Delete']' not found (Root cause: com.kms.katalon.core.exception.StepFailedException: com.kms.katalon.core.webui.exception.WebElementNotFoundException: Web element with id: 'Object Repository/TripFocus/Notifications/Notification Delete_btn' located by '//button[normalize-space(text())='Delete']' not found
	at com.kms.katalon.core.webui.keyword.internal.WebUIKeywordMain.stepFailed(WebUIKeywordMain.groovy:117)
	at com.kms.katalon.core.webui.keyword.builtin.VerifyElementPresentKeyword$_verifyElementPresent_closure1.doCall(VerifyElementPresentKeyword.groovy:85)
	at com.kms.katalon.core.webui.keyword.builtin.VerifyElementPresentKeyword$_verifyElementPresent_closure1.call(VerifyElementPresentKeyword.groovy)
	at com.kms.katalon.core.webui.keyword.internal.WebUIKeywordMain.runKeyword(WebUIKeywordMain.groovy:35)
	at com.kms.katalon.core.webui.keyword.builtin.VerifyElementPresentKeyword.verifyElementPresent(VerifyElementPresentKeyword.groovy:92)
	at com.kms.katalon.core.webui.keyword.builtin.VerifyElementPresentKeyword.execute(VerifyElementPresentKeyword.groovy:68)
	at com.kms.katalon.core.keyword.internal.KeywordExecutor.executeKeywordForPlatform(KeywordExecutor.groovy:74)
	at com.kms.katalon.core.webui.keyword.WebUiBuiltInKeywords.verifyElementPresent(WebUiBuiltInKeywords.groovy:1487)
	at com.kms.katalon.core.webui.keyword.WebUiBuiltInKeywords$verifyElementPresent$9.call(Unknown Source)
	at FDG - Delete Notification.run(FDG - Delete Notification:31)
	at com.kms.katalon.core.main.ScriptEngine.run(ScriptEngine.java:194)
	at com.kms.katalon.core.main.ScriptEngine.runScriptAsRawText(ScriptEngine.java:119)
	at com.kms.katalon.core.main.TestCaseExecutor.runScript(TestCaseExecutor.java:448)
	at com.kms.katalon.core.main.TestCaseExecutor.doExecute(TestCaseExecutor.java:439)
	at com.kms.katalon.core.main.TestCaseExecutor.processExecutionPhase(TestCaseExecutor.java:418)
	at com.kms.katalon.core.main.TestCaseExecutor.accessMainPhase(TestCaseExecutor.java:410)
	at com.kms.katalon.core.main.TestCaseExecutor.execute(TestCaseExecutor.java:285)
	at com.kms.katalon.core.common.CommonExecutor.accessTestCaseMainPhase(CommonExecutor.java:65)
	at com.kms.katalon.core.main.TestSuiteExecutor.accessTestSuiteMainPhase(TestSuiteExecutor.java:150)
	at com.kms.katalon.core.main.TestSuiteExecutor.execute(TestSuiteExecutor.java:106)
	at com.kms.katalon.core.main.TestCaseMain.startTestSuite(TestCaseMain.java:180)
	at com.kms.katalon.core.main.TestCaseMain$startTestSuite$0.call(Unknown Source)
	at TempTestSuite1761139051700.run(TempTestSuite1761139051700.groovy:35)
	at java.base/jdk.internal.reflect.NativeMethodAccessorImpl.invoke0(Native Method)
	at java.base/jdk.internal.reflect.NativeMethodAccessorImpl.invoke(NativeMethodAccessorImpl.java:77)
	at java.base/jdk.internal.reflect.DelegatingMethodAccessorImpl.invoke(DelegatingMethodAccessorImpl.java:43)
)

22-10-2025T09:48:22 - [TEST_STEP][PASSED] - closeBrowser(): Browser is closed

22-10-2025T09:48:22 - [MESSAGE][PASSED] - Browser is closed

22-10-2025T09:48:22 - [TEST_STEP][PASSED] - Start listener action : retryOnDisconnect: null

22-10-2025T09:48:22 - [TEST_STEP][PASSED] - tcId = testCaseContext.getTestCaseId(): null

22-10-2025T09:48:22 - [TEST_STEP][PASSED] - currentRetry = retryCounts.getOrDefault(tcId, 0): null

22-10-2025T09:48:22 - [TEST_STEP][PASSED] - if (testCaseContext.getTestCaseStatus() == "FAILED" && currentRetry < MAX_RETRIES): null]]></system-out>
         <system-err><![CDATA[]]></system-err>
      </testcase>
      <system-out><![CDATA[22-10-2025T09:21:54 - [TEST_SUITE][PASSED] - FDG - TripFocus - Notification: Test Cases/TripFocus/FDG/FDG - Notification/FDG - Delete Notification]]></system-out>
      <system-err><![CDATA[]]></system-err>
   </testsuite>
</testsuites>
