<?xml version="1.0" encoding="UTF-8"?>
<testsuites name="SPG - UserPage" time="2255.12" tests="34" failures="2" errors="0">
   <testsuite name="SPG - UserPage" tests="34" failures="2" errors="0" time="2255.12" skipped="0" timestamp="22-10-2025T11:12:40" hostname="DC1ADOBLD01$ - DC1ADOBLD01.thekag.com" id="Test Suites/TripFocus/SPG/SPG - UserPage">
      <properties>
         <property name="deviceName" value=""/>
         <property name="devicePlatform"/>
         <property name="logFolder" value="D:\\ADOagent\\vsts-agent-win-x64-2.217.2\\_work\\944\\s\\Reports\\20251022_091709\\TripFocus\\SPG\\SPG - UserPage\\20251022_091828"/>
         <property name="logFiles" value="D:\\ADOagent\\vsts-agent-win-x64-2.217.2\\_work\\944\\s\\Reports\\20251022_091709\\TripFocus\\SPG\\SPG - UserPage\\20251022_091828\\execution0.log"/>
         <property name="attachments" value=""/>
         <property name="hostName" value="DC1ADOBLD01$ - DC1ADOBLD01.thekag.com"/>
         <property name="os" value="Windows Server 2019 64bit"/>
         <property name="katalonVersion" value="9.7.5.223"/>
         <property name="browser" value="Chrome 141.0.0.0"/>
         <property name="hostAddress" value="10.2.20.71"/>
         <property name="sessionId" value="ea18a34c7c35bf66a03a539bbf9da577"/>
         <property name="seleniumVersion" value="3.141.59"/>
         <property name="proxyInformation" value="ProxyInformation { proxyOption=NO_PROXY, proxyServerType=HTTP, username=, password=********, proxyServerAddress=, proxyServerPort=0, executionList=&quot;&quot;, isApplyToDesiredCapabilities=true }"/>
         <property name="platform" value="Windows Server 2019"/>
      </properties>
      <testcase name="Test Cases/TripFocus/SPG/SPG - UserPage/Create/Creating New SPG Customer Admin User" time="58.726" classname="Test Cases/TripFocus/SPG/SPG - UserPage/Create/Creating New SPG Customer Admin User" status="PASSED">
         <system-out><![CDATA[22-10-2025T11:12:40 - [TEST_CASE][PASSED] - Test Cases/TripFocus/SPG/SPG - UserPage/Create/Creating New SPG Customer Admin User: Test Cases/TripFocus/SPG/SPG - UserPage/Create/Creating New SPG Customer Admin User

22-10-2025T11:12:40 - [TEST_STEP][PASSED] - Start listener action : beforeTestCase: null

22-10-2025T11:12:40 - [TEST_STEP][PASSED] - addDefaultPackages(): null

22-10-2025T11:12:40 - [TEST_STEP][PASSED] - openBrowser(""): Browser is opened with url: ''

22-10-2025T11:12:40 - [MESSAGE][INFO] - Starting 'Chrome' driver

22-10-2025T11:12:40 - [MESSAGE][INFO] - User set preference: ['args', '[--no-sandbox, --disable-gpu, --disable-dev-shm-usage]']

22-10-2025T11:12:40 - [MESSAGE][INFO] - Action delay is set to 0 milliseconds

22-10-2025T11:12:42 - [MESSAGE][PASSED] - Browser is opened with url: ''

22-10-2025T11:12:42 - [TEST_STEP][PASSED] - navigateToUrl(TFBaseURL): Navigate to 'https://www.qa.tripfocus.com' successfully

22-10-2025T11:12:44 - [MESSAGE][PASSED] - Navigate to 'https://www.qa.tripfocus.com' successfully

22-10-2025T11:12:44 - [TEST_STEP][PASSED] - click(findTestObject("Object Repository/TripFocus/Page_TripFocus/button_Sign in")): Object: 'Object Repository/TripFocus/Page_TripFocus/button_Sign in' is clicked on

22-10-2025T11:12:44 - [MESSAGE][PASSED] - Object: 'Object Repository/TripFocus/Page_TripFocus/button_Sign in' is clicked on

22-10-2025T11:12:44 - [TEST_STEP][PASSED] - setText(findTestObject("Object Repository/TripFocus/Page_TripFocus/input_Username (e.g. email address)_Username"), TripFocusBleachTechSPGUsername): Text 'Ashford.Chenault+BleachtechCustomerSPGONLY@thekag.com' is set on object 'Object Repository/TripFocus/Page_TripFocus/input_Username (e.g. email address)_Username'

22-10-2025T11:12:45 - [MESSAGE][PASSED] - Text 'Ashford.Chenault+BleachtechCustomerSPGONLY@thekag.com' is set on object 'Object Repository/TripFocus/Page_TripFocus/input_Username (e.g. email address)_Username'

22-10-2025T11:12:45 - [TEST_STEP][PASSED] - setText(findTestObject("Object Repository/TripFocus/Page_TripFocus/input_Password_Password"), TripFocusFDGSPGPassword): Text 'CrashBan911!!' is set on object 'Object Repository/TripFocus/Page_TripFocus/input_Password_Password'

22-10-2025T11:12:45 - [MESSAGE][PASSED] - Text 'CrashBan911!!' is set on object 'Object Repository/TripFocus/Page_TripFocus/input_Password_Password'

22-10-2025T11:12:45 - [TEST_STEP][PASSED] - click(findTestObject("Object Repository/TripFocus/Page_TripFocus/button_Login")): Object: 'Object Repository/TripFocus/Page_TripFocus/button_Login' is clicked on

22-10-2025T11:12:45 - [MESSAGE][PASSED] - Object: 'Object Repository/TripFocus/Page_TripFocus/button_Login' is clicked on

22-10-2025T11:12:45 - [TEST_STEP][PASSED] - maximizeWindow(): Current window maximized

22-10-2025T11:12:45 - [MESSAGE][PASSED] - Current window maximized

22-10-2025T11:12:45 - [TEST_STEP][PASSED] - waitForElementVisible(findTestObject("TripFocus/Testing_Notification_btn"), 15, OPTIONAL): Web element with id: 'Object Repository/TripFocus/Testing_Notification_btn' located by '//*[@id="__BVID__10___BV_modal_footer_"]/button' not found

22-10-2025T11:13:01 - [MESSAGE][INFO] - Unable to find the element located by 'By.xpath: //*[@id="__BVID__10___BV_modal_footer_"]/button'. Please recheck the objects properties to make sure the desired element is located. 

22-10-2025T11:13:01 - [MESSAGE][WARNING] - [SELF-HEALING] Failed to find element with id 'Object Repository/TripFocus/Testing_Notification_btn'. Try using Self-healing.

22-10-2025T11:13:02 - [MESSAGE][INFO] - [SELF-HEALING] No working XPath is found.

22-10-2025T11:13:04 - [MESSAGE][INFO] - Unable to find the element located by 'By.xpath: '. Please recheck the objects properties to make sure the desired element is located. 

22-10-2025T11:13:04 - [MESSAGE][WARNING] - [SELF-HEALING] Cannot find elements when the selector is null

22-10-2025T11:13:04 - [MESSAGE][WARNING] - Web element with id: 'Object Repository/TripFocus/Testing_Notification_btn' located by '//*[@id="__BVID__10___BV_modal_footer_"]/button' not found

22-10-2025T11:13:04 - [TEST_STEP][PASSED] - if (verifyElementVisible(findTestObject("TripFocus/Testing_Notification_btn"), OPTIONAL) == true): Web element with id: 'Object Repository/TripFocus/Testing_Notification_btn' located by '//*[@id="__BVID__10___BV_modal_footer_"]/button' not found (Root cause: com.kms.katalon.core.exception.StepFailedException: Web element with id: 'Object Repository/TripFocus/Testing_Notification_btn' located by '//*[@id="__BVID__10___BV_modal_footer_"]/button' not found
	at com.kms.katalon.core.webui.keyword.internal.WebUIKeywordMain.stepFailed(WebUIKeywordMain.groovy:117)
	at com.kms.katalon.core.webui.keyword.builtin.VerifyElementVisibleKeyword$_verifyElementVisible_closure1.doCall(VerifyElementVisibleKeyword.groovy:89)
	at com.kms.katalon.core.webui.keyword.builtin.VerifyElementVisibleKeyword$_verifyElementVisible_closure1.call(VerifyElementVisibleKeyword.groovy)
	at com.kms.katalon.core.webui.keyword.internal.WebUIKeywordMain.runKeyword(WebUIKeywordMain.groovy:35)
	at com.kms.katalon.core.webui.keyword.builtin.VerifyElementVisibleKeyword.verifyElementVisible(VerifyElementVisibleKeyword.groovy:97)
	at com.kms.katalon.core.webui.keyword.builtin.VerifyElementVisibleKeyword.execute(VerifyElementVisibleKeyword.groovy:67)
	at com.kms.katalon.core.keyword.internal.KeywordExecutor.executeKeywordForPlatform(KeywordExecutor.groovy:74)
	at com.kms.katalon.core.webui.keyword.WebUiBuiltInKeywords.verifyElementVisible(WebUiBuiltInKeywords.groovy:401)
	at com.kms.katalon.core.webui.keyword.WebUiBuiltInKeywords$verifyElementVisible$5.call(Unknown Source)
	at Creating New SPG Customer Admin User.run(Creating New SPG Customer Admin User:38)
	at com.kms.katalon.core.main.ScriptEngine.run(ScriptEngine.java:194)
	at com.kms.katalon.core.main.ScriptEngine.runScriptAsRawText(ScriptEngine.java:119)
	at com.kms.katalon.core.main.TestCaseExecutor.runScript(TestCaseExecutor.java:448)
	at com.kms.katalon.core.main.TestCaseExecutor.doExecute(TestCaseExecutor.java:439)
	at com.kms.katalon.core.main.TestCaseExecutor.processExecutionPhase(TestCaseExecutor.java:418)
	at com.kms.katalon.core.main.TestCaseExecutor.accessMainPhase(TestCaseExecutor.java:410)
	at com.kms.katalon.core.main.TestCaseExecutor.execute(TestCaseExecutor.java:285)
	at com.kms.katalon.core.common.CommonExecutor.accessTestCaseMainPhase(CommonExecutor.java:65)
	at com.kms.katalon.core.main.TestSuiteExecutor.accessTestSuiteMainPhase(TestSuiteExecutor.java:150)
	at com.kms.katalon.core.main.TestSuiteExecutor.execute(TestSuiteExecutor.java:106)
	at com.kms.katalon.core.main.TestCaseMain.startTestSuite(TestCaseMain.java:180)
	at com.kms.katalon.core.main.TestCaseMain$startTestSuite$0.call(Unknown Source)
	at TempTestSuite1761139108993.run(TempTestSuite1761139108993.groovy:35)
	at java.base/jdk.internal.reflect.NativeMethodAccessorImpl.invoke0(Native Method)
	at java.base/jdk.internal.reflect.NativeMethodAccessorImpl.invoke(NativeMethodAccessorImpl.java:77)
	at java.base/jdk.internal.reflect.DelegatingMethodAccessorImpl.invoke(DelegatingMethodAccessorImpl.java:43)
)

22-10-2025T11:13:20 - [MESSAGE][INFO] - Unable to find the element located by 'By.xpath: //*[@id="__BVID__10___BV_modal_footer_"]/button'. Please recheck the objects properties to make sure the desired element is located. 

22-10-2025T11:13:20 - [MESSAGE][WARNING] - [SELF-HEALING] Failed to find element with id 'Object Repository/TripFocus/Testing_Notification_btn'. Try using Self-healing.

22-10-2025T11:13:21 - [MESSAGE][INFO] - [SELF-HEALING] No working XPath is found.

22-10-2025T11:13:24 - [MESSAGE][INFO] - Unable to find the element located by 'By.xpath: '. Please recheck the objects properties to make sure the desired element is located. 

22-10-2025T11:13:24 - [MESSAGE][WARNING] - [SELF-HEALING] Cannot find elements when the selector is null

22-10-2025T11:13:24 - [MESSAGE][WARNING] - Web element with id: 'Object Repository/TripFocus/Testing_Notification_btn' located by '//*[@id="__BVID__10___BV_modal_footer_"]/button' not found (Root cause: com.kms.katalon.core.exception.StepFailedException: Web element with id: 'Object Repository/TripFocus/Testing_Notification_btn' located by '//*[@id="__BVID__10___BV_modal_footer_"]/button' not found
	at com.kms.katalon.core.webui.keyword.internal.WebUIKeywordMain.stepFailed(WebUIKeywordMain.groovy:117)
	at com.kms.katalon.core.webui.keyword.builtin.VerifyElementVisibleKeyword$_verifyElementVisible_closure1.doCall(VerifyElementVisibleKeyword.groovy:89)
	at com.kms.katalon.core.webui.keyword.builtin.VerifyElementVisibleKeyword$_verifyElementVisible_closure1.call(VerifyElementVisibleKeyword.groovy)
	at com.kms.katalon.core.webui.keyword.internal.WebUIKeywordMain.runKeyword(WebUIKeywordMain.groovy:35)
	at com.kms.katalon.core.webui.keyword.builtin.VerifyElementVisibleKeyword.verifyElementVisible(VerifyElementVisibleKeyword.groovy:97)
	at com.kms.katalon.core.webui.keyword.builtin.VerifyElementVisibleKeyword.execute(VerifyElementVisibleKeyword.groovy:67)
	at com.kms.katalon.core.keyword.internal.KeywordExecutor.executeKeywordForPlatform(KeywordExecutor.groovy:74)
	at com.kms.katalon.core.webui.keyword.WebUiBuiltInKeywords.verifyElementVisible(WebUiBuiltInKeywords.groovy:401)
	at com.kms.katalon.core.webui.keyword.WebUiBuiltInKeywords$verifyElementVisible$5.call(Unknown Source)
	at Creating New SPG Customer Admin User.run(Creating New SPG Customer Admin User:38)
	at com.kms.katalon.core.main.ScriptEngine.run(ScriptEngine.java:194)
	at com.kms.katalon.core.main.ScriptEngine.runScriptAsRawText(ScriptEngine.java:119)
	at com.kms.katalon.core.main.TestCaseExecutor.runScript(TestCaseExecutor.java:448)
	at com.kms.katalon.core.main.TestCaseExecutor.doExecute(TestCaseExecutor.java:439)
	at com.kms.katalon.core.main.TestCaseExecutor.processExecutionPhase(TestCaseExecutor.java:418)
	at com.kms.katalon.core.main.TestCaseExecutor.accessMainPhase(TestCaseExecutor.java:410)
	at com.kms.katalon.core.main.TestCaseExecutor.execute(TestCaseExecutor.java:285)
	at com.kms.katalon.core.common.CommonExecutor.accessTestCaseMainPhase(CommonExecutor.java:65)
	at com.kms.katalon.core.main.TestSuiteExecutor.accessTestSuiteMainPhase(TestSuiteExecutor.java:150)
	at com.kms.katalon.core.main.TestSuiteExecutor.execute(TestSuiteExecutor.java:106)
	at com.kms.katalon.core.main.TestCaseMain.startTestSuite(TestCaseMain.java:180)
	at com.kms.katalon.core.main.TestCaseMain$startTestSuite$0.call(Unknown Source)
	at TempTestSuite1761139108993.run(TempTestSuite1761139108993.groovy:35)
	at java.base/jdk.internal.reflect.NativeMethodAccessorImpl.invoke0(Native Method)
	at java.base/jdk.internal.reflect.NativeMethodAccessorImpl.invoke(NativeMethodAccessorImpl.java:77)
	at java.base/jdk.internal.reflect.DelegatingMethodAccessorImpl.invoke(DelegatingMethodAccessorImpl.java:43)
)

22-10-2025T11:13:24 - [TEST_STEP][PASSED] - click(findTestObject("Object Repository/TripFocus/Page_TripFocus/a_Users")): Object: 'Object Repository/TripFocus/Page_TripFocus/a_Users' is clicked on

22-10-2025T11:13:24 - [MESSAGE][PASSED] - Object: 'Object Repository/TripFocus/Page_TripFocus/a_Users' is clicked on

22-10-2025T11:13:24 - [TEST_STEP][PASSED] - delay(10): Delayed 10 second(s)

22-10-2025T11:13:34 - [MESSAGE][PASSED] - Delayed 10 second(s)

22-10-2025T11:13:34 - [TEST_STEP][PASSED] - click(findTestObject("Object Repository/TripFocus/Page_TripFocus/button_Add New User")): Object: 'Object Repository/TripFocus/Page_TripFocus/button_Add New User' is clicked on

22-10-2025T11:13:34 - [MESSAGE][PASSED] - Object: 'Object Repository/TripFocus/Page_TripFocus/button_Add New User' is clicked on

22-10-2025T11:13:34 - [TEST_STEP][PASSED] - setText(findTestObject("Object Repository/TripFocus/Page_TripFocus/input_First Name_txtFirstName"), "Ashford Automation"): Text 'Ashford Automation' is set on object 'Object Repository/TripFocus/Page_TripFocus/input_First Name_txtFirstName'

22-10-2025T11:13:34 - [MESSAGE][PASSED] - Text 'Ashford Automation' is set on object 'Object Repository/TripFocus/Page_TripFocus/input_First Name_txtFirstName'

22-10-2025T11:13:34 - [TEST_STEP][PASSED] - setText(findTestObject("Object Repository/TripFocus/Page_TripFocus/input_Last Name_txtLastName"), "Admin Testing Only"): Text 'Admin Testing Only' is set on object 'Object Repository/TripFocus/Page_TripFocus/input_Last Name_txtLastName'

22-10-2025T11:13:35 - [MESSAGE][PASSED] - Text 'Admin Testing Only' is set on object 'Object Repository/TripFocus/Page_TripFocus/input_Last Name_txtLastName'

22-10-2025T11:13:35 - [TEST_STEP][PASSED] - setText(findTestObject("Object Repository/TripFocus/Page_TripFocus/input_Email_txtEmail"), "ashfordAdminSPGTesting@gmail.com"): Text 'ashfordAdminSPGTesting@gmail.com' is set on object 'Object Repository/TripFocus/Page_TripFocus/input_Email_txtEmail'

22-10-2025T11:13:35 - [MESSAGE][PASSED] - Text 'ashfordAdminSPGTesting@gmail.com' is set on object 'Object Repository/TripFocus/Page_TripFocus/input_Email_txtEmail'

22-10-2025T11:13:35 - [TEST_STEP][PASSED] - setText(findTestObject("Object Repository/TripFocus/Page_TripFocus/input_Phone Number_txtPhoneNumber"), "(984) 573-9903"): Text '(984) 573-9903' is set on object 'Object Repository/TripFocus/Page_TripFocus/input_Phone Number_txtPhoneNumber'

22-10-2025T11:13:35 - [MESSAGE][PASSED] - Text '(984) 573-9903' is set on object 'Object Repository/TripFocus/Page_TripFocus/input_Phone Number_txtPhoneNumber'

22-10-2025T11:13:35 - [TEST_STEP][PASSED] - click(findTestObject("TripFocus/Users/User Info/Customer_Admin_checkbox")): Object: 'Object Repository/TripFocus/Users/User Info/Customer_Admin_checkbox' is clicked on

22-10-2025T11:13:35 - [MESSAGE][PASSED] - Object: 'Object Repository/TripFocus/Users/User Info/Customer_Admin_checkbox' is clicked on

22-10-2025T11:13:35 - [TEST_STEP][PASSED] - delay(2): Delayed 2 second(s)

22-10-2025T11:13:37 - [MESSAGE][PASSED] - Delayed 2 second(s)

22-10-2025T11:13:37 - [TEST_STEP][PASSED] - click(findTestObject("TripFocus/Users/Create_User_btn")): Object: 'Object Repository/TripFocus/Users/Create_User_btn' is clicked on

22-10-2025T11:13:37 - [MESSAGE][PASSED] - Object: 'Object Repository/TripFocus/Users/Create_User_btn' is clicked on

22-10-2025T11:13:37 - [TEST_STEP][PASSED] - delay(1): Delayed 1 second(s)

22-10-2025T11:13:38 - [MESSAGE][PASSED] - Delayed 1 second(s)

22-10-2025T11:13:38 - [TEST_STEP][PASSED] - verifyElementVisible(findTestObject("TripFocus/Toasty_Message")): Object 'Object Repository/TripFocus/Toasty_Message' is visible

22-10-2025T11:13:38 - [MESSAGE][PASSED] - Object 'Object Repository/TripFocus/Toasty_Message' is visible

22-10-2025T11:13:38 - [TEST_STEP][PASSED] - verifyElementText(findTestObject("TripFocus/Toasty_Message"), "User successfully created."): Actual text and expected text of test object 'Object Repository/TripFocus/Toasty_Message' are matched.

22-10-2025T11:13:38 - [MESSAGE][PASSED] - Actual text and expected text of test object 'Object Repository/TripFocus/Toasty_Message' are matched.

22-10-2025T11:13:38 - [TEST_STEP][PASSED] - Start listener action : retryOnDisconnect: null

22-10-2025T11:13:38 - [TEST_STEP][PASSED] - tcId = testCaseContext.getTestCaseId(): null

22-10-2025T11:13:38 - [TEST_STEP][PASSED] - currentRetry = retryCounts.getOrDefault(tcId, 0): null

22-10-2025T11:13:38 - [TEST_STEP][PASSED] - if (testCaseContext.getTestCaseStatus() == "FAILED" && currentRetry < MAX_RETRIES): null]]></system-out>
         <system-err><![CDATA[]]></system-err>
      </testcase>
      <testcase name="Test Cases/TripFocus/SPG/SPG - UserPage/Create/Creating New SPG User" time="55.828" classname="Test Cases/TripFocus/SPG/SPG - UserPage/Create/Creating New SPG User" status="PASSED">
         <system-out><![CDATA[22-10-2025T11:13:38 - [TEST_CASE][PASSED] - Test Cases/TripFocus/SPG/SPG - UserPage/Create/Creating New SPG User: Test Cases/TripFocus/SPG/SPG - UserPage/Create/Creating New SPG User

22-10-2025T11:13:38 - [TEST_STEP][PASSED] - Start listener action : beforeTestCase: null

22-10-2025T11:13:38 - [TEST_STEP][PASSED] - addDefaultPackages(): null

22-10-2025T11:13:39 - [TEST_STEP][PASSED] - openBrowser(""): Browser is opened with url: ''

22-10-2025T11:13:39 - [MESSAGE][WARNING] - A browser is already opened. Closing browser and opening a new one

22-10-2025T11:13:39 - [MESSAGE][INFO] - Starting 'Chrome' driver

22-10-2025T11:13:39 - [MESSAGE][INFO] - User set preference: ['args', '[--no-sandbox, --disable-gpu, --disable-dev-shm-usage]']

22-10-2025T11:13:39 - [MESSAGE][INFO] - Action delay is set to 0 milliseconds

22-10-2025T11:13:40 - [MESSAGE][PASSED] - Browser is opened with url: ''

22-10-2025T11:13:40 - [TEST_STEP][PASSED] - navigateToUrl(TFBaseURL): Navigate to 'https://www.qa.tripfocus.com' successfully

22-10-2025T11:13:40 - [MESSAGE][PASSED] - Navigate to 'https://www.qa.tripfocus.com' successfully

22-10-2025T11:13:40 - [TEST_STEP][PASSED] - click(findTestObject("Object Repository/TripFocus/Page_TripFocus/button_Sign in")): Object: 'Object Repository/TripFocus/Page_TripFocus/button_Sign in' is clicked on

22-10-2025T11:13:40 - [MESSAGE][PASSED] - Object: 'Object Repository/TripFocus/Page_TripFocus/button_Sign in' is clicked on

22-10-2025T11:13:40 - [TEST_STEP][PASSED] - setText(findTestObject("Object Repository/TripFocus/Page_TripFocus/input_Username (e.g. email address)_Username"), TripFocusBleachTechSPGUsername): Text 'Ashford.Chenault+BleachtechCustomerSPGONLY@thekag.com' is set on object 'Object Repository/TripFocus/Page_TripFocus/input_Username (e.g. email address)_Username'

22-10-2025T11:13:41 - [MESSAGE][PASSED] - Text 'Ashford.Chenault+BleachtechCustomerSPGONLY@thekag.com' is set on object 'Object Repository/TripFocus/Page_TripFocus/input_Username (e.g. email address)_Username'

22-10-2025T11:13:41 - [TEST_STEP][PASSED] - setText(findTestObject("Object Repository/TripFocus/Page_TripFocus/input_Password_Password"), TripFocusFDGSPGPassword): Text 'CrashBan911!!' is set on object 'Object Repository/TripFocus/Page_TripFocus/input_Password_Password'

22-10-2025T11:13:41 - [MESSAGE][PASSED] - Text 'CrashBan911!!' is set on object 'Object Repository/TripFocus/Page_TripFocus/input_Password_Password'

22-10-2025T11:13:41 - [TEST_STEP][PASSED] - click(findTestObject("Object Repository/TripFocus/Page_TripFocus/button_Login")): Object: 'Object Repository/TripFocus/Page_TripFocus/button_Login' is clicked on

22-10-2025T11:13:41 - [MESSAGE][PASSED] - Object: 'Object Repository/TripFocus/Page_TripFocus/button_Login' is clicked on

22-10-2025T11:13:41 - [TEST_STEP][PASSED] - maximizeWindow(): Current window maximized

22-10-2025T11:13:41 - [MESSAGE][PASSED] - Current window maximized

22-10-2025T11:13:42 - [TEST_STEP][PASSED] - waitForElementVisible(findTestObject("TripFocus/Testing_Notification_btn"), 15, OPTIONAL): Web element with id: 'Object Repository/TripFocus/Testing_Notification_btn' located by '//*[@id="__BVID__10___BV_modal_footer_"]/button' not found

22-10-2025T11:13:58 - [MESSAGE][INFO] - Unable to find the element located by 'By.xpath: //*[@id="__BVID__10___BV_modal_footer_"]/button'. Please recheck the objects properties to make sure the desired element is located. 

22-10-2025T11:13:58 - [MESSAGE][WARNING] - [SELF-HEALING] Failed to find element with id 'Object Repository/TripFocus/Testing_Notification_btn'. Try using Self-healing.

22-10-2025T11:13:59 - [MESSAGE][INFO] - [SELF-HEALING] No working XPath is found.

22-10-2025T11:14:01 - [MESSAGE][INFO] - Unable to find the element located by 'By.xpath: '. Please recheck the objects properties to make sure the desired element is located. 

22-10-2025T11:14:01 - [MESSAGE][WARNING] - [SELF-HEALING] Cannot find elements when the selector is null

22-10-2025T11:14:01 - [MESSAGE][WARNING] - Web element with id: 'Object Repository/TripFocus/Testing_Notification_btn' located by '//*[@id="__BVID__10___BV_modal_footer_"]/button' not found

22-10-2025T11:14:01 - [TEST_STEP][PASSED] - if (verifyElementVisible(findTestObject("TripFocus/Testing_Notification_btn"), OPTIONAL) == true): Web element with id: 'Object Repository/TripFocus/Testing_Notification_btn' located by '//*[@id="__BVID__10___BV_modal_footer_"]/button' not found (Root cause: com.kms.katalon.core.exception.StepFailedException: Web element with id: 'Object Repository/TripFocus/Testing_Notification_btn' located by '//*[@id="__BVID__10___BV_modal_footer_"]/button' not found
	at com.kms.katalon.core.webui.keyword.internal.WebUIKeywordMain.stepFailed(WebUIKeywordMain.groovy:117)
	at com.kms.katalon.core.webui.keyword.builtin.VerifyElementVisibleKeyword$_verifyElementVisible_closure1.doCall(VerifyElementVisibleKeyword.groovy:89)
	at com.kms.katalon.core.webui.keyword.builtin.VerifyElementVisibleKeyword$_verifyElementVisible_closure1.call(VerifyElementVisibleKeyword.groovy)
	at com.kms.katalon.core.webui.keyword.internal.WebUIKeywordMain.runKeyword(WebUIKeywordMain.groovy:35)
	at com.kms.katalon.core.webui.keyword.builtin.VerifyElementVisibleKeyword.verifyElementVisible(VerifyElementVisibleKeyword.groovy:97)
	at com.kms.katalon.core.webui.keyword.builtin.VerifyElementVisibleKeyword.execute(VerifyElementVisibleKeyword.groovy:67)
	at com.kms.katalon.core.keyword.internal.KeywordExecutor.executeKeywordForPlatform(KeywordExecutor.groovy:74)
	at com.kms.katalon.core.webui.keyword.WebUiBuiltInKeywords.verifyElementVisible(WebUiBuiltInKeywords.groovy:401)
	at com.kms.katalon.core.webui.keyword.WebUiBuiltInKeywords$verifyElementVisible$5.call(Unknown Source)
	at Creating New SPG User.run(Creating New SPG User:38)
	at com.kms.katalon.core.main.ScriptEngine.run(ScriptEngine.java:194)
	at com.kms.katalon.core.main.ScriptEngine.runScriptAsRawText(ScriptEngine.java:119)
	at com.kms.katalon.core.main.TestCaseExecutor.runScript(TestCaseExecutor.java:448)
	at com.kms.katalon.core.main.TestCaseExecutor.doExecute(TestCaseExecutor.java:439)
	at com.kms.katalon.core.main.TestCaseExecutor.processExecutionPhase(TestCaseExecutor.java:418)
	at com.kms.katalon.core.main.TestCaseExecutor.accessMainPhase(TestCaseExecutor.java:410)
	at com.kms.katalon.core.main.TestCaseExecutor.execute(TestCaseExecutor.java:285)
	at com.kms.katalon.core.common.CommonExecutor.accessTestCaseMainPhase(CommonExecutor.java:65)
	at com.kms.katalon.core.main.TestSuiteExecutor.accessTestSuiteMainPhase(TestSuiteExecutor.java:150)
	at com.kms.katalon.core.main.TestSuiteExecutor.execute(TestSuiteExecutor.java:106)
	at com.kms.katalon.core.main.TestCaseMain.startTestSuite(TestCaseMain.java:180)
	at com.kms.katalon.core.main.TestCaseMain$startTestSuite$0.call(Unknown Source)
	at TempTestSuite1761139108993.run(TempTestSuite1761139108993.groovy:35)
	at java.base/jdk.internal.reflect.NativeMethodAccessorImpl.invoke0(Native Method)
	at java.base/jdk.internal.reflect.NativeMethodAccessorImpl.invoke(NativeMethodAccessorImpl.java:77)
	at java.base/jdk.internal.reflect.DelegatingMethodAccessorImpl.invoke(DelegatingMethodAccessorImpl.java:43)
)

22-10-2025T11:14:17 - [MESSAGE][INFO] - Unable to find the element located by 'By.xpath: //*[@id="__BVID__10___BV_modal_footer_"]/button'. Please recheck the objects properties to make sure the desired element is located. 

22-10-2025T11:14:17 - [MESSAGE][WARNING] - [SELF-HEALING] Failed to find element with id 'Object Repository/TripFocus/Testing_Notification_btn'. Try using Self-healing.

22-10-2025T11:14:18 - [MESSAGE][INFO] - [SELF-HEALING] No working XPath is found.

22-10-2025T11:14:20 - [MESSAGE][INFO] - Unable to find the element located by 'By.xpath: '. Please recheck the objects properties to make sure the desired element is located. 

22-10-2025T11:14:20 - [MESSAGE][WARNING] - [SELF-HEALING] Cannot find elements when the selector is null

22-10-2025T11:14:20 - [MESSAGE][WARNING] - Web element with id: 'Object Repository/TripFocus/Testing_Notification_btn' located by '//*[@id="__BVID__10___BV_modal_footer_"]/button' not found (Root cause: com.kms.katalon.core.exception.StepFailedException: Web element with id: 'Object Repository/TripFocus/Testing_Notification_btn' located by '//*[@id="__BVID__10___BV_modal_footer_"]/button' not found
	at com.kms.katalon.core.webui.keyword.internal.WebUIKeywordMain.stepFailed(WebUIKeywordMain.groovy:117)
	at com.kms.katalon.core.webui.keyword.builtin.VerifyElementVisibleKeyword$_verifyElementVisible_closure1.doCall(VerifyElementVisibleKeyword.groovy:89)
	at com.kms.katalon.core.webui.keyword.builtin.VerifyElementVisibleKeyword$_verifyElementVisible_closure1.call(VerifyElementVisibleKeyword.groovy)
	at com.kms.katalon.core.webui.keyword.internal.WebUIKeywordMain.runKeyword(WebUIKeywordMain.groovy:35)
	at com.kms.katalon.core.webui.keyword.builtin.VerifyElementVisibleKeyword.verifyElementVisible(VerifyElementVisibleKeyword.groovy:97)
	at com.kms.katalon.core.webui.keyword.builtin.VerifyElementVisibleKeyword.execute(VerifyElementVisibleKeyword.groovy:67)
	at com.kms.katalon.core.keyword.internal.KeywordExecutor.executeKeywordForPlatform(KeywordExecutor.groovy:74)
	at com.kms.katalon.core.webui.keyword.WebUiBuiltInKeywords.verifyElementVisible(WebUiBuiltInKeywords.groovy:401)
	at com.kms.katalon.core.webui.keyword.WebUiBuiltInKeywords$verifyElementVisible$5.call(Unknown Source)
	at Creating New SPG User.run(Creating New SPG User:38)
	at com.kms.katalon.core.main.ScriptEngine.run(ScriptEngine.java:194)
	at com.kms.katalon.core.main.ScriptEngine.runScriptAsRawText(ScriptEngine.java:119)
	at com.kms.katalon.core.main.TestCaseExecutor.runScript(TestCaseExecutor.java:448)
	at com.kms.katalon.core.main.TestCaseExecutor.doExecute(TestCaseExecutor.java:439)
	at com.kms.katalon.core.main.TestCaseExecutor.processExecutionPhase(TestCaseExecutor.java:418)
	at com.kms.katalon.core.main.TestCaseExecutor.accessMainPhase(TestCaseExecutor.java:410)
	at com.kms.katalon.core.main.TestCaseExecutor.execute(TestCaseExecutor.java:285)
	at com.kms.katalon.core.common.CommonExecutor.accessTestCaseMainPhase(CommonExecutor.java:65)
	at com.kms.katalon.core.main.TestSuiteExecutor.accessTestSuiteMainPhase(TestSuiteExecutor.java:150)
	at com.kms.katalon.core.main.TestSuiteExecutor.execute(TestSuiteExecutor.java:106)
	at com.kms.katalon.core.main.TestCaseMain.startTestSuite(TestCaseMain.java:180)
	at com.kms.katalon.core.main.TestCaseMain$startTestSuite$0.call(Unknown Source)
	at TempTestSuite1761139108993.run(TempTestSuite1761139108993.groovy:35)
	at java.base/jdk.internal.reflect.NativeMethodAccessorImpl.invoke0(Native Method)
	at java.base/jdk.internal.reflect.NativeMethodAccessorImpl.invoke(NativeMethodAccessorImpl.java:77)
	at java.base/jdk.internal.reflect.DelegatingMethodAccessorImpl.invoke(DelegatingMethodAccessorImpl.java:43)
)

22-10-2025T11:14:20 - [TEST_STEP][PASSED] - click(findTestObject("Object Repository/TripFocus/Page_TripFocus/a_Users")): Object: 'Object Repository/TripFocus/Page_TripFocus/a_Users' is clicked on

22-10-2025T11:14:20 - [MESSAGE][PASSED] - Object: 'Object Repository/TripFocus/Page_TripFocus/a_Users' is clicked on

22-10-2025T11:14:20 - [TEST_STEP][PASSED] - delay(10): Delayed 10 second(s)

22-10-2025T11:14:30 - [MESSAGE][PASSED] - Delayed 10 second(s)

22-10-2025T11:14:30 - [TEST_STEP][PASSED] - click(findTestObject("Object Repository/TripFocus/Page_TripFocus/button_Add New User")): Object: 'Object Repository/TripFocus/Page_TripFocus/button_Add New User' is clicked on

22-10-2025T11:14:30 - [MESSAGE][PASSED] - Object: 'Object Repository/TripFocus/Page_TripFocus/button_Add New User' is clicked on

22-10-2025T11:14:30 - [TEST_STEP][PASSED] - setText(findTestObject("Object Repository/TripFocus/Page_TripFocus/input_First Name_txtFirstName"), "Ashford Automation"): Text 'Ashford Automation' is set on object 'Object Repository/TripFocus/Page_TripFocus/input_First Name_txtFirstName'

22-10-2025T11:14:30 - [MESSAGE][PASSED] - Text 'Ashford Automation' is set on object 'Object Repository/TripFocus/Page_TripFocus/input_First Name_txtFirstName'

22-10-2025T11:14:30 - [TEST_STEP][PASSED] - setText(findTestObject("Object Repository/TripFocus/Page_TripFocus/input_Last Name_txtLastName"), "Testing Only"): Text 'Testing Only' is set on object 'Object Repository/TripFocus/Page_TripFocus/input_Last Name_txtLastName'

22-10-2025T11:14:31 - [MESSAGE][PASSED] - Text 'Testing Only' is set on object 'Object Repository/TripFocus/Page_TripFocus/input_Last Name_txtLastName'

22-10-2025T11:14:31 - [TEST_STEP][PASSED] - setText(findTestObject("Object Repository/TripFocus/Page_TripFocus/input_Email_txtEmail"), "ashfordSPGTesting@gmail.com"): Text 'ashfordSPGTesting@gmail.com' is set on object 'Object Repository/TripFocus/Page_TripFocus/input_Email_txtEmail'

22-10-2025T11:14:31 - [MESSAGE][PASSED] - Text 'ashfordSPGTesting@gmail.com' is set on object 'Object Repository/TripFocus/Page_TripFocus/input_Email_txtEmail'

22-10-2025T11:14:31 - [TEST_STEP][PASSED] - setText(findTestObject("Object Repository/TripFocus/Page_TripFocus/input_Phone Number_txtPhoneNumber"), "(984) 573-9903"): Text '(984) 573-9903' is set on object 'Object Repository/TripFocus/Page_TripFocus/input_Phone Number_txtPhoneNumber'

22-10-2025T11:14:31 - [MESSAGE][PASSED] - Text '(984) 573-9903' is set on object 'Object Repository/TripFocus/Page_TripFocus/input_Phone Number_txtPhoneNumber'

22-10-2025T11:14:31 - [TEST_STEP][PASSED] - delay(2): Delayed 2 second(s)

22-10-2025T11:14:33 - [MESSAGE][PASSED] - Delayed 2 second(s)

22-10-2025T11:14:33 - [TEST_STEP][PASSED] - click(findTestObject("TripFocus/Users/Create_User_btn")): Object: 'Object Repository/TripFocus/Users/Create_User_btn' is clicked on

22-10-2025T11:14:33 - [MESSAGE][PASSED] - Object: 'Object Repository/TripFocus/Users/Create_User_btn' is clicked on

22-10-2025T11:14:33 - [TEST_STEP][PASSED] - delay(1): Delayed 1 second(s)

22-10-2025T11:14:34 - [MESSAGE][PASSED] - Delayed 1 second(s)

22-10-2025T11:14:34 - [TEST_STEP][PASSED] - verifyElementVisible(findTestObject("TripFocus/Toasty_Message")): Object 'Object Repository/TripFocus/Toasty_Message' is visible

22-10-2025T11:14:34 - [MESSAGE][PASSED] - Object 'Object Repository/TripFocus/Toasty_Message' is visible

22-10-2025T11:14:34 - [TEST_STEP][PASSED] - verifyElementText(findTestObject("TripFocus/Toasty_Message"), "User successfully created."): Actual text and expected text of test object 'Object Repository/TripFocus/Toasty_Message' are matched.

22-10-2025T11:14:34 - [MESSAGE][PASSED] - Actual text and expected text of test object 'Object Repository/TripFocus/Toasty_Message' are matched.

22-10-2025T11:14:34 - [TEST_STEP][PASSED] - Start listener action : retryOnDisconnect: null

22-10-2025T11:14:34 - [TEST_STEP][PASSED] - tcId = testCaseContext.getTestCaseId(): null

22-10-2025T11:14:34 - [TEST_STEP][PASSED] - currentRetry = retryCounts.getOrDefault(tcId, 0): null

22-10-2025T11:14:34 - [TEST_STEP][PASSED] - if (testCaseContext.getTestCaseStatus() == "FAILED" && currentRetry < MAX_RETRIES): null]]></system-out>
         <system-err><![CDATA[]]></system-err>
      </testcase>
      <testcase name="Test Cases/TripFocus/SPG/SPG - UserPage/Create/Verify Cancel Button When Creating New User" time="47.885" classname="Test Cases/TripFocus/SPG/SPG - UserPage/Create/Verify Cancel Button When Creating New User" status="PASSED">
         <system-out><![CDATA[22-10-2025T11:14:34 - [TEST_CASE][PASSED] - Test Cases/TripFocus/SPG/SPG - UserPage/Create/Verify Cancel Button When Creating New User: Test Cases/TripFocus/SPG/SPG - UserPage/Create/Verify Cancel Button When Creating New User

22-10-2025T11:14:34 - [TEST_STEP][PASSED] - Start listener action : beforeTestCase: null

22-10-2025T11:14:34 - [TEST_STEP][PASSED] - addDefaultPackages(): null

22-10-2025T11:14:34 - [TEST_STEP][PASSED] - openBrowser(""): Browser is opened with url: ''

22-10-2025T11:14:34 - [MESSAGE][WARNING] - A browser is already opened. Closing browser and opening a new one

22-10-2025T11:14:35 - [MESSAGE][INFO] - Starting 'Chrome' driver

22-10-2025T11:14:35 - [MESSAGE][INFO] - User set preference: ['args', '[--no-sandbox, --disable-gpu, --disable-dev-shm-usage]']

22-10-2025T11:14:35 - [MESSAGE][INFO] - Action delay is set to 0 milliseconds

22-10-2025T11:14:35 - [MESSAGE][PASSED] - Browser is opened with url: ''

22-10-2025T11:14:35 - [TEST_STEP][PASSED] - navigateToUrl(TFBaseURL): Navigate to 'https://www.qa.tripfocus.com' successfully

22-10-2025T11:14:36 - [MESSAGE][PASSED] - Navigate to 'https://www.qa.tripfocus.com' successfully

22-10-2025T11:14:36 - [TEST_STEP][PASSED] - click(findTestObject("Object Repository/TripFocus/Page_TripFocus/button_Sign in")): Object: 'Object Repository/TripFocus/Page_TripFocus/button_Sign in' is clicked on

22-10-2025T11:14:36 - [MESSAGE][PASSED] - Object: 'Object Repository/TripFocus/Page_TripFocus/button_Sign in' is clicked on

22-10-2025T11:14:36 - [TEST_STEP][PASSED] - setText(findTestObject("Object Repository/TripFocus/Page_TripFocus/input_Username (e.g. email address)_Username"), TripFocusBleachTechSPGUsername): Text 'Ashford.Chenault+BleachtechCustomerSPGONLY@thekag.com' is set on object 'Object Repository/TripFocus/Page_TripFocus/input_Username (e.g. email address)_Username'

22-10-2025T11:14:37 - [MESSAGE][PASSED] - Text 'Ashford.Chenault+BleachtechCustomerSPGONLY@thekag.com' is set on object 'Object Repository/TripFocus/Page_TripFocus/input_Username (e.g. email address)_Username'

22-10-2025T11:14:37 - [TEST_STEP][PASSED] - setText(findTestObject("Object Repository/TripFocus/Page_TripFocus/input_Password_Password"), TripFocusFDGSPGPassword): Text 'CrashBan911!!' is set on object 'Object Repository/TripFocus/Page_TripFocus/input_Password_Password'

22-10-2025T11:14:37 - [MESSAGE][PASSED] - Text 'CrashBan911!!' is set on object 'Object Repository/TripFocus/Page_TripFocus/input_Password_Password'

22-10-2025T11:14:37 - [TEST_STEP][PASSED] - click(findTestObject("Object Repository/TripFocus/Page_TripFocus/button_Login")): Object: 'Object Repository/TripFocus/Page_TripFocus/button_Login' is clicked on

22-10-2025T11:14:37 - [MESSAGE][PASSED] - Object: 'Object Repository/TripFocus/Page_TripFocus/button_Login' is clicked on

22-10-2025T11:14:37 - [TEST_STEP][PASSED] - maximizeWindow(): Current window maximized

22-10-2025T11:14:38 - [MESSAGE][PASSED] - Current window maximized

22-10-2025T11:14:38 - [TEST_STEP][PASSED] - waitForElementVisible(findTestObject("TripFocus/Testing_Notification_btn"), 15, OPTIONAL): Web element with id: 'Object Repository/TripFocus/Testing_Notification_btn' located by '//*[@id="__BVID__10___BV_modal_footer_"]/button' not found

22-10-2025T11:14:54 - [MESSAGE][INFO] - Unable to find the element located by 'By.xpath: //*[@id="__BVID__10___BV_modal_footer_"]/button'. Please recheck the objects properties to make sure the desired element is located. 

22-10-2025T11:14:54 - [MESSAGE][WARNING] - [SELF-HEALING] Failed to find element with id 'Object Repository/TripFocus/Testing_Notification_btn'. Try using Self-healing.

22-10-2025T11:14:55 - [MESSAGE][INFO] - [SELF-HEALING] No working XPath is found.

22-10-2025T11:14:57 - [MESSAGE][INFO] - Unable to find the element located by 'By.xpath: '. Please recheck the objects properties to make sure the desired element is located. 

22-10-2025T11:14:57 - [MESSAGE][WARNING] - [SELF-HEALING] Cannot find elements when the selector is null

22-10-2025T11:14:57 - [MESSAGE][WARNING] - Web element with id: 'Object Repository/TripFocus/Testing_Notification_btn' located by '//*[@id="__BVID__10___BV_modal_footer_"]/button' not found

22-10-2025T11:14:57 - [TEST_STEP][PASSED] - if (verifyElementVisible(findTestObject("TripFocus/Testing_Notification_btn"), OPTIONAL) == true): Web element with id: 'Object Repository/TripFocus/Testing_Notification_btn' located by '//*[@id="__BVID__10___BV_modal_footer_"]/button' not found (Root cause: com.kms.katalon.core.exception.StepFailedException: Web element with id: 'Object Repository/TripFocus/Testing_Notification_btn' located by '//*[@id="__BVID__10___BV_modal_footer_"]/button' not found
	at com.kms.katalon.core.webui.keyword.internal.WebUIKeywordMain.stepFailed(WebUIKeywordMain.groovy:117)
	at com.kms.katalon.core.webui.keyword.builtin.VerifyElementVisibleKeyword$_verifyElementVisible_closure1.doCall(VerifyElementVisibleKeyword.groovy:89)
	at com.kms.katalon.core.webui.keyword.builtin.VerifyElementVisibleKeyword$_verifyElementVisible_closure1.call(VerifyElementVisibleKeyword.groovy)
	at com.kms.katalon.core.webui.keyword.internal.WebUIKeywordMain.runKeyword(WebUIKeywordMain.groovy:35)
	at com.kms.katalon.core.webui.keyword.builtin.VerifyElementVisibleKeyword.verifyElementVisible(VerifyElementVisibleKeyword.groovy:97)
	at com.kms.katalon.core.webui.keyword.builtin.VerifyElementVisibleKeyword.execute(VerifyElementVisibleKeyword.groovy:67)
	at com.kms.katalon.core.keyword.internal.KeywordExecutor.executeKeywordForPlatform(KeywordExecutor.groovy:74)
	at com.kms.katalon.core.webui.keyword.WebUiBuiltInKeywords.verifyElementVisible(WebUiBuiltInKeywords.groovy:401)
	at com.kms.katalon.core.webui.keyword.WebUiBuiltInKeywords$verifyElementVisible$5.call(Unknown Source)
	at Verify Cancel Button When Creating New User.run(Verify Cancel Button When Creating New User:38)
	at com.kms.katalon.core.main.ScriptEngine.run(ScriptEngine.java:194)
	at com.kms.katalon.core.main.ScriptEngine.runScriptAsRawText(ScriptEngine.java:119)
	at com.kms.katalon.core.main.TestCaseExecutor.runScript(TestCaseExecutor.java:448)
	at com.kms.katalon.core.main.TestCaseExecutor.doExecute(TestCaseExecutor.java:439)
	at com.kms.katalon.core.main.TestCaseExecutor.processExecutionPhase(TestCaseExecutor.java:418)
	at com.kms.katalon.core.main.TestCaseExecutor.accessMainPhase(TestCaseExecutor.java:410)
	at com.kms.katalon.core.main.TestCaseExecutor.execute(TestCaseExecutor.java:285)
	at com.kms.katalon.core.common.CommonExecutor.accessTestCaseMainPhase(CommonExecutor.java:65)
	at com.kms.katalon.core.main.TestSuiteExecutor.accessTestSuiteMainPhase(TestSuiteExecutor.java:150)
	at com.kms.katalon.core.main.TestSuiteExecutor.execute(TestSuiteExecutor.java:106)
	at com.kms.katalon.core.main.TestCaseMain.startTestSuite(TestCaseMain.java:180)
	at com.kms.katalon.core.main.TestCaseMain$startTestSuite$0.call(Unknown Source)
	at TempTestSuite1761139108993.run(TempTestSuite1761139108993.groovy:35)
	at java.base/jdk.internal.reflect.NativeMethodAccessorImpl.invoke0(Native Method)
	at java.base/jdk.internal.reflect.NativeMethodAccessorImpl.invoke(NativeMethodAccessorImpl.java:77)
	at java.base/jdk.internal.reflect.DelegatingMethodAccessorImpl.invoke(DelegatingMethodAccessorImpl.java:43)
)

22-10-2025T11:15:13 - [MESSAGE][INFO] - Unable to find the element located by 'By.xpath: //*[@id="__BVID__10___BV_modal_footer_"]/button'. Please recheck the objects properties to make sure the desired element is located. 

22-10-2025T11:15:13 - [MESSAGE][WARNING] - [SELF-HEALING] Failed to find element with id 'Object Repository/TripFocus/Testing_Notification_btn'. Try using Self-healing.

22-10-2025T11:15:14 - [MESSAGE][INFO] - [SELF-HEALING] No working XPath is found.

22-10-2025T11:15:16 - [MESSAGE][INFO] - Unable to find the element located by 'By.xpath: '. Please recheck the objects properties to make sure the desired element is located. 

22-10-2025T11:15:16 - [MESSAGE][WARNING] - [SELF-HEALING] Cannot find elements when the selector is null

22-10-2025T11:15:16 - [MESSAGE][WARNING] - Web element with id: 'Object Repository/TripFocus/Testing_Notification_btn' located by '//*[@id="__BVID__10___BV_modal_footer_"]/button' not found (Root cause: com.kms.katalon.core.exception.StepFailedException: Web element with id: 'Object Repository/TripFocus/Testing_Notification_btn' located by '//*[@id="__BVID__10___BV_modal_footer_"]/button' not found
	at com.kms.katalon.core.webui.keyword.internal.WebUIKeywordMain.stepFailed(WebUIKeywordMain.groovy:117)
	at com.kms.katalon.core.webui.keyword.builtin.VerifyElementVisibleKeyword$_verifyElementVisible_closure1.doCall(VerifyElementVisibleKeyword.groovy:89)
	at com.kms.katalon.core.webui.keyword.builtin.VerifyElementVisibleKeyword$_verifyElementVisible_closure1.call(VerifyElementVisibleKeyword.groovy)
	at com.kms.katalon.core.webui.keyword.internal.WebUIKeywordMain.runKeyword(WebUIKeywordMain.groovy:35)
	at com.kms.katalon.core.webui.keyword.builtin.VerifyElementVisibleKeyword.verifyElementVisible(VerifyElementVisibleKeyword.groovy:97)
	at com.kms.katalon.core.webui.keyword.builtin.VerifyElementVisibleKeyword.execute(VerifyElementVisibleKeyword.groovy:67)
	at com.kms.katalon.core.keyword.internal.KeywordExecutor.executeKeywordForPlatform(KeywordExecutor.groovy:74)
	at com.kms.katalon.core.webui.keyword.WebUiBuiltInKeywords.verifyElementVisible(WebUiBuiltInKeywords.groovy:401)
	at com.kms.katalon.core.webui.keyword.WebUiBuiltInKeywords$verifyElementVisible$5.call(Unknown Source)
	at Verify Cancel Button When Creating New User.run(Verify Cancel Button When Creating New User:38)
	at com.kms.katalon.core.main.ScriptEngine.run(ScriptEngine.java:194)
	at com.kms.katalon.core.main.ScriptEngine.runScriptAsRawText(ScriptEngine.java:119)
	at com.kms.katalon.core.main.TestCaseExecutor.runScript(TestCaseExecutor.java:448)
	at com.kms.katalon.core.main.TestCaseExecutor.doExecute(TestCaseExecutor.java:439)
	at com.kms.katalon.core.main.TestCaseExecutor.processExecutionPhase(TestCaseExecutor.java:418)
	at com.kms.katalon.core.main.TestCaseExecutor.accessMainPhase(TestCaseExecutor.java:410)
	at com.kms.katalon.core.main.TestCaseExecutor.execute(TestCaseExecutor.java:285)
	at com.kms.katalon.core.common.CommonExecutor.accessTestCaseMainPhase(CommonExecutor.java:65)
	at com.kms.katalon.core.main.TestSuiteExecutor.accessTestSuiteMainPhase(TestSuiteExecutor.java:150)
	at com.kms.katalon.core.main.TestSuiteExecutor.execute(TestSuiteExecutor.java:106)
	at com.kms.katalon.core.main.TestCaseMain.startTestSuite(TestCaseMain.java:180)
	at com.kms.katalon.core.main.TestCaseMain$startTestSuite$0.call(Unknown Source)
	at TempTestSuite1761139108993.run(TempTestSuite1761139108993.groovy:35)
	at java.base/jdk.internal.reflect.NativeMethodAccessorImpl.invoke0(Native Method)
	at java.base/jdk.internal.reflect.NativeMethodAccessorImpl.invoke(NativeMethodAccessorImpl.java:77)
	at java.base/jdk.internal.reflect.DelegatingMethodAccessorImpl.invoke(DelegatingMethodAccessorImpl.java:43)
)

22-10-2025T11:15:16 - [TEST_STEP][PASSED] - click(findTestObject("Object Repository/TripFocus/Page_TripFocus/a_Users")): Object: 'Object Repository/TripFocus/Page_TripFocus/a_Users' is clicked on

22-10-2025T11:15:16 - [MESSAGE][PASSED] - Object: 'Object Repository/TripFocus/Page_TripFocus/a_Users' is clicked on

22-10-2025T11:15:16 - [TEST_STEP][PASSED] - delay(3): Delayed 3 second(s)

22-10-2025T11:15:19 - [MESSAGE][PASSED] - Delayed 3 second(s)

22-10-2025T11:15:19 - [TEST_STEP][PASSED] - click(findTestObject("Object Repository/TripFocus/Page_TripFocus/button_Add New User")): Object: 'Object Repository/TripFocus/Page_TripFocus/button_Add New User' is clicked on

22-10-2025T11:15:19 - [MESSAGE][PASSED] - Object: 'Object Repository/TripFocus/Page_TripFocus/button_Add New User' is clicked on

22-10-2025T11:15:19 - [TEST_STEP][PASSED] - setText(findTestObject("Object Repository/TripFocus/Page_TripFocus/input_First Name_txtFirstName"), "NewUser"): Text 'NewUser' is set on object 'Object Repository/TripFocus/Page_TripFocus/input_First Name_txtFirstName'

22-10-2025T11:15:19 - [MESSAGE][PASSED] - Text 'NewUser' is set on object 'Object Repository/TripFocus/Page_TripFocus/input_First Name_txtFirstName'

22-10-2025T11:15:19 - [TEST_STEP][PASSED] - setText(findTestObject("Object Repository/TripFocus/Page_TripFocus/input_Last Name_txtLastName"), "Creation"): Text 'Creation' is set on object 'Object Repository/TripFocus/Page_TripFocus/input_Last Name_txtLastName'

22-10-2025T11:15:20 - [MESSAGE][PASSED] - Text 'Creation' is set on object 'Object Repository/TripFocus/Page_TripFocus/input_Last Name_txtLastName'

22-10-2025T11:15:20 - [TEST_STEP][PASSED] - setText(findTestObject("Object Repository/TripFocus/Page_TripFocus/input_Email_txtEmail"), "tftestingfor@gmail.com"): Text 'tftestingfor@gmail.com' is set on object 'Object Repository/TripFocus/Page_TripFocus/input_Email_txtEmail'

22-10-2025T11:15:20 - [MESSAGE][PASSED] - Text 'tftestingfor@gmail.com' is set on object 'Object Repository/TripFocus/Page_TripFocus/input_Email_txtEmail'

22-10-2025T11:15:20 - [TEST_STEP][PASSED] - setText(findTestObject("Object Repository/TripFocus/Page_TripFocus/input_Phone Number_txtPhoneNumber"), "(984) 573-9903"): Text '(984) 573-9903' is set on object 'Object Repository/TripFocus/Page_TripFocus/input_Phone Number_txtPhoneNumber'

22-10-2025T11:15:20 - [MESSAGE][PASSED] - Text '(984) 573-9903' is set on object 'Object Repository/TripFocus/Page_TripFocus/input_Phone Number_txtPhoneNumber'

22-10-2025T11:15:20 - [TEST_STEP][PASSED] - delay(1): Delayed 1 second(s)

22-10-2025T11:15:21 - [MESSAGE][PASSED] - Delayed 1 second(s)

22-10-2025T11:15:21 - [TEST_STEP][PASSED] - click(findTestObject("TripFocus/Users/Cancel_btn")): Object: 'Object Repository/TripFocus/Users/Cancel_btn' is clicked on

22-10-2025T11:15:21 - [MESSAGE][PASSED] - Object: 'Object Repository/TripFocus/Users/Cancel_btn' is clicked on

22-10-2025T11:15:21 - [TEST_STEP][PASSED] - delay(1): Delayed 1 second(s)

22-10-2025T11:15:22 - [MESSAGE][PASSED] - Delayed 1 second(s)

22-10-2025T11:15:22 - [TEST_STEP][PASSED] - verifyElementVisible(findTestObject("TripFocus/Users/Users_lbl")): Object 'Object Repository/TripFocus/Users/Users_lbl' is visible

22-10-2025T11:15:22 - [MESSAGE][PASSED] - Object 'Object Repository/TripFocus/Users/Users_lbl' is visible

22-10-2025T11:15:22 - [TEST_STEP][PASSED] - Start listener action : retryOnDisconnect: null

22-10-2025T11:15:22 - [TEST_STEP][PASSED] - tcId = testCaseContext.getTestCaseId(): null

22-10-2025T11:15:22 - [TEST_STEP][PASSED] - currentRetry = retryCounts.getOrDefault(tcId, 0): null

22-10-2025T11:15:22 - [TEST_STEP][PASSED] - if (testCaseContext.getTestCaseStatus() == "FAILED" && currentRetry < MAX_RETRIES): null]]></system-out>
         <system-err><![CDATA[]]></system-err>
      </testcase>
      <testcase name="Test Cases/TripFocus/SPG/SPG - UserPage/Create/Verify Create New User Button" time="46.861" classname="Test Cases/TripFocus/SPG/SPG - UserPage/Create/Verify Create New User Button" status="PASSED">
         <system-out><![CDATA[22-10-2025T11:15:22 - [TEST_CASE][PASSED] - Test Cases/TripFocus/SPG/SPG - UserPage/Create/Verify Create New User Button: Test Cases/TripFocus/SPG/SPG - UserPage/Create/Verify Create New User Button

22-10-2025T11:15:22 - [TEST_STEP][PASSED] - Start listener action : beforeTestCase: null

22-10-2025T11:15:22 - [TEST_STEP][PASSED] - addDefaultPackages(): null

22-10-2025T11:15:22 - [TEST_STEP][PASSED] - openBrowser(""): Browser is opened with url: ''

22-10-2025T11:15:22 - [MESSAGE][WARNING] - A browser is already opened. Closing browser and opening a new one

22-10-2025T11:15:22 - [MESSAGE][INFO] - Starting 'Chrome' driver

22-10-2025T11:15:22 - [MESSAGE][INFO] - User set preference: ['args', '[--no-sandbox, --disable-gpu, --disable-dev-shm-usage]']

22-10-2025T11:15:22 - [MESSAGE][INFO] - Action delay is set to 0 milliseconds

22-10-2025T11:15:23 - [MESSAGE][PASSED] - Browser is opened with url: ''

22-10-2025T11:15:23 - [TEST_STEP][PASSED] - navigateToUrl(TFBaseURL): Navigate to 'https://www.qa.tripfocus.com' successfully

22-10-2025T11:15:24 - [MESSAGE][PASSED] - Navigate to 'https://www.qa.tripfocus.com' successfully

22-10-2025T11:15:24 - [TEST_STEP][PASSED] - click(findTestObject("Object Repository/TripFocus/Page_TripFocus/button_Sign in")): Object: 'Object Repository/TripFocus/Page_TripFocus/button_Sign in' is clicked on

22-10-2025T11:15:24 - [MESSAGE][PASSED] - Object: 'Object Repository/TripFocus/Page_TripFocus/button_Sign in' is clicked on

22-10-2025T11:15:24 - [TEST_STEP][PASSED] - setText(findTestObject("Object Repository/TripFocus/Page_TripFocus/input_Username (e.g. email address)_Username"), TripFocusBleachTechSPGUsername): Text 'Ashford.Chenault+BleachtechCustomerSPGONLY@thekag.com' is set on object 'Object Repository/TripFocus/Page_TripFocus/input_Username (e.g. email address)_Username'

22-10-2025T11:15:25 - [MESSAGE][PASSED] - Text 'Ashford.Chenault+BleachtechCustomerSPGONLY@thekag.com' is set on object 'Object Repository/TripFocus/Page_TripFocus/input_Username (e.g. email address)_Username'

22-10-2025T11:15:25 - [TEST_STEP][PASSED] - setText(findTestObject("Object Repository/TripFocus/Page_TripFocus/input_Password_Password"), TripFocusFDGSPGPassword): Text 'CrashBan911!!' is set on object 'Object Repository/TripFocus/Page_TripFocus/input_Password_Password'

22-10-2025T11:15:25 - [MESSAGE][PASSED] - Text 'CrashBan911!!' is set on object 'Object Repository/TripFocus/Page_TripFocus/input_Password_Password'

22-10-2025T11:15:25 - [TEST_STEP][PASSED] - click(findTestObject("Object Repository/TripFocus/Page_TripFocus/button_Login")): Object: 'Object Repository/TripFocus/Page_TripFocus/button_Login' is clicked on

22-10-2025T11:15:26 - [MESSAGE][PASSED] - Object: 'Object Repository/TripFocus/Page_TripFocus/button_Login' is clicked on

22-10-2025T11:15:26 - [TEST_STEP][PASSED] - maximizeWindow(): Current window maximized

22-10-2025T11:15:26 - [MESSAGE][PASSED] - Current window maximized

22-10-2025T11:15:26 - [TEST_STEP][PASSED] - waitForElementVisible(findTestObject("TripFocus/Testing_Notification_btn"), 15, OPTIONAL): Web element with id: 'Object Repository/TripFocus/Testing_Notification_btn' located by '//*[@id="__BVID__10___BV_modal_footer_"]/button' not found

22-10-2025T11:15:42 - [MESSAGE][INFO] - Unable to find the element located by 'By.xpath: //*[@id="__BVID__10___BV_modal_footer_"]/button'. Please recheck the objects properties to make sure the desired element is located. 

22-10-2025T11:15:42 - [MESSAGE][WARNING] - [SELF-HEALING] Failed to find element with id 'Object Repository/TripFocus/Testing_Notification_btn'. Try using Self-healing.

22-10-2025T11:15:43 - [MESSAGE][INFO] - [SELF-HEALING] No working XPath is found.

22-10-2025T11:15:45 - [MESSAGE][INFO] - Unable to find the element located by 'By.xpath: '. Please recheck the objects properties to make sure the desired element is located. 

22-10-2025T11:15:45 - [MESSAGE][WARNING] - [SELF-HEALING] Cannot find elements when the selector is null

22-10-2025T11:15:45 - [MESSAGE][WARNING] - Web element with id: 'Object Repository/TripFocus/Testing_Notification_btn' located by '//*[@id="__BVID__10___BV_modal_footer_"]/button' not found

22-10-2025T11:15:45 - [TEST_STEP][PASSED] - if (verifyElementVisible(findTestObject("TripFocus/Testing_Notification_btn"), OPTIONAL) == true): Web element with id: 'Object Repository/TripFocus/Testing_Notification_btn' located by '//*[@id="__BVID__10___BV_modal_footer_"]/button' not found (Root cause: com.kms.katalon.core.exception.StepFailedException: Web element with id: 'Object Repository/TripFocus/Testing_Notification_btn' located by '//*[@id="__BVID__10___BV_modal_footer_"]/button' not found
	at com.kms.katalon.core.webui.keyword.internal.WebUIKeywordMain.stepFailed(WebUIKeywordMain.groovy:117)
	at com.kms.katalon.core.webui.keyword.builtin.VerifyElementVisibleKeyword$_verifyElementVisible_closure1.doCall(VerifyElementVisibleKeyword.groovy:89)
	at com.kms.katalon.core.webui.keyword.builtin.VerifyElementVisibleKeyword$_verifyElementVisible_closure1.call(VerifyElementVisibleKeyword.groovy)
	at com.kms.katalon.core.webui.keyword.internal.WebUIKeywordMain.runKeyword(WebUIKeywordMain.groovy:35)
	at com.kms.katalon.core.webui.keyword.builtin.VerifyElementVisibleKeyword.verifyElementVisible(VerifyElementVisibleKeyword.groovy:97)
	at com.kms.katalon.core.webui.keyword.builtin.VerifyElementVisibleKeyword.execute(VerifyElementVisibleKeyword.groovy:67)
	at com.kms.katalon.core.keyword.internal.KeywordExecutor.executeKeywordForPlatform(KeywordExecutor.groovy:74)
	at com.kms.katalon.core.webui.keyword.WebUiBuiltInKeywords.verifyElementVisible(WebUiBuiltInKeywords.groovy:401)
	at com.kms.katalon.core.webui.keyword.WebUiBuiltInKeywords$verifyElementVisible$5.call(Unknown Source)
	at Verify Create New User Button.run(Verify Create New User Button:38)
	at com.kms.katalon.core.main.ScriptEngine.run(ScriptEngine.java:194)
	at com.kms.katalon.core.main.ScriptEngine.runScriptAsRawText(ScriptEngine.java:119)
	at com.kms.katalon.core.main.TestCaseExecutor.runScript(TestCaseExecutor.java:448)
	at com.kms.katalon.core.main.TestCaseExecutor.doExecute(TestCaseExecutor.java:439)
	at com.kms.katalon.core.main.TestCaseExecutor.processExecutionPhase(TestCaseExecutor.java:418)
	at com.kms.katalon.core.main.TestCaseExecutor.accessMainPhase(TestCaseExecutor.java:410)
	at com.kms.katalon.core.main.TestCaseExecutor.execute(TestCaseExecutor.java:285)
	at com.kms.katalon.core.common.CommonExecutor.accessTestCaseMainPhase(CommonExecutor.java:65)
	at com.kms.katalon.core.main.TestSuiteExecutor.accessTestSuiteMainPhase(TestSuiteExecutor.java:150)
	at com.kms.katalon.core.main.TestSuiteExecutor.execute(TestSuiteExecutor.java:106)
	at com.kms.katalon.core.main.TestCaseMain.startTestSuite(TestCaseMain.java:180)
	at com.kms.katalon.core.main.TestCaseMain$startTestSuite$0.call(Unknown Source)
	at TempTestSuite1761139108993.run(TempTestSuite1761139108993.groovy:35)
	at java.base/jdk.internal.reflect.NativeMethodAccessorImpl.invoke0(Native Method)
	at java.base/jdk.internal.reflect.NativeMethodAccessorImpl.invoke(NativeMethodAccessorImpl.java:77)
	at java.base/jdk.internal.reflect.DelegatingMethodAccessorImpl.invoke(DelegatingMethodAccessorImpl.java:43)
)

22-10-2025T11:16:01 - [MESSAGE][INFO] - Unable to find the element located by 'By.xpath: //*[@id="__BVID__10___BV_modal_footer_"]/button'. Please recheck the objects properties to make sure the desired element is located. 

22-10-2025T11:16:01 - [MESSAGE][WARNING] - [SELF-HEALING] Failed to find element with id 'Object Repository/TripFocus/Testing_Notification_btn'. Try using Self-healing.

22-10-2025T11:16:02 - [MESSAGE][INFO] - [SELF-HEALING] No working XPath is found.

22-10-2025T11:16:04 - [MESSAGE][INFO] - Unable to find the element located by 'By.xpath: '. Please recheck the objects properties to make sure the desired element is located. 

22-10-2025T11:16:04 - [MESSAGE][WARNING] - [SELF-HEALING] Cannot find elements when the selector is null

22-10-2025T11:16:04 - [MESSAGE][WARNING] - Web element with id: 'Object Repository/TripFocus/Testing_Notification_btn' located by '//*[@id="__BVID__10___BV_modal_footer_"]/button' not found (Root cause: com.kms.katalon.core.exception.StepFailedException: Web element with id: 'Object Repository/TripFocus/Testing_Notification_btn' located by '//*[@id="__BVID__10___BV_modal_footer_"]/button' not found
	at com.kms.katalon.core.webui.keyword.internal.WebUIKeywordMain.stepFailed(WebUIKeywordMain.groovy:117)
	at com.kms.katalon.core.webui.keyword.builtin.VerifyElementVisibleKeyword$_verifyElementVisible_closure1.doCall(VerifyElementVisibleKeyword.groovy:89)
	at com.kms.katalon.core.webui.keyword.builtin.VerifyElementVisibleKeyword$_verifyElementVisible_closure1.call(VerifyElementVisibleKeyword.groovy)
	at com.kms.katalon.core.webui.keyword.internal.WebUIKeywordMain.runKeyword(WebUIKeywordMain.groovy:35)
	at com.kms.katalon.core.webui.keyword.builtin.VerifyElementVisibleKeyword.verifyElementVisible(VerifyElementVisibleKeyword.groovy:97)
	at com.kms.katalon.core.webui.keyword.builtin.VerifyElementVisibleKeyword.execute(VerifyElementVisibleKeyword.groovy:67)
	at com.kms.katalon.core.keyword.internal.KeywordExecutor.executeKeywordForPlatform(KeywordExecutor.groovy:74)
	at com.kms.katalon.core.webui.keyword.WebUiBuiltInKeywords.verifyElementVisible(WebUiBuiltInKeywords.groovy:401)
	at com.kms.katalon.core.webui.keyword.WebUiBuiltInKeywords$verifyElementVisible$5.call(Unknown Source)
	at Verify Create New User Button.run(Verify Create New User Button:38)
	at com.kms.katalon.core.main.ScriptEngine.run(ScriptEngine.java:194)
	at com.kms.katalon.core.main.ScriptEngine.runScriptAsRawText(ScriptEngine.java:119)
	at com.kms.katalon.core.main.TestCaseExecutor.runScript(TestCaseExecutor.java:448)
	at com.kms.katalon.core.main.TestCaseExecutor.doExecute(TestCaseExecutor.java:439)
	at com.kms.katalon.core.main.TestCaseExecutor.processExecutionPhase(TestCaseExecutor.java:418)
	at com.kms.katalon.core.main.TestCaseExecutor.accessMainPhase(TestCaseExecutor.java:410)
	at com.kms.katalon.core.main.TestCaseExecutor.execute(TestCaseExecutor.java:285)
	at com.kms.katalon.core.common.CommonExecutor.accessTestCaseMainPhase(CommonExecutor.java:65)
	at com.kms.katalon.core.main.TestSuiteExecutor.accessTestSuiteMainPhase(TestSuiteExecutor.java:150)
	at com.kms.katalon.core.main.TestSuiteExecutor.execute(TestSuiteExecutor.java:106)
	at com.kms.katalon.core.main.TestCaseMain.startTestSuite(TestCaseMain.java:180)
	at com.kms.katalon.core.main.TestCaseMain$startTestSuite$0.call(Unknown Source)
	at TempTestSuite1761139108993.run(TempTestSuite1761139108993.groovy:35)
	at java.base/jdk.internal.reflect.NativeMethodAccessorImpl.invoke0(Native Method)
	at java.base/jdk.internal.reflect.NativeMethodAccessorImpl.invoke(NativeMethodAccessorImpl.java:77)
	at java.base/jdk.internal.reflect.DelegatingMethodAccessorImpl.invoke(DelegatingMethodAccessorImpl.java:43)
)

22-10-2025T11:16:04 - [TEST_STEP][PASSED] - click(findTestObject("Object Repository/TripFocus/Page_TripFocus/a_Users")): Object: 'Object Repository/TripFocus/Page_TripFocus/a_Users' is clicked on

22-10-2025T11:16:04 - [MESSAGE][PASSED] - Object: 'Object Repository/TripFocus/Page_TripFocus/a_Users' is clicked on

22-10-2025T11:16:04 - [TEST_STEP][PASSED] - delay(3): Delayed 3 second(s)

22-10-2025T11:16:07 - [MESSAGE][PASSED] - Delayed 3 second(s)

22-10-2025T11:16:07 - [TEST_STEP][PASSED] - click(findTestObject("Object Repository/TripFocus/Page_TripFocus/button_Add New User")): Object: 'Object Repository/TripFocus/Page_TripFocus/button_Add New User' is clicked on

22-10-2025T11:16:07 - [MESSAGE][PASSED] - Object: 'Object Repository/TripFocus/Page_TripFocus/button_Add New User' is clicked on

22-10-2025T11:16:07 - [TEST_STEP][PASSED] - delay(2): Delayed 2 second(s)

22-10-2025T11:16:09 - [MESSAGE][PASSED] - Delayed 2 second(s)

22-10-2025T11:16:09 - [TEST_STEP][PASSED] - verifyElementVisible(findTestObject("TripFocus/Users/Create_User_btn")): Object 'Object Repository/TripFocus/Users/Create_User_btn' is visible

22-10-2025T11:16:09 - [MESSAGE][PASSED] - Object 'Object Repository/TripFocus/Users/Create_User_btn' is visible

22-10-2025T11:16:09 - [TEST_STEP][PASSED] - Start listener action : retryOnDisconnect: null

22-10-2025T11:16:09 - [TEST_STEP][PASSED] - tcId = testCaseContext.getTestCaseId(): null

22-10-2025T11:16:09 - [TEST_STEP][PASSED] - currentRetry = retryCounts.getOrDefault(tcId, 0): null

22-10-2025T11:16:09 - [TEST_STEP][PASSED] - if (testCaseContext.getTestCaseStatus() == "FAILED" && currentRetry < MAX_RETRIES): null]]></system-out>
         <system-err><![CDATA[]]></system-err>
      </testcase>
      <testcase name="Test Cases/TripFocus/SPG/SPG - UserPage/Edit/Data Restrictions/Add BillTos Data Restrictions" time="81.2" classname="Test Cases/TripFocus/SPG/SPG - UserPage/Edit/Data Restrictions/Add BillTos Data Restrictions" status="PASSED">
         <system-out><![CDATA[22-10-2025T11:16:09 - [TEST_CASE][PASSED] - Test Cases/TripFocus/SPG/SPG - UserPage/Edit/Data Restrictions/Add BillTos Data Restrictions: Test Cases/TripFocus/SPG/SPG - UserPage/Edit/Data Restrictions/Add BillTos Data Restrictions

22-10-2025T11:16:09 - [TEST_STEP][PASSED] - Start listener action : beforeTestCase: null

22-10-2025T11:16:09 - [TEST_STEP][PASSED] - addDefaultPackages(): null

22-10-2025T11:16:09 - [TEST_STEP][PASSED] - openBrowser(""): Browser is opened with url: ''

22-10-2025T11:16:09 - [MESSAGE][WARNING] - A browser is already opened. Closing browser and opening a new one

22-10-2025T11:16:09 - [MESSAGE][INFO] - Starting 'Chrome' driver

22-10-2025T11:16:09 - [MESSAGE][INFO] - User set preference: ['args', '[--no-sandbox, --disable-gpu, --disable-dev-shm-usage]']

22-10-2025T11:16:09 - [MESSAGE][INFO] - Action delay is set to 0 milliseconds

22-10-2025T11:16:10 - [MESSAGE][PASSED] - Browser is opened with url: ''

22-10-2025T11:16:10 - [TEST_STEP][PASSED] - navigateToUrl(TFBaseURL): Navigate to 'https://www.qa.tripfocus.com' successfully

22-10-2025T11:16:11 - [MESSAGE][PASSED] - Navigate to 'https://www.qa.tripfocus.com' successfully

22-10-2025T11:16:11 - [TEST_STEP][PASSED] - click(findTestObject("Object Repository/TripFocus/Page_TripFocus/button_Sign in")): Object: 'Object Repository/TripFocus/Page_TripFocus/button_Sign in' is clicked on

22-10-2025T11:16:11 - [MESSAGE][PASSED] - Object: 'Object Repository/TripFocus/Page_TripFocus/button_Sign in' is clicked on

22-10-2025T11:16:11 - [TEST_STEP][PASSED] - setText(findTestObject("Object Repository/TripFocus/Page_TripFocus/input_Username (e.g. email address)_Username"), TripFocusBleachTechSPGUsername): Text 'Ashford.Chenault+BleachtechCustomerSPGONLY@thekag.com' is set on object 'Object Repository/TripFocus/Page_TripFocus/input_Username (e.g. email address)_Username'

22-10-2025T11:16:12 - [MESSAGE][PASSED] - Text 'Ashford.Chenault+BleachtechCustomerSPGONLY@thekag.com' is set on object 'Object Repository/TripFocus/Page_TripFocus/input_Username (e.g. email address)_Username'

22-10-2025T11:16:12 - [TEST_STEP][PASSED] - setText(findTestObject("Object Repository/TripFocus/Page_TripFocus/input_Password_Password"), TripFocusFDGSPGPassword): Text 'CrashBan911!!' is set on object 'Object Repository/TripFocus/Page_TripFocus/input_Password_Password'

22-10-2025T11:16:12 - [MESSAGE][PASSED] - Text 'CrashBan911!!' is set on object 'Object Repository/TripFocus/Page_TripFocus/input_Password_Password'

22-10-2025T11:16:12 - [TEST_STEP][PASSED] - click(findTestObject("Object Repository/TripFocus/Page_TripFocus/button_Login")): Object: 'Object Repository/TripFocus/Page_TripFocus/button_Login' is clicked on

22-10-2025T11:16:12 - [MESSAGE][PASSED] - Object: 'Object Repository/TripFocus/Page_TripFocus/button_Login' is clicked on

22-10-2025T11:16:12 - [TEST_STEP][PASSED] - maximizeWindow(): Current window maximized

22-10-2025T11:16:12 - [MESSAGE][PASSED] - Current window maximized

22-10-2025T11:16:12 - [TEST_STEP][PASSED] - waitForElementVisible(findTestObject("TripFocus/Testing_Notification_btn"), 15, OPTIONAL): Web element with id: 'Object Repository/TripFocus/Testing_Notification_btn' located by '//*[@id="__BVID__10___BV_modal_footer_"]/button' not found

22-10-2025T11:16:29 - [MESSAGE][INFO] - Unable to find the element located by 'By.xpath: //*[@id="__BVID__10___BV_modal_footer_"]/button'. Please recheck the objects properties to make sure the desired element is located. 

22-10-2025T11:16:29 - [MESSAGE][WARNING] - [SELF-HEALING] Failed to find element with id 'Object Repository/TripFocus/Testing_Notification_btn'. Try using Self-healing.

22-10-2025T11:16:30 - [MESSAGE][INFO] - [SELF-HEALING] No working XPath is found.

22-10-2025T11:16:32 - [MESSAGE][INFO] - Unable to find the element located by 'By.xpath: '. Please recheck the objects properties to make sure the desired element is located. 

22-10-2025T11:16:32 - [MESSAGE][WARNING] - [SELF-HEALING] Cannot find elements when the selector is null

22-10-2025T11:16:32 - [MESSAGE][WARNING] - Web element with id: 'Object Repository/TripFocus/Testing_Notification_btn' located by '//*[@id="__BVID__10___BV_modal_footer_"]/button' not found

22-10-2025T11:16:32 - [TEST_STEP][PASSED] - if (verifyElementVisible(findTestObject("TripFocus/Testing_Notification_btn"), OPTIONAL) == true): Web element with id: 'Object Repository/TripFocus/Testing_Notification_btn' located by '//*[@id="__BVID__10___BV_modal_footer_"]/button' not found (Root cause: com.kms.katalon.core.exception.StepFailedException: Web element with id: 'Object Repository/TripFocus/Testing_Notification_btn' located by '//*[@id="__BVID__10___BV_modal_footer_"]/button' not found
	at com.kms.katalon.core.webui.keyword.internal.WebUIKeywordMain.stepFailed(WebUIKeywordMain.groovy:117)
	at com.kms.katalon.core.webui.keyword.builtin.VerifyElementVisibleKeyword$_verifyElementVisible_closure1.doCall(VerifyElementVisibleKeyword.groovy:89)
	at com.kms.katalon.core.webui.keyword.builtin.VerifyElementVisibleKeyword$_verifyElementVisible_closure1.call(VerifyElementVisibleKeyword.groovy)
	at com.kms.katalon.core.webui.keyword.internal.WebUIKeywordMain.runKeyword(WebUIKeywordMain.groovy:35)
	at com.kms.katalon.core.webui.keyword.builtin.VerifyElementVisibleKeyword.verifyElementVisible(VerifyElementVisibleKeyword.groovy:97)
	at com.kms.katalon.core.webui.keyword.builtin.VerifyElementVisibleKeyword.execute(VerifyElementVisibleKeyword.groovy:67)
	at com.kms.katalon.core.keyword.internal.KeywordExecutor.executeKeywordForPlatform(KeywordExecutor.groovy:74)
	at com.kms.katalon.core.webui.keyword.WebUiBuiltInKeywords.verifyElementVisible(WebUiBuiltInKeywords.groovy:401)
	at com.kms.katalon.core.webui.keyword.WebUiBuiltInKeywords$verifyElementVisible$5.call(Unknown Source)
	at Add BillTos Data Restrictions.run(Add BillTos Data Restrictions:38)
	at com.kms.katalon.core.main.ScriptEngine.run(ScriptEngine.java:194)
	at com.kms.katalon.core.main.ScriptEngine.runScriptAsRawText(ScriptEngine.java:119)
	at com.kms.katalon.core.main.TestCaseExecutor.runScript(TestCaseExecutor.java:448)
	at com.kms.katalon.core.main.TestCaseExecutor.doExecute(TestCaseExecutor.java:439)
	at com.kms.katalon.core.main.TestCaseExecutor.processExecutionPhase(TestCaseExecutor.java:418)
	at com.kms.katalon.core.main.TestCaseExecutor.accessMainPhase(TestCaseExecutor.java:410)
	at com.kms.katalon.core.main.TestCaseExecutor.execute(TestCaseExecutor.java:285)
	at com.kms.katalon.core.common.CommonExecutor.accessTestCaseMainPhase(CommonExecutor.java:65)
	at com.kms.katalon.core.main.TestSuiteExecutor.accessTestSuiteMainPhase(TestSuiteExecutor.java:150)
	at com.kms.katalon.core.main.TestSuiteExecutor.execute(TestSuiteExecutor.java:106)
	at com.kms.katalon.core.main.TestCaseMain.startTestSuite(TestCaseMain.java:180)
	at com.kms.katalon.core.main.TestCaseMain$startTestSuite$0.call(Unknown Source)
	at TempTestSuite1761139108993.run(TempTestSuite1761139108993.groovy:35)
	at java.base/jdk.internal.reflect.NativeMethodAccessorImpl.invoke0(Native Method)
	at java.base/jdk.internal.reflect.NativeMethodAccessorImpl.invoke(NativeMethodAccessorImpl.java:77)
	at java.base/jdk.internal.reflect.DelegatingMethodAccessorImpl.invoke(DelegatingMethodAccessorImpl.java:43)
)

22-10-2025T11:16:48 - [MESSAGE][INFO] - Unable to find the element located by 'By.xpath: //*[@id="__BVID__10___BV_modal_footer_"]/button'. Please recheck the objects properties to make sure the desired element is located. 

22-10-2025T11:16:48 - [MESSAGE][WARNING] - [SELF-HEALING] Failed to find element with id 'Object Repository/TripFocus/Testing_Notification_btn'. Try using Self-healing.

22-10-2025T11:16:49 - [MESSAGE][INFO] - [SELF-HEALING] No working XPath is found.

22-10-2025T11:16:51 - [MESSAGE][INFO] - Unable to find the element located by 'By.xpath: '. Please recheck the objects properties to make sure the desired element is located. 

22-10-2025T11:16:51 - [MESSAGE][WARNING] - [SELF-HEALING] Cannot find elements when the selector is null

22-10-2025T11:16:51 - [MESSAGE][WARNING] - Web element with id: 'Object Repository/TripFocus/Testing_Notification_btn' located by '//*[@id="__BVID__10___BV_modal_footer_"]/button' not found (Root cause: com.kms.katalon.core.exception.StepFailedException: Web element with id: 'Object Repository/TripFocus/Testing_Notification_btn' located by '//*[@id="__BVID__10___BV_modal_footer_"]/button' not found
	at com.kms.katalon.core.webui.keyword.internal.WebUIKeywordMain.stepFailed(WebUIKeywordMain.groovy:117)
	at com.kms.katalon.core.webui.keyword.builtin.VerifyElementVisibleKeyword$_verifyElementVisible_closure1.doCall(VerifyElementVisibleKeyword.groovy:89)
	at com.kms.katalon.core.webui.keyword.builtin.VerifyElementVisibleKeyword$_verifyElementVisible_closure1.call(VerifyElementVisibleKeyword.groovy)
	at com.kms.katalon.core.webui.keyword.internal.WebUIKeywordMain.runKeyword(WebUIKeywordMain.groovy:35)
	at com.kms.katalon.core.webui.keyword.builtin.VerifyElementVisibleKeyword.verifyElementVisible(VerifyElementVisibleKeyword.groovy:97)
	at com.kms.katalon.core.webui.keyword.builtin.VerifyElementVisibleKeyword.execute(VerifyElementVisibleKeyword.groovy:67)
	at com.kms.katalon.core.keyword.internal.KeywordExecutor.executeKeywordForPlatform(KeywordExecutor.groovy:74)
	at com.kms.katalon.core.webui.keyword.WebUiBuiltInKeywords.verifyElementVisible(WebUiBuiltInKeywords.groovy:401)
	at com.kms.katalon.core.webui.keyword.WebUiBuiltInKeywords$verifyElementVisible$5.call(Unknown Source)
	at Add BillTos Data Restrictions.run(Add BillTos Data Restrictions:38)
	at com.kms.katalon.core.main.ScriptEngine.run(ScriptEngine.java:194)
	at com.kms.katalon.core.main.ScriptEngine.runScriptAsRawText(ScriptEngine.java:119)
	at com.kms.katalon.core.main.TestCaseExecutor.runScript(TestCaseExecutor.java:448)
	at com.kms.katalon.core.main.TestCaseExecutor.doExecute(TestCaseExecutor.java:439)
	at com.kms.katalon.core.main.TestCaseExecutor.processExecutionPhase(TestCaseExecutor.java:418)
	at com.kms.katalon.core.main.TestCaseExecutor.accessMainPhase(TestCaseExecutor.java:410)
	at com.kms.katalon.core.main.TestCaseExecutor.execute(TestCaseExecutor.java:285)
	at com.kms.katalon.core.common.CommonExecutor.accessTestCaseMainPhase(CommonExecutor.java:65)
	at com.kms.katalon.core.main.TestSuiteExecutor.accessTestSuiteMainPhase(TestSuiteExecutor.java:150)
	at com.kms.katalon.core.main.TestSuiteExecutor.execute(TestSuiteExecutor.java:106)
	at com.kms.katalon.core.main.TestCaseMain.startTestSuite(TestCaseMain.java:180)
	at com.kms.katalon.core.main.TestCaseMain$startTestSuite$0.call(Unknown Source)
	at TempTestSuite1761139108993.run(TempTestSuite1761139108993.groovy:35)
	at java.base/jdk.internal.reflect.NativeMethodAccessorImpl.invoke0(Native Method)
	at java.base/jdk.internal.reflect.NativeMethodAccessorImpl.invoke(NativeMethodAccessorImpl.java:77)
	at java.base/jdk.internal.reflect.DelegatingMethodAccessorImpl.invoke(DelegatingMethodAccessorImpl.java:43)
)

22-10-2025T11:16:51 - [TEST_STEP][PASSED] - click(findTestObject("Object Repository/TripFocus/Page_TripFocus/a_Users")): Object: 'Object Repository/TripFocus/Page_TripFocus/a_Users' is clicked on

22-10-2025T11:16:51 - [MESSAGE][PASSED] - Object: 'Object Repository/TripFocus/Page_TripFocus/a_Users' is clicked on

22-10-2025T11:16:51 - [TEST_STEP][PASSED] - delay(5): Delayed 5 second(s)

22-10-2025T11:16:56 - [MESSAGE][PASSED] - Delayed 5 second(s)

22-10-2025T11:16:56 - [TEST_STEP][PASSED] - setText(findTestObject("TripFocus/Users/User_Search_txt"), "ashfordSPGTesting"): Text 'ashfordSPGTesting' is set on object 'Object Repository/TripFocus/Users/User_Search_txt'

22-10-2025T11:16:56 - [MESSAGE][PASSED] - Text 'ashfordSPGTesting' is set on object 'Object Repository/TripFocus/Users/User_Search_txt'

22-10-2025T11:16:56 - [TEST_STEP][PASSED] - delay(2): Delayed 2 second(s)

22-10-2025T11:16:58 - [MESSAGE][PASSED] - Delayed 2 second(s)

22-10-2025T11:16:58 - [TEST_STEP][PASSED] - click(findTestObject("Object Repository/TripFocus/Page_TripFocus/button_Edit")): Object: 'Object Repository/TripFocus/Page_TripFocus/button_Edit' is clicked on

22-10-2025T11:16:58 - [MESSAGE][PASSED] - Object: 'Object Repository/TripFocus/Page_TripFocus/button_Edit' is clicked on

22-10-2025T11:16:58 - [TEST_STEP][PASSED] - delay(15): Delayed 15 second(s)

22-10-2025T11:17:13 - [MESSAGE][PASSED] - Delayed 15 second(s)

22-10-2025T11:17:13 - [TEST_STEP][PASSED] - click(findTestObject("TripFocus/Users/Data Restrictions/Data_Restrictions_tab")): Object: 'Object Repository/TripFocus/Users/Data Restrictions/Data_Restrictions_tab' is clicked on

22-10-2025T11:17:13 - [MESSAGE][PASSED] - Object: 'Object Repository/TripFocus/Users/Data Restrictions/Data_Restrictions_tab' is clicked on

22-10-2025T11:17:13 - [TEST_STEP][PASSED] - delay(2): Delayed 2 second(s)

22-10-2025T11:17:15 - [MESSAGE][PASSED] - Delayed 2 second(s)

22-10-2025T11:17:15 - [TEST_STEP][PASSED] - click(findTestObject("TripFocus/Users/Data Restrictions/Divisions_dropdown"), STOP_ON_FAILURE): Object: 'Object Repository/TripFocus/Users/Data Restrictions/Divisions_dropdown' is clicked on

22-10-2025T11:17:15 - [MESSAGE][PASSED] - Object: 'Object Repository/TripFocus/Users/Data Restrictions/Divisions_dropdown' is clicked on

22-10-2025T11:17:15 - [TEST_STEP][PASSED] - delay(1): Delayed 1 second(s)

22-10-2025T11:17:16 - [MESSAGE][PASSED] - Delayed 1 second(s)

22-10-2025T11:17:16 - [TEST_STEP][PASSED] - sendKeys(findTestObject("TripFocus/Users/Data Restrictions/Divisions_txt"), "SPG"): Keys 'SPG' sent to object: 'Object Repository/TripFocus/Users/Data Restrictions/Divisions_txt'

22-10-2025T11:17:16 - [MESSAGE][PASSED] - Keys 'SPG' sent to object: 'Object Repository/TripFocus/Users/Data Restrictions/Divisions_txt'

22-10-2025T11:17:16 - [TEST_STEP][PASSED] - delay(1): Delayed 1 second(s)

22-10-2025T11:17:17 - [MESSAGE][PASSED] - Delayed 1 second(s)

22-10-2025T11:17:17 - [TEST_STEP][PASSED] - sendKeys(findTestObject("TripFocus/Users/Data Restrictions/Divisions_txt"), Keys.chord(ENTER)): Keys 'ENTER + ' sent to object: 'Object Repository/TripFocus/Users/Data Restrictions/Divisions_txt'

22-10-2025T11:17:17 - [MESSAGE][PASSED] - Keys 'ENTER + ' sent to object: 'Object Repository/TripFocus/Users/Data Restrictions/Divisions_txt'

22-10-2025T11:17:17 - [TEST_STEP][PASSED] - delay(2): Delayed 2 second(s)

22-10-2025T11:17:19 - [MESSAGE][PASSED] - Delayed 2 second(s)

22-10-2025T11:17:19 - [TEST_STEP][PASSED] - click(findTestObject("TripFocus/Users/Data Restrictions/BillTos_dropdown"), STOP_ON_FAILURE): Object: 'Object Repository/TripFocus/Users/Data Restrictions/BillTos_dropdown' is clicked on

22-10-2025T11:17:20 - [MESSAGE][PASSED] - Object: 'Object Repository/TripFocus/Users/Data Restrictions/BillTos_dropdown' is clicked on

22-10-2025T11:17:20 - [TEST_STEP][PASSED] - delay(3): Delayed 3 second(s)

22-10-2025T11:17:23 - [MESSAGE][PASSED] - Delayed 3 second(s)

22-10-2025T11:17:23 - [TEST_STEP][PASSED] - sendKeys(findTestObject("TripFocus/Users/Data Restrictions/BillTos_txt"), "3 Rivers"): Keys '3 Rivers' sent to object: 'Object Repository/TripFocus/Users/Data Restrictions/BillTos_txt'

22-10-2025T11:17:23 - [MESSAGE][PASSED] - Keys '3 Rivers' sent to object: 'Object Repository/TripFocus/Users/Data Restrictions/BillTos_txt'

22-10-2025T11:17:23 - [TEST_STEP][PASSED] - delay(1): Delayed 1 second(s)

22-10-2025T11:17:24 - [MESSAGE][PASSED] - Delayed 1 second(s)

22-10-2025T11:17:24 - [TEST_STEP][PASSED] - sendKeys(findTestObject("TripFocus/Users/Data Restrictions/BillTos_txt"), Keys.chord(ENTER)): Keys 'ENTER + ' sent to object: 'Object Repository/TripFocus/Users/Data Restrictions/BillTos_txt'

22-10-2025T11:17:24 - [MESSAGE][PASSED] - Keys 'ENTER + ' sent to object: 'Object Repository/TripFocus/Users/Data Restrictions/BillTos_txt'

22-10-2025T11:17:24 - [TEST_STEP][PASSED] - delay(1): Delayed 1 second(s)

22-10-2025T11:17:25 - [MESSAGE][PASSED] - Delayed 1 second(s)

22-10-2025T11:17:25 - [TEST_STEP][PASSED] - click(findTestObject("TripFocus/Users/Data Restrictions/Preview_Data_Restrictions_btn"), STOP_ON_FAILURE): Object: 'Object Repository/TripFocus/Users/Data Restrictions/Preview_Data_Restrictions_btn' is clicked on

22-10-2025T11:17:25 - [MESSAGE][PASSED] - Object: 'Object Repository/TripFocus/Users/Data Restrictions/Preview_Data_Restrictions_btn' is clicked on

22-10-2025T11:17:25 - [TEST_STEP][PASSED] - waitForElementVisible(findTestObject("TripFocus/Users/Data Restrictions/Preview_Data_Restrictions_btn"), 10): Object 'Object Repository/TripFocus/Users/Data Restrictions/Preview_Data_Restrictions_btn' is visible

22-10-2025T11:17:25 - [MESSAGE][PASSED] - Object 'Object Repository/TripFocus/Users/Data Restrictions/Preview_Data_Restrictions_btn' is visible

22-10-2025T11:17:25 - [TEST_STEP][PASSED] - click(findTestObject("TripFocus/Users/Data Restrictions/Save_Data_Restrictions_btn"), STOP_ON_FAILURE): Object: 'Object Repository/TripFocus/Users/Data Restrictions/Save_Data_Restrictions_btn' is clicked on

22-10-2025T11:17:25 - [MESSAGE][PASSED] - Object: 'Object Repository/TripFocus/Users/Data Restrictions/Save_Data_Restrictions_btn' is clicked on

22-10-2025T11:17:25 - [TEST_STEP][PASSED] - delay(1): Delayed 1 second(s)

22-10-2025T11:17:26 - [MESSAGE][PASSED] - Delayed 1 second(s)

22-10-2025T11:17:26 - [TEST_STEP][PASSED] - verifyElementPresent(findTestObject("TripFocus/Toasty_Message"), 10): Object 'Object Repository/TripFocus/Toasty_Message' is present

22-10-2025T11:17:26 - [MESSAGE][PASSED] - Object 'Object Repository/TripFocus/Toasty_Message' is present

22-10-2025T11:17:26 - [TEST_STEP][PASSED] - verifyElementText(findTestObject("TripFocus/Toasty_Message"), "User Data Restrictions added successfully."): Actual text and expected text of test object 'Object Repository/TripFocus/Toasty_Message' are matched.

22-10-2025T11:17:26 - [MESSAGE][PASSED] - Actual text and expected text of test object 'Object Repository/TripFocus/Toasty_Message' are matched.

22-10-2025T11:17:26 - [TEST_STEP][PASSED] - delay(2): Delayed 2 second(s)

22-10-2025T11:17:28 - [MESSAGE][PASSED] - Delayed 2 second(s)

22-10-2025T11:17:28 - [TEST_STEP][PASSED] - click(findTestObject("TripFocus/Users/Data Restrictions/Data_Restrictions_tab")): Object: 'Object Repository/TripFocus/Users/Data Restrictions/Data_Restrictions_tab' is clicked on

22-10-2025T11:17:28 - [MESSAGE][PASSED] - Object: 'Object Repository/TripFocus/Users/Data Restrictions/Data_Restrictions_tab' is clicked on

22-10-2025T11:17:28 - [TEST_STEP][PASSED] - delay(2): Delayed 2 second(s)

22-10-2025T11:17:30 - [MESSAGE][PASSED] - Delayed 2 second(s)

22-10-2025T11:17:30 - [TEST_STEP][PASSED] - click(findTestObject("TripFocus/Users/Data Restrictions/Delete_Restriction_btn")): Object: 'Object Repository/TripFocus/Users/Data Restrictions/Delete_Restriction_btn' is clicked on

22-10-2025T11:17:30 - [MESSAGE][PASSED] - Object: 'Object Repository/TripFocus/Users/Data Restrictions/Delete_Restriction_btn' is clicked on

22-10-2025T11:17:30 - [TEST_STEP][PASSED] - Start listener action : retryOnDisconnect: null

22-10-2025T11:17:30 - [TEST_STEP][PASSED] - tcId = testCaseContext.getTestCaseId(): null

22-10-2025T11:17:30 - [TEST_STEP][PASSED] - currentRetry = retryCounts.getOrDefault(tcId, 0): null

22-10-2025T11:17:30 - [TEST_STEP][PASSED] - if (testCaseContext.getTestCaseStatus() == "FAILED" && currentRetry < MAX_RETRIES): null]]></system-out>
         <system-err><![CDATA[]]></system-err>
      </testcase>
      <testcase name="Test Cases/TripFocus/SPG/SPG - UserPage/Edit/Data Restrictions/Add Commodities Data Restrictions" time="88.38" classname="Test Cases/TripFocus/SPG/SPG - UserPage/Edit/Data Restrictions/Add Commodities Data Restrictions" status="PASSED">
         <system-out><![CDATA[22-10-2025T11:17:30 - [TEST_CASE][PASSED] - Test Cases/TripFocus/SPG/SPG - UserPage/Edit/Data Restrictions/Add Commodities Data Restrictions: Test Cases/TripFocus/SPG/SPG - UserPage/Edit/Data Restrictions/Add Commodities Data Restrictions

22-10-2025T11:17:30 - [TEST_STEP][PASSED] - Start listener action : beforeTestCase: null

22-10-2025T11:17:30 - [TEST_STEP][PASSED] - addDefaultPackages(): null

22-10-2025T11:17:30 - [TEST_STEP][PASSED] - openBrowser(""): Browser is opened with url: ''

22-10-2025T11:17:30 - [MESSAGE][WARNING] - A browser is already opened. Closing browser and opening a new one

22-10-2025T11:17:31 - [MESSAGE][INFO] - Starting 'Chrome' driver

22-10-2025T11:17:31 - [MESSAGE][INFO] - User set preference: ['args', '[--no-sandbox, --disable-gpu, --disable-dev-shm-usage]']

22-10-2025T11:17:31 - [MESSAGE][INFO] - Action delay is set to 0 milliseconds

22-10-2025T11:17:31 - [MESSAGE][PASSED] - Browser is opened with url: ''

22-10-2025T11:17:31 - [TEST_STEP][PASSED] - navigateToUrl(TFBaseURL): Navigate to 'https://www.qa.tripfocus.com' successfully

22-10-2025T11:17:32 - [MESSAGE][PASSED] - Navigate to 'https://www.qa.tripfocus.com' successfully

22-10-2025T11:17:32 - [TEST_STEP][PASSED] - click(findTestObject("Object Repository/TripFocus/Page_TripFocus/button_Sign in")): Object: 'Object Repository/TripFocus/Page_TripFocus/button_Sign in' is clicked on

22-10-2025T11:17:32 - [MESSAGE][PASSED] - Object: 'Object Repository/TripFocus/Page_TripFocus/button_Sign in' is clicked on

22-10-2025T11:17:32 - [TEST_STEP][PASSED] - setText(findTestObject("Object Repository/TripFocus/Page_TripFocus/input_Username (e.g. email address)_Username"), TripFocusBleachTechSPGUsername): Text 'Ashford.Chenault+BleachtechCustomerSPGONLY@thekag.com' is set on object 'Object Repository/TripFocus/Page_TripFocus/input_Username (e.g. email address)_Username'

22-10-2025T11:17:33 - [MESSAGE][PASSED] - Text 'Ashford.Chenault+BleachtechCustomerSPGONLY@thekag.com' is set on object 'Object Repository/TripFocus/Page_TripFocus/input_Username (e.g. email address)_Username'

22-10-2025T11:17:33 - [TEST_STEP][PASSED] - setText(findTestObject("Object Repository/TripFocus/Page_TripFocus/input_Password_Password"), TripFocusFDGSPGPassword): Text 'CrashBan911!!' is set on object 'Object Repository/TripFocus/Page_TripFocus/input_Password_Password'

22-10-2025T11:17:33 - [MESSAGE][PASSED] - Text 'CrashBan911!!' is set on object 'Object Repository/TripFocus/Page_TripFocus/input_Password_Password'

22-10-2025T11:17:33 - [TEST_STEP][PASSED] - click(findTestObject("Object Repository/TripFocus/Page_TripFocus/button_Login")): Object: 'Object Repository/TripFocus/Page_TripFocus/button_Login' is clicked on

22-10-2025T11:17:33 - [MESSAGE][PASSED] - Object: 'Object Repository/TripFocus/Page_TripFocus/button_Login' is clicked on

22-10-2025T11:17:33 - [TEST_STEP][PASSED] - maximizeWindow(): Current window maximized

22-10-2025T11:17:34 - [MESSAGE][PASSED] - Current window maximized

22-10-2025T11:17:34 - [TEST_STEP][PASSED] - waitForElementVisible(findTestObject("TripFocus/Testing_Notification_btn"), 15, OPTIONAL): Web element with id: 'Object Repository/TripFocus/Testing_Notification_btn' located by '//*[@id="__BVID__10___BV_modal_footer_"]/button' not found

22-10-2025T11:17:50 - [MESSAGE][INFO] - Unable to find the element located by 'By.xpath: //*[@id="__BVID__10___BV_modal_footer_"]/button'. Please recheck the objects properties to make sure the desired element is located. 

22-10-2025T11:17:50 - [MESSAGE][WARNING] - [SELF-HEALING] Failed to find element with id 'Object Repository/TripFocus/Testing_Notification_btn'. Try using Self-healing.

22-10-2025T11:17:51 - [MESSAGE][INFO] - [SELF-HEALING] No working XPath is found.

22-10-2025T11:17:53 - [MESSAGE][INFO] - Unable to find the element located by 'By.xpath: '. Please recheck the objects properties to make sure the desired element is located. 

22-10-2025T11:17:53 - [MESSAGE][WARNING] - [SELF-HEALING] Cannot find elements when the selector is null

22-10-2025T11:17:53 - [MESSAGE][WARNING] - Web element with id: 'Object Repository/TripFocus/Testing_Notification_btn' located by '//*[@id="__BVID__10___BV_modal_footer_"]/button' not found

22-10-2025T11:17:53 - [TEST_STEP][PASSED] - if (verifyElementVisible(findTestObject("TripFocus/Testing_Notification_btn"), OPTIONAL) == true): Web element with id: 'Object Repository/TripFocus/Testing_Notification_btn' located by '//*[@id="__BVID__10___BV_modal_footer_"]/button' not found (Root cause: com.kms.katalon.core.exception.StepFailedException: Web element with id: 'Object Repository/TripFocus/Testing_Notification_btn' located by '//*[@id="__BVID__10___BV_modal_footer_"]/button' not found
	at com.kms.katalon.core.webui.keyword.internal.WebUIKeywordMain.stepFailed(WebUIKeywordMain.groovy:117)
	at com.kms.katalon.core.webui.keyword.builtin.VerifyElementVisibleKeyword$_verifyElementVisible_closure1.doCall(VerifyElementVisibleKeyword.groovy:89)
	at com.kms.katalon.core.webui.keyword.builtin.VerifyElementVisibleKeyword$_verifyElementVisible_closure1.call(VerifyElementVisibleKeyword.groovy)
	at com.kms.katalon.core.webui.keyword.internal.WebUIKeywordMain.runKeyword(WebUIKeywordMain.groovy:35)
	at com.kms.katalon.core.webui.keyword.builtin.VerifyElementVisibleKeyword.verifyElementVisible(VerifyElementVisibleKeyword.groovy:97)
	at com.kms.katalon.core.webui.keyword.builtin.VerifyElementVisibleKeyword.execute(VerifyElementVisibleKeyword.groovy:67)
	at com.kms.katalon.core.keyword.internal.KeywordExecutor.executeKeywordForPlatform(KeywordExecutor.groovy:74)
	at com.kms.katalon.core.webui.keyword.WebUiBuiltInKeywords.verifyElementVisible(WebUiBuiltInKeywords.groovy:401)
	at com.kms.katalon.core.webui.keyword.WebUiBuiltInKeywords$verifyElementVisible$5.call(Unknown Source)
	at Add Commodities Data Restrictions.run(Add Commodities Data Restrictions:38)
	at com.kms.katalon.core.main.ScriptEngine.run(ScriptEngine.java:194)
	at com.kms.katalon.core.main.ScriptEngine.runScriptAsRawText(ScriptEngine.java:119)
	at com.kms.katalon.core.main.TestCaseExecutor.runScript(TestCaseExecutor.java:448)
	at com.kms.katalon.core.main.TestCaseExecutor.doExecute(TestCaseExecutor.java:439)
	at com.kms.katalon.core.main.TestCaseExecutor.processExecutionPhase(TestCaseExecutor.java:418)
	at com.kms.katalon.core.main.TestCaseExecutor.accessMainPhase(TestCaseExecutor.java:410)
	at com.kms.katalon.core.main.TestCaseExecutor.execute(TestCaseExecutor.java:285)
	at com.kms.katalon.core.common.CommonExecutor.accessTestCaseMainPhase(CommonExecutor.java:65)
	at com.kms.katalon.core.main.TestSuiteExecutor.accessTestSuiteMainPhase(TestSuiteExecutor.java:150)
	at com.kms.katalon.core.main.TestSuiteExecutor.execute(TestSuiteExecutor.java:106)
	at com.kms.katalon.core.main.TestCaseMain.startTestSuite(TestCaseMain.java:180)
	at com.kms.katalon.core.main.TestCaseMain$startTestSuite$0.call(Unknown Source)
	at TempTestSuite1761139108993.run(TempTestSuite1761139108993.groovy:35)
	at java.base/jdk.internal.reflect.NativeMethodAccessorImpl.invoke0(Native Method)
	at java.base/jdk.internal.reflect.NativeMethodAccessorImpl.invoke(NativeMethodAccessorImpl.java:77)
	at java.base/jdk.internal.reflect.DelegatingMethodAccessorImpl.invoke(DelegatingMethodAccessorImpl.java:43)
)

22-10-2025T11:18:09 - [MESSAGE][INFO] - Unable to find the element located by 'By.xpath: //*[@id="__BVID__10___BV_modal_footer_"]/button'. Please recheck the objects properties to make sure the desired element is located. 

22-10-2025T11:18:09 - [MESSAGE][WARNING] - [SELF-HEALING] Failed to find element with id 'Object Repository/TripFocus/Testing_Notification_btn'. Try using Self-healing.

22-10-2025T11:18:10 - [MESSAGE][INFO] - [SELF-HEALING] No working XPath is found.

22-10-2025T11:18:12 - [MESSAGE][INFO] - Unable to find the element located by 'By.xpath: '. Please recheck the objects properties to make sure the desired element is located. 

22-10-2025T11:18:12 - [MESSAGE][WARNING] - [SELF-HEALING] Cannot find elements when the selector is null

22-10-2025T11:18:12 - [MESSAGE][WARNING] - Web element with id: 'Object Repository/TripFocus/Testing_Notification_btn' located by '//*[@id="__BVID__10___BV_modal_footer_"]/button' not found (Root cause: com.kms.katalon.core.exception.StepFailedException: Web element with id: 'Object Repository/TripFocus/Testing_Notification_btn' located by '//*[@id="__BVID__10___BV_modal_footer_"]/button' not found
	at com.kms.katalon.core.webui.keyword.internal.WebUIKeywordMain.stepFailed(WebUIKeywordMain.groovy:117)
	at com.kms.katalon.core.webui.keyword.builtin.VerifyElementVisibleKeyword$_verifyElementVisible_closure1.doCall(VerifyElementVisibleKeyword.groovy:89)
	at com.kms.katalon.core.webui.keyword.builtin.VerifyElementVisibleKeyword$_verifyElementVisible_closure1.call(VerifyElementVisibleKeyword.groovy)
	at com.kms.katalon.core.webui.keyword.internal.WebUIKeywordMain.runKeyword(WebUIKeywordMain.groovy:35)
	at com.kms.katalon.core.webui.keyword.builtin.VerifyElementVisibleKeyword.verifyElementVisible(VerifyElementVisibleKeyword.groovy:97)
	at com.kms.katalon.core.webui.keyword.builtin.VerifyElementVisibleKeyword.execute(VerifyElementVisibleKeyword.groovy:67)
	at com.kms.katalon.core.keyword.internal.KeywordExecutor.executeKeywordForPlatform(KeywordExecutor.groovy:74)
	at com.kms.katalon.core.webui.keyword.WebUiBuiltInKeywords.verifyElementVisible(WebUiBuiltInKeywords.groovy:401)
	at com.kms.katalon.core.webui.keyword.WebUiBuiltInKeywords$verifyElementVisible$5.call(Unknown Source)
	at Add Commodities Data Restrictions.run(Add Commodities Data Restrictions:38)
	at com.kms.katalon.core.main.ScriptEngine.run(ScriptEngine.java:194)
	at com.kms.katalon.core.main.ScriptEngine.runScriptAsRawText(ScriptEngine.java:119)
	at com.kms.katalon.core.main.TestCaseExecutor.runScript(TestCaseExecutor.java:448)
	at com.kms.katalon.core.main.TestCaseExecutor.doExecute(TestCaseExecutor.java:439)
	at com.kms.katalon.core.main.TestCaseExecutor.processExecutionPhase(TestCaseExecutor.java:418)
	at com.kms.katalon.core.main.TestCaseExecutor.accessMainPhase(TestCaseExecutor.java:410)
	at com.kms.katalon.core.main.TestCaseExecutor.execute(TestCaseExecutor.java:285)
	at com.kms.katalon.core.common.CommonExecutor.accessTestCaseMainPhase(CommonExecutor.java:65)
	at com.kms.katalon.core.main.TestSuiteExecutor.accessTestSuiteMainPhase(TestSuiteExecutor.java:150)
	at com.kms.katalon.core.main.TestSuiteExecutor.execute(TestSuiteExecutor.java:106)
	at com.kms.katalon.core.main.TestCaseMain.startTestSuite(TestCaseMain.java:180)
	at com.kms.katalon.core.main.TestCaseMain$startTestSuite$0.call(Unknown Source)
	at TempTestSuite1761139108993.run(TempTestSuite1761139108993.groovy:35)
	at java.base/jdk.internal.reflect.NativeMethodAccessorImpl.invoke0(Native Method)
	at java.base/jdk.internal.reflect.NativeMethodAccessorImpl.invoke(NativeMethodAccessorImpl.java:77)
	at java.base/jdk.internal.reflect.DelegatingMethodAccessorImpl.invoke(DelegatingMethodAccessorImpl.java:43)
)

22-10-2025T11:18:12 - [TEST_STEP][PASSED] - click(findTestObject("Object Repository/TripFocus/Page_TripFocus/a_Users")): Object: 'Object Repository/TripFocus/Page_TripFocus/a_Users' is clicked on

22-10-2025T11:18:12 - [MESSAGE][PASSED] - Object: 'Object Repository/TripFocus/Page_TripFocus/a_Users' is clicked on

22-10-2025T11:18:12 - [TEST_STEP][PASSED] - delay(5): Delayed 5 second(s)

22-10-2025T11:18:17 - [MESSAGE][PASSED] - Delayed 5 second(s)

22-10-2025T11:18:17 - [TEST_STEP][PASSED] - setText(findTestObject("TripFocus/Users/User_Search_txt"), "ashfordSPGTesting"): Text 'ashfordSPGTesting' is set on object 'Object Repository/TripFocus/Users/User_Search_txt'

22-10-2025T11:18:17 - [MESSAGE][PASSED] - Text 'ashfordSPGTesting' is set on object 'Object Repository/TripFocus/Users/User_Search_txt'

22-10-2025T11:18:17 - [TEST_STEP][PASSED] - delay(2): Delayed 2 second(s)

22-10-2025T11:18:19 - [MESSAGE][PASSED] - Delayed 2 second(s)

22-10-2025T11:18:19 - [TEST_STEP][PASSED] - click(findTestObject("Object Repository/TripFocus/Page_TripFocus/button_Edit")): Object: 'Object Repository/TripFocus/Page_TripFocus/button_Edit' is clicked on

22-10-2025T11:18:19 - [MESSAGE][PASSED] - Object: 'Object Repository/TripFocus/Page_TripFocus/button_Edit' is clicked on

22-10-2025T11:18:19 - [TEST_STEP][PASSED] - delay(15): Delayed 15 second(s)

22-10-2025T11:18:34 - [MESSAGE][PASSED] - Delayed 15 second(s)

22-10-2025T11:18:34 - [TEST_STEP][PASSED] - click(findTestObject("TripFocus/Users/Data Restrictions/Data_Restrictions_tab")): Object: 'Object Repository/TripFocus/Users/Data Restrictions/Data_Restrictions_tab' is clicked on

22-10-2025T11:18:34 - [MESSAGE][PASSED] - Object: 'Object Repository/TripFocus/Users/Data Restrictions/Data_Restrictions_tab' is clicked on

22-10-2025T11:18:34 - [TEST_STEP][PASSED] - delay(2): Delayed 2 second(s)

22-10-2025T11:18:36 - [MESSAGE][PASSED] - Delayed 2 second(s)

22-10-2025T11:18:36 - [TEST_STEP][PASSED] - click(findTestObject("TripFocus/Users/Data Restrictions/Divisions_dropdown"), STOP_ON_FAILURE): Object: 'Object Repository/TripFocus/Users/Data Restrictions/Divisions_dropdown' is clicked on

22-10-2025T11:18:37 - [MESSAGE][PASSED] - Object: 'Object Repository/TripFocus/Users/Data Restrictions/Divisions_dropdown' is clicked on

22-10-2025T11:18:37 - [TEST_STEP][PASSED] - delay(1): Delayed 1 second(s)

22-10-2025T11:18:38 - [MESSAGE][PASSED] - Delayed 1 second(s)

22-10-2025T11:18:38 - [TEST_STEP][PASSED] - sendKeys(findTestObject("TripFocus/Users/Data Restrictions/Divisions_txt"), "SPG"): Keys 'SPG' sent to object: 'Object Repository/TripFocus/Users/Data Restrictions/Divisions_txt'

22-10-2025T11:18:38 - [MESSAGE][PASSED] - Keys 'SPG' sent to object: 'Object Repository/TripFocus/Users/Data Restrictions/Divisions_txt'

22-10-2025T11:18:38 - [TEST_STEP][PASSED] - delay(1): Delayed 1 second(s)

22-10-2025T11:18:39 - [MESSAGE][PASSED] - Delayed 1 second(s)

22-10-2025T11:18:39 - [TEST_STEP][PASSED] - sendKeys(findTestObject("TripFocus/Users/Data Restrictions/Divisions_txt"), Keys.chord(ENTER)): Keys 'ENTER + ' sent to object: 'Object Repository/TripFocus/Users/Data Restrictions/Divisions_txt'

22-10-2025T11:18:39 - [MESSAGE][PASSED] - Keys 'ENTER + ' sent to object: 'Object Repository/TripFocus/Users/Data Restrictions/Divisions_txt'

22-10-2025T11:18:39 - [TEST_STEP][PASSED] - delay(2): Delayed 2 second(s)

22-10-2025T11:18:41 - [MESSAGE][PASSED] - Delayed 2 second(s)

22-10-2025T11:18:41 - [TEST_STEP][PASSED] - click(findTestObject("TripFocus/Users/Data Restrictions/Commodities_dropdown"), STOP_ON_FAILURE): Object: 'Object Repository/TripFocus/Users/Data Restrictions/Commodities_dropdown' is clicked on

22-10-2025T11:18:41 - [MESSAGE][PASSED] - Object: 'Object Repository/TripFocus/Users/Data Restrictions/Commodities_dropdown' is clicked on

22-10-2025T11:18:41 - [TEST_STEP][PASSED] - delay(3): Delayed 3 second(s)

22-10-2025T11:18:44 - [MESSAGE][PASSED] - Delayed 3 second(s)

22-10-2025T11:18:44 - [TEST_STEP][PASSED] - sendKeys(findTestObject("TripFocus/Users/Data Restrictions/Commodoties_txt"), "Caustic Soda 30%"): Keys 'Caustic Soda 30%' sent to object: 'Object Repository/TripFocus/Users/Data Restrictions/Commodoties_txt'

22-10-2025T11:18:44 - [MESSAGE][PASSED] - Keys 'Caustic Soda 30%' sent to object: 'Object Repository/TripFocus/Users/Data Restrictions/Commodoties_txt'

22-10-2025T11:18:44 - [TEST_STEP][PASSED] - delay(2): Delayed 2 second(s)

22-10-2025T11:18:46 - [MESSAGE][PASSED] - Delayed 2 second(s)

22-10-2025T11:18:46 - [TEST_STEP][PASSED] - sendKeys(findTestObject("TripFocus/Users/Data Restrictions/Commodoties_txt"), Keys.chord(ENTER)): Keys 'ENTER + ' sent to object: 'Object Repository/TripFocus/Users/Data Restrictions/Commodoties_txt'

22-10-2025T11:18:46 - [MESSAGE][PASSED] - Keys 'ENTER + ' sent to object: 'Object Repository/TripFocus/Users/Data Restrictions/Commodoties_txt'

22-10-2025T11:18:46 - [TEST_STEP][PASSED] - delay(3): Delayed 3 second(s)

22-10-2025T11:18:49 - [MESSAGE][PASSED] - Delayed 3 second(s)

22-10-2025T11:18:49 - [TEST_STEP][PASSED] - click(findTestObject("TripFocus/Users/Data Restrictions/Preview_Data_Restrictions_btn"), STOP_ON_FAILURE): Object: 'Object Repository/TripFocus/Users/Data Restrictions/Preview_Data_Restrictions_btn' is clicked on

22-10-2025T11:18:49 - [MESSAGE][PASSED] - Object: 'Object Repository/TripFocus/Users/Data Restrictions/Preview_Data_Restrictions_btn' is clicked on

22-10-2025T11:18:49 - [TEST_STEP][PASSED] - delay(2): Delayed 2 second(s)

22-10-2025T11:18:51 - [MESSAGE][PASSED] - Delayed 2 second(s)

22-10-2025T11:18:51 - [TEST_STEP][PASSED] - click(findTestObject("TripFocus/Users/Data Restrictions/Preview_Data_Restrictions_btn"), STOP_ON_FAILURE): Object: 'Object Repository/TripFocus/Users/Data Restrictions/Preview_Data_Restrictions_btn' is clicked on

22-10-2025T11:18:51 - [MESSAGE][PASSED] - Object: 'Object Repository/TripFocus/Users/Data Restrictions/Preview_Data_Restrictions_btn' is clicked on

22-10-2025T11:18:51 - [TEST_STEP][PASSED] - delay(2): Delayed 2 second(s)

22-10-2025T11:18:53 - [MESSAGE][PASSED] - Delayed 2 second(s)

22-10-2025T11:18:53 - [TEST_STEP][PASSED] - click(findTestObject("TripFocus/Users/Data Restrictions/Save_Data_Restrictions_btn"), STOP_ON_FAILURE): Object: 'Object Repository/TripFocus/Users/Data Restrictions/Save_Data_Restrictions_btn' is clicked on

22-10-2025T11:18:53 - [MESSAGE][PASSED] - Object: 'Object Repository/TripFocus/Users/Data Restrictions/Save_Data_Restrictions_btn' is clicked on

22-10-2025T11:18:53 - [TEST_STEP][PASSED] - delay(1): Delayed 1 second(s)

22-10-2025T11:18:54 - [MESSAGE][PASSED] - Delayed 1 second(s)

22-10-2025T11:18:54 - [TEST_STEP][PASSED] - verifyElementPresent(findTestObject("TripFocus/Toasty_Message"), 10): Object 'Object Repository/TripFocus/Toasty_Message' is present

22-10-2025T11:18:54 - [MESSAGE][PASSED] - Object 'Object Repository/TripFocus/Toasty_Message' is present

22-10-2025T11:18:54 - [TEST_STEP][PASSED] - verifyElementText(findTestObject("TripFocus/Toasty_Message"), "User Data Restrictions added successfully."): Actual text and expected text of test object 'Object Repository/TripFocus/Toasty_Message' are matched.

22-10-2025T11:18:54 - [MESSAGE][PASSED] - Actual text and expected text of test object 'Object Repository/TripFocus/Toasty_Message' are matched.

22-10-2025T11:18:54 - [TEST_STEP][PASSED] - delay(2): Delayed 2 second(s)

22-10-2025T11:18:56 - [MESSAGE][PASSED] - Delayed 2 second(s)

22-10-2025T11:18:56 - [TEST_STEP][PASSED] - click(findTestObject("TripFocus/Users/Data Restrictions/Data_Restrictions_tab")): Object: 'Object Repository/TripFocus/Users/Data Restrictions/Data_Restrictions_tab' is clicked on

22-10-2025T11:18:56 - [MESSAGE][PASSED] - Object: 'Object Repository/TripFocus/Users/Data Restrictions/Data_Restrictions_tab' is clicked on

22-10-2025T11:18:56 - [TEST_STEP][PASSED] - delay(2): Delayed 2 second(s)

22-10-2025T11:18:58 - [MESSAGE][PASSED] - Delayed 2 second(s)

22-10-2025T11:18:58 - [TEST_STEP][PASSED] - click(findTestObject("TripFocus/Users/Data Restrictions/Delete_Restriction_btn")): Object: 'Object Repository/TripFocus/Users/Data Restrictions/Delete_Restriction_btn' is clicked on

22-10-2025T11:18:59 - [MESSAGE][PASSED] - Object: 'Object Repository/TripFocus/Users/Data Restrictions/Delete_Restriction_btn' is clicked on

22-10-2025T11:18:59 - [TEST_STEP][PASSED] - Start listener action : retryOnDisconnect: null

22-10-2025T11:18:59 - [TEST_STEP][PASSED] - tcId = testCaseContext.getTestCaseId(): null

22-10-2025T11:18:59 - [TEST_STEP][PASSED] - currentRetry = retryCounts.getOrDefault(tcId, 0): null

22-10-2025T11:18:59 - [TEST_STEP][PASSED] - if (testCaseContext.getTestCaseStatus() == "FAILED" && currentRetry < MAX_RETRIES): null]]></system-out>
         <system-err><![CDATA[]]></system-err>
      </testcase>
      <testcase name="Test Cases/TripFocus/SPG/SPG - UserPage/Edit/Data Restrictions/Add Consignee Data Restrictions" time="95.733" classname="Test Cases/TripFocus/SPG/SPG - UserPage/Edit/Data Restrictions/Add Consignee Data Restrictions" status="PASSED">
         <system-out><![CDATA[22-10-2025T11:18:59 - [TEST_CASE][PASSED] - Test Cases/TripFocus/SPG/SPG - UserPage/Edit/Data Restrictions/Add Consignee Data Restrictions: Test Cases/TripFocus/SPG/SPG - UserPage/Edit/Data Restrictions/Add Consignee Data Restrictions

22-10-2025T11:18:59 - [TEST_STEP][PASSED] - Start listener action : beforeTestCase: null

22-10-2025T11:18:59 - [TEST_STEP][PASSED] - addDefaultPackages(): null

22-10-2025T11:18:59 - [TEST_STEP][PASSED] - openBrowser(""): Browser is opened with url: ''

22-10-2025T11:18:59 - [MESSAGE][WARNING] - A browser is already opened. Closing browser and opening a new one

22-10-2025T11:18:59 - [MESSAGE][INFO] - Starting 'Chrome' driver

22-10-2025T11:18:59 - [MESSAGE][INFO] - User set preference: ['args', '[--no-sandbox, --disable-gpu, --disable-dev-shm-usage]']

22-10-2025T11:18:59 - [MESSAGE][INFO] - Action delay is set to 0 milliseconds

22-10-2025T11:19:00 - [MESSAGE][PASSED] - Browser is opened with url: ''

22-10-2025T11:19:00 - [TEST_STEP][PASSED] - navigateToUrl(TFBaseURL): Navigate to 'https://www.qa.tripfocus.com' successfully

22-10-2025T11:19:01 - [MESSAGE][PASSED] - Navigate to 'https://www.qa.tripfocus.com' successfully

22-10-2025T11:19:01 - [TEST_STEP][PASSED] - click(findTestObject("Object Repository/TripFocus/Page_TripFocus/button_Sign in")): Object: 'Object Repository/TripFocus/Page_TripFocus/button_Sign in' is clicked on

22-10-2025T11:19:01 - [MESSAGE][PASSED] - Object: 'Object Repository/TripFocus/Page_TripFocus/button_Sign in' is clicked on

22-10-2025T11:19:01 - [TEST_STEP][PASSED] - setText(findTestObject("Object Repository/TripFocus/Page_TripFocus/input_Username (e.g. email address)_Username"), TripFocusBleachTechSPGUsername): Text 'Ashford.Chenault+BleachtechCustomerSPGONLY@thekag.com' is set on object 'Object Repository/TripFocus/Page_TripFocus/input_Username (e.g. email address)_Username'

22-10-2025T11:19:02 - [MESSAGE][PASSED] - Text 'Ashford.Chenault+BleachtechCustomerSPGONLY@thekag.com' is set on object 'Object Repository/TripFocus/Page_TripFocus/input_Username (e.g. email address)_Username'

22-10-2025T11:19:02 - [TEST_STEP][PASSED] - setText(findTestObject("Object Repository/TripFocus/Page_TripFocus/input_Password_Password"), TripFocusFDGSPGPassword): Text 'CrashBan911!!' is set on object 'Object Repository/TripFocus/Page_TripFocus/input_Password_Password'

22-10-2025T11:19:02 - [MESSAGE][PASSED] - Text 'CrashBan911!!' is set on object 'Object Repository/TripFocus/Page_TripFocus/input_Password_Password'

22-10-2025T11:19:02 - [TEST_STEP][PASSED] - click(findTestObject("Object Repository/TripFocus/Page_TripFocus/button_Login")): Object: 'Object Repository/TripFocus/Page_TripFocus/button_Login' is clicked on

22-10-2025T11:19:02 - [MESSAGE][PASSED] - Object: 'Object Repository/TripFocus/Page_TripFocus/button_Login' is clicked on

22-10-2025T11:19:02 - [TEST_STEP][PASSED] - maximizeWindow(): Current window maximized

22-10-2025T11:19:02 - [MESSAGE][PASSED] - Current window maximized

22-10-2025T11:19:02 - [TEST_STEP][PASSED] - waitForElementVisible(findTestObject("TripFocus/Testing_Notification_btn"), 15, OPTIONAL): Web element with id: 'Object Repository/TripFocus/Testing_Notification_btn' located by '//*[@id="__BVID__10___BV_modal_footer_"]/button' not found

22-10-2025T11:19:18 - [MESSAGE][INFO] - Unable to find the element located by 'By.xpath: //*[@id="__BVID__10___BV_modal_footer_"]/button'. Please recheck the objects properties to make sure the desired element is located. 

22-10-2025T11:19:18 - [MESSAGE][WARNING] - [SELF-HEALING] Failed to find element with id 'Object Repository/TripFocus/Testing_Notification_btn'. Try using Self-healing.

22-10-2025T11:19:19 - [MESSAGE][INFO] - [SELF-HEALING] No working XPath is found.

22-10-2025T11:19:21 - [MESSAGE][INFO] - Unable to find the element located by 'By.xpath: '. Please recheck the objects properties to make sure the desired element is located. 

22-10-2025T11:19:21 - [MESSAGE][WARNING] - [SELF-HEALING] Cannot find elements when the selector is null

22-10-2025T11:19:21 - [MESSAGE][WARNING] - Web element with id: 'Object Repository/TripFocus/Testing_Notification_btn' located by '//*[@id="__BVID__10___BV_modal_footer_"]/button' not found

22-10-2025T11:19:21 - [TEST_STEP][PASSED] - if (verifyElementVisible(findTestObject("TripFocus/Testing_Notification_btn"), OPTIONAL) == true): Web element with id: 'Object Repository/TripFocus/Testing_Notification_btn' located by '//*[@id="__BVID__10___BV_modal_footer_"]/button' not found (Root cause: com.kms.katalon.core.exception.StepFailedException: Web element with id: 'Object Repository/TripFocus/Testing_Notification_btn' located by '//*[@id="__BVID__10___BV_modal_footer_"]/button' not found
	at com.kms.katalon.core.webui.keyword.internal.WebUIKeywordMain.stepFailed(WebUIKeywordMain.groovy:117)
	at com.kms.katalon.core.webui.keyword.builtin.VerifyElementVisibleKeyword$_verifyElementVisible_closure1.doCall(VerifyElementVisibleKeyword.groovy:89)
	at com.kms.katalon.core.webui.keyword.builtin.VerifyElementVisibleKeyword$_verifyElementVisible_closure1.call(VerifyElementVisibleKeyword.groovy)
	at com.kms.katalon.core.webui.keyword.internal.WebUIKeywordMain.runKeyword(WebUIKeywordMain.groovy:35)
	at com.kms.katalon.core.webui.keyword.builtin.VerifyElementVisibleKeyword.verifyElementVisible(VerifyElementVisibleKeyword.groovy:97)
	at com.kms.katalon.core.webui.keyword.builtin.VerifyElementVisibleKeyword.execute(VerifyElementVisibleKeyword.groovy:67)
	at com.kms.katalon.core.keyword.internal.KeywordExecutor.executeKeywordForPlatform(KeywordExecutor.groovy:74)
	at com.kms.katalon.core.webui.keyword.WebUiBuiltInKeywords.verifyElementVisible(WebUiBuiltInKeywords.groovy:401)
	at com.kms.katalon.core.webui.keyword.WebUiBuiltInKeywords$verifyElementVisible$5.call(Unknown Source)
	at Add Consignee Data Restrictions.run(Add Consignee Data Restrictions:38)
	at com.kms.katalon.core.main.ScriptEngine.run(ScriptEngine.java:194)
	at com.kms.katalon.core.main.ScriptEngine.runScriptAsRawText(ScriptEngine.java:119)
	at com.kms.katalon.core.main.TestCaseExecutor.runScript(TestCaseExecutor.java:448)
	at com.kms.katalon.core.main.TestCaseExecutor.doExecute(TestCaseExecutor.java:439)
	at com.kms.katalon.core.main.TestCaseExecutor.processExecutionPhase(TestCaseExecutor.java:418)
	at com.kms.katalon.core.main.TestCaseExecutor.accessMainPhase(TestCaseExecutor.java:410)
	at com.kms.katalon.core.main.TestCaseExecutor.execute(TestCaseExecutor.java:285)
	at com.kms.katalon.core.common.CommonExecutor.accessTestCaseMainPhase(CommonExecutor.java:65)
	at com.kms.katalon.core.main.TestSuiteExecutor.accessTestSuiteMainPhase(TestSuiteExecutor.java:150)
	at com.kms.katalon.core.main.TestSuiteExecutor.execute(TestSuiteExecutor.java:106)
	at com.kms.katalon.core.main.TestCaseMain.startTestSuite(TestCaseMain.java:180)
	at com.kms.katalon.core.main.TestCaseMain$startTestSuite$0.call(Unknown Source)
	at TempTestSuite1761139108993.run(TempTestSuite1761139108993.groovy:35)
	at java.base/jdk.internal.reflect.NativeMethodAccessorImpl.invoke0(Native Method)
	at java.base/jdk.internal.reflect.NativeMethodAccessorImpl.invoke(NativeMethodAccessorImpl.java:77)
	at java.base/jdk.internal.reflect.DelegatingMethodAccessorImpl.invoke(DelegatingMethodAccessorImpl.java:43)
)

22-10-2025T11:19:37 - [MESSAGE][INFO] - Unable to find the element located by 'By.xpath: //*[@id="__BVID__10___BV_modal_footer_"]/button'. Please recheck the objects properties to make sure the desired element is located. 

22-10-2025T11:19:37 - [MESSAGE][WARNING] - [SELF-HEALING] Failed to find element with id 'Object Repository/TripFocus/Testing_Notification_btn'. Try using Self-healing.

22-10-2025T11:19:38 - [MESSAGE][INFO] - [SELF-HEALING] No working XPath is found.

22-10-2025T11:19:40 - [MESSAGE][INFO] - Unable to find the element located by 'By.xpath: '. Please recheck the objects properties to make sure the desired element is located. 

22-10-2025T11:19:40 - [MESSAGE][WARNING] - [SELF-HEALING] Cannot find elements when the selector is null

22-10-2025T11:19:40 - [MESSAGE][WARNING] - Web element with id: 'Object Repository/TripFocus/Testing_Notification_btn' located by '//*[@id="__BVID__10___BV_modal_footer_"]/button' not found (Root cause: com.kms.katalon.core.exception.StepFailedException: Web element with id: 'Object Repository/TripFocus/Testing_Notification_btn' located by '//*[@id="__BVID__10___BV_modal_footer_"]/button' not found
	at com.kms.katalon.core.webui.keyword.internal.WebUIKeywordMain.stepFailed(WebUIKeywordMain.groovy:117)
	at com.kms.katalon.core.webui.keyword.builtin.VerifyElementVisibleKeyword$_verifyElementVisible_closure1.doCall(VerifyElementVisibleKeyword.groovy:89)
	at com.kms.katalon.core.webui.keyword.builtin.VerifyElementVisibleKeyword$_verifyElementVisible_closure1.call(VerifyElementVisibleKeyword.groovy)
	at com.kms.katalon.core.webui.keyword.internal.WebUIKeywordMain.runKeyword(WebUIKeywordMain.groovy:35)
	at com.kms.katalon.core.webui.keyword.builtin.VerifyElementVisibleKeyword.verifyElementVisible(VerifyElementVisibleKeyword.groovy:97)
	at com.kms.katalon.core.webui.keyword.builtin.VerifyElementVisibleKeyword.execute(VerifyElementVisibleKeyword.groovy:67)
	at com.kms.katalon.core.keyword.internal.KeywordExecutor.executeKeywordForPlatform(KeywordExecutor.groovy:74)
	at com.kms.katalon.core.webui.keyword.WebUiBuiltInKeywords.verifyElementVisible(WebUiBuiltInKeywords.groovy:401)
	at com.kms.katalon.core.webui.keyword.WebUiBuiltInKeywords$verifyElementVisible$5.call(Unknown Source)
	at Add Consignee Data Restrictions.run(Add Consignee Data Restrictions:38)
	at com.kms.katalon.core.main.ScriptEngine.run(ScriptEngine.java:194)
	at com.kms.katalon.core.main.ScriptEngine.runScriptAsRawText(ScriptEngine.java:119)
	at com.kms.katalon.core.main.TestCaseExecutor.runScript(TestCaseExecutor.java:448)
	at com.kms.katalon.core.main.TestCaseExecutor.doExecute(TestCaseExecutor.java:439)
	at com.kms.katalon.core.main.TestCaseExecutor.processExecutionPhase(TestCaseExecutor.java:418)
	at com.kms.katalon.core.main.TestCaseExecutor.accessMainPhase(TestCaseExecutor.java:410)
	at com.kms.katalon.core.main.TestCaseExecutor.execute(TestCaseExecutor.java:285)
	at com.kms.katalon.core.common.CommonExecutor.accessTestCaseMainPhase(CommonExecutor.java:65)
	at com.kms.katalon.core.main.TestSuiteExecutor.accessTestSuiteMainPhase(TestSuiteExecutor.java:150)
	at com.kms.katalon.core.main.TestSuiteExecutor.execute(TestSuiteExecutor.java:106)
	at com.kms.katalon.core.main.TestCaseMain.startTestSuite(TestCaseMain.java:180)
	at com.kms.katalon.core.main.TestCaseMain$startTestSuite$0.call(Unknown Source)
	at TempTestSuite1761139108993.run(TempTestSuite1761139108993.groovy:35)
	at java.base/jdk.internal.reflect.NativeMethodAccessorImpl.invoke0(Native Method)
	at java.base/jdk.internal.reflect.NativeMethodAccessorImpl.invoke(NativeMethodAccessorImpl.java:77)
	at java.base/jdk.internal.reflect.DelegatingMethodAccessorImpl.invoke(DelegatingMethodAccessorImpl.java:43)
)

22-10-2025T11:19:40 - [TEST_STEP][PASSED] - click(findTestObject("Object Repository/TripFocus/Page_TripFocus/a_Users")): Object: 'Object Repository/TripFocus/Page_TripFocus/a_Users' is clicked on

22-10-2025T11:19:41 - [MESSAGE][PASSED] - Object: 'Object Repository/TripFocus/Page_TripFocus/a_Users' is clicked on

22-10-2025T11:19:41 - [TEST_STEP][PASSED] - delay(5): Delayed 5 second(s)

22-10-2025T11:19:46 - [MESSAGE][PASSED] - Delayed 5 second(s)

22-10-2025T11:19:46 - [TEST_STEP][PASSED] - setText(findTestObject("TripFocus/Users/User_Search_txt"), "ashfordSPGTesting"): Text 'ashfordSPGTesting' is set on object 'Object Repository/TripFocus/Users/User_Search_txt'

22-10-2025T11:19:46 - [MESSAGE][PASSED] - Text 'ashfordSPGTesting' is set on object 'Object Repository/TripFocus/Users/User_Search_txt'

22-10-2025T11:19:46 - [TEST_STEP][PASSED] - delay(2): Delayed 2 second(s)

22-10-2025T11:19:48 - [MESSAGE][PASSED] - Delayed 2 second(s)

22-10-2025T11:19:48 - [TEST_STEP][PASSED] - click(findTestObject("Object Repository/TripFocus/Page_TripFocus/button_Edit")): Object: 'Object Repository/TripFocus/Page_TripFocus/button_Edit' is clicked on

22-10-2025T11:19:48 - [MESSAGE][PASSED] - Object: 'Object Repository/TripFocus/Page_TripFocus/button_Edit' is clicked on

22-10-2025T11:19:48 - [TEST_STEP][PASSED] - delay(15): Delayed 15 second(s)

22-10-2025T11:20:03 - [MESSAGE][PASSED] - Delayed 15 second(s)

22-10-2025T11:20:03 - [TEST_STEP][PASSED] - click(findTestObject("TripFocus/Users/Data Restrictions/Data_Restrictions_tab")): Object: 'Object Repository/TripFocus/Users/Data Restrictions/Data_Restrictions_tab' is clicked on

22-10-2025T11:20:03 - [MESSAGE][PASSED] - Object: 'Object Repository/TripFocus/Users/Data Restrictions/Data_Restrictions_tab' is clicked on

22-10-2025T11:20:03 - [TEST_STEP][PASSED] - delay(2): Delayed 2 second(s)

22-10-2025T11:20:05 - [MESSAGE][PASSED] - Delayed 2 second(s)

22-10-2025T11:20:05 - [TEST_STEP][PASSED] - click(findTestObject("TripFocus/Users/Data Restrictions/Divisions_dropdown"), STOP_ON_FAILURE): Object: 'Object Repository/TripFocus/Users/Data Restrictions/Divisions_dropdown' is clicked on

22-10-2025T11:20:05 - [MESSAGE][PASSED] - Object: 'Object Repository/TripFocus/Users/Data Restrictions/Divisions_dropdown' is clicked on

22-10-2025T11:20:05 - [TEST_STEP][PASSED] - delay(1): Delayed 1 second(s)

22-10-2025T11:20:06 - [MESSAGE][PASSED] - Delayed 1 second(s)

22-10-2025T11:20:06 - [TEST_STEP][PASSED] - sendKeys(findTestObject("TripFocus/Users/Data Restrictions/Divisions_txt"), "SPG"): Keys 'SPG' sent to object: 'Object Repository/TripFocus/Users/Data Restrictions/Divisions_txt'

22-10-2025T11:20:07 - [MESSAGE][PASSED] - Keys 'SPG' sent to object: 'Object Repository/TripFocus/Users/Data Restrictions/Divisions_txt'

22-10-2025T11:20:07 - [TEST_STEP][PASSED] - delay(1): Delayed 1 second(s)

22-10-2025T11:20:08 - [MESSAGE][PASSED] - Delayed 1 second(s)

22-10-2025T11:20:08 - [TEST_STEP][PASSED] - sendKeys(findTestObject("TripFocus/Users/Data Restrictions/Divisions_txt"), Keys.chord(ENTER)): Keys 'ENTER + ' sent to object: 'Object Repository/TripFocus/Users/Data Restrictions/Divisions_txt'

22-10-2025T11:20:08 - [MESSAGE][PASSED] - Keys 'ENTER + ' sent to object: 'Object Repository/TripFocus/Users/Data Restrictions/Divisions_txt'

22-10-2025T11:20:08 - [TEST_STEP][PASSED] - delay(2): Delayed 2 second(s)

22-10-2025T11:20:10 - [MESSAGE][PASSED] - Delayed 2 second(s)

22-10-2025T11:20:10 - [TEST_STEP][PASSED] - click(findTestObject("TripFocus/Users/Data Restrictions/Consignee_dropdown"), STOP_ON_FAILURE): Object: 'Object Repository/TripFocus/Users/Data Restrictions/Consignee_dropdown' is clicked on

22-10-2025T11:20:10 - [MESSAGE][PASSED] - Object: 'Object Repository/TripFocus/Users/Data Restrictions/Consignee_dropdown' is clicked on

22-10-2025T11:20:10 - [TEST_STEP][PASSED] - delay(3): Delayed 3 second(s)

22-10-2025T11:20:13 - [MESSAGE][PASSED] - Delayed 3 second(s)

22-10-2025T11:20:13 - [TEST_STEP][PASSED] - sendKeys(findTestObject("TripFocus/Users/Data Restrictions/Consignee_txt"), "ACM"): Keys 'ACM' sent to object: 'Object Repository/TripFocus/Users/Data Restrictions/Consignee_txt'

22-10-2025T11:20:13 - [MESSAGE][PASSED] - Keys 'ACM' sent to object: 'Object Repository/TripFocus/Users/Data Restrictions/Consignee_txt'

22-10-2025T11:20:13 - [TEST_STEP][PASSED] - delay(15): Delayed 15 second(s)

22-10-2025T11:20:28 - [MESSAGE][PASSED] - Delayed 15 second(s)

22-10-2025T11:20:28 - [TEST_STEP][PASSED] - sendKeys(findTestObject("TripFocus/Users/Data Restrictions/Consignee_txt"), Keys.chord(ENTER)): Keys 'ENTER + ' sent to object: 'Object Repository/TripFocus/Users/Data Restrictions/Consignee_txt'

22-10-2025T11:20:28 - [MESSAGE][PASSED] - Keys 'ENTER + ' sent to object: 'Object Repository/TripFocus/Users/Data Restrictions/Consignee_txt'

22-10-2025T11:20:28 - [TEST_STEP][PASSED] - delay(1): Delayed 1 second(s)

22-10-2025T11:20:29 - [MESSAGE][PASSED] - Delayed 1 second(s)

22-10-2025T11:20:29 - [TEST_STEP][PASSED] - click(findTestObject("TripFocus/Users/Data Restrictions/Preview_Data_Restrictions_btn"), STOP_ON_FAILURE): Object: 'Object Repository/TripFocus/Users/Data Restrictions/Preview_Data_Restrictions_btn' is clicked on

22-10-2025T11:20:29 - [MESSAGE][PASSED] - Object: 'Object Repository/TripFocus/Users/Data Restrictions/Preview_Data_Restrictions_btn' is clicked on

22-10-2025T11:20:29 - [TEST_STEP][PASSED] - waitForElementVisible(findTestObject("TripFocus/Users/Data Restrictions/Preview_Data_Restrictions_btn"), 10): Object 'Object Repository/TripFocus/Users/Data Restrictions/Preview_Data_Restrictions_btn' is visible

22-10-2025T11:20:29 - [MESSAGE][PASSED] - Object 'Object Repository/TripFocus/Users/Data Restrictions/Preview_Data_Restrictions_btn' is visible

22-10-2025T11:20:29 - [TEST_STEP][PASSED] - click(findTestObject("TripFocus/Users/Data Restrictions/Save_Data_Restrictions_btn"), STOP_ON_FAILURE): Object: 'Object Repository/TripFocus/Users/Data Restrictions/Save_Data_Restrictions_btn' is clicked on

22-10-2025T11:20:29 - [MESSAGE][PASSED] - Object: 'Object Repository/TripFocus/Users/Data Restrictions/Save_Data_Restrictions_btn' is clicked on

22-10-2025T11:20:29 - [TEST_STEP][PASSED] - delay(1): Delayed 1 second(s)

22-10-2025T11:20:30 - [MESSAGE][PASSED] - Delayed 1 second(s)

22-10-2025T11:20:30 - [TEST_STEP][PASSED] - verifyElementPresent(findTestObject("TripFocus/Toasty_Message"), 10): Object 'Object Repository/TripFocus/Toasty_Message' is present

22-10-2025T11:20:30 - [MESSAGE][PASSED] - Object 'Object Repository/TripFocus/Toasty_Message' is present

22-10-2025T11:20:30 - [TEST_STEP][PASSED] - verifyElementText(findTestObject("TripFocus/Toasty_Message"), "User Data Restrictions added successfully."): Actual text and expected text of test object 'Object Repository/TripFocus/Toasty_Message' are matched.

22-10-2025T11:20:30 - [MESSAGE][PASSED] - Actual text and expected text of test object 'Object Repository/TripFocus/Toasty_Message' are matched.

22-10-2025T11:20:30 - [TEST_STEP][PASSED] - delay(2): Delayed 2 second(s)

22-10-2025T11:20:32 - [MESSAGE][PASSED] - Delayed 2 second(s)

22-10-2025T11:20:32 - [TEST_STEP][PASSED] - click(findTestObject("TripFocus/Users/Data Restrictions/Data_Restrictions_tab")): Object: 'Object Repository/TripFocus/Users/Data Restrictions/Data_Restrictions_tab' is clicked on

22-10-2025T11:20:32 - [MESSAGE][PASSED] - Object: 'Object Repository/TripFocus/Users/Data Restrictions/Data_Restrictions_tab' is clicked on

22-10-2025T11:20:32 - [TEST_STEP][PASSED] - delay(2): Delayed 2 second(s)

22-10-2025T11:20:34 - [MESSAGE][PASSED] - Delayed 2 second(s)

22-10-2025T11:20:34 - [TEST_STEP][PASSED] - click(findTestObject("TripFocus/Users/Data Restrictions/Delete_Restriction_btn")): Object: 'Object Repository/TripFocus/Users/Data Restrictions/Delete_Restriction_btn' is clicked on

22-10-2025T11:20:34 - [MESSAGE][PASSED] - Object: 'Object Repository/TripFocus/Users/Data Restrictions/Delete_Restriction_btn' is clicked on

22-10-2025T11:20:34 - [TEST_STEP][PASSED] - Start listener action : retryOnDisconnect: null

22-10-2025T11:20:34 - [TEST_STEP][PASSED] - tcId = testCaseContext.getTestCaseId(): null

22-10-2025T11:20:34 - [TEST_STEP][PASSED] - currentRetry = retryCounts.getOrDefault(tcId, 0): null

22-10-2025T11:20:34 - [TEST_STEP][PASSED] - if (testCaseContext.getTestCaseStatus() == "FAILED" && currentRetry < MAX_RETRIES): null]]></system-out>
         <system-err><![CDATA[]]></system-err>
      </testcase>
      <testcase name="Test Cases/TripFocus/SPG/SPG - UserPage/Edit/Data Restrictions/Add Divisions Data Restrictions" time="99.46" classname="Test Cases/TripFocus/SPG/SPG - UserPage/Edit/Data Restrictions/Add Divisions Data Restrictions" status="FAILED">
         <failure type="FAILED" message="Test Cases/TripFocus/SPG/SPG - UserPage/Edit/Data Restrictions/Add Divisions Data Restrictions FAILED.&#xa;Reason:&#xa;com.kms.katalon.core.exception.StepFailedException: Unable to click on object 'Object Repository/TripFocus/Users/Data Restrictions/Data_Restrictions_tab'&#xa;	at com.kms.katalon.core.webui.keyword.internal.WebUIKeywordMain.stepFailed(WebUIKeywordMain.groovy:117)&#xa;	at com.kms.katalon.core.webui.keyword.internal.WebUIKeywordMain.runKeyword(WebUIKeywordMain.groovy:43)&#xa;	at com.kms.katalon.core.webui.keyword.builtin.ClickKeyword.click(ClickKeyword.groovy:74)&#xa;	at com.kms.katalon.core.webui.keyword.builtin.ClickKeyword.execute(ClickKeyword.groovy:40)&#xa;	at com.kms.katalon.core.keyword.internal.KeywordExecutor.executeKeywordForPlatform(KeywordExecutor.groovy:74)&#xa;	at com.kms.katalon.core.webui.keyword.WebUiBuiltInKeywords.click(WebUiBuiltInKeywords.groovy:659)&#xa;	at com.kms.katalon.core.webui.keyword.WebUiBuiltInKeywords$click$1.call(Unknown Source)&#xa;	at Add Divisions Data Restrictions.run(Add Divisions Data Restrictions:56)&#xa;	at com.kms.katalon.core.main.ScriptEngine.run(ScriptEngine.java:194)&#xa;	at com.kms.katalon.core.main.ScriptEngine.runScriptAsRawText(ScriptEngine.java:119)&#xa;	at com.kms.katalon.core.main.TestCaseExecutor.runScript(TestCaseExecutor.java:448)&#xa;	at com.kms.katalon.core.main.TestCaseExecutor.doExecute(TestCaseExecutor.java:439)&#xa;	at com.kms.katalon.core.main.TestCaseExecutor.processExecutionPhase(TestCaseExecutor.java:418)&#xa;	at com.kms.katalon.core.main.TestCaseExecutor.accessMainPhase(TestCaseExecutor.java:410)&#xa;	at com.kms.katalon.core.main.TestCaseExecutor.execute(TestCaseExecutor.java:285)&#xa;	at com.kms.katalon.core.common.CommonExecutor.accessTestCaseMainPhase(CommonExecutor.java:65)&#xa;	at com.kms.katalon.core.main.TestSuiteExecutor.accessTestSuiteMainPhase(TestSuiteExecutor.java:150)&#xa;	at com.kms.katalon.core.main.TestSuiteExecutor.execute(TestSuiteExecutor.java:106)&#xa;	at com.kms.katalon.core.main.TestCaseMain.startTestSuite(TestCaseMain.java:180)&#xa;	at com.kms.katalon.core.main.TestCaseMain$startTestSuite$0.call(Unknown Source)&#xa;	at TempTestSuite1761139108993.run(TempTestSuite1761139108993.groovy:35)&#xa;	at java.base/jdk.internal.reflect.NativeMethodAccessorImpl.invoke0(Native Method)&#xa;	at java.base/jdk.internal.reflect.NativeMethodAccessorImpl.invoke(NativeMethodAccessorImpl.java:77)&#xa;	at java.base/jdk.internal.reflect.DelegatingMethodAccessorImpl.invoke(DelegatingMethodAccessorImpl.java:43)&#xa;Caused by: com.kms.katalon.core.webui.exception.WebElementNotFoundException: Web element with id: 'Object Repository/TripFocus/Users/Data Restrictions/Data_Restrictions_tab' located by '/html/body/div/div[2]/div/main/div/div[2]/div/div/div/div[3]/div[1]/ul/li[3]/a' not found&#xa;	at com.kms.katalon.core.webui.common.WebUiCommonHelper.findWebElement(WebUiCommonHelper.java:1423)&#xa;	at com.kms.katalon.core.webui.keyword.internal.WebUIAbstractKeyword.findWebElement(WebUIAbstractKeyword.groovy:27)&#xa;	at com.kms.katalon.core.webui.keyword.builtin.ClickKeyword$_click_closure1.doCall(ClickKeyword.groovy:65)&#xa;	at com.kms.katalon.core.webui.keyword.builtin.ClickKeyword$_click_closure1.call(ClickKeyword.groovy)&#xa;	at com.kms.katalon.core.webui.keyword.internal.WebUIKeywordMain.runKeyword(WebUIKeywordMain.groovy:35)&#xa;	... 22 more&#xa;"/>
         <system-out><![CDATA[22-10-2025T11:20:34 - [TEST_CASE][FAILED] - Test Cases/TripFocus/SPG/SPG - UserPage/Edit/Data Restrictions/Add Divisions Data Restrictions: Test Cases/TripFocus/SPG/SPG - UserPage/Edit/Data Restrictions/Add Divisions Data Restrictions FAILED.
Reason:
com.kms.katalon.core.exception.StepFailedException: Unable to click on object 'Object Repository/TripFocus/Users/Data Restrictions/Data_Restrictions_tab'
	at com.kms.katalon.core.webui.keyword.internal.WebUIKeywordMain.stepFailed(WebUIKeywordMain.groovy:117)
	at com.kms.katalon.core.webui.keyword.internal.WebUIKeywordMain.runKeyword(WebUIKeywordMain.groovy:43)
	at com.kms.katalon.core.webui.keyword.builtin.ClickKeyword.click(ClickKeyword.groovy:74)
	at com.kms.katalon.core.webui.keyword.builtin.ClickKeyword.execute(ClickKeyword.groovy:40)
	at com.kms.katalon.core.keyword.internal.KeywordExecutor.executeKeywordForPlatform(KeywordExecutor.groovy:74)
	at com.kms.katalon.core.webui.keyword.WebUiBuiltInKeywords.click(WebUiBuiltInKeywords.groovy:659)
	at com.kms.katalon.core.webui.keyword.WebUiBuiltInKeywords$click$1.call(Unknown Source)
	at Add Divisions Data Restrictions.run(Add Divisions Data Restrictions:56)
	at com.kms.katalon.core.main.ScriptEngine.run(ScriptEngine.java:194)
	at com.kms.katalon.core.main.ScriptEngine.runScriptAsRawText(ScriptEngine.java:119)
	at com.kms.katalon.core.main.TestCaseExecutor.runScript(TestCaseExecutor.java:448)
	at com.kms.katalon.core.main.TestCaseExecutor.doExecute(TestCaseExecutor.java:439)
	at com.kms.katalon.core.main.TestCaseExecutor.processExecutionPhase(TestCaseExecutor.java:418)
	at com.kms.katalon.core.main.TestCaseExecutor.accessMainPhase(TestCaseExecutor.java:410)
	at com.kms.katalon.core.main.TestCaseExecutor.execute(TestCaseExecutor.java:285)
	at com.kms.katalon.core.common.CommonExecutor.accessTestCaseMainPhase(CommonExecutor.java:65)
	at com.kms.katalon.core.main.TestSuiteExecutor.accessTestSuiteMainPhase(TestSuiteExecutor.java:150)
	at com.kms.katalon.core.main.TestSuiteExecutor.execute(TestSuiteExecutor.java:106)
	at com.kms.katalon.core.main.TestCaseMain.startTestSuite(TestCaseMain.java:180)
	at com.kms.katalon.core.main.TestCaseMain$startTestSuite$0.call(Unknown Source)
	at TempTestSuite1761139108993.run(TempTestSuite1761139108993.groovy:35)
	at java.base/jdk.internal.reflect.NativeMethodAccessorImpl.invoke0(Native Method)
	at java.base/jdk.internal.reflect.NativeMethodAccessorImpl.invoke(NativeMethodAccessorImpl.java:77)
	at java.base/jdk.internal.reflect.DelegatingMethodAccessorImpl.invoke(DelegatingMethodAccessorImpl.java:43)
Caused by: com.kms.katalon.core.webui.exception.WebElementNotFoundException: Web element with id: 'Object Repository/TripFocus/Users/Data Restrictions/Data_Restrictions_tab' located by '/html/body/div/div[2]/div/main/div/div[2]/div/div/div/div[3]/div[1]/ul/li[3]/a' not found
	at com.kms.katalon.core.webui.common.WebUiCommonHelper.findWebElement(WebUiCommonHelper.java:1423)
	at com.kms.katalon.core.webui.keyword.internal.WebUIAbstractKeyword.findWebElement(WebUIAbstractKeyword.groovy:27)
	at com.kms.katalon.core.webui.keyword.builtin.ClickKeyword$_click_closure1.doCall(ClickKeyword.groovy:65)
	at com.kms.katalon.core.webui.keyword.builtin.ClickKeyword$_click_closure1.call(ClickKeyword.groovy)
	at com.kms.katalon.core.webui.keyword.internal.WebUIKeywordMain.runKeyword(WebUIKeywordMain.groovy:35)
	... 22 more


22-10-2025T11:20:34 - [TEST_STEP][PASSED] - Start listener action : beforeTestCase: null

22-10-2025T11:20:34 - [TEST_STEP][PASSED] - addDefaultPackages(): null

22-10-2025T11:20:34 - [TEST_STEP][PASSED] - openBrowser(""): Browser is opened with url: ''

22-10-2025T11:20:34 - [MESSAGE][WARNING] - A browser is already opened. Closing browser and opening a new one

22-10-2025T11:20:35 - [MESSAGE][INFO] - Starting 'Chrome' driver

22-10-2025T11:20:35 - [MESSAGE][INFO] - User set preference: ['args', '[--no-sandbox, --disable-gpu, --disable-dev-shm-usage]']

22-10-2025T11:20:35 - [MESSAGE][INFO] - Action delay is set to 0 milliseconds

22-10-2025T11:20:36 - [MESSAGE][PASSED] - Browser is opened with url: ''

22-10-2025T11:20:36 - [TEST_STEP][PASSED] - navigateToUrl(TFBaseURL): Navigate to 'https://www.qa.tripfocus.com' successfully

22-10-2025T11:20:36 - [MESSAGE][PASSED] - Navigate to 'https://www.qa.tripfocus.com' successfully

22-10-2025T11:20:36 - [TEST_STEP][PASSED] - click(findTestObject("Object Repository/TripFocus/Page_TripFocus/button_Sign in")): Object: 'Object Repository/TripFocus/Page_TripFocus/button_Sign in' is clicked on

22-10-2025T11:20:36 - [MESSAGE][PASSED] - Object: 'Object Repository/TripFocus/Page_TripFocus/button_Sign in' is clicked on

22-10-2025T11:20:36 - [TEST_STEP][PASSED] - setText(findTestObject("Object Repository/TripFocus/Page_TripFocus/input_Username (e.g. email address)_Username"), TripFocusBleachTechSPGUsername): Text 'Ashford.Chenault+BleachtechCustomerSPGONLY@thekag.com' is set on object 'Object Repository/TripFocus/Page_TripFocus/input_Username (e.g. email address)_Username'

22-10-2025T11:20:37 - [MESSAGE][PASSED] - Text 'Ashford.Chenault+BleachtechCustomerSPGONLY@thekag.com' is set on object 'Object Repository/TripFocus/Page_TripFocus/input_Username (e.g. email address)_Username'

22-10-2025T11:20:37 - [TEST_STEP][PASSED] - setText(findTestObject("Object Repository/TripFocus/Page_TripFocus/input_Password_Password"), TripFocusFDGSPGPassword): Text 'CrashBan911!!' is set on object 'Object Repository/TripFocus/Page_TripFocus/input_Password_Password'

22-10-2025T11:20:37 - [MESSAGE][PASSED] - Text 'CrashBan911!!' is set on object 'Object Repository/TripFocus/Page_TripFocus/input_Password_Password'

22-10-2025T11:20:37 - [TEST_STEP][PASSED] - click(findTestObject("Object Repository/TripFocus/Page_TripFocus/button_Login")): Object: 'Object Repository/TripFocus/Page_TripFocus/button_Login' is clicked on

22-10-2025T11:20:37 - [MESSAGE][PASSED] - Object: 'Object Repository/TripFocus/Page_TripFocus/button_Login' is clicked on

22-10-2025T11:20:37 - [TEST_STEP][PASSED] - maximizeWindow(): Current window maximized

22-10-2025T11:20:37 - [MESSAGE][PASSED] - Current window maximized

22-10-2025T11:20:37 - [TEST_STEP][PASSED] - waitForElementVisible(findTestObject("TripFocus/Testing_Notification_btn"), 15, OPTIONAL): Web element with id: 'Object Repository/TripFocus/Testing_Notification_btn' located by '//*[@id="__BVID__10___BV_modal_footer_"]/button' not found

22-10-2025T11:20:53 - [MESSAGE][INFO] - Unable to find the element located by 'By.xpath: //*[@id="__BVID__10___BV_modal_footer_"]/button'. Please recheck the objects properties to make sure the desired element is located. 

22-10-2025T11:20:54 - [MESSAGE][WARNING] - [SELF-HEALING] Failed to find element with id 'Object Repository/TripFocus/Testing_Notification_btn'. Try using Self-healing.

22-10-2025T11:20:55 - [MESSAGE][INFO] - [SELF-HEALING] No working XPath is found.

22-10-2025T11:20:57 - [MESSAGE][INFO] - Unable to find the element located by 'By.xpath: '. Please recheck the objects properties to make sure the desired element is located. 

22-10-2025T11:20:57 - [MESSAGE][WARNING] - [SELF-HEALING] Cannot find elements when the selector is null

22-10-2025T11:20:57 - [MESSAGE][WARNING] - Web element with id: 'Object Repository/TripFocus/Testing_Notification_btn' located by '//*[@id="__BVID__10___BV_modal_footer_"]/button' not found

22-10-2025T11:20:57 - [TEST_STEP][PASSED] - if (verifyElementVisible(findTestObject("TripFocus/Testing_Notification_btn"), OPTIONAL) == true): Web element with id: 'Object Repository/TripFocus/Testing_Notification_btn' located by '//*[@id="__BVID__10___BV_modal_footer_"]/button' not found (Root cause: com.kms.katalon.core.exception.StepFailedException: Web element with id: 'Object Repository/TripFocus/Testing_Notification_btn' located by '//*[@id="__BVID__10___BV_modal_footer_"]/button' not found
	at com.kms.katalon.core.webui.keyword.internal.WebUIKeywordMain.stepFailed(WebUIKeywordMain.groovy:117)
	at com.kms.katalon.core.webui.keyword.builtin.VerifyElementVisibleKeyword$_verifyElementVisible_closure1.doCall(VerifyElementVisibleKeyword.groovy:89)
	at com.kms.katalon.core.webui.keyword.builtin.VerifyElementVisibleKeyword$_verifyElementVisible_closure1.call(VerifyElementVisibleKeyword.groovy)
	at com.kms.katalon.core.webui.keyword.internal.WebUIKeywordMain.runKeyword(WebUIKeywordMain.groovy:35)
	at com.kms.katalon.core.webui.keyword.builtin.VerifyElementVisibleKeyword.verifyElementVisible(VerifyElementVisibleKeyword.groovy:97)
	at com.kms.katalon.core.webui.keyword.builtin.VerifyElementVisibleKeyword.execute(VerifyElementVisibleKeyword.groovy:67)
	at com.kms.katalon.core.keyword.internal.KeywordExecutor.executeKeywordForPlatform(KeywordExecutor.groovy:74)
	at com.kms.katalon.core.webui.keyword.WebUiBuiltInKeywords.verifyElementVisible(WebUiBuiltInKeywords.groovy:401)
	at com.kms.katalon.core.webui.keyword.WebUiBuiltInKeywords$verifyElementVisible$5.call(Unknown Source)
	at Add Divisions Data Restrictions.run(Add Divisions Data Restrictions:38)
	at com.kms.katalon.core.main.ScriptEngine.run(ScriptEngine.java:194)
	at com.kms.katalon.core.main.ScriptEngine.runScriptAsRawText(ScriptEngine.java:119)
	at com.kms.katalon.core.main.TestCaseExecutor.runScript(TestCaseExecutor.java:448)
	at com.kms.katalon.core.main.TestCaseExecutor.doExecute(TestCaseExecutor.java:439)
	at com.kms.katalon.core.main.TestCaseExecutor.processExecutionPhase(TestCaseExecutor.java:418)
	at com.kms.katalon.core.main.TestCaseExecutor.accessMainPhase(TestCaseExecutor.java:410)
	at com.kms.katalon.core.main.TestCaseExecutor.execute(TestCaseExecutor.java:285)
	at com.kms.katalon.core.common.CommonExecutor.accessTestCaseMainPhase(CommonExecutor.java:65)
	at com.kms.katalon.core.main.TestSuiteExecutor.accessTestSuiteMainPhase(TestSuiteExecutor.java:150)
	at com.kms.katalon.core.main.TestSuiteExecutor.execute(TestSuiteExecutor.java:106)
	at com.kms.katalon.core.main.TestCaseMain.startTestSuite(TestCaseMain.java:180)
	at com.kms.katalon.core.main.TestCaseMain$startTestSuite$0.call(Unknown Source)
	at TempTestSuite1761139108993.run(TempTestSuite1761139108993.groovy:35)
	at java.base/jdk.internal.reflect.NativeMethodAccessorImpl.invoke0(Native Method)
	at java.base/jdk.internal.reflect.NativeMethodAccessorImpl.invoke(NativeMethodAccessorImpl.java:77)
	at java.base/jdk.internal.reflect.DelegatingMethodAccessorImpl.invoke(DelegatingMethodAccessorImpl.java:43)
)

22-10-2025T11:21:13 - [MESSAGE][INFO] - Unable to find the element located by 'By.xpath: //*[@id="__BVID__10___BV_modal_footer_"]/button'. Please recheck the objects properties to make sure the desired element is located. 

22-10-2025T11:21:13 - [MESSAGE][WARNING] - [SELF-HEALING] Failed to find element with id 'Object Repository/TripFocus/Testing_Notification_btn'. Try using Self-healing.

22-10-2025T11:21:14 - [MESSAGE][INFO] - [SELF-HEALING] No working XPath is found.

22-10-2025T11:21:16 - [MESSAGE][INFO] - Unable to find the element located by 'By.xpath: '. Please recheck the objects properties to make sure the desired element is located. 

22-10-2025T11:21:16 - [MESSAGE][WARNING] - [SELF-HEALING] Cannot find elements when the selector is null

22-10-2025T11:21:16 - [MESSAGE][WARNING] - Web element with id: 'Object Repository/TripFocus/Testing_Notification_btn' located by '//*[@id="__BVID__10___BV_modal_footer_"]/button' not found (Root cause: com.kms.katalon.core.exception.StepFailedException: Web element with id: 'Object Repository/TripFocus/Testing_Notification_btn' located by '//*[@id="__BVID__10___BV_modal_footer_"]/button' not found
	at com.kms.katalon.core.webui.keyword.internal.WebUIKeywordMain.stepFailed(WebUIKeywordMain.groovy:117)
	at com.kms.katalon.core.webui.keyword.builtin.VerifyElementVisibleKeyword$_verifyElementVisible_closure1.doCall(VerifyElementVisibleKeyword.groovy:89)
	at com.kms.katalon.core.webui.keyword.builtin.VerifyElementVisibleKeyword$_verifyElementVisible_closure1.call(VerifyElementVisibleKeyword.groovy)
	at com.kms.katalon.core.webui.keyword.internal.WebUIKeywordMain.runKeyword(WebUIKeywordMain.groovy:35)
	at com.kms.katalon.core.webui.keyword.builtin.VerifyElementVisibleKeyword.verifyElementVisible(VerifyElementVisibleKeyword.groovy:97)
	at com.kms.katalon.core.webui.keyword.builtin.VerifyElementVisibleKeyword.execute(VerifyElementVisibleKeyword.groovy:67)
	at com.kms.katalon.core.keyword.internal.KeywordExecutor.executeKeywordForPlatform(KeywordExecutor.groovy:74)
	at com.kms.katalon.core.webui.keyword.WebUiBuiltInKeywords.verifyElementVisible(WebUiBuiltInKeywords.groovy:401)
	at com.kms.katalon.core.webui.keyword.WebUiBuiltInKeywords$verifyElementVisible$5.call(Unknown Source)
	at Add Divisions Data Restrictions.run(Add Divisions Data Restrictions:38)
	at com.kms.katalon.core.main.ScriptEngine.run(ScriptEngine.java:194)
	at com.kms.katalon.core.main.ScriptEngine.runScriptAsRawText(ScriptEngine.java:119)
	at com.kms.katalon.core.main.TestCaseExecutor.runScript(TestCaseExecutor.java:448)
	at com.kms.katalon.core.main.TestCaseExecutor.doExecute(TestCaseExecutor.java:439)
	at com.kms.katalon.core.main.TestCaseExecutor.processExecutionPhase(TestCaseExecutor.java:418)
	at com.kms.katalon.core.main.TestCaseExecutor.accessMainPhase(TestCaseExecutor.java:410)
	at com.kms.katalon.core.main.TestCaseExecutor.execute(TestCaseExecutor.java:285)
	at com.kms.katalon.core.common.CommonExecutor.accessTestCaseMainPhase(CommonExecutor.java:65)
	at com.kms.katalon.core.main.TestSuiteExecutor.accessTestSuiteMainPhase(TestSuiteExecutor.java:150)
	at com.kms.katalon.core.main.TestSuiteExecutor.execute(TestSuiteExecutor.java:106)
	at com.kms.katalon.core.main.TestCaseMain.startTestSuite(TestCaseMain.java:180)
	at com.kms.katalon.core.main.TestCaseMain$startTestSuite$0.call(Unknown Source)
	at TempTestSuite1761139108993.run(TempTestSuite1761139108993.groovy:35)
	at java.base/jdk.internal.reflect.NativeMethodAccessorImpl.invoke0(Native Method)
	at java.base/jdk.internal.reflect.NativeMethodAccessorImpl.invoke(NativeMethodAccessorImpl.java:77)
	at java.base/jdk.internal.reflect.DelegatingMethodAccessorImpl.invoke(DelegatingMethodAccessorImpl.java:43)
)

22-10-2025T11:21:16 - [TEST_STEP][PASSED] - click(findTestObject("Object Repository/TripFocus/Page_TripFocus/a_Users")): Object: 'Object Repository/TripFocus/Page_TripFocus/a_Users' is clicked on

22-10-2025T11:21:16 - [MESSAGE][PASSED] - Object: 'Object Repository/TripFocus/Page_TripFocus/a_Users' is clicked on

22-10-2025T11:21:16 - [TEST_STEP][PASSED] - delay(5): Delayed 5 second(s)

22-10-2025T11:21:21 - [MESSAGE][PASSED] - Delayed 5 second(s)

22-10-2025T11:21:21 - [TEST_STEP][PASSED] - setText(findTestObject("TripFocus/Users/User_Search_txt"), "ashfordFDGTesting"): Text 'ashfordFDGTesting' is set on object 'Object Repository/TripFocus/Users/User_Search_txt'

22-10-2025T11:21:21 - [MESSAGE][PASSED] - Text 'ashfordFDGTesting' is set on object 'Object Repository/TripFocus/Users/User_Search_txt'

22-10-2025T11:21:21 - [TEST_STEP][PASSED] - delay(2): Delayed 2 second(s)

22-10-2025T11:21:23 - [MESSAGE][PASSED] - Delayed 2 second(s)

22-10-2025T11:21:23 - [TEST_STEP][PASSED] - click(findTestObject("Object Repository/TripFocus/Page_TripFocus/button_Edit")): Object: 'Object Repository/TripFocus/Page_TripFocus/button_Edit' is clicked on

22-10-2025T11:21:39 - [MESSAGE][INFO] - Unable to find the element located by 'By.xpath: /html/body/div/div[2]/div/main/div/div[2]/div[3]/div/div/div[4]/div/div/table/tbody/tr[1]/td[6]/button[1]'. Please recheck the objects properties to make sure the desired element is located. 

22-10-2025T11:21:39 - [MESSAGE][WARNING] - [SELF-HEALING] Failed to find element with id 'Object Repository/TripFocus/Page_TripFocus/button_Edit'. Try using Self-healing.

22-10-2025T11:21:39 - [MESSAGE][WARNING] - [SELF-HEALING] The current locator of test object 'Object Repository/TripFocus/Page_TripFocus/button_Edit' was broken. Propose an alternative one: '(.//*[normalize-space(text()) and normalize-space(.)='‹'])[1]/preceding::button[2]'.

22-10-2025T11:21:39 - [MESSAGE][PASSED] - Object: 'Object Repository/TripFocus/Page_TripFocus/button_Edit' is clicked on

22-10-2025T11:21:39 - [TEST_STEP][PASSED] - delay(15): Delayed 15 second(s)

22-10-2025T11:21:54 - [MESSAGE][PASSED] - Delayed 15 second(s)

22-10-2025T11:21:54 - [TEST_STEP][FAILED] - click(findTestObject("TripFocus/Users/Data Restrictions/Data_Restrictions_tab")): Unable to click on object 'Object Repository/TripFocus/Users/Data Restrictions/Data_Restrictions_tab' (Root cause: com.kms.katalon.core.exception.StepFailedException: Unable to click on object 'Object Repository/TripFocus/Users/Data Restrictions/Data_Restrictions_tab'
	at com.kms.katalon.core.webui.keyword.internal.WebUIKeywordMain.stepFailed(WebUIKeywordMain.groovy:117)
	at com.kms.katalon.core.webui.keyword.internal.WebUIKeywordMain.runKeyword(WebUIKeywordMain.groovy:43)
	at com.kms.katalon.core.webui.keyword.builtin.ClickKeyword.click(ClickKeyword.groovy:74)
	at com.kms.katalon.core.webui.keyword.builtin.ClickKeyword.execute(ClickKeyword.groovy:40)
	at com.kms.katalon.core.keyword.internal.KeywordExecutor.executeKeywordForPlatform(KeywordExecutor.groovy:74)
	at com.kms.katalon.core.webui.keyword.WebUiBuiltInKeywords.click(WebUiBuiltInKeywords.groovy:659)
	at com.kms.katalon.core.webui.keyword.WebUiBuiltInKeywords$click$1.call(Unknown Source)
	at Add Divisions Data Restrictions.run(Add Divisions Data Restrictions:56)
	at com.kms.katalon.core.main.ScriptEngine.run(ScriptEngine.java:194)
	at com.kms.katalon.core.main.ScriptEngine.runScriptAsRawText(ScriptEngine.java:119)
	at com.kms.katalon.core.main.TestCaseExecutor.runScript(TestCaseExecutor.java:448)
	at com.kms.katalon.core.main.TestCaseExecutor.doExecute(TestCaseExecutor.java:439)
	at com.kms.katalon.core.main.TestCaseExecutor.processExecutionPhase(TestCaseExecutor.java:418)
	at com.kms.katalon.core.main.TestCaseExecutor.accessMainPhase(TestCaseExecutor.java:410)
	at com.kms.katalon.core.main.TestCaseExecutor.execute(TestCaseExecutor.java:285)
	at com.kms.katalon.core.common.CommonExecutor.accessTestCaseMainPhase(CommonExecutor.java:65)
	at com.kms.katalon.core.main.TestSuiteExecutor.accessTestSuiteMainPhase(TestSuiteExecutor.java:150)
	at com.kms.katalon.core.main.TestSuiteExecutor.execute(TestSuiteExecutor.java:106)
	at com.kms.katalon.core.main.TestCaseMain.startTestSuite(TestCaseMain.java:180)
	at com.kms.katalon.core.main.TestCaseMain$startTestSuite$0.call(Unknown Source)
	at TempTestSuite1761139108993.run(TempTestSuite1761139108993.groovy:35)
	at java.base/jdk.internal.reflect.NativeMethodAccessorImpl.invoke0(Native Method)
	at java.base/jdk.internal.reflect.NativeMethodAccessorImpl.invoke(NativeMethodAccessorImpl.java:77)
	at java.base/jdk.internal.reflect.DelegatingMethodAccessorImpl.invoke(DelegatingMethodAccessorImpl.java:43)
Caused by: com.kms.katalon.core.webui.exception.WebElementNotFoundException: Web element with id: 'Object Repository/TripFocus/Users/Data Restrictions/Data_Restrictions_tab' located by '/html/body/div/div[2]/div/main/div/div[2]/div/div/div/div[3]/div[1]/ul/li[3]/a' not found
	at com.kms.katalon.core.webui.common.WebUiCommonHelper.findWebElement(WebUiCommonHelper.java:1423)
	at com.kms.katalon.core.webui.keyword.internal.WebUIAbstractKeyword.findWebElement(WebUIAbstractKeyword.groovy:27)
	at com.kms.katalon.core.webui.keyword.builtin.ClickKeyword$_click_closure1.doCall(ClickKeyword.groovy:65)
	at com.kms.katalon.core.webui.keyword.builtin.ClickKeyword$_click_closure1.call(ClickKeyword.groovy)
	at com.kms.katalon.core.webui.keyword.internal.WebUIKeywordMain.runKeyword(WebUIKeywordMain.groovy:35)
	at com.kms.katalon.core.webui.keyword.builtin.ClickKeyword.click(ClickKeyword.groovy:74)
	at com.kms.katalon.core.webui.keyword.builtin.ClickKeyword.execute(ClickKeyword.groovy:40)
	at com.kms.katalon.core.keyword.internal.KeywordExecutor.executeKeywordForPlatform(KeywordExecutor.groovy:74)
	at com.kms.katalon.core.webui.keyword.WebUiBuiltInKeywords.click(WebUiBuiltInKeywords.groovy:659)
	at com.kms.katalon.core.webui.keyword.WebUiBuiltInKeywords$click$1.call(Unknown Source)
	at Script1745601895714.run(Script1745601895714.groovy:56)
	... 16 more
)

22-10-2025T11:22:10 - [MESSAGE][INFO] - Unable to find the element located by 'By.xpath: /html/body/div/div[2]/div/main/div/div[2]/div/div/div/div[3]/div[1]/ul/li[3]/a'. Please recheck the objects properties to make sure the desired element is located. 

22-10-2025T11:22:10 - [MESSAGE][WARNING] - [SELF-HEALING] Failed to find element with id 'Object Repository/TripFocus/Users/Data Restrictions/Data_Restrictions_tab'. Try using Self-healing.

22-10-2025T11:22:11 - [MESSAGE][INFO] - [SELF-HEALING] No working XPath is found.

22-10-2025T11:22:13 - [MESSAGE][INFO] - Unable to find the element located by 'By.xpath: '. Please recheck the objects properties to make sure the desired element is located. 

22-10-2025T11:22:13 - [MESSAGE][WARNING] - [SELF-HEALING] Cannot find elements when the selector is null

22-10-2025T11:22:13 - [MESSAGE][FAILED] - Unable to click on object 'Object Repository/TripFocus/Users/Data Restrictions/Data_Restrictions_tab' (Root cause: com.kms.katalon.core.exception.StepFailedException: Unable to click on object 'Object Repository/TripFocus/Users/Data Restrictions/Data_Restrictions_tab'
	at com.kms.katalon.core.webui.keyword.internal.WebUIKeywordMain.stepFailed(WebUIKeywordMain.groovy:117)
	at com.kms.katalon.core.webui.keyword.internal.WebUIKeywordMain.runKeyword(WebUIKeywordMain.groovy:43)
	at com.kms.katalon.core.webui.keyword.builtin.ClickKeyword.click(ClickKeyword.groovy:74)
	at com.kms.katalon.core.webui.keyword.builtin.ClickKeyword.execute(ClickKeyword.groovy:40)
	at com.kms.katalon.core.keyword.internal.KeywordExecutor.executeKeywordForPlatform(KeywordExecutor.groovy:74)
	at com.kms.katalon.core.webui.keyword.WebUiBuiltInKeywords.click(WebUiBuiltInKeywords.groovy:659)
	at com.kms.katalon.core.webui.keyword.WebUiBuiltInKeywords$click$1.call(Unknown Source)
	at Add Divisions Data Restrictions.run(Add Divisions Data Restrictions:56)
	at com.kms.katalon.core.main.ScriptEngine.run(ScriptEngine.java:194)
	at com.kms.katalon.core.main.ScriptEngine.runScriptAsRawText(ScriptEngine.java:119)
	at com.kms.katalon.core.main.TestCaseExecutor.runScript(TestCaseExecutor.java:448)
	at com.kms.katalon.core.main.TestCaseExecutor.doExecute(TestCaseExecutor.java:439)
	at com.kms.katalon.core.main.TestCaseExecutor.processExecutionPhase(TestCaseExecutor.java:418)
	at com.kms.katalon.core.main.TestCaseExecutor.accessMainPhase(TestCaseExecutor.java:410)
	at com.kms.katalon.core.main.TestCaseExecutor.execute(TestCaseExecutor.java:285)
	at com.kms.katalon.core.common.CommonExecutor.accessTestCaseMainPhase(CommonExecutor.java:65)
	at com.kms.katalon.core.main.TestSuiteExecutor.accessTestSuiteMainPhase(TestSuiteExecutor.java:150)
	at com.kms.katalon.core.main.TestSuiteExecutor.execute(TestSuiteExecutor.java:106)
	at com.kms.katalon.core.main.TestCaseMain.startTestSuite(TestCaseMain.java:180)
	at com.kms.katalon.core.main.TestCaseMain$startTestSuite$0.call(Unknown Source)
	at TempTestSuite1761139108993.run(TempTestSuite1761139108993.groovy:35)
	at java.base/jdk.internal.reflect.NativeMethodAccessorImpl.invoke0(Native Method)
	at java.base/jdk.internal.reflect.NativeMethodAccessorImpl.invoke(NativeMethodAccessorImpl.java:77)
	at java.base/jdk.internal.reflect.DelegatingMethodAccessorImpl.invoke(DelegatingMethodAccessorImpl.java:43)
Caused by: com.kms.katalon.core.webui.exception.WebElementNotFoundException: Web element with id: 'Object Repository/TripFocus/Users/Data Restrictions/Data_Restrictions_tab' located by '/html/body/div/div[2]/div/main/div/div[2]/div/div/div/div[3]/div[1]/ul/li[3]/a' not found
	at com.kms.katalon.core.webui.common.WebUiCommonHelper.findWebElement(WebUiCommonHelper.java:1423)
	at com.kms.katalon.core.webui.keyword.internal.WebUIAbstractKeyword.findWebElement(WebUIAbstractKeyword.groovy:27)
	at com.kms.katalon.core.webui.keyword.builtin.ClickKeyword$_click_closure1.doCall(ClickKeyword.groovy:65)
	at com.kms.katalon.core.webui.keyword.builtin.ClickKeyword$_click_closure1.call(ClickKeyword.groovy)
	at com.kms.katalon.core.webui.keyword.internal.WebUIKeywordMain.runKeyword(WebUIKeywordMain.groovy:35)
	at com.kms.katalon.core.webui.keyword.builtin.ClickKeyword.click(ClickKeyword.groovy:74)
	at com.kms.katalon.core.webui.keyword.builtin.ClickKeyword.execute(ClickKeyword.groovy:40)
	at com.kms.katalon.core.keyword.internal.KeywordExecutor.executeKeywordForPlatform(KeywordExecutor.groovy:74)
	at com.kms.katalon.core.webui.keyword.WebUiBuiltInKeywords.click(WebUiBuiltInKeywords.groovy:659)
	at com.kms.katalon.core.webui.keyword.WebUiBuiltInKeywords$click$1.call(Unknown Source)
	at Script1745601895714.run(Script1745601895714.groovy:56)
	... 16 more
)

22-10-2025T11:22:14 - [TEST_STEP][PASSED] - Start listener action : retryOnDisconnect: Current window's url is: 'https://www.qa.tripfocus.com/admin/users/create'

22-10-2025T11:22:14 - [TEST_STEP][PASSED] - tcId = testCaseContext.getTestCaseId(): null

22-10-2025T11:22:14 - [TEST_STEP][PASSED] - currentRetry = retryCounts.getOrDefault(tcId, 0): null

22-10-2025T11:22:14 - [TEST_STEP][PASSED] - if (testCaseContext.getTestCaseStatus() == "FAILED" && currentRetry < MAX_RETRIES): Current window's url is: 'https://www.qa.tripfocus.com/admin/users/create'

22-10-2025T11:22:14 - [TEST_STEP][PASSED] - try: Current window's url is: 'https://www.qa.tripfocus.com/admin/users/create'

22-10-2025T11:22:14 - [TEST_STEP][PASSED] - comment(Checking for WebDriver disconnect for test case: $tcId): Checking for WebDriver disconnect for test case: Test Cases/TripFocus/SPG/SPG - UserPage/Edit/Data Restrictions/Add Divisions Data Restrictions

22-10-2025T11:22:14 - [MESSAGE][INFO] - Checking for WebDriver disconnect for test case: Test Cases/TripFocus/SPG/SPG - UserPage/Edit/Data Restrictions/Add Divisions Data Restrictions

22-10-2025T11:22:14 - [TEST_STEP][PASSED] - getUrl(): Current window's url is: 'https://www.qa.tripfocus.com/admin/users/create'

22-10-2025T11:22:14 - [MESSAGE][PASSED] - Current window's url is: 'https://www.qa.tripfocus.com/admin/users/create']]></system-out>
         <system-err><![CDATA[22-10-2025T11:20:34 - [TEST_CASE][FAILED] - Test Cases/TripFocus/SPG/SPG - UserPage/Edit/Data Restrictions/Add Divisions Data Restrictions: Test Cases/TripFocus/SPG/SPG - UserPage/Edit/Data Restrictions/Add Divisions Data Restrictions FAILED.
Reason:
com.kms.katalon.core.exception.StepFailedException: Unable to click on object 'Object Repository/TripFocus/Users/Data Restrictions/Data_Restrictions_tab'
	at com.kms.katalon.core.webui.keyword.internal.WebUIKeywordMain.stepFailed(WebUIKeywordMain.groovy:117)
	at com.kms.katalon.core.webui.keyword.internal.WebUIKeywordMain.runKeyword(WebUIKeywordMain.groovy:43)
	at com.kms.katalon.core.webui.keyword.builtin.ClickKeyword.click(ClickKeyword.groovy:74)
	at com.kms.katalon.core.webui.keyword.builtin.ClickKeyword.execute(ClickKeyword.groovy:40)
	at com.kms.katalon.core.keyword.internal.KeywordExecutor.executeKeywordForPlatform(KeywordExecutor.groovy:74)
	at com.kms.katalon.core.webui.keyword.WebUiBuiltInKeywords.click(WebUiBuiltInKeywords.groovy:659)
	at com.kms.katalon.core.webui.keyword.WebUiBuiltInKeywords$click$1.call(Unknown Source)
	at Add Divisions Data Restrictions.run(Add Divisions Data Restrictions:56)
	at com.kms.katalon.core.main.ScriptEngine.run(ScriptEngine.java:194)
	at com.kms.katalon.core.main.ScriptEngine.runScriptAsRawText(ScriptEngine.java:119)
	at com.kms.katalon.core.main.TestCaseExecutor.runScript(TestCaseExecutor.java:448)
	at com.kms.katalon.core.main.TestCaseExecutor.doExecute(TestCaseExecutor.java:439)
	at com.kms.katalon.core.main.TestCaseExecutor.processExecutionPhase(TestCaseExecutor.java:418)
	at com.kms.katalon.core.main.TestCaseExecutor.accessMainPhase(TestCaseExecutor.java:410)
	at com.kms.katalon.core.main.TestCaseExecutor.execute(TestCaseExecutor.java:285)
	at com.kms.katalon.core.common.CommonExecutor.accessTestCaseMainPhase(CommonExecutor.java:65)
	at com.kms.katalon.core.main.TestSuiteExecutor.accessTestSuiteMainPhase(TestSuiteExecutor.java:150)
	at com.kms.katalon.core.main.TestSuiteExecutor.execute(TestSuiteExecutor.java:106)
	at com.kms.katalon.core.main.TestCaseMain.startTestSuite(TestCaseMain.java:180)
	at com.kms.katalon.core.main.TestCaseMain$startTestSuite$0.call(Unknown Source)
	at TempTestSuite1761139108993.run(TempTestSuite1761139108993.groovy:35)
	at java.base/jdk.internal.reflect.NativeMethodAccessorImpl.invoke0(Native Method)
	at java.base/jdk.internal.reflect.NativeMethodAccessorImpl.invoke(NativeMethodAccessorImpl.java:77)
	at java.base/jdk.internal.reflect.DelegatingMethodAccessorImpl.invoke(DelegatingMethodAccessorImpl.java:43)
Caused by: com.kms.katalon.core.webui.exception.WebElementNotFoundException: Web element with id: 'Object Repository/TripFocus/Users/Data Restrictions/Data_Restrictions_tab' located by '/html/body/div/div[2]/div/main/div/div[2]/div/div/div/div[3]/div[1]/ul/li[3]/a' not found
	at com.kms.katalon.core.webui.common.WebUiCommonHelper.findWebElement(WebUiCommonHelper.java:1423)
	at com.kms.katalon.core.webui.keyword.internal.WebUIAbstractKeyword.findWebElement(WebUIAbstractKeyword.groovy:27)
	at com.kms.katalon.core.webui.keyword.builtin.ClickKeyword$_click_closure1.doCall(ClickKeyword.groovy:65)
	at com.kms.katalon.core.webui.keyword.builtin.ClickKeyword$_click_closure1.call(ClickKeyword.groovy)
	at com.kms.katalon.core.webui.keyword.internal.WebUIKeywordMain.runKeyword(WebUIKeywordMain.groovy:35)
	... 22 more]]></system-err>
      </testcase>
      <testcase name="Test Cases/TripFocus/SPG/SPG - UserPage/Edit/Data Restrictions/Add Shippers Data Restrictions" time="81.544" classname="Test Cases/TripFocus/SPG/SPG - UserPage/Edit/Data Restrictions/Add Shippers Data Restrictions" status="PASSED">
         <system-out><![CDATA[22-10-2025T11:22:14 - [TEST_CASE][PASSED] - Test Cases/TripFocus/SPG/SPG - UserPage/Edit/Data Restrictions/Add Shippers Data Restrictions: Test Cases/TripFocus/SPG/SPG - UserPage/Edit/Data Restrictions/Add Shippers Data Restrictions

22-10-2025T11:22:14 - [TEST_STEP][PASSED] - Start listener action : beforeTestCase: null

22-10-2025T11:22:14 - [TEST_STEP][PASSED] - addDefaultPackages(): null

22-10-2025T11:22:14 - [TEST_STEP][PASSED] - openBrowser(""): Browser is opened with url: ''

22-10-2025T11:22:14 - [MESSAGE][WARNING] - A browser is already opened. Closing browser and opening a new one

22-10-2025T11:22:14 - [MESSAGE][INFO] - Starting 'Chrome' driver

22-10-2025T11:22:14 - [MESSAGE][INFO] - User set preference: ['args', '[--no-sandbox, --disable-gpu, --disable-dev-shm-usage]']

22-10-2025T11:22:14 - [MESSAGE][INFO] - Action delay is set to 0 milliseconds

22-10-2025T11:22:15 - [MESSAGE][PASSED] - Browser is opened with url: ''

22-10-2025T11:22:15 - [TEST_STEP][PASSED] - navigateToUrl(TFBaseURL): Navigate to 'https://www.qa.tripfocus.com' successfully

22-10-2025T11:22:15 - [MESSAGE][PASSED] - Navigate to 'https://www.qa.tripfocus.com' successfully

22-10-2025T11:22:15 - [TEST_STEP][PASSED] - click(findTestObject("Object Repository/TripFocus/Page_TripFocus/button_Sign in")): Object: 'Object Repository/TripFocus/Page_TripFocus/button_Sign in' is clicked on

22-10-2025T11:22:15 - [MESSAGE][PASSED] - Object: 'Object Repository/TripFocus/Page_TripFocus/button_Sign in' is clicked on

22-10-2025T11:22:15 - [TEST_STEP][PASSED] - setText(findTestObject("Object Repository/TripFocus/Page_TripFocus/input_Username (e.g. email address)_Username"), TripFocusBleachTechSPGUsername): Text 'Ashford.Chenault+BleachtechCustomerSPGONLY@thekag.com' is set on object 'Object Repository/TripFocus/Page_TripFocus/input_Username (e.g. email address)_Username'

22-10-2025T11:22:16 - [MESSAGE][PASSED] - Text 'Ashford.Chenault+BleachtechCustomerSPGONLY@thekag.com' is set on object 'Object Repository/TripFocus/Page_TripFocus/input_Username (e.g. email address)_Username'

22-10-2025T11:22:16 - [TEST_STEP][PASSED] - setText(findTestObject("Object Repository/TripFocus/Page_TripFocus/input_Password_Password"), TripFocusFDGSPGPassword): Text 'CrashBan911!!' is set on object 'Object Repository/TripFocus/Page_TripFocus/input_Password_Password'

22-10-2025T11:22:16 - [MESSAGE][PASSED] - Text 'CrashBan911!!' is set on object 'Object Repository/TripFocus/Page_TripFocus/input_Password_Password'

22-10-2025T11:22:16 - [TEST_STEP][PASSED] - click(findTestObject("Object Repository/TripFocus/Page_TripFocus/button_Login")): Object: 'Object Repository/TripFocus/Page_TripFocus/button_Login' is clicked on

22-10-2025T11:22:16 - [MESSAGE][PASSED] - Object: 'Object Repository/TripFocus/Page_TripFocus/button_Login' is clicked on

22-10-2025T11:22:16 - [TEST_STEP][PASSED] - maximizeWindow(): Current window maximized

22-10-2025T11:22:17 - [MESSAGE][PASSED] - Current window maximized

22-10-2025T11:22:17 - [TEST_STEP][PASSED] - waitForElementVisible(findTestObject("TripFocus/Testing_Notification_btn"), 15, OPTIONAL): Web element with id: 'Object Repository/TripFocus/Testing_Notification_btn' located by '//*[@id="__BVID__10___BV_modal_footer_"]/button' not found

22-10-2025T11:22:33 - [MESSAGE][INFO] - Unable to find the element located by 'By.xpath: //*[@id="__BVID__10___BV_modal_footer_"]/button'. Please recheck the objects properties to make sure the desired element is located. 

22-10-2025T11:22:33 - [MESSAGE][WARNING] - [SELF-HEALING] Failed to find element with id 'Object Repository/TripFocus/Testing_Notification_btn'. Try using Self-healing.

22-10-2025T11:22:34 - [MESSAGE][INFO] - [SELF-HEALING] No working XPath is found.

22-10-2025T11:22:36 - [MESSAGE][INFO] - Unable to find the element located by 'By.xpath: '. Please recheck the objects properties to make sure the desired element is located. 

22-10-2025T11:22:36 - [MESSAGE][WARNING] - [SELF-HEALING] Cannot find elements when the selector is null

22-10-2025T11:22:36 - [MESSAGE][WARNING] - Web element with id: 'Object Repository/TripFocus/Testing_Notification_btn' located by '//*[@id="__BVID__10___BV_modal_footer_"]/button' not found

22-10-2025T11:22:36 - [TEST_STEP][PASSED] - if (verifyElementVisible(findTestObject("TripFocus/Testing_Notification_btn"), OPTIONAL) == true): Web element with id: 'Object Repository/TripFocus/Testing_Notification_btn' located by '//*[@id="__BVID__10___BV_modal_footer_"]/button' not found (Root cause: com.kms.katalon.core.exception.StepFailedException: Web element with id: 'Object Repository/TripFocus/Testing_Notification_btn' located by '//*[@id="__BVID__10___BV_modal_footer_"]/button' not found
	at com.kms.katalon.core.webui.keyword.internal.WebUIKeywordMain.stepFailed(WebUIKeywordMain.groovy:117)
	at com.kms.katalon.core.webui.keyword.builtin.VerifyElementVisibleKeyword$_verifyElementVisible_closure1.doCall(VerifyElementVisibleKeyword.groovy:89)
	at com.kms.katalon.core.webui.keyword.builtin.VerifyElementVisibleKeyword$_verifyElementVisible_closure1.call(VerifyElementVisibleKeyword.groovy)
	at com.kms.katalon.core.webui.keyword.internal.WebUIKeywordMain.runKeyword(WebUIKeywordMain.groovy:35)
	at com.kms.katalon.core.webui.keyword.builtin.VerifyElementVisibleKeyword.verifyElementVisible(VerifyElementVisibleKeyword.groovy:97)
	at com.kms.katalon.core.webui.keyword.builtin.VerifyElementVisibleKeyword.execute(VerifyElementVisibleKeyword.groovy:67)
	at com.kms.katalon.core.keyword.internal.KeywordExecutor.executeKeywordForPlatform(KeywordExecutor.groovy:74)
	at com.kms.katalon.core.webui.keyword.WebUiBuiltInKeywords.verifyElementVisible(WebUiBuiltInKeywords.groovy:401)
	at com.kms.katalon.core.webui.keyword.WebUiBuiltInKeywords$verifyElementVisible$5.call(Unknown Source)
	at Add Shippers Data Restrictions.run(Add Shippers Data Restrictions:38)
	at com.kms.katalon.core.main.ScriptEngine.run(ScriptEngine.java:194)
	at com.kms.katalon.core.main.ScriptEngine.runScriptAsRawText(ScriptEngine.java:119)
	at com.kms.katalon.core.main.TestCaseExecutor.runScript(TestCaseExecutor.java:448)
	at com.kms.katalon.core.main.TestCaseExecutor.doExecute(TestCaseExecutor.java:439)
	at com.kms.katalon.core.main.TestCaseExecutor.processExecutionPhase(TestCaseExecutor.java:418)
	at com.kms.katalon.core.main.TestCaseExecutor.accessMainPhase(TestCaseExecutor.java:410)
	at com.kms.katalon.core.main.TestCaseExecutor.execute(TestCaseExecutor.java:285)
	at com.kms.katalon.core.common.CommonExecutor.accessTestCaseMainPhase(CommonExecutor.java:65)
	at com.kms.katalon.core.main.TestSuiteExecutor.accessTestSuiteMainPhase(TestSuiteExecutor.java:150)
	at com.kms.katalon.core.main.TestSuiteExecutor.execute(TestSuiteExecutor.java:106)
	at com.kms.katalon.core.main.TestCaseMain.startTestSuite(TestCaseMain.java:180)
	at com.kms.katalon.core.main.TestCaseMain$startTestSuite$0.call(Unknown Source)
	at TempTestSuite1761139108993.run(TempTestSuite1761139108993.groovy:35)
	at java.base/jdk.internal.reflect.NativeMethodAccessorImpl.invoke0(Native Method)
	at java.base/jdk.internal.reflect.NativeMethodAccessorImpl.invoke(NativeMethodAccessorImpl.java:77)
	at java.base/jdk.internal.reflect.DelegatingMethodAccessorImpl.invoke(DelegatingMethodAccessorImpl.java:43)
)

22-10-2025T11:22:52 - [MESSAGE][INFO] - Unable to find the element located by 'By.xpath: //*[@id="__BVID__10___BV_modal_footer_"]/button'. Please recheck the objects properties to make sure the desired element is located. 

22-10-2025T11:22:52 - [MESSAGE][WARNING] - [SELF-HEALING] Failed to find element with id 'Object Repository/TripFocus/Testing_Notification_btn'. Try using Self-healing.

22-10-2025T11:22:53 - [MESSAGE][INFO] - [SELF-HEALING] No working XPath is found.

22-10-2025T11:22:55 - [MESSAGE][INFO] - Unable to find the element located by 'By.xpath: '. Please recheck the objects properties to make sure the desired element is located. 

22-10-2025T11:22:55 - [MESSAGE][WARNING] - [SELF-HEALING] Cannot find elements when the selector is null

22-10-2025T11:22:55 - [MESSAGE][WARNING] - Web element with id: 'Object Repository/TripFocus/Testing_Notification_btn' located by '//*[@id="__BVID__10___BV_modal_footer_"]/button' not found (Root cause: com.kms.katalon.core.exception.StepFailedException: Web element with id: 'Object Repository/TripFocus/Testing_Notification_btn' located by '//*[@id="__BVID__10___BV_modal_footer_"]/button' not found
	at com.kms.katalon.core.webui.keyword.internal.WebUIKeywordMain.stepFailed(WebUIKeywordMain.groovy:117)
	at com.kms.katalon.core.webui.keyword.builtin.VerifyElementVisibleKeyword$_verifyElementVisible_closure1.doCall(VerifyElementVisibleKeyword.groovy:89)
	at com.kms.katalon.core.webui.keyword.builtin.VerifyElementVisibleKeyword$_verifyElementVisible_closure1.call(VerifyElementVisibleKeyword.groovy)
	at com.kms.katalon.core.webui.keyword.internal.WebUIKeywordMain.runKeyword(WebUIKeywordMain.groovy:35)
	at com.kms.katalon.core.webui.keyword.builtin.VerifyElementVisibleKeyword.verifyElementVisible(VerifyElementVisibleKeyword.groovy:97)
	at com.kms.katalon.core.webui.keyword.builtin.VerifyElementVisibleKeyword.execute(VerifyElementVisibleKeyword.groovy:67)
	at com.kms.katalon.core.keyword.internal.KeywordExecutor.executeKeywordForPlatform(KeywordExecutor.groovy:74)
	at com.kms.katalon.core.webui.keyword.WebUiBuiltInKeywords.verifyElementVisible(WebUiBuiltInKeywords.groovy:401)
	at com.kms.katalon.core.webui.keyword.WebUiBuiltInKeywords$verifyElementVisible$5.call(Unknown Source)
	at Add Shippers Data Restrictions.run(Add Shippers Data Restrictions:38)
	at com.kms.katalon.core.main.ScriptEngine.run(ScriptEngine.java:194)
	at com.kms.katalon.core.main.ScriptEngine.runScriptAsRawText(ScriptEngine.java:119)
	at com.kms.katalon.core.main.TestCaseExecutor.runScript(TestCaseExecutor.java:448)
	at com.kms.katalon.core.main.TestCaseExecutor.doExecute(TestCaseExecutor.java:439)
	at com.kms.katalon.core.main.TestCaseExecutor.processExecutionPhase(TestCaseExecutor.java:418)
	at com.kms.katalon.core.main.TestCaseExecutor.accessMainPhase(TestCaseExecutor.java:410)
	at com.kms.katalon.core.main.TestCaseExecutor.execute(TestCaseExecutor.java:285)
	at com.kms.katalon.core.common.CommonExecutor.accessTestCaseMainPhase(CommonExecutor.java:65)
	at com.kms.katalon.core.main.TestSuiteExecutor.accessTestSuiteMainPhase(TestSuiteExecutor.java:150)
	at com.kms.katalon.core.main.TestSuiteExecutor.execute(TestSuiteExecutor.java:106)
	at com.kms.katalon.core.main.TestCaseMain.startTestSuite(TestCaseMain.java:180)
	at com.kms.katalon.core.main.TestCaseMain$startTestSuite$0.call(Unknown Source)
	at TempTestSuite1761139108993.run(TempTestSuite1761139108993.groovy:35)
	at java.base/jdk.internal.reflect.NativeMethodAccessorImpl.invoke0(Native Method)
	at java.base/jdk.internal.reflect.NativeMethodAccessorImpl.invoke(NativeMethodAccessorImpl.java:77)
	at java.base/jdk.internal.reflect.DelegatingMethodAccessorImpl.invoke(DelegatingMethodAccessorImpl.java:43)
)

22-10-2025T11:22:55 - [TEST_STEP][PASSED] - click(findTestObject("Object Repository/TripFocus/Page_TripFocus/a_Users")): Object: 'Object Repository/TripFocus/Page_TripFocus/a_Users' is clicked on

22-10-2025T11:22:55 - [MESSAGE][PASSED] - Object: 'Object Repository/TripFocus/Page_TripFocus/a_Users' is clicked on

22-10-2025T11:22:55 - [TEST_STEP][PASSED] - delay(5): Delayed 5 second(s)

22-10-2025T11:23:00 - [MESSAGE][PASSED] - Delayed 5 second(s)

22-10-2025T11:23:00 - [TEST_STEP][PASSED] - setText(findTestObject("TripFocus/Users/User_Search_txt"), "ashfordSPGTesting"): Text 'ashfordSPGTesting' is set on object 'Object Repository/TripFocus/Users/User_Search_txt'

22-10-2025T11:23:00 - [MESSAGE][PASSED] - Text 'ashfordSPGTesting' is set on object 'Object Repository/TripFocus/Users/User_Search_txt'

22-10-2025T11:23:00 - [TEST_STEP][PASSED] - delay(2): Delayed 2 second(s)

22-10-2025T11:23:02 - [MESSAGE][PASSED] - Delayed 2 second(s)

22-10-2025T11:23:02 - [TEST_STEP][PASSED] - click(findTestObject("Object Repository/TripFocus/Page_TripFocus/button_Edit")): Object: 'Object Repository/TripFocus/Page_TripFocus/button_Edit' is clicked on

22-10-2025T11:23:02 - [MESSAGE][PASSED] - Object: 'Object Repository/TripFocus/Page_TripFocus/button_Edit' is clicked on

22-10-2025T11:23:02 - [TEST_STEP][PASSED] - delay(15): Delayed 15 second(s)

22-10-2025T11:23:17 - [MESSAGE][PASSED] - Delayed 15 second(s)

22-10-2025T11:23:17 - [TEST_STEP][PASSED] - click(findTestObject("TripFocus/Users/Data Restrictions/Data_Restrictions_tab")): Object: 'Object Repository/TripFocus/Users/Data Restrictions/Data_Restrictions_tab' is clicked on

22-10-2025T11:23:17 - [MESSAGE][PASSED] - Object: 'Object Repository/TripFocus/Users/Data Restrictions/Data_Restrictions_tab' is clicked on

22-10-2025T11:23:17 - [TEST_STEP][PASSED] - delay(2): Delayed 2 second(s)

22-10-2025T11:23:19 - [MESSAGE][PASSED] - Delayed 2 second(s)

22-10-2025T11:23:19 - [TEST_STEP][PASSED] - click(findTestObject("TripFocus/Users/Data Restrictions/Divisions_dropdown"), STOP_ON_FAILURE): Object: 'Object Repository/TripFocus/Users/Data Restrictions/Divisions_dropdown' is clicked on

22-10-2025T11:23:19 - [MESSAGE][PASSED] - Object: 'Object Repository/TripFocus/Users/Data Restrictions/Divisions_dropdown' is clicked on

22-10-2025T11:23:19 - [TEST_STEP][PASSED] - delay(1): Delayed 1 second(s)

22-10-2025T11:23:20 - [MESSAGE][PASSED] - Delayed 1 second(s)

22-10-2025T11:23:20 - [TEST_STEP][PASSED] - sendKeys(findTestObject("TripFocus/Users/Data Restrictions/Divisions_txt"), "SPG"): Keys 'SPG' sent to object: 'Object Repository/TripFocus/Users/Data Restrictions/Divisions_txt'

22-10-2025T11:23:20 - [MESSAGE][PASSED] - Keys 'SPG' sent to object: 'Object Repository/TripFocus/Users/Data Restrictions/Divisions_txt'

22-10-2025T11:23:20 - [TEST_STEP][PASSED] - delay(1): Delayed 1 second(s)

22-10-2025T11:23:21 - [MESSAGE][PASSED] - Delayed 1 second(s)

22-10-2025T11:23:21 - [TEST_STEP][PASSED] - sendKeys(findTestObject("TripFocus/Users/Data Restrictions/Divisions_txt"), Keys.chord(ENTER)): Keys 'ENTER + ' sent to object: 'Object Repository/TripFocus/Users/Data Restrictions/Divisions_txt'

22-10-2025T11:23:22 - [MESSAGE][PASSED] - Keys 'ENTER + ' sent to object: 'Object Repository/TripFocus/Users/Data Restrictions/Divisions_txt'

22-10-2025T11:23:22 - [TEST_STEP][PASSED] - delay(2): Delayed 2 second(s)

22-10-2025T11:23:24 - [MESSAGE][PASSED] - Delayed 2 second(s)

22-10-2025T11:23:24 - [TEST_STEP][PASSED] - click(findTestObject("TripFocus/Users/Data Restrictions/Shippers_dropdown"), STOP_ON_FAILURE): Object: 'Object Repository/TripFocus/Users/Data Restrictions/Shippers_dropdown' is clicked on

22-10-2025T11:23:24 - [MESSAGE][PASSED] - Object: 'Object Repository/TripFocus/Users/Data Restrictions/Shippers_dropdown' is clicked on

22-10-2025T11:23:24 - [TEST_STEP][PASSED] - delay(3): Delayed 3 second(s)

22-10-2025T11:23:27 - [MESSAGE][PASSED] - Delayed 3 second(s)

22-10-2025T11:23:27 - [TEST_STEP][PASSED] - sendKeys(findTestObject("TripFocus/Users/Data Restrictions/Shippers_txt"), "Bleachtech"): Keys 'Bleachtech' sent to object: 'Object Repository/TripFocus/Users/Data Restrictions/Shippers_txt'

22-10-2025T11:23:27 - [MESSAGE][PASSED] - Keys 'Bleachtech' sent to object: 'Object Repository/TripFocus/Users/Data Restrictions/Shippers_txt'

22-10-2025T11:23:27 - [TEST_STEP][PASSED] - delay(2): Delayed 2 second(s)

22-10-2025T11:23:29 - [MESSAGE][PASSED] - Delayed 2 second(s)

22-10-2025T11:23:29 - [TEST_STEP][PASSED] - sendKeys(findTestObject("TripFocus/Users/Data Restrictions/Shippers_txt"), Keys.chord(ENTER)): Keys 'ENTER + ' sent to object: 'Object Repository/TripFocus/Users/Data Restrictions/Shippers_txt'

22-10-2025T11:23:29 - [MESSAGE][PASSED] - Keys 'ENTER + ' sent to object: 'Object Repository/TripFocus/Users/Data Restrictions/Shippers_txt'

22-10-2025T11:23:29 - [TEST_STEP][PASSED] - delay(1): Delayed 1 second(s)

22-10-2025T11:23:30 - [MESSAGE][PASSED] - Delayed 1 second(s)

22-10-2025T11:23:30 - [TEST_STEP][PASSED] - click(findTestObject("TripFocus/Users/Data Restrictions/Preview_Data_Restrictions_btn"), STOP_ON_FAILURE): Object: 'Object Repository/TripFocus/Users/Data Restrictions/Preview_Data_Restrictions_btn' is clicked on

22-10-2025T11:23:30 - [MESSAGE][PASSED] - Object: 'Object Repository/TripFocus/Users/Data Restrictions/Preview_Data_Restrictions_btn' is clicked on

22-10-2025T11:23:30 - [TEST_STEP][PASSED] - waitForElementVisible(findTestObject("TripFocus/Users/Data Restrictions/Preview_Data_Restrictions_btn"), 10): Object 'Object Repository/TripFocus/Users/Data Restrictions/Preview_Data_Restrictions_btn' is visible

22-10-2025T11:23:30 - [MESSAGE][PASSED] - Object 'Object Repository/TripFocus/Users/Data Restrictions/Preview_Data_Restrictions_btn' is visible

22-10-2025T11:23:30 - [TEST_STEP][PASSED] - click(findTestObject("TripFocus/Users/Data Restrictions/Save_Data_Restrictions_btn"), STOP_ON_FAILURE): Object: 'Object Repository/TripFocus/Users/Data Restrictions/Save_Data_Restrictions_btn' is clicked on

22-10-2025T11:23:30 - [MESSAGE][PASSED] - Object: 'Object Repository/TripFocus/Users/Data Restrictions/Save_Data_Restrictions_btn' is clicked on

22-10-2025T11:23:30 - [TEST_STEP][PASSED] - delay(1): Delayed 1 second(s)

22-10-2025T11:23:31 - [MESSAGE][PASSED] - Delayed 1 second(s)

22-10-2025T11:23:31 - [TEST_STEP][PASSED] - verifyElementPresent(findTestObject("TripFocus/Toasty_Message"), 10): Object 'Object Repository/TripFocus/Toasty_Message' is present

22-10-2025T11:23:31 - [MESSAGE][PASSED] - Object 'Object Repository/TripFocus/Toasty_Message' is present

22-10-2025T11:23:31 - [TEST_STEP][PASSED] - verifyElementText(findTestObject("TripFocus/Toasty_Message"), "User Data Restrictions added successfully."): Actual text and expected text of test object 'Object Repository/TripFocus/Toasty_Message' are matched.

22-10-2025T11:23:31 - [MESSAGE][PASSED] - Actual text and expected text of test object 'Object Repository/TripFocus/Toasty_Message' are matched.

22-10-2025T11:23:31 - [TEST_STEP][PASSED] - delay(2): Delayed 2 second(s)

22-10-2025T11:23:33 - [MESSAGE][PASSED] - Delayed 2 second(s)

22-10-2025T11:23:33 - [TEST_STEP][PASSED] - click(findTestObject("TripFocus/Users/Data Restrictions/Data_Restrictions_tab")): Object: 'Object Repository/TripFocus/Users/Data Restrictions/Data_Restrictions_tab' is clicked on

22-10-2025T11:23:33 - [MESSAGE][PASSED] - Object: 'Object Repository/TripFocus/Users/Data Restrictions/Data_Restrictions_tab' is clicked on

22-10-2025T11:23:33 - [TEST_STEP][PASSED] - delay(2): Delayed 2 second(s)

22-10-2025T11:23:35 - [MESSAGE][PASSED] - Delayed 2 second(s)

22-10-2025T11:23:35 - [TEST_STEP][PASSED] - click(findTestObject("TripFocus/Users/Data Restrictions/Delete_Restriction_btn")): Object: 'Object Repository/TripFocus/Users/Data Restrictions/Delete_Restriction_btn' is clicked on

22-10-2025T11:23:35 - [MESSAGE][PASSED] - Object: 'Object Repository/TripFocus/Users/Data Restrictions/Delete_Restriction_btn' is clicked on

22-10-2025T11:23:35 - [TEST_STEP][PASSED] - Start listener action : retryOnDisconnect: null

22-10-2025T11:23:35 - [TEST_STEP][PASSED] - tcId = testCaseContext.getTestCaseId(): null

22-10-2025T11:23:35 - [TEST_STEP][PASSED] - currentRetry = retryCounts.getOrDefault(tcId, 0): null

22-10-2025T11:23:35 - [TEST_STEP][PASSED] - if (testCaseContext.getTestCaseStatus() == "FAILED" && currentRetry < MAX_RETRIES): null]]></system-out>
         <system-err><![CDATA[]]></system-err>
      </testcase>
      <testcase name="Test Cases/TripFocus/SPG/SPG - UserPage/Edit/Data Restrictions/Add Subsidiaries Data Restrictions" time="93.411" classname="Test Cases/TripFocus/SPG/SPG - UserPage/Edit/Data Restrictions/Add Subsidiaries Data Restrictions" status="PASSED">
         <system-out><![CDATA[22-10-2025T11:23:35 - [TEST_CASE][PASSED] - Test Cases/TripFocus/SPG/SPG - UserPage/Edit/Data Restrictions/Add Subsidiaries Data Restrictions: Test Cases/TripFocus/SPG/SPG - UserPage/Edit/Data Restrictions/Add Subsidiaries Data Restrictions

22-10-2025T11:23:35 - [TEST_STEP][PASSED] - Start listener action : beforeTestCase: null

22-10-2025T11:23:35 - [TEST_STEP][PASSED] - addDefaultPackages(): null

22-10-2025T11:23:35 - [TEST_STEP][PASSED] - openBrowser(""): Browser is opened with url: ''

22-10-2025T11:23:35 - [MESSAGE][WARNING] - A browser is already opened. Closing browser and opening a new one

22-10-2025T11:23:36 - [MESSAGE][INFO] - Starting 'Chrome' driver

22-10-2025T11:23:36 - [MESSAGE][INFO] - User set preference: ['args', '[--no-sandbox, --disable-gpu, --disable-dev-shm-usage]']

22-10-2025T11:23:36 - [MESSAGE][INFO] - Action delay is set to 0 milliseconds

22-10-2025T11:23:37 - [MESSAGE][PASSED] - Browser is opened with url: ''

22-10-2025T11:23:37 - [TEST_STEP][PASSED] - navigateToUrl(TFBaseURL): Navigate to 'https://www.qa.tripfocus.com' successfully

22-10-2025T11:23:37 - [MESSAGE][PASSED] - Navigate to 'https://www.qa.tripfocus.com' successfully

22-10-2025T11:23:37 - [TEST_STEP][PASSED] - click(findTestObject("Object Repository/TripFocus/Page_TripFocus/button_Sign in")): Object: 'Object Repository/TripFocus/Page_TripFocus/button_Sign in' is clicked on

22-10-2025T11:23:37 - [MESSAGE][PASSED] - Object: 'Object Repository/TripFocus/Page_TripFocus/button_Sign in' is clicked on

22-10-2025T11:23:37 - [TEST_STEP][PASSED] - setText(findTestObject("Object Repository/TripFocus/Page_TripFocus/input_Username (e.g. email address)_Username"), TripFocusBleachTechSPGUsername): Text 'Ashford.Chenault+BleachtechCustomerSPGONLY@thekag.com' is set on object 'Object Repository/TripFocus/Page_TripFocus/input_Username (e.g. email address)_Username'

22-10-2025T11:23:38 - [MESSAGE][PASSED] - Text 'Ashford.Chenault+BleachtechCustomerSPGONLY@thekag.com' is set on object 'Object Repository/TripFocus/Page_TripFocus/input_Username (e.g. email address)_Username'

22-10-2025T11:23:38 - [TEST_STEP][PASSED] - setText(findTestObject("Object Repository/TripFocus/Page_TripFocus/input_Password_Password"), TripFocusFDGSPGPassword): Text 'CrashBan911!!' is set on object 'Object Repository/TripFocus/Page_TripFocus/input_Password_Password'

22-10-2025T11:23:38 - [MESSAGE][PASSED] - Text 'CrashBan911!!' is set on object 'Object Repository/TripFocus/Page_TripFocus/input_Password_Password'

22-10-2025T11:23:38 - [TEST_STEP][PASSED] - click(findTestObject("Object Repository/TripFocus/Page_TripFocus/button_Login")): Object: 'Object Repository/TripFocus/Page_TripFocus/button_Login' is clicked on

22-10-2025T11:23:38 - [MESSAGE][PASSED] - Object: 'Object Repository/TripFocus/Page_TripFocus/button_Login' is clicked on

22-10-2025T11:23:38 - [TEST_STEP][PASSED] - maximizeWindow(): Current window maximized

22-10-2025T11:23:39 - [MESSAGE][PASSED] - Current window maximized

22-10-2025T11:23:39 - [TEST_STEP][PASSED] - waitForElementVisible(findTestObject("TripFocus/Testing_Notification_btn"), 15, OPTIONAL): Web element with id: 'Object Repository/TripFocus/Testing_Notification_btn' located by '//*[@id="__BVID__10___BV_modal_footer_"]/button' not found

22-10-2025T11:23:55 - [MESSAGE][INFO] - Unable to find the element located by 'By.xpath: //*[@id="__BVID__10___BV_modal_footer_"]/button'. Please recheck the objects properties to make sure the desired element is located. 

22-10-2025T11:23:55 - [MESSAGE][WARNING] - [SELF-HEALING] Failed to find element with id 'Object Repository/TripFocus/Testing_Notification_btn'. Try using Self-healing.

22-10-2025T11:23:56 - [MESSAGE][INFO] - [SELF-HEALING] No working XPath is found.

22-10-2025T11:23:58 - [MESSAGE][INFO] - Unable to find the element located by 'By.xpath: '. Please recheck the objects properties to make sure the desired element is located. 

22-10-2025T11:23:58 - [MESSAGE][WARNING] - [SELF-HEALING] Cannot find elements when the selector is null

22-10-2025T11:23:58 - [MESSAGE][WARNING] - Web element with id: 'Object Repository/TripFocus/Testing_Notification_btn' located by '//*[@id="__BVID__10___BV_modal_footer_"]/button' not found

22-10-2025T11:23:58 - [TEST_STEP][PASSED] - if (verifyElementVisible(findTestObject("TripFocus/Testing_Notification_btn"), OPTIONAL) == true): Web element with id: 'Object Repository/TripFocus/Testing_Notification_btn' located by '//*[@id="__BVID__10___BV_modal_footer_"]/button' not found (Root cause: com.kms.katalon.core.exception.StepFailedException: Web element with id: 'Object Repository/TripFocus/Testing_Notification_btn' located by '//*[@id="__BVID__10___BV_modal_footer_"]/button' not found
	at com.kms.katalon.core.webui.keyword.internal.WebUIKeywordMain.stepFailed(WebUIKeywordMain.groovy:117)
	at com.kms.katalon.core.webui.keyword.builtin.VerifyElementVisibleKeyword$_verifyElementVisible_closure1.doCall(VerifyElementVisibleKeyword.groovy:89)
	at com.kms.katalon.core.webui.keyword.builtin.VerifyElementVisibleKeyword$_verifyElementVisible_closure1.call(VerifyElementVisibleKeyword.groovy)
	at com.kms.katalon.core.webui.keyword.internal.WebUIKeywordMain.runKeyword(WebUIKeywordMain.groovy:35)
	at com.kms.katalon.core.webui.keyword.builtin.VerifyElementVisibleKeyword.verifyElementVisible(VerifyElementVisibleKeyword.groovy:97)
	at com.kms.katalon.core.webui.keyword.builtin.VerifyElementVisibleKeyword.execute(VerifyElementVisibleKeyword.groovy:67)
	at com.kms.katalon.core.keyword.internal.KeywordExecutor.executeKeywordForPlatform(KeywordExecutor.groovy:74)
	at com.kms.katalon.core.webui.keyword.WebUiBuiltInKeywords.verifyElementVisible(WebUiBuiltInKeywords.groovy:401)
	at com.kms.katalon.core.webui.keyword.WebUiBuiltInKeywords$verifyElementVisible$5.call(Unknown Source)
	at Add Subsidiaries Data Restrictions.run(Add Subsidiaries Data Restrictions:38)
	at com.kms.katalon.core.main.ScriptEngine.run(ScriptEngine.java:194)
	at com.kms.katalon.core.main.ScriptEngine.runScriptAsRawText(ScriptEngine.java:119)
	at com.kms.katalon.core.main.TestCaseExecutor.runScript(TestCaseExecutor.java:448)
	at com.kms.katalon.core.main.TestCaseExecutor.doExecute(TestCaseExecutor.java:439)
	at com.kms.katalon.core.main.TestCaseExecutor.processExecutionPhase(TestCaseExecutor.java:418)
	at com.kms.katalon.core.main.TestCaseExecutor.accessMainPhase(TestCaseExecutor.java:410)
	at com.kms.katalon.core.main.TestCaseExecutor.execute(TestCaseExecutor.java:285)
	at com.kms.katalon.core.common.CommonExecutor.accessTestCaseMainPhase(CommonExecutor.java:65)
	at com.kms.katalon.core.main.TestSuiteExecutor.accessTestSuiteMainPhase(TestSuiteExecutor.java:150)
	at com.kms.katalon.core.main.TestSuiteExecutor.execute(TestSuiteExecutor.java:106)
	at com.kms.katalon.core.main.TestCaseMain.startTestSuite(TestCaseMain.java:180)
	at com.kms.katalon.core.main.TestCaseMain$startTestSuite$0.call(Unknown Source)
	at TempTestSuite1761139108993.run(TempTestSuite1761139108993.groovy:35)
	at java.base/jdk.internal.reflect.NativeMethodAccessorImpl.invoke0(Native Method)
	at java.base/jdk.internal.reflect.NativeMethodAccessorImpl.invoke(NativeMethodAccessorImpl.java:77)
	at java.base/jdk.internal.reflect.DelegatingMethodAccessorImpl.invoke(DelegatingMethodAccessorImpl.java:43)
)

22-10-2025T11:24:14 - [MESSAGE][INFO] - Unable to find the element located by 'By.xpath: //*[@id="__BVID__10___BV_modal_footer_"]/button'. Please recheck the objects properties to make sure the desired element is located. 

22-10-2025T11:24:14 - [MESSAGE][WARNING] - [SELF-HEALING] Failed to find element with id 'Object Repository/TripFocus/Testing_Notification_btn'. Try using Self-healing.

22-10-2025T11:24:15 - [MESSAGE][INFO] - [SELF-HEALING] No working XPath is found.

22-10-2025T11:24:17 - [MESSAGE][INFO] - Unable to find the element located by 'By.xpath: '. Please recheck the objects properties to make sure the desired element is located. 

22-10-2025T11:24:17 - [MESSAGE][WARNING] - [SELF-HEALING] Cannot find elements when the selector is null

22-10-2025T11:24:17 - [MESSAGE][WARNING] - Web element with id: 'Object Repository/TripFocus/Testing_Notification_btn' located by '//*[@id="__BVID__10___BV_modal_footer_"]/button' not found (Root cause: com.kms.katalon.core.exception.StepFailedException: Web element with id: 'Object Repository/TripFocus/Testing_Notification_btn' located by '//*[@id="__BVID__10___BV_modal_footer_"]/button' not found
	at com.kms.katalon.core.webui.keyword.internal.WebUIKeywordMain.stepFailed(WebUIKeywordMain.groovy:117)
	at com.kms.katalon.core.webui.keyword.builtin.VerifyElementVisibleKeyword$_verifyElementVisible_closure1.doCall(VerifyElementVisibleKeyword.groovy:89)
	at com.kms.katalon.core.webui.keyword.builtin.VerifyElementVisibleKeyword$_verifyElementVisible_closure1.call(VerifyElementVisibleKeyword.groovy)
	at com.kms.katalon.core.webui.keyword.internal.WebUIKeywordMain.runKeyword(WebUIKeywordMain.groovy:35)
	at com.kms.katalon.core.webui.keyword.builtin.VerifyElementVisibleKeyword.verifyElementVisible(VerifyElementVisibleKeyword.groovy:97)
	at com.kms.katalon.core.webui.keyword.builtin.VerifyElementVisibleKeyword.execute(VerifyElementVisibleKeyword.groovy:67)
	at com.kms.katalon.core.keyword.internal.KeywordExecutor.executeKeywordForPlatform(KeywordExecutor.groovy:74)
	at com.kms.katalon.core.webui.keyword.WebUiBuiltInKeywords.verifyElementVisible(WebUiBuiltInKeywords.groovy:401)
	at com.kms.katalon.core.webui.keyword.WebUiBuiltInKeywords$verifyElementVisible$5.call(Unknown Source)
	at Add Subsidiaries Data Restrictions.run(Add Subsidiaries Data Restrictions:38)
	at com.kms.katalon.core.main.ScriptEngine.run(ScriptEngine.java:194)
	at com.kms.katalon.core.main.ScriptEngine.runScriptAsRawText(ScriptEngine.java:119)
	at com.kms.katalon.core.main.TestCaseExecutor.runScript(TestCaseExecutor.java:448)
	at com.kms.katalon.core.main.TestCaseExecutor.doExecute(TestCaseExecutor.java:439)
	at com.kms.katalon.core.main.TestCaseExecutor.processExecutionPhase(TestCaseExecutor.java:418)
	at com.kms.katalon.core.main.TestCaseExecutor.accessMainPhase(TestCaseExecutor.java:410)
	at com.kms.katalon.core.main.TestCaseExecutor.execute(TestCaseExecutor.java:285)
	at com.kms.katalon.core.common.CommonExecutor.accessTestCaseMainPhase(CommonExecutor.java:65)
	at com.kms.katalon.core.main.TestSuiteExecutor.accessTestSuiteMainPhase(TestSuiteExecutor.java:150)
	at com.kms.katalon.core.main.TestSuiteExecutor.execute(TestSuiteExecutor.java:106)
	at com.kms.katalon.core.main.TestCaseMain.startTestSuite(TestCaseMain.java:180)
	at com.kms.katalon.core.main.TestCaseMain$startTestSuite$0.call(Unknown Source)
	at TempTestSuite1761139108993.run(TempTestSuite1761139108993.groovy:35)
	at java.base/jdk.internal.reflect.NativeMethodAccessorImpl.invoke0(Native Method)
	at java.base/jdk.internal.reflect.NativeMethodAccessorImpl.invoke(NativeMethodAccessorImpl.java:77)
	at java.base/jdk.internal.reflect.DelegatingMethodAccessorImpl.invoke(DelegatingMethodAccessorImpl.java:43)
)

22-10-2025T11:24:17 - [TEST_STEP][PASSED] - click(findTestObject("Object Repository/TripFocus/Page_TripFocus/a_Users")): Object: 'Object Repository/TripFocus/Page_TripFocus/a_Users' is clicked on

22-10-2025T11:24:17 - [MESSAGE][PASSED] - Object: 'Object Repository/TripFocus/Page_TripFocus/a_Users' is clicked on

22-10-2025T11:24:17 - [TEST_STEP][PASSED] - delay(5): Delayed 5 second(s)

22-10-2025T11:24:22 - [MESSAGE][PASSED] - Delayed 5 second(s)

22-10-2025T11:24:22 - [TEST_STEP][PASSED] - setText(findTestObject("TripFocus/Users/User_Search_txt"), "ashfordSPGTesting"): Text 'ashfordSPGTesting' is set on object 'Object Repository/TripFocus/Users/User_Search_txt'

22-10-2025T11:24:22 - [MESSAGE][PASSED] - Text 'ashfordSPGTesting' is set on object 'Object Repository/TripFocus/Users/User_Search_txt'

22-10-2025T11:24:22 - [TEST_STEP][PASSED] - delay(2): Delayed 2 second(s)

22-10-2025T11:24:24 - [MESSAGE][PASSED] - Delayed 2 second(s)

22-10-2025T11:24:24 - [TEST_STEP][PASSED] - click(findTestObject("Object Repository/TripFocus/Page_TripFocus/button_Edit")): Object: 'Object Repository/TripFocus/Page_TripFocus/button_Edit' is clicked on

22-10-2025T11:24:24 - [MESSAGE][PASSED] - Object: 'Object Repository/TripFocus/Page_TripFocus/button_Edit' is clicked on

22-10-2025T11:24:24 - [TEST_STEP][PASSED] - delay(15): Delayed 15 second(s)

22-10-2025T11:24:39 - [MESSAGE][PASSED] - Delayed 15 second(s)

22-10-2025T11:24:39 - [TEST_STEP][PASSED] - click(findTestObject("TripFocus/Users/Data Restrictions/Data_Restrictions_tab")): Object: 'Object Repository/TripFocus/Users/Data Restrictions/Data_Restrictions_tab' is clicked on

22-10-2025T11:24:39 - [MESSAGE][PASSED] - Object: 'Object Repository/TripFocus/Users/Data Restrictions/Data_Restrictions_tab' is clicked on

22-10-2025T11:24:39 - [TEST_STEP][PASSED] - delay(2): Delayed 2 second(s)

22-10-2025T11:24:41 - [MESSAGE][PASSED] - Delayed 2 second(s)

22-10-2025T11:24:41 - [TEST_STEP][PASSED] - click(findTestObject("TripFocus/Users/Data Restrictions/Divisions_dropdown"), STOP_ON_FAILURE): Object: 'Object Repository/TripFocus/Users/Data Restrictions/Divisions_dropdown' is clicked on

22-10-2025T11:24:41 - [MESSAGE][PASSED] - Object: 'Object Repository/TripFocus/Users/Data Restrictions/Divisions_dropdown' is clicked on

22-10-2025T11:24:41 - [TEST_STEP][PASSED] - delay(1): Delayed 1 second(s)

22-10-2025T11:24:42 - [MESSAGE][PASSED] - Delayed 1 second(s)

22-10-2025T11:24:42 - [TEST_STEP][PASSED] - sendKeys(findTestObject("TripFocus/Users/Data Restrictions/Divisions_txt"), "SPG"): Keys 'SPG' sent to object: 'Object Repository/TripFocus/Users/Data Restrictions/Divisions_txt'

22-10-2025T11:24:43 - [MESSAGE][PASSED] - Keys 'SPG' sent to object: 'Object Repository/TripFocus/Users/Data Restrictions/Divisions_txt'

22-10-2025T11:24:43 - [TEST_STEP][PASSED] - delay(1): Delayed 1 second(s)

22-10-2025T11:24:44 - [MESSAGE][PASSED] - Delayed 1 second(s)

22-10-2025T11:24:44 - [TEST_STEP][PASSED] - sendKeys(findTestObject("TripFocus/Users/Data Restrictions/Divisions_txt"), Keys.chord(ENTER)): Keys 'ENTER + ' sent to object: 'Object Repository/TripFocus/Users/Data Restrictions/Divisions_txt'

22-10-2025T11:24:44 - [MESSAGE][PASSED] - Keys 'ENTER + ' sent to object: 'Object Repository/TripFocus/Users/Data Restrictions/Divisions_txt'

22-10-2025T11:24:44 - [TEST_STEP][PASSED] - delay(2): Delayed 2 second(s)

22-10-2025T11:24:46 - [MESSAGE][PASSED] - Delayed 2 second(s)

22-10-2025T11:24:46 - [TEST_STEP][PASSED] - click(findTestObject("TripFocus/Users/Data Restrictions/Subsidaries_dropdown"), STOP_ON_FAILURE): Object: 'Object Repository/TripFocus/Users/Data Restrictions/Subsidaries_dropdown' is clicked on

22-10-2025T11:24:46 - [MESSAGE][PASSED] - Object: 'Object Repository/TripFocus/Users/Data Restrictions/Subsidaries_dropdown' is clicked on

22-10-2025T11:24:46 - [TEST_STEP][PASSED] - delay(1): Delayed 1 second(s)

22-10-2025T11:24:47 - [MESSAGE][PASSED] - Delayed 1 second(s)

22-10-2025T11:24:47 - [TEST_STEP][PASSED] - sendKeys(findTestObject("TripFocus/Users/Data Restrictions/Subsidaries_txt"), "20 KAG Energy"): Keys '20 KAG Energy' sent to object: 'Object Repository/TripFocus/Users/Data Restrictions/Subsidaries_txt'

22-10-2025T11:24:47 - [MESSAGE][PASSED] - Keys '20 KAG Energy' sent to object: 'Object Repository/TripFocus/Users/Data Restrictions/Subsidaries_txt'

22-10-2025T11:24:47 - [TEST_STEP][PASSED] - delay(15): Delayed 15 second(s)

22-10-2025T11:25:02 - [MESSAGE][PASSED] - Delayed 15 second(s)

22-10-2025T11:25:02 - [TEST_STEP][PASSED] - sendKeys(findTestObject("TripFocus/Users/Data Restrictions/Subsidaries_txt"), Keys.chord(ENTER)): Keys 'ENTER + ' sent to object: 'Object Repository/TripFocus/Users/Data Restrictions/Subsidaries_txt'

22-10-2025T11:25:02 - [MESSAGE][PASSED] - Keys 'ENTER + ' sent to object: 'Object Repository/TripFocus/Users/Data Restrictions/Subsidaries_txt'

22-10-2025T11:25:02 - [TEST_STEP][PASSED] - delay(1): Delayed 1 second(s)

22-10-2025T11:25:03 - [MESSAGE][PASSED] - Delayed 1 second(s)

22-10-2025T11:25:03 - [TEST_STEP][PASSED] - click(findTestObject("TripFocus/Users/Data Restrictions/Preview_Data_Restrictions_btn"), STOP_ON_FAILURE): Object: 'Object Repository/TripFocus/Users/Data Restrictions/Preview_Data_Restrictions_btn' is clicked on

22-10-2025T11:25:03 - [MESSAGE][PASSED] - Object: 'Object Repository/TripFocus/Users/Data Restrictions/Preview_Data_Restrictions_btn' is clicked on

22-10-2025T11:25:03 - [TEST_STEP][PASSED] - waitForElementVisible(findTestObject("TripFocus/Users/Data Restrictions/Preview_Data_Restrictions_btn"), 10): Object 'Object Repository/TripFocus/Users/Data Restrictions/Preview_Data_Restrictions_btn' is visible

22-10-2025T11:25:03 - [MESSAGE][PASSED] - Object 'Object Repository/TripFocus/Users/Data Restrictions/Preview_Data_Restrictions_btn' is visible

22-10-2025T11:25:03 - [TEST_STEP][PASSED] - click(findTestObject("TripFocus/Users/Data Restrictions/Save_Data_Restrictions_btn"), STOP_ON_FAILURE): Object: 'Object Repository/TripFocus/Users/Data Restrictions/Save_Data_Restrictions_btn' is clicked on

22-10-2025T11:25:03 - [MESSAGE][PASSED] - Object: 'Object Repository/TripFocus/Users/Data Restrictions/Save_Data_Restrictions_btn' is clicked on

22-10-2025T11:25:03 - [TEST_STEP][PASSED] - delay(1): Delayed 1 second(s)

22-10-2025T11:25:04 - [MESSAGE][PASSED] - Delayed 1 second(s)

22-10-2025T11:25:04 - [TEST_STEP][PASSED] - verifyElementPresent(findTestObject("TripFocus/Toasty_Message"), 10): Object 'Object Repository/TripFocus/Toasty_Message' is present

22-10-2025T11:25:04 - [MESSAGE][PASSED] - Object 'Object Repository/TripFocus/Toasty_Message' is present

22-10-2025T11:25:04 - [TEST_STEP][PASSED] - verifyElementText(findTestObject("TripFocus/Toasty_Message"), "User Data Restrictions added successfully."): Actual text and expected text of test object 'Object Repository/TripFocus/Toasty_Message' are matched.

22-10-2025T11:25:04 - [MESSAGE][PASSED] - Actual text and expected text of test object 'Object Repository/TripFocus/Toasty_Message' are matched.

22-10-2025T11:25:04 - [TEST_STEP][PASSED] - delay(2): Delayed 2 second(s)

22-10-2025T11:25:06 - [MESSAGE][PASSED] - Delayed 2 second(s)

22-10-2025T11:25:06 - [TEST_STEP][PASSED] - click(findTestObject("TripFocus/Users/Data Restrictions/Data_Restrictions_tab")): Object: 'Object Repository/TripFocus/Users/Data Restrictions/Data_Restrictions_tab' is clicked on

22-10-2025T11:25:07 - [MESSAGE][PASSED] - Object: 'Object Repository/TripFocus/Users/Data Restrictions/Data_Restrictions_tab' is clicked on

22-10-2025T11:25:07 - [TEST_STEP][PASSED] - delay(2): Delayed 2 second(s)

22-10-2025T11:25:09 - [MESSAGE][PASSED] - Delayed 2 second(s)

22-10-2025T11:25:09 - [TEST_STEP][PASSED] - click(findTestObject("TripFocus/Users/Data Restrictions/Delete_Restriction_btn")): Object: 'Object Repository/TripFocus/Users/Data Restrictions/Delete_Restriction_btn' is clicked on

22-10-2025T11:25:09 - [MESSAGE][PASSED] - Object: 'Object Repository/TripFocus/Users/Data Restrictions/Delete_Restriction_btn' is clicked on

22-10-2025T11:25:09 - [TEST_STEP][PASSED] - Start listener action : retryOnDisconnect: null

22-10-2025T11:25:09 - [TEST_STEP][PASSED] - tcId = testCaseContext.getTestCaseId(): null

22-10-2025T11:25:09 - [TEST_STEP][PASSED] - currentRetry = retryCounts.getOrDefault(tcId, 0): null

22-10-2025T11:25:09 - [TEST_STEP][PASSED] - if (testCaseContext.getTestCaseStatus() == "FAILED" && currentRetry < MAX_RETRIES): null]]></system-out>
         <system-err><![CDATA[]]></system-err>
      </testcase>
      <testcase name="Test Cases/TripFocus/SPG/SPG - UserPage/Edit/Data Restrictions/Add Suppliers Data Restrictions" time="70.151" classname="Test Cases/TripFocus/SPG/SPG - UserPage/Edit/Data Restrictions/Add Suppliers Data Restrictions" status="PASSED">
         <system-out><![CDATA[22-10-2025T11:25:09 - [TEST_CASE][PASSED] - Test Cases/TripFocus/SPG/SPG - UserPage/Edit/Data Restrictions/Add Suppliers Data Restrictions: Test Cases/TripFocus/SPG/SPG - UserPage/Edit/Data Restrictions/Add Suppliers Data Restrictions

22-10-2025T11:25:09 - [TEST_STEP][PASSED] - Start listener action : beforeTestCase: null

22-10-2025T11:25:09 - [TEST_STEP][PASSED] - addDefaultPackages(): null

22-10-2025T11:25:09 - [TEST_STEP][PASSED] - openBrowser(""): Browser is opened with url: ''

22-10-2025T11:25:09 - [MESSAGE][WARNING] - A browser is already opened. Closing browser and opening a new one

22-10-2025T11:25:09 - [MESSAGE][INFO] - Starting 'Chrome' driver

22-10-2025T11:25:09 - [MESSAGE][INFO] - User set preference: ['args', '[--no-sandbox, --disable-gpu, --disable-dev-shm-usage]']

22-10-2025T11:25:09 - [MESSAGE][INFO] - Action delay is set to 0 milliseconds

22-10-2025T11:25:10 - [MESSAGE][PASSED] - Browser is opened with url: ''

22-10-2025T11:25:10 - [TEST_STEP][PASSED] - navigateToUrl(TFBaseURL): Navigate to 'https://www.qa.tripfocus.com' successfully

22-10-2025T11:25:10 - [MESSAGE][PASSED] - Navigate to 'https://www.qa.tripfocus.com' successfully

22-10-2025T11:25:10 - [TEST_STEP][PASSED] - click(findTestObject("Object Repository/TripFocus/Page_TripFocus/button_Sign in")): Object: 'Object Repository/TripFocus/Page_TripFocus/button_Sign in' is clicked on

22-10-2025T11:25:11 - [MESSAGE][PASSED] - Object: 'Object Repository/TripFocus/Page_TripFocus/button_Sign in' is clicked on

22-10-2025T11:25:11 - [TEST_STEP][PASSED] - setText(findTestObject("Object Repository/TripFocus/Page_TripFocus/input_Username (e.g. email address)_Username"), TripFocusBleachTechSPGUsername): Text 'Ashford.Chenault+BleachtechCustomerSPGONLY@thekag.com' is set on object 'Object Repository/TripFocus/Page_TripFocus/input_Username (e.g. email address)_Username'

22-10-2025T11:25:11 - [MESSAGE][PASSED] - Text 'Ashford.Chenault+BleachtechCustomerSPGONLY@thekag.com' is set on object 'Object Repository/TripFocus/Page_TripFocus/input_Username (e.g. email address)_Username'

22-10-2025T11:25:11 - [TEST_STEP][PASSED] - setText(findTestObject("Object Repository/TripFocus/Page_TripFocus/input_Password_Password"), TripFocusFDGSPGPassword): Text 'CrashBan911!!' is set on object 'Object Repository/TripFocus/Page_TripFocus/input_Password_Password'

22-10-2025T11:25:11 - [MESSAGE][PASSED] - Text 'CrashBan911!!' is set on object 'Object Repository/TripFocus/Page_TripFocus/input_Password_Password'

22-10-2025T11:25:11 - [TEST_STEP][PASSED] - click(findTestObject("Object Repository/TripFocus/Page_TripFocus/button_Login")): Object: 'Object Repository/TripFocus/Page_TripFocus/button_Login' is clicked on

22-10-2025T11:25:12 - [MESSAGE][PASSED] - Object: 'Object Repository/TripFocus/Page_TripFocus/button_Login' is clicked on

22-10-2025T11:25:12 - [TEST_STEP][PASSED] - maximizeWindow(): Current window maximized

22-10-2025T11:25:12 - [MESSAGE][PASSED] - Current window maximized

22-10-2025T11:25:12 - [TEST_STEP][PASSED] - waitForElementVisible(findTestObject("TripFocus/Testing_Notification_btn"), 15, OPTIONAL): Web element with id: 'Object Repository/TripFocus/Testing_Notification_btn' located by '//*[@id="__BVID__10___BV_modal_footer_"]/button' not found

22-10-2025T11:25:28 - [MESSAGE][INFO] - Unable to find the element located by 'By.xpath: //*[@id="__BVID__10___BV_modal_footer_"]/button'. Please recheck the objects properties to make sure the desired element is located. 

22-10-2025T11:25:28 - [MESSAGE][WARNING] - [SELF-HEALING] Failed to find element with id 'Object Repository/TripFocus/Testing_Notification_btn'. Try using Self-healing.

22-10-2025T11:25:29 - [MESSAGE][INFO] - [SELF-HEALING] No working XPath is found.

22-10-2025T11:25:31 - [MESSAGE][INFO] - Unable to find the element located by 'By.xpath: '. Please recheck the objects properties to make sure the desired element is located. 

22-10-2025T11:25:31 - [MESSAGE][WARNING] - [SELF-HEALING] Cannot find elements when the selector is null

22-10-2025T11:25:31 - [MESSAGE][WARNING] - Web element with id: 'Object Repository/TripFocus/Testing_Notification_btn' located by '//*[@id="__BVID__10___BV_modal_footer_"]/button' not found

22-10-2025T11:25:31 - [TEST_STEP][PASSED] - if (verifyElementVisible(findTestObject("TripFocus/Testing_Notification_btn"), OPTIONAL) == true): Web element with id: 'Object Repository/TripFocus/Testing_Notification_btn' located by '//*[@id="__BVID__10___BV_modal_footer_"]/button' not found (Root cause: com.kms.katalon.core.exception.StepFailedException: Web element with id: 'Object Repository/TripFocus/Testing_Notification_btn' located by '//*[@id="__BVID__10___BV_modal_footer_"]/button' not found
	at com.kms.katalon.core.webui.keyword.internal.WebUIKeywordMain.stepFailed(WebUIKeywordMain.groovy:117)
	at com.kms.katalon.core.webui.keyword.builtin.VerifyElementVisibleKeyword$_verifyElementVisible_closure1.doCall(VerifyElementVisibleKeyword.groovy:89)
	at com.kms.katalon.core.webui.keyword.builtin.VerifyElementVisibleKeyword$_verifyElementVisible_closure1.call(VerifyElementVisibleKeyword.groovy)
	at com.kms.katalon.core.webui.keyword.internal.WebUIKeywordMain.runKeyword(WebUIKeywordMain.groovy:35)
	at com.kms.katalon.core.webui.keyword.builtin.VerifyElementVisibleKeyword.verifyElementVisible(VerifyElementVisibleKeyword.groovy:97)
	at com.kms.katalon.core.webui.keyword.builtin.VerifyElementVisibleKeyword.execute(VerifyElementVisibleKeyword.groovy:67)
	at com.kms.katalon.core.keyword.internal.KeywordExecutor.executeKeywordForPlatform(KeywordExecutor.groovy:74)
	at com.kms.katalon.core.webui.keyword.WebUiBuiltInKeywords.verifyElementVisible(WebUiBuiltInKeywords.groovy:401)
	at com.kms.katalon.core.webui.keyword.WebUiBuiltInKeywords$verifyElementVisible$5.call(Unknown Source)
	at Add Suppliers Data Restrictions.run(Add Suppliers Data Restrictions:38)
	at com.kms.katalon.core.main.ScriptEngine.run(ScriptEngine.java:194)
	at com.kms.katalon.core.main.ScriptEngine.runScriptAsRawText(ScriptEngine.java:119)
	at com.kms.katalon.core.main.TestCaseExecutor.runScript(TestCaseExecutor.java:448)
	at com.kms.katalon.core.main.TestCaseExecutor.doExecute(TestCaseExecutor.java:439)
	at com.kms.katalon.core.main.TestCaseExecutor.processExecutionPhase(TestCaseExecutor.java:418)
	at com.kms.katalon.core.main.TestCaseExecutor.accessMainPhase(TestCaseExecutor.java:410)
	at com.kms.katalon.core.main.TestCaseExecutor.execute(TestCaseExecutor.java:285)
	at com.kms.katalon.core.common.CommonExecutor.accessTestCaseMainPhase(CommonExecutor.java:65)
	at com.kms.katalon.core.main.TestSuiteExecutor.accessTestSuiteMainPhase(TestSuiteExecutor.java:150)
	at com.kms.katalon.core.main.TestSuiteExecutor.execute(TestSuiteExecutor.java:106)
	at com.kms.katalon.core.main.TestCaseMain.startTestSuite(TestCaseMain.java:180)
	at com.kms.katalon.core.main.TestCaseMain$startTestSuite$0.call(Unknown Source)
	at TempTestSuite1761139108993.run(TempTestSuite1761139108993.groovy:35)
	at java.base/jdk.internal.reflect.NativeMethodAccessorImpl.invoke0(Native Method)
	at java.base/jdk.internal.reflect.NativeMethodAccessorImpl.invoke(NativeMethodAccessorImpl.java:77)
	at java.base/jdk.internal.reflect.DelegatingMethodAccessorImpl.invoke(DelegatingMethodAccessorImpl.java:43)
)

22-10-2025T11:25:47 - [MESSAGE][INFO] - Unable to find the element located by 'By.xpath: //*[@id="__BVID__10___BV_modal_footer_"]/button'. Please recheck the objects properties to make sure the desired element is located. 

22-10-2025T11:25:47 - [MESSAGE][WARNING] - [SELF-HEALING] Failed to find element with id 'Object Repository/TripFocus/Testing_Notification_btn'. Try using Self-healing.

22-10-2025T11:25:48 - [MESSAGE][INFO] - [SELF-HEALING] No working XPath is found.

22-10-2025T11:25:50 - [MESSAGE][INFO] - Unable to find the element located by 'By.xpath: '. Please recheck the objects properties to make sure the desired element is located. 

22-10-2025T11:25:50 - [MESSAGE][WARNING] - [SELF-HEALING] Cannot find elements when the selector is null

22-10-2025T11:25:50 - [MESSAGE][WARNING] - Web element with id: 'Object Repository/TripFocus/Testing_Notification_btn' located by '//*[@id="__BVID__10___BV_modal_footer_"]/button' not found (Root cause: com.kms.katalon.core.exception.StepFailedException: Web element with id: 'Object Repository/TripFocus/Testing_Notification_btn' located by '//*[@id="__BVID__10___BV_modal_footer_"]/button' not found
	at com.kms.katalon.core.webui.keyword.internal.WebUIKeywordMain.stepFailed(WebUIKeywordMain.groovy:117)
	at com.kms.katalon.core.webui.keyword.builtin.VerifyElementVisibleKeyword$_verifyElementVisible_closure1.doCall(VerifyElementVisibleKeyword.groovy:89)
	at com.kms.katalon.core.webui.keyword.builtin.VerifyElementVisibleKeyword$_verifyElementVisible_closure1.call(VerifyElementVisibleKeyword.groovy)
	at com.kms.katalon.core.webui.keyword.internal.WebUIKeywordMain.runKeyword(WebUIKeywordMain.groovy:35)
	at com.kms.katalon.core.webui.keyword.builtin.VerifyElementVisibleKeyword.verifyElementVisible(VerifyElementVisibleKeyword.groovy:97)
	at com.kms.katalon.core.webui.keyword.builtin.VerifyElementVisibleKeyword.execute(VerifyElementVisibleKeyword.groovy:67)
	at com.kms.katalon.core.keyword.internal.KeywordExecutor.executeKeywordForPlatform(KeywordExecutor.groovy:74)
	at com.kms.katalon.core.webui.keyword.WebUiBuiltInKeywords.verifyElementVisible(WebUiBuiltInKeywords.groovy:401)
	at com.kms.katalon.core.webui.keyword.WebUiBuiltInKeywords$verifyElementVisible$5.call(Unknown Source)
	at Add Suppliers Data Restrictions.run(Add Suppliers Data Restrictions:38)
	at com.kms.katalon.core.main.ScriptEngine.run(ScriptEngine.java:194)
	at com.kms.katalon.core.main.ScriptEngine.runScriptAsRawText(ScriptEngine.java:119)
	at com.kms.katalon.core.main.TestCaseExecutor.runScript(TestCaseExecutor.java:448)
	at com.kms.katalon.core.main.TestCaseExecutor.doExecute(TestCaseExecutor.java:439)
	at com.kms.katalon.core.main.TestCaseExecutor.processExecutionPhase(TestCaseExecutor.java:418)
	at com.kms.katalon.core.main.TestCaseExecutor.accessMainPhase(TestCaseExecutor.java:410)
	at com.kms.katalon.core.main.TestCaseExecutor.execute(TestCaseExecutor.java:285)
	at com.kms.katalon.core.common.CommonExecutor.accessTestCaseMainPhase(CommonExecutor.java:65)
	at com.kms.katalon.core.main.TestSuiteExecutor.accessTestSuiteMainPhase(TestSuiteExecutor.java:150)
	at com.kms.katalon.core.main.TestSuiteExecutor.execute(TestSuiteExecutor.java:106)
	at com.kms.katalon.core.main.TestCaseMain.startTestSuite(TestCaseMain.java:180)
	at com.kms.katalon.core.main.TestCaseMain$startTestSuite$0.call(Unknown Source)
	at TempTestSuite1761139108993.run(TempTestSuite1761139108993.groovy:35)
	at java.base/jdk.internal.reflect.NativeMethodAccessorImpl.invoke0(Native Method)
	at java.base/jdk.internal.reflect.NativeMethodAccessorImpl.invoke(NativeMethodAccessorImpl.java:77)
	at java.base/jdk.internal.reflect.DelegatingMethodAccessorImpl.invoke(DelegatingMethodAccessorImpl.java:43)
)

22-10-2025T11:25:50 - [TEST_STEP][PASSED] - click(findTestObject("Object Repository/TripFocus/Page_TripFocus/a_Users")): Object: 'Object Repository/TripFocus/Page_TripFocus/a_Users' is clicked on

22-10-2025T11:25:50 - [MESSAGE][PASSED] - Object: 'Object Repository/TripFocus/Page_TripFocus/a_Users' is clicked on

22-10-2025T11:25:50 - [TEST_STEP][PASSED] - delay(5): Delayed 5 second(s)

22-10-2025T11:25:55 - [MESSAGE][PASSED] - Delayed 5 second(s)

22-10-2025T11:25:55 - [TEST_STEP][PASSED] - setText(findTestObject("TripFocus/Users/User_Search_txt"), "ashfordSPGTesting"): Text 'ashfordSPGTesting' is set on object 'Object Repository/TripFocus/Users/User_Search_txt'

22-10-2025T11:25:55 - [MESSAGE][PASSED] - Text 'ashfordSPGTesting' is set on object 'Object Repository/TripFocus/Users/User_Search_txt'

22-10-2025T11:25:55 - [TEST_STEP][PASSED] - delay(2): Delayed 2 second(s)

22-10-2025T11:25:57 - [MESSAGE][PASSED] - Delayed 2 second(s)

22-10-2025T11:25:57 - [TEST_STEP][PASSED] - click(findTestObject("Object Repository/TripFocus/Page_TripFocus/button_Edit")): Object: 'Object Repository/TripFocus/Page_TripFocus/button_Edit' is clicked on

22-10-2025T11:25:57 - [MESSAGE][PASSED] - Object: 'Object Repository/TripFocus/Page_TripFocus/button_Edit' is clicked on

22-10-2025T11:25:57 - [TEST_STEP][PASSED] - delay(15): Delayed 15 second(s)

22-10-2025T11:26:12 - [MESSAGE][PASSED] - Delayed 15 second(s)

22-10-2025T11:26:12 - [TEST_STEP][PASSED] - click(findTestObject("TripFocus/Users/Data Restrictions/Data_Restrictions_tab")): Object: 'Object Repository/TripFocus/Users/Data Restrictions/Data_Restrictions_tab' is clicked on

22-10-2025T11:26:13 - [MESSAGE][PASSED] - Object: 'Object Repository/TripFocus/Users/Data Restrictions/Data_Restrictions_tab' is clicked on

22-10-2025T11:26:13 - [TEST_STEP][PASSED] - delay(2): Delayed 2 second(s)

22-10-2025T11:26:15 - [MESSAGE][PASSED] - Delayed 2 second(s)

22-10-2025T11:26:15 - [TEST_STEP][PASSED] - click(findTestObject("TripFocus/Users/Data Restrictions/Divisions_dropdown"), STOP_ON_FAILURE): Object: 'Object Repository/TripFocus/Users/Data Restrictions/Divisions_dropdown' is clicked on

22-10-2025T11:26:15 - [MESSAGE][PASSED] - Object: 'Object Repository/TripFocus/Users/Data Restrictions/Divisions_dropdown' is clicked on

22-10-2025T11:26:15 - [TEST_STEP][PASSED] - delay(1): Delayed 1 second(s)

22-10-2025T11:26:16 - [MESSAGE][PASSED] - Delayed 1 second(s)

22-10-2025T11:26:16 - [TEST_STEP][PASSED] - sendKeys(findTestObject("TripFocus/Users/Data Restrictions/Divisions_txt"), "SPG"): Keys 'SPG' sent to object: 'Object Repository/TripFocus/Users/Data Restrictions/Divisions_txt'

22-10-2025T11:26:16 - [MESSAGE][PASSED] - Keys 'SPG' sent to object: 'Object Repository/TripFocus/Users/Data Restrictions/Divisions_txt'

22-10-2025T11:26:16 - [TEST_STEP][PASSED] - delay(1): Delayed 1 second(s)

22-10-2025T11:26:17 - [MESSAGE][PASSED] - Delayed 1 second(s)

22-10-2025T11:26:17 - [TEST_STEP][PASSED] - sendKeys(findTestObject("TripFocus/Users/Data Restrictions/Divisions_txt"), Keys.chord(ENTER)): Keys 'ENTER + ' sent to object: 'Object Repository/TripFocus/Users/Data Restrictions/Divisions_txt'

22-10-2025T11:26:17 - [MESSAGE][PASSED] - Keys 'ENTER + ' sent to object: 'Object Repository/TripFocus/Users/Data Restrictions/Divisions_txt'

22-10-2025T11:26:17 - [TEST_STEP][PASSED] - delay(2): Delayed 2 second(s)

22-10-2025T11:26:19 - [MESSAGE][PASSED] - Delayed 2 second(s)

22-10-2025T11:26:19 - [TEST_STEP][PASSED] - verifyElementNotClickable(findTestObject("TripFocus/Users/Data Restrictions/Suppliers_txt"), STOP_ON_FAILURE): Object 'Object Repository/TripFocus/Users/Data Restrictions/Suppliers_txt' is NOT clickable

22-10-2025T11:26:19 - [MESSAGE][PASSED] - Object 'Object Repository/TripFocus/Users/Data Restrictions/Suppliers_txt' is NOT clickable

22-10-2025T11:26:19 - [TEST_STEP][PASSED] - Start listener action : retryOnDisconnect: null

22-10-2025T11:26:19 - [TEST_STEP][PASSED] - tcId = testCaseContext.getTestCaseId(): null

22-10-2025T11:26:19 - [TEST_STEP][PASSED] - currentRetry = retryCounts.getOrDefault(tcId, 0): null

22-10-2025T11:26:19 - [TEST_STEP][PASSED] - if (testCaseContext.getTestCaseStatus() == "FAILED" && currentRetry < MAX_RETRIES): null]]></system-out>
         <system-err><![CDATA[]]></system-err>
      </testcase>
      <testcase name="Test Cases/TripFocus/SPG/SPG - UserPage/Edit/Data Restrictions/Delete Current Data Restrictions" time="82.389" classname="Test Cases/TripFocus/SPG/SPG - UserPage/Edit/Data Restrictions/Delete Current Data Restrictions" status="PASSED">
         <system-out><![CDATA[22-10-2025T11:26:19 - [TEST_CASE][PASSED] - Test Cases/TripFocus/SPG/SPG - UserPage/Edit/Data Restrictions/Delete Current Data Restrictions: Test Cases/TripFocus/SPG/SPG - UserPage/Edit/Data Restrictions/Delete Current Data Restrictions

22-10-2025T11:26:19 - [TEST_STEP][PASSED] - Start listener action : beforeTestCase: null

22-10-2025T11:26:19 - [TEST_STEP][PASSED] - addDefaultPackages(): null

22-10-2025T11:26:19 - [TEST_STEP][PASSED] - openBrowser(""): Browser is opened with url: ''

22-10-2025T11:26:19 - [MESSAGE][WARNING] - A browser is already opened. Closing browser and opening a new one

22-10-2025T11:26:19 - [MESSAGE][INFO] - Starting 'Chrome' driver

22-10-2025T11:26:19 - [MESSAGE][INFO] - User set preference: ['args', '[--no-sandbox, --disable-gpu, --disable-dev-shm-usage]']

22-10-2025T11:26:19 - [MESSAGE][INFO] - Action delay is set to 0 milliseconds

22-10-2025T11:26:21 - [MESSAGE][PASSED] - Browser is opened with url: ''

22-10-2025T11:26:21 - [TEST_STEP][PASSED] - navigateToUrl(TFBaseURL): Navigate to 'https://www.qa.tripfocus.com' successfully

22-10-2025T11:26:21 - [MESSAGE][PASSED] - Navigate to 'https://www.qa.tripfocus.com' successfully

22-10-2025T11:26:21 - [TEST_STEP][PASSED] - click(findTestObject("Object Repository/TripFocus/Page_TripFocus/button_Sign in")): Object: 'Object Repository/TripFocus/Page_TripFocus/button_Sign in' is clicked on

22-10-2025T11:26:21 - [MESSAGE][PASSED] - Object: 'Object Repository/TripFocus/Page_TripFocus/button_Sign in' is clicked on

22-10-2025T11:26:21 - [TEST_STEP][PASSED] - setText(findTestObject("Object Repository/TripFocus/Page_TripFocus/input_Username (e.g. email address)_Username"), TripFocusBleachTechSPGUsername): Text 'Ashford.Chenault+BleachtechCustomerSPGONLY@thekag.com' is set on object 'Object Repository/TripFocus/Page_TripFocus/input_Username (e.g. email address)_Username'

22-10-2025T11:26:22 - [MESSAGE][PASSED] - Text 'Ashford.Chenault+BleachtechCustomerSPGONLY@thekag.com' is set on object 'Object Repository/TripFocus/Page_TripFocus/input_Username (e.g. email address)_Username'

22-10-2025T11:26:22 - [TEST_STEP][PASSED] - setText(findTestObject("Object Repository/TripFocus/Page_TripFocus/input_Password_Password"), TripFocusFDGSPGPassword): Text 'CrashBan911!!' is set on object 'Object Repository/TripFocus/Page_TripFocus/input_Password_Password'

22-10-2025T11:26:22 - [MESSAGE][PASSED] - Text 'CrashBan911!!' is set on object 'Object Repository/TripFocus/Page_TripFocus/input_Password_Password'

22-10-2025T11:26:22 - [TEST_STEP][PASSED] - click(findTestObject("Object Repository/TripFocus/Page_TripFocus/button_Login")): Object: 'Object Repository/TripFocus/Page_TripFocus/button_Login' is clicked on

22-10-2025T11:26:22 - [MESSAGE][PASSED] - Object: 'Object Repository/TripFocus/Page_TripFocus/button_Login' is clicked on

22-10-2025T11:26:22 - [TEST_STEP][PASSED] - maximizeWindow(): Current window maximized

22-10-2025T11:26:23 - [MESSAGE][PASSED] - Current window maximized

22-10-2025T11:26:23 - [TEST_STEP][PASSED] - waitForElementVisible(findTestObject("TripFocus/Testing_Notification_btn"), 15, OPTIONAL): Web element with id: 'Object Repository/TripFocus/Testing_Notification_btn' located by '//*[@id="__BVID__10___BV_modal_footer_"]/button' not found

22-10-2025T11:26:39 - [MESSAGE][INFO] - Unable to find the element located by 'By.xpath: //*[@id="__BVID__10___BV_modal_footer_"]/button'. Please recheck the objects properties to make sure the desired element is located. 

22-10-2025T11:26:39 - [MESSAGE][WARNING] - [SELF-HEALING] Failed to find element with id 'Object Repository/TripFocus/Testing_Notification_btn'. Try using Self-healing.

22-10-2025T11:26:40 - [MESSAGE][INFO] - [SELF-HEALING] No working XPath is found.

22-10-2025T11:26:42 - [MESSAGE][INFO] - Unable to find the element located by 'By.xpath: '. Please recheck the objects properties to make sure the desired element is located. 

22-10-2025T11:26:42 - [MESSAGE][WARNING] - [SELF-HEALING] Cannot find elements when the selector is null

22-10-2025T11:26:42 - [MESSAGE][WARNING] - Web element with id: 'Object Repository/TripFocus/Testing_Notification_btn' located by '//*[@id="__BVID__10___BV_modal_footer_"]/button' not found

22-10-2025T11:26:42 - [TEST_STEP][PASSED] - if (verifyElementVisible(findTestObject("TripFocus/Testing_Notification_btn"), OPTIONAL) == true): Web element with id: 'Object Repository/TripFocus/Testing_Notification_btn' located by '//*[@id="__BVID__10___BV_modal_footer_"]/button' not found (Root cause: com.kms.katalon.core.exception.StepFailedException: Web element with id: 'Object Repository/TripFocus/Testing_Notification_btn' located by '//*[@id="__BVID__10___BV_modal_footer_"]/button' not found
	at com.kms.katalon.core.webui.keyword.internal.WebUIKeywordMain.stepFailed(WebUIKeywordMain.groovy:117)
	at com.kms.katalon.core.webui.keyword.builtin.VerifyElementVisibleKeyword$_verifyElementVisible_closure1.doCall(VerifyElementVisibleKeyword.groovy:89)
	at com.kms.katalon.core.webui.keyword.builtin.VerifyElementVisibleKeyword$_verifyElementVisible_closure1.call(VerifyElementVisibleKeyword.groovy)
	at com.kms.katalon.core.webui.keyword.internal.WebUIKeywordMain.runKeyword(WebUIKeywordMain.groovy:35)
	at com.kms.katalon.core.webui.keyword.builtin.VerifyElementVisibleKeyword.verifyElementVisible(VerifyElementVisibleKeyword.groovy:97)
	at com.kms.katalon.core.webui.keyword.builtin.VerifyElementVisibleKeyword.execute(VerifyElementVisibleKeyword.groovy:67)
	at com.kms.katalon.core.keyword.internal.KeywordExecutor.executeKeywordForPlatform(KeywordExecutor.groovy:74)
	at com.kms.katalon.core.webui.keyword.WebUiBuiltInKeywords.verifyElementVisible(WebUiBuiltInKeywords.groovy:401)
	at com.kms.katalon.core.webui.keyword.WebUiBuiltInKeywords$verifyElementVisible$5.call(Unknown Source)
	at Add Shippers Data Restrictions.run(Add Shippers Data Restrictions:38)
	at com.kms.katalon.core.main.ScriptEngine.run(ScriptEngine.java:194)
	at com.kms.katalon.core.main.ScriptEngine.runScriptAsRawText(ScriptEngine.java:119)
	at com.kms.katalon.core.main.TestCaseExecutor.runScript(TestCaseExecutor.java:448)
	at com.kms.katalon.core.main.TestCaseExecutor.doExecute(TestCaseExecutor.java:439)
	at com.kms.katalon.core.main.TestCaseExecutor.processExecutionPhase(TestCaseExecutor.java:418)
	at com.kms.katalon.core.main.TestCaseExecutor.accessMainPhase(TestCaseExecutor.java:410)
	at com.kms.katalon.core.main.TestCaseExecutor.execute(TestCaseExecutor.java:285)
	at com.kms.katalon.core.common.CommonExecutor.accessTestCaseMainPhase(CommonExecutor.java:65)
	at com.kms.katalon.core.main.TestSuiteExecutor.accessTestSuiteMainPhase(TestSuiteExecutor.java:150)
	at com.kms.katalon.core.main.TestSuiteExecutor.execute(TestSuiteExecutor.java:106)
	at com.kms.katalon.core.main.TestCaseMain.startTestSuite(TestCaseMain.java:180)
	at com.kms.katalon.core.main.TestCaseMain$startTestSuite$0.call(Unknown Source)
	at TempTestSuite1761139108993.run(TempTestSuite1761139108993.groovy:35)
	at java.base/jdk.internal.reflect.NativeMethodAccessorImpl.invoke0(Native Method)
	at java.base/jdk.internal.reflect.NativeMethodAccessorImpl.invoke(NativeMethodAccessorImpl.java:77)
	at java.base/jdk.internal.reflect.DelegatingMethodAccessorImpl.invoke(DelegatingMethodAccessorImpl.java:43)
)

22-10-2025T11:26:58 - [MESSAGE][INFO] - Unable to find the element located by 'By.xpath: //*[@id="__BVID__10___BV_modal_footer_"]/button'. Please recheck the objects properties to make sure the desired element is located. 

22-10-2025T11:26:58 - [MESSAGE][WARNING] - [SELF-HEALING] Failed to find element with id 'Object Repository/TripFocus/Testing_Notification_btn'. Try using Self-healing.

22-10-2025T11:26:59 - [MESSAGE][INFO] - [SELF-HEALING] No working XPath is found.

22-10-2025T11:27:01 - [MESSAGE][INFO] - Unable to find the element located by 'By.xpath: '. Please recheck the objects properties to make sure the desired element is located. 

22-10-2025T11:27:01 - [MESSAGE][WARNING] - [SELF-HEALING] Cannot find elements when the selector is null

22-10-2025T11:27:01 - [MESSAGE][WARNING] - Web element with id: 'Object Repository/TripFocus/Testing_Notification_btn' located by '//*[@id="__BVID__10___BV_modal_footer_"]/button' not found (Root cause: com.kms.katalon.core.exception.StepFailedException: Web element with id: 'Object Repository/TripFocus/Testing_Notification_btn' located by '//*[@id="__BVID__10___BV_modal_footer_"]/button' not found
	at com.kms.katalon.core.webui.keyword.internal.WebUIKeywordMain.stepFailed(WebUIKeywordMain.groovy:117)
	at com.kms.katalon.core.webui.keyword.builtin.VerifyElementVisibleKeyword$_verifyElementVisible_closure1.doCall(VerifyElementVisibleKeyword.groovy:89)
	at com.kms.katalon.core.webui.keyword.builtin.VerifyElementVisibleKeyword$_verifyElementVisible_closure1.call(VerifyElementVisibleKeyword.groovy)
	at com.kms.katalon.core.webui.keyword.internal.WebUIKeywordMain.runKeyword(WebUIKeywordMain.groovy:35)
	at com.kms.katalon.core.webui.keyword.builtin.VerifyElementVisibleKeyword.verifyElementVisible(VerifyElementVisibleKeyword.groovy:97)
	at com.kms.katalon.core.webui.keyword.builtin.VerifyElementVisibleKeyword.execute(VerifyElementVisibleKeyword.groovy:67)
	at com.kms.katalon.core.keyword.internal.KeywordExecutor.executeKeywordForPlatform(KeywordExecutor.groovy:74)
	at com.kms.katalon.core.webui.keyword.WebUiBuiltInKeywords.verifyElementVisible(WebUiBuiltInKeywords.groovy:401)
	at com.kms.katalon.core.webui.keyword.WebUiBuiltInKeywords$verifyElementVisible$5.call(Unknown Source)
	at Add Shippers Data Restrictions.run(Add Shippers Data Restrictions:38)
	at com.kms.katalon.core.main.ScriptEngine.run(ScriptEngine.java:194)
	at com.kms.katalon.core.main.ScriptEngine.runScriptAsRawText(ScriptEngine.java:119)
	at com.kms.katalon.core.main.TestCaseExecutor.runScript(TestCaseExecutor.java:448)
	at com.kms.katalon.core.main.TestCaseExecutor.doExecute(TestCaseExecutor.java:439)
	at com.kms.katalon.core.main.TestCaseExecutor.processExecutionPhase(TestCaseExecutor.java:418)
	at com.kms.katalon.core.main.TestCaseExecutor.accessMainPhase(TestCaseExecutor.java:410)
	at com.kms.katalon.core.main.TestCaseExecutor.execute(TestCaseExecutor.java:285)
	at com.kms.katalon.core.common.CommonExecutor.accessTestCaseMainPhase(CommonExecutor.java:65)
	at com.kms.katalon.core.main.TestSuiteExecutor.accessTestSuiteMainPhase(TestSuiteExecutor.java:150)
	at com.kms.katalon.core.main.TestSuiteExecutor.execute(TestSuiteExecutor.java:106)
	at com.kms.katalon.core.main.TestCaseMain.startTestSuite(TestCaseMain.java:180)
	at com.kms.katalon.core.main.TestCaseMain$startTestSuite$0.call(Unknown Source)
	at TempTestSuite1761139108993.run(TempTestSuite1761139108993.groovy:35)
	at java.base/jdk.internal.reflect.NativeMethodAccessorImpl.invoke0(Native Method)
	at java.base/jdk.internal.reflect.NativeMethodAccessorImpl.invoke(NativeMethodAccessorImpl.java:77)
	at java.base/jdk.internal.reflect.DelegatingMethodAccessorImpl.invoke(DelegatingMethodAccessorImpl.java:43)
)

22-10-2025T11:27:01 - [TEST_STEP][PASSED] - click(findTestObject("Object Repository/TripFocus/Page_TripFocus/a_Users")): Object: 'Object Repository/TripFocus/Page_TripFocus/a_Users' is clicked on

22-10-2025T11:27:01 - [MESSAGE][PASSED] - Object: 'Object Repository/TripFocus/Page_TripFocus/a_Users' is clicked on

22-10-2025T11:27:01 - [TEST_STEP][PASSED] - delay(5): Delayed 5 second(s)

22-10-2025T11:27:06 - [MESSAGE][PASSED] - Delayed 5 second(s)

22-10-2025T11:27:06 - [TEST_STEP][PASSED] - setText(findTestObject("TripFocus/Users/User_Search_txt"), "ashfordSPGTesting"): Text 'ashfordSPGTesting' is set on object 'Object Repository/TripFocus/Users/User_Search_txt'

22-10-2025T11:27:06 - [MESSAGE][PASSED] - Text 'ashfordSPGTesting' is set on object 'Object Repository/TripFocus/Users/User_Search_txt'

22-10-2025T11:27:06 - [TEST_STEP][PASSED] - delay(2): Delayed 2 second(s)

22-10-2025T11:27:08 - [MESSAGE][PASSED] - Delayed 2 second(s)

22-10-2025T11:27:08 - [TEST_STEP][PASSED] - click(findTestObject("Object Repository/TripFocus/Page_TripFocus/button_Edit")): Object: 'Object Repository/TripFocus/Page_TripFocus/button_Edit' is clicked on

22-10-2025T11:27:08 - [MESSAGE][PASSED] - Object: 'Object Repository/TripFocus/Page_TripFocus/button_Edit' is clicked on

22-10-2025T11:27:08 - [TEST_STEP][PASSED] - delay(15): Delayed 15 second(s)

22-10-2025T11:27:23 - [MESSAGE][PASSED] - Delayed 15 second(s)

22-10-2025T11:27:23 - [TEST_STEP][PASSED] - click(findTestObject("TripFocus/Users/Data Restrictions/Data_Restrictions_tab")): Object: 'Object Repository/TripFocus/Users/Data Restrictions/Data_Restrictions_tab' is clicked on

22-10-2025T11:27:23 - [MESSAGE][PASSED] - Object: 'Object Repository/TripFocus/Users/Data Restrictions/Data_Restrictions_tab' is clicked on

22-10-2025T11:27:23 - [TEST_STEP][PASSED] - delay(2): Delayed 2 second(s)

22-10-2025T11:27:25 - [MESSAGE][PASSED] - Delayed 2 second(s)

22-10-2025T11:27:25 - [TEST_STEP][PASSED] - click(findTestObject("TripFocus/Users/Data Restrictions/Divisions_dropdown"), STOP_ON_FAILURE): Object: 'Object Repository/TripFocus/Users/Data Restrictions/Divisions_dropdown' is clicked on

22-10-2025T11:27:25 - [MESSAGE][PASSED] - Object: 'Object Repository/TripFocus/Users/Data Restrictions/Divisions_dropdown' is clicked on

22-10-2025T11:27:25 - [TEST_STEP][PASSED] - delay(1): Delayed 1 second(s)

22-10-2025T11:27:26 - [MESSAGE][PASSED] - Delayed 1 second(s)

22-10-2025T11:27:26 - [TEST_STEP][PASSED] - sendKeys(findTestObject("TripFocus/Users/Data Restrictions/Divisions_txt"), "SPG"): Keys 'SPG' sent to object: 'Object Repository/TripFocus/Users/Data Restrictions/Divisions_txt'

22-10-2025T11:27:26 - [MESSAGE][PASSED] - Keys 'SPG' sent to object: 'Object Repository/TripFocus/Users/Data Restrictions/Divisions_txt'

22-10-2025T11:27:26 - [TEST_STEP][PASSED] - delay(1): Delayed 1 second(s)

22-10-2025T11:27:27 - [MESSAGE][PASSED] - Delayed 1 second(s)

22-10-2025T11:27:27 - [TEST_STEP][PASSED] - sendKeys(findTestObject("TripFocus/Users/Data Restrictions/Divisions_txt"), Keys.chord(ENTER)): Keys 'ENTER + ' sent to object: 'Object Repository/TripFocus/Users/Data Restrictions/Divisions_txt'

22-10-2025T11:27:27 - [MESSAGE][PASSED] - Keys 'ENTER + ' sent to object: 'Object Repository/TripFocus/Users/Data Restrictions/Divisions_txt'

22-10-2025T11:27:27 - [TEST_STEP][PASSED] - delay(2): Delayed 2 second(s)

22-10-2025T11:27:29 - [MESSAGE][PASSED] - Delayed 2 second(s)

22-10-2025T11:27:29 - [TEST_STEP][PASSED] - click(findTestObject("TripFocus/Users/Data Restrictions/Shippers_dropdown"), STOP_ON_FAILURE): Object: 'Object Repository/TripFocus/Users/Data Restrictions/Shippers_dropdown' is clicked on

22-10-2025T11:27:30 - [MESSAGE][PASSED] - Object: 'Object Repository/TripFocus/Users/Data Restrictions/Shippers_dropdown' is clicked on

22-10-2025T11:27:30 - [TEST_STEP][PASSED] - delay(3): Delayed 3 second(s)

22-10-2025T11:27:33 - [MESSAGE][PASSED] - Delayed 3 second(s)

22-10-2025T11:27:33 - [TEST_STEP][PASSED] - sendKeys(findTestObject("TripFocus/Users/Data Restrictions/Shippers_txt"), "Bleachtech"): Keys 'Bleachtech' sent to object: 'Object Repository/TripFocus/Users/Data Restrictions/Shippers_txt'

22-10-2025T11:27:33 - [MESSAGE][PASSED] - Keys 'Bleachtech' sent to object: 'Object Repository/TripFocus/Users/Data Restrictions/Shippers_txt'

22-10-2025T11:27:33 - [TEST_STEP][PASSED] - delay(2): Delayed 2 second(s)

22-10-2025T11:27:35 - [MESSAGE][PASSED] - Delayed 2 second(s)

22-10-2025T11:27:35 - [TEST_STEP][PASSED] - sendKeys(findTestObject("TripFocus/Users/Data Restrictions/Shippers_txt"), Keys.chord(ENTER)): Keys 'ENTER + ' sent to object: 'Object Repository/TripFocus/Users/Data Restrictions/Shippers_txt'

22-10-2025T11:27:35 - [MESSAGE][PASSED] - Keys 'ENTER + ' sent to object: 'Object Repository/TripFocus/Users/Data Restrictions/Shippers_txt'

22-10-2025T11:27:35 - [TEST_STEP][PASSED] - delay(1): Delayed 1 second(s)

22-10-2025T11:27:36 - [MESSAGE][PASSED] - Delayed 1 second(s)

22-10-2025T11:27:36 - [TEST_STEP][PASSED] - click(findTestObject("TripFocus/Users/Data Restrictions/Preview_Data_Restrictions_btn"), STOP_ON_FAILURE): Object: 'Object Repository/TripFocus/Users/Data Restrictions/Preview_Data_Restrictions_btn' is clicked on

22-10-2025T11:27:36 - [MESSAGE][PASSED] - Object: 'Object Repository/TripFocus/Users/Data Restrictions/Preview_Data_Restrictions_btn' is clicked on

22-10-2025T11:27:36 - [TEST_STEP][PASSED] - waitForElementVisible(findTestObject("TripFocus/Users/Data Restrictions/Preview_Data_Restrictions_btn"), 10): Object 'Object Repository/TripFocus/Users/Data Restrictions/Preview_Data_Restrictions_btn' is visible

22-10-2025T11:27:36 - [MESSAGE][PASSED] - Object 'Object Repository/TripFocus/Users/Data Restrictions/Preview_Data_Restrictions_btn' is visible

22-10-2025T11:27:36 - [TEST_STEP][PASSED] - click(findTestObject("TripFocus/Users/Data Restrictions/Save_Data_Restrictions_btn"), STOP_ON_FAILURE): Object: 'Object Repository/TripFocus/Users/Data Restrictions/Save_Data_Restrictions_btn' is clicked on

22-10-2025T11:27:36 - [MESSAGE][PASSED] - Object: 'Object Repository/TripFocus/Users/Data Restrictions/Save_Data_Restrictions_btn' is clicked on

22-10-2025T11:27:36 - [TEST_STEP][PASSED] - delay(1): Delayed 1 second(s)

22-10-2025T11:27:37 - [MESSAGE][PASSED] - Delayed 1 second(s)

22-10-2025T11:27:37 - [TEST_STEP][PASSED] - verifyElementPresent(findTestObject("TripFocus/Toasty_Message"), 10): Object 'Object Repository/TripFocus/Toasty_Message' is present

22-10-2025T11:27:37 - [MESSAGE][PASSED] - Object 'Object Repository/TripFocus/Toasty_Message' is present

22-10-2025T11:27:37 - [TEST_STEP][PASSED] - verifyElementText(findTestObject("TripFocus/Toasty_Message"), "User Data Restrictions added successfully."): Actual text and expected text of test object 'Object Repository/TripFocus/Toasty_Message' are matched.

22-10-2025T11:27:37 - [MESSAGE][PASSED] - Actual text and expected text of test object 'Object Repository/TripFocus/Toasty_Message' are matched.

22-10-2025T11:27:37 - [TEST_STEP][PASSED] - delay(2): Delayed 2 second(s)

22-10-2025T11:27:39 - [MESSAGE][PASSED] - Delayed 2 second(s)

22-10-2025T11:27:39 - [TEST_STEP][PASSED] - click(findTestObject("TripFocus/Users/Data Restrictions/Data_Restrictions_tab")): Object: 'Object Repository/TripFocus/Users/Data Restrictions/Data_Restrictions_tab' is clicked on

22-10-2025T11:27:39 - [MESSAGE][PASSED] - Object: 'Object Repository/TripFocus/Users/Data Restrictions/Data_Restrictions_tab' is clicked on

22-10-2025T11:27:39 - [TEST_STEP][PASSED] - delay(2): Delayed 2 second(s)

22-10-2025T11:27:41 - [MESSAGE][PASSED] - Delayed 2 second(s)

22-10-2025T11:27:41 - [TEST_STEP][PASSED] - click(findTestObject("TripFocus/Users/Data Restrictions/Delete_Restriction_btn")): Object: 'Object Repository/TripFocus/Users/Data Restrictions/Delete_Restriction_btn' is clicked on

22-10-2025T11:27:41 - [MESSAGE][PASSED] - Object: 'Object Repository/TripFocus/Users/Data Restrictions/Delete_Restriction_btn' is clicked on

22-10-2025T11:27:41 - [TEST_STEP][PASSED] - Start listener action : retryOnDisconnect: null

22-10-2025T11:27:41 - [TEST_STEP][PASSED] - tcId = testCaseContext.getTestCaseId(): null

22-10-2025T11:27:41 - [TEST_STEP][PASSED] - currentRetry = retryCounts.getOrDefault(tcId, 0): null

22-10-2025T11:27:41 - [TEST_STEP][PASSED] - if (testCaseContext.getTestCaseStatus() == "FAILED" && currentRetry < MAX_RETRIES): null]]></system-out>
         <system-err><![CDATA[]]></system-err>
      </testcase>
      <testcase name="Test Cases/TripFocus/SPG/SPG - UserPage/Edit/Data Restrictions/Reset Data Restrictions" time="77.019" classname="Test Cases/TripFocus/SPG/SPG - UserPage/Edit/Data Restrictions/Reset Data Restrictions" status="PASSED">
         <system-out><![CDATA[22-10-2025T11:27:41 - [TEST_CASE][PASSED] - Test Cases/TripFocus/SPG/SPG - UserPage/Edit/Data Restrictions/Reset Data Restrictions: Test Cases/TripFocus/SPG/SPG - UserPage/Edit/Data Restrictions/Reset Data Restrictions

22-10-2025T11:27:41 - [TEST_STEP][PASSED] - Start listener action : beforeTestCase: null

22-10-2025T11:27:41 - [TEST_STEP][PASSED] - addDefaultPackages(): null

22-10-2025T11:27:41 - [TEST_STEP][PASSED] - openBrowser(""): Browser is opened with url: ''

22-10-2025T11:27:41 - [MESSAGE][WARNING] - A browser is already opened. Closing browser and opening a new one

22-10-2025T11:27:42 - [MESSAGE][INFO] - Starting 'Chrome' driver

22-10-2025T11:27:42 - [MESSAGE][INFO] - User set preference: ['args', '[--no-sandbox, --disable-gpu, --disable-dev-shm-usage]']

22-10-2025T11:27:42 - [MESSAGE][INFO] - Action delay is set to 0 milliseconds

22-10-2025T11:27:42 - [MESSAGE][PASSED] - Browser is opened with url: ''

22-10-2025T11:27:42 - [TEST_STEP][PASSED] - navigateToUrl(TFBaseURL): Navigate to 'https://www.qa.tripfocus.com' successfully

22-10-2025T11:27:43 - [MESSAGE][PASSED] - Navigate to 'https://www.qa.tripfocus.com' successfully

22-10-2025T11:27:43 - [TEST_STEP][PASSED] - click(findTestObject("Object Repository/TripFocus/Page_TripFocus/button_Sign in")): Object: 'Object Repository/TripFocus/Page_TripFocus/button_Sign in' is clicked on

22-10-2025T11:27:43 - [MESSAGE][PASSED] - Object: 'Object Repository/TripFocus/Page_TripFocus/button_Sign in' is clicked on

22-10-2025T11:27:43 - [TEST_STEP][PASSED] - setText(findTestObject("Object Repository/TripFocus/Page_TripFocus/input_Username (e.g. email address)_Username"), TripFocusBleachTechSPGUsername): Text 'Ashford.Chenault+BleachtechCustomerSPGONLY@thekag.com' is set on object 'Object Repository/TripFocus/Page_TripFocus/input_Username (e.g. email address)_Username'

22-10-2025T11:27:44 - [MESSAGE][PASSED] - Text 'Ashford.Chenault+BleachtechCustomerSPGONLY@thekag.com' is set on object 'Object Repository/TripFocus/Page_TripFocus/input_Username (e.g. email address)_Username'

22-10-2025T11:27:44 - [TEST_STEP][PASSED] - setText(findTestObject("Object Repository/TripFocus/Page_TripFocus/input_Password_Password"), TripFocusFDGSPGPassword): Text 'CrashBan911!!' is set on object 'Object Repository/TripFocus/Page_TripFocus/input_Password_Password'

22-10-2025T11:27:44 - [MESSAGE][PASSED] - Text 'CrashBan911!!' is set on object 'Object Repository/TripFocus/Page_TripFocus/input_Password_Password'

22-10-2025T11:27:44 - [TEST_STEP][PASSED] - click(findTestObject("Object Repository/TripFocus/Page_TripFocus/button_Login")): Object: 'Object Repository/TripFocus/Page_TripFocus/button_Login' is clicked on

22-10-2025T11:27:44 - [MESSAGE][PASSED] - Object: 'Object Repository/TripFocus/Page_TripFocus/button_Login' is clicked on

22-10-2025T11:27:44 - [TEST_STEP][PASSED] - maximizeWindow(): Current window maximized

22-10-2025T11:27:45 - [MESSAGE][PASSED] - Current window maximized

22-10-2025T11:27:45 - [TEST_STEP][PASSED] - waitForElementVisible(findTestObject("TripFocus/Testing_Notification_btn"), 15, OPTIONAL): Web element with id: 'Object Repository/TripFocus/Testing_Notification_btn' located by '//*[@id="__BVID__10___BV_modal_footer_"]/button' not found

22-10-2025T11:28:01 - [MESSAGE][INFO] - Unable to find the element located by 'By.xpath: //*[@id="__BVID__10___BV_modal_footer_"]/button'. Please recheck the objects properties to make sure the desired element is located. 

22-10-2025T11:28:01 - [MESSAGE][WARNING] - [SELF-HEALING] Failed to find element with id 'Object Repository/TripFocus/Testing_Notification_btn'. Try using Self-healing.

22-10-2025T11:28:02 - [MESSAGE][INFO] - [SELF-HEALING] No working XPath is found.

22-10-2025T11:28:04 - [MESSAGE][INFO] - Unable to find the element located by 'By.xpath: '. Please recheck the objects properties to make sure the desired element is located. 

22-10-2025T11:28:04 - [MESSAGE][WARNING] - [SELF-HEALING] Cannot find elements when the selector is null

22-10-2025T11:28:04 - [MESSAGE][WARNING] - Web element with id: 'Object Repository/TripFocus/Testing_Notification_btn' located by '//*[@id="__BVID__10___BV_modal_footer_"]/button' not found

22-10-2025T11:28:04 - [TEST_STEP][PASSED] - if (verifyElementVisible(findTestObject("TripFocus/Testing_Notification_btn"), OPTIONAL) == true): Web element with id: 'Object Repository/TripFocus/Testing_Notification_btn' located by '//*[@id="__BVID__10___BV_modal_footer_"]/button' not found (Root cause: com.kms.katalon.core.exception.StepFailedException: Web element with id: 'Object Repository/TripFocus/Testing_Notification_btn' located by '//*[@id="__BVID__10___BV_modal_footer_"]/button' not found
	at com.kms.katalon.core.webui.keyword.internal.WebUIKeywordMain.stepFailed(WebUIKeywordMain.groovy:117)
	at com.kms.katalon.core.webui.keyword.builtin.VerifyElementVisibleKeyword$_verifyElementVisible_closure1.doCall(VerifyElementVisibleKeyword.groovy:89)
	at com.kms.katalon.core.webui.keyword.builtin.VerifyElementVisibleKeyword$_verifyElementVisible_closure1.call(VerifyElementVisibleKeyword.groovy)
	at com.kms.katalon.core.webui.keyword.internal.WebUIKeywordMain.runKeyword(WebUIKeywordMain.groovy:35)
	at com.kms.katalon.core.webui.keyword.builtin.VerifyElementVisibleKeyword.verifyElementVisible(VerifyElementVisibleKeyword.groovy:97)
	at com.kms.katalon.core.webui.keyword.builtin.VerifyElementVisibleKeyword.execute(VerifyElementVisibleKeyword.groovy:67)
	at com.kms.katalon.core.keyword.internal.KeywordExecutor.executeKeywordForPlatform(KeywordExecutor.groovy:74)
	at com.kms.katalon.core.webui.keyword.WebUiBuiltInKeywords.verifyElementVisible(WebUiBuiltInKeywords.groovy:401)
	at com.kms.katalon.core.webui.keyword.WebUiBuiltInKeywords$verifyElementVisible$5.call(Unknown Source)
	at Reset Data Restrictions.run(Reset Data Restrictions:38)
	at com.kms.katalon.core.main.ScriptEngine.run(ScriptEngine.java:194)
	at com.kms.katalon.core.main.ScriptEngine.runScriptAsRawText(ScriptEngine.java:119)
	at com.kms.katalon.core.main.TestCaseExecutor.runScript(TestCaseExecutor.java:448)
	at com.kms.katalon.core.main.TestCaseExecutor.doExecute(TestCaseExecutor.java:439)
	at com.kms.katalon.core.main.TestCaseExecutor.processExecutionPhase(TestCaseExecutor.java:418)
	at com.kms.katalon.core.main.TestCaseExecutor.accessMainPhase(TestCaseExecutor.java:410)
	at com.kms.katalon.core.main.TestCaseExecutor.execute(TestCaseExecutor.java:285)
	at com.kms.katalon.core.common.CommonExecutor.accessTestCaseMainPhase(CommonExecutor.java:65)
	at com.kms.katalon.core.main.TestSuiteExecutor.accessTestSuiteMainPhase(TestSuiteExecutor.java:150)
	at com.kms.katalon.core.main.TestSuiteExecutor.execute(TestSuiteExecutor.java:106)
	at com.kms.katalon.core.main.TestCaseMain.startTestSuite(TestCaseMain.java:180)
	at com.kms.katalon.core.main.TestCaseMain$startTestSuite$0.call(Unknown Source)
	at TempTestSuite1761139108993.run(TempTestSuite1761139108993.groovy:35)
	at java.base/jdk.internal.reflect.NativeMethodAccessorImpl.invoke0(Native Method)
	at java.base/jdk.internal.reflect.NativeMethodAccessorImpl.invoke(NativeMethodAccessorImpl.java:77)
	at java.base/jdk.internal.reflect.DelegatingMethodAccessorImpl.invoke(DelegatingMethodAccessorImpl.java:43)
)

22-10-2025T11:28:20 - [MESSAGE][INFO] - Unable to find the element located by 'By.xpath: //*[@id="__BVID__10___BV_modal_footer_"]/button'. Please recheck the objects properties to make sure the desired element is located. 

22-10-2025T11:28:20 - [MESSAGE][WARNING] - [SELF-HEALING] Failed to find element with id 'Object Repository/TripFocus/Testing_Notification_btn'. Try using Self-healing.

22-10-2025T11:28:21 - [MESSAGE][INFO] - [SELF-HEALING] No working XPath is found.

22-10-2025T11:28:23 - [MESSAGE][INFO] - Unable to find the element located by 'By.xpath: '. Please recheck the objects properties to make sure the desired element is located. 

22-10-2025T11:28:23 - [MESSAGE][WARNING] - [SELF-HEALING] Cannot find elements when the selector is null

22-10-2025T11:28:23 - [MESSAGE][WARNING] - Web element with id: 'Object Repository/TripFocus/Testing_Notification_btn' located by '//*[@id="__BVID__10___BV_modal_footer_"]/button' not found (Root cause: com.kms.katalon.core.exception.StepFailedException: Web element with id: 'Object Repository/TripFocus/Testing_Notification_btn' located by '//*[@id="__BVID__10___BV_modal_footer_"]/button' not found
	at com.kms.katalon.core.webui.keyword.internal.WebUIKeywordMain.stepFailed(WebUIKeywordMain.groovy:117)
	at com.kms.katalon.core.webui.keyword.builtin.VerifyElementVisibleKeyword$_verifyElementVisible_closure1.doCall(VerifyElementVisibleKeyword.groovy:89)
	at com.kms.katalon.core.webui.keyword.builtin.VerifyElementVisibleKeyword$_verifyElementVisible_closure1.call(VerifyElementVisibleKeyword.groovy)
	at com.kms.katalon.core.webui.keyword.internal.WebUIKeywordMain.runKeyword(WebUIKeywordMain.groovy:35)
	at com.kms.katalon.core.webui.keyword.builtin.VerifyElementVisibleKeyword.verifyElementVisible(VerifyElementVisibleKeyword.groovy:97)
	at com.kms.katalon.core.webui.keyword.builtin.VerifyElementVisibleKeyword.execute(VerifyElementVisibleKeyword.groovy:67)
	at com.kms.katalon.core.keyword.internal.KeywordExecutor.executeKeywordForPlatform(KeywordExecutor.groovy:74)
	at com.kms.katalon.core.webui.keyword.WebUiBuiltInKeywords.verifyElementVisible(WebUiBuiltInKeywords.groovy:401)
	at com.kms.katalon.core.webui.keyword.WebUiBuiltInKeywords$verifyElementVisible$5.call(Unknown Source)
	at Reset Data Restrictions.run(Reset Data Restrictions:38)
	at com.kms.katalon.core.main.ScriptEngine.run(ScriptEngine.java:194)
	at com.kms.katalon.core.main.ScriptEngine.runScriptAsRawText(ScriptEngine.java:119)
	at com.kms.katalon.core.main.TestCaseExecutor.runScript(TestCaseExecutor.java:448)
	at com.kms.katalon.core.main.TestCaseExecutor.doExecute(TestCaseExecutor.java:439)
	at com.kms.katalon.core.main.TestCaseExecutor.processExecutionPhase(TestCaseExecutor.java:418)
	at com.kms.katalon.core.main.TestCaseExecutor.accessMainPhase(TestCaseExecutor.java:410)
	at com.kms.katalon.core.main.TestCaseExecutor.execute(TestCaseExecutor.java:285)
	at com.kms.katalon.core.common.CommonExecutor.accessTestCaseMainPhase(CommonExecutor.java:65)
	at com.kms.katalon.core.main.TestSuiteExecutor.accessTestSuiteMainPhase(TestSuiteExecutor.java:150)
	at com.kms.katalon.core.main.TestSuiteExecutor.execute(TestSuiteExecutor.java:106)
	at com.kms.katalon.core.main.TestCaseMain.startTestSuite(TestCaseMain.java:180)
	at com.kms.katalon.core.main.TestCaseMain$startTestSuite$0.call(Unknown Source)
	at TempTestSuite1761139108993.run(TempTestSuite1761139108993.groovy:35)
	at java.base/jdk.internal.reflect.NativeMethodAccessorImpl.invoke0(Native Method)
	at java.base/jdk.internal.reflect.NativeMethodAccessorImpl.invoke(NativeMethodAccessorImpl.java:77)
	at java.base/jdk.internal.reflect.DelegatingMethodAccessorImpl.invoke(DelegatingMethodAccessorImpl.java:43)
)

22-10-2025T11:28:23 - [TEST_STEP][PASSED] - click(findTestObject("Object Repository/TripFocus/Page_TripFocus/a_Users")): Object: 'Object Repository/TripFocus/Page_TripFocus/a_Users' is clicked on

22-10-2025T11:28:23 - [MESSAGE][PASSED] - Object: 'Object Repository/TripFocus/Page_TripFocus/a_Users' is clicked on

22-10-2025T11:28:23 - [TEST_STEP][PASSED] - delay(5): Delayed 5 second(s)

22-10-2025T11:28:28 - [MESSAGE][PASSED] - Delayed 5 second(s)

22-10-2025T11:28:28 - [TEST_STEP][PASSED] - setText(findTestObject("TripFocus/Users/User_Search_txt"), "ashfordSPGTesting"): Text 'ashfordSPGTesting' is set on object 'Object Repository/TripFocus/Users/User_Search_txt'

22-10-2025T11:28:28 - [MESSAGE][PASSED] - Text 'ashfordSPGTesting' is set on object 'Object Repository/TripFocus/Users/User_Search_txt'

22-10-2025T11:28:28 - [TEST_STEP][PASSED] - delay(2): Delayed 2 second(s)

22-10-2025T11:28:30 - [MESSAGE][PASSED] - Delayed 2 second(s)

22-10-2025T11:28:30 - [TEST_STEP][PASSED] - click(findTestObject("Object Repository/TripFocus/Page_TripFocus/button_Edit")): Object: 'Object Repository/TripFocus/Page_TripFocus/button_Edit' is clicked on

22-10-2025T11:28:30 - [MESSAGE][PASSED] - Object: 'Object Repository/TripFocus/Page_TripFocus/button_Edit' is clicked on

22-10-2025T11:28:30 - [TEST_STEP][PASSED] - delay(15): Delayed 15 second(s)

22-10-2025T11:28:45 - [MESSAGE][PASSED] - Delayed 15 second(s)

22-10-2025T11:28:45 - [TEST_STEP][PASSED] - click(findTestObject("TripFocus/Users/Data Restrictions/Data_Restrictions_tab")): Object: 'Object Repository/TripFocus/Users/Data Restrictions/Data_Restrictions_tab' is clicked on

22-10-2025T11:28:46 - [MESSAGE][PASSED] - Object: 'Object Repository/TripFocus/Users/Data Restrictions/Data_Restrictions_tab' is clicked on

22-10-2025T11:28:46 - [TEST_STEP][PASSED] - delay(2): Delayed 2 second(s)

22-10-2025T11:28:48 - [MESSAGE][PASSED] - Delayed 2 second(s)

22-10-2025T11:28:48 - [TEST_STEP][PASSED] - click(findTestObject("TripFocus/Users/Data Restrictions/Divisions_dropdown"), STOP_ON_FAILURE): Object: 'Object Repository/TripFocus/Users/Data Restrictions/Divisions_dropdown' is clicked on

22-10-2025T11:28:48 - [MESSAGE][PASSED] - Object: 'Object Repository/TripFocus/Users/Data Restrictions/Divisions_dropdown' is clicked on

22-10-2025T11:28:48 - [TEST_STEP][PASSED] - delay(1): Delayed 1 second(s)

22-10-2025T11:28:49 - [MESSAGE][PASSED] - Delayed 1 second(s)

22-10-2025T11:28:49 - [TEST_STEP][PASSED] - sendKeys(findTestObject("TripFocus/Users/Data Restrictions/Divisions_txt"), "SPG"): Keys 'SPG' sent to object: 'Object Repository/TripFocus/Users/Data Restrictions/Divisions_txt'

22-10-2025T11:28:49 - [MESSAGE][PASSED] - Keys 'SPG' sent to object: 'Object Repository/TripFocus/Users/Data Restrictions/Divisions_txt'

22-10-2025T11:28:49 - [TEST_STEP][PASSED] - delay(1): Delayed 1 second(s)

22-10-2025T11:28:50 - [MESSAGE][PASSED] - Delayed 1 second(s)

22-10-2025T11:28:50 - [TEST_STEP][PASSED] - sendKeys(findTestObject("TripFocus/Users/Data Restrictions/Divisions_txt"), Keys.chord(ENTER)): Keys 'ENTER + ' sent to object: 'Object Repository/TripFocus/Users/Data Restrictions/Divisions_txt'

22-10-2025T11:28:50 - [MESSAGE][PASSED] - Keys 'ENTER + ' sent to object: 'Object Repository/TripFocus/Users/Data Restrictions/Divisions_txt'

22-10-2025T11:28:50 - [TEST_STEP][PASSED] - delay(2): Delayed 2 second(s)

22-10-2025T11:28:52 - [MESSAGE][PASSED] - Delayed 2 second(s)

22-10-2025T11:28:52 - [TEST_STEP][PASSED] - click(findTestObject("TripFocus/Users/Data Restrictions/Commodities_dropdown"), STOP_ON_FAILURE): Object: 'Object Repository/TripFocus/Users/Data Restrictions/Commodities_dropdown' is clicked on

22-10-2025T11:28:52 - [MESSAGE][PASSED] - Object: 'Object Repository/TripFocus/Users/Data Restrictions/Commodities_dropdown' is clicked on

22-10-2025T11:28:52 - [TEST_STEP][PASSED] - delay(2): Delayed 2 second(s)

22-10-2025T11:28:54 - [MESSAGE][PASSED] - Delayed 2 second(s)

22-10-2025T11:28:54 - [TEST_STEP][PASSED] - sendKeys(findTestObject("TripFocus/Users/Data Restrictions/Commodoties_txt"), "Caustic Soda 30%"): Keys 'Caustic Soda 30%' sent to object: 'Object Repository/TripFocus/Users/Data Restrictions/Commodoties_txt'

22-10-2025T11:28:54 - [MESSAGE][PASSED] - Keys 'Caustic Soda 30%' sent to object: 'Object Repository/TripFocus/Users/Data Restrictions/Commodoties_txt'

22-10-2025T11:28:54 - [TEST_STEP][PASSED] - delay(3): Delayed 3 second(s)

22-10-2025T11:28:57 - [MESSAGE][PASSED] - Delayed 3 second(s)

22-10-2025T11:28:57 - [TEST_STEP][PASSED] - sendKeys(findTestObject("TripFocus/Users/Data Restrictions/Commodoties_txt"), Keys.chord(ENTER)): Keys 'ENTER + ' sent to object: 'Object Repository/TripFocus/Users/Data Restrictions/Commodoties_txt'

22-10-2025T11:28:57 - [MESSAGE][PASSED] - Keys 'ENTER + ' sent to object: 'Object Repository/TripFocus/Users/Data Restrictions/Commodoties_txt'

22-10-2025T11:28:57 - [TEST_STEP][PASSED] - delay(1): Delayed 1 second(s)

22-10-2025T11:28:58 - [MESSAGE][PASSED] - Delayed 1 second(s)

22-10-2025T11:28:58 - [TEST_STEP][PASSED] - waitForElementVisible(findTestObject("TripFocus/Users/Data Restrictions/Preview_Data_Restrictions_btn"), 10): Object 'Object Repository/TripFocus/Users/Data Restrictions/Preview_Data_Restrictions_btn' is visible

22-10-2025T11:28:58 - [MESSAGE][PASSED] - Object 'Object Repository/TripFocus/Users/Data Restrictions/Preview_Data_Restrictions_btn' is visible

22-10-2025T11:28:58 - [TEST_STEP][PASSED] - click(findTestObject("TripFocus/Users/Data Restrictions/Preview_Data_Restrictions_btn"), STOP_ON_FAILURE): Object: 'Object Repository/TripFocus/Users/Data Restrictions/Preview_Data_Restrictions_btn' is clicked on

22-10-2025T11:28:58 - [MESSAGE][PASSED] - Object: 'Object Repository/TripFocus/Users/Data Restrictions/Preview_Data_Restrictions_btn' is clicked on

22-10-2025T11:28:58 - [TEST_STEP][PASSED] - waitForElementVisible(findTestObject("TripFocus/Users/Data Restrictions/Reset_Data_Restrictions_btn"), 10): Object 'Object Repository/TripFocus/Users/Data Restrictions/Reset_Data_Restrictions_btn' is visible

22-10-2025T11:28:58 - [MESSAGE][PASSED] - Object 'Object Repository/TripFocus/Users/Data Restrictions/Reset_Data_Restrictions_btn' is visible

22-10-2025T11:28:58 - [TEST_STEP][PASSED] - click(findTestObject("TripFocus/Users/Data Restrictions/Reset_Data_Restrictions_btn"), STOP_ON_FAILURE): Object: 'Object Repository/TripFocus/Users/Data Restrictions/Reset_Data_Restrictions_btn' is clicked on

22-10-2025T11:28:58 - [MESSAGE][PASSED] - Object: 'Object Repository/TripFocus/Users/Data Restrictions/Reset_Data_Restrictions_btn' is clicked on

22-10-2025T11:28:58 - [TEST_STEP][PASSED] - Start listener action : retryOnDisconnect: null

22-10-2025T11:28:58 - [TEST_STEP][PASSED] - tcId = testCaseContext.getTestCaseId(): null

22-10-2025T11:28:58 - [TEST_STEP][PASSED] - currentRetry = retryCounts.getOrDefault(tcId, 0): null

22-10-2025T11:28:58 - [TEST_STEP][PASSED] - if (testCaseContext.getTestCaseStatus() == "FAILED" && currentRetry < MAX_RETRIES): null]]></system-out>
         <system-err><![CDATA[]]></system-err>
      </testcase>
      <testcase name="Test Cases/TripFocus/SPG/SPG - UserPage/Edit/Data Restrictions/Verify Account Of Data Restrictions Not Selectable" time="70.562" classname="Test Cases/TripFocus/SPG/SPG - UserPage/Edit/Data Restrictions/Verify Account Of Data Restrictions Not Selectable" status="PASSED">
         <system-out><![CDATA[22-10-2025T11:28:58 - [TEST_CASE][PASSED] - Test Cases/TripFocus/SPG/SPG - UserPage/Edit/Data Restrictions/Verify Account Of Data Restrictions Not Selectable: Test Cases/TripFocus/SPG/SPG - UserPage/Edit/Data Restrictions/Verify Account Of Data Restrictions Not Selectable

22-10-2025T11:28:58 - [TEST_STEP][PASSED] - Start listener action : beforeTestCase: null

22-10-2025T11:28:58 - [TEST_STEP][PASSED] - addDefaultPackages(): null

22-10-2025T11:28:58 - [TEST_STEP][PASSED] - openBrowser(""): Browser is opened with url: ''

22-10-2025T11:28:58 - [MESSAGE][WARNING] - A browser is already opened. Closing browser and opening a new one

22-10-2025T11:28:59 - [MESSAGE][INFO] - Starting 'Chrome' driver

22-10-2025T11:28:59 - [MESSAGE][INFO] - User set preference: ['args', '[--no-sandbox, --disable-gpu, --disable-dev-shm-usage]']

22-10-2025T11:28:59 - [MESSAGE][INFO] - Action delay is set to 0 milliseconds

22-10-2025T11:29:00 - [MESSAGE][PASSED] - Browser is opened with url: ''

22-10-2025T11:29:00 - [TEST_STEP][PASSED] - navigateToUrl(TFBaseURL): Navigate to 'https://www.qa.tripfocus.com' successfully

22-10-2025T11:29:00 - [MESSAGE][PASSED] - Navigate to 'https://www.qa.tripfocus.com' successfully

22-10-2025T11:29:00 - [TEST_STEP][PASSED] - click(findTestObject("Object Repository/TripFocus/Page_TripFocus/button_Sign in")): Object: 'Object Repository/TripFocus/Page_TripFocus/button_Sign in' is clicked on

22-10-2025T11:29:00 - [MESSAGE][PASSED] - Object: 'Object Repository/TripFocus/Page_TripFocus/button_Sign in' is clicked on

22-10-2025T11:29:00 - [TEST_STEP][PASSED] - setText(findTestObject("Object Repository/TripFocus/Page_TripFocus/input_Username (e.g. email address)_Username"), TripFocusBleachTechSPGUsername): Text 'Ashford.Chenault+BleachtechCustomerSPGONLY@thekag.com' is set on object 'Object Repository/TripFocus/Page_TripFocus/input_Username (e.g. email address)_Username'

22-10-2025T11:29:01 - [MESSAGE][PASSED] - Text 'Ashford.Chenault+BleachtechCustomerSPGONLY@thekag.com' is set on object 'Object Repository/TripFocus/Page_TripFocus/input_Username (e.g. email address)_Username'

22-10-2025T11:29:01 - [TEST_STEP][PASSED] - setText(findTestObject("Object Repository/TripFocus/Page_TripFocus/input_Password_Password"), TripFocusFDGSPGPassword): Text 'CrashBan911!!' is set on object 'Object Repository/TripFocus/Page_TripFocus/input_Password_Password'

22-10-2025T11:29:01 - [MESSAGE][PASSED] - Text 'CrashBan911!!' is set on object 'Object Repository/TripFocus/Page_TripFocus/input_Password_Password'

22-10-2025T11:29:01 - [TEST_STEP][PASSED] - click(findTestObject("Object Repository/TripFocus/Page_TripFocus/button_Login")): Object: 'Object Repository/TripFocus/Page_TripFocus/button_Login' is clicked on

22-10-2025T11:29:02 - [MESSAGE][PASSED] - Object: 'Object Repository/TripFocus/Page_TripFocus/button_Login' is clicked on

22-10-2025T11:29:02 - [TEST_STEP][PASSED] - maximizeWindow(): Current window maximized

22-10-2025T11:29:02 - [MESSAGE][PASSED] - Current window maximized

22-10-2025T11:29:02 - [TEST_STEP][PASSED] - waitForElementVisible(findTestObject("TripFocus/Testing_Notification_btn"), 15, OPTIONAL): Web element with id: 'Object Repository/TripFocus/Testing_Notification_btn' located by '//*[@id="__BVID__10___BV_modal_footer_"]/button' not found

22-10-2025T11:29:18 - [MESSAGE][INFO] - Unable to find the element located by 'By.xpath: //*[@id="__BVID__10___BV_modal_footer_"]/button'. Please recheck the objects properties to make sure the desired element is located. 

22-10-2025T11:29:18 - [MESSAGE][WARNING] - [SELF-HEALING] Failed to find element with id 'Object Repository/TripFocus/Testing_Notification_btn'. Try using Self-healing.

22-10-2025T11:29:19 - [MESSAGE][INFO] - [SELF-HEALING] No working XPath is found.

22-10-2025T11:29:21 - [MESSAGE][INFO] - Unable to find the element located by 'By.xpath: '. Please recheck the objects properties to make sure the desired element is located. 

22-10-2025T11:29:21 - [MESSAGE][WARNING] - [SELF-HEALING] Cannot find elements when the selector is null

22-10-2025T11:29:21 - [MESSAGE][WARNING] - Web element with id: 'Object Repository/TripFocus/Testing_Notification_btn' located by '//*[@id="__BVID__10___BV_modal_footer_"]/button' not found

22-10-2025T11:29:21 - [TEST_STEP][PASSED] - if (verifyElementVisible(findTestObject("TripFocus/Testing_Notification_btn"), OPTIONAL) == true): Web element with id: 'Object Repository/TripFocus/Testing_Notification_btn' located by '//*[@id="__BVID__10___BV_modal_footer_"]/button' not found (Root cause: com.kms.katalon.core.exception.StepFailedException: Web element with id: 'Object Repository/TripFocus/Testing_Notification_btn' located by '//*[@id="__BVID__10___BV_modal_footer_"]/button' not found
	at com.kms.katalon.core.webui.keyword.internal.WebUIKeywordMain.stepFailed(WebUIKeywordMain.groovy:117)
	at com.kms.katalon.core.webui.keyword.builtin.VerifyElementVisibleKeyword$_verifyElementVisible_closure1.doCall(VerifyElementVisibleKeyword.groovy:89)
	at com.kms.katalon.core.webui.keyword.builtin.VerifyElementVisibleKeyword$_verifyElementVisible_closure1.call(VerifyElementVisibleKeyword.groovy)
	at com.kms.katalon.core.webui.keyword.internal.WebUIKeywordMain.runKeyword(WebUIKeywordMain.groovy:35)
	at com.kms.katalon.core.webui.keyword.builtin.VerifyElementVisibleKeyword.verifyElementVisible(VerifyElementVisibleKeyword.groovy:97)
	at com.kms.katalon.core.webui.keyword.builtin.VerifyElementVisibleKeyword.execute(VerifyElementVisibleKeyword.groovy:67)
	at com.kms.katalon.core.keyword.internal.KeywordExecutor.executeKeywordForPlatform(KeywordExecutor.groovy:74)
	at com.kms.katalon.core.webui.keyword.WebUiBuiltInKeywords.verifyElementVisible(WebUiBuiltInKeywords.groovy:401)
	at com.kms.katalon.core.webui.keyword.WebUiBuiltInKeywords$verifyElementVisible$5.call(Unknown Source)
	at Verify Account Of Data Restrictions Not Selectable.run(Verify Account Of Data Restrictions Not Selectable:38)
	at com.kms.katalon.core.main.ScriptEngine.run(ScriptEngine.java:194)
	at com.kms.katalon.core.main.ScriptEngine.runScriptAsRawText(ScriptEngine.java:119)
	at com.kms.katalon.core.main.TestCaseExecutor.runScript(TestCaseExecutor.java:448)
	at com.kms.katalon.core.main.TestCaseExecutor.doExecute(TestCaseExecutor.java:439)
	at com.kms.katalon.core.main.TestCaseExecutor.processExecutionPhase(TestCaseExecutor.java:418)
	at com.kms.katalon.core.main.TestCaseExecutor.accessMainPhase(TestCaseExecutor.java:410)
	at com.kms.katalon.core.main.TestCaseExecutor.execute(TestCaseExecutor.java:285)
	at com.kms.katalon.core.common.CommonExecutor.accessTestCaseMainPhase(CommonExecutor.java:65)
	at com.kms.katalon.core.main.TestSuiteExecutor.accessTestSuiteMainPhase(TestSuiteExecutor.java:150)
	at com.kms.katalon.core.main.TestSuiteExecutor.execute(TestSuiteExecutor.java:106)
	at com.kms.katalon.core.main.TestCaseMain.startTestSuite(TestCaseMain.java:180)
	at com.kms.katalon.core.main.TestCaseMain$startTestSuite$0.call(Unknown Source)
	at TempTestSuite1761139108993.run(TempTestSuite1761139108993.groovy:35)
	at java.base/jdk.internal.reflect.NativeMethodAccessorImpl.invoke0(Native Method)
	at java.base/jdk.internal.reflect.NativeMethodAccessorImpl.invoke(NativeMethodAccessorImpl.java:77)
	at java.base/jdk.internal.reflect.DelegatingMethodAccessorImpl.invoke(DelegatingMethodAccessorImpl.java:43)
)

22-10-2025T11:29:37 - [MESSAGE][INFO] - Unable to find the element located by 'By.xpath: //*[@id="__BVID__10___BV_modal_footer_"]/button'. Please recheck the objects properties to make sure the desired element is located. 

22-10-2025T11:29:37 - [MESSAGE][WARNING] - [SELF-HEALING] Failed to find element with id 'Object Repository/TripFocus/Testing_Notification_btn'. Try using Self-healing.

22-10-2025T11:29:38 - [MESSAGE][INFO] - [SELF-HEALING] No working XPath is found.

22-10-2025T11:29:40 - [MESSAGE][INFO] - Unable to find the element located by 'By.xpath: '. Please recheck the objects properties to make sure the desired element is located. 

22-10-2025T11:29:40 - [MESSAGE][WARNING] - [SELF-HEALING] Cannot find elements when the selector is null

22-10-2025T11:29:40 - [MESSAGE][WARNING] - Web element with id: 'Object Repository/TripFocus/Testing_Notification_btn' located by '//*[@id="__BVID__10___BV_modal_footer_"]/button' not found (Root cause: com.kms.katalon.core.exception.StepFailedException: Web element with id: 'Object Repository/TripFocus/Testing_Notification_btn' located by '//*[@id="__BVID__10___BV_modal_footer_"]/button' not found
	at com.kms.katalon.core.webui.keyword.internal.WebUIKeywordMain.stepFailed(WebUIKeywordMain.groovy:117)
	at com.kms.katalon.core.webui.keyword.builtin.VerifyElementVisibleKeyword$_verifyElementVisible_closure1.doCall(VerifyElementVisibleKeyword.groovy:89)
	at com.kms.katalon.core.webui.keyword.builtin.VerifyElementVisibleKeyword$_verifyElementVisible_closure1.call(VerifyElementVisibleKeyword.groovy)
	at com.kms.katalon.core.webui.keyword.internal.WebUIKeywordMain.runKeyword(WebUIKeywordMain.groovy:35)
	at com.kms.katalon.core.webui.keyword.builtin.VerifyElementVisibleKeyword.verifyElementVisible(VerifyElementVisibleKeyword.groovy:97)
	at com.kms.katalon.core.webui.keyword.builtin.VerifyElementVisibleKeyword.execute(VerifyElementVisibleKeyword.groovy:67)
	at com.kms.katalon.core.keyword.internal.KeywordExecutor.executeKeywordForPlatform(KeywordExecutor.groovy:74)
	at com.kms.katalon.core.webui.keyword.WebUiBuiltInKeywords.verifyElementVisible(WebUiBuiltInKeywords.groovy:401)
	at com.kms.katalon.core.webui.keyword.WebUiBuiltInKeywords$verifyElementVisible$5.call(Unknown Source)
	at Verify Account Of Data Restrictions Not Selectable.run(Verify Account Of Data Restrictions Not Selectable:38)
	at com.kms.katalon.core.main.ScriptEngine.run(ScriptEngine.java:194)
	at com.kms.katalon.core.main.ScriptEngine.runScriptAsRawText(ScriptEngine.java:119)
	at com.kms.katalon.core.main.TestCaseExecutor.runScript(TestCaseExecutor.java:448)
	at com.kms.katalon.core.main.TestCaseExecutor.doExecute(TestCaseExecutor.java:439)
	at com.kms.katalon.core.main.TestCaseExecutor.processExecutionPhase(TestCaseExecutor.java:418)
	at com.kms.katalon.core.main.TestCaseExecutor.accessMainPhase(TestCaseExecutor.java:410)
	at com.kms.katalon.core.main.TestCaseExecutor.execute(TestCaseExecutor.java:285)
	at com.kms.katalon.core.common.CommonExecutor.accessTestCaseMainPhase(CommonExecutor.java:65)
	at com.kms.katalon.core.main.TestSuiteExecutor.accessTestSuiteMainPhase(TestSuiteExecutor.java:150)
	at com.kms.katalon.core.main.TestSuiteExecutor.execute(TestSuiteExecutor.java:106)
	at com.kms.katalon.core.main.TestCaseMain.startTestSuite(TestCaseMain.java:180)
	at com.kms.katalon.core.main.TestCaseMain$startTestSuite$0.call(Unknown Source)
	at TempTestSuite1761139108993.run(TempTestSuite1761139108993.groovy:35)
	at java.base/jdk.internal.reflect.NativeMethodAccessorImpl.invoke0(Native Method)
	at java.base/jdk.internal.reflect.NativeMethodAccessorImpl.invoke(NativeMethodAccessorImpl.java:77)
	at java.base/jdk.internal.reflect.DelegatingMethodAccessorImpl.invoke(DelegatingMethodAccessorImpl.java:43)
)

22-10-2025T11:29:40 - [TEST_STEP][PASSED] - click(findTestObject("Object Repository/TripFocus/Page_TripFocus/a_Users")): Object: 'Object Repository/TripFocus/Page_TripFocus/a_Users' is clicked on

22-10-2025T11:29:40 - [MESSAGE][PASSED] - Object: 'Object Repository/TripFocus/Page_TripFocus/a_Users' is clicked on

22-10-2025T11:29:40 - [TEST_STEP][PASSED] - delay(5): Delayed 5 second(s)

22-10-2025T11:29:45 - [MESSAGE][PASSED] - Delayed 5 second(s)

22-10-2025T11:29:45 - [TEST_STEP][PASSED] - setText(findTestObject("TripFocus/Users/User_Search_txt"), "ashfordSPGTesting"): Text 'ashfordSPGTesting' is set on object 'Object Repository/TripFocus/Users/User_Search_txt'

22-10-2025T11:29:45 - [MESSAGE][PASSED] - Text 'ashfordSPGTesting' is set on object 'Object Repository/TripFocus/Users/User_Search_txt'

22-10-2025T11:29:45 - [TEST_STEP][PASSED] - delay(2): Delayed 2 second(s)

22-10-2025T11:29:47 - [MESSAGE][PASSED] - Delayed 2 second(s)

22-10-2025T11:29:47 - [TEST_STEP][PASSED] - click(findTestObject("Object Repository/TripFocus/Page_TripFocus/button_Edit")): Object: 'Object Repository/TripFocus/Page_TripFocus/button_Edit' is clicked on

22-10-2025T11:29:47 - [MESSAGE][PASSED] - Object: 'Object Repository/TripFocus/Page_TripFocus/button_Edit' is clicked on

22-10-2025T11:29:47 - [TEST_STEP][PASSED] - delay(15): Delayed 15 second(s)

22-10-2025T11:30:02 - [MESSAGE][PASSED] - Delayed 15 second(s)

22-10-2025T11:30:02 - [TEST_STEP][PASSED] - click(findTestObject("TripFocus/Users/Data Restrictions/Data_Restrictions_tab")): Object: 'Object Repository/TripFocus/Users/Data Restrictions/Data_Restrictions_tab' is clicked on

22-10-2025T11:30:03 - [MESSAGE][PASSED] - Object: 'Object Repository/TripFocus/Users/Data Restrictions/Data_Restrictions_tab' is clicked on

22-10-2025T11:30:03 - [TEST_STEP][PASSED] - delay(2): Delayed 2 second(s)

22-10-2025T11:30:05 - [MESSAGE][PASSED] - Delayed 2 second(s)

22-10-2025T11:30:05 - [TEST_STEP][PASSED] - click(findTestObject("TripFocus/Users/Data Restrictions/Divisions_dropdown"), STOP_ON_FAILURE): Object: 'Object Repository/TripFocus/Users/Data Restrictions/Divisions_dropdown' is clicked on

22-10-2025T11:30:05 - [MESSAGE][PASSED] - Object: 'Object Repository/TripFocus/Users/Data Restrictions/Divisions_dropdown' is clicked on

22-10-2025T11:30:05 - [TEST_STEP][PASSED] - delay(1): Delayed 1 second(s)

22-10-2025T11:30:06 - [MESSAGE][PASSED] - Delayed 1 second(s)

22-10-2025T11:30:06 - [TEST_STEP][PASSED] - sendKeys(findTestObject("TripFocus/Users/Data Restrictions/Divisions_txt"), "SPG"): Keys 'SPG' sent to object: 'Object Repository/TripFocus/Users/Data Restrictions/Divisions_txt'

22-10-2025T11:30:06 - [MESSAGE][PASSED] - Keys 'SPG' sent to object: 'Object Repository/TripFocus/Users/Data Restrictions/Divisions_txt'

22-10-2025T11:30:06 - [TEST_STEP][PASSED] - delay(1): Delayed 1 second(s)

22-10-2025T11:30:07 - [MESSAGE][PASSED] - Delayed 1 second(s)

22-10-2025T11:30:07 - [TEST_STEP][PASSED] - sendKeys(findTestObject("TripFocus/Users/Data Restrictions/Divisions_txt"), Keys.chord(ENTER)): Keys 'ENTER + ' sent to object: 'Object Repository/TripFocus/Users/Data Restrictions/Divisions_txt'

22-10-2025T11:30:07 - [MESSAGE][PASSED] - Keys 'ENTER + ' sent to object: 'Object Repository/TripFocus/Users/Data Restrictions/Divisions_txt'

22-10-2025T11:30:07 - [TEST_STEP][PASSED] - delay(2): Delayed 2 second(s)

22-10-2025T11:30:09 - [MESSAGE][PASSED] - Delayed 2 second(s)

22-10-2025T11:30:09 - [TEST_STEP][PASSED] - verifyElementNotClickable(findTestObject("TripFocus/Users/Data Restrictions/Account_Of_txt"), STOP_ON_FAILURE): Object 'Object Repository/TripFocus/Users/Data Restrictions/Account_Of_txt' is NOT clickable

22-10-2025T11:30:09 - [MESSAGE][PASSED] - Object 'Object Repository/TripFocus/Users/Data Restrictions/Account_Of_txt' is NOT clickable

22-10-2025T11:30:09 - [TEST_STEP][PASSED] - Start listener action : retryOnDisconnect: null

22-10-2025T11:30:09 - [TEST_STEP][PASSED] - tcId = testCaseContext.getTestCaseId(): null

22-10-2025T11:30:09 - [TEST_STEP][PASSED] - currentRetry = retryCounts.getOrDefault(tcId, 0): null

22-10-2025T11:30:09 - [TEST_STEP][PASSED] - if (testCaseContext.getTestCaseStatus() == "FAILED" && currentRetry < MAX_RETRIES): null]]></system-out>
         <system-err><![CDATA[]]></system-err>
      </testcase>
      <testcase name="Test Cases/TripFocus/SPG/SPG - UserPage/Edit/Data Restrictions/Verify Preview Data Restrictions Button" time="66.262" classname="Test Cases/TripFocus/SPG/SPG - UserPage/Edit/Data Restrictions/Verify Preview Data Restrictions Button" status="PASSED">
         <system-out><![CDATA[22-10-2025T11:30:09 - [TEST_CASE][PASSED] - Test Cases/TripFocus/SPG/SPG - UserPage/Edit/Data Restrictions/Verify Preview Data Restrictions Button: Test Cases/TripFocus/SPG/SPG - UserPage/Edit/Data Restrictions/Verify Preview Data Restrictions Button

22-10-2025T11:30:09 - [TEST_STEP][PASSED] - Start listener action : beforeTestCase: null

22-10-2025T11:30:09 - [TEST_STEP][PASSED] - addDefaultPackages(): null

22-10-2025T11:30:09 - [TEST_STEP][PASSED] - openBrowser(""): Browser is opened with url: ''

22-10-2025T11:30:09 - [MESSAGE][WARNING] - A browser is already opened. Closing browser and opening a new one

22-10-2025T11:30:09 - [MESSAGE][INFO] - Starting 'Chrome' driver

22-10-2025T11:30:09 - [MESSAGE][INFO] - User set preference: ['args', '[--no-sandbox, --disable-gpu, --disable-dev-shm-usage]']

22-10-2025T11:30:09 - [MESSAGE][INFO] - Action delay is set to 0 milliseconds

22-10-2025T11:30:10 - [MESSAGE][PASSED] - Browser is opened with url: ''

22-10-2025T11:30:10 - [TEST_STEP][PASSED] - navigateToUrl(TFBaseURL): Navigate to 'https://www.qa.tripfocus.com' successfully

22-10-2025T11:30:11 - [MESSAGE][PASSED] - Navigate to 'https://www.qa.tripfocus.com' successfully

22-10-2025T11:30:11 - [TEST_STEP][PASSED] - click(findTestObject("Object Repository/TripFocus/Page_TripFocus/button_Sign in")): Object: 'Object Repository/TripFocus/Page_TripFocus/button_Sign in' is clicked on

22-10-2025T11:30:11 - [MESSAGE][PASSED] - Object: 'Object Repository/TripFocus/Page_TripFocus/button_Sign in' is clicked on

22-10-2025T11:30:11 - [TEST_STEP][PASSED] - setText(findTestObject("Object Repository/TripFocus/Page_TripFocus/input_Username (e.g. email address)_Username"), TripFocusBleachTechSPGUsername): Text 'Ashford.Chenault+BleachtechCustomerSPGONLY@thekag.com' is set on object 'Object Repository/TripFocus/Page_TripFocus/input_Username (e.g. email address)_Username'

22-10-2025T11:30:11 - [MESSAGE][PASSED] - Text 'Ashford.Chenault+BleachtechCustomerSPGONLY@thekag.com' is set on object 'Object Repository/TripFocus/Page_TripFocus/input_Username (e.g. email address)_Username'

22-10-2025T11:30:11 - [TEST_STEP][PASSED] - setText(findTestObject("Object Repository/TripFocus/Page_TripFocus/input_Password_Password"), TripFocusFDGSPGPassword): Text 'CrashBan911!!' is set on object 'Object Repository/TripFocus/Page_TripFocus/input_Password_Password'

22-10-2025T11:30:12 - [MESSAGE][PASSED] - Text 'CrashBan911!!' is set on object 'Object Repository/TripFocus/Page_TripFocus/input_Password_Password'

22-10-2025T11:30:12 - [TEST_STEP][PASSED] - click(findTestObject("Object Repository/TripFocus/Page_TripFocus/button_Login")): Object: 'Object Repository/TripFocus/Page_TripFocus/button_Login' is clicked on

22-10-2025T11:30:12 - [MESSAGE][PASSED] - Object: 'Object Repository/TripFocus/Page_TripFocus/button_Login' is clicked on

22-10-2025T11:30:12 - [TEST_STEP][PASSED] - maximizeWindow(): Current window maximized

22-10-2025T11:30:12 - [MESSAGE][PASSED] - Current window maximized

22-10-2025T11:30:12 - [TEST_STEP][PASSED] - waitForElementVisible(findTestObject("TripFocus/Testing_Notification_btn"), 15, OPTIONAL): Web element with id: 'Object Repository/TripFocus/Testing_Notification_btn' located by '//*[@id="__BVID__10___BV_modal_footer_"]/button' not found

22-10-2025T11:30:28 - [MESSAGE][INFO] - Unable to find the element located by 'By.xpath: //*[@id="__BVID__10___BV_modal_footer_"]/button'. Please recheck the objects properties to make sure the desired element is located. 

22-10-2025T11:30:28 - [MESSAGE][WARNING] - [SELF-HEALING] Failed to find element with id 'Object Repository/TripFocus/Testing_Notification_btn'. Try using Self-healing.

22-10-2025T11:30:29 - [MESSAGE][INFO] - [SELF-HEALING] No working XPath is found.

22-10-2025T11:30:31 - [MESSAGE][INFO] - Unable to find the element located by 'By.xpath: '. Please recheck the objects properties to make sure the desired element is located. 

22-10-2025T11:30:31 - [MESSAGE][WARNING] - [SELF-HEALING] Cannot find elements when the selector is null

22-10-2025T11:30:31 - [MESSAGE][WARNING] - Web element with id: 'Object Repository/TripFocus/Testing_Notification_btn' located by '//*[@id="__BVID__10___BV_modal_footer_"]/button' not found

22-10-2025T11:30:31 - [TEST_STEP][PASSED] - if (verifyElementVisible(findTestObject("TripFocus/Testing_Notification_btn"), OPTIONAL) == true): Web element with id: 'Object Repository/TripFocus/Testing_Notification_btn' located by '//*[@id="__BVID__10___BV_modal_footer_"]/button' not found (Root cause: com.kms.katalon.core.exception.StepFailedException: Web element with id: 'Object Repository/TripFocus/Testing_Notification_btn' located by '//*[@id="__BVID__10___BV_modal_footer_"]/button' not found
	at com.kms.katalon.core.webui.keyword.internal.WebUIKeywordMain.stepFailed(WebUIKeywordMain.groovy:117)
	at com.kms.katalon.core.webui.keyword.builtin.VerifyElementVisibleKeyword$_verifyElementVisible_closure1.doCall(VerifyElementVisibleKeyword.groovy:89)
	at com.kms.katalon.core.webui.keyword.builtin.VerifyElementVisibleKeyword$_verifyElementVisible_closure1.call(VerifyElementVisibleKeyword.groovy)
	at com.kms.katalon.core.webui.keyword.internal.WebUIKeywordMain.runKeyword(WebUIKeywordMain.groovy:35)
	at com.kms.katalon.core.webui.keyword.builtin.VerifyElementVisibleKeyword.verifyElementVisible(VerifyElementVisibleKeyword.groovy:97)
	at com.kms.katalon.core.webui.keyword.builtin.VerifyElementVisibleKeyword.execute(VerifyElementVisibleKeyword.groovy:67)
	at com.kms.katalon.core.keyword.internal.KeywordExecutor.executeKeywordForPlatform(KeywordExecutor.groovy:74)
	at com.kms.katalon.core.webui.keyword.WebUiBuiltInKeywords.verifyElementVisible(WebUiBuiltInKeywords.groovy:401)
	at com.kms.katalon.core.webui.keyword.WebUiBuiltInKeywords$verifyElementVisible$5.call(Unknown Source)
	at Verify Preview Data Restrictions Button.run(Verify Preview Data Restrictions Button:38)
	at com.kms.katalon.core.main.ScriptEngine.run(ScriptEngine.java:194)
	at com.kms.katalon.core.main.ScriptEngine.runScriptAsRawText(ScriptEngine.java:119)
	at com.kms.katalon.core.main.TestCaseExecutor.runScript(TestCaseExecutor.java:448)
	at com.kms.katalon.core.main.TestCaseExecutor.doExecute(TestCaseExecutor.java:439)
	at com.kms.katalon.core.main.TestCaseExecutor.processExecutionPhase(TestCaseExecutor.java:418)
	at com.kms.katalon.core.main.TestCaseExecutor.accessMainPhase(TestCaseExecutor.java:410)
	at com.kms.katalon.core.main.TestCaseExecutor.execute(TestCaseExecutor.java:285)
	at com.kms.katalon.core.common.CommonExecutor.accessTestCaseMainPhase(CommonExecutor.java:65)
	at com.kms.katalon.core.main.TestSuiteExecutor.accessTestSuiteMainPhase(TestSuiteExecutor.java:150)
	at com.kms.katalon.core.main.TestSuiteExecutor.execute(TestSuiteExecutor.java:106)
	at com.kms.katalon.core.main.TestCaseMain.startTestSuite(TestCaseMain.java:180)
	at com.kms.katalon.core.main.TestCaseMain$startTestSuite$0.call(Unknown Source)
	at TempTestSuite1761139108993.run(TempTestSuite1761139108993.groovy:35)
	at java.base/jdk.internal.reflect.NativeMethodAccessorImpl.invoke0(Native Method)
	at java.base/jdk.internal.reflect.NativeMethodAccessorImpl.invoke(NativeMethodAccessorImpl.java:77)
	at java.base/jdk.internal.reflect.DelegatingMethodAccessorImpl.invoke(DelegatingMethodAccessorImpl.java:43)
)

22-10-2025T11:30:47 - [MESSAGE][INFO] - Unable to find the element located by 'By.xpath: //*[@id="__BVID__10___BV_modal_footer_"]/button'. Please recheck the objects properties to make sure the desired element is located. 

22-10-2025T11:30:47 - [MESSAGE][WARNING] - [SELF-HEALING] Failed to find element with id 'Object Repository/TripFocus/Testing_Notification_btn'. Try using Self-healing.

22-10-2025T11:30:48 - [MESSAGE][INFO] - [SELF-HEALING] No working XPath is found.

22-10-2025T11:30:50 - [MESSAGE][INFO] - Unable to find the element located by 'By.xpath: '. Please recheck the objects properties to make sure the desired element is located. 

22-10-2025T11:30:50 - [MESSAGE][WARNING] - [SELF-HEALING] Cannot find elements when the selector is null

22-10-2025T11:30:50 - [MESSAGE][WARNING] - Web element with id: 'Object Repository/TripFocus/Testing_Notification_btn' located by '//*[@id="__BVID__10___BV_modal_footer_"]/button' not found (Root cause: com.kms.katalon.core.exception.StepFailedException: Web element with id: 'Object Repository/TripFocus/Testing_Notification_btn' located by '//*[@id="__BVID__10___BV_modal_footer_"]/button' not found
	at com.kms.katalon.core.webui.keyword.internal.WebUIKeywordMain.stepFailed(WebUIKeywordMain.groovy:117)
	at com.kms.katalon.core.webui.keyword.builtin.VerifyElementVisibleKeyword$_verifyElementVisible_closure1.doCall(VerifyElementVisibleKeyword.groovy:89)
	at com.kms.katalon.core.webui.keyword.builtin.VerifyElementVisibleKeyword$_verifyElementVisible_closure1.call(VerifyElementVisibleKeyword.groovy)
	at com.kms.katalon.core.webui.keyword.internal.WebUIKeywordMain.runKeyword(WebUIKeywordMain.groovy:35)
	at com.kms.katalon.core.webui.keyword.builtin.VerifyElementVisibleKeyword.verifyElementVisible(VerifyElementVisibleKeyword.groovy:97)
	at com.kms.katalon.core.webui.keyword.builtin.VerifyElementVisibleKeyword.execute(VerifyElementVisibleKeyword.groovy:67)
	at com.kms.katalon.core.keyword.internal.KeywordExecutor.executeKeywordForPlatform(KeywordExecutor.groovy:74)
	at com.kms.katalon.core.webui.keyword.WebUiBuiltInKeywords.verifyElementVisible(WebUiBuiltInKeywords.groovy:401)
	at com.kms.katalon.core.webui.keyword.WebUiBuiltInKeywords$verifyElementVisible$5.call(Unknown Source)
	at Verify Preview Data Restrictions Button.run(Verify Preview Data Restrictions Button:38)
	at com.kms.katalon.core.main.ScriptEngine.run(ScriptEngine.java:194)
	at com.kms.katalon.core.main.ScriptEngine.runScriptAsRawText(ScriptEngine.java:119)
	at com.kms.katalon.core.main.TestCaseExecutor.runScript(TestCaseExecutor.java:448)
	at com.kms.katalon.core.main.TestCaseExecutor.doExecute(TestCaseExecutor.java:439)
	at com.kms.katalon.core.main.TestCaseExecutor.processExecutionPhase(TestCaseExecutor.java:418)
	at com.kms.katalon.core.main.TestCaseExecutor.accessMainPhase(TestCaseExecutor.java:410)
	at com.kms.katalon.core.main.TestCaseExecutor.execute(TestCaseExecutor.java:285)
	at com.kms.katalon.core.common.CommonExecutor.accessTestCaseMainPhase(CommonExecutor.java:65)
	at com.kms.katalon.core.main.TestSuiteExecutor.accessTestSuiteMainPhase(TestSuiteExecutor.java:150)
	at com.kms.katalon.core.main.TestSuiteExecutor.execute(TestSuiteExecutor.java:106)
	at com.kms.katalon.core.main.TestCaseMain.startTestSuite(TestCaseMain.java:180)
	at com.kms.katalon.core.main.TestCaseMain$startTestSuite$0.call(Unknown Source)
	at TempTestSuite1761139108993.run(TempTestSuite1761139108993.groovy:35)
	at java.base/jdk.internal.reflect.NativeMethodAccessorImpl.invoke0(Native Method)
	at java.base/jdk.internal.reflect.NativeMethodAccessorImpl.invoke(NativeMethodAccessorImpl.java:77)
	at java.base/jdk.internal.reflect.DelegatingMethodAccessorImpl.invoke(DelegatingMethodAccessorImpl.java:43)
)

22-10-2025T11:30:50 - [TEST_STEP][PASSED] - click(findTestObject("Object Repository/TripFocus/Page_TripFocus/a_Users")): Object: 'Object Repository/TripFocus/Page_TripFocus/a_Users' is clicked on

22-10-2025T11:30:51 - [MESSAGE][PASSED] - Object: 'Object Repository/TripFocus/Page_TripFocus/a_Users' is clicked on

22-10-2025T11:30:51 - [TEST_STEP][PASSED] - delay(5): Delayed 5 second(s)

22-10-2025T11:30:56 - [MESSAGE][PASSED] - Delayed 5 second(s)

22-10-2025T11:30:56 - [TEST_STEP][PASSED] - setText(findTestObject("TripFocus/Users/User_Search_txt"), "ashfordSPGTesting"): Text 'ashfordSPGTesting' is set on object 'Object Repository/TripFocus/Users/User_Search_txt'

22-10-2025T11:30:56 - [MESSAGE][PASSED] - Text 'ashfordSPGTesting' is set on object 'Object Repository/TripFocus/Users/User_Search_txt'

22-10-2025T11:30:56 - [TEST_STEP][PASSED] - delay(2): Delayed 2 second(s)

22-10-2025T11:30:58 - [MESSAGE][PASSED] - Delayed 2 second(s)

22-10-2025T11:30:58 - [TEST_STEP][PASSED] - click(findTestObject("Object Repository/TripFocus/Page_TripFocus/button_Edit")): Object: 'Object Repository/TripFocus/Page_TripFocus/button_Edit' is clicked on

22-10-2025T11:30:58 - [MESSAGE][PASSED] - Object: 'Object Repository/TripFocus/Page_TripFocus/button_Edit' is clicked on

22-10-2025T11:30:58 - [TEST_STEP][PASSED] - delay(15): Delayed 15 second(s)

22-10-2025T11:31:13 - [MESSAGE][PASSED] - Delayed 15 second(s)

22-10-2025T11:31:13 - [TEST_STEP][PASSED] - click(findTestObject("TripFocus/Users/Data Restrictions/Data_Restrictions_tab")): Object: 'Object Repository/TripFocus/Users/Data Restrictions/Data_Restrictions_tab' is clicked on

22-10-2025T11:31:13 - [MESSAGE][PASSED] - Object: 'Object Repository/TripFocus/Users/Data Restrictions/Data_Restrictions_tab' is clicked on

22-10-2025T11:31:13 - [TEST_STEP][PASSED] - delay(2): Delayed 2 second(s)

22-10-2025T11:31:15 - [MESSAGE][PASSED] - Delayed 2 second(s)

22-10-2025T11:31:15 - [TEST_STEP][PASSED] - verifyElementPresent(findTestObject("TripFocus/Users/Data Restrictions/Preview_Data_Restrictions_btn"), 10): Object 'Object Repository/TripFocus/Users/Data Restrictions/Preview_Data_Restrictions_btn' is present

22-10-2025T11:31:15 - [MESSAGE][PASSED] - Object 'Object Repository/TripFocus/Users/Data Restrictions/Preview_Data_Restrictions_btn' is present

22-10-2025T11:31:15 - [TEST_STEP][PASSED] - verifyElementVisible(findTestObject("TripFocus/Users/Data Restrictions/Preview_Data_Restrictions_btn"), STOP_ON_FAILURE): Object 'Object Repository/TripFocus/Users/Data Restrictions/Preview_Data_Restrictions_btn' is visible

22-10-2025T11:31:15 - [MESSAGE][PASSED] - Object 'Object Repository/TripFocus/Users/Data Restrictions/Preview_Data_Restrictions_btn' is visible

22-10-2025T11:31:15 - [TEST_STEP][PASSED] - Start listener action : retryOnDisconnect: null

22-10-2025T11:31:15 - [TEST_STEP][PASSED] - tcId = testCaseContext.getTestCaseId(): null

22-10-2025T11:31:15 - [TEST_STEP][PASSED] - currentRetry = retryCounts.getOrDefault(tcId, 0): null

22-10-2025T11:31:15 - [TEST_STEP][PASSED] - if (testCaseContext.getTestCaseStatus() == "FAILED" && currentRetry < MAX_RETRIES): null]]></system-out>
         <system-err><![CDATA[]]></system-err>
      </testcase>
      <testcase name="Test Cases/TripFocus/SPG/SPG - UserPage/Edit/Data Restrictions/Verify Read Only Checkbox Data Restrictions" time="65.154" classname="Test Cases/TripFocus/SPG/SPG - UserPage/Edit/Data Restrictions/Verify Read Only Checkbox Data Restrictions" status="PASSED">
         <system-out><![CDATA[22-10-2025T11:31:15 - [TEST_CASE][PASSED] - Test Cases/TripFocus/SPG/SPG - UserPage/Edit/Data Restrictions/Verify Read Only Checkbox Data Restrictions: Test Cases/TripFocus/SPG/SPG - UserPage/Edit/Data Restrictions/Verify Read Only Checkbox Data Restrictions

22-10-2025T11:31:15 - [TEST_STEP][PASSED] - Start listener action : beforeTestCase: null

22-10-2025T11:31:15 - [TEST_STEP][PASSED] - addDefaultPackages(): null

22-10-2025T11:31:15 - [TEST_STEP][PASSED] - openBrowser(""): Browser is opened with url: ''

22-10-2025T11:31:15 - [MESSAGE][WARNING] - A browser is already opened. Closing browser and opening a new one

22-10-2025T11:31:15 - [MESSAGE][INFO] - Starting 'Chrome' driver

22-10-2025T11:31:15 - [MESSAGE][INFO] - User set preference: ['args', '[--no-sandbox, --disable-gpu, --disable-dev-shm-usage]']

22-10-2025T11:31:15 - [MESSAGE][INFO] - Action delay is set to 0 milliseconds

22-10-2025T11:31:16 - [MESSAGE][PASSED] - Browser is opened with url: ''

22-10-2025T11:31:16 - [TEST_STEP][PASSED] - navigateToUrl(TFBaseURL): Navigate to 'https://www.qa.tripfocus.com' successfully

22-10-2025T11:31:17 - [MESSAGE][PASSED] - Navigate to 'https://www.qa.tripfocus.com' successfully

22-10-2025T11:31:17 - [TEST_STEP][PASSED] - click(findTestObject("Object Repository/TripFocus/Page_TripFocus/button_Sign in")): Object: 'Object Repository/TripFocus/Page_TripFocus/button_Sign in' is clicked on

22-10-2025T11:31:17 - [MESSAGE][PASSED] - Object: 'Object Repository/TripFocus/Page_TripFocus/button_Sign in' is clicked on

22-10-2025T11:31:17 - [TEST_STEP][PASSED] - setText(findTestObject("Object Repository/TripFocus/Page_TripFocus/input_Username (e.g. email address)_Username"), TripFocusBleachTechSPGUsername): Text 'Ashford.Chenault+BleachtechCustomerSPGONLY@thekag.com' is set on object 'Object Repository/TripFocus/Page_TripFocus/input_Username (e.g. email address)_Username'

22-10-2025T11:31:18 - [MESSAGE][PASSED] - Text 'Ashford.Chenault+BleachtechCustomerSPGONLY@thekag.com' is set on object 'Object Repository/TripFocus/Page_TripFocus/input_Username (e.g. email address)_Username'

22-10-2025T11:31:18 - [TEST_STEP][PASSED] - setText(findTestObject("Object Repository/TripFocus/Page_TripFocus/input_Password_Password"), TripFocusFDGSPGPassword): Text 'CrashBan911!!' is set on object 'Object Repository/TripFocus/Page_TripFocus/input_Password_Password'

22-10-2025T11:31:18 - [MESSAGE][PASSED] - Text 'CrashBan911!!' is set on object 'Object Repository/TripFocus/Page_TripFocus/input_Password_Password'

22-10-2025T11:31:18 - [TEST_STEP][PASSED] - click(findTestObject("Object Repository/TripFocus/Page_TripFocus/button_Login")): Object: 'Object Repository/TripFocus/Page_TripFocus/button_Login' is clicked on

22-10-2025T11:31:18 - [MESSAGE][PASSED] - Object: 'Object Repository/TripFocus/Page_TripFocus/button_Login' is clicked on

22-10-2025T11:31:18 - [TEST_STEP][PASSED] - maximizeWindow(): Current window maximized

22-10-2025T11:31:18 - [MESSAGE][PASSED] - Current window maximized

22-10-2025T11:31:18 - [TEST_STEP][PASSED] - waitForElementVisible(findTestObject("TripFocus/Testing_Notification_btn"), 15, OPTIONAL): Web element with id: 'Object Repository/TripFocus/Testing_Notification_btn' located by '//*[@id="__BVID__10___BV_modal_footer_"]/button' not found

22-10-2025T11:31:34 - [MESSAGE][INFO] - Unable to find the element located by 'By.xpath: //*[@id="__BVID__10___BV_modal_footer_"]/button'. Please recheck the objects properties to make sure the desired element is located. 

22-10-2025T11:31:34 - [MESSAGE][WARNING] - [SELF-HEALING] Failed to find element with id 'Object Repository/TripFocus/Testing_Notification_btn'. Try using Self-healing.

22-10-2025T11:31:35 - [MESSAGE][INFO] - [SELF-HEALING] No working XPath is found.

22-10-2025T11:31:37 - [MESSAGE][INFO] - Unable to find the element located by 'By.xpath: '. Please recheck the objects properties to make sure the desired element is located. 

22-10-2025T11:31:37 - [MESSAGE][WARNING] - [SELF-HEALING] Cannot find elements when the selector is null

22-10-2025T11:31:37 - [MESSAGE][WARNING] - Web element with id: 'Object Repository/TripFocus/Testing_Notification_btn' located by '//*[@id="__BVID__10___BV_modal_footer_"]/button' not found

22-10-2025T11:31:37 - [TEST_STEP][PASSED] - if (verifyElementVisible(findTestObject("TripFocus/Testing_Notification_btn"), OPTIONAL) == true): Web element with id: 'Object Repository/TripFocus/Testing_Notification_btn' located by '//*[@id="__BVID__10___BV_modal_footer_"]/button' not found (Root cause: com.kms.katalon.core.exception.StepFailedException: Web element with id: 'Object Repository/TripFocus/Testing_Notification_btn' located by '//*[@id="__BVID__10___BV_modal_footer_"]/button' not found
	at com.kms.katalon.core.webui.keyword.internal.WebUIKeywordMain.stepFailed(WebUIKeywordMain.groovy:117)
	at com.kms.katalon.core.webui.keyword.builtin.VerifyElementVisibleKeyword$_verifyElementVisible_closure1.doCall(VerifyElementVisibleKeyword.groovy:89)
	at com.kms.katalon.core.webui.keyword.builtin.VerifyElementVisibleKeyword$_verifyElementVisible_closure1.call(VerifyElementVisibleKeyword.groovy)
	at com.kms.katalon.core.webui.keyword.internal.WebUIKeywordMain.runKeyword(WebUIKeywordMain.groovy:35)
	at com.kms.katalon.core.webui.keyword.builtin.VerifyElementVisibleKeyword.verifyElementVisible(VerifyElementVisibleKeyword.groovy:97)
	at com.kms.katalon.core.webui.keyword.builtin.VerifyElementVisibleKeyword.execute(VerifyElementVisibleKeyword.groovy:67)
	at com.kms.katalon.core.keyword.internal.KeywordExecutor.executeKeywordForPlatform(KeywordExecutor.groovy:74)
	at com.kms.katalon.core.webui.keyword.WebUiBuiltInKeywords.verifyElementVisible(WebUiBuiltInKeywords.groovy:401)
	at com.kms.katalon.core.webui.keyword.WebUiBuiltInKeywords$verifyElementVisible$5.call(Unknown Source)
	at Verify Read Only Checkbox Data Restrictions.run(Verify Read Only Checkbox Data Restrictions:38)
	at com.kms.katalon.core.main.ScriptEngine.run(ScriptEngine.java:194)
	at com.kms.katalon.core.main.ScriptEngine.runScriptAsRawText(ScriptEngine.java:119)
	at com.kms.katalon.core.main.TestCaseExecutor.runScript(TestCaseExecutor.java:448)
	at com.kms.katalon.core.main.TestCaseExecutor.doExecute(TestCaseExecutor.java:439)
	at com.kms.katalon.core.main.TestCaseExecutor.processExecutionPhase(TestCaseExecutor.java:418)
	at com.kms.katalon.core.main.TestCaseExecutor.accessMainPhase(TestCaseExecutor.java:410)
	at com.kms.katalon.core.main.TestCaseExecutor.execute(TestCaseExecutor.java:285)
	at com.kms.katalon.core.common.CommonExecutor.accessTestCaseMainPhase(CommonExecutor.java:65)
	at com.kms.katalon.core.main.TestSuiteExecutor.accessTestSuiteMainPhase(TestSuiteExecutor.java:150)
	at com.kms.katalon.core.main.TestSuiteExecutor.execute(TestSuiteExecutor.java:106)
	at com.kms.katalon.core.main.TestCaseMain.startTestSuite(TestCaseMain.java:180)
	at com.kms.katalon.core.main.TestCaseMain$startTestSuite$0.call(Unknown Source)
	at TempTestSuite1761139108993.run(TempTestSuite1761139108993.groovy:35)
	at java.base/jdk.internal.reflect.NativeMethodAccessorImpl.invoke0(Native Method)
	at java.base/jdk.internal.reflect.NativeMethodAccessorImpl.invoke(NativeMethodAccessorImpl.java:77)
	at java.base/jdk.internal.reflect.DelegatingMethodAccessorImpl.invoke(DelegatingMethodAccessorImpl.java:43)
)

22-10-2025T11:31:53 - [MESSAGE][INFO] - Unable to find the element located by 'By.xpath: //*[@id="__BVID__10___BV_modal_footer_"]/button'. Please recheck the objects properties to make sure the desired element is located. 

22-10-2025T11:31:53 - [MESSAGE][WARNING] - [SELF-HEALING] Failed to find element with id 'Object Repository/TripFocus/Testing_Notification_btn'. Try using Self-healing.

22-10-2025T11:31:54 - [MESSAGE][INFO] - [SELF-HEALING] No working XPath is found.

22-10-2025T11:31:56 - [MESSAGE][INFO] - Unable to find the element located by 'By.xpath: '. Please recheck the objects properties to make sure the desired element is located. 

22-10-2025T11:31:56 - [MESSAGE][WARNING] - [SELF-HEALING] Cannot find elements when the selector is null

22-10-2025T11:31:56 - [MESSAGE][WARNING] - Web element with id: 'Object Repository/TripFocus/Testing_Notification_btn' located by '//*[@id="__BVID__10___BV_modal_footer_"]/button' not found (Root cause: com.kms.katalon.core.exception.StepFailedException: Web element with id: 'Object Repository/TripFocus/Testing_Notification_btn' located by '//*[@id="__BVID__10___BV_modal_footer_"]/button' not found
	at com.kms.katalon.core.webui.keyword.internal.WebUIKeywordMain.stepFailed(WebUIKeywordMain.groovy:117)
	at com.kms.katalon.core.webui.keyword.builtin.VerifyElementVisibleKeyword$_verifyElementVisible_closure1.doCall(VerifyElementVisibleKeyword.groovy:89)
	at com.kms.katalon.core.webui.keyword.builtin.VerifyElementVisibleKeyword$_verifyElementVisible_closure1.call(VerifyElementVisibleKeyword.groovy)
	at com.kms.katalon.core.webui.keyword.internal.WebUIKeywordMain.runKeyword(WebUIKeywordMain.groovy:35)
	at com.kms.katalon.core.webui.keyword.builtin.VerifyElementVisibleKeyword.verifyElementVisible(VerifyElementVisibleKeyword.groovy:97)
	at com.kms.katalon.core.webui.keyword.builtin.VerifyElementVisibleKeyword.execute(VerifyElementVisibleKeyword.groovy:67)
	at com.kms.katalon.core.keyword.internal.KeywordExecutor.executeKeywordForPlatform(KeywordExecutor.groovy:74)
	at com.kms.katalon.core.webui.keyword.WebUiBuiltInKeywords.verifyElementVisible(WebUiBuiltInKeywords.groovy:401)
	at com.kms.katalon.core.webui.keyword.WebUiBuiltInKeywords$verifyElementVisible$5.call(Unknown Source)
	at Verify Read Only Checkbox Data Restrictions.run(Verify Read Only Checkbox Data Restrictions:38)
	at com.kms.katalon.core.main.ScriptEngine.run(ScriptEngine.java:194)
	at com.kms.katalon.core.main.ScriptEngine.runScriptAsRawText(ScriptEngine.java:119)
	at com.kms.katalon.core.main.TestCaseExecutor.runScript(TestCaseExecutor.java:448)
	at com.kms.katalon.core.main.TestCaseExecutor.doExecute(TestCaseExecutor.java:439)
	at com.kms.katalon.core.main.TestCaseExecutor.processExecutionPhase(TestCaseExecutor.java:418)
	at com.kms.katalon.core.main.TestCaseExecutor.accessMainPhase(TestCaseExecutor.java:410)
	at com.kms.katalon.core.main.TestCaseExecutor.execute(TestCaseExecutor.java:285)
	at com.kms.katalon.core.common.CommonExecutor.accessTestCaseMainPhase(CommonExecutor.java:65)
	at com.kms.katalon.core.main.TestSuiteExecutor.accessTestSuiteMainPhase(TestSuiteExecutor.java:150)
	at com.kms.katalon.core.main.TestSuiteExecutor.execute(TestSuiteExecutor.java:106)
	at com.kms.katalon.core.main.TestCaseMain.startTestSuite(TestCaseMain.java:180)
	at com.kms.katalon.core.main.TestCaseMain$startTestSuite$0.call(Unknown Source)
	at TempTestSuite1761139108993.run(TempTestSuite1761139108993.groovy:35)
	at java.base/jdk.internal.reflect.NativeMethodAccessorImpl.invoke0(Native Method)
	at java.base/jdk.internal.reflect.NativeMethodAccessorImpl.invoke(NativeMethodAccessorImpl.java:77)
	at java.base/jdk.internal.reflect.DelegatingMethodAccessorImpl.invoke(DelegatingMethodAccessorImpl.java:43)
)

22-10-2025T11:31:56 - [TEST_STEP][PASSED] - click(findTestObject("Object Repository/TripFocus/Page_TripFocus/a_Users")): Object: 'Object Repository/TripFocus/Page_TripFocus/a_Users' is clicked on

22-10-2025T11:31:57 - [MESSAGE][PASSED] - Object: 'Object Repository/TripFocus/Page_TripFocus/a_Users' is clicked on

22-10-2025T11:31:57 - [TEST_STEP][PASSED] - delay(5): Delayed 5 second(s)

22-10-2025T11:32:02 - [MESSAGE][PASSED] - Delayed 5 second(s)

22-10-2025T11:32:02 - [TEST_STEP][PASSED] - setText(findTestObject("TripFocus/Users/User_Search_txt"), "ashfordSPGTesting"): Text 'ashfordSPGTesting' is set on object 'Object Repository/TripFocus/Users/User_Search_txt'

22-10-2025T11:32:02 - [MESSAGE][PASSED] - Text 'ashfordSPGTesting' is set on object 'Object Repository/TripFocus/Users/User_Search_txt'

22-10-2025T11:32:02 - [TEST_STEP][PASSED] - delay(2): Delayed 2 second(s)

22-10-2025T11:32:04 - [MESSAGE][PASSED] - Delayed 2 second(s)

22-10-2025T11:32:04 - [TEST_STEP][PASSED] - click(findTestObject("Object Repository/TripFocus/Page_TripFocus/button_Edit")): Object: 'Object Repository/TripFocus/Page_TripFocus/button_Edit' is clicked on

22-10-2025T11:32:04 - [MESSAGE][PASSED] - Object: 'Object Repository/TripFocus/Page_TripFocus/button_Edit' is clicked on

22-10-2025T11:32:04 - [TEST_STEP][PASSED] - delay(15): Delayed 15 second(s)

22-10-2025T11:32:19 - [MESSAGE][PASSED] - Delayed 15 second(s)

22-10-2025T11:32:19 - [TEST_STEP][PASSED] - click(findTestObject("TripFocus/Users/Data Restrictions/Data_Restrictions_tab")): Object: 'Object Repository/TripFocus/Users/Data Restrictions/Data_Restrictions_tab' is clicked on

22-10-2025T11:32:19 - [MESSAGE][PASSED] - Object: 'Object Repository/TripFocus/Users/Data Restrictions/Data_Restrictions_tab' is clicked on

22-10-2025T11:32:19 - [TEST_STEP][PASSED] - delay(1): Delayed 1 second(s)

22-10-2025T11:32:20 - [MESSAGE][PASSED] - Delayed 1 second(s)

22-10-2025T11:32:20 - [TEST_STEP][PASSED] - verifyElementPresent(findTestObject("TripFocus/Users/Data Restrictions/Read_Only_checkbox"), 10): Object 'Object Repository/TripFocus/Users/Data Restrictions/Read_Only_checkbox' is present

22-10-2025T11:32:20 - [MESSAGE][PASSED] - Object 'Object Repository/TripFocus/Users/Data Restrictions/Read_Only_checkbox' is present

22-10-2025T11:32:20 - [TEST_STEP][PASSED] - click(findTestObject("TripFocus/Users/Data Restrictions/Read_Only_checkbox"), STOP_ON_FAILURE): Object: 'Object Repository/TripFocus/Users/Data Restrictions/Read_Only_checkbox' is clicked on

22-10-2025T11:32:20 - [MESSAGE][PASSED] - Object: 'Object Repository/TripFocus/Users/Data Restrictions/Read_Only_checkbox' is clicked on

22-10-2025T11:32:20 - [TEST_STEP][PASSED] - Start listener action : retryOnDisconnect: null

22-10-2025T11:32:20 - [TEST_STEP][PASSED] - tcId = testCaseContext.getTestCaseId(): null

22-10-2025T11:32:20 - [TEST_STEP][PASSED] - currentRetry = retryCounts.getOrDefault(tcId, 0): null

22-10-2025T11:32:20 - [TEST_STEP][PASSED] - if (testCaseContext.getTestCaseStatus() == "FAILED" && currentRetry < MAX_RETRIES): null]]></system-out>
         <system-err><![CDATA[]]></system-err>
      </testcase>
      <testcase name="Test Cases/TripFocus/SPG/SPG - UserPage/Edit/Data Restrictions/Verify Reset Data Restrictions Button" time="66.972" classname="Test Cases/TripFocus/SPG/SPG - UserPage/Edit/Data Restrictions/Verify Reset Data Restrictions Button" status="PASSED">
         <system-out><![CDATA[22-10-2025T11:32:20 - [TEST_CASE][PASSED] - Test Cases/TripFocus/SPG/SPG - UserPage/Edit/Data Restrictions/Verify Reset Data Restrictions Button: Test Cases/TripFocus/SPG/SPG - UserPage/Edit/Data Restrictions/Verify Reset Data Restrictions Button

22-10-2025T11:32:20 - [TEST_STEP][PASSED] - Start listener action : beforeTestCase: null

22-10-2025T11:32:20 - [TEST_STEP][PASSED] - addDefaultPackages(): null

22-10-2025T11:32:20 - [TEST_STEP][PASSED] - openBrowser(""): Browser is opened with url: ''

22-10-2025T11:32:20 - [MESSAGE][WARNING] - A browser is already opened. Closing browser and opening a new one

22-10-2025T11:32:21 - [MESSAGE][INFO] - Starting 'Chrome' driver

22-10-2025T11:32:21 - [MESSAGE][INFO] - User set preference: ['args', '[--no-sandbox, --disable-gpu, --disable-dev-shm-usage]']

22-10-2025T11:32:21 - [MESSAGE][INFO] - Action delay is set to 0 milliseconds

22-10-2025T11:32:21 - [MESSAGE][PASSED] - Browser is opened with url: ''

22-10-2025T11:32:21 - [TEST_STEP][PASSED] - navigateToUrl(TFBaseURL): Navigate to 'https://www.qa.tripfocus.com' successfully

22-10-2025T11:32:22 - [MESSAGE][PASSED] - Navigate to 'https://www.qa.tripfocus.com' successfully

22-10-2025T11:32:22 - [TEST_STEP][PASSED] - click(findTestObject("Object Repository/TripFocus/Page_TripFocus/button_Sign in")): Object: 'Object Repository/TripFocus/Page_TripFocus/button_Sign in' is clicked on

22-10-2025T11:32:22 - [MESSAGE][PASSED] - Object: 'Object Repository/TripFocus/Page_TripFocus/button_Sign in' is clicked on

22-10-2025T11:32:22 - [TEST_STEP][PASSED] - setText(findTestObject("Object Repository/TripFocus/Page_TripFocus/input_Username (e.g. email address)_Username"), TripFocusBleachTechSPGUsername): Text 'Ashford.Chenault+BleachtechCustomerSPGONLY@thekag.com' is set on object 'Object Repository/TripFocus/Page_TripFocus/input_Username (e.g. email address)_Username'

22-10-2025T11:32:24 - [MESSAGE][PASSED] - Text 'Ashford.Chenault+BleachtechCustomerSPGONLY@thekag.com' is set on object 'Object Repository/TripFocus/Page_TripFocus/input_Username (e.g. email address)_Username'

22-10-2025T11:32:24 - [TEST_STEP][PASSED] - setText(findTestObject("Object Repository/TripFocus/Page_TripFocus/input_Password_Password"), TripFocusFDGSPGPassword): Text 'CrashBan911!!' is set on object 'Object Repository/TripFocus/Page_TripFocus/input_Password_Password'

22-10-2025T11:32:24 - [MESSAGE][PASSED] - Text 'CrashBan911!!' is set on object 'Object Repository/TripFocus/Page_TripFocus/input_Password_Password'

22-10-2025T11:32:24 - [TEST_STEP][PASSED] - click(findTestObject("Object Repository/TripFocus/Page_TripFocus/button_Login")): Object: 'Object Repository/TripFocus/Page_TripFocus/button_Login' is clicked on

22-10-2025T11:32:25 - [MESSAGE][PASSED] - Object: 'Object Repository/TripFocus/Page_TripFocus/button_Login' is clicked on

22-10-2025T11:32:25 - [TEST_STEP][PASSED] - maximizeWindow(): Current window maximized

22-10-2025T11:32:25 - [MESSAGE][PASSED] - Current window maximized

22-10-2025T11:32:25 - [TEST_STEP][PASSED] - waitForElementVisible(findTestObject("TripFocus/Testing_Notification_btn"), 15, OPTIONAL): Web element with id: 'Object Repository/TripFocus/Testing_Notification_btn' located by '//*[@id="__BVID__10___BV_modal_footer_"]/button' not found

22-10-2025T11:32:41 - [MESSAGE][INFO] - Unable to find the element located by 'By.xpath: //*[@id="__BVID__10___BV_modal_footer_"]/button'. Please recheck the objects properties to make sure the desired element is located. 

22-10-2025T11:32:41 - [MESSAGE][WARNING] - [SELF-HEALING] Failed to find element with id 'Object Repository/TripFocus/Testing_Notification_btn'. Try using Self-healing.

22-10-2025T11:32:42 - [MESSAGE][INFO] - [SELF-HEALING] No working XPath is found.

22-10-2025T11:32:44 - [MESSAGE][INFO] - Unable to find the element located by 'By.xpath: '. Please recheck the objects properties to make sure the desired element is located. 

22-10-2025T11:32:44 - [MESSAGE][WARNING] - [SELF-HEALING] Cannot find elements when the selector is null

22-10-2025T11:32:44 - [MESSAGE][WARNING] - Web element with id: 'Object Repository/TripFocus/Testing_Notification_btn' located by '//*[@id="__BVID__10___BV_modal_footer_"]/button' not found

22-10-2025T11:32:44 - [TEST_STEP][PASSED] - if (verifyElementVisible(findTestObject("TripFocus/Testing_Notification_btn"), OPTIONAL) == true): Web element with id: 'Object Repository/TripFocus/Testing_Notification_btn' located by '//*[@id="__BVID__10___BV_modal_footer_"]/button' not found (Root cause: com.kms.katalon.core.exception.StepFailedException: Web element with id: 'Object Repository/TripFocus/Testing_Notification_btn' located by '//*[@id="__BVID__10___BV_modal_footer_"]/button' not found
	at com.kms.katalon.core.webui.keyword.internal.WebUIKeywordMain.stepFailed(WebUIKeywordMain.groovy:117)
	at com.kms.katalon.core.webui.keyword.builtin.VerifyElementVisibleKeyword$_verifyElementVisible_closure1.doCall(VerifyElementVisibleKeyword.groovy:89)
	at com.kms.katalon.core.webui.keyword.builtin.VerifyElementVisibleKeyword$_verifyElementVisible_closure1.call(VerifyElementVisibleKeyword.groovy)
	at com.kms.katalon.core.webui.keyword.internal.WebUIKeywordMain.runKeyword(WebUIKeywordMain.groovy:35)
	at com.kms.katalon.core.webui.keyword.builtin.VerifyElementVisibleKeyword.verifyElementVisible(VerifyElementVisibleKeyword.groovy:97)
	at com.kms.katalon.core.webui.keyword.builtin.VerifyElementVisibleKeyword.execute(VerifyElementVisibleKeyword.groovy:67)
	at com.kms.katalon.core.keyword.internal.KeywordExecutor.executeKeywordForPlatform(KeywordExecutor.groovy:74)
	at com.kms.katalon.core.webui.keyword.WebUiBuiltInKeywords.verifyElementVisible(WebUiBuiltInKeywords.groovy:401)
	at com.kms.katalon.core.webui.keyword.WebUiBuiltInKeywords$verifyElementVisible$5.call(Unknown Source)
	at Verify Reset Data Restrictions Button.run(Verify Reset Data Restrictions Button:38)
	at com.kms.katalon.core.main.ScriptEngine.run(ScriptEngine.java:194)
	at com.kms.katalon.core.main.ScriptEngine.runScriptAsRawText(ScriptEngine.java:119)
	at com.kms.katalon.core.main.TestCaseExecutor.runScript(TestCaseExecutor.java:448)
	at com.kms.katalon.core.main.TestCaseExecutor.doExecute(TestCaseExecutor.java:439)
	at com.kms.katalon.core.main.TestCaseExecutor.processExecutionPhase(TestCaseExecutor.java:418)
	at com.kms.katalon.core.main.TestCaseExecutor.accessMainPhase(TestCaseExecutor.java:410)
	at com.kms.katalon.core.main.TestCaseExecutor.execute(TestCaseExecutor.java:285)
	at com.kms.katalon.core.common.CommonExecutor.accessTestCaseMainPhase(CommonExecutor.java:65)
	at com.kms.katalon.core.main.TestSuiteExecutor.accessTestSuiteMainPhase(TestSuiteExecutor.java:150)
	at com.kms.katalon.core.main.TestSuiteExecutor.execute(TestSuiteExecutor.java:106)
	at com.kms.katalon.core.main.TestCaseMain.startTestSuite(TestCaseMain.java:180)
	at com.kms.katalon.core.main.TestCaseMain$startTestSuite$0.call(Unknown Source)
	at TempTestSuite1761139108993.run(TempTestSuite1761139108993.groovy:35)
	at java.base/jdk.internal.reflect.NativeMethodAccessorImpl.invoke0(Native Method)
	at java.base/jdk.internal.reflect.NativeMethodAccessorImpl.invoke(NativeMethodAccessorImpl.java:77)
	at java.base/jdk.internal.reflect.DelegatingMethodAccessorImpl.invoke(DelegatingMethodAccessorImpl.java:43)
)

22-10-2025T11:33:00 - [MESSAGE][INFO] - Unable to find the element located by 'By.xpath: //*[@id="__BVID__10___BV_modal_footer_"]/button'. Please recheck the objects properties to make sure the desired element is located. 

22-10-2025T11:33:00 - [MESSAGE][WARNING] - [SELF-HEALING] Failed to find element with id 'Object Repository/TripFocus/Testing_Notification_btn'. Try using Self-healing.

22-10-2025T11:33:01 - [MESSAGE][INFO] - [SELF-HEALING] No working XPath is found.

22-10-2025T11:33:03 - [MESSAGE][INFO] - Unable to find the element located by 'By.xpath: '. Please recheck the objects properties to make sure the desired element is located. 

22-10-2025T11:33:03 - [MESSAGE][WARNING] - [SELF-HEALING] Cannot find elements when the selector is null

22-10-2025T11:33:03 - [MESSAGE][WARNING] - Web element with id: 'Object Repository/TripFocus/Testing_Notification_btn' located by '//*[@id="__BVID__10___BV_modal_footer_"]/button' not found (Root cause: com.kms.katalon.core.exception.StepFailedException: Web element with id: 'Object Repository/TripFocus/Testing_Notification_btn' located by '//*[@id="__BVID__10___BV_modal_footer_"]/button' not found
	at com.kms.katalon.core.webui.keyword.internal.WebUIKeywordMain.stepFailed(WebUIKeywordMain.groovy:117)
	at com.kms.katalon.core.webui.keyword.builtin.VerifyElementVisibleKeyword$_verifyElementVisible_closure1.doCall(VerifyElementVisibleKeyword.groovy:89)
	at com.kms.katalon.core.webui.keyword.builtin.VerifyElementVisibleKeyword$_verifyElementVisible_closure1.call(VerifyElementVisibleKeyword.groovy)
	at com.kms.katalon.core.webui.keyword.internal.WebUIKeywordMain.runKeyword(WebUIKeywordMain.groovy:35)
	at com.kms.katalon.core.webui.keyword.builtin.VerifyElementVisibleKeyword.verifyElementVisible(VerifyElementVisibleKeyword.groovy:97)
	at com.kms.katalon.core.webui.keyword.builtin.VerifyElementVisibleKeyword.execute(VerifyElementVisibleKeyword.groovy:67)
	at com.kms.katalon.core.keyword.internal.KeywordExecutor.executeKeywordForPlatform(KeywordExecutor.groovy:74)
	at com.kms.katalon.core.webui.keyword.WebUiBuiltInKeywords.verifyElementVisible(WebUiBuiltInKeywords.groovy:401)
	at com.kms.katalon.core.webui.keyword.WebUiBuiltInKeywords$verifyElementVisible$5.call(Unknown Source)
	at Verify Reset Data Restrictions Button.run(Verify Reset Data Restrictions Button:38)
	at com.kms.katalon.core.main.ScriptEngine.run(ScriptEngine.java:194)
	at com.kms.katalon.core.main.ScriptEngine.runScriptAsRawText(ScriptEngine.java:119)
	at com.kms.katalon.core.main.TestCaseExecutor.runScript(TestCaseExecutor.java:448)
	at com.kms.katalon.core.main.TestCaseExecutor.doExecute(TestCaseExecutor.java:439)
	at com.kms.katalon.core.main.TestCaseExecutor.processExecutionPhase(TestCaseExecutor.java:418)
	at com.kms.katalon.core.main.TestCaseExecutor.accessMainPhase(TestCaseExecutor.java:410)
	at com.kms.katalon.core.main.TestCaseExecutor.execute(TestCaseExecutor.java:285)
	at com.kms.katalon.core.common.CommonExecutor.accessTestCaseMainPhase(CommonExecutor.java:65)
	at com.kms.katalon.core.main.TestSuiteExecutor.accessTestSuiteMainPhase(TestSuiteExecutor.java:150)
	at com.kms.katalon.core.main.TestSuiteExecutor.execute(TestSuiteExecutor.java:106)
	at com.kms.katalon.core.main.TestCaseMain.startTestSuite(TestCaseMain.java:180)
	at com.kms.katalon.core.main.TestCaseMain$startTestSuite$0.call(Unknown Source)
	at TempTestSuite1761139108993.run(TempTestSuite1761139108993.groovy:35)
	at java.base/jdk.internal.reflect.NativeMethodAccessorImpl.invoke0(Native Method)
	at java.base/jdk.internal.reflect.NativeMethodAccessorImpl.invoke(NativeMethodAccessorImpl.java:77)
	at java.base/jdk.internal.reflect.DelegatingMethodAccessorImpl.invoke(DelegatingMethodAccessorImpl.java:43)
)

22-10-2025T11:33:03 - [TEST_STEP][PASSED] - click(findTestObject("Object Repository/TripFocus/Page_TripFocus/a_Users")): Object: 'Object Repository/TripFocus/Page_TripFocus/a_Users' is clicked on

22-10-2025T11:33:03 - [MESSAGE][PASSED] - Object: 'Object Repository/TripFocus/Page_TripFocus/a_Users' is clicked on

22-10-2025T11:33:03 - [TEST_STEP][PASSED] - delay(5): Delayed 5 second(s)

22-10-2025T11:33:08 - [MESSAGE][PASSED] - Delayed 5 second(s)

22-10-2025T11:33:08 - [TEST_STEP][PASSED] - setText(findTestObject("TripFocus/Users/User_Search_txt"), "ashfordSPGTesting"): Text 'ashfordSPGTesting' is set on object 'Object Repository/TripFocus/Users/User_Search_txt'

22-10-2025T11:33:08 - [MESSAGE][PASSED] - Text 'ashfordSPGTesting' is set on object 'Object Repository/TripFocus/Users/User_Search_txt'

22-10-2025T11:33:08 - [TEST_STEP][PASSED] - delay(2): Delayed 2 second(s)

22-10-2025T11:33:10 - [MESSAGE][PASSED] - Delayed 2 second(s)

22-10-2025T11:33:10 - [TEST_STEP][PASSED] - click(findTestObject("Object Repository/TripFocus/Page_TripFocus/button_Edit")): Object: 'Object Repository/TripFocus/Page_TripFocus/button_Edit' is clicked on

22-10-2025T11:33:10 - [MESSAGE][PASSED] - Object: 'Object Repository/TripFocus/Page_TripFocus/button_Edit' is clicked on

22-10-2025T11:33:10 - [TEST_STEP][PASSED] - delay(15): Delayed 15 second(s)

22-10-2025T11:33:25 - [MESSAGE][PASSED] - Delayed 15 second(s)

22-10-2025T11:33:25 - [TEST_STEP][PASSED] - click(findTestObject("TripFocus/Users/Data Restrictions/Data_Restrictions_tab")): Object: 'Object Repository/TripFocus/Users/Data Restrictions/Data_Restrictions_tab' is clicked on

22-10-2025T11:33:25 - [MESSAGE][PASSED] - Object: 'Object Repository/TripFocus/Users/Data Restrictions/Data_Restrictions_tab' is clicked on

22-10-2025T11:33:25 - [TEST_STEP][PASSED] - delay(2): Delayed 2 second(s)

22-10-2025T11:33:27 - [MESSAGE][PASSED] - Delayed 2 second(s)

22-10-2025T11:33:27 - [TEST_STEP][PASSED] - verifyElementPresent(findTestObject("TripFocus/Users/Data Restrictions/Reset_Data_Restrictions_btn"), 10): Object 'Object Repository/TripFocus/Users/Data Restrictions/Reset_Data_Restrictions_btn' is present

22-10-2025T11:33:27 - [MESSAGE][PASSED] - Object 'Object Repository/TripFocus/Users/Data Restrictions/Reset_Data_Restrictions_btn' is present

22-10-2025T11:33:27 - [TEST_STEP][PASSED] - verifyElementVisible(findTestObject("TripFocus/Users/Data Restrictions/Reset_Data_Restrictions_btn"), STOP_ON_FAILURE): Object 'Object Repository/TripFocus/Users/Data Restrictions/Reset_Data_Restrictions_btn' is visible

22-10-2025T11:33:27 - [MESSAGE][PASSED] - Object 'Object Repository/TripFocus/Users/Data Restrictions/Reset_Data_Restrictions_btn' is visible

22-10-2025T11:33:27 - [TEST_STEP][PASSED] - Start listener action : retryOnDisconnect: null

22-10-2025T11:33:27 - [TEST_STEP][PASSED] - tcId = testCaseContext.getTestCaseId(): null

22-10-2025T11:33:27 - [TEST_STEP][PASSED] - currentRetry = retryCounts.getOrDefault(tcId, 0): null

22-10-2025T11:33:27 - [TEST_STEP][PASSED] - if (testCaseContext.getTestCaseStatus() == "FAILED" && currentRetry < MAX_RETRIES): null]]></system-out>
         <system-err><![CDATA[]]></system-err>
      </testcase>
      <testcase name="Test Cases/TripFocus/SPG/SPG - UserPage/Edit/Data Restrictions/Verify User Unable to Edit Own Data Restrictions" time="49.475" classname="Test Cases/TripFocus/SPG/SPG - UserPage/Edit/Data Restrictions/Verify User Unable to Edit Own Data Restrictions" status="FAILED">
         <failure type="FAILED" message="Test Cases/TripFocus/SPG/SPG - UserPage/Edit/Data Restrictions/Verify User Unable to Edit Own Data Restrictions FAILED.&#xa;Reason:&#xa;com.kms.katalon.core.exception.StepFailedException: Unable to click on object 'Object Repository/TripFocus/Page_TripFocus/button_Edit'&#xa;	at com.kms.katalon.core.webui.keyword.internal.WebUIKeywordMain.stepFailed(WebUIKeywordMain.groovy:117)&#xa;	at com.kms.katalon.core.webui.keyword.internal.WebUIKeywordMain.runKeyword(WebUIKeywordMain.groovy:43)&#xa;	at com.kms.katalon.core.webui.keyword.builtin.ClickKeyword.click(ClickKeyword.groovy:74)&#xa;	at com.kms.katalon.core.webui.keyword.builtin.ClickKeyword.execute(ClickKeyword.groovy:40)&#xa;	at com.kms.katalon.core.keyword.internal.KeywordExecutor.executeKeywordForPlatform(KeywordExecutor.groovy:74)&#xa;	at com.kms.katalon.core.webui.keyword.WebUiBuiltInKeywords.click(WebUiBuiltInKeywords.groovy:659)&#xa;	at com.kms.katalon.core.webui.keyword.WebUiBuiltInKeywords$click$1.call(Unknown Source)&#xa;	at Verify User Unable to Edit Own Data Restrictions.run(Verify User Unable to Edit Own Data Restrictions:52)&#xa;	at com.kms.katalon.core.main.ScriptEngine.run(ScriptEngine.java:194)&#xa;	at com.kms.katalon.core.main.ScriptEngine.runScriptAsRawText(ScriptEngine.java:119)&#xa;	at com.kms.katalon.core.main.TestCaseExecutor.runScript(TestCaseExecutor.java:448)&#xa;	at com.kms.katalon.core.main.TestCaseExecutor.doExecute(TestCaseExecutor.java:439)&#xa;	at com.kms.katalon.core.main.TestCaseExecutor.processExecutionPhase(TestCaseExecutor.java:418)&#xa;	at com.kms.katalon.core.main.TestCaseExecutor.accessMainPhase(TestCaseExecutor.java:410)&#xa;	at com.kms.katalon.core.main.TestCaseExecutor.execute(TestCaseExecutor.java:285)&#xa;	at com.kms.katalon.core.common.CommonExecutor.accessTestCaseMainPhase(CommonExecutor.java:65)&#xa;	at com.kms.katalon.core.main.TestSuiteExecutor.accessTestSuiteMainPhase(TestSuiteExecutor.java:150)&#xa;	at com.kms.katalon.core.main.TestSuiteExecutor.execute(TestSuiteExecutor.java:106)&#xa;	at com.kms.katalon.core.main.TestCaseMain.startTestSuite(TestCaseMain.java:180)&#xa;	at com.kms.katalon.core.main.TestCaseMain$startTestSuite$0.call(Unknown Source)&#xa;	at TempTestSuite1761139108993.run(TempTestSuite1761139108993.groovy:35)&#xa;	at java.base/jdk.internal.reflect.NativeMethodAccessorImpl.invoke0(Native Method)&#xa;	at java.base/jdk.internal.reflect.NativeMethodAccessorImpl.invoke(NativeMethodAccessorImpl.java:77)&#xa;	at java.base/jdk.internal.reflect.DelegatingMethodAccessorImpl.invoke(DelegatingMethodAccessorImpl.java:43)&#xa;Caused by: org.openqa.selenium.ElementNotInteractableException: element not interactable&#xa;  (Session info: chrome=141.0.7390.122)&#xa;Build info: version: '3.141.59', revision: 'unknown', time: 'unknown'&#xa;System info: host: 'DC1ADOBLD01', ip: '10.2.20.71', os.name: 'Windows Server 2019', os.arch: 'amd64', os.version: '10.0', java.version: '17.0.7'&#xa;Driver info: com.kms.katalon.selenium.driver.CChromeDriver&#xa;Capabilities {acceptInsecureCerts: false, browserName: chrome, browserVersion: 141.0.7390.122, chrome: {chromedriverVersion: 141.0.7390.122 (b477534e7e1..., userDataDir: C:\Windows\SystemTemp\scope...}, fedcm:accounts: true, goog:chromeOptions: {debuggerAddress: localhost:60939}, javascriptEnabled: true, networkConnectionEnabled: false, pageLoadStrategy: normal, platform: WINDOWS, platformName: WINDOWS, proxy: Proxy(), setWindowRect: true, strictFileInteractability: false, timeouts: {implicit: 0, pageLoad: 300000, script: 30000}, unhandledPromptBehavior: dismiss and notify, webauthn:extension:credBlob: true, webauthn:extension:largeBlob: true, webauthn:extension:minPinLength: true, webauthn:extension:prf: true, webauthn:virtualAuthenticators: true}&#xa;Session ID: 821505af1f5e8f19a9cef55b4773bd3c&#xa;	at java.base/jdk.internal.reflect.NativeConstructorAccessorImpl.newInstance0(Native Method)&#xa;	at java.base/jdk.internal.reflect.NativeConstructorAccessorImpl.newInstance(NativeConstructorAccessorImpl.java:77)&#xa;	at java.base/jdk.internal.reflect.DelegatingConstructorAccessorImpl.newInstance(DelegatingConstructorAccessorImpl.java:45)&#xa;	at org.openqa.selenium.remote.http.W3CHttpResponseCodec.createException(W3CHttpResponseCodec.java:187)&#xa;	at org.openqa.selenium.remote.http.W3CHttpResponseCodec.decode(W3CHttpResponseCodec.java:122)&#xa;	at org.openqa.selenium.remote.http.W3CHttpResponseCodec.decode(W3CHttpResponseCodec.java:49)&#xa;	at org.openqa.selenium.remote.HttpCommandExecutor.execute(HttpCommandExecutor.java:158)&#xa;	at org.openqa.selenium.remote.service.DriverCommandExecutor.execute(DriverCommandExecutor.java:83)&#xa;	at org.openqa.selenium.remote.RemoteWebDriver.execute(RemoteWebDriver.java:552)&#xa;	at com.kms.katalon.selenium.driver.CChromeDriver.execute(CChromeDriver.java:19)&#xa;	at org.openqa.selenium.remote.RemoteWebElement.execute(RemoteWebElement.java:285)&#xa;	at org.openqa.selenium.remote.RemoteWebElement.click(RemoteWebElement.java:84)&#xa;	at jdk.internal.reflect.GeneratedMethodAccessor22.invoke(Unknown Source)&#xa;	at java.base/jdk.internal.reflect.DelegatingMethodAccessorImpl.invoke(DelegatingMethodAccessorImpl.java:43)&#xa;	at org.openqa.selenium.support.events.EventFiringWebDriver$EventFiringWebElement.lambda$new$0(EventFiringWebDriver.java:404)&#xa;	at jdk.proxy2/jdk.proxy2.$Proxy27.click(Unknown Source)&#xa;	at org.openqa.selenium.support.events.EventFiringWebDriver$EventFiringWebElement.click(EventFiringWebDriver.java:417)&#xa;	at org.openqa.selenium.WebElement$click.call(Unknown Source)&#xa;	at com.kms.katalon.core.webui.keyword.builtin.ClickKeyword.clickUntilSuccessWithTimeout(ClickKeyword.groovy:81)&#xa;	at com.kms.katalon.core.webui.keyword.builtin.ClickKeyword.clickUntilSuccessWithTimeout(ClickKeyword.groovy)&#xa;	at jdk.internal.reflect.GeneratedMethodAccessor20.invoke(Unknown Source)&#xa;	at java.base/jdk.internal.reflect.DelegatingMethodAccessorImpl.invoke(DelegatingMethodAccessorImpl.java:43)&#xa;	at com.kms.katalon.core.webui.keyword.builtin.ClickKeyword$_click_closure1.doCall(ClickKeyword.groovy:67)&#xa;	at com.kms.katalon.core.webui.keyword.builtin.ClickKeyword$_click_closure1.call(ClickKeyword.groovy)&#xa;	at com.kms.katalon.core.webui.keyword.internal.WebUIKeywordMain.runKeyword(WebUIKeywordMain.groovy:35)&#xa;	... 22 more&#xa;"/>
         <system-out><![CDATA[22-10-2025T11:33:27 - [TEST_CASE][FAILED] - Test Cases/TripFocus/SPG/SPG - UserPage/Edit/Data Restrictions/Verify User Unable to Edit Own Data Restrictions: Test Cases/TripFocus/SPG/SPG - UserPage/Edit/Data Restrictions/Verify User Unable to Edit Own Data Restrictions FAILED.
Reason:
com.kms.katalon.core.exception.StepFailedException: Unable to click on object 'Object Repository/TripFocus/Page_TripFocus/button_Edit'
	at com.kms.katalon.core.webui.keyword.internal.WebUIKeywordMain.stepFailed(WebUIKeywordMain.groovy:117)
	at com.kms.katalon.core.webui.keyword.internal.WebUIKeywordMain.runKeyword(WebUIKeywordMain.groovy:43)
	at com.kms.katalon.core.webui.keyword.builtin.ClickKeyword.click(ClickKeyword.groovy:74)
	at com.kms.katalon.core.webui.keyword.builtin.ClickKeyword.execute(ClickKeyword.groovy:40)
	at com.kms.katalon.core.keyword.internal.KeywordExecutor.executeKeywordForPlatform(KeywordExecutor.groovy:74)
	at com.kms.katalon.core.webui.keyword.WebUiBuiltInKeywords.click(WebUiBuiltInKeywords.groovy:659)
	at com.kms.katalon.core.webui.keyword.WebUiBuiltInKeywords$click$1.call(Unknown Source)
	at Verify User Unable to Edit Own Data Restrictions.run(Verify User Unable to Edit Own Data Restrictions:52)
	at com.kms.katalon.core.main.ScriptEngine.run(ScriptEngine.java:194)
	at com.kms.katalon.core.main.ScriptEngine.runScriptAsRawText(ScriptEngine.java:119)
	at com.kms.katalon.core.main.TestCaseExecutor.runScript(TestCaseExecutor.java:448)
	at com.kms.katalon.core.main.TestCaseExecutor.doExecute(TestCaseExecutor.java:439)
	at com.kms.katalon.core.main.TestCaseExecutor.processExecutionPhase(TestCaseExecutor.java:418)
	at com.kms.katalon.core.main.TestCaseExecutor.accessMainPhase(TestCaseExecutor.java:410)
	at com.kms.katalon.core.main.TestCaseExecutor.execute(TestCaseExecutor.java:285)
	at com.kms.katalon.core.common.CommonExecutor.accessTestCaseMainPhase(CommonExecutor.java:65)
	at com.kms.katalon.core.main.TestSuiteExecutor.accessTestSuiteMainPhase(TestSuiteExecutor.java:150)
	at com.kms.katalon.core.main.TestSuiteExecutor.execute(TestSuiteExecutor.java:106)
	at com.kms.katalon.core.main.TestCaseMain.startTestSuite(TestCaseMain.java:180)
	at com.kms.katalon.core.main.TestCaseMain$startTestSuite$0.call(Unknown Source)
	at TempTestSuite1761139108993.run(TempTestSuite1761139108993.groovy:35)
	at java.base/jdk.internal.reflect.NativeMethodAccessorImpl.invoke0(Native Method)
	at java.base/jdk.internal.reflect.NativeMethodAccessorImpl.invoke(NativeMethodAccessorImpl.java:77)
	at java.base/jdk.internal.reflect.DelegatingMethodAccessorImpl.invoke(DelegatingMethodAccessorImpl.java:43)
Caused by: org.openqa.selenium.ElementNotInteractableException: element not interactable
  (Session info: chrome=141.0.7390.122)
Build info: version: '3.141.59', revision: 'unknown', time: 'unknown'
System info: host: 'DC1ADOBLD01', ip: '10.2.20.71', os.name: 'Windows Server 2019', os.arch: 'amd64', os.version: '10.0', java.version: '17.0.7'
Driver info: com.kms.katalon.selenium.driver.CChromeDriver
Capabilities {acceptInsecureCerts: false, browserName: chrome, browserVersion: 141.0.7390.122, chrome: {chromedriverVersion: 141.0.7390.122 (b477534e7e1..., userDataDir: C:\Windows\SystemTemp\scope...}, fedcm:accounts: true, goog:chromeOptions: {debuggerAddress: localhost:60939}, javascriptEnabled: true, networkConnectionEnabled: false, pageLoadStrategy: normal, platform: WINDOWS, platformName: WINDOWS, proxy: Proxy(), setWindowRect: true, strictFileInteractability: false, timeouts: {implicit: 0, pageLoad: 300000, script: 30000}, unhandledPromptBehavior: dismiss and notify, webauthn:extension:credBlob: true, webauthn:extension:largeBlob: true, webauthn:extension:minPinLength: true, webauthn:extension:prf: true, webauthn:virtualAuthenticators: true}
Session ID: 821505af1f5e8f19a9cef55b4773bd3c
	at java.base/jdk.internal.reflect.NativeConstructorAccessorImpl.newInstance0(Native Method)
	at java.base/jdk.internal.reflect.NativeConstructorAccessorImpl.newInstance(NativeConstructorAccessorImpl.java:77)
	at java.base/jdk.internal.reflect.DelegatingConstructorAccessorImpl.newInstance(DelegatingConstructorAccessorImpl.java:45)
	at org.openqa.selenium.remote.http.W3CHttpResponseCodec.createException(W3CHttpResponseCodec.java:187)
	at org.openqa.selenium.remote.http.W3CHttpResponseCodec.decode(W3CHttpResponseCodec.java:122)
	at org.openqa.selenium.remote.http.W3CHttpResponseCodec.decode(W3CHttpResponseCodec.java:49)
	at org.openqa.selenium.remote.HttpCommandExecutor.execute(HttpCommandExecutor.java:158)
	at org.openqa.selenium.remote.service.DriverCommandExecutor.execute(DriverCommandExecutor.java:83)
	at org.openqa.selenium.remote.RemoteWebDriver.execute(RemoteWebDriver.java:552)
	at com.kms.katalon.selenium.driver.CChromeDriver.execute(CChromeDriver.java:19)
	at org.openqa.selenium.remote.RemoteWebElement.execute(RemoteWebElement.java:285)
	at org.openqa.selenium.remote.RemoteWebElement.click(RemoteWebElement.java:84)
	at jdk.internal.reflect.GeneratedMethodAccessor22.invoke(Unknown Source)
	at java.base/jdk.internal.reflect.DelegatingMethodAccessorImpl.invoke(DelegatingMethodAccessorImpl.java:43)
	at org.openqa.selenium.support.events.EventFiringWebDriver$EventFiringWebElement.lambda$new$0(EventFiringWebDriver.java:404)
	at jdk.proxy2/jdk.proxy2.$Proxy27.click(Unknown Source)
	at org.openqa.selenium.support.events.EventFiringWebDriver$EventFiringWebElement.click(EventFiringWebDriver.java:417)
	at org.openqa.selenium.WebElement$click.call(Unknown Source)
	at com.kms.katalon.core.webui.keyword.builtin.ClickKeyword.clickUntilSuccessWithTimeout(ClickKeyword.groovy:81)
	at com.kms.katalon.core.webui.keyword.builtin.ClickKeyword.clickUntilSuccessWithTimeout(ClickKeyword.groovy)
	at jdk.internal.reflect.GeneratedMethodAccessor20.invoke(Unknown Source)
	at java.base/jdk.internal.reflect.DelegatingMethodAccessorImpl.invoke(DelegatingMethodAccessorImpl.java:43)
	at com.kms.katalon.core.webui.keyword.builtin.ClickKeyword$_click_closure1.doCall(ClickKeyword.groovy:67)
	at com.kms.katalon.core.webui.keyword.builtin.ClickKeyword$_click_closure1.call(ClickKeyword.groovy)
	at com.kms.katalon.core.webui.keyword.internal.WebUIKeywordMain.runKeyword(WebUIKeywordMain.groovy:35)
	... 22 more


22-10-2025T11:33:27 - [TEST_STEP][PASSED] - Start listener action : beforeTestCase: null

22-10-2025T11:33:27 - [TEST_STEP][PASSED] - addDefaultPackages(): null

22-10-2025T11:33:27 - [TEST_STEP][PASSED] - openBrowser(""): Browser is opened with url: ''

22-10-2025T11:33:27 - [MESSAGE][WARNING] - A browser is already opened. Closing browser and opening a new one

22-10-2025T11:33:28 - [MESSAGE][INFO] - Starting 'Chrome' driver

22-10-2025T11:33:28 - [MESSAGE][INFO] - User set preference: ['args', '[--no-sandbox, --disable-gpu, --disable-dev-shm-usage]']

22-10-2025T11:33:28 - [MESSAGE][INFO] - Action delay is set to 0 milliseconds

22-10-2025T11:33:28 - [MESSAGE][PASSED] - Browser is opened with url: ''

22-10-2025T11:33:28 - [TEST_STEP][PASSED] - navigateToUrl(TFBaseURL): Navigate to 'https://www.qa.tripfocus.com' successfully

22-10-2025T11:33:29 - [MESSAGE][PASSED] - Navigate to 'https://www.qa.tripfocus.com' successfully

22-10-2025T11:33:29 - [TEST_STEP][PASSED] - click(findTestObject("Object Repository/TripFocus/Page_TripFocus/button_Sign in")): Object: 'Object Repository/TripFocus/Page_TripFocus/button_Sign in' is clicked on

22-10-2025T11:33:29 - [MESSAGE][PASSED] - Object: 'Object Repository/TripFocus/Page_TripFocus/button_Sign in' is clicked on

22-10-2025T11:33:29 - [TEST_STEP][PASSED] - setText(findTestObject("Object Repository/TripFocus/Page_TripFocus/input_Username (e.g. email address)_Username"), TripFocusBleachTechSPGUsername): Text 'Ashford.Chenault+BleachtechCustomerSPGONLY@thekag.com' is set on object 'Object Repository/TripFocus/Page_TripFocus/input_Username (e.g. email address)_Username'

22-10-2025T11:33:30 - [MESSAGE][PASSED] - Text 'Ashford.Chenault+BleachtechCustomerSPGONLY@thekag.com' is set on object 'Object Repository/TripFocus/Page_TripFocus/input_Username (e.g. email address)_Username'

22-10-2025T11:33:30 - [TEST_STEP][PASSED] - setText(findTestObject("Object Repository/TripFocus/Page_TripFocus/input_Password_Password"), TripFocusFDGSPGPassword): Text 'CrashBan911!!' is set on object 'Object Repository/TripFocus/Page_TripFocus/input_Password_Password'

22-10-2025T11:33:30 - [MESSAGE][PASSED] - Text 'CrashBan911!!' is set on object 'Object Repository/TripFocus/Page_TripFocus/input_Password_Password'

22-10-2025T11:33:30 - [TEST_STEP][PASSED] - click(findTestObject("Object Repository/TripFocus/Page_TripFocus/button_Login")): Object: 'Object Repository/TripFocus/Page_TripFocus/button_Login' is clicked on

22-10-2025T11:33:31 - [MESSAGE][PASSED] - Object: 'Object Repository/TripFocus/Page_TripFocus/button_Login' is clicked on

22-10-2025T11:33:31 - [TEST_STEP][PASSED] - maximizeWindow(): Current window maximized

22-10-2025T11:33:31 - [MESSAGE][PASSED] - Current window maximized

22-10-2025T11:33:31 - [TEST_STEP][PASSED] - waitForElementVisible(findTestObject("TripFocus/Testing_Notification_btn"), 15, OPTIONAL): Web element with id: 'Object Repository/TripFocus/Testing_Notification_btn' located by '//*[@id="__BVID__10___BV_modal_footer_"]/button' not found

22-10-2025T11:33:47 - [MESSAGE][INFO] - Unable to find the element located by 'By.xpath: //*[@id="__BVID__10___BV_modal_footer_"]/button'. Please recheck the objects properties to make sure the desired element is located. 

22-10-2025T11:33:47 - [MESSAGE][WARNING] - [SELF-HEALING] Failed to find element with id 'Object Repository/TripFocus/Testing_Notification_btn'. Try using Self-healing.

22-10-2025T11:33:48 - [MESSAGE][INFO] - [SELF-HEALING] No working XPath is found.

22-10-2025T11:33:50 - [MESSAGE][INFO] - Unable to find the element located by 'By.xpath: '. Please recheck the objects properties to make sure the desired element is located. 

22-10-2025T11:33:50 - [MESSAGE][WARNING] - [SELF-HEALING] Cannot find elements when the selector is null

22-10-2025T11:33:50 - [MESSAGE][WARNING] - Web element with id: 'Object Repository/TripFocus/Testing_Notification_btn' located by '//*[@id="__BVID__10___BV_modal_footer_"]/button' not found

22-10-2025T11:33:50 - [TEST_STEP][PASSED] - if (verifyElementVisible(findTestObject("TripFocus/Testing_Notification_btn"), OPTIONAL) == true): Web element with id: 'Object Repository/TripFocus/Testing_Notification_btn' located by '//*[@id="__BVID__10___BV_modal_footer_"]/button' not found (Root cause: com.kms.katalon.core.exception.StepFailedException: Web element with id: 'Object Repository/TripFocus/Testing_Notification_btn' located by '//*[@id="__BVID__10___BV_modal_footer_"]/button' not found
	at com.kms.katalon.core.webui.keyword.internal.WebUIKeywordMain.stepFailed(WebUIKeywordMain.groovy:117)
	at com.kms.katalon.core.webui.keyword.builtin.VerifyElementVisibleKeyword$_verifyElementVisible_closure1.doCall(VerifyElementVisibleKeyword.groovy:89)
	at com.kms.katalon.core.webui.keyword.builtin.VerifyElementVisibleKeyword$_verifyElementVisible_closure1.call(VerifyElementVisibleKeyword.groovy)
	at com.kms.katalon.core.webui.keyword.internal.WebUIKeywordMain.runKeyword(WebUIKeywordMain.groovy:35)
	at com.kms.katalon.core.webui.keyword.builtin.VerifyElementVisibleKeyword.verifyElementVisible(VerifyElementVisibleKeyword.groovy:97)
	at com.kms.katalon.core.webui.keyword.builtin.VerifyElementVisibleKeyword.execute(VerifyElementVisibleKeyword.groovy:67)
	at com.kms.katalon.core.keyword.internal.KeywordExecutor.executeKeywordForPlatform(KeywordExecutor.groovy:74)
	at com.kms.katalon.core.webui.keyword.WebUiBuiltInKeywords.verifyElementVisible(WebUiBuiltInKeywords.groovy:401)
	at com.kms.katalon.core.webui.keyword.WebUiBuiltInKeywords$verifyElementVisible$5.call(Unknown Source)
	at Verify User Unable to Edit Own Data Restrictions.run(Verify User Unable to Edit Own Data Restrictions:38)
	at com.kms.katalon.core.main.ScriptEngine.run(ScriptEngine.java:194)
	at com.kms.katalon.core.main.ScriptEngine.runScriptAsRawText(ScriptEngine.java:119)
	at com.kms.katalon.core.main.TestCaseExecutor.runScript(TestCaseExecutor.java:448)
	at com.kms.katalon.core.main.TestCaseExecutor.doExecute(TestCaseExecutor.java:439)
	at com.kms.katalon.core.main.TestCaseExecutor.processExecutionPhase(TestCaseExecutor.java:418)
	at com.kms.katalon.core.main.TestCaseExecutor.accessMainPhase(TestCaseExecutor.java:410)
	at com.kms.katalon.core.main.TestCaseExecutor.execute(TestCaseExecutor.java:285)
	at com.kms.katalon.core.common.CommonExecutor.accessTestCaseMainPhase(CommonExecutor.java:65)
	at com.kms.katalon.core.main.TestSuiteExecutor.accessTestSuiteMainPhase(TestSuiteExecutor.java:150)
	at com.kms.katalon.core.main.TestSuiteExecutor.execute(TestSuiteExecutor.java:106)
	at com.kms.katalon.core.main.TestCaseMain.startTestSuite(TestCaseMain.java:180)
	at com.kms.katalon.core.main.TestCaseMain$startTestSuite$0.call(Unknown Source)
	at TempTestSuite1761139108993.run(TempTestSuite1761139108993.groovy:35)
	at java.base/jdk.internal.reflect.NativeMethodAccessorImpl.invoke0(Native Method)
	at java.base/jdk.internal.reflect.NativeMethodAccessorImpl.invoke(NativeMethodAccessorImpl.java:77)
	at java.base/jdk.internal.reflect.DelegatingMethodAccessorImpl.invoke(DelegatingMethodAccessorImpl.java:43)
)

22-10-2025T11:34:06 - [MESSAGE][INFO] - Unable to find the element located by 'By.xpath: //*[@id="__BVID__10___BV_modal_footer_"]/button'. Please recheck the objects properties to make sure the desired element is located. 

22-10-2025T11:34:06 - [MESSAGE][WARNING] - [SELF-HEALING] Failed to find element with id 'Object Repository/TripFocus/Testing_Notification_btn'. Try using Self-healing.

22-10-2025T11:34:07 - [MESSAGE][INFO] - [SELF-HEALING] No working XPath is found.

22-10-2025T11:34:09 - [MESSAGE][INFO] - Unable to find the element located by 'By.xpath: '. Please recheck the objects properties to make sure the desired element is located. 

22-10-2025T11:34:09 - [MESSAGE][WARNING] - [SELF-HEALING] Cannot find elements when the selector is null

22-10-2025T11:34:09 - [MESSAGE][WARNING] - Web element with id: 'Object Repository/TripFocus/Testing_Notification_btn' located by '//*[@id="__BVID__10___BV_modal_footer_"]/button' not found (Root cause: com.kms.katalon.core.exception.StepFailedException: Web element with id: 'Object Repository/TripFocus/Testing_Notification_btn' located by '//*[@id="__BVID__10___BV_modal_footer_"]/button' not found
	at com.kms.katalon.core.webui.keyword.internal.WebUIKeywordMain.stepFailed(WebUIKeywordMain.groovy:117)
	at com.kms.katalon.core.webui.keyword.builtin.VerifyElementVisibleKeyword$_verifyElementVisible_closure1.doCall(VerifyElementVisibleKeyword.groovy:89)
	at com.kms.katalon.core.webui.keyword.builtin.VerifyElementVisibleKeyword$_verifyElementVisible_closure1.call(VerifyElementVisibleKeyword.groovy)
	at com.kms.katalon.core.webui.keyword.internal.WebUIKeywordMain.runKeyword(WebUIKeywordMain.groovy:35)
	at com.kms.katalon.core.webui.keyword.builtin.VerifyElementVisibleKeyword.verifyElementVisible(VerifyElementVisibleKeyword.groovy:97)
	at com.kms.katalon.core.webui.keyword.builtin.VerifyElementVisibleKeyword.execute(VerifyElementVisibleKeyword.groovy:67)
	at com.kms.katalon.core.keyword.internal.KeywordExecutor.executeKeywordForPlatform(KeywordExecutor.groovy:74)
	at com.kms.katalon.core.webui.keyword.WebUiBuiltInKeywords.verifyElementVisible(WebUiBuiltInKeywords.groovy:401)
	at com.kms.katalon.core.webui.keyword.WebUiBuiltInKeywords$verifyElementVisible$5.call(Unknown Source)
	at Verify User Unable to Edit Own Data Restrictions.run(Verify User Unable to Edit Own Data Restrictions:38)
	at com.kms.katalon.core.main.ScriptEngine.run(ScriptEngine.java:194)
	at com.kms.katalon.core.main.ScriptEngine.runScriptAsRawText(ScriptEngine.java:119)
	at com.kms.katalon.core.main.TestCaseExecutor.runScript(TestCaseExecutor.java:448)
	at com.kms.katalon.core.main.TestCaseExecutor.doExecute(TestCaseExecutor.java:439)
	at com.kms.katalon.core.main.TestCaseExecutor.processExecutionPhase(TestCaseExecutor.java:418)
	at com.kms.katalon.core.main.TestCaseExecutor.accessMainPhase(TestCaseExecutor.java:410)
	at com.kms.katalon.core.main.TestCaseExecutor.execute(TestCaseExecutor.java:285)
	at com.kms.katalon.core.common.CommonExecutor.accessTestCaseMainPhase(CommonExecutor.java:65)
	at com.kms.katalon.core.main.TestSuiteExecutor.accessTestSuiteMainPhase(TestSuiteExecutor.java:150)
	at com.kms.katalon.core.main.TestSuiteExecutor.execute(TestSuiteExecutor.java:106)
	at com.kms.katalon.core.main.TestCaseMain.startTestSuite(TestCaseMain.java:180)
	at com.kms.katalon.core.main.TestCaseMain$startTestSuite$0.call(Unknown Source)
	at TempTestSuite1761139108993.run(TempTestSuite1761139108993.groovy:35)
	at java.base/jdk.internal.reflect.NativeMethodAccessorImpl.invoke0(Native Method)
	at java.base/jdk.internal.reflect.NativeMethodAccessorImpl.invoke(NativeMethodAccessorImpl.java:77)
	at java.base/jdk.internal.reflect.DelegatingMethodAccessorImpl.invoke(DelegatingMethodAccessorImpl.java:43)
)

22-10-2025T11:34:09 - [TEST_STEP][PASSED] - click(findTestObject("Object Repository/TripFocus/Page_TripFocus/a_Users")): Object: 'Object Repository/TripFocus/Page_TripFocus/a_Users' is clicked on

22-10-2025T11:34:09 - [MESSAGE][PASSED] - Object: 'Object Repository/TripFocus/Page_TripFocus/a_Users' is clicked on

22-10-2025T11:34:09 - [TEST_STEP][PASSED] - delay(5): Delayed 5 second(s)

22-10-2025T11:34:14 - [MESSAGE][PASSED] - Delayed 5 second(s)

22-10-2025T11:34:14 - [TEST_STEP][PASSED] - setText(findTestObject("TripFocus/Users/User_Search_txt"), "Ashford.Chenault+BleachtechCustomerSPGONLY@thekag.com"): Text 'Ashford.Chenault+BleachtechCustomerSPGONLY@thekag.com' is set on object 'Object Repository/TripFocus/Users/User_Search_txt'

22-10-2025T11:34:15 - [MESSAGE][PASSED] - Text 'Ashford.Chenault+BleachtechCustomerSPGONLY@thekag.com' is set on object 'Object Repository/TripFocus/Users/User_Search_txt'

22-10-2025T11:34:15 - [TEST_STEP][PASSED] - delay(2): Delayed 2 second(s)

22-10-2025T11:34:17 - [MESSAGE][PASSED] - Delayed 2 second(s)

22-10-2025T11:34:17 - [TEST_STEP][FAILED] - click(findTestObject("Object Repository/TripFocus/Page_TripFocus/button_Edit")): Unable to click on object 'Object Repository/TripFocus/Page_TripFocus/button_Edit' (Root cause: com.kms.katalon.core.exception.StepFailedException: Unable to click on object 'Object Repository/TripFocus/Page_TripFocus/button_Edit'
	at com.kms.katalon.core.webui.keyword.internal.WebUIKeywordMain.stepFailed(WebUIKeywordMain.groovy:117)
	at com.kms.katalon.core.webui.keyword.internal.WebUIKeywordMain.runKeyword(WebUIKeywordMain.groovy:43)
	at com.kms.katalon.core.webui.keyword.builtin.ClickKeyword.click(ClickKeyword.groovy:74)
	at com.kms.katalon.core.webui.keyword.builtin.ClickKeyword.execute(ClickKeyword.groovy:40)
	at com.kms.katalon.core.keyword.internal.KeywordExecutor.executeKeywordForPlatform(KeywordExecutor.groovy:74)
	at com.kms.katalon.core.webui.keyword.WebUiBuiltInKeywords.click(WebUiBuiltInKeywords.groovy:659)
	at com.kms.katalon.core.webui.keyword.WebUiBuiltInKeywords$click$1.call(Unknown Source)
	at Verify User Unable to Edit Own Data Restrictions.run(Verify User Unable to Edit Own Data Restrictions:52)
	at com.kms.katalon.core.main.ScriptEngine.run(ScriptEngine.java:194)
	at com.kms.katalon.core.main.ScriptEngine.runScriptAsRawText(ScriptEngine.java:119)
	at com.kms.katalon.core.main.TestCaseExecutor.runScript(TestCaseExecutor.java:448)
	at com.kms.katalon.core.main.TestCaseExecutor.doExecute(TestCaseExecutor.java:439)
	at com.kms.katalon.core.main.TestCaseExecutor.processExecutionPhase(TestCaseExecutor.java:418)
	at com.kms.katalon.core.main.TestCaseExecutor.accessMainPhase(TestCaseExecutor.java:410)
	at com.kms.katalon.core.main.TestCaseExecutor.execute(TestCaseExecutor.java:285)
	at com.kms.katalon.core.common.CommonExecutor.accessTestCaseMainPhase(CommonExecutor.java:65)
	at com.kms.katalon.core.main.TestSuiteExecutor.accessTestSuiteMainPhase(TestSuiteExecutor.java:150)
	at com.kms.katalon.core.main.TestSuiteExecutor.execute(TestSuiteExecutor.java:106)
	at com.kms.katalon.core.main.TestCaseMain.startTestSuite(TestCaseMain.java:180)
	at com.kms.katalon.core.main.TestCaseMain$startTestSuite$0.call(Unknown Source)
	at TempTestSuite1761139108993.run(TempTestSuite1761139108993.groovy:35)
	at java.base/jdk.internal.reflect.NativeMethodAccessorImpl.invoke0(Native Method)
	at java.base/jdk.internal.reflect.NativeMethodAccessorImpl.invoke(NativeMethodAccessorImpl.java:77)
	at java.base/jdk.internal.reflect.DelegatingMethodAccessorImpl.invoke(DelegatingMethodAccessorImpl.java:43)
Caused by: org.openqa.selenium.ElementNotInteractableException: element not interactable
  (Session info: chrome=141.0.7390.122)
Build info: version: '3.141.59', revision: 'unknown', time: 'unknown'
System info: host: 'DC1ADOBLD01', ip: '10.2.20.71', os.name: 'Windows Server 2019', os.arch: 'amd64', os.version: '10.0', java.version: '17.0.7'
Driver info: com.kms.katalon.selenium.driver.CChromeDriver
Capabilities {acceptInsecureCerts: false, browserName: chrome, browserVersion: 141.0.7390.122, chrome: {chromedriverVersion: 141.0.7390.122 (b477534e7e1..., userDataDir: C:\Windows\SystemTemp\scope...}, fedcm:accounts: true, goog:chromeOptions: {debuggerAddress: localhost:60939}, javascriptEnabled: true, networkConnectionEnabled: false, pageLoadStrategy: normal, platform: WINDOWS, platformName: WINDOWS, proxy: Proxy(), setWindowRect: true, strictFileInteractability: false, timeouts: {implicit: 0, pageLoad: 300000, script: 30000}, unhandledPromptBehavior: dismiss and notify, webauthn:extension:credBlob: true, webauthn:extension:largeBlob: true, webauthn:extension:minPinLength: true, webauthn:extension:prf: true, webauthn:virtualAuthenticators: true}
Session ID: 821505af1f5e8f19a9cef55b4773bd3c
	at java.base/jdk.internal.reflect.NativeConstructorAccessorImpl.newInstance0(Native Method)
	at java.base/jdk.internal.reflect.NativeConstructorAccessorImpl.newInstance(NativeConstructorAccessorImpl.java:77)
	at java.base/jdk.internal.reflect.DelegatingConstructorAccessorImpl.newInstance(DelegatingConstructorAccessorImpl.java:45)
	at org.openqa.selenium.remote.http.W3CHttpResponseCodec.createException(W3CHttpResponseCodec.java:187)
	at org.openqa.selenium.remote.http.W3CHttpResponseCodec.decode(W3CHttpResponseCodec.java:122)
	at org.openqa.selenium.remote.http.W3CHttpResponseCodec.decode(W3CHttpResponseCodec.java:49)
	at org.openqa.selenium.remote.HttpCommandExecutor.execute(HttpCommandExecutor.java:158)
	at org.openqa.selenium.remote.service.DriverCommandExecutor.execute(DriverCommandExecutor.java:83)
	at org.openqa.selenium.remote.RemoteWebDriver.execute(RemoteWebDriver.java:552)
	at com.kms.katalon.selenium.driver.CChromeDriver.execute(CChromeDriver.java:19)
	at org.openqa.selenium.remote.RemoteWebElement.execute(RemoteWebElement.java:285)
	at org.openqa.selenium.remote.RemoteWebElement.click(RemoteWebElement.java:84)
	at jdk.internal.reflect.GeneratedMethodAccessor22.invoke(Unknown Source)
	at java.base/jdk.internal.reflect.DelegatingMethodAccessorImpl.invoke(DelegatingMethodAccessorImpl.java:43)
	at org.openqa.selenium.support.events.EventFiringWebDriver$EventFiringWebElement.lambda$new$0(EventFiringWebDriver.java:404)
	at jdk.proxy2/jdk.proxy2.$Proxy27.click(Unknown Source)
	at org.openqa.selenium.support.events.EventFiringWebDriver$EventFiringWebElement.click(EventFiringWebDriver.java:417)
	at org.openqa.selenium.WebElement$click.call(Unknown Source)
	at com.kms.katalon.core.webui.keyword.builtin.ClickKeyword.clickUntilSuccessWithTimeout(ClickKeyword.groovy:81)
	at com.kms.katalon.core.webui.keyword.builtin.ClickKeyword.clickUntilSuccessWithTimeout(ClickKeyword.groovy)
	at jdk.internal.reflect.GeneratedMethodAccessor20.invoke(Unknown Source)
	at java.base/jdk.internal.reflect.DelegatingMethodAccessorImpl.invoke(DelegatingMethodAccessorImpl.java:43)
	at com.kms.katalon.core.webui.keyword.builtin.ClickKeyword$_click_closure1.doCall(ClickKeyword.groovy:67)
	at com.kms.katalon.core.webui.keyword.builtin.ClickKeyword$_click_closure1.call(ClickKeyword.groovy)
	at com.kms.katalon.core.webui.keyword.internal.WebUIKeywordMain.runKeyword(WebUIKeywordMain.groovy:35)
	at com.kms.katalon.core.webui.keyword.builtin.ClickKeyword.click(ClickKeyword.groovy:74)
	at com.kms.katalon.core.webui.keyword.builtin.ClickKeyword.execute(ClickKeyword.groovy:40)
	at com.kms.katalon.core.keyword.internal.KeywordExecutor.executeKeywordForPlatform(KeywordExecutor.groovy:74)
	at com.kms.katalon.core.webui.keyword.WebUiBuiltInKeywords.click(WebUiBuiltInKeywords.groovy:659)
	at com.kms.katalon.core.webui.keyword.WebUiBuiltInKeywords$click$1.call(Unknown Source)
	at Script1745601895754.run(Script1745601895754.groovy:52)
	... 16 more
)

22-10-2025T11:34:17 - [MESSAGE][FAILED] - Unable to click on object 'Object Repository/TripFocus/Page_TripFocus/button_Edit' (Root cause: com.kms.katalon.core.exception.StepFailedException: Unable to click on object 'Object Repository/TripFocus/Page_TripFocus/button_Edit'
	at com.kms.katalon.core.webui.keyword.internal.WebUIKeywordMain.stepFailed(WebUIKeywordMain.groovy:117)
	at com.kms.katalon.core.webui.keyword.internal.WebUIKeywordMain.runKeyword(WebUIKeywordMain.groovy:43)
	at com.kms.katalon.core.webui.keyword.builtin.ClickKeyword.click(ClickKeyword.groovy:74)
	at com.kms.katalon.core.webui.keyword.builtin.ClickKeyword.execute(ClickKeyword.groovy:40)
	at com.kms.katalon.core.keyword.internal.KeywordExecutor.executeKeywordForPlatform(KeywordExecutor.groovy:74)
	at com.kms.katalon.core.webui.keyword.WebUiBuiltInKeywords.click(WebUiBuiltInKeywords.groovy:659)
	at com.kms.katalon.core.webui.keyword.WebUiBuiltInKeywords$click$1.call(Unknown Source)
	at Verify User Unable to Edit Own Data Restrictions.run(Verify User Unable to Edit Own Data Restrictions:52)
	at com.kms.katalon.core.main.ScriptEngine.run(ScriptEngine.java:194)
	at com.kms.katalon.core.main.ScriptEngine.runScriptAsRawText(ScriptEngine.java:119)
	at com.kms.katalon.core.main.TestCaseExecutor.runScript(TestCaseExecutor.java:448)
	at com.kms.katalon.core.main.TestCaseExecutor.doExecute(TestCaseExecutor.java:439)
	at com.kms.katalon.core.main.TestCaseExecutor.processExecutionPhase(TestCaseExecutor.java:418)
	at com.kms.katalon.core.main.TestCaseExecutor.accessMainPhase(TestCaseExecutor.java:410)
	at com.kms.katalon.core.main.TestCaseExecutor.execute(TestCaseExecutor.java:285)
	at com.kms.katalon.core.common.CommonExecutor.accessTestCaseMainPhase(CommonExecutor.java:65)
	at com.kms.katalon.core.main.TestSuiteExecutor.accessTestSuiteMainPhase(TestSuiteExecutor.java:150)
	at com.kms.katalon.core.main.TestSuiteExecutor.execute(TestSuiteExecutor.java:106)
	at com.kms.katalon.core.main.TestCaseMain.startTestSuite(TestCaseMain.java:180)
	at com.kms.katalon.core.main.TestCaseMain$startTestSuite$0.call(Unknown Source)
	at TempTestSuite1761139108993.run(TempTestSuite1761139108993.groovy:35)
	at java.base/jdk.internal.reflect.NativeMethodAccessorImpl.invoke0(Native Method)
	at java.base/jdk.internal.reflect.NativeMethodAccessorImpl.invoke(NativeMethodAccessorImpl.java:77)
	at java.base/jdk.internal.reflect.DelegatingMethodAccessorImpl.invoke(DelegatingMethodAccessorImpl.java:43)
Caused by: org.openqa.selenium.ElementNotInteractableException: element not interactable
  (Session info: chrome=141.0.7390.122)
Build info: version: '3.141.59', revision: 'unknown', time: 'unknown'
System info: host: 'DC1ADOBLD01', ip: '10.2.20.71', os.name: 'Windows Server 2019', os.arch: 'amd64', os.version: '10.0', java.version: '17.0.7'
Driver info: com.kms.katalon.selenium.driver.CChromeDriver
Capabilities {acceptInsecureCerts: false, browserName: chrome, browserVersion: 141.0.7390.122, chrome: {chromedriverVersion: 141.0.7390.122 (b477534e7e1..., userDataDir: C:\Windows\SystemTemp\scope...}, fedcm:accounts: true, goog:chromeOptions: {debuggerAddress: localhost:60939}, javascriptEnabled: true, networkConnectionEnabled: false, pageLoadStrategy: normal, platform: WINDOWS, platformName: WINDOWS, proxy: Proxy(), setWindowRect: true, strictFileInteractability: false, timeouts: {implicit: 0, pageLoad: 300000, script: 30000}, unhandledPromptBehavior: dismiss and notify, webauthn:extension:credBlob: true, webauthn:extension:largeBlob: true, webauthn:extension:minPinLength: true, webauthn:extension:prf: true, webauthn:virtualAuthenticators: true}
Session ID: 821505af1f5e8f19a9cef55b4773bd3c
	at java.base/jdk.internal.reflect.NativeConstructorAccessorImpl.newInstance0(Native Method)
	at java.base/jdk.internal.reflect.NativeConstructorAccessorImpl.newInstance(NativeConstructorAccessorImpl.java:77)
	at java.base/jdk.internal.reflect.DelegatingConstructorAccessorImpl.newInstance(DelegatingConstructorAccessorImpl.java:45)
	at org.openqa.selenium.remote.http.W3CHttpResponseCodec.createException(W3CHttpResponseCodec.java:187)
	at org.openqa.selenium.remote.http.W3CHttpResponseCodec.decode(W3CHttpResponseCodec.java:122)
	at org.openqa.selenium.remote.http.W3CHttpResponseCodec.decode(W3CHttpResponseCodec.java:49)
	at org.openqa.selenium.remote.HttpCommandExecutor.execute(HttpCommandExecutor.java:158)
	at org.openqa.selenium.remote.service.DriverCommandExecutor.execute(DriverCommandExecutor.java:83)
	at org.openqa.selenium.remote.RemoteWebDriver.execute(RemoteWebDriver.java:552)
	at com.kms.katalon.selenium.driver.CChromeDriver.execute(CChromeDriver.java:19)
	at org.openqa.selenium.remote.RemoteWebElement.execute(RemoteWebElement.java:285)
	at org.openqa.selenium.remote.RemoteWebElement.click(RemoteWebElement.java:84)
	at jdk.internal.reflect.GeneratedMethodAccessor22.invoke(Unknown Source)
	at java.base/jdk.internal.reflect.DelegatingMethodAccessorImpl.invoke(DelegatingMethodAccessorImpl.java:43)
	at org.openqa.selenium.support.events.EventFiringWebDriver$EventFiringWebElement.lambda$new$0(EventFiringWebDriver.java:404)
	at jdk.proxy2/jdk.proxy2.$Proxy27.click(Unknown Source)
	at org.openqa.selenium.support.events.EventFiringWebDriver$EventFiringWebElement.click(EventFiringWebDriver.java:417)
	at org.openqa.selenium.WebElement$click.call(Unknown Source)
	at com.kms.katalon.core.webui.keyword.builtin.ClickKeyword.clickUntilSuccessWithTimeout(ClickKeyword.groovy:81)
	at com.kms.katalon.core.webui.keyword.builtin.ClickKeyword.clickUntilSuccessWithTimeout(ClickKeyword.groovy)
	at jdk.internal.reflect.GeneratedMethodAccessor20.invoke(Unknown Source)
	at java.base/jdk.internal.reflect.DelegatingMethodAccessorImpl.invoke(DelegatingMethodAccessorImpl.java:43)
	at com.kms.katalon.core.webui.keyword.builtin.ClickKeyword$_click_closure1.doCall(ClickKeyword.groovy:67)
	at com.kms.katalon.core.webui.keyword.builtin.ClickKeyword$_click_closure1.call(ClickKeyword.groovy)
	at com.kms.katalon.core.webui.keyword.internal.WebUIKeywordMain.runKeyword(WebUIKeywordMain.groovy:35)
	at com.kms.katalon.core.webui.keyword.builtin.ClickKeyword.click(ClickKeyword.groovy:74)
	at com.kms.katalon.core.webui.keyword.builtin.ClickKeyword.execute(ClickKeyword.groovy:40)
	at com.kms.katalon.core.keyword.internal.KeywordExecutor.executeKeywordForPlatform(KeywordExecutor.groovy:74)
	at com.kms.katalon.core.webui.keyword.WebUiBuiltInKeywords.click(WebUiBuiltInKeywords.groovy:659)
	at com.kms.katalon.core.webui.keyword.WebUiBuiltInKeywords$click$1.call(Unknown Source)
	at Script1745601895754.run(Script1745601895754.groovy:52)
	... 16 more
)

22-10-2025T11:34:17 - [TEST_STEP][PASSED] - Start listener action : retryOnDisconnect: Current window's url is: 'https://www.qa.tripfocus.com/admin/users'

22-10-2025T11:34:17 - [TEST_STEP][PASSED] - tcId = testCaseContext.getTestCaseId(): null

22-10-2025T11:34:17 - [TEST_STEP][PASSED] - currentRetry = retryCounts.getOrDefault(tcId, 0): null

22-10-2025T11:34:17 - [TEST_STEP][PASSED] - if (testCaseContext.getTestCaseStatus() == "FAILED" && currentRetry < MAX_RETRIES): Current window's url is: 'https://www.qa.tripfocus.com/admin/users'

22-10-2025T11:34:17 - [TEST_STEP][PASSED] - try: Current window's url is: 'https://www.qa.tripfocus.com/admin/users'

22-10-2025T11:34:17 - [TEST_STEP][PASSED] - comment(Checking for WebDriver disconnect for test case: $tcId): Checking for WebDriver disconnect for test case: Test Cases/TripFocus/SPG/SPG - UserPage/Edit/Data Restrictions/Verify User Unable to Edit Own Data Restrictions

22-10-2025T11:34:17 - [MESSAGE][INFO] - Checking for WebDriver disconnect for test case: Test Cases/TripFocus/SPG/SPG - UserPage/Edit/Data Restrictions/Verify User Unable to Edit Own Data Restrictions

22-10-2025T11:34:17 - [TEST_STEP][PASSED] - getUrl(): Current window's url is: 'https://www.qa.tripfocus.com/admin/users'

22-10-2025T11:34:17 - [MESSAGE][PASSED] - Current window's url is: 'https://www.qa.tripfocus.com/admin/users']]></system-out>
         <system-err><![CDATA[22-10-2025T11:33:27 - [TEST_CASE][FAILED] - Test Cases/TripFocus/SPG/SPG - UserPage/Edit/Data Restrictions/Verify User Unable to Edit Own Data Restrictions: Test Cases/TripFocus/SPG/SPG - UserPage/Edit/Data Restrictions/Verify User Unable to Edit Own Data Restrictions FAILED.
Reason:
com.kms.katalon.core.exception.StepFailedException: Unable to click on object 'Object Repository/TripFocus/Page_TripFocus/button_Edit'
	at com.kms.katalon.core.webui.keyword.internal.WebUIKeywordMain.stepFailed(WebUIKeywordMain.groovy:117)
	at com.kms.katalon.core.webui.keyword.internal.WebUIKeywordMain.runKeyword(WebUIKeywordMain.groovy:43)
	at com.kms.katalon.core.webui.keyword.builtin.ClickKeyword.click(ClickKeyword.groovy:74)
	at com.kms.katalon.core.webui.keyword.builtin.ClickKeyword.execute(ClickKeyword.groovy:40)
	at com.kms.katalon.core.keyword.internal.KeywordExecutor.executeKeywordForPlatform(KeywordExecutor.groovy:74)
	at com.kms.katalon.core.webui.keyword.WebUiBuiltInKeywords.click(WebUiBuiltInKeywords.groovy:659)
	at com.kms.katalon.core.webui.keyword.WebUiBuiltInKeywords$click$1.call(Unknown Source)
	at Verify User Unable to Edit Own Data Restrictions.run(Verify User Unable to Edit Own Data Restrictions:52)
	at com.kms.katalon.core.main.ScriptEngine.run(ScriptEngine.java:194)
	at com.kms.katalon.core.main.ScriptEngine.runScriptAsRawText(ScriptEngine.java:119)
	at com.kms.katalon.core.main.TestCaseExecutor.runScript(TestCaseExecutor.java:448)
	at com.kms.katalon.core.main.TestCaseExecutor.doExecute(TestCaseExecutor.java:439)
	at com.kms.katalon.core.main.TestCaseExecutor.processExecutionPhase(TestCaseExecutor.java:418)
	at com.kms.katalon.core.main.TestCaseExecutor.accessMainPhase(TestCaseExecutor.java:410)
	at com.kms.katalon.core.main.TestCaseExecutor.execute(TestCaseExecutor.java:285)
	at com.kms.katalon.core.common.CommonExecutor.accessTestCaseMainPhase(CommonExecutor.java:65)
	at com.kms.katalon.core.main.TestSuiteExecutor.accessTestSuiteMainPhase(TestSuiteExecutor.java:150)
	at com.kms.katalon.core.main.TestSuiteExecutor.execute(TestSuiteExecutor.java:106)
	at com.kms.katalon.core.main.TestCaseMain.startTestSuite(TestCaseMain.java:180)
	at com.kms.katalon.core.main.TestCaseMain$startTestSuite$0.call(Unknown Source)
	at TempTestSuite1761139108993.run(TempTestSuite1761139108993.groovy:35)
	at java.base/jdk.internal.reflect.NativeMethodAccessorImpl.invoke0(Native Method)
	at java.base/jdk.internal.reflect.NativeMethodAccessorImpl.invoke(NativeMethodAccessorImpl.java:77)
	at java.base/jdk.internal.reflect.DelegatingMethodAccessorImpl.invoke(DelegatingMethodAccessorImpl.java:43)
Caused by: org.openqa.selenium.ElementNotInteractableException: element not interactable
  (Session info: chrome=141.0.7390.122)
Build info: version: '3.141.59', revision: 'unknown', time: 'unknown'
System info: host: 'DC1ADOBLD01', ip: '10.2.20.71', os.name: 'Windows Server 2019', os.arch: 'amd64', os.version: '10.0', java.version: '17.0.7'
Driver info: com.kms.katalon.selenium.driver.CChromeDriver
Capabilities {acceptInsecureCerts: false, browserName: chrome, browserVersion: 141.0.7390.122, chrome: {chromedriverVersion: 141.0.7390.122 (b477534e7e1..., userDataDir: C:\Windows\SystemTemp\scope...}, fedcm:accounts: true, goog:chromeOptions: {debuggerAddress: localhost:60939}, javascriptEnabled: true, networkConnectionEnabled: false, pageLoadStrategy: normal, platform: WINDOWS, platformName: WINDOWS, proxy: Proxy(), setWindowRect: true, strictFileInteractability: false, timeouts: {implicit: 0, pageLoad: 300000, script: 30000}, unhandledPromptBehavior: dismiss and notify, webauthn:extension:credBlob: true, webauthn:extension:largeBlob: true, webauthn:extension:minPinLength: true, webauthn:extension:prf: true, webauthn:virtualAuthenticators: true}
Session ID: 821505af1f5e8f19a9cef55b4773bd3c
	at java.base/jdk.internal.reflect.NativeConstructorAccessorImpl.newInstance0(Native Method)
	at java.base/jdk.internal.reflect.NativeConstructorAccessorImpl.newInstance(NativeConstructorAccessorImpl.java:77)
	at java.base/jdk.internal.reflect.DelegatingConstructorAccessorImpl.newInstance(DelegatingConstructorAccessorImpl.java:45)
	at org.openqa.selenium.remote.http.W3CHttpResponseCodec.createException(W3CHttpResponseCodec.java:187)
	at org.openqa.selenium.remote.http.W3CHttpResponseCodec.decode(W3CHttpResponseCodec.java:122)
	at org.openqa.selenium.remote.http.W3CHttpResponseCodec.decode(W3CHttpResponseCodec.java:49)
	at org.openqa.selenium.remote.HttpCommandExecutor.execute(HttpCommandExecutor.java:158)
	at org.openqa.selenium.remote.service.DriverCommandExecutor.execute(DriverCommandExecutor.java:83)
	at org.openqa.selenium.remote.RemoteWebDriver.execute(RemoteWebDriver.java:552)
	at com.kms.katalon.selenium.driver.CChromeDriver.execute(CChromeDriver.java:19)
	at org.openqa.selenium.remote.RemoteWebElement.execute(RemoteWebElement.java:285)
	at org.openqa.selenium.remote.RemoteWebElement.click(RemoteWebElement.java:84)
	at jdk.internal.reflect.GeneratedMethodAccessor22.invoke(Unknown Source)
	at java.base/jdk.internal.reflect.DelegatingMethodAccessorImpl.invoke(DelegatingMethodAccessorImpl.java:43)
	at org.openqa.selenium.support.events.EventFiringWebDriver$EventFiringWebElement.lambda$new$0(EventFiringWebDriver.java:404)
	at jdk.proxy2/jdk.proxy2.$Proxy27.click(Unknown Source)
	at org.openqa.selenium.support.events.EventFiringWebDriver$EventFiringWebElement.click(EventFiringWebDriver.java:417)
	at org.openqa.selenium.WebElement$click.call(Unknown Source)
	at com.kms.katalon.core.webui.keyword.builtin.ClickKeyword.clickUntilSuccessWithTimeout(ClickKeyword.groovy:81)
	at com.kms.katalon.core.webui.keyword.builtin.ClickKeyword.clickUntilSuccessWithTimeout(ClickKeyword.groovy)
	at jdk.internal.reflect.GeneratedMethodAccessor20.invoke(Unknown Source)
	at java.base/jdk.internal.reflect.DelegatingMethodAccessorImpl.invoke(DelegatingMethodAccessorImpl.java:43)
	at com.kms.katalon.core.webui.keyword.builtin.ClickKeyword$_click_closure1.doCall(ClickKeyword.groovy:67)
	at com.kms.katalon.core.webui.keyword.builtin.ClickKeyword$_click_closure1.call(ClickKeyword.groovy)
	at com.kms.katalon.core.webui.keyword.internal.WebUIKeywordMain.runKeyword(WebUIKeywordMain.groovy:35)
	... 22 more]]></system-err>
      </testcase>
      <testcase name="Test Cases/TripFocus/SPG/SPG - UserPage/Edit/Permissions/Add Customer Template Permissions" time="64.629" classname="Test Cases/TripFocus/SPG/SPG - UserPage/Edit/Permissions/Add Customer Template Permissions" status="PASSED">
         <system-out><![CDATA[22-10-2025T11:34:17 - [TEST_CASE][PASSED] - Test Cases/TripFocus/SPG/SPG - UserPage/Edit/Permissions/Add Customer Template Permissions: Test Cases/TripFocus/SPG/SPG - UserPage/Edit/Permissions/Add Customer Template Permissions

22-10-2025T11:34:17 - [TEST_STEP][PASSED] - Start listener action : beforeTestCase: null

22-10-2025T11:34:17 - [TEST_STEP][PASSED] - addDefaultPackages(): null

22-10-2025T11:34:17 - [TEST_STEP][PASSED] - openBrowser(""): Browser is opened with url: ''

22-10-2025T11:34:17 - [MESSAGE][WARNING] - A browser is already opened. Closing browser and opening a new one

22-10-2025T11:34:17 - [MESSAGE][INFO] - Starting 'Chrome' driver

22-10-2025T11:34:17 - [MESSAGE][INFO] - User set preference: ['args', '[--no-sandbox, --disable-gpu, --disable-dev-shm-usage]']

22-10-2025T11:34:17 - [MESSAGE][INFO] - Action delay is set to 0 milliseconds

22-10-2025T11:34:18 - [MESSAGE][PASSED] - Browser is opened with url: ''

22-10-2025T11:34:18 - [TEST_STEP][PASSED] - navigateToUrl(TFBaseURL): Navigate to 'https://www.qa.tripfocus.com' successfully

22-10-2025T11:34:18 - [MESSAGE][PASSED] - Navigate to 'https://www.qa.tripfocus.com' successfully

22-10-2025T11:34:18 - [TEST_STEP][PASSED] - click(findTestObject("Object Repository/TripFocus/Page_TripFocus/button_Sign in")): Object: 'Object Repository/TripFocus/Page_TripFocus/button_Sign in' is clicked on

22-10-2025T11:34:18 - [MESSAGE][PASSED] - Object: 'Object Repository/TripFocus/Page_TripFocus/button_Sign in' is clicked on

22-10-2025T11:34:18 - [TEST_STEP][PASSED] - setText(findTestObject("Object Repository/TripFocus/Page_TripFocus/input_Username (e.g. email address)_Username"), TripFocusBleachTechSPGUsername): Text 'Ashford.Chenault+BleachtechCustomerSPGONLY@thekag.com' is set on object 'Object Repository/TripFocus/Page_TripFocus/input_Username (e.g. email address)_Username'

22-10-2025T11:34:19 - [MESSAGE][PASSED] - Text 'Ashford.Chenault+BleachtechCustomerSPGONLY@thekag.com' is set on object 'Object Repository/TripFocus/Page_TripFocus/input_Username (e.g. email address)_Username'

22-10-2025T11:34:19 - [TEST_STEP][PASSED] - setText(findTestObject("Object Repository/TripFocus/Page_TripFocus/input_Password_Password"), TripFocusFDGSPGPassword): Text 'CrashBan911!!' is set on object 'Object Repository/TripFocus/Page_TripFocus/input_Password_Password'

22-10-2025T11:34:19 - [MESSAGE][PASSED] - Text 'CrashBan911!!' is set on object 'Object Repository/TripFocus/Page_TripFocus/input_Password_Password'

22-10-2025T11:34:19 - [TEST_STEP][PASSED] - click(findTestObject("Object Repository/TripFocus/Page_TripFocus/button_Login")): Object: 'Object Repository/TripFocus/Page_TripFocus/button_Login' is clicked on

22-10-2025T11:34:20 - [MESSAGE][PASSED] - Object: 'Object Repository/TripFocus/Page_TripFocus/button_Login' is clicked on

22-10-2025T11:34:20 - [TEST_STEP][PASSED] - maximizeWindow(): Current window maximized

22-10-2025T11:34:20 - [MESSAGE][PASSED] - Current window maximized

22-10-2025T11:34:20 - [TEST_STEP][PASSED] - waitForElementVisible(findTestObject("TripFocus/Testing_Notification_btn"), 15, OPTIONAL): Web element with id: 'Object Repository/TripFocus/Testing_Notification_btn' located by '//*[@id="__BVID__10___BV_modal_footer_"]/button' not found

22-10-2025T11:34:36 - [MESSAGE][INFO] - Unable to find the element located by 'By.xpath: //*[@id="__BVID__10___BV_modal_footer_"]/button'. Please recheck the objects properties to make sure the desired element is located. 

22-10-2025T11:34:36 - [MESSAGE][WARNING] - [SELF-HEALING] Failed to find element with id 'Object Repository/TripFocus/Testing_Notification_btn'. Try using Self-healing.

22-10-2025T11:34:37 - [MESSAGE][INFO] - [SELF-HEALING] No working XPath is found.

22-10-2025T11:34:39 - [MESSAGE][INFO] - Unable to find the element located by 'By.xpath: '. Please recheck the objects properties to make sure the desired element is located. 

22-10-2025T11:34:39 - [MESSAGE][WARNING] - [SELF-HEALING] Cannot find elements when the selector is null

22-10-2025T11:34:39 - [MESSAGE][WARNING] - Web element with id: 'Object Repository/TripFocus/Testing_Notification_btn' located by '//*[@id="__BVID__10___BV_modal_footer_"]/button' not found

22-10-2025T11:34:39 - [TEST_STEP][PASSED] - if (verifyElementVisible(findTestObject("TripFocus/Testing_Notification_btn"), OPTIONAL) == true): Web element with id: 'Object Repository/TripFocus/Testing_Notification_btn' located by '//*[@id="__BVID__10___BV_modal_footer_"]/button' not found (Root cause: com.kms.katalon.core.exception.StepFailedException: Web element with id: 'Object Repository/TripFocus/Testing_Notification_btn' located by '//*[@id="__BVID__10___BV_modal_footer_"]/button' not found
	at com.kms.katalon.core.webui.keyword.internal.WebUIKeywordMain.stepFailed(WebUIKeywordMain.groovy:117)
	at com.kms.katalon.core.webui.keyword.builtin.VerifyElementVisibleKeyword$_verifyElementVisible_closure1.doCall(VerifyElementVisibleKeyword.groovy:89)
	at com.kms.katalon.core.webui.keyword.builtin.VerifyElementVisibleKeyword$_verifyElementVisible_closure1.call(VerifyElementVisibleKeyword.groovy)
	at com.kms.katalon.core.webui.keyword.internal.WebUIKeywordMain.runKeyword(WebUIKeywordMain.groovy:35)
	at com.kms.katalon.core.webui.keyword.builtin.VerifyElementVisibleKeyword.verifyElementVisible(VerifyElementVisibleKeyword.groovy:97)
	at com.kms.katalon.core.webui.keyword.builtin.VerifyElementVisibleKeyword.execute(VerifyElementVisibleKeyword.groovy:67)
	at com.kms.katalon.core.keyword.internal.KeywordExecutor.executeKeywordForPlatform(KeywordExecutor.groovy:74)
	at com.kms.katalon.core.webui.keyword.WebUiBuiltInKeywords.verifyElementVisible(WebUiBuiltInKeywords.groovy:401)
	at com.kms.katalon.core.webui.keyword.WebUiBuiltInKeywords$verifyElementVisible$5.call(Unknown Source)
	at Add Customer Template Permissions.run(Add Customer Template Permissions:38)
	at com.kms.katalon.core.main.ScriptEngine.run(ScriptEngine.java:194)
	at com.kms.katalon.core.main.ScriptEngine.runScriptAsRawText(ScriptEngine.java:119)
	at com.kms.katalon.core.main.TestCaseExecutor.runScript(TestCaseExecutor.java:448)
	at com.kms.katalon.core.main.TestCaseExecutor.doExecute(TestCaseExecutor.java:439)
	at com.kms.katalon.core.main.TestCaseExecutor.processExecutionPhase(TestCaseExecutor.java:418)
	at com.kms.katalon.core.main.TestCaseExecutor.accessMainPhase(TestCaseExecutor.java:410)
	at com.kms.katalon.core.main.TestCaseExecutor.execute(TestCaseExecutor.java:285)
	at com.kms.katalon.core.common.CommonExecutor.accessTestCaseMainPhase(CommonExecutor.java:65)
	at com.kms.katalon.core.main.TestSuiteExecutor.accessTestSuiteMainPhase(TestSuiteExecutor.java:150)
	at com.kms.katalon.core.main.TestSuiteExecutor.execute(TestSuiteExecutor.java:106)
	at com.kms.katalon.core.main.TestCaseMain.startTestSuite(TestCaseMain.java:180)
	at com.kms.katalon.core.main.TestCaseMain$startTestSuite$0.call(Unknown Source)
	at TempTestSuite1761139108993.run(TempTestSuite1761139108993.groovy:35)
	at java.base/jdk.internal.reflect.NativeMethodAccessorImpl.invoke0(Native Method)
	at java.base/jdk.internal.reflect.NativeMethodAccessorImpl.invoke(NativeMethodAccessorImpl.java:77)
	at java.base/jdk.internal.reflect.DelegatingMethodAccessorImpl.invoke(DelegatingMethodAccessorImpl.java:43)
)

22-10-2025T11:34:55 - [MESSAGE][INFO] - Unable to find the element located by 'By.xpath: //*[@id="__BVID__10___BV_modal_footer_"]/button'. Please recheck the objects properties to make sure the desired element is located. 

22-10-2025T11:34:55 - [MESSAGE][WARNING] - [SELF-HEALING] Failed to find element with id 'Object Repository/TripFocus/Testing_Notification_btn'. Try using Self-healing.

22-10-2025T11:34:56 - [MESSAGE][INFO] - [SELF-HEALING] No working XPath is found.

22-10-2025T11:34:58 - [MESSAGE][INFO] - Unable to find the element located by 'By.xpath: '. Please recheck the objects properties to make sure the desired element is located. 

22-10-2025T11:34:58 - [MESSAGE][WARNING] - [SELF-HEALING] Cannot find elements when the selector is null

22-10-2025T11:34:58 - [MESSAGE][WARNING] - Web element with id: 'Object Repository/TripFocus/Testing_Notification_btn' located by '//*[@id="__BVID__10___BV_modal_footer_"]/button' not found (Root cause: com.kms.katalon.core.exception.StepFailedException: Web element with id: 'Object Repository/TripFocus/Testing_Notification_btn' located by '//*[@id="__BVID__10___BV_modal_footer_"]/button' not found
	at com.kms.katalon.core.webui.keyword.internal.WebUIKeywordMain.stepFailed(WebUIKeywordMain.groovy:117)
	at com.kms.katalon.core.webui.keyword.builtin.VerifyElementVisibleKeyword$_verifyElementVisible_closure1.doCall(VerifyElementVisibleKeyword.groovy:89)
	at com.kms.katalon.core.webui.keyword.builtin.VerifyElementVisibleKeyword$_verifyElementVisible_closure1.call(VerifyElementVisibleKeyword.groovy)
	at com.kms.katalon.core.webui.keyword.internal.WebUIKeywordMain.runKeyword(WebUIKeywordMain.groovy:35)
	at com.kms.katalon.core.webui.keyword.builtin.VerifyElementVisibleKeyword.verifyElementVisible(VerifyElementVisibleKeyword.groovy:97)
	at com.kms.katalon.core.webui.keyword.builtin.VerifyElementVisibleKeyword.execute(VerifyElementVisibleKeyword.groovy:67)
	at com.kms.katalon.core.keyword.internal.KeywordExecutor.executeKeywordForPlatform(KeywordExecutor.groovy:74)
	at com.kms.katalon.core.webui.keyword.WebUiBuiltInKeywords.verifyElementVisible(WebUiBuiltInKeywords.groovy:401)
	at com.kms.katalon.core.webui.keyword.WebUiBuiltInKeywords$verifyElementVisible$5.call(Unknown Source)
	at Add Customer Template Permissions.run(Add Customer Template Permissions:38)
	at com.kms.katalon.core.main.ScriptEngine.run(ScriptEngine.java:194)
	at com.kms.katalon.core.main.ScriptEngine.runScriptAsRawText(ScriptEngine.java:119)
	at com.kms.katalon.core.main.TestCaseExecutor.runScript(TestCaseExecutor.java:448)
	at com.kms.katalon.core.main.TestCaseExecutor.doExecute(TestCaseExecutor.java:439)
	at com.kms.katalon.core.main.TestCaseExecutor.processExecutionPhase(TestCaseExecutor.java:418)
	at com.kms.katalon.core.main.TestCaseExecutor.accessMainPhase(TestCaseExecutor.java:410)
	at com.kms.katalon.core.main.TestCaseExecutor.execute(TestCaseExecutor.java:285)
	at com.kms.katalon.core.common.CommonExecutor.accessTestCaseMainPhase(CommonExecutor.java:65)
	at com.kms.katalon.core.main.TestSuiteExecutor.accessTestSuiteMainPhase(TestSuiteExecutor.java:150)
	at com.kms.katalon.core.main.TestSuiteExecutor.execute(TestSuiteExecutor.java:106)
	at com.kms.katalon.core.main.TestCaseMain.startTestSuite(TestCaseMain.java:180)
	at com.kms.katalon.core.main.TestCaseMain$startTestSuite$0.call(Unknown Source)
	at TempTestSuite1761139108993.run(TempTestSuite1761139108993.groovy:35)
	at java.base/jdk.internal.reflect.NativeMethodAccessorImpl.invoke0(Native Method)
	at java.base/jdk.internal.reflect.NativeMethodAccessorImpl.invoke(NativeMethodAccessorImpl.java:77)
	at java.base/jdk.internal.reflect.DelegatingMethodAccessorImpl.invoke(DelegatingMethodAccessorImpl.java:43)
)

22-10-2025T11:34:58 - [TEST_STEP][PASSED] - click(findTestObject("Object Repository/TripFocus/Page_TripFocus/a_Users")): Object: 'Object Repository/TripFocus/Page_TripFocus/a_Users' is clicked on

22-10-2025T11:34:58 - [MESSAGE][PASSED] - Object: 'Object Repository/TripFocus/Page_TripFocus/a_Users' is clicked on

22-10-2025T11:34:58 - [TEST_STEP][PASSED] - delay(5): Delayed 5 second(s)

22-10-2025T11:35:03 - [MESSAGE][PASSED] - Delayed 5 second(s)

22-10-2025T11:35:03 - [TEST_STEP][PASSED] - setText(findTestObject("TripFocus/Users/User_Search_txt"), "ashfordSPGTesting"): Text 'ashfordSPGTesting' is set on object 'Object Repository/TripFocus/Users/User_Search_txt'

22-10-2025T11:35:03 - [MESSAGE][PASSED] - Text 'ashfordSPGTesting' is set on object 'Object Repository/TripFocus/Users/User_Search_txt'

22-10-2025T11:35:03 - [TEST_STEP][PASSED] - delay(2): Delayed 2 second(s)

22-10-2025T11:35:05 - [MESSAGE][PASSED] - Delayed 2 second(s)

22-10-2025T11:35:05 - [TEST_STEP][PASSED] - click(findTestObject("Object Repository/TripFocus/Page_TripFocus/button_Edit")): Object: 'Object Repository/TripFocus/Page_TripFocus/button_Edit' is clicked on

22-10-2025T11:35:06 - [MESSAGE][PASSED] - Object: 'Object Repository/TripFocus/Page_TripFocus/button_Edit' is clicked on

22-10-2025T11:35:06 - [TEST_STEP][PASSED] - delay(7): Delayed 7 second(s)

22-10-2025T11:35:13 - [MESSAGE][PASSED] - Delayed 7 second(s)

22-10-2025T11:35:13 - [TEST_STEP][PASSED] - click(findTestObject("TripFocus/Users/Permissions/Permissions_tab")): Object: 'Object Repository/TripFocus/Users/Permissions/Permissions_tab' is clicked on

22-10-2025T11:35:13 - [MESSAGE][PASSED] - Object: 'Object Repository/TripFocus/Users/Permissions/Permissions_tab' is clicked on

22-10-2025T11:35:13 - [TEST_STEP][PASSED] - delay(2): Delayed 2 second(s)

22-10-2025T11:35:15 - [MESSAGE][PASSED] - Delayed 2 second(s)

22-10-2025T11:35:15 - [TEST_STEP][PASSED] - click(findTestObject("TripFocus/Users/Permissions/User_Permissions_dropdown"), STOP_ON_FAILURE): Object: 'Object Repository/TripFocus/Users/Permissions/User_Permissions_dropdown' is clicked on

22-10-2025T11:35:15 - [MESSAGE][PASSED] - Object: 'Object Repository/TripFocus/Users/Permissions/User_Permissions_dropdown' is clicked on

22-10-2025T11:35:15 - [TEST_STEP][PASSED] - delay(1): Delayed 1 second(s)

22-10-2025T11:35:16 - [MESSAGE][PASSED] - Delayed 1 second(s)

22-10-2025T11:35:16 - [TEST_STEP][PASSED] - sendKeys(findTestObject("TripFocus/Users/Permissions/User_Permissions_txt"), "CustomerTemplate"): Keys 'CustomerTemplate' sent to object: 'Object Repository/TripFocus/Users/Permissions/User_Permissions_txt'

22-10-2025T11:35:16 - [MESSAGE][PASSED] - Keys 'CustomerTemplate' sent to object: 'Object Repository/TripFocus/Users/Permissions/User_Permissions_txt'

22-10-2025T11:35:16 - [TEST_STEP][PASSED] - delay(1): Delayed 1 second(s)

22-10-2025T11:35:17 - [MESSAGE][PASSED] - Delayed 1 second(s)

22-10-2025T11:35:17 - [TEST_STEP][PASSED] - sendKeys(findTestObject("TripFocus/Users/Permissions/User_Permissions_txt"), Keys.chord(ENTER)): Keys 'ENTER + ' sent to object: 'Object Repository/TripFocus/Users/Permissions/User_Permissions_txt'

22-10-2025T11:35:17 - [MESSAGE][PASSED] - Keys 'ENTER + ' sent to object: 'Object Repository/TripFocus/Users/Permissions/User_Permissions_txt'

22-10-2025T11:35:17 - [TEST_STEP][PASSED] - delay(1): Delayed 1 second(s)

22-10-2025T11:35:18 - [MESSAGE][PASSED] - Delayed 1 second(s)

22-10-2025T11:35:18 - [TEST_STEP][PASSED] - click(findTestObject("TripFocus/Users/Edit_User_lbl"), STOP_ON_FAILURE): Object: 'Object Repository/TripFocus/Users/Edit_User_lbl' is clicked on

22-10-2025T11:35:18 - [MESSAGE][PASSED] - Object: 'Object Repository/TripFocus/Users/Edit_User_lbl' is clicked on

22-10-2025T11:35:18 - [TEST_STEP][PASSED] - delay(2): Delayed 2 second(s)

22-10-2025T11:35:20 - [MESSAGE][PASSED] - Delayed 2 second(s)

22-10-2025T11:35:20 - [TEST_STEP][PASSED] - waitForElementVisible(findTestObject("TripFocus/Users/Permissions/Save_User_Permissions_btn_(Use for Non-image)"), 10): Object 'Object Repository/TripFocus/Users/Permissions/Save_User_Permissions_btn_(Use for Non-image)' is visible

22-10-2025T11:35:20 - [MESSAGE][PASSED] - Object 'Object Repository/TripFocus/Users/Permissions/Save_User_Permissions_btn_(Use for Non-image)' is visible

22-10-2025T11:35:20 - [TEST_STEP][PASSED] - click(findTestObject("TripFocus/Users/Permissions/Save_User_Permissions_btn_(Use for Non-image)"), STOP_ON_FAILURE): Object: 'Object Repository/TripFocus/Users/Permissions/Save_User_Permissions_btn_(Use for Non-image)' is clicked on

22-10-2025T11:35:20 - [MESSAGE][PASSED] - Object: 'Object Repository/TripFocus/Users/Permissions/Save_User_Permissions_btn_(Use for Non-image)' is clicked on

22-10-2025T11:35:20 - [TEST_STEP][PASSED] - delay(1): Delayed 1 second(s)

22-10-2025T11:35:21 - [MESSAGE][PASSED] - Delayed 1 second(s)

22-10-2025T11:35:21 - [TEST_STEP][PASSED] - verifyElementPresent(findTestObject("TripFocus/Toasty_Message"), 10): Object 'Object Repository/TripFocus/Toasty_Message' is present

22-10-2025T11:35:21 - [MESSAGE][PASSED] - Object 'Object Repository/TripFocus/Toasty_Message' is present

22-10-2025T11:35:21 - [TEST_STEP][PASSED] - verifyElementText(findTestObject("TripFocus/Toasty_Message"), "User Permissions updated successfully."): Actual text and expected text of test object 'Object Repository/TripFocus/Toasty_Message' are matched.

22-10-2025T11:35:21 - [MESSAGE][PASSED] - Actual text and expected text of test object 'Object Repository/TripFocus/Toasty_Message' are matched.

22-10-2025T11:35:21 - [TEST_STEP][PASSED] - Start listener action : retryOnDisconnect: null

22-10-2025T11:35:21 - [TEST_STEP][PASSED] - tcId = testCaseContext.getTestCaseId(): null

22-10-2025T11:35:21 - [TEST_STEP][PASSED] - currentRetry = retryCounts.getOrDefault(tcId, 0): null

22-10-2025T11:35:21 - [TEST_STEP][PASSED] - if (testCaseContext.getTestCaseStatus() == "FAILED" && currentRetry < MAX_RETRIES): null]]></system-out>
         <system-err><![CDATA[]]></system-err>
      </testcase>
      <testcase name="Test Cases/TripFocus/SPG/SPG - UserPage/Edit/Permissions/Add Load Tender Permissions" time="65.023" classname="Test Cases/TripFocus/SPG/SPG - UserPage/Edit/Permissions/Add Load Tender Permissions" status="PASSED">
         <system-out><![CDATA[22-10-2025T11:35:21 - [TEST_CASE][PASSED] - Test Cases/TripFocus/SPG/SPG - UserPage/Edit/Permissions/Add Load Tender Permissions: Test Cases/TripFocus/SPG/SPG - UserPage/Edit/Permissions/Add Load Tender Permissions

22-10-2025T11:35:21 - [TEST_STEP][PASSED] - Start listener action : beforeTestCase: null

22-10-2025T11:35:21 - [TEST_STEP][PASSED] - addDefaultPackages(): null

22-10-2025T11:35:22 - [TEST_STEP][PASSED] - openBrowser(""): Browser is opened with url: ''

22-10-2025T11:35:22 - [MESSAGE][WARNING] - A browser is already opened. Closing browser and opening a new one

22-10-2025T11:35:22 - [MESSAGE][INFO] - Starting 'Chrome' driver

22-10-2025T11:35:22 - [MESSAGE][INFO] - User set preference: ['args', '[--no-sandbox, --disable-gpu, --disable-dev-shm-usage]']

22-10-2025T11:35:22 - [MESSAGE][INFO] - Action delay is set to 0 milliseconds

22-10-2025T11:35:22 - [MESSAGE][PASSED] - Browser is opened with url: ''

22-10-2025T11:35:22 - [TEST_STEP][PASSED] - navigateToUrl(TFBaseURL): Navigate to 'https://www.qa.tripfocus.com' successfully

22-10-2025T11:35:23 - [MESSAGE][PASSED] - Navigate to 'https://www.qa.tripfocus.com' successfully

22-10-2025T11:35:23 - [TEST_STEP][PASSED] - click(findTestObject("Object Repository/TripFocus/Page_TripFocus/button_Sign in")): Object: 'Object Repository/TripFocus/Page_TripFocus/button_Sign in' is clicked on

22-10-2025T11:35:23 - [MESSAGE][PASSED] - Object: 'Object Repository/TripFocus/Page_TripFocus/button_Sign in' is clicked on

22-10-2025T11:35:23 - [TEST_STEP][PASSED] - setText(findTestObject("Object Repository/TripFocus/Page_TripFocus/input_Username (e.g. email address)_Username"), TripFocusBleachTechSPGUsername): Text 'Ashford.Chenault+BleachtechCustomerSPGONLY@thekag.com' is set on object 'Object Repository/TripFocus/Page_TripFocus/input_Username (e.g. email address)_Username'

22-10-2025T11:35:24 - [MESSAGE][PASSED] - Text 'Ashford.Chenault+BleachtechCustomerSPGONLY@thekag.com' is set on object 'Object Repository/TripFocus/Page_TripFocus/input_Username (e.g. email address)_Username'

22-10-2025T11:35:24 - [TEST_STEP][PASSED] - setText(findTestObject("Object Repository/TripFocus/Page_TripFocus/input_Password_Password"), TripFocusFDGSPGPassword): Text 'CrashBan911!!' is set on object 'Object Repository/TripFocus/Page_TripFocus/input_Password_Password'

22-10-2025T11:35:24 - [MESSAGE][PASSED] - Text 'CrashBan911!!' is set on object 'Object Repository/TripFocus/Page_TripFocus/input_Password_Password'

22-10-2025T11:35:24 - [TEST_STEP][PASSED] - click(findTestObject("Object Repository/TripFocus/Page_TripFocus/button_Login")): Object: 'Object Repository/TripFocus/Page_TripFocus/button_Login' is clicked on

22-10-2025T11:35:25 - [MESSAGE][PASSED] - Object: 'Object Repository/TripFocus/Page_TripFocus/button_Login' is clicked on

22-10-2025T11:35:25 - [TEST_STEP][PASSED] - maximizeWindow(): Current window maximized

22-10-2025T11:35:25 - [MESSAGE][PASSED] - Current window maximized

22-10-2025T11:35:25 - [TEST_STEP][PASSED] - waitForElementVisible(findTestObject("TripFocus/Testing_Notification_btn"), 15, OPTIONAL): Web element with id: 'Object Repository/TripFocus/Testing_Notification_btn' located by '//*[@id="__BVID__10___BV_modal_footer_"]/button' not found

22-10-2025T11:35:41 - [MESSAGE][INFO] - Unable to find the element located by 'By.xpath: //*[@id="__BVID__10___BV_modal_footer_"]/button'. Please recheck the objects properties to make sure the desired element is located. 

22-10-2025T11:35:41 - [MESSAGE][WARNING] - [SELF-HEALING] Failed to find element with id 'Object Repository/TripFocus/Testing_Notification_btn'. Try using Self-healing.

22-10-2025T11:35:42 - [MESSAGE][INFO] - [SELF-HEALING] No working XPath is found.

22-10-2025T11:35:44 - [MESSAGE][INFO] - Unable to find the element located by 'By.xpath: '. Please recheck the objects properties to make sure the desired element is located. 

22-10-2025T11:35:44 - [MESSAGE][WARNING] - [SELF-HEALING] Cannot find elements when the selector is null

22-10-2025T11:35:44 - [MESSAGE][WARNING] - Web element with id: 'Object Repository/TripFocus/Testing_Notification_btn' located by '//*[@id="__BVID__10___BV_modal_footer_"]/button' not found

22-10-2025T11:35:44 - [TEST_STEP][PASSED] - if (verifyElementVisible(findTestObject("TripFocus/Testing_Notification_btn"), OPTIONAL) == true): Web element with id: 'Object Repository/TripFocus/Testing_Notification_btn' located by '//*[@id="__BVID__10___BV_modal_footer_"]/button' not found (Root cause: com.kms.katalon.core.exception.StepFailedException: Web element with id: 'Object Repository/TripFocus/Testing_Notification_btn' located by '//*[@id="__BVID__10___BV_modal_footer_"]/button' not found
	at com.kms.katalon.core.webui.keyword.internal.WebUIKeywordMain.stepFailed(WebUIKeywordMain.groovy:117)
	at com.kms.katalon.core.webui.keyword.builtin.VerifyElementVisibleKeyword$_verifyElementVisible_closure1.doCall(VerifyElementVisibleKeyword.groovy:89)
	at com.kms.katalon.core.webui.keyword.builtin.VerifyElementVisibleKeyword$_verifyElementVisible_closure1.call(VerifyElementVisibleKeyword.groovy)
	at com.kms.katalon.core.webui.keyword.internal.WebUIKeywordMain.runKeyword(WebUIKeywordMain.groovy:35)
	at com.kms.katalon.core.webui.keyword.builtin.VerifyElementVisibleKeyword.verifyElementVisible(VerifyElementVisibleKeyword.groovy:97)
	at com.kms.katalon.core.webui.keyword.builtin.VerifyElementVisibleKeyword.execute(VerifyElementVisibleKeyword.groovy:67)
	at com.kms.katalon.core.keyword.internal.KeywordExecutor.executeKeywordForPlatform(KeywordExecutor.groovy:74)
	at com.kms.katalon.core.webui.keyword.WebUiBuiltInKeywords.verifyElementVisible(WebUiBuiltInKeywords.groovy:401)
	at com.kms.katalon.core.webui.keyword.WebUiBuiltInKeywords$verifyElementVisible$5.call(Unknown Source)
	at Add Load Tender Permissions.run(Add Load Tender Permissions:38)
	at com.kms.katalon.core.main.ScriptEngine.run(ScriptEngine.java:194)
	at com.kms.katalon.core.main.ScriptEngine.runScriptAsRawText(ScriptEngine.java:119)
	at com.kms.katalon.core.main.TestCaseExecutor.runScript(TestCaseExecutor.java:448)
	at com.kms.katalon.core.main.TestCaseExecutor.doExecute(TestCaseExecutor.java:439)
	at com.kms.katalon.core.main.TestCaseExecutor.processExecutionPhase(TestCaseExecutor.java:418)
	at com.kms.katalon.core.main.TestCaseExecutor.accessMainPhase(TestCaseExecutor.java:410)
	at com.kms.katalon.core.main.TestCaseExecutor.execute(TestCaseExecutor.java:285)
	at com.kms.katalon.core.common.CommonExecutor.accessTestCaseMainPhase(CommonExecutor.java:65)
	at com.kms.katalon.core.main.TestSuiteExecutor.accessTestSuiteMainPhase(TestSuiteExecutor.java:150)
	at com.kms.katalon.core.main.TestSuiteExecutor.execute(TestSuiteExecutor.java:106)
	at com.kms.katalon.core.main.TestCaseMain.startTestSuite(TestCaseMain.java:180)
	at com.kms.katalon.core.main.TestCaseMain$startTestSuite$0.call(Unknown Source)
	at TempTestSuite1761139108993.run(TempTestSuite1761139108993.groovy:35)
	at java.base/jdk.internal.reflect.NativeMethodAccessorImpl.invoke0(Native Method)
	at java.base/jdk.internal.reflect.NativeMethodAccessorImpl.invoke(NativeMethodAccessorImpl.java:77)
	at java.base/jdk.internal.reflect.DelegatingMethodAccessorImpl.invoke(DelegatingMethodAccessorImpl.java:43)
)

22-10-2025T11:36:00 - [MESSAGE][INFO] - Unable to find the element located by 'By.xpath: //*[@id="__BVID__10___BV_modal_footer_"]/button'. Please recheck the objects properties to make sure the desired element is located. 

22-10-2025T11:36:00 - [MESSAGE][WARNING] - [SELF-HEALING] Failed to find element with id 'Object Repository/TripFocus/Testing_Notification_btn'. Try using Self-healing.

22-10-2025T11:36:01 - [MESSAGE][INFO] - [SELF-HEALING] No working XPath is found.

22-10-2025T11:36:03 - [MESSAGE][INFO] - Unable to find the element located by 'By.xpath: '. Please recheck the objects properties to make sure the desired element is located. 

22-10-2025T11:36:03 - [MESSAGE][WARNING] - [SELF-HEALING] Cannot find elements when the selector is null

22-10-2025T11:36:03 - [MESSAGE][WARNING] - Web element with id: 'Object Repository/TripFocus/Testing_Notification_btn' located by '//*[@id="__BVID__10___BV_modal_footer_"]/button' not found (Root cause: com.kms.katalon.core.exception.StepFailedException: Web element with id: 'Object Repository/TripFocus/Testing_Notification_btn' located by '//*[@id="__BVID__10___BV_modal_footer_"]/button' not found
	at com.kms.katalon.core.webui.keyword.internal.WebUIKeywordMain.stepFailed(WebUIKeywordMain.groovy:117)
	at com.kms.katalon.core.webui.keyword.builtin.VerifyElementVisibleKeyword$_verifyElementVisible_closure1.doCall(VerifyElementVisibleKeyword.groovy:89)
	at com.kms.katalon.core.webui.keyword.builtin.VerifyElementVisibleKeyword$_verifyElementVisible_closure1.call(VerifyElementVisibleKeyword.groovy)
	at com.kms.katalon.core.webui.keyword.internal.WebUIKeywordMain.runKeyword(WebUIKeywordMain.groovy:35)
	at com.kms.katalon.core.webui.keyword.builtin.VerifyElementVisibleKeyword.verifyElementVisible(VerifyElementVisibleKeyword.groovy:97)
	at com.kms.katalon.core.webui.keyword.builtin.VerifyElementVisibleKeyword.execute(VerifyElementVisibleKeyword.groovy:67)
	at com.kms.katalon.core.keyword.internal.KeywordExecutor.executeKeywordForPlatform(KeywordExecutor.groovy:74)
	at com.kms.katalon.core.webui.keyword.WebUiBuiltInKeywords.verifyElementVisible(WebUiBuiltInKeywords.groovy:401)
	at com.kms.katalon.core.webui.keyword.WebUiBuiltInKeywords$verifyElementVisible$5.call(Unknown Source)
	at Add Load Tender Permissions.run(Add Load Tender Permissions:38)
	at com.kms.katalon.core.main.ScriptEngine.run(ScriptEngine.java:194)
	at com.kms.katalon.core.main.ScriptEngine.runScriptAsRawText(ScriptEngine.java:119)
	at com.kms.katalon.core.main.TestCaseExecutor.runScript(TestCaseExecutor.java:448)
	at com.kms.katalon.core.main.TestCaseExecutor.doExecute(TestCaseExecutor.java:439)
	at com.kms.katalon.core.main.TestCaseExecutor.processExecutionPhase(TestCaseExecutor.java:418)
	at com.kms.katalon.core.main.TestCaseExecutor.accessMainPhase(TestCaseExecutor.java:410)
	at com.kms.katalon.core.main.TestCaseExecutor.execute(TestCaseExecutor.java:285)
	at com.kms.katalon.core.common.CommonExecutor.accessTestCaseMainPhase(CommonExecutor.java:65)
	at com.kms.katalon.core.main.TestSuiteExecutor.accessTestSuiteMainPhase(TestSuiteExecutor.java:150)
	at com.kms.katalon.core.main.TestSuiteExecutor.execute(TestSuiteExecutor.java:106)
	at com.kms.katalon.core.main.TestCaseMain.startTestSuite(TestCaseMain.java:180)
	at com.kms.katalon.core.main.TestCaseMain$startTestSuite$0.call(Unknown Source)
	at TempTestSuite1761139108993.run(TempTestSuite1761139108993.groovy:35)
	at java.base/jdk.internal.reflect.NativeMethodAccessorImpl.invoke0(Native Method)
	at java.base/jdk.internal.reflect.NativeMethodAccessorImpl.invoke(NativeMethodAccessorImpl.java:77)
	at java.base/jdk.internal.reflect.DelegatingMethodAccessorImpl.invoke(DelegatingMethodAccessorImpl.java:43)
)

22-10-2025T11:36:03 - [TEST_STEP][PASSED] - click(findTestObject("Object Repository/TripFocus/Page_TripFocus/a_Users")): Object: 'Object Repository/TripFocus/Page_TripFocus/a_Users' is clicked on

22-10-2025T11:36:03 - [MESSAGE][PASSED] - Object: 'Object Repository/TripFocus/Page_TripFocus/a_Users' is clicked on

22-10-2025T11:36:03 - [TEST_STEP][PASSED] - delay(5): Delayed 5 second(s)

22-10-2025T11:36:08 - [MESSAGE][PASSED] - Delayed 5 second(s)

22-10-2025T11:36:08 - [TEST_STEP][PASSED] - setText(findTestObject("TripFocus/Users/User_Search_txt"), "ashfordSPGTesting"): Text 'ashfordSPGTesting' is set on object 'Object Repository/TripFocus/Users/User_Search_txt'

22-10-2025T11:36:09 - [MESSAGE][PASSED] - Text 'ashfordSPGTesting' is set on object 'Object Repository/TripFocus/Users/User_Search_txt'

22-10-2025T11:36:09 - [TEST_STEP][PASSED] - delay(2): Delayed 2 second(s)

22-10-2025T11:36:11 - [MESSAGE][PASSED] - Delayed 2 second(s)

22-10-2025T11:36:11 - [TEST_STEP][PASSED] - click(findTestObject("Object Repository/TripFocus/Page_TripFocus/button_Edit")): Object: 'Object Repository/TripFocus/Page_TripFocus/button_Edit' is clicked on

22-10-2025T11:36:11 - [MESSAGE][PASSED] - Object: 'Object Repository/TripFocus/Page_TripFocus/button_Edit' is clicked on

22-10-2025T11:36:11 - [TEST_STEP][PASSED] - delay(7): Delayed 7 second(s)

22-10-2025T11:36:18 - [MESSAGE][PASSED] - Delayed 7 second(s)

22-10-2025T11:36:18 - [TEST_STEP][PASSED] - click(findTestObject("TripFocus/Users/Permissions/Permissions_tab")): Object: 'Object Repository/TripFocus/Users/Permissions/Permissions_tab' is clicked on

22-10-2025T11:36:18 - [MESSAGE][PASSED] - Object: 'Object Repository/TripFocus/Users/Permissions/Permissions_tab' is clicked on

22-10-2025T11:36:18 - [TEST_STEP][PASSED] - delay(2): Delayed 2 second(s)

22-10-2025T11:36:20 - [MESSAGE][PASSED] - Delayed 2 second(s)

22-10-2025T11:36:20 - [TEST_STEP][PASSED] - click(findTestObject("TripFocus/Users/Permissions/User_Permissions_dropdown"), STOP_ON_FAILURE): Object: 'Object Repository/TripFocus/Users/Permissions/User_Permissions_dropdown' is clicked on

22-10-2025T11:36:20 - [MESSAGE][PASSED] - Object: 'Object Repository/TripFocus/Users/Permissions/User_Permissions_dropdown' is clicked on

22-10-2025T11:36:20 - [TEST_STEP][PASSED] - delay(1): Delayed 1 second(s)

22-10-2025T11:36:21 - [MESSAGE][PASSED] - Delayed 1 second(s)

22-10-2025T11:36:21 - [TEST_STEP][PASSED] - sendKeys(findTestObject("TripFocus/Users/Permissions/User_Permissions_txt"), "Load"): Keys 'Load' sent to object: 'Object Repository/TripFocus/Users/Permissions/User_Permissions_txt'

22-10-2025T11:36:21 - [MESSAGE][PASSED] - Keys 'Load' sent to object: 'Object Repository/TripFocus/Users/Permissions/User_Permissions_txt'

22-10-2025T11:36:21 - [TEST_STEP][PASSED] - delay(1): Delayed 1 second(s)

22-10-2025T11:36:22 - [MESSAGE][PASSED] - Delayed 1 second(s)

22-10-2025T11:36:22 - [TEST_STEP][PASSED] - sendKeys(findTestObject("TripFocus/Users/Permissions/User_Permissions_txt"), Keys.chord(ENTER)): Keys 'ENTER + ' sent to object: 'Object Repository/TripFocus/Users/Permissions/User_Permissions_txt'

22-10-2025T11:36:22 - [MESSAGE][PASSED] - Keys 'ENTER + ' sent to object: 'Object Repository/TripFocus/Users/Permissions/User_Permissions_txt'

22-10-2025T11:36:22 - [TEST_STEP][PASSED] - delay(1): Delayed 1 second(s)

22-10-2025T11:36:23 - [MESSAGE][PASSED] - Delayed 1 second(s)

22-10-2025T11:36:23 - [TEST_STEP][PASSED] - click(findTestObject("TripFocus/Users/Edit_User_lbl"), STOP_ON_FAILURE): Object: 'Object Repository/TripFocus/Users/Edit_User_lbl' is clicked on

22-10-2025T11:36:23 - [MESSAGE][PASSED] - Object: 'Object Repository/TripFocus/Users/Edit_User_lbl' is clicked on

22-10-2025T11:36:23 - [TEST_STEP][PASSED] - delay(2): Delayed 2 second(s)

22-10-2025T11:36:25 - [MESSAGE][PASSED] - Delayed 2 second(s)

22-10-2025T11:36:25 - [TEST_STEP][PASSED] - waitForElementVisible(findTestObject("TripFocus/Users/Permissions/Save_User_Permissions_btn_(Use for Non-image)"), 10): Object 'Object Repository/TripFocus/Users/Permissions/Save_User_Permissions_btn_(Use for Non-image)' is visible

22-10-2025T11:36:25 - [MESSAGE][PASSED] - Object 'Object Repository/TripFocus/Users/Permissions/Save_User_Permissions_btn_(Use for Non-image)' is visible

22-10-2025T11:36:25 - [TEST_STEP][PASSED] - click(findTestObject("TripFocus/Users/Permissions/Save_User_Permissions_btn_(Use for Non-image)"), STOP_ON_FAILURE): Object: 'Object Repository/TripFocus/Users/Permissions/Save_User_Permissions_btn_(Use for Non-image)' is clicked on

22-10-2025T11:36:25 - [MESSAGE][PASSED] - Object: 'Object Repository/TripFocus/Users/Permissions/Save_User_Permissions_btn_(Use for Non-image)' is clicked on

22-10-2025T11:36:25 - [TEST_STEP][PASSED] - delay(1): Delayed 1 second(s)

22-10-2025T11:36:26 - [MESSAGE][PASSED] - Delayed 1 second(s)

22-10-2025T11:36:26 - [TEST_STEP][PASSED] - verifyElementPresent(findTestObject("TripFocus/Toasty_Message"), 10): Object 'Object Repository/TripFocus/Toasty_Message' is present

22-10-2025T11:36:26 - [MESSAGE][PASSED] - Object 'Object Repository/TripFocus/Toasty_Message' is present

22-10-2025T11:36:26 - [TEST_STEP][PASSED] - verifyElementText(findTestObject("TripFocus/Toasty_Message"), "User Permissions updated successfully."): Actual text and expected text of test object 'Object Repository/TripFocus/Toasty_Message' are matched.

22-10-2025T11:36:26 - [MESSAGE][PASSED] - Actual text and expected text of test object 'Object Repository/TripFocus/Toasty_Message' are matched.

22-10-2025T11:36:26 - [TEST_STEP][PASSED] - Start listener action : retryOnDisconnect: null

22-10-2025T11:36:26 - [TEST_STEP][PASSED] - tcId = testCaseContext.getTestCaseId(): null

22-10-2025T11:36:26 - [TEST_STEP][PASSED] - currentRetry = retryCounts.getOrDefault(tcId, 0): null

22-10-2025T11:36:26 - [TEST_STEP][PASSED] - if (testCaseContext.getTestCaseStatus() == "FAILED" && currentRetry < MAX_RETRIES): null]]></system-out>
         <system-err><![CDATA[]]></system-err>
      </testcase>
      <testcase name="Test Cases/TripFocus/SPG/SPG - UserPage/Edit/Permissions/Add One Image Permissions" time="69.968" classname="Test Cases/TripFocus/SPG/SPG - UserPage/Edit/Permissions/Add One Image Permissions" status="PASSED">
         <system-out><![CDATA[22-10-2025T11:36:26 - [TEST_CASE][PASSED] - Test Cases/TripFocus/SPG/SPG - UserPage/Edit/Permissions/Add One Image Permissions: Test Cases/TripFocus/SPG/SPG - UserPage/Edit/Permissions/Add One Image Permissions

22-10-2025T11:36:26 - [TEST_STEP][PASSED] - Start listener action : beforeTestCase: null

22-10-2025T11:36:26 - [TEST_STEP][PASSED] - addDefaultPackages(): null

22-10-2025T11:36:27 - [TEST_STEP][PASSED] - openBrowser(""): Browser is opened with url: ''

22-10-2025T11:36:27 - [MESSAGE][WARNING] - A browser is already opened. Closing browser and opening a new one

22-10-2025T11:36:27 - [MESSAGE][INFO] - Starting 'Chrome' driver

22-10-2025T11:36:27 - [MESSAGE][INFO] - User set preference: ['args', '[--no-sandbox, --disable-gpu, --disable-dev-shm-usage]']

22-10-2025T11:36:27 - [MESSAGE][INFO] - Action delay is set to 0 milliseconds

22-10-2025T11:36:27 - [MESSAGE][PASSED] - Browser is opened with url: ''

22-10-2025T11:36:27 - [TEST_STEP][PASSED] - navigateToUrl(TFBaseURL): Navigate to 'https://www.qa.tripfocus.com' successfully

22-10-2025T11:36:28 - [MESSAGE][PASSED] - Navigate to 'https://www.qa.tripfocus.com' successfully

22-10-2025T11:36:28 - [TEST_STEP][PASSED] - click(findTestObject("Object Repository/TripFocus/Page_TripFocus/button_Sign in")): Object: 'Object Repository/TripFocus/Page_TripFocus/button_Sign in' is clicked on

22-10-2025T11:36:28 - [MESSAGE][PASSED] - Object: 'Object Repository/TripFocus/Page_TripFocus/button_Sign in' is clicked on

22-10-2025T11:36:28 - [TEST_STEP][PASSED] - setText(findTestObject("Object Repository/TripFocus/Page_TripFocus/input_Username (e.g. email address)_Username"), TripFocusBleachTechSPGUsername): Text 'Ashford.Chenault+BleachtechCustomerSPGONLY@thekag.com' is set on object 'Object Repository/TripFocus/Page_TripFocus/input_Username (e.g. email address)_Username'

22-10-2025T11:36:29 - [MESSAGE][PASSED] - Text 'Ashford.Chenault+BleachtechCustomerSPGONLY@thekag.com' is set on object 'Object Repository/TripFocus/Page_TripFocus/input_Username (e.g. email address)_Username'

22-10-2025T11:36:29 - [TEST_STEP][PASSED] - setText(findTestObject("Object Repository/TripFocus/Page_TripFocus/input_Password_Password"), TripFocusFDGSPGPassword): Text 'CrashBan911!!' is set on object 'Object Repository/TripFocus/Page_TripFocus/input_Password_Password'

22-10-2025T11:36:29 - [MESSAGE][PASSED] - Text 'CrashBan911!!' is set on object 'Object Repository/TripFocus/Page_TripFocus/input_Password_Password'

22-10-2025T11:36:29 - [TEST_STEP][PASSED] - click(findTestObject("Object Repository/TripFocus/Page_TripFocus/button_Login")): Object: 'Object Repository/TripFocus/Page_TripFocus/button_Login' is clicked on

22-10-2025T11:36:29 - [MESSAGE][PASSED] - Object: 'Object Repository/TripFocus/Page_TripFocus/button_Login' is clicked on

22-10-2025T11:36:29 - [TEST_STEP][PASSED] - maximizeWindow(): Current window maximized

22-10-2025T11:36:30 - [MESSAGE][PASSED] - Current window maximized

22-10-2025T11:36:30 - [TEST_STEP][PASSED] - waitForElementVisible(findTestObject("TripFocus/Testing_Notification_btn"), 15, OPTIONAL): Web element with id: 'Object Repository/TripFocus/Testing_Notification_btn' located by '//*[@id="__BVID__10___BV_modal_footer_"]/button' not found

22-10-2025T11:36:46 - [MESSAGE][INFO] - Unable to find the element located by 'By.xpath: //*[@id="__BVID__10___BV_modal_footer_"]/button'. Please recheck the objects properties to make sure the desired element is located. 

22-10-2025T11:36:46 - [MESSAGE][WARNING] - [SELF-HEALING] Failed to find element with id 'Object Repository/TripFocus/Testing_Notification_btn'. Try using Self-healing.

22-10-2025T11:36:47 - [MESSAGE][INFO] - [SELF-HEALING] No working XPath is found.

22-10-2025T11:36:49 - [MESSAGE][INFO] - Unable to find the element located by 'By.xpath: '. Please recheck the objects properties to make sure the desired element is located. 

22-10-2025T11:36:49 - [MESSAGE][WARNING] - [SELF-HEALING] Cannot find elements when the selector is null

22-10-2025T11:36:49 - [MESSAGE][WARNING] - Web element with id: 'Object Repository/TripFocus/Testing_Notification_btn' located by '//*[@id="__BVID__10___BV_modal_footer_"]/button' not found

22-10-2025T11:36:49 - [TEST_STEP][PASSED] - if (verifyElementVisible(findTestObject("TripFocus/Testing_Notification_btn"), OPTIONAL) == true): Web element with id: 'Object Repository/TripFocus/Testing_Notification_btn' located by '//*[@id="__BVID__10___BV_modal_footer_"]/button' not found (Root cause: com.kms.katalon.core.exception.StepFailedException: Web element with id: 'Object Repository/TripFocus/Testing_Notification_btn' located by '//*[@id="__BVID__10___BV_modal_footer_"]/button' not found
	at com.kms.katalon.core.webui.keyword.internal.WebUIKeywordMain.stepFailed(WebUIKeywordMain.groovy:117)
	at com.kms.katalon.core.webui.keyword.builtin.VerifyElementVisibleKeyword$_verifyElementVisible_closure1.doCall(VerifyElementVisibleKeyword.groovy:89)
	at com.kms.katalon.core.webui.keyword.builtin.VerifyElementVisibleKeyword$_verifyElementVisible_closure1.call(VerifyElementVisibleKeyword.groovy)
	at com.kms.katalon.core.webui.keyword.internal.WebUIKeywordMain.runKeyword(WebUIKeywordMain.groovy:35)
	at com.kms.katalon.core.webui.keyword.builtin.VerifyElementVisibleKeyword.verifyElementVisible(VerifyElementVisibleKeyword.groovy:97)
	at com.kms.katalon.core.webui.keyword.builtin.VerifyElementVisibleKeyword.execute(VerifyElementVisibleKeyword.groovy:67)
	at com.kms.katalon.core.keyword.internal.KeywordExecutor.executeKeywordForPlatform(KeywordExecutor.groovy:74)
	at com.kms.katalon.core.webui.keyword.WebUiBuiltInKeywords.verifyElementVisible(WebUiBuiltInKeywords.groovy:401)
	at com.kms.katalon.core.webui.keyword.WebUiBuiltInKeywords$verifyElementVisible$5.call(Unknown Source)
	at Add One Image Permissions.run(Add One Image Permissions:38)
	at com.kms.katalon.core.main.ScriptEngine.run(ScriptEngine.java:194)
	at com.kms.katalon.core.main.ScriptEngine.runScriptAsRawText(ScriptEngine.java:119)
	at com.kms.katalon.core.main.TestCaseExecutor.runScript(TestCaseExecutor.java:448)
	at com.kms.katalon.core.main.TestCaseExecutor.doExecute(TestCaseExecutor.java:439)
	at com.kms.katalon.core.main.TestCaseExecutor.processExecutionPhase(TestCaseExecutor.java:418)
	at com.kms.katalon.core.main.TestCaseExecutor.accessMainPhase(TestCaseExecutor.java:410)
	at com.kms.katalon.core.main.TestCaseExecutor.execute(TestCaseExecutor.java:285)
	at com.kms.katalon.core.common.CommonExecutor.accessTestCaseMainPhase(CommonExecutor.java:65)
	at com.kms.katalon.core.main.TestSuiteExecutor.accessTestSuiteMainPhase(TestSuiteExecutor.java:150)
	at com.kms.katalon.core.main.TestSuiteExecutor.execute(TestSuiteExecutor.java:106)
	at com.kms.katalon.core.main.TestCaseMain.startTestSuite(TestCaseMain.java:180)
	at com.kms.katalon.core.main.TestCaseMain$startTestSuite$0.call(Unknown Source)
	at TempTestSuite1761139108993.run(TempTestSuite1761139108993.groovy:35)
	at java.base/jdk.internal.reflect.NativeMethodAccessorImpl.invoke0(Native Method)
	at java.base/jdk.internal.reflect.NativeMethodAccessorImpl.invoke(NativeMethodAccessorImpl.java:77)
	at java.base/jdk.internal.reflect.DelegatingMethodAccessorImpl.invoke(DelegatingMethodAccessorImpl.java:43)
)

22-10-2025T11:37:05 - [MESSAGE][INFO] - Unable to find the element located by 'By.xpath: //*[@id="__BVID__10___BV_modal_footer_"]/button'. Please recheck the objects properties to make sure the desired element is located. 

22-10-2025T11:37:05 - [MESSAGE][WARNING] - [SELF-HEALING] Failed to find element with id 'Object Repository/TripFocus/Testing_Notification_btn'. Try using Self-healing.

22-10-2025T11:37:06 - [MESSAGE][INFO] - [SELF-HEALING] No working XPath is found.

22-10-2025T11:37:08 - [MESSAGE][INFO] - Unable to find the element located by 'By.xpath: '. Please recheck the objects properties to make sure the desired element is located. 

22-10-2025T11:37:08 - [MESSAGE][WARNING] - [SELF-HEALING] Cannot find elements when the selector is null

22-10-2025T11:37:08 - [MESSAGE][WARNING] - Web element with id: 'Object Repository/TripFocus/Testing_Notification_btn' located by '//*[@id="__BVID__10___BV_modal_footer_"]/button' not found (Root cause: com.kms.katalon.core.exception.StepFailedException: Web element with id: 'Object Repository/TripFocus/Testing_Notification_btn' located by '//*[@id="__BVID__10___BV_modal_footer_"]/button' not found
	at com.kms.katalon.core.webui.keyword.internal.WebUIKeywordMain.stepFailed(WebUIKeywordMain.groovy:117)
	at com.kms.katalon.core.webui.keyword.builtin.VerifyElementVisibleKeyword$_verifyElementVisible_closure1.doCall(VerifyElementVisibleKeyword.groovy:89)
	at com.kms.katalon.core.webui.keyword.builtin.VerifyElementVisibleKeyword$_verifyElementVisible_closure1.call(VerifyElementVisibleKeyword.groovy)
	at com.kms.katalon.core.webui.keyword.internal.WebUIKeywordMain.runKeyword(WebUIKeywordMain.groovy:35)
	at com.kms.katalon.core.webui.keyword.builtin.VerifyElementVisibleKeyword.verifyElementVisible(VerifyElementVisibleKeyword.groovy:97)
	at com.kms.katalon.core.webui.keyword.builtin.VerifyElementVisibleKeyword.execute(VerifyElementVisibleKeyword.groovy:67)
	at com.kms.katalon.core.keyword.internal.KeywordExecutor.executeKeywordForPlatform(KeywordExecutor.groovy:74)
	at com.kms.katalon.core.webui.keyword.WebUiBuiltInKeywords.verifyElementVisible(WebUiBuiltInKeywords.groovy:401)
	at com.kms.katalon.core.webui.keyword.WebUiBuiltInKeywords$verifyElementVisible$5.call(Unknown Source)
	at Add One Image Permissions.run(Add One Image Permissions:38)
	at com.kms.katalon.core.main.ScriptEngine.run(ScriptEngine.java:194)
	at com.kms.katalon.core.main.ScriptEngine.runScriptAsRawText(ScriptEngine.java:119)
	at com.kms.katalon.core.main.TestCaseExecutor.runScript(TestCaseExecutor.java:448)
	at com.kms.katalon.core.main.TestCaseExecutor.doExecute(TestCaseExecutor.java:439)
	at com.kms.katalon.core.main.TestCaseExecutor.processExecutionPhase(TestCaseExecutor.java:418)
	at com.kms.katalon.core.main.TestCaseExecutor.accessMainPhase(TestCaseExecutor.java:410)
	at com.kms.katalon.core.main.TestCaseExecutor.execute(TestCaseExecutor.java:285)
	at com.kms.katalon.core.common.CommonExecutor.accessTestCaseMainPhase(CommonExecutor.java:65)
	at com.kms.katalon.core.main.TestSuiteExecutor.accessTestSuiteMainPhase(TestSuiteExecutor.java:150)
	at com.kms.katalon.core.main.TestSuiteExecutor.execute(TestSuiteExecutor.java:106)
	at com.kms.katalon.core.main.TestCaseMain.startTestSuite(TestCaseMain.java:180)
	at com.kms.katalon.core.main.TestCaseMain$startTestSuite$0.call(Unknown Source)
	at TempTestSuite1761139108993.run(TempTestSuite1761139108993.groovy:35)
	at java.base/jdk.internal.reflect.NativeMethodAccessorImpl.invoke0(Native Method)
	at java.base/jdk.internal.reflect.NativeMethodAccessorImpl.invoke(NativeMethodAccessorImpl.java:77)
	at java.base/jdk.internal.reflect.DelegatingMethodAccessorImpl.invoke(DelegatingMethodAccessorImpl.java:43)
)

22-10-2025T11:37:08 - [TEST_STEP][PASSED] - click(findTestObject("Object Repository/TripFocus/Page_TripFocus/a_Users")): Object: 'Object Repository/TripFocus/Page_TripFocus/a_Users' is clicked on

22-10-2025T11:37:08 - [MESSAGE][PASSED] - Object: 'Object Repository/TripFocus/Page_TripFocus/a_Users' is clicked on

22-10-2025T11:37:08 - [TEST_STEP][PASSED] - delay(5): Delayed 5 second(s)

22-10-2025T11:37:13 - [MESSAGE][PASSED] - Delayed 5 second(s)

22-10-2025T11:37:13 - [TEST_STEP][PASSED] - setText(findTestObject("TripFocus/Users/User_Search_txt"), "ashfordSPGTesting"): Text 'ashfordSPGTesting' is set on object 'Object Repository/TripFocus/Users/User_Search_txt'

22-10-2025T11:37:13 - [MESSAGE][PASSED] - Text 'ashfordSPGTesting' is set on object 'Object Repository/TripFocus/Users/User_Search_txt'

22-10-2025T11:37:13 - [TEST_STEP][PASSED] - delay(2): Delayed 2 second(s)

22-10-2025T11:37:15 - [MESSAGE][PASSED] - Delayed 2 second(s)

22-10-2025T11:37:15 - [TEST_STEP][PASSED] - click(findTestObject("Object Repository/TripFocus/Page_TripFocus/button_Edit")): Object: 'Object Repository/TripFocus/Page_TripFocus/button_Edit' is clicked on

22-10-2025T11:37:15 - [MESSAGE][PASSED] - Object: 'Object Repository/TripFocus/Page_TripFocus/button_Edit' is clicked on

22-10-2025T11:37:15 - [TEST_STEP][PASSED] - delay(7): Delayed 7 second(s)

22-10-2025T11:37:22 - [MESSAGE][PASSED] - Delayed 7 second(s)

22-10-2025T11:37:22 - [TEST_STEP][PASSED] - click(findTestObject("TripFocus/Users/Permissions/Permissions_tab")): Object: 'Object Repository/TripFocus/Users/Permissions/Permissions_tab' is clicked on

22-10-2025T11:37:23 - [MESSAGE][PASSED] - Object: 'Object Repository/TripFocus/Users/Permissions/Permissions_tab' is clicked on

22-10-2025T11:37:23 - [TEST_STEP][PASSED] - delay(2): Delayed 2 second(s)

22-10-2025T11:37:25 - [MESSAGE][PASSED] - Delayed 2 second(s)

22-10-2025T11:37:25 - [TEST_STEP][PASSED] - click(findTestObject("TripFocus/Users/Permissions/User_Permissions_dropdown"), STOP_ON_FAILURE): Object: 'Object Repository/TripFocus/Users/Permissions/User_Permissions_dropdown' is clicked on

22-10-2025T11:37:25 - [MESSAGE][PASSED] - Object: 'Object Repository/TripFocus/Users/Permissions/User_Permissions_dropdown' is clicked on

22-10-2025T11:37:25 - [TEST_STEP][PASSED] - delay(1): Delayed 1 second(s)

22-10-2025T11:37:26 - [MESSAGE][PASSED] - Delayed 1 second(s)

22-10-2025T11:37:26 - [TEST_STEP][PASSED] - sendKeys(findTestObject("TripFocus/Users/Permissions/User_Permissions_txt"), "Image"): Keys 'Image' sent to object: 'Object Repository/TripFocus/Users/Permissions/User_Permissions_txt'

22-10-2025T11:37:26 - [MESSAGE][PASSED] - Keys 'Image' sent to object: 'Object Repository/TripFocus/Users/Permissions/User_Permissions_txt'

22-10-2025T11:37:26 - [TEST_STEP][PASSED] - delay(1): Delayed 1 second(s)

22-10-2025T11:37:27 - [MESSAGE][PASSED] - Delayed 1 second(s)

22-10-2025T11:37:27 - [TEST_STEP][PASSED] - sendKeys(findTestObject("TripFocus/Users/Permissions/User_Permissions_txt"), Keys.chord(ENTER)): Keys 'ENTER + ' sent to object: 'Object Repository/TripFocus/Users/Permissions/User_Permissions_txt'

22-10-2025T11:37:27 - [MESSAGE][PASSED] - Keys 'ENTER + ' sent to object: 'Object Repository/TripFocus/Users/Permissions/User_Permissions_txt'

22-10-2025T11:37:27 - [TEST_STEP][PASSED] - delay(1): Delayed 1 second(s)

22-10-2025T11:37:28 - [MESSAGE][PASSED] - Delayed 1 second(s)

22-10-2025T11:37:28 - [TEST_STEP][PASSED] - click(findTestObject("TripFocus/Users/Edit_User_lbl"), STOP_ON_FAILURE): Object: 'Object Repository/TripFocus/Users/Edit_User_lbl' is clicked on

22-10-2025T11:37:28 - [MESSAGE][PASSED] - Object: 'Object Repository/TripFocus/Users/Edit_User_lbl' is clicked on

22-10-2025T11:37:28 - [TEST_STEP][PASSED] - delay(2): Delayed 2 second(s)

22-10-2025T11:37:30 - [MESSAGE][PASSED] - Delayed 2 second(s)

22-10-2025T11:37:30 - [TEST_STEP][PASSED] - click(findTestObject("TripFocus/Users/Permissions/Image_Permissions_dropdown"), STOP_ON_FAILURE): Object: 'Object Repository/TripFocus/Users/Permissions/Image_Permissions_dropdown' is clicked on

22-10-2025T11:37:30 - [MESSAGE][PASSED] - Object: 'Object Repository/TripFocus/Users/Permissions/Image_Permissions_dropdown' is clicked on

22-10-2025T11:37:30 - [TEST_STEP][PASSED] - delay(1): Delayed 1 second(s)

22-10-2025T11:37:31 - [MESSAGE][PASSED] - Delayed 1 second(s)

22-10-2025T11:37:31 - [TEST_STEP][PASSED] - sendKeys(findTestObject("TripFocus/Users/Permissions/Image_Permissions_txt"), "Bill"): Keys 'Bill' sent to object: 'Object Repository/TripFocus/Users/Permissions/Image_Permissions_txt'

22-10-2025T11:37:31 - [MESSAGE][PASSED] - Keys 'Bill' sent to object: 'Object Repository/TripFocus/Users/Permissions/Image_Permissions_txt'

22-10-2025T11:37:31 - [TEST_STEP][PASSED] - delay(1): Delayed 1 second(s)

22-10-2025T11:37:32 - [MESSAGE][PASSED] - Delayed 1 second(s)

22-10-2025T11:37:32 - [TEST_STEP][PASSED] - sendKeys(findTestObject("TripFocus/Users/Permissions/Image_Permissions_txt"), Keys.chord(ENTER)): Keys 'ENTER + ' sent to object: 'Object Repository/TripFocus/Users/Permissions/Image_Permissions_txt'

22-10-2025T11:37:32 - [MESSAGE][PASSED] - Keys 'ENTER + ' sent to object: 'Object Repository/TripFocus/Users/Permissions/Image_Permissions_txt'

22-10-2025T11:37:32 - [TEST_STEP][PASSED] - delay(1): Delayed 1 second(s)

22-10-2025T11:37:33 - [MESSAGE][PASSED] - Delayed 1 second(s)

22-10-2025T11:37:33 - [TEST_STEP][PASSED] - click(findTestObject("TripFocus/Users/Edit_User_lbl"), STOP_ON_FAILURE): Object: 'Object Repository/TripFocus/Users/Edit_User_lbl' is clicked on

22-10-2025T11:37:33 - [MESSAGE][PASSED] - Object: 'Object Repository/TripFocus/Users/Edit_User_lbl' is clicked on

22-10-2025T11:37:33 - [TEST_STEP][PASSED] - delay(2): Delayed 2 second(s)

22-10-2025T11:37:35 - [MESSAGE][PASSED] - Delayed 2 second(s)

22-10-2025T11:37:35 - [TEST_STEP][PASSED] - waitForElementVisible(findTestObject("TripFocus/Users/Permissions/Save_User_Permissions_btn"), 10): Object 'Object Repository/TripFocus/Users/Permissions/Save_User_Permissions_btn' is visible

22-10-2025T11:37:35 - [MESSAGE][PASSED] - Object 'Object Repository/TripFocus/Users/Permissions/Save_User_Permissions_btn' is visible

22-10-2025T11:37:35 - [TEST_STEP][PASSED] - click(findTestObject("TripFocus/Users/Permissions/Save_User_Permissions_btn"), STOP_ON_FAILURE): Object: 'Object Repository/TripFocus/Users/Permissions/Save_User_Permissions_btn' is clicked on

22-10-2025T11:37:35 - [MESSAGE][PASSED] - Object: 'Object Repository/TripFocus/Users/Permissions/Save_User_Permissions_btn' is clicked on

22-10-2025T11:37:35 - [TEST_STEP][PASSED] - delay(1): Delayed 1 second(s)

22-10-2025T11:37:36 - [MESSAGE][PASSED] - Delayed 1 second(s)

22-10-2025T11:37:36 - [TEST_STEP][PASSED] - verifyElementPresent(findTestObject("TripFocus/Toasty_Message"), 10): Object 'Object Repository/TripFocus/Toasty_Message' is present

22-10-2025T11:37:36 - [MESSAGE][PASSED] - Object 'Object Repository/TripFocus/Toasty_Message' is present

22-10-2025T11:37:36 - [TEST_STEP][PASSED] - verifyElementText(findTestObject("TripFocus/Toasty_Message"), "User Permissions updated successfully."): Actual text and expected text of test object 'Object Repository/TripFocus/Toasty_Message' are matched.

22-10-2025T11:37:36 - [MESSAGE][PASSED] - Actual text and expected text of test object 'Object Repository/TripFocus/Toasty_Message' are matched.

22-10-2025T11:37:36 - [TEST_STEP][PASSED] - Start listener action : retryOnDisconnect: null

22-10-2025T11:37:36 - [TEST_STEP][PASSED] - tcId = testCaseContext.getTestCaseId(): null

22-10-2025T11:37:36 - [TEST_STEP][PASSED] - currentRetry = retryCounts.getOrDefault(tcId, 0): null

22-10-2025T11:37:36 - [TEST_STEP][PASSED] - if (testCaseContext.getTestCaseStatus() == "FAILED" && currentRetry < MAX_RETRIES): null]]></system-out>
         <system-err><![CDATA[]]></system-err>
      </testcase>
      <testcase name="Test Cases/TripFocus/SPG/SPG - UserPage/Edit/Permissions/Add Order Maps Permissions" time="64.263" classname="Test Cases/TripFocus/SPG/SPG - UserPage/Edit/Permissions/Add Order Maps Permissions" status="PASSED">
         <system-out><![CDATA[22-10-2025T11:37:36 - [TEST_CASE][PASSED] - Test Cases/TripFocus/SPG/SPG - UserPage/Edit/Permissions/Add Order Maps Permissions: Test Cases/TripFocus/SPG/SPG - UserPage/Edit/Permissions/Add Order Maps Permissions

22-10-2025T11:37:36 - [TEST_STEP][PASSED] - Start listener action : beforeTestCase: null

22-10-2025T11:37:36 - [TEST_STEP][PASSED] - addDefaultPackages(): null

22-10-2025T11:37:37 - [TEST_STEP][PASSED] - openBrowser(""): Browser is opened with url: ''

22-10-2025T11:37:37 - [MESSAGE][WARNING] - A browser is already opened. Closing browser and opening a new one

22-10-2025T11:37:37 - [MESSAGE][INFO] - Starting 'Chrome' driver

22-10-2025T11:37:37 - [MESSAGE][INFO] - User set preference: ['args', '[--no-sandbox, --disable-gpu, --disable-dev-shm-usage]']

22-10-2025T11:37:37 - [MESSAGE][INFO] - Action delay is set to 0 milliseconds

22-10-2025T11:37:37 - [MESSAGE][PASSED] - Browser is opened with url: ''

22-10-2025T11:37:37 - [TEST_STEP][PASSED] - navigateToUrl(TFBaseURL): Navigate to 'https://www.qa.tripfocus.com' successfully

22-10-2025T11:37:38 - [MESSAGE][PASSED] - Navigate to 'https://www.qa.tripfocus.com' successfully

22-10-2025T11:37:38 - [TEST_STEP][PASSED] - click(findTestObject("Object Repository/TripFocus/Page_TripFocus/button_Sign in")): Object: 'Object Repository/TripFocus/Page_TripFocus/button_Sign in' is clicked on

22-10-2025T11:37:38 - [MESSAGE][PASSED] - Object: 'Object Repository/TripFocus/Page_TripFocus/button_Sign in' is clicked on

22-10-2025T11:37:38 - [TEST_STEP][PASSED] - setText(findTestObject("Object Repository/TripFocus/Page_TripFocus/input_Username (e.g. email address)_Username"), TripFocusBleachTechSPGUsername): Text 'Ashford.Chenault+BleachtechCustomerSPGONLY@thekag.com' is set on object 'Object Repository/TripFocus/Page_TripFocus/input_Username (e.g. email address)_Username'

22-10-2025T11:37:39 - [MESSAGE][PASSED] - Text 'Ashford.Chenault+BleachtechCustomerSPGONLY@thekag.com' is set on object 'Object Repository/TripFocus/Page_TripFocus/input_Username (e.g. email address)_Username'

22-10-2025T11:37:39 - [TEST_STEP][PASSED] - setText(findTestObject("Object Repository/TripFocus/Page_TripFocus/input_Password_Password"), TripFocusFDGSPGPassword): Text 'CrashBan911!!' is set on object 'Object Repository/TripFocus/Page_TripFocus/input_Password_Password'

22-10-2025T11:37:39 - [MESSAGE][PASSED] - Text 'CrashBan911!!' is set on object 'Object Repository/TripFocus/Page_TripFocus/input_Password_Password'

22-10-2025T11:37:39 - [TEST_STEP][PASSED] - click(findTestObject("Object Repository/TripFocus/Page_TripFocus/button_Login")): Object: 'Object Repository/TripFocus/Page_TripFocus/button_Login' is clicked on

22-10-2025T11:37:39 - [MESSAGE][PASSED] - Object: 'Object Repository/TripFocus/Page_TripFocus/button_Login' is clicked on

22-10-2025T11:37:39 - [TEST_STEP][PASSED] - maximizeWindow(): Current window maximized

22-10-2025T11:37:39 - [MESSAGE][PASSED] - Current window maximized

22-10-2025T11:37:39 - [TEST_STEP][PASSED] - waitForElementVisible(findTestObject("TripFocus/Testing_Notification_btn"), 15, OPTIONAL): Web element with id: 'Object Repository/TripFocus/Testing_Notification_btn' located by '//*[@id="__BVID__10___BV_modal_footer_"]/button' not found

22-10-2025T11:37:55 - [MESSAGE][INFO] - Unable to find the element located by 'By.xpath: //*[@id="__BVID__10___BV_modal_footer_"]/button'. Please recheck the objects properties to make sure the desired element is located. 

22-10-2025T11:37:55 - [MESSAGE][WARNING] - [SELF-HEALING] Failed to find element with id 'Object Repository/TripFocus/Testing_Notification_btn'. Try using Self-healing.

22-10-2025T11:37:56 - [MESSAGE][INFO] - [SELF-HEALING] No working XPath is found.

22-10-2025T11:37:58 - [MESSAGE][INFO] - Unable to find the element located by 'By.xpath: '. Please recheck the objects properties to make sure the desired element is located. 

22-10-2025T11:37:58 - [MESSAGE][WARNING] - [SELF-HEALING] Cannot find elements when the selector is null

22-10-2025T11:37:58 - [MESSAGE][WARNING] - Web element with id: 'Object Repository/TripFocus/Testing_Notification_btn' located by '//*[@id="__BVID__10___BV_modal_footer_"]/button' not found

22-10-2025T11:37:58 - [TEST_STEP][PASSED] - if (verifyElementVisible(findTestObject("TripFocus/Testing_Notification_btn"), OPTIONAL) == true): Web element with id: 'Object Repository/TripFocus/Testing_Notification_btn' located by '//*[@id="__BVID__10___BV_modal_footer_"]/button' not found (Root cause: com.kms.katalon.core.exception.StepFailedException: Web element with id: 'Object Repository/TripFocus/Testing_Notification_btn' located by '//*[@id="__BVID__10___BV_modal_footer_"]/button' not found
	at com.kms.katalon.core.webui.keyword.internal.WebUIKeywordMain.stepFailed(WebUIKeywordMain.groovy:117)
	at com.kms.katalon.core.webui.keyword.builtin.VerifyElementVisibleKeyword$_verifyElementVisible_closure1.doCall(VerifyElementVisibleKeyword.groovy:89)
	at com.kms.katalon.core.webui.keyword.builtin.VerifyElementVisibleKeyword$_verifyElementVisible_closure1.call(VerifyElementVisibleKeyword.groovy)
	at com.kms.katalon.core.webui.keyword.internal.WebUIKeywordMain.runKeyword(WebUIKeywordMain.groovy:35)
	at com.kms.katalon.core.webui.keyword.builtin.VerifyElementVisibleKeyword.verifyElementVisible(VerifyElementVisibleKeyword.groovy:97)
	at com.kms.katalon.core.webui.keyword.builtin.VerifyElementVisibleKeyword.execute(VerifyElementVisibleKeyword.groovy:67)
	at com.kms.katalon.core.keyword.internal.KeywordExecutor.executeKeywordForPlatform(KeywordExecutor.groovy:74)
	at com.kms.katalon.core.webui.keyword.WebUiBuiltInKeywords.verifyElementVisible(WebUiBuiltInKeywords.groovy:401)
	at com.kms.katalon.core.webui.keyword.WebUiBuiltInKeywords$verifyElementVisible$5.call(Unknown Source)
	at Add Order Maps Permissions.run(Add Order Maps Permissions:38)
	at com.kms.katalon.core.main.ScriptEngine.run(ScriptEngine.java:194)
	at com.kms.katalon.core.main.ScriptEngine.runScriptAsRawText(ScriptEngine.java:119)
	at com.kms.katalon.core.main.TestCaseExecutor.runScript(TestCaseExecutor.java:448)
	at com.kms.katalon.core.main.TestCaseExecutor.doExecute(TestCaseExecutor.java:439)
	at com.kms.katalon.core.main.TestCaseExecutor.processExecutionPhase(TestCaseExecutor.java:418)
	at com.kms.katalon.core.main.TestCaseExecutor.accessMainPhase(TestCaseExecutor.java:410)
	at com.kms.katalon.core.main.TestCaseExecutor.execute(TestCaseExecutor.java:285)
	at com.kms.katalon.core.common.CommonExecutor.accessTestCaseMainPhase(CommonExecutor.java:65)
	at com.kms.katalon.core.main.TestSuiteExecutor.accessTestSuiteMainPhase(TestSuiteExecutor.java:150)
	at com.kms.katalon.core.main.TestSuiteExecutor.execute(TestSuiteExecutor.java:106)
	at com.kms.katalon.core.main.TestCaseMain.startTestSuite(TestCaseMain.java:180)
	at com.kms.katalon.core.main.TestCaseMain$startTestSuite$0.call(Unknown Source)
	at TempTestSuite1761139108993.run(TempTestSuite1761139108993.groovy:35)
	at java.base/jdk.internal.reflect.NativeMethodAccessorImpl.invoke0(Native Method)
	at java.base/jdk.internal.reflect.NativeMethodAccessorImpl.invoke(NativeMethodAccessorImpl.java:77)
	at java.base/jdk.internal.reflect.DelegatingMethodAccessorImpl.invoke(DelegatingMethodAccessorImpl.java:43)
)

22-10-2025T11:38:14 - [MESSAGE][INFO] - Unable to find the element located by 'By.xpath: //*[@id="__BVID__10___BV_modal_footer_"]/button'. Please recheck the objects properties to make sure the desired element is located. 

22-10-2025T11:38:14 - [MESSAGE][WARNING] - [SELF-HEALING] Failed to find element with id 'Object Repository/TripFocus/Testing_Notification_btn'. Try using Self-healing.

22-10-2025T11:38:15 - [MESSAGE][INFO] - [SELF-HEALING] No working XPath is found.

22-10-2025T11:38:17 - [MESSAGE][INFO] - Unable to find the element located by 'By.xpath: '. Please recheck the objects properties to make sure the desired element is located. 

22-10-2025T11:38:17 - [MESSAGE][WARNING] - [SELF-HEALING] Cannot find elements when the selector is null

22-10-2025T11:38:17 - [MESSAGE][WARNING] - Web element with id: 'Object Repository/TripFocus/Testing_Notification_btn' located by '//*[@id="__BVID__10___BV_modal_footer_"]/button' not found (Root cause: com.kms.katalon.core.exception.StepFailedException: Web element with id: 'Object Repository/TripFocus/Testing_Notification_btn' located by '//*[@id="__BVID__10___BV_modal_footer_"]/button' not found
	at com.kms.katalon.core.webui.keyword.internal.WebUIKeywordMain.stepFailed(WebUIKeywordMain.groovy:117)
	at com.kms.katalon.core.webui.keyword.builtin.VerifyElementVisibleKeyword$_verifyElementVisible_closure1.doCall(VerifyElementVisibleKeyword.groovy:89)
	at com.kms.katalon.core.webui.keyword.builtin.VerifyElementVisibleKeyword$_verifyElementVisible_closure1.call(VerifyElementVisibleKeyword.groovy)
	at com.kms.katalon.core.webui.keyword.internal.WebUIKeywordMain.runKeyword(WebUIKeywordMain.groovy:35)
	at com.kms.katalon.core.webui.keyword.builtin.VerifyElementVisibleKeyword.verifyElementVisible(VerifyElementVisibleKeyword.groovy:97)
	at com.kms.katalon.core.webui.keyword.builtin.VerifyElementVisibleKeyword.execute(VerifyElementVisibleKeyword.groovy:67)
	at com.kms.katalon.core.keyword.internal.KeywordExecutor.executeKeywordForPlatform(KeywordExecutor.groovy:74)
	at com.kms.katalon.core.webui.keyword.WebUiBuiltInKeywords.verifyElementVisible(WebUiBuiltInKeywords.groovy:401)
	at com.kms.katalon.core.webui.keyword.WebUiBuiltInKeywords$verifyElementVisible$5.call(Unknown Source)
	at Add Order Maps Permissions.run(Add Order Maps Permissions:38)
	at com.kms.katalon.core.main.ScriptEngine.run(ScriptEngine.java:194)
	at com.kms.katalon.core.main.ScriptEngine.runScriptAsRawText(ScriptEngine.java:119)
	at com.kms.katalon.core.main.TestCaseExecutor.runScript(TestCaseExecutor.java:448)
	at com.kms.katalon.core.main.TestCaseExecutor.doExecute(TestCaseExecutor.java:439)
	at com.kms.katalon.core.main.TestCaseExecutor.processExecutionPhase(TestCaseExecutor.java:418)
	at com.kms.katalon.core.main.TestCaseExecutor.accessMainPhase(TestCaseExecutor.java:410)
	at com.kms.katalon.core.main.TestCaseExecutor.execute(TestCaseExecutor.java:285)
	at com.kms.katalon.core.common.CommonExecutor.accessTestCaseMainPhase(CommonExecutor.java:65)
	at com.kms.katalon.core.main.TestSuiteExecutor.accessTestSuiteMainPhase(TestSuiteExecutor.java:150)
	at com.kms.katalon.core.main.TestSuiteExecutor.execute(TestSuiteExecutor.java:106)
	at com.kms.katalon.core.main.TestCaseMain.startTestSuite(TestCaseMain.java:180)
	at com.kms.katalon.core.main.TestCaseMain$startTestSuite$0.call(Unknown Source)
	at TempTestSuite1761139108993.run(TempTestSuite1761139108993.groovy:35)
	at java.base/jdk.internal.reflect.NativeMethodAccessorImpl.invoke0(Native Method)
	at java.base/jdk.internal.reflect.NativeMethodAccessorImpl.invoke(NativeMethodAccessorImpl.java:77)
	at java.base/jdk.internal.reflect.DelegatingMethodAccessorImpl.invoke(DelegatingMethodAccessorImpl.java:43)
)

22-10-2025T11:38:17 - [TEST_STEP][PASSED] - click(findTestObject("Object Repository/TripFocus/Page_TripFocus/a_Users")): Object: 'Object Repository/TripFocus/Page_TripFocus/a_Users' is clicked on

22-10-2025T11:38:18 - [MESSAGE][PASSED] - Object: 'Object Repository/TripFocus/Page_TripFocus/a_Users' is clicked on

22-10-2025T11:38:18 - [TEST_STEP][PASSED] - delay(5): Delayed 5 second(s)

22-10-2025T11:38:23 - [MESSAGE][PASSED] - Delayed 5 second(s)

22-10-2025T11:38:23 - [TEST_STEP][PASSED] - setText(findTestObject("TripFocus/Users/User_Search_txt"), "ashfordSPGTesting"): Text 'ashfordSPGTesting' is set on object 'Object Repository/TripFocus/Users/User_Search_txt'

22-10-2025T11:38:23 - [MESSAGE][PASSED] - Text 'ashfordSPGTesting' is set on object 'Object Repository/TripFocus/Users/User_Search_txt'

22-10-2025T11:38:23 - [TEST_STEP][PASSED] - delay(2): Delayed 2 second(s)

22-10-2025T11:38:25 - [MESSAGE][PASSED] - Delayed 2 second(s)

22-10-2025T11:38:25 - [TEST_STEP][PASSED] - click(findTestObject("Object Repository/TripFocus/Page_TripFocus/button_Edit")): Object: 'Object Repository/TripFocus/Page_TripFocus/button_Edit' is clicked on

22-10-2025T11:38:25 - [MESSAGE][PASSED] - Object: 'Object Repository/TripFocus/Page_TripFocus/button_Edit' is clicked on

22-10-2025T11:38:25 - [TEST_STEP][PASSED] - delay(7): Delayed 7 second(s)

22-10-2025T11:38:32 - [MESSAGE][PASSED] - Delayed 7 second(s)

22-10-2025T11:38:32 - [TEST_STEP][PASSED] - click(findTestObject("TripFocus/Users/Permissions/Permissions_tab")): Object: 'Object Repository/TripFocus/Users/Permissions/Permissions_tab' is clicked on

22-10-2025T11:38:32 - [MESSAGE][PASSED] - Object: 'Object Repository/TripFocus/Users/Permissions/Permissions_tab' is clicked on

22-10-2025T11:38:32 - [TEST_STEP][PASSED] - delay(2): Delayed 2 second(s)

22-10-2025T11:38:34 - [MESSAGE][PASSED] - Delayed 2 second(s)

22-10-2025T11:38:34 - [TEST_STEP][PASSED] - click(findTestObject("TripFocus/Users/Permissions/User_Permissions_dropdown"), STOP_ON_FAILURE): Object: 'Object Repository/TripFocus/Users/Permissions/User_Permissions_dropdown' is clicked on

22-10-2025T11:38:34 - [MESSAGE][PASSED] - Object: 'Object Repository/TripFocus/Users/Permissions/User_Permissions_dropdown' is clicked on

22-10-2025T11:38:34 - [TEST_STEP][PASSED] - delay(1): Delayed 1 second(s)

22-10-2025T11:38:35 - [MESSAGE][PASSED] - Delayed 1 second(s)

22-10-2025T11:38:35 - [TEST_STEP][PASSED] - sendKeys(findTestObject("TripFocus/Users/Permissions/User_Permissions_txt"), "OrderMaps"): Keys 'OrderMaps' sent to object: 'Object Repository/TripFocus/Users/Permissions/User_Permissions_txt'

22-10-2025T11:38:35 - [MESSAGE][PASSED] - Keys 'OrderMaps' sent to object: 'Object Repository/TripFocus/Users/Permissions/User_Permissions_txt'

22-10-2025T11:38:35 - [TEST_STEP][PASSED] - delay(1): Delayed 1 second(s)

22-10-2025T11:38:36 - [MESSAGE][PASSED] - Delayed 1 second(s)

22-10-2025T11:38:36 - [TEST_STEP][PASSED] - sendKeys(findTestObject("TripFocus/Users/Permissions/User_Permissions_txt"), Keys.chord(ENTER)): Keys 'ENTER + ' sent to object: 'Object Repository/TripFocus/Users/Permissions/User_Permissions_txt'

22-10-2025T11:38:36 - [MESSAGE][PASSED] - Keys 'ENTER + ' sent to object: 'Object Repository/TripFocus/Users/Permissions/User_Permissions_txt'

22-10-2025T11:38:36 - [TEST_STEP][PASSED] - delay(1): Delayed 1 second(s)

22-10-2025T11:38:37 - [MESSAGE][PASSED] - Delayed 1 second(s)

22-10-2025T11:38:37 - [TEST_STEP][PASSED] - click(findTestObject("TripFocus/Users/Edit_User_lbl"), STOP_ON_FAILURE): Object: 'Object Repository/TripFocus/Users/Edit_User_lbl' is clicked on

22-10-2025T11:38:37 - [MESSAGE][PASSED] - Object: 'Object Repository/TripFocus/Users/Edit_User_lbl' is clicked on

22-10-2025T11:38:37 - [TEST_STEP][PASSED] - delay(2): Delayed 2 second(s)

22-10-2025T11:38:39 - [MESSAGE][PASSED] - Delayed 2 second(s)

22-10-2025T11:38:39 - [TEST_STEP][PASSED] - waitForElementVisible(findTestObject("TripFocus/Users/Permissions/Save_User_Permissions_btn_(Use for Non-image)"), 10): Object 'Object Repository/TripFocus/Users/Permissions/Save_User_Permissions_btn_(Use for Non-image)' is visible

22-10-2025T11:38:40 - [MESSAGE][PASSED] - Object 'Object Repository/TripFocus/Users/Permissions/Save_User_Permissions_btn_(Use for Non-image)' is visible

22-10-2025T11:38:40 - [TEST_STEP][PASSED] - click(findTestObject("TripFocus/Users/Permissions/Save_User_Permissions_btn_(Use for Non-image)"), STOP_ON_FAILURE): Object: 'Object Repository/TripFocus/Users/Permissions/Save_User_Permissions_btn_(Use for Non-image)' is clicked on

22-10-2025T11:38:40 - [MESSAGE][PASSED] - Object: 'Object Repository/TripFocus/Users/Permissions/Save_User_Permissions_btn_(Use for Non-image)' is clicked on

22-10-2025T11:38:40 - [TEST_STEP][PASSED] - delay(1): Delayed 1 second(s)

22-10-2025T11:38:41 - [MESSAGE][PASSED] - Delayed 1 second(s)

22-10-2025T11:38:41 - [TEST_STEP][PASSED] - verifyElementPresent(findTestObject("TripFocus/Toasty_Message"), 10): Object 'Object Repository/TripFocus/Toasty_Message' is present

22-10-2025T11:38:41 - [MESSAGE][PASSED] - Object 'Object Repository/TripFocus/Toasty_Message' is present

22-10-2025T11:38:41 - [TEST_STEP][PASSED] - verifyElementText(findTestObject("TripFocus/Toasty_Message"), "User Permissions updated successfully."): Actual text and expected text of test object 'Object Repository/TripFocus/Toasty_Message' are matched.

22-10-2025T11:38:41 - [MESSAGE][PASSED] - Actual text and expected text of test object 'Object Repository/TripFocus/Toasty_Message' are matched.

22-10-2025T11:38:41 - [TEST_STEP][PASSED] - Start listener action : retryOnDisconnect: null

22-10-2025T11:38:41 - [TEST_STEP][PASSED] - tcId = testCaseContext.getTestCaseId(): null

22-10-2025T11:38:41 - [TEST_STEP][PASSED] - currentRetry = retryCounts.getOrDefault(tcId, 0): null

22-10-2025T11:38:41 - [TEST_STEP][PASSED] - if (testCaseContext.getTestCaseStatus() == "FAILED" && currentRetry < MAX_RETRIES): null]]></system-out>
         <system-err><![CDATA[]]></system-err>
      </testcase>
      <testcase name="Test Cases/TripFocus/SPG/SPG - UserPage/Edit/Permissions/Add User Management Permissions" time="64.423" classname="Test Cases/TripFocus/SPG/SPG - UserPage/Edit/Permissions/Add User Management Permissions" status="PASSED">
         <system-out><![CDATA[22-10-2025T11:38:41 - [TEST_CASE][PASSED] - Test Cases/TripFocus/SPG/SPG - UserPage/Edit/Permissions/Add User Management Permissions: Test Cases/TripFocus/SPG/SPG - UserPage/Edit/Permissions/Add User Management Permissions

22-10-2025T11:38:41 - [TEST_STEP][PASSED] - Start listener action : beforeTestCase: null

22-10-2025T11:38:41 - [TEST_STEP][PASSED] - addDefaultPackages(): null

22-10-2025T11:38:41 - [TEST_STEP][PASSED] - openBrowser(""): Browser is opened with url: ''

22-10-2025T11:38:41 - [MESSAGE][WARNING] - A browser is already opened. Closing browser and opening a new one

22-10-2025T11:38:41 - [MESSAGE][INFO] - Starting 'Chrome' driver

22-10-2025T11:38:41 - [MESSAGE][INFO] - User set preference: ['args', '[--no-sandbox, --disable-gpu, --disable-dev-shm-usage]']

22-10-2025T11:38:41 - [MESSAGE][INFO] - Action delay is set to 0 milliseconds

22-10-2025T11:38:42 - [MESSAGE][PASSED] - Browser is opened with url: ''

22-10-2025T11:38:42 - [TEST_STEP][PASSED] - navigateToUrl(TFBaseURL): Navigate to 'https://www.qa.tripfocus.com' successfully

22-10-2025T11:38:42 - [MESSAGE][PASSED] - Navigate to 'https://www.qa.tripfocus.com' successfully

22-10-2025T11:38:42 - [TEST_STEP][PASSED] - click(findTestObject("Object Repository/TripFocus/Page_TripFocus/button_Sign in")): Object: 'Object Repository/TripFocus/Page_TripFocus/button_Sign in' is clicked on

22-10-2025T11:38:43 - [MESSAGE][PASSED] - Object: 'Object Repository/TripFocus/Page_TripFocus/button_Sign in' is clicked on

22-10-2025T11:38:43 - [TEST_STEP][PASSED] - setText(findTestObject("Object Repository/TripFocus/Page_TripFocus/input_Username (e.g. email address)_Username"), TripFocusBleachTechSPGUsername): Text 'Ashford.Chenault+BleachtechCustomerSPGONLY@thekag.com' is set on object 'Object Repository/TripFocus/Page_TripFocus/input_Username (e.g. email address)_Username'

22-10-2025T11:38:43 - [MESSAGE][PASSED] - Text 'Ashford.Chenault+BleachtechCustomerSPGONLY@thekag.com' is set on object 'Object Repository/TripFocus/Page_TripFocus/input_Username (e.g. email address)_Username'

22-10-2025T11:38:43 - [TEST_STEP][PASSED] - setText(findTestObject("Object Repository/TripFocus/Page_TripFocus/input_Password_Password"), TripFocusFDGSPGPassword): Text 'CrashBan911!!' is set on object 'Object Repository/TripFocus/Page_TripFocus/input_Password_Password'

22-10-2025T11:38:43 - [MESSAGE][PASSED] - Text 'CrashBan911!!' is set on object 'Object Repository/TripFocus/Page_TripFocus/input_Password_Password'

22-10-2025T11:38:43 - [TEST_STEP][PASSED] - click(findTestObject("Object Repository/TripFocus/Page_TripFocus/button_Login")): Object: 'Object Repository/TripFocus/Page_TripFocus/button_Login' is clicked on

22-10-2025T11:38:43 - [MESSAGE][PASSED] - Object: 'Object Repository/TripFocus/Page_TripFocus/button_Login' is clicked on

22-10-2025T11:38:43 - [TEST_STEP][PASSED] - maximizeWindow(): Current window maximized

22-10-2025T11:38:44 - [MESSAGE][PASSED] - Current window maximized

22-10-2025T11:38:44 - [TEST_STEP][PASSED] - waitForElementVisible(findTestObject("TripFocus/Testing_Notification_btn"), 15, OPTIONAL): Web element with id: 'Object Repository/TripFocus/Testing_Notification_btn' located by '//*[@id="__BVID__10___BV_modal_footer_"]/button' not found

22-10-2025T11:39:00 - [MESSAGE][INFO] - Unable to find the element located by 'By.xpath: //*[@id="__BVID__10___BV_modal_footer_"]/button'. Please recheck the objects properties to make sure the desired element is located. 

22-10-2025T11:39:00 - [MESSAGE][WARNING] - [SELF-HEALING] Failed to find element with id 'Object Repository/TripFocus/Testing_Notification_btn'. Try using Self-healing.

22-10-2025T11:39:01 - [MESSAGE][INFO] - [SELF-HEALING] No working XPath is found.

22-10-2025T11:39:03 - [MESSAGE][INFO] - Unable to find the element located by 'By.xpath: '. Please recheck the objects properties to make sure the desired element is located. 

22-10-2025T11:39:03 - [MESSAGE][WARNING] - [SELF-HEALING] Cannot find elements when the selector is null

22-10-2025T11:39:03 - [MESSAGE][WARNING] - Web element with id: 'Object Repository/TripFocus/Testing_Notification_btn' located by '//*[@id="__BVID__10___BV_modal_footer_"]/button' not found

22-10-2025T11:39:03 - [TEST_STEP][PASSED] - if (verifyElementVisible(findTestObject("TripFocus/Testing_Notification_btn"), OPTIONAL) == true): Web element with id: 'Object Repository/TripFocus/Testing_Notification_btn' located by '//*[@id="__BVID__10___BV_modal_footer_"]/button' not found (Root cause: com.kms.katalon.core.exception.StepFailedException: Web element with id: 'Object Repository/TripFocus/Testing_Notification_btn' located by '//*[@id="__BVID__10___BV_modal_footer_"]/button' not found
	at com.kms.katalon.core.webui.keyword.internal.WebUIKeywordMain.stepFailed(WebUIKeywordMain.groovy:117)
	at com.kms.katalon.core.webui.keyword.builtin.VerifyElementVisibleKeyword$_verifyElementVisible_closure1.doCall(VerifyElementVisibleKeyword.groovy:89)
	at com.kms.katalon.core.webui.keyword.builtin.VerifyElementVisibleKeyword$_verifyElementVisible_closure1.call(VerifyElementVisibleKeyword.groovy)
	at com.kms.katalon.core.webui.keyword.internal.WebUIKeywordMain.runKeyword(WebUIKeywordMain.groovy:35)
	at com.kms.katalon.core.webui.keyword.builtin.VerifyElementVisibleKeyword.verifyElementVisible(VerifyElementVisibleKeyword.groovy:97)
	at com.kms.katalon.core.webui.keyword.builtin.VerifyElementVisibleKeyword.execute(VerifyElementVisibleKeyword.groovy:67)
	at com.kms.katalon.core.keyword.internal.KeywordExecutor.executeKeywordForPlatform(KeywordExecutor.groovy:74)
	at com.kms.katalon.core.webui.keyword.WebUiBuiltInKeywords.verifyElementVisible(WebUiBuiltInKeywords.groovy:401)
	at com.kms.katalon.core.webui.keyword.WebUiBuiltInKeywords$verifyElementVisible$5.call(Unknown Source)
	at Add User Management Permissions.run(Add User Management Permissions:38)
	at com.kms.katalon.core.main.ScriptEngine.run(ScriptEngine.java:194)
	at com.kms.katalon.core.main.ScriptEngine.runScriptAsRawText(ScriptEngine.java:119)
	at com.kms.katalon.core.main.TestCaseExecutor.runScript(TestCaseExecutor.java:448)
	at com.kms.katalon.core.main.TestCaseExecutor.doExecute(TestCaseExecutor.java:439)
	at com.kms.katalon.core.main.TestCaseExecutor.processExecutionPhase(TestCaseExecutor.java:418)
	at com.kms.katalon.core.main.TestCaseExecutor.accessMainPhase(TestCaseExecutor.java:410)
	at com.kms.katalon.core.main.TestCaseExecutor.execute(TestCaseExecutor.java:285)
	at com.kms.katalon.core.common.CommonExecutor.accessTestCaseMainPhase(CommonExecutor.java:65)
	at com.kms.katalon.core.main.TestSuiteExecutor.accessTestSuiteMainPhase(TestSuiteExecutor.java:150)
	at com.kms.katalon.core.main.TestSuiteExecutor.execute(TestSuiteExecutor.java:106)
	at com.kms.katalon.core.main.TestCaseMain.startTestSuite(TestCaseMain.java:180)
	at com.kms.katalon.core.main.TestCaseMain$startTestSuite$0.call(Unknown Source)
	at TempTestSuite1761139108993.run(TempTestSuite1761139108993.groovy:35)
	at java.base/jdk.internal.reflect.NativeMethodAccessorImpl.invoke0(Native Method)
	at java.base/jdk.internal.reflect.NativeMethodAccessorImpl.invoke(NativeMethodAccessorImpl.java:77)
	at java.base/jdk.internal.reflect.DelegatingMethodAccessorImpl.invoke(DelegatingMethodAccessorImpl.java:43)
)

22-10-2025T11:39:19 - [MESSAGE][INFO] - Unable to find the element located by 'By.xpath: //*[@id="__BVID__10___BV_modal_footer_"]/button'. Please recheck the objects properties to make sure the desired element is located. 

22-10-2025T11:39:19 - [MESSAGE][WARNING] - [SELF-HEALING] Failed to find element with id 'Object Repository/TripFocus/Testing_Notification_btn'. Try using Self-healing.

22-10-2025T11:39:20 - [MESSAGE][INFO] - [SELF-HEALING] No working XPath is found.

22-10-2025T11:39:22 - [MESSAGE][INFO] - Unable to find the element located by 'By.xpath: '. Please recheck the objects properties to make sure the desired element is located. 

22-10-2025T11:39:22 - [MESSAGE][WARNING] - [SELF-HEALING] Cannot find elements when the selector is null

22-10-2025T11:39:22 - [MESSAGE][WARNING] - Web element with id: 'Object Repository/TripFocus/Testing_Notification_btn' located by '//*[@id="__BVID__10___BV_modal_footer_"]/button' not found (Root cause: com.kms.katalon.core.exception.StepFailedException: Web element with id: 'Object Repository/TripFocus/Testing_Notification_btn' located by '//*[@id="__BVID__10___BV_modal_footer_"]/button' not found
	at com.kms.katalon.core.webui.keyword.internal.WebUIKeywordMain.stepFailed(WebUIKeywordMain.groovy:117)
	at com.kms.katalon.core.webui.keyword.builtin.VerifyElementVisibleKeyword$_verifyElementVisible_closure1.doCall(VerifyElementVisibleKeyword.groovy:89)
	at com.kms.katalon.core.webui.keyword.builtin.VerifyElementVisibleKeyword$_verifyElementVisible_closure1.call(VerifyElementVisibleKeyword.groovy)
	at com.kms.katalon.core.webui.keyword.internal.WebUIKeywordMain.runKeyword(WebUIKeywordMain.groovy:35)
	at com.kms.katalon.core.webui.keyword.builtin.VerifyElementVisibleKeyword.verifyElementVisible(VerifyElementVisibleKeyword.groovy:97)
	at com.kms.katalon.core.webui.keyword.builtin.VerifyElementVisibleKeyword.execute(VerifyElementVisibleKeyword.groovy:67)
	at com.kms.katalon.core.keyword.internal.KeywordExecutor.executeKeywordForPlatform(KeywordExecutor.groovy:74)
	at com.kms.katalon.core.webui.keyword.WebUiBuiltInKeywords.verifyElementVisible(WebUiBuiltInKeywords.groovy:401)
	at com.kms.katalon.core.webui.keyword.WebUiBuiltInKeywords$verifyElementVisible$5.call(Unknown Source)
	at Add User Management Permissions.run(Add User Management Permissions:38)
	at com.kms.katalon.core.main.ScriptEngine.run(ScriptEngine.java:194)
	at com.kms.katalon.core.main.ScriptEngine.runScriptAsRawText(ScriptEngine.java:119)
	at com.kms.katalon.core.main.TestCaseExecutor.runScript(TestCaseExecutor.java:448)
	at com.kms.katalon.core.main.TestCaseExecutor.doExecute(TestCaseExecutor.java:439)
	at com.kms.katalon.core.main.TestCaseExecutor.processExecutionPhase(TestCaseExecutor.java:418)
	at com.kms.katalon.core.main.TestCaseExecutor.accessMainPhase(TestCaseExecutor.java:410)
	at com.kms.katalon.core.main.TestCaseExecutor.execute(TestCaseExecutor.java:285)
	at com.kms.katalon.core.common.CommonExecutor.accessTestCaseMainPhase(CommonExecutor.java:65)
	at com.kms.katalon.core.main.TestSuiteExecutor.accessTestSuiteMainPhase(TestSuiteExecutor.java:150)
	at com.kms.katalon.core.main.TestSuiteExecutor.execute(TestSuiteExecutor.java:106)
	at com.kms.katalon.core.main.TestCaseMain.startTestSuite(TestCaseMain.java:180)
	at com.kms.katalon.core.main.TestCaseMain$startTestSuite$0.call(Unknown Source)
	at TempTestSuite1761139108993.run(TempTestSuite1761139108993.groovy:35)
	at java.base/jdk.internal.reflect.NativeMethodAccessorImpl.invoke0(Native Method)
	at java.base/jdk.internal.reflect.NativeMethodAccessorImpl.invoke(NativeMethodAccessorImpl.java:77)
	at java.base/jdk.internal.reflect.DelegatingMethodAccessorImpl.invoke(DelegatingMethodAccessorImpl.java:43)
)

22-10-2025T11:39:22 - [TEST_STEP][PASSED] - click(findTestObject("Object Repository/TripFocus/Page_TripFocus/a_Users")): Object: 'Object Repository/TripFocus/Page_TripFocus/a_Users' is clicked on

22-10-2025T11:39:22 - [MESSAGE][PASSED] - Object: 'Object Repository/TripFocus/Page_TripFocus/a_Users' is clicked on

22-10-2025T11:39:22 - [TEST_STEP][PASSED] - delay(5): Delayed 5 second(s)

22-10-2025T11:39:27 - [MESSAGE][PASSED] - Delayed 5 second(s)

22-10-2025T11:39:27 - [TEST_STEP][PASSED] - setText(findTestObject("TripFocus/Users/User_Search_txt"), "ashfordSPGTesting"): Text 'ashfordSPGTesting' is set on object 'Object Repository/TripFocus/Users/User_Search_txt'

22-10-2025T11:39:27 - [MESSAGE][PASSED] - Text 'ashfordSPGTesting' is set on object 'Object Repository/TripFocus/Users/User_Search_txt'

22-10-2025T11:39:27 - [TEST_STEP][PASSED] - delay(2): Delayed 2 second(s)

22-10-2025T11:39:29 - [MESSAGE][PASSED] - Delayed 2 second(s)

22-10-2025T11:39:29 - [TEST_STEP][PASSED] - click(findTestObject("Object Repository/TripFocus/Page_TripFocus/button_Edit")): Object: 'Object Repository/TripFocus/Page_TripFocus/button_Edit' is clicked on

22-10-2025T11:39:29 - [MESSAGE][PASSED] - Object: 'Object Repository/TripFocus/Page_TripFocus/button_Edit' is clicked on

22-10-2025T11:39:29 - [TEST_STEP][PASSED] - delay(7): Delayed 7 second(s)

22-10-2025T11:39:36 - [MESSAGE][PASSED] - Delayed 7 second(s)

22-10-2025T11:39:36 - [TEST_STEP][PASSED] - click(findTestObject("TripFocus/Users/Permissions/Permissions_tab")): Object: 'Object Repository/TripFocus/Users/Permissions/Permissions_tab' is clicked on

22-10-2025T11:39:37 - [MESSAGE][PASSED] - Object: 'Object Repository/TripFocus/Users/Permissions/Permissions_tab' is clicked on

22-10-2025T11:39:37 - [TEST_STEP][PASSED] - delay(2): Delayed 2 second(s)

22-10-2025T11:39:39 - [MESSAGE][PASSED] - Delayed 2 second(s)

22-10-2025T11:39:39 - [TEST_STEP][PASSED] - click(findTestObject("TripFocus/Users/Permissions/User_Permissions_dropdown"), STOP_ON_FAILURE): Object: 'Object Repository/TripFocus/Users/Permissions/User_Permissions_dropdown' is clicked on

22-10-2025T11:39:39 - [MESSAGE][PASSED] - Object: 'Object Repository/TripFocus/Users/Permissions/User_Permissions_dropdown' is clicked on

22-10-2025T11:39:39 - [TEST_STEP][PASSED] - delay(1): Delayed 1 second(s)

22-10-2025T11:39:40 - [MESSAGE][PASSED] - Delayed 1 second(s)

22-10-2025T11:39:40 - [TEST_STEP][PASSED] - sendKeys(findTestObject("TripFocus/Users/Permissions/User_Permissions_txt"), "UserManagement"): Keys 'UserManagement' sent to object: 'Object Repository/TripFocus/Users/Permissions/User_Permissions_txt'

22-10-2025T11:39:40 - [MESSAGE][PASSED] - Keys 'UserManagement' sent to object: 'Object Repository/TripFocus/Users/Permissions/User_Permissions_txt'

22-10-2025T11:39:40 - [TEST_STEP][PASSED] - delay(1): Delayed 1 second(s)

22-10-2025T11:39:41 - [MESSAGE][PASSED] - Delayed 1 second(s)

22-10-2025T11:39:41 - [TEST_STEP][PASSED] - sendKeys(findTestObject("TripFocus/Users/Permissions/User_Permissions_txt"), Keys.chord(ENTER)): Keys 'ENTER + ' sent to object: 'Object Repository/TripFocus/Users/Permissions/User_Permissions_txt'

22-10-2025T11:39:41 - [MESSAGE][PASSED] - Keys 'ENTER + ' sent to object: 'Object Repository/TripFocus/Users/Permissions/User_Permissions_txt'

22-10-2025T11:39:41 - [TEST_STEP][PASSED] - delay(1): Delayed 1 second(s)

22-10-2025T11:39:42 - [MESSAGE][PASSED] - Delayed 1 second(s)

22-10-2025T11:39:42 - [TEST_STEP][PASSED] - click(findTestObject("TripFocus/Users/Edit_User_lbl"), STOP_ON_FAILURE): Object: 'Object Repository/TripFocus/Users/Edit_User_lbl' is clicked on

22-10-2025T11:39:42 - [MESSAGE][PASSED] - Object: 'Object Repository/TripFocus/Users/Edit_User_lbl' is clicked on

22-10-2025T11:39:42 - [TEST_STEP][PASSED] - delay(2): Delayed 2 second(s)

22-10-2025T11:39:44 - [MESSAGE][PASSED] - Delayed 2 second(s)

22-10-2025T11:39:44 - [TEST_STEP][PASSED] - waitForElementVisible(findTestObject("TripFocus/Users/Permissions/Save_User_Permissions_btn_(Use for Non-image)"), 10): Object 'Object Repository/TripFocus/Users/Permissions/Save_User_Permissions_btn_(Use for Non-image)' is visible

22-10-2025T11:39:44 - [MESSAGE][PASSED] - Object 'Object Repository/TripFocus/Users/Permissions/Save_User_Permissions_btn_(Use for Non-image)' is visible

22-10-2025T11:39:44 - [TEST_STEP][PASSED] - click(findTestObject("TripFocus/Users/Permissions/Save_User_Permissions_btn_(Use for Non-image)"), STOP_ON_FAILURE): Object: 'Object Repository/TripFocus/Users/Permissions/Save_User_Permissions_btn_(Use for Non-image)' is clicked on

22-10-2025T11:39:44 - [MESSAGE][PASSED] - Object: 'Object Repository/TripFocus/Users/Permissions/Save_User_Permissions_btn_(Use for Non-image)' is clicked on

22-10-2025T11:39:44 - [TEST_STEP][PASSED] - delay(1): Delayed 1 second(s)

22-10-2025T11:39:45 - [MESSAGE][PASSED] - Delayed 1 second(s)

22-10-2025T11:39:45 - [TEST_STEP][PASSED] - verifyElementPresent(findTestObject("TripFocus/Toasty_Message"), 10): Object 'Object Repository/TripFocus/Toasty_Message' is present

22-10-2025T11:39:45 - [MESSAGE][PASSED] - Object 'Object Repository/TripFocus/Toasty_Message' is present

22-10-2025T11:39:45 - [TEST_STEP][PASSED] - verifyElementText(findTestObject("TripFocus/Toasty_Message"), "User Permissions updated successfully."): Actual text and expected text of test object 'Object Repository/TripFocus/Toasty_Message' are matched.

22-10-2025T11:39:45 - [MESSAGE][PASSED] - Actual text and expected text of test object 'Object Repository/TripFocus/Toasty_Message' are matched.

22-10-2025T11:39:45 - [TEST_STEP][PASSED] - Start listener action : retryOnDisconnect: null

22-10-2025T11:39:45 - [TEST_STEP][PASSED] - tcId = testCaseContext.getTestCaseId(): null

22-10-2025T11:39:45 - [TEST_STEP][PASSED] - currentRetry = retryCounts.getOrDefault(tcId, 0): null

22-10-2025T11:39:45 - [TEST_STEP][PASSED] - if (testCaseContext.getTestCaseStatus() == "FAILED" && currentRetry < MAX_RETRIES): null]]></system-out>
         <system-err><![CDATA[]]></system-err>
      </testcase>
      <testcase name="Test Cases/TripFocus/SPG/SPG - UserPage/Edit/Permissions/Reset User Permissions" time="64.963" classname="Test Cases/TripFocus/SPG/SPG - UserPage/Edit/Permissions/Reset User Permissions" status="PASSED">
         <system-out><![CDATA[22-10-2025T11:39:45 - [TEST_CASE][PASSED] - Test Cases/TripFocus/SPG/SPG - UserPage/Edit/Permissions/Reset User Permissions: Test Cases/TripFocus/SPG/SPG - UserPage/Edit/Permissions/Reset User Permissions

22-10-2025T11:39:45 - [TEST_STEP][PASSED] - Start listener action : beforeTestCase: null

22-10-2025T11:39:45 - [TEST_STEP][PASSED] - addDefaultPackages(): null

22-10-2025T11:39:45 - [TEST_STEP][PASSED] - openBrowser(""): Browser is opened with url: ''

22-10-2025T11:39:45 - [MESSAGE][WARNING] - A browser is already opened. Closing browser and opening a new one

22-10-2025T11:39:45 - [MESSAGE][INFO] - Starting 'Chrome' driver

22-10-2025T11:39:45 - [MESSAGE][INFO] - User set preference: ['args', '[--no-sandbox, --disable-gpu, --disable-dev-shm-usage]']

22-10-2025T11:39:45 - [MESSAGE][INFO] - Action delay is set to 0 milliseconds

22-10-2025T11:39:46 - [MESSAGE][PASSED] - Browser is opened with url: ''

22-10-2025T11:39:46 - [TEST_STEP][PASSED] - navigateToUrl(TFBaseURL): Navigate to 'https://www.qa.tripfocus.com' successfully

22-10-2025T11:39:47 - [MESSAGE][PASSED] - Navigate to 'https://www.qa.tripfocus.com' successfully

22-10-2025T11:39:47 - [TEST_STEP][PASSED] - click(findTestObject("Object Repository/TripFocus/Page_TripFocus/button_Sign in")): Object: 'Object Repository/TripFocus/Page_TripFocus/button_Sign in' is clicked on

22-10-2025T11:39:47 - [MESSAGE][PASSED] - Object: 'Object Repository/TripFocus/Page_TripFocus/button_Sign in' is clicked on

22-10-2025T11:39:47 - [TEST_STEP][PASSED] - setText(findTestObject("Object Repository/TripFocus/Page_TripFocus/input_Username (e.g. email address)_Username"), TripFocusBleachTechSPGUsername): Text 'Ashford.Chenault+BleachtechCustomerSPGONLY@thekag.com' is set on object 'Object Repository/TripFocus/Page_TripFocus/input_Username (e.g. email address)_Username'

22-10-2025T11:39:48 - [MESSAGE][PASSED] - Text 'Ashford.Chenault+BleachtechCustomerSPGONLY@thekag.com' is set on object 'Object Repository/TripFocus/Page_TripFocus/input_Username (e.g. email address)_Username'

22-10-2025T11:39:48 - [TEST_STEP][PASSED] - setText(findTestObject("Object Repository/TripFocus/Page_TripFocus/input_Password_Password"), TripFocusFDGSPGPassword): Text 'CrashBan911!!' is set on object 'Object Repository/TripFocus/Page_TripFocus/input_Password_Password'

22-10-2025T11:39:48 - [MESSAGE][PASSED] - Text 'CrashBan911!!' is set on object 'Object Repository/TripFocus/Page_TripFocus/input_Password_Password'

22-10-2025T11:39:48 - [TEST_STEP][PASSED] - click(findTestObject("Object Repository/TripFocus/Page_TripFocus/button_Login")): Object: 'Object Repository/TripFocus/Page_TripFocus/button_Login' is clicked on

22-10-2025T11:39:49 - [MESSAGE][PASSED] - Object: 'Object Repository/TripFocus/Page_TripFocus/button_Login' is clicked on

22-10-2025T11:39:49 - [TEST_STEP][PASSED] - maximizeWindow(): Current window maximized

22-10-2025T11:39:49 - [MESSAGE][PASSED] - Current window maximized

22-10-2025T11:39:49 - [TEST_STEP][PASSED] - waitForElementVisible(findTestObject("TripFocus/Testing_Notification_btn"), 15, OPTIONAL): Web element with id: 'Object Repository/TripFocus/Testing_Notification_btn' located by '//*[@id="__BVID__10___BV_modal_footer_"]/button' not found

22-10-2025T11:40:05 - [MESSAGE][INFO] - Unable to find the element located by 'By.xpath: //*[@id="__BVID__10___BV_modal_footer_"]/button'. Please recheck the objects properties to make sure the desired element is located. 

22-10-2025T11:40:05 - [MESSAGE][WARNING] - [SELF-HEALING] Failed to find element with id 'Object Repository/TripFocus/Testing_Notification_btn'. Try using Self-healing.

22-10-2025T11:40:06 - [MESSAGE][INFO] - [SELF-HEALING] No working XPath is found.

22-10-2025T11:40:08 - [MESSAGE][INFO] - Unable to find the element located by 'By.xpath: '. Please recheck the objects properties to make sure the desired element is located. 

22-10-2025T11:40:08 - [MESSAGE][WARNING] - [SELF-HEALING] Cannot find elements when the selector is null

22-10-2025T11:40:08 - [MESSAGE][WARNING] - Web element with id: 'Object Repository/TripFocus/Testing_Notification_btn' located by '//*[@id="__BVID__10___BV_modal_footer_"]/button' not found

22-10-2025T11:40:08 - [TEST_STEP][PASSED] - if (verifyElementVisible(findTestObject("TripFocus/Testing_Notification_btn"), OPTIONAL) == true): Web element with id: 'Object Repository/TripFocus/Testing_Notification_btn' located by '//*[@id="__BVID__10___BV_modal_footer_"]/button' not found (Root cause: com.kms.katalon.core.exception.StepFailedException: Web element with id: 'Object Repository/TripFocus/Testing_Notification_btn' located by '//*[@id="__BVID__10___BV_modal_footer_"]/button' not found
	at com.kms.katalon.core.webui.keyword.internal.WebUIKeywordMain.stepFailed(WebUIKeywordMain.groovy:117)
	at com.kms.katalon.core.webui.keyword.builtin.VerifyElementVisibleKeyword$_verifyElementVisible_closure1.doCall(VerifyElementVisibleKeyword.groovy:89)
	at com.kms.katalon.core.webui.keyword.builtin.VerifyElementVisibleKeyword$_verifyElementVisible_closure1.call(VerifyElementVisibleKeyword.groovy)
	at com.kms.katalon.core.webui.keyword.internal.WebUIKeywordMain.runKeyword(WebUIKeywordMain.groovy:35)
	at com.kms.katalon.core.webui.keyword.builtin.VerifyElementVisibleKeyword.verifyElementVisible(VerifyElementVisibleKeyword.groovy:97)
	at com.kms.katalon.core.webui.keyword.builtin.VerifyElementVisibleKeyword.execute(VerifyElementVisibleKeyword.groovy:67)
	at com.kms.katalon.core.keyword.internal.KeywordExecutor.executeKeywordForPlatform(KeywordExecutor.groovy:74)
	at com.kms.katalon.core.webui.keyword.WebUiBuiltInKeywords.verifyElementVisible(WebUiBuiltInKeywords.groovy:401)
	at com.kms.katalon.core.webui.keyword.WebUiBuiltInKeywords$verifyElementVisible$5.call(Unknown Source)
	at Reset User Permissions.run(Reset User Permissions:38)
	at com.kms.katalon.core.main.ScriptEngine.run(ScriptEngine.java:194)
	at com.kms.katalon.core.main.ScriptEngine.runScriptAsRawText(ScriptEngine.java:119)
	at com.kms.katalon.core.main.TestCaseExecutor.runScript(TestCaseExecutor.java:448)
	at com.kms.katalon.core.main.TestCaseExecutor.doExecute(TestCaseExecutor.java:439)
	at com.kms.katalon.core.main.TestCaseExecutor.processExecutionPhase(TestCaseExecutor.java:418)
	at com.kms.katalon.core.main.TestCaseExecutor.accessMainPhase(TestCaseExecutor.java:410)
	at com.kms.katalon.core.main.TestCaseExecutor.execute(TestCaseExecutor.java:285)
	at com.kms.katalon.core.common.CommonExecutor.accessTestCaseMainPhase(CommonExecutor.java:65)
	at com.kms.katalon.core.main.TestSuiteExecutor.accessTestSuiteMainPhase(TestSuiteExecutor.java:150)
	at com.kms.katalon.core.main.TestSuiteExecutor.execute(TestSuiteExecutor.java:106)
	at com.kms.katalon.core.main.TestCaseMain.startTestSuite(TestCaseMain.java:180)
	at com.kms.katalon.core.main.TestCaseMain$startTestSuite$0.call(Unknown Source)
	at TempTestSuite1761139108993.run(TempTestSuite1761139108993.groovy:35)
	at java.base/jdk.internal.reflect.NativeMethodAccessorImpl.invoke0(Native Method)
	at java.base/jdk.internal.reflect.NativeMethodAccessorImpl.invoke(NativeMethodAccessorImpl.java:77)
	at java.base/jdk.internal.reflect.DelegatingMethodAccessorImpl.invoke(DelegatingMethodAccessorImpl.java:43)
)

22-10-2025T11:40:24 - [MESSAGE][INFO] - Unable to find the element located by 'By.xpath: //*[@id="__BVID__10___BV_modal_footer_"]/button'. Please recheck the objects properties to make sure the desired element is located. 

22-10-2025T11:40:24 - [MESSAGE][WARNING] - [SELF-HEALING] Failed to find element with id 'Object Repository/TripFocus/Testing_Notification_btn'. Try using Self-healing.

22-10-2025T11:40:25 - [MESSAGE][INFO] - [SELF-HEALING] No working XPath is found.

22-10-2025T11:40:27 - [MESSAGE][INFO] - Unable to find the element located by 'By.xpath: '. Please recheck the objects properties to make sure the desired element is located. 

22-10-2025T11:40:27 - [MESSAGE][WARNING] - [SELF-HEALING] Cannot find elements when the selector is null

22-10-2025T11:40:27 - [MESSAGE][WARNING] - Web element with id: 'Object Repository/TripFocus/Testing_Notification_btn' located by '//*[@id="__BVID__10___BV_modal_footer_"]/button' not found (Root cause: com.kms.katalon.core.exception.StepFailedException: Web element with id: 'Object Repository/TripFocus/Testing_Notification_btn' located by '//*[@id="__BVID__10___BV_modal_footer_"]/button' not found
	at com.kms.katalon.core.webui.keyword.internal.WebUIKeywordMain.stepFailed(WebUIKeywordMain.groovy:117)
	at com.kms.katalon.core.webui.keyword.builtin.VerifyElementVisibleKeyword$_verifyElementVisible_closure1.doCall(VerifyElementVisibleKeyword.groovy:89)
	at com.kms.katalon.core.webui.keyword.builtin.VerifyElementVisibleKeyword$_verifyElementVisible_closure1.call(VerifyElementVisibleKeyword.groovy)
	at com.kms.katalon.core.webui.keyword.internal.WebUIKeywordMain.runKeyword(WebUIKeywordMain.groovy:35)
	at com.kms.katalon.core.webui.keyword.builtin.VerifyElementVisibleKeyword.verifyElementVisible(VerifyElementVisibleKeyword.groovy:97)
	at com.kms.katalon.core.webui.keyword.builtin.VerifyElementVisibleKeyword.execute(VerifyElementVisibleKeyword.groovy:67)
	at com.kms.katalon.core.keyword.internal.KeywordExecutor.executeKeywordForPlatform(KeywordExecutor.groovy:74)
	at com.kms.katalon.core.webui.keyword.WebUiBuiltInKeywords.verifyElementVisible(WebUiBuiltInKeywords.groovy:401)
	at com.kms.katalon.core.webui.keyword.WebUiBuiltInKeywords$verifyElementVisible$5.call(Unknown Source)
	at Reset User Permissions.run(Reset User Permissions:38)
	at com.kms.katalon.core.main.ScriptEngine.run(ScriptEngine.java:194)
	at com.kms.katalon.core.main.ScriptEngine.runScriptAsRawText(ScriptEngine.java:119)
	at com.kms.katalon.core.main.TestCaseExecutor.runScript(TestCaseExecutor.java:448)
	at com.kms.katalon.core.main.TestCaseExecutor.doExecute(TestCaseExecutor.java:439)
	at com.kms.katalon.core.main.TestCaseExecutor.processExecutionPhase(TestCaseExecutor.java:418)
	at com.kms.katalon.core.main.TestCaseExecutor.accessMainPhase(TestCaseExecutor.java:410)
	at com.kms.katalon.core.main.TestCaseExecutor.execute(TestCaseExecutor.java:285)
	at com.kms.katalon.core.common.CommonExecutor.accessTestCaseMainPhase(CommonExecutor.java:65)
	at com.kms.katalon.core.main.TestSuiteExecutor.accessTestSuiteMainPhase(TestSuiteExecutor.java:150)
	at com.kms.katalon.core.main.TestSuiteExecutor.execute(TestSuiteExecutor.java:106)
	at com.kms.katalon.core.main.TestCaseMain.startTestSuite(TestCaseMain.java:180)
	at com.kms.katalon.core.main.TestCaseMain$startTestSuite$0.call(Unknown Source)
	at TempTestSuite1761139108993.run(TempTestSuite1761139108993.groovy:35)
	at java.base/jdk.internal.reflect.NativeMethodAccessorImpl.invoke0(Native Method)
	at java.base/jdk.internal.reflect.NativeMethodAccessorImpl.invoke(NativeMethodAccessorImpl.java:77)
	at java.base/jdk.internal.reflect.DelegatingMethodAccessorImpl.invoke(DelegatingMethodAccessorImpl.java:43)
)

22-10-2025T11:40:27 - [TEST_STEP][PASSED] - click(findTestObject("Object Repository/TripFocus/Page_TripFocus/a_Users")): Object: 'Object Repository/TripFocus/Page_TripFocus/a_Users' is clicked on

22-10-2025T11:40:27 - [MESSAGE][PASSED] - Object: 'Object Repository/TripFocus/Page_TripFocus/a_Users' is clicked on

22-10-2025T11:40:27 - [TEST_STEP][PASSED] - delay(5): Delayed 5 second(s)

22-10-2025T11:40:32 - [MESSAGE][PASSED] - Delayed 5 second(s)

22-10-2025T11:40:32 - [TEST_STEP][PASSED] - setText(findTestObject("TripFocus/Users/User_Search_txt"), "ashfordSPGTesting"): Text 'ashfordSPGTesting' is set on object 'Object Repository/TripFocus/Users/User_Search_txt'

22-10-2025T11:40:32 - [MESSAGE][PASSED] - Text 'ashfordSPGTesting' is set on object 'Object Repository/TripFocus/Users/User_Search_txt'

22-10-2025T11:40:32 - [TEST_STEP][PASSED] - delay(2): Delayed 2 second(s)

22-10-2025T11:40:34 - [MESSAGE][PASSED] - Delayed 2 second(s)

22-10-2025T11:40:34 - [TEST_STEP][PASSED] - click(findTestObject("Object Repository/TripFocus/Page_TripFocus/button_Edit")): Object: 'Object Repository/TripFocus/Page_TripFocus/button_Edit' is clicked on

22-10-2025T11:40:34 - [MESSAGE][PASSED] - Object: 'Object Repository/TripFocus/Page_TripFocus/button_Edit' is clicked on

22-10-2025T11:40:34 - [TEST_STEP][PASSED] - delay(7): Delayed 7 second(s)

22-10-2025T11:40:41 - [MESSAGE][PASSED] - Delayed 7 second(s)

22-10-2025T11:40:41 - [TEST_STEP][PASSED] - click(findTestObject("TripFocus/Users/Permissions/Permissions_tab")): Object: 'Object Repository/TripFocus/Users/Permissions/Permissions_tab' is clicked on

22-10-2025T11:40:42 - [MESSAGE][PASSED] - Object: 'Object Repository/TripFocus/Users/Permissions/Permissions_tab' is clicked on

22-10-2025T11:40:42 - [TEST_STEP][PASSED] - delay(2): Delayed 2 second(s)

22-10-2025T11:40:44 - [MESSAGE][PASSED] - Delayed 2 second(s)

22-10-2025T11:40:44 - [TEST_STEP][PASSED] - click(findTestObject("TripFocus/Users/Permissions/User_Permissions_dropdown"), STOP_ON_FAILURE): Object: 'Object Repository/TripFocus/Users/Permissions/User_Permissions_dropdown' is clicked on

22-10-2025T11:40:44 - [MESSAGE][PASSED] - Object: 'Object Repository/TripFocus/Users/Permissions/User_Permissions_dropdown' is clicked on

22-10-2025T11:40:44 - [TEST_STEP][PASSED] - delay(1): Delayed 1 second(s)

22-10-2025T11:40:45 - [MESSAGE][PASSED] - Delayed 1 second(s)

22-10-2025T11:40:45 - [TEST_STEP][PASSED] - sendKeys(findTestObject("TripFocus/Users/Permissions/User_Permissions_txt"), "Load"): Keys 'Load' sent to object: 'Object Repository/TripFocus/Users/Permissions/User_Permissions_txt'

22-10-2025T11:40:45 - [MESSAGE][PASSED] - Keys 'Load' sent to object: 'Object Repository/TripFocus/Users/Permissions/User_Permissions_txt'

22-10-2025T11:40:45 - [TEST_STEP][PASSED] - delay(1): Delayed 1 second(s)

22-10-2025T11:40:46 - [MESSAGE][PASSED] - Delayed 1 second(s)

22-10-2025T11:40:46 - [TEST_STEP][PASSED] - sendKeys(findTestObject("TripFocus/Users/Permissions/User_Permissions_txt"), Keys.chord(ENTER)): Keys 'ENTER + ' sent to object: 'Object Repository/TripFocus/Users/Permissions/User_Permissions_txt'

22-10-2025T11:40:46 - [MESSAGE][PASSED] - Keys 'ENTER + ' sent to object: 'Object Repository/TripFocus/Users/Permissions/User_Permissions_txt'

22-10-2025T11:40:46 - [TEST_STEP][PASSED] - delay(1): Delayed 1 second(s)

22-10-2025T11:40:47 - [MESSAGE][PASSED] - Delayed 1 second(s)

22-10-2025T11:40:47 - [TEST_STEP][PASSED] - click(findTestObject("TripFocus/Users/Edit_User_lbl"), STOP_ON_FAILURE): Object: 'Object Repository/TripFocus/Users/Edit_User_lbl' is clicked on

22-10-2025T11:40:47 - [MESSAGE][PASSED] - Object: 'Object Repository/TripFocus/Users/Edit_User_lbl' is clicked on

22-10-2025T11:40:47 - [TEST_STEP][PASSED] - delay(2): Delayed 2 second(s)

22-10-2025T11:40:49 - [MESSAGE][PASSED] - Delayed 2 second(s)

22-10-2025T11:40:49 - [TEST_STEP][PASSED] - waitForElementVisible(findTestObject("TripFocus/Users/Permissions/Reset_User_Permissions_btn"), 10): Object 'Object Repository/TripFocus/Users/Permissions/Reset_User_Permissions_btn' is visible

22-10-2025T11:40:49 - [MESSAGE][PASSED] - Object 'Object Repository/TripFocus/Users/Permissions/Reset_User_Permissions_btn' is visible

22-10-2025T11:40:49 - [TEST_STEP][PASSED] - click(findTestObject("TripFocus/Users/Permissions/Reset_User_Permissions_btn"), STOP_ON_FAILURE): Object: 'Object Repository/TripFocus/Users/Permissions/Reset_User_Permissions_btn' is clicked on

22-10-2025T11:40:49 - [MESSAGE][PASSED] - Object: 'Object Repository/TripFocus/Users/Permissions/Reset_User_Permissions_btn' is clicked on

22-10-2025T11:40:49 - [TEST_STEP][PASSED] - delay(1): Delayed 1 second(s)

22-10-2025T11:40:50 - [MESSAGE][PASSED] - Delayed 1 second(s)

22-10-2025T11:40:50 - [TEST_STEP][PASSED] - Start listener action : retryOnDisconnect: null

22-10-2025T11:40:50 - [TEST_STEP][PASSED] - tcId = testCaseContext.getTestCaseId(): null

22-10-2025T11:40:50 - [TEST_STEP][PASSED] - currentRetry = retryCounts.getOrDefault(tcId, 0): null

22-10-2025T11:40:50 - [TEST_STEP][PASSED] - if (testCaseContext.getTestCaseStatus() == "FAILED" && currentRetry < MAX_RETRIES): null]]></system-out>
         <system-err><![CDATA[]]></system-err>
      </testcase>
      <testcase name="Test Cases/TripFocus/SPG/SPG - UserPage/Edit/Permissions/Verify Reset User Permissions Button" time="58.106" classname="Test Cases/TripFocus/SPG/SPG - UserPage/Edit/Permissions/Verify Reset User Permissions Button" status="PASSED">
         <system-out><![CDATA[22-10-2025T11:40:50 - [TEST_CASE][PASSED] - Test Cases/TripFocus/SPG/SPG - UserPage/Edit/Permissions/Verify Reset User Permissions Button: Test Cases/TripFocus/SPG/SPG - UserPage/Edit/Permissions/Verify Reset User Permissions Button

22-10-2025T11:40:50 - [TEST_STEP][PASSED] - Start listener action : beforeTestCase: null

22-10-2025T11:40:50 - [TEST_STEP][PASSED] - addDefaultPackages(): null

22-10-2025T11:40:50 - [TEST_STEP][PASSED] - openBrowser(""): Browser is opened with url: ''

22-10-2025T11:40:50 - [MESSAGE][WARNING] - A browser is already opened. Closing browser and opening a new one

22-10-2025T11:40:50 - [MESSAGE][INFO] - Starting 'Chrome' driver

22-10-2025T11:40:50 - [MESSAGE][INFO] - User set preference: ['args', '[--no-sandbox, --disable-gpu, --disable-dev-shm-usage]']

22-10-2025T11:40:50 - [MESSAGE][INFO] - Action delay is set to 0 milliseconds

22-10-2025T11:40:51 - [MESSAGE][PASSED] - Browser is opened with url: ''

22-10-2025T11:40:51 - [TEST_STEP][PASSED] - navigateToUrl(TFBaseURL): Navigate to 'https://www.qa.tripfocus.com' successfully

22-10-2025T11:40:51 - [MESSAGE][PASSED] - Navigate to 'https://www.qa.tripfocus.com' successfully

22-10-2025T11:40:51 - [TEST_STEP][PASSED] - click(findTestObject("Object Repository/TripFocus/Page_TripFocus/button_Sign in")): Object: 'Object Repository/TripFocus/Page_TripFocus/button_Sign in' is clicked on

22-10-2025T11:40:52 - [MESSAGE][PASSED] - Object: 'Object Repository/TripFocus/Page_TripFocus/button_Sign in' is clicked on

22-10-2025T11:40:52 - [TEST_STEP][PASSED] - setText(findTestObject("Object Repository/TripFocus/Page_TripFocus/input_Username (e.g. email address)_Username"), TripFocusBleachTechSPGUsername): Text 'Ashford.Chenault+BleachtechCustomerSPGONLY@thekag.com' is set on object 'Object Repository/TripFocus/Page_TripFocus/input_Username (e.g. email address)_Username'

22-10-2025T11:40:53 - [MESSAGE][PASSED] - Text 'Ashford.Chenault+BleachtechCustomerSPGONLY@thekag.com' is set on object 'Object Repository/TripFocus/Page_TripFocus/input_Username (e.g. email address)_Username'

22-10-2025T11:40:53 - [TEST_STEP][PASSED] - setText(findTestObject("Object Repository/TripFocus/Page_TripFocus/input_Password_Password"), TripFocusFDGSPGPassword): Text 'CrashBan911!!' is set on object 'Object Repository/TripFocus/Page_TripFocus/input_Password_Password'

22-10-2025T11:40:53 - [MESSAGE][PASSED] - Text 'CrashBan911!!' is set on object 'Object Repository/TripFocus/Page_TripFocus/input_Password_Password'

22-10-2025T11:40:53 - [TEST_STEP][PASSED] - click(findTestObject("Object Repository/TripFocus/Page_TripFocus/button_Login")): Object: 'Object Repository/TripFocus/Page_TripFocus/button_Login' is clicked on

22-10-2025T11:40:53 - [MESSAGE][PASSED] - Object: 'Object Repository/TripFocus/Page_TripFocus/button_Login' is clicked on

22-10-2025T11:40:53 - [TEST_STEP][PASSED] - maximizeWindow(): Current window maximized

22-10-2025T11:40:53 - [MESSAGE][PASSED] - Current window maximized

22-10-2025T11:40:53 - [TEST_STEP][PASSED] - waitForElementVisible(findTestObject("TripFocus/Testing_Notification_btn"), 15, OPTIONAL): Web element with id: 'Object Repository/TripFocus/Testing_Notification_btn' located by '//*[@id="__BVID__10___BV_modal_footer_"]/button' not found

22-10-2025T11:41:09 - [MESSAGE][INFO] - Unable to find the element located by 'By.xpath: //*[@id="__BVID__10___BV_modal_footer_"]/button'. Please recheck the objects properties to make sure the desired element is located. 

22-10-2025T11:41:09 - [MESSAGE][WARNING] - [SELF-HEALING] Failed to find element with id 'Object Repository/TripFocus/Testing_Notification_btn'. Try using Self-healing.

22-10-2025T11:41:10 - [MESSAGE][INFO] - [SELF-HEALING] No working XPath is found.

22-10-2025T11:41:12 - [MESSAGE][INFO] - Unable to find the element located by 'By.xpath: '. Please recheck the objects properties to make sure the desired element is located. 

22-10-2025T11:41:12 - [MESSAGE][WARNING] - [SELF-HEALING] Cannot find elements when the selector is null

22-10-2025T11:41:12 - [MESSAGE][WARNING] - Web element with id: 'Object Repository/TripFocus/Testing_Notification_btn' located by '//*[@id="__BVID__10___BV_modal_footer_"]/button' not found

22-10-2025T11:41:12 - [TEST_STEP][PASSED] - if (verifyElementVisible(findTestObject("TripFocus/Testing_Notification_btn"), OPTIONAL) == true): Web element with id: 'Object Repository/TripFocus/Testing_Notification_btn' located by '//*[@id="__BVID__10___BV_modal_footer_"]/button' not found (Root cause: com.kms.katalon.core.exception.StepFailedException: Web element with id: 'Object Repository/TripFocus/Testing_Notification_btn' located by '//*[@id="__BVID__10___BV_modal_footer_"]/button' not found
	at com.kms.katalon.core.webui.keyword.internal.WebUIKeywordMain.stepFailed(WebUIKeywordMain.groovy:117)
	at com.kms.katalon.core.webui.keyword.builtin.VerifyElementVisibleKeyword$_verifyElementVisible_closure1.doCall(VerifyElementVisibleKeyword.groovy:89)
	at com.kms.katalon.core.webui.keyword.builtin.VerifyElementVisibleKeyword$_verifyElementVisible_closure1.call(VerifyElementVisibleKeyword.groovy)
	at com.kms.katalon.core.webui.keyword.internal.WebUIKeywordMain.runKeyword(WebUIKeywordMain.groovy:35)
	at com.kms.katalon.core.webui.keyword.builtin.VerifyElementVisibleKeyword.verifyElementVisible(VerifyElementVisibleKeyword.groovy:97)
	at com.kms.katalon.core.webui.keyword.builtin.VerifyElementVisibleKeyword.execute(VerifyElementVisibleKeyword.groovy:67)
	at com.kms.katalon.core.keyword.internal.KeywordExecutor.executeKeywordForPlatform(KeywordExecutor.groovy:74)
	at com.kms.katalon.core.webui.keyword.WebUiBuiltInKeywords.verifyElementVisible(WebUiBuiltInKeywords.groovy:401)
	at com.kms.katalon.core.webui.keyword.WebUiBuiltInKeywords$verifyElementVisible$5.call(Unknown Source)
	at Verify Reset User Permissions Button.run(Verify Reset User Permissions Button:38)
	at com.kms.katalon.core.main.ScriptEngine.run(ScriptEngine.java:194)
	at com.kms.katalon.core.main.ScriptEngine.runScriptAsRawText(ScriptEngine.java:119)
	at com.kms.katalon.core.main.TestCaseExecutor.runScript(TestCaseExecutor.java:448)
	at com.kms.katalon.core.main.TestCaseExecutor.doExecute(TestCaseExecutor.java:439)
	at com.kms.katalon.core.main.TestCaseExecutor.processExecutionPhase(TestCaseExecutor.java:418)
	at com.kms.katalon.core.main.TestCaseExecutor.accessMainPhase(TestCaseExecutor.java:410)
	at com.kms.katalon.core.main.TestCaseExecutor.execute(TestCaseExecutor.java:285)
	at com.kms.katalon.core.common.CommonExecutor.accessTestCaseMainPhase(CommonExecutor.java:65)
	at com.kms.katalon.core.main.TestSuiteExecutor.accessTestSuiteMainPhase(TestSuiteExecutor.java:150)
	at com.kms.katalon.core.main.TestSuiteExecutor.execute(TestSuiteExecutor.java:106)
	at com.kms.katalon.core.main.TestCaseMain.startTestSuite(TestCaseMain.java:180)
	at com.kms.katalon.core.main.TestCaseMain$startTestSuite$0.call(Unknown Source)
	at TempTestSuite1761139108993.run(TempTestSuite1761139108993.groovy:35)
	at java.base/jdk.internal.reflect.NativeMethodAccessorImpl.invoke0(Native Method)
	at java.base/jdk.internal.reflect.NativeMethodAccessorImpl.invoke(NativeMethodAccessorImpl.java:77)
	at java.base/jdk.internal.reflect.DelegatingMethodAccessorImpl.invoke(DelegatingMethodAccessorImpl.java:43)
)

22-10-2025T11:41:28 - [MESSAGE][INFO] - Unable to find the element located by 'By.xpath: //*[@id="__BVID__10___BV_modal_footer_"]/button'. Please recheck the objects properties to make sure the desired element is located. 

22-10-2025T11:41:28 - [MESSAGE][WARNING] - [SELF-HEALING] Failed to find element with id 'Object Repository/TripFocus/Testing_Notification_btn'. Try using Self-healing.

22-10-2025T11:41:29 - [MESSAGE][INFO] - [SELF-HEALING] No working XPath is found.

22-10-2025T11:41:32 - [MESSAGE][INFO] - Unable to find the element located by 'By.xpath: '. Please recheck the objects properties to make sure the desired element is located. 

22-10-2025T11:41:32 - [MESSAGE][WARNING] - [SELF-HEALING] Cannot find elements when the selector is null

22-10-2025T11:41:32 - [MESSAGE][WARNING] - Web element with id: 'Object Repository/TripFocus/Testing_Notification_btn' located by '//*[@id="__BVID__10___BV_modal_footer_"]/button' not found (Root cause: com.kms.katalon.core.exception.StepFailedException: Web element with id: 'Object Repository/TripFocus/Testing_Notification_btn' located by '//*[@id="__BVID__10___BV_modal_footer_"]/button' not found
	at com.kms.katalon.core.webui.keyword.internal.WebUIKeywordMain.stepFailed(WebUIKeywordMain.groovy:117)
	at com.kms.katalon.core.webui.keyword.builtin.VerifyElementVisibleKeyword$_verifyElementVisible_closure1.doCall(VerifyElementVisibleKeyword.groovy:89)
	at com.kms.katalon.core.webui.keyword.builtin.VerifyElementVisibleKeyword$_verifyElementVisible_closure1.call(VerifyElementVisibleKeyword.groovy)
	at com.kms.katalon.core.webui.keyword.internal.WebUIKeywordMain.runKeyword(WebUIKeywordMain.groovy:35)
	at com.kms.katalon.core.webui.keyword.builtin.VerifyElementVisibleKeyword.verifyElementVisible(VerifyElementVisibleKeyword.groovy:97)
	at com.kms.katalon.core.webui.keyword.builtin.VerifyElementVisibleKeyword.execute(VerifyElementVisibleKeyword.groovy:67)
	at com.kms.katalon.core.keyword.internal.KeywordExecutor.executeKeywordForPlatform(KeywordExecutor.groovy:74)
	at com.kms.katalon.core.webui.keyword.WebUiBuiltInKeywords.verifyElementVisible(WebUiBuiltInKeywords.groovy:401)
	at com.kms.katalon.core.webui.keyword.WebUiBuiltInKeywords$verifyElementVisible$5.call(Unknown Source)
	at Verify Reset User Permissions Button.run(Verify Reset User Permissions Button:38)
	at com.kms.katalon.core.main.ScriptEngine.run(ScriptEngine.java:194)
	at com.kms.katalon.core.main.ScriptEngine.runScriptAsRawText(ScriptEngine.java:119)
	at com.kms.katalon.core.main.TestCaseExecutor.runScript(TestCaseExecutor.java:448)
	at com.kms.katalon.core.main.TestCaseExecutor.doExecute(TestCaseExecutor.java:439)
	at com.kms.katalon.core.main.TestCaseExecutor.processExecutionPhase(TestCaseExecutor.java:418)
	at com.kms.katalon.core.main.TestCaseExecutor.accessMainPhase(TestCaseExecutor.java:410)
	at com.kms.katalon.core.main.TestCaseExecutor.execute(TestCaseExecutor.java:285)
	at com.kms.katalon.core.common.CommonExecutor.accessTestCaseMainPhase(CommonExecutor.java:65)
	at com.kms.katalon.core.main.TestSuiteExecutor.accessTestSuiteMainPhase(TestSuiteExecutor.java:150)
	at com.kms.katalon.core.main.TestSuiteExecutor.execute(TestSuiteExecutor.java:106)
	at com.kms.katalon.core.main.TestCaseMain.startTestSuite(TestCaseMain.java:180)
	at com.kms.katalon.core.main.TestCaseMain$startTestSuite$0.call(Unknown Source)
	at TempTestSuite1761139108993.run(TempTestSuite1761139108993.groovy:35)
	at java.base/jdk.internal.reflect.NativeMethodAccessorImpl.invoke0(Native Method)
	at java.base/jdk.internal.reflect.NativeMethodAccessorImpl.invoke(NativeMethodAccessorImpl.java:77)
	at java.base/jdk.internal.reflect.DelegatingMethodAccessorImpl.invoke(DelegatingMethodAccessorImpl.java:43)
)

22-10-2025T11:41:32 - [TEST_STEP][PASSED] - click(findTestObject("Object Repository/TripFocus/Page_TripFocus/a_Users")): Object: 'Object Repository/TripFocus/Page_TripFocus/a_Users' is clicked on

22-10-2025T11:41:32 - [MESSAGE][PASSED] - Object: 'Object Repository/TripFocus/Page_TripFocus/a_Users' is clicked on

22-10-2025T11:41:32 - [TEST_STEP][PASSED] - delay(5): Delayed 5 second(s)

22-10-2025T11:41:37 - [MESSAGE][PASSED] - Delayed 5 second(s)

22-10-2025T11:41:37 - [TEST_STEP][PASSED] - setText(findTestObject("TripFocus/Users/User_Search_txt"), "ashfordSPGTesting"): Text 'ashfordSPGTesting' is set on object 'Object Repository/TripFocus/Users/User_Search_txt'

22-10-2025T11:41:37 - [MESSAGE][PASSED] - Text 'ashfordSPGTesting' is set on object 'Object Repository/TripFocus/Users/User_Search_txt'

22-10-2025T11:41:37 - [TEST_STEP][PASSED] - delay(2): Delayed 2 second(s)

22-10-2025T11:41:39 - [MESSAGE][PASSED] - Delayed 2 second(s)

22-10-2025T11:41:39 - [TEST_STEP][PASSED] - click(findTestObject("Object Repository/TripFocus/Page_TripFocus/button_Edit")): Object: 'Object Repository/TripFocus/Page_TripFocus/button_Edit' is clicked on

22-10-2025T11:41:39 - [MESSAGE][PASSED] - Object: 'Object Repository/TripFocus/Page_TripFocus/button_Edit' is clicked on

22-10-2025T11:41:39 - [TEST_STEP][PASSED] - delay(7): Delayed 7 second(s)

22-10-2025T11:41:46 - [MESSAGE][PASSED] - Delayed 7 second(s)

22-10-2025T11:41:46 - [TEST_STEP][PASSED] - click(findTestObject("TripFocus/Users/Permissions/Permissions_tab")): Object: 'Object Repository/TripFocus/Users/Permissions/Permissions_tab' is clicked on

22-10-2025T11:41:46 - [MESSAGE][PASSED] - Object: 'Object Repository/TripFocus/Users/Permissions/Permissions_tab' is clicked on

22-10-2025T11:41:46 - [TEST_STEP][PASSED] - delay(2): Delayed 2 second(s)

22-10-2025T11:41:48 - [MESSAGE][PASSED] - Delayed 2 second(s)

22-10-2025T11:41:48 - [TEST_STEP][PASSED] - waitForElementVisible(findTestObject("TripFocus/Users/Permissions/Reset_User_Permissions_btn"), 10): Object 'Object Repository/TripFocus/Users/Permissions/Reset_User_Permissions_btn' is visible

22-10-2025T11:41:48 - [MESSAGE][PASSED] - Object 'Object Repository/TripFocus/Users/Permissions/Reset_User_Permissions_btn' is visible

22-10-2025T11:41:48 - [TEST_STEP][PASSED] - verifyElementVisible(findTestObject("TripFocus/Users/Permissions/Reset_User_Permissions_btn"), STOP_ON_FAILURE): Object 'Object Repository/TripFocus/Users/Permissions/Reset_User_Permissions_btn' is visible

22-10-2025T11:41:48 - [MESSAGE][PASSED] - Object 'Object Repository/TripFocus/Users/Permissions/Reset_User_Permissions_btn' is visible

22-10-2025T11:41:48 - [TEST_STEP][PASSED] - Start listener action : retryOnDisconnect: null

22-10-2025T11:41:48 - [TEST_STEP][PASSED] - tcId = testCaseContext.getTestCaseId(): null

22-10-2025T11:41:48 - [TEST_STEP][PASSED] - currentRetry = retryCounts.getOrDefault(tcId, 0): null

22-10-2025T11:41:48 - [TEST_STEP][PASSED] - if (testCaseContext.getTestCaseStatus() == "FAILED" && currentRetry < MAX_RETRIES): null]]></system-out>
         <system-err><![CDATA[]]></system-err>
      </testcase>
      <testcase name="Test Cases/TripFocus/SPG/SPG - UserPage/Edit/Permissions/Verify Save User Permissions Button" time="58.413" classname="Test Cases/TripFocus/SPG/SPG - UserPage/Edit/Permissions/Verify Save User Permissions Button" status="PASSED">
         <system-out><![CDATA[22-10-2025T11:41:48 - [TEST_CASE][PASSED] - Test Cases/TripFocus/SPG/SPG - UserPage/Edit/Permissions/Verify Save User Permissions Button: Test Cases/TripFocus/SPG/SPG - UserPage/Edit/Permissions/Verify Save User Permissions Button

22-10-2025T11:41:48 - [TEST_STEP][PASSED] - Start listener action : beforeTestCase: null

22-10-2025T11:41:48 - [TEST_STEP][PASSED] - addDefaultPackages(): null

22-10-2025T11:41:48 - [TEST_STEP][PASSED] - openBrowser(""): Browser is opened with url: ''

22-10-2025T11:41:48 - [MESSAGE][WARNING] - A browser is already opened. Closing browser and opening a new one

22-10-2025T11:41:48 - [MESSAGE][INFO] - Starting 'Chrome' driver

22-10-2025T11:41:48 - [MESSAGE][INFO] - User set preference: ['args', '[--no-sandbox, --disable-gpu, --disable-dev-shm-usage]']

22-10-2025T11:41:48 - [MESSAGE][INFO] - Action delay is set to 0 milliseconds

22-10-2025T11:41:49 - [MESSAGE][PASSED] - Browser is opened with url: ''

22-10-2025T11:41:49 - [TEST_STEP][PASSED] - navigateToUrl(TFBaseURL): Navigate to 'https://www.qa.tripfocus.com' successfully

22-10-2025T11:41:50 - [MESSAGE][PASSED] - Navigate to 'https://www.qa.tripfocus.com' successfully

22-10-2025T11:41:50 - [TEST_STEP][PASSED] - click(findTestObject("Object Repository/TripFocus/Page_TripFocus/button_Sign in")): Object: 'Object Repository/TripFocus/Page_TripFocus/button_Sign in' is clicked on

22-10-2025T11:41:50 - [MESSAGE][PASSED] - Object: 'Object Repository/TripFocus/Page_TripFocus/button_Sign in' is clicked on

22-10-2025T11:41:50 - [TEST_STEP][PASSED] - setText(findTestObject("Object Repository/TripFocus/Page_TripFocus/input_Username (e.g. email address)_Username"), TripFocusBleachTechSPGUsername): Text 'Ashford.Chenault+BleachtechCustomerSPGONLY@thekag.com' is set on object 'Object Repository/TripFocus/Page_TripFocus/input_Username (e.g. email address)_Username'

22-10-2025T11:41:51 - [MESSAGE][PASSED] - Text 'Ashford.Chenault+BleachtechCustomerSPGONLY@thekag.com' is set on object 'Object Repository/TripFocus/Page_TripFocus/input_Username (e.g. email address)_Username'

22-10-2025T11:41:51 - [TEST_STEP][PASSED] - setText(findTestObject("Object Repository/TripFocus/Page_TripFocus/input_Password_Password"), TripFocusFDGSPGPassword): Text 'CrashBan911!!' is set on object 'Object Repository/TripFocus/Page_TripFocus/input_Password_Password'

22-10-2025T11:41:51 - [MESSAGE][PASSED] - Text 'CrashBan911!!' is set on object 'Object Repository/TripFocus/Page_TripFocus/input_Password_Password'

22-10-2025T11:41:51 - [TEST_STEP][PASSED] - click(findTestObject("Object Repository/TripFocus/Page_TripFocus/button_Login")): Object: 'Object Repository/TripFocus/Page_TripFocus/button_Login' is clicked on

22-10-2025T11:41:51 - [MESSAGE][PASSED] - Object: 'Object Repository/TripFocus/Page_TripFocus/button_Login' is clicked on

22-10-2025T11:41:51 - [TEST_STEP][PASSED] - maximizeWindow(): Current window maximized

22-10-2025T11:41:52 - [MESSAGE][PASSED] - Current window maximized

22-10-2025T11:41:52 - [TEST_STEP][PASSED] - waitForElementVisible(findTestObject("TripFocus/Testing_Notification_btn"), 15, OPTIONAL): Web element with id: 'Object Repository/TripFocus/Testing_Notification_btn' located by '//*[@id="__BVID__10___BV_modal_footer_"]/button' not found

22-10-2025T11:42:08 - [MESSAGE][INFO] - Unable to find the element located by 'By.xpath: //*[@id="__BVID__10___BV_modal_footer_"]/button'. Please recheck the objects properties to make sure the desired element is located. 

22-10-2025T11:42:08 - [MESSAGE][WARNING] - [SELF-HEALING] Failed to find element with id 'Object Repository/TripFocus/Testing_Notification_btn'. Try using Self-healing.

22-10-2025T11:42:09 - [MESSAGE][INFO] - [SELF-HEALING] No working XPath is found.

22-10-2025T11:42:11 - [MESSAGE][INFO] - Unable to find the element located by 'By.xpath: '. Please recheck the objects properties to make sure the desired element is located. 

22-10-2025T11:42:11 - [MESSAGE][WARNING] - [SELF-HEALING] Cannot find elements when the selector is null

22-10-2025T11:42:11 - [MESSAGE][WARNING] - Web element with id: 'Object Repository/TripFocus/Testing_Notification_btn' located by '//*[@id="__BVID__10___BV_modal_footer_"]/button' not found

22-10-2025T11:42:11 - [TEST_STEP][PASSED] - if (verifyElementVisible(findTestObject("TripFocus/Testing_Notification_btn"), OPTIONAL) == true): Web element with id: 'Object Repository/TripFocus/Testing_Notification_btn' located by '//*[@id="__BVID__10___BV_modal_footer_"]/button' not found (Root cause: com.kms.katalon.core.exception.StepFailedException: Web element with id: 'Object Repository/TripFocus/Testing_Notification_btn' located by '//*[@id="__BVID__10___BV_modal_footer_"]/button' not found
	at com.kms.katalon.core.webui.keyword.internal.WebUIKeywordMain.stepFailed(WebUIKeywordMain.groovy:117)
	at com.kms.katalon.core.webui.keyword.builtin.VerifyElementVisibleKeyword$_verifyElementVisible_closure1.doCall(VerifyElementVisibleKeyword.groovy:89)
	at com.kms.katalon.core.webui.keyword.builtin.VerifyElementVisibleKeyword$_verifyElementVisible_closure1.call(VerifyElementVisibleKeyword.groovy)
	at com.kms.katalon.core.webui.keyword.internal.WebUIKeywordMain.runKeyword(WebUIKeywordMain.groovy:35)
	at com.kms.katalon.core.webui.keyword.builtin.VerifyElementVisibleKeyword.verifyElementVisible(VerifyElementVisibleKeyword.groovy:97)
	at com.kms.katalon.core.webui.keyword.builtin.VerifyElementVisibleKeyword.execute(VerifyElementVisibleKeyword.groovy:67)
	at com.kms.katalon.core.keyword.internal.KeywordExecutor.executeKeywordForPlatform(KeywordExecutor.groovy:74)
	at com.kms.katalon.core.webui.keyword.WebUiBuiltInKeywords.verifyElementVisible(WebUiBuiltInKeywords.groovy:401)
	at com.kms.katalon.core.webui.keyword.WebUiBuiltInKeywords$verifyElementVisible$5.call(Unknown Source)
	at Verify Save User Permissions Button.run(Verify Save User Permissions Button:38)
	at com.kms.katalon.core.main.ScriptEngine.run(ScriptEngine.java:194)
	at com.kms.katalon.core.main.ScriptEngine.runScriptAsRawText(ScriptEngine.java:119)
	at com.kms.katalon.core.main.TestCaseExecutor.runScript(TestCaseExecutor.java:448)
	at com.kms.katalon.core.main.TestCaseExecutor.doExecute(TestCaseExecutor.java:439)
	at com.kms.katalon.core.main.TestCaseExecutor.processExecutionPhase(TestCaseExecutor.java:418)
	at com.kms.katalon.core.main.TestCaseExecutor.accessMainPhase(TestCaseExecutor.java:410)
	at com.kms.katalon.core.main.TestCaseExecutor.execute(TestCaseExecutor.java:285)
	at com.kms.katalon.core.common.CommonExecutor.accessTestCaseMainPhase(CommonExecutor.java:65)
	at com.kms.katalon.core.main.TestSuiteExecutor.accessTestSuiteMainPhase(TestSuiteExecutor.java:150)
	at com.kms.katalon.core.main.TestSuiteExecutor.execute(TestSuiteExecutor.java:106)
	at com.kms.katalon.core.main.TestCaseMain.startTestSuite(TestCaseMain.java:180)
	at com.kms.katalon.core.main.TestCaseMain$startTestSuite$0.call(Unknown Source)
	at TempTestSuite1761139108993.run(TempTestSuite1761139108993.groovy:35)
	at java.base/jdk.internal.reflect.NativeMethodAccessorImpl.invoke0(Native Method)
	at java.base/jdk.internal.reflect.NativeMethodAccessorImpl.invoke(NativeMethodAccessorImpl.java:77)
	at java.base/jdk.internal.reflect.DelegatingMethodAccessorImpl.invoke(DelegatingMethodAccessorImpl.java:43)
)

22-10-2025T11:42:27 - [MESSAGE][INFO] - Unable to find the element located by 'By.xpath: //*[@id="__BVID__10___BV_modal_footer_"]/button'. Please recheck the objects properties to make sure the desired element is located. 

22-10-2025T11:42:27 - [MESSAGE][WARNING] - [SELF-HEALING] Failed to find element with id 'Object Repository/TripFocus/Testing_Notification_btn'. Try using Self-healing.

22-10-2025T11:42:28 - [MESSAGE][INFO] - [SELF-HEALING] No working XPath is found.

22-10-2025T11:42:30 - [MESSAGE][INFO] - Unable to find the element located by 'By.xpath: '. Please recheck the objects properties to make sure the desired element is located. 

22-10-2025T11:42:30 - [MESSAGE][WARNING] - [SELF-HEALING] Cannot find elements when the selector is null

22-10-2025T11:42:30 - [MESSAGE][WARNING] - Web element with id: 'Object Repository/TripFocus/Testing_Notification_btn' located by '//*[@id="__BVID__10___BV_modal_footer_"]/button' not found (Root cause: com.kms.katalon.core.exception.StepFailedException: Web element with id: 'Object Repository/TripFocus/Testing_Notification_btn' located by '//*[@id="__BVID__10___BV_modal_footer_"]/button' not found
	at com.kms.katalon.core.webui.keyword.internal.WebUIKeywordMain.stepFailed(WebUIKeywordMain.groovy:117)
	at com.kms.katalon.core.webui.keyword.builtin.VerifyElementVisibleKeyword$_verifyElementVisible_closure1.doCall(VerifyElementVisibleKeyword.groovy:89)
	at com.kms.katalon.core.webui.keyword.builtin.VerifyElementVisibleKeyword$_verifyElementVisible_closure1.call(VerifyElementVisibleKeyword.groovy)
	at com.kms.katalon.core.webui.keyword.internal.WebUIKeywordMain.runKeyword(WebUIKeywordMain.groovy:35)
	at com.kms.katalon.core.webui.keyword.builtin.VerifyElementVisibleKeyword.verifyElementVisible(VerifyElementVisibleKeyword.groovy:97)
	at com.kms.katalon.core.webui.keyword.builtin.VerifyElementVisibleKeyword.execute(VerifyElementVisibleKeyword.groovy:67)
	at com.kms.katalon.core.keyword.internal.KeywordExecutor.executeKeywordForPlatform(KeywordExecutor.groovy:74)
	at com.kms.katalon.core.webui.keyword.WebUiBuiltInKeywords.verifyElementVisible(WebUiBuiltInKeywords.groovy:401)
	at com.kms.katalon.core.webui.keyword.WebUiBuiltInKeywords$verifyElementVisible$5.call(Unknown Source)
	at Verify Save User Permissions Button.run(Verify Save User Permissions Button:38)
	at com.kms.katalon.core.main.ScriptEngine.run(ScriptEngine.java:194)
	at com.kms.katalon.core.main.ScriptEngine.runScriptAsRawText(ScriptEngine.java:119)
	at com.kms.katalon.core.main.TestCaseExecutor.runScript(TestCaseExecutor.java:448)
	at com.kms.katalon.core.main.TestCaseExecutor.doExecute(TestCaseExecutor.java:439)
	at com.kms.katalon.core.main.TestCaseExecutor.processExecutionPhase(TestCaseExecutor.java:418)
	at com.kms.katalon.core.main.TestCaseExecutor.accessMainPhase(TestCaseExecutor.java:410)
	at com.kms.katalon.core.main.TestCaseExecutor.execute(TestCaseExecutor.java:285)
	at com.kms.katalon.core.common.CommonExecutor.accessTestCaseMainPhase(CommonExecutor.java:65)
	at com.kms.katalon.core.main.TestSuiteExecutor.accessTestSuiteMainPhase(TestSuiteExecutor.java:150)
	at com.kms.katalon.core.main.TestSuiteExecutor.execute(TestSuiteExecutor.java:106)
	at com.kms.katalon.core.main.TestCaseMain.startTestSuite(TestCaseMain.java:180)
	at com.kms.katalon.core.main.TestCaseMain$startTestSuite$0.call(Unknown Source)
	at TempTestSuite1761139108993.run(TempTestSuite1761139108993.groovy:35)
	at java.base/jdk.internal.reflect.NativeMethodAccessorImpl.invoke0(Native Method)
	at java.base/jdk.internal.reflect.NativeMethodAccessorImpl.invoke(NativeMethodAccessorImpl.java:77)
	at java.base/jdk.internal.reflect.DelegatingMethodAccessorImpl.invoke(DelegatingMethodAccessorImpl.java:43)
)

22-10-2025T11:42:30 - [TEST_STEP][PASSED] - click(findTestObject("Object Repository/TripFocus/Page_TripFocus/a_Users")): Object: 'Object Repository/TripFocus/Page_TripFocus/a_Users' is clicked on

22-10-2025T11:42:30 - [MESSAGE][PASSED] - Object: 'Object Repository/TripFocus/Page_TripFocus/a_Users' is clicked on

22-10-2025T11:42:30 - [TEST_STEP][PASSED] - delay(5): Delayed 5 second(s)

22-10-2025T11:42:35 - [MESSAGE][PASSED] - Delayed 5 second(s)

22-10-2025T11:42:35 - [TEST_STEP][PASSED] - setText(findTestObject("TripFocus/Users/User_Search_txt"), "ashfordSPGTesting"): Text 'ashfordSPGTesting' is set on object 'Object Repository/TripFocus/Users/User_Search_txt'

22-10-2025T11:42:35 - [MESSAGE][PASSED] - Text 'ashfordSPGTesting' is set on object 'Object Repository/TripFocus/Users/User_Search_txt'

22-10-2025T11:42:35 - [TEST_STEP][PASSED] - delay(2): Delayed 2 second(s)

22-10-2025T11:42:37 - [MESSAGE][PASSED] - Delayed 2 second(s)

22-10-2025T11:42:37 - [TEST_STEP][PASSED] - click(findTestObject("Object Repository/TripFocus/Page_TripFocus/button_Edit")): Object: 'Object Repository/TripFocus/Page_TripFocus/button_Edit' is clicked on

22-10-2025T11:42:37 - [MESSAGE][PASSED] - Object: 'Object Repository/TripFocus/Page_TripFocus/button_Edit' is clicked on

22-10-2025T11:42:37 - [TEST_STEP][PASSED] - delay(7): Delayed 7 second(s)

22-10-2025T11:42:44 - [MESSAGE][PASSED] - Delayed 7 second(s)

22-10-2025T11:42:44 - [TEST_STEP][PASSED] - click(findTestObject("TripFocus/Users/Permissions/Permissions_tab")): Object: 'Object Repository/TripFocus/Users/Permissions/Permissions_tab' is clicked on

22-10-2025T11:42:45 - [MESSAGE][PASSED] - Object: 'Object Repository/TripFocus/Users/Permissions/Permissions_tab' is clicked on

22-10-2025T11:42:45 - [TEST_STEP][PASSED] - delay(2): Delayed 2 second(s)

22-10-2025T11:42:47 - [MESSAGE][PASSED] - Delayed 2 second(s)

22-10-2025T11:42:47 - [TEST_STEP][PASSED] - waitForElementVisible(findTestObject("TripFocus/Users/Permissions/Save_User_Permissions_btn_(Use for Non-image)"), 10): Object 'Object Repository/TripFocus/Users/Permissions/Save_User_Permissions_btn_(Use for Non-image)' is visible

22-10-2025T11:42:47 - [MESSAGE][PASSED] - Object 'Object Repository/TripFocus/Users/Permissions/Save_User_Permissions_btn_(Use for Non-image)' is visible

22-10-2025T11:42:47 - [TEST_STEP][PASSED] - verifyElementVisible(findTestObject("TripFocus/Users/Permissions/Save_User_Permissions_btn_(Use for Non-image)"), STOP_ON_FAILURE): Object 'Object Repository/TripFocus/Users/Permissions/Save_User_Permissions_btn_(Use for Non-image)' is visible

22-10-2025T11:42:47 - [MESSAGE][PASSED] - Object 'Object Repository/TripFocus/Users/Permissions/Save_User_Permissions_btn_(Use for Non-image)' is visible

22-10-2025T11:42:47 - [TEST_STEP][PASSED] - Start listener action : retryOnDisconnect: null

22-10-2025T11:42:47 - [TEST_STEP][PASSED] - tcId = testCaseContext.getTestCaseId(): null

22-10-2025T11:42:47 - [TEST_STEP][PASSED] - currentRetry = retryCounts.getOrDefault(tcId, 0): null

22-10-2025T11:42:47 - [TEST_STEP][PASSED] - if (testCaseContext.getTestCaseStatus() == "FAILED" && currentRetry < MAX_RETRIES): null]]></system-out>
         <system-err><![CDATA[]]></system-err>
      </testcase>
      <testcase name="Test Cases/TripFocus/SPG/SPG - UserPage/Edit/Permissions/Verify User Unable To Edit Own Permissions" time="58.102" classname="Test Cases/TripFocus/SPG/SPG - UserPage/Edit/Permissions/Verify User Unable To Edit Own Permissions" status="PASSED">
         <system-out><![CDATA[22-10-2025T11:42:47 - [TEST_CASE][PASSED] - Test Cases/TripFocus/SPG/SPG - UserPage/Edit/Permissions/Verify User Unable To Edit Own Permissions: Test Cases/TripFocus/SPG/SPG - UserPage/Edit/Permissions/Verify User Unable To Edit Own Permissions

22-10-2025T11:42:47 - [TEST_STEP][PASSED] - Start listener action : beforeTestCase: null

22-10-2025T11:42:47 - [TEST_STEP][PASSED] - addDefaultPackages(): null

22-10-2025T11:42:47 - [TEST_STEP][PASSED] - openBrowser(""): Browser is opened with url: ''

22-10-2025T11:42:47 - [MESSAGE][WARNING] - A browser is already opened. Closing browser and opening a new one

22-10-2025T11:42:47 - [MESSAGE][INFO] - Starting 'Chrome' driver

22-10-2025T11:42:47 - [MESSAGE][INFO] - User set preference: ['args', '[--no-sandbox, --disable-gpu, --disable-dev-shm-usage]']

22-10-2025T11:42:47 - [MESSAGE][INFO] - Action delay is set to 0 milliseconds

22-10-2025T11:42:48 - [MESSAGE][PASSED] - Browser is opened with url: ''

22-10-2025T11:42:48 - [TEST_STEP][PASSED] - navigateToUrl(TFBaseURL): Navigate to 'https://www.qa.tripfocus.com' successfully

22-10-2025T11:42:48 - [MESSAGE][PASSED] - Navigate to 'https://www.qa.tripfocus.com' successfully

22-10-2025T11:42:48 - [TEST_STEP][PASSED] - click(findTestObject("Object Repository/TripFocus/Page_TripFocus/button_Sign in")): Object: 'Object Repository/TripFocus/Page_TripFocus/button_Sign in' is clicked on

22-10-2025T11:42:48 - [MESSAGE][PASSED] - Object: 'Object Repository/TripFocus/Page_TripFocus/button_Sign in' is clicked on

22-10-2025T11:42:48 - [TEST_STEP][PASSED] - setText(findTestObject("Object Repository/TripFocus/Page_TripFocus/input_Username (e.g. email address)_Username"), TripFocusSPGUsername): Text 'Ashford.Chenault+QACustomerSPGONLY@thekag.com' is set on object 'Object Repository/TripFocus/Page_TripFocus/input_Username (e.g. email address)_Username'

22-10-2025T11:42:49 - [MESSAGE][PASSED] - Text 'Ashford.Chenault+QACustomerSPGONLY@thekag.com' is set on object 'Object Repository/TripFocus/Page_TripFocus/input_Username (e.g. email address)_Username'

22-10-2025T11:42:49 - [TEST_STEP][PASSED] - setText(findTestObject("Object Repository/TripFocus/Page_TripFocus/input_Password_Password"), TripFocusFDGSPGPassword): Text 'CrashBan911!!' is set on object 'Object Repository/TripFocus/Page_TripFocus/input_Password_Password'

22-10-2025T11:42:49 - [MESSAGE][PASSED] - Text 'CrashBan911!!' is set on object 'Object Repository/TripFocus/Page_TripFocus/input_Password_Password'

22-10-2025T11:42:49 - [TEST_STEP][PASSED] - click(findTestObject("Object Repository/TripFocus/Page_TripFocus/button_Login")): Object: 'Object Repository/TripFocus/Page_TripFocus/button_Login' is clicked on

22-10-2025T11:42:50 - [MESSAGE][PASSED] - Object: 'Object Repository/TripFocus/Page_TripFocus/button_Login' is clicked on

22-10-2025T11:42:50 - [TEST_STEP][PASSED] - maximizeWindow(): Current window maximized

22-10-2025T11:42:50 - [MESSAGE][PASSED] - Current window maximized

22-10-2025T11:42:50 - [TEST_STEP][PASSED] - waitForElementVisible(findTestObject("TripFocus/Testing_Notification_btn"), 15, OPTIONAL): Web element with id: 'Object Repository/TripFocus/Testing_Notification_btn' located by '//*[@id="__BVID__10___BV_modal_footer_"]/button' not found

22-10-2025T11:43:06 - [MESSAGE][INFO] - Unable to find the element located by 'By.xpath: //*[@id="__BVID__10___BV_modal_footer_"]/button'. Please recheck the objects properties to make sure the desired element is located. 

22-10-2025T11:43:06 - [MESSAGE][WARNING] - [SELF-HEALING] Failed to find element with id 'Object Repository/TripFocus/Testing_Notification_btn'. Try using Self-healing.

22-10-2025T11:43:07 - [MESSAGE][INFO] - [SELF-HEALING] No working XPath is found.

22-10-2025T11:43:09 - [MESSAGE][INFO] - Unable to find the element located by 'By.xpath: '. Please recheck the objects properties to make sure the desired element is located. 

22-10-2025T11:43:09 - [MESSAGE][WARNING] - [SELF-HEALING] Cannot find elements when the selector is null

22-10-2025T11:43:09 - [MESSAGE][WARNING] - Web element with id: 'Object Repository/TripFocus/Testing_Notification_btn' located by '//*[@id="__BVID__10___BV_modal_footer_"]/button' not found

22-10-2025T11:43:09 - [TEST_STEP][PASSED] - if (verifyElementVisible(findTestObject("TripFocus/Testing_Notification_btn"), OPTIONAL) == true): Web element with id: 'Object Repository/TripFocus/Testing_Notification_btn' located by '//*[@id="__BVID__10___BV_modal_footer_"]/button' not found (Root cause: com.kms.katalon.core.exception.StepFailedException: Web element with id: 'Object Repository/TripFocus/Testing_Notification_btn' located by '//*[@id="__BVID__10___BV_modal_footer_"]/button' not found
	at com.kms.katalon.core.webui.keyword.internal.WebUIKeywordMain.stepFailed(WebUIKeywordMain.groovy:117)
	at com.kms.katalon.core.webui.keyword.builtin.VerifyElementVisibleKeyword$_verifyElementVisible_closure1.doCall(VerifyElementVisibleKeyword.groovy:89)
	at com.kms.katalon.core.webui.keyword.builtin.VerifyElementVisibleKeyword$_verifyElementVisible_closure1.call(VerifyElementVisibleKeyword.groovy)
	at com.kms.katalon.core.webui.keyword.internal.WebUIKeywordMain.runKeyword(WebUIKeywordMain.groovy:35)
	at com.kms.katalon.core.webui.keyword.builtin.VerifyElementVisibleKeyword.verifyElementVisible(VerifyElementVisibleKeyword.groovy:97)
	at com.kms.katalon.core.webui.keyword.builtin.VerifyElementVisibleKeyword.execute(VerifyElementVisibleKeyword.groovy:67)
	at com.kms.katalon.core.keyword.internal.KeywordExecutor.executeKeywordForPlatform(KeywordExecutor.groovy:74)
	at com.kms.katalon.core.webui.keyword.WebUiBuiltInKeywords.verifyElementVisible(WebUiBuiltInKeywords.groovy:401)
	at com.kms.katalon.core.webui.keyword.WebUiBuiltInKeywords$verifyElementVisible$5.call(Unknown Source)
	at Verify User Unable To Edit Own Permissions.run(Verify User Unable To Edit Own Permissions:38)
	at com.kms.katalon.core.main.ScriptEngine.run(ScriptEngine.java:194)
	at com.kms.katalon.core.main.ScriptEngine.runScriptAsRawText(ScriptEngine.java:119)
	at com.kms.katalon.core.main.TestCaseExecutor.runScript(TestCaseExecutor.java:448)
	at com.kms.katalon.core.main.TestCaseExecutor.doExecute(TestCaseExecutor.java:439)
	at com.kms.katalon.core.main.TestCaseExecutor.processExecutionPhase(TestCaseExecutor.java:418)
	at com.kms.katalon.core.main.TestCaseExecutor.accessMainPhase(TestCaseExecutor.java:410)
	at com.kms.katalon.core.main.TestCaseExecutor.execute(TestCaseExecutor.java:285)
	at com.kms.katalon.core.common.CommonExecutor.accessTestCaseMainPhase(CommonExecutor.java:65)
	at com.kms.katalon.core.main.TestSuiteExecutor.accessTestSuiteMainPhase(TestSuiteExecutor.java:150)
	at com.kms.katalon.core.main.TestSuiteExecutor.execute(TestSuiteExecutor.java:106)
	at com.kms.katalon.core.main.TestCaseMain.startTestSuite(TestCaseMain.java:180)
	at com.kms.katalon.core.main.TestCaseMain$startTestSuite$0.call(Unknown Source)
	at TempTestSuite1761139108993.run(TempTestSuite1761139108993.groovy:35)
	at java.base/jdk.internal.reflect.NativeMethodAccessorImpl.invoke0(Native Method)
	at java.base/jdk.internal.reflect.NativeMethodAccessorImpl.invoke(NativeMethodAccessorImpl.java:77)
	at java.base/jdk.internal.reflect.DelegatingMethodAccessorImpl.invoke(DelegatingMethodAccessorImpl.java:43)
)

22-10-2025T11:43:25 - [MESSAGE][INFO] - Unable to find the element located by 'By.xpath: //*[@id="__BVID__10___BV_modal_footer_"]/button'. Please recheck the objects properties to make sure the desired element is located. 

22-10-2025T11:43:25 - [MESSAGE][WARNING] - [SELF-HEALING] Failed to find element with id 'Object Repository/TripFocus/Testing_Notification_btn'. Try using Self-healing.

22-10-2025T11:43:26 - [MESSAGE][INFO] - [SELF-HEALING] No working XPath is found.

22-10-2025T11:43:28 - [MESSAGE][INFO] - Unable to find the element located by 'By.xpath: '. Please recheck the objects properties to make sure the desired element is located. 

22-10-2025T11:43:28 - [MESSAGE][WARNING] - [SELF-HEALING] Cannot find elements when the selector is null

22-10-2025T11:43:28 - [MESSAGE][WARNING] - Web element with id: 'Object Repository/TripFocus/Testing_Notification_btn' located by '//*[@id="__BVID__10___BV_modal_footer_"]/button' not found (Root cause: com.kms.katalon.core.exception.StepFailedException: Web element with id: 'Object Repository/TripFocus/Testing_Notification_btn' located by '//*[@id="__BVID__10___BV_modal_footer_"]/button' not found
	at com.kms.katalon.core.webui.keyword.internal.WebUIKeywordMain.stepFailed(WebUIKeywordMain.groovy:117)
	at com.kms.katalon.core.webui.keyword.builtin.VerifyElementVisibleKeyword$_verifyElementVisible_closure1.doCall(VerifyElementVisibleKeyword.groovy:89)
	at com.kms.katalon.core.webui.keyword.builtin.VerifyElementVisibleKeyword$_verifyElementVisible_closure1.call(VerifyElementVisibleKeyword.groovy)
	at com.kms.katalon.core.webui.keyword.internal.WebUIKeywordMain.runKeyword(WebUIKeywordMain.groovy:35)
	at com.kms.katalon.core.webui.keyword.builtin.VerifyElementVisibleKeyword.verifyElementVisible(VerifyElementVisibleKeyword.groovy:97)
	at com.kms.katalon.core.webui.keyword.builtin.VerifyElementVisibleKeyword.execute(VerifyElementVisibleKeyword.groovy:67)
	at com.kms.katalon.core.keyword.internal.KeywordExecutor.executeKeywordForPlatform(KeywordExecutor.groovy:74)
	at com.kms.katalon.core.webui.keyword.WebUiBuiltInKeywords.verifyElementVisible(WebUiBuiltInKeywords.groovy:401)
	at com.kms.katalon.core.webui.keyword.WebUiBuiltInKeywords$verifyElementVisible$5.call(Unknown Source)
	at Verify User Unable To Edit Own Permissions.run(Verify User Unable To Edit Own Permissions:38)
	at com.kms.katalon.core.main.ScriptEngine.run(ScriptEngine.java:194)
	at com.kms.katalon.core.main.ScriptEngine.runScriptAsRawText(ScriptEngine.java:119)
	at com.kms.katalon.core.main.TestCaseExecutor.runScript(TestCaseExecutor.java:448)
	at com.kms.katalon.core.main.TestCaseExecutor.doExecute(TestCaseExecutor.java:439)
	at com.kms.katalon.core.main.TestCaseExecutor.processExecutionPhase(TestCaseExecutor.java:418)
	at com.kms.katalon.core.main.TestCaseExecutor.accessMainPhase(TestCaseExecutor.java:410)
	at com.kms.katalon.core.main.TestCaseExecutor.execute(TestCaseExecutor.java:285)
	at com.kms.katalon.core.common.CommonExecutor.accessTestCaseMainPhase(CommonExecutor.java:65)
	at com.kms.katalon.core.main.TestSuiteExecutor.accessTestSuiteMainPhase(TestSuiteExecutor.java:150)
	at com.kms.katalon.core.main.TestSuiteExecutor.execute(TestSuiteExecutor.java:106)
	at com.kms.katalon.core.main.TestCaseMain.startTestSuite(TestCaseMain.java:180)
	at com.kms.katalon.core.main.TestCaseMain$startTestSuite$0.call(Unknown Source)
	at TempTestSuite1761139108993.run(TempTestSuite1761139108993.groovy:35)
	at java.base/jdk.internal.reflect.NativeMethodAccessorImpl.invoke0(Native Method)
	at java.base/jdk.internal.reflect.NativeMethodAccessorImpl.invoke(NativeMethodAccessorImpl.java:77)
	at java.base/jdk.internal.reflect.DelegatingMethodAccessorImpl.invoke(DelegatingMethodAccessorImpl.java:43)
)

22-10-2025T11:43:28 - [TEST_STEP][PASSED] - click(findTestObject("Object Repository/TripFocus/Page_TripFocus/a_Users")): Object: 'Object Repository/TripFocus/Page_TripFocus/a_Users' is clicked on

22-10-2025T11:43:28 - [MESSAGE][PASSED] - Object: 'Object Repository/TripFocus/Page_TripFocus/a_Users' is clicked on

22-10-2025T11:43:28 - [TEST_STEP][PASSED] - delay(5): Delayed 5 second(s)

22-10-2025T11:43:33 - [MESSAGE][PASSED] - Delayed 5 second(s)

22-10-2025T11:43:33 - [TEST_STEP][PASSED] - setText(findTestObject("TripFocus/Users/User_Search_txt"), "Ashford.Chenault+QACustomerSPGONLY"): Text 'Ashford.Chenault+QACustomerSPGONLY' is set on object 'Object Repository/TripFocus/Users/User_Search_txt'

22-10-2025T11:43:33 - [MESSAGE][PASSED] - Text 'Ashford.Chenault+QACustomerSPGONLY' is set on object 'Object Repository/TripFocus/Users/User_Search_txt'

22-10-2025T11:43:33 - [TEST_STEP][PASSED] - delay(2): Delayed 2 second(s)

22-10-2025T11:43:35 - [MESSAGE][PASSED] - Delayed 2 second(s)

22-10-2025T11:43:35 - [TEST_STEP][PASSED] - click(findTestObject("Object Repository/TripFocus/Page_TripFocus/button_Edit")): Object: 'Object Repository/TripFocus/Page_TripFocus/button_Edit' is clicked on

22-10-2025T11:43:35 - [MESSAGE][PASSED] - Object: 'Object Repository/TripFocus/Page_TripFocus/button_Edit' is clicked on

22-10-2025T11:43:35 - [TEST_STEP][PASSED] - delay(7): Delayed 7 second(s)

22-10-2025T11:43:42 - [MESSAGE][PASSED] - Delayed 7 second(s)

22-10-2025T11:43:42 - [TEST_STEP][PASSED] - click(findTestObject("TripFocus/Users/Permissions/Permissions_tab")): Object: 'Object Repository/TripFocus/Users/Permissions/Permissions_tab' is clicked on

22-10-2025T11:43:43 - [MESSAGE][PASSED] - Object: 'Object Repository/TripFocus/Users/Permissions/Permissions_tab' is clicked on

22-10-2025T11:43:43 - [TEST_STEP][PASSED] - delay(2): Delayed 2 second(s)

22-10-2025T11:43:45 - [MESSAGE][PASSED] - Delayed 2 second(s)

22-10-2025T11:43:45 - [TEST_STEP][PASSED] - verifyElementNotPresent(findTestObject("TripFocus/Users/Permissions/Reset_User_Permissions_btn"), 5): Web element with id: 'Object Repository/TripFocus/Users/Permissions/Reset_User_Permissions_btn' located by 'By.xpath: /html/body/div/div[2]/div/main/div/div[2]/div/div/div/div[3]/div[2]/div[2]/div/div/div/div[3]/div/button[2]' is not present after '5' second(s)

22-10-2025T11:43:45 - [MESSAGE][PASSED] - Web element with id: 'Object Repository/TripFocus/Users/Permissions/Reset_User_Permissions_btn' located by 'By.xpath: /html/body/div/div[2]/div/main/div/div[2]/div/div/div/div[3]/div[2]/div[2]/div/div/div/div[3]/div/button[2]' is not present after '5' second(s)

22-10-2025T11:43:45 - [TEST_STEP][PASSED] - verifyElementNotPresent(findTestObject("TripFocus/Users/Permissions/Save_User_Permissions_btn"), 5): Web element with id: 'Object Repository/TripFocus/Users/Permissions/Save_User_Permissions_btn' located by 'By.xpath: /html/body/div/div[2]/div/main/div/div[2]/div/div/div/div[3]/div[2]/div[2]/div/div/div/div[4]/div/button[1]    ' is not present after '5' second(s)

22-10-2025T11:43:45 - [MESSAGE][PASSED] - Web element with id: 'Object Repository/TripFocus/Users/Permissions/Save_User_Permissions_btn' located by 'By.xpath: /html/body/div/div[2]/div/main/div/div[2]/div/div/div/div[3]/div[2]/div[2]/div/div/div/div[4]/div/button[1]    ' is not present after '5' second(s)

22-10-2025T11:43:45 - [TEST_STEP][PASSED] - verifyTextPresent("You are unable to edit your own Permissions, if you feel this information is incorrect, please contact your company administrator.", false): Text 'You are unable to edit your own Permissions, if you feel this information is incorrect, please contact your company administrator.' is present on page 

22-10-2025T11:43:45 - [MESSAGE][PASSED] - Text 'You are unable to edit your own Permissions, if you feel this information is incorrect, please contact your company administrator.' is present on page 

22-10-2025T11:43:45 - [TEST_STEP][PASSED] - Start listener action : retryOnDisconnect: null

22-10-2025T11:43:45 - [TEST_STEP][PASSED] - tcId = testCaseContext.getTestCaseId(): null

22-10-2025T11:43:45 - [TEST_STEP][PASSED] - currentRetry = retryCounts.getOrDefault(tcId, 0): null

22-10-2025T11:43:45 - [TEST_STEP][PASSED] - if (testCaseContext.getTestCaseStatus() == "FAILED" && currentRetry < MAX_RETRIES): null]]></system-out>
         <system-err><![CDATA[]]></system-err>
      </testcase>
      <testcase name="Test Cases/TripFocus/SPG/SPG - UserPage/Edit/User Info/Reset User Info" time="58.881" classname="Test Cases/TripFocus/SPG/SPG - UserPage/Edit/User Info/Reset User Info" status="PASSED">
         <system-out><![CDATA[22-10-2025T11:43:45 - [TEST_CASE][PASSED] - Test Cases/TripFocus/SPG/SPG - UserPage/Edit/User Info/Reset User Info: Test Cases/TripFocus/SPG/SPG - UserPage/Edit/User Info/Reset User Info

22-10-2025T11:43:45 - [TEST_STEP][PASSED] - Start listener action : beforeTestCase: null

22-10-2025T11:43:45 - [TEST_STEP][PASSED] - addDefaultPackages(): null

22-10-2025T11:43:45 - [TEST_STEP][PASSED] - openBrowser(""): Browser is opened with url: ''

22-10-2025T11:43:45 - [MESSAGE][WARNING] - A browser is already opened. Closing browser and opening a new one

22-10-2025T11:43:45 - [MESSAGE][INFO] - Starting 'Chrome' driver

22-10-2025T11:43:45 - [MESSAGE][INFO] - User set preference: ['args', '[--no-sandbox, --disable-gpu, --disable-dev-shm-usage]']

22-10-2025T11:43:45 - [MESSAGE][INFO] - Action delay is set to 0 milliseconds

22-10-2025T11:43:46 - [MESSAGE][PASSED] - Browser is opened with url: ''

22-10-2025T11:43:46 - [TEST_STEP][PASSED] - navigateToUrl(TFBaseURL): Navigate to 'https://www.qa.tripfocus.com' successfully

22-10-2025T11:43:46 - [MESSAGE][PASSED] - Navigate to 'https://www.qa.tripfocus.com' successfully

22-10-2025T11:43:46 - [TEST_STEP][PASSED] - click(findTestObject("Object Repository/TripFocus/Page_TripFocus/button_Sign in")): Object: 'Object Repository/TripFocus/Page_TripFocus/button_Sign in' is clicked on

22-10-2025T11:43:46 - [MESSAGE][PASSED] - Object: 'Object Repository/TripFocus/Page_TripFocus/button_Sign in' is clicked on

22-10-2025T11:43:46 - [TEST_STEP][PASSED] - setText(findTestObject("Object Repository/TripFocus/Page_TripFocus/input_Username (e.g. email address)_Username"), TripFocusBleachTechSPGUsername): Text 'Ashford.Chenault+BleachtechCustomerSPGONLY@thekag.com' is set on object 'Object Repository/TripFocus/Page_TripFocus/input_Username (e.g. email address)_Username'

22-10-2025T11:43:47 - [MESSAGE][PASSED] - Text 'Ashford.Chenault+BleachtechCustomerSPGONLY@thekag.com' is set on object 'Object Repository/TripFocus/Page_TripFocus/input_Username (e.g. email address)_Username'

22-10-2025T11:43:47 - [TEST_STEP][PASSED] - setText(findTestObject("Object Repository/TripFocus/Page_TripFocus/input_Password_Password"), TripFocusFDGSPGPassword): Text 'CrashBan911!!' is set on object 'Object Repository/TripFocus/Page_TripFocus/input_Password_Password'

22-10-2025T11:43:47 - [MESSAGE][PASSED] - Text 'CrashBan911!!' is set on object 'Object Repository/TripFocus/Page_TripFocus/input_Password_Password'

22-10-2025T11:43:47 - [TEST_STEP][PASSED] - click(findTestObject("Object Repository/TripFocus/Page_TripFocus/button_Login")): Object: 'Object Repository/TripFocus/Page_TripFocus/button_Login' is clicked on

22-10-2025T11:43:48 - [MESSAGE][PASSED] - Object: 'Object Repository/TripFocus/Page_TripFocus/button_Login' is clicked on

22-10-2025T11:43:48 - [TEST_STEP][PASSED] - maximizeWindow(): Current window maximized

22-10-2025T11:43:48 - [MESSAGE][PASSED] - Current window maximized

22-10-2025T11:43:48 - [TEST_STEP][PASSED] - waitForElementVisible(findTestObject("TripFocus/Testing_Notification_btn"), 15, OPTIONAL): Web element with id: 'Object Repository/TripFocus/Testing_Notification_btn' located by '//*[@id="__BVID__10___BV_modal_footer_"]/button' not found

22-10-2025T11:44:04 - [MESSAGE][INFO] - Unable to find the element located by 'By.xpath: //*[@id="__BVID__10___BV_modal_footer_"]/button'. Please recheck the objects properties to make sure the desired element is located. 

22-10-2025T11:44:04 - [MESSAGE][WARNING] - [SELF-HEALING] Failed to find element with id 'Object Repository/TripFocus/Testing_Notification_btn'. Try using Self-healing.

22-10-2025T11:44:05 - [MESSAGE][INFO] - [SELF-HEALING] No working XPath is found.

22-10-2025T11:44:07 - [MESSAGE][INFO] - Unable to find the element located by 'By.xpath: '. Please recheck the objects properties to make sure the desired element is located. 

22-10-2025T11:44:07 - [MESSAGE][WARNING] - [SELF-HEALING] Cannot find elements when the selector is null

22-10-2025T11:44:07 - [MESSAGE][WARNING] - Web element with id: 'Object Repository/TripFocus/Testing_Notification_btn' located by '//*[@id="__BVID__10___BV_modal_footer_"]/button' not found

22-10-2025T11:44:07 - [TEST_STEP][PASSED] - if (verifyElementVisible(findTestObject("TripFocus/Testing_Notification_btn"), OPTIONAL) == true): Web element with id: 'Object Repository/TripFocus/Testing_Notification_btn' located by '//*[@id="__BVID__10___BV_modal_footer_"]/button' not found (Root cause: com.kms.katalon.core.exception.StepFailedException: Web element with id: 'Object Repository/TripFocus/Testing_Notification_btn' located by '//*[@id="__BVID__10___BV_modal_footer_"]/button' not found
	at com.kms.katalon.core.webui.keyword.internal.WebUIKeywordMain.stepFailed(WebUIKeywordMain.groovy:117)
	at com.kms.katalon.core.webui.keyword.builtin.VerifyElementVisibleKeyword$_verifyElementVisible_closure1.doCall(VerifyElementVisibleKeyword.groovy:89)
	at com.kms.katalon.core.webui.keyword.builtin.VerifyElementVisibleKeyword$_verifyElementVisible_closure1.call(VerifyElementVisibleKeyword.groovy)
	at com.kms.katalon.core.webui.keyword.internal.WebUIKeywordMain.runKeyword(WebUIKeywordMain.groovy:35)
	at com.kms.katalon.core.webui.keyword.builtin.VerifyElementVisibleKeyword.verifyElementVisible(VerifyElementVisibleKeyword.groovy:97)
	at com.kms.katalon.core.webui.keyword.builtin.VerifyElementVisibleKeyword.execute(VerifyElementVisibleKeyword.groovy:67)
	at com.kms.katalon.core.keyword.internal.KeywordExecutor.executeKeywordForPlatform(KeywordExecutor.groovy:74)
	at com.kms.katalon.core.webui.keyword.WebUiBuiltInKeywords.verifyElementVisible(WebUiBuiltInKeywords.groovy:401)
	at com.kms.katalon.core.webui.keyword.WebUiBuiltInKeywords$verifyElementVisible$5.call(Unknown Source)
	at Reset User Info.run(Reset User Info:38)
	at com.kms.katalon.core.main.ScriptEngine.run(ScriptEngine.java:194)
	at com.kms.katalon.core.main.ScriptEngine.runScriptAsRawText(ScriptEngine.java:119)
	at com.kms.katalon.core.main.TestCaseExecutor.runScript(TestCaseExecutor.java:448)
	at com.kms.katalon.core.main.TestCaseExecutor.doExecute(TestCaseExecutor.java:439)
	at com.kms.katalon.core.main.TestCaseExecutor.processExecutionPhase(TestCaseExecutor.java:418)
	at com.kms.katalon.core.main.TestCaseExecutor.accessMainPhase(TestCaseExecutor.java:410)
	at com.kms.katalon.core.main.TestCaseExecutor.execute(TestCaseExecutor.java:285)
	at com.kms.katalon.core.common.CommonExecutor.accessTestCaseMainPhase(CommonExecutor.java:65)
	at com.kms.katalon.core.main.TestSuiteExecutor.accessTestSuiteMainPhase(TestSuiteExecutor.java:150)
	at com.kms.katalon.core.main.TestSuiteExecutor.execute(TestSuiteExecutor.java:106)
	at com.kms.katalon.core.main.TestCaseMain.startTestSuite(TestCaseMain.java:180)
	at com.kms.katalon.core.main.TestCaseMain$startTestSuite$0.call(Unknown Source)
	at TempTestSuite1761139108993.run(TempTestSuite1761139108993.groovy:35)
	at java.base/jdk.internal.reflect.NativeMethodAccessorImpl.invoke0(Native Method)
	at java.base/jdk.internal.reflect.NativeMethodAccessorImpl.invoke(NativeMethodAccessorImpl.java:77)
	at java.base/jdk.internal.reflect.DelegatingMethodAccessorImpl.invoke(DelegatingMethodAccessorImpl.java:43)
)

22-10-2025T11:44:23 - [MESSAGE][INFO] - Unable to find the element located by 'By.xpath: //*[@id="__BVID__10___BV_modal_footer_"]/button'. Please recheck the objects properties to make sure the desired element is located. 

22-10-2025T11:44:23 - [MESSAGE][WARNING] - [SELF-HEALING] Failed to find element with id 'Object Repository/TripFocus/Testing_Notification_btn'. Try using Self-healing.

22-10-2025T11:44:24 - [MESSAGE][INFO] - [SELF-HEALING] No working XPath is found.

22-10-2025T11:44:26 - [MESSAGE][INFO] - Unable to find the element located by 'By.xpath: '. Please recheck the objects properties to make sure the desired element is located. 

22-10-2025T11:44:26 - [MESSAGE][WARNING] - [SELF-HEALING] Cannot find elements when the selector is null

22-10-2025T11:44:26 - [MESSAGE][WARNING] - Web element with id: 'Object Repository/TripFocus/Testing_Notification_btn' located by '//*[@id="__BVID__10___BV_modal_footer_"]/button' not found (Root cause: com.kms.katalon.core.exception.StepFailedException: Web element with id: 'Object Repository/TripFocus/Testing_Notification_btn' located by '//*[@id="__BVID__10___BV_modal_footer_"]/button' not found
	at com.kms.katalon.core.webui.keyword.internal.WebUIKeywordMain.stepFailed(WebUIKeywordMain.groovy:117)
	at com.kms.katalon.core.webui.keyword.builtin.VerifyElementVisibleKeyword$_verifyElementVisible_closure1.doCall(VerifyElementVisibleKeyword.groovy:89)
	at com.kms.katalon.core.webui.keyword.builtin.VerifyElementVisibleKeyword$_verifyElementVisible_closure1.call(VerifyElementVisibleKeyword.groovy)
	at com.kms.katalon.core.webui.keyword.internal.WebUIKeywordMain.runKeyword(WebUIKeywordMain.groovy:35)
	at com.kms.katalon.core.webui.keyword.builtin.VerifyElementVisibleKeyword.verifyElementVisible(VerifyElementVisibleKeyword.groovy:97)
	at com.kms.katalon.core.webui.keyword.builtin.VerifyElementVisibleKeyword.execute(VerifyElementVisibleKeyword.groovy:67)
	at com.kms.katalon.core.keyword.internal.KeywordExecutor.executeKeywordForPlatform(KeywordExecutor.groovy:74)
	at com.kms.katalon.core.webui.keyword.WebUiBuiltInKeywords.verifyElementVisible(WebUiBuiltInKeywords.groovy:401)
	at com.kms.katalon.core.webui.keyword.WebUiBuiltInKeywords$verifyElementVisible$5.call(Unknown Source)
	at Reset User Info.run(Reset User Info:38)
	at com.kms.katalon.core.main.ScriptEngine.run(ScriptEngine.java:194)
	at com.kms.katalon.core.main.ScriptEngine.runScriptAsRawText(ScriptEngine.java:119)
	at com.kms.katalon.core.main.TestCaseExecutor.runScript(TestCaseExecutor.java:448)
	at com.kms.katalon.core.main.TestCaseExecutor.doExecute(TestCaseExecutor.java:439)
	at com.kms.katalon.core.main.TestCaseExecutor.processExecutionPhase(TestCaseExecutor.java:418)
	at com.kms.katalon.core.main.TestCaseExecutor.accessMainPhase(TestCaseExecutor.java:410)
	at com.kms.katalon.core.main.TestCaseExecutor.execute(TestCaseExecutor.java:285)
	at com.kms.katalon.core.common.CommonExecutor.accessTestCaseMainPhase(CommonExecutor.java:65)
	at com.kms.katalon.core.main.TestSuiteExecutor.accessTestSuiteMainPhase(TestSuiteExecutor.java:150)
	at com.kms.katalon.core.main.TestSuiteExecutor.execute(TestSuiteExecutor.java:106)
	at com.kms.katalon.core.main.TestCaseMain.startTestSuite(TestCaseMain.java:180)
	at com.kms.katalon.core.main.TestCaseMain$startTestSuite$0.call(Unknown Source)
	at TempTestSuite1761139108993.run(TempTestSuite1761139108993.groovy:35)
	at java.base/jdk.internal.reflect.NativeMethodAccessorImpl.invoke0(Native Method)
	at java.base/jdk.internal.reflect.NativeMethodAccessorImpl.invoke(NativeMethodAccessorImpl.java:77)
	at java.base/jdk.internal.reflect.DelegatingMethodAccessorImpl.invoke(DelegatingMethodAccessorImpl.java:43)
)

22-10-2025T11:44:26 - [TEST_STEP][PASSED] - click(findTestObject("Object Repository/TripFocus/Page_TripFocus/a_Users")): Object: 'Object Repository/TripFocus/Page_TripFocus/a_Users' is clicked on

22-10-2025T11:44:26 - [MESSAGE][PASSED] - Object: 'Object Repository/TripFocus/Page_TripFocus/a_Users' is clicked on

22-10-2025T11:44:26 - [TEST_STEP][PASSED] - delay(5): Delayed 5 second(s)

22-10-2025T11:44:31 - [MESSAGE][PASSED] - Delayed 5 second(s)

22-10-2025T11:44:31 - [TEST_STEP][PASSED] - setText(findTestObject("TripFocus/Users/User_Search_txt"), "ashfordSPGTesting"): Text 'ashfordSPGTesting' is set on object 'Object Repository/TripFocus/Users/User_Search_txt'

22-10-2025T11:44:31 - [MESSAGE][PASSED] - Text 'ashfordSPGTesting' is set on object 'Object Repository/TripFocus/Users/User_Search_txt'

22-10-2025T11:44:31 - [TEST_STEP][PASSED] - delay(2): Delayed 2 second(s)

22-10-2025T11:44:33 - [MESSAGE][PASSED] - Delayed 2 second(s)

22-10-2025T11:44:33 - [TEST_STEP][PASSED] - click(findTestObject("Object Repository/TripFocus/Page_TripFocus/button_Edit")): Object: 'Object Repository/TripFocus/Page_TripFocus/button_Edit' is clicked on

22-10-2025T11:44:33 - [MESSAGE][PASSED] - Object: 'Object Repository/TripFocus/Page_TripFocus/button_Edit' is clicked on

22-10-2025T11:44:33 - [TEST_STEP][PASSED] - delay(7): Delayed 7 second(s)

22-10-2025T11:44:40 - [MESSAGE][PASSED] - Delayed 7 second(s)

22-10-2025T11:44:40 - [TEST_STEP][PASSED] - click(findTestObject("TripFocus/Users/User Info/User_Info_tab"), STOP_ON_FAILURE): Object: 'Object Repository/TripFocus/Users/User Info/User_Info_tab' is clicked on

22-10-2025T11:44:40 - [MESSAGE][PASSED] - Object: 'Object Repository/TripFocus/Users/User Info/User_Info_tab' is clicked on

22-10-2025T11:44:40 - [TEST_STEP][PASSED] - delay(1): Delayed 1 second(s)

22-10-2025T11:44:41 - [MESSAGE][PASSED] - Delayed 1 second(s)

22-10-2025T11:44:41 - [TEST_STEP][PASSED] - clearText(findTestObject("TripFocus/Users/User Info/Phone_Number_txt"), STOP_ON_FAILURE): Text of object 'Object Repository/TripFocus/Users/User Info/Phone_Number_txt' is cleared

22-10-2025T11:44:41 - [MESSAGE][PASSED] - Text of object 'Object Repository/TripFocus/Users/User Info/Phone_Number_txt' is cleared

22-10-2025T11:44:41 - [TEST_STEP][PASSED] - sendKeys(findTestObject("TripFocus/Users/User Info/Phone_Number_txt"), "2313308004"): Keys '2313308004' sent to object: 'Object Repository/TripFocus/Users/User Info/Phone_Number_txt'

22-10-2025T11:44:42 - [MESSAGE][PASSED] - Keys '2313308004' sent to object: 'Object Repository/TripFocus/Users/User Info/Phone_Number_txt'

22-10-2025T11:44:42 - [TEST_STEP][PASSED] - delay(1): Delayed 1 second(s)

22-10-2025T11:44:43 - [MESSAGE][PASSED] - Delayed 1 second(s)

22-10-2025T11:44:43 - [TEST_STEP][PASSED] - click(findTestObject("TripFocus/Users/User Info/Reset_User_Information_btn"), STOP_ON_FAILURE): Object: 'Object Repository/TripFocus/Users/User Info/Reset_User_Information_btn' is clicked on

22-10-2025T11:44:43 - [MESSAGE][PASSED] - Object: 'Object Repository/TripFocus/Users/User Info/Reset_User_Information_btn' is clicked on

22-10-2025T11:44:43 - [TEST_STEP][PASSED] - delay(1): Delayed 1 second(s)

22-10-2025T11:44:44 - [MESSAGE][PASSED] - Delayed 1 second(s)

22-10-2025T11:44:44 - [TEST_STEP][PASSED] - Start listener action : retryOnDisconnect: null

22-10-2025T11:44:44 - [TEST_STEP][PASSED] - tcId = testCaseContext.getTestCaseId(): null

22-10-2025T11:44:44 - [TEST_STEP][PASSED] - currentRetry = retryCounts.getOrDefault(tcId, 0): null

22-10-2025T11:44:44 - [TEST_STEP][PASSED] - if (testCaseContext.getTestCaseStatus() == "FAILED" && currentRetry < MAX_RETRIES): null]]></system-out>
         <system-err><![CDATA[]]></system-err>
      </testcase>
      <testcase name="Test Cases/TripFocus/SPG/SPG - UserPage/Edit/User Info/Updating First Name User Info" time="59.479" classname="Test Cases/TripFocus/SPG/SPG - UserPage/Edit/User Info/Updating First Name User Info" status="PASSED">
         <system-out><![CDATA[22-10-2025T11:44:44 - [TEST_CASE][PASSED] - Test Cases/TripFocus/SPG/SPG - UserPage/Edit/User Info/Updating First Name User Info: Test Cases/TripFocus/SPG/SPG - UserPage/Edit/User Info/Updating First Name User Info

22-10-2025T11:44:44 - [TEST_STEP][PASSED] - Start listener action : beforeTestCase: null

22-10-2025T11:44:44 - [TEST_STEP][PASSED] - addDefaultPackages(): null

22-10-2025T11:44:44 - [TEST_STEP][PASSED] - openBrowser(""): Browser is opened with url: ''

22-10-2025T11:44:44 - [MESSAGE][WARNING] - A browser is already opened. Closing browser and opening a new one

22-10-2025T11:44:44 - [MESSAGE][INFO] - Starting 'Chrome' driver

22-10-2025T11:44:44 - [MESSAGE][INFO] - User set preference: ['args', '[--no-sandbox, --disable-gpu, --disable-dev-shm-usage]']

22-10-2025T11:44:44 - [MESSAGE][INFO] - Action delay is set to 0 milliseconds

22-10-2025T11:44:45 - [MESSAGE][PASSED] - Browser is opened with url: ''

22-10-2025T11:44:45 - [TEST_STEP][PASSED] - navigateToUrl(TFBaseURL): Navigate to 'https://www.qa.tripfocus.com' successfully

22-10-2025T11:44:45 - [MESSAGE][PASSED] - Navigate to 'https://www.qa.tripfocus.com' successfully

22-10-2025T11:44:45 - [TEST_STEP][PASSED] - click(findTestObject("Object Repository/TripFocus/Page_TripFocus/button_Sign in")): Object: 'Object Repository/TripFocus/Page_TripFocus/button_Sign in' is clicked on

22-10-2025T11:44:45 - [MESSAGE][PASSED] - Object: 'Object Repository/TripFocus/Page_TripFocus/button_Sign in' is clicked on

22-10-2025T11:44:45 - [TEST_STEP][PASSED] - setText(findTestObject("Object Repository/TripFocus/Page_TripFocus/input_Username (e.g. email address)_Username"), TripFocusBleachTechSPGUsername): Text 'Ashford.Chenault+BleachtechCustomerSPGONLY@thekag.com' is set on object 'Object Repository/TripFocus/Page_TripFocus/input_Username (e.g. email address)_Username'

22-10-2025T11:44:46 - [MESSAGE][PASSED] - Text 'Ashford.Chenault+BleachtechCustomerSPGONLY@thekag.com' is set on object 'Object Repository/TripFocus/Page_TripFocus/input_Username (e.g. email address)_Username'

22-10-2025T11:44:46 - [TEST_STEP][PASSED] - setText(findTestObject("Object Repository/TripFocus/Page_TripFocus/input_Password_Password"), TripFocusFDGSPGPassword): Text 'CrashBan911!!' is set on object 'Object Repository/TripFocus/Page_TripFocus/input_Password_Password'

22-10-2025T11:44:46 - [MESSAGE][PASSED] - Text 'CrashBan911!!' is set on object 'Object Repository/TripFocus/Page_TripFocus/input_Password_Password'

22-10-2025T11:44:46 - [TEST_STEP][PASSED] - click(findTestObject("Object Repository/TripFocus/Page_TripFocus/button_Login")): Object: 'Object Repository/TripFocus/Page_TripFocus/button_Login' is clicked on

22-10-2025T11:44:46 - [MESSAGE][PASSED] - Object: 'Object Repository/TripFocus/Page_TripFocus/button_Login' is clicked on

22-10-2025T11:44:46 - [TEST_STEP][PASSED] - maximizeWindow(): Current window maximized

22-10-2025T11:44:47 - [MESSAGE][PASSED] - Current window maximized

22-10-2025T11:44:47 - [TEST_STEP][PASSED] - waitForElementVisible(findTestObject("TripFocus/Testing_Notification_btn"), 15, OPTIONAL): Web element with id: 'Object Repository/TripFocus/Testing_Notification_btn' located by '//*[@id="__BVID__10___BV_modal_footer_"]/button' not found

22-10-2025T11:45:03 - [MESSAGE][INFO] - Unable to find the element located by 'By.xpath: //*[@id="__BVID__10___BV_modal_footer_"]/button'. Please recheck the objects properties to make sure the desired element is located. 

22-10-2025T11:45:03 - [MESSAGE][WARNING] - [SELF-HEALING] Failed to find element with id 'Object Repository/TripFocus/Testing_Notification_btn'. Try using Self-healing.

22-10-2025T11:45:04 - [MESSAGE][INFO] - [SELF-HEALING] No working XPath is found.

22-10-2025T11:45:06 - [MESSAGE][INFO] - Unable to find the element located by 'By.xpath: '. Please recheck the objects properties to make sure the desired element is located. 

22-10-2025T11:45:06 - [MESSAGE][WARNING] - [SELF-HEALING] Cannot find elements when the selector is null

22-10-2025T11:45:06 - [MESSAGE][WARNING] - Web element with id: 'Object Repository/TripFocus/Testing_Notification_btn' located by '//*[@id="__BVID__10___BV_modal_footer_"]/button' not found

22-10-2025T11:45:06 - [TEST_STEP][PASSED] - if (verifyElementVisible(findTestObject("TripFocus/Testing_Notification_btn"), OPTIONAL) == true): Web element with id: 'Object Repository/TripFocus/Testing_Notification_btn' located by '//*[@id="__BVID__10___BV_modal_footer_"]/button' not found (Root cause: com.kms.katalon.core.exception.StepFailedException: Web element with id: 'Object Repository/TripFocus/Testing_Notification_btn' located by '//*[@id="__BVID__10___BV_modal_footer_"]/button' not found
	at com.kms.katalon.core.webui.keyword.internal.WebUIKeywordMain.stepFailed(WebUIKeywordMain.groovy:117)
	at com.kms.katalon.core.webui.keyword.builtin.VerifyElementVisibleKeyword$_verifyElementVisible_closure1.doCall(VerifyElementVisibleKeyword.groovy:89)
	at com.kms.katalon.core.webui.keyword.builtin.VerifyElementVisibleKeyword$_verifyElementVisible_closure1.call(VerifyElementVisibleKeyword.groovy)
	at com.kms.katalon.core.webui.keyword.internal.WebUIKeywordMain.runKeyword(WebUIKeywordMain.groovy:35)
	at com.kms.katalon.core.webui.keyword.builtin.VerifyElementVisibleKeyword.verifyElementVisible(VerifyElementVisibleKeyword.groovy:97)
	at com.kms.katalon.core.webui.keyword.builtin.VerifyElementVisibleKeyword.execute(VerifyElementVisibleKeyword.groovy:67)
	at com.kms.katalon.core.keyword.internal.KeywordExecutor.executeKeywordForPlatform(KeywordExecutor.groovy:74)
	at com.kms.katalon.core.webui.keyword.WebUiBuiltInKeywords.verifyElementVisible(WebUiBuiltInKeywords.groovy:401)
	at com.kms.katalon.core.webui.keyword.WebUiBuiltInKeywords$verifyElementVisible$5.call(Unknown Source)
	at Updating First Name User Info.run(Updating First Name User Info:38)
	at com.kms.katalon.core.main.ScriptEngine.run(ScriptEngine.java:194)
	at com.kms.katalon.core.main.ScriptEngine.runScriptAsRawText(ScriptEngine.java:119)
	at com.kms.katalon.core.main.TestCaseExecutor.runScript(TestCaseExecutor.java:448)
	at com.kms.katalon.core.main.TestCaseExecutor.doExecute(TestCaseExecutor.java:439)
	at com.kms.katalon.core.main.TestCaseExecutor.processExecutionPhase(TestCaseExecutor.java:418)
	at com.kms.katalon.core.main.TestCaseExecutor.accessMainPhase(TestCaseExecutor.java:410)
	at com.kms.katalon.core.main.TestCaseExecutor.execute(TestCaseExecutor.java:285)
	at com.kms.katalon.core.common.CommonExecutor.accessTestCaseMainPhase(CommonExecutor.java:65)
	at com.kms.katalon.core.main.TestSuiteExecutor.accessTestSuiteMainPhase(TestSuiteExecutor.java:150)
	at com.kms.katalon.core.main.TestSuiteExecutor.execute(TestSuiteExecutor.java:106)
	at com.kms.katalon.core.main.TestCaseMain.startTestSuite(TestCaseMain.java:180)
	at com.kms.katalon.core.main.TestCaseMain$startTestSuite$0.call(Unknown Source)
	at TempTestSuite1761139108993.run(TempTestSuite1761139108993.groovy:35)
	at java.base/jdk.internal.reflect.NativeMethodAccessorImpl.invoke0(Native Method)
	at java.base/jdk.internal.reflect.NativeMethodAccessorImpl.invoke(NativeMethodAccessorImpl.java:77)
	at java.base/jdk.internal.reflect.DelegatingMethodAccessorImpl.invoke(DelegatingMethodAccessorImpl.java:43)
)

22-10-2025T11:45:22 - [MESSAGE][INFO] - Unable to find the element located by 'By.xpath: //*[@id="__BVID__10___BV_modal_footer_"]/button'. Please recheck the objects properties to make sure the desired element is located. 

22-10-2025T11:45:22 - [MESSAGE][WARNING] - [SELF-HEALING] Failed to find element with id 'Object Repository/TripFocus/Testing_Notification_btn'. Try using Self-healing.

22-10-2025T11:45:23 - [MESSAGE][INFO] - [SELF-HEALING] No working XPath is found.

22-10-2025T11:45:25 - [MESSAGE][INFO] - Unable to find the element located by 'By.xpath: '. Please recheck the objects properties to make sure the desired element is located. 

22-10-2025T11:45:25 - [MESSAGE][WARNING] - [SELF-HEALING] Cannot find elements when the selector is null

22-10-2025T11:45:25 - [MESSAGE][WARNING] - Web element with id: 'Object Repository/TripFocus/Testing_Notification_btn' located by '//*[@id="__BVID__10___BV_modal_footer_"]/button' not found (Root cause: com.kms.katalon.core.exception.StepFailedException: Web element with id: 'Object Repository/TripFocus/Testing_Notification_btn' located by '//*[@id="__BVID__10___BV_modal_footer_"]/button' not found
	at com.kms.katalon.core.webui.keyword.internal.WebUIKeywordMain.stepFailed(WebUIKeywordMain.groovy:117)
	at com.kms.katalon.core.webui.keyword.builtin.VerifyElementVisibleKeyword$_verifyElementVisible_closure1.doCall(VerifyElementVisibleKeyword.groovy:89)
	at com.kms.katalon.core.webui.keyword.builtin.VerifyElementVisibleKeyword$_verifyElementVisible_closure1.call(VerifyElementVisibleKeyword.groovy)
	at com.kms.katalon.core.webui.keyword.internal.WebUIKeywordMain.runKeyword(WebUIKeywordMain.groovy:35)
	at com.kms.katalon.core.webui.keyword.builtin.VerifyElementVisibleKeyword.verifyElementVisible(VerifyElementVisibleKeyword.groovy:97)
	at com.kms.katalon.core.webui.keyword.builtin.VerifyElementVisibleKeyword.execute(VerifyElementVisibleKeyword.groovy:67)
	at com.kms.katalon.core.keyword.internal.KeywordExecutor.executeKeywordForPlatform(KeywordExecutor.groovy:74)
	at com.kms.katalon.core.webui.keyword.WebUiBuiltInKeywords.verifyElementVisible(WebUiBuiltInKeywords.groovy:401)
	at com.kms.katalon.core.webui.keyword.WebUiBuiltInKeywords$verifyElementVisible$5.call(Unknown Source)
	at Updating First Name User Info.run(Updating First Name User Info:38)
	at com.kms.katalon.core.main.ScriptEngine.run(ScriptEngine.java:194)
	at com.kms.katalon.core.main.ScriptEngine.runScriptAsRawText(ScriptEngine.java:119)
	at com.kms.katalon.core.main.TestCaseExecutor.runScript(TestCaseExecutor.java:448)
	at com.kms.katalon.core.main.TestCaseExecutor.doExecute(TestCaseExecutor.java:439)
	at com.kms.katalon.core.main.TestCaseExecutor.processExecutionPhase(TestCaseExecutor.java:418)
	at com.kms.katalon.core.main.TestCaseExecutor.accessMainPhase(TestCaseExecutor.java:410)
	at com.kms.katalon.core.main.TestCaseExecutor.execute(TestCaseExecutor.java:285)
	at com.kms.katalon.core.common.CommonExecutor.accessTestCaseMainPhase(CommonExecutor.java:65)
	at com.kms.katalon.core.main.TestSuiteExecutor.accessTestSuiteMainPhase(TestSuiteExecutor.java:150)
	at com.kms.katalon.core.main.TestSuiteExecutor.execute(TestSuiteExecutor.java:106)
	at com.kms.katalon.core.main.TestCaseMain.startTestSuite(TestCaseMain.java:180)
	at com.kms.katalon.core.main.TestCaseMain$startTestSuite$0.call(Unknown Source)
	at TempTestSuite1761139108993.run(TempTestSuite1761139108993.groovy:35)
	at java.base/jdk.internal.reflect.NativeMethodAccessorImpl.invoke0(Native Method)
	at java.base/jdk.internal.reflect.NativeMethodAccessorImpl.invoke(NativeMethodAccessorImpl.java:77)
	at java.base/jdk.internal.reflect.DelegatingMethodAccessorImpl.invoke(DelegatingMethodAccessorImpl.java:43)
)

22-10-2025T11:45:25 - [TEST_STEP][PASSED] - click(findTestObject("Object Repository/TripFocus/Page_TripFocus/a_Users")): Object: 'Object Repository/TripFocus/Page_TripFocus/a_Users' is clicked on

22-10-2025T11:45:25 - [MESSAGE][PASSED] - Object: 'Object Repository/TripFocus/Page_TripFocus/a_Users' is clicked on

22-10-2025T11:45:25 - [TEST_STEP][PASSED] - delay(5): Delayed 5 second(s)

22-10-2025T11:45:30 - [MESSAGE][PASSED] - Delayed 5 second(s)

22-10-2025T11:45:30 - [TEST_STEP][PASSED] - setText(findTestObject("TripFocus/Users/User_Search_txt"), "ashfordSPGTesting"): Text 'ashfordSPGTesting' is set on object 'Object Repository/TripFocus/Users/User_Search_txt'

22-10-2025T11:45:30 - [MESSAGE][PASSED] - Text 'ashfordSPGTesting' is set on object 'Object Repository/TripFocus/Users/User_Search_txt'

22-10-2025T11:45:30 - [TEST_STEP][PASSED] - delay(2): Delayed 2 second(s)

22-10-2025T11:45:32 - [MESSAGE][PASSED] - Delayed 2 second(s)

22-10-2025T11:45:32 - [TEST_STEP][PASSED] - click(findTestObject("Object Repository/TripFocus/Page_TripFocus/button_Edit")): Object: 'Object Repository/TripFocus/Page_TripFocus/button_Edit' is clicked on

22-10-2025T11:45:33 - [MESSAGE][PASSED] - Object: 'Object Repository/TripFocus/Page_TripFocus/button_Edit' is clicked on

22-10-2025T11:45:33 - [TEST_STEP][PASSED] - delay(7): Delayed 7 second(s)

22-10-2025T11:45:40 - [MESSAGE][PASSED] - Delayed 7 second(s)

22-10-2025T11:45:40 - [TEST_STEP][PASSED] - click(findTestObject("TripFocus/Users/User Info/User_Info_tab"), STOP_ON_FAILURE): Object: 'Object Repository/TripFocus/Users/User Info/User_Info_tab' is clicked on

22-10-2025T11:45:40 - [MESSAGE][PASSED] - Object: 'Object Repository/TripFocus/Users/User Info/User_Info_tab' is clicked on

22-10-2025T11:45:40 - [TEST_STEP][PASSED] - delay(1): Delayed 1 second(s)

22-10-2025T11:45:41 - [MESSAGE][PASSED] - Delayed 1 second(s)

22-10-2025T11:45:41 - [TEST_STEP][PASSED] - clearText(findTestObject("TripFocus/Users/User Info/First_Name_txt"), STOP_ON_FAILURE): Text of object 'Object Repository/TripFocus/Users/User Info/First_Name_txt' is cleared

22-10-2025T11:45:41 - [MESSAGE][PASSED] - Text of object 'Object Repository/TripFocus/Users/User Info/First_Name_txt' is cleared

22-10-2025T11:45:41 - [TEST_STEP][PASSED] - sendKeys(findTestObject("TripFocus/Users/User Info/First_Name_txt"), "Ashford Test Auto Two"): Keys 'Ashford Test Auto Two' sent to object: 'Object Repository/TripFocus/Users/User Info/First_Name_txt'

22-10-2025T11:45:41 - [MESSAGE][PASSED] - Keys 'Ashford Test Auto Two' sent to object: 'Object Repository/TripFocus/Users/User Info/First_Name_txt'

22-10-2025T11:45:41 - [TEST_STEP][PASSED] - delay(1): Delayed 1 second(s)

22-10-2025T11:45:42 - [MESSAGE][PASSED] - Delayed 1 second(s)

22-10-2025T11:45:42 - [TEST_STEP][PASSED] - click(findTestObject("TripFocus/Users/User Info/Save_User_Information_btn"), STOP_ON_FAILURE): Object: 'Object Repository/TripFocus/Users/User Info/Save_User_Information_btn' is clicked on

22-10-2025T11:45:42 - [MESSAGE][PASSED] - Object: 'Object Repository/TripFocus/Users/User Info/Save_User_Information_btn' is clicked on

22-10-2025T11:45:42 - [TEST_STEP][PASSED] - delay(1): Delayed 1 second(s)

22-10-2025T11:45:43 - [MESSAGE][PASSED] - Delayed 1 second(s)

22-10-2025T11:45:43 - [TEST_STEP][PASSED] - verifyElementPresent(findTestObject("TripFocus/Toasty_Message"), 10): Object 'Object Repository/TripFocus/Toasty_Message' is present

22-10-2025T11:45:43 - [MESSAGE][PASSED] - Object 'Object Repository/TripFocus/Toasty_Message' is present

22-10-2025T11:45:43 - [TEST_STEP][PASSED] - verifyElementText(findTestObject("TripFocus/Toasty_Message"), "User Information updated successfully."): Actual text and expected text of test object 'Object Repository/TripFocus/Toasty_Message' are matched.

22-10-2025T11:45:43 - [MESSAGE][PASSED] - Actual text and expected text of test object 'Object Repository/TripFocus/Toasty_Message' are matched.

22-10-2025T11:45:43 - [TEST_STEP][PASSED] - Start listener action : retryOnDisconnect: null

22-10-2025T11:45:43 - [TEST_STEP][PASSED] - tcId = testCaseContext.getTestCaseId(): null

22-10-2025T11:45:43 - [TEST_STEP][PASSED] - currentRetry = retryCounts.getOrDefault(tcId, 0): null

22-10-2025T11:45:43 - [TEST_STEP][PASSED] - if (testCaseContext.getTestCaseStatus() == "FAILED" && currentRetry < MAX_RETRIES): null]]></system-out>
         <system-err><![CDATA[]]></system-err>
      </testcase>
      <testcase name="Test Cases/TripFocus/SPG/SPG - UserPage/Edit/User Info/Updating Last Name User Info" time="59.395" classname="Test Cases/TripFocus/SPG/SPG - UserPage/Edit/User Info/Updating Last Name User Info" status="PASSED">
         <system-out><![CDATA[22-10-2025T11:45:43 - [TEST_CASE][PASSED] - Test Cases/TripFocus/SPG/SPG - UserPage/Edit/User Info/Updating Last Name User Info: Test Cases/TripFocus/SPG/SPG - UserPage/Edit/User Info/Updating Last Name User Info

22-10-2025T11:45:43 - [TEST_STEP][PASSED] - Start listener action : beforeTestCase: null

22-10-2025T11:45:43 - [TEST_STEP][PASSED] - addDefaultPackages(): null

22-10-2025T11:45:43 - [TEST_STEP][PASSED] - openBrowser(""): Browser is opened with url: ''

22-10-2025T11:45:43 - [MESSAGE][WARNING] - A browser is already opened. Closing browser and opening a new one

22-10-2025T11:45:43 - [MESSAGE][INFO] - Starting 'Chrome' driver

22-10-2025T11:45:43 - [MESSAGE][INFO] - User set preference: ['args', '[--no-sandbox, --disable-gpu, --disable-dev-shm-usage]']

22-10-2025T11:45:43 - [MESSAGE][INFO] - Action delay is set to 0 milliseconds

22-10-2025T11:45:44 - [MESSAGE][PASSED] - Browser is opened with url: ''

22-10-2025T11:45:44 - [TEST_STEP][PASSED] - navigateToUrl(TFBaseURL): Navigate to 'https://www.qa.tripfocus.com' successfully

22-10-2025T11:45:45 - [MESSAGE][PASSED] - Navigate to 'https://www.qa.tripfocus.com' successfully

22-10-2025T11:45:45 - [TEST_STEP][PASSED] - click(findTestObject("Object Repository/TripFocus/Page_TripFocus/button_Sign in")): Object: 'Object Repository/TripFocus/Page_TripFocus/button_Sign in' is clicked on

22-10-2025T11:45:45 - [MESSAGE][PASSED] - Object: 'Object Repository/TripFocus/Page_TripFocus/button_Sign in' is clicked on

22-10-2025T11:45:45 - [TEST_STEP][PASSED] - setText(findTestObject("Object Repository/TripFocus/Page_TripFocus/input_Username (e.g. email address)_Username"), TripFocusBleachTechSPGUsername): Text 'Ashford.Chenault+BleachtechCustomerSPGONLY@thekag.com' is set on object 'Object Repository/TripFocus/Page_TripFocus/input_Username (e.g. email address)_Username'

22-10-2025T11:45:46 - [MESSAGE][PASSED] - Text 'Ashford.Chenault+BleachtechCustomerSPGONLY@thekag.com' is set on object 'Object Repository/TripFocus/Page_TripFocus/input_Username (e.g. email address)_Username'

22-10-2025T11:45:46 - [TEST_STEP][PASSED] - setText(findTestObject("Object Repository/TripFocus/Page_TripFocus/input_Password_Password"), TripFocusFDGSPGPassword): Text 'CrashBan911!!' is set on object 'Object Repository/TripFocus/Page_TripFocus/input_Password_Password'

22-10-2025T11:45:46 - [MESSAGE][PASSED] - Text 'CrashBan911!!' is set on object 'Object Repository/TripFocus/Page_TripFocus/input_Password_Password'

22-10-2025T11:45:46 - [TEST_STEP][PASSED] - click(findTestObject("Object Repository/TripFocus/Page_TripFocus/button_Login")): Object: 'Object Repository/TripFocus/Page_TripFocus/button_Login' is clicked on

22-10-2025T11:45:46 - [MESSAGE][PASSED] - Object: 'Object Repository/TripFocus/Page_TripFocus/button_Login' is clicked on

22-10-2025T11:45:46 - [TEST_STEP][PASSED] - maximizeWindow(): Current window maximized

22-10-2025T11:45:46 - [MESSAGE][PASSED] - Current window maximized

22-10-2025T11:45:46 - [TEST_STEP][PASSED] - waitForElementVisible(findTestObject("TripFocus/Testing_Notification_btn"), 15, OPTIONAL): Web element with id: 'Object Repository/TripFocus/Testing_Notification_btn' located by '//*[@id="__BVID__10___BV_modal_footer_"]/button' not found

22-10-2025T11:46:02 - [MESSAGE][INFO] - Unable to find the element located by 'By.xpath: //*[@id="__BVID__10___BV_modal_footer_"]/button'. Please recheck the objects properties to make sure the desired element is located. 

22-10-2025T11:46:02 - [MESSAGE][WARNING] - [SELF-HEALING] Failed to find element with id 'Object Repository/TripFocus/Testing_Notification_btn'. Try using Self-healing.

22-10-2025T11:46:03 - [MESSAGE][INFO] - [SELF-HEALING] No working XPath is found.

22-10-2025T11:46:05 - [MESSAGE][INFO] - Unable to find the element located by 'By.xpath: '. Please recheck the objects properties to make sure the desired element is located. 

22-10-2025T11:46:05 - [MESSAGE][WARNING] - [SELF-HEALING] Cannot find elements when the selector is null

22-10-2025T11:46:05 - [MESSAGE][WARNING] - Web element with id: 'Object Repository/TripFocus/Testing_Notification_btn' located by '//*[@id="__BVID__10___BV_modal_footer_"]/button' not found

22-10-2025T11:46:05 - [TEST_STEP][PASSED] - if (verifyElementVisible(findTestObject("TripFocus/Testing_Notification_btn"), OPTIONAL) == true): Web element with id: 'Object Repository/TripFocus/Testing_Notification_btn' located by '//*[@id="__BVID__10___BV_modal_footer_"]/button' not found (Root cause: com.kms.katalon.core.exception.StepFailedException: Web element with id: 'Object Repository/TripFocus/Testing_Notification_btn' located by '//*[@id="__BVID__10___BV_modal_footer_"]/button' not found
	at com.kms.katalon.core.webui.keyword.internal.WebUIKeywordMain.stepFailed(WebUIKeywordMain.groovy:117)
	at com.kms.katalon.core.webui.keyword.builtin.VerifyElementVisibleKeyword$_verifyElementVisible_closure1.doCall(VerifyElementVisibleKeyword.groovy:89)
	at com.kms.katalon.core.webui.keyword.builtin.VerifyElementVisibleKeyword$_verifyElementVisible_closure1.call(VerifyElementVisibleKeyword.groovy)
	at com.kms.katalon.core.webui.keyword.internal.WebUIKeywordMain.runKeyword(WebUIKeywordMain.groovy:35)
	at com.kms.katalon.core.webui.keyword.builtin.VerifyElementVisibleKeyword.verifyElementVisible(VerifyElementVisibleKeyword.groovy:97)
	at com.kms.katalon.core.webui.keyword.builtin.VerifyElementVisibleKeyword.execute(VerifyElementVisibleKeyword.groovy:67)
	at com.kms.katalon.core.keyword.internal.KeywordExecutor.executeKeywordForPlatform(KeywordExecutor.groovy:74)
	at com.kms.katalon.core.webui.keyword.WebUiBuiltInKeywords.verifyElementVisible(WebUiBuiltInKeywords.groovy:401)
	at com.kms.katalon.core.webui.keyword.WebUiBuiltInKeywords$verifyElementVisible$5.call(Unknown Source)
	at Updating Last Name User Info.run(Updating Last Name User Info:38)
	at com.kms.katalon.core.main.ScriptEngine.run(ScriptEngine.java:194)
	at com.kms.katalon.core.main.ScriptEngine.runScriptAsRawText(ScriptEngine.java:119)
	at com.kms.katalon.core.main.TestCaseExecutor.runScript(TestCaseExecutor.java:448)
	at com.kms.katalon.core.main.TestCaseExecutor.doExecute(TestCaseExecutor.java:439)
	at com.kms.katalon.core.main.TestCaseExecutor.processExecutionPhase(TestCaseExecutor.java:418)
	at com.kms.katalon.core.main.TestCaseExecutor.accessMainPhase(TestCaseExecutor.java:410)
	at com.kms.katalon.core.main.TestCaseExecutor.execute(TestCaseExecutor.java:285)
	at com.kms.katalon.core.common.CommonExecutor.accessTestCaseMainPhase(CommonExecutor.java:65)
	at com.kms.katalon.core.main.TestSuiteExecutor.accessTestSuiteMainPhase(TestSuiteExecutor.java:150)
	at com.kms.katalon.core.main.TestSuiteExecutor.execute(TestSuiteExecutor.java:106)
	at com.kms.katalon.core.main.TestCaseMain.startTestSuite(TestCaseMain.java:180)
	at com.kms.katalon.core.main.TestCaseMain$startTestSuite$0.call(Unknown Source)
	at TempTestSuite1761139108993.run(TempTestSuite1761139108993.groovy:35)
	at java.base/jdk.internal.reflect.NativeMethodAccessorImpl.invoke0(Native Method)
	at java.base/jdk.internal.reflect.NativeMethodAccessorImpl.invoke(NativeMethodAccessorImpl.java:77)
	at java.base/jdk.internal.reflect.DelegatingMethodAccessorImpl.invoke(DelegatingMethodAccessorImpl.java:43)
)

22-10-2025T11:46:21 - [MESSAGE][INFO] - Unable to find the element located by 'By.xpath: //*[@id="__BVID__10___BV_modal_footer_"]/button'. Please recheck the objects properties to make sure the desired element is located. 

22-10-2025T11:46:21 - [MESSAGE][WARNING] - [SELF-HEALING] Failed to find element with id 'Object Repository/TripFocus/Testing_Notification_btn'. Try using Self-healing.

22-10-2025T11:46:22 - [MESSAGE][INFO] - [SELF-HEALING] No working XPath is found.

22-10-2025T11:46:24 - [MESSAGE][INFO] - Unable to find the element located by 'By.xpath: '. Please recheck the objects properties to make sure the desired element is located. 

22-10-2025T11:46:24 - [MESSAGE][WARNING] - [SELF-HEALING] Cannot find elements when the selector is null

22-10-2025T11:46:24 - [MESSAGE][WARNING] - Web element with id: 'Object Repository/TripFocus/Testing_Notification_btn' located by '//*[@id="__BVID__10___BV_modal_footer_"]/button' not found (Root cause: com.kms.katalon.core.exception.StepFailedException: Web element with id: 'Object Repository/TripFocus/Testing_Notification_btn' located by '//*[@id="__BVID__10___BV_modal_footer_"]/button' not found
	at com.kms.katalon.core.webui.keyword.internal.WebUIKeywordMain.stepFailed(WebUIKeywordMain.groovy:117)
	at com.kms.katalon.core.webui.keyword.builtin.VerifyElementVisibleKeyword$_verifyElementVisible_closure1.doCall(VerifyElementVisibleKeyword.groovy:89)
	at com.kms.katalon.core.webui.keyword.builtin.VerifyElementVisibleKeyword$_verifyElementVisible_closure1.call(VerifyElementVisibleKeyword.groovy)
	at com.kms.katalon.core.webui.keyword.internal.WebUIKeywordMain.runKeyword(WebUIKeywordMain.groovy:35)
	at com.kms.katalon.core.webui.keyword.builtin.VerifyElementVisibleKeyword.verifyElementVisible(VerifyElementVisibleKeyword.groovy:97)
	at com.kms.katalon.core.webui.keyword.builtin.VerifyElementVisibleKeyword.execute(VerifyElementVisibleKeyword.groovy:67)
	at com.kms.katalon.core.keyword.internal.KeywordExecutor.executeKeywordForPlatform(KeywordExecutor.groovy:74)
	at com.kms.katalon.core.webui.keyword.WebUiBuiltInKeywords.verifyElementVisible(WebUiBuiltInKeywords.groovy:401)
	at com.kms.katalon.core.webui.keyword.WebUiBuiltInKeywords$verifyElementVisible$5.call(Unknown Source)
	at Updating Last Name User Info.run(Updating Last Name User Info:38)
	at com.kms.katalon.core.main.ScriptEngine.run(ScriptEngine.java:194)
	at com.kms.katalon.core.main.ScriptEngine.runScriptAsRawText(ScriptEngine.java:119)
	at com.kms.katalon.core.main.TestCaseExecutor.runScript(TestCaseExecutor.java:448)
	at com.kms.katalon.core.main.TestCaseExecutor.doExecute(TestCaseExecutor.java:439)
	at com.kms.katalon.core.main.TestCaseExecutor.processExecutionPhase(TestCaseExecutor.java:418)
	at com.kms.katalon.core.main.TestCaseExecutor.accessMainPhase(TestCaseExecutor.java:410)
	at com.kms.katalon.core.main.TestCaseExecutor.execute(TestCaseExecutor.java:285)
	at com.kms.katalon.core.common.CommonExecutor.accessTestCaseMainPhase(CommonExecutor.java:65)
	at com.kms.katalon.core.main.TestSuiteExecutor.accessTestSuiteMainPhase(TestSuiteExecutor.java:150)
	at com.kms.katalon.core.main.TestSuiteExecutor.execute(TestSuiteExecutor.java:106)
	at com.kms.katalon.core.main.TestCaseMain.startTestSuite(TestCaseMain.java:180)
	at com.kms.katalon.core.main.TestCaseMain$startTestSuite$0.call(Unknown Source)
	at TempTestSuite1761139108993.run(TempTestSuite1761139108993.groovy:35)
	at java.base/jdk.internal.reflect.NativeMethodAccessorImpl.invoke0(Native Method)
	at java.base/jdk.internal.reflect.NativeMethodAccessorImpl.invoke(NativeMethodAccessorImpl.java:77)
	at java.base/jdk.internal.reflect.DelegatingMethodAccessorImpl.invoke(DelegatingMethodAccessorImpl.java:43)
)

22-10-2025T11:46:24 - [TEST_STEP][PASSED] - click(findTestObject("Object Repository/TripFocus/Page_TripFocus/a_Users")): Object: 'Object Repository/TripFocus/Page_TripFocus/a_Users' is clicked on

22-10-2025T11:46:25 - [MESSAGE][PASSED] - Object: 'Object Repository/TripFocus/Page_TripFocus/a_Users' is clicked on

22-10-2025T11:46:25 - [TEST_STEP][PASSED] - delay(5): Delayed 5 second(s)

22-10-2025T11:46:30 - [MESSAGE][PASSED] - Delayed 5 second(s)

22-10-2025T11:46:30 - [TEST_STEP][PASSED] - setText(findTestObject("TripFocus/Users/User_Search_txt"), "ashfordSPGTesting"): Text 'ashfordSPGTesting' is set on object 'Object Repository/TripFocus/Users/User_Search_txt'

22-10-2025T11:46:30 - [MESSAGE][PASSED] - Text 'ashfordSPGTesting' is set on object 'Object Repository/TripFocus/Users/User_Search_txt'

22-10-2025T11:46:30 - [TEST_STEP][PASSED] - delay(2): Delayed 2 second(s)

22-10-2025T11:46:32 - [MESSAGE][PASSED] - Delayed 2 second(s)

22-10-2025T11:46:32 - [TEST_STEP][PASSED] - click(findTestObject("Object Repository/TripFocus/Page_TripFocus/button_Edit")): Object: 'Object Repository/TripFocus/Page_TripFocus/button_Edit' is clicked on

22-10-2025T11:46:32 - [MESSAGE][PASSED] - Object: 'Object Repository/TripFocus/Page_TripFocus/button_Edit' is clicked on

22-10-2025T11:46:32 - [TEST_STEP][PASSED] - delay(7): Delayed 7 second(s)

22-10-2025T11:46:39 - [MESSAGE][PASSED] - Delayed 7 second(s)

22-10-2025T11:46:39 - [TEST_STEP][PASSED] - click(findTestObject("TripFocus/Users/User Info/User_Info_tab"), STOP_ON_FAILURE): Object: 'Object Repository/TripFocus/Users/User Info/User_Info_tab' is clicked on

22-10-2025T11:46:39 - [MESSAGE][PASSED] - Object: 'Object Repository/TripFocus/Users/User Info/User_Info_tab' is clicked on

22-10-2025T11:46:39 - [TEST_STEP][PASSED] - delay(1): Delayed 1 second(s)

22-10-2025T11:46:40 - [MESSAGE][PASSED] - Delayed 1 second(s)

22-10-2025T11:46:40 - [TEST_STEP][PASSED] - clearText(findTestObject("TripFocus/Users/User Info/Last_Name_txt"), STOP_ON_FAILURE): Text of object 'Object Repository/TripFocus/Users/User Info/Last_Name_txt' is cleared

22-10-2025T11:46:40 - [MESSAGE][PASSED] - Text of object 'Object Repository/TripFocus/Users/User Info/Last_Name_txt' is cleared

22-10-2025T11:46:40 - [TEST_STEP][PASSED] - sendKeys(findTestObject("TripFocus/Users/User Info/Last_Name_txt"), "Testing Purposes"): Keys 'Testing Purposes' sent to object: 'Object Repository/TripFocus/Users/User Info/Last_Name_txt'

22-10-2025T11:46:40 - [MESSAGE][PASSED] - Keys 'Testing Purposes' sent to object: 'Object Repository/TripFocus/Users/User Info/Last_Name_txt'

22-10-2025T11:46:40 - [TEST_STEP][PASSED] - delay(1): Delayed 1 second(s)

22-10-2025T11:46:41 - [MESSAGE][PASSED] - Delayed 1 second(s)

22-10-2025T11:46:41 - [TEST_STEP][PASSED] - click(findTestObject("TripFocus/Users/User Info/Save_User_Information_btn"), STOP_ON_FAILURE): Object: 'Object Repository/TripFocus/Users/User Info/Save_User_Information_btn' is clicked on

22-10-2025T11:46:41 - [MESSAGE][PASSED] - Object: 'Object Repository/TripFocus/Users/User Info/Save_User_Information_btn' is clicked on

22-10-2025T11:46:41 - [TEST_STEP][PASSED] - delay(1): Delayed 1 second(s)

22-10-2025T11:46:42 - [MESSAGE][PASSED] - Delayed 1 second(s)

22-10-2025T11:46:42 - [TEST_STEP][PASSED] - verifyElementPresent(findTestObject("TripFocus/Toasty_Message"), 10): Object 'Object Repository/TripFocus/Toasty_Message' is present

22-10-2025T11:46:42 - [MESSAGE][PASSED] - Object 'Object Repository/TripFocus/Toasty_Message' is present

22-10-2025T11:46:42 - [TEST_STEP][PASSED] - verifyElementText(findTestObject("TripFocus/Toasty_Message"), "User Information updated successfully."): Actual text and expected text of test object 'Object Repository/TripFocus/Toasty_Message' are matched.

22-10-2025T11:46:42 - [MESSAGE][PASSED] - Actual text and expected text of test object 'Object Repository/TripFocus/Toasty_Message' are matched.

22-10-2025T11:46:42 - [TEST_STEP][PASSED] - Start listener action : retryOnDisconnect: null

22-10-2025T11:46:42 - [TEST_STEP][PASSED] - tcId = testCaseContext.getTestCaseId(): null

22-10-2025T11:46:42 - [TEST_STEP][PASSED] - currentRetry = retryCounts.getOrDefault(tcId, 0): null

22-10-2025T11:46:42 - [TEST_STEP][PASSED] - if (testCaseContext.getTestCaseStatus() == "FAILED" && currentRetry < MAX_RETRIES): null]]></system-out>
         <system-err><![CDATA[]]></system-err>
      </testcase>
      <testcase name="Test Cases/TripFocus/SPG/SPG - UserPage/Edit/User Info/Updating Phone Number User Info" time="59.108" classname="Test Cases/TripFocus/SPG/SPG - UserPage/Edit/User Info/Updating Phone Number User Info" status="PASSED">
         <system-out><![CDATA[22-10-2025T11:46:42 - [TEST_CASE][PASSED] - Test Cases/TripFocus/SPG/SPG - UserPage/Edit/User Info/Updating Phone Number User Info: Test Cases/TripFocus/SPG/SPG - UserPage/Edit/User Info/Updating Phone Number User Info

22-10-2025T11:46:43 - [TEST_STEP][PASSED] - Start listener action : beforeTestCase: null

22-10-2025T11:46:43 - [TEST_STEP][PASSED] - addDefaultPackages(): null

22-10-2025T11:46:43 - [TEST_STEP][PASSED] - openBrowser(""): Browser is opened with url: ''

22-10-2025T11:46:43 - [MESSAGE][WARNING] - A browser is already opened. Closing browser and opening a new one

22-10-2025T11:46:43 - [MESSAGE][INFO] - Starting 'Chrome' driver

22-10-2025T11:46:43 - [MESSAGE][INFO] - User set preference: ['args', '[--no-sandbox, --disable-gpu, --disable-dev-shm-usage]']

22-10-2025T11:46:43 - [MESSAGE][INFO] - Action delay is set to 0 milliseconds

22-10-2025T11:46:43 - [MESSAGE][PASSED] - Browser is opened with url: ''

22-10-2025T11:46:43 - [TEST_STEP][PASSED] - navigateToUrl(TFBaseURL): Navigate to 'https://www.qa.tripfocus.com' successfully

22-10-2025T11:46:44 - [MESSAGE][PASSED] - Navigate to 'https://www.qa.tripfocus.com' successfully

22-10-2025T11:46:44 - [TEST_STEP][PASSED] - click(findTestObject("Object Repository/TripFocus/Page_TripFocus/button_Sign in")): Object: 'Object Repository/TripFocus/Page_TripFocus/button_Sign in' is clicked on

22-10-2025T11:46:44 - [MESSAGE][PASSED] - Object: 'Object Repository/TripFocus/Page_TripFocus/button_Sign in' is clicked on

22-10-2025T11:46:44 - [TEST_STEP][PASSED] - setText(findTestObject("Object Repository/TripFocus/Page_TripFocus/input_Username (e.g. email address)_Username"), TripFocusBleachTechSPGUsername): Text 'Ashford.Chenault+BleachtechCustomerSPGONLY@thekag.com' is set on object 'Object Repository/TripFocus/Page_TripFocus/input_Username (e.g. email address)_Username'

22-10-2025T11:46:45 - [MESSAGE][PASSED] - Text 'Ashford.Chenault+BleachtechCustomerSPGONLY@thekag.com' is set on object 'Object Repository/TripFocus/Page_TripFocus/input_Username (e.g. email address)_Username'

22-10-2025T11:46:45 - [TEST_STEP][PASSED] - setText(findTestObject("Object Repository/TripFocus/Page_TripFocus/input_Password_Password"), TripFocusFDGSPGPassword): Text 'CrashBan911!!' is set on object 'Object Repository/TripFocus/Page_TripFocus/input_Password_Password'

22-10-2025T11:46:45 - [MESSAGE][PASSED] - Text 'CrashBan911!!' is set on object 'Object Repository/TripFocus/Page_TripFocus/input_Password_Password'

22-10-2025T11:46:45 - [TEST_STEP][PASSED] - click(findTestObject("Object Repository/TripFocus/Page_TripFocus/button_Login")): Object: 'Object Repository/TripFocus/Page_TripFocus/button_Login' is clicked on

22-10-2025T11:46:45 - [MESSAGE][PASSED] - Object: 'Object Repository/TripFocus/Page_TripFocus/button_Login' is clicked on

22-10-2025T11:46:45 - [TEST_STEP][PASSED] - maximizeWindow(): Current window maximized

22-10-2025T11:46:46 - [MESSAGE][PASSED] - Current window maximized

22-10-2025T11:46:46 - [TEST_STEP][PASSED] - waitForElementVisible(findTestObject("TripFocus/Testing_Notification_btn"), 15, OPTIONAL): Web element with id: 'Object Repository/TripFocus/Testing_Notification_btn' located by '//*[@id="__BVID__10___BV_modal_footer_"]/button' not found

22-10-2025T11:47:02 - [MESSAGE][INFO] - Unable to find the element located by 'By.xpath: //*[@id="__BVID__10___BV_modal_footer_"]/button'. Please recheck the objects properties to make sure the desired element is located. 

22-10-2025T11:47:02 - [MESSAGE][WARNING] - [SELF-HEALING] Failed to find element with id 'Object Repository/TripFocus/Testing_Notification_btn'. Try using Self-healing.

22-10-2025T11:47:03 - [MESSAGE][INFO] - [SELF-HEALING] No working XPath is found.

22-10-2025T11:47:05 - [MESSAGE][INFO] - Unable to find the element located by 'By.xpath: '. Please recheck the objects properties to make sure the desired element is located. 

22-10-2025T11:47:05 - [MESSAGE][WARNING] - [SELF-HEALING] Cannot find elements when the selector is null

22-10-2025T11:47:05 - [MESSAGE][WARNING] - Web element with id: 'Object Repository/TripFocus/Testing_Notification_btn' located by '//*[@id="__BVID__10___BV_modal_footer_"]/button' not found

22-10-2025T11:47:05 - [TEST_STEP][PASSED] - if (verifyElementVisible(findTestObject("TripFocus/Testing_Notification_btn"), OPTIONAL) == true): Web element with id: 'Object Repository/TripFocus/Testing_Notification_btn' located by '//*[@id="__BVID__10___BV_modal_footer_"]/button' not found (Root cause: com.kms.katalon.core.exception.StepFailedException: Web element with id: 'Object Repository/TripFocus/Testing_Notification_btn' located by '//*[@id="__BVID__10___BV_modal_footer_"]/button' not found
	at com.kms.katalon.core.webui.keyword.internal.WebUIKeywordMain.stepFailed(WebUIKeywordMain.groovy:117)
	at com.kms.katalon.core.webui.keyword.builtin.VerifyElementVisibleKeyword$_verifyElementVisible_closure1.doCall(VerifyElementVisibleKeyword.groovy:89)
	at com.kms.katalon.core.webui.keyword.builtin.VerifyElementVisibleKeyword$_verifyElementVisible_closure1.call(VerifyElementVisibleKeyword.groovy)
	at com.kms.katalon.core.webui.keyword.internal.WebUIKeywordMain.runKeyword(WebUIKeywordMain.groovy:35)
	at com.kms.katalon.core.webui.keyword.builtin.VerifyElementVisibleKeyword.verifyElementVisible(VerifyElementVisibleKeyword.groovy:97)
	at com.kms.katalon.core.webui.keyword.builtin.VerifyElementVisibleKeyword.execute(VerifyElementVisibleKeyword.groovy:67)
	at com.kms.katalon.core.keyword.internal.KeywordExecutor.executeKeywordForPlatform(KeywordExecutor.groovy:74)
	at com.kms.katalon.core.webui.keyword.WebUiBuiltInKeywords.verifyElementVisible(WebUiBuiltInKeywords.groovy:401)
	at com.kms.katalon.core.webui.keyword.WebUiBuiltInKeywords$verifyElementVisible$5.call(Unknown Source)
	at Updating Phone Number User Info.run(Updating Phone Number User Info:38)
	at com.kms.katalon.core.main.ScriptEngine.run(ScriptEngine.java:194)
	at com.kms.katalon.core.main.ScriptEngine.runScriptAsRawText(ScriptEngine.java:119)
	at com.kms.katalon.core.main.TestCaseExecutor.runScript(TestCaseExecutor.java:448)
	at com.kms.katalon.core.main.TestCaseExecutor.doExecute(TestCaseExecutor.java:439)
	at com.kms.katalon.core.main.TestCaseExecutor.processExecutionPhase(TestCaseExecutor.java:418)
	at com.kms.katalon.core.main.TestCaseExecutor.accessMainPhase(TestCaseExecutor.java:410)
	at com.kms.katalon.core.main.TestCaseExecutor.execute(TestCaseExecutor.java:285)
	at com.kms.katalon.core.common.CommonExecutor.accessTestCaseMainPhase(CommonExecutor.java:65)
	at com.kms.katalon.core.main.TestSuiteExecutor.accessTestSuiteMainPhase(TestSuiteExecutor.java:150)
	at com.kms.katalon.core.main.TestSuiteExecutor.execute(TestSuiteExecutor.java:106)
	at com.kms.katalon.core.main.TestCaseMain.startTestSuite(TestCaseMain.java:180)
	at com.kms.katalon.core.main.TestCaseMain$startTestSuite$0.call(Unknown Source)
	at TempTestSuite1761139108993.run(TempTestSuite1761139108993.groovy:35)
	at java.base/jdk.internal.reflect.NativeMethodAccessorImpl.invoke0(Native Method)
	at java.base/jdk.internal.reflect.NativeMethodAccessorImpl.invoke(NativeMethodAccessorImpl.java:77)
	at java.base/jdk.internal.reflect.DelegatingMethodAccessorImpl.invoke(DelegatingMethodAccessorImpl.java:43)
)

22-10-2025T11:47:21 - [MESSAGE][INFO] - Unable to find the element located by 'By.xpath: //*[@id="__BVID__10___BV_modal_footer_"]/button'. Please recheck the objects properties to make sure the desired element is located. 

22-10-2025T11:47:21 - [MESSAGE][WARNING] - [SELF-HEALING] Failed to find element with id 'Object Repository/TripFocus/Testing_Notification_btn'. Try using Self-healing.

22-10-2025T11:47:22 - [MESSAGE][INFO] - [SELF-HEALING] No working XPath is found.

22-10-2025T11:47:24 - [MESSAGE][INFO] - Unable to find the element located by 'By.xpath: '. Please recheck the objects properties to make sure the desired element is located. 

22-10-2025T11:47:24 - [MESSAGE][WARNING] - [SELF-HEALING] Cannot find elements when the selector is null

22-10-2025T11:47:24 - [MESSAGE][WARNING] - Web element with id: 'Object Repository/TripFocus/Testing_Notification_btn' located by '//*[@id="__BVID__10___BV_modal_footer_"]/button' not found (Root cause: com.kms.katalon.core.exception.StepFailedException: Web element with id: 'Object Repository/TripFocus/Testing_Notification_btn' located by '//*[@id="__BVID__10___BV_modal_footer_"]/button' not found
	at com.kms.katalon.core.webui.keyword.internal.WebUIKeywordMain.stepFailed(WebUIKeywordMain.groovy:117)
	at com.kms.katalon.core.webui.keyword.builtin.VerifyElementVisibleKeyword$_verifyElementVisible_closure1.doCall(VerifyElementVisibleKeyword.groovy:89)
	at com.kms.katalon.core.webui.keyword.builtin.VerifyElementVisibleKeyword$_verifyElementVisible_closure1.call(VerifyElementVisibleKeyword.groovy)
	at com.kms.katalon.core.webui.keyword.internal.WebUIKeywordMain.runKeyword(WebUIKeywordMain.groovy:35)
	at com.kms.katalon.core.webui.keyword.builtin.VerifyElementVisibleKeyword.verifyElementVisible(VerifyElementVisibleKeyword.groovy:97)
	at com.kms.katalon.core.webui.keyword.builtin.VerifyElementVisibleKeyword.execute(VerifyElementVisibleKeyword.groovy:67)
	at com.kms.katalon.core.keyword.internal.KeywordExecutor.executeKeywordForPlatform(KeywordExecutor.groovy:74)
	at com.kms.katalon.core.webui.keyword.WebUiBuiltInKeywords.verifyElementVisible(WebUiBuiltInKeywords.groovy:401)
	at com.kms.katalon.core.webui.keyword.WebUiBuiltInKeywords$verifyElementVisible$5.call(Unknown Source)
	at Updating Phone Number User Info.run(Updating Phone Number User Info:38)
	at com.kms.katalon.core.main.ScriptEngine.run(ScriptEngine.java:194)
	at com.kms.katalon.core.main.ScriptEngine.runScriptAsRawText(ScriptEngine.java:119)
	at com.kms.katalon.core.main.TestCaseExecutor.runScript(TestCaseExecutor.java:448)
	at com.kms.katalon.core.main.TestCaseExecutor.doExecute(TestCaseExecutor.java:439)
	at com.kms.katalon.core.main.TestCaseExecutor.processExecutionPhase(TestCaseExecutor.java:418)
	at com.kms.katalon.core.main.TestCaseExecutor.accessMainPhase(TestCaseExecutor.java:410)
	at com.kms.katalon.core.main.TestCaseExecutor.execute(TestCaseExecutor.java:285)
	at com.kms.katalon.core.common.CommonExecutor.accessTestCaseMainPhase(CommonExecutor.java:65)
	at com.kms.katalon.core.main.TestSuiteExecutor.accessTestSuiteMainPhase(TestSuiteExecutor.java:150)
	at com.kms.katalon.core.main.TestSuiteExecutor.execute(TestSuiteExecutor.java:106)
	at com.kms.katalon.core.main.TestCaseMain.startTestSuite(TestCaseMain.java:180)
	at com.kms.katalon.core.main.TestCaseMain$startTestSuite$0.call(Unknown Source)
	at TempTestSuite1761139108993.run(TempTestSuite1761139108993.groovy:35)
	at java.base/jdk.internal.reflect.NativeMethodAccessorImpl.invoke0(Native Method)
	at java.base/jdk.internal.reflect.NativeMethodAccessorImpl.invoke(NativeMethodAccessorImpl.java:77)
	at java.base/jdk.internal.reflect.DelegatingMethodAccessorImpl.invoke(DelegatingMethodAccessorImpl.java:43)
)

22-10-2025T11:47:24 - [TEST_STEP][PASSED] - click(findTestObject("Object Repository/TripFocus/Page_TripFocus/a_Users")): Object: 'Object Repository/TripFocus/Page_TripFocus/a_Users' is clicked on

22-10-2025T11:47:24 - [MESSAGE][PASSED] - Object: 'Object Repository/TripFocus/Page_TripFocus/a_Users' is clicked on

22-10-2025T11:47:24 - [TEST_STEP][PASSED] - delay(5): Delayed 5 second(s)

22-10-2025T11:47:29 - [MESSAGE][PASSED] - Delayed 5 second(s)

22-10-2025T11:47:29 - [TEST_STEP][PASSED] - setText(findTestObject("TripFocus/Users/User_Search_txt"), "ashfordSPGTesting"): Text 'ashfordSPGTesting' is set on object 'Object Repository/TripFocus/Users/User_Search_txt'

22-10-2025T11:47:29 - [MESSAGE][PASSED] - Text 'ashfordSPGTesting' is set on object 'Object Repository/TripFocus/Users/User_Search_txt'

22-10-2025T11:47:29 - [TEST_STEP][PASSED] - delay(2): Delayed 2 second(s)

22-10-2025T11:47:31 - [MESSAGE][PASSED] - Delayed 2 second(s)

22-10-2025T11:47:31 - [TEST_STEP][PASSED] - click(findTestObject("Object Repository/TripFocus/Page_TripFocus/button_Edit")): Object: 'Object Repository/TripFocus/Page_TripFocus/button_Edit' is clicked on

22-10-2025T11:47:31 - [MESSAGE][PASSED] - Object: 'Object Repository/TripFocus/Page_TripFocus/button_Edit' is clicked on

22-10-2025T11:47:31 - [TEST_STEP][PASSED] - delay(7): Delayed 7 second(s)

22-10-2025T11:47:38 - [MESSAGE][PASSED] - Delayed 7 second(s)

22-10-2025T11:47:38 - [TEST_STEP][PASSED] - click(findTestObject("TripFocus/Users/User Info/User_Info_tab"), STOP_ON_FAILURE): Object: 'Object Repository/TripFocus/Users/User Info/User_Info_tab' is clicked on

22-10-2025T11:47:38 - [MESSAGE][PASSED] - Object: 'Object Repository/TripFocus/Users/User Info/User_Info_tab' is clicked on

22-10-2025T11:47:38 - [TEST_STEP][PASSED] - delay(1): Delayed 1 second(s)

22-10-2025T11:47:39 - [MESSAGE][PASSED] - Delayed 1 second(s)

22-10-2025T11:47:39 - [TEST_STEP][PASSED] - clearText(findTestObject("TripFocus/Users/User Info/Phone_Number_txt"), STOP_ON_FAILURE): Text of object 'Object Repository/TripFocus/Users/User Info/Phone_Number_txt' is cleared

22-10-2025T11:47:39 - [MESSAGE][PASSED] - Text of object 'Object Repository/TripFocus/Users/User Info/Phone_Number_txt' is cleared

22-10-2025T11:47:39 - [TEST_STEP][PASSED] - sendKeys(findTestObject("TripFocus/Users/User Info/Phone_Number_txt"), "5236897745"): Keys '5236897745' sent to object: 'Object Repository/TripFocus/Users/User Info/Phone_Number_txt'

22-10-2025T11:47:39 - [MESSAGE][PASSED] - Keys '5236897745' sent to object: 'Object Repository/TripFocus/Users/User Info/Phone_Number_txt'

22-10-2025T11:47:39 - [TEST_STEP][PASSED] - delay(1): Delayed 1 second(s)

22-10-2025T11:47:40 - [MESSAGE][PASSED] - Delayed 1 second(s)

22-10-2025T11:47:40 - [TEST_STEP][PASSED] - click(findTestObject("TripFocus/Users/User Info/Save_User_Information_btn"), STOP_ON_FAILURE): Object: 'Object Repository/TripFocus/Users/User Info/Save_User_Information_btn' is clicked on

22-10-2025T11:47:41 - [MESSAGE][PASSED] - Object: 'Object Repository/TripFocus/Users/User Info/Save_User_Information_btn' is clicked on

22-10-2025T11:47:41 - [TEST_STEP][PASSED] - delay(1): Delayed 1 second(s)

22-10-2025T11:47:42 - [MESSAGE][PASSED] - Delayed 1 second(s)

22-10-2025T11:47:42 - [TEST_STEP][PASSED] - verifyElementPresent(findTestObject("TripFocus/Toasty_Message"), 10): Object 'Object Repository/TripFocus/Toasty_Message' is present

22-10-2025T11:47:42 - [MESSAGE][PASSED] - Object 'Object Repository/TripFocus/Toasty_Message' is present

22-10-2025T11:47:42 - [TEST_STEP][PASSED] - verifyElementText(findTestObject("TripFocus/Toasty_Message"), "User Information updated successfully."): Actual text and expected text of test object 'Object Repository/TripFocus/Toasty_Message' are matched.

22-10-2025T11:47:42 - [MESSAGE][PASSED] - Actual text and expected text of test object 'Object Repository/TripFocus/Toasty_Message' are matched.

22-10-2025T11:47:42 - [TEST_STEP][PASSED] - Start listener action : retryOnDisconnect: null

22-10-2025T11:47:42 - [TEST_STEP][PASSED] - tcId = testCaseContext.getTestCaseId(): null

22-10-2025T11:47:42 - [TEST_STEP][PASSED] - currentRetry = retryCounts.getOrDefault(tcId, 0): null

22-10-2025T11:47:42 - [TEST_STEP][PASSED] - if (testCaseContext.getTestCaseStatus() == "FAILED" && currentRetry < MAX_RETRIES): null]]></system-out>
         <system-err><![CDATA[]]></system-err>
      </testcase>
      <testcase name="Test Cases/TripFocus/SPG/SPG - UserPage/Edit/User Info/Verify Customer Admin Checkbox" time="58.166" classname="Test Cases/TripFocus/SPG/SPG - UserPage/Edit/User Info/Verify Customer Admin Checkbox" status="PASSED">
         <system-out><![CDATA[22-10-2025T11:47:42 - [TEST_CASE][PASSED] - Test Cases/TripFocus/SPG/SPG - UserPage/Edit/User Info/Verify Customer Admin Checkbox: Test Cases/TripFocus/SPG/SPG - UserPage/Edit/User Info/Verify Customer Admin Checkbox

22-10-2025T11:47:42 - [TEST_STEP][PASSED] - Start listener action : beforeTestCase: null

22-10-2025T11:47:42 - [TEST_STEP][PASSED] - addDefaultPackages(): null

22-10-2025T11:47:42 - [TEST_STEP][PASSED] - openBrowser(""): Browser is opened with url: ''

22-10-2025T11:47:42 - [MESSAGE][WARNING] - A browser is already opened. Closing browser and opening a new one

22-10-2025T11:47:42 - [MESSAGE][INFO] - Starting 'Chrome' driver

22-10-2025T11:47:42 - [MESSAGE][INFO] - User set preference: ['args', '[--no-sandbox, --disable-gpu, --disable-dev-shm-usage]']

22-10-2025T11:47:42 - [MESSAGE][INFO] - Action delay is set to 0 milliseconds

22-10-2025T11:47:43 - [MESSAGE][PASSED] - Browser is opened with url: ''

22-10-2025T11:47:43 - [TEST_STEP][PASSED] - navigateToUrl(TFBaseURL): Navigate to 'https://www.qa.tripfocus.com' successfully

22-10-2025T11:47:43 - [MESSAGE][PASSED] - Navigate to 'https://www.qa.tripfocus.com' successfully

22-10-2025T11:47:43 - [TEST_STEP][PASSED] - click(findTestObject("Object Repository/TripFocus/Page_TripFocus/button_Sign in")): Object: 'Object Repository/TripFocus/Page_TripFocus/button_Sign in' is clicked on

22-10-2025T11:47:43 - [MESSAGE][PASSED] - Object: 'Object Repository/TripFocus/Page_TripFocus/button_Sign in' is clicked on

22-10-2025T11:47:43 - [TEST_STEP][PASSED] - setText(findTestObject("Object Repository/TripFocus/Page_TripFocus/input_Username (e.g. email address)_Username"), TripFocusBleachTechSPGUsername): Text 'Ashford.Chenault+BleachtechCustomerSPGONLY@thekag.com' is set on object 'Object Repository/TripFocus/Page_TripFocus/input_Username (e.g. email address)_Username'

22-10-2025T11:47:44 - [MESSAGE][PASSED] - Text 'Ashford.Chenault+BleachtechCustomerSPGONLY@thekag.com' is set on object 'Object Repository/TripFocus/Page_TripFocus/input_Username (e.g. email address)_Username'

22-10-2025T11:47:44 - [TEST_STEP][PASSED] - setText(findTestObject("Object Repository/TripFocus/Page_TripFocus/input_Password_Password"), TripFocusFDGSPGPassword): Text 'CrashBan911!!' is set on object 'Object Repository/TripFocus/Page_TripFocus/input_Password_Password'

22-10-2025T11:47:44 - [MESSAGE][PASSED] - Text 'CrashBan911!!' is set on object 'Object Repository/TripFocus/Page_TripFocus/input_Password_Password'

22-10-2025T11:47:44 - [TEST_STEP][PASSED] - click(findTestObject("Object Repository/TripFocus/Page_TripFocus/button_Login")): Object: 'Object Repository/TripFocus/Page_TripFocus/button_Login' is clicked on

22-10-2025T11:47:44 - [MESSAGE][PASSED] - Object: 'Object Repository/TripFocus/Page_TripFocus/button_Login' is clicked on

22-10-2025T11:47:44 - [TEST_STEP][PASSED] - maximizeWindow(): Current window maximized

22-10-2025T11:47:45 - [MESSAGE][PASSED] - Current window maximized

22-10-2025T11:47:45 - [TEST_STEP][PASSED] - waitForElementVisible(findTestObject("TripFocus/Testing_Notification_btn"), 15, OPTIONAL): Web element with id: 'Object Repository/TripFocus/Testing_Notification_btn' located by '//*[@id="__BVID__10___BV_modal_footer_"]/button' not found

22-10-2025T11:48:01 - [MESSAGE][INFO] - Unable to find the element located by 'By.xpath: //*[@id="__BVID__10___BV_modal_footer_"]/button'. Please recheck the objects properties to make sure the desired element is located. 

22-10-2025T11:48:01 - [MESSAGE][WARNING] - [SELF-HEALING] Failed to find element with id 'Object Repository/TripFocus/Testing_Notification_btn'. Try using Self-healing.

22-10-2025T11:48:02 - [MESSAGE][INFO] - [SELF-HEALING] No working XPath is found.

22-10-2025T11:48:04 - [MESSAGE][INFO] - Unable to find the element located by 'By.xpath: '. Please recheck the objects properties to make sure the desired element is located. 

22-10-2025T11:48:04 - [MESSAGE][WARNING] - [SELF-HEALING] Cannot find elements when the selector is null

22-10-2025T11:48:04 - [MESSAGE][WARNING] - Web element with id: 'Object Repository/TripFocus/Testing_Notification_btn' located by '//*[@id="__BVID__10___BV_modal_footer_"]/button' not found

22-10-2025T11:48:04 - [TEST_STEP][PASSED] - if (verifyElementVisible(findTestObject("TripFocus/Testing_Notification_btn"), OPTIONAL) == true): Web element with id: 'Object Repository/TripFocus/Testing_Notification_btn' located by '//*[@id="__BVID__10___BV_modal_footer_"]/button' not found (Root cause: com.kms.katalon.core.exception.StepFailedException: Web element with id: 'Object Repository/TripFocus/Testing_Notification_btn' located by '//*[@id="__BVID__10___BV_modal_footer_"]/button' not found
	at com.kms.katalon.core.webui.keyword.internal.WebUIKeywordMain.stepFailed(WebUIKeywordMain.groovy:117)
	at com.kms.katalon.core.webui.keyword.builtin.VerifyElementVisibleKeyword$_verifyElementVisible_closure1.doCall(VerifyElementVisibleKeyword.groovy:89)
	at com.kms.katalon.core.webui.keyword.builtin.VerifyElementVisibleKeyword$_verifyElementVisible_closure1.call(VerifyElementVisibleKeyword.groovy)
	at com.kms.katalon.core.webui.keyword.internal.WebUIKeywordMain.runKeyword(WebUIKeywordMain.groovy:35)
	at com.kms.katalon.core.webui.keyword.builtin.VerifyElementVisibleKeyword.verifyElementVisible(VerifyElementVisibleKeyword.groovy:97)
	at com.kms.katalon.core.webui.keyword.builtin.VerifyElementVisibleKeyword.execute(VerifyElementVisibleKeyword.groovy:67)
	at com.kms.katalon.core.keyword.internal.KeywordExecutor.executeKeywordForPlatform(KeywordExecutor.groovy:74)
	at com.kms.katalon.core.webui.keyword.WebUiBuiltInKeywords.verifyElementVisible(WebUiBuiltInKeywords.groovy:401)
	at com.kms.katalon.core.webui.keyword.WebUiBuiltInKeywords$verifyElementVisible$5.call(Unknown Source)
	at Verify Customer Admin Checkbox.run(Verify Customer Admin Checkbox:38)
	at com.kms.katalon.core.main.ScriptEngine.run(ScriptEngine.java:194)
	at com.kms.katalon.core.main.ScriptEngine.runScriptAsRawText(ScriptEngine.java:119)
	at com.kms.katalon.core.main.TestCaseExecutor.runScript(TestCaseExecutor.java:448)
	at com.kms.katalon.core.main.TestCaseExecutor.doExecute(TestCaseExecutor.java:439)
	at com.kms.katalon.core.main.TestCaseExecutor.processExecutionPhase(TestCaseExecutor.java:418)
	at com.kms.katalon.core.main.TestCaseExecutor.accessMainPhase(TestCaseExecutor.java:410)
	at com.kms.katalon.core.main.TestCaseExecutor.execute(TestCaseExecutor.java:285)
	at com.kms.katalon.core.common.CommonExecutor.accessTestCaseMainPhase(CommonExecutor.java:65)
	at com.kms.katalon.core.main.TestSuiteExecutor.accessTestSuiteMainPhase(TestSuiteExecutor.java:150)
	at com.kms.katalon.core.main.TestSuiteExecutor.execute(TestSuiteExecutor.java:106)
	at com.kms.katalon.core.main.TestCaseMain.startTestSuite(TestCaseMain.java:180)
	at com.kms.katalon.core.main.TestCaseMain$startTestSuite$0.call(Unknown Source)
	at TempTestSuite1761139108993.run(TempTestSuite1761139108993.groovy:35)
	at java.base/jdk.internal.reflect.NativeMethodAccessorImpl.invoke0(Native Method)
	at java.base/jdk.internal.reflect.NativeMethodAccessorImpl.invoke(NativeMethodAccessorImpl.java:77)
	at java.base/jdk.internal.reflect.DelegatingMethodAccessorImpl.invoke(DelegatingMethodAccessorImpl.java:43)
)

22-10-2025T11:48:20 - [MESSAGE][INFO] - Unable to find the element located by 'By.xpath: //*[@id="__BVID__10___BV_modal_footer_"]/button'. Please recheck the objects properties to make sure the desired element is located. 

22-10-2025T11:48:20 - [MESSAGE][WARNING] - [SELF-HEALING] Failed to find element with id 'Object Repository/TripFocus/Testing_Notification_btn'. Try using Self-healing.

22-10-2025T11:48:21 - [MESSAGE][INFO] - [SELF-HEALING] No working XPath is found.

22-10-2025T11:48:23 - [MESSAGE][INFO] - Unable to find the element located by 'By.xpath: '. Please recheck the objects properties to make sure the desired element is located. 

22-10-2025T11:48:23 - [MESSAGE][WARNING] - [SELF-HEALING] Cannot find elements when the selector is null

22-10-2025T11:48:23 - [MESSAGE][WARNING] - Web element with id: 'Object Repository/TripFocus/Testing_Notification_btn' located by '//*[@id="__BVID__10___BV_modal_footer_"]/button' not found (Root cause: com.kms.katalon.core.exception.StepFailedException: Web element with id: 'Object Repository/TripFocus/Testing_Notification_btn' located by '//*[@id="__BVID__10___BV_modal_footer_"]/button' not found
	at com.kms.katalon.core.webui.keyword.internal.WebUIKeywordMain.stepFailed(WebUIKeywordMain.groovy:117)
	at com.kms.katalon.core.webui.keyword.builtin.VerifyElementVisibleKeyword$_verifyElementVisible_closure1.doCall(VerifyElementVisibleKeyword.groovy:89)
	at com.kms.katalon.core.webui.keyword.builtin.VerifyElementVisibleKeyword$_verifyElementVisible_closure1.call(VerifyElementVisibleKeyword.groovy)
	at com.kms.katalon.core.webui.keyword.internal.WebUIKeywordMain.runKeyword(WebUIKeywordMain.groovy:35)
	at com.kms.katalon.core.webui.keyword.builtin.VerifyElementVisibleKeyword.verifyElementVisible(VerifyElementVisibleKeyword.groovy:97)
	at com.kms.katalon.core.webui.keyword.builtin.VerifyElementVisibleKeyword.execute(VerifyElementVisibleKeyword.groovy:67)
	at com.kms.katalon.core.keyword.internal.KeywordExecutor.executeKeywordForPlatform(KeywordExecutor.groovy:74)
	at com.kms.katalon.core.webui.keyword.WebUiBuiltInKeywords.verifyElementVisible(WebUiBuiltInKeywords.groovy:401)
	at com.kms.katalon.core.webui.keyword.WebUiBuiltInKeywords$verifyElementVisible$5.call(Unknown Source)
	at Verify Customer Admin Checkbox.run(Verify Customer Admin Checkbox:38)
	at com.kms.katalon.core.main.ScriptEngine.run(ScriptEngine.java:194)
	at com.kms.katalon.core.main.ScriptEngine.runScriptAsRawText(ScriptEngine.java:119)
	at com.kms.katalon.core.main.TestCaseExecutor.runScript(TestCaseExecutor.java:448)
	at com.kms.katalon.core.main.TestCaseExecutor.doExecute(TestCaseExecutor.java:439)
	at com.kms.katalon.core.main.TestCaseExecutor.processExecutionPhase(TestCaseExecutor.java:418)
	at com.kms.katalon.core.main.TestCaseExecutor.accessMainPhase(TestCaseExecutor.java:410)
	at com.kms.katalon.core.main.TestCaseExecutor.execute(TestCaseExecutor.java:285)
	at com.kms.katalon.core.common.CommonExecutor.accessTestCaseMainPhase(CommonExecutor.java:65)
	at com.kms.katalon.core.main.TestSuiteExecutor.accessTestSuiteMainPhase(TestSuiteExecutor.java:150)
	at com.kms.katalon.core.main.TestSuiteExecutor.execute(TestSuiteExecutor.java:106)
	at com.kms.katalon.core.main.TestCaseMain.startTestSuite(TestCaseMain.java:180)
	at com.kms.katalon.core.main.TestCaseMain$startTestSuite$0.call(Unknown Source)
	at TempTestSuite1761139108993.run(TempTestSuite1761139108993.groovy:35)
	at java.base/jdk.internal.reflect.NativeMethodAccessorImpl.invoke0(Native Method)
	at java.base/jdk.internal.reflect.NativeMethodAccessorImpl.invoke(NativeMethodAccessorImpl.java:77)
	at java.base/jdk.internal.reflect.DelegatingMethodAccessorImpl.invoke(DelegatingMethodAccessorImpl.java:43)
)

22-10-2025T11:48:23 - [TEST_STEP][PASSED] - click(findTestObject("Object Repository/TripFocus/Page_TripFocus/a_Users")): Object: 'Object Repository/TripFocus/Page_TripFocus/a_Users' is clicked on

22-10-2025T11:48:23 - [MESSAGE][PASSED] - Object: 'Object Repository/TripFocus/Page_TripFocus/a_Users' is clicked on

22-10-2025T11:48:23 - [TEST_STEP][PASSED] - delay(5): Delayed 5 second(s)

22-10-2025T11:48:28 - [MESSAGE][PASSED] - Delayed 5 second(s)

22-10-2025T11:48:28 - [TEST_STEP][PASSED] - setText(findTestObject("TripFocus/Users/User_Search_txt"), "ashfordSPGTesting"): Text 'ashfordSPGTesting' is set on object 'Object Repository/TripFocus/Users/User_Search_txt'

22-10-2025T11:48:28 - [MESSAGE][PASSED] - Text 'ashfordSPGTesting' is set on object 'Object Repository/TripFocus/Users/User_Search_txt'

22-10-2025T11:48:28 - [TEST_STEP][PASSED] - delay(2): Delayed 2 second(s)

22-10-2025T11:48:30 - [MESSAGE][PASSED] - Delayed 2 second(s)

22-10-2025T11:48:30 - [TEST_STEP][PASSED] - click(findTestObject("Object Repository/TripFocus/Page_TripFocus/button_Edit")): Object: 'Object Repository/TripFocus/Page_TripFocus/button_Edit' is clicked on

22-10-2025T11:48:30 - [MESSAGE][PASSED] - Object: 'Object Repository/TripFocus/Page_TripFocus/button_Edit' is clicked on

22-10-2025T11:48:30 - [TEST_STEP][PASSED] - delay(7): Delayed 7 second(s)

22-10-2025T11:48:37 - [MESSAGE][PASSED] - Delayed 7 second(s)

22-10-2025T11:48:37 - [TEST_STEP][PASSED] - click(findTestObject("TripFocus/Users/User Info/User_Info_tab"), STOP_ON_FAILURE): Object: 'Object Repository/TripFocus/Users/User Info/User_Info_tab' is clicked on

22-10-2025T11:48:38 - [MESSAGE][PASSED] - Object: 'Object Repository/TripFocus/Users/User Info/User_Info_tab' is clicked on

22-10-2025T11:48:38 - [TEST_STEP][PASSED] - delay(1): Delayed 1 second(s)

22-10-2025T11:48:39 - [MESSAGE][PASSED] - Delayed 1 second(s)

22-10-2025T11:48:39 - [TEST_STEP][PASSED] - verifyElementVisible(findTestObject("TripFocus/Users/User Info/Edit_User_Customer_Admin_checkbox")): Object 'Object Repository/TripFocus/Users/User Info/Edit_User_Customer_Admin_checkbox' is visible

22-10-2025T11:48:39 - [MESSAGE][PASSED] - Object 'Object Repository/TripFocus/Users/User Info/Edit_User_Customer_Admin_checkbox' is visible

22-10-2025T11:48:39 - [TEST_STEP][PASSED] - click(findTestObject("TripFocus/Users/User Info/Edit_User_Customer_Admin_checkbox")): Object: 'Object Repository/TripFocus/Users/User Info/Edit_User_Customer_Admin_checkbox' is clicked on

22-10-2025T11:48:39 - [MESSAGE][PASSED] - Object: 'Object Repository/TripFocus/Users/User Info/Edit_User_Customer_Admin_checkbox' is clicked on

22-10-2025T11:48:39 - [TEST_STEP][PASSED] - delay(1): Delayed 1 second(s)

22-10-2025T11:48:40 - [MESSAGE][PASSED] - Delayed 1 second(s)

22-10-2025T11:48:40 - [TEST_STEP][PASSED] - click(findTestObject("TripFocus/Users/User Info/Edit_User_Customer_Admin_checkbox")): Object: 'Object Repository/TripFocus/Users/User Info/Edit_User_Customer_Admin_checkbox' is clicked on

22-10-2025T11:48:40 - [MESSAGE][PASSED] - Object: 'Object Repository/TripFocus/Users/User Info/Edit_User_Customer_Admin_checkbox' is clicked on

22-10-2025T11:48:40 - [TEST_STEP][PASSED] - Start listener action : retryOnDisconnect: null

22-10-2025T11:48:40 - [TEST_STEP][PASSED] - tcId = testCaseContext.getTestCaseId(): null

22-10-2025T11:48:40 - [TEST_STEP][PASSED] - currentRetry = retryCounts.getOrDefault(tcId, 0): null

22-10-2025T11:48:40 - [TEST_STEP][PASSED] - if (testCaseContext.getTestCaseStatus() == "FAILED" && currentRetry < MAX_RETRIES): null]]></system-out>
         <system-err><![CDATA[]]></system-err>
      </testcase>
      <testcase name="Test Cases/TripFocus/SPG/SPG - UserPage/Create/Deleting SPG User" time="48.989" classname="Test Cases/TripFocus/SPG/SPG - UserPage/Create/Deleting SPG User" status="PASSED">
         <system-out><![CDATA[22-10-2025T11:48:40 - [TEST_CASE][PASSED] - Test Cases/TripFocus/SPG/SPG - UserPage/Create/Deleting SPG User: Test Cases/TripFocus/SPG/SPG - UserPage/Create/Deleting SPG User

22-10-2025T11:48:40 - [TEST_STEP][PASSED] - Start listener action : beforeTestCase: null

22-10-2025T11:48:40 - [TEST_STEP][PASSED] - addDefaultPackages(): null

22-10-2025T11:48:40 - [TEST_STEP][PASSED] - openBrowser(""): Browser is opened with url: ''

22-10-2025T11:48:40 - [MESSAGE][WARNING] - A browser is already opened. Closing browser and opening a new one

22-10-2025T11:48:40 - [MESSAGE][INFO] - Starting 'Chrome' driver

22-10-2025T11:48:40 - [MESSAGE][INFO] - User set preference: ['args', '[--no-sandbox, --disable-gpu, --disable-dev-shm-usage]']

22-10-2025T11:48:40 - [MESSAGE][INFO] - Action delay is set to 0 milliseconds

22-10-2025T11:48:41 - [MESSAGE][PASSED] - Browser is opened with url: ''

22-10-2025T11:48:41 - [TEST_STEP][PASSED] - navigateToUrl(TFBaseURL): Navigate to 'https://www.qa.tripfocus.com' successfully

22-10-2025T11:48:41 - [MESSAGE][PASSED] - Navigate to 'https://www.qa.tripfocus.com' successfully

22-10-2025T11:48:41 - [TEST_STEP][PASSED] - click(findTestObject("Object Repository/TripFocus/Page_TripFocus/button_Sign in")): Object: 'Object Repository/TripFocus/Page_TripFocus/button_Sign in' is clicked on

22-10-2025T11:48:42 - [MESSAGE][PASSED] - Object: 'Object Repository/TripFocus/Page_TripFocus/button_Sign in' is clicked on

22-10-2025T11:48:42 - [TEST_STEP][PASSED] - setText(findTestObject("Object Repository/TripFocus/Page_TripFocus/input_Username (e.g. email address)_Username"), TripFocusBleachTechSPGUsername): Text 'Ashford.Chenault+BleachtechCustomerSPGONLY@thekag.com' is set on object 'Object Repository/TripFocus/Page_TripFocus/input_Username (e.g. email address)_Username'

22-10-2025T11:48:42 - [MESSAGE][PASSED] - Text 'Ashford.Chenault+BleachtechCustomerSPGONLY@thekag.com' is set on object 'Object Repository/TripFocus/Page_TripFocus/input_Username (e.g. email address)_Username'

22-10-2025T11:48:42 - [TEST_STEP][PASSED] - setText(findTestObject("Object Repository/TripFocus/Page_TripFocus/input_Password_Password"), TripFocusFDGSPGPassword): Text 'CrashBan911!!' is set on object 'Object Repository/TripFocus/Page_TripFocus/input_Password_Password'

22-10-2025T11:48:43 - [MESSAGE][PASSED] - Text 'CrashBan911!!' is set on object 'Object Repository/TripFocus/Page_TripFocus/input_Password_Password'

22-10-2025T11:48:43 - [TEST_STEP][PASSED] - click(findTestObject("Object Repository/TripFocus/Page_TripFocus/button_Login")): Object: 'Object Repository/TripFocus/Page_TripFocus/button_Login' is clicked on

22-10-2025T11:48:43 - [MESSAGE][PASSED] - Object: 'Object Repository/TripFocus/Page_TripFocus/button_Login' is clicked on

22-10-2025T11:48:43 - [TEST_STEP][PASSED] - maximizeWindow(): Current window maximized

22-10-2025T11:48:43 - [MESSAGE][PASSED] - Current window maximized

22-10-2025T11:48:43 - [TEST_STEP][PASSED] - waitForElementVisible(findTestObject("TripFocus/Testing_Notification_btn"), 15, OPTIONAL): Web element with id: 'Object Repository/TripFocus/Testing_Notification_btn' located by '//*[@id="__BVID__10___BV_modal_footer_"]/button' not found

22-10-2025T11:48:59 - [MESSAGE][INFO] - Unable to find the element located by 'By.xpath: //*[@id="__BVID__10___BV_modal_footer_"]/button'. Please recheck the objects properties to make sure the desired element is located. 

22-10-2025T11:48:59 - [MESSAGE][WARNING] - [SELF-HEALING] Failed to find element with id 'Object Repository/TripFocus/Testing_Notification_btn'. Try using Self-healing.

22-10-2025T11:49:00 - [MESSAGE][INFO] - [SELF-HEALING] No working XPath is found.

22-10-2025T11:49:02 - [MESSAGE][INFO] - Unable to find the element located by 'By.xpath: '. Please recheck the objects properties to make sure the desired element is located. 

22-10-2025T11:49:02 - [MESSAGE][WARNING] - [SELF-HEALING] Cannot find elements when the selector is null

22-10-2025T11:49:02 - [MESSAGE][WARNING] - Web element with id: 'Object Repository/TripFocus/Testing_Notification_btn' located by '//*[@id="__BVID__10___BV_modal_footer_"]/button' not found

22-10-2025T11:49:02 - [TEST_STEP][PASSED] - if (verifyElementVisible(findTestObject("TripFocus/Testing_Notification_btn"), OPTIONAL) == true): Web element with id: 'Object Repository/TripFocus/Testing_Notification_btn' located by '//*[@id="__BVID__10___BV_modal_footer_"]/button' not found (Root cause: com.kms.katalon.core.exception.StepFailedException: Web element with id: 'Object Repository/TripFocus/Testing_Notification_btn' located by '//*[@id="__BVID__10___BV_modal_footer_"]/button' not found
	at com.kms.katalon.core.webui.keyword.internal.WebUIKeywordMain.stepFailed(WebUIKeywordMain.groovy:117)
	at com.kms.katalon.core.webui.keyword.builtin.VerifyElementVisibleKeyword$_verifyElementVisible_closure1.doCall(VerifyElementVisibleKeyword.groovy:89)
	at com.kms.katalon.core.webui.keyword.builtin.VerifyElementVisibleKeyword$_verifyElementVisible_closure1.call(VerifyElementVisibleKeyword.groovy)
	at com.kms.katalon.core.webui.keyword.internal.WebUIKeywordMain.runKeyword(WebUIKeywordMain.groovy:35)
	at com.kms.katalon.core.webui.keyword.builtin.VerifyElementVisibleKeyword.verifyElementVisible(VerifyElementVisibleKeyword.groovy:97)
	at com.kms.katalon.core.webui.keyword.builtin.VerifyElementVisibleKeyword.execute(VerifyElementVisibleKeyword.groovy:67)
	at com.kms.katalon.core.keyword.internal.KeywordExecutor.executeKeywordForPlatform(KeywordExecutor.groovy:74)
	at com.kms.katalon.core.webui.keyword.WebUiBuiltInKeywords.verifyElementVisible(WebUiBuiltInKeywords.groovy:401)
	at com.kms.katalon.core.webui.keyword.WebUiBuiltInKeywords$verifyElementVisible$5.call(Unknown Source)
	at Deleting SPG User.run(Deleting SPG User:38)
	at com.kms.katalon.core.main.ScriptEngine.run(ScriptEngine.java:194)
	at com.kms.katalon.core.main.ScriptEngine.runScriptAsRawText(ScriptEngine.java:119)
	at com.kms.katalon.core.main.TestCaseExecutor.runScript(TestCaseExecutor.java:448)
	at com.kms.katalon.core.main.TestCaseExecutor.doExecute(TestCaseExecutor.java:439)
	at com.kms.katalon.core.main.TestCaseExecutor.processExecutionPhase(TestCaseExecutor.java:418)
	at com.kms.katalon.core.main.TestCaseExecutor.accessMainPhase(TestCaseExecutor.java:410)
	at com.kms.katalon.core.main.TestCaseExecutor.execute(TestCaseExecutor.java:285)
	at com.kms.katalon.core.common.CommonExecutor.accessTestCaseMainPhase(CommonExecutor.java:65)
	at com.kms.katalon.core.main.TestSuiteExecutor.accessTestSuiteMainPhase(TestSuiteExecutor.java:150)
	at com.kms.katalon.core.main.TestSuiteExecutor.execute(TestSuiteExecutor.java:106)
	at com.kms.katalon.core.main.TestCaseMain.startTestSuite(TestCaseMain.java:180)
	at com.kms.katalon.core.main.TestCaseMain$startTestSuite$0.call(Unknown Source)
	at TempTestSuite1761139108993.run(TempTestSuite1761139108993.groovy:35)
	at java.base/jdk.internal.reflect.NativeMethodAccessorImpl.invoke0(Native Method)
	at java.base/jdk.internal.reflect.NativeMethodAccessorImpl.invoke(NativeMethodAccessorImpl.java:77)
	at java.base/jdk.internal.reflect.DelegatingMethodAccessorImpl.invoke(DelegatingMethodAccessorImpl.java:43)
)

22-10-2025T11:49:18 - [MESSAGE][INFO] - Unable to find the element located by 'By.xpath: //*[@id="__BVID__10___BV_modal_footer_"]/button'. Please recheck the objects properties to make sure the desired element is located. 

22-10-2025T11:49:18 - [MESSAGE][WARNING] - [SELF-HEALING] Failed to find element with id 'Object Repository/TripFocus/Testing_Notification_btn'. Try using Self-healing.

22-10-2025T11:49:19 - [MESSAGE][INFO] - [SELF-HEALING] No working XPath is found.

22-10-2025T11:49:21 - [MESSAGE][INFO] - Unable to find the element located by 'By.xpath: '. Please recheck the objects properties to make sure the desired element is located. 

22-10-2025T11:49:21 - [MESSAGE][WARNING] - [SELF-HEALING] Cannot find elements when the selector is null

22-10-2025T11:49:21 - [MESSAGE][WARNING] - Web element with id: 'Object Repository/TripFocus/Testing_Notification_btn' located by '//*[@id="__BVID__10___BV_modal_footer_"]/button' not found (Root cause: com.kms.katalon.core.exception.StepFailedException: Web element with id: 'Object Repository/TripFocus/Testing_Notification_btn' located by '//*[@id="__BVID__10___BV_modal_footer_"]/button' not found
	at com.kms.katalon.core.webui.keyword.internal.WebUIKeywordMain.stepFailed(WebUIKeywordMain.groovy:117)
	at com.kms.katalon.core.webui.keyword.builtin.VerifyElementVisibleKeyword$_verifyElementVisible_closure1.doCall(VerifyElementVisibleKeyword.groovy:89)
	at com.kms.katalon.core.webui.keyword.builtin.VerifyElementVisibleKeyword$_verifyElementVisible_closure1.call(VerifyElementVisibleKeyword.groovy)
	at com.kms.katalon.core.webui.keyword.internal.WebUIKeywordMain.runKeyword(WebUIKeywordMain.groovy:35)
	at com.kms.katalon.core.webui.keyword.builtin.VerifyElementVisibleKeyword.verifyElementVisible(VerifyElementVisibleKeyword.groovy:97)
	at com.kms.katalon.core.webui.keyword.builtin.VerifyElementVisibleKeyword.execute(VerifyElementVisibleKeyword.groovy:67)
	at com.kms.katalon.core.keyword.internal.KeywordExecutor.executeKeywordForPlatform(KeywordExecutor.groovy:74)
	at com.kms.katalon.core.webui.keyword.WebUiBuiltInKeywords.verifyElementVisible(WebUiBuiltInKeywords.groovy:401)
	at com.kms.katalon.core.webui.keyword.WebUiBuiltInKeywords$verifyElementVisible$5.call(Unknown Source)
	at Deleting SPG User.run(Deleting SPG User:38)
	at com.kms.katalon.core.main.ScriptEngine.run(ScriptEngine.java:194)
	at com.kms.katalon.core.main.ScriptEngine.runScriptAsRawText(ScriptEngine.java:119)
	at com.kms.katalon.core.main.TestCaseExecutor.runScript(TestCaseExecutor.java:448)
	at com.kms.katalon.core.main.TestCaseExecutor.doExecute(TestCaseExecutor.java:439)
	at com.kms.katalon.core.main.TestCaseExecutor.processExecutionPhase(TestCaseExecutor.java:418)
	at com.kms.katalon.core.main.TestCaseExecutor.accessMainPhase(TestCaseExecutor.java:410)
	at com.kms.katalon.core.main.TestCaseExecutor.execute(TestCaseExecutor.java:285)
	at com.kms.katalon.core.common.CommonExecutor.accessTestCaseMainPhase(CommonExecutor.java:65)
	at com.kms.katalon.core.main.TestSuiteExecutor.accessTestSuiteMainPhase(TestSuiteExecutor.java:150)
	at com.kms.katalon.core.main.TestSuiteExecutor.execute(TestSuiteExecutor.java:106)
	at com.kms.katalon.core.main.TestCaseMain.startTestSuite(TestCaseMain.java:180)
	at com.kms.katalon.core.main.TestCaseMain$startTestSuite$0.call(Unknown Source)
	at TempTestSuite1761139108993.run(TempTestSuite1761139108993.groovy:35)
	at java.base/jdk.internal.reflect.NativeMethodAccessorImpl.invoke0(Native Method)
	at java.base/jdk.internal.reflect.NativeMethodAccessorImpl.invoke(NativeMethodAccessorImpl.java:77)
	at java.base/jdk.internal.reflect.DelegatingMethodAccessorImpl.invoke(DelegatingMethodAccessorImpl.java:43)
)

22-10-2025T11:49:21 - [TEST_STEP][PASSED] - click(findTestObject("Object Repository/TripFocus/Page_TripFocus/a_Users")): Object: 'Object Repository/TripFocus/Page_TripFocus/a_Users' is clicked on

22-10-2025T11:49:21 - [MESSAGE][PASSED] - Object: 'Object Repository/TripFocus/Page_TripFocus/a_Users' is clicked on

22-10-2025T11:49:21 - [TEST_STEP][PASSED] - delay(2): Delayed 2 second(s)

22-10-2025T11:49:23 - [MESSAGE][PASSED] - Delayed 2 second(s)

22-10-2025T11:49:23 - [TEST_STEP][PASSED] - setText(findTestObject("TripFocus/Users/User_Search_txt"), "ashfordSPGTesting"): Text 'ashfordSPGTesting' is set on object 'Object Repository/TripFocus/Users/User_Search_txt'

22-10-2025T11:49:24 - [MESSAGE][PASSED] - Text 'ashfordSPGTesting' is set on object 'Object Repository/TripFocus/Users/User_Search_txt'

22-10-2025T11:49:24 - [TEST_STEP][PASSED] - delay(2): Delayed 2 second(s)

22-10-2025T11:49:26 - [MESSAGE][PASSED] - Delayed 2 second(s)

22-10-2025T11:49:26 - [TEST_STEP][PASSED] - if (verifyElementVisible(findTestObject("TripFocus/Users/User_Delete_btn"), OPTIONAL) == true): null

22-10-2025T11:49:26 - [MESSAGE][PASSED] - Object 'Object Repository/TripFocus/Users/User_Delete_btn' is visible

22-10-2025T11:49:26 - [TEST_STEP][PASSED] - click(findTestObject("TripFocus/Users/User_Delete_btn")): Object: 'Object Repository/TripFocus/Users/User_Delete_btn' is clicked on

22-10-2025T11:49:26 - [MESSAGE][PASSED] - Object: 'Object Repository/TripFocus/Users/User_Delete_btn' is clicked on

22-10-2025T11:49:26 - [TEST_STEP][PASSED] - delay(1): Delayed 1 second(s)

22-10-2025T11:49:27 - [MESSAGE][PASSED] - Delayed 1 second(s)

22-10-2025T11:49:27 - [TEST_STEP][PASSED] - verifyElementVisible(findTestObject("TripFocus/Users/Yes_Delete_Delete_User_btn"), STOP_ON_FAILURE): Object 'Object Repository/TripFocus/Users/Yes_Delete_Delete_User_btn' is visible

22-10-2025T11:49:27 - [MESSAGE][PASSED] - Object 'Object Repository/TripFocus/Users/Yes_Delete_Delete_User_btn' is visible

22-10-2025T11:49:27 - [TEST_STEP][PASSED] - click(findTestObject("TripFocus/Users/Yes_Delete_Delete_User_btn"), STOP_ON_FAILURE): Object: 'Object Repository/TripFocus/Users/Yes_Delete_Delete_User_btn' is clicked on

22-10-2025T11:49:28 - [MESSAGE][PASSED] - Object: 'Object Repository/TripFocus/Users/Yes_Delete_Delete_User_btn' is clicked on

22-10-2025T11:49:28 - [TEST_STEP][PASSED] - delay(1): Delayed 1 second(s)

22-10-2025T11:49:29 - [MESSAGE][PASSED] - Delayed 1 second(s)

22-10-2025T11:49:29 - [TEST_STEP][PASSED] - verifyElementVisible(findTestObject("TripFocus/Toasty_Message"), STOP_ON_FAILURE): Object 'Object Repository/TripFocus/Toasty_Message' is visible

22-10-2025T11:49:29 - [MESSAGE][PASSED] - Object 'Object Repository/TripFocus/Toasty_Message' is visible

22-10-2025T11:49:29 - [TEST_STEP][PASSED] - verifyElementText(findTestObject("TripFocus/Toasty_Message"), "User deleted successfully."): Actual text and expected text of test object 'Object Repository/TripFocus/Toasty_Message' are matched.

22-10-2025T11:49:29 - [MESSAGE][PASSED] - Actual text and expected text of test object 'Object Repository/TripFocus/Toasty_Message' are matched.

22-10-2025T11:49:29 - [TEST_STEP][PASSED] - Start listener action : retryOnDisconnect: null

22-10-2025T11:49:29 - [TEST_STEP][PASSED] - tcId = testCaseContext.getTestCaseId(): null

22-10-2025T11:49:29 - [TEST_STEP][PASSED] - currentRetry = retryCounts.getOrDefault(tcId, 0): null

22-10-2025T11:49:29 - [TEST_STEP][PASSED] - if (testCaseContext.getTestCaseStatus() == "FAILED" && currentRetry < MAX_RETRIES): null]]></system-out>
         <system-err><![CDATA[]]></system-err>
      </testcase>
      <testcase name="Test Cases/TripFocus/SPG/SPG - UserPage/Create/Deleting SPG Customer Admin User" time="45.891" classname="Test Cases/TripFocus/SPG/SPG - UserPage/Create/Deleting SPG Customer Admin User" status="PASSED">
         <system-out><![CDATA[22-10-2025T11:49:29 - [TEST_CASE][PASSED] - Test Cases/TripFocus/SPG/SPG - UserPage/Create/Deleting SPG Customer Admin User: Test Cases/TripFocus/SPG/SPG - UserPage/Create/Deleting SPG Customer Admin User

22-10-2025T11:49:29 - [TEST_STEP][PASSED] - Start listener action : beforeTestCase: null

22-10-2025T11:49:29 - [TEST_STEP][PASSED] - addDefaultPackages(): null

22-10-2025T11:49:29 - [TEST_STEP][PASSED] - openBrowser(""): Browser is opened with url: ''

22-10-2025T11:49:29 - [MESSAGE][WARNING] - A browser is already opened. Closing browser and opening a new one

22-10-2025T11:49:29 - [MESSAGE][INFO] - Starting 'Chrome' driver

22-10-2025T11:49:29 - [MESSAGE][INFO] - User set preference: ['args', '[--no-sandbox, --disable-gpu, --disable-dev-shm-usage]']

22-10-2025T11:49:29 - [MESSAGE][INFO] - Action delay is set to 0 milliseconds

22-10-2025T11:49:30 - [MESSAGE][PASSED] - Browser is opened with url: ''

22-10-2025T11:49:30 - [TEST_STEP][PASSED] - navigateToUrl(TFBaseURL): Navigate to 'https://www.qa.tripfocus.com' successfully

22-10-2025T11:49:30 - [MESSAGE][PASSED] - Navigate to 'https://www.qa.tripfocus.com' successfully

22-10-2025T11:49:30 - [TEST_STEP][PASSED] - click(findTestObject("Object Repository/TripFocus/Page_TripFocus/button_Sign in")): Object: 'Object Repository/TripFocus/Page_TripFocus/button_Sign in' is clicked on

22-10-2025T11:49:30 - [MESSAGE][PASSED] - Object: 'Object Repository/TripFocus/Page_TripFocus/button_Sign in' is clicked on

22-10-2025T11:49:30 - [TEST_STEP][PASSED] - setText(findTestObject("Object Repository/TripFocus/Page_TripFocus/input_Username (e.g. email address)_Username"), TripFocusBleachTechSPGUsername): Text 'Ashford.Chenault+BleachtechCustomerSPGONLY@thekag.com' is set on object 'Object Repository/TripFocus/Page_TripFocus/input_Username (e.g. email address)_Username'

22-10-2025T11:49:31 - [MESSAGE][PASSED] - Text 'Ashford.Chenault+BleachtechCustomerSPGONLY@thekag.com' is set on object 'Object Repository/TripFocus/Page_TripFocus/input_Username (e.g. email address)_Username'

22-10-2025T11:49:31 - [TEST_STEP][PASSED] - setText(findTestObject("Object Repository/TripFocus/Page_TripFocus/input_Password_Password"), TripFocusFDGSPGPassword): Text 'CrashBan911!!' is set on object 'Object Repository/TripFocus/Page_TripFocus/input_Password_Password'

22-10-2025T11:49:31 - [MESSAGE][PASSED] - Text 'CrashBan911!!' is set on object 'Object Repository/TripFocus/Page_TripFocus/input_Password_Password'

22-10-2025T11:49:31 - [TEST_STEP][PASSED] - click(findTestObject("Object Repository/TripFocus/Page_TripFocus/button_Login")): Object: 'Object Repository/TripFocus/Page_TripFocus/button_Login' is clicked on

22-10-2025T11:49:31 - [MESSAGE][PASSED] - Object: 'Object Repository/TripFocus/Page_TripFocus/button_Login' is clicked on

22-10-2025T11:49:31 - [TEST_STEP][PASSED] - maximizeWindow(): Current window maximized

22-10-2025T11:49:32 - [MESSAGE][PASSED] - Current window maximized

22-10-2025T11:49:32 - [TEST_STEP][PASSED] - waitForElementVisible(findTestObject("TripFocus/Testing_Notification_btn"), 15, OPTIONAL): Web element with id: 'Object Repository/TripFocus/Testing_Notification_btn' located by '//*[@id="__BVID__10___BV_modal_footer_"]/button' not found

22-10-2025T11:49:48 - [MESSAGE][INFO] - Unable to find the element located by 'By.xpath: //*[@id="__BVID__10___BV_modal_footer_"]/button'. Please recheck the objects properties to make sure the desired element is located. 

22-10-2025T11:49:48 - [MESSAGE][WARNING] - [SELF-HEALING] Failed to find element with id 'Object Repository/TripFocus/Testing_Notification_btn'. Try using Self-healing.

22-10-2025T11:49:49 - [MESSAGE][INFO] - [SELF-HEALING] No working XPath is found.

22-10-2025T11:49:51 - [MESSAGE][INFO] - Unable to find the element located by 'By.xpath: '. Please recheck the objects properties to make sure the desired element is located. 

22-10-2025T11:49:51 - [MESSAGE][WARNING] - [SELF-HEALING] Cannot find elements when the selector is null

22-10-2025T11:49:51 - [MESSAGE][WARNING] - Web element with id: 'Object Repository/TripFocus/Testing_Notification_btn' located by '//*[@id="__BVID__10___BV_modal_footer_"]/button' not found

22-10-2025T11:49:51 - [TEST_STEP][PASSED] - if (verifyElementVisible(findTestObject("TripFocus/Testing_Notification_btn"), OPTIONAL) == true): Web element with id: 'Object Repository/TripFocus/Testing_Notification_btn' located by '//*[@id="__BVID__10___BV_modal_footer_"]/button' not found (Root cause: com.kms.katalon.core.exception.StepFailedException: Web element with id: 'Object Repository/TripFocus/Testing_Notification_btn' located by '//*[@id="__BVID__10___BV_modal_footer_"]/button' not found
	at com.kms.katalon.core.webui.keyword.internal.WebUIKeywordMain.stepFailed(WebUIKeywordMain.groovy:117)
	at com.kms.katalon.core.webui.keyword.builtin.VerifyElementVisibleKeyword$_verifyElementVisible_closure1.doCall(VerifyElementVisibleKeyword.groovy:89)
	at com.kms.katalon.core.webui.keyword.builtin.VerifyElementVisibleKeyword$_verifyElementVisible_closure1.call(VerifyElementVisibleKeyword.groovy)
	at com.kms.katalon.core.webui.keyword.internal.WebUIKeywordMain.runKeyword(WebUIKeywordMain.groovy:35)
	at com.kms.katalon.core.webui.keyword.builtin.VerifyElementVisibleKeyword.verifyElementVisible(VerifyElementVisibleKeyword.groovy:97)
	at com.kms.katalon.core.webui.keyword.builtin.VerifyElementVisibleKeyword.execute(VerifyElementVisibleKeyword.groovy:67)
	at com.kms.katalon.core.keyword.internal.KeywordExecutor.executeKeywordForPlatform(KeywordExecutor.groovy:74)
	at com.kms.katalon.core.webui.keyword.WebUiBuiltInKeywords.verifyElementVisible(WebUiBuiltInKeywords.groovy:401)
	at com.kms.katalon.core.webui.keyword.WebUiBuiltInKeywords$verifyElementVisible$5.call(Unknown Source)
	at Deleting SPG Customer Admin User.run(Deleting SPG Customer Admin User:38)
	at com.kms.katalon.core.main.ScriptEngine.run(ScriptEngine.java:194)
	at com.kms.katalon.core.main.ScriptEngine.runScriptAsRawText(ScriptEngine.java:119)
	at com.kms.katalon.core.main.TestCaseExecutor.runScript(TestCaseExecutor.java:448)
	at com.kms.katalon.core.main.TestCaseExecutor.doExecute(TestCaseExecutor.java:439)
	at com.kms.katalon.core.main.TestCaseExecutor.processExecutionPhase(TestCaseExecutor.java:418)
	at com.kms.katalon.core.main.TestCaseExecutor.accessMainPhase(TestCaseExecutor.java:410)
	at com.kms.katalon.core.main.TestCaseExecutor.execute(TestCaseExecutor.java:285)
	at com.kms.katalon.core.common.CommonExecutor.accessTestCaseMainPhase(CommonExecutor.java:65)
	at com.kms.katalon.core.main.TestSuiteExecutor.accessTestSuiteMainPhase(TestSuiteExecutor.java:150)
	at com.kms.katalon.core.main.TestSuiteExecutor.execute(TestSuiteExecutor.java:106)
	at com.kms.katalon.core.main.TestCaseMain.startTestSuite(TestCaseMain.java:180)
	at com.kms.katalon.core.main.TestCaseMain$startTestSuite$0.call(Unknown Source)
	at TempTestSuite1761139108993.run(TempTestSuite1761139108993.groovy:35)
	at java.base/jdk.internal.reflect.NativeMethodAccessorImpl.invoke0(Native Method)
	at java.base/jdk.internal.reflect.NativeMethodAccessorImpl.invoke(NativeMethodAccessorImpl.java:77)
	at java.base/jdk.internal.reflect.DelegatingMethodAccessorImpl.invoke(DelegatingMethodAccessorImpl.java:43)
)

22-10-2025T11:50:07 - [MESSAGE][INFO] - Unable to find the element located by 'By.xpath: //*[@id="__BVID__10___BV_modal_footer_"]/button'. Please recheck the objects properties to make sure the desired element is located. 

22-10-2025T11:50:07 - [MESSAGE][WARNING] - [SELF-HEALING] Failed to find element with id 'Object Repository/TripFocus/Testing_Notification_btn'. Try using Self-healing.

22-10-2025T11:50:08 - [MESSAGE][INFO] - [SELF-HEALING] No working XPath is found.

22-10-2025T11:50:10 - [MESSAGE][INFO] - Unable to find the element located by 'By.xpath: '. Please recheck the objects properties to make sure the desired element is located. 

22-10-2025T11:50:10 - [MESSAGE][WARNING] - [SELF-HEALING] Cannot find elements when the selector is null

22-10-2025T11:50:10 - [MESSAGE][WARNING] - Web element with id: 'Object Repository/TripFocus/Testing_Notification_btn' located by '//*[@id="__BVID__10___BV_modal_footer_"]/button' not found (Root cause: com.kms.katalon.core.exception.StepFailedException: Web element with id: 'Object Repository/TripFocus/Testing_Notification_btn' located by '//*[@id="__BVID__10___BV_modal_footer_"]/button' not found
	at com.kms.katalon.core.webui.keyword.internal.WebUIKeywordMain.stepFailed(WebUIKeywordMain.groovy:117)
	at com.kms.katalon.core.webui.keyword.builtin.VerifyElementVisibleKeyword$_verifyElementVisible_closure1.doCall(VerifyElementVisibleKeyword.groovy:89)
	at com.kms.katalon.core.webui.keyword.builtin.VerifyElementVisibleKeyword$_verifyElementVisible_closure1.call(VerifyElementVisibleKeyword.groovy)
	at com.kms.katalon.core.webui.keyword.internal.WebUIKeywordMain.runKeyword(WebUIKeywordMain.groovy:35)
	at com.kms.katalon.core.webui.keyword.builtin.VerifyElementVisibleKeyword.verifyElementVisible(VerifyElementVisibleKeyword.groovy:97)
	at com.kms.katalon.core.webui.keyword.builtin.VerifyElementVisibleKeyword.execute(VerifyElementVisibleKeyword.groovy:67)
	at com.kms.katalon.core.keyword.internal.KeywordExecutor.executeKeywordForPlatform(KeywordExecutor.groovy:74)
	at com.kms.katalon.core.webui.keyword.WebUiBuiltInKeywords.verifyElementVisible(WebUiBuiltInKeywords.groovy:401)
	at com.kms.katalon.core.webui.keyword.WebUiBuiltInKeywords$verifyElementVisible$5.call(Unknown Source)
	at Deleting SPG Customer Admin User.run(Deleting SPG Customer Admin User:38)
	at com.kms.katalon.core.main.ScriptEngine.run(ScriptEngine.java:194)
	at com.kms.katalon.core.main.ScriptEngine.runScriptAsRawText(ScriptEngine.java:119)
	at com.kms.katalon.core.main.TestCaseExecutor.runScript(TestCaseExecutor.java:448)
	at com.kms.katalon.core.main.TestCaseExecutor.doExecute(TestCaseExecutor.java:439)
	at com.kms.katalon.core.main.TestCaseExecutor.processExecutionPhase(TestCaseExecutor.java:418)
	at com.kms.katalon.core.main.TestCaseExecutor.accessMainPhase(TestCaseExecutor.java:410)
	at com.kms.katalon.core.main.TestCaseExecutor.execute(TestCaseExecutor.java:285)
	at com.kms.katalon.core.common.CommonExecutor.accessTestCaseMainPhase(CommonExecutor.java:65)
	at com.kms.katalon.core.main.TestSuiteExecutor.accessTestSuiteMainPhase(TestSuiteExecutor.java:150)
	at com.kms.katalon.core.main.TestSuiteExecutor.execute(TestSuiteExecutor.java:106)
	at com.kms.katalon.core.main.TestCaseMain.startTestSuite(TestCaseMain.java:180)
	at com.kms.katalon.core.main.TestCaseMain$startTestSuite$0.call(Unknown Source)
	at TempTestSuite1761139108993.run(TempTestSuite1761139108993.groovy:35)
	at java.base/jdk.internal.reflect.NativeMethodAccessorImpl.invoke0(Native Method)
	at java.base/jdk.internal.reflect.NativeMethodAccessorImpl.invoke(NativeMethodAccessorImpl.java:77)
	at java.base/jdk.internal.reflect.DelegatingMethodAccessorImpl.invoke(DelegatingMethodAccessorImpl.java:43)
)

22-10-2025T11:50:10 - [TEST_STEP][PASSED] - click(findTestObject("Object Repository/TripFocus/Page_TripFocus/a_Users")): Object: 'Object Repository/TripFocus/Page_TripFocus/a_Users' is clicked on

22-10-2025T11:50:10 - [MESSAGE][PASSED] - Object: 'Object Repository/TripFocus/Page_TripFocus/a_Users' is clicked on

22-10-2025T11:50:10 - [TEST_STEP][PASSED] - setText(findTestObject("TripFocus/Users/User_Search_txt"), "ashfordAdminSPGTesting"): Text 'ashfordAdminSPGTesting' is set on object 'Object Repository/TripFocus/Users/User_Search_txt'

22-10-2025T11:50:10 - [MESSAGE][PASSED] - Text 'ashfordAdminSPGTesting' is set on object 'Object Repository/TripFocus/Users/User_Search_txt'

22-10-2025T11:50:10 - [TEST_STEP][PASSED] - delay(2): Delayed 2 second(s)

22-10-2025T11:50:12 - [MESSAGE][PASSED] - Delayed 2 second(s)

22-10-2025T11:50:12 - [TEST_STEP][PASSED] - click(findTestObject("TripFocus/Users/User_Delete_btn")): Object: 'Object Repository/TripFocus/Users/User_Delete_btn' is clicked on

22-10-2025T11:50:12 - [MESSAGE][PASSED] - Object: 'Object Repository/TripFocus/Users/User_Delete_btn' is clicked on

22-10-2025T11:50:12 - [TEST_STEP][PASSED] - delay(1): Delayed 1 second(s)

22-10-2025T11:50:13 - [MESSAGE][PASSED] - Delayed 1 second(s)

22-10-2025T11:50:13 - [TEST_STEP][PASSED] - verifyElementVisible(findTestObject("TripFocus/Users/Yes_Delete_Delete_User_btn"), STOP_ON_FAILURE): Object 'Object Repository/TripFocus/Users/Yes_Delete_Delete_User_btn' is visible

22-10-2025T11:50:13 - [MESSAGE][PASSED] - Object 'Object Repository/TripFocus/Users/Yes_Delete_Delete_User_btn' is visible

22-10-2025T11:50:13 - [TEST_STEP][PASSED] - click(findTestObject("TripFocus/Users/Yes_Delete_Delete_User_btn"), STOP_ON_FAILURE): Object: 'Object Repository/TripFocus/Users/Yes_Delete_Delete_User_btn' is clicked on

22-10-2025T11:50:14 - [MESSAGE][PASSED] - Object: 'Object Repository/TripFocus/Users/Yes_Delete_Delete_User_btn' is clicked on

22-10-2025T11:50:14 - [TEST_STEP][PASSED] - delay(1): Delayed 1 second(s)

22-10-2025T11:50:15 - [MESSAGE][PASSED] - Delayed 1 second(s)

22-10-2025T11:50:15 - [TEST_STEP][PASSED] - verifyElementVisible(findTestObject("TripFocus/Toasty_Message"), STOP_ON_FAILURE): Object 'Object Repository/TripFocus/Toasty_Message' is visible

22-10-2025T11:50:15 - [MESSAGE][PASSED] - Object 'Object Repository/TripFocus/Toasty_Message' is visible

22-10-2025T11:50:15 - [TEST_STEP][PASSED] - verifyElementText(findTestObject("TripFocus/Toasty_Message"), "User deleted successfully."): Actual text and expected text of test object 'Object Repository/TripFocus/Toasty_Message' are matched.

22-10-2025T11:50:15 - [MESSAGE][PASSED] - Actual text and expected text of test object 'Object Repository/TripFocus/Toasty_Message' are matched.

22-10-2025T11:50:15 - [TEST_STEP][PASSED] - Start listener action : retryOnDisconnect: null

22-10-2025T11:50:15 - [TEST_STEP][PASSED] - tcId = testCaseContext.getTestCaseId(): null

22-10-2025T11:50:15 - [TEST_STEP][PASSED] - currentRetry = retryCounts.getOrDefault(tcId, 0): null

22-10-2025T11:50:15 - [TEST_STEP][PASSED] - if (testCaseContext.getTestCaseStatus() == "FAILED" && currentRetry < MAX_RETRIES): null]]></system-out>
         <system-err><![CDATA[]]></system-err>
      </testcase>
      <system-out><![CDATA[22-10-2025T11:12:40 - [TEST_SUITE][FAILED] - SPG - UserPage: Test Cases/TripFocus/SPG/SPG - UserPage/Edit/Data Restrictions/Add Divisions Data Restrictions FAILED.
Reason:
com.kms.katalon.core.exception.StepFailedException: Unable to click on object 'Object Repository/TripFocus/Users/Data Restrictions/Data_Restrictions_tab'
	at com.kms.katalon.core.webui.keyword.internal.WebUIKeywordMain.stepFailed(WebUIKeywordMain.groovy:117)
	at com.kms.katalon.core.webui.keyword.internal.WebUIKeywordMain.runKeyword(WebUIKeywordMain.groovy:43)
	at com.kms.katalon.core.webui.keyword.builtin.ClickKeyword.click(ClickKeyword.groovy:74)
	at com.kms.katalon.core.webui.keyword.builtin.ClickKeyword.execute(ClickKeyword.groovy:40)
	at com.kms.katalon.core.keyword.internal.KeywordExecutor.executeKeywordForPlatform(KeywordExecutor.groovy:74)
	at com.kms.katalon.core.webui.keyword.WebUiBuiltInKeywords.click(WebUiBuiltInKeywords.groovy:659)
	at com.kms.katalon.core.webui.keyword.WebUiBuiltInKeywords$click$1.call(Unknown Source)
	at Add Divisions Data Restrictions.run(Add Divisions Data Restrictions:56)
	at com.kms.katalon.core.main.ScriptEngine.run(ScriptEngine.java:194)
	at com.kms.katalon.core.main.ScriptEngine.runScriptAsRawText(ScriptEngine.java:119)
	at com.kms.katalon.core.main.TestCaseExecutor.runScript(TestCaseExecutor.java:448)
	at com.kms.katalon.core.main.TestCaseExecutor.doExecute(TestCaseExecutor.java:439)
	at com.kms.katalon.core.main.TestCaseExecutor.processExecutionPhase(TestCaseExecutor.java:418)
	at com.kms.katalon.core.main.TestCaseExecutor.accessMainPhase(TestCaseExecutor.java:410)
	at com.kms.katalon.core.main.TestCaseExecutor.execute(TestCaseExecutor.java:285)
	at com.kms.katalon.core.common.CommonExecutor.accessTestCaseMainPhase(CommonExecutor.java:65)
	at com.kms.katalon.core.main.TestSuiteExecutor.accessTestSuiteMainPhase(TestSuiteExecutor.java:150)
	at com.kms.katalon.core.main.TestSuiteExecutor.execute(TestSuiteExecutor.java:106)
	at com.kms.katalon.core.main.TestCaseMain.startTestSuite(TestCaseMain.java:180)
	at com.kms.katalon.core.main.TestCaseMain$startTestSuite$0.call(Unknown Source)
	at TempTestSuite1761139108993.run(TempTestSuite1761139108993.groovy:35)
	at java.base/jdk.internal.reflect.NativeMethodAccessorImpl.invoke0(Native Method)
	at java.base/jdk.internal.reflect.NativeMethodAccessorImpl.invoke(NativeMethodAccessorImpl.java:77)
	at java.base/jdk.internal.reflect.DelegatingMethodAccessorImpl.invoke(DelegatingMethodAccessorImpl.java:43)
Caused by: com.kms.katalon.core.webui.exception.WebElementNotFoundException: Web element with id: 'Object Repository/TripFocus/Users/Data Restrictions/Data_Restrictions_tab' located by '/html/body/div/div[2]/div/main/div/div[2]/div/div/div/div[3]/div[1]/ul/li[3]/a' not found
	at com.kms.katalon.core.webui.common.WebUiCommonHelper.findWebElement(WebUiCommonHelper.java:1423)
	at com.kms.katalon.core.webui.keyword.internal.WebUIAbstractKeyword.findWebElement(WebUIAbstractKeyword.groovy:27)
	at com.kms.katalon.core.webui.keyword.builtin.ClickKeyword$_click_closure1.doCall(ClickKeyword.groovy:65)
	at com.kms.katalon.core.webui.keyword.builtin.ClickKeyword$_click_closure1.call(ClickKeyword.groovy)
	at com.kms.katalon.core.webui.keyword.internal.WebUIKeywordMain.runKeyword(WebUIKeywordMain.groovy:35)
	... 22 more]]></system-out>
      <system-err><![CDATA[22-10-2025T11:12:40 - [TEST_SUITE][FAILED] - SPG - UserPage: Test Cases/TripFocus/SPG/SPG - UserPage/Edit/Data Restrictions/Add Divisions Data Restrictions FAILED.
Reason:
com.kms.katalon.core.exception.StepFailedException: Unable to click on object 'Object Repository/TripFocus/Users/Data Restrictions/Data_Restrictions_tab'
	at com.kms.katalon.core.webui.keyword.internal.WebUIKeywordMain.stepFailed(WebUIKeywordMain.groovy:117)
	at com.kms.katalon.core.webui.keyword.internal.WebUIKeywordMain.runKeyword(WebUIKeywordMain.groovy:43)
	at com.kms.katalon.core.webui.keyword.builtin.ClickKeyword.click(ClickKeyword.groovy:74)
	at com.kms.katalon.core.webui.keyword.builtin.ClickKeyword.execute(ClickKeyword.groovy:40)
	at com.kms.katalon.core.keyword.internal.KeywordExecutor.executeKeywordForPlatform(KeywordExecutor.groovy:74)
	at com.kms.katalon.core.webui.keyword.WebUiBuiltInKeywords.click(WebUiBuiltInKeywords.groovy:659)
	at com.kms.katalon.core.webui.keyword.WebUiBuiltInKeywords$click$1.call(Unknown Source)
	at Add Divisions Data Restrictions.run(Add Divisions Data Restrictions:56)
	at com.kms.katalon.core.main.ScriptEngine.run(ScriptEngine.java:194)
	at com.kms.katalon.core.main.ScriptEngine.runScriptAsRawText(ScriptEngine.java:119)
	at com.kms.katalon.core.main.TestCaseExecutor.runScript(TestCaseExecutor.java:448)
	at com.kms.katalon.core.main.TestCaseExecutor.doExecute(TestCaseExecutor.java:439)
	at com.kms.katalon.core.main.TestCaseExecutor.processExecutionPhase(TestCaseExecutor.java:418)
	at com.kms.katalon.core.main.TestCaseExecutor.accessMainPhase(TestCaseExecutor.java:410)
	at com.kms.katalon.core.main.TestCaseExecutor.execute(TestCaseExecutor.java:285)
	at com.kms.katalon.core.common.CommonExecutor.accessTestCaseMainPhase(CommonExecutor.java:65)
	at com.kms.katalon.core.main.TestSuiteExecutor.accessTestSuiteMainPhase(TestSuiteExecutor.java:150)
	at com.kms.katalon.core.main.TestSuiteExecutor.execute(TestSuiteExecutor.java:106)
	at com.kms.katalon.core.main.TestCaseMain.startTestSuite(TestCaseMain.java:180)
	at com.kms.katalon.core.main.TestCaseMain$startTestSuite$0.call(Unknown Source)
	at TempTestSuite1761139108993.run(TempTestSuite1761139108993.groovy:35)
	at java.base/jdk.internal.reflect.NativeMethodAccessorImpl.invoke0(Native Method)
	at java.base/jdk.internal.reflect.NativeMethodAccessorImpl.invoke(NativeMethodAccessorImpl.java:77)
	at java.base/jdk.internal.reflect.DelegatingMethodAccessorImpl.invoke(DelegatingMethodAccessorImpl.java:43)
Caused by: com.kms.katalon.core.webui.exception.WebElementNotFoundException: Web element with id: 'Object Repository/TripFocus/Users/Data Restrictions/Data_Restrictions_tab' located by '/html/body/div/div[2]/div/main/div/div[2]/div/div/div/div[3]/div[1]/ul/li[3]/a' not found
	at com.kms.katalon.core.webui.common.WebUiCommonHelper.findWebElement(WebUiCommonHelper.java:1423)
	at com.kms.katalon.core.webui.keyword.internal.WebUIAbstractKeyword.findWebElement(WebUIAbstractKeyword.groovy:27)
	at com.kms.katalon.core.webui.keyword.builtin.ClickKeyword$_click_closure1.doCall(ClickKeyword.groovy:65)
	at com.kms.katalon.core.webui.keyword.builtin.ClickKeyword$_click_closure1.call(ClickKeyword.groovy)
	at com.kms.katalon.core.webui.keyword.internal.WebUIKeywordMain.runKeyword(WebUIKeywordMain.groovy:35)
	... 22 more]]></system-err>
   </testsuite>
</testsuites>
