<?xml version="1.0" encoding="UTF-8"?>
<testsuites name="KGL Admin - Sites - Orders" time="1285.516" tests="22" failures="7" errors="0">
   <testsuite name="KGL Admin - Sites - Orders" tests="22" failures="7" errors="0" time="1285.516" skipped="0" timestamp="21-10-2025T20:35:49" hostname="DC1ADOBLD01$ - DC1ADOBLD01.thekag.com" id="Test Suites/FIM/Regression/UI/KGL/KGL Admin - Sites - Orders">
      <properties>
         <property name="deviceName" value=""/>
         <property name="devicePlatform"/>
         <property name="logFolder" value="D:\\ADOagent\\vsts-agent-win-x64-2.217.2\\_work\\892\\s\\Reports\\20251021_195215\\FIM\\Regression\\UI\\KGL\\KGL Admin - Sites - Orders\\20251021_195249"/>
         <property name="logFiles" value="D:\\ADOagent\\vsts-agent-win-x64-2.217.2\\_work\\892\\s\\Reports\\20251021_195215\\FIM\\Regression\\UI\\KGL\\KGL Admin - Sites - Orders\\20251021_195249\\execution0.log"/>
         <property name="attachments" value=""/>
         <property name="hostName" value="DC1ADOBLD01$ - DC1ADOBLD01.thekag.com"/>
         <property name="os" value="Windows Server 2019 64bit"/>
         <property name="katalonVersion" value="9.7.5.223"/>
         <property name="browser" value="Chrome 141.0.0.0"/>
         <property name="hostAddress" value="10.2.20.71"/>
         <property name="sessionId" value="1fd84867e6163037bd2e92507ad316e8"/>
         <property name="seleniumVersion" value="3.141.59"/>
         <property name="proxyInformation" value="ProxyInformation { proxyOption=NO_PROXY, proxyServerType=HTTP, username=, password=********, proxyServerAddress=, proxyServerPort=0, executionList=&quot;&quot;, isApplyToDesiredCapabilities=true }"/>
         <property name="platform" value="Windows Server 2019"/>
      </properties>
      <testcase name="Test Cases/FIM/UI/KGL/Admin/Sites Page/Orders/Can Not Create Order Greater than Safe Fill" time="51.641" classname="Test Cases/FIM/UI/KGL/Admin/Sites Page/Orders/Can Not Create Order Greater than Safe Fill" status="PASSED">
         <system-out><![CDATA[21-10-2025T20:35:49 - [TEST_CASE][PASSED] - Test Cases/FIM/UI/KGL/Admin/Sites Page/Orders/Can Not Create Order Greater than Safe Fill: Test Cases/FIM/UI/KGL/Admin/Sites Page/Orders/Can Not Create Order Greater than Safe Fill

21-10-2025T20:35:49 - [TEST_STEP][PASSED] - Start listener action : beforeTestCase: null

21-10-2025T20:35:49 - [TEST_STEP][PASSED] - addDefaultPackages(): null

21-10-2025T20:35:49 - [TEST_STEP][PASSED] - i = 0: null

21-10-2025T20:35:49 - [TEST_STEP][PASSED] - callTestCase(findTestCase("Utility Scripts/FIM KGL Admin Login"), [:], STOP_ON_FAILURE): Call Test Case 'Test Cases/Utility Scripts/FIM KGL Admin Login' successfully

21-10-2025T20:35:49 - [TEST_CASE][PASSED] - Test Cases/Utility Scripts/FIM KGL Admin Login: Test Cases/Utility Scripts/FIM KGL Admin Login

21-10-2025T20:35:49 - [TEST_STEP][PASSED] - openBrowser(""): Browser is opened with url: ''

21-10-2025T20:35:50 - [MESSAGE][INFO] - Starting 'Chrome' driver

21-10-2025T20:35:50 - [MESSAGE][INFO] - User set preference: ['args', '[--no-sandbox, --disable-gpu, --disable-dev-shm-usage]']

21-10-2025T20:35:50 - [MESSAGE][INFO] - Action delay is set to 0 milliseconds

21-10-2025T20:35:52 - [MESSAGE][PASSED] - Browser is opened with url: ''

21-10-2025T20:35:52 - [TEST_STEP][PASSED] - delay(1): Delayed 1 second(s)

21-10-2025T20:35:53 - [MESSAGE][PASSED] - Delayed 1 second(s)

21-10-2025T20:35:53 - [TEST_STEP][PASSED] - navigateToUrl(KGLCustomGroupUrl): Navigate to 'https://kaglogistics-inventory-management-portal.qa.thekag.com/custom-group/' successfully

21-10-2025T20:35:54 - [MESSAGE][PASSED] - Navigate to 'https://kaglogistics-inventory-management-portal.qa.thekag.com/custom-group/' successfully

21-10-2025T20:35:54 - [TEST_STEP][PASSED] - delay(10): Delayed 10 second(s)

21-10-2025T20:36:04 - [MESSAGE][PASSED] - Delayed 10 second(s)

21-10-2025T20:36:04 - [TEST_STEP][PASSED] - if (maximizeWindow == true): Delayed 1 second(s)

21-10-2025T20:36:04 - [TEST_STEP][PASSED] - maximizeWindow(STOP_ON_FAILURE): Current window maximized

21-10-2025T20:36:04 - [MESSAGE][PASSED] - Current window maximized

21-10-2025T20:36:04 - [TEST_STEP][PASSED] - delay(1): Delayed 1 second(s)

21-10-2025T20:36:05 - [MESSAGE][PASSED] - Delayed 1 second(s)

21-10-2025T20:36:05 - [TEST_STEP][PASSED] - waitForElementPresent(findTestObject("FIM/Username_txt"), 10): Object 'Object Repository/FIM/Username_txt' is present

21-10-2025T20:36:05 - [MESSAGE][PASSED] - Object 'Object Repository/FIM/Username_txt' is present

21-10-2025T20:36:05 - [TEST_STEP][PASSED] - setText(findTestObject("FIM/Username_txt"), FIMUsername): Text 'Chris.Sheldon+DES_QA@Thekag.com' is set on object 'Object Repository/FIM/Username_txt'

21-10-2025T20:36:05 - [MESSAGE][PASSED] - Text 'Chris.Sheldon+DES_QA@Thekag.com' is set on object 'Object Repository/FIM/Username_txt'

21-10-2025T20:36:05 - [TEST_STEP][PASSED] - delay(1): Delayed 1 second(s)

21-10-2025T20:36:06 - [MESSAGE][PASSED] - Delayed 1 second(s)

21-10-2025T20:36:06 - [TEST_STEP][PASSED] - setText(findTestObject("FIM/Password_txt"), FIMPassword): Text 'QATest!2' is set on object 'Object Repository/FIM/Password_txt'

21-10-2025T20:36:06 - [MESSAGE][PASSED] - Text 'QATest!2' is set on object 'Object Repository/FIM/Password_txt'

21-10-2025T20:36:06 - [TEST_STEP][PASSED] - delay(1): Delayed 1 second(s)

21-10-2025T20:36:07 - [MESSAGE][PASSED] - Delayed 1 second(s)

21-10-2025T20:36:07 - [TEST_STEP][PASSED] - click(findTestObject("FIM/Login_btn")): Object: 'Object Repository/FIM/Login_btn' is clicked on

21-10-2025T20:36:08 - [MESSAGE][PASSED] - Object: 'Object Repository/FIM/Login_btn' is clicked on

21-10-2025T20:36:08 - [MESSAGE][PASSED] - Call Test Case 'Test Cases/Utility Scripts/FIM KGL Admin Login' successfully

21-10-2025T20:36:08 - [TEST_STEP][PASSED] - if (verifyElementVisible(findTestObject("FIM/Server_Notification_Close_btn"), OPTIONAL) == true): Web element with id: 'Object Repository/FIM/Server_Notification_Close_btn' located by '/html/body/div/div[1]/button' not found (Root cause: com.kms.katalon.core.exception.StepFailedException: Web element with id: 'Object Repository/FIM/Server_Notification_Close_btn' located by '/html/body/div/div[1]/button' not found
	at com.kms.katalon.core.webui.keyword.internal.WebUIKeywordMain.stepFailed(WebUIKeywordMain.groovy:117)
	at com.kms.katalon.core.webui.keyword.builtin.VerifyElementVisibleKeyword$_verifyElementVisible_closure1.doCall(VerifyElementVisibleKeyword.groovy:89)
	at com.kms.katalon.core.webui.keyword.builtin.VerifyElementVisibleKeyword$_verifyElementVisible_closure1.call(VerifyElementVisibleKeyword.groovy)
	at com.kms.katalon.core.webui.keyword.internal.WebUIKeywordMain.runKeyword(WebUIKeywordMain.groovy:35)
	at com.kms.katalon.core.webui.keyword.builtin.VerifyElementVisibleKeyword.verifyElementVisible(VerifyElementVisibleKeyword.groovy:97)
	at com.kms.katalon.core.webui.keyword.builtin.VerifyElementVisibleKeyword.execute(VerifyElementVisibleKeyword.groovy:67)
	at com.kms.katalon.core.keyword.internal.KeywordExecutor.executeKeywordForPlatform(KeywordExecutor.groovy:74)
	at com.kms.katalon.core.webui.keyword.WebUiBuiltInKeywords.verifyElementVisible(WebUiBuiltInKeywords.groovy:401)
	at com.kms.katalon.core.webui.keyword.WebUiBuiltInKeywords$verifyElementVisible$5.call(Unknown Source)
	at Can Not Create Order Greater than Safe Fill.run(Can Not Create Order Greater than Safe Fill:24)
	at com.kms.katalon.core.main.ScriptEngine.run(ScriptEngine.java:194)
	at com.kms.katalon.core.main.ScriptEngine.runScriptAsRawText(ScriptEngine.java:119)
	at com.kms.katalon.core.main.TestCaseExecutor.runScript(TestCaseExecutor.java:448)
	at com.kms.katalon.core.main.TestCaseExecutor.doExecute(TestCaseExecutor.java:439)
	at com.kms.katalon.core.main.TestCaseExecutor.processExecutionPhase(TestCaseExecutor.java:418)
	at com.kms.katalon.core.main.TestCaseExecutor.accessMainPhase(TestCaseExecutor.java:410)
	at com.kms.katalon.core.main.TestCaseExecutor.execute(TestCaseExecutor.java:285)
	at com.kms.katalon.core.common.CommonExecutor.accessTestCaseMainPhase(CommonExecutor.java:65)
	at com.kms.katalon.core.main.TestSuiteExecutor.accessTestSuiteMainPhase(TestSuiteExecutor.java:150)
	at com.kms.katalon.core.main.TestSuiteExecutor.execute(TestSuiteExecutor.java:106)
	at com.kms.katalon.core.main.TestCaseMain.startTestSuite(TestCaseMain.java:180)
	at com.kms.katalon.core.main.TestCaseMain$startTestSuite$0.call(Unknown Source)
	at TempTestSuite1761090769781.run(TempTestSuite1761090769781.groovy:35)
	at java.base/jdk.internal.reflect.NativeMethodAccessorImpl.invoke0(Native Method)
	at java.base/jdk.internal.reflect.NativeMethodAccessorImpl.invoke(NativeMethodAccessorImpl.java:77)
	at java.base/jdk.internal.reflect.DelegatingMethodAccessorImpl.invoke(DelegatingMethodAccessorImpl.java:43)
)

21-10-2025T20:36:24 - [MESSAGE][INFO] - Unable to find the element located by 'By.xpath: /html/body/div/div[1]/button'. Please recheck the objects properties to make sure the desired element is located. 

21-10-2025T20:36:24 - [MESSAGE][WARNING] - [SELF-HEALING] Failed to find element with id 'Object Repository/FIM/Server_Notification_Close_btn'. Try using Self-healing.

21-10-2025T20:36:25 - [MESSAGE][INFO] - [SELF-HEALING] No working XPath is found.

21-10-2025T20:36:27 - [MESSAGE][INFO] - Unable to find the element located by 'By.xpath: '. Please recheck the objects properties to make sure the desired element is located. 

21-10-2025T20:36:27 - [MESSAGE][WARNING] - [SELF-HEALING] Cannot find elements when the selector is null

21-10-2025T20:36:27 - [MESSAGE][WARNING] - Web element with id: 'Object Repository/FIM/Server_Notification_Close_btn' located by '/html/body/div/div[1]/button' not found (Root cause: com.kms.katalon.core.exception.StepFailedException: Web element with id: 'Object Repository/FIM/Server_Notification_Close_btn' located by '/html/body/div/div[1]/button' not found
	at com.kms.katalon.core.webui.keyword.internal.WebUIKeywordMain.stepFailed(WebUIKeywordMain.groovy:117)
	at com.kms.katalon.core.webui.keyword.builtin.VerifyElementVisibleKeyword$_verifyElementVisible_closure1.doCall(VerifyElementVisibleKeyword.groovy:89)
	at com.kms.katalon.core.webui.keyword.builtin.VerifyElementVisibleKeyword$_verifyElementVisible_closure1.call(VerifyElementVisibleKeyword.groovy)
	at com.kms.katalon.core.webui.keyword.internal.WebUIKeywordMain.runKeyword(WebUIKeywordMain.groovy:35)
	at com.kms.katalon.core.webui.keyword.builtin.VerifyElementVisibleKeyword.verifyElementVisible(VerifyElementVisibleKeyword.groovy:97)
	at com.kms.katalon.core.webui.keyword.builtin.VerifyElementVisibleKeyword.execute(VerifyElementVisibleKeyword.groovy:67)
	at com.kms.katalon.core.keyword.internal.KeywordExecutor.executeKeywordForPlatform(KeywordExecutor.groovy:74)
	at com.kms.katalon.core.webui.keyword.WebUiBuiltInKeywords.verifyElementVisible(WebUiBuiltInKeywords.groovy:401)
	at com.kms.katalon.core.webui.keyword.WebUiBuiltInKeywords$verifyElementVisible$5.call(Unknown Source)
	at Can Not Create Order Greater than Safe Fill.run(Can Not Create Order Greater than Safe Fill:24)
	at com.kms.katalon.core.main.ScriptEngine.run(ScriptEngine.java:194)
	at com.kms.katalon.core.main.ScriptEngine.runScriptAsRawText(ScriptEngine.java:119)
	at com.kms.katalon.core.main.TestCaseExecutor.runScript(TestCaseExecutor.java:448)
	at com.kms.katalon.core.main.TestCaseExecutor.doExecute(TestCaseExecutor.java:439)
	at com.kms.katalon.core.main.TestCaseExecutor.processExecutionPhase(TestCaseExecutor.java:418)
	at com.kms.katalon.core.main.TestCaseExecutor.accessMainPhase(TestCaseExecutor.java:410)
	at com.kms.katalon.core.main.TestCaseExecutor.execute(TestCaseExecutor.java:285)
	at com.kms.katalon.core.common.CommonExecutor.accessTestCaseMainPhase(CommonExecutor.java:65)
	at com.kms.katalon.core.main.TestSuiteExecutor.accessTestSuiteMainPhase(TestSuiteExecutor.java:150)
	at com.kms.katalon.core.main.TestSuiteExecutor.execute(TestSuiteExecutor.java:106)
	at com.kms.katalon.core.main.TestCaseMain.startTestSuite(TestCaseMain.java:180)
	at com.kms.katalon.core.main.TestCaseMain$startTestSuite$0.call(Unknown Source)
	at TempTestSuite1761090769781.run(TempTestSuite1761090769781.groovy:35)
	at java.base/jdk.internal.reflect.NativeMethodAccessorImpl.invoke0(Native Method)
	at java.base/jdk.internal.reflect.NativeMethodAccessorImpl.invoke(NativeMethodAccessorImpl.java:77)
	at java.base/jdk.internal.reflect.DelegatingMethodAccessorImpl.invoke(DelegatingMethodAccessorImpl.java:43)
)

21-10-2025T20:36:27 - [TEST_STEP][PASSED] - delay(1): Delayed 1 second(s)

21-10-2025T20:36:28 - [MESSAGE][PASSED] - Delayed 1 second(s)

21-10-2025T20:36:28 - [TEST_STEP][PASSED] - click(findTestObject("FIM/Hamburger Menu List/Hamburger_menu")): Object: 'Object Repository/FIM/Hamburger Menu List/Hamburger_menu' is clicked on

21-10-2025T20:36:28 - [MESSAGE][PASSED] - Object: 'Object Repository/FIM/Hamburger Menu List/Hamburger_menu' is clicked on

21-10-2025T20:36:28 - [TEST_STEP][PASSED] - verifyElementPresent(findTestObject("FIM/Hamburger Menu List/Sites_list (1)"), 10): Object 'Object Repository/FIM/Hamburger Menu List/Sites_list (1)' is present

21-10-2025T20:36:28 - [MESSAGE][PASSED] - Object 'Object Repository/FIM/Hamburger Menu List/Sites_list (1)' is present

21-10-2025T20:36:28 - [TEST_STEP][PASSED] - delay(1): Delayed 1 second(s)

21-10-2025T20:36:29 - [MESSAGE][PASSED] - Delayed 1 second(s)

21-10-2025T20:36:29 - [TEST_STEP][PASSED] - click(findTestObject("FIM/Hamburger Menu List/Sites_list (1)")): Object: 'Object Repository/FIM/Hamburger Menu List/Sites_list (1)' is clicked on

21-10-2025T20:36:29 - [MESSAGE][PASSED] - Object: 'Object Repository/FIM/Hamburger Menu List/Sites_list (1)' is clicked on

21-10-2025T20:36:29 - [TEST_STEP][PASSED] - waitForElementPresent(findTestObject("FIM/Sites Page/Calculator/Calculator Tab"), 10): Object 'Object Repository/FIM/Sites Page/Calculator/Calculator Tab' is present

21-10-2025T20:36:31 - [MESSAGE][PASSED] - Object 'Object Repository/FIM/Sites Page/Calculator/Calculator Tab' is present

21-10-2025T20:36:31 - [TEST_STEP][PASSED] - selectOptionByLabel(findTestObject("FIM/Sites Page/Site Filtering/Region Selection_dropdown"), "KAG LOGISTICS", false): All options with label 'KAG LOGISTICS' are selected in object 'Object Repository/FIM/Sites Page/Site Filtering/Region Selection_dropdown' 

21-10-2025T20:36:31 - [MESSAGE][PASSED] - All options with label 'KAG LOGISTICS' are selected in object 'Object Repository/FIM/Sites Page/Site Filtering/Region Selection_dropdown' 

21-10-2025T20:36:31 - [TEST_STEP][PASSED] - while (i < 60 == true): null

21-10-2025T20:36:31 - [TEST_STEP][PASSED] - sendKeys(findTestObject("FIM/Sites Page/Site Filtering/Site_txt"), Keys.chord(BACK_SPACE), STOP_ON_FAILURE): Keys 'BACK_SPACE + ' sent to object: 'Object Repository/FIM/Sites Page/Site Filtering/Site_txt'

21-10-2025T20:36:32 - [MESSAGE][PASSED] - Keys 'BACK_SPACE + ' sent to object: 'Object Repository/FIM/Sites Page/Site Filtering/Site_txt'

21-10-2025T20:36:32 - [TEST_STEP][PASSED] - (i++): null

21-10-2025T20:36:32 - [TEST_STEP][PASSED] - sendKeys(findTestObject("FIM/Sites Page/Site Filtering/Site_txt"), Keys.chord(BACK_SPACE), STOP_ON_FAILURE): Keys 'BACK_SPACE + ' sent to object: 'Object Repository/FIM/Sites Page/Site Filtering/Site_txt'

21-10-2025T20:36:32 - [MESSAGE][PASSED] - Keys 'BACK_SPACE + ' sent to object: 'Object Repository/FIM/Sites Page/Site Filtering/Site_txt'

21-10-2025T20:36:32 - [TEST_STEP][PASSED] - (i++): null

21-10-2025T20:36:32 - [TEST_STEP][PASSED] - sendKeys(findTestObject("FIM/Sites Page/Site Filtering/Site_txt"), Keys.chord(BACK_SPACE), STOP_ON_FAILURE): Keys 'BACK_SPACE + ' sent to object: 'Object Repository/FIM/Sites Page/Site Filtering/Site_txt'

21-10-2025T20:36:32 - [MESSAGE][PASSED] - Keys 'BACK_SPACE + ' sent to object: 'Object Repository/FIM/Sites Page/Site Filtering/Site_txt'

21-10-2025T20:36:32 - [TEST_STEP][PASSED] - (i++): null

21-10-2025T20:36:32 - [TEST_STEP][PASSED] - sendKeys(findTestObject("FIM/Sites Page/Site Filtering/Site_txt"), Keys.chord(BACK_SPACE), STOP_ON_FAILURE): Keys 'BACK_SPACE + ' sent to object: 'Object Repository/FIM/Sites Page/Site Filtering/Site_txt'

21-10-2025T20:36:32 - [MESSAGE][PASSED] - Keys 'BACK_SPACE + ' sent to object: 'Object Repository/FIM/Sites Page/Site Filtering/Site_txt'

21-10-2025T20:36:32 - [TEST_STEP][PASSED] - (i++): null

21-10-2025T20:36:32 - [TEST_STEP][PASSED] - sendKeys(findTestObject("FIM/Sites Page/Site Filtering/Site_txt"), Keys.chord(BACK_SPACE), STOP_ON_FAILURE): Keys 'BACK_SPACE + ' sent to object: 'Object Repository/FIM/Sites Page/Site Filtering/Site_txt'

21-10-2025T20:36:32 - [MESSAGE][PASSED] - Keys 'BACK_SPACE + ' sent to object: 'Object Repository/FIM/Sites Page/Site Filtering/Site_txt'

21-10-2025T20:36:32 - [TEST_STEP][PASSED] - (i++): null

21-10-2025T20:36:32 - [TEST_STEP][PASSED] - sendKeys(findTestObject("FIM/Sites Page/Site Filtering/Site_txt"), Keys.chord(BACK_SPACE), STOP_ON_FAILURE): Keys 'BACK_SPACE + ' sent to object: 'Object Repository/FIM/Sites Page/Site Filtering/Site_txt'

21-10-2025T20:36:32 - [MESSAGE][PASSED] - Keys 'BACK_SPACE + ' sent to object: 'Object Repository/FIM/Sites Page/Site Filtering/Site_txt'

21-10-2025T20:36:32 - [TEST_STEP][PASSED] - (i++): null

21-10-2025T20:36:32 - [TEST_STEP][PASSED] - sendKeys(findTestObject("FIM/Sites Page/Site Filtering/Site_txt"), Keys.chord(BACK_SPACE), STOP_ON_FAILURE): Keys 'BACK_SPACE + ' sent to object: 'Object Repository/FIM/Sites Page/Site Filtering/Site_txt'

21-10-2025T20:36:32 - [MESSAGE][PASSED] - Keys 'BACK_SPACE + ' sent to object: 'Object Repository/FIM/Sites Page/Site Filtering/Site_txt'

21-10-2025T20:36:32 - [TEST_STEP][PASSED] - (i++): null

21-10-2025T20:36:32 - [TEST_STEP][PASSED] - sendKeys(findTestObject("FIM/Sites Page/Site Filtering/Site_txt"), Keys.chord(BACK_SPACE), STOP_ON_FAILURE): Keys 'BACK_SPACE + ' sent to object: 'Object Repository/FIM/Sites Page/Site Filtering/Site_txt'

21-10-2025T20:36:32 - [MESSAGE][PASSED] - Keys 'BACK_SPACE + ' sent to object: 'Object Repository/FIM/Sites Page/Site Filtering/Site_txt'

21-10-2025T20:36:32 - [TEST_STEP][PASSED] - (i++): null

21-10-2025T20:36:32 - [TEST_STEP][PASSED] - sendKeys(findTestObject("FIM/Sites Page/Site Filtering/Site_txt"), Keys.chord(BACK_SPACE), STOP_ON_FAILURE): Keys 'BACK_SPACE + ' sent to object: 'Object Repository/FIM/Sites Page/Site Filtering/Site_txt'

21-10-2025T20:36:32 - [MESSAGE][PASSED] - Keys 'BACK_SPACE + ' sent to object: 'Object Repository/FIM/Sites Page/Site Filtering/Site_txt'

21-10-2025T20:36:32 - [TEST_STEP][PASSED] - (i++): null

21-10-2025T20:36:32 - [TEST_STEP][PASSED] - sendKeys(findTestObject("FIM/Sites Page/Site Filtering/Site_txt"), Keys.chord(BACK_SPACE), STOP_ON_FAILURE): Keys 'BACK_SPACE + ' sent to object: 'Object Repository/FIM/Sites Page/Site Filtering/Site_txt'

21-10-2025T20:36:32 - [MESSAGE][PASSED] - Keys 'BACK_SPACE + ' sent to object: 'Object Repository/FIM/Sites Page/Site Filtering/Site_txt'

21-10-2025T20:36:32 - [TEST_STEP][PASSED] - (i++): null

21-10-2025T20:36:32 - [TEST_STEP][PASSED] - sendKeys(findTestObject("FIM/Sites Page/Site Filtering/Site_txt"), Keys.chord(BACK_SPACE), STOP_ON_FAILURE): Keys 'BACK_SPACE + ' sent to object: 'Object Repository/FIM/Sites Page/Site Filtering/Site_txt'

21-10-2025T20:36:33 - [MESSAGE][PASSED] - Keys 'BACK_SPACE + ' sent to object: 'Object Repository/FIM/Sites Page/Site Filtering/Site_txt'

21-10-2025T20:36:33 - [TEST_STEP][PASSED] - (i++): null

21-10-2025T20:36:33 - [TEST_STEP][PASSED] - sendKeys(findTestObject("FIM/Sites Page/Site Filtering/Site_txt"), Keys.chord(BACK_SPACE), STOP_ON_FAILURE): Keys 'BACK_SPACE + ' sent to object: 'Object Repository/FIM/Sites Page/Site Filtering/Site_txt'

21-10-2025T20:36:33 - [MESSAGE][PASSED] - Keys 'BACK_SPACE + ' sent to object: 'Object Repository/FIM/Sites Page/Site Filtering/Site_txt'

21-10-2025T20:36:33 - [TEST_STEP][PASSED] - (i++): null

21-10-2025T20:36:33 - [TEST_STEP][PASSED] - sendKeys(findTestObject("FIM/Sites Page/Site Filtering/Site_txt"), Keys.chord(BACK_SPACE), STOP_ON_FAILURE): Keys 'BACK_SPACE + ' sent to object: 'Object Repository/FIM/Sites Page/Site Filtering/Site_txt'

21-10-2025T20:36:33 - [MESSAGE][PASSED] - Keys 'BACK_SPACE + ' sent to object: 'Object Repository/FIM/Sites Page/Site Filtering/Site_txt'

21-10-2025T20:36:33 - [TEST_STEP][PASSED] - (i++): null

21-10-2025T20:36:33 - [TEST_STEP][PASSED] - sendKeys(findTestObject("FIM/Sites Page/Site Filtering/Site_txt"), Keys.chord(BACK_SPACE), STOP_ON_FAILURE): Keys 'BACK_SPACE + ' sent to object: 'Object Repository/FIM/Sites Page/Site Filtering/Site_txt'

21-10-2025T20:36:33 - [MESSAGE][PASSED] - Keys 'BACK_SPACE + ' sent to object: 'Object Repository/FIM/Sites Page/Site Filtering/Site_txt'

21-10-2025T20:36:33 - [TEST_STEP][PASSED] - (i++): null

21-10-2025T20:36:33 - [TEST_STEP][PASSED] - sendKeys(findTestObject("FIM/Sites Page/Site Filtering/Site_txt"), Keys.chord(BACK_SPACE), STOP_ON_FAILURE): Keys 'BACK_SPACE + ' sent to object: 'Object Repository/FIM/Sites Page/Site Filtering/Site_txt'

21-10-2025T20:36:33 - [MESSAGE][PASSED] - Keys 'BACK_SPACE + ' sent to object: 'Object Repository/FIM/Sites Page/Site Filtering/Site_txt'

21-10-2025T20:36:33 - [TEST_STEP][PASSED] - (i++): null

21-10-2025T20:36:33 - [TEST_STEP][PASSED] - sendKeys(findTestObject("FIM/Sites Page/Site Filtering/Site_txt"), Keys.chord(BACK_SPACE), STOP_ON_FAILURE): Keys 'BACK_SPACE + ' sent to object: 'Object Repository/FIM/Sites Page/Site Filtering/Site_txt'

21-10-2025T20:36:33 - [MESSAGE][PASSED] - Keys 'BACK_SPACE + ' sent to object: 'Object Repository/FIM/Sites Page/Site Filtering/Site_txt'

21-10-2025T20:36:33 - [TEST_STEP][PASSED] - (i++): null

21-10-2025T20:36:33 - [TEST_STEP][PASSED] - sendKeys(findTestObject("FIM/Sites Page/Site Filtering/Site_txt"), Keys.chord(BACK_SPACE), STOP_ON_FAILURE): Keys 'BACK_SPACE + ' sent to object: 'Object Repository/FIM/Sites Page/Site Filtering/Site_txt'

21-10-2025T20:36:33 - [MESSAGE][PASSED] - Keys 'BACK_SPACE + ' sent to object: 'Object Repository/FIM/Sites Page/Site Filtering/Site_txt'

21-10-2025T20:36:33 - [TEST_STEP][PASSED] - (i++): null

21-10-2025T20:36:33 - [TEST_STEP][PASSED] - sendKeys(findTestObject("FIM/Sites Page/Site Filtering/Site_txt"), Keys.chord(BACK_SPACE), STOP_ON_FAILURE): Keys 'BACK_SPACE + ' sent to object: 'Object Repository/FIM/Sites Page/Site Filtering/Site_txt'

21-10-2025T20:36:33 - [MESSAGE][PASSED] - Keys 'BACK_SPACE + ' sent to object: 'Object Repository/FIM/Sites Page/Site Filtering/Site_txt'

21-10-2025T20:36:33 - [TEST_STEP][PASSED] - (i++): null

21-10-2025T20:36:33 - [TEST_STEP][PASSED] - sendKeys(findTestObject("FIM/Sites Page/Site Filtering/Site_txt"), Keys.chord(BACK_SPACE), STOP_ON_FAILURE): Keys 'BACK_SPACE + ' sent to object: 'Object Repository/FIM/Sites Page/Site Filtering/Site_txt'

21-10-2025T20:36:33 - [MESSAGE][PASSED] - Keys 'BACK_SPACE + ' sent to object: 'Object Repository/FIM/Sites Page/Site Filtering/Site_txt'

21-10-2025T20:36:33 - [TEST_STEP][PASSED] - (i++): null

21-10-2025T20:36:33 - [TEST_STEP][PASSED] - sendKeys(findTestObject("FIM/Sites Page/Site Filtering/Site_txt"), Keys.chord(BACK_SPACE), STOP_ON_FAILURE): Keys 'BACK_SPACE + ' sent to object: 'Object Repository/FIM/Sites Page/Site Filtering/Site_txt'

21-10-2025T20:36:33 - [MESSAGE][PASSED] - Keys 'BACK_SPACE + ' sent to object: 'Object Repository/FIM/Sites Page/Site Filtering/Site_txt'

21-10-2025T20:36:33 - [TEST_STEP][PASSED] - (i++): null

21-10-2025T20:36:33 - [TEST_STEP][PASSED] - sendKeys(findTestObject("FIM/Sites Page/Site Filtering/Site_txt"), Keys.chord(BACK_SPACE), STOP_ON_FAILURE): Keys 'BACK_SPACE + ' sent to object: 'Object Repository/FIM/Sites Page/Site Filtering/Site_txt'

21-10-2025T20:36:33 - [MESSAGE][PASSED] - Keys 'BACK_SPACE + ' sent to object: 'Object Repository/FIM/Sites Page/Site Filtering/Site_txt'

21-10-2025T20:36:33 - [TEST_STEP][PASSED] - (i++): null

21-10-2025T20:36:33 - [TEST_STEP][PASSED] - sendKeys(findTestObject("FIM/Sites Page/Site Filtering/Site_txt"), Keys.chord(BACK_SPACE), STOP_ON_FAILURE): Keys 'BACK_SPACE + ' sent to object: 'Object Repository/FIM/Sites Page/Site Filtering/Site_txt'

21-10-2025T20:36:33 - [MESSAGE][PASSED] - Keys 'BACK_SPACE + ' sent to object: 'Object Repository/FIM/Sites Page/Site Filtering/Site_txt'

21-10-2025T20:36:33 - [TEST_STEP][PASSED] - (i++): null

21-10-2025T20:36:33 - [TEST_STEP][PASSED] - sendKeys(findTestObject("FIM/Sites Page/Site Filtering/Site_txt"), Keys.chord(BACK_SPACE), STOP_ON_FAILURE): Keys 'BACK_SPACE + ' sent to object: 'Object Repository/FIM/Sites Page/Site Filtering/Site_txt'

21-10-2025T20:36:33 - [MESSAGE][PASSED] - Keys 'BACK_SPACE + ' sent to object: 'Object Repository/FIM/Sites Page/Site Filtering/Site_txt'

21-10-2025T20:36:33 - [TEST_STEP][PASSED] - (i++): null

21-10-2025T20:36:33 - [TEST_STEP][PASSED] - sendKeys(findTestObject("FIM/Sites Page/Site Filtering/Site_txt"), Keys.chord(BACK_SPACE), STOP_ON_FAILURE): Keys 'BACK_SPACE + ' sent to object: 'Object Repository/FIM/Sites Page/Site Filtering/Site_txt'

21-10-2025T20:36:33 - [MESSAGE][PASSED] - Keys 'BACK_SPACE + ' sent to object: 'Object Repository/FIM/Sites Page/Site Filtering/Site_txt'

21-10-2025T20:36:33 - [TEST_STEP][PASSED] - (i++): null

21-10-2025T20:36:33 - [TEST_STEP][PASSED] - sendKeys(findTestObject("FIM/Sites Page/Site Filtering/Site_txt"), Keys.chord(BACK_SPACE), STOP_ON_FAILURE): Keys 'BACK_SPACE + ' sent to object: 'Object Repository/FIM/Sites Page/Site Filtering/Site_txt'

21-10-2025T20:36:33 - [MESSAGE][PASSED] - Keys 'BACK_SPACE + ' sent to object: 'Object Repository/FIM/Sites Page/Site Filtering/Site_txt'

21-10-2025T20:36:33 - [TEST_STEP][PASSED] - (i++): null

21-10-2025T20:36:33 - [TEST_STEP][PASSED] - sendKeys(findTestObject("FIM/Sites Page/Site Filtering/Site_txt"), Keys.chord(BACK_SPACE), STOP_ON_FAILURE): Keys 'BACK_SPACE + ' sent to object: 'Object Repository/FIM/Sites Page/Site Filtering/Site_txt'

21-10-2025T20:36:33 - [MESSAGE][PASSED] - Keys 'BACK_SPACE + ' sent to object: 'Object Repository/FIM/Sites Page/Site Filtering/Site_txt'

21-10-2025T20:36:33 - [TEST_STEP][PASSED] - (i++): null

21-10-2025T20:36:33 - [TEST_STEP][PASSED] - sendKeys(findTestObject("FIM/Sites Page/Site Filtering/Site_txt"), Keys.chord(BACK_SPACE), STOP_ON_FAILURE): Keys 'BACK_SPACE + ' sent to object: 'Object Repository/FIM/Sites Page/Site Filtering/Site_txt'

21-10-2025T20:36:33 - [MESSAGE][PASSED] - Keys 'BACK_SPACE + ' sent to object: 'Object Repository/FIM/Sites Page/Site Filtering/Site_txt'

21-10-2025T20:36:33 - [TEST_STEP][PASSED] - (i++): null

21-10-2025T20:36:33 - [TEST_STEP][PASSED] - sendKeys(findTestObject("FIM/Sites Page/Site Filtering/Site_txt"), Keys.chord(BACK_SPACE), STOP_ON_FAILURE): Keys 'BACK_SPACE + ' sent to object: 'Object Repository/FIM/Sites Page/Site Filtering/Site_txt'

21-10-2025T20:36:34 - [MESSAGE][PASSED] - Keys 'BACK_SPACE + ' sent to object: 'Object Repository/FIM/Sites Page/Site Filtering/Site_txt'

21-10-2025T20:36:34 - [TEST_STEP][PASSED] - (i++): null

21-10-2025T20:36:34 - [TEST_STEP][PASSED] - sendKeys(findTestObject("FIM/Sites Page/Site Filtering/Site_txt"), Keys.chord(BACK_SPACE), STOP_ON_FAILURE): Keys 'BACK_SPACE + ' sent to object: 'Object Repository/FIM/Sites Page/Site Filtering/Site_txt'

21-10-2025T20:36:34 - [MESSAGE][PASSED] - Keys 'BACK_SPACE + ' sent to object: 'Object Repository/FIM/Sites Page/Site Filtering/Site_txt'

21-10-2025T20:36:34 - [TEST_STEP][PASSED] - (i++): null

21-10-2025T20:36:34 - [TEST_STEP][PASSED] - sendKeys(findTestObject("FIM/Sites Page/Site Filtering/Site_txt"), Keys.chord(BACK_SPACE), STOP_ON_FAILURE): Keys 'BACK_SPACE + ' sent to object: 'Object Repository/FIM/Sites Page/Site Filtering/Site_txt'

21-10-2025T20:36:34 - [MESSAGE][PASSED] - Keys 'BACK_SPACE + ' sent to object: 'Object Repository/FIM/Sites Page/Site Filtering/Site_txt'

21-10-2025T20:36:34 - [TEST_STEP][PASSED] - (i++): null

21-10-2025T20:36:34 - [TEST_STEP][PASSED] - sendKeys(findTestObject("FIM/Sites Page/Site Filtering/Site_txt"), Keys.chord(BACK_SPACE), STOP_ON_FAILURE): Keys 'BACK_SPACE + ' sent to object: 'Object Repository/FIM/Sites Page/Site Filtering/Site_txt'

21-10-2025T20:36:34 - [MESSAGE][PASSED] - Keys 'BACK_SPACE + ' sent to object: 'Object Repository/FIM/Sites Page/Site Filtering/Site_txt'

21-10-2025T20:36:34 - [TEST_STEP][PASSED] - (i++): null

21-10-2025T20:36:34 - [TEST_STEP][PASSED] - sendKeys(findTestObject("FIM/Sites Page/Site Filtering/Site_txt"), Keys.chord(BACK_SPACE), STOP_ON_FAILURE): Keys 'BACK_SPACE + ' sent to object: 'Object Repository/FIM/Sites Page/Site Filtering/Site_txt'

21-10-2025T20:36:34 - [MESSAGE][PASSED] - Keys 'BACK_SPACE + ' sent to object: 'Object Repository/FIM/Sites Page/Site Filtering/Site_txt'

21-10-2025T20:36:34 - [TEST_STEP][PASSED] - (i++): null

21-10-2025T20:36:34 - [TEST_STEP][PASSED] - sendKeys(findTestObject("FIM/Sites Page/Site Filtering/Site_txt"), Keys.chord(BACK_SPACE), STOP_ON_FAILURE): Keys 'BACK_SPACE + ' sent to object: 'Object Repository/FIM/Sites Page/Site Filtering/Site_txt'

21-10-2025T20:36:34 - [MESSAGE][PASSED] - Keys 'BACK_SPACE + ' sent to object: 'Object Repository/FIM/Sites Page/Site Filtering/Site_txt'

21-10-2025T20:36:34 - [TEST_STEP][PASSED] - (i++): null

21-10-2025T20:36:34 - [TEST_STEP][PASSED] - sendKeys(findTestObject("FIM/Sites Page/Site Filtering/Site_txt"), Keys.chord(BACK_SPACE), STOP_ON_FAILURE): Keys 'BACK_SPACE + ' sent to object: 'Object Repository/FIM/Sites Page/Site Filtering/Site_txt'

21-10-2025T20:36:34 - [MESSAGE][PASSED] - Keys 'BACK_SPACE + ' sent to object: 'Object Repository/FIM/Sites Page/Site Filtering/Site_txt'

21-10-2025T20:36:34 - [TEST_STEP][PASSED] - (i++): null

21-10-2025T20:36:34 - [TEST_STEP][PASSED] - sendKeys(findTestObject("FIM/Sites Page/Site Filtering/Site_txt"), Keys.chord(BACK_SPACE), STOP_ON_FAILURE): Keys 'BACK_SPACE + ' sent to object: 'Object Repository/FIM/Sites Page/Site Filtering/Site_txt'

21-10-2025T20:36:34 - [MESSAGE][PASSED] - Keys 'BACK_SPACE + ' sent to object: 'Object Repository/FIM/Sites Page/Site Filtering/Site_txt'

21-10-2025T20:36:34 - [TEST_STEP][PASSED] - (i++): null

21-10-2025T20:36:34 - [TEST_STEP][PASSED] - sendKeys(findTestObject("FIM/Sites Page/Site Filtering/Site_txt"), Keys.chord(BACK_SPACE), STOP_ON_FAILURE): Keys 'BACK_SPACE + ' sent to object: 'Object Repository/FIM/Sites Page/Site Filtering/Site_txt'

21-10-2025T20:36:34 - [MESSAGE][PASSED] - Keys 'BACK_SPACE + ' sent to object: 'Object Repository/FIM/Sites Page/Site Filtering/Site_txt'

21-10-2025T20:36:34 - [TEST_STEP][PASSED] - (i++): null

21-10-2025T20:36:34 - [TEST_STEP][PASSED] - sendKeys(findTestObject("FIM/Sites Page/Site Filtering/Site_txt"), Keys.chord(BACK_SPACE), STOP_ON_FAILURE): Keys 'BACK_SPACE + ' sent to object: 'Object Repository/FIM/Sites Page/Site Filtering/Site_txt'

21-10-2025T20:36:34 - [MESSAGE][PASSED] - Keys 'BACK_SPACE + ' sent to object: 'Object Repository/FIM/Sites Page/Site Filtering/Site_txt'

21-10-2025T20:36:34 - [TEST_STEP][PASSED] - (i++): null

21-10-2025T20:36:34 - [TEST_STEP][PASSED] - sendKeys(findTestObject("FIM/Sites Page/Site Filtering/Site_txt"), Keys.chord(BACK_SPACE), STOP_ON_FAILURE): Keys 'BACK_SPACE + ' sent to object: 'Object Repository/FIM/Sites Page/Site Filtering/Site_txt'

21-10-2025T20:36:34 - [MESSAGE][PASSED] - Keys 'BACK_SPACE + ' sent to object: 'Object Repository/FIM/Sites Page/Site Filtering/Site_txt'

21-10-2025T20:36:34 - [TEST_STEP][PASSED] - (i++): null

21-10-2025T20:36:34 - [TEST_STEP][PASSED] - sendKeys(findTestObject("FIM/Sites Page/Site Filtering/Site_txt"), Keys.chord(BACK_SPACE), STOP_ON_FAILURE): Keys 'BACK_SPACE + ' sent to object: 'Object Repository/FIM/Sites Page/Site Filtering/Site_txt'

21-10-2025T20:36:34 - [MESSAGE][PASSED] - Keys 'BACK_SPACE + ' sent to object: 'Object Repository/FIM/Sites Page/Site Filtering/Site_txt'

21-10-2025T20:36:34 - [TEST_STEP][PASSED] - (i++): null

21-10-2025T20:36:34 - [TEST_STEP][PASSED] - sendKeys(findTestObject("FIM/Sites Page/Site Filtering/Site_txt"), Keys.chord(BACK_SPACE), STOP_ON_FAILURE): Keys 'BACK_SPACE + ' sent to object: 'Object Repository/FIM/Sites Page/Site Filtering/Site_txt'

21-10-2025T20:36:34 - [MESSAGE][PASSED] - Keys 'BACK_SPACE + ' sent to object: 'Object Repository/FIM/Sites Page/Site Filtering/Site_txt'

21-10-2025T20:36:34 - [TEST_STEP][PASSED] - (i++): null

21-10-2025T20:36:34 - [TEST_STEP][PASSED] - sendKeys(findTestObject("FIM/Sites Page/Site Filtering/Site_txt"), Keys.chord(BACK_SPACE), STOP_ON_FAILURE): Keys 'BACK_SPACE + ' sent to object: 'Object Repository/FIM/Sites Page/Site Filtering/Site_txt'

21-10-2025T20:36:34 - [MESSAGE][PASSED] - Keys 'BACK_SPACE + ' sent to object: 'Object Repository/FIM/Sites Page/Site Filtering/Site_txt'

21-10-2025T20:36:34 - [TEST_STEP][PASSED] - (i++): null

21-10-2025T20:36:34 - [TEST_STEP][PASSED] - sendKeys(findTestObject("FIM/Sites Page/Site Filtering/Site_txt"), Keys.chord(BACK_SPACE), STOP_ON_FAILURE): Keys 'BACK_SPACE + ' sent to object: 'Object Repository/FIM/Sites Page/Site Filtering/Site_txt'

21-10-2025T20:36:34 - [MESSAGE][PASSED] - Keys 'BACK_SPACE + ' sent to object: 'Object Repository/FIM/Sites Page/Site Filtering/Site_txt'

21-10-2025T20:36:34 - [TEST_STEP][PASSED] - (i++): null

21-10-2025T20:36:34 - [TEST_STEP][PASSED] - sendKeys(findTestObject("FIM/Sites Page/Site Filtering/Site_txt"), Keys.chord(BACK_SPACE), STOP_ON_FAILURE): Keys 'BACK_SPACE + ' sent to object: 'Object Repository/FIM/Sites Page/Site Filtering/Site_txt'

21-10-2025T20:36:34 - [MESSAGE][PASSED] - Keys 'BACK_SPACE + ' sent to object: 'Object Repository/FIM/Sites Page/Site Filtering/Site_txt'

21-10-2025T20:36:34 - [TEST_STEP][PASSED] - (i++): null

21-10-2025T20:36:34 - [TEST_STEP][PASSED] - sendKeys(findTestObject("FIM/Sites Page/Site Filtering/Site_txt"), Keys.chord(BACK_SPACE), STOP_ON_FAILURE): Keys 'BACK_SPACE + ' sent to object: 'Object Repository/FIM/Sites Page/Site Filtering/Site_txt'

21-10-2025T20:36:34 - [MESSAGE][PASSED] - Keys 'BACK_SPACE + ' sent to object: 'Object Repository/FIM/Sites Page/Site Filtering/Site_txt'

21-10-2025T20:36:34 - [TEST_STEP][PASSED] - (i++): null

21-10-2025T20:36:34 - [TEST_STEP][PASSED] - sendKeys(findTestObject("FIM/Sites Page/Site Filtering/Site_txt"), Keys.chord(BACK_SPACE), STOP_ON_FAILURE): Keys 'BACK_SPACE + ' sent to object: 'Object Repository/FIM/Sites Page/Site Filtering/Site_txt'

21-10-2025T20:36:35 - [MESSAGE][PASSED] - Keys 'BACK_SPACE + ' sent to object: 'Object Repository/FIM/Sites Page/Site Filtering/Site_txt'

21-10-2025T20:36:35 - [TEST_STEP][PASSED] - (i++): null

21-10-2025T20:36:35 - [TEST_STEP][PASSED] - sendKeys(findTestObject("FIM/Sites Page/Site Filtering/Site_txt"), Keys.chord(BACK_SPACE), STOP_ON_FAILURE): Keys 'BACK_SPACE + ' sent to object: 'Object Repository/FIM/Sites Page/Site Filtering/Site_txt'

21-10-2025T20:36:35 - [MESSAGE][PASSED] - Keys 'BACK_SPACE + ' sent to object: 'Object Repository/FIM/Sites Page/Site Filtering/Site_txt'

21-10-2025T20:36:35 - [TEST_STEP][PASSED] - (i++): null

21-10-2025T20:36:35 - [TEST_STEP][PASSED] - sendKeys(findTestObject("FIM/Sites Page/Site Filtering/Site_txt"), Keys.chord(BACK_SPACE), STOP_ON_FAILURE): Keys 'BACK_SPACE + ' sent to object: 'Object Repository/FIM/Sites Page/Site Filtering/Site_txt'

21-10-2025T20:36:35 - [MESSAGE][PASSED] - Keys 'BACK_SPACE + ' sent to object: 'Object Repository/FIM/Sites Page/Site Filtering/Site_txt'

21-10-2025T20:36:35 - [TEST_STEP][PASSED] - (i++): null

21-10-2025T20:36:35 - [TEST_STEP][PASSED] - sendKeys(findTestObject("FIM/Sites Page/Site Filtering/Site_txt"), Keys.chord(BACK_SPACE), STOP_ON_FAILURE): Keys 'BACK_SPACE + ' sent to object: 'Object Repository/FIM/Sites Page/Site Filtering/Site_txt'

21-10-2025T20:36:35 - [MESSAGE][PASSED] - Keys 'BACK_SPACE + ' sent to object: 'Object Repository/FIM/Sites Page/Site Filtering/Site_txt'

21-10-2025T20:36:35 - [TEST_STEP][PASSED] - (i++): null

21-10-2025T20:36:35 - [TEST_STEP][PASSED] - sendKeys(findTestObject("FIM/Sites Page/Site Filtering/Site_txt"), Keys.chord(BACK_SPACE), STOP_ON_FAILURE): Keys 'BACK_SPACE + ' sent to object: 'Object Repository/FIM/Sites Page/Site Filtering/Site_txt'

21-10-2025T20:36:35 - [MESSAGE][PASSED] - Keys 'BACK_SPACE + ' sent to object: 'Object Repository/FIM/Sites Page/Site Filtering/Site_txt'

21-10-2025T20:36:35 - [TEST_STEP][PASSED] - (i++): null

21-10-2025T20:36:35 - [TEST_STEP][PASSED] - sendKeys(findTestObject("FIM/Sites Page/Site Filtering/Site_txt"), Keys.chord(BACK_SPACE), STOP_ON_FAILURE): Keys 'BACK_SPACE + ' sent to object: 'Object Repository/FIM/Sites Page/Site Filtering/Site_txt'

21-10-2025T20:36:35 - [MESSAGE][PASSED] - Keys 'BACK_SPACE + ' sent to object: 'Object Repository/FIM/Sites Page/Site Filtering/Site_txt'

21-10-2025T20:36:35 - [TEST_STEP][PASSED] - (i++): null

21-10-2025T20:36:35 - [TEST_STEP][PASSED] - sendKeys(findTestObject("FIM/Sites Page/Site Filtering/Site_txt"), Keys.chord(BACK_SPACE), STOP_ON_FAILURE): Keys 'BACK_SPACE + ' sent to object: 'Object Repository/FIM/Sites Page/Site Filtering/Site_txt'

21-10-2025T20:36:35 - [MESSAGE][PASSED] - Keys 'BACK_SPACE + ' sent to object: 'Object Repository/FIM/Sites Page/Site Filtering/Site_txt'

21-10-2025T20:36:35 - [TEST_STEP][PASSED] - (i++): null

21-10-2025T20:36:35 - [TEST_STEP][PASSED] - sendKeys(findTestObject("FIM/Sites Page/Site Filtering/Site_txt"), Keys.chord(BACK_SPACE), STOP_ON_FAILURE): Keys 'BACK_SPACE + ' sent to object: 'Object Repository/FIM/Sites Page/Site Filtering/Site_txt'

21-10-2025T20:36:35 - [MESSAGE][PASSED] - Keys 'BACK_SPACE + ' sent to object: 'Object Repository/FIM/Sites Page/Site Filtering/Site_txt'

21-10-2025T20:36:35 - [TEST_STEP][PASSED] - (i++): null

21-10-2025T20:36:35 - [TEST_STEP][PASSED] - sendKeys(findTestObject("FIM/Sites Page/Site Filtering/Site_txt"), Keys.chord(BACK_SPACE), STOP_ON_FAILURE): Keys 'BACK_SPACE + ' sent to object: 'Object Repository/FIM/Sites Page/Site Filtering/Site_txt'

21-10-2025T20:36:35 - [MESSAGE][PASSED] - Keys 'BACK_SPACE + ' sent to object: 'Object Repository/FIM/Sites Page/Site Filtering/Site_txt'

21-10-2025T20:36:35 - [TEST_STEP][PASSED] - (i++): null

21-10-2025T20:36:35 - [TEST_STEP][PASSED] - sendKeys(findTestObject("FIM/Sites Page/Site Filtering/Site_txt"), Keys.chord(BACK_SPACE), STOP_ON_FAILURE): Keys 'BACK_SPACE + ' sent to object: 'Object Repository/FIM/Sites Page/Site Filtering/Site_txt'

21-10-2025T20:36:35 - [MESSAGE][PASSED] - Keys 'BACK_SPACE + ' sent to object: 'Object Repository/FIM/Sites Page/Site Filtering/Site_txt'

21-10-2025T20:36:35 - [TEST_STEP][PASSED] - (i++): null

21-10-2025T20:36:35 - [TEST_STEP][PASSED] - sendKeys(findTestObject("FIM/Sites Page/Site Filtering/Site_txt"), Keys.chord(BACK_SPACE), STOP_ON_FAILURE): Keys 'BACK_SPACE + ' sent to object: 'Object Repository/FIM/Sites Page/Site Filtering/Site_txt'

21-10-2025T20:36:35 - [MESSAGE][PASSED] - Keys 'BACK_SPACE + ' sent to object: 'Object Repository/FIM/Sites Page/Site Filtering/Site_txt'

21-10-2025T20:36:35 - [TEST_STEP][PASSED] - (i++): null

21-10-2025T20:36:35 - [TEST_STEP][PASSED] - sendKeys(findTestObject("FIM/Sites Page/Site Filtering/Site_txt"), Keys.chord(BACK_SPACE), STOP_ON_FAILURE): Keys 'BACK_SPACE + ' sent to object: 'Object Repository/FIM/Sites Page/Site Filtering/Site_txt'

21-10-2025T20:36:35 - [MESSAGE][PASSED] - Keys 'BACK_SPACE + ' sent to object: 'Object Repository/FIM/Sites Page/Site Filtering/Site_txt'

21-10-2025T20:36:35 - [TEST_STEP][PASSED] - (i++): null

21-10-2025T20:36:35 - [TEST_STEP][PASSED] - sendKeys(findTestObject("FIM/Sites Page/Site Filtering/Site_txt"), Keys.chord(BACK_SPACE), STOP_ON_FAILURE): Keys 'BACK_SPACE + ' sent to object: 'Object Repository/FIM/Sites Page/Site Filtering/Site_txt'

21-10-2025T20:36:35 - [MESSAGE][PASSED] - Keys 'BACK_SPACE + ' sent to object: 'Object Repository/FIM/Sites Page/Site Filtering/Site_txt'

21-10-2025T20:36:35 - [TEST_STEP][PASSED] - (i++): null

21-10-2025T20:36:35 - [TEST_STEP][PASSED] - sendKeys(findTestObject("FIM/Sites Page/Site Filtering/Site_txt"), Keys.chord(BACK_SPACE), STOP_ON_FAILURE): Keys 'BACK_SPACE + ' sent to object: 'Object Repository/FIM/Sites Page/Site Filtering/Site_txt'

21-10-2025T20:36:35 - [MESSAGE][PASSED] - Keys 'BACK_SPACE + ' sent to object: 'Object Repository/FIM/Sites Page/Site Filtering/Site_txt'

21-10-2025T20:36:35 - [TEST_STEP][PASSED] - (i++): null

21-10-2025T20:36:35 - [TEST_STEP][PASSED] - sendKeys(findTestObject("FIM/Sites Page/Site Filtering/Site_txt"), Keys.chord(BACK_SPACE), STOP_ON_FAILURE): Keys 'BACK_SPACE + ' sent to object: 'Object Repository/FIM/Sites Page/Site Filtering/Site_txt'

21-10-2025T20:36:36 - [MESSAGE][PASSED] - Keys 'BACK_SPACE + ' sent to object: 'Object Repository/FIM/Sites Page/Site Filtering/Site_txt'

21-10-2025T20:36:36 - [TEST_STEP][PASSED] - (i++): null

21-10-2025T20:36:36 - [TEST_STEP][PASSED] - sendKeys(findTestObject("FIM/Sites Page/Site Filtering/Site_txt"), Keys.chord(BACK_SPACE), STOP_ON_FAILURE): Keys 'BACK_SPACE + ' sent to object: 'Object Repository/FIM/Sites Page/Site Filtering/Site_txt'

21-10-2025T20:36:36 - [MESSAGE][PASSED] - Keys 'BACK_SPACE + ' sent to object: 'Object Repository/FIM/Sites Page/Site Filtering/Site_txt'

21-10-2025T20:36:36 - [TEST_STEP][PASSED] - (i++): null

21-10-2025T20:36:36 - [TEST_STEP][PASSED] - sendKeys(findTestObject("FIM/Sites Page/Site Filtering/Site_txt"), "TURK132 - 798 North", STOP_ON_FAILURE): Keys 'TURK132 - 798 North' sent to object: 'Object Repository/FIM/Sites Page/Site Filtering/Site_txt'

21-10-2025T20:36:36 - [MESSAGE][PASSED] - Keys 'TURK132 - 798 North' sent to object: 'Object Repository/FIM/Sites Page/Site Filtering/Site_txt'

21-10-2025T20:36:36 - [TEST_STEP][PASSED] - sendKeys(findTestObject("FIM/Sites Page/Site Filtering/Site_txt"), Keys.chord(ENTER), STOP_ON_FAILURE): Keys 'ENTER + ' sent to object: 'Object Repository/FIM/Sites Page/Site Filtering/Site_txt'

21-10-2025T20:36:36 - [MESSAGE][PASSED] - Keys 'ENTER + ' sent to object: 'Object Repository/FIM/Sites Page/Site Filtering/Site_txt'

21-10-2025T20:36:36 - [TEST_STEP][PASSED] - waitForElementClickable(findTestObject("FIM/Sites Page/Orders/Create Order/CreateOrder_btn"), 300, CONTINUE_ON_FAILURE): Object 'Object Repository/FIM/Sites Page/Orders/Create Order/CreateOrder_btn' is clickable

21-10-2025T20:36:37 - [MESSAGE][PASSED] - Object 'Object Repository/FIM/Sites Page/Orders/Create Order/CreateOrder_btn' is clickable

21-10-2025T20:36:37 - [TEST_STEP][PASSED] - click(findTestObject("FIM/Sites Page/Orders/Create Order/CreateOrder_btn")): Object: 'Object Repository/FIM/Sites Page/Orders/Create Order/CreateOrder_btn' is clicked on

21-10-2025T20:36:37 - [MESSAGE][PASSED] - Object: 'Object Repository/FIM/Sites Page/Orders/Create Order/CreateOrder_btn' is clicked on

21-10-2025T20:36:37 - [TEST_STEP][PASSED] - clearText(findTestObject("FIM/Sites Page/Orders/Create Order/10UNL_txt")): Text of object 'Object Repository/FIM/Sites Page/Orders/Create Order/10UNL_txt' is cleared

21-10-2025T20:36:37 - [MESSAGE][PASSED] - Text of object 'Object Repository/FIM/Sites Page/Orders/Create Order/10UNL_txt' is cleared

21-10-2025T20:36:37 - [TEST_STEP][PASSED] - sendKeys(findTestObject("FIM/Sites Page/Orders/Create Order/10UNL_txt", ["variable":"5600"]), "18000"): Keys '18000' sent to object: 'Object Repository/FIM/Sites Page/Orders/Create Order/10UNL_txt'

21-10-2025T20:36:37 - [MESSAGE][PASSED] - Keys '18000' sent to object: 'Object Repository/FIM/Sites Page/Orders/Create Order/10UNL_txt'

21-10-2025T20:36:37 - [TEST_STEP][PASSED] - delay(1): Delayed 1 second(s)

21-10-2025T20:36:38 - [MESSAGE][PASSED] - Delayed 1 second(s)

21-10-2025T20:36:38 - [TEST_STEP][PASSED] - click(findTestObject("FIM/Sites Page/Orders/Save_btn")): Object: 'Object Repository/FIM/Sites Page/Orders/Save_btn' is clicked on

21-10-2025T20:36:38 - [MESSAGE][PASSED] - Object: 'Object Repository/FIM/Sites Page/Orders/Save_btn' is clicked on

21-10-2025T20:36:38 - [TEST_STEP][PASSED] - delay(1): Delayed 1 second(s)

21-10-2025T20:36:39 - [MESSAGE][PASSED] - Delayed 1 second(s)

21-10-2025T20:36:39 - [TEST_STEP][PASSED] - verifyElementVisible(findTestObject("FIM/Sites Page/Orders/Create Order/More Than Safe Fill and Physical Size Error Message"), STOP_ON_FAILURE): Object 'Object Repository/FIM/Sites Page/Orders/Create Order/More Than Safe Fill and Physical Size Error Message' is visible

21-10-2025T20:36:39 - [MESSAGE][PASSED] - Object 'Object Repository/FIM/Sites Page/Orders/Create Order/More Than Safe Fill and Physical Size Error Message' is visible

21-10-2025T20:36:39 - [TEST_STEP][PASSED] - verifyElementText(findTestObject("FIM/Sites Page/Orders/Create Order/More Than Safe Fill and Physical Size Error Message"), "Unable to save order due to order errors."): Actual text and expected text of test object 'Object Repository/FIM/Sites Page/Orders/Create Order/More Than Safe Fill and Physical Size Error Message' are matched.

21-10-2025T20:36:39 - [MESSAGE][PASSED] - Actual text and expected text of test object 'Object Repository/FIM/Sites Page/Orders/Create Order/More Than Safe Fill and Physical Size Error Message' are matched.

21-10-2025T20:36:39 - [TEST_STEP][PASSED] - verifyElementPresent(findTestObject("FIM/Sites Page/Orders/Create Order/Fix_Errors_btn"), 10): Object 'Object Repository/FIM/Sites Page/Orders/Create Order/Fix_Errors_btn' is present

21-10-2025T20:36:39 - [MESSAGE][PASSED] - Object 'Object Repository/FIM/Sites Page/Orders/Create Order/Fix_Errors_btn' is present

21-10-2025T20:36:39 - [TEST_STEP][PASSED] - click(findTestObject("FIM/Sites Page/Orders/Create Order/Fix_Errors_btn")): Object: 'Object Repository/FIM/Sites Page/Orders/Create Order/Fix_Errors_btn' is clicked on

21-10-2025T20:36:39 - [MESSAGE][PASSED] - Object: 'Object Repository/FIM/Sites Page/Orders/Create Order/Fix_Errors_btn' is clicked on

21-10-2025T20:36:39 - [TEST_STEP][PASSED] - verifyElementPresent(findTestObject("FIM/Sites Page/Orders/Create Order/Fix_Errors_btn"), 10): Object 'Object Repository/FIM/Sites Page/Orders/Create Order/Fix_Errors_btn' is present

21-10-2025T20:36:39 - [MESSAGE][PASSED] - Object 'Object Repository/FIM/Sites Page/Orders/Create Order/Fix_Errors_btn' is present

21-10-2025T20:36:39 - [TEST_STEP][PASSED] - verifyElementText(findTestObject("FIM/Sites Page/Orders/Create Order/Fix_Errors_Line_One"), "1) Cannot create an order larger than tank size or safe fill, check the 10UNL (1) tank gallons."): Actual text and expected text of test object 'Object Repository/FIM/Sites Page/Orders/Create Order/Fix_Errors_Line_One' are matched.

21-10-2025T20:36:39 - [MESSAGE][PASSED] - Actual text and expected text of test object 'Object Repository/FIM/Sites Page/Orders/Create Order/Fix_Errors_Line_One' are matched.

21-10-2025T20:36:39 - [TEST_STEP][PASSED] - delay(1): Delayed 1 second(s)

21-10-2025T20:36:40 - [MESSAGE][PASSED] - Delayed 1 second(s)

21-10-2025T20:36:40 - [TEST_STEP][PASSED] - closeBrowser(): Browser is closed

21-10-2025T20:36:40 - [MESSAGE][PASSED] - Browser is closed

21-10-2025T20:36:41 - [TEST_STEP][PASSED] - Start listener action : retryOnDisconnect: null

21-10-2025T20:36:41 - [TEST_STEP][PASSED] - tcId = testCaseContext.getTestCaseId(): null

21-10-2025T20:36:41 - [TEST_STEP][PASSED] - currentRetry = retryCounts.getOrDefault(tcId, 0): null

21-10-2025T20:36:41 - [TEST_STEP][PASSED] - if (testCaseContext.getTestCaseStatus() == "FAILED" && currentRetry < MAX_RETRIES): null]]></system-out>
         <system-err><![CDATA[]]></system-err>
      </testcase>
      <testcase name="Test Cases/FIM/UI/KGL/Admin/Sites Page/Orders/Can Not Create Order With Negative Gallons" time="49.894" classname="Test Cases/FIM/UI/KGL/Admin/Sites Page/Orders/Can Not Create Order With Negative Gallons" status="PASSED">
         <system-out><![CDATA[21-10-2025T20:36:41 - [TEST_CASE][PASSED] - Test Cases/FIM/UI/KGL/Admin/Sites Page/Orders/Can Not Create Order With Negative Gallons: Test Cases/FIM/UI/KGL/Admin/Sites Page/Orders/Can Not Create Order With Negative Gallons

21-10-2025T20:36:41 - [TEST_STEP][PASSED] - Start listener action : beforeTestCase: null

21-10-2025T20:36:41 - [TEST_STEP][PASSED] - addDefaultPackages(): null

21-10-2025T20:36:41 - [TEST_STEP][PASSED] - i = 0: null

21-10-2025T20:36:41 - [TEST_STEP][PASSED] - callTestCase(findTestCase("Utility Scripts/FIM KGL Admin Login"), [:], STOP_ON_FAILURE): Call Test Case 'Test Cases/Utility Scripts/FIM KGL Admin Login' successfully

21-10-2025T20:36:41 - [TEST_CASE][PASSED] - Test Cases/Utility Scripts/FIM KGL Admin Login: Test Cases/Utility Scripts/FIM KGL Admin Login

21-10-2025T20:36:41 - [TEST_STEP][PASSED] - openBrowser(""): Browser is opened with url: ''

21-10-2025T20:36:41 - [MESSAGE][INFO] - Starting 'Chrome' driver

21-10-2025T20:36:41 - [MESSAGE][INFO] - User set preference: ['args', '[--no-sandbox, --disable-gpu, --disable-dev-shm-usage]']

21-10-2025T20:36:41 - [MESSAGE][INFO] - Action delay is set to 0 milliseconds

21-10-2025T20:36:42 - [MESSAGE][PASSED] - Browser is opened with url: ''

21-10-2025T20:36:42 - [TEST_STEP][PASSED] - delay(1): Delayed 1 second(s)

21-10-2025T20:36:43 - [MESSAGE][PASSED] - Delayed 1 second(s)

21-10-2025T20:36:43 - [TEST_STEP][PASSED] - navigateToUrl(KGLCustomGroupUrl): Navigate to 'https://kaglogistics-inventory-management-portal.qa.thekag.com/custom-group/' successfully

21-10-2025T20:36:43 - [MESSAGE][PASSED] - Navigate to 'https://kaglogistics-inventory-management-portal.qa.thekag.com/custom-group/' successfully

21-10-2025T20:36:43 - [TEST_STEP][PASSED] - delay(10): Delayed 10 second(s)

21-10-2025T20:36:53 - [MESSAGE][PASSED] - Delayed 10 second(s)

21-10-2025T20:36:53 - [TEST_STEP][PASSED] - if (maximizeWindow == true): Delayed 1 second(s)

21-10-2025T20:36:53 - [TEST_STEP][PASSED] - maximizeWindow(STOP_ON_FAILURE): Current window maximized

21-10-2025T20:36:53 - [MESSAGE][PASSED] - Current window maximized

21-10-2025T20:36:53 - [TEST_STEP][PASSED] - delay(1): Delayed 1 second(s)

21-10-2025T20:36:54 - [MESSAGE][PASSED] - Delayed 1 second(s)

21-10-2025T20:36:54 - [TEST_STEP][PASSED] - waitForElementPresent(findTestObject("FIM/Username_txt"), 10): Object 'Object Repository/FIM/Username_txt' is present

21-10-2025T20:36:54 - [MESSAGE][PASSED] - Object 'Object Repository/FIM/Username_txt' is present

21-10-2025T20:36:54 - [TEST_STEP][PASSED] - setText(findTestObject("FIM/Username_txt"), FIMUsername): Text 'Chris.Sheldon+DES_QA@Thekag.com' is set on object 'Object Repository/FIM/Username_txt'

21-10-2025T20:36:54 - [MESSAGE][PASSED] - Text 'Chris.Sheldon+DES_QA@Thekag.com' is set on object 'Object Repository/FIM/Username_txt'

21-10-2025T20:36:54 - [TEST_STEP][PASSED] - delay(1): Delayed 1 second(s)

21-10-2025T20:36:55 - [MESSAGE][PASSED] - Delayed 1 second(s)

21-10-2025T20:36:55 - [TEST_STEP][PASSED] - setText(findTestObject("FIM/Password_txt"), FIMPassword): Text 'QATest!2' is set on object 'Object Repository/FIM/Password_txt'

21-10-2025T20:36:55 - [MESSAGE][PASSED] - Text 'QATest!2' is set on object 'Object Repository/FIM/Password_txt'

21-10-2025T20:36:55 - [TEST_STEP][PASSED] - delay(1): Delayed 1 second(s)

21-10-2025T20:36:56 - [MESSAGE][PASSED] - Delayed 1 second(s)

21-10-2025T20:36:56 - [TEST_STEP][PASSED] - click(findTestObject("FIM/Login_btn")): Object: 'Object Repository/FIM/Login_btn' is clicked on

21-10-2025T20:36:57 - [MESSAGE][PASSED] - Object: 'Object Repository/FIM/Login_btn' is clicked on

21-10-2025T20:36:57 - [MESSAGE][PASSED] - Call Test Case 'Test Cases/Utility Scripts/FIM KGL Admin Login' successfully

21-10-2025T20:36:57 - [TEST_STEP][PASSED] - if (verifyElementVisible(findTestObject("FIM/Server_Notification_Close_btn"), OPTIONAL) == true): Web element with id: 'Object Repository/FIM/Server_Notification_Close_btn' located by '/html/body/div/div[1]/button' not found (Root cause: com.kms.katalon.core.exception.StepFailedException: Web element with id: 'Object Repository/FIM/Server_Notification_Close_btn' located by '/html/body/div/div[1]/button' not found
	at com.kms.katalon.core.webui.keyword.internal.WebUIKeywordMain.stepFailed(WebUIKeywordMain.groovy:117)
	at com.kms.katalon.core.webui.keyword.builtin.VerifyElementVisibleKeyword$_verifyElementVisible_closure1.doCall(VerifyElementVisibleKeyword.groovy:89)
	at com.kms.katalon.core.webui.keyword.builtin.VerifyElementVisibleKeyword$_verifyElementVisible_closure1.call(VerifyElementVisibleKeyword.groovy)
	at com.kms.katalon.core.webui.keyword.internal.WebUIKeywordMain.runKeyword(WebUIKeywordMain.groovy:35)
	at com.kms.katalon.core.webui.keyword.builtin.VerifyElementVisibleKeyword.verifyElementVisible(VerifyElementVisibleKeyword.groovy:97)
	at com.kms.katalon.core.webui.keyword.builtin.VerifyElementVisibleKeyword.execute(VerifyElementVisibleKeyword.groovy:67)
	at com.kms.katalon.core.keyword.internal.KeywordExecutor.executeKeywordForPlatform(KeywordExecutor.groovy:74)
	at com.kms.katalon.core.webui.keyword.WebUiBuiltInKeywords.verifyElementVisible(WebUiBuiltInKeywords.groovy:401)
	at com.kms.katalon.core.webui.keyword.WebUiBuiltInKeywords$verifyElementVisible$5.call(Unknown Source)
	at Can Not Create Order With Negative Gallons.run(Can Not Create Order With Negative Gallons:24)
	at com.kms.katalon.core.main.ScriptEngine.run(ScriptEngine.java:194)
	at com.kms.katalon.core.main.ScriptEngine.runScriptAsRawText(ScriptEngine.java:119)
	at com.kms.katalon.core.main.TestCaseExecutor.runScript(TestCaseExecutor.java:448)
	at com.kms.katalon.core.main.TestCaseExecutor.doExecute(TestCaseExecutor.java:439)
	at com.kms.katalon.core.main.TestCaseExecutor.processExecutionPhase(TestCaseExecutor.java:418)
	at com.kms.katalon.core.main.TestCaseExecutor.accessMainPhase(TestCaseExecutor.java:410)
	at com.kms.katalon.core.main.TestCaseExecutor.execute(TestCaseExecutor.java:285)
	at com.kms.katalon.core.common.CommonExecutor.accessTestCaseMainPhase(CommonExecutor.java:65)
	at com.kms.katalon.core.main.TestSuiteExecutor.accessTestSuiteMainPhase(TestSuiteExecutor.java:150)
	at com.kms.katalon.core.main.TestSuiteExecutor.execute(TestSuiteExecutor.java:106)
	at com.kms.katalon.core.main.TestCaseMain.startTestSuite(TestCaseMain.java:180)
	at com.kms.katalon.core.main.TestCaseMain$startTestSuite$0.call(Unknown Source)
	at TempTestSuite1761090769781.run(TempTestSuite1761090769781.groovy:35)
	at java.base/jdk.internal.reflect.NativeMethodAccessorImpl.invoke0(Native Method)
	at java.base/jdk.internal.reflect.NativeMethodAccessorImpl.invoke(NativeMethodAccessorImpl.java:77)
	at java.base/jdk.internal.reflect.DelegatingMethodAccessorImpl.invoke(DelegatingMethodAccessorImpl.java:43)
)

21-10-2025T20:37:13 - [MESSAGE][INFO] - Unable to find the element located by 'By.xpath: /html/body/div/div[1]/button'. Please recheck the objects properties to make sure the desired element is located. 

21-10-2025T20:37:13 - [MESSAGE][WARNING] - [SELF-HEALING] Failed to find element with id 'Object Repository/FIM/Server_Notification_Close_btn'. Try using Self-healing.

21-10-2025T20:37:14 - [MESSAGE][INFO] - [SELF-HEALING] No working XPath is found.

21-10-2025T20:37:16 - [MESSAGE][INFO] - Unable to find the element located by 'By.xpath: '. Please recheck the objects properties to make sure the desired element is located. 

21-10-2025T20:37:16 - [MESSAGE][WARNING] - [SELF-HEALING] Cannot find elements when the selector is null

21-10-2025T20:37:16 - [MESSAGE][WARNING] - Web element with id: 'Object Repository/FIM/Server_Notification_Close_btn' located by '/html/body/div/div[1]/button' not found (Root cause: com.kms.katalon.core.exception.StepFailedException: Web element with id: 'Object Repository/FIM/Server_Notification_Close_btn' located by '/html/body/div/div[1]/button' not found
	at com.kms.katalon.core.webui.keyword.internal.WebUIKeywordMain.stepFailed(WebUIKeywordMain.groovy:117)
	at com.kms.katalon.core.webui.keyword.builtin.VerifyElementVisibleKeyword$_verifyElementVisible_closure1.doCall(VerifyElementVisibleKeyword.groovy:89)
	at com.kms.katalon.core.webui.keyword.builtin.VerifyElementVisibleKeyword$_verifyElementVisible_closure1.call(VerifyElementVisibleKeyword.groovy)
	at com.kms.katalon.core.webui.keyword.internal.WebUIKeywordMain.runKeyword(WebUIKeywordMain.groovy:35)
	at com.kms.katalon.core.webui.keyword.builtin.VerifyElementVisibleKeyword.verifyElementVisible(VerifyElementVisibleKeyword.groovy:97)
	at com.kms.katalon.core.webui.keyword.builtin.VerifyElementVisibleKeyword.execute(VerifyElementVisibleKeyword.groovy:67)
	at com.kms.katalon.core.keyword.internal.KeywordExecutor.executeKeywordForPlatform(KeywordExecutor.groovy:74)
	at com.kms.katalon.core.webui.keyword.WebUiBuiltInKeywords.verifyElementVisible(WebUiBuiltInKeywords.groovy:401)
	at com.kms.katalon.core.webui.keyword.WebUiBuiltInKeywords$verifyElementVisible$5.call(Unknown Source)
	at Can Not Create Order With Negative Gallons.run(Can Not Create Order With Negative Gallons:24)
	at com.kms.katalon.core.main.ScriptEngine.run(ScriptEngine.java:194)
	at com.kms.katalon.core.main.ScriptEngine.runScriptAsRawText(ScriptEngine.java:119)
	at com.kms.katalon.core.main.TestCaseExecutor.runScript(TestCaseExecutor.java:448)
	at com.kms.katalon.core.main.TestCaseExecutor.doExecute(TestCaseExecutor.java:439)
	at com.kms.katalon.core.main.TestCaseExecutor.processExecutionPhase(TestCaseExecutor.java:418)
	at com.kms.katalon.core.main.TestCaseExecutor.accessMainPhase(TestCaseExecutor.java:410)
	at com.kms.katalon.core.main.TestCaseExecutor.execute(TestCaseExecutor.java:285)
	at com.kms.katalon.core.common.CommonExecutor.accessTestCaseMainPhase(CommonExecutor.java:65)
	at com.kms.katalon.core.main.TestSuiteExecutor.accessTestSuiteMainPhase(TestSuiteExecutor.java:150)
	at com.kms.katalon.core.main.TestSuiteExecutor.execute(TestSuiteExecutor.java:106)
	at com.kms.katalon.core.main.TestCaseMain.startTestSuite(TestCaseMain.java:180)
	at com.kms.katalon.core.main.TestCaseMain$startTestSuite$0.call(Unknown Source)
	at TempTestSuite1761090769781.run(TempTestSuite1761090769781.groovy:35)
	at java.base/jdk.internal.reflect.NativeMethodAccessorImpl.invoke0(Native Method)
	at java.base/jdk.internal.reflect.NativeMethodAccessorImpl.invoke(NativeMethodAccessorImpl.java:77)
	at java.base/jdk.internal.reflect.DelegatingMethodAccessorImpl.invoke(DelegatingMethodAccessorImpl.java:43)
)

21-10-2025T20:37:16 - [TEST_STEP][PASSED] - delay(1): Delayed 1 second(s)

21-10-2025T20:37:17 - [MESSAGE][PASSED] - Delayed 1 second(s)

21-10-2025T20:37:17 - [TEST_STEP][PASSED] - click(findTestObject("FIM/Hamburger Menu List/Hamburger_menu")): Object: 'Object Repository/FIM/Hamburger Menu List/Hamburger_menu' is clicked on

21-10-2025T20:37:17 - [MESSAGE][PASSED] - Object: 'Object Repository/FIM/Hamburger Menu List/Hamburger_menu' is clicked on

21-10-2025T20:37:17 - [TEST_STEP][PASSED] - verifyElementPresent(findTestObject("FIM/Hamburger Menu List/Sites_list (1)"), 10): Object 'Object Repository/FIM/Hamburger Menu List/Sites_list (1)' is present

21-10-2025T20:37:17 - [MESSAGE][PASSED] - Object 'Object Repository/FIM/Hamburger Menu List/Sites_list (1)' is present

21-10-2025T20:37:17 - [TEST_STEP][PASSED] - delay(1): Delayed 1 second(s)

21-10-2025T20:37:18 - [MESSAGE][PASSED] - Delayed 1 second(s)

21-10-2025T20:37:18 - [TEST_STEP][PASSED] - click(findTestObject("FIM/Hamburger Menu List/Sites_list (1)")): Object: 'Object Repository/FIM/Hamburger Menu List/Sites_list (1)' is clicked on

21-10-2025T20:37:18 - [MESSAGE][PASSED] - Object: 'Object Repository/FIM/Hamburger Menu List/Sites_list (1)' is clicked on

21-10-2025T20:37:18 - [TEST_STEP][PASSED] - waitForElementPresent(findTestObject("FIM/Sites Page/Calculator/Calculator Tab"), 10): Object 'Object Repository/FIM/Sites Page/Calculator/Calculator Tab' is present

21-10-2025T20:37:19 - [MESSAGE][PASSED] - Object 'Object Repository/FIM/Sites Page/Calculator/Calculator Tab' is present

21-10-2025T20:37:19 - [TEST_STEP][PASSED] - selectOptionByLabel(findTestObject("FIM/Sites Page/Site Filtering/Region Selection_dropdown"), "KAG LOGISTICS", false): All options with label 'KAG LOGISTICS' are selected in object 'Object Repository/FIM/Sites Page/Site Filtering/Region Selection_dropdown' 

21-10-2025T20:37:19 - [MESSAGE][PASSED] - All options with label 'KAG LOGISTICS' are selected in object 'Object Repository/FIM/Sites Page/Site Filtering/Region Selection_dropdown' 

21-10-2025T20:37:19 - [TEST_STEP][PASSED] - while (i < 60 == true): null

21-10-2025T20:37:19 - [TEST_STEP][PASSED] - sendKeys(findTestObject("FIM/Sites Page/Site Filtering/Site_txt"), Keys.chord(BACK_SPACE), STOP_ON_FAILURE): Keys 'BACK_SPACE + ' sent to object: 'Object Repository/FIM/Sites Page/Site Filtering/Site_txt'

21-10-2025T20:37:20 - [MESSAGE][PASSED] - Keys 'BACK_SPACE + ' sent to object: 'Object Repository/FIM/Sites Page/Site Filtering/Site_txt'

21-10-2025T20:37:20 - [TEST_STEP][PASSED] - (i++): null

21-10-2025T20:37:20 - [TEST_STEP][PASSED] - sendKeys(findTestObject("FIM/Sites Page/Site Filtering/Site_txt"), Keys.chord(BACK_SPACE), STOP_ON_FAILURE): Keys 'BACK_SPACE + ' sent to object: 'Object Repository/FIM/Sites Page/Site Filtering/Site_txt'

21-10-2025T20:37:20 - [MESSAGE][PASSED] - Keys 'BACK_SPACE + ' sent to object: 'Object Repository/FIM/Sites Page/Site Filtering/Site_txt'

21-10-2025T20:37:20 - [TEST_STEP][PASSED] - (i++): null

21-10-2025T20:37:20 - [TEST_STEP][PASSED] - sendKeys(findTestObject("FIM/Sites Page/Site Filtering/Site_txt"), Keys.chord(BACK_SPACE), STOP_ON_FAILURE): Keys 'BACK_SPACE + ' sent to object: 'Object Repository/FIM/Sites Page/Site Filtering/Site_txt'

21-10-2025T20:37:20 - [MESSAGE][PASSED] - Keys 'BACK_SPACE + ' sent to object: 'Object Repository/FIM/Sites Page/Site Filtering/Site_txt'

21-10-2025T20:37:20 - [TEST_STEP][PASSED] - (i++): null

21-10-2025T20:37:20 - [TEST_STEP][PASSED] - sendKeys(findTestObject("FIM/Sites Page/Site Filtering/Site_txt"), Keys.chord(BACK_SPACE), STOP_ON_FAILURE): Keys 'BACK_SPACE + ' sent to object: 'Object Repository/FIM/Sites Page/Site Filtering/Site_txt'

21-10-2025T20:37:20 - [MESSAGE][PASSED] - Keys 'BACK_SPACE + ' sent to object: 'Object Repository/FIM/Sites Page/Site Filtering/Site_txt'

21-10-2025T20:37:20 - [TEST_STEP][PASSED] - (i++): null

21-10-2025T20:37:20 - [TEST_STEP][PASSED] - sendKeys(findTestObject("FIM/Sites Page/Site Filtering/Site_txt"), Keys.chord(BACK_SPACE), STOP_ON_FAILURE): Keys 'BACK_SPACE + ' sent to object: 'Object Repository/FIM/Sites Page/Site Filtering/Site_txt'

21-10-2025T20:37:20 - [MESSAGE][PASSED] - Keys 'BACK_SPACE + ' sent to object: 'Object Repository/FIM/Sites Page/Site Filtering/Site_txt'

21-10-2025T20:37:20 - [TEST_STEP][PASSED] - (i++): null

21-10-2025T20:37:20 - [TEST_STEP][PASSED] - sendKeys(findTestObject("FIM/Sites Page/Site Filtering/Site_txt"), Keys.chord(BACK_SPACE), STOP_ON_FAILURE): Keys 'BACK_SPACE + ' sent to object: 'Object Repository/FIM/Sites Page/Site Filtering/Site_txt'

21-10-2025T20:37:20 - [MESSAGE][PASSED] - Keys 'BACK_SPACE + ' sent to object: 'Object Repository/FIM/Sites Page/Site Filtering/Site_txt'

21-10-2025T20:37:20 - [TEST_STEP][PASSED] - (i++): null

21-10-2025T20:37:20 - [TEST_STEP][PASSED] - sendKeys(findTestObject("FIM/Sites Page/Site Filtering/Site_txt"), Keys.chord(BACK_SPACE), STOP_ON_FAILURE): Keys 'BACK_SPACE + ' sent to object: 'Object Repository/FIM/Sites Page/Site Filtering/Site_txt'

21-10-2025T20:37:20 - [MESSAGE][PASSED] - Keys 'BACK_SPACE + ' sent to object: 'Object Repository/FIM/Sites Page/Site Filtering/Site_txt'

21-10-2025T20:37:20 - [TEST_STEP][PASSED] - (i++): null

21-10-2025T20:37:20 - [TEST_STEP][PASSED] - sendKeys(findTestObject("FIM/Sites Page/Site Filtering/Site_txt"), Keys.chord(BACK_SPACE), STOP_ON_FAILURE): Keys 'BACK_SPACE + ' sent to object: 'Object Repository/FIM/Sites Page/Site Filtering/Site_txt'

21-10-2025T20:37:21 - [MESSAGE][PASSED] - Keys 'BACK_SPACE + ' sent to object: 'Object Repository/FIM/Sites Page/Site Filtering/Site_txt'

21-10-2025T20:37:21 - [TEST_STEP][PASSED] - (i++): null

21-10-2025T20:37:21 - [TEST_STEP][PASSED] - sendKeys(findTestObject("FIM/Sites Page/Site Filtering/Site_txt"), Keys.chord(BACK_SPACE), STOP_ON_FAILURE): Keys 'BACK_SPACE + ' sent to object: 'Object Repository/FIM/Sites Page/Site Filtering/Site_txt'

21-10-2025T20:37:21 - [MESSAGE][PASSED] - Keys 'BACK_SPACE + ' sent to object: 'Object Repository/FIM/Sites Page/Site Filtering/Site_txt'

21-10-2025T20:37:21 - [TEST_STEP][PASSED] - (i++): null

21-10-2025T20:37:21 - [TEST_STEP][PASSED] - sendKeys(findTestObject("FIM/Sites Page/Site Filtering/Site_txt"), Keys.chord(BACK_SPACE), STOP_ON_FAILURE): Keys 'BACK_SPACE + ' sent to object: 'Object Repository/FIM/Sites Page/Site Filtering/Site_txt'

21-10-2025T20:37:21 - [MESSAGE][PASSED] - Keys 'BACK_SPACE + ' sent to object: 'Object Repository/FIM/Sites Page/Site Filtering/Site_txt'

21-10-2025T20:37:21 - [TEST_STEP][PASSED] - (i++): null

21-10-2025T20:37:21 - [TEST_STEP][PASSED] - sendKeys(findTestObject("FIM/Sites Page/Site Filtering/Site_txt"), Keys.chord(BACK_SPACE), STOP_ON_FAILURE): Keys 'BACK_SPACE + ' sent to object: 'Object Repository/FIM/Sites Page/Site Filtering/Site_txt'

21-10-2025T20:37:21 - [MESSAGE][PASSED] - Keys 'BACK_SPACE + ' sent to object: 'Object Repository/FIM/Sites Page/Site Filtering/Site_txt'

21-10-2025T20:37:21 - [TEST_STEP][PASSED] - (i++): null

21-10-2025T20:37:21 - [TEST_STEP][PASSED] - sendKeys(findTestObject("FIM/Sites Page/Site Filtering/Site_txt"), Keys.chord(BACK_SPACE), STOP_ON_FAILURE): Keys 'BACK_SPACE + ' sent to object: 'Object Repository/FIM/Sites Page/Site Filtering/Site_txt'

21-10-2025T20:37:21 - [MESSAGE][PASSED] - Keys 'BACK_SPACE + ' sent to object: 'Object Repository/FIM/Sites Page/Site Filtering/Site_txt'

21-10-2025T20:37:21 - [TEST_STEP][PASSED] - (i++): null

21-10-2025T20:37:21 - [TEST_STEP][PASSED] - sendKeys(findTestObject("FIM/Sites Page/Site Filtering/Site_txt"), Keys.chord(BACK_SPACE), STOP_ON_FAILURE): Keys 'BACK_SPACE + ' sent to object: 'Object Repository/FIM/Sites Page/Site Filtering/Site_txt'

21-10-2025T20:37:21 - [MESSAGE][PASSED] - Keys 'BACK_SPACE + ' sent to object: 'Object Repository/FIM/Sites Page/Site Filtering/Site_txt'

21-10-2025T20:37:21 - [TEST_STEP][PASSED] - (i++): null

21-10-2025T20:37:21 - [TEST_STEP][PASSED] - sendKeys(findTestObject("FIM/Sites Page/Site Filtering/Site_txt"), Keys.chord(BACK_SPACE), STOP_ON_FAILURE): Keys 'BACK_SPACE + ' sent to object: 'Object Repository/FIM/Sites Page/Site Filtering/Site_txt'

21-10-2025T20:37:21 - [MESSAGE][PASSED] - Keys 'BACK_SPACE + ' sent to object: 'Object Repository/FIM/Sites Page/Site Filtering/Site_txt'

21-10-2025T20:37:21 - [TEST_STEP][PASSED] - (i++): null

21-10-2025T20:37:21 - [TEST_STEP][PASSED] - sendKeys(findTestObject("FIM/Sites Page/Site Filtering/Site_txt"), Keys.chord(BACK_SPACE), STOP_ON_FAILURE): Keys 'BACK_SPACE + ' sent to object: 'Object Repository/FIM/Sites Page/Site Filtering/Site_txt'

21-10-2025T20:37:21 - [MESSAGE][PASSED] - Keys 'BACK_SPACE + ' sent to object: 'Object Repository/FIM/Sites Page/Site Filtering/Site_txt'

21-10-2025T20:37:21 - [TEST_STEP][PASSED] - (i++): null

21-10-2025T20:37:21 - [TEST_STEP][PASSED] - sendKeys(findTestObject("FIM/Sites Page/Site Filtering/Site_txt"), Keys.chord(BACK_SPACE), STOP_ON_FAILURE): Keys 'BACK_SPACE + ' sent to object: 'Object Repository/FIM/Sites Page/Site Filtering/Site_txt'

21-10-2025T20:37:21 - [MESSAGE][PASSED] - Keys 'BACK_SPACE + ' sent to object: 'Object Repository/FIM/Sites Page/Site Filtering/Site_txt'

21-10-2025T20:37:21 - [TEST_STEP][PASSED] - (i++): null

21-10-2025T20:37:21 - [TEST_STEP][PASSED] - sendKeys(findTestObject("FIM/Sites Page/Site Filtering/Site_txt"), Keys.chord(BACK_SPACE), STOP_ON_FAILURE): Keys 'BACK_SPACE + ' sent to object: 'Object Repository/FIM/Sites Page/Site Filtering/Site_txt'

21-10-2025T20:37:21 - [MESSAGE][PASSED] - Keys 'BACK_SPACE + ' sent to object: 'Object Repository/FIM/Sites Page/Site Filtering/Site_txt'

21-10-2025T20:37:21 - [TEST_STEP][PASSED] - (i++): null

21-10-2025T20:37:21 - [TEST_STEP][PASSED] - sendKeys(findTestObject("FIM/Sites Page/Site Filtering/Site_txt"), Keys.chord(BACK_SPACE), STOP_ON_FAILURE): Keys 'BACK_SPACE + ' sent to object: 'Object Repository/FIM/Sites Page/Site Filtering/Site_txt'

21-10-2025T20:37:21 - [MESSAGE][PASSED] - Keys 'BACK_SPACE + ' sent to object: 'Object Repository/FIM/Sites Page/Site Filtering/Site_txt'

21-10-2025T20:37:21 - [TEST_STEP][PASSED] - (i++): null

21-10-2025T20:37:21 - [TEST_STEP][PASSED] - sendKeys(findTestObject("FIM/Sites Page/Site Filtering/Site_txt"), Keys.chord(BACK_SPACE), STOP_ON_FAILURE): Keys 'BACK_SPACE + ' sent to object: 'Object Repository/FIM/Sites Page/Site Filtering/Site_txt'

21-10-2025T20:37:21 - [MESSAGE][PASSED] - Keys 'BACK_SPACE + ' sent to object: 'Object Repository/FIM/Sites Page/Site Filtering/Site_txt'

21-10-2025T20:37:21 - [TEST_STEP][PASSED] - (i++): null

21-10-2025T20:37:21 - [TEST_STEP][PASSED] - sendKeys(findTestObject("FIM/Sites Page/Site Filtering/Site_txt"), Keys.chord(BACK_SPACE), STOP_ON_FAILURE): Keys 'BACK_SPACE + ' sent to object: 'Object Repository/FIM/Sites Page/Site Filtering/Site_txt'

21-10-2025T20:37:21 - [MESSAGE][PASSED] - Keys 'BACK_SPACE + ' sent to object: 'Object Repository/FIM/Sites Page/Site Filtering/Site_txt'

21-10-2025T20:37:21 - [TEST_STEP][PASSED] - (i++): null

21-10-2025T20:37:21 - [TEST_STEP][PASSED] - sendKeys(findTestObject("FIM/Sites Page/Site Filtering/Site_txt"), Keys.chord(BACK_SPACE), STOP_ON_FAILURE): Keys 'BACK_SPACE + ' sent to object: 'Object Repository/FIM/Sites Page/Site Filtering/Site_txt'

21-10-2025T20:37:21 - [MESSAGE][PASSED] - Keys 'BACK_SPACE + ' sent to object: 'Object Repository/FIM/Sites Page/Site Filtering/Site_txt'

21-10-2025T20:37:21 - [TEST_STEP][PASSED] - (i++): null

21-10-2025T20:37:21 - [TEST_STEP][PASSED] - sendKeys(findTestObject("FIM/Sites Page/Site Filtering/Site_txt"), Keys.chord(BACK_SPACE), STOP_ON_FAILURE): Keys 'BACK_SPACE + ' sent to object: 'Object Repository/FIM/Sites Page/Site Filtering/Site_txt'

21-10-2025T20:37:21 - [MESSAGE][PASSED] - Keys 'BACK_SPACE + ' sent to object: 'Object Repository/FIM/Sites Page/Site Filtering/Site_txt'

21-10-2025T20:37:21 - [TEST_STEP][PASSED] - (i++): null

21-10-2025T20:37:21 - [TEST_STEP][PASSED] - sendKeys(findTestObject("FIM/Sites Page/Site Filtering/Site_txt"), Keys.chord(BACK_SPACE), STOP_ON_FAILURE): Keys 'BACK_SPACE + ' sent to object: 'Object Repository/FIM/Sites Page/Site Filtering/Site_txt'

21-10-2025T20:37:21 - [MESSAGE][PASSED] - Keys 'BACK_SPACE + ' sent to object: 'Object Repository/FIM/Sites Page/Site Filtering/Site_txt'

21-10-2025T20:37:21 - [TEST_STEP][PASSED] - (i++): null

21-10-2025T20:37:21 - [TEST_STEP][PASSED] - sendKeys(findTestObject("FIM/Sites Page/Site Filtering/Site_txt"), Keys.chord(BACK_SPACE), STOP_ON_FAILURE): Keys 'BACK_SPACE + ' sent to object: 'Object Repository/FIM/Sites Page/Site Filtering/Site_txt'

21-10-2025T20:37:21 - [MESSAGE][PASSED] - Keys 'BACK_SPACE + ' sent to object: 'Object Repository/FIM/Sites Page/Site Filtering/Site_txt'

21-10-2025T20:37:21 - [TEST_STEP][PASSED] - (i++): null

21-10-2025T20:37:21 - [TEST_STEP][PASSED] - sendKeys(findTestObject("FIM/Sites Page/Site Filtering/Site_txt"), Keys.chord(BACK_SPACE), STOP_ON_FAILURE): Keys 'BACK_SPACE + ' sent to object: 'Object Repository/FIM/Sites Page/Site Filtering/Site_txt'

21-10-2025T20:37:22 - [MESSAGE][PASSED] - Keys 'BACK_SPACE + ' sent to object: 'Object Repository/FIM/Sites Page/Site Filtering/Site_txt'

21-10-2025T20:37:22 - [TEST_STEP][PASSED] - (i++): null

21-10-2025T20:37:22 - [TEST_STEP][PASSED] - sendKeys(findTestObject("FIM/Sites Page/Site Filtering/Site_txt"), Keys.chord(BACK_SPACE), STOP_ON_FAILURE): Keys 'BACK_SPACE + ' sent to object: 'Object Repository/FIM/Sites Page/Site Filtering/Site_txt'

21-10-2025T20:37:22 - [MESSAGE][PASSED] - Keys 'BACK_SPACE + ' sent to object: 'Object Repository/FIM/Sites Page/Site Filtering/Site_txt'

21-10-2025T20:37:22 - [TEST_STEP][PASSED] - (i++): null

21-10-2025T20:37:22 - [TEST_STEP][PASSED] - sendKeys(findTestObject("FIM/Sites Page/Site Filtering/Site_txt"), Keys.chord(BACK_SPACE), STOP_ON_FAILURE): Keys 'BACK_SPACE + ' sent to object: 'Object Repository/FIM/Sites Page/Site Filtering/Site_txt'

21-10-2025T20:37:22 - [MESSAGE][PASSED] - Keys 'BACK_SPACE + ' sent to object: 'Object Repository/FIM/Sites Page/Site Filtering/Site_txt'

21-10-2025T20:37:22 - [TEST_STEP][PASSED] - (i++): null

21-10-2025T20:37:22 - [TEST_STEP][PASSED] - sendKeys(findTestObject("FIM/Sites Page/Site Filtering/Site_txt"), Keys.chord(BACK_SPACE), STOP_ON_FAILURE): Keys 'BACK_SPACE + ' sent to object: 'Object Repository/FIM/Sites Page/Site Filtering/Site_txt'

21-10-2025T20:37:22 - [MESSAGE][PASSED] - Keys 'BACK_SPACE + ' sent to object: 'Object Repository/FIM/Sites Page/Site Filtering/Site_txt'

21-10-2025T20:37:22 - [TEST_STEP][PASSED] - (i++): null

21-10-2025T20:37:22 - [TEST_STEP][PASSED] - sendKeys(findTestObject("FIM/Sites Page/Site Filtering/Site_txt"), Keys.chord(BACK_SPACE), STOP_ON_FAILURE): Keys 'BACK_SPACE + ' sent to object: 'Object Repository/FIM/Sites Page/Site Filtering/Site_txt'

21-10-2025T20:37:22 - [MESSAGE][PASSED] - Keys 'BACK_SPACE + ' sent to object: 'Object Repository/FIM/Sites Page/Site Filtering/Site_txt'

21-10-2025T20:37:22 - [TEST_STEP][PASSED] - (i++): null

21-10-2025T20:37:22 - [TEST_STEP][PASSED] - sendKeys(findTestObject("FIM/Sites Page/Site Filtering/Site_txt"), Keys.chord(BACK_SPACE), STOP_ON_FAILURE): Keys 'BACK_SPACE + ' sent to object: 'Object Repository/FIM/Sites Page/Site Filtering/Site_txt'

21-10-2025T20:37:22 - [MESSAGE][PASSED] - Keys 'BACK_SPACE + ' sent to object: 'Object Repository/FIM/Sites Page/Site Filtering/Site_txt'

21-10-2025T20:37:22 - [TEST_STEP][PASSED] - (i++): null

21-10-2025T20:37:22 - [TEST_STEP][PASSED] - sendKeys(findTestObject("FIM/Sites Page/Site Filtering/Site_txt"), Keys.chord(BACK_SPACE), STOP_ON_FAILURE): Keys 'BACK_SPACE + ' sent to object: 'Object Repository/FIM/Sites Page/Site Filtering/Site_txt'

21-10-2025T20:37:22 - [MESSAGE][PASSED] - Keys 'BACK_SPACE + ' sent to object: 'Object Repository/FIM/Sites Page/Site Filtering/Site_txt'

21-10-2025T20:37:22 - [TEST_STEP][PASSED] - (i++): null

21-10-2025T20:37:22 - [TEST_STEP][PASSED] - sendKeys(findTestObject("FIM/Sites Page/Site Filtering/Site_txt"), Keys.chord(BACK_SPACE), STOP_ON_FAILURE): Keys 'BACK_SPACE + ' sent to object: 'Object Repository/FIM/Sites Page/Site Filtering/Site_txt'

21-10-2025T20:37:22 - [MESSAGE][PASSED] - Keys 'BACK_SPACE + ' sent to object: 'Object Repository/FIM/Sites Page/Site Filtering/Site_txt'

21-10-2025T20:37:22 - [TEST_STEP][PASSED] - (i++): null

21-10-2025T20:37:22 - [TEST_STEP][PASSED] - sendKeys(findTestObject("FIM/Sites Page/Site Filtering/Site_txt"), Keys.chord(BACK_SPACE), STOP_ON_FAILURE): Keys 'BACK_SPACE + ' sent to object: 'Object Repository/FIM/Sites Page/Site Filtering/Site_txt'

21-10-2025T20:37:22 - [MESSAGE][PASSED] - Keys 'BACK_SPACE + ' sent to object: 'Object Repository/FIM/Sites Page/Site Filtering/Site_txt'

21-10-2025T20:37:22 - [TEST_STEP][PASSED] - (i++): null

21-10-2025T20:37:22 - [TEST_STEP][PASSED] - sendKeys(findTestObject("FIM/Sites Page/Site Filtering/Site_txt"), Keys.chord(BACK_SPACE), STOP_ON_FAILURE): Keys 'BACK_SPACE + ' sent to object: 'Object Repository/FIM/Sites Page/Site Filtering/Site_txt'

21-10-2025T20:37:22 - [MESSAGE][PASSED] - Keys 'BACK_SPACE + ' sent to object: 'Object Repository/FIM/Sites Page/Site Filtering/Site_txt'

21-10-2025T20:37:22 - [TEST_STEP][PASSED] - (i++): null

21-10-2025T20:37:22 - [TEST_STEP][PASSED] - sendKeys(findTestObject("FIM/Sites Page/Site Filtering/Site_txt"), Keys.chord(BACK_SPACE), STOP_ON_FAILURE): Keys 'BACK_SPACE + ' sent to object: 'Object Repository/FIM/Sites Page/Site Filtering/Site_txt'

21-10-2025T20:37:22 - [MESSAGE][PASSED] - Keys 'BACK_SPACE + ' sent to object: 'Object Repository/FIM/Sites Page/Site Filtering/Site_txt'

21-10-2025T20:37:22 - [TEST_STEP][PASSED] - (i++): null

21-10-2025T20:37:22 - [TEST_STEP][PASSED] - sendKeys(findTestObject("FIM/Sites Page/Site Filtering/Site_txt"), Keys.chord(BACK_SPACE), STOP_ON_FAILURE): Keys 'BACK_SPACE + ' sent to object: 'Object Repository/FIM/Sites Page/Site Filtering/Site_txt'

21-10-2025T20:37:22 - [MESSAGE][PASSED] - Keys 'BACK_SPACE + ' sent to object: 'Object Repository/FIM/Sites Page/Site Filtering/Site_txt'

21-10-2025T20:37:22 - [TEST_STEP][PASSED] - (i++): null

21-10-2025T20:37:22 - [TEST_STEP][PASSED] - sendKeys(findTestObject("FIM/Sites Page/Site Filtering/Site_txt"), Keys.chord(BACK_SPACE), STOP_ON_FAILURE): Keys 'BACK_SPACE + ' sent to object: 'Object Repository/FIM/Sites Page/Site Filtering/Site_txt'

21-10-2025T20:37:22 - [MESSAGE][PASSED] - Keys 'BACK_SPACE + ' sent to object: 'Object Repository/FIM/Sites Page/Site Filtering/Site_txt'

21-10-2025T20:37:22 - [TEST_STEP][PASSED] - (i++): null

21-10-2025T20:37:22 - [TEST_STEP][PASSED] - sendKeys(findTestObject("FIM/Sites Page/Site Filtering/Site_txt"), Keys.chord(BACK_SPACE), STOP_ON_FAILURE): Keys 'BACK_SPACE + ' sent to object: 'Object Repository/FIM/Sites Page/Site Filtering/Site_txt'

21-10-2025T20:37:22 - [MESSAGE][PASSED] - Keys 'BACK_SPACE + ' sent to object: 'Object Repository/FIM/Sites Page/Site Filtering/Site_txt'

21-10-2025T20:37:22 - [TEST_STEP][PASSED] - (i++): null

21-10-2025T20:37:22 - [TEST_STEP][PASSED] - sendKeys(findTestObject("FIM/Sites Page/Site Filtering/Site_txt"), Keys.chord(BACK_SPACE), STOP_ON_FAILURE): Keys 'BACK_SPACE + ' sent to object: 'Object Repository/FIM/Sites Page/Site Filtering/Site_txt'

21-10-2025T20:37:22 - [MESSAGE][PASSED] - Keys 'BACK_SPACE + ' sent to object: 'Object Repository/FIM/Sites Page/Site Filtering/Site_txt'

21-10-2025T20:37:22 - [TEST_STEP][PASSED] - (i++): null

21-10-2025T20:37:22 - [TEST_STEP][PASSED] - sendKeys(findTestObject("FIM/Sites Page/Site Filtering/Site_txt"), Keys.chord(BACK_SPACE), STOP_ON_FAILURE): Keys 'BACK_SPACE + ' sent to object: 'Object Repository/FIM/Sites Page/Site Filtering/Site_txt'

21-10-2025T20:37:22 - [MESSAGE][PASSED] - Keys 'BACK_SPACE + ' sent to object: 'Object Repository/FIM/Sites Page/Site Filtering/Site_txt'

21-10-2025T20:37:22 - [TEST_STEP][PASSED] - (i++): null

21-10-2025T20:37:22 - [TEST_STEP][PASSED] - sendKeys(findTestObject("FIM/Sites Page/Site Filtering/Site_txt"), Keys.chord(BACK_SPACE), STOP_ON_FAILURE): Keys 'BACK_SPACE + ' sent to object: 'Object Repository/FIM/Sites Page/Site Filtering/Site_txt'

21-10-2025T20:37:22 - [MESSAGE][PASSED] - Keys 'BACK_SPACE + ' sent to object: 'Object Repository/FIM/Sites Page/Site Filtering/Site_txt'

21-10-2025T20:37:22 - [TEST_STEP][PASSED] - (i++): null

21-10-2025T20:37:22 - [TEST_STEP][PASSED] - sendKeys(findTestObject("FIM/Sites Page/Site Filtering/Site_txt"), Keys.chord(BACK_SPACE), STOP_ON_FAILURE): Keys 'BACK_SPACE + ' sent to object: 'Object Repository/FIM/Sites Page/Site Filtering/Site_txt'

21-10-2025T20:37:22 - [MESSAGE][PASSED] - Keys 'BACK_SPACE + ' sent to object: 'Object Repository/FIM/Sites Page/Site Filtering/Site_txt'

21-10-2025T20:37:22 - [TEST_STEP][PASSED] - (i++): null

21-10-2025T20:37:22 - [TEST_STEP][PASSED] - sendKeys(findTestObject("FIM/Sites Page/Site Filtering/Site_txt"), Keys.chord(BACK_SPACE), STOP_ON_FAILURE): Keys 'BACK_SPACE + ' sent to object: 'Object Repository/FIM/Sites Page/Site Filtering/Site_txt'

21-10-2025T20:37:23 - [MESSAGE][PASSED] - Keys 'BACK_SPACE + ' sent to object: 'Object Repository/FIM/Sites Page/Site Filtering/Site_txt'

21-10-2025T20:37:23 - [TEST_STEP][PASSED] - (i++): null

21-10-2025T20:37:23 - [TEST_STEP][PASSED] - sendKeys(findTestObject("FIM/Sites Page/Site Filtering/Site_txt"), Keys.chord(BACK_SPACE), STOP_ON_FAILURE): Keys 'BACK_SPACE + ' sent to object: 'Object Repository/FIM/Sites Page/Site Filtering/Site_txt'

21-10-2025T20:37:23 - [MESSAGE][PASSED] - Keys 'BACK_SPACE + ' sent to object: 'Object Repository/FIM/Sites Page/Site Filtering/Site_txt'

21-10-2025T20:37:23 - [TEST_STEP][PASSED] - (i++): null

21-10-2025T20:37:23 - [TEST_STEP][PASSED] - sendKeys(findTestObject("FIM/Sites Page/Site Filtering/Site_txt"), Keys.chord(BACK_SPACE), STOP_ON_FAILURE): Keys 'BACK_SPACE + ' sent to object: 'Object Repository/FIM/Sites Page/Site Filtering/Site_txt'

21-10-2025T20:37:23 - [MESSAGE][PASSED] - Keys 'BACK_SPACE + ' sent to object: 'Object Repository/FIM/Sites Page/Site Filtering/Site_txt'

21-10-2025T20:37:23 - [TEST_STEP][PASSED] - (i++): null

21-10-2025T20:37:23 - [TEST_STEP][PASSED] - sendKeys(findTestObject("FIM/Sites Page/Site Filtering/Site_txt"), Keys.chord(BACK_SPACE), STOP_ON_FAILURE): Keys 'BACK_SPACE + ' sent to object: 'Object Repository/FIM/Sites Page/Site Filtering/Site_txt'

21-10-2025T20:37:23 - [MESSAGE][PASSED] - Keys 'BACK_SPACE + ' sent to object: 'Object Repository/FIM/Sites Page/Site Filtering/Site_txt'

21-10-2025T20:37:23 - [TEST_STEP][PASSED] - (i++): null

21-10-2025T20:37:23 - [TEST_STEP][PASSED] - sendKeys(findTestObject("FIM/Sites Page/Site Filtering/Site_txt"), Keys.chord(BACK_SPACE), STOP_ON_FAILURE): Keys 'BACK_SPACE + ' sent to object: 'Object Repository/FIM/Sites Page/Site Filtering/Site_txt'

21-10-2025T20:37:23 - [MESSAGE][PASSED] - Keys 'BACK_SPACE + ' sent to object: 'Object Repository/FIM/Sites Page/Site Filtering/Site_txt'

21-10-2025T20:37:23 - [TEST_STEP][PASSED] - (i++): null

21-10-2025T20:37:23 - [TEST_STEP][PASSED] - sendKeys(findTestObject("FIM/Sites Page/Site Filtering/Site_txt"), Keys.chord(BACK_SPACE), STOP_ON_FAILURE): Keys 'BACK_SPACE + ' sent to object: 'Object Repository/FIM/Sites Page/Site Filtering/Site_txt'

21-10-2025T20:37:23 - [MESSAGE][PASSED] - Keys 'BACK_SPACE + ' sent to object: 'Object Repository/FIM/Sites Page/Site Filtering/Site_txt'

21-10-2025T20:37:23 - [TEST_STEP][PASSED] - (i++): null

21-10-2025T20:37:23 - [TEST_STEP][PASSED] - sendKeys(findTestObject("FIM/Sites Page/Site Filtering/Site_txt"), Keys.chord(BACK_SPACE), STOP_ON_FAILURE): Keys 'BACK_SPACE + ' sent to object: 'Object Repository/FIM/Sites Page/Site Filtering/Site_txt'

21-10-2025T20:37:23 - [MESSAGE][PASSED] - Keys 'BACK_SPACE + ' sent to object: 'Object Repository/FIM/Sites Page/Site Filtering/Site_txt'

21-10-2025T20:37:23 - [TEST_STEP][PASSED] - (i++): null

21-10-2025T20:37:23 - [TEST_STEP][PASSED] - sendKeys(findTestObject("FIM/Sites Page/Site Filtering/Site_txt"), Keys.chord(BACK_SPACE), STOP_ON_FAILURE): Keys 'BACK_SPACE + ' sent to object: 'Object Repository/FIM/Sites Page/Site Filtering/Site_txt'

21-10-2025T20:37:23 - [MESSAGE][PASSED] - Keys 'BACK_SPACE + ' sent to object: 'Object Repository/FIM/Sites Page/Site Filtering/Site_txt'

21-10-2025T20:37:23 - [TEST_STEP][PASSED] - (i++): null

21-10-2025T20:37:23 - [TEST_STEP][PASSED] - sendKeys(findTestObject("FIM/Sites Page/Site Filtering/Site_txt"), Keys.chord(BACK_SPACE), STOP_ON_FAILURE): Keys 'BACK_SPACE + ' sent to object: 'Object Repository/FIM/Sites Page/Site Filtering/Site_txt'

21-10-2025T20:37:23 - [MESSAGE][PASSED] - Keys 'BACK_SPACE + ' sent to object: 'Object Repository/FIM/Sites Page/Site Filtering/Site_txt'

21-10-2025T20:37:23 - [TEST_STEP][PASSED] - (i++): null

21-10-2025T20:37:23 - [TEST_STEP][PASSED] - sendKeys(findTestObject("FIM/Sites Page/Site Filtering/Site_txt"), Keys.chord(BACK_SPACE), STOP_ON_FAILURE): Keys 'BACK_SPACE + ' sent to object: 'Object Repository/FIM/Sites Page/Site Filtering/Site_txt'

21-10-2025T20:37:23 - [MESSAGE][PASSED] - Keys 'BACK_SPACE + ' sent to object: 'Object Repository/FIM/Sites Page/Site Filtering/Site_txt'

21-10-2025T20:37:23 - [TEST_STEP][PASSED] - (i++): null

21-10-2025T20:37:23 - [TEST_STEP][PASSED] - sendKeys(findTestObject("FIM/Sites Page/Site Filtering/Site_txt"), Keys.chord(BACK_SPACE), STOP_ON_FAILURE): Keys 'BACK_SPACE + ' sent to object: 'Object Repository/FIM/Sites Page/Site Filtering/Site_txt'

21-10-2025T20:37:23 - [MESSAGE][PASSED] - Keys 'BACK_SPACE + ' sent to object: 'Object Repository/FIM/Sites Page/Site Filtering/Site_txt'

21-10-2025T20:37:23 - [TEST_STEP][PASSED] - (i++): null

21-10-2025T20:37:23 - [TEST_STEP][PASSED] - sendKeys(findTestObject("FIM/Sites Page/Site Filtering/Site_txt"), Keys.chord(BACK_SPACE), STOP_ON_FAILURE): Keys 'BACK_SPACE + ' sent to object: 'Object Repository/FIM/Sites Page/Site Filtering/Site_txt'

21-10-2025T20:37:23 - [MESSAGE][PASSED] - Keys 'BACK_SPACE + ' sent to object: 'Object Repository/FIM/Sites Page/Site Filtering/Site_txt'

21-10-2025T20:37:23 - [TEST_STEP][PASSED] - (i++): null

21-10-2025T20:37:23 - [TEST_STEP][PASSED] - sendKeys(findTestObject("FIM/Sites Page/Site Filtering/Site_txt"), Keys.chord(BACK_SPACE), STOP_ON_FAILURE): Keys 'BACK_SPACE + ' sent to object: 'Object Repository/FIM/Sites Page/Site Filtering/Site_txt'

21-10-2025T20:37:23 - [MESSAGE][PASSED] - Keys 'BACK_SPACE + ' sent to object: 'Object Repository/FIM/Sites Page/Site Filtering/Site_txt'

21-10-2025T20:37:23 - [TEST_STEP][PASSED] - (i++): null

21-10-2025T20:37:23 - [TEST_STEP][PASSED] - sendKeys(findTestObject("FIM/Sites Page/Site Filtering/Site_txt"), Keys.chord(BACK_SPACE), STOP_ON_FAILURE): Keys 'BACK_SPACE + ' sent to object: 'Object Repository/FIM/Sites Page/Site Filtering/Site_txt'

21-10-2025T20:37:23 - [MESSAGE][PASSED] - Keys 'BACK_SPACE + ' sent to object: 'Object Repository/FIM/Sites Page/Site Filtering/Site_txt'

21-10-2025T20:37:23 - [TEST_STEP][PASSED] - (i++): null

21-10-2025T20:37:23 - [TEST_STEP][PASSED] - sendKeys(findTestObject("FIM/Sites Page/Site Filtering/Site_txt"), Keys.chord(BACK_SPACE), STOP_ON_FAILURE): Keys 'BACK_SPACE + ' sent to object: 'Object Repository/FIM/Sites Page/Site Filtering/Site_txt'

21-10-2025T20:37:23 - [MESSAGE][PASSED] - Keys 'BACK_SPACE + ' sent to object: 'Object Repository/FIM/Sites Page/Site Filtering/Site_txt'

21-10-2025T20:37:23 - [TEST_STEP][PASSED] - (i++): null

21-10-2025T20:37:23 - [TEST_STEP][PASSED] - sendKeys(findTestObject("FIM/Sites Page/Site Filtering/Site_txt"), Keys.chord(BACK_SPACE), STOP_ON_FAILURE): Keys 'BACK_SPACE + ' sent to object: 'Object Repository/FIM/Sites Page/Site Filtering/Site_txt'

21-10-2025T20:37:23 - [MESSAGE][PASSED] - Keys 'BACK_SPACE + ' sent to object: 'Object Repository/FIM/Sites Page/Site Filtering/Site_txt'

21-10-2025T20:37:23 - [TEST_STEP][PASSED] - (i++): null

21-10-2025T20:37:23 - [TEST_STEP][PASSED] - sendKeys(findTestObject("FIM/Sites Page/Site Filtering/Site_txt"), Keys.chord(BACK_SPACE), STOP_ON_FAILURE): Keys 'BACK_SPACE + ' sent to object: 'Object Repository/FIM/Sites Page/Site Filtering/Site_txt'

21-10-2025T20:37:23 - [MESSAGE][PASSED] - Keys 'BACK_SPACE + ' sent to object: 'Object Repository/FIM/Sites Page/Site Filtering/Site_txt'

21-10-2025T20:37:23 - [TEST_STEP][PASSED] - (i++): null

21-10-2025T20:37:23 - [TEST_STEP][PASSED] - sendKeys(findTestObject("FIM/Sites Page/Site Filtering/Site_txt"), Keys.chord(BACK_SPACE), STOP_ON_FAILURE): Keys 'BACK_SPACE + ' sent to object: 'Object Repository/FIM/Sites Page/Site Filtering/Site_txt'

21-10-2025T20:37:24 - [MESSAGE][PASSED] - Keys 'BACK_SPACE + ' sent to object: 'Object Repository/FIM/Sites Page/Site Filtering/Site_txt'

21-10-2025T20:37:24 - [TEST_STEP][PASSED] - (i++): null

21-10-2025T20:37:24 - [TEST_STEP][PASSED] - sendKeys(findTestObject("FIM/Sites Page/Site Filtering/Site_txt"), "TURK132 - 798 North", STOP_ON_FAILURE): Keys 'TURK132 - 798 North' sent to object: 'Object Repository/FIM/Sites Page/Site Filtering/Site_txt'

21-10-2025T20:37:24 - [MESSAGE][PASSED] - Keys 'TURK132 - 798 North' sent to object: 'Object Repository/FIM/Sites Page/Site Filtering/Site_txt'

21-10-2025T20:37:24 - [TEST_STEP][PASSED] - sendKeys(findTestObject("FIM/Sites Page/Site Filtering/Site_txt"), Keys.chord(ENTER), STOP_ON_FAILURE): Keys 'ENTER + ' sent to object: 'Object Repository/FIM/Sites Page/Site Filtering/Site_txt'

21-10-2025T20:37:24 - [MESSAGE][PASSED] - Keys 'ENTER + ' sent to object: 'Object Repository/FIM/Sites Page/Site Filtering/Site_txt'

21-10-2025T20:37:24 - [TEST_STEP][PASSED] - waitForElementClickable(findTestObject("FIM/Sites Page/Orders/Create Order/CreateOrder_btn"), 300, CONTINUE_ON_FAILURE): Object 'Object Repository/FIM/Sites Page/Orders/Create Order/CreateOrder_btn' is clickable

21-10-2025T20:37:25 - [MESSAGE][PASSED] - Object 'Object Repository/FIM/Sites Page/Orders/Create Order/CreateOrder_btn' is clickable

21-10-2025T20:37:25 - [TEST_STEP][PASSED] - click(findTestObject("FIM/Sites Page/Orders/Create Order/CreateOrder_btn")): Object: 'Object Repository/FIM/Sites Page/Orders/Create Order/CreateOrder_btn' is clicked on

21-10-2025T20:37:25 - [MESSAGE][PASSED] - Object: 'Object Repository/FIM/Sites Page/Orders/Create Order/CreateOrder_btn' is clicked on

21-10-2025T20:37:25 - [TEST_STEP][PASSED] - clearText(findTestObject("FIM/Sites Page/Orders/Create Order/10UNL_txt")): Text of object 'Object Repository/FIM/Sites Page/Orders/Create Order/10UNL_txt' is cleared

21-10-2025T20:37:25 - [MESSAGE][PASSED] - Text of object 'Object Repository/FIM/Sites Page/Orders/Create Order/10UNL_txt' is cleared

21-10-2025T20:37:25 - [TEST_STEP][PASSED] - sendKeys(findTestObject("FIM/Sites Page/Orders/Create Order/10UNL_txt", ["variable":"5600"]), "-5600"): Keys '-5600' sent to object: 'Object Repository/FIM/Sites Page/Orders/Create Order/10UNL_txt'

21-10-2025T20:37:25 - [MESSAGE][PASSED] - Keys '-5600' sent to object: 'Object Repository/FIM/Sites Page/Orders/Create Order/10UNL_txt'

21-10-2025T20:37:25 - [TEST_STEP][PASSED] - delay(3): Delayed 3 second(s)

21-10-2025T20:37:28 - [MESSAGE][PASSED] - Delayed 3 second(s)

21-10-2025T20:37:28 - [TEST_STEP][PASSED] - click(findTestObject("FIM/Sites Page/Orders/Save_btn")): Object: 'Object Repository/FIM/Sites Page/Orders/Save_btn' is clicked on

21-10-2025T20:37:28 - [MESSAGE][PASSED] - Object: 'Object Repository/FIM/Sites Page/Orders/Save_btn' is clicked on

21-10-2025T20:37:28 - [TEST_STEP][PASSED] - delay(1): Delayed 1 second(s)

21-10-2025T20:37:29 - [MESSAGE][PASSED] - Delayed 1 second(s)

21-10-2025T20:37:29 - [TEST_STEP][PASSED] - verifyElementVisible(findTestObject("FIM/Sites Page/Orders/Create Order/Negative Gallons Error Message"), STOP_ON_FAILURE): Object 'Object Repository/FIM/Sites Page/Orders/Create Order/Negative Gallons Error Message' is visible

21-10-2025T20:37:29 - [MESSAGE][PASSED] - Object 'Object Repository/FIM/Sites Page/Orders/Create Order/Negative Gallons Error Message' is visible

21-10-2025T20:37:29 - [TEST_STEP][PASSED] - verifyElementText(findTestObject("FIM/Sites Page/Orders/Create Order/Negative Gallons Error Message"), "Unable to save order due to order errors."): Actual text and expected text of test object 'Object Repository/FIM/Sites Page/Orders/Create Order/Negative Gallons Error Message' are matched.

21-10-2025T20:37:29 - [MESSAGE][PASSED] - Actual text and expected text of test object 'Object Repository/FIM/Sites Page/Orders/Create Order/Negative Gallons Error Message' are matched.

21-10-2025T20:37:29 - [TEST_STEP][PASSED] - verifyElementPresent(findTestObject("FIM/Sites Page/Orders/Create Order/Fix_Errors_btn"), 10): Object 'Object Repository/FIM/Sites Page/Orders/Create Order/Fix_Errors_btn' is present

21-10-2025T20:37:29 - [MESSAGE][PASSED] - Object 'Object Repository/FIM/Sites Page/Orders/Create Order/Fix_Errors_btn' is present

21-10-2025T20:37:29 - [TEST_STEP][PASSED] - click(findTestObject("FIM/Sites Page/Orders/Create Order/Fix_Errors_btn")): Object: 'Object Repository/FIM/Sites Page/Orders/Create Order/Fix_Errors_btn' is clicked on

21-10-2025T20:37:29 - [MESSAGE][PASSED] - Object: 'Object Repository/FIM/Sites Page/Orders/Create Order/Fix_Errors_btn' is clicked on

21-10-2025T20:37:29 - [TEST_STEP][PASSED] - verifyElementPresent(findTestObject("FIM/Sites Page/Orders/Create Order/Fix_Errors_btn"), 10): Object 'Object Repository/FIM/Sites Page/Orders/Create Order/Fix_Errors_btn' is present

21-10-2025T20:37:29 - [MESSAGE][PASSED] - Object 'Object Repository/FIM/Sites Page/Orders/Create Order/Fix_Errors_btn' is present

21-10-2025T20:37:29 - [TEST_STEP][PASSED] - verifyElementText(findTestObject("FIM/Sites Page/Orders/Create Order/Fix_Errors_Line_One"), "1) Minimum of 1 gallon to be assigned, for at least 1 product at the site."): Actual text and expected text of test object 'Object Repository/FIM/Sites Page/Orders/Create Order/Fix_Errors_Line_One' are matched.

21-10-2025T20:37:29 - [MESSAGE][PASSED] - Actual text and expected text of test object 'Object Repository/FIM/Sites Page/Orders/Create Order/Fix_Errors_Line_One' are matched.

21-10-2025T20:37:29 - [TEST_STEP][PASSED] - verifyElementText(findTestObject("FIM/Sites Page/Orders/Create Order/Fix_Errors_Line_Two"), "2) Cannot create an order larger than tank size or safe fill, check the 10UNL (1) tank gallons."): Actual text and expected text of test object 'Object Repository/FIM/Sites Page/Orders/Create Order/Fix_Errors_Line_Two' are matched.

21-10-2025T20:37:29 - [MESSAGE][PASSED] - Actual text and expected text of test object 'Object Repository/FIM/Sites Page/Orders/Create Order/Fix_Errors_Line_Two' are matched.

21-10-2025T20:37:29 - [TEST_STEP][PASSED] - delay(1): Delayed 1 second(s)

21-10-2025T20:37:30 - [MESSAGE][PASSED] - Delayed 1 second(s)

21-10-2025T20:37:30 - [TEST_STEP][PASSED] - closeBrowser(): Browser is closed

21-10-2025T20:37:30 - [MESSAGE][PASSED] - Browser is closed

21-10-2025T20:37:30 - [TEST_STEP][PASSED] - Start listener action : retryOnDisconnect: null

21-10-2025T20:37:30 - [TEST_STEP][PASSED] - tcId = testCaseContext.getTestCaseId(): null

21-10-2025T20:37:30 - [TEST_STEP][PASSED] - currentRetry = retryCounts.getOrDefault(tcId, 0): null

21-10-2025T20:37:30 - [TEST_STEP][PASSED] - if (testCaseContext.getTestCaseStatus() == "FAILED" && currentRetry < MAX_RETRIES): null]]></system-out>
         <system-err><![CDATA[]]></system-err>
      </testcase>
      <testcase name="Test Cases/FIM/UI/KGL/Admin/Sites Page/Orders/Cancelling Creating an Order" time="49.31" classname="Test Cases/FIM/UI/KGL/Admin/Sites Page/Orders/Cancelling Creating an Order" status="PASSED">
         <system-out><![CDATA[21-10-2025T20:37:30 - [TEST_CASE][PASSED] - Test Cases/FIM/UI/KGL/Admin/Sites Page/Orders/Cancelling Creating an Order: Test Cases/FIM/UI/KGL/Admin/Sites Page/Orders/Cancelling Creating an Order

21-10-2025T20:37:30 - [TEST_STEP][PASSED] - Start listener action : beforeTestCase: null

21-10-2025T20:37:30 - [TEST_STEP][PASSED] - addDefaultPackages(): null

21-10-2025T20:37:30 - [TEST_STEP][PASSED] - i = 0: null

21-10-2025T20:37:30 - [TEST_STEP][PASSED] - callTestCase(findTestCase("Utility Scripts/FIM KGL Admin Login"), [:], STOP_ON_FAILURE): Call Test Case 'Test Cases/Utility Scripts/FIM KGL Admin Login' successfully

21-10-2025T20:37:31 - [TEST_CASE][PASSED] - Test Cases/Utility Scripts/FIM KGL Admin Login: Test Cases/Utility Scripts/FIM KGL Admin Login

21-10-2025T20:37:31 - [TEST_STEP][PASSED] - openBrowser(""): Browser is opened with url: ''

21-10-2025T20:37:31 - [MESSAGE][INFO] - Starting 'Chrome' driver

21-10-2025T20:37:31 - [MESSAGE][INFO] - User set preference: ['args', '[--no-sandbox, --disable-gpu, --disable-dev-shm-usage]']

21-10-2025T20:37:31 - [MESSAGE][INFO] - Action delay is set to 0 milliseconds

21-10-2025T20:37:31 - [MESSAGE][PASSED] - Browser is opened with url: ''

21-10-2025T20:37:31 - [TEST_STEP][PASSED] - delay(1): Delayed 1 second(s)

21-10-2025T20:37:32 - [MESSAGE][PASSED] - Delayed 1 second(s)

21-10-2025T20:37:32 - [TEST_STEP][PASSED] - navigateToUrl(KGLCustomGroupUrl): Navigate to 'https://kaglogistics-inventory-management-portal.qa.thekag.com/custom-group/' successfully

21-10-2025T20:37:33 - [MESSAGE][PASSED] - Navigate to 'https://kaglogistics-inventory-management-portal.qa.thekag.com/custom-group/' successfully

21-10-2025T20:37:33 - [TEST_STEP][PASSED] - delay(10): Delayed 10 second(s)

21-10-2025T20:37:43 - [MESSAGE][PASSED] - Delayed 10 second(s)

21-10-2025T20:37:43 - [TEST_STEP][PASSED] - if (maximizeWindow == true): Delayed 1 second(s)

21-10-2025T20:37:43 - [TEST_STEP][PASSED] - maximizeWindow(STOP_ON_FAILURE): Current window maximized

21-10-2025T20:37:43 - [MESSAGE][PASSED] - Current window maximized

21-10-2025T20:37:43 - [TEST_STEP][PASSED] - delay(1): Delayed 1 second(s)

21-10-2025T20:37:44 - [MESSAGE][PASSED] - Delayed 1 second(s)

21-10-2025T20:37:44 - [TEST_STEP][PASSED] - waitForElementPresent(findTestObject("FIM/Username_txt"), 10): Object 'Object Repository/FIM/Username_txt' is present

21-10-2025T20:37:44 - [MESSAGE][PASSED] - Object 'Object Repository/FIM/Username_txt' is present

21-10-2025T20:37:44 - [TEST_STEP][PASSED] - setText(findTestObject("FIM/Username_txt"), FIMUsername): Text 'Chris.Sheldon+DES_QA@Thekag.com' is set on object 'Object Repository/FIM/Username_txt'

21-10-2025T20:37:44 - [MESSAGE][PASSED] - Text 'Chris.Sheldon+DES_QA@Thekag.com' is set on object 'Object Repository/FIM/Username_txt'

21-10-2025T20:37:44 - [TEST_STEP][PASSED] - delay(1): Delayed 1 second(s)

21-10-2025T20:37:45 - [MESSAGE][PASSED] - Delayed 1 second(s)

21-10-2025T20:37:45 - [TEST_STEP][PASSED] - setText(findTestObject("FIM/Password_txt"), FIMPassword): Text 'QATest!2' is set on object 'Object Repository/FIM/Password_txt'

21-10-2025T20:37:45 - [MESSAGE][PASSED] - Text 'QATest!2' is set on object 'Object Repository/FIM/Password_txt'

21-10-2025T20:37:45 - [TEST_STEP][PASSED] - delay(1): Delayed 1 second(s)

21-10-2025T20:37:46 - [MESSAGE][PASSED] - Delayed 1 second(s)

21-10-2025T20:37:46 - [TEST_STEP][PASSED] - click(findTestObject("FIM/Login_btn")): Object: 'Object Repository/FIM/Login_btn' is clicked on

21-10-2025T20:37:46 - [MESSAGE][PASSED] - Object: 'Object Repository/FIM/Login_btn' is clicked on

21-10-2025T20:37:46 - [MESSAGE][PASSED] - Call Test Case 'Test Cases/Utility Scripts/FIM KGL Admin Login' successfully

21-10-2025T20:37:46 - [TEST_STEP][PASSED] - if (verifyElementVisible(findTestObject("FIM/Server_Notification_Close_btn"), OPTIONAL) == true): Web element with id: 'Object Repository/FIM/Server_Notification_Close_btn' located by '/html/body/div/div[1]/button' not found (Root cause: com.kms.katalon.core.exception.StepFailedException: Web element with id: 'Object Repository/FIM/Server_Notification_Close_btn' located by '/html/body/div/div[1]/button' not found
	at com.kms.katalon.core.webui.keyword.internal.WebUIKeywordMain.stepFailed(WebUIKeywordMain.groovy:117)
	at com.kms.katalon.core.webui.keyword.builtin.VerifyElementVisibleKeyword$_verifyElementVisible_closure1.doCall(VerifyElementVisibleKeyword.groovy:89)
	at com.kms.katalon.core.webui.keyword.builtin.VerifyElementVisibleKeyword$_verifyElementVisible_closure1.call(VerifyElementVisibleKeyword.groovy)
	at com.kms.katalon.core.webui.keyword.internal.WebUIKeywordMain.runKeyword(WebUIKeywordMain.groovy:35)
	at com.kms.katalon.core.webui.keyword.builtin.VerifyElementVisibleKeyword.verifyElementVisible(VerifyElementVisibleKeyword.groovy:97)
	at com.kms.katalon.core.webui.keyword.builtin.VerifyElementVisibleKeyword.execute(VerifyElementVisibleKeyword.groovy:67)
	at com.kms.katalon.core.keyword.internal.KeywordExecutor.executeKeywordForPlatform(KeywordExecutor.groovy:74)
	at com.kms.katalon.core.webui.keyword.WebUiBuiltInKeywords.verifyElementVisible(WebUiBuiltInKeywords.groovy:401)
	at com.kms.katalon.core.webui.keyword.WebUiBuiltInKeywords$verifyElementVisible$5.call(Unknown Source)
	at Cancelling Creating an Order.run(Cancelling Creating an Order:24)
	at com.kms.katalon.core.main.ScriptEngine.run(ScriptEngine.java:194)
	at com.kms.katalon.core.main.ScriptEngine.runScriptAsRawText(ScriptEngine.java:119)
	at com.kms.katalon.core.main.TestCaseExecutor.runScript(TestCaseExecutor.java:448)
	at com.kms.katalon.core.main.TestCaseExecutor.doExecute(TestCaseExecutor.java:439)
	at com.kms.katalon.core.main.TestCaseExecutor.processExecutionPhase(TestCaseExecutor.java:418)
	at com.kms.katalon.core.main.TestCaseExecutor.accessMainPhase(TestCaseExecutor.java:410)
	at com.kms.katalon.core.main.TestCaseExecutor.execute(TestCaseExecutor.java:285)
	at com.kms.katalon.core.common.CommonExecutor.accessTestCaseMainPhase(CommonExecutor.java:65)
	at com.kms.katalon.core.main.TestSuiteExecutor.accessTestSuiteMainPhase(TestSuiteExecutor.java:150)
	at com.kms.katalon.core.main.TestSuiteExecutor.execute(TestSuiteExecutor.java:106)
	at com.kms.katalon.core.main.TestCaseMain.startTestSuite(TestCaseMain.java:180)
	at com.kms.katalon.core.main.TestCaseMain$startTestSuite$0.call(Unknown Source)
	at TempTestSuite1761090769781.run(TempTestSuite1761090769781.groovy:35)
	at java.base/jdk.internal.reflect.NativeMethodAccessorImpl.invoke0(Native Method)
	at java.base/jdk.internal.reflect.NativeMethodAccessorImpl.invoke(NativeMethodAccessorImpl.java:77)
	at java.base/jdk.internal.reflect.DelegatingMethodAccessorImpl.invoke(DelegatingMethodAccessorImpl.java:43)
)

21-10-2025T20:38:02 - [MESSAGE][INFO] - Unable to find the element located by 'By.xpath: /html/body/div/div[1]/button'. Please recheck the objects properties to make sure the desired element is located. 

21-10-2025T20:38:02 - [MESSAGE][WARNING] - [SELF-HEALING] Failed to find element with id 'Object Repository/FIM/Server_Notification_Close_btn'. Try using Self-healing.

21-10-2025T20:38:03 - [MESSAGE][INFO] - [SELF-HEALING] No working XPath is found.

21-10-2025T20:38:05 - [MESSAGE][INFO] - Unable to find the element located by 'By.xpath: '. Please recheck the objects properties to make sure the desired element is located. 

21-10-2025T20:38:05 - [MESSAGE][WARNING] - [SELF-HEALING] Cannot find elements when the selector is null

21-10-2025T20:38:05 - [MESSAGE][WARNING] - Web element with id: 'Object Repository/FIM/Server_Notification_Close_btn' located by '/html/body/div/div[1]/button' not found (Root cause: com.kms.katalon.core.exception.StepFailedException: Web element with id: 'Object Repository/FIM/Server_Notification_Close_btn' located by '/html/body/div/div[1]/button' not found
	at com.kms.katalon.core.webui.keyword.internal.WebUIKeywordMain.stepFailed(WebUIKeywordMain.groovy:117)
	at com.kms.katalon.core.webui.keyword.builtin.VerifyElementVisibleKeyword$_verifyElementVisible_closure1.doCall(VerifyElementVisibleKeyword.groovy:89)
	at com.kms.katalon.core.webui.keyword.builtin.VerifyElementVisibleKeyword$_verifyElementVisible_closure1.call(VerifyElementVisibleKeyword.groovy)
	at com.kms.katalon.core.webui.keyword.internal.WebUIKeywordMain.runKeyword(WebUIKeywordMain.groovy:35)
	at com.kms.katalon.core.webui.keyword.builtin.VerifyElementVisibleKeyword.verifyElementVisible(VerifyElementVisibleKeyword.groovy:97)
	at com.kms.katalon.core.webui.keyword.builtin.VerifyElementVisibleKeyword.execute(VerifyElementVisibleKeyword.groovy:67)
	at com.kms.katalon.core.keyword.internal.KeywordExecutor.executeKeywordForPlatform(KeywordExecutor.groovy:74)
	at com.kms.katalon.core.webui.keyword.WebUiBuiltInKeywords.verifyElementVisible(WebUiBuiltInKeywords.groovy:401)
	at com.kms.katalon.core.webui.keyword.WebUiBuiltInKeywords$verifyElementVisible$5.call(Unknown Source)
	at Cancelling Creating an Order.run(Cancelling Creating an Order:24)
	at com.kms.katalon.core.main.ScriptEngine.run(ScriptEngine.java:194)
	at com.kms.katalon.core.main.ScriptEngine.runScriptAsRawText(ScriptEngine.java:119)
	at com.kms.katalon.core.main.TestCaseExecutor.runScript(TestCaseExecutor.java:448)
	at com.kms.katalon.core.main.TestCaseExecutor.doExecute(TestCaseExecutor.java:439)
	at com.kms.katalon.core.main.TestCaseExecutor.processExecutionPhase(TestCaseExecutor.java:418)
	at com.kms.katalon.core.main.TestCaseExecutor.accessMainPhase(TestCaseExecutor.java:410)
	at com.kms.katalon.core.main.TestCaseExecutor.execute(TestCaseExecutor.java:285)
	at com.kms.katalon.core.common.CommonExecutor.accessTestCaseMainPhase(CommonExecutor.java:65)
	at com.kms.katalon.core.main.TestSuiteExecutor.accessTestSuiteMainPhase(TestSuiteExecutor.java:150)
	at com.kms.katalon.core.main.TestSuiteExecutor.execute(TestSuiteExecutor.java:106)
	at com.kms.katalon.core.main.TestCaseMain.startTestSuite(TestCaseMain.java:180)
	at com.kms.katalon.core.main.TestCaseMain$startTestSuite$0.call(Unknown Source)
	at TempTestSuite1761090769781.run(TempTestSuite1761090769781.groovy:35)
	at java.base/jdk.internal.reflect.NativeMethodAccessorImpl.invoke0(Native Method)
	at java.base/jdk.internal.reflect.NativeMethodAccessorImpl.invoke(NativeMethodAccessorImpl.java:77)
	at java.base/jdk.internal.reflect.DelegatingMethodAccessorImpl.invoke(DelegatingMethodAccessorImpl.java:43)
)

21-10-2025T20:38:05 - [TEST_STEP][PASSED] - delay(1): Delayed 1 second(s)

21-10-2025T20:38:06 - [MESSAGE][PASSED] - Delayed 1 second(s)

21-10-2025T20:38:06 - [TEST_STEP][PASSED] - click(findTestObject("FIM/Hamburger Menu List/Hamburger_menu")): Object: 'Object Repository/FIM/Hamburger Menu List/Hamburger_menu' is clicked on

21-10-2025T20:38:06 - [MESSAGE][PASSED] - Object: 'Object Repository/FIM/Hamburger Menu List/Hamburger_menu' is clicked on

21-10-2025T20:38:06 - [TEST_STEP][PASSED] - verifyElementPresent(findTestObject("FIM/Hamburger Menu List/Sites_list (1)"), 10): Object 'Object Repository/FIM/Hamburger Menu List/Sites_list (1)' is present

21-10-2025T20:38:06 - [MESSAGE][PASSED] - Object 'Object Repository/FIM/Hamburger Menu List/Sites_list (1)' is present

21-10-2025T20:38:06 - [TEST_STEP][PASSED] - delay(1): Delayed 1 second(s)

21-10-2025T20:38:07 - [MESSAGE][PASSED] - Delayed 1 second(s)

21-10-2025T20:38:07 - [TEST_STEP][PASSED] - click(findTestObject("FIM/Hamburger Menu List/Sites_list (1)")): Object: 'Object Repository/FIM/Hamburger Menu List/Sites_list (1)' is clicked on

21-10-2025T20:38:08 - [MESSAGE][PASSED] - Object: 'Object Repository/FIM/Hamburger Menu List/Sites_list (1)' is clicked on

21-10-2025T20:38:08 - [TEST_STEP][PASSED] - waitForElementPresent(findTestObject("FIM/Sites Page/Calculator/Calculator Tab"), 10): Object 'Object Repository/FIM/Sites Page/Calculator/Calculator Tab' is present

21-10-2025T20:38:08 - [MESSAGE][PASSED] - Object 'Object Repository/FIM/Sites Page/Calculator/Calculator Tab' is present

21-10-2025T20:38:08 - [TEST_STEP][PASSED] - selectOptionByLabel(findTestObject("FIM/Sites Page/Site Filtering/Region Selection_dropdown"), "KAG LOGISTICS", false): All options with label 'KAG LOGISTICS' are selected in object 'Object Repository/FIM/Sites Page/Site Filtering/Region Selection_dropdown' 

21-10-2025T20:38:08 - [MESSAGE][PASSED] - All options with label 'KAG LOGISTICS' are selected in object 'Object Repository/FIM/Sites Page/Site Filtering/Region Selection_dropdown' 

21-10-2025T20:38:08 - [TEST_STEP][PASSED] - while (i < 60 == true): null

21-10-2025T20:38:08 - [TEST_STEP][PASSED] - sendKeys(findTestObject("FIM/Sites Page/Site Filtering/Site_txt"), Keys.chord(BACK_SPACE), STOP_ON_FAILURE): Keys 'BACK_SPACE + ' sent to object: 'Object Repository/FIM/Sites Page/Site Filtering/Site_txt'

21-10-2025T20:38:09 - [MESSAGE][PASSED] - Keys 'BACK_SPACE + ' sent to object: 'Object Repository/FIM/Sites Page/Site Filtering/Site_txt'

21-10-2025T20:38:09 - [TEST_STEP][PASSED] - (i++): null

21-10-2025T20:38:09 - [TEST_STEP][PASSED] - sendKeys(findTestObject("FIM/Sites Page/Site Filtering/Site_txt"), Keys.chord(BACK_SPACE), STOP_ON_FAILURE): Keys 'BACK_SPACE + ' sent to object: 'Object Repository/FIM/Sites Page/Site Filtering/Site_txt'

21-10-2025T20:38:09 - [MESSAGE][PASSED] - Keys 'BACK_SPACE + ' sent to object: 'Object Repository/FIM/Sites Page/Site Filtering/Site_txt'

21-10-2025T20:38:09 - [TEST_STEP][PASSED] - (i++): null

21-10-2025T20:38:09 - [TEST_STEP][PASSED] - sendKeys(findTestObject("FIM/Sites Page/Site Filtering/Site_txt"), Keys.chord(BACK_SPACE), STOP_ON_FAILURE): Keys 'BACK_SPACE + ' sent to object: 'Object Repository/FIM/Sites Page/Site Filtering/Site_txt'

21-10-2025T20:38:09 - [MESSAGE][PASSED] - Keys 'BACK_SPACE + ' sent to object: 'Object Repository/FIM/Sites Page/Site Filtering/Site_txt'

21-10-2025T20:38:09 - [TEST_STEP][PASSED] - (i++): null

21-10-2025T20:38:09 - [TEST_STEP][PASSED] - sendKeys(findTestObject("FIM/Sites Page/Site Filtering/Site_txt"), Keys.chord(BACK_SPACE), STOP_ON_FAILURE): Keys 'BACK_SPACE + ' sent to object: 'Object Repository/FIM/Sites Page/Site Filtering/Site_txt'

21-10-2025T20:38:09 - [MESSAGE][PASSED] - Keys 'BACK_SPACE + ' sent to object: 'Object Repository/FIM/Sites Page/Site Filtering/Site_txt'

21-10-2025T20:38:09 - [TEST_STEP][PASSED] - (i++): null

21-10-2025T20:38:09 - [TEST_STEP][PASSED] - sendKeys(findTestObject("FIM/Sites Page/Site Filtering/Site_txt"), Keys.chord(BACK_SPACE), STOP_ON_FAILURE): Keys 'BACK_SPACE + ' sent to object: 'Object Repository/FIM/Sites Page/Site Filtering/Site_txt'

21-10-2025T20:38:10 - [MESSAGE][PASSED] - Keys 'BACK_SPACE + ' sent to object: 'Object Repository/FIM/Sites Page/Site Filtering/Site_txt'

21-10-2025T20:38:10 - [TEST_STEP][PASSED] - (i++): null

21-10-2025T20:38:10 - [TEST_STEP][PASSED] - sendKeys(findTestObject("FIM/Sites Page/Site Filtering/Site_txt"), Keys.chord(BACK_SPACE), STOP_ON_FAILURE): Keys 'BACK_SPACE + ' sent to object: 'Object Repository/FIM/Sites Page/Site Filtering/Site_txt'

21-10-2025T20:38:10 - [MESSAGE][PASSED] - Keys 'BACK_SPACE + ' sent to object: 'Object Repository/FIM/Sites Page/Site Filtering/Site_txt'

21-10-2025T20:38:10 - [TEST_STEP][PASSED] - (i++): null

21-10-2025T20:38:10 - [TEST_STEP][PASSED] - sendKeys(findTestObject("FIM/Sites Page/Site Filtering/Site_txt"), Keys.chord(BACK_SPACE), STOP_ON_FAILURE): Keys 'BACK_SPACE + ' sent to object: 'Object Repository/FIM/Sites Page/Site Filtering/Site_txt'

21-10-2025T20:38:10 - [MESSAGE][PASSED] - Keys 'BACK_SPACE + ' sent to object: 'Object Repository/FIM/Sites Page/Site Filtering/Site_txt'

21-10-2025T20:38:10 - [TEST_STEP][PASSED] - (i++): null

21-10-2025T20:38:10 - [TEST_STEP][PASSED] - sendKeys(findTestObject("FIM/Sites Page/Site Filtering/Site_txt"), Keys.chord(BACK_SPACE), STOP_ON_FAILURE): Keys 'BACK_SPACE + ' sent to object: 'Object Repository/FIM/Sites Page/Site Filtering/Site_txt'

21-10-2025T20:38:10 - [MESSAGE][PASSED] - Keys 'BACK_SPACE + ' sent to object: 'Object Repository/FIM/Sites Page/Site Filtering/Site_txt'

21-10-2025T20:38:10 - [TEST_STEP][PASSED] - (i++): null

21-10-2025T20:38:10 - [TEST_STEP][PASSED] - sendKeys(findTestObject("FIM/Sites Page/Site Filtering/Site_txt"), Keys.chord(BACK_SPACE), STOP_ON_FAILURE): Keys 'BACK_SPACE + ' sent to object: 'Object Repository/FIM/Sites Page/Site Filtering/Site_txt'

21-10-2025T20:38:10 - [MESSAGE][PASSED] - Keys 'BACK_SPACE + ' sent to object: 'Object Repository/FIM/Sites Page/Site Filtering/Site_txt'

21-10-2025T20:38:10 - [TEST_STEP][PASSED] - (i++): null

21-10-2025T20:38:10 - [TEST_STEP][PASSED] - sendKeys(findTestObject("FIM/Sites Page/Site Filtering/Site_txt"), Keys.chord(BACK_SPACE), STOP_ON_FAILURE): Keys 'BACK_SPACE + ' sent to object: 'Object Repository/FIM/Sites Page/Site Filtering/Site_txt'

21-10-2025T20:38:10 - [MESSAGE][PASSED] - Keys 'BACK_SPACE + ' sent to object: 'Object Repository/FIM/Sites Page/Site Filtering/Site_txt'

21-10-2025T20:38:10 - [TEST_STEP][PASSED] - (i++): null

21-10-2025T20:38:10 - [TEST_STEP][PASSED] - sendKeys(findTestObject("FIM/Sites Page/Site Filtering/Site_txt"), Keys.chord(BACK_SPACE), STOP_ON_FAILURE): Keys 'BACK_SPACE + ' sent to object: 'Object Repository/FIM/Sites Page/Site Filtering/Site_txt'

21-10-2025T20:38:10 - [MESSAGE][PASSED] - Keys 'BACK_SPACE + ' sent to object: 'Object Repository/FIM/Sites Page/Site Filtering/Site_txt'

21-10-2025T20:38:10 - [TEST_STEP][PASSED] - (i++): null

21-10-2025T20:38:10 - [TEST_STEP][PASSED] - sendKeys(findTestObject("FIM/Sites Page/Site Filtering/Site_txt"), Keys.chord(BACK_SPACE), STOP_ON_FAILURE): Keys 'BACK_SPACE + ' sent to object: 'Object Repository/FIM/Sites Page/Site Filtering/Site_txt'

21-10-2025T20:38:10 - [MESSAGE][PASSED] - Keys 'BACK_SPACE + ' sent to object: 'Object Repository/FIM/Sites Page/Site Filtering/Site_txt'

21-10-2025T20:38:10 - [TEST_STEP][PASSED] - (i++): null

21-10-2025T20:38:10 - [TEST_STEP][PASSED] - sendKeys(findTestObject("FIM/Sites Page/Site Filtering/Site_txt"), Keys.chord(BACK_SPACE), STOP_ON_FAILURE): Keys 'BACK_SPACE + ' sent to object: 'Object Repository/FIM/Sites Page/Site Filtering/Site_txt'

21-10-2025T20:38:10 - [MESSAGE][PASSED] - Keys 'BACK_SPACE + ' sent to object: 'Object Repository/FIM/Sites Page/Site Filtering/Site_txt'

21-10-2025T20:38:10 - [TEST_STEP][PASSED] - (i++): null

21-10-2025T20:38:10 - [TEST_STEP][PASSED] - sendKeys(findTestObject("FIM/Sites Page/Site Filtering/Site_txt"), Keys.chord(BACK_SPACE), STOP_ON_FAILURE): Keys 'BACK_SPACE + ' sent to object: 'Object Repository/FIM/Sites Page/Site Filtering/Site_txt'

21-10-2025T20:38:10 - [MESSAGE][PASSED] - Keys 'BACK_SPACE + ' sent to object: 'Object Repository/FIM/Sites Page/Site Filtering/Site_txt'

21-10-2025T20:38:10 - [TEST_STEP][PASSED] - (i++): null

21-10-2025T20:38:10 - [TEST_STEP][PASSED] - sendKeys(findTestObject("FIM/Sites Page/Site Filtering/Site_txt"), Keys.chord(BACK_SPACE), STOP_ON_FAILURE): Keys 'BACK_SPACE + ' sent to object: 'Object Repository/FIM/Sites Page/Site Filtering/Site_txt'

21-10-2025T20:38:10 - [MESSAGE][PASSED] - Keys 'BACK_SPACE + ' sent to object: 'Object Repository/FIM/Sites Page/Site Filtering/Site_txt'

21-10-2025T20:38:10 - [TEST_STEP][PASSED] - (i++): null

21-10-2025T20:38:10 - [TEST_STEP][PASSED] - sendKeys(findTestObject("FIM/Sites Page/Site Filtering/Site_txt"), Keys.chord(BACK_SPACE), STOP_ON_FAILURE): Keys 'BACK_SPACE + ' sent to object: 'Object Repository/FIM/Sites Page/Site Filtering/Site_txt'

21-10-2025T20:38:10 - [MESSAGE][PASSED] - Keys 'BACK_SPACE + ' sent to object: 'Object Repository/FIM/Sites Page/Site Filtering/Site_txt'

21-10-2025T20:38:10 - [TEST_STEP][PASSED] - (i++): null

21-10-2025T20:38:10 - [TEST_STEP][PASSED] - sendKeys(findTestObject("FIM/Sites Page/Site Filtering/Site_txt"), Keys.chord(BACK_SPACE), STOP_ON_FAILURE): Keys 'BACK_SPACE + ' sent to object: 'Object Repository/FIM/Sites Page/Site Filtering/Site_txt'

21-10-2025T20:38:10 - [MESSAGE][PASSED] - Keys 'BACK_SPACE + ' sent to object: 'Object Repository/FIM/Sites Page/Site Filtering/Site_txt'

21-10-2025T20:38:10 - [TEST_STEP][PASSED] - (i++): null

21-10-2025T20:38:10 - [TEST_STEP][PASSED] - sendKeys(findTestObject("FIM/Sites Page/Site Filtering/Site_txt"), Keys.chord(BACK_SPACE), STOP_ON_FAILURE): Keys 'BACK_SPACE + ' sent to object: 'Object Repository/FIM/Sites Page/Site Filtering/Site_txt'

21-10-2025T20:38:10 - [MESSAGE][PASSED] - Keys 'BACK_SPACE + ' sent to object: 'Object Repository/FIM/Sites Page/Site Filtering/Site_txt'

21-10-2025T20:38:10 - [TEST_STEP][PASSED] - (i++): null

21-10-2025T20:38:10 - [TEST_STEP][PASSED] - sendKeys(findTestObject("FIM/Sites Page/Site Filtering/Site_txt"), Keys.chord(BACK_SPACE), STOP_ON_FAILURE): Keys 'BACK_SPACE + ' sent to object: 'Object Repository/FIM/Sites Page/Site Filtering/Site_txt'

21-10-2025T20:38:10 - [MESSAGE][PASSED] - Keys 'BACK_SPACE + ' sent to object: 'Object Repository/FIM/Sites Page/Site Filtering/Site_txt'

21-10-2025T20:38:10 - [TEST_STEP][PASSED] - (i++): null

21-10-2025T20:38:10 - [TEST_STEP][PASSED] - sendKeys(findTestObject("FIM/Sites Page/Site Filtering/Site_txt"), Keys.chord(BACK_SPACE), STOP_ON_FAILURE): Keys 'BACK_SPACE + ' sent to object: 'Object Repository/FIM/Sites Page/Site Filtering/Site_txt'

21-10-2025T20:38:10 - [MESSAGE][PASSED] - Keys 'BACK_SPACE + ' sent to object: 'Object Repository/FIM/Sites Page/Site Filtering/Site_txt'

21-10-2025T20:38:10 - [TEST_STEP][PASSED] - (i++): null

21-10-2025T20:38:10 - [TEST_STEP][PASSED] - sendKeys(findTestObject("FIM/Sites Page/Site Filtering/Site_txt"), Keys.chord(BACK_SPACE), STOP_ON_FAILURE): Keys 'BACK_SPACE + ' sent to object: 'Object Repository/FIM/Sites Page/Site Filtering/Site_txt'

21-10-2025T20:38:10 - [MESSAGE][PASSED] - Keys 'BACK_SPACE + ' sent to object: 'Object Repository/FIM/Sites Page/Site Filtering/Site_txt'

21-10-2025T20:38:10 - [TEST_STEP][PASSED] - (i++): null

21-10-2025T20:38:10 - [TEST_STEP][PASSED] - sendKeys(findTestObject("FIM/Sites Page/Site Filtering/Site_txt"), Keys.chord(BACK_SPACE), STOP_ON_FAILURE): Keys 'BACK_SPACE + ' sent to object: 'Object Repository/FIM/Sites Page/Site Filtering/Site_txt'

21-10-2025T20:38:10 - [MESSAGE][PASSED] - Keys 'BACK_SPACE + ' sent to object: 'Object Repository/FIM/Sites Page/Site Filtering/Site_txt'

21-10-2025T20:38:10 - [TEST_STEP][PASSED] - (i++): null

21-10-2025T20:38:10 - [TEST_STEP][PASSED] - sendKeys(findTestObject("FIM/Sites Page/Site Filtering/Site_txt"), Keys.chord(BACK_SPACE), STOP_ON_FAILURE): Keys 'BACK_SPACE + ' sent to object: 'Object Repository/FIM/Sites Page/Site Filtering/Site_txt'

21-10-2025T20:38:11 - [MESSAGE][PASSED] - Keys 'BACK_SPACE + ' sent to object: 'Object Repository/FIM/Sites Page/Site Filtering/Site_txt'

21-10-2025T20:38:11 - [TEST_STEP][PASSED] - (i++): null

21-10-2025T20:38:11 - [TEST_STEP][PASSED] - sendKeys(findTestObject("FIM/Sites Page/Site Filtering/Site_txt"), Keys.chord(BACK_SPACE), STOP_ON_FAILURE): Keys 'BACK_SPACE + ' sent to object: 'Object Repository/FIM/Sites Page/Site Filtering/Site_txt'

21-10-2025T20:38:11 - [MESSAGE][PASSED] - Keys 'BACK_SPACE + ' sent to object: 'Object Repository/FIM/Sites Page/Site Filtering/Site_txt'

21-10-2025T20:38:11 - [TEST_STEP][PASSED] - (i++): null

21-10-2025T20:38:11 - [TEST_STEP][PASSED] - sendKeys(findTestObject("FIM/Sites Page/Site Filtering/Site_txt"), Keys.chord(BACK_SPACE), STOP_ON_FAILURE): Keys 'BACK_SPACE + ' sent to object: 'Object Repository/FIM/Sites Page/Site Filtering/Site_txt'

21-10-2025T20:38:11 - [MESSAGE][PASSED] - Keys 'BACK_SPACE + ' sent to object: 'Object Repository/FIM/Sites Page/Site Filtering/Site_txt'

21-10-2025T20:38:11 - [TEST_STEP][PASSED] - (i++): null

21-10-2025T20:38:11 - [TEST_STEP][PASSED] - sendKeys(findTestObject("FIM/Sites Page/Site Filtering/Site_txt"), Keys.chord(BACK_SPACE), STOP_ON_FAILURE): Keys 'BACK_SPACE + ' sent to object: 'Object Repository/FIM/Sites Page/Site Filtering/Site_txt'

21-10-2025T20:38:11 - [MESSAGE][PASSED] - Keys 'BACK_SPACE + ' sent to object: 'Object Repository/FIM/Sites Page/Site Filtering/Site_txt'

21-10-2025T20:38:11 - [TEST_STEP][PASSED] - (i++): null

21-10-2025T20:38:11 - [TEST_STEP][PASSED] - sendKeys(findTestObject("FIM/Sites Page/Site Filtering/Site_txt"), Keys.chord(BACK_SPACE), STOP_ON_FAILURE): Keys 'BACK_SPACE + ' sent to object: 'Object Repository/FIM/Sites Page/Site Filtering/Site_txt'

21-10-2025T20:38:11 - [MESSAGE][PASSED] - Keys 'BACK_SPACE + ' sent to object: 'Object Repository/FIM/Sites Page/Site Filtering/Site_txt'

21-10-2025T20:38:11 - [TEST_STEP][PASSED] - (i++): null

21-10-2025T20:38:11 - [TEST_STEP][PASSED] - sendKeys(findTestObject("FIM/Sites Page/Site Filtering/Site_txt"), Keys.chord(BACK_SPACE), STOP_ON_FAILURE): Keys 'BACK_SPACE + ' sent to object: 'Object Repository/FIM/Sites Page/Site Filtering/Site_txt'

21-10-2025T20:38:11 - [MESSAGE][PASSED] - Keys 'BACK_SPACE + ' sent to object: 'Object Repository/FIM/Sites Page/Site Filtering/Site_txt'

21-10-2025T20:38:11 - [TEST_STEP][PASSED] - (i++): null

21-10-2025T20:38:11 - [TEST_STEP][PASSED] - sendKeys(findTestObject("FIM/Sites Page/Site Filtering/Site_txt"), Keys.chord(BACK_SPACE), STOP_ON_FAILURE): Keys 'BACK_SPACE + ' sent to object: 'Object Repository/FIM/Sites Page/Site Filtering/Site_txt'

21-10-2025T20:38:11 - [MESSAGE][PASSED] - Keys 'BACK_SPACE + ' sent to object: 'Object Repository/FIM/Sites Page/Site Filtering/Site_txt'

21-10-2025T20:38:11 - [TEST_STEP][PASSED] - (i++): null

21-10-2025T20:38:11 - [TEST_STEP][PASSED] - sendKeys(findTestObject("FIM/Sites Page/Site Filtering/Site_txt"), Keys.chord(BACK_SPACE), STOP_ON_FAILURE): Keys 'BACK_SPACE + ' sent to object: 'Object Repository/FIM/Sites Page/Site Filtering/Site_txt'

21-10-2025T20:38:11 - [MESSAGE][PASSED] - Keys 'BACK_SPACE + ' sent to object: 'Object Repository/FIM/Sites Page/Site Filtering/Site_txt'

21-10-2025T20:38:11 - [TEST_STEP][PASSED] - (i++): null

21-10-2025T20:38:11 - [TEST_STEP][PASSED] - sendKeys(findTestObject("FIM/Sites Page/Site Filtering/Site_txt"), Keys.chord(BACK_SPACE), STOP_ON_FAILURE): Keys 'BACK_SPACE + ' sent to object: 'Object Repository/FIM/Sites Page/Site Filtering/Site_txt'

21-10-2025T20:38:11 - [MESSAGE][PASSED] - Keys 'BACK_SPACE + ' sent to object: 'Object Repository/FIM/Sites Page/Site Filtering/Site_txt'

21-10-2025T20:38:11 - [TEST_STEP][PASSED] - (i++): null

21-10-2025T20:38:11 - [TEST_STEP][PASSED] - sendKeys(findTestObject("FIM/Sites Page/Site Filtering/Site_txt"), Keys.chord(BACK_SPACE), STOP_ON_FAILURE): Keys 'BACK_SPACE + ' sent to object: 'Object Repository/FIM/Sites Page/Site Filtering/Site_txt'

21-10-2025T20:38:11 - [MESSAGE][PASSED] - Keys 'BACK_SPACE + ' sent to object: 'Object Repository/FIM/Sites Page/Site Filtering/Site_txt'

21-10-2025T20:38:11 - [TEST_STEP][PASSED] - (i++): null

21-10-2025T20:38:11 - [TEST_STEP][PASSED] - sendKeys(findTestObject("FIM/Sites Page/Site Filtering/Site_txt"), Keys.chord(BACK_SPACE), STOP_ON_FAILURE): Keys 'BACK_SPACE + ' sent to object: 'Object Repository/FIM/Sites Page/Site Filtering/Site_txt'

21-10-2025T20:38:11 - [MESSAGE][PASSED] - Keys 'BACK_SPACE + ' sent to object: 'Object Repository/FIM/Sites Page/Site Filtering/Site_txt'

21-10-2025T20:38:11 - [TEST_STEP][PASSED] - (i++): null

21-10-2025T20:38:11 - [TEST_STEP][PASSED] - sendKeys(findTestObject("FIM/Sites Page/Site Filtering/Site_txt"), Keys.chord(BACK_SPACE), STOP_ON_FAILURE): Keys 'BACK_SPACE + ' sent to object: 'Object Repository/FIM/Sites Page/Site Filtering/Site_txt'

21-10-2025T20:38:11 - [MESSAGE][PASSED] - Keys 'BACK_SPACE + ' sent to object: 'Object Repository/FIM/Sites Page/Site Filtering/Site_txt'

21-10-2025T20:38:11 - [TEST_STEP][PASSED] - (i++): null

21-10-2025T20:38:11 - [TEST_STEP][PASSED] - sendKeys(findTestObject("FIM/Sites Page/Site Filtering/Site_txt"), Keys.chord(BACK_SPACE), STOP_ON_FAILURE): Keys 'BACK_SPACE + ' sent to object: 'Object Repository/FIM/Sites Page/Site Filtering/Site_txt'

21-10-2025T20:38:11 - [MESSAGE][PASSED] - Keys 'BACK_SPACE + ' sent to object: 'Object Repository/FIM/Sites Page/Site Filtering/Site_txt'

21-10-2025T20:38:11 - [TEST_STEP][PASSED] - (i++): null

21-10-2025T20:38:11 - [TEST_STEP][PASSED] - sendKeys(findTestObject("FIM/Sites Page/Site Filtering/Site_txt"), Keys.chord(BACK_SPACE), STOP_ON_FAILURE): Keys 'BACK_SPACE + ' sent to object: 'Object Repository/FIM/Sites Page/Site Filtering/Site_txt'

21-10-2025T20:38:11 - [MESSAGE][PASSED] - Keys 'BACK_SPACE + ' sent to object: 'Object Repository/FIM/Sites Page/Site Filtering/Site_txt'

21-10-2025T20:38:11 - [TEST_STEP][PASSED] - (i++): null

21-10-2025T20:38:11 - [TEST_STEP][PASSED] - sendKeys(findTestObject("FIM/Sites Page/Site Filtering/Site_txt"), Keys.chord(BACK_SPACE), STOP_ON_FAILURE): Keys 'BACK_SPACE + ' sent to object: 'Object Repository/FIM/Sites Page/Site Filtering/Site_txt'

21-10-2025T20:38:11 - [MESSAGE][PASSED] - Keys 'BACK_SPACE + ' sent to object: 'Object Repository/FIM/Sites Page/Site Filtering/Site_txt'

21-10-2025T20:38:11 - [TEST_STEP][PASSED] - (i++): null

21-10-2025T20:38:11 - [TEST_STEP][PASSED] - sendKeys(findTestObject("FIM/Sites Page/Site Filtering/Site_txt"), Keys.chord(BACK_SPACE), STOP_ON_FAILURE): Keys 'BACK_SPACE + ' sent to object: 'Object Repository/FIM/Sites Page/Site Filtering/Site_txt'

21-10-2025T20:38:11 - [MESSAGE][PASSED] - Keys 'BACK_SPACE + ' sent to object: 'Object Repository/FIM/Sites Page/Site Filtering/Site_txt'

21-10-2025T20:38:11 - [TEST_STEP][PASSED] - (i++): null

21-10-2025T20:38:11 - [TEST_STEP][PASSED] - sendKeys(findTestObject("FIM/Sites Page/Site Filtering/Site_txt"), Keys.chord(BACK_SPACE), STOP_ON_FAILURE): Keys 'BACK_SPACE + ' sent to object: 'Object Repository/FIM/Sites Page/Site Filtering/Site_txt'

21-10-2025T20:38:12 - [MESSAGE][PASSED] - Keys 'BACK_SPACE + ' sent to object: 'Object Repository/FIM/Sites Page/Site Filtering/Site_txt'

21-10-2025T20:38:12 - [TEST_STEP][PASSED] - (i++): null

21-10-2025T20:38:12 - [TEST_STEP][PASSED] - sendKeys(findTestObject("FIM/Sites Page/Site Filtering/Site_txt"), Keys.chord(BACK_SPACE), STOP_ON_FAILURE): Keys 'BACK_SPACE + ' sent to object: 'Object Repository/FIM/Sites Page/Site Filtering/Site_txt'

21-10-2025T20:38:12 - [MESSAGE][PASSED] - Keys 'BACK_SPACE + ' sent to object: 'Object Repository/FIM/Sites Page/Site Filtering/Site_txt'

21-10-2025T20:38:12 - [TEST_STEP][PASSED] - (i++): null

21-10-2025T20:38:12 - [TEST_STEP][PASSED] - sendKeys(findTestObject("FIM/Sites Page/Site Filtering/Site_txt"), Keys.chord(BACK_SPACE), STOP_ON_FAILURE): Keys 'BACK_SPACE + ' sent to object: 'Object Repository/FIM/Sites Page/Site Filtering/Site_txt'

21-10-2025T20:38:12 - [MESSAGE][PASSED] - Keys 'BACK_SPACE + ' sent to object: 'Object Repository/FIM/Sites Page/Site Filtering/Site_txt'

21-10-2025T20:38:12 - [TEST_STEP][PASSED] - (i++): null

21-10-2025T20:38:12 - [TEST_STEP][PASSED] - sendKeys(findTestObject("FIM/Sites Page/Site Filtering/Site_txt"), Keys.chord(BACK_SPACE), STOP_ON_FAILURE): Keys 'BACK_SPACE + ' sent to object: 'Object Repository/FIM/Sites Page/Site Filtering/Site_txt'

21-10-2025T20:38:12 - [MESSAGE][PASSED] - Keys 'BACK_SPACE + ' sent to object: 'Object Repository/FIM/Sites Page/Site Filtering/Site_txt'

21-10-2025T20:38:12 - [TEST_STEP][PASSED] - (i++): null

21-10-2025T20:38:12 - [TEST_STEP][PASSED] - sendKeys(findTestObject("FIM/Sites Page/Site Filtering/Site_txt"), Keys.chord(BACK_SPACE), STOP_ON_FAILURE): Keys 'BACK_SPACE + ' sent to object: 'Object Repository/FIM/Sites Page/Site Filtering/Site_txt'

21-10-2025T20:38:12 - [MESSAGE][PASSED] - Keys 'BACK_SPACE + ' sent to object: 'Object Repository/FIM/Sites Page/Site Filtering/Site_txt'

21-10-2025T20:38:12 - [TEST_STEP][PASSED] - (i++): null

21-10-2025T20:38:12 - [TEST_STEP][PASSED] - sendKeys(findTestObject("FIM/Sites Page/Site Filtering/Site_txt"), Keys.chord(BACK_SPACE), STOP_ON_FAILURE): Keys 'BACK_SPACE + ' sent to object: 'Object Repository/FIM/Sites Page/Site Filtering/Site_txt'

21-10-2025T20:38:12 - [MESSAGE][PASSED] - Keys 'BACK_SPACE + ' sent to object: 'Object Repository/FIM/Sites Page/Site Filtering/Site_txt'

21-10-2025T20:38:12 - [TEST_STEP][PASSED] - (i++): null

21-10-2025T20:38:12 - [TEST_STEP][PASSED] - sendKeys(findTestObject("FIM/Sites Page/Site Filtering/Site_txt"), Keys.chord(BACK_SPACE), STOP_ON_FAILURE): Keys 'BACK_SPACE + ' sent to object: 'Object Repository/FIM/Sites Page/Site Filtering/Site_txt'

21-10-2025T20:38:12 - [MESSAGE][PASSED] - Keys 'BACK_SPACE + ' sent to object: 'Object Repository/FIM/Sites Page/Site Filtering/Site_txt'

21-10-2025T20:38:12 - [TEST_STEP][PASSED] - (i++): null

21-10-2025T20:38:12 - [TEST_STEP][PASSED] - sendKeys(findTestObject("FIM/Sites Page/Site Filtering/Site_txt"), Keys.chord(BACK_SPACE), STOP_ON_FAILURE): Keys 'BACK_SPACE + ' sent to object: 'Object Repository/FIM/Sites Page/Site Filtering/Site_txt'

21-10-2025T20:38:12 - [MESSAGE][PASSED] - Keys 'BACK_SPACE + ' sent to object: 'Object Repository/FIM/Sites Page/Site Filtering/Site_txt'

21-10-2025T20:38:12 - [TEST_STEP][PASSED] - (i++): null

21-10-2025T20:38:12 - [TEST_STEP][PASSED] - sendKeys(findTestObject("FIM/Sites Page/Site Filtering/Site_txt"), Keys.chord(BACK_SPACE), STOP_ON_FAILURE): Keys 'BACK_SPACE + ' sent to object: 'Object Repository/FIM/Sites Page/Site Filtering/Site_txt'

21-10-2025T20:38:12 - [MESSAGE][PASSED] - Keys 'BACK_SPACE + ' sent to object: 'Object Repository/FIM/Sites Page/Site Filtering/Site_txt'

21-10-2025T20:38:12 - [TEST_STEP][PASSED] - (i++): null

21-10-2025T20:38:12 - [TEST_STEP][PASSED] - sendKeys(findTestObject("FIM/Sites Page/Site Filtering/Site_txt"), Keys.chord(BACK_SPACE), STOP_ON_FAILURE): Keys 'BACK_SPACE + ' sent to object: 'Object Repository/FIM/Sites Page/Site Filtering/Site_txt'

21-10-2025T20:38:12 - [MESSAGE][PASSED] - Keys 'BACK_SPACE + ' sent to object: 'Object Repository/FIM/Sites Page/Site Filtering/Site_txt'

21-10-2025T20:38:12 - [TEST_STEP][PASSED] - (i++): null

21-10-2025T20:38:12 - [TEST_STEP][PASSED] - sendKeys(findTestObject("FIM/Sites Page/Site Filtering/Site_txt"), Keys.chord(BACK_SPACE), STOP_ON_FAILURE): Keys 'BACK_SPACE + ' sent to object: 'Object Repository/FIM/Sites Page/Site Filtering/Site_txt'

21-10-2025T20:38:12 - [MESSAGE][PASSED] - Keys 'BACK_SPACE + ' sent to object: 'Object Repository/FIM/Sites Page/Site Filtering/Site_txt'

21-10-2025T20:38:12 - [TEST_STEP][PASSED] - (i++): null

21-10-2025T20:38:12 - [TEST_STEP][PASSED] - sendKeys(findTestObject("FIM/Sites Page/Site Filtering/Site_txt"), Keys.chord(BACK_SPACE), STOP_ON_FAILURE): Keys 'BACK_SPACE + ' sent to object: 'Object Repository/FIM/Sites Page/Site Filtering/Site_txt'

21-10-2025T20:38:12 - [MESSAGE][PASSED] - Keys 'BACK_SPACE + ' sent to object: 'Object Repository/FIM/Sites Page/Site Filtering/Site_txt'

21-10-2025T20:38:12 - [TEST_STEP][PASSED] - (i++): null

21-10-2025T20:38:12 - [TEST_STEP][PASSED] - sendKeys(findTestObject("FIM/Sites Page/Site Filtering/Site_txt"), Keys.chord(BACK_SPACE), STOP_ON_FAILURE): Keys 'BACK_SPACE + ' sent to object: 'Object Repository/FIM/Sites Page/Site Filtering/Site_txt'

21-10-2025T20:38:12 - [MESSAGE][PASSED] - Keys 'BACK_SPACE + ' sent to object: 'Object Repository/FIM/Sites Page/Site Filtering/Site_txt'

21-10-2025T20:38:12 - [TEST_STEP][PASSED] - (i++): null

21-10-2025T20:38:12 - [TEST_STEP][PASSED] - sendKeys(findTestObject("FIM/Sites Page/Site Filtering/Site_txt"), Keys.chord(BACK_SPACE), STOP_ON_FAILURE): Keys 'BACK_SPACE + ' sent to object: 'Object Repository/FIM/Sites Page/Site Filtering/Site_txt'

21-10-2025T20:38:12 - [MESSAGE][PASSED] - Keys 'BACK_SPACE + ' sent to object: 'Object Repository/FIM/Sites Page/Site Filtering/Site_txt'

21-10-2025T20:38:12 - [TEST_STEP][PASSED] - (i++): null

21-10-2025T20:38:12 - [TEST_STEP][PASSED] - sendKeys(findTestObject("FIM/Sites Page/Site Filtering/Site_txt"), Keys.chord(BACK_SPACE), STOP_ON_FAILURE): Keys 'BACK_SPACE + ' sent to object: 'Object Repository/FIM/Sites Page/Site Filtering/Site_txt'

21-10-2025T20:38:12 - [MESSAGE][PASSED] - Keys 'BACK_SPACE + ' sent to object: 'Object Repository/FIM/Sites Page/Site Filtering/Site_txt'

21-10-2025T20:38:12 - [TEST_STEP][PASSED] - (i++): null

21-10-2025T20:38:12 - [TEST_STEP][PASSED] - sendKeys(findTestObject("FIM/Sites Page/Site Filtering/Site_txt"), Keys.chord(BACK_SPACE), STOP_ON_FAILURE): Keys 'BACK_SPACE + ' sent to object: 'Object Repository/FIM/Sites Page/Site Filtering/Site_txt'

21-10-2025T20:38:13 - [MESSAGE][PASSED] - Keys 'BACK_SPACE + ' sent to object: 'Object Repository/FIM/Sites Page/Site Filtering/Site_txt'

21-10-2025T20:38:13 - [TEST_STEP][PASSED] - (i++): null

21-10-2025T20:38:13 - [TEST_STEP][PASSED] - sendKeys(findTestObject("FIM/Sites Page/Site Filtering/Site_txt"), Keys.chord(BACK_SPACE), STOP_ON_FAILURE): Keys 'BACK_SPACE + ' sent to object: 'Object Repository/FIM/Sites Page/Site Filtering/Site_txt'

21-10-2025T20:38:13 - [MESSAGE][PASSED] - Keys 'BACK_SPACE + ' sent to object: 'Object Repository/FIM/Sites Page/Site Filtering/Site_txt'

21-10-2025T20:38:13 - [TEST_STEP][PASSED] - (i++): null

21-10-2025T20:38:13 - [TEST_STEP][PASSED] - sendKeys(findTestObject("FIM/Sites Page/Site Filtering/Site_txt"), Keys.chord(BACK_SPACE), STOP_ON_FAILURE): Keys 'BACK_SPACE + ' sent to object: 'Object Repository/FIM/Sites Page/Site Filtering/Site_txt'

21-10-2025T20:38:13 - [MESSAGE][PASSED] - Keys 'BACK_SPACE + ' sent to object: 'Object Repository/FIM/Sites Page/Site Filtering/Site_txt'

21-10-2025T20:38:13 - [TEST_STEP][PASSED] - (i++): null

21-10-2025T20:38:13 - [TEST_STEP][PASSED] - sendKeys(findTestObject("FIM/Sites Page/Site Filtering/Site_txt"), Keys.chord(BACK_SPACE), STOP_ON_FAILURE): Keys 'BACK_SPACE + ' sent to object: 'Object Repository/FIM/Sites Page/Site Filtering/Site_txt'

21-10-2025T20:38:13 - [MESSAGE][PASSED] - Keys 'BACK_SPACE + ' sent to object: 'Object Repository/FIM/Sites Page/Site Filtering/Site_txt'

21-10-2025T20:38:13 - [TEST_STEP][PASSED] - (i++): null

21-10-2025T20:38:13 - [TEST_STEP][PASSED] - sendKeys(findTestObject("FIM/Sites Page/Site Filtering/Site_txt"), Keys.chord(BACK_SPACE), STOP_ON_FAILURE): Keys 'BACK_SPACE + ' sent to object: 'Object Repository/FIM/Sites Page/Site Filtering/Site_txt'

21-10-2025T20:38:13 - [MESSAGE][PASSED] - Keys 'BACK_SPACE + ' sent to object: 'Object Repository/FIM/Sites Page/Site Filtering/Site_txt'

21-10-2025T20:38:13 - [TEST_STEP][PASSED] - (i++): null

21-10-2025T20:38:13 - [TEST_STEP][PASSED] - sendKeys(findTestObject("FIM/Sites Page/Site Filtering/Site_txt"), Keys.chord(BACK_SPACE), STOP_ON_FAILURE): Keys 'BACK_SPACE + ' sent to object: 'Object Repository/FIM/Sites Page/Site Filtering/Site_txt'

21-10-2025T20:38:13 - [MESSAGE][PASSED] - Keys 'BACK_SPACE + ' sent to object: 'Object Repository/FIM/Sites Page/Site Filtering/Site_txt'

21-10-2025T20:38:13 - [TEST_STEP][PASSED] - (i++): null

21-10-2025T20:38:13 - [TEST_STEP][PASSED] - sendKeys(findTestObject("FIM/Sites Page/Site Filtering/Site_txt"), Keys.chord(BACK_SPACE), STOP_ON_FAILURE): Keys 'BACK_SPACE + ' sent to object: 'Object Repository/FIM/Sites Page/Site Filtering/Site_txt'

21-10-2025T20:38:13 - [MESSAGE][PASSED] - Keys 'BACK_SPACE + ' sent to object: 'Object Repository/FIM/Sites Page/Site Filtering/Site_txt'

21-10-2025T20:38:13 - [TEST_STEP][PASSED] - (i++): null

21-10-2025T20:38:13 - [TEST_STEP][PASSED] - sendKeys(findTestObject("FIM/Sites Page/Site Filtering/Site_txt"), "TURK132 - 798 North", STOP_ON_FAILURE): Keys 'TURK132 - 798 North' sent to object: 'Object Repository/FIM/Sites Page/Site Filtering/Site_txt'

21-10-2025T20:38:13 - [MESSAGE][PASSED] - Keys 'TURK132 - 798 North' sent to object: 'Object Repository/FIM/Sites Page/Site Filtering/Site_txt'

21-10-2025T20:38:13 - [TEST_STEP][PASSED] - sendKeys(findTestObject("FIM/Sites Page/Site Filtering/Site_txt"), Keys.chord(ENTER), STOP_ON_FAILURE): Keys 'ENTER + ' sent to object: 'Object Repository/FIM/Sites Page/Site Filtering/Site_txt'

21-10-2025T20:38:13 - [MESSAGE][PASSED] - Keys 'ENTER + ' sent to object: 'Object Repository/FIM/Sites Page/Site Filtering/Site_txt'

21-10-2025T20:38:13 - [TEST_STEP][PASSED] - waitForElementClickable(findTestObject("FIM/Sites Page/Orders/Create Order/CreateOrder_btn"), 300): Object 'Object Repository/FIM/Sites Page/Orders/Create Order/CreateOrder_btn' is clickable

21-10-2025T20:38:14 - [MESSAGE][PASSED] - Object 'Object Repository/FIM/Sites Page/Orders/Create Order/CreateOrder_btn' is clickable

21-10-2025T20:38:14 - [TEST_STEP][PASSED] - click(findTestObject("FIM/Sites Page/Orders/Create Order/CreateOrder_btn"), OPTIONAL): Object: 'Object Repository/FIM/Sites Page/Orders/Create Order/CreateOrder_btn' is clicked on

21-10-2025T20:38:14 - [MESSAGE][PASSED] - Object: 'Object Repository/FIM/Sites Page/Orders/Create Order/CreateOrder_btn' is clicked on

21-10-2025T20:38:14 - [TEST_STEP][PASSED] - delay(1): Delayed 1 second(s)

21-10-2025T20:38:15 - [MESSAGE][PASSED] - Delayed 1 second(s)

21-10-2025T20:38:15 - [TEST_STEP][PASSED] - clearText(findTestObject("FIM/Sites Page/Orders/Create Order/30PRM_txt (1)")): Text of object 'Object Repository/FIM/Sites Page/Orders/Create Order/30PRM_txt (1)' is cleared

21-10-2025T20:38:15 - [MESSAGE][PASSED] - Text of object 'Object Repository/FIM/Sites Page/Orders/Create Order/30PRM_txt (1)' is cleared

21-10-2025T20:38:15 - [TEST_STEP][PASSED] - delay(1): Delayed 1 second(s)

21-10-2025T20:38:16 - [MESSAGE][PASSED] - Delayed 1 second(s)

21-10-2025T20:38:16 - [TEST_STEP][PASSED] - sendKeys(findTestObject("FIM/Sites Page/Orders/Create Order/30PRM_txt (1)"), "6000"): Keys '6000' sent to object: 'Object Repository/FIM/Sites Page/Orders/Create Order/30PRM_txt (1)'

21-10-2025T20:38:16 - [MESSAGE][PASSED] - Keys '6000' sent to object: 'Object Repository/FIM/Sites Page/Orders/Create Order/30PRM_txt (1)'

21-10-2025T20:38:16 - [TEST_STEP][PASSED] - delay(2): Delayed 2 second(s)

21-10-2025T20:38:18 - [MESSAGE][PASSED] - Delayed 2 second(s)

21-10-2025T20:38:18 - [TEST_STEP][PASSED] - click(findTestObject("FIM/Sites Page/Orders/Create Order/Cancel_btn")): Object: 'Object Repository/FIM/Sites Page/Orders/Create Order/Cancel_btn' is clicked on

21-10-2025T20:38:19 - [MESSAGE][PASSED] - Object: 'Object Repository/FIM/Sites Page/Orders/Create Order/Cancel_btn' is clicked on

21-10-2025T20:38:19 - [TEST_STEP][PASSED] - delay(1): Delayed 1 second(s)

21-10-2025T20:38:20 - [MESSAGE][PASSED] - Delayed 1 second(s)

21-10-2025T20:38:20 - [TEST_STEP][PASSED] - closeBrowser(): Browser is closed

21-10-2025T20:38:20 - [MESSAGE][PASSED] - Browser is closed

21-10-2025T20:38:20 - [TEST_STEP][PASSED] - Start listener action : retryOnDisconnect: null

21-10-2025T20:38:20 - [TEST_STEP][PASSED] - tcId = testCaseContext.getTestCaseId(): null

21-10-2025T20:38:20 - [TEST_STEP][PASSED] - currentRetry = retryCounts.getOrDefault(tcId, 0): null

21-10-2025T20:38:20 - [TEST_STEP][PASSED] - if (testCaseContext.getTestCaseStatus() == "FAILED" && currentRetry < MAX_RETRIES): null]]></system-out>
         <system-err><![CDATA[]]></system-err>
      </testcase>
      <testcase name="Test Cases/FIM/UI/KGL/Admin/Sites Page/Orders/Cancelling Deleting an Order" time="49.68" classname="Test Cases/FIM/UI/KGL/Admin/Sites Page/Orders/Cancelling Deleting an Order" status="PASSED">
         <system-out><![CDATA[21-10-2025T20:38:20 - [TEST_CASE][PASSED] - Test Cases/FIM/UI/KGL/Admin/Sites Page/Orders/Cancelling Deleting an Order: Test Cases/FIM/UI/KGL/Admin/Sites Page/Orders/Cancelling Deleting an Order

21-10-2025T20:38:20 - [TEST_STEP][PASSED] - Start listener action : beforeTestCase: null

21-10-2025T20:38:20 - [TEST_STEP][PASSED] - addDefaultPackages(): null

21-10-2025T20:38:20 - [TEST_STEP][PASSED] - i = 0: null

21-10-2025T20:38:20 - [TEST_STEP][PASSED] - callTestCase(findTestCase("Utility Scripts/FIM KGL Admin Login"), [:], STOP_ON_FAILURE): Call Test Case 'Test Cases/Utility Scripts/FIM KGL Admin Login' successfully

21-10-2025T20:38:20 - [TEST_CASE][PASSED] - Test Cases/Utility Scripts/FIM KGL Admin Login: Test Cases/Utility Scripts/FIM KGL Admin Login

21-10-2025T20:38:20 - [TEST_STEP][PASSED] - openBrowser(""): Browser is opened with url: ''

21-10-2025T20:38:20 - [MESSAGE][INFO] - Starting 'Chrome' driver

21-10-2025T20:38:20 - [MESSAGE][INFO] - User set preference: ['args', '[--no-sandbox, --disable-gpu, --disable-dev-shm-usage]']

21-10-2025T20:38:20 - [MESSAGE][INFO] - Action delay is set to 0 milliseconds

21-10-2025T20:38:21 - [MESSAGE][PASSED] - Browser is opened with url: ''

21-10-2025T20:38:21 - [TEST_STEP][PASSED] - delay(1): Delayed 1 second(s)

21-10-2025T20:38:22 - [MESSAGE][PASSED] - Delayed 1 second(s)

21-10-2025T20:38:22 - [TEST_STEP][PASSED] - navigateToUrl(KGLCustomGroupUrl): Navigate to 'https://kaglogistics-inventory-management-portal.qa.thekag.com/custom-group/' successfully

21-10-2025T20:38:22 - [MESSAGE][PASSED] - Navigate to 'https://kaglogistics-inventory-management-portal.qa.thekag.com/custom-group/' successfully

21-10-2025T20:38:22 - [TEST_STEP][PASSED] - delay(10): Delayed 10 second(s)

21-10-2025T20:38:32 - [MESSAGE][PASSED] - Delayed 10 second(s)

21-10-2025T20:38:32 - [TEST_STEP][PASSED] - if (maximizeWindow == true): Delayed 1 second(s)

21-10-2025T20:38:32 - [TEST_STEP][PASSED] - maximizeWindow(STOP_ON_FAILURE): Current window maximized

21-10-2025T20:38:32 - [MESSAGE][PASSED] - Current window maximized

21-10-2025T20:38:32 - [TEST_STEP][PASSED] - delay(1): Delayed 1 second(s)

21-10-2025T20:38:33 - [MESSAGE][PASSED] - Delayed 1 second(s)

21-10-2025T20:38:33 - [TEST_STEP][PASSED] - waitForElementPresent(findTestObject("FIM/Username_txt"), 10): Object 'Object Repository/FIM/Username_txt' is present

21-10-2025T20:38:33 - [MESSAGE][PASSED] - Object 'Object Repository/FIM/Username_txt' is present

21-10-2025T20:38:33 - [TEST_STEP][PASSED] - setText(findTestObject("FIM/Username_txt"), FIMUsername): Text 'Chris.Sheldon+DES_QA@Thekag.com' is set on object 'Object Repository/FIM/Username_txt'

21-10-2025T20:38:33 - [MESSAGE][PASSED] - Text 'Chris.Sheldon+DES_QA@Thekag.com' is set on object 'Object Repository/FIM/Username_txt'

21-10-2025T20:38:33 - [TEST_STEP][PASSED] - delay(1): Delayed 1 second(s)

21-10-2025T20:38:34 - [MESSAGE][PASSED] - Delayed 1 second(s)

21-10-2025T20:38:34 - [TEST_STEP][PASSED] - setText(findTestObject("FIM/Password_txt"), FIMPassword): Text 'QATest!2' is set on object 'Object Repository/FIM/Password_txt'

21-10-2025T20:38:34 - [MESSAGE][PASSED] - Text 'QATest!2' is set on object 'Object Repository/FIM/Password_txt'

21-10-2025T20:38:34 - [TEST_STEP][PASSED] - delay(1): Delayed 1 second(s)

21-10-2025T20:38:35 - [MESSAGE][PASSED] - Delayed 1 second(s)

21-10-2025T20:38:35 - [TEST_STEP][PASSED] - click(findTestObject("FIM/Login_btn")): Object: 'Object Repository/FIM/Login_btn' is clicked on

21-10-2025T20:38:35 - [MESSAGE][PASSED] - Object: 'Object Repository/FIM/Login_btn' is clicked on

21-10-2025T20:38:35 - [MESSAGE][PASSED] - Call Test Case 'Test Cases/Utility Scripts/FIM KGL Admin Login' successfully

21-10-2025T20:38:35 - [TEST_STEP][PASSED] - if (verifyElementVisible(findTestObject("FIM/Server_Notification_Close_btn"), OPTIONAL) == true): Web element with id: 'Object Repository/FIM/Server_Notification_Close_btn' located by '/html/body/div/div[1]/button' not found (Root cause: com.kms.katalon.core.exception.StepFailedException: Web element with id: 'Object Repository/FIM/Server_Notification_Close_btn' located by '/html/body/div/div[1]/button' not found
	at com.kms.katalon.core.webui.keyword.internal.WebUIKeywordMain.stepFailed(WebUIKeywordMain.groovy:117)
	at com.kms.katalon.core.webui.keyword.builtin.VerifyElementVisibleKeyword$_verifyElementVisible_closure1.doCall(VerifyElementVisibleKeyword.groovy:89)
	at com.kms.katalon.core.webui.keyword.builtin.VerifyElementVisibleKeyword$_verifyElementVisible_closure1.call(VerifyElementVisibleKeyword.groovy)
	at com.kms.katalon.core.webui.keyword.internal.WebUIKeywordMain.runKeyword(WebUIKeywordMain.groovy:35)
	at com.kms.katalon.core.webui.keyword.builtin.VerifyElementVisibleKeyword.verifyElementVisible(VerifyElementVisibleKeyword.groovy:97)
	at com.kms.katalon.core.webui.keyword.builtin.VerifyElementVisibleKeyword.execute(VerifyElementVisibleKeyword.groovy:67)
	at com.kms.katalon.core.keyword.internal.KeywordExecutor.executeKeywordForPlatform(KeywordExecutor.groovy:74)
	at com.kms.katalon.core.webui.keyword.WebUiBuiltInKeywords.verifyElementVisible(WebUiBuiltInKeywords.groovy:401)
	at com.kms.katalon.core.webui.keyword.WebUiBuiltInKeywords$verifyElementVisible$5.call(Unknown Source)
	at Cancelling Deleting an Order.run(Cancelling Deleting an Order:24)
	at com.kms.katalon.core.main.ScriptEngine.run(ScriptEngine.java:194)
	at com.kms.katalon.core.main.ScriptEngine.runScriptAsRawText(ScriptEngine.java:119)
	at com.kms.katalon.core.main.TestCaseExecutor.runScript(TestCaseExecutor.java:448)
	at com.kms.katalon.core.main.TestCaseExecutor.doExecute(TestCaseExecutor.java:439)
	at com.kms.katalon.core.main.TestCaseExecutor.processExecutionPhase(TestCaseExecutor.java:418)
	at com.kms.katalon.core.main.TestCaseExecutor.accessMainPhase(TestCaseExecutor.java:410)
	at com.kms.katalon.core.main.TestCaseExecutor.execute(TestCaseExecutor.java:285)
	at com.kms.katalon.core.common.CommonExecutor.accessTestCaseMainPhase(CommonExecutor.java:65)
	at com.kms.katalon.core.main.TestSuiteExecutor.accessTestSuiteMainPhase(TestSuiteExecutor.java:150)
	at com.kms.katalon.core.main.TestSuiteExecutor.execute(TestSuiteExecutor.java:106)
	at com.kms.katalon.core.main.TestCaseMain.startTestSuite(TestCaseMain.java:180)
	at com.kms.katalon.core.main.TestCaseMain$startTestSuite$0.call(Unknown Source)
	at TempTestSuite1761090769781.run(TempTestSuite1761090769781.groovy:35)
	at java.base/jdk.internal.reflect.NativeMethodAccessorImpl.invoke0(Native Method)
	at java.base/jdk.internal.reflect.NativeMethodAccessorImpl.invoke(NativeMethodAccessorImpl.java:77)
	at java.base/jdk.internal.reflect.DelegatingMethodAccessorImpl.invoke(DelegatingMethodAccessorImpl.java:43)
)

21-10-2025T20:38:51 - [MESSAGE][INFO] - Unable to find the element located by 'By.xpath: /html/body/div/div[1]/button'. Please recheck the objects properties to make sure the desired element is located. 

21-10-2025T20:38:51 - [MESSAGE][WARNING] - [SELF-HEALING] Failed to find element with id 'Object Repository/FIM/Server_Notification_Close_btn'. Try using Self-healing.

21-10-2025T20:38:52 - [MESSAGE][INFO] - [SELF-HEALING] No working XPath is found.

21-10-2025T20:38:54 - [MESSAGE][INFO] - Unable to find the element located by 'By.xpath: '. Please recheck the objects properties to make sure the desired element is located. 

21-10-2025T20:38:54 - [MESSAGE][WARNING] - [SELF-HEALING] Cannot find elements when the selector is null

21-10-2025T20:38:54 - [MESSAGE][WARNING] - Web element with id: 'Object Repository/FIM/Server_Notification_Close_btn' located by '/html/body/div/div[1]/button' not found (Root cause: com.kms.katalon.core.exception.StepFailedException: Web element with id: 'Object Repository/FIM/Server_Notification_Close_btn' located by '/html/body/div/div[1]/button' not found
	at com.kms.katalon.core.webui.keyword.internal.WebUIKeywordMain.stepFailed(WebUIKeywordMain.groovy:117)
	at com.kms.katalon.core.webui.keyword.builtin.VerifyElementVisibleKeyword$_verifyElementVisible_closure1.doCall(VerifyElementVisibleKeyword.groovy:89)
	at com.kms.katalon.core.webui.keyword.builtin.VerifyElementVisibleKeyword$_verifyElementVisible_closure1.call(VerifyElementVisibleKeyword.groovy)
	at com.kms.katalon.core.webui.keyword.internal.WebUIKeywordMain.runKeyword(WebUIKeywordMain.groovy:35)
	at com.kms.katalon.core.webui.keyword.builtin.VerifyElementVisibleKeyword.verifyElementVisible(VerifyElementVisibleKeyword.groovy:97)
	at com.kms.katalon.core.webui.keyword.builtin.VerifyElementVisibleKeyword.execute(VerifyElementVisibleKeyword.groovy:67)
	at com.kms.katalon.core.keyword.internal.KeywordExecutor.executeKeywordForPlatform(KeywordExecutor.groovy:74)
	at com.kms.katalon.core.webui.keyword.WebUiBuiltInKeywords.verifyElementVisible(WebUiBuiltInKeywords.groovy:401)
	at com.kms.katalon.core.webui.keyword.WebUiBuiltInKeywords$verifyElementVisible$5.call(Unknown Source)
	at Cancelling Deleting an Order.run(Cancelling Deleting an Order:24)
	at com.kms.katalon.core.main.ScriptEngine.run(ScriptEngine.java:194)
	at com.kms.katalon.core.main.ScriptEngine.runScriptAsRawText(ScriptEngine.java:119)
	at com.kms.katalon.core.main.TestCaseExecutor.runScript(TestCaseExecutor.java:448)
	at com.kms.katalon.core.main.TestCaseExecutor.doExecute(TestCaseExecutor.java:439)
	at com.kms.katalon.core.main.TestCaseExecutor.processExecutionPhase(TestCaseExecutor.java:418)
	at com.kms.katalon.core.main.TestCaseExecutor.accessMainPhase(TestCaseExecutor.java:410)
	at com.kms.katalon.core.main.TestCaseExecutor.execute(TestCaseExecutor.java:285)
	at com.kms.katalon.core.common.CommonExecutor.accessTestCaseMainPhase(CommonExecutor.java:65)
	at com.kms.katalon.core.main.TestSuiteExecutor.accessTestSuiteMainPhase(TestSuiteExecutor.java:150)
	at com.kms.katalon.core.main.TestSuiteExecutor.execute(TestSuiteExecutor.java:106)
	at com.kms.katalon.core.main.TestCaseMain.startTestSuite(TestCaseMain.java:180)
	at com.kms.katalon.core.main.TestCaseMain$startTestSuite$0.call(Unknown Source)
	at TempTestSuite1761090769781.run(TempTestSuite1761090769781.groovy:35)
	at java.base/jdk.internal.reflect.NativeMethodAccessorImpl.invoke0(Native Method)
	at java.base/jdk.internal.reflect.NativeMethodAccessorImpl.invoke(NativeMethodAccessorImpl.java:77)
	at java.base/jdk.internal.reflect.DelegatingMethodAccessorImpl.invoke(DelegatingMethodAccessorImpl.java:43)
)

21-10-2025T20:38:54 - [TEST_STEP][PASSED] - delay(1): Delayed 1 second(s)

21-10-2025T20:38:55 - [MESSAGE][PASSED] - Delayed 1 second(s)

21-10-2025T20:38:55 - [TEST_STEP][PASSED] - click(findTestObject("FIM/Hamburger Menu List/Hamburger_menu")): Object: 'Object Repository/FIM/Hamburger Menu List/Hamburger_menu' is clicked on

21-10-2025T20:38:56 - [MESSAGE][PASSED] - Object: 'Object Repository/FIM/Hamburger Menu List/Hamburger_menu' is clicked on

21-10-2025T20:38:56 - [TEST_STEP][PASSED] - verifyElementPresent(findTestObject("FIM/Hamburger Menu List/KGL_Sites_option"), 10): Object 'Object Repository/FIM/Hamburger Menu List/KGL_Sites_option' is present

21-10-2025T20:38:56 - [MESSAGE][PASSED] - Object 'Object Repository/FIM/Hamburger Menu List/KGL_Sites_option' is present

21-10-2025T20:38:56 - [TEST_STEP][PASSED] - delay(1): Delayed 1 second(s)

21-10-2025T20:38:57 - [MESSAGE][PASSED] - Delayed 1 second(s)

21-10-2025T20:38:57 - [TEST_STEP][PASSED] - click(findTestObject("FIM/Hamburger Menu List/KGL_Sites_option")): Object: 'Object Repository/FIM/Hamburger Menu List/KGL_Sites_option' is clicked on

21-10-2025T20:38:57 - [MESSAGE][PASSED] - Object: 'Object Repository/FIM/Hamburger Menu List/KGL_Sites_option' is clicked on

21-10-2025T20:38:57 - [TEST_STEP][PASSED] - waitForElementPresent(findTestObject("FIM/Sites Page/Calculator/Calculator Tab"), 10): Object 'Object Repository/FIM/Sites Page/Calculator/Calculator Tab' is present

21-10-2025T20:38:57 - [MESSAGE][PASSED] - Object 'Object Repository/FIM/Sites Page/Calculator/Calculator Tab' is present

21-10-2025T20:38:57 - [TEST_STEP][PASSED] - selectOptionByLabel(findTestObject("FIM/Sites Page/Site Filtering/Region Selection_dropdown"), "KAG LOGISTICS", false): All options with label 'KAG LOGISTICS' are selected in object 'Object Repository/FIM/Sites Page/Site Filtering/Region Selection_dropdown' 

21-10-2025T20:38:57 - [MESSAGE][PASSED] - All options with label 'KAG LOGISTICS' are selected in object 'Object Repository/FIM/Sites Page/Site Filtering/Region Selection_dropdown' 

21-10-2025T20:38:57 - [TEST_STEP][PASSED] - while (i < 60 == true): null

21-10-2025T20:38:57 - [TEST_STEP][PASSED] - sendKeys(findTestObject("FIM/Sites Page/Site Filtering/Site_txt"), Keys.chord(BACK_SPACE), STOP_ON_FAILURE): Keys 'BACK_SPACE + ' sent to object: 'Object Repository/FIM/Sites Page/Site Filtering/Site_txt'

21-10-2025T20:38:59 - [MESSAGE][PASSED] - Keys 'BACK_SPACE + ' sent to object: 'Object Repository/FIM/Sites Page/Site Filtering/Site_txt'

21-10-2025T20:38:59 - [TEST_STEP][PASSED] - (i++): null

21-10-2025T20:38:59 - [TEST_STEP][PASSED] - sendKeys(findTestObject("FIM/Sites Page/Site Filtering/Site_txt"), Keys.chord(BACK_SPACE), STOP_ON_FAILURE): Keys 'BACK_SPACE + ' sent to object: 'Object Repository/FIM/Sites Page/Site Filtering/Site_txt'

21-10-2025T20:38:59 - [MESSAGE][PASSED] - Keys 'BACK_SPACE + ' sent to object: 'Object Repository/FIM/Sites Page/Site Filtering/Site_txt'

21-10-2025T20:38:59 - [TEST_STEP][PASSED] - (i++): null

21-10-2025T20:38:59 - [TEST_STEP][PASSED] - sendKeys(findTestObject("FIM/Sites Page/Site Filtering/Site_txt"), Keys.chord(BACK_SPACE), STOP_ON_FAILURE): Keys 'BACK_SPACE + ' sent to object: 'Object Repository/FIM/Sites Page/Site Filtering/Site_txt'

21-10-2025T20:38:59 - [MESSAGE][PASSED] - Keys 'BACK_SPACE + ' sent to object: 'Object Repository/FIM/Sites Page/Site Filtering/Site_txt'

21-10-2025T20:38:59 - [TEST_STEP][PASSED] - (i++): null

21-10-2025T20:38:59 - [TEST_STEP][PASSED] - sendKeys(findTestObject("FIM/Sites Page/Site Filtering/Site_txt"), Keys.chord(BACK_SPACE), STOP_ON_FAILURE): Keys 'BACK_SPACE + ' sent to object: 'Object Repository/FIM/Sites Page/Site Filtering/Site_txt'

21-10-2025T20:38:59 - [MESSAGE][PASSED] - Keys 'BACK_SPACE + ' sent to object: 'Object Repository/FIM/Sites Page/Site Filtering/Site_txt'

21-10-2025T20:38:59 - [TEST_STEP][PASSED] - (i++): null

21-10-2025T20:38:59 - [TEST_STEP][PASSED] - sendKeys(findTestObject("FIM/Sites Page/Site Filtering/Site_txt"), Keys.chord(BACK_SPACE), STOP_ON_FAILURE): Keys 'BACK_SPACE + ' sent to object: 'Object Repository/FIM/Sites Page/Site Filtering/Site_txt'

21-10-2025T20:38:59 - [MESSAGE][PASSED] - Keys 'BACK_SPACE + ' sent to object: 'Object Repository/FIM/Sites Page/Site Filtering/Site_txt'

21-10-2025T20:38:59 - [TEST_STEP][PASSED] - (i++): null

21-10-2025T20:38:59 - [TEST_STEP][PASSED] - sendKeys(findTestObject("FIM/Sites Page/Site Filtering/Site_txt"), Keys.chord(BACK_SPACE), STOP_ON_FAILURE): Keys 'BACK_SPACE + ' sent to object: 'Object Repository/FIM/Sites Page/Site Filtering/Site_txt'

21-10-2025T20:38:59 - [MESSAGE][PASSED] - Keys 'BACK_SPACE + ' sent to object: 'Object Repository/FIM/Sites Page/Site Filtering/Site_txt'

21-10-2025T20:38:59 - [TEST_STEP][PASSED] - (i++): null

21-10-2025T20:38:59 - [TEST_STEP][PASSED] - sendKeys(findTestObject("FIM/Sites Page/Site Filtering/Site_txt"), Keys.chord(BACK_SPACE), STOP_ON_FAILURE): Keys 'BACK_SPACE + ' sent to object: 'Object Repository/FIM/Sites Page/Site Filtering/Site_txt'

21-10-2025T20:38:59 - [MESSAGE][PASSED] - Keys 'BACK_SPACE + ' sent to object: 'Object Repository/FIM/Sites Page/Site Filtering/Site_txt'

21-10-2025T20:38:59 - [TEST_STEP][PASSED] - (i++): null

21-10-2025T20:38:59 - [TEST_STEP][PASSED] - sendKeys(findTestObject("FIM/Sites Page/Site Filtering/Site_txt"), Keys.chord(BACK_SPACE), STOP_ON_FAILURE): Keys 'BACK_SPACE + ' sent to object: 'Object Repository/FIM/Sites Page/Site Filtering/Site_txt'

21-10-2025T20:38:59 - [MESSAGE][PASSED] - Keys 'BACK_SPACE + ' sent to object: 'Object Repository/FIM/Sites Page/Site Filtering/Site_txt'

21-10-2025T20:38:59 - [TEST_STEP][PASSED] - (i++): null

21-10-2025T20:38:59 - [TEST_STEP][PASSED] - sendKeys(findTestObject("FIM/Sites Page/Site Filtering/Site_txt"), Keys.chord(BACK_SPACE), STOP_ON_FAILURE): Keys 'BACK_SPACE + ' sent to object: 'Object Repository/FIM/Sites Page/Site Filtering/Site_txt'

21-10-2025T20:38:59 - [MESSAGE][PASSED] - Keys 'BACK_SPACE + ' sent to object: 'Object Repository/FIM/Sites Page/Site Filtering/Site_txt'

21-10-2025T20:38:59 - [TEST_STEP][PASSED] - (i++): null

21-10-2025T20:38:59 - [TEST_STEP][PASSED] - sendKeys(findTestObject("FIM/Sites Page/Site Filtering/Site_txt"), Keys.chord(BACK_SPACE), STOP_ON_FAILURE): Keys 'BACK_SPACE + ' sent to object: 'Object Repository/FIM/Sites Page/Site Filtering/Site_txt'

21-10-2025T20:38:59 - [MESSAGE][PASSED] - Keys 'BACK_SPACE + ' sent to object: 'Object Repository/FIM/Sites Page/Site Filtering/Site_txt'

21-10-2025T20:38:59 - [TEST_STEP][PASSED] - (i++): null

21-10-2025T20:38:59 - [TEST_STEP][PASSED] - sendKeys(findTestObject("FIM/Sites Page/Site Filtering/Site_txt"), Keys.chord(BACK_SPACE), STOP_ON_FAILURE): Keys 'BACK_SPACE + ' sent to object: 'Object Repository/FIM/Sites Page/Site Filtering/Site_txt'

21-10-2025T20:38:59 - [MESSAGE][PASSED] - Keys 'BACK_SPACE + ' sent to object: 'Object Repository/FIM/Sites Page/Site Filtering/Site_txt'

21-10-2025T20:38:59 - [TEST_STEP][PASSED] - (i++): null

21-10-2025T20:38:59 - [TEST_STEP][PASSED] - sendKeys(findTestObject("FIM/Sites Page/Site Filtering/Site_txt"), Keys.chord(BACK_SPACE), STOP_ON_FAILURE): Keys 'BACK_SPACE + ' sent to object: 'Object Repository/FIM/Sites Page/Site Filtering/Site_txt'

21-10-2025T20:38:59 - [MESSAGE][PASSED] - Keys 'BACK_SPACE + ' sent to object: 'Object Repository/FIM/Sites Page/Site Filtering/Site_txt'

21-10-2025T20:38:59 - [TEST_STEP][PASSED] - (i++): null

21-10-2025T20:38:59 - [TEST_STEP][PASSED] - sendKeys(findTestObject("FIM/Sites Page/Site Filtering/Site_txt"), Keys.chord(BACK_SPACE), STOP_ON_FAILURE): Keys 'BACK_SPACE + ' sent to object: 'Object Repository/FIM/Sites Page/Site Filtering/Site_txt'

21-10-2025T20:38:59 - [MESSAGE][PASSED] - Keys 'BACK_SPACE + ' sent to object: 'Object Repository/FIM/Sites Page/Site Filtering/Site_txt'

21-10-2025T20:38:59 - [TEST_STEP][PASSED] - (i++): null

21-10-2025T20:38:59 - [TEST_STEP][PASSED] - sendKeys(findTestObject("FIM/Sites Page/Site Filtering/Site_txt"), Keys.chord(BACK_SPACE), STOP_ON_FAILURE): Keys 'BACK_SPACE + ' sent to object: 'Object Repository/FIM/Sites Page/Site Filtering/Site_txt'

21-10-2025T20:38:59 - [MESSAGE][PASSED] - Keys 'BACK_SPACE + ' sent to object: 'Object Repository/FIM/Sites Page/Site Filtering/Site_txt'

21-10-2025T20:38:59 - [TEST_STEP][PASSED] - (i++): null

21-10-2025T20:38:59 - [TEST_STEP][PASSED] - sendKeys(findTestObject("FIM/Sites Page/Site Filtering/Site_txt"), Keys.chord(BACK_SPACE), STOP_ON_FAILURE): Keys 'BACK_SPACE + ' sent to object: 'Object Repository/FIM/Sites Page/Site Filtering/Site_txt'

21-10-2025T20:38:59 - [MESSAGE][PASSED] - Keys 'BACK_SPACE + ' sent to object: 'Object Repository/FIM/Sites Page/Site Filtering/Site_txt'

21-10-2025T20:38:59 - [TEST_STEP][PASSED] - (i++): null

21-10-2025T20:38:59 - [TEST_STEP][PASSED] - sendKeys(findTestObject("FIM/Sites Page/Site Filtering/Site_txt"), Keys.chord(BACK_SPACE), STOP_ON_FAILURE): Keys 'BACK_SPACE + ' sent to object: 'Object Repository/FIM/Sites Page/Site Filtering/Site_txt'

21-10-2025T20:38:59 - [MESSAGE][PASSED] - Keys 'BACK_SPACE + ' sent to object: 'Object Repository/FIM/Sites Page/Site Filtering/Site_txt'

21-10-2025T20:38:59 - [TEST_STEP][PASSED] - (i++): null

21-10-2025T20:38:59 - [TEST_STEP][PASSED] - sendKeys(findTestObject("FIM/Sites Page/Site Filtering/Site_txt"), Keys.chord(BACK_SPACE), STOP_ON_FAILURE): Keys 'BACK_SPACE + ' sent to object: 'Object Repository/FIM/Sites Page/Site Filtering/Site_txt'

21-10-2025T20:38:59 - [MESSAGE][PASSED] - Keys 'BACK_SPACE + ' sent to object: 'Object Repository/FIM/Sites Page/Site Filtering/Site_txt'

21-10-2025T20:38:59 - [TEST_STEP][PASSED] - (i++): null

21-10-2025T20:38:59 - [TEST_STEP][PASSED] - sendKeys(findTestObject("FIM/Sites Page/Site Filtering/Site_txt"), Keys.chord(BACK_SPACE), STOP_ON_FAILURE): Keys 'BACK_SPACE + ' sent to object: 'Object Repository/FIM/Sites Page/Site Filtering/Site_txt'

21-10-2025T20:38:59 - [MESSAGE][PASSED] - Keys 'BACK_SPACE + ' sent to object: 'Object Repository/FIM/Sites Page/Site Filtering/Site_txt'

21-10-2025T20:38:59 - [TEST_STEP][PASSED] - (i++): null

21-10-2025T20:38:59 - [TEST_STEP][PASSED] - sendKeys(findTestObject("FIM/Sites Page/Site Filtering/Site_txt"), Keys.chord(BACK_SPACE), STOP_ON_FAILURE): Keys 'BACK_SPACE + ' sent to object: 'Object Repository/FIM/Sites Page/Site Filtering/Site_txt'

21-10-2025T20:39:00 - [MESSAGE][PASSED] - Keys 'BACK_SPACE + ' sent to object: 'Object Repository/FIM/Sites Page/Site Filtering/Site_txt'

21-10-2025T20:39:00 - [TEST_STEP][PASSED] - (i++): null

21-10-2025T20:39:00 - [TEST_STEP][PASSED] - sendKeys(findTestObject("FIM/Sites Page/Site Filtering/Site_txt"), Keys.chord(BACK_SPACE), STOP_ON_FAILURE): Keys 'BACK_SPACE + ' sent to object: 'Object Repository/FIM/Sites Page/Site Filtering/Site_txt'

21-10-2025T20:39:00 - [MESSAGE][PASSED] - Keys 'BACK_SPACE + ' sent to object: 'Object Repository/FIM/Sites Page/Site Filtering/Site_txt'

21-10-2025T20:39:00 - [TEST_STEP][PASSED] - (i++): null

21-10-2025T20:39:00 - [TEST_STEP][PASSED] - sendKeys(findTestObject("FIM/Sites Page/Site Filtering/Site_txt"), Keys.chord(BACK_SPACE), STOP_ON_FAILURE): Keys 'BACK_SPACE + ' sent to object: 'Object Repository/FIM/Sites Page/Site Filtering/Site_txt'

21-10-2025T20:39:00 - [MESSAGE][PASSED] - Keys 'BACK_SPACE + ' sent to object: 'Object Repository/FIM/Sites Page/Site Filtering/Site_txt'

21-10-2025T20:39:00 - [TEST_STEP][PASSED] - (i++): null

21-10-2025T20:39:00 - [TEST_STEP][PASSED] - sendKeys(findTestObject("FIM/Sites Page/Site Filtering/Site_txt"), Keys.chord(BACK_SPACE), STOP_ON_FAILURE): Keys 'BACK_SPACE + ' sent to object: 'Object Repository/FIM/Sites Page/Site Filtering/Site_txt'

21-10-2025T20:39:00 - [MESSAGE][PASSED] - Keys 'BACK_SPACE + ' sent to object: 'Object Repository/FIM/Sites Page/Site Filtering/Site_txt'

21-10-2025T20:39:00 - [TEST_STEP][PASSED] - (i++): null

21-10-2025T20:39:00 - [TEST_STEP][PASSED] - sendKeys(findTestObject("FIM/Sites Page/Site Filtering/Site_txt"), Keys.chord(BACK_SPACE), STOP_ON_FAILURE): Keys 'BACK_SPACE + ' sent to object: 'Object Repository/FIM/Sites Page/Site Filtering/Site_txt'

21-10-2025T20:39:00 - [MESSAGE][PASSED] - Keys 'BACK_SPACE + ' sent to object: 'Object Repository/FIM/Sites Page/Site Filtering/Site_txt'

21-10-2025T20:39:00 - [TEST_STEP][PASSED] - (i++): null

21-10-2025T20:39:00 - [TEST_STEP][PASSED] - sendKeys(findTestObject("FIM/Sites Page/Site Filtering/Site_txt"), Keys.chord(BACK_SPACE), STOP_ON_FAILURE): Keys 'BACK_SPACE + ' sent to object: 'Object Repository/FIM/Sites Page/Site Filtering/Site_txt'

21-10-2025T20:39:00 - [MESSAGE][PASSED] - Keys 'BACK_SPACE + ' sent to object: 'Object Repository/FIM/Sites Page/Site Filtering/Site_txt'

21-10-2025T20:39:00 - [TEST_STEP][PASSED] - (i++): null

21-10-2025T20:39:00 - [TEST_STEP][PASSED] - sendKeys(findTestObject("FIM/Sites Page/Site Filtering/Site_txt"), Keys.chord(BACK_SPACE), STOP_ON_FAILURE): Keys 'BACK_SPACE + ' sent to object: 'Object Repository/FIM/Sites Page/Site Filtering/Site_txt'

21-10-2025T20:39:00 - [MESSAGE][PASSED] - Keys 'BACK_SPACE + ' sent to object: 'Object Repository/FIM/Sites Page/Site Filtering/Site_txt'

21-10-2025T20:39:00 - [TEST_STEP][PASSED] - (i++): null

21-10-2025T20:39:00 - [TEST_STEP][PASSED] - sendKeys(findTestObject("FIM/Sites Page/Site Filtering/Site_txt"), Keys.chord(BACK_SPACE), STOP_ON_FAILURE): Keys 'BACK_SPACE + ' sent to object: 'Object Repository/FIM/Sites Page/Site Filtering/Site_txt'

21-10-2025T20:39:00 - [MESSAGE][PASSED] - Keys 'BACK_SPACE + ' sent to object: 'Object Repository/FIM/Sites Page/Site Filtering/Site_txt'

21-10-2025T20:39:00 - [TEST_STEP][PASSED] - (i++): null

21-10-2025T20:39:00 - [TEST_STEP][PASSED] - sendKeys(findTestObject("FIM/Sites Page/Site Filtering/Site_txt"), Keys.chord(BACK_SPACE), STOP_ON_FAILURE): Keys 'BACK_SPACE + ' sent to object: 'Object Repository/FIM/Sites Page/Site Filtering/Site_txt'

21-10-2025T20:39:00 - [MESSAGE][PASSED] - Keys 'BACK_SPACE + ' sent to object: 'Object Repository/FIM/Sites Page/Site Filtering/Site_txt'

21-10-2025T20:39:00 - [TEST_STEP][PASSED] - (i++): null

21-10-2025T20:39:00 - [TEST_STEP][PASSED] - sendKeys(findTestObject("FIM/Sites Page/Site Filtering/Site_txt"), Keys.chord(BACK_SPACE), STOP_ON_FAILURE): Keys 'BACK_SPACE + ' sent to object: 'Object Repository/FIM/Sites Page/Site Filtering/Site_txt'

21-10-2025T20:39:00 - [MESSAGE][PASSED] - Keys 'BACK_SPACE + ' sent to object: 'Object Repository/FIM/Sites Page/Site Filtering/Site_txt'

21-10-2025T20:39:00 - [TEST_STEP][PASSED] - (i++): null

21-10-2025T20:39:00 - [TEST_STEP][PASSED] - sendKeys(findTestObject("FIM/Sites Page/Site Filtering/Site_txt"), Keys.chord(BACK_SPACE), STOP_ON_FAILURE): Keys 'BACK_SPACE + ' sent to object: 'Object Repository/FIM/Sites Page/Site Filtering/Site_txt'

21-10-2025T20:39:00 - [MESSAGE][PASSED] - Keys 'BACK_SPACE + ' sent to object: 'Object Repository/FIM/Sites Page/Site Filtering/Site_txt'

21-10-2025T20:39:00 - [TEST_STEP][PASSED] - (i++): null

21-10-2025T20:39:00 - [TEST_STEP][PASSED] - sendKeys(findTestObject("FIM/Sites Page/Site Filtering/Site_txt"), Keys.chord(BACK_SPACE), STOP_ON_FAILURE): Keys 'BACK_SPACE + ' sent to object: 'Object Repository/FIM/Sites Page/Site Filtering/Site_txt'

21-10-2025T20:39:00 - [MESSAGE][PASSED] - Keys 'BACK_SPACE + ' sent to object: 'Object Repository/FIM/Sites Page/Site Filtering/Site_txt'

21-10-2025T20:39:00 - [TEST_STEP][PASSED] - (i++): null

21-10-2025T20:39:00 - [TEST_STEP][PASSED] - sendKeys(findTestObject("FIM/Sites Page/Site Filtering/Site_txt"), Keys.chord(BACK_SPACE), STOP_ON_FAILURE): Keys 'BACK_SPACE + ' sent to object: 'Object Repository/FIM/Sites Page/Site Filtering/Site_txt'

21-10-2025T20:39:00 - [MESSAGE][PASSED] - Keys 'BACK_SPACE + ' sent to object: 'Object Repository/FIM/Sites Page/Site Filtering/Site_txt'

21-10-2025T20:39:00 - [TEST_STEP][PASSED] - (i++): null

21-10-2025T20:39:00 - [TEST_STEP][PASSED] - sendKeys(findTestObject("FIM/Sites Page/Site Filtering/Site_txt"), Keys.chord(BACK_SPACE), STOP_ON_FAILURE): Keys 'BACK_SPACE + ' sent to object: 'Object Repository/FIM/Sites Page/Site Filtering/Site_txt'

21-10-2025T20:39:00 - [MESSAGE][PASSED] - Keys 'BACK_SPACE + ' sent to object: 'Object Repository/FIM/Sites Page/Site Filtering/Site_txt'

21-10-2025T20:39:00 - [TEST_STEP][PASSED] - (i++): null

21-10-2025T20:39:00 - [TEST_STEP][PASSED] - sendKeys(findTestObject("FIM/Sites Page/Site Filtering/Site_txt"), Keys.chord(BACK_SPACE), STOP_ON_FAILURE): Keys 'BACK_SPACE + ' sent to object: 'Object Repository/FIM/Sites Page/Site Filtering/Site_txt'

21-10-2025T20:39:00 - [MESSAGE][PASSED] - Keys 'BACK_SPACE + ' sent to object: 'Object Repository/FIM/Sites Page/Site Filtering/Site_txt'

21-10-2025T20:39:00 - [TEST_STEP][PASSED] - (i++): null

21-10-2025T20:39:00 - [TEST_STEP][PASSED] - sendKeys(findTestObject("FIM/Sites Page/Site Filtering/Site_txt"), Keys.chord(BACK_SPACE), STOP_ON_FAILURE): Keys 'BACK_SPACE + ' sent to object: 'Object Repository/FIM/Sites Page/Site Filtering/Site_txt'

21-10-2025T20:39:00 - [MESSAGE][PASSED] - Keys 'BACK_SPACE + ' sent to object: 'Object Repository/FIM/Sites Page/Site Filtering/Site_txt'

21-10-2025T20:39:00 - [TEST_STEP][PASSED] - (i++): null

21-10-2025T20:39:00 - [TEST_STEP][PASSED] - sendKeys(findTestObject("FIM/Sites Page/Site Filtering/Site_txt"), Keys.chord(BACK_SPACE), STOP_ON_FAILURE): Keys 'BACK_SPACE + ' sent to object: 'Object Repository/FIM/Sites Page/Site Filtering/Site_txt'

21-10-2025T20:39:00 - [MESSAGE][PASSED] - Keys 'BACK_SPACE + ' sent to object: 'Object Repository/FIM/Sites Page/Site Filtering/Site_txt'

21-10-2025T20:39:00 - [TEST_STEP][PASSED] - (i++): null

21-10-2025T20:39:00 - [TEST_STEP][PASSED] - sendKeys(findTestObject("FIM/Sites Page/Site Filtering/Site_txt"), Keys.chord(BACK_SPACE), STOP_ON_FAILURE): Keys 'BACK_SPACE + ' sent to object: 'Object Repository/FIM/Sites Page/Site Filtering/Site_txt'

21-10-2025T20:39:00 - [MESSAGE][PASSED] - Keys 'BACK_SPACE + ' sent to object: 'Object Repository/FIM/Sites Page/Site Filtering/Site_txt'

21-10-2025T20:39:00 - [TEST_STEP][PASSED] - (i++): null

21-10-2025T20:39:00 - [TEST_STEP][PASSED] - sendKeys(findTestObject("FIM/Sites Page/Site Filtering/Site_txt"), Keys.chord(BACK_SPACE), STOP_ON_FAILURE): Keys 'BACK_SPACE + ' sent to object: 'Object Repository/FIM/Sites Page/Site Filtering/Site_txt'

21-10-2025T20:39:01 - [MESSAGE][PASSED] - Keys 'BACK_SPACE + ' sent to object: 'Object Repository/FIM/Sites Page/Site Filtering/Site_txt'

21-10-2025T20:39:01 - [TEST_STEP][PASSED] - (i++): null

21-10-2025T20:39:01 - [TEST_STEP][PASSED] - sendKeys(findTestObject("FIM/Sites Page/Site Filtering/Site_txt"), Keys.chord(BACK_SPACE), STOP_ON_FAILURE): Keys 'BACK_SPACE + ' sent to object: 'Object Repository/FIM/Sites Page/Site Filtering/Site_txt'

21-10-2025T20:39:01 - [MESSAGE][PASSED] - Keys 'BACK_SPACE + ' sent to object: 'Object Repository/FIM/Sites Page/Site Filtering/Site_txt'

21-10-2025T20:39:01 - [TEST_STEP][PASSED] - (i++): null

21-10-2025T20:39:01 - [TEST_STEP][PASSED] - sendKeys(findTestObject("FIM/Sites Page/Site Filtering/Site_txt"), Keys.chord(BACK_SPACE), STOP_ON_FAILURE): Keys 'BACK_SPACE + ' sent to object: 'Object Repository/FIM/Sites Page/Site Filtering/Site_txt'

21-10-2025T20:39:01 - [MESSAGE][PASSED] - Keys 'BACK_SPACE + ' sent to object: 'Object Repository/FIM/Sites Page/Site Filtering/Site_txt'

21-10-2025T20:39:01 - [TEST_STEP][PASSED] - (i++): null

21-10-2025T20:39:01 - [TEST_STEP][PASSED] - sendKeys(findTestObject("FIM/Sites Page/Site Filtering/Site_txt"), Keys.chord(BACK_SPACE), STOP_ON_FAILURE): Keys 'BACK_SPACE + ' sent to object: 'Object Repository/FIM/Sites Page/Site Filtering/Site_txt'

21-10-2025T20:39:01 - [MESSAGE][PASSED] - Keys 'BACK_SPACE + ' sent to object: 'Object Repository/FIM/Sites Page/Site Filtering/Site_txt'

21-10-2025T20:39:01 - [TEST_STEP][PASSED] - (i++): null

21-10-2025T20:39:01 - [TEST_STEP][PASSED] - sendKeys(findTestObject("FIM/Sites Page/Site Filtering/Site_txt"), Keys.chord(BACK_SPACE), STOP_ON_FAILURE): Keys 'BACK_SPACE + ' sent to object: 'Object Repository/FIM/Sites Page/Site Filtering/Site_txt'

21-10-2025T20:39:01 - [MESSAGE][PASSED] - Keys 'BACK_SPACE + ' sent to object: 'Object Repository/FIM/Sites Page/Site Filtering/Site_txt'

21-10-2025T20:39:01 - [TEST_STEP][PASSED] - (i++): null

21-10-2025T20:39:01 - [TEST_STEP][PASSED] - sendKeys(findTestObject("FIM/Sites Page/Site Filtering/Site_txt"), Keys.chord(BACK_SPACE), STOP_ON_FAILURE): Keys 'BACK_SPACE + ' sent to object: 'Object Repository/FIM/Sites Page/Site Filtering/Site_txt'

21-10-2025T20:39:01 - [MESSAGE][PASSED] - Keys 'BACK_SPACE + ' sent to object: 'Object Repository/FIM/Sites Page/Site Filtering/Site_txt'

21-10-2025T20:39:01 - [TEST_STEP][PASSED] - (i++): null

21-10-2025T20:39:01 - [TEST_STEP][PASSED] - sendKeys(findTestObject("FIM/Sites Page/Site Filtering/Site_txt"), Keys.chord(BACK_SPACE), STOP_ON_FAILURE): Keys 'BACK_SPACE + ' sent to object: 'Object Repository/FIM/Sites Page/Site Filtering/Site_txt'

21-10-2025T20:39:01 - [MESSAGE][PASSED] - Keys 'BACK_SPACE + ' sent to object: 'Object Repository/FIM/Sites Page/Site Filtering/Site_txt'

21-10-2025T20:39:01 - [TEST_STEP][PASSED] - (i++): null

21-10-2025T20:39:01 - [TEST_STEP][PASSED] - sendKeys(findTestObject("FIM/Sites Page/Site Filtering/Site_txt"), Keys.chord(BACK_SPACE), STOP_ON_FAILURE): Keys 'BACK_SPACE + ' sent to object: 'Object Repository/FIM/Sites Page/Site Filtering/Site_txt'

21-10-2025T20:39:01 - [MESSAGE][PASSED] - Keys 'BACK_SPACE + ' sent to object: 'Object Repository/FIM/Sites Page/Site Filtering/Site_txt'

21-10-2025T20:39:01 - [TEST_STEP][PASSED] - (i++): null

21-10-2025T20:39:01 - [TEST_STEP][PASSED] - sendKeys(findTestObject("FIM/Sites Page/Site Filtering/Site_txt"), Keys.chord(BACK_SPACE), STOP_ON_FAILURE): Keys 'BACK_SPACE + ' sent to object: 'Object Repository/FIM/Sites Page/Site Filtering/Site_txt'

21-10-2025T20:39:01 - [MESSAGE][PASSED] - Keys 'BACK_SPACE + ' sent to object: 'Object Repository/FIM/Sites Page/Site Filtering/Site_txt'

21-10-2025T20:39:01 - [TEST_STEP][PASSED] - (i++): null

21-10-2025T20:39:01 - [TEST_STEP][PASSED] - sendKeys(findTestObject("FIM/Sites Page/Site Filtering/Site_txt"), Keys.chord(BACK_SPACE), STOP_ON_FAILURE): Keys 'BACK_SPACE + ' sent to object: 'Object Repository/FIM/Sites Page/Site Filtering/Site_txt'

21-10-2025T20:39:01 - [MESSAGE][PASSED] - Keys 'BACK_SPACE + ' sent to object: 'Object Repository/FIM/Sites Page/Site Filtering/Site_txt'

21-10-2025T20:39:01 - [TEST_STEP][PASSED] - (i++): null

21-10-2025T20:39:01 - [TEST_STEP][PASSED] - sendKeys(findTestObject("FIM/Sites Page/Site Filtering/Site_txt"), Keys.chord(BACK_SPACE), STOP_ON_FAILURE): Keys 'BACK_SPACE + ' sent to object: 'Object Repository/FIM/Sites Page/Site Filtering/Site_txt'

21-10-2025T20:39:01 - [MESSAGE][PASSED] - Keys 'BACK_SPACE + ' sent to object: 'Object Repository/FIM/Sites Page/Site Filtering/Site_txt'

21-10-2025T20:39:01 - [TEST_STEP][PASSED] - (i++): null

21-10-2025T20:39:01 - [TEST_STEP][PASSED] - sendKeys(findTestObject("FIM/Sites Page/Site Filtering/Site_txt"), Keys.chord(BACK_SPACE), STOP_ON_FAILURE): Keys 'BACK_SPACE + ' sent to object: 'Object Repository/FIM/Sites Page/Site Filtering/Site_txt'

21-10-2025T20:39:01 - [MESSAGE][PASSED] - Keys 'BACK_SPACE + ' sent to object: 'Object Repository/FIM/Sites Page/Site Filtering/Site_txt'

21-10-2025T20:39:01 - [TEST_STEP][PASSED] - (i++): null

21-10-2025T20:39:01 - [TEST_STEP][PASSED] - sendKeys(findTestObject("FIM/Sites Page/Site Filtering/Site_txt"), Keys.chord(BACK_SPACE), STOP_ON_FAILURE): Keys 'BACK_SPACE + ' sent to object: 'Object Repository/FIM/Sites Page/Site Filtering/Site_txt'

21-10-2025T20:39:01 - [MESSAGE][PASSED] - Keys 'BACK_SPACE + ' sent to object: 'Object Repository/FIM/Sites Page/Site Filtering/Site_txt'

21-10-2025T20:39:01 - [TEST_STEP][PASSED] - (i++): null

21-10-2025T20:39:01 - [TEST_STEP][PASSED] - sendKeys(findTestObject("FIM/Sites Page/Site Filtering/Site_txt"), Keys.chord(BACK_SPACE), STOP_ON_FAILURE): Keys 'BACK_SPACE + ' sent to object: 'Object Repository/FIM/Sites Page/Site Filtering/Site_txt'

21-10-2025T20:39:01 - [MESSAGE][PASSED] - Keys 'BACK_SPACE + ' sent to object: 'Object Repository/FIM/Sites Page/Site Filtering/Site_txt'

21-10-2025T20:39:01 - [TEST_STEP][PASSED] - (i++): null

21-10-2025T20:39:01 - [TEST_STEP][PASSED] - sendKeys(findTestObject("FIM/Sites Page/Site Filtering/Site_txt"), Keys.chord(BACK_SPACE), STOP_ON_FAILURE): Keys 'BACK_SPACE + ' sent to object: 'Object Repository/FIM/Sites Page/Site Filtering/Site_txt'

21-10-2025T20:39:01 - [MESSAGE][PASSED] - Keys 'BACK_SPACE + ' sent to object: 'Object Repository/FIM/Sites Page/Site Filtering/Site_txt'

21-10-2025T20:39:01 - [TEST_STEP][PASSED] - (i++): null

21-10-2025T20:39:01 - [TEST_STEP][PASSED] - sendKeys(findTestObject("FIM/Sites Page/Site Filtering/Site_txt"), Keys.chord(BACK_SPACE), STOP_ON_FAILURE): Keys 'BACK_SPACE + ' sent to object: 'Object Repository/FIM/Sites Page/Site Filtering/Site_txt'

21-10-2025T20:39:01 - [MESSAGE][PASSED] - Keys 'BACK_SPACE + ' sent to object: 'Object Repository/FIM/Sites Page/Site Filtering/Site_txt'

21-10-2025T20:39:01 - [TEST_STEP][PASSED] - (i++): null

21-10-2025T20:39:01 - [TEST_STEP][PASSED] - sendKeys(findTestObject("FIM/Sites Page/Site Filtering/Site_txt"), Keys.chord(BACK_SPACE), STOP_ON_FAILURE): Keys 'BACK_SPACE + ' sent to object: 'Object Repository/FIM/Sites Page/Site Filtering/Site_txt'

21-10-2025T20:39:01 - [MESSAGE][PASSED] - Keys 'BACK_SPACE + ' sent to object: 'Object Repository/FIM/Sites Page/Site Filtering/Site_txt'

21-10-2025T20:39:01 - [TEST_STEP][PASSED] - (i++): null

21-10-2025T20:39:01 - [TEST_STEP][PASSED] - sendKeys(findTestObject("FIM/Sites Page/Site Filtering/Site_txt"), Keys.chord(BACK_SPACE), STOP_ON_FAILURE): Keys 'BACK_SPACE + ' sent to object: 'Object Repository/FIM/Sites Page/Site Filtering/Site_txt'

21-10-2025T20:39:02 - [MESSAGE][PASSED] - Keys 'BACK_SPACE + ' sent to object: 'Object Repository/FIM/Sites Page/Site Filtering/Site_txt'

21-10-2025T20:39:02 - [TEST_STEP][PASSED] - (i++): null

21-10-2025T20:39:02 - [TEST_STEP][PASSED] - sendKeys(findTestObject("FIM/Sites Page/Site Filtering/Site_txt"), Keys.chord(BACK_SPACE), STOP_ON_FAILURE): Keys 'BACK_SPACE + ' sent to object: 'Object Repository/FIM/Sites Page/Site Filtering/Site_txt'

21-10-2025T20:39:02 - [MESSAGE][PASSED] - Keys 'BACK_SPACE + ' sent to object: 'Object Repository/FIM/Sites Page/Site Filtering/Site_txt'

21-10-2025T20:39:02 - [TEST_STEP][PASSED] - (i++): null

21-10-2025T20:39:02 - [TEST_STEP][PASSED] - sendKeys(findTestObject("FIM/Sites Page/Site Filtering/Site_txt"), Keys.chord(BACK_SPACE), STOP_ON_FAILURE): Keys 'BACK_SPACE + ' sent to object: 'Object Repository/FIM/Sites Page/Site Filtering/Site_txt'

21-10-2025T20:39:02 - [MESSAGE][PASSED] - Keys 'BACK_SPACE + ' sent to object: 'Object Repository/FIM/Sites Page/Site Filtering/Site_txt'

21-10-2025T20:39:02 - [TEST_STEP][PASSED] - (i++): null

21-10-2025T20:39:02 - [TEST_STEP][PASSED] - sendKeys(findTestObject("FIM/Sites Page/Site Filtering/Site_txt"), Keys.chord(BACK_SPACE), STOP_ON_FAILURE): Keys 'BACK_SPACE + ' sent to object: 'Object Repository/FIM/Sites Page/Site Filtering/Site_txt'

21-10-2025T20:39:02 - [MESSAGE][PASSED] - Keys 'BACK_SPACE + ' sent to object: 'Object Repository/FIM/Sites Page/Site Filtering/Site_txt'

21-10-2025T20:39:02 - [TEST_STEP][PASSED] - (i++): null

21-10-2025T20:39:02 - [TEST_STEP][PASSED] - sendKeys(findTestObject("FIM/Sites Page/Site Filtering/Site_txt"), Keys.chord(BACK_SPACE), STOP_ON_FAILURE): Keys 'BACK_SPACE + ' sent to object: 'Object Repository/FIM/Sites Page/Site Filtering/Site_txt'

21-10-2025T20:39:02 - [MESSAGE][PASSED] - Keys 'BACK_SPACE + ' sent to object: 'Object Repository/FIM/Sites Page/Site Filtering/Site_txt'

21-10-2025T20:39:02 - [TEST_STEP][PASSED] - (i++): null

21-10-2025T20:39:02 - [TEST_STEP][PASSED] - sendKeys(findTestObject("FIM/Sites Page/Site Filtering/Site_txt"), Keys.chord(BACK_SPACE), STOP_ON_FAILURE): Keys 'BACK_SPACE + ' sent to object: 'Object Repository/FIM/Sites Page/Site Filtering/Site_txt'

21-10-2025T20:39:02 - [MESSAGE][PASSED] - Keys 'BACK_SPACE + ' sent to object: 'Object Repository/FIM/Sites Page/Site Filtering/Site_txt'

21-10-2025T20:39:02 - [TEST_STEP][PASSED] - (i++): null

21-10-2025T20:39:02 - [TEST_STEP][PASSED] - sendKeys(findTestObject("FIM/Sites Page/Site Filtering/Site_txt"), Keys.chord(BACK_SPACE), STOP_ON_FAILURE): Keys 'BACK_SPACE + ' sent to object: 'Object Repository/FIM/Sites Page/Site Filtering/Site_txt'

21-10-2025T20:39:02 - [MESSAGE][PASSED] - Keys 'BACK_SPACE + ' sent to object: 'Object Repository/FIM/Sites Page/Site Filtering/Site_txt'

21-10-2025T20:39:02 - [TEST_STEP][PASSED] - (i++): null

21-10-2025T20:39:02 - [TEST_STEP][PASSED] - sendKeys(findTestObject("FIM/Sites Page/Site Filtering/Site_txt"), "TURK132 - 798 North", STOP_ON_FAILURE): Keys 'TURK132 - 798 North' sent to object: 'Object Repository/FIM/Sites Page/Site Filtering/Site_txt'

21-10-2025T20:39:02 - [MESSAGE][PASSED] - Keys 'TURK132 - 798 North' sent to object: 'Object Repository/FIM/Sites Page/Site Filtering/Site_txt'

21-10-2025T20:39:02 - [TEST_STEP][PASSED] - sendKeys(findTestObject("FIM/Sites Page/Site Filtering/Site_txt"), Keys.chord(ENTER), STOP_ON_FAILURE): Keys 'ENTER + ' sent to object: 'Object Repository/FIM/Sites Page/Site Filtering/Site_txt'

21-10-2025T20:39:02 - [MESSAGE][PASSED] - Keys 'ENTER + ' sent to object: 'Object Repository/FIM/Sites Page/Site Filtering/Site_txt'

21-10-2025T20:39:02 - [TEST_STEP][PASSED] - waitForElementClickable(findTestObject("FIM/Sites Page/Orders/Review New Orders/Review New Orders_btn"), 300): Object 'Object Repository/FIM/Sites Page/Orders/Review New Orders/Review New Orders_btn' is clickable

21-10-2025T20:39:02 - [MESSAGE][PASSED] - Object 'Object Repository/FIM/Sites Page/Orders/Review New Orders/Review New Orders_btn' is clickable

21-10-2025T20:39:02 - [TEST_STEP][PASSED] - click(findTestObject("FIM/Sites Page/Orders/Review New Orders/Review New Orders_btn")): Object: 'Object Repository/FIM/Sites Page/Orders/Review New Orders/Review New Orders_btn' is clicked on

21-10-2025T20:39:03 - [MESSAGE][PASSED] - Object: 'Object Repository/FIM/Sites Page/Orders/Review New Orders/Review New Orders_btn' is clicked on

21-10-2025T20:39:03 - [TEST_STEP][PASSED] - delay(1): Delayed 1 second(s)

21-10-2025T20:39:04 - [MESSAGE][PASSED] - Delayed 1 second(s)

21-10-2025T20:39:04 - [TEST_STEP][PASSED] - if (verifyTextPresent("There are no Orders to review", false, OPTIONAL) == true): Text 'There are no Orders to review' is not present on page  (Root cause: com.kms.katalon.core.exception.StepFailedException: Text 'There are no Orders to review' is not present on page 
	at com.kms.katalon.core.webui.keyword.internal.WebUIKeywordMain.stepFailed(WebUIKeywordMain.groovy:117)
	at com.kms.katalon.core.webui.keyword.builtin.VerifyTextPresentKeyword$_verifyTextPresent_closure1.doCall(VerifyTextPresentKeyword.groovy:79)
	at com.kms.katalon.core.webui.keyword.builtin.VerifyTextPresentKeyword$_verifyTextPresent_closure1.call(VerifyTextPresentKeyword.groovy)
	at com.kms.katalon.core.webui.keyword.internal.WebUIKeywordMain.runKeyword(WebUIKeywordMain.groovy:35)
	at com.kms.katalon.core.webui.keyword.builtin.VerifyTextPresentKeyword.verifyTextPresent(VerifyTextPresentKeyword.groovy:83)
	at com.kms.katalon.core.webui.keyword.builtin.VerifyTextPresentKeyword.execute(VerifyTextPresentKeyword.groovy:68)
	at com.kms.katalon.core.keyword.internal.KeywordExecutor.executeKeywordForPlatform(KeywordExecutor.groovy:74)
	at com.kms.katalon.core.webui.keyword.WebUiBuiltInKeywords.verifyTextPresent(WebUiBuiltInKeywords.groovy:1746)
	at com.kms.katalon.core.webui.keyword.WebUiBuiltInKeywords$verifyTextPresent$16.call(Unknown Source)
	at Cancelling Deleting an Order.run(Cancelling Deleting an Order:59)
	at com.kms.katalon.core.main.ScriptEngine.run(ScriptEngine.java:194)
	at com.kms.katalon.core.main.ScriptEngine.runScriptAsRawText(ScriptEngine.java:119)
	at com.kms.katalon.core.main.TestCaseExecutor.runScript(TestCaseExecutor.java:448)
	at com.kms.katalon.core.main.TestCaseExecutor.doExecute(TestCaseExecutor.java:439)
	at com.kms.katalon.core.main.TestCaseExecutor.processExecutionPhase(TestCaseExecutor.java:418)
	at com.kms.katalon.core.main.TestCaseExecutor.accessMainPhase(TestCaseExecutor.java:410)
	at com.kms.katalon.core.main.TestCaseExecutor.execute(TestCaseExecutor.java:285)
	at com.kms.katalon.core.common.CommonExecutor.accessTestCaseMainPhase(CommonExecutor.java:65)
	at com.kms.katalon.core.main.TestSuiteExecutor.accessTestSuiteMainPhase(TestSuiteExecutor.java:150)
	at com.kms.katalon.core.main.TestSuiteExecutor.execute(TestSuiteExecutor.java:106)
	at com.kms.katalon.core.main.TestCaseMain.startTestSuite(TestCaseMain.java:180)
	at com.kms.katalon.core.main.TestCaseMain$startTestSuite$0.call(Unknown Source)
	at TempTestSuite1761090769781.run(TempTestSuite1761090769781.groovy:35)
	at java.base/jdk.internal.reflect.NativeMethodAccessorImpl.invoke0(Native Method)
	at java.base/jdk.internal.reflect.NativeMethodAccessorImpl.invoke(NativeMethodAccessorImpl.java:77)
	at java.base/jdk.internal.reflect.DelegatingMethodAccessorImpl.invoke(DelegatingMethodAccessorImpl.java:43)
)

21-10-2025T20:39:05 - [MESSAGE][WARNING] - Text 'There are no Orders to review' is not present on page  (Root cause: com.kms.katalon.core.exception.StepFailedException: Text 'There are no Orders to review' is not present on page 
	at com.kms.katalon.core.webui.keyword.internal.WebUIKeywordMain.stepFailed(WebUIKeywordMain.groovy:117)
	at com.kms.katalon.core.webui.keyword.builtin.VerifyTextPresentKeyword$_verifyTextPresent_closure1.doCall(VerifyTextPresentKeyword.groovy:79)
	at com.kms.katalon.core.webui.keyword.builtin.VerifyTextPresentKeyword$_verifyTextPresent_closure1.call(VerifyTextPresentKeyword.groovy)
	at com.kms.katalon.core.webui.keyword.internal.WebUIKeywordMain.runKeyword(WebUIKeywordMain.groovy:35)
	at com.kms.katalon.core.webui.keyword.builtin.VerifyTextPresentKeyword.verifyTextPresent(VerifyTextPresentKeyword.groovy:83)
	at com.kms.katalon.core.webui.keyword.builtin.VerifyTextPresentKeyword.execute(VerifyTextPresentKeyword.groovy:68)
	at com.kms.katalon.core.keyword.internal.KeywordExecutor.executeKeywordForPlatform(KeywordExecutor.groovy:74)
	at com.kms.katalon.core.webui.keyword.WebUiBuiltInKeywords.verifyTextPresent(WebUiBuiltInKeywords.groovy:1746)
	at com.kms.katalon.core.webui.keyword.WebUiBuiltInKeywords$verifyTextPresent$16.call(Unknown Source)
	at Cancelling Deleting an Order.run(Cancelling Deleting an Order:59)
	at com.kms.katalon.core.main.ScriptEngine.run(ScriptEngine.java:194)
	at com.kms.katalon.core.main.ScriptEngine.runScriptAsRawText(ScriptEngine.java:119)
	at com.kms.katalon.core.main.TestCaseExecutor.runScript(TestCaseExecutor.java:448)
	at com.kms.katalon.core.main.TestCaseExecutor.doExecute(TestCaseExecutor.java:439)
	at com.kms.katalon.core.main.TestCaseExecutor.processExecutionPhase(TestCaseExecutor.java:418)
	at com.kms.katalon.core.main.TestCaseExecutor.accessMainPhase(TestCaseExecutor.java:410)
	at com.kms.katalon.core.main.TestCaseExecutor.execute(TestCaseExecutor.java:285)
	at com.kms.katalon.core.common.CommonExecutor.accessTestCaseMainPhase(CommonExecutor.java:65)
	at com.kms.katalon.core.main.TestSuiteExecutor.accessTestSuiteMainPhase(TestSuiteExecutor.java:150)
	at com.kms.katalon.core.main.TestSuiteExecutor.execute(TestSuiteExecutor.java:106)
	at com.kms.katalon.core.main.TestCaseMain.startTestSuite(TestCaseMain.java:180)
	at com.kms.katalon.core.main.TestCaseMain$startTestSuite$0.call(Unknown Source)
	at TempTestSuite1761090769781.run(TempTestSuite1761090769781.groovy:35)
	at java.base/jdk.internal.reflect.NativeMethodAccessorImpl.invoke0(Native Method)
	at java.base/jdk.internal.reflect.NativeMethodAccessorImpl.invoke(NativeMethodAccessorImpl.java:77)
	at java.base/jdk.internal.reflect.DelegatingMethodAccessorImpl.invoke(DelegatingMethodAccessorImpl.java:43)
)

21-10-2025T20:39:05 - [TEST_STEP][PASSED] - else: Browser is closed

21-10-2025T20:39:05 - [TEST_STEP][PASSED] - click(findTestObject("FIM/Sites Page/Orders/Review New Orders/Delete New Order/1st Delete New Orders_btn")): Object: 'Object Repository/FIM/Sites Page/Orders/Review New Orders/Delete New Order/1st Delete New Orders_btn' is clicked on

21-10-2025T20:39:05 - [MESSAGE][PASSED] - Object: 'Object Repository/FIM/Sites Page/Orders/Review New Orders/Delete New Order/1st Delete New Orders_btn' is clicked on

21-10-2025T20:39:05 - [TEST_STEP][PASSED] - delay(2): Delayed 2 second(s)

21-10-2025T20:39:07 - [MESSAGE][PASSED] - Delayed 2 second(s)

21-10-2025T20:39:07 - [TEST_STEP][PASSED] - click(findTestObject("FIM/Sites Page/Orders/Review New Orders/Delete New Order/Delete New Order Cancel_btn")): Object: 'Object Repository/FIM/Sites Page/Orders/Review New Orders/Delete New Order/Delete New Order Cancel_btn' is clicked on

21-10-2025T20:39:07 - [MESSAGE][PASSED] - Object: 'Object Repository/FIM/Sites Page/Orders/Review New Orders/Delete New Order/Delete New Order Cancel_btn' is clicked on

21-10-2025T20:39:07 - [TEST_STEP][PASSED] - delay(2): Delayed 2 second(s)

21-10-2025T20:39:09 - [MESSAGE][PASSED] - Delayed 2 second(s)

21-10-2025T20:39:09 - [TEST_STEP][PASSED] - click(findTestObject("FIM/Sites Page/Orders/Review New Orders/Review New Orders Cancel_btn")): Object: 'Object Repository/FIM/Sites Page/Orders/Review New Orders/Review New Orders Cancel_btn' is clicked on

21-10-2025T20:39:09 - [MESSAGE][PASSED] - Object: 'Object Repository/FIM/Sites Page/Orders/Review New Orders/Review New Orders Cancel_btn' is clicked on

21-10-2025T20:39:09 - [TEST_STEP][PASSED] - closeBrowser(): Browser is closed

21-10-2025T20:39:09 - [MESSAGE][PASSED] - Browser is closed

21-10-2025T20:39:09 - [TEST_STEP][PASSED] - Start listener action : retryOnDisconnect: null

21-10-2025T20:39:09 - [TEST_STEP][PASSED] - tcId = testCaseContext.getTestCaseId(): null

21-10-2025T20:39:09 - [TEST_STEP][PASSED] - currentRetry = retryCounts.getOrDefault(tcId, 0): null

21-10-2025T20:39:09 - [TEST_STEP][PASSED] - if (testCaseContext.getTestCaseStatus() == "FAILED" && currentRetry < MAX_RETRIES): null]]></system-out>
         <system-err><![CDATA[]]></system-err>
      </testcase>
      <testcase name="Test Cases/FIM/UI/KGL/Admin/Sites Page/Orders/Cancelling Updating an Order" time="66.203" classname="Test Cases/FIM/UI/KGL/Admin/Sites Page/Orders/Cancelling Updating an Order" status="FAILED">
         <failure type="FAILED" message="Test Cases/FIM/UI/KGL/Admin/Sites Page/Orders/Cancelling Updating an Order FAILED.&#xa;Reason:&#xa;com.kms.katalon.core.exception.StepFailedException: Unable to clear text of object 'Object Repository/FIM/Sites Page/Orders/Review New Orders/Edit Order/10UNL_txt'&#xa;	at com.kms.katalon.core.webui.keyword.internal.WebUIKeywordMain.stepFailed(WebUIKeywordMain.groovy:117)&#xa;	at com.kms.katalon.core.webui.keyword.internal.WebUIKeywordMain.runKeyword(WebUIKeywordMain.groovy:78)&#xa;	at com.kms.katalon.core.webui.keyword.builtin.ClearTextKeyword.clearText(ClearTextKeyword.groovy:61)&#xa;	at com.kms.katalon.core.webui.keyword.builtin.ClearTextKeyword.execute(ClearTextKeyword.groovy:35)&#xa;	at com.kms.katalon.core.keyword.internal.KeywordExecutor.executeKeywordForPlatform(KeywordExecutor.groovy:74)&#xa;	at com.kms.katalon.core.webui.keyword.WebUiBuiltInKeywords.clearText(WebUiBuiltInKeywords.groovy:4989)&#xa;	at com.kms.katalon.core.webui.keyword.WebUiBuiltInKeywords$clearText$10.call(Unknown Source)&#xa;	at Cancelling Updating an Order.run(Cancelling Updating an Order:64)&#xa;	at com.kms.katalon.core.main.ScriptEngine.run(ScriptEngine.java:194)&#xa;	at com.kms.katalon.core.main.ScriptEngine.runScriptAsRawText(ScriptEngine.java:119)&#xa;	at com.kms.katalon.core.main.TestCaseExecutor.runScript(TestCaseExecutor.java:448)&#xa;	at com.kms.katalon.core.main.TestCaseExecutor.doExecute(TestCaseExecutor.java:439)&#xa;	at com.kms.katalon.core.main.TestCaseExecutor.processExecutionPhase(TestCaseExecutor.java:418)&#xa;	at com.kms.katalon.core.main.TestCaseExecutor.accessMainPhase(TestCaseExecutor.java:410)&#xa;	at com.kms.katalon.core.main.TestCaseExecutor.execute(TestCaseExecutor.java:285)&#xa;	at com.kms.katalon.core.common.CommonExecutor.accessTestCaseMainPhase(CommonExecutor.java:65)&#xa;	at com.kms.katalon.core.main.TestSuiteExecutor.accessTestSuiteMainPhase(TestSuiteExecutor.java:150)&#xa;	at com.kms.katalon.core.main.TestSuiteExecutor.execute(TestSuiteExecutor.java:106)&#xa;	at com.kms.katalon.core.main.TestCaseMain.startTestSuite(TestCaseMain.java:180)&#xa;	at com.kms.katalon.core.main.TestCaseMain$startTestSuite$0.call(Unknown Source)&#xa;	at TempTestSuite1761090769781.run(TempTestSuite1761090769781.groovy:35)&#xa;	at java.base/jdk.internal.reflect.NativeMethodAccessorImpl.invoke0(Native Method)&#xa;	at java.base/jdk.internal.reflect.NativeMethodAccessorImpl.invoke(NativeMethodAccessorImpl.java:77)&#xa;	at java.base/jdk.internal.reflect.DelegatingMethodAccessorImpl.invoke(DelegatingMethodAccessorImpl.java:43)&#xa;Caused by: com.kms.katalon.core.webui.exception.WebElementNotFoundException: Web element with id: 'Object Repository/FIM/Sites Page/Orders/Review New Orders/Edit Order/10UNL_txt' located by '//*[@id=&quot;order-10UNL&quot;]' not found&#xa;	at com.kms.katalon.core.webui.common.WebUiCommonHelper.findWebElement(WebUiCommonHelper.java:1423)&#xa;	at com.kms.katalon.core.webui.keyword.internal.WebUIAbstractKeyword.findWebElement(WebUIAbstractKeyword.groovy:27)&#xa;	at com.kms.katalon.core.webui.keyword.internal.WebUIAbstractKeyword.findWebElement(WebUIAbstractKeyword.groovy:26)&#xa;	at com.kms.katalon.core.webui.keyword.builtin.ClearTextKeyword$_clearText_closure1.doCall(ClearTextKeyword.groovy:45)&#xa;	at com.kms.katalon.core.webui.keyword.builtin.ClearTextKeyword$_clearText_closure1.call(ClearTextKeyword.groovy)&#xa;	at com.kms.katalon.core.webui.keyword.internal.WebUIKeywordMain.runKeyword(WebUIKeywordMain.groovy:67)&#xa;	... 22 more&#xa;"/>
         <system-out><![CDATA[21-10-2025T20:39:09 - [TEST_CASE][FAILED] - Test Cases/FIM/UI/KGL/Admin/Sites Page/Orders/Cancelling Updating an Order: Test Cases/FIM/UI/KGL/Admin/Sites Page/Orders/Cancelling Updating an Order FAILED.
Reason:
com.kms.katalon.core.exception.StepFailedException: Unable to clear text of object 'Object Repository/FIM/Sites Page/Orders/Review New Orders/Edit Order/10UNL_txt'
	at com.kms.katalon.core.webui.keyword.internal.WebUIKeywordMain.stepFailed(WebUIKeywordMain.groovy:117)
	at com.kms.katalon.core.webui.keyword.internal.WebUIKeywordMain.runKeyword(WebUIKeywordMain.groovy:78)
	at com.kms.katalon.core.webui.keyword.builtin.ClearTextKeyword.clearText(ClearTextKeyword.groovy:61)
	at com.kms.katalon.core.webui.keyword.builtin.ClearTextKeyword.execute(ClearTextKeyword.groovy:35)
	at com.kms.katalon.core.keyword.internal.KeywordExecutor.executeKeywordForPlatform(KeywordExecutor.groovy:74)
	at com.kms.katalon.core.webui.keyword.WebUiBuiltInKeywords.clearText(WebUiBuiltInKeywords.groovy:4989)
	at com.kms.katalon.core.webui.keyword.WebUiBuiltInKeywords$clearText$10.call(Unknown Source)
	at Cancelling Updating an Order.run(Cancelling Updating an Order:64)
	at com.kms.katalon.core.main.ScriptEngine.run(ScriptEngine.java:194)
	at com.kms.katalon.core.main.ScriptEngine.runScriptAsRawText(ScriptEngine.java:119)
	at com.kms.katalon.core.main.TestCaseExecutor.runScript(TestCaseExecutor.java:448)
	at com.kms.katalon.core.main.TestCaseExecutor.doExecute(TestCaseExecutor.java:439)
	at com.kms.katalon.core.main.TestCaseExecutor.processExecutionPhase(TestCaseExecutor.java:418)
	at com.kms.katalon.core.main.TestCaseExecutor.accessMainPhase(TestCaseExecutor.java:410)
	at com.kms.katalon.core.main.TestCaseExecutor.execute(TestCaseExecutor.java:285)
	at com.kms.katalon.core.common.CommonExecutor.accessTestCaseMainPhase(CommonExecutor.java:65)
	at com.kms.katalon.core.main.TestSuiteExecutor.accessTestSuiteMainPhase(TestSuiteExecutor.java:150)
	at com.kms.katalon.core.main.TestSuiteExecutor.execute(TestSuiteExecutor.java:106)
	at com.kms.katalon.core.main.TestCaseMain.startTestSuite(TestCaseMain.java:180)
	at com.kms.katalon.core.main.TestCaseMain$startTestSuite$0.call(Unknown Source)
	at TempTestSuite1761090769781.run(TempTestSuite1761090769781.groovy:35)
	at java.base/jdk.internal.reflect.NativeMethodAccessorImpl.invoke0(Native Method)
	at java.base/jdk.internal.reflect.NativeMethodAccessorImpl.invoke(NativeMethodAccessorImpl.java:77)
	at java.base/jdk.internal.reflect.DelegatingMethodAccessorImpl.invoke(DelegatingMethodAccessorImpl.java:43)
Caused by: com.kms.katalon.core.webui.exception.WebElementNotFoundException: Web element with id: 'Object Repository/FIM/Sites Page/Orders/Review New Orders/Edit Order/10UNL_txt' located by '//*[@id="order-10UNL"]' not found
	at com.kms.katalon.core.webui.common.WebUiCommonHelper.findWebElement(WebUiCommonHelper.java:1423)
	at com.kms.katalon.core.webui.keyword.internal.WebUIAbstractKeyword.findWebElement(WebUIAbstractKeyword.groovy:27)
	at com.kms.katalon.core.webui.keyword.internal.WebUIAbstractKeyword.findWebElement(WebUIAbstractKeyword.groovy:26)
	at com.kms.katalon.core.webui.keyword.builtin.ClearTextKeyword$_clearText_closure1.doCall(ClearTextKeyword.groovy:45)
	at com.kms.katalon.core.webui.keyword.builtin.ClearTextKeyword$_clearText_closure1.call(ClearTextKeyword.groovy)
	at com.kms.katalon.core.webui.keyword.internal.WebUIKeywordMain.runKeyword(WebUIKeywordMain.groovy:67)
	... 22 more


21-10-2025T20:39:09 - [TEST_STEP][PASSED] - Start listener action : beforeTestCase: null

21-10-2025T20:39:09 - [TEST_STEP][PASSED] - addDefaultPackages(): null

21-10-2025T20:39:09 - [TEST_STEP][PASSED] - callTestCase(findTestCase("Utility Scripts/FIM KGL Admin Login"), [:], STOP_ON_FAILURE): Call Test Case 'Test Cases/Utility Scripts/FIM KGL Admin Login' successfully

21-10-2025T20:39:10 - [TEST_CASE][PASSED] - Test Cases/Utility Scripts/FIM KGL Admin Login: Test Cases/Utility Scripts/FIM KGL Admin Login

21-10-2025T20:39:10 - [TEST_STEP][PASSED] - openBrowser(""): Browser is opened with url: ''

21-10-2025T20:39:10 - [MESSAGE][INFO] - Starting 'Chrome' driver

21-10-2025T20:39:10 - [MESSAGE][INFO] - User set preference: ['args', '[--no-sandbox, --disable-gpu, --disable-dev-shm-usage]']

21-10-2025T20:39:10 - [MESSAGE][INFO] - Action delay is set to 0 milliseconds

21-10-2025T20:39:10 - [MESSAGE][PASSED] - Browser is opened with url: ''

21-10-2025T20:39:10 - [TEST_STEP][PASSED] - delay(1): Delayed 1 second(s)

21-10-2025T20:39:11 - [MESSAGE][PASSED] - Delayed 1 second(s)

21-10-2025T20:39:11 - [TEST_STEP][PASSED] - navigateToUrl(KGLCustomGroupUrl): Navigate to 'https://kaglogistics-inventory-management-portal.qa.thekag.com/custom-group/' successfully

21-10-2025T20:39:12 - [MESSAGE][PASSED] - Navigate to 'https://kaglogistics-inventory-management-portal.qa.thekag.com/custom-group/' successfully

21-10-2025T20:39:12 - [TEST_STEP][PASSED] - delay(10): Delayed 10 second(s)

21-10-2025T20:39:22 - [MESSAGE][PASSED] - Delayed 10 second(s)

21-10-2025T20:39:22 - [TEST_STEP][PASSED] - if (maximizeWindow == true): Delayed 1 second(s)

21-10-2025T20:39:22 - [TEST_STEP][PASSED] - maximizeWindow(STOP_ON_FAILURE): Current window maximized

21-10-2025T20:39:22 - [MESSAGE][PASSED] - Current window maximized

21-10-2025T20:39:22 - [TEST_STEP][PASSED] - delay(1): Delayed 1 second(s)

21-10-2025T20:39:23 - [MESSAGE][PASSED] - Delayed 1 second(s)

21-10-2025T20:39:23 - [TEST_STEP][PASSED] - waitForElementPresent(findTestObject("FIM/Username_txt"), 10): Object 'Object Repository/FIM/Username_txt' is present

21-10-2025T20:39:23 - [MESSAGE][PASSED] - Object 'Object Repository/FIM/Username_txt' is present

21-10-2025T20:39:23 - [TEST_STEP][PASSED] - setText(findTestObject("FIM/Username_txt"), FIMUsername): Text 'Chris.Sheldon+DES_QA@Thekag.com' is set on object 'Object Repository/FIM/Username_txt'

21-10-2025T20:39:23 - [MESSAGE][PASSED] - Text 'Chris.Sheldon+DES_QA@Thekag.com' is set on object 'Object Repository/FIM/Username_txt'

21-10-2025T20:39:23 - [TEST_STEP][PASSED] - delay(1): Delayed 1 second(s)

21-10-2025T20:39:24 - [MESSAGE][PASSED] - Delayed 1 second(s)

21-10-2025T20:39:24 - [TEST_STEP][PASSED] - setText(findTestObject("FIM/Password_txt"), FIMPassword): Text 'QATest!2' is set on object 'Object Repository/FIM/Password_txt'

21-10-2025T20:39:24 - [MESSAGE][PASSED] - Text 'QATest!2' is set on object 'Object Repository/FIM/Password_txt'

21-10-2025T20:39:24 - [TEST_STEP][PASSED] - delay(1): Delayed 1 second(s)

21-10-2025T20:39:25 - [MESSAGE][PASSED] - Delayed 1 second(s)

21-10-2025T20:39:25 - [TEST_STEP][PASSED] - click(findTestObject("FIM/Login_btn")): Object: 'Object Repository/FIM/Login_btn' is clicked on

21-10-2025T20:39:25 - [MESSAGE][PASSED] - Object: 'Object Repository/FIM/Login_btn' is clicked on

21-10-2025T20:39:25 - [MESSAGE][PASSED] - Call Test Case 'Test Cases/Utility Scripts/FIM KGL Admin Login' successfully

21-10-2025T20:39:25 - [TEST_STEP][PASSED] - if (verifyElementVisible(findTestObject("FIM/Server_Notification_Close_btn"), OPTIONAL) == true): Web element with id: 'Object Repository/FIM/Server_Notification_Close_btn' located by '/html/body/div/div[1]/button' not found (Root cause: com.kms.katalon.core.exception.StepFailedException: Web element with id: 'Object Repository/FIM/Server_Notification_Close_btn' located by '/html/body/div/div[1]/button' not found
	at com.kms.katalon.core.webui.keyword.internal.WebUIKeywordMain.stepFailed(WebUIKeywordMain.groovy:117)
	at com.kms.katalon.core.webui.keyword.builtin.VerifyElementVisibleKeyword$_verifyElementVisible_closure1.doCall(VerifyElementVisibleKeyword.groovy:89)
	at com.kms.katalon.core.webui.keyword.builtin.VerifyElementVisibleKeyword$_verifyElementVisible_closure1.call(VerifyElementVisibleKeyword.groovy)
	at com.kms.katalon.core.webui.keyword.internal.WebUIKeywordMain.runKeyword(WebUIKeywordMain.groovy:35)
	at com.kms.katalon.core.webui.keyword.builtin.VerifyElementVisibleKeyword.verifyElementVisible(VerifyElementVisibleKeyword.groovy:97)
	at com.kms.katalon.core.webui.keyword.builtin.VerifyElementVisibleKeyword.execute(VerifyElementVisibleKeyword.groovy:67)
	at com.kms.katalon.core.keyword.internal.KeywordExecutor.executeKeywordForPlatform(KeywordExecutor.groovy:74)
	at com.kms.katalon.core.webui.keyword.WebUiBuiltInKeywords.verifyElementVisible(WebUiBuiltInKeywords.groovy:401)
	at com.kms.katalon.core.webui.keyword.WebUiBuiltInKeywords$verifyElementVisible$5.call(Unknown Source)
	at Cancelling Updating an Order.run(Cancelling Updating an Order:22)
	at com.kms.katalon.core.main.ScriptEngine.run(ScriptEngine.java:194)
	at com.kms.katalon.core.main.ScriptEngine.runScriptAsRawText(ScriptEngine.java:119)
	at com.kms.katalon.core.main.TestCaseExecutor.runScript(TestCaseExecutor.java:448)
	at com.kms.katalon.core.main.TestCaseExecutor.doExecute(TestCaseExecutor.java:439)
	at com.kms.katalon.core.main.TestCaseExecutor.processExecutionPhase(TestCaseExecutor.java:418)
	at com.kms.katalon.core.main.TestCaseExecutor.accessMainPhase(TestCaseExecutor.java:410)
	at com.kms.katalon.core.main.TestCaseExecutor.execute(TestCaseExecutor.java:285)
	at com.kms.katalon.core.common.CommonExecutor.accessTestCaseMainPhase(CommonExecutor.java:65)
	at com.kms.katalon.core.main.TestSuiteExecutor.accessTestSuiteMainPhase(TestSuiteExecutor.java:150)
	at com.kms.katalon.core.main.TestSuiteExecutor.execute(TestSuiteExecutor.java:106)
	at com.kms.katalon.core.main.TestCaseMain.startTestSuite(TestCaseMain.java:180)
	at com.kms.katalon.core.main.TestCaseMain$startTestSuite$0.call(Unknown Source)
	at TempTestSuite1761090769781.run(TempTestSuite1761090769781.groovy:35)
	at java.base/jdk.internal.reflect.NativeMethodAccessorImpl.invoke0(Native Method)
	at java.base/jdk.internal.reflect.NativeMethodAccessorImpl.invoke(NativeMethodAccessorImpl.java:77)
	at java.base/jdk.internal.reflect.DelegatingMethodAccessorImpl.invoke(DelegatingMethodAccessorImpl.java:43)
)

21-10-2025T20:39:41 - [MESSAGE][INFO] - Unable to find the element located by 'By.xpath: /html/body/div/div[1]/button'. Please recheck the objects properties to make sure the desired element is located. 

21-10-2025T20:39:41 - [MESSAGE][WARNING] - [SELF-HEALING] Failed to find element with id 'Object Repository/FIM/Server_Notification_Close_btn'. Try using Self-healing.

21-10-2025T20:39:42 - [MESSAGE][INFO] - [SELF-HEALING] No working XPath is found.

21-10-2025T20:39:44 - [MESSAGE][INFO] - Unable to find the element located by 'By.xpath: '. Please recheck the objects properties to make sure the desired element is located. 

21-10-2025T20:39:44 - [MESSAGE][WARNING] - [SELF-HEALING] Cannot find elements when the selector is null

21-10-2025T20:39:44 - [MESSAGE][WARNING] - Web element with id: 'Object Repository/FIM/Server_Notification_Close_btn' located by '/html/body/div/div[1]/button' not found (Root cause: com.kms.katalon.core.exception.StepFailedException: Web element with id: 'Object Repository/FIM/Server_Notification_Close_btn' located by '/html/body/div/div[1]/button' not found
	at com.kms.katalon.core.webui.keyword.internal.WebUIKeywordMain.stepFailed(WebUIKeywordMain.groovy:117)
	at com.kms.katalon.core.webui.keyword.builtin.VerifyElementVisibleKeyword$_verifyElementVisible_closure1.doCall(VerifyElementVisibleKeyword.groovy:89)
	at com.kms.katalon.core.webui.keyword.builtin.VerifyElementVisibleKeyword$_verifyElementVisible_closure1.call(VerifyElementVisibleKeyword.groovy)
	at com.kms.katalon.core.webui.keyword.internal.WebUIKeywordMain.runKeyword(WebUIKeywordMain.groovy:35)
	at com.kms.katalon.core.webui.keyword.builtin.VerifyElementVisibleKeyword.verifyElementVisible(VerifyElementVisibleKeyword.groovy:97)
	at com.kms.katalon.core.webui.keyword.builtin.VerifyElementVisibleKeyword.execute(VerifyElementVisibleKeyword.groovy:67)
	at com.kms.katalon.core.keyword.internal.KeywordExecutor.executeKeywordForPlatform(KeywordExecutor.groovy:74)
	at com.kms.katalon.core.webui.keyword.WebUiBuiltInKeywords.verifyElementVisible(WebUiBuiltInKeywords.groovy:401)
	at com.kms.katalon.core.webui.keyword.WebUiBuiltInKeywords$verifyElementVisible$5.call(Unknown Source)
	at Cancelling Updating an Order.run(Cancelling Updating an Order:22)
	at com.kms.katalon.core.main.ScriptEngine.run(ScriptEngine.java:194)
	at com.kms.katalon.core.main.ScriptEngine.runScriptAsRawText(ScriptEngine.java:119)
	at com.kms.katalon.core.main.TestCaseExecutor.runScript(TestCaseExecutor.java:448)
	at com.kms.katalon.core.main.TestCaseExecutor.doExecute(TestCaseExecutor.java:439)
	at com.kms.katalon.core.main.TestCaseExecutor.processExecutionPhase(TestCaseExecutor.java:418)
	at com.kms.katalon.core.main.TestCaseExecutor.accessMainPhase(TestCaseExecutor.java:410)
	at com.kms.katalon.core.main.TestCaseExecutor.execute(TestCaseExecutor.java:285)
	at com.kms.katalon.core.common.CommonExecutor.accessTestCaseMainPhase(CommonExecutor.java:65)
	at com.kms.katalon.core.main.TestSuiteExecutor.accessTestSuiteMainPhase(TestSuiteExecutor.java:150)
	at com.kms.katalon.core.main.TestSuiteExecutor.execute(TestSuiteExecutor.java:106)
	at com.kms.katalon.core.main.TestCaseMain.startTestSuite(TestCaseMain.java:180)
	at com.kms.katalon.core.main.TestCaseMain$startTestSuite$0.call(Unknown Source)
	at TempTestSuite1761090769781.run(TempTestSuite1761090769781.groovy:35)
	at java.base/jdk.internal.reflect.NativeMethodAccessorImpl.invoke0(Native Method)
	at java.base/jdk.internal.reflect.NativeMethodAccessorImpl.invoke(NativeMethodAccessorImpl.java:77)
	at java.base/jdk.internal.reflect.DelegatingMethodAccessorImpl.invoke(DelegatingMethodAccessorImpl.java:43)
)

21-10-2025T20:39:44 - [TEST_STEP][PASSED] - delay(1): Delayed 1 second(s)

21-10-2025T20:39:45 - [MESSAGE][PASSED] - Delayed 1 second(s)

21-10-2025T20:39:45 - [TEST_STEP][PASSED] - click(findTestObject("FIM/Hamburger Menu List/Hamburger_menu")): Object: 'Object Repository/FIM/Hamburger Menu List/Hamburger_menu' is clicked on

21-10-2025T20:39:45 - [MESSAGE][PASSED] - Object: 'Object Repository/FIM/Hamburger Menu List/Hamburger_menu' is clicked on

21-10-2025T20:39:45 - [TEST_STEP][PASSED] - verifyElementPresent(findTestObject("FIM/Hamburger Menu List/Sites_list (1)"), 10): Object 'Object Repository/FIM/Hamburger Menu List/Sites_list (1)' is present

21-10-2025T20:39:45 - [MESSAGE][PASSED] - Object 'Object Repository/FIM/Hamburger Menu List/Sites_list (1)' is present

21-10-2025T20:39:45 - [TEST_STEP][PASSED] - delay(1): Delayed 1 second(s)

21-10-2025T20:39:46 - [MESSAGE][PASSED] - Delayed 1 second(s)

21-10-2025T20:39:46 - [TEST_STEP][PASSED] - click(findTestObject("FIM/Hamburger Menu List/Sites_list (1)")): Object: 'Object Repository/FIM/Hamburger Menu List/Sites_list (1)' is clicked on

21-10-2025T20:39:47 - [MESSAGE][PASSED] - Object: 'Object Repository/FIM/Hamburger Menu List/Sites_list (1)' is clicked on

21-10-2025T20:39:47 - [TEST_STEP][PASSED] - waitForElementPresent(findTestObject("FIM/Sites Page/Calculator/Calculator Tab"), 10): Object 'Object Repository/FIM/Sites Page/Calculator/Calculator Tab' is present

21-10-2025T20:39:47 - [MESSAGE][PASSED] - Object 'Object Repository/FIM/Sites Page/Calculator/Calculator Tab' is present

21-10-2025T20:39:47 - [TEST_STEP][PASSED] - selectOptionByLabel(findTestObject("FIM/Sites Page/Site Filtering/Region Selection_dropdown"), "KAG LOGISTICS", false): All options with label 'KAG LOGISTICS' are selected in object 'Object Repository/FIM/Sites Page/Site Filtering/Region Selection_dropdown' 

21-10-2025T20:39:47 - [MESSAGE][PASSED] - All options with label 'KAG LOGISTICS' are selected in object 'Object Repository/FIM/Sites Page/Site Filtering/Region Selection_dropdown' 

21-10-2025T20:39:47 - [TEST_STEP][PASSED] - while (i < 60 == true): null

21-10-2025T20:39:47 - [TEST_STEP][PASSED] - sendKeys(findTestObject("FIM/Sites Page/Site Filtering/Site_txt"), Keys.chord(BACK_SPACE), STOP_ON_FAILURE): Keys 'BACK_SPACE + ' sent to object: 'Object Repository/FIM/Sites Page/Site Filtering/Site_txt'

21-10-2025T20:39:48 - [MESSAGE][PASSED] - Keys 'BACK_SPACE + ' sent to object: 'Object Repository/FIM/Sites Page/Site Filtering/Site_txt'

21-10-2025T20:39:48 - [TEST_STEP][PASSED] - (i++): null

21-10-2025T20:39:48 - [TEST_STEP][PASSED] - sendKeys(findTestObject("FIM/Sites Page/Site Filtering/Site_txt"), Keys.chord(BACK_SPACE), STOP_ON_FAILURE): Keys 'BACK_SPACE + ' sent to object: 'Object Repository/FIM/Sites Page/Site Filtering/Site_txt'

21-10-2025T20:39:48 - [MESSAGE][PASSED] - Keys 'BACK_SPACE + ' sent to object: 'Object Repository/FIM/Sites Page/Site Filtering/Site_txt'

21-10-2025T20:39:48 - [TEST_STEP][PASSED] - (i++): null

21-10-2025T20:39:48 - [TEST_STEP][PASSED] - sendKeys(findTestObject("FIM/Sites Page/Site Filtering/Site_txt"), Keys.chord(BACK_SPACE), STOP_ON_FAILURE): Keys 'BACK_SPACE + ' sent to object: 'Object Repository/FIM/Sites Page/Site Filtering/Site_txt'

21-10-2025T20:39:48 - [MESSAGE][PASSED] - Keys 'BACK_SPACE + ' sent to object: 'Object Repository/FIM/Sites Page/Site Filtering/Site_txt'

21-10-2025T20:39:48 - [TEST_STEP][PASSED] - (i++): null

21-10-2025T20:39:48 - [TEST_STEP][PASSED] - sendKeys(findTestObject("FIM/Sites Page/Site Filtering/Site_txt"), Keys.chord(BACK_SPACE), STOP_ON_FAILURE): Keys 'BACK_SPACE + ' sent to object: 'Object Repository/FIM/Sites Page/Site Filtering/Site_txt'

21-10-2025T20:39:48 - [MESSAGE][PASSED] - Keys 'BACK_SPACE + ' sent to object: 'Object Repository/FIM/Sites Page/Site Filtering/Site_txt'

21-10-2025T20:39:48 - [TEST_STEP][PASSED] - (i++): null

21-10-2025T20:39:48 - [TEST_STEP][PASSED] - sendKeys(findTestObject("FIM/Sites Page/Site Filtering/Site_txt"), Keys.chord(BACK_SPACE), STOP_ON_FAILURE): Keys 'BACK_SPACE + ' sent to object: 'Object Repository/FIM/Sites Page/Site Filtering/Site_txt'

21-10-2025T20:39:49 - [MESSAGE][PASSED] - Keys 'BACK_SPACE + ' sent to object: 'Object Repository/FIM/Sites Page/Site Filtering/Site_txt'

21-10-2025T20:39:49 - [TEST_STEP][PASSED] - (i++): null

21-10-2025T20:39:49 - [TEST_STEP][PASSED] - sendKeys(findTestObject("FIM/Sites Page/Site Filtering/Site_txt"), Keys.chord(BACK_SPACE), STOP_ON_FAILURE): Keys 'BACK_SPACE + ' sent to object: 'Object Repository/FIM/Sites Page/Site Filtering/Site_txt'

21-10-2025T20:39:49 - [MESSAGE][PASSED] - Keys 'BACK_SPACE + ' sent to object: 'Object Repository/FIM/Sites Page/Site Filtering/Site_txt'

21-10-2025T20:39:49 - [TEST_STEP][PASSED] - (i++): null

21-10-2025T20:39:49 - [TEST_STEP][PASSED] - sendKeys(findTestObject("FIM/Sites Page/Site Filtering/Site_txt"), Keys.chord(BACK_SPACE), STOP_ON_FAILURE): Keys 'BACK_SPACE + ' sent to object: 'Object Repository/FIM/Sites Page/Site Filtering/Site_txt'

21-10-2025T20:39:49 - [MESSAGE][PASSED] - Keys 'BACK_SPACE + ' sent to object: 'Object Repository/FIM/Sites Page/Site Filtering/Site_txt'

21-10-2025T20:39:49 - [TEST_STEP][PASSED] - (i++): null

21-10-2025T20:39:49 - [TEST_STEP][PASSED] - sendKeys(findTestObject("FIM/Sites Page/Site Filtering/Site_txt"), Keys.chord(BACK_SPACE), STOP_ON_FAILURE): Keys 'BACK_SPACE + ' sent to object: 'Object Repository/FIM/Sites Page/Site Filtering/Site_txt'

21-10-2025T20:39:49 - [MESSAGE][PASSED] - Keys 'BACK_SPACE + ' sent to object: 'Object Repository/FIM/Sites Page/Site Filtering/Site_txt'

21-10-2025T20:39:49 - [TEST_STEP][PASSED] - (i++): null

21-10-2025T20:39:49 - [TEST_STEP][PASSED] - sendKeys(findTestObject("FIM/Sites Page/Site Filtering/Site_txt"), Keys.chord(BACK_SPACE), STOP_ON_FAILURE): Keys 'BACK_SPACE + ' sent to object: 'Object Repository/FIM/Sites Page/Site Filtering/Site_txt'

21-10-2025T20:39:49 - [MESSAGE][PASSED] - Keys 'BACK_SPACE + ' sent to object: 'Object Repository/FIM/Sites Page/Site Filtering/Site_txt'

21-10-2025T20:39:49 - [TEST_STEP][PASSED] - (i++): null

21-10-2025T20:39:49 - [TEST_STEP][PASSED] - sendKeys(findTestObject("FIM/Sites Page/Site Filtering/Site_txt"), Keys.chord(BACK_SPACE), STOP_ON_FAILURE): Keys 'BACK_SPACE + ' sent to object: 'Object Repository/FIM/Sites Page/Site Filtering/Site_txt'

21-10-2025T20:39:49 - [MESSAGE][PASSED] - Keys 'BACK_SPACE + ' sent to object: 'Object Repository/FIM/Sites Page/Site Filtering/Site_txt'

21-10-2025T20:39:49 - [TEST_STEP][PASSED] - (i++): null

21-10-2025T20:39:49 - [TEST_STEP][PASSED] - sendKeys(findTestObject("FIM/Sites Page/Site Filtering/Site_txt"), Keys.chord(BACK_SPACE), STOP_ON_FAILURE): Keys 'BACK_SPACE + ' sent to object: 'Object Repository/FIM/Sites Page/Site Filtering/Site_txt'

21-10-2025T20:39:49 - [MESSAGE][PASSED] - Keys 'BACK_SPACE + ' sent to object: 'Object Repository/FIM/Sites Page/Site Filtering/Site_txt'

21-10-2025T20:39:49 - [TEST_STEP][PASSED] - (i++): null

21-10-2025T20:39:49 - [TEST_STEP][PASSED] - sendKeys(findTestObject("FIM/Sites Page/Site Filtering/Site_txt"), Keys.chord(BACK_SPACE), STOP_ON_FAILURE): Keys 'BACK_SPACE + ' sent to object: 'Object Repository/FIM/Sites Page/Site Filtering/Site_txt'

21-10-2025T20:39:49 - [MESSAGE][PASSED] - Keys 'BACK_SPACE + ' sent to object: 'Object Repository/FIM/Sites Page/Site Filtering/Site_txt'

21-10-2025T20:39:49 - [TEST_STEP][PASSED] - (i++): null

21-10-2025T20:39:49 - [TEST_STEP][PASSED] - sendKeys(findTestObject("FIM/Sites Page/Site Filtering/Site_txt"), Keys.chord(BACK_SPACE), STOP_ON_FAILURE): Keys 'BACK_SPACE + ' sent to object: 'Object Repository/FIM/Sites Page/Site Filtering/Site_txt'

21-10-2025T20:39:49 - [MESSAGE][PASSED] - Keys 'BACK_SPACE + ' sent to object: 'Object Repository/FIM/Sites Page/Site Filtering/Site_txt'

21-10-2025T20:39:49 - [TEST_STEP][PASSED] - (i++): null

21-10-2025T20:39:49 - [TEST_STEP][PASSED] - sendKeys(findTestObject("FIM/Sites Page/Site Filtering/Site_txt"), Keys.chord(BACK_SPACE), STOP_ON_FAILURE): Keys 'BACK_SPACE + ' sent to object: 'Object Repository/FIM/Sites Page/Site Filtering/Site_txt'

21-10-2025T20:39:49 - [MESSAGE][PASSED] - Keys 'BACK_SPACE + ' sent to object: 'Object Repository/FIM/Sites Page/Site Filtering/Site_txt'

21-10-2025T20:39:49 - [TEST_STEP][PASSED] - (i++): null

21-10-2025T20:39:49 - [TEST_STEP][PASSED] - sendKeys(findTestObject("FIM/Sites Page/Site Filtering/Site_txt"), Keys.chord(BACK_SPACE), STOP_ON_FAILURE): Keys 'BACK_SPACE + ' sent to object: 'Object Repository/FIM/Sites Page/Site Filtering/Site_txt'

21-10-2025T20:39:49 - [MESSAGE][PASSED] - Keys 'BACK_SPACE + ' sent to object: 'Object Repository/FIM/Sites Page/Site Filtering/Site_txt'

21-10-2025T20:39:49 - [TEST_STEP][PASSED] - (i++): null

21-10-2025T20:39:49 - [TEST_STEP][PASSED] - sendKeys(findTestObject("FIM/Sites Page/Site Filtering/Site_txt"), Keys.chord(BACK_SPACE), STOP_ON_FAILURE): Keys 'BACK_SPACE + ' sent to object: 'Object Repository/FIM/Sites Page/Site Filtering/Site_txt'

21-10-2025T20:39:49 - [MESSAGE][PASSED] - Keys 'BACK_SPACE + ' sent to object: 'Object Repository/FIM/Sites Page/Site Filtering/Site_txt'

21-10-2025T20:39:49 - [TEST_STEP][PASSED] - (i++): null

21-10-2025T20:39:49 - [TEST_STEP][PASSED] - sendKeys(findTestObject("FIM/Sites Page/Site Filtering/Site_txt"), Keys.chord(BACK_SPACE), STOP_ON_FAILURE): Keys 'BACK_SPACE + ' sent to object: 'Object Repository/FIM/Sites Page/Site Filtering/Site_txt'

21-10-2025T20:39:49 - [MESSAGE][PASSED] - Keys 'BACK_SPACE + ' sent to object: 'Object Repository/FIM/Sites Page/Site Filtering/Site_txt'

21-10-2025T20:39:49 - [TEST_STEP][PASSED] - (i++): null

21-10-2025T20:39:49 - [TEST_STEP][PASSED] - sendKeys(findTestObject("FIM/Sites Page/Site Filtering/Site_txt"), Keys.chord(BACK_SPACE), STOP_ON_FAILURE): Keys 'BACK_SPACE + ' sent to object: 'Object Repository/FIM/Sites Page/Site Filtering/Site_txt'

21-10-2025T20:39:49 - [MESSAGE][PASSED] - Keys 'BACK_SPACE + ' sent to object: 'Object Repository/FIM/Sites Page/Site Filtering/Site_txt'

21-10-2025T20:39:49 - [TEST_STEP][PASSED] - (i++): null

21-10-2025T20:39:49 - [TEST_STEP][PASSED] - sendKeys(findTestObject("FIM/Sites Page/Site Filtering/Site_txt"), Keys.chord(BACK_SPACE), STOP_ON_FAILURE): Keys 'BACK_SPACE + ' sent to object: 'Object Repository/FIM/Sites Page/Site Filtering/Site_txt'

21-10-2025T20:39:49 - [MESSAGE][PASSED] - Keys 'BACK_SPACE + ' sent to object: 'Object Repository/FIM/Sites Page/Site Filtering/Site_txt'

21-10-2025T20:39:49 - [TEST_STEP][PASSED] - (i++): null

21-10-2025T20:39:49 - [TEST_STEP][PASSED] - sendKeys(findTestObject("FIM/Sites Page/Site Filtering/Site_txt"), Keys.chord(BACK_SPACE), STOP_ON_FAILURE): Keys 'BACK_SPACE + ' sent to object: 'Object Repository/FIM/Sites Page/Site Filtering/Site_txt'

21-10-2025T20:39:49 - [MESSAGE][PASSED] - Keys 'BACK_SPACE + ' sent to object: 'Object Repository/FIM/Sites Page/Site Filtering/Site_txt'

21-10-2025T20:39:49 - [TEST_STEP][PASSED] - (i++): null

21-10-2025T20:39:49 - [TEST_STEP][PASSED] - sendKeys(findTestObject("FIM/Sites Page/Site Filtering/Site_txt"), Keys.chord(BACK_SPACE), STOP_ON_FAILURE): Keys 'BACK_SPACE + ' sent to object: 'Object Repository/FIM/Sites Page/Site Filtering/Site_txt'

21-10-2025T20:39:49 - [MESSAGE][PASSED] - Keys 'BACK_SPACE + ' sent to object: 'Object Repository/FIM/Sites Page/Site Filtering/Site_txt'

21-10-2025T20:39:49 - [TEST_STEP][PASSED] - (i++): null

21-10-2025T20:39:49 - [TEST_STEP][PASSED] - sendKeys(findTestObject("FIM/Sites Page/Site Filtering/Site_txt"), Keys.chord(BACK_SPACE), STOP_ON_FAILURE): Keys 'BACK_SPACE + ' sent to object: 'Object Repository/FIM/Sites Page/Site Filtering/Site_txt'

21-10-2025T20:39:49 - [MESSAGE][PASSED] - Keys 'BACK_SPACE + ' sent to object: 'Object Repository/FIM/Sites Page/Site Filtering/Site_txt'

21-10-2025T20:39:49 - [TEST_STEP][PASSED] - (i++): null

21-10-2025T20:39:49 - [TEST_STEP][PASSED] - sendKeys(findTestObject("FIM/Sites Page/Site Filtering/Site_txt"), Keys.chord(BACK_SPACE), STOP_ON_FAILURE): Keys 'BACK_SPACE + ' sent to object: 'Object Repository/FIM/Sites Page/Site Filtering/Site_txt'

21-10-2025T20:39:49 - [MESSAGE][PASSED] - Keys 'BACK_SPACE + ' sent to object: 'Object Repository/FIM/Sites Page/Site Filtering/Site_txt'

21-10-2025T20:39:49 - [TEST_STEP][PASSED] - (i++): null

21-10-2025T20:39:49 - [TEST_STEP][PASSED] - sendKeys(findTestObject("FIM/Sites Page/Site Filtering/Site_txt"), Keys.chord(BACK_SPACE), STOP_ON_FAILURE): Keys 'BACK_SPACE + ' sent to object: 'Object Repository/FIM/Sites Page/Site Filtering/Site_txt'

21-10-2025T20:39:50 - [MESSAGE][PASSED] - Keys 'BACK_SPACE + ' sent to object: 'Object Repository/FIM/Sites Page/Site Filtering/Site_txt'

21-10-2025T20:39:50 - [TEST_STEP][PASSED] - (i++): null

21-10-2025T20:39:50 - [TEST_STEP][PASSED] - sendKeys(findTestObject("FIM/Sites Page/Site Filtering/Site_txt"), Keys.chord(BACK_SPACE), STOP_ON_FAILURE): Keys 'BACK_SPACE + ' sent to object: 'Object Repository/FIM/Sites Page/Site Filtering/Site_txt'

21-10-2025T20:39:50 - [MESSAGE][PASSED] - Keys 'BACK_SPACE + ' sent to object: 'Object Repository/FIM/Sites Page/Site Filtering/Site_txt'

21-10-2025T20:39:50 - [TEST_STEP][PASSED] - (i++): null

21-10-2025T20:39:50 - [TEST_STEP][PASSED] - sendKeys(findTestObject("FIM/Sites Page/Site Filtering/Site_txt"), Keys.chord(BACK_SPACE), STOP_ON_FAILURE): Keys 'BACK_SPACE + ' sent to object: 'Object Repository/FIM/Sites Page/Site Filtering/Site_txt'

21-10-2025T20:39:50 - [MESSAGE][PASSED] - Keys 'BACK_SPACE + ' sent to object: 'Object Repository/FIM/Sites Page/Site Filtering/Site_txt'

21-10-2025T20:39:50 - [TEST_STEP][PASSED] - (i++): null

21-10-2025T20:39:50 - [TEST_STEP][PASSED] - sendKeys(findTestObject("FIM/Sites Page/Site Filtering/Site_txt"), Keys.chord(BACK_SPACE), STOP_ON_FAILURE): Keys 'BACK_SPACE + ' sent to object: 'Object Repository/FIM/Sites Page/Site Filtering/Site_txt'

21-10-2025T20:39:50 - [MESSAGE][PASSED] - Keys 'BACK_SPACE + ' sent to object: 'Object Repository/FIM/Sites Page/Site Filtering/Site_txt'

21-10-2025T20:39:50 - [TEST_STEP][PASSED] - (i++): null

21-10-2025T20:39:50 - [TEST_STEP][PASSED] - sendKeys(findTestObject("FIM/Sites Page/Site Filtering/Site_txt"), Keys.chord(BACK_SPACE), STOP_ON_FAILURE): Keys 'BACK_SPACE + ' sent to object: 'Object Repository/FIM/Sites Page/Site Filtering/Site_txt'

21-10-2025T20:39:50 - [MESSAGE][PASSED] - Keys 'BACK_SPACE + ' sent to object: 'Object Repository/FIM/Sites Page/Site Filtering/Site_txt'

21-10-2025T20:39:50 - [TEST_STEP][PASSED] - (i++): null

21-10-2025T20:39:50 - [TEST_STEP][PASSED] - sendKeys(findTestObject("FIM/Sites Page/Site Filtering/Site_txt"), Keys.chord(BACK_SPACE), STOP_ON_FAILURE): Keys 'BACK_SPACE + ' sent to object: 'Object Repository/FIM/Sites Page/Site Filtering/Site_txt'

21-10-2025T20:39:50 - [MESSAGE][PASSED] - Keys 'BACK_SPACE + ' sent to object: 'Object Repository/FIM/Sites Page/Site Filtering/Site_txt'

21-10-2025T20:39:50 - [TEST_STEP][PASSED] - (i++): null

21-10-2025T20:39:50 - [TEST_STEP][PASSED] - sendKeys(findTestObject("FIM/Sites Page/Site Filtering/Site_txt"), Keys.chord(BACK_SPACE), STOP_ON_FAILURE): Keys 'BACK_SPACE + ' sent to object: 'Object Repository/FIM/Sites Page/Site Filtering/Site_txt'

21-10-2025T20:39:50 - [MESSAGE][PASSED] - Keys 'BACK_SPACE + ' sent to object: 'Object Repository/FIM/Sites Page/Site Filtering/Site_txt'

21-10-2025T20:39:50 - [TEST_STEP][PASSED] - (i++): null

21-10-2025T20:39:50 - [TEST_STEP][PASSED] - sendKeys(findTestObject("FIM/Sites Page/Site Filtering/Site_txt"), Keys.chord(BACK_SPACE), STOP_ON_FAILURE): Keys 'BACK_SPACE + ' sent to object: 'Object Repository/FIM/Sites Page/Site Filtering/Site_txt'

21-10-2025T20:39:50 - [MESSAGE][PASSED] - Keys 'BACK_SPACE + ' sent to object: 'Object Repository/FIM/Sites Page/Site Filtering/Site_txt'

21-10-2025T20:39:50 - [TEST_STEP][PASSED] - (i++): null

21-10-2025T20:39:50 - [TEST_STEP][PASSED] - sendKeys(findTestObject("FIM/Sites Page/Site Filtering/Site_txt"), Keys.chord(BACK_SPACE), STOP_ON_FAILURE): Keys 'BACK_SPACE + ' sent to object: 'Object Repository/FIM/Sites Page/Site Filtering/Site_txt'

21-10-2025T20:39:50 - [MESSAGE][PASSED] - Keys 'BACK_SPACE + ' sent to object: 'Object Repository/FIM/Sites Page/Site Filtering/Site_txt'

21-10-2025T20:39:50 - [TEST_STEP][PASSED] - (i++): null

21-10-2025T20:39:50 - [TEST_STEP][PASSED] - sendKeys(findTestObject("FIM/Sites Page/Site Filtering/Site_txt"), Keys.chord(BACK_SPACE), STOP_ON_FAILURE): Keys 'BACK_SPACE + ' sent to object: 'Object Repository/FIM/Sites Page/Site Filtering/Site_txt'

21-10-2025T20:39:50 - [MESSAGE][PASSED] - Keys 'BACK_SPACE + ' sent to object: 'Object Repository/FIM/Sites Page/Site Filtering/Site_txt'

21-10-2025T20:39:50 - [TEST_STEP][PASSED] - (i++): null

21-10-2025T20:39:50 - [TEST_STEP][PASSED] - sendKeys(findTestObject("FIM/Sites Page/Site Filtering/Site_txt"), Keys.chord(BACK_SPACE), STOP_ON_FAILURE): Keys 'BACK_SPACE + ' sent to object: 'Object Repository/FIM/Sites Page/Site Filtering/Site_txt'

21-10-2025T20:39:50 - [MESSAGE][PASSED] - Keys 'BACK_SPACE + ' sent to object: 'Object Repository/FIM/Sites Page/Site Filtering/Site_txt'

21-10-2025T20:39:50 - [TEST_STEP][PASSED] - (i++): null

21-10-2025T20:39:50 - [TEST_STEP][PASSED] - sendKeys(findTestObject("FIM/Sites Page/Site Filtering/Site_txt"), Keys.chord(BACK_SPACE), STOP_ON_FAILURE): Keys 'BACK_SPACE + ' sent to object: 'Object Repository/FIM/Sites Page/Site Filtering/Site_txt'

21-10-2025T20:39:50 - [MESSAGE][PASSED] - Keys 'BACK_SPACE + ' sent to object: 'Object Repository/FIM/Sites Page/Site Filtering/Site_txt'

21-10-2025T20:39:50 - [TEST_STEP][PASSED] - (i++): null

21-10-2025T20:39:50 - [TEST_STEP][PASSED] - sendKeys(findTestObject("FIM/Sites Page/Site Filtering/Site_txt"), Keys.chord(BACK_SPACE), STOP_ON_FAILURE): Keys 'BACK_SPACE + ' sent to object: 'Object Repository/FIM/Sites Page/Site Filtering/Site_txt'

21-10-2025T20:39:50 - [MESSAGE][PASSED] - Keys 'BACK_SPACE + ' sent to object: 'Object Repository/FIM/Sites Page/Site Filtering/Site_txt'

21-10-2025T20:39:50 - [TEST_STEP][PASSED] - (i++): null

21-10-2025T20:39:50 - [TEST_STEP][PASSED] - sendKeys(findTestObject("FIM/Sites Page/Site Filtering/Site_txt"), Keys.chord(BACK_SPACE), STOP_ON_FAILURE): Keys 'BACK_SPACE + ' sent to object: 'Object Repository/FIM/Sites Page/Site Filtering/Site_txt'

21-10-2025T20:39:50 - [MESSAGE][PASSED] - Keys 'BACK_SPACE + ' sent to object: 'Object Repository/FIM/Sites Page/Site Filtering/Site_txt'

21-10-2025T20:39:50 - [TEST_STEP][PASSED] - (i++): null

21-10-2025T20:39:50 - [TEST_STEP][PASSED] - sendKeys(findTestObject("FIM/Sites Page/Site Filtering/Site_txt"), Keys.chord(BACK_SPACE), STOP_ON_FAILURE): Keys 'BACK_SPACE + ' sent to object: 'Object Repository/FIM/Sites Page/Site Filtering/Site_txt'

21-10-2025T20:39:50 - [MESSAGE][PASSED] - Keys 'BACK_SPACE + ' sent to object: 'Object Repository/FIM/Sites Page/Site Filtering/Site_txt'

21-10-2025T20:39:50 - [TEST_STEP][PASSED] - (i++): null

21-10-2025T20:39:50 - [TEST_STEP][PASSED] - sendKeys(findTestObject("FIM/Sites Page/Site Filtering/Site_txt"), Keys.chord(BACK_SPACE), STOP_ON_FAILURE): Keys 'BACK_SPACE + ' sent to object: 'Object Repository/FIM/Sites Page/Site Filtering/Site_txt'

21-10-2025T20:39:50 - [MESSAGE][PASSED] - Keys 'BACK_SPACE + ' sent to object: 'Object Repository/FIM/Sites Page/Site Filtering/Site_txt'

21-10-2025T20:39:50 - [TEST_STEP][PASSED] - (i++): null

21-10-2025T20:39:50 - [TEST_STEP][PASSED] - sendKeys(findTestObject("FIM/Sites Page/Site Filtering/Site_txt"), Keys.chord(BACK_SPACE), STOP_ON_FAILURE): Keys 'BACK_SPACE + ' sent to object: 'Object Repository/FIM/Sites Page/Site Filtering/Site_txt'

21-10-2025T20:39:50 - [MESSAGE][PASSED] - Keys 'BACK_SPACE + ' sent to object: 'Object Repository/FIM/Sites Page/Site Filtering/Site_txt'

21-10-2025T20:39:50 - [TEST_STEP][PASSED] - (i++): null

21-10-2025T20:39:50 - [TEST_STEP][PASSED] - sendKeys(findTestObject("FIM/Sites Page/Site Filtering/Site_txt"), Keys.chord(BACK_SPACE), STOP_ON_FAILURE): Keys 'BACK_SPACE + ' sent to object: 'Object Repository/FIM/Sites Page/Site Filtering/Site_txt'

21-10-2025T20:39:50 - [MESSAGE][PASSED] - Keys 'BACK_SPACE + ' sent to object: 'Object Repository/FIM/Sites Page/Site Filtering/Site_txt'

21-10-2025T20:39:50 - [TEST_STEP][PASSED] - (i++): null

21-10-2025T20:39:50 - [TEST_STEP][PASSED] - sendKeys(findTestObject("FIM/Sites Page/Site Filtering/Site_txt"), Keys.chord(BACK_SPACE), STOP_ON_FAILURE): Keys 'BACK_SPACE + ' sent to object: 'Object Repository/FIM/Sites Page/Site Filtering/Site_txt'

21-10-2025T20:39:50 - [MESSAGE][PASSED] - Keys 'BACK_SPACE + ' sent to object: 'Object Repository/FIM/Sites Page/Site Filtering/Site_txt'

21-10-2025T20:39:50 - [TEST_STEP][PASSED] - (i++): null

21-10-2025T20:39:50 - [TEST_STEP][PASSED] - sendKeys(findTestObject("FIM/Sites Page/Site Filtering/Site_txt"), Keys.chord(BACK_SPACE), STOP_ON_FAILURE): Keys 'BACK_SPACE + ' sent to object: 'Object Repository/FIM/Sites Page/Site Filtering/Site_txt'

21-10-2025T20:39:50 - [MESSAGE][PASSED] - Keys 'BACK_SPACE + ' sent to object: 'Object Repository/FIM/Sites Page/Site Filtering/Site_txt'

21-10-2025T20:39:50 - [TEST_STEP][PASSED] - (i++): null

21-10-2025T20:39:50 - [TEST_STEP][PASSED] - sendKeys(findTestObject("FIM/Sites Page/Site Filtering/Site_txt"), Keys.chord(BACK_SPACE), STOP_ON_FAILURE): Keys 'BACK_SPACE + ' sent to object: 'Object Repository/FIM/Sites Page/Site Filtering/Site_txt'

21-10-2025T20:39:51 - [MESSAGE][PASSED] - Keys 'BACK_SPACE + ' sent to object: 'Object Repository/FIM/Sites Page/Site Filtering/Site_txt'

21-10-2025T20:39:51 - [TEST_STEP][PASSED] - (i++): null

21-10-2025T20:39:51 - [TEST_STEP][PASSED] - sendKeys(findTestObject("FIM/Sites Page/Site Filtering/Site_txt"), Keys.chord(BACK_SPACE), STOP_ON_FAILURE): Keys 'BACK_SPACE + ' sent to object: 'Object Repository/FIM/Sites Page/Site Filtering/Site_txt'

21-10-2025T20:39:51 - [MESSAGE][PASSED] - Keys 'BACK_SPACE + ' sent to object: 'Object Repository/FIM/Sites Page/Site Filtering/Site_txt'

21-10-2025T20:39:51 - [TEST_STEP][PASSED] - (i++): null

21-10-2025T20:39:51 - [TEST_STEP][PASSED] - sendKeys(findTestObject("FIM/Sites Page/Site Filtering/Site_txt"), Keys.chord(BACK_SPACE), STOP_ON_FAILURE): Keys 'BACK_SPACE + ' sent to object: 'Object Repository/FIM/Sites Page/Site Filtering/Site_txt'

21-10-2025T20:39:51 - [MESSAGE][PASSED] - Keys 'BACK_SPACE + ' sent to object: 'Object Repository/FIM/Sites Page/Site Filtering/Site_txt'

21-10-2025T20:39:51 - [TEST_STEP][PASSED] - (i++): null

21-10-2025T20:39:51 - [TEST_STEP][PASSED] - sendKeys(findTestObject("FIM/Sites Page/Site Filtering/Site_txt"), Keys.chord(BACK_SPACE), STOP_ON_FAILURE): Keys 'BACK_SPACE + ' sent to object: 'Object Repository/FIM/Sites Page/Site Filtering/Site_txt'

21-10-2025T20:39:51 - [MESSAGE][PASSED] - Keys 'BACK_SPACE + ' sent to object: 'Object Repository/FIM/Sites Page/Site Filtering/Site_txt'

21-10-2025T20:39:51 - [TEST_STEP][PASSED] - (i++): null

21-10-2025T20:39:51 - [TEST_STEP][PASSED] - sendKeys(findTestObject("FIM/Sites Page/Site Filtering/Site_txt"), Keys.chord(BACK_SPACE), STOP_ON_FAILURE): Keys 'BACK_SPACE + ' sent to object: 'Object Repository/FIM/Sites Page/Site Filtering/Site_txt'

21-10-2025T20:39:51 - [MESSAGE][PASSED] - Keys 'BACK_SPACE + ' sent to object: 'Object Repository/FIM/Sites Page/Site Filtering/Site_txt'

21-10-2025T20:39:51 - [TEST_STEP][PASSED] - (i++): null

21-10-2025T20:39:51 - [TEST_STEP][PASSED] - sendKeys(findTestObject("FIM/Sites Page/Site Filtering/Site_txt"), Keys.chord(BACK_SPACE), STOP_ON_FAILURE): Keys 'BACK_SPACE + ' sent to object: 'Object Repository/FIM/Sites Page/Site Filtering/Site_txt'

21-10-2025T20:39:51 - [MESSAGE][PASSED] - Keys 'BACK_SPACE + ' sent to object: 'Object Repository/FIM/Sites Page/Site Filtering/Site_txt'

21-10-2025T20:39:51 - [TEST_STEP][PASSED] - (i++): null

21-10-2025T20:39:51 - [TEST_STEP][PASSED] - sendKeys(findTestObject("FIM/Sites Page/Site Filtering/Site_txt"), Keys.chord(BACK_SPACE), STOP_ON_FAILURE): Keys 'BACK_SPACE + ' sent to object: 'Object Repository/FIM/Sites Page/Site Filtering/Site_txt'

21-10-2025T20:39:51 - [MESSAGE][PASSED] - Keys 'BACK_SPACE + ' sent to object: 'Object Repository/FIM/Sites Page/Site Filtering/Site_txt'

21-10-2025T20:39:51 - [TEST_STEP][PASSED] - (i++): null

21-10-2025T20:39:51 - [TEST_STEP][PASSED] - sendKeys(findTestObject("FIM/Sites Page/Site Filtering/Site_txt"), Keys.chord(BACK_SPACE), STOP_ON_FAILURE): Keys 'BACK_SPACE + ' sent to object: 'Object Repository/FIM/Sites Page/Site Filtering/Site_txt'

21-10-2025T20:39:51 - [MESSAGE][PASSED] - Keys 'BACK_SPACE + ' sent to object: 'Object Repository/FIM/Sites Page/Site Filtering/Site_txt'

21-10-2025T20:39:51 - [TEST_STEP][PASSED] - (i++): null

21-10-2025T20:39:51 - [TEST_STEP][PASSED] - sendKeys(findTestObject("FIM/Sites Page/Site Filtering/Site_txt"), Keys.chord(BACK_SPACE), STOP_ON_FAILURE): Keys 'BACK_SPACE + ' sent to object: 'Object Repository/FIM/Sites Page/Site Filtering/Site_txt'

21-10-2025T20:39:51 - [MESSAGE][PASSED] - Keys 'BACK_SPACE + ' sent to object: 'Object Repository/FIM/Sites Page/Site Filtering/Site_txt'

21-10-2025T20:39:51 - [TEST_STEP][PASSED] - (i++): null

21-10-2025T20:39:51 - [TEST_STEP][PASSED] - sendKeys(findTestObject("FIM/Sites Page/Site Filtering/Site_txt"), Keys.chord(BACK_SPACE), STOP_ON_FAILURE): Keys 'BACK_SPACE + ' sent to object: 'Object Repository/FIM/Sites Page/Site Filtering/Site_txt'

21-10-2025T20:39:51 - [MESSAGE][PASSED] - Keys 'BACK_SPACE + ' sent to object: 'Object Repository/FIM/Sites Page/Site Filtering/Site_txt'

21-10-2025T20:39:51 - [TEST_STEP][PASSED] - (i++): null

21-10-2025T20:39:51 - [TEST_STEP][PASSED] - sendKeys(findTestObject("FIM/Sites Page/Site Filtering/Site_txt"), Keys.chord(BACK_SPACE), STOP_ON_FAILURE): Keys 'BACK_SPACE + ' sent to object: 'Object Repository/FIM/Sites Page/Site Filtering/Site_txt'

21-10-2025T20:39:51 - [MESSAGE][PASSED] - Keys 'BACK_SPACE + ' sent to object: 'Object Repository/FIM/Sites Page/Site Filtering/Site_txt'

21-10-2025T20:39:51 - [TEST_STEP][PASSED] - (i++): null

21-10-2025T20:39:51 - [TEST_STEP][PASSED] - sendKeys(findTestObject("FIM/Sites Page/Site Filtering/Site_txt"), Keys.chord(BACK_SPACE), STOP_ON_FAILURE): Keys 'BACK_SPACE + ' sent to object: 'Object Repository/FIM/Sites Page/Site Filtering/Site_txt'

21-10-2025T20:39:51 - [MESSAGE][PASSED] - Keys 'BACK_SPACE + ' sent to object: 'Object Repository/FIM/Sites Page/Site Filtering/Site_txt'

21-10-2025T20:39:51 - [TEST_STEP][PASSED] - (i++): null

21-10-2025T20:39:51 - [TEST_STEP][PASSED] - sendKeys(findTestObject("FIM/Sites Page/Site Filtering/Site_txt"), Keys.chord(BACK_SPACE), STOP_ON_FAILURE): Keys 'BACK_SPACE + ' sent to object: 'Object Repository/FIM/Sites Page/Site Filtering/Site_txt'

21-10-2025T20:39:51 - [MESSAGE][PASSED] - Keys 'BACK_SPACE + ' sent to object: 'Object Repository/FIM/Sites Page/Site Filtering/Site_txt'

21-10-2025T20:39:51 - [TEST_STEP][PASSED] - (i++): null

21-10-2025T20:39:51 - [TEST_STEP][PASSED] - sendKeys(findTestObject("FIM/Sites Page/Site Filtering/Site_txt"), Keys.chord(BACK_SPACE), STOP_ON_FAILURE): Keys 'BACK_SPACE + ' sent to object: 'Object Repository/FIM/Sites Page/Site Filtering/Site_txt'

21-10-2025T20:39:51 - [MESSAGE][PASSED] - Keys 'BACK_SPACE + ' sent to object: 'Object Repository/FIM/Sites Page/Site Filtering/Site_txt'

21-10-2025T20:39:51 - [TEST_STEP][PASSED] - (i++): null

21-10-2025T20:39:51 - [TEST_STEP][PASSED] - sendKeys(findTestObject("FIM/Sites Page/Site Filtering/Site_txt"), Keys.chord(BACK_SPACE), STOP_ON_FAILURE): Keys 'BACK_SPACE + ' sent to object: 'Object Repository/FIM/Sites Page/Site Filtering/Site_txt'

21-10-2025T20:39:51 - [MESSAGE][PASSED] - Keys 'BACK_SPACE + ' sent to object: 'Object Repository/FIM/Sites Page/Site Filtering/Site_txt'

21-10-2025T20:39:51 - [TEST_STEP][PASSED] - (i++): null

21-10-2025T20:39:51 - [TEST_STEP][PASSED] - sendKeys(findTestObject("FIM/Sites Page/Site Filtering/Site_txt"), Keys.chord(BACK_SPACE), STOP_ON_FAILURE): Keys 'BACK_SPACE + ' sent to object: 'Object Repository/FIM/Sites Page/Site Filtering/Site_txt'

21-10-2025T20:39:51 - [MESSAGE][PASSED] - Keys 'BACK_SPACE + ' sent to object: 'Object Repository/FIM/Sites Page/Site Filtering/Site_txt'

21-10-2025T20:39:51 - [TEST_STEP][PASSED] - (i++): null

21-10-2025T20:39:51 - [TEST_STEP][PASSED] - sendKeys(findTestObject("FIM/Sites Page/Site Filtering/Site_txt"), Keys.chord(BACK_SPACE), STOP_ON_FAILURE): Keys 'BACK_SPACE + ' sent to object: 'Object Repository/FIM/Sites Page/Site Filtering/Site_txt'

21-10-2025T20:39:51 - [MESSAGE][PASSED] - Keys 'BACK_SPACE + ' sent to object: 'Object Repository/FIM/Sites Page/Site Filtering/Site_txt'

21-10-2025T20:39:51 - [TEST_STEP][PASSED] - (i++): null

21-10-2025T20:39:51 - [TEST_STEP][PASSED] - sendKeys(findTestObject("FIM/Sites Page/Site Filtering/Site_txt"), "TURK132 - 798 North", STOP_ON_FAILURE): Keys 'TURK132 - 798 North' sent to object: 'Object Repository/FIM/Sites Page/Site Filtering/Site_txt'

21-10-2025T20:39:52 - [MESSAGE][PASSED] - Keys 'TURK132 - 798 North' sent to object: 'Object Repository/FIM/Sites Page/Site Filtering/Site_txt'

21-10-2025T20:39:52 - [TEST_STEP][PASSED] - sendKeys(findTestObject("FIM/Sites Page/Site Filtering/Site_txt"), Keys.chord(ENTER), STOP_ON_FAILURE): Keys 'ENTER + ' sent to object: 'Object Repository/FIM/Sites Page/Site Filtering/Site_txt'

21-10-2025T20:39:52 - [MESSAGE][PASSED] - Keys 'ENTER + ' sent to object: 'Object Repository/FIM/Sites Page/Site Filtering/Site_txt'

21-10-2025T20:39:52 - [TEST_STEP][PASSED] - waitForElementClickable(findTestObject("FIM/Sites Page/Orders/Review New Orders/Review New Orders_btn"), 300): Object 'Object Repository/FIM/Sites Page/Orders/Review New Orders/Review New Orders_btn' is clickable

21-10-2025T20:39:52 - [MESSAGE][PASSED] - Object 'Object Repository/FIM/Sites Page/Orders/Review New Orders/Review New Orders_btn' is clickable

21-10-2025T20:39:52 - [TEST_STEP][PASSED] - click(findTestObject("FIM/Sites Page/Orders/Review New Orders/Review New Orders_btn")): Object: 'Object Repository/FIM/Sites Page/Orders/Review New Orders/Review New Orders_btn' is clicked on

21-10-2025T20:39:54 - [MESSAGE][PASSED] - Object: 'Object Repository/FIM/Sites Page/Orders/Review New Orders/Review New Orders_btn' is clicked on

21-10-2025T20:39:54 - [TEST_STEP][PASSED] - delay(1): Delayed 1 second(s)

21-10-2025T20:39:55 - [MESSAGE][PASSED] - Delayed 1 second(s)

21-10-2025T20:39:55 - [TEST_STEP][PASSED] - if (verifyTextPresent("There are no Orders to review", false, OPTIONAL) == true): Text 'There are no Orders to review' is not present on page  (Root cause: com.kms.katalon.core.exception.StepFailedException: Text 'There are no Orders to review' is not present on page 
	at com.kms.katalon.core.webui.keyword.internal.WebUIKeywordMain.stepFailed(WebUIKeywordMain.groovy:117)
	at com.kms.katalon.core.webui.keyword.builtin.VerifyTextPresentKeyword$_verifyTextPresent_closure1.doCall(VerifyTextPresentKeyword.groovy:79)
	at com.kms.katalon.core.webui.keyword.builtin.VerifyTextPresentKeyword$_verifyTextPresent_closure1.call(VerifyTextPresentKeyword.groovy)
	at com.kms.katalon.core.webui.keyword.internal.WebUIKeywordMain.runKeyword(WebUIKeywordMain.groovy:35)
	at com.kms.katalon.core.webui.keyword.builtin.VerifyTextPresentKeyword.verifyTextPresent(VerifyTextPresentKeyword.groovy:83)
	at com.kms.katalon.core.webui.keyword.builtin.VerifyTextPresentKeyword.execute(VerifyTextPresentKeyword.groovy:68)
	at com.kms.katalon.core.keyword.internal.KeywordExecutor.executeKeywordForPlatform(KeywordExecutor.groovy:74)
	at com.kms.katalon.core.webui.keyword.WebUiBuiltInKeywords.verifyTextPresent(WebUiBuiltInKeywords.groovy:1746)
	at com.kms.katalon.core.webui.keyword.WebUiBuiltInKeywords$verifyTextPresent$16.call(Unknown Source)
	at Cancelling Updating an Order.run(Cancelling Updating an Order:58)
	at com.kms.katalon.core.main.ScriptEngine.run(ScriptEngine.java:194)
	at com.kms.katalon.core.main.ScriptEngine.runScriptAsRawText(ScriptEngine.java:119)
	at com.kms.katalon.core.main.TestCaseExecutor.runScript(TestCaseExecutor.java:448)
	at com.kms.katalon.core.main.TestCaseExecutor.doExecute(TestCaseExecutor.java:439)
	at com.kms.katalon.core.main.TestCaseExecutor.processExecutionPhase(TestCaseExecutor.java:418)
	at com.kms.katalon.core.main.TestCaseExecutor.accessMainPhase(TestCaseExecutor.java:410)
	at com.kms.katalon.core.main.TestCaseExecutor.execute(TestCaseExecutor.java:285)
	at com.kms.katalon.core.common.CommonExecutor.accessTestCaseMainPhase(CommonExecutor.java:65)
	at com.kms.katalon.core.main.TestSuiteExecutor.accessTestSuiteMainPhase(TestSuiteExecutor.java:150)
	at com.kms.katalon.core.main.TestSuiteExecutor.execute(TestSuiteExecutor.java:106)
	at com.kms.katalon.core.main.TestCaseMain.startTestSuite(TestCaseMain.java:180)
	at com.kms.katalon.core.main.TestCaseMain$startTestSuite$0.call(Unknown Source)
	at TempTestSuite1761090769781.run(TempTestSuite1761090769781.groovy:35)
	at java.base/jdk.internal.reflect.NativeMethodAccessorImpl.invoke0(Native Method)
	at java.base/jdk.internal.reflect.NativeMethodAccessorImpl.invoke(NativeMethodAccessorImpl.java:77)
	at java.base/jdk.internal.reflect.DelegatingMethodAccessorImpl.invoke(DelegatingMethodAccessorImpl.java:43)
)

21-10-2025T20:39:56 - [MESSAGE][WARNING] - Text 'There are no Orders to review' is not present on page  (Root cause: com.kms.katalon.core.exception.StepFailedException: Text 'There are no Orders to review' is not present on page 
	at com.kms.katalon.core.webui.keyword.internal.WebUIKeywordMain.stepFailed(WebUIKeywordMain.groovy:117)
	at com.kms.katalon.core.webui.keyword.builtin.VerifyTextPresentKeyword$_verifyTextPresent_closure1.doCall(VerifyTextPresentKeyword.groovy:79)
	at com.kms.katalon.core.webui.keyword.builtin.VerifyTextPresentKeyword$_verifyTextPresent_closure1.call(VerifyTextPresentKeyword.groovy)
	at com.kms.katalon.core.webui.keyword.internal.WebUIKeywordMain.runKeyword(WebUIKeywordMain.groovy:35)
	at com.kms.katalon.core.webui.keyword.builtin.VerifyTextPresentKeyword.verifyTextPresent(VerifyTextPresentKeyword.groovy:83)
	at com.kms.katalon.core.webui.keyword.builtin.VerifyTextPresentKeyword.execute(VerifyTextPresentKeyword.groovy:68)
	at com.kms.katalon.core.keyword.internal.KeywordExecutor.executeKeywordForPlatform(KeywordExecutor.groovy:74)
	at com.kms.katalon.core.webui.keyword.WebUiBuiltInKeywords.verifyTextPresent(WebUiBuiltInKeywords.groovy:1746)
	at com.kms.katalon.core.webui.keyword.WebUiBuiltInKeywords$verifyTextPresent$16.call(Unknown Source)
	at Cancelling Updating an Order.run(Cancelling Updating an Order:58)
	at com.kms.katalon.core.main.ScriptEngine.run(ScriptEngine.java:194)
	at com.kms.katalon.core.main.ScriptEngine.runScriptAsRawText(ScriptEngine.java:119)
	at com.kms.katalon.core.main.TestCaseExecutor.runScript(TestCaseExecutor.java:448)
	at com.kms.katalon.core.main.TestCaseExecutor.doExecute(TestCaseExecutor.java:439)
	at com.kms.katalon.core.main.TestCaseExecutor.processExecutionPhase(TestCaseExecutor.java:418)
	at com.kms.katalon.core.main.TestCaseExecutor.accessMainPhase(TestCaseExecutor.java:410)
	at com.kms.katalon.core.main.TestCaseExecutor.execute(TestCaseExecutor.java:285)
	at com.kms.katalon.core.common.CommonExecutor.accessTestCaseMainPhase(CommonExecutor.java:65)
	at com.kms.katalon.core.main.TestSuiteExecutor.accessTestSuiteMainPhase(TestSuiteExecutor.java:150)
	at com.kms.katalon.core.main.TestSuiteExecutor.execute(TestSuiteExecutor.java:106)
	at com.kms.katalon.core.main.TestCaseMain.startTestSuite(TestCaseMain.java:180)
	at com.kms.katalon.core.main.TestCaseMain$startTestSuite$0.call(Unknown Source)
	at TempTestSuite1761090769781.run(TempTestSuite1761090769781.groovy:35)
	at java.base/jdk.internal.reflect.NativeMethodAccessorImpl.invoke0(Native Method)
	at java.base/jdk.internal.reflect.NativeMethodAccessorImpl.invoke(NativeMethodAccessorImpl.java:77)
	at java.base/jdk.internal.reflect.DelegatingMethodAccessorImpl.invoke(DelegatingMethodAccessorImpl.java:43)
)

21-10-2025T20:39:56 - [TEST_STEP][FAILED] - else: Unable to clear text of object 'Object Repository/FIM/Sites Page/Orders/Review New Orders/Edit Order/10UNL_txt' (Root cause: com.kms.katalon.core.exception.StepFailedException: Unable to clear text of object 'Object Repository/FIM/Sites Page/Orders/Review New Orders/Edit Order/10UNL_txt'
	at com.kms.katalon.core.webui.keyword.internal.WebUIKeywordMain.stepFailed(WebUIKeywordMain.groovy:117)
	at com.kms.katalon.core.webui.keyword.internal.WebUIKeywordMain.runKeyword(WebUIKeywordMain.groovy:78)
	at com.kms.katalon.core.webui.keyword.builtin.ClearTextKeyword.clearText(ClearTextKeyword.groovy:61)
	at com.kms.katalon.core.webui.keyword.builtin.ClearTextKeyword.execute(ClearTextKeyword.groovy:35)
	at com.kms.katalon.core.keyword.internal.KeywordExecutor.executeKeywordForPlatform(KeywordExecutor.groovy:74)
	at com.kms.katalon.core.webui.keyword.WebUiBuiltInKeywords.clearText(WebUiBuiltInKeywords.groovy:4989)
	at com.kms.katalon.core.webui.keyword.WebUiBuiltInKeywords$clearText$10.call(Unknown Source)
	at Cancelling Updating an Order.run(Cancelling Updating an Order:64)
	at com.kms.katalon.core.main.ScriptEngine.run(ScriptEngine.java:194)
	at com.kms.katalon.core.main.ScriptEngine.runScriptAsRawText(ScriptEngine.java:119)
	at com.kms.katalon.core.main.TestCaseExecutor.runScript(TestCaseExecutor.java:448)
	at com.kms.katalon.core.main.TestCaseExecutor.doExecute(TestCaseExecutor.java:439)
	at com.kms.katalon.core.main.TestCaseExecutor.processExecutionPhase(TestCaseExecutor.java:418)
	at com.kms.katalon.core.main.TestCaseExecutor.accessMainPhase(TestCaseExecutor.java:410)
	at com.kms.katalon.core.main.TestCaseExecutor.execute(TestCaseExecutor.java:285)
	at com.kms.katalon.core.common.CommonExecutor.accessTestCaseMainPhase(CommonExecutor.java:65)
	at com.kms.katalon.core.main.TestSuiteExecutor.accessTestSuiteMainPhase(TestSuiteExecutor.java:150)
	at com.kms.katalon.core.main.TestSuiteExecutor.execute(TestSuiteExecutor.java:106)
	at com.kms.katalon.core.main.TestCaseMain.startTestSuite(TestCaseMain.java:180)
	at com.kms.katalon.core.main.TestCaseMain$startTestSuite$0.call(Unknown Source)
	at TempTestSuite1761090769781.run(TempTestSuite1761090769781.groovy:35)
	at java.base/jdk.internal.reflect.NativeMethodAccessorImpl.invoke0(Native Method)
	at java.base/jdk.internal.reflect.NativeMethodAccessorImpl.invoke(NativeMethodAccessorImpl.java:77)
	at java.base/jdk.internal.reflect.DelegatingMethodAccessorImpl.invoke(DelegatingMethodAccessorImpl.java:43)
Caused by: com.kms.katalon.core.webui.exception.WebElementNotFoundException: Web element with id: 'Object Repository/FIM/Sites Page/Orders/Review New Orders/Edit Order/10UNL_txt' located by '//*[@id="order-10UNL"]' not found
	at com.kms.katalon.core.webui.common.WebUiCommonHelper.findWebElement(WebUiCommonHelper.java:1423)
	at com.kms.katalon.core.webui.keyword.internal.WebUIAbstractKeyword.findWebElement(WebUIAbstractKeyword.groovy:27)
	at com.kms.katalon.core.webui.keyword.internal.WebUIAbstractKeyword.findWebElement(WebUIAbstractKeyword.groovy:26)
	at com.kms.katalon.core.webui.keyword.builtin.ClearTextKeyword$_clearText_closure1.doCall(ClearTextKeyword.groovy:45)
	at com.kms.katalon.core.webui.keyword.builtin.ClearTextKeyword$_clearText_closure1.call(ClearTextKeyword.groovy)
	at com.kms.katalon.core.webui.keyword.internal.WebUIKeywordMain.runKeyword(WebUIKeywordMain.groovy:67)
	at com.kms.katalon.core.webui.keyword.builtin.ClearTextKeyword.clearText(ClearTextKeyword.groovy:61)
	at com.kms.katalon.core.webui.keyword.builtin.ClearTextKeyword.execute(ClearTextKeyword.groovy:35)
	at com.kms.katalon.core.keyword.internal.KeywordExecutor.executeKeywordForPlatform(KeywordExecutor.groovy:74)
	at com.kms.katalon.core.webui.keyword.WebUiBuiltInKeywords.clearText(WebUiBuiltInKeywords.groovy:4989)
	at com.kms.katalon.core.webui.keyword.WebUiBuiltInKeywords$clearText$10.call(Unknown Source)
	at Script1704216125851.run(Script1704216125851.groovy:64)
	... 16 more
)

21-10-2025T20:39:56 - [TEST_STEP][PASSED] - click(findTestObject("FIM/Sites Page/Orders/Review New Orders/Edit Order/1st Edit New Orders_btn")): Object: 'Object Repository/FIM/Sites Page/Orders/Review New Orders/Edit Order/1st Edit New Orders_btn' is clicked on

21-10-2025T20:39:56 - [MESSAGE][PASSED] - Object: 'Object Repository/FIM/Sites Page/Orders/Review New Orders/Edit Order/1st Edit New Orders_btn' is clicked on

21-10-2025T20:39:56 - [TEST_STEP][FAILED] - clearText(findTestObject("FIM/Sites Page/Orders/Review New Orders/Edit Order/10UNL_txt")): Unable to clear text of object 'Object Repository/FIM/Sites Page/Orders/Review New Orders/Edit Order/10UNL_txt' (Root cause: com.kms.katalon.core.exception.StepFailedException: Unable to clear text of object 'Object Repository/FIM/Sites Page/Orders/Review New Orders/Edit Order/10UNL_txt'
	at com.kms.katalon.core.webui.keyword.internal.WebUIKeywordMain.stepFailed(WebUIKeywordMain.groovy:117)
	at com.kms.katalon.core.webui.keyword.internal.WebUIKeywordMain.runKeyword(WebUIKeywordMain.groovy:78)
	at com.kms.katalon.core.webui.keyword.builtin.ClearTextKeyword.clearText(ClearTextKeyword.groovy:61)
	at com.kms.katalon.core.webui.keyword.builtin.ClearTextKeyword.execute(ClearTextKeyword.groovy:35)
	at com.kms.katalon.core.keyword.internal.KeywordExecutor.executeKeywordForPlatform(KeywordExecutor.groovy:74)
	at com.kms.katalon.core.webui.keyword.WebUiBuiltInKeywords.clearText(WebUiBuiltInKeywords.groovy:4989)
	at com.kms.katalon.core.webui.keyword.WebUiBuiltInKeywords$clearText$10.call(Unknown Source)
	at Cancelling Updating an Order.run(Cancelling Updating an Order:64)
	at com.kms.katalon.core.main.ScriptEngine.run(ScriptEngine.java:194)
	at com.kms.katalon.core.main.ScriptEngine.runScriptAsRawText(ScriptEngine.java:119)
	at com.kms.katalon.core.main.TestCaseExecutor.runScript(TestCaseExecutor.java:448)
	at com.kms.katalon.core.main.TestCaseExecutor.doExecute(TestCaseExecutor.java:439)
	at com.kms.katalon.core.main.TestCaseExecutor.processExecutionPhase(TestCaseExecutor.java:418)
	at com.kms.katalon.core.main.TestCaseExecutor.accessMainPhase(TestCaseExecutor.java:410)
	at com.kms.katalon.core.main.TestCaseExecutor.execute(TestCaseExecutor.java:285)
	at com.kms.katalon.core.common.CommonExecutor.accessTestCaseMainPhase(CommonExecutor.java:65)
	at com.kms.katalon.core.main.TestSuiteExecutor.accessTestSuiteMainPhase(TestSuiteExecutor.java:150)
	at com.kms.katalon.core.main.TestSuiteExecutor.execute(TestSuiteExecutor.java:106)
	at com.kms.katalon.core.main.TestCaseMain.startTestSuite(TestCaseMain.java:180)
	at com.kms.katalon.core.main.TestCaseMain$startTestSuite$0.call(Unknown Source)
	at TempTestSuite1761090769781.run(TempTestSuite1761090769781.groovy:35)
	at java.base/jdk.internal.reflect.NativeMethodAccessorImpl.invoke0(Native Method)
	at java.base/jdk.internal.reflect.NativeMethodAccessorImpl.invoke(NativeMethodAccessorImpl.java:77)
	at java.base/jdk.internal.reflect.DelegatingMethodAccessorImpl.invoke(DelegatingMethodAccessorImpl.java:43)
Caused by: com.kms.katalon.core.webui.exception.WebElementNotFoundException: Web element with id: 'Object Repository/FIM/Sites Page/Orders/Review New Orders/Edit Order/10UNL_txt' located by '//*[@id="order-10UNL"]' not found
	at com.kms.katalon.core.webui.common.WebUiCommonHelper.findWebElement(WebUiCommonHelper.java:1423)
	at com.kms.katalon.core.webui.keyword.internal.WebUIAbstractKeyword.findWebElement(WebUIAbstractKeyword.groovy:27)
	at com.kms.katalon.core.webui.keyword.internal.WebUIAbstractKeyword.findWebElement(WebUIAbstractKeyword.groovy:26)
	at com.kms.katalon.core.webui.keyword.builtin.ClearTextKeyword$_clearText_closure1.doCall(ClearTextKeyword.groovy:45)
	at com.kms.katalon.core.webui.keyword.builtin.ClearTextKeyword$_clearText_closure1.call(ClearTextKeyword.groovy)
	at com.kms.katalon.core.webui.keyword.internal.WebUIKeywordMain.runKeyword(WebUIKeywordMain.groovy:67)
	at com.kms.katalon.core.webui.keyword.builtin.ClearTextKeyword.clearText(ClearTextKeyword.groovy:61)
	at com.kms.katalon.core.webui.keyword.builtin.ClearTextKeyword.execute(ClearTextKeyword.groovy:35)
	at com.kms.katalon.core.keyword.internal.KeywordExecutor.executeKeywordForPlatform(KeywordExecutor.groovy:74)
	at com.kms.katalon.core.webui.keyword.WebUiBuiltInKeywords.clearText(WebUiBuiltInKeywords.groovy:4989)
	at com.kms.katalon.core.webui.keyword.WebUiBuiltInKeywords$clearText$10.call(Unknown Source)
	at Script1704216125851.run(Script1704216125851.groovy:64)
	... 16 more
)

21-10-2025T20:40:12 - [MESSAGE][INFO] - Unable to find the element located by 'By.xpath: //*[@id="order-10UNL"]'. Please recheck the objects properties to make sure the desired element is located. 

21-10-2025T20:40:12 - [MESSAGE][WARNING] - [SELF-HEALING] Failed to find element with id 'Object Repository/FIM/Sites Page/Orders/Review New Orders/Edit Order/10UNL_txt'. Try using Self-healing.

21-10-2025T20:40:13 - [MESSAGE][INFO] - [SELF-HEALING] No working XPath is found.

21-10-2025T20:40:15 - [MESSAGE][INFO] - Unable to find the element located by 'By.xpath: '. Please recheck the objects properties to make sure the desired element is located. 

21-10-2025T20:40:15 - [MESSAGE][WARNING] - [SELF-HEALING] Cannot find elements when the selector is null

21-10-2025T20:40:15 - [MESSAGE][FAILED] - Unable to clear text of object 'Object Repository/FIM/Sites Page/Orders/Review New Orders/Edit Order/10UNL_txt' (Root cause: com.kms.katalon.core.exception.StepFailedException: Unable to clear text of object 'Object Repository/FIM/Sites Page/Orders/Review New Orders/Edit Order/10UNL_txt'
	at com.kms.katalon.core.webui.keyword.internal.WebUIKeywordMain.stepFailed(WebUIKeywordMain.groovy:117)
	at com.kms.katalon.core.webui.keyword.internal.WebUIKeywordMain.runKeyword(WebUIKeywordMain.groovy:78)
	at com.kms.katalon.core.webui.keyword.builtin.ClearTextKeyword.clearText(ClearTextKeyword.groovy:61)
	at com.kms.katalon.core.webui.keyword.builtin.ClearTextKeyword.execute(ClearTextKeyword.groovy:35)
	at com.kms.katalon.core.keyword.internal.KeywordExecutor.executeKeywordForPlatform(KeywordExecutor.groovy:74)
	at com.kms.katalon.core.webui.keyword.WebUiBuiltInKeywords.clearText(WebUiBuiltInKeywords.groovy:4989)
	at com.kms.katalon.core.webui.keyword.WebUiBuiltInKeywords$clearText$10.call(Unknown Source)
	at Cancelling Updating an Order.run(Cancelling Updating an Order:64)
	at com.kms.katalon.core.main.ScriptEngine.run(ScriptEngine.java:194)
	at com.kms.katalon.core.main.ScriptEngine.runScriptAsRawText(ScriptEngine.java:119)
	at com.kms.katalon.core.main.TestCaseExecutor.runScript(TestCaseExecutor.java:448)
	at com.kms.katalon.core.main.TestCaseExecutor.doExecute(TestCaseExecutor.java:439)
	at com.kms.katalon.core.main.TestCaseExecutor.processExecutionPhase(TestCaseExecutor.java:418)
	at com.kms.katalon.core.main.TestCaseExecutor.accessMainPhase(TestCaseExecutor.java:410)
	at com.kms.katalon.core.main.TestCaseExecutor.execute(TestCaseExecutor.java:285)
	at com.kms.katalon.core.common.CommonExecutor.accessTestCaseMainPhase(CommonExecutor.java:65)
	at com.kms.katalon.core.main.TestSuiteExecutor.accessTestSuiteMainPhase(TestSuiteExecutor.java:150)
	at com.kms.katalon.core.main.TestSuiteExecutor.execute(TestSuiteExecutor.java:106)
	at com.kms.katalon.core.main.TestCaseMain.startTestSuite(TestCaseMain.java:180)
	at com.kms.katalon.core.main.TestCaseMain$startTestSuite$0.call(Unknown Source)
	at TempTestSuite1761090769781.run(TempTestSuite1761090769781.groovy:35)
	at java.base/jdk.internal.reflect.NativeMethodAccessorImpl.invoke0(Native Method)
	at java.base/jdk.internal.reflect.NativeMethodAccessorImpl.invoke(NativeMethodAccessorImpl.java:77)
	at java.base/jdk.internal.reflect.DelegatingMethodAccessorImpl.invoke(DelegatingMethodAccessorImpl.java:43)
Caused by: com.kms.katalon.core.webui.exception.WebElementNotFoundException: Web element with id: 'Object Repository/FIM/Sites Page/Orders/Review New Orders/Edit Order/10UNL_txt' located by '//*[@id="order-10UNL"]' not found
	at com.kms.katalon.core.webui.common.WebUiCommonHelper.findWebElement(WebUiCommonHelper.java:1423)
	at com.kms.katalon.core.webui.keyword.internal.WebUIAbstractKeyword.findWebElement(WebUIAbstractKeyword.groovy:27)
	at com.kms.katalon.core.webui.keyword.internal.WebUIAbstractKeyword.findWebElement(WebUIAbstractKeyword.groovy:26)
	at com.kms.katalon.core.webui.keyword.builtin.ClearTextKeyword$_clearText_closure1.doCall(ClearTextKeyword.groovy:45)
	at com.kms.katalon.core.webui.keyword.builtin.ClearTextKeyword$_clearText_closure1.call(ClearTextKeyword.groovy)
	at com.kms.katalon.core.webui.keyword.internal.WebUIKeywordMain.runKeyword(WebUIKeywordMain.groovy:67)
	at com.kms.katalon.core.webui.keyword.builtin.ClearTextKeyword.clearText(ClearTextKeyword.groovy:61)
	at com.kms.katalon.core.webui.keyword.builtin.ClearTextKeyword.execute(ClearTextKeyword.groovy:35)
	at com.kms.katalon.core.keyword.internal.KeywordExecutor.executeKeywordForPlatform(KeywordExecutor.groovy:74)
	at com.kms.katalon.core.webui.keyword.WebUiBuiltInKeywords.clearText(WebUiBuiltInKeywords.groovy:4989)
	at com.kms.katalon.core.webui.keyword.WebUiBuiltInKeywords$clearText$10.call(Unknown Source)
	at Script1704216125851.run(Script1704216125851.groovy:64)
	... 16 more
)

21-10-2025T20:40:16 - [TEST_STEP][PASSED] - Start listener action : retryOnDisconnect: Current window's url is: 'https://kaglogistics-inventory-management-portal.qa.thekag.com/site/TURK132?cg=-1&r=206&i=AllConsignees&sorted=false'

21-10-2025T20:40:16 - [TEST_STEP][PASSED] - tcId = testCaseContext.getTestCaseId(): null

21-10-2025T20:40:16 - [TEST_STEP][PASSED] - currentRetry = retryCounts.getOrDefault(tcId, 0): null

21-10-2025T20:40:16 - [TEST_STEP][PASSED] - if (testCaseContext.getTestCaseStatus() == "FAILED" && currentRetry < MAX_RETRIES): Current window's url is: 'https://kaglogistics-inventory-management-portal.qa.thekag.com/site/TURK132?cg=-1&r=206&i=AllConsignees&sorted=false'

21-10-2025T20:40:16 - [TEST_STEP][PASSED] - try: Current window's url is: 'https://kaglogistics-inventory-management-portal.qa.thekag.com/site/TURK132?cg=-1&r=206&i=AllConsignees&sorted=false'

21-10-2025T20:40:16 - [TEST_STEP][PASSED] - comment(Checking for WebDriver disconnect for test case: $tcId): Checking for WebDriver disconnect for test case: Test Cases/FIM/UI/KGL/Admin/Sites Page/Orders/Cancelling Updating an Order

21-10-2025T20:40:16 - [MESSAGE][INFO] - Checking for WebDriver disconnect for test case: Test Cases/FIM/UI/KGL/Admin/Sites Page/Orders/Cancelling Updating an Order

21-10-2025T20:40:16 - [TEST_STEP][PASSED] - getUrl(): Current window's url is: 'https://kaglogistics-inventory-management-portal.qa.thekag.com/site/TURK132?cg=-1&r=206&i=AllConsignees&sorted=false'

21-10-2025T20:40:16 - [MESSAGE][PASSED] - Current window's url is: 'https://kaglogistics-inventory-management-portal.qa.thekag.com/site/TURK132?cg=-1&r=206&i=AllConsignees&sorted=false']]></system-out>
         <system-err><![CDATA[21-10-2025T20:39:09 - [TEST_CASE][FAILED] - Test Cases/FIM/UI/KGL/Admin/Sites Page/Orders/Cancelling Updating an Order: Test Cases/FIM/UI/KGL/Admin/Sites Page/Orders/Cancelling Updating an Order FAILED.
Reason:
com.kms.katalon.core.exception.StepFailedException: Unable to clear text of object 'Object Repository/FIM/Sites Page/Orders/Review New Orders/Edit Order/10UNL_txt'
	at com.kms.katalon.core.webui.keyword.internal.WebUIKeywordMain.stepFailed(WebUIKeywordMain.groovy:117)
	at com.kms.katalon.core.webui.keyword.internal.WebUIKeywordMain.runKeyword(WebUIKeywordMain.groovy:78)
	at com.kms.katalon.core.webui.keyword.builtin.ClearTextKeyword.clearText(ClearTextKeyword.groovy:61)
	at com.kms.katalon.core.webui.keyword.builtin.ClearTextKeyword.execute(ClearTextKeyword.groovy:35)
	at com.kms.katalon.core.keyword.internal.KeywordExecutor.executeKeywordForPlatform(KeywordExecutor.groovy:74)
	at com.kms.katalon.core.webui.keyword.WebUiBuiltInKeywords.clearText(WebUiBuiltInKeywords.groovy:4989)
	at com.kms.katalon.core.webui.keyword.WebUiBuiltInKeywords$clearText$10.call(Unknown Source)
	at Cancelling Updating an Order.run(Cancelling Updating an Order:64)
	at com.kms.katalon.core.main.ScriptEngine.run(ScriptEngine.java:194)
	at com.kms.katalon.core.main.ScriptEngine.runScriptAsRawText(ScriptEngine.java:119)
	at com.kms.katalon.core.main.TestCaseExecutor.runScript(TestCaseExecutor.java:448)
	at com.kms.katalon.core.main.TestCaseExecutor.doExecute(TestCaseExecutor.java:439)
	at com.kms.katalon.core.main.TestCaseExecutor.processExecutionPhase(TestCaseExecutor.java:418)
	at com.kms.katalon.core.main.TestCaseExecutor.accessMainPhase(TestCaseExecutor.java:410)
	at com.kms.katalon.core.main.TestCaseExecutor.execute(TestCaseExecutor.java:285)
	at com.kms.katalon.core.common.CommonExecutor.accessTestCaseMainPhase(CommonExecutor.java:65)
	at com.kms.katalon.core.main.TestSuiteExecutor.accessTestSuiteMainPhase(TestSuiteExecutor.java:150)
	at com.kms.katalon.core.main.TestSuiteExecutor.execute(TestSuiteExecutor.java:106)
	at com.kms.katalon.core.main.TestCaseMain.startTestSuite(TestCaseMain.java:180)
	at com.kms.katalon.core.main.TestCaseMain$startTestSuite$0.call(Unknown Source)
	at TempTestSuite1761090769781.run(TempTestSuite1761090769781.groovy:35)
	at java.base/jdk.internal.reflect.NativeMethodAccessorImpl.invoke0(Native Method)
	at java.base/jdk.internal.reflect.NativeMethodAccessorImpl.invoke(NativeMethodAccessorImpl.java:77)
	at java.base/jdk.internal.reflect.DelegatingMethodAccessorImpl.invoke(DelegatingMethodAccessorImpl.java:43)
Caused by: com.kms.katalon.core.webui.exception.WebElementNotFoundException: Web element with id: 'Object Repository/FIM/Sites Page/Orders/Review New Orders/Edit Order/10UNL_txt' located by '//*[@id="order-10UNL"]' not found
	at com.kms.katalon.core.webui.common.WebUiCommonHelper.findWebElement(WebUiCommonHelper.java:1423)
	at com.kms.katalon.core.webui.keyword.internal.WebUIAbstractKeyword.findWebElement(WebUIAbstractKeyword.groovy:27)
	at com.kms.katalon.core.webui.keyword.internal.WebUIAbstractKeyword.findWebElement(WebUIAbstractKeyword.groovy:26)
	at com.kms.katalon.core.webui.keyword.builtin.ClearTextKeyword$_clearText_closure1.doCall(ClearTextKeyword.groovy:45)
	at com.kms.katalon.core.webui.keyword.builtin.ClearTextKeyword$_clearText_closure1.call(ClearTextKeyword.groovy)
	at com.kms.katalon.core.webui.keyword.internal.WebUIKeywordMain.runKeyword(WebUIKeywordMain.groovy:67)
	... 22 more]]></system-err>
      </testcase>
      <testcase name="Test Cases/FIM/UI/KGL/Admin/Sites Page/Orders/Create Order With Customer Shift Comment" time="49.242" classname="Test Cases/FIM/UI/KGL/Admin/Sites Page/Orders/Create Order With Customer Shift Comment" status="PASSED">
         <system-out><![CDATA[21-10-2025T20:40:16 - [TEST_CASE][PASSED] - Test Cases/FIM/UI/KGL/Admin/Sites Page/Orders/Create Order With Customer Shift Comment: Test Cases/FIM/UI/KGL/Admin/Sites Page/Orders/Create Order With Customer Shift Comment

21-10-2025T20:40:16 - [TEST_STEP][PASSED] - Start listener action : beforeTestCase: null

21-10-2025T20:40:16 - [TEST_STEP][PASSED] - addDefaultPackages(): null

21-10-2025T20:40:16 - [TEST_STEP][PASSED] - i = 0: null

21-10-2025T20:40:16 - [TEST_STEP][PASSED] - callTestCase(findTestCase("Utility Scripts/FIM KGL Admin Login"), [:], STOP_ON_FAILURE): Call Test Case 'Test Cases/Utility Scripts/FIM KGL Admin Login' successfully

21-10-2025T20:40:16 - [TEST_CASE][PASSED] - Test Cases/Utility Scripts/FIM KGL Admin Login: Test Cases/Utility Scripts/FIM KGL Admin Login

21-10-2025T20:40:16 - [TEST_STEP][PASSED] - openBrowser(""): Browser is opened with url: ''

21-10-2025T20:40:16 - [MESSAGE][WARNING] - A browser is already opened. Closing browser and opening a new one

21-10-2025T20:40:16 - [MESSAGE][INFO] - Starting 'Chrome' driver

21-10-2025T20:40:16 - [MESSAGE][INFO] - User set preference: ['args', '[--no-sandbox, --disable-gpu, --disable-dev-shm-usage]']

21-10-2025T20:40:16 - [MESSAGE][INFO] - Action delay is set to 0 milliseconds

21-10-2025T20:40:17 - [MESSAGE][PASSED] - Browser is opened with url: ''

21-10-2025T20:40:17 - [TEST_STEP][PASSED] - delay(1): Delayed 1 second(s)

21-10-2025T20:40:18 - [MESSAGE][PASSED] - Delayed 1 second(s)

21-10-2025T20:40:18 - [TEST_STEP][PASSED] - navigateToUrl(KGLCustomGroupUrl): Navigate to 'https://kaglogistics-inventory-management-portal.qa.thekag.com/custom-group/' successfully

21-10-2025T20:40:18 - [MESSAGE][PASSED] - Navigate to 'https://kaglogistics-inventory-management-portal.qa.thekag.com/custom-group/' successfully

21-10-2025T20:40:18 - [TEST_STEP][PASSED] - delay(10): Delayed 10 second(s)

21-10-2025T20:40:28 - [MESSAGE][PASSED] - Delayed 10 second(s)

21-10-2025T20:40:28 - [TEST_STEP][PASSED] - if (maximizeWindow == true): Delayed 1 second(s)

21-10-2025T20:40:28 - [TEST_STEP][PASSED] - maximizeWindow(STOP_ON_FAILURE): Current window maximized

21-10-2025T20:40:28 - [MESSAGE][PASSED] - Current window maximized

21-10-2025T20:40:28 - [TEST_STEP][PASSED] - delay(1): Delayed 1 second(s)

21-10-2025T20:40:29 - [MESSAGE][PASSED] - Delayed 1 second(s)

21-10-2025T20:40:29 - [TEST_STEP][PASSED] - waitForElementPresent(findTestObject("FIM/Username_txt"), 10): Object 'Object Repository/FIM/Username_txt' is present

21-10-2025T20:40:29 - [MESSAGE][PASSED] - Object 'Object Repository/FIM/Username_txt' is present

21-10-2025T20:40:29 - [TEST_STEP][PASSED] - setText(findTestObject("FIM/Username_txt"), FIMUsername): Text 'Chris.Sheldon+DES_QA@Thekag.com' is set on object 'Object Repository/FIM/Username_txt'

21-10-2025T20:40:29 - [MESSAGE][PASSED] - Text 'Chris.Sheldon+DES_QA@Thekag.com' is set on object 'Object Repository/FIM/Username_txt'

21-10-2025T20:40:29 - [TEST_STEP][PASSED] - delay(1): Delayed 1 second(s)

21-10-2025T20:40:30 - [MESSAGE][PASSED] - Delayed 1 second(s)

21-10-2025T20:40:30 - [TEST_STEP][PASSED] - setText(findTestObject("FIM/Password_txt"), FIMPassword): Text 'QATest!2' is set on object 'Object Repository/FIM/Password_txt'

21-10-2025T20:40:30 - [MESSAGE][PASSED] - Text 'QATest!2' is set on object 'Object Repository/FIM/Password_txt'

21-10-2025T20:40:30 - [TEST_STEP][PASSED] - delay(1): Delayed 1 second(s)

21-10-2025T20:40:31 - [MESSAGE][PASSED] - Delayed 1 second(s)

21-10-2025T20:40:31 - [TEST_STEP][PASSED] - click(findTestObject("FIM/Login_btn")): Object: 'Object Repository/FIM/Login_btn' is clicked on

21-10-2025T20:40:32 - [MESSAGE][PASSED] - Object: 'Object Repository/FIM/Login_btn' is clicked on

21-10-2025T20:40:32 - [MESSAGE][PASSED] - Call Test Case 'Test Cases/Utility Scripts/FIM KGL Admin Login' successfully

21-10-2025T20:40:32 - [TEST_STEP][PASSED] - if (verifyElementVisible(findTestObject("FIM/Server_Notification_Close_btn"), OPTIONAL) == true): Web element with id: 'Object Repository/FIM/Server_Notification_Close_btn' located by '/html/body/div/div[1]/button' not found (Root cause: com.kms.katalon.core.exception.StepFailedException: Web element with id: 'Object Repository/FIM/Server_Notification_Close_btn' located by '/html/body/div/div[1]/button' not found
	at com.kms.katalon.core.webui.keyword.internal.WebUIKeywordMain.stepFailed(WebUIKeywordMain.groovy:117)
	at com.kms.katalon.core.webui.keyword.builtin.VerifyElementVisibleKeyword$_verifyElementVisible_closure1.doCall(VerifyElementVisibleKeyword.groovy:89)
	at com.kms.katalon.core.webui.keyword.builtin.VerifyElementVisibleKeyword$_verifyElementVisible_closure1.call(VerifyElementVisibleKeyword.groovy)
	at com.kms.katalon.core.webui.keyword.internal.WebUIKeywordMain.runKeyword(WebUIKeywordMain.groovy:35)
	at com.kms.katalon.core.webui.keyword.builtin.VerifyElementVisibleKeyword.verifyElementVisible(VerifyElementVisibleKeyword.groovy:97)
	at com.kms.katalon.core.webui.keyword.builtin.VerifyElementVisibleKeyword.execute(VerifyElementVisibleKeyword.groovy:67)
	at com.kms.katalon.core.keyword.internal.KeywordExecutor.executeKeywordForPlatform(KeywordExecutor.groovy:74)
	at com.kms.katalon.core.webui.keyword.WebUiBuiltInKeywords.verifyElementVisible(WebUiBuiltInKeywords.groovy:401)
	at com.kms.katalon.core.webui.keyword.WebUiBuiltInKeywords$verifyElementVisible$5.call(Unknown Source)
	at Create Order With Customer Shift Comment.run(Create Order With Customer Shift Comment:24)
	at com.kms.katalon.core.main.ScriptEngine.run(ScriptEngine.java:194)
	at com.kms.katalon.core.main.ScriptEngine.runScriptAsRawText(ScriptEngine.java:119)
	at com.kms.katalon.core.main.TestCaseExecutor.runScript(TestCaseExecutor.java:448)
	at com.kms.katalon.core.main.TestCaseExecutor.doExecute(TestCaseExecutor.java:439)
	at com.kms.katalon.core.main.TestCaseExecutor.processExecutionPhase(TestCaseExecutor.java:418)
	at com.kms.katalon.core.main.TestCaseExecutor.accessMainPhase(TestCaseExecutor.java:410)
	at com.kms.katalon.core.main.TestCaseExecutor.execute(TestCaseExecutor.java:285)
	at com.kms.katalon.core.common.CommonExecutor.accessTestCaseMainPhase(CommonExecutor.java:65)
	at com.kms.katalon.core.main.TestSuiteExecutor.accessTestSuiteMainPhase(TestSuiteExecutor.java:150)
	at com.kms.katalon.core.main.TestSuiteExecutor.execute(TestSuiteExecutor.java:106)
	at com.kms.katalon.core.main.TestCaseMain.startTestSuite(TestCaseMain.java:180)
	at com.kms.katalon.core.main.TestCaseMain$startTestSuite$0.call(Unknown Source)
	at TempTestSuite1761090769781.run(TempTestSuite1761090769781.groovy:35)
	at java.base/jdk.internal.reflect.NativeMethodAccessorImpl.invoke0(Native Method)
	at java.base/jdk.internal.reflect.NativeMethodAccessorImpl.invoke(NativeMethodAccessorImpl.java:77)
	at java.base/jdk.internal.reflect.DelegatingMethodAccessorImpl.invoke(DelegatingMethodAccessorImpl.java:43)
)

21-10-2025T20:40:48 - [MESSAGE][INFO] - Unable to find the element located by 'By.xpath: /html/body/div/div[1]/button'. Please recheck the objects properties to make sure the desired element is located. 

21-10-2025T20:40:48 - [MESSAGE][WARNING] - [SELF-HEALING] Failed to find element with id 'Object Repository/FIM/Server_Notification_Close_btn'. Try using Self-healing.

21-10-2025T20:40:49 - [MESSAGE][INFO] - [SELF-HEALING] No working XPath is found.

21-10-2025T20:40:51 - [MESSAGE][INFO] - Unable to find the element located by 'By.xpath: '. Please recheck the objects properties to make sure the desired element is located. 

21-10-2025T20:40:51 - [MESSAGE][WARNING] - [SELF-HEALING] Cannot find elements when the selector is null

21-10-2025T20:40:51 - [MESSAGE][WARNING] - Web element with id: 'Object Repository/FIM/Server_Notification_Close_btn' located by '/html/body/div/div[1]/button' not found (Root cause: com.kms.katalon.core.exception.StepFailedException: Web element with id: 'Object Repository/FIM/Server_Notification_Close_btn' located by '/html/body/div/div[1]/button' not found
	at com.kms.katalon.core.webui.keyword.internal.WebUIKeywordMain.stepFailed(WebUIKeywordMain.groovy:117)
	at com.kms.katalon.core.webui.keyword.builtin.VerifyElementVisibleKeyword$_verifyElementVisible_closure1.doCall(VerifyElementVisibleKeyword.groovy:89)
	at com.kms.katalon.core.webui.keyword.builtin.VerifyElementVisibleKeyword$_verifyElementVisible_closure1.call(VerifyElementVisibleKeyword.groovy)
	at com.kms.katalon.core.webui.keyword.internal.WebUIKeywordMain.runKeyword(WebUIKeywordMain.groovy:35)
	at com.kms.katalon.core.webui.keyword.builtin.VerifyElementVisibleKeyword.verifyElementVisible(VerifyElementVisibleKeyword.groovy:97)
	at com.kms.katalon.core.webui.keyword.builtin.VerifyElementVisibleKeyword.execute(VerifyElementVisibleKeyword.groovy:67)
	at com.kms.katalon.core.keyword.internal.KeywordExecutor.executeKeywordForPlatform(KeywordExecutor.groovy:74)
	at com.kms.katalon.core.webui.keyword.WebUiBuiltInKeywords.verifyElementVisible(WebUiBuiltInKeywords.groovy:401)
	at com.kms.katalon.core.webui.keyword.WebUiBuiltInKeywords$verifyElementVisible$5.call(Unknown Source)
	at Create Order With Customer Shift Comment.run(Create Order With Customer Shift Comment:24)
	at com.kms.katalon.core.main.ScriptEngine.run(ScriptEngine.java:194)
	at com.kms.katalon.core.main.ScriptEngine.runScriptAsRawText(ScriptEngine.java:119)
	at com.kms.katalon.core.main.TestCaseExecutor.runScript(TestCaseExecutor.java:448)
	at com.kms.katalon.core.main.TestCaseExecutor.doExecute(TestCaseExecutor.java:439)
	at com.kms.katalon.core.main.TestCaseExecutor.processExecutionPhase(TestCaseExecutor.java:418)
	at com.kms.katalon.core.main.TestCaseExecutor.accessMainPhase(TestCaseExecutor.java:410)
	at com.kms.katalon.core.main.TestCaseExecutor.execute(TestCaseExecutor.java:285)
	at com.kms.katalon.core.common.CommonExecutor.accessTestCaseMainPhase(CommonExecutor.java:65)
	at com.kms.katalon.core.main.TestSuiteExecutor.accessTestSuiteMainPhase(TestSuiteExecutor.java:150)
	at com.kms.katalon.core.main.TestSuiteExecutor.execute(TestSuiteExecutor.java:106)
	at com.kms.katalon.core.main.TestCaseMain.startTestSuite(TestCaseMain.java:180)
	at com.kms.katalon.core.main.TestCaseMain$startTestSuite$0.call(Unknown Source)
	at TempTestSuite1761090769781.run(TempTestSuite1761090769781.groovy:35)
	at java.base/jdk.internal.reflect.NativeMethodAccessorImpl.invoke0(Native Method)
	at java.base/jdk.internal.reflect.NativeMethodAccessorImpl.invoke(NativeMethodAccessorImpl.java:77)
	at java.base/jdk.internal.reflect.DelegatingMethodAccessorImpl.invoke(DelegatingMethodAccessorImpl.java:43)
)

21-10-2025T20:40:51 - [TEST_STEP][PASSED] - delay(1): Delayed 1 second(s)

21-10-2025T20:40:52 - [MESSAGE][PASSED] - Delayed 1 second(s)

21-10-2025T20:40:52 - [TEST_STEP][PASSED] - click(findTestObject("FIM/Hamburger Menu List/Hamburger_menu")): Object: 'Object Repository/FIM/Hamburger Menu List/Hamburger_menu' is clicked on

21-10-2025T20:40:52 - [MESSAGE][PASSED] - Object: 'Object Repository/FIM/Hamburger Menu List/Hamburger_menu' is clicked on

21-10-2025T20:40:52 - [TEST_STEP][PASSED] - verifyElementPresent(findTestObject("FIM/Hamburger Menu List/Sites_list (1)"), 10): Object 'Object Repository/FIM/Hamburger Menu List/Sites_list (1)' is present

21-10-2025T20:40:52 - [MESSAGE][PASSED] - Object 'Object Repository/FIM/Hamburger Menu List/Sites_list (1)' is present

21-10-2025T20:40:52 - [TEST_STEP][PASSED] - delay(1): Delayed 1 second(s)

21-10-2025T20:40:53 - [MESSAGE][PASSED] - Delayed 1 second(s)

21-10-2025T20:40:53 - [TEST_STEP][PASSED] - click(findTestObject("FIM/Hamburger Menu List/Sites_list (1)")): Object: 'Object Repository/FIM/Hamburger Menu List/Sites_list (1)' is clicked on

21-10-2025T20:40:53 - [MESSAGE][PASSED] - Object: 'Object Repository/FIM/Hamburger Menu List/Sites_list (1)' is clicked on

21-10-2025T20:40:53 - [TEST_STEP][PASSED] - waitForElementPresent(findTestObject("FIM/Sites Page/Calculator/Calculator Tab"), 10): Object 'Object Repository/FIM/Sites Page/Calculator/Calculator Tab' is present

21-10-2025T20:40:54 - [MESSAGE][PASSED] - Object 'Object Repository/FIM/Sites Page/Calculator/Calculator Tab' is present

21-10-2025T20:40:54 - [TEST_STEP][PASSED] - selectOptionByLabel(findTestObject("FIM/Sites Page/Site Filtering/Region Selection_dropdown"), "KAG LOGISTICS", false): All options with label 'KAG LOGISTICS' are selected in object 'Object Repository/FIM/Sites Page/Site Filtering/Region Selection_dropdown' 

21-10-2025T20:40:54 - [MESSAGE][PASSED] - All options with label 'KAG LOGISTICS' are selected in object 'Object Repository/FIM/Sites Page/Site Filtering/Region Selection_dropdown' 

21-10-2025T20:40:54 - [TEST_STEP][PASSED] - while (i < 60 == true): null

21-10-2025T20:40:54 - [TEST_STEP][PASSED] - sendKeys(findTestObject("FIM/Sites Page/Site Filtering/Site_txt"), Keys.chord(BACK_SPACE), STOP_ON_FAILURE): Keys 'BACK_SPACE + ' sent to object: 'Object Repository/FIM/Sites Page/Site Filtering/Site_txt'

21-10-2025T20:40:55 - [MESSAGE][PASSED] - Keys 'BACK_SPACE + ' sent to object: 'Object Repository/FIM/Sites Page/Site Filtering/Site_txt'

21-10-2025T20:40:55 - [TEST_STEP][PASSED] - (i++): null

21-10-2025T20:40:55 - [TEST_STEP][PASSED] - sendKeys(findTestObject("FIM/Sites Page/Site Filtering/Site_txt"), Keys.chord(BACK_SPACE), STOP_ON_FAILURE): Keys 'BACK_SPACE + ' sent to object: 'Object Repository/FIM/Sites Page/Site Filtering/Site_txt'

21-10-2025T20:40:55 - [MESSAGE][PASSED] - Keys 'BACK_SPACE + ' sent to object: 'Object Repository/FIM/Sites Page/Site Filtering/Site_txt'

21-10-2025T20:40:55 - [TEST_STEP][PASSED] - (i++): null

21-10-2025T20:40:55 - [TEST_STEP][PASSED] - sendKeys(findTestObject("FIM/Sites Page/Site Filtering/Site_txt"), Keys.chord(BACK_SPACE), STOP_ON_FAILURE): Keys 'BACK_SPACE + ' sent to object: 'Object Repository/FIM/Sites Page/Site Filtering/Site_txt'

21-10-2025T20:40:55 - [MESSAGE][PASSED] - Keys 'BACK_SPACE + ' sent to object: 'Object Repository/FIM/Sites Page/Site Filtering/Site_txt'

21-10-2025T20:40:55 - [TEST_STEP][PASSED] - (i++): null

21-10-2025T20:40:55 - [TEST_STEP][PASSED] - sendKeys(findTestObject("FIM/Sites Page/Site Filtering/Site_txt"), Keys.chord(BACK_SPACE), STOP_ON_FAILURE): Keys 'BACK_SPACE + ' sent to object: 'Object Repository/FIM/Sites Page/Site Filtering/Site_txt'

21-10-2025T20:40:55 - [MESSAGE][PASSED] - Keys 'BACK_SPACE + ' sent to object: 'Object Repository/FIM/Sites Page/Site Filtering/Site_txt'

21-10-2025T20:40:55 - [TEST_STEP][PASSED] - (i++): null

21-10-2025T20:40:55 - [TEST_STEP][PASSED] - sendKeys(findTestObject("FIM/Sites Page/Site Filtering/Site_txt"), Keys.chord(BACK_SPACE), STOP_ON_FAILURE): Keys 'BACK_SPACE + ' sent to object: 'Object Repository/FIM/Sites Page/Site Filtering/Site_txt'

21-10-2025T20:40:55 - [MESSAGE][PASSED] - Keys 'BACK_SPACE + ' sent to object: 'Object Repository/FIM/Sites Page/Site Filtering/Site_txt'

21-10-2025T20:40:55 - [TEST_STEP][PASSED] - (i++): null

21-10-2025T20:40:55 - [TEST_STEP][PASSED] - sendKeys(findTestObject("FIM/Sites Page/Site Filtering/Site_txt"), Keys.chord(BACK_SPACE), STOP_ON_FAILURE): Keys 'BACK_SPACE + ' sent to object: 'Object Repository/FIM/Sites Page/Site Filtering/Site_txt'

21-10-2025T20:40:55 - [MESSAGE][PASSED] - Keys 'BACK_SPACE + ' sent to object: 'Object Repository/FIM/Sites Page/Site Filtering/Site_txt'

21-10-2025T20:40:55 - [TEST_STEP][PASSED] - (i++): null

21-10-2025T20:40:55 - [TEST_STEP][PASSED] - sendKeys(findTestObject("FIM/Sites Page/Site Filtering/Site_txt"), Keys.chord(BACK_SPACE), STOP_ON_FAILURE): Keys 'BACK_SPACE + ' sent to object: 'Object Repository/FIM/Sites Page/Site Filtering/Site_txt'

21-10-2025T20:40:55 - [MESSAGE][PASSED] - Keys 'BACK_SPACE + ' sent to object: 'Object Repository/FIM/Sites Page/Site Filtering/Site_txt'

21-10-2025T20:40:55 - [TEST_STEP][PASSED] - (i++): null

21-10-2025T20:40:55 - [TEST_STEP][PASSED] - sendKeys(findTestObject("FIM/Sites Page/Site Filtering/Site_txt"), Keys.chord(BACK_SPACE), STOP_ON_FAILURE): Keys 'BACK_SPACE + ' sent to object: 'Object Repository/FIM/Sites Page/Site Filtering/Site_txt'

21-10-2025T20:40:55 - [MESSAGE][PASSED] - Keys 'BACK_SPACE + ' sent to object: 'Object Repository/FIM/Sites Page/Site Filtering/Site_txt'

21-10-2025T20:40:55 - [TEST_STEP][PASSED] - (i++): null

21-10-2025T20:40:55 - [TEST_STEP][PASSED] - sendKeys(findTestObject("FIM/Sites Page/Site Filtering/Site_txt"), Keys.chord(BACK_SPACE), STOP_ON_FAILURE): Keys 'BACK_SPACE + ' sent to object: 'Object Repository/FIM/Sites Page/Site Filtering/Site_txt'

21-10-2025T20:40:55 - [MESSAGE][PASSED] - Keys 'BACK_SPACE + ' sent to object: 'Object Repository/FIM/Sites Page/Site Filtering/Site_txt'

21-10-2025T20:40:55 - [TEST_STEP][PASSED] - (i++): null

21-10-2025T20:40:55 - [TEST_STEP][PASSED] - sendKeys(findTestObject("FIM/Sites Page/Site Filtering/Site_txt"), Keys.chord(BACK_SPACE), STOP_ON_FAILURE): Keys 'BACK_SPACE + ' sent to object: 'Object Repository/FIM/Sites Page/Site Filtering/Site_txt'

21-10-2025T20:40:55 - [MESSAGE][PASSED] - Keys 'BACK_SPACE + ' sent to object: 'Object Repository/FIM/Sites Page/Site Filtering/Site_txt'

21-10-2025T20:40:55 - [TEST_STEP][PASSED] - (i++): null

21-10-2025T20:40:55 - [TEST_STEP][PASSED] - sendKeys(findTestObject("FIM/Sites Page/Site Filtering/Site_txt"), Keys.chord(BACK_SPACE), STOP_ON_FAILURE): Keys 'BACK_SPACE + ' sent to object: 'Object Repository/FIM/Sites Page/Site Filtering/Site_txt'

21-10-2025T20:40:55 - [MESSAGE][PASSED] - Keys 'BACK_SPACE + ' sent to object: 'Object Repository/FIM/Sites Page/Site Filtering/Site_txt'

21-10-2025T20:40:55 - [TEST_STEP][PASSED] - (i++): null

21-10-2025T20:40:55 - [TEST_STEP][PASSED] - sendKeys(findTestObject("FIM/Sites Page/Site Filtering/Site_txt"), Keys.chord(BACK_SPACE), STOP_ON_FAILURE): Keys 'BACK_SPACE + ' sent to object: 'Object Repository/FIM/Sites Page/Site Filtering/Site_txt'

21-10-2025T20:40:55 - [MESSAGE][PASSED] - Keys 'BACK_SPACE + ' sent to object: 'Object Repository/FIM/Sites Page/Site Filtering/Site_txt'

21-10-2025T20:40:55 - [TEST_STEP][PASSED] - (i++): null

21-10-2025T20:40:55 - [TEST_STEP][PASSED] - sendKeys(findTestObject("FIM/Sites Page/Site Filtering/Site_txt"), Keys.chord(BACK_SPACE), STOP_ON_FAILURE): Keys 'BACK_SPACE + ' sent to object: 'Object Repository/FIM/Sites Page/Site Filtering/Site_txt'

21-10-2025T20:40:55 - [MESSAGE][PASSED] - Keys 'BACK_SPACE + ' sent to object: 'Object Repository/FIM/Sites Page/Site Filtering/Site_txt'

21-10-2025T20:40:55 - [TEST_STEP][PASSED] - (i++): null

21-10-2025T20:40:55 - [TEST_STEP][PASSED] - sendKeys(findTestObject("FIM/Sites Page/Site Filtering/Site_txt"), Keys.chord(BACK_SPACE), STOP_ON_FAILURE): Keys 'BACK_SPACE + ' sent to object: 'Object Repository/FIM/Sites Page/Site Filtering/Site_txt'

21-10-2025T20:40:56 - [MESSAGE][PASSED] - Keys 'BACK_SPACE + ' sent to object: 'Object Repository/FIM/Sites Page/Site Filtering/Site_txt'

21-10-2025T20:40:56 - [TEST_STEP][PASSED] - (i++): null

21-10-2025T20:40:56 - [TEST_STEP][PASSED] - sendKeys(findTestObject("FIM/Sites Page/Site Filtering/Site_txt"), Keys.chord(BACK_SPACE), STOP_ON_FAILURE): Keys 'BACK_SPACE + ' sent to object: 'Object Repository/FIM/Sites Page/Site Filtering/Site_txt'

21-10-2025T20:40:56 - [MESSAGE][PASSED] - Keys 'BACK_SPACE + ' sent to object: 'Object Repository/FIM/Sites Page/Site Filtering/Site_txt'

21-10-2025T20:40:56 - [TEST_STEP][PASSED] - (i++): null

21-10-2025T20:40:56 - [TEST_STEP][PASSED] - sendKeys(findTestObject("FIM/Sites Page/Site Filtering/Site_txt"), Keys.chord(BACK_SPACE), STOP_ON_FAILURE): Keys 'BACK_SPACE + ' sent to object: 'Object Repository/FIM/Sites Page/Site Filtering/Site_txt'

21-10-2025T20:40:56 - [MESSAGE][PASSED] - Keys 'BACK_SPACE + ' sent to object: 'Object Repository/FIM/Sites Page/Site Filtering/Site_txt'

21-10-2025T20:40:56 - [TEST_STEP][PASSED] - (i++): null

21-10-2025T20:40:56 - [TEST_STEP][PASSED] - sendKeys(findTestObject("FIM/Sites Page/Site Filtering/Site_txt"), Keys.chord(BACK_SPACE), STOP_ON_FAILURE): Keys 'BACK_SPACE + ' sent to object: 'Object Repository/FIM/Sites Page/Site Filtering/Site_txt'

21-10-2025T20:40:56 - [MESSAGE][PASSED] - Keys 'BACK_SPACE + ' sent to object: 'Object Repository/FIM/Sites Page/Site Filtering/Site_txt'

21-10-2025T20:40:56 - [TEST_STEP][PASSED] - (i++): null

21-10-2025T20:40:56 - [TEST_STEP][PASSED] - sendKeys(findTestObject("FIM/Sites Page/Site Filtering/Site_txt"), Keys.chord(BACK_SPACE), STOP_ON_FAILURE): Keys 'BACK_SPACE + ' sent to object: 'Object Repository/FIM/Sites Page/Site Filtering/Site_txt'

21-10-2025T20:40:56 - [MESSAGE][PASSED] - Keys 'BACK_SPACE + ' sent to object: 'Object Repository/FIM/Sites Page/Site Filtering/Site_txt'

21-10-2025T20:40:56 - [TEST_STEP][PASSED] - (i++): null

21-10-2025T20:40:56 - [TEST_STEP][PASSED] - sendKeys(findTestObject("FIM/Sites Page/Site Filtering/Site_txt"), Keys.chord(BACK_SPACE), STOP_ON_FAILURE): Keys 'BACK_SPACE + ' sent to object: 'Object Repository/FIM/Sites Page/Site Filtering/Site_txt'

21-10-2025T20:40:56 - [MESSAGE][PASSED] - Keys 'BACK_SPACE + ' sent to object: 'Object Repository/FIM/Sites Page/Site Filtering/Site_txt'

21-10-2025T20:40:56 - [TEST_STEP][PASSED] - (i++): null

21-10-2025T20:40:56 - [TEST_STEP][PASSED] - sendKeys(findTestObject("FIM/Sites Page/Site Filtering/Site_txt"), Keys.chord(BACK_SPACE), STOP_ON_FAILURE): Keys 'BACK_SPACE + ' sent to object: 'Object Repository/FIM/Sites Page/Site Filtering/Site_txt'

21-10-2025T20:40:56 - [MESSAGE][PASSED] - Keys 'BACK_SPACE + ' sent to object: 'Object Repository/FIM/Sites Page/Site Filtering/Site_txt'

21-10-2025T20:40:56 - [TEST_STEP][PASSED] - (i++): null

21-10-2025T20:40:56 - [TEST_STEP][PASSED] - sendKeys(findTestObject("FIM/Sites Page/Site Filtering/Site_txt"), Keys.chord(BACK_SPACE), STOP_ON_FAILURE): Keys 'BACK_SPACE + ' sent to object: 'Object Repository/FIM/Sites Page/Site Filtering/Site_txt'

21-10-2025T20:40:56 - [MESSAGE][PASSED] - Keys 'BACK_SPACE + ' sent to object: 'Object Repository/FIM/Sites Page/Site Filtering/Site_txt'

21-10-2025T20:40:56 - [TEST_STEP][PASSED] - (i++): null

21-10-2025T20:40:56 - [TEST_STEP][PASSED] - sendKeys(findTestObject("FIM/Sites Page/Site Filtering/Site_txt"), Keys.chord(BACK_SPACE), STOP_ON_FAILURE): Keys 'BACK_SPACE + ' sent to object: 'Object Repository/FIM/Sites Page/Site Filtering/Site_txt'

21-10-2025T20:40:56 - [MESSAGE][PASSED] - Keys 'BACK_SPACE + ' sent to object: 'Object Repository/FIM/Sites Page/Site Filtering/Site_txt'

21-10-2025T20:40:56 - [TEST_STEP][PASSED] - (i++): null

21-10-2025T20:40:56 - [TEST_STEP][PASSED] - sendKeys(findTestObject("FIM/Sites Page/Site Filtering/Site_txt"), Keys.chord(BACK_SPACE), STOP_ON_FAILURE): Keys 'BACK_SPACE + ' sent to object: 'Object Repository/FIM/Sites Page/Site Filtering/Site_txt'

21-10-2025T20:40:56 - [MESSAGE][PASSED] - Keys 'BACK_SPACE + ' sent to object: 'Object Repository/FIM/Sites Page/Site Filtering/Site_txt'

21-10-2025T20:40:56 - [TEST_STEP][PASSED] - (i++): null

21-10-2025T20:40:56 - [TEST_STEP][PASSED] - sendKeys(findTestObject("FIM/Sites Page/Site Filtering/Site_txt"), Keys.chord(BACK_SPACE), STOP_ON_FAILURE): Keys 'BACK_SPACE + ' sent to object: 'Object Repository/FIM/Sites Page/Site Filtering/Site_txt'

21-10-2025T20:40:56 - [MESSAGE][PASSED] - Keys 'BACK_SPACE + ' sent to object: 'Object Repository/FIM/Sites Page/Site Filtering/Site_txt'

21-10-2025T20:40:56 - [TEST_STEP][PASSED] - (i++): null

21-10-2025T20:40:56 - [TEST_STEP][PASSED] - sendKeys(findTestObject("FIM/Sites Page/Site Filtering/Site_txt"), Keys.chord(BACK_SPACE), STOP_ON_FAILURE): Keys 'BACK_SPACE + ' sent to object: 'Object Repository/FIM/Sites Page/Site Filtering/Site_txt'

21-10-2025T20:40:56 - [MESSAGE][PASSED] - Keys 'BACK_SPACE + ' sent to object: 'Object Repository/FIM/Sites Page/Site Filtering/Site_txt'

21-10-2025T20:40:56 - [TEST_STEP][PASSED] - (i++): null

21-10-2025T20:40:56 - [TEST_STEP][PASSED] - sendKeys(findTestObject("FIM/Sites Page/Site Filtering/Site_txt"), Keys.chord(BACK_SPACE), STOP_ON_FAILURE): Keys 'BACK_SPACE + ' sent to object: 'Object Repository/FIM/Sites Page/Site Filtering/Site_txt'

21-10-2025T20:40:56 - [MESSAGE][PASSED] - Keys 'BACK_SPACE + ' sent to object: 'Object Repository/FIM/Sites Page/Site Filtering/Site_txt'

21-10-2025T20:40:56 - [TEST_STEP][PASSED] - (i++): null

21-10-2025T20:40:56 - [TEST_STEP][PASSED] - sendKeys(findTestObject("FIM/Sites Page/Site Filtering/Site_txt"), Keys.chord(BACK_SPACE), STOP_ON_FAILURE): Keys 'BACK_SPACE + ' sent to object: 'Object Repository/FIM/Sites Page/Site Filtering/Site_txt'

21-10-2025T20:40:56 - [MESSAGE][PASSED] - Keys 'BACK_SPACE + ' sent to object: 'Object Repository/FIM/Sites Page/Site Filtering/Site_txt'

21-10-2025T20:40:56 - [TEST_STEP][PASSED] - (i++): null

21-10-2025T20:40:56 - [TEST_STEP][PASSED] - sendKeys(findTestObject("FIM/Sites Page/Site Filtering/Site_txt"), Keys.chord(BACK_SPACE), STOP_ON_FAILURE): Keys 'BACK_SPACE + ' sent to object: 'Object Repository/FIM/Sites Page/Site Filtering/Site_txt'

21-10-2025T20:40:56 - [MESSAGE][PASSED] - Keys 'BACK_SPACE + ' sent to object: 'Object Repository/FIM/Sites Page/Site Filtering/Site_txt'

21-10-2025T20:40:56 - [TEST_STEP][PASSED] - (i++): null

21-10-2025T20:40:56 - [TEST_STEP][PASSED] - sendKeys(findTestObject("FIM/Sites Page/Site Filtering/Site_txt"), Keys.chord(BACK_SPACE), STOP_ON_FAILURE): Keys 'BACK_SPACE + ' sent to object: 'Object Repository/FIM/Sites Page/Site Filtering/Site_txt'

21-10-2025T20:40:56 - [MESSAGE][PASSED] - Keys 'BACK_SPACE + ' sent to object: 'Object Repository/FIM/Sites Page/Site Filtering/Site_txt'

21-10-2025T20:40:56 - [TEST_STEP][PASSED] - (i++): null

21-10-2025T20:40:56 - [TEST_STEP][PASSED] - sendKeys(findTestObject("FIM/Sites Page/Site Filtering/Site_txt"), Keys.chord(BACK_SPACE), STOP_ON_FAILURE): Keys 'BACK_SPACE + ' sent to object: 'Object Repository/FIM/Sites Page/Site Filtering/Site_txt'

21-10-2025T20:40:56 - [MESSAGE][PASSED] - Keys 'BACK_SPACE + ' sent to object: 'Object Repository/FIM/Sites Page/Site Filtering/Site_txt'

21-10-2025T20:40:56 - [TEST_STEP][PASSED] - (i++): null

21-10-2025T20:40:56 - [TEST_STEP][PASSED] - sendKeys(findTestObject("FIM/Sites Page/Site Filtering/Site_txt"), Keys.chord(BACK_SPACE), STOP_ON_FAILURE): Keys 'BACK_SPACE + ' sent to object: 'Object Repository/FIM/Sites Page/Site Filtering/Site_txt'

21-10-2025T20:40:56 - [MESSAGE][PASSED] - Keys 'BACK_SPACE + ' sent to object: 'Object Repository/FIM/Sites Page/Site Filtering/Site_txt'

21-10-2025T20:40:56 - [TEST_STEP][PASSED] - (i++): null

21-10-2025T20:40:56 - [TEST_STEP][PASSED] - sendKeys(findTestObject("FIM/Sites Page/Site Filtering/Site_txt"), Keys.chord(BACK_SPACE), STOP_ON_FAILURE): Keys 'BACK_SPACE + ' sent to object: 'Object Repository/FIM/Sites Page/Site Filtering/Site_txt'

21-10-2025T20:40:57 - [MESSAGE][PASSED] - Keys 'BACK_SPACE + ' sent to object: 'Object Repository/FIM/Sites Page/Site Filtering/Site_txt'

21-10-2025T20:40:57 - [TEST_STEP][PASSED] - (i++): null

21-10-2025T20:40:57 - [TEST_STEP][PASSED] - sendKeys(findTestObject("FIM/Sites Page/Site Filtering/Site_txt"), Keys.chord(BACK_SPACE), STOP_ON_FAILURE): Keys 'BACK_SPACE + ' sent to object: 'Object Repository/FIM/Sites Page/Site Filtering/Site_txt'

21-10-2025T20:40:57 - [MESSAGE][PASSED] - Keys 'BACK_SPACE + ' sent to object: 'Object Repository/FIM/Sites Page/Site Filtering/Site_txt'

21-10-2025T20:40:57 - [TEST_STEP][PASSED] - (i++): null

21-10-2025T20:40:57 - [TEST_STEP][PASSED] - sendKeys(findTestObject("FIM/Sites Page/Site Filtering/Site_txt"), Keys.chord(BACK_SPACE), STOP_ON_FAILURE): Keys 'BACK_SPACE + ' sent to object: 'Object Repository/FIM/Sites Page/Site Filtering/Site_txt'

21-10-2025T20:40:57 - [MESSAGE][PASSED] - Keys 'BACK_SPACE + ' sent to object: 'Object Repository/FIM/Sites Page/Site Filtering/Site_txt'

21-10-2025T20:40:57 - [TEST_STEP][PASSED] - (i++): null

21-10-2025T20:40:57 - [TEST_STEP][PASSED] - sendKeys(findTestObject("FIM/Sites Page/Site Filtering/Site_txt"), Keys.chord(BACK_SPACE), STOP_ON_FAILURE): Keys 'BACK_SPACE + ' sent to object: 'Object Repository/FIM/Sites Page/Site Filtering/Site_txt'

21-10-2025T20:40:57 - [MESSAGE][PASSED] - Keys 'BACK_SPACE + ' sent to object: 'Object Repository/FIM/Sites Page/Site Filtering/Site_txt'

21-10-2025T20:40:57 - [TEST_STEP][PASSED] - (i++): null

21-10-2025T20:40:57 - [TEST_STEP][PASSED] - sendKeys(findTestObject("FIM/Sites Page/Site Filtering/Site_txt"), Keys.chord(BACK_SPACE), STOP_ON_FAILURE): Keys 'BACK_SPACE + ' sent to object: 'Object Repository/FIM/Sites Page/Site Filtering/Site_txt'

21-10-2025T20:40:57 - [MESSAGE][PASSED] - Keys 'BACK_SPACE + ' sent to object: 'Object Repository/FIM/Sites Page/Site Filtering/Site_txt'

21-10-2025T20:40:57 - [TEST_STEP][PASSED] - (i++): null

21-10-2025T20:40:57 - [TEST_STEP][PASSED] - sendKeys(findTestObject("FIM/Sites Page/Site Filtering/Site_txt"), Keys.chord(BACK_SPACE), STOP_ON_FAILURE): Keys 'BACK_SPACE + ' sent to object: 'Object Repository/FIM/Sites Page/Site Filtering/Site_txt'

21-10-2025T20:40:57 - [MESSAGE][PASSED] - Keys 'BACK_SPACE + ' sent to object: 'Object Repository/FIM/Sites Page/Site Filtering/Site_txt'

21-10-2025T20:40:57 - [TEST_STEP][PASSED] - (i++): null

21-10-2025T20:40:57 - [TEST_STEP][PASSED] - sendKeys(findTestObject("FIM/Sites Page/Site Filtering/Site_txt"), Keys.chord(BACK_SPACE), STOP_ON_FAILURE): Keys 'BACK_SPACE + ' sent to object: 'Object Repository/FIM/Sites Page/Site Filtering/Site_txt'

21-10-2025T20:40:57 - [MESSAGE][PASSED] - Keys 'BACK_SPACE + ' sent to object: 'Object Repository/FIM/Sites Page/Site Filtering/Site_txt'

21-10-2025T20:40:57 - [TEST_STEP][PASSED] - (i++): null

21-10-2025T20:40:57 - [TEST_STEP][PASSED] - sendKeys(findTestObject("FIM/Sites Page/Site Filtering/Site_txt"), Keys.chord(BACK_SPACE), STOP_ON_FAILURE): Keys 'BACK_SPACE + ' sent to object: 'Object Repository/FIM/Sites Page/Site Filtering/Site_txt'

21-10-2025T20:40:57 - [MESSAGE][PASSED] - Keys 'BACK_SPACE + ' sent to object: 'Object Repository/FIM/Sites Page/Site Filtering/Site_txt'

21-10-2025T20:40:57 - [TEST_STEP][PASSED] - (i++): null

21-10-2025T20:40:57 - [TEST_STEP][PASSED] - sendKeys(findTestObject("FIM/Sites Page/Site Filtering/Site_txt"), Keys.chord(BACK_SPACE), STOP_ON_FAILURE): Keys 'BACK_SPACE + ' sent to object: 'Object Repository/FIM/Sites Page/Site Filtering/Site_txt'

21-10-2025T20:40:57 - [MESSAGE][PASSED] - Keys 'BACK_SPACE + ' sent to object: 'Object Repository/FIM/Sites Page/Site Filtering/Site_txt'

21-10-2025T20:40:57 - [TEST_STEP][PASSED] - (i++): null

21-10-2025T20:40:57 - [TEST_STEP][PASSED] - sendKeys(findTestObject("FIM/Sites Page/Site Filtering/Site_txt"), Keys.chord(BACK_SPACE), STOP_ON_FAILURE): Keys 'BACK_SPACE + ' sent to object: 'Object Repository/FIM/Sites Page/Site Filtering/Site_txt'

21-10-2025T20:40:57 - [MESSAGE][PASSED] - Keys 'BACK_SPACE + ' sent to object: 'Object Repository/FIM/Sites Page/Site Filtering/Site_txt'

21-10-2025T20:40:57 - [TEST_STEP][PASSED] - (i++): null

21-10-2025T20:40:57 - [TEST_STEP][PASSED] - sendKeys(findTestObject("FIM/Sites Page/Site Filtering/Site_txt"), Keys.chord(BACK_SPACE), STOP_ON_FAILURE): Keys 'BACK_SPACE + ' sent to object: 'Object Repository/FIM/Sites Page/Site Filtering/Site_txt'

21-10-2025T20:40:57 - [MESSAGE][PASSED] - Keys 'BACK_SPACE + ' sent to object: 'Object Repository/FIM/Sites Page/Site Filtering/Site_txt'

21-10-2025T20:40:57 - [TEST_STEP][PASSED] - (i++): null

21-10-2025T20:40:57 - [TEST_STEP][PASSED] - sendKeys(findTestObject("FIM/Sites Page/Site Filtering/Site_txt"), Keys.chord(BACK_SPACE), STOP_ON_FAILURE): Keys 'BACK_SPACE + ' sent to object: 'Object Repository/FIM/Sites Page/Site Filtering/Site_txt'

21-10-2025T20:40:57 - [MESSAGE][PASSED] - Keys 'BACK_SPACE + ' sent to object: 'Object Repository/FIM/Sites Page/Site Filtering/Site_txt'

21-10-2025T20:40:57 - [TEST_STEP][PASSED] - (i++): null

21-10-2025T20:40:57 - [TEST_STEP][PASSED] - sendKeys(findTestObject("FIM/Sites Page/Site Filtering/Site_txt"), Keys.chord(BACK_SPACE), STOP_ON_FAILURE): Keys 'BACK_SPACE + ' sent to object: 'Object Repository/FIM/Sites Page/Site Filtering/Site_txt'

21-10-2025T20:40:57 - [MESSAGE][PASSED] - Keys 'BACK_SPACE + ' sent to object: 'Object Repository/FIM/Sites Page/Site Filtering/Site_txt'

21-10-2025T20:40:57 - [TEST_STEP][PASSED] - (i++): null

21-10-2025T20:40:57 - [TEST_STEP][PASSED] - sendKeys(findTestObject("FIM/Sites Page/Site Filtering/Site_txt"), Keys.chord(BACK_SPACE), STOP_ON_FAILURE): Keys 'BACK_SPACE + ' sent to object: 'Object Repository/FIM/Sites Page/Site Filtering/Site_txt'

21-10-2025T20:40:57 - [MESSAGE][PASSED] - Keys 'BACK_SPACE + ' sent to object: 'Object Repository/FIM/Sites Page/Site Filtering/Site_txt'

21-10-2025T20:40:57 - [TEST_STEP][PASSED] - (i++): null

21-10-2025T20:40:57 - [TEST_STEP][PASSED] - sendKeys(findTestObject("FIM/Sites Page/Site Filtering/Site_txt"), Keys.chord(BACK_SPACE), STOP_ON_FAILURE): Keys 'BACK_SPACE + ' sent to object: 'Object Repository/FIM/Sites Page/Site Filtering/Site_txt'

21-10-2025T20:40:57 - [MESSAGE][PASSED] - Keys 'BACK_SPACE + ' sent to object: 'Object Repository/FIM/Sites Page/Site Filtering/Site_txt'

21-10-2025T20:40:57 - [TEST_STEP][PASSED] - (i++): null

21-10-2025T20:40:57 - [TEST_STEP][PASSED] - sendKeys(findTestObject("FIM/Sites Page/Site Filtering/Site_txt"), Keys.chord(BACK_SPACE), STOP_ON_FAILURE): Keys 'BACK_SPACE + ' sent to object: 'Object Repository/FIM/Sites Page/Site Filtering/Site_txt'

21-10-2025T20:40:57 - [MESSAGE][PASSED] - Keys 'BACK_SPACE + ' sent to object: 'Object Repository/FIM/Sites Page/Site Filtering/Site_txt'

21-10-2025T20:40:57 - [TEST_STEP][PASSED] - (i++): null

21-10-2025T20:40:57 - [TEST_STEP][PASSED] - sendKeys(findTestObject("FIM/Sites Page/Site Filtering/Site_txt"), Keys.chord(BACK_SPACE), STOP_ON_FAILURE): Keys 'BACK_SPACE + ' sent to object: 'Object Repository/FIM/Sites Page/Site Filtering/Site_txt'

21-10-2025T20:40:57 - [MESSAGE][PASSED] - Keys 'BACK_SPACE + ' sent to object: 'Object Repository/FIM/Sites Page/Site Filtering/Site_txt'

21-10-2025T20:40:57 - [TEST_STEP][PASSED] - (i++): null

21-10-2025T20:40:57 - [TEST_STEP][PASSED] - sendKeys(findTestObject("FIM/Sites Page/Site Filtering/Site_txt"), Keys.chord(BACK_SPACE), STOP_ON_FAILURE): Keys 'BACK_SPACE + ' sent to object: 'Object Repository/FIM/Sites Page/Site Filtering/Site_txt'

21-10-2025T20:40:57 - [MESSAGE][PASSED] - Keys 'BACK_SPACE + ' sent to object: 'Object Repository/FIM/Sites Page/Site Filtering/Site_txt'

21-10-2025T20:40:57 - [TEST_STEP][PASSED] - (i++): null

21-10-2025T20:40:57 - [TEST_STEP][PASSED] - sendKeys(findTestObject("FIM/Sites Page/Site Filtering/Site_txt"), Keys.chord(BACK_SPACE), STOP_ON_FAILURE): Keys 'BACK_SPACE + ' sent to object: 'Object Repository/FIM/Sites Page/Site Filtering/Site_txt'

21-10-2025T20:40:57 - [MESSAGE][PASSED] - Keys 'BACK_SPACE + ' sent to object: 'Object Repository/FIM/Sites Page/Site Filtering/Site_txt'

21-10-2025T20:40:57 - [TEST_STEP][PASSED] - (i++): null

21-10-2025T20:40:57 - [TEST_STEP][PASSED] - sendKeys(findTestObject("FIM/Sites Page/Site Filtering/Site_txt"), Keys.chord(BACK_SPACE), STOP_ON_FAILURE): Keys 'BACK_SPACE + ' sent to object: 'Object Repository/FIM/Sites Page/Site Filtering/Site_txt'

21-10-2025T20:40:58 - [MESSAGE][PASSED] - Keys 'BACK_SPACE + ' sent to object: 'Object Repository/FIM/Sites Page/Site Filtering/Site_txt'

21-10-2025T20:40:58 - [TEST_STEP][PASSED] - (i++): null

21-10-2025T20:40:58 - [TEST_STEP][PASSED] - sendKeys(findTestObject("FIM/Sites Page/Site Filtering/Site_txt"), Keys.chord(BACK_SPACE), STOP_ON_FAILURE): Keys 'BACK_SPACE + ' sent to object: 'Object Repository/FIM/Sites Page/Site Filtering/Site_txt'

21-10-2025T20:40:58 - [MESSAGE][PASSED] - Keys 'BACK_SPACE + ' sent to object: 'Object Repository/FIM/Sites Page/Site Filtering/Site_txt'

21-10-2025T20:40:58 - [TEST_STEP][PASSED] - (i++): null

21-10-2025T20:40:58 - [TEST_STEP][PASSED] - sendKeys(findTestObject("FIM/Sites Page/Site Filtering/Site_txt"), Keys.chord(BACK_SPACE), STOP_ON_FAILURE): Keys 'BACK_SPACE + ' sent to object: 'Object Repository/FIM/Sites Page/Site Filtering/Site_txt'

21-10-2025T20:40:58 - [MESSAGE][PASSED] - Keys 'BACK_SPACE + ' sent to object: 'Object Repository/FIM/Sites Page/Site Filtering/Site_txt'

21-10-2025T20:40:58 - [TEST_STEP][PASSED] - (i++): null

21-10-2025T20:40:58 - [TEST_STEP][PASSED] - sendKeys(findTestObject("FIM/Sites Page/Site Filtering/Site_txt"), Keys.chord(BACK_SPACE), STOP_ON_FAILURE): Keys 'BACK_SPACE + ' sent to object: 'Object Repository/FIM/Sites Page/Site Filtering/Site_txt'

21-10-2025T20:40:58 - [MESSAGE][PASSED] - Keys 'BACK_SPACE + ' sent to object: 'Object Repository/FIM/Sites Page/Site Filtering/Site_txt'

21-10-2025T20:40:58 - [TEST_STEP][PASSED] - (i++): null

21-10-2025T20:40:58 - [TEST_STEP][PASSED] - sendKeys(findTestObject("FIM/Sites Page/Site Filtering/Site_txt"), Keys.chord(BACK_SPACE), STOP_ON_FAILURE): Keys 'BACK_SPACE + ' sent to object: 'Object Repository/FIM/Sites Page/Site Filtering/Site_txt'

21-10-2025T20:40:58 - [MESSAGE][PASSED] - Keys 'BACK_SPACE + ' sent to object: 'Object Repository/FIM/Sites Page/Site Filtering/Site_txt'

21-10-2025T20:40:58 - [TEST_STEP][PASSED] - (i++): null

21-10-2025T20:40:58 - [TEST_STEP][PASSED] - sendKeys(findTestObject("FIM/Sites Page/Site Filtering/Site_txt"), Keys.chord(BACK_SPACE), STOP_ON_FAILURE): Keys 'BACK_SPACE + ' sent to object: 'Object Repository/FIM/Sites Page/Site Filtering/Site_txt'

21-10-2025T20:40:58 - [MESSAGE][PASSED] - Keys 'BACK_SPACE + ' sent to object: 'Object Repository/FIM/Sites Page/Site Filtering/Site_txt'

21-10-2025T20:40:58 - [TEST_STEP][PASSED] - (i++): null

21-10-2025T20:40:58 - [TEST_STEP][PASSED] - sendKeys(findTestObject("FIM/Sites Page/Site Filtering/Site_txt"), Keys.chord(BACK_SPACE), STOP_ON_FAILURE): Keys 'BACK_SPACE + ' sent to object: 'Object Repository/FIM/Sites Page/Site Filtering/Site_txt'

21-10-2025T20:40:58 - [MESSAGE][PASSED] - Keys 'BACK_SPACE + ' sent to object: 'Object Repository/FIM/Sites Page/Site Filtering/Site_txt'

21-10-2025T20:40:58 - [TEST_STEP][PASSED] - (i++): null

21-10-2025T20:40:58 - [TEST_STEP][PASSED] - sendKeys(findTestObject("FIM/Sites Page/Site Filtering/Site_txt"), Keys.chord(BACK_SPACE), STOP_ON_FAILURE): Keys 'BACK_SPACE + ' sent to object: 'Object Repository/FIM/Sites Page/Site Filtering/Site_txt'

21-10-2025T20:40:58 - [MESSAGE][PASSED] - Keys 'BACK_SPACE + ' sent to object: 'Object Repository/FIM/Sites Page/Site Filtering/Site_txt'

21-10-2025T20:40:58 - [TEST_STEP][PASSED] - (i++): null

21-10-2025T20:40:58 - [TEST_STEP][PASSED] - sendKeys(findTestObject("FIM/Sites Page/Site Filtering/Site_txt"), Keys.chord(BACK_SPACE), STOP_ON_FAILURE): Keys 'BACK_SPACE + ' sent to object: 'Object Repository/FIM/Sites Page/Site Filtering/Site_txt'

21-10-2025T20:40:58 - [MESSAGE][PASSED] - Keys 'BACK_SPACE + ' sent to object: 'Object Repository/FIM/Sites Page/Site Filtering/Site_txt'

21-10-2025T20:40:58 - [TEST_STEP][PASSED] - (i++): null

21-10-2025T20:40:58 - [TEST_STEP][PASSED] - sendKeys(findTestObject("FIM/Sites Page/Site Filtering/Site_txt"), Keys.chord(BACK_SPACE), STOP_ON_FAILURE): Keys 'BACK_SPACE + ' sent to object: 'Object Repository/FIM/Sites Page/Site Filtering/Site_txt'

21-10-2025T20:40:58 - [MESSAGE][PASSED] - Keys 'BACK_SPACE + ' sent to object: 'Object Repository/FIM/Sites Page/Site Filtering/Site_txt'

21-10-2025T20:40:58 - [TEST_STEP][PASSED] - (i++): null

21-10-2025T20:40:58 - [TEST_STEP][PASSED] - sendKeys(findTestObject("FIM/Sites Page/Site Filtering/Site_txt"), "TURK132 - 798 North", STOP_ON_FAILURE): Keys 'TURK132 - 798 North' sent to object: 'Object Repository/FIM/Sites Page/Site Filtering/Site_txt'

21-10-2025T20:40:58 - [MESSAGE][PASSED] - Keys 'TURK132 - 798 North' sent to object: 'Object Repository/FIM/Sites Page/Site Filtering/Site_txt'

21-10-2025T20:40:58 - [TEST_STEP][PASSED] - sendKeys(findTestObject("FIM/Sites Page/Site Filtering/Site_txt"), Keys.chord(ENTER), STOP_ON_FAILURE): Keys 'ENTER + ' sent to object: 'Object Repository/FIM/Sites Page/Site Filtering/Site_txt'

21-10-2025T20:40:58 - [MESSAGE][PASSED] - Keys 'ENTER + ' sent to object: 'Object Repository/FIM/Sites Page/Site Filtering/Site_txt'

21-10-2025T20:40:58 - [TEST_STEP][PASSED] - waitForElementClickable(findTestObject("FIM/Sites Page/Orders/Create Order/CreateOrder_btn"), 300): Object 'Object Repository/FIM/Sites Page/Orders/Create Order/CreateOrder_btn' is clickable

21-10-2025T20:40:59 - [MESSAGE][PASSED] - Object 'Object Repository/FIM/Sites Page/Orders/Create Order/CreateOrder_btn' is clickable

21-10-2025T20:40:59 - [TEST_STEP][PASSED] - click(findTestObject("FIM/Sites Page/Orders/Create Order/CreateOrder_btn"), OPTIONAL): Object: 'Object Repository/FIM/Sites Page/Orders/Create Order/CreateOrder_btn' is clicked on

21-10-2025T20:40:59 - [MESSAGE][PASSED] - Object: 'Object Repository/FIM/Sites Page/Orders/Create Order/CreateOrder_btn' is clicked on

21-10-2025T20:40:59 - [TEST_STEP][PASSED] - delay(1): Delayed 1 second(s)

21-10-2025T20:41:00 - [MESSAGE][PASSED] - Delayed 1 second(s)

21-10-2025T20:41:00 - [TEST_STEP][PASSED] - clearText(findTestObject("FIM/Sites Page/Orders/Create Order/30PRM_txt (1)")): Text of object 'Object Repository/FIM/Sites Page/Orders/Create Order/30PRM_txt (1)' is cleared

21-10-2025T20:41:00 - [MESSAGE][PASSED] - Text of object 'Object Repository/FIM/Sites Page/Orders/Create Order/30PRM_txt (1)' is cleared

21-10-2025T20:41:00 - [TEST_STEP][PASSED] - delay(1): Delayed 1 second(s)

21-10-2025T20:41:01 - [MESSAGE][PASSED] - Delayed 1 second(s)

21-10-2025T20:41:01 - [TEST_STEP][PASSED] - sendKeys(findTestObject("FIM/Sites Page/Orders/Create Order/30PRM_txt (1)"), "5000"): Keys '5000' sent to object: 'Object Repository/FIM/Sites Page/Orders/Create Order/30PRM_txt (1)'

21-10-2025T20:41:01 - [MESSAGE][PASSED] - Keys '5000' sent to object: 'Object Repository/FIM/Sites Page/Orders/Create Order/30PRM_txt (1)'

21-10-2025T20:41:01 - [TEST_STEP][PASSED] - delay(2): Delayed 2 second(s)

21-10-2025T20:41:03 - [MESSAGE][PASSED] - Delayed 2 second(s)

21-10-2025T20:41:03 - [TEST_STEP][PASSED] - sendKeys(findTestObject("FIM/Sites Page/Orders/Create Order/Customer Shift_txt"), "Morning - Evening"): Keys 'Morning - Evening' sent to object: 'Object Repository/FIM/Sites Page/Orders/Create Order/Customer Shift_txt'

21-10-2025T20:41:04 - [MESSAGE][PASSED] - Keys 'Morning - Evening' sent to object: 'Object Repository/FIM/Sites Page/Orders/Create Order/Customer Shift_txt'

21-10-2025T20:41:04 - [TEST_STEP][PASSED] - click(findTestObject("FIM/Sites Page/Orders/Save_btn")): Object: 'Object Repository/FIM/Sites Page/Orders/Save_btn' is clicked on

21-10-2025T20:41:04 - [MESSAGE][PASSED] - Object: 'Object Repository/FIM/Sites Page/Orders/Save_btn' is clicked on

21-10-2025T20:41:04 - [TEST_STEP][PASSED] - delay(1): Delayed 1 second(s)

21-10-2025T20:41:05 - [MESSAGE][PASSED] - Delayed 1 second(s)

21-10-2025T20:41:05 - [TEST_STEP][PASSED] - verifyElementVisible(findTestObject("FIM/Sites Page/Orders/Create Order/Order Creation Message"), STOP_ON_FAILURE): Object 'Object Repository/FIM/Sites Page/Orders/Create Order/Order Creation Message' is visible

21-10-2025T20:41:05 - [MESSAGE][PASSED] - Object 'Object Repository/FIM/Sites Page/Orders/Create Order/Order Creation Message' is visible

21-10-2025T20:41:05 - [TEST_STEP][PASSED] - verifyElementText(findTestObject("FIM/Sites Page/Orders/Create Order/Order Creation Message"), "New order has been added"): Actual text and expected text of test object 'Object Repository/FIM/Sites Page/Orders/Create Order/Order Creation Message' are matched.

21-10-2025T20:41:05 - [MESSAGE][PASSED] - Actual text and expected text of test object 'Object Repository/FIM/Sites Page/Orders/Create Order/Order Creation Message' are matched.

21-10-2025T20:41:05 - [TEST_STEP][PASSED] - closeBrowser(): Browser is closed

21-10-2025T20:41:05 - [MESSAGE][PASSED] - Browser is closed

21-10-2025T20:41:05 - [TEST_STEP][PASSED] - Start listener action : retryOnDisconnect: null

21-10-2025T20:41:05 - [TEST_STEP][PASSED] - tcId = testCaseContext.getTestCaseId(): null

21-10-2025T20:41:05 - [TEST_STEP][PASSED] - currentRetry = retryCounts.getOrDefault(tcId, 0): null

21-10-2025T20:41:05 - [TEST_STEP][PASSED] - if (testCaseContext.getTestCaseStatus() == "FAILED" && currentRetry < MAX_RETRIES): null]]></system-out>
         <system-err><![CDATA[]]></system-err>
      </testcase>
      <testcase name="Test Cases/FIM/UI/KGL/Admin/Sites Page/Orders/Create Order with Order Remarks Comment" time="48.843" classname="Test Cases/FIM/UI/KGL/Admin/Sites Page/Orders/Create Order with Order Remarks Comment" status="PASSED">
         <system-out><![CDATA[21-10-2025T20:41:05 - [TEST_CASE][PASSED] - Test Cases/FIM/UI/KGL/Admin/Sites Page/Orders/Create Order with Order Remarks Comment: Test Cases/FIM/UI/KGL/Admin/Sites Page/Orders/Create Order with Order Remarks Comment

21-10-2025T20:41:05 - [TEST_STEP][PASSED] - Start listener action : beforeTestCase: null

21-10-2025T20:41:05 - [TEST_STEP][PASSED] - addDefaultPackages(): null

21-10-2025T20:41:05 - [TEST_STEP][PASSED] - i = 0: null

21-10-2025T20:41:05 - [TEST_STEP][PASSED] - callTestCase(findTestCase("Utility Scripts/FIM KGL Admin Login"), [:], STOP_ON_FAILURE): Call Test Case 'Test Cases/Utility Scripts/FIM KGL Admin Login' successfully

21-10-2025T20:41:05 - [TEST_CASE][PASSED] - Test Cases/Utility Scripts/FIM KGL Admin Login: Test Cases/Utility Scripts/FIM KGL Admin Login

21-10-2025T20:41:05 - [TEST_STEP][PASSED] - openBrowser(""): Browser is opened with url: ''

21-10-2025T20:41:05 - [MESSAGE][INFO] - Starting 'Chrome' driver

21-10-2025T20:41:05 - [MESSAGE][INFO] - User set preference: ['args', '[--no-sandbox, --disable-gpu, --disable-dev-shm-usage]']

21-10-2025T20:41:05 - [MESSAGE][INFO] - Action delay is set to 0 milliseconds

21-10-2025T20:41:06 - [MESSAGE][PASSED] - Browser is opened with url: ''

21-10-2025T20:41:06 - [TEST_STEP][PASSED] - delay(1): Delayed 1 second(s)

21-10-2025T20:41:07 - [MESSAGE][PASSED] - Delayed 1 second(s)

21-10-2025T20:41:07 - [TEST_STEP][PASSED] - navigateToUrl(KGLCustomGroupUrl): Navigate to 'https://kaglogistics-inventory-management-portal.qa.thekag.com/custom-group/' successfully

21-10-2025T20:41:07 - [MESSAGE][PASSED] - Navigate to 'https://kaglogistics-inventory-management-portal.qa.thekag.com/custom-group/' successfully

21-10-2025T20:41:07 - [TEST_STEP][PASSED] - delay(10): Delayed 10 second(s)

21-10-2025T20:41:17 - [MESSAGE][PASSED] - Delayed 10 second(s)

21-10-2025T20:41:17 - [TEST_STEP][PASSED] - if (maximizeWindow == true): Delayed 1 second(s)

21-10-2025T20:41:17 - [TEST_STEP][PASSED] - maximizeWindow(STOP_ON_FAILURE): Current window maximized

21-10-2025T20:41:17 - [MESSAGE][PASSED] - Current window maximized

21-10-2025T20:41:17 - [TEST_STEP][PASSED] - delay(1): Delayed 1 second(s)

21-10-2025T20:41:18 - [MESSAGE][PASSED] - Delayed 1 second(s)

21-10-2025T20:41:18 - [TEST_STEP][PASSED] - waitForElementPresent(findTestObject("FIM/Username_txt"), 10): Object 'Object Repository/FIM/Username_txt' is present

21-10-2025T20:41:18 - [MESSAGE][PASSED] - Object 'Object Repository/FIM/Username_txt' is present

21-10-2025T20:41:18 - [TEST_STEP][PASSED] - setText(findTestObject("FIM/Username_txt"), FIMUsername): Text 'Chris.Sheldon+DES_QA@Thekag.com' is set on object 'Object Repository/FIM/Username_txt'

21-10-2025T20:41:18 - [MESSAGE][PASSED] - Text 'Chris.Sheldon+DES_QA@Thekag.com' is set on object 'Object Repository/FIM/Username_txt'

21-10-2025T20:41:18 - [TEST_STEP][PASSED] - delay(1): Delayed 1 second(s)

21-10-2025T20:41:19 - [MESSAGE][PASSED] - Delayed 1 second(s)

21-10-2025T20:41:19 - [TEST_STEP][PASSED] - setText(findTestObject("FIM/Password_txt"), FIMPassword): Text 'QATest!2' is set on object 'Object Repository/FIM/Password_txt'

21-10-2025T20:41:19 - [MESSAGE][PASSED] - Text 'QATest!2' is set on object 'Object Repository/FIM/Password_txt'

21-10-2025T20:41:19 - [TEST_STEP][PASSED] - delay(1): Delayed 1 second(s)

21-10-2025T20:41:20 - [MESSAGE][PASSED] - Delayed 1 second(s)

21-10-2025T20:41:20 - [TEST_STEP][PASSED] - click(findTestObject("FIM/Login_btn")): Object: 'Object Repository/FIM/Login_btn' is clicked on

21-10-2025T20:41:21 - [MESSAGE][PASSED] - Object: 'Object Repository/FIM/Login_btn' is clicked on

21-10-2025T20:41:21 - [MESSAGE][PASSED] - Call Test Case 'Test Cases/Utility Scripts/FIM KGL Admin Login' successfully

21-10-2025T20:41:21 - [TEST_STEP][PASSED] - if (verifyElementVisible(findTestObject("FIM/Server_Notification_Close_btn"), OPTIONAL) == true): Web element with id: 'Object Repository/FIM/Server_Notification_Close_btn' located by '/html/body/div/div[1]/button' not found (Root cause: com.kms.katalon.core.exception.StepFailedException: Web element with id: 'Object Repository/FIM/Server_Notification_Close_btn' located by '/html/body/div/div[1]/button' not found
	at com.kms.katalon.core.webui.keyword.internal.WebUIKeywordMain.stepFailed(WebUIKeywordMain.groovy:117)
	at com.kms.katalon.core.webui.keyword.builtin.VerifyElementVisibleKeyword$_verifyElementVisible_closure1.doCall(VerifyElementVisibleKeyword.groovy:89)
	at com.kms.katalon.core.webui.keyword.builtin.VerifyElementVisibleKeyword$_verifyElementVisible_closure1.call(VerifyElementVisibleKeyword.groovy)
	at com.kms.katalon.core.webui.keyword.internal.WebUIKeywordMain.runKeyword(WebUIKeywordMain.groovy:35)
	at com.kms.katalon.core.webui.keyword.builtin.VerifyElementVisibleKeyword.verifyElementVisible(VerifyElementVisibleKeyword.groovy:97)
	at com.kms.katalon.core.webui.keyword.builtin.VerifyElementVisibleKeyword.execute(VerifyElementVisibleKeyword.groovy:67)
	at com.kms.katalon.core.keyword.internal.KeywordExecutor.executeKeywordForPlatform(KeywordExecutor.groovy:74)
	at com.kms.katalon.core.webui.keyword.WebUiBuiltInKeywords.verifyElementVisible(WebUiBuiltInKeywords.groovy:401)
	at com.kms.katalon.core.webui.keyword.WebUiBuiltInKeywords$verifyElementVisible$5.call(Unknown Source)
	at Create Order with Order Remarks Comment.run(Create Order with Order Remarks Comment:24)
	at com.kms.katalon.core.main.ScriptEngine.run(ScriptEngine.java:194)
	at com.kms.katalon.core.main.ScriptEngine.runScriptAsRawText(ScriptEngine.java:119)
	at com.kms.katalon.core.main.TestCaseExecutor.runScript(TestCaseExecutor.java:448)
	at com.kms.katalon.core.main.TestCaseExecutor.doExecute(TestCaseExecutor.java:439)
	at com.kms.katalon.core.main.TestCaseExecutor.processExecutionPhase(TestCaseExecutor.java:418)
	at com.kms.katalon.core.main.TestCaseExecutor.accessMainPhase(TestCaseExecutor.java:410)
	at com.kms.katalon.core.main.TestCaseExecutor.execute(TestCaseExecutor.java:285)
	at com.kms.katalon.core.common.CommonExecutor.accessTestCaseMainPhase(CommonExecutor.java:65)
	at com.kms.katalon.core.main.TestSuiteExecutor.accessTestSuiteMainPhase(TestSuiteExecutor.java:150)
	at com.kms.katalon.core.main.TestSuiteExecutor.execute(TestSuiteExecutor.java:106)
	at com.kms.katalon.core.main.TestCaseMain.startTestSuite(TestCaseMain.java:180)
	at com.kms.katalon.core.main.TestCaseMain$startTestSuite$0.call(Unknown Source)
	at TempTestSuite1761090769781.run(TempTestSuite1761090769781.groovy:35)
	at java.base/jdk.internal.reflect.NativeMethodAccessorImpl.invoke0(Native Method)
	at java.base/jdk.internal.reflect.NativeMethodAccessorImpl.invoke(NativeMethodAccessorImpl.java:77)
	at java.base/jdk.internal.reflect.DelegatingMethodAccessorImpl.invoke(DelegatingMethodAccessorImpl.java:43)
)

21-10-2025T20:41:37 - [MESSAGE][INFO] - Unable to find the element located by 'By.xpath: /html/body/div/div[1]/button'. Please recheck the objects properties to make sure the desired element is located. 

21-10-2025T20:41:37 - [MESSAGE][WARNING] - [SELF-HEALING] Failed to find element with id 'Object Repository/FIM/Server_Notification_Close_btn'. Try using Self-healing.

21-10-2025T20:41:38 - [MESSAGE][INFO] - [SELF-HEALING] No working XPath is found.

21-10-2025T20:41:40 - [MESSAGE][INFO] - Unable to find the element located by 'By.xpath: '. Please recheck the objects properties to make sure the desired element is located. 

21-10-2025T20:41:40 - [MESSAGE][WARNING] - [SELF-HEALING] Cannot find elements when the selector is null

21-10-2025T20:41:40 - [MESSAGE][WARNING] - Web element with id: 'Object Repository/FIM/Server_Notification_Close_btn' located by '/html/body/div/div[1]/button' not found (Root cause: com.kms.katalon.core.exception.StepFailedException: Web element with id: 'Object Repository/FIM/Server_Notification_Close_btn' located by '/html/body/div/div[1]/button' not found
	at com.kms.katalon.core.webui.keyword.internal.WebUIKeywordMain.stepFailed(WebUIKeywordMain.groovy:117)
	at com.kms.katalon.core.webui.keyword.builtin.VerifyElementVisibleKeyword$_verifyElementVisible_closure1.doCall(VerifyElementVisibleKeyword.groovy:89)
	at com.kms.katalon.core.webui.keyword.builtin.VerifyElementVisibleKeyword$_verifyElementVisible_closure1.call(VerifyElementVisibleKeyword.groovy)
	at com.kms.katalon.core.webui.keyword.internal.WebUIKeywordMain.runKeyword(WebUIKeywordMain.groovy:35)
	at com.kms.katalon.core.webui.keyword.builtin.VerifyElementVisibleKeyword.verifyElementVisible(VerifyElementVisibleKeyword.groovy:97)
	at com.kms.katalon.core.webui.keyword.builtin.VerifyElementVisibleKeyword.execute(VerifyElementVisibleKeyword.groovy:67)
	at com.kms.katalon.core.keyword.internal.KeywordExecutor.executeKeywordForPlatform(KeywordExecutor.groovy:74)
	at com.kms.katalon.core.webui.keyword.WebUiBuiltInKeywords.verifyElementVisible(WebUiBuiltInKeywords.groovy:401)
	at com.kms.katalon.core.webui.keyword.WebUiBuiltInKeywords$verifyElementVisible$5.call(Unknown Source)
	at Create Order with Order Remarks Comment.run(Create Order with Order Remarks Comment:24)
	at com.kms.katalon.core.main.ScriptEngine.run(ScriptEngine.java:194)
	at com.kms.katalon.core.main.ScriptEngine.runScriptAsRawText(ScriptEngine.java:119)
	at com.kms.katalon.core.main.TestCaseExecutor.runScript(TestCaseExecutor.java:448)
	at com.kms.katalon.core.main.TestCaseExecutor.doExecute(TestCaseExecutor.java:439)
	at com.kms.katalon.core.main.TestCaseExecutor.processExecutionPhase(TestCaseExecutor.java:418)
	at com.kms.katalon.core.main.TestCaseExecutor.accessMainPhase(TestCaseExecutor.java:410)
	at com.kms.katalon.core.main.TestCaseExecutor.execute(TestCaseExecutor.java:285)
	at com.kms.katalon.core.common.CommonExecutor.accessTestCaseMainPhase(CommonExecutor.java:65)
	at com.kms.katalon.core.main.TestSuiteExecutor.accessTestSuiteMainPhase(TestSuiteExecutor.java:150)
	at com.kms.katalon.core.main.TestSuiteExecutor.execute(TestSuiteExecutor.java:106)
	at com.kms.katalon.core.main.TestCaseMain.startTestSuite(TestCaseMain.java:180)
	at com.kms.katalon.core.main.TestCaseMain$startTestSuite$0.call(Unknown Source)
	at TempTestSuite1761090769781.run(TempTestSuite1761090769781.groovy:35)
	at java.base/jdk.internal.reflect.NativeMethodAccessorImpl.invoke0(Native Method)
	at java.base/jdk.internal.reflect.NativeMethodAccessorImpl.invoke(NativeMethodAccessorImpl.java:77)
	at java.base/jdk.internal.reflect.DelegatingMethodAccessorImpl.invoke(DelegatingMethodAccessorImpl.java:43)
)

21-10-2025T20:41:40 - [TEST_STEP][PASSED] - delay(1): Delayed 1 second(s)

21-10-2025T20:41:41 - [MESSAGE][PASSED] - Delayed 1 second(s)

21-10-2025T20:41:41 - [TEST_STEP][PASSED] - click(findTestObject("FIM/Hamburger Menu List/Hamburger_menu")): Object: 'Object Repository/FIM/Hamburger Menu List/Hamburger_menu' is clicked on

21-10-2025T20:41:41 - [MESSAGE][PASSED] - Object: 'Object Repository/FIM/Hamburger Menu List/Hamburger_menu' is clicked on

21-10-2025T20:41:41 - [TEST_STEP][PASSED] - verifyElementPresent(findTestObject("FIM/Hamburger Menu List/Sites_list (1)"), 10): Object 'Object Repository/FIM/Hamburger Menu List/Sites_list (1)' is present

21-10-2025T20:41:41 - [MESSAGE][PASSED] - Object 'Object Repository/FIM/Hamburger Menu List/Sites_list (1)' is present

21-10-2025T20:41:41 - [TEST_STEP][PASSED] - delay(1): Delayed 1 second(s)

21-10-2025T20:41:42 - [MESSAGE][PASSED] - Delayed 1 second(s)

21-10-2025T20:41:42 - [TEST_STEP][PASSED] - click(findTestObject("FIM/Hamburger Menu List/Sites_list (1)")): Object: 'Object Repository/FIM/Hamburger Menu List/Sites_list (1)' is clicked on

21-10-2025T20:41:42 - [MESSAGE][PASSED] - Object: 'Object Repository/FIM/Hamburger Menu List/Sites_list (1)' is clicked on

21-10-2025T20:41:42 - [TEST_STEP][PASSED] - waitForElementPresent(findTestObject("FIM/Sites Page/Calculator/Calculator Tab"), 10): Object 'Object Repository/FIM/Sites Page/Calculator/Calculator Tab' is present

21-10-2025T20:41:43 - [MESSAGE][PASSED] - Object 'Object Repository/FIM/Sites Page/Calculator/Calculator Tab' is present

21-10-2025T20:41:43 - [TEST_STEP][PASSED] - selectOptionByLabel(findTestObject("FIM/Sites Page/Site Filtering/Region Selection_dropdown"), "KAG LOGISTICS", false): All options with label 'KAG LOGISTICS' are selected in object 'Object Repository/FIM/Sites Page/Site Filtering/Region Selection_dropdown' 

21-10-2025T20:41:43 - [MESSAGE][PASSED] - All options with label 'KAG LOGISTICS' are selected in object 'Object Repository/FIM/Sites Page/Site Filtering/Region Selection_dropdown' 

21-10-2025T20:41:43 - [TEST_STEP][PASSED] - while (i < 60 == true): null

21-10-2025T20:41:43 - [TEST_STEP][PASSED] - sendKeys(findTestObject("FIM/Sites Page/Site Filtering/Site_txt"), Keys.chord(BACK_SPACE), STOP_ON_FAILURE): Keys 'BACK_SPACE + ' sent to object: 'Object Repository/FIM/Sites Page/Site Filtering/Site_txt'

21-10-2025T20:41:44 - [MESSAGE][PASSED] - Keys 'BACK_SPACE + ' sent to object: 'Object Repository/FIM/Sites Page/Site Filtering/Site_txt'

21-10-2025T20:41:44 - [TEST_STEP][PASSED] - (i++): null

21-10-2025T20:41:44 - [TEST_STEP][PASSED] - sendKeys(findTestObject("FIM/Sites Page/Site Filtering/Site_txt"), Keys.chord(BACK_SPACE), STOP_ON_FAILURE): Keys 'BACK_SPACE + ' sent to object: 'Object Repository/FIM/Sites Page/Site Filtering/Site_txt'

21-10-2025T20:41:44 - [MESSAGE][PASSED] - Keys 'BACK_SPACE + ' sent to object: 'Object Repository/FIM/Sites Page/Site Filtering/Site_txt'

21-10-2025T20:41:44 - [TEST_STEP][PASSED] - (i++): null

21-10-2025T20:41:44 - [TEST_STEP][PASSED] - sendKeys(findTestObject("FIM/Sites Page/Site Filtering/Site_txt"), Keys.chord(BACK_SPACE), STOP_ON_FAILURE): Keys 'BACK_SPACE + ' sent to object: 'Object Repository/FIM/Sites Page/Site Filtering/Site_txt'

21-10-2025T20:41:44 - [MESSAGE][PASSED] - Keys 'BACK_SPACE + ' sent to object: 'Object Repository/FIM/Sites Page/Site Filtering/Site_txt'

21-10-2025T20:41:44 - [TEST_STEP][PASSED] - (i++): null

21-10-2025T20:41:44 - [TEST_STEP][PASSED] - sendKeys(findTestObject("FIM/Sites Page/Site Filtering/Site_txt"), Keys.chord(BACK_SPACE), STOP_ON_FAILURE): Keys 'BACK_SPACE + ' sent to object: 'Object Repository/FIM/Sites Page/Site Filtering/Site_txt'

21-10-2025T20:41:44 - [MESSAGE][PASSED] - Keys 'BACK_SPACE + ' sent to object: 'Object Repository/FIM/Sites Page/Site Filtering/Site_txt'

21-10-2025T20:41:44 - [TEST_STEP][PASSED] - (i++): null

21-10-2025T20:41:44 - [TEST_STEP][PASSED] - sendKeys(findTestObject("FIM/Sites Page/Site Filtering/Site_txt"), Keys.chord(BACK_SPACE), STOP_ON_FAILURE): Keys 'BACK_SPACE + ' sent to object: 'Object Repository/FIM/Sites Page/Site Filtering/Site_txt'

21-10-2025T20:41:44 - [MESSAGE][PASSED] - Keys 'BACK_SPACE + ' sent to object: 'Object Repository/FIM/Sites Page/Site Filtering/Site_txt'

21-10-2025T20:41:44 - [TEST_STEP][PASSED] - (i++): null

21-10-2025T20:41:44 - [TEST_STEP][PASSED] - sendKeys(findTestObject("FIM/Sites Page/Site Filtering/Site_txt"), Keys.chord(BACK_SPACE), STOP_ON_FAILURE): Keys 'BACK_SPACE + ' sent to object: 'Object Repository/FIM/Sites Page/Site Filtering/Site_txt'

21-10-2025T20:41:44 - [MESSAGE][PASSED] - Keys 'BACK_SPACE + ' sent to object: 'Object Repository/FIM/Sites Page/Site Filtering/Site_txt'

21-10-2025T20:41:44 - [TEST_STEP][PASSED] - (i++): null

21-10-2025T20:41:44 - [TEST_STEP][PASSED] - sendKeys(findTestObject("FIM/Sites Page/Site Filtering/Site_txt"), Keys.chord(BACK_SPACE), STOP_ON_FAILURE): Keys 'BACK_SPACE + ' sent to object: 'Object Repository/FIM/Sites Page/Site Filtering/Site_txt'

21-10-2025T20:41:44 - [MESSAGE][PASSED] - Keys 'BACK_SPACE + ' sent to object: 'Object Repository/FIM/Sites Page/Site Filtering/Site_txt'

21-10-2025T20:41:44 - [TEST_STEP][PASSED] - (i++): null

21-10-2025T20:41:44 - [TEST_STEP][PASSED] - sendKeys(findTestObject("FIM/Sites Page/Site Filtering/Site_txt"), Keys.chord(BACK_SPACE), STOP_ON_FAILURE): Keys 'BACK_SPACE + ' sent to object: 'Object Repository/FIM/Sites Page/Site Filtering/Site_txt'

21-10-2025T20:41:44 - [MESSAGE][PASSED] - Keys 'BACK_SPACE + ' sent to object: 'Object Repository/FIM/Sites Page/Site Filtering/Site_txt'

21-10-2025T20:41:44 - [TEST_STEP][PASSED] - (i++): null

21-10-2025T20:41:44 - [TEST_STEP][PASSED] - sendKeys(findTestObject("FIM/Sites Page/Site Filtering/Site_txt"), Keys.chord(BACK_SPACE), STOP_ON_FAILURE): Keys 'BACK_SPACE + ' sent to object: 'Object Repository/FIM/Sites Page/Site Filtering/Site_txt'

21-10-2025T20:41:44 - [MESSAGE][PASSED] - Keys 'BACK_SPACE + ' sent to object: 'Object Repository/FIM/Sites Page/Site Filtering/Site_txt'

21-10-2025T20:41:44 - [TEST_STEP][PASSED] - (i++): null

21-10-2025T20:41:44 - [TEST_STEP][PASSED] - sendKeys(findTestObject("FIM/Sites Page/Site Filtering/Site_txt"), Keys.chord(BACK_SPACE), STOP_ON_FAILURE): Keys 'BACK_SPACE + ' sent to object: 'Object Repository/FIM/Sites Page/Site Filtering/Site_txt'

21-10-2025T20:41:44 - [MESSAGE][PASSED] - Keys 'BACK_SPACE + ' sent to object: 'Object Repository/FIM/Sites Page/Site Filtering/Site_txt'

21-10-2025T20:41:44 - [TEST_STEP][PASSED] - (i++): null

21-10-2025T20:41:44 - [TEST_STEP][PASSED] - sendKeys(findTestObject("FIM/Sites Page/Site Filtering/Site_txt"), Keys.chord(BACK_SPACE), STOP_ON_FAILURE): Keys 'BACK_SPACE + ' sent to object: 'Object Repository/FIM/Sites Page/Site Filtering/Site_txt'

21-10-2025T20:41:44 - [MESSAGE][PASSED] - Keys 'BACK_SPACE + ' sent to object: 'Object Repository/FIM/Sites Page/Site Filtering/Site_txt'

21-10-2025T20:41:44 - [TEST_STEP][PASSED] - (i++): null

21-10-2025T20:41:44 - [TEST_STEP][PASSED] - sendKeys(findTestObject("FIM/Sites Page/Site Filtering/Site_txt"), Keys.chord(BACK_SPACE), STOP_ON_FAILURE): Keys 'BACK_SPACE + ' sent to object: 'Object Repository/FIM/Sites Page/Site Filtering/Site_txt'

21-10-2025T20:41:44 - [MESSAGE][PASSED] - Keys 'BACK_SPACE + ' sent to object: 'Object Repository/FIM/Sites Page/Site Filtering/Site_txt'

21-10-2025T20:41:44 - [TEST_STEP][PASSED] - (i++): null

21-10-2025T20:41:44 - [TEST_STEP][PASSED] - sendKeys(findTestObject("FIM/Sites Page/Site Filtering/Site_txt"), Keys.chord(BACK_SPACE), STOP_ON_FAILURE): Keys 'BACK_SPACE + ' sent to object: 'Object Repository/FIM/Sites Page/Site Filtering/Site_txt'

21-10-2025T20:41:44 - [MESSAGE][PASSED] - Keys 'BACK_SPACE + ' sent to object: 'Object Repository/FIM/Sites Page/Site Filtering/Site_txt'

21-10-2025T20:41:44 - [TEST_STEP][PASSED] - (i++): null

21-10-2025T20:41:44 - [TEST_STEP][PASSED] - sendKeys(findTestObject("FIM/Sites Page/Site Filtering/Site_txt"), Keys.chord(BACK_SPACE), STOP_ON_FAILURE): Keys 'BACK_SPACE + ' sent to object: 'Object Repository/FIM/Sites Page/Site Filtering/Site_txt'

21-10-2025T20:41:44 - [MESSAGE][PASSED] - Keys 'BACK_SPACE + ' sent to object: 'Object Repository/FIM/Sites Page/Site Filtering/Site_txt'

21-10-2025T20:41:44 - [TEST_STEP][PASSED] - (i++): null

21-10-2025T20:41:44 - [TEST_STEP][PASSED] - sendKeys(findTestObject("FIM/Sites Page/Site Filtering/Site_txt"), Keys.chord(BACK_SPACE), STOP_ON_FAILURE): Keys 'BACK_SPACE + ' sent to object: 'Object Repository/FIM/Sites Page/Site Filtering/Site_txt'

21-10-2025T20:41:44 - [MESSAGE][PASSED] - Keys 'BACK_SPACE + ' sent to object: 'Object Repository/FIM/Sites Page/Site Filtering/Site_txt'

21-10-2025T20:41:44 - [TEST_STEP][PASSED] - (i++): null

21-10-2025T20:41:44 - [TEST_STEP][PASSED] - sendKeys(findTestObject("FIM/Sites Page/Site Filtering/Site_txt"), Keys.chord(BACK_SPACE), STOP_ON_FAILURE): Keys 'BACK_SPACE + ' sent to object: 'Object Repository/FIM/Sites Page/Site Filtering/Site_txt'

21-10-2025T20:41:45 - [MESSAGE][PASSED] - Keys 'BACK_SPACE + ' sent to object: 'Object Repository/FIM/Sites Page/Site Filtering/Site_txt'

21-10-2025T20:41:45 - [TEST_STEP][PASSED] - (i++): null

21-10-2025T20:41:45 - [TEST_STEP][PASSED] - sendKeys(findTestObject("FIM/Sites Page/Site Filtering/Site_txt"), Keys.chord(BACK_SPACE), STOP_ON_FAILURE): Keys 'BACK_SPACE + ' sent to object: 'Object Repository/FIM/Sites Page/Site Filtering/Site_txt'

21-10-2025T20:41:45 - [MESSAGE][PASSED] - Keys 'BACK_SPACE + ' sent to object: 'Object Repository/FIM/Sites Page/Site Filtering/Site_txt'

21-10-2025T20:41:45 - [TEST_STEP][PASSED] - (i++): null

21-10-2025T20:41:45 - [TEST_STEP][PASSED] - sendKeys(findTestObject("FIM/Sites Page/Site Filtering/Site_txt"), Keys.chord(BACK_SPACE), STOP_ON_FAILURE): Keys 'BACK_SPACE + ' sent to object: 'Object Repository/FIM/Sites Page/Site Filtering/Site_txt'

21-10-2025T20:41:45 - [MESSAGE][PASSED] - Keys 'BACK_SPACE + ' sent to object: 'Object Repository/FIM/Sites Page/Site Filtering/Site_txt'

21-10-2025T20:41:45 - [TEST_STEP][PASSED] - (i++): null

21-10-2025T20:41:45 - [TEST_STEP][PASSED] - sendKeys(findTestObject("FIM/Sites Page/Site Filtering/Site_txt"), Keys.chord(BACK_SPACE), STOP_ON_FAILURE): Keys 'BACK_SPACE + ' sent to object: 'Object Repository/FIM/Sites Page/Site Filtering/Site_txt'

21-10-2025T20:41:45 - [MESSAGE][PASSED] - Keys 'BACK_SPACE + ' sent to object: 'Object Repository/FIM/Sites Page/Site Filtering/Site_txt'

21-10-2025T20:41:45 - [TEST_STEP][PASSED] - (i++): null

21-10-2025T20:41:45 - [TEST_STEP][PASSED] - sendKeys(findTestObject("FIM/Sites Page/Site Filtering/Site_txt"), Keys.chord(BACK_SPACE), STOP_ON_FAILURE): Keys 'BACK_SPACE + ' sent to object: 'Object Repository/FIM/Sites Page/Site Filtering/Site_txt'

21-10-2025T20:41:45 - [MESSAGE][PASSED] - Keys 'BACK_SPACE + ' sent to object: 'Object Repository/FIM/Sites Page/Site Filtering/Site_txt'

21-10-2025T20:41:45 - [TEST_STEP][PASSED] - (i++): null

21-10-2025T20:41:45 - [TEST_STEP][PASSED] - sendKeys(findTestObject("FIM/Sites Page/Site Filtering/Site_txt"), Keys.chord(BACK_SPACE), STOP_ON_FAILURE): Keys 'BACK_SPACE + ' sent to object: 'Object Repository/FIM/Sites Page/Site Filtering/Site_txt'

21-10-2025T20:41:45 - [MESSAGE][PASSED] - Keys 'BACK_SPACE + ' sent to object: 'Object Repository/FIM/Sites Page/Site Filtering/Site_txt'

21-10-2025T20:41:45 - [TEST_STEP][PASSED] - (i++): null

21-10-2025T20:41:45 - [TEST_STEP][PASSED] - sendKeys(findTestObject("FIM/Sites Page/Site Filtering/Site_txt"), Keys.chord(BACK_SPACE), STOP_ON_FAILURE): Keys 'BACK_SPACE + ' sent to object: 'Object Repository/FIM/Sites Page/Site Filtering/Site_txt'

21-10-2025T20:41:45 - [MESSAGE][PASSED] - Keys 'BACK_SPACE + ' sent to object: 'Object Repository/FIM/Sites Page/Site Filtering/Site_txt'

21-10-2025T20:41:45 - [TEST_STEP][PASSED] - (i++): null

21-10-2025T20:41:45 - [TEST_STEP][PASSED] - sendKeys(findTestObject("FIM/Sites Page/Site Filtering/Site_txt"), Keys.chord(BACK_SPACE), STOP_ON_FAILURE): Keys 'BACK_SPACE + ' sent to object: 'Object Repository/FIM/Sites Page/Site Filtering/Site_txt'

21-10-2025T20:41:45 - [MESSAGE][PASSED] - Keys 'BACK_SPACE + ' sent to object: 'Object Repository/FIM/Sites Page/Site Filtering/Site_txt'

21-10-2025T20:41:45 - [TEST_STEP][PASSED] - (i++): null

21-10-2025T20:41:45 - [TEST_STEP][PASSED] - sendKeys(findTestObject("FIM/Sites Page/Site Filtering/Site_txt"), Keys.chord(BACK_SPACE), STOP_ON_FAILURE): Keys 'BACK_SPACE + ' sent to object: 'Object Repository/FIM/Sites Page/Site Filtering/Site_txt'

21-10-2025T20:41:45 - [MESSAGE][PASSED] - Keys 'BACK_SPACE + ' sent to object: 'Object Repository/FIM/Sites Page/Site Filtering/Site_txt'

21-10-2025T20:41:45 - [TEST_STEP][PASSED] - (i++): null

21-10-2025T20:41:45 - [TEST_STEP][PASSED] - sendKeys(findTestObject("FIM/Sites Page/Site Filtering/Site_txt"), Keys.chord(BACK_SPACE), STOP_ON_FAILURE): Keys 'BACK_SPACE + ' sent to object: 'Object Repository/FIM/Sites Page/Site Filtering/Site_txt'

21-10-2025T20:41:45 - [MESSAGE][PASSED] - Keys 'BACK_SPACE + ' sent to object: 'Object Repository/FIM/Sites Page/Site Filtering/Site_txt'

21-10-2025T20:41:45 - [TEST_STEP][PASSED] - (i++): null

21-10-2025T20:41:45 - [TEST_STEP][PASSED] - sendKeys(findTestObject("FIM/Sites Page/Site Filtering/Site_txt"), Keys.chord(BACK_SPACE), STOP_ON_FAILURE): Keys 'BACK_SPACE + ' sent to object: 'Object Repository/FIM/Sites Page/Site Filtering/Site_txt'

21-10-2025T20:41:45 - [MESSAGE][PASSED] - Keys 'BACK_SPACE + ' sent to object: 'Object Repository/FIM/Sites Page/Site Filtering/Site_txt'

21-10-2025T20:41:45 - [TEST_STEP][PASSED] - (i++): null

21-10-2025T20:41:45 - [TEST_STEP][PASSED] - sendKeys(findTestObject("FIM/Sites Page/Site Filtering/Site_txt"), Keys.chord(BACK_SPACE), STOP_ON_FAILURE): Keys 'BACK_SPACE + ' sent to object: 'Object Repository/FIM/Sites Page/Site Filtering/Site_txt'

21-10-2025T20:41:45 - [MESSAGE][PASSED] - Keys 'BACK_SPACE + ' sent to object: 'Object Repository/FIM/Sites Page/Site Filtering/Site_txt'

21-10-2025T20:41:45 - [TEST_STEP][PASSED] - (i++): null

21-10-2025T20:41:45 - [TEST_STEP][PASSED] - sendKeys(findTestObject("FIM/Sites Page/Site Filtering/Site_txt"), Keys.chord(BACK_SPACE), STOP_ON_FAILURE): Keys 'BACK_SPACE + ' sent to object: 'Object Repository/FIM/Sites Page/Site Filtering/Site_txt'

21-10-2025T20:41:45 - [MESSAGE][PASSED] - Keys 'BACK_SPACE + ' sent to object: 'Object Repository/FIM/Sites Page/Site Filtering/Site_txt'

21-10-2025T20:41:45 - [TEST_STEP][PASSED] - (i++): null

21-10-2025T20:41:45 - [TEST_STEP][PASSED] - sendKeys(findTestObject("FIM/Sites Page/Site Filtering/Site_txt"), Keys.chord(BACK_SPACE), STOP_ON_FAILURE): Keys 'BACK_SPACE + ' sent to object: 'Object Repository/FIM/Sites Page/Site Filtering/Site_txt'

21-10-2025T20:41:45 - [MESSAGE][PASSED] - Keys 'BACK_SPACE + ' sent to object: 'Object Repository/FIM/Sites Page/Site Filtering/Site_txt'

21-10-2025T20:41:45 - [TEST_STEP][PASSED] - (i++): null

21-10-2025T20:41:45 - [TEST_STEP][PASSED] - sendKeys(findTestObject("FIM/Sites Page/Site Filtering/Site_txt"), Keys.chord(BACK_SPACE), STOP_ON_FAILURE): Keys 'BACK_SPACE + ' sent to object: 'Object Repository/FIM/Sites Page/Site Filtering/Site_txt'

21-10-2025T20:41:45 - [MESSAGE][PASSED] - Keys 'BACK_SPACE + ' sent to object: 'Object Repository/FIM/Sites Page/Site Filtering/Site_txt'

21-10-2025T20:41:45 - [TEST_STEP][PASSED] - (i++): null

21-10-2025T20:41:45 - [TEST_STEP][PASSED] - sendKeys(findTestObject("FIM/Sites Page/Site Filtering/Site_txt"), Keys.chord(BACK_SPACE), STOP_ON_FAILURE): Keys 'BACK_SPACE + ' sent to object: 'Object Repository/FIM/Sites Page/Site Filtering/Site_txt'

21-10-2025T20:41:45 - [MESSAGE][PASSED] - Keys 'BACK_SPACE + ' sent to object: 'Object Repository/FIM/Sites Page/Site Filtering/Site_txt'

21-10-2025T20:41:45 - [TEST_STEP][PASSED] - (i++): null

21-10-2025T20:41:45 - [TEST_STEP][PASSED] - sendKeys(findTestObject("FIM/Sites Page/Site Filtering/Site_txt"), Keys.chord(BACK_SPACE), STOP_ON_FAILURE): Keys 'BACK_SPACE + ' sent to object: 'Object Repository/FIM/Sites Page/Site Filtering/Site_txt'

21-10-2025T20:41:45 - [MESSAGE][PASSED] - Keys 'BACK_SPACE + ' sent to object: 'Object Repository/FIM/Sites Page/Site Filtering/Site_txt'

21-10-2025T20:41:45 - [TEST_STEP][PASSED] - (i++): null

21-10-2025T20:41:45 - [TEST_STEP][PASSED] - sendKeys(findTestObject("FIM/Sites Page/Site Filtering/Site_txt"), Keys.chord(BACK_SPACE), STOP_ON_FAILURE): Keys 'BACK_SPACE + ' sent to object: 'Object Repository/FIM/Sites Page/Site Filtering/Site_txt'

21-10-2025T20:41:45 - [MESSAGE][PASSED] - Keys 'BACK_SPACE + ' sent to object: 'Object Repository/FIM/Sites Page/Site Filtering/Site_txt'

21-10-2025T20:41:45 - [TEST_STEP][PASSED] - (i++): null

21-10-2025T20:41:45 - [TEST_STEP][PASSED] - sendKeys(findTestObject("FIM/Sites Page/Site Filtering/Site_txt"), Keys.chord(BACK_SPACE), STOP_ON_FAILURE): Keys 'BACK_SPACE + ' sent to object: 'Object Repository/FIM/Sites Page/Site Filtering/Site_txt'

21-10-2025T20:41:46 - [MESSAGE][PASSED] - Keys 'BACK_SPACE + ' sent to object: 'Object Repository/FIM/Sites Page/Site Filtering/Site_txt'

21-10-2025T20:41:46 - [TEST_STEP][PASSED] - (i++): null

21-10-2025T20:41:46 - [TEST_STEP][PASSED] - sendKeys(findTestObject("FIM/Sites Page/Site Filtering/Site_txt"), Keys.chord(BACK_SPACE), STOP_ON_FAILURE): Keys 'BACK_SPACE + ' sent to object: 'Object Repository/FIM/Sites Page/Site Filtering/Site_txt'

21-10-2025T20:41:46 - [MESSAGE][PASSED] - Keys 'BACK_SPACE + ' sent to object: 'Object Repository/FIM/Sites Page/Site Filtering/Site_txt'

21-10-2025T20:41:46 - [TEST_STEP][PASSED] - (i++): null

21-10-2025T20:41:46 - [TEST_STEP][PASSED] - sendKeys(findTestObject("FIM/Sites Page/Site Filtering/Site_txt"), Keys.chord(BACK_SPACE), STOP_ON_FAILURE): Keys 'BACK_SPACE + ' sent to object: 'Object Repository/FIM/Sites Page/Site Filtering/Site_txt'

21-10-2025T20:41:46 - [MESSAGE][PASSED] - Keys 'BACK_SPACE + ' sent to object: 'Object Repository/FIM/Sites Page/Site Filtering/Site_txt'

21-10-2025T20:41:46 - [TEST_STEP][PASSED] - (i++): null

21-10-2025T20:41:46 - [TEST_STEP][PASSED] - sendKeys(findTestObject("FIM/Sites Page/Site Filtering/Site_txt"), Keys.chord(BACK_SPACE), STOP_ON_FAILURE): Keys 'BACK_SPACE + ' sent to object: 'Object Repository/FIM/Sites Page/Site Filtering/Site_txt'

21-10-2025T20:41:46 - [MESSAGE][PASSED] - Keys 'BACK_SPACE + ' sent to object: 'Object Repository/FIM/Sites Page/Site Filtering/Site_txt'

21-10-2025T20:41:46 - [TEST_STEP][PASSED] - (i++): null

21-10-2025T20:41:46 - [TEST_STEP][PASSED] - sendKeys(findTestObject("FIM/Sites Page/Site Filtering/Site_txt"), Keys.chord(BACK_SPACE), STOP_ON_FAILURE): Keys 'BACK_SPACE + ' sent to object: 'Object Repository/FIM/Sites Page/Site Filtering/Site_txt'

21-10-2025T20:41:46 - [MESSAGE][PASSED] - Keys 'BACK_SPACE + ' sent to object: 'Object Repository/FIM/Sites Page/Site Filtering/Site_txt'

21-10-2025T20:41:46 - [TEST_STEP][PASSED] - (i++): null

21-10-2025T20:41:46 - [TEST_STEP][PASSED] - sendKeys(findTestObject("FIM/Sites Page/Site Filtering/Site_txt"), Keys.chord(BACK_SPACE), STOP_ON_FAILURE): Keys 'BACK_SPACE + ' sent to object: 'Object Repository/FIM/Sites Page/Site Filtering/Site_txt'

21-10-2025T20:41:46 - [MESSAGE][PASSED] - Keys 'BACK_SPACE + ' sent to object: 'Object Repository/FIM/Sites Page/Site Filtering/Site_txt'

21-10-2025T20:41:46 - [TEST_STEP][PASSED] - (i++): null

21-10-2025T20:41:46 - [TEST_STEP][PASSED] - sendKeys(findTestObject("FIM/Sites Page/Site Filtering/Site_txt"), Keys.chord(BACK_SPACE), STOP_ON_FAILURE): Keys 'BACK_SPACE + ' sent to object: 'Object Repository/FIM/Sites Page/Site Filtering/Site_txt'

21-10-2025T20:41:46 - [MESSAGE][PASSED] - Keys 'BACK_SPACE + ' sent to object: 'Object Repository/FIM/Sites Page/Site Filtering/Site_txt'

21-10-2025T20:41:46 - [TEST_STEP][PASSED] - (i++): null

21-10-2025T20:41:46 - [TEST_STEP][PASSED] - sendKeys(findTestObject("FIM/Sites Page/Site Filtering/Site_txt"), Keys.chord(BACK_SPACE), STOP_ON_FAILURE): Keys 'BACK_SPACE + ' sent to object: 'Object Repository/FIM/Sites Page/Site Filtering/Site_txt'

21-10-2025T20:41:46 - [MESSAGE][PASSED] - Keys 'BACK_SPACE + ' sent to object: 'Object Repository/FIM/Sites Page/Site Filtering/Site_txt'

21-10-2025T20:41:46 - [TEST_STEP][PASSED] - (i++): null

21-10-2025T20:41:46 - [TEST_STEP][PASSED] - sendKeys(findTestObject("FIM/Sites Page/Site Filtering/Site_txt"), Keys.chord(BACK_SPACE), STOP_ON_FAILURE): Keys 'BACK_SPACE + ' sent to object: 'Object Repository/FIM/Sites Page/Site Filtering/Site_txt'

21-10-2025T20:41:46 - [MESSAGE][PASSED] - Keys 'BACK_SPACE + ' sent to object: 'Object Repository/FIM/Sites Page/Site Filtering/Site_txt'

21-10-2025T20:41:46 - [TEST_STEP][PASSED] - (i++): null

21-10-2025T20:41:46 - [TEST_STEP][PASSED] - sendKeys(findTestObject("FIM/Sites Page/Site Filtering/Site_txt"), Keys.chord(BACK_SPACE), STOP_ON_FAILURE): Keys 'BACK_SPACE + ' sent to object: 'Object Repository/FIM/Sites Page/Site Filtering/Site_txt'

21-10-2025T20:41:46 - [MESSAGE][PASSED] - Keys 'BACK_SPACE + ' sent to object: 'Object Repository/FIM/Sites Page/Site Filtering/Site_txt'

21-10-2025T20:41:46 - [TEST_STEP][PASSED] - (i++): null

21-10-2025T20:41:46 - [TEST_STEP][PASSED] - sendKeys(findTestObject("FIM/Sites Page/Site Filtering/Site_txt"), Keys.chord(BACK_SPACE), STOP_ON_FAILURE): Keys 'BACK_SPACE + ' sent to object: 'Object Repository/FIM/Sites Page/Site Filtering/Site_txt'

21-10-2025T20:41:46 - [MESSAGE][PASSED] - Keys 'BACK_SPACE + ' sent to object: 'Object Repository/FIM/Sites Page/Site Filtering/Site_txt'

21-10-2025T20:41:46 - [TEST_STEP][PASSED] - (i++): null

21-10-2025T20:41:46 - [TEST_STEP][PASSED] - sendKeys(findTestObject("FIM/Sites Page/Site Filtering/Site_txt"), Keys.chord(BACK_SPACE), STOP_ON_FAILURE): Keys 'BACK_SPACE + ' sent to object: 'Object Repository/FIM/Sites Page/Site Filtering/Site_txt'

21-10-2025T20:41:46 - [MESSAGE][PASSED] - Keys 'BACK_SPACE + ' sent to object: 'Object Repository/FIM/Sites Page/Site Filtering/Site_txt'

21-10-2025T20:41:46 - [TEST_STEP][PASSED] - (i++): null

21-10-2025T20:41:46 - [TEST_STEP][PASSED] - sendKeys(findTestObject("FIM/Sites Page/Site Filtering/Site_txt"), Keys.chord(BACK_SPACE), STOP_ON_FAILURE): Keys 'BACK_SPACE + ' sent to object: 'Object Repository/FIM/Sites Page/Site Filtering/Site_txt'

21-10-2025T20:41:46 - [MESSAGE][PASSED] - Keys 'BACK_SPACE + ' sent to object: 'Object Repository/FIM/Sites Page/Site Filtering/Site_txt'

21-10-2025T20:41:46 - [TEST_STEP][PASSED] - (i++): null

21-10-2025T20:41:46 - [TEST_STEP][PASSED] - sendKeys(findTestObject("FIM/Sites Page/Site Filtering/Site_txt"), Keys.chord(BACK_SPACE), STOP_ON_FAILURE): Keys 'BACK_SPACE + ' sent to object: 'Object Repository/FIM/Sites Page/Site Filtering/Site_txt'

21-10-2025T20:41:46 - [MESSAGE][PASSED] - Keys 'BACK_SPACE + ' sent to object: 'Object Repository/FIM/Sites Page/Site Filtering/Site_txt'

21-10-2025T20:41:46 - [TEST_STEP][PASSED] - (i++): null

21-10-2025T20:41:46 - [TEST_STEP][PASSED] - sendKeys(findTestObject("FIM/Sites Page/Site Filtering/Site_txt"), Keys.chord(BACK_SPACE), STOP_ON_FAILURE): Keys 'BACK_SPACE + ' sent to object: 'Object Repository/FIM/Sites Page/Site Filtering/Site_txt'

21-10-2025T20:41:46 - [MESSAGE][PASSED] - Keys 'BACK_SPACE + ' sent to object: 'Object Repository/FIM/Sites Page/Site Filtering/Site_txt'

21-10-2025T20:41:46 - [TEST_STEP][PASSED] - (i++): null

21-10-2025T20:41:46 - [TEST_STEP][PASSED] - sendKeys(findTestObject("FIM/Sites Page/Site Filtering/Site_txt"), Keys.chord(BACK_SPACE), STOP_ON_FAILURE): Keys 'BACK_SPACE + ' sent to object: 'Object Repository/FIM/Sites Page/Site Filtering/Site_txt'

21-10-2025T20:41:46 - [MESSAGE][PASSED] - Keys 'BACK_SPACE + ' sent to object: 'Object Repository/FIM/Sites Page/Site Filtering/Site_txt'

21-10-2025T20:41:46 - [TEST_STEP][PASSED] - (i++): null

21-10-2025T20:41:46 - [TEST_STEP][PASSED] - sendKeys(findTestObject("FIM/Sites Page/Site Filtering/Site_txt"), Keys.chord(BACK_SPACE), STOP_ON_FAILURE): Keys 'BACK_SPACE + ' sent to object: 'Object Repository/FIM/Sites Page/Site Filtering/Site_txt'

21-10-2025T20:41:46 - [MESSAGE][PASSED] - Keys 'BACK_SPACE + ' sent to object: 'Object Repository/FIM/Sites Page/Site Filtering/Site_txt'

21-10-2025T20:41:46 - [TEST_STEP][PASSED] - (i++): null

21-10-2025T20:41:46 - [TEST_STEP][PASSED] - sendKeys(findTestObject("FIM/Sites Page/Site Filtering/Site_txt"), Keys.chord(BACK_SPACE), STOP_ON_FAILURE): Keys 'BACK_SPACE + ' sent to object: 'Object Repository/FIM/Sites Page/Site Filtering/Site_txt'

21-10-2025T20:41:46 - [MESSAGE][PASSED] - Keys 'BACK_SPACE + ' sent to object: 'Object Repository/FIM/Sites Page/Site Filtering/Site_txt'

21-10-2025T20:41:46 - [TEST_STEP][PASSED] - (i++): null

21-10-2025T20:41:46 - [TEST_STEP][PASSED] - sendKeys(findTestObject("FIM/Sites Page/Site Filtering/Site_txt"), Keys.chord(BACK_SPACE), STOP_ON_FAILURE): Keys 'BACK_SPACE + ' sent to object: 'Object Repository/FIM/Sites Page/Site Filtering/Site_txt'

21-10-2025T20:41:46 - [MESSAGE][PASSED] - Keys 'BACK_SPACE + ' sent to object: 'Object Repository/FIM/Sites Page/Site Filtering/Site_txt'

21-10-2025T20:41:46 - [TEST_STEP][PASSED] - (i++): null

21-10-2025T20:41:46 - [TEST_STEP][PASSED] - sendKeys(findTestObject("FIM/Sites Page/Site Filtering/Site_txt"), Keys.chord(BACK_SPACE), STOP_ON_FAILURE): Keys 'BACK_SPACE + ' sent to object: 'Object Repository/FIM/Sites Page/Site Filtering/Site_txt'

21-10-2025T20:41:47 - [MESSAGE][PASSED] - Keys 'BACK_SPACE + ' sent to object: 'Object Repository/FIM/Sites Page/Site Filtering/Site_txt'

21-10-2025T20:41:47 - [TEST_STEP][PASSED] - (i++): null

21-10-2025T20:41:47 - [TEST_STEP][PASSED] - sendKeys(findTestObject("FIM/Sites Page/Site Filtering/Site_txt"), Keys.chord(BACK_SPACE), STOP_ON_FAILURE): Keys 'BACK_SPACE + ' sent to object: 'Object Repository/FIM/Sites Page/Site Filtering/Site_txt'

21-10-2025T20:41:47 - [MESSAGE][PASSED] - Keys 'BACK_SPACE + ' sent to object: 'Object Repository/FIM/Sites Page/Site Filtering/Site_txt'

21-10-2025T20:41:47 - [TEST_STEP][PASSED] - (i++): null

21-10-2025T20:41:47 - [TEST_STEP][PASSED] - sendKeys(findTestObject("FIM/Sites Page/Site Filtering/Site_txt"), Keys.chord(BACK_SPACE), STOP_ON_FAILURE): Keys 'BACK_SPACE + ' sent to object: 'Object Repository/FIM/Sites Page/Site Filtering/Site_txt'

21-10-2025T20:41:47 - [MESSAGE][PASSED] - Keys 'BACK_SPACE + ' sent to object: 'Object Repository/FIM/Sites Page/Site Filtering/Site_txt'

21-10-2025T20:41:47 - [TEST_STEP][PASSED] - (i++): null

21-10-2025T20:41:47 - [TEST_STEP][PASSED] - sendKeys(findTestObject("FIM/Sites Page/Site Filtering/Site_txt"), Keys.chord(BACK_SPACE), STOP_ON_FAILURE): Keys 'BACK_SPACE + ' sent to object: 'Object Repository/FIM/Sites Page/Site Filtering/Site_txt'

21-10-2025T20:41:47 - [MESSAGE][PASSED] - Keys 'BACK_SPACE + ' sent to object: 'Object Repository/FIM/Sites Page/Site Filtering/Site_txt'

21-10-2025T20:41:47 - [TEST_STEP][PASSED] - (i++): null

21-10-2025T20:41:47 - [TEST_STEP][PASSED] - sendKeys(findTestObject("FIM/Sites Page/Site Filtering/Site_txt"), Keys.chord(BACK_SPACE), STOP_ON_FAILURE): Keys 'BACK_SPACE + ' sent to object: 'Object Repository/FIM/Sites Page/Site Filtering/Site_txt'

21-10-2025T20:41:47 - [MESSAGE][PASSED] - Keys 'BACK_SPACE + ' sent to object: 'Object Repository/FIM/Sites Page/Site Filtering/Site_txt'

21-10-2025T20:41:47 - [TEST_STEP][PASSED] - (i++): null

21-10-2025T20:41:47 - [TEST_STEP][PASSED] - sendKeys(findTestObject("FIM/Sites Page/Site Filtering/Site_txt"), Keys.chord(BACK_SPACE), STOP_ON_FAILURE): Keys 'BACK_SPACE + ' sent to object: 'Object Repository/FIM/Sites Page/Site Filtering/Site_txt'

21-10-2025T20:41:47 - [MESSAGE][PASSED] - Keys 'BACK_SPACE + ' sent to object: 'Object Repository/FIM/Sites Page/Site Filtering/Site_txt'

21-10-2025T20:41:47 - [TEST_STEP][PASSED] - (i++): null

21-10-2025T20:41:47 - [TEST_STEP][PASSED] - sendKeys(findTestObject("FIM/Sites Page/Site Filtering/Site_txt"), Keys.chord(BACK_SPACE), STOP_ON_FAILURE): Keys 'BACK_SPACE + ' sent to object: 'Object Repository/FIM/Sites Page/Site Filtering/Site_txt'

21-10-2025T20:41:47 - [MESSAGE][PASSED] - Keys 'BACK_SPACE + ' sent to object: 'Object Repository/FIM/Sites Page/Site Filtering/Site_txt'

21-10-2025T20:41:47 - [TEST_STEP][PASSED] - (i++): null

21-10-2025T20:41:47 - [TEST_STEP][PASSED] - sendKeys(findTestObject("FIM/Sites Page/Site Filtering/Site_txt"), Keys.chord(BACK_SPACE), STOP_ON_FAILURE): Keys 'BACK_SPACE + ' sent to object: 'Object Repository/FIM/Sites Page/Site Filtering/Site_txt'

21-10-2025T20:41:47 - [MESSAGE][PASSED] - Keys 'BACK_SPACE + ' sent to object: 'Object Repository/FIM/Sites Page/Site Filtering/Site_txt'

21-10-2025T20:41:47 - [TEST_STEP][PASSED] - (i++): null

21-10-2025T20:41:47 - [TEST_STEP][PASSED] - sendKeys(findTestObject("FIM/Sites Page/Site Filtering/Site_txt"), "TURK132 - 798 North", STOP_ON_FAILURE): Keys 'TURK132 - 798 North' sent to object: 'Object Repository/FIM/Sites Page/Site Filtering/Site_txt'

21-10-2025T20:41:47 - [MESSAGE][PASSED] - Keys 'TURK132 - 798 North' sent to object: 'Object Repository/FIM/Sites Page/Site Filtering/Site_txt'

21-10-2025T20:41:47 - [TEST_STEP][PASSED] - sendKeys(findTestObject("FIM/Sites Page/Site Filtering/Site_txt"), Keys.chord(ENTER), STOP_ON_FAILURE): Keys 'ENTER + ' sent to object: 'Object Repository/FIM/Sites Page/Site Filtering/Site_txt'

21-10-2025T20:41:47 - [MESSAGE][PASSED] - Keys 'ENTER + ' sent to object: 'Object Repository/FIM/Sites Page/Site Filtering/Site_txt'

21-10-2025T20:41:47 - [TEST_STEP][PASSED] - waitForElementClickable(findTestObject("FIM/Sites Page/Orders/Create Order/CreateOrder_btn"), 300): Object 'Object Repository/FIM/Sites Page/Orders/Create Order/CreateOrder_btn' is clickable

21-10-2025T20:41:48 - [MESSAGE][PASSED] - Object 'Object Repository/FIM/Sites Page/Orders/Create Order/CreateOrder_btn' is clickable

21-10-2025T20:41:48 - [TEST_STEP][PASSED] - click(findTestObject("FIM/Sites Page/Orders/Create Order/CreateOrder_btn"), OPTIONAL): Object: 'Object Repository/FIM/Sites Page/Orders/Create Order/CreateOrder_btn' is clicked on

21-10-2025T20:41:48 - [MESSAGE][PASSED] - Object: 'Object Repository/FIM/Sites Page/Orders/Create Order/CreateOrder_btn' is clicked on

21-10-2025T20:41:48 - [TEST_STEP][PASSED] - delay(1): Delayed 1 second(s)

21-10-2025T20:41:49 - [MESSAGE][PASSED] - Delayed 1 second(s)

21-10-2025T20:41:49 - [TEST_STEP][PASSED] - clearText(findTestObject("FIM/Sites Page/Orders/Create Order/30PRM_txt (1)")): Text of object 'Object Repository/FIM/Sites Page/Orders/Create Order/30PRM_txt (1)' is cleared

21-10-2025T20:41:49 - [MESSAGE][PASSED] - Text of object 'Object Repository/FIM/Sites Page/Orders/Create Order/30PRM_txt (1)' is cleared

21-10-2025T20:41:49 - [TEST_STEP][PASSED] - delay(1): Delayed 1 second(s)

21-10-2025T20:41:50 - [MESSAGE][PASSED] - Delayed 1 second(s)

21-10-2025T20:41:50 - [TEST_STEP][PASSED] - sendKeys(findTestObject("FIM/Sites Page/Orders/Create Order/30PRM_txt (1)"), "5000"): Keys '5000' sent to object: 'Object Repository/FIM/Sites Page/Orders/Create Order/30PRM_txt (1)'

21-10-2025T20:41:50 - [MESSAGE][PASSED] - Keys '5000' sent to object: 'Object Repository/FIM/Sites Page/Orders/Create Order/30PRM_txt (1)'

21-10-2025T20:41:50 - [TEST_STEP][PASSED] - delay(2): Delayed 2 second(s)

21-10-2025T20:41:52 - [MESSAGE][PASSED] - Delayed 2 second(s)

21-10-2025T20:41:52 - [TEST_STEP][PASSED] - sendKeys(findTestObject("FIM/Sites Page/Orders/Create Order/Order Remarks_txt"), "This is a test. This is only for a test."): Keys 'This is a test. This is only for a test.' sent to object: 'Object Repository/FIM/Sites Page/Orders/Create Order/Order Remarks_txt'

21-10-2025T20:41:52 - [MESSAGE][PASSED] - Keys 'This is a test. This is only for a test.' sent to object: 'Object Repository/FIM/Sites Page/Orders/Create Order/Order Remarks_txt'

21-10-2025T20:41:52 - [TEST_STEP][PASSED] - click(findTestObject("FIM/Sites Page/Orders/Save_btn")): Object: 'Object Repository/FIM/Sites Page/Orders/Save_btn' is clicked on

21-10-2025T20:41:53 - [MESSAGE][PASSED] - Object: 'Object Repository/FIM/Sites Page/Orders/Save_btn' is clicked on

21-10-2025T20:41:53 - [TEST_STEP][PASSED] - delay(1): Delayed 1 second(s)

21-10-2025T20:41:54 - [MESSAGE][PASSED] - Delayed 1 second(s)

21-10-2025T20:41:54 - [TEST_STEP][PASSED] - verifyElementVisible(findTestObject("FIM/Sites Page/Orders/Create Order/Order Creation Message"), STOP_ON_FAILURE): Object 'Object Repository/FIM/Sites Page/Orders/Create Order/Order Creation Message' is visible

21-10-2025T20:41:54 - [MESSAGE][PASSED] - Object 'Object Repository/FIM/Sites Page/Orders/Create Order/Order Creation Message' is visible

21-10-2025T20:41:54 - [TEST_STEP][PASSED] - verifyElementText(findTestObject("FIM/Sites Page/Orders/Create Order/Order Creation Message"), "New order has been added"): Actual text and expected text of test object 'Object Repository/FIM/Sites Page/Orders/Create Order/Order Creation Message' are matched.

21-10-2025T20:41:54 - [MESSAGE][PASSED] - Actual text and expected text of test object 'Object Repository/FIM/Sites Page/Orders/Create Order/Order Creation Message' are matched.

21-10-2025T20:41:54 - [TEST_STEP][PASSED] - closeBrowser(): Browser is closed

21-10-2025T20:41:54 - [MESSAGE][PASSED] - Browser is closed

21-10-2025T20:41:54 - [TEST_STEP][PASSED] - Start listener action : retryOnDisconnect: null

21-10-2025T20:41:54 - [TEST_STEP][PASSED] - tcId = testCaseContext.getTestCaseId(): null

21-10-2025T20:41:54 - [TEST_STEP][PASSED] - currentRetry = retryCounts.getOrDefault(tcId, 0): null

21-10-2025T20:41:54 - [TEST_STEP][PASSED] - if (testCaseContext.getTestCaseStatus() == "FAILED" && currentRetry < MAX_RETRIES): null]]></system-out>
         <system-err><![CDATA[]]></system-err>
      </testcase>
      <testcase name="Test Cases/FIM/UI/KGL/Admin/Sites Page/Orders/Create Order With Release Number Comment" time="49.565" classname="Test Cases/FIM/UI/KGL/Admin/Sites Page/Orders/Create Order With Release Number Comment" status="PASSED">
         <system-out><![CDATA[21-10-2025T20:41:54 - [TEST_CASE][PASSED] - Test Cases/FIM/UI/KGL/Admin/Sites Page/Orders/Create Order With Release Number Comment: Test Cases/FIM/UI/KGL/Admin/Sites Page/Orders/Create Order With Release Number Comment

21-10-2025T20:41:54 - [TEST_STEP][PASSED] - Start listener action : beforeTestCase: null

21-10-2025T20:41:54 - [TEST_STEP][PASSED] - addDefaultPackages(): null

21-10-2025T20:41:54 - [TEST_STEP][PASSED] - i = 0: null

21-10-2025T20:41:54 - [TEST_STEP][PASSED] - callTestCase(findTestCase("Utility Scripts/FIM KGL Admin Login"), [:], STOP_ON_FAILURE): Call Test Case 'Test Cases/Utility Scripts/FIM KGL Admin Login' successfully

21-10-2025T20:41:54 - [TEST_CASE][PASSED] - Test Cases/Utility Scripts/FIM KGL Admin Login: Test Cases/Utility Scripts/FIM KGL Admin Login

21-10-2025T20:41:54 - [TEST_STEP][PASSED] - openBrowser(""): Browser is opened with url: ''

21-10-2025T20:41:54 - [MESSAGE][INFO] - Starting 'Chrome' driver

21-10-2025T20:41:54 - [MESSAGE][INFO] - User set preference: ['args', '[--no-sandbox, --disable-gpu, --disable-dev-shm-usage]']

21-10-2025T20:41:54 - [MESSAGE][INFO] - Action delay is set to 0 milliseconds

21-10-2025T20:41:55 - [MESSAGE][PASSED] - Browser is opened with url: ''

21-10-2025T20:41:55 - [TEST_STEP][PASSED] - delay(1): Delayed 1 second(s)

21-10-2025T20:41:56 - [MESSAGE][PASSED] - Delayed 1 second(s)

21-10-2025T20:41:56 - [TEST_STEP][PASSED] - navigateToUrl(KGLCustomGroupUrl): Navigate to 'https://kaglogistics-inventory-management-portal.qa.thekag.com/custom-group/' successfully

21-10-2025T20:41:56 - [MESSAGE][PASSED] - Navigate to 'https://kaglogistics-inventory-management-portal.qa.thekag.com/custom-group/' successfully

21-10-2025T20:41:56 - [TEST_STEP][PASSED] - delay(10): Delayed 10 second(s)

21-10-2025T20:42:06 - [MESSAGE][PASSED] - Delayed 10 second(s)

21-10-2025T20:42:06 - [TEST_STEP][PASSED] - if (maximizeWindow == true): Delayed 1 second(s)

21-10-2025T20:42:06 - [TEST_STEP][PASSED] - maximizeWindow(STOP_ON_FAILURE): Current window maximized

21-10-2025T20:42:06 - [MESSAGE][PASSED] - Current window maximized

21-10-2025T20:42:06 - [TEST_STEP][PASSED] - delay(1): Delayed 1 second(s)

21-10-2025T20:42:07 - [MESSAGE][PASSED] - Delayed 1 second(s)

21-10-2025T20:42:07 - [TEST_STEP][PASSED] - waitForElementPresent(findTestObject("FIM/Username_txt"), 10): Object 'Object Repository/FIM/Username_txt' is present

21-10-2025T20:42:07 - [MESSAGE][PASSED] - Object 'Object Repository/FIM/Username_txt' is present

21-10-2025T20:42:07 - [TEST_STEP][PASSED] - setText(findTestObject("FIM/Username_txt"), FIMUsername): Text 'Chris.Sheldon+DES_QA@Thekag.com' is set on object 'Object Repository/FIM/Username_txt'

21-10-2025T20:42:07 - [MESSAGE][PASSED] - Text 'Chris.Sheldon+DES_QA@Thekag.com' is set on object 'Object Repository/FIM/Username_txt'

21-10-2025T20:42:07 - [TEST_STEP][PASSED] - delay(1): Delayed 1 second(s)

21-10-2025T20:42:08 - [MESSAGE][PASSED] - Delayed 1 second(s)

21-10-2025T20:42:08 - [TEST_STEP][PASSED] - setText(findTestObject("FIM/Password_txt"), FIMPassword): Text 'QATest!2' is set on object 'Object Repository/FIM/Password_txt'

21-10-2025T20:42:08 - [MESSAGE][PASSED] - Text 'QATest!2' is set on object 'Object Repository/FIM/Password_txt'

21-10-2025T20:42:08 - [TEST_STEP][PASSED] - delay(1): Delayed 1 second(s)

21-10-2025T20:42:09 - [MESSAGE][PASSED] - Delayed 1 second(s)

21-10-2025T20:42:09 - [TEST_STEP][PASSED] - click(findTestObject("FIM/Login_btn")): Object: 'Object Repository/FIM/Login_btn' is clicked on

21-10-2025T20:42:10 - [MESSAGE][PASSED] - Object: 'Object Repository/FIM/Login_btn' is clicked on

21-10-2025T20:42:10 - [MESSAGE][PASSED] - Call Test Case 'Test Cases/Utility Scripts/FIM KGL Admin Login' successfully

21-10-2025T20:42:10 - [TEST_STEP][PASSED] - if (verifyElementVisible(findTestObject("FIM/Server_Notification_Close_btn"), OPTIONAL) == true): Web element with id: 'Object Repository/FIM/Server_Notification_Close_btn' located by '/html/body/div/div[1]/button' not found (Root cause: com.kms.katalon.core.exception.StepFailedException: Web element with id: 'Object Repository/FIM/Server_Notification_Close_btn' located by '/html/body/div/div[1]/button' not found
	at com.kms.katalon.core.webui.keyword.internal.WebUIKeywordMain.stepFailed(WebUIKeywordMain.groovy:117)
	at com.kms.katalon.core.webui.keyword.builtin.VerifyElementVisibleKeyword$_verifyElementVisible_closure1.doCall(VerifyElementVisibleKeyword.groovy:89)
	at com.kms.katalon.core.webui.keyword.builtin.VerifyElementVisibleKeyword$_verifyElementVisible_closure1.call(VerifyElementVisibleKeyword.groovy)
	at com.kms.katalon.core.webui.keyword.internal.WebUIKeywordMain.runKeyword(WebUIKeywordMain.groovy:35)
	at com.kms.katalon.core.webui.keyword.builtin.VerifyElementVisibleKeyword.verifyElementVisible(VerifyElementVisibleKeyword.groovy:97)
	at com.kms.katalon.core.webui.keyword.builtin.VerifyElementVisibleKeyword.execute(VerifyElementVisibleKeyword.groovy:67)
	at com.kms.katalon.core.keyword.internal.KeywordExecutor.executeKeywordForPlatform(KeywordExecutor.groovy:74)
	at com.kms.katalon.core.webui.keyword.WebUiBuiltInKeywords.verifyElementVisible(WebUiBuiltInKeywords.groovy:401)
	at com.kms.katalon.core.webui.keyword.WebUiBuiltInKeywords$verifyElementVisible$5.call(Unknown Source)
	at Create Order With Release Number Comment.run(Create Order With Release Number Comment:24)
	at com.kms.katalon.core.main.ScriptEngine.run(ScriptEngine.java:194)
	at com.kms.katalon.core.main.ScriptEngine.runScriptAsRawText(ScriptEngine.java:119)
	at com.kms.katalon.core.main.TestCaseExecutor.runScript(TestCaseExecutor.java:448)
	at com.kms.katalon.core.main.TestCaseExecutor.doExecute(TestCaseExecutor.java:439)
	at com.kms.katalon.core.main.TestCaseExecutor.processExecutionPhase(TestCaseExecutor.java:418)
	at com.kms.katalon.core.main.TestCaseExecutor.accessMainPhase(TestCaseExecutor.java:410)
	at com.kms.katalon.core.main.TestCaseExecutor.execute(TestCaseExecutor.java:285)
	at com.kms.katalon.core.common.CommonExecutor.accessTestCaseMainPhase(CommonExecutor.java:65)
	at com.kms.katalon.core.main.TestSuiteExecutor.accessTestSuiteMainPhase(TestSuiteExecutor.java:150)
	at com.kms.katalon.core.main.TestSuiteExecutor.execute(TestSuiteExecutor.java:106)
	at com.kms.katalon.core.main.TestCaseMain.startTestSuite(TestCaseMain.java:180)
	at com.kms.katalon.core.main.TestCaseMain$startTestSuite$0.call(Unknown Source)
	at TempTestSuite1761090769781.run(TempTestSuite1761090769781.groovy:35)
	at java.base/jdk.internal.reflect.NativeMethodAccessorImpl.invoke0(Native Method)
	at java.base/jdk.internal.reflect.NativeMethodAccessorImpl.invoke(NativeMethodAccessorImpl.java:77)
	at java.base/jdk.internal.reflect.DelegatingMethodAccessorImpl.invoke(DelegatingMethodAccessorImpl.java:43)
)

21-10-2025T20:42:26 - [MESSAGE][INFO] - Unable to find the element located by 'By.xpath: /html/body/div/div[1]/button'. Please recheck the objects properties to make sure the desired element is located. 

21-10-2025T20:42:26 - [MESSAGE][WARNING] - [SELF-HEALING] Failed to find element with id 'Object Repository/FIM/Server_Notification_Close_btn'. Try using Self-healing.

21-10-2025T20:42:27 - [MESSAGE][INFO] - [SELF-HEALING] No working XPath is found.

21-10-2025T20:42:29 - [MESSAGE][INFO] - Unable to find the element located by 'By.xpath: '. Please recheck the objects properties to make sure the desired element is located. 

21-10-2025T20:42:29 - [MESSAGE][WARNING] - [SELF-HEALING] Cannot find elements when the selector is null

21-10-2025T20:42:29 - [MESSAGE][WARNING] - Web element with id: 'Object Repository/FIM/Server_Notification_Close_btn' located by '/html/body/div/div[1]/button' not found (Root cause: com.kms.katalon.core.exception.StepFailedException: Web element with id: 'Object Repository/FIM/Server_Notification_Close_btn' located by '/html/body/div/div[1]/button' not found
	at com.kms.katalon.core.webui.keyword.internal.WebUIKeywordMain.stepFailed(WebUIKeywordMain.groovy:117)
	at com.kms.katalon.core.webui.keyword.builtin.VerifyElementVisibleKeyword$_verifyElementVisible_closure1.doCall(VerifyElementVisibleKeyword.groovy:89)
	at com.kms.katalon.core.webui.keyword.builtin.VerifyElementVisibleKeyword$_verifyElementVisible_closure1.call(VerifyElementVisibleKeyword.groovy)
	at com.kms.katalon.core.webui.keyword.internal.WebUIKeywordMain.runKeyword(WebUIKeywordMain.groovy:35)
	at com.kms.katalon.core.webui.keyword.builtin.VerifyElementVisibleKeyword.verifyElementVisible(VerifyElementVisibleKeyword.groovy:97)
	at com.kms.katalon.core.webui.keyword.builtin.VerifyElementVisibleKeyword.execute(VerifyElementVisibleKeyword.groovy:67)
	at com.kms.katalon.core.keyword.internal.KeywordExecutor.executeKeywordForPlatform(KeywordExecutor.groovy:74)
	at com.kms.katalon.core.webui.keyword.WebUiBuiltInKeywords.verifyElementVisible(WebUiBuiltInKeywords.groovy:401)
	at com.kms.katalon.core.webui.keyword.WebUiBuiltInKeywords$verifyElementVisible$5.call(Unknown Source)
	at Create Order With Release Number Comment.run(Create Order With Release Number Comment:24)
	at com.kms.katalon.core.main.ScriptEngine.run(ScriptEngine.java:194)
	at com.kms.katalon.core.main.ScriptEngine.runScriptAsRawText(ScriptEngine.java:119)
	at com.kms.katalon.core.main.TestCaseExecutor.runScript(TestCaseExecutor.java:448)
	at com.kms.katalon.core.main.TestCaseExecutor.doExecute(TestCaseExecutor.java:439)
	at com.kms.katalon.core.main.TestCaseExecutor.processExecutionPhase(TestCaseExecutor.java:418)
	at com.kms.katalon.core.main.TestCaseExecutor.accessMainPhase(TestCaseExecutor.java:410)
	at com.kms.katalon.core.main.TestCaseExecutor.execute(TestCaseExecutor.java:285)
	at com.kms.katalon.core.common.CommonExecutor.accessTestCaseMainPhase(CommonExecutor.java:65)
	at com.kms.katalon.core.main.TestSuiteExecutor.accessTestSuiteMainPhase(TestSuiteExecutor.java:150)
	at com.kms.katalon.core.main.TestSuiteExecutor.execute(TestSuiteExecutor.java:106)
	at com.kms.katalon.core.main.TestCaseMain.startTestSuite(TestCaseMain.java:180)
	at com.kms.katalon.core.main.TestCaseMain$startTestSuite$0.call(Unknown Source)
	at TempTestSuite1761090769781.run(TempTestSuite1761090769781.groovy:35)
	at java.base/jdk.internal.reflect.NativeMethodAccessorImpl.invoke0(Native Method)
	at java.base/jdk.internal.reflect.NativeMethodAccessorImpl.invoke(NativeMethodAccessorImpl.java:77)
	at java.base/jdk.internal.reflect.DelegatingMethodAccessorImpl.invoke(DelegatingMethodAccessorImpl.java:43)
)

21-10-2025T20:42:29 - [TEST_STEP][PASSED] - delay(1): Delayed 1 second(s)

21-10-2025T20:42:30 - [MESSAGE][PASSED] - Delayed 1 second(s)

21-10-2025T20:42:30 - [TEST_STEP][PASSED] - click(findTestObject("FIM/Hamburger Menu List/Hamburger_menu")): Object: 'Object Repository/FIM/Hamburger Menu List/Hamburger_menu' is clicked on

21-10-2025T20:42:30 - [MESSAGE][PASSED] - Object: 'Object Repository/FIM/Hamburger Menu List/Hamburger_menu' is clicked on

21-10-2025T20:42:30 - [TEST_STEP][PASSED] - verifyElementPresent(findTestObject("FIM/Hamburger Menu List/Sites_list (1)"), 10): Object 'Object Repository/FIM/Hamburger Menu List/Sites_list (1)' is present

21-10-2025T20:42:30 - [MESSAGE][PASSED] - Object 'Object Repository/FIM/Hamburger Menu List/Sites_list (1)' is present

21-10-2025T20:42:30 - [TEST_STEP][PASSED] - delay(1): Delayed 1 second(s)

21-10-2025T20:42:31 - [MESSAGE][PASSED] - Delayed 1 second(s)

21-10-2025T20:42:31 - [TEST_STEP][PASSED] - click(findTestObject("FIM/Hamburger Menu List/Sites_list (1)")): Object: 'Object Repository/FIM/Hamburger Menu List/Sites_list (1)' is clicked on

21-10-2025T20:42:31 - [MESSAGE][PASSED] - Object: 'Object Repository/FIM/Hamburger Menu List/Sites_list (1)' is clicked on

21-10-2025T20:42:31 - [TEST_STEP][PASSED] - waitForElementPresent(findTestObject("FIM/Sites Page/Calculator/Calculator Tab"), 10): Object 'Object Repository/FIM/Sites Page/Calculator/Calculator Tab' is present

21-10-2025T20:42:32 - [MESSAGE][PASSED] - Object 'Object Repository/FIM/Sites Page/Calculator/Calculator Tab' is present

21-10-2025T20:42:32 - [TEST_STEP][PASSED] - selectOptionByLabel(findTestObject("FIM/Sites Page/Site Filtering/Region Selection_dropdown"), "KAG LOGISTICS", false): All options with label 'KAG LOGISTICS' are selected in object 'Object Repository/FIM/Sites Page/Site Filtering/Region Selection_dropdown' 

21-10-2025T20:42:32 - [MESSAGE][PASSED] - All options with label 'KAG LOGISTICS' are selected in object 'Object Repository/FIM/Sites Page/Site Filtering/Region Selection_dropdown' 

21-10-2025T20:42:32 - [TEST_STEP][PASSED] - while (i < 60 == true): null

21-10-2025T20:42:32 - [TEST_STEP][PASSED] - sendKeys(findTestObject("FIM/Sites Page/Site Filtering/Site_txt"), Keys.chord(BACK_SPACE), STOP_ON_FAILURE): Keys 'BACK_SPACE + ' sent to object: 'Object Repository/FIM/Sites Page/Site Filtering/Site_txt'

21-10-2025T20:42:33 - [MESSAGE][PASSED] - Keys 'BACK_SPACE + ' sent to object: 'Object Repository/FIM/Sites Page/Site Filtering/Site_txt'

21-10-2025T20:42:33 - [TEST_STEP][PASSED] - (i++): null

21-10-2025T20:42:33 - [TEST_STEP][PASSED] - sendKeys(findTestObject("FIM/Sites Page/Site Filtering/Site_txt"), Keys.chord(BACK_SPACE), STOP_ON_FAILURE): Keys 'BACK_SPACE + ' sent to object: 'Object Repository/FIM/Sites Page/Site Filtering/Site_txt'

21-10-2025T20:42:33 - [MESSAGE][PASSED] - Keys 'BACK_SPACE + ' sent to object: 'Object Repository/FIM/Sites Page/Site Filtering/Site_txt'

21-10-2025T20:42:33 - [TEST_STEP][PASSED] - (i++): null

21-10-2025T20:42:33 - [TEST_STEP][PASSED] - sendKeys(findTestObject("FIM/Sites Page/Site Filtering/Site_txt"), Keys.chord(BACK_SPACE), STOP_ON_FAILURE): Keys 'BACK_SPACE + ' sent to object: 'Object Repository/FIM/Sites Page/Site Filtering/Site_txt'

21-10-2025T20:42:33 - [MESSAGE][PASSED] - Keys 'BACK_SPACE + ' sent to object: 'Object Repository/FIM/Sites Page/Site Filtering/Site_txt'

21-10-2025T20:42:33 - [TEST_STEP][PASSED] - (i++): null

21-10-2025T20:42:33 - [TEST_STEP][PASSED] - sendKeys(findTestObject("FIM/Sites Page/Site Filtering/Site_txt"), Keys.chord(BACK_SPACE), STOP_ON_FAILURE): Keys 'BACK_SPACE + ' sent to object: 'Object Repository/FIM/Sites Page/Site Filtering/Site_txt'

21-10-2025T20:42:33 - [MESSAGE][PASSED] - Keys 'BACK_SPACE + ' sent to object: 'Object Repository/FIM/Sites Page/Site Filtering/Site_txt'

21-10-2025T20:42:33 - [TEST_STEP][PASSED] - (i++): null

21-10-2025T20:42:33 - [TEST_STEP][PASSED] - sendKeys(findTestObject("FIM/Sites Page/Site Filtering/Site_txt"), Keys.chord(BACK_SPACE), STOP_ON_FAILURE): Keys 'BACK_SPACE + ' sent to object: 'Object Repository/FIM/Sites Page/Site Filtering/Site_txt'

21-10-2025T20:42:33 - [MESSAGE][PASSED] - Keys 'BACK_SPACE + ' sent to object: 'Object Repository/FIM/Sites Page/Site Filtering/Site_txt'

21-10-2025T20:42:33 - [TEST_STEP][PASSED] - (i++): null

21-10-2025T20:42:33 - [TEST_STEP][PASSED] - sendKeys(findTestObject("FIM/Sites Page/Site Filtering/Site_txt"), Keys.chord(BACK_SPACE), STOP_ON_FAILURE): Keys 'BACK_SPACE + ' sent to object: 'Object Repository/FIM/Sites Page/Site Filtering/Site_txt'

21-10-2025T20:42:33 - [MESSAGE][PASSED] - Keys 'BACK_SPACE + ' sent to object: 'Object Repository/FIM/Sites Page/Site Filtering/Site_txt'

21-10-2025T20:42:33 - [TEST_STEP][PASSED] - (i++): null

21-10-2025T20:42:33 - [TEST_STEP][PASSED] - sendKeys(findTestObject("FIM/Sites Page/Site Filtering/Site_txt"), Keys.chord(BACK_SPACE), STOP_ON_FAILURE): Keys 'BACK_SPACE + ' sent to object: 'Object Repository/FIM/Sites Page/Site Filtering/Site_txt'

21-10-2025T20:42:33 - [MESSAGE][PASSED] - Keys 'BACK_SPACE + ' sent to object: 'Object Repository/FIM/Sites Page/Site Filtering/Site_txt'

21-10-2025T20:42:33 - [TEST_STEP][PASSED] - (i++): null

21-10-2025T20:42:33 - [TEST_STEP][PASSED] - sendKeys(findTestObject("FIM/Sites Page/Site Filtering/Site_txt"), Keys.chord(BACK_SPACE), STOP_ON_FAILURE): Keys 'BACK_SPACE + ' sent to object: 'Object Repository/FIM/Sites Page/Site Filtering/Site_txt'

21-10-2025T20:42:33 - [MESSAGE][PASSED] - Keys 'BACK_SPACE + ' sent to object: 'Object Repository/FIM/Sites Page/Site Filtering/Site_txt'

21-10-2025T20:42:33 - [TEST_STEP][PASSED] - (i++): null

21-10-2025T20:42:33 - [TEST_STEP][PASSED] - sendKeys(findTestObject("FIM/Sites Page/Site Filtering/Site_txt"), Keys.chord(BACK_SPACE), STOP_ON_FAILURE): Keys 'BACK_SPACE + ' sent to object: 'Object Repository/FIM/Sites Page/Site Filtering/Site_txt'

21-10-2025T20:42:33 - [MESSAGE][PASSED] - Keys 'BACK_SPACE + ' sent to object: 'Object Repository/FIM/Sites Page/Site Filtering/Site_txt'

21-10-2025T20:42:33 - [TEST_STEP][PASSED] - (i++): null

21-10-2025T20:42:33 - [TEST_STEP][PASSED] - sendKeys(findTestObject("FIM/Sites Page/Site Filtering/Site_txt"), Keys.chord(BACK_SPACE), STOP_ON_FAILURE): Keys 'BACK_SPACE + ' sent to object: 'Object Repository/FIM/Sites Page/Site Filtering/Site_txt'

21-10-2025T20:42:33 - [MESSAGE][PASSED] - Keys 'BACK_SPACE + ' sent to object: 'Object Repository/FIM/Sites Page/Site Filtering/Site_txt'

21-10-2025T20:42:33 - [TEST_STEP][PASSED] - (i++): null

21-10-2025T20:42:33 - [TEST_STEP][PASSED] - sendKeys(findTestObject("FIM/Sites Page/Site Filtering/Site_txt"), Keys.chord(BACK_SPACE), STOP_ON_FAILURE): Keys 'BACK_SPACE + ' sent to object: 'Object Repository/FIM/Sites Page/Site Filtering/Site_txt'

21-10-2025T20:42:33 - [MESSAGE][PASSED] - Keys 'BACK_SPACE + ' sent to object: 'Object Repository/FIM/Sites Page/Site Filtering/Site_txt'

21-10-2025T20:42:33 - [TEST_STEP][PASSED] - (i++): null

21-10-2025T20:42:33 - [TEST_STEP][PASSED] - sendKeys(findTestObject("FIM/Sites Page/Site Filtering/Site_txt"), Keys.chord(BACK_SPACE), STOP_ON_FAILURE): Keys 'BACK_SPACE + ' sent to object: 'Object Repository/FIM/Sites Page/Site Filtering/Site_txt'

21-10-2025T20:42:33 - [MESSAGE][PASSED] - Keys 'BACK_SPACE + ' sent to object: 'Object Repository/FIM/Sites Page/Site Filtering/Site_txt'

21-10-2025T20:42:33 - [TEST_STEP][PASSED] - (i++): null

21-10-2025T20:42:33 - [TEST_STEP][PASSED] - sendKeys(findTestObject("FIM/Sites Page/Site Filtering/Site_txt"), Keys.chord(BACK_SPACE), STOP_ON_FAILURE): Keys 'BACK_SPACE + ' sent to object: 'Object Repository/FIM/Sites Page/Site Filtering/Site_txt'

21-10-2025T20:42:33 - [MESSAGE][PASSED] - Keys 'BACK_SPACE + ' sent to object: 'Object Repository/FIM/Sites Page/Site Filtering/Site_txt'

21-10-2025T20:42:33 - [TEST_STEP][PASSED] - (i++): null

21-10-2025T20:42:33 - [TEST_STEP][PASSED] - sendKeys(findTestObject("FIM/Sites Page/Site Filtering/Site_txt"), Keys.chord(BACK_SPACE), STOP_ON_FAILURE): Keys 'BACK_SPACE + ' sent to object: 'Object Repository/FIM/Sites Page/Site Filtering/Site_txt'

21-10-2025T20:42:33 - [MESSAGE][PASSED] - Keys 'BACK_SPACE + ' sent to object: 'Object Repository/FIM/Sites Page/Site Filtering/Site_txt'

21-10-2025T20:42:33 - [TEST_STEP][PASSED] - (i++): null

21-10-2025T20:42:33 - [TEST_STEP][PASSED] - sendKeys(findTestObject("FIM/Sites Page/Site Filtering/Site_txt"), Keys.chord(BACK_SPACE), STOP_ON_FAILURE): Keys 'BACK_SPACE + ' sent to object: 'Object Repository/FIM/Sites Page/Site Filtering/Site_txt'

21-10-2025T20:42:33 - [MESSAGE][PASSED] - Keys 'BACK_SPACE + ' sent to object: 'Object Repository/FIM/Sites Page/Site Filtering/Site_txt'

21-10-2025T20:42:33 - [TEST_STEP][PASSED] - (i++): null

21-10-2025T20:42:33 - [TEST_STEP][PASSED] - sendKeys(findTestObject("FIM/Sites Page/Site Filtering/Site_txt"), Keys.chord(BACK_SPACE), STOP_ON_FAILURE): Keys 'BACK_SPACE + ' sent to object: 'Object Repository/FIM/Sites Page/Site Filtering/Site_txt'

21-10-2025T20:42:33 - [MESSAGE][PASSED] - Keys 'BACK_SPACE + ' sent to object: 'Object Repository/FIM/Sites Page/Site Filtering/Site_txt'

21-10-2025T20:42:33 - [TEST_STEP][PASSED] - (i++): null

21-10-2025T20:42:33 - [TEST_STEP][PASSED] - sendKeys(findTestObject("FIM/Sites Page/Site Filtering/Site_txt"), Keys.chord(BACK_SPACE), STOP_ON_FAILURE): Keys 'BACK_SPACE + ' sent to object: 'Object Repository/FIM/Sites Page/Site Filtering/Site_txt'

21-10-2025T20:42:33 - [MESSAGE][PASSED] - Keys 'BACK_SPACE + ' sent to object: 'Object Repository/FIM/Sites Page/Site Filtering/Site_txt'

21-10-2025T20:42:33 - [TEST_STEP][PASSED] - (i++): null

21-10-2025T20:42:33 - [TEST_STEP][PASSED] - sendKeys(findTestObject("FIM/Sites Page/Site Filtering/Site_txt"), Keys.chord(BACK_SPACE), STOP_ON_FAILURE): Keys 'BACK_SPACE + ' sent to object: 'Object Repository/FIM/Sites Page/Site Filtering/Site_txt'

21-10-2025T20:42:34 - [MESSAGE][PASSED] - Keys 'BACK_SPACE + ' sent to object: 'Object Repository/FIM/Sites Page/Site Filtering/Site_txt'

21-10-2025T20:42:34 - [TEST_STEP][PASSED] - (i++): null

21-10-2025T20:42:34 - [TEST_STEP][PASSED] - sendKeys(findTestObject("FIM/Sites Page/Site Filtering/Site_txt"), Keys.chord(BACK_SPACE), STOP_ON_FAILURE): Keys 'BACK_SPACE + ' sent to object: 'Object Repository/FIM/Sites Page/Site Filtering/Site_txt'

21-10-2025T20:42:34 - [MESSAGE][PASSED] - Keys 'BACK_SPACE + ' sent to object: 'Object Repository/FIM/Sites Page/Site Filtering/Site_txt'

21-10-2025T20:42:34 - [TEST_STEP][PASSED] - (i++): null

21-10-2025T20:42:34 - [TEST_STEP][PASSED] - sendKeys(findTestObject("FIM/Sites Page/Site Filtering/Site_txt"), Keys.chord(BACK_SPACE), STOP_ON_FAILURE): Keys 'BACK_SPACE + ' sent to object: 'Object Repository/FIM/Sites Page/Site Filtering/Site_txt'

21-10-2025T20:42:34 - [MESSAGE][PASSED] - Keys 'BACK_SPACE + ' sent to object: 'Object Repository/FIM/Sites Page/Site Filtering/Site_txt'

21-10-2025T20:42:34 - [TEST_STEP][PASSED] - (i++): null

21-10-2025T20:42:34 - [TEST_STEP][PASSED] - sendKeys(findTestObject("FIM/Sites Page/Site Filtering/Site_txt"), Keys.chord(BACK_SPACE), STOP_ON_FAILURE): Keys 'BACK_SPACE + ' sent to object: 'Object Repository/FIM/Sites Page/Site Filtering/Site_txt'

21-10-2025T20:42:34 - [MESSAGE][PASSED] - Keys 'BACK_SPACE + ' sent to object: 'Object Repository/FIM/Sites Page/Site Filtering/Site_txt'

21-10-2025T20:42:34 - [TEST_STEP][PASSED] - (i++): null

21-10-2025T20:42:34 - [TEST_STEP][PASSED] - sendKeys(findTestObject("FIM/Sites Page/Site Filtering/Site_txt"), Keys.chord(BACK_SPACE), STOP_ON_FAILURE): Keys 'BACK_SPACE + ' sent to object: 'Object Repository/FIM/Sites Page/Site Filtering/Site_txt'

21-10-2025T20:42:34 - [MESSAGE][PASSED] - Keys 'BACK_SPACE + ' sent to object: 'Object Repository/FIM/Sites Page/Site Filtering/Site_txt'

21-10-2025T20:42:34 - [TEST_STEP][PASSED] - (i++): null

21-10-2025T20:42:34 - [TEST_STEP][PASSED] - sendKeys(findTestObject("FIM/Sites Page/Site Filtering/Site_txt"), Keys.chord(BACK_SPACE), STOP_ON_FAILURE): Keys 'BACK_SPACE + ' sent to object: 'Object Repository/FIM/Sites Page/Site Filtering/Site_txt'

21-10-2025T20:42:34 - [MESSAGE][PASSED] - Keys 'BACK_SPACE + ' sent to object: 'Object Repository/FIM/Sites Page/Site Filtering/Site_txt'

21-10-2025T20:42:34 - [TEST_STEP][PASSED] - (i++): null

21-10-2025T20:42:34 - [TEST_STEP][PASSED] - sendKeys(findTestObject("FIM/Sites Page/Site Filtering/Site_txt"), Keys.chord(BACK_SPACE), STOP_ON_FAILURE): Keys 'BACK_SPACE + ' sent to object: 'Object Repository/FIM/Sites Page/Site Filtering/Site_txt'

21-10-2025T20:42:34 - [MESSAGE][PASSED] - Keys 'BACK_SPACE + ' sent to object: 'Object Repository/FIM/Sites Page/Site Filtering/Site_txt'

21-10-2025T20:42:34 - [TEST_STEP][PASSED] - (i++): null

21-10-2025T20:42:34 - [TEST_STEP][PASSED] - sendKeys(findTestObject("FIM/Sites Page/Site Filtering/Site_txt"), Keys.chord(BACK_SPACE), STOP_ON_FAILURE): Keys 'BACK_SPACE + ' sent to object: 'Object Repository/FIM/Sites Page/Site Filtering/Site_txt'

21-10-2025T20:42:34 - [MESSAGE][PASSED] - Keys 'BACK_SPACE + ' sent to object: 'Object Repository/FIM/Sites Page/Site Filtering/Site_txt'

21-10-2025T20:42:34 - [TEST_STEP][PASSED] - (i++): null

21-10-2025T20:42:34 - [TEST_STEP][PASSED] - sendKeys(findTestObject("FIM/Sites Page/Site Filtering/Site_txt"), Keys.chord(BACK_SPACE), STOP_ON_FAILURE): Keys 'BACK_SPACE + ' sent to object: 'Object Repository/FIM/Sites Page/Site Filtering/Site_txt'

21-10-2025T20:42:34 - [MESSAGE][PASSED] - Keys 'BACK_SPACE + ' sent to object: 'Object Repository/FIM/Sites Page/Site Filtering/Site_txt'

21-10-2025T20:42:34 - [TEST_STEP][PASSED] - (i++): null

21-10-2025T20:42:34 - [TEST_STEP][PASSED] - sendKeys(findTestObject("FIM/Sites Page/Site Filtering/Site_txt"), Keys.chord(BACK_SPACE), STOP_ON_FAILURE): Keys 'BACK_SPACE + ' sent to object: 'Object Repository/FIM/Sites Page/Site Filtering/Site_txt'

21-10-2025T20:42:34 - [MESSAGE][PASSED] - Keys 'BACK_SPACE + ' sent to object: 'Object Repository/FIM/Sites Page/Site Filtering/Site_txt'

21-10-2025T20:42:34 - [TEST_STEP][PASSED] - (i++): null

21-10-2025T20:42:34 - [TEST_STEP][PASSED] - sendKeys(findTestObject("FIM/Sites Page/Site Filtering/Site_txt"), Keys.chord(BACK_SPACE), STOP_ON_FAILURE): Keys 'BACK_SPACE + ' sent to object: 'Object Repository/FIM/Sites Page/Site Filtering/Site_txt'

21-10-2025T20:42:34 - [MESSAGE][PASSED] - Keys 'BACK_SPACE + ' sent to object: 'Object Repository/FIM/Sites Page/Site Filtering/Site_txt'

21-10-2025T20:42:34 - [TEST_STEP][PASSED] - (i++): null

21-10-2025T20:42:34 - [TEST_STEP][PASSED] - sendKeys(findTestObject("FIM/Sites Page/Site Filtering/Site_txt"), Keys.chord(BACK_SPACE), STOP_ON_FAILURE): Keys 'BACK_SPACE + ' sent to object: 'Object Repository/FIM/Sites Page/Site Filtering/Site_txt'

21-10-2025T20:42:34 - [MESSAGE][PASSED] - Keys 'BACK_SPACE + ' sent to object: 'Object Repository/FIM/Sites Page/Site Filtering/Site_txt'

21-10-2025T20:42:34 - [TEST_STEP][PASSED] - (i++): null

21-10-2025T20:42:34 - [TEST_STEP][PASSED] - sendKeys(findTestObject("FIM/Sites Page/Site Filtering/Site_txt"), Keys.chord(BACK_SPACE), STOP_ON_FAILURE): Keys 'BACK_SPACE + ' sent to object: 'Object Repository/FIM/Sites Page/Site Filtering/Site_txt'

21-10-2025T20:42:34 - [MESSAGE][PASSED] - Keys 'BACK_SPACE + ' sent to object: 'Object Repository/FIM/Sites Page/Site Filtering/Site_txt'

21-10-2025T20:42:34 - [TEST_STEP][PASSED] - (i++): null

21-10-2025T20:42:34 - [TEST_STEP][PASSED] - sendKeys(findTestObject("FIM/Sites Page/Site Filtering/Site_txt"), Keys.chord(BACK_SPACE), STOP_ON_FAILURE): Keys 'BACK_SPACE + ' sent to object: 'Object Repository/FIM/Sites Page/Site Filtering/Site_txt'

21-10-2025T20:42:34 - [MESSAGE][PASSED] - Keys 'BACK_SPACE + ' sent to object: 'Object Repository/FIM/Sites Page/Site Filtering/Site_txt'

21-10-2025T20:42:34 - [TEST_STEP][PASSED] - (i++): null

21-10-2025T20:42:34 - [TEST_STEP][PASSED] - sendKeys(findTestObject("FIM/Sites Page/Site Filtering/Site_txt"), Keys.chord(BACK_SPACE), STOP_ON_FAILURE): Keys 'BACK_SPACE + ' sent to object: 'Object Repository/FIM/Sites Page/Site Filtering/Site_txt'

21-10-2025T20:42:34 - [MESSAGE][PASSED] - Keys 'BACK_SPACE + ' sent to object: 'Object Repository/FIM/Sites Page/Site Filtering/Site_txt'

21-10-2025T20:42:34 - [TEST_STEP][PASSED] - (i++): null

21-10-2025T20:42:34 - [TEST_STEP][PASSED] - sendKeys(findTestObject("FIM/Sites Page/Site Filtering/Site_txt"), Keys.chord(BACK_SPACE), STOP_ON_FAILURE): Keys 'BACK_SPACE + ' sent to object: 'Object Repository/FIM/Sites Page/Site Filtering/Site_txt'

21-10-2025T20:42:34 - [MESSAGE][PASSED] - Keys 'BACK_SPACE + ' sent to object: 'Object Repository/FIM/Sites Page/Site Filtering/Site_txt'

21-10-2025T20:42:34 - [TEST_STEP][PASSED] - (i++): null

21-10-2025T20:42:34 - [TEST_STEP][PASSED] - sendKeys(findTestObject("FIM/Sites Page/Site Filtering/Site_txt"), Keys.chord(BACK_SPACE), STOP_ON_FAILURE): Keys 'BACK_SPACE + ' sent to object: 'Object Repository/FIM/Sites Page/Site Filtering/Site_txt'

21-10-2025T20:42:34 - [MESSAGE][PASSED] - Keys 'BACK_SPACE + ' sent to object: 'Object Repository/FIM/Sites Page/Site Filtering/Site_txt'

21-10-2025T20:42:34 - [TEST_STEP][PASSED] - (i++): null

21-10-2025T20:42:34 - [TEST_STEP][PASSED] - sendKeys(findTestObject("FIM/Sites Page/Site Filtering/Site_txt"), Keys.chord(BACK_SPACE), STOP_ON_FAILURE): Keys 'BACK_SPACE + ' sent to object: 'Object Repository/FIM/Sites Page/Site Filtering/Site_txt'

21-10-2025T20:42:34 - [MESSAGE][PASSED] - Keys 'BACK_SPACE + ' sent to object: 'Object Repository/FIM/Sites Page/Site Filtering/Site_txt'

21-10-2025T20:42:34 - [TEST_STEP][PASSED] - (i++): null

21-10-2025T20:42:34 - [TEST_STEP][PASSED] - sendKeys(findTestObject("FIM/Sites Page/Site Filtering/Site_txt"), Keys.chord(BACK_SPACE), STOP_ON_FAILURE): Keys 'BACK_SPACE + ' sent to object: 'Object Repository/FIM/Sites Page/Site Filtering/Site_txt'

21-10-2025T20:42:34 - [MESSAGE][PASSED] - Keys 'BACK_SPACE + ' sent to object: 'Object Repository/FIM/Sites Page/Site Filtering/Site_txt'

21-10-2025T20:42:34 - [TEST_STEP][PASSED] - (i++): null

21-10-2025T20:42:34 - [TEST_STEP][PASSED] - sendKeys(findTestObject("FIM/Sites Page/Site Filtering/Site_txt"), Keys.chord(BACK_SPACE), STOP_ON_FAILURE): Keys 'BACK_SPACE + ' sent to object: 'Object Repository/FIM/Sites Page/Site Filtering/Site_txt'

21-10-2025T20:42:34 - [MESSAGE][PASSED] - Keys 'BACK_SPACE + ' sent to object: 'Object Repository/FIM/Sites Page/Site Filtering/Site_txt'

21-10-2025T20:42:34 - [TEST_STEP][PASSED] - (i++): null

21-10-2025T20:42:34 - [TEST_STEP][PASSED] - sendKeys(findTestObject("FIM/Sites Page/Site Filtering/Site_txt"), Keys.chord(BACK_SPACE), STOP_ON_FAILURE): Keys 'BACK_SPACE + ' sent to object: 'Object Repository/FIM/Sites Page/Site Filtering/Site_txt'

21-10-2025T20:42:35 - [MESSAGE][PASSED] - Keys 'BACK_SPACE + ' sent to object: 'Object Repository/FIM/Sites Page/Site Filtering/Site_txt'

21-10-2025T20:42:35 - [TEST_STEP][PASSED] - (i++): null

21-10-2025T20:42:35 - [TEST_STEP][PASSED] - sendKeys(findTestObject("FIM/Sites Page/Site Filtering/Site_txt"), Keys.chord(BACK_SPACE), STOP_ON_FAILURE): Keys 'BACK_SPACE + ' sent to object: 'Object Repository/FIM/Sites Page/Site Filtering/Site_txt'

21-10-2025T20:42:35 - [MESSAGE][PASSED] - Keys 'BACK_SPACE + ' sent to object: 'Object Repository/FIM/Sites Page/Site Filtering/Site_txt'

21-10-2025T20:42:35 - [TEST_STEP][PASSED] - (i++): null

21-10-2025T20:42:35 - [TEST_STEP][PASSED] - sendKeys(findTestObject("FIM/Sites Page/Site Filtering/Site_txt"), Keys.chord(BACK_SPACE), STOP_ON_FAILURE): Keys 'BACK_SPACE + ' sent to object: 'Object Repository/FIM/Sites Page/Site Filtering/Site_txt'

21-10-2025T20:42:35 - [MESSAGE][PASSED] - Keys 'BACK_SPACE + ' sent to object: 'Object Repository/FIM/Sites Page/Site Filtering/Site_txt'

21-10-2025T20:42:35 - [TEST_STEP][PASSED] - (i++): null

21-10-2025T20:42:35 - [TEST_STEP][PASSED] - sendKeys(findTestObject("FIM/Sites Page/Site Filtering/Site_txt"), Keys.chord(BACK_SPACE), STOP_ON_FAILURE): Keys 'BACK_SPACE + ' sent to object: 'Object Repository/FIM/Sites Page/Site Filtering/Site_txt'

21-10-2025T20:42:35 - [MESSAGE][PASSED] - Keys 'BACK_SPACE + ' sent to object: 'Object Repository/FIM/Sites Page/Site Filtering/Site_txt'

21-10-2025T20:42:35 - [TEST_STEP][PASSED] - (i++): null

21-10-2025T20:42:35 - [TEST_STEP][PASSED] - sendKeys(findTestObject("FIM/Sites Page/Site Filtering/Site_txt"), Keys.chord(BACK_SPACE), STOP_ON_FAILURE): Keys 'BACK_SPACE + ' sent to object: 'Object Repository/FIM/Sites Page/Site Filtering/Site_txt'

21-10-2025T20:42:35 - [MESSAGE][PASSED] - Keys 'BACK_SPACE + ' sent to object: 'Object Repository/FIM/Sites Page/Site Filtering/Site_txt'

21-10-2025T20:42:35 - [TEST_STEP][PASSED] - (i++): null

21-10-2025T20:42:35 - [TEST_STEP][PASSED] - sendKeys(findTestObject("FIM/Sites Page/Site Filtering/Site_txt"), Keys.chord(BACK_SPACE), STOP_ON_FAILURE): Keys 'BACK_SPACE + ' sent to object: 'Object Repository/FIM/Sites Page/Site Filtering/Site_txt'

21-10-2025T20:42:35 - [MESSAGE][PASSED] - Keys 'BACK_SPACE + ' sent to object: 'Object Repository/FIM/Sites Page/Site Filtering/Site_txt'

21-10-2025T20:42:35 - [TEST_STEP][PASSED] - (i++): null

21-10-2025T20:42:35 - [TEST_STEP][PASSED] - sendKeys(findTestObject("FIM/Sites Page/Site Filtering/Site_txt"), Keys.chord(BACK_SPACE), STOP_ON_FAILURE): Keys 'BACK_SPACE + ' sent to object: 'Object Repository/FIM/Sites Page/Site Filtering/Site_txt'

21-10-2025T20:42:35 - [MESSAGE][PASSED] - Keys 'BACK_SPACE + ' sent to object: 'Object Repository/FIM/Sites Page/Site Filtering/Site_txt'

21-10-2025T20:42:35 - [TEST_STEP][PASSED] - (i++): null

21-10-2025T20:42:35 - [TEST_STEP][PASSED] - sendKeys(findTestObject("FIM/Sites Page/Site Filtering/Site_txt"), Keys.chord(BACK_SPACE), STOP_ON_FAILURE): Keys 'BACK_SPACE + ' sent to object: 'Object Repository/FIM/Sites Page/Site Filtering/Site_txt'

21-10-2025T20:42:35 - [MESSAGE][PASSED] - Keys 'BACK_SPACE + ' sent to object: 'Object Repository/FIM/Sites Page/Site Filtering/Site_txt'

21-10-2025T20:42:35 - [TEST_STEP][PASSED] - (i++): null

21-10-2025T20:42:35 - [TEST_STEP][PASSED] - sendKeys(findTestObject("FIM/Sites Page/Site Filtering/Site_txt"), Keys.chord(BACK_SPACE), STOP_ON_FAILURE): Keys 'BACK_SPACE + ' sent to object: 'Object Repository/FIM/Sites Page/Site Filtering/Site_txt'

21-10-2025T20:42:35 - [MESSAGE][PASSED] - Keys 'BACK_SPACE + ' sent to object: 'Object Repository/FIM/Sites Page/Site Filtering/Site_txt'

21-10-2025T20:42:35 - [TEST_STEP][PASSED] - (i++): null

21-10-2025T20:42:35 - [TEST_STEP][PASSED] - sendKeys(findTestObject("FIM/Sites Page/Site Filtering/Site_txt"), Keys.chord(BACK_SPACE), STOP_ON_FAILURE): Keys 'BACK_SPACE + ' sent to object: 'Object Repository/FIM/Sites Page/Site Filtering/Site_txt'

21-10-2025T20:42:35 - [MESSAGE][PASSED] - Keys 'BACK_SPACE + ' sent to object: 'Object Repository/FIM/Sites Page/Site Filtering/Site_txt'

21-10-2025T20:42:35 - [TEST_STEP][PASSED] - (i++): null

21-10-2025T20:42:35 - [TEST_STEP][PASSED] - sendKeys(findTestObject("FIM/Sites Page/Site Filtering/Site_txt"), Keys.chord(BACK_SPACE), STOP_ON_FAILURE): Keys 'BACK_SPACE + ' sent to object: 'Object Repository/FIM/Sites Page/Site Filtering/Site_txt'

21-10-2025T20:42:35 - [MESSAGE][PASSED] - Keys 'BACK_SPACE + ' sent to object: 'Object Repository/FIM/Sites Page/Site Filtering/Site_txt'

21-10-2025T20:42:35 - [TEST_STEP][PASSED] - (i++): null

21-10-2025T20:42:35 - [TEST_STEP][PASSED] - sendKeys(findTestObject("FIM/Sites Page/Site Filtering/Site_txt"), Keys.chord(BACK_SPACE), STOP_ON_FAILURE): Keys 'BACK_SPACE + ' sent to object: 'Object Repository/FIM/Sites Page/Site Filtering/Site_txt'

21-10-2025T20:42:35 - [MESSAGE][PASSED] - Keys 'BACK_SPACE + ' sent to object: 'Object Repository/FIM/Sites Page/Site Filtering/Site_txt'

21-10-2025T20:42:35 - [TEST_STEP][PASSED] - (i++): null

21-10-2025T20:42:35 - [TEST_STEP][PASSED] - sendKeys(findTestObject("FIM/Sites Page/Site Filtering/Site_txt"), Keys.chord(BACK_SPACE), STOP_ON_FAILURE): Keys 'BACK_SPACE + ' sent to object: 'Object Repository/FIM/Sites Page/Site Filtering/Site_txt'

21-10-2025T20:42:35 - [MESSAGE][PASSED] - Keys 'BACK_SPACE + ' sent to object: 'Object Repository/FIM/Sites Page/Site Filtering/Site_txt'

21-10-2025T20:42:35 - [TEST_STEP][PASSED] - (i++): null

21-10-2025T20:42:35 - [TEST_STEP][PASSED] - sendKeys(findTestObject("FIM/Sites Page/Site Filtering/Site_txt"), Keys.chord(BACK_SPACE), STOP_ON_FAILURE): Keys 'BACK_SPACE + ' sent to object: 'Object Repository/FIM/Sites Page/Site Filtering/Site_txt'

21-10-2025T20:42:35 - [MESSAGE][PASSED] - Keys 'BACK_SPACE + ' sent to object: 'Object Repository/FIM/Sites Page/Site Filtering/Site_txt'

21-10-2025T20:42:35 - [TEST_STEP][PASSED] - (i++): null

21-10-2025T20:42:35 - [TEST_STEP][PASSED] - sendKeys(findTestObject("FIM/Sites Page/Site Filtering/Site_txt"), Keys.chord(BACK_SPACE), STOP_ON_FAILURE): Keys 'BACK_SPACE + ' sent to object: 'Object Repository/FIM/Sites Page/Site Filtering/Site_txt'

21-10-2025T20:42:35 - [MESSAGE][PASSED] - Keys 'BACK_SPACE + ' sent to object: 'Object Repository/FIM/Sites Page/Site Filtering/Site_txt'

21-10-2025T20:42:35 - [TEST_STEP][PASSED] - (i++): null

21-10-2025T20:42:35 - [TEST_STEP][PASSED] - sendKeys(findTestObject("FIM/Sites Page/Site Filtering/Site_txt"), Keys.chord(BACK_SPACE), STOP_ON_FAILURE): Keys 'BACK_SPACE + ' sent to object: 'Object Repository/FIM/Sites Page/Site Filtering/Site_txt'

21-10-2025T20:42:35 - [MESSAGE][PASSED] - Keys 'BACK_SPACE + ' sent to object: 'Object Repository/FIM/Sites Page/Site Filtering/Site_txt'

21-10-2025T20:42:35 - [TEST_STEP][PASSED] - (i++): null

21-10-2025T20:42:35 - [TEST_STEP][PASSED] - sendKeys(findTestObject("FIM/Sites Page/Site Filtering/Site_txt"), Keys.chord(BACK_SPACE), STOP_ON_FAILURE): Keys 'BACK_SPACE + ' sent to object: 'Object Repository/FIM/Sites Page/Site Filtering/Site_txt'

21-10-2025T20:42:35 - [MESSAGE][PASSED] - Keys 'BACK_SPACE + ' sent to object: 'Object Repository/FIM/Sites Page/Site Filtering/Site_txt'

21-10-2025T20:42:35 - [TEST_STEP][PASSED] - (i++): null

21-10-2025T20:42:35 - [TEST_STEP][PASSED] - sendKeys(findTestObject("FIM/Sites Page/Site Filtering/Site_txt"), Keys.chord(BACK_SPACE), STOP_ON_FAILURE): Keys 'BACK_SPACE + ' sent to object: 'Object Repository/FIM/Sites Page/Site Filtering/Site_txt'

21-10-2025T20:42:35 - [MESSAGE][PASSED] - Keys 'BACK_SPACE + ' sent to object: 'Object Repository/FIM/Sites Page/Site Filtering/Site_txt'

21-10-2025T20:42:35 - [TEST_STEP][PASSED] - (i++): null

21-10-2025T20:42:35 - [TEST_STEP][PASSED] - sendKeys(findTestObject("FIM/Sites Page/Site Filtering/Site_txt"), Keys.chord(BACK_SPACE), STOP_ON_FAILURE): Keys 'BACK_SPACE + ' sent to object: 'Object Repository/FIM/Sites Page/Site Filtering/Site_txt'

21-10-2025T20:42:36 - [MESSAGE][PASSED] - Keys 'BACK_SPACE + ' sent to object: 'Object Repository/FIM/Sites Page/Site Filtering/Site_txt'

21-10-2025T20:42:36 - [TEST_STEP][PASSED] - (i++): null

21-10-2025T20:42:36 - [TEST_STEP][PASSED] - sendKeys(findTestObject("FIM/Sites Page/Site Filtering/Site_txt"), Keys.chord(BACK_SPACE), STOP_ON_FAILURE): Keys 'BACK_SPACE + ' sent to object: 'Object Repository/FIM/Sites Page/Site Filtering/Site_txt'

21-10-2025T20:42:36 - [MESSAGE][PASSED] - Keys 'BACK_SPACE + ' sent to object: 'Object Repository/FIM/Sites Page/Site Filtering/Site_txt'

21-10-2025T20:42:36 - [TEST_STEP][PASSED] - (i++): null

21-10-2025T20:42:36 - [TEST_STEP][PASSED] - sendKeys(findTestObject("FIM/Sites Page/Site Filtering/Site_txt"), Keys.chord(BACK_SPACE), STOP_ON_FAILURE): Keys 'BACK_SPACE + ' sent to object: 'Object Repository/FIM/Sites Page/Site Filtering/Site_txt'

21-10-2025T20:42:36 - [MESSAGE][PASSED] - Keys 'BACK_SPACE + ' sent to object: 'Object Repository/FIM/Sites Page/Site Filtering/Site_txt'

21-10-2025T20:42:36 - [TEST_STEP][PASSED] - (i++): null

21-10-2025T20:42:36 - [TEST_STEP][PASSED] - sendKeys(findTestObject("FIM/Sites Page/Site Filtering/Site_txt"), Keys.chord(BACK_SPACE), STOP_ON_FAILURE): Keys 'BACK_SPACE + ' sent to object: 'Object Repository/FIM/Sites Page/Site Filtering/Site_txt'

21-10-2025T20:42:36 - [MESSAGE][PASSED] - Keys 'BACK_SPACE + ' sent to object: 'Object Repository/FIM/Sites Page/Site Filtering/Site_txt'

21-10-2025T20:42:36 - [TEST_STEP][PASSED] - (i++): null

21-10-2025T20:42:36 - [TEST_STEP][PASSED] - sendKeys(findTestObject("FIM/Sites Page/Site Filtering/Site_txt"), Keys.chord(BACK_SPACE), STOP_ON_FAILURE): Keys 'BACK_SPACE + ' sent to object: 'Object Repository/FIM/Sites Page/Site Filtering/Site_txt'

21-10-2025T20:42:36 - [MESSAGE][PASSED] - Keys 'BACK_SPACE + ' sent to object: 'Object Repository/FIM/Sites Page/Site Filtering/Site_txt'

21-10-2025T20:42:36 - [TEST_STEP][PASSED] - (i++): null

21-10-2025T20:42:36 - [TEST_STEP][PASSED] - sendKeys(findTestObject("FIM/Sites Page/Site Filtering/Site_txt"), "TURK132 - 798 North", STOP_ON_FAILURE): Keys 'TURK132 - 798 North' sent to object: 'Object Repository/FIM/Sites Page/Site Filtering/Site_txt'

21-10-2025T20:42:36 - [MESSAGE][PASSED] - Keys 'TURK132 - 798 North' sent to object: 'Object Repository/FIM/Sites Page/Site Filtering/Site_txt'

21-10-2025T20:42:36 - [TEST_STEP][PASSED] - sendKeys(findTestObject("FIM/Sites Page/Site Filtering/Site_txt"), Keys.chord(ENTER), STOP_ON_FAILURE): Keys 'ENTER + ' sent to object: 'Object Repository/FIM/Sites Page/Site Filtering/Site_txt'

21-10-2025T20:42:36 - [MESSAGE][PASSED] - Keys 'ENTER + ' sent to object: 'Object Repository/FIM/Sites Page/Site Filtering/Site_txt'

21-10-2025T20:42:36 - [TEST_STEP][PASSED] - waitForElementClickable(findTestObject("FIM/Sites Page/Orders/Create Order/CreateOrder_btn"), 300): Object 'Object Repository/FIM/Sites Page/Orders/Create Order/CreateOrder_btn' is clickable

21-10-2025T20:42:37 - [MESSAGE][PASSED] - Object 'Object Repository/FIM/Sites Page/Orders/Create Order/CreateOrder_btn' is clickable

21-10-2025T20:42:37 - [TEST_STEP][PASSED] - click(findTestObject("FIM/Sites Page/Orders/Create Order/CreateOrder_btn"), OPTIONAL): Object: 'Object Repository/FIM/Sites Page/Orders/Create Order/CreateOrder_btn' is clicked on

21-10-2025T20:42:37 - [MESSAGE][PASSED] - Object: 'Object Repository/FIM/Sites Page/Orders/Create Order/CreateOrder_btn' is clicked on

21-10-2025T20:42:37 - [TEST_STEP][PASSED] - delay(1): Delayed 1 second(s)

21-10-2025T20:42:38 - [MESSAGE][PASSED] - Delayed 1 second(s)

21-10-2025T20:42:38 - [TEST_STEP][PASSED] - clearText(findTestObject("FIM/Sites Page/Orders/Create Order/30PRM_txt (1)")): Text of object 'Object Repository/FIM/Sites Page/Orders/Create Order/30PRM_txt (1)' is cleared

21-10-2025T20:42:38 - [MESSAGE][PASSED] - Text of object 'Object Repository/FIM/Sites Page/Orders/Create Order/30PRM_txt (1)' is cleared

21-10-2025T20:42:38 - [TEST_STEP][PASSED] - delay(1): Delayed 1 second(s)

21-10-2025T20:42:39 - [MESSAGE][PASSED] - Delayed 1 second(s)

21-10-2025T20:42:39 - [TEST_STEP][PASSED] - sendKeys(findTestObject("FIM/Sites Page/Orders/Create Order/30PRM_txt (1)"), "5000"): Keys '5000' sent to object: 'Object Repository/FIM/Sites Page/Orders/Create Order/30PRM_txt (1)'

21-10-2025T20:42:39 - [MESSAGE][PASSED] - Keys '5000' sent to object: 'Object Repository/FIM/Sites Page/Orders/Create Order/30PRM_txt (1)'

21-10-2025T20:42:39 - [TEST_STEP][PASSED] - delay(2): Delayed 2 second(s)

21-10-2025T20:42:41 - [MESSAGE][PASSED] - Delayed 2 second(s)

21-10-2025T20:42:41 - [TEST_STEP][PASSED] - click(findTestObject("FIM/Sites Page/Orders/Create Order/Release Number_txt"), STOP_ON_FAILURE): Object: 'Object Repository/FIM/Sites Page/Orders/Create Order/Release Number_txt' is clicked on

21-10-2025T20:42:41 - [MESSAGE][PASSED] - Object: 'Object Repository/FIM/Sites Page/Orders/Create Order/Release Number_txt' is clicked on

21-10-2025T20:42:41 - [TEST_STEP][PASSED] - delay(1): Delayed 1 second(s)

21-10-2025T20:42:42 - [MESSAGE][PASSED] - Delayed 1 second(s)

21-10-2025T20:42:42 - [TEST_STEP][PASSED] - setText(findTestObject("FIM/Sites Page/Orders/Create Order/Release Number_txt"), "05987451254"): Text '05987451254' is set on object 'Object Repository/FIM/Sites Page/Orders/Create Order/Release Number_txt'

21-10-2025T20:42:42 - [MESSAGE][PASSED] - Text '05987451254' is set on object 'Object Repository/FIM/Sites Page/Orders/Create Order/Release Number_txt'

21-10-2025T20:42:42 - [TEST_STEP][PASSED] - click(findTestObject("FIM/Sites Page/Orders/Save_btn")): Object: 'Object Repository/FIM/Sites Page/Orders/Save_btn' is clicked on

21-10-2025T20:42:42 - [MESSAGE][PASSED] - Object: 'Object Repository/FIM/Sites Page/Orders/Save_btn' is clicked on

21-10-2025T20:42:42 - [TEST_STEP][PASSED] - delay(1): Delayed 1 second(s)

21-10-2025T20:42:43 - [MESSAGE][PASSED] - Delayed 1 second(s)

21-10-2025T20:42:43 - [TEST_STEP][PASSED] - verifyElementVisible(findTestObject("FIM/Sites Page/Orders/Create Order/Order Creation Message"), STOP_ON_FAILURE): Object 'Object Repository/FIM/Sites Page/Orders/Create Order/Order Creation Message' is visible

21-10-2025T20:42:43 - [MESSAGE][PASSED] - Object 'Object Repository/FIM/Sites Page/Orders/Create Order/Order Creation Message' is visible

21-10-2025T20:42:43 - [TEST_STEP][PASSED] - verifyElementText(findTestObject("FIM/Sites Page/Orders/Create Order/Order Creation Message"), "New order has been added"): Actual text and expected text of test object 'Object Repository/FIM/Sites Page/Orders/Create Order/Order Creation Message' are matched.

21-10-2025T20:42:43 - [MESSAGE][PASSED] - Actual text and expected text of test object 'Object Repository/FIM/Sites Page/Orders/Create Order/Order Creation Message' are matched.

21-10-2025T20:42:43 - [TEST_STEP][PASSED] - closeBrowser(): Browser is closed

21-10-2025T20:42:43 - [MESSAGE][PASSED] - Browser is closed

21-10-2025T20:42:43 - [TEST_STEP][PASSED] - Start listener action : retryOnDisconnect: null

21-10-2025T20:42:43 - [TEST_STEP][PASSED] - tcId = testCaseContext.getTestCaseId(): null

21-10-2025T20:42:43 - [TEST_STEP][PASSED] - currentRetry = retryCounts.getOrDefault(tcId, 0): null

21-10-2025T20:42:43 - [TEST_STEP][PASSED] - if (testCaseContext.getTestCaseStatus() == "FAILED" && currentRetry < MAX_RETRIES): null]]></system-out>
         <system-err><![CDATA[]]></system-err>
      </testcase>
      <testcase name="Test Cases/FIM/UI/KGL/Admin/Sites Page/Orders/Cancelling Exporting an Order" time="46.032" classname="Test Cases/FIM/UI/KGL/Admin/Sites Page/Orders/Cancelling Exporting an Order" status="PASSED">
         <system-out><![CDATA[21-10-2025T20:42:43 - [TEST_CASE][PASSED] - Test Cases/FIM/UI/KGL/Admin/Sites Page/Orders/Cancelling Exporting an Order: Test Cases/FIM/UI/KGL/Admin/Sites Page/Orders/Cancelling Exporting an Order

21-10-2025T20:42:43 - [TEST_STEP][PASSED] - Start listener action : beforeTestCase: null

21-10-2025T20:42:43 - [TEST_STEP][PASSED] - addDefaultPackages(): null

21-10-2025T20:42:43 - [TEST_STEP][PASSED] - i = 0: null

21-10-2025T20:42:43 - [TEST_STEP][PASSED] - callTestCase(findTestCase("Utility Scripts/FIM KGL Admin Login"), [:], STOP_ON_FAILURE): Call Test Case 'Test Cases/Utility Scripts/FIM KGL Admin Login' successfully

21-10-2025T20:42:43 - [TEST_CASE][PASSED] - Test Cases/Utility Scripts/FIM KGL Admin Login: Test Cases/Utility Scripts/FIM KGL Admin Login

21-10-2025T20:42:43 - [TEST_STEP][PASSED] - openBrowser(""): Browser is opened with url: ''

21-10-2025T20:42:43 - [MESSAGE][INFO] - Starting 'Chrome' driver

21-10-2025T20:42:43 - [MESSAGE][INFO] - User set preference: ['args', '[--no-sandbox, --disable-gpu, --disable-dev-shm-usage]']

21-10-2025T20:42:43 - [MESSAGE][INFO] - Action delay is set to 0 milliseconds

21-10-2025T20:42:44 - [MESSAGE][PASSED] - Browser is opened with url: ''

21-10-2025T20:42:44 - [TEST_STEP][PASSED] - delay(1): Delayed 1 second(s)

21-10-2025T20:42:45 - [MESSAGE][PASSED] - Delayed 1 second(s)

21-10-2025T20:42:45 - [TEST_STEP][PASSED] - navigateToUrl(KGLCustomGroupUrl): Navigate to 'https://kaglogistics-inventory-management-portal.qa.thekag.com/custom-group/' successfully

21-10-2025T20:42:45 - [MESSAGE][PASSED] - Navigate to 'https://kaglogistics-inventory-management-portal.qa.thekag.com/custom-group/' successfully

21-10-2025T20:42:45 - [TEST_STEP][PASSED] - delay(10): Delayed 10 second(s)

21-10-2025T20:42:55 - [MESSAGE][PASSED] - Delayed 10 second(s)

21-10-2025T20:42:55 - [TEST_STEP][PASSED] - if (maximizeWindow == true): Delayed 1 second(s)

21-10-2025T20:42:55 - [TEST_STEP][PASSED] - maximizeWindow(STOP_ON_FAILURE): Current window maximized

21-10-2025T20:42:55 - [MESSAGE][PASSED] - Current window maximized

21-10-2025T20:42:55 - [TEST_STEP][PASSED] - delay(1): Delayed 1 second(s)

21-10-2025T20:42:56 - [MESSAGE][PASSED] - Delayed 1 second(s)

21-10-2025T20:42:56 - [TEST_STEP][PASSED] - waitForElementPresent(findTestObject("FIM/Username_txt"), 10): Object 'Object Repository/FIM/Username_txt' is present

21-10-2025T20:42:56 - [MESSAGE][PASSED] - Object 'Object Repository/FIM/Username_txt' is present

21-10-2025T20:42:56 - [TEST_STEP][PASSED] - setText(findTestObject("FIM/Username_txt"), FIMUsername): Text 'Chris.Sheldon+DES_QA@Thekag.com' is set on object 'Object Repository/FIM/Username_txt'

21-10-2025T20:42:57 - [MESSAGE][PASSED] - Text 'Chris.Sheldon+DES_QA@Thekag.com' is set on object 'Object Repository/FIM/Username_txt'

21-10-2025T20:42:57 - [TEST_STEP][PASSED] - delay(1): Delayed 1 second(s)

21-10-2025T20:42:58 - [MESSAGE][PASSED] - Delayed 1 second(s)

21-10-2025T20:42:58 - [TEST_STEP][PASSED] - setText(findTestObject("FIM/Password_txt"), FIMPassword): Text 'QATest!2' is set on object 'Object Repository/FIM/Password_txt'

21-10-2025T20:42:58 - [MESSAGE][PASSED] - Text 'QATest!2' is set on object 'Object Repository/FIM/Password_txt'

21-10-2025T20:42:58 - [TEST_STEP][PASSED] - delay(1): Delayed 1 second(s)

21-10-2025T20:42:59 - [MESSAGE][PASSED] - Delayed 1 second(s)

21-10-2025T20:42:59 - [TEST_STEP][PASSED] - click(findTestObject("FIM/Login_btn")): Object: 'Object Repository/FIM/Login_btn' is clicked on

21-10-2025T20:42:59 - [MESSAGE][PASSED] - Object: 'Object Repository/FIM/Login_btn' is clicked on

21-10-2025T20:42:59 - [MESSAGE][PASSED] - Call Test Case 'Test Cases/Utility Scripts/FIM KGL Admin Login' successfully

21-10-2025T20:42:59 - [TEST_STEP][PASSED] - if (verifyElementVisible(findTestObject("FIM/Server_Notification_Close_btn"), OPTIONAL) == true): Web element with id: 'Object Repository/FIM/Server_Notification_Close_btn' located by '/html/body/div/div[1]/button' not found (Root cause: com.kms.katalon.core.exception.StepFailedException: Web element with id: 'Object Repository/FIM/Server_Notification_Close_btn' located by '/html/body/div/div[1]/button' not found
	at com.kms.katalon.core.webui.keyword.internal.WebUIKeywordMain.stepFailed(WebUIKeywordMain.groovy:117)
	at com.kms.katalon.core.webui.keyword.builtin.VerifyElementVisibleKeyword$_verifyElementVisible_closure1.doCall(VerifyElementVisibleKeyword.groovy:89)
	at com.kms.katalon.core.webui.keyword.builtin.VerifyElementVisibleKeyword$_verifyElementVisible_closure1.call(VerifyElementVisibleKeyword.groovy)
	at com.kms.katalon.core.webui.keyword.internal.WebUIKeywordMain.runKeyword(WebUIKeywordMain.groovy:35)
	at com.kms.katalon.core.webui.keyword.builtin.VerifyElementVisibleKeyword.verifyElementVisible(VerifyElementVisibleKeyword.groovy:97)
	at com.kms.katalon.core.webui.keyword.builtin.VerifyElementVisibleKeyword.execute(VerifyElementVisibleKeyword.groovy:67)
	at com.kms.katalon.core.keyword.internal.KeywordExecutor.executeKeywordForPlatform(KeywordExecutor.groovy:74)
	at com.kms.katalon.core.webui.keyword.WebUiBuiltInKeywords.verifyElementVisible(WebUiBuiltInKeywords.groovy:401)
	at com.kms.katalon.core.webui.keyword.WebUiBuiltInKeywords$verifyElementVisible$5.call(Unknown Source)
	at Cancelling Exporting an Order.run(Cancelling Exporting an Order:24)
	at com.kms.katalon.core.main.ScriptEngine.run(ScriptEngine.java:194)
	at com.kms.katalon.core.main.ScriptEngine.runScriptAsRawText(ScriptEngine.java:119)
	at com.kms.katalon.core.main.TestCaseExecutor.runScript(TestCaseExecutor.java:448)
	at com.kms.katalon.core.main.TestCaseExecutor.doExecute(TestCaseExecutor.java:439)
	at com.kms.katalon.core.main.TestCaseExecutor.processExecutionPhase(TestCaseExecutor.java:418)
	at com.kms.katalon.core.main.TestCaseExecutor.accessMainPhase(TestCaseExecutor.java:410)
	at com.kms.katalon.core.main.TestCaseExecutor.execute(TestCaseExecutor.java:285)
	at com.kms.katalon.core.common.CommonExecutor.accessTestCaseMainPhase(CommonExecutor.java:65)
	at com.kms.katalon.core.main.TestSuiteExecutor.accessTestSuiteMainPhase(TestSuiteExecutor.java:150)
	at com.kms.katalon.core.main.TestSuiteExecutor.execute(TestSuiteExecutor.java:106)
	at com.kms.katalon.core.main.TestCaseMain.startTestSuite(TestCaseMain.java:180)
	at com.kms.katalon.core.main.TestCaseMain$startTestSuite$0.call(Unknown Source)
	at TempTestSuite1761090769781.run(TempTestSuite1761090769781.groovy:35)
	at java.base/jdk.internal.reflect.NativeMethodAccessorImpl.invoke0(Native Method)
	at java.base/jdk.internal.reflect.NativeMethodAccessorImpl.invoke(NativeMethodAccessorImpl.java:77)
	at java.base/jdk.internal.reflect.DelegatingMethodAccessorImpl.invoke(DelegatingMethodAccessorImpl.java:43)
)

21-10-2025T20:43:15 - [MESSAGE][INFO] - Unable to find the element located by 'By.xpath: /html/body/div/div[1]/button'. Please recheck the objects properties to make sure the desired element is located. 

21-10-2025T20:43:15 - [MESSAGE][WARNING] - [SELF-HEALING] Failed to find element with id 'Object Repository/FIM/Server_Notification_Close_btn'. Try using Self-healing.

21-10-2025T20:43:16 - [MESSAGE][INFO] - [SELF-HEALING] No working XPath is found.

21-10-2025T20:43:18 - [MESSAGE][INFO] - Unable to find the element located by 'By.xpath: '. Please recheck the objects properties to make sure the desired element is located. 

21-10-2025T20:43:18 - [MESSAGE][WARNING] - [SELF-HEALING] Cannot find elements when the selector is null

21-10-2025T20:43:18 - [MESSAGE][WARNING] - Web element with id: 'Object Repository/FIM/Server_Notification_Close_btn' located by '/html/body/div/div[1]/button' not found (Root cause: com.kms.katalon.core.exception.StepFailedException: Web element with id: 'Object Repository/FIM/Server_Notification_Close_btn' located by '/html/body/div/div[1]/button' not found
	at com.kms.katalon.core.webui.keyword.internal.WebUIKeywordMain.stepFailed(WebUIKeywordMain.groovy:117)
	at com.kms.katalon.core.webui.keyword.builtin.VerifyElementVisibleKeyword$_verifyElementVisible_closure1.doCall(VerifyElementVisibleKeyword.groovy:89)
	at com.kms.katalon.core.webui.keyword.builtin.VerifyElementVisibleKeyword$_verifyElementVisible_closure1.call(VerifyElementVisibleKeyword.groovy)
	at com.kms.katalon.core.webui.keyword.internal.WebUIKeywordMain.runKeyword(WebUIKeywordMain.groovy:35)
	at com.kms.katalon.core.webui.keyword.builtin.VerifyElementVisibleKeyword.verifyElementVisible(VerifyElementVisibleKeyword.groovy:97)
	at com.kms.katalon.core.webui.keyword.builtin.VerifyElementVisibleKeyword.execute(VerifyElementVisibleKeyword.groovy:67)
	at com.kms.katalon.core.keyword.internal.KeywordExecutor.executeKeywordForPlatform(KeywordExecutor.groovy:74)
	at com.kms.katalon.core.webui.keyword.WebUiBuiltInKeywords.verifyElementVisible(WebUiBuiltInKeywords.groovy:401)
	at com.kms.katalon.core.webui.keyword.WebUiBuiltInKeywords$verifyElementVisible$5.call(Unknown Source)
	at Cancelling Exporting an Order.run(Cancelling Exporting an Order:24)
	at com.kms.katalon.core.main.ScriptEngine.run(ScriptEngine.java:194)
	at com.kms.katalon.core.main.ScriptEngine.runScriptAsRawText(ScriptEngine.java:119)
	at com.kms.katalon.core.main.TestCaseExecutor.runScript(TestCaseExecutor.java:448)
	at com.kms.katalon.core.main.TestCaseExecutor.doExecute(TestCaseExecutor.java:439)
	at com.kms.katalon.core.main.TestCaseExecutor.processExecutionPhase(TestCaseExecutor.java:418)
	at com.kms.katalon.core.main.TestCaseExecutor.accessMainPhase(TestCaseExecutor.java:410)
	at com.kms.katalon.core.main.TestCaseExecutor.execute(TestCaseExecutor.java:285)
	at com.kms.katalon.core.common.CommonExecutor.accessTestCaseMainPhase(CommonExecutor.java:65)
	at com.kms.katalon.core.main.TestSuiteExecutor.accessTestSuiteMainPhase(TestSuiteExecutor.java:150)
	at com.kms.katalon.core.main.TestSuiteExecutor.execute(TestSuiteExecutor.java:106)
	at com.kms.katalon.core.main.TestCaseMain.startTestSuite(TestCaseMain.java:180)
	at com.kms.katalon.core.main.TestCaseMain$startTestSuite$0.call(Unknown Source)
	at TempTestSuite1761090769781.run(TempTestSuite1761090769781.groovy:35)
	at java.base/jdk.internal.reflect.NativeMethodAccessorImpl.invoke0(Native Method)
	at java.base/jdk.internal.reflect.NativeMethodAccessorImpl.invoke(NativeMethodAccessorImpl.java:77)
	at java.base/jdk.internal.reflect.DelegatingMethodAccessorImpl.invoke(DelegatingMethodAccessorImpl.java:43)
)

21-10-2025T20:43:18 - [TEST_STEP][PASSED] - delay(1): Delayed 1 second(s)

21-10-2025T20:43:19 - [MESSAGE][PASSED] - Delayed 1 second(s)

21-10-2025T20:43:19 - [TEST_STEP][PASSED] - click(findTestObject("FIM/Hamburger Menu List/Hamburger_menu")): Object: 'Object Repository/FIM/Hamburger Menu List/Hamburger_menu' is clicked on

21-10-2025T20:43:19 - [MESSAGE][PASSED] - Object: 'Object Repository/FIM/Hamburger Menu List/Hamburger_menu' is clicked on

21-10-2025T20:43:19 - [TEST_STEP][PASSED] - verifyElementPresent(findTestObject("FIM/Hamburger Menu List/Sites_list (1)"), 10): Object 'Object Repository/FIM/Hamburger Menu List/Sites_list (1)' is present

21-10-2025T20:43:19 - [MESSAGE][PASSED] - Object 'Object Repository/FIM/Hamburger Menu List/Sites_list (1)' is present

21-10-2025T20:43:19 - [TEST_STEP][PASSED] - delay(1): Delayed 1 second(s)

21-10-2025T20:43:20 - [MESSAGE][PASSED] - Delayed 1 second(s)

21-10-2025T20:43:20 - [TEST_STEP][PASSED] - click(findTestObject("FIM/Hamburger Menu List/Sites_list (1)")): Object: 'Object Repository/FIM/Hamburger Menu List/Sites_list (1)' is clicked on

21-10-2025T20:43:20 - [MESSAGE][PASSED] - Object: 'Object Repository/FIM/Hamburger Menu List/Sites_list (1)' is clicked on

21-10-2025T20:43:20 - [TEST_STEP][PASSED] - waitForElementPresent(findTestObject("FIM/Sites Page/Calculator/Calculator Tab"), 10): Object 'Object Repository/FIM/Sites Page/Calculator/Calculator Tab' is present

21-10-2025T20:43:21 - [MESSAGE][PASSED] - Object 'Object Repository/FIM/Sites Page/Calculator/Calculator Tab' is present

21-10-2025T20:43:21 - [TEST_STEP][PASSED] - selectOptionByLabel(findTestObject("FIM/Sites Page/Site Filtering/Region Selection_dropdown"), "KAG LOGISTICS", false): All options with label 'KAG LOGISTICS' are selected in object 'Object Repository/FIM/Sites Page/Site Filtering/Region Selection_dropdown' 

21-10-2025T20:43:21 - [MESSAGE][PASSED] - All options with label 'KAG LOGISTICS' are selected in object 'Object Repository/FIM/Sites Page/Site Filtering/Region Selection_dropdown' 

21-10-2025T20:43:21 - [TEST_STEP][PASSED] - while (i < 60 == true): null

21-10-2025T20:43:21 - [TEST_STEP][PASSED] - sendKeys(findTestObject("FIM/Sites Page/Site Filtering/Site_txt"), Keys.chord(BACK_SPACE), STOP_ON_FAILURE): Keys 'BACK_SPACE + ' sent to object: 'Object Repository/FIM/Sites Page/Site Filtering/Site_txt'

21-10-2025T20:43:22 - [MESSAGE][PASSED] - Keys 'BACK_SPACE + ' sent to object: 'Object Repository/FIM/Sites Page/Site Filtering/Site_txt'

21-10-2025T20:43:22 - [TEST_STEP][PASSED] - (i++): null

21-10-2025T20:43:22 - [TEST_STEP][PASSED] - sendKeys(findTestObject("FIM/Sites Page/Site Filtering/Site_txt"), Keys.chord(BACK_SPACE), STOP_ON_FAILURE): Keys 'BACK_SPACE + ' sent to object: 'Object Repository/FIM/Sites Page/Site Filtering/Site_txt'

21-10-2025T20:43:22 - [MESSAGE][PASSED] - Keys 'BACK_SPACE + ' sent to object: 'Object Repository/FIM/Sites Page/Site Filtering/Site_txt'

21-10-2025T20:43:22 - [TEST_STEP][PASSED] - (i++): null

21-10-2025T20:43:22 - [TEST_STEP][PASSED] - sendKeys(findTestObject("FIM/Sites Page/Site Filtering/Site_txt"), Keys.chord(BACK_SPACE), STOP_ON_FAILURE): Keys 'BACK_SPACE + ' sent to object: 'Object Repository/FIM/Sites Page/Site Filtering/Site_txt'

21-10-2025T20:43:22 - [MESSAGE][PASSED] - Keys 'BACK_SPACE + ' sent to object: 'Object Repository/FIM/Sites Page/Site Filtering/Site_txt'

21-10-2025T20:43:22 - [TEST_STEP][PASSED] - (i++): null

21-10-2025T20:43:22 - [TEST_STEP][PASSED] - sendKeys(findTestObject("FIM/Sites Page/Site Filtering/Site_txt"), Keys.chord(BACK_SPACE), STOP_ON_FAILURE): Keys 'BACK_SPACE + ' sent to object: 'Object Repository/FIM/Sites Page/Site Filtering/Site_txt'

21-10-2025T20:43:22 - [MESSAGE][PASSED] - Keys 'BACK_SPACE + ' sent to object: 'Object Repository/FIM/Sites Page/Site Filtering/Site_txt'

21-10-2025T20:43:22 - [TEST_STEP][PASSED] - (i++): null

21-10-2025T20:43:22 - [TEST_STEP][PASSED] - sendKeys(findTestObject("FIM/Sites Page/Site Filtering/Site_txt"), Keys.chord(BACK_SPACE), STOP_ON_FAILURE): Keys 'BACK_SPACE + ' sent to object: 'Object Repository/FIM/Sites Page/Site Filtering/Site_txt'

21-10-2025T20:43:22 - [MESSAGE][PASSED] - Keys 'BACK_SPACE + ' sent to object: 'Object Repository/FIM/Sites Page/Site Filtering/Site_txt'

21-10-2025T20:43:22 - [TEST_STEP][PASSED] - (i++): null

21-10-2025T20:43:22 - [TEST_STEP][PASSED] - sendKeys(findTestObject("FIM/Sites Page/Site Filtering/Site_txt"), Keys.chord(BACK_SPACE), STOP_ON_FAILURE): Keys 'BACK_SPACE + ' sent to object: 'Object Repository/FIM/Sites Page/Site Filtering/Site_txt'

21-10-2025T20:43:22 - [MESSAGE][PASSED] - Keys 'BACK_SPACE + ' sent to object: 'Object Repository/FIM/Sites Page/Site Filtering/Site_txt'

21-10-2025T20:43:22 - [TEST_STEP][PASSED] - (i++): null

21-10-2025T20:43:22 - [TEST_STEP][PASSED] - sendKeys(findTestObject("FIM/Sites Page/Site Filtering/Site_txt"), Keys.chord(BACK_SPACE), STOP_ON_FAILURE): Keys 'BACK_SPACE + ' sent to object: 'Object Repository/FIM/Sites Page/Site Filtering/Site_txt'

21-10-2025T20:43:23 - [MESSAGE][PASSED] - Keys 'BACK_SPACE + ' sent to object: 'Object Repository/FIM/Sites Page/Site Filtering/Site_txt'

21-10-2025T20:43:23 - [TEST_STEP][PASSED] - (i++): null

21-10-2025T20:43:23 - [TEST_STEP][PASSED] - sendKeys(findTestObject("FIM/Sites Page/Site Filtering/Site_txt"), Keys.chord(BACK_SPACE), STOP_ON_FAILURE): Keys 'BACK_SPACE + ' sent to object: 'Object Repository/FIM/Sites Page/Site Filtering/Site_txt'

21-10-2025T20:43:23 - [MESSAGE][PASSED] - Keys 'BACK_SPACE + ' sent to object: 'Object Repository/FIM/Sites Page/Site Filtering/Site_txt'

21-10-2025T20:43:23 - [TEST_STEP][PASSED] - (i++): null

21-10-2025T20:43:23 - [TEST_STEP][PASSED] - sendKeys(findTestObject("FIM/Sites Page/Site Filtering/Site_txt"), Keys.chord(BACK_SPACE), STOP_ON_FAILURE): Keys 'BACK_SPACE + ' sent to object: 'Object Repository/FIM/Sites Page/Site Filtering/Site_txt'

21-10-2025T20:43:23 - [MESSAGE][PASSED] - Keys 'BACK_SPACE + ' sent to object: 'Object Repository/FIM/Sites Page/Site Filtering/Site_txt'

21-10-2025T20:43:23 - [TEST_STEP][PASSED] - (i++): null

21-10-2025T20:43:23 - [TEST_STEP][PASSED] - sendKeys(findTestObject("FIM/Sites Page/Site Filtering/Site_txt"), Keys.chord(BACK_SPACE), STOP_ON_FAILURE): Keys 'BACK_SPACE + ' sent to object: 'Object Repository/FIM/Sites Page/Site Filtering/Site_txt'

21-10-2025T20:43:23 - [MESSAGE][PASSED] - Keys 'BACK_SPACE + ' sent to object: 'Object Repository/FIM/Sites Page/Site Filtering/Site_txt'

21-10-2025T20:43:23 - [TEST_STEP][PASSED] - (i++): null

21-10-2025T20:43:23 - [TEST_STEP][PASSED] - sendKeys(findTestObject("FIM/Sites Page/Site Filtering/Site_txt"), Keys.chord(BACK_SPACE), STOP_ON_FAILURE): Keys 'BACK_SPACE + ' sent to object: 'Object Repository/FIM/Sites Page/Site Filtering/Site_txt'

21-10-2025T20:43:23 - [MESSAGE][PASSED] - Keys 'BACK_SPACE + ' sent to object: 'Object Repository/FIM/Sites Page/Site Filtering/Site_txt'

21-10-2025T20:43:23 - [TEST_STEP][PASSED] - (i++): null

21-10-2025T20:43:23 - [TEST_STEP][PASSED] - sendKeys(findTestObject("FIM/Sites Page/Site Filtering/Site_txt"), Keys.chord(BACK_SPACE), STOP_ON_FAILURE): Keys 'BACK_SPACE + ' sent to object: 'Object Repository/FIM/Sites Page/Site Filtering/Site_txt'

21-10-2025T20:43:23 - [MESSAGE][PASSED] - Keys 'BACK_SPACE + ' sent to object: 'Object Repository/FIM/Sites Page/Site Filtering/Site_txt'

21-10-2025T20:43:23 - [TEST_STEP][PASSED] - (i++): null

21-10-2025T20:43:23 - [TEST_STEP][PASSED] - sendKeys(findTestObject("FIM/Sites Page/Site Filtering/Site_txt"), Keys.chord(BACK_SPACE), STOP_ON_FAILURE): Keys 'BACK_SPACE + ' sent to object: 'Object Repository/FIM/Sites Page/Site Filtering/Site_txt'

21-10-2025T20:43:23 - [MESSAGE][PASSED] - Keys 'BACK_SPACE + ' sent to object: 'Object Repository/FIM/Sites Page/Site Filtering/Site_txt'

21-10-2025T20:43:23 - [TEST_STEP][PASSED] - (i++): null

21-10-2025T20:43:23 - [TEST_STEP][PASSED] - sendKeys(findTestObject("FIM/Sites Page/Site Filtering/Site_txt"), Keys.chord(BACK_SPACE), STOP_ON_FAILURE): Keys 'BACK_SPACE + ' sent to object: 'Object Repository/FIM/Sites Page/Site Filtering/Site_txt'

21-10-2025T20:43:23 - [MESSAGE][PASSED] - Keys 'BACK_SPACE + ' sent to object: 'Object Repository/FIM/Sites Page/Site Filtering/Site_txt'

21-10-2025T20:43:23 - [TEST_STEP][PASSED] - (i++): null

21-10-2025T20:43:23 - [TEST_STEP][PASSED] - sendKeys(findTestObject("FIM/Sites Page/Site Filtering/Site_txt"), Keys.chord(BACK_SPACE), STOP_ON_FAILURE): Keys 'BACK_SPACE + ' sent to object: 'Object Repository/FIM/Sites Page/Site Filtering/Site_txt'

21-10-2025T20:43:23 - [MESSAGE][PASSED] - Keys 'BACK_SPACE + ' sent to object: 'Object Repository/FIM/Sites Page/Site Filtering/Site_txt'

21-10-2025T20:43:23 - [TEST_STEP][PASSED] - (i++): null

21-10-2025T20:43:23 - [TEST_STEP][PASSED] - sendKeys(findTestObject("FIM/Sites Page/Site Filtering/Site_txt"), Keys.chord(BACK_SPACE), STOP_ON_FAILURE): Keys 'BACK_SPACE + ' sent to object: 'Object Repository/FIM/Sites Page/Site Filtering/Site_txt'

21-10-2025T20:43:23 - [MESSAGE][PASSED] - Keys 'BACK_SPACE + ' sent to object: 'Object Repository/FIM/Sites Page/Site Filtering/Site_txt'

21-10-2025T20:43:23 - [TEST_STEP][PASSED] - (i++): null

21-10-2025T20:43:23 - [TEST_STEP][PASSED] - sendKeys(findTestObject("FIM/Sites Page/Site Filtering/Site_txt"), Keys.chord(BACK_SPACE), STOP_ON_FAILURE): Keys 'BACK_SPACE + ' sent to object: 'Object Repository/FIM/Sites Page/Site Filtering/Site_txt'

21-10-2025T20:43:23 - [MESSAGE][PASSED] - Keys 'BACK_SPACE + ' sent to object: 'Object Repository/FIM/Sites Page/Site Filtering/Site_txt'

21-10-2025T20:43:23 - [TEST_STEP][PASSED] - (i++): null

21-10-2025T20:43:23 - [TEST_STEP][PASSED] - sendKeys(findTestObject("FIM/Sites Page/Site Filtering/Site_txt"), Keys.chord(BACK_SPACE), STOP_ON_FAILURE): Keys 'BACK_SPACE + ' sent to object: 'Object Repository/FIM/Sites Page/Site Filtering/Site_txt'

21-10-2025T20:43:23 - [MESSAGE][PASSED] - Keys 'BACK_SPACE + ' sent to object: 'Object Repository/FIM/Sites Page/Site Filtering/Site_txt'

21-10-2025T20:43:23 - [TEST_STEP][PASSED] - (i++): null

21-10-2025T20:43:23 - [TEST_STEP][PASSED] - sendKeys(findTestObject("FIM/Sites Page/Site Filtering/Site_txt"), Keys.chord(BACK_SPACE), STOP_ON_FAILURE): Keys 'BACK_SPACE + ' sent to object: 'Object Repository/FIM/Sites Page/Site Filtering/Site_txt'

21-10-2025T20:43:23 - [MESSAGE][PASSED] - Keys 'BACK_SPACE + ' sent to object: 'Object Repository/FIM/Sites Page/Site Filtering/Site_txt'

21-10-2025T20:43:23 - [TEST_STEP][PASSED] - (i++): null

21-10-2025T20:43:23 - [TEST_STEP][PASSED] - sendKeys(findTestObject("FIM/Sites Page/Site Filtering/Site_txt"), Keys.chord(BACK_SPACE), STOP_ON_FAILURE): Keys 'BACK_SPACE + ' sent to object: 'Object Repository/FIM/Sites Page/Site Filtering/Site_txt'

21-10-2025T20:43:23 - [MESSAGE][PASSED] - Keys 'BACK_SPACE + ' sent to object: 'Object Repository/FIM/Sites Page/Site Filtering/Site_txt'

21-10-2025T20:43:23 - [TEST_STEP][PASSED] - (i++): null

21-10-2025T20:43:23 - [TEST_STEP][PASSED] - sendKeys(findTestObject("FIM/Sites Page/Site Filtering/Site_txt"), Keys.chord(BACK_SPACE), STOP_ON_FAILURE): Keys 'BACK_SPACE + ' sent to object: 'Object Repository/FIM/Sites Page/Site Filtering/Site_txt'

21-10-2025T20:43:23 - [MESSAGE][PASSED] - Keys 'BACK_SPACE + ' sent to object: 'Object Repository/FIM/Sites Page/Site Filtering/Site_txt'

21-10-2025T20:43:23 - [TEST_STEP][PASSED] - (i++): null

21-10-2025T20:43:23 - [TEST_STEP][PASSED] - sendKeys(findTestObject("FIM/Sites Page/Site Filtering/Site_txt"), Keys.chord(BACK_SPACE), STOP_ON_FAILURE): Keys 'BACK_SPACE + ' sent to object: 'Object Repository/FIM/Sites Page/Site Filtering/Site_txt'

21-10-2025T20:43:23 - [MESSAGE][PASSED] - Keys 'BACK_SPACE + ' sent to object: 'Object Repository/FIM/Sites Page/Site Filtering/Site_txt'

21-10-2025T20:43:23 - [TEST_STEP][PASSED] - (i++): null

21-10-2025T20:43:23 - [TEST_STEP][PASSED] - sendKeys(findTestObject("FIM/Sites Page/Site Filtering/Site_txt"), Keys.chord(BACK_SPACE), STOP_ON_FAILURE): Keys 'BACK_SPACE + ' sent to object: 'Object Repository/FIM/Sites Page/Site Filtering/Site_txt'

21-10-2025T20:43:23 - [MESSAGE][PASSED] - Keys 'BACK_SPACE + ' sent to object: 'Object Repository/FIM/Sites Page/Site Filtering/Site_txt'

21-10-2025T20:43:23 - [TEST_STEP][PASSED] - (i++): null

21-10-2025T20:43:23 - [TEST_STEP][PASSED] - sendKeys(findTestObject("FIM/Sites Page/Site Filtering/Site_txt"), Keys.chord(BACK_SPACE), STOP_ON_FAILURE): Keys 'BACK_SPACE + ' sent to object: 'Object Repository/FIM/Sites Page/Site Filtering/Site_txt'

21-10-2025T20:43:23 - [MESSAGE][PASSED] - Keys 'BACK_SPACE + ' sent to object: 'Object Repository/FIM/Sites Page/Site Filtering/Site_txt'

21-10-2025T20:43:23 - [TEST_STEP][PASSED] - (i++): null

21-10-2025T20:43:23 - [TEST_STEP][PASSED] - sendKeys(findTestObject("FIM/Sites Page/Site Filtering/Site_txt"), Keys.chord(BACK_SPACE), STOP_ON_FAILURE): Keys 'BACK_SPACE + ' sent to object: 'Object Repository/FIM/Sites Page/Site Filtering/Site_txt'

21-10-2025T20:43:24 - [MESSAGE][PASSED] - Keys 'BACK_SPACE + ' sent to object: 'Object Repository/FIM/Sites Page/Site Filtering/Site_txt'

21-10-2025T20:43:24 - [TEST_STEP][PASSED] - (i++): null

21-10-2025T20:43:24 - [TEST_STEP][PASSED] - sendKeys(findTestObject("FIM/Sites Page/Site Filtering/Site_txt"), Keys.chord(BACK_SPACE), STOP_ON_FAILURE): Keys 'BACK_SPACE + ' sent to object: 'Object Repository/FIM/Sites Page/Site Filtering/Site_txt'

21-10-2025T20:43:24 - [MESSAGE][PASSED] - Keys 'BACK_SPACE + ' sent to object: 'Object Repository/FIM/Sites Page/Site Filtering/Site_txt'

21-10-2025T20:43:24 - [TEST_STEP][PASSED] - (i++): null

21-10-2025T20:43:24 - [TEST_STEP][PASSED] - sendKeys(findTestObject("FIM/Sites Page/Site Filtering/Site_txt"), Keys.chord(BACK_SPACE), STOP_ON_FAILURE): Keys 'BACK_SPACE + ' sent to object: 'Object Repository/FIM/Sites Page/Site Filtering/Site_txt'

21-10-2025T20:43:24 - [MESSAGE][PASSED] - Keys 'BACK_SPACE + ' sent to object: 'Object Repository/FIM/Sites Page/Site Filtering/Site_txt'

21-10-2025T20:43:24 - [TEST_STEP][PASSED] - (i++): null

21-10-2025T20:43:24 - [TEST_STEP][PASSED] - sendKeys(findTestObject("FIM/Sites Page/Site Filtering/Site_txt"), Keys.chord(BACK_SPACE), STOP_ON_FAILURE): Keys 'BACK_SPACE + ' sent to object: 'Object Repository/FIM/Sites Page/Site Filtering/Site_txt'

21-10-2025T20:43:24 - [MESSAGE][PASSED] - Keys 'BACK_SPACE + ' sent to object: 'Object Repository/FIM/Sites Page/Site Filtering/Site_txt'

21-10-2025T20:43:24 - [TEST_STEP][PASSED] - (i++): null

21-10-2025T20:43:24 - [TEST_STEP][PASSED] - sendKeys(findTestObject("FIM/Sites Page/Site Filtering/Site_txt"), Keys.chord(BACK_SPACE), STOP_ON_FAILURE): Keys 'BACK_SPACE + ' sent to object: 'Object Repository/FIM/Sites Page/Site Filtering/Site_txt'

21-10-2025T20:43:24 - [MESSAGE][PASSED] - Keys 'BACK_SPACE + ' sent to object: 'Object Repository/FIM/Sites Page/Site Filtering/Site_txt'

21-10-2025T20:43:24 - [TEST_STEP][PASSED] - (i++): null

21-10-2025T20:43:24 - [TEST_STEP][PASSED] - sendKeys(findTestObject("FIM/Sites Page/Site Filtering/Site_txt"), Keys.chord(BACK_SPACE), STOP_ON_FAILURE): Keys 'BACK_SPACE + ' sent to object: 'Object Repository/FIM/Sites Page/Site Filtering/Site_txt'

21-10-2025T20:43:24 - [MESSAGE][PASSED] - Keys 'BACK_SPACE + ' sent to object: 'Object Repository/FIM/Sites Page/Site Filtering/Site_txt'

21-10-2025T20:43:24 - [TEST_STEP][PASSED] - (i++): null

21-10-2025T20:43:24 - [TEST_STEP][PASSED] - sendKeys(findTestObject("FIM/Sites Page/Site Filtering/Site_txt"), Keys.chord(BACK_SPACE), STOP_ON_FAILURE): Keys 'BACK_SPACE + ' sent to object: 'Object Repository/FIM/Sites Page/Site Filtering/Site_txt'

21-10-2025T20:43:24 - [MESSAGE][PASSED] - Keys 'BACK_SPACE + ' sent to object: 'Object Repository/FIM/Sites Page/Site Filtering/Site_txt'

21-10-2025T20:43:24 - [TEST_STEP][PASSED] - (i++): null

21-10-2025T20:43:24 - [TEST_STEP][PASSED] - sendKeys(findTestObject("FIM/Sites Page/Site Filtering/Site_txt"), Keys.chord(BACK_SPACE), STOP_ON_FAILURE): Keys 'BACK_SPACE + ' sent to object: 'Object Repository/FIM/Sites Page/Site Filtering/Site_txt'

21-10-2025T20:43:24 - [MESSAGE][PASSED] - Keys 'BACK_SPACE + ' sent to object: 'Object Repository/FIM/Sites Page/Site Filtering/Site_txt'

21-10-2025T20:43:24 - [TEST_STEP][PASSED] - (i++): null

21-10-2025T20:43:24 - [TEST_STEP][PASSED] - sendKeys(findTestObject("FIM/Sites Page/Site Filtering/Site_txt"), Keys.chord(BACK_SPACE), STOP_ON_FAILURE): Keys 'BACK_SPACE + ' sent to object: 'Object Repository/FIM/Sites Page/Site Filtering/Site_txt'

21-10-2025T20:43:24 - [MESSAGE][PASSED] - Keys 'BACK_SPACE + ' sent to object: 'Object Repository/FIM/Sites Page/Site Filtering/Site_txt'

21-10-2025T20:43:24 - [TEST_STEP][PASSED] - (i++): null

21-10-2025T20:43:24 - [TEST_STEP][PASSED] - sendKeys(findTestObject("FIM/Sites Page/Site Filtering/Site_txt"), Keys.chord(BACK_SPACE), STOP_ON_FAILURE): Keys 'BACK_SPACE + ' sent to object: 'Object Repository/FIM/Sites Page/Site Filtering/Site_txt'

21-10-2025T20:43:24 - [MESSAGE][PASSED] - Keys 'BACK_SPACE + ' sent to object: 'Object Repository/FIM/Sites Page/Site Filtering/Site_txt'

21-10-2025T20:43:24 - [TEST_STEP][PASSED] - (i++): null

21-10-2025T20:43:24 - [TEST_STEP][PASSED] - sendKeys(findTestObject("FIM/Sites Page/Site Filtering/Site_txt"), Keys.chord(BACK_SPACE), STOP_ON_FAILURE): Keys 'BACK_SPACE + ' sent to object: 'Object Repository/FIM/Sites Page/Site Filtering/Site_txt'

21-10-2025T20:43:24 - [MESSAGE][PASSED] - Keys 'BACK_SPACE + ' sent to object: 'Object Repository/FIM/Sites Page/Site Filtering/Site_txt'

21-10-2025T20:43:24 - [TEST_STEP][PASSED] - (i++): null

21-10-2025T20:43:24 - [TEST_STEP][PASSED] - sendKeys(findTestObject("FIM/Sites Page/Site Filtering/Site_txt"), Keys.chord(BACK_SPACE), STOP_ON_FAILURE): Keys 'BACK_SPACE + ' sent to object: 'Object Repository/FIM/Sites Page/Site Filtering/Site_txt'

21-10-2025T20:43:24 - [MESSAGE][PASSED] - Keys 'BACK_SPACE + ' sent to object: 'Object Repository/FIM/Sites Page/Site Filtering/Site_txt'

21-10-2025T20:43:24 - [TEST_STEP][PASSED] - (i++): null

21-10-2025T20:43:24 - [TEST_STEP][PASSED] - sendKeys(findTestObject("FIM/Sites Page/Site Filtering/Site_txt"), Keys.chord(BACK_SPACE), STOP_ON_FAILURE): Keys 'BACK_SPACE + ' sent to object: 'Object Repository/FIM/Sites Page/Site Filtering/Site_txt'

21-10-2025T20:43:24 - [MESSAGE][PASSED] - Keys 'BACK_SPACE + ' sent to object: 'Object Repository/FIM/Sites Page/Site Filtering/Site_txt'

21-10-2025T20:43:24 - [TEST_STEP][PASSED] - (i++): null

21-10-2025T20:43:24 - [TEST_STEP][PASSED] - sendKeys(findTestObject("FIM/Sites Page/Site Filtering/Site_txt"), Keys.chord(BACK_SPACE), STOP_ON_FAILURE): Keys 'BACK_SPACE + ' sent to object: 'Object Repository/FIM/Sites Page/Site Filtering/Site_txt'

21-10-2025T20:43:24 - [MESSAGE][PASSED] - Keys 'BACK_SPACE + ' sent to object: 'Object Repository/FIM/Sites Page/Site Filtering/Site_txt'

21-10-2025T20:43:24 - [TEST_STEP][PASSED] - (i++): null

21-10-2025T20:43:24 - [TEST_STEP][PASSED] - sendKeys(findTestObject("FIM/Sites Page/Site Filtering/Site_txt"), Keys.chord(BACK_SPACE), STOP_ON_FAILURE): Keys 'BACK_SPACE + ' sent to object: 'Object Repository/FIM/Sites Page/Site Filtering/Site_txt'

21-10-2025T20:43:24 - [MESSAGE][PASSED] - Keys 'BACK_SPACE + ' sent to object: 'Object Repository/FIM/Sites Page/Site Filtering/Site_txt'

21-10-2025T20:43:24 - [TEST_STEP][PASSED] - (i++): null

21-10-2025T20:43:24 - [TEST_STEP][PASSED] - sendKeys(findTestObject("FIM/Sites Page/Site Filtering/Site_txt"), Keys.chord(BACK_SPACE), STOP_ON_FAILURE): Keys 'BACK_SPACE + ' sent to object: 'Object Repository/FIM/Sites Page/Site Filtering/Site_txt'

21-10-2025T20:43:24 - [MESSAGE][PASSED] - Keys 'BACK_SPACE + ' sent to object: 'Object Repository/FIM/Sites Page/Site Filtering/Site_txt'

21-10-2025T20:43:24 - [TEST_STEP][PASSED] - (i++): null

21-10-2025T20:43:24 - [TEST_STEP][PASSED] - sendKeys(findTestObject("FIM/Sites Page/Site Filtering/Site_txt"), Keys.chord(BACK_SPACE), STOP_ON_FAILURE): Keys 'BACK_SPACE + ' sent to object: 'Object Repository/FIM/Sites Page/Site Filtering/Site_txt'

21-10-2025T20:43:24 - [MESSAGE][PASSED] - Keys 'BACK_SPACE + ' sent to object: 'Object Repository/FIM/Sites Page/Site Filtering/Site_txt'

21-10-2025T20:43:24 - [TEST_STEP][PASSED] - (i++): null

21-10-2025T20:43:24 - [TEST_STEP][PASSED] - sendKeys(findTestObject("FIM/Sites Page/Site Filtering/Site_txt"), Keys.chord(BACK_SPACE), STOP_ON_FAILURE): Keys 'BACK_SPACE + ' sent to object: 'Object Repository/FIM/Sites Page/Site Filtering/Site_txt'

21-10-2025T20:43:24 - [MESSAGE][PASSED] - Keys 'BACK_SPACE + ' sent to object: 'Object Repository/FIM/Sites Page/Site Filtering/Site_txt'

21-10-2025T20:43:24 - [TEST_STEP][PASSED] - (i++): null

21-10-2025T20:43:24 - [TEST_STEP][PASSED] - sendKeys(findTestObject("FIM/Sites Page/Site Filtering/Site_txt"), Keys.chord(BACK_SPACE), STOP_ON_FAILURE): Keys 'BACK_SPACE + ' sent to object: 'Object Repository/FIM/Sites Page/Site Filtering/Site_txt'

21-10-2025T20:43:24 - [MESSAGE][PASSED] - Keys 'BACK_SPACE + ' sent to object: 'Object Repository/FIM/Sites Page/Site Filtering/Site_txt'

21-10-2025T20:43:24 - [TEST_STEP][PASSED] - (i++): null

21-10-2025T20:43:24 - [TEST_STEP][PASSED] - sendKeys(findTestObject("FIM/Sites Page/Site Filtering/Site_txt"), Keys.chord(BACK_SPACE), STOP_ON_FAILURE): Keys 'BACK_SPACE + ' sent to object: 'Object Repository/FIM/Sites Page/Site Filtering/Site_txt'

21-10-2025T20:43:24 - [MESSAGE][PASSED] - Keys 'BACK_SPACE + ' sent to object: 'Object Repository/FIM/Sites Page/Site Filtering/Site_txt'

21-10-2025T20:43:24 - [TEST_STEP][PASSED] - (i++): null

21-10-2025T20:43:24 - [TEST_STEP][PASSED] - sendKeys(findTestObject("FIM/Sites Page/Site Filtering/Site_txt"), Keys.chord(BACK_SPACE), STOP_ON_FAILURE): Keys 'BACK_SPACE + ' sent to object: 'Object Repository/FIM/Sites Page/Site Filtering/Site_txt'

21-10-2025T20:43:25 - [MESSAGE][PASSED] - Keys 'BACK_SPACE + ' sent to object: 'Object Repository/FIM/Sites Page/Site Filtering/Site_txt'

21-10-2025T20:43:25 - [TEST_STEP][PASSED] - (i++): null

21-10-2025T20:43:25 - [TEST_STEP][PASSED] - sendKeys(findTestObject("FIM/Sites Page/Site Filtering/Site_txt"), Keys.chord(BACK_SPACE), STOP_ON_FAILURE): Keys 'BACK_SPACE + ' sent to object: 'Object Repository/FIM/Sites Page/Site Filtering/Site_txt'

21-10-2025T20:43:25 - [MESSAGE][PASSED] - Keys 'BACK_SPACE + ' sent to object: 'Object Repository/FIM/Sites Page/Site Filtering/Site_txt'

21-10-2025T20:43:25 - [TEST_STEP][PASSED] - (i++): null

21-10-2025T20:43:25 - [TEST_STEP][PASSED] - sendKeys(findTestObject("FIM/Sites Page/Site Filtering/Site_txt"), Keys.chord(BACK_SPACE), STOP_ON_FAILURE): Keys 'BACK_SPACE + ' sent to object: 'Object Repository/FIM/Sites Page/Site Filtering/Site_txt'

21-10-2025T20:43:25 - [MESSAGE][PASSED] - Keys 'BACK_SPACE + ' sent to object: 'Object Repository/FIM/Sites Page/Site Filtering/Site_txt'

21-10-2025T20:43:25 - [TEST_STEP][PASSED] - (i++): null

21-10-2025T20:43:25 - [TEST_STEP][PASSED] - sendKeys(findTestObject("FIM/Sites Page/Site Filtering/Site_txt"), Keys.chord(BACK_SPACE), STOP_ON_FAILURE): Keys 'BACK_SPACE + ' sent to object: 'Object Repository/FIM/Sites Page/Site Filtering/Site_txt'

21-10-2025T20:43:25 - [MESSAGE][PASSED] - Keys 'BACK_SPACE + ' sent to object: 'Object Repository/FIM/Sites Page/Site Filtering/Site_txt'

21-10-2025T20:43:25 - [TEST_STEP][PASSED] - (i++): null

21-10-2025T20:43:25 - [TEST_STEP][PASSED] - sendKeys(findTestObject("FIM/Sites Page/Site Filtering/Site_txt"), Keys.chord(BACK_SPACE), STOP_ON_FAILURE): Keys 'BACK_SPACE + ' sent to object: 'Object Repository/FIM/Sites Page/Site Filtering/Site_txt'

21-10-2025T20:43:25 - [MESSAGE][PASSED] - Keys 'BACK_SPACE + ' sent to object: 'Object Repository/FIM/Sites Page/Site Filtering/Site_txt'

21-10-2025T20:43:25 - [TEST_STEP][PASSED] - (i++): null

21-10-2025T20:43:25 - [TEST_STEP][PASSED] - sendKeys(findTestObject("FIM/Sites Page/Site Filtering/Site_txt"), Keys.chord(BACK_SPACE), STOP_ON_FAILURE): Keys 'BACK_SPACE + ' sent to object: 'Object Repository/FIM/Sites Page/Site Filtering/Site_txt'

21-10-2025T20:43:25 - [MESSAGE][PASSED] - Keys 'BACK_SPACE + ' sent to object: 'Object Repository/FIM/Sites Page/Site Filtering/Site_txt'

21-10-2025T20:43:25 - [TEST_STEP][PASSED] - (i++): null

21-10-2025T20:43:25 - [TEST_STEP][PASSED] - sendKeys(findTestObject("FIM/Sites Page/Site Filtering/Site_txt"), Keys.chord(BACK_SPACE), STOP_ON_FAILURE): Keys 'BACK_SPACE + ' sent to object: 'Object Repository/FIM/Sites Page/Site Filtering/Site_txt'

21-10-2025T20:43:25 - [MESSAGE][PASSED] - Keys 'BACK_SPACE + ' sent to object: 'Object Repository/FIM/Sites Page/Site Filtering/Site_txt'

21-10-2025T20:43:25 - [TEST_STEP][PASSED] - (i++): null

21-10-2025T20:43:25 - [TEST_STEP][PASSED] - sendKeys(findTestObject("FIM/Sites Page/Site Filtering/Site_txt"), Keys.chord(BACK_SPACE), STOP_ON_FAILURE): Keys 'BACK_SPACE + ' sent to object: 'Object Repository/FIM/Sites Page/Site Filtering/Site_txt'

21-10-2025T20:43:25 - [MESSAGE][PASSED] - Keys 'BACK_SPACE + ' sent to object: 'Object Repository/FIM/Sites Page/Site Filtering/Site_txt'

21-10-2025T20:43:25 - [TEST_STEP][PASSED] - (i++): null

21-10-2025T20:43:25 - [TEST_STEP][PASSED] - sendKeys(findTestObject("FIM/Sites Page/Site Filtering/Site_txt"), Keys.chord(BACK_SPACE), STOP_ON_FAILURE): Keys 'BACK_SPACE + ' sent to object: 'Object Repository/FIM/Sites Page/Site Filtering/Site_txt'

21-10-2025T20:43:25 - [MESSAGE][PASSED] - Keys 'BACK_SPACE + ' sent to object: 'Object Repository/FIM/Sites Page/Site Filtering/Site_txt'

21-10-2025T20:43:25 - [TEST_STEP][PASSED] - (i++): null

21-10-2025T20:43:25 - [TEST_STEP][PASSED] - sendKeys(findTestObject("FIM/Sites Page/Site Filtering/Site_txt"), Keys.chord(BACK_SPACE), STOP_ON_FAILURE): Keys 'BACK_SPACE + ' sent to object: 'Object Repository/FIM/Sites Page/Site Filtering/Site_txt'

21-10-2025T20:43:25 - [MESSAGE][PASSED] - Keys 'BACK_SPACE + ' sent to object: 'Object Repository/FIM/Sites Page/Site Filtering/Site_txt'

21-10-2025T20:43:25 - [TEST_STEP][PASSED] - (i++): null

21-10-2025T20:43:25 - [TEST_STEP][PASSED] - sendKeys(findTestObject("FIM/Sites Page/Site Filtering/Site_txt"), Keys.chord(BACK_SPACE), STOP_ON_FAILURE): Keys 'BACK_SPACE + ' sent to object: 'Object Repository/FIM/Sites Page/Site Filtering/Site_txt'

21-10-2025T20:43:25 - [MESSAGE][PASSED] - Keys 'BACK_SPACE + ' sent to object: 'Object Repository/FIM/Sites Page/Site Filtering/Site_txt'

21-10-2025T20:43:25 - [TEST_STEP][PASSED] - (i++): null

21-10-2025T20:43:25 - [TEST_STEP][PASSED] - sendKeys(findTestObject("FIM/Sites Page/Site Filtering/Site_txt"), Keys.chord(BACK_SPACE), STOP_ON_FAILURE): Keys 'BACK_SPACE + ' sent to object: 'Object Repository/FIM/Sites Page/Site Filtering/Site_txt'

21-10-2025T20:43:25 - [MESSAGE][PASSED] - Keys 'BACK_SPACE + ' sent to object: 'Object Repository/FIM/Sites Page/Site Filtering/Site_txt'

21-10-2025T20:43:25 - [TEST_STEP][PASSED] - (i++): null

21-10-2025T20:43:25 - [TEST_STEP][PASSED] - sendKeys(findTestObject("FIM/Sites Page/Site Filtering/Site_txt"), Keys.chord(BACK_SPACE), STOP_ON_FAILURE): Keys 'BACK_SPACE + ' sent to object: 'Object Repository/FIM/Sites Page/Site Filtering/Site_txt'

21-10-2025T20:43:25 - [MESSAGE][PASSED] - Keys 'BACK_SPACE + ' sent to object: 'Object Repository/FIM/Sites Page/Site Filtering/Site_txt'

21-10-2025T20:43:25 - [TEST_STEP][PASSED] - (i++): null

21-10-2025T20:43:25 - [TEST_STEP][PASSED] - sendKeys(findTestObject("FIM/Sites Page/Site Filtering/Site_txt"), Keys.chord(BACK_SPACE), STOP_ON_FAILURE): Keys 'BACK_SPACE + ' sent to object: 'Object Repository/FIM/Sites Page/Site Filtering/Site_txt'

21-10-2025T20:43:25 - [MESSAGE][PASSED] - Keys 'BACK_SPACE + ' sent to object: 'Object Repository/FIM/Sites Page/Site Filtering/Site_txt'

21-10-2025T20:43:25 - [TEST_STEP][PASSED] - (i++): null

21-10-2025T20:43:25 - [TEST_STEP][PASSED] - sendKeys(findTestObject("FIM/Sites Page/Site Filtering/Site_txt"), Keys.chord(BACK_SPACE), STOP_ON_FAILURE): Keys 'BACK_SPACE + ' sent to object: 'Object Repository/FIM/Sites Page/Site Filtering/Site_txt'

21-10-2025T20:43:25 - [MESSAGE][PASSED] - Keys 'BACK_SPACE + ' sent to object: 'Object Repository/FIM/Sites Page/Site Filtering/Site_txt'

21-10-2025T20:43:25 - [TEST_STEP][PASSED] - (i++): null

21-10-2025T20:43:25 - [TEST_STEP][PASSED] - sendKeys(findTestObject("FIM/Sites Page/Site Filtering/Site_txt"), Keys.chord(BACK_SPACE), STOP_ON_FAILURE): Keys 'BACK_SPACE + ' sent to object: 'Object Repository/FIM/Sites Page/Site Filtering/Site_txt'

21-10-2025T20:43:25 - [MESSAGE][PASSED] - Keys 'BACK_SPACE + ' sent to object: 'Object Repository/FIM/Sites Page/Site Filtering/Site_txt'

21-10-2025T20:43:25 - [TEST_STEP][PASSED] - (i++): null

21-10-2025T20:43:25 - [TEST_STEP][PASSED] - sendKeys(findTestObject("FIM/Sites Page/Site Filtering/Site_txt"), "TURK132 - 798 North", STOP_ON_FAILURE): Keys 'TURK132 - 798 North' sent to object: 'Object Repository/FIM/Sites Page/Site Filtering/Site_txt'

21-10-2025T20:43:26 - [MESSAGE][PASSED] - Keys 'TURK132 - 798 North' sent to object: 'Object Repository/FIM/Sites Page/Site Filtering/Site_txt'

21-10-2025T20:43:26 - [TEST_STEP][PASSED] - sendKeys(findTestObject("FIM/Sites Page/Site Filtering/Site_txt"), Keys.chord(ENTER), STOP_ON_FAILURE): Keys 'ENTER + ' sent to object: 'Object Repository/FIM/Sites Page/Site Filtering/Site_txt'

21-10-2025T20:43:26 - [MESSAGE][PASSED] - Keys 'ENTER + ' sent to object: 'Object Repository/FIM/Sites Page/Site Filtering/Site_txt'

21-10-2025T20:43:26 - [TEST_STEP][PASSED] - waitForElementClickable(findTestObject("FIM/Sites Page/Orders/Review New Orders/Review New Orders_btn"), 320, CONTINUE_ON_FAILURE): Object 'Object Repository/FIM/Sites Page/Orders/Review New Orders/Review New Orders_btn' is clickable

21-10-2025T20:43:26 - [MESSAGE][PASSED] - Object 'Object Repository/FIM/Sites Page/Orders/Review New Orders/Review New Orders_btn' is clickable

21-10-2025T20:43:26 - [TEST_STEP][PASSED] - delay(2): Delayed 2 second(s)

21-10-2025T20:43:28 - [MESSAGE][PASSED] - Delayed 2 second(s)

21-10-2025T20:43:28 - [TEST_STEP][PASSED] - click(findTestObject("FIM/Sites Page/Orders/Review New Orders/Review New Orders_btn")): Object: 'Object Repository/FIM/Sites Page/Orders/Review New Orders/Review New Orders_btn' is clicked on

21-10-2025T20:43:28 - [MESSAGE][PASSED] - Object: 'Object Repository/FIM/Sites Page/Orders/Review New Orders/Review New Orders_btn' is clicked on

21-10-2025T20:43:28 - [TEST_STEP][PASSED] - delay(1): Delayed 1 second(s)

21-10-2025T20:43:29 - [MESSAGE][PASSED] - Delayed 1 second(s)

21-10-2025T20:43:29 - [TEST_STEP][PASSED] - if (verifyElementVisible(findTestObject("FIM/Sites Page/Orders/Review New Orders/Review New Orders Cancel_btn"), OPTIONAL) == true): null

21-10-2025T20:43:29 - [MESSAGE][PASSED] - Object 'Object Repository/FIM/Sites Page/Orders/Review New Orders/Review New Orders Cancel_btn' is visible

21-10-2025T20:43:29 - [TEST_STEP][PASSED] - click(findTestObject("FIM/Sites Page/Orders/Review New Orders/Review New Orders Cancel_btn")): Object: 'Object Repository/FIM/Sites Page/Orders/Review New Orders/Review New Orders Cancel_btn' is clicked on

21-10-2025T20:43:29 - [MESSAGE][PASSED] - Object: 'Object Repository/FIM/Sites Page/Orders/Review New Orders/Review New Orders Cancel_btn' is clicked on

21-10-2025T20:43:29 - [TEST_STEP][PASSED] - closeBrowser(): Browser is closed

21-10-2025T20:43:29 - [MESSAGE][PASSED] - Browser is closed

21-10-2025T20:43:29 - [TEST_STEP][PASSED] - Start listener action : retryOnDisconnect: null

21-10-2025T20:43:29 - [TEST_STEP][PASSED] - tcId = testCaseContext.getTestCaseId(): null

21-10-2025T20:43:29 - [TEST_STEP][PASSED] - currentRetry = retryCounts.getOrDefault(tcId, 0): null

21-10-2025T20:43:29 - [TEST_STEP][PASSED] - if (testCaseContext.getTestCaseStatus() == "FAILED" && currentRetry < MAX_RETRIES): null]]></system-out>
         <system-err><![CDATA[]]></system-err>
      </testcase>
      <testcase name="Test Cases/FIM/UI/KGL/Admin/Sites Page/Orders/Create Order" time="49.593" classname="Test Cases/FIM/UI/KGL/Admin/Sites Page/Orders/Create Order" status="PASSED">
         <system-out><![CDATA[21-10-2025T20:43:29 - [TEST_CASE][PASSED] - Test Cases/FIM/UI/KGL/Admin/Sites Page/Orders/Create Order: Test Cases/FIM/UI/KGL/Admin/Sites Page/Orders/Create Order

21-10-2025T20:43:29 - [TEST_STEP][PASSED] - Start listener action : beforeTestCase: null

21-10-2025T20:43:29 - [TEST_STEP][PASSED] - addDefaultPackages(): null

21-10-2025T20:43:29 - [TEST_STEP][PASSED] - i = 0: null

21-10-2025T20:43:29 - [TEST_STEP][PASSED] - callTestCase(findTestCase("Utility Scripts/FIM KGL Admin Login"), [:], STOP_ON_FAILURE): Call Test Case 'Test Cases/Utility Scripts/FIM KGL Admin Login' successfully

21-10-2025T20:43:29 - [TEST_CASE][PASSED] - Test Cases/Utility Scripts/FIM KGL Admin Login: Test Cases/Utility Scripts/FIM KGL Admin Login

21-10-2025T20:43:29 - [TEST_STEP][PASSED] - openBrowser(""): Browser is opened with url: ''

21-10-2025T20:43:29 - [MESSAGE][INFO] - Starting 'Chrome' driver

21-10-2025T20:43:29 - [MESSAGE][INFO] - User set preference: ['args', '[--no-sandbox, --disable-gpu, --disable-dev-shm-usage]']

21-10-2025T20:43:29 - [MESSAGE][INFO] - Action delay is set to 0 milliseconds

21-10-2025T20:43:30 - [MESSAGE][PASSED] - Browser is opened with url: ''

21-10-2025T20:43:30 - [TEST_STEP][PASSED] - delay(1): Delayed 1 second(s)

21-10-2025T20:43:31 - [MESSAGE][PASSED] - Delayed 1 second(s)

21-10-2025T20:43:31 - [TEST_STEP][PASSED] - navigateToUrl(KGLCustomGroupUrl): Navigate to 'https://kaglogistics-inventory-management-portal.qa.thekag.com/custom-group/' successfully

21-10-2025T20:43:32 - [MESSAGE][PASSED] - Navigate to 'https://kaglogistics-inventory-management-portal.qa.thekag.com/custom-group/' successfully

21-10-2025T20:43:32 - [TEST_STEP][PASSED] - delay(10): Delayed 10 second(s)

21-10-2025T20:43:42 - [MESSAGE][PASSED] - Delayed 10 second(s)

21-10-2025T20:43:42 - [TEST_STEP][PASSED] - if (maximizeWindow == true): Delayed 1 second(s)

21-10-2025T20:43:42 - [TEST_STEP][PASSED] - maximizeWindow(STOP_ON_FAILURE): Current window maximized

21-10-2025T20:43:42 - [MESSAGE][PASSED] - Current window maximized

21-10-2025T20:43:42 - [TEST_STEP][PASSED] - delay(1): Delayed 1 second(s)

21-10-2025T20:43:43 - [MESSAGE][PASSED] - Delayed 1 second(s)

21-10-2025T20:43:43 - [TEST_STEP][PASSED] - waitForElementPresent(findTestObject("FIM/Username_txt"), 10): Object 'Object Repository/FIM/Username_txt' is present

21-10-2025T20:43:43 - [MESSAGE][PASSED] - Object 'Object Repository/FIM/Username_txt' is present

21-10-2025T20:43:43 - [TEST_STEP][PASSED] - setText(findTestObject("FIM/Username_txt"), FIMUsername): Text 'Chris.Sheldon+DES_QA@Thekag.com' is set on object 'Object Repository/FIM/Username_txt'

21-10-2025T20:43:43 - [MESSAGE][PASSED] - Text 'Chris.Sheldon+DES_QA@Thekag.com' is set on object 'Object Repository/FIM/Username_txt'

21-10-2025T20:43:43 - [TEST_STEP][PASSED] - delay(1): Delayed 1 second(s)

21-10-2025T20:43:44 - [MESSAGE][PASSED] - Delayed 1 second(s)

21-10-2025T20:43:44 - [TEST_STEP][PASSED] - setText(findTestObject("FIM/Password_txt"), FIMPassword): Text 'QATest!2' is set on object 'Object Repository/FIM/Password_txt'

21-10-2025T20:43:44 - [MESSAGE][PASSED] - Text 'QATest!2' is set on object 'Object Repository/FIM/Password_txt'

21-10-2025T20:43:44 - [TEST_STEP][PASSED] - delay(1): Delayed 1 second(s)

21-10-2025T20:43:45 - [MESSAGE][PASSED] - Delayed 1 second(s)

21-10-2025T20:43:45 - [TEST_STEP][PASSED] - click(findTestObject("FIM/Login_btn")): Object: 'Object Repository/FIM/Login_btn' is clicked on

21-10-2025T20:43:45 - [MESSAGE][PASSED] - Object: 'Object Repository/FIM/Login_btn' is clicked on

21-10-2025T20:43:45 - [MESSAGE][PASSED] - Call Test Case 'Test Cases/Utility Scripts/FIM KGL Admin Login' successfully

21-10-2025T20:43:45 - [TEST_STEP][PASSED] - if (verifyElementVisible(findTestObject("FIM/Server_Notification_Close_btn"), OPTIONAL) == true): Web element with id: 'Object Repository/FIM/Server_Notification_Close_btn' located by '/html/body/div/div[1]/button' not found (Root cause: com.kms.katalon.core.exception.StepFailedException: Web element with id: 'Object Repository/FIM/Server_Notification_Close_btn' located by '/html/body/div/div[1]/button' not found
	at com.kms.katalon.core.webui.keyword.internal.WebUIKeywordMain.stepFailed(WebUIKeywordMain.groovy:117)
	at com.kms.katalon.core.webui.keyword.builtin.VerifyElementVisibleKeyword$_verifyElementVisible_closure1.doCall(VerifyElementVisibleKeyword.groovy:89)
	at com.kms.katalon.core.webui.keyword.builtin.VerifyElementVisibleKeyword$_verifyElementVisible_closure1.call(VerifyElementVisibleKeyword.groovy)
	at com.kms.katalon.core.webui.keyword.internal.WebUIKeywordMain.runKeyword(WebUIKeywordMain.groovy:35)
	at com.kms.katalon.core.webui.keyword.builtin.VerifyElementVisibleKeyword.verifyElementVisible(VerifyElementVisibleKeyword.groovy:97)
	at com.kms.katalon.core.webui.keyword.builtin.VerifyElementVisibleKeyword.execute(VerifyElementVisibleKeyword.groovy:67)
	at com.kms.katalon.core.keyword.internal.KeywordExecutor.executeKeywordForPlatform(KeywordExecutor.groovy:74)
	at com.kms.katalon.core.webui.keyword.WebUiBuiltInKeywords.verifyElementVisible(WebUiBuiltInKeywords.groovy:401)
	at com.kms.katalon.core.webui.keyword.WebUiBuiltInKeywords$verifyElementVisible$5.call(Unknown Source)
	at Create Order.run(Create Order:24)
	at com.kms.katalon.core.main.ScriptEngine.run(ScriptEngine.java:194)
	at com.kms.katalon.core.main.ScriptEngine.runScriptAsRawText(ScriptEngine.java:119)
	at com.kms.katalon.core.main.TestCaseExecutor.runScript(TestCaseExecutor.java:448)
	at com.kms.katalon.core.main.TestCaseExecutor.doExecute(TestCaseExecutor.java:439)
	at com.kms.katalon.core.main.TestCaseExecutor.processExecutionPhase(TestCaseExecutor.java:418)
	at com.kms.katalon.core.main.TestCaseExecutor.accessMainPhase(TestCaseExecutor.java:410)
	at com.kms.katalon.core.main.TestCaseExecutor.execute(TestCaseExecutor.java:285)
	at com.kms.katalon.core.common.CommonExecutor.accessTestCaseMainPhase(CommonExecutor.java:65)
	at com.kms.katalon.core.main.TestSuiteExecutor.accessTestSuiteMainPhase(TestSuiteExecutor.java:150)
	at com.kms.katalon.core.main.TestSuiteExecutor.execute(TestSuiteExecutor.java:106)
	at com.kms.katalon.core.main.TestCaseMain.startTestSuite(TestCaseMain.java:180)
	at com.kms.katalon.core.main.TestCaseMain$startTestSuite$0.call(Unknown Source)
	at TempTestSuite1761090769781.run(TempTestSuite1761090769781.groovy:35)
	at java.base/jdk.internal.reflect.NativeMethodAccessorImpl.invoke0(Native Method)
	at java.base/jdk.internal.reflect.NativeMethodAccessorImpl.invoke(NativeMethodAccessorImpl.java:77)
	at java.base/jdk.internal.reflect.DelegatingMethodAccessorImpl.invoke(DelegatingMethodAccessorImpl.java:43)
)

21-10-2025T20:44:01 - [MESSAGE][INFO] - Unable to find the element located by 'By.xpath: /html/body/div/div[1]/button'. Please recheck the objects properties to make sure the desired element is located. 

21-10-2025T20:44:01 - [MESSAGE][WARNING] - [SELF-HEALING] Failed to find element with id 'Object Repository/FIM/Server_Notification_Close_btn'. Try using Self-healing.

21-10-2025T20:44:02 - [MESSAGE][INFO] - [SELF-HEALING] No working XPath is found.

21-10-2025T20:44:04 - [MESSAGE][INFO] - Unable to find the element located by 'By.xpath: '. Please recheck the objects properties to make sure the desired element is located. 

21-10-2025T20:44:04 - [MESSAGE][WARNING] - [SELF-HEALING] Cannot find elements when the selector is null

21-10-2025T20:44:04 - [MESSAGE][WARNING] - Web element with id: 'Object Repository/FIM/Server_Notification_Close_btn' located by '/html/body/div/div[1]/button' not found (Root cause: com.kms.katalon.core.exception.StepFailedException: Web element with id: 'Object Repository/FIM/Server_Notification_Close_btn' located by '/html/body/div/div[1]/button' not found
	at com.kms.katalon.core.webui.keyword.internal.WebUIKeywordMain.stepFailed(WebUIKeywordMain.groovy:117)
	at com.kms.katalon.core.webui.keyword.builtin.VerifyElementVisibleKeyword$_verifyElementVisible_closure1.doCall(VerifyElementVisibleKeyword.groovy:89)
	at com.kms.katalon.core.webui.keyword.builtin.VerifyElementVisibleKeyword$_verifyElementVisible_closure1.call(VerifyElementVisibleKeyword.groovy)
	at com.kms.katalon.core.webui.keyword.internal.WebUIKeywordMain.runKeyword(WebUIKeywordMain.groovy:35)
	at com.kms.katalon.core.webui.keyword.builtin.VerifyElementVisibleKeyword.verifyElementVisible(VerifyElementVisibleKeyword.groovy:97)
	at com.kms.katalon.core.webui.keyword.builtin.VerifyElementVisibleKeyword.execute(VerifyElementVisibleKeyword.groovy:67)
	at com.kms.katalon.core.keyword.internal.KeywordExecutor.executeKeywordForPlatform(KeywordExecutor.groovy:74)
	at com.kms.katalon.core.webui.keyword.WebUiBuiltInKeywords.verifyElementVisible(WebUiBuiltInKeywords.groovy:401)
	at com.kms.katalon.core.webui.keyword.WebUiBuiltInKeywords$verifyElementVisible$5.call(Unknown Source)
	at Create Order.run(Create Order:24)
	at com.kms.katalon.core.main.ScriptEngine.run(ScriptEngine.java:194)
	at com.kms.katalon.core.main.ScriptEngine.runScriptAsRawText(ScriptEngine.java:119)
	at com.kms.katalon.core.main.TestCaseExecutor.runScript(TestCaseExecutor.java:448)
	at com.kms.katalon.core.main.TestCaseExecutor.doExecute(TestCaseExecutor.java:439)
	at com.kms.katalon.core.main.TestCaseExecutor.processExecutionPhase(TestCaseExecutor.java:418)
	at com.kms.katalon.core.main.TestCaseExecutor.accessMainPhase(TestCaseExecutor.java:410)
	at com.kms.katalon.core.main.TestCaseExecutor.execute(TestCaseExecutor.java:285)
	at com.kms.katalon.core.common.CommonExecutor.accessTestCaseMainPhase(CommonExecutor.java:65)
	at com.kms.katalon.core.main.TestSuiteExecutor.accessTestSuiteMainPhase(TestSuiteExecutor.java:150)
	at com.kms.katalon.core.main.TestSuiteExecutor.execute(TestSuiteExecutor.java:106)
	at com.kms.katalon.core.main.TestCaseMain.startTestSuite(TestCaseMain.java:180)
	at com.kms.katalon.core.main.TestCaseMain$startTestSuite$0.call(Unknown Source)
	at TempTestSuite1761090769781.run(TempTestSuite1761090769781.groovy:35)
	at java.base/jdk.internal.reflect.NativeMethodAccessorImpl.invoke0(Native Method)
	at java.base/jdk.internal.reflect.NativeMethodAccessorImpl.invoke(NativeMethodAccessorImpl.java:77)
	at java.base/jdk.internal.reflect.DelegatingMethodAccessorImpl.invoke(DelegatingMethodAccessorImpl.java:43)
)

21-10-2025T20:44:04 - [TEST_STEP][PASSED] - delay(1): Delayed 1 second(s)

21-10-2025T20:44:05 - [MESSAGE][PASSED] - Delayed 1 second(s)

21-10-2025T20:44:05 - [TEST_STEP][PASSED] - click(findTestObject("FIM/Hamburger Menu List/Hamburger_menu")): Object: 'Object Repository/FIM/Hamburger Menu List/Hamburger_menu' is clicked on

21-10-2025T20:44:05 - [MESSAGE][PASSED] - Object: 'Object Repository/FIM/Hamburger Menu List/Hamburger_menu' is clicked on

21-10-2025T20:44:05 - [TEST_STEP][PASSED] - verifyElementPresent(findTestObject("FIM/Hamburger Menu List/KGL_Sites_option"), 10): Object 'Object Repository/FIM/Hamburger Menu List/KGL_Sites_option' is present

21-10-2025T20:44:05 - [MESSAGE][PASSED] - Object 'Object Repository/FIM/Hamburger Menu List/KGL_Sites_option' is present

21-10-2025T20:44:05 - [TEST_STEP][PASSED] - delay(1): Delayed 1 second(s)

21-10-2025T20:44:06 - [MESSAGE][PASSED] - Delayed 1 second(s)

21-10-2025T20:44:06 - [TEST_STEP][PASSED] - click(findTestObject("FIM/Hamburger Menu List/KGL_Sites_option")): Object: 'Object Repository/FIM/Hamburger Menu List/KGL_Sites_option' is clicked on

21-10-2025T20:44:06 - [MESSAGE][PASSED] - Object: 'Object Repository/FIM/Hamburger Menu List/KGL_Sites_option' is clicked on

21-10-2025T20:44:06 - [TEST_STEP][PASSED] - waitForElementPresent(findTestObject("FIM/Sites Page/Calculator/Calculator Tab"), 10): Object 'Object Repository/FIM/Sites Page/Calculator/Calculator Tab' is present

21-10-2025T20:44:07 - [MESSAGE][PASSED] - Object 'Object Repository/FIM/Sites Page/Calculator/Calculator Tab' is present

21-10-2025T20:44:07 - [TEST_STEP][PASSED] - selectOptionByLabel(findTestObject("FIM/Sites Page/Site Filtering/Region Selection_dropdown"), "KAG LOGISTICS", false): All options with label 'KAG LOGISTICS' are selected in object 'Object Repository/FIM/Sites Page/Site Filtering/Region Selection_dropdown' 

21-10-2025T20:44:07 - [MESSAGE][PASSED] - All options with label 'KAG LOGISTICS' are selected in object 'Object Repository/FIM/Sites Page/Site Filtering/Region Selection_dropdown' 

21-10-2025T20:44:07 - [TEST_STEP][PASSED] - while (i < 60 == true): null

21-10-2025T20:44:07 - [TEST_STEP][PASSED] - sendKeys(findTestObject("FIM/Sites Page/Site Filtering/Site_txt"), Keys.chord(BACK_SPACE), STOP_ON_FAILURE): Keys 'BACK_SPACE + ' sent to object: 'Object Repository/FIM/Sites Page/Site Filtering/Site_txt'

21-10-2025T20:44:08 - [MESSAGE][PASSED] - Keys 'BACK_SPACE + ' sent to object: 'Object Repository/FIM/Sites Page/Site Filtering/Site_txt'

21-10-2025T20:44:08 - [TEST_STEP][PASSED] - (i++): null

21-10-2025T20:44:08 - [TEST_STEP][PASSED] - sendKeys(findTestObject("FIM/Sites Page/Site Filtering/Site_txt"), Keys.chord(BACK_SPACE), STOP_ON_FAILURE): Keys 'BACK_SPACE + ' sent to object: 'Object Repository/FIM/Sites Page/Site Filtering/Site_txt'

21-10-2025T20:44:08 - [MESSAGE][PASSED] - Keys 'BACK_SPACE + ' sent to object: 'Object Repository/FIM/Sites Page/Site Filtering/Site_txt'

21-10-2025T20:44:08 - [TEST_STEP][PASSED] - (i++): null

21-10-2025T20:44:08 - [TEST_STEP][PASSED] - sendKeys(findTestObject("FIM/Sites Page/Site Filtering/Site_txt"), Keys.chord(BACK_SPACE), STOP_ON_FAILURE): Keys 'BACK_SPACE + ' sent to object: 'Object Repository/FIM/Sites Page/Site Filtering/Site_txt'

21-10-2025T20:44:08 - [MESSAGE][PASSED] - Keys 'BACK_SPACE + ' sent to object: 'Object Repository/FIM/Sites Page/Site Filtering/Site_txt'

21-10-2025T20:44:08 - [TEST_STEP][PASSED] - (i++): null

21-10-2025T20:44:08 - [TEST_STEP][PASSED] - sendKeys(findTestObject("FIM/Sites Page/Site Filtering/Site_txt"), Keys.chord(BACK_SPACE), STOP_ON_FAILURE): Keys 'BACK_SPACE + ' sent to object: 'Object Repository/FIM/Sites Page/Site Filtering/Site_txt'

21-10-2025T20:44:08 - [MESSAGE][PASSED] - Keys 'BACK_SPACE + ' sent to object: 'Object Repository/FIM/Sites Page/Site Filtering/Site_txt'

21-10-2025T20:44:08 - [TEST_STEP][PASSED] - (i++): null

21-10-2025T20:44:08 - [TEST_STEP][PASSED] - sendKeys(findTestObject("FIM/Sites Page/Site Filtering/Site_txt"), Keys.chord(BACK_SPACE), STOP_ON_FAILURE): Keys 'BACK_SPACE + ' sent to object: 'Object Repository/FIM/Sites Page/Site Filtering/Site_txt'

21-10-2025T20:44:08 - [MESSAGE][PASSED] - Keys 'BACK_SPACE + ' sent to object: 'Object Repository/FIM/Sites Page/Site Filtering/Site_txt'

21-10-2025T20:44:08 - [TEST_STEP][PASSED] - (i++): null

21-10-2025T20:44:08 - [TEST_STEP][PASSED] - sendKeys(findTestObject("FIM/Sites Page/Site Filtering/Site_txt"), Keys.chord(BACK_SPACE), STOP_ON_FAILURE): Keys 'BACK_SPACE + ' sent to object: 'Object Repository/FIM/Sites Page/Site Filtering/Site_txt'

21-10-2025T20:44:08 - [MESSAGE][PASSED] - Keys 'BACK_SPACE + ' sent to object: 'Object Repository/FIM/Sites Page/Site Filtering/Site_txt'

21-10-2025T20:44:08 - [TEST_STEP][PASSED] - (i++): null

21-10-2025T20:44:08 - [TEST_STEP][PASSED] - sendKeys(findTestObject("FIM/Sites Page/Site Filtering/Site_txt"), Keys.chord(BACK_SPACE), STOP_ON_FAILURE): Keys 'BACK_SPACE + ' sent to object: 'Object Repository/FIM/Sites Page/Site Filtering/Site_txt'

21-10-2025T20:44:08 - [MESSAGE][PASSED] - Keys 'BACK_SPACE + ' sent to object: 'Object Repository/FIM/Sites Page/Site Filtering/Site_txt'

21-10-2025T20:44:08 - [TEST_STEP][PASSED] - (i++): null

21-10-2025T20:44:08 - [TEST_STEP][PASSED] - sendKeys(findTestObject("FIM/Sites Page/Site Filtering/Site_txt"), Keys.chord(BACK_SPACE), STOP_ON_FAILURE): Keys 'BACK_SPACE + ' sent to object: 'Object Repository/FIM/Sites Page/Site Filtering/Site_txt'

21-10-2025T20:44:08 - [MESSAGE][PASSED] - Keys 'BACK_SPACE + ' sent to object: 'Object Repository/FIM/Sites Page/Site Filtering/Site_txt'

21-10-2025T20:44:08 - [TEST_STEP][PASSED] - (i++): null

21-10-2025T20:44:08 - [TEST_STEP][PASSED] - sendKeys(findTestObject("FIM/Sites Page/Site Filtering/Site_txt"), Keys.chord(BACK_SPACE), STOP_ON_FAILURE): Keys 'BACK_SPACE + ' sent to object: 'Object Repository/FIM/Sites Page/Site Filtering/Site_txt'

21-10-2025T20:44:09 - [MESSAGE][PASSED] - Keys 'BACK_SPACE + ' sent to object: 'Object Repository/FIM/Sites Page/Site Filtering/Site_txt'

21-10-2025T20:44:09 - [TEST_STEP][PASSED] - (i++): null

21-10-2025T20:44:09 - [TEST_STEP][PASSED] - sendKeys(findTestObject("FIM/Sites Page/Site Filtering/Site_txt"), Keys.chord(BACK_SPACE), STOP_ON_FAILURE): Keys 'BACK_SPACE + ' sent to object: 'Object Repository/FIM/Sites Page/Site Filtering/Site_txt'

21-10-2025T20:44:09 - [MESSAGE][PASSED] - Keys 'BACK_SPACE + ' sent to object: 'Object Repository/FIM/Sites Page/Site Filtering/Site_txt'

21-10-2025T20:44:09 - [TEST_STEP][PASSED] - (i++): null

21-10-2025T20:44:09 - [TEST_STEP][PASSED] - sendKeys(findTestObject("FIM/Sites Page/Site Filtering/Site_txt"), Keys.chord(BACK_SPACE), STOP_ON_FAILURE): Keys 'BACK_SPACE + ' sent to object: 'Object Repository/FIM/Sites Page/Site Filtering/Site_txt'

21-10-2025T20:44:09 - [MESSAGE][PASSED] - Keys 'BACK_SPACE + ' sent to object: 'Object Repository/FIM/Sites Page/Site Filtering/Site_txt'

21-10-2025T20:44:09 - [TEST_STEP][PASSED] - (i++): null

21-10-2025T20:44:09 - [TEST_STEP][PASSED] - sendKeys(findTestObject("FIM/Sites Page/Site Filtering/Site_txt"), Keys.chord(BACK_SPACE), STOP_ON_FAILURE): Keys 'BACK_SPACE + ' sent to object: 'Object Repository/FIM/Sites Page/Site Filtering/Site_txt'

21-10-2025T20:44:09 - [MESSAGE][PASSED] - Keys 'BACK_SPACE + ' sent to object: 'Object Repository/FIM/Sites Page/Site Filtering/Site_txt'

21-10-2025T20:44:09 - [TEST_STEP][PASSED] - (i++): null

21-10-2025T20:44:09 - [TEST_STEP][PASSED] - sendKeys(findTestObject("FIM/Sites Page/Site Filtering/Site_txt"), Keys.chord(BACK_SPACE), STOP_ON_FAILURE): Keys 'BACK_SPACE + ' sent to object: 'Object Repository/FIM/Sites Page/Site Filtering/Site_txt'

21-10-2025T20:44:09 - [MESSAGE][PASSED] - Keys 'BACK_SPACE + ' sent to object: 'Object Repository/FIM/Sites Page/Site Filtering/Site_txt'

21-10-2025T20:44:09 - [TEST_STEP][PASSED] - (i++): null

21-10-2025T20:44:09 - [TEST_STEP][PASSED] - sendKeys(findTestObject("FIM/Sites Page/Site Filtering/Site_txt"), Keys.chord(BACK_SPACE), STOP_ON_FAILURE): Keys 'BACK_SPACE + ' sent to object: 'Object Repository/FIM/Sites Page/Site Filtering/Site_txt'

21-10-2025T20:44:09 - [MESSAGE][PASSED] - Keys 'BACK_SPACE + ' sent to object: 'Object Repository/FIM/Sites Page/Site Filtering/Site_txt'

21-10-2025T20:44:09 - [TEST_STEP][PASSED] - (i++): null

21-10-2025T20:44:09 - [TEST_STEP][PASSED] - sendKeys(findTestObject("FIM/Sites Page/Site Filtering/Site_txt"), Keys.chord(BACK_SPACE), STOP_ON_FAILURE): Keys 'BACK_SPACE + ' sent to object: 'Object Repository/FIM/Sites Page/Site Filtering/Site_txt'

21-10-2025T20:44:09 - [MESSAGE][PASSED] - Keys 'BACK_SPACE + ' sent to object: 'Object Repository/FIM/Sites Page/Site Filtering/Site_txt'

21-10-2025T20:44:09 - [TEST_STEP][PASSED] - (i++): null

21-10-2025T20:44:09 - [TEST_STEP][PASSED] - sendKeys(findTestObject("FIM/Sites Page/Site Filtering/Site_txt"), Keys.chord(BACK_SPACE), STOP_ON_FAILURE): Keys 'BACK_SPACE + ' sent to object: 'Object Repository/FIM/Sites Page/Site Filtering/Site_txt'

21-10-2025T20:44:09 - [MESSAGE][PASSED] - Keys 'BACK_SPACE + ' sent to object: 'Object Repository/FIM/Sites Page/Site Filtering/Site_txt'

21-10-2025T20:44:09 - [TEST_STEP][PASSED] - (i++): null

21-10-2025T20:44:09 - [TEST_STEP][PASSED] - sendKeys(findTestObject("FIM/Sites Page/Site Filtering/Site_txt"), Keys.chord(BACK_SPACE), STOP_ON_FAILURE): Keys 'BACK_SPACE + ' sent to object: 'Object Repository/FIM/Sites Page/Site Filtering/Site_txt'

21-10-2025T20:44:09 - [MESSAGE][PASSED] - Keys 'BACK_SPACE + ' sent to object: 'Object Repository/FIM/Sites Page/Site Filtering/Site_txt'

21-10-2025T20:44:09 - [TEST_STEP][PASSED] - (i++): null

21-10-2025T20:44:09 - [TEST_STEP][PASSED] - sendKeys(findTestObject("FIM/Sites Page/Site Filtering/Site_txt"), Keys.chord(BACK_SPACE), STOP_ON_FAILURE): Keys 'BACK_SPACE + ' sent to object: 'Object Repository/FIM/Sites Page/Site Filtering/Site_txt'

21-10-2025T20:44:09 - [MESSAGE][PASSED] - Keys 'BACK_SPACE + ' sent to object: 'Object Repository/FIM/Sites Page/Site Filtering/Site_txt'

21-10-2025T20:44:09 - [TEST_STEP][PASSED] - (i++): null

21-10-2025T20:44:09 - [TEST_STEP][PASSED] - sendKeys(findTestObject("FIM/Sites Page/Site Filtering/Site_txt"), Keys.chord(BACK_SPACE), STOP_ON_FAILURE): Keys 'BACK_SPACE + ' sent to object: 'Object Repository/FIM/Sites Page/Site Filtering/Site_txt'

21-10-2025T20:44:09 - [MESSAGE][PASSED] - Keys 'BACK_SPACE + ' sent to object: 'Object Repository/FIM/Sites Page/Site Filtering/Site_txt'

21-10-2025T20:44:09 - [TEST_STEP][PASSED] - (i++): null

21-10-2025T20:44:09 - [TEST_STEP][PASSED] - sendKeys(findTestObject("FIM/Sites Page/Site Filtering/Site_txt"), Keys.chord(BACK_SPACE), STOP_ON_FAILURE): Keys 'BACK_SPACE + ' sent to object: 'Object Repository/FIM/Sites Page/Site Filtering/Site_txt'

21-10-2025T20:44:09 - [MESSAGE][PASSED] - Keys 'BACK_SPACE + ' sent to object: 'Object Repository/FIM/Sites Page/Site Filtering/Site_txt'

21-10-2025T20:44:09 - [TEST_STEP][PASSED] - (i++): null

21-10-2025T20:44:09 - [TEST_STEP][PASSED] - sendKeys(findTestObject("FIM/Sites Page/Site Filtering/Site_txt"), Keys.chord(BACK_SPACE), STOP_ON_FAILURE): Keys 'BACK_SPACE + ' sent to object: 'Object Repository/FIM/Sites Page/Site Filtering/Site_txt'

21-10-2025T20:44:09 - [MESSAGE][PASSED] - Keys 'BACK_SPACE + ' sent to object: 'Object Repository/FIM/Sites Page/Site Filtering/Site_txt'

21-10-2025T20:44:09 - [TEST_STEP][PASSED] - (i++): null

21-10-2025T20:44:09 - [TEST_STEP][PASSED] - sendKeys(findTestObject("FIM/Sites Page/Site Filtering/Site_txt"), Keys.chord(BACK_SPACE), STOP_ON_FAILURE): Keys 'BACK_SPACE + ' sent to object: 'Object Repository/FIM/Sites Page/Site Filtering/Site_txt'

21-10-2025T20:44:09 - [MESSAGE][PASSED] - Keys 'BACK_SPACE + ' sent to object: 'Object Repository/FIM/Sites Page/Site Filtering/Site_txt'

21-10-2025T20:44:09 - [TEST_STEP][PASSED] - (i++): null

21-10-2025T20:44:09 - [TEST_STEP][PASSED] - sendKeys(findTestObject("FIM/Sites Page/Site Filtering/Site_txt"), Keys.chord(BACK_SPACE), STOP_ON_FAILURE): Keys 'BACK_SPACE + ' sent to object: 'Object Repository/FIM/Sites Page/Site Filtering/Site_txt'

21-10-2025T20:44:09 - [MESSAGE][PASSED] - Keys 'BACK_SPACE + ' sent to object: 'Object Repository/FIM/Sites Page/Site Filtering/Site_txt'

21-10-2025T20:44:09 - [TEST_STEP][PASSED] - (i++): null

21-10-2025T20:44:09 - [TEST_STEP][PASSED] - sendKeys(findTestObject("FIM/Sites Page/Site Filtering/Site_txt"), Keys.chord(BACK_SPACE), STOP_ON_FAILURE): Keys 'BACK_SPACE + ' sent to object: 'Object Repository/FIM/Sites Page/Site Filtering/Site_txt'

21-10-2025T20:44:09 - [MESSAGE][PASSED] - Keys 'BACK_SPACE + ' sent to object: 'Object Repository/FIM/Sites Page/Site Filtering/Site_txt'

21-10-2025T20:44:09 - [TEST_STEP][PASSED] - (i++): null

21-10-2025T20:44:09 - [TEST_STEP][PASSED] - sendKeys(findTestObject("FIM/Sites Page/Site Filtering/Site_txt"), Keys.chord(BACK_SPACE), STOP_ON_FAILURE): Keys 'BACK_SPACE + ' sent to object: 'Object Repository/FIM/Sites Page/Site Filtering/Site_txt'

21-10-2025T20:44:09 - [MESSAGE][PASSED] - Keys 'BACK_SPACE + ' sent to object: 'Object Repository/FIM/Sites Page/Site Filtering/Site_txt'

21-10-2025T20:44:09 - [TEST_STEP][PASSED] - (i++): null

21-10-2025T20:44:09 - [TEST_STEP][PASSED] - sendKeys(findTestObject("FIM/Sites Page/Site Filtering/Site_txt"), Keys.chord(BACK_SPACE), STOP_ON_FAILURE): Keys 'BACK_SPACE + ' sent to object: 'Object Repository/FIM/Sites Page/Site Filtering/Site_txt'

21-10-2025T20:44:09 - [MESSAGE][PASSED] - Keys 'BACK_SPACE + ' sent to object: 'Object Repository/FIM/Sites Page/Site Filtering/Site_txt'

21-10-2025T20:44:09 - [TEST_STEP][PASSED] - (i++): null

21-10-2025T20:44:09 - [TEST_STEP][PASSED] - sendKeys(findTestObject("FIM/Sites Page/Site Filtering/Site_txt"), Keys.chord(BACK_SPACE), STOP_ON_FAILURE): Keys 'BACK_SPACE + ' sent to object: 'Object Repository/FIM/Sites Page/Site Filtering/Site_txt'

21-10-2025T20:44:09 - [MESSAGE][PASSED] - Keys 'BACK_SPACE + ' sent to object: 'Object Repository/FIM/Sites Page/Site Filtering/Site_txt'

21-10-2025T20:44:09 - [TEST_STEP][PASSED] - (i++): null

21-10-2025T20:44:09 - [TEST_STEP][PASSED] - sendKeys(findTestObject("FIM/Sites Page/Site Filtering/Site_txt"), Keys.chord(BACK_SPACE), STOP_ON_FAILURE): Keys 'BACK_SPACE + ' sent to object: 'Object Repository/FIM/Sites Page/Site Filtering/Site_txt'

21-10-2025T20:44:10 - [MESSAGE][PASSED] - Keys 'BACK_SPACE + ' sent to object: 'Object Repository/FIM/Sites Page/Site Filtering/Site_txt'

21-10-2025T20:44:10 - [TEST_STEP][PASSED] - (i++): null

21-10-2025T20:44:10 - [TEST_STEP][PASSED] - sendKeys(findTestObject("FIM/Sites Page/Site Filtering/Site_txt"), Keys.chord(BACK_SPACE), STOP_ON_FAILURE): Keys 'BACK_SPACE + ' sent to object: 'Object Repository/FIM/Sites Page/Site Filtering/Site_txt'

21-10-2025T20:44:10 - [MESSAGE][PASSED] - Keys 'BACK_SPACE + ' sent to object: 'Object Repository/FIM/Sites Page/Site Filtering/Site_txt'

21-10-2025T20:44:10 - [TEST_STEP][PASSED] - (i++): null

21-10-2025T20:44:10 - [TEST_STEP][PASSED] - sendKeys(findTestObject("FIM/Sites Page/Site Filtering/Site_txt"), Keys.chord(BACK_SPACE), STOP_ON_FAILURE): Keys 'BACK_SPACE + ' sent to object: 'Object Repository/FIM/Sites Page/Site Filtering/Site_txt'

21-10-2025T20:44:10 - [MESSAGE][PASSED] - Keys 'BACK_SPACE + ' sent to object: 'Object Repository/FIM/Sites Page/Site Filtering/Site_txt'

21-10-2025T20:44:10 - [TEST_STEP][PASSED] - (i++): null

21-10-2025T20:44:10 - [TEST_STEP][PASSED] - sendKeys(findTestObject("FIM/Sites Page/Site Filtering/Site_txt"), Keys.chord(BACK_SPACE), STOP_ON_FAILURE): Keys 'BACK_SPACE + ' sent to object: 'Object Repository/FIM/Sites Page/Site Filtering/Site_txt'

21-10-2025T20:44:10 - [MESSAGE][PASSED] - Keys 'BACK_SPACE + ' sent to object: 'Object Repository/FIM/Sites Page/Site Filtering/Site_txt'

21-10-2025T20:44:10 - [TEST_STEP][PASSED] - (i++): null

21-10-2025T20:44:10 - [TEST_STEP][PASSED] - sendKeys(findTestObject("FIM/Sites Page/Site Filtering/Site_txt"), Keys.chord(BACK_SPACE), STOP_ON_FAILURE): Keys 'BACK_SPACE + ' sent to object: 'Object Repository/FIM/Sites Page/Site Filtering/Site_txt'

21-10-2025T20:44:10 - [MESSAGE][PASSED] - Keys 'BACK_SPACE + ' sent to object: 'Object Repository/FIM/Sites Page/Site Filtering/Site_txt'

21-10-2025T20:44:10 - [TEST_STEP][PASSED] - (i++): null

21-10-2025T20:44:10 - [TEST_STEP][PASSED] - sendKeys(findTestObject("FIM/Sites Page/Site Filtering/Site_txt"), Keys.chord(BACK_SPACE), STOP_ON_FAILURE): Keys 'BACK_SPACE + ' sent to object: 'Object Repository/FIM/Sites Page/Site Filtering/Site_txt'

21-10-2025T20:44:10 - [MESSAGE][PASSED] - Keys 'BACK_SPACE + ' sent to object: 'Object Repository/FIM/Sites Page/Site Filtering/Site_txt'

21-10-2025T20:44:10 - [TEST_STEP][PASSED] - (i++): null

21-10-2025T20:44:10 - [TEST_STEP][PASSED] - sendKeys(findTestObject("FIM/Sites Page/Site Filtering/Site_txt"), Keys.chord(BACK_SPACE), STOP_ON_FAILURE): Keys 'BACK_SPACE + ' sent to object: 'Object Repository/FIM/Sites Page/Site Filtering/Site_txt'

21-10-2025T20:44:10 - [MESSAGE][PASSED] - Keys 'BACK_SPACE + ' sent to object: 'Object Repository/FIM/Sites Page/Site Filtering/Site_txt'

21-10-2025T20:44:10 - [TEST_STEP][PASSED] - (i++): null

21-10-2025T20:44:10 - [TEST_STEP][PASSED] - sendKeys(findTestObject("FIM/Sites Page/Site Filtering/Site_txt"), Keys.chord(BACK_SPACE), STOP_ON_FAILURE): Keys 'BACK_SPACE + ' sent to object: 'Object Repository/FIM/Sites Page/Site Filtering/Site_txt'

21-10-2025T20:44:10 - [MESSAGE][PASSED] - Keys 'BACK_SPACE + ' sent to object: 'Object Repository/FIM/Sites Page/Site Filtering/Site_txt'

21-10-2025T20:44:10 - [TEST_STEP][PASSED] - (i++): null

21-10-2025T20:44:10 - [TEST_STEP][PASSED] - sendKeys(findTestObject("FIM/Sites Page/Site Filtering/Site_txt"), Keys.chord(BACK_SPACE), STOP_ON_FAILURE): Keys 'BACK_SPACE + ' sent to object: 'Object Repository/FIM/Sites Page/Site Filtering/Site_txt'

21-10-2025T20:44:10 - [MESSAGE][PASSED] - Keys 'BACK_SPACE + ' sent to object: 'Object Repository/FIM/Sites Page/Site Filtering/Site_txt'

21-10-2025T20:44:10 - [TEST_STEP][PASSED] - (i++): null

21-10-2025T20:44:10 - [TEST_STEP][PASSED] - sendKeys(findTestObject("FIM/Sites Page/Site Filtering/Site_txt"), Keys.chord(BACK_SPACE), STOP_ON_FAILURE): Keys 'BACK_SPACE + ' sent to object: 'Object Repository/FIM/Sites Page/Site Filtering/Site_txt'

21-10-2025T20:44:10 - [MESSAGE][PASSED] - Keys 'BACK_SPACE + ' sent to object: 'Object Repository/FIM/Sites Page/Site Filtering/Site_txt'

21-10-2025T20:44:10 - [TEST_STEP][PASSED] - (i++): null

21-10-2025T20:44:10 - [TEST_STEP][PASSED] - sendKeys(findTestObject("FIM/Sites Page/Site Filtering/Site_txt"), Keys.chord(BACK_SPACE), STOP_ON_FAILURE): Keys 'BACK_SPACE + ' sent to object: 'Object Repository/FIM/Sites Page/Site Filtering/Site_txt'

21-10-2025T20:44:10 - [MESSAGE][PASSED] - Keys 'BACK_SPACE + ' sent to object: 'Object Repository/FIM/Sites Page/Site Filtering/Site_txt'

21-10-2025T20:44:10 - [TEST_STEP][PASSED] - (i++): null

21-10-2025T20:44:10 - [TEST_STEP][PASSED] - sendKeys(findTestObject("FIM/Sites Page/Site Filtering/Site_txt"), Keys.chord(BACK_SPACE), STOP_ON_FAILURE): Keys 'BACK_SPACE + ' sent to object: 'Object Repository/FIM/Sites Page/Site Filtering/Site_txt'

21-10-2025T20:44:10 - [MESSAGE][PASSED] - Keys 'BACK_SPACE + ' sent to object: 'Object Repository/FIM/Sites Page/Site Filtering/Site_txt'

21-10-2025T20:44:10 - [TEST_STEP][PASSED] - (i++): null

21-10-2025T20:44:10 - [TEST_STEP][PASSED] - sendKeys(findTestObject("FIM/Sites Page/Site Filtering/Site_txt"), Keys.chord(BACK_SPACE), STOP_ON_FAILURE): Keys 'BACK_SPACE + ' sent to object: 'Object Repository/FIM/Sites Page/Site Filtering/Site_txt'

21-10-2025T20:44:10 - [MESSAGE][PASSED] - Keys 'BACK_SPACE + ' sent to object: 'Object Repository/FIM/Sites Page/Site Filtering/Site_txt'

21-10-2025T20:44:10 - [TEST_STEP][PASSED] - (i++): null

21-10-2025T20:44:10 - [TEST_STEP][PASSED] - sendKeys(findTestObject("FIM/Sites Page/Site Filtering/Site_txt"), Keys.chord(BACK_SPACE), STOP_ON_FAILURE): Keys 'BACK_SPACE + ' sent to object: 'Object Repository/FIM/Sites Page/Site Filtering/Site_txt'

21-10-2025T20:44:10 - [MESSAGE][PASSED] - Keys 'BACK_SPACE + ' sent to object: 'Object Repository/FIM/Sites Page/Site Filtering/Site_txt'

21-10-2025T20:44:10 - [TEST_STEP][PASSED] - (i++): null

21-10-2025T20:44:10 - [TEST_STEP][PASSED] - sendKeys(findTestObject("FIM/Sites Page/Site Filtering/Site_txt"), Keys.chord(BACK_SPACE), STOP_ON_FAILURE): Keys 'BACK_SPACE + ' sent to object: 'Object Repository/FIM/Sites Page/Site Filtering/Site_txt'

21-10-2025T20:44:10 - [MESSAGE][PASSED] - Keys 'BACK_SPACE + ' sent to object: 'Object Repository/FIM/Sites Page/Site Filtering/Site_txt'

21-10-2025T20:44:10 - [TEST_STEP][PASSED] - (i++): null

21-10-2025T20:44:10 - [TEST_STEP][PASSED] - sendKeys(findTestObject("FIM/Sites Page/Site Filtering/Site_txt"), Keys.chord(BACK_SPACE), STOP_ON_FAILURE): Keys 'BACK_SPACE + ' sent to object: 'Object Repository/FIM/Sites Page/Site Filtering/Site_txt'

21-10-2025T20:44:10 - [MESSAGE][PASSED] - Keys 'BACK_SPACE + ' sent to object: 'Object Repository/FIM/Sites Page/Site Filtering/Site_txt'

21-10-2025T20:44:10 - [TEST_STEP][PASSED] - (i++): null

21-10-2025T20:44:10 - [TEST_STEP][PASSED] - sendKeys(findTestObject("FIM/Sites Page/Site Filtering/Site_txt"), Keys.chord(BACK_SPACE), STOP_ON_FAILURE): Keys 'BACK_SPACE + ' sent to object: 'Object Repository/FIM/Sites Page/Site Filtering/Site_txt'

21-10-2025T20:44:10 - [MESSAGE][PASSED] - Keys 'BACK_SPACE + ' sent to object: 'Object Repository/FIM/Sites Page/Site Filtering/Site_txt'

21-10-2025T20:44:10 - [TEST_STEP][PASSED] - (i++): null

21-10-2025T20:44:10 - [TEST_STEP][PASSED] - sendKeys(findTestObject("FIM/Sites Page/Site Filtering/Site_txt"), Keys.chord(BACK_SPACE), STOP_ON_FAILURE): Keys 'BACK_SPACE + ' sent to object: 'Object Repository/FIM/Sites Page/Site Filtering/Site_txt'

21-10-2025T20:44:10 - [MESSAGE][PASSED] - Keys 'BACK_SPACE + ' sent to object: 'Object Repository/FIM/Sites Page/Site Filtering/Site_txt'

21-10-2025T20:44:10 - [TEST_STEP][PASSED] - (i++): null

21-10-2025T20:44:10 - [TEST_STEP][PASSED] - sendKeys(findTestObject("FIM/Sites Page/Site Filtering/Site_txt"), Keys.chord(BACK_SPACE), STOP_ON_FAILURE): Keys 'BACK_SPACE + ' sent to object: 'Object Repository/FIM/Sites Page/Site Filtering/Site_txt'

21-10-2025T20:44:11 - [MESSAGE][PASSED] - Keys 'BACK_SPACE + ' sent to object: 'Object Repository/FIM/Sites Page/Site Filtering/Site_txt'

21-10-2025T20:44:11 - [TEST_STEP][PASSED] - (i++): null

21-10-2025T20:44:11 - [TEST_STEP][PASSED] - sendKeys(findTestObject("FIM/Sites Page/Site Filtering/Site_txt"), Keys.chord(BACK_SPACE), STOP_ON_FAILURE): Keys 'BACK_SPACE + ' sent to object: 'Object Repository/FIM/Sites Page/Site Filtering/Site_txt'

21-10-2025T20:44:11 - [MESSAGE][PASSED] - Keys 'BACK_SPACE + ' sent to object: 'Object Repository/FIM/Sites Page/Site Filtering/Site_txt'

21-10-2025T20:44:11 - [TEST_STEP][PASSED] - (i++): null

21-10-2025T20:44:11 - [TEST_STEP][PASSED] - sendKeys(findTestObject("FIM/Sites Page/Site Filtering/Site_txt"), Keys.chord(BACK_SPACE), STOP_ON_FAILURE): Keys 'BACK_SPACE + ' sent to object: 'Object Repository/FIM/Sites Page/Site Filtering/Site_txt'

21-10-2025T20:44:11 - [MESSAGE][PASSED] - Keys 'BACK_SPACE + ' sent to object: 'Object Repository/FIM/Sites Page/Site Filtering/Site_txt'

21-10-2025T20:44:11 - [TEST_STEP][PASSED] - (i++): null

21-10-2025T20:44:11 - [TEST_STEP][PASSED] - sendKeys(findTestObject("FIM/Sites Page/Site Filtering/Site_txt"), Keys.chord(BACK_SPACE), STOP_ON_FAILURE): Keys 'BACK_SPACE + ' sent to object: 'Object Repository/FIM/Sites Page/Site Filtering/Site_txt'

21-10-2025T20:44:11 - [MESSAGE][PASSED] - Keys 'BACK_SPACE + ' sent to object: 'Object Repository/FIM/Sites Page/Site Filtering/Site_txt'

21-10-2025T20:44:11 - [TEST_STEP][PASSED] - (i++): null

21-10-2025T20:44:11 - [TEST_STEP][PASSED] - sendKeys(findTestObject("FIM/Sites Page/Site Filtering/Site_txt"), Keys.chord(BACK_SPACE), STOP_ON_FAILURE): Keys 'BACK_SPACE + ' sent to object: 'Object Repository/FIM/Sites Page/Site Filtering/Site_txt'

21-10-2025T20:44:11 - [MESSAGE][PASSED] - Keys 'BACK_SPACE + ' sent to object: 'Object Repository/FIM/Sites Page/Site Filtering/Site_txt'

21-10-2025T20:44:11 - [TEST_STEP][PASSED] - (i++): null

21-10-2025T20:44:11 - [TEST_STEP][PASSED] - sendKeys(findTestObject("FIM/Sites Page/Site Filtering/Site_txt"), Keys.chord(BACK_SPACE), STOP_ON_FAILURE): Keys 'BACK_SPACE + ' sent to object: 'Object Repository/FIM/Sites Page/Site Filtering/Site_txt'

21-10-2025T20:44:11 - [MESSAGE][PASSED] - Keys 'BACK_SPACE + ' sent to object: 'Object Repository/FIM/Sites Page/Site Filtering/Site_txt'

21-10-2025T20:44:11 - [TEST_STEP][PASSED] - (i++): null

21-10-2025T20:44:11 - [TEST_STEP][PASSED] - sendKeys(findTestObject("FIM/Sites Page/Site Filtering/Site_txt"), Keys.chord(BACK_SPACE), STOP_ON_FAILURE): Keys 'BACK_SPACE + ' sent to object: 'Object Repository/FIM/Sites Page/Site Filtering/Site_txt'

21-10-2025T20:44:11 - [MESSAGE][PASSED] - Keys 'BACK_SPACE + ' sent to object: 'Object Repository/FIM/Sites Page/Site Filtering/Site_txt'

21-10-2025T20:44:11 - [TEST_STEP][PASSED] - (i++): null

21-10-2025T20:44:11 - [TEST_STEP][PASSED] - sendKeys(findTestObject("FIM/Sites Page/Site Filtering/Site_txt"), Keys.chord(BACK_SPACE), STOP_ON_FAILURE): Keys 'BACK_SPACE + ' sent to object: 'Object Repository/FIM/Sites Page/Site Filtering/Site_txt'

21-10-2025T20:44:11 - [MESSAGE][PASSED] - Keys 'BACK_SPACE + ' sent to object: 'Object Repository/FIM/Sites Page/Site Filtering/Site_txt'

21-10-2025T20:44:11 - [TEST_STEP][PASSED] - (i++): null

21-10-2025T20:44:11 - [TEST_STEP][PASSED] - sendKeys(findTestObject("FIM/Sites Page/Site Filtering/Site_txt"), Keys.chord(BACK_SPACE), STOP_ON_FAILURE): Keys 'BACK_SPACE + ' sent to object: 'Object Repository/FIM/Sites Page/Site Filtering/Site_txt'

21-10-2025T20:44:11 - [MESSAGE][PASSED] - Keys 'BACK_SPACE + ' sent to object: 'Object Repository/FIM/Sites Page/Site Filtering/Site_txt'

21-10-2025T20:44:11 - [TEST_STEP][PASSED] - (i++): null

21-10-2025T20:44:11 - [TEST_STEP][PASSED] - sendKeys(findTestObject("FIM/Sites Page/Site Filtering/Site_txt"), Keys.chord(BACK_SPACE), STOP_ON_FAILURE): Keys 'BACK_SPACE + ' sent to object: 'Object Repository/FIM/Sites Page/Site Filtering/Site_txt'

21-10-2025T20:44:11 - [MESSAGE][PASSED] - Keys 'BACK_SPACE + ' sent to object: 'Object Repository/FIM/Sites Page/Site Filtering/Site_txt'

21-10-2025T20:44:11 - [TEST_STEP][PASSED] - (i++): null

21-10-2025T20:44:11 - [TEST_STEP][PASSED] - sendKeys(findTestObject("FIM/Sites Page/Site Filtering/Site_txt"), Keys.chord(BACK_SPACE), STOP_ON_FAILURE): Keys 'BACK_SPACE + ' sent to object: 'Object Repository/FIM/Sites Page/Site Filtering/Site_txt'

21-10-2025T20:44:11 - [MESSAGE][PASSED] - Keys 'BACK_SPACE + ' sent to object: 'Object Repository/FIM/Sites Page/Site Filtering/Site_txt'

21-10-2025T20:44:11 - [TEST_STEP][PASSED] - (i++): null

21-10-2025T20:44:11 - [TEST_STEP][PASSED] - sendKeys(findTestObject("FIM/Sites Page/Site Filtering/Site_txt"), Keys.chord(BACK_SPACE), STOP_ON_FAILURE): Keys 'BACK_SPACE + ' sent to object: 'Object Repository/FIM/Sites Page/Site Filtering/Site_txt'

21-10-2025T20:44:11 - [MESSAGE][PASSED] - Keys 'BACK_SPACE + ' sent to object: 'Object Repository/FIM/Sites Page/Site Filtering/Site_txt'

21-10-2025T20:44:11 - [TEST_STEP][PASSED] - (i++): null

21-10-2025T20:44:11 - [TEST_STEP][PASSED] - sendKeys(findTestObject("FIM/Sites Page/Site Filtering/Site_txt"), Keys.chord(BACK_SPACE), STOP_ON_FAILURE): Keys 'BACK_SPACE + ' sent to object: 'Object Repository/FIM/Sites Page/Site Filtering/Site_txt'

21-10-2025T20:44:11 - [MESSAGE][PASSED] - Keys 'BACK_SPACE + ' sent to object: 'Object Repository/FIM/Sites Page/Site Filtering/Site_txt'

21-10-2025T20:44:11 - [TEST_STEP][PASSED] - (i++): null

21-10-2025T20:44:11 - [TEST_STEP][PASSED] - sendKeys(findTestObject("FIM/Sites Page/Site Filtering/Site_txt"), Keys.chord(BACK_SPACE), STOP_ON_FAILURE): Keys 'BACK_SPACE + ' sent to object: 'Object Repository/FIM/Sites Page/Site Filtering/Site_txt'

21-10-2025T20:44:11 - [MESSAGE][PASSED] - Keys 'BACK_SPACE + ' sent to object: 'Object Repository/FIM/Sites Page/Site Filtering/Site_txt'

21-10-2025T20:44:11 - [TEST_STEP][PASSED] - (i++): null

21-10-2025T20:44:11 - [TEST_STEP][PASSED] - sendKeys(findTestObject("FIM/Sites Page/Site Filtering/Site_txt"), Keys.chord(BACK_SPACE), STOP_ON_FAILURE): Keys 'BACK_SPACE + ' sent to object: 'Object Repository/FIM/Sites Page/Site Filtering/Site_txt'

21-10-2025T20:44:11 - [MESSAGE][PASSED] - Keys 'BACK_SPACE + ' sent to object: 'Object Repository/FIM/Sites Page/Site Filtering/Site_txt'

21-10-2025T20:44:11 - [TEST_STEP][PASSED] - (i++): null

21-10-2025T20:44:11 - [TEST_STEP][PASSED] - sendKeys(findTestObject("FIM/Sites Page/Site Filtering/Site_txt"), "TURK132 - 798 North", STOP_ON_FAILURE): Keys 'TURK132 - 798 North' sent to object: 'Object Repository/FIM/Sites Page/Site Filtering/Site_txt'

21-10-2025T20:44:12 - [MESSAGE][PASSED] - Keys 'TURK132 - 798 North' sent to object: 'Object Repository/FIM/Sites Page/Site Filtering/Site_txt'

21-10-2025T20:44:12 - [TEST_STEP][PASSED] - sendKeys(findTestObject("FIM/Sites Page/Site Filtering/Site_txt"), Keys.chord(ENTER), STOP_ON_FAILURE): Keys 'ENTER + ' sent to object: 'Object Repository/FIM/Sites Page/Site Filtering/Site_txt'

21-10-2025T20:44:12 - [MESSAGE][PASSED] - Keys 'ENTER + ' sent to object: 'Object Repository/FIM/Sites Page/Site Filtering/Site_txt'

21-10-2025T20:44:12 - [TEST_STEP][PASSED] - waitForElementClickable(findTestObject("FIM/Sites Page/Orders/Create Order/CreateOrder_btn"), 300): Object 'Object Repository/FIM/Sites Page/Orders/Create Order/CreateOrder_btn' is clickable

21-10-2025T20:44:12 - [MESSAGE][PASSED] - Object 'Object Repository/FIM/Sites Page/Orders/Create Order/CreateOrder_btn' is clickable

21-10-2025T20:44:12 - [TEST_STEP][PASSED] - click(findTestObject("FIM/Sites Page/Orders/Create Order/CreateOrder_btn"), OPTIONAL): Object: 'Object Repository/FIM/Sites Page/Orders/Create Order/CreateOrder_btn' is clicked on

21-10-2025T20:44:12 - [MESSAGE][PASSED] - Object: 'Object Repository/FIM/Sites Page/Orders/Create Order/CreateOrder_btn' is clicked on

21-10-2025T20:44:12 - [TEST_STEP][PASSED] - delay(1): Delayed 1 second(s)

21-10-2025T20:44:13 - [MESSAGE][PASSED] - Delayed 1 second(s)

21-10-2025T20:44:13 - [TEST_STEP][PASSED] - clearText(findTestObject("FIM/Sites Page/Orders/Create Order/30PRM_txt (1)")): Text of object 'Object Repository/FIM/Sites Page/Orders/Create Order/30PRM_txt (1)' is cleared

21-10-2025T20:44:14 - [MESSAGE][PASSED] - Text of object 'Object Repository/FIM/Sites Page/Orders/Create Order/30PRM_txt (1)' is cleared

21-10-2025T20:44:14 - [TEST_STEP][PASSED] - delay(1): Delayed 1 second(s)

21-10-2025T20:44:15 - [MESSAGE][PASSED] - Delayed 1 second(s)

21-10-2025T20:44:15 - [TEST_STEP][PASSED] - sendKeys(findTestObject("FIM/Sites Page/Orders/Create Order/30PRM_txt (1)"), "5000"): Keys '5000' sent to object: 'Object Repository/FIM/Sites Page/Orders/Create Order/30PRM_txt (1)'

21-10-2025T20:44:15 - [MESSAGE][PASSED] - Keys '5000' sent to object: 'Object Repository/FIM/Sites Page/Orders/Create Order/30PRM_txt (1)'

21-10-2025T20:44:15 - [TEST_STEP][PASSED] - delay(2): Delayed 2 second(s)

21-10-2025T20:44:17 - [MESSAGE][PASSED] - Delayed 2 second(s)

21-10-2025T20:44:17 - [TEST_STEP][PASSED] - click(findTestObject("FIM/Sites Page/Orders/Save_btn")): Object: 'Object Repository/FIM/Sites Page/Orders/Save_btn' is clicked on

21-10-2025T20:44:17 - [MESSAGE][PASSED] - Object: 'Object Repository/FIM/Sites Page/Orders/Save_btn' is clicked on

21-10-2025T20:44:17 - [TEST_STEP][PASSED] - delay(2): Delayed 2 second(s)

21-10-2025T20:44:19 - [MESSAGE][PASSED] - Delayed 2 second(s)

21-10-2025T20:44:19 - [TEST_STEP][PASSED] - verifyElementText(findTestObject("FIM/Sites Page/Orders/Create Order/Order Creation Message"), "New order has been added"): Actual text and expected text of test object 'Object Repository/FIM/Sites Page/Orders/Create Order/Order Creation Message' are matched.

21-10-2025T20:44:19 - [MESSAGE][PASSED] - Actual text and expected text of test object 'Object Repository/FIM/Sites Page/Orders/Create Order/Order Creation Message' are matched.

21-10-2025T20:44:19 - [TEST_STEP][PASSED] - closeBrowser(): Browser is closed

21-10-2025T20:44:19 - [MESSAGE][PASSED] - Browser is closed

21-10-2025T20:44:19 - [TEST_STEP][PASSED] - Start listener action : retryOnDisconnect: null

21-10-2025T20:44:19 - [TEST_STEP][PASSED] - tcId = testCaseContext.getTestCaseId(): null

21-10-2025T20:44:19 - [TEST_STEP][PASSED] - currentRetry = retryCounts.getOrDefault(tcId, 0): null

21-10-2025T20:44:19 - [TEST_STEP][PASSED] - if (testCaseContext.getTestCaseStatus() == "FAILED" && currentRetry < MAX_RETRIES): null]]></system-out>
         <system-err><![CDATA[]]></system-err>
      </testcase>
      <testcase name="Test Cases/FIM/UI/KGL/Admin/Sites Page/Orders/Update Order" time="63.069" classname="Test Cases/FIM/UI/KGL/Admin/Sites Page/Orders/Update Order" status="FAILED">
         <failure type="FAILED" message="Test Cases/FIM/UI/KGL/Admin/Sites Page/Orders/Update Order FAILED.&#xa;Reason:&#xa;com.kms.katalon.core.exception.StepFailedException: Unable to set text '5100' of object 'Object Repository/FIM/Sites Page/Orders/Review New Orders/Edit Order/10UNL_txt'&#xa;	at com.kms.katalon.core.webui.keyword.internal.WebUIKeywordMain.stepFailed(WebUIKeywordMain.groovy:117)&#xa;	at com.kms.katalon.core.webui.keyword.internal.WebUIKeywordMain.runKeyword(WebUIKeywordMain.groovy:43)&#xa;	at com.kms.katalon.core.webui.keyword.builtin.SetTextKeyword.setText(SetTextKeyword.groovy:85)&#xa;	at com.kms.katalon.core.webui.keyword.builtin.SetTextKeyword.execute(SetTextKeyword.groovy:39)&#xa;	at com.kms.katalon.core.keyword.internal.KeywordExecutor.executeKeywordForPlatform(KeywordExecutor.groovy:74)&#xa;	at com.kms.katalon.core.webui.keyword.WebUiBuiltInKeywords.setText(WebUiBuiltInKeywords.groovy:1019)&#xa;	at com.kms.katalon.core.webui.keyword.WebUiBuiltInKeywords$setText$3.call(Unknown Source)&#xa;	at Update Order.run(Update Order:49)&#xa;	at com.kms.katalon.core.main.ScriptEngine.run(ScriptEngine.java:194)&#xa;	at com.kms.katalon.core.main.ScriptEngine.runScriptAsRawText(ScriptEngine.java:119)&#xa;	at com.kms.katalon.core.main.TestCaseExecutor.runScript(TestCaseExecutor.java:448)&#xa;	at com.kms.katalon.core.main.TestCaseExecutor.doExecute(TestCaseExecutor.java:439)&#xa;	at com.kms.katalon.core.main.TestCaseExecutor.processExecutionPhase(TestCaseExecutor.java:418)&#xa;	at com.kms.katalon.core.main.TestCaseExecutor.accessMainPhase(TestCaseExecutor.java:410)&#xa;	at com.kms.katalon.core.main.TestCaseExecutor.execute(TestCaseExecutor.java:285)&#xa;	at com.kms.katalon.core.common.CommonExecutor.accessTestCaseMainPhase(CommonExecutor.java:65)&#xa;	at com.kms.katalon.core.main.TestSuiteExecutor.accessTestSuiteMainPhase(TestSuiteExecutor.java:150)&#xa;	at com.kms.katalon.core.main.TestSuiteExecutor.execute(TestSuiteExecutor.java:106)&#xa;	at com.kms.katalon.core.main.TestCaseMain.startTestSuite(TestCaseMain.java:180)&#xa;	at com.kms.katalon.core.main.TestCaseMain$startTestSuite$0.call(Unknown Source)&#xa;	at TempTestSuite1761090769781.run(TempTestSuite1761090769781.groovy:35)&#xa;	at java.base/jdk.internal.reflect.NativeMethodAccessorImpl.invoke0(Native Method)&#xa;	at java.base/jdk.internal.reflect.NativeMethodAccessorImpl.invoke(NativeMethodAccessorImpl.java:77)&#xa;	at java.base/jdk.internal.reflect.DelegatingMethodAccessorImpl.invoke(DelegatingMethodAccessorImpl.java:43)&#xa;Caused by: com.kms.katalon.core.webui.exception.WebElementNotFoundException: Web element with id: 'Object Repository/FIM/Sites Page/Orders/Review New Orders/Edit Order/10UNL_txt' located by '//*[@id=&quot;order-10UNL&quot;]' not found&#xa;	at com.kms.katalon.core.webui.common.WebUiCommonHelper.findWebElement(WebUiCommonHelper.java:1423)&#xa;	at com.kms.katalon.core.webui.keyword.internal.WebUIAbstractKeyword.findWebElement(WebUIAbstractKeyword.groovy:27)&#xa;	at com.kms.katalon.core.webui.keyword.internal.WebUIAbstractKeyword.findWebElement(WebUIAbstractKeyword.groovy:26)&#xa;	at com.kms.katalon.core.webui.keyword.builtin.SetTextKeyword$_setText_closure1.doCall(SetTextKeyword.groovy:53)&#xa;	at com.kms.katalon.core.webui.keyword.builtin.SetTextKeyword$_setText_closure1.call(SetTextKeyword.groovy)&#xa;	at com.kms.katalon.core.webui.keyword.internal.WebUIKeywordMain.runKeyword(WebUIKeywordMain.groovy:35)&#xa;	... 22 more&#xa;"/>
         <system-out><![CDATA[21-10-2025T20:44:19 - [TEST_CASE][FAILED] - Test Cases/FIM/UI/KGL/Admin/Sites Page/Orders/Update Order: Test Cases/FIM/UI/KGL/Admin/Sites Page/Orders/Update Order FAILED.
Reason:
com.kms.katalon.core.exception.StepFailedException: Unable to set text '5100' of object 'Object Repository/FIM/Sites Page/Orders/Review New Orders/Edit Order/10UNL_txt'
	at com.kms.katalon.core.webui.keyword.internal.WebUIKeywordMain.stepFailed(WebUIKeywordMain.groovy:117)
	at com.kms.katalon.core.webui.keyword.internal.WebUIKeywordMain.runKeyword(WebUIKeywordMain.groovy:43)
	at com.kms.katalon.core.webui.keyword.builtin.SetTextKeyword.setText(SetTextKeyword.groovy:85)
	at com.kms.katalon.core.webui.keyword.builtin.SetTextKeyword.execute(SetTextKeyword.groovy:39)
	at com.kms.katalon.core.keyword.internal.KeywordExecutor.executeKeywordForPlatform(KeywordExecutor.groovy:74)
	at com.kms.katalon.core.webui.keyword.WebUiBuiltInKeywords.setText(WebUiBuiltInKeywords.groovy:1019)
	at com.kms.katalon.core.webui.keyword.WebUiBuiltInKeywords$setText$3.call(Unknown Source)
	at Update Order.run(Update Order:49)
	at com.kms.katalon.core.main.ScriptEngine.run(ScriptEngine.java:194)
	at com.kms.katalon.core.main.ScriptEngine.runScriptAsRawText(ScriptEngine.java:119)
	at com.kms.katalon.core.main.TestCaseExecutor.runScript(TestCaseExecutor.java:448)
	at com.kms.katalon.core.main.TestCaseExecutor.doExecute(TestCaseExecutor.java:439)
	at com.kms.katalon.core.main.TestCaseExecutor.processExecutionPhase(TestCaseExecutor.java:418)
	at com.kms.katalon.core.main.TestCaseExecutor.accessMainPhase(TestCaseExecutor.java:410)
	at com.kms.katalon.core.main.TestCaseExecutor.execute(TestCaseExecutor.java:285)
	at com.kms.katalon.core.common.CommonExecutor.accessTestCaseMainPhase(CommonExecutor.java:65)
	at com.kms.katalon.core.main.TestSuiteExecutor.accessTestSuiteMainPhase(TestSuiteExecutor.java:150)
	at com.kms.katalon.core.main.TestSuiteExecutor.execute(TestSuiteExecutor.java:106)
	at com.kms.katalon.core.main.TestCaseMain.startTestSuite(TestCaseMain.java:180)
	at com.kms.katalon.core.main.TestCaseMain$startTestSuite$0.call(Unknown Source)
	at TempTestSuite1761090769781.run(TempTestSuite1761090769781.groovy:35)
	at java.base/jdk.internal.reflect.NativeMethodAccessorImpl.invoke0(Native Method)
	at java.base/jdk.internal.reflect.NativeMethodAccessorImpl.invoke(NativeMethodAccessorImpl.java:77)
	at java.base/jdk.internal.reflect.DelegatingMethodAccessorImpl.invoke(DelegatingMethodAccessorImpl.java:43)
Caused by: com.kms.katalon.core.webui.exception.WebElementNotFoundException: Web element with id: 'Object Repository/FIM/Sites Page/Orders/Review New Orders/Edit Order/10UNL_txt' located by '//*[@id="order-10UNL"]' not found
	at com.kms.katalon.core.webui.common.WebUiCommonHelper.findWebElement(WebUiCommonHelper.java:1423)
	at com.kms.katalon.core.webui.keyword.internal.WebUIAbstractKeyword.findWebElement(WebUIAbstractKeyword.groovy:27)
	at com.kms.katalon.core.webui.keyword.internal.WebUIAbstractKeyword.findWebElement(WebUIAbstractKeyword.groovy:26)
	at com.kms.katalon.core.webui.keyword.builtin.SetTextKeyword$_setText_closure1.doCall(SetTextKeyword.groovy:53)
	at com.kms.katalon.core.webui.keyword.builtin.SetTextKeyword$_setText_closure1.call(SetTextKeyword.groovy)
	at com.kms.katalon.core.webui.keyword.internal.WebUIKeywordMain.runKeyword(WebUIKeywordMain.groovy:35)
	... 22 more


21-10-2025T20:44:19 - [TEST_STEP][PASSED] - Start listener action : beforeTestCase: null

21-10-2025T20:44:19 - [TEST_STEP][PASSED] - addDefaultPackages(): null

21-10-2025T20:44:19 - [TEST_STEP][PASSED] - callTestCase(findTestCase("Utility Scripts/FIM KGL Admin Login"), [:], STOP_ON_FAILURE): Call Test Case 'Test Cases/Utility Scripts/FIM KGL Admin Login' successfully

21-10-2025T20:44:19 - [TEST_CASE][PASSED] - Test Cases/Utility Scripts/FIM KGL Admin Login: Test Cases/Utility Scripts/FIM KGL Admin Login

21-10-2025T20:44:19 - [TEST_STEP][PASSED] - openBrowser(""): Browser is opened with url: ''

21-10-2025T20:44:19 - [MESSAGE][INFO] - Starting 'Chrome' driver

21-10-2025T20:44:19 - [MESSAGE][INFO] - User set preference: ['args', '[--no-sandbox, --disable-gpu, --disable-dev-shm-usage]']

21-10-2025T20:44:19 - [MESSAGE][INFO] - Action delay is set to 0 milliseconds

21-10-2025T20:44:20 - [MESSAGE][PASSED] - Browser is opened with url: ''

21-10-2025T20:44:20 - [TEST_STEP][PASSED] - delay(1): Delayed 1 second(s)

21-10-2025T20:44:21 - [MESSAGE][PASSED] - Delayed 1 second(s)

21-10-2025T20:44:21 - [TEST_STEP][PASSED] - navigateToUrl(KGLCustomGroupUrl): Navigate to 'https://kaglogistics-inventory-management-portal.qa.thekag.com/custom-group/' successfully

21-10-2025T20:44:21 - [MESSAGE][PASSED] - Navigate to 'https://kaglogistics-inventory-management-portal.qa.thekag.com/custom-group/' successfully

21-10-2025T20:44:21 - [TEST_STEP][PASSED] - delay(10): Delayed 10 second(s)

21-10-2025T20:44:31 - [MESSAGE][PASSED] - Delayed 10 second(s)

21-10-2025T20:44:31 - [TEST_STEP][PASSED] - if (maximizeWindow == true): Delayed 1 second(s)

21-10-2025T20:44:31 - [TEST_STEP][PASSED] - maximizeWindow(STOP_ON_FAILURE): Current window maximized

21-10-2025T20:44:31 - [MESSAGE][PASSED] - Current window maximized

21-10-2025T20:44:31 - [TEST_STEP][PASSED] - delay(1): Delayed 1 second(s)

21-10-2025T20:44:32 - [MESSAGE][PASSED] - Delayed 1 second(s)

21-10-2025T20:44:32 - [TEST_STEP][PASSED] - waitForElementPresent(findTestObject("FIM/Username_txt"), 10): Object 'Object Repository/FIM/Username_txt' is present

21-10-2025T20:44:32 - [MESSAGE][PASSED] - Object 'Object Repository/FIM/Username_txt' is present

21-10-2025T20:44:32 - [TEST_STEP][PASSED] - setText(findTestObject("FIM/Username_txt"), FIMUsername): Text 'Chris.Sheldon+DES_QA@Thekag.com' is set on object 'Object Repository/FIM/Username_txt'

21-10-2025T20:44:32 - [MESSAGE][PASSED] - Text 'Chris.Sheldon+DES_QA@Thekag.com' is set on object 'Object Repository/FIM/Username_txt'

21-10-2025T20:44:32 - [TEST_STEP][PASSED] - delay(1): Delayed 1 second(s)

21-10-2025T20:44:33 - [MESSAGE][PASSED] - Delayed 1 second(s)

21-10-2025T20:44:33 - [TEST_STEP][PASSED] - setText(findTestObject("FIM/Password_txt"), FIMPassword): Text 'QATest!2' is set on object 'Object Repository/FIM/Password_txt'

21-10-2025T20:44:33 - [MESSAGE][PASSED] - Text 'QATest!2' is set on object 'Object Repository/FIM/Password_txt'

21-10-2025T20:44:33 - [TEST_STEP][PASSED] - delay(1): Delayed 1 second(s)

21-10-2025T20:44:34 - [MESSAGE][PASSED] - Delayed 1 second(s)

21-10-2025T20:44:34 - [TEST_STEP][PASSED] - click(findTestObject("FIM/Login_btn")): Object: 'Object Repository/FIM/Login_btn' is clicked on

21-10-2025T20:44:35 - [MESSAGE][PASSED] - Object: 'Object Repository/FIM/Login_btn' is clicked on

21-10-2025T20:44:35 - [MESSAGE][PASSED] - Call Test Case 'Test Cases/Utility Scripts/FIM KGL Admin Login' successfully

21-10-2025T20:44:35 - [TEST_STEP][PASSED] - if (verifyElementVisible(findTestObject("FIM/Server_Notification_Close_btn"), OPTIONAL) == true): Web element with id: 'Object Repository/FIM/Server_Notification_Close_btn' located by '/html/body/div/div[1]/button' not found (Root cause: com.kms.katalon.core.exception.StepFailedException: Web element with id: 'Object Repository/FIM/Server_Notification_Close_btn' located by '/html/body/div/div[1]/button' not found
	at com.kms.katalon.core.webui.keyword.internal.WebUIKeywordMain.stepFailed(WebUIKeywordMain.groovy:117)
	at com.kms.katalon.core.webui.keyword.builtin.VerifyElementVisibleKeyword$_verifyElementVisible_closure1.doCall(VerifyElementVisibleKeyword.groovy:89)
	at com.kms.katalon.core.webui.keyword.builtin.VerifyElementVisibleKeyword$_verifyElementVisible_closure1.call(VerifyElementVisibleKeyword.groovy)
	at com.kms.katalon.core.webui.keyword.internal.WebUIKeywordMain.runKeyword(WebUIKeywordMain.groovy:35)
	at com.kms.katalon.core.webui.keyword.builtin.VerifyElementVisibleKeyword.verifyElementVisible(VerifyElementVisibleKeyword.groovy:97)
	at com.kms.katalon.core.webui.keyword.builtin.VerifyElementVisibleKeyword.execute(VerifyElementVisibleKeyword.groovy:67)
	at com.kms.katalon.core.keyword.internal.KeywordExecutor.executeKeywordForPlatform(KeywordExecutor.groovy:74)
	at com.kms.katalon.core.webui.keyword.WebUiBuiltInKeywords.verifyElementVisible(WebUiBuiltInKeywords.groovy:401)
	at com.kms.katalon.core.webui.keyword.WebUiBuiltInKeywords$verifyElementVisible$5.call(Unknown Source)
	at Update Order.run(Update Order:22)
	at com.kms.katalon.core.main.ScriptEngine.run(ScriptEngine.java:194)
	at com.kms.katalon.core.main.ScriptEngine.runScriptAsRawText(ScriptEngine.java:119)
	at com.kms.katalon.core.main.TestCaseExecutor.runScript(TestCaseExecutor.java:448)
	at com.kms.katalon.core.main.TestCaseExecutor.doExecute(TestCaseExecutor.java:439)
	at com.kms.katalon.core.main.TestCaseExecutor.processExecutionPhase(TestCaseExecutor.java:418)
	at com.kms.katalon.core.main.TestCaseExecutor.accessMainPhase(TestCaseExecutor.java:410)
	at com.kms.katalon.core.main.TestCaseExecutor.execute(TestCaseExecutor.java:285)
	at com.kms.katalon.core.common.CommonExecutor.accessTestCaseMainPhase(CommonExecutor.java:65)
	at com.kms.katalon.core.main.TestSuiteExecutor.accessTestSuiteMainPhase(TestSuiteExecutor.java:150)
	at com.kms.katalon.core.main.TestSuiteExecutor.execute(TestSuiteExecutor.java:106)
	at com.kms.katalon.core.main.TestCaseMain.startTestSuite(TestCaseMain.java:180)
	at com.kms.katalon.core.main.TestCaseMain$startTestSuite$0.call(Unknown Source)
	at TempTestSuite1761090769781.run(TempTestSuite1761090769781.groovy:35)
	at java.base/jdk.internal.reflect.NativeMethodAccessorImpl.invoke0(Native Method)
	at java.base/jdk.internal.reflect.NativeMethodAccessorImpl.invoke(NativeMethodAccessorImpl.java:77)
	at java.base/jdk.internal.reflect.DelegatingMethodAccessorImpl.invoke(DelegatingMethodAccessorImpl.java:43)
)

21-10-2025T20:44:51 - [MESSAGE][INFO] - Unable to find the element located by 'By.xpath: /html/body/div/div[1]/button'. Please recheck the objects properties to make sure the desired element is located. 

21-10-2025T20:44:51 - [MESSAGE][WARNING] - [SELF-HEALING] Failed to find element with id 'Object Repository/FIM/Server_Notification_Close_btn'. Try using Self-healing.

21-10-2025T20:44:52 - [MESSAGE][INFO] - [SELF-HEALING] No working XPath is found.

21-10-2025T20:44:54 - [MESSAGE][INFO] - Unable to find the element located by 'By.xpath: '. Please recheck the objects properties to make sure the desired element is located. 

21-10-2025T20:44:54 - [MESSAGE][WARNING] - [SELF-HEALING] Cannot find elements when the selector is null

21-10-2025T20:44:54 - [MESSAGE][WARNING] - Web element with id: 'Object Repository/FIM/Server_Notification_Close_btn' located by '/html/body/div/div[1]/button' not found (Root cause: com.kms.katalon.core.exception.StepFailedException: Web element with id: 'Object Repository/FIM/Server_Notification_Close_btn' located by '/html/body/div/div[1]/button' not found
	at com.kms.katalon.core.webui.keyword.internal.WebUIKeywordMain.stepFailed(WebUIKeywordMain.groovy:117)
	at com.kms.katalon.core.webui.keyword.builtin.VerifyElementVisibleKeyword$_verifyElementVisible_closure1.doCall(VerifyElementVisibleKeyword.groovy:89)
	at com.kms.katalon.core.webui.keyword.builtin.VerifyElementVisibleKeyword$_verifyElementVisible_closure1.call(VerifyElementVisibleKeyword.groovy)
	at com.kms.katalon.core.webui.keyword.internal.WebUIKeywordMain.runKeyword(WebUIKeywordMain.groovy:35)
	at com.kms.katalon.core.webui.keyword.builtin.VerifyElementVisibleKeyword.verifyElementVisible(VerifyElementVisibleKeyword.groovy:97)
	at com.kms.katalon.core.webui.keyword.builtin.VerifyElementVisibleKeyword.execute(VerifyElementVisibleKeyword.groovy:67)
	at com.kms.katalon.core.keyword.internal.KeywordExecutor.executeKeywordForPlatform(KeywordExecutor.groovy:74)
	at com.kms.katalon.core.webui.keyword.WebUiBuiltInKeywords.verifyElementVisible(WebUiBuiltInKeywords.groovy:401)
	at com.kms.katalon.core.webui.keyword.WebUiBuiltInKeywords$verifyElementVisible$5.call(Unknown Source)
	at Update Order.run(Update Order:22)
	at com.kms.katalon.core.main.ScriptEngine.run(ScriptEngine.java:194)
	at com.kms.katalon.core.main.ScriptEngine.runScriptAsRawText(ScriptEngine.java:119)
	at com.kms.katalon.core.main.TestCaseExecutor.runScript(TestCaseExecutor.java:448)
	at com.kms.katalon.core.main.TestCaseExecutor.doExecute(TestCaseExecutor.java:439)
	at com.kms.katalon.core.main.TestCaseExecutor.processExecutionPhase(TestCaseExecutor.java:418)
	at com.kms.katalon.core.main.TestCaseExecutor.accessMainPhase(TestCaseExecutor.java:410)
	at com.kms.katalon.core.main.TestCaseExecutor.execute(TestCaseExecutor.java:285)
	at com.kms.katalon.core.common.CommonExecutor.accessTestCaseMainPhase(CommonExecutor.java:65)
	at com.kms.katalon.core.main.TestSuiteExecutor.accessTestSuiteMainPhase(TestSuiteExecutor.java:150)
	at com.kms.katalon.core.main.TestSuiteExecutor.execute(TestSuiteExecutor.java:106)
	at com.kms.katalon.core.main.TestCaseMain.startTestSuite(TestCaseMain.java:180)
	at com.kms.katalon.core.main.TestCaseMain$startTestSuite$0.call(Unknown Source)
	at TempTestSuite1761090769781.run(TempTestSuite1761090769781.groovy:35)
	at java.base/jdk.internal.reflect.NativeMethodAccessorImpl.invoke0(Native Method)
	at java.base/jdk.internal.reflect.NativeMethodAccessorImpl.invoke(NativeMethodAccessorImpl.java:77)
	at java.base/jdk.internal.reflect.DelegatingMethodAccessorImpl.invoke(DelegatingMethodAccessorImpl.java:43)
)

21-10-2025T20:44:54 - [TEST_STEP][PASSED] - delay(1): Delayed 1 second(s)

21-10-2025T20:44:55 - [MESSAGE][PASSED] - Delayed 1 second(s)

21-10-2025T20:44:55 - [TEST_STEP][PASSED] - click(findTestObject("FIM/Hamburger Menu List/Hamburger_menu")): Object: 'Object Repository/FIM/Hamburger Menu List/Hamburger_menu' is clicked on

21-10-2025T20:44:55 - [MESSAGE][PASSED] - Object: 'Object Repository/FIM/Hamburger Menu List/Hamburger_menu' is clicked on

21-10-2025T20:44:55 - [TEST_STEP][PASSED] - verifyElementPresent(findTestObject("FIM/Hamburger Menu List/KGL_Sites_option"), 10): Object 'Object Repository/FIM/Hamburger Menu List/KGL_Sites_option' is present

21-10-2025T20:44:55 - [MESSAGE][PASSED] - Object 'Object Repository/FIM/Hamburger Menu List/KGL_Sites_option' is present

21-10-2025T20:44:55 - [TEST_STEP][PASSED] - delay(1): Delayed 1 second(s)

21-10-2025T20:44:56 - [MESSAGE][PASSED] - Delayed 1 second(s)

21-10-2025T20:44:56 - [TEST_STEP][PASSED] - click(findTestObject("FIM/Hamburger Menu List/KGL_Sites_option")): Object: 'Object Repository/FIM/Hamburger Menu List/KGL_Sites_option' is clicked on

21-10-2025T20:44:56 - [MESSAGE][PASSED] - Object: 'Object Repository/FIM/Hamburger Menu List/KGL_Sites_option' is clicked on

21-10-2025T20:44:56 - [TEST_STEP][PASSED] - waitForElementPresent(findTestObject("FIM/Sites Page/Calculator/Calculator Tab"), 10): Object 'Object Repository/FIM/Sites Page/Calculator/Calculator Tab' is present

21-10-2025T20:44:57 - [MESSAGE][PASSED] - Object 'Object Repository/FIM/Sites Page/Calculator/Calculator Tab' is present

21-10-2025T20:44:57 - [TEST_STEP][PASSED] - waitForElementClickable(findTestObject("FIM/Sites Page/Orders/Review New Orders/Review New Orders_btn"), 15): Object 'Object Repository/FIM/Sites Page/Orders/Review New Orders/Review New Orders_btn' is clickable

21-10-2025T20:44:57 - [MESSAGE][PASSED] - Object 'Object Repository/FIM/Sites Page/Orders/Review New Orders/Review New Orders_btn' is clickable

21-10-2025T20:44:57 - [TEST_STEP][PASSED] - delay(3): Delayed 3 second(s)

21-10-2025T20:45:00 - [MESSAGE][PASSED] - Delayed 3 second(s)

21-10-2025T20:45:00 - [TEST_STEP][PASSED] - click(findTestObject("FIM/Sites Page/Orders/Review New Orders/Review New Orders_btn")): Object: 'Object Repository/FIM/Sites Page/Orders/Review New Orders/Review New Orders_btn' is clicked on

21-10-2025T20:45:00 - [MESSAGE][PASSED] - Object: 'Object Repository/FIM/Sites Page/Orders/Review New Orders/Review New Orders_btn' is clicked on

21-10-2025T20:45:00 - [TEST_STEP][PASSED] - delay(3): Delayed 3 second(s)

21-10-2025T20:45:03 - [MESSAGE][PASSED] - Delayed 3 second(s)

21-10-2025T20:45:03 - [TEST_STEP][PASSED] - click(findTestObject("FIM/Sites Page/Orders/Review New Orders/Edit Order/1st Edit New Orders_btn")): Object: 'Object Repository/FIM/Sites Page/Orders/Review New Orders/Edit Order/1st Edit New Orders_btn' is clicked on

21-10-2025T20:45:03 - [MESSAGE][PASSED] - Object: 'Object Repository/FIM/Sites Page/Orders/Review New Orders/Edit Order/1st Edit New Orders_btn' is clicked on

21-10-2025T20:45:03 - [TEST_STEP][FAILED] - setText(findTestObject("FIM/Sites Page/Orders/Review New Orders/Edit Order/10UNL_txt"), "5100"): Unable to set text '5100' of object 'Object Repository/FIM/Sites Page/Orders/Review New Orders/Edit Order/10UNL_txt' (Root cause: com.kms.katalon.core.exception.StepFailedException: Unable to set text '5100' of object 'Object Repository/FIM/Sites Page/Orders/Review New Orders/Edit Order/10UNL_txt'
	at com.kms.katalon.core.webui.keyword.internal.WebUIKeywordMain.stepFailed(WebUIKeywordMain.groovy:117)
	at com.kms.katalon.core.webui.keyword.internal.WebUIKeywordMain.runKeyword(WebUIKeywordMain.groovy:43)
	at com.kms.katalon.core.webui.keyword.builtin.SetTextKeyword.setText(SetTextKeyword.groovy:85)
	at com.kms.katalon.core.webui.keyword.builtin.SetTextKeyword.execute(SetTextKeyword.groovy:39)
	at com.kms.katalon.core.keyword.internal.KeywordExecutor.executeKeywordForPlatform(KeywordExecutor.groovy:74)
	at com.kms.katalon.core.webui.keyword.WebUiBuiltInKeywords.setText(WebUiBuiltInKeywords.groovy:1019)
	at com.kms.katalon.core.webui.keyword.WebUiBuiltInKeywords$setText$3.call(Unknown Source)
	at Update Order.run(Update Order:49)
	at com.kms.katalon.core.main.ScriptEngine.run(ScriptEngine.java:194)
	at com.kms.katalon.core.main.ScriptEngine.runScriptAsRawText(ScriptEngine.java:119)
	at com.kms.katalon.core.main.TestCaseExecutor.runScript(TestCaseExecutor.java:448)
	at com.kms.katalon.core.main.TestCaseExecutor.doExecute(TestCaseExecutor.java:439)
	at com.kms.katalon.core.main.TestCaseExecutor.processExecutionPhase(TestCaseExecutor.java:418)
	at com.kms.katalon.core.main.TestCaseExecutor.accessMainPhase(TestCaseExecutor.java:410)
	at com.kms.katalon.core.main.TestCaseExecutor.execute(TestCaseExecutor.java:285)
	at com.kms.katalon.core.common.CommonExecutor.accessTestCaseMainPhase(CommonExecutor.java:65)
	at com.kms.katalon.core.main.TestSuiteExecutor.accessTestSuiteMainPhase(TestSuiteExecutor.java:150)
	at com.kms.katalon.core.main.TestSuiteExecutor.execute(TestSuiteExecutor.java:106)
	at com.kms.katalon.core.main.TestCaseMain.startTestSuite(TestCaseMain.java:180)
	at com.kms.katalon.core.main.TestCaseMain$startTestSuite$0.call(Unknown Source)
	at TempTestSuite1761090769781.run(TempTestSuite1761090769781.groovy:35)
	at java.base/jdk.internal.reflect.NativeMethodAccessorImpl.invoke0(Native Method)
	at java.base/jdk.internal.reflect.NativeMethodAccessorImpl.invoke(NativeMethodAccessorImpl.java:77)
	at java.base/jdk.internal.reflect.DelegatingMethodAccessorImpl.invoke(DelegatingMethodAccessorImpl.java:43)
Caused by: com.kms.katalon.core.webui.exception.WebElementNotFoundException: Web element with id: 'Object Repository/FIM/Sites Page/Orders/Review New Orders/Edit Order/10UNL_txt' located by '//*[@id="order-10UNL"]' not found
	at com.kms.katalon.core.webui.common.WebUiCommonHelper.findWebElement(WebUiCommonHelper.java:1423)
	at com.kms.katalon.core.webui.keyword.internal.WebUIAbstractKeyword.findWebElement(WebUIAbstractKeyword.groovy:27)
	at com.kms.katalon.core.webui.keyword.internal.WebUIAbstractKeyword.findWebElement(WebUIAbstractKeyword.groovy:26)
	at com.kms.katalon.core.webui.keyword.builtin.SetTextKeyword$_setText_closure1.doCall(SetTextKeyword.groovy:53)
	at com.kms.katalon.core.webui.keyword.builtin.SetTextKeyword$_setText_closure1.call(SetTextKeyword.groovy)
	at com.kms.katalon.core.webui.keyword.internal.WebUIKeywordMain.runKeyword(WebUIKeywordMain.groovy:35)
	at com.kms.katalon.core.webui.keyword.builtin.SetTextKeyword.setText(SetTextKeyword.groovy:85)
	at com.kms.katalon.core.webui.keyword.builtin.SetTextKeyword.execute(SetTextKeyword.groovy:39)
	at com.kms.katalon.core.keyword.internal.KeywordExecutor.executeKeywordForPlatform(KeywordExecutor.groovy:74)
	at com.kms.katalon.core.webui.keyword.WebUiBuiltInKeywords.setText(WebUiBuiltInKeywords.groovy:1019)
	at com.kms.katalon.core.webui.keyword.WebUiBuiltInKeywords$setText$3.call(Unknown Source)
	at Script1661187503337.run(Script1661187503337.groovy:49)
	... 16 more
)

21-10-2025T20:45:19 - [MESSAGE][INFO] - Unable to find the element located by 'By.xpath: //*[@id="order-10UNL"]'. Please recheck the objects properties to make sure the desired element is located. 

21-10-2025T20:45:19 - [MESSAGE][WARNING] - [SELF-HEALING] Failed to find element with id 'Object Repository/FIM/Sites Page/Orders/Review New Orders/Edit Order/10UNL_txt'. Try using Self-healing.

21-10-2025T20:45:20 - [MESSAGE][INFO] - [SELF-HEALING] No working XPath is found.

21-10-2025T20:45:22 - [MESSAGE][INFO] - Unable to find the element located by 'By.xpath: '. Please recheck the objects properties to make sure the desired element is located. 

21-10-2025T20:45:22 - [MESSAGE][WARNING] - [SELF-HEALING] Cannot find elements when the selector is null

21-10-2025T20:45:22 - [MESSAGE][FAILED] - Unable to set text '5100' of object 'Object Repository/FIM/Sites Page/Orders/Review New Orders/Edit Order/10UNL_txt' (Root cause: com.kms.katalon.core.exception.StepFailedException: Unable to set text '5100' of object 'Object Repository/FIM/Sites Page/Orders/Review New Orders/Edit Order/10UNL_txt'
	at com.kms.katalon.core.webui.keyword.internal.WebUIKeywordMain.stepFailed(WebUIKeywordMain.groovy:117)
	at com.kms.katalon.core.webui.keyword.internal.WebUIKeywordMain.runKeyword(WebUIKeywordMain.groovy:43)
	at com.kms.katalon.core.webui.keyword.builtin.SetTextKeyword.setText(SetTextKeyword.groovy:85)
	at com.kms.katalon.core.webui.keyword.builtin.SetTextKeyword.execute(SetTextKeyword.groovy:39)
	at com.kms.katalon.core.keyword.internal.KeywordExecutor.executeKeywordForPlatform(KeywordExecutor.groovy:74)
	at com.kms.katalon.core.webui.keyword.WebUiBuiltInKeywords.setText(WebUiBuiltInKeywords.groovy:1019)
	at com.kms.katalon.core.webui.keyword.WebUiBuiltInKeywords$setText$3.call(Unknown Source)
	at Update Order.run(Update Order:49)
	at com.kms.katalon.core.main.ScriptEngine.run(ScriptEngine.java:194)
	at com.kms.katalon.core.main.ScriptEngine.runScriptAsRawText(ScriptEngine.java:119)
	at com.kms.katalon.core.main.TestCaseExecutor.runScript(TestCaseExecutor.java:448)
	at com.kms.katalon.core.main.TestCaseExecutor.doExecute(TestCaseExecutor.java:439)
	at com.kms.katalon.core.main.TestCaseExecutor.processExecutionPhase(TestCaseExecutor.java:418)
	at com.kms.katalon.core.main.TestCaseExecutor.accessMainPhase(TestCaseExecutor.java:410)
	at com.kms.katalon.core.main.TestCaseExecutor.execute(TestCaseExecutor.java:285)
	at com.kms.katalon.core.common.CommonExecutor.accessTestCaseMainPhase(CommonExecutor.java:65)
	at com.kms.katalon.core.main.TestSuiteExecutor.accessTestSuiteMainPhase(TestSuiteExecutor.java:150)
	at com.kms.katalon.core.main.TestSuiteExecutor.execute(TestSuiteExecutor.java:106)
	at com.kms.katalon.core.main.TestCaseMain.startTestSuite(TestCaseMain.java:180)
	at com.kms.katalon.core.main.TestCaseMain$startTestSuite$0.call(Unknown Source)
	at TempTestSuite1761090769781.run(TempTestSuite1761090769781.groovy:35)
	at java.base/jdk.internal.reflect.NativeMethodAccessorImpl.invoke0(Native Method)
	at java.base/jdk.internal.reflect.NativeMethodAccessorImpl.invoke(NativeMethodAccessorImpl.java:77)
	at java.base/jdk.internal.reflect.DelegatingMethodAccessorImpl.invoke(DelegatingMethodAccessorImpl.java:43)
Caused by: com.kms.katalon.core.webui.exception.WebElementNotFoundException: Web element with id: 'Object Repository/FIM/Sites Page/Orders/Review New Orders/Edit Order/10UNL_txt' located by '//*[@id="order-10UNL"]' not found
	at com.kms.katalon.core.webui.common.WebUiCommonHelper.findWebElement(WebUiCommonHelper.java:1423)
	at com.kms.katalon.core.webui.keyword.internal.WebUIAbstractKeyword.findWebElement(WebUIAbstractKeyword.groovy:27)
	at com.kms.katalon.core.webui.keyword.internal.WebUIAbstractKeyword.findWebElement(WebUIAbstractKeyword.groovy:26)
	at com.kms.katalon.core.webui.keyword.builtin.SetTextKeyword$_setText_closure1.doCall(SetTextKeyword.groovy:53)
	at com.kms.katalon.core.webui.keyword.builtin.SetTextKeyword$_setText_closure1.call(SetTextKeyword.groovy)
	at com.kms.katalon.core.webui.keyword.internal.WebUIKeywordMain.runKeyword(WebUIKeywordMain.groovy:35)
	at com.kms.katalon.core.webui.keyword.builtin.SetTextKeyword.setText(SetTextKeyword.groovy:85)
	at com.kms.katalon.core.webui.keyword.builtin.SetTextKeyword.execute(SetTextKeyword.groovy:39)
	at com.kms.katalon.core.keyword.internal.KeywordExecutor.executeKeywordForPlatform(KeywordExecutor.groovy:74)
	at com.kms.katalon.core.webui.keyword.WebUiBuiltInKeywords.setText(WebUiBuiltInKeywords.groovy:1019)
	at com.kms.katalon.core.webui.keyword.WebUiBuiltInKeywords$setText$3.call(Unknown Source)
	at Script1661187503337.run(Script1661187503337.groovy:49)
	... 16 more
)

21-10-2025T20:45:22 - [TEST_STEP][PASSED] - Start listener action : retryOnDisconnect: Current window's url is: 'https://kaglogistics-inventory-management-portal.qa.thekag.com/site/MM610'

21-10-2025T20:45:22 - [TEST_STEP][PASSED] - tcId = testCaseContext.getTestCaseId(): null

21-10-2025T20:45:22 - [TEST_STEP][PASSED] - currentRetry = retryCounts.getOrDefault(tcId, 0): null

21-10-2025T20:45:22 - [TEST_STEP][PASSED] - if (testCaseContext.getTestCaseStatus() == "FAILED" && currentRetry < MAX_RETRIES): Current window's url is: 'https://kaglogistics-inventory-management-portal.qa.thekag.com/site/MM610'

21-10-2025T20:45:22 - [TEST_STEP][PASSED] - try: Current window's url is: 'https://kaglogistics-inventory-management-portal.qa.thekag.com/site/MM610'

21-10-2025T20:45:22 - [TEST_STEP][PASSED] - comment(Checking for WebDriver disconnect for test case: $tcId): Checking for WebDriver disconnect for test case: Test Cases/FIM/UI/KGL/Admin/Sites Page/Orders/Update Order

21-10-2025T20:45:22 - [MESSAGE][INFO] - Checking for WebDriver disconnect for test case: Test Cases/FIM/UI/KGL/Admin/Sites Page/Orders/Update Order

21-10-2025T20:45:22 - [TEST_STEP][PASSED] - getUrl(): Current window's url is: 'https://kaglogistics-inventory-management-portal.qa.thekag.com/site/MM610'

21-10-2025T20:45:22 - [MESSAGE][PASSED] - Current window's url is: 'https://kaglogistics-inventory-management-portal.qa.thekag.com/site/MM610']]></system-out>
         <system-err><![CDATA[21-10-2025T20:44:19 - [TEST_CASE][FAILED] - Test Cases/FIM/UI/KGL/Admin/Sites Page/Orders/Update Order: Test Cases/FIM/UI/KGL/Admin/Sites Page/Orders/Update Order FAILED.
Reason:
com.kms.katalon.core.exception.StepFailedException: Unable to set text '5100' of object 'Object Repository/FIM/Sites Page/Orders/Review New Orders/Edit Order/10UNL_txt'
	at com.kms.katalon.core.webui.keyword.internal.WebUIKeywordMain.stepFailed(WebUIKeywordMain.groovy:117)
	at com.kms.katalon.core.webui.keyword.internal.WebUIKeywordMain.runKeyword(WebUIKeywordMain.groovy:43)
	at com.kms.katalon.core.webui.keyword.builtin.SetTextKeyword.setText(SetTextKeyword.groovy:85)
	at com.kms.katalon.core.webui.keyword.builtin.SetTextKeyword.execute(SetTextKeyword.groovy:39)
	at com.kms.katalon.core.keyword.internal.KeywordExecutor.executeKeywordForPlatform(KeywordExecutor.groovy:74)
	at com.kms.katalon.core.webui.keyword.WebUiBuiltInKeywords.setText(WebUiBuiltInKeywords.groovy:1019)
	at com.kms.katalon.core.webui.keyword.WebUiBuiltInKeywords$setText$3.call(Unknown Source)
	at Update Order.run(Update Order:49)
	at com.kms.katalon.core.main.ScriptEngine.run(ScriptEngine.java:194)
	at com.kms.katalon.core.main.ScriptEngine.runScriptAsRawText(ScriptEngine.java:119)
	at com.kms.katalon.core.main.TestCaseExecutor.runScript(TestCaseExecutor.java:448)
	at com.kms.katalon.core.main.TestCaseExecutor.doExecute(TestCaseExecutor.java:439)
	at com.kms.katalon.core.main.TestCaseExecutor.processExecutionPhase(TestCaseExecutor.java:418)
	at com.kms.katalon.core.main.TestCaseExecutor.accessMainPhase(TestCaseExecutor.java:410)
	at com.kms.katalon.core.main.TestCaseExecutor.execute(TestCaseExecutor.java:285)
	at com.kms.katalon.core.common.CommonExecutor.accessTestCaseMainPhase(CommonExecutor.java:65)
	at com.kms.katalon.core.main.TestSuiteExecutor.accessTestSuiteMainPhase(TestSuiteExecutor.java:150)
	at com.kms.katalon.core.main.TestSuiteExecutor.execute(TestSuiteExecutor.java:106)
	at com.kms.katalon.core.main.TestCaseMain.startTestSuite(TestCaseMain.java:180)
	at com.kms.katalon.core.main.TestCaseMain$startTestSuite$0.call(Unknown Source)
	at TempTestSuite1761090769781.run(TempTestSuite1761090769781.groovy:35)
	at java.base/jdk.internal.reflect.NativeMethodAccessorImpl.invoke0(Native Method)
	at java.base/jdk.internal.reflect.NativeMethodAccessorImpl.invoke(NativeMethodAccessorImpl.java:77)
	at java.base/jdk.internal.reflect.DelegatingMethodAccessorImpl.invoke(DelegatingMethodAccessorImpl.java:43)
Caused by: com.kms.katalon.core.webui.exception.WebElementNotFoundException: Web element with id: 'Object Repository/FIM/Sites Page/Orders/Review New Orders/Edit Order/10UNL_txt' located by '//*[@id="order-10UNL"]' not found
	at com.kms.katalon.core.webui.common.WebUiCommonHelper.findWebElement(WebUiCommonHelper.java:1423)
	at com.kms.katalon.core.webui.keyword.internal.WebUIAbstractKeyword.findWebElement(WebUIAbstractKeyword.groovy:27)
	at com.kms.katalon.core.webui.keyword.internal.WebUIAbstractKeyword.findWebElement(WebUIAbstractKeyword.groovy:26)
	at com.kms.katalon.core.webui.keyword.builtin.SetTextKeyword$_setText_closure1.doCall(SetTextKeyword.groovy:53)
	at com.kms.katalon.core.webui.keyword.builtin.SetTextKeyword$_setText_closure1.call(SetTextKeyword.groovy)
	at com.kms.katalon.core.webui.keyword.internal.WebUIKeywordMain.runKeyword(WebUIKeywordMain.groovy:35)
	... 22 more]]></system-err>
      </testcase>
      <testcase name="Test Cases/FIM/UI/KGL/Admin/Sites Page/Orders/Delete Order" time="43.477" classname="Test Cases/FIM/UI/KGL/Admin/Sites Page/Orders/Delete Order" status="PASSED">
         <system-out><![CDATA[21-10-2025T20:45:22 - [TEST_CASE][PASSED] - Test Cases/FIM/UI/KGL/Admin/Sites Page/Orders/Delete Order: Test Cases/FIM/UI/KGL/Admin/Sites Page/Orders/Delete Order

21-10-2025T20:45:22 - [TEST_STEP][PASSED] - Start listener action : beforeTestCase: null

21-10-2025T20:45:22 - [TEST_STEP][PASSED] - addDefaultPackages(): null

21-10-2025T20:45:22 - [TEST_STEP][PASSED] - callTestCase(findTestCase("Utility Scripts/FIM KGL Admin Login"), [:], STOP_ON_FAILURE): Call Test Case 'Test Cases/Utility Scripts/FIM KGL Admin Login' successfully

21-10-2025T20:45:22 - [TEST_CASE][PASSED] - Test Cases/Utility Scripts/FIM KGL Admin Login: Test Cases/Utility Scripts/FIM KGL Admin Login

21-10-2025T20:45:22 - [TEST_STEP][PASSED] - openBrowser(""): Browser is opened with url: ''

21-10-2025T20:45:22 - [MESSAGE][WARNING] - A browser is already opened. Closing browser and opening a new one

21-10-2025T20:45:22 - [MESSAGE][INFO] - Starting 'Chrome' driver

21-10-2025T20:45:22 - [MESSAGE][INFO] - User set preference: ['args', '[--no-sandbox, --disable-gpu, --disable-dev-shm-usage]']

21-10-2025T20:45:22 - [MESSAGE][INFO] - Action delay is set to 0 milliseconds

21-10-2025T20:45:23 - [MESSAGE][PASSED] - Browser is opened with url: ''

21-10-2025T20:45:23 - [TEST_STEP][PASSED] - delay(1): Delayed 1 second(s)

21-10-2025T20:45:24 - [MESSAGE][PASSED] - Delayed 1 second(s)

21-10-2025T20:45:24 - [TEST_STEP][PASSED] - navigateToUrl(KGLCustomGroupUrl): Navigate to 'https://kaglogistics-inventory-management-portal.qa.thekag.com/custom-group/' successfully

21-10-2025T20:45:24 - [MESSAGE][PASSED] - Navigate to 'https://kaglogistics-inventory-management-portal.qa.thekag.com/custom-group/' successfully

21-10-2025T20:45:24 - [TEST_STEP][PASSED] - delay(10): Delayed 10 second(s)

21-10-2025T20:45:34 - [MESSAGE][PASSED] - Delayed 10 second(s)

21-10-2025T20:45:34 - [TEST_STEP][PASSED] - if (maximizeWindow == true): Delayed 1 second(s)

21-10-2025T20:45:34 - [TEST_STEP][PASSED] - maximizeWindow(STOP_ON_FAILURE): Current window maximized

21-10-2025T20:45:34 - [MESSAGE][PASSED] - Current window maximized

21-10-2025T20:45:34 - [TEST_STEP][PASSED] - delay(1): Delayed 1 second(s)

21-10-2025T20:45:35 - [MESSAGE][PASSED] - Delayed 1 second(s)

21-10-2025T20:45:35 - [TEST_STEP][PASSED] - waitForElementPresent(findTestObject("FIM/Username_txt"), 10): Object 'Object Repository/FIM/Username_txt' is present

21-10-2025T20:45:35 - [MESSAGE][PASSED] - Object 'Object Repository/FIM/Username_txt' is present

21-10-2025T20:45:35 - [TEST_STEP][PASSED] - setText(findTestObject("FIM/Username_txt"), FIMUsername): Text 'Chris.Sheldon+DES_QA@Thekag.com' is set on object 'Object Repository/FIM/Username_txt'

21-10-2025T20:45:35 - [MESSAGE][PASSED] - Text 'Chris.Sheldon+DES_QA@Thekag.com' is set on object 'Object Repository/FIM/Username_txt'

21-10-2025T20:45:35 - [TEST_STEP][PASSED] - delay(1): Delayed 1 second(s)

21-10-2025T20:45:37 - [MESSAGE][PASSED] - Delayed 1 second(s)

21-10-2025T20:45:37 - [TEST_STEP][PASSED] - setText(findTestObject("FIM/Password_txt"), FIMPassword): Text 'QATest!2' is set on object 'Object Repository/FIM/Password_txt'

21-10-2025T20:45:37 - [MESSAGE][PASSED] - Text 'QATest!2' is set on object 'Object Repository/FIM/Password_txt'

21-10-2025T20:45:37 - [TEST_STEP][PASSED] - delay(1): Delayed 1 second(s)

21-10-2025T20:45:38 - [MESSAGE][PASSED] - Delayed 1 second(s)

21-10-2025T20:45:38 - [TEST_STEP][PASSED] - click(findTestObject("FIM/Login_btn")): Object: 'Object Repository/FIM/Login_btn' is clicked on

21-10-2025T20:45:38 - [MESSAGE][PASSED] - Object: 'Object Repository/FIM/Login_btn' is clicked on

21-10-2025T20:45:38 - [MESSAGE][PASSED] - Call Test Case 'Test Cases/Utility Scripts/FIM KGL Admin Login' successfully

21-10-2025T20:45:38 - [TEST_STEP][PASSED] - if (verifyElementVisible(findTestObject("FIM/Server_Notification_Close_btn"), OPTIONAL) == true): Web element with id: 'Object Repository/FIM/Server_Notification_Close_btn' located by '/html/body/div/div[1]/button' not found (Root cause: com.kms.katalon.core.exception.StepFailedException: Web element with id: 'Object Repository/FIM/Server_Notification_Close_btn' located by '/html/body/div/div[1]/button' not found
	at com.kms.katalon.core.webui.keyword.internal.WebUIKeywordMain.stepFailed(WebUIKeywordMain.groovy:117)
	at com.kms.katalon.core.webui.keyword.builtin.VerifyElementVisibleKeyword$_verifyElementVisible_closure1.doCall(VerifyElementVisibleKeyword.groovy:89)
	at com.kms.katalon.core.webui.keyword.builtin.VerifyElementVisibleKeyword$_verifyElementVisible_closure1.call(VerifyElementVisibleKeyword.groovy)
	at com.kms.katalon.core.webui.keyword.internal.WebUIKeywordMain.runKeyword(WebUIKeywordMain.groovy:35)
	at com.kms.katalon.core.webui.keyword.builtin.VerifyElementVisibleKeyword.verifyElementVisible(VerifyElementVisibleKeyword.groovy:97)
	at com.kms.katalon.core.webui.keyword.builtin.VerifyElementVisibleKeyword.execute(VerifyElementVisibleKeyword.groovy:67)
	at com.kms.katalon.core.keyword.internal.KeywordExecutor.executeKeywordForPlatform(KeywordExecutor.groovy:74)
	at com.kms.katalon.core.webui.keyword.WebUiBuiltInKeywords.verifyElementVisible(WebUiBuiltInKeywords.groovy:401)
	at com.kms.katalon.core.webui.keyword.WebUiBuiltInKeywords$verifyElementVisible$5.call(Unknown Source)
	at Delete Order.run(Delete Order:22)
	at com.kms.katalon.core.main.ScriptEngine.run(ScriptEngine.java:194)
	at com.kms.katalon.core.main.ScriptEngine.runScriptAsRawText(ScriptEngine.java:119)
	at com.kms.katalon.core.main.TestCaseExecutor.runScript(TestCaseExecutor.java:448)
	at com.kms.katalon.core.main.TestCaseExecutor.doExecute(TestCaseExecutor.java:439)
	at com.kms.katalon.core.main.TestCaseExecutor.processExecutionPhase(TestCaseExecutor.java:418)
	at com.kms.katalon.core.main.TestCaseExecutor.accessMainPhase(TestCaseExecutor.java:410)
	at com.kms.katalon.core.main.TestCaseExecutor.execute(TestCaseExecutor.java:285)
	at com.kms.katalon.core.common.CommonExecutor.accessTestCaseMainPhase(CommonExecutor.java:65)
	at com.kms.katalon.core.main.TestSuiteExecutor.accessTestSuiteMainPhase(TestSuiteExecutor.java:150)
	at com.kms.katalon.core.main.TestSuiteExecutor.execute(TestSuiteExecutor.java:106)
	at com.kms.katalon.core.main.TestCaseMain.startTestSuite(TestCaseMain.java:180)
	at com.kms.katalon.core.main.TestCaseMain$startTestSuite$0.call(Unknown Source)
	at TempTestSuite1761090769781.run(TempTestSuite1761090769781.groovy:35)
	at java.base/jdk.internal.reflect.NativeMethodAccessorImpl.invoke0(Native Method)
	at java.base/jdk.internal.reflect.NativeMethodAccessorImpl.invoke(NativeMethodAccessorImpl.java:77)
	at java.base/jdk.internal.reflect.DelegatingMethodAccessorImpl.invoke(DelegatingMethodAccessorImpl.java:43)
)

21-10-2025T20:45:54 - [MESSAGE][INFO] - Unable to find the element located by 'By.xpath: /html/body/div/div[1]/button'. Please recheck the objects properties to make sure the desired element is located. 

21-10-2025T20:45:54 - [MESSAGE][WARNING] - [SELF-HEALING] Failed to find element with id 'Object Repository/FIM/Server_Notification_Close_btn'. Try using Self-healing.

21-10-2025T20:45:55 - [MESSAGE][INFO] - [SELF-HEALING] No working XPath is found.

21-10-2025T20:45:57 - [MESSAGE][INFO] - Unable to find the element located by 'By.xpath: '. Please recheck the objects properties to make sure the desired element is located. 

21-10-2025T20:45:57 - [MESSAGE][WARNING] - [SELF-HEALING] Cannot find elements when the selector is null

21-10-2025T20:45:57 - [MESSAGE][WARNING] - Web element with id: 'Object Repository/FIM/Server_Notification_Close_btn' located by '/html/body/div/div[1]/button' not found (Root cause: com.kms.katalon.core.exception.StepFailedException: Web element with id: 'Object Repository/FIM/Server_Notification_Close_btn' located by '/html/body/div/div[1]/button' not found
	at com.kms.katalon.core.webui.keyword.internal.WebUIKeywordMain.stepFailed(WebUIKeywordMain.groovy:117)
	at com.kms.katalon.core.webui.keyword.builtin.VerifyElementVisibleKeyword$_verifyElementVisible_closure1.doCall(VerifyElementVisibleKeyword.groovy:89)
	at com.kms.katalon.core.webui.keyword.builtin.VerifyElementVisibleKeyword$_verifyElementVisible_closure1.call(VerifyElementVisibleKeyword.groovy)
	at com.kms.katalon.core.webui.keyword.internal.WebUIKeywordMain.runKeyword(WebUIKeywordMain.groovy:35)
	at com.kms.katalon.core.webui.keyword.builtin.VerifyElementVisibleKeyword.verifyElementVisible(VerifyElementVisibleKeyword.groovy:97)
	at com.kms.katalon.core.webui.keyword.builtin.VerifyElementVisibleKeyword.execute(VerifyElementVisibleKeyword.groovy:67)
	at com.kms.katalon.core.keyword.internal.KeywordExecutor.executeKeywordForPlatform(KeywordExecutor.groovy:74)
	at com.kms.katalon.core.webui.keyword.WebUiBuiltInKeywords.verifyElementVisible(WebUiBuiltInKeywords.groovy:401)
	at com.kms.katalon.core.webui.keyword.WebUiBuiltInKeywords$verifyElementVisible$5.call(Unknown Source)
	at Delete Order.run(Delete Order:22)
	at com.kms.katalon.core.main.ScriptEngine.run(ScriptEngine.java:194)
	at com.kms.katalon.core.main.ScriptEngine.runScriptAsRawText(ScriptEngine.java:119)
	at com.kms.katalon.core.main.TestCaseExecutor.runScript(TestCaseExecutor.java:448)
	at com.kms.katalon.core.main.TestCaseExecutor.doExecute(TestCaseExecutor.java:439)
	at com.kms.katalon.core.main.TestCaseExecutor.processExecutionPhase(TestCaseExecutor.java:418)
	at com.kms.katalon.core.main.TestCaseExecutor.accessMainPhase(TestCaseExecutor.java:410)
	at com.kms.katalon.core.main.TestCaseExecutor.execute(TestCaseExecutor.java:285)
	at com.kms.katalon.core.common.CommonExecutor.accessTestCaseMainPhase(CommonExecutor.java:65)
	at com.kms.katalon.core.main.TestSuiteExecutor.accessTestSuiteMainPhase(TestSuiteExecutor.java:150)
	at com.kms.katalon.core.main.TestSuiteExecutor.execute(TestSuiteExecutor.java:106)
	at com.kms.katalon.core.main.TestCaseMain.startTestSuite(TestCaseMain.java:180)
	at com.kms.katalon.core.main.TestCaseMain$startTestSuite$0.call(Unknown Source)
	at TempTestSuite1761090769781.run(TempTestSuite1761090769781.groovy:35)
	at java.base/jdk.internal.reflect.NativeMethodAccessorImpl.invoke0(Native Method)
	at java.base/jdk.internal.reflect.NativeMethodAccessorImpl.invoke(NativeMethodAccessorImpl.java:77)
	at java.base/jdk.internal.reflect.DelegatingMethodAccessorImpl.invoke(DelegatingMethodAccessorImpl.java:43)
)

21-10-2025T20:45:57 - [TEST_STEP][PASSED] - delay(1): Delayed 1 second(s)

21-10-2025T20:45:58 - [MESSAGE][PASSED] - Delayed 1 second(s)

21-10-2025T20:45:58 - [TEST_STEP][PASSED] - click(findTestObject("FIM/Hamburger Menu List/Hamburger_menu")): Object: 'Object Repository/FIM/Hamburger Menu List/Hamburger_menu' is clicked on

21-10-2025T20:45:58 - [MESSAGE][PASSED] - Object: 'Object Repository/FIM/Hamburger Menu List/Hamburger_menu' is clicked on

21-10-2025T20:45:58 - [TEST_STEP][PASSED] - verifyElementPresent(findTestObject("FIM/Hamburger Menu List/Sites_list (1)"), 10): Object 'Object Repository/FIM/Hamburger Menu List/Sites_list (1)' is present

21-10-2025T20:45:58 - [MESSAGE][PASSED] - Object 'Object Repository/FIM/Hamburger Menu List/Sites_list (1)' is present

21-10-2025T20:45:58 - [TEST_STEP][PASSED] - delay(1): Delayed 1 second(s)

21-10-2025T20:45:59 - [MESSAGE][PASSED] - Delayed 1 second(s)

21-10-2025T20:45:59 - [TEST_STEP][PASSED] - click(findTestObject("FIM/Hamburger Menu List/Sites_list (1)")): Object: 'Object Repository/FIM/Hamburger Menu List/Sites_list (1)' is clicked on

21-10-2025T20:45:59 - [MESSAGE][PASSED] - Object: 'Object Repository/FIM/Hamburger Menu List/Sites_list (1)' is clicked on

21-10-2025T20:45:59 - [TEST_STEP][PASSED] - waitForElementPresent(findTestObject("FIM/Sites Page/Calculator/Calculator Tab"), 10): Object 'Object Repository/FIM/Sites Page/Calculator/Calculator Tab' is present

21-10-2025T20:46:00 - [MESSAGE][PASSED] - Object 'Object Repository/FIM/Sites Page/Calculator/Calculator Tab' is present

21-10-2025T20:46:00 - [TEST_STEP][PASSED] - waitForElementClickable(findTestObject("FIM/Sites Page/Orders/Review New Orders/Review New Orders_btn"), 300): Object 'Object Repository/FIM/Sites Page/Orders/Review New Orders/Review New Orders_btn' is clickable

21-10-2025T20:46:00 - [MESSAGE][PASSED] - Object 'Object Repository/FIM/Sites Page/Orders/Review New Orders/Review New Orders_btn' is clickable

21-10-2025T20:46:00 - [TEST_STEP][PASSED] - click(findTestObject("FIM/Sites Page/Orders/Review New Orders/Review New Orders_btn")): Object: 'Object Repository/FIM/Sites Page/Orders/Review New Orders/Review New Orders_btn' is clicked on

21-10-2025T20:46:00 - [MESSAGE][PASSED] - Object: 'Object Repository/FIM/Sites Page/Orders/Review New Orders/Review New Orders_btn' is clicked on

21-10-2025T20:46:00 - [TEST_STEP][PASSED] - delay(2): Delayed 2 second(s)

21-10-2025T20:46:02 - [MESSAGE][PASSED] - Delayed 2 second(s)

21-10-2025T20:46:02 - [TEST_STEP][PASSED] - click(findTestObject("FIM/Sites Page/Orders/Review New Orders/Delete New Order/1st Delete New Orders_btn")): Object: 'Object Repository/FIM/Sites Page/Orders/Review New Orders/Delete New Order/1st Delete New Orders_btn' is clicked on

21-10-2025T20:46:02 - [MESSAGE][PASSED] - Object: 'Object Repository/FIM/Sites Page/Orders/Review New Orders/Delete New Order/1st Delete New Orders_btn' is clicked on

21-10-2025T20:46:02 - [TEST_STEP][PASSED] - delay(2): Delayed 2 second(s)

21-10-2025T20:46:04 - [MESSAGE][PASSED] - Delayed 2 second(s)

21-10-2025T20:46:04 - [TEST_STEP][PASSED] - click(findTestObject("FIM/Sites Page/Orders/Review New Orders/Delete New Order/Delete New Order Delete_btn")): Object: 'Object Repository/FIM/Sites Page/Orders/Review New Orders/Delete New Order/Delete New Order Delete_btn' is clicked on

21-10-2025T20:46:04 - [MESSAGE][PASSED] - Object: 'Object Repository/FIM/Sites Page/Orders/Review New Orders/Delete New Order/Delete New Order Delete_btn' is clicked on

21-10-2025T20:46:04 - [TEST_STEP][PASSED] - delay(1): Delayed 1 second(s)

21-10-2025T20:46:05 - [MESSAGE][PASSED] - Delayed 1 second(s)

21-10-2025T20:46:05 - [TEST_STEP][PASSED] - verifyElementVisible(findTestObject("FIM/Sites Page/Orders/Create Order/Order Creation Message"), STOP_ON_FAILURE): Object 'Object Repository/FIM/Sites Page/Orders/Create Order/Order Creation Message' is visible

21-10-2025T20:46:05 - [MESSAGE][PASSED] - Object 'Object Repository/FIM/Sites Page/Orders/Create Order/Order Creation Message' is visible

21-10-2025T20:46:05 - [TEST_STEP][PASSED] - verifyElementText(findTestObject("FIM/Sites Page/Orders/Create Order/Order Creation Message"), "Order has been deleted"): Actual text and expected text of test object 'Object Repository/FIM/Sites Page/Orders/Create Order/Order Creation Message' are matched.

21-10-2025T20:46:05 - [MESSAGE][PASSED] - Actual text and expected text of test object 'Object Repository/FIM/Sites Page/Orders/Create Order/Order Creation Message' are matched.

21-10-2025T20:46:05 - [TEST_STEP][PASSED] - closeBrowser(): Browser is closed

21-10-2025T20:46:05 - [MESSAGE][PASSED] - Browser is closed

21-10-2025T20:46:05 - [TEST_STEP][PASSED] - Start listener action : retryOnDisconnect: null

21-10-2025T20:46:05 - [TEST_STEP][PASSED] - tcId = testCaseContext.getTestCaseId(): null

21-10-2025T20:46:05 - [TEST_STEP][PASSED] - currentRetry = retryCounts.getOrDefault(tcId, 0): null

21-10-2025T20:46:05 - [TEST_STEP][PASSED] - if (testCaseContext.getTestCaseStatus() == "FAILED" && currentRetry < MAX_RETRIES): null]]></system-out>
         <system-err><![CDATA[]]></system-err>
      </testcase>
      <testcase name="Test Cases/FIM/UI/KGL/Admin/Sites Page/Orders/Can Not Add More Than Three Sites to a Split Order" time="70.58" classname="Test Cases/FIM/UI/KGL/Admin/Sites Page/Orders/Can Not Add More Than Three Sites to a Split Order" status="PASSED">
         <system-out><![CDATA[21-10-2025T20:46:05 - [TEST_CASE][PASSED] - Test Cases/FIM/UI/KGL/Admin/Sites Page/Orders/Can Not Add More Than Three Sites to a Split Order: Test Cases/FIM/UI/KGL/Admin/Sites Page/Orders/Can Not Add More Than Three Sites to a Split Order

21-10-2025T20:46:05 - [TEST_STEP][PASSED] - Start listener action : beforeTestCase: null

21-10-2025T20:46:05 - [TEST_STEP][PASSED] - addDefaultPackages(): null

21-10-2025T20:46:06 - [TEST_STEP][PASSED] - i = 0: null

21-10-2025T20:46:06 - [TEST_STEP][PASSED] - callTestCase(findTestCase("Utility Scripts/FIM KGL Admin Login"), [:], STOP_ON_FAILURE): Call Test Case 'Test Cases/Utility Scripts/FIM KGL Admin Login' successfully

21-10-2025T20:46:06 - [TEST_CASE][PASSED] - Test Cases/Utility Scripts/FIM KGL Admin Login: Test Cases/Utility Scripts/FIM KGL Admin Login

21-10-2025T20:46:06 - [TEST_STEP][PASSED] - openBrowser(""): Browser is opened with url: ''

21-10-2025T20:46:06 - [MESSAGE][INFO] - Starting 'Chrome' driver

21-10-2025T20:46:06 - [MESSAGE][INFO] - User set preference: ['args', '[--no-sandbox, --disable-gpu, --disable-dev-shm-usage]']

21-10-2025T20:46:06 - [MESSAGE][INFO] - Action delay is set to 0 milliseconds

21-10-2025T20:46:06 - [MESSAGE][PASSED] - Browser is opened with url: ''

21-10-2025T20:46:06 - [TEST_STEP][PASSED] - delay(1): Delayed 1 second(s)

21-10-2025T20:46:07 - [MESSAGE][PASSED] - Delayed 1 second(s)

21-10-2025T20:46:07 - [TEST_STEP][PASSED] - navigateToUrl(KGLCustomGroupUrl): Navigate to 'https://kaglogistics-inventory-management-portal.qa.thekag.com/custom-group/' successfully

21-10-2025T20:46:08 - [MESSAGE][PASSED] - Navigate to 'https://kaglogistics-inventory-management-portal.qa.thekag.com/custom-group/' successfully

21-10-2025T20:46:08 - [TEST_STEP][PASSED] - delay(10): Delayed 10 second(s)

21-10-2025T20:46:18 - [MESSAGE][PASSED] - Delayed 10 second(s)

21-10-2025T20:46:18 - [TEST_STEP][PASSED] - if (maximizeWindow == true): Delayed 1 second(s)

21-10-2025T20:46:18 - [TEST_STEP][PASSED] - maximizeWindow(STOP_ON_FAILURE): Current window maximized

21-10-2025T20:46:18 - [MESSAGE][PASSED] - Current window maximized

21-10-2025T20:46:18 - [TEST_STEP][PASSED] - delay(1): Delayed 1 second(s)

21-10-2025T20:46:19 - [MESSAGE][PASSED] - Delayed 1 second(s)

21-10-2025T20:46:19 - [TEST_STEP][PASSED] - waitForElementPresent(findTestObject("FIM/Username_txt"), 10): Object 'Object Repository/FIM/Username_txt' is present

21-10-2025T20:46:19 - [MESSAGE][PASSED] - Object 'Object Repository/FIM/Username_txt' is present

21-10-2025T20:46:19 - [TEST_STEP][PASSED] - setText(findTestObject("FIM/Username_txt"), FIMUsername): Text 'Chris.Sheldon+DES_QA@Thekag.com' is set on object 'Object Repository/FIM/Username_txt'

21-10-2025T20:46:19 - [MESSAGE][PASSED] - Text 'Chris.Sheldon+DES_QA@Thekag.com' is set on object 'Object Repository/FIM/Username_txt'

21-10-2025T20:46:19 - [TEST_STEP][PASSED] - delay(1): Delayed 1 second(s)

21-10-2025T20:46:20 - [MESSAGE][PASSED] - Delayed 1 second(s)

21-10-2025T20:46:20 - [TEST_STEP][PASSED] - setText(findTestObject("FIM/Password_txt"), FIMPassword): Text 'QATest!2' is set on object 'Object Repository/FIM/Password_txt'

21-10-2025T20:46:20 - [MESSAGE][PASSED] - Text 'QATest!2' is set on object 'Object Repository/FIM/Password_txt'

21-10-2025T20:46:20 - [TEST_STEP][PASSED] - delay(1): Delayed 1 second(s)

21-10-2025T20:46:21 - [MESSAGE][PASSED] - Delayed 1 second(s)

21-10-2025T20:46:21 - [TEST_STEP][PASSED] - click(findTestObject("FIM/Login_btn")): Object: 'Object Repository/FIM/Login_btn' is clicked on

21-10-2025T20:46:21 - [MESSAGE][PASSED] - Object: 'Object Repository/FIM/Login_btn' is clicked on

21-10-2025T20:46:21 - [MESSAGE][PASSED] - Call Test Case 'Test Cases/Utility Scripts/FIM KGL Admin Login' successfully

21-10-2025T20:46:21 - [TEST_STEP][PASSED] - if (verifyElementVisible(findTestObject("FIM/Server_Notification_Close_btn"), OPTIONAL) == true): Web element with id: 'Object Repository/FIM/Server_Notification_Close_btn' located by '/html/body/div/div[1]/button' not found (Root cause: com.kms.katalon.core.exception.StepFailedException: Web element with id: 'Object Repository/FIM/Server_Notification_Close_btn' located by '/html/body/div/div[1]/button' not found
	at com.kms.katalon.core.webui.keyword.internal.WebUIKeywordMain.stepFailed(WebUIKeywordMain.groovy:117)
	at com.kms.katalon.core.webui.keyword.builtin.VerifyElementVisibleKeyword$_verifyElementVisible_closure1.doCall(VerifyElementVisibleKeyword.groovy:89)
	at com.kms.katalon.core.webui.keyword.builtin.VerifyElementVisibleKeyword$_verifyElementVisible_closure1.call(VerifyElementVisibleKeyword.groovy)
	at com.kms.katalon.core.webui.keyword.internal.WebUIKeywordMain.runKeyword(WebUIKeywordMain.groovy:35)
	at com.kms.katalon.core.webui.keyword.builtin.VerifyElementVisibleKeyword.verifyElementVisible(VerifyElementVisibleKeyword.groovy:97)
	at com.kms.katalon.core.webui.keyword.builtin.VerifyElementVisibleKeyword.execute(VerifyElementVisibleKeyword.groovy:67)
	at com.kms.katalon.core.keyword.internal.KeywordExecutor.executeKeywordForPlatform(KeywordExecutor.groovy:74)
	at com.kms.katalon.core.webui.keyword.WebUiBuiltInKeywords.verifyElementVisible(WebUiBuiltInKeywords.groovy:401)
	at com.kms.katalon.core.webui.keyword.WebUiBuiltInKeywords$verifyElementVisible$5.call(Unknown Source)
	at Can Not Add More Than Three Sites to a Split Order.run(Can Not Add More Than Three Sites to a Split Order:24)
	at com.kms.katalon.core.main.ScriptEngine.run(ScriptEngine.java:194)
	at com.kms.katalon.core.main.ScriptEngine.runScriptAsRawText(ScriptEngine.java:119)
	at com.kms.katalon.core.main.TestCaseExecutor.runScript(TestCaseExecutor.java:448)
	at com.kms.katalon.core.main.TestCaseExecutor.doExecute(TestCaseExecutor.java:439)
	at com.kms.katalon.core.main.TestCaseExecutor.processExecutionPhase(TestCaseExecutor.java:418)
	at com.kms.katalon.core.main.TestCaseExecutor.accessMainPhase(TestCaseExecutor.java:410)
	at com.kms.katalon.core.main.TestCaseExecutor.execute(TestCaseExecutor.java:285)
	at com.kms.katalon.core.common.CommonExecutor.accessTestCaseMainPhase(CommonExecutor.java:65)
	at com.kms.katalon.core.main.TestSuiteExecutor.accessTestSuiteMainPhase(TestSuiteExecutor.java:150)
	at com.kms.katalon.core.main.TestSuiteExecutor.execute(TestSuiteExecutor.java:106)
	at com.kms.katalon.core.main.TestCaseMain.startTestSuite(TestCaseMain.java:180)
	at com.kms.katalon.core.main.TestCaseMain$startTestSuite$0.call(Unknown Source)
	at TempTestSuite1761090769781.run(TempTestSuite1761090769781.groovy:35)
	at java.base/jdk.internal.reflect.NativeMethodAccessorImpl.invoke0(Native Method)
	at java.base/jdk.internal.reflect.NativeMethodAccessorImpl.invoke(NativeMethodAccessorImpl.java:77)
	at java.base/jdk.internal.reflect.DelegatingMethodAccessorImpl.invoke(DelegatingMethodAccessorImpl.java:43)
)

21-10-2025T20:46:37 - [MESSAGE][INFO] - Unable to find the element located by 'By.xpath: /html/body/div/div[1]/button'. Please recheck the objects properties to make sure the desired element is located. 

21-10-2025T20:46:37 - [MESSAGE][WARNING] - [SELF-HEALING] Failed to find element with id 'Object Repository/FIM/Server_Notification_Close_btn'. Try using Self-healing.

21-10-2025T20:46:38 - [MESSAGE][INFO] - [SELF-HEALING] No working XPath is found.

21-10-2025T20:46:40 - [MESSAGE][INFO] - Unable to find the element located by 'By.xpath: '. Please recheck the objects properties to make sure the desired element is located. 

21-10-2025T20:46:40 - [MESSAGE][WARNING] - [SELF-HEALING] Cannot find elements when the selector is null

21-10-2025T20:46:40 - [MESSAGE][WARNING] - Web element with id: 'Object Repository/FIM/Server_Notification_Close_btn' located by '/html/body/div/div[1]/button' not found (Root cause: com.kms.katalon.core.exception.StepFailedException: Web element with id: 'Object Repository/FIM/Server_Notification_Close_btn' located by '/html/body/div/div[1]/button' not found
	at com.kms.katalon.core.webui.keyword.internal.WebUIKeywordMain.stepFailed(WebUIKeywordMain.groovy:117)
	at com.kms.katalon.core.webui.keyword.builtin.VerifyElementVisibleKeyword$_verifyElementVisible_closure1.doCall(VerifyElementVisibleKeyword.groovy:89)
	at com.kms.katalon.core.webui.keyword.builtin.VerifyElementVisibleKeyword$_verifyElementVisible_closure1.call(VerifyElementVisibleKeyword.groovy)
	at com.kms.katalon.core.webui.keyword.internal.WebUIKeywordMain.runKeyword(WebUIKeywordMain.groovy:35)
	at com.kms.katalon.core.webui.keyword.builtin.VerifyElementVisibleKeyword.verifyElementVisible(VerifyElementVisibleKeyword.groovy:97)
	at com.kms.katalon.core.webui.keyword.builtin.VerifyElementVisibleKeyword.execute(VerifyElementVisibleKeyword.groovy:67)
	at com.kms.katalon.core.keyword.internal.KeywordExecutor.executeKeywordForPlatform(KeywordExecutor.groovy:74)
	at com.kms.katalon.core.webui.keyword.WebUiBuiltInKeywords.verifyElementVisible(WebUiBuiltInKeywords.groovy:401)
	at com.kms.katalon.core.webui.keyword.WebUiBuiltInKeywords$verifyElementVisible$5.call(Unknown Source)
	at Can Not Add More Than Three Sites to a Split Order.run(Can Not Add More Than Three Sites to a Split Order:24)
	at com.kms.katalon.core.main.ScriptEngine.run(ScriptEngine.java:194)
	at com.kms.katalon.core.main.ScriptEngine.runScriptAsRawText(ScriptEngine.java:119)
	at com.kms.katalon.core.main.TestCaseExecutor.runScript(TestCaseExecutor.java:448)
	at com.kms.katalon.core.main.TestCaseExecutor.doExecute(TestCaseExecutor.java:439)
	at com.kms.katalon.core.main.TestCaseExecutor.processExecutionPhase(TestCaseExecutor.java:418)
	at com.kms.katalon.core.main.TestCaseExecutor.accessMainPhase(TestCaseExecutor.java:410)
	at com.kms.katalon.core.main.TestCaseExecutor.execute(TestCaseExecutor.java:285)
	at com.kms.katalon.core.common.CommonExecutor.accessTestCaseMainPhase(CommonExecutor.java:65)
	at com.kms.katalon.core.main.TestSuiteExecutor.accessTestSuiteMainPhase(TestSuiteExecutor.java:150)
	at com.kms.katalon.core.main.TestSuiteExecutor.execute(TestSuiteExecutor.java:106)
	at com.kms.katalon.core.main.TestCaseMain.startTestSuite(TestCaseMain.java:180)
	at com.kms.katalon.core.main.TestCaseMain$startTestSuite$0.call(Unknown Source)
	at TempTestSuite1761090769781.run(TempTestSuite1761090769781.groovy:35)
	at java.base/jdk.internal.reflect.NativeMethodAccessorImpl.invoke0(Native Method)
	at java.base/jdk.internal.reflect.NativeMethodAccessorImpl.invoke(NativeMethodAccessorImpl.java:77)
	at java.base/jdk.internal.reflect.DelegatingMethodAccessorImpl.invoke(DelegatingMethodAccessorImpl.java:43)
)

21-10-2025T20:46:40 - [TEST_STEP][PASSED] - delay(1): Delayed 1 second(s)

21-10-2025T20:46:41 - [MESSAGE][PASSED] - Delayed 1 second(s)

21-10-2025T20:46:41 - [TEST_STEP][PASSED] - click(findTestObject("FIM/Hamburger Menu List/Hamburger_menu")): Object: 'Object Repository/FIM/Hamburger Menu List/Hamburger_menu' is clicked on

21-10-2025T20:46:41 - [MESSAGE][PASSED] - Object: 'Object Repository/FIM/Hamburger Menu List/Hamburger_menu' is clicked on

21-10-2025T20:46:41 - [TEST_STEP][PASSED] - verifyElementPresent(findTestObject("FIM/Hamburger Menu List/Sites_list (1)"), 10): Object 'Object Repository/FIM/Hamburger Menu List/Sites_list (1)' is present

21-10-2025T20:46:41 - [MESSAGE][PASSED] - Object 'Object Repository/FIM/Hamburger Menu List/Sites_list (1)' is present

21-10-2025T20:46:41 - [TEST_STEP][PASSED] - delay(1): Delayed 1 second(s)

21-10-2025T20:46:42 - [MESSAGE][PASSED] - Delayed 1 second(s)

21-10-2025T20:46:42 - [TEST_STEP][PASSED] - click(findTestObject("FIM/Hamburger Menu List/Sites_list (1)")): Object: 'Object Repository/FIM/Hamburger Menu List/Sites_list (1)' is clicked on

21-10-2025T20:46:42 - [MESSAGE][PASSED] - Object: 'Object Repository/FIM/Hamburger Menu List/Sites_list (1)' is clicked on

21-10-2025T20:46:42 - [TEST_STEP][PASSED] - waitForElementPresent(findTestObject("FIM/Sites Page/Calculator/Calculator Tab"), 10): Object 'Object Repository/FIM/Sites Page/Calculator/Calculator Tab' is present

21-10-2025T20:46:43 - [MESSAGE][PASSED] - Object 'Object Repository/FIM/Sites Page/Calculator/Calculator Tab' is present

21-10-2025T20:46:43 - [TEST_STEP][PASSED] - selectOptionByLabel(findTestObject("FIM/Sites Page/Site Filtering/Region Selection_dropdown"), "KAG LOGISTICS", false): All options with label 'KAG LOGISTICS' are selected in object 'Object Repository/FIM/Sites Page/Site Filtering/Region Selection_dropdown' 

21-10-2025T20:46:43 - [MESSAGE][PASSED] - All options with label 'KAG LOGISTICS' are selected in object 'Object Repository/FIM/Sites Page/Site Filtering/Region Selection_dropdown' 

21-10-2025T20:46:43 - [TEST_STEP][PASSED] - while (i < 60 == true): null

21-10-2025T20:46:43 - [TEST_STEP][PASSED] - sendKeys(findTestObject("FIM/Sites Page/Site Filtering/Site_txt"), Keys.chord(BACK_SPACE), STOP_ON_FAILURE): Keys 'BACK_SPACE + ' sent to object: 'Object Repository/FIM/Sites Page/Site Filtering/Site_txt'

21-10-2025T20:46:44 - [MESSAGE][PASSED] - Keys 'BACK_SPACE + ' sent to object: 'Object Repository/FIM/Sites Page/Site Filtering/Site_txt'

21-10-2025T20:46:44 - [TEST_STEP][PASSED] - (i++): null

21-10-2025T20:46:44 - [TEST_STEP][PASSED] - sendKeys(findTestObject("FIM/Sites Page/Site Filtering/Site_txt"), Keys.chord(BACK_SPACE), STOP_ON_FAILURE): Keys 'BACK_SPACE + ' sent to object: 'Object Repository/FIM/Sites Page/Site Filtering/Site_txt'

21-10-2025T20:46:44 - [MESSAGE][PASSED] - Keys 'BACK_SPACE + ' sent to object: 'Object Repository/FIM/Sites Page/Site Filtering/Site_txt'

21-10-2025T20:46:44 - [TEST_STEP][PASSED] - (i++): null

21-10-2025T20:46:44 - [TEST_STEP][PASSED] - sendKeys(findTestObject("FIM/Sites Page/Site Filtering/Site_txt"), Keys.chord(BACK_SPACE), STOP_ON_FAILURE): Keys 'BACK_SPACE + ' sent to object: 'Object Repository/FIM/Sites Page/Site Filtering/Site_txt'

21-10-2025T20:46:44 - [MESSAGE][PASSED] - Keys 'BACK_SPACE + ' sent to object: 'Object Repository/FIM/Sites Page/Site Filtering/Site_txt'

21-10-2025T20:46:44 - [TEST_STEP][PASSED] - (i++): null

21-10-2025T20:46:44 - [TEST_STEP][PASSED] - sendKeys(findTestObject("FIM/Sites Page/Site Filtering/Site_txt"), Keys.chord(BACK_SPACE), STOP_ON_FAILURE): Keys 'BACK_SPACE + ' sent to object: 'Object Repository/FIM/Sites Page/Site Filtering/Site_txt'

21-10-2025T20:46:44 - [MESSAGE][PASSED] - Keys 'BACK_SPACE + ' sent to object: 'Object Repository/FIM/Sites Page/Site Filtering/Site_txt'

21-10-2025T20:46:44 - [TEST_STEP][PASSED] - (i++): null

21-10-2025T20:46:44 - [TEST_STEP][PASSED] - sendKeys(findTestObject("FIM/Sites Page/Site Filtering/Site_txt"), Keys.chord(BACK_SPACE), STOP_ON_FAILURE): Keys 'BACK_SPACE + ' sent to object: 'Object Repository/FIM/Sites Page/Site Filtering/Site_txt'

21-10-2025T20:46:45 - [MESSAGE][PASSED] - Keys 'BACK_SPACE + ' sent to object: 'Object Repository/FIM/Sites Page/Site Filtering/Site_txt'

21-10-2025T20:46:45 - [TEST_STEP][PASSED] - (i++): null

21-10-2025T20:46:45 - [TEST_STEP][PASSED] - sendKeys(findTestObject("FIM/Sites Page/Site Filtering/Site_txt"), Keys.chord(BACK_SPACE), STOP_ON_FAILURE): Keys 'BACK_SPACE + ' sent to object: 'Object Repository/FIM/Sites Page/Site Filtering/Site_txt'

21-10-2025T20:46:45 - [MESSAGE][PASSED] - Keys 'BACK_SPACE + ' sent to object: 'Object Repository/FIM/Sites Page/Site Filtering/Site_txt'

21-10-2025T20:46:45 - [TEST_STEP][PASSED] - (i++): null

21-10-2025T20:46:45 - [TEST_STEP][PASSED] - sendKeys(findTestObject("FIM/Sites Page/Site Filtering/Site_txt"), Keys.chord(BACK_SPACE), STOP_ON_FAILURE): Keys 'BACK_SPACE + ' sent to object: 'Object Repository/FIM/Sites Page/Site Filtering/Site_txt'

21-10-2025T20:46:45 - [MESSAGE][PASSED] - Keys 'BACK_SPACE + ' sent to object: 'Object Repository/FIM/Sites Page/Site Filtering/Site_txt'

21-10-2025T20:46:45 - [TEST_STEP][PASSED] - (i++): null

21-10-2025T20:46:45 - [TEST_STEP][PASSED] - sendKeys(findTestObject("FIM/Sites Page/Site Filtering/Site_txt"), Keys.chord(BACK_SPACE), STOP_ON_FAILURE): Keys 'BACK_SPACE + ' sent to object: 'Object Repository/FIM/Sites Page/Site Filtering/Site_txt'

21-10-2025T20:46:45 - [MESSAGE][PASSED] - Keys 'BACK_SPACE + ' sent to object: 'Object Repository/FIM/Sites Page/Site Filtering/Site_txt'

21-10-2025T20:46:45 - [TEST_STEP][PASSED] - (i++): null

21-10-2025T20:46:45 - [TEST_STEP][PASSED] - sendKeys(findTestObject("FIM/Sites Page/Site Filtering/Site_txt"), Keys.chord(BACK_SPACE), STOP_ON_FAILURE): Keys 'BACK_SPACE + ' sent to object: 'Object Repository/FIM/Sites Page/Site Filtering/Site_txt'

21-10-2025T20:46:45 - [MESSAGE][PASSED] - Keys 'BACK_SPACE + ' sent to object: 'Object Repository/FIM/Sites Page/Site Filtering/Site_txt'

21-10-2025T20:46:45 - [TEST_STEP][PASSED] - (i++): null

21-10-2025T20:46:45 - [TEST_STEP][PASSED] - sendKeys(findTestObject("FIM/Sites Page/Site Filtering/Site_txt"), Keys.chord(BACK_SPACE), STOP_ON_FAILURE): Keys 'BACK_SPACE + ' sent to object: 'Object Repository/FIM/Sites Page/Site Filtering/Site_txt'

21-10-2025T20:46:45 - [MESSAGE][PASSED] - Keys 'BACK_SPACE + ' sent to object: 'Object Repository/FIM/Sites Page/Site Filtering/Site_txt'

21-10-2025T20:46:45 - [TEST_STEP][PASSED] - (i++): null

21-10-2025T20:46:45 - [TEST_STEP][PASSED] - sendKeys(findTestObject("FIM/Sites Page/Site Filtering/Site_txt"), Keys.chord(BACK_SPACE), STOP_ON_FAILURE): Keys 'BACK_SPACE + ' sent to object: 'Object Repository/FIM/Sites Page/Site Filtering/Site_txt'

21-10-2025T20:46:45 - [MESSAGE][PASSED] - Keys 'BACK_SPACE + ' sent to object: 'Object Repository/FIM/Sites Page/Site Filtering/Site_txt'

21-10-2025T20:46:45 - [TEST_STEP][PASSED] - (i++): null

21-10-2025T20:46:45 - [TEST_STEP][PASSED] - sendKeys(findTestObject("FIM/Sites Page/Site Filtering/Site_txt"), Keys.chord(BACK_SPACE), STOP_ON_FAILURE): Keys 'BACK_SPACE + ' sent to object: 'Object Repository/FIM/Sites Page/Site Filtering/Site_txt'

21-10-2025T20:46:45 - [MESSAGE][PASSED] - Keys 'BACK_SPACE + ' sent to object: 'Object Repository/FIM/Sites Page/Site Filtering/Site_txt'

21-10-2025T20:46:45 - [TEST_STEP][PASSED] - (i++): null

21-10-2025T20:46:45 - [TEST_STEP][PASSED] - sendKeys(findTestObject("FIM/Sites Page/Site Filtering/Site_txt"), Keys.chord(BACK_SPACE), STOP_ON_FAILURE): Keys 'BACK_SPACE + ' sent to object: 'Object Repository/FIM/Sites Page/Site Filtering/Site_txt'

21-10-2025T20:46:45 - [MESSAGE][PASSED] - Keys 'BACK_SPACE + ' sent to object: 'Object Repository/FIM/Sites Page/Site Filtering/Site_txt'

21-10-2025T20:46:45 - [TEST_STEP][PASSED] - (i++): null

21-10-2025T20:46:45 - [TEST_STEP][PASSED] - sendKeys(findTestObject("FIM/Sites Page/Site Filtering/Site_txt"), Keys.chord(BACK_SPACE), STOP_ON_FAILURE): Keys 'BACK_SPACE + ' sent to object: 'Object Repository/FIM/Sites Page/Site Filtering/Site_txt'

21-10-2025T20:46:45 - [MESSAGE][PASSED] - Keys 'BACK_SPACE + ' sent to object: 'Object Repository/FIM/Sites Page/Site Filtering/Site_txt'

21-10-2025T20:46:45 - [TEST_STEP][PASSED] - (i++): null

21-10-2025T20:46:45 - [TEST_STEP][PASSED] - sendKeys(findTestObject("FIM/Sites Page/Site Filtering/Site_txt"), Keys.chord(BACK_SPACE), STOP_ON_FAILURE): Keys 'BACK_SPACE + ' sent to object: 'Object Repository/FIM/Sites Page/Site Filtering/Site_txt'

21-10-2025T20:46:45 - [MESSAGE][PASSED] - Keys 'BACK_SPACE + ' sent to object: 'Object Repository/FIM/Sites Page/Site Filtering/Site_txt'

21-10-2025T20:46:45 - [TEST_STEP][PASSED] - (i++): null

21-10-2025T20:46:45 - [TEST_STEP][PASSED] - sendKeys(findTestObject("FIM/Sites Page/Site Filtering/Site_txt"), Keys.chord(BACK_SPACE), STOP_ON_FAILURE): Keys 'BACK_SPACE + ' sent to object: 'Object Repository/FIM/Sites Page/Site Filtering/Site_txt'

21-10-2025T20:46:45 - [MESSAGE][PASSED] - Keys 'BACK_SPACE + ' sent to object: 'Object Repository/FIM/Sites Page/Site Filtering/Site_txt'

21-10-2025T20:46:45 - [TEST_STEP][PASSED] - (i++): null

21-10-2025T20:46:45 - [TEST_STEP][PASSED] - sendKeys(findTestObject("FIM/Sites Page/Site Filtering/Site_txt"), Keys.chord(BACK_SPACE), STOP_ON_FAILURE): Keys 'BACK_SPACE + ' sent to object: 'Object Repository/FIM/Sites Page/Site Filtering/Site_txt'

21-10-2025T20:46:45 - [MESSAGE][PASSED] - Keys 'BACK_SPACE + ' sent to object: 'Object Repository/FIM/Sites Page/Site Filtering/Site_txt'

21-10-2025T20:46:45 - [TEST_STEP][PASSED] - (i++): null

21-10-2025T20:46:45 - [TEST_STEP][PASSED] - sendKeys(findTestObject("FIM/Sites Page/Site Filtering/Site_txt"), Keys.chord(BACK_SPACE), STOP_ON_FAILURE): Keys 'BACK_SPACE + ' sent to object: 'Object Repository/FIM/Sites Page/Site Filtering/Site_txt'

21-10-2025T20:46:45 - [MESSAGE][PASSED] - Keys 'BACK_SPACE + ' sent to object: 'Object Repository/FIM/Sites Page/Site Filtering/Site_txt'

21-10-2025T20:46:45 - [TEST_STEP][PASSED] - (i++): null

21-10-2025T20:46:45 - [TEST_STEP][PASSED] - sendKeys(findTestObject("FIM/Sites Page/Site Filtering/Site_txt"), Keys.chord(BACK_SPACE), STOP_ON_FAILURE): Keys 'BACK_SPACE + ' sent to object: 'Object Repository/FIM/Sites Page/Site Filtering/Site_txt'

21-10-2025T20:46:45 - [MESSAGE][PASSED] - Keys 'BACK_SPACE + ' sent to object: 'Object Repository/FIM/Sites Page/Site Filtering/Site_txt'

21-10-2025T20:46:45 - [TEST_STEP][PASSED] - (i++): null

21-10-2025T20:46:45 - [TEST_STEP][PASSED] - sendKeys(findTestObject("FIM/Sites Page/Site Filtering/Site_txt"), Keys.chord(BACK_SPACE), STOP_ON_FAILURE): Keys 'BACK_SPACE + ' sent to object: 'Object Repository/FIM/Sites Page/Site Filtering/Site_txt'

21-10-2025T20:46:45 - [MESSAGE][PASSED] - Keys 'BACK_SPACE + ' sent to object: 'Object Repository/FIM/Sites Page/Site Filtering/Site_txt'

21-10-2025T20:46:45 - [TEST_STEP][PASSED] - (i++): null

21-10-2025T20:46:45 - [TEST_STEP][PASSED] - sendKeys(findTestObject("FIM/Sites Page/Site Filtering/Site_txt"), Keys.chord(BACK_SPACE), STOP_ON_FAILURE): Keys 'BACK_SPACE + ' sent to object: 'Object Repository/FIM/Sites Page/Site Filtering/Site_txt'

21-10-2025T20:46:45 - [MESSAGE][PASSED] - Keys 'BACK_SPACE + ' sent to object: 'Object Repository/FIM/Sites Page/Site Filtering/Site_txt'

21-10-2025T20:46:45 - [TEST_STEP][PASSED] - (i++): null

21-10-2025T20:46:45 - [TEST_STEP][PASSED] - sendKeys(findTestObject("FIM/Sites Page/Site Filtering/Site_txt"), Keys.chord(BACK_SPACE), STOP_ON_FAILURE): Keys 'BACK_SPACE + ' sent to object: 'Object Repository/FIM/Sites Page/Site Filtering/Site_txt'

21-10-2025T20:46:45 - [MESSAGE][PASSED] - Keys 'BACK_SPACE + ' sent to object: 'Object Repository/FIM/Sites Page/Site Filtering/Site_txt'

21-10-2025T20:46:45 - [TEST_STEP][PASSED] - (i++): null

21-10-2025T20:46:45 - [TEST_STEP][PASSED] - sendKeys(findTestObject("FIM/Sites Page/Site Filtering/Site_txt"), Keys.chord(BACK_SPACE), STOP_ON_FAILURE): Keys 'BACK_SPACE + ' sent to object: 'Object Repository/FIM/Sites Page/Site Filtering/Site_txt'

21-10-2025T20:46:45 - [MESSAGE][PASSED] - Keys 'BACK_SPACE + ' sent to object: 'Object Repository/FIM/Sites Page/Site Filtering/Site_txt'

21-10-2025T20:46:45 - [TEST_STEP][PASSED] - (i++): null

21-10-2025T20:46:45 - [TEST_STEP][PASSED] - sendKeys(findTestObject("FIM/Sites Page/Site Filtering/Site_txt"), Keys.chord(BACK_SPACE), STOP_ON_FAILURE): Keys 'BACK_SPACE + ' sent to object: 'Object Repository/FIM/Sites Page/Site Filtering/Site_txt'

21-10-2025T20:46:46 - [MESSAGE][PASSED] - Keys 'BACK_SPACE + ' sent to object: 'Object Repository/FIM/Sites Page/Site Filtering/Site_txt'

21-10-2025T20:46:46 - [TEST_STEP][PASSED] - (i++): null

21-10-2025T20:46:46 - [TEST_STEP][PASSED] - sendKeys(findTestObject("FIM/Sites Page/Site Filtering/Site_txt"), Keys.chord(BACK_SPACE), STOP_ON_FAILURE): Keys 'BACK_SPACE + ' sent to object: 'Object Repository/FIM/Sites Page/Site Filtering/Site_txt'

21-10-2025T20:46:46 - [MESSAGE][PASSED] - Keys 'BACK_SPACE + ' sent to object: 'Object Repository/FIM/Sites Page/Site Filtering/Site_txt'

21-10-2025T20:46:46 - [TEST_STEP][PASSED] - (i++): null

21-10-2025T20:46:46 - [TEST_STEP][PASSED] - sendKeys(findTestObject("FIM/Sites Page/Site Filtering/Site_txt"), Keys.chord(BACK_SPACE), STOP_ON_FAILURE): Keys 'BACK_SPACE + ' sent to object: 'Object Repository/FIM/Sites Page/Site Filtering/Site_txt'

21-10-2025T20:46:46 - [MESSAGE][PASSED] - Keys 'BACK_SPACE + ' sent to object: 'Object Repository/FIM/Sites Page/Site Filtering/Site_txt'

21-10-2025T20:46:46 - [TEST_STEP][PASSED] - (i++): null

21-10-2025T20:46:46 - [TEST_STEP][PASSED] - sendKeys(findTestObject("FIM/Sites Page/Site Filtering/Site_txt"), Keys.chord(BACK_SPACE), STOP_ON_FAILURE): Keys 'BACK_SPACE + ' sent to object: 'Object Repository/FIM/Sites Page/Site Filtering/Site_txt'

21-10-2025T20:46:46 - [MESSAGE][PASSED] - Keys 'BACK_SPACE + ' sent to object: 'Object Repository/FIM/Sites Page/Site Filtering/Site_txt'

21-10-2025T20:46:46 - [TEST_STEP][PASSED] - (i++): null

21-10-2025T20:46:46 - [TEST_STEP][PASSED] - sendKeys(findTestObject("FIM/Sites Page/Site Filtering/Site_txt"), Keys.chord(BACK_SPACE), STOP_ON_FAILURE): Keys 'BACK_SPACE + ' sent to object: 'Object Repository/FIM/Sites Page/Site Filtering/Site_txt'

21-10-2025T20:46:46 - [MESSAGE][PASSED] - Keys 'BACK_SPACE + ' sent to object: 'Object Repository/FIM/Sites Page/Site Filtering/Site_txt'

21-10-2025T20:46:46 - [TEST_STEP][PASSED] - (i++): null

21-10-2025T20:46:46 - [TEST_STEP][PASSED] - sendKeys(findTestObject("FIM/Sites Page/Site Filtering/Site_txt"), Keys.chord(BACK_SPACE), STOP_ON_FAILURE): Keys 'BACK_SPACE + ' sent to object: 'Object Repository/FIM/Sites Page/Site Filtering/Site_txt'

21-10-2025T20:46:46 - [MESSAGE][PASSED] - Keys 'BACK_SPACE + ' sent to object: 'Object Repository/FIM/Sites Page/Site Filtering/Site_txt'

21-10-2025T20:46:46 - [TEST_STEP][PASSED] - (i++): null

21-10-2025T20:46:46 - [TEST_STEP][PASSED] - sendKeys(findTestObject("FIM/Sites Page/Site Filtering/Site_txt"), Keys.chord(BACK_SPACE), STOP_ON_FAILURE): Keys 'BACK_SPACE + ' sent to object: 'Object Repository/FIM/Sites Page/Site Filtering/Site_txt'

21-10-2025T20:46:46 - [MESSAGE][PASSED] - Keys 'BACK_SPACE + ' sent to object: 'Object Repository/FIM/Sites Page/Site Filtering/Site_txt'

21-10-2025T20:46:46 - [TEST_STEP][PASSED] - (i++): null

21-10-2025T20:46:46 - [TEST_STEP][PASSED] - sendKeys(findTestObject("FIM/Sites Page/Site Filtering/Site_txt"), Keys.chord(BACK_SPACE), STOP_ON_FAILURE): Keys 'BACK_SPACE + ' sent to object: 'Object Repository/FIM/Sites Page/Site Filtering/Site_txt'

21-10-2025T20:46:46 - [MESSAGE][PASSED] - Keys 'BACK_SPACE + ' sent to object: 'Object Repository/FIM/Sites Page/Site Filtering/Site_txt'

21-10-2025T20:46:46 - [TEST_STEP][PASSED] - (i++): null

21-10-2025T20:46:46 - [TEST_STEP][PASSED] - sendKeys(findTestObject("FIM/Sites Page/Site Filtering/Site_txt"), Keys.chord(BACK_SPACE), STOP_ON_FAILURE): Keys 'BACK_SPACE + ' sent to object: 'Object Repository/FIM/Sites Page/Site Filtering/Site_txt'

21-10-2025T20:46:46 - [MESSAGE][PASSED] - Keys 'BACK_SPACE + ' sent to object: 'Object Repository/FIM/Sites Page/Site Filtering/Site_txt'

21-10-2025T20:46:46 - [TEST_STEP][PASSED] - (i++): null

21-10-2025T20:46:46 - [TEST_STEP][PASSED] - sendKeys(findTestObject("FIM/Sites Page/Site Filtering/Site_txt"), Keys.chord(BACK_SPACE), STOP_ON_FAILURE): Keys 'BACK_SPACE + ' sent to object: 'Object Repository/FIM/Sites Page/Site Filtering/Site_txt'

21-10-2025T20:46:46 - [MESSAGE][PASSED] - Keys 'BACK_SPACE + ' sent to object: 'Object Repository/FIM/Sites Page/Site Filtering/Site_txt'

21-10-2025T20:46:46 - [TEST_STEP][PASSED] - (i++): null

21-10-2025T20:46:46 - [TEST_STEP][PASSED] - sendKeys(findTestObject("FIM/Sites Page/Site Filtering/Site_txt"), Keys.chord(BACK_SPACE), STOP_ON_FAILURE): Keys 'BACK_SPACE + ' sent to object: 'Object Repository/FIM/Sites Page/Site Filtering/Site_txt'

21-10-2025T20:46:46 - [MESSAGE][PASSED] - Keys 'BACK_SPACE + ' sent to object: 'Object Repository/FIM/Sites Page/Site Filtering/Site_txt'

21-10-2025T20:46:46 - [TEST_STEP][PASSED] - (i++): null

21-10-2025T20:46:46 - [TEST_STEP][PASSED] - sendKeys(findTestObject("FIM/Sites Page/Site Filtering/Site_txt"), Keys.chord(BACK_SPACE), STOP_ON_FAILURE): Keys 'BACK_SPACE + ' sent to object: 'Object Repository/FIM/Sites Page/Site Filtering/Site_txt'

21-10-2025T20:46:46 - [MESSAGE][PASSED] - Keys 'BACK_SPACE + ' sent to object: 'Object Repository/FIM/Sites Page/Site Filtering/Site_txt'

21-10-2025T20:46:46 - [TEST_STEP][PASSED] - (i++): null

21-10-2025T20:46:46 - [TEST_STEP][PASSED] - sendKeys(findTestObject("FIM/Sites Page/Site Filtering/Site_txt"), Keys.chord(BACK_SPACE), STOP_ON_FAILURE): Keys 'BACK_SPACE + ' sent to object: 'Object Repository/FIM/Sites Page/Site Filtering/Site_txt'

21-10-2025T20:46:46 - [MESSAGE][PASSED] - Keys 'BACK_SPACE + ' sent to object: 'Object Repository/FIM/Sites Page/Site Filtering/Site_txt'

21-10-2025T20:46:46 - [TEST_STEP][PASSED] - (i++): null

21-10-2025T20:46:46 - [TEST_STEP][PASSED] - sendKeys(findTestObject("FIM/Sites Page/Site Filtering/Site_txt"), Keys.chord(BACK_SPACE), STOP_ON_FAILURE): Keys 'BACK_SPACE + ' sent to object: 'Object Repository/FIM/Sites Page/Site Filtering/Site_txt'

21-10-2025T20:46:46 - [MESSAGE][PASSED] - Keys 'BACK_SPACE + ' sent to object: 'Object Repository/FIM/Sites Page/Site Filtering/Site_txt'

21-10-2025T20:46:46 - [TEST_STEP][PASSED] - (i++): null

21-10-2025T20:46:46 - [TEST_STEP][PASSED] - sendKeys(findTestObject("FIM/Sites Page/Site Filtering/Site_txt"), Keys.chord(BACK_SPACE), STOP_ON_FAILURE): Keys 'BACK_SPACE + ' sent to object: 'Object Repository/FIM/Sites Page/Site Filtering/Site_txt'

21-10-2025T20:46:46 - [MESSAGE][PASSED] - Keys 'BACK_SPACE + ' sent to object: 'Object Repository/FIM/Sites Page/Site Filtering/Site_txt'

21-10-2025T20:46:46 - [TEST_STEP][PASSED] - (i++): null

21-10-2025T20:46:46 - [TEST_STEP][PASSED] - sendKeys(findTestObject("FIM/Sites Page/Site Filtering/Site_txt"), Keys.chord(BACK_SPACE), STOP_ON_FAILURE): Keys 'BACK_SPACE + ' sent to object: 'Object Repository/FIM/Sites Page/Site Filtering/Site_txt'

21-10-2025T20:46:46 - [MESSAGE][PASSED] - Keys 'BACK_SPACE + ' sent to object: 'Object Repository/FIM/Sites Page/Site Filtering/Site_txt'

21-10-2025T20:46:46 - [TEST_STEP][PASSED] - (i++): null

21-10-2025T20:46:46 - [TEST_STEP][PASSED] - sendKeys(findTestObject("FIM/Sites Page/Site Filtering/Site_txt"), Keys.chord(BACK_SPACE), STOP_ON_FAILURE): Keys 'BACK_SPACE + ' sent to object: 'Object Repository/FIM/Sites Page/Site Filtering/Site_txt'

21-10-2025T20:46:46 - [MESSAGE][PASSED] - Keys 'BACK_SPACE + ' sent to object: 'Object Repository/FIM/Sites Page/Site Filtering/Site_txt'

21-10-2025T20:46:46 - [TEST_STEP][PASSED] - (i++): null

21-10-2025T20:46:46 - [TEST_STEP][PASSED] - sendKeys(findTestObject("FIM/Sites Page/Site Filtering/Site_txt"), Keys.chord(BACK_SPACE), STOP_ON_FAILURE): Keys 'BACK_SPACE + ' sent to object: 'Object Repository/FIM/Sites Page/Site Filtering/Site_txt'

21-10-2025T20:46:46 - [MESSAGE][PASSED] - Keys 'BACK_SPACE + ' sent to object: 'Object Repository/FIM/Sites Page/Site Filtering/Site_txt'

21-10-2025T20:46:46 - [TEST_STEP][PASSED] - (i++): null

21-10-2025T20:46:46 - [TEST_STEP][PASSED] - sendKeys(findTestObject("FIM/Sites Page/Site Filtering/Site_txt"), Keys.chord(BACK_SPACE), STOP_ON_FAILURE): Keys 'BACK_SPACE + ' sent to object: 'Object Repository/FIM/Sites Page/Site Filtering/Site_txt'

21-10-2025T20:46:46 - [MESSAGE][PASSED] - Keys 'BACK_SPACE + ' sent to object: 'Object Repository/FIM/Sites Page/Site Filtering/Site_txt'

21-10-2025T20:46:46 - [TEST_STEP][PASSED] - (i++): null

21-10-2025T20:46:46 - [TEST_STEP][PASSED] - sendKeys(findTestObject("FIM/Sites Page/Site Filtering/Site_txt"), Keys.chord(BACK_SPACE), STOP_ON_FAILURE): Keys 'BACK_SPACE + ' sent to object: 'Object Repository/FIM/Sites Page/Site Filtering/Site_txt'

21-10-2025T20:46:47 - [MESSAGE][PASSED] - Keys 'BACK_SPACE + ' sent to object: 'Object Repository/FIM/Sites Page/Site Filtering/Site_txt'

21-10-2025T20:46:47 - [TEST_STEP][PASSED] - (i++): null

21-10-2025T20:46:47 - [TEST_STEP][PASSED] - sendKeys(findTestObject("FIM/Sites Page/Site Filtering/Site_txt"), Keys.chord(BACK_SPACE), STOP_ON_FAILURE): Keys 'BACK_SPACE + ' sent to object: 'Object Repository/FIM/Sites Page/Site Filtering/Site_txt'

21-10-2025T20:46:47 - [MESSAGE][PASSED] - Keys 'BACK_SPACE + ' sent to object: 'Object Repository/FIM/Sites Page/Site Filtering/Site_txt'

21-10-2025T20:46:47 - [TEST_STEP][PASSED] - (i++): null

21-10-2025T20:46:47 - [TEST_STEP][PASSED] - sendKeys(findTestObject("FIM/Sites Page/Site Filtering/Site_txt"), Keys.chord(BACK_SPACE), STOP_ON_FAILURE): Keys 'BACK_SPACE + ' sent to object: 'Object Repository/FIM/Sites Page/Site Filtering/Site_txt'

21-10-2025T20:46:47 - [MESSAGE][PASSED] - Keys 'BACK_SPACE + ' sent to object: 'Object Repository/FIM/Sites Page/Site Filtering/Site_txt'

21-10-2025T20:46:47 - [TEST_STEP][PASSED] - (i++): null

21-10-2025T20:46:47 - [TEST_STEP][PASSED] - sendKeys(findTestObject("FIM/Sites Page/Site Filtering/Site_txt"), Keys.chord(BACK_SPACE), STOP_ON_FAILURE): Keys 'BACK_SPACE + ' sent to object: 'Object Repository/FIM/Sites Page/Site Filtering/Site_txt'

21-10-2025T20:46:47 - [MESSAGE][PASSED] - Keys 'BACK_SPACE + ' sent to object: 'Object Repository/FIM/Sites Page/Site Filtering/Site_txt'

21-10-2025T20:46:47 - [TEST_STEP][PASSED] - (i++): null

21-10-2025T20:46:47 - [TEST_STEP][PASSED] - sendKeys(findTestObject("FIM/Sites Page/Site Filtering/Site_txt"), Keys.chord(BACK_SPACE), STOP_ON_FAILURE): Keys 'BACK_SPACE + ' sent to object: 'Object Repository/FIM/Sites Page/Site Filtering/Site_txt'

21-10-2025T20:46:47 - [MESSAGE][PASSED] - Keys 'BACK_SPACE + ' sent to object: 'Object Repository/FIM/Sites Page/Site Filtering/Site_txt'

21-10-2025T20:46:47 - [TEST_STEP][PASSED] - (i++): null

21-10-2025T20:46:47 - [TEST_STEP][PASSED] - sendKeys(findTestObject("FIM/Sites Page/Site Filtering/Site_txt"), Keys.chord(BACK_SPACE), STOP_ON_FAILURE): Keys 'BACK_SPACE + ' sent to object: 'Object Repository/FIM/Sites Page/Site Filtering/Site_txt'

21-10-2025T20:46:47 - [MESSAGE][PASSED] - Keys 'BACK_SPACE + ' sent to object: 'Object Repository/FIM/Sites Page/Site Filtering/Site_txt'

21-10-2025T20:46:47 - [TEST_STEP][PASSED] - (i++): null

21-10-2025T20:46:47 - [TEST_STEP][PASSED] - sendKeys(findTestObject("FIM/Sites Page/Site Filtering/Site_txt"), Keys.chord(BACK_SPACE), STOP_ON_FAILURE): Keys 'BACK_SPACE + ' sent to object: 'Object Repository/FIM/Sites Page/Site Filtering/Site_txt'

21-10-2025T20:46:47 - [MESSAGE][PASSED] - Keys 'BACK_SPACE + ' sent to object: 'Object Repository/FIM/Sites Page/Site Filtering/Site_txt'

21-10-2025T20:46:47 - [TEST_STEP][PASSED] - (i++): null

21-10-2025T20:46:47 - [TEST_STEP][PASSED] - sendKeys(findTestObject("FIM/Sites Page/Site Filtering/Site_txt"), Keys.chord(BACK_SPACE), STOP_ON_FAILURE): Keys 'BACK_SPACE + ' sent to object: 'Object Repository/FIM/Sites Page/Site Filtering/Site_txt'

21-10-2025T20:46:47 - [MESSAGE][PASSED] - Keys 'BACK_SPACE + ' sent to object: 'Object Repository/FIM/Sites Page/Site Filtering/Site_txt'

21-10-2025T20:46:47 - [TEST_STEP][PASSED] - (i++): null

21-10-2025T20:46:47 - [TEST_STEP][PASSED] - sendKeys(findTestObject("FIM/Sites Page/Site Filtering/Site_txt"), Keys.chord(BACK_SPACE), STOP_ON_FAILURE): Keys 'BACK_SPACE + ' sent to object: 'Object Repository/FIM/Sites Page/Site Filtering/Site_txt'

21-10-2025T20:46:47 - [MESSAGE][PASSED] - Keys 'BACK_SPACE + ' sent to object: 'Object Repository/FIM/Sites Page/Site Filtering/Site_txt'

21-10-2025T20:46:47 - [TEST_STEP][PASSED] - (i++): null

21-10-2025T20:46:47 - [TEST_STEP][PASSED] - sendKeys(findTestObject("FIM/Sites Page/Site Filtering/Site_txt"), Keys.chord(BACK_SPACE), STOP_ON_FAILURE): Keys 'BACK_SPACE + ' sent to object: 'Object Repository/FIM/Sites Page/Site Filtering/Site_txt'

21-10-2025T20:46:47 - [MESSAGE][PASSED] - Keys 'BACK_SPACE + ' sent to object: 'Object Repository/FIM/Sites Page/Site Filtering/Site_txt'

21-10-2025T20:46:47 - [TEST_STEP][PASSED] - (i++): null

21-10-2025T20:46:47 - [TEST_STEP][PASSED] - sendKeys(findTestObject("FIM/Sites Page/Site Filtering/Site_txt"), Keys.chord(BACK_SPACE), STOP_ON_FAILURE): Keys 'BACK_SPACE + ' sent to object: 'Object Repository/FIM/Sites Page/Site Filtering/Site_txt'

21-10-2025T20:46:47 - [MESSAGE][PASSED] - Keys 'BACK_SPACE + ' sent to object: 'Object Repository/FIM/Sites Page/Site Filtering/Site_txt'

21-10-2025T20:46:47 - [TEST_STEP][PASSED] - (i++): null

21-10-2025T20:46:47 - [TEST_STEP][PASSED] - sendKeys(findTestObject("FIM/Sites Page/Site Filtering/Site_txt"), Keys.chord(BACK_SPACE), STOP_ON_FAILURE): Keys 'BACK_SPACE + ' sent to object: 'Object Repository/FIM/Sites Page/Site Filtering/Site_txt'

21-10-2025T20:46:47 - [MESSAGE][PASSED] - Keys 'BACK_SPACE + ' sent to object: 'Object Repository/FIM/Sites Page/Site Filtering/Site_txt'

21-10-2025T20:46:47 - [TEST_STEP][PASSED] - (i++): null

21-10-2025T20:46:47 - [TEST_STEP][PASSED] - sendKeys(findTestObject("FIM/Sites Page/Site Filtering/Site_txt"), Keys.chord(BACK_SPACE), STOP_ON_FAILURE): Keys 'BACK_SPACE + ' sent to object: 'Object Repository/FIM/Sites Page/Site Filtering/Site_txt'

21-10-2025T20:46:47 - [MESSAGE][PASSED] - Keys 'BACK_SPACE + ' sent to object: 'Object Repository/FIM/Sites Page/Site Filtering/Site_txt'

21-10-2025T20:46:47 - [TEST_STEP][PASSED] - (i++): null

21-10-2025T20:46:47 - [TEST_STEP][PASSED] - sendKeys(findTestObject("FIM/Sites Page/Site Filtering/Site_txt"), Keys.chord(BACK_SPACE), STOP_ON_FAILURE): Keys 'BACK_SPACE + ' sent to object: 'Object Repository/FIM/Sites Page/Site Filtering/Site_txt'

21-10-2025T20:46:47 - [MESSAGE][PASSED] - Keys 'BACK_SPACE + ' sent to object: 'Object Repository/FIM/Sites Page/Site Filtering/Site_txt'

21-10-2025T20:46:47 - [TEST_STEP][PASSED] - (i++): null

21-10-2025T20:46:47 - [TEST_STEP][PASSED] - sendKeys(findTestObject("FIM/Sites Page/Site Filtering/Site_txt"), Keys.chord(BACK_SPACE), STOP_ON_FAILURE): Keys 'BACK_SPACE + ' sent to object: 'Object Repository/FIM/Sites Page/Site Filtering/Site_txt'

21-10-2025T20:46:47 - [MESSAGE][PASSED] - Keys 'BACK_SPACE + ' sent to object: 'Object Repository/FIM/Sites Page/Site Filtering/Site_txt'

21-10-2025T20:46:47 - [TEST_STEP][PASSED] - (i++): null

21-10-2025T20:46:47 - [TEST_STEP][PASSED] - sendKeys(findTestObject("FIM/Sites Page/Site Filtering/Site_txt"), Keys.chord(BACK_SPACE), STOP_ON_FAILURE): Keys 'BACK_SPACE + ' sent to object: 'Object Repository/FIM/Sites Page/Site Filtering/Site_txt'

21-10-2025T20:46:47 - [MESSAGE][PASSED] - Keys 'BACK_SPACE + ' sent to object: 'Object Repository/FIM/Sites Page/Site Filtering/Site_txt'

21-10-2025T20:46:47 - [TEST_STEP][PASSED] - (i++): null

21-10-2025T20:46:47 - [TEST_STEP][PASSED] - sendKeys(findTestObject("FIM/Sites Page/Site Filtering/Site_txt"), Keys.chord(BACK_SPACE), STOP_ON_FAILURE): Keys 'BACK_SPACE + ' sent to object: 'Object Repository/FIM/Sites Page/Site Filtering/Site_txt'

21-10-2025T20:46:47 - [MESSAGE][PASSED] - Keys 'BACK_SPACE + ' sent to object: 'Object Repository/FIM/Sites Page/Site Filtering/Site_txt'

21-10-2025T20:46:47 - [TEST_STEP][PASSED] - (i++): null

21-10-2025T20:46:47 - [TEST_STEP][PASSED] - sendKeys(findTestObject("FIM/Sites Page/Site Filtering/Site_txt"), Keys.chord(BACK_SPACE), STOP_ON_FAILURE): Keys 'BACK_SPACE + ' sent to object: 'Object Repository/FIM/Sites Page/Site Filtering/Site_txt'

21-10-2025T20:46:47 - [MESSAGE][PASSED] - Keys 'BACK_SPACE + ' sent to object: 'Object Repository/FIM/Sites Page/Site Filtering/Site_txt'

21-10-2025T20:46:47 - [TEST_STEP][PASSED] - (i++): null

21-10-2025T20:46:47 - [TEST_STEP][PASSED] - sendKeys(findTestObject("FIM/Sites Page/Site Filtering/Site_txt"), "TURK132 - 798 North", STOP_ON_FAILURE): Keys 'TURK132 - 798 North' sent to object: 'Object Repository/FIM/Sites Page/Site Filtering/Site_txt'

21-10-2025T20:46:48 - [MESSAGE][PASSED] - Keys 'TURK132 - 798 North' sent to object: 'Object Repository/FIM/Sites Page/Site Filtering/Site_txt'

21-10-2025T20:46:48 - [TEST_STEP][PASSED] - sendKeys(findTestObject("FIM/Sites Page/Site Filtering/Site_txt"), Keys.chord(ENTER), STOP_ON_FAILURE): Keys 'ENTER + ' sent to object: 'Object Repository/FIM/Sites Page/Site Filtering/Site_txt'

21-10-2025T20:46:48 - [MESSAGE][PASSED] - Keys 'ENTER + ' sent to object: 'Object Repository/FIM/Sites Page/Site Filtering/Site_txt'

21-10-2025T20:46:48 - [TEST_STEP][PASSED] - waitForElementClickable(findTestObject("FIM/Sites Page/Orders/Create Order/CreateOrder_btn"), 300): Object 'Object Repository/FIM/Sites Page/Orders/Create Order/CreateOrder_btn' is clickable

21-10-2025T20:46:48 - [MESSAGE][PASSED] - Object 'Object Repository/FIM/Sites Page/Orders/Create Order/CreateOrder_btn' is clickable

21-10-2025T20:46:48 - [TEST_STEP][PASSED] - click(findTestObject("FIM/Sites Page/Orders/Create Order/CreateOrder_btn"), OPTIONAL): Object: 'Object Repository/FIM/Sites Page/Orders/Create Order/CreateOrder_btn' is clicked on

21-10-2025T20:46:48 - [MESSAGE][PASSED] - Object: 'Object Repository/FIM/Sites Page/Orders/Create Order/CreateOrder_btn' is clicked on

21-10-2025T20:46:48 - [TEST_STEP][PASSED] - delay(1): Delayed 1 second(s)

21-10-2025T20:46:49 - [MESSAGE][PASSED] - Delayed 1 second(s)

21-10-2025T20:46:49 - [TEST_STEP][PASSED] - verifyElementPresent(findTestObject("FIM/Sites Page/Orders/Create Order/Split_Load_Order_toggle"), 10): Object 'Object Repository/FIM/Sites Page/Orders/Create Order/Split_Load_Order_toggle' is present

21-10-2025T20:46:50 - [MESSAGE][PASSED] - Object 'Object Repository/FIM/Sites Page/Orders/Create Order/Split_Load_Order_toggle' is present

21-10-2025T20:46:50 - [TEST_STEP][PASSED] - click(findTestObject("FIM/Sites Page/Orders/Create Order/Split_Load_Order_toggle"), STOP_ON_FAILURE): Object: 'Object Repository/FIM/Sites Page/Orders/Create Order/Split_Load_Order_toggle' is clicked on

21-10-2025T20:46:50 - [MESSAGE][PASSED] - Object: 'Object Repository/FIM/Sites Page/Orders/Create Order/Split_Load_Order_toggle' is clicked on

21-10-2025T20:46:50 - [TEST_STEP][PASSED] - delay(2): Delayed 2 second(s)

21-10-2025T20:46:52 - [MESSAGE][PASSED] - Delayed 2 second(s)

21-10-2025T20:46:52 - [TEST_STEP][PASSED] - sendKeys(findTestObject("FIM/Sites Page/Orders/Create Order/Split Order/Order_Site_Search_txt"), "TURK124 - 3664", STOP_ON_FAILURE): Keys 'TURK124 - 3664' sent to object: 'Object Repository/FIM/Sites Page/Orders/Create Order/Split Order/Order_Site_Search_txt'

21-10-2025T20:46:52 - [MESSAGE][PASSED] - Keys 'TURK124 - 3664' sent to object: 'Object Repository/FIM/Sites Page/Orders/Create Order/Split Order/Order_Site_Search_txt'

21-10-2025T20:46:52 - [TEST_STEP][PASSED] - delay(1): Delayed 1 second(s)

21-10-2025T20:46:53 - [MESSAGE][PASSED] - Delayed 1 second(s)

21-10-2025T20:46:53 - [TEST_STEP][PASSED] - sendKeys(findTestObject("FIM/Sites Page/Orders/Create Order/Split Order/Order_Site_Search_txt"), Keys.chord(ARROW_DOWN), STOP_ON_FAILURE): Keys 'DOWN + ' sent to object: 'Object Repository/FIM/Sites Page/Orders/Create Order/Split Order/Order_Site_Search_txt'

21-10-2025T20:46:53 - [MESSAGE][PASSED] - Keys 'DOWN + ' sent to object: 'Object Repository/FIM/Sites Page/Orders/Create Order/Split Order/Order_Site_Search_txt'

21-10-2025T20:46:53 - [TEST_STEP][PASSED] - delay(1): Delayed 1 second(s)

21-10-2025T20:46:54 - [MESSAGE][PASSED] - Delayed 1 second(s)

21-10-2025T20:46:54 - [TEST_STEP][PASSED] - sendKeys(findTestObject("FIM/Sites Page/Orders/Create Order/Split Order/Order_Site_Search_txt"), Keys.chord(ENTER), STOP_ON_FAILURE): Keys 'ENTER + ' sent to object: 'Object Repository/FIM/Sites Page/Orders/Create Order/Split Order/Order_Site_Search_txt'

21-10-2025T20:46:54 - [MESSAGE][PASSED] - Keys 'ENTER + ' sent to object: 'Object Repository/FIM/Sites Page/Orders/Create Order/Split Order/Order_Site_Search_txt'

21-10-2025T20:46:54 - [TEST_STEP][PASSED] - setText(findTestObject("FIM/Sites Page/Orders/Create Order/30PRM_txt (1)"), "5000"): Text '5000' is set on object 'Object Repository/FIM/Sites Page/Orders/Create Order/30PRM_txt (1)'

21-10-2025T20:46:54 - [MESSAGE][PASSED] - Text '5000' is set on object 'Object Repository/FIM/Sites Page/Orders/Create Order/30PRM_txt (1)'

21-10-2025T20:46:54 - [TEST_STEP][PASSED] - delay(2): Delayed 2 second(s)

21-10-2025T20:46:56 - [MESSAGE][PASSED] - Delayed 2 second(s)

21-10-2025T20:46:56 - [TEST_STEP][PASSED] - click(findTestObject("FIM/Sites Page/Orders/Create Order/Split Order/Add_Load_btn")): Object: 'Object Repository/FIM/Sites Page/Orders/Create Order/Split Order/Add_Load_btn' is clicked on

21-10-2025T20:46:56 - [MESSAGE][PASSED] - Object: 'Object Repository/FIM/Sites Page/Orders/Create Order/Split Order/Add_Load_btn' is clicked on

21-10-2025T20:46:56 - [TEST_STEP][PASSED] - delay(2): Delayed 2 second(s)

21-10-2025T20:46:58 - [MESSAGE][PASSED] - Delayed 2 second(s)

21-10-2025T20:46:58 - [TEST_STEP][PASSED] - verifyElementPresent(findTestObject("FIM/Sites Page/Orders/Create Order/Split Order/Site_Two_Tank_One_txt"), 10): Object 'Object Repository/FIM/Sites Page/Orders/Create Order/Split Order/Site_Two_Tank_One_txt' is present

21-10-2025T20:46:58 - [MESSAGE][PASSED] - Object 'Object Repository/FIM/Sites Page/Orders/Create Order/Split Order/Site_Two_Tank_One_txt' is present

21-10-2025T20:46:58 - [TEST_STEP][PASSED] - setText(findTestObject("FIM/Sites Page/Orders/Create Order/Split Order/Site_Two_Tank_One_txt"), "3600"): Text '3600' is set on object 'Object Repository/FIM/Sites Page/Orders/Create Order/Split Order/Site_Two_Tank_One_txt'

21-10-2025T20:46:58 - [MESSAGE][PASSED] - Text '3600' is set on object 'Object Repository/FIM/Sites Page/Orders/Create Order/Split Order/Site_Two_Tank_One_txt'

21-10-2025T20:46:58 - [TEST_STEP][PASSED] - delay(2): Delayed 2 second(s)

21-10-2025T20:47:00 - [MESSAGE][PASSED] - Delayed 2 second(s)

21-10-2025T20:47:00 - [TEST_STEP][PASSED] - clearText(findTestObject("FIM/Sites Page/Orders/Create Order/30PRM_txt (1)"), STOP_ON_FAILURE): Text of object 'Object Repository/FIM/Sites Page/Orders/Create Order/30PRM_txt (1)' is cleared

21-10-2025T20:47:00 - [MESSAGE][PASSED] - Text of object 'Object Repository/FIM/Sites Page/Orders/Create Order/30PRM_txt (1)' is cleared

21-10-2025T20:47:00 - [TEST_STEP][PASSED] - delay(1): Delayed 1 second(s)

21-10-2025T20:47:01 - [MESSAGE][PASSED] - Delayed 1 second(s)

21-10-2025T20:47:01 - [TEST_STEP][PASSED] - sendKeys(findTestObject("FIM/Sites Page/Orders/Create Order/Split Order/Order_Site_Search_txt"), "TURK269 - 1600", STOP_ON_FAILURE): Keys 'TURK269 - 1600' sent to object: 'Object Repository/FIM/Sites Page/Orders/Create Order/Split Order/Order_Site_Search_txt'

21-10-2025T20:47:02 - [MESSAGE][PASSED] - Keys 'TURK269 - 1600' sent to object: 'Object Repository/FIM/Sites Page/Orders/Create Order/Split Order/Order_Site_Search_txt'

21-10-2025T20:47:02 - [TEST_STEP][PASSED] - delay(1): Delayed 1 second(s)

21-10-2025T20:47:03 - [MESSAGE][PASSED] - Delayed 1 second(s)

21-10-2025T20:47:03 - [TEST_STEP][PASSED] - sendKeys(findTestObject("FIM/Sites Page/Orders/Create Order/Split Order/Order_Site_Search_txt"), Keys.chord(ARROW_DOWN), STOP_ON_FAILURE): Keys 'DOWN + ' sent to object: 'Object Repository/FIM/Sites Page/Orders/Create Order/Split Order/Order_Site_Search_txt'

21-10-2025T20:47:03 - [MESSAGE][PASSED] - Keys 'DOWN + ' sent to object: 'Object Repository/FIM/Sites Page/Orders/Create Order/Split Order/Order_Site_Search_txt'

21-10-2025T20:47:03 - [TEST_STEP][PASSED] - delay(1): Delayed 1 second(s)

21-10-2025T20:47:04 - [MESSAGE][PASSED] - Delayed 1 second(s)

21-10-2025T20:47:04 - [TEST_STEP][PASSED] - sendKeys(findTestObject("FIM/Sites Page/Orders/Create Order/Split Order/Order_Site_Search_txt"), Keys.chord(ENTER), STOP_ON_FAILURE): Keys 'ENTER + ' sent to object: 'Object Repository/FIM/Sites Page/Orders/Create Order/Split Order/Order_Site_Search_txt'

21-10-2025T20:47:04 - [MESSAGE][PASSED] - Keys 'ENTER + ' sent to object: 'Object Repository/FIM/Sites Page/Orders/Create Order/Split Order/Order_Site_Search_txt'

21-10-2025T20:47:04 - [TEST_STEP][PASSED] - delay(1): Delayed 1 second(s)

21-10-2025T20:47:05 - [MESSAGE][PASSED] - Delayed 1 second(s)

21-10-2025T20:47:05 - [TEST_STEP][PASSED] - click(findTestObject("FIM/Sites Page/Orders/Create Order/Split Order/Add_Load_btn")): Object: 'Object Repository/FIM/Sites Page/Orders/Create Order/Split Order/Add_Load_btn' is clicked on

21-10-2025T20:47:05 - [MESSAGE][PASSED] - Object: 'Object Repository/FIM/Sites Page/Orders/Create Order/Split Order/Add_Load_btn' is clicked on

21-10-2025T20:47:05 - [TEST_STEP][PASSED] - delay(2): Delayed 2 second(s)

21-10-2025T20:47:07 - [MESSAGE][PASSED] - Delayed 2 second(s)

21-10-2025T20:47:07 - [TEST_STEP][PASSED] - setText(findTestObject("FIM/Sites Page/Orders/Create Order/30PRM_txt (1)"), "5000"): Text '5000' is set on object 'Object Repository/FIM/Sites Page/Orders/Create Order/30PRM_txt (1)'

21-10-2025T20:47:07 - [MESSAGE][PASSED] - Text '5000' is set on object 'Object Repository/FIM/Sites Page/Orders/Create Order/30PRM_txt (1)'

21-10-2025T20:47:07 - [TEST_STEP][PASSED] - delay(2): Delayed 2 second(s)

21-10-2025T20:47:09 - [MESSAGE][PASSED] - Delayed 2 second(s)

21-10-2025T20:47:09 - [TEST_STEP][PASSED] - sendKeys(findTestObject("FIM/Sites Page/Orders/Create Order/Split Order/Order_Site_Search_txt"), "TURK298 - 6020", STOP_ON_FAILURE): Keys 'TURK298 - 6020' sent to object: 'Object Repository/FIM/Sites Page/Orders/Create Order/Split Order/Order_Site_Search_txt'

21-10-2025T20:47:09 - [MESSAGE][PASSED] - Keys 'TURK298 - 6020' sent to object: 'Object Repository/FIM/Sites Page/Orders/Create Order/Split Order/Order_Site_Search_txt'

21-10-2025T20:47:09 - [TEST_STEP][PASSED] - delay(1): Delayed 1 second(s)

21-10-2025T20:47:10 - [MESSAGE][PASSED] - Delayed 1 second(s)

21-10-2025T20:47:10 - [TEST_STEP][PASSED] - sendKeys(findTestObject("FIM/Sites Page/Orders/Create Order/Split Order/Order_Site_Search_txt"), Keys.chord(ARROW_DOWN), STOP_ON_FAILURE): Keys 'DOWN + ' sent to object: 'Object Repository/FIM/Sites Page/Orders/Create Order/Split Order/Order_Site_Search_txt'

21-10-2025T20:47:10 - [MESSAGE][PASSED] - Keys 'DOWN + ' sent to object: 'Object Repository/FIM/Sites Page/Orders/Create Order/Split Order/Order_Site_Search_txt'

21-10-2025T20:47:10 - [TEST_STEP][PASSED] - delay(1): Delayed 1 second(s)

21-10-2025T20:47:11 - [MESSAGE][PASSED] - Delayed 1 second(s)

21-10-2025T20:47:11 - [TEST_STEP][PASSED] - sendKeys(findTestObject("FIM/Sites Page/Orders/Create Order/Split Order/Order_Site_Search_txt"), Keys.chord(ENTER), STOP_ON_FAILURE): Keys 'ENTER + ' sent to object: 'Object Repository/FIM/Sites Page/Orders/Create Order/Split Order/Order_Site_Search_txt'

21-10-2025T20:47:11 - [MESSAGE][PASSED] - Keys 'ENTER + ' sent to object: 'Object Repository/FIM/Sites Page/Orders/Create Order/Split Order/Order_Site_Search_txt'

21-10-2025T20:47:11 - [TEST_STEP][PASSED] - delay(1): Delayed 1 second(s)

21-10-2025T20:47:12 - [MESSAGE][PASSED] - Delayed 1 second(s)

21-10-2025T20:47:12 - [TEST_STEP][PASSED] - click(findTestObject("FIM/Sites Page/Orders/Create Order/Split Order/Add_Load_btn")): Object: 'Object Repository/FIM/Sites Page/Orders/Create Order/Split Order/Add_Load_btn' is clicked on

21-10-2025T20:47:12 - [MESSAGE][PASSED] - Object: 'Object Repository/FIM/Sites Page/Orders/Create Order/Split Order/Add_Load_btn' is clicked on

21-10-2025T20:47:12 - [TEST_STEP][PASSED] - delay(2): Delayed 2 second(s)

21-10-2025T20:47:14 - [MESSAGE][PASSED] - Delayed 2 second(s)

21-10-2025T20:47:14 - [TEST_STEP][PASSED] - setText(findTestObject("FIM/Sites Page/Orders/Create Order/Split Order/Site_Four_Tank_Three_txt"), "4200"): Text '4200' is set on object 'Object Repository/FIM/Sites Page/Orders/Create Order/Split Order/Site_Four_Tank_Three_txt'

21-10-2025T20:47:15 - [MESSAGE][PASSED] - Text '4200' is set on object 'Object Repository/FIM/Sites Page/Orders/Create Order/Split Order/Site_Four_Tank_Three_txt'

21-10-2025T20:47:15 - [TEST_STEP][PASSED] - setText(findTestObject("FIM/Sites Page/Orders/Create Order/Split Order/Site_Three_Tank_One_txt"), "4100"): Text '4100' is set on object 'Object Repository/FIM/Sites Page/Orders/Create Order/Split Order/Site_Three_Tank_One_txt'

21-10-2025T20:47:15 - [MESSAGE][PASSED] - Text '4100' is set on object 'Object Repository/FIM/Sites Page/Orders/Create Order/Split Order/Site_Three_Tank_One_txt'

21-10-2025T20:47:15 - [TEST_STEP][PASSED] - delay(1): Delayed 1 second(s)

21-10-2025T20:47:16 - [MESSAGE][PASSED] - Delayed 1 second(s)

21-10-2025T20:47:16 - [TEST_STEP][PASSED] - verifyElementNotPresent(findTestObject("FIM/Sites Page/Orders/Create Order/Split Order/Add_Load_btn"), 10): Web element with id: 'Object Repository/FIM/Sites Page/Orders/Create Order/Split Order/Add_Load_btn' located by 'By.xpath: /html/body/div[1]/div[2]/div/div/div[4]/div[1]/div[1]/div/div/div/form/div/div[3]/div/button' is not present after '10' second(s)

21-10-2025T20:47:16 - [MESSAGE][PASSED] - Web element with id: 'Object Repository/FIM/Sites Page/Orders/Create Order/Split Order/Add_Load_btn' located by 'By.xpath: /html/body/div[1]/div[2]/div/div/div[4]/div[1]/div[1]/div/div/div/form/div/div[3]/div/button' is not present after '10' second(s)

21-10-2025T20:47:16 - [TEST_STEP][PASSED] - closeBrowser(): Browser is closed

21-10-2025T20:47:16 - [MESSAGE][PASSED] - Browser is closed

21-10-2025T20:47:16 - [TEST_STEP][PASSED] - Start listener action : retryOnDisconnect: null

21-10-2025T20:47:16 - [TEST_STEP][PASSED] - tcId = testCaseContext.getTestCaseId(): null

21-10-2025T20:47:16 - [TEST_STEP][PASSED] - currentRetry = retryCounts.getOrDefault(tcId, 0): null

21-10-2025T20:47:16 - [TEST_STEP][PASSED] - if (testCaseContext.getTestCaseStatus() == "FAILED" && currentRetry < MAX_RETRIES): null]]></system-out>
         <system-err><![CDATA[]]></system-err>
      </testcase>
      <testcase name="Test Cases/FIM/UI/KGL/Admin/Sites Page/Orders/Can Not Create Split Load Order With Errors" time="63.514" classname="Test Cases/FIM/UI/KGL/Admin/Sites Page/Orders/Can Not Create Split Load Order With Errors" status="FAILED">
         <failure type="FAILED" message="Test Cases/FIM/UI/KGL/Admin/Sites Page/Orders/Can Not Create Split Load Order With Errors FAILED.&#xa;Reason:&#xa;com.kms.katalon.core.exception.StepFailedException: Unable to verify object 'Object Repository/FIM/Sites Page/Orders/Create Order/Split Order/Site_Two_Tank_One_txt' is present&#xa;	at com.kms.katalon.core.webui.keyword.internal.WebUIKeywordMain.stepFailed(WebUIKeywordMain.groovy:117)&#xa;	at com.kms.katalon.core.webui.keyword.internal.WebUIKeywordMain.runKeyword(WebUIKeywordMain.groovy:43)&#xa;	at com.kms.katalon.core.webui.keyword.builtin.VerifyElementPresentKeyword.verifyElementPresent(VerifyElementPresentKeyword.groovy:92)&#xa;	at com.kms.katalon.core.webui.keyword.builtin.VerifyElementPresentKeyword.execute(VerifyElementPresentKeyword.groovy:68)&#xa;	at com.kms.katalon.core.keyword.internal.KeywordExecutor.executeKeywordForPlatform(KeywordExecutor.groovy:74)&#xa;	at com.kms.katalon.core.webui.keyword.WebUiBuiltInKeywords.verifyElementPresent(WebUiBuiltInKeywords.groovy:1503)&#xa;	at com.kms.katalon.core.webui.keyword.WebUiBuiltInKeywords$verifyElementPresent$6.call(Unknown Source)&#xa;	at Can Not Create Split Load Order With Errors.run(Can Not Create Split Load Order With Errors:81)&#xa;	at com.kms.katalon.core.main.ScriptEngine.run(ScriptEngine.java:194)&#xa;	at com.kms.katalon.core.main.ScriptEngine.runScriptAsRawText(ScriptEngine.java:119)&#xa;	at com.kms.katalon.core.main.TestCaseExecutor.runScript(TestCaseExecutor.java:448)&#xa;	at com.kms.katalon.core.main.TestCaseExecutor.doExecute(TestCaseExecutor.java:439)&#xa;	at com.kms.katalon.core.main.TestCaseExecutor.processExecutionPhase(TestCaseExecutor.java:418)&#xa;	at com.kms.katalon.core.main.TestCaseExecutor.accessMainPhase(TestCaseExecutor.java:410)&#xa;	at com.kms.katalon.core.main.TestCaseExecutor.execute(TestCaseExecutor.java:285)&#xa;	at com.kms.katalon.core.common.CommonExecutor.accessTestCaseMainPhase(CommonExecutor.java:65)&#xa;	at com.kms.katalon.core.main.TestSuiteExecutor.accessTestSuiteMainPhase(TestSuiteExecutor.java:150)&#xa;	at com.kms.katalon.core.main.TestSuiteExecutor.execute(TestSuiteExecutor.java:106)&#xa;	at com.kms.katalon.core.main.TestCaseMain.startTestSuite(TestCaseMain.java:180)&#xa;	at com.kms.katalon.core.main.TestCaseMain$startTestSuite$0.call(Unknown Source)&#xa;	at TempTestSuite1761090769781.run(TempTestSuite1761090769781.groovy:35)&#xa;	at java.base/jdk.internal.reflect.NativeMethodAccessorImpl.invoke0(Native Method)&#xa;	at java.base/jdk.internal.reflect.NativeMethodAccessorImpl.invoke(NativeMethodAccessorImpl.java:77)&#xa;	at java.base/jdk.internal.reflect.DelegatingMethodAccessorImpl.invoke(DelegatingMethodAccessorImpl.java:43)&#xa;Caused by: com.kms.katalon.core.exception.StepFailedException: com.kms.katalon.core.webui.exception.WebElementNotFoundException: Web element with id: 'Object Repository/FIM/Sites Page/Orders/Create Order/Split Order/Site_Two_Tank_One_txt' located by '//*[@id=&quot;order-10UNL&quot;]' not found&#xa;	at com.kms.katalon.core.webui.keyword.internal.WebUIKeywordMain.stepFailed(WebUIKeywordMain.groovy:117)&#xa;	at com.kms.katalon.core.webui.keyword.builtin.VerifyElementPresentKeyword$_verifyElementPresent_closure1.doCall(VerifyElementPresentKeyword.groovy:85)&#xa;	at com.kms.katalon.core.webui.keyword.builtin.VerifyElementPresentKeyword$_verifyElementPresent_closure1.call(VerifyElementPresentKeyword.groovy)&#xa;	at com.kms.katalon.core.webui.keyword.internal.WebUIKeywordMain.runKeyword(WebUIKeywordMain.groovy:35)&#xa;	... 22 more&#xa;"/>
         <system-out><![CDATA[21-10-2025T20:47:16 - [TEST_CASE][FAILED] - Test Cases/FIM/UI/KGL/Admin/Sites Page/Orders/Can Not Create Split Load Order With Errors: Test Cases/FIM/UI/KGL/Admin/Sites Page/Orders/Can Not Create Split Load Order With Errors FAILED.
Reason:
com.kms.katalon.core.exception.StepFailedException: Unable to verify object 'Object Repository/FIM/Sites Page/Orders/Create Order/Split Order/Site_Two_Tank_One_txt' is present
	at com.kms.katalon.core.webui.keyword.internal.WebUIKeywordMain.stepFailed(WebUIKeywordMain.groovy:117)
	at com.kms.katalon.core.webui.keyword.internal.WebUIKeywordMain.runKeyword(WebUIKeywordMain.groovy:43)
	at com.kms.katalon.core.webui.keyword.builtin.VerifyElementPresentKeyword.verifyElementPresent(VerifyElementPresentKeyword.groovy:92)
	at com.kms.katalon.core.webui.keyword.builtin.VerifyElementPresentKeyword.execute(VerifyElementPresentKeyword.groovy:68)
	at com.kms.katalon.core.keyword.internal.KeywordExecutor.executeKeywordForPlatform(KeywordExecutor.groovy:74)
	at com.kms.katalon.core.webui.keyword.WebUiBuiltInKeywords.verifyElementPresent(WebUiBuiltInKeywords.groovy:1503)
	at com.kms.katalon.core.webui.keyword.WebUiBuiltInKeywords$verifyElementPresent$6.call(Unknown Source)
	at Can Not Create Split Load Order With Errors.run(Can Not Create Split Load Order With Errors:81)
	at com.kms.katalon.core.main.ScriptEngine.run(ScriptEngine.java:194)
	at com.kms.katalon.core.main.ScriptEngine.runScriptAsRawText(ScriptEngine.java:119)
	at com.kms.katalon.core.main.TestCaseExecutor.runScript(TestCaseExecutor.java:448)
	at com.kms.katalon.core.main.TestCaseExecutor.doExecute(TestCaseExecutor.java:439)
	at com.kms.katalon.core.main.TestCaseExecutor.processExecutionPhase(TestCaseExecutor.java:418)
	at com.kms.katalon.core.main.TestCaseExecutor.accessMainPhase(TestCaseExecutor.java:410)
	at com.kms.katalon.core.main.TestCaseExecutor.execute(TestCaseExecutor.java:285)
	at com.kms.katalon.core.common.CommonExecutor.accessTestCaseMainPhase(CommonExecutor.java:65)
	at com.kms.katalon.core.main.TestSuiteExecutor.accessTestSuiteMainPhase(TestSuiteExecutor.java:150)
	at com.kms.katalon.core.main.TestSuiteExecutor.execute(TestSuiteExecutor.java:106)
	at com.kms.katalon.core.main.TestCaseMain.startTestSuite(TestCaseMain.java:180)
	at com.kms.katalon.core.main.TestCaseMain$startTestSuite$0.call(Unknown Source)
	at TempTestSuite1761090769781.run(TempTestSuite1761090769781.groovy:35)
	at java.base/jdk.internal.reflect.NativeMethodAccessorImpl.invoke0(Native Method)
	at java.base/jdk.internal.reflect.NativeMethodAccessorImpl.invoke(NativeMethodAccessorImpl.java:77)
	at java.base/jdk.internal.reflect.DelegatingMethodAccessorImpl.invoke(DelegatingMethodAccessorImpl.java:43)
Caused by: com.kms.katalon.core.exception.StepFailedException: com.kms.katalon.core.webui.exception.WebElementNotFoundException: Web element with id: 'Object Repository/FIM/Sites Page/Orders/Create Order/Split Order/Site_Two_Tank_One_txt' located by '//*[@id="order-10UNL"]' not found
	at com.kms.katalon.core.webui.keyword.internal.WebUIKeywordMain.stepFailed(WebUIKeywordMain.groovy:117)
	at com.kms.katalon.core.webui.keyword.builtin.VerifyElementPresentKeyword$_verifyElementPresent_closure1.doCall(VerifyElementPresentKeyword.groovy:85)
	at com.kms.katalon.core.webui.keyword.builtin.VerifyElementPresentKeyword$_verifyElementPresent_closure1.call(VerifyElementPresentKeyword.groovy)
	at com.kms.katalon.core.webui.keyword.internal.WebUIKeywordMain.runKeyword(WebUIKeywordMain.groovy:35)
	... 22 more


21-10-2025T20:47:16 - [TEST_STEP][PASSED] - Start listener action : beforeTestCase: null

21-10-2025T20:47:16 - [TEST_STEP][PASSED] - addDefaultPackages(): null

21-10-2025T20:47:16 - [TEST_STEP][PASSED] - i = 0: null

21-10-2025T20:47:16 - [TEST_STEP][PASSED] - callTestCase(findTestCase("Utility Scripts/FIM KGL Admin Login"), [:], STOP_ON_FAILURE): Call Test Case 'Test Cases/Utility Scripts/FIM KGL Admin Login' successfully

21-10-2025T20:47:16 - [TEST_CASE][PASSED] - Test Cases/Utility Scripts/FIM KGL Admin Login: Test Cases/Utility Scripts/FIM KGL Admin Login

21-10-2025T20:47:16 - [TEST_STEP][PASSED] - openBrowser(""): Browser is opened with url: ''

21-10-2025T20:47:16 - [MESSAGE][INFO] - Starting 'Chrome' driver

21-10-2025T20:47:16 - [MESSAGE][INFO] - User set preference: ['args', '[--no-sandbox, --disable-gpu, --disable-dev-shm-usage]']

21-10-2025T20:47:16 - [MESSAGE][INFO] - Action delay is set to 0 milliseconds

21-10-2025T20:47:17 - [MESSAGE][PASSED] - Browser is opened with url: ''

21-10-2025T20:47:17 - [TEST_STEP][PASSED] - delay(1): Delayed 1 second(s)

21-10-2025T20:47:18 - [MESSAGE][PASSED] - Delayed 1 second(s)

21-10-2025T20:47:18 - [TEST_STEP][PASSED] - navigateToUrl(KGLCustomGroupUrl): Navigate to 'https://kaglogistics-inventory-management-portal.qa.thekag.com/custom-group/' successfully

21-10-2025T20:47:18 - [MESSAGE][PASSED] - Navigate to 'https://kaglogistics-inventory-management-portal.qa.thekag.com/custom-group/' successfully

21-10-2025T20:47:18 - [TEST_STEP][PASSED] - delay(10): Delayed 10 second(s)

21-10-2025T20:47:28 - [MESSAGE][PASSED] - Delayed 10 second(s)

21-10-2025T20:47:28 - [TEST_STEP][PASSED] - if (maximizeWindow == true): Delayed 1 second(s)

21-10-2025T20:47:28 - [TEST_STEP][PASSED] - maximizeWindow(STOP_ON_FAILURE): Current window maximized

21-10-2025T20:47:28 - [MESSAGE][PASSED] - Current window maximized

21-10-2025T20:47:28 - [TEST_STEP][PASSED] - delay(1): Delayed 1 second(s)

21-10-2025T20:47:29 - [MESSAGE][PASSED] - Delayed 1 second(s)

21-10-2025T20:47:29 - [TEST_STEP][PASSED] - waitForElementPresent(findTestObject("FIM/Username_txt"), 10): Object 'Object Repository/FIM/Username_txt' is present

21-10-2025T20:47:29 - [MESSAGE][PASSED] - Object 'Object Repository/FIM/Username_txt' is present

21-10-2025T20:47:29 - [TEST_STEP][PASSED] - setText(findTestObject("FIM/Username_txt"), FIMUsername): Text 'Chris.Sheldon+DES_QA@Thekag.com' is set on object 'Object Repository/FIM/Username_txt'

21-10-2025T20:47:29 - [MESSAGE][PASSED] - Text 'Chris.Sheldon+DES_QA@Thekag.com' is set on object 'Object Repository/FIM/Username_txt'

21-10-2025T20:47:29 - [TEST_STEP][PASSED] - delay(1): Delayed 1 second(s)

21-10-2025T20:47:30 - [MESSAGE][PASSED] - Delayed 1 second(s)

21-10-2025T20:47:30 - [TEST_STEP][PASSED] - setText(findTestObject("FIM/Password_txt"), FIMPassword): Text 'QATest!2' is set on object 'Object Repository/FIM/Password_txt'

21-10-2025T20:47:31 - [MESSAGE][PASSED] - Text 'QATest!2' is set on object 'Object Repository/FIM/Password_txt'

21-10-2025T20:47:31 - [TEST_STEP][PASSED] - delay(1): Delayed 1 second(s)

21-10-2025T20:47:32 - [MESSAGE][PASSED] - Delayed 1 second(s)

21-10-2025T20:47:32 - [TEST_STEP][PASSED] - click(findTestObject("FIM/Login_btn")): Object: 'Object Repository/FIM/Login_btn' is clicked on

21-10-2025T20:47:32 - [MESSAGE][PASSED] - Object: 'Object Repository/FIM/Login_btn' is clicked on

21-10-2025T20:47:32 - [MESSAGE][PASSED] - Call Test Case 'Test Cases/Utility Scripts/FIM KGL Admin Login' successfully

21-10-2025T20:47:32 - [TEST_STEP][PASSED] - if (verifyElementVisible(findTestObject("FIM/Server_Notification_Close_btn"), OPTIONAL) == true): Web element with id: 'Object Repository/FIM/Server_Notification_Close_btn' located by '/html/body/div/div[1]/button' not found (Root cause: com.kms.katalon.core.exception.StepFailedException: Web element with id: 'Object Repository/FIM/Server_Notification_Close_btn' located by '/html/body/div/div[1]/button' not found
	at com.kms.katalon.core.webui.keyword.internal.WebUIKeywordMain.stepFailed(WebUIKeywordMain.groovy:117)
	at com.kms.katalon.core.webui.keyword.builtin.VerifyElementVisibleKeyword$_verifyElementVisible_closure1.doCall(VerifyElementVisibleKeyword.groovy:89)
	at com.kms.katalon.core.webui.keyword.builtin.VerifyElementVisibleKeyword$_verifyElementVisible_closure1.call(VerifyElementVisibleKeyword.groovy)
	at com.kms.katalon.core.webui.keyword.internal.WebUIKeywordMain.runKeyword(WebUIKeywordMain.groovy:35)
	at com.kms.katalon.core.webui.keyword.builtin.VerifyElementVisibleKeyword.verifyElementVisible(VerifyElementVisibleKeyword.groovy:97)
	at com.kms.katalon.core.webui.keyword.builtin.VerifyElementVisibleKeyword.execute(VerifyElementVisibleKeyword.groovy:67)
	at com.kms.katalon.core.keyword.internal.KeywordExecutor.executeKeywordForPlatform(KeywordExecutor.groovy:74)
	at com.kms.katalon.core.webui.keyword.WebUiBuiltInKeywords.verifyElementVisible(WebUiBuiltInKeywords.groovy:401)
	at com.kms.katalon.core.webui.keyword.WebUiBuiltInKeywords$verifyElementVisible$5.call(Unknown Source)
	at Can Not Create Split Load Order With Errors.run(Can Not Create Split Load Order With Errors:24)
	at com.kms.katalon.core.main.ScriptEngine.run(ScriptEngine.java:194)
	at com.kms.katalon.core.main.ScriptEngine.runScriptAsRawText(ScriptEngine.java:119)
	at com.kms.katalon.core.main.TestCaseExecutor.runScript(TestCaseExecutor.java:448)
	at com.kms.katalon.core.main.TestCaseExecutor.doExecute(TestCaseExecutor.java:439)
	at com.kms.katalon.core.main.TestCaseExecutor.processExecutionPhase(TestCaseExecutor.java:418)
	at com.kms.katalon.core.main.TestCaseExecutor.accessMainPhase(TestCaseExecutor.java:410)
	at com.kms.katalon.core.main.TestCaseExecutor.execute(TestCaseExecutor.java:285)
	at com.kms.katalon.core.common.CommonExecutor.accessTestCaseMainPhase(CommonExecutor.java:65)
	at com.kms.katalon.core.main.TestSuiteExecutor.accessTestSuiteMainPhase(TestSuiteExecutor.java:150)
	at com.kms.katalon.core.main.TestSuiteExecutor.execute(TestSuiteExecutor.java:106)
	at com.kms.katalon.core.main.TestCaseMain.startTestSuite(TestCaseMain.java:180)
	at com.kms.katalon.core.main.TestCaseMain$startTestSuite$0.call(Unknown Source)
	at TempTestSuite1761090769781.run(TempTestSuite1761090769781.groovy:35)
	at java.base/jdk.internal.reflect.NativeMethodAccessorImpl.invoke0(Native Method)
	at java.base/jdk.internal.reflect.NativeMethodAccessorImpl.invoke(NativeMethodAccessorImpl.java:77)
	at java.base/jdk.internal.reflect.DelegatingMethodAccessorImpl.invoke(DelegatingMethodAccessorImpl.java:43)
)

21-10-2025T20:47:48 - [MESSAGE][INFO] - Unable to find the element located by 'By.xpath: /html/body/div/div[1]/button'. Please recheck the objects properties to make sure the desired element is located. 

21-10-2025T20:47:48 - [MESSAGE][WARNING] - [SELF-HEALING] Failed to find element with id 'Object Repository/FIM/Server_Notification_Close_btn'. Try using Self-healing.

21-10-2025T20:47:49 - [MESSAGE][INFO] - [SELF-HEALING] No working XPath is found.

21-10-2025T20:47:51 - [MESSAGE][INFO] - Unable to find the element located by 'By.xpath: '. Please recheck the objects properties to make sure the desired element is located. 

21-10-2025T20:47:51 - [MESSAGE][WARNING] - [SELF-HEALING] Cannot find elements when the selector is null

21-10-2025T20:47:51 - [MESSAGE][WARNING] - Web element with id: 'Object Repository/FIM/Server_Notification_Close_btn' located by '/html/body/div/div[1]/button' not found (Root cause: com.kms.katalon.core.exception.StepFailedException: Web element with id: 'Object Repository/FIM/Server_Notification_Close_btn' located by '/html/body/div/div[1]/button' not found
	at com.kms.katalon.core.webui.keyword.internal.WebUIKeywordMain.stepFailed(WebUIKeywordMain.groovy:117)
	at com.kms.katalon.core.webui.keyword.builtin.VerifyElementVisibleKeyword$_verifyElementVisible_closure1.doCall(VerifyElementVisibleKeyword.groovy:89)
	at com.kms.katalon.core.webui.keyword.builtin.VerifyElementVisibleKeyword$_verifyElementVisible_closure1.call(VerifyElementVisibleKeyword.groovy)
	at com.kms.katalon.core.webui.keyword.internal.WebUIKeywordMain.runKeyword(WebUIKeywordMain.groovy:35)
	at com.kms.katalon.core.webui.keyword.builtin.VerifyElementVisibleKeyword.verifyElementVisible(VerifyElementVisibleKeyword.groovy:97)
	at com.kms.katalon.core.webui.keyword.builtin.VerifyElementVisibleKeyword.execute(VerifyElementVisibleKeyword.groovy:67)
	at com.kms.katalon.core.keyword.internal.KeywordExecutor.executeKeywordForPlatform(KeywordExecutor.groovy:74)
	at com.kms.katalon.core.webui.keyword.WebUiBuiltInKeywords.verifyElementVisible(WebUiBuiltInKeywords.groovy:401)
	at com.kms.katalon.core.webui.keyword.WebUiBuiltInKeywords$verifyElementVisible$5.call(Unknown Source)
	at Can Not Create Split Load Order With Errors.run(Can Not Create Split Load Order With Errors:24)
	at com.kms.katalon.core.main.ScriptEngine.run(ScriptEngine.java:194)
	at com.kms.katalon.core.main.ScriptEngine.runScriptAsRawText(ScriptEngine.java:119)
	at com.kms.katalon.core.main.TestCaseExecutor.runScript(TestCaseExecutor.java:448)
	at com.kms.katalon.core.main.TestCaseExecutor.doExecute(TestCaseExecutor.java:439)
	at com.kms.katalon.core.main.TestCaseExecutor.processExecutionPhase(TestCaseExecutor.java:418)
	at com.kms.katalon.core.main.TestCaseExecutor.accessMainPhase(TestCaseExecutor.java:410)
	at com.kms.katalon.core.main.TestCaseExecutor.execute(TestCaseExecutor.java:285)
	at com.kms.katalon.core.common.CommonExecutor.accessTestCaseMainPhase(CommonExecutor.java:65)
	at com.kms.katalon.core.main.TestSuiteExecutor.accessTestSuiteMainPhase(TestSuiteExecutor.java:150)
	at com.kms.katalon.core.main.TestSuiteExecutor.execute(TestSuiteExecutor.java:106)
	at com.kms.katalon.core.main.TestCaseMain.startTestSuite(TestCaseMain.java:180)
	at com.kms.katalon.core.main.TestCaseMain$startTestSuite$0.call(Unknown Source)
	at TempTestSuite1761090769781.run(TempTestSuite1761090769781.groovy:35)
	at java.base/jdk.internal.reflect.NativeMethodAccessorImpl.invoke0(Native Method)
	at java.base/jdk.internal.reflect.NativeMethodAccessorImpl.invoke(NativeMethodAccessorImpl.java:77)
	at java.base/jdk.internal.reflect.DelegatingMethodAccessorImpl.invoke(DelegatingMethodAccessorImpl.java:43)
)

21-10-2025T20:47:51 - [TEST_STEP][PASSED] - delay(1): Delayed 1 second(s)

21-10-2025T20:47:52 - [MESSAGE][PASSED] - Delayed 1 second(s)

21-10-2025T20:47:52 - [TEST_STEP][PASSED] - click(findTestObject("FIM/Hamburger Menu List/Hamburger_menu")): Object: 'Object Repository/FIM/Hamburger Menu List/Hamburger_menu' is clicked on

21-10-2025T20:47:52 - [MESSAGE][PASSED] - Object: 'Object Repository/FIM/Hamburger Menu List/Hamburger_menu' is clicked on

21-10-2025T20:47:52 - [TEST_STEP][PASSED] - verifyElementPresent(findTestObject("FIM/Hamburger Menu List/Sites_list (1)"), 10): Object 'Object Repository/FIM/Hamburger Menu List/Sites_list (1)' is present

21-10-2025T20:47:52 - [MESSAGE][PASSED] - Object 'Object Repository/FIM/Hamburger Menu List/Sites_list (1)' is present

21-10-2025T20:47:52 - [TEST_STEP][PASSED] - delay(1): Delayed 1 second(s)

21-10-2025T20:47:53 - [MESSAGE][PASSED] - Delayed 1 second(s)

21-10-2025T20:47:53 - [TEST_STEP][PASSED] - click(findTestObject("FIM/Hamburger Menu List/Sites_list (1)")): Object: 'Object Repository/FIM/Hamburger Menu List/Sites_list (1)' is clicked on

21-10-2025T20:47:53 - [MESSAGE][PASSED] - Object: 'Object Repository/FIM/Hamburger Menu List/Sites_list (1)' is clicked on

21-10-2025T20:47:53 - [TEST_STEP][PASSED] - waitForElementPresent(findTestObject("FIM/Sites Page/Calculator/Calculator Tab"), 10): Object 'Object Repository/FIM/Sites Page/Calculator/Calculator Tab' is present

21-10-2025T20:47:54 - [MESSAGE][PASSED] - Object 'Object Repository/FIM/Sites Page/Calculator/Calculator Tab' is present

21-10-2025T20:47:54 - [TEST_STEP][PASSED] - selectOptionByLabel(findTestObject("FIM/Sites Page/Site Filtering/Region Selection_dropdown"), "KAG LOGISTICS", false): All options with label 'KAG LOGISTICS' are selected in object 'Object Repository/FIM/Sites Page/Site Filtering/Region Selection_dropdown' 

21-10-2025T20:47:54 - [MESSAGE][PASSED] - All options with label 'KAG LOGISTICS' are selected in object 'Object Repository/FIM/Sites Page/Site Filtering/Region Selection_dropdown' 

21-10-2025T20:47:54 - [TEST_STEP][PASSED] - while (i < 60 == true): null

21-10-2025T20:47:54 - [TEST_STEP][PASSED] - sendKeys(findTestObject("FIM/Sites Page/Site Filtering/Site_txt"), Keys.chord(BACK_SPACE), STOP_ON_FAILURE): Keys 'BACK_SPACE + ' sent to object: 'Object Repository/FIM/Sites Page/Site Filtering/Site_txt'

21-10-2025T20:47:55 - [MESSAGE][PASSED] - Keys 'BACK_SPACE + ' sent to object: 'Object Repository/FIM/Sites Page/Site Filtering/Site_txt'

21-10-2025T20:47:55 - [TEST_STEP][PASSED] - (i++): null

21-10-2025T20:47:55 - [TEST_STEP][PASSED] - sendKeys(findTestObject("FIM/Sites Page/Site Filtering/Site_txt"), Keys.chord(BACK_SPACE), STOP_ON_FAILURE): Keys 'BACK_SPACE + ' sent to object: 'Object Repository/FIM/Sites Page/Site Filtering/Site_txt'

21-10-2025T20:47:55 - [MESSAGE][PASSED] - Keys 'BACK_SPACE + ' sent to object: 'Object Repository/FIM/Sites Page/Site Filtering/Site_txt'

21-10-2025T20:47:55 - [TEST_STEP][PASSED] - (i++): null

21-10-2025T20:47:55 - [TEST_STEP][PASSED] - sendKeys(findTestObject("FIM/Sites Page/Site Filtering/Site_txt"), Keys.chord(BACK_SPACE), STOP_ON_FAILURE): Keys 'BACK_SPACE + ' sent to object: 'Object Repository/FIM/Sites Page/Site Filtering/Site_txt'

21-10-2025T20:47:55 - [MESSAGE][PASSED] - Keys 'BACK_SPACE + ' sent to object: 'Object Repository/FIM/Sites Page/Site Filtering/Site_txt'

21-10-2025T20:47:55 - [TEST_STEP][PASSED] - (i++): null

21-10-2025T20:47:55 - [TEST_STEP][PASSED] - sendKeys(findTestObject("FIM/Sites Page/Site Filtering/Site_txt"), Keys.chord(BACK_SPACE), STOP_ON_FAILURE): Keys 'BACK_SPACE + ' sent to object: 'Object Repository/FIM/Sites Page/Site Filtering/Site_txt'

21-10-2025T20:47:55 - [MESSAGE][PASSED] - Keys 'BACK_SPACE + ' sent to object: 'Object Repository/FIM/Sites Page/Site Filtering/Site_txt'

21-10-2025T20:47:55 - [TEST_STEP][PASSED] - (i++): null

21-10-2025T20:47:55 - [TEST_STEP][PASSED] - sendKeys(findTestObject("FIM/Sites Page/Site Filtering/Site_txt"), Keys.chord(BACK_SPACE), STOP_ON_FAILURE): Keys 'BACK_SPACE + ' sent to object: 'Object Repository/FIM/Sites Page/Site Filtering/Site_txt'

21-10-2025T20:47:55 - [MESSAGE][PASSED] - Keys 'BACK_SPACE + ' sent to object: 'Object Repository/FIM/Sites Page/Site Filtering/Site_txt'

21-10-2025T20:47:55 - [TEST_STEP][PASSED] - (i++): null

21-10-2025T20:47:55 - [TEST_STEP][PASSED] - sendKeys(findTestObject("FIM/Sites Page/Site Filtering/Site_txt"), Keys.chord(BACK_SPACE), STOP_ON_FAILURE): Keys 'BACK_SPACE + ' sent to object: 'Object Repository/FIM/Sites Page/Site Filtering/Site_txt'

21-10-2025T20:47:55 - [MESSAGE][PASSED] - Keys 'BACK_SPACE + ' sent to object: 'Object Repository/FIM/Sites Page/Site Filtering/Site_txt'

21-10-2025T20:47:55 - [TEST_STEP][PASSED] - (i++): null

21-10-2025T20:47:55 - [TEST_STEP][PASSED] - sendKeys(findTestObject("FIM/Sites Page/Site Filtering/Site_txt"), Keys.chord(BACK_SPACE), STOP_ON_FAILURE): Keys 'BACK_SPACE + ' sent to object: 'Object Repository/FIM/Sites Page/Site Filtering/Site_txt'

21-10-2025T20:47:55 - [MESSAGE][PASSED] - Keys 'BACK_SPACE + ' sent to object: 'Object Repository/FIM/Sites Page/Site Filtering/Site_txt'

21-10-2025T20:47:55 - [TEST_STEP][PASSED] - (i++): null

21-10-2025T20:47:55 - [TEST_STEP][PASSED] - sendKeys(findTestObject("FIM/Sites Page/Site Filtering/Site_txt"), Keys.chord(BACK_SPACE), STOP_ON_FAILURE): Keys 'BACK_SPACE + ' sent to object: 'Object Repository/FIM/Sites Page/Site Filtering/Site_txt'

21-10-2025T20:47:55 - [MESSAGE][PASSED] - Keys 'BACK_SPACE + ' sent to object: 'Object Repository/FIM/Sites Page/Site Filtering/Site_txt'

21-10-2025T20:47:55 - [TEST_STEP][PASSED] - (i++): null

21-10-2025T20:47:55 - [TEST_STEP][PASSED] - sendKeys(findTestObject("FIM/Sites Page/Site Filtering/Site_txt"), Keys.chord(BACK_SPACE), STOP_ON_FAILURE): Keys 'BACK_SPACE + ' sent to object: 'Object Repository/FIM/Sites Page/Site Filtering/Site_txt'

21-10-2025T20:47:55 - [MESSAGE][PASSED] - Keys 'BACK_SPACE + ' sent to object: 'Object Repository/FIM/Sites Page/Site Filtering/Site_txt'

21-10-2025T20:47:55 - [TEST_STEP][PASSED] - (i++): null

21-10-2025T20:47:55 - [TEST_STEP][PASSED] - sendKeys(findTestObject("FIM/Sites Page/Site Filtering/Site_txt"), Keys.chord(BACK_SPACE), STOP_ON_FAILURE): Keys 'BACK_SPACE + ' sent to object: 'Object Repository/FIM/Sites Page/Site Filtering/Site_txt'

21-10-2025T20:47:55 - [MESSAGE][PASSED] - Keys 'BACK_SPACE + ' sent to object: 'Object Repository/FIM/Sites Page/Site Filtering/Site_txt'

21-10-2025T20:47:55 - [TEST_STEP][PASSED] - (i++): null

21-10-2025T20:47:55 - [TEST_STEP][PASSED] - sendKeys(findTestObject("FIM/Sites Page/Site Filtering/Site_txt"), Keys.chord(BACK_SPACE), STOP_ON_FAILURE): Keys 'BACK_SPACE + ' sent to object: 'Object Repository/FIM/Sites Page/Site Filtering/Site_txt'

21-10-2025T20:47:55 - [MESSAGE][PASSED] - Keys 'BACK_SPACE + ' sent to object: 'Object Repository/FIM/Sites Page/Site Filtering/Site_txt'

21-10-2025T20:47:55 - [TEST_STEP][PASSED] - (i++): null

21-10-2025T20:47:55 - [TEST_STEP][PASSED] - sendKeys(findTestObject("FIM/Sites Page/Site Filtering/Site_txt"), Keys.chord(BACK_SPACE), STOP_ON_FAILURE): Keys 'BACK_SPACE + ' sent to object: 'Object Repository/FIM/Sites Page/Site Filtering/Site_txt'

21-10-2025T20:47:55 - [MESSAGE][PASSED] - Keys 'BACK_SPACE + ' sent to object: 'Object Repository/FIM/Sites Page/Site Filtering/Site_txt'

21-10-2025T20:47:55 - [TEST_STEP][PASSED] - (i++): null

21-10-2025T20:47:55 - [TEST_STEP][PASSED] - sendKeys(findTestObject("FIM/Sites Page/Site Filtering/Site_txt"), Keys.chord(BACK_SPACE), STOP_ON_FAILURE): Keys 'BACK_SPACE + ' sent to object: 'Object Repository/FIM/Sites Page/Site Filtering/Site_txt'

21-10-2025T20:47:56 - [MESSAGE][PASSED] - Keys 'BACK_SPACE + ' sent to object: 'Object Repository/FIM/Sites Page/Site Filtering/Site_txt'

21-10-2025T20:47:56 - [TEST_STEP][PASSED] - (i++): null

21-10-2025T20:47:56 - [TEST_STEP][PASSED] - sendKeys(findTestObject("FIM/Sites Page/Site Filtering/Site_txt"), Keys.chord(BACK_SPACE), STOP_ON_FAILURE): Keys 'BACK_SPACE + ' sent to object: 'Object Repository/FIM/Sites Page/Site Filtering/Site_txt'

21-10-2025T20:47:56 - [MESSAGE][PASSED] - Keys 'BACK_SPACE + ' sent to object: 'Object Repository/FIM/Sites Page/Site Filtering/Site_txt'

21-10-2025T20:47:56 - [TEST_STEP][PASSED] - (i++): null

21-10-2025T20:47:56 - [TEST_STEP][PASSED] - sendKeys(findTestObject("FIM/Sites Page/Site Filtering/Site_txt"), Keys.chord(BACK_SPACE), STOP_ON_FAILURE): Keys 'BACK_SPACE + ' sent to object: 'Object Repository/FIM/Sites Page/Site Filtering/Site_txt'

21-10-2025T20:47:56 - [MESSAGE][PASSED] - Keys 'BACK_SPACE + ' sent to object: 'Object Repository/FIM/Sites Page/Site Filtering/Site_txt'

21-10-2025T20:47:56 - [TEST_STEP][PASSED] - (i++): null

21-10-2025T20:47:56 - [TEST_STEP][PASSED] - sendKeys(findTestObject("FIM/Sites Page/Site Filtering/Site_txt"), Keys.chord(BACK_SPACE), STOP_ON_FAILURE): Keys 'BACK_SPACE + ' sent to object: 'Object Repository/FIM/Sites Page/Site Filtering/Site_txt'

21-10-2025T20:47:56 - [MESSAGE][PASSED] - Keys 'BACK_SPACE + ' sent to object: 'Object Repository/FIM/Sites Page/Site Filtering/Site_txt'

21-10-2025T20:47:56 - [TEST_STEP][PASSED] - (i++): null

21-10-2025T20:47:56 - [TEST_STEP][PASSED] - sendKeys(findTestObject("FIM/Sites Page/Site Filtering/Site_txt"), Keys.chord(BACK_SPACE), STOP_ON_FAILURE): Keys 'BACK_SPACE + ' sent to object: 'Object Repository/FIM/Sites Page/Site Filtering/Site_txt'

21-10-2025T20:47:56 - [MESSAGE][PASSED] - Keys 'BACK_SPACE + ' sent to object: 'Object Repository/FIM/Sites Page/Site Filtering/Site_txt'

21-10-2025T20:47:56 - [TEST_STEP][PASSED] - (i++): null

21-10-2025T20:47:56 - [TEST_STEP][PASSED] - sendKeys(findTestObject("FIM/Sites Page/Site Filtering/Site_txt"), Keys.chord(BACK_SPACE), STOP_ON_FAILURE): Keys 'BACK_SPACE + ' sent to object: 'Object Repository/FIM/Sites Page/Site Filtering/Site_txt'

21-10-2025T20:47:56 - [MESSAGE][PASSED] - Keys 'BACK_SPACE + ' sent to object: 'Object Repository/FIM/Sites Page/Site Filtering/Site_txt'

21-10-2025T20:47:56 - [TEST_STEP][PASSED] - (i++): null

21-10-2025T20:47:56 - [TEST_STEP][PASSED] - sendKeys(findTestObject("FIM/Sites Page/Site Filtering/Site_txt"), Keys.chord(BACK_SPACE), STOP_ON_FAILURE): Keys 'BACK_SPACE + ' sent to object: 'Object Repository/FIM/Sites Page/Site Filtering/Site_txt'

21-10-2025T20:47:56 - [MESSAGE][PASSED] - Keys 'BACK_SPACE + ' sent to object: 'Object Repository/FIM/Sites Page/Site Filtering/Site_txt'

21-10-2025T20:47:56 - [TEST_STEP][PASSED] - (i++): null

21-10-2025T20:47:56 - [TEST_STEP][PASSED] - sendKeys(findTestObject("FIM/Sites Page/Site Filtering/Site_txt"), Keys.chord(BACK_SPACE), STOP_ON_FAILURE): Keys 'BACK_SPACE + ' sent to object: 'Object Repository/FIM/Sites Page/Site Filtering/Site_txt'

21-10-2025T20:47:56 - [MESSAGE][PASSED] - Keys 'BACK_SPACE + ' sent to object: 'Object Repository/FIM/Sites Page/Site Filtering/Site_txt'

21-10-2025T20:47:56 - [TEST_STEP][PASSED] - (i++): null

21-10-2025T20:47:56 - [TEST_STEP][PASSED] - sendKeys(findTestObject("FIM/Sites Page/Site Filtering/Site_txt"), Keys.chord(BACK_SPACE), STOP_ON_FAILURE): Keys 'BACK_SPACE + ' sent to object: 'Object Repository/FIM/Sites Page/Site Filtering/Site_txt'

21-10-2025T20:47:56 - [MESSAGE][PASSED] - Keys 'BACK_SPACE + ' sent to object: 'Object Repository/FIM/Sites Page/Site Filtering/Site_txt'

21-10-2025T20:47:56 - [TEST_STEP][PASSED] - (i++): null

21-10-2025T20:47:56 - [TEST_STEP][PASSED] - sendKeys(findTestObject("FIM/Sites Page/Site Filtering/Site_txt"), Keys.chord(BACK_SPACE), STOP_ON_FAILURE): Keys 'BACK_SPACE + ' sent to object: 'Object Repository/FIM/Sites Page/Site Filtering/Site_txt'

21-10-2025T20:47:56 - [MESSAGE][PASSED] - Keys 'BACK_SPACE + ' sent to object: 'Object Repository/FIM/Sites Page/Site Filtering/Site_txt'

21-10-2025T20:47:56 - [TEST_STEP][PASSED] - (i++): null

21-10-2025T20:47:56 - [TEST_STEP][PASSED] - sendKeys(findTestObject("FIM/Sites Page/Site Filtering/Site_txt"), Keys.chord(BACK_SPACE), STOP_ON_FAILURE): Keys 'BACK_SPACE + ' sent to object: 'Object Repository/FIM/Sites Page/Site Filtering/Site_txt'

21-10-2025T20:47:56 - [MESSAGE][PASSED] - Keys 'BACK_SPACE + ' sent to object: 'Object Repository/FIM/Sites Page/Site Filtering/Site_txt'

21-10-2025T20:47:56 - [TEST_STEP][PASSED] - (i++): null

21-10-2025T20:47:56 - [TEST_STEP][PASSED] - sendKeys(findTestObject("FIM/Sites Page/Site Filtering/Site_txt"), Keys.chord(BACK_SPACE), STOP_ON_FAILURE): Keys 'BACK_SPACE + ' sent to object: 'Object Repository/FIM/Sites Page/Site Filtering/Site_txt'

21-10-2025T20:47:56 - [MESSAGE][PASSED] - Keys 'BACK_SPACE + ' sent to object: 'Object Repository/FIM/Sites Page/Site Filtering/Site_txt'

21-10-2025T20:47:56 - [TEST_STEP][PASSED] - (i++): null

21-10-2025T20:47:56 - [TEST_STEP][PASSED] - sendKeys(findTestObject("FIM/Sites Page/Site Filtering/Site_txt"), Keys.chord(BACK_SPACE), STOP_ON_FAILURE): Keys 'BACK_SPACE + ' sent to object: 'Object Repository/FIM/Sites Page/Site Filtering/Site_txt'

21-10-2025T20:47:56 - [MESSAGE][PASSED] - Keys 'BACK_SPACE + ' sent to object: 'Object Repository/FIM/Sites Page/Site Filtering/Site_txt'

21-10-2025T20:47:56 - [TEST_STEP][PASSED] - (i++): null

21-10-2025T20:47:56 - [TEST_STEP][PASSED] - sendKeys(findTestObject("FIM/Sites Page/Site Filtering/Site_txt"), Keys.chord(BACK_SPACE), STOP_ON_FAILURE): Keys 'BACK_SPACE + ' sent to object: 'Object Repository/FIM/Sites Page/Site Filtering/Site_txt'

21-10-2025T20:47:56 - [MESSAGE][PASSED] - Keys 'BACK_SPACE + ' sent to object: 'Object Repository/FIM/Sites Page/Site Filtering/Site_txt'

21-10-2025T20:47:56 - [TEST_STEP][PASSED] - (i++): null

21-10-2025T20:47:56 - [TEST_STEP][PASSED] - sendKeys(findTestObject("FIM/Sites Page/Site Filtering/Site_txt"), Keys.chord(BACK_SPACE), STOP_ON_FAILURE): Keys 'BACK_SPACE + ' sent to object: 'Object Repository/FIM/Sites Page/Site Filtering/Site_txt'

21-10-2025T20:47:56 - [MESSAGE][PASSED] - Keys 'BACK_SPACE + ' sent to object: 'Object Repository/FIM/Sites Page/Site Filtering/Site_txt'

21-10-2025T20:47:56 - [TEST_STEP][PASSED] - (i++): null

21-10-2025T20:47:56 - [TEST_STEP][PASSED] - sendKeys(findTestObject("FIM/Sites Page/Site Filtering/Site_txt"), Keys.chord(BACK_SPACE), STOP_ON_FAILURE): Keys 'BACK_SPACE + ' sent to object: 'Object Repository/FIM/Sites Page/Site Filtering/Site_txt'

21-10-2025T20:47:56 - [MESSAGE][PASSED] - Keys 'BACK_SPACE + ' sent to object: 'Object Repository/FIM/Sites Page/Site Filtering/Site_txt'

21-10-2025T20:47:56 - [TEST_STEP][PASSED] - (i++): null

21-10-2025T20:47:56 - [TEST_STEP][PASSED] - sendKeys(findTestObject("FIM/Sites Page/Site Filtering/Site_txt"), Keys.chord(BACK_SPACE), STOP_ON_FAILURE): Keys 'BACK_SPACE + ' sent to object: 'Object Repository/FIM/Sites Page/Site Filtering/Site_txt'

21-10-2025T20:47:56 - [MESSAGE][PASSED] - Keys 'BACK_SPACE + ' sent to object: 'Object Repository/FIM/Sites Page/Site Filtering/Site_txt'

21-10-2025T20:47:56 - [TEST_STEP][PASSED] - (i++): null

21-10-2025T20:47:56 - [TEST_STEP][PASSED] - sendKeys(findTestObject("FIM/Sites Page/Site Filtering/Site_txt"), Keys.chord(BACK_SPACE), STOP_ON_FAILURE): Keys 'BACK_SPACE + ' sent to object: 'Object Repository/FIM/Sites Page/Site Filtering/Site_txt'

21-10-2025T20:47:56 - [MESSAGE][PASSED] - Keys 'BACK_SPACE + ' sent to object: 'Object Repository/FIM/Sites Page/Site Filtering/Site_txt'

21-10-2025T20:47:56 - [TEST_STEP][PASSED] - (i++): null

21-10-2025T20:47:56 - [TEST_STEP][PASSED] - sendKeys(findTestObject("FIM/Sites Page/Site Filtering/Site_txt"), Keys.chord(BACK_SPACE), STOP_ON_FAILURE): Keys 'BACK_SPACE + ' sent to object: 'Object Repository/FIM/Sites Page/Site Filtering/Site_txt'

21-10-2025T20:47:56 - [MESSAGE][PASSED] - Keys 'BACK_SPACE + ' sent to object: 'Object Repository/FIM/Sites Page/Site Filtering/Site_txt'

21-10-2025T20:47:56 - [TEST_STEP][PASSED] - (i++): null

21-10-2025T20:47:56 - [TEST_STEP][PASSED] - sendKeys(findTestObject("FIM/Sites Page/Site Filtering/Site_txt"), Keys.chord(BACK_SPACE), STOP_ON_FAILURE): Keys 'BACK_SPACE + ' sent to object: 'Object Repository/FIM/Sites Page/Site Filtering/Site_txt'

21-10-2025T20:47:57 - [MESSAGE][PASSED] - Keys 'BACK_SPACE + ' sent to object: 'Object Repository/FIM/Sites Page/Site Filtering/Site_txt'

21-10-2025T20:47:57 - [TEST_STEP][PASSED] - (i++): null

21-10-2025T20:47:57 - [TEST_STEP][PASSED] - sendKeys(findTestObject("FIM/Sites Page/Site Filtering/Site_txt"), Keys.chord(BACK_SPACE), STOP_ON_FAILURE): Keys 'BACK_SPACE + ' sent to object: 'Object Repository/FIM/Sites Page/Site Filtering/Site_txt'

21-10-2025T20:47:57 - [MESSAGE][PASSED] - Keys 'BACK_SPACE + ' sent to object: 'Object Repository/FIM/Sites Page/Site Filtering/Site_txt'

21-10-2025T20:47:57 - [TEST_STEP][PASSED] - (i++): null

21-10-2025T20:47:57 - [TEST_STEP][PASSED] - sendKeys(findTestObject("FIM/Sites Page/Site Filtering/Site_txt"), Keys.chord(BACK_SPACE), STOP_ON_FAILURE): Keys 'BACK_SPACE + ' sent to object: 'Object Repository/FIM/Sites Page/Site Filtering/Site_txt'

21-10-2025T20:47:57 - [MESSAGE][PASSED] - Keys 'BACK_SPACE + ' sent to object: 'Object Repository/FIM/Sites Page/Site Filtering/Site_txt'

21-10-2025T20:47:57 - [TEST_STEP][PASSED] - (i++): null

21-10-2025T20:47:57 - [TEST_STEP][PASSED] - sendKeys(findTestObject("FIM/Sites Page/Site Filtering/Site_txt"), Keys.chord(BACK_SPACE), STOP_ON_FAILURE): Keys 'BACK_SPACE + ' sent to object: 'Object Repository/FIM/Sites Page/Site Filtering/Site_txt'

21-10-2025T20:47:57 - [MESSAGE][PASSED] - Keys 'BACK_SPACE + ' sent to object: 'Object Repository/FIM/Sites Page/Site Filtering/Site_txt'

21-10-2025T20:47:57 - [TEST_STEP][PASSED] - (i++): null

21-10-2025T20:47:57 - [TEST_STEP][PASSED] - sendKeys(findTestObject("FIM/Sites Page/Site Filtering/Site_txt"), Keys.chord(BACK_SPACE), STOP_ON_FAILURE): Keys 'BACK_SPACE + ' sent to object: 'Object Repository/FIM/Sites Page/Site Filtering/Site_txt'

21-10-2025T20:47:57 - [MESSAGE][PASSED] - Keys 'BACK_SPACE + ' sent to object: 'Object Repository/FIM/Sites Page/Site Filtering/Site_txt'

21-10-2025T20:47:57 - [TEST_STEP][PASSED] - (i++): null

21-10-2025T20:47:57 - [TEST_STEP][PASSED] - sendKeys(findTestObject("FIM/Sites Page/Site Filtering/Site_txt"), Keys.chord(BACK_SPACE), STOP_ON_FAILURE): Keys 'BACK_SPACE + ' sent to object: 'Object Repository/FIM/Sites Page/Site Filtering/Site_txt'

21-10-2025T20:47:57 - [MESSAGE][PASSED] - Keys 'BACK_SPACE + ' sent to object: 'Object Repository/FIM/Sites Page/Site Filtering/Site_txt'

21-10-2025T20:47:57 - [TEST_STEP][PASSED] - (i++): null

21-10-2025T20:47:57 - [TEST_STEP][PASSED] - sendKeys(findTestObject("FIM/Sites Page/Site Filtering/Site_txt"), Keys.chord(BACK_SPACE), STOP_ON_FAILURE): Keys 'BACK_SPACE + ' sent to object: 'Object Repository/FIM/Sites Page/Site Filtering/Site_txt'

21-10-2025T20:47:57 - [MESSAGE][PASSED] - Keys 'BACK_SPACE + ' sent to object: 'Object Repository/FIM/Sites Page/Site Filtering/Site_txt'

21-10-2025T20:47:57 - [TEST_STEP][PASSED] - (i++): null

21-10-2025T20:47:57 - [TEST_STEP][PASSED] - sendKeys(findTestObject("FIM/Sites Page/Site Filtering/Site_txt"), Keys.chord(BACK_SPACE), STOP_ON_FAILURE): Keys 'BACK_SPACE + ' sent to object: 'Object Repository/FIM/Sites Page/Site Filtering/Site_txt'

21-10-2025T20:47:57 - [MESSAGE][PASSED] - Keys 'BACK_SPACE + ' sent to object: 'Object Repository/FIM/Sites Page/Site Filtering/Site_txt'

21-10-2025T20:47:57 - [TEST_STEP][PASSED] - (i++): null

21-10-2025T20:47:57 - [TEST_STEP][PASSED] - sendKeys(findTestObject("FIM/Sites Page/Site Filtering/Site_txt"), Keys.chord(BACK_SPACE), STOP_ON_FAILURE): Keys 'BACK_SPACE + ' sent to object: 'Object Repository/FIM/Sites Page/Site Filtering/Site_txt'

21-10-2025T20:47:57 - [MESSAGE][PASSED] - Keys 'BACK_SPACE + ' sent to object: 'Object Repository/FIM/Sites Page/Site Filtering/Site_txt'

21-10-2025T20:47:57 - [TEST_STEP][PASSED] - (i++): null

21-10-2025T20:47:57 - [TEST_STEP][PASSED] - sendKeys(findTestObject("FIM/Sites Page/Site Filtering/Site_txt"), Keys.chord(BACK_SPACE), STOP_ON_FAILURE): Keys 'BACK_SPACE + ' sent to object: 'Object Repository/FIM/Sites Page/Site Filtering/Site_txt'

21-10-2025T20:47:57 - [MESSAGE][PASSED] - Keys 'BACK_SPACE + ' sent to object: 'Object Repository/FIM/Sites Page/Site Filtering/Site_txt'

21-10-2025T20:47:57 - [TEST_STEP][PASSED] - (i++): null

21-10-2025T20:47:57 - [TEST_STEP][PASSED] - sendKeys(findTestObject("FIM/Sites Page/Site Filtering/Site_txt"), Keys.chord(BACK_SPACE), STOP_ON_FAILURE): Keys 'BACK_SPACE + ' sent to object: 'Object Repository/FIM/Sites Page/Site Filtering/Site_txt'

21-10-2025T20:47:57 - [MESSAGE][PASSED] - Keys 'BACK_SPACE + ' sent to object: 'Object Repository/FIM/Sites Page/Site Filtering/Site_txt'

21-10-2025T20:47:57 - [TEST_STEP][PASSED] - (i++): null

21-10-2025T20:47:57 - [TEST_STEP][PASSED] - sendKeys(findTestObject("FIM/Sites Page/Site Filtering/Site_txt"), Keys.chord(BACK_SPACE), STOP_ON_FAILURE): Keys 'BACK_SPACE + ' sent to object: 'Object Repository/FIM/Sites Page/Site Filtering/Site_txt'

21-10-2025T20:47:57 - [MESSAGE][PASSED] - Keys 'BACK_SPACE + ' sent to object: 'Object Repository/FIM/Sites Page/Site Filtering/Site_txt'

21-10-2025T20:47:57 - [TEST_STEP][PASSED] - (i++): null

21-10-2025T20:47:57 - [TEST_STEP][PASSED] - sendKeys(findTestObject("FIM/Sites Page/Site Filtering/Site_txt"), Keys.chord(BACK_SPACE), STOP_ON_FAILURE): Keys 'BACK_SPACE + ' sent to object: 'Object Repository/FIM/Sites Page/Site Filtering/Site_txt'

21-10-2025T20:47:57 - [MESSAGE][PASSED] - Keys 'BACK_SPACE + ' sent to object: 'Object Repository/FIM/Sites Page/Site Filtering/Site_txt'

21-10-2025T20:47:57 - [TEST_STEP][PASSED] - (i++): null

21-10-2025T20:47:57 - [TEST_STEP][PASSED] - sendKeys(findTestObject("FIM/Sites Page/Site Filtering/Site_txt"), Keys.chord(BACK_SPACE), STOP_ON_FAILURE): Keys 'BACK_SPACE + ' sent to object: 'Object Repository/FIM/Sites Page/Site Filtering/Site_txt'

21-10-2025T20:47:57 - [MESSAGE][PASSED] - Keys 'BACK_SPACE + ' sent to object: 'Object Repository/FIM/Sites Page/Site Filtering/Site_txt'

21-10-2025T20:47:57 - [TEST_STEP][PASSED] - (i++): null

21-10-2025T20:47:57 - [TEST_STEP][PASSED] - sendKeys(findTestObject("FIM/Sites Page/Site Filtering/Site_txt"), Keys.chord(BACK_SPACE), STOP_ON_FAILURE): Keys 'BACK_SPACE + ' sent to object: 'Object Repository/FIM/Sites Page/Site Filtering/Site_txt'

21-10-2025T20:47:57 - [MESSAGE][PASSED] - Keys 'BACK_SPACE + ' sent to object: 'Object Repository/FIM/Sites Page/Site Filtering/Site_txt'

21-10-2025T20:47:57 - [TEST_STEP][PASSED] - (i++): null

21-10-2025T20:47:57 - [TEST_STEP][PASSED] - sendKeys(findTestObject("FIM/Sites Page/Site Filtering/Site_txt"), Keys.chord(BACK_SPACE), STOP_ON_FAILURE): Keys 'BACK_SPACE + ' sent to object: 'Object Repository/FIM/Sites Page/Site Filtering/Site_txt'

21-10-2025T20:47:57 - [MESSAGE][PASSED] - Keys 'BACK_SPACE + ' sent to object: 'Object Repository/FIM/Sites Page/Site Filtering/Site_txt'

21-10-2025T20:47:57 - [TEST_STEP][PASSED] - (i++): null

21-10-2025T20:47:57 - [TEST_STEP][PASSED] - sendKeys(findTestObject("FIM/Sites Page/Site Filtering/Site_txt"), Keys.chord(BACK_SPACE), STOP_ON_FAILURE): Keys 'BACK_SPACE + ' sent to object: 'Object Repository/FIM/Sites Page/Site Filtering/Site_txt'

21-10-2025T20:47:57 - [MESSAGE][PASSED] - Keys 'BACK_SPACE + ' sent to object: 'Object Repository/FIM/Sites Page/Site Filtering/Site_txt'

21-10-2025T20:47:57 - [TEST_STEP][PASSED] - (i++): null

21-10-2025T20:47:57 - [TEST_STEP][PASSED] - sendKeys(findTestObject("FIM/Sites Page/Site Filtering/Site_txt"), Keys.chord(BACK_SPACE), STOP_ON_FAILURE): Keys 'BACK_SPACE + ' sent to object: 'Object Repository/FIM/Sites Page/Site Filtering/Site_txt'

21-10-2025T20:47:57 - [MESSAGE][PASSED] - Keys 'BACK_SPACE + ' sent to object: 'Object Repository/FIM/Sites Page/Site Filtering/Site_txt'

21-10-2025T20:47:57 - [TEST_STEP][PASSED] - (i++): null

21-10-2025T20:47:57 - [TEST_STEP][PASSED] - sendKeys(findTestObject("FIM/Sites Page/Site Filtering/Site_txt"), Keys.chord(BACK_SPACE), STOP_ON_FAILURE): Keys 'BACK_SPACE + ' sent to object: 'Object Repository/FIM/Sites Page/Site Filtering/Site_txt'

21-10-2025T20:47:58 - [MESSAGE][PASSED] - Keys 'BACK_SPACE + ' sent to object: 'Object Repository/FIM/Sites Page/Site Filtering/Site_txt'

21-10-2025T20:47:58 - [TEST_STEP][PASSED] - (i++): null

21-10-2025T20:47:58 - [TEST_STEP][PASSED] - sendKeys(findTestObject("FIM/Sites Page/Site Filtering/Site_txt"), Keys.chord(BACK_SPACE), STOP_ON_FAILURE): Keys 'BACK_SPACE + ' sent to object: 'Object Repository/FIM/Sites Page/Site Filtering/Site_txt'

21-10-2025T20:47:58 - [MESSAGE][PASSED] - Keys 'BACK_SPACE + ' sent to object: 'Object Repository/FIM/Sites Page/Site Filtering/Site_txt'

21-10-2025T20:47:58 - [TEST_STEP][PASSED] - (i++): null

21-10-2025T20:47:58 - [TEST_STEP][PASSED] - sendKeys(findTestObject("FIM/Sites Page/Site Filtering/Site_txt"), Keys.chord(BACK_SPACE), STOP_ON_FAILURE): Keys 'BACK_SPACE + ' sent to object: 'Object Repository/FIM/Sites Page/Site Filtering/Site_txt'

21-10-2025T20:47:58 - [MESSAGE][PASSED] - Keys 'BACK_SPACE + ' sent to object: 'Object Repository/FIM/Sites Page/Site Filtering/Site_txt'

21-10-2025T20:47:58 - [TEST_STEP][PASSED] - (i++): null

21-10-2025T20:47:58 - [TEST_STEP][PASSED] - sendKeys(findTestObject("FIM/Sites Page/Site Filtering/Site_txt"), Keys.chord(BACK_SPACE), STOP_ON_FAILURE): Keys 'BACK_SPACE + ' sent to object: 'Object Repository/FIM/Sites Page/Site Filtering/Site_txt'

21-10-2025T20:47:58 - [MESSAGE][PASSED] - Keys 'BACK_SPACE + ' sent to object: 'Object Repository/FIM/Sites Page/Site Filtering/Site_txt'

21-10-2025T20:47:58 - [TEST_STEP][PASSED] - (i++): null

21-10-2025T20:47:58 - [TEST_STEP][PASSED] - sendKeys(findTestObject("FIM/Sites Page/Site Filtering/Site_txt"), Keys.chord(BACK_SPACE), STOP_ON_FAILURE): Keys 'BACK_SPACE + ' sent to object: 'Object Repository/FIM/Sites Page/Site Filtering/Site_txt'

21-10-2025T20:47:58 - [MESSAGE][PASSED] - Keys 'BACK_SPACE + ' sent to object: 'Object Repository/FIM/Sites Page/Site Filtering/Site_txt'

21-10-2025T20:47:58 - [TEST_STEP][PASSED] - (i++): null

21-10-2025T20:47:58 - [TEST_STEP][PASSED] - sendKeys(findTestObject("FIM/Sites Page/Site Filtering/Site_txt"), Keys.chord(BACK_SPACE), STOP_ON_FAILURE): Keys 'BACK_SPACE + ' sent to object: 'Object Repository/FIM/Sites Page/Site Filtering/Site_txt'

21-10-2025T20:47:58 - [MESSAGE][PASSED] - Keys 'BACK_SPACE + ' sent to object: 'Object Repository/FIM/Sites Page/Site Filtering/Site_txt'

21-10-2025T20:47:58 - [TEST_STEP][PASSED] - (i++): null

21-10-2025T20:47:58 - [TEST_STEP][PASSED] - sendKeys(findTestObject("FIM/Sites Page/Site Filtering/Site_txt"), Keys.chord(BACK_SPACE), STOP_ON_FAILURE): Keys 'BACK_SPACE + ' sent to object: 'Object Repository/FIM/Sites Page/Site Filtering/Site_txt'

21-10-2025T20:47:58 - [MESSAGE][PASSED] - Keys 'BACK_SPACE + ' sent to object: 'Object Repository/FIM/Sites Page/Site Filtering/Site_txt'

21-10-2025T20:47:58 - [TEST_STEP][PASSED] - (i++): null

21-10-2025T20:47:58 - [TEST_STEP][PASSED] - sendKeys(findTestObject("FIM/Sites Page/Site Filtering/Site_txt"), Keys.chord(BACK_SPACE), STOP_ON_FAILURE): Keys 'BACK_SPACE + ' sent to object: 'Object Repository/FIM/Sites Page/Site Filtering/Site_txt'

21-10-2025T20:47:58 - [MESSAGE][PASSED] - Keys 'BACK_SPACE + ' sent to object: 'Object Repository/FIM/Sites Page/Site Filtering/Site_txt'

21-10-2025T20:47:58 - [TEST_STEP][PASSED] - (i++): null

21-10-2025T20:47:58 - [TEST_STEP][PASSED] - sendKeys(findTestObject("FIM/Sites Page/Site Filtering/Site_txt"), Keys.chord(BACK_SPACE), STOP_ON_FAILURE): Keys 'BACK_SPACE + ' sent to object: 'Object Repository/FIM/Sites Page/Site Filtering/Site_txt'

21-10-2025T20:47:58 - [MESSAGE][PASSED] - Keys 'BACK_SPACE + ' sent to object: 'Object Repository/FIM/Sites Page/Site Filtering/Site_txt'

21-10-2025T20:47:58 - [TEST_STEP][PASSED] - (i++): null

21-10-2025T20:47:58 - [TEST_STEP][PASSED] - sendKeys(findTestObject("FIM/Sites Page/Site Filtering/Site_txt"), Keys.chord(BACK_SPACE), STOP_ON_FAILURE): Keys 'BACK_SPACE + ' sent to object: 'Object Repository/FIM/Sites Page/Site Filtering/Site_txt'

21-10-2025T20:47:58 - [MESSAGE][PASSED] - Keys 'BACK_SPACE + ' sent to object: 'Object Repository/FIM/Sites Page/Site Filtering/Site_txt'

21-10-2025T20:47:58 - [TEST_STEP][PASSED] - (i++): null

21-10-2025T20:47:58 - [TEST_STEP][PASSED] - sendKeys(findTestObject("FIM/Sites Page/Site Filtering/Site_txt"), Keys.chord(BACK_SPACE), STOP_ON_FAILURE): Keys 'BACK_SPACE + ' sent to object: 'Object Repository/FIM/Sites Page/Site Filtering/Site_txt'

21-10-2025T20:47:58 - [MESSAGE][PASSED] - Keys 'BACK_SPACE + ' sent to object: 'Object Repository/FIM/Sites Page/Site Filtering/Site_txt'

21-10-2025T20:47:58 - [TEST_STEP][PASSED] - (i++): null

21-10-2025T20:47:58 - [TEST_STEP][PASSED] - sendKeys(findTestObject("FIM/Sites Page/Site Filtering/Site_txt"), "TURK132 - 798 North", STOP_ON_FAILURE): Keys 'TURK132 - 798 North' sent to object: 'Object Repository/FIM/Sites Page/Site Filtering/Site_txt'

21-10-2025T20:47:58 - [MESSAGE][PASSED] - Keys 'TURK132 - 798 North' sent to object: 'Object Repository/FIM/Sites Page/Site Filtering/Site_txt'

21-10-2025T20:47:58 - [TEST_STEP][PASSED] - sendKeys(findTestObject("FIM/Sites Page/Site Filtering/Site_txt"), Keys.chord(ENTER), STOP_ON_FAILURE): Keys 'ENTER + ' sent to object: 'Object Repository/FIM/Sites Page/Site Filtering/Site_txt'

21-10-2025T20:47:58 - [MESSAGE][PASSED] - Keys 'ENTER + ' sent to object: 'Object Repository/FIM/Sites Page/Site Filtering/Site_txt'

21-10-2025T20:47:58 - [TEST_STEP][PASSED] - waitForElementClickable(findTestObject("FIM/Sites Page/Orders/Create Order/CreateOrder_btn"), 300): Object 'Object Repository/FIM/Sites Page/Orders/Create Order/CreateOrder_btn' is clickable

21-10-2025T20:47:59 - [MESSAGE][PASSED] - Object 'Object Repository/FIM/Sites Page/Orders/Create Order/CreateOrder_btn' is clickable

21-10-2025T20:47:59 - [TEST_STEP][PASSED] - click(findTestObject("FIM/Sites Page/Orders/Create Order/CreateOrder_btn"), OPTIONAL): Object: 'Object Repository/FIM/Sites Page/Orders/Create Order/CreateOrder_btn' is clicked on

21-10-2025T20:47:59 - [MESSAGE][PASSED] - Object: 'Object Repository/FIM/Sites Page/Orders/Create Order/CreateOrder_btn' is clicked on

21-10-2025T20:47:59 - [TEST_STEP][PASSED] - delay(1): Delayed 1 second(s)

21-10-2025T20:48:00 - [MESSAGE][PASSED] - Delayed 1 second(s)

21-10-2025T20:48:00 - [TEST_STEP][PASSED] - verifyElementPresent(findTestObject("FIM/Sites Page/Orders/Create Order/Split_Load_Order_toggle"), 10): Object 'Object Repository/FIM/Sites Page/Orders/Create Order/Split_Load_Order_toggle' is present

21-10-2025T20:48:00 - [MESSAGE][PASSED] - Object 'Object Repository/FIM/Sites Page/Orders/Create Order/Split_Load_Order_toggle' is present

21-10-2025T20:48:00 - [TEST_STEP][PASSED] - click(findTestObject("FIM/Sites Page/Orders/Create Order/Split_Load_Order_toggle"), STOP_ON_FAILURE): Object: 'Object Repository/FIM/Sites Page/Orders/Create Order/Split_Load_Order_toggle' is clicked on

21-10-2025T20:48:00 - [MESSAGE][PASSED] - Object: 'Object Repository/FIM/Sites Page/Orders/Create Order/Split_Load_Order_toggle' is clicked on

21-10-2025T20:48:00 - [TEST_STEP][PASSED] - delay(2): Delayed 2 second(s)

21-10-2025T20:48:02 - [MESSAGE][PASSED] - Delayed 2 second(s)

21-10-2025T20:48:02 - [TEST_STEP][PASSED] - delay(1): Delayed 1 second(s)

21-10-2025T20:48:03 - [MESSAGE][PASSED] - Delayed 1 second(s)

21-10-2025T20:48:03 - [TEST_STEP][PASSED] - sendKeys(findTestObject("FIM/Sites Page/Orders/Create Order/Split Order/Order_Site_Search_txt"), Keys.chord(ARROW_DOWN), STOP_ON_FAILURE): Keys 'DOWN + ' sent to object: 'Object Repository/FIM/Sites Page/Orders/Create Order/Split Order/Order_Site_Search_txt'

21-10-2025T20:48:03 - [MESSAGE][PASSED] - Keys 'DOWN + ' sent to object: 'Object Repository/FIM/Sites Page/Orders/Create Order/Split Order/Order_Site_Search_txt'

21-10-2025T20:48:03 - [TEST_STEP][PASSED] - delay(1): Delayed 1 second(s)

21-10-2025T20:48:04 - [MESSAGE][PASSED] - Delayed 1 second(s)

21-10-2025T20:48:04 - [TEST_STEP][PASSED] - sendKeys(findTestObject("FIM/Sites Page/Orders/Create Order/Split Order/Order_Site_Search_txt"), Keys.chord(ENTER), STOP_ON_FAILURE): Keys 'ENTER + ' sent to object: 'Object Repository/FIM/Sites Page/Orders/Create Order/Split Order/Order_Site_Search_txt'

21-10-2025T20:48:04 - [MESSAGE][PASSED] - Keys 'ENTER + ' sent to object: 'Object Repository/FIM/Sites Page/Orders/Create Order/Split Order/Order_Site_Search_txt'

21-10-2025T20:48:04 - [TEST_STEP][PASSED] - delay(2): Delayed 2 second(s)

21-10-2025T20:48:06 - [MESSAGE][PASSED] - Delayed 2 second(s)

21-10-2025T20:48:06 - [TEST_STEP][PASSED] - click(findTestObject("FIM/Sites Page/Orders/Create Order/Split Order/Add_Load_btn")): Object: 'Object Repository/FIM/Sites Page/Orders/Create Order/Split Order/Add_Load_btn' is clicked on

21-10-2025T20:48:07 - [MESSAGE][PASSED] - Object: 'Object Repository/FIM/Sites Page/Orders/Create Order/Split Order/Add_Load_btn' is clicked on

21-10-2025T20:48:07 - [TEST_STEP][PASSED] - delay(2): Delayed 2 second(s)

21-10-2025T20:48:09 - [MESSAGE][PASSED] - Delayed 2 second(s)

21-10-2025T20:48:09 - [TEST_STEP][FAILED] - verifyElementPresent(findTestObject("FIM/Sites Page/Orders/Create Order/Split Order/Site_Two_Tank_One_txt"), 10): Unable to verify object 'Object Repository/FIM/Sites Page/Orders/Create Order/Split Order/Site_Two_Tank_One_txt' is present (Root cause: com.kms.katalon.core.exception.StepFailedException: Unable to verify object 'Object Repository/FIM/Sites Page/Orders/Create Order/Split Order/Site_Two_Tank_One_txt' is present
	at com.kms.katalon.core.webui.keyword.internal.WebUIKeywordMain.stepFailed(WebUIKeywordMain.groovy:117)
	at com.kms.katalon.core.webui.keyword.internal.WebUIKeywordMain.runKeyword(WebUIKeywordMain.groovy:43)
	at com.kms.katalon.core.webui.keyword.builtin.VerifyElementPresentKeyword.verifyElementPresent(VerifyElementPresentKeyword.groovy:92)
	at com.kms.katalon.core.webui.keyword.builtin.VerifyElementPresentKeyword.execute(VerifyElementPresentKeyword.groovy:68)
	at com.kms.katalon.core.keyword.internal.KeywordExecutor.executeKeywordForPlatform(KeywordExecutor.groovy:74)
	at com.kms.katalon.core.webui.keyword.WebUiBuiltInKeywords.verifyElementPresent(WebUiBuiltInKeywords.groovy:1503)
	at com.kms.katalon.core.webui.keyword.WebUiBuiltInKeywords$verifyElementPresent$6.call(Unknown Source)
	at Can Not Create Split Load Order With Errors.run(Can Not Create Split Load Order With Errors:81)
	at com.kms.katalon.core.main.ScriptEngine.run(ScriptEngine.java:194)
	at com.kms.katalon.core.main.ScriptEngine.runScriptAsRawText(ScriptEngine.java:119)
	at com.kms.katalon.core.main.TestCaseExecutor.runScript(TestCaseExecutor.java:448)
	at com.kms.katalon.core.main.TestCaseExecutor.doExecute(TestCaseExecutor.java:439)
	at com.kms.katalon.core.main.TestCaseExecutor.processExecutionPhase(TestCaseExecutor.java:418)
	at com.kms.katalon.core.main.TestCaseExecutor.accessMainPhase(TestCaseExecutor.java:410)
	at com.kms.katalon.core.main.TestCaseExecutor.execute(TestCaseExecutor.java:285)
	at com.kms.katalon.core.common.CommonExecutor.accessTestCaseMainPhase(CommonExecutor.java:65)
	at com.kms.katalon.core.main.TestSuiteExecutor.accessTestSuiteMainPhase(TestSuiteExecutor.java:150)
	at com.kms.katalon.core.main.TestSuiteExecutor.execute(TestSuiteExecutor.java:106)
	at com.kms.katalon.core.main.TestCaseMain.startTestSuite(TestCaseMain.java:180)
	at com.kms.katalon.core.main.TestCaseMain$startTestSuite$0.call(Unknown Source)
	at TempTestSuite1761090769781.run(TempTestSuite1761090769781.groovy:35)
	at java.base/jdk.internal.reflect.NativeMethodAccessorImpl.invoke0(Native Method)
	at java.base/jdk.internal.reflect.NativeMethodAccessorImpl.invoke(NativeMethodAccessorImpl.java:77)
	at java.base/jdk.internal.reflect.DelegatingMethodAccessorImpl.invoke(DelegatingMethodAccessorImpl.java:43)
Caused by: com.kms.katalon.core.exception.StepFailedException: com.kms.katalon.core.webui.exception.WebElementNotFoundException: Web element with id: 'Object Repository/FIM/Sites Page/Orders/Create Order/Split Order/Site_Two_Tank_One_txt' located by '//*[@id="order-10UNL"]' not found
	at com.kms.katalon.core.webui.keyword.internal.WebUIKeywordMain.stepFailed(WebUIKeywordMain.groovy:117)
	at com.kms.katalon.core.webui.keyword.builtin.VerifyElementPresentKeyword$_verifyElementPresent_closure1.doCall(VerifyElementPresentKeyword.groovy:85)
	at com.kms.katalon.core.webui.keyword.builtin.VerifyElementPresentKeyword$_verifyElementPresent_closure1.call(VerifyElementPresentKeyword.groovy)
	at com.kms.katalon.core.webui.keyword.internal.WebUIKeywordMain.runKeyword(WebUIKeywordMain.groovy:35)
	... 22 more
)

21-10-2025T20:48:20 - [MESSAGE][INFO] - Unable to find the element located by 'By.xpath: //*[@id="order-10UNL"]'. Please recheck the objects properties to make sure the desired element is located. 

21-10-2025T20:48:20 - [MESSAGE][FAILED] - com.kms.katalon.core.webui.exception.WebElementNotFoundException: Web element with id: 'Object Repository/FIM/Sites Page/Orders/Create Order/Split Order/Site_Two_Tank_One_txt' located by '//*[@id="order-10UNL"]' not found (Root cause: com.kms.katalon.core.exception.StepFailedException: com.kms.katalon.core.webui.exception.WebElementNotFoundException: Web element with id: 'Object Repository/FIM/Sites Page/Orders/Create Order/Split Order/Site_Two_Tank_One_txt' located by '//*[@id="order-10UNL"]' not found
	at com.kms.katalon.core.webui.keyword.internal.WebUIKeywordMain.stepFailed(WebUIKeywordMain.groovy:117)
	at com.kms.katalon.core.webui.keyword.builtin.VerifyElementPresentKeyword$_verifyElementPresent_closure1.doCall(VerifyElementPresentKeyword.groovy:85)
	at com.kms.katalon.core.webui.keyword.builtin.VerifyElementPresentKeyword$_verifyElementPresent_closure1.call(VerifyElementPresentKeyword.groovy)
	at com.kms.katalon.core.webui.keyword.internal.WebUIKeywordMain.runKeyword(WebUIKeywordMain.groovy:35)
	at com.kms.katalon.core.webui.keyword.builtin.VerifyElementPresentKeyword.verifyElementPresent(VerifyElementPresentKeyword.groovy:92)
	at com.kms.katalon.core.webui.keyword.builtin.VerifyElementPresentKeyword.execute(VerifyElementPresentKeyword.groovy:68)
	at com.kms.katalon.core.keyword.internal.KeywordExecutor.executeKeywordForPlatform(KeywordExecutor.groovy:74)
	at com.kms.katalon.core.webui.keyword.WebUiBuiltInKeywords.verifyElementPresent(WebUiBuiltInKeywords.groovy:1503)
	at com.kms.katalon.core.webui.keyword.WebUiBuiltInKeywords$verifyElementPresent$6.call(Unknown Source)
	at Can Not Create Split Load Order With Errors.run(Can Not Create Split Load Order With Errors:81)
	at com.kms.katalon.core.main.ScriptEngine.run(ScriptEngine.java:194)
	at com.kms.katalon.core.main.ScriptEngine.runScriptAsRawText(ScriptEngine.java:119)
	at com.kms.katalon.core.main.TestCaseExecutor.runScript(TestCaseExecutor.java:448)
	at com.kms.katalon.core.main.TestCaseExecutor.doExecute(TestCaseExecutor.java:439)
	at com.kms.katalon.core.main.TestCaseExecutor.processExecutionPhase(TestCaseExecutor.java:418)
	at com.kms.katalon.core.main.TestCaseExecutor.accessMainPhase(TestCaseExecutor.java:410)
	at com.kms.katalon.core.main.TestCaseExecutor.execute(TestCaseExecutor.java:285)
	at com.kms.katalon.core.common.CommonExecutor.accessTestCaseMainPhase(CommonExecutor.java:65)
	at com.kms.katalon.core.main.TestSuiteExecutor.accessTestSuiteMainPhase(TestSuiteExecutor.java:150)
	at com.kms.katalon.core.main.TestSuiteExecutor.execute(TestSuiteExecutor.java:106)
	at com.kms.katalon.core.main.TestCaseMain.startTestSuite(TestCaseMain.java:180)
	at com.kms.katalon.core.main.TestCaseMain$startTestSuite$0.call(Unknown Source)
	at TempTestSuite1761090769781.run(TempTestSuite1761090769781.groovy:35)
	at java.base/jdk.internal.reflect.NativeMethodAccessorImpl.invoke0(Native Method)
	at java.base/jdk.internal.reflect.NativeMethodAccessorImpl.invoke(NativeMethodAccessorImpl.java:77)
	at java.base/jdk.internal.reflect.DelegatingMethodAccessorImpl.invoke(DelegatingMethodAccessorImpl.java:43)
)

21-10-2025T20:48:20 - [MESSAGE][FAILED] - Unable to verify object 'Object Repository/FIM/Sites Page/Orders/Create Order/Split Order/Site_Two_Tank_One_txt' is present (Root cause: com.kms.katalon.core.exception.StepFailedException: Unable to verify object 'Object Repository/FIM/Sites Page/Orders/Create Order/Split Order/Site_Two_Tank_One_txt' is present
	at com.kms.katalon.core.webui.keyword.internal.WebUIKeywordMain.stepFailed(WebUIKeywordMain.groovy:117)
	at com.kms.katalon.core.webui.keyword.internal.WebUIKeywordMain.runKeyword(WebUIKeywordMain.groovy:43)
	at com.kms.katalon.core.webui.keyword.builtin.VerifyElementPresentKeyword.verifyElementPresent(VerifyElementPresentKeyword.groovy:92)
	at com.kms.katalon.core.webui.keyword.builtin.VerifyElementPresentKeyword.execute(VerifyElementPresentKeyword.groovy:68)
	at com.kms.katalon.core.keyword.internal.KeywordExecutor.executeKeywordForPlatform(KeywordExecutor.groovy:74)
	at com.kms.katalon.core.webui.keyword.WebUiBuiltInKeywords.verifyElementPresent(WebUiBuiltInKeywords.groovy:1503)
	at com.kms.katalon.core.webui.keyword.WebUiBuiltInKeywords$verifyElementPresent$6.call(Unknown Source)
	at Can Not Create Split Load Order With Errors.run(Can Not Create Split Load Order With Errors:81)
	at com.kms.katalon.core.main.ScriptEngine.run(ScriptEngine.java:194)
	at com.kms.katalon.core.main.ScriptEngine.runScriptAsRawText(ScriptEngine.java:119)
	at com.kms.katalon.core.main.TestCaseExecutor.runScript(TestCaseExecutor.java:448)
	at com.kms.katalon.core.main.TestCaseExecutor.doExecute(TestCaseExecutor.java:439)
	at com.kms.katalon.core.main.TestCaseExecutor.processExecutionPhase(TestCaseExecutor.java:418)
	at com.kms.katalon.core.main.TestCaseExecutor.accessMainPhase(TestCaseExecutor.java:410)
	at com.kms.katalon.core.main.TestCaseExecutor.execute(TestCaseExecutor.java:285)
	at com.kms.katalon.core.common.CommonExecutor.accessTestCaseMainPhase(CommonExecutor.java:65)
	at com.kms.katalon.core.main.TestSuiteExecutor.accessTestSuiteMainPhase(TestSuiteExecutor.java:150)
	at com.kms.katalon.core.main.TestSuiteExecutor.execute(TestSuiteExecutor.java:106)
	at com.kms.katalon.core.main.TestCaseMain.startTestSuite(TestCaseMain.java:180)
	at com.kms.katalon.core.main.TestCaseMain$startTestSuite$0.call(Unknown Source)
	at TempTestSuite1761090769781.run(TempTestSuite1761090769781.groovy:35)
	at java.base/jdk.internal.reflect.NativeMethodAccessorImpl.invoke0(Native Method)
	at java.base/jdk.internal.reflect.NativeMethodAccessorImpl.invoke(NativeMethodAccessorImpl.java:77)
	at java.base/jdk.internal.reflect.DelegatingMethodAccessorImpl.invoke(DelegatingMethodAccessorImpl.java:43)
Caused by: com.kms.katalon.core.exception.StepFailedException: com.kms.katalon.core.webui.exception.WebElementNotFoundException: Web element with id: 'Object Repository/FIM/Sites Page/Orders/Create Order/Split Order/Site_Two_Tank_One_txt' located by '//*[@id="order-10UNL"]' not found
	at com.kms.katalon.core.webui.keyword.internal.WebUIKeywordMain.stepFailed(WebUIKeywordMain.groovy:117)
	at com.kms.katalon.core.webui.keyword.builtin.VerifyElementPresentKeyword$_verifyElementPresent_closure1.doCall(VerifyElementPresentKeyword.groovy:85)
	at com.kms.katalon.core.webui.keyword.builtin.VerifyElementPresentKeyword$_verifyElementPresent_closure1.call(VerifyElementPresentKeyword.groovy)
	at com.kms.katalon.core.webui.keyword.internal.WebUIKeywordMain.runKeyword(WebUIKeywordMain.groovy:35)
	... 22 more
)

21-10-2025T20:48:20 - [TEST_STEP][PASSED] - Start listener action : retryOnDisconnect: Current window's url is: 'https://kaglogistics-inventory-management-portal.qa.thekag.com/site/TURK132?cg=-1&r=206&i=AllConsignees&sorted=false'

21-10-2025T20:48:20 - [TEST_STEP][PASSED] - tcId = testCaseContext.getTestCaseId(): null

21-10-2025T20:48:20 - [TEST_STEP][PASSED] - currentRetry = retryCounts.getOrDefault(tcId, 0): null

21-10-2025T20:48:20 - [TEST_STEP][PASSED] - if (testCaseContext.getTestCaseStatus() == "FAILED" && currentRetry < MAX_RETRIES): Current window's url is: 'https://kaglogistics-inventory-management-portal.qa.thekag.com/site/TURK132?cg=-1&r=206&i=AllConsignees&sorted=false'

21-10-2025T20:48:20 - [TEST_STEP][PASSED] - try: Current window's url is: 'https://kaglogistics-inventory-management-portal.qa.thekag.com/site/TURK132?cg=-1&r=206&i=AllConsignees&sorted=false'

21-10-2025T20:48:20 - [TEST_STEP][PASSED] - comment(Checking for WebDriver disconnect for test case: $tcId): Checking for WebDriver disconnect for test case: Test Cases/FIM/UI/KGL/Admin/Sites Page/Orders/Can Not Create Split Load Order With Errors

21-10-2025T20:48:20 - [MESSAGE][INFO] - Checking for WebDriver disconnect for test case: Test Cases/FIM/UI/KGL/Admin/Sites Page/Orders/Can Not Create Split Load Order With Errors

21-10-2025T20:48:20 - [TEST_STEP][PASSED] - getUrl(): Current window's url is: 'https://kaglogistics-inventory-management-portal.qa.thekag.com/site/TURK132?cg=-1&r=206&i=AllConsignees&sorted=false'

21-10-2025T20:48:20 - [MESSAGE][PASSED] - Current window's url is: 'https://kaglogistics-inventory-management-portal.qa.thekag.com/site/TURK132?cg=-1&r=206&i=AllConsignees&sorted=false']]></system-out>
         <system-err><![CDATA[21-10-2025T20:47:16 - [TEST_CASE][FAILED] - Test Cases/FIM/UI/KGL/Admin/Sites Page/Orders/Can Not Create Split Load Order With Errors: Test Cases/FIM/UI/KGL/Admin/Sites Page/Orders/Can Not Create Split Load Order With Errors FAILED.
Reason:
com.kms.katalon.core.exception.StepFailedException: Unable to verify object 'Object Repository/FIM/Sites Page/Orders/Create Order/Split Order/Site_Two_Tank_One_txt' is present
	at com.kms.katalon.core.webui.keyword.internal.WebUIKeywordMain.stepFailed(WebUIKeywordMain.groovy:117)
	at com.kms.katalon.core.webui.keyword.internal.WebUIKeywordMain.runKeyword(WebUIKeywordMain.groovy:43)
	at com.kms.katalon.core.webui.keyword.builtin.VerifyElementPresentKeyword.verifyElementPresent(VerifyElementPresentKeyword.groovy:92)
	at com.kms.katalon.core.webui.keyword.builtin.VerifyElementPresentKeyword.execute(VerifyElementPresentKeyword.groovy:68)
	at com.kms.katalon.core.keyword.internal.KeywordExecutor.executeKeywordForPlatform(KeywordExecutor.groovy:74)
	at com.kms.katalon.core.webui.keyword.WebUiBuiltInKeywords.verifyElementPresent(WebUiBuiltInKeywords.groovy:1503)
	at com.kms.katalon.core.webui.keyword.WebUiBuiltInKeywords$verifyElementPresent$6.call(Unknown Source)
	at Can Not Create Split Load Order With Errors.run(Can Not Create Split Load Order With Errors:81)
	at com.kms.katalon.core.main.ScriptEngine.run(ScriptEngine.java:194)
	at com.kms.katalon.core.main.ScriptEngine.runScriptAsRawText(ScriptEngine.java:119)
	at com.kms.katalon.core.main.TestCaseExecutor.runScript(TestCaseExecutor.java:448)
	at com.kms.katalon.core.main.TestCaseExecutor.doExecute(TestCaseExecutor.java:439)
	at com.kms.katalon.core.main.TestCaseExecutor.processExecutionPhase(TestCaseExecutor.java:418)
	at com.kms.katalon.core.main.TestCaseExecutor.accessMainPhase(TestCaseExecutor.java:410)
	at com.kms.katalon.core.main.TestCaseExecutor.execute(TestCaseExecutor.java:285)
	at com.kms.katalon.core.common.CommonExecutor.accessTestCaseMainPhase(CommonExecutor.java:65)
	at com.kms.katalon.core.main.TestSuiteExecutor.accessTestSuiteMainPhase(TestSuiteExecutor.java:150)
	at com.kms.katalon.core.main.TestSuiteExecutor.execute(TestSuiteExecutor.java:106)
	at com.kms.katalon.core.main.TestCaseMain.startTestSuite(TestCaseMain.java:180)
	at com.kms.katalon.core.main.TestCaseMain$startTestSuite$0.call(Unknown Source)
	at TempTestSuite1761090769781.run(TempTestSuite1761090769781.groovy:35)
	at java.base/jdk.internal.reflect.NativeMethodAccessorImpl.invoke0(Native Method)
	at java.base/jdk.internal.reflect.NativeMethodAccessorImpl.invoke(NativeMethodAccessorImpl.java:77)
	at java.base/jdk.internal.reflect.DelegatingMethodAccessorImpl.invoke(DelegatingMethodAccessorImpl.java:43)
Caused by: com.kms.katalon.core.exception.StepFailedException: com.kms.katalon.core.webui.exception.WebElementNotFoundException: Web element with id: 'Object Repository/FIM/Sites Page/Orders/Create Order/Split Order/Site_Two_Tank_One_txt' located by '//*[@id="order-10UNL"]' not found
	at com.kms.katalon.core.webui.keyword.internal.WebUIKeywordMain.stepFailed(WebUIKeywordMain.groovy:117)
	at com.kms.katalon.core.webui.keyword.builtin.VerifyElementPresentKeyword$_verifyElementPresent_closure1.doCall(VerifyElementPresentKeyword.groovy:85)
	at com.kms.katalon.core.webui.keyword.builtin.VerifyElementPresentKeyword$_verifyElementPresent_closure1.call(VerifyElementPresentKeyword.groovy)
	at com.kms.katalon.core.webui.keyword.internal.WebUIKeywordMain.runKeyword(WebUIKeywordMain.groovy:35)
	... 22 more]]></system-err>
      </testcase>
      <testcase name="Test Cases/FIM/UI/KGL/Admin/Sites Page/Orders/Cancelling Creating a Split Load Order" time="67.466" classname="Test Cases/FIM/UI/KGL/Admin/Sites Page/Orders/Cancelling Creating a Split Load Order" status="PASSED">
         <system-out><![CDATA[21-10-2025T20:48:20 - [TEST_CASE][PASSED] - Test Cases/FIM/UI/KGL/Admin/Sites Page/Orders/Cancelling Creating a Split Load Order: Test Cases/FIM/UI/KGL/Admin/Sites Page/Orders/Cancelling Creating a Split Load Order

21-10-2025T20:48:20 - [TEST_STEP][PASSED] - Start listener action : beforeTestCase: null

21-10-2025T20:48:20 - [TEST_STEP][PASSED] - addDefaultPackages(): null

21-10-2025T20:48:20 - [TEST_STEP][PASSED] - i = 0: null

21-10-2025T20:48:20 - [TEST_STEP][PASSED] - callTestCase(findTestCase("Utility Scripts/FIM KGL Admin Login"), [:], STOP_ON_FAILURE): Call Test Case 'Test Cases/Utility Scripts/FIM KGL Admin Login' successfully

21-10-2025T20:48:20 - [TEST_CASE][PASSED] - Test Cases/Utility Scripts/FIM KGL Admin Login: Test Cases/Utility Scripts/FIM KGL Admin Login

21-10-2025T20:48:20 - [TEST_STEP][PASSED] - openBrowser(""): Browser is opened with url: ''

21-10-2025T20:48:20 - [MESSAGE][WARNING] - A browser is already opened. Closing browser and opening a new one

21-10-2025T20:48:20 - [MESSAGE][INFO] - Starting 'Chrome' driver

21-10-2025T20:48:20 - [MESSAGE][INFO] - User set preference: ['args', '[--no-sandbox, --disable-gpu, --disable-dev-shm-usage]']

21-10-2025T20:48:20 - [MESSAGE][INFO] - Action delay is set to 0 milliseconds

21-10-2025T20:48:21 - [MESSAGE][PASSED] - Browser is opened with url: ''

21-10-2025T20:48:21 - [TEST_STEP][PASSED] - delay(1): Delayed 1 second(s)

21-10-2025T20:48:22 - [MESSAGE][PASSED] - Delayed 1 second(s)

21-10-2025T20:48:22 - [TEST_STEP][PASSED] - navigateToUrl(KGLCustomGroupUrl): Navigate to 'https://kaglogistics-inventory-management-portal.qa.thekag.com/custom-group/' successfully

21-10-2025T20:48:22 - [MESSAGE][PASSED] - Navigate to 'https://kaglogistics-inventory-management-portal.qa.thekag.com/custom-group/' successfully

21-10-2025T20:48:22 - [TEST_STEP][PASSED] - delay(10): Delayed 10 second(s)

21-10-2025T20:48:32 - [MESSAGE][PASSED] - Delayed 10 second(s)

21-10-2025T20:48:32 - [TEST_STEP][PASSED] - if (maximizeWindow == true): Delayed 1 second(s)

21-10-2025T20:48:32 - [TEST_STEP][PASSED] - maximizeWindow(STOP_ON_FAILURE): Current window maximized

21-10-2025T20:48:32 - [MESSAGE][PASSED] - Current window maximized

21-10-2025T20:48:32 - [TEST_STEP][PASSED] - delay(1): Delayed 1 second(s)

21-10-2025T20:48:33 - [MESSAGE][PASSED] - Delayed 1 second(s)

21-10-2025T20:48:33 - [TEST_STEP][PASSED] - waitForElementPresent(findTestObject("FIM/Username_txt"), 10): Object 'Object Repository/FIM/Username_txt' is present

21-10-2025T20:48:33 - [MESSAGE][PASSED] - Object 'Object Repository/FIM/Username_txt' is present

21-10-2025T20:48:33 - [TEST_STEP][PASSED] - setText(findTestObject("FIM/Username_txt"), FIMUsername): Text 'Chris.Sheldon+DES_QA@Thekag.com' is set on object 'Object Repository/FIM/Username_txt'

21-10-2025T20:48:33 - [MESSAGE][PASSED] - Text 'Chris.Sheldon+DES_QA@Thekag.com' is set on object 'Object Repository/FIM/Username_txt'

21-10-2025T20:48:33 - [TEST_STEP][PASSED] - delay(1): Delayed 1 second(s)

21-10-2025T20:48:34 - [MESSAGE][PASSED] - Delayed 1 second(s)

21-10-2025T20:48:34 - [TEST_STEP][PASSED] - setText(findTestObject("FIM/Password_txt"), FIMPassword): Text 'QATest!2' is set on object 'Object Repository/FIM/Password_txt'

21-10-2025T20:48:34 - [MESSAGE][PASSED] - Text 'QATest!2' is set on object 'Object Repository/FIM/Password_txt'

21-10-2025T20:48:34 - [TEST_STEP][PASSED] - delay(1): Delayed 1 second(s)

21-10-2025T20:48:35 - [MESSAGE][PASSED] - Delayed 1 second(s)

21-10-2025T20:48:35 - [TEST_STEP][PASSED] - click(findTestObject("FIM/Login_btn")): Object: 'Object Repository/FIM/Login_btn' is clicked on

21-10-2025T20:48:36 - [MESSAGE][PASSED] - Object: 'Object Repository/FIM/Login_btn' is clicked on

21-10-2025T20:48:36 - [MESSAGE][PASSED] - Call Test Case 'Test Cases/Utility Scripts/FIM KGL Admin Login' successfully

21-10-2025T20:48:36 - [TEST_STEP][PASSED] - if (verifyElementVisible(findTestObject("FIM/Server_Notification_Close_btn"), OPTIONAL) == true): Web element with id: 'Object Repository/FIM/Server_Notification_Close_btn' located by '/html/body/div/div[1]/button' not found (Root cause: com.kms.katalon.core.exception.StepFailedException: Web element with id: 'Object Repository/FIM/Server_Notification_Close_btn' located by '/html/body/div/div[1]/button' not found
	at com.kms.katalon.core.webui.keyword.internal.WebUIKeywordMain.stepFailed(WebUIKeywordMain.groovy:117)
	at com.kms.katalon.core.webui.keyword.builtin.VerifyElementVisibleKeyword$_verifyElementVisible_closure1.doCall(VerifyElementVisibleKeyword.groovy:89)
	at com.kms.katalon.core.webui.keyword.builtin.VerifyElementVisibleKeyword$_verifyElementVisible_closure1.call(VerifyElementVisibleKeyword.groovy)
	at com.kms.katalon.core.webui.keyword.internal.WebUIKeywordMain.runKeyword(WebUIKeywordMain.groovy:35)
	at com.kms.katalon.core.webui.keyword.builtin.VerifyElementVisibleKeyword.verifyElementVisible(VerifyElementVisibleKeyword.groovy:97)
	at com.kms.katalon.core.webui.keyword.builtin.VerifyElementVisibleKeyword.execute(VerifyElementVisibleKeyword.groovy:67)
	at com.kms.katalon.core.keyword.internal.KeywordExecutor.executeKeywordForPlatform(KeywordExecutor.groovy:74)
	at com.kms.katalon.core.webui.keyword.WebUiBuiltInKeywords.verifyElementVisible(WebUiBuiltInKeywords.groovy:401)
	at com.kms.katalon.core.webui.keyword.WebUiBuiltInKeywords$verifyElementVisible$5.call(Unknown Source)
	at Cancelling Creating a Split Load Order.run(Cancelling Creating a Split Load Order:24)
	at com.kms.katalon.core.main.ScriptEngine.run(ScriptEngine.java:194)
	at com.kms.katalon.core.main.ScriptEngine.runScriptAsRawText(ScriptEngine.java:119)
	at com.kms.katalon.core.main.TestCaseExecutor.runScript(TestCaseExecutor.java:448)
	at com.kms.katalon.core.main.TestCaseExecutor.doExecute(TestCaseExecutor.java:439)
	at com.kms.katalon.core.main.TestCaseExecutor.processExecutionPhase(TestCaseExecutor.java:418)
	at com.kms.katalon.core.main.TestCaseExecutor.accessMainPhase(TestCaseExecutor.java:410)
	at com.kms.katalon.core.main.TestCaseExecutor.execute(TestCaseExecutor.java:285)
	at com.kms.katalon.core.common.CommonExecutor.accessTestCaseMainPhase(CommonExecutor.java:65)
	at com.kms.katalon.core.main.TestSuiteExecutor.accessTestSuiteMainPhase(TestSuiteExecutor.java:150)
	at com.kms.katalon.core.main.TestSuiteExecutor.execute(TestSuiteExecutor.java:106)
	at com.kms.katalon.core.main.TestCaseMain.startTestSuite(TestCaseMain.java:180)
	at com.kms.katalon.core.main.TestCaseMain$startTestSuite$0.call(Unknown Source)
	at TempTestSuite1761090769781.run(TempTestSuite1761090769781.groovy:35)
	at java.base/jdk.internal.reflect.NativeMethodAccessorImpl.invoke0(Native Method)
	at java.base/jdk.internal.reflect.NativeMethodAccessorImpl.invoke(NativeMethodAccessorImpl.java:77)
	at java.base/jdk.internal.reflect.DelegatingMethodAccessorImpl.invoke(DelegatingMethodAccessorImpl.java:43)
)

21-10-2025T20:48:52 - [MESSAGE][INFO] - Unable to find the element located by 'By.xpath: /html/body/div/div[1]/button'. Please recheck the objects properties to make sure the desired element is located. 

21-10-2025T20:48:52 - [MESSAGE][WARNING] - [SELF-HEALING] Failed to find element with id 'Object Repository/FIM/Server_Notification_Close_btn'. Try using Self-healing.

21-10-2025T20:48:53 - [MESSAGE][INFO] - [SELF-HEALING] No working XPath is found.

21-10-2025T20:48:55 - [MESSAGE][INFO] - Unable to find the element located by 'By.xpath: '. Please recheck the objects properties to make sure the desired element is located. 

21-10-2025T20:48:55 - [MESSAGE][WARNING] - [SELF-HEALING] Cannot find elements when the selector is null

21-10-2025T20:48:55 - [MESSAGE][WARNING] - Web element with id: 'Object Repository/FIM/Server_Notification_Close_btn' located by '/html/body/div/div[1]/button' not found (Root cause: com.kms.katalon.core.exception.StepFailedException: Web element with id: 'Object Repository/FIM/Server_Notification_Close_btn' located by '/html/body/div/div[1]/button' not found
	at com.kms.katalon.core.webui.keyword.internal.WebUIKeywordMain.stepFailed(WebUIKeywordMain.groovy:117)
	at com.kms.katalon.core.webui.keyword.builtin.VerifyElementVisibleKeyword$_verifyElementVisible_closure1.doCall(VerifyElementVisibleKeyword.groovy:89)
	at com.kms.katalon.core.webui.keyword.builtin.VerifyElementVisibleKeyword$_verifyElementVisible_closure1.call(VerifyElementVisibleKeyword.groovy)
	at com.kms.katalon.core.webui.keyword.internal.WebUIKeywordMain.runKeyword(WebUIKeywordMain.groovy:35)
	at com.kms.katalon.core.webui.keyword.builtin.VerifyElementVisibleKeyword.verifyElementVisible(VerifyElementVisibleKeyword.groovy:97)
	at com.kms.katalon.core.webui.keyword.builtin.VerifyElementVisibleKeyword.execute(VerifyElementVisibleKeyword.groovy:67)
	at com.kms.katalon.core.keyword.internal.KeywordExecutor.executeKeywordForPlatform(KeywordExecutor.groovy:74)
	at com.kms.katalon.core.webui.keyword.WebUiBuiltInKeywords.verifyElementVisible(WebUiBuiltInKeywords.groovy:401)
	at com.kms.katalon.core.webui.keyword.WebUiBuiltInKeywords$verifyElementVisible$5.call(Unknown Source)
	at Cancelling Creating a Split Load Order.run(Cancelling Creating a Split Load Order:24)
	at com.kms.katalon.core.main.ScriptEngine.run(ScriptEngine.java:194)
	at com.kms.katalon.core.main.ScriptEngine.runScriptAsRawText(ScriptEngine.java:119)
	at com.kms.katalon.core.main.TestCaseExecutor.runScript(TestCaseExecutor.java:448)
	at com.kms.katalon.core.main.TestCaseExecutor.doExecute(TestCaseExecutor.java:439)
	at com.kms.katalon.core.main.TestCaseExecutor.processExecutionPhase(TestCaseExecutor.java:418)
	at com.kms.katalon.core.main.TestCaseExecutor.accessMainPhase(TestCaseExecutor.java:410)
	at com.kms.katalon.core.main.TestCaseExecutor.execute(TestCaseExecutor.java:285)
	at com.kms.katalon.core.common.CommonExecutor.accessTestCaseMainPhase(CommonExecutor.java:65)
	at com.kms.katalon.core.main.TestSuiteExecutor.accessTestSuiteMainPhase(TestSuiteExecutor.java:150)
	at com.kms.katalon.core.main.TestSuiteExecutor.execute(TestSuiteExecutor.java:106)
	at com.kms.katalon.core.main.TestCaseMain.startTestSuite(TestCaseMain.java:180)
	at com.kms.katalon.core.main.TestCaseMain$startTestSuite$0.call(Unknown Source)
	at TempTestSuite1761090769781.run(TempTestSuite1761090769781.groovy:35)
	at java.base/jdk.internal.reflect.NativeMethodAccessorImpl.invoke0(Native Method)
	at java.base/jdk.internal.reflect.NativeMethodAccessorImpl.invoke(NativeMethodAccessorImpl.java:77)
	at java.base/jdk.internal.reflect.DelegatingMethodAccessorImpl.invoke(DelegatingMethodAccessorImpl.java:43)
)

21-10-2025T20:48:55 - [TEST_STEP][PASSED] - delay(1): Delayed 1 second(s)

21-10-2025T20:48:56 - [MESSAGE][PASSED] - Delayed 1 second(s)

21-10-2025T20:48:56 - [TEST_STEP][PASSED] - click(findTestObject("FIM/Hamburger Menu List/Hamburger_menu")): Object: 'Object Repository/FIM/Hamburger Menu List/Hamburger_menu' is clicked on

21-10-2025T20:48:56 - [MESSAGE][PASSED] - Object: 'Object Repository/FIM/Hamburger Menu List/Hamburger_menu' is clicked on

21-10-2025T20:48:56 - [TEST_STEP][PASSED] - verifyElementPresent(findTestObject("FIM/Hamburger Menu List/Sites_list (1)"), 10): Object 'Object Repository/FIM/Hamburger Menu List/Sites_list (1)' is present

21-10-2025T20:48:56 - [MESSAGE][PASSED] - Object 'Object Repository/FIM/Hamburger Menu List/Sites_list (1)' is present

21-10-2025T20:48:56 - [TEST_STEP][PASSED] - delay(1): Delayed 1 second(s)

21-10-2025T20:48:57 - [MESSAGE][PASSED] - Delayed 1 second(s)

21-10-2025T20:48:57 - [TEST_STEP][PASSED] - click(findTestObject("FIM/Hamburger Menu List/Sites_list (1)")): Object: 'Object Repository/FIM/Hamburger Menu List/Sites_list (1)' is clicked on

21-10-2025T20:48:57 - [MESSAGE][PASSED] - Object: 'Object Repository/FIM/Hamburger Menu List/Sites_list (1)' is clicked on

21-10-2025T20:48:57 - [TEST_STEP][PASSED] - waitForElementPresent(findTestObject("FIM/Sites Page/Calculator/Calculator Tab"), 10): Object 'Object Repository/FIM/Sites Page/Calculator/Calculator Tab' is present

21-10-2025T20:48:58 - [MESSAGE][PASSED] - Object 'Object Repository/FIM/Sites Page/Calculator/Calculator Tab' is present

21-10-2025T20:48:58 - [TEST_STEP][PASSED] - selectOptionByLabel(findTestObject("FIM/Sites Page/Site Filtering/Region Selection_dropdown"), "KAG LOGISTICS", false): All options with label 'KAG LOGISTICS' are selected in object 'Object Repository/FIM/Sites Page/Site Filtering/Region Selection_dropdown' 

21-10-2025T20:48:58 - [MESSAGE][PASSED] - All options with label 'KAG LOGISTICS' are selected in object 'Object Repository/FIM/Sites Page/Site Filtering/Region Selection_dropdown' 

21-10-2025T20:48:58 - [TEST_STEP][PASSED] - while (i < 60 == true): null

21-10-2025T20:48:58 - [TEST_STEP][PASSED] - sendKeys(findTestObject("FIM/Sites Page/Site Filtering/Site_txt"), Keys.chord(BACK_SPACE), STOP_ON_FAILURE): Keys 'BACK_SPACE + ' sent to object: 'Object Repository/FIM/Sites Page/Site Filtering/Site_txt'

21-10-2025T20:48:59 - [MESSAGE][PASSED] - Keys 'BACK_SPACE + ' sent to object: 'Object Repository/FIM/Sites Page/Site Filtering/Site_txt'

21-10-2025T20:48:59 - [TEST_STEP][PASSED] - (i++): null

21-10-2025T20:48:59 - [TEST_STEP][PASSED] - sendKeys(findTestObject("FIM/Sites Page/Site Filtering/Site_txt"), Keys.chord(BACK_SPACE), STOP_ON_FAILURE): Keys 'BACK_SPACE + ' sent to object: 'Object Repository/FIM/Sites Page/Site Filtering/Site_txt'

21-10-2025T20:48:59 - [MESSAGE][PASSED] - Keys 'BACK_SPACE + ' sent to object: 'Object Repository/FIM/Sites Page/Site Filtering/Site_txt'

21-10-2025T20:48:59 - [TEST_STEP][PASSED] - (i++): null

21-10-2025T20:48:59 - [TEST_STEP][PASSED] - sendKeys(findTestObject("FIM/Sites Page/Site Filtering/Site_txt"), Keys.chord(BACK_SPACE), STOP_ON_FAILURE): Keys 'BACK_SPACE + ' sent to object: 'Object Repository/FIM/Sites Page/Site Filtering/Site_txt'

21-10-2025T20:48:59 - [MESSAGE][PASSED] - Keys 'BACK_SPACE + ' sent to object: 'Object Repository/FIM/Sites Page/Site Filtering/Site_txt'

21-10-2025T20:48:59 - [TEST_STEP][PASSED] - (i++): null

21-10-2025T20:48:59 - [TEST_STEP][PASSED] - sendKeys(findTestObject("FIM/Sites Page/Site Filtering/Site_txt"), Keys.chord(BACK_SPACE), STOP_ON_FAILURE): Keys 'BACK_SPACE + ' sent to object: 'Object Repository/FIM/Sites Page/Site Filtering/Site_txt'

21-10-2025T20:48:59 - [MESSAGE][PASSED] - Keys 'BACK_SPACE + ' sent to object: 'Object Repository/FIM/Sites Page/Site Filtering/Site_txt'

21-10-2025T20:48:59 - [TEST_STEP][PASSED] - (i++): null

21-10-2025T20:48:59 - [TEST_STEP][PASSED] - sendKeys(findTestObject("FIM/Sites Page/Site Filtering/Site_txt"), Keys.chord(BACK_SPACE), STOP_ON_FAILURE): Keys 'BACK_SPACE + ' sent to object: 'Object Repository/FIM/Sites Page/Site Filtering/Site_txt'

21-10-2025T20:48:59 - [MESSAGE][PASSED] - Keys 'BACK_SPACE + ' sent to object: 'Object Repository/FIM/Sites Page/Site Filtering/Site_txt'

21-10-2025T20:48:59 - [TEST_STEP][PASSED] - (i++): null

21-10-2025T20:48:59 - [TEST_STEP][PASSED] - sendKeys(findTestObject("FIM/Sites Page/Site Filtering/Site_txt"), Keys.chord(BACK_SPACE), STOP_ON_FAILURE): Keys 'BACK_SPACE + ' sent to object: 'Object Repository/FIM/Sites Page/Site Filtering/Site_txt'

21-10-2025T20:48:59 - [MESSAGE][PASSED] - Keys 'BACK_SPACE + ' sent to object: 'Object Repository/FIM/Sites Page/Site Filtering/Site_txt'

21-10-2025T20:48:59 - [TEST_STEP][PASSED] - (i++): null

21-10-2025T20:48:59 - [TEST_STEP][PASSED] - sendKeys(findTestObject("FIM/Sites Page/Site Filtering/Site_txt"), Keys.chord(BACK_SPACE), STOP_ON_FAILURE): Keys 'BACK_SPACE + ' sent to object: 'Object Repository/FIM/Sites Page/Site Filtering/Site_txt'

21-10-2025T20:48:59 - [MESSAGE][PASSED] - Keys 'BACK_SPACE + ' sent to object: 'Object Repository/FIM/Sites Page/Site Filtering/Site_txt'

21-10-2025T20:48:59 - [TEST_STEP][PASSED] - (i++): null

21-10-2025T20:48:59 - [TEST_STEP][PASSED] - sendKeys(findTestObject("FIM/Sites Page/Site Filtering/Site_txt"), Keys.chord(BACK_SPACE), STOP_ON_FAILURE): Keys 'BACK_SPACE + ' sent to object: 'Object Repository/FIM/Sites Page/Site Filtering/Site_txt'

21-10-2025T20:48:59 - [MESSAGE][PASSED] - Keys 'BACK_SPACE + ' sent to object: 'Object Repository/FIM/Sites Page/Site Filtering/Site_txt'

21-10-2025T20:48:59 - [TEST_STEP][PASSED] - (i++): null

21-10-2025T20:48:59 - [TEST_STEP][PASSED] - sendKeys(findTestObject("FIM/Sites Page/Site Filtering/Site_txt"), Keys.chord(BACK_SPACE), STOP_ON_FAILURE): Keys 'BACK_SPACE + ' sent to object: 'Object Repository/FIM/Sites Page/Site Filtering/Site_txt'

21-10-2025T20:48:59 - [MESSAGE][PASSED] - Keys 'BACK_SPACE + ' sent to object: 'Object Repository/FIM/Sites Page/Site Filtering/Site_txt'

21-10-2025T20:48:59 - [TEST_STEP][PASSED] - (i++): null

21-10-2025T20:48:59 - [TEST_STEP][PASSED] - sendKeys(findTestObject("FIM/Sites Page/Site Filtering/Site_txt"), Keys.chord(BACK_SPACE), STOP_ON_FAILURE): Keys 'BACK_SPACE + ' sent to object: 'Object Repository/FIM/Sites Page/Site Filtering/Site_txt'

21-10-2025T20:48:59 - [MESSAGE][PASSED] - Keys 'BACK_SPACE + ' sent to object: 'Object Repository/FIM/Sites Page/Site Filtering/Site_txt'

21-10-2025T20:48:59 - [TEST_STEP][PASSED] - (i++): null

21-10-2025T20:48:59 - [TEST_STEP][PASSED] - sendKeys(findTestObject("FIM/Sites Page/Site Filtering/Site_txt"), Keys.chord(BACK_SPACE), STOP_ON_FAILURE): Keys 'BACK_SPACE + ' sent to object: 'Object Repository/FIM/Sites Page/Site Filtering/Site_txt'

21-10-2025T20:49:00 - [MESSAGE][PASSED] - Keys 'BACK_SPACE + ' sent to object: 'Object Repository/FIM/Sites Page/Site Filtering/Site_txt'

21-10-2025T20:49:00 - [TEST_STEP][PASSED] - (i++): null

21-10-2025T20:49:00 - [TEST_STEP][PASSED] - sendKeys(findTestObject("FIM/Sites Page/Site Filtering/Site_txt"), Keys.chord(BACK_SPACE), STOP_ON_FAILURE): Keys 'BACK_SPACE + ' sent to object: 'Object Repository/FIM/Sites Page/Site Filtering/Site_txt'

21-10-2025T20:49:00 - [MESSAGE][PASSED] - Keys 'BACK_SPACE + ' sent to object: 'Object Repository/FIM/Sites Page/Site Filtering/Site_txt'

21-10-2025T20:49:00 - [TEST_STEP][PASSED] - (i++): null

21-10-2025T20:49:00 - [TEST_STEP][PASSED] - sendKeys(findTestObject("FIM/Sites Page/Site Filtering/Site_txt"), Keys.chord(BACK_SPACE), STOP_ON_FAILURE): Keys 'BACK_SPACE + ' sent to object: 'Object Repository/FIM/Sites Page/Site Filtering/Site_txt'

21-10-2025T20:49:00 - [MESSAGE][PASSED] - Keys 'BACK_SPACE + ' sent to object: 'Object Repository/FIM/Sites Page/Site Filtering/Site_txt'

21-10-2025T20:49:00 - [TEST_STEP][PASSED] - (i++): null

21-10-2025T20:49:00 - [TEST_STEP][PASSED] - sendKeys(findTestObject("FIM/Sites Page/Site Filtering/Site_txt"), Keys.chord(BACK_SPACE), STOP_ON_FAILURE): Keys 'BACK_SPACE + ' sent to object: 'Object Repository/FIM/Sites Page/Site Filtering/Site_txt'

21-10-2025T20:49:00 - [MESSAGE][PASSED] - Keys 'BACK_SPACE + ' sent to object: 'Object Repository/FIM/Sites Page/Site Filtering/Site_txt'

21-10-2025T20:49:00 - [TEST_STEP][PASSED] - (i++): null

21-10-2025T20:49:00 - [TEST_STEP][PASSED] - sendKeys(findTestObject("FIM/Sites Page/Site Filtering/Site_txt"), Keys.chord(BACK_SPACE), STOP_ON_FAILURE): Keys 'BACK_SPACE + ' sent to object: 'Object Repository/FIM/Sites Page/Site Filtering/Site_txt'

21-10-2025T20:49:00 - [MESSAGE][PASSED] - Keys 'BACK_SPACE + ' sent to object: 'Object Repository/FIM/Sites Page/Site Filtering/Site_txt'

21-10-2025T20:49:00 - [TEST_STEP][PASSED] - (i++): null

21-10-2025T20:49:00 - [TEST_STEP][PASSED] - sendKeys(findTestObject("FIM/Sites Page/Site Filtering/Site_txt"), Keys.chord(BACK_SPACE), STOP_ON_FAILURE): Keys 'BACK_SPACE + ' sent to object: 'Object Repository/FIM/Sites Page/Site Filtering/Site_txt'

21-10-2025T20:49:00 - [MESSAGE][PASSED] - Keys 'BACK_SPACE + ' sent to object: 'Object Repository/FIM/Sites Page/Site Filtering/Site_txt'

21-10-2025T20:49:00 - [TEST_STEP][PASSED] - (i++): null

21-10-2025T20:49:00 - [TEST_STEP][PASSED] - sendKeys(findTestObject("FIM/Sites Page/Site Filtering/Site_txt"), Keys.chord(BACK_SPACE), STOP_ON_FAILURE): Keys 'BACK_SPACE + ' sent to object: 'Object Repository/FIM/Sites Page/Site Filtering/Site_txt'

21-10-2025T20:49:00 - [MESSAGE][PASSED] - Keys 'BACK_SPACE + ' sent to object: 'Object Repository/FIM/Sites Page/Site Filtering/Site_txt'

21-10-2025T20:49:00 - [TEST_STEP][PASSED] - (i++): null

21-10-2025T20:49:00 - [TEST_STEP][PASSED] - sendKeys(findTestObject("FIM/Sites Page/Site Filtering/Site_txt"), Keys.chord(BACK_SPACE), STOP_ON_FAILURE): Keys 'BACK_SPACE + ' sent to object: 'Object Repository/FIM/Sites Page/Site Filtering/Site_txt'

21-10-2025T20:49:00 - [MESSAGE][PASSED] - Keys 'BACK_SPACE + ' sent to object: 'Object Repository/FIM/Sites Page/Site Filtering/Site_txt'

21-10-2025T20:49:00 - [TEST_STEP][PASSED] - (i++): null

21-10-2025T20:49:00 - [TEST_STEP][PASSED] - sendKeys(findTestObject("FIM/Sites Page/Site Filtering/Site_txt"), Keys.chord(BACK_SPACE), STOP_ON_FAILURE): Keys 'BACK_SPACE + ' sent to object: 'Object Repository/FIM/Sites Page/Site Filtering/Site_txt'

21-10-2025T20:49:00 - [MESSAGE][PASSED] - Keys 'BACK_SPACE + ' sent to object: 'Object Repository/FIM/Sites Page/Site Filtering/Site_txt'

21-10-2025T20:49:00 - [TEST_STEP][PASSED] - (i++): null

21-10-2025T20:49:00 - [TEST_STEP][PASSED] - sendKeys(findTestObject("FIM/Sites Page/Site Filtering/Site_txt"), Keys.chord(BACK_SPACE), STOP_ON_FAILURE): Keys 'BACK_SPACE + ' sent to object: 'Object Repository/FIM/Sites Page/Site Filtering/Site_txt'

21-10-2025T20:49:00 - [MESSAGE][PASSED] - Keys 'BACK_SPACE + ' sent to object: 'Object Repository/FIM/Sites Page/Site Filtering/Site_txt'

21-10-2025T20:49:00 - [TEST_STEP][PASSED] - (i++): null

21-10-2025T20:49:00 - [TEST_STEP][PASSED] - sendKeys(findTestObject("FIM/Sites Page/Site Filtering/Site_txt"), Keys.chord(BACK_SPACE), STOP_ON_FAILURE): Keys 'BACK_SPACE + ' sent to object: 'Object Repository/FIM/Sites Page/Site Filtering/Site_txt'

21-10-2025T20:49:00 - [MESSAGE][PASSED] - Keys 'BACK_SPACE + ' sent to object: 'Object Repository/FIM/Sites Page/Site Filtering/Site_txt'

21-10-2025T20:49:00 - [TEST_STEP][PASSED] - (i++): null

21-10-2025T20:49:00 - [TEST_STEP][PASSED] - sendKeys(findTestObject("FIM/Sites Page/Site Filtering/Site_txt"), Keys.chord(BACK_SPACE), STOP_ON_FAILURE): Keys 'BACK_SPACE + ' sent to object: 'Object Repository/FIM/Sites Page/Site Filtering/Site_txt'

21-10-2025T20:49:00 - [MESSAGE][PASSED] - Keys 'BACK_SPACE + ' sent to object: 'Object Repository/FIM/Sites Page/Site Filtering/Site_txt'

21-10-2025T20:49:00 - [TEST_STEP][PASSED] - (i++): null

21-10-2025T20:49:00 - [TEST_STEP][PASSED] - sendKeys(findTestObject("FIM/Sites Page/Site Filtering/Site_txt"), Keys.chord(BACK_SPACE), STOP_ON_FAILURE): Keys 'BACK_SPACE + ' sent to object: 'Object Repository/FIM/Sites Page/Site Filtering/Site_txt'

21-10-2025T20:49:00 - [MESSAGE][PASSED] - Keys 'BACK_SPACE + ' sent to object: 'Object Repository/FIM/Sites Page/Site Filtering/Site_txt'

21-10-2025T20:49:00 - [TEST_STEP][PASSED] - (i++): null

21-10-2025T20:49:00 - [TEST_STEP][PASSED] - sendKeys(findTestObject("FIM/Sites Page/Site Filtering/Site_txt"), Keys.chord(BACK_SPACE), STOP_ON_FAILURE): Keys 'BACK_SPACE + ' sent to object: 'Object Repository/FIM/Sites Page/Site Filtering/Site_txt'

21-10-2025T20:49:00 - [MESSAGE][PASSED] - Keys 'BACK_SPACE + ' sent to object: 'Object Repository/FIM/Sites Page/Site Filtering/Site_txt'

21-10-2025T20:49:00 - [TEST_STEP][PASSED] - (i++): null

21-10-2025T20:49:00 - [TEST_STEP][PASSED] - sendKeys(findTestObject("FIM/Sites Page/Site Filtering/Site_txt"), Keys.chord(BACK_SPACE), STOP_ON_FAILURE): Keys 'BACK_SPACE + ' sent to object: 'Object Repository/FIM/Sites Page/Site Filtering/Site_txt'

21-10-2025T20:49:00 - [MESSAGE][PASSED] - Keys 'BACK_SPACE + ' sent to object: 'Object Repository/FIM/Sites Page/Site Filtering/Site_txt'

21-10-2025T20:49:00 - [TEST_STEP][PASSED] - (i++): null

21-10-2025T20:49:00 - [TEST_STEP][PASSED] - sendKeys(findTestObject("FIM/Sites Page/Site Filtering/Site_txt"), Keys.chord(BACK_SPACE), STOP_ON_FAILURE): Keys 'BACK_SPACE + ' sent to object: 'Object Repository/FIM/Sites Page/Site Filtering/Site_txt'

21-10-2025T20:49:00 - [MESSAGE][PASSED] - Keys 'BACK_SPACE + ' sent to object: 'Object Repository/FIM/Sites Page/Site Filtering/Site_txt'

21-10-2025T20:49:00 - [TEST_STEP][PASSED] - (i++): null

21-10-2025T20:49:00 - [TEST_STEP][PASSED] - sendKeys(findTestObject("FIM/Sites Page/Site Filtering/Site_txt"), Keys.chord(BACK_SPACE), STOP_ON_FAILURE): Keys 'BACK_SPACE + ' sent to object: 'Object Repository/FIM/Sites Page/Site Filtering/Site_txt'

21-10-2025T20:49:00 - [MESSAGE][PASSED] - Keys 'BACK_SPACE + ' sent to object: 'Object Repository/FIM/Sites Page/Site Filtering/Site_txt'

21-10-2025T20:49:00 - [TEST_STEP][PASSED] - (i++): null

21-10-2025T20:49:00 - [TEST_STEP][PASSED] - sendKeys(findTestObject("FIM/Sites Page/Site Filtering/Site_txt"), Keys.chord(BACK_SPACE), STOP_ON_FAILURE): Keys 'BACK_SPACE + ' sent to object: 'Object Repository/FIM/Sites Page/Site Filtering/Site_txt'

21-10-2025T20:49:00 - [MESSAGE][PASSED] - Keys 'BACK_SPACE + ' sent to object: 'Object Repository/FIM/Sites Page/Site Filtering/Site_txt'

21-10-2025T20:49:00 - [TEST_STEP][PASSED] - (i++): null

21-10-2025T20:49:00 - [TEST_STEP][PASSED] - sendKeys(findTestObject("FIM/Sites Page/Site Filtering/Site_txt"), Keys.chord(BACK_SPACE), STOP_ON_FAILURE): Keys 'BACK_SPACE + ' sent to object: 'Object Repository/FIM/Sites Page/Site Filtering/Site_txt'

21-10-2025T20:49:01 - [MESSAGE][PASSED] - Keys 'BACK_SPACE + ' sent to object: 'Object Repository/FIM/Sites Page/Site Filtering/Site_txt'

21-10-2025T20:49:01 - [TEST_STEP][PASSED] - (i++): null

21-10-2025T20:49:01 - [TEST_STEP][PASSED] - sendKeys(findTestObject("FIM/Sites Page/Site Filtering/Site_txt"), Keys.chord(BACK_SPACE), STOP_ON_FAILURE): Keys 'BACK_SPACE + ' sent to object: 'Object Repository/FIM/Sites Page/Site Filtering/Site_txt'

21-10-2025T20:49:01 - [MESSAGE][PASSED] - Keys 'BACK_SPACE + ' sent to object: 'Object Repository/FIM/Sites Page/Site Filtering/Site_txt'

21-10-2025T20:49:01 - [TEST_STEP][PASSED] - (i++): null

21-10-2025T20:49:01 - [TEST_STEP][PASSED] - sendKeys(findTestObject("FIM/Sites Page/Site Filtering/Site_txt"), Keys.chord(BACK_SPACE), STOP_ON_FAILURE): Keys 'BACK_SPACE + ' sent to object: 'Object Repository/FIM/Sites Page/Site Filtering/Site_txt'

21-10-2025T20:49:01 - [MESSAGE][PASSED] - Keys 'BACK_SPACE + ' sent to object: 'Object Repository/FIM/Sites Page/Site Filtering/Site_txt'

21-10-2025T20:49:01 - [TEST_STEP][PASSED] - (i++): null

21-10-2025T20:49:01 - [TEST_STEP][PASSED] - sendKeys(findTestObject("FIM/Sites Page/Site Filtering/Site_txt"), Keys.chord(BACK_SPACE), STOP_ON_FAILURE): Keys 'BACK_SPACE + ' sent to object: 'Object Repository/FIM/Sites Page/Site Filtering/Site_txt'

21-10-2025T20:49:01 - [MESSAGE][PASSED] - Keys 'BACK_SPACE + ' sent to object: 'Object Repository/FIM/Sites Page/Site Filtering/Site_txt'

21-10-2025T20:49:01 - [TEST_STEP][PASSED] - (i++): null

21-10-2025T20:49:01 - [TEST_STEP][PASSED] - sendKeys(findTestObject("FIM/Sites Page/Site Filtering/Site_txt"), Keys.chord(BACK_SPACE), STOP_ON_FAILURE): Keys 'BACK_SPACE + ' sent to object: 'Object Repository/FIM/Sites Page/Site Filtering/Site_txt'

21-10-2025T20:49:01 - [MESSAGE][PASSED] - Keys 'BACK_SPACE + ' sent to object: 'Object Repository/FIM/Sites Page/Site Filtering/Site_txt'

21-10-2025T20:49:01 - [TEST_STEP][PASSED] - (i++): null

21-10-2025T20:49:01 - [TEST_STEP][PASSED] - sendKeys(findTestObject("FIM/Sites Page/Site Filtering/Site_txt"), Keys.chord(BACK_SPACE), STOP_ON_FAILURE): Keys 'BACK_SPACE + ' sent to object: 'Object Repository/FIM/Sites Page/Site Filtering/Site_txt'

21-10-2025T20:49:01 - [MESSAGE][PASSED] - Keys 'BACK_SPACE + ' sent to object: 'Object Repository/FIM/Sites Page/Site Filtering/Site_txt'

21-10-2025T20:49:01 - [TEST_STEP][PASSED] - (i++): null

21-10-2025T20:49:01 - [TEST_STEP][PASSED] - sendKeys(findTestObject("FIM/Sites Page/Site Filtering/Site_txt"), Keys.chord(BACK_SPACE), STOP_ON_FAILURE): Keys 'BACK_SPACE + ' sent to object: 'Object Repository/FIM/Sites Page/Site Filtering/Site_txt'

21-10-2025T20:49:01 - [MESSAGE][PASSED] - Keys 'BACK_SPACE + ' sent to object: 'Object Repository/FIM/Sites Page/Site Filtering/Site_txt'

21-10-2025T20:49:01 - [TEST_STEP][PASSED] - (i++): null

21-10-2025T20:49:01 - [TEST_STEP][PASSED] - sendKeys(findTestObject("FIM/Sites Page/Site Filtering/Site_txt"), Keys.chord(BACK_SPACE), STOP_ON_FAILURE): Keys 'BACK_SPACE + ' sent to object: 'Object Repository/FIM/Sites Page/Site Filtering/Site_txt'

21-10-2025T20:49:01 - [MESSAGE][PASSED] - Keys 'BACK_SPACE + ' sent to object: 'Object Repository/FIM/Sites Page/Site Filtering/Site_txt'

21-10-2025T20:49:01 - [TEST_STEP][PASSED] - (i++): null

21-10-2025T20:49:01 - [TEST_STEP][PASSED] - sendKeys(findTestObject("FIM/Sites Page/Site Filtering/Site_txt"), Keys.chord(BACK_SPACE), STOP_ON_FAILURE): Keys 'BACK_SPACE + ' sent to object: 'Object Repository/FIM/Sites Page/Site Filtering/Site_txt'

21-10-2025T20:49:01 - [MESSAGE][PASSED] - Keys 'BACK_SPACE + ' sent to object: 'Object Repository/FIM/Sites Page/Site Filtering/Site_txt'

21-10-2025T20:49:01 - [TEST_STEP][PASSED] - (i++): null

21-10-2025T20:49:01 - [TEST_STEP][PASSED] - sendKeys(findTestObject("FIM/Sites Page/Site Filtering/Site_txt"), Keys.chord(BACK_SPACE), STOP_ON_FAILURE): Keys 'BACK_SPACE + ' sent to object: 'Object Repository/FIM/Sites Page/Site Filtering/Site_txt'

21-10-2025T20:49:01 - [MESSAGE][PASSED] - Keys 'BACK_SPACE + ' sent to object: 'Object Repository/FIM/Sites Page/Site Filtering/Site_txt'

21-10-2025T20:49:01 - [TEST_STEP][PASSED] - (i++): null

21-10-2025T20:49:01 - [TEST_STEP][PASSED] - sendKeys(findTestObject("FIM/Sites Page/Site Filtering/Site_txt"), Keys.chord(BACK_SPACE), STOP_ON_FAILURE): Keys 'BACK_SPACE + ' sent to object: 'Object Repository/FIM/Sites Page/Site Filtering/Site_txt'

21-10-2025T20:49:01 - [MESSAGE][PASSED] - Keys 'BACK_SPACE + ' sent to object: 'Object Repository/FIM/Sites Page/Site Filtering/Site_txt'

21-10-2025T20:49:01 - [TEST_STEP][PASSED] - (i++): null

21-10-2025T20:49:01 - [TEST_STEP][PASSED] - sendKeys(findTestObject("FIM/Sites Page/Site Filtering/Site_txt"), Keys.chord(BACK_SPACE), STOP_ON_FAILURE): Keys 'BACK_SPACE + ' sent to object: 'Object Repository/FIM/Sites Page/Site Filtering/Site_txt'

21-10-2025T20:49:01 - [MESSAGE][PASSED] - Keys 'BACK_SPACE + ' sent to object: 'Object Repository/FIM/Sites Page/Site Filtering/Site_txt'

21-10-2025T20:49:01 - [TEST_STEP][PASSED] - (i++): null

21-10-2025T20:49:01 - [TEST_STEP][PASSED] - sendKeys(findTestObject("FIM/Sites Page/Site Filtering/Site_txt"), Keys.chord(BACK_SPACE), STOP_ON_FAILURE): Keys 'BACK_SPACE + ' sent to object: 'Object Repository/FIM/Sites Page/Site Filtering/Site_txt'

21-10-2025T20:49:01 - [MESSAGE][PASSED] - Keys 'BACK_SPACE + ' sent to object: 'Object Repository/FIM/Sites Page/Site Filtering/Site_txt'

21-10-2025T20:49:01 - [TEST_STEP][PASSED] - (i++): null

21-10-2025T20:49:01 - [TEST_STEP][PASSED] - sendKeys(findTestObject("FIM/Sites Page/Site Filtering/Site_txt"), Keys.chord(BACK_SPACE), STOP_ON_FAILURE): Keys 'BACK_SPACE + ' sent to object: 'Object Repository/FIM/Sites Page/Site Filtering/Site_txt'

21-10-2025T20:49:01 - [MESSAGE][PASSED] - Keys 'BACK_SPACE + ' sent to object: 'Object Repository/FIM/Sites Page/Site Filtering/Site_txt'

21-10-2025T20:49:01 - [TEST_STEP][PASSED] - (i++): null

21-10-2025T20:49:01 - [TEST_STEP][PASSED] - sendKeys(findTestObject("FIM/Sites Page/Site Filtering/Site_txt"), Keys.chord(BACK_SPACE), STOP_ON_FAILURE): Keys 'BACK_SPACE + ' sent to object: 'Object Repository/FIM/Sites Page/Site Filtering/Site_txt'

21-10-2025T20:49:01 - [MESSAGE][PASSED] - Keys 'BACK_SPACE + ' sent to object: 'Object Repository/FIM/Sites Page/Site Filtering/Site_txt'

21-10-2025T20:49:01 - [TEST_STEP][PASSED] - (i++): null

21-10-2025T20:49:01 - [TEST_STEP][PASSED] - sendKeys(findTestObject("FIM/Sites Page/Site Filtering/Site_txt"), Keys.chord(BACK_SPACE), STOP_ON_FAILURE): Keys 'BACK_SPACE + ' sent to object: 'Object Repository/FIM/Sites Page/Site Filtering/Site_txt'

21-10-2025T20:49:01 - [MESSAGE][PASSED] - Keys 'BACK_SPACE + ' sent to object: 'Object Repository/FIM/Sites Page/Site Filtering/Site_txt'

21-10-2025T20:49:01 - [TEST_STEP][PASSED] - (i++): null

21-10-2025T20:49:01 - [TEST_STEP][PASSED] - sendKeys(findTestObject("FIM/Sites Page/Site Filtering/Site_txt"), Keys.chord(BACK_SPACE), STOP_ON_FAILURE): Keys 'BACK_SPACE + ' sent to object: 'Object Repository/FIM/Sites Page/Site Filtering/Site_txt'

21-10-2025T20:49:01 - [MESSAGE][PASSED] - Keys 'BACK_SPACE + ' sent to object: 'Object Repository/FIM/Sites Page/Site Filtering/Site_txt'

21-10-2025T20:49:01 - [TEST_STEP][PASSED] - (i++): null

21-10-2025T20:49:01 - [TEST_STEP][PASSED] - sendKeys(findTestObject("FIM/Sites Page/Site Filtering/Site_txt"), Keys.chord(BACK_SPACE), STOP_ON_FAILURE): Keys 'BACK_SPACE + ' sent to object: 'Object Repository/FIM/Sites Page/Site Filtering/Site_txt'

21-10-2025T20:49:01 - [MESSAGE][PASSED] - Keys 'BACK_SPACE + ' sent to object: 'Object Repository/FIM/Sites Page/Site Filtering/Site_txt'

21-10-2025T20:49:01 - [TEST_STEP][PASSED] - (i++): null

21-10-2025T20:49:01 - [TEST_STEP][PASSED] - sendKeys(findTestObject("FIM/Sites Page/Site Filtering/Site_txt"), Keys.chord(BACK_SPACE), STOP_ON_FAILURE): Keys 'BACK_SPACE + ' sent to object: 'Object Repository/FIM/Sites Page/Site Filtering/Site_txt'

21-10-2025T20:49:01 - [MESSAGE][PASSED] - Keys 'BACK_SPACE + ' sent to object: 'Object Repository/FIM/Sites Page/Site Filtering/Site_txt'

21-10-2025T20:49:01 - [TEST_STEP][PASSED] - (i++): null

21-10-2025T20:49:01 - [TEST_STEP][PASSED] - sendKeys(findTestObject("FIM/Sites Page/Site Filtering/Site_txt"), Keys.chord(BACK_SPACE), STOP_ON_FAILURE): Keys 'BACK_SPACE + ' sent to object: 'Object Repository/FIM/Sites Page/Site Filtering/Site_txt'

21-10-2025T20:49:01 - [MESSAGE][PASSED] - Keys 'BACK_SPACE + ' sent to object: 'Object Repository/FIM/Sites Page/Site Filtering/Site_txt'

21-10-2025T20:49:01 - [TEST_STEP][PASSED] - (i++): null

21-10-2025T20:49:01 - [TEST_STEP][PASSED] - sendKeys(findTestObject("FIM/Sites Page/Site Filtering/Site_txt"), Keys.chord(BACK_SPACE), STOP_ON_FAILURE): Keys 'BACK_SPACE + ' sent to object: 'Object Repository/FIM/Sites Page/Site Filtering/Site_txt'

21-10-2025T20:49:02 - [MESSAGE][PASSED] - Keys 'BACK_SPACE + ' sent to object: 'Object Repository/FIM/Sites Page/Site Filtering/Site_txt'

21-10-2025T20:49:02 - [TEST_STEP][PASSED] - (i++): null

21-10-2025T20:49:02 - [TEST_STEP][PASSED] - sendKeys(findTestObject("FIM/Sites Page/Site Filtering/Site_txt"), Keys.chord(BACK_SPACE), STOP_ON_FAILURE): Keys 'BACK_SPACE + ' sent to object: 'Object Repository/FIM/Sites Page/Site Filtering/Site_txt'

21-10-2025T20:49:02 - [MESSAGE][PASSED] - Keys 'BACK_SPACE + ' sent to object: 'Object Repository/FIM/Sites Page/Site Filtering/Site_txt'

21-10-2025T20:49:02 - [TEST_STEP][PASSED] - (i++): null

21-10-2025T20:49:02 - [TEST_STEP][PASSED] - sendKeys(findTestObject("FIM/Sites Page/Site Filtering/Site_txt"), Keys.chord(BACK_SPACE), STOP_ON_FAILURE): Keys 'BACK_SPACE + ' sent to object: 'Object Repository/FIM/Sites Page/Site Filtering/Site_txt'

21-10-2025T20:49:02 - [MESSAGE][PASSED] - Keys 'BACK_SPACE + ' sent to object: 'Object Repository/FIM/Sites Page/Site Filtering/Site_txt'

21-10-2025T20:49:02 - [TEST_STEP][PASSED] - (i++): null

21-10-2025T20:49:02 - [TEST_STEP][PASSED] - sendKeys(findTestObject("FIM/Sites Page/Site Filtering/Site_txt"), Keys.chord(BACK_SPACE), STOP_ON_FAILURE): Keys 'BACK_SPACE + ' sent to object: 'Object Repository/FIM/Sites Page/Site Filtering/Site_txt'

21-10-2025T20:49:02 - [MESSAGE][PASSED] - Keys 'BACK_SPACE + ' sent to object: 'Object Repository/FIM/Sites Page/Site Filtering/Site_txt'

21-10-2025T20:49:02 - [TEST_STEP][PASSED] - (i++): null

21-10-2025T20:49:02 - [TEST_STEP][PASSED] - sendKeys(findTestObject("FIM/Sites Page/Site Filtering/Site_txt"), Keys.chord(BACK_SPACE), STOP_ON_FAILURE): Keys 'BACK_SPACE + ' sent to object: 'Object Repository/FIM/Sites Page/Site Filtering/Site_txt'

21-10-2025T20:49:02 - [MESSAGE][PASSED] - Keys 'BACK_SPACE + ' sent to object: 'Object Repository/FIM/Sites Page/Site Filtering/Site_txt'

21-10-2025T20:49:02 - [TEST_STEP][PASSED] - (i++): null

21-10-2025T20:49:02 - [TEST_STEP][PASSED] - sendKeys(findTestObject("FIM/Sites Page/Site Filtering/Site_txt"), Keys.chord(BACK_SPACE), STOP_ON_FAILURE): Keys 'BACK_SPACE + ' sent to object: 'Object Repository/FIM/Sites Page/Site Filtering/Site_txt'

21-10-2025T20:49:02 - [MESSAGE][PASSED] - Keys 'BACK_SPACE + ' sent to object: 'Object Repository/FIM/Sites Page/Site Filtering/Site_txt'

21-10-2025T20:49:02 - [TEST_STEP][PASSED] - (i++): null

21-10-2025T20:49:02 - [TEST_STEP][PASSED] - sendKeys(findTestObject("FIM/Sites Page/Site Filtering/Site_txt"), Keys.chord(BACK_SPACE), STOP_ON_FAILURE): Keys 'BACK_SPACE + ' sent to object: 'Object Repository/FIM/Sites Page/Site Filtering/Site_txt'

21-10-2025T20:49:02 - [MESSAGE][PASSED] - Keys 'BACK_SPACE + ' sent to object: 'Object Repository/FIM/Sites Page/Site Filtering/Site_txt'

21-10-2025T20:49:02 - [TEST_STEP][PASSED] - (i++): null

21-10-2025T20:49:02 - [TEST_STEP][PASSED] - sendKeys(findTestObject("FIM/Sites Page/Site Filtering/Site_txt"), Keys.chord(BACK_SPACE), STOP_ON_FAILURE): Keys 'BACK_SPACE + ' sent to object: 'Object Repository/FIM/Sites Page/Site Filtering/Site_txt'

21-10-2025T20:49:02 - [MESSAGE][PASSED] - Keys 'BACK_SPACE + ' sent to object: 'Object Repository/FIM/Sites Page/Site Filtering/Site_txt'

21-10-2025T20:49:02 - [TEST_STEP][PASSED] - (i++): null

21-10-2025T20:49:02 - [TEST_STEP][PASSED] - sendKeys(findTestObject("FIM/Sites Page/Site Filtering/Site_txt"), Keys.chord(BACK_SPACE), STOP_ON_FAILURE): Keys 'BACK_SPACE + ' sent to object: 'Object Repository/FIM/Sites Page/Site Filtering/Site_txt'

21-10-2025T20:49:02 - [MESSAGE][PASSED] - Keys 'BACK_SPACE + ' sent to object: 'Object Repository/FIM/Sites Page/Site Filtering/Site_txt'

21-10-2025T20:49:02 - [TEST_STEP][PASSED] - (i++): null

21-10-2025T20:49:02 - [TEST_STEP][PASSED] - sendKeys(findTestObject("FIM/Sites Page/Site Filtering/Site_txt"), Keys.chord(BACK_SPACE), STOP_ON_FAILURE): Keys 'BACK_SPACE + ' sent to object: 'Object Repository/FIM/Sites Page/Site Filtering/Site_txt'

21-10-2025T20:49:02 - [MESSAGE][PASSED] - Keys 'BACK_SPACE + ' sent to object: 'Object Repository/FIM/Sites Page/Site Filtering/Site_txt'

21-10-2025T20:49:02 - [TEST_STEP][PASSED] - (i++): null

21-10-2025T20:49:02 - [TEST_STEP][PASSED] - sendKeys(findTestObject("FIM/Sites Page/Site Filtering/Site_txt"), Keys.chord(BACK_SPACE), STOP_ON_FAILURE): Keys 'BACK_SPACE + ' sent to object: 'Object Repository/FIM/Sites Page/Site Filtering/Site_txt'

21-10-2025T20:49:02 - [MESSAGE][PASSED] - Keys 'BACK_SPACE + ' sent to object: 'Object Repository/FIM/Sites Page/Site Filtering/Site_txt'

21-10-2025T20:49:02 - [TEST_STEP][PASSED] - (i++): null

21-10-2025T20:49:02 - [TEST_STEP][PASSED] - sendKeys(findTestObject("FIM/Sites Page/Site Filtering/Site_txt"), Keys.chord(BACK_SPACE), STOP_ON_FAILURE): Keys 'BACK_SPACE + ' sent to object: 'Object Repository/FIM/Sites Page/Site Filtering/Site_txt'

21-10-2025T20:49:02 - [MESSAGE][PASSED] - Keys 'BACK_SPACE + ' sent to object: 'Object Repository/FIM/Sites Page/Site Filtering/Site_txt'

21-10-2025T20:49:02 - [TEST_STEP][PASSED] - (i++): null

21-10-2025T20:49:02 - [TEST_STEP][PASSED] - sendKeys(findTestObject("FIM/Sites Page/Site Filtering/Site_txt"), "TURK132 - 798 North", STOP_ON_FAILURE): Keys 'TURK132 - 798 North' sent to object: 'Object Repository/FIM/Sites Page/Site Filtering/Site_txt'

21-10-2025T20:49:02 - [MESSAGE][PASSED] - Keys 'TURK132 - 798 North' sent to object: 'Object Repository/FIM/Sites Page/Site Filtering/Site_txt'

21-10-2025T20:49:02 - [TEST_STEP][PASSED] - sendKeys(findTestObject("FIM/Sites Page/Site Filtering/Site_txt"), Keys.chord(ENTER), STOP_ON_FAILURE): Keys 'ENTER + ' sent to object: 'Object Repository/FIM/Sites Page/Site Filtering/Site_txt'

21-10-2025T20:49:03 - [MESSAGE][PASSED] - Keys 'ENTER + ' sent to object: 'Object Repository/FIM/Sites Page/Site Filtering/Site_txt'

21-10-2025T20:49:03 - [TEST_STEP][PASSED] - waitForElementClickable(findTestObject("FIM/Sites Page/Orders/Create Order/CreateOrder_btn"), 300): Object 'Object Repository/FIM/Sites Page/Orders/Create Order/CreateOrder_btn' is clickable

21-10-2025T20:49:03 - [MESSAGE][PASSED] - Object 'Object Repository/FIM/Sites Page/Orders/Create Order/CreateOrder_btn' is clickable

21-10-2025T20:49:03 - [TEST_STEP][PASSED] - click(findTestObject("FIM/Sites Page/Orders/Create Order/CreateOrder_btn"), OPTIONAL): Object: 'Object Repository/FIM/Sites Page/Orders/Create Order/CreateOrder_btn' is clicked on

21-10-2025T20:49:03 - [MESSAGE][PASSED] - Object: 'Object Repository/FIM/Sites Page/Orders/Create Order/CreateOrder_btn' is clicked on

21-10-2025T20:49:03 - [TEST_STEP][PASSED] - delay(1): Delayed 1 second(s)

21-10-2025T20:49:04 - [MESSAGE][PASSED] - Delayed 1 second(s)

21-10-2025T20:49:04 - [TEST_STEP][PASSED] - verifyElementPresent(findTestObject("FIM/Sites Page/Orders/Create Order/Split_Load_Order_toggle"), 10): Object 'Object Repository/FIM/Sites Page/Orders/Create Order/Split_Load_Order_toggle' is present

21-10-2025T20:49:04 - [MESSAGE][PASSED] - Object 'Object Repository/FIM/Sites Page/Orders/Create Order/Split_Load_Order_toggle' is present

21-10-2025T20:49:04 - [TEST_STEP][PASSED] - click(findTestObject("FIM/Sites Page/Orders/Create Order/Split_Load_Order_toggle"), STOP_ON_FAILURE): Object: 'Object Repository/FIM/Sites Page/Orders/Create Order/Split_Load_Order_toggle' is clicked on

21-10-2025T20:49:04 - [MESSAGE][PASSED] - Object: 'Object Repository/FIM/Sites Page/Orders/Create Order/Split_Load_Order_toggle' is clicked on

21-10-2025T20:49:04 - [TEST_STEP][PASSED] - delay(2): Delayed 2 second(s)

21-10-2025T20:49:06 - [MESSAGE][PASSED] - Delayed 2 second(s)

21-10-2025T20:49:06 - [TEST_STEP][PASSED] - sendKeys(findTestObject("FIM/Sites Page/Orders/Create Order/Split Order/Order_Site_Search_txt"), "TURK124 - 3664", STOP_ON_FAILURE): Keys 'TURK124 - 3664' sent to object: 'Object Repository/FIM/Sites Page/Orders/Create Order/Split Order/Order_Site_Search_txt'

21-10-2025T20:49:06 - [MESSAGE][PASSED] - Keys 'TURK124 - 3664' sent to object: 'Object Repository/FIM/Sites Page/Orders/Create Order/Split Order/Order_Site_Search_txt'

21-10-2025T20:49:06 - [TEST_STEP][PASSED] - delay(1): Delayed 1 second(s)

21-10-2025T20:49:07 - [MESSAGE][PASSED] - Delayed 1 second(s)

21-10-2025T20:49:07 - [TEST_STEP][PASSED] - sendKeys(findTestObject("FIM/Sites Page/Orders/Create Order/Split Order/Order_Site_Search_txt"), Keys.chord(ARROW_DOWN), STOP_ON_FAILURE): Keys 'DOWN + ' sent to object: 'Object Repository/FIM/Sites Page/Orders/Create Order/Split Order/Order_Site_Search_txt'

21-10-2025T20:49:07 - [MESSAGE][PASSED] - Keys 'DOWN + ' sent to object: 'Object Repository/FIM/Sites Page/Orders/Create Order/Split Order/Order_Site_Search_txt'

21-10-2025T20:49:07 - [TEST_STEP][PASSED] - delay(1): Delayed 1 second(s)

21-10-2025T20:49:08 - [MESSAGE][PASSED] - Delayed 1 second(s)

21-10-2025T20:49:08 - [TEST_STEP][PASSED] - sendKeys(findTestObject("FIM/Sites Page/Orders/Create Order/Split Order/Order_Site_Search_txt"), Keys.chord(ENTER), STOP_ON_FAILURE): Keys 'ENTER + ' sent to object: 'Object Repository/FIM/Sites Page/Orders/Create Order/Split Order/Order_Site_Search_txt'

21-10-2025T20:49:09 - [MESSAGE][PASSED] - Keys 'ENTER + ' sent to object: 'Object Repository/FIM/Sites Page/Orders/Create Order/Split Order/Order_Site_Search_txt'

21-10-2025T20:49:09 - [TEST_STEP][PASSED] - setText(findTestObject("FIM/Sites Page/Orders/Create Order/30PRM_txt (1)"), "5000"): Text '5000' is set on object 'Object Repository/FIM/Sites Page/Orders/Create Order/30PRM_txt (1)'

21-10-2025T20:49:09 - [MESSAGE][PASSED] - Text '5000' is set on object 'Object Repository/FIM/Sites Page/Orders/Create Order/30PRM_txt (1)'

21-10-2025T20:49:09 - [TEST_STEP][PASSED] - delay(2): Delayed 2 second(s)

21-10-2025T20:49:11 - [MESSAGE][PASSED] - Delayed 2 second(s)

21-10-2025T20:49:11 - [TEST_STEP][PASSED] - click(findTestObject("FIM/Sites Page/Orders/Create Order/Split Order/Add_Load_btn")): Object: 'Object Repository/FIM/Sites Page/Orders/Create Order/Split Order/Add_Load_btn' is clicked on

21-10-2025T20:49:11 - [MESSAGE][PASSED] - Object: 'Object Repository/FIM/Sites Page/Orders/Create Order/Split Order/Add_Load_btn' is clicked on

21-10-2025T20:49:11 - [TEST_STEP][PASSED] - delay(2): Delayed 2 second(s)

21-10-2025T20:49:13 - [MESSAGE][PASSED] - Delayed 2 second(s)

21-10-2025T20:49:13 - [TEST_STEP][PASSED] - verifyElementPresent(findTestObject("FIM/Sites Page/Orders/Create Order/Split Order/Site_Two_Tank_One_txt"), 10): Object 'Object Repository/FIM/Sites Page/Orders/Create Order/Split Order/Site_Two_Tank_One_txt' is present

21-10-2025T20:49:13 - [MESSAGE][PASSED] - Object 'Object Repository/FIM/Sites Page/Orders/Create Order/Split Order/Site_Two_Tank_One_txt' is present

21-10-2025T20:49:13 - [TEST_STEP][PASSED] - setText(findTestObject("FIM/Sites Page/Orders/Create Order/Split Order/Site_Two_Tank_One_txt"), "3600"): Text '3600' is set on object 'Object Repository/FIM/Sites Page/Orders/Create Order/Split Order/Site_Two_Tank_One_txt'

21-10-2025T20:49:13 - [MESSAGE][PASSED] - Text '3600' is set on object 'Object Repository/FIM/Sites Page/Orders/Create Order/Split Order/Site_Two_Tank_One_txt'

21-10-2025T20:49:13 - [TEST_STEP][PASSED] - delay(2): Delayed 2 second(s)

21-10-2025T20:49:15 - [MESSAGE][PASSED] - Delayed 2 second(s)

21-10-2025T20:49:15 - [TEST_STEP][PASSED] - clearText(findTestObject("FIM/Sites Page/Orders/Create Order/30PRM_txt (1)"), STOP_ON_FAILURE): Text of object 'Object Repository/FIM/Sites Page/Orders/Create Order/30PRM_txt (1)' is cleared

21-10-2025T20:49:15 - [MESSAGE][PASSED] - Text of object 'Object Repository/FIM/Sites Page/Orders/Create Order/30PRM_txt (1)' is cleared

21-10-2025T20:49:15 - [TEST_STEP][PASSED] - delay(1): Delayed 1 second(s)

21-10-2025T20:49:16 - [MESSAGE][PASSED] - Delayed 1 second(s)

21-10-2025T20:49:16 - [TEST_STEP][PASSED] - sendKeys(findTestObject("FIM/Sites Page/Orders/Create Order/Split Order/Order_Site_Search_txt"), "TURK269 - 1600", STOP_ON_FAILURE): Keys 'TURK269 - 1600' sent to object: 'Object Repository/FIM/Sites Page/Orders/Create Order/Split Order/Order_Site_Search_txt'

21-10-2025T20:49:16 - [MESSAGE][PASSED] - Keys 'TURK269 - 1600' sent to object: 'Object Repository/FIM/Sites Page/Orders/Create Order/Split Order/Order_Site_Search_txt'

21-10-2025T20:49:16 - [TEST_STEP][PASSED] - delay(1): Delayed 1 second(s)

21-10-2025T20:49:17 - [MESSAGE][PASSED] - Delayed 1 second(s)

21-10-2025T20:49:17 - [TEST_STEP][PASSED] - sendKeys(findTestObject("FIM/Sites Page/Orders/Create Order/Split Order/Order_Site_Search_txt"), Keys.chord(ARROW_DOWN), STOP_ON_FAILURE): Keys 'DOWN + ' sent to object: 'Object Repository/FIM/Sites Page/Orders/Create Order/Split Order/Order_Site_Search_txt'

21-10-2025T20:49:17 - [MESSAGE][PASSED] - Keys 'DOWN + ' sent to object: 'Object Repository/FIM/Sites Page/Orders/Create Order/Split Order/Order_Site_Search_txt'

21-10-2025T20:49:17 - [TEST_STEP][PASSED] - delay(1): Delayed 1 second(s)

21-10-2025T20:49:18 - [MESSAGE][PASSED] - Delayed 1 second(s)

21-10-2025T20:49:18 - [TEST_STEP][PASSED] - sendKeys(findTestObject("FIM/Sites Page/Orders/Create Order/Split Order/Order_Site_Search_txt"), Keys.chord(ENTER), STOP_ON_FAILURE): Keys 'ENTER + ' sent to object: 'Object Repository/FIM/Sites Page/Orders/Create Order/Split Order/Order_Site_Search_txt'

21-10-2025T20:49:18 - [MESSAGE][PASSED] - Keys 'ENTER + ' sent to object: 'Object Repository/FIM/Sites Page/Orders/Create Order/Split Order/Order_Site_Search_txt'

21-10-2025T20:49:18 - [TEST_STEP][PASSED] - delay(1): Delayed 1 second(s)

21-10-2025T20:49:19 - [MESSAGE][PASSED] - Delayed 1 second(s)

21-10-2025T20:49:19 - [TEST_STEP][PASSED] - click(findTestObject("FIM/Sites Page/Orders/Create Order/Split Order/Add_Load_btn")): Object: 'Object Repository/FIM/Sites Page/Orders/Create Order/Split Order/Add_Load_btn' is clicked on

21-10-2025T20:49:19 - [MESSAGE][PASSED] - Object: 'Object Repository/FIM/Sites Page/Orders/Create Order/Split Order/Add_Load_btn' is clicked on

21-10-2025T20:49:19 - [TEST_STEP][PASSED] - delay(2): Delayed 2 second(s)

21-10-2025T20:49:21 - [MESSAGE][PASSED] - Delayed 2 second(s)

21-10-2025T20:49:21 - [TEST_STEP][PASSED] - setText(findTestObject("FIM/Sites Page/Orders/Create Order/Split Order/Site_Three_Tank_One_txt"), "4100"): Text '4100' is set on object 'Object Repository/FIM/Sites Page/Orders/Create Order/Split Order/Site_Three_Tank_One_txt'

21-10-2025T20:49:22 - [MESSAGE][PASSED] - Text '4100' is set on object 'Object Repository/FIM/Sites Page/Orders/Create Order/Split Order/Site_Three_Tank_One_txt'

21-10-2025T20:49:22 - [TEST_STEP][PASSED] - delay(1): Delayed 1 second(s)

21-10-2025T20:49:23 - [MESSAGE][PASSED] - Delayed 1 second(s)

21-10-2025T20:49:23 - [TEST_STEP][PASSED] - setText(findTestObject("FIM/Sites Page/Orders/Create Order/30PRM_txt (1)"), "5000"): Text '5000' is set on object 'Object Repository/FIM/Sites Page/Orders/Create Order/30PRM_txt (1)'

21-10-2025T20:49:23 - [MESSAGE][PASSED] - Text '5000' is set on object 'Object Repository/FIM/Sites Page/Orders/Create Order/30PRM_txt (1)'

21-10-2025T20:49:23 - [TEST_STEP][PASSED] - delay(2): Delayed 2 second(s)

21-10-2025T20:49:25 - [MESSAGE][PASSED] - Delayed 2 second(s)

21-10-2025T20:49:25 - [TEST_STEP][PASSED] - click(findTestObject("FIM/Sites Page/Orders/Create Order/Split Order/Order_Cancel_btn")): Object: 'Object Repository/FIM/Sites Page/Orders/Create Order/Split Order/Order_Cancel_btn' is clicked on

21-10-2025T20:49:25 - [MESSAGE][PASSED] - Object: 'Object Repository/FIM/Sites Page/Orders/Create Order/Split Order/Order_Cancel_btn' is clicked on

21-10-2025T20:49:25 - [TEST_STEP][PASSED] - delay(2): Delayed 2 second(s)

21-10-2025T20:49:27 - [MESSAGE][PASSED] - Delayed 2 second(s)

21-10-2025T20:49:27 - [TEST_STEP][PASSED] - closeBrowser(): Browser is closed

21-10-2025T20:49:27 - [MESSAGE][PASSED] - Browser is closed

21-10-2025T20:49:27 - [TEST_STEP][PASSED] - Start listener action : retryOnDisconnect: null

21-10-2025T20:49:27 - [TEST_STEP][PASSED] - tcId = testCaseContext.getTestCaseId(): null

21-10-2025T20:49:27 - [TEST_STEP][PASSED] - currentRetry = retryCounts.getOrDefault(tcId, 0): null

21-10-2025T20:49:27 - [TEST_STEP][PASSED] - if (testCaseContext.getTestCaseStatus() == "FAILED" && currentRetry < MAX_RETRIES): null]]></system-out>
         <system-err><![CDATA[]]></system-err>
      </testcase>
      <testcase name="Test Cases/FIM/UI/KGL/Admin/Sites Page/Orders/Create Split Load Order (Adding 1 Site)" time="72.398" classname="Test Cases/FIM/UI/KGL/Admin/Sites Page/Orders/Create Split Load Order (Adding 1 Site)" status="FAILED">
         <failure type="FAILED" message="Test Cases/FIM/UI/KGL/Admin/Sites Page/Orders/Create Split Load Order (Adding 1 Site) FAILED.&#xa;Reason:&#xa;com.kms.katalon.core.exception.StepFailedException: Unable to click on object 'Object Repository/FIM/Sites Page/Orders/Create Order/Split Order/Save_btn (2 Sites)'&#xa;	at com.kms.katalon.core.webui.keyword.internal.WebUIKeywordMain.stepFailed(WebUIKeywordMain.groovy:117)&#xa;	at com.kms.katalon.core.webui.keyword.internal.WebUIKeywordMain.runKeyword(WebUIKeywordMain.groovy:43)&#xa;	at com.kms.katalon.core.webui.keyword.builtin.ClickKeyword.click(ClickKeyword.groovy:74)&#xa;	at com.kms.katalon.core.webui.keyword.builtin.ClickKeyword.execute(ClickKeyword.groovy:40)&#xa;	at com.kms.katalon.core.keyword.internal.KeywordExecutor.executeKeywordForPlatform(KeywordExecutor.groovy:74)&#xa;	at com.kms.katalon.core.webui.keyword.WebUiBuiltInKeywords.click(WebUiBuiltInKeywords.groovy:659)&#xa;	at com.kms.katalon.core.webui.keyword.WebUiBuiltInKeywords$click$4.call(Unknown Source)&#xa;	at Create Split Load Order (Adding 1 Site).run(Create Split Load Order (Adding 1 Site):90)&#xa;	at com.kms.katalon.core.main.ScriptEngine.run(ScriptEngine.java:194)&#xa;	at com.kms.katalon.core.main.ScriptEngine.runScriptAsRawText(ScriptEngine.java:119)&#xa;	at com.kms.katalon.core.main.TestCaseExecutor.runScript(TestCaseExecutor.java:448)&#xa;	at com.kms.katalon.core.main.TestCaseExecutor.doExecute(TestCaseExecutor.java:439)&#xa;	at com.kms.katalon.core.main.TestCaseExecutor.processExecutionPhase(TestCaseExecutor.java:418)&#xa;	at com.kms.katalon.core.main.TestCaseExecutor.accessMainPhase(TestCaseExecutor.java:410)&#xa;	at com.kms.katalon.core.main.TestCaseExecutor.execute(TestCaseExecutor.java:285)&#xa;	at com.kms.katalon.core.common.CommonExecutor.accessTestCaseMainPhase(CommonExecutor.java:65)&#xa;	at com.kms.katalon.core.main.TestSuiteExecutor.accessTestSuiteMainPhase(TestSuiteExecutor.java:150)&#xa;	at com.kms.katalon.core.main.TestSuiteExecutor.execute(TestSuiteExecutor.java:106)&#xa;	at com.kms.katalon.core.main.TestCaseMain.startTestSuite(TestCaseMain.java:180)&#xa;	at com.kms.katalon.core.main.TestCaseMain$startTestSuite$0.call(Unknown Source)&#xa;	at TempTestSuite1761090769781.run(TempTestSuite1761090769781.groovy:35)&#xa;	at java.base/jdk.internal.reflect.NativeMethodAccessorImpl.invoke0(Native Method)&#xa;	at java.base/jdk.internal.reflect.NativeMethodAccessorImpl.invoke(NativeMethodAccessorImpl.java:77)&#xa;	at java.base/jdk.internal.reflect.DelegatingMethodAccessorImpl.invoke(DelegatingMethodAccessorImpl.java:43)&#xa;Caused by: com.kms.katalon.core.webui.exception.WebElementNotFoundException: Web element with id: 'Object Repository/FIM/Sites Page/Orders/Create Order/Split Order/Save_btn (2 Sites)' located by '//*[@id=&quot;__BVID__159___BV_modal_body_&quot;]/form/div/div[6]/div/div/button[1]' not found&#xa;	at com.kms.katalon.core.webui.common.WebUiCommonHelper.findWebElement(WebUiCommonHelper.java:1423)&#xa;	at com.kms.katalon.core.webui.keyword.internal.WebUIAbstractKeyword.findWebElement(WebUIAbstractKeyword.groovy:27)&#xa;	at com.kms.katalon.core.webui.keyword.builtin.ClickKeyword$_click_closure1.doCall(ClickKeyword.groovy:65)&#xa;	at com.kms.katalon.core.webui.keyword.builtin.ClickKeyword$_click_closure1.call(ClickKeyword.groovy)&#xa;	at com.kms.katalon.core.webui.keyword.internal.WebUIKeywordMain.runKeyword(WebUIKeywordMain.groovy:35)&#xa;	... 22 more&#xa;"/>
         <system-out><![CDATA[21-10-2025T20:49:27 - [TEST_CASE][FAILED] - Test Cases/FIM/UI/KGL/Admin/Sites Page/Orders/Create Split Load Order (Adding 1 Site): Test Cases/FIM/UI/KGL/Admin/Sites Page/Orders/Create Split Load Order (Adding 1 Site) FAILED.
Reason:
com.kms.katalon.core.exception.StepFailedException: Unable to click on object 'Object Repository/FIM/Sites Page/Orders/Create Order/Split Order/Save_btn (2 Sites)'
	at com.kms.katalon.core.webui.keyword.internal.WebUIKeywordMain.stepFailed(WebUIKeywordMain.groovy:117)
	at com.kms.katalon.core.webui.keyword.internal.WebUIKeywordMain.runKeyword(WebUIKeywordMain.groovy:43)
	at com.kms.katalon.core.webui.keyword.builtin.ClickKeyword.click(ClickKeyword.groovy:74)
	at com.kms.katalon.core.webui.keyword.builtin.ClickKeyword.execute(ClickKeyword.groovy:40)
	at com.kms.katalon.core.keyword.internal.KeywordExecutor.executeKeywordForPlatform(KeywordExecutor.groovy:74)
	at com.kms.katalon.core.webui.keyword.WebUiBuiltInKeywords.click(WebUiBuiltInKeywords.groovy:659)
	at com.kms.katalon.core.webui.keyword.WebUiBuiltInKeywords$click$4.call(Unknown Source)
	at Create Split Load Order (Adding 1 Site).run(Create Split Load Order (Adding 1 Site):90)
	at com.kms.katalon.core.main.ScriptEngine.run(ScriptEngine.java:194)
	at com.kms.katalon.core.main.ScriptEngine.runScriptAsRawText(ScriptEngine.java:119)
	at com.kms.katalon.core.main.TestCaseExecutor.runScript(TestCaseExecutor.java:448)
	at com.kms.katalon.core.main.TestCaseExecutor.doExecute(TestCaseExecutor.java:439)
	at com.kms.katalon.core.main.TestCaseExecutor.processExecutionPhase(TestCaseExecutor.java:418)
	at com.kms.katalon.core.main.TestCaseExecutor.accessMainPhase(TestCaseExecutor.java:410)
	at com.kms.katalon.core.main.TestCaseExecutor.execute(TestCaseExecutor.java:285)
	at com.kms.katalon.core.common.CommonExecutor.accessTestCaseMainPhase(CommonExecutor.java:65)
	at com.kms.katalon.core.main.TestSuiteExecutor.accessTestSuiteMainPhase(TestSuiteExecutor.java:150)
	at com.kms.katalon.core.main.TestSuiteExecutor.execute(TestSuiteExecutor.java:106)
	at com.kms.katalon.core.main.TestCaseMain.startTestSuite(TestCaseMain.java:180)
	at com.kms.katalon.core.main.TestCaseMain$startTestSuite$0.call(Unknown Source)
	at TempTestSuite1761090769781.run(TempTestSuite1761090769781.groovy:35)
	at java.base/jdk.internal.reflect.NativeMethodAccessorImpl.invoke0(Native Method)
	at java.base/jdk.internal.reflect.NativeMethodAccessorImpl.invoke(NativeMethodAccessorImpl.java:77)
	at java.base/jdk.internal.reflect.DelegatingMethodAccessorImpl.invoke(DelegatingMethodAccessorImpl.java:43)
Caused by: com.kms.katalon.core.webui.exception.WebElementNotFoundException: Web element with id: 'Object Repository/FIM/Sites Page/Orders/Create Order/Split Order/Save_btn (2 Sites)' located by '//*[@id="__BVID__159___BV_modal_body_"]/form/div/div[6]/div/div/button[1]' not found
	at com.kms.katalon.core.webui.common.WebUiCommonHelper.findWebElement(WebUiCommonHelper.java:1423)
	at com.kms.katalon.core.webui.keyword.internal.WebUIAbstractKeyword.findWebElement(WebUIAbstractKeyword.groovy:27)
	at com.kms.katalon.core.webui.keyword.builtin.ClickKeyword$_click_closure1.doCall(ClickKeyword.groovy:65)
	at com.kms.katalon.core.webui.keyword.builtin.ClickKeyword$_click_closure1.call(ClickKeyword.groovy)
	at com.kms.katalon.core.webui.keyword.internal.WebUIKeywordMain.runKeyword(WebUIKeywordMain.groovy:35)
	... 22 more


21-10-2025T20:49:27 - [TEST_STEP][PASSED] - Start listener action : beforeTestCase: null

21-10-2025T20:49:27 - [TEST_STEP][PASSED] - addDefaultPackages(): null

21-10-2025T20:49:27 - [TEST_STEP][PASSED] - i = 0: null

21-10-2025T20:49:27 - [TEST_STEP][PASSED] - callTestCase(findTestCase("Utility Scripts/FIM KGL Admin Login"), [:], STOP_ON_FAILURE): Call Test Case 'Test Cases/Utility Scripts/FIM KGL Admin Login' successfully

21-10-2025T20:49:27 - [TEST_CASE][PASSED] - Test Cases/Utility Scripts/FIM KGL Admin Login: Test Cases/Utility Scripts/FIM KGL Admin Login

21-10-2025T20:49:27 - [TEST_STEP][PASSED] - openBrowser(""): Browser is opened with url: ''

21-10-2025T20:49:27 - [MESSAGE][INFO] - Starting 'Chrome' driver

21-10-2025T20:49:27 - [MESSAGE][INFO] - User set preference: ['args', '[--no-sandbox, --disable-gpu, --disable-dev-shm-usage]']

21-10-2025T20:49:27 - [MESSAGE][INFO] - Action delay is set to 0 milliseconds

21-10-2025T20:49:28 - [MESSAGE][PASSED] - Browser is opened with url: ''

21-10-2025T20:49:28 - [TEST_STEP][PASSED] - delay(1): Delayed 1 second(s)

21-10-2025T20:49:29 - [MESSAGE][PASSED] - Delayed 1 second(s)

21-10-2025T20:49:29 - [TEST_STEP][PASSED] - navigateToUrl(KGLCustomGroupUrl): Navigate to 'https://kaglogistics-inventory-management-portal.qa.thekag.com/custom-group/' successfully

21-10-2025T20:49:29 - [MESSAGE][PASSED] - Navigate to 'https://kaglogistics-inventory-management-portal.qa.thekag.com/custom-group/' successfully

21-10-2025T20:49:29 - [TEST_STEP][PASSED] - delay(10): Delayed 10 second(s)

21-10-2025T20:49:39 - [MESSAGE][PASSED] - Delayed 10 second(s)

21-10-2025T20:49:39 - [TEST_STEP][PASSED] - if (maximizeWindow == true): Delayed 1 second(s)

21-10-2025T20:49:39 - [TEST_STEP][PASSED] - maximizeWindow(STOP_ON_FAILURE): Current window maximized

21-10-2025T20:49:39 - [MESSAGE][PASSED] - Current window maximized

21-10-2025T20:49:39 - [TEST_STEP][PASSED] - delay(1): Delayed 1 second(s)

21-10-2025T20:49:40 - [MESSAGE][PASSED] - Delayed 1 second(s)

21-10-2025T20:49:40 - [TEST_STEP][PASSED] - waitForElementPresent(findTestObject("FIM/Username_txt"), 10): Object 'Object Repository/FIM/Username_txt' is present

21-10-2025T20:49:40 - [MESSAGE][PASSED] - Object 'Object Repository/FIM/Username_txt' is present

21-10-2025T20:49:40 - [TEST_STEP][PASSED] - setText(findTestObject("FIM/Username_txt"), FIMUsername): Text 'Chris.Sheldon+DES_QA@Thekag.com' is set on object 'Object Repository/FIM/Username_txt'

21-10-2025T20:49:40 - [MESSAGE][PASSED] - Text 'Chris.Sheldon+DES_QA@Thekag.com' is set on object 'Object Repository/FIM/Username_txt'

21-10-2025T20:49:40 - [TEST_STEP][PASSED] - delay(1): Delayed 1 second(s)

21-10-2025T20:49:41 - [MESSAGE][PASSED] - Delayed 1 second(s)

21-10-2025T20:49:41 - [TEST_STEP][PASSED] - setText(findTestObject("FIM/Password_txt"), FIMPassword): Text 'QATest!2' is set on object 'Object Repository/FIM/Password_txt'

21-10-2025T20:49:41 - [MESSAGE][PASSED] - Text 'QATest!2' is set on object 'Object Repository/FIM/Password_txt'

21-10-2025T20:49:41 - [TEST_STEP][PASSED] - delay(1): Delayed 1 second(s)

21-10-2025T20:49:42 - [MESSAGE][PASSED] - Delayed 1 second(s)

21-10-2025T20:49:42 - [TEST_STEP][PASSED] - click(findTestObject("FIM/Login_btn")): Object: 'Object Repository/FIM/Login_btn' is clicked on

21-10-2025T20:49:43 - [MESSAGE][PASSED] - Object: 'Object Repository/FIM/Login_btn' is clicked on

21-10-2025T20:49:43 - [MESSAGE][PASSED] - Call Test Case 'Test Cases/Utility Scripts/FIM KGL Admin Login' successfully

21-10-2025T20:49:43 - [TEST_STEP][PASSED] - if (verifyElementVisible(findTestObject("FIM/Server_Notification_Close_btn"), OPTIONAL) == true): Web element with id: 'Object Repository/FIM/Server_Notification_Close_btn' located by '/html/body/div/div[1]/button' not found (Root cause: com.kms.katalon.core.exception.StepFailedException: Web element with id: 'Object Repository/FIM/Server_Notification_Close_btn' located by '/html/body/div/div[1]/button' not found
	at com.kms.katalon.core.webui.keyword.internal.WebUIKeywordMain.stepFailed(WebUIKeywordMain.groovy:117)
	at com.kms.katalon.core.webui.keyword.builtin.VerifyElementVisibleKeyword$_verifyElementVisible_closure1.doCall(VerifyElementVisibleKeyword.groovy:89)
	at com.kms.katalon.core.webui.keyword.builtin.VerifyElementVisibleKeyword$_verifyElementVisible_closure1.call(VerifyElementVisibleKeyword.groovy)
	at com.kms.katalon.core.webui.keyword.internal.WebUIKeywordMain.runKeyword(WebUIKeywordMain.groovy:35)
	at com.kms.katalon.core.webui.keyword.builtin.VerifyElementVisibleKeyword.verifyElementVisible(VerifyElementVisibleKeyword.groovy:97)
	at com.kms.katalon.core.webui.keyword.builtin.VerifyElementVisibleKeyword.execute(VerifyElementVisibleKeyword.groovy:67)
	at com.kms.katalon.core.keyword.internal.KeywordExecutor.executeKeywordForPlatform(KeywordExecutor.groovy:74)
	at com.kms.katalon.core.webui.keyword.WebUiBuiltInKeywords.verifyElementVisible(WebUiBuiltInKeywords.groovy:401)
	at com.kms.katalon.core.webui.keyword.WebUiBuiltInKeywords$verifyElementVisible$5.call(Unknown Source)
	at Create Split Load Order (Adding 1 Site).run(Create Split Load Order (Adding 1 Site):24)
	at com.kms.katalon.core.main.ScriptEngine.run(ScriptEngine.java:194)
	at com.kms.katalon.core.main.ScriptEngine.runScriptAsRawText(ScriptEngine.java:119)
	at com.kms.katalon.core.main.TestCaseExecutor.runScript(TestCaseExecutor.java:448)
	at com.kms.katalon.core.main.TestCaseExecutor.doExecute(TestCaseExecutor.java:439)
	at com.kms.katalon.core.main.TestCaseExecutor.processExecutionPhase(TestCaseExecutor.java:418)
	at com.kms.katalon.core.main.TestCaseExecutor.accessMainPhase(TestCaseExecutor.java:410)
	at com.kms.katalon.core.main.TestCaseExecutor.execute(TestCaseExecutor.java:285)
	at com.kms.katalon.core.common.CommonExecutor.accessTestCaseMainPhase(CommonExecutor.java:65)
	at com.kms.katalon.core.main.TestSuiteExecutor.accessTestSuiteMainPhase(TestSuiteExecutor.java:150)
	at com.kms.katalon.core.main.TestSuiteExecutor.execute(TestSuiteExecutor.java:106)
	at com.kms.katalon.core.main.TestCaseMain.startTestSuite(TestCaseMain.java:180)
	at com.kms.katalon.core.main.TestCaseMain$startTestSuite$0.call(Unknown Source)
	at TempTestSuite1761090769781.run(TempTestSuite1761090769781.groovy:35)
	at java.base/jdk.internal.reflect.NativeMethodAccessorImpl.invoke0(Native Method)
	at java.base/jdk.internal.reflect.NativeMethodAccessorImpl.invoke(NativeMethodAccessorImpl.java:77)
	at java.base/jdk.internal.reflect.DelegatingMethodAccessorImpl.invoke(DelegatingMethodAccessorImpl.java:43)
)

21-10-2025T20:49:59 - [MESSAGE][INFO] - Unable to find the element located by 'By.xpath: /html/body/div/div[1]/button'. Please recheck the objects properties to make sure the desired element is located. 

21-10-2025T20:49:59 - [MESSAGE][WARNING] - [SELF-HEALING] Failed to find element with id 'Object Repository/FIM/Server_Notification_Close_btn'. Try using Self-healing.

21-10-2025T20:50:00 - [MESSAGE][INFO] - [SELF-HEALING] No working XPath is found.

21-10-2025T20:50:02 - [MESSAGE][INFO] - Unable to find the element located by 'By.xpath: '. Please recheck the objects properties to make sure the desired element is located. 

21-10-2025T20:50:02 - [MESSAGE][WARNING] - [SELF-HEALING] Cannot find elements when the selector is null

21-10-2025T20:50:02 - [MESSAGE][WARNING] - Web element with id: 'Object Repository/FIM/Server_Notification_Close_btn' located by '/html/body/div/div[1]/button' not found (Root cause: com.kms.katalon.core.exception.StepFailedException: Web element with id: 'Object Repository/FIM/Server_Notification_Close_btn' located by '/html/body/div/div[1]/button' not found
	at com.kms.katalon.core.webui.keyword.internal.WebUIKeywordMain.stepFailed(WebUIKeywordMain.groovy:117)
	at com.kms.katalon.core.webui.keyword.builtin.VerifyElementVisibleKeyword$_verifyElementVisible_closure1.doCall(VerifyElementVisibleKeyword.groovy:89)
	at com.kms.katalon.core.webui.keyword.builtin.VerifyElementVisibleKeyword$_verifyElementVisible_closure1.call(VerifyElementVisibleKeyword.groovy)
	at com.kms.katalon.core.webui.keyword.internal.WebUIKeywordMain.runKeyword(WebUIKeywordMain.groovy:35)
	at com.kms.katalon.core.webui.keyword.builtin.VerifyElementVisibleKeyword.verifyElementVisible(VerifyElementVisibleKeyword.groovy:97)
	at com.kms.katalon.core.webui.keyword.builtin.VerifyElementVisibleKeyword.execute(VerifyElementVisibleKeyword.groovy:67)
	at com.kms.katalon.core.keyword.internal.KeywordExecutor.executeKeywordForPlatform(KeywordExecutor.groovy:74)
	at com.kms.katalon.core.webui.keyword.WebUiBuiltInKeywords.verifyElementVisible(WebUiBuiltInKeywords.groovy:401)
	at com.kms.katalon.core.webui.keyword.WebUiBuiltInKeywords$verifyElementVisible$5.call(Unknown Source)
	at Create Split Load Order (Adding 1 Site).run(Create Split Load Order (Adding 1 Site):24)
	at com.kms.katalon.core.main.ScriptEngine.run(ScriptEngine.java:194)
	at com.kms.katalon.core.main.ScriptEngine.runScriptAsRawText(ScriptEngine.java:119)
	at com.kms.katalon.core.main.TestCaseExecutor.runScript(TestCaseExecutor.java:448)
	at com.kms.katalon.core.main.TestCaseExecutor.doExecute(TestCaseExecutor.java:439)
	at com.kms.katalon.core.main.TestCaseExecutor.processExecutionPhase(TestCaseExecutor.java:418)
	at com.kms.katalon.core.main.TestCaseExecutor.accessMainPhase(TestCaseExecutor.java:410)
	at com.kms.katalon.core.main.TestCaseExecutor.execute(TestCaseExecutor.java:285)
	at com.kms.katalon.core.common.CommonExecutor.accessTestCaseMainPhase(CommonExecutor.java:65)
	at com.kms.katalon.core.main.TestSuiteExecutor.accessTestSuiteMainPhase(TestSuiteExecutor.java:150)
	at com.kms.katalon.core.main.TestSuiteExecutor.execute(TestSuiteExecutor.java:106)
	at com.kms.katalon.core.main.TestCaseMain.startTestSuite(TestCaseMain.java:180)
	at com.kms.katalon.core.main.TestCaseMain$startTestSuite$0.call(Unknown Source)
	at TempTestSuite1761090769781.run(TempTestSuite1761090769781.groovy:35)
	at java.base/jdk.internal.reflect.NativeMethodAccessorImpl.invoke0(Native Method)
	at java.base/jdk.internal.reflect.NativeMethodAccessorImpl.invoke(NativeMethodAccessorImpl.java:77)
	at java.base/jdk.internal.reflect.DelegatingMethodAccessorImpl.invoke(DelegatingMethodAccessorImpl.java:43)
)

21-10-2025T20:50:02 - [TEST_STEP][PASSED] - delay(1): Delayed 1 second(s)

21-10-2025T20:50:03 - [MESSAGE][PASSED] - Delayed 1 second(s)

21-10-2025T20:50:03 - [TEST_STEP][PASSED] - click(findTestObject("FIM/Hamburger Menu List/Hamburger_menu")): Object: 'Object Repository/FIM/Hamburger Menu List/Hamburger_menu' is clicked on

21-10-2025T20:50:03 - [MESSAGE][PASSED] - Object: 'Object Repository/FIM/Hamburger Menu List/Hamburger_menu' is clicked on

21-10-2025T20:50:03 - [TEST_STEP][PASSED] - verifyElementPresent(findTestObject("FIM/Hamburger Menu List/Sites_list (1)"), 10): Object 'Object Repository/FIM/Hamburger Menu List/Sites_list (1)' is present

21-10-2025T20:50:03 - [MESSAGE][PASSED] - Object 'Object Repository/FIM/Hamburger Menu List/Sites_list (1)' is present

21-10-2025T20:50:03 - [TEST_STEP][PASSED] - delay(1): Delayed 1 second(s)

21-10-2025T20:50:04 - [MESSAGE][PASSED] - Delayed 1 second(s)

21-10-2025T20:50:04 - [TEST_STEP][PASSED] - click(findTestObject("FIM/Hamburger Menu List/Sites_list (1)")): Object: 'Object Repository/FIM/Hamburger Menu List/Sites_list (1)' is clicked on

21-10-2025T20:50:04 - [MESSAGE][PASSED] - Object: 'Object Repository/FIM/Hamburger Menu List/Sites_list (1)' is clicked on

21-10-2025T20:50:04 - [TEST_STEP][PASSED] - waitForElementPresent(findTestObject("FIM/Sites Page/Calculator/Calculator Tab"), 10): Object 'Object Repository/FIM/Sites Page/Calculator/Calculator Tab' is present

21-10-2025T20:50:05 - [MESSAGE][PASSED] - Object 'Object Repository/FIM/Sites Page/Calculator/Calculator Tab' is present

21-10-2025T20:50:05 - [TEST_STEP][PASSED] - selectOptionByLabel(findTestObject("FIM/Sites Page/Site Filtering/Region Selection_dropdown"), "KAG LOGISTICS", false): All options with label 'KAG LOGISTICS' are selected in object 'Object Repository/FIM/Sites Page/Site Filtering/Region Selection_dropdown' 

21-10-2025T20:50:05 - [MESSAGE][PASSED] - All options with label 'KAG LOGISTICS' are selected in object 'Object Repository/FIM/Sites Page/Site Filtering/Region Selection_dropdown' 

21-10-2025T20:50:05 - [TEST_STEP][PASSED] - while (i < 60 == true): null

21-10-2025T20:50:05 - [TEST_STEP][PASSED] - sendKeys(findTestObject("FIM/Sites Page/Site Filtering/Site_txt"), Keys.chord(BACK_SPACE), STOP_ON_FAILURE): Keys 'BACK_SPACE + ' sent to object: 'Object Repository/FIM/Sites Page/Site Filtering/Site_txt'

21-10-2025T20:50:06 - [MESSAGE][PASSED] - Keys 'BACK_SPACE + ' sent to object: 'Object Repository/FIM/Sites Page/Site Filtering/Site_txt'

21-10-2025T20:50:06 - [TEST_STEP][PASSED] - (i++): null

21-10-2025T20:50:06 - [TEST_STEP][PASSED] - sendKeys(findTestObject("FIM/Sites Page/Site Filtering/Site_txt"), Keys.chord(BACK_SPACE), STOP_ON_FAILURE): Keys 'BACK_SPACE + ' sent to object: 'Object Repository/FIM/Sites Page/Site Filtering/Site_txt'

21-10-2025T20:50:06 - [MESSAGE][PASSED] - Keys 'BACK_SPACE + ' sent to object: 'Object Repository/FIM/Sites Page/Site Filtering/Site_txt'

21-10-2025T20:50:06 - [TEST_STEP][PASSED] - (i++): null

21-10-2025T20:50:06 - [TEST_STEP][PASSED] - sendKeys(findTestObject("FIM/Sites Page/Site Filtering/Site_txt"), Keys.chord(BACK_SPACE), STOP_ON_FAILURE): Keys 'BACK_SPACE + ' sent to object: 'Object Repository/FIM/Sites Page/Site Filtering/Site_txt'

21-10-2025T20:50:06 - [MESSAGE][PASSED] - Keys 'BACK_SPACE + ' sent to object: 'Object Repository/FIM/Sites Page/Site Filtering/Site_txt'

21-10-2025T20:50:06 - [TEST_STEP][PASSED] - (i++): null

21-10-2025T20:50:06 - [TEST_STEP][PASSED] - sendKeys(findTestObject("FIM/Sites Page/Site Filtering/Site_txt"), Keys.chord(BACK_SPACE), STOP_ON_FAILURE): Keys 'BACK_SPACE + ' sent to object: 'Object Repository/FIM/Sites Page/Site Filtering/Site_txt'

21-10-2025T20:50:06 - [MESSAGE][PASSED] - Keys 'BACK_SPACE + ' sent to object: 'Object Repository/FIM/Sites Page/Site Filtering/Site_txt'

21-10-2025T20:50:06 - [TEST_STEP][PASSED] - (i++): null

21-10-2025T20:50:06 - [TEST_STEP][PASSED] - sendKeys(findTestObject("FIM/Sites Page/Site Filtering/Site_txt"), Keys.chord(BACK_SPACE), STOP_ON_FAILURE): Keys 'BACK_SPACE + ' sent to object: 'Object Repository/FIM/Sites Page/Site Filtering/Site_txt'

21-10-2025T20:50:06 - [MESSAGE][PASSED] - Keys 'BACK_SPACE + ' sent to object: 'Object Repository/FIM/Sites Page/Site Filtering/Site_txt'

21-10-2025T20:50:06 - [TEST_STEP][PASSED] - (i++): null

21-10-2025T20:50:06 - [TEST_STEP][PASSED] - sendKeys(findTestObject("FIM/Sites Page/Site Filtering/Site_txt"), Keys.chord(BACK_SPACE), STOP_ON_FAILURE): Keys 'BACK_SPACE + ' sent to object: 'Object Repository/FIM/Sites Page/Site Filtering/Site_txt'

21-10-2025T20:50:06 - [MESSAGE][PASSED] - Keys 'BACK_SPACE + ' sent to object: 'Object Repository/FIM/Sites Page/Site Filtering/Site_txt'

21-10-2025T20:50:06 - [TEST_STEP][PASSED] - (i++): null

21-10-2025T20:50:06 - [TEST_STEP][PASSED] - sendKeys(findTestObject("FIM/Sites Page/Site Filtering/Site_txt"), Keys.chord(BACK_SPACE), STOP_ON_FAILURE): Keys 'BACK_SPACE + ' sent to object: 'Object Repository/FIM/Sites Page/Site Filtering/Site_txt'

21-10-2025T20:50:06 - [MESSAGE][PASSED] - Keys 'BACK_SPACE + ' sent to object: 'Object Repository/FIM/Sites Page/Site Filtering/Site_txt'

21-10-2025T20:50:06 - [TEST_STEP][PASSED] - (i++): null

21-10-2025T20:50:06 - [TEST_STEP][PASSED] - sendKeys(findTestObject("FIM/Sites Page/Site Filtering/Site_txt"), Keys.chord(BACK_SPACE), STOP_ON_FAILURE): Keys 'BACK_SPACE + ' sent to object: 'Object Repository/FIM/Sites Page/Site Filtering/Site_txt'

21-10-2025T20:50:07 - [MESSAGE][PASSED] - Keys 'BACK_SPACE + ' sent to object: 'Object Repository/FIM/Sites Page/Site Filtering/Site_txt'

21-10-2025T20:50:07 - [TEST_STEP][PASSED] - (i++): null

21-10-2025T20:50:07 - [TEST_STEP][PASSED] - sendKeys(findTestObject("FIM/Sites Page/Site Filtering/Site_txt"), Keys.chord(BACK_SPACE), STOP_ON_FAILURE): Keys 'BACK_SPACE + ' sent to object: 'Object Repository/FIM/Sites Page/Site Filtering/Site_txt'

21-10-2025T20:50:07 - [MESSAGE][PASSED] - Keys 'BACK_SPACE + ' sent to object: 'Object Repository/FIM/Sites Page/Site Filtering/Site_txt'

21-10-2025T20:50:07 - [TEST_STEP][PASSED] - (i++): null

21-10-2025T20:50:07 - [TEST_STEP][PASSED] - sendKeys(findTestObject("FIM/Sites Page/Site Filtering/Site_txt"), Keys.chord(BACK_SPACE), STOP_ON_FAILURE): Keys 'BACK_SPACE + ' sent to object: 'Object Repository/FIM/Sites Page/Site Filtering/Site_txt'

21-10-2025T20:50:07 - [MESSAGE][PASSED] - Keys 'BACK_SPACE + ' sent to object: 'Object Repository/FIM/Sites Page/Site Filtering/Site_txt'

21-10-2025T20:50:07 - [TEST_STEP][PASSED] - (i++): null

21-10-2025T20:50:07 - [TEST_STEP][PASSED] - sendKeys(findTestObject("FIM/Sites Page/Site Filtering/Site_txt"), Keys.chord(BACK_SPACE), STOP_ON_FAILURE): Keys 'BACK_SPACE + ' sent to object: 'Object Repository/FIM/Sites Page/Site Filtering/Site_txt'

21-10-2025T20:50:07 - [MESSAGE][PASSED] - Keys 'BACK_SPACE + ' sent to object: 'Object Repository/FIM/Sites Page/Site Filtering/Site_txt'

21-10-2025T20:50:07 - [TEST_STEP][PASSED] - (i++): null

21-10-2025T20:50:07 - [TEST_STEP][PASSED] - sendKeys(findTestObject("FIM/Sites Page/Site Filtering/Site_txt"), Keys.chord(BACK_SPACE), STOP_ON_FAILURE): Keys 'BACK_SPACE + ' sent to object: 'Object Repository/FIM/Sites Page/Site Filtering/Site_txt'

21-10-2025T20:50:07 - [MESSAGE][PASSED] - Keys 'BACK_SPACE + ' sent to object: 'Object Repository/FIM/Sites Page/Site Filtering/Site_txt'

21-10-2025T20:50:07 - [TEST_STEP][PASSED] - (i++): null

21-10-2025T20:50:07 - [TEST_STEP][PASSED] - sendKeys(findTestObject("FIM/Sites Page/Site Filtering/Site_txt"), Keys.chord(BACK_SPACE), STOP_ON_FAILURE): Keys 'BACK_SPACE + ' sent to object: 'Object Repository/FIM/Sites Page/Site Filtering/Site_txt'

21-10-2025T20:50:07 - [MESSAGE][PASSED] - Keys 'BACK_SPACE + ' sent to object: 'Object Repository/FIM/Sites Page/Site Filtering/Site_txt'

21-10-2025T20:50:07 - [TEST_STEP][PASSED] - (i++): null

21-10-2025T20:50:07 - [TEST_STEP][PASSED] - sendKeys(findTestObject("FIM/Sites Page/Site Filtering/Site_txt"), Keys.chord(BACK_SPACE), STOP_ON_FAILURE): Keys 'BACK_SPACE + ' sent to object: 'Object Repository/FIM/Sites Page/Site Filtering/Site_txt'

21-10-2025T20:50:07 - [MESSAGE][PASSED] - Keys 'BACK_SPACE + ' sent to object: 'Object Repository/FIM/Sites Page/Site Filtering/Site_txt'

21-10-2025T20:50:07 - [TEST_STEP][PASSED] - (i++): null

21-10-2025T20:50:07 - [TEST_STEP][PASSED] - sendKeys(findTestObject("FIM/Sites Page/Site Filtering/Site_txt"), Keys.chord(BACK_SPACE), STOP_ON_FAILURE): Keys 'BACK_SPACE + ' sent to object: 'Object Repository/FIM/Sites Page/Site Filtering/Site_txt'

21-10-2025T20:50:07 - [MESSAGE][PASSED] - Keys 'BACK_SPACE + ' sent to object: 'Object Repository/FIM/Sites Page/Site Filtering/Site_txt'

21-10-2025T20:50:07 - [TEST_STEP][PASSED] - (i++): null

21-10-2025T20:50:07 - [TEST_STEP][PASSED] - sendKeys(findTestObject("FIM/Sites Page/Site Filtering/Site_txt"), Keys.chord(BACK_SPACE), STOP_ON_FAILURE): Keys 'BACK_SPACE + ' sent to object: 'Object Repository/FIM/Sites Page/Site Filtering/Site_txt'

21-10-2025T20:50:07 - [MESSAGE][PASSED] - Keys 'BACK_SPACE + ' sent to object: 'Object Repository/FIM/Sites Page/Site Filtering/Site_txt'

21-10-2025T20:50:07 - [TEST_STEP][PASSED] - (i++): null

21-10-2025T20:50:07 - [TEST_STEP][PASSED] - sendKeys(findTestObject("FIM/Sites Page/Site Filtering/Site_txt"), Keys.chord(BACK_SPACE), STOP_ON_FAILURE): Keys 'BACK_SPACE + ' sent to object: 'Object Repository/FIM/Sites Page/Site Filtering/Site_txt'

21-10-2025T20:50:07 - [MESSAGE][PASSED] - Keys 'BACK_SPACE + ' sent to object: 'Object Repository/FIM/Sites Page/Site Filtering/Site_txt'

21-10-2025T20:50:07 - [TEST_STEP][PASSED] - (i++): null

21-10-2025T20:50:07 - [TEST_STEP][PASSED] - sendKeys(findTestObject("FIM/Sites Page/Site Filtering/Site_txt"), Keys.chord(BACK_SPACE), STOP_ON_FAILURE): Keys 'BACK_SPACE + ' sent to object: 'Object Repository/FIM/Sites Page/Site Filtering/Site_txt'

21-10-2025T20:50:07 - [MESSAGE][PASSED] - Keys 'BACK_SPACE + ' sent to object: 'Object Repository/FIM/Sites Page/Site Filtering/Site_txt'

21-10-2025T20:50:07 - [TEST_STEP][PASSED] - (i++): null

21-10-2025T20:50:07 - [TEST_STEP][PASSED] - sendKeys(findTestObject("FIM/Sites Page/Site Filtering/Site_txt"), Keys.chord(BACK_SPACE), STOP_ON_FAILURE): Keys 'BACK_SPACE + ' sent to object: 'Object Repository/FIM/Sites Page/Site Filtering/Site_txt'

21-10-2025T20:50:07 - [MESSAGE][PASSED] - Keys 'BACK_SPACE + ' sent to object: 'Object Repository/FIM/Sites Page/Site Filtering/Site_txt'

21-10-2025T20:50:07 - [TEST_STEP][PASSED] - (i++): null

21-10-2025T20:50:07 - [TEST_STEP][PASSED] - sendKeys(findTestObject("FIM/Sites Page/Site Filtering/Site_txt"), Keys.chord(BACK_SPACE), STOP_ON_FAILURE): Keys 'BACK_SPACE + ' sent to object: 'Object Repository/FIM/Sites Page/Site Filtering/Site_txt'

21-10-2025T20:50:07 - [MESSAGE][PASSED] - Keys 'BACK_SPACE + ' sent to object: 'Object Repository/FIM/Sites Page/Site Filtering/Site_txt'

21-10-2025T20:50:07 - [TEST_STEP][PASSED] - (i++): null

21-10-2025T20:50:07 - [TEST_STEP][PASSED] - sendKeys(findTestObject("FIM/Sites Page/Site Filtering/Site_txt"), Keys.chord(BACK_SPACE), STOP_ON_FAILURE): Keys 'BACK_SPACE + ' sent to object: 'Object Repository/FIM/Sites Page/Site Filtering/Site_txt'

21-10-2025T20:50:07 - [MESSAGE][PASSED] - Keys 'BACK_SPACE + ' sent to object: 'Object Repository/FIM/Sites Page/Site Filtering/Site_txt'

21-10-2025T20:50:07 - [TEST_STEP][PASSED] - (i++): null

21-10-2025T20:50:07 - [TEST_STEP][PASSED] - sendKeys(findTestObject("FIM/Sites Page/Site Filtering/Site_txt"), Keys.chord(BACK_SPACE), STOP_ON_FAILURE): Keys 'BACK_SPACE + ' sent to object: 'Object Repository/FIM/Sites Page/Site Filtering/Site_txt'

21-10-2025T20:50:07 - [MESSAGE][PASSED] - Keys 'BACK_SPACE + ' sent to object: 'Object Repository/FIM/Sites Page/Site Filtering/Site_txt'

21-10-2025T20:50:07 - [TEST_STEP][PASSED] - (i++): null

21-10-2025T20:50:07 - [TEST_STEP][PASSED] - sendKeys(findTestObject("FIM/Sites Page/Site Filtering/Site_txt"), Keys.chord(BACK_SPACE), STOP_ON_FAILURE): Keys 'BACK_SPACE + ' sent to object: 'Object Repository/FIM/Sites Page/Site Filtering/Site_txt'

21-10-2025T20:50:07 - [MESSAGE][PASSED] - Keys 'BACK_SPACE + ' sent to object: 'Object Repository/FIM/Sites Page/Site Filtering/Site_txt'

21-10-2025T20:50:07 - [TEST_STEP][PASSED] - (i++): null

21-10-2025T20:50:07 - [TEST_STEP][PASSED] - sendKeys(findTestObject("FIM/Sites Page/Site Filtering/Site_txt"), Keys.chord(BACK_SPACE), STOP_ON_FAILURE): Keys 'BACK_SPACE + ' sent to object: 'Object Repository/FIM/Sites Page/Site Filtering/Site_txt'

21-10-2025T20:50:07 - [MESSAGE][PASSED] - Keys 'BACK_SPACE + ' sent to object: 'Object Repository/FIM/Sites Page/Site Filtering/Site_txt'

21-10-2025T20:50:07 - [TEST_STEP][PASSED] - (i++): null

21-10-2025T20:50:07 - [TEST_STEP][PASSED] - sendKeys(findTestObject("FIM/Sites Page/Site Filtering/Site_txt"), Keys.chord(BACK_SPACE), STOP_ON_FAILURE): Keys 'BACK_SPACE + ' sent to object: 'Object Repository/FIM/Sites Page/Site Filtering/Site_txt'

21-10-2025T20:50:07 - [MESSAGE][PASSED] - Keys 'BACK_SPACE + ' sent to object: 'Object Repository/FIM/Sites Page/Site Filtering/Site_txt'

21-10-2025T20:50:07 - [TEST_STEP][PASSED] - (i++): null

21-10-2025T20:50:07 - [TEST_STEP][PASSED] - sendKeys(findTestObject("FIM/Sites Page/Site Filtering/Site_txt"), Keys.chord(BACK_SPACE), STOP_ON_FAILURE): Keys 'BACK_SPACE + ' sent to object: 'Object Repository/FIM/Sites Page/Site Filtering/Site_txt'

21-10-2025T20:50:07 - [MESSAGE][PASSED] - Keys 'BACK_SPACE + ' sent to object: 'Object Repository/FIM/Sites Page/Site Filtering/Site_txt'

21-10-2025T20:50:07 - [TEST_STEP][PASSED] - (i++): null

21-10-2025T20:50:07 - [TEST_STEP][PASSED] - sendKeys(findTestObject("FIM/Sites Page/Site Filtering/Site_txt"), Keys.chord(BACK_SPACE), STOP_ON_FAILURE): Keys 'BACK_SPACE + ' sent to object: 'Object Repository/FIM/Sites Page/Site Filtering/Site_txt'

21-10-2025T20:50:07 - [MESSAGE][PASSED] - Keys 'BACK_SPACE + ' sent to object: 'Object Repository/FIM/Sites Page/Site Filtering/Site_txt'

21-10-2025T20:50:07 - [TEST_STEP][PASSED] - (i++): null

21-10-2025T20:50:07 - [TEST_STEP][PASSED] - sendKeys(findTestObject("FIM/Sites Page/Site Filtering/Site_txt"), Keys.chord(BACK_SPACE), STOP_ON_FAILURE): Keys 'BACK_SPACE + ' sent to object: 'Object Repository/FIM/Sites Page/Site Filtering/Site_txt'

21-10-2025T20:50:08 - [MESSAGE][PASSED] - Keys 'BACK_SPACE + ' sent to object: 'Object Repository/FIM/Sites Page/Site Filtering/Site_txt'

21-10-2025T20:50:08 - [TEST_STEP][PASSED] - (i++): null

21-10-2025T20:50:08 - [TEST_STEP][PASSED] - sendKeys(findTestObject("FIM/Sites Page/Site Filtering/Site_txt"), Keys.chord(BACK_SPACE), STOP_ON_FAILURE): Keys 'BACK_SPACE + ' sent to object: 'Object Repository/FIM/Sites Page/Site Filtering/Site_txt'

21-10-2025T20:50:08 - [MESSAGE][PASSED] - Keys 'BACK_SPACE + ' sent to object: 'Object Repository/FIM/Sites Page/Site Filtering/Site_txt'

21-10-2025T20:50:08 - [TEST_STEP][PASSED] - (i++): null

21-10-2025T20:50:08 - [TEST_STEP][PASSED] - sendKeys(findTestObject("FIM/Sites Page/Site Filtering/Site_txt"), Keys.chord(BACK_SPACE), STOP_ON_FAILURE): Keys 'BACK_SPACE + ' sent to object: 'Object Repository/FIM/Sites Page/Site Filtering/Site_txt'

21-10-2025T20:50:08 - [MESSAGE][PASSED] - Keys 'BACK_SPACE + ' sent to object: 'Object Repository/FIM/Sites Page/Site Filtering/Site_txt'

21-10-2025T20:50:08 - [TEST_STEP][PASSED] - (i++): null

21-10-2025T20:50:08 - [TEST_STEP][PASSED] - sendKeys(findTestObject("FIM/Sites Page/Site Filtering/Site_txt"), Keys.chord(BACK_SPACE), STOP_ON_FAILURE): Keys 'BACK_SPACE + ' sent to object: 'Object Repository/FIM/Sites Page/Site Filtering/Site_txt'

21-10-2025T20:50:08 - [MESSAGE][PASSED] - Keys 'BACK_SPACE + ' sent to object: 'Object Repository/FIM/Sites Page/Site Filtering/Site_txt'

21-10-2025T20:50:08 - [TEST_STEP][PASSED] - (i++): null

21-10-2025T20:50:08 - [TEST_STEP][PASSED] - sendKeys(findTestObject("FIM/Sites Page/Site Filtering/Site_txt"), Keys.chord(BACK_SPACE), STOP_ON_FAILURE): Keys 'BACK_SPACE + ' sent to object: 'Object Repository/FIM/Sites Page/Site Filtering/Site_txt'

21-10-2025T20:50:08 - [MESSAGE][PASSED] - Keys 'BACK_SPACE + ' sent to object: 'Object Repository/FIM/Sites Page/Site Filtering/Site_txt'

21-10-2025T20:50:08 - [TEST_STEP][PASSED] - (i++): null

21-10-2025T20:50:08 - [TEST_STEP][PASSED] - sendKeys(findTestObject("FIM/Sites Page/Site Filtering/Site_txt"), Keys.chord(BACK_SPACE), STOP_ON_FAILURE): Keys 'BACK_SPACE + ' sent to object: 'Object Repository/FIM/Sites Page/Site Filtering/Site_txt'

21-10-2025T20:50:08 - [MESSAGE][PASSED] - Keys 'BACK_SPACE + ' sent to object: 'Object Repository/FIM/Sites Page/Site Filtering/Site_txt'

21-10-2025T20:50:08 - [TEST_STEP][PASSED] - (i++): null

21-10-2025T20:50:08 - [TEST_STEP][PASSED] - sendKeys(findTestObject("FIM/Sites Page/Site Filtering/Site_txt"), Keys.chord(BACK_SPACE), STOP_ON_FAILURE): Keys 'BACK_SPACE + ' sent to object: 'Object Repository/FIM/Sites Page/Site Filtering/Site_txt'

21-10-2025T20:50:08 - [MESSAGE][PASSED] - Keys 'BACK_SPACE + ' sent to object: 'Object Repository/FIM/Sites Page/Site Filtering/Site_txt'

21-10-2025T20:50:08 - [TEST_STEP][PASSED] - (i++): null

21-10-2025T20:50:08 - [TEST_STEP][PASSED] - sendKeys(findTestObject("FIM/Sites Page/Site Filtering/Site_txt"), Keys.chord(BACK_SPACE), STOP_ON_FAILURE): Keys 'BACK_SPACE + ' sent to object: 'Object Repository/FIM/Sites Page/Site Filtering/Site_txt'

21-10-2025T20:50:08 - [MESSAGE][PASSED] - Keys 'BACK_SPACE + ' sent to object: 'Object Repository/FIM/Sites Page/Site Filtering/Site_txt'

21-10-2025T20:50:08 - [TEST_STEP][PASSED] - (i++): null

21-10-2025T20:50:08 - [TEST_STEP][PASSED] - sendKeys(findTestObject("FIM/Sites Page/Site Filtering/Site_txt"), Keys.chord(BACK_SPACE), STOP_ON_FAILURE): Keys 'BACK_SPACE + ' sent to object: 'Object Repository/FIM/Sites Page/Site Filtering/Site_txt'

21-10-2025T20:50:08 - [MESSAGE][PASSED] - Keys 'BACK_SPACE + ' sent to object: 'Object Repository/FIM/Sites Page/Site Filtering/Site_txt'

21-10-2025T20:50:08 - [TEST_STEP][PASSED] - (i++): null

21-10-2025T20:50:08 - [TEST_STEP][PASSED] - sendKeys(findTestObject("FIM/Sites Page/Site Filtering/Site_txt"), Keys.chord(BACK_SPACE), STOP_ON_FAILURE): Keys 'BACK_SPACE + ' sent to object: 'Object Repository/FIM/Sites Page/Site Filtering/Site_txt'

21-10-2025T20:50:08 - [MESSAGE][PASSED] - Keys 'BACK_SPACE + ' sent to object: 'Object Repository/FIM/Sites Page/Site Filtering/Site_txt'

21-10-2025T20:50:08 - [TEST_STEP][PASSED] - (i++): null

21-10-2025T20:50:08 - [TEST_STEP][PASSED] - sendKeys(findTestObject("FIM/Sites Page/Site Filtering/Site_txt"), Keys.chord(BACK_SPACE), STOP_ON_FAILURE): Keys 'BACK_SPACE + ' sent to object: 'Object Repository/FIM/Sites Page/Site Filtering/Site_txt'

21-10-2025T20:50:08 - [MESSAGE][PASSED] - Keys 'BACK_SPACE + ' sent to object: 'Object Repository/FIM/Sites Page/Site Filtering/Site_txt'

21-10-2025T20:50:08 - [TEST_STEP][PASSED] - (i++): null

21-10-2025T20:50:08 - [TEST_STEP][PASSED] - sendKeys(findTestObject("FIM/Sites Page/Site Filtering/Site_txt"), Keys.chord(BACK_SPACE), STOP_ON_FAILURE): Keys 'BACK_SPACE + ' sent to object: 'Object Repository/FIM/Sites Page/Site Filtering/Site_txt'

21-10-2025T20:50:08 - [MESSAGE][PASSED] - Keys 'BACK_SPACE + ' sent to object: 'Object Repository/FIM/Sites Page/Site Filtering/Site_txt'

21-10-2025T20:50:08 - [TEST_STEP][PASSED] - (i++): null

21-10-2025T20:50:08 - [TEST_STEP][PASSED] - sendKeys(findTestObject("FIM/Sites Page/Site Filtering/Site_txt"), Keys.chord(BACK_SPACE), STOP_ON_FAILURE): Keys 'BACK_SPACE + ' sent to object: 'Object Repository/FIM/Sites Page/Site Filtering/Site_txt'

21-10-2025T20:50:08 - [MESSAGE][PASSED] - Keys 'BACK_SPACE + ' sent to object: 'Object Repository/FIM/Sites Page/Site Filtering/Site_txt'

21-10-2025T20:50:08 - [TEST_STEP][PASSED] - (i++): null

21-10-2025T20:50:08 - [TEST_STEP][PASSED] - sendKeys(findTestObject("FIM/Sites Page/Site Filtering/Site_txt"), Keys.chord(BACK_SPACE), STOP_ON_FAILURE): Keys 'BACK_SPACE + ' sent to object: 'Object Repository/FIM/Sites Page/Site Filtering/Site_txt'

21-10-2025T20:50:08 - [MESSAGE][PASSED] - Keys 'BACK_SPACE + ' sent to object: 'Object Repository/FIM/Sites Page/Site Filtering/Site_txt'

21-10-2025T20:50:08 - [TEST_STEP][PASSED] - (i++): null

21-10-2025T20:50:08 - [TEST_STEP][PASSED] - sendKeys(findTestObject("FIM/Sites Page/Site Filtering/Site_txt"), Keys.chord(BACK_SPACE), STOP_ON_FAILURE): Keys 'BACK_SPACE + ' sent to object: 'Object Repository/FIM/Sites Page/Site Filtering/Site_txt'

21-10-2025T20:50:08 - [MESSAGE][PASSED] - Keys 'BACK_SPACE + ' sent to object: 'Object Repository/FIM/Sites Page/Site Filtering/Site_txt'

21-10-2025T20:50:08 - [TEST_STEP][PASSED] - (i++): null

21-10-2025T20:50:08 - [TEST_STEP][PASSED] - sendKeys(findTestObject("FIM/Sites Page/Site Filtering/Site_txt"), Keys.chord(BACK_SPACE), STOP_ON_FAILURE): Keys 'BACK_SPACE + ' sent to object: 'Object Repository/FIM/Sites Page/Site Filtering/Site_txt'

21-10-2025T20:50:08 - [MESSAGE][PASSED] - Keys 'BACK_SPACE + ' sent to object: 'Object Repository/FIM/Sites Page/Site Filtering/Site_txt'

21-10-2025T20:50:08 - [TEST_STEP][PASSED] - (i++): null

21-10-2025T20:50:08 - [TEST_STEP][PASSED] - sendKeys(findTestObject("FIM/Sites Page/Site Filtering/Site_txt"), Keys.chord(BACK_SPACE), STOP_ON_FAILURE): Keys 'BACK_SPACE + ' sent to object: 'Object Repository/FIM/Sites Page/Site Filtering/Site_txt'

21-10-2025T20:50:08 - [MESSAGE][PASSED] - Keys 'BACK_SPACE + ' sent to object: 'Object Repository/FIM/Sites Page/Site Filtering/Site_txt'

21-10-2025T20:50:08 - [TEST_STEP][PASSED] - (i++): null

21-10-2025T20:50:08 - [TEST_STEP][PASSED] - sendKeys(findTestObject("FIM/Sites Page/Site Filtering/Site_txt"), Keys.chord(BACK_SPACE), STOP_ON_FAILURE): Keys 'BACK_SPACE + ' sent to object: 'Object Repository/FIM/Sites Page/Site Filtering/Site_txt'

21-10-2025T20:50:08 - [MESSAGE][PASSED] - Keys 'BACK_SPACE + ' sent to object: 'Object Repository/FIM/Sites Page/Site Filtering/Site_txt'

21-10-2025T20:50:08 - [TEST_STEP][PASSED] - (i++): null

21-10-2025T20:50:08 - [TEST_STEP][PASSED] - sendKeys(findTestObject("FIM/Sites Page/Site Filtering/Site_txt"), Keys.chord(BACK_SPACE), STOP_ON_FAILURE): Keys 'BACK_SPACE + ' sent to object: 'Object Repository/FIM/Sites Page/Site Filtering/Site_txt'

21-10-2025T20:50:08 - [MESSAGE][PASSED] - Keys 'BACK_SPACE + ' sent to object: 'Object Repository/FIM/Sites Page/Site Filtering/Site_txt'

21-10-2025T20:50:08 - [TEST_STEP][PASSED] - (i++): null

21-10-2025T20:50:08 - [TEST_STEP][PASSED] - sendKeys(findTestObject("FIM/Sites Page/Site Filtering/Site_txt"), Keys.chord(BACK_SPACE), STOP_ON_FAILURE): Keys 'BACK_SPACE + ' sent to object: 'Object Repository/FIM/Sites Page/Site Filtering/Site_txt'

21-10-2025T20:50:08 - [MESSAGE][PASSED] - Keys 'BACK_SPACE + ' sent to object: 'Object Repository/FIM/Sites Page/Site Filtering/Site_txt'

21-10-2025T20:50:08 - [TEST_STEP][PASSED] - (i++): null

21-10-2025T20:50:08 - [TEST_STEP][PASSED] - sendKeys(findTestObject("FIM/Sites Page/Site Filtering/Site_txt"), Keys.chord(BACK_SPACE), STOP_ON_FAILURE): Keys 'BACK_SPACE + ' sent to object: 'Object Repository/FIM/Sites Page/Site Filtering/Site_txt'

21-10-2025T20:50:09 - [MESSAGE][PASSED] - Keys 'BACK_SPACE + ' sent to object: 'Object Repository/FIM/Sites Page/Site Filtering/Site_txt'

21-10-2025T20:50:09 - [TEST_STEP][PASSED] - (i++): null

21-10-2025T20:50:09 - [TEST_STEP][PASSED] - sendKeys(findTestObject("FIM/Sites Page/Site Filtering/Site_txt"), Keys.chord(BACK_SPACE), STOP_ON_FAILURE): Keys 'BACK_SPACE + ' sent to object: 'Object Repository/FIM/Sites Page/Site Filtering/Site_txt'

21-10-2025T20:50:09 - [MESSAGE][PASSED] - Keys 'BACK_SPACE + ' sent to object: 'Object Repository/FIM/Sites Page/Site Filtering/Site_txt'

21-10-2025T20:50:09 - [TEST_STEP][PASSED] - (i++): null

21-10-2025T20:50:09 - [TEST_STEP][PASSED] - sendKeys(findTestObject("FIM/Sites Page/Site Filtering/Site_txt"), Keys.chord(BACK_SPACE), STOP_ON_FAILURE): Keys 'BACK_SPACE + ' sent to object: 'Object Repository/FIM/Sites Page/Site Filtering/Site_txt'

21-10-2025T20:50:09 - [MESSAGE][PASSED] - Keys 'BACK_SPACE + ' sent to object: 'Object Repository/FIM/Sites Page/Site Filtering/Site_txt'

21-10-2025T20:50:09 - [TEST_STEP][PASSED] - (i++): null

21-10-2025T20:50:09 - [TEST_STEP][PASSED] - sendKeys(findTestObject("FIM/Sites Page/Site Filtering/Site_txt"), Keys.chord(BACK_SPACE), STOP_ON_FAILURE): Keys 'BACK_SPACE + ' sent to object: 'Object Repository/FIM/Sites Page/Site Filtering/Site_txt'

21-10-2025T20:50:09 - [MESSAGE][PASSED] - Keys 'BACK_SPACE + ' sent to object: 'Object Repository/FIM/Sites Page/Site Filtering/Site_txt'

21-10-2025T20:50:09 - [TEST_STEP][PASSED] - (i++): null

21-10-2025T20:50:09 - [TEST_STEP][PASSED] - sendKeys(findTestObject("FIM/Sites Page/Site Filtering/Site_txt"), Keys.chord(BACK_SPACE), STOP_ON_FAILURE): Keys 'BACK_SPACE + ' sent to object: 'Object Repository/FIM/Sites Page/Site Filtering/Site_txt'

21-10-2025T20:50:09 - [MESSAGE][PASSED] - Keys 'BACK_SPACE + ' sent to object: 'Object Repository/FIM/Sites Page/Site Filtering/Site_txt'

21-10-2025T20:50:09 - [TEST_STEP][PASSED] - (i++): null

21-10-2025T20:50:09 - [TEST_STEP][PASSED] - sendKeys(findTestObject("FIM/Sites Page/Site Filtering/Site_txt"), Keys.chord(BACK_SPACE), STOP_ON_FAILURE): Keys 'BACK_SPACE + ' sent to object: 'Object Repository/FIM/Sites Page/Site Filtering/Site_txt'

21-10-2025T20:50:09 - [MESSAGE][PASSED] - Keys 'BACK_SPACE + ' sent to object: 'Object Repository/FIM/Sites Page/Site Filtering/Site_txt'

21-10-2025T20:50:09 - [TEST_STEP][PASSED] - (i++): null

21-10-2025T20:50:09 - [TEST_STEP][PASSED] - sendKeys(findTestObject("FIM/Sites Page/Site Filtering/Site_txt"), Keys.chord(BACK_SPACE), STOP_ON_FAILURE): Keys 'BACK_SPACE + ' sent to object: 'Object Repository/FIM/Sites Page/Site Filtering/Site_txt'

21-10-2025T20:50:09 - [MESSAGE][PASSED] - Keys 'BACK_SPACE + ' sent to object: 'Object Repository/FIM/Sites Page/Site Filtering/Site_txt'

21-10-2025T20:50:09 - [TEST_STEP][PASSED] - (i++): null

21-10-2025T20:50:09 - [TEST_STEP][PASSED] - sendKeys(findTestObject("FIM/Sites Page/Site Filtering/Site_txt"), Keys.chord(BACK_SPACE), STOP_ON_FAILURE): Keys 'BACK_SPACE + ' sent to object: 'Object Repository/FIM/Sites Page/Site Filtering/Site_txt'

21-10-2025T20:50:09 - [MESSAGE][PASSED] - Keys 'BACK_SPACE + ' sent to object: 'Object Repository/FIM/Sites Page/Site Filtering/Site_txt'

21-10-2025T20:50:09 - [TEST_STEP][PASSED] - (i++): null

21-10-2025T20:50:09 - [TEST_STEP][PASSED] - sendKeys(findTestObject("FIM/Sites Page/Site Filtering/Site_txt"), Keys.chord(BACK_SPACE), STOP_ON_FAILURE): Keys 'BACK_SPACE + ' sent to object: 'Object Repository/FIM/Sites Page/Site Filtering/Site_txt'

21-10-2025T20:50:09 - [MESSAGE][PASSED] - Keys 'BACK_SPACE + ' sent to object: 'Object Repository/FIM/Sites Page/Site Filtering/Site_txt'

21-10-2025T20:50:09 - [TEST_STEP][PASSED] - (i++): null

21-10-2025T20:50:09 - [TEST_STEP][PASSED] - sendKeys(findTestObject("FIM/Sites Page/Site Filtering/Site_txt"), Keys.chord(BACK_SPACE), STOP_ON_FAILURE): Keys 'BACK_SPACE + ' sent to object: 'Object Repository/FIM/Sites Page/Site Filtering/Site_txt'

21-10-2025T20:50:09 - [MESSAGE][PASSED] - Keys 'BACK_SPACE + ' sent to object: 'Object Repository/FIM/Sites Page/Site Filtering/Site_txt'

21-10-2025T20:50:09 - [TEST_STEP][PASSED] - (i++): null

21-10-2025T20:50:09 - [TEST_STEP][PASSED] - sendKeys(findTestObject("FIM/Sites Page/Site Filtering/Site_txt"), Keys.chord(BACK_SPACE), STOP_ON_FAILURE): Keys 'BACK_SPACE + ' sent to object: 'Object Repository/FIM/Sites Page/Site Filtering/Site_txt'

21-10-2025T20:50:09 - [MESSAGE][PASSED] - Keys 'BACK_SPACE + ' sent to object: 'Object Repository/FIM/Sites Page/Site Filtering/Site_txt'

21-10-2025T20:50:09 - [TEST_STEP][PASSED] - (i++): null

21-10-2025T20:50:09 - [TEST_STEP][PASSED] - sendKeys(findTestObject("FIM/Sites Page/Site Filtering/Site_txt"), Keys.chord(BACK_SPACE), STOP_ON_FAILURE): Keys 'BACK_SPACE + ' sent to object: 'Object Repository/FIM/Sites Page/Site Filtering/Site_txt'

21-10-2025T20:50:09 - [MESSAGE][PASSED] - Keys 'BACK_SPACE + ' sent to object: 'Object Repository/FIM/Sites Page/Site Filtering/Site_txt'

21-10-2025T20:50:09 - [TEST_STEP][PASSED] - (i++): null

21-10-2025T20:50:09 - [TEST_STEP][PASSED] - sendKeys(findTestObject("FIM/Sites Page/Site Filtering/Site_txt"), Keys.chord(BACK_SPACE), STOP_ON_FAILURE): Keys 'BACK_SPACE + ' sent to object: 'Object Repository/FIM/Sites Page/Site Filtering/Site_txt'

21-10-2025T20:50:09 - [MESSAGE][PASSED] - Keys 'BACK_SPACE + ' sent to object: 'Object Repository/FIM/Sites Page/Site Filtering/Site_txt'

21-10-2025T20:50:09 - [TEST_STEP][PASSED] - (i++): null

21-10-2025T20:50:09 - [TEST_STEP][PASSED] - sendKeys(findTestObject("FIM/Sites Page/Site Filtering/Site_txt"), "TURK132 - 798 North", STOP_ON_FAILURE): Keys 'TURK132 - 798 North' sent to object: 'Object Repository/FIM/Sites Page/Site Filtering/Site_txt'

21-10-2025T20:50:10 - [MESSAGE][PASSED] - Keys 'TURK132 - 798 North' sent to object: 'Object Repository/FIM/Sites Page/Site Filtering/Site_txt'

21-10-2025T20:50:10 - [TEST_STEP][PASSED] - sendKeys(findTestObject("FIM/Sites Page/Site Filtering/Site_txt"), Keys.chord(ENTER), STOP_ON_FAILURE): Keys 'ENTER + ' sent to object: 'Object Repository/FIM/Sites Page/Site Filtering/Site_txt'

21-10-2025T20:50:10 - [MESSAGE][PASSED] - Keys 'ENTER + ' sent to object: 'Object Repository/FIM/Sites Page/Site Filtering/Site_txt'

21-10-2025T20:50:10 - [TEST_STEP][PASSED] - waitForElementClickable(findTestObject("FIM/Sites Page/Orders/Create Order/CreateOrder_btn"), 300): Object 'Object Repository/FIM/Sites Page/Orders/Create Order/CreateOrder_btn' is clickable

21-10-2025T20:50:10 - [MESSAGE][PASSED] - Object 'Object Repository/FIM/Sites Page/Orders/Create Order/CreateOrder_btn' is clickable

21-10-2025T20:50:10 - [TEST_STEP][PASSED] - click(findTestObject("FIM/Sites Page/Orders/Create Order/CreateOrder_btn"), OPTIONAL): Object: 'Object Repository/FIM/Sites Page/Orders/Create Order/CreateOrder_btn' is clicked on

21-10-2025T20:50:10 - [MESSAGE][PASSED] - Object: 'Object Repository/FIM/Sites Page/Orders/Create Order/CreateOrder_btn' is clicked on

21-10-2025T20:50:10 - [TEST_STEP][PASSED] - delay(1): Delayed 1 second(s)

21-10-2025T20:50:11 - [MESSAGE][PASSED] - Delayed 1 second(s)

21-10-2025T20:50:11 - [TEST_STEP][PASSED] - verifyElementPresent(findTestObject("FIM/Sites Page/Orders/Create Order/Split_Load_Order_toggle"), 10): Object 'Object Repository/FIM/Sites Page/Orders/Create Order/Split_Load_Order_toggle' is present

21-10-2025T20:50:12 - [MESSAGE][PASSED] - Object 'Object Repository/FIM/Sites Page/Orders/Create Order/Split_Load_Order_toggle' is present

21-10-2025T20:50:12 - [TEST_STEP][PASSED] - click(findTestObject("FIM/Sites Page/Orders/Create Order/Split_Load_Order_toggle"), STOP_ON_FAILURE): Object: 'Object Repository/FIM/Sites Page/Orders/Create Order/Split_Load_Order_toggle' is clicked on

21-10-2025T20:50:12 - [MESSAGE][PASSED] - Object: 'Object Repository/FIM/Sites Page/Orders/Create Order/Split_Load_Order_toggle' is clicked on

21-10-2025T20:50:12 - [TEST_STEP][PASSED] - delay(2): Delayed 2 second(s)

21-10-2025T20:50:14 - [MESSAGE][PASSED] - Delayed 2 second(s)

21-10-2025T20:50:14 - [TEST_STEP][PASSED] - sendKeys(findTestObject("FIM/Sites Page/Orders/Create Order/Split Order/Order_Site_Search_txt"), "TURK124 - 3664", STOP_ON_FAILURE): Keys 'TURK124 - 3664' sent to object: 'Object Repository/FIM/Sites Page/Orders/Create Order/Split Order/Order_Site_Search_txt'

21-10-2025T20:50:14 - [MESSAGE][PASSED] - Keys 'TURK124 - 3664' sent to object: 'Object Repository/FIM/Sites Page/Orders/Create Order/Split Order/Order_Site_Search_txt'

21-10-2025T20:50:14 - [TEST_STEP][PASSED] - delay(1): Delayed 1 second(s)

21-10-2025T20:50:15 - [MESSAGE][PASSED] - Delayed 1 second(s)

21-10-2025T20:50:15 - [TEST_STEP][PASSED] - sendKeys(findTestObject("FIM/Sites Page/Orders/Create Order/Split Order/Order_Site_Search_txt"), Keys.chord(ARROW_DOWN), STOP_ON_FAILURE): Keys 'DOWN + ' sent to object: 'Object Repository/FIM/Sites Page/Orders/Create Order/Split Order/Order_Site_Search_txt'

21-10-2025T20:50:15 - [MESSAGE][PASSED] - Keys 'DOWN + ' sent to object: 'Object Repository/FIM/Sites Page/Orders/Create Order/Split Order/Order_Site_Search_txt'

21-10-2025T20:50:15 - [TEST_STEP][PASSED] - delay(1): Delayed 1 second(s)

21-10-2025T20:50:16 - [MESSAGE][PASSED] - Delayed 1 second(s)

21-10-2025T20:50:16 - [TEST_STEP][PASSED] - sendKeys(findTestObject("FIM/Sites Page/Orders/Create Order/Split Order/Order_Site_Search_txt"), Keys.chord(ENTER), STOP_ON_FAILURE): Keys 'ENTER + ' sent to object: 'Object Repository/FIM/Sites Page/Orders/Create Order/Split Order/Order_Site_Search_txt'

21-10-2025T20:50:16 - [MESSAGE][PASSED] - Keys 'ENTER + ' sent to object: 'Object Repository/FIM/Sites Page/Orders/Create Order/Split Order/Order_Site_Search_txt'

21-10-2025T20:50:16 - [TEST_STEP][PASSED] - setText(findTestObject("FIM/Sites Page/Orders/Create Order/30PRM_txt (1)"), "5000"): Text '5000' is set on object 'Object Repository/FIM/Sites Page/Orders/Create Order/30PRM_txt (1)'

21-10-2025T20:50:16 - [MESSAGE][PASSED] - Text '5000' is set on object 'Object Repository/FIM/Sites Page/Orders/Create Order/30PRM_txt (1)'

21-10-2025T20:50:16 - [TEST_STEP][PASSED] - delay(2): Delayed 2 second(s)

21-10-2025T20:50:18 - [MESSAGE][PASSED] - Delayed 2 second(s)

21-10-2025T20:50:18 - [TEST_STEP][PASSED] - click(findTestObject("FIM/Sites Page/Orders/Create Order/Split Order/Add_Load_btn")): Object: 'Object Repository/FIM/Sites Page/Orders/Create Order/Split Order/Add_Load_btn' is clicked on

21-10-2025T20:50:18 - [MESSAGE][PASSED] - Object: 'Object Repository/FIM/Sites Page/Orders/Create Order/Split Order/Add_Load_btn' is clicked on

21-10-2025T20:50:18 - [TEST_STEP][PASSED] - delay(2): Delayed 2 second(s)

21-10-2025T20:50:20 - [MESSAGE][PASSED] - Delayed 2 second(s)

21-10-2025T20:50:20 - [TEST_STEP][PASSED] - verifyElementPresent(findTestObject("FIM/Sites Page/Orders/Create Order/Split Order/Site_Two_Tank_One_txt"), 10): Object 'Object Repository/FIM/Sites Page/Orders/Create Order/Split Order/Site_Two_Tank_One_txt' is present

21-10-2025T20:50:20 - [MESSAGE][PASSED] - Object 'Object Repository/FIM/Sites Page/Orders/Create Order/Split Order/Site_Two_Tank_One_txt' is present

21-10-2025T20:50:20 - [TEST_STEP][PASSED] - setText(findTestObject("FIM/Sites Page/Orders/Create Order/Split Order/Site_Two_Tank_One_txt"), "3600"): Text '3600' is set on object 'Object Repository/FIM/Sites Page/Orders/Create Order/Split Order/Site_Two_Tank_One_txt'

21-10-2025T20:50:20 - [MESSAGE][PASSED] - Text '3600' is set on object 'Object Repository/FIM/Sites Page/Orders/Create Order/Split Order/Site_Two_Tank_One_txt'

21-10-2025T20:50:20 - [TEST_STEP][FAILED] - click(findTestObject("FIM/Sites Page/Orders/Create Order/Split Order/Save_btn (2 Sites)")): Unable to click on object 'Object Repository/FIM/Sites Page/Orders/Create Order/Split Order/Save_btn (2 Sites)' (Root cause: com.kms.katalon.core.exception.StepFailedException: Unable to click on object 'Object Repository/FIM/Sites Page/Orders/Create Order/Split Order/Save_btn (2 Sites)'
	at com.kms.katalon.core.webui.keyword.internal.WebUIKeywordMain.stepFailed(WebUIKeywordMain.groovy:117)
	at com.kms.katalon.core.webui.keyword.internal.WebUIKeywordMain.runKeyword(WebUIKeywordMain.groovy:43)
	at com.kms.katalon.core.webui.keyword.builtin.ClickKeyword.click(ClickKeyword.groovy:74)
	at com.kms.katalon.core.webui.keyword.builtin.ClickKeyword.execute(ClickKeyword.groovy:40)
	at com.kms.katalon.core.keyword.internal.KeywordExecutor.executeKeywordForPlatform(KeywordExecutor.groovy:74)
	at com.kms.katalon.core.webui.keyword.WebUiBuiltInKeywords.click(WebUiBuiltInKeywords.groovy:659)
	at com.kms.katalon.core.webui.keyword.WebUiBuiltInKeywords$click$4.call(Unknown Source)
	at Create Split Load Order (Adding 1 Site).run(Create Split Load Order (Adding 1 Site):90)
	at com.kms.katalon.core.main.ScriptEngine.run(ScriptEngine.java:194)
	at com.kms.katalon.core.main.ScriptEngine.runScriptAsRawText(ScriptEngine.java:119)
	at com.kms.katalon.core.main.TestCaseExecutor.runScript(TestCaseExecutor.java:448)
	at com.kms.katalon.core.main.TestCaseExecutor.doExecute(TestCaseExecutor.java:439)
	at com.kms.katalon.core.main.TestCaseExecutor.processExecutionPhase(TestCaseExecutor.java:418)
	at com.kms.katalon.core.main.TestCaseExecutor.accessMainPhase(TestCaseExecutor.java:410)
	at com.kms.katalon.core.main.TestCaseExecutor.execute(TestCaseExecutor.java:285)
	at com.kms.katalon.core.common.CommonExecutor.accessTestCaseMainPhase(CommonExecutor.java:65)
	at com.kms.katalon.core.main.TestSuiteExecutor.accessTestSuiteMainPhase(TestSuiteExecutor.java:150)
	at com.kms.katalon.core.main.TestSuiteExecutor.execute(TestSuiteExecutor.java:106)
	at com.kms.katalon.core.main.TestCaseMain.startTestSuite(TestCaseMain.java:180)
	at com.kms.katalon.core.main.TestCaseMain$startTestSuite$0.call(Unknown Source)
	at TempTestSuite1761090769781.run(TempTestSuite1761090769781.groovy:35)
	at java.base/jdk.internal.reflect.NativeMethodAccessorImpl.invoke0(Native Method)
	at java.base/jdk.internal.reflect.NativeMethodAccessorImpl.invoke(NativeMethodAccessorImpl.java:77)
	at java.base/jdk.internal.reflect.DelegatingMethodAccessorImpl.invoke(DelegatingMethodAccessorImpl.java:43)
Caused by: com.kms.katalon.core.webui.exception.WebElementNotFoundException: Web element with id: 'Object Repository/FIM/Sites Page/Orders/Create Order/Split Order/Save_btn (2 Sites)' located by '//*[@id="__BVID__159___BV_modal_body_"]/form/div/div[6]/div/div/button[1]' not found
	at com.kms.katalon.core.webui.common.WebUiCommonHelper.findWebElement(WebUiCommonHelper.java:1423)
	at com.kms.katalon.core.webui.keyword.internal.WebUIAbstractKeyword.findWebElement(WebUIAbstractKeyword.groovy:27)
	at com.kms.katalon.core.webui.keyword.builtin.ClickKeyword$_click_closure1.doCall(ClickKeyword.groovy:65)
	at com.kms.katalon.core.webui.keyword.builtin.ClickKeyword$_click_closure1.call(ClickKeyword.groovy)
	at com.kms.katalon.core.webui.keyword.internal.WebUIKeywordMain.runKeyword(WebUIKeywordMain.groovy:35)
	at com.kms.katalon.core.webui.keyword.builtin.ClickKeyword.click(ClickKeyword.groovy:74)
	at com.kms.katalon.core.webui.keyword.builtin.ClickKeyword.execute(ClickKeyword.groovy:40)
	at com.kms.katalon.core.keyword.internal.KeywordExecutor.executeKeywordForPlatform(KeywordExecutor.groovy:74)
	at com.kms.katalon.core.webui.keyword.WebUiBuiltInKeywords.click(WebUiBuiltInKeywords.groovy:659)
	at com.kms.katalon.core.webui.keyword.WebUiBuiltInKeywords$click$4.call(Unknown Source)
	at Script1753360676562.run(Script1753360676562.groovy:90)
	... 16 more
)

21-10-2025T20:50:36 - [MESSAGE][INFO] - Unable to find the element located by 'By.xpath: //*[@id="__BVID__159___BV_modal_body_"]/form/div/div[6]/div/div/button[1]'. Please recheck the objects properties to make sure the desired element is located. 

21-10-2025T20:50:36 - [MESSAGE][WARNING] - [SELF-HEALING] Failed to find element with id 'Object Repository/FIM/Sites Page/Orders/Create Order/Split Order/Save_btn (2 Sites)'. Try using Self-healing.

21-10-2025T20:50:37 - [MESSAGE][INFO] - [SELF-HEALING] No working XPath is found.

21-10-2025T20:50:39 - [MESSAGE][INFO] - Unable to find the element located by 'By.xpath: '. Please recheck the objects properties to make sure the desired element is located. 

21-10-2025T20:50:39 - [MESSAGE][WARNING] - [SELF-HEALING] Cannot find elements when the selector is null

21-10-2025T20:50:39 - [MESSAGE][FAILED] - Unable to click on object 'Object Repository/FIM/Sites Page/Orders/Create Order/Split Order/Save_btn (2 Sites)' (Root cause: com.kms.katalon.core.exception.StepFailedException: Unable to click on object 'Object Repository/FIM/Sites Page/Orders/Create Order/Split Order/Save_btn (2 Sites)'
	at com.kms.katalon.core.webui.keyword.internal.WebUIKeywordMain.stepFailed(WebUIKeywordMain.groovy:117)
	at com.kms.katalon.core.webui.keyword.internal.WebUIKeywordMain.runKeyword(WebUIKeywordMain.groovy:43)
	at com.kms.katalon.core.webui.keyword.builtin.ClickKeyword.click(ClickKeyword.groovy:74)
	at com.kms.katalon.core.webui.keyword.builtin.ClickKeyword.execute(ClickKeyword.groovy:40)
	at com.kms.katalon.core.keyword.internal.KeywordExecutor.executeKeywordForPlatform(KeywordExecutor.groovy:74)
	at com.kms.katalon.core.webui.keyword.WebUiBuiltInKeywords.click(WebUiBuiltInKeywords.groovy:659)
	at com.kms.katalon.core.webui.keyword.WebUiBuiltInKeywords$click$4.call(Unknown Source)
	at Create Split Load Order (Adding 1 Site).run(Create Split Load Order (Adding 1 Site):90)
	at com.kms.katalon.core.main.ScriptEngine.run(ScriptEngine.java:194)
	at com.kms.katalon.core.main.ScriptEngine.runScriptAsRawText(ScriptEngine.java:119)
	at com.kms.katalon.core.main.TestCaseExecutor.runScript(TestCaseExecutor.java:448)
	at com.kms.katalon.core.main.TestCaseExecutor.doExecute(TestCaseExecutor.java:439)
	at com.kms.katalon.core.main.TestCaseExecutor.processExecutionPhase(TestCaseExecutor.java:418)
	at com.kms.katalon.core.main.TestCaseExecutor.accessMainPhase(TestCaseExecutor.java:410)
	at com.kms.katalon.core.main.TestCaseExecutor.execute(TestCaseExecutor.java:285)
	at com.kms.katalon.core.common.CommonExecutor.accessTestCaseMainPhase(CommonExecutor.java:65)
	at com.kms.katalon.core.main.TestSuiteExecutor.accessTestSuiteMainPhase(TestSuiteExecutor.java:150)
	at com.kms.katalon.core.main.TestSuiteExecutor.execute(TestSuiteExecutor.java:106)
	at com.kms.katalon.core.main.TestCaseMain.startTestSuite(TestCaseMain.java:180)
	at com.kms.katalon.core.main.TestCaseMain$startTestSuite$0.call(Unknown Source)
	at TempTestSuite1761090769781.run(TempTestSuite1761090769781.groovy:35)
	at java.base/jdk.internal.reflect.NativeMethodAccessorImpl.invoke0(Native Method)
	at java.base/jdk.internal.reflect.NativeMethodAccessorImpl.invoke(NativeMethodAccessorImpl.java:77)
	at java.base/jdk.internal.reflect.DelegatingMethodAccessorImpl.invoke(DelegatingMethodAccessorImpl.java:43)
Caused by: com.kms.katalon.core.webui.exception.WebElementNotFoundException: Web element with id: 'Object Repository/FIM/Sites Page/Orders/Create Order/Split Order/Save_btn (2 Sites)' located by '//*[@id="__BVID__159___BV_modal_body_"]/form/div/div[6]/div/div/button[1]' not found
	at com.kms.katalon.core.webui.common.WebUiCommonHelper.findWebElement(WebUiCommonHelper.java:1423)
	at com.kms.katalon.core.webui.keyword.internal.WebUIAbstractKeyword.findWebElement(WebUIAbstractKeyword.groovy:27)
	at com.kms.katalon.core.webui.keyword.builtin.ClickKeyword$_click_closure1.doCall(ClickKeyword.groovy:65)
	at com.kms.katalon.core.webui.keyword.builtin.ClickKeyword$_click_closure1.call(ClickKeyword.groovy)
	at com.kms.katalon.core.webui.keyword.internal.WebUIKeywordMain.runKeyword(WebUIKeywordMain.groovy:35)
	at com.kms.katalon.core.webui.keyword.builtin.ClickKeyword.click(ClickKeyword.groovy:74)
	at com.kms.katalon.core.webui.keyword.builtin.ClickKeyword.execute(ClickKeyword.groovy:40)
	at com.kms.katalon.core.keyword.internal.KeywordExecutor.executeKeywordForPlatform(KeywordExecutor.groovy:74)
	at com.kms.katalon.core.webui.keyword.WebUiBuiltInKeywords.click(WebUiBuiltInKeywords.groovy:659)
	at com.kms.katalon.core.webui.keyword.WebUiBuiltInKeywords$click$4.call(Unknown Source)
	at Script1753360676562.run(Script1753360676562.groovy:90)
	... 16 more
)

21-10-2025T20:50:39 - [TEST_STEP][PASSED] - Start listener action : retryOnDisconnect: Current window's url is: 'https://kaglogistics-inventory-management-portal.qa.thekag.com/site/TURK132?cg=-1&r=206&i=AllConsignees&sorted=false'

21-10-2025T20:50:39 - [TEST_STEP][PASSED] - tcId = testCaseContext.getTestCaseId(): null

21-10-2025T20:50:39 - [TEST_STEP][PASSED] - currentRetry = retryCounts.getOrDefault(tcId, 0): null

21-10-2025T20:50:39 - [TEST_STEP][PASSED] - if (testCaseContext.getTestCaseStatus() == "FAILED" && currentRetry < MAX_RETRIES): Current window's url is: 'https://kaglogistics-inventory-management-portal.qa.thekag.com/site/TURK132?cg=-1&r=206&i=AllConsignees&sorted=false'

21-10-2025T20:50:39 - [TEST_STEP][PASSED] - try: Current window's url is: 'https://kaglogistics-inventory-management-portal.qa.thekag.com/site/TURK132?cg=-1&r=206&i=AllConsignees&sorted=false'

21-10-2025T20:50:39 - [TEST_STEP][PASSED] - comment(Checking for WebDriver disconnect for test case: $tcId): Checking for WebDriver disconnect for test case: Test Cases/FIM/UI/KGL/Admin/Sites Page/Orders/Create Split Load Order (Adding 1 Site)

21-10-2025T20:50:39 - [MESSAGE][INFO] - Checking for WebDriver disconnect for test case: Test Cases/FIM/UI/KGL/Admin/Sites Page/Orders/Create Split Load Order (Adding 1 Site)

21-10-2025T20:50:39 - [TEST_STEP][PASSED] - getUrl(): Current window's url is: 'https://kaglogistics-inventory-management-portal.qa.thekag.com/site/TURK132?cg=-1&r=206&i=AllConsignees&sorted=false'

21-10-2025T20:50:39 - [MESSAGE][PASSED] - Current window's url is: 'https://kaglogistics-inventory-management-portal.qa.thekag.com/site/TURK132?cg=-1&r=206&i=AllConsignees&sorted=false']]></system-out>
         <system-err><![CDATA[21-10-2025T20:49:27 - [TEST_CASE][FAILED] - Test Cases/FIM/UI/KGL/Admin/Sites Page/Orders/Create Split Load Order (Adding 1 Site): Test Cases/FIM/UI/KGL/Admin/Sites Page/Orders/Create Split Load Order (Adding 1 Site) FAILED.
Reason:
com.kms.katalon.core.exception.StepFailedException: Unable to click on object 'Object Repository/FIM/Sites Page/Orders/Create Order/Split Order/Save_btn (2 Sites)'
	at com.kms.katalon.core.webui.keyword.internal.WebUIKeywordMain.stepFailed(WebUIKeywordMain.groovy:117)
	at com.kms.katalon.core.webui.keyword.internal.WebUIKeywordMain.runKeyword(WebUIKeywordMain.groovy:43)
	at com.kms.katalon.core.webui.keyword.builtin.ClickKeyword.click(ClickKeyword.groovy:74)
	at com.kms.katalon.core.webui.keyword.builtin.ClickKeyword.execute(ClickKeyword.groovy:40)
	at com.kms.katalon.core.keyword.internal.KeywordExecutor.executeKeywordForPlatform(KeywordExecutor.groovy:74)
	at com.kms.katalon.core.webui.keyword.WebUiBuiltInKeywords.click(WebUiBuiltInKeywords.groovy:659)
	at com.kms.katalon.core.webui.keyword.WebUiBuiltInKeywords$click$4.call(Unknown Source)
	at Create Split Load Order (Adding 1 Site).run(Create Split Load Order (Adding 1 Site):90)
	at com.kms.katalon.core.main.ScriptEngine.run(ScriptEngine.java:194)
	at com.kms.katalon.core.main.ScriptEngine.runScriptAsRawText(ScriptEngine.java:119)
	at com.kms.katalon.core.main.TestCaseExecutor.runScript(TestCaseExecutor.java:448)
	at com.kms.katalon.core.main.TestCaseExecutor.doExecute(TestCaseExecutor.java:439)
	at com.kms.katalon.core.main.TestCaseExecutor.processExecutionPhase(TestCaseExecutor.java:418)
	at com.kms.katalon.core.main.TestCaseExecutor.accessMainPhase(TestCaseExecutor.java:410)
	at com.kms.katalon.core.main.TestCaseExecutor.execute(TestCaseExecutor.java:285)
	at com.kms.katalon.core.common.CommonExecutor.accessTestCaseMainPhase(CommonExecutor.java:65)
	at com.kms.katalon.core.main.TestSuiteExecutor.accessTestSuiteMainPhase(TestSuiteExecutor.java:150)
	at com.kms.katalon.core.main.TestSuiteExecutor.execute(TestSuiteExecutor.java:106)
	at com.kms.katalon.core.main.TestCaseMain.startTestSuite(TestCaseMain.java:180)
	at com.kms.katalon.core.main.TestCaseMain$startTestSuite$0.call(Unknown Source)
	at TempTestSuite1761090769781.run(TempTestSuite1761090769781.groovy:35)
	at java.base/jdk.internal.reflect.NativeMethodAccessorImpl.invoke0(Native Method)
	at java.base/jdk.internal.reflect.NativeMethodAccessorImpl.invoke(NativeMethodAccessorImpl.java:77)
	at java.base/jdk.internal.reflect.DelegatingMethodAccessorImpl.invoke(DelegatingMethodAccessorImpl.java:43)
Caused by: com.kms.katalon.core.webui.exception.WebElementNotFoundException: Web element with id: 'Object Repository/FIM/Sites Page/Orders/Create Order/Split Order/Save_btn (2 Sites)' located by '//*[@id="__BVID__159___BV_modal_body_"]/form/div/div[6]/div/div/button[1]' not found
	at com.kms.katalon.core.webui.common.WebUiCommonHelper.findWebElement(WebUiCommonHelper.java:1423)
	at com.kms.katalon.core.webui.keyword.internal.WebUIAbstractKeyword.findWebElement(WebUIAbstractKeyword.groovy:27)
	at com.kms.katalon.core.webui.keyword.builtin.ClickKeyword$_click_closure1.doCall(ClickKeyword.groovy:65)
	at com.kms.katalon.core.webui.keyword.builtin.ClickKeyword$_click_closure1.call(ClickKeyword.groovy)
	at com.kms.katalon.core.webui.keyword.internal.WebUIKeywordMain.runKeyword(WebUIKeywordMain.groovy:35)
	... 22 more]]></system-err>
      </testcase>
      <testcase name="Test Cases/FIM/UI/KGL/Admin/Sites Page/Orders/Create Split Load Order (Adding 2 Sites)" time="85.643" classname="Test Cases/FIM/UI/KGL/Admin/Sites Page/Orders/Create Split Load Order (Adding 2 Sites)" status="FAILED">
         <failure type="FAILED" message="Test Cases/FIM/UI/KGL/Admin/Sites Page/Orders/Create Split Load Order (Adding 2 Sites) FAILED.&#xa;Reason:&#xa;com.kms.katalon.core.exception.StepFailedException: Unable to click on object 'Object Repository/FIM/Sites Page/Orders/Create Order/Split Order/Save_btn (2 Sites)'&#xa;	at com.kms.katalon.core.webui.keyword.internal.WebUIKeywordMain.stepFailed(WebUIKeywordMain.groovy:117)&#xa;	at com.kms.katalon.core.webui.keyword.internal.WebUIKeywordMain.runKeyword(WebUIKeywordMain.groovy:43)&#xa;	at com.kms.katalon.core.webui.keyword.builtin.ClickKeyword.click(ClickKeyword.groovy:74)&#xa;	at com.kms.katalon.core.webui.keyword.builtin.ClickKeyword.execute(ClickKeyword.groovy:40)&#xa;	at com.kms.katalon.core.keyword.internal.KeywordExecutor.executeKeywordForPlatform(KeywordExecutor.groovy:74)&#xa;	at com.kms.katalon.core.webui.keyword.WebUiBuiltInKeywords.click(WebUiBuiltInKeywords.groovy:659)&#xa;	at com.kms.katalon.core.webui.keyword.WebUiBuiltInKeywords$click$4.call(Unknown Source)&#xa;	at Create Split Load Order (Adding 2 Sites).run(Create Split Load Order (Adding 2 Sites):124)&#xa;	at com.kms.katalon.core.main.ScriptEngine.run(ScriptEngine.java:194)&#xa;	at com.kms.katalon.core.main.ScriptEngine.runScriptAsRawText(ScriptEngine.java:119)&#xa;	at com.kms.katalon.core.main.TestCaseExecutor.runScript(TestCaseExecutor.java:448)&#xa;	at com.kms.katalon.core.main.TestCaseExecutor.doExecute(TestCaseExecutor.java:439)&#xa;	at com.kms.katalon.core.main.TestCaseExecutor.processExecutionPhase(TestCaseExecutor.java:418)&#xa;	at com.kms.katalon.core.main.TestCaseExecutor.accessMainPhase(TestCaseExecutor.java:410)&#xa;	at com.kms.katalon.core.main.TestCaseExecutor.execute(TestCaseExecutor.java:285)&#xa;	at com.kms.katalon.core.common.CommonExecutor.accessTestCaseMainPhase(CommonExecutor.java:65)&#xa;	at com.kms.katalon.core.main.TestSuiteExecutor.accessTestSuiteMainPhase(TestSuiteExecutor.java:150)&#xa;	at com.kms.katalon.core.main.TestSuiteExecutor.execute(TestSuiteExecutor.java:106)&#xa;	at com.kms.katalon.core.main.TestCaseMain.startTestSuite(TestCaseMain.java:180)&#xa;	at com.kms.katalon.core.main.TestCaseMain$startTestSuite$0.call(Unknown Source)&#xa;	at TempTestSuite1761090769781.run(TempTestSuite1761090769781.groovy:35)&#xa;	at java.base/jdk.internal.reflect.NativeMethodAccessorImpl.invoke0(Native Method)&#xa;	at java.base/jdk.internal.reflect.NativeMethodAccessorImpl.invoke(NativeMethodAccessorImpl.java:77)&#xa;	at java.base/jdk.internal.reflect.DelegatingMethodAccessorImpl.invoke(DelegatingMethodAccessorImpl.java:43)&#xa;Caused by: com.kms.katalon.core.webui.exception.WebElementNotFoundException: Web element with id: 'Object Repository/FIM/Sites Page/Orders/Create Order/Split Order/Save_btn (2 Sites)' located by '//*[@id=&quot;__BVID__159___BV_modal_body_&quot;]/form/div/div[6]/div/div/button[1]' not found&#xa;	at com.kms.katalon.core.webui.common.WebUiCommonHelper.findWebElement(WebUiCommonHelper.java:1423)&#xa;	at com.kms.katalon.core.webui.keyword.internal.WebUIAbstractKeyword.findWebElement(WebUIAbstractKeyword.groovy:27)&#xa;	at com.kms.katalon.core.webui.keyword.builtin.ClickKeyword$_click_closure1.doCall(ClickKeyword.groovy:65)&#xa;	at com.kms.katalon.core.webui.keyword.builtin.ClickKeyword$_click_closure1.call(ClickKeyword.groovy)&#xa;	at com.kms.katalon.core.webui.keyword.internal.WebUIKeywordMain.runKeyword(WebUIKeywordMain.groovy:35)&#xa;	... 22 more&#xa;"/>
         <system-out><![CDATA[21-10-2025T20:50:39 - [TEST_CASE][FAILED] - Test Cases/FIM/UI/KGL/Admin/Sites Page/Orders/Create Split Load Order (Adding 2 Sites): Test Cases/FIM/UI/KGL/Admin/Sites Page/Orders/Create Split Load Order (Adding 2 Sites) FAILED.
Reason:
com.kms.katalon.core.exception.StepFailedException: Unable to click on object 'Object Repository/FIM/Sites Page/Orders/Create Order/Split Order/Save_btn (2 Sites)'
	at com.kms.katalon.core.webui.keyword.internal.WebUIKeywordMain.stepFailed(WebUIKeywordMain.groovy:117)
	at com.kms.katalon.core.webui.keyword.internal.WebUIKeywordMain.runKeyword(WebUIKeywordMain.groovy:43)
	at com.kms.katalon.core.webui.keyword.builtin.ClickKeyword.click(ClickKeyword.groovy:74)
	at com.kms.katalon.core.webui.keyword.builtin.ClickKeyword.execute(ClickKeyword.groovy:40)
	at com.kms.katalon.core.keyword.internal.KeywordExecutor.executeKeywordForPlatform(KeywordExecutor.groovy:74)
	at com.kms.katalon.core.webui.keyword.WebUiBuiltInKeywords.click(WebUiBuiltInKeywords.groovy:659)
	at com.kms.katalon.core.webui.keyword.WebUiBuiltInKeywords$click$4.call(Unknown Source)
	at Create Split Load Order (Adding 2 Sites).run(Create Split Load Order (Adding 2 Sites):124)
	at com.kms.katalon.core.main.ScriptEngine.run(ScriptEngine.java:194)
	at com.kms.katalon.core.main.ScriptEngine.runScriptAsRawText(ScriptEngine.java:119)
	at com.kms.katalon.core.main.TestCaseExecutor.runScript(TestCaseExecutor.java:448)
	at com.kms.katalon.core.main.TestCaseExecutor.doExecute(TestCaseExecutor.java:439)
	at com.kms.katalon.core.main.TestCaseExecutor.processExecutionPhase(TestCaseExecutor.java:418)
	at com.kms.katalon.core.main.TestCaseExecutor.accessMainPhase(TestCaseExecutor.java:410)
	at com.kms.katalon.core.main.TestCaseExecutor.execute(TestCaseExecutor.java:285)
	at com.kms.katalon.core.common.CommonExecutor.accessTestCaseMainPhase(CommonExecutor.java:65)
	at com.kms.katalon.core.main.TestSuiteExecutor.accessTestSuiteMainPhase(TestSuiteExecutor.java:150)
	at com.kms.katalon.core.main.TestSuiteExecutor.execute(TestSuiteExecutor.java:106)
	at com.kms.katalon.core.main.TestCaseMain.startTestSuite(TestCaseMain.java:180)
	at com.kms.katalon.core.main.TestCaseMain$startTestSuite$0.call(Unknown Source)
	at TempTestSuite1761090769781.run(TempTestSuite1761090769781.groovy:35)
	at java.base/jdk.internal.reflect.NativeMethodAccessorImpl.invoke0(Native Method)
	at java.base/jdk.internal.reflect.NativeMethodAccessorImpl.invoke(NativeMethodAccessorImpl.java:77)
	at java.base/jdk.internal.reflect.DelegatingMethodAccessorImpl.invoke(DelegatingMethodAccessorImpl.java:43)
Caused by: com.kms.katalon.core.webui.exception.WebElementNotFoundException: Web element with id: 'Object Repository/FIM/Sites Page/Orders/Create Order/Split Order/Save_btn (2 Sites)' located by '//*[@id="__BVID__159___BV_modal_body_"]/form/div/div[6]/div/div/button[1]' not found
	at com.kms.katalon.core.webui.common.WebUiCommonHelper.findWebElement(WebUiCommonHelper.java:1423)
	at com.kms.katalon.core.webui.keyword.internal.WebUIAbstractKeyword.findWebElement(WebUIAbstractKeyword.groovy:27)
	at com.kms.katalon.core.webui.keyword.builtin.ClickKeyword$_click_closure1.doCall(ClickKeyword.groovy:65)
	at com.kms.katalon.core.webui.keyword.builtin.ClickKeyword$_click_closure1.call(ClickKeyword.groovy)
	at com.kms.katalon.core.webui.keyword.internal.WebUIKeywordMain.runKeyword(WebUIKeywordMain.groovy:35)
	... 22 more


21-10-2025T20:50:39 - [TEST_STEP][PASSED] - Start listener action : beforeTestCase: null

21-10-2025T20:50:39 - [TEST_STEP][PASSED] - addDefaultPackages(): null

21-10-2025T20:50:39 - [TEST_STEP][PASSED] - i = 0: null

21-10-2025T20:50:39 - [TEST_STEP][PASSED] - callTestCase(findTestCase("Utility Scripts/FIM KGL Admin Login"), [:], STOP_ON_FAILURE): Call Test Case 'Test Cases/Utility Scripts/FIM KGL Admin Login' successfully

21-10-2025T20:50:40 - [TEST_CASE][PASSED] - Test Cases/Utility Scripts/FIM KGL Admin Login: Test Cases/Utility Scripts/FIM KGL Admin Login

21-10-2025T20:50:40 - [TEST_STEP][PASSED] - openBrowser(""): Browser is opened with url: ''

21-10-2025T20:50:40 - [MESSAGE][WARNING] - A browser is already opened. Closing browser and opening a new one

21-10-2025T20:50:40 - [MESSAGE][INFO] - Starting 'Chrome' driver

21-10-2025T20:50:40 - [MESSAGE][INFO] - User set preference: ['args', '[--no-sandbox, --disable-gpu, --disable-dev-shm-usage]']

21-10-2025T20:50:40 - [MESSAGE][INFO] - Action delay is set to 0 milliseconds

21-10-2025T20:50:40 - [MESSAGE][PASSED] - Browser is opened with url: ''

21-10-2025T20:50:40 - [TEST_STEP][PASSED] - delay(1): Delayed 1 second(s)

21-10-2025T20:50:41 - [MESSAGE][PASSED] - Delayed 1 second(s)

21-10-2025T20:50:41 - [TEST_STEP][PASSED] - navigateToUrl(KGLCustomGroupUrl): Navigate to 'https://kaglogistics-inventory-management-portal.qa.thekag.com/custom-group/' successfully

21-10-2025T20:50:42 - [MESSAGE][PASSED] - Navigate to 'https://kaglogistics-inventory-management-portal.qa.thekag.com/custom-group/' successfully

21-10-2025T20:50:42 - [TEST_STEP][PASSED] - delay(10): Delayed 10 second(s)

21-10-2025T20:50:52 - [MESSAGE][PASSED] - Delayed 10 second(s)

21-10-2025T20:50:52 - [TEST_STEP][PASSED] - if (maximizeWindow == true): Delayed 1 second(s)

21-10-2025T20:50:52 - [TEST_STEP][PASSED] - maximizeWindow(STOP_ON_FAILURE): Current window maximized

21-10-2025T20:50:52 - [MESSAGE][PASSED] - Current window maximized

21-10-2025T20:50:52 - [TEST_STEP][PASSED] - delay(1): Delayed 1 second(s)

21-10-2025T20:50:53 - [MESSAGE][PASSED] - Delayed 1 second(s)

21-10-2025T20:50:53 - [TEST_STEP][PASSED] - waitForElementPresent(findTestObject("FIM/Username_txt"), 10): Object 'Object Repository/FIM/Username_txt' is present

21-10-2025T20:50:53 - [MESSAGE][PASSED] - Object 'Object Repository/FIM/Username_txt' is present

21-10-2025T20:50:53 - [TEST_STEP][PASSED] - setText(findTestObject("FIM/Username_txt"), FIMUsername): Text 'Chris.Sheldon+DES_QA@Thekag.com' is set on object 'Object Repository/FIM/Username_txt'

21-10-2025T20:50:54 - [MESSAGE][PASSED] - Text 'Chris.Sheldon+DES_QA@Thekag.com' is set on object 'Object Repository/FIM/Username_txt'

21-10-2025T20:50:54 - [TEST_STEP][PASSED] - delay(1): Delayed 1 second(s)

21-10-2025T20:50:55 - [MESSAGE][PASSED] - Delayed 1 second(s)

21-10-2025T20:50:55 - [TEST_STEP][PASSED] - setText(findTestObject("FIM/Password_txt"), FIMPassword): Text 'QATest!2' is set on object 'Object Repository/FIM/Password_txt'

21-10-2025T20:50:55 - [MESSAGE][PASSED] - Text 'QATest!2' is set on object 'Object Repository/FIM/Password_txt'

21-10-2025T20:50:55 - [TEST_STEP][PASSED] - delay(1): Delayed 1 second(s)

21-10-2025T20:50:56 - [MESSAGE][PASSED] - Delayed 1 second(s)

21-10-2025T20:50:56 - [TEST_STEP][PASSED] - click(findTestObject("FIM/Login_btn")): Object: 'Object Repository/FIM/Login_btn' is clicked on

21-10-2025T20:50:56 - [MESSAGE][PASSED] - Object: 'Object Repository/FIM/Login_btn' is clicked on

21-10-2025T20:50:56 - [MESSAGE][PASSED] - Call Test Case 'Test Cases/Utility Scripts/FIM KGL Admin Login' successfully

21-10-2025T20:50:56 - [TEST_STEP][PASSED] - if (verifyElementVisible(findTestObject("FIM/Server_Notification_Close_btn"), OPTIONAL) == true): Web element with id: 'Object Repository/FIM/Server_Notification_Close_btn' located by '/html/body/div/div[1]/button' not found (Root cause: com.kms.katalon.core.exception.StepFailedException: Web element with id: 'Object Repository/FIM/Server_Notification_Close_btn' located by '/html/body/div/div[1]/button' not found
	at com.kms.katalon.core.webui.keyword.internal.WebUIKeywordMain.stepFailed(WebUIKeywordMain.groovy:117)
	at com.kms.katalon.core.webui.keyword.builtin.VerifyElementVisibleKeyword$_verifyElementVisible_closure1.doCall(VerifyElementVisibleKeyword.groovy:89)
	at com.kms.katalon.core.webui.keyword.builtin.VerifyElementVisibleKeyword$_verifyElementVisible_closure1.call(VerifyElementVisibleKeyword.groovy)
	at com.kms.katalon.core.webui.keyword.internal.WebUIKeywordMain.runKeyword(WebUIKeywordMain.groovy:35)
	at com.kms.katalon.core.webui.keyword.builtin.VerifyElementVisibleKeyword.verifyElementVisible(VerifyElementVisibleKeyword.groovy:97)
	at com.kms.katalon.core.webui.keyword.builtin.VerifyElementVisibleKeyword.execute(VerifyElementVisibleKeyword.groovy:67)
	at com.kms.katalon.core.keyword.internal.KeywordExecutor.executeKeywordForPlatform(KeywordExecutor.groovy:74)
	at com.kms.katalon.core.webui.keyword.WebUiBuiltInKeywords.verifyElementVisible(WebUiBuiltInKeywords.groovy:401)
	at com.kms.katalon.core.webui.keyword.WebUiBuiltInKeywords$verifyElementVisible$5.call(Unknown Source)
	at Create Split Load Order (Adding 2 Sites).run(Create Split Load Order (Adding 2 Sites):24)
	at com.kms.katalon.core.main.ScriptEngine.run(ScriptEngine.java:194)
	at com.kms.katalon.core.main.ScriptEngine.runScriptAsRawText(ScriptEngine.java:119)
	at com.kms.katalon.core.main.TestCaseExecutor.runScript(TestCaseExecutor.java:448)
	at com.kms.katalon.core.main.TestCaseExecutor.doExecute(TestCaseExecutor.java:439)
	at com.kms.katalon.core.main.TestCaseExecutor.processExecutionPhase(TestCaseExecutor.java:418)
	at com.kms.katalon.core.main.TestCaseExecutor.accessMainPhase(TestCaseExecutor.java:410)
	at com.kms.katalon.core.main.TestCaseExecutor.execute(TestCaseExecutor.java:285)
	at com.kms.katalon.core.common.CommonExecutor.accessTestCaseMainPhase(CommonExecutor.java:65)
	at com.kms.katalon.core.main.TestSuiteExecutor.accessTestSuiteMainPhase(TestSuiteExecutor.java:150)
	at com.kms.katalon.core.main.TestSuiteExecutor.execute(TestSuiteExecutor.java:106)
	at com.kms.katalon.core.main.TestCaseMain.startTestSuite(TestCaseMain.java:180)
	at com.kms.katalon.core.main.TestCaseMain$startTestSuite$0.call(Unknown Source)
	at TempTestSuite1761090769781.run(TempTestSuite1761090769781.groovy:35)
	at java.base/jdk.internal.reflect.NativeMethodAccessorImpl.invoke0(Native Method)
	at java.base/jdk.internal.reflect.NativeMethodAccessorImpl.invoke(NativeMethodAccessorImpl.java:77)
	at java.base/jdk.internal.reflect.DelegatingMethodAccessorImpl.invoke(DelegatingMethodAccessorImpl.java:43)
)

21-10-2025T20:51:12 - [MESSAGE][INFO] - Unable to find the element located by 'By.xpath: /html/body/div/div[1]/button'. Please recheck the objects properties to make sure the desired element is located. 

21-10-2025T20:51:12 - [MESSAGE][WARNING] - [SELF-HEALING] Failed to find element with id 'Object Repository/FIM/Server_Notification_Close_btn'. Try using Self-healing.

21-10-2025T20:51:13 - [MESSAGE][INFO] - [SELF-HEALING] No working XPath is found.

21-10-2025T20:51:15 - [MESSAGE][INFO] - Unable to find the element located by 'By.xpath: '. Please recheck the objects properties to make sure the desired element is located. 

21-10-2025T20:51:15 - [MESSAGE][WARNING] - [SELF-HEALING] Cannot find elements when the selector is null

21-10-2025T20:51:15 - [MESSAGE][WARNING] - Web element with id: 'Object Repository/FIM/Server_Notification_Close_btn' located by '/html/body/div/div[1]/button' not found (Root cause: com.kms.katalon.core.exception.StepFailedException: Web element with id: 'Object Repository/FIM/Server_Notification_Close_btn' located by '/html/body/div/div[1]/button' not found
	at com.kms.katalon.core.webui.keyword.internal.WebUIKeywordMain.stepFailed(WebUIKeywordMain.groovy:117)
	at com.kms.katalon.core.webui.keyword.builtin.VerifyElementVisibleKeyword$_verifyElementVisible_closure1.doCall(VerifyElementVisibleKeyword.groovy:89)
	at com.kms.katalon.core.webui.keyword.builtin.VerifyElementVisibleKeyword$_verifyElementVisible_closure1.call(VerifyElementVisibleKeyword.groovy)
	at com.kms.katalon.core.webui.keyword.internal.WebUIKeywordMain.runKeyword(WebUIKeywordMain.groovy:35)
	at com.kms.katalon.core.webui.keyword.builtin.VerifyElementVisibleKeyword.verifyElementVisible(VerifyElementVisibleKeyword.groovy:97)
	at com.kms.katalon.core.webui.keyword.builtin.VerifyElementVisibleKeyword.execute(VerifyElementVisibleKeyword.groovy:67)
	at com.kms.katalon.core.keyword.internal.KeywordExecutor.executeKeywordForPlatform(KeywordExecutor.groovy:74)
	at com.kms.katalon.core.webui.keyword.WebUiBuiltInKeywords.verifyElementVisible(WebUiBuiltInKeywords.groovy:401)
	at com.kms.katalon.core.webui.keyword.WebUiBuiltInKeywords$verifyElementVisible$5.call(Unknown Source)
	at Create Split Load Order (Adding 2 Sites).run(Create Split Load Order (Adding 2 Sites):24)
	at com.kms.katalon.core.main.ScriptEngine.run(ScriptEngine.java:194)
	at com.kms.katalon.core.main.ScriptEngine.runScriptAsRawText(ScriptEngine.java:119)
	at com.kms.katalon.core.main.TestCaseExecutor.runScript(TestCaseExecutor.java:448)
	at com.kms.katalon.core.main.TestCaseExecutor.doExecute(TestCaseExecutor.java:439)
	at com.kms.katalon.core.main.TestCaseExecutor.processExecutionPhase(TestCaseExecutor.java:418)
	at com.kms.katalon.core.main.TestCaseExecutor.accessMainPhase(TestCaseExecutor.java:410)
	at com.kms.katalon.core.main.TestCaseExecutor.execute(TestCaseExecutor.java:285)
	at com.kms.katalon.core.common.CommonExecutor.accessTestCaseMainPhase(CommonExecutor.java:65)
	at com.kms.katalon.core.main.TestSuiteExecutor.accessTestSuiteMainPhase(TestSuiteExecutor.java:150)
	at com.kms.katalon.core.main.TestSuiteExecutor.execute(TestSuiteExecutor.java:106)
	at com.kms.katalon.core.main.TestCaseMain.startTestSuite(TestCaseMain.java:180)
	at com.kms.katalon.core.main.TestCaseMain$startTestSuite$0.call(Unknown Source)
	at TempTestSuite1761090769781.run(TempTestSuite1761090769781.groovy:35)
	at java.base/jdk.internal.reflect.NativeMethodAccessorImpl.invoke0(Native Method)
	at java.base/jdk.internal.reflect.NativeMethodAccessorImpl.invoke(NativeMethodAccessorImpl.java:77)
	at java.base/jdk.internal.reflect.DelegatingMethodAccessorImpl.invoke(DelegatingMethodAccessorImpl.java:43)
)

21-10-2025T20:51:15 - [TEST_STEP][PASSED] - delay(1): Delayed 1 second(s)

21-10-2025T20:51:16 - [MESSAGE][PASSED] - Delayed 1 second(s)

21-10-2025T20:51:16 - [TEST_STEP][PASSED] - click(findTestObject("FIM/Hamburger Menu List/Hamburger_menu")): Object: 'Object Repository/FIM/Hamburger Menu List/Hamburger_menu' is clicked on

21-10-2025T20:51:16 - [MESSAGE][PASSED] - Object: 'Object Repository/FIM/Hamburger Menu List/Hamburger_menu' is clicked on

21-10-2025T20:51:16 - [TEST_STEP][PASSED] - verifyElementPresent(findTestObject("FIM/Hamburger Menu List/Sites_list (1)"), 10): Object 'Object Repository/FIM/Hamburger Menu List/Sites_list (1)' is present

21-10-2025T20:51:16 - [MESSAGE][PASSED] - Object 'Object Repository/FIM/Hamburger Menu List/Sites_list (1)' is present

21-10-2025T20:51:16 - [TEST_STEP][PASSED] - delay(1): Delayed 1 second(s)

21-10-2025T20:51:17 - [MESSAGE][PASSED] - Delayed 1 second(s)

21-10-2025T20:51:17 - [TEST_STEP][PASSED] - click(findTestObject("FIM/Hamburger Menu List/Sites_list (1)")): Object: 'Object Repository/FIM/Hamburger Menu List/Sites_list (1)' is clicked on

21-10-2025T20:51:17 - [MESSAGE][PASSED] - Object: 'Object Repository/FIM/Hamburger Menu List/Sites_list (1)' is clicked on

21-10-2025T20:51:17 - [TEST_STEP][PASSED] - waitForElementPresent(findTestObject("FIM/Sites Page/Calculator/Calculator Tab"), 10): Object 'Object Repository/FIM/Sites Page/Calculator/Calculator Tab' is present

21-10-2025T20:51:18 - [MESSAGE][PASSED] - Object 'Object Repository/FIM/Sites Page/Calculator/Calculator Tab' is present

21-10-2025T20:51:18 - [TEST_STEP][PASSED] - selectOptionByLabel(findTestObject("FIM/Sites Page/Site Filtering/Region Selection_dropdown"), "KAG LOGISTICS", false): All options with label 'KAG LOGISTICS' are selected in object 'Object Repository/FIM/Sites Page/Site Filtering/Region Selection_dropdown' 

21-10-2025T20:51:18 - [MESSAGE][PASSED] - All options with label 'KAG LOGISTICS' are selected in object 'Object Repository/FIM/Sites Page/Site Filtering/Region Selection_dropdown' 

21-10-2025T20:51:18 - [TEST_STEP][PASSED] - while (i < 60 == true): null

21-10-2025T20:51:18 - [TEST_STEP][PASSED] - sendKeys(findTestObject("FIM/Sites Page/Site Filtering/Site_txt"), Keys.chord(BACK_SPACE), STOP_ON_FAILURE): Keys 'BACK_SPACE + ' sent to object: 'Object Repository/FIM/Sites Page/Site Filtering/Site_txt'

21-10-2025T20:51:20 - [MESSAGE][PASSED] - Keys 'BACK_SPACE + ' sent to object: 'Object Repository/FIM/Sites Page/Site Filtering/Site_txt'

21-10-2025T20:51:20 - [TEST_STEP][PASSED] - (i++): null

21-10-2025T20:51:20 - [TEST_STEP][PASSED] - sendKeys(findTestObject("FIM/Sites Page/Site Filtering/Site_txt"), Keys.chord(BACK_SPACE), STOP_ON_FAILURE): Keys 'BACK_SPACE + ' sent to object: 'Object Repository/FIM/Sites Page/Site Filtering/Site_txt'

21-10-2025T20:51:20 - [MESSAGE][PASSED] - Keys 'BACK_SPACE + ' sent to object: 'Object Repository/FIM/Sites Page/Site Filtering/Site_txt'

21-10-2025T20:51:20 - [TEST_STEP][PASSED] - (i++): null

21-10-2025T20:51:20 - [TEST_STEP][PASSED] - sendKeys(findTestObject("FIM/Sites Page/Site Filtering/Site_txt"), Keys.chord(BACK_SPACE), STOP_ON_FAILURE): Keys 'BACK_SPACE + ' sent to object: 'Object Repository/FIM/Sites Page/Site Filtering/Site_txt'

21-10-2025T20:51:20 - [MESSAGE][PASSED] - Keys 'BACK_SPACE + ' sent to object: 'Object Repository/FIM/Sites Page/Site Filtering/Site_txt'

21-10-2025T20:51:20 - [TEST_STEP][PASSED] - (i++): null

21-10-2025T20:51:20 - [TEST_STEP][PASSED] - sendKeys(findTestObject("FIM/Sites Page/Site Filtering/Site_txt"), Keys.chord(BACK_SPACE), STOP_ON_FAILURE): Keys 'BACK_SPACE + ' sent to object: 'Object Repository/FIM/Sites Page/Site Filtering/Site_txt'

21-10-2025T20:51:20 - [MESSAGE][PASSED] - Keys 'BACK_SPACE + ' sent to object: 'Object Repository/FIM/Sites Page/Site Filtering/Site_txt'

21-10-2025T20:51:20 - [TEST_STEP][PASSED] - (i++): null

21-10-2025T20:51:20 - [TEST_STEP][PASSED] - sendKeys(findTestObject("FIM/Sites Page/Site Filtering/Site_txt"), Keys.chord(BACK_SPACE), STOP_ON_FAILURE): Keys 'BACK_SPACE + ' sent to object: 'Object Repository/FIM/Sites Page/Site Filtering/Site_txt'

21-10-2025T20:51:20 - [MESSAGE][PASSED] - Keys 'BACK_SPACE + ' sent to object: 'Object Repository/FIM/Sites Page/Site Filtering/Site_txt'

21-10-2025T20:51:20 - [TEST_STEP][PASSED] - (i++): null

21-10-2025T20:51:20 - [TEST_STEP][PASSED] - sendKeys(findTestObject("FIM/Sites Page/Site Filtering/Site_txt"), Keys.chord(BACK_SPACE), STOP_ON_FAILURE): Keys 'BACK_SPACE + ' sent to object: 'Object Repository/FIM/Sites Page/Site Filtering/Site_txt'

21-10-2025T20:51:20 - [MESSAGE][PASSED] - Keys 'BACK_SPACE + ' sent to object: 'Object Repository/FIM/Sites Page/Site Filtering/Site_txt'

21-10-2025T20:51:20 - [TEST_STEP][PASSED] - (i++): null

21-10-2025T20:51:20 - [TEST_STEP][PASSED] - sendKeys(findTestObject("FIM/Sites Page/Site Filtering/Site_txt"), Keys.chord(BACK_SPACE), STOP_ON_FAILURE): Keys 'BACK_SPACE + ' sent to object: 'Object Repository/FIM/Sites Page/Site Filtering/Site_txt'

21-10-2025T20:51:20 - [MESSAGE][PASSED] - Keys 'BACK_SPACE + ' sent to object: 'Object Repository/FIM/Sites Page/Site Filtering/Site_txt'

21-10-2025T20:51:20 - [TEST_STEP][PASSED] - (i++): null

21-10-2025T20:51:20 - [TEST_STEP][PASSED] - sendKeys(findTestObject("FIM/Sites Page/Site Filtering/Site_txt"), Keys.chord(BACK_SPACE), STOP_ON_FAILURE): Keys 'BACK_SPACE + ' sent to object: 'Object Repository/FIM/Sites Page/Site Filtering/Site_txt'

21-10-2025T20:51:20 - [MESSAGE][PASSED] - Keys 'BACK_SPACE + ' sent to object: 'Object Repository/FIM/Sites Page/Site Filtering/Site_txt'

21-10-2025T20:51:20 - [TEST_STEP][PASSED] - (i++): null

21-10-2025T20:51:20 - [TEST_STEP][PASSED] - sendKeys(findTestObject("FIM/Sites Page/Site Filtering/Site_txt"), Keys.chord(BACK_SPACE), STOP_ON_FAILURE): Keys 'BACK_SPACE + ' sent to object: 'Object Repository/FIM/Sites Page/Site Filtering/Site_txt'

21-10-2025T20:51:21 - [MESSAGE][PASSED] - Keys 'BACK_SPACE + ' sent to object: 'Object Repository/FIM/Sites Page/Site Filtering/Site_txt'

21-10-2025T20:51:21 - [TEST_STEP][PASSED] - (i++): null

21-10-2025T20:51:21 - [TEST_STEP][PASSED] - sendKeys(findTestObject("FIM/Sites Page/Site Filtering/Site_txt"), Keys.chord(BACK_SPACE), STOP_ON_FAILURE): Keys 'BACK_SPACE + ' sent to object: 'Object Repository/FIM/Sites Page/Site Filtering/Site_txt'

21-10-2025T20:51:21 - [MESSAGE][PASSED] - Keys 'BACK_SPACE + ' sent to object: 'Object Repository/FIM/Sites Page/Site Filtering/Site_txt'

21-10-2025T20:51:21 - [TEST_STEP][PASSED] - (i++): null

21-10-2025T20:51:21 - [TEST_STEP][PASSED] - sendKeys(findTestObject("FIM/Sites Page/Site Filtering/Site_txt"), Keys.chord(BACK_SPACE), STOP_ON_FAILURE): Keys 'BACK_SPACE + ' sent to object: 'Object Repository/FIM/Sites Page/Site Filtering/Site_txt'

21-10-2025T20:51:21 - [MESSAGE][PASSED] - Keys 'BACK_SPACE + ' sent to object: 'Object Repository/FIM/Sites Page/Site Filtering/Site_txt'

21-10-2025T20:51:21 - [TEST_STEP][PASSED] - (i++): null

21-10-2025T20:51:21 - [TEST_STEP][PASSED] - sendKeys(findTestObject("FIM/Sites Page/Site Filtering/Site_txt"), Keys.chord(BACK_SPACE), STOP_ON_FAILURE): Keys 'BACK_SPACE + ' sent to object: 'Object Repository/FIM/Sites Page/Site Filtering/Site_txt'

21-10-2025T20:51:21 - [MESSAGE][PASSED] - Keys 'BACK_SPACE + ' sent to object: 'Object Repository/FIM/Sites Page/Site Filtering/Site_txt'

21-10-2025T20:51:21 - [TEST_STEP][PASSED] - (i++): null

21-10-2025T20:51:21 - [TEST_STEP][PASSED] - sendKeys(findTestObject("FIM/Sites Page/Site Filtering/Site_txt"), Keys.chord(BACK_SPACE), STOP_ON_FAILURE): Keys 'BACK_SPACE + ' sent to object: 'Object Repository/FIM/Sites Page/Site Filtering/Site_txt'

21-10-2025T20:51:21 - [MESSAGE][PASSED] - Keys 'BACK_SPACE + ' sent to object: 'Object Repository/FIM/Sites Page/Site Filtering/Site_txt'

21-10-2025T20:51:21 - [TEST_STEP][PASSED] - (i++): null

21-10-2025T20:51:21 - [TEST_STEP][PASSED] - sendKeys(findTestObject("FIM/Sites Page/Site Filtering/Site_txt"), Keys.chord(BACK_SPACE), STOP_ON_FAILURE): Keys 'BACK_SPACE + ' sent to object: 'Object Repository/FIM/Sites Page/Site Filtering/Site_txt'

21-10-2025T20:51:21 - [MESSAGE][PASSED] - Keys 'BACK_SPACE + ' sent to object: 'Object Repository/FIM/Sites Page/Site Filtering/Site_txt'

21-10-2025T20:51:21 - [TEST_STEP][PASSED] - (i++): null

21-10-2025T20:51:21 - [TEST_STEP][PASSED] - sendKeys(findTestObject("FIM/Sites Page/Site Filtering/Site_txt"), Keys.chord(BACK_SPACE), STOP_ON_FAILURE): Keys 'BACK_SPACE + ' sent to object: 'Object Repository/FIM/Sites Page/Site Filtering/Site_txt'

21-10-2025T20:51:21 - [MESSAGE][PASSED] - Keys 'BACK_SPACE + ' sent to object: 'Object Repository/FIM/Sites Page/Site Filtering/Site_txt'

21-10-2025T20:51:21 - [TEST_STEP][PASSED] - (i++): null

21-10-2025T20:51:21 - [TEST_STEP][PASSED] - sendKeys(findTestObject("FIM/Sites Page/Site Filtering/Site_txt"), Keys.chord(BACK_SPACE), STOP_ON_FAILURE): Keys 'BACK_SPACE + ' sent to object: 'Object Repository/FIM/Sites Page/Site Filtering/Site_txt'

21-10-2025T20:51:21 - [MESSAGE][PASSED] - Keys 'BACK_SPACE + ' sent to object: 'Object Repository/FIM/Sites Page/Site Filtering/Site_txt'

21-10-2025T20:51:21 - [TEST_STEP][PASSED] - (i++): null

21-10-2025T20:51:21 - [TEST_STEP][PASSED] - sendKeys(findTestObject("FIM/Sites Page/Site Filtering/Site_txt"), Keys.chord(BACK_SPACE), STOP_ON_FAILURE): Keys 'BACK_SPACE + ' sent to object: 'Object Repository/FIM/Sites Page/Site Filtering/Site_txt'

21-10-2025T20:51:21 - [MESSAGE][PASSED] - Keys 'BACK_SPACE + ' sent to object: 'Object Repository/FIM/Sites Page/Site Filtering/Site_txt'

21-10-2025T20:51:21 - [TEST_STEP][PASSED] - (i++): null

21-10-2025T20:51:21 - [TEST_STEP][PASSED] - sendKeys(findTestObject("FIM/Sites Page/Site Filtering/Site_txt"), Keys.chord(BACK_SPACE), STOP_ON_FAILURE): Keys 'BACK_SPACE + ' sent to object: 'Object Repository/FIM/Sites Page/Site Filtering/Site_txt'

21-10-2025T20:51:21 - [MESSAGE][PASSED] - Keys 'BACK_SPACE + ' sent to object: 'Object Repository/FIM/Sites Page/Site Filtering/Site_txt'

21-10-2025T20:51:21 - [TEST_STEP][PASSED] - (i++): null

21-10-2025T20:51:21 - [TEST_STEP][PASSED] - sendKeys(findTestObject("FIM/Sites Page/Site Filtering/Site_txt"), Keys.chord(BACK_SPACE), STOP_ON_FAILURE): Keys 'BACK_SPACE + ' sent to object: 'Object Repository/FIM/Sites Page/Site Filtering/Site_txt'

21-10-2025T20:51:21 - [MESSAGE][PASSED] - Keys 'BACK_SPACE + ' sent to object: 'Object Repository/FIM/Sites Page/Site Filtering/Site_txt'

21-10-2025T20:51:21 - [TEST_STEP][PASSED] - (i++): null

21-10-2025T20:51:21 - [TEST_STEP][PASSED] - sendKeys(findTestObject("FIM/Sites Page/Site Filtering/Site_txt"), Keys.chord(BACK_SPACE), STOP_ON_FAILURE): Keys 'BACK_SPACE + ' sent to object: 'Object Repository/FIM/Sites Page/Site Filtering/Site_txt'

21-10-2025T20:51:21 - [MESSAGE][PASSED] - Keys 'BACK_SPACE + ' sent to object: 'Object Repository/FIM/Sites Page/Site Filtering/Site_txt'

21-10-2025T20:51:21 - [TEST_STEP][PASSED] - (i++): null

21-10-2025T20:51:21 - [TEST_STEP][PASSED] - sendKeys(findTestObject("FIM/Sites Page/Site Filtering/Site_txt"), Keys.chord(BACK_SPACE), STOP_ON_FAILURE): Keys 'BACK_SPACE + ' sent to object: 'Object Repository/FIM/Sites Page/Site Filtering/Site_txt'

21-10-2025T20:51:21 - [MESSAGE][PASSED] - Keys 'BACK_SPACE + ' sent to object: 'Object Repository/FIM/Sites Page/Site Filtering/Site_txt'

21-10-2025T20:51:21 - [TEST_STEP][PASSED] - (i++): null

21-10-2025T20:51:21 - [TEST_STEP][PASSED] - sendKeys(findTestObject("FIM/Sites Page/Site Filtering/Site_txt"), Keys.chord(BACK_SPACE), STOP_ON_FAILURE): Keys 'BACK_SPACE + ' sent to object: 'Object Repository/FIM/Sites Page/Site Filtering/Site_txt'

21-10-2025T20:51:21 - [MESSAGE][PASSED] - Keys 'BACK_SPACE + ' sent to object: 'Object Repository/FIM/Sites Page/Site Filtering/Site_txt'

21-10-2025T20:51:21 - [TEST_STEP][PASSED] - (i++): null

21-10-2025T20:51:21 - [TEST_STEP][PASSED] - sendKeys(findTestObject("FIM/Sites Page/Site Filtering/Site_txt"), Keys.chord(BACK_SPACE), STOP_ON_FAILURE): Keys 'BACK_SPACE + ' sent to object: 'Object Repository/FIM/Sites Page/Site Filtering/Site_txt'

21-10-2025T20:51:21 - [MESSAGE][PASSED] - Keys 'BACK_SPACE + ' sent to object: 'Object Repository/FIM/Sites Page/Site Filtering/Site_txt'

21-10-2025T20:51:21 - [TEST_STEP][PASSED] - (i++): null

21-10-2025T20:51:21 - [TEST_STEP][PASSED] - sendKeys(findTestObject("FIM/Sites Page/Site Filtering/Site_txt"), Keys.chord(BACK_SPACE), STOP_ON_FAILURE): Keys 'BACK_SPACE + ' sent to object: 'Object Repository/FIM/Sites Page/Site Filtering/Site_txt'

21-10-2025T20:51:21 - [MESSAGE][PASSED] - Keys 'BACK_SPACE + ' sent to object: 'Object Repository/FIM/Sites Page/Site Filtering/Site_txt'

21-10-2025T20:51:21 - [TEST_STEP][PASSED] - (i++): null

21-10-2025T20:51:21 - [TEST_STEP][PASSED] - sendKeys(findTestObject("FIM/Sites Page/Site Filtering/Site_txt"), Keys.chord(BACK_SPACE), STOP_ON_FAILURE): Keys 'BACK_SPACE + ' sent to object: 'Object Repository/FIM/Sites Page/Site Filtering/Site_txt'

21-10-2025T20:51:21 - [MESSAGE][PASSED] - Keys 'BACK_SPACE + ' sent to object: 'Object Repository/FIM/Sites Page/Site Filtering/Site_txt'

21-10-2025T20:51:21 - [TEST_STEP][PASSED] - (i++): null

21-10-2025T20:51:21 - [TEST_STEP][PASSED] - sendKeys(findTestObject("FIM/Sites Page/Site Filtering/Site_txt"), Keys.chord(BACK_SPACE), STOP_ON_FAILURE): Keys 'BACK_SPACE + ' sent to object: 'Object Repository/FIM/Sites Page/Site Filtering/Site_txt'

21-10-2025T20:51:21 - [MESSAGE][PASSED] - Keys 'BACK_SPACE + ' sent to object: 'Object Repository/FIM/Sites Page/Site Filtering/Site_txt'

21-10-2025T20:51:21 - [TEST_STEP][PASSED] - (i++): null

21-10-2025T20:51:21 - [TEST_STEP][PASSED] - sendKeys(findTestObject("FIM/Sites Page/Site Filtering/Site_txt"), Keys.chord(BACK_SPACE), STOP_ON_FAILURE): Keys 'BACK_SPACE + ' sent to object: 'Object Repository/FIM/Sites Page/Site Filtering/Site_txt'

21-10-2025T20:51:21 - [MESSAGE][PASSED] - Keys 'BACK_SPACE + ' sent to object: 'Object Repository/FIM/Sites Page/Site Filtering/Site_txt'

21-10-2025T20:51:21 - [TEST_STEP][PASSED] - (i++): null

21-10-2025T20:51:21 - [TEST_STEP][PASSED] - sendKeys(findTestObject("FIM/Sites Page/Site Filtering/Site_txt"), Keys.chord(BACK_SPACE), STOP_ON_FAILURE): Keys 'BACK_SPACE + ' sent to object: 'Object Repository/FIM/Sites Page/Site Filtering/Site_txt'

21-10-2025T20:51:22 - [MESSAGE][PASSED] - Keys 'BACK_SPACE + ' sent to object: 'Object Repository/FIM/Sites Page/Site Filtering/Site_txt'

21-10-2025T20:51:22 - [TEST_STEP][PASSED] - (i++): null

21-10-2025T20:51:22 - [TEST_STEP][PASSED] - sendKeys(findTestObject("FIM/Sites Page/Site Filtering/Site_txt"), Keys.chord(BACK_SPACE), STOP_ON_FAILURE): Keys 'BACK_SPACE + ' sent to object: 'Object Repository/FIM/Sites Page/Site Filtering/Site_txt'

21-10-2025T20:51:22 - [MESSAGE][PASSED] - Keys 'BACK_SPACE + ' sent to object: 'Object Repository/FIM/Sites Page/Site Filtering/Site_txt'

21-10-2025T20:51:22 - [TEST_STEP][PASSED] - (i++): null

21-10-2025T20:51:22 - [TEST_STEP][PASSED] - sendKeys(findTestObject("FIM/Sites Page/Site Filtering/Site_txt"), Keys.chord(BACK_SPACE), STOP_ON_FAILURE): Keys 'BACK_SPACE + ' sent to object: 'Object Repository/FIM/Sites Page/Site Filtering/Site_txt'

21-10-2025T20:51:22 - [MESSAGE][PASSED] - Keys 'BACK_SPACE + ' sent to object: 'Object Repository/FIM/Sites Page/Site Filtering/Site_txt'

21-10-2025T20:51:22 - [TEST_STEP][PASSED] - (i++): null

21-10-2025T20:51:22 - [TEST_STEP][PASSED] - sendKeys(findTestObject("FIM/Sites Page/Site Filtering/Site_txt"), Keys.chord(BACK_SPACE), STOP_ON_FAILURE): Keys 'BACK_SPACE + ' sent to object: 'Object Repository/FIM/Sites Page/Site Filtering/Site_txt'

21-10-2025T20:51:22 - [MESSAGE][PASSED] - Keys 'BACK_SPACE + ' sent to object: 'Object Repository/FIM/Sites Page/Site Filtering/Site_txt'

21-10-2025T20:51:22 - [TEST_STEP][PASSED] - (i++): null

21-10-2025T20:51:22 - [TEST_STEP][PASSED] - sendKeys(findTestObject("FIM/Sites Page/Site Filtering/Site_txt"), Keys.chord(BACK_SPACE), STOP_ON_FAILURE): Keys 'BACK_SPACE + ' sent to object: 'Object Repository/FIM/Sites Page/Site Filtering/Site_txt'

21-10-2025T20:51:22 - [MESSAGE][PASSED] - Keys 'BACK_SPACE + ' sent to object: 'Object Repository/FIM/Sites Page/Site Filtering/Site_txt'

21-10-2025T20:51:22 - [TEST_STEP][PASSED] - (i++): null

21-10-2025T20:51:22 - [TEST_STEP][PASSED] - sendKeys(findTestObject("FIM/Sites Page/Site Filtering/Site_txt"), Keys.chord(BACK_SPACE), STOP_ON_FAILURE): Keys 'BACK_SPACE + ' sent to object: 'Object Repository/FIM/Sites Page/Site Filtering/Site_txt'

21-10-2025T20:51:22 - [MESSAGE][PASSED] - Keys 'BACK_SPACE + ' sent to object: 'Object Repository/FIM/Sites Page/Site Filtering/Site_txt'

21-10-2025T20:51:22 - [TEST_STEP][PASSED] - (i++): null

21-10-2025T20:51:22 - [TEST_STEP][PASSED] - sendKeys(findTestObject("FIM/Sites Page/Site Filtering/Site_txt"), Keys.chord(BACK_SPACE), STOP_ON_FAILURE): Keys 'BACK_SPACE + ' sent to object: 'Object Repository/FIM/Sites Page/Site Filtering/Site_txt'

21-10-2025T20:51:22 - [MESSAGE][PASSED] - Keys 'BACK_SPACE + ' sent to object: 'Object Repository/FIM/Sites Page/Site Filtering/Site_txt'

21-10-2025T20:51:22 - [TEST_STEP][PASSED] - (i++): null

21-10-2025T20:51:22 - [TEST_STEP][PASSED] - sendKeys(findTestObject("FIM/Sites Page/Site Filtering/Site_txt"), Keys.chord(BACK_SPACE), STOP_ON_FAILURE): Keys 'BACK_SPACE + ' sent to object: 'Object Repository/FIM/Sites Page/Site Filtering/Site_txt'

21-10-2025T20:51:22 - [MESSAGE][PASSED] - Keys 'BACK_SPACE + ' sent to object: 'Object Repository/FIM/Sites Page/Site Filtering/Site_txt'

21-10-2025T20:51:22 - [TEST_STEP][PASSED] - (i++): null

21-10-2025T20:51:22 - [TEST_STEP][PASSED] - sendKeys(findTestObject("FIM/Sites Page/Site Filtering/Site_txt"), Keys.chord(BACK_SPACE), STOP_ON_FAILURE): Keys 'BACK_SPACE + ' sent to object: 'Object Repository/FIM/Sites Page/Site Filtering/Site_txt'

21-10-2025T20:51:22 - [MESSAGE][PASSED] - Keys 'BACK_SPACE + ' sent to object: 'Object Repository/FIM/Sites Page/Site Filtering/Site_txt'

21-10-2025T20:51:22 - [TEST_STEP][PASSED] - (i++): null

21-10-2025T20:51:22 - [TEST_STEP][PASSED] - sendKeys(findTestObject("FIM/Sites Page/Site Filtering/Site_txt"), Keys.chord(BACK_SPACE), STOP_ON_FAILURE): Keys 'BACK_SPACE + ' sent to object: 'Object Repository/FIM/Sites Page/Site Filtering/Site_txt'

21-10-2025T20:51:22 - [MESSAGE][PASSED] - Keys 'BACK_SPACE + ' sent to object: 'Object Repository/FIM/Sites Page/Site Filtering/Site_txt'

21-10-2025T20:51:22 - [TEST_STEP][PASSED] - (i++): null

21-10-2025T20:51:22 - [TEST_STEP][PASSED] - sendKeys(findTestObject("FIM/Sites Page/Site Filtering/Site_txt"), Keys.chord(BACK_SPACE), STOP_ON_FAILURE): Keys 'BACK_SPACE + ' sent to object: 'Object Repository/FIM/Sites Page/Site Filtering/Site_txt'

21-10-2025T20:51:22 - [MESSAGE][PASSED] - Keys 'BACK_SPACE + ' sent to object: 'Object Repository/FIM/Sites Page/Site Filtering/Site_txt'

21-10-2025T20:51:22 - [TEST_STEP][PASSED] - (i++): null

21-10-2025T20:51:22 - [TEST_STEP][PASSED] - sendKeys(findTestObject("FIM/Sites Page/Site Filtering/Site_txt"), Keys.chord(BACK_SPACE), STOP_ON_FAILURE): Keys 'BACK_SPACE + ' sent to object: 'Object Repository/FIM/Sites Page/Site Filtering/Site_txt'

21-10-2025T20:51:22 - [MESSAGE][PASSED] - Keys 'BACK_SPACE + ' sent to object: 'Object Repository/FIM/Sites Page/Site Filtering/Site_txt'

21-10-2025T20:51:22 - [TEST_STEP][PASSED] - (i++): null

21-10-2025T20:51:22 - [TEST_STEP][PASSED] - sendKeys(findTestObject("FIM/Sites Page/Site Filtering/Site_txt"), Keys.chord(BACK_SPACE), STOP_ON_FAILURE): Keys 'BACK_SPACE + ' sent to object: 'Object Repository/FIM/Sites Page/Site Filtering/Site_txt'

21-10-2025T20:51:22 - [MESSAGE][PASSED] - Keys 'BACK_SPACE + ' sent to object: 'Object Repository/FIM/Sites Page/Site Filtering/Site_txt'

21-10-2025T20:51:22 - [TEST_STEP][PASSED] - (i++): null

21-10-2025T20:51:22 - [TEST_STEP][PASSED] - sendKeys(findTestObject("FIM/Sites Page/Site Filtering/Site_txt"), Keys.chord(BACK_SPACE), STOP_ON_FAILURE): Keys 'BACK_SPACE + ' sent to object: 'Object Repository/FIM/Sites Page/Site Filtering/Site_txt'

21-10-2025T20:51:22 - [MESSAGE][PASSED] - Keys 'BACK_SPACE + ' sent to object: 'Object Repository/FIM/Sites Page/Site Filtering/Site_txt'

21-10-2025T20:51:22 - [TEST_STEP][PASSED] - (i++): null

21-10-2025T20:51:22 - [TEST_STEP][PASSED] - sendKeys(findTestObject("FIM/Sites Page/Site Filtering/Site_txt"), Keys.chord(BACK_SPACE), STOP_ON_FAILURE): Keys 'BACK_SPACE + ' sent to object: 'Object Repository/FIM/Sites Page/Site Filtering/Site_txt'

21-10-2025T20:51:22 - [MESSAGE][PASSED] - Keys 'BACK_SPACE + ' sent to object: 'Object Repository/FIM/Sites Page/Site Filtering/Site_txt'

21-10-2025T20:51:22 - [TEST_STEP][PASSED] - (i++): null

21-10-2025T20:51:22 - [TEST_STEP][PASSED] - sendKeys(findTestObject("FIM/Sites Page/Site Filtering/Site_txt"), Keys.chord(BACK_SPACE), STOP_ON_FAILURE): Keys 'BACK_SPACE + ' sent to object: 'Object Repository/FIM/Sites Page/Site Filtering/Site_txt'

21-10-2025T20:51:22 - [MESSAGE][PASSED] - Keys 'BACK_SPACE + ' sent to object: 'Object Repository/FIM/Sites Page/Site Filtering/Site_txt'

21-10-2025T20:51:22 - [TEST_STEP][PASSED] - (i++): null

21-10-2025T20:51:22 - [TEST_STEP][PASSED] - sendKeys(findTestObject("FIM/Sites Page/Site Filtering/Site_txt"), Keys.chord(BACK_SPACE), STOP_ON_FAILURE): Keys 'BACK_SPACE + ' sent to object: 'Object Repository/FIM/Sites Page/Site Filtering/Site_txt'

21-10-2025T20:51:22 - [MESSAGE][PASSED] - Keys 'BACK_SPACE + ' sent to object: 'Object Repository/FIM/Sites Page/Site Filtering/Site_txt'

21-10-2025T20:51:22 - [TEST_STEP][PASSED] - (i++): null

21-10-2025T20:51:22 - [TEST_STEP][PASSED] - sendKeys(findTestObject("FIM/Sites Page/Site Filtering/Site_txt"), Keys.chord(BACK_SPACE), STOP_ON_FAILURE): Keys 'BACK_SPACE + ' sent to object: 'Object Repository/FIM/Sites Page/Site Filtering/Site_txt'

21-10-2025T20:51:22 - [MESSAGE][PASSED] - Keys 'BACK_SPACE + ' sent to object: 'Object Repository/FIM/Sites Page/Site Filtering/Site_txt'

21-10-2025T20:51:22 - [TEST_STEP][PASSED] - (i++): null

21-10-2025T20:51:22 - [TEST_STEP][PASSED] - sendKeys(findTestObject("FIM/Sites Page/Site Filtering/Site_txt"), Keys.chord(BACK_SPACE), STOP_ON_FAILURE): Keys 'BACK_SPACE + ' sent to object: 'Object Repository/FIM/Sites Page/Site Filtering/Site_txt'

21-10-2025T20:51:22 - [MESSAGE][PASSED] - Keys 'BACK_SPACE + ' sent to object: 'Object Repository/FIM/Sites Page/Site Filtering/Site_txt'

21-10-2025T20:51:22 - [TEST_STEP][PASSED] - (i++): null

21-10-2025T20:51:22 - [TEST_STEP][PASSED] - sendKeys(findTestObject("FIM/Sites Page/Site Filtering/Site_txt"), Keys.chord(BACK_SPACE), STOP_ON_FAILURE): Keys 'BACK_SPACE + ' sent to object: 'Object Repository/FIM/Sites Page/Site Filtering/Site_txt'

21-10-2025T20:51:22 - [MESSAGE][PASSED] - Keys 'BACK_SPACE + ' sent to object: 'Object Repository/FIM/Sites Page/Site Filtering/Site_txt'

21-10-2025T20:51:22 - [TEST_STEP][PASSED] - (i++): null

21-10-2025T20:51:22 - [TEST_STEP][PASSED] - sendKeys(findTestObject("FIM/Sites Page/Site Filtering/Site_txt"), Keys.chord(BACK_SPACE), STOP_ON_FAILURE): Keys 'BACK_SPACE + ' sent to object: 'Object Repository/FIM/Sites Page/Site Filtering/Site_txt'

21-10-2025T20:51:23 - [MESSAGE][PASSED] - Keys 'BACK_SPACE + ' sent to object: 'Object Repository/FIM/Sites Page/Site Filtering/Site_txt'

21-10-2025T20:51:23 - [TEST_STEP][PASSED] - (i++): null

21-10-2025T20:51:23 - [TEST_STEP][PASSED] - sendKeys(findTestObject("FIM/Sites Page/Site Filtering/Site_txt"), Keys.chord(BACK_SPACE), STOP_ON_FAILURE): Keys 'BACK_SPACE + ' sent to object: 'Object Repository/FIM/Sites Page/Site Filtering/Site_txt'

21-10-2025T20:51:23 - [MESSAGE][PASSED] - Keys 'BACK_SPACE + ' sent to object: 'Object Repository/FIM/Sites Page/Site Filtering/Site_txt'

21-10-2025T20:51:23 - [TEST_STEP][PASSED] - (i++): null

21-10-2025T20:51:23 - [TEST_STEP][PASSED] - sendKeys(findTestObject("FIM/Sites Page/Site Filtering/Site_txt"), Keys.chord(BACK_SPACE), STOP_ON_FAILURE): Keys 'BACK_SPACE + ' sent to object: 'Object Repository/FIM/Sites Page/Site Filtering/Site_txt'

21-10-2025T20:51:23 - [MESSAGE][PASSED] - Keys 'BACK_SPACE + ' sent to object: 'Object Repository/FIM/Sites Page/Site Filtering/Site_txt'

21-10-2025T20:51:23 - [TEST_STEP][PASSED] - (i++): null

21-10-2025T20:51:23 - [TEST_STEP][PASSED] - sendKeys(findTestObject("FIM/Sites Page/Site Filtering/Site_txt"), Keys.chord(BACK_SPACE), STOP_ON_FAILURE): Keys 'BACK_SPACE + ' sent to object: 'Object Repository/FIM/Sites Page/Site Filtering/Site_txt'

21-10-2025T20:51:23 - [MESSAGE][PASSED] - Keys 'BACK_SPACE + ' sent to object: 'Object Repository/FIM/Sites Page/Site Filtering/Site_txt'

21-10-2025T20:51:23 - [TEST_STEP][PASSED] - (i++): null

21-10-2025T20:51:23 - [TEST_STEP][PASSED] - sendKeys(findTestObject("FIM/Sites Page/Site Filtering/Site_txt"), Keys.chord(BACK_SPACE), STOP_ON_FAILURE): Keys 'BACK_SPACE + ' sent to object: 'Object Repository/FIM/Sites Page/Site Filtering/Site_txt'

21-10-2025T20:51:23 - [MESSAGE][PASSED] - Keys 'BACK_SPACE + ' sent to object: 'Object Repository/FIM/Sites Page/Site Filtering/Site_txt'

21-10-2025T20:51:23 - [TEST_STEP][PASSED] - (i++): null

21-10-2025T20:51:23 - [TEST_STEP][PASSED] - sendKeys(findTestObject("FIM/Sites Page/Site Filtering/Site_txt"), Keys.chord(BACK_SPACE), STOP_ON_FAILURE): Keys 'BACK_SPACE + ' sent to object: 'Object Repository/FIM/Sites Page/Site Filtering/Site_txt'

21-10-2025T20:51:23 - [MESSAGE][PASSED] - Keys 'BACK_SPACE + ' sent to object: 'Object Repository/FIM/Sites Page/Site Filtering/Site_txt'

21-10-2025T20:51:23 - [TEST_STEP][PASSED] - (i++): null

21-10-2025T20:51:23 - [TEST_STEP][PASSED] - sendKeys(findTestObject("FIM/Sites Page/Site Filtering/Site_txt"), Keys.chord(BACK_SPACE), STOP_ON_FAILURE): Keys 'BACK_SPACE + ' sent to object: 'Object Repository/FIM/Sites Page/Site Filtering/Site_txt'

21-10-2025T20:51:23 - [MESSAGE][PASSED] - Keys 'BACK_SPACE + ' sent to object: 'Object Repository/FIM/Sites Page/Site Filtering/Site_txt'

21-10-2025T20:51:23 - [TEST_STEP][PASSED] - (i++): null

21-10-2025T20:51:23 - [TEST_STEP][PASSED] - sendKeys(findTestObject("FIM/Sites Page/Site Filtering/Site_txt"), Keys.chord(BACK_SPACE), STOP_ON_FAILURE): Keys 'BACK_SPACE + ' sent to object: 'Object Repository/FIM/Sites Page/Site Filtering/Site_txt'

21-10-2025T20:51:23 - [MESSAGE][PASSED] - Keys 'BACK_SPACE + ' sent to object: 'Object Repository/FIM/Sites Page/Site Filtering/Site_txt'

21-10-2025T20:51:23 - [TEST_STEP][PASSED] - (i++): null

21-10-2025T20:51:23 - [TEST_STEP][PASSED] - sendKeys(findTestObject("FIM/Sites Page/Site Filtering/Site_txt"), Keys.chord(BACK_SPACE), STOP_ON_FAILURE): Keys 'BACK_SPACE + ' sent to object: 'Object Repository/FIM/Sites Page/Site Filtering/Site_txt'

21-10-2025T20:51:23 - [MESSAGE][PASSED] - Keys 'BACK_SPACE + ' sent to object: 'Object Repository/FIM/Sites Page/Site Filtering/Site_txt'

21-10-2025T20:51:23 - [TEST_STEP][PASSED] - (i++): null

21-10-2025T20:51:23 - [TEST_STEP][PASSED] - sendKeys(findTestObject("FIM/Sites Page/Site Filtering/Site_txt"), Keys.chord(BACK_SPACE), STOP_ON_FAILURE): Keys 'BACK_SPACE + ' sent to object: 'Object Repository/FIM/Sites Page/Site Filtering/Site_txt'

21-10-2025T20:51:23 - [MESSAGE][PASSED] - Keys 'BACK_SPACE + ' sent to object: 'Object Repository/FIM/Sites Page/Site Filtering/Site_txt'

21-10-2025T20:51:23 - [TEST_STEP][PASSED] - (i++): null

21-10-2025T20:51:23 - [TEST_STEP][PASSED] - sendKeys(findTestObject("FIM/Sites Page/Site Filtering/Site_txt"), Keys.chord(BACK_SPACE), STOP_ON_FAILURE): Keys 'BACK_SPACE + ' sent to object: 'Object Repository/FIM/Sites Page/Site Filtering/Site_txt'

21-10-2025T20:51:23 - [MESSAGE][PASSED] - Keys 'BACK_SPACE + ' sent to object: 'Object Repository/FIM/Sites Page/Site Filtering/Site_txt'

21-10-2025T20:51:23 - [TEST_STEP][PASSED] - (i++): null

21-10-2025T20:51:23 - [TEST_STEP][PASSED] - sendKeys(findTestObject("FIM/Sites Page/Site Filtering/Site_txt"), Keys.chord(BACK_SPACE), STOP_ON_FAILURE): Keys 'BACK_SPACE + ' sent to object: 'Object Repository/FIM/Sites Page/Site Filtering/Site_txt'

21-10-2025T20:51:23 - [MESSAGE][PASSED] - Keys 'BACK_SPACE + ' sent to object: 'Object Repository/FIM/Sites Page/Site Filtering/Site_txt'

21-10-2025T20:51:23 - [TEST_STEP][PASSED] - (i++): null

21-10-2025T20:51:23 - [TEST_STEP][PASSED] - sendKeys(findTestObject("FIM/Sites Page/Site Filtering/Site_txt"), Keys.chord(BACK_SPACE), STOP_ON_FAILURE): Keys 'BACK_SPACE + ' sent to object: 'Object Repository/FIM/Sites Page/Site Filtering/Site_txt'

21-10-2025T20:51:23 - [MESSAGE][PASSED] - Keys 'BACK_SPACE + ' sent to object: 'Object Repository/FIM/Sites Page/Site Filtering/Site_txt'

21-10-2025T20:51:23 - [TEST_STEP][PASSED] - (i++): null

21-10-2025T20:51:23 - [TEST_STEP][PASSED] - sendKeys(findTestObject("FIM/Sites Page/Site Filtering/Site_txt"), "TURK132 - 798 North", STOP_ON_FAILURE): Keys 'TURK132 - 798 North' sent to object: 'Object Repository/FIM/Sites Page/Site Filtering/Site_txt'

21-10-2025T20:51:24 - [MESSAGE][PASSED] - Keys 'TURK132 - 798 North' sent to object: 'Object Repository/FIM/Sites Page/Site Filtering/Site_txt'

21-10-2025T20:51:24 - [TEST_STEP][PASSED] - sendKeys(findTestObject("FIM/Sites Page/Site Filtering/Site_txt"), Keys.chord(ENTER), STOP_ON_FAILURE): Keys 'ENTER + ' sent to object: 'Object Repository/FIM/Sites Page/Site Filtering/Site_txt'

21-10-2025T20:51:24 - [MESSAGE][PASSED] - Keys 'ENTER + ' sent to object: 'Object Repository/FIM/Sites Page/Site Filtering/Site_txt'

21-10-2025T20:51:24 - [TEST_STEP][PASSED] - waitForElementClickable(findTestObject("FIM/Sites Page/Orders/Create Order/CreateOrder_btn"), 300): Object 'Object Repository/FIM/Sites Page/Orders/Create Order/CreateOrder_btn' is clickable

21-10-2025T20:51:24 - [MESSAGE][PASSED] - Object 'Object Repository/FIM/Sites Page/Orders/Create Order/CreateOrder_btn' is clickable

21-10-2025T20:51:24 - [TEST_STEP][PASSED] - click(findTestObject("FIM/Sites Page/Orders/Create Order/CreateOrder_btn"), OPTIONAL): Object: 'Object Repository/FIM/Sites Page/Orders/Create Order/CreateOrder_btn' is clicked on

21-10-2025T20:51:24 - [MESSAGE][PASSED] - Object: 'Object Repository/FIM/Sites Page/Orders/Create Order/CreateOrder_btn' is clicked on

21-10-2025T20:51:24 - [TEST_STEP][PASSED] - delay(1): Delayed 1 second(s)

21-10-2025T20:51:25 - [MESSAGE][PASSED] - Delayed 1 second(s)

21-10-2025T20:51:25 - [TEST_STEP][PASSED] - verifyElementPresent(findTestObject("FIM/Sites Page/Orders/Create Order/Split_Load_Order_toggle"), 10): Object 'Object Repository/FIM/Sites Page/Orders/Create Order/Split_Load_Order_toggle' is present

21-10-2025T20:51:25 - [MESSAGE][PASSED] - Object 'Object Repository/FIM/Sites Page/Orders/Create Order/Split_Load_Order_toggle' is present

21-10-2025T20:51:25 - [TEST_STEP][PASSED] - click(findTestObject("FIM/Sites Page/Orders/Create Order/Split_Load_Order_toggle"), STOP_ON_FAILURE): Object: 'Object Repository/FIM/Sites Page/Orders/Create Order/Split_Load_Order_toggle' is clicked on

21-10-2025T20:51:25 - [MESSAGE][PASSED] - Object: 'Object Repository/FIM/Sites Page/Orders/Create Order/Split_Load_Order_toggle' is clicked on

21-10-2025T20:51:25 - [TEST_STEP][PASSED] - delay(2): Delayed 2 second(s)

21-10-2025T20:51:27 - [MESSAGE][PASSED] - Delayed 2 second(s)

21-10-2025T20:51:27 - [TEST_STEP][PASSED] - sendKeys(findTestObject("FIM/Sites Page/Orders/Create Order/Split Order/Order_Site_Search_txt"), "TURK124 - 3664", STOP_ON_FAILURE): Keys 'TURK124 - 3664' sent to object: 'Object Repository/FIM/Sites Page/Orders/Create Order/Split Order/Order_Site_Search_txt'

21-10-2025T20:51:28 - [MESSAGE][PASSED] - Keys 'TURK124 - 3664' sent to object: 'Object Repository/FIM/Sites Page/Orders/Create Order/Split Order/Order_Site_Search_txt'

21-10-2025T20:51:28 - [TEST_STEP][PASSED] - delay(1): Delayed 1 second(s)

21-10-2025T20:51:29 - [MESSAGE][PASSED] - Delayed 1 second(s)

21-10-2025T20:51:29 - [TEST_STEP][PASSED] - sendKeys(findTestObject("FIM/Sites Page/Orders/Create Order/Split Order/Order_Site_Search_txt"), Keys.chord(ARROW_DOWN), STOP_ON_FAILURE): Keys 'DOWN + ' sent to object: 'Object Repository/FIM/Sites Page/Orders/Create Order/Split Order/Order_Site_Search_txt'

21-10-2025T20:51:29 - [MESSAGE][PASSED] - Keys 'DOWN + ' sent to object: 'Object Repository/FIM/Sites Page/Orders/Create Order/Split Order/Order_Site_Search_txt'

21-10-2025T20:51:29 - [TEST_STEP][PASSED] - delay(1): Delayed 1 second(s)

21-10-2025T20:51:30 - [MESSAGE][PASSED] - Delayed 1 second(s)

21-10-2025T20:51:30 - [TEST_STEP][PASSED] - sendKeys(findTestObject("FIM/Sites Page/Orders/Create Order/Split Order/Order_Site_Search_txt"), Keys.chord(ENTER), STOP_ON_FAILURE): Keys 'ENTER + ' sent to object: 'Object Repository/FIM/Sites Page/Orders/Create Order/Split Order/Order_Site_Search_txt'

21-10-2025T20:51:30 - [MESSAGE][PASSED] - Keys 'ENTER + ' sent to object: 'Object Repository/FIM/Sites Page/Orders/Create Order/Split Order/Order_Site_Search_txt'

21-10-2025T20:51:30 - [TEST_STEP][PASSED] - setText(findTestObject("FIM/Sites Page/Orders/Create Order/30PRM_txt (1)"), "5000"): Text '5000' is set on object 'Object Repository/FIM/Sites Page/Orders/Create Order/30PRM_txt (1)'

21-10-2025T20:51:30 - [MESSAGE][PASSED] - Text '5000' is set on object 'Object Repository/FIM/Sites Page/Orders/Create Order/30PRM_txt (1)'

21-10-2025T20:51:30 - [TEST_STEP][PASSED] - delay(2): Delayed 2 second(s)

21-10-2025T20:51:32 - [MESSAGE][PASSED] - Delayed 2 second(s)

21-10-2025T20:51:32 - [TEST_STEP][PASSED] - click(findTestObject("FIM/Sites Page/Orders/Create Order/Split Order/Add_Load_btn")): Object: 'Object Repository/FIM/Sites Page/Orders/Create Order/Split Order/Add_Load_btn' is clicked on

21-10-2025T20:51:32 - [MESSAGE][PASSED] - Object: 'Object Repository/FIM/Sites Page/Orders/Create Order/Split Order/Add_Load_btn' is clicked on

21-10-2025T20:51:32 - [TEST_STEP][PASSED] - delay(2): Delayed 2 second(s)

21-10-2025T20:51:34 - [MESSAGE][PASSED] - Delayed 2 second(s)

21-10-2025T20:51:34 - [TEST_STEP][PASSED] - verifyElementPresent(findTestObject("FIM/Sites Page/Orders/Create Order/Split Order/Site_Two_Tank_One_txt"), 10): Object 'Object Repository/FIM/Sites Page/Orders/Create Order/Split Order/Site_Two_Tank_One_txt' is present

21-10-2025T20:51:34 - [MESSAGE][PASSED] - Object 'Object Repository/FIM/Sites Page/Orders/Create Order/Split Order/Site_Two_Tank_One_txt' is present

21-10-2025T20:51:34 - [TEST_STEP][PASSED] - setText(findTestObject("FIM/Sites Page/Orders/Create Order/Split Order/Site_Two_Tank_One_txt"), "3600"): Text '3600' is set on object 'Object Repository/FIM/Sites Page/Orders/Create Order/Split Order/Site_Two_Tank_One_txt'

21-10-2025T20:51:34 - [MESSAGE][PASSED] - Text '3600' is set on object 'Object Repository/FIM/Sites Page/Orders/Create Order/Split Order/Site_Two_Tank_One_txt'

21-10-2025T20:51:34 - [TEST_STEP][PASSED] - delay(2): Delayed 2 second(s)

21-10-2025T20:51:36 - [MESSAGE][PASSED] - Delayed 2 second(s)

21-10-2025T20:51:36 - [TEST_STEP][PASSED] - clearText(findTestObject("FIM/Sites Page/Orders/Create Order/30PRM_txt (1)"), STOP_ON_FAILURE): Text of object 'Object Repository/FIM/Sites Page/Orders/Create Order/30PRM_txt (1)' is cleared

21-10-2025T20:51:36 - [MESSAGE][PASSED] - Text of object 'Object Repository/FIM/Sites Page/Orders/Create Order/30PRM_txt (1)' is cleared

21-10-2025T20:51:36 - [TEST_STEP][PASSED] - delay(1): Delayed 1 second(s)

21-10-2025T20:51:37 - [MESSAGE][PASSED] - Delayed 1 second(s)

21-10-2025T20:51:37 - [TEST_STEP][PASSED] - sendKeys(findTestObject("FIM/Sites Page/Orders/Create Order/Split Order/Order_Site_Search_txt"), "TURK269 - 1600", STOP_ON_FAILURE): Keys 'TURK269 - 1600' sent to object: 'Object Repository/FIM/Sites Page/Orders/Create Order/Split Order/Order_Site_Search_txt'

21-10-2025T20:51:37 - [MESSAGE][PASSED] - Keys 'TURK269 - 1600' sent to object: 'Object Repository/FIM/Sites Page/Orders/Create Order/Split Order/Order_Site_Search_txt'

21-10-2025T20:51:37 - [TEST_STEP][PASSED] - delay(1): Delayed 1 second(s)

21-10-2025T20:51:38 - [MESSAGE][PASSED] - Delayed 1 second(s)

21-10-2025T20:51:38 - [TEST_STEP][PASSED] - sendKeys(findTestObject("FIM/Sites Page/Orders/Create Order/Split Order/Order_Site_Search_txt"), Keys.chord(ARROW_DOWN), STOP_ON_FAILURE): Keys 'DOWN + ' sent to object: 'Object Repository/FIM/Sites Page/Orders/Create Order/Split Order/Order_Site_Search_txt'

21-10-2025T20:51:38 - [MESSAGE][PASSED] - Keys 'DOWN + ' sent to object: 'Object Repository/FIM/Sites Page/Orders/Create Order/Split Order/Order_Site_Search_txt'

21-10-2025T20:51:38 - [TEST_STEP][PASSED] - delay(1): Delayed 1 second(s)

21-10-2025T20:51:39 - [MESSAGE][PASSED] - Delayed 1 second(s)

21-10-2025T20:51:39 - [TEST_STEP][PASSED] - sendKeys(findTestObject("FIM/Sites Page/Orders/Create Order/Split Order/Order_Site_Search_txt"), Keys.chord(ENTER), STOP_ON_FAILURE): Keys 'ENTER + ' sent to object: 'Object Repository/FIM/Sites Page/Orders/Create Order/Split Order/Order_Site_Search_txt'

21-10-2025T20:51:40 - [MESSAGE][PASSED] - Keys 'ENTER + ' sent to object: 'Object Repository/FIM/Sites Page/Orders/Create Order/Split Order/Order_Site_Search_txt'

21-10-2025T20:51:40 - [TEST_STEP][PASSED] - delay(1): Delayed 1 second(s)

21-10-2025T20:51:41 - [MESSAGE][PASSED] - Delayed 1 second(s)

21-10-2025T20:51:41 - [TEST_STEP][PASSED] - click(findTestObject("FIM/Sites Page/Orders/Create Order/Split Order/Add_Load_btn")): Object: 'Object Repository/FIM/Sites Page/Orders/Create Order/Split Order/Add_Load_btn' is clicked on

21-10-2025T20:51:41 - [MESSAGE][PASSED] - Object: 'Object Repository/FIM/Sites Page/Orders/Create Order/Split Order/Add_Load_btn' is clicked on

21-10-2025T20:51:41 - [TEST_STEP][PASSED] - delay(2): Delayed 2 second(s)

21-10-2025T20:51:43 - [MESSAGE][PASSED] - Delayed 2 second(s)

21-10-2025T20:51:43 - [TEST_STEP][PASSED] - setText(findTestObject("FIM/Sites Page/Orders/Create Order/Split Order/Site_Three_Tank_One_txt"), "4100"): Text '4100' is set on object 'Object Repository/FIM/Sites Page/Orders/Create Order/Split Order/Site_Three_Tank_One_txt'

21-10-2025T20:51:43 - [MESSAGE][PASSED] - Text '4100' is set on object 'Object Repository/FIM/Sites Page/Orders/Create Order/Split Order/Site_Three_Tank_One_txt'

21-10-2025T20:51:43 - [TEST_STEP][PASSED] - delay(1): Delayed 1 second(s)

21-10-2025T20:51:44 - [MESSAGE][PASSED] - Delayed 1 second(s)

21-10-2025T20:51:44 - [TEST_STEP][PASSED] - setText(findTestObject("FIM/Sites Page/Orders/Create Order/30PRM_txt (1)"), "5000"): Text '5000' is set on object 'Object Repository/FIM/Sites Page/Orders/Create Order/30PRM_txt (1)'

21-10-2025T20:51:44 - [MESSAGE][PASSED] - Text '5000' is set on object 'Object Repository/FIM/Sites Page/Orders/Create Order/30PRM_txt (1)'

21-10-2025T20:51:44 - [TEST_STEP][PASSED] - delay(2): Delayed 2 second(s)

21-10-2025T20:51:46 - [MESSAGE][PASSED] - Delayed 2 second(s)

21-10-2025T20:51:46 - [TEST_STEP][FAILED] - click(findTestObject("FIM/Sites Page/Orders/Create Order/Split Order/Save_btn (2 Sites)")): Unable to click on object 'Object Repository/FIM/Sites Page/Orders/Create Order/Split Order/Save_btn (2 Sites)' (Root cause: com.kms.katalon.core.exception.StepFailedException: Unable to click on object 'Object Repository/FIM/Sites Page/Orders/Create Order/Split Order/Save_btn (2 Sites)'
	at com.kms.katalon.core.webui.keyword.internal.WebUIKeywordMain.stepFailed(WebUIKeywordMain.groovy:117)
	at com.kms.katalon.core.webui.keyword.internal.WebUIKeywordMain.runKeyword(WebUIKeywordMain.groovy:43)
	at com.kms.katalon.core.webui.keyword.builtin.ClickKeyword.click(ClickKeyword.groovy:74)
	at com.kms.katalon.core.webui.keyword.builtin.ClickKeyword.execute(ClickKeyword.groovy:40)
	at com.kms.katalon.core.keyword.internal.KeywordExecutor.executeKeywordForPlatform(KeywordExecutor.groovy:74)
	at com.kms.katalon.core.webui.keyword.WebUiBuiltInKeywords.click(WebUiBuiltInKeywords.groovy:659)
	at com.kms.katalon.core.webui.keyword.WebUiBuiltInKeywords$click$4.call(Unknown Source)
	at Create Split Load Order (Adding 2 Sites).run(Create Split Load Order (Adding 2 Sites):124)
	at com.kms.katalon.core.main.ScriptEngine.run(ScriptEngine.java:194)
	at com.kms.katalon.core.main.ScriptEngine.runScriptAsRawText(ScriptEngine.java:119)
	at com.kms.katalon.core.main.TestCaseExecutor.runScript(TestCaseExecutor.java:448)
	at com.kms.katalon.core.main.TestCaseExecutor.doExecute(TestCaseExecutor.java:439)
	at com.kms.katalon.core.main.TestCaseExecutor.processExecutionPhase(TestCaseExecutor.java:418)
	at com.kms.katalon.core.main.TestCaseExecutor.accessMainPhase(TestCaseExecutor.java:410)
	at com.kms.katalon.core.main.TestCaseExecutor.execute(TestCaseExecutor.java:285)
	at com.kms.katalon.core.common.CommonExecutor.accessTestCaseMainPhase(CommonExecutor.java:65)
	at com.kms.katalon.core.main.TestSuiteExecutor.accessTestSuiteMainPhase(TestSuiteExecutor.java:150)
	at com.kms.katalon.core.main.TestSuiteExecutor.execute(TestSuiteExecutor.java:106)
	at com.kms.katalon.core.main.TestCaseMain.startTestSuite(TestCaseMain.java:180)
	at com.kms.katalon.core.main.TestCaseMain$startTestSuite$0.call(Unknown Source)
	at TempTestSuite1761090769781.run(TempTestSuite1761090769781.groovy:35)
	at java.base/jdk.internal.reflect.NativeMethodAccessorImpl.invoke0(Native Method)
	at java.base/jdk.internal.reflect.NativeMethodAccessorImpl.invoke(NativeMethodAccessorImpl.java:77)
	at java.base/jdk.internal.reflect.DelegatingMethodAccessorImpl.invoke(DelegatingMethodAccessorImpl.java:43)
Caused by: com.kms.katalon.core.webui.exception.WebElementNotFoundException: Web element with id: 'Object Repository/FIM/Sites Page/Orders/Create Order/Split Order/Save_btn (2 Sites)' located by '//*[@id="__BVID__159___BV_modal_body_"]/form/div/div[6]/div/div/button[1]' not found
	at com.kms.katalon.core.webui.common.WebUiCommonHelper.findWebElement(WebUiCommonHelper.java:1423)
	at com.kms.katalon.core.webui.keyword.internal.WebUIAbstractKeyword.findWebElement(WebUIAbstractKeyword.groovy:27)
	at com.kms.katalon.core.webui.keyword.builtin.ClickKeyword$_click_closure1.doCall(ClickKeyword.groovy:65)
	at com.kms.katalon.core.webui.keyword.builtin.ClickKeyword$_click_closure1.call(ClickKeyword.groovy)
	at com.kms.katalon.core.webui.keyword.internal.WebUIKeywordMain.runKeyword(WebUIKeywordMain.groovy:35)
	at com.kms.katalon.core.webui.keyword.builtin.ClickKeyword.click(ClickKeyword.groovy:74)
	at com.kms.katalon.core.webui.keyword.builtin.ClickKeyword.execute(ClickKeyword.groovy:40)
	at com.kms.katalon.core.keyword.internal.KeywordExecutor.executeKeywordForPlatform(KeywordExecutor.groovy:74)
	at com.kms.katalon.core.webui.keyword.WebUiBuiltInKeywords.click(WebUiBuiltInKeywords.groovy:659)
	at com.kms.katalon.core.webui.keyword.WebUiBuiltInKeywords$click$4.call(Unknown Source)
	at Script1753362571865.run(Script1753362571865.groovy:124)
	... 16 more
)

21-10-2025T20:52:02 - [MESSAGE][INFO] - Unable to find the element located by 'By.xpath: //*[@id="__BVID__159___BV_modal_body_"]/form/div/div[6]/div/div/button[1]'. Please recheck the objects properties to make sure the desired element is located. 

21-10-2025T20:52:02 - [MESSAGE][WARNING] - [SELF-HEALING] Failed to find element with id 'Object Repository/FIM/Sites Page/Orders/Create Order/Split Order/Save_btn (2 Sites)'. Try using Self-healing.

21-10-2025T20:52:03 - [MESSAGE][INFO] - [SELF-HEALING] No working XPath is found.

21-10-2025T20:52:05 - [MESSAGE][INFO] - Unable to find the element located by 'By.xpath: '. Please recheck the objects properties to make sure the desired element is located. 

21-10-2025T20:52:05 - [MESSAGE][WARNING] - [SELF-HEALING] Cannot find elements when the selector is null

21-10-2025T20:52:05 - [MESSAGE][FAILED] - Unable to click on object 'Object Repository/FIM/Sites Page/Orders/Create Order/Split Order/Save_btn (2 Sites)' (Root cause: com.kms.katalon.core.exception.StepFailedException: Unable to click on object 'Object Repository/FIM/Sites Page/Orders/Create Order/Split Order/Save_btn (2 Sites)'
	at com.kms.katalon.core.webui.keyword.internal.WebUIKeywordMain.stepFailed(WebUIKeywordMain.groovy:117)
	at com.kms.katalon.core.webui.keyword.internal.WebUIKeywordMain.runKeyword(WebUIKeywordMain.groovy:43)
	at com.kms.katalon.core.webui.keyword.builtin.ClickKeyword.click(ClickKeyword.groovy:74)
	at com.kms.katalon.core.webui.keyword.builtin.ClickKeyword.execute(ClickKeyword.groovy:40)
	at com.kms.katalon.core.keyword.internal.KeywordExecutor.executeKeywordForPlatform(KeywordExecutor.groovy:74)
	at com.kms.katalon.core.webui.keyword.WebUiBuiltInKeywords.click(WebUiBuiltInKeywords.groovy:659)
	at com.kms.katalon.core.webui.keyword.WebUiBuiltInKeywords$click$4.call(Unknown Source)
	at Create Split Load Order (Adding 2 Sites).run(Create Split Load Order (Adding 2 Sites):124)
	at com.kms.katalon.core.main.ScriptEngine.run(ScriptEngine.java:194)
	at com.kms.katalon.core.main.ScriptEngine.runScriptAsRawText(ScriptEngine.java:119)
	at com.kms.katalon.core.main.TestCaseExecutor.runScript(TestCaseExecutor.java:448)
	at com.kms.katalon.core.main.TestCaseExecutor.doExecute(TestCaseExecutor.java:439)
	at com.kms.katalon.core.main.TestCaseExecutor.processExecutionPhase(TestCaseExecutor.java:418)
	at com.kms.katalon.core.main.TestCaseExecutor.accessMainPhase(TestCaseExecutor.java:410)
	at com.kms.katalon.core.main.TestCaseExecutor.execute(TestCaseExecutor.java:285)
	at com.kms.katalon.core.common.CommonExecutor.accessTestCaseMainPhase(CommonExecutor.java:65)
	at com.kms.katalon.core.main.TestSuiteExecutor.accessTestSuiteMainPhase(TestSuiteExecutor.java:150)
	at com.kms.katalon.core.main.TestSuiteExecutor.execute(TestSuiteExecutor.java:106)
	at com.kms.katalon.core.main.TestCaseMain.startTestSuite(TestCaseMain.java:180)
	at com.kms.katalon.core.main.TestCaseMain$startTestSuite$0.call(Unknown Source)
	at TempTestSuite1761090769781.run(TempTestSuite1761090769781.groovy:35)
	at java.base/jdk.internal.reflect.NativeMethodAccessorImpl.invoke0(Native Method)
	at java.base/jdk.internal.reflect.NativeMethodAccessorImpl.invoke(NativeMethodAccessorImpl.java:77)
	at java.base/jdk.internal.reflect.DelegatingMethodAccessorImpl.invoke(DelegatingMethodAccessorImpl.java:43)
Caused by: com.kms.katalon.core.webui.exception.WebElementNotFoundException: Web element with id: 'Object Repository/FIM/Sites Page/Orders/Create Order/Split Order/Save_btn (2 Sites)' located by '//*[@id="__BVID__159___BV_modal_body_"]/form/div/div[6]/div/div/button[1]' not found
	at com.kms.katalon.core.webui.common.WebUiCommonHelper.findWebElement(WebUiCommonHelper.java:1423)
	at com.kms.katalon.core.webui.keyword.internal.WebUIAbstractKeyword.findWebElement(WebUIAbstractKeyword.groovy:27)
	at com.kms.katalon.core.webui.keyword.builtin.ClickKeyword$_click_closure1.doCall(ClickKeyword.groovy:65)
	at com.kms.katalon.core.webui.keyword.builtin.ClickKeyword$_click_closure1.call(ClickKeyword.groovy)
	at com.kms.katalon.core.webui.keyword.internal.WebUIKeywordMain.runKeyword(WebUIKeywordMain.groovy:35)
	at com.kms.katalon.core.webui.keyword.builtin.ClickKeyword.click(ClickKeyword.groovy:74)
	at com.kms.katalon.core.webui.keyword.builtin.ClickKeyword.execute(ClickKeyword.groovy:40)
	at com.kms.katalon.core.keyword.internal.KeywordExecutor.executeKeywordForPlatform(KeywordExecutor.groovy:74)
	at com.kms.katalon.core.webui.keyword.WebUiBuiltInKeywords.click(WebUiBuiltInKeywords.groovy:659)
	at com.kms.katalon.core.webui.keyword.WebUiBuiltInKeywords$click$4.call(Unknown Source)
	at Script1753362571865.run(Script1753362571865.groovy:124)
	... 16 more
)

21-10-2025T20:52:05 - [TEST_STEP][PASSED] - Start listener action : retryOnDisconnect: Current window's url is: 'https://kaglogistics-inventory-management-portal.qa.thekag.com/site/TURK132?cg=-1&r=206&i=AllConsignees&sorted=false'

21-10-2025T20:52:05 - [TEST_STEP][PASSED] - tcId = testCaseContext.getTestCaseId(): null

21-10-2025T20:52:05 - [TEST_STEP][PASSED] - currentRetry = retryCounts.getOrDefault(tcId, 0): null

21-10-2025T20:52:05 - [TEST_STEP][PASSED] - if (testCaseContext.getTestCaseStatus() == "FAILED" && currentRetry < MAX_RETRIES): Current window's url is: 'https://kaglogistics-inventory-management-portal.qa.thekag.com/site/TURK132?cg=-1&r=206&i=AllConsignees&sorted=false'

21-10-2025T20:52:05 - [TEST_STEP][PASSED] - try: Current window's url is: 'https://kaglogistics-inventory-management-portal.qa.thekag.com/site/TURK132?cg=-1&r=206&i=AllConsignees&sorted=false'

21-10-2025T20:52:05 - [TEST_STEP][PASSED] - comment(Checking for WebDriver disconnect for test case: $tcId): Checking for WebDriver disconnect for test case: Test Cases/FIM/UI/KGL/Admin/Sites Page/Orders/Create Split Load Order (Adding 2 Sites)

21-10-2025T20:52:05 - [MESSAGE][INFO] - Checking for WebDriver disconnect for test case: Test Cases/FIM/UI/KGL/Admin/Sites Page/Orders/Create Split Load Order (Adding 2 Sites)

21-10-2025T20:52:05 - [TEST_STEP][PASSED] - getUrl(): Current window's url is: 'https://kaglogistics-inventory-management-portal.qa.thekag.com/site/TURK132?cg=-1&r=206&i=AllConsignees&sorted=false'

21-10-2025T20:52:05 - [MESSAGE][PASSED] - Current window's url is: 'https://kaglogistics-inventory-management-portal.qa.thekag.com/site/TURK132?cg=-1&r=206&i=AllConsignees&sorted=false']]></system-out>
         <system-err><![CDATA[21-10-2025T20:50:39 - [TEST_CASE][FAILED] - Test Cases/FIM/UI/KGL/Admin/Sites Page/Orders/Create Split Load Order (Adding 2 Sites): Test Cases/FIM/UI/KGL/Admin/Sites Page/Orders/Create Split Load Order (Adding 2 Sites) FAILED.
Reason:
com.kms.katalon.core.exception.StepFailedException: Unable to click on object 'Object Repository/FIM/Sites Page/Orders/Create Order/Split Order/Save_btn (2 Sites)'
	at com.kms.katalon.core.webui.keyword.internal.WebUIKeywordMain.stepFailed(WebUIKeywordMain.groovy:117)
	at com.kms.katalon.core.webui.keyword.internal.WebUIKeywordMain.runKeyword(WebUIKeywordMain.groovy:43)
	at com.kms.katalon.core.webui.keyword.builtin.ClickKeyword.click(ClickKeyword.groovy:74)
	at com.kms.katalon.core.webui.keyword.builtin.ClickKeyword.execute(ClickKeyword.groovy:40)
	at com.kms.katalon.core.keyword.internal.KeywordExecutor.executeKeywordForPlatform(KeywordExecutor.groovy:74)
	at com.kms.katalon.core.webui.keyword.WebUiBuiltInKeywords.click(WebUiBuiltInKeywords.groovy:659)
	at com.kms.katalon.core.webui.keyword.WebUiBuiltInKeywords$click$4.call(Unknown Source)
	at Create Split Load Order (Adding 2 Sites).run(Create Split Load Order (Adding 2 Sites):124)
	at com.kms.katalon.core.main.ScriptEngine.run(ScriptEngine.java:194)
	at com.kms.katalon.core.main.ScriptEngine.runScriptAsRawText(ScriptEngine.java:119)
	at com.kms.katalon.core.main.TestCaseExecutor.runScript(TestCaseExecutor.java:448)
	at com.kms.katalon.core.main.TestCaseExecutor.doExecute(TestCaseExecutor.java:439)
	at com.kms.katalon.core.main.TestCaseExecutor.processExecutionPhase(TestCaseExecutor.java:418)
	at com.kms.katalon.core.main.TestCaseExecutor.accessMainPhase(TestCaseExecutor.java:410)
	at com.kms.katalon.core.main.TestCaseExecutor.execute(TestCaseExecutor.java:285)
	at com.kms.katalon.core.common.CommonExecutor.accessTestCaseMainPhase(CommonExecutor.java:65)
	at com.kms.katalon.core.main.TestSuiteExecutor.accessTestSuiteMainPhase(TestSuiteExecutor.java:150)
	at com.kms.katalon.core.main.TestSuiteExecutor.execute(TestSuiteExecutor.java:106)
	at com.kms.katalon.core.main.TestCaseMain.startTestSuite(TestCaseMain.java:180)
	at com.kms.katalon.core.main.TestCaseMain$startTestSuite$0.call(Unknown Source)
	at TempTestSuite1761090769781.run(TempTestSuite1761090769781.groovy:35)
	at java.base/jdk.internal.reflect.NativeMethodAccessorImpl.invoke0(Native Method)
	at java.base/jdk.internal.reflect.NativeMethodAccessorImpl.invoke(NativeMethodAccessorImpl.java:77)
	at java.base/jdk.internal.reflect.DelegatingMethodAccessorImpl.invoke(DelegatingMethodAccessorImpl.java:43)
Caused by: com.kms.katalon.core.webui.exception.WebElementNotFoundException: Web element with id: 'Object Repository/FIM/Sites Page/Orders/Create Order/Split Order/Save_btn (2 Sites)' located by '//*[@id="__BVID__159___BV_modal_body_"]/form/div/div[6]/div/div/button[1]' not found
	at com.kms.katalon.core.webui.common.WebUiCommonHelper.findWebElement(WebUiCommonHelper.java:1423)
	at com.kms.katalon.core.webui.keyword.internal.WebUIAbstractKeyword.findWebElement(WebUIAbstractKeyword.groovy:27)
	at com.kms.katalon.core.webui.keyword.builtin.ClickKeyword$_click_closure1.doCall(ClickKeyword.groovy:65)
	at com.kms.katalon.core.webui.keyword.builtin.ClickKeyword$_click_closure1.call(ClickKeyword.groovy)
	at com.kms.katalon.core.webui.keyword.internal.WebUIKeywordMain.runKeyword(WebUIKeywordMain.groovy:35)
	... 22 more]]></system-err>
      </testcase>
      <testcase name="Test Cases/FIM/UI/KGL/Admin/Sites Page/Orders/Create Split Load Order (Adding 3 Sites)" time="89.981" classname="Test Cases/FIM/UI/KGL/Admin/Sites Page/Orders/Create Split Load Order (Adding 3 Sites)" status="FAILED">
         <failure type="FAILED" message="Test Cases/FIM/UI/KGL/Admin/Sites Page/Orders/Create Split Load Order (Adding 3 Sites) FAILED.&#xa;Reason:&#xa;com.kms.katalon.core.exception.StepFailedException: Unable to click on object 'Object Repository/FIM/Sites Page/Orders/Create Order/Split Order/Save_btn (4 Sites)'&#xa;	at com.kms.katalon.core.webui.keyword.internal.WebUIKeywordMain.stepFailed(WebUIKeywordMain.groovy:117)&#xa;	at com.kms.katalon.core.webui.keyword.internal.WebUIKeywordMain.runKeyword(WebUIKeywordMain.groovy:43)&#xa;	at com.kms.katalon.core.webui.keyword.builtin.ClickKeyword.click(ClickKeyword.groovy:74)&#xa;	at com.kms.katalon.core.webui.keyword.builtin.ClickKeyword.execute(ClickKeyword.groovy:40)&#xa;	at com.kms.katalon.core.keyword.internal.KeywordExecutor.executeKeywordForPlatform(KeywordExecutor.groovy:74)&#xa;	at com.kms.katalon.core.webui.keyword.WebUiBuiltInKeywords.click(WebUiBuiltInKeywords.groovy:659)&#xa;	at com.kms.katalon.core.webui.keyword.WebUiBuiltInKeywords$click$4.call(Unknown Source)&#xa;	at Create Split Load Order (Adding 3 Sites).run(Create Split Load Order (Adding 3 Sites):146)&#xa;	at com.kms.katalon.core.main.ScriptEngine.run(ScriptEngine.java:194)&#xa;	at com.kms.katalon.core.main.ScriptEngine.runScriptAsRawText(ScriptEngine.java:119)&#xa;	at com.kms.katalon.core.main.TestCaseExecutor.runScript(TestCaseExecutor.java:448)&#xa;	at com.kms.katalon.core.main.TestCaseExecutor.doExecute(TestCaseExecutor.java:439)&#xa;	at com.kms.katalon.core.main.TestCaseExecutor.processExecutionPhase(TestCaseExecutor.java:418)&#xa;	at com.kms.katalon.core.main.TestCaseExecutor.accessMainPhase(TestCaseExecutor.java:410)&#xa;	at com.kms.katalon.core.main.TestCaseExecutor.execute(TestCaseExecutor.java:285)&#xa;	at com.kms.katalon.core.common.CommonExecutor.accessTestCaseMainPhase(CommonExecutor.java:65)&#xa;	at com.kms.katalon.core.main.TestSuiteExecutor.accessTestSuiteMainPhase(TestSuiteExecutor.java:150)&#xa;	at com.kms.katalon.core.main.TestSuiteExecutor.execute(TestSuiteExecutor.java:106)&#xa;	at com.kms.katalon.core.main.TestCaseMain.startTestSuite(TestCaseMain.java:180)&#xa;	at com.kms.katalon.core.main.TestCaseMain$startTestSuite$0.call(Unknown Source)&#xa;	at TempTestSuite1761090769781.run(TempTestSuite1761090769781.groovy:35)&#xa;	at java.base/jdk.internal.reflect.NativeMethodAccessorImpl.invoke0(Native Method)&#xa;	at java.base/jdk.internal.reflect.NativeMethodAccessorImpl.invoke(NativeMethodAccessorImpl.java:77)&#xa;	at java.base/jdk.internal.reflect.DelegatingMethodAccessorImpl.invoke(DelegatingMethodAccessorImpl.java:43)&#xa;Caused by: com.kms.katalon.core.webui.exception.WebElementNotFoundException: Web element with id: 'Object Repository/FIM/Sites Page/Orders/Create Order/Split Order/Save_btn (4 Sites)' located by '//*[@id=&quot;__BVID__159___BV_modal_body_&quot;]/form/div/div[4]/div/div/button[1]' not found&#xa;	at com.kms.katalon.core.webui.common.WebUiCommonHelper.findWebElement(WebUiCommonHelper.java:1423)&#xa;	at com.kms.katalon.core.webui.keyword.internal.WebUIAbstractKeyword.findWebElement(WebUIAbstractKeyword.groovy:27)&#xa;	at com.kms.katalon.core.webui.keyword.builtin.ClickKeyword$_click_closure1.doCall(ClickKeyword.groovy:65)&#xa;	at com.kms.katalon.core.webui.keyword.builtin.ClickKeyword$_click_closure1.call(ClickKeyword.groovy)&#xa;	at com.kms.katalon.core.webui.keyword.internal.WebUIKeywordMain.runKeyword(WebUIKeywordMain.groovy:35)&#xa;	... 22 more&#xa;"/>
         <system-out><![CDATA[21-10-2025T20:52:05 - [TEST_CASE][FAILED] - Test Cases/FIM/UI/KGL/Admin/Sites Page/Orders/Create Split Load Order (Adding 3 Sites): Test Cases/FIM/UI/KGL/Admin/Sites Page/Orders/Create Split Load Order (Adding 3 Sites) FAILED.
Reason:
com.kms.katalon.core.exception.StepFailedException: Unable to click on object 'Object Repository/FIM/Sites Page/Orders/Create Order/Split Order/Save_btn (4 Sites)'
	at com.kms.katalon.core.webui.keyword.internal.WebUIKeywordMain.stepFailed(WebUIKeywordMain.groovy:117)
	at com.kms.katalon.core.webui.keyword.internal.WebUIKeywordMain.runKeyword(WebUIKeywordMain.groovy:43)
	at com.kms.katalon.core.webui.keyword.builtin.ClickKeyword.click(ClickKeyword.groovy:74)
	at com.kms.katalon.core.webui.keyword.builtin.ClickKeyword.execute(ClickKeyword.groovy:40)
	at com.kms.katalon.core.keyword.internal.KeywordExecutor.executeKeywordForPlatform(KeywordExecutor.groovy:74)
	at com.kms.katalon.core.webui.keyword.WebUiBuiltInKeywords.click(WebUiBuiltInKeywords.groovy:659)
	at com.kms.katalon.core.webui.keyword.WebUiBuiltInKeywords$click$4.call(Unknown Source)
	at Create Split Load Order (Adding 3 Sites).run(Create Split Load Order (Adding 3 Sites):146)
	at com.kms.katalon.core.main.ScriptEngine.run(ScriptEngine.java:194)
	at com.kms.katalon.core.main.ScriptEngine.runScriptAsRawText(ScriptEngine.java:119)
	at com.kms.katalon.core.main.TestCaseExecutor.runScript(TestCaseExecutor.java:448)
	at com.kms.katalon.core.main.TestCaseExecutor.doExecute(TestCaseExecutor.java:439)
	at com.kms.katalon.core.main.TestCaseExecutor.processExecutionPhase(TestCaseExecutor.java:418)
	at com.kms.katalon.core.main.TestCaseExecutor.accessMainPhase(TestCaseExecutor.java:410)
	at com.kms.katalon.core.main.TestCaseExecutor.execute(TestCaseExecutor.java:285)
	at com.kms.katalon.core.common.CommonExecutor.accessTestCaseMainPhase(CommonExecutor.java:65)
	at com.kms.katalon.core.main.TestSuiteExecutor.accessTestSuiteMainPhase(TestSuiteExecutor.java:150)
	at com.kms.katalon.core.main.TestSuiteExecutor.execute(TestSuiteExecutor.java:106)
	at com.kms.katalon.core.main.TestCaseMain.startTestSuite(TestCaseMain.java:180)
	at com.kms.katalon.core.main.TestCaseMain$startTestSuite$0.call(Unknown Source)
	at TempTestSuite1761090769781.run(TempTestSuite1761090769781.groovy:35)
	at java.base/jdk.internal.reflect.NativeMethodAccessorImpl.invoke0(Native Method)
	at java.base/jdk.internal.reflect.NativeMethodAccessorImpl.invoke(NativeMethodAccessorImpl.java:77)
	at java.base/jdk.internal.reflect.DelegatingMethodAccessorImpl.invoke(DelegatingMethodAccessorImpl.java:43)
Caused by: com.kms.katalon.core.webui.exception.WebElementNotFoundException: Web element with id: 'Object Repository/FIM/Sites Page/Orders/Create Order/Split Order/Save_btn (4 Sites)' located by '//*[@id="__BVID__159___BV_modal_body_"]/form/div/div[4]/div/div/button[1]' not found
	at com.kms.katalon.core.webui.common.WebUiCommonHelper.findWebElement(WebUiCommonHelper.java:1423)
	at com.kms.katalon.core.webui.keyword.internal.WebUIAbstractKeyword.findWebElement(WebUIAbstractKeyword.groovy:27)
	at com.kms.katalon.core.webui.keyword.builtin.ClickKeyword$_click_closure1.doCall(ClickKeyword.groovy:65)
	at com.kms.katalon.core.webui.keyword.builtin.ClickKeyword$_click_closure1.call(ClickKeyword.groovy)
	at com.kms.katalon.core.webui.keyword.internal.WebUIKeywordMain.runKeyword(WebUIKeywordMain.groovy:35)
	... 22 more


21-10-2025T20:52:05 - [TEST_STEP][PASSED] - Start listener action : beforeTestCase: null

21-10-2025T20:52:05 - [TEST_STEP][PASSED] - addDefaultPackages(): null

21-10-2025T20:52:05 - [TEST_STEP][PASSED] - i = 0: null

21-10-2025T20:52:05 - [TEST_STEP][PASSED] - callTestCase(findTestCase("Utility Scripts/FIM KGL Admin Login"), [:], STOP_ON_FAILURE): Call Test Case 'Test Cases/Utility Scripts/FIM KGL Admin Login' successfully

21-10-2025T20:52:05 - [TEST_CASE][PASSED] - Test Cases/Utility Scripts/FIM KGL Admin Login: Test Cases/Utility Scripts/FIM KGL Admin Login

21-10-2025T20:52:05 - [TEST_STEP][PASSED] - openBrowser(""): Browser is opened with url: ''

21-10-2025T20:52:05 - [MESSAGE][WARNING] - A browser is already opened. Closing browser and opening a new one

21-10-2025T20:52:05 - [MESSAGE][INFO] - Starting 'Chrome' driver

21-10-2025T20:52:05 - [MESSAGE][INFO] - User set preference: ['args', '[--no-sandbox, --disable-gpu, --disable-dev-shm-usage]']

21-10-2025T20:52:05 - [MESSAGE][INFO] - Action delay is set to 0 milliseconds

21-10-2025T20:52:06 - [MESSAGE][PASSED] - Browser is opened with url: ''

21-10-2025T20:52:06 - [TEST_STEP][PASSED] - delay(1): Delayed 1 second(s)

21-10-2025T20:52:07 - [MESSAGE][PASSED] - Delayed 1 second(s)

21-10-2025T20:52:07 - [TEST_STEP][PASSED] - navigateToUrl(KGLCustomGroupUrl): Navigate to 'https://kaglogistics-inventory-management-portal.qa.thekag.com/custom-group/' successfully

21-10-2025T20:52:07 - [MESSAGE][PASSED] - Navigate to 'https://kaglogistics-inventory-management-portal.qa.thekag.com/custom-group/' successfully

21-10-2025T20:52:07 - [TEST_STEP][PASSED] - delay(10): Delayed 10 second(s)

21-10-2025T20:52:17 - [MESSAGE][PASSED] - Delayed 10 second(s)

21-10-2025T20:52:17 - [TEST_STEP][PASSED] - if (maximizeWindow == true): Delayed 1 second(s)

21-10-2025T20:52:17 - [TEST_STEP][PASSED] - maximizeWindow(STOP_ON_FAILURE): Current window maximized

21-10-2025T20:52:17 - [MESSAGE][PASSED] - Current window maximized

21-10-2025T20:52:17 - [TEST_STEP][PASSED] - delay(1): Delayed 1 second(s)

21-10-2025T20:52:18 - [MESSAGE][PASSED] - Delayed 1 second(s)

21-10-2025T20:52:18 - [TEST_STEP][PASSED] - waitForElementPresent(findTestObject("FIM/Username_txt"), 10): Object 'Object Repository/FIM/Username_txt' is present

21-10-2025T20:52:18 - [MESSAGE][PASSED] - Object 'Object Repository/FIM/Username_txt' is present

21-10-2025T20:52:18 - [TEST_STEP][PASSED] - setText(findTestObject("FIM/Username_txt"), FIMUsername): Text 'Chris.Sheldon+DES_QA@Thekag.com' is set on object 'Object Repository/FIM/Username_txt'

21-10-2025T20:52:19 - [MESSAGE][PASSED] - Text 'Chris.Sheldon+DES_QA@Thekag.com' is set on object 'Object Repository/FIM/Username_txt'

21-10-2025T20:52:19 - [TEST_STEP][PASSED] - delay(1): Delayed 1 second(s)

21-10-2025T20:52:20 - [MESSAGE][PASSED] - Delayed 1 second(s)

21-10-2025T20:52:20 - [TEST_STEP][PASSED] - setText(findTestObject("FIM/Password_txt"), FIMPassword): Text 'QATest!2' is set on object 'Object Repository/FIM/Password_txt'

21-10-2025T20:52:20 - [MESSAGE][PASSED] - Text 'QATest!2' is set on object 'Object Repository/FIM/Password_txt'

21-10-2025T20:52:20 - [TEST_STEP][PASSED] - delay(1): Delayed 1 second(s)

21-10-2025T20:52:21 - [MESSAGE][PASSED] - Delayed 1 second(s)

21-10-2025T20:52:21 - [TEST_STEP][PASSED] - click(findTestObject("FIM/Login_btn")): Object: 'Object Repository/FIM/Login_btn' is clicked on

21-10-2025T20:52:21 - [MESSAGE][PASSED] - Object: 'Object Repository/FIM/Login_btn' is clicked on

21-10-2025T20:52:21 - [MESSAGE][PASSED] - Call Test Case 'Test Cases/Utility Scripts/FIM KGL Admin Login' successfully

21-10-2025T20:52:21 - [TEST_STEP][PASSED] - if (verifyElementVisible(findTestObject("FIM/Server_Notification_Close_btn"), OPTIONAL) == true): Web element with id: 'Object Repository/FIM/Server_Notification_Close_btn' located by '/html/body/div/div[1]/button' not found (Root cause: com.kms.katalon.core.exception.StepFailedException: Web element with id: 'Object Repository/FIM/Server_Notification_Close_btn' located by '/html/body/div/div[1]/button' not found
	at com.kms.katalon.core.webui.keyword.internal.WebUIKeywordMain.stepFailed(WebUIKeywordMain.groovy:117)
	at com.kms.katalon.core.webui.keyword.builtin.VerifyElementVisibleKeyword$_verifyElementVisible_closure1.doCall(VerifyElementVisibleKeyword.groovy:89)
	at com.kms.katalon.core.webui.keyword.builtin.VerifyElementVisibleKeyword$_verifyElementVisible_closure1.call(VerifyElementVisibleKeyword.groovy)
	at com.kms.katalon.core.webui.keyword.internal.WebUIKeywordMain.runKeyword(WebUIKeywordMain.groovy:35)
	at com.kms.katalon.core.webui.keyword.builtin.VerifyElementVisibleKeyword.verifyElementVisible(VerifyElementVisibleKeyword.groovy:97)
	at com.kms.katalon.core.webui.keyword.builtin.VerifyElementVisibleKeyword.execute(VerifyElementVisibleKeyword.groovy:67)
	at com.kms.katalon.core.keyword.internal.KeywordExecutor.executeKeywordForPlatform(KeywordExecutor.groovy:74)
	at com.kms.katalon.core.webui.keyword.WebUiBuiltInKeywords.verifyElementVisible(WebUiBuiltInKeywords.groovy:401)
	at com.kms.katalon.core.webui.keyword.WebUiBuiltInKeywords$verifyElementVisible$5.call(Unknown Source)
	at Create Split Load Order (Adding 3 Sites).run(Create Split Load Order (Adding 3 Sites):24)
	at com.kms.katalon.core.main.ScriptEngine.run(ScriptEngine.java:194)
	at com.kms.katalon.core.main.ScriptEngine.runScriptAsRawText(ScriptEngine.java:119)
	at com.kms.katalon.core.main.TestCaseExecutor.runScript(TestCaseExecutor.java:448)
	at com.kms.katalon.core.main.TestCaseExecutor.doExecute(TestCaseExecutor.java:439)
	at com.kms.katalon.core.main.TestCaseExecutor.processExecutionPhase(TestCaseExecutor.java:418)
	at com.kms.katalon.core.main.TestCaseExecutor.accessMainPhase(TestCaseExecutor.java:410)
	at com.kms.katalon.core.main.TestCaseExecutor.execute(TestCaseExecutor.java:285)
	at com.kms.katalon.core.common.CommonExecutor.accessTestCaseMainPhase(CommonExecutor.java:65)
	at com.kms.katalon.core.main.TestSuiteExecutor.accessTestSuiteMainPhase(TestSuiteExecutor.java:150)
	at com.kms.katalon.core.main.TestSuiteExecutor.execute(TestSuiteExecutor.java:106)
	at com.kms.katalon.core.main.TestCaseMain.startTestSuite(TestCaseMain.java:180)
	at com.kms.katalon.core.main.TestCaseMain$startTestSuite$0.call(Unknown Source)
	at TempTestSuite1761090769781.run(TempTestSuite1761090769781.groovy:35)
	at java.base/jdk.internal.reflect.NativeMethodAccessorImpl.invoke0(Native Method)
	at java.base/jdk.internal.reflect.NativeMethodAccessorImpl.invoke(NativeMethodAccessorImpl.java:77)
	at java.base/jdk.internal.reflect.DelegatingMethodAccessorImpl.invoke(DelegatingMethodAccessorImpl.java:43)
)

21-10-2025T20:52:37 - [MESSAGE][INFO] - Unable to find the element located by 'By.xpath: /html/body/div/div[1]/button'. Please recheck the objects properties to make sure the desired element is located. 

21-10-2025T20:52:37 - [MESSAGE][WARNING] - [SELF-HEALING] Failed to find element with id 'Object Repository/FIM/Server_Notification_Close_btn'. Try using Self-healing.

21-10-2025T20:52:38 - [MESSAGE][INFO] - [SELF-HEALING] No working XPath is found.

21-10-2025T20:52:40 - [MESSAGE][INFO] - Unable to find the element located by 'By.xpath: '. Please recheck the objects properties to make sure the desired element is located. 

21-10-2025T20:52:40 - [MESSAGE][WARNING] - [SELF-HEALING] Cannot find elements when the selector is null

21-10-2025T20:52:40 - [MESSAGE][WARNING] - Web element with id: 'Object Repository/FIM/Server_Notification_Close_btn' located by '/html/body/div/div[1]/button' not found (Root cause: com.kms.katalon.core.exception.StepFailedException: Web element with id: 'Object Repository/FIM/Server_Notification_Close_btn' located by '/html/body/div/div[1]/button' not found
	at com.kms.katalon.core.webui.keyword.internal.WebUIKeywordMain.stepFailed(WebUIKeywordMain.groovy:117)
	at com.kms.katalon.core.webui.keyword.builtin.VerifyElementVisibleKeyword$_verifyElementVisible_closure1.doCall(VerifyElementVisibleKeyword.groovy:89)
	at com.kms.katalon.core.webui.keyword.builtin.VerifyElementVisibleKeyword$_verifyElementVisible_closure1.call(VerifyElementVisibleKeyword.groovy)
	at com.kms.katalon.core.webui.keyword.internal.WebUIKeywordMain.runKeyword(WebUIKeywordMain.groovy:35)
	at com.kms.katalon.core.webui.keyword.builtin.VerifyElementVisibleKeyword.verifyElementVisible(VerifyElementVisibleKeyword.groovy:97)
	at com.kms.katalon.core.webui.keyword.builtin.VerifyElementVisibleKeyword.execute(VerifyElementVisibleKeyword.groovy:67)
	at com.kms.katalon.core.keyword.internal.KeywordExecutor.executeKeywordForPlatform(KeywordExecutor.groovy:74)
	at com.kms.katalon.core.webui.keyword.WebUiBuiltInKeywords.verifyElementVisible(WebUiBuiltInKeywords.groovy:401)
	at com.kms.katalon.core.webui.keyword.WebUiBuiltInKeywords$verifyElementVisible$5.call(Unknown Source)
	at Create Split Load Order (Adding 3 Sites).run(Create Split Load Order (Adding 3 Sites):24)
	at com.kms.katalon.core.main.ScriptEngine.run(ScriptEngine.java:194)
	at com.kms.katalon.core.main.ScriptEngine.runScriptAsRawText(ScriptEngine.java:119)
	at com.kms.katalon.core.main.TestCaseExecutor.runScript(TestCaseExecutor.java:448)
	at com.kms.katalon.core.main.TestCaseExecutor.doExecute(TestCaseExecutor.java:439)
	at com.kms.katalon.core.main.TestCaseExecutor.processExecutionPhase(TestCaseExecutor.java:418)
	at com.kms.katalon.core.main.TestCaseExecutor.accessMainPhase(TestCaseExecutor.java:410)
	at com.kms.katalon.core.main.TestCaseExecutor.execute(TestCaseExecutor.java:285)
	at com.kms.katalon.core.common.CommonExecutor.accessTestCaseMainPhase(CommonExecutor.java:65)
	at com.kms.katalon.core.main.TestSuiteExecutor.accessTestSuiteMainPhase(TestSuiteExecutor.java:150)
	at com.kms.katalon.core.main.TestSuiteExecutor.execute(TestSuiteExecutor.java:106)
	at com.kms.katalon.core.main.TestCaseMain.startTestSuite(TestCaseMain.java:180)
	at com.kms.katalon.core.main.TestCaseMain$startTestSuite$0.call(Unknown Source)
	at TempTestSuite1761090769781.run(TempTestSuite1761090769781.groovy:35)
	at java.base/jdk.internal.reflect.NativeMethodAccessorImpl.invoke0(Native Method)
	at java.base/jdk.internal.reflect.NativeMethodAccessorImpl.invoke(NativeMethodAccessorImpl.java:77)
	at java.base/jdk.internal.reflect.DelegatingMethodAccessorImpl.invoke(DelegatingMethodAccessorImpl.java:43)
)

21-10-2025T20:52:40 - [TEST_STEP][PASSED] - delay(1): Delayed 1 second(s)

21-10-2025T20:52:41 - [MESSAGE][PASSED] - Delayed 1 second(s)

21-10-2025T20:52:41 - [TEST_STEP][PASSED] - click(findTestObject("FIM/Hamburger Menu List/Hamburger_menu")): Object: 'Object Repository/FIM/Hamburger Menu List/Hamburger_menu' is clicked on

21-10-2025T20:52:41 - [MESSAGE][PASSED] - Object: 'Object Repository/FIM/Hamburger Menu List/Hamburger_menu' is clicked on

21-10-2025T20:52:41 - [TEST_STEP][PASSED] - verifyElementPresent(findTestObject("FIM/Hamburger Menu List/Sites_list (1)"), 10): Object 'Object Repository/FIM/Hamburger Menu List/Sites_list (1)' is present

21-10-2025T20:52:41 - [MESSAGE][PASSED] - Object 'Object Repository/FIM/Hamburger Menu List/Sites_list (1)' is present

21-10-2025T20:52:41 - [TEST_STEP][PASSED] - delay(1): Delayed 1 second(s)

21-10-2025T20:52:42 - [MESSAGE][PASSED] - Delayed 1 second(s)

21-10-2025T20:52:42 - [TEST_STEP][PASSED] - click(findTestObject("FIM/Hamburger Menu List/Sites_list (1)")): Object: 'Object Repository/FIM/Hamburger Menu List/Sites_list (1)' is clicked on

21-10-2025T20:52:42 - [MESSAGE][PASSED] - Object: 'Object Repository/FIM/Hamburger Menu List/Sites_list (1)' is clicked on

21-10-2025T20:52:42 - [TEST_STEP][PASSED] - waitForElementPresent(findTestObject("FIM/Sites Page/Calculator/Calculator Tab"), 10): Object 'Object Repository/FIM/Sites Page/Calculator/Calculator Tab' is present

21-10-2025T20:52:43 - [MESSAGE][PASSED] - Object 'Object Repository/FIM/Sites Page/Calculator/Calculator Tab' is present

21-10-2025T20:52:43 - [TEST_STEP][PASSED] - selectOptionByLabel(findTestObject("FIM/Sites Page/Site Filtering/Region Selection_dropdown"), "KAG LOGISTICS", false): All options with label 'KAG LOGISTICS' are selected in object 'Object Repository/FIM/Sites Page/Site Filtering/Region Selection_dropdown' 

21-10-2025T20:52:43 - [MESSAGE][PASSED] - All options with label 'KAG LOGISTICS' are selected in object 'Object Repository/FIM/Sites Page/Site Filtering/Region Selection_dropdown' 

21-10-2025T20:52:43 - [TEST_STEP][PASSED] - while (i < 60 == true): null

21-10-2025T20:52:43 - [TEST_STEP][PASSED] - sendKeys(findTestObject("FIM/Sites Page/Site Filtering/Site_txt"), Keys.chord(BACK_SPACE), STOP_ON_FAILURE): Keys 'BACK_SPACE + ' sent to object: 'Object Repository/FIM/Sites Page/Site Filtering/Site_txt'

21-10-2025T20:52:44 - [MESSAGE][PASSED] - Keys 'BACK_SPACE + ' sent to object: 'Object Repository/FIM/Sites Page/Site Filtering/Site_txt'

21-10-2025T20:52:44 - [TEST_STEP][PASSED] - (i++): null

21-10-2025T20:52:44 - [TEST_STEP][PASSED] - sendKeys(findTestObject("FIM/Sites Page/Site Filtering/Site_txt"), Keys.chord(BACK_SPACE), STOP_ON_FAILURE): Keys 'BACK_SPACE + ' sent to object: 'Object Repository/FIM/Sites Page/Site Filtering/Site_txt'

21-10-2025T20:52:44 - [MESSAGE][PASSED] - Keys 'BACK_SPACE + ' sent to object: 'Object Repository/FIM/Sites Page/Site Filtering/Site_txt'

21-10-2025T20:52:44 - [TEST_STEP][PASSED] - (i++): null

21-10-2025T20:52:44 - [TEST_STEP][PASSED] - sendKeys(findTestObject("FIM/Sites Page/Site Filtering/Site_txt"), Keys.chord(BACK_SPACE), STOP_ON_FAILURE): Keys 'BACK_SPACE + ' sent to object: 'Object Repository/FIM/Sites Page/Site Filtering/Site_txt'

21-10-2025T20:52:44 - [MESSAGE][PASSED] - Keys 'BACK_SPACE + ' sent to object: 'Object Repository/FIM/Sites Page/Site Filtering/Site_txt'

21-10-2025T20:52:44 - [TEST_STEP][PASSED] - (i++): null

21-10-2025T20:52:44 - [TEST_STEP][PASSED] - sendKeys(findTestObject("FIM/Sites Page/Site Filtering/Site_txt"), Keys.chord(BACK_SPACE), STOP_ON_FAILURE): Keys 'BACK_SPACE + ' sent to object: 'Object Repository/FIM/Sites Page/Site Filtering/Site_txt'

21-10-2025T20:52:44 - [MESSAGE][PASSED] - Keys 'BACK_SPACE + ' sent to object: 'Object Repository/FIM/Sites Page/Site Filtering/Site_txt'

21-10-2025T20:52:44 - [TEST_STEP][PASSED] - (i++): null

21-10-2025T20:52:44 - [TEST_STEP][PASSED] - sendKeys(findTestObject("FIM/Sites Page/Site Filtering/Site_txt"), Keys.chord(BACK_SPACE), STOP_ON_FAILURE): Keys 'BACK_SPACE + ' sent to object: 'Object Repository/FIM/Sites Page/Site Filtering/Site_txt'

21-10-2025T20:52:44 - [MESSAGE][PASSED] - Keys 'BACK_SPACE + ' sent to object: 'Object Repository/FIM/Sites Page/Site Filtering/Site_txt'

21-10-2025T20:52:44 - [TEST_STEP][PASSED] - (i++): null

21-10-2025T20:52:44 - [TEST_STEP][PASSED] - sendKeys(findTestObject("FIM/Sites Page/Site Filtering/Site_txt"), Keys.chord(BACK_SPACE), STOP_ON_FAILURE): Keys 'BACK_SPACE + ' sent to object: 'Object Repository/FIM/Sites Page/Site Filtering/Site_txt'

21-10-2025T20:52:44 - [MESSAGE][PASSED] - Keys 'BACK_SPACE + ' sent to object: 'Object Repository/FIM/Sites Page/Site Filtering/Site_txt'

21-10-2025T20:52:44 - [TEST_STEP][PASSED] - (i++): null

21-10-2025T20:52:44 - [TEST_STEP][PASSED] - sendKeys(findTestObject("FIM/Sites Page/Site Filtering/Site_txt"), Keys.chord(BACK_SPACE), STOP_ON_FAILURE): Keys 'BACK_SPACE + ' sent to object: 'Object Repository/FIM/Sites Page/Site Filtering/Site_txt'

21-10-2025T20:52:44 - [MESSAGE][PASSED] - Keys 'BACK_SPACE + ' sent to object: 'Object Repository/FIM/Sites Page/Site Filtering/Site_txt'

21-10-2025T20:52:44 - [TEST_STEP][PASSED] - (i++): null

21-10-2025T20:52:44 - [TEST_STEP][PASSED] - sendKeys(findTestObject("FIM/Sites Page/Site Filtering/Site_txt"), Keys.chord(BACK_SPACE), STOP_ON_FAILURE): Keys 'BACK_SPACE + ' sent to object: 'Object Repository/FIM/Sites Page/Site Filtering/Site_txt'

21-10-2025T20:52:45 - [MESSAGE][PASSED] - Keys 'BACK_SPACE + ' sent to object: 'Object Repository/FIM/Sites Page/Site Filtering/Site_txt'

21-10-2025T20:52:45 - [TEST_STEP][PASSED] - (i++): null

21-10-2025T20:52:45 - [TEST_STEP][PASSED] - sendKeys(findTestObject("FIM/Sites Page/Site Filtering/Site_txt"), Keys.chord(BACK_SPACE), STOP_ON_FAILURE): Keys 'BACK_SPACE + ' sent to object: 'Object Repository/FIM/Sites Page/Site Filtering/Site_txt'

21-10-2025T20:52:45 - [MESSAGE][PASSED] - Keys 'BACK_SPACE + ' sent to object: 'Object Repository/FIM/Sites Page/Site Filtering/Site_txt'

21-10-2025T20:52:45 - [TEST_STEP][PASSED] - (i++): null

21-10-2025T20:52:45 - [TEST_STEP][PASSED] - sendKeys(findTestObject("FIM/Sites Page/Site Filtering/Site_txt"), Keys.chord(BACK_SPACE), STOP_ON_FAILURE): Keys 'BACK_SPACE + ' sent to object: 'Object Repository/FIM/Sites Page/Site Filtering/Site_txt'

21-10-2025T20:52:45 - [MESSAGE][PASSED] - Keys 'BACK_SPACE + ' sent to object: 'Object Repository/FIM/Sites Page/Site Filtering/Site_txt'

21-10-2025T20:52:45 - [TEST_STEP][PASSED] - (i++): null

21-10-2025T20:52:45 - [TEST_STEP][PASSED] - sendKeys(findTestObject("FIM/Sites Page/Site Filtering/Site_txt"), Keys.chord(BACK_SPACE), STOP_ON_FAILURE): Keys 'BACK_SPACE + ' sent to object: 'Object Repository/FIM/Sites Page/Site Filtering/Site_txt'

21-10-2025T20:52:45 - [MESSAGE][PASSED] - Keys 'BACK_SPACE + ' sent to object: 'Object Repository/FIM/Sites Page/Site Filtering/Site_txt'

21-10-2025T20:52:45 - [TEST_STEP][PASSED] - (i++): null

21-10-2025T20:52:45 - [TEST_STEP][PASSED] - sendKeys(findTestObject("FIM/Sites Page/Site Filtering/Site_txt"), Keys.chord(BACK_SPACE), STOP_ON_FAILURE): Keys 'BACK_SPACE + ' sent to object: 'Object Repository/FIM/Sites Page/Site Filtering/Site_txt'

21-10-2025T20:52:45 - [MESSAGE][PASSED] - Keys 'BACK_SPACE + ' sent to object: 'Object Repository/FIM/Sites Page/Site Filtering/Site_txt'

21-10-2025T20:52:45 - [TEST_STEP][PASSED] - (i++): null

21-10-2025T20:52:45 - [TEST_STEP][PASSED] - sendKeys(findTestObject("FIM/Sites Page/Site Filtering/Site_txt"), Keys.chord(BACK_SPACE), STOP_ON_FAILURE): Keys 'BACK_SPACE + ' sent to object: 'Object Repository/FIM/Sites Page/Site Filtering/Site_txt'

21-10-2025T20:52:45 - [MESSAGE][PASSED] - Keys 'BACK_SPACE + ' sent to object: 'Object Repository/FIM/Sites Page/Site Filtering/Site_txt'

21-10-2025T20:52:45 - [TEST_STEP][PASSED] - (i++): null

21-10-2025T20:52:45 - [TEST_STEP][PASSED] - sendKeys(findTestObject("FIM/Sites Page/Site Filtering/Site_txt"), Keys.chord(BACK_SPACE), STOP_ON_FAILURE): Keys 'BACK_SPACE + ' sent to object: 'Object Repository/FIM/Sites Page/Site Filtering/Site_txt'

21-10-2025T20:52:45 - [MESSAGE][PASSED] - Keys 'BACK_SPACE + ' sent to object: 'Object Repository/FIM/Sites Page/Site Filtering/Site_txt'

21-10-2025T20:52:45 - [TEST_STEP][PASSED] - (i++): null

21-10-2025T20:52:45 - [TEST_STEP][PASSED] - sendKeys(findTestObject("FIM/Sites Page/Site Filtering/Site_txt"), Keys.chord(BACK_SPACE), STOP_ON_FAILURE): Keys 'BACK_SPACE + ' sent to object: 'Object Repository/FIM/Sites Page/Site Filtering/Site_txt'

21-10-2025T20:52:45 - [MESSAGE][PASSED] - Keys 'BACK_SPACE + ' sent to object: 'Object Repository/FIM/Sites Page/Site Filtering/Site_txt'

21-10-2025T20:52:45 - [TEST_STEP][PASSED] - (i++): null

21-10-2025T20:52:45 - [TEST_STEP][PASSED] - sendKeys(findTestObject("FIM/Sites Page/Site Filtering/Site_txt"), Keys.chord(BACK_SPACE), STOP_ON_FAILURE): Keys 'BACK_SPACE + ' sent to object: 'Object Repository/FIM/Sites Page/Site Filtering/Site_txt'

21-10-2025T20:52:45 - [MESSAGE][PASSED] - Keys 'BACK_SPACE + ' sent to object: 'Object Repository/FIM/Sites Page/Site Filtering/Site_txt'

21-10-2025T20:52:45 - [TEST_STEP][PASSED] - (i++): null

21-10-2025T20:52:45 - [TEST_STEP][PASSED] - sendKeys(findTestObject("FIM/Sites Page/Site Filtering/Site_txt"), Keys.chord(BACK_SPACE), STOP_ON_FAILURE): Keys 'BACK_SPACE + ' sent to object: 'Object Repository/FIM/Sites Page/Site Filtering/Site_txt'

21-10-2025T20:52:45 - [MESSAGE][PASSED] - Keys 'BACK_SPACE + ' sent to object: 'Object Repository/FIM/Sites Page/Site Filtering/Site_txt'

21-10-2025T20:52:45 - [TEST_STEP][PASSED] - (i++): null

21-10-2025T20:52:45 - [TEST_STEP][PASSED] - sendKeys(findTestObject("FIM/Sites Page/Site Filtering/Site_txt"), Keys.chord(BACK_SPACE), STOP_ON_FAILURE): Keys 'BACK_SPACE + ' sent to object: 'Object Repository/FIM/Sites Page/Site Filtering/Site_txt'

21-10-2025T20:52:45 - [MESSAGE][PASSED] - Keys 'BACK_SPACE + ' sent to object: 'Object Repository/FIM/Sites Page/Site Filtering/Site_txt'

21-10-2025T20:52:45 - [TEST_STEP][PASSED] - (i++): null

21-10-2025T20:52:45 - [TEST_STEP][PASSED] - sendKeys(findTestObject("FIM/Sites Page/Site Filtering/Site_txt"), Keys.chord(BACK_SPACE), STOP_ON_FAILURE): Keys 'BACK_SPACE + ' sent to object: 'Object Repository/FIM/Sites Page/Site Filtering/Site_txt'

21-10-2025T20:52:45 - [MESSAGE][PASSED] - Keys 'BACK_SPACE + ' sent to object: 'Object Repository/FIM/Sites Page/Site Filtering/Site_txt'

21-10-2025T20:52:45 - [TEST_STEP][PASSED] - (i++): null

21-10-2025T20:52:45 - [TEST_STEP][PASSED] - sendKeys(findTestObject("FIM/Sites Page/Site Filtering/Site_txt"), Keys.chord(BACK_SPACE), STOP_ON_FAILURE): Keys 'BACK_SPACE + ' sent to object: 'Object Repository/FIM/Sites Page/Site Filtering/Site_txt'

21-10-2025T20:52:45 - [MESSAGE][PASSED] - Keys 'BACK_SPACE + ' sent to object: 'Object Repository/FIM/Sites Page/Site Filtering/Site_txt'

21-10-2025T20:52:45 - [TEST_STEP][PASSED] - (i++): null

21-10-2025T20:52:45 - [TEST_STEP][PASSED] - sendKeys(findTestObject("FIM/Sites Page/Site Filtering/Site_txt"), Keys.chord(BACK_SPACE), STOP_ON_FAILURE): Keys 'BACK_SPACE + ' sent to object: 'Object Repository/FIM/Sites Page/Site Filtering/Site_txt'

21-10-2025T20:52:45 - [MESSAGE][PASSED] - Keys 'BACK_SPACE + ' sent to object: 'Object Repository/FIM/Sites Page/Site Filtering/Site_txt'

21-10-2025T20:52:45 - [TEST_STEP][PASSED] - (i++): null

21-10-2025T20:52:45 - [TEST_STEP][PASSED] - sendKeys(findTestObject("FIM/Sites Page/Site Filtering/Site_txt"), Keys.chord(BACK_SPACE), STOP_ON_FAILURE): Keys 'BACK_SPACE + ' sent to object: 'Object Repository/FIM/Sites Page/Site Filtering/Site_txt'

21-10-2025T20:52:45 - [MESSAGE][PASSED] - Keys 'BACK_SPACE + ' sent to object: 'Object Repository/FIM/Sites Page/Site Filtering/Site_txt'

21-10-2025T20:52:45 - [TEST_STEP][PASSED] - (i++): null

21-10-2025T20:52:45 - [TEST_STEP][PASSED] - sendKeys(findTestObject("FIM/Sites Page/Site Filtering/Site_txt"), Keys.chord(BACK_SPACE), STOP_ON_FAILURE): Keys 'BACK_SPACE + ' sent to object: 'Object Repository/FIM/Sites Page/Site Filtering/Site_txt'

21-10-2025T20:52:45 - [MESSAGE][PASSED] - Keys 'BACK_SPACE + ' sent to object: 'Object Repository/FIM/Sites Page/Site Filtering/Site_txt'

21-10-2025T20:52:45 - [TEST_STEP][PASSED] - (i++): null

21-10-2025T20:52:45 - [TEST_STEP][PASSED] - sendKeys(findTestObject("FIM/Sites Page/Site Filtering/Site_txt"), Keys.chord(BACK_SPACE), STOP_ON_FAILURE): Keys 'BACK_SPACE + ' sent to object: 'Object Repository/FIM/Sites Page/Site Filtering/Site_txt'

21-10-2025T20:52:45 - [MESSAGE][PASSED] - Keys 'BACK_SPACE + ' sent to object: 'Object Repository/FIM/Sites Page/Site Filtering/Site_txt'

21-10-2025T20:52:45 - [TEST_STEP][PASSED] - (i++): null

21-10-2025T20:52:45 - [TEST_STEP][PASSED] - sendKeys(findTestObject("FIM/Sites Page/Site Filtering/Site_txt"), Keys.chord(BACK_SPACE), STOP_ON_FAILURE): Keys 'BACK_SPACE + ' sent to object: 'Object Repository/FIM/Sites Page/Site Filtering/Site_txt'

21-10-2025T20:52:46 - [MESSAGE][PASSED] - Keys 'BACK_SPACE + ' sent to object: 'Object Repository/FIM/Sites Page/Site Filtering/Site_txt'

21-10-2025T20:52:46 - [TEST_STEP][PASSED] - (i++): null

21-10-2025T20:52:46 - [TEST_STEP][PASSED] - sendKeys(findTestObject("FIM/Sites Page/Site Filtering/Site_txt"), Keys.chord(BACK_SPACE), STOP_ON_FAILURE): Keys 'BACK_SPACE + ' sent to object: 'Object Repository/FIM/Sites Page/Site Filtering/Site_txt'

21-10-2025T20:52:46 - [MESSAGE][PASSED] - Keys 'BACK_SPACE + ' sent to object: 'Object Repository/FIM/Sites Page/Site Filtering/Site_txt'

21-10-2025T20:52:46 - [TEST_STEP][PASSED] - (i++): null

21-10-2025T20:52:46 - [TEST_STEP][PASSED] - sendKeys(findTestObject("FIM/Sites Page/Site Filtering/Site_txt"), Keys.chord(BACK_SPACE), STOP_ON_FAILURE): Keys 'BACK_SPACE + ' sent to object: 'Object Repository/FIM/Sites Page/Site Filtering/Site_txt'

21-10-2025T20:52:46 - [MESSAGE][PASSED] - Keys 'BACK_SPACE + ' sent to object: 'Object Repository/FIM/Sites Page/Site Filtering/Site_txt'

21-10-2025T20:52:46 - [TEST_STEP][PASSED] - (i++): null

21-10-2025T20:52:46 - [TEST_STEP][PASSED] - sendKeys(findTestObject("FIM/Sites Page/Site Filtering/Site_txt"), Keys.chord(BACK_SPACE), STOP_ON_FAILURE): Keys 'BACK_SPACE + ' sent to object: 'Object Repository/FIM/Sites Page/Site Filtering/Site_txt'

21-10-2025T20:52:46 - [MESSAGE][PASSED] - Keys 'BACK_SPACE + ' sent to object: 'Object Repository/FIM/Sites Page/Site Filtering/Site_txt'

21-10-2025T20:52:46 - [TEST_STEP][PASSED] - (i++): null

21-10-2025T20:52:46 - [TEST_STEP][PASSED] - sendKeys(findTestObject("FIM/Sites Page/Site Filtering/Site_txt"), Keys.chord(BACK_SPACE), STOP_ON_FAILURE): Keys 'BACK_SPACE + ' sent to object: 'Object Repository/FIM/Sites Page/Site Filtering/Site_txt'

21-10-2025T20:52:46 - [MESSAGE][PASSED] - Keys 'BACK_SPACE + ' sent to object: 'Object Repository/FIM/Sites Page/Site Filtering/Site_txt'

21-10-2025T20:52:46 - [TEST_STEP][PASSED] - (i++): null

21-10-2025T20:52:46 - [TEST_STEP][PASSED] - sendKeys(findTestObject("FIM/Sites Page/Site Filtering/Site_txt"), Keys.chord(BACK_SPACE), STOP_ON_FAILURE): Keys 'BACK_SPACE + ' sent to object: 'Object Repository/FIM/Sites Page/Site Filtering/Site_txt'

21-10-2025T20:52:46 - [MESSAGE][PASSED] - Keys 'BACK_SPACE + ' sent to object: 'Object Repository/FIM/Sites Page/Site Filtering/Site_txt'

21-10-2025T20:52:46 - [TEST_STEP][PASSED] - (i++): null

21-10-2025T20:52:46 - [TEST_STEP][PASSED] - sendKeys(findTestObject("FIM/Sites Page/Site Filtering/Site_txt"), Keys.chord(BACK_SPACE), STOP_ON_FAILURE): Keys 'BACK_SPACE + ' sent to object: 'Object Repository/FIM/Sites Page/Site Filtering/Site_txt'

21-10-2025T20:52:46 - [MESSAGE][PASSED] - Keys 'BACK_SPACE + ' sent to object: 'Object Repository/FIM/Sites Page/Site Filtering/Site_txt'

21-10-2025T20:52:46 - [TEST_STEP][PASSED] - (i++): null

21-10-2025T20:52:46 - [TEST_STEP][PASSED] - sendKeys(findTestObject("FIM/Sites Page/Site Filtering/Site_txt"), Keys.chord(BACK_SPACE), STOP_ON_FAILURE): Keys 'BACK_SPACE + ' sent to object: 'Object Repository/FIM/Sites Page/Site Filtering/Site_txt'

21-10-2025T20:52:46 - [MESSAGE][PASSED] - Keys 'BACK_SPACE + ' sent to object: 'Object Repository/FIM/Sites Page/Site Filtering/Site_txt'

21-10-2025T20:52:46 - [TEST_STEP][PASSED] - (i++): null

21-10-2025T20:52:46 - [TEST_STEP][PASSED] - sendKeys(findTestObject("FIM/Sites Page/Site Filtering/Site_txt"), Keys.chord(BACK_SPACE), STOP_ON_FAILURE): Keys 'BACK_SPACE + ' sent to object: 'Object Repository/FIM/Sites Page/Site Filtering/Site_txt'

21-10-2025T20:52:46 - [MESSAGE][PASSED] - Keys 'BACK_SPACE + ' sent to object: 'Object Repository/FIM/Sites Page/Site Filtering/Site_txt'

21-10-2025T20:52:46 - [TEST_STEP][PASSED] - (i++): null

21-10-2025T20:52:46 - [TEST_STEP][PASSED] - sendKeys(findTestObject("FIM/Sites Page/Site Filtering/Site_txt"), Keys.chord(BACK_SPACE), STOP_ON_FAILURE): Keys 'BACK_SPACE + ' sent to object: 'Object Repository/FIM/Sites Page/Site Filtering/Site_txt'

21-10-2025T20:52:46 - [MESSAGE][PASSED] - Keys 'BACK_SPACE + ' sent to object: 'Object Repository/FIM/Sites Page/Site Filtering/Site_txt'

21-10-2025T20:52:46 - [TEST_STEP][PASSED] - (i++): null

21-10-2025T20:52:46 - [TEST_STEP][PASSED] - sendKeys(findTestObject("FIM/Sites Page/Site Filtering/Site_txt"), Keys.chord(BACK_SPACE), STOP_ON_FAILURE): Keys 'BACK_SPACE + ' sent to object: 'Object Repository/FIM/Sites Page/Site Filtering/Site_txt'

21-10-2025T20:52:46 - [MESSAGE][PASSED] - Keys 'BACK_SPACE + ' sent to object: 'Object Repository/FIM/Sites Page/Site Filtering/Site_txt'

21-10-2025T20:52:46 - [TEST_STEP][PASSED] - (i++): null

21-10-2025T20:52:46 - [TEST_STEP][PASSED] - sendKeys(findTestObject("FIM/Sites Page/Site Filtering/Site_txt"), Keys.chord(BACK_SPACE), STOP_ON_FAILURE): Keys 'BACK_SPACE + ' sent to object: 'Object Repository/FIM/Sites Page/Site Filtering/Site_txt'

21-10-2025T20:52:46 - [MESSAGE][PASSED] - Keys 'BACK_SPACE + ' sent to object: 'Object Repository/FIM/Sites Page/Site Filtering/Site_txt'

21-10-2025T20:52:46 - [TEST_STEP][PASSED] - (i++): null

21-10-2025T20:52:46 - [TEST_STEP][PASSED] - sendKeys(findTestObject("FIM/Sites Page/Site Filtering/Site_txt"), Keys.chord(BACK_SPACE), STOP_ON_FAILURE): Keys 'BACK_SPACE + ' sent to object: 'Object Repository/FIM/Sites Page/Site Filtering/Site_txt'

21-10-2025T20:52:46 - [MESSAGE][PASSED] - Keys 'BACK_SPACE + ' sent to object: 'Object Repository/FIM/Sites Page/Site Filtering/Site_txt'

21-10-2025T20:52:46 - [TEST_STEP][PASSED] - (i++): null

21-10-2025T20:52:46 - [TEST_STEP][PASSED] - sendKeys(findTestObject("FIM/Sites Page/Site Filtering/Site_txt"), Keys.chord(BACK_SPACE), STOP_ON_FAILURE): Keys 'BACK_SPACE + ' sent to object: 'Object Repository/FIM/Sites Page/Site Filtering/Site_txt'

21-10-2025T20:52:46 - [MESSAGE][PASSED] - Keys 'BACK_SPACE + ' sent to object: 'Object Repository/FIM/Sites Page/Site Filtering/Site_txt'

21-10-2025T20:52:46 - [TEST_STEP][PASSED] - (i++): null

21-10-2025T20:52:46 - [TEST_STEP][PASSED] - sendKeys(findTestObject("FIM/Sites Page/Site Filtering/Site_txt"), Keys.chord(BACK_SPACE), STOP_ON_FAILURE): Keys 'BACK_SPACE + ' sent to object: 'Object Repository/FIM/Sites Page/Site Filtering/Site_txt'

21-10-2025T20:52:46 - [MESSAGE][PASSED] - Keys 'BACK_SPACE + ' sent to object: 'Object Repository/FIM/Sites Page/Site Filtering/Site_txt'

21-10-2025T20:52:46 - [TEST_STEP][PASSED] - (i++): null

21-10-2025T20:52:46 - [TEST_STEP][PASSED] - sendKeys(findTestObject("FIM/Sites Page/Site Filtering/Site_txt"), Keys.chord(BACK_SPACE), STOP_ON_FAILURE): Keys 'BACK_SPACE + ' sent to object: 'Object Repository/FIM/Sites Page/Site Filtering/Site_txt'

21-10-2025T20:52:46 - [MESSAGE][PASSED] - Keys 'BACK_SPACE + ' sent to object: 'Object Repository/FIM/Sites Page/Site Filtering/Site_txt'

21-10-2025T20:52:46 - [TEST_STEP][PASSED] - (i++): null

21-10-2025T20:52:46 - [TEST_STEP][PASSED] - sendKeys(findTestObject("FIM/Sites Page/Site Filtering/Site_txt"), Keys.chord(BACK_SPACE), STOP_ON_FAILURE): Keys 'BACK_SPACE + ' sent to object: 'Object Repository/FIM/Sites Page/Site Filtering/Site_txt'

21-10-2025T20:52:47 - [MESSAGE][PASSED] - Keys 'BACK_SPACE + ' sent to object: 'Object Repository/FIM/Sites Page/Site Filtering/Site_txt'

21-10-2025T20:52:47 - [TEST_STEP][PASSED] - (i++): null

21-10-2025T20:52:47 - [TEST_STEP][PASSED] - sendKeys(findTestObject("FIM/Sites Page/Site Filtering/Site_txt"), Keys.chord(BACK_SPACE), STOP_ON_FAILURE): Keys 'BACK_SPACE + ' sent to object: 'Object Repository/FIM/Sites Page/Site Filtering/Site_txt'

21-10-2025T20:52:47 - [MESSAGE][PASSED] - Keys 'BACK_SPACE + ' sent to object: 'Object Repository/FIM/Sites Page/Site Filtering/Site_txt'

21-10-2025T20:52:47 - [TEST_STEP][PASSED] - (i++): null

21-10-2025T20:52:47 - [TEST_STEP][PASSED] - sendKeys(findTestObject("FIM/Sites Page/Site Filtering/Site_txt"), Keys.chord(BACK_SPACE), STOP_ON_FAILURE): Keys 'BACK_SPACE + ' sent to object: 'Object Repository/FIM/Sites Page/Site Filtering/Site_txt'

21-10-2025T20:52:47 - [MESSAGE][PASSED] - Keys 'BACK_SPACE + ' sent to object: 'Object Repository/FIM/Sites Page/Site Filtering/Site_txt'

21-10-2025T20:52:47 - [TEST_STEP][PASSED] - (i++): null

21-10-2025T20:52:47 - [TEST_STEP][PASSED] - sendKeys(findTestObject("FIM/Sites Page/Site Filtering/Site_txt"), Keys.chord(BACK_SPACE), STOP_ON_FAILURE): Keys 'BACK_SPACE + ' sent to object: 'Object Repository/FIM/Sites Page/Site Filtering/Site_txt'

21-10-2025T20:52:47 - [MESSAGE][PASSED] - Keys 'BACK_SPACE + ' sent to object: 'Object Repository/FIM/Sites Page/Site Filtering/Site_txt'

21-10-2025T20:52:47 - [TEST_STEP][PASSED] - (i++): null

21-10-2025T20:52:47 - [TEST_STEP][PASSED] - sendKeys(findTestObject("FIM/Sites Page/Site Filtering/Site_txt"), Keys.chord(BACK_SPACE), STOP_ON_FAILURE): Keys 'BACK_SPACE + ' sent to object: 'Object Repository/FIM/Sites Page/Site Filtering/Site_txt'

21-10-2025T20:52:47 - [MESSAGE][PASSED] - Keys 'BACK_SPACE + ' sent to object: 'Object Repository/FIM/Sites Page/Site Filtering/Site_txt'

21-10-2025T20:52:47 - [TEST_STEP][PASSED] - (i++): null

21-10-2025T20:52:47 - [TEST_STEP][PASSED] - sendKeys(findTestObject("FIM/Sites Page/Site Filtering/Site_txt"), Keys.chord(BACK_SPACE), STOP_ON_FAILURE): Keys 'BACK_SPACE + ' sent to object: 'Object Repository/FIM/Sites Page/Site Filtering/Site_txt'

21-10-2025T20:52:47 - [MESSAGE][PASSED] - Keys 'BACK_SPACE + ' sent to object: 'Object Repository/FIM/Sites Page/Site Filtering/Site_txt'

21-10-2025T20:52:47 - [TEST_STEP][PASSED] - (i++): null

21-10-2025T20:52:47 - [TEST_STEP][PASSED] - sendKeys(findTestObject("FIM/Sites Page/Site Filtering/Site_txt"), Keys.chord(BACK_SPACE), STOP_ON_FAILURE): Keys 'BACK_SPACE + ' sent to object: 'Object Repository/FIM/Sites Page/Site Filtering/Site_txt'

21-10-2025T20:52:47 - [MESSAGE][PASSED] - Keys 'BACK_SPACE + ' sent to object: 'Object Repository/FIM/Sites Page/Site Filtering/Site_txt'

21-10-2025T20:52:47 - [TEST_STEP][PASSED] - (i++): null

21-10-2025T20:52:47 - [TEST_STEP][PASSED] - sendKeys(findTestObject("FIM/Sites Page/Site Filtering/Site_txt"), Keys.chord(BACK_SPACE), STOP_ON_FAILURE): Keys 'BACK_SPACE + ' sent to object: 'Object Repository/FIM/Sites Page/Site Filtering/Site_txt'

21-10-2025T20:52:47 - [MESSAGE][PASSED] - Keys 'BACK_SPACE + ' sent to object: 'Object Repository/FIM/Sites Page/Site Filtering/Site_txt'

21-10-2025T20:52:47 - [TEST_STEP][PASSED] - (i++): null

21-10-2025T20:52:47 - [TEST_STEP][PASSED] - sendKeys(findTestObject("FIM/Sites Page/Site Filtering/Site_txt"), Keys.chord(BACK_SPACE), STOP_ON_FAILURE): Keys 'BACK_SPACE + ' sent to object: 'Object Repository/FIM/Sites Page/Site Filtering/Site_txt'

21-10-2025T20:52:47 - [MESSAGE][PASSED] - Keys 'BACK_SPACE + ' sent to object: 'Object Repository/FIM/Sites Page/Site Filtering/Site_txt'

21-10-2025T20:52:47 - [TEST_STEP][PASSED] - (i++): null

21-10-2025T20:52:47 - [TEST_STEP][PASSED] - sendKeys(findTestObject("FIM/Sites Page/Site Filtering/Site_txt"), Keys.chord(BACK_SPACE), STOP_ON_FAILURE): Keys 'BACK_SPACE + ' sent to object: 'Object Repository/FIM/Sites Page/Site Filtering/Site_txt'

21-10-2025T20:52:47 - [MESSAGE][PASSED] - Keys 'BACK_SPACE + ' sent to object: 'Object Repository/FIM/Sites Page/Site Filtering/Site_txt'

21-10-2025T20:52:47 - [TEST_STEP][PASSED] - (i++): null

21-10-2025T20:52:47 - [TEST_STEP][PASSED] - sendKeys(findTestObject("FIM/Sites Page/Site Filtering/Site_txt"), Keys.chord(BACK_SPACE), STOP_ON_FAILURE): Keys 'BACK_SPACE + ' sent to object: 'Object Repository/FIM/Sites Page/Site Filtering/Site_txt'

21-10-2025T20:52:47 - [MESSAGE][PASSED] - Keys 'BACK_SPACE + ' sent to object: 'Object Repository/FIM/Sites Page/Site Filtering/Site_txt'

21-10-2025T20:52:47 - [TEST_STEP][PASSED] - (i++): null

21-10-2025T20:52:47 - [TEST_STEP][PASSED] - sendKeys(findTestObject("FIM/Sites Page/Site Filtering/Site_txt"), Keys.chord(BACK_SPACE), STOP_ON_FAILURE): Keys 'BACK_SPACE + ' sent to object: 'Object Repository/FIM/Sites Page/Site Filtering/Site_txt'

21-10-2025T20:52:47 - [MESSAGE][PASSED] - Keys 'BACK_SPACE + ' sent to object: 'Object Repository/FIM/Sites Page/Site Filtering/Site_txt'

21-10-2025T20:52:47 - [TEST_STEP][PASSED] - (i++): null

21-10-2025T20:52:47 - [TEST_STEP][PASSED] - sendKeys(findTestObject("FIM/Sites Page/Site Filtering/Site_txt"), Keys.chord(BACK_SPACE), STOP_ON_FAILURE): Keys 'BACK_SPACE + ' sent to object: 'Object Repository/FIM/Sites Page/Site Filtering/Site_txt'

21-10-2025T20:52:47 - [MESSAGE][PASSED] - Keys 'BACK_SPACE + ' sent to object: 'Object Repository/FIM/Sites Page/Site Filtering/Site_txt'

21-10-2025T20:52:47 - [TEST_STEP][PASSED] - (i++): null

21-10-2025T20:52:47 - [TEST_STEP][PASSED] - sendKeys(findTestObject("FIM/Sites Page/Site Filtering/Site_txt"), Keys.chord(BACK_SPACE), STOP_ON_FAILURE): Keys 'BACK_SPACE + ' sent to object: 'Object Repository/FIM/Sites Page/Site Filtering/Site_txt'

21-10-2025T20:52:47 - [MESSAGE][PASSED] - Keys 'BACK_SPACE + ' sent to object: 'Object Repository/FIM/Sites Page/Site Filtering/Site_txt'

21-10-2025T20:52:47 - [TEST_STEP][PASSED] - (i++): null

21-10-2025T20:52:47 - [TEST_STEP][PASSED] - sendKeys(findTestObject("FIM/Sites Page/Site Filtering/Site_txt"), Keys.chord(BACK_SPACE), STOP_ON_FAILURE): Keys 'BACK_SPACE + ' sent to object: 'Object Repository/FIM/Sites Page/Site Filtering/Site_txt'

21-10-2025T20:52:47 - [MESSAGE][PASSED] - Keys 'BACK_SPACE + ' sent to object: 'Object Repository/FIM/Sites Page/Site Filtering/Site_txt'

21-10-2025T20:52:47 - [TEST_STEP][PASSED] - (i++): null

21-10-2025T20:52:47 - [TEST_STEP][PASSED] - sendKeys(findTestObject("FIM/Sites Page/Site Filtering/Site_txt"), Keys.chord(BACK_SPACE), STOP_ON_FAILURE): Keys 'BACK_SPACE + ' sent to object: 'Object Repository/FIM/Sites Page/Site Filtering/Site_txt'

21-10-2025T20:52:47 - [MESSAGE][PASSED] - Keys 'BACK_SPACE + ' sent to object: 'Object Repository/FIM/Sites Page/Site Filtering/Site_txt'

21-10-2025T20:52:47 - [TEST_STEP][PASSED] - (i++): null

21-10-2025T20:52:47 - [TEST_STEP][PASSED] - sendKeys(findTestObject("FIM/Sites Page/Site Filtering/Site_txt"), Keys.chord(BACK_SPACE), STOP_ON_FAILURE): Keys 'BACK_SPACE + ' sent to object: 'Object Repository/FIM/Sites Page/Site Filtering/Site_txt'

21-10-2025T20:52:47 - [MESSAGE][PASSED] - Keys 'BACK_SPACE + ' sent to object: 'Object Repository/FIM/Sites Page/Site Filtering/Site_txt'

21-10-2025T20:52:47 - [TEST_STEP][PASSED] - (i++): null

21-10-2025T20:52:47 - [TEST_STEP][PASSED] - sendKeys(findTestObject("FIM/Sites Page/Site Filtering/Site_txt"), Keys.chord(BACK_SPACE), STOP_ON_FAILURE): Keys 'BACK_SPACE + ' sent to object: 'Object Repository/FIM/Sites Page/Site Filtering/Site_txt'

21-10-2025T20:52:48 - [MESSAGE][PASSED] - Keys 'BACK_SPACE + ' sent to object: 'Object Repository/FIM/Sites Page/Site Filtering/Site_txt'

21-10-2025T20:52:48 - [TEST_STEP][PASSED] - (i++): null

21-10-2025T20:52:48 - [TEST_STEP][PASSED] - sendKeys(findTestObject("FIM/Sites Page/Site Filtering/Site_txt"), Keys.chord(BACK_SPACE), STOP_ON_FAILURE): Keys 'BACK_SPACE + ' sent to object: 'Object Repository/FIM/Sites Page/Site Filtering/Site_txt'

21-10-2025T20:52:48 - [MESSAGE][PASSED] - Keys 'BACK_SPACE + ' sent to object: 'Object Repository/FIM/Sites Page/Site Filtering/Site_txt'

21-10-2025T20:52:48 - [TEST_STEP][PASSED] - (i++): null

21-10-2025T20:52:48 - [TEST_STEP][PASSED] - sendKeys(findTestObject("FIM/Sites Page/Site Filtering/Site_txt"), Keys.chord(BACK_SPACE), STOP_ON_FAILURE): Keys 'BACK_SPACE + ' sent to object: 'Object Repository/FIM/Sites Page/Site Filtering/Site_txt'

21-10-2025T20:52:48 - [MESSAGE][PASSED] - Keys 'BACK_SPACE + ' sent to object: 'Object Repository/FIM/Sites Page/Site Filtering/Site_txt'

21-10-2025T20:52:48 - [TEST_STEP][PASSED] - (i++): null

21-10-2025T20:52:48 - [TEST_STEP][PASSED] - sendKeys(findTestObject("FIM/Sites Page/Site Filtering/Site_txt"), "TURK132 - 798 North", STOP_ON_FAILURE): Keys 'TURK132 - 798 North' sent to object: 'Object Repository/FIM/Sites Page/Site Filtering/Site_txt'

21-10-2025T20:52:48 - [MESSAGE][PASSED] - Keys 'TURK132 - 798 North' sent to object: 'Object Repository/FIM/Sites Page/Site Filtering/Site_txt'

21-10-2025T20:52:48 - [TEST_STEP][PASSED] - sendKeys(findTestObject("FIM/Sites Page/Site Filtering/Site_txt"), Keys.chord(ENTER), STOP_ON_FAILURE): Keys 'ENTER + ' sent to object: 'Object Repository/FIM/Sites Page/Site Filtering/Site_txt'

21-10-2025T20:52:48 - [MESSAGE][PASSED] - Keys 'ENTER + ' sent to object: 'Object Repository/FIM/Sites Page/Site Filtering/Site_txt'

21-10-2025T20:52:48 - [TEST_STEP][PASSED] - waitForElementClickable(findTestObject("FIM/Sites Page/Orders/Create Order/CreateOrder_btn"), 300): Object 'Object Repository/FIM/Sites Page/Orders/Create Order/CreateOrder_btn' is clickable

21-10-2025T20:52:49 - [MESSAGE][PASSED] - Object 'Object Repository/FIM/Sites Page/Orders/Create Order/CreateOrder_btn' is clickable

21-10-2025T20:52:49 - [TEST_STEP][PASSED] - click(findTestObject("FIM/Sites Page/Orders/Create Order/CreateOrder_btn"), OPTIONAL): Object: 'Object Repository/FIM/Sites Page/Orders/Create Order/CreateOrder_btn' is clicked on

21-10-2025T20:52:49 - [MESSAGE][PASSED] - Object: 'Object Repository/FIM/Sites Page/Orders/Create Order/CreateOrder_btn' is clicked on

21-10-2025T20:52:49 - [TEST_STEP][PASSED] - delay(1): Delayed 1 second(s)

21-10-2025T20:52:50 - [MESSAGE][PASSED] - Delayed 1 second(s)

21-10-2025T20:52:50 - [TEST_STEP][PASSED] - verifyElementPresent(findTestObject("FIM/Sites Page/Orders/Create Order/Split_Load_Order_toggle"), 10): Object 'Object Repository/FIM/Sites Page/Orders/Create Order/Split_Load_Order_toggle' is present

21-10-2025T20:52:50 - [MESSAGE][PASSED] - Object 'Object Repository/FIM/Sites Page/Orders/Create Order/Split_Load_Order_toggle' is present

21-10-2025T20:52:50 - [TEST_STEP][PASSED] - click(findTestObject("FIM/Sites Page/Orders/Create Order/Split_Load_Order_toggle"), STOP_ON_FAILURE): Object: 'Object Repository/FIM/Sites Page/Orders/Create Order/Split_Load_Order_toggle' is clicked on

21-10-2025T20:52:50 - [MESSAGE][PASSED] - Object: 'Object Repository/FIM/Sites Page/Orders/Create Order/Split_Load_Order_toggle' is clicked on

21-10-2025T20:52:50 - [TEST_STEP][PASSED] - delay(2): Delayed 2 second(s)

21-10-2025T20:52:52 - [MESSAGE][PASSED] - Delayed 2 second(s)

21-10-2025T20:52:52 - [TEST_STEP][PASSED] - sendKeys(findTestObject("FIM/Sites Page/Orders/Create Order/Split Order/Order_Site_Search_txt"), "TURK124 - 3664", STOP_ON_FAILURE): Keys 'TURK124 - 3664' sent to object: 'Object Repository/FIM/Sites Page/Orders/Create Order/Split Order/Order_Site_Search_txt'

21-10-2025T20:52:52 - [MESSAGE][PASSED] - Keys 'TURK124 - 3664' sent to object: 'Object Repository/FIM/Sites Page/Orders/Create Order/Split Order/Order_Site_Search_txt'

21-10-2025T20:52:52 - [TEST_STEP][PASSED] - delay(1): Delayed 1 second(s)

21-10-2025T20:52:53 - [MESSAGE][PASSED] - Delayed 1 second(s)

21-10-2025T20:52:53 - [TEST_STEP][PASSED] - sendKeys(findTestObject("FIM/Sites Page/Orders/Create Order/Split Order/Order_Site_Search_txt"), Keys.chord(ARROW_DOWN), STOP_ON_FAILURE): Keys 'DOWN + ' sent to object: 'Object Repository/FIM/Sites Page/Orders/Create Order/Split Order/Order_Site_Search_txt'

21-10-2025T20:52:53 - [MESSAGE][PASSED] - Keys 'DOWN + ' sent to object: 'Object Repository/FIM/Sites Page/Orders/Create Order/Split Order/Order_Site_Search_txt'

21-10-2025T20:52:53 - [TEST_STEP][PASSED] - delay(1): Delayed 1 second(s)

21-10-2025T20:52:54 - [MESSAGE][PASSED] - Delayed 1 second(s)

21-10-2025T20:52:54 - [TEST_STEP][PASSED] - sendKeys(findTestObject("FIM/Sites Page/Orders/Create Order/Split Order/Order_Site_Search_txt"), Keys.chord(ENTER), STOP_ON_FAILURE): Keys 'ENTER + ' sent to object: 'Object Repository/FIM/Sites Page/Orders/Create Order/Split Order/Order_Site_Search_txt'

21-10-2025T20:52:54 - [MESSAGE][PASSED] - Keys 'ENTER + ' sent to object: 'Object Repository/FIM/Sites Page/Orders/Create Order/Split Order/Order_Site_Search_txt'

21-10-2025T20:52:54 - [TEST_STEP][PASSED] - setText(findTestObject("FIM/Sites Page/Orders/Create Order/30PRM_txt (1)"), "5000"): Text '5000' is set on object 'Object Repository/FIM/Sites Page/Orders/Create Order/30PRM_txt (1)'

21-10-2025T20:52:54 - [MESSAGE][PASSED] - Text '5000' is set on object 'Object Repository/FIM/Sites Page/Orders/Create Order/30PRM_txt (1)'

21-10-2025T20:52:54 - [TEST_STEP][PASSED] - delay(2): Delayed 2 second(s)

21-10-2025T20:52:56 - [MESSAGE][PASSED] - Delayed 2 second(s)

21-10-2025T20:52:56 - [TEST_STEP][PASSED] - click(findTestObject("FIM/Sites Page/Orders/Create Order/Split Order/Add_Load_btn")): Object: 'Object Repository/FIM/Sites Page/Orders/Create Order/Split Order/Add_Load_btn' is clicked on

21-10-2025T20:52:56 - [MESSAGE][PASSED] - Object: 'Object Repository/FIM/Sites Page/Orders/Create Order/Split Order/Add_Load_btn' is clicked on

21-10-2025T20:52:56 - [TEST_STEP][PASSED] - delay(2): Delayed 2 second(s)

21-10-2025T20:52:58 - [MESSAGE][PASSED] - Delayed 2 second(s)

21-10-2025T20:52:58 - [TEST_STEP][PASSED] - verifyElementPresent(findTestObject("FIM/Sites Page/Orders/Create Order/Split Order/Site_Two_Tank_One_txt"), 10): Object 'Object Repository/FIM/Sites Page/Orders/Create Order/Split Order/Site_Two_Tank_One_txt' is present

21-10-2025T20:52:58 - [MESSAGE][PASSED] - Object 'Object Repository/FIM/Sites Page/Orders/Create Order/Split Order/Site_Two_Tank_One_txt' is present

21-10-2025T20:52:58 - [TEST_STEP][PASSED] - setText(findTestObject("FIM/Sites Page/Orders/Create Order/Split Order/Site_Two_Tank_One_txt"), "3600"): Text '3600' is set on object 'Object Repository/FIM/Sites Page/Orders/Create Order/Split Order/Site_Two_Tank_One_txt'

21-10-2025T20:52:59 - [MESSAGE][PASSED] - Text '3600' is set on object 'Object Repository/FIM/Sites Page/Orders/Create Order/Split Order/Site_Two_Tank_One_txt'

21-10-2025T20:52:59 - [TEST_STEP][PASSED] - delay(2): Delayed 2 second(s)

21-10-2025T20:53:01 - [MESSAGE][PASSED] - Delayed 2 second(s)

21-10-2025T20:53:01 - [TEST_STEP][PASSED] - clearText(findTestObject("FIM/Sites Page/Orders/Create Order/30PRM_txt (1)"), STOP_ON_FAILURE): Text of object 'Object Repository/FIM/Sites Page/Orders/Create Order/30PRM_txt (1)' is cleared

21-10-2025T20:53:01 - [MESSAGE][PASSED] - Text of object 'Object Repository/FIM/Sites Page/Orders/Create Order/30PRM_txt (1)' is cleared

21-10-2025T20:53:01 - [TEST_STEP][PASSED] - delay(1): Delayed 1 second(s)

21-10-2025T20:53:02 - [MESSAGE][PASSED] - Delayed 1 second(s)

21-10-2025T20:53:02 - [TEST_STEP][PASSED] - sendKeys(findTestObject("FIM/Sites Page/Orders/Create Order/Split Order/Order_Site_Search_txt"), "TURK269 - 1600", STOP_ON_FAILURE): Keys 'TURK269 - 1600' sent to object: 'Object Repository/FIM/Sites Page/Orders/Create Order/Split Order/Order_Site_Search_txt'

21-10-2025T20:53:02 - [MESSAGE][PASSED] - Keys 'TURK269 - 1600' sent to object: 'Object Repository/FIM/Sites Page/Orders/Create Order/Split Order/Order_Site_Search_txt'

21-10-2025T20:53:02 - [TEST_STEP][PASSED] - delay(1): Delayed 1 second(s)

21-10-2025T20:53:03 - [MESSAGE][PASSED] - Delayed 1 second(s)

21-10-2025T20:53:03 - [TEST_STEP][PASSED] - sendKeys(findTestObject("FIM/Sites Page/Orders/Create Order/Split Order/Order_Site_Search_txt"), Keys.chord(ARROW_DOWN), STOP_ON_FAILURE): Keys 'DOWN + ' sent to object: 'Object Repository/FIM/Sites Page/Orders/Create Order/Split Order/Order_Site_Search_txt'

21-10-2025T20:53:03 - [MESSAGE][PASSED] - Keys 'DOWN + ' sent to object: 'Object Repository/FIM/Sites Page/Orders/Create Order/Split Order/Order_Site_Search_txt'

21-10-2025T20:53:03 - [TEST_STEP][PASSED] - delay(1): Delayed 1 second(s)

21-10-2025T20:53:04 - [MESSAGE][PASSED] - Delayed 1 second(s)

21-10-2025T20:53:04 - [TEST_STEP][PASSED] - sendKeys(findTestObject("FIM/Sites Page/Orders/Create Order/Split Order/Order_Site_Search_txt"), Keys.chord(ENTER), STOP_ON_FAILURE): Keys 'ENTER + ' sent to object: 'Object Repository/FIM/Sites Page/Orders/Create Order/Split Order/Order_Site_Search_txt'

21-10-2025T20:53:04 - [MESSAGE][PASSED] - Keys 'ENTER + ' sent to object: 'Object Repository/FIM/Sites Page/Orders/Create Order/Split Order/Order_Site_Search_txt'

21-10-2025T20:53:04 - [TEST_STEP][PASSED] - delay(1): Delayed 1 second(s)

21-10-2025T20:53:05 - [MESSAGE][PASSED] - Delayed 1 second(s)

21-10-2025T20:53:05 - [TEST_STEP][PASSED] - click(findTestObject("FIM/Sites Page/Orders/Create Order/Split Order/Add_Load_btn")): Object: 'Object Repository/FIM/Sites Page/Orders/Create Order/Split Order/Add_Load_btn' is clicked on

21-10-2025T20:53:05 - [MESSAGE][PASSED] - Object: 'Object Repository/FIM/Sites Page/Orders/Create Order/Split Order/Add_Load_btn' is clicked on

21-10-2025T20:53:05 - [TEST_STEP][PASSED] - delay(2): Delayed 2 second(s)

21-10-2025T20:53:07 - [MESSAGE][PASSED] - Delayed 2 second(s)

21-10-2025T20:53:07 - [TEST_STEP][PASSED] - setText(findTestObject("FIM/Sites Page/Orders/Create Order/30PRM_txt (1)"), "5000"): Text '5000' is set on object 'Object Repository/FIM/Sites Page/Orders/Create Order/30PRM_txt (1)'

21-10-2025T20:53:07 - [MESSAGE][PASSED] - Text '5000' is set on object 'Object Repository/FIM/Sites Page/Orders/Create Order/30PRM_txt (1)'

21-10-2025T20:53:07 - [TEST_STEP][PASSED] - delay(2): Delayed 2 second(s)

21-10-2025T20:53:09 - [MESSAGE][PASSED] - Delayed 2 second(s)

21-10-2025T20:53:09 - [TEST_STEP][PASSED] - sendKeys(findTestObject("FIM/Sites Page/Orders/Create Order/Split Order/Order_Site_Search_txt"), "TURK298 - 6020", STOP_ON_FAILURE): Keys 'TURK298 - 6020' sent to object: 'Object Repository/FIM/Sites Page/Orders/Create Order/Split Order/Order_Site_Search_txt'

21-10-2025T20:53:09 - [MESSAGE][PASSED] - Keys 'TURK298 - 6020' sent to object: 'Object Repository/FIM/Sites Page/Orders/Create Order/Split Order/Order_Site_Search_txt'

21-10-2025T20:53:09 - [TEST_STEP][PASSED] - delay(1): Delayed 1 second(s)

21-10-2025T20:53:10 - [MESSAGE][PASSED] - Delayed 1 second(s)

21-10-2025T20:53:10 - [TEST_STEP][PASSED] - sendKeys(findTestObject("FIM/Sites Page/Orders/Create Order/Split Order/Order_Site_Search_txt"), Keys.chord(ARROW_DOWN), STOP_ON_FAILURE): Keys 'DOWN + ' sent to object: 'Object Repository/FIM/Sites Page/Orders/Create Order/Split Order/Order_Site_Search_txt'

21-10-2025T20:53:10 - [MESSAGE][PASSED] - Keys 'DOWN + ' sent to object: 'Object Repository/FIM/Sites Page/Orders/Create Order/Split Order/Order_Site_Search_txt'

21-10-2025T20:53:10 - [TEST_STEP][PASSED] - delay(1): Delayed 1 second(s)

21-10-2025T20:53:11 - [MESSAGE][PASSED] - Delayed 1 second(s)

21-10-2025T20:53:11 - [TEST_STEP][PASSED] - sendKeys(findTestObject("FIM/Sites Page/Orders/Create Order/Split Order/Order_Site_Search_txt"), Keys.chord(ENTER), STOP_ON_FAILURE): Keys 'ENTER + ' sent to object: 'Object Repository/FIM/Sites Page/Orders/Create Order/Split Order/Order_Site_Search_txt'

21-10-2025T20:53:12 - [MESSAGE][PASSED] - Keys 'ENTER + ' sent to object: 'Object Repository/FIM/Sites Page/Orders/Create Order/Split Order/Order_Site_Search_txt'

21-10-2025T20:53:12 - [TEST_STEP][PASSED] - delay(1): Delayed 1 second(s)

21-10-2025T20:53:13 - [MESSAGE][PASSED] - Delayed 1 second(s)

21-10-2025T20:53:13 - [TEST_STEP][PASSED] - click(findTestObject("FIM/Sites Page/Orders/Create Order/Split Order/Add_Load_btn")): Object: 'Object Repository/FIM/Sites Page/Orders/Create Order/Split Order/Add_Load_btn' is clicked on

21-10-2025T20:53:13 - [MESSAGE][PASSED] - Object: 'Object Repository/FIM/Sites Page/Orders/Create Order/Split Order/Add_Load_btn' is clicked on

21-10-2025T20:53:13 - [TEST_STEP][PASSED] - delay(2): Delayed 2 second(s)

21-10-2025T20:53:15 - [MESSAGE][PASSED] - Delayed 2 second(s)

21-10-2025T20:53:15 - [TEST_STEP][PASSED] - setText(findTestObject("FIM/Sites Page/Orders/Create Order/Split Order/Site_Four_Tank_Three_txt"), "4200"): Text '4200' is set on object 'Object Repository/FIM/Sites Page/Orders/Create Order/Split Order/Site_Four_Tank_Three_txt'

21-10-2025T20:53:15 - [MESSAGE][PASSED] - Text '4200' is set on object 'Object Repository/FIM/Sites Page/Orders/Create Order/Split Order/Site_Four_Tank_Three_txt'

21-10-2025T20:53:15 - [TEST_STEP][PASSED] - setText(findTestObject("FIM/Sites Page/Orders/Create Order/Split Order/Site_Three_Tank_One_txt"), "4100"): Text '4100' is set on object 'Object Repository/FIM/Sites Page/Orders/Create Order/Split Order/Site_Three_Tank_One_txt'

21-10-2025T20:53:15 - [MESSAGE][PASSED] - Text '4100' is set on object 'Object Repository/FIM/Sites Page/Orders/Create Order/Split Order/Site_Three_Tank_One_txt'

21-10-2025T20:53:15 - [TEST_STEP][PASSED] - delay(1): Delayed 1 second(s)

21-10-2025T20:53:16 - [MESSAGE][PASSED] - Delayed 1 second(s)

21-10-2025T20:53:16 - [TEST_STEP][FAILED] - click(findTestObject("FIM/Sites Page/Orders/Create Order/Split Order/Save_btn (4 Sites)")): Unable to click on object 'Object Repository/FIM/Sites Page/Orders/Create Order/Split Order/Save_btn (4 Sites)' (Root cause: com.kms.katalon.core.exception.StepFailedException: Unable to click on object 'Object Repository/FIM/Sites Page/Orders/Create Order/Split Order/Save_btn (4 Sites)'
	at com.kms.katalon.core.webui.keyword.internal.WebUIKeywordMain.stepFailed(WebUIKeywordMain.groovy:117)
	at com.kms.katalon.core.webui.keyword.internal.WebUIKeywordMain.runKeyword(WebUIKeywordMain.groovy:43)
	at com.kms.katalon.core.webui.keyword.builtin.ClickKeyword.click(ClickKeyword.groovy:74)
	at com.kms.katalon.core.webui.keyword.builtin.ClickKeyword.execute(ClickKeyword.groovy:40)
	at com.kms.katalon.core.keyword.internal.KeywordExecutor.executeKeywordForPlatform(KeywordExecutor.groovy:74)
	at com.kms.katalon.core.webui.keyword.WebUiBuiltInKeywords.click(WebUiBuiltInKeywords.groovy:659)
	at com.kms.katalon.core.webui.keyword.WebUiBuiltInKeywords$click$4.call(Unknown Source)
	at Create Split Load Order (Adding 3 Sites).run(Create Split Load Order (Adding 3 Sites):146)
	at com.kms.katalon.core.main.ScriptEngine.run(ScriptEngine.java:194)
	at com.kms.katalon.core.main.ScriptEngine.runScriptAsRawText(ScriptEngine.java:119)
	at com.kms.katalon.core.main.TestCaseExecutor.runScript(TestCaseExecutor.java:448)
	at com.kms.katalon.core.main.TestCaseExecutor.doExecute(TestCaseExecutor.java:439)
	at com.kms.katalon.core.main.TestCaseExecutor.processExecutionPhase(TestCaseExecutor.java:418)
	at com.kms.katalon.core.main.TestCaseExecutor.accessMainPhase(TestCaseExecutor.java:410)
	at com.kms.katalon.core.main.TestCaseExecutor.execute(TestCaseExecutor.java:285)
	at com.kms.katalon.core.common.CommonExecutor.accessTestCaseMainPhase(CommonExecutor.java:65)
	at com.kms.katalon.core.main.TestSuiteExecutor.accessTestSuiteMainPhase(TestSuiteExecutor.java:150)
	at com.kms.katalon.core.main.TestSuiteExecutor.execute(TestSuiteExecutor.java:106)
	at com.kms.katalon.core.main.TestCaseMain.startTestSuite(TestCaseMain.java:180)
	at com.kms.katalon.core.main.TestCaseMain$startTestSuite$0.call(Unknown Source)
	at TempTestSuite1761090769781.run(TempTestSuite1761090769781.groovy:35)
	at java.base/jdk.internal.reflect.NativeMethodAccessorImpl.invoke0(Native Method)
	at java.base/jdk.internal.reflect.NativeMethodAccessorImpl.invoke(NativeMethodAccessorImpl.java:77)
	at java.base/jdk.internal.reflect.DelegatingMethodAccessorImpl.invoke(DelegatingMethodAccessorImpl.java:43)
Caused by: com.kms.katalon.core.webui.exception.WebElementNotFoundException: Web element with id: 'Object Repository/FIM/Sites Page/Orders/Create Order/Split Order/Save_btn (4 Sites)' located by '//*[@id="__BVID__159___BV_modal_body_"]/form/div/div[4]/div/div/button[1]' not found
	at com.kms.katalon.core.webui.common.WebUiCommonHelper.findWebElement(WebUiCommonHelper.java:1423)
	at com.kms.katalon.core.webui.keyword.internal.WebUIAbstractKeyword.findWebElement(WebUIAbstractKeyword.groovy:27)
	at com.kms.katalon.core.webui.keyword.builtin.ClickKeyword$_click_closure1.doCall(ClickKeyword.groovy:65)
	at com.kms.katalon.core.webui.keyword.builtin.ClickKeyword$_click_closure1.call(ClickKeyword.groovy)
	at com.kms.katalon.core.webui.keyword.internal.WebUIKeywordMain.runKeyword(WebUIKeywordMain.groovy:35)
	at com.kms.katalon.core.webui.keyword.builtin.ClickKeyword.click(ClickKeyword.groovy:74)
	at com.kms.katalon.core.webui.keyword.builtin.ClickKeyword.execute(ClickKeyword.groovy:40)
	at com.kms.katalon.core.keyword.internal.KeywordExecutor.executeKeywordForPlatform(KeywordExecutor.groovy:74)
	at com.kms.katalon.core.webui.keyword.WebUiBuiltInKeywords.click(WebUiBuiltInKeywords.groovy:659)
	at com.kms.katalon.core.webui.keyword.WebUiBuiltInKeywords$click$4.call(Unknown Source)
	at Script1753367573248.run(Script1753367573248.groovy:146)
	... 16 more
)

21-10-2025T20:53:32 - [MESSAGE][INFO] - Unable to find the element located by 'By.xpath: //*[@id="__BVID__159___BV_modal_body_"]/form/div/div[4]/div/div/button[1]'. Please recheck the objects properties to make sure the desired element is located. 

21-10-2025T20:53:32 - [MESSAGE][WARNING] - [SELF-HEALING] Failed to find element with id 'Object Repository/FIM/Sites Page/Orders/Create Order/Split Order/Save_btn (4 Sites)'. Try using Self-healing.

21-10-2025T20:53:33 - [MESSAGE][INFO] - [SELF-HEALING] No working XPath is found.

21-10-2025T20:53:35 - [MESSAGE][INFO] - Unable to find the element located by 'By.xpath: '. Please recheck the objects properties to make sure the desired element is located. 

21-10-2025T20:53:35 - [MESSAGE][WARNING] - [SELF-HEALING] Cannot find elements when the selector is null

21-10-2025T20:53:35 - [MESSAGE][FAILED] - Unable to click on object 'Object Repository/FIM/Sites Page/Orders/Create Order/Split Order/Save_btn (4 Sites)' (Root cause: com.kms.katalon.core.exception.StepFailedException: Unable to click on object 'Object Repository/FIM/Sites Page/Orders/Create Order/Split Order/Save_btn (4 Sites)'
	at com.kms.katalon.core.webui.keyword.internal.WebUIKeywordMain.stepFailed(WebUIKeywordMain.groovy:117)
	at com.kms.katalon.core.webui.keyword.internal.WebUIKeywordMain.runKeyword(WebUIKeywordMain.groovy:43)
	at com.kms.katalon.core.webui.keyword.builtin.ClickKeyword.click(ClickKeyword.groovy:74)
	at com.kms.katalon.core.webui.keyword.builtin.ClickKeyword.execute(ClickKeyword.groovy:40)
	at com.kms.katalon.core.keyword.internal.KeywordExecutor.executeKeywordForPlatform(KeywordExecutor.groovy:74)
	at com.kms.katalon.core.webui.keyword.WebUiBuiltInKeywords.click(WebUiBuiltInKeywords.groovy:659)
	at com.kms.katalon.core.webui.keyword.WebUiBuiltInKeywords$click$4.call(Unknown Source)
	at Create Split Load Order (Adding 3 Sites).run(Create Split Load Order (Adding 3 Sites):146)
	at com.kms.katalon.core.main.ScriptEngine.run(ScriptEngine.java:194)
	at com.kms.katalon.core.main.ScriptEngine.runScriptAsRawText(ScriptEngine.java:119)
	at com.kms.katalon.core.main.TestCaseExecutor.runScript(TestCaseExecutor.java:448)
	at com.kms.katalon.core.main.TestCaseExecutor.doExecute(TestCaseExecutor.java:439)
	at com.kms.katalon.core.main.TestCaseExecutor.processExecutionPhase(TestCaseExecutor.java:418)
	at com.kms.katalon.core.main.TestCaseExecutor.accessMainPhase(TestCaseExecutor.java:410)
	at com.kms.katalon.core.main.TestCaseExecutor.execute(TestCaseExecutor.java:285)
	at com.kms.katalon.core.common.CommonExecutor.accessTestCaseMainPhase(CommonExecutor.java:65)
	at com.kms.katalon.core.main.TestSuiteExecutor.accessTestSuiteMainPhase(TestSuiteExecutor.java:150)
	at com.kms.katalon.core.main.TestSuiteExecutor.execute(TestSuiteExecutor.java:106)
	at com.kms.katalon.core.main.TestCaseMain.startTestSuite(TestCaseMain.java:180)
	at com.kms.katalon.core.main.TestCaseMain$startTestSuite$0.call(Unknown Source)
	at TempTestSuite1761090769781.run(TempTestSuite1761090769781.groovy:35)
	at java.base/jdk.internal.reflect.NativeMethodAccessorImpl.invoke0(Native Method)
	at java.base/jdk.internal.reflect.NativeMethodAccessorImpl.invoke(NativeMethodAccessorImpl.java:77)
	at java.base/jdk.internal.reflect.DelegatingMethodAccessorImpl.invoke(DelegatingMethodAccessorImpl.java:43)
Caused by: com.kms.katalon.core.webui.exception.WebElementNotFoundException: Web element with id: 'Object Repository/FIM/Sites Page/Orders/Create Order/Split Order/Save_btn (4 Sites)' located by '//*[@id="__BVID__159___BV_modal_body_"]/form/div/div[4]/div/div/button[1]' not found
	at com.kms.katalon.core.webui.common.WebUiCommonHelper.findWebElement(WebUiCommonHelper.java:1423)
	at com.kms.katalon.core.webui.keyword.internal.WebUIAbstractKeyword.findWebElement(WebUIAbstractKeyword.groovy:27)
	at com.kms.katalon.core.webui.keyword.builtin.ClickKeyword$_click_closure1.doCall(ClickKeyword.groovy:65)
	at com.kms.katalon.core.webui.keyword.builtin.ClickKeyword$_click_closure1.call(ClickKeyword.groovy)
	at com.kms.katalon.core.webui.keyword.internal.WebUIKeywordMain.runKeyword(WebUIKeywordMain.groovy:35)
	at com.kms.katalon.core.webui.keyword.builtin.ClickKeyword.click(ClickKeyword.groovy:74)
	at com.kms.katalon.core.webui.keyword.builtin.ClickKeyword.execute(ClickKeyword.groovy:40)
	at com.kms.katalon.core.keyword.internal.KeywordExecutor.executeKeywordForPlatform(KeywordExecutor.groovy:74)
	at com.kms.katalon.core.webui.keyword.WebUiBuiltInKeywords.click(WebUiBuiltInKeywords.groovy:659)
	at com.kms.katalon.core.webui.keyword.WebUiBuiltInKeywords$click$4.call(Unknown Source)
	at Script1753367573248.run(Script1753367573248.groovy:146)
	... 16 more
)

21-10-2025T20:53:35 - [TEST_STEP][PASSED] - Start listener action : retryOnDisconnect: Current window's url is: 'https://kaglogistics-inventory-management-portal.qa.thekag.com/site/TURK132?cg=-1&r=206&i=AllConsignees&sorted=false'

21-10-2025T20:53:35 - [TEST_STEP][PASSED] - tcId = testCaseContext.getTestCaseId(): null

21-10-2025T20:53:35 - [TEST_STEP][PASSED] - currentRetry = retryCounts.getOrDefault(tcId, 0): null

21-10-2025T20:53:35 - [TEST_STEP][PASSED] - if (testCaseContext.getTestCaseStatus() == "FAILED" && currentRetry < MAX_RETRIES): Current window's url is: 'https://kaglogistics-inventory-management-portal.qa.thekag.com/site/TURK132?cg=-1&r=206&i=AllConsignees&sorted=false'

21-10-2025T20:53:35 - [TEST_STEP][PASSED] - try: Current window's url is: 'https://kaglogistics-inventory-management-portal.qa.thekag.com/site/TURK132?cg=-1&r=206&i=AllConsignees&sorted=false'

21-10-2025T20:53:35 - [TEST_STEP][PASSED] - comment(Checking for WebDriver disconnect for test case: $tcId): Checking for WebDriver disconnect for test case: Test Cases/FIM/UI/KGL/Admin/Sites Page/Orders/Create Split Load Order (Adding 3 Sites)

21-10-2025T20:53:35 - [MESSAGE][INFO] - Checking for WebDriver disconnect for test case: Test Cases/FIM/UI/KGL/Admin/Sites Page/Orders/Create Split Load Order (Adding 3 Sites)

21-10-2025T20:53:35 - [TEST_STEP][PASSED] - getUrl(): Current window's url is: 'https://kaglogistics-inventory-management-portal.qa.thekag.com/site/TURK132?cg=-1&r=206&i=AllConsignees&sorted=false'

21-10-2025T20:53:35 - [MESSAGE][PASSED] - Current window's url is: 'https://kaglogistics-inventory-management-portal.qa.thekag.com/site/TURK132?cg=-1&r=206&i=AllConsignees&sorted=false']]></system-out>
         <system-err><![CDATA[21-10-2025T20:52:05 - [TEST_CASE][FAILED] - Test Cases/FIM/UI/KGL/Admin/Sites Page/Orders/Create Split Load Order (Adding 3 Sites): Test Cases/FIM/UI/KGL/Admin/Sites Page/Orders/Create Split Load Order (Adding 3 Sites) FAILED.
Reason:
com.kms.katalon.core.exception.StepFailedException: Unable to click on object 'Object Repository/FIM/Sites Page/Orders/Create Order/Split Order/Save_btn (4 Sites)'
	at com.kms.katalon.core.webui.keyword.internal.WebUIKeywordMain.stepFailed(WebUIKeywordMain.groovy:117)
	at com.kms.katalon.core.webui.keyword.internal.WebUIKeywordMain.runKeyword(WebUIKeywordMain.groovy:43)
	at com.kms.katalon.core.webui.keyword.builtin.ClickKeyword.click(ClickKeyword.groovy:74)
	at com.kms.katalon.core.webui.keyword.builtin.ClickKeyword.execute(ClickKeyword.groovy:40)
	at com.kms.katalon.core.keyword.internal.KeywordExecutor.executeKeywordForPlatform(KeywordExecutor.groovy:74)
	at com.kms.katalon.core.webui.keyword.WebUiBuiltInKeywords.click(WebUiBuiltInKeywords.groovy:659)
	at com.kms.katalon.core.webui.keyword.WebUiBuiltInKeywords$click$4.call(Unknown Source)
	at Create Split Load Order (Adding 3 Sites).run(Create Split Load Order (Adding 3 Sites):146)
	at com.kms.katalon.core.main.ScriptEngine.run(ScriptEngine.java:194)
	at com.kms.katalon.core.main.ScriptEngine.runScriptAsRawText(ScriptEngine.java:119)
	at com.kms.katalon.core.main.TestCaseExecutor.runScript(TestCaseExecutor.java:448)
	at com.kms.katalon.core.main.TestCaseExecutor.doExecute(TestCaseExecutor.java:439)
	at com.kms.katalon.core.main.TestCaseExecutor.processExecutionPhase(TestCaseExecutor.java:418)
	at com.kms.katalon.core.main.TestCaseExecutor.accessMainPhase(TestCaseExecutor.java:410)
	at com.kms.katalon.core.main.TestCaseExecutor.execute(TestCaseExecutor.java:285)
	at com.kms.katalon.core.common.CommonExecutor.accessTestCaseMainPhase(CommonExecutor.java:65)
	at com.kms.katalon.core.main.TestSuiteExecutor.accessTestSuiteMainPhase(TestSuiteExecutor.java:150)
	at com.kms.katalon.core.main.TestSuiteExecutor.execute(TestSuiteExecutor.java:106)
	at com.kms.katalon.core.main.TestCaseMain.startTestSuite(TestCaseMain.java:180)
	at com.kms.katalon.core.main.TestCaseMain$startTestSuite$0.call(Unknown Source)
	at TempTestSuite1761090769781.run(TempTestSuite1761090769781.groovy:35)
	at java.base/jdk.internal.reflect.NativeMethodAccessorImpl.invoke0(Native Method)
	at java.base/jdk.internal.reflect.NativeMethodAccessorImpl.invoke(NativeMethodAccessorImpl.java:77)
	at java.base/jdk.internal.reflect.DelegatingMethodAccessorImpl.invoke(DelegatingMethodAccessorImpl.java:43)
Caused by: com.kms.katalon.core.webui.exception.WebElementNotFoundException: Web element with id: 'Object Repository/FIM/Sites Page/Orders/Create Order/Split Order/Save_btn (4 Sites)' located by '//*[@id="__BVID__159___BV_modal_body_"]/form/div/div[4]/div/div/button[1]' not found
	at com.kms.katalon.core.webui.common.WebUiCommonHelper.findWebElement(WebUiCommonHelper.java:1423)
	at com.kms.katalon.core.webui.keyword.internal.WebUIAbstractKeyword.findWebElement(WebUIAbstractKeyword.groovy:27)
	at com.kms.katalon.core.webui.keyword.builtin.ClickKeyword$_click_closure1.doCall(ClickKeyword.groovy:65)
	at com.kms.katalon.core.webui.keyword.builtin.ClickKeyword$_click_closure1.call(ClickKeyword.groovy)
	at com.kms.katalon.core.webui.keyword.internal.WebUIKeywordMain.runKeyword(WebUIKeywordMain.groovy:35)
	... 22 more]]></system-err>
      </testcase>
      <testcase name="Test Cases/FIM/UI/KGL/Admin/Sites Page/Orders/Remove Site From Split Load Order" time="56.092" classname="Test Cases/FIM/UI/KGL/Admin/Sites Page/Orders/Remove Site From Split Load Order" status="PASSED">
         <system-out><![CDATA[21-10-2025T20:53:35 - [TEST_CASE][PASSED] - Test Cases/FIM/UI/KGL/Admin/Sites Page/Orders/Remove Site From Split Load Order: Test Cases/FIM/UI/KGL/Admin/Sites Page/Orders/Remove Site From Split Load Order

21-10-2025T20:53:35 - [TEST_STEP][PASSED] - Start listener action : beforeTestCase: null

21-10-2025T20:53:35 - [TEST_STEP][PASSED] - addDefaultPackages(): null

21-10-2025T20:53:35 - [TEST_STEP][PASSED] - i = 0: null

21-10-2025T20:53:35 - [TEST_STEP][PASSED] - callTestCase(findTestCase("Utility Scripts/FIM KGL Admin Login"), [:], STOP_ON_FAILURE): Call Test Case 'Test Cases/Utility Scripts/FIM KGL Admin Login' successfully

21-10-2025T20:53:35 - [TEST_CASE][PASSED] - Test Cases/Utility Scripts/FIM KGL Admin Login: Test Cases/Utility Scripts/FIM KGL Admin Login

21-10-2025T20:53:35 - [TEST_STEP][PASSED] - openBrowser(""): Browser is opened with url: ''

21-10-2025T20:53:35 - [MESSAGE][WARNING] - A browser is already opened. Closing browser and opening a new one

21-10-2025T20:53:35 - [MESSAGE][INFO] - Starting 'Chrome' driver

21-10-2025T20:53:35 - [MESSAGE][INFO] - User set preference: ['args', '[--no-sandbox, --disable-gpu, --disable-dev-shm-usage]']

21-10-2025T20:53:35 - [MESSAGE][INFO] - Action delay is set to 0 milliseconds

21-10-2025T20:53:36 - [MESSAGE][PASSED] - Browser is opened with url: ''

21-10-2025T20:53:36 - [TEST_STEP][PASSED] - delay(1): Delayed 1 second(s)

21-10-2025T20:53:37 - [MESSAGE][PASSED] - Delayed 1 second(s)

21-10-2025T20:53:37 - [TEST_STEP][PASSED] - navigateToUrl(KGLCustomGroupUrl): Navigate to 'https://kaglogistics-inventory-management-portal.qa.thekag.com/custom-group/' successfully

21-10-2025T20:53:37 - [MESSAGE][PASSED] - Navigate to 'https://kaglogistics-inventory-management-portal.qa.thekag.com/custom-group/' successfully

21-10-2025T20:53:37 - [TEST_STEP][PASSED] - delay(10): Delayed 10 second(s)

21-10-2025T20:53:47 - [MESSAGE][PASSED] - Delayed 10 second(s)

21-10-2025T20:53:47 - [TEST_STEP][PASSED] - if (maximizeWindow == true): Delayed 1 second(s)

21-10-2025T20:53:47 - [TEST_STEP][PASSED] - maximizeWindow(STOP_ON_FAILURE): Current window maximized

21-10-2025T20:53:47 - [MESSAGE][PASSED] - Current window maximized

21-10-2025T20:53:47 - [TEST_STEP][PASSED] - delay(1): Delayed 1 second(s)

21-10-2025T20:53:48 - [MESSAGE][PASSED] - Delayed 1 second(s)

21-10-2025T20:53:48 - [TEST_STEP][PASSED] - waitForElementPresent(findTestObject("FIM/Username_txt"), 10): Object 'Object Repository/FIM/Username_txt' is present

21-10-2025T20:53:49 - [MESSAGE][PASSED] - Object 'Object Repository/FIM/Username_txt' is present

21-10-2025T20:53:49 - [TEST_STEP][PASSED] - setText(findTestObject("FIM/Username_txt"), FIMUsername): Text 'Chris.Sheldon+DES_QA@Thekag.com' is set on object 'Object Repository/FIM/Username_txt'

21-10-2025T20:53:49 - [MESSAGE][PASSED] - Text 'Chris.Sheldon+DES_QA@Thekag.com' is set on object 'Object Repository/FIM/Username_txt'

21-10-2025T20:53:49 - [TEST_STEP][PASSED] - delay(1): Delayed 1 second(s)

21-10-2025T20:53:50 - [MESSAGE][PASSED] - Delayed 1 second(s)

21-10-2025T20:53:50 - [TEST_STEP][PASSED] - setText(findTestObject("FIM/Password_txt"), FIMPassword): Text 'QATest!2' is set on object 'Object Repository/FIM/Password_txt'

21-10-2025T20:53:50 - [MESSAGE][PASSED] - Text 'QATest!2' is set on object 'Object Repository/FIM/Password_txt'

21-10-2025T20:53:50 - [TEST_STEP][PASSED] - delay(1): Delayed 1 second(s)

21-10-2025T20:53:51 - [MESSAGE][PASSED] - Delayed 1 second(s)

21-10-2025T20:53:51 - [TEST_STEP][PASSED] - click(findTestObject("FIM/Login_btn")): Object: 'Object Repository/FIM/Login_btn' is clicked on

21-10-2025T20:53:51 - [MESSAGE][PASSED] - Object: 'Object Repository/FIM/Login_btn' is clicked on

21-10-2025T20:53:51 - [MESSAGE][PASSED] - Call Test Case 'Test Cases/Utility Scripts/FIM KGL Admin Login' successfully

21-10-2025T20:53:51 - [TEST_STEP][PASSED] - if (verifyElementVisible(findTestObject("FIM/Server_Notification_Close_btn"), OPTIONAL) == true): Web element with id: 'Object Repository/FIM/Server_Notification_Close_btn' located by '/html/body/div/div[1]/button' not found (Root cause: com.kms.katalon.core.exception.StepFailedException: Web element with id: 'Object Repository/FIM/Server_Notification_Close_btn' located by '/html/body/div/div[1]/button' not found
	at com.kms.katalon.core.webui.keyword.internal.WebUIKeywordMain.stepFailed(WebUIKeywordMain.groovy:117)
	at com.kms.katalon.core.webui.keyword.builtin.VerifyElementVisibleKeyword$_verifyElementVisible_closure1.doCall(VerifyElementVisibleKeyword.groovy:89)
	at com.kms.katalon.core.webui.keyword.builtin.VerifyElementVisibleKeyword$_verifyElementVisible_closure1.call(VerifyElementVisibleKeyword.groovy)
	at com.kms.katalon.core.webui.keyword.internal.WebUIKeywordMain.runKeyword(WebUIKeywordMain.groovy:35)
	at com.kms.katalon.core.webui.keyword.builtin.VerifyElementVisibleKeyword.verifyElementVisible(VerifyElementVisibleKeyword.groovy:97)
	at com.kms.katalon.core.webui.keyword.builtin.VerifyElementVisibleKeyword.execute(VerifyElementVisibleKeyword.groovy:67)
	at com.kms.katalon.core.keyword.internal.KeywordExecutor.executeKeywordForPlatform(KeywordExecutor.groovy:74)
	at com.kms.katalon.core.webui.keyword.WebUiBuiltInKeywords.verifyElementVisible(WebUiBuiltInKeywords.groovy:401)
	at com.kms.katalon.core.webui.keyword.WebUiBuiltInKeywords$verifyElementVisible$5.call(Unknown Source)
	at Remove Site From Split Load Order.run(Remove Site From Split Load Order:24)
	at com.kms.katalon.core.main.ScriptEngine.run(ScriptEngine.java:194)
	at com.kms.katalon.core.main.ScriptEngine.runScriptAsRawText(ScriptEngine.java:119)
	at com.kms.katalon.core.main.TestCaseExecutor.runScript(TestCaseExecutor.java:448)
	at com.kms.katalon.core.main.TestCaseExecutor.doExecute(TestCaseExecutor.java:439)
	at com.kms.katalon.core.main.TestCaseExecutor.processExecutionPhase(TestCaseExecutor.java:418)
	at com.kms.katalon.core.main.TestCaseExecutor.accessMainPhase(TestCaseExecutor.java:410)
	at com.kms.katalon.core.main.TestCaseExecutor.execute(TestCaseExecutor.java:285)
	at com.kms.katalon.core.common.CommonExecutor.accessTestCaseMainPhase(CommonExecutor.java:65)
	at com.kms.katalon.core.main.TestSuiteExecutor.accessTestSuiteMainPhase(TestSuiteExecutor.java:150)
	at com.kms.katalon.core.main.TestSuiteExecutor.execute(TestSuiteExecutor.java:106)
	at com.kms.katalon.core.main.TestCaseMain.startTestSuite(TestCaseMain.java:180)
	at com.kms.katalon.core.main.TestCaseMain$startTestSuite$0.call(Unknown Source)
	at TempTestSuite1761090769781.run(TempTestSuite1761090769781.groovy:35)
	at java.base/jdk.internal.reflect.NativeMethodAccessorImpl.invoke0(Native Method)
	at java.base/jdk.internal.reflect.NativeMethodAccessorImpl.invoke(NativeMethodAccessorImpl.java:77)
	at java.base/jdk.internal.reflect.DelegatingMethodAccessorImpl.invoke(DelegatingMethodAccessorImpl.java:43)
)

21-10-2025T20:54:07 - [MESSAGE][INFO] - Unable to find the element located by 'By.xpath: /html/body/div/div[1]/button'. Please recheck the objects properties to make sure the desired element is located. 

21-10-2025T20:54:07 - [MESSAGE][WARNING] - [SELF-HEALING] Failed to find element with id 'Object Repository/FIM/Server_Notification_Close_btn'. Try using Self-healing.

21-10-2025T20:54:08 - [MESSAGE][INFO] - [SELF-HEALING] No working XPath is found.

21-10-2025T20:54:10 - [MESSAGE][INFO] - Unable to find the element located by 'By.xpath: '. Please recheck the objects properties to make sure the desired element is located. 

21-10-2025T20:54:10 - [MESSAGE][WARNING] - [SELF-HEALING] Cannot find elements when the selector is null

21-10-2025T20:54:10 - [MESSAGE][WARNING] - Web element with id: 'Object Repository/FIM/Server_Notification_Close_btn' located by '/html/body/div/div[1]/button' not found (Root cause: com.kms.katalon.core.exception.StepFailedException: Web element with id: 'Object Repository/FIM/Server_Notification_Close_btn' located by '/html/body/div/div[1]/button' not found
	at com.kms.katalon.core.webui.keyword.internal.WebUIKeywordMain.stepFailed(WebUIKeywordMain.groovy:117)
	at com.kms.katalon.core.webui.keyword.builtin.VerifyElementVisibleKeyword$_verifyElementVisible_closure1.doCall(VerifyElementVisibleKeyword.groovy:89)
	at com.kms.katalon.core.webui.keyword.builtin.VerifyElementVisibleKeyword$_verifyElementVisible_closure1.call(VerifyElementVisibleKeyword.groovy)
	at com.kms.katalon.core.webui.keyword.internal.WebUIKeywordMain.runKeyword(WebUIKeywordMain.groovy:35)
	at com.kms.katalon.core.webui.keyword.builtin.VerifyElementVisibleKeyword.verifyElementVisible(VerifyElementVisibleKeyword.groovy:97)
	at com.kms.katalon.core.webui.keyword.builtin.VerifyElementVisibleKeyword.execute(VerifyElementVisibleKeyword.groovy:67)
	at com.kms.katalon.core.keyword.internal.KeywordExecutor.executeKeywordForPlatform(KeywordExecutor.groovy:74)
	at com.kms.katalon.core.webui.keyword.WebUiBuiltInKeywords.verifyElementVisible(WebUiBuiltInKeywords.groovy:401)
	at com.kms.katalon.core.webui.keyword.WebUiBuiltInKeywords$verifyElementVisible$5.call(Unknown Source)
	at Remove Site From Split Load Order.run(Remove Site From Split Load Order:24)
	at com.kms.katalon.core.main.ScriptEngine.run(ScriptEngine.java:194)
	at com.kms.katalon.core.main.ScriptEngine.runScriptAsRawText(ScriptEngine.java:119)
	at com.kms.katalon.core.main.TestCaseExecutor.runScript(TestCaseExecutor.java:448)
	at com.kms.katalon.core.main.TestCaseExecutor.doExecute(TestCaseExecutor.java:439)
	at com.kms.katalon.core.main.TestCaseExecutor.processExecutionPhase(TestCaseExecutor.java:418)
	at com.kms.katalon.core.main.TestCaseExecutor.accessMainPhase(TestCaseExecutor.java:410)
	at com.kms.katalon.core.main.TestCaseExecutor.execute(TestCaseExecutor.java:285)
	at com.kms.katalon.core.common.CommonExecutor.accessTestCaseMainPhase(CommonExecutor.java:65)
	at com.kms.katalon.core.main.TestSuiteExecutor.accessTestSuiteMainPhase(TestSuiteExecutor.java:150)
	at com.kms.katalon.core.main.TestSuiteExecutor.execute(TestSuiteExecutor.java:106)
	at com.kms.katalon.core.main.TestCaseMain.startTestSuite(TestCaseMain.java:180)
	at com.kms.katalon.core.main.TestCaseMain$startTestSuite$0.call(Unknown Source)
	at TempTestSuite1761090769781.run(TempTestSuite1761090769781.groovy:35)
	at java.base/jdk.internal.reflect.NativeMethodAccessorImpl.invoke0(Native Method)
	at java.base/jdk.internal.reflect.NativeMethodAccessorImpl.invoke(NativeMethodAccessorImpl.java:77)
	at java.base/jdk.internal.reflect.DelegatingMethodAccessorImpl.invoke(DelegatingMethodAccessorImpl.java:43)
)

21-10-2025T20:54:10 - [TEST_STEP][PASSED] - delay(1): Delayed 1 second(s)

21-10-2025T20:54:11 - [MESSAGE][PASSED] - Delayed 1 second(s)

21-10-2025T20:54:11 - [TEST_STEP][PASSED] - click(findTestObject("FIM/Hamburger Menu List/Hamburger_menu")): Object: 'Object Repository/FIM/Hamburger Menu List/Hamburger_menu' is clicked on

21-10-2025T20:54:11 - [MESSAGE][PASSED] - Object: 'Object Repository/FIM/Hamburger Menu List/Hamburger_menu' is clicked on

21-10-2025T20:54:11 - [TEST_STEP][PASSED] - verifyElementPresent(findTestObject("FIM/Hamburger Menu List/Sites_list (1)"), 10): Object 'Object Repository/FIM/Hamburger Menu List/Sites_list (1)' is present

21-10-2025T20:54:11 - [MESSAGE][PASSED] - Object 'Object Repository/FIM/Hamburger Menu List/Sites_list (1)' is present

21-10-2025T20:54:11 - [TEST_STEP][PASSED] - delay(1): Delayed 1 second(s)

21-10-2025T20:54:12 - [MESSAGE][PASSED] - Delayed 1 second(s)

21-10-2025T20:54:12 - [TEST_STEP][PASSED] - click(findTestObject("FIM/Hamburger Menu List/Sites_list (1)")): Object: 'Object Repository/FIM/Hamburger Menu List/Sites_list (1)' is clicked on

21-10-2025T20:54:12 - [MESSAGE][PASSED] - Object: 'Object Repository/FIM/Hamburger Menu List/Sites_list (1)' is clicked on

21-10-2025T20:54:12 - [TEST_STEP][PASSED] - waitForElementPresent(findTestObject("FIM/Sites Page/Calculator/Calculator Tab"), 10): Object 'Object Repository/FIM/Sites Page/Calculator/Calculator Tab' is present

21-10-2025T20:54:13 - [MESSAGE][PASSED] - Object 'Object Repository/FIM/Sites Page/Calculator/Calculator Tab' is present

21-10-2025T20:54:13 - [TEST_STEP][PASSED] - selectOptionByLabel(findTestObject("FIM/Sites Page/Site Filtering/Region Selection_dropdown"), "KAG LOGISTICS", false): All options with label 'KAG LOGISTICS' are selected in object 'Object Repository/FIM/Sites Page/Site Filtering/Region Selection_dropdown' 

21-10-2025T20:54:13 - [MESSAGE][PASSED] - All options with label 'KAG LOGISTICS' are selected in object 'Object Repository/FIM/Sites Page/Site Filtering/Region Selection_dropdown' 

21-10-2025T20:54:13 - [TEST_STEP][PASSED] - while (i < 60 == true): null

21-10-2025T20:54:13 - [TEST_STEP][PASSED] - sendKeys(findTestObject("FIM/Sites Page/Site Filtering/Site_txt"), Keys.chord(BACK_SPACE), STOP_ON_FAILURE): Keys 'BACK_SPACE + ' sent to object: 'Object Repository/FIM/Sites Page/Site Filtering/Site_txt'

21-10-2025T20:54:14 - [MESSAGE][PASSED] - Keys 'BACK_SPACE + ' sent to object: 'Object Repository/FIM/Sites Page/Site Filtering/Site_txt'

21-10-2025T20:54:14 - [TEST_STEP][PASSED] - (i++): null

21-10-2025T20:54:14 - [TEST_STEP][PASSED] - sendKeys(findTestObject("FIM/Sites Page/Site Filtering/Site_txt"), Keys.chord(BACK_SPACE), STOP_ON_FAILURE): Keys 'BACK_SPACE + ' sent to object: 'Object Repository/FIM/Sites Page/Site Filtering/Site_txt'

21-10-2025T20:54:14 - [MESSAGE][PASSED] - Keys 'BACK_SPACE + ' sent to object: 'Object Repository/FIM/Sites Page/Site Filtering/Site_txt'

21-10-2025T20:54:14 - [TEST_STEP][PASSED] - (i++): null

21-10-2025T20:54:14 - [TEST_STEP][PASSED] - sendKeys(findTestObject("FIM/Sites Page/Site Filtering/Site_txt"), Keys.chord(BACK_SPACE), STOP_ON_FAILURE): Keys 'BACK_SPACE + ' sent to object: 'Object Repository/FIM/Sites Page/Site Filtering/Site_txt'

21-10-2025T20:54:14 - [MESSAGE][PASSED] - Keys 'BACK_SPACE + ' sent to object: 'Object Repository/FIM/Sites Page/Site Filtering/Site_txt'

21-10-2025T20:54:14 - [TEST_STEP][PASSED] - (i++): null

21-10-2025T20:54:14 - [TEST_STEP][PASSED] - sendKeys(findTestObject("FIM/Sites Page/Site Filtering/Site_txt"), Keys.chord(BACK_SPACE), STOP_ON_FAILURE): Keys 'BACK_SPACE + ' sent to object: 'Object Repository/FIM/Sites Page/Site Filtering/Site_txt'

21-10-2025T20:54:15 - [MESSAGE][PASSED] - Keys 'BACK_SPACE + ' sent to object: 'Object Repository/FIM/Sites Page/Site Filtering/Site_txt'

21-10-2025T20:54:15 - [TEST_STEP][PASSED] - (i++): null

21-10-2025T20:54:15 - [TEST_STEP][PASSED] - sendKeys(findTestObject("FIM/Sites Page/Site Filtering/Site_txt"), Keys.chord(BACK_SPACE), STOP_ON_FAILURE): Keys 'BACK_SPACE + ' sent to object: 'Object Repository/FIM/Sites Page/Site Filtering/Site_txt'

21-10-2025T20:54:15 - [MESSAGE][PASSED] - Keys 'BACK_SPACE + ' sent to object: 'Object Repository/FIM/Sites Page/Site Filtering/Site_txt'

21-10-2025T20:54:15 - [TEST_STEP][PASSED] - (i++): null

21-10-2025T20:54:15 - [TEST_STEP][PASSED] - sendKeys(findTestObject("FIM/Sites Page/Site Filtering/Site_txt"), Keys.chord(BACK_SPACE), STOP_ON_FAILURE): Keys 'BACK_SPACE + ' sent to object: 'Object Repository/FIM/Sites Page/Site Filtering/Site_txt'

21-10-2025T20:54:15 - [MESSAGE][PASSED] - Keys 'BACK_SPACE + ' sent to object: 'Object Repository/FIM/Sites Page/Site Filtering/Site_txt'

21-10-2025T20:54:15 - [TEST_STEP][PASSED] - (i++): null

21-10-2025T20:54:15 - [TEST_STEP][PASSED] - sendKeys(findTestObject("FIM/Sites Page/Site Filtering/Site_txt"), Keys.chord(BACK_SPACE), STOP_ON_FAILURE): Keys 'BACK_SPACE + ' sent to object: 'Object Repository/FIM/Sites Page/Site Filtering/Site_txt'

21-10-2025T20:54:15 - [MESSAGE][PASSED] - Keys 'BACK_SPACE + ' sent to object: 'Object Repository/FIM/Sites Page/Site Filtering/Site_txt'

21-10-2025T20:54:15 - [TEST_STEP][PASSED] - (i++): null

21-10-2025T20:54:15 - [TEST_STEP][PASSED] - sendKeys(findTestObject("FIM/Sites Page/Site Filtering/Site_txt"), Keys.chord(BACK_SPACE), STOP_ON_FAILURE): Keys 'BACK_SPACE + ' sent to object: 'Object Repository/FIM/Sites Page/Site Filtering/Site_txt'

21-10-2025T20:54:15 - [MESSAGE][PASSED] - Keys 'BACK_SPACE + ' sent to object: 'Object Repository/FIM/Sites Page/Site Filtering/Site_txt'

21-10-2025T20:54:15 - [TEST_STEP][PASSED] - (i++): null

21-10-2025T20:54:15 - [TEST_STEP][PASSED] - sendKeys(findTestObject("FIM/Sites Page/Site Filtering/Site_txt"), Keys.chord(BACK_SPACE), STOP_ON_FAILURE): Keys 'BACK_SPACE + ' sent to object: 'Object Repository/FIM/Sites Page/Site Filtering/Site_txt'

21-10-2025T20:54:15 - [MESSAGE][PASSED] - Keys 'BACK_SPACE + ' sent to object: 'Object Repository/FIM/Sites Page/Site Filtering/Site_txt'

21-10-2025T20:54:15 - [TEST_STEP][PASSED] - (i++): null

21-10-2025T20:54:15 - [TEST_STEP][PASSED] - sendKeys(findTestObject("FIM/Sites Page/Site Filtering/Site_txt"), Keys.chord(BACK_SPACE), STOP_ON_FAILURE): Keys 'BACK_SPACE + ' sent to object: 'Object Repository/FIM/Sites Page/Site Filtering/Site_txt'

21-10-2025T20:54:15 - [MESSAGE][PASSED] - Keys 'BACK_SPACE + ' sent to object: 'Object Repository/FIM/Sites Page/Site Filtering/Site_txt'

21-10-2025T20:54:15 - [TEST_STEP][PASSED] - (i++): null

21-10-2025T20:54:15 - [TEST_STEP][PASSED] - sendKeys(findTestObject("FIM/Sites Page/Site Filtering/Site_txt"), Keys.chord(BACK_SPACE), STOP_ON_FAILURE): Keys 'BACK_SPACE + ' sent to object: 'Object Repository/FIM/Sites Page/Site Filtering/Site_txt'

21-10-2025T20:54:15 - [MESSAGE][PASSED] - Keys 'BACK_SPACE + ' sent to object: 'Object Repository/FIM/Sites Page/Site Filtering/Site_txt'

21-10-2025T20:54:15 - [TEST_STEP][PASSED] - (i++): null

21-10-2025T20:54:15 - [TEST_STEP][PASSED] - sendKeys(findTestObject("FIM/Sites Page/Site Filtering/Site_txt"), Keys.chord(BACK_SPACE), STOP_ON_FAILURE): Keys 'BACK_SPACE + ' sent to object: 'Object Repository/FIM/Sites Page/Site Filtering/Site_txt'

21-10-2025T20:54:15 - [MESSAGE][PASSED] - Keys 'BACK_SPACE + ' sent to object: 'Object Repository/FIM/Sites Page/Site Filtering/Site_txt'

21-10-2025T20:54:15 - [TEST_STEP][PASSED] - (i++): null

21-10-2025T20:54:15 - [TEST_STEP][PASSED] - sendKeys(findTestObject("FIM/Sites Page/Site Filtering/Site_txt"), Keys.chord(BACK_SPACE), STOP_ON_FAILURE): Keys 'BACK_SPACE + ' sent to object: 'Object Repository/FIM/Sites Page/Site Filtering/Site_txt'

21-10-2025T20:54:15 - [MESSAGE][PASSED] - Keys 'BACK_SPACE + ' sent to object: 'Object Repository/FIM/Sites Page/Site Filtering/Site_txt'

21-10-2025T20:54:15 - [TEST_STEP][PASSED] - (i++): null

21-10-2025T20:54:15 - [TEST_STEP][PASSED] - sendKeys(findTestObject("FIM/Sites Page/Site Filtering/Site_txt"), Keys.chord(BACK_SPACE), STOP_ON_FAILURE): Keys 'BACK_SPACE + ' sent to object: 'Object Repository/FIM/Sites Page/Site Filtering/Site_txt'

21-10-2025T20:54:15 - [MESSAGE][PASSED] - Keys 'BACK_SPACE + ' sent to object: 'Object Repository/FIM/Sites Page/Site Filtering/Site_txt'

21-10-2025T20:54:15 - [TEST_STEP][PASSED] - (i++): null

21-10-2025T20:54:15 - [TEST_STEP][PASSED] - sendKeys(findTestObject("FIM/Sites Page/Site Filtering/Site_txt"), Keys.chord(BACK_SPACE), STOP_ON_FAILURE): Keys 'BACK_SPACE + ' sent to object: 'Object Repository/FIM/Sites Page/Site Filtering/Site_txt'

21-10-2025T20:54:15 - [MESSAGE][PASSED] - Keys 'BACK_SPACE + ' sent to object: 'Object Repository/FIM/Sites Page/Site Filtering/Site_txt'

21-10-2025T20:54:15 - [TEST_STEP][PASSED] - (i++): null

21-10-2025T20:54:15 - [TEST_STEP][PASSED] - sendKeys(findTestObject("FIM/Sites Page/Site Filtering/Site_txt"), Keys.chord(BACK_SPACE), STOP_ON_FAILURE): Keys 'BACK_SPACE + ' sent to object: 'Object Repository/FIM/Sites Page/Site Filtering/Site_txt'

21-10-2025T20:54:15 - [MESSAGE][PASSED] - Keys 'BACK_SPACE + ' sent to object: 'Object Repository/FIM/Sites Page/Site Filtering/Site_txt'

21-10-2025T20:54:15 - [TEST_STEP][PASSED] - (i++): null

21-10-2025T20:54:15 - [TEST_STEP][PASSED] - sendKeys(findTestObject("FIM/Sites Page/Site Filtering/Site_txt"), Keys.chord(BACK_SPACE), STOP_ON_FAILURE): Keys 'BACK_SPACE + ' sent to object: 'Object Repository/FIM/Sites Page/Site Filtering/Site_txt'

21-10-2025T20:54:15 - [MESSAGE][PASSED] - Keys 'BACK_SPACE + ' sent to object: 'Object Repository/FIM/Sites Page/Site Filtering/Site_txt'

21-10-2025T20:54:15 - [TEST_STEP][PASSED] - (i++): null

21-10-2025T20:54:15 - [TEST_STEP][PASSED] - sendKeys(findTestObject("FIM/Sites Page/Site Filtering/Site_txt"), Keys.chord(BACK_SPACE), STOP_ON_FAILURE): Keys 'BACK_SPACE + ' sent to object: 'Object Repository/FIM/Sites Page/Site Filtering/Site_txt'

21-10-2025T20:54:16 - [MESSAGE][PASSED] - Keys 'BACK_SPACE + ' sent to object: 'Object Repository/FIM/Sites Page/Site Filtering/Site_txt'

21-10-2025T20:54:16 - [TEST_STEP][PASSED] - (i++): null

21-10-2025T20:54:16 - [TEST_STEP][PASSED] - sendKeys(findTestObject("FIM/Sites Page/Site Filtering/Site_txt"), Keys.chord(BACK_SPACE), STOP_ON_FAILURE): Keys 'BACK_SPACE + ' sent to object: 'Object Repository/FIM/Sites Page/Site Filtering/Site_txt'

21-10-2025T20:54:16 - [MESSAGE][PASSED] - Keys 'BACK_SPACE + ' sent to object: 'Object Repository/FIM/Sites Page/Site Filtering/Site_txt'

21-10-2025T20:54:16 - [TEST_STEP][PASSED] - (i++): null

21-10-2025T20:54:16 - [TEST_STEP][PASSED] - sendKeys(findTestObject("FIM/Sites Page/Site Filtering/Site_txt"), Keys.chord(BACK_SPACE), STOP_ON_FAILURE): Keys 'BACK_SPACE + ' sent to object: 'Object Repository/FIM/Sites Page/Site Filtering/Site_txt'

21-10-2025T20:54:16 - [MESSAGE][PASSED] - Keys 'BACK_SPACE + ' sent to object: 'Object Repository/FIM/Sites Page/Site Filtering/Site_txt'

21-10-2025T20:54:16 - [TEST_STEP][PASSED] - (i++): null

21-10-2025T20:54:16 - [TEST_STEP][PASSED] - sendKeys(findTestObject("FIM/Sites Page/Site Filtering/Site_txt"), Keys.chord(BACK_SPACE), STOP_ON_FAILURE): Keys 'BACK_SPACE + ' sent to object: 'Object Repository/FIM/Sites Page/Site Filtering/Site_txt'

21-10-2025T20:54:16 - [MESSAGE][PASSED] - Keys 'BACK_SPACE + ' sent to object: 'Object Repository/FIM/Sites Page/Site Filtering/Site_txt'

21-10-2025T20:54:16 - [TEST_STEP][PASSED] - (i++): null

21-10-2025T20:54:16 - [TEST_STEP][PASSED] - sendKeys(findTestObject("FIM/Sites Page/Site Filtering/Site_txt"), Keys.chord(BACK_SPACE), STOP_ON_FAILURE): Keys 'BACK_SPACE + ' sent to object: 'Object Repository/FIM/Sites Page/Site Filtering/Site_txt'

21-10-2025T20:54:16 - [MESSAGE][PASSED] - Keys 'BACK_SPACE + ' sent to object: 'Object Repository/FIM/Sites Page/Site Filtering/Site_txt'

21-10-2025T20:54:16 - [TEST_STEP][PASSED] - (i++): null

21-10-2025T20:54:16 - [TEST_STEP][PASSED] - sendKeys(findTestObject("FIM/Sites Page/Site Filtering/Site_txt"), Keys.chord(BACK_SPACE), STOP_ON_FAILURE): Keys 'BACK_SPACE + ' sent to object: 'Object Repository/FIM/Sites Page/Site Filtering/Site_txt'

21-10-2025T20:54:16 - [MESSAGE][PASSED] - Keys 'BACK_SPACE + ' sent to object: 'Object Repository/FIM/Sites Page/Site Filtering/Site_txt'

21-10-2025T20:54:16 - [TEST_STEP][PASSED] - (i++): null

21-10-2025T20:54:16 - [TEST_STEP][PASSED] - sendKeys(findTestObject("FIM/Sites Page/Site Filtering/Site_txt"), Keys.chord(BACK_SPACE), STOP_ON_FAILURE): Keys 'BACK_SPACE + ' sent to object: 'Object Repository/FIM/Sites Page/Site Filtering/Site_txt'

21-10-2025T20:54:16 - [MESSAGE][PASSED] - Keys 'BACK_SPACE + ' sent to object: 'Object Repository/FIM/Sites Page/Site Filtering/Site_txt'

21-10-2025T20:54:16 - [TEST_STEP][PASSED] - (i++): null

21-10-2025T20:54:16 - [TEST_STEP][PASSED] - sendKeys(findTestObject("FIM/Sites Page/Site Filtering/Site_txt"), Keys.chord(BACK_SPACE), STOP_ON_FAILURE): Keys 'BACK_SPACE + ' sent to object: 'Object Repository/FIM/Sites Page/Site Filtering/Site_txt'

21-10-2025T20:54:16 - [MESSAGE][PASSED] - Keys 'BACK_SPACE + ' sent to object: 'Object Repository/FIM/Sites Page/Site Filtering/Site_txt'

21-10-2025T20:54:16 - [TEST_STEP][PASSED] - (i++): null

21-10-2025T20:54:16 - [TEST_STEP][PASSED] - sendKeys(findTestObject("FIM/Sites Page/Site Filtering/Site_txt"), Keys.chord(BACK_SPACE), STOP_ON_FAILURE): Keys 'BACK_SPACE + ' sent to object: 'Object Repository/FIM/Sites Page/Site Filtering/Site_txt'

21-10-2025T20:54:16 - [MESSAGE][PASSED] - Keys 'BACK_SPACE + ' sent to object: 'Object Repository/FIM/Sites Page/Site Filtering/Site_txt'

21-10-2025T20:54:16 - [TEST_STEP][PASSED] - (i++): null

21-10-2025T20:54:16 - [TEST_STEP][PASSED] - sendKeys(findTestObject("FIM/Sites Page/Site Filtering/Site_txt"), Keys.chord(BACK_SPACE), STOP_ON_FAILURE): Keys 'BACK_SPACE + ' sent to object: 'Object Repository/FIM/Sites Page/Site Filtering/Site_txt'

21-10-2025T20:54:16 - [MESSAGE][PASSED] - Keys 'BACK_SPACE + ' sent to object: 'Object Repository/FIM/Sites Page/Site Filtering/Site_txt'

21-10-2025T20:54:16 - [TEST_STEP][PASSED] - (i++): null

21-10-2025T20:54:16 - [TEST_STEP][PASSED] - sendKeys(findTestObject("FIM/Sites Page/Site Filtering/Site_txt"), Keys.chord(BACK_SPACE), STOP_ON_FAILURE): Keys 'BACK_SPACE + ' sent to object: 'Object Repository/FIM/Sites Page/Site Filtering/Site_txt'

21-10-2025T20:54:16 - [MESSAGE][PASSED] - Keys 'BACK_SPACE + ' sent to object: 'Object Repository/FIM/Sites Page/Site Filtering/Site_txt'

21-10-2025T20:54:16 - [TEST_STEP][PASSED] - (i++): null

21-10-2025T20:54:16 - [TEST_STEP][PASSED] - sendKeys(findTestObject("FIM/Sites Page/Site Filtering/Site_txt"), Keys.chord(BACK_SPACE), STOP_ON_FAILURE): Keys 'BACK_SPACE + ' sent to object: 'Object Repository/FIM/Sites Page/Site Filtering/Site_txt'

21-10-2025T20:54:16 - [MESSAGE][PASSED] - Keys 'BACK_SPACE + ' sent to object: 'Object Repository/FIM/Sites Page/Site Filtering/Site_txt'

21-10-2025T20:54:16 - [TEST_STEP][PASSED] - (i++): null

21-10-2025T20:54:16 - [TEST_STEP][PASSED] - sendKeys(findTestObject("FIM/Sites Page/Site Filtering/Site_txt"), Keys.chord(BACK_SPACE), STOP_ON_FAILURE): Keys 'BACK_SPACE + ' sent to object: 'Object Repository/FIM/Sites Page/Site Filtering/Site_txt'

21-10-2025T20:54:16 - [MESSAGE][PASSED] - Keys 'BACK_SPACE + ' sent to object: 'Object Repository/FIM/Sites Page/Site Filtering/Site_txt'

21-10-2025T20:54:16 - [TEST_STEP][PASSED] - (i++): null

21-10-2025T20:54:16 - [TEST_STEP][PASSED] - sendKeys(findTestObject("FIM/Sites Page/Site Filtering/Site_txt"), Keys.chord(BACK_SPACE), STOP_ON_FAILURE): Keys 'BACK_SPACE + ' sent to object: 'Object Repository/FIM/Sites Page/Site Filtering/Site_txt'

21-10-2025T20:54:16 - [MESSAGE][PASSED] - Keys 'BACK_SPACE + ' sent to object: 'Object Repository/FIM/Sites Page/Site Filtering/Site_txt'

21-10-2025T20:54:16 - [TEST_STEP][PASSED] - (i++): null

21-10-2025T20:54:16 - [TEST_STEP][PASSED] - sendKeys(findTestObject("FIM/Sites Page/Site Filtering/Site_txt"), Keys.chord(BACK_SPACE), STOP_ON_FAILURE): Keys 'BACK_SPACE + ' sent to object: 'Object Repository/FIM/Sites Page/Site Filtering/Site_txt'

21-10-2025T20:54:16 - [MESSAGE][PASSED] - Keys 'BACK_SPACE + ' sent to object: 'Object Repository/FIM/Sites Page/Site Filtering/Site_txt'

21-10-2025T20:54:16 - [TEST_STEP][PASSED] - (i++): null

21-10-2025T20:54:16 - [TEST_STEP][PASSED] - sendKeys(findTestObject("FIM/Sites Page/Site Filtering/Site_txt"), Keys.chord(BACK_SPACE), STOP_ON_FAILURE): Keys 'BACK_SPACE + ' sent to object: 'Object Repository/FIM/Sites Page/Site Filtering/Site_txt'

21-10-2025T20:54:17 - [MESSAGE][PASSED] - Keys 'BACK_SPACE + ' sent to object: 'Object Repository/FIM/Sites Page/Site Filtering/Site_txt'

21-10-2025T20:54:17 - [TEST_STEP][PASSED] - (i++): null

21-10-2025T20:54:17 - [TEST_STEP][PASSED] - sendKeys(findTestObject("FIM/Sites Page/Site Filtering/Site_txt"), Keys.chord(BACK_SPACE), STOP_ON_FAILURE): Keys 'BACK_SPACE + ' sent to object: 'Object Repository/FIM/Sites Page/Site Filtering/Site_txt'

21-10-2025T20:54:17 - [MESSAGE][PASSED] - Keys 'BACK_SPACE + ' sent to object: 'Object Repository/FIM/Sites Page/Site Filtering/Site_txt'

21-10-2025T20:54:17 - [TEST_STEP][PASSED] - (i++): null

21-10-2025T20:54:17 - [TEST_STEP][PASSED] - sendKeys(findTestObject("FIM/Sites Page/Site Filtering/Site_txt"), Keys.chord(BACK_SPACE), STOP_ON_FAILURE): Keys 'BACK_SPACE + ' sent to object: 'Object Repository/FIM/Sites Page/Site Filtering/Site_txt'

21-10-2025T20:54:17 - [MESSAGE][PASSED] - Keys 'BACK_SPACE + ' sent to object: 'Object Repository/FIM/Sites Page/Site Filtering/Site_txt'

21-10-2025T20:54:17 - [TEST_STEP][PASSED] - (i++): null

21-10-2025T20:54:17 - [TEST_STEP][PASSED] - sendKeys(findTestObject("FIM/Sites Page/Site Filtering/Site_txt"), Keys.chord(BACK_SPACE), STOP_ON_FAILURE): Keys 'BACK_SPACE + ' sent to object: 'Object Repository/FIM/Sites Page/Site Filtering/Site_txt'

21-10-2025T20:54:17 - [MESSAGE][PASSED] - Keys 'BACK_SPACE + ' sent to object: 'Object Repository/FIM/Sites Page/Site Filtering/Site_txt'

21-10-2025T20:54:17 - [TEST_STEP][PASSED] - (i++): null

21-10-2025T20:54:17 - [TEST_STEP][PASSED] - sendKeys(findTestObject("FIM/Sites Page/Site Filtering/Site_txt"), Keys.chord(BACK_SPACE), STOP_ON_FAILURE): Keys 'BACK_SPACE + ' sent to object: 'Object Repository/FIM/Sites Page/Site Filtering/Site_txt'

21-10-2025T20:54:17 - [MESSAGE][PASSED] - Keys 'BACK_SPACE + ' sent to object: 'Object Repository/FIM/Sites Page/Site Filtering/Site_txt'

21-10-2025T20:54:17 - [TEST_STEP][PASSED] - (i++): null

21-10-2025T20:54:17 - [TEST_STEP][PASSED] - sendKeys(findTestObject("FIM/Sites Page/Site Filtering/Site_txt"), Keys.chord(BACK_SPACE), STOP_ON_FAILURE): Keys 'BACK_SPACE + ' sent to object: 'Object Repository/FIM/Sites Page/Site Filtering/Site_txt'

21-10-2025T20:54:17 - [MESSAGE][PASSED] - Keys 'BACK_SPACE + ' sent to object: 'Object Repository/FIM/Sites Page/Site Filtering/Site_txt'

21-10-2025T20:54:17 - [TEST_STEP][PASSED] - (i++): null

21-10-2025T20:54:17 - [TEST_STEP][PASSED] - sendKeys(findTestObject("FIM/Sites Page/Site Filtering/Site_txt"), Keys.chord(BACK_SPACE), STOP_ON_FAILURE): Keys 'BACK_SPACE + ' sent to object: 'Object Repository/FIM/Sites Page/Site Filtering/Site_txt'

21-10-2025T20:54:17 - [MESSAGE][PASSED] - Keys 'BACK_SPACE + ' sent to object: 'Object Repository/FIM/Sites Page/Site Filtering/Site_txt'

21-10-2025T20:54:17 - [TEST_STEP][PASSED] - (i++): null

21-10-2025T20:54:17 - [TEST_STEP][PASSED] - sendKeys(findTestObject("FIM/Sites Page/Site Filtering/Site_txt"), Keys.chord(BACK_SPACE), STOP_ON_FAILURE): Keys 'BACK_SPACE + ' sent to object: 'Object Repository/FIM/Sites Page/Site Filtering/Site_txt'

21-10-2025T20:54:17 - [MESSAGE][PASSED] - Keys 'BACK_SPACE + ' sent to object: 'Object Repository/FIM/Sites Page/Site Filtering/Site_txt'

21-10-2025T20:54:17 - [TEST_STEP][PASSED] - (i++): null

21-10-2025T20:54:17 - [TEST_STEP][PASSED] - sendKeys(findTestObject("FIM/Sites Page/Site Filtering/Site_txt"), Keys.chord(BACK_SPACE), STOP_ON_FAILURE): Keys 'BACK_SPACE + ' sent to object: 'Object Repository/FIM/Sites Page/Site Filtering/Site_txt'

21-10-2025T20:54:17 - [MESSAGE][PASSED] - Keys 'BACK_SPACE + ' sent to object: 'Object Repository/FIM/Sites Page/Site Filtering/Site_txt'

21-10-2025T20:54:17 - [TEST_STEP][PASSED] - (i++): null

21-10-2025T20:54:17 - [TEST_STEP][PASSED] - sendKeys(findTestObject("FIM/Sites Page/Site Filtering/Site_txt"), Keys.chord(BACK_SPACE), STOP_ON_FAILURE): Keys 'BACK_SPACE + ' sent to object: 'Object Repository/FIM/Sites Page/Site Filtering/Site_txt'

21-10-2025T20:54:17 - [MESSAGE][PASSED] - Keys 'BACK_SPACE + ' sent to object: 'Object Repository/FIM/Sites Page/Site Filtering/Site_txt'

21-10-2025T20:54:17 - [TEST_STEP][PASSED] - (i++): null

21-10-2025T20:54:17 - [TEST_STEP][PASSED] - sendKeys(findTestObject("FIM/Sites Page/Site Filtering/Site_txt"), Keys.chord(BACK_SPACE), STOP_ON_FAILURE): Keys 'BACK_SPACE + ' sent to object: 'Object Repository/FIM/Sites Page/Site Filtering/Site_txt'

21-10-2025T20:54:17 - [MESSAGE][PASSED] - Keys 'BACK_SPACE + ' sent to object: 'Object Repository/FIM/Sites Page/Site Filtering/Site_txt'

21-10-2025T20:54:17 - [TEST_STEP][PASSED] - (i++): null

21-10-2025T20:54:17 - [TEST_STEP][PASSED] - sendKeys(findTestObject("FIM/Sites Page/Site Filtering/Site_txt"), Keys.chord(BACK_SPACE), STOP_ON_FAILURE): Keys 'BACK_SPACE + ' sent to object: 'Object Repository/FIM/Sites Page/Site Filtering/Site_txt'

21-10-2025T20:54:17 - [MESSAGE][PASSED] - Keys 'BACK_SPACE + ' sent to object: 'Object Repository/FIM/Sites Page/Site Filtering/Site_txt'

21-10-2025T20:54:17 - [TEST_STEP][PASSED] - (i++): null

21-10-2025T20:54:17 - [TEST_STEP][PASSED] - sendKeys(findTestObject("FIM/Sites Page/Site Filtering/Site_txt"), Keys.chord(BACK_SPACE), STOP_ON_FAILURE): Keys 'BACK_SPACE + ' sent to object: 'Object Repository/FIM/Sites Page/Site Filtering/Site_txt'

21-10-2025T20:54:17 - [MESSAGE][PASSED] - Keys 'BACK_SPACE + ' sent to object: 'Object Repository/FIM/Sites Page/Site Filtering/Site_txt'

21-10-2025T20:54:17 - [TEST_STEP][PASSED] - (i++): null

21-10-2025T20:54:17 - [TEST_STEP][PASSED] - sendKeys(findTestObject("FIM/Sites Page/Site Filtering/Site_txt"), Keys.chord(BACK_SPACE), STOP_ON_FAILURE): Keys 'BACK_SPACE + ' sent to object: 'Object Repository/FIM/Sites Page/Site Filtering/Site_txt'

21-10-2025T20:54:17 - [MESSAGE][PASSED] - Keys 'BACK_SPACE + ' sent to object: 'Object Repository/FIM/Sites Page/Site Filtering/Site_txt'

21-10-2025T20:54:17 - [TEST_STEP][PASSED] - (i++): null

21-10-2025T20:54:17 - [TEST_STEP][PASSED] - sendKeys(findTestObject("FIM/Sites Page/Site Filtering/Site_txt"), Keys.chord(BACK_SPACE), STOP_ON_FAILURE): Keys 'BACK_SPACE + ' sent to object: 'Object Repository/FIM/Sites Page/Site Filtering/Site_txt'

21-10-2025T20:54:18 - [MESSAGE][PASSED] - Keys 'BACK_SPACE + ' sent to object: 'Object Repository/FIM/Sites Page/Site Filtering/Site_txt'

21-10-2025T20:54:18 - [TEST_STEP][PASSED] - (i++): null

21-10-2025T20:54:18 - [TEST_STEP][PASSED] - sendKeys(findTestObject("FIM/Sites Page/Site Filtering/Site_txt"), Keys.chord(BACK_SPACE), STOP_ON_FAILURE): Keys 'BACK_SPACE + ' sent to object: 'Object Repository/FIM/Sites Page/Site Filtering/Site_txt'

21-10-2025T20:54:18 - [MESSAGE][PASSED] - Keys 'BACK_SPACE + ' sent to object: 'Object Repository/FIM/Sites Page/Site Filtering/Site_txt'

21-10-2025T20:54:18 - [TEST_STEP][PASSED] - (i++): null

21-10-2025T20:54:18 - [TEST_STEP][PASSED] - sendKeys(findTestObject("FIM/Sites Page/Site Filtering/Site_txt"), Keys.chord(BACK_SPACE), STOP_ON_FAILURE): Keys 'BACK_SPACE + ' sent to object: 'Object Repository/FIM/Sites Page/Site Filtering/Site_txt'

21-10-2025T20:54:18 - [MESSAGE][PASSED] - Keys 'BACK_SPACE + ' sent to object: 'Object Repository/FIM/Sites Page/Site Filtering/Site_txt'

21-10-2025T20:54:18 - [TEST_STEP][PASSED] - (i++): null

21-10-2025T20:54:18 - [TEST_STEP][PASSED] - sendKeys(findTestObject("FIM/Sites Page/Site Filtering/Site_txt"), Keys.chord(BACK_SPACE), STOP_ON_FAILURE): Keys 'BACK_SPACE + ' sent to object: 'Object Repository/FIM/Sites Page/Site Filtering/Site_txt'

21-10-2025T20:54:18 - [MESSAGE][PASSED] - Keys 'BACK_SPACE + ' sent to object: 'Object Repository/FIM/Sites Page/Site Filtering/Site_txt'

21-10-2025T20:54:18 - [TEST_STEP][PASSED] - (i++): null

21-10-2025T20:54:18 - [TEST_STEP][PASSED] - sendKeys(findTestObject("FIM/Sites Page/Site Filtering/Site_txt"), Keys.chord(BACK_SPACE), STOP_ON_FAILURE): Keys 'BACK_SPACE + ' sent to object: 'Object Repository/FIM/Sites Page/Site Filtering/Site_txt'

21-10-2025T20:54:18 - [MESSAGE][PASSED] - Keys 'BACK_SPACE + ' sent to object: 'Object Repository/FIM/Sites Page/Site Filtering/Site_txt'

21-10-2025T20:54:18 - [TEST_STEP][PASSED] - (i++): null

21-10-2025T20:54:18 - [TEST_STEP][PASSED] - sendKeys(findTestObject("FIM/Sites Page/Site Filtering/Site_txt"), Keys.chord(BACK_SPACE), STOP_ON_FAILURE): Keys 'BACK_SPACE + ' sent to object: 'Object Repository/FIM/Sites Page/Site Filtering/Site_txt'

21-10-2025T20:54:18 - [MESSAGE][PASSED] - Keys 'BACK_SPACE + ' sent to object: 'Object Repository/FIM/Sites Page/Site Filtering/Site_txt'

21-10-2025T20:54:18 - [TEST_STEP][PASSED] - (i++): null

21-10-2025T20:54:18 - [TEST_STEP][PASSED] - sendKeys(findTestObject("FIM/Sites Page/Site Filtering/Site_txt"), Keys.chord(BACK_SPACE), STOP_ON_FAILURE): Keys 'BACK_SPACE + ' sent to object: 'Object Repository/FIM/Sites Page/Site Filtering/Site_txt'

21-10-2025T20:54:18 - [MESSAGE][PASSED] - Keys 'BACK_SPACE + ' sent to object: 'Object Repository/FIM/Sites Page/Site Filtering/Site_txt'

21-10-2025T20:54:18 - [TEST_STEP][PASSED] - (i++): null

21-10-2025T20:54:18 - [TEST_STEP][PASSED] - sendKeys(findTestObject("FIM/Sites Page/Site Filtering/Site_txt"), Keys.chord(BACK_SPACE), STOP_ON_FAILURE): Keys 'BACK_SPACE + ' sent to object: 'Object Repository/FIM/Sites Page/Site Filtering/Site_txt'

21-10-2025T20:54:18 - [MESSAGE][PASSED] - Keys 'BACK_SPACE + ' sent to object: 'Object Repository/FIM/Sites Page/Site Filtering/Site_txt'

21-10-2025T20:54:18 - [TEST_STEP][PASSED] - (i++): null

21-10-2025T20:54:18 - [TEST_STEP][PASSED] - sendKeys(findTestObject("FIM/Sites Page/Site Filtering/Site_txt"), Keys.chord(BACK_SPACE), STOP_ON_FAILURE): Keys 'BACK_SPACE + ' sent to object: 'Object Repository/FIM/Sites Page/Site Filtering/Site_txt'

21-10-2025T20:54:18 - [MESSAGE][PASSED] - Keys 'BACK_SPACE + ' sent to object: 'Object Repository/FIM/Sites Page/Site Filtering/Site_txt'

21-10-2025T20:54:18 - [TEST_STEP][PASSED] - (i++): null

21-10-2025T20:54:18 - [TEST_STEP][PASSED] - sendKeys(findTestObject("FIM/Sites Page/Site Filtering/Site_txt"), Keys.chord(BACK_SPACE), STOP_ON_FAILURE): Keys 'BACK_SPACE + ' sent to object: 'Object Repository/FIM/Sites Page/Site Filtering/Site_txt'

21-10-2025T20:54:18 - [MESSAGE][PASSED] - Keys 'BACK_SPACE + ' sent to object: 'Object Repository/FIM/Sites Page/Site Filtering/Site_txt'

21-10-2025T20:54:18 - [TEST_STEP][PASSED] - (i++): null

21-10-2025T20:54:18 - [TEST_STEP][PASSED] - sendKeys(findTestObject("FIM/Sites Page/Site Filtering/Site_txt"), Keys.chord(BACK_SPACE), STOP_ON_FAILURE): Keys 'BACK_SPACE + ' sent to object: 'Object Repository/FIM/Sites Page/Site Filtering/Site_txt'

21-10-2025T20:54:18 - [MESSAGE][PASSED] - Keys 'BACK_SPACE + ' sent to object: 'Object Repository/FIM/Sites Page/Site Filtering/Site_txt'

21-10-2025T20:54:18 - [TEST_STEP][PASSED] - (i++): null

21-10-2025T20:54:18 - [TEST_STEP][PASSED] - sendKeys(findTestObject("FIM/Sites Page/Site Filtering/Site_txt"), Keys.chord(BACK_SPACE), STOP_ON_FAILURE): Keys 'BACK_SPACE + ' sent to object: 'Object Repository/FIM/Sites Page/Site Filtering/Site_txt'

21-10-2025T20:54:18 - [MESSAGE][PASSED] - Keys 'BACK_SPACE + ' sent to object: 'Object Repository/FIM/Sites Page/Site Filtering/Site_txt'

21-10-2025T20:54:18 - [TEST_STEP][PASSED] - (i++): null

21-10-2025T20:54:18 - [TEST_STEP][PASSED] - sendKeys(findTestObject("FIM/Sites Page/Site Filtering/Site_txt"), Keys.chord(BACK_SPACE), STOP_ON_FAILURE): Keys 'BACK_SPACE + ' sent to object: 'Object Repository/FIM/Sites Page/Site Filtering/Site_txt'

21-10-2025T20:54:19 - [MESSAGE][PASSED] - Keys 'BACK_SPACE + ' sent to object: 'Object Repository/FIM/Sites Page/Site Filtering/Site_txt'

21-10-2025T20:54:19 - [TEST_STEP][PASSED] - (i++): null

21-10-2025T20:54:19 - [TEST_STEP][PASSED] - sendKeys(findTestObject("FIM/Sites Page/Site Filtering/Site_txt"), Keys.chord(BACK_SPACE), STOP_ON_FAILURE): Keys 'BACK_SPACE + ' sent to object: 'Object Repository/FIM/Sites Page/Site Filtering/Site_txt'

21-10-2025T20:54:19 - [MESSAGE][PASSED] - Keys 'BACK_SPACE + ' sent to object: 'Object Repository/FIM/Sites Page/Site Filtering/Site_txt'

21-10-2025T20:54:19 - [TEST_STEP][PASSED] - (i++): null

21-10-2025T20:54:19 - [TEST_STEP][PASSED] - sendKeys(findTestObject("FIM/Sites Page/Site Filtering/Site_txt"), "TURK132 - 798 North", STOP_ON_FAILURE): Keys 'TURK132 - 798 North' sent to object: 'Object Repository/FIM/Sites Page/Site Filtering/Site_txt'

21-10-2025T20:54:19 - [MESSAGE][PASSED] - Keys 'TURK132 - 798 North' sent to object: 'Object Repository/FIM/Sites Page/Site Filtering/Site_txt'

21-10-2025T20:54:19 - [TEST_STEP][PASSED] - sendKeys(findTestObject("FIM/Sites Page/Site Filtering/Site_txt"), Keys.chord(ENTER), STOP_ON_FAILURE): Keys 'ENTER + ' sent to object: 'Object Repository/FIM/Sites Page/Site Filtering/Site_txt'

21-10-2025T20:54:19 - [MESSAGE][PASSED] - Keys 'ENTER + ' sent to object: 'Object Repository/FIM/Sites Page/Site Filtering/Site_txt'

21-10-2025T20:54:19 - [TEST_STEP][PASSED] - waitForElementClickable(findTestObject("FIM/Sites Page/Orders/Create Order/CreateOrder_btn"), 300): Object 'Object Repository/FIM/Sites Page/Orders/Create Order/CreateOrder_btn' is clickable

21-10-2025T20:54:20 - [MESSAGE][PASSED] - Object 'Object Repository/FIM/Sites Page/Orders/Create Order/CreateOrder_btn' is clickable

21-10-2025T20:54:20 - [TEST_STEP][PASSED] - click(findTestObject("FIM/Sites Page/Orders/Create Order/CreateOrder_btn"), OPTIONAL): Object: 'Object Repository/FIM/Sites Page/Orders/Create Order/CreateOrder_btn' is clicked on

21-10-2025T20:54:20 - [MESSAGE][PASSED] - Object: 'Object Repository/FIM/Sites Page/Orders/Create Order/CreateOrder_btn' is clicked on

21-10-2025T20:54:20 - [TEST_STEP][PASSED] - delay(1): Delayed 1 second(s)

21-10-2025T20:54:21 - [MESSAGE][PASSED] - Delayed 1 second(s)

21-10-2025T20:54:21 - [TEST_STEP][PASSED] - verifyElementPresent(findTestObject("FIM/Sites Page/Orders/Create Order/Split_Load_Order_toggle"), 10): Object 'Object Repository/FIM/Sites Page/Orders/Create Order/Split_Load_Order_toggle' is present

21-10-2025T20:54:21 - [MESSAGE][PASSED] - Object 'Object Repository/FIM/Sites Page/Orders/Create Order/Split_Load_Order_toggle' is present

21-10-2025T20:54:21 - [TEST_STEP][PASSED] - click(findTestObject("FIM/Sites Page/Orders/Create Order/Split_Load_Order_toggle"), STOP_ON_FAILURE): Object: 'Object Repository/FIM/Sites Page/Orders/Create Order/Split_Load_Order_toggle' is clicked on

21-10-2025T20:54:21 - [MESSAGE][PASSED] - Object: 'Object Repository/FIM/Sites Page/Orders/Create Order/Split_Load_Order_toggle' is clicked on

21-10-2025T20:54:21 - [TEST_STEP][PASSED] - delay(2): Delayed 2 second(s)

21-10-2025T20:54:23 - [MESSAGE][PASSED] - Delayed 2 second(s)

21-10-2025T20:54:23 - [TEST_STEP][PASSED] - sendKeys(findTestObject("FIM/Sites Page/Orders/Create Order/Split Order/Order_Site_Search_txt"), "TURK124 - 3664", STOP_ON_FAILURE): Keys 'TURK124 - 3664' sent to object: 'Object Repository/FIM/Sites Page/Orders/Create Order/Split Order/Order_Site_Search_txt'

21-10-2025T20:54:23 - [MESSAGE][PASSED] - Keys 'TURK124 - 3664' sent to object: 'Object Repository/FIM/Sites Page/Orders/Create Order/Split Order/Order_Site_Search_txt'

21-10-2025T20:54:23 - [TEST_STEP][PASSED] - delay(1): Delayed 1 second(s)

21-10-2025T20:54:24 - [MESSAGE][PASSED] - Delayed 1 second(s)

21-10-2025T20:54:24 - [TEST_STEP][PASSED] - sendKeys(findTestObject("FIM/Sites Page/Orders/Create Order/Split Order/Order_Site_Search_txt"), Keys.chord(ARROW_DOWN), STOP_ON_FAILURE): Keys 'DOWN + ' sent to object: 'Object Repository/FIM/Sites Page/Orders/Create Order/Split Order/Order_Site_Search_txt'

21-10-2025T20:54:24 - [MESSAGE][PASSED] - Keys 'DOWN + ' sent to object: 'Object Repository/FIM/Sites Page/Orders/Create Order/Split Order/Order_Site_Search_txt'

21-10-2025T20:54:24 - [TEST_STEP][PASSED] - delay(1): Delayed 1 second(s)

21-10-2025T20:54:25 - [MESSAGE][PASSED] - Delayed 1 second(s)

21-10-2025T20:54:25 - [TEST_STEP][PASSED] - sendKeys(findTestObject("FIM/Sites Page/Orders/Create Order/Split Order/Order_Site_Search_txt"), Keys.chord(ENTER), STOP_ON_FAILURE): Keys 'ENTER + ' sent to object: 'Object Repository/FIM/Sites Page/Orders/Create Order/Split Order/Order_Site_Search_txt'

21-10-2025T20:54:25 - [MESSAGE][PASSED] - Keys 'ENTER + ' sent to object: 'Object Repository/FIM/Sites Page/Orders/Create Order/Split Order/Order_Site_Search_txt'

21-10-2025T20:54:25 - [TEST_STEP][PASSED] - setText(findTestObject("FIM/Sites Page/Orders/Create Order/30PRM_txt (1)"), "5000"): Text '5000' is set on object 'Object Repository/FIM/Sites Page/Orders/Create Order/30PRM_txt (1)'

21-10-2025T20:54:26 - [MESSAGE][PASSED] - Text '5000' is set on object 'Object Repository/FIM/Sites Page/Orders/Create Order/30PRM_txt (1)'

21-10-2025T20:54:26 - [TEST_STEP][PASSED] - delay(2): Delayed 2 second(s)

21-10-2025T20:54:28 - [MESSAGE][PASSED] - Delayed 2 second(s)

21-10-2025T20:54:28 - [TEST_STEP][PASSED] - click(findTestObject("FIM/Sites Page/Orders/Create Order/Split Order/Add_Load_btn")): Object: 'Object Repository/FIM/Sites Page/Orders/Create Order/Split Order/Add_Load_btn' is clicked on

21-10-2025T20:54:28 - [MESSAGE][PASSED] - Object: 'Object Repository/FIM/Sites Page/Orders/Create Order/Split Order/Add_Load_btn' is clicked on

21-10-2025T20:54:28 - [TEST_STEP][PASSED] - delay(2): Delayed 2 second(s)

21-10-2025T20:54:30 - [MESSAGE][PASSED] - Delayed 2 second(s)

21-10-2025T20:54:30 - [TEST_STEP][PASSED] - verifyElementPresent(findTestObject("FIM/Sites Page/Orders/Create Order/Split Order/Site_Two_Tank_One_txt"), 10): Object 'Object Repository/FIM/Sites Page/Orders/Create Order/Split Order/Site_Two_Tank_One_txt' is present

21-10-2025T20:54:30 - [MESSAGE][PASSED] - Object 'Object Repository/FIM/Sites Page/Orders/Create Order/Split Order/Site_Two_Tank_One_txt' is present

21-10-2025T20:54:30 - [TEST_STEP][PASSED] - setText(findTestObject("FIM/Sites Page/Orders/Create Order/Split Order/Site_Two_Tank_One_txt"), "3600"): Text '3600' is set on object 'Object Repository/FIM/Sites Page/Orders/Create Order/Split Order/Site_Two_Tank_One_txt'

21-10-2025T20:54:30 - [MESSAGE][PASSED] - Text '3600' is set on object 'Object Repository/FIM/Sites Page/Orders/Create Order/Split Order/Site_Two_Tank_One_txt'

21-10-2025T20:54:30 - [TEST_STEP][PASSED] - verifyElementPresent(findTestObject("FIM/Sites Page/Orders/Create Order/Split Order/Split_Order_Remove_btn"), 10): Object 'Object Repository/FIM/Sites Page/Orders/Create Order/Split Order/Split_Order_Remove_btn' is present

21-10-2025T20:54:30 - [MESSAGE][PASSED] - Object 'Object Repository/FIM/Sites Page/Orders/Create Order/Split Order/Split_Order_Remove_btn' is present

21-10-2025T20:54:30 - [TEST_STEP][PASSED] - verifyElementText(findTestObject("FIM/Sites Page/Orders/Create Order/Split Order/Split_Order_Remove_btn"), "Remove"): Actual text and expected text of test object 'Object Repository/FIM/Sites Page/Orders/Create Order/Split Order/Split_Order_Remove_btn' are matched.

21-10-2025T20:54:30 - [MESSAGE][PASSED] - Actual text and expected text of test object 'Object Repository/FIM/Sites Page/Orders/Create Order/Split Order/Split_Order_Remove_btn' are matched.

21-10-2025T20:54:30 - [TEST_STEP][PASSED] - delay(1): Delayed 1 second(s)

21-10-2025T20:54:31 - [MESSAGE][PASSED] - Delayed 1 second(s)

21-10-2025T20:54:31 - [TEST_STEP][PASSED] - click(findTestObject("FIM/Sites Page/Orders/Create Order/Split Order/Split_Order_Remove_btn"), STOP_ON_FAILURE): Object: 'Object Repository/FIM/Sites Page/Orders/Create Order/Split Order/Split_Order_Remove_btn' is clicked on

21-10-2025T20:54:31 - [MESSAGE][PASSED] - Object: 'Object Repository/FIM/Sites Page/Orders/Create Order/Split Order/Split_Order_Remove_btn' is clicked on

21-10-2025T20:54:31 - [TEST_STEP][PASSED] - verifyElementNotPresent(findTestObject("FIM/Sites Page/Orders/Create Order/Split Order/Site_Two_Tank_One_txt"), 10): Web element with id: 'Object Repository/FIM/Sites Page/Orders/Create Order/Split Order/Site_Two_Tank_One_txt' located by 'By.xpath: //*[@id="order-10UNL"]' is not present after '10' second(s)

21-10-2025T20:54:31 - [MESSAGE][PASSED] - Web element with id: 'Object Repository/FIM/Sites Page/Orders/Create Order/Split Order/Site_Two_Tank_One_txt' located by 'By.xpath: //*[@id="order-10UNL"]' is not present after '10' second(s)

21-10-2025T20:54:31 - [TEST_STEP][PASSED] - closeBrowser(): Browser is closed

21-10-2025T20:54:31 - [MESSAGE][PASSED] - Browser is closed

21-10-2025T20:54:31 - [TEST_STEP][PASSED] - Start listener action : retryOnDisconnect: null

21-10-2025T20:54:31 - [TEST_STEP][PASSED] - tcId = testCaseContext.getTestCaseId(): null

21-10-2025T20:54:31 - [TEST_STEP][PASSED] - currentRetry = retryCounts.getOrDefault(tcId, 0): null

21-10-2025T20:54:31 - [TEST_STEP][PASSED] - if (testCaseContext.getTestCaseStatus() == "FAILED" && currentRetry < MAX_RETRIES): null]]></system-out>
         <system-err><![CDATA[]]></system-err>
      </testcase>
      <testcase name="Test Cases/FIM/UI/KGL/Admin/Sites Page/Orders/Verify Fix Errors Button" time="64.249" classname="Test Cases/FIM/UI/KGL/Admin/Sites Page/Orders/Verify Fix Errors Button" status="FAILED">
         <failure type="FAILED" message="Test Cases/FIM/UI/KGL/Admin/Sites Page/Orders/Verify Fix Errors Button FAILED.&#xa;Reason:&#xa;com.kms.katalon.core.exception.StepFailedException: Unable to verify object 'Object Repository/FIM/Sites Page/Orders/Create Order/Split Order/Site_Two_Tank_One_txt' is present&#xa;	at com.kms.katalon.core.webui.keyword.internal.WebUIKeywordMain.stepFailed(WebUIKeywordMain.groovy:117)&#xa;	at com.kms.katalon.core.webui.keyword.internal.WebUIKeywordMain.runKeyword(WebUIKeywordMain.groovy:43)&#xa;	at com.kms.katalon.core.webui.keyword.builtin.VerifyElementPresentKeyword.verifyElementPresent(VerifyElementPresentKeyword.groovy:92)&#xa;	at com.kms.katalon.core.webui.keyword.builtin.VerifyElementPresentKeyword.execute(VerifyElementPresentKeyword.groovy:68)&#xa;	at com.kms.katalon.core.keyword.internal.KeywordExecutor.executeKeywordForPlatform(KeywordExecutor.groovy:74)&#xa;	at com.kms.katalon.core.webui.keyword.WebUiBuiltInKeywords.verifyElementPresent(WebUiBuiltInKeywords.groovy:1503)&#xa;	at com.kms.katalon.core.webui.keyword.WebUiBuiltInKeywords$verifyElementPresent$6.call(Unknown Source)&#xa;	at Verify Fix Errors Button.run(Verify Fix Errors Button:81)&#xa;	at com.kms.katalon.core.main.ScriptEngine.run(ScriptEngine.java:194)&#xa;	at com.kms.katalon.core.main.ScriptEngine.runScriptAsRawText(ScriptEngine.java:119)&#xa;	at com.kms.katalon.core.main.TestCaseExecutor.runScript(TestCaseExecutor.java:448)&#xa;	at com.kms.katalon.core.main.TestCaseExecutor.doExecute(TestCaseExecutor.java:439)&#xa;	at com.kms.katalon.core.main.TestCaseExecutor.processExecutionPhase(TestCaseExecutor.java:418)&#xa;	at com.kms.katalon.core.main.TestCaseExecutor.accessMainPhase(TestCaseExecutor.java:410)&#xa;	at com.kms.katalon.core.main.TestCaseExecutor.execute(TestCaseExecutor.java:285)&#xa;	at com.kms.katalon.core.common.CommonExecutor.accessTestCaseMainPhase(CommonExecutor.java:65)&#xa;	at com.kms.katalon.core.main.TestSuiteExecutor.accessTestSuiteMainPhase(TestSuiteExecutor.java:150)&#xa;	at com.kms.katalon.core.main.TestSuiteExecutor.execute(TestSuiteExecutor.java:106)&#xa;	at com.kms.katalon.core.main.TestCaseMain.startTestSuite(TestCaseMain.java:180)&#xa;	at com.kms.katalon.core.main.TestCaseMain$startTestSuite$0.call(Unknown Source)&#xa;	at TempTestSuite1761090769781.run(TempTestSuite1761090769781.groovy:35)&#xa;	at java.base/jdk.internal.reflect.NativeMethodAccessorImpl.invoke0(Native Method)&#xa;	at java.base/jdk.internal.reflect.NativeMethodAccessorImpl.invoke(NativeMethodAccessorImpl.java:77)&#xa;	at java.base/jdk.internal.reflect.DelegatingMethodAccessorImpl.invoke(DelegatingMethodAccessorImpl.java:43)&#xa;Caused by: com.kms.katalon.core.exception.StepFailedException: com.kms.katalon.core.webui.exception.WebElementNotFoundException: Web element with id: 'Object Repository/FIM/Sites Page/Orders/Create Order/Split Order/Site_Two_Tank_One_txt' located by '//*[@id=&quot;order-10UNL&quot;]' not found&#xa;	at com.kms.katalon.core.webui.keyword.internal.WebUIKeywordMain.stepFailed(WebUIKeywordMain.groovy:117)&#xa;	at com.kms.katalon.core.webui.keyword.builtin.VerifyElementPresentKeyword$_verifyElementPresent_closure1.doCall(VerifyElementPresentKeyword.groovy:85)&#xa;	at com.kms.katalon.core.webui.keyword.builtin.VerifyElementPresentKeyword$_verifyElementPresent_closure1.call(VerifyElementPresentKeyword.groovy)&#xa;	at com.kms.katalon.core.webui.keyword.internal.WebUIKeywordMain.runKeyword(WebUIKeywordMain.groovy:35)&#xa;	... 22 more&#xa;"/>
         <system-out><![CDATA[21-10-2025T20:54:31 - [TEST_CASE][FAILED] - Test Cases/FIM/UI/KGL/Admin/Sites Page/Orders/Verify Fix Errors Button: Test Cases/FIM/UI/KGL/Admin/Sites Page/Orders/Verify Fix Errors Button FAILED.
Reason:
com.kms.katalon.core.exception.StepFailedException: Unable to verify object 'Object Repository/FIM/Sites Page/Orders/Create Order/Split Order/Site_Two_Tank_One_txt' is present
	at com.kms.katalon.core.webui.keyword.internal.WebUIKeywordMain.stepFailed(WebUIKeywordMain.groovy:117)
	at com.kms.katalon.core.webui.keyword.internal.WebUIKeywordMain.runKeyword(WebUIKeywordMain.groovy:43)
	at com.kms.katalon.core.webui.keyword.builtin.VerifyElementPresentKeyword.verifyElementPresent(VerifyElementPresentKeyword.groovy:92)
	at com.kms.katalon.core.webui.keyword.builtin.VerifyElementPresentKeyword.execute(VerifyElementPresentKeyword.groovy:68)
	at com.kms.katalon.core.keyword.internal.KeywordExecutor.executeKeywordForPlatform(KeywordExecutor.groovy:74)
	at com.kms.katalon.core.webui.keyword.WebUiBuiltInKeywords.verifyElementPresent(WebUiBuiltInKeywords.groovy:1503)
	at com.kms.katalon.core.webui.keyword.WebUiBuiltInKeywords$verifyElementPresent$6.call(Unknown Source)
	at Verify Fix Errors Button.run(Verify Fix Errors Button:81)
	at com.kms.katalon.core.main.ScriptEngine.run(ScriptEngine.java:194)
	at com.kms.katalon.core.main.ScriptEngine.runScriptAsRawText(ScriptEngine.java:119)
	at com.kms.katalon.core.main.TestCaseExecutor.runScript(TestCaseExecutor.java:448)
	at com.kms.katalon.core.main.TestCaseExecutor.doExecute(TestCaseExecutor.java:439)
	at com.kms.katalon.core.main.TestCaseExecutor.processExecutionPhase(TestCaseExecutor.java:418)
	at com.kms.katalon.core.main.TestCaseExecutor.accessMainPhase(TestCaseExecutor.java:410)
	at com.kms.katalon.core.main.TestCaseExecutor.execute(TestCaseExecutor.java:285)
	at com.kms.katalon.core.common.CommonExecutor.accessTestCaseMainPhase(CommonExecutor.java:65)
	at com.kms.katalon.core.main.TestSuiteExecutor.accessTestSuiteMainPhase(TestSuiteExecutor.java:150)
	at com.kms.katalon.core.main.TestSuiteExecutor.execute(TestSuiteExecutor.java:106)
	at com.kms.katalon.core.main.TestCaseMain.startTestSuite(TestCaseMain.java:180)
	at com.kms.katalon.core.main.TestCaseMain$startTestSuite$0.call(Unknown Source)
	at TempTestSuite1761090769781.run(TempTestSuite1761090769781.groovy:35)
	at java.base/jdk.internal.reflect.NativeMethodAccessorImpl.invoke0(Native Method)
	at java.base/jdk.internal.reflect.NativeMethodAccessorImpl.invoke(NativeMethodAccessorImpl.java:77)
	at java.base/jdk.internal.reflect.DelegatingMethodAccessorImpl.invoke(DelegatingMethodAccessorImpl.java:43)
Caused by: com.kms.katalon.core.exception.StepFailedException: com.kms.katalon.core.webui.exception.WebElementNotFoundException: Web element with id: 'Object Repository/FIM/Sites Page/Orders/Create Order/Split Order/Site_Two_Tank_One_txt' located by '//*[@id="order-10UNL"]' not found
	at com.kms.katalon.core.webui.keyword.internal.WebUIKeywordMain.stepFailed(WebUIKeywordMain.groovy:117)
	at com.kms.katalon.core.webui.keyword.builtin.VerifyElementPresentKeyword$_verifyElementPresent_closure1.doCall(VerifyElementPresentKeyword.groovy:85)
	at com.kms.katalon.core.webui.keyword.builtin.VerifyElementPresentKeyword$_verifyElementPresent_closure1.call(VerifyElementPresentKeyword.groovy)
	at com.kms.katalon.core.webui.keyword.internal.WebUIKeywordMain.runKeyword(WebUIKeywordMain.groovy:35)
	... 22 more


21-10-2025T20:54:31 - [TEST_STEP][PASSED] - Start listener action : beforeTestCase: null

21-10-2025T20:54:31 - [TEST_STEP][PASSED] - addDefaultPackages(): null

21-10-2025T20:54:31 - [TEST_STEP][PASSED] - i = 0: null

21-10-2025T20:54:31 - [TEST_STEP][PASSED] - callTestCase(findTestCase("Utility Scripts/FIM KGL Admin Login"), [:], STOP_ON_FAILURE): Call Test Case 'Test Cases/Utility Scripts/FIM KGL Admin Login' successfully

21-10-2025T20:54:31 - [TEST_CASE][PASSED] - Test Cases/Utility Scripts/FIM KGL Admin Login: Test Cases/Utility Scripts/FIM KGL Admin Login

21-10-2025T20:54:31 - [TEST_STEP][PASSED] - openBrowser(""): Browser is opened with url: ''

21-10-2025T20:54:31 - [MESSAGE][INFO] - Starting 'Chrome' driver

21-10-2025T20:54:31 - [MESSAGE][INFO] - User set preference: ['args', '[--no-sandbox, --disable-gpu, --disable-dev-shm-usage]']

21-10-2025T20:54:31 - [MESSAGE][INFO] - Action delay is set to 0 milliseconds

21-10-2025T20:54:32 - [MESSAGE][PASSED] - Browser is opened with url: ''

21-10-2025T20:54:32 - [TEST_STEP][PASSED] - delay(1): Delayed 1 second(s)

21-10-2025T20:54:33 - [MESSAGE][PASSED] - Delayed 1 second(s)

21-10-2025T20:54:33 - [TEST_STEP][PASSED] - navigateToUrl(KGLCustomGroupUrl): Navigate to 'https://kaglogistics-inventory-management-portal.qa.thekag.com/custom-group/' successfully

21-10-2025T20:54:33 - [MESSAGE][PASSED] - Navigate to 'https://kaglogistics-inventory-management-portal.qa.thekag.com/custom-group/' successfully

21-10-2025T20:54:33 - [TEST_STEP][PASSED] - delay(10): Delayed 10 second(s)

21-10-2025T20:54:43 - [MESSAGE][PASSED] - Delayed 10 second(s)

21-10-2025T20:54:43 - [TEST_STEP][PASSED] - if (maximizeWindow == true): Delayed 1 second(s)

21-10-2025T20:54:43 - [TEST_STEP][PASSED] - maximizeWindow(STOP_ON_FAILURE): Current window maximized

21-10-2025T20:54:43 - [MESSAGE][PASSED] - Current window maximized

21-10-2025T20:54:43 - [TEST_STEP][PASSED] - delay(1): Delayed 1 second(s)

21-10-2025T20:54:44 - [MESSAGE][PASSED] - Delayed 1 second(s)

21-10-2025T20:54:44 - [TEST_STEP][PASSED] - waitForElementPresent(findTestObject("FIM/Username_txt"), 10): Object 'Object Repository/FIM/Username_txt' is present

21-10-2025T20:54:44 - [MESSAGE][PASSED] - Object 'Object Repository/FIM/Username_txt' is present

21-10-2025T20:54:44 - [TEST_STEP][PASSED] - setText(findTestObject("FIM/Username_txt"), FIMUsername): Text 'Chris.Sheldon+DES_QA@Thekag.com' is set on object 'Object Repository/FIM/Username_txt'

21-10-2025T20:54:45 - [MESSAGE][PASSED] - Text 'Chris.Sheldon+DES_QA@Thekag.com' is set on object 'Object Repository/FIM/Username_txt'

21-10-2025T20:54:45 - [TEST_STEP][PASSED] - delay(1): Delayed 1 second(s)

21-10-2025T20:54:46 - [MESSAGE][PASSED] - Delayed 1 second(s)

21-10-2025T20:54:46 - [TEST_STEP][PASSED] - setText(findTestObject("FIM/Password_txt"), FIMPassword): Text 'QATest!2' is set on object 'Object Repository/FIM/Password_txt'

21-10-2025T20:54:46 - [MESSAGE][PASSED] - Text 'QATest!2' is set on object 'Object Repository/FIM/Password_txt'

21-10-2025T20:54:46 - [TEST_STEP][PASSED] - delay(1): Delayed 1 second(s)

21-10-2025T20:54:47 - [MESSAGE][PASSED] - Delayed 1 second(s)

21-10-2025T20:54:47 - [TEST_STEP][PASSED] - click(findTestObject("FIM/Login_btn")): Object: 'Object Repository/FIM/Login_btn' is clicked on

21-10-2025T20:54:47 - [MESSAGE][PASSED] - Object: 'Object Repository/FIM/Login_btn' is clicked on

21-10-2025T20:54:47 - [MESSAGE][PASSED] - Call Test Case 'Test Cases/Utility Scripts/FIM KGL Admin Login' successfully

21-10-2025T20:54:47 - [TEST_STEP][PASSED] - if (verifyElementVisible(findTestObject("FIM/Server_Notification_Close_btn"), OPTIONAL) == true): Web element with id: 'Object Repository/FIM/Server_Notification_Close_btn' located by '/html/body/div/div[1]/button' not found (Root cause: com.kms.katalon.core.exception.StepFailedException: Web element with id: 'Object Repository/FIM/Server_Notification_Close_btn' located by '/html/body/div/div[1]/button' not found
	at com.kms.katalon.core.webui.keyword.internal.WebUIKeywordMain.stepFailed(WebUIKeywordMain.groovy:117)
	at com.kms.katalon.core.webui.keyword.builtin.VerifyElementVisibleKeyword$_verifyElementVisible_closure1.doCall(VerifyElementVisibleKeyword.groovy:89)
	at com.kms.katalon.core.webui.keyword.builtin.VerifyElementVisibleKeyword$_verifyElementVisible_closure1.call(VerifyElementVisibleKeyword.groovy)
	at com.kms.katalon.core.webui.keyword.internal.WebUIKeywordMain.runKeyword(WebUIKeywordMain.groovy:35)
	at com.kms.katalon.core.webui.keyword.builtin.VerifyElementVisibleKeyword.verifyElementVisible(VerifyElementVisibleKeyword.groovy:97)
	at com.kms.katalon.core.webui.keyword.builtin.VerifyElementVisibleKeyword.execute(VerifyElementVisibleKeyword.groovy:67)
	at com.kms.katalon.core.keyword.internal.KeywordExecutor.executeKeywordForPlatform(KeywordExecutor.groovy:74)
	at com.kms.katalon.core.webui.keyword.WebUiBuiltInKeywords.verifyElementVisible(WebUiBuiltInKeywords.groovy:401)
	at com.kms.katalon.core.webui.keyword.WebUiBuiltInKeywords$verifyElementVisible$5.call(Unknown Source)
	at Verify Fix Errors Button.run(Verify Fix Errors Button:24)
	at com.kms.katalon.core.main.ScriptEngine.run(ScriptEngine.java:194)
	at com.kms.katalon.core.main.ScriptEngine.runScriptAsRawText(ScriptEngine.java:119)
	at com.kms.katalon.core.main.TestCaseExecutor.runScript(TestCaseExecutor.java:448)
	at com.kms.katalon.core.main.TestCaseExecutor.doExecute(TestCaseExecutor.java:439)
	at com.kms.katalon.core.main.TestCaseExecutor.processExecutionPhase(TestCaseExecutor.java:418)
	at com.kms.katalon.core.main.TestCaseExecutor.accessMainPhase(TestCaseExecutor.java:410)
	at com.kms.katalon.core.main.TestCaseExecutor.execute(TestCaseExecutor.java:285)
	at com.kms.katalon.core.common.CommonExecutor.accessTestCaseMainPhase(CommonExecutor.java:65)
	at com.kms.katalon.core.main.TestSuiteExecutor.accessTestSuiteMainPhase(TestSuiteExecutor.java:150)
	at com.kms.katalon.core.main.TestSuiteExecutor.execute(TestSuiteExecutor.java:106)
	at com.kms.katalon.core.main.TestCaseMain.startTestSuite(TestCaseMain.java:180)
	at com.kms.katalon.core.main.TestCaseMain$startTestSuite$0.call(Unknown Source)
	at TempTestSuite1761090769781.run(TempTestSuite1761090769781.groovy:35)
	at java.base/jdk.internal.reflect.NativeMethodAccessorImpl.invoke0(Native Method)
	at java.base/jdk.internal.reflect.NativeMethodAccessorImpl.invoke(NativeMethodAccessorImpl.java:77)
	at java.base/jdk.internal.reflect.DelegatingMethodAccessorImpl.invoke(DelegatingMethodAccessorImpl.java:43)
)

21-10-2025T20:55:03 - [MESSAGE][INFO] - Unable to find the element located by 'By.xpath: /html/body/div/div[1]/button'. Please recheck the objects properties to make sure the desired element is located. 

21-10-2025T20:55:03 - [MESSAGE][WARNING] - [SELF-HEALING] Failed to find element with id 'Object Repository/FIM/Server_Notification_Close_btn'. Try using Self-healing.

21-10-2025T20:55:04 - [MESSAGE][INFO] - [SELF-HEALING] No working XPath is found.

21-10-2025T20:55:06 - [MESSAGE][INFO] - Unable to find the element located by 'By.xpath: '. Please recheck the objects properties to make sure the desired element is located. 

21-10-2025T20:55:06 - [MESSAGE][WARNING] - [SELF-HEALING] Cannot find elements when the selector is null

21-10-2025T20:55:06 - [MESSAGE][WARNING] - Web element with id: 'Object Repository/FIM/Server_Notification_Close_btn' located by '/html/body/div/div[1]/button' not found (Root cause: com.kms.katalon.core.exception.StepFailedException: Web element with id: 'Object Repository/FIM/Server_Notification_Close_btn' located by '/html/body/div/div[1]/button' not found
	at com.kms.katalon.core.webui.keyword.internal.WebUIKeywordMain.stepFailed(WebUIKeywordMain.groovy:117)
	at com.kms.katalon.core.webui.keyword.builtin.VerifyElementVisibleKeyword$_verifyElementVisible_closure1.doCall(VerifyElementVisibleKeyword.groovy:89)
	at com.kms.katalon.core.webui.keyword.builtin.VerifyElementVisibleKeyword$_verifyElementVisible_closure1.call(VerifyElementVisibleKeyword.groovy)
	at com.kms.katalon.core.webui.keyword.internal.WebUIKeywordMain.runKeyword(WebUIKeywordMain.groovy:35)
	at com.kms.katalon.core.webui.keyword.builtin.VerifyElementVisibleKeyword.verifyElementVisible(VerifyElementVisibleKeyword.groovy:97)
	at com.kms.katalon.core.webui.keyword.builtin.VerifyElementVisibleKeyword.execute(VerifyElementVisibleKeyword.groovy:67)
	at com.kms.katalon.core.keyword.internal.KeywordExecutor.executeKeywordForPlatform(KeywordExecutor.groovy:74)
	at com.kms.katalon.core.webui.keyword.WebUiBuiltInKeywords.verifyElementVisible(WebUiBuiltInKeywords.groovy:401)
	at com.kms.katalon.core.webui.keyword.WebUiBuiltInKeywords$verifyElementVisible$5.call(Unknown Source)
	at Verify Fix Errors Button.run(Verify Fix Errors Button:24)
	at com.kms.katalon.core.main.ScriptEngine.run(ScriptEngine.java:194)
	at com.kms.katalon.core.main.ScriptEngine.runScriptAsRawText(ScriptEngine.java:119)
	at com.kms.katalon.core.main.TestCaseExecutor.runScript(TestCaseExecutor.java:448)
	at com.kms.katalon.core.main.TestCaseExecutor.doExecute(TestCaseExecutor.java:439)
	at com.kms.katalon.core.main.TestCaseExecutor.processExecutionPhase(TestCaseExecutor.java:418)
	at com.kms.katalon.core.main.TestCaseExecutor.accessMainPhase(TestCaseExecutor.java:410)
	at com.kms.katalon.core.main.TestCaseExecutor.execute(TestCaseExecutor.java:285)
	at com.kms.katalon.core.common.CommonExecutor.accessTestCaseMainPhase(CommonExecutor.java:65)
	at com.kms.katalon.core.main.TestSuiteExecutor.accessTestSuiteMainPhase(TestSuiteExecutor.java:150)
	at com.kms.katalon.core.main.TestSuiteExecutor.execute(TestSuiteExecutor.java:106)
	at com.kms.katalon.core.main.TestCaseMain.startTestSuite(TestCaseMain.java:180)
	at com.kms.katalon.core.main.TestCaseMain$startTestSuite$0.call(Unknown Source)
	at TempTestSuite1761090769781.run(TempTestSuite1761090769781.groovy:35)
	at java.base/jdk.internal.reflect.NativeMethodAccessorImpl.invoke0(Native Method)
	at java.base/jdk.internal.reflect.NativeMethodAccessorImpl.invoke(NativeMethodAccessorImpl.java:77)
	at java.base/jdk.internal.reflect.DelegatingMethodAccessorImpl.invoke(DelegatingMethodAccessorImpl.java:43)
)

21-10-2025T20:55:06 - [TEST_STEP][PASSED] - delay(1): Delayed 1 second(s)

21-10-2025T20:55:07 - [MESSAGE][PASSED] - Delayed 1 second(s)

21-10-2025T20:55:07 - [TEST_STEP][PASSED] - click(findTestObject("FIM/Hamburger Menu List/Hamburger_menu")): Object: 'Object Repository/FIM/Hamburger Menu List/Hamburger_menu' is clicked on

21-10-2025T20:55:07 - [MESSAGE][PASSED] - Object: 'Object Repository/FIM/Hamburger Menu List/Hamburger_menu' is clicked on

21-10-2025T20:55:07 - [TEST_STEP][PASSED] - verifyElementPresent(findTestObject("FIM/Hamburger Menu List/Sites_list (1)"), 10): Object 'Object Repository/FIM/Hamburger Menu List/Sites_list (1)' is present

21-10-2025T20:55:07 - [MESSAGE][PASSED] - Object 'Object Repository/FIM/Hamburger Menu List/Sites_list (1)' is present

21-10-2025T20:55:07 - [TEST_STEP][PASSED] - delay(1): Delayed 1 second(s)

21-10-2025T20:55:08 - [MESSAGE][PASSED] - Delayed 1 second(s)

21-10-2025T20:55:08 - [TEST_STEP][PASSED] - click(findTestObject("FIM/Hamburger Menu List/Sites_list (1)")): Object: 'Object Repository/FIM/Hamburger Menu List/Sites_list (1)' is clicked on

21-10-2025T20:55:08 - [MESSAGE][PASSED] - Object: 'Object Repository/FIM/Hamburger Menu List/Sites_list (1)' is clicked on

21-10-2025T20:55:08 - [TEST_STEP][PASSED] - waitForElementPresent(findTestObject("FIM/Sites Page/Calculator/Calculator Tab"), 10): Object 'Object Repository/FIM/Sites Page/Calculator/Calculator Tab' is present

21-10-2025T20:55:09 - [MESSAGE][PASSED] - Object 'Object Repository/FIM/Sites Page/Calculator/Calculator Tab' is present

21-10-2025T20:55:09 - [TEST_STEP][PASSED] - selectOptionByLabel(findTestObject("FIM/Sites Page/Site Filtering/Region Selection_dropdown"), "KAG LOGISTICS", false): All options with label 'KAG LOGISTICS' are selected in object 'Object Repository/FIM/Sites Page/Site Filtering/Region Selection_dropdown' 

21-10-2025T20:55:09 - [MESSAGE][PASSED] - All options with label 'KAG LOGISTICS' are selected in object 'Object Repository/FIM/Sites Page/Site Filtering/Region Selection_dropdown' 

21-10-2025T20:55:09 - [TEST_STEP][PASSED] - while (i < 60 == true): null

21-10-2025T20:55:09 - [TEST_STEP][PASSED] - sendKeys(findTestObject("FIM/Sites Page/Site Filtering/Site_txt"), Keys.chord(BACK_SPACE), STOP_ON_FAILURE): Keys 'BACK_SPACE + ' sent to object: 'Object Repository/FIM/Sites Page/Site Filtering/Site_txt'

21-10-2025T20:55:10 - [MESSAGE][PASSED] - Keys 'BACK_SPACE + ' sent to object: 'Object Repository/FIM/Sites Page/Site Filtering/Site_txt'

21-10-2025T20:55:10 - [TEST_STEP][PASSED] - (i++): null

21-10-2025T20:55:10 - [TEST_STEP][PASSED] - sendKeys(findTestObject("FIM/Sites Page/Site Filtering/Site_txt"), Keys.chord(BACK_SPACE), STOP_ON_FAILURE): Keys 'BACK_SPACE + ' sent to object: 'Object Repository/FIM/Sites Page/Site Filtering/Site_txt'

21-10-2025T20:55:10 - [MESSAGE][PASSED] - Keys 'BACK_SPACE + ' sent to object: 'Object Repository/FIM/Sites Page/Site Filtering/Site_txt'

21-10-2025T20:55:10 - [TEST_STEP][PASSED] - (i++): null

21-10-2025T20:55:10 - [TEST_STEP][PASSED] - sendKeys(findTestObject("FIM/Sites Page/Site Filtering/Site_txt"), Keys.chord(BACK_SPACE), STOP_ON_FAILURE): Keys 'BACK_SPACE + ' sent to object: 'Object Repository/FIM/Sites Page/Site Filtering/Site_txt'

21-10-2025T20:55:10 - [MESSAGE][PASSED] - Keys 'BACK_SPACE + ' sent to object: 'Object Repository/FIM/Sites Page/Site Filtering/Site_txt'

21-10-2025T20:55:10 - [TEST_STEP][PASSED] - (i++): null

21-10-2025T20:55:10 - [TEST_STEP][PASSED] - sendKeys(findTestObject("FIM/Sites Page/Site Filtering/Site_txt"), Keys.chord(BACK_SPACE), STOP_ON_FAILURE): Keys 'BACK_SPACE + ' sent to object: 'Object Repository/FIM/Sites Page/Site Filtering/Site_txt'

21-10-2025T20:55:10 - [MESSAGE][PASSED] - Keys 'BACK_SPACE + ' sent to object: 'Object Repository/FIM/Sites Page/Site Filtering/Site_txt'

21-10-2025T20:55:10 - [TEST_STEP][PASSED] - (i++): null

21-10-2025T20:55:10 - [TEST_STEP][PASSED] - sendKeys(findTestObject("FIM/Sites Page/Site Filtering/Site_txt"), Keys.chord(BACK_SPACE), STOP_ON_FAILURE): Keys 'BACK_SPACE + ' sent to object: 'Object Repository/FIM/Sites Page/Site Filtering/Site_txt'

21-10-2025T20:55:10 - [MESSAGE][PASSED] - Keys 'BACK_SPACE + ' sent to object: 'Object Repository/FIM/Sites Page/Site Filtering/Site_txt'

21-10-2025T20:55:10 - [TEST_STEP][PASSED] - (i++): null

21-10-2025T20:55:10 - [TEST_STEP][PASSED] - sendKeys(findTestObject("FIM/Sites Page/Site Filtering/Site_txt"), Keys.chord(BACK_SPACE), STOP_ON_FAILURE): Keys 'BACK_SPACE + ' sent to object: 'Object Repository/FIM/Sites Page/Site Filtering/Site_txt'

21-10-2025T20:55:11 - [MESSAGE][PASSED] - Keys 'BACK_SPACE + ' sent to object: 'Object Repository/FIM/Sites Page/Site Filtering/Site_txt'

21-10-2025T20:55:11 - [TEST_STEP][PASSED] - (i++): null

21-10-2025T20:55:11 - [TEST_STEP][PASSED] - sendKeys(findTestObject("FIM/Sites Page/Site Filtering/Site_txt"), Keys.chord(BACK_SPACE), STOP_ON_FAILURE): Keys 'BACK_SPACE + ' sent to object: 'Object Repository/FIM/Sites Page/Site Filtering/Site_txt'

21-10-2025T20:55:11 - [MESSAGE][PASSED] - Keys 'BACK_SPACE + ' sent to object: 'Object Repository/FIM/Sites Page/Site Filtering/Site_txt'

21-10-2025T20:55:11 - [TEST_STEP][PASSED] - (i++): null

21-10-2025T20:55:11 - [TEST_STEP][PASSED] - sendKeys(findTestObject("FIM/Sites Page/Site Filtering/Site_txt"), Keys.chord(BACK_SPACE), STOP_ON_FAILURE): Keys 'BACK_SPACE + ' sent to object: 'Object Repository/FIM/Sites Page/Site Filtering/Site_txt'

21-10-2025T20:55:11 - [MESSAGE][PASSED] - Keys 'BACK_SPACE + ' sent to object: 'Object Repository/FIM/Sites Page/Site Filtering/Site_txt'

21-10-2025T20:55:11 - [TEST_STEP][PASSED] - (i++): null

21-10-2025T20:55:11 - [TEST_STEP][PASSED] - sendKeys(findTestObject("FIM/Sites Page/Site Filtering/Site_txt"), Keys.chord(BACK_SPACE), STOP_ON_FAILURE): Keys 'BACK_SPACE + ' sent to object: 'Object Repository/FIM/Sites Page/Site Filtering/Site_txt'

21-10-2025T20:55:11 - [MESSAGE][PASSED] - Keys 'BACK_SPACE + ' sent to object: 'Object Repository/FIM/Sites Page/Site Filtering/Site_txt'

21-10-2025T20:55:11 - [TEST_STEP][PASSED] - (i++): null

21-10-2025T20:55:11 - [TEST_STEP][PASSED] - sendKeys(findTestObject("FIM/Sites Page/Site Filtering/Site_txt"), Keys.chord(BACK_SPACE), STOP_ON_FAILURE): Keys 'BACK_SPACE + ' sent to object: 'Object Repository/FIM/Sites Page/Site Filtering/Site_txt'

21-10-2025T20:55:11 - [MESSAGE][PASSED] - Keys 'BACK_SPACE + ' sent to object: 'Object Repository/FIM/Sites Page/Site Filtering/Site_txt'

21-10-2025T20:55:11 - [TEST_STEP][PASSED] - (i++): null

21-10-2025T20:55:11 - [TEST_STEP][PASSED] - sendKeys(findTestObject("FIM/Sites Page/Site Filtering/Site_txt"), Keys.chord(BACK_SPACE), STOP_ON_FAILURE): Keys 'BACK_SPACE + ' sent to object: 'Object Repository/FIM/Sites Page/Site Filtering/Site_txt'

21-10-2025T20:55:11 - [MESSAGE][PASSED] - Keys 'BACK_SPACE + ' sent to object: 'Object Repository/FIM/Sites Page/Site Filtering/Site_txt'

21-10-2025T20:55:11 - [TEST_STEP][PASSED] - (i++): null

21-10-2025T20:55:11 - [TEST_STEP][PASSED] - sendKeys(findTestObject("FIM/Sites Page/Site Filtering/Site_txt"), Keys.chord(BACK_SPACE), STOP_ON_FAILURE): Keys 'BACK_SPACE + ' sent to object: 'Object Repository/FIM/Sites Page/Site Filtering/Site_txt'

21-10-2025T20:55:11 - [MESSAGE][PASSED] - Keys 'BACK_SPACE + ' sent to object: 'Object Repository/FIM/Sites Page/Site Filtering/Site_txt'

21-10-2025T20:55:11 - [TEST_STEP][PASSED] - (i++): null

21-10-2025T20:55:11 - [TEST_STEP][PASSED] - sendKeys(findTestObject("FIM/Sites Page/Site Filtering/Site_txt"), Keys.chord(BACK_SPACE), STOP_ON_FAILURE): Keys 'BACK_SPACE + ' sent to object: 'Object Repository/FIM/Sites Page/Site Filtering/Site_txt'

21-10-2025T20:55:11 - [MESSAGE][PASSED] - Keys 'BACK_SPACE + ' sent to object: 'Object Repository/FIM/Sites Page/Site Filtering/Site_txt'

21-10-2025T20:55:11 - [TEST_STEP][PASSED] - (i++): null

21-10-2025T20:55:11 - [TEST_STEP][PASSED] - sendKeys(findTestObject("FIM/Sites Page/Site Filtering/Site_txt"), Keys.chord(BACK_SPACE), STOP_ON_FAILURE): Keys 'BACK_SPACE + ' sent to object: 'Object Repository/FIM/Sites Page/Site Filtering/Site_txt'

21-10-2025T20:55:11 - [MESSAGE][PASSED] - Keys 'BACK_SPACE + ' sent to object: 'Object Repository/FIM/Sites Page/Site Filtering/Site_txt'

21-10-2025T20:55:11 - [TEST_STEP][PASSED] - (i++): null

21-10-2025T20:55:11 - [TEST_STEP][PASSED] - sendKeys(findTestObject("FIM/Sites Page/Site Filtering/Site_txt"), Keys.chord(BACK_SPACE), STOP_ON_FAILURE): Keys 'BACK_SPACE + ' sent to object: 'Object Repository/FIM/Sites Page/Site Filtering/Site_txt'

21-10-2025T20:55:11 - [MESSAGE][PASSED] - Keys 'BACK_SPACE + ' sent to object: 'Object Repository/FIM/Sites Page/Site Filtering/Site_txt'

21-10-2025T20:55:11 - [TEST_STEP][PASSED] - (i++): null

21-10-2025T20:55:11 - [TEST_STEP][PASSED] - sendKeys(findTestObject("FIM/Sites Page/Site Filtering/Site_txt"), Keys.chord(BACK_SPACE), STOP_ON_FAILURE): Keys 'BACK_SPACE + ' sent to object: 'Object Repository/FIM/Sites Page/Site Filtering/Site_txt'

21-10-2025T20:55:11 - [MESSAGE][PASSED] - Keys 'BACK_SPACE + ' sent to object: 'Object Repository/FIM/Sites Page/Site Filtering/Site_txt'

21-10-2025T20:55:11 - [TEST_STEP][PASSED] - (i++): null

21-10-2025T20:55:11 - [TEST_STEP][PASSED] - sendKeys(findTestObject("FIM/Sites Page/Site Filtering/Site_txt"), Keys.chord(BACK_SPACE), STOP_ON_FAILURE): Keys 'BACK_SPACE + ' sent to object: 'Object Repository/FIM/Sites Page/Site Filtering/Site_txt'

21-10-2025T20:55:11 - [MESSAGE][PASSED] - Keys 'BACK_SPACE + ' sent to object: 'Object Repository/FIM/Sites Page/Site Filtering/Site_txt'

21-10-2025T20:55:11 - [TEST_STEP][PASSED] - (i++): null

21-10-2025T20:55:11 - [TEST_STEP][PASSED] - sendKeys(findTestObject("FIM/Sites Page/Site Filtering/Site_txt"), Keys.chord(BACK_SPACE), STOP_ON_FAILURE): Keys 'BACK_SPACE + ' sent to object: 'Object Repository/FIM/Sites Page/Site Filtering/Site_txt'

21-10-2025T20:55:11 - [MESSAGE][PASSED] - Keys 'BACK_SPACE + ' sent to object: 'Object Repository/FIM/Sites Page/Site Filtering/Site_txt'

21-10-2025T20:55:11 - [TEST_STEP][PASSED] - (i++): null

21-10-2025T20:55:11 - [TEST_STEP][PASSED] - sendKeys(findTestObject("FIM/Sites Page/Site Filtering/Site_txt"), Keys.chord(BACK_SPACE), STOP_ON_FAILURE): Keys 'BACK_SPACE + ' sent to object: 'Object Repository/FIM/Sites Page/Site Filtering/Site_txt'

21-10-2025T20:55:11 - [MESSAGE][PASSED] - Keys 'BACK_SPACE + ' sent to object: 'Object Repository/FIM/Sites Page/Site Filtering/Site_txt'

21-10-2025T20:55:11 - [TEST_STEP][PASSED] - (i++): null

21-10-2025T20:55:11 - [TEST_STEP][PASSED] - sendKeys(findTestObject("FIM/Sites Page/Site Filtering/Site_txt"), Keys.chord(BACK_SPACE), STOP_ON_FAILURE): Keys 'BACK_SPACE + ' sent to object: 'Object Repository/FIM/Sites Page/Site Filtering/Site_txt'

21-10-2025T20:55:11 - [MESSAGE][PASSED] - Keys 'BACK_SPACE + ' sent to object: 'Object Repository/FIM/Sites Page/Site Filtering/Site_txt'

21-10-2025T20:55:11 - [TEST_STEP][PASSED] - (i++): null

21-10-2025T20:55:11 - [TEST_STEP][PASSED] - sendKeys(findTestObject("FIM/Sites Page/Site Filtering/Site_txt"), Keys.chord(BACK_SPACE), STOP_ON_FAILURE): Keys 'BACK_SPACE + ' sent to object: 'Object Repository/FIM/Sites Page/Site Filtering/Site_txt'

21-10-2025T20:55:11 - [MESSAGE][PASSED] - Keys 'BACK_SPACE + ' sent to object: 'Object Repository/FIM/Sites Page/Site Filtering/Site_txt'

21-10-2025T20:55:11 - [TEST_STEP][PASSED] - (i++): null

21-10-2025T20:55:11 - [TEST_STEP][PASSED] - sendKeys(findTestObject("FIM/Sites Page/Site Filtering/Site_txt"), Keys.chord(BACK_SPACE), STOP_ON_FAILURE): Keys 'BACK_SPACE + ' sent to object: 'Object Repository/FIM/Sites Page/Site Filtering/Site_txt'

21-10-2025T20:55:11 - [MESSAGE][PASSED] - Keys 'BACK_SPACE + ' sent to object: 'Object Repository/FIM/Sites Page/Site Filtering/Site_txt'

21-10-2025T20:55:11 - [TEST_STEP][PASSED] - (i++): null

21-10-2025T20:55:11 - [TEST_STEP][PASSED] - sendKeys(findTestObject("FIM/Sites Page/Site Filtering/Site_txt"), Keys.chord(BACK_SPACE), STOP_ON_FAILURE): Keys 'BACK_SPACE + ' sent to object: 'Object Repository/FIM/Sites Page/Site Filtering/Site_txt'

21-10-2025T20:55:11 - [MESSAGE][PASSED] - Keys 'BACK_SPACE + ' sent to object: 'Object Repository/FIM/Sites Page/Site Filtering/Site_txt'

21-10-2025T20:55:11 - [TEST_STEP][PASSED] - (i++): null

21-10-2025T20:55:11 - [TEST_STEP][PASSED] - sendKeys(findTestObject("FIM/Sites Page/Site Filtering/Site_txt"), Keys.chord(BACK_SPACE), STOP_ON_FAILURE): Keys 'BACK_SPACE + ' sent to object: 'Object Repository/FIM/Sites Page/Site Filtering/Site_txt'

21-10-2025T20:55:12 - [MESSAGE][PASSED] - Keys 'BACK_SPACE + ' sent to object: 'Object Repository/FIM/Sites Page/Site Filtering/Site_txt'

21-10-2025T20:55:12 - [TEST_STEP][PASSED] - (i++): null

21-10-2025T20:55:12 - [TEST_STEP][PASSED] - sendKeys(findTestObject("FIM/Sites Page/Site Filtering/Site_txt"), Keys.chord(BACK_SPACE), STOP_ON_FAILURE): Keys 'BACK_SPACE + ' sent to object: 'Object Repository/FIM/Sites Page/Site Filtering/Site_txt'

21-10-2025T20:55:12 - [MESSAGE][PASSED] - Keys 'BACK_SPACE + ' sent to object: 'Object Repository/FIM/Sites Page/Site Filtering/Site_txt'

21-10-2025T20:55:12 - [TEST_STEP][PASSED] - (i++): null

21-10-2025T20:55:12 - [TEST_STEP][PASSED] - sendKeys(findTestObject("FIM/Sites Page/Site Filtering/Site_txt"), Keys.chord(BACK_SPACE), STOP_ON_FAILURE): Keys 'BACK_SPACE + ' sent to object: 'Object Repository/FIM/Sites Page/Site Filtering/Site_txt'

21-10-2025T20:55:12 - [MESSAGE][PASSED] - Keys 'BACK_SPACE + ' sent to object: 'Object Repository/FIM/Sites Page/Site Filtering/Site_txt'

21-10-2025T20:55:12 - [TEST_STEP][PASSED] - (i++): null

21-10-2025T20:55:12 - [TEST_STEP][PASSED] - sendKeys(findTestObject("FIM/Sites Page/Site Filtering/Site_txt"), Keys.chord(BACK_SPACE), STOP_ON_FAILURE): Keys 'BACK_SPACE + ' sent to object: 'Object Repository/FIM/Sites Page/Site Filtering/Site_txt'

21-10-2025T20:55:12 - [MESSAGE][PASSED] - Keys 'BACK_SPACE + ' sent to object: 'Object Repository/FIM/Sites Page/Site Filtering/Site_txt'

21-10-2025T20:55:12 - [TEST_STEP][PASSED] - (i++): null

21-10-2025T20:55:12 - [TEST_STEP][PASSED] - sendKeys(findTestObject("FIM/Sites Page/Site Filtering/Site_txt"), Keys.chord(BACK_SPACE), STOP_ON_FAILURE): Keys 'BACK_SPACE + ' sent to object: 'Object Repository/FIM/Sites Page/Site Filtering/Site_txt'

21-10-2025T20:55:12 - [MESSAGE][PASSED] - Keys 'BACK_SPACE + ' sent to object: 'Object Repository/FIM/Sites Page/Site Filtering/Site_txt'

21-10-2025T20:55:12 - [TEST_STEP][PASSED] - (i++): null

21-10-2025T20:55:12 - [TEST_STEP][PASSED] - sendKeys(findTestObject("FIM/Sites Page/Site Filtering/Site_txt"), Keys.chord(BACK_SPACE), STOP_ON_FAILURE): Keys 'BACK_SPACE + ' sent to object: 'Object Repository/FIM/Sites Page/Site Filtering/Site_txt'

21-10-2025T20:55:12 - [MESSAGE][PASSED] - Keys 'BACK_SPACE + ' sent to object: 'Object Repository/FIM/Sites Page/Site Filtering/Site_txt'

21-10-2025T20:55:12 - [TEST_STEP][PASSED] - (i++): null

21-10-2025T20:55:12 - [TEST_STEP][PASSED] - sendKeys(findTestObject("FIM/Sites Page/Site Filtering/Site_txt"), Keys.chord(BACK_SPACE), STOP_ON_FAILURE): Keys 'BACK_SPACE + ' sent to object: 'Object Repository/FIM/Sites Page/Site Filtering/Site_txt'

21-10-2025T20:55:12 - [MESSAGE][PASSED] - Keys 'BACK_SPACE + ' sent to object: 'Object Repository/FIM/Sites Page/Site Filtering/Site_txt'

21-10-2025T20:55:12 - [TEST_STEP][PASSED] - (i++): null

21-10-2025T20:55:12 - [TEST_STEP][PASSED] - sendKeys(findTestObject("FIM/Sites Page/Site Filtering/Site_txt"), Keys.chord(BACK_SPACE), STOP_ON_FAILURE): Keys 'BACK_SPACE + ' sent to object: 'Object Repository/FIM/Sites Page/Site Filtering/Site_txt'

21-10-2025T20:55:12 - [MESSAGE][PASSED] - Keys 'BACK_SPACE + ' sent to object: 'Object Repository/FIM/Sites Page/Site Filtering/Site_txt'

21-10-2025T20:55:12 - [TEST_STEP][PASSED] - (i++): null

21-10-2025T20:55:12 - [TEST_STEP][PASSED] - sendKeys(findTestObject("FIM/Sites Page/Site Filtering/Site_txt"), Keys.chord(BACK_SPACE), STOP_ON_FAILURE): Keys 'BACK_SPACE + ' sent to object: 'Object Repository/FIM/Sites Page/Site Filtering/Site_txt'

21-10-2025T20:55:12 - [MESSAGE][PASSED] - Keys 'BACK_SPACE + ' sent to object: 'Object Repository/FIM/Sites Page/Site Filtering/Site_txt'

21-10-2025T20:55:12 - [TEST_STEP][PASSED] - (i++): null

21-10-2025T20:55:12 - [TEST_STEP][PASSED] - sendKeys(findTestObject("FIM/Sites Page/Site Filtering/Site_txt"), Keys.chord(BACK_SPACE), STOP_ON_FAILURE): Keys 'BACK_SPACE + ' sent to object: 'Object Repository/FIM/Sites Page/Site Filtering/Site_txt'

21-10-2025T20:55:12 - [MESSAGE][PASSED] - Keys 'BACK_SPACE + ' sent to object: 'Object Repository/FIM/Sites Page/Site Filtering/Site_txt'

21-10-2025T20:55:12 - [TEST_STEP][PASSED] - (i++): null

21-10-2025T20:55:12 - [TEST_STEP][PASSED] - sendKeys(findTestObject("FIM/Sites Page/Site Filtering/Site_txt"), Keys.chord(BACK_SPACE), STOP_ON_FAILURE): Keys 'BACK_SPACE + ' sent to object: 'Object Repository/FIM/Sites Page/Site Filtering/Site_txt'

21-10-2025T20:55:12 - [MESSAGE][PASSED] - Keys 'BACK_SPACE + ' sent to object: 'Object Repository/FIM/Sites Page/Site Filtering/Site_txt'

21-10-2025T20:55:12 - [TEST_STEP][PASSED] - (i++): null

21-10-2025T20:55:12 - [TEST_STEP][PASSED] - sendKeys(findTestObject("FIM/Sites Page/Site Filtering/Site_txt"), Keys.chord(BACK_SPACE), STOP_ON_FAILURE): Keys 'BACK_SPACE + ' sent to object: 'Object Repository/FIM/Sites Page/Site Filtering/Site_txt'

21-10-2025T20:55:12 - [MESSAGE][PASSED] - Keys 'BACK_SPACE + ' sent to object: 'Object Repository/FIM/Sites Page/Site Filtering/Site_txt'

21-10-2025T20:55:12 - [TEST_STEP][PASSED] - (i++): null

21-10-2025T20:55:12 - [TEST_STEP][PASSED] - sendKeys(findTestObject("FIM/Sites Page/Site Filtering/Site_txt"), Keys.chord(BACK_SPACE), STOP_ON_FAILURE): Keys 'BACK_SPACE + ' sent to object: 'Object Repository/FIM/Sites Page/Site Filtering/Site_txt'

21-10-2025T20:55:12 - [MESSAGE][PASSED] - Keys 'BACK_SPACE + ' sent to object: 'Object Repository/FIM/Sites Page/Site Filtering/Site_txt'

21-10-2025T20:55:12 - [TEST_STEP][PASSED] - (i++): null

21-10-2025T20:55:12 - [TEST_STEP][PASSED] - sendKeys(findTestObject("FIM/Sites Page/Site Filtering/Site_txt"), Keys.chord(BACK_SPACE), STOP_ON_FAILURE): Keys 'BACK_SPACE + ' sent to object: 'Object Repository/FIM/Sites Page/Site Filtering/Site_txt'

21-10-2025T20:55:12 - [MESSAGE][PASSED] - Keys 'BACK_SPACE + ' sent to object: 'Object Repository/FIM/Sites Page/Site Filtering/Site_txt'

21-10-2025T20:55:12 - [TEST_STEP][PASSED] - (i++): null

21-10-2025T20:55:12 - [TEST_STEP][PASSED] - sendKeys(findTestObject("FIM/Sites Page/Site Filtering/Site_txt"), Keys.chord(BACK_SPACE), STOP_ON_FAILURE): Keys 'BACK_SPACE + ' sent to object: 'Object Repository/FIM/Sites Page/Site Filtering/Site_txt'

21-10-2025T20:55:12 - [MESSAGE][PASSED] - Keys 'BACK_SPACE + ' sent to object: 'Object Repository/FIM/Sites Page/Site Filtering/Site_txt'

21-10-2025T20:55:12 - [TEST_STEP][PASSED] - (i++): null

21-10-2025T20:55:12 - [TEST_STEP][PASSED] - sendKeys(findTestObject("FIM/Sites Page/Site Filtering/Site_txt"), Keys.chord(BACK_SPACE), STOP_ON_FAILURE): Keys 'BACK_SPACE + ' sent to object: 'Object Repository/FIM/Sites Page/Site Filtering/Site_txt'

21-10-2025T20:55:12 - [MESSAGE][PASSED] - Keys 'BACK_SPACE + ' sent to object: 'Object Repository/FIM/Sites Page/Site Filtering/Site_txt'

21-10-2025T20:55:12 - [TEST_STEP][PASSED] - (i++): null

21-10-2025T20:55:12 - [TEST_STEP][PASSED] - sendKeys(findTestObject("FIM/Sites Page/Site Filtering/Site_txt"), Keys.chord(BACK_SPACE), STOP_ON_FAILURE): Keys 'BACK_SPACE + ' sent to object: 'Object Repository/FIM/Sites Page/Site Filtering/Site_txt'

21-10-2025T20:55:12 - [MESSAGE][PASSED] - Keys 'BACK_SPACE + ' sent to object: 'Object Repository/FIM/Sites Page/Site Filtering/Site_txt'

21-10-2025T20:55:12 - [TEST_STEP][PASSED] - (i++): null

21-10-2025T20:55:12 - [TEST_STEP][PASSED] - sendKeys(findTestObject("FIM/Sites Page/Site Filtering/Site_txt"), Keys.chord(BACK_SPACE), STOP_ON_FAILURE): Keys 'BACK_SPACE + ' sent to object: 'Object Repository/FIM/Sites Page/Site Filtering/Site_txt'

21-10-2025T20:55:13 - [MESSAGE][PASSED] - Keys 'BACK_SPACE + ' sent to object: 'Object Repository/FIM/Sites Page/Site Filtering/Site_txt'

21-10-2025T20:55:13 - [TEST_STEP][PASSED] - (i++): null

21-10-2025T20:55:13 - [TEST_STEP][PASSED] - sendKeys(findTestObject("FIM/Sites Page/Site Filtering/Site_txt"), Keys.chord(BACK_SPACE), STOP_ON_FAILURE): Keys 'BACK_SPACE + ' sent to object: 'Object Repository/FIM/Sites Page/Site Filtering/Site_txt'

21-10-2025T20:55:13 - [MESSAGE][PASSED] - Keys 'BACK_SPACE + ' sent to object: 'Object Repository/FIM/Sites Page/Site Filtering/Site_txt'

21-10-2025T20:55:13 - [TEST_STEP][PASSED] - (i++): null

21-10-2025T20:55:13 - [TEST_STEP][PASSED] - sendKeys(findTestObject("FIM/Sites Page/Site Filtering/Site_txt"), Keys.chord(BACK_SPACE), STOP_ON_FAILURE): Keys 'BACK_SPACE + ' sent to object: 'Object Repository/FIM/Sites Page/Site Filtering/Site_txt'

21-10-2025T20:55:13 - [MESSAGE][PASSED] - Keys 'BACK_SPACE + ' sent to object: 'Object Repository/FIM/Sites Page/Site Filtering/Site_txt'

21-10-2025T20:55:13 - [TEST_STEP][PASSED] - (i++): null

21-10-2025T20:55:13 - [TEST_STEP][PASSED] - sendKeys(findTestObject("FIM/Sites Page/Site Filtering/Site_txt"), Keys.chord(BACK_SPACE), STOP_ON_FAILURE): Keys 'BACK_SPACE + ' sent to object: 'Object Repository/FIM/Sites Page/Site Filtering/Site_txt'

21-10-2025T20:55:13 - [MESSAGE][PASSED] - Keys 'BACK_SPACE + ' sent to object: 'Object Repository/FIM/Sites Page/Site Filtering/Site_txt'

21-10-2025T20:55:13 - [TEST_STEP][PASSED] - (i++): null

21-10-2025T20:55:13 - [TEST_STEP][PASSED] - sendKeys(findTestObject("FIM/Sites Page/Site Filtering/Site_txt"), Keys.chord(BACK_SPACE), STOP_ON_FAILURE): Keys 'BACK_SPACE + ' sent to object: 'Object Repository/FIM/Sites Page/Site Filtering/Site_txt'

21-10-2025T20:55:13 - [MESSAGE][PASSED] - Keys 'BACK_SPACE + ' sent to object: 'Object Repository/FIM/Sites Page/Site Filtering/Site_txt'

21-10-2025T20:55:13 - [TEST_STEP][PASSED] - (i++): null

21-10-2025T20:55:13 - [TEST_STEP][PASSED] - sendKeys(findTestObject("FIM/Sites Page/Site Filtering/Site_txt"), Keys.chord(BACK_SPACE), STOP_ON_FAILURE): Keys 'BACK_SPACE + ' sent to object: 'Object Repository/FIM/Sites Page/Site Filtering/Site_txt'

21-10-2025T20:55:13 - [MESSAGE][PASSED] - Keys 'BACK_SPACE + ' sent to object: 'Object Repository/FIM/Sites Page/Site Filtering/Site_txt'

21-10-2025T20:55:13 - [TEST_STEP][PASSED] - (i++): null

21-10-2025T20:55:13 - [TEST_STEP][PASSED] - sendKeys(findTestObject("FIM/Sites Page/Site Filtering/Site_txt"), Keys.chord(BACK_SPACE), STOP_ON_FAILURE): Keys 'BACK_SPACE + ' sent to object: 'Object Repository/FIM/Sites Page/Site Filtering/Site_txt'

21-10-2025T20:55:13 - [MESSAGE][PASSED] - Keys 'BACK_SPACE + ' sent to object: 'Object Repository/FIM/Sites Page/Site Filtering/Site_txt'

21-10-2025T20:55:13 - [TEST_STEP][PASSED] - (i++): null

21-10-2025T20:55:13 - [TEST_STEP][PASSED] - sendKeys(findTestObject("FIM/Sites Page/Site Filtering/Site_txt"), Keys.chord(BACK_SPACE), STOP_ON_FAILURE): Keys 'BACK_SPACE + ' sent to object: 'Object Repository/FIM/Sites Page/Site Filtering/Site_txt'

21-10-2025T20:55:13 - [MESSAGE][PASSED] - Keys 'BACK_SPACE + ' sent to object: 'Object Repository/FIM/Sites Page/Site Filtering/Site_txt'

21-10-2025T20:55:13 - [TEST_STEP][PASSED] - (i++): null

21-10-2025T20:55:13 - [TEST_STEP][PASSED] - sendKeys(findTestObject("FIM/Sites Page/Site Filtering/Site_txt"), Keys.chord(BACK_SPACE), STOP_ON_FAILURE): Keys 'BACK_SPACE + ' sent to object: 'Object Repository/FIM/Sites Page/Site Filtering/Site_txt'

21-10-2025T20:55:13 - [MESSAGE][PASSED] - Keys 'BACK_SPACE + ' sent to object: 'Object Repository/FIM/Sites Page/Site Filtering/Site_txt'

21-10-2025T20:55:13 - [TEST_STEP][PASSED] - (i++): null

21-10-2025T20:55:13 - [TEST_STEP][PASSED] - sendKeys(findTestObject("FIM/Sites Page/Site Filtering/Site_txt"), Keys.chord(BACK_SPACE), STOP_ON_FAILURE): Keys 'BACK_SPACE + ' sent to object: 'Object Repository/FIM/Sites Page/Site Filtering/Site_txt'

21-10-2025T20:55:13 - [MESSAGE][PASSED] - Keys 'BACK_SPACE + ' sent to object: 'Object Repository/FIM/Sites Page/Site Filtering/Site_txt'

21-10-2025T20:55:13 - [TEST_STEP][PASSED] - (i++): null

21-10-2025T20:55:13 - [TEST_STEP][PASSED] - sendKeys(findTestObject("FIM/Sites Page/Site Filtering/Site_txt"), Keys.chord(BACK_SPACE), STOP_ON_FAILURE): Keys 'BACK_SPACE + ' sent to object: 'Object Repository/FIM/Sites Page/Site Filtering/Site_txt'

21-10-2025T20:55:13 - [MESSAGE][PASSED] - Keys 'BACK_SPACE + ' sent to object: 'Object Repository/FIM/Sites Page/Site Filtering/Site_txt'

21-10-2025T20:55:13 - [TEST_STEP][PASSED] - (i++): null

21-10-2025T20:55:13 - [TEST_STEP][PASSED] - sendKeys(findTestObject("FIM/Sites Page/Site Filtering/Site_txt"), Keys.chord(BACK_SPACE), STOP_ON_FAILURE): Keys 'BACK_SPACE + ' sent to object: 'Object Repository/FIM/Sites Page/Site Filtering/Site_txt'

21-10-2025T20:55:13 - [MESSAGE][PASSED] - Keys 'BACK_SPACE + ' sent to object: 'Object Repository/FIM/Sites Page/Site Filtering/Site_txt'

21-10-2025T20:55:13 - [TEST_STEP][PASSED] - (i++): null

21-10-2025T20:55:13 - [TEST_STEP][PASSED] - sendKeys(findTestObject("FIM/Sites Page/Site Filtering/Site_txt"), Keys.chord(BACK_SPACE), STOP_ON_FAILURE): Keys 'BACK_SPACE + ' sent to object: 'Object Repository/FIM/Sites Page/Site Filtering/Site_txt'

21-10-2025T20:55:13 - [MESSAGE][PASSED] - Keys 'BACK_SPACE + ' sent to object: 'Object Repository/FIM/Sites Page/Site Filtering/Site_txt'

21-10-2025T20:55:13 - [TEST_STEP][PASSED] - (i++): null

21-10-2025T20:55:13 - [TEST_STEP][PASSED] - sendKeys(findTestObject("FIM/Sites Page/Site Filtering/Site_txt"), Keys.chord(BACK_SPACE), STOP_ON_FAILURE): Keys 'BACK_SPACE + ' sent to object: 'Object Repository/FIM/Sites Page/Site Filtering/Site_txt'

21-10-2025T20:55:13 - [MESSAGE][PASSED] - Keys 'BACK_SPACE + ' sent to object: 'Object Repository/FIM/Sites Page/Site Filtering/Site_txt'

21-10-2025T20:55:13 - [TEST_STEP][PASSED] - (i++): null

21-10-2025T20:55:13 - [TEST_STEP][PASSED] - sendKeys(findTestObject("FIM/Sites Page/Site Filtering/Site_txt"), Keys.chord(BACK_SPACE), STOP_ON_FAILURE): Keys 'BACK_SPACE + ' sent to object: 'Object Repository/FIM/Sites Page/Site Filtering/Site_txt'

21-10-2025T20:55:14 - [MESSAGE][PASSED] - Keys 'BACK_SPACE + ' sent to object: 'Object Repository/FIM/Sites Page/Site Filtering/Site_txt'

21-10-2025T20:55:14 - [TEST_STEP][PASSED] - (i++): null

21-10-2025T20:55:14 - [TEST_STEP][PASSED] - sendKeys(findTestObject("FIM/Sites Page/Site Filtering/Site_txt"), Keys.chord(BACK_SPACE), STOP_ON_FAILURE): Keys 'BACK_SPACE + ' sent to object: 'Object Repository/FIM/Sites Page/Site Filtering/Site_txt'

21-10-2025T20:55:14 - [MESSAGE][PASSED] - Keys 'BACK_SPACE + ' sent to object: 'Object Repository/FIM/Sites Page/Site Filtering/Site_txt'

21-10-2025T20:55:14 - [TEST_STEP][PASSED] - (i++): null

21-10-2025T20:55:14 - [TEST_STEP][PASSED] - sendKeys(findTestObject("FIM/Sites Page/Site Filtering/Site_txt"), Keys.chord(BACK_SPACE), STOP_ON_FAILURE): Keys 'BACK_SPACE + ' sent to object: 'Object Repository/FIM/Sites Page/Site Filtering/Site_txt'

21-10-2025T20:55:14 - [MESSAGE][PASSED] - Keys 'BACK_SPACE + ' sent to object: 'Object Repository/FIM/Sites Page/Site Filtering/Site_txt'

21-10-2025T20:55:14 - [TEST_STEP][PASSED] - (i++): null

21-10-2025T20:55:14 - [TEST_STEP][PASSED] - sendKeys(findTestObject("FIM/Sites Page/Site Filtering/Site_txt"), Keys.chord(BACK_SPACE), STOP_ON_FAILURE): Keys 'BACK_SPACE + ' sent to object: 'Object Repository/FIM/Sites Page/Site Filtering/Site_txt'

21-10-2025T20:55:14 - [MESSAGE][PASSED] - Keys 'BACK_SPACE + ' sent to object: 'Object Repository/FIM/Sites Page/Site Filtering/Site_txt'

21-10-2025T20:55:14 - [TEST_STEP][PASSED] - (i++): null

21-10-2025T20:55:14 - [TEST_STEP][PASSED] - sendKeys(findTestObject("FIM/Sites Page/Site Filtering/Site_txt"), Keys.chord(BACK_SPACE), STOP_ON_FAILURE): Keys 'BACK_SPACE + ' sent to object: 'Object Repository/FIM/Sites Page/Site Filtering/Site_txt'

21-10-2025T20:55:14 - [MESSAGE][PASSED] - Keys 'BACK_SPACE + ' sent to object: 'Object Repository/FIM/Sites Page/Site Filtering/Site_txt'

21-10-2025T20:55:14 - [TEST_STEP][PASSED] - (i++): null

21-10-2025T20:55:14 - [TEST_STEP][PASSED] - sendKeys(findTestObject("FIM/Sites Page/Site Filtering/Site_txt"), Keys.chord(BACK_SPACE), STOP_ON_FAILURE): Keys 'BACK_SPACE + ' sent to object: 'Object Repository/FIM/Sites Page/Site Filtering/Site_txt'

21-10-2025T20:55:14 - [MESSAGE][PASSED] - Keys 'BACK_SPACE + ' sent to object: 'Object Repository/FIM/Sites Page/Site Filtering/Site_txt'

21-10-2025T20:55:14 - [TEST_STEP][PASSED] - (i++): null

21-10-2025T20:55:14 - [TEST_STEP][PASSED] - sendKeys(findTestObject("FIM/Sites Page/Site Filtering/Site_txt"), "TURK132 - 798 North", STOP_ON_FAILURE): Keys 'TURK132 - 798 North' sent to object: 'Object Repository/FIM/Sites Page/Site Filtering/Site_txt'

21-10-2025T20:55:14 - [MESSAGE][PASSED] - Keys 'TURK132 - 798 North' sent to object: 'Object Repository/FIM/Sites Page/Site Filtering/Site_txt'

21-10-2025T20:55:14 - [TEST_STEP][PASSED] - sendKeys(findTestObject("FIM/Sites Page/Site Filtering/Site_txt"), Keys.chord(ENTER), STOP_ON_FAILURE): Keys 'ENTER + ' sent to object: 'Object Repository/FIM/Sites Page/Site Filtering/Site_txt'

21-10-2025T20:55:14 - [MESSAGE][PASSED] - Keys 'ENTER + ' sent to object: 'Object Repository/FIM/Sites Page/Site Filtering/Site_txt'

21-10-2025T20:55:14 - [TEST_STEP][PASSED] - waitForElementClickable(findTestObject("FIM/Sites Page/Orders/Create Order/CreateOrder_btn"), 300): Object 'Object Repository/FIM/Sites Page/Orders/Create Order/CreateOrder_btn' is clickable

21-10-2025T20:55:15 - [MESSAGE][PASSED] - Object 'Object Repository/FIM/Sites Page/Orders/Create Order/CreateOrder_btn' is clickable

21-10-2025T20:55:15 - [TEST_STEP][PASSED] - click(findTestObject("FIM/Sites Page/Orders/Create Order/CreateOrder_btn"), OPTIONAL): Object: 'Object Repository/FIM/Sites Page/Orders/Create Order/CreateOrder_btn' is clicked on

21-10-2025T20:55:15 - [MESSAGE][PASSED] - Object: 'Object Repository/FIM/Sites Page/Orders/Create Order/CreateOrder_btn' is clicked on

21-10-2025T20:55:15 - [TEST_STEP][PASSED] - delay(1): Delayed 1 second(s)

21-10-2025T20:55:16 - [MESSAGE][PASSED] - Delayed 1 second(s)

21-10-2025T20:55:16 - [TEST_STEP][PASSED] - verifyElementPresent(findTestObject("FIM/Sites Page/Orders/Create Order/Split_Load_Order_toggle"), 10): Object 'Object Repository/FIM/Sites Page/Orders/Create Order/Split_Load_Order_toggle' is present

21-10-2025T20:55:16 - [MESSAGE][PASSED] - Object 'Object Repository/FIM/Sites Page/Orders/Create Order/Split_Load_Order_toggle' is present

21-10-2025T20:55:16 - [TEST_STEP][PASSED] - click(findTestObject("FIM/Sites Page/Orders/Create Order/Split_Load_Order_toggle"), STOP_ON_FAILURE): Object: 'Object Repository/FIM/Sites Page/Orders/Create Order/Split_Load_Order_toggle' is clicked on

21-10-2025T20:55:16 - [MESSAGE][PASSED] - Object: 'Object Repository/FIM/Sites Page/Orders/Create Order/Split_Load_Order_toggle' is clicked on

21-10-2025T20:55:16 - [TEST_STEP][PASSED] - delay(2): Delayed 2 second(s)

21-10-2025T20:55:18 - [MESSAGE][PASSED] - Delayed 2 second(s)

21-10-2025T20:55:18 - [TEST_STEP][PASSED] - delay(1): Delayed 1 second(s)

21-10-2025T20:55:19 - [MESSAGE][PASSED] - Delayed 1 second(s)

21-10-2025T20:55:19 - [TEST_STEP][PASSED] - sendKeys(findTestObject("FIM/Sites Page/Orders/Create Order/Split Order/Order_Site_Search_txt"), Keys.chord(ARROW_DOWN), STOP_ON_FAILURE): Keys 'DOWN + ' sent to object: 'Object Repository/FIM/Sites Page/Orders/Create Order/Split Order/Order_Site_Search_txt'

21-10-2025T20:55:19 - [MESSAGE][PASSED] - Keys 'DOWN + ' sent to object: 'Object Repository/FIM/Sites Page/Orders/Create Order/Split Order/Order_Site_Search_txt'

21-10-2025T20:55:19 - [TEST_STEP][PASSED] - delay(1): Delayed 1 second(s)

21-10-2025T20:55:20 - [MESSAGE][PASSED] - Delayed 1 second(s)

21-10-2025T20:55:20 - [TEST_STEP][PASSED] - sendKeys(findTestObject("FIM/Sites Page/Orders/Create Order/Split Order/Order_Site_Search_txt"), Keys.chord(ENTER), STOP_ON_FAILURE): Keys 'ENTER + ' sent to object: 'Object Repository/FIM/Sites Page/Orders/Create Order/Split Order/Order_Site_Search_txt'

21-10-2025T20:55:20 - [MESSAGE][PASSED] - Keys 'ENTER + ' sent to object: 'Object Repository/FIM/Sites Page/Orders/Create Order/Split Order/Order_Site_Search_txt'

21-10-2025T20:55:20 - [TEST_STEP][PASSED] - delay(2): Delayed 2 second(s)

21-10-2025T20:55:22 - [MESSAGE][PASSED] - Delayed 2 second(s)

21-10-2025T20:55:22 - [TEST_STEP][PASSED] - click(findTestObject("FIM/Sites Page/Orders/Create Order/Split Order/Add_Load_btn")): Object: 'Object Repository/FIM/Sites Page/Orders/Create Order/Split Order/Add_Load_btn' is clicked on

21-10-2025T20:55:22 - [MESSAGE][PASSED] - Object: 'Object Repository/FIM/Sites Page/Orders/Create Order/Split Order/Add_Load_btn' is clicked on

21-10-2025T20:55:22 - [TEST_STEP][PASSED] - delay(2): Delayed 2 second(s)

21-10-2025T20:55:24 - [MESSAGE][PASSED] - Delayed 2 second(s)

21-10-2025T20:55:24 - [TEST_STEP][FAILED] - verifyElementPresent(findTestObject("FIM/Sites Page/Orders/Create Order/Split Order/Site_Two_Tank_One_txt"), 10): Unable to verify object 'Object Repository/FIM/Sites Page/Orders/Create Order/Split Order/Site_Two_Tank_One_txt' is present (Root cause: com.kms.katalon.core.exception.StepFailedException: Unable to verify object 'Object Repository/FIM/Sites Page/Orders/Create Order/Split Order/Site_Two_Tank_One_txt' is present
	at com.kms.katalon.core.webui.keyword.internal.WebUIKeywordMain.stepFailed(WebUIKeywordMain.groovy:117)
	at com.kms.katalon.core.webui.keyword.internal.WebUIKeywordMain.runKeyword(WebUIKeywordMain.groovy:43)
	at com.kms.katalon.core.webui.keyword.builtin.VerifyElementPresentKeyword.verifyElementPresent(VerifyElementPresentKeyword.groovy:92)
	at com.kms.katalon.core.webui.keyword.builtin.VerifyElementPresentKeyword.execute(VerifyElementPresentKeyword.groovy:68)
	at com.kms.katalon.core.keyword.internal.KeywordExecutor.executeKeywordForPlatform(KeywordExecutor.groovy:74)
	at com.kms.katalon.core.webui.keyword.WebUiBuiltInKeywords.verifyElementPresent(WebUiBuiltInKeywords.groovy:1503)
	at com.kms.katalon.core.webui.keyword.WebUiBuiltInKeywords$verifyElementPresent$6.call(Unknown Source)
	at Verify Fix Errors Button.run(Verify Fix Errors Button:81)
	at com.kms.katalon.core.main.ScriptEngine.run(ScriptEngine.java:194)
	at com.kms.katalon.core.main.ScriptEngine.runScriptAsRawText(ScriptEngine.java:119)
	at com.kms.katalon.core.main.TestCaseExecutor.runScript(TestCaseExecutor.java:448)
	at com.kms.katalon.core.main.TestCaseExecutor.doExecute(TestCaseExecutor.java:439)
	at com.kms.katalon.core.main.TestCaseExecutor.processExecutionPhase(TestCaseExecutor.java:418)
	at com.kms.katalon.core.main.TestCaseExecutor.accessMainPhase(TestCaseExecutor.java:410)
	at com.kms.katalon.core.main.TestCaseExecutor.execute(TestCaseExecutor.java:285)
	at com.kms.katalon.core.common.CommonExecutor.accessTestCaseMainPhase(CommonExecutor.java:65)
	at com.kms.katalon.core.main.TestSuiteExecutor.accessTestSuiteMainPhase(TestSuiteExecutor.java:150)
	at com.kms.katalon.core.main.TestSuiteExecutor.execute(TestSuiteExecutor.java:106)
	at com.kms.katalon.core.main.TestCaseMain.startTestSuite(TestCaseMain.java:180)
	at com.kms.katalon.core.main.TestCaseMain$startTestSuite$0.call(Unknown Source)
	at TempTestSuite1761090769781.run(TempTestSuite1761090769781.groovy:35)
	at java.base/jdk.internal.reflect.NativeMethodAccessorImpl.invoke0(Native Method)
	at java.base/jdk.internal.reflect.NativeMethodAccessorImpl.invoke(NativeMethodAccessorImpl.java:77)
	at java.base/jdk.internal.reflect.DelegatingMethodAccessorImpl.invoke(DelegatingMethodAccessorImpl.java:43)
Caused by: com.kms.katalon.core.exception.StepFailedException: com.kms.katalon.core.webui.exception.WebElementNotFoundException: Web element with id: 'Object Repository/FIM/Sites Page/Orders/Create Order/Split Order/Site_Two_Tank_One_txt' located by '//*[@id="order-10UNL"]' not found
	at com.kms.katalon.core.webui.keyword.internal.WebUIKeywordMain.stepFailed(WebUIKeywordMain.groovy:117)
	at com.kms.katalon.core.webui.keyword.builtin.VerifyElementPresentKeyword$_verifyElementPresent_closure1.doCall(VerifyElementPresentKeyword.groovy:85)
	at com.kms.katalon.core.webui.keyword.builtin.VerifyElementPresentKeyword$_verifyElementPresent_closure1.call(VerifyElementPresentKeyword.groovy)
	at com.kms.katalon.core.webui.keyword.internal.WebUIKeywordMain.runKeyword(WebUIKeywordMain.groovy:35)
	... 22 more
)

21-10-2025T20:55:35 - [MESSAGE][INFO] - Unable to find the element located by 'By.xpath: //*[@id="order-10UNL"]'. Please recheck the objects properties to make sure the desired element is located. 

21-10-2025T20:55:35 - [MESSAGE][FAILED] - com.kms.katalon.core.webui.exception.WebElementNotFoundException: Web element with id: 'Object Repository/FIM/Sites Page/Orders/Create Order/Split Order/Site_Two_Tank_One_txt' located by '//*[@id="order-10UNL"]' not found (Root cause: com.kms.katalon.core.exception.StepFailedException: com.kms.katalon.core.webui.exception.WebElementNotFoundException: Web element with id: 'Object Repository/FIM/Sites Page/Orders/Create Order/Split Order/Site_Two_Tank_One_txt' located by '//*[@id="order-10UNL"]' not found
	at com.kms.katalon.core.webui.keyword.internal.WebUIKeywordMain.stepFailed(WebUIKeywordMain.groovy:117)
	at com.kms.katalon.core.webui.keyword.builtin.VerifyElementPresentKeyword$_verifyElementPresent_closure1.doCall(VerifyElementPresentKeyword.groovy:85)
	at com.kms.katalon.core.webui.keyword.builtin.VerifyElementPresentKeyword$_verifyElementPresent_closure1.call(VerifyElementPresentKeyword.groovy)
	at com.kms.katalon.core.webui.keyword.internal.WebUIKeywordMain.runKeyword(WebUIKeywordMain.groovy:35)
	at com.kms.katalon.core.webui.keyword.builtin.VerifyElementPresentKeyword.verifyElementPresent(VerifyElementPresentKeyword.groovy:92)
	at com.kms.katalon.core.webui.keyword.builtin.VerifyElementPresentKeyword.execute(VerifyElementPresentKeyword.groovy:68)
	at com.kms.katalon.core.keyword.internal.KeywordExecutor.executeKeywordForPlatform(KeywordExecutor.groovy:74)
	at com.kms.katalon.core.webui.keyword.WebUiBuiltInKeywords.verifyElementPresent(WebUiBuiltInKeywords.groovy:1503)
	at com.kms.katalon.core.webui.keyword.WebUiBuiltInKeywords$verifyElementPresent$6.call(Unknown Source)
	at Verify Fix Errors Button.run(Verify Fix Errors Button:81)
	at com.kms.katalon.core.main.ScriptEngine.run(ScriptEngine.java:194)
	at com.kms.katalon.core.main.ScriptEngine.runScriptAsRawText(ScriptEngine.java:119)
	at com.kms.katalon.core.main.TestCaseExecutor.runScript(TestCaseExecutor.java:448)
	at com.kms.katalon.core.main.TestCaseExecutor.doExecute(TestCaseExecutor.java:439)
	at com.kms.katalon.core.main.TestCaseExecutor.processExecutionPhase(TestCaseExecutor.java:418)
	at com.kms.katalon.core.main.TestCaseExecutor.accessMainPhase(TestCaseExecutor.java:410)
	at com.kms.katalon.core.main.TestCaseExecutor.execute(TestCaseExecutor.java:285)
	at com.kms.katalon.core.common.CommonExecutor.accessTestCaseMainPhase(CommonExecutor.java:65)
	at com.kms.katalon.core.main.TestSuiteExecutor.accessTestSuiteMainPhase(TestSuiteExecutor.java:150)
	at com.kms.katalon.core.main.TestSuiteExecutor.execute(TestSuiteExecutor.java:106)
	at com.kms.katalon.core.main.TestCaseMain.startTestSuite(TestCaseMain.java:180)
	at com.kms.katalon.core.main.TestCaseMain$startTestSuite$0.call(Unknown Source)
	at TempTestSuite1761090769781.run(TempTestSuite1761090769781.groovy:35)
	at java.base/jdk.internal.reflect.NativeMethodAccessorImpl.invoke0(Native Method)
	at java.base/jdk.internal.reflect.NativeMethodAccessorImpl.invoke(NativeMethodAccessorImpl.java:77)
	at java.base/jdk.internal.reflect.DelegatingMethodAccessorImpl.invoke(DelegatingMethodAccessorImpl.java:43)
)

21-10-2025T20:55:35 - [MESSAGE][FAILED] - Unable to verify object 'Object Repository/FIM/Sites Page/Orders/Create Order/Split Order/Site_Two_Tank_One_txt' is present (Root cause: com.kms.katalon.core.exception.StepFailedException: Unable to verify object 'Object Repository/FIM/Sites Page/Orders/Create Order/Split Order/Site_Two_Tank_One_txt' is present
	at com.kms.katalon.core.webui.keyword.internal.WebUIKeywordMain.stepFailed(WebUIKeywordMain.groovy:117)
	at com.kms.katalon.core.webui.keyword.internal.WebUIKeywordMain.runKeyword(WebUIKeywordMain.groovy:43)
	at com.kms.katalon.core.webui.keyword.builtin.VerifyElementPresentKeyword.verifyElementPresent(VerifyElementPresentKeyword.groovy:92)
	at com.kms.katalon.core.webui.keyword.builtin.VerifyElementPresentKeyword.execute(VerifyElementPresentKeyword.groovy:68)
	at com.kms.katalon.core.keyword.internal.KeywordExecutor.executeKeywordForPlatform(KeywordExecutor.groovy:74)
	at com.kms.katalon.core.webui.keyword.WebUiBuiltInKeywords.verifyElementPresent(WebUiBuiltInKeywords.groovy:1503)
	at com.kms.katalon.core.webui.keyword.WebUiBuiltInKeywords$verifyElementPresent$6.call(Unknown Source)
	at Verify Fix Errors Button.run(Verify Fix Errors Button:81)
	at com.kms.katalon.core.main.ScriptEngine.run(ScriptEngine.java:194)
	at com.kms.katalon.core.main.ScriptEngine.runScriptAsRawText(ScriptEngine.java:119)
	at com.kms.katalon.core.main.TestCaseExecutor.runScript(TestCaseExecutor.java:448)
	at com.kms.katalon.core.main.TestCaseExecutor.doExecute(TestCaseExecutor.java:439)
	at com.kms.katalon.core.main.TestCaseExecutor.processExecutionPhase(TestCaseExecutor.java:418)
	at com.kms.katalon.core.main.TestCaseExecutor.accessMainPhase(TestCaseExecutor.java:410)
	at com.kms.katalon.core.main.TestCaseExecutor.execute(TestCaseExecutor.java:285)
	at com.kms.katalon.core.common.CommonExecutor.accessTestCaseMainPhase(CommonExecutor.java:65)
	at com.kms.katalon.core.main.TestSuiteExecutor.accessTestSuiteMainPhase(TestSuiteExecutor.java:150)
	at com.kms.katalon.core.main.TestSuiteExecutor.execute(TestSuiteExecutor.java:106)
	at com.kms.katalon.core.main.TestCaseMain.startTestSuite(TestCaseMain.java:180)
	at com.kms.katalon.core.main.TestCaseMain$startTestSuite$0.call(Unknown Source)
	at TempTestSuite1761090769781.run(TempTestSuite1761090769781.groovy:35)
	at java.base/jdk.internal.reflect.NativeMethodAccessorImpl.invoke0(Native Method)
	at java.base/jdk.internal.reflect.NativeMethodAccessorImpl.invoke(NativeMethodAccessorImpl.java:77)
	at java.base/jdk.internal.reflect.DelegatingMethodAccessorImpl.invoke(DelegatingMethodAccessorImpl.java:43)
Caused by: com.kms.katalon.core.exception.StepFailedException: com.kms.katalon.core.webui.exception.WebElementNotFoundException: Web element with id: 'Object Repository/FIM/Sites Page/Orders/Create Order/Split Order/Site_Two_Tank_One_txt' located by '//*[@id="order-10UNL"]' not found
	at com.kms.katalon.core.webui.keyword.internal.WebUIKeywordMain.stepFailed(WebUIKeywordMain.groovy:117)
	at com.kms.katalon.core.webui.keyword.builtin.VerifyElementPresentKeyword$_verifyElementPresent_closure1.doCall(VerifyElementPresentKeyword.groovy:85)
	at com.kms.katalon.core.webui.keyword.builtin.VerifyElementPresentKeyword$_verifyElementPresent_closure1.call(VerifyElementPresentKeyword.groovy)
	at com.kms.katalon.core.webui.keyword.internal.WebUIKeywordMain.runKeyword(WebUIKeywordMain.groovy:35)
	... 22 more
)

21-10-2025T20:55:35 - [TEST_STEP][PASSED] - Start listener action : retryOnDisconnect: Current window's url is: 'https://kaglogistics-inventory-management-portal.qa.thekag.com/site/TURK132?cg=-1&r=206&i=AllConsignees&sorted=false'

21-10-2025T20:55:35 - [TEST_STEP][PASSED] - tcId = testCaseContext.getTestCaseId(): null

21-10-2025T20:55:35 - [TEST_STEP][PASSED] - currentRetry = retryCounts.getOrDefault(tcId, 0): null

21-10-2025T20:55:35 - [TEST_STEP][PASSED] - if (testCaseContext.getTestCaseStatus() == "FAILED" && currentRetry < MAX_RETRIES): Current window's url is: 'https://kaglogistics-inventory-management-portal.qa.thekag.com/site/TURK132?cg=-1&r=206&i=AllConsignees&sorted=false'

21-10-2025T20:55:35 - [TEST_STEP][PASSED] - try: Current window's url is: 'https://kaglogistics-inventory-management-portal.qa.thekag.com/site/TURK132?cg=-1&r=206&i=AllConsignees&sorted=false'

21-10-2025T20:55:35 - [TEST_STEP][PASSED] - comment(Checking for WebDriver disconnect for test case: $tcId): Checking for WebDriver disconnect for test case: Test Cases/FIM/UI/KGL/Admin/Sites Page/Orders/Verify Fix Errors Button

21-10-2025T20:55:35 - [MESSAGE][INFO] - Checking for WebDriver disconnect for test case: Test Cases/FIM/UI/KGL/Admin/Sites Page/Orders/Verify Fix Errors Button

21-10-2025T20:55:35 - [TEST_STEP][PASSED] - getUrl(): Current window's url is: 'https://kaglogistics-inventory-management-portal.qa.thekag.com/site/TURK132?cg=-1&r=206&i=AllConsignees&sorted=false'

21-10-2025T20:55:35 - [MESSAGE][PASSED] - Current window's url is: 'https://kaglogistics-inventory-management-portal.qa.thekag.com/site/TURK132?cg=-1&r=206&i=AllConsignees&sorted=false']]></system-out>
         <system-err><![CDATA[21-10-2025T20:54:31 - [TEST_CASE][FAILED] - Test Cases/FIM/UI/KGL/Admin/Sites Page/Orders/Verify Fix Errors Button: Test Cases/FIM/UI/KGL/Admin/Sites Page/Orders/Verify Fix Errors Button FAILED.
Reason:
com.kms.katalon.core.exception.StepFailedException: Unable to verify object 'Object Repository/FIM/Sites Page/Orders/Create Order/Split Order/Site_Two_Tank_One_txt' is present
	at com.kms.katalon.core.webui.keyword.internal.WebUIKeywordMain.stepFailed(WebUIKeywordMain.groovy:117)
	at com.kms.katalon.core.webui.keyword.internal.WebUIKeywordMain.runKeyword(WebUIKeywordMain.groovy:43)
	at com.kms.katalon.core.webui.keyword.builtin.VerifyElementPresentKeyword.verifyElementPresent(VerifyElementPresentKeyword.groovy:92)
	at com.kms.katalon.core.webui.keyword.builtin.VerifyElementPresentKeyword.execute(VerifyElementPresentKeyword.groovy:68)
	at com.kms.katalon.core.keyword.internal.KeywordExecutor.executeKeywordForPlatform(KeywordExecutor.groovy:74)
	at com.kms.katalon.core.webui.keyword.WebUiBuiltInKeywords.verifyElementPresent(WebUiBuiltInKeywords.groovy:1503)
	at com.kms.katalon.core.webui.keyword.WebUiBuiltInKeywords$verifyElementPresent$6.call(Unknown Source)
	at Verify Fix Errors Button.run(Verify Fix Errors Button:81)
	at com.kms.katalon.core.main.ScriptEngine.run(ScriptEngine.java:194)
	at com.kms.katalon.core.main.ScriptEngine.runScriptAsRawText(ScriptEngine.java:119)
	at com.kms.katalon.core.main.TestCaseExecutor.runScript(TestCaseExecutor.java:448)
	at com.kms.katalon.core.main.TestCaseExecutor.doExecute(TestCaseExecutor.java:439)
	at com.kms.katalon.core.main.TestCaseExecutor.processExecutionPhase(TestCaseExecutor.java:418)
	at com.kms.katalon.core.main.TestCaseExecutor.accessMainPhase(TestCaseExecutor.java:410)
	at com.kms.katalon.core.main.TestCaseExecutor.execute(TestCaseExecutor.java:285)
	at com.kms.katalon.core.common.CommonExecutor.accessTestCaseMainPhase(CommonExecutor.java:65)
	at com.kms.katalon.core.main.TestSuiteExecutor.accessTestSuiteMainPhase(TestSuiteExecutor.java:150)
	at com.kms.katalon.core.main.TestSuiteExecutor.execute(TestSuiteExecutor.java:106)
	at com.kms.katalon.core.main.TestCaseMain.startTestSuite(TestCaseMain.java:180)
	at com.kms.katalon.core.main.TestCaseMain$startTestSuite$0.call(Unknown Source)
	at TempTestSuite1761090769781.run(TempTestSuite1761090769781.groovy:35)
	at java.base/jdk.internal.reflect.NativeMethodAccessorImpl.invoke0(Native Method)
	at java.base/jdk.internal.reflect.NativeMethodAccessorImpl.invoke(NativeMethodAccessorImpl.java:77)
	at java.base/jdk.internal.reflect.DelegatingMethodAccessorImpl.invoke(DelegatingMethodAccessorImpl.java:43)
Caused by: com.kms.katalon.core.exception.StepFailedException: com.kms.katalon.core.webui.exception.WebElementNotFoundException: Web element with id: 'Object Repository/FIM/Sites Page/Orders/Create Order/Split Order/Site_Two_Tank_One_txt' located by '//*[@id="order-10UNL"]' not found
	at com.kms.katalon.core.webui.keyword.internal.WebUIKeywordMain.stepFailed(WebUIKeywordMain.groovy:117)
	at com.kms.katalon.core.webui.keyword.builtin.VerifyElementPresentKeyword$_verifyElementPresent_closure1.doCall(VerifyElementPresentKeyword.groovy:85)
	at com.kms.katalon.core.webui.keyword.builtin.VerifyElementPresentKeyword$_verifyElementPresent_closure1.call(VerifyElementPresentKeyword.groovy)
	at com.kms.katalon.core.webui.keyword.internal.WebUIKeywordMain.runKeyword(WebUIKeywordMain.groovy:35)
	... 22 more]]></system-err>
      </testcase>
      <testcase name="Test Cases/FIM/UI/KGL/Admin/Sites Page/Orders/Verify Remove Button on Split Load Order" time="54.083" classname="Test Cases/FIM/UI/KGL/Admin/Sites Page/Orders/Verify Remove Button on Split Load Order" status="PASSED">
         <system-out><![CDATA[21-10-2025T20:55:35 - [TEST_CASE][PASSED] - Test Cases/FIM/UI/KGL/Admin/Sites Page/Orders/Verify Remove Button on Split Load Order: Test Cases/FIM/UI/KGL/Admin/Sites Page/Orders/Verify Remove Button on Split Load Order

21-10-2025T20:55:35 - [TEST_STEP][PASSED] - Start listener action : beforeTestCase: null

21-10-2025T20:55:35 - [TEST_STEP][PASSED] - addDefaultPackages(): null

21-10-2025T20:55:35 - [TEST_STEP][PASSED] - i = 0: null

21-10-2025T20:55:35 - [TEST_STEP][PASSED] - callTestCase(findTestCase("Utility Scripts/FIM KGL Admin Login"), [:], STOP_ON_FAILURE): Call Test Case 'Test Cases/Utility Scripts/FIM KGL Admin Login' successfully

21-10-2025T20:55:36 - [TEST_CASE][PASSED] - Test Cases/Utility Scripts/FIM KGL Admin Login: Test Cases/Utility Scripts/FIM KGL Admin Login

21-10-2025T20:55:36 - [TEST_STEP][PASSED] - openBrowser(""): Browser is opened with url: ''

21-10-2025T20:55:36 - [MESSAGE][WARNING] - A browser is already opened. Closing browser and opening a new one

21-10-2025T20:55:36 - [MESSAGE][INFO] - Starting 'Chrome' driver

21-10-2025T20:55:36 - [MESSAGE][INFO] - User set preference: ['args', '[--no-sandbox, --disable-gpu, --disable-dev-shm-usage]']

21-10-2025T20:55:36 - [MESSAGE][INFO] - Action delay is set to 0 milliseconds

21-10-2025T20:55:36 - [MESSAGE][PASSED] - Browser is opened with url: ''

21-10-2025T20:55:36 - [TEST_STEP][PASSED] - delay(1): Delayed 1 second(s)

21-10-2025T20:55:37 - [MESSAGE][PASSED] - Delayed 1 second(s)

21-10-2025T20:55:37 - [TEST_STEP][PASSED] - navigateToUrl(KGLCustomGroupUrl): Navigate to 'https://kaglogistics-inventory-management-portal.qa.thekag.com/custom-group/' successfully

21-10-2025T20:55:38 - [MESSAGE][PASSED] - Navigate to 'https://kaglogistics-inventory-management-portal.qa.thekag.com/custom-group/' successfully

21-10-2025T20:55:38 - [TEST_STEP][PASSED] - delay(10): Delayed 10 second(s)

21-10-2025T20:55:48 - [MESSAGE][PASSED] - Delayed 10 second(s)

21-10-2025T20:55:48 - [TEST_STEP][PASSED] - if (maximizeWindow == true): Delayed 1 second(s)

21-10-2025T20:55:48 - [TEST_STEP][PASSED] - maximizeWindow(STOP_ON_FAILURE): Current window maximized

21-10-2025T20:55:48 - [MESSAGE][PASSED] - Current window maximized

21-10-2025T20:55:48 - [TEST_STEP][PASSED] - delay(1): Delayed 1 second(s)

21-10-2025T20:55:49 - [MESSAGE][PASSED] - Delayed 1 second(s)

21-10-2025T20:55:49 - [TEST_STEP][PASSED] - waitForElementPresent(findTestObject("FIM/Username_txt"), 10): Object 'Object Repository/FIM/Username_txt' is present

21-10-2025T20:55:49 - [MESSAGE][PASSED] - Object 'Object Repository/FIM/Username_txt' is present

21-10-2025T20:55:49 - [TEST_STEP][PASSED] - setText(findTestObject("FIM/Username_txt"), FIMUsername): Text 'Chris.Sheldon+DES_QA@Thekag.com' is set on object 'Object Repository/FIM/Username_txt'

21-10-2025T20:55:49 - [MESSAGE][PASSED] - Text 'Chris.Sheldon+DES_QA@Thekag.com' is set on object 'Object Repository/FIM/Username_txt'

21-10-2025T20:55:49 - [TEST_STEP][PASSED] - delay(1): Delayed 1 second(s)

21-10-2025T20:55:50 - [MESSAGE][PASSED] - Delayed 1 second(s)

21-10-2025T20:55:50 - [TEST_STEP][PASSED] - setText(findTestObject("FIM/Password_txt"), FIMPassword): Text 'QATest!2' is set on object 'Object Repository/FIM/Password_txt'

21-10-2025T20:55:50 - [MESSAGE][PASSED] - Text 'QATest!2' is set on object 'Object Repository/FIM/Password_txt'

21-10-2025T20:55:50 - [TEST_STEP][PASSED] - delay(1): Delayed 1 second(s)

21-10-2025T20:55:51 - [MESSAGE][PASSED] - Delayed 1 second(s)

21-10-2025T20:55:51 - [TEST_STEP][PASSED] - click(findTestObject("FIM/Login_btn")): Object: 'Object Repository/FIM/Login_btn' is clicked on

21-10-2025T20:55:51 - [MESSAGE][PASSED] - Object: 'Object Repository/FIM/Login_btn' is clicked on

21-10-2025T20:55:51 - [MESSAGE][PASSED] - Call Test Case 'Test Cases/Utility Scripts/FIM KGL Admin Login' successfully

21-10-2025T20:55:51 - [TEST_STEP][PASSED] - if (verifyElementVisible(findTestObject("FIM/Server_Notification_Close_btn"), OPTIONAL) == true): Web element with id: 'Object Repository/FIM/Server_Notification_Close_btn' located by '/html/body/div/div[1]/button' not found (Root cause: com.kms.katalon.core.exception.StepFailedException: Web element with id: 'Object Repository/FIM/Server_Notification_Close_btn' located by '/html/body/div/div[1]/button' not found
	at com.kms.katalon.core.webui.keyword.internal.WebUIKeywordMain.stepFailed(WebUIKeywordMain.groovy:117)
	at com.kms.katalon.core.webui.keyword.builtin.VerifyElementVisibleKeyword$_verifyElementVisible_closure1.doCall(VerifyElementVisibleKeyword.groovy:89)
	at com.kms.katalon.core.webui.keyword.builtin.VerifyElementVisibleKeyword$_verifyElementVisible_closure1.call(VerifyElementVisibleKeyword.groovy)
	at com.kms.katalon.core.webui.keyword.internal.WebUIKeywordMain.runKeyword(WebUIKeywordMain.groovy:35)
	at com.kms.katalon.core.webui.keyword.builtin.VerifyElementVisibleKeyword.verifyElementVisible(VerifyElementVisibleKeyword.groovy:97)
	at com.kms.katalon.core.webui.keyword.builtin.VerifyElementVisibleKeyword.execute(VerifyElementVisibleKeyword.groovy:67)
	at com.kms.katalon.core.keyword.internal.KeywordExecutor.executeKeywordForPlatform(KeywordExecutor.groovy:74)
	at com.kms.katalon.core.webui.keyword.WebUiBuiltInKeywords.verifyElementVisible(WebUiBuiltInKeywords.groovy:401)
	at com.kms.katalon.core.webui.keyword.WebUiBuiltInKeywords$verifyElementVisible$5.call(Unknown Source)
	at Verify Remove Button on Split Load Order.run(Verify Remove Button on Split Load Order:24)
	at com.kms.katalon.core.main.ScriptEngine.run(ScriptEngine.java:194)
	at com.kms.katalon.core.main.ScriptEngine.runScriptAsRawText(ScriptEngine.java:119)
	at com.kms.katalon.core.main.TestCaseExecutor.runScript(TestCaseExecutor.java:448)
	at com.kms.katalon.core.main.TestCaseExecutor.doExecute(TestCaseExecutor.java:439)
	at com.kms.katalon.core.main.TestCaseExecutor.processExecutionPhase(TestCaseExecutor.java:418)
	at com.kms.katalon.core.main.TestCaseExecutor.accessMainPhase(TestCaseExecutor.java:410)
	at com.kms.katalon.core.main.TestCaseExecutor.execute(TestCaseExecutor.java:285)
	at com.kms.katalon.core.common.CommonExecutor.accessTestCaseMainPhase(CommonExecutor.java:65)
	at com.kms.katalon.core.main.TestSuiteExecutor.accessTestSuiteMainPhase(TestSuiteExecutor.java:150)
	at com.kms.katalon.core.main.TestSuiteExecutor.execute(TestSuiteExecutor.java:106)
	at com.kms.katalon.core.main.TestCaseMain.startTestSuite(TestCaseMain.java:180)
	at com.kms.katalon.core.main.TestCaseMain$startTestSuite$0.call(Unknown Source)
	at TempTestSuite1761090769781.run(TempTestSuite1761090769781.groovy:35)
	at java.base/jdk.internal.reflect.NativeMethodAccessorImpl.invoke0(Native Method)
	at java.base/jdk.internal.reflect.NativeMethodAccessorImpl.invoke(NativeMethodAccessorImpl.java:77)
	at java.base/jdk.internal.reflect.DelegatingMethodAccessorImpl.invoke(DelegatingMethodAccessorImpl.java:43)
)

21-10-2025T20:56:07 - [MESSAGE][INFO] - Unable to find the element located by 'By.xpath: /html/body/div/div[1]/button'. Please recheck the objects properties to make sure the desired element is located. 

21-10-2025T20:56:07 - [MESSAGE][WARNING] - [SELF-HEALING] Failed to find element with id 'Object Repository/FIM/Server_Notification_Close_btn'. Try using Self-healing.

21-10-2025T20:56:08 - [MESSAGE][INFO] - [SELF-HEALING] No working XPath is found.

21-10-2025T20:56:10 - [MESSAGE][INFO] - Unable to find the element located by 'By.xpath: '. Please recheck the objects properties to make sure the desired element is located. 

21-10-2025T20:56:10 - [MESSAGE][WARNING] - [SELF-HEALING] Cannot find elements when the selector is null

21-10-2025T20:56:10 - [MESSAGE][WARNING] - Web element with id: 'Object Repository/FIM/Server_Notification_Close_btn' located by '/html/body/div/div[1]/button' not found (Root cause: com.kms.katalon.core.exception.StepFailedException: Web element with id: 'Object Repository/FIM/Server_Notification_Close_btn' located by '/html/body/div/div[1]/button' not found
	at com.kms.katalon.core.webui.keyword.internal.WebUIKeywordMain.stepFailed(WebUIKeywordMain.groovy:117)
	at com.kms.katalon.core.webui.keyword.builtin.VerifyElementVisibleKeyword$_verifyElementVisible_closure1.doCall(VerifyElementVisibleKeyword.groovy:89)
	at com.kms.katalon.core.webui.keyword.builtin.VerifyElementVisibleKeyword$_verifyElementVisible_closure1.call(VerifyElementVisibleKeyword.groovy)
	at com.kms.katalon.core.webui.keyword.internal.WebUIKeywordMain.runKeyword(WebUIKeywordMain.groovy:35)
	at com.kms.katalon.core.webui.keyword.builtin.VerifyElementVisibleKeyword.verifyElementVisible(VerifyElementVisibleKeyword.groovy:97)
	at com.kms.katalon.core.webui.keyword.builtin.VerifyElementVisibleKeyword.execute(VerifyElementVisibleKeyword.groovy:67)
	at com.kms.katalon.core.keyword.internal.KeywordExecutor.executeKeywordForPlatform(KeywordExecutor.groovy:74)
	at com.kms.katalon.core.webui.keyword.WebUiBuiltInKeywords.verifyElementVisible(WebUiBuiltInKeywords.groovy:401)
	at com.kms.katalon.core.webui.keyword.WebUiBuiltInKeywords$verifyElementVisible$5.call(Unknown Source)
	at Verify Remove Button on Split Load Order.run(Verify Remove Button on Split Load Order:24)
	at com.kms.katalon.core.main.ScriptEngine.run(ScriptEngine.java:194)
	at com.kms.katalon.core.main.ScriptEngine.runScriptAsRawText(ScriptEngine.java:119)
	at com.kms.katalon.core.main.TestCaseExecutor.runScript(TestCaseExecutor.java:448)
	at com.kms.katalon.core.main.TestCaseExecutor.doExecute(TestCaseExecutor.java:439)
	at com.kms.katalon.core.main.TestCaseExecutor.processExecutionPhase(TestCaseExecutor.java:418)
	at com.kms.katalon.core.main.TestCaseExecutor.accessMainPhase(TestCaseExecutor.java:410)
	at com.kms.katalon.core.main.TestCaseExecutor.execute(TestCaseExecutor.java:285)
	at com.kms.katalon.core.common.CommonExecutor.accessTestCaseMainPhase(CommonExecutor.java:65)
	at com.kms.katalon.core.main.TestSuiteExecutor.accessTestSuiteMainPhase(TestSuiteExecutor.java:150)
	at com.kms.katalon.core.main.TestSuiteExecutor.execute(TestSuiteExecutor.java:106)
	at com.kms.katalon.core.main.TestCaseMain.startTestSuite(TestCaseMain.java:180)
	at com.kms.katalon.core.main.TestCaseMain$startTestSuite$0.call(Unknown Source)
	at TempTestSuite1761090769781.run(TempTestSuite1761090769781.groovy:35)
	at java.base/jdk.internal.reflect.NativeMethodAccessorImpl.invoke0(Native Method)
	at java.base/jdk.internal.reflect.NativeMethodAccessorImpl.invoke(NativeMethodAccessorImpl.java:77)
	at java.base/jdk.internal.reflect.DelegatingMethodAccessorImpl.invoke(DelegatingMethodAccessorImpl.java:43)
)

21-10-2025T20:56:10 - [TEST_STEP][PASSED] - delay(1): Delayed 1 second(s)

21-10-2025T20:56:11 - [MESSAGE][PASSED] - Delayed 1 second(s)

21-10-2025T20:56:11 - [TEST_STEP][PASSED] - click(findTestObject("FIM/Hamburger Menu List/Hamburger_menu")): Object: 'Object Repository/FIM/Hamburger Menu List/Hamburger_menu' is clicked on

21-10-2025T20:56:11 - [MESSAGE][PASSED] - Object: 'Object Repository/FIM/Hamburger Menu List/Hamburger_menu' is clicked on

21-10-2025T20:56:11 - [TEST_STEP][PASSED] - verifyElementPresent(findTestObject("FIM/Hamburger Menu List/Sites_list (1)"), 10): Object 'Object Repository/FIM/Hamburger Menu List/Sites_list (1)' is present

21-10-2025T20:56:12 - [MESSAGE][PASSED] - Object 'Object Repository/FIM/Hamburger Menu List/Sites_list (1)' is present

21-10-2025T20:56:12 - [TEST_STEP][PASSED] - delay(1): Delayed 1 second(s)

21-10-2025T20:56:13 - [MESSAGE][PASSED] - Delayed 1 second(s)

21-10-2025T20:56:13 - [TEST_STEP][PASSED] - click(findTestObject("FIM/Hamburger Menu List/Sites_list (1)")): Object: 'Object Repository/FIM/Hamburger Menu List/Sites_list (1)' is clicked on

21-10-2025T20:56:13 - [MESSAGE][PASSED] - Object: 'Object Repository/FIM/Hamburger Menu List/Sites_list (1)' is clicked on

21-10-2025T20:56:13 - [TEST_STEP][PASSED] - waitForElementPresent(findTestObject("FIM/Sites Page/Calculator/Calculator Tab"), 10): Object 'Object Repository/FIM/Sites Page/Calculator/Calculator Tab' is present

21-10-2025T20:56:13 - [MESSAGE][PASSED] - Object 'Object Repository/FIM/Sites Page/Calculator/Calculator Tab' is present

21-10-2025T20:56:13 - [TEST_STEP][PASSED] - selectOptionByLabel(findTestObject("FIM/Sites Page/Site Filtering/Region Selection_dropdown"), "KAG LOGISTICS", false): All options with label 'KAG LOGISTICS' are selected in object 'Object Repository/FIM/Sites Page/Site Filtering/Region Selection_dropdown' 

21-10-2025T20:56:13 - [MESSAGE][PASSED] - All options with label 'KAG LOGISTICS' are selected in object 'Object Repository/FIM/Sites Page/Site Filtering/Region Selection_dropdown' 

21-10-2025T20:56:13 - [TEST_STEP][PASSED] - while (i < 60 == true): null

21-10-2025T20:56:13 - [TEST_STEP][PASSED] - sendKeys(findTestObject("FIM/Sites Page/Site Filtering/Site_txt"), Keys.chord(BACK_SPACE), STOP_ON_FAILURE): Keys 'BACK_SPACE + ' sent to object: 'Object Repository/FIM/Sites Page/Site Filtering/Site_txt'

21-10-2025T20:56:14 - [MESSAGE][PASSED] - Keys 'BACK_SPACE + ' sent to object: 'Object Repository/FIM/Sites Page/Site Filtering/Site_txt'

21-10-2025T20:56:14 - [TEST_STEP][PASSED] - (i++): null

21-10-2025T20:56:14 - [TEST_STEP][PASSED] - sendKeys(findTestObject("FIM/Sites Page/Site Filtering/Site_txt"), Keys.chord(BACK_SPACE), STOP_ON_FAILURE): Keys 'BACK_SPACE + ' sent to object: 'Object Repository/FIM/Sites Page/Site Filtering/Site_txt'

21-10-2025T20:56:15 - [MESSAGE][PASSED] - Keys 'BACK_SPACE + ' sent to object: 'Object Repository/FIM/Sites Page/Site Filtering/Site_txt'

21-10-2025T20:56:15 - [TEST_STEP][PASSED] - (i++): null

21-10-2025T20:56:15 - [TEST_STEP][PASSED] - sendKeys(findTestObject("FIM/Sites Page/Site Filtering/Site_txt"), Keys.chord(BACK_SPACE), STOP_ON_FAILURE): Keys 'BACK_SPACE + ' sent to object: 'Object Repository/FIM/Sites Page/Site Filtering/Site_txt'

21-10-2025T20:56:15 - [MESSAGE][PASSED] - Keys 'BACK_SPACE + ' sent to object: 'Object Repository/FIM/Sites Page/Site Filtering/Site_txt'

21-10-2025T20:56:15 - [TEST_STEP][PASSED] - (i++): null

21-10-2025T20:56:15 - [TEST_STEP][PASSED] - sendKeys(findTestObject("FIM/Sites Page/Site Filtering/Site_txt"), Keys.chord(BACK_SPACE), STOP_ON_FAILURE): Keys 'BACK_SPACE + ' sent to object: 'Object Repository/FIM/Sites Page/Site Filtering/Site_txt'

21-10-2025T20:56:15 - [MESSAGE][PASSED] - Keys 'BACK_SPACE + ' sent to object: 'Object Repository/FIM/Sites Page/Site Filtering/Site_txt'

21-10-2025T20:56:15 - [TEST_STEP][PASSED] - (i++): null

21-10-2025T20:56:15 - [TEST_STEP][PASSED] - sendKeys(findTestObject("FIM/Sites Page/Site Filtering/Site_txt"), Keys.chord(BACK_SPACE), STOP_ON_FAILURE): Keys 'BACK_SPACE + ' sent to object: 'Object Repository/FIM/Sites Page/Site Filtering/Site_txt'

21-10-2025T20:56:15 - [MESSAGE][PASSED] - Keys 'BACK_SPACE + ' sent to object: 'Object Repository/FIM/Sites Page/Site Filtering/Site_txt'

21-10-2025T20:56:15 - [TEST_STEP][PASSED] - (i++): null

21-10-2025T20:56:15 - [TEST_STEP][PASSED] - sendKeys(findTestObject("FIM/Sites Page/Site Filtering/Site_txt"), Keys.chord(BACK_SPACE), STOP_ON_FAILURE): Keys 'BACK_SPACE + ' sent to object: 'Object Repository/FIM/Sites Page/Site Filtering/Site_txt'

21-10-2025T20:56:15 - [MESSAGE][PASSED] - Keys 'BACK_SPACE + ' sent to object: 'Object Repository/FIM/Sites Page/Site Filtering/Site_txt'

21-10-2025T20:56:15 - [TEST_STEP][PASSED] - (i++): null

21-10-2025T20:56:15 - [TEST_STEP][PASSED] - sendKeys(findTestObject("FIM/Sites Page/Site Filtering/Site_txt"), Keys.chord(BACK_SPACE), STOP_ON_FAILURE): Keys 'BACK_SPACE + ' sent to object: 'Object Repository/FIM/Sites Page/Site Filtering/Site_txt'

21-10-2025T20:56:15 - [MESSAGE][PASSED] - Keys 'BACK_SPACE + ' sent to object: 'Object Repository/FIM/Sites Page/Site Filtering/Site_txt'

21-10-2025T20:56:15 - [TEST_STEP][PASSED] - (i++): null

21-10-2025T20:56:15 - [TEST_STEP][PASSED] - sendKeys(findTestObject("FIM/Sites Page/Site Filtering/Site_txt"), Keys.chord(BACK_SPACE), STOP_ON_FAILURE): Keys 'BACK_SPACE + ' sent to object: 'Object Repository/FIM/Sites Page/Site Filtering/Site_txt'

21-10-2025T20:56:15 - [MESSAGE][PASSED] - Keys 'BACK_SPACE + ' sent to object: 'Object Repository/FIM/Sites Page/Site Filtering/Site_txt'

21-10-2025T20:56:15 - [TEST_STEP][PASSED] - (i++): null

21-10-2025T20:56:15 - [TEST_STEP][PASSED] - sendKeys(findTestObject("FIM/Sites Page/Site Filtering/Site_txt"), Keys.chord(BACK_SPACE), STOP_ON_FAILURE): Keys 'BACK_SPACE + ' sent to object: 'Object Repository/FIM/Sites Page/Site Filtering/Site_txt'

21-10-2025T20:56:15 - [MESSAGE][PASSED] - Keys 'BACK_SPACE + ' sent to object: 'Object Repository/FIM/Sites Page/Site Filtering/Site_txt'

21-10-2025T20:56:15 - [TEST_STEP][PASSED] - (i++): null

21-10-2025T20:56:15 - [TEST_STEP][PASSED] - sendKeys(findTestObject("FIM/Sites Page/Site Filtering/Site_txt"), Keys.chord(BACK_SPACE), STOP_ON_FAILURE): Keys 'BACK_SPACE + ' sent to object: 'Object Repository/FIM/Sites Page/Site Filtering/Site_txt'

21-10-2025T20:56:15 - [MESSAGE][PASSED] - Keys 'BACK_SPACE + ' sent to object: 'Object Repository/FIM/Sites Page/Site Filtering/Site_txt'

21-10-2025T20:56:15 - [TEST_STEP][PASSED] - (i++): null

21-10-2025T20:56:15 - [TEST_STEP][PASSED] - sendKeys(findTestObject("FIM/Sites Page/Site Filtering/Site_txt"), Keys.chord(BACK_SPACE), STOP_ON_FAILURE): Keys 'BACK_SPACE + ' sent to object: 'Object Repository/FIM/Sites Page/Site Filtering/Site_txt'

21-10-2025T20:56:15 - [MESSAGE][PASSED] - Keys 'BACK_SPACE + ' sent to object: 'Object Repository/FIM/Sites Page/Site Filtering/Site_txt'

21-10-2025T20:56:15 - [TEST_STEP][PASSED] - (i++): null

21-10-2025T20:56:15 - [TEST_STEP][PASSED] - sendKeys(findTestObject("FIM/Sites Page/Site Filtering/Site_txt"), Keys.chord(BACK_SPACE), STOP_ON_FAILURE): Keys 'BACK_SPACE + ' sent to object: 'Object Repository/FIM/Sites Page/Site Filtering/Site_txt'

21-10-2025T20:56:15 - [MESSAGE][PASSED] - Keys 'BACK_SPACE + ' sent to object: 'Object Repository/FIM/Sites Page/Site Filtering/Site_txt'

21-10-2025T20:56:15 - [TEST_STEP][PASSED] - (i++): null

21-10-2025T20:56:15 - [TEST_STEP][PASSED] - sendKeys(findTestObject("FIM/Sites Page/Site Filtering/Site_txt"), Keys.chord(BACK_SPACE), STOP_ON_FAILURE): Keys 'BACK_SPACE + ' sent to object: 'Object Repository/FIM/Sites Page/Site Filtering/Site_txt'

21-10-2025T20:56:15 - [MESSAGE][PASSED] - Keys 'BACK_SPACE + ' sent to object: 'Object Repository/FIM/Sites Page/Site Filtering/Site_txt'

21-10-2025T20:56:15 - [TEST_STEP][PASSED] - (i++): null

21-10-2025T20:56:15 - [TEST_STEP][PASSED] - sendKeys(findTestObject("FIM/Sites Page/Site Filtering/Site_txt"), Keys.chord(BACK_SPACE), STOP_ON_FAILURE): Keys 'BACK_SPACE + ' sent to object: 'Object Repository/FIM/Sites Page/Site Filtering/Site_txt'

21-10-2025T20:56:15 - [MESSAGE][PASSED] - Keys 'BACK_SPACE + ' sent to object: 'Object Repository/FIM/Sites Page/Site Filtering/Site_txt'

21-10-2025T20:56:15 - [TEST_STEP][PASSED] - (i++): null

21-10-2025T20:56:15 - [TEST_STEP][PASSED] - sendKeys(findTestObject("FIM/Sites Page/Site Filtering/Site_txt"), Keys.chord(BACK_SPACE), STOP_ON_FAILURE): Keys 'BACK_SPACE + ' sent to object: 'Object Repository/FIM/Sites Page/Site Filtering/Site_txt'

21-10-2025T20:56:15 - [MESSAGE][PASSED] - Keys 'BACK_SPACE + ' sent to object: 'Object Repository/FIM/Sites Page/Site Filtering/Site_txt'

21-10-2025T20:56:15 - [TEST_STEP][PASSED] - (i++): null

21-10-2025T20:56:15 - [TEST_STEP][PASSED] - sendKeys(findTestObject("FIM/Sites Page/Site Filtering/Site_txt"), Keys.chord(BACK_SPACE), STOP_ON_FAILURE): Keys 'BACK_SPACE + ' sent to object: 'Object Repository/FIM/Sites Page/Site Filtering/Site_txt'

21-10-2025T20:56:15 - [MESSAGE][PASSED] - Keys 'BACK_SPACE + ' sent to object: 'Object Repository/FIM/Sites Page/Site Filtering/Site_txt'

21-10-2025T20:56:15 - [TEST_STEP][PASSED] - (i++): null

21-10-2025T20:56:15 - [TEST_STEP][PASSED] - sendKeys(findTestObject("FIM/Sites Page/Site Filtering/Site_txt"), Keys.chord(BACK_SPACE), STOP_ON_FAILURE): Keys 'BACK_SPACE + ' sent to object: 'Object Repository/FIM/Sites Page/Site Filtering/Site_txt'

21-10-2025T20:56:15 - [MESSAGE][PASSED] - Keys 'BACK_SPACE + ' sent to object: 'Object Repository/FIM/Sites Page/Site Filtering/Site_txt'

21-10-2025T20:56:15 - [TEST_STEP][PASSED] - (i++): null

21-10-2025T20:56:15 - [TEST_STEP][PASSED] - sendKeys(findTestObject("FIM/Sites Page/Site Filtering/Site_txt"), Keys.chord(BACK_SPACE), STOP_ON_FAILURE): Keys 'BACK_SPACE + ' sent to object: 'Object Repository/FIM/Sites Page/Site Filtering/Site_txt'

21-10-2025T20:56:15 - [MESSAGE][PASSED] - Keys 'BACK_SPACE + ' sent to object: 'Object Repository/FIM/Sites Page/Site Filtering/Site_txt'

21-10-2025T20:56:15 - [TEST_STEP][PASSED] - (i++): null

21-10-2025T20:56:15 - [TEST_STEP][PASSED] - sendKeys(findTestObject("FIM/Sites Page/Site Filtering/Site_txt"), Keys.chord(BACK_SPACE), STOP_ON_FAILURE): Keys 'BACK_SPACE + ' sent to object: 'Object Repository/FIM/Sites Page/Site Filtering/Site_txt'

21-10-2025T20:56:15 - [MESSAGE][PASSED] - Keys 'BACK_SPACE + ' sent to object: 'Object Repository/FIM/Sites Page/Site Filtering/Site_txt'

21-10-2025T20:56:15 - [TEST_STEP][PASSED] - (i++): null

21-10-2025T20:56:15 - [TEST_STEP][PASSED] - sendKeys(findTestObject("FIM/Sites Page/Site Filtering/Site_txt"), Keys.chord(BACK_SPACE), STOP_ON_FAILURE): Keys 'BACK_SPACE + ' sent to object: 'Object Repository/FIM/Sites Page/Site Filtering/Site_txt'

21-10-2025T20:56:16 - [MESSAGE][PASSED] - Keys 'BACK_SPACE + ' sent to object: 'Object Repository/FIM/Sites Page/Site Filtering/Site_txt'

21-10-2025T20:56:16 - [TEST_STEP][PASSED] - (i++): null

21-10-2025T20:56:16 - [TEST_STEP][PASSED] - sendKeys(findTestObject("FIM/Sites Page/Site Filtering/Site_txt"), Keys.chord(BACK_SPACE), STOP_ON_FAILURE): Keys 'BACK_SPACE + ' sent to object: 'Object Repository/FIM/Sites Page/Site Filtering/Site_txt'

21-10-2025T20:56:16 - [MESSAGE][PASSED] - Keys 'BACK_SPACE + ' sent to object: 'Object Repository/FIM/Sites Page/Site Filtering/Site_txt'

21-10-2025T20:56:16 - [TEST_STEP][PASSED] - (i++): null

21-10-2025T20:56:16 - [TEST_STEP][PASSED] - sendKeys(findTestObject("FIM/Sites Page/Site Filtering/Site_txt"), Keys.chord(BACK_SPACE), STOP_ON_FAILURE): Keys 'BACK_SPACE + ' sent to object: 'Object Repository/FIM/Sites Page/Site Filtering/Site_txt'

21-10-2025T20:56:16 - [MESSAGE][PASSED] - Keys 'BACK_SPACE + ' sent to object: 'Object Repository/FIM/Sites Page/Site Filtering/Site_txt'

21-10-2025T20:56:16 - [TEST_STEP][PASSED] - (i++): null

21-10-2025T20:56:16 - [TEST_STEP][PASSED] - sendKeys(findTestObject("FIM/Sites Page/Site Filtering/Site_txt"), Keys.chord(BACK_SPACE), STOP_ON_FAILURE): Keys 'BACK_SPACE + ' sent to object: 'Object Repository/FIM/Sites Page/Site Filtering/Site_txt'

21-10-2025T20:56:16 - [MESSAGE][PASSED] - Keys 'BACK_SPACE + ' sent to object: 'Object Repository/FIM/Sites Page/Site Filtering/Site_txt'

21-10-2025T20:56:16 - [TEST_STEP][PASSED] - (i++): null

21-10-2025T20:56:16 - [TEST_STEP][PASSED] - sendKeys(findTestObject("FIM/Sites Page/Site Filtering/Site_txt"), Keys.chord(BACK_SPACE), STOP_ON_FAILURE): Keys 'BACK_SPACE + ' sent to object: 'Object Repository/FIM/Sites Page/Site Filtering/Site_txt'

21-10-2025T20:56:16 - [MESSAGE][PASSED] - Keys 'BACK_SPACE + ' sent to object: 'Object Repository/FIM/Sites Page/Site Filtering/Site_txt'

21-10-2025T20:56:16 - [TEST_STEP][PASSED] - (i++): null

21-10-2025T20:56:16 - [TEST_STEP][PASSED] - sendKeys(findTestObject("FIM/Sites Page/Site Filtering/Site_txt"), Keys.chord(BACK_SPACE), STOP_ON_FAILURE): Keys 'BACK_SPACE + ' sent to object: 'Object Repository/FIM/Sites Page/Site Filtering/Site_txt'

21-10-2025T20:56:16 - [MESSAGE][PASSED] - Keys 'BACK_SPACE + ' sent to object: 'Object Repository/FIM/Sites Page/Site Filtering/Site_txt'

21-10-2025T20:56:16 - [TEST_STEP][PASSED] - (i++): null

21-10-2025T20:56:16 - [TEST_STEP][PASSED] - sendKeys(findTestObject("FIM/Sites Page/Site Filtering/Site_txt"), Keys.chord(BACK_SPACE), STOP_ON_FAILURE): Keys 'BACK_SPACE + ' sent to object: 'Object Repository/FIM/Sites Page/Site Filtering/Site_txt'

21-10-2025T20:56:16 - [MESSAGE][PASSED] - Keys 'BACK_SPACE + ' sent to object: 'Object Repository/FIM/Sites Page/Site Filtering/Site_txt'

21-10-2025T20:56:16 - [TEST_STEP][PASSED] - (i++): null

21-10-2025T20:56:16 - [TEST_STEP][PASSED] - sendKeys(findTestObject("FIM/Sites Page/Site Filtering/Site_txt"), Keys.chord(BACK_SPACE), STOP_ON_FAILURE): Keys 'BACK_SPACE + ' sent to object: 'Object Repository/FIM/Sites Page/Site Filtering/Site_txt'

21-10-2025T20:56:16 - [MESSAGE][PASSED] - Keys 'BACK_SPACE + ' sent to object: 'Object Repository/FIM/Sites Page/Site Filtering/Site_txt'

21-10-2025T20:56:16 - [TEST_STEP][PASSED] - (i++): null

21-10-2025T20:56:16 - [TEST_STEP][PASSED] - sendKeys(findTestObject("FIM/Sites Page/Site Filtering/Site_txt"), Keys.chord(BACK_SPACE), STOP_ON_FAILURE): Keys 'BACK_SPACE + ' sent to object: 'Object Repository/FIM/Sites Page/Site Filtering/Site_txt'

21-10-2025T20:56:16 - [MESSAGE][PASSED] - Keys 'BACK_SPACE + ' sent to object: 'Object Repository/FIM/Sites Page/Site Filtering/Site_txt'

21-10-2025T20:56:16 - [TEST_STEP][PASSED] - (i++): null

21-10-2025T20:56:16 - [TEST_STEP][PASSED] - sendKeys(findTestObject("FIM/Sites Page/Site Filtering/Site_txt"), Keys.chord(BACK_SPACE), STOP_ON_FAILURE): Keys 'BACK_SPACE + ' sent to object: 'Object Repository/FIM/Sites Page/Site Filtering/Site_txt'

21-10-2025T20:56:16 - [MESSAGE][PASSED] - Keys 'BACK_SPACE + ' sent to object: 'Object Repository/FIM/Sites Page/Site Filtering/Site_txt'

21-10-2025T20:56:16 - [TEST_STEP][PASSED] - (i++): null

21-10-2025T20:56:16 - [TEST_STEP][PASSED] - sendKeys(findTestObject("FIM/Sites Page/Site Filtering/Site_txt"), Keys.chord(BACK_SPACE), STOP_ON_FAILURE): Keys 'BACK_SPACE + ' sent to object: 'Object Repository/FIM/Sites Page/Site Filtering/Site_txt'

21-10-2025T20:56:16 - [MESSAGE][PASSED] - Keys 'BACK_SPACE + ' sent to object: 'Object Repository/FIM/Sites Page/Site Filtering/Site_txt'

21-10-2025T20:56:16 - [TEST_STEP][PASSED] - (i++): null

21-10-2025T20:56:16 - [TEST_STEP][PASSED] - sendKeys(findTestObject("FIM/Sites Page/Site Filtering/Site_txt"), Keys.chord(BACK_SPACE), STOP_ON_FAILURE): Keys 'BACK_SPACE + ' sent to object: 'Object Repository/FIM/Sites Page/Site Filtering/Site_txt'

21-10-2025T20:56:16 - [MESSAGE][PASSED] - Keys 'BACK_SPACE + ' sent to object: 'Object Repository/FIM/Sites Page/Site Filtering/Site_txt'

21-10-2025T20:56:16 - [TEST_STEP][PASSED] - (i++): null

21-10-2025T20:56:16 - [TEST_STEP][PASSED] - sendKeys(findTestObject("FIM/Sites Page/Site Filtering/Site_txt"), Keys.chord(BACK_SPACE), STOP_ON_FAILURE): Keys 'BACK_SPACE + ' sent to object: 'Object Repository/FIM/Sites Page/Site Filtering/Site_txt'

21-10-2025T20:56:16 - [MESSAGE][PASSED] - Keys 'BACK_SPACE + ' sent to object: 'Object Repository/FIM/Sites Page/Site Filtering/Site_txt'

21-10-2025T20:56:16 - [TEST_STEP][PASSED] - (i++): null

21-10-2025T20:56:16 - [TEST_STEP][PASSED] - sendKeys(findTestObject("FIM/Sites Page/Site Filtering/Site_txt"), Keys.chord(BACK_SPACE), STOP_ON_FAILURE): Keys 'BACK_SPACE + ' sent to object: 'Object Repository/FIM/Sites Page/Site Filtering/Site_txt'

21-10-2025T20:56:16 - [MESSAGE][PASSED] - Keys 'BACK_SPACE + ' sent to object: 'Object Repository/FIM/Sites Page/Site Filtering/Site_txt'

21-10-2025T20:56:16 - [TEST_STEP][PASSED] - (i++): null

21-10-2025T20:56:16 - [TEST_STEP][PASSED] - sendKeys(findTestObject("FIM/Sites Page/Site Filtering/Site_txt"), Keys.chord(BACK_SPACE), STOP_ON_FAILURE): Keys 'BACK_SPACE + ' sent to object: 'Object Repository/FIM/Sites Page/Site Filtering/Site_txt'

21-10-2025T20:56:16 - [MESSAGE][PASSED] - Keys 'BACK_SPACE + ' sent to object: 'Object Repository/FIM/Sites Page/Site Filtering/Site_txt'

21-10-2025T20:56:16 - [TEST_STEP][PASSED] - (i++): null

21-10-2025T20:56:16 - [TEST_STEP][PASSED] - sendKeys(findTestObject("FIM/Sites Page/Site Filtering/Site_txt"), Keys.chord(BACK_SPACE), STOP_ON_FAILURE): Keys 'BACK_SPACE + ' sent to object: 'Object Repository/FIM/Sites Page/Site Filtering/Site_txt'

21-10-2025T20:56:16 - [MESSAGE][PASSED] - Keys 'BACK_SPACE + ' sent to object: 'Object Repository/FIM/Sites Page/Site Filtering/Site_txt'

21-10-2025T20:56:16 - [TEST_STEP][PASSED] - (i++): null

21-10-2025T20:56:16 - [TEST_STEP][PASSED] - sendKeys(findTestObject("FIM/Sites Page/Site Filtering/Site_txt"), Keys.chord(BACK_SPACE), STOP_ON_FAILURE): Keys 'BACK_SPACE + ' sent to object: 'Object Repository/FIM/Sites Page/Site Filtering/Site_txt'

21-10-2025T20:56:16 - [MESSAGE][PASSED] - Keys 'BACK_SPACE + ' sent to object: 'Object Repository/FIM/Sites Page/Site Filtering/Site_txt'

21-10-2025T20:56:16 - [TEST_STEP][PASSED] - (i++): null

21-10-2025T20:56:16 - [TEST_STEP][PASSED] - sendKeys(findTestObject("FIM/Sites Page/Site Filtering/Site_txt"), Keys.chord(BACK_SPACE), STOP_ON_FAILURE): Keys 'BACK_SPACE + ' sent to object: 'Object Repository/FIM/Sites Page/Site Filtering/Site_txt'

21-10-2025T20:56:17 - [MESSAGE][PASSED] - Keys 'BACK_SPACE + ' sent to object: 'Object Repository/FIM/Sites Page/Site Filtering/Site_txt'

21-10-2025T20:56:17 - [TEST_STEP][PASSED] - (i++): null

21-10-2025T20:56:17 - [TEST_STEP][PASSED] - sendKeys(findTestObject("FIM/Sites Page/Site Filtering/Site_txt"), Keys.chord(BACK_SPACE), STOP_ON_FAILURE): Keys 'BACK_SPACE + ' sent to object: 'Object Repository/FIM/Sites Page/Site Filtering/Site_txt'

21-10-2025T20:56:17 - [MESSAGE][PASSED] - Keys 'BACK_SPACE + ' sent to object: 'Object Repository/FIM/Sites Page/Site Filtering/Site_txt'

21-10-2025T20:56:17 - [TEST_STEP][PASSED] - (i++): null

21-10-2025T20:56:17 - [TEST_STEP][PASSED] - sendKeys(findTestObject("FIM/Sites Page/Site Filtering/Site_txt"), Keys.chord(BACK_SPACE), STOP_ON_FAILURE): Keys 'BACK_SPACE + ' sent to object: 'Object Repository/FIM/Sites Page/Site Filtering/Site_txt'

21-10-2025T20:56:17 - [MESSAGE][PASSED] - Keys 'BACK_SPACE + ' sent to object: 'Object Repository/FIM/Sites Page/Site Filtering/Site_txt'

21-10-2025T20:56:17 - [TEST_STEP][PASSED] - (i++): null

21-10-2025T20:56:17 - [TEST_STEP][PASSED] - sendKeys(findTestObject("FIM/Sites Page/Site Filtering/Site_txt"), Keys.chord(BACK_SPACE), STOP_ON_FAILURE): Keys 'BACK_SPACE + ' sent to object: 'Object Repository/FIM/Sites Page/Site Filtering/Site_txt'

21-10-2025T20:56:17 - [MESSAGE][PASSED] - Keys 'BACK_SPACE + ' sent to object: 'Object Repository/FIM/Sites Page/Site Filtering/Site_txt'

21-10-2025T20:56:17 - [TEST_STEP][PASSED] - (i++): null

21-10-2025T20:56:17 - [TEST_STEP][PASSED] - sendKeys(findTestObject("FIM/Sites Page/Site Filtering/Site_txt"), Keys.chord(BACK_SPACE), STOP_ON_FAILURE): Keys 'BACK_SPACE + ' sent to object: 'Object Repository/FIM/Sites Page/Site Filtering/Site_txt'

21-10-2025T20:56:17 - [MESSAGE][PASSED] - Keys 'BACK_SPACE + ' sent to object: 'Object Repository/FIM/Sites Page/Site Filtering/Site_txt'

21-10-2025T20:56:17 - [TEST_STEP][PASSED] - (i++): null

21-10-2025T20:56:17 - [TEST_STEP][PASSED] - sendKeys(findTestObject("FIM/Sites Page/Site Filtering/Site_txt"), Keys.chord(BACK_SPACE), STOP_ON_FAILURE): Keys 'BACK_SPACE + ' sent to object: 'Object Repository/FIM/Sites Page/Site Filtering/Site_txt'

21-10-2025T20:56:17 - [MESSAGE][PASSED] - Keys 'BACK_SPACE + ' sent to object: 'Object Repository/FIM/Sites Page/Site Filtering/Site_txt'

21-10-2025T20:56:17 - [TEST_STEP][PASSED] - (i++): null

21-10-2025T20:56:17 - [TEST_STEP][PASSED] - sendKeys(findTestObject("FIM/Sites Page/Site Filtering/Site_txt"), Keys.chord(BACK_SPACE), STOP_ON_FAILURE): Keys 'BACK_SPACE + ' sent to object: 'Object Repository/FIM/Sites Page/Site Filtering/Site_txt'

21-10-2025T20:56:17 - [MESSAGE][PASSED] - Keys 'BACK_SPACE + ' sent to object: 'Object Repository/FIM/Sites Page/Site Filtering/Site_txt'

21-10-2025T20:56:17 - [TEST_STEP][PASSED] - (i++): null

21-10-2025T20:56:17 - [TEST_STEP][PASSED] - sendKeys(findTestObject("FIM/Sites Page/Site Filtering/Site_txt"), Keys.chord(BACK_SPACE), STOP_ON_FAILURE): Keys 'BACK_SPACE + ' sent to object: 'Object Repository/FIM/Sites Page/Site Filtering/Site_txt'

21-10-2025T20:56:17 - [MESSAGE][PASSED] - Keys 'BACK_SPACE + ' sent to object: 'Object Repository/FIM/Sites Page/Site Filtering/Site_txt'

21-10-2025T20:56:17 - [TEST_STEP][PASSED] - (i++): null

21-10-2025T20:56:17 - [TEST_STEP][PASSED] - sendKeys(findTestObject("FIM/Sites Page/Site Filtering/Site_txt"), Keys.chord(BACK_SPACE), STOP_ON_FAILURE): Keys 'BACK_SPACE + ' sent to object: 'Object Repository/FIM/Sites Page/Site Filtering/Site_txt'

21-10-2025T20:56:17 - [MESSAGE][PASSED] - Keys 'BACK_SPACE + ' sent to object: 'Object Repository/FIM/Sites Page/Site Filtering/Site_txt'

21-10-2025T20:56:17 - [TEST_STEP][PASSED] - (i++): null

21-10-2025T20:56:17 - [TEST_STEP][PASSED] - sendKeys(findTestObject("FIM/Sites Page/Site Filtering/Site_txt"), Keys.chord(BACK_SPACE), STOP_ON_FAILURE): Keys 'BACK_SPACE + ' sent to object: 'Object Repository/FIM/Sites Page/Site Filtering/Site_txt'

21-10-2025T20:56:17 - [MESSAGE][PASSED] - Keys 'BACK_SPACE + ' sent to object: 'Object Repository/FIM/Sites Page/Site Filtering/Site_txt'

21-10-2025T20:56:17 - [TEST_STEP][PASSED] - (i++): null

21-10-2025T20:56:17 - [TEST_STEP][PASSED] - sendKeys(findTestObject("FIM/Sites Page/Site Filtering/Site_txt"), Keys.chord(BACK_SPACE), STOP_ON_FAILURE): Keys 'BACK_SPACE + ' sent to object: 'Object Repository/FIM/Sites Page/Site Filtering/Site_txt'

21-10-2025T20:56:17 - [MESSAGE][PASSED] - Keys 'BACK_SPACE + ' sent to object: 'Object Repository/FIM/Sites Page/Site Filtering/Site_txt'

21-10-2025T20:56:17 - [TEST_STEP][PASSED] - (i++): null

21-10-2025T20:56:17 - [TEST_STEP][PASSED] - sendKeys(findTestObject("FIM/Sites Page/Site Filtering/Site_txt"), Keys.chord(BACK_SPACE), STOP_ON_FAILURE): Keys 'BACK_SPACE + ' sent to object: 'Object Repository/FIM/Sites Page/Site Filtering/Site_txt'

21-10-2025T20:56:17 - [MESSAGE][PASSED] - Keys 'BACK_SPACE + ' sent to object: 'Object Repository/FIM/Sites Page/Site Filtering/Site_txt'

21-10-2025T20:56:17 - [TEST_STEP][PASSED] - (i++): null

21-10-2025T20:56:17 - [TEST_STEP][PASSED] - sendKeys(findTestObject("FIM/Sites Page/Site Filtering/Site_txt"), Keys.chord(BACK_SPACE), STOP_ON_FAILURE): Keys 'BACK_SPACE + ' sent to object: 'Object Repository/FIM/Sites Page/Site Filtering/Site_txt'

21-10-2025T20:56:17 - [MESSAGE][PASSED] - Keys 'BACK_SPACE + ' sent to object: 'Object Repository/FIM/Sites Page/Site Filtering/Site_txt'

21-10-2025T20:56:17 - [TEST_STEP][PASSED] - (i++): null

21-10-2025T20:56:17 - [TEST_STEP][PASSED] - sendKeys(findTestObject("FIM/Sites Page/Site Filtering/Site_txt"), Keys.chord(BACK_SPACE), STOP_ON_FAILURE): Keys 'BACK_SPACE + ' sent to object: 'Object Repository/FIM/Sites Page/Site Filtering/Site_txt'

21-10-2025T20:56:17 - [MESSAGE][PASSED] - Keys 'BACK_SPACE + ' sent to object: 'Object Repository/FIM/Sites Page/Site Filtering/Site_txt'

21-10-2025T20:56:17 - [TEST_STEP][PASSED] - (i++): null

21-10-2025T20:56:17 - [TEST_STEP][PASSED] - sendKeys(findTestObject("FIM/Sites Page/Site Filtering/Site_txt"), Keys.chord(BACK_SPACE), STOP_ON_FAILURE): Keys 'BACK_SPACE + ' sent to object: 'Object Repository/FIM/Sites Page/Site Filtering/Site_txt'

21-10-2025T20:56:17 - [MESSAGE][PASSED] - Keys 'BACK_SPACE + ' sent to object: 'Object Repository/FIM/Sites Page/Site Filtering/Site_txt'

21-10-2025T20:56:17 - [TEST_STEP][PASSED] - (i++): null

21-10-2025T20:56:17 - [TEST_STEP][PASSED] - sendKeys(findTestObject("FIM/Sites Page/Site Filtering/Site_txt"), Keys.chord(BACK_SPACE), STOP_ON_FAILURE): Keys 'BACK_SPACE + ' sent to object: 'Object Repository/FIM/Sites Page/Site Filtering/Site_txt'

21-10-2025T20:56:17 - [MESSAGE][PASSED] - Keys 'BACK_SPACE + ' sent to object: 'Object Repository/FIM/Sites Page/Site Filtering/Site_txt'

21-10-2025T20:56:17 - [TEST_STEP][PASSED] - (i++): null

21-10-2025T20:56:17 - [TEST_STEP][PASSED] - sendKeys(findTestObject("FIM/Sites Page/Site Filtering/Site_txt"), Keys.chord(BACK_SPACE), STOP_ON_FAILURE): Keys 'BACK_SPACE + ' sent to object: 'Object Repository/FIM/Sites Page/Site Filtering/Site_txt'

21-10-2025T20:56:18 - [MESSAGE][PASSED] - Keys 'BACK_SPACE + ' sent to object: 'Object Repository/FIM/Sites Page/Site Filtering/Site_txt'

21-10-2025T20:56:18 - [TEST_STEP][PASSED] - (i++): null

21-10-2025T20:56:18 - [TEST_STEP][PASSED] - sendKeys(findTestObject("FIM/Sites Page/Site Filtering/Site_txt"), Keys.chord(BACK_SPACE), STOP_ON_FAILURE): Keys 'BACK_SPACE + ' sent to object: 'Object Repository/FIM/Sites Page/Site Filtering/Site_txt'

21-10-2025T20:56:18 - [MESSAGE][PASSED] - Keys 'BACK_SPACE + ' sent to object: 'Object Repository/FIM/Sites Page/Site Filtering/Site_txt'

21-10-2025T20:56:18 - [TEST_STEP][PASSED] - (i++): null

21-10-2025T20:56:18 - [TEST_STEP][PASSED] - sendKeys(findTestObject("FIM/Sites Page/Site Filtering/Site_txt"), Keys.chord(BACK_SPACE), STOP_ON_FAILURE): Keys 'BACK_SPACE + ' sent to object: 'Object Repository/FIM/Sites Page/Site Filtering/Site_txt'

21-10-2025T20:56:18 - [MESSAGE][PASSED] - Keys 'BACK_SPACE + ' sent to object: 'Object Repository/FIM/Sites Page/Site Filtering/Site_txt'

21-10-2025T20:56:18 - [TEST_STEP][PASSED] - (i++): null

21-10-2025T20:56:18 - [TEST_STEP][PASSED] - sendKeys(findTestObject("FIM/Sites Page/Site Filtering/Site_txt"), Keys.chord(BACK_SPACE), STOP_ON_FAILURE): Keys 'BACK_SPACE + ' sent to object: 'Object Repository/FIM/Sites Page/Site Filtering/Site_txt'

21-10-2025T20:56:18 - [MESSAGE][PASSED] - Keys 'BACK_SPACE + ' sent to object: 'Object Repository/FIM/Sites Page/Site Filtering/Site_txt'

21-10-2025T20:56:18 - [TEST_STEP][PASSED] - (i++): null

21-10-2025T20:56:18 - [TEST_STEP][PASSED] - sendKeys(findTestObject("FIM/Sites Page/Site Filtering/Site_txt"), Keys.chord(BACK_SPACE), STOP_ON_FAILURE): Keys 'BACK_SPACE + ' sent to object: 'Object Repository/FIM/Sites Page/Site Filtering/Site_txt'

21-10-2025T20:56:18 - [MESSAGE][PASSED] - Keys 'BACK_SPACE + ' sent to object: 'Object Repository/FIM/Sites Page/Site Filtering/Site_txt'

21-10-2025T20:56:18 - [TEST_STEP][PASSED] - (i++): null

21-10-2025T20:56:18 - [TEST_STEP][PASSED] - sendKeys(findTestObject("FIM/Sites Page/Site Filtering/Site_txt"), Keys.chord(BACK_SPACE), STOP_ON_FAILURE): Keys 'BACK_SPACE + ' sent to object: 'Object Repository/FIM/Sites Page/Site Filtering/Site_txt'

21-10-2025T20:56:18 - [MESSAGE][PASSED] - Keys 'BACK_SPACE + ' sent to object: 'Object Repository/FIM/Sites Page/Site Filtering/Site_txt'

21-10-2025T20:56:18 - [TEST_STEP][PASSED] - (i++): null

21-10-2025T20:56:18 - [TEST_STEP][PASSED] - sendKeys(findTestObject("FIM/Sites Page/Site Filtering/Site_txt"), Keys.chord(BACK_SPACE), STOP_ON_FAILURE): Keys 'BACK_SPACE + ' sent to object: 'Object Repository/FIM/Sites Page/Site Filtering/Site_txt'

21-10-2025T20:56:18 - [MESSAGE][PASSED] - Keys 'BACK_SPACE + ' sent to object: 'Object Repository/FIM/Sites Page/Site Filtering/Site_txt'

21-10-2025T20:56:18 - [TEST_STEP][PASSED] - (i++): null

21-10-2025T20:56:18 - [TEST_STEP][PASSED] - sendKeys(findTestObject("FIM/Sites Page/Site Filtering/Site_txt"), Keys.chord(BACK_SPACE), STOP_ON_FAILURE): Keys 'BACK_SPACE + ' sent to object: 'Object Repository/FIM/Sites Page/Site Filtering/Site_txt'

21-10-2025T20:56:18 - [MESSAGE][PASSED] - Keys 'BACK_SPACE + ' sent to object: 'Object Repository/FIM/Sites Page/Site Filtering/Site_txt'

21-10-2025T20:56:18 - [TEST_STEP][PASSED] - (i++): null

21-10-2025T20:56:18 - [TEST_STEP][PASSED] - sendKeys(findTestObject("FIM/Sites Page/Site Filtering/Site_txt"), "TURK132 - 798 North", STOP_ON_FAILURE): Keys 'TURK132 - 798 North' sent to object: 'Object Repository/FIM/Sites Page/Site Filtering/Site_txt'

21-10-2025T20:56:18 - [MESSAGE][PASSED] - Keys 'TURK132 - 798 North' sent to object: 'Object Repository/FIM/Sites Page/Site Filtering/Site_txt'

21-10-2025T20:56:18 - [TEST_STEP][PASSED] - sendKeys(findTestObject("FIM/Sites Page/Site Filtering/Site_txt"), Keys.chord(ENTER), STOP_ON_FAILURE): Keys 'ENTER + ' sent to object: 'Object Repository/FIM/Sites Page/Site Filtering/Site_txt'

21-10-2025T20:56:18 - [MESSAGE][PASSED] - Keys 'ENTER + ' sent to object: 'Object Repository/FIM/Sites Page/Site Filtering/Site_txt'

21-10-2025T20:56:18 - [TEST_STEP][PASSED] - waitForElementClickable(findTestObject("FIM/Sites Page/Orders/Create Order/CreateOrder_btn"), 300): Object 'Object Repository/FIM/Sites Page/Orders/Create Order/CreateOrder_btn' is clickable

21-10-2025T20:56:19 - [MESSAGE][PASSED] - Object 'Object Repository/FIM/Sites Page/Orders/Create Order/CreateOrder_btn' is clickable

21-10-2025T20:56:19 - [TEST_STEP][PASSED] - click(findTestObject("FIM/Sites Page/Orders/Create Order/CreateOrder_btn"), OPTIONAL): Object: 'Object Repository/FIM/Sites Page/Orders/Create Order/CreateOrder_btn' is clicked on

21-10-2025T20:56:19 - [MESSAGE][PASSED] - Object: 'Object Repository/FIM/Sites Page/Orders/Create Order/CreateOrder_btn' is clicked on

21-10-2025T20:56:19 - [TEST_STEP][PASSED] - delay(1): Delayed 1 second(s)

21-10-2025T20:56:20 - [MESSAGE][PASSED] - Delayed 1 second(s)

21-10-2025T20:56:20 - [TEST_STEP][PASSED] - verifyElementPresent(findTestObject("FIM/Sites Page/Orders/Create Order/Split_Load_Order_toggle"), 10): Object 'Object Repository/FIM/Sites Page/Orders/Create Order/Split_Load_Order_toggle' is present

21-10-2025T20:56:20 - [MESSAGE][PASSED] - Object 'Object Repository/FIM/Sites Page/Orders/Create Order/Split_Load_Order_toggle' is present

21-10-2025T20:56:20 - [TEST_STEP][PASSED] - click(findTestObject("FIM/Sites Page/Orders/Create Order/Split_Load_Order_toggle"), STOP_ON_FAILURE): Object: 'Object Repository/FIM/Sites Page/Orders/Create Order/Split_Load_Order_toggle' is clicked on

21-10-2025T20:56:21 - [MESSAGE][PASSED] - Object: 'Object Repository/FIM/Sites Page/Orders/Create Order/Split_Load_Order_toggle' is clicked on

21-10-2025T20:56:21 - [TEST_STEP][PASSED] - delay(2): Delayed 2 second(s)

21-10-2025T20:56:23 - [MESSAGE][PASSED] - Delayed 2 second(s)

21-10-2025T20:56:23 - [TEST_STEP][PASSED] - sendKeys(findTestObject("FIM/Sites Page/Orders/Create Order/Split Order/Order_Site_Search_txt"), "TURK124 - 3664", STOP_ON_FAILURE): Keys 'TURK124 - 3664' sent to object: 'Object Repository/FIM/Sites Page/Orders/Create Order/Split Order/Order_Site_Search_txt'

21-10-2025T20:56:23 - [MESSAGE][PASSED] - Keys 'TURK124 - 3664' sent to object: 'Object Repository/FIM/Sites Page/Orders/Create Order/Split Order/Order_Site_Search_txt'

21-10-2025T20:56:23 - [TEST_STEP][PASSED] - delay(1): Delayed 1 second(s)

21-10-2025T20:56:24 - [MESSAGE][PASSED] - Delayed 1 second(s)

21-10-2025T20:56:24 - [TEST_STEP][PASSED] - sendKeys(findTestObject("FIM/Sites Page/Orders/Create Order/Split Order/Order_Site_Search_txt"), Keys.chord(ARROW_DOWN), STOP_ON_FAILURE): Keys 'DOWN + ' sent to object: 'Object Repository/FIM/Sites Page/Orders/Create Order/Split Order/Order_Site_Search_txt'

21-10-2025T20:56:24 - [MESSAGE][PASSED] - Keys 'DOWN + ' sent to object: 'Object Repository/FIM/Sites Page/Orders/Create Order/Split Order/Order_Site_Search_txt'

21-10-2025T20:56:24 - [TEST_STEP][PASSED] - delay(1): Delayed 1 second(s)

21-10-2025T20:56:25 - [MESSAGE][PASSED] - Delayed 1 second(s)

21-10-2025T20:56:25 - [TEST_STEP][PASSED] - sendKeys(findTestObject("FIM/Sites Page/Orders/Create Order/Split Order/Order_Site_Search_txt"), Keys.chord(ENTER), STOP_ON_FAILURE): Keys 'ENTER + ' sent to object: 'Object Repository/FIM/Sites Page/Orders/Create Order/Split Order/Order_Site_Search_txt'

21-10-2025T20:56:25 - [MESSAGE][PASSED] - Keys 'ENTER + ' sent to object: 'Object Repository/FIM/Sites Page/Orders/Create Order/Split Order/Order_Site_Search_txt'

21-10-2025T20:56:25 - [TEST_STEP][PASSED] - setText(findTestObject("FIM/Sites Page/Orders/Create Order/30PRM_txt (1)"), "5000"): Text '5000' is set on object 'Object Repository/FIM/Sites Page/Orders/Create Order/30PRM_txt (1)'

21-10-2025T20:56:25 - [MESSAGE][PASSED] - Text '5000' is set on object 'Object Repository/FIM/Sites Page/Orders/Create Order/30PRM_txt (1)'

21-10-2025T20:56:25 - [TEST_STEP][PASSED] - delay(2): Delayed 2 second(s)

21-10-2025T20:56:27 - [MESSAGE][PASSED] - Delayed 2 second(s)

21-10-2025T20:56:27 - [TEST_STEP][PASSED] - click(findTestObject("FIM/Sites Page/Orders/Create Order/Split Order/Add_Load_btn")): Object: 'Object Repository/FIM/Sites Page/Orders/Create Order/Split Order/Add_Load_btn' is clicked on

21-10-2025T20:56:27 - [MESSAGE][PASSED] - Object: 'Object Repository/FIM/Sites Page/Orders/Create Order/Split Order/Add_Load_btn' is clicked on

21-10-2025T20:56:27 - [TEST_STEP][PASSED] - delay(2): Delayed 2 second(s)

21-10-2025T20:56:29 - [MESSAGE][PASSED] - Delayed 2 second(s)

21-10-2025T20:56:29 - [TEST_STEP][PASSED] - verifyElementPresent(findTestObject("FIM/Sites Page/Orders/Create Order/Split Order/Site_Two_Tank_One_txt"), 10): Object 'Object Repository/FIM/Sites Page/Orders/Create Order/Split Order/Site_Two_Tank_One_txt' is present

21-10-2025T20:56:29 - [MESSAGE][PASSED] - Object 'Object Repository/FIM/Sites Page/Orders/Create Order/Split Order/Site_Two_Tank_One_txt' is present

21-10-2025T20:56:29 - [TEST_STEP][PASSED] - setText(findTestObject("FIM/Sites Page/Orders/Create Order/Split Order/Site_Two_Tank_One_txt"), "3600"): Text '3600' is set on object 'Object Repository/FIM/Sites Page/Orders/Create Order/Split Order/Site_Two_Tank_One_txt'

21-10-2025T20:56:29 - [MESSAGE][PASSED] - Text '3600' is set on object 'Object Repository/FIM/Sites Page/Orders/Create Order/Split Order/Site_Two_Tank_One_txt'

21-10-2025T20:56:29 - [TEST_STEP][PASSED] - verifyElementPresent(findTestObject("FIM/Sites Page/Orders/Create Order/Split Order/Split_Order_Remove_btn"), 10): Object 'Object Repository/FIM/Sites Page/Orders/Create Order/Split Order/Split_Order_Remove_btn' is present

21-10-2025T20:56:29 - [MESSAGE][PASSED] - Object 'Object Repository/FIM/Sites Page/Orders/Create Order/Split Order/Split_Order_Remove_btn' is present

21-10-2025T20:56:29 - [TEST_STEP][PASSED] - verifyElementText(findTestObject("FIM/Sites Page/Orders/Create Order/Split Order/Split_Order_Remove_btn"), "Remove"): Actual text and expected text of test object 'Object Repository/FIM/Sites Page/Orders/Create Order/Split Order/Split_Order_Remove_btn' are matched.

21-10-2025T20:56:29 - [MESSAGE][PASSED] - Actual text and expected text of test object 'Object Repository/FIM/Sites Page/Orders/Create Order/Split Order/Split_Order_Remove_btn' are matched.

21-10-2025T20:56:29 - [TEST_STEP][PASSED] - closeBrowser(): Browser is closed

21-10-2025T20:56:29 - [MESSAGE][PASSED] - Browser is closed

21-10-2025T20:56:29 - [TEST_STEP][PASSED] - Start listener action : retryOnDisconnect: null

21-10-2025T20:56:29 - [TEST_STEP][PASSED] - tcId = testCaseContext.getTestCaseId(): null

21-10-2025T20:56:29 - [TEST_STEP][PASSED] - currentRetry = retryCounts.getOrDefault(tcId, 0): null

21-10-2025T20:56:29 - [TEST_STEP][PASSED] - if (testCaseContext.getTestCaseStatus() == "FAILED" && currentRetry < MAX_RETRIES): null]]></system-out>
         <system-err><![CDATA[]]></system-err>
      </testcase>
      <testcase name="Test Cases/FIM/UI/KGL/Admin/Sites Page/Orders/Verify Split Order Toggle" time="44.731" classname="Test Cases/FIM/UI/KGL/Admin/Sites Page/Orders/Verify Split Order Toggle" status="PASSED">
         <system-out><![CDATA[21-10-2025T20:56:29 - [TEST_CASE][PASSED] - Test Cases/FIM/UI/KGL/Admin/Sites Page/Orders/Verify Split Order Toggle: Test Cases/FIM/UI/KGL/Admin/Sites Page/Orders/Verify Split Order Toggle

21-10-2025T20:56:29 - [TEST_STEP][PASSED] - Start listener action : beforeTestCase: null

21-10-2025T20:56:29 - [TEST_STEP][PASSED] - addDefaultPackages(): null

21-10-2025T20:56:30 - [TEST_STEP][PASSED] - i = 0: null

21-10-2025T20:56:30 - [TEST_STEP][PASSED] - callTestCase(findTestCase("Utility Scripts/FIM KGL Admin Login"), [:], STOP_ON_FAILURE): Call Test Case 'Test Cases/Utility Scripts/FIM KGL Admin Login' successfully

21-10-2025T20:56:30 - [TEST_CASE][PASSED] - Test Cases/Utility Scripts/FIM KGL Admin Login: Test Cases/Utility Scripts/FIM KGL Admin Login

21-10-2025T20:56:30 - [TEST_STEP][PASSED] - openBrowser(""): Browser is opened with url: ''

21-10-2025T20:56:30 - [MESSAGE][INFO] - Starting 'Chrome' driver

21-10-2025T20:56:30 - [MESSAGE][INFO] - User set preference: ['args', '[--no-sandbox, --disable-gpu, --disable-dev-shm-usage]']

21-10-2025T20:56:30 - [MESSAGE][INFO] - Action delay is set to 0 milliseconds

21-10-2025T20:56:30 - [MESSAGE][PASSED] - Browser is opened with url: ''

21-10-2025T20:56:30 - [TEST_STEP][PASSED] - delay(1): Delayed 1 second(s)

21-10-2025T20:56:31 - [MESSAGE][PASSED] - Delayed 1 second(s)

21-10-2025T20:56:31 - [TEST_STEP][PASSED] - navigateToUrl(KGLCustomGroupUrl): Navigate to 'https://kaglogistics-inventory-management-portal.qa.thekag.com/custom-group/' successfully

21-10-2025T20:56:32 - [MESSAGE][PASSED] - Navigate to 'https://kaglogistics-inventory-management-portal.qa.thekag.com/custom-group/' successfully

21-10-2025T20:56:32 - [TEST_STEP][PASSED] - delay(10): Delayed 10 second(s)

21-10-2025T20:56:42 - [MESSAGE][PASSED] - Delayed 10 second(s)

21-10-2025T20:56:42 - [TEST_STEP][PASSED] - if (maximizeWindow == true): Delayed 1 second(s)

21-10-2025T20:56:42 - [TEST_STEP][PASSED] - maximizeWindow(STOP_ON_FAILURE): Current window maximized

21-10-2025T20:56:42 - [MESSAGE][PASSED] - Current window maximized

21-10-2025T20:56:42 - [TEST_STEP][PASSED] - delay(1): Delayed 1 second(s)

21-10-2025T20:56:43 - [MESSAGE][PASSED] - Delayed 1 second(s)

21-10-2025T20:56:43 - [TEST_STEP][PASSED] - waitForElementPresent(findTestObject("FIM/Username_txt"), 10): Object 'Object Repository/FIM/Username_txt' is present

21-10-2025T20:56:43 - [MESSAGE][PASSED] - Object 'Object Repository/FIM/Username_txt' is present

21-10-2025T20:56:43 - [TEST_STEP][PASSED] - setText(findTestObject("FIM/Username_txt"), FIMUsername): Text 'Chris.Sheldon+DES_QA@Thekag.com' is set on object 'Object Repository/FIM/Username_txt'

21-10-2025T20:56:43 - [MESSAGE][PASSED] - Text 'Chris.Sheldon+DES_QA@Thekag.com' is set on object 'Object Repository/FIM/Username_txt'

21-10-2025T20:56:43 - [TEST_STEP][PASSED] - delay(1): Delayed 1 second(s)

21-10-2025T20:56:44 - [MESSAGE][PASSED] - Delayed 1 second(s)

21-10-2025T20:56:44 - [TEST_STEP][PASSED] - setText(findTestObject("FIM/Password_txt"), FIMPassword): Text 'QATest!2' is set on object 'Object Repository/FIM/Password_txt'

21-10-2025T20:56:44 - [MESSAGE][PASSED] - Text 'QATest!2' is set on object 'Object Repository/FIM/Password_txt'

21-10-2025T20:56:44 - [TEST_STEP][PASSED] - delay(1): Delayed 1 second(s)

21-10-2025T20:56:45 - [MESSAGE][PASSED] - Delayed 1 second(s)

21-10-2025T20:56:45 - [TEST_STEP][PASSED] - click(findTestObject("FIM/Login_btn")): Object: 'Object Repository/FIM/Login_btn' is clicked on

21-10-2025T20:56:45 - [MESSAGE][PASSED] - Object: 'Object Repository/FIM/Login_btn' is clicked on

21-10-2025T20:56:45 - [MESSAGE][PASSED] - Call Test Case 'Test Cases/Utility Scripts/FIM KGL Admin Login' successfully

21-10-2025T20:56:45 - [TEST_STEP][PASSED] - if (verifyElementVisible(findTestObject("FIM/Server_Notification_Close_btn"), OPTIONAL) == true): Web element with id: 'Object Repository/FIM/Server_Notification_Close_btn' located by '/html/body/div/div[1]/button' not found (Root cause: com.kms.katalon.core.exception.StepFailedException: Web element with id: 'Object Repository/FIM/Server_Notification_Close_btn' located by '/html/body/div/div[1]/button' not found
	at com.kms.katalon.core.webui.keyword.internal.WebUIKeywordMain.stepFailed(WebUIKeywordMain.groovy:117)
	at com.kms.katalon.core.webui.keyword.builtin.VerifyElementVisibleKeyword$_verifyElementVisible_closure1.doCall(VerifyElementVisibleKeyword.groovy:89)
	at com.kms.katalon.core.webui.keyword.builtin.VerifyElementVisibleKeyword$_verifyElementVisible_closure1.call(VerifyElementVisibleKeyword.groovy)
	at com.kms.katalon.core.webui.keyword.internal.WebUIKeywordMain.runKeyword(WebUIKeywordMain.groovy:35)
	at com.kms.katalon.core.webui.keyword.builtin.VerifyElementVisibleKeyword.verifyElementVisible(VerifyElementVisibleKeyword.groovy:97)
	at com.kms.katalon.core.webui.keyword.builtin.VerifyElementVisibleKeyword.execute(VerifyElementVisibleKeyword.groovy:67)
	at com.kms.katalon.core.keyword.internal.KeywordExecutor.executeKeywordForPlatform(KeywordExecutor.groovy:74)
	at com.kms.katalon.core.webui.keyword.WebUiBuiltInKeywords.verifyElementVisible(WebUiBuiltInKeywords.groovy:401)
	at com.kms.katalon.core.webui.keyword.WebUiBuiltInKeywords$verifyElementVisible$5.call(Unknown Source)
	at Verify Split Order Toggle.run(Verify Split Order Toggle:24)
	at com.kms.katalon.core.main.ScriptEngine.run(ScriptEngine.java:194)
	at com.kms.katalon.core.main.ScriptEngine.runScriptAsRawText(ScriptEngine.java:119)
	at com.kms.katalon.core.main.TestCaseExecutor.runScript(TestCaseExecutor.java:448)
	at com.kms.katalon.core.main.TestCaseExecutor.doExecute(TestCaseExecutor.java:439)
	at com.kms.katalon.core.main.TestCaseExecutor.processExecutionPhase(TestCaseExecutor.java:418)
	at com.kms.katalon.core.main.TestCaseExecutor.accessMainPhase(TestCaseExecutor.java:410)
	at com.kms.katalon.core.main.TestCaseExecutor.execute(TestCaseExecutor.java:285)
	at com.kms.katalon.core.common.CommonExecutor.accessTestCaseMainPhase(CommonExecutor.java:65)
	at com.kms.katalon.core.main.TestSuiteExecutor.accessTestSuiteMainPhase(TestSuiteExecutor.java:150)
	at com.kms.katalon.core.main.TestSuiteExecutor.execute(TestSuiteExecutor.java:106)
	at com.kms.katalon.core.main.TestCaseMain.startTestSuite(TestCaseMain.java:180)
	at com.kms.katalon.core.main.TestCaseMain$startTestSuite$0.call(Unknown Source)
	at TempTestSuite1761090769781.run(TempTestSuite1761090769781.groovy:35)
	at java.base/jdk.internal.reflect.NativeMethodAccessorImpl.invoke0(Native Method)
	at java.base/jdk.internal.reflect.NativeMethodAccessorImpl.invoke(NativeMethodAccessorImpl.java:77)
	at java.base/jdk.internal.reflect.DelegatingMethodAccessorImpl.invoke(DelegatingMethodAccessorImpl.java:43)
)

21-10-2025T20:57:01 - [MESSAGE][INFO] - Unable to find the element located by 'By.xpath: /html/body/div/div[1]/button'. Please recheck the objects properties to make sure the desired element is located. 

21-10-2025T20:57:01 - [MESSAGE][WARNING] - [SELF-HEALING] Failed to find element with id 'Object Repository/FIM/Server_Notification_Close_btn'. Try using Self-healing.

21-10-2025T20:57:02 - [MESSAGE][INFO] - [SELF-HEALING] No working XPath is found.

21-10-2025T20:57:04 - [MESSAGE][INFO] - Unable to find the element located by 'By.xpath: '. Please recheck the objects properties to make sure the desired element is located. 

21-10-2025T20:57:04 - [MESSAGE][WARNING] - [SELF-HEALING] Cannot find elements when the selector is null

21-10-2025T20:57:04 - [MESSAGE][WARNING] - Web element with id: 'Object Repository/FIM/Server_Notification_Close_btn' located by '/html/body/div/div[1]/button' not found (Root cause: com.kms.katalon.core.exception.StepFailedException: Web element with id: 'Object Repository/FIM/Server_Notification_Close_btn' located by '/html/body/div/div[1]/button' not found
	at com.kms.katalon.core.webui.keyword.internal.WebUIKeywordMain.stepFailed(WebUIKeywordMain.groovy:117)
	at com.kms.katalon.core.webui.keyword.builtin.VerifyElementVisibleKeyword$_verifyElementVisible_closure1.doCall(VerifyElementVisibleKeyword.groovy:89)
	at com.kms.katalon.core.webui.keyword.builtin.VerifyElementVisibleKeyword$_verifyElementVisible_closure1.call(VerifyElementVisibleKeyword.groovy)
	at com.kms.katalon.core.webui.keyword.internal.WebUIKeywordMain.runKeyword(WebUIKeywordMain.groovy:35)
	at com.kms.katalon.core.webui.keyword.builtin.VerifyElementVisibleKeyword.verifyElementVisible(VerifyElementVisibleKeyword.groovy:97)
	at com.kms.katalon.core.webui.keyword.builtin.VerifyElementVisibleKeyword.execute(VerifyElementVisibleKeyword.groovy:67)
	at com.kms.katalon.core.keyword.internal.KeywordExecutor.executeKeywordForPlatform(KeywordExecutor.groovy:74)
	at com.kms.katalon.core.webui.keyword.WebUiBuiltInKeywords.verifyElementVisible(WebUiBuiltInKeywords.groovy:401)
	at com.kms.katalon.core.webui.keyword.WebUiBuiltInKeywords$verifyElementVisible$5.call(Unknown Source)
	at Verify Split Order Toggle.run(Verify Split Order Toggle:24)
	at com.kms.katalon.core.main.ScriptEngine.run(ScriptEngine.java:194)
	at com.kms.katalon.core.main.ScriptEngine.runScriptAsRawText(ScriptEngine.java:119)
	at com.kms.katalon.core.main.TestCaseExecutor.runScript(TestCaseExecutor.java:448)
	at com.kms.katalon.core.main.TestCaseExecutor.doExecute(TestCaseExecutor.java:439)
	at com.kms.katalon.core.main.TestCaseExecutor.processExecutionPhase(TestCaseExecutor.java:418)
	at com.kms.katalon.core.main.TestCaseExecutor.accessMainPhase(TestCaseExecutor.java:410)
	at com.kms.katalon.core.main.TestCaseExecutor.execute(TestCaseExecutor.java:285)
	at com.kms.katalon.core.common.CommonExecutor.accessTestCaseMainPhase(CommonExecutor.java:65)
	at com.kms.katalon.core.main.TestSuiteExecutor.accessTestSuiteMainPhase(TestSuiteExecutor.java:150)
	at com.kms.katalon.core.main.TestSuiteExecutor.execute(TestSuiteExecutor.java:106)
	at com.kms.katalon.core.main.TestCaseMain.startTestSuite(TestCaseMain.java:180)
	at com.kms.katalon.core.main.TestCaseMain$startTestSuite$0.call(Unknown Source)
	at TempTestSuite1761090769781.run(TempTestSuite1761090769781.groovy:35)
	at java.base/jdk.internal.reflect.NativeMethodAccessorImpl.invoke0(Native Method)
	at java.base/jdk.internal.reflect.NativeMethodAccessorImpl.invoke(NativeMethodAccessorImpl.java:77)
	at java.base/jdk.internal.reflect.DelegatingMethodAccessorImpl.invoke(DelegatingMethodAccessorImpl.java:43)
)

21-10-2025T20:57:04 - [TEST_STEP][PASSED] - delay(1): Delayed 1 second(s)

21-10-2025T20:57:05 - [MESSAGE][PASSED] - Delayed 1 second(s)

21-10-2025T20:57:05 - [TEST_STEP][PASSED] - click(findTestObject("FIM/Hamburger Menu List/Hamburger_menu")): Object: 'Object Repository/FIM/Hamburger Menu List/Hamburger_menu' is clicked on

21-10-2025T20:57:05 - [MESSAGE][PASSED] - Object: 'Object Repository/FIM/Hamburger Menu List/Hamburger_menu' is clicked on

21-10-2025T20:57:05 - [TEST_STEP][PASSED] - verifyElementPresent(findTestObject("FIM/Hamburger Menu List/Sites_list (1)"), 10): Object 'Object Repository/FIM/Hamburger Menu List/Sites_list (1)' is present

21-10-2025T20:57:05 - [MESSAGE][PASSED] - Object 'Object Repository/FIM/Hamburger Menu List/Sites_list (1)' is present

21-10-2025T20:57:05 - [TEST_STEP][PASSED] - delay(1): Delayed 1 second(s)

21-10-2025T20:57:06 - [MESSAGE][PASSED] - Delayed 1 second(s)

21-10-2025T20:57:06 - [TEST_STEP][PASSED] - click(findTestObject("FIM/Hamburger Menu List/Sites_list (1)")): Object: 'Object Repository/FIM/Hamburger Menu List/Sites_list (1)' is clicked on

21-10-2025T20:57:06 - [MESSAGE][PASSED] - Object: 'Object Repository/FIM/Hamburger Menu List/Sites_list (1)' is clicked on

21-10-2025T20:57:06 - [TEST_STEP][PASSED] - waitForElementPresent(findTestObject("FIM/Sites Page/Calculator/Calculator Tab"), 10): Object 'Object Repository/FIM/Sites Page/Calculator/Calculator Tab' is present

21-10-2025T20:57:07 - [MESSAGE][PASSED] - Object 'Object Repository/FIM/Sites Page/Calculator/Calculator Tab' is present

21-10-2025T20:57:07 - [TEST_STEP][PASSED] - selectOptionByLabel(findTestObject("FIM/Sites Page/Site Filtering/Region Selection_dropdown"), "KAG LOGISTICS", false): All options with label 'KAG LOGISTICS' are selected in object 'Object Repository/FIM/Sites Page/Site Filtering/Region Selection_dropdown' 

21-10-2025T20:57:07 - [MESSAGE][PASSED] - All options with label 'KAG LOGISTICS' are selected in object 'Object Repository/FIM/Sites Page/Site Filtering/Region Selection_dropdown' 

21-10-2025T20:57:07 - [TEST_STEP][PASSED] - while (i < 60 == true): null

21-10-2025T20:57:07 - [TEST_STEP][PASSED] - sendKeys(findTestObject("FIM/Sites Page/Site Filtering/Site_txt"), Keys.chord(BACK_SPACE), STOP_ON_FAILURE): Keys 'BACK_SPACE + ' sent to object: 'Object Repository/FIM/Sites Page/Site Filtering/Site_txt'

21-10-2025T20:57:08 - [MESSAGE][PASSED] - Keys 'BACK_SPACE + ' sent to object: 'Object Repository/FIM/Sites Page/Site Filtering/Site_txt'

21-10-2025T20:57:08 - [TEST_STEP][PASSED] - (i++): null

21-10-2025T20:57:08 - [TEST_STEP][PASSED] - sendKeys(findTestObject("FIM/Sites Page/Site Filtering/Site_txt"), Keys.chord(BACK_SPACE), STOP_ON_FAILURE): Keys 'BACK_SPACE + ' sent to object: 'Object Repository/FIM/Sites Page/Site Filtering/Site_txt'

21-10-2025T20:57:09 - [MESSAGE][PASSED] - Keys 'BACK_SPACE + ' sent to object: 'Object Repository/FIM/Sites Page/Site Filtering/Site_txt'

21-10-2025T20:57:09 - [TEST_STEP][PASSED] - (i++): null

21-10-2025T20:57:09 - [TEST_STEP][PASSED] - sendKeys(findTestObject("FIM/Sites Page/Site Filtering/Site_txt"), Keys.chord(BACK_SPACE), STOP_ON_FAILURE): Keys 'BACK_SPACE + ' sent to object: 'Object Repository/FIM/Sites Page/Site Filtering/Site_txt'

21-10-2025T20:57:09 - [MESSAGE][PASSED] - Keys 'BACK_SPACE + ' sent to object: 'Object Repository/FIM/Sites Page/Site Filtering/Site_txt'

21-10-2025T20:57:09 - [TEST_STEP][PASSED] - (i++): null

21-10-2025T20:57:09 - [TEST_STEP][PASSED] - sendKeys(findTestObject("FIM/Sites Page/Site Filtering/Site_txt"), Keys.chord(BACK_SPACE), STOP_ON_FAILURE): Keys 'BACK_SPACE + ' sent to object: 'Object Repository/FIM/Sites Page/Site Filtering/Site_txt'

21-10-2025T20:57:09 - [MESSAGE][PASSED] - Keys 'BACK_SPACE + ' sent to object: 'Object Repository/FIM/Sites Page/Site Filtering/Site_txt'

21-10-2025T20:57:09 - [TEST_STEP][PASSED] - (i++): null

21-10-2025T20:57:09 - [TEST_STEP][PASSED] - sendKeys(findTestObject("FIM/Sites Page/Site Filtering/Site_txt"), Keys.chord(BACK_SPACE), STOP_ON_FAILURE): Keys 'BACK_SPACE + ' sent to object: 'Object Repository/FIM/Sites Page/Site Filtering/Site_txt'

21-10-2025T20:57:09 - [MESSAGE][PASSED] - Keys 'BACK_SPACE + ' sent to object: 'Object Repository/FIM/Sites Page/Site Filtering/Site_txt'

21-10-2025T20:57:09 - [TEST_STEP][PASSED] - (i++): null

21-10-2025T20:57:09 - [TEST_STEP][PASSED] - sendKeys(findTestObject("FIM/Sites Page/Site Filtering/Site_txt"), Keys.chord(BACK_SPACE), STOP_ON_FAILURE): Keys 'BACK_SPACE + ' sent to object: 'Object Repository/FIM/Sites Page/Site Filtering/Site_txt'

21-10-2025T20:57:09 - [MESSAGE][PASSED] - Keys 'BACK_SPACE + ' sent to object: 'Object Repository/FIM/Sites Page/Site Filtering/Site_txt'

21-10-2025T20:57:09 - [TEST_STEP][PASSED] - (i++): null

21-10-2025T20:57:09 - [TEST_STEP][PASSED] - sendKeys(findTestObject("FIM/Sites Page/Site Filtering/Site_txt"), Keys.chord(BACK_SPACE), STOP_ON_FAILURE): Keys 'BACK_SPACE + ' sent to object: 'Object Repository/FIM/Sites Page/Site Filtering/Site_txt'

21-10-2025T20:57:09 - [MESSAGE][PASSED] - Keys 'BACK_SPACE + ' sent to object: 'Object Repository/FIM/Sites Page/Site Filtering/Site_txt'

21-10-2025T20:57:09 - [TEST_STEP][PASSED] - (i++): null

21-10-2025T20:57:09 - [TEST_STEP][PASSED] - sendKeys(findTestObject("FIM/Sites Page/Site Filtering/Site_txt"), Keys.chord(BACK_SPACE), STOP_ON_FAILURE): Keys 'BACK_SPACE + ' sent to object: 'Object Repository/FIM/Sites Page/Site Filtering/Site_txt'

21-10-2025T20:57:09 - [MESSAGE][PASSED] - Keys 'BACK_SPACE + ' sent to object: 'Object Repository/FIM/Sites Page/Site Filtering/Site_txt'

21-10-2025T20:57:09 - [TEST_STEP][PASSED] - (i++): null

21-10-2025T20:57:09 - [TEST_STEP][PASSED] - sendKeys(findTestObject("FIM/Sites Page/Site Filtering/Site_txt"), Keys.chord(BACK_SPACE), STOP_ON_FAILURE): Keys 'BACK_SPACE + ' sent to object: 'Object Repository/FIM/Sites Page/Site Filtering/Site_txt'

21-10-2025T20:57:09 - [MESSAGE][PASSED] - Keys 'BACK_SPACE + ' sent to object: 'Object Repository/FIM/Sites Page/Site Filtering/Site_txt'

21-10-2025T20:57:09 - [TEST_STEP][PASSED] - (i++): null

21-10-2025T20:57:09 - [TEST_STEP][PASSED] - sendKeys(findTestObject("FIM/Sites Page/Site Filtering/Site_txt"), Keys.chord(BACK_SPACE), STOP_ON_FAILURE): Keys 'BACK_SPACE + ' sent to object: 'Object Repository/FIM/Sites Page/Site Filtering/Site_txt'

21-10-2025T20:57:09 - [MESSAGE][PASSED] - Keys 'BACK_SPACE + ' sent to object: 'Object Repository/FIM/Sites Page/Site Filtering/Site_txt'

21-10-2025T20:57:09 - [TEST_STEP][PASSED] - (i++): null

21-10-2025T20:57:09 - [TEST_STEP][PASSED] - sendKeys(findTestObject("FIM/Sites Page/Site Filtering/Site_txt"), Keys.chord(BACK_SPACE), STOP_ON_FAILURE): Keys 'BACK_SPACE + ' sent to object: 'Object Repository/FIM/Sites Page/Site Filtering/Site_txt'

21-10-2025T20:57:09 - [MESSAGE][PASSED] - Keys 'BACK_SPACE + ' sent to object: 'Object Repository/FIM/Sites Page/Site Filtering/Site_txt'

21-10-2025T20:57:09 - [TEST_STEP][PASSED] - (i++): null

21-10-2025T20:57:09 - [TEST_STEP][PASSED] - sendKeys(findTestObject("FIM/Sites Page/Site Filtering/Site_txt"), Keys.chord(BACK_SPACE), STOP_ON_FAILURE): Keys 'BACK_SPACE + ' sent to object: 'Object Repository/FIM/Sites Page/Site Filtering/Site_txt'

21-10-2025T20:57:09 - [MESSAGE][PASSED] - Keys 'BACK_SPACE + ' sent to object: 'Object Repository/FIM/Sites Page/Site Filtering/Site_txt'

21-10-2025T20:57:09 - [TEST_STEP][PASSED] - (i++): null

21-10-2025T20:57:09 - [TEST_STEP][PASSED] - sendKeys(findTestObject("FIM/Sites Page/Site Filtering/Site_txt"), Keys.chord(BACK_SPACE), STOP_ON_FAILURE): Keys 'BACK_SPACE + ' sent to object: 'Object Repository/FIM/Sites Page/Site Filtering/Site_txt'

21-10-2025T20:57:09 - [MESSAGE][PASSED] - Keys 'BACK_SPACE + ' sent to object: 'Object Repository/FIM/Sites Page/Site Filtering/Site_txt'

21-10-2025T20:57:09 - [TEST_STEP][PASSED] - (i++): null

21-10-2025T20:57:09 - [TEST_STEP][PASSED] - sendKeys(findTestObject("FIM/Sites Page/Site Filtering/Site_txt"), Keys.chord(BACK_SPACE), STOP_ON_FAILURE): Keys 'BACK_SPACE + ' sent to object: 'Object Repository/FIM/Sites Page/Site Filtering/Site_txt'

21-10-2025T20:57:09 - [MESSAGE][PASSED] - Keys 'BACK_SPACE + ' sent to object: 'Object Repository/FIM/Sites Page/Site Filtering/Site_txt'

21-10-2025T20:57:09 - [TEST_STEP][PASSED] - (i++): null

21-10-2025T20:57:09 - [TEST_STEP][PASSED] - sendKeys(findTestObject("FIM/Sites Page/Site Filtering/Site_txt"), Keys.chord(BACK_SPACE), STOP_ON_FAILURE): Keys 'BACK_SPACE + ' sent to object: 'Object Repository/FIM/Sites Page/Site Filtering/Site_txt'

21-10-2025T20:57:09 - [MESSAGE][PASSED] - Keys 'BACK_SPACE + ' sent to object: 'Object Repository/FIM/Sites Page/Site Filtering/Site_txt'

21-10-2025T20:57:09 - [TEST_STEP][PASSED] - (i++): null

21-10-2025T20:57:09 - [TEST_STEP][PASSED] - sendKeys(findTestObject("FIM/Sites Page/Site Filtering/Site_txt"), Keys.chord(BACK_SPACE), STOP_ON_FAILURE): Keys 'BACK_SPACE + ' sent to object: 'Object Repository/FIM/Sites Page/Site Filtering/Site_txt'

21-10-2025T20:57:09 - [MESSAGE][PASSED] - Keys 'BACK_SPACE + ' sent to object: 'Object Repository/FIM/Sites Page/Site Filtering/Site_txt'

21-10-2025T20:57:09 - [TEST_STEP][PASSED] - (i++): null

21-10-2025T20:57:09 - [TEST_STEP][PASSED] - sendKeys(findTestObject("FIM/Sites Page/Site Filtering/Site_txt"), Keys.chord(BACK_SPACE), STOP_ON_FAILURE): Keys 'BACK_SPACE + ' sent to object: 'Object Repository/FIM/Sites Page/Site Filtering/Site_txt'

21-10-2025T20:57:09 - [MESSAGE][PASSED] - Keys 'BACK_SPACE + ' sent to object: 'Object Repository/FIM/Sites Page/Site Filtering/Site_txt'

21-10-2025T20:57:09 - [TEST_STEP][PASSED] - (i++): null

21-10-2025T20:57:09 - [TEST_STEP][PASSED] - sendKeys(findTestObject("FIM/Sites Page/Site Filtering/Site_txt"), Keys.chord(BACK_SPACE), STOP_ON_FAILURE): Keys 'BACK_SPACE + ' sent to object: 'Object Repository/FIM/Sites Page/Site Filtering/Site_txt'

21-10-2025T20:57:09 - [MESSAGE][PASSED] - Keys 'BACK_SPACE + ' sent to object: 'Object Repository/FIM/Sites Page/Site Filtering/Site_txt'

21-10-2025T20:57:09 - [TEST_STEP][PASSED] - (i++): null

21-10-2025T20:57:09 - [TEST_STEP][PASSED] - sendKeys(findTestObject("FIM/Sites Page/Site Filtering/Site_txt"), Keys.chord(BACK_SPACE), STOP_ON_FAILURE): Keys 'BACK_SPACE + ' sent to object: 'Object Repository/FIM/Sites Page/Site Filtering/Site_txt'

21-10-2025T20:57:10 - [MESSAGE][PASSED] - Keys 'BACK_SPACE + ' sent to object: 'Object Repository/FIM/Sites Page/Site Filtering/Site_txt'

21-10-2025T20:57:10 - [TEST_STEP][PASSED] - (i++): null

21-10-2025T20:57:10 - [TEST_STEP][PASSED] - sendKeys(findTestObject("FIM/Sites Page/Site Filtering/Site_txt"), Keys.chord(BACK_SPACE), STOP_ON_FAILURE): Keys 'BACK_SPACE + ' sent to object: 'Object Repository/FIM/Sites Page/Site Filtering/Site_txt'

21-10-2025T20:57:10 - [MESSAGE][PASSED] - Keys 'BACK_SPACE + ' sent to object: 'Object Repository/FIM/Sites Page/Site Filtering/Site_txt'

21-10-2025T20:57:10 - [TEST_STEP][PASSED] - (i++): null

21-10-2025T20:57:10 - [TEST_STEP][PASSED] - sendKeys(findTestObject("FIM/Sites Page/Site Filtering/Site_txt"), Keys.chord(BACK_SPACE), STOP_ON_FAILURE): Keys 'BACK_SPACE + ' sent to object: 'Object Repository/FIM/Sites Page/Site Filtering/Site_txt'

21-10-2025T20:57:10 - [MESSAGE][PASSED] - Keys 'BACK_SPACE + ' sent to object: 'Object Repository/FIM/Sites Page/Site Filtering/Site_txt'

21-10-2025T20:57:10 - [TEST_STEP][PASSED] - (i++): null

21-10-2025T20:57:10 - [TEST_STEP][PASSED] - sendKeys(findTestObject("FIM/Sites Page/Site Filtering/Site_txt"), Keys.chord(BACK_SPACE), STOP_ON_FAILURE): Keys 'BACK_SPACE + ' sent to object: 'Object Repository/FIM/Sites Page/Site Filtering/Site_txt'

21-10-2025T20:57:10 - [MESSAGE][PASSED] - Keys 'BACK_SPACE + ' sent to object: 'Object Repository/FIM/Sites Page/Site Filtering/Site_txt'

21-10-2025T20:57:10 - [TEST_STEP][PASSED] - (i++): null

21-10-2025T20:57:10 - [TEST_STEP][PASSED] - sendKeys(findTestObject("FIM/Sites Page/Site Filtering/Site_txt"), Keys.chord(BACK_SPACE), STOP_ON_FAILURE): Keys 'BACK_SPACE + ' sent to object: 'Object Repository/FIM/Sites Page/Site Filtering/Site_txt'

21-10-2025T20:57:10 - [MESSAGE][PASSED] - Keys 'BACK_SPACE + ' sent to object: 'Object Repository/FIM/Sites Page/Site Filtering/Site_txt'

21-10-2025T20:57:10 - [TEST_STEP][PASSED] - (i++): null

21-10-2025T20:57:10 - [TEST_STEP][PASSED] - sendKeys(findTestObject("FIM/Sites Page/Site Filtering/Site_txt"), Keys.chord(BACK_SPACE), STOP_ON_FAILURE): Keys 'BACK_SPACE + ' sent to object: 'Object Repository/FIM/Sites Page/Site Filtering/Site_txt'

21-10-2025T20:57:10 - [MESSAGE][PASSED] - Keys 'BACK_SPACE + ' sent to object: 'Object Repository/FIM/Sites Page/Site Filtering/Site_txt'

21-10-2025T20:57:10 - [TEST_STEP][PASSED] - (i++): null

21-10-2025T20:57:10 - [TEST_STEP][PASSED] - sendKeys(findTestObject("FIM/Sites Page/Site Filtering/Site_txt"), Keys.chord(BACK_SPACE), STOP_ON_FAILURE): Keys 'BACK_SPACE + ' sent to object: 'Object Repository/FIM/Sites Page/Site Filtering/Site_txt'

21-10-2025T20:57:10 - [MESSAGE][PASSED] - Keys 'BACK_SPACE + ' sent to object: 'Object Repository/FIM/Sites Page/Site Filtering/Site_txt'

21-10-2025T20:57:10 - [TEST_STEP][PASSED] - (i++): null

21-10-2025T20:57:10 - [TEST_STEP][PASSED] - sendKeys(findTestObject("FIM/Sites Page/Site Filtering/Site_txt"), Keys.chord(BACK_SPACE), STOP_ON_FAILURE): Keys 'BACK_SPACE + ' sent to object: 'Object Repository/FIM/Sites Page/Site Filtering/Site_txt'

21-10-2025T20:57:10 - [MESSAGE][PASSED] - Keys 'BACK_SPACE + ' sent to object: 'Object Repository/FIM/Sites Page/Site Filtering/Site_txt'

21-10-2025T20:57:10 - [TEST_STEP][PASSED] - (i++): null

21-10-2025T20:57:10 - [TEST_STEP][PASSED] - sendKeys(findTestObject("FIM/Sites Page/Site Filtering/Site_txt"), Keys.chord(BACK_SPACE), STOP_ON_FAILURE): Keys 'BACK_SPACE + ' sent to object: 'Object Repository/FIM/Sites Page/Site Filtering/Site_txt'

21-10-2025T20:57:10 - [MESSAGE][PASSED] - Keys 'BACK_SPACE + ' sent to object: 'Object Repository/FIM/Sites Page/Site Filtering/Site_txt'

21-10-2025T20:57:10 - [TEST_STEP][PASSED] - (i++): null

21-10-2025T20:57:10 - [TEST_STEP][PASSED] - sendKeys(findTestObject("FIM/Sites Page/Site Filtering/Site_txt"), Keys.chord(BACK_SPACE), STOP_ON_FAILURE): Keys 'BACK_SPACE + ' sent to object: 'Object Repository/FIM/Sites Page/Site Filtering/Site_txt'

21-10-2025T20:57:10 - [MESSAGE][PASSED] - Keys 'BACK_SPACE + ' sent to object: 'Object Repository/FIM/Sites Page/Site Filtering/Site_txt'

21-10-2025T20:57:10 - [TEST_STEP][PASSED] - (i++): null

21-10-2025T20:57:10 - [TEST_STEP][PASSED] - sendKeys(findTestObject("FIM/Sites Page/Site Filtering/Site_txt"), Keys.chord(BACK_SPACE), STOP_ON_FAILURE): Keys 'BACK_SPACE + ' sent to object: 'Object Repository/FIM/Sites Page/Site Filtering/Site_txt'

21-10-2025T20:57:10 - [MESSAGE][PASSED] - Keys 'BACK_SPACE + ' sent to object: 'Object Repository/FIM/Sites Page/Site Filtering/Site_txt'

21-10-2025T20:57:10 - [TEST_STEP][PASSED] - (i++): null

21-10-2025T20:57:10 - [TEST_STEP][PASSED] - sendKeys(findTestObject("FIM/Sites Page/Site Filtering/Site_txt"), Keys.chord(BACK_SPACE), STOP_ON_FAILURE): Keys 'BACK_SPACE + ' sent to object: 'Object Repository/FIM/Sites Page/Site Filtering/Site_txt'

21-10-2025T20:57:10 - [MESSAGE][PASSED] - Keys 'BACK_SPACE + ' sent to object: 'Object Repository/FIM/Sites Page/Site Filtering/Site_txt'

21-10-2025T20:57:10 - [TEST_STEP][PASSED] - (i++): null

21-10-2025T20:57:10 - [TEST_STEP][PASSED] - sendKeys(findTestObject("FIM/Sites Page/Site Filtering/Site_txt"), Keys.chord(BACK_SPACE), STOP_ON_FAILURE): Keys 'BACK_SPACE + ' sent to object: 'Object Repository/FIM/Sites Page/Site Filtering/Site_txt'

21-10-2025T20:57:10 - [MESSAGE][PASSED] - Keys 'BACK_SPACE + ' sent to object: 'Object Repository/FIM/Sites Page/Site Filtering/Site_txt'

21-10-2025T20:57:10 - [TEST_STEP][PASSED] - (i++): null

21-10-2025T20:57:10 - [TEST_STEP][PASSED] - sendKeys(findTestObject("FIM/Sites Page/Site Filtering/Site_txt"), Keys.chord(BACK_SPACE), STOP_ON_FAILURE): Keys 'BACK_SPACE + ' sent to object: 'Object Repository/FIM/Sites Page/Site Filtering/Site_txt'

21-10-2025T20:57:10 - [MESSAGE][PASSED] - Keys 'BACK_SPACE + ' sent to object: 'Object Repository/FIM/Sites Page/Site Filtering/Site_txt'

21-10-2025T20:57:10 - [TEST_STEP][PASSED] - (i++): null

21-10-2025T20:57:10 - [TEST_STEP][PASSED] - sendKeys(findTestObject("FIM/Sites Page/Site Filtering/Site_txt"), Keys.chord(BACK_SPACE), STOP_ON_FAILURE): Keys 'BACK_SPACE + ' sent to object: 'Object Repository/FIM/Sites Page/Site Filtering/Site_txt'

21-10-2025T20:57:10 - [MESSAGE][PASSED] - Keys 'BACK_SPACE + ' sent to object: 'Object Repository/FIM/Sites Page/Site Filtering/Site_txt'

21-10-2025T20:57:10 - [TEST_STEP][PASSED] - (i++): null

21-10-2025T20:57:10 - [TEST_STEP][PASSED] - sendKeys(findTestObject("FIM/Sites Page/Site Filtering/Site_txt"), Keys.chord(BACK_SPACE), STOP_ON_FAILURE): Keys 'BACK_SPACE + ' sent to object: 'Object Repository/FIM/Sites Page/Site Filtering/Site_txt'

21-10-2025T20:57:10 - [MESSAGE][PASSED] - Keys 'BACK_SPACE + ' sent to object: 'Object Repository/FIM/Sites Page/Site Filtering/Site_txt'

21-10-2025T20:57:10 - [TEST_STEP][PASSED] - (i++): null

21-10-2025T20:57:10 - [TEST_STEP][PASSED] - sendKeys(findTestObject("FIM/Sites Page/Site Filtering/Site_txt"), Keys.chord(BACK_SPACE), STOP_ON_FAILURE): Keys 'BACK_SPACE + ' sent to object: 'Object Repository/FIM/Sites Page/Site Filtering/Site_txt'

21-10-2025T20:57:10 - [MESSAGE][PASSED] - Keys 'BACK_SPACE + ' sent to object: 'Object Repository/FIM/Sites Page/Site Filtering/Site_txt'

21-10-2025T20:57:10 - [TEST_STEP][PASSED] - (i++): null

21-10-2025T20:57:10 - [TEST_STEP][PASSED] - sendKeys(findTestObject("FIM/Sites Page/Site Filtering/Site_txt"), Keys.chord(BACK_SPACE), STOP_ON_FAILURE): Keys 'BACK_SPACE + ' sent to object: 'Object Repository/FIM/Sites Page/Site Filtering/Site_txt'

21-10-2025T20:57:10 - [MESSAGE][PASSED] - Keys 'BACK_SPACE + ' sent to object: 'Object Repository/FIM/Sites Page/Site Filtering/Site_txt'

21-10-2025T20:57:10 - [TEST_STEP][PASSED] - (i++): null

21-10-2025T20:57:10 - [TEST_STEP][PASSED] - sendKeys(findTestObject("FIM/Sites Page/Site Filtering/Site_txt"), Keys.chord(BACK_SPACE), STOP_ON_FAILURE): Keys 'BACK_SPACE + ' sent to object: 'Object Repository/FIM/Sites Page/Site Filtering/Site_txt'

21-10-2025T20:57:11 - [MESSAGE][PASSED] - Keys 'BACK_SPACE + ' sent to object: 'Object Repository/FIM/Sites Page/Site Filtering/Site_txt'

21-10-2025T20:57:11 - [TEST_STEP][PASSED] - (i++): null

21-10-2025T20:57:11 - [TEST_STEP][PASSED] - sendKeys(findTestObject("FIM/Sites Page/Site Filtering/Site_txt"), Keys.chord(BACK_SPACE), STOP_ON_FAILURE): Keys 'BACK_SPACE + ' sent to object: 'Object Repository/FIM/Sites Page/Site Filtering/Site_txt'

21-10-2025T20:57:11 - [MESSAGE][PASSED] - Keys 'BACK_SPACE + ' sent to object: 'Object Repository/FIM/Sites Page/Site Filtering/Site_txt'

21-10-2025T20:57:11 - [TEST_STEP][PASSED] - (i++): null

21-10-2025T20:57:11 - [TEST_STEP][PASSED] - sendKeys(findTestObject("FIM/Sites Page/Site Filtering/Site_txt"), Keys.chord(BACK_SPACE), STOP_ON_FAILURE): Keys 'BACK_SPACE + ' sent to object: 'Object Repository/FIM/Sites Page/Site Filtering/Site_txt'

21-10-2025T20:57:11 - [MESSAGE][PASSED] - Keys 'BACK_SPACE + ' sent to object: 'Object Repository/FIM/Sites Page/Site Filtering/Site_txt'

21-10-2025T20:57:11 - [TEST_STEP][PASSED] - (i++): null

21-10-2025T20:57:11 - [TEST_STEP][PASSED] - sendKeys(findTestObject("FIM/Sites Page/Site Filtering/Site_txt"), Keys.chord(BACK_SPACE), STOP_ON_FAILURE): Keys 'BACK_SPACE + ' sent to object: 'Object Repository/FIM/Sites Page/Site Filtering/Site_txt'

21-10-2025T20:57:11 - [MESSAGE][PASSED] - Keys 'BACK_SPACE + ' sent to object: 'Object Repository/FIM/Sites Page/Site Filtering/Site_txt'

21-10-2025T20:57:11 - [TEST_STEP][PASSED] - (i++): null

21-10-2025T20:57:11 - [TEST_STEP][PASSED] - sendKeys(findTestObject("FIM/Sites Page/Site Filtering/Site_txt"), Keys.chord(BACK_SPACE), STOP_ON_FAILURE): Keys 'BACK_SPACE + ' sent to object: 'Object Repository/FIM/Sites Page/Site Filtering/Site_txt'

21-10-2025T20:57:11 - [MESSAGE][PASSED] - Keys 'BACK_SPACE + ' sent to object: 'Object Repository/FIM/Sites Page/Site Filtering/Site_txt'

21-10-2025T20:57:11 - [TEST_STEP][PASSED] - (i++): null

21-10-2025T20:57:11 - [TEST_STEP][PASSED] - sendKeys(findTestObject("FIM/Sites Page/Site Filtering/Site_txt"), Keys.chord(BACK_SPACE), STOP_ON_FAILURE): Keys 'BACK_SPACE + ' sent to object: 'Object Repository/FIM/Sites Page/Site Filtering/Site_txt'

21-10-2025T20:57:11 - [MESSAGE][PASSED] - Keys 'BACK_SPACE + ' sent to object: 'Object Repository/FIM/Sites Page/Site Filtering/Site_txt'

21-10-2025T20:57:11 - [TEST_STEP][PASSED] - (i++): null

21-10-2025T20:57:11 - [TEST_STEP][PASSED] - sendKeys(findTestObject("FIM/Sites Page/Site Filtering/Site_txt"), Keys.chord(BACK_SPACE), STOP_ON_FAILURE): Keys 'BACK_SPACE + ' sent to object: 'Object Repository/FIM/Sites Page/Site Filtering/Site_txt'

21-10-2025T20:57:11 - [MESSAGE][PASSED] - Keys 'BACK_SPACE + ' sent to object: 'Object Repository/FIM/Sites Page/Site Filtering/Site_txt'

21-10-2025T20:57:11 - [TEST_STEP][PASSED] - (i++): null

21-10-2025T20:57:11 - [TEST_STEP][PASSED] - sendKeys(findTestObject("FIM/Sites Page/Site Filtering/Site_txt"), Keys.chord(BACK_SPACE), STOP_ON_FAILURE): Keys 'BACK_SPACE + ' sent to object: 'Object Repository/FIM/Sites Page/Site Filtering/Site_txt'

21-10-2025T20:57:11 - [MESSAGE][PASSED] - Keys 'BACK_SPACE + ' sent to object: 'Object Repository/FIM/Sites Page/Site Filtering/Site_txt'

21-10-2025T20:57:11 - [TEST_STEP][PASSED] - (i++): null

21-10-2025T20:57:11 - [TEST_STEP][PASSED] - sendKeys(findTestObject("FIM/Sites Page/Site Filtering/Site_txt"), Keys.chord(BACK_SPACE), STOP_ON_FAILURE): Keys 'BACK_SPACE + ' sent to object: 'Object Repository/FIM/Sites Page/Site Filtering/Site_txt'

21-10-2025T20:57:11 - [MESSAGE][PASSED] - Keys 'BACK_SPACE + ' sent to object: 'Object Repository/FIM/Sites Page/Site Filtering/Site_txt'

21-10-2025T20:57:11 - [TEST_STEP][PASSED] - (i++): null

21-10-2025T20:57:11 - [TEST_STEP][PASSED] - sendKeys(findTestObject("FIM/Sites Page/Site Filtering/Site_txt"), Keys.chord(BACK_SPACE), STOP_ON_FAILURE): Keys 'BACK_SPACE + ' sent to object: 'Object Repository/FIM/Sites Page/Site Filtering/Site_txt'

21-10-2025T20:57:11 - [MESSAGE][PASSED] - Keys 'BACK_SPACE + ' sent to object: 'Object Repository/FIM/Sites Page/Site Filtering/Site_txt'

21-10-2025T20:57:11 - [TEST_STEP][PASSED] - (i++): null

21-10-2025T20:57:11 - [TEST_STEP][PASSED] - sendKeys(findTestObject("FIM/Sites Page/Site Filtering/Site_txt"), Keys.chord(BACK_SPACE), STOP_ON_FAILURE): Keys 'BACK_SPACE + ' sent to object: 'Object Repository/FIM/Sites Page/Site Filtering/Site_txt'

21-10-2025T20:57:11 - [MESSAGE][PASSED] - Keys 'BACK_SPACE + ' sent to object: 'Object Repository/FIM/Sites Page/Site Filtering/Site_txt'

21-10-2025T20:57:11 - [TEST_STEP][PASSED] - (i++): null

21-10-2025T20:57:11 - [TEST_STEP][PASSED] - sendKeys(findTestObject("FIM/Sites Page/Site Filtering/Site_txt"), Keys.chord(BACK_SPACE), STOP_ON_FAILURE): Keys 'BACK_SPACE + ' sent to object: 'Object Repository/FIM/Sites Page/Site Filtering/Site_txt'

21-10-2025T20:57:11 - [MESSAGE][PASSED] - Keys 'BACK_SPACE + ' sent to object: 'Object Repository/FIM/Sites Page/Site Filtering/Site_txt'

21-10-2025T20:57:11 - [TEST_STEP][PASSED] - (i++): null

21-10-2025T20:57:11 - [TEST_STEP][PASSED] - sendKeys(findTestObject("FIM/Sites Page/Site Filtering/Site_txt"), Keys.chord(BACK_SPACE), STOP_ON_FAILURE): Keys 'BACK_SPACE + ' sent to object: 'Object Repository/FIM/Sites Page/Site Filtering/Site_txt'

21-10-2025T20:57:11 - [MESSAGE][PASSED] - Keys 'BACK_SPACE + ' sent to object: 'Object Repository/FIM/Sites Page/Site Filtering/Site_txt'

21-10-2025T20:57:11 - [TEST_STEP][PASSED] - (i++): null

21-10-2025T20:57:11 - [TEST_STEP][PASSED] - sendKeys(findTestObject("FIM/Sites Page/Site Filtering/Site_txt"), Keys.chord(BACK_SPACE), STOP_ON_FAILURE): Keys 'BACK_SPACE + ' sent to object: 'Object Repository/FIM/Sites Page/Site Filtering/Site_txt'

21-10-2025T20:57:11 - [MESSAGE][PASSED] - Keys 'BACK_SPACE + ' sent to object: 'Object Repository/FIM/Sites Page/Site Filtering/Site_txt'

21-10-2025T20:57:11 - [TEST_STEP][PASSED] - (i++): null

21-10-2025T20:57:11 - [TEST_STEP][PASSED] - sendKeys(findTestObject("FIM/Sites Page/Site Filtering/Site_txt"), Keys.chord(BACK_SPACE), STOP_ON_FAILURE): Keys 'BACK_SPACE + ' sent to object: 'Object Repository/FIM/Sites Page/Site Filtering/Site_txt'

21-10-2025T20:57:11 - [MESSAGE][PASSED] - Keys 'BACK_SPACE + ' sent to object: 'Object Repository/FIM/Sites Page/Site Filtering/Site_txt'

21-10-2025T20:57:11 - [TEST_STEP][PASSED] - (i++): null

21-10-2025T20:57:11 - [TEST_STEP][PASSED] - sendKeys(findTestObject("FIM/Sites Page/Site Filtering/Site_txt"), Keys.chord(BACK_SPACE), STOP_ON_FAILURE): Keys 'BACK_SPACE + ' sent to object: 'Object Repository/FIM/Sites Page/Site Filtering/Site_txt'

21-10-2025T20:57:11 - [MESSAGE][PASSED] - Keys 'BACK_SPACE + ' sent to object: 'Object Repository/FIM/Sites Page/Site Filtering/Site_txt'

21-10-2025T20:57:11 - [TEST_STEP][PASSED] - (i++): null

21-10-2025T20:57:11 - [TEST_STEP][PASSED] - sendKeys(findTestObject("FIM/Sites Page/Site Filtering/Site_txt"), Keys.chord(BACK_SPACE), STOP_ON_FAILURE): Keys 'BACK_SPACE + ' sent to object: 'Object Repository/FIM/Sites Page/Site Filtering/Site_txt'

21-10-2025T20:57:11 - [MESSAGE][PASSED] - Keys 'BACK_SPACE + ' sent to object: 'Object Repository/FIM/Sites Page/Site Filtering/Site_txt'

21-10-2025T20:57:11 - [TEST_STEP][PASSED] - (i++): null

21-10-2025T20:57:11 - [TEST_STEP][PASSED] - sendKeys(findTestObject("FIM/Sites Page/Site Filtering/Site_txt"), Keys.chord(BACK_SPACE), STOP_ON_FAILURE): Keys 'BACK_SPACE + ' sent to object: 'Object Repository/FIM/Sites Page/Site Filtering/Site_txt'

21-10-2025T20:57:12 - [MESSAGE][PASSED] - Keys 'BACK_SPACE + ' sent to object: 'Object Repository/FIM/Sites Page/Site Filtering/Site_txt'

21-10-2025T20:57:12 - [TEST_STEP][PASSED] - (i++): null

21-10-2025T20:57:12 - [TEST_STEP][PASSED] - sendKeys(findTestObject("FIM/Sites Page/Site Filtering/Site_txt"), Keys.chord(BACK_SPACE), STOP_ON_FAILURE): Keys 'BACK_SPACE + ' sent to object: 'Object Repository/FIM/Sites Page/Site Filtering/Site_txt'

21-10-2025T20:57:12 - [MESSAGE][PASSED] - Keys 'BACK_SPACE + ' sent to object: 'Object Repository/FIM/Sites Page/Site Filtering/Site_txt'

21-10-2025T20:57:12 - [TEST_STEP][PASSED] - (i++): null

21-10-2025T20:57:12 - [TEST_STEP][PASSED] - sendKeys(findTestObject("FIM/Sites Page/Site Filtering/Site_txt"), Keys.chord(BACK_SPACE), STOP_ON_FAILURE): Keys 'BACK_SPACE + ' sent to object: 'Object Repository/FIM/Sites Page/Site Filtering/Site_txt'

21-10-2025T20:57:12 - [MESSAGE][PASSED] - Keys 'BACK_SPACE + ' sent to object: 'Object Repository/FIM/Sites Page/Site Filtering/Site_txt'

21-10-2025T20:57:12 - [TEST_STEP][PASSED] - (i++): null

21-10-2025T20:57:12 - [TEST_STEP][PASSED] - sendKeys(findTestObject("FIM/Sites Page/Site Filtering/Site_txt"), Keys.chord(BACK_SPACE), STOP_ON_FAILURE): Keys 'BACK_SPACE + ' sent to object: 'Object Repository/FIM/Sites Page/Site Filtering/Site_txt'

21-10-2025T20:57:12 - [MESSAGE][PASSED] - Keys 'BACK_SPACE + ' sent to object: 'Object Repository/FIM/Sites Page/Site Filtering/Site_txt'

21-10-2025T20:57:12 - [TEST_STEP][PASSED] - (i++): null

21-10-2025T20:57:12 - [TEST_STEP][PASSED] - sendKeys(findTestObject("FIM/Sites Page/Site Filtering/Site_txt"), Keys.chord(BACK_SPACE), STOP_ON_FAILURE): Keys 'BACK_SPACE + ' sent to object: 'Object Repository/FIM/Sites Page/Site Filtering/Site_txt'

21-10-2025T20:57:12 - [MESSAGE][PASSED] - Keys 'BACK_SPACE + ' sent to object: 'Object Repository/FIM/Sites Page/Site Filtering/Site_txt'

21-10-2025T20:57:12 - [TEST_STEP][PASSED] - (i++): null

21-10-2025T20:57:12 - [TEST_STEP][PASSED] - sendKeys(findTestObject("FIM/Sites Page/Site Filtering/Site_txt"), Keys.chord(BACK_SPACE), STOP_ON_FAILURE): Keys 'BACK_SPACE + ' sent to object: 'Object Repository/FIM/Sites Page/Site Filtering/Site_txt'

21-10-2025T20:57:12 - [MESSAGE][PASSED] - Keys 'BACK_SPACE + ' sent to object: 'Object Repository/FIM/Sites Page/Site Filtering/Site_txt'

21-10-2025T20:57:12 - [TEST_STEP][PASSED] - (i++): null

21-10-2025T20:57:12 - [TEST_STEP][PASSED] - sendKeys(findTestObject("FIM/Sites Page/Site Filtering/Site_txt"), Keys.chord(BACK_SPACE), STOP_ON_FAILURE): Keys 'BACK_SPACE + ' sent to object: 'Object Repository/FIM/Sites Page/Site Filtering/Site_txt'

21-10-2025T20:57:12 - [MESSAGE][PASSED] - Keys 'BACK_SPACE + ' sent to object: 'Object Repository/FIM/Sites Page/Site Filtering/Site_txt'

21-10-2025T20:57:12 - [TEST_STEP][PASSED] - (i++): null

21-10-2025T20:57:12 - [TEST_STEP][PASSED] - sendKeys(findTestObject("FIM/Sites Page/Site Filtering/Site_txt"), "TURK132 - 798 North", STOP_ON_FAILURE): Keys 'TURK132 - 798 North' sent to object: 'Object Repository/FIM/Sites Page/Site Filtering/Site_txt'

21-10-2025T20:57:12 - [MESSAGE][PASSED] - Keys 'TURK132 - 798 North' sent to object: 'Object Repository/FIM/Sites Page/Site Filtering/Site_txt'

21-10-2025T20:57:12 - [TEST_STEP][PASSED] - sendKeys(findTestObject("FIM/Sites Page/Site Filtering/Site_txt"), Keys.chord(ENTER), STOP_ON_FAILURE): Keys 'ENTER + ' sent to object: 'Object Repository/FIM/Sites Page/Site Filtering/Site_txt'

21-10-2025T20:57:12 - [MESSAGE][PASSED] - Keys 'ENTER + ' sent to object: 'Object Repository/FIM/Sites Page/Site Filtering/Site_txt'

21-10-2025T20:57:12 - [TEST_STEP][PASSED] - waitForElementClickable(findTestObject("FIM/Sites Page/Orders/Create Order/CreateOrder_btn"), 300): Object 'Object Repository/FIM/Sites Page/Orders/Create Order/CreateOrder_btn' is clickable

21-10-2025T20:57:13 - [MESSAGE][PASSED] - Object 'Object Repository/FIM/Sites Page/Orders/Create Order/CreateOrder_btn' is clickable

21-10-2025T20:57:13 - [TEST_STEP][PASSED] - click(findTestObject("FIM/Sites Page/Orders/Create Order/CreateOrder_btn"), OPTIONAL): Object: 'Object Repository/FIM/Sites Page/Orders/Create Order/CreateOrder_btn' is clicked on

21-10-2025T20:57:13 - [MESSAGE][PASSED] - Object: 'Object Repository/FIM/Sites Page/Orders/Create Order/CreateOrder_btn' is clicked on

21-10-2025T20:57:13 - [TEST_STEP][PASSED] - delay(1): Delayed 1 second(s)

21-10-2025T20:57:14 - [MESSAGE][PASSED] - Delayed 1 second(s)

21-10-2025T20:57:14 - [TEST_STEP][PASSED] - verifyElementPresent(findTestObject("FIM/Sites Page/Orders/Create Order/Split_Load_Order_toggle"), 10): Object 'Object Repository/FIM/Sites Page/Orders/Create Order/Split_Load_Order_toggle' is present

21-10-2025T20:57:14 - [MESSAGE][PASSED] - Object 'Object Repository/FIM/Sites Page/Orders/Create Order/Split_Load_Order_toggle' is present

21-10-2025T20:57:14 - [TEST_STEP][PASSED] - click(findTestObject("FIM/Sites Page/Orders/Create Order/Split_Load_Order_toggle"), STOP_ON_FAILURE): Object: 'Object Repository/FIM/Sites Page/Orders/Create Order/Split_Load_Order_toggle' is clicked on

21-10-2025T20:57:14 - [MESSAGE][PASSED] - Object: 'Object Repository/FIM/Sites Page/Orders/Create Order/Split_Load_Order_toggle' is clicked on

21-10-2025T20:57:14 - [TEST_STEP][PASSED] - closeBrowser(): Browser is closed

21-10-2025T20:57:14 - [MESSAGE][PASSED] - Browser is closed

21-10-2025T20:57:14 - [TEST_STEP][PASSED] - Start listener action : retryOnDisconnect: null

21-10-2025T20:57:14 - [TEST_STEP][PASSED] - tcId = testCaseContext.getTestCaseId(): null

21-10-2025T20:57:14 - [TEST_STEP][PASSED] - currentRetry = retryCounts.getOrDefault(tcId, 0): null

21-10-2025T20:57:14 - [TEST_STEP][PASSED] - if (testCaseContext.getTestCaseStatus() == "FAILED" && currentRetry < MAX_RETRIES): null]]></system-out>
         <system-err><![CDATA[]]></system-err>
      </testcase>
      <system-out><![CDATA[21-10-2025T20:35:49 - [TEST_SUITE][FAILED] - KGL Admin - Sites - Orders: Test Cases/FIM/UI/KGL/Admin/Sites Page/Orders/Cancelling Updating an Order FAILED.
Reason:
com.kms.katalon.core.exception.StepFailedException: Unable to clear text of object 'Object Repository/FIM/Sites Page/Orders/Review New Orders/Edit Order/10UNL_txt'
	at com.kms.katalon.core.webui.keyword.internal.WebUIKeywordMain.stepFailed(WebUIKeywordMain.groovy:117)
	at com.kms.katalon.core.webui.keyword.internal.WebUIKeywordMain.runKeyword(WebUIKeywordMain.groovy:78)
	at com.kms.katalon.core.webui.keyword.builtin.ClearTextKeyword.clearText(ClearTextKeyword.groovy:61)
	at com.kms.katalon.core.webui.keyword.builtin.ClearTextKeyword.execute(ClearTextKeyword.groovy:35)
	at com.kms.katalon.core.keyword.internal.KeywordExecutor.executeKeywordForPlatform(KeywordExecutor.groovy:74)
	at com.kms.katalon.core.webui.keyword.WebUiBuiltInKeywords.clearText(WebUiBuiltInKeywords.groovy:4989)
	at com.kms.katalon.core.webui.keyword.WebUiBuiltInKeywords$clearText$10.call(Unknown Source)
	at Cancelling Updating an Order.run(Cancelling Updating an Order:64)
	at com.kms.katalon.core.main.ScriptEngine.run(ScriptEngine.java:194)
	at com.kms.katalon.core.main.ScriptEngine.runScriptAsRawText(ScriptEngine.java:119)
	at com.kms.katalon.core.main.TestCaseExecutor.runScript(TestCaseExecutor.java:448)
	at com.kms.katalon.core.main.TestCaseExecutor.doExecute(TestCaseExecutor.java:439)
	at com.kms.katalon.core.main.TestCaseExecutor.processExecutionPhase(TestCaseExecutor.java:418)
	at com.kms.katalon.core.main.TestCaseExecutor.accessMainPhase(TestCaseExecutor.java:410)
	at com.kms.katalon.core.main.TestCaseExecutor.execute(TestCaseExecutor.java:285)
	at com.kms.katalon.core.common.CommonExecutor.accessTestCaseMainPhase(CommonExecutor.java:65)
	at com.kms.katalon.core.main.TestSuiteExecutor.accessTestSuiteMainPhase(TestSuiteExecutor.java:150)
	at com.kms.katalon.core.main.TestSuiteExecutor.execute(TestSuiteExecutor.java:106)
	at com.kms.katalon.core.main.TestCaseMain.startTestSuite(TestCaseMain.java:180)
	at com.kms.katalon.core.main.TestCaseMain$startTestSuite$0.call(Unknown Source)
	at TempTestSuite1761090769781.run(TempTestSuite1761090769781.groovy:35)
	at java.base/jdk.internal.reflect.NativeMethodAccessorImpl.invoke0(Native Method)
	at java.base/jdk.internal.reflect.NativeMethodAccessorImpl.invoke(NativeMethodAccessorImpl.java:77)
	at java.base/jdk.internal.reflect.DelegatingMethodAccessorImpl.invoke(DelegatingMethodAccessorImpl.java:43)
Caused by: com.kms.katalon.core.webui.exception.WebElementNotFoundException: Web element with id: 'Object Repository/FIM/Sites Page/Orders/Review New Orders/Edit Order/10UNL_txt' located by '//*[@id="order-10UNL"]' not found
	at com.kms.katalon.core.webui.common.WebUiCommonHelper.findWebElement(WebUiCommonHelper.java:1423)
	at com.kms.katalon.core.webui.keyword.internal.WebUIAbstractKeyword.findWebElement(WebUIAbstractKeyword.groovy:27)
	at com.kms.katalon.core.webui.keyword.internal.WebUIAbstractKeyword.findWebElement(WebUIAbstractKeyword.groovy:26)
	at com.kms.katalon.core.webui.keyword.builtin.ClearTextKeyword$_clearText_closure1.doCall(ClearTextKeyword.groovy:45)
	at com.kms.katalon.core.webui.keyword.builtin.ClearTextKeyword$_clearText_closure1.call(ClearTextKeyword.groovy)
	at com.kms.katalon.core.webui.keyword.internal.WebUIKeywordMain.runKeyword(WebUIKeywordMain.groovy:67)
	... 22 more]]></system-out>
      <system-err><![CDATA[21-10-2025T20:35:49 - [TEST_SUITE][FAILED] - KGL Admin - Sites - Orders: Test Cases/FIM/UI/KGL/Admin/Sites Page/Orders/Cancelling Updating an Order FAILED.
Reason:
com.kms.katalon.core.exception.StepFailedException: Unable to clear text of object 'Object Repository/FIM/Sites Page/Orders/Review New Orders/Edit Order/10UNL_txt'
	at com.kms.katalon.core.webui.keyword.internal.WebUIKeywordMain.stepFailed(WebUIKeywordMain.groovy:117)
	at com.kms.katalon.core.webui.keyword.internal.WebUIKeywordMain.runKeyword(WebUIKeywordMain.groovy:78)
	at com.kms.katalon.core.webui.keyword.builtin.ClearTextKeyword.clearText(ClearTextKeyword.groovy:61)
	at com.kms.katalon.core.webui.keyword.builtin.ClearTextKeyword.execute(ClearTextKeyword.groovy:35)
	at com.kms.katalon.core.keyword.internal.KeywordExecutor.executeKeywordForPlatform(KeywordExecutor.groovy:74)
	at com.kms.katalon.core.webui.keyword.WebUiBuiltInKeywords.clearText(WebUiBuiltInKeywords.groovy:4989)
	at com.kms.katalon.core.webui.keyword.WebUiBuiltInKeywords$clearText$10.call(Unknown Source)
	at Cancelling Updating an Order.run(Cancelling Updating an Order:64)
	at com.kms.katalon.core.main.ScriptEngine.run(ScriptEngine.java:194)
	at com.kms.katalon.core.main.ScriptEngine.runScriptAsRawText(ScriptEngine.java:119)
	at com.kms.katalon.core.main.TestCaseExecutor.runScript(TestCaseExecutor.java:448)
	at com.kms.katalon.core.main.TestCaseExecutor.doExecute(TestCaseExecutor.java:439)
	at com.kms.katalon.core.main.TestCaseExecutor.processExecutionPhase(TestCaseExecutor.java:418)
	at com.kms.katalon.core.main.TestCaseExecutor.accessMainPhase(TestCaseExecutor.java:410)
	at com.kms.katalon.core.main.TestCaseExecutor.execute(TestCaseExecutor.java:285)
	at com.kms.katalon.core.common.CommonExecutor.accessTestCaseMainPhase(CommonExecutor.java:65)
	at com.kms.katalon.core.main.TestSuiteExecutor.accessTestSuiteMainPhase(TestSuiteExecutor.java:150)
	at com.kms.katalon.core.main.TestSuiteExecutor.execute(TestSuiteExecutor.java:106)
	at com.kms.katalon.core.main.TestCaseMain.startTestSuite(TestCaseMain.java:180)
	at com.kms.katalon.core.main.TestCaseMain$startTestSuite$0.call(Unknown Source)
	at TempTestSuite1761090769781.run(TempTestSuite1761090769781.groovy:35)
	at java.base/jdk.internal.reflect.NativeMethodAccessorImpl.invoke0(Native Method)
	at java.base/jdk.internal.reflect.NativeMethodAccessorImpl.invoke(NativeMethodAccessorImpl.java:77)
	at java.base/jdk.internal.reflect.DelegatingMethodAccessorImpl.invoke(DelegatingMethodAccessorImpl.java:43)
Caused by: com.kms.katalon.core.webui.exception.WebElementNotFoundException: Web element with id: 'Object Repository/FIM/Sites Page/Orders/Review New Orders/Edit Order/10UNL_txt' located by '//*[@id="order-10UNL"]' not found
	at com.kms.katalon.core.webui.common.WebUiCommonHelper.findWebElement(WebUiCommonHelper.java:1423)
	at com.kms.katalon.core.webui.keyword.internal.WebUIAbstractKeyword.findWebElement(WebUIAbstractKeyword.groovy:27)
	at com.kms.katalon.core.webui.keyword.internal.WebUIAbstractKeyword.findWebElement(WebUIAbstractKeyword.groovy:26)
	at com.kms.katalon.core.webui.keyword.builtin.ClearTextKeyword$_clearText_closure1.doCall(ClearTextKeyword.groovy:45)
	at com.kms.katalon.core.webui.keyword.builtin.ClearTextKeyword$_clearText_closure1.call(ClearTextKeyword.groovy)
	at com.kms.katalon.core.webui.keyword.internal.WebUIKeywordMain.runKeyword(WebUIKeywordMain.groovy:67)
	... 22 more]]></system-err>
   </testsuite>
</testsuites>
