<?xml version="1.0" encoding="UTF-8"?>
<testsuites name="KAG Admin - Orders" time="1011.481" tests="23" failures="10" errors="0">
   <testsuite name="KAG Admin - Orders" tests="23" failures="10" errors="0" time="1011.481" skipped="0" timestamp="21-10-2025T21:49:15" hostname="DC1ADOBLD01$ - DC1ADOBLD01.thekag.com" id="Test Suites/FIM/Regression/UI/Kenan/Admin Access/KAG Admin - Orders">
      <properties>
         <property name="deviceName" value=""/>
         <property name="devicePlatform"/>
         <property name="logFolder" value="D:\\ADOagent\\vsts-agent-win-x64-2.217.2\\_work\\892\\s\\Reports\\20251021_195215\\FIM\\Regression\\UI\\Kenan\\Admin Access\\KAG Admin - Orders\\20251021_195335"/>
         <property name="logFiles" value="D:\\ADOagent\\vsts-agent-win-x64-2.217.2\\_work\\892\\s\\Reports\\20251021_195215\\FIM\\Regression\\UI\\Kenan\\Admin Access\\KAG Admin - Orders\\20251021_195335\\execution0.log"/>
         <property name="attachments" value=""/>
         <property name="hostName" value="DC1ADOBLD01$ - DC1ADOBLD01.thekag.com"/>
         <property name="os" value="Windows Server 2019 64bit"/>
         <property name="katalonVersion" value="9.7.5.223"/>
         <property name="browser" value="Chrome 141.0.0.0"/>
         <property name="hostAddress" value="10.2.20.71"/>
         <property name="sessionId" value="ad72aba182860374ee6cbd094eb855f8"/>
         <property name="seleniumVersion" value="3.141.59"/>
         <property name="proxyInformation" value="ProxyInformation { proxyOption=NO_PROXY, proxyServerType=HTTP, username=, password=********, proxyServerAddress=, proxyServerPort=0, executionList=&quot;&quot;, isApplyToDesiredCapabilities=true }"/>
         <property name="platform" value="Windows Server 2019"/>
      </properties>
      <testcase name="Test Cases/FIM/UI/Kenan/Admin/Sites Page/Orders/Can Not Create Order For Out Of Service Tank" time="72.45" classname="Test Cases/FIM/UI/Kenan/Admin/Sites Page/Orders/Can Not Create Order For Out Of Service Tank" status="PASSED">
         <system-out><![CDATA[21-10-2025T21:49:16 - [TEST_CASE][PASSED] - Test Cases/FIM/UI/Kenan/Admin/Sites Page/Orders/Can Not Create Order For Out Of Service Tank: Test Cases/FIM/UI/Kenan/Admin/Sites Page/Orders/Can Not Create Order For Out Of Service Tank

21-10-2025T21:49:16 - [TEST_STEP][PASSED] - Start listener action : beforeTestCase: null

21-10-2025T21:49:16 - [TEST_STEP][PASSED] - addDefaultPackages(): null

21-10-2025T21:49:16 - [TEST_STEP][PASSED] - callTestCase(findTestCase("Utility Scripts/FIM KAG Admin Login"), [:], STOP_ON_FAILURE): Call Test Case 'Test Cases/Utility Scripts/FIM KAG Admin Login' successfully

21-10-2025T21:49:16 - [TEST_CASE][PASSED] - Test Cases/Utility Scripts/FIM KAG Admin Login: Test Cases/Utility Scripts/FIM KAG Admin Login

21-10-2025T21:49:16 - [TEST_STEP][PASSED] - openBrowser(""): Browser is opened with url: ''

21-10-2025T21:49:16 - [MESSAGE][INFO] - Starting 'Chrome' driver

21-10-2025T21:49:16 - [MESSAGE][INFO] - User set preference: ['args', '[--no-sandbox, --disable-gpu, --disable-dev-shm-usage]']

21-10-2025T21:49:17 - [MESSAGE][INFO] - Action delay is set to 0 milliseconds

21-10-2025T21:49:18 - [MESSAGE][PASSED] - Browser is opened with url: ''

21-10-2025T21:49:18 - [TEST_STEP][PASSED] - delay(1): Delayed 1 second(s)

21-10-2025T21:49:19 - [MESSAGE][PASSED] - Delayed 1 second(s)

21-10-2025T21:49:19 - [TEST_STEP][PASSED] - navigateToUrl(KenanRegionURL): Navigate to 'https://kag-inventory-management-portal.qa.thekag.com/region/' successfully

21-10-2025T21:49:21 - [MESSAGE][PASSED] - Navigate to 'https://kag-inventory-management-portal.qa.thekag.com/region/' successfully

21-10-2025T21:49:21 - [TEST_STEP][PASSED] - delay(10): Delayed 10 second(s)

21-10-2025T21:49:31 - [MESSAGE][PASSED] - Delayed 10 second(s)

21-10-2025T21:49:31 - [TEST_STEP][PASSED] - if (maximizeWindow == true): Current window maximized

21-10-2025T21:49:31 - [TEST_STEP][PASSED] - maximizeWindow(STOP_ON_FAILURE): Current window maximized

21-10-2025T21:49:31 - [MESSAGE][PASSED] - Current window maximized

21-10-2025T21:49:31 - [TEST_STEP][PASSED] - waitForElementPresent(findTestObject("FIM/Username_txt"), 10): Object 'Object Repository/FIM/Username_txt' is present

21-10-2025T21:49:31 - [MESSAGE][PASSED] - Object 'Object Repository/FIM/Username_txt' is present

21-10-2025T21:49:31 - [TEST_STEP][PASSED] - setText(findTestObject("FIM/Username_txt"), FIMUsername): Text 'Chris.Sheldon+DES_QA@Thekag.com' is set on object 'Object Repository/FIM/Username_txt'

21-10-2025T21:49:31 - [MESSAGE][PASSED] - Text 'Chris.Sheldon+DES_QA@Thekag.com' is set on object 'Object Repository/FIM/Username_txt'

21-10-2025T21:49:31 - [TEST_STEP][PASSED] - delay(1): Delayed 1 second(s)

21-10-2025T21:49:32 - [MESSAGE][PASSED] - Delayed 1 second(s)

21-10-2025T21:49:32 - [TEST_STEP][PASSED] - setText(findTestObject("FIM/Password_txt"), FIMPassword): Text 'QATest!2' is set on object 'Object Repository/FIM/Password_txt'

21-10-2025T21:49:32 - [MESSAGE][PASSED] - Text 'QATest!2' is set on object 'Object Repository/FIM/Password_txt'

21-10-2025T21:49:32 - [TEST_STEP][PASSED] - delay(1): Delayed 1 second(s)

21-10-2025T21:49:33 - [MESSAGE][PASSED] - Delayed 1 second(s)

21-10-2025T21:49:33 - [TEST_STEP][PASSED] - click(findTestObject("FIM/Login_btn")): Object: 'Object Repository/FIM/Login_btn' is clicked on

21-10-2025T21:49:34 - [MESSAGE][PASSED] - Object: 'Object Repository/FIM/Login_btn' is clicked on

21-10-2025T21:49:34 - [MESSAGE][PASSED] - Call Test Case 'Test Cases/Utility Scripts/FIM KAG Admin Login' successfully

21-10-2025T21:49:34 - [TEST_STEP][PASSED] - if (verifyElementVisible(findTestObject("FIM/Server_Notification_Close_btn"), OPTIONAL) == true): Web element with id: 'Object Repository/FIM/Server_Notification_Close_btn' located by '/html/body/div/div[1]/button' not found (Root cause: com.kms.katalon.core.exception.StepFailedException: Web element with id: 'Object Repository/FIM/Server_Notification_Close_btn' located by '/html/body/div/div[1]/button' not found
	at com.kms.katalon.core.webui.keyword.internal.WebUIKeywordMain.stepFailed(WebUIKeywordMain.groovy:117)
	at com.kms.katalon.core.webui.keyword.builtin.VerifyElementVisibleKeyword$_verifyElementVisible_closure1.doCall(VerifyElementVisibleKeyword.groovy:89)
	at com.kms.katalon.core.webui.keyword.builtin.VerifyElementVisibleKeyword$_verifyElementVisible_closure1.call(VerifyElementVisibleKeyword.groovy)
	at com.kms.katalon.core.webui.keyword.internal.WebUIKeywordMain.runKeyword(WebUIKeywordMain.groovy:35)
	at com.kms.katalon.core.webui.keyword.builtin.VerifyElementVisibleKeyword.verifyElementVisible(VerifyElementVisibleKeyword.groovy:97)
	at com.kms.katalon.core.webui.keyword.builtin.VerifyElementVisibleKeyword.execute(VerifyElementVisibleKeyword.groovy:67)
	at com.kms.katalon.core.keyword.internal.KeywordExecutor.executeKeywordForPlatform(KeywordExecutor.groovy:74)
	at com.kms.katalon.core.webui.keyword.WebUiBuiltInKeywords.verifyElementVisible(WebUiBuiltInKeywords.groovy:401)
	at com.kms.katalon.core.webui.keyword.WebUiBuiltInKeywords$verifyElementVisible$5.call(Unknown Source)
	at Can Not Create Order For Out Of Service Tank.run(Can Not Create Order For Out Of Service Tank:22)
	at com.kms.katalon.core.main.ScriptEngine.run(ScriptEngine.java:194)
	at com.kms.katalon.core.main.ScriptEngine.runScriptAsRawText(ScriptEngine.java:119)
	at com.kms.katalon.core.main.TestCaseExecutor.runScript(TestCaseExecutor.java:448)
	at com.kms.katalon.core.main.TestCaseExecutor.doExecute(TestCaseExecutor.java:439)
	at com.kms.katalon.core.main.TestCaseExecutor.processExecutionPhase(TestCaseExecutor.java:418)
	at com.kms.katalon.core.main.TestCaseExecutor.accessMainPhase(TestCaseExecutor.java:410)
	at com.kms.katalon.core.main.TestCaseExecutor.execute(TestCaseExecutor.java:285)
	at com.kms.katalon.core.common.CommonExecutor.accessTestCaseMainPhase(CommonExecutor.java:65)
	at com.kms.katalon.core.main.TestSuiteExecutor.accessTestSuiteMainPhase(TestSuiteExecutor.java:150)
	at com.kms.katalon.core.main.TestSuiteExecutor.execute(TestSuiteExecutor.java:106)
	at com.kms.katalon.core.main.TestCaseMain.startTestSuite(TestCaseMain.java:180)
	at com.kms.katalon.core.main.TestCaseMain$startTestSuite$0.call(Unknown Source)
	at TempTestSuite1761090815312.run(TempTestSuite1761090815312.groovy:35)
	at java.base/jdk.internal.reflect.NativeMethodAccessorImpl.invoke0(Native Method)
	at java.base/jdk.internal.reflect.NativeMethodAccessorImpl.invoke(NativeMethodAccessorImpl.java:77)
	at java.base/jdk.internal.reflect.DelegatingMethodAccessorImpl.invoke(DelegatingMethodAccessorImpl.java:43)
)

21-10-2025T21:49:50 - [MESSAGE][INFO] - Unable to find the element located by 'By.xpath: /html/body/div/div[1]/button'. Please recheck the objects properties to make sure the desired element is located. 

21-10-2025T21:49:50 - [MESSAGE][WARNING] - [SELF-HEALING] Failed to find element with id 'Object Repository/FIM/Server_Notification_Close_btn'. Try using Self-healing.

21-10-2025T21:49:51 - [MESSAGE][INFO] - [SELF-HEALING] No working XPath is found.

21-10-2025T21:49:53 - [MESSAGE][INFO] - Unable to find the element located by 'By.xpath: '. Please recheck the objects properties to make sure the desired element is located. 

21-10-2025T21:49:53 - [MESSAGE][WARNING] - [SELF-HEALING] Cannot find elements when the selector is null

21-10-2025T21:49:53 - [MESSAGE][WARNING] - Web element with id: 'Object Repository/FIM/Server_Notification_Close_btn' located by '/html/body/div/div[1]/button' not found (Root cause: com.kms.katalon.core.exception.StepFailedException: Web element with id: 'Object Repository/FIM/Server_Notification_Close_btn' located by '/html/body/div/div[1]/button' not found
	at com.kms.katalon.core.webui.keyword.internal.WebUIKeywordMain.stepFailed(WebUIKeywordMain.groovy:117)
	at com.kms.katalon.core.webui.keyword.builtin.VerifyElementVisibleKeyword$_verifyElementVisible_closure1.doCall(VerifyElementVisibleKeyword.groovy:89)
	at com.kms.katalon.core.webui.keyword.builtin.VerifyElementVisibleKeyword$_verifyElementVisible_closure1.call(VerifyElementVisibleKeyword.groovy)
	at com.kms.katalon.core.webui.keyword.internal.WebUIKeywordMain.runKeyword(WebUIKeywordMain.groovy:35)
	at com.kms.katalon.core.webui.keyword.builtin.VerifyElementVisibleKeyword.verifyElementVisible(VerifyElementVisibleKeyword.groovy:97)
	at com.kms.katalon.core.webui.keyword.builtin.VerifyElementVisibleKeyword.execute(VerifyElementVisibleKeyword.groovy:67)
	at com.kms.katalon.core.keyword.internal.KeywordExecutor.executeKeywordForPlatform(KeywordExecutor.groovy:74)
	at com.kms.katalon.core.webui.keyword.WebUiBuiltInKeywords.verifyElementVisible(WebUiBuiltInKeywords.groovy:401)
	at com.kms.katalon.core.webui.keyword.WebUiBuiltInKeywords$verifyElementVisible$5.call(Unknown Source)
	at Can Not Create Order For Out Of Service Tank.run(Can Not Create Order For Out Of Service Tank:22)
	at com.kms.katalon.core.main.ScriptEngine.run(ScriptEngine.java:194)
	at com.kms.katalon.core.main.ScriptEngine.runScriptAsRawText(ScriptEngine.java:119)
	at com.kms.katalon.core.main.TestCaseExecutor.runScript(TestCaseExecutor.java:448)
	at com.kms.katalon.core.main.TestCaseExecutor.doExecute(TestCaseExecutor.java:439)
	at com.kms.katalon.core.main.TestCaseExecutor.processExecutionPhase(TestCaseExecutor.java:418)
	at com.kms.katalon.core.main.TestCaseExecutor.accessMainPhase(TestCaseExecutor.java:410)
	at com.kms.katalon.core.main.TestCaseExecutor.execute(TestCaseExecutor.java:285)
	at com.kms.katalon.core.common.CommonExecutor.accessTestCaseMainPhase(CommonExecutor.java:65)
	at com.kms.katalon.core.main.TestSuiteExecutor.accessTestSuiteMainPhase(TestSuiteExecutor.java:150)
	at com.kms.katalon.core.main.TestSuiteExecutor.execute(TestSuiteExecutor.java:106)
	at com.kms.katalon.core.main.TestCaseMain.startTestSuite(TestCaseMain.java:180)
	at com.kms.katalon.core.main.TestCaseMain$startTestSuite$0.call(Unknown Source)
	at TempTestSuite1761090815312.run(TempTestSuite1761090815312.groovy:35)
	at java.base/jdk.internal.reflect.NativeMethodAccessorImpl.invoke0(Native Method)
	at java.base/jdk.internal.reflect.NativeMethodAccessorImpl.invoke(NativeMethodAccessorImpl.java:77)
	at java.base/jdk.internal.reflect.DelegatingMethodAccessorImpl.invoke(DelegatingMethodAccessorImpl.java:43)
)

21-10-2025T21:49:53 - [TEST_STEP][PASSED] - delay(1): Delayed 1 second(s)

21-10-2025T21:49:54 - [MESSAGE][PASSED] - Delayed 1 second(s)

21-10-2025T21:49:54 - [TEST_STEP][PASSED] - click(findTestObject("FIM/Hamburger Menu List/Hamburger_menu")): Object: 'Object Repository/FIM/Hamburger Menu List/Hamburger_menu' is clicked on

21-10-2025T21:49:54 - [MESSAGE][PASSED] - Object: 'Object Repository/FIM/Hamburger Menu List/Hamburger_menu' is clicked on

21-10-2025T21:49:54 - [TEST_STEP][PASSED] - verifyElementPresent(findTestObject("FIM/Hamburger Menu List/KAG_Sites_option"), 10): Object 'Object Repository/FIM/Hamburger Menu List/KAG_Sites_option' is present

21-10-2025T21:49:54 - [MESSAGE][PASSED] - Object 'Object Repository/FIM/Hamburger Menu List/KAG_Sites_option' is present

21-10-2025T21:49:54 - [TEST_STEP][PASSED] - delay(1): Delayed 1 second(s)

21-10-2025T21:49:55 - [MESSAGE][PASSED] - Delayed 1 second(s)

21-10-2025T21:49:55 - [TEST_STEP][PASSED] - click(findTestObject("FIM/Hamburger Menu List/KAG_Sites_option")): Object: 'Object Repository/FIM/Hamburger Menu List/KAG_Sites_option' is clicked on

21-10-2025T21:49:55 - [MESSAGE][PASSED] - Object: 'Object Repository/FIM/Hamburger Menu List/KAG_Sites_option' is clicked on

21-10-2025T21:49:55 - [TEST_STEP][PASSED] - waitForElementPresent(findTestObject("FIM/Sites Page/Calculator/Calculator Tab"), 10): Object 'Object Repository/FIM/Sites Page/Calculator/Calculator Tab' is present

21-10-2025T21:50:03 - [MESSAGE][PASSED] - Object 'Object Repository/FIM/Sites Page/Calculator/Calculator Tab' is present

21-10-2025T21:50:03 - [TEST_STEP][PASSED] - while (i < 60 == true): null

21-10-2025T21:50:03 - [TEST_STEP][PASSED] - sendKeys(findTestObject("FIM/Sites Page/Site Filtering/Site_txt"), Keys.chord(BACK_SPACE), STOP_ON_FAILURE): Keys 'BACK_SPACE + ' sent to object: 'Object Repository/FIM/Sites Page/Site Filtering/Site_txt'

21-10-2025T21:50:04 - [MESSAGE][PASSED] - Keys 'BACK_SPACE + ' sent to object: 'Object Repository/FIM/Sites Page/Site Filtering/Site_txt'

21-10-2025T21:50:04 - [TEST_STEP][PASSED] - (i++): null

21-10-2025T21:50:04 - [TEST_STEP][PASSED] - sendKeys(findTestObject("FIM/Sites Page/Site Filtering/Site_txt"), Keys.chord(BACK_SPACE), STOP_ON_FAILURE): Keys 'BACK_SPACE + ' sent to object: 'Object Repository/FIM/Sites Page/Site Filtering/Site_txt'

21-10-2025T21:50:04 - [MESSAGE][PASSED] - Keys 'BACK_SPACE + ' sent to object: 'Object Repository/FIM/Sites Page/Site Filtering/Site_txt'

21-10-2025T21:50:04 - [TEST_STEP][PASSED] - (i++): null

21-10-2025T21:50:04 - [TEST_STEP][PASSED] - sendKeys(findTestObject("FIM/Sites Page/Site Filtering/Site_txt"), Keys.chord(BACK_SPACE), STOP_ON_FAILURE): Keys 'BACK_SPACE + ' sent to object: 'Object Repository/FIM/Sites Page/Site Filtering/Site_txt'

21-10-2025T21:50:04 - [MESSAGE][PASSED] - Keys 'BACK_SPACE + ' sent to object: 'Object Repository/FIM/Sites Page/Site Filtering/Site_txt'

21-10-2025T21:50:04 - [TEST_STEP][PASSED] - (i++): null

21-10-2025T21:50:04 - [TEST_STEP][PASSED] - sendKeys(findTestObject("FIM/Sites Page/Site Filtering/Site_txt"), Keys.chord(BACK_SPACE), STOP_ON_FAILURE): Keys 'BACK_SPACE + ' sent to object: 'Object Repository/FIM/Sites Page/Site Filtering/Site_txt'

21-10-2025T21:50:05 - [MESSAGE][PASSED] - Keys 'BACK_SPACE + ' sent to object: 'Object Repository/FIM/Sites Page/Site Filtering/Site_txt'

21-10-2025T21:50:05 - [TEST_STEP][PASSED] - (i++): null

21-10-2025T21:50:05 - [TEST_STEP][PASSED] - sendKeys(findTestObject("FIM/Sites Page/Site Filtering/Site_txt"), Keys.chord(BACK_SPACE), STOP_ON_FAILURE): Keys 'BACK_SPACE + ' sent to object: 'Object Repository/FIM/Sites Page/Site Filtering/Site_txt'

21-10-2025T21:50:05 - [MESSAGE][PASSED] - Keys 'BACK_SPACE + ' sent to object: 'Object Repository/FIM/Sites Page/Site Filtering/Site_txt'

21-10-2025T21:50:05 - [TEST_STEP][PASSED] - (i++): null

21-10-2025T21:50:05 - [TEST_STEP][PASSED] - sendKeys(findTestObject("FIM/Sites Page/Site Filtering/Site_txt"), Keys.chord(BACK_SPACE), STOP_ON_FAILURE): Keys 'BACK_SPACE + ' sent to object: 'Object Repository/FIM/Sites Page/Site Filtering/Site_txt'

21-10-2025T21:50:05 - [MESSAGE][PASSED] - Keys 'BACK_SPACE + ' sent to object: 'Object Repository/FIM/Sites Page/Site Filtering/Site_txt'

21-10-2025T21:50:05 - [TEST_STEP][PASSED] - (i++): null

21-10-2025T21:50:05 - [TEST_STEP][PASSED] - sendKeys(findTestObject("FIM/Sites Page/Site Filtering/Site_txt"), Keys.chord(BACK_SPACE), STOP_ON_FAILURE): Keys 'BACK_SPACE + ' sent to object: 'Object Repository/FIM/Sites Page/Site Filtering/Site_txt'

21-10-2025T21:50:05 - [MESSAGE][PASSED] - Keys 'BACK_SPACE + ' sent to object: 'Object Repository/FIM/Sites Page/Site Filtering/Site_txt'

21-10-2025T21:50:05 - [TEST_STEP][PASSED] - (i++): null

21-10-2025T21:50:05 - [TEST_STEP][PASSED] - sendKeys(findTestObject("FIM/Sites Page/Site Filtering/Site_txt"), Keys.chord(BACK_SPACE), STOP_ON_FAILURE): Keys 'BACK_SPACE + ' sent to object: 'Object Repository/FIM/Sites Page/Site Filtering/Site_txt'

21-10-2025T21:50:05 - [MESSAGE][PASSED] - Keys 'BACK_SPACE + ' sent to object: 'Object Repository/FIM/Sites Page/Site Filtering/Site_txt'

21-10-2025T21:50:05 - [TEST_STEP][PASSED] - (i++): null

21-10-2025T21:50:05 - [TEST_STEP][PASSED] - sendKeys(findTestObject("FIM/Sites Page/Site Filtering/Site_txt"), Keys.chord(BACK_SPACE), STOP_ON_FAILURE): Keys 'BACK_SPACE + ' sent to object: 'Object Repository/FIM/Sites Page/Site Filtering/Site_txt'

21-10-2025T21:50:05 - [MESSAGE][PASSED] - Keys 'BACK_SPACE + ' sent to object: 'Object Repository/FIM/Sites Page/Site Filtering/Site_txt'

21-10-2025T21:50:05 - [TEST_STEP][PASSED] - (i++): null

21-10-2025T21:50:05 - [TEST_STEP][PASSED] - sendKeys(findTestObject("FIM/Sites Page/Site Filtering/Site_txt"), Keys.chord(BACK_SPACE), STOP_ON_FAILURE): Keys 'BACK_SPACE + ' sent to object: 'Object Repository/FIM/Sites Page/Site Filtering/Site_txt'

21-10-2025T21:50:05 - [MESSAGE][PASSED] - Keys 'BACK_SPACE + ' sent to object: 'Object Repository/FIM/Sites Page/Site Filtering/Site_txt'

21-10-2025T21:50:05 - [TEST_STEP][PASSED] - (i++): null

21-10-2025T21:50:05 - [TEST_STEP][PASSED] - sendKeys(findTestObject("FIM/Sites Page/Site Filtering/Site_txt"), Keys.chord(BACK_SPACE), STOP_ON_FAILURE): Keys 'BACK_SPACE + ' sent to object: 'Object Repository/FIM/Sites Page/Site Filtering/Site_txt'

21-10-2025T21:50:05 - [MESSAGE][PASSED] - Keys 'BACK_SPACE + ' sent to object: 'Object Repository/FIM/Sites Page/Site Filtering/Site_txt'

21-10-2025T21:50:05 - [TEST_STEP][PASSED] - (i++): null

21-10-2025T21:50:05 - [TEST_STEP][PASSED] - sendKeys(findTestObject("FIM/Sites Page/Site Filtering/Site_txt"), Keys.chord(BACK_SPACE), STOP_ON_FAILURE): Keys 'BACK_SPACE + ' sent to object: 'Object Repository/FIM/Sites Page/Site Filtering/Site_txt'

21-10-2025T21:50:05 - [MESSAGE][PASSED] - Keys 'BACK_SPACE + ' sent to object: 'Object Repository/FIM/Sites Page/Site Filtering/Site_txt'

21-10-2025T21:50:05 - [TEST_STEP][PASSED] - (i++): null

21-10-2025T21:50:05 - [TEST_STEP][PASSED] - sendKeys(findTestObject("FIM/Sites Page/Site Filtering/Site_txt"), Keys.chord(BACK_SPACE), STOP_ON_FAILURE): Keys 'BACK_SPACE + ' sent to object: 'Object Repository/FIM/Sites Page/Site Filtering/Site_txt'

21-10-2025T21:50:05 - [MESSAGE][PASSED] - Keys 'BACK_SPACE + ' sent to object: 'Object Repository/FIM/Sites Page/Site Filtering/Site_txt'

21-10-2025T21:50:05 - [TEST_STEP][PASSED] - (i++): null

21-10-2025T21:50:05 - [TEST_STEP][PASSED] - sendKeys(findTestObject("FIM/Sites Page/Site Filtering/Site_txt"), Keys.chord(BACK_SPACE), STOP_ON_FAILURE): Keys 'BACK_SPACE + ' sent to object: 'Object Repository/FIM/Sites Page/Site Filtering/Site_txt'

21-10-2025T21:50:05 - [MESSAGE][PASSED] - Keys 'BACK_SPACE + ' sent to object: 'Object Repository/FIM/Sites Page/Site Filtering/Site_txt'

21-10-2025T21:50:05 - [TEST_STEP][PASSED] - (i++): null

21-10-2025T21:50:05 - [TEST_STEP][PASSED] - sendKeys(findTestObject("FIM/Sites Page/Site Filtering/Site_txt"), Keys.chord(BACK_SPACE), STOP_ON_FAILURE): Keys 'BACK_SPACE + ' sent to object: 'Object Repository/FIM/Sites Page/Site Filtering/Site_txt'

21-10-2025T21:50:06 - [MESSAGE][PASSED] - Keys 'BACK_SPACE + ' sent to object: 'Object Repository/FIM/Sites Page/Site Filtering/Site_txt'

21-10-2025T21:50:06 - [TEST_STEP][PASSED] - (i++): null

21-10-2025T21:50:06 - [TEST_STEP][PASSED] - sendKeys(findTestObject("FIM/Sites Page/Site Filtering/Site_txt"), Keys.chord(BACK_SPACE), STOP_ON_FAILURE): Keys 'BACK_SPACE + ' sent to object: 'Object Repository/FIM/Sites Page/Site Filtering/Site_txt'

21-10-2025T21:50:06 - [MESSAGE][PASSED] - Keys 'BACK_SPACE + ' sent to object: 'Object Repository/FIM/Sites Page/Site Filtering/Site_txt'

21-10-2025T21:50:06 - [TEST_STEP][PASSED] - (i++): null

21-10-2025T21:50:06 - [TEST_STEP][PASSED] - sendKeys(findTestObject("FIM/Sites Page/Site Filtering/Site_txt"), Keys.chord(BACK_SPACE), STOP_ON_FAILURE): Keys 'BACK_SPACE + ' sent to object: 'Object Repository/FIM/Sites Page/Site Filtering/Site_txt'

21-10-2025T21:50:06 - [MESSAGE][PASSED] - Keys 'BACK_SPACE + ' sent to object: 'Object Repository/FIM/Sites Page/Site Filtering/Site_txt'

21-10-2025T21:50:06 - [TEST_STEP][PASSED] - (i++): null

21-10-2025T21:50:06 - [TEST_STEP][PASSED] - sendKeys(findTestObject("FIM/Sites Page/Site Filtering/Site_txt"), Keys.chord(BACK_SPACE), STOP_ON_FAILURE): Keys 'BACK_SPACE + ' sent to object: 'Object Repository/FIM/Sites Page/Site Filtering/Site_txt'

21-10-2025T21:50:06 - [MESSAGE][PASSED] - Keys 'BACK_SPACE + ' sent to object: 'Object Repository/FIM/Sites Page/Site Filtering/Site_txt'

21-10-2025T21:50:06 - [TEST_STEP][PASSED] - (i++): null

21-10-2025T21:50:06 - [TEST_STEP][PASSED] - sendKeys(findTestObject("FIM/Sites Page/Site Filtering/Site_txt"), Keys.chord(BACK_SPACE), STOP_ON_FAILURE): Keys 'BACK_SPACE + ' sent to object: 'Object Repository/FIM/Sites Page/Site Filtering/Site_txt'

21-10-2025T21:50:06 - [MESSAGE][PASSED] - Keys 'BACK_SPACE + ' sent to object: 'Object Repository/FIM/Sites Page/Site Filtering/Site_txt'

21-10-2025T21:50:06 - [TEST_STEP][PASSED] - (i++): null

21-10-2025T21:50:06 - [TEST_STEP][PASSED] - sendKeys(findTestObject("FIM/Sites Page/Site Filtering/Site_txt"), Keys.chord(BACK_SPACE), STOP_ON_FAILURE): Keys 'BACK_SPACE + ' sent to object: 'Object Repository/FIM/Sites Page/Site Filtering/Site_txt'

21-10-2025T21:50:06 - [MESSAGE][PASSED] - Keys 'BACK_SPACE + ' sent to object: 'Object Repository/FIM/Sites Page/Site Filtering/Site_txt'

21-10-2025T21:50:06 - [TEST_STEP][PASSED] - (i++): null

21-10-2025T21:50:06 - [TEST_STEP][PASSED] - sendKeys(findTestObject("FIM/Sites Page/Site Filtering/Site_txt"), Keys.chord(BACK_SPACE), STOP_ON_FAILURE): Keys 'BACK_SPACE + ' sent to object: 'Object Repository/FIM/Sites Page/Site Filtering/Site_txt'

21-10-2025T21:50:06 - [MESSAGE][PASSED] - Keys 'BACK_SPACE + ' sent to object: 'Object Repository/FIM/Sites Page/Site Filtering/Site_txt'

21-10-2025T21:50:06 - [TEST_STEP][PASSED] - (i++): null

21-10-2025T21:50:06 - [TEST_STEP][PASSED] - sendKeys(findTestObject("FIM/Sites Page/Site Filtering/Site_txt"), Keys.chord(BACK_SPACE), STOP_ON_FAILURE): Keys 'BACK_SPACE + ' sent to object: 'Object Repository/FIM/Sites Page/Site Filtering/Site_txt'

21-10-2025T21:50:06 - [MESSAGE][PASSED] - Keys 'BACK_SPACE + ' sent to object: 'Object Repository/FIM/Sites Page/Site Filtering/Site_txt'

21-10-2025T21:50:06 - [TEST_STEP][PASSED] - (i++): null

21-10-2025T21:50:06 - [TEST_STEP][PASSED] - sendKeys(findTestObject("FIM/Sites Page/Site Filtering/Site_txt"), Keys.chord(BACK_SPACE), STOP_ON_FAILURE): Keys 'BACK_SPACE + ' sent to object: 'Object Repository/FIM/Sites Page/Site Filtering/Site_txt'

21-10-2025T21:50:06 - [MESSAGE][PASSED] - Keys 'BACK_SPACE + ' sent to object: 'Object Repository/FIM/Sites Page/Site Filtering/Site_txt'

21-10-2025T21:50:06 - [TEST_STEP][PASSED] - (i++): null

21-10-2025T21:50:06 - [TEST_STEP][PASSED] - sendKeys(findTestObject("FIM/Sites Page/Site Filtering/Site_txt"), Keys.chord(BACK_SPACE), STOP_ON_FAILURE): Keys 'BACK_SPACE + ' sent to object: 'Object Repository/FIM/Sites Page/Site Filtering/Site_txt'

21-10-2025T21:50:06 - [MESSAGE][PASSED] - Keys 'BACK_SPACE + ' sent to object: 'Object Repository/FIM/Sites Page/Site Filtering/Site_txt'

21-10-2025T21:50:06 - [TEST_STEP][PASSED] - (i++): null

21-10-2025T21:50:06 - [TEST_STEP][PASSED] - sendKeys(findTestObject("FIM/Sites Page/Site Filtering/Site_txt"), Keys.chord(BACK_SPACE), STOP_ON_FAILURE): Keys 'BACK_SPACE + ' sent to object: 'Object Repository/FIM/Sites Page/Site Filtering/Site_txt'

21-10-2025T21:50:06 - [MESSAGE][PASSED] - Keys 'BACK_SPACE + ' sent to object: 'Object Repository/FIM/Sites Page/Site Filtering/Site_txt'

21-10-2025T21:50:06 - [TEST_STEP][PASSED] - (i++): null

21-10-2025T21:50:06 - [TEST_STEP][PASSED] - sendKeys(findTestObject("FIM/Sites Page/Site Filtering/Site_txt"), Keys.chord(BACK_SPACE), STOP_ON_FAILURE): Keys 'BACK_SPACE + ' sent to object: 'Object Repository/FIM/Sites Page/Site Filtering/Site_txt'

21-10-2025T21:50:06 - [MESSAGE][PASSED] - Keys 'BACK_SPACE + ' sent to object: 'Object Repository/FIM/Sites Page/Site Filtering/Site_txt'

21-10-2025T21:50:06 - [TEST_STEP][PASSED] - (i++): null

21-10-2025T21:50:06 - [TEST_STEP][PASSED] - sendKeys(findTestObject("FIM/Sites Page/Site Filtering/Site_txt"), Keys.chord(BACK_SPACE), STOP_ON_FAILURE): Keys 'BACK_SPACE + ' sent to object: 'Object Repository/FIM/Sites Page/Site Filtering/Site_txt'

21-10-2025T21:50:07 - [MESSAGE][PASSED] - Keys 'BACK_SPACE + ' sent to object: 'Object Repository/FIM/Sites Page/Site Filtering/Site_txt'

21-10-2025T21:50:07 - [TEST_STEP][PASSED] - (i++): null

21-10-2025T21:50:07 - [TEST_STEP][PASSED] - sendKeys(findTestObject("FIM/Sites Page/Site Filtering/Site_txt"), Keys.chord(BACK_SPACE), STOP_ON_FAILURE): Keys 'BACK_SPACE + ' sent to object: 'Object Repository/FIM/Sites Page/Site Filtering/Site_txt'

21-10-2025T21:50:07 - [MESSAGE][PASSED] - Keys 'BACK_SPACE + ' sent to object: 'Object Repository/FIM/Sites Page/Site Filtering/Site_txt'

21-10-2025T21:50:07 - [TEST_STEP][PASSED] - (i++): null

21-10-2025T21:50:07 - [TEST_STEP][PASSED] - sendKeys(findTestObject("FIM/Sites Page/Site Filtering/Site_txt"), Keys.chord(BACK_SPACE), STOP_ON_FAILURE): Keys 'BACK_SPACE + ' sent to object: 'Object Repository/FIM/Sites Page/Site Filtering/Site_txt'

21-10-2025T21:50:07 - [MESSAGE][PASSED] - Keys 'BACK_SPACE + ' sent to object: 'Object Repository/FIM/Sites Page/Site Filtering/Site_txt'

21-10-2025T21:50:07 - [TEST_STEP][PASSED] - (i++): null

21-10-2025T21:50:07 - [TEST_STEP][PASSED] - sendKeys(findTestObject("FIM/Sites Page/Site Filtering/Site_txt"), Keys.chord(BACK_SPACE), STOP_ON_FAILURE): Keys 'BACK_SPACE + ' sent to object: 'Object Repository/FIM/Sites Page/Site Filtering/Site_txt'

21-10-2025T21:50:07 - [MESSAGE][PASSED] - Keys 'BACK_SPACE + ' sent to object: 'Object Repository/FIM/Sites Page/Site Filtering/Site_txt'

21-10-2025T21:50:07 - [TEST_STEP][PASSED] - (i++): null

21-10-2025T21:50:07 - [TEST_STEP][PASSED] - sendKeys(findTestObject("FIM/Sites Page/Site Filtering/Site_txt"), Keys.chord(BACK_SPACE), STOP_ON_FAILURE): Keys 'BACK_SPACE + ' sent to object: 'Object Repository/FIM/Sites Page/Site Filtering/Site_txt'

21-10-2025T21:50:07 - [MESSAGE][PASSED] - Keys 'BACK_SPACE + ' sent to object: 'Object Repository/FIM/Sites Page/Site Filtering/Site_txt'

21-10-2025T21:50:07 - [TEST_STEP][PASSED] - (i++): null

21-10-2025T21:50:07 - [TEST_STEP][PASSED] - sendKeys(findTestObject("FIM/Sites Page/Site Filtering/Site_txt"), Keys.chord(BACK_SPACE), STOP_ON_FAILURE): Keys 'BACK_SPACE + ' sent to object: 'Object Repository/FIM/Sites Page/Site Filtering/Site_txt'

21-10-2025T21:50:07 - [MESSAGE][PASSED] - Keys 'BACK_SPACE + ' sent to object: 'Object Repository/FIM/Sites Page/Site Filtering/Site_txt'

21-10-2025T21:50:07 - [TEST_STEP][PASSED] - (i++): null

21-10-2025T21:50:07 - [TEST_STEP][PASSED] - sendKeys(findTestObject("FIM/Sites Page/Site Filtering/Site_txt"), Keys.chord(BACK_SPACE), STOP_ON_FAILURE): Keys 'BACK_SPACE + ' sent to object: 'Object Repository/FIM/Sites Page/Site Filtering/Site_txt'

21-10-2025T21:50:07 - [MESSAGE][PASSED] - Keys 'BACK_SPACE + ' sent to object: 'Object Repository/FIM/Sites Page/Site Filtering/Site_txt'

21-10-2025T21:50:07 - [TEST_STEP][PASSED] - (i++): null

21-10-2025T21:50:07 - [TEST_STEP][PASSED] - sendKeys(findTestObject("FIM/Sites Page/Site Filtering/Site_txt"), Keys.chord(BACK_SPACE), STOP_ON_FAILURE): Keys 'BACK_SPACE + ' sent to object: 'Object Repository/FIM/Sites Page/Site Filtering/Site_txt'

21-10-2025T21:50:07 - [MESSAGE][PASSED] - Keys 'BACK_SPACE + ' sent to object: 'Object Repository/FIM/Sites Page/Site Filtering/Site_txt'

21-10-2025T21:50:07 - [TEST_STEP][PASSED] - (i++): null

21-10-2025T21:50:07 - [TEST_STEP][PASSED] - sendKeys(findTestObject("FIM/Sites Page/Site Filtering/Site_txt"), Keys.chord(BACK_SPACE), STOP_ON_FAILURE): Keys 'BACK_SPACE + ' sent to object: 'Object Repository/FIM/Sites Page/Site Filtering/Site_txt'

21-10-2025T21:50:07 - [MESSAGE][PASSED] - Keys 'BACK_SPACE + ' sent to object: 'Object Repository/FIM/Sites Page/Site Filtering/Site_txt'

21-10-2025T21:50:07 - [TEST_STEP][PASSED] - (i++): null

21-10-2025T21:50:07 - [TEST_STEP][PASSED] - sendKeys(findTestObject("FIM/Sites Page/Site Filtering/Site_txt"), Keys.chord(BACK_SPACE), STOP_ON_FAILURE): Keys 'BACK_SPACE + ' sent to object: 'Object Repository/FIM/Sites Page/Site Filtering/Site_txt'

21-10-2025T21:50:07 - [MESSAGE][PASSED] - Keys 'BACK_SPACE + ' sent to object: 'Object Repository/FIM/Sites Page/Site Filtering/Site_txt'

21-10-2025T21:50:07 - [TEST_STEP][PASSED] - (i++): null

21-10-2025T21:50:07 - [TEST_STEP][PASSED] - sendKeys(findTestObject("FIM/Sites Page/Site Filtering/Site_txt"), Keys.chord(BACK_SPACE), STOP_ON_FAILURE): Keys 'BACK_SPACE + ' sent to object: 'Object Repository/FIM/Sites Page/Site Filtering/Site_txt'

21-10-2025T21:50:07 - [MESSAGE][PASSED] - Keys 'BACK_SPACE + ' sent to object: 'Object Repository/FIM/Sites Page/Site Filtering/Site_txt'

21-10-2025T21:50:07 - [TEST_STEP][PASSED] - (i++): null

21-10-2025T21:50:07 - [TEST_STEP][PASSED] - sendKeys(findTestObject("FIM/Sites Page/Site Filtering/Site_txt"), Keys.chord(BACK_SPACE), STOP_ON_FAILURE): Keys 'BACK_SPACE + ' sent to object: 'Object Repository/FIM/Sites Page/Site Filtering/Site_txt'

21-10-2025T21:50:07 - [MESSAGE][PASSED] - Keys 'BACK_SPACE + ' sent to object: 'Object Repository/FIM/Sites Page/Site Filtering/Site_txt'

21-10-2025T21:50:07 - [TEST_STEP][PASSED] - (i++): null

21-10-2025T21:50:07 - [TEST_STEP][PASSED] - sendKeys(findTestObject("FIM/Sites Page/Site Filtering/Site_txt"), Keys.chord(BACK_SPACE), STOP_ON_FAILURE): Keys 'BACK_SPACE + ' sent to object: 'Object Repository/FIM/Sites Page/Site Filtering/Site_txt'

21-10-2025T21:50:08 - [MESSAGE][PASSED] - Keys 'BACK_SPACE + ' sent to object: 'Object Repository/FIM/Sites Page/Site Filtering/Site_txt'

21-10-2025T21:50:08 - [TEST_STEP][PASSED] - (i++): null

21-10-2025T21:50:08 - [TEST_STEP][PASSED] - sendKeys(findTestObject("FIM/Sites Page/Site Filtering/Site_txt"), Keys.chord(BACK_SPACE), STOP_ON_FAILURE): Keys 'BACK_SPACE + ' sent to object: 'Object Repository/FIM/Sites Page/Site Filtering/Site_txt'

21-10-2025T21:50:08 - [MESSAGE][PASSED] - Keys 'BACK_SPACE + ' sent to object: 'Object Repository/FIM/Sites Page/Site Filtering/Site_txt'

21-10-2025T21:50:08 - [TEST_STEP][PASSED] - (i++): null

21-10-2025T21:50:08 - [TEST_STEP][PASSED] - sendKeys(findTestObject("FIM/Sites Page/Site Filtering/Site_txt"), Keys.chord(BACK_SPACE), STOP_ON_FAILURE): Keys 'BACK_SPACE + ' sent to object: 'Object Repository/FIM/Sites Page/Site Filtering/Site_txt'

21-10-2025T21:50:08 - [MESSAGE][PASSED] - Keys 'BACK_SPACE + ' sent to object: 'Object Repository/FIM/Sites Page/Site Filtering/Site_txt'

21-10-2025T21:50:08 - [TEST_STEP][PASSED] - (i++): null

21-10-2025T21:50:08 - [TEST_STEP][PASSED] - sendKeys(findTestObject("FIM/Sites Page/Site Filtering/Site_txt"), Keys.chord(BACK_SPACE), STOP_ON_FAILURE): Keys 'BACK_SPACE + ' sent to object: 'Object Repository/FIM/Sites Page/Site Filtering/Site_txt'

21-10-2025T21:50:08 - [MESSAGE][PASSED] - Keys 'BACK_SPACE + ' sent to object: 'Object Repository/FIM/Sites Page/Site Filtering/Site_txt'

21-10-2025T21:50:08 - [TEST_STEP][PASSED] - (i++): null

21-10-2025T21:50:08 - [TEST_STEP][PASSED] - sendKeys(findTestObject("FIM/Sites Page/Site Filtering/Site_txt"), Keys.chord(BACK_SPACE), STOP_ON_FAILURE): Keys 'BACK_SPACE + ' sent to object: 'Object Repository/FIM/Sites Page/Site Filtering/Site_txt'

21-10-2025T21:50:08 - [MESSAGE][PASSED] - Keys 'BACK_SPACE + ' sent to object: 'Object Repository/FIM/Sites Page/Site Filtering/Site_txt'

21-10-2025T21:50:08 - [TEST_STEP][PASSED] - (i++): null

21-10-2025T21:50:08 - [TEST_STEP][PASSED] - sendKeys(findTestObject("FIM/Sites Page/Site Filtering/Site_txt"), Keys.chord(BACK_SPACE), STOP_ON_FAILURE): Keys 'BACK_SPACE + ' sent to object: 'Object Repository/FIM/Sites Page/Site Filtering/Site_txt'

21-10-2025T21:50:08 - [MESSAGE][PASSED] - Keys 'BACK_SPACE + ' sent to object: 'Object Repository/FIM/Sites Page/Site Filtering/Site_txt'

21-10-2025T21:50:08 - [TEST_STEP][PASSED] - (i++): null

21-10-2025T21:50:08 - [TEST_STEP][PASSED] - sendKeys(findTestObject("FIM/Sites Page/Site Filtering/Site_txt"), Keys.chord(BACK_SPACE), STOP_ON_FAILURE): Keys 'BACK_SPACE + ' sent to object: 'Object Repository/FIM/Sites Page/Site Filtering/Site_txt'

21-10-2025T21:50:08 - [MESSAGE][PASSED] - Keys 'BACK_SPACE + ' sent to object: 'Object Repository/FIM/Sites Page/Site Filtering/Site_txt'

21-10-2025T21:50:08 - [TEST_STEP][PASSED] - (i++): null

21-10-2025T21:50:08 - [TEST_STEP][PASSED] - sendKeys(findTestObject("FIM/Sites Page/Site Filtering/Site_txt"), Keys.chord(BACK_SPACE), STOP_ON_FAILURE): Keys 'BACK_SPACE + ' sent to object: 'Object Repository/FIM/Sites Page/Site Filtering/Site_txt'

21-10-2025T21:50:08 - [MESSAGE][PASSED] - Keys 'BACK_SPACE + ' sent to object: 'Object Repository/FIM/Sites Page/Site Filtering/Site_txt'

21-10-2025T21:50:08 - [TEST_STEP][PASSED] - (i++): null

21-10-2025T21:50:08 - [TEST_STEP][PASSED] - sendKeys(findTestObject("FIM/Sites Page/Site Filtering/Site_txt"), Keys.chord(BACK_SPACE), STOP_ON_FAILURE): Keys 'BACK_SPACE + ' sent to object: 'Object Repository/FIM/Sites Page/Site Filtering/Site_txt'

21-10-2025T21:50:08 - [MESSAGE][PASSED] - Keys 'BACK_SPACE + ' sent to object: 'Object Repository/FIM/Sites Page/Site Filtering/Site_txt'

21-10-2025T21:50:08 - [TEST_STEP][PASSED] - (i++): null

21-10-2025T21:50:08 - [TEST_STEP][PASSED] - sendKeys(findTestObject("FIM/Sites Page/Site Filtering/Site_txt"), Keys.chord(BACK_SPACE), STOP_ON_FAILURE): Keys 'BACK_SPACE + ' sent to object: 'Object Repository/FIM/Sites Page/Site Filtering/Site_txt'

21-10-2025T21:50:08 - [MESSAGE][PASSED] - Keys 'BACK_SPACE + ' sent to object: 'Object Repository/FIM/Sites Page/Site Filtering/Site_txt'

21-10-2025T21:50:08 - [TEST_STEP][PASSED] - (i++): null

21-10-2025T21:50:08 - [TEST_STEP][PASSED] - sendKeys(findTestObject("FIM/Sites Page/Site Filtering/Site_txt"), Keys.chord(BACK_SPACE), STOP_ON_FAILURE): Keys 'BACK_SPACE + ' sent to object: 'Object Repository/FIM/Sites Page/Site Filtering/Site_txt'

21-10-2025T21:50:08 - [MESSAGE][PASSED] - Keys 'BACK_SPACE + ' sent to object: 'Object Repository/FIM/Sites Page/Site Filtering/Site_txt'

21-10-2025T21:50:08 - [TEST_STEP][PASSED] - (i++): null

21-10-2025T21:50:08 - [TEST_STEP][PASSED] - sendKeys(findTestObject("FIM/Sites Page/Site Filtering/Site_txt"), Keys.chord(BACK_SPACE), STOP_ON_FAILURE): Keys 'BACK_SPACE + ' sent to object: 'Object Repository/FIM/Sites Page/Site Filtering/Site_txt'

21-10-2025T21:50:08 - [MESSAGE][PASSED] - Keys 'BACK_SPACE + ' sent to object: 'Object Repository/FIM/Sites Page/Site Filtering/Site_txt'

21-10-2025T21:50:08 - [TEST_STEP][PASSED] - (i++): null

21-10-2025T21:50:08 - [TEST_STEP][PASSED] - sendKeys(findTestObject("FIM/Sites Page/Site Filtering/Site_txt"), Keys.chord(BACK_SPACE), STOP_ON_FAILURE): Keys 'BACK_SPACE + ' sent to object: 'Object Repository/FIM/Sites Page/Site Filtering/Site_txt'

21-10-2025T21:50:09 - [MESSAGE][PASSED] - Keys 'BACK_SPACE + ' sent to object: 'Object Repository/FIM/Sites Page/Site Filtering/Site_txt'

21-10-2025T21:50:09 - [TEST_STEP][PASSED] - (i++): null

21-10-2025T21:50:09 - [TEST_STEP][PASSED] - sendKeys(findTestObject("FIM/Sites Page/Site Filtering/Site_txt"), Keys.chord(BACK_SPACE), STOP_ON_FAILURE): Keys 'BACK_SPACE + ' sent to object: 'Object Repository/FIM/Sites Page/Site Filtering/Site_txt'

21-10-2025T21:50:09 - [MESSAGE][PASSED] - Keys 'BACK_SPACE + ' sent to object: 'Object Repository/FIM/Sites Page/Site Filtering/Site_txt'

21-10-2025T21:50:09 - [TEST_STEP][PASSED] - (i++): null

21-10-2025T21:50:09 - [TEST_STEP][PASSED] - sendKeys(findTestObject("FIM/Sites Page/Site Filtering/Site_txt"), Keys.chord(BACK_SPACE), STOP_ON_FAILURE): Keys 'BACK_SPACE + ' sent to object: 'Object Repository/FIM/Sites Page/Site Filtering/Site_txt'

21-10-2025T21:50:10 - [MESSAGE][PASSED] - Keys 'BACK_SPACE + ' sent to object: 'Object Repository/FIM/Sites Page/Site Filtering/Site_txt'

21-10-2025T21:50:10 - [TEST_STEP][PASSED] - (i++): null

21-10-2025T21:50:10 - [TEST_STEP][PASSED] - sendKeys(findTestObject("FIM/Sites Page/Site Filtering/Site_txt"), Keys.chord(BACK_SPACE), STOP_ON_FAILURE): Keys 'BACK_SPACE + ' sent to object: 'Object Repository/FIM/Sites Page/Site Filtering/Site_txt'

21-10-2025T21:50:10 - [MESSAGE][PASSED] - Keys 'BACK_SPACE + ' sent to object: 'Object Repository/FIM/Sites Page/Site Filtering/Site_txt'

21-10-2025T21:50:10 - [TEST_STEP][PASSED] - (i++): null

21-10-2025T21:50:10 - [TEST_STEP][PASSED] - sendKeys(findTestObject("FIM/Sites Page/Site Filtering/Site_txt"), Keys.chord(BACK_SPACE), STOP_ON_FAILURE): Keys 'BACK_SPACE + ' sent to object: 'Object Repository/FIM/Sites Page/Site Filtering/Site_txt'

21-10-2025T21:50:10 - [MESSAGE][PASSED] - Keys 'BACK_SPACE + ' sent to object: 'Object Repository/FIM/Sites Page/Site Filtering/Site_txt'

21-10-2025T21:50:10 - [TEST_STEP][PASSED] - (i++): null

21-10-2025T21:50:10 - [TEST_STEP][PASSED] - sendKeys(findTestObject("FIM/Sites Page/Site Filtering/Site_txt"), Keys.chord(BACK_SPACE), STOP_ON_FAILURE): Keys 'BACK_SPACE + ' sent to object: 'Object Repository/FIM/Sites Page/Site Filtering/Site_txt'

21-10-2025T21:50:10 - [MESSAGE][PASSED] - Keys 'BACK_SPACE + ' sent to object: 'Object Repository/FIM/Sites Page/Site Filtering/Site_txt'

21-10-2025T21:50:10 - [TEST_STEP][PASSED] - (i++): null

21-10-2025T21:50:10 - [TEST_STEP][PASSED] - sendKeys(findTestObject("FIM/Sites Page/Site Filtering/Site_txt"), Keys.chord(BACK_SPACE), STOP_ON_FAILURE): Keys 'BACK_SPACE + ' sent to object: 'Object Repository/FIM/Sites Page/Site Filtering/Site_txt'

21-10-2025T21:50:10 - [MESSAGE][PASSED] - Keys 'BACK_SPACE + ' sent to object: 'Object Repository/FIM/Sites Page/Site Filtering/Site_txt'

21-10-2025T21:50:10 - [TEST_STEP][PASSED] - (i++): null

21-10-2025T21:50:10 - [TEST_STEP][PASSED] - sendKeys(findTestObject("FIM/Sites Page/Site Filtering/Site_txt"), Keys.chord(BACK_SPACE), STOP_ON_FAILURE): Keys 'BACK_SPACE + ' sent to object: 'Object Repository/FIM/Sites Page/Site Filtering/Site_txt'

21-10-2025T21:50:10 - [MESSAGE][PASSED] - Keys 'BACK_SPACE + ' sent to object: 'Object Repository/FIM/Sites Page/Site Filtering/Site_txt'

21-10-2025T21:50:10 - [TEST_STEP][PASSED] - (i++): null

21-10-2025T21:50:10 - [TEST_STEP][PASSED] - sendKeys(findTestObject("FIM/Sites Page/Site Filtering/Site_txt"), Keys.chord(BACK_SPACE), STOP_ON_FAILURE): Keys 'BACK_SPACE + ' sent to object: 'Object Repository/FIM/Sites Page/Site Filtering/Site_txt'

21-10-2025T21:50:10 - [MESSAGE][PASSED] - Keys 'BACK_SPACE + ' sent to object: 'Object Repository/FIM/Sites Page/Site Filtering/Site_txt'

21-10-2025T21:50:10 - [TEST_STEP][PASSED] - (i++): null

21-10-2025T21:50:10 - [TEST_STEP][PASSED] - sendKeys(findTestObject("FIM/Sites Page/Site Filtering/Site_txt"), Keys.chord(BACK_SPACE), STOP_ON_FAILURE): Keys 'BACK_SPACE + ' sent to object: 'Object Repository/FIM/Sites Page/Site Filtering/Site_txt'

21-10-2025T21:50:10 - [MESSAGE][PASSED] - Keys 'BACK_SPACE + ' sent to object: 'Object Repository/FIM/Sites Page/Site Filtering/Site_txt'

21-10-2025T21:50:10 - [TEST_STEP][PASSED] - (i++): null

21-10-2025T21:50:10 - [TEST_STEP][PASSED] - sendKeys(findTestObject("FIM/Sites Page/Site Filtering/Site_txt"), "AFM65", STOP_ON_FAILURE): Keys 'AFM65' sent to object: 'Object Repository/FIM/Sites Page/Site Filtering/Site_txt'

21-10-2025T21:50:11 - [MESSAGE][PASSED] - Keys 'AFM65' sent to object: 'Object Repository/FIM/Sites Page/Site Filtering/Site_txt'

21-10-2025T21:50:11 - [TEST_STEP][PASSED] - sendKeys(findTestObject("FIM/Sites Page/Site Filtering/Site_txt"), Keys.chord(ENTER), STOP_ON_FAILURE): Keys 'ENTER + ' sent to object: 'Object Repository/FIM/Sites Page/Site Filtering/Site_txt'

21-10-2025T21:50:11 - [MESSAGE][PASSED] - Keys 'ENTER + ' sent to object: 'Object Repository/FIM/Sites Page/Site Filtering/Site_txt'

21-10-2025T21:50:11 - [TEST_STEP][PASSED] - waitForElementClickable(findTestObject("FIM/Sites Page/Inventories/Edit/Threshold/Tank Edit Button (Kenan)"), 300): Object 'Object Repository/FIM/Sites Page/Inventories/Edit/Threshold/Tank Edit Button (Kenan)' is clickable

21-10-2025T21:50:19 - [MESSAGE][PASSED] - Object 'Object Repository/FIM/Sites Page/Inventories/Edit/Threshold/Tank Edit Button (Kenan)' is clickable

21-10-2025T21:50:19 - [TEST_STEP][PASSED] - click(findTestObject("FIM/Sites Page/Inventories/Edit/Threshold/Tank Edit Button (Kenan)")): Object: 'Object Repository/FIM/Sites Page/Inventories/Edit/Threshold/Tank Edit Button (Kenan)' is clicked on

21-10-2025T21:50:19 - [MESSAGE][PASSED] - Object: 'Object Repository/FIM/Sites Page/Inventories/Edit/Threshold/Tank Edit Button (Kenan)' is clicked on

21-10-2025T21:50:19 - [TEST_STEP][PASSED] - delay(2): Delayed 2 second(s)

21-10-2025T21:50:21 - [MESSAGE][PASSED] - Delayed 2 second(s)

21-10-2025T21:50:21 - [TEST_STEP][PASSED] - verifyElementVisible(findTestObject("FIM/Sites Page/Inventories/Edit/Out of Service_toggle_btn")): Object 'Object Repository/FIM/Sites Page/Inventories/Edit/Out of Service_toggle_btn' is visible

21-10-2025T21:50:21 - [MESSAGE][PASSED] - Object 'Object Repository/FIM/Sites Page/Inventories/Edit/Out of Service_toggle_btn' is visible

21-10-2025T21:50:21 - [TEST_STEP][PASSED] - click(findTestObject("FIM/Sites Page/Inventories/Edit/Out of Service_toggle_btn")): Object: 'Object Repository/FIM/Sites Page/Inventories/Edit/Out of Service_toggle_btn' is clicked on

21-10-2025T21:50:21 - [MESSAGE][PASSED] - Object: 'Object Repository/FIM/Sites Page/Inventories/Edit/Out of Service_toggle_btn' is clicked on

21-10-2025T21:50:21 - [TEST_STEP][PASSED] - click(findTestObject("FIM/Sites Page/Inventories/Edit/Sales/Edit Save_btn")): Object: 'Object Repository/FIM/Sites Page/Inventories/Edit/Sales/Edit Save_btn' is clicked on

21-10-2025T21:50:21 - [MESSAGE][PASSED] - Object: 'Object Repository/FIM/Sites Page/Inventories/Edit/Sales/Edit Save_btn' is clicked on

21-10-2025T21:50:21 - [TEST_STEP][PASSED] - delay(2): Delayed 2 second(s)

21-10-2025T21:50:23 - [MESSAGE][PASSED] - Delayed 2 second(s)

21-10-2025T21:50:23 - [TEST_STEP][PASSED] - click(findTestObject("FIM/Sites Page/Orders/Create Order/CreateOrder_btn"), OPTIONAL): Object: 'Object Repository/FIM/Sites Page/Orders/Create Order/CreateOrder_btn' is clicked on

21-10-2025T21:50:23 - [MESSAGE][PASSED] - Object: 'Object Repository/FIM/Sites Page/Orders/Create Order/CreateOrder_btn' is clicked on

21-10-2025T21:50:23 - [TEST_STEP][PASSED] - delay(1): Delayed 1 second(s)

21-10-2025T21:50:24 - [MESSAGE][PASSED] - Delayed 1 second(s)

21-10-2025T21:50:24 - [TEST_STEP][PASSED] - verifyElementNotClickable(findTestObject("FIM/Sites Page/Orders/Create Order/Tank_1_10UNL_txt")): Object 'Object Repository/FIM/Sites Page/Orders/Create Order/Tank_1_10UNL_txt' is NOT clickable

21-10-2025T21:50:24 - [MESSAGE][PASSED] - Object 'Object Repository/FIM/Sites Page/Orders/Create Order/Tank_1_10UNL_txt' is NOT clickable

21-10-2025T21:50:24 - [TEST_STEP][PASSED] - click(findTestObject("FIM/Sites Page/Orders/Create Order/Cancel_btn")): Object: 'Object Repository/FIM/Sites Page/Orders/Create Order/Cancel_btn' is clicked on

21-10-2025T21:50:24 - [MESSAGE][PASSED] - Object: 'Object Repository/FIM/Sites Page/Orders/Create Order/Cancel_btn' is clicked on

21-10-2025T21:50:24 - [TEST_STEP][PASSED] - delay(1): Delayed 1 second(s)

21-10-2025T21:50:25 - [MESSAGE][PASSED] - Delayed 1 second(s)

21-10-2025T21:50:25 - [TEST_STEP][PASSED] - click(findTestObject("FIM/Sites Page/Inventories/Edit/Threshold/Tank Edit Button (Kenan)")): Object: 'Object Repository/FIM/Sites Page/Inventories/Edit/Threshold/Tank Edit Button (Kenan)' is clicked on

21-10-2025T21:50:26 - [MESSAGE][PASSED] - Object: 'Object Repository/FIM/Sites Page/Inventories/Edit/Threshold/Tank Edit Button (Kenan)' is clicked on

21-10-2025T21:50:26 - [TEST_STEP][PASSED] - delay(2): Delayed 2 second(s)

21-10-2025T21:50:28 - [MESSAGE][PASSED] - Delayed 2 second(s)

21-10-2025T21:50:28 - [TEST_STEP][PASSED] - click(findTestObject("FIM/Sites Page/Inventories/Edit/Out of Service_toggle_btn")): Object: 'Object Repository/FIM/Sites Page/Inventories/Edit/Out of Service_toggle_btn' is clicked on

21-10-2025T21:50:28 - [MESSAGE][PASSED] - Object: 'Object Repository/FIM/Sites Page/Inventories/Edit/Out of Service_toggle_btn' is clicked on

21-10-2025T21:50:28 - [TEST_STEP][PASSED] - click(findTestObject("FIM/Sites Page/Inventories/Edit/Sales/Edit Save_btn")): Object: 'Object Repository/FIM/Sites Page/Inventories/Edit/Sales/Edit Save_btn' is clicked on

21-10-2025T21:50:28 - [MESSAGE][PASSED] - Object: 'Object Repository/FIM/Sites Page/Inventories/Edit/Sales/Edit Save_btn' is clicked on

21-10-2025T21:50:28 - [TEST_STEP][PASSED] - closeBrowser(): Browser is closed

21-10-2025T21:50:28 - [MESSAGE][PASSED] - Browser is closed

21-10-2025T21:50:28 - [TEST_STEP][PASSED] - Start listener action : retryOnDisconnect: null

21-10-2025T21:50:28 - [TEST_STEP][PASSED] - tcId = testCaseContext.getTestCaseId(): null

21-10-2025T21:50:28 - [TEST_STEP][PASSED] - currentRetry = retryCounts.getOrDefault(tcId, 0): null

21-10-2025T21:50:28 - [TEST_STEP][PASSED] - if (testCaseContext.getTestCaseStatus() == "FAILED" && currentRetry < MAX_RETRIES): null]]></system-out>
         <system-err><![CDATA[]]></system-err>
      </testcase>
      <testcase name="Test Cases/FIM/UI/Kenan/Admin/Sites Page/Orders/Can Not Create Order Greater than Safe Fill" time="60.314" classname="Test Cases/FIM/UI/Kenan/Admin/Sites Page/Orders/Can Not Create Order Greater than Safe Fill" status="PASSED">
         <system-out><![CDATA[21-10-2025T21:50:28 - [TEST_CASE][PASSED] - Test Cases/FIM/UI/Kenan/Admin/Sites Page/Orders/Can Not Create Order Greater than Safe Fill: Test Cases/FIM/UI/Kenan/Admin/Sites Page/Orders/Can Not Create Order Greater than Safe Fill

21-10-2025T21:50:28 - [TEST_STEP][PASSED] - Start listener action : beforeTestCase: null

21-10-2025T21:50:28 - [TEST_STEP][PASSED] - addDefaultPackages(): null

21-10-2025T21:50:28 - [TEST_STEP][PASSED] - callTestCase(findTestCase("Utility Scripts/FIM KAG Admin Login"), [:], STOP_ON_FAILURE): Call Test Case 'Test Cases/Utility Scripts/FIM KAG Admin Login' successfully

21-10-2025T21:50:28 - [TEST_CASE][PASSED] - Test Cases/Utility Scripts/FIM KAG Admin Login: Test Cases/Utility Scripts/FIM KAG Admin Login

21-10-2025T21:50:28 - [TEST_STEP][PASSED] - openBrowser(""): Browser is opened with url: ''

21-10-2025T21:50:28 - [MESSAGE][INFO] - Starting 'Chrome' driver

21-10-2025T21:50:28 - [MESSAGE][INFO] - User set preference: ['args', '[--no-sandbox, --disable-gpu, --disable-dev-shm-usage]']

21-10-2025T21:50:28 - [MESSAGE][INFO] - Action delay is set to 0 milliseconds

21-10-2025T21:50:29 - [MESSAGE][PASSED] - Browser is opened with url: ''

21-10-2025T21:50:29 - [TEST_STEP][PASSED] - delay(1): Delayed 1 second(s)

21-10-2025T21:50:30 - [MESSAGE][PASSED] - Delayed 1 second(s)

21-10-2025T21:50:30 - [TEST_STEP][PASSED] - navigateToUrl(KenanRegionURL): Navigate to 'https://kag-inventory-management-portal.qa.thekag.com/region/' successfully

21-10-2025T21:50:31 - [MESSAGE][PASSED] - Navigate to 'https://kag-inventory-management-portal.qa.thekag.com/region/' successfully

21-10-2025T21:50:31 - [TEST_STEP][PASSED] - delay(10): Delayed 10 second(s)

21-10-2025T21:50:41 - [MESSAGE][PASSED] - Delayed 10 second(s)

21-10-2025T21:50:41 - [TEST_STEP][PASSED] - if (maximizeWindow == true): Current window maximized

21-10-2025T21:50:41 - [TEST_STEP][PASSED] - maximizeWindow(STOP_ON_FAILURE): Current window maximized

21-10-2025T21:50:41 - [MESSAGE][PASSED] - Current window maximized

21-10-2025T21:50:41 - [TEST_STEP][PASSED] - waitForElementPresent(findTestObject("FIM/Username_txt"), 10): Object 'Object Repository/FIM/Username_txt' is present

21-10-2025T21:50:41 - [MESSAGE][PASSED] - Object 'Object Repository/FIM/Username_txt' is present

21-10-2025T21:50:41 - [TEST_STEP][PASSED] - setText(findTestObject("FIM/Username_txt"), FIMUsername): Text 'Chris.Sheldon+DES_QA@Thekag.com' is set on object 'Object Repository/FIM/Username_txt'

21-10-2025T21:50:41 - [MESSAGE][PASSED] - Text 'Chris.Sheldon+DES_QA@Thekag.com' is set on object 'Object Repository/FIM/Username_txt'

21-10-2025T21:50:41 - [TEST_STEP][PASSED] - delay(1): Delayed 1 second(s)

21-10-2025T21:50:42 - [MESSAGE][PASSED] - Delayed 1 second(s)

21-10-2025T21:50:42 - [TEST_STEP][PASSED] - setText(findTestObject("FIM/Password_txt"), FIMPassword): Text 'QATest!2' is set on object 'Object Repository/FIM/Password_txt'

21-10-2025T21:50:42 - [MESSAGE][PASSED] - Text 'QATest!2' is set on object 'Object Repository/FIM/Password_txt'

21-10-2025T21:50:42 - [TEST_STEP][PASSED] - delay(1): Delayed 1 second(s)

21-10-2025T21:50:43 - [MESSAGE][PASSED] - Delayed 1 second(s)

21-10-2025T21:50:43 - [TEST_STEP][PASSED] - click(findTestObject("FIM/Login_btn")): Object: 'Object Repository/FIM/Login_btn' is clicked on

21-10-2025T21:50:44 - [MESSAGE][PASSED] - Object: 'Object Repository/FIM/Login_btn' is clicked on

21-10-2025T21:50:44 - [MESSAGE][PASSED] - Call Test Case 'Test Cases/Utility Scripts/FIM KAG Admin Login' successfully

21-10-2025T21:50:44 - [TEST_STEP][PASSED] - if (verifyElementVisible(findTestObject("FIM/Server_Notification_Close_btn"), OPTIONAL) == true): Web element with id: 'Object Repository/FIM/Server_Notification_Close_btn' located by '/html/body/div/div[1]/button' not found (Root cause: com.kms.katalon.core.exception.StepFailedException: Web element with id: 'Object Repository/FIM/Server_Notification_Close_btn' located by '/html/body/div/div[1]/button' not found
	at com.kms.katalon.core.webui.keyword.internal.WebUIKeywordMain.stepFailed(WebUIKeywordMain.groovy:117)
	at com.kms.katalon.core.webui.keyword.builtin.VerifyElementVisibleKeyword$_verifyElementVisible_closure1.doCall(VerifyElementVisibleKeyword.groovy:89)
	at com.kms.katalon.core.webui.keyword.builtin.VerifyElementVisibleKeyword$_verifyElementVisible_closure1.call(VerifyElementVisibleKeyword.groovy)
	at com.kms.katalon.core.webui.keyword.internal.WebUIKeywordMain.runKeyword(WebUIKeywordMain.groovy:35)
	at com.kms.katalon.core.webui.keyword.builtin.VerifyElementVisibleKeyword.verifyElementVisible(VerifyElementVisibleKeyword.groovy:97)
	at com.kms.katalon.core.webui.keyword.builtin.VerifyElementVisibleKeyword.execute(VerifyElementVisibleKeyword.groovy:67)
	at com.kms.katalon.core.keyword.internal.KeywordExecutor.executeKeywordForPlatform(KeywordExecutor.groovy:74)
	at com.kms.katalon.core.webui.keyword.WebUiBuiltInKeywords.verifyElementVisible(WebUiBuiltInKeywords.groovy:401)
	at com.kms.katalon.core.webui.keyword.WebUiBuiltInKeywords$verifyElementVisible$5.call(Unknown Source)
	at Can Not Create Order Greater than Safe Fill.run(Can Not Create Order Greater than Safe Fill:22)
	at com.kms.katalon.core.main.ScriptEngine.run(ScriptEngine.java:194)
	at com.kms.katalon.core.main.ScriptEngine.runScriptAsRawText(ScriptEngine.java:119)
	at com.kms.katalon.core.main.TestCaseExecutor.runScript(TestCaseExecutor.java:448)
	at com.kms.katalon.core.main.TestCaseExecutor.doExecute(TestCaseExecutor.java:439)
	at com.kms.katalon.core.main.TestCaseExecutor.processExecutionPhase(TestCaseExecutor.java:418)
	at com.kms.katalon.core.main.TestCaseExecutor.accessMainPhase(TestCaseExecutor.java:410)
	at com.kms.katalon.core.main.TestCaseExecutor.execute(TestCaseExecutor.java:285)
	at com.kms.katalon.core.common.CommonExecutor.accessTestCaseMainPhase(CommonExecutor.java:65)
	at com.kms.katalon.core.main.TestSuiteExecutor.accessTestSuiteMainPhase(TestSuiteExecutor.java:150)
	at com.kms.katalon.core.main.TestSuiteExecutor.execute(TestSuiteExecutor.java:106)
	at com.kms.katalon.core.main.TestCaseMain.startTestSuite(TestCaseMain.java:180)
	at com.kms.katalon.core.main.TestCaseMain$startTestSuite$0.call(Unknown Source)
	at TempTestSuite1761090815312.run(TempTestSuite1761090815312.groovy:35)
	at java.base/jdk.internal.reflect.NativeMethodAccessorImpl.invoke0(Native Method)
	at java.base/jdk.internal.reflect.NativeMethodAccessorImpl.invoke(NativeMethodAccessorImpl.java:77)
	at java.base/jdk.internal.reflect.DelegatingMethodAccessorImpl.invoke(DelegatingMethodAccessorImpl.java:43)
)

21-10-2025T21:51:00 - [MESSAGE][INFO] - Unable to find the element located by 'By.xpath: /html/body/div/div[1]/button'. Please recheck the objects properties to make sure the desired element is located. 

21-10-2025T21:51:00 - [MESSAGE][WARNING] - [SELF-HEALING] Failed to find element with id 'Object Repository/FIM/Server_Notification_Close_btn'. Try using Self-healing.

21-10-2025T21:51:01 - [MESSAGE][INFO] - [SELF-HEALING] No working XPath is found.

21-10-2025T21:51:03 - [MESSAGE][INFO] - Unable to find the element located by 'By.xpath: '. Please recheck the objects properties to make sure the desired element is located. 

21-10-2025T21:51:03 - [MESSAGE][WARNING] - [SELF-HEALING] Cannot find elements when the selector is null

21-10-2025T21:51:03 - [MESSAGE][WARNING] - Web element with id: 'Object Repository/FIM/Server_Notification_Close_btn' located by '/html/body/div/div[1]/button' not found (Root cause: com.kms.katalon.core.exception.StepFailedException: Web element with id: 'Object Repository/FIM/Server_Notification_Close_btn' located by '/html/body/div/div[1]/button' not found
	at com.kms.katalon.core.webui.keyword.internal.WebUIKeywordMain.stepFailed(WebUIKeywordMain.groovy:117)
	at com.kms.katalon.core.webui.keyword.builtin.VerifyElementVisibleKeyword$_verifyElementVisible_closure1.doCall(VerifyElementVisibleKeyword.groovy:89)
	at com.kms.katalon.core.webui.keyword.builtin.VerifyElementVisibleKeyword$_verifyElementVisible_closure1.call(VerifyElementVisibleKeyword.groovy)
	at com.kms.katalon.core.webui.keyword.internal.WebUIKeywordMain.runKeyword(WebUIKeywordMain.groovy:35)
	at com.kms.katalon.core.webui.keyword.builtin.VerifyElementVisibleKeyword.verifyElementVisible(VerifyElementVisibleKeyword.groovy:97)
	at com.kms.katalon.core.webui.keyword.builtin.VerifyElementVisibleKeyword.execute(VerifyElementVisibleKeyword.groovy:67)
	at com.kms.katalon.core.keyword.internal.KeywordExecutor.executeKeywordForPlatform(KeywordExecutor.groovy:74)
	at com.kms.katalon.core.webui.keyword.WebUiBuiltInKeywords.verifyElementVisible(WebUiBuiltInKeywords.groovy:401)
	at com.kms.katalon.core.webui.keyword.WebUiBuiltInKeywords$verifyElementVisible$5.call(Unknown Source)
	at Can Not Create Order Greater than Safe Fill.run(Can Not Create Order Greater than Safe Fill:22)
	at com.kms.katalon.core.main.ScriptEngine.run(ScriptEngine.java:194)
	at com.kms.katalon.core.main.ScriptEngine.runScriptAsRawText(ScriptEngine.java:119)
	at com.kms.katalon.core.main.TestCaseExecutor.runScript(TestCaseExecutor.java:448)
	at com.kms.katalon.core.main.TestCaseExecutor.doExecute(TestCaseExecutor.java:439)
	at com.kms.katalon.core.main.TestCaseExecutor.processExecutionPhase(TestCaseExecutor.java:418)
	at com.kms.katalon.core.main.TestCaseExecutor.accessMainPhase(TestCaseExecutor.java:410)
	at com.kms.katalon.core.main.TestCaseExecutor.execute(TestCaseExecutor.java:285)
	at com.kms.katalon.core.common.CommonExecutor.accessTestCaseMainPhase(CommonExecutor.java:65)
	at com.kms.katalon.core.main.TestSuiteExecutor.accessTestSuiteMainPhase(TestSuiteExecutor.java:150)
	at com.kms.katalon.core.main.TestSuiteExecutor.execute(TestSuiteExecutor.java:106)
	at com.kms.katalon.core.main.TestCaseMain.startTestSuite(TestCaseMain.java:180)
	at com.kms.katalon.core.main.TestCaseMain$startTestSuite$0.call(Unknown Source)
	at TempTestSuite1761090815312.run(TempTestSuite1761090815312.groovy:35)
	at java.base/jdk.internal.reflect.NativeMethodAccessorImpl.invoke0(Native Method)
	at java.base/jdk.internal.reflect.NativeMethodAccessorImpl.invoke(NativeMethodAccessorImpl.java:77)
	at java.base/jdk.internal.reflect.DelegatingMethodAccessorImpl.invoke(DelegatingMethodAccessorImpl.java:43)
)

21-10-2025T21:51:03 - [TEST_STEP][PASSED] - delay(1): Delayed 1 second(s)

21-10-2025T21:51:04 - [MESSAGE][PASSED] - Delayed 1 second(s)

21-10-2025T21:51:04 - [TEST_STEP][PASSED] - click(findTestObject("FIM/Hamburger Menu List/Hamburger_menu")): Object: 'Object Repository/FIM/Hamburger Menu List/Hamburger_menu' is clicked on

21-10-2025T21:51:04 - [MESSAGE][PASSED] - Object: 'Object Repository/FIM/Hamburger Menu List/Hamburger_menu' is clicked on

21-10-2025T21:51:04 - [TEST_STEP][PASSED] - verifyElementPresent(findTestObject("FIM/Hamburger Menu List/KAG_Sites_option"), 10): Object 'Object Repository/FIM/Hamburger Menu List/KAG_Sites_option' is present

21-10-2025T21:51:04 - [MESSAGE][PASSED] - Object 'Object Repository/FIM/Hamburger Menu List/KAG_Sites_option' is present

21-10-2025T21:51:04 - [TEST_STEP][PASSED] - delay(1): Delayed 1 second(s)

21-10-2025T21:51:05 - [MESSAGE][PASSED] - Delayed 1 second(s)

21-10-2025T21:51:05 - [TEST_STEP][PASSED] - click(findTestObject("FIM/Hamburger Menu List/KAG_Sites_option")): Object: 'Object Repository/FIM/Hamburger Menu List/KAG_Sites_option' is clicked on

21-10-2025T21:51:05 - [MESSAGE][PASSED] - Object: 'Object Repository/FIM/Hamburger Menu List/KAG_Sites_option' is clicked on

21-10-2025T21:51:05 - [TEST_STEP][PASSED] - waitForElementPresent(findTestObject("FIM/Sites Page/Calculator/Calculator Tab"), 10): Object 'Object Repository/FIM/Sites Page/Calculator/Calculator Tab' is present

21-10-2025T21:51:13 - [MESSAGE][PASSED] - Object 'Object Repository/FIM/Sites Page/Calculator/Calculator Tab' is present

21-10-2025T21:51:13 - [TEST_STEP][PASSED] - while (i < 60 == true): null

21-10-2025T21:51:13 - [TEST_STEP][PASSED] - sendKeys(findTestObject("FIM/Sites Page/Site Filtering/Site_txt"), Keys.chord(BACK_SPACE), STOP_ON_FAILURE): Keys 'BACK_SPACE + ' sent to object: 'Object Repository/FIM/Sites Page/Site Filtering/Site_txt'

21-10-2025T21:51:14 - [MESSAGE][PASSED] - Keys 'BACK_SPACE + ' sent to object: 'Object Repository/FIM/Sites Page/Site Filtering/Site_txt'

21-10-2025T21:51:14 - [TEST_STEP][PASSED] - (i++): null

21-10-2025T21:51:14 - [TEST_STEP][PASSED] - sendKeys(findTestObject("FIM/Sites Page/Site Filtering/Site_txt"), Keys.chord(BACK_SPACE), STOP_ON_FAILURE): Keys 'BACK_SPACE + ' sent to object: 'Object Repository/FIM/Sites Page/Site Filtering/Site_txt'

21-10-2025T21:51:14 - [MESSAGE][PASSED] - Keys 'BACK_SPACE + ' sent to object: 'Object Repository/FIM/Sites Page/Site Filtering/Site_txt'

21-10-2025T21:51:14 - [TEST_STEP][PASSED] - (i++): null

21-10-2025T21:51:14 - [TEST_STEP][PASSED] - sendKeys(findTestObject("FIM/Sites Page/Site Filtering/Site_txt"), Keys.chord(BACK_SPACE), STOP_ON_FAILURE): Keys 'BACK_SPACE + ' sent to object: 'Object Repository/FIM/Sites Page/Site Filtering/Site_txt'

21-10-2025T21:51:14 - [MESSAGE][PASSED] - Keys 'BACK_SPACE + ' sent to object: 'Object Repository/FIM/Sites Page/Site Filtering/Site_txt'

21-10-2025T21:51:14 - [TEST_STEP][PASSED] - (i++): null

21-10-2025T21:51:14 - [TEST_STEP][PASSED] - sendKeys(findTestObject("FIM/Sites Page/Site Filtering/Site_txt"), Keys.chord(BACK_SPACE), STOP_ON_FAILURE): Keys 'BACK_SPACE + ' sent to object: 'Object Repository/FIM/Sites Page/Site Filtering/Site_txt'

21-10-2025T21:51:14 - [MESSAGE][PASSED] - Keys 'BACK_SPACE + ' sent to object: 'Object Repository/FIM/Sites Page/Site Filtering/Site_txt'

21-10-2025T21:51:14 - [TEST_STEP][PASSED] - (i++): null

21-10-2025T21:51:14 - [TEST_STEP][PASSED] - sendKeys(findTestObject("FIM/Sites Page/Site Filtering/Site_txt"), Keys.chord(BACK_SPACE), STOP_ON_FAILURE): Keys 'BACK_SPACE + ' sent to object: 'Object Repository/FIM/Sites Page/Site Filtering/Site_txt'

21-10-2025T21:51:14 - [MESSAGE][PASSED] - Keys 'BACK_SPACE + ' sent to object: 'Object Repository/FIM/Sites Page/Site Filtering/Site_txt'

21-10-2025T21:51:14 - [TEST_STEP][PASSED] - (i++): null

21-10-2025T21:51:14 - [TEST_STEP][PASSED] - sendKeys(findTestObject("FIM/Sites Page/Site Filtering/Site_txt"), Keys.chord(BACK_SPACE), STOP_ON_FAILURE): Keys 'BACK_SPACE + ' sent to object: 'Object Repository/FIM/Sites Page/Site Filtering/Site_txt'

21-10-2025T21:51:14 - [MESSAGE][PASSED] - Keys 'BACK_SPACE + ' sent to object: 'Object Repository/FIM/Sites Page/Site Filtering/Site_txt'

21-10-2025T21:51:14 - [TEST_STEP][PASSED] - (i++): null

21-10-2025T21:51:14 - [TEST_STEP][PASSED] - sendKeys(findTestObject("FIM/Sites Page/Site Filtering/Site_txt"), Keys.chord(BACK_SPACE), STOP_ON_FAILURE): Keys 'BACK_SPACE + ' sent to object: 'Object Repository/FIM/Sites Page/Site Filtering/Site_txt'

21-10-2025T21:51:14 - [MESSAGE][PASSED] - Keys 'BACK_SPACE + ' sent to object: 'Object Repository/FIM/Sites Page/Site Filtering/Site_txt'

21-10-2025T21:51:14 - [TEST_STEP][PASSED] - (i++): null

21-10-2025T21:51:14 - [TEST_STEP][PASSED] - sendKeys(findTestObject("FIM/Sites Page/Site Filtering/Site_txt"), Keys.chord(BACK_SPACE), STOP_ON_FAILURE): Keys 'BACK_SPACE + ' sent to object: 'Object Repository/FIM/Sites Page/Site Filtering/Site_txt'

21-10-2025T21:51:14 - [MESSAGE][PASSED] - Keys 'BACK_SPACE + ' sent to object: 'Object Repository/FIM/Sites Page/Site Filtering/Site_txt'

21-10-2025T21:51:14 - [TEST_STEP][PASSED] - (i++): null

21-10-2025T21:51:14 - [TEST_STEP][PASSED] - sendKeys(findTestObject("FIM/Sites Page/Site Filtering/Site_txt"), Keys.chord(BACK_SPACE), STOP_ON_FAILURE): Keys 'BACK_SPACE + ' sent to object: 'Object Repository/FIM/Sites Page/Site Filtering/Site_txt'

21-10-2025T21:51:14 - [MESSAGE][PASSED] - Keys 'BACK_SPACE + ' sent to object: 'Object Repository/FIM/Sites Page/Site Filtering/Site_txt'

21-10-2025T21:51:14 - [TEST_STEP][PASSED] - (i++): null

21-10-2025T21:51:14 - [TEST_STEP][PASSED] - sendKeys(findTestObject("FIM/Sites Page/Site Filtering/Site_txt"), Keys.chord(BACK_SPACE), STOP_ON_FAILURE): Keys 'BACK_SPACE + ' sent to object: 'Object Repository/FIM/Sites Page/Site Filtering/Site_txt'

21-10-2025T21:51:15 - [MESSAGE][PASSED] - Keys 'BACK_SPACE + ' sent to object: 'Object Repository/FIM/Sites Page/Site Filtering/Site_txt'

21-10-2025T21:51:15 - [TEST_STEP][PASSED] - (i++): null

21-10-2025T21:51:15 - [TEST_STEP][PASSED] - sendKeys(findTestObject("FIM/Sites Page/Site Filtering/Site_txt"), Keys.chord(BACK_SPACE), STOP_ON_FAILURE): Keys 'BACK_SPACE + ' sent to object: 'Object Repository/FIM/Sites Page/Site Filtering/Site_txt'

21-10-2025T21:51:15 - [MESSAGE][PASSED] - Keys 'BACK_SPACE + ' sent to object: 'Object Repository/FIM/Sites Page/Site Filtering/Site_txt'

21-10-2025T21:51:15 - [TEST_STEP][PASSED] - (i++): null

21-10-2025T21:51:15 - [TEST_STEP][PASSED] - sendKeys(findTestObject("FIM/Sites Page/Site Filtering/Site_txt"), Keys.chord(BACK_SPACE), STOP_ON_FAILURE): Keys 'BACK_SPACE + ' sent to object: 'Object Repository/FIM/Sites Page/Site Filtering/Site_txt'

21-10-2025T21:51:15 - [MESSAGE][PASSED] - Keys 'BACK_SPACE + ' sent to object: 'Object Repository/FIM/Sites Page/Site Filtering/Site_txt'

21-10-2025T21:51:15 - [TEST_STEP][PASSED] - (i++): null

21-10-2025T21:51:15 - [TEST_STEP][PASSED] - sendKeys(findTestObject("FIM/Sites Page/Site Filtering/Site_txt"), Keys.chord(BACK_SPACE), STOP_ON_FAILURE): Keys 'BACK_SPACE + ' sent to object: 'Object Repository/FIM/Sites Page/Site Filtering/Site_txt'

21-10-2025T21:51:15 - [MESSAGE][PASSED] - Keys 'BACK_SPACE + ' sent to object: 'Object Repository/FIM/Sites Page/Site Filtering/Site_txt'

21-10-2025T21:51:15 - [TEST_STEP][PASSED] - (i++): null

21-10-2025T21:51:15 - [TEST_STEP][PASSED] - sendKeys(findTestObject("FIM/Sites Page/Site Filtering/Site_txt"), Keys.chord(BACK_SPACE), STOP_ON_FAILURE): Keys 'BACK_SPACE + ' sent to object: 'Object Repository/FIM/Sites Page/Site Filtering/Site_txt'

21-10-2025T21:51:15 - [MESSAGE][PASSED] - Keys 'BACK_SPACE + ' sent to object: 'Object Repository/FIM/Sites Page/Site Filtering/Site_txt'

21-10-2025T21:51:15 - [TEST_STEP][PASSED] - (i++): null

21-10-2025T21:51:15 - [TEST_STEP][PASSED] - sendKeys(findTestObject("FIM/Sites Page/Site Filtering/Site_txt"), Keys.chord(BACK_SPACE), STOP_ON_FAILURE): Keys 'BACK_SPACE + ' sent to object: 'Object Repository/FIM/Sites Page/Site Filtering/Site_txt'

21-10-2025T21:51:15 - [MESSAGE][PASSED] - Keys 'BACK_SPACE + ' sent to object: 'Object Repository/FIM/Sites Page/Site Filtering/Site_txt'

21-10-2025T21:51:15 - [TEST_STEP][PASSED] - (i++): null

21-10-2025T21:51:15 - [TEST_STEP][PASSED] - sendKeys(findTestObject("FIM/Sites Page/Site Filtering/Site_txt"), Keys.chord(BACK_SPACE), STOP_ON_FAILURE): Keys 'BACK_SPACE + ' sent to object: 'Object Repository/FIM/Sites Page/Site Filtering/Site_txt'

21-10-2025T21:51:15 - [MESSAGE][PASSED] - Keys 'BACK_SPACE + ' sent to object: 'Object Repository/FIM/Sites Page/Site Filtering/Site_txt'

21-10-2025T21:51:15 - [TEST_STEP][PASSED] - (i++): null

21-10-2025T21:51:15 - [TEST_STEP][PASSED] - sendKeys(findTestObject("FIM/Sites Page/Site Filtering/Site_txt"), Keys.chord(BACK_SPACE), STOP_ON_FAILURE): Keys 'BACK_SPACE + ' sent to object: 'Object Repository/FIM/Sites Page/Site Filtering/Site_txt'

21-10-2025T21:51:15 - [MESSAGE][PASSED] - Keys 'BACK_SPACE + ' sent to object: 'Object Repository/FIM/Sites Page/Site Filtering/Site_txt'

21-10-2025T21:51:15 - [TEST_STEP][PASSED] - (i++): null

21-10-2025T21:51:15 - [TEST_STEP][PASSED] - sendKeys(findTestObject("FIM/Sites Page/Site Filtering/Site_txt"), Keys.chord(BACK_SPACE), STOP_ON_FAILURE): Keys 'BACK_SPACE + ' sent to object: 'Object Repository/FIM/Sites Page/Site Filtering/Site_txt'

21-10-2025T21:51:15 - [MESSAGE][PASSED] - Keys 'BACK_SPACE + ' sent to object: 'Object Repository/FIM/Sites Page/Site Filtering/Site_txt'

21-10-2025T21:51:15 - [TEST_STEP][PASSED] - (i++): null

21-10-2025T21:51:15 - [TEST_STEP][PASSED] - sendKeys(findTestObject("FIM/Sites Page/Site Filtering/Site_txt"), Keys.chord(BACK_SPACE), STOP_ON_FAILURE): Keys 'BACK_SPACE + ' sent to object: 'Object Repository/FIM/Sites Page/Site Filtering/Site_txt'

21-10-2025T21:51:15 - [MESSAGE][PASSED] - Keys 'BACK_SPACE + ' sent to object: 'Object Repository/FIM/Sites Page/Site Filtering/Site_txt'

21-10-2025T21:51:15 - [TEST_STEP][PASSED] - (i++): null

21-10-2025T21:51:15 - [TEST_STEP][PASSED] - sendKeys(findTestObject("FIM/Sites Page/Site Filtering/Site_txt"), Keys.chord(BACK_SPACE), STOP_ON_FAILURE): Keys 'BACK_SPACE + ' sent to object: 'Object Repository/FIM/Sites Page/Site Filtering/Site_txt'

21-10-2025T21:51:15 - [MESSAGE][PASSED] - Keys 'BACK_SPACE + ' sent to object: 'Object Repository/FIM/Sites Page/Site Filtering/Site_txt'

21-10-2025T21:51:15 - [TEST_STEP][PASSED] - (i++): null

21-10-2025T21:51:15 - [TEST_STEP][PASSED] - sendKeys(findTestObject("FIM/Sites Page/Site Filtering/Site_txt"), Keys.chord(BACK_SPACE), STOP_ON_FAILURE): Keys 'BACK_SPACE + ' sent to object: 'Object Repository/FIM/Sites Page/Site Filtering/Site_txt'

21-10-2025T21:51:15 - [MESSAGE][PASSED] - Keys 'BACK_SPACE + ' sent to object: 'Object Repository/FIM/Sites Page/Site Filtering/Site_txt'

21-10-2025T21:51:15 - [TEST_STEP][PASSED] - (i++): null

21-10-2025T21:51:15 - [TEST_STEP][PASSED] - sendKeys(findTestObject("FIM/Sites Page/Site Filtering/Site_txt"), Keys.chord(BACK_SPACE), STOP_ON_FAILURE): Keys 'BACK_SPACE + ' sent to object: 'Object Repository/FIM/Sites Page/Site Filtering/Site_txt'

21-10-2025T21:51:16 - [MESSAGE][PASSED] - Keys 'BACK_SPACE + ' sent to object: 'Object Repository/FIM/Sites Page/Site Filtering/Site_txt'

21-10-2025T21:51:16 - [TEST_STEP][PASSED] - (i++): null

21-10-2025T21:51:16 - [TEST_STEP][PASSED] - sendKeys(findTestObject("FIM/Sites Page/Site Filtering/Site_txt"), Keys.chord(BACK_SPACE), STOP_ON_FAILURE): Keys 'BACK_SPACE + ' sent to object: 'Object Repository/FIM/Sites Page/Site Filtering/Site_txt'

21-10-2025T21:51:16 - [MESSAGE][PASSED] - Keys 'BACK_SPACE + ' sent to object: 'Object Repository/FIM/Sites Page/Site Filtering/Site_txt'

21-10-2025T21:51:16 - [TEST_STEP][PASSED] - (i++): null

21-10-2025T21:51:16 - [TEST_STEP][PASSED] - sendKeys(findTestObject("FIM/Sites Page/Site Filtering/Site_txt"), Keys.chord(BACK_SPACE), STOP_ON_FAILURE): Keys 'BACK_SPACE + ' sent to object: 'Object Repository/FIM/Sites Page/Site Filtering/Site_txt'

21-10-2025T21:51:16 - [MESSAGE][PASSED] - Keys 'BACK_SPACE + ' sent to object: 'Object Repository/FIM/Sites Page/Site Filtering/Site_txt'

21-10-2025T21:51:16 - [TEST_STEP][PASSED] - (i++): null

21-10-2025T21:51:16 - [TEST_STEP][PASSED] - sendKeys(findTestObject("FIM/Sites Page/Site Filtering/Site_txt"), Keys.chord(BACK_SPACE), STOP_ON_FAILURE): Keys 'BACK_SPACE + ' sent to object: 'Object Repository/FIM/Sites Page/Site Filtering/Site_txt'

21-10-2025T21:51:16 - [MESSAGE][PASSED] - Keys 'BACK_SPACE + ' sent to object: 'Object Repository/FIM/Sites Page/Site Filtering/Site_txt'

21-10-2025T21:51:16 - [TEST_STEP][PASSED] - (i++): null

21-10-2025T21:51:16 - [TEST_STEP][PASSED] - sendKeys(findTestObject("FIM/Sites Page/Site Filtering/Site_txt"), Keys.chord(BACK_SPACE), STOP_ON_FAILURE): Keys 'BACK_SPACE + ' sent to object: 'Object Repository/FIM/Sites Page/Site Filtering/Site_txt'

21-10-2025T21:51:16 - [MESSAGE][PASSED] - Keys 'BACK_SPACE + ' sent to object: 'Object Repository/FIM/Sites Page/Site Filtering/Site_txt'

21-10-2025T21:51:16 - [TEST_STEP][PASSED] - (i++): null

21-10-2025T21:51:16 - [TEST_STEP][PASSED] - sendKeys(findTestObject("FIM/Sites Page/Site Filtering/Site_txt"), Keys.chord(BACK_SPACE), STOP_ON_FAILURE): Keys 'BACK_SPACE + ' sent to object: 'Object Repository/FIM/Sites Page/Site Filtering/Site_txt'

21-10-2025T21:51:16 - [MESSAGE][PASSED] - Keys 'BACK_SPACE + ' sent to object: 'Object Repository/FIM/Sites Page/Site Filtering/Site_txt'

21-10-2025T21:51:16 - [TEST_STEP][PASSED] - (i++): null

21-10-2025T21:51:16 - [TEST_STEP][PASSED] - sendKeys(findTestObject("FIM/Sites Page/Site Filtering/Site_txt"), Keys.chord(BACK_SPACE), STOP_ON_FAILURE): Keys 'BACK_SPACE + ' sent to object: 'Object Repository/FIM/Sites Page/Site Filtering/Site_txt'

21-10-2025T21:51:16 - [MESSAGE][PASSED] - Keys 'BACK_SPACE + ' sent to object: 'Object Repository/FIM/Sites Page/Site Filtering/Site_txt'

21-10-2025T21:51:16 - [TEST_STEP][PASSED] - (i++): null

21-10-2025T21:51:16 - [TEST_STEP][PASSED] - sendKeys(findTestObject("FIM/Sites Page/Site Filtering/Site_txt"), Keys.chord(BACK_SPACE), STOP_ON_FAILURE): Keys 'BACK_SPACE + ' sent to object: 'Object Repository/FIM/Sites Page/Site Filtering/Site_txt'

21-10-2025T21:51:16 - [MESSAGE][PASSED] - Keys 'BACK_SPACE + ' sent to object: 'Object Repository/FIM/Sites Page/Site Filtering/Site_txt'

21-10-2025T21:51:16 - [TEST_STEP][PASSED] - (i++): null

21-10-2025T21:51:16 - [TEST_STEP][PASSED] - sendKeys(findTestObject("FIM/Sites Page/Site Filtering/Site_txt"), Keys.chord(BACK_SPACE), STOP_ON_FAILURE): Keys 'BACK_SPACE + ' sent to object: 'Object Repository/FIM/Sites Page/Site Filtering/Site_txt'

21-10-2025T21:51:16 - [MESSAGE][PASSED] - Keys 'BACK_SPACE + ' sent to object: 'Object Repository/FIM/Sites Page/Site Filtering/Site_txt'

21-10-2025T21:51:16 - [TEST_STEP][PASSED] - (i++): null

21-10-2025T21:51:16 - [TEST_STEP][PASSED] - sendKeys(findTestObject("FIM/Sites Page/Site Filtering/Site_txt"), Keys.chord(BACK_SPACE), STOP_ON_FAILURE): Keys 'BACK_SPACE + ' sent to object: 'Object Repository/FIM/Sites Page/Site Filtering/Site_txt'

21-10-2025T21:51:16 - [MESSAGE][PASSED] - Keys 'BACK_SPACE + ' sent to object: 'Object Repository/FIM/Sites Page/Site Filtering/Site_txt'

21-10-2025T21:51:16 - [TEST_STEP][PASSED] - (i++): null

21-10-2025T21:51:16 - [TEST_STEP][PASSED] - sendKeys(findTestObject("FIM/Sites Page/Site Filtering/Site_txt"), Keys.chord(BACK_SPACE), STOP_ON_FAILURE): Keys 'BACK_SPACE + ' sent to object: 'Object Repository/FIM/Sites Page/Site Filtering/Site_txt'

21-10-2025T21:51:16 - [MESSAGE][PASSED] - Keys 'BACK_SPACE + ' sent to object: 'Object Repository/FIM/Sites Page/Site Filtering/Site_txt'

21-10-2025T21:51:16 - [TEST_STEP][PASSED] - (i++): null

21-10-2025T21:51:16 - [TEST_STEP][PASSED] - sendKeys(findTestObject("FIM/Sites Page/Site Filtering/Site_txt"), Keys.chord(BACK_SPACE), STOP_ON_FAILURE): Keys 'BACK_SPACE + ' sent to object: 'Object Repository/FIM/Sites Page/Site Filtering/Site_txt'

21-10-2025T21:51:16 - [MESSAGE][PASSED] - Keys 'BACK_SPACE + ' sent to object: 'Object Repository/FIM/Sites Page/Site Filtering/Site_txt'

21-10-2025T21:51:16 - [TEST_STEP][PASSED] - (i++): null

21-10-2025T21:51:16 - [TEST_STEP][PASSED] - sendKeys(findTestObject("FIM/Sites Page/Site Filtering/Site_txt"), Keys.chord(BACK_SPACE), STOP_ON_FAILURE): Keys 'BACK_SPACE + ' sent to object: 'Object Repository/FIM/Sites Page/Site Filtering/Site_txt'

21-10-2025T21:51:16 - [MESSAGE][PASSED] - Keys 'BACK_SPACE + ' sent to object: 'Object Repository/FIM/Sites Page/Site Filtering/Site_txt'

21-10-2025T21:51:16 - [TEST_STEP][PASSED] - (i++): null

21-10-2025T21:51:16 - [TEST_STEP][PASSED] - sendKeys(findTestObject("FIM/Sites Page/Site Filtering/Site_txt"), Keys.chord(BACK_SPACE), STOP_ON_FAILURE): Keys 'BACK_SPACE + ' sent to object: 'Object Repository/FIM/Sites Page/Site Filtering/Site_txt'

21-10-2025T21:51:17 - [MESSAGE][PASSED] - Keys 'BACK_SPACE + ' sent to object: 'Object Repository/FIM/Sites Page/Site Filtering/Site_txt'

21-10-2025T21:51:17 - [TEST_STEP][PASSED] - (i++): null

21-10-2025T21:51:17 - [TEST_STEP][PASSED] - sendKeys(findTestObject("FIM/Sites Page/Site Filtering/Site_txt"), Keys.chord(BACK_SPACE), STOP_ON_FAILURE): Keys 'BACK_SPACE + ' sent to object: 'Object Repository/FIM/Sites Page/Site Filtering/Site_txt'

21-10-2025T21:51:17 - [MESSAGE][PASSED] - Keys 'BACK_SPACE + ' sent to object: 'Object Repository/FIM/Sites Page/Site Filtering/Site_txt'

21-10-2025T21:51:17 - [TEST_STEP][PASSED] - (i++): null

21-10-2025T21:51:17 - [TEST_STEP][PASSED] - sendKeys(findTestObject("FIM/Sites Page/Site Filtering/Site_txt"), Keys.chord(BACK_SPACE), STOP_ON_FAILURE): Keys 'BACK_SPACE + ' sent to object: 'Object Repository/FIM/Sites Page/Site Filtering/Site_txt'

21-10-2025T21:51:17 - [MESSAGE][PASSED] - Keys 'BACK_SPACE + ' sent to object: 'Object Repository/FIM/Sites Page/Site Filtering/Site_txt'

21-10-2025T21:51:17 - [TEST_STEP][PASSED] - (i++): null

21-10-2025T21:51:17 - [TEST_STEP][PASSED] - sendKeys(findTestObject("FIM/Sites Page/Site Filtering/Site_txt"), Keys.chord(BACK_SPACE), STOP_ON_FAILURE): Keys 'BACK_SPACE + ' sent to object: 'Object Repository/FIM/Sites Page/Site Filtering/Site_txt'

21-10-2025T21:51:17 - [MESSAGE][PASSED] - Keys 'BACK_SPACE + ' sent to object: 'Object Repository/FIM/Sites Page/Site Filtering/Site_txt'

21-10-2025T21:51:17 - [TEST_STEP][PASSED] - (i++): null

21-10-2025T21:51:17 - [TEST_STEP][PASSED] - sendKeys(findTestObject("FIM/Sites Page/Site Filtering/Site_txt"), Keys.chord(BACK_SPACE), STOP_ON_FAILURE): Keys 'BACK_SPACE + ' sent to object: 'Object Repository/FIM/Sites Page/Site Filtering/Site_txt'

21-10-2025T21:51:17 - [MESSAGE][PASSED] - Keys 'BACK_SPACE + ' sent to object: 'Object Repository/FIM/Sites Page/Site Filtering/Site_txt'

21-10-2025T21:51:17 - [TEST_STEP][PASSED] - (i++): null

21-10-2025T21:51:17 - [TEST_STEP][PASSED] - sendKeys(findTestObject("FIM/Sites Page/Site Filtering/Site_txt"), Keys.chord(BACK_SPACE), STOP_ON_FAILURE): Keys 'BACK_SPACE + ' sent to object: 'Object Repository/FIM/Sites Page/Site Filtering/Site_txt'

21-10-2025T21:51:17 - [MESSAGE][PASSED] - Keys 'BACK_SPACE + ' sent to object: 'Object Repository/FIM/Sites Page/Site Filtering/Site_txt'

21-10-2025T21:51:17 - [TEST_STEP][PASSED] - (i++): null

21-10-2025T21:51:17 - [TEST_STEP][PASSED] - sendKeys(findTestObject("FIM/Sites Page/Site Filtering/Site_txt"), Keys.chord(BACK_SPACE), STOP_ON_FAILURE): Keys 'BACK_SPACE + ' sent to object: 'Object Repository/FIM/Sites Page/Site Filtering/Site_txt'

21-10-2025T21:51:17 - [MESSAGE][PASSED] - Keys 'BACK_SPACE + ' sent to object: 'Object Repository/FIM/Sites Page/Site Filtering/Site_txt'

21-10-2025T21:51:17 - [TEST_STEP][PASSED] - (i++): null

21-10-2025T21:51:17 - [TEST_STEP][PASSED] - sendKeys(findTestObject("FIM/Sites Page/Site Filtering/Site_txt"), Keys.chord(BACK_SPACE), STOP_ON_FAILURE): Keys 'BACK_SPACE + ' sent to object: 'Object Repository/FIM/Sites Page/Site Filtering/Site_txt'

21-10-2025T21:51:17 - [MESSAGE][PASSED] - Keys 'BACK_SPACE + ' sent to object: 'Object Repository/FIM/Sites Page/Site Filtering/Site_txt'

21-10-2025T21:51:17 - [TEST_STEP][PASSED] - (i++): null

21-10-2025T21:51:17 - [TEST_STEP][PASSED] - sendKeys(findTestObject("FIM/Sites Page/Site Filtering/Site_txt"), Keys.chord(BACK_SPACE), STOP_ON_FAILURE): Keys 'BACK_SPACE + ' sent to object: 'Object Repository/FIM/Sites Page/Site Filtering/Site_txt'

21-10-2025T21:51:17 - [MESSAGE][PASSED] - Keys 'BACK_SPACE + ' sent to object: 'Object Repository/FIM/Sites Page/Site Filtering/Site_txt'

21-10-2025T21:51:17 - [TEST_STEP][PASSED] - (i++): null

21-10-2025T21:51:17 - [TEST_STEP][PASSED] - sendKeys(findTestObject("FIM/Sites Page/Site Filtering/Site_txt"), Keys.chord(BACK_SPACE), STOP_ON_FAILURE): Keys 'BACK_SPACE + ' sent to object: 'Object Repository/FIM/Sites Page/Site Filtering/Site_txt'

21-10-2025T21:51:17 - [MESSAGE][PASSED] - Keys 'BACK_SPACE + ' sent to object: 'Object Repository/FIM/Sites Page/Site Filtering/Site_txt'

21-10-2025T21:51:17 - [TEST_STEP][PASSED] - (i++): null

21-10-2025T21:51:17 - [TEST_STEP][PASSED] - sendKeys(findTestObject("FIM/Sites Page/Site Filtering/Site_txt"), Keys.chord(BACK_SPACE), STOP_ON_FAILURE): Keys 'BACK_SPACE + ' sent to object: 'Object Repository/FIM/Sites Page/Site Filtering/Site_txt'

21-10-2025T21:51:17 - [MESSAGE][PASSED] - Keys 'BACK_SPACE + ' sent to object: 'Object Repository/FIM/Sites Page/Site Filtering/Site_txt'

21-10-2025T21:51:17 - [TEST_STEP][PASSED] - (i++): null

21-10-2025T21:51:17 - [TEST_STEP][PASSED] - sendKeys(findTestObject("FIM/Sites Page/Site Filtering/Site_txt"), Keys.chord(BACK_SPACE), STOP_ON_FAILURE): Keys 'BACK_SPACE + ' sent to object: 'Object Repository/FIM/Sites Page/Site Filtering/Site_txt'

21-10-2025T21:51:17 - [MESSAGE][PASSED] - Keys 'BACK_SPACE + ' sent to object: 'Object Repository/FIM/Sites Page/Site Filtering/Site_txt'

21-10-2025T21:51:17 - [TEST_STEP][PASSED] - (i++): null

21-10-2025T21:51:17 - [TEST_STEP][PASSED] - sendKeys(findTestObject("FIM/Sites Page/Site Filtering/Site_txt"), Keys.chord(BACK_SPACE), STOP_ON_FAILURE): Keys 'BACK_SPACE + ' sent to object: 'Object Repository/FIM/Sites Page/Site Filtering/Site_txt'

21-10-2025T21:51:18 - [MESSAGE][PASSED] - Keys 'BACK_SPACE + ' sent to object: 'Object Repository/FIM/Sites Page/Site Filtering/Site_txt'

21-10-2025T21:51:18 - [TEST_STEP][PASSED] - (i++): null

21-10-2025T21:51:18 - [TEST_STEP][PASSED] - sendKeys(findTestObject("FIM/Sites Page/Site Filtering/Site_txt"), Keys.chord(BACK_SPACE), STOP_ON_FAILURE): Keys 'BACK_SPACE + ' sent to object: 'Object Repository/FIM/Sites Page/Site Filtering/Site_txt'

21-10-2025T21:51:18 - [MESSAGE][PASSED] - Keys 'BACK_SPACE + ' sent to object: 'Object Repository/FIM/Sites Page/Site Filtering/Site_txt'

21-10-2025T21:51:18 - [TEST_STEP][PASSED] - (i++): null

21-10-2025T21:51:18 - [TEST_STEP][PASSED] - sendKeys(findTestObject("FIM/Sites Page/Site Filtering/Site_txt"), Keys.chord(BACK_SPACE), STOP_ON_FAILURE): Keys 'BACK_SPACE + ' sent to object: 'Object Repository/FIM/Sites Page/Site Filtering/Site_txt'

21-10-2025T21:51:18 - [MESSAGE][PASSED] - Keys 'BACK_SPACE + ' sent to object: 'Object Repository/FIM/Sites Page/Site Filtering/Site_txt'

21-10-2025T21:51:18 - [TEST_STEP][PASSED] - (i++): null

21-10-2025T21:51:18 - [TEST_STEP][PASSED] - sendKeys(findTestObject("FIM/Sites Page/Site Filtering/Site_txt"), Keys.chord(BACK_SPACE), STOP_ON_FAILURE): Keys 'BACK_SPACE + ' sent to object: 'Object Repository/FIM/Sites Page/Site Filtering/Site_txt'

21-10-2025T21:51:18 - [MESSAGE][PASSED] - Keys 'BACK_SPACE + ' sent to object: 'Object Repository/FIM/Sites Page/Site Filtering/Site_txt'

21-10-2025T21:51:18 - [TEST_STEP][PASSED] - (i++): null

21-10-2025T21:51:18 - [TEST_STEP][PASSED] - sendKeys(findTestObject("FIM/Sites Page/Site Filtering/Site_txt"), Keys.chord(BACK_SPACE), STOP_ON_FAILURE): Keys 'BACK_SPACE + ' sent to object: 'Object Repository/FIM/Sites Page/Site Filtering/Site_txt'

21-10-2025T21:51:18 - [MESSAGE][PASSED] - Keys 'BACK_SPACE + ' sent to object: 'Object Repository/FIM/Sites Page/Site Filtering/Site_txt'

21-10-2025T21:51:18 - [TEST_STEP][PASSED] - (i++): null

21-10-2025T21:51:18 - [TEST_STEP][PASSED] - sendKeys(findTestObject("FIM/Sites Page/Site Filtering/Site_txt"), Keys.chord(BACK_SPACE), STOP_ON_FAILURE): Keys 'BACK_SPACE + ' sent to object: 'Object Repository/FIM/Sites Page/Site Filtering/Site_txt'

21-10-2025T21:51:19 - [MESSAGE][PASSED] - Keys 'BACK_SPACE + ' sent to object: 'Object Repository/FIM/Sites Page/Site Filtering/Site_txt'

21-10-2025T21:51:19 - [TEST_STEP][PASSED] - (i++): null

21-10-2025T21:51:19 - [TEST_STEP][PASSED] - sendKeys(findTestObject("FIM/Sites Page/Site Filtering/Site_txt"), Keys.chord(BACK_SPACE), STOP_ON_FAILURE): Keys 'BACK_SPACE + ' sent to object: 'Object Repository/FIM/Sites Page/Site Filtering/Site_txt'

21-10-2025T21:51:19 - [MESSAGE][PASSED] - Keys 'BACK_SPACE + ' sent to object: 'Object Repository/FIM/Sites Page/Site Filtering/Site_txt'

21-10-2025T21:51:19 - [TEST_STEP][PASSED] - (i++): null

21-10-2025T21:51:19 - [TEST_STEP][PASSED] - sendKeys(findTestObject("FIM/Sites Page/Site Filtering/Site_txt"), Keys.chord(BACK_SPACE), STOP_ON_FAILURE): Keys 'BACK_SPACE + ' sent to object: 'Object Repository/FIM/Sites Page/Site Filtering/Site_txt'

21-10-2025T21:51:19 - [MESSAGE][PASSED] - Keys 'BACK_SPACE + ' sent to object: 'Object Repository/FIM/Sites Page/Site Filtering/Site_txt'

21-10-2025T21:51:19 - [TEST_STEP][PASSED] - (i++): null

21-10-2025T21:51:19 - [TEST_STEP][PASSED] - sendKeys(findTestObject("FIM/Sites Page/Site Filtering/Site_txt"), Keys.chord(BACK_SPACE), STOP_ON_FAILURE): Keys 'BACK_SPACE + ' sent to object: 'Object Repository/FIM/Sites Page/Site Filtering/Site_txt'

21-10-2025T21:51:19 - [MESSAGE][PASSED] - Keys 'BACK_SPACE + ' sent to object: 'Object Repository/FIM/Sites Page/Site Filtering/Site_txt'

21-10-2025T21:51:19 - [TEST_STEP][PASSED] - (i++): null

21-10-2025T21:51:19 - [TEST_STEP][PASSED] - sendKeys(findTestObject("FIM/Sites Page/Site Filtering/Site_txt"), Keys.chord(BACK_SPACE), STOP_ON_FAILURE): Keys 'BACK_SPACE + ' sent to object: 'Object Repository/FIM/Sites Page/Site Filtering/Site_txt'

21-10-2025T21:51:19 - [MESSAGE][PASSED] - Keys 'BACK_SPACE + ' sent to object: 'Object Repository/FIM/Sites Page/Site Filtering/Site_txt'

21-10-2025T21:51:19 - [TEST_STEP][PASSED] - (i++): null

21-10-2025T21:51:19 - [TEST_STEP][PASSED] - sendKeys(findTestObject("FIM/Sites Page/Site Filtering/Site_txt"), Keys.chord(BACK_SPACE), STOP_ON_FAILURE): Keys 'BACK_SPACE + ' sent to object: 'Object Repository/FIM/Sites Page/Site Filtering/Site_txt'

21-10-2025T21:51:19 - [MESSAGE][PASSED] - Keys 'BACK_SPACE + ' sent to object: 'Object Repository/FIM/Sites Page/Site Filtering/Site_txt'

21-10-2025T21:51:19 - [TEST_STEP][PASSED] - (i++): null

21-10-2025T21:51:19 - [TEST_STEP][PASSED] - sendKeys(findTestObject("FIM/Sites Page/Site Filtering/Site_txt"), Keys.chord(BACK_SPACE), STOP_ON_FAILURE): Keys 'BACK_SPACE + ' sent to object: 'Object Repository/FIM/Sites Page/Site Filtering/Site_txt'

21-10-2025T21:51:19 - [MESSAGE][PASSED] - Keys 'BACK_SPACE + ' sent to object: 'Object Repository/FIM/Sites Page/Site Filtering/Site_txt'

21-10-2025T21:51:19 - [TEST_STEP][PASSED] - (i++): null

21-10-2025T21:51:19 - [TEST_STEP][PASSED] - sendKeys(findTestObject("FIM/Sites Page/Site Filtering/Site_txt"), Keys.chord(BACK_SPACE), STOP_ON_FAILURE): Keys 'BACK_SPACE + ' sent to object: 'Object Repository/FIM/Sites Page/Site Filtering/Site_txt'

21-10-2025T21:51:19 - [MESSAGE][PASSED] - Keys 'BACK_SPACE + ' sent to object: 'Object Repository/FIM/Sites Page/Site Filtering/Site_txt'

21-10-2025T21:51:19 - [TEST_STEP][PASSED] - (i++): null

21-10-2025T21:51:19 - [TEST_STEP][PASSED] - sendKeys(findTestObject("FIM/Sites Page/Site Filtering/Site_txt"), Keys.chord(BACK_SPACE), STOP_ON_FAILURE): Keys 'BACK_SPACE + ' sent to object: 'Object Repository/FIM/Sites Page/Site Filtering/Site_txt'

21-10-2025T21:51:20 - [MESSAGE][PASSED] - Keys 'BACK_SPACE + ' sent to object: 'Object Repository/FIM/Sites Page/Site Filtering/Site_txt'

21-10-2025T21:51:20 - [TEST_STEP][PASSED] - (i++): null

21-10-2025T21:51:20 - [TEST_STEP][PASSED] - sendKeys(findTestObject("FIM/Sites Page/Site Filtering/Site_txt"), "AFM65", STOP_ON_FAILURE): Keys 'AFM65' sent to object: 'Object Repository/FIM/Sites Page/Site Filtering/Site_txt'

21-10-2025T21:51:20 - [MESSAGE][PASSED] - Keys 'AFM65' sent to object: 'Object Repository/FIM/Sites Page/Site Filtering/Site_txt'

21-10-2025T21:51:20 - [TEST_STEP][PASSED] - sendKeys(findTestObject("FIM/Sites Page/Site Filtering/Site_txt"), Keys.chord(ENTER), STOP_ON_FAILURE): Keys 'ENTER + ' sent to object: 'Object Repository/FIM/Sites Page/Site Filtering/Site_txt'

21-10-2025T21:51:21 - [MESSAGE][PASSED] - Keys 'ENTER + ' sent to object: 'Object Repository/FIM/Sites Page/Site Filtering/Site_txt'

21-10-2025T21:51:21 - [TEST_STEP][PASSED] - waitForElementClickable(findTestObject("FIM/Sites Page/Orders/Create Order/CreateOrder_btn"), 300, CONTINUE_ON_FAILURE): Object 'Object Repository/FIM/Sites Page/Orders/Create Order/CreateOrder_btn' is clickable

21-10-2025T21:51:27 - [MESSAGE][PASSED] - Object 'Object Repository/FIM/Sites Page/Orders/Create Order/CreateOrder_btn' is clickable

21-10-2025T21:51:27 - [TEST_STEP][PASSED] - click(findTestObject("FIM/Sites Page/Orders/Create Order/CreateOrder_btn")): Object: 'Object Repository/FIM/Sites Page/Orders/Create Order/CreateOrder_btn' is clicked on

21-10-2025T21:51:28 - [MESSAGE][PASSED] - Object: 'Object Repository/FIM/Sites Page/Orders/Create Order/CreateOrder_btn' is clicked on

21-10-2025T21:51:28 - [TEST_STEP][PASSED] - clearText(findTestObject("FIM/Sites Page/Orders/Create Order/Tank_1_10UNL_txt")): Text of object 'Object Repository/FIM/Sites Page/Orders/Create Order/Tank_1_10UNL_txt' is cleared

21-10-2025T21:51:28 - [MESSAGE][PASSED] - Text of object 'Object Repository/FIM/Sites Page/Orders/Create Order/Tank_1_10UNL_txt' is cleared

21-10-2025T21:51:28 - [TEST_STEP][PASSED] - sendKeys(findTestObject("FIM/Sites Page/Orders/Create Order/Tank_1_10UNL_txt"), "10891"): Keys '10891' sent to object: 'Object Repository/FIM/Sites Page/Orders/Create Order/Tank_1_10UNL_txt'

21-10-2025T21:51:28 - [MESSAGE][PASSED] - Keys '10891' sent to object: 'Object Repository/FIM/Sites Page/Orders/Create Order/Tank_1_10UNL_txt'

21-10-2025T21:51:28 - [TEST_STEP][PASSED] - click(findTestObject("FIM/Sites Page/Orders/Save_btn")): Object: 'Object Repository/FIM/Sites Page/Orders/Save_btn' is clicked on

21-10-2025T21:51:28 - [MESSAGE][PASSED] - Object: 'Object Repository/FIM/Sites Page/Orders/Save_btn' is clicked on

21-10-2025T21:51:28 - [TEST_STEP][PASSED] - waitForElementPresent(findTestObject("FIM/Sites Page/Orders/Create Order/More Than Safe Fill and Physical Size Error Message"), 10): Object 'Object Repository/FIM/Sites Page/Orders/Create Order/More Than Safe Fill and Physical Size Error Message' is present

21-10-2025T21:51:28 - [MESSAGE][PASSED] - Object 'Object Repository/FIM/Sites Page/Orders/Create Order/More Than Safe Fill and Physical Size Error Message' is present

21-10-2025T21:51:28 - [TEST_STEP][PASSED] - verifyElementText(findTestObject("FIM/Sites Page/Orders/Create Order/More Than Safe Fill and Physical Size Error Message"), "Unable to save order due to order errors."): Actual text and expected text of test object 'Object Repository/FIM/Sites Page/Orders/Create Order/More Than Safe Fill and Physical Size Error Message' are matched.

21-10-2025T21:51:28 - [MESSAGE][PASSED] - Actual text and expected text of test object 'Object Repository/FIM/Sites Page/Orders/Create Order/More Than Safe Fill and Physical Size Error Message' are matched.

21-10-2025T21:51:28 - [TEST_STEP][PASSED] - closeBrowser(): Browser is closed

21-10-2025T21:51:28 - [MESSAGE][PASSED] - Browser is closed

21-10-2025T21:51:28 - [TEST_STEP][PASSED] - Start listener action : retryOnDisconnect: null

21-10-2025T21:51:28 - [TEST_STEP][PASSED] - tcId = testCaseContext.getTestCaseId(): null

21-10-2025T21:51:28 - [TEST_STEP][PASSED] - currentRetry = retryCounts.getOrDefault(tcId, 0): null

21-10-2025T21:51:28 - [TEST_STEP][PASSED] - if (testCaseContext.getTestCaseStatus() == "FAILED" && currentRetry < MAX_RETRIES): null]]></system-out>
         <system-err><![CDATA[]]></system-err>
      </testcase>
      <testcase name="Test Cases/FIM/UI/Kenan/Admin/Sites Page/Orders/Can Not Create Order With Negative Gallons" time="26.996" classname="Test Cases/FIM/UI/Kenan/Admin/Sites Page/Orders/Can Not Create Order With Negative Gallons" status="PASSED">
         <system-out><![CDATA[21-10-2025T21:51:28 - [TEST_CASE][PASSED] - Test Cases/FIM/UI/Kenan/Admin/Sites Page/Orders/Can Not Create Order With Negative Gallons: Test Cases/FIM/UI/Kenan/Admin/Sites Page/Orders/Can Not Create Order With Negative Gallons

21-10-2025T21:51:28 - [TEST_STEP][PASSED] - Start listener action : beforeTestCase: null

21-10-2025T21:51:28 - [TEST_STEP][PASSED] - addDefaultPackages(): null

21-10-2025T21:51:28 - [TEST_STEP][PASSED] - openBrowser(""): Browser is opened with url: ''

21-10-2025T21:51:28 - [MESSAGE][INFO] - Starting 'Chrome' driver

21-10-2025T21:51:28 - [MESSAGE][INFO] - User set preference: ['args', '[--no-sandbox, --disable-gpu, --disable-dev-shm-usage]']

21-10-2025T21:51:28 - [MESSAGE][INFO] - Action delay is set to 0 milliseconds

21-10-2025T21:51:29 - [MESSAGE][PASSED] - Browser is opened with url: ''

21-10-2025T21:51:29 - [TEST_STEP][PASSED] - navigateToUrl(TURK104SitesURL): Navigate to 'https://kag-inventory-management-portal.qa.thekag.com/site/TURK104?cg=-1&r=-1&i=i' successfully

21-10-2025T21:51:30 - [MESSAGE][PASSED] - Navigate to 'https://kag-inventory-management-portal.qa.thekag.com/site/TURK104?cg=-1&r=-1&i=i' successfully

21-10-2025T21:51:30 - [TEST_STEP][PASSED] - maximizeWindow(): Current window maximized

21-10-2025T21:51:30 - [MESSAGE][PASSED] - Current window maximized

21-10-2025T21:51:30 - [TEST_STEP][PASSED] - setText(findTestObject("FIM/Username_txt"), "Chris.Sheldon+DES_QA@Thekag.com"): Text 'Chris.Sheldon+DES_QA@Thekag.com' is set on object 'Object Repository/FIM/Username_txt'

21-10-2025T21:51:30 - [MESSAGE][PASSED] - Text 'Chris.Sheldon+DES_QA@Thekag.com' is set on object 'Object Repository/FIM/Username_txt'

21-10-2025T21:51:30 - [TEST_STEP][PASSED] - setText(findTestObject("FIM/Password_txt"), "QATest!2"): Text 'QATest!2' is set on object 'Object Repository/FIM/Password_txt'

21-10-2025T21:51:30 - [MESSAGE][PASSED] - Text 'QATest!2' is set on object 'Object Repository/FIM/Password_txt'

21-10-2025T21:51:30 - [TEST_STEP][PASSED] - click(findTestObject("FIM/Login_btn")): Object: 'Object Repository/FIM/Login_btn' is clicked on

21-10-2025T21:51:30 - [MESSAGE][PASSED] - Object: 'Object Repository/FIM/Login_btn' is clicked on

21-10-2025T21:51:30 - [TEST_STEP][PASSED] - if (verifyElementVisible(findTestObject("FIM/Server_Notification_Close_btn"), OPTIONAL) == true): Web element with id: 'Object Repository/FIM/Server_Notification_Close_btn' located by '/html/body/div/div[1]/button' not found (Root cause: com.kms.katalon.core.exception.StepFailedException: Web element with id: 'Object Repository/FIM/Server_Notification_Close_btn' located by '/html/body/div/div[1]/button' not found
	at com.kms.katalon.core.webui.keyword.internal.WebUIKeywordMain.stepFailed(WebUIKeywordMain.groovy:117)
	at com.kms.katalon.core.webui.keyword.builtin.VerifyElementVisibleKeyword$_verifyElementVisible_closure1.doCall(VerifyElementVisibleKeyword.groovy:89)
	at com.kms.katalon.core.webui.keyword.builtin.VerifyElementVisibleKeyword$_verifyElementVisible_closure1.call(VerifyElementVisibleKeyword.groovy)
	at com.kms.katalon.core.webui.keyword.internal.WebUIKeywordMain.runKeyword(WebUIKeywordMain.groovy:35)
	at com.kms.katalon.core.webui.keyword.builtin.VerifyElementVisibleKeyword.verifyElementVisible(VerifyElementVisibleKeyword.groovy:97)
	at com.kms.katalon.core.webui.keyword.builtin.VerifyElementVisibleKeyword.execute(VerifyElementVisibleKeyword.groovy:67)
	at com.kms.katalon.core.keyword.internal.KeywordExecutor.executeKeywordForPlatform(KeywordExecutor.groovy:74)
	at com.kms.katalon.core.webui.keyword.WebUiBuiltInKeywords.verifyElementVisible(WebUiBuiltInKeywords.groovy:401)
	at com.kms.katalon.core.webui.keyword.WebUiBuiltInKeywords$verifyElementVisible$5.call(Unknown Source)
	at Can Not Create Order With Negative Gallons.run(Can Not Create Order With Negative Gallons:32)
	at com.kms.katalon.core.main.ScriptEngine.run(ScriptEngine.java:194)
	at com.kms.katalon.core.main.ScriptEngine.runScriptAsRawText(ScriptEngine.java:119)
	at com.kms.katalon.core.main.TestCaseExecutor.runScript(TestCaseExecutor.java:448)
	at com.kms.katalon.core.main.TestCaseExecutor.doExecute(TestCaseExecutor.java:439)
	at com.kms.katalon.core.main.TestCaseExecutor.processExecutionPhase(TestCaseExecutor.java:418)
	at com.kms.katalon.core.main.TestCaseExecutor.accessMainPhase(TestCaseExecutor.java:410)
	at com.kms.katalon.core.main.TestCaseExecutor.execute(TestCaseExecutor.java:285)
	at com.kms.katalon.core.common.CommonExecutor.accessTestCaseMainPhase(CommonExecutor.java:65)
	at com.kms.katalon.core.main.TestSuiteExecutor.accessTestSuiteMainPhase(TestSuiteExecutor.java:150)
	at com.kms.katalon.core.main.TestSuiteExecutor.execute(TestSuiteExecutor.java:106)
	at com.kms.katalon.core.main.TestCaseMain.startTestSuite(TestCaseMain.java:180)
	at com.kms.katalon.core.main.TestCaseMain$startTestSuite$0.call(Unknown Source)
	at TempTestSuite1761090815312.run(TempTestSuite1761090815312.groovy:35)
	at java.base/jdk.internal.reflect.NativeMethodAccessorImpl.invoke0(Native Method)
	at java.base/jdk.internal.reflect.NativeMethodAccessorImpl.invoke(NativeMethodAccessorImpl.java:77)
	at java.base/jdk.internal.reflect.DelegatingMethodAccessorImpl.invoke(DelegatingMethodAccessorImpl.java:43)
)

21-10-2025T21:51:46 - [MESSAGE][INFO] - Unable to find the element located by 'By.xpath: /html/body/div/div[1]/button'. Please recheck the objects properties to make sure the desired element is located. 

21-10-2025T21:51:46 - [MESSAGE][WARNING] - [SELF-HEALING] Failed to find element with id 'Object Repository/FIM/Server_Notification_Close_btn'. Try using Self-healing.

21-10-2025T21:51:47 - [MESSAGE][INFO] - [SELF-HEALING] No working XPath is found.

21-10-2025T21:51:49 - [MESSAGE][INFO] - Unable to find the element located by 'By.xpath: '. Please recheck the objects properties to make sure the desired element is located. 

21-10-2025T21:51:49 - [MESSAGE][WARNING] - [SELF-HEALING] Cannot find elements when the selector is null

21-10-2025T21:51:49 - [MESSAGE][WARNING] - Web element with id: 'Object Repository/FIM/Server_Notification_Close_btn' located by '/html/body/div/div[1]/button' not found (Root cause: com.kms.katalon.core.exception.StepFailedException: Web element with id: 'Object Repository/FIM/Server_Notification_Close_btn' located by '/html/body/div/div[1]/button' not found
	at com.kms.katalon.core.webui.keyword.internal.WebUIKeywordMain.stepFailed(WebUIKeywordMain.groovy:117)
	at com.kms.katalon.core.webui.keyword.builtin.VerifyElementVisibleKeyword$_verifyElementVisible_closure1.doCall(VerifyElementVisibleKeyword.groovy:89)
	at com.kms.katalon.core.webui.keyword.builtin.VerifyElementVisibleKeyword$_verifyElementVisible_closure1.call(VerifyElementVisibleKeyword.groovy)
	at com.kms.katalon.core.webui.keyword.internal.WebUIKeywordMain.runKeyword(WebUIKeywordMain.groovy:35)
	at com.kms.katalon.core.webui.keyword.builtin.VerifyElementVisibleKeyword.verifyElementVisible(VerifyElementVisibleKeyword.groovy:97)
	at com.kms.katalon.core.webui.keyword.builtin.VerifyElementVisibleKeyword.execute(VerifyElementVisibleKeyword.groovy:67)
	at com.kms.katalon.core.keyword.internal.KeywordExecutor.executeKeywordForPlatform(KeywordExecutor.groovy:74)
	at com.kms.katalon.core.webui.keyword.WebUiBuiltInKeywords.verifyElementVisible(WebUiBuiltInKeywords.groovy:401)
	at com.kms.katalon.core.webui.keyword.WebUiBuiltInKeywords$verifyElementVisible$5.call(Unknown Source)
	at Can Not Create Order With Negative Gallons.run(Can Not Create Order With Negative Gallons:32)
	at com.kms.katalon.core.main.ScriptEngine.run(ScriptEngine.java:194)
	at com.kms.katalon.core.main.ScriptEngine.runScriptAsRawText(ScriptEngine.java:119)
	at com.kms.katalon.core.main.TestCaseExecutor.runScript(TestCaseExecutor.java:448)
	at com.kms.katalon.core.main.TestCaseExecutor.doExecute(TestCaseExecutor.java:439)
	at com.kms.katalon.core.main.TestCaseExecutor.processExecutionPhase(TestCaseExecutor.java:418)
	at com.kms.katalon.core.main.TestCaseExecutor.accessMainPhase(TestCaseExecutor.java:410)
	at com.kms.katalon.core.main.TestCaseExecutor.execute(TestCaseExecutor.java:285)
	at com.kms.katalon.core.common.CommonExecutor.accessTestCaseMainPhase(CommonExecutor.java:65)
	at com.kms.katalon.core.main.TestSuiteExecutor.accessTestSuiteMainPhase(TestSuiteExecutor.java:150)
	at com.kms.katalon.core.main.TestSuiteExecutor.execute(TestSuiteExecutor.java:106)
	at com.kms.katalon.core.main.TestCaseMain.startTestSuite(TestCaseMain.java:180)
	at com.kms.katalon.core.main.TestCaseMain$startTestSuite$0.call(Unknown Source)
	at TempTestSuite1761090815312.run(TempTestSuite1761090815312.groovy:35)
	at java.base/jdk.internal.reflect.NativeMethodAccessorImpl.invoke0(Native Method)
	at java.base/jdk.internal.reflect.NativeMethodAccessorImpl.invoke(NativeMethodAccessorImpl.java:77)
	at java.base/jdk.internal.reflect.DelegatingMethodAccessorImpl.invoke(DelegatingMethodAccessorImpl.java:43)
)

21-10-2025T21:51:49 - [TEST_STEP][PASSED] - delay(1): Delayed 1 second(s)

21-10-2025T21:51:50 - [MESSAGE][PASSED] - Delayed 1 second(s)

21-10-2025T21:51:50 - [TEST_STEP][PASSED] - waitForElementClickable(findTestObject("FIM/Sites Page/Orders/Create Order/CreateOrder_btn"), 300, CONTINUE_ON_FAILURE): Object 'Object Repository/FIM/Sites Page/Orders/Create Order/CreateOrder_btn' is clickable

21-10-2025T21:51:50 - [MESSAGE][PASSED] - Object 'Object Repository/FIM/Sites Page/Orders/Create Order/CreateOrder_btn' is clickable

21-10-2025T21:51:50 - [TEST_STEP][PASSED] - click(findTestObject("FIM/Sites Page/Orders/Create Order/CreateOrder_btn")): Object: 'Object Repository/FIM/Sites Page/Orders/Create Order/CreateOrder_btn' is clicked on

21-10-2025T21:51:51 - [MESSAGE][PASSED] - Object: 'Object Repository/FIM/Sites Page/Orders/Create Order/CreateOrder_btn' is clicked on

21-10-2025T21:51:51 - [TEST_STEP][PASSED] - clearText(findTestObject("FIM/Sites Page/Orders/Create Order/Tank_1_10UNL_txt")): Text of object 'Object Repository/FIM/Sites Page/Orders/Create Order/Tank_1_10UNL_txt' is cleared

21-10-2025T21:51:51 - [MESSAGE][PASSED] - Text of object 'Object Repository/FIM/Sites Page/Orders/Create Order/Tank_1_10UNL_txt' is cleared

21-10-2025T21:51:51 - [TEST_STEP][PASSED] - sendKeys(findTestObject("FIM/Sites Page/Orders/Create Order/Tank_1_10UNL_txt"), "-5600"): Keys '-5600' sent to object: 'Object Repository/FIM/Sites Page/Orders/Create Order/Tank_1_10UNL_txt'

21-10-2025T21:51:51 - [MESSAGE][PASSED] - Keys '-5600' sent to object: 'Object Repository/FIM/Sites Page/Orders/Create Order/Tank_1_10UNL_txt'

21-10-2025T21:51:51 - [TEST_STEP][PASSED] - delay(3): Delayed 3 second(s)

21-10-2025T21:51:54 - [MESSAGE][PASSED] - Delayed 3 second(s)

21-10-2025T21:51:54 - [TEST_STEP][PASSED] - click(findTestObject("FIM/Sites Page/Orders/Save_btn")): Object: 'Object Repository/FIM/Sites Page/Orders/Save_btn' is clicked on

21-10-2025T21:51:54 - [MESSAGE][PASSED] - Object: 'Object Repository/FIM/Sites Page/Orders/Save_btn' is clicked on

21-10-2025T21:51:54 - [TEST_STEP][PASSED] - delay(1): Delayed 1 second(s)

21-10-2025T21:51:55 - [MESSAGE][PASSED] - Delayed 1 second(s)

21-10-2025T21:51:55 - [TEST_STEP][PASSED] - verifyElementVisible(findTestObject("FIM/Sites Page/Orders/Create Order/Negative Gallons Error Message"), STOP_ON_FAILURE): Object 'Object Repository/FIM/Sites Page/Orders/Create Order/Negative Gallons Error Message' is visible

21-10-2025T21:51:55 - [MESSAGE][PASSED] - Object 'Object Repository/FIM/Sites Page/Orders/Create Order/Negative Gallons Error Message' is visible

21-10-2025T21:51:55 - [TEST_STEP][PASSED] - verifyElementText(findTestObject("FIM/Sites Page/Orders/Create Order/Negative Gallons Error Message"), "Unable to save order due to order errors."): Actual text and expected text of test object 'Object Repository/FIM/Sites Page/Orders/Create Order/Negative Gallons Error Message' are matched.

21-10-2025T21:51:55 - [MESSAGE][PASSED] - Actual text and expected text of test object 'Object Repository/FIM/Sites Page/Orders/Create Order/Negative Gallons Error Message' are matched.

21-10-2025T21:51:55 - [TEST_STEP][PASSED] - closeBrowser(): Browser is closed

21-10-2025T21:51:55 - [MESSAGE][PASSED] - Browser is closed

21-10-2025T21:51:55 - [TEST_STEP][PASSED] - Start listener action : retryOnDisconnect: null

21-10-2025T21:51:55 - [TEST_STEP][PASSED] - tcId = testCaseContext.getTestCaseId(): null

21-10-2025T21:51:55 - [TEST_STEP][PASSED] - currentRetry = retryCounts.getOrDefault(tcId, 0): null

21-10-2025T21:51:55 - [TEST_STEP][PASSED] - if (testCaseContext.getTestCaseStatus() == "FAILED" && currentRetry < MAX_RETRIES): null]]></system-out>
         <system-err><![CDATA[]]></system-err>
      </testcase>
      <testcase name="Test Cases/FIM/UI/Kenan/Admin/Sites Page/Orders/Create Order" time="27.868" classname="Test Cases/FIM/UI/Kenan/Admin/Sites Page/Orders/Create Order" status="PASSED">
         <system-out><![CDATA[21-10-2025T21:51:55 - [TEST_CASE][PASSED] - Test Cases/FIM/UI/Kenan/Admin/Sites Page/Orders/Create Order: Test Cases/FIM/UI/Kenan/Admin/Sites Page/Orders/Create Order

21-10-2025T21:51:55 - [TEST_STEP][PASSED] - Start listener action : beforeTestCase: null

21-10-2025T21:51:55 - [TEST_STEP][PASSED] - addDefaultPackages(): null

21-10-2025T21:51:55 - [TEST_STEP][PASSED] - openBrowser(""): Browser is opened with url: ''

21-10-2025T21:51:55 - [MESSAGE][INFO] - Starting 'Chrome' driver

21-10-2025T21:51:55 - [MESSAGE][INFO] - User set preference: ['args', '[--no-sandbox, --disable-gpu, --disable-dev-shm-usage]']

21-10-2025T21:51:55 - [MESSAGE][INFO] - Action delay is set to 0 milliseconds

21-10-2025T21:51:56 - [MESSAGE][PASSED] - Browser is opened with url: ''

21-10-2025T21:51:56 - [TEST_STEP][PASSED] - navigateToUrl(TURK104SitesURL): Navigate to 'https://kag-inventory-management-portal.qa.thekag.com/site/TURK104?cg=-1&r=-1&i=i' successfully

21-10-2025T21:51:57 - [MESSAGE][PASSED] - Navigate to 'https://kag-inventory-management-portal.qa.thekag.com/site/TURK104?cg=-1&r=-1&i=i' successfully

21-10-2025T21:51:57 - [TEST_STEP][PASSED] - maximizeWindow(): Current window maximized

21-10-2025T21:51:57 - [MESSAGE][PASSED] - Current window maximized

21-10-2025T21:51:57 - [TEST_STEP][PASSED] - setText(findTestObject("FIM/Username_txt"), "Chris.Sheldon+DES_QA@Thekag.com"): Text 'Chris.Sheldon+DES_QA@Thekag.com' is set on object 'Object Repository/FIM/Username_txt'

21-10-2025T21:51:57 - [MESSAGE][PASSED] - Text 'Chris.Sheldon+DES_QA@Thekag.com' is set on object 'Object Repository/FIM/Username_txt'

21-10-2025T21:51:57 - [TEST_STEP][PASSED] - setText(findTestObject("FIM/Password_txt"), "QATest!2"): Text 'QATest!2' is set on object 'Object Repository/FIM/Password_txt'

21-10-2025T21:51:57 - [MESSAGE][PASSED] - Text 'QATest!2' is set on object 'Object Repository/FIM/Password_txt'

21-10-2025T21:51:57 - [TEST_STEP][PASSED] - click(findTestObject("FIM/Login_btn")): Object: 'Object Repository/FIM/Login_btn' is clicked on

21-10-2025T21:51:57 - [MESSAGE][PASSED] - Object: 'Object Repository/FIM/Login_btn' is clicked on

21-10-2025T21:51:57 - [TEST_STEP][PASSED] - if (verifyElementVisible(findTestObject("FIM/Server_Notification_Close_btn"), OPTIONAL) == true): Web element with id: 'Object Repository/FIM/Server_Notification_Close_btn' located by '/html/body/div/div[1]/button' not found (Root cause: com.kms.katalon.core.exception.StepFailedException: Web element with id: 'Object Repository/FIM/Server_Notification_Close_btn' located by '/html/body/div/div[1]/button' not found
	at com.kms.katalon.core.webui.keyword.internal.WebUIKeywordMain.stepFailed(WebUIKeywordMain.groovy:117)
	at com.kms.katalon.core.webui.keyword.builtin.VerifyElementVisibleKeyword$_verifyElementVisible_closure1.doCall(VerifyElementVisibleKeyword.groovy:89)
	at com.kms.katalon.core.webui.keyword.builtin.VerifyElementVisibleKeyword$_verifyElementVisible_closure1.call(VerifyElementVisibleKeyword.groovy)
	at com.kms.katalon.core.webui.keyword.internal.WebUIKeywordMain.runKeyword(WebUIKeywordMain.groovy:35)
	at com.kms.katalon.core.webui.keyword.builtin.VerifyElementVisibleKeyword.verifyElementVisible(VerifyElementVisibleKeyword.groovy:97)
	at com.kms.katalon.core.webui.keyword.builtin.VerifyElementVisibleKeyword.execute(VerifyElementVisibleKeyword.groovy:67)
	at com.kms.katalon.core.keyword.internal.KeywordExecutor.executeKeywordForPlatform(KeywordExecutor.groovy:74)
	at com.kms.katalon.core.webui.keyword.WebUiBuiltInKeywords.verifyElementVisible(WebUiBuiltInKeywords.groovy:401)
	at com.kms.katalon.core.webui.keyword.WebUiBuiltInKeywords$verifyElementVisible$5.call(Unknown Source)
	at Create Order.run(Create Order:32)
	at com.kms.katalon.core.main.ScriptEngine.run(ScriptEngine.java:194)
	at com.kms.katalon.core.main.ScriptEngine.runScriptAsRawText(ScriptEngine.java:119)
	at com.kms.katalon.core.main.TestCaseExecutor.runScript(TestCaseExecutor.java:448)
	at com.kms.katalon.core.main.TestCaseExecutor.doExecute(TestCaseExecutor.java:439)
	at com.kms.katalon.core.main.TestCaseExecutor.processExecutionPhase(TestCaseExecutor.java:418)
	at com.kms.katalon.core.main.TestCaseExecutor.accessMainPhase(TestCaseExecutor.java:410)
	at com.kms.katalon.core.main.TestCaseExecutor.execute(TestCaseExecutor.java:285)
	at com.kms.katalon.core.common.CommonExecutor.accessTestCaseMainPhase(CommonExecutor.java:65)
	at com.kms.katalon.core.main.TestSuiteExecutor.accessTestSuiteMainPhase(TestSuiteExecutor.java:150)
	at com.kms.katalon.core.main.TestSuiteExecutor.execute(TestSuiteExecutor.java:106)
	at com.kms.katalon.core.main.TestCaseMain.startTestSuite(TestCaseMain.java:180)
	at com.kms.katalon.core.main.TestCaseMain$startTestSuite$0.call(Unknown Source)
	at TempTestSuite1761090815312.run(TempTestSuite1761090815312.groovy:35)
	at java.base/jdk.internal.reflect.NativeMethodAccessorImpl.invoke0(Native Method)
	at java.base/jdk.internal.reflect.NativeMethodAccessorImpl.invoke(NativeMethodAccessorImpl.java:77)
	at java.base/jdk.internal.reflect.DelegatingMethodAccessorImpl.invoke(DelegatingMethodAccessorImpl.java:43)
)

21-10-2025T21:52:13 - [MESSAGE][INFO] - Unable to find the element located by 'By.xpath: /html/body/div/div[1]/button'. Please recheck the objects properties to make sure the desired element is located. 

21-10-2025T21:52:13 - [MESSAGE][WARNING] - [SELF-HEALING] Failed to find element with id 'Object Repository/FIM/Server_Notification_Close_btn'. Try using Self-healing.

21-10-2025T21:52:14 - [MESSAGE][INFO] - [SELF-HEALING] No working XPath is found.

21-10-2025T21:52:16 - [MESSAGE][INFO] - Unable to find the element located by 'By.xpath: '. Please recheck the objects properties to make sure the desired element is located. 

21-10-2025T21:52:16 - [MESSAGE][WARNING] - [SELF-HEALING] Cannot find elements when the selector is null

21-10-2025T21:52:16 - [MESSAGE][WARNING] - Web element with id: 'Object Repository/FIM/Server_Notification_Close_btn' located by '/html/body/div/div[1]/button' not found (Root cause: com.kms.katalon.core.exception.StepFailedException: Web element with id: 'Object Repository/FIM/Server_Notification_Close_btn' located by '/html/body/div/div[1]/button' not found
	at com.kms.katalon.core.webui.keyword.internal.WebUIKeywordMain.stepFailed(WebUIKeywordMain.groovy:117)
	at com.kms.katalon.core.webui.keyword.builtin.VerifyElementVisibleKeyword$_verifyElementVisible_closure1.doCall(VerifyElementVisibleKeyword.groovy:89)
	at com.kms.katalon.core.webui.keyword.builtin.VerifyElementVisibleKeyword$_verifyElementVisible_closure1.call(VerifyElementVisibleKeyword.groovy)
	at com.kms.katalon.core.webui.keyword.internal.WebUIKeywordMain.runKeyword(WebUIKeywordMain.groovy:35)
	at com.kms.katalon.core.webui.keyword.builtin.VerifyElementVisibleKeyword.verifyElementVisible(VerifyElementVisibleKeyword.groovy:97)
	at com.kms.katalon.core.webui.keyword.builtin.VerifyElementVisibleKeyword.execute(VerifyElementVisibleKeyword.groovy:67)
	at com.kms.katalon.core.keyword.internal.KeywordExecutor.executeKeywordForPlatform(KeywordExecutor.groovy:74)
	at com.kms.katalon.core.webui.keyword.WebUiBuiltInKeywords.verifyElementVisible(WebUiBuiltInKeywords.groovy:401)
	at com.kms.katalon.core.webui.keyword.WebUiBuiltInKeywords$verifyElementVisible$5.call(Unknown Source)
	at Create Order.run(Create Order:32)
	at com.kms.katalon.core.main.ScriptEngine.run(ScriptEngine.java:194)
	at com.kms.katalon.core.main.ScriptEngine.runScriptAsRawText(ScriptEngine.java:119)
	at com.kms.katalon.core.main.TestCaseExecutor.runScript(TestCaseExecutor.java:448)
	at com.kms.katalon.core.main.TestCaseExecutor.doExecute(TestCaseExecutor.java:439)
	at com.kms.katalon.core.main.TestCaseExecutor.processExecutionPhase(TestCaseExecutor.java:418)
	at com.kms.katalon.core.main.TestCaseExecutor.accessMainPhase(TestCaseExecutor.java:410)
	at com.kms.katalon.core.main.TestCaseExecutor.execute(TestCaseExecutor.java:285)
	at com.kms.katalon.core.common.CommonExecutor.accessTestCaseMainPhase(CommonExecutor.java:65)
	at com.kms.katalon.core.main.TestSuiteExecutor.accessTestSuiteMainPhase(TestSuiteExecutor.java:150)
	at com.kms.katalon.core.main.TestSuiteExecutor.execute(TestSuiteExecutor.java:106)
	at com.kms.katalon.core.main.TestCaseMain.startTestSuite(TestCaseMain.java:180)
	at com.kms.katalon.core.main.TestCaseMain$startTestSuite$0.call(Unknown Source)
	at TempTestSuite1761090815312.run(TempTestSuite1761090815312.groovy:35)
	at java.base/jdk.internal.reflect.NativeMethodAccessorImpl.invoke0(Native Method)
	at java.base/jdk.internal.reflect.NativeMethodAccessorImpl.invoke(NativeMethodAccessorImpl.java:77)
	at java.base/jdk.internal.reflect.DelegatingMethodAccessorImpl.invoke(DelegatingMethodAccessorImpl.java:43)
)

21-10-2025T21:52:16 - [TEST_STEP][PASSED] - delay(1): Delayed 1 second(s)

21-10-2025T21:52:17 - [MESSAGE][PASSED] - Delayed 1 second(s)

21-10-2025T21:52:17 - [TEST_STEP][PASSED] - waitForElementClickable(findTestObject("FIM/Sites Page/Orders/Create Order/CreateOrder_btn"), 300): Object 'Object Repository/FIM/Sites Page/Orders/Create Order/CreateOrder_btn' is clickable

21-10-2025T21:52:17 - [MESSAGE][PASSED] - Object 'Object Repository/FIM/Sites Page/Orders/Create Order/CreateOrder_btn' is clickable

21-10-2025T21:52:17 - [TEST_STEP][PASSED] - click(findTestObject("FIM/Sites Page/Orders/Create Order/CreateOrder_btn"), OPTIONAL): Object: 'Object Repository/FIM/Sites Page/Orders/Create Order/CreateOrder_btn' is clicked on

21-10-2025T21:52:18 - [MESSAGE][PASSED] - Object: 'Object Repository/FIM/Sites Page/Orders/Create Order/CreateOrder_btn' is clicked on

21-10-2025T21:52:18 - [TEST_STEP][PASSED] - delay(1): Delayed 1 second(s)

21-10-2025T21:52:19 - [MESSAGE][PASSED] - Delayed 1 second(s)

21-10-2025T21:52:19 - [TEST_STEP][PASSED] - clearText(findTestObject("FIM/Sites Page/Orders/Create Order/30PRM_txt (1)")): Text of object 'Object Repository/FIM/Sites Page/Orders/Create Order/30PRM_txt (1)' is cleared

21-10-2025T21:52:19 - [MESSAGE][PASSED] - Text of object 'Object Repository/FIM/Sites Page/Orders/Create Order/30PRM_txt (1)' is cleared

21-10-2025T21:52:19 - [TEST_STEP][PASSED] - delay(1): Delayed 1 second(s)

21-10-2025T21:52:20 - [MESSAGE][PASSED] - Delayed 1 second(s)

21-10-2025T21:52:20 - [TEST_STEP][PASSED] - sendKeys(findTestObject("FIM/Sites Page/Orders/Create Order/30PRM_txt (1)"), "6000"): Keys '6000' sent to object: 'Object Repository/FIM/Sites Page/Orders/Create Order/30PRM_txt (1)'

21-10-2025T21:52:20 - [MESSAGE][PASSED] - Keys '6000' sent to object: 'Object Repository/FIM/Sites Page/Orders/Create Order/30PRM_txt (1)'

21-10-2025T21:52:20 - [TEST_STEP][PASSED] - delay(2): Delayed 2 second(s)

21-10-2025T21:52:22 - [MESSAGE][PASSED] - Delayed 2 second(s)

21-10-2025T21:52:22 - [TEST_STEP][PASSED] - click(findTestObject("FIM/Sites Page/Orders/Save_btn")): Object: 'Object Repository/FIM/Sites Page/Orders/Save_btn' is clicked on

21-10-2025T21:52:22 - [MESSAGE][PASSED] - Object: 'Object Repository/FIM/Sites Page/Orders/Save_btn' is clicked on

21-10-2025T21:52:22 - [TEST_STEP][PASSED] - delay(1): Delayed 1 second(s)

21-10-2025T21:52:23 - [MESSAGE][PASSED] - Delayed 1 second(s)

21-10-2025T21:52:23 - [TEST_STEP][PASSED] - verifyElementVisible(findTestObject("FIM/Sites Page/Orders/Create Order/Order Creation Message"), STOP_ON_FAILURE): Object 'Object Repository/FIM/Sites Page/Orders/Create Order/Order Creation Message' is visible

21-10-2025T21:52:23 - [MESSAGE][PASSED] - Object 'Object Repository/FIM/Sites Page/Orders/Create Order/Order Creation Message' is visible

21-10-2025T21:52:23 - [TEST_STEP][PASSED] - verifyElementText(findTestObject("FIM/Sites Page/Orders/Create Order/Order Creation Message"), "New order has been added"): Actual text and expected text of test object 'Object Repository/FIM/Sites Page/Orders/Create Order/Order Creation Message' are matched.

21-10-2025T21:52:23 - [MESSAGE][PASSED] - Actual text and expected text of test object 'Object Repository/FIM/Sites Page/Orders/Create Order/Order Creation Message' are matched.

21-10-2025T21:52:23 - [TEST_STEP][PASSED] - closeBrowser(): Browser is closed

21-10-2025T21:52:23 - [MESSAGE][PASSED] - Browser is closed

21-10-2025T21:52:23 - [TEST_STEP][PASSED] - Start listener action : retryOnDisconnect: null

21-10-2025T21:52:23 - [TEST_STEP][PASSED] - tcId = testCaseContext.getTestCaseId(): null

21-10-2025T21:52:23 - [TEST_STEP][PASSED] - currentRetry = retryCounts.getOrDefault(tcId, 0): null

21-10-2025T21:52:23 - [TEST_STEP][PASSED] - if (testCaseContext.getTestCaseStatus() == "FAILED" && currentRetry < MAX_RETRIES): null]]></system-out>
         <system-err><![CDATA[]]></system-err>
      </testcase>
      <testcase name="Test Cases/FIM/UI/Kenan/Admin/Sites Page/Orders/Update Order" time="51.017" classname="Test Cases/FIM/UI/Kenan/Admin/Sites Page/Orders/Update Order" status="PASSED">
         <system-out><![CDATA[21-10-2025T21:52:23 - [TEST_CASE][PASSED] - Test Cases/FIM/UI/Kenan/Admin/Sites Page/Orders/Update Order: Test Cases/FIM/UI/Kenan/Admin/Sites Page/Orders/Update Order

21-10-2025T21:52:23 - [TEST_STEP][PASSED] - Start listener action : beforeTestCase: null

21-10-2025T21:52:23 - [TEST_STEP][PASSED] - addDefaultPackages(): null

21-10-2025T21:52:23 - [TEST_STEP][PASSED] - callTestCase(findTestCase("Utility Scripts/FIM KAG Admin Login"), [:], STOP_ON_FAILURE): Call Test Case 'Test Cases/Utility Scripts/FIM KAG Admin Login' successfully

21-10-2025T21:52:23 - [TEST_CASE][PASSED] - Test Cases/Utility Scripts/FIM KAG Admin Login: Test Cases/Utility Scripts/FIM KAG Admin Login

21-10-2025T21:52:23 - [TEST_STEP][PASSED] - openBrowser(""): Browser is opened with url: ''

21-10-2025T21:52:23 - [MESSAGE][INFO] - Starting 'Chrome' driver

21-10-2025T21:52:23 - [MESSAGE][INFO] - User set preference: ['args', '[--no-sandbox, --disable-gpu, --disable-dev-shm-usage]']

21-10-2025T21:52:23 - [MESSAGE][INFO] - Action delay is set to 0 milliseconds

21-10-2025T21:52:24 - [MESSAGE][PASSED] - Browser is opened with url: ''

21-10-2025T21:52:24 - [TEST_STEP][PASSED] - delay(1): Delayed 1 second(s)

21-10-2025T21:52:25 - [MESSAGE][PASSED] - Delayed 1 second(s)

21-10-2025T21:52:25 - [TEST_STEP][PASSED] - navigateToUrl(KenanRegionURL): Navigate to 'https://kag-inventory-management-portal.qa.thekag.com/region/' successfully

21-10-2025T21:52:25 - [MESSAGE][PASSED] - Navigate to 'https://kag-inventory-management-portal.qa.thekag.com/region/' successfully

21-10-2025T21:52:25 - [TEST_STEP][PASSED] - delay(10): Delayed 10 second(s)

21-10-2025T21:52:35 - [MESSAGE][PASSED] - Delayed 10 second(s)

21-10-2025T21:52:35 - [TEST_STEP][PASSED] - if (maximizeWindow == true): Current window maximized

21-10-2025T21:52:35 - [TEST_STEP][PASSED] - maximizeWindow(STOP_ON_FAILURE): Current window maximized

21-10-2025T21:52:35 - [MESSAGE][PASSED] - Current window maximized

21-10-2025T21:52:35 - [TEST_STEP][PASSED] - waitForElementPresent(findTestObject("FIM/Username_txt"), 10): Object 'Object Repository/FIM/Username_txt' is present

21-10-2025T21:52:36 - [MESSAGE][PASSED] - Object 'Object Repository/FIM/Username_txt' is present

21-10-2025T21:52:36 - [TEST_STEP][PASSED] - setText(findTestObject("FIM/Username_txt"), FIMUsername): Text 'Chris.Sheldon+DES_QA@Thekag.com' is set on object 'Object Repository/FIM/Username_txt'

21-10-2025T21:52:36 - [MESSAGE][PASSED] - Text 'Chris.Sheldon+DES_QA@Thekag.com' is set on object 'Object Repository/FIM/Username_txt'

21-10-2025T21:52:36 - [TEST_STEP][PASSED] - delay(1): Delayed 1 second(s)

21-10-2025T21:52:37 - [MESSAGE][PASSED] - Delayed 1 second(s)

21-10-2025T21:52:37 - [TEST_STEP][PASSED] - setText(findTestObject("FIM/Password_txt"), FIMPassword): Text 'QATest!2' is set on object 'Object Repository/FIM/Password_txt'

21-10-2025T21:52:37 - [MESSAGE][PASSED] - Text 'QATest!2' is set on object 'Object Repository/FIM/Password_txt'

21-10-2025T21:52:37 - [TEST_STEP][PASSED] - delay(1): Delayed 1 second(s)

21-10-2025T21:52:38 - [MESSAGE][PASSED] - Delayed 1 second(s)

21-10-2025T21:52:38 - [TEST_STEP][PASSED] - click(findTestObject("FIM/Login_btn")): Object: 'Object Repository/FIM/Login_btn' is clicked on

21-10-2025T21:52:38 - [MESSAGE][PASSED] - Object: 'Object Repository/FIM/Login_btn' is clicked on

21-10-2025T21:52:38 - [MESSAGE][PASSED] - Call Test Case 'Test Cases/Utility Scripts/FIM KAG Admin Login' successfully

21-10-2025T21:52:38 - [TEST_STEP][PASSED] - if (verifyElementVisible(findTestObject("FIM/Server_Notification_Close_btn"), OPTIONAL) == true): Web element with id: 'Object Repository/FIM/Server_Notification_Close_btn' located by '/html/body/div/div[1]/button' not found (Root cause: com.kms.katalon.core.exception.StepFailedException: Web element with id: 'Object Repository/FIM/Server_Notification_Close_btn' located by '/html/body/div/div[1]/button' not found
	at com.kms.katalon.core.webui.keyword.internal.WebUIKeywordMain.stepFailed(WebUIKeywordMain.groovy:117)
	at com.kms.katalon.core.webui.keyword.builtin.VerifyElementVisibleKeyword$_verifyElementVisible_closure1.doCall(VerifyElementVisibleKeyword.groovy:89)
	at com.kms.katalon.core.webui.keyword.builtin.VerifyElementVisibleKeyword$_verifyElementVisible_closure1.call(VerifyElementVisibleKeyword.groovy)
	at com.kms.katalon.core.webui.keyword.internal.WebUIKeywordMain.runKeyword(WebUIKeywordMain.groovy:35)
	at com.kms.katalon.core.webui.keyword.builtin.VerifyElementVisibleKeyword.verifyElementVisible(VerifyElementVisibleKeyword.groovy:97)
	at com.kms.katalon.core.webui.keyword.builtin.VerifyElementVisibleKeyword.execute(VerifyElementVisibleKeyword.groovy:67)
	at com.kms.katalon.core.keyword.internal.KeywordExecutor.executeKeywordForPlatform(KeywordExecutor.groovy:74)
	at com.kms.katalon.core.webui.keyword.WebUiBuiltInKeywords.verifyElementVisible(WebUiBuiltInKeywords.groovy:401)
	at com.kms.katalon.core.webui.keyword.WebUiBuiltInKeywords$verifyElementVisible$5.call(Unknown Source)
	at Update Order.run(Update Order:22)
	at com.kms.katalon.core.main.ScriptEngine.run(ScriptEngine.java:194)
	at com.kms.katalon.core.main.ScriptEngine.runScriptAsRawText(ScriptEngine.java:119)
	at com.kms.katalon.core.main.TestCaseExecutor.runScript(TestCaseExecutor.java:448)
	at com.kms.katalon.core.main.TestCaseExecutor.doExecute(TestCaseExecutor.java:439)
	at com.kms.katalon.core.main.TestCaseExecutor.processExecutionPhase(TestCaseExecutor.java:418)
	at com.kms.katalon.core.main.TestCaseExecutor.accessMainPhase(TestCaseExecutor.java:410)
	at com.kms.katalon.core.main.TestCaseExecutor.execute(TestCaseExecutor.java:285)
	at com.kms.katalon.core.common.CommonExecutor.accessTestCaseMainPhase(CommonExecutor.java:65)
	at com.kms.katalon.core.main.TestSuiteExecutor.accessTestSuiteMainPhase(TestSuiteExecutor.java:150)
	at com.kms.katalon.core.main.TestSuiteExecutor.execute(TestSuiteExecutor.java:106)
	at com.kms.katalon.core.main.TestCaseMain.startTestSuite(TestCaseMain.java:180)
	at com.kms.katalon.core.main.TestCaseMain$startTestSuite$0.call(Unknown Source)
	at TempTestSuite1761090815312.run(TempTestSuite1761090815312.groovy:35)
	at java.base/jdk.internal.reflect.NativeMethodAccessorImpl.invoke0(Native Method)
	at java.base/jdk.internal.reflect.NativeMethodAccessorImpl.invoke(NativeMethodAccessorImpl.java:77)
	at java.base/jdk.internal.reflect.DelegatingMethodAccessorImpl.invoke(DelegatingMethodAccessorImpl.java:43)
)

21-10-2025T21:52:54 - [MESSAGE][INFO] - Unable to find the element located by 'By.xpath: /html/body/div/div[1]/button'. Please recheck the objects properties to make sure the desired element is located. 

21-10-2025T21:52:54 - [MESSAGE][WARNING] - [SELF-HEALING] Failed to find element with id 'Object Repository/FIM/Server_Notification_Close_btn'. Try using Self-healing.

21-10-2025T21:52:55 - [MESSAGE][INFO] - [SELF-HEALING] No working XPath is found.

21-10-2025T21:52:57 - [MESSAGE][INFO] - Unable to find the element located by 'By.xpath: '. Please recheck the objects properties to make sure the desired element is located. 

21-10-2025T21:52:57 - [MESSAGE][WARNING] - [SELF-HEALING] Cannot find elements when the selector is null

21-10-2025T21:52:57 - [MESSAGE][WARNING] - Web element with id: 'Object Repository/FIM/Server_Notification_Close_btn' located by '/html/body/div/div[1]/button' not found (Root cause: com.kms.katalon.core.exception.StepFailedException: Web element with id: 'Object Repository/FIM/Server_Notification_Close_btn' located by '/html/body/div/div[1]/button' not found
	at com.kms.katalon.core.webui.keyword.internal.WebUIKeywordMain.stepFailed(WebUIKeywordMain.groovy:117)
	at com.kms.katalon.core.webui.keyword.builtin.VerifyElementVisibleKeyword$_verifyElementVisible_closure1.doCall(VerifyElementVisibleKeyword.groovy:89)
	at com.kms.katalon.core.webui.keyword.builtin.VerifyElementVisibleKeyword$_verifyElementVisible_closure1.call(VerifyElementVisibleKeyword.groovy)
	at com.kms.katalon.core.webui.keyword.internal.WebUIKeywordMain.runKeyword(WebUIKeywordMain.groovy:35)
	at com.kms.katalon.core.webui.keyword.builtin.VerifyElementVisibleKeyword.verifyElementVisible(VerifyElementVisibleKeyword.groovy:97)
	at com.kms.katalon.core.webui.keyword.builtin.VerifyElementVisibleKeyword.execute(VerifyElementVisibleKeyword.groovy:67)
	at com.kms.katalon.core.keyword.internal.KeywordExecutor.executeKeywordForPlatform(KeywordExecutor.groovy:74)
	at com.kms.katalon.core.webui.keyword.WebUiBuiltInKeywords.verifyElementVisible(WebUiBuiltInKeywords.groovy:401)
	at com.kms.katalon.core.webui.keyword.WebUiBuiltInKeywords$verifyElementVisible$5.call(Unknown Source)
	at Update Order.run(Update Order:22)
	at com.kms.katalon.core.main.ScriptEngine.run(ScriptEngine.java:194)
	at com.kms.katalon.core.main.ScriptEngine.runScriptAsRawText(ScriptEngine.java:119)
	at com.kms.katalon.core.main.TestCaseExecutor.runScript(TestCaseExecutor.java:448)
	at com.kms.katalon.core.main.TestCaseExecutor.doExecute(TestCaseExecutor.java:439)
	at com.kms.katalon.core.main.TestCaseExecutor.processExecutionPhase(TestCaseExecutor.java:418)
	at com.kms.katalon.core.main.TestCaseExecutor.accessMainPhase(TestCaseExecutor.java:410)
	at com.kms.katalon.core.main.TestCaseExecutor.execute(TestCaseExecutor.java:285)
	at com.kms.katalon.core.common.CommonExecutor.accessTestCaseMainPhase(CommonExecutor.java:65)
	at com.kms.katalon.core.main.TestSuiteExecutor.accessTestSuiteMainPhase(TestSuiteExecutor.java:150)
	at com.kms.katalon.core.main.TestSuiteExecutor.execute(TestSuiteExecutor.java:106)
	at com.kms.katalon.core.main.TestCaseMain.startTestSuite(TestCaseMain.java:180)
	at com.kms.katalon.core.main.TestCaseMain$startTestSuite$0.call(Unknown Source)
	at TempTestSuite1761090815312.run(TempTestSuite1761090815312.groovy:35)
	at java.base/jdk.internal.reflect.NativeMethodAccessorImpl.invoke0(Native Method)
	at java.base/jdk.internal.reflect.NativeMethodAccessorImpl.invoke(NativeMethodAccessorImpl.java:77)
	at java.base/jdk.internal.reflect.DelegatingMethodAccessorImpl.invoke(DelegatingMethodAccessorImpl.java:43)
)

21-10-2025T21:52:57 - [TEST_STEP][PASSED] - delay(1): Delayed 1 second(s)

21-10-2025T21:52:58 - [MESSAGE][PASSED] - Delayed 1 second(s)

21-10-2025T21:52:58 - [TEST_STEP][PASSED] - click(findTestObject("FIM/Hamburger Menu List/Hamburger_menu")): Object: 'Object Repository/FIM/Hamburger Menu List/Hamburger_menu' is clicked on

21-10-2025T21:52:58 - [MESSAGE][PASSED] - Object: 'Object Repository/FIM/Hamburger Menu List/Hamburger_menu' is clicked on

21-10-2025T21:52:58 - [TEST_STEP][PASSED] - verifyElementPresent(findTestObject("FIM/Hamburger Menu List/KAG_Sites_option"), 10): Object 'Object Repository/FIM/Hamburger Menu List/KAG_Sites_option' is present

21-10-2025T21:52:58 - [MESSAGE][PASSED] - Object 'Object Repository/FIM/Hamburger Menu List/KAG_Sites_option' is present

21-10-2025T21:52:58 - [TEST_STEP][PASSED] - delay(1): Delayed 1 second(s)

21-10-2025T21:52:59 - [MESSAGE][PASSED] - Delayed 1 second(s)

21-10-2025T21:52:59 - [TEST_STEP][PASSED] - click(findTestObject("FIM/Hamburger Menu List/KAG_Sites_option")): Object: 'Object Repository/FIM/Hamburger Menu List/KAG_Sites_option' is clicked on

21-10-2025T21:52:59 - [MESSAGE][PASSED] - Object: 'Object Repository/FIM/Hamburger Menu List/KAG_Sites_option' is clicked on

21-10-2025T21:52:59 - [TEST_STEP][PASSED] - waitForElementClickable(findTestObject("FIM/Sites Page/Orders/Review New Orders/Review New Orders_btn"), 300): Object 'Object Repository/FIM/Sites Page/Orders/Review New Orders/Review New Orders_btn' is clickable

21-10-2025T21:53:01 - [MESSAGE][PASSED] - Object 'Object Repository/FIM/Sites Page/Orders/Review New Orders/Review New Orders_btn' is clickable

21-10-2025T21:53:01 - [TEST_STEP][PASSED] - delay(3): Delayed 3 second(s)

21-10-2025T21:53:04 - [MESSAGE][PASSED] - Delayed 3 second(s)

21-10-2025T21:53:04 - [TEST_STEP][PASSED] - click(findTestObject("FIM/Sites Page/Orders/Review New Orders/Review New Orders_btn")): Object: 'Object Repository/FIM/Sites Page/Orders/Review New Orders/Review New Orders_btn' is clicked on

21-10-2025T21:53:08 - [MESSAGE][PASSED] - Object: 'Object Repository/FIM/Sites Page/Orders/Review New Orders/Review New Orders_btn' is clicked on

21-10-2025T21:53:08 - [TEST_STEP][PASSED] - delay(3): Delayed 3 second(s)

21-10-2025T21:53:11 - [MESSAGE][PASSED] - Delayed 3 second(s)

21-10-2025T21:53:11 - [TEST_STEP][PASSED] - click(findTestObject("FIM/Sites Page/Orders/Review New Orders/Edit Order/1st Edit New Orders_btn")): Object: 'Object Repository/FIM/Sites Page/Orders/Review New Orders/Edit Order/1st Edit New Orders_btn' is clicked on

21-10-2025T21:53:11 - [MESSAGE][PASSED] - Object: 'Object Repository/FIM/Sites Page/Orders/Review New Orders/Edit Order/1st Edit New Orders_btn' is clicked on

21-10-2025T21:53:11 - [TEST_STEP][PASSED] - clearText(findTestObject("FIM/Sites Page/Orders/Create Order/Tank_1_10UNL_txt")): Text of object 'Object Repository/FIM/Sites Page/Orders/Create Order/Tank_1_10UNL_txt' is cleared

21-10-2025T21:53:11 - [MESSAGE][PASSED] - Text of object 'Object Repository/FIM/Sites Page/Orders/Create Order/Tank_1_10UNL_txt' is cleared

21-10-2025T21:53:11 - [TEST_STEP][PASSED] - sendKeys(findTestObject("FIM/Sites Page/Orders/Create Order/Tank_1_10UNL_txt"), "8659"): Keys '8659' sent to object: 'Object Repository/FIM/Sites Page/Orders/Create Order/Tank_1_10UNL_txt'

21-10-2025T21:53:11 - [MESSAGE][PASSED] - Keys '8659' sent to object: 'Object Repository/FIM/Sites Page/Orders/Create Order/Tank_1_10UNL_txt'

21-10-2025T21:53:11 - [TEST_STEP][PASSED] - delay(2): Delayed 2 second(s)

21-10-2025T21:53:13 - [MESSAGE][PASSED] - Delayed 2 second(s)

21-10-2025T21:53:13 - [TEST_STEP][PASSED] - clearText(findTestObject("FIM/Sites Page/Orders/Review New Orders/Edit Order/30PRM_txt (1)")): Text of object 'Object Repository/FIM/Sites Page/Orders/Review New Orders/Edit Order/30PRM_txt (1)' is cleared

21-10-2025T21:53:13 - [MESSAGE][PASSED] - Text of object 'Object Repository/FIM/Sites Page/Orders/Review New Orders/Edit Order/30PRM_txt (1)' is cleared

21-10-2025T21:53:13 - [TEST_STEP][PASSED] - sendKeys(findTestObject("FIM/Sites Page/Orders/Review New Orders/Edit Order/30PRM_txt (1)"), "8659"): Keys '8659' sent to object: 'Object Repository/FIM/Sites Page/Orders/Review New Orders/Edit Order/30PRM_txt (1)'

21-10-2025T21:53:13 - [MESSAGE][PASSED] - Keys '8659' sent to object: 'Object Repository/FIM/Sites Page/Orders/Review New Orders/Edit Order/30PRM_txt (1)'

21-10-2025T21:53:13 - [TEST_STEP][PASSED] - click(findTestObject("FIM/Sites Page/Orders/Review New Orders/Edit Order/Edit Order Save_btn")): Object: 'Object Repository/FIM/Sites Page/Orders/Review New Orders/Edit Order/Edit Order Save_btn' is clicked on

21-10-2025T21:53:14 - [MESSAGE][PASSED] - Object: 'Object Repository/FIM/Sites Page/Orders/Review New Orders/Edit Order/Edit Order Save_btn' is clicked on

21-10-2025T21:53:14 - [TEST_STEP][PASSED] - waitForElementPresent(findTestObject("FIM/Sites Page/Orders/Create Order/Order Creation Message"), 10): Object 'Object Repository/FIM/Sites Page/Orders/Create Order/Order Creation Message' is present

21-10-2025T21:53:14 - [MESSAGE][PASSED] - Object 'Object Repository/FIM/Sites Page/Orders/Create Order/Order Creation Message' is present

21-10-2025T21:53:14 - [TEST_STEP][PASSED] - verifyElementVisible(findTestObject("FIM/Sites Page/Orders/Create Order/Order Creation Message"), STOP_ON_FAILURE): Object 'Object Repository/FIM/Sites Page/Orders/Create Order/Order Creation Message' is visible

21-10-2025T21:53:14 - [MESSAGE][PASSED] - Object 'Object Repository/FIM/Sites Page/Orders/Create Order/Order Creation Message' is visible

21-10-2025T21:53:14 - [TEST_STEP][PASSED] - verifyElementText(findTestObject("FIM/Sites Page/Orders/Create Order/Order Creation Message"), "Order updated successfully"): Actual text and expected text of test object 'Object Repository/FIM/Sites Page/Orders/Create Order/Order Creation Message' are matched.

21-10-2025T21:53:14 - [MESSAGE][PASSED] - Actual text and expected text of test object 'Object Repository/FIM/Sites Page/Orders/Create Order/Order Creation Message' are matched.

21-10-2025T21:53:14 - [TEST_STEP][PASSED] - closeBrowser(): Browser is closed

21-10-2025T21:53:14 - [MESSAGE][PASSED] - Browser is closed

21-10-2025T21:53:14 - [TEST_STEP][PASSED] - Start listener action : retryOnDisconnect: null

21-10-2025T21:53:14 - [TEST_STEP][PASSED] - tcId = testCaseContext.getTestCaseId(): null

21-10-2025T21:53:14 - [TEST_STEP][PASSED] - currentRetry = retryCounts.getOrDefault(tcId, 0): null

21-10-2025T21:53:14 - [TEST_STEP][PASSED] - if (testCaseContext.getTestCaseStatus() == "FAILED" && currentRetry < MAX_RETRIES): null]]></system-out>
         <system-err><![CDATA[]]></system-err>
      </testcase>
      <testcase name="Test Cases/FIM/UI/Kenan/Admin/Sites Page/Orders/Delete Order" time="25.34" classname="Test Cases/FIM/UI/Kenan/Admin/Sites Page/Orders/Delete Order" status="PASSED">
         <system-out><![CDATA[21-10-2025T21:53:14 - [TEST_CASE][PASSED] - Test Cases/FIM/UI/Kenan/Admin/Sites Page/Orders/Delete Order: Test Cases/FIM/UI/Kenan/Admin/Sites Page/Orders/Delete Order

21-10-2025T21:53:14 - [TEST_STEP][PASSED] - Start listener action : beforeTestCase: null

21-10-2025T21:53:14 - [TEST_STEP][PASSED] - addDefaultPackages(): null

21-10-2025T21:53:14 - [TEST_STEP][PASSED] - openBrowser(""): Browser is opened with url: ''

21-10-2025T21:53:14 - [MESSAGE][INFO] - Starting 'Chrome' driver

21-10-2025T21:53:14 - [MESSAGE][INFO] - User set preference: ['args', '[--no-sandbox, --disable-gpu, --disable-dev-shm-usage]']

21-10-2025T21:53:14 - [MESSAGE][INFO] - Action delay is set to 0 milliseconds

21-10-2025T21:53:15 - [MESSAGE][PASSED] - Browser is opened with url: ''

21-10-2025T21:53:15 - [TEST_STEP][PASSED] - navigateToUrl(TURK104SitesURL): Navigate to 'https://kag-inventory-management-portal.qa.thekag.com/site/TURK104?cg=-1&r=-1&i=i' successfully

21-10-2025T21:53:15 - [MESSAGE][PASSED] - Navigate to 'https://kag-inventory-management-portal.qa.thekag.com/site/TURK104?cg=-1&r=-1&i=i' successfully

21-10-2025T21:53:15 - [TEST_STEP][PASSED] - maximizeWindow(): Current window maximized

21-10-2025T21:53:16 - [MESSAGE][PASSED] - Current window maximized

21-10-2025T21:53:16 - [TEST_STEP][PASSED] - setText(findTestObject("FIM/Username_txt"), "Chris.Sheldon+DES_QA@Thekag.com"): Text 'Chris.Sheldon+DES_QA@Thekag.com' is set on object 'Object Repository/FIM/Username_txt'

21-10-2025T21:53:16 - [MESSAGE][PASSED] - Text 'Chris.Sheldon+DES_QA@Thekag.com' is set on object 'Object Repository/FIM/Username_txt'

21-10-2025T21:53:16 - [TEST_STEP][PASSED] - setText(findTestObject("FIM/Password_txt"), "QATest!2"): Text 'QATest!2' is set on object 'Object Repository/FIM/Password_txt'

21-10-2025T21:53:16 - [MESSAGE][PASSED] - Text 'QATest!2' is set on object 'Object Repository/FIM/Password_txt'

21-10-2025T21:53:16 - [TEST_STEP][PASSED] - click(findTestObject("FIM/Login_btn")): Object: 'Object Repository/FIM/Login_btn' is clicked on

21-10-2025T21:53:17 - [MESSAGE][PASSED] - Object: 'Object Repository/FIM/Login_btn' is clicked on

21-10-2025T21:53:17 - [TEST_STEP][PASSED] - if (verifyElementVisible(findTestObject("FIM/Server_Notification_Close_btn"), OPTIONAL) == true): Web element with id: 'Object Repository/FIM/Server_Notification_Close_btn' located by '/html/body/div/div[1]/button' not found (Root cause: com.kms.katalon.core.exception.StepFailedException: Web element with id: 'Object Repository/FIM/Server_Notification_Close_btn' located by '/html/body/div/div[1]/button' not found
	at com.kms.katalon.core.webui.keyword.internal.WebUIKeywordMain.stepFailed(WebUIKeywordMain.groovy:117)
	at com.kms.katalon.core.webui.keyword.builtin.VerifyElementVisibleKeyword$_verifyElementVisible_closure1.doCall(VerifyElementVisibleKeyword.groovy:89)
	at com.kms.katalon.core.webui.keyword.builtin.VerifyElementVisibleKeyword$_verifyElementVisible_closure1.call(VerifyElementVisibleKeyword.groovy)
	at com.kms.katalon.core.webui.keyword.internal.WebUIKeywordMain.runKeyword(WebUIKeywordMain.groovy:35)
	at com.kms.katalon.core.webui.keyword.builtin.VerifyElementVisibleKeyword.verifyElementVisible(VerifyElementVisibleKeyword.groovy:97)
	at com.kms.katalon.core.webui.keyword.builtin.VerifyElementVisibleKeyword.execute(VerifyElementVisibleKeyword.groovy:67)
	at com.kms.katalon.core.keyword.internal.KeywordExecutor.executeKeywordForPlatform(KeywordExecutor.groovy:74)
	at com.kms.katalon.core.webui.keyword.WebUiBuiltInKeywords.verifyElementVisible(WebUiBuiltInKeywords.groovy:401)
	at com.kms.katalon.core.webui.keyword.WebUiBuiltInKeywords$verifyElementVisible$5.call(Unknown Source)
	at Delete Order.run(Delete Order:32)
	at com.kms.katalon.core.main.ScriptEngine.run(ScriptEngine.java:194)
	at com.kms.katalon.core.main.ScriptEngine.runScriptAsRawText(ScriptEngine.java:119)
	at com.kms.katalon.core.main.TestCaseExecutor.runScript(TestCaseExecutor.java:448)
	at com.kms.katalon.core.main.TestCaseExecutor.doExecute(TestCaseExecutor.java:439)
	at com.kms.katalon.core.main.TestCaseExecutor.processExecutionPhase(TestCaseExecutor.java:418)
	at com.kms.katalon.core.main.TestCaseExecutor.accessMainPhase(TestCaseExecutor.java:410)
	at com.kms.katalon.core.main.TestCaseExecutor.execute(TestCaseExecutor.java:285)
	at com.kms.katalon.core.common.CommonExecutor.accessTestCaseMainPhase(CommonExecutor.java:65)
	at com.kms.katalon.core.main.TestSuiteExecutor.accessTestSuiteMainPhase(TestSuiteExecutor.java:150)
	at com.kms.katalon.core.main.TestSuiteExecutor.execute(TestSuiteExecutor.java:106)
	at com.kms.katalon.core.main.TestCaseMain.startTestSuite(TestCaseMain.java:180)
	at com.kms.katalon.core.main.TestCaseMain$startTestSuite$0.call(Unknown Source)
	at TempTestSuite1761090815312.run(TempTestSuite1761090815312.groovy:35)
	at java.base/jdk.internal.reflect.NativeMethodAccessorImpl.invoke0(Native Method)
	at java.base/jdk.internal.reflect.NativeMethodAccessorImpl.invoke(NativeMethodAccessorImpl.java:77)
	at java.base/jdk.internal.reflect.DelegatingMethodAccessorImpl.invoke(DelegatingMethodAccessorImpl.java:43)
)

21-10-2025T21:53:33 - [MESSAGE][INFO] - Unable to find the element located by 'By.xpath: /html/body/div/div[1]/button'. Please recheck the objects properties to make sure the desired element is located. 

21-10-2025T21:53:33 - [MESSAGE][WARNING] - [SELF-HEALING] Failed to find element with id 'Object Repository/FIM/Server_Notification_Close_btn'. Try using Self-healing.

21-10-2025T21:53:34 - [MESSAGE][INFO] - [SELF-HEALING] No working XPath is found.

21-10-2025T21:53:36 - [MESSAGE][INFO] - Unable to find the element located by 'By.xpath: '. Please recheck the objects properties to make sure the desired element is located. 

21-10-2025T21:53:36 - [MESSAGE][WARNING] - [SELF-HEALING] Cannot find elements when the selector is null

21-10-2025T21:53:36 - [MESSAGE][WARNING] - Web element with id: 'Object Repository/FIM/Server_Notification_Close_btn' located by '/html/body/div/div[1]/button' not found (Root cause: com.kms.katalon.core.exception.StepFailedException: Web element with id: 'Object Repository/FIM/Server_Notification_Close_btn' located by '/html/body/div/div[1]/button' not found
	at com.kms.katalon.core.webui.keyword.internal.WebUIKeywordMain.stepFailed(WebUIKeywordMain.groovy:117)
	at com.kms.katalon.core.webui.keyword.builtin.VerifyElementVisibleKeyword$_verifyElementVisible_closure1.doCall(VerifyElementVisibleKeyword.groovy:89)
	at com.kms.katalon.core.webui.keyword.builtin.VerifyElementVisibleKeyword$_verifyElementVisible_closure1.call(VerifyElementVisibleKeyword.groovy)
	at com.kms.katalon.core.webui.keyword.internal.WebUIKeywordMain.runKeyword(WebUIKeywordMain.groovy:35)
	at com.kms.katalon.core.webui.keyword.builtin.VerifyElementVisibleKeyword.verifyElementVisible(VerifyElementVisibleKeyword.groovy:97)
	at com.kms.katalon.core.webui.keyword.builtin.VerifyElementVisibleKeyword.execute(VerifyElementVisibleKeyword.groovy:67)
	at com.kms.katalon.core.keyword.internal.KeywordExecutor.executeKeywordForPlatform(KeywordExecutor.groovy:74)
	at com.kms.katalon.core.webui.keyword.WebUiBuiltInKeywords.verifyElementVisible(WebUiBuiltInKeywords.groovy:401)
	at com.kms.katalon.core.webui.keyword.WebUiBuiltInKeywords$verifyElementVisible$5.call(Unknown Source)
	at Delete Order.run(Delete Order:32)
	at com.kms.katalon.core.main.ScriptEngine.run(ScriptEngine.java:194)
	at com.kms.katalon.core.main.ScriptEngine.runScriptAsRawText(ScriptEngine.java:119)
	at com.kms.katalon.core.main.TestCaseExecutor.runScript(TestCaseExecutor.java:448)
	at com.kms.katalon.core.main.TestCaseExecutor.doExecute(TestCaseExecutor.java:439)
	at com.kms.katalon.core.main.TestCaseExecutor.processExecutionPhase(TestCaseExecutor.java:418)
	at com.kms.katalon.core.main.TestCaseExecutor.accessMainPhase(TestCaseExecutor.java:410)
	at com.kms.katalon.core.main.TestCaseExecutor.execute(TestCaseExecutor.java:285)
	at com.kms.katalon.core.common.CommonExecutor.accessTestCaseMainPhase(CommonExecutor.java:65)
	at com.kms.katalon.core.main.TestSuiteExecutor.accessTestSuiteMainPhase(TestSuiteExecutor.java:150)
	at com.kms.katalon.core.main.TestSuiteExecutor.execute(TestSuiteExecutor.java:106)
	at com.kms.katalon.core.main.TestCaseMain.startTestSuite(TestCaseMain.java:180)
	at com.kms.katalon.core.main.TestCaseMain$startTestSuite$0.call(Unknown Source)
	at TempTestSuite1761090815312.run(TempTestSuite1761090815312.groovy:35)
	at java.base/jdk.internal.reflect.NativeMethodAccessorImpl.invoke0(Native Method)
	at java.base/jdk.internal.reflect.NativeMethodAccessorImpl.invoke(NativeMethodAccessorImpl.java:77)
	at java.base/jdk.internal.reflect.DelegatingMethodAccessorImpl.invoke(DelegatingMethodAccessorImpl.java:43)
)

21-10-2025T21:53:36 - [TEST_STEP][PASSED] - delay(1): Delayed 1 second(s)

21-10-2025T21:53:37 - [MESSAGE][PASSED] - Delayed 1 second(s)

21-10-2025T21:53:37 - [TEST_STEP][PASSED] - waitForElementClickable(findTestObject("FIM/Sites Page/Orders/Review New Orders/Review New Orders_btn"), 300): Object 'Object Repository/FIM/Sites Page/Orders/Review New Orders/Review New Orders_btn' is clickable

21-10-2025T21:53:37 - [MESSAGE][PASSED] - Object 'Object Repository/FIM/Sites Page/Orders/Review New Orders/Review New Orders_btn' is clickable

21-10-2025T21:53:37 - [TEST_STEP][PASSED] - click(findTestObject("FIM/Sites Page/Orders/Review New Orders/Review New Orders_btn")): Object: 'Object Repository/FIM/Sites Page/Orders/Review New Orders/Review New Orders_btn' is clicked on

21-10-2025T21:53:37 - [MESSAGE][PASSED] - Object: 'Object Repository/FIM/Sites Page/Orders/Review New Orders/Review New Orders_btn' is clicked on

21-10-2025T21:53:37 - [TEST_STEP][PASSED] - delay(2): Delayed 2 second(s)

21-10-2025T21:53:39 - [MESSAGE][PASSED] - Delayed 2 second(s)

21-10-2025T21:53:39 - [TEST_STEP][PASSED] - click(findTestObject("FIM/Sites Page/Orders/Review New Orders/Delete New Order/1st Delete New Orders_btn")): Object: 'Object Repository/FIM/Sites Page/Orders/Review New Orders/Delete New Order/1st Delete New Orders_btn' is clicked on

21-10-2025T21:53:39 - [MESSAGE][PASSED] - Object: 'Object Repository/FIM/Sites Page/Orders/Review New Orders/Delete New Order/1st Delete New Orders_btn' is clicked on

21-10-2025T21:53:39 - [TEST_STEP][PASSED] - click(findTestObject("FIM/Sites Page/Orders/Review New Orders/Delete New Order/Delete New Order Delete_btn")): Object: 'Object Repository/FIM/Sites Page/Orders/Review New Orders/Delete New Order/Delete New Order Delete_btn' is clicked on

21-10-2025T21:53:39 - [MESSAGE][PASSED] - Object: 'Object Repository/FIM/Sites Page/Orders/Review New Orders/Delete New Order/Delete New Order Delete_btn' is clicked on

21-10-2025T21:53:39 - [TEST_STEP][PASSED] - verifyElementPresent(findTestObject("FIM/Sites Page/Orders/Create Order/Order Creation Message"), 15): Object 'Object Repository/FIM/Sites Page/Orders/Create Order/Order Creation Message' is present

21-10-2025T21:53:39 - [MESSAGE][PASSED] - Object 'Object Repository/FIM/Sites Page/Orders/Create Order/Order Creation Message' is present

21-10-2025T21:53:39 - [TEST_STEP][PASSED] - verifyElementText(findTestObject("FIM/Sites Page/Orders/Create Order/Order Creation Message"), "Order has been deleted"): Actual text and expected text of test object 'Object Repository/FIM/Sites Page/Orders/Create Order/Order Creation Message' are matched.

21-10-2025T21:53:39 - [MESSAGE][PASSED] - Actual text and expected text of test object 'Object Repository/FIM/Sites Page/Orders/Create Order/Order Creation Message' are matched.

21-10-2025T21:53:39 - [TEST_STEP][PASSED] - closeBrowser(): Browser is closed

21-10-2025T21:53:40 - [MESSAGE][PASSED] - Browser is closed

21-10-2025T21:53:40 - [TEST_STEP][PASSED] - Start listener action : retryOnDisconnect: null

21-10-2025T21:53:40 - [TEST_STEP][PASSED] - tcId = testCaseContext.getTestCaseId(): null

21-10-2025T21:53:40 - [TEST_STEP][PASSED] - currentRetry = retryCounts.getOrDefault(tcId, 0): null

21-10-2025T21:53:40 - [TEST_STEP][PASSED] - if (testCaseContext.getTestCaseStatus() == "FAILED" && currentRetry < MAX_RETRIES): null]]></system-out>
         <system-err><![CDATA[]]></system-err>
      </testcase>
      <testcase name="Test Cases/FIM/UI/Kenan/Admin/Sites Page/Orders/Create Order with Order Remarks Comment" time="28.804" classname="Test Cases/FIM/UI/Kenan/Admin/Sites Page/Orders/Create Order with Order Remarks Comment" status="PASSED">
         <system-out><![CDATA[21-10-2025T21:53:40 - [TEST_CASE][PASSED] - Test Cases/FIM/UI/Kenan/Admin/Sites Page/Orders/Create Order with Order Remarks Comment: Test Cases/FIM/UI/Kenan/Admin/Sites Page/Orders/Create Order with Order Remarks Comment

21-10-2025T21:53:40 - [TEST_STEP][PASSED] - Start listener action : beforeTestCase: null

21-10-2025T21:53:40 - [TEST_STEP][PASSED] - addDefaultPackages(): null

21-10-2025T21:53:40 - [TEST_STEP][PASSED] - openBrowser(""): Browser is opened with url: ''

21-10-2025T21:53:40 - [MESSAGE][INFO] - Starting 'Chrome' driver

21-10-2025T21:53:40 - [MESSAGE][INFO] - User set preference: ['args', '[--no-sandbox, --disable-gpu, --disable-dev-shm-usage]']

21-10-2025T21:53:40 - [MESSAGE][INFO] - Action delay is set to 0 milliseconds

21-10-2025T21:53:40 - [MESSAGE][PASSED] - Browser is opened with url: ''

21-10-2025T21:53:40 - [TEST_STEP][PASSED] - navigateToUrl(TURK104SitesURL): Navigate to 'https://kag-inventory-management-portal.qa.thekag.com/site/TURK104?cg=-1&r=-1&i=i' successfully

21-10-2025T21:53:41 - [MESSAGE][PASSED] - Navigate to 'https://kag-inventory-management-portal.qa.thekag.com/site/TURK104?cg=-1&r=-1&i=i' successfully

21-10-2025T21:53:41 - [TEST_STEP][PASSED] - maximizeWindow(): Current window maximized

21-10-2025T21:53:41 - [MESSAGE][PASSED] - Current window maximized

21-10-2025T21:53:41 - [TEST_STEP][PASSED] - setText(findTestObject("FIM/Username_txt"), "Chris.Sheldon+DES_QA@Thekag.com"): Text 'Chris.Sheldon+DES_QA@Thekag.com' is set on object 'Object Repository/FIM/Username_txt'

21-10-2025T21:53:41 - [MESSAGE][PASSED] - Text 'Chris.Sheldon+DES_QA@Thekag.com' is set on object 'Object Repository/FIM/Username_txt'

21-10-2025T21:53:41 - [TEST_STEP][PASSED] - setText(findTestObject("FIM/Password_txt"), "QATest!2"): Text 'QATest!2' is set on object 'Object Repository/FIM/Password_txt'

21-10-2025T21:53:41 - [MESSAGE][PASSED] - Text 'QATest!2' is set on object 'Object Repository/FIM/Password_txt'

21-10-2025T21:53:41 - [TEST_STEP][PASSED] - click(findTestObject("FIM/Login_btn")): Object: 'Object Repository/FIM/Login_btn' is clicked on

21-10-2025T21:53:42 - [MESSAGE][PASSED] - Object: 'Object Repository/FIM/Login_btn' is clicked on

21-10-2025T21:53:42 - [TEST_STEP][PASSED] - if (verifyElementVisible(findTestObject("FIM/Server_Notification_Close_btn"), OPTIONAL) == true): Web element with id: 'Object Repository/FIM/Server_Notification_Close_btn' located by '/html/body/div/div[1]/button' not found (Root cause: com.kms.katalon.core.exception.StepFailedException: Web element with id: 'Object Repository/FIM/Server_Notification_Close_btn' located by '/html/body/div/div[1]/button' not found
	at com.kms.katalon.core.webui.keyword.internal.WebUIKeywordMain.stepFailed(WebUIKeywordMain.groovy:117)
	at com.kms.katalon.core.webui.keyword.builtin.VerifyElementVisibleKeyword$_verifyElementVisible_closure1.doCall(VerifyElementVisibleKeyword.groovy:89)
	at com.kms.katalon.core.webui.keyword.builtin.VerifyElementVisibleKeyword$_verifyElementVisible_closure1.call(VerifyElementVisibleKeyword.groovy)
	at com.kms.katalon.core.webui.keyword.internal.WebUIKeywordMain.runKeyword(WebUIKeywordMain.groovy:35)
	at com.kms.katalon.core.webui.keyword.builtin.VerifyElementVisibleKeyword.verifyElementVisible(VerifyElementVisibleKeyword.groovy:97)
	at com.kms.katalon.core.webui.keyword.builtin.VerifyElementVisibleKeyword.execute(VerifyElementVisibleKeyword.groovy:67)
	at com.kms.katalon.core.keyword.internal.KeywordExecutor.executeKeywordForPlatform(KeywordExecutor.groovy:74)
	at com.kms.katalon.core.webui.keyword.WebUiBuiltInKeywords.verifyElementVisible(WebUiBuiltInKeywords.groovy:401)
	at com.kms.katalon.core.webui.keyword.WebUiBuiltInKeywords$verifyElementVisible$5.call(Unknown Source)
	at Create Order with Order Remarks Comment.run(Create Order with Order Remarks Comment:32)
	at com.kms.katalon.core.main.ScriptEngine.run(ScriptEngine.java:194)
	at com.kms.katalon.core.main.ScriptEngine.runScriptAsRawText(ScriptEngine.java:119)
	at com.kms.katalon.core.main.TestCaseExecutor.runScript(TestCaseExecutor.java:448)
	at com.kms.katalon.core.main.TestCaseExecutor.doExecute(TestCaseExecutor.java:439)
	at com.kms.katalon.core.main.TestCaseExecutor.processExecutionPhase(TestCaseExecutor.java:418)
	at com.kms.katalon.core.main.TestCaseExecutor.accessMainPhase(TestCaseExecutor.java:410)
	at com.kms.katalon.core.main.TestCaseExecutor.execute(TestCaseExecutor.java:285)
	at com.kms.katalon.core.common.CommonExecutor.accessTestCaseMainPhase(CommonExecutor.java:65)
	at com.kms.katalon.core.main.TestSuiteExecutor.accessTestSuiteMainPhase(TestSuiteExecutor.java:150)
	at com.kms.katalon.core.main.TestSuiteExecutor.execute(TestSuiteExecutor.java:106)
	at com.kms.katalon.core.main.TestCaseMain.startTestSuite(TestCaseMain.java:180)
	at com.kms.katalon.core.main.TestCaseMain$startTestSuite$0.call(Unknown Source)
	at TempTestSuite1761090815312.run(TempTestSuite1761090815312.groovy:35)
	at java.base/jdk.internal.reflect.NativeMethodAccessorImpl.invoke0(Native Method)
	at java.base/jdk.internal.reflect.NativeMethodAccessorImpl.invoke(NativeMethodAccessorImpl.java:77)
	at java.base/jdk.internal.reflect.DelegatingMethodAccessorImpl.invoke(DelegatingMethodAccessorImpl.java:43)
)

21-10-2025T21:53:58 - [MESSAGE][INFO] - Unable to find the element located by 'By.xpath: /html/body/div/div[1]/button'. Please recheck the objects properties to make sure the desired element is located. 

21-10-2025T21:53:58 - [MESSAGE][WARNING] - [SELF-HEALING] Failed to find element with id 'Object Repository/FIM/Server_Notification_Close_btn'. Try using Self-healing.

21-10-2025T21:53:59 - [MESSAGE][INFO] - [SELF-HEALING] No working XPath is found.

21-10-2025T21:54:01 - [MESSAGE][INFO] - Unable to find the element located by 'By.xpath: '. Please recheck the objects properties to make sure the desired element is located. 

21-10-2025T21:54:01 - [MESSAGE][WARNING] - [SELF-HEALING] Cannot find elements when the selector is null

21-10-2025T21:54:01 - [MESSAGE][WARNING] - Web element with id: 'Object Repository/FIM/Server_Notification_Close_btn' located by '/html/body/div/div[1]/button' not found (Root cause: com.kms.katalon.core.exception.StepFailedException: Web element with id: 'Object Repository/FIM/Server_Notification_Close_btn' located by '/html/body/div/div[1]/button' not found
	at com.kms.katalon.core.webui.keyword.internal.WebUIKeywordMain.stepFailed(WebUIKeywordMain.groovy:117)
	at com.kms.katalon.core.webui.keyword.builtin.VerifyElementVisibleKeyword$_verifyElementVisible_closure1.doCall(VerifyElementVisibleKeyword.groovy:89)
	at com.kms.katalon.core.webui.keyword.builtin.VerifyElementVisibleKeyword$_verifyElementVisible_closure1.call(VerifyElementVisibleKeyword.groovy)
	at com.kms.katalon.core.webui.keyword.internal.WebUIKeywordMain.runKeyword(WebUIKeywordMain.groovy:35)
	at com.kms.katalon.core.webui.keyword.builtin.VerifyElementVisibleKeyword.verifyElementVisible(VerifyElementVisibleKeyword.groovy:97)
	at com.kms.katalon.core.webui.keyword.builtin.VerifyElementVisibleKeyword.execute(VerifyElementVisibleKeyword.groovy:67)
	at com.kms.katalon.core.keyword.internal.KeywordExecutor.executeKeywordForPlatform(KeywordExecutor.groovy:74)
	at com.kms.katalon.core.webui.keyword.WebUiBuiltInKeywords.verifyElementVisible(WebUiBuiltInKeywords.groovy:401)
	at com.kms.katalon.core.webui.keyword.WebUiBuiltInKeywords$verifyElementVisible$5.call(Unknown Source)
	at Create Order with Order Remarks Comment.run(Create Order with Order Remarks Comment:32)
	at com.kms.katalon.core.main.ScriptEngine.run(ScriptEngine.java:194)
	at com.kms.katalon.core.main.ScriptEngine.runScriptAsRawText(ScriptEngine.java:119)
	at com.kms.katalon.core.main.TestCaseExecutor.runScript(TestCaseExecutor.java:448)
	at com.kms.katalon.core.main.TestCaseExecutor.doExecute(TestCaseExecutor.java:439)
	at com.kms.katalon.core.main.TestCaseExecutor.processExecutionPhase(TestCaseExecutor.java:418)
	at com.kms.katalon.core.main.TestCaseExecutor.accessMainPhase(TestCaseExecutor.java:410)
	at com.kms.katalon.core.main.TestCaseExecutor.execute(TestCaseExecutor.java:285)
	at com.kms.katalon.core.common.CommonExecutor.accessTestCaseMainPhase(CommonExecutor.java:65)
	at com.kms.katalon.core.main.TestSuiteExecutor.accessTestSuiteMainPhase(TestSuiteExecutor.java:150)
	at com.kms.katalon.core.main.TestSuiteExecutor.execute(TestSuiteExecutor.java:106)
	at com.kms.katalon.core.main.TestCaseMain.startTestSuite(TestCaseMain.java:180)
	at com.kms.katalon.core.main.TestCaseMain$startTestSuite$0.call(Unknown Source)
	at TempTestSuite1761090815312.run(TempTestSuite1761090815312.groovy:35)
	at java.base/jdk.internal.reflect.NativeMethodAccessorImpl.invoke0(Native Method)
	at java.base/jdk.internal.reflect.NativeMethodAccessorImpl.invoke(NativeMethodAccessorImpl.java:77)
	at java.base/jdk.internal.reflect.DelegatingMethodAccessorImpl.invoke(DelegatingMethodAccessorImpl.java:43)
)

21-10-2025T21:54:01 - [TEST_STEP][PASSED] - delay(1): Delayed 1 second(s)

21-10-2025T21:54:02 - [MESSAGE][PASSED] - Delayed 1 second(s)

21-10-2025T21:54:02 - [TEST_STEP][PASSED] - waitForElementClickable(findTestObject("FIM/Sites Page/Orders/Create Order/CreateOrder_btn"), 300): Object 'Object Repository/FIM/Sites Page/Orders/Create Order/CreateOrder_btn' is clickable

21-10-2025T21:54:02 - [MESSAGE][PASSED] - Object 'Object Repository/FIM/Sites Page/Orders/Create Order/CreateOrder_btn' is clickable

21-10-2025T21:54:02 - [TEST_STEP][PASSED] - click(findTestObject("FIM/Sites Page/Orders/Create Order/CreateOrder_btn"), OPTIONAL): Object: 'Object Repository/FIM/Sites Page/Orders/Create Order/CreateOrder_btn' is clicked on

21-10-2025T21:54:02 - [MESSAGE][PASSED] - Object: 'Object Repository/FIM/Sites Page/Orders/Create Order/CreateOrder_btn' is clicked on

21-10-2025T21:54:02 - [TEST_STEP][PASSED] - delay(1): Delayed 1 second(s)

21-10-2025T21:54:03 - [MESSAGE][PASSED] - Delayed 1 second(s)

21-10-2025T21:54:03 - [TEST_STEP][PASSED] - clearText(findTestObject("FIM/Sites Page/Orders/Create Order/30PRM_txt (1)")): Text of object 'Object Repository/FIM/Sites Page/Orders/Create Order/30PRM_txt (1)' is cleared

21-10-2025T21:54:04 - [MESSAGE][PASSED] - Text of object 'Object Repository/FIM/Sites Page/Orders/Create Order/30PRM_txt (1)' is cleared

21-10-2025T21:54:04 - [TEST_STEP][PASSED] - delay(1): Delayed 1 second(s)

21-10-2025T21:54:05 - [MESSAGE][PASSED] - Delayed 1 second(s)

21-10-2025T21:54:05 - [TEST_STEP][PASSED] - sendKeys(findTestObject("FIM/Sites Page/Orders/Create Order/30PRM_txt (1)"), "5000"): Keys '5000' sent to object: 'Object Repository/FIM/Sites Page/Orders/Create Order/30PRM_txt (1)'

21-10-2025T21:54:05 - [MESSAGE][PASSED] - Keys '5000' sent to object: 'Object Repository/FIM/Sites Page/Orders/Create Order/30PRM_txt (1)'

21-10-2025T21:54:05 - [TEST_STEP][PASSED] - delay(2): Delayed 2 second(s)

21-10-2025T21:54:07 - [MESSAGE][PASSED] - Delayed 2 second(s)

21-10-2025T21:54:07 - [TEST_STEP][PASSED] - sendKeys(findTestObject("FIM/Sites Page/Orders/Create Order/Order Remarks_txt"), "This is a test. This is only for a test."): Keys 'This is a test. This is only for a test.' sent to object: 'Object Repository/FIM/Sites Page/Orders/Create Order/Order Remarks_txt'

21-10-2025T21:54:07 - [MESSAGE][PASSED] - Keys 'This is a test. This is only for a test.' sent to object: 'Object Repository/FIM/Sites Page/Orders/Create Order/Order Remarks_txt'

21-10-2025T21:54:07 - [TEST_STEP][PASSED] - click(findTestObject("FIM/Sites Page/Orders/Save_btn")): Object: 'Object Repository/FIM/Sites Page/Orders/Save_btn' is clicked on

21-10-2025T21:54:07 - [MESSAGE][PASSED] - Object: 'Object Repository/FIM/Sites Page/Orders/Save_btn' is clicked on

21-10-2025T21:54:07 - [TEST_STEP][PASSED] - delay(1): Delayed 1 second(s)

21-10-2025T21:54:08 - [MESSAGE][PASSED] - Delayed 1 second(s)

21-10-2025T21:54:08 - [TEST_STEP][PASSED] - verifyElementVisible(findTestObject("FIM/Sites Page/Orders/Create Order/Order Creation Message"), STOP_ON_FAILURE): Object 'Object Repository/FIM/Sites Page/Orders/Create Order/Order Creation Message' is visible

21-10-2025T21:54:08 - [MESSAGE][PASSED] - Object 'Object Repository/FIM/Sites Page/Orders/Create Order/Order Creation Message' is visible

21-10-2025T21:54:08 - [TEST_STEP][PASSED] - verifyElementText(findTestObject("FIM/Sites Page/Orders/Create Order/Order Creation Message"), "New order has been added"): Actual text and expected text of test object 'Object Repository/FIM/Sites Page/Orders/Create Order/Order Creation Message' are matched.

21-10-2025T21:54:08 - [MESSAGE][PASSED] - Actual text and expected text of test object 'Object Repository/FIM/Sites Page/Orders/Create Order/Order Creation Message' are matched.

21-10-2025T21:54:08 - [TEST_STEP][PASSED] - closeBrowser(): Browser is closed

21-10-2025T21:54:08 - [MESSAGE][PASSED] - Browser is closed

21-10-2025T21:54:08 - [TEST_STEP][PASSED] - Start listener action : retryOnDisconnect: null

21-10-2025T21:54:08 - [TEST_STEP][PASSED] - tcId = testCaseContext.getTestCaseId(): null

21-10-2025T21:54:08 - [TEST_STEP][PASSED] - currentRetry = retryCounts.getOrDefault(tcId, 0): null

21-10-2025T21:54:08 - [TEST_STEP][PASSED] - if (testCaseContext.getTestCaseStatus() == "FAILED" && currentRetry < MAX_RETRIES): null]]></system-out>
         <system-err><![CDATA[]]></system-err>
      </testcase>
      <testcase name="Test Cases/FIM/UI/Kenan/Admin/Sites Page/Orders/Create Order With Customer Shift Comment" time="28.11" classname="Test Cases/FIM/UI/Kenan/Admin/Sites Page/Orders/Create Order With Customer Shift Comment" status="PASSED">
         <system-out><![CDATA[21-10-2025T21:54:08 - [TEST_CASE][PASSED] - Test Cases/FIM/UI/Kenan/Admin/Sites Page/Orders/Create Order With Customer Shift Comment: Test Cases/FIM/UI/Kenan/Admin/Sites Page/Orders/Create Order With Customer Shift Comment

21-10-2025T21:54:08 - [TEST_STEP][PASSED] - Start listener action : beforeTestCase: null

21-10-2025T21:54:08 - [TEST_STEP][PASSED] - addDefaultPackages(): null

21-10-2025T21:54:08 - [TEST_STEP][PASSED] - openBrowser(""): Browser is opened with url: ''

21-10-2025T21:54:08 - [MESSAGE][INFO] - Starting 'Chrome' driver

21-10-2025T21:54:08 - [MESSAGE][INFO] - User set preference: ['args', '[--no-sandbox, --disable-gpu, --disable-dev-shm-usage]']

21-10-2025T21:54:08 - [MESSAGE][INFO] - Action delay is set to 0 milliseconds

21-10-2025T21:54:09 - [MESSAGE][PASSED] - Browser is opened with url: ''

21-10-2025T21:54:09 - [TEST_STEP][PASSED] - navigateToUrl(TURK104SitesURL): Navigate to 'https://kag-inventory-management-portal.qa.thekag.com/site/TURK104?cg=-1&r=-1&i=i' successfully

21-10-2025T21:54:10 - [MESSAGE][PASSED] - Navigate to 'https://kag-inventory-management-portal.qa.thekag.com/site/TURK104?cg=-1&r=-1&i=i' successfully

21-10-2025T21:54:10 - [TEST_STEP][PASSED] - maximizeWindow(): Current window maximized

21-10-2025T21:54:10 - [MESSAGE][PASSED] - Current window maximized

21-10-2025T21:54:10 - [TEST_STEP][PASSED] - setText(findTestObject("FIM/Username_txt"), "Chris.Sheldon+DES_QA@Thekag.com"): Text 'Chris.Sheldon+DES_QA@Thekag.com' is set on object 'Object Repository/FIM/Username_txt'

21-10-2025T21:54:10 - [MESSAGE][PASSED] - Text 'Chris.Sheldon+DES_QA@Thekag.com' is set on object 'Object Repository/FIM/Username_txt'

21-10-2025T21:54:10 - [TEST_STEP][PASSED] - setText(findTestObject("FIM/Password_txt"), "QATest!2"): Text 'QATest!2' is set on object 'Object Repository/FIM/Password_txt'

21-10-2025T21:54:10 - [MESSAGE][PASSED] - Text 'QATest!2' is set on object 'Object Repository/FIM/Password_txt'

21-10-2025T21:54:10 - [TEST_STEP][PASSED] - click(findTestObject("FIM/Login_btn")): Object: 'Object Repository/FIM/Login_btn' is clicked on

21-10-2025T21:54:10 - [MESSAGE][PASSED] - Object: 'Object Repository/FIM/Login_btn' is clicked on

21-10-2025T21:54:10 - [TEST_STEP][PASSED] - if (verifyElementVisible(findTestObject("FIM/Server_Notification_Close_btn"), OPTIONAL) == true): Web element with id: 'Object Repository/FIM/Server_Notification_Close_btn' located by '/html/body/div/div[1]/button' not found (Root cause: com.kms.katalon.core.exception.StepFailedException: Web element with id: 'Object Repository/FIM/Server_Notification_Close_btn' located by '/html/body/div/div[1]/button' not found
	at com.kms.katalon.core.webui.keyword.internal.WebUIKeywordMain.stepFailed(WebUIKeywordMain.groovy:117)
	at com.kms.katalon.core.webui.keyword.builtin.VerifyElementVisibleKeyword$_verifyElementVisible_closure1.doCall(VerifyElementVisibleKeyword.groovy:89)
	at com.kms.katalon.core.webui.keyword.builtin.VerifyElementVisibleKeyword$_verifyElementVisible_closure1.call(VerifyElementVisibleKeyword.groovy)
	at com.kms.katalon.core.webui.keyword.internal.WebUIKeywordMain.runKeyword(WebUIKeywordMain.groovy:35)
	at com.kms.katalon.core.webui.keyword.builtin.VerifyElementVisibleKeyword.verifyElementVisible(VerifyElementVisibleKeyword.groovy:97)
	at com.kms.katalon.core.webui.keyword.builtin.VerifyElementVisibleKeyword.execute(VerifyElementVisibleKeyword.groovy:67)
	at com.kms.katalon.core.keyword.internal.KeywordExecutor.executeKeywordForPlatform(KeywordExecutor.groovy:74)
	at com.kms.katalon.core.webui.keyword.WebUiBuiltInKeywords.verifyElementVisible(WebUiBuiltInKeywords.groovy:401)
	at com.kms.katalon.core.webui.keyword.WebUiBuiltInKeywords$verifyElementVisible$5.call(Unknown Source)
	at Create Order With Customer Shift Comment.run(Create Order With Customer Shift Comment:32)
	at com.kms.katalon.core.main.ScriptEngine.run(ScriptEngine.java:194)
	at com.kms.katalon.core.main.ScriptEngine.runScriptAsRawText(ScriptEngine.java:119)
	at com.kms.katalon.core.main.TestCaseExecutor.runScript(TestCaseExecutor.java:448)
	at com.kms.katalon.core.main.TestCaseExecutor.doExecute(TestCaseExecutor.java:439)
	at com.kms.katalon.core.main.TestCaseExecutor.processExecutionPhase(TestCaseExecutor.java:418)
	at com.kms.katalon.core.main.TestCaseExecutor.accessMainPhase(TestCaseExecutor.java:410)
	at com.kms.katalon.core.main.TestCaseExecutor.execute(TestCaseExecutor.java:285)
	at com.kms.katalon.core.common.CommonExecutor.accessTestCaseMainPhase(CommonExecutor.java:65)
	at com.kms.katalon.core.main.TestSuiteExecutor.accessTestSuiteMainPhase(TestSuiteExecutor.java:150)
	at com.kms.katalon.core.main.TestSuiteExecutor.execute(TestSuiteExecutor.java:106)
	at com.kms.katalon.core.main.TestCaseMain.startTestSuite(TestCaseMain.java:180)
	at com.kms.katalon.core.main.TestCaseMain$startTestSuite$0.call(Unknown Source)
	at TempTestSuite1761090815312.run(TempTestSuite1761090815312.groovy:35)
	at java.base/jdk.internal.reflect.NativeMethodAccessorImpl.invoke0(Native Method)
	at java.base/jdk.internal.reflect.NativeMethodAccessorImpl.invoke(NativeMethodAccessorImpl.java:77)
	at java.base/jdk.internal.reflect.DelegatingMethodAccessorImpl.invoke(DelegatingMethodAccessorImpl.java:43)
)

21-10-2025T21:54:26 - [MESSAGE][INFO] - Unable to find the element located by 'By.xpath: /html/body/div/div[1]/button'. Please recheck the objects properties to make sure the desired element is located. 

21-10-2025T21:54:26 - [MESSAGE][WARNING] - [SELF-HEALING] Failed to find element with id 'Object Repository/FIM/Server_Notification_Close_btn'. Try using Self-healing.

21-10-2025T21:54:27 - [MESSAGE][INFO] - [SELF-HEALING] No working XPath is found.

21-10-2025T21:54:29 - [MESSAGE][INFO] - Unable to find the element located by 'By.xpath: '. Please recheck the objects properties to make sure the desired element is located. 

21-10-2025T21:54:29 - [MESSAGE][WARNING] - [SELF-HEALING] Cannot find elements when the selector is null

21-10-2025T21:54:29 - [MESSAGE][WARNING] - Web element with id: 'Object Repository/FIM/Server_Notification_Close_btn' located by '/html/body/div/div[1]/button' not found (Root cause: com.kms.katalon.core.exception.StepFailedException: Web element with id: 'Object Repository/FIM/Server_Notification_Close_btn' located by '/html/body/div/div[1]/button' not found
	at com.kms.katalon.core.webui.keyword.internal.WebUIKeywordMain.stepFailed(WebUIKeywordMain.groovy:117)
	at com.kms.katalon.core.webui.keyword.builtin.VerifyElementVisibleKeyword$_verifyElementVisible_closure1.doCall(VerifyElementVisibleKeyword.groovy:89)
	at com.kms.katalon.core.webui.keyword.builtin.VerifyElementVisibleKeyword$_verifyElementVisible_closure1.call(VerifyElementVisibleKeyword.groovy)
	at com.kms.katalon.core.webui.keyword.internal.WebUIKeywordMain.runKeyword(WebUIKeywordMain.groovy:35)
	at com.kms.katalon.core.webui.keyword.builtin.VerifyElementVisibleKeyword.verifyElementVisible(VerifyElementVisibleKeyword.groovy:97)
	at com.kms.katalon.core.webui.keyword.builtin.VerifyElementVisibleKeyword.execute(VerifyElementVisibleKeyword.groovy:67)
	at com.kms.katalon.core.keyword.internal.KeywordExecutor.executeKeywordForPlatform(KeywordExecutor.groovy:74)
	at com.kms.katalon.core.webui.keyword.WebUiBuiltInKeywords.verifyElementVisible(WebUiBuiltInKeywords.groovy:401)
	at com.kms.katalon.core.webui.keyword.WebUiBuiltInKeywords$verifyElementVisible$5.call(Unknown Source)
	at Create Order With Customer Shift Comment.run(Create Order With Customer Shift Comment:32)
	at com.kms.katalon.core.main.ScriptEngine.run(ScriptEngine.java:194)
	at com.kms.katalon.core.main.ScriptEngine.runScriptAsRawText(ScriptEngine.java:119)
	at com.kms.katalon.core.main.TestCaseExecutor.runScript(TestCaseExecutor.java:448)
	at com.kms.katalon.core.main.TestCaseExecutor.doExecute(TestCaseExecutor.java:439)
	at com.kms.katalon.core.main.TestCaseExecutor.processExecutionPhase(TestCaseExecutor.java:418)
	at com.kms.katalon.core.main.TestCaseExecutor.accessMainPhase(TestCaseExecutor.java:410)
	at com.kms.katalon.core.main.TestCaseExecutor.execute(TestCaseExecutor.java:285)
	at com.kms.katalon.core.common.CommonExecutor.accessTestCaseMainPhase(CommonExecutor.java:65)
	at com.kms.katalon.core.main.TestSuiteExecutor.accessTestSuiteMainPhase(TestSuiteExecutor.java:150)
	at com.kms.katalon.core.main.TestSuiteExecutor.execute(TestSuiteExecutor.java:106)
	at com.kms.katalon.core.main.TestCaseMain.startTestSuite(TestCaseMain.java:180)
	at com.kms.katalon.core.main.TestCaseMain$startTestSuite$0.call(Unknown Source)
	at TempTestSuite1761090815312.run(TempTestSuite1761090815312.groovy:35)
	at java.base/jdk.internal.reflect.NativeMethodAccessorImpl.invoke0(Native Method)
	at java.base/jdk.internal.reflect.NativeMethodAccessorImpl.invoke(NativeMethodAccessorImpl.java:77)
	at java.base/jdk.internal.reflect.DelegatingMethodAccessorImpl.invoke(DelegatingMethodAccessorImpl.java:43)
)

21-10-2025T21:54:29 - [TEST_STEP][PASSED] - delay(1): Delayed 1 second(s)

21-10-2025T21:54:30 - [MESSAGE][PASSED] - Delayed 1 second(s)

21-10-2025T21:54:30 - [TEST_STEP][PASSED] - waitForElementClickable(findTestObject("FIM/Sites Page/Orders/Create Order/CreateOrder_btn"), 300): Object 'Object Repository/FIM/Sites Page/Orders/Create Order/CreateOrder_btn' is clickable

21-10-2025T21:54:31 - [MESSAGE][PASSED] - Object 'Object Repository/FIM/Sites Page/Orders/Create Order/CreateOrder_btn' is clickable

21-10-2025T21:54:31 - [TEST_STEP][PASSED] - click(findTestObject("FIM/Sites Page/Orders/Create Order/CreateOrder_btn"), OPTIONAL): Object: 'Object Repository/FIM/Sites Page/Orders/Create Order/CreateOrder_btn' is clicked on

21-10-2025T21:54:31 - [MESSAGE][PASSED] - Object: 'Object Repository/FIM/Sites Page/Orders/Create Order/CreateOrder_btn' is clicked on

21-10-2025T21:54:31 - [TEST_STEP][PASSED] - delay(1): Delayed 1 second(s)

21-10-2025T21:54:32 - [MESSAGE][PASSED] - Delayed 1 second(s)

21-10-2025T21:54:32 - [TEST_STEP][PASSED] - clearText(findTestObject("FIM/Sites Page/Orders/Create Order/30PRM_txt (1)")): Text of object 'Object Repository/FIM/Sites Page/Orders/Create Order/30PRM_txt (1)' is cleared

21-10-2025T21:54:32 - [MESSAGE][PASSED] - Text of object 'Object Repository/FIM/Sites Page/Orders/Create Order/30PRM_txt (1)' is cleared

21-10-2025T21:54:32 - [TEST_STEP][PASSED] - delay(1): Delayed 1 second(s)

21-10-2025T21:54:33 - [MESSAGE][PASSED] - Delayed 1 second(s)

21-10-2025T21:54:33 - [TEST_STEP][PASSED] - sendKeys(findTestObject("FIM/Sites Page/Orders/Create Order/30PRM_txt (1)"), "5000"): Keys '5000' sent to object: 'Object Repository/FIM/Sites Page/Orders/Create Order/30PRM_txt (1)'

21-10-2025T21:54:33 - [MESSAGE][PASSED] - Keys '5000' sent to object: 'Object Repository/FIM/Sites Page/Orders/Create Order/30PRM_txt (1)'

21-10-2025T21:54:33 - [TEST_STEP][PASSED] - delay(2): Delayed 2 second(s)

21-10-2025T21:54:35 - [MESSAGE][PASSED] - Delayed 2 second(s)

21-10-2025T21:54:35 - [TEST_STEP][PASSED] - sendKeys(findTestObject("FIM/Sites Page/Orders/Create Order/Customer Shift_txt"), "Morning - Evening"): Keys 'Morning - Evening' sent to object: 'Object Repository/FIM/Sites Page/Orders/Create Order/Customer Shift_txt'

21-10-2025T21:54:35 - [MESSAGE][PASSED] - Keys 'Morning - Evening' sent to object: 'Object Repository/FIM/Sites Page/Orders/Create Order/Customer Shift_txt'

21-10-2025T21:54:35 - [TEST_STEP][PASSED] - click(findTestObject("FIM/Sites Page/Orders/Save_btn")): Object: 'Object Repository/FIM/Sites Page/Orders/Save_btn' is clicked on

21-10-2025T21:54:35 - [MESSAGE][PASSED] - Object: 'Object Repository/FIM/Sites Page/Orders/Save_btn' is clicked on

21-10-2025T21:54:35 - [TEST_STEP][PASSED] - delay(1): Delayed 1 second(s)

21-10-2025T21:54:36 - [MESSAGE][PASSED] - Delayed 1 second(s)

21-10-2025T21:54:36 - [TEST_STEP][PASSED] - verifyElementVisible(findTestObject("FIM/Sites Page/Orders/Create Order/Order Creation Message"), STOP_ON_FAILURE): Object 'Object Repository/FIM/Sites Page/Orders/Create Order/Order Creation Message' is visible

21-10-2025T21:54:36 - [MESSAGE][PASSED] - Object 'Object Repository/FIM/Sites Page/Orders/Create Order/Order Creation Message' is visible

21-10-2025T21:54:36 - [TEST_STEP][PASSED] - verifyElementText(findTestObject("FIM/Sites Page/Orders/Create Order/Order Creation Message"), "New order has been added"): Actual text and expected text of test object 'Object Repository/FIM/Sites Page/Orders/Create Order/Order Creation Message' are matched.

21-10-2025T21:54:36 - [MESSAGE][PASSED] - Actual text and expected text of test object 'Object Repository/FIM/Sites Page/Orders/Create Order/Order Creation Message' are matched.

21-10-2025T21:54:36 - [TEST_STEP][PASSED] - closeBrowser(): Browser is closed

21-10-2025T21:54:36 - [MESSAGE][PASSED] - Browser is closed

21-10-2025T21:54:36 - [TEST_STEP][PASSED] - Start listener action : retryOnDisconnect: null

21-10-2025T21:54:36 - [TEST_STEP][PASSED] - tcId = testCaseContext.getTestCaseId(): null

21-10-2025T21:54:36 - [TEST_STEP][PASSED] - currentRetry = retryCounts.getOrDefault(tcId, 0): null

21-10-2025T21:54:36 - [TEST_STEP][PASSED] - if (testCaseContext.getTestCaseStatus() == "FAILED" && currentRetry < MAX_RETRIES): null]]></system-out>
         <system-err><![CDATA[]]></system-err>
      </testcase>
      <testcase name="Test Cases/FIM/UI/Kenan/Admin/Sites Page/Orders/Create Order With Release Number Comment" time="28.268" classname="Test Cases/FIM/UI/Kenan/Admin/Sites Page/Orders/Create Order With Release Number Comment" status="PASSED">
         <system-out><![CDATA[21-10-2025T21:54:36 - [TEST_CASE][PASSED] - Test Cases/FIM/UI/Kenan/Admin/Sites Page/Orders/Create Order With Release Number Comment: Test Cases/FIM/UI/Kenan/Admin/Sites Page/Orders/Create Order With Release Number Comment

21-10-2025T21:54:36 - [TEST_STEP][PASSED] - Start listener action : beforeTestCase: null

21-10-2025T21:54:36 - [TEST_STEP][PASSED] - addDefaultPackages(): null

21-10-2025T21:54:37 - [TEST_STEP][PASSED] - openBrowser(""): Browser is opened with url: ''

21-10-2025T21:54:37 - [MESSAGE][INFO] - Starting 'Chrome' driver

21-10-2025T21:54:37 - [MESSAGE][INFO] - User set preference: ['args', '[--no-sandbox, --disable-gpu, --disable-dev-shm-usage]']

21-10-2025T21:54:37 - [MESSAGE][INFO] - Action delay is set to 0 milliseconds

21-10-2025T21:54:37 - [MESSAGE][PASSED] - Browser is opened with url: ''

21-10-2025T21:54:37 - [TEST_STEP][PASSED] - navigateToUrl(TURK104SitesURL): Navigate to 'https://kag-inventory-management-portal.qa.thekag.com/site/TURK104?cg=-1&r=-1&i=i' successfully

21-10-2025T21:54:38 - [MESSAGE][PASSED] - Navigate to 'https://kag-inventory-management-portal.qa.thekag.com/site/TURK104?cg=-1&r=-1&i=i' successfully

21-10-2025T21:54:38 - [TEST_STEP][PASSED] - maximizeWindow(): Current window maximized

21-10-2025T21:54:38 - [MESSAGE][PASSED] - Current window maximized

21-10-2025T21:54:38 - [TEST_STEP][PASSED] - setText(findTestObject("FIM/Username_txt"), "Chris.Sheldon+DES_QA@Thekag.com"): Text 'Chris.Sheldon+DES_QA@Thekag.com' is set on object 'Object Repository/FIM/Username_txt'

21-10-2025T21:54:38 - [MESSAGE][PASSED] - Text 'Chris.Sheldon+DES_QA@Thekag.com' is set on object 'Object Repository/FIM/Username_txt'

21-10-2025T21:54:38 - [TEST_STEP][PASSED] - setText(findTestObject("FIM/Password_txt"), "QATest!2"): Text 'QATest!2' is set on object 'Object Repository/FIM/Password_txt'

21-10-2025T21:54:39 - [MESSAGE][PASSED] - Text 'QATest!2' is set on object 'Object Repository/FIM/Password_txt'

21-10-2025T21:54:39 - [TEST_STEP][PASSED] - click(findTestObject("FIM/Login_btn")): Object: 'Object Repository/FIM/Login_btn' is clicked on

21-10-2025T21:54:39 - [MESSAGE][PASSED] - Object: 'Object Repository/FIM/Login_btn' is clicked on

21-10-2025T21:54:39 - [TEST_STEP][PASSED] - if (verifyElementVisible(findTestObject("FIM/Server_Notification_Close_btn"), OPTIONAL) == true): Web element with id: 'Object Repository/FIM/Server_Notification_Close_btn' located by '/html/body/div/div[1]/button' not found (Root cause: com.kms.katalon.core.exception.StepFailedException: Web element with id: 'Object Repository/FIM/Server_Notification_Close_btn' located by '/html/body/div/div[1]/button' not found
	at com.kms.katalon.core.webui.keyword.internal.WebUIKeywordMain.stepFailed(WebUIKeywordMain.groovy:117)
	at com.kms.katalon.core.webui.keyword.builtin.VerifyElementVisibleKeyword$_verifyElementVisible_closure1.doCall(VerifyElementVisibleKeyword.groovy:89)
	at com.kms.katalon.core.webui.keyword.builtin.VerifyElementVisibleKeyword$_verifyElementVisible_closure1.call(VerifyElementVisibleKeyword.groovy)
	at com.kms.katalon.core.webui.keyword.internal.WebUIKeywordMain.runKeyword(WebUIKeywordMain.groovy:35)
	at com.kms.katalon.core.webui.keyword.builtin.VerifyElementVisibleKeyword.verifyElementVisible(VerifyElementVisibleKeyword.groovy:97)
	at com.kms.katalon.core.webui.keyword.builtin.VerifyElementVisibleKeyword.execute(VerifyElementVisibleKeyword.groovy:67)
	at com.kms.katalon.core.keyword.internal.KeywordExecutor.executeKeywordForPlatform(KeywordExecutor.groovy:74)
	at com.kms.katalon.core.webui.keyword.WebUiBuiltInKeywords.verifyElementVisible(WebUiBuiltInKeywords.groovy:401)
	at com.kms.katalon.core.webui.keyword.WebUiBuiltInKeywords$verifyElementVisible$5.call(Unknown Source)
	at Create Order With Release Number Comment.run(Create Order With Release Number Comment:32)
	at com.kms.katalon.core.main.ScriptEngine.run(ScriptEngine.java:194)
	at com.kms.katalon.core.main.ScriptEngine.runScriptAsRawText(ScriptEngine.java:119)
	at com.kms.katalon.core.main.TestCaseExecutor.runScript(TestCaseExecutor.java:448)
	at com.kms.katalon.core.main.TestCaseExecutor.doExecute(TestCaseExecutor.java:439)
	at com.kms.katalon.core.main.TestCaseExecutor.processExecutionPhase(TestCaseExecutor.java:418)
	at com.kms.katalon.core.main.TestCaseExecutor.accessMainPhase(TestCaseExecutor.java:410)
	at com.kms.katalon.core.main.TestCaseExecutor.execute(TestCaseExecutor.java:285)
	at com.kms.katalon.core.common.CommonExecutor.accessTestCaseMainPhase(CommonExecutor.java:65)
	at com.kms.katalon.core.main.TestSuiteExecutor.accessTestSuiteMainPhase(TestSuiteExecutor.java:150)
	at com.kms.katalon.core.main.TestSuiteExecutor.execute(TestSuiteExecutor.java:106)
	at com.kms.katalon.core.main.TestCaseMain.startTestSuite(TestCaseMain.java:180)
	at com.kms.katalon.core.main.TestCaseMain$startTestSuite$0.call(Unknown Source)
	at TempTestSuite1761090815312.run(TempTestSuite1761090815312.groovy:35)
	at java.base/jdk.internal.reflect.NativeMethodAccessorImpl.invoke0(Native Method)
	at java.base/jdk.internal.reflect.NativeMethodAccessorImpl.invoke(NativeMethodAccessorImpl.java:77)
	at java.base/jdk.internal.reflect.DelegatingMethodAccessorImpl.invoke(DelegatingMethodAccessorImpl.java:43)
)

21-10-2025T21:54:55 - [MESSAGE][INFO] - Unable to find the element located by 'By.xpath: /html/body/div/div[1]/button'. Please recheck the objects properties to make sure the desired element is located. 

21-10-2025T21:54:55 - [MESSAGE][WARNING] - [SELF-HEALING] Failed to find element with id 'Object Repository/FIM/Server_Notification_Close_btn'. Try using Self-healing.

21-10-2025T21:54:56 - [MESSAGE][INFO] - [SELF-HEALING] No working XPath is found.

21-10-2025T21:54:58 - [MESSAGE][INFO] - Unable to find the element located by 'By.xpath: '. Please recheck the objects properties to make sure the desired element is located. 

21-10-2025T21:54:58 - [MESSAGE][WARNING] - [SELF-HEALING] Cannot find elements when the selector is null

21-10-2025T21:54:58 - [MESSAGE][WARNING] - Web element with id: 'Object Repository/FIM/Server_Notification_Close_btn' located by '/html/body/div/div[1]/button' not found (Root cause: com.kms.katalon.core.exception.StepFailedException: Web element with id: 'Object Repository/FIM/Server_Notification_Close_btn' located by '/html/body/div/div[1]/button' not found
	at com.kms.katalon.core.webui.keyword.internal.WebUIKeywordMain.stepFailed(WebUIKeywordMain.groovy:117)
	at com.kms.katalon.core.webui.keyword.builtin.VerifyElementVisibleKeyword$_verifyElementVisible_closure1.doCall(VerifyElementVisibleKeyword.groovy:89)
	at com.kms.katalon.core.webui.keyword.builtin.VerifyElementVisibleKeyword$_verifyElementVisible_closure1.call(VerifyElementVisibleKeyword.groovy)
	at com.kms.katalon.core.webui.keyword.internal.WebUIKeywordMain.runKeyword(WebUIKeywordMain.groovy:35)
	at com.kms.katalon.core.webui.keyword.builtin.VerifyElementVisibleKeyword.verifyElementVisible(VerifyElementVisibleKeyword.groovy:97)
	at com.kms.katalon.core.webui.keyword.builtin.VerifyElementVisibleKeyword.execute(VerifyElementVisibleKeyword.groovy:67)
	at com.kms.katalon.core.keyword.internal.KeywordExecutor.executeKeywordForPlatform(KeywordExecutor.groovy:74)
	at com.kms.katalon.core.webui.keyword.WebUiBuiltInKeywords.verifyElementVisible(WebUiBuiltInKeywords.groovy:401)
	at com.kms.katalon.core.webui.keyword.WebUiBuiltInKeywords$verifyElementVisible$5.call(Unknown Source)
	at Create Order With Release Number Comment.run(Create Order With Release Number Comment:32)
	at com.kms.katalon.core.main.ScriptEngine.run(ScriptEngine.java:194)
	at com.kms.katalon.core.main.ScriptEngine.runScriptAsRawText(ScriptEngine.java:119)
	at com.kms.katalon.core.main.TestCaseExecutor.runScript(TestCaseExecutor.java:448)
	at com.kms.katalon.core.main.TestCaseExecutor.doExecute(TestCaseExecutor.java:439)
	at com.kms.katalon.core.main.TestCaseExecutor.processExecutionPhase(TestCaseExecutor.java:418)
	at com.kms.katalon.core.main.TestCaseExecutor.accessMainPhase(TestCaseExecutor.java:410)
	at com.kms.katalon.core.main.TestCaseExecutor.execute(TestCaseExecutor.java:285)
	at com.kms.katalon.core.common.CommonExecutor.accessTestCaseMainPhase(CommonExecutor.java:65)
	at com.kms.katalon.core.main.TestSuiteExecutor.accessTestSuiteMainPhase(TestSuiteExecutor.java:150)
	at com.kms.katalon.core.main.TestSuiteExecutor.execute(TestSuiteExecutor.java:106)
	at com.kms.katalon.core.main.TestCaseMain.startTestSuite(TestCaseMain.java:180)
	at com.kms.katalon.core.main.TestCaseMain$startTestSuite$0.call(Unknown Source)
	at TempTestSuite1761090815312.run(TempTestSuite1761090815312.groovy:35)
	at java.base/jdk.internal.reflect.NativeMethodAccessorImpl.invoke0(Native Method)
	at java.base/jdk.internal.reflect.NativeMethodAccessorImpl.invoke(NativeMethodAccessorImpl.java:77)
	at java.base/jdk.internal.reflect.DelegatingMethodAccessorImpl.invoke(DelegatingMethodAccessorImpl.java:43)
)

21-10-2025T21:54:58 - [TEST_STEP][PASSED] - delay(1): Delayed 1 second(s)

21-10-2025T21:54:59 - [MESSAGE][PASSED] - Delayed 1 second(s)

21-10-2025T21:54:59 - [TEST_STEP][PASSED] - waitForElementClickable(findTestObject("FIM/Sites Page/Orders/Create Order/CreateOrder_btn"), 300): Object 'Object Repository/FIM/Sites Page/Orders/Create Order/CreateOrder_btn' is clickable

21-10-2025T21:54:59 - [MESSAGE][PASSED] - Object 'Object Repository/FIM/Sites Page/Orders/Create Order/CreateOrder_btn' is clickable

21-10-2025T21:54:59 - [TEST_STEP][PASSED] - click(findTestObject("FIM/Sites Page/Orders/Create Order/CreateOrder_btn"), OPTIONAL): Object: 'Object Repository/FIM/Sites Page/Orders/Create Order/CreateOrder_btn' is clicked on

21-10-2025T21:54:59 - [MESSAGE][PASSED] - Object: 'Object Repository/FIM/Sites Page/Orders/Create Order/CreateOrder_btn' is clicked on

21-10-2025T21:54:59 - [TEST_STEP][PASSED] - delay(1): Delayed 1 second(s)

21-10-2025T21:55:00 - [MESSAGE][PASSED] - Delayed 1 second(s)

21-10-2025T21:55:00 - [TEST_STEP][PASSED] - clearText(findTestObject("FIM/Sites Page/Orders/Create Order/30PRM_txt (1)")): Text of object 'Object Repository/FIM/Sites Page/Orders/Create Order/30PRM_txt (1)' is cleared

21-10-2025T21:55:00 - [MESSAGE][PASSED] - Text of object 'Object Repository/FIM/Sites Page/Orders/Create Order/30PRM_txt (1)' is cleared

21-10-2025T21:55:00 - [TEST_STEP][PASSED] - delay(1): Delayed 1 second(s)

21-10-2025T21:55:01 - [MESSAGE][PASSED] - Delayed 1 second(s)

21-10-2025T21:55:01 - [TEST_STEP][PASSED] - sendKeys(findTestObject("FIM/Sites Page/Orders/Create Order/30PRM_txt (1)"), "5000"): Keys '5000' sent to object: 'Object Repository/FIM/Sites Page/Orders/Create Order/30PRM_txt (1)'

21-10-2025T21:55:01 - [MESSAGE][PASSED] - Keys '5000' sent to object: 'Object Repository/FIM/Sites Page/Orders/Create Order/30PRM_txt (1)'

21-10-2025T21:55:01 - [TEST_STEP][PASSED] - delay(2): Delayed 2 second(s)

21-10-2025T21:55:03 - [MESSAGE][PASSED] - Delayed 2 second(s)

21-10-2025T21:55:03 - [TEST_STEP][PASSED] - sendKeys(findTestObject("FIM/Sites Page/Orders/Create Order/Release Number_txt"), "05987451254"): Keys '05987451254' sent to object: 'Object Repository/FIM/Sites Page/Orders/Create Order/Release Number_txt'

21-10-2025T21:55:03 - [MESSAGE][PASSED] - Keys '05987451254' sent to object: 'Object Repository/FIM/Sites Page/Orders/Create Order/Release Number_txt'

21-10-2025T21:55:03 - [TEST_STEP][PASSED] - click(findTestObject("FIM/Sites Page/Orders/Save_btn")): Object: 'Object Repository/FIM/Sites Page/Orders/Save_btn' is clicked on

21-10-2025T21:55:03 - [MESSAGE][PASSED] - Object: 'Object Repository/FIM/Sites Page/Orders/Save_btn' is clicked on

21-10-2025T21:55:03 - [TEST_STEP][PASSED] - delay(1): Delayed 1 second(s)

21-10-2025T21:55:04 - [MESSAGE][PASSED] - Delayed 1 second(s)

21-10-2025T21:55:04 - [TEST_STEP][PASSED] - verifyElementVisible(findTestObject("FIM/Sites Page/Orders/Create Order/Order Creation Message"), STOP_ON_FAILURE): Object 'Object Repository/FIM/Sites Page/Orders/Create Order/Order Creation Message' is visible

21-10-2025T21:55:05 - [MESSAGE][PASSED] - Object 'Object Repository/FIM/Sites Page/Orders/Create Order/Order Creation Message' is visible

21-10-2025T21:55:05 - [TEST_STEP][PASSED] - verifyElementText(findTestObject("FIM/Sites Page/Orders/Create Order/Order Creation Message"), "New order has been added"): Actual text and expected text of test object 'Object Repository/FIM/Sites Page/Orders/Create Order/Order Creation Message' are matched.

21-10-2025T21:55:05 - [MESSAGE][PASSED] - Actual text and expected text of test object 'Object Repository/FIM/Sites Page/Orders/Create Order/Order Creation Message' are matched.

21-10-2025T21:55:05 - [TEST_STEP][PASSED] - closeBrowser(): Browser is closed

21-10-2025T21:55:05 - [MESSAGE][PASSED] - Browser is closed

21-10-2025T21:55:05 - [TEST_STEP][PASSED] - Start listener action : retryOnDisconnect: null

21-10-2025T21:55:05 - [TEST_STEP][PASSED] - tcId = testCaseContext.getTestCaseId(): null

21-10-2025T21:55:05 - [TEST_STEP][PASSED] - currentRetry = retryCounts.getOrDefault(tcId, 0): null

21-10-2025T21:55:05 - [TEST_STEP][PASSED] - if (testCaseContext.getTestCaseStatus() == "FAILED" && currentRetry < MAX_RETRIES): null]]></system-out>
         <system-err><![CDATA[]]></system-err>
      </testcase>
      <testcase name="Test Cases/FIM/UI/Kenan/Admin/Sites Page/Orders/Cancelling Deleting an Order" time="29.159" classname="Test Cases/FIM/UI/Kenan/Admin/Sites Page/Orders/Cancelling Deleting an Order" status="PASSED">
         <system-out><![CDATA[21-10-2025T21:55:05 - [TEST_CASE][PASSED] - Test Cases/FIM/UI/Kenan/Admin/Sites Page/Orders/Cancelling Deleting an Order: Test Cases/FIM/UI/Kenan/Admin/Sites Page/Orders/Cancelling Deleting an Order

21-10-2025T21:55:05 - [TEST_STEP][PASSED] - Start listener action : beforeTestCase: null

21-10-2025T21:55:05 - [TEST_STEP][PASSED] - addDefaultPackages(): null

21-10-2025T21:55:05 - [TEST_STEP][PASSED] - openBrowser(""): Browser is opened with url: ''

21-10-2025T21:55:05 - [MESSAGE][INFO] - Starting 'Chrome' driver

21-10-2025T21:55:05 - [MESSAGE][INFO] - User set preference: ['args', '[--no-sandbox, --disable-gpu, --disable-dev-shm-usage]']

21-10-2025T21:55:05 - [MESSAGE][INFO] - Action delay is set to 0 milliseconds

21-10-2025T21:55:06 - [MESSAGE][PASSED] - Browser is opened with url: ''

21-10-2025T21:55:06 - [TEST_STEP][PASSED] - navigateToUrl(TURK104SitesURL): Navigate to 'https://kag-inventory-management-portal.qa.thekag.com/site/TURK104?cg=-1&r=-1&i=i' successfully

21-10-2025T21:55:06 - [MESSAGE][PASSED] - Navigate to 'https://kag-inventory-management-portal.qa.thekag.com/site/TURK104?cg=-1&r=-1&i=i' successfully

21-10-2025T21:55:06 - [TEST_STEP][PASSED] - maximizeWindow(): Current window maximized

21-10-2025T21:55:07 - [MESSAGE][PASSED] - Current window maximized

21-10-2025T21:55:07 - [TEST_STEP][PASSED] - setText(findTestObject("FIM/Username_txt"), "Chris.Sheldon+DES_QA@Thekag.com"): Text 'Chris.Sheldon+DES_QA@Thekag.com' is set on object 'Object Repository/FIM/Username_txt'

21-10-2025T21:55:07 - [MESSAGE][PASSED] - Text 'Chris.Sheldon+DES_QA@Thekag.com' is set on object 'Object Repository/FIM/Username_txt'

21-10-2025T21:55:07 - [TEST_STEP][PASSED] - setText(findTestObject("FIM/Password_txt"), "QATest!2"): Text 'QATest!2' is set on object 'Object Repository/FIM/Password_txt'

21-10-2025T21:55:07 - [MESSAGE][PASSED] - Text 'QATest!2' is set on object 'Object Repository/FIM/Password_txt'

21-10-2025T21:55:07 - [TEST_STEP][PASSED] - click(findTestObject("FIM/Login_btn")): Object: 'Object Repository/FIM/Login_btn' is clicked on

21-10-2025T21:55:07 - [MESSAGE][PASSED] - Object: 'Object Repository/FIM/Login_btn' is clicked on

21-10-2025T21:55:07 - [TEST_STEP][PASSED] - if (verifyElementVisible(findTestObject("FIM/Server_Notification_Close_btn"), OPTIONAL) == true): Web element with id: 'Object Repository/FIM/Server_Notification_Close_btn' located by '/html/body/div/div[1]/button' not found (Root cause: com.kms.katalon.core.exception.StepFailedException: Web element with id: 'Object Repository/FIM/Server_Notification_Close_btn' located by '/html/body/div/div[1]/button' not found
	at com.kms.katalon.core.webui.keyword.internal.WebUIKeywordMain.stepFailed(WebUIKeywordMain.groovy:117)
	at com.kms.katalon.core.webui.keyword.builtin.VerifyElementVisibleKeyword$_verifyElementVisible_closure1.doCall(VerifyElementVisibleKeyword.groovy:89)
	at com.kms.katalon.core.webui.keyword.builtin.VerifyElementVisibleKeyword$_verifyElementVisible_closure1.call(VerifyElementVisibleKeyword.groovy)
	at com.kms.katalon.core.webui.keyword.internal.WebUIKeywordMain.runKeyword(WebUIKeywordMain.groovy:35)
	at com.kms.katalon.core.webui.keyword.builtin.VerifyElementVisibleKeyword.verifyElementVisible(VerifyElementVisibleKeyword.groovy:97)
	at com.kms.katalon.core.webui.keyword.builtin.VerifyElementVisibleKeyword.execute(VerifyElementVisibleKeyword.groovy:67)
	at com.kms.katalon.core.keyword.internal.KeywordExecutor.executeKeywordForPlatform(KeywordExecutor.groovy:74)
	at com.kms.katalon.core.webui.keyword.WebUiBuiltInKeywords.verifyElementVisible(WebUiBuiltInKeywords.groovy:401)
	at com.kms.katalon.core.webui.keyword.WebUiBuiltInKeywords$verifyElementVisible$5.call(Unknown Source)
	at Cancelling Deleting an Order.run(Cancelling Deleting an Order:32)
	at com.kms.katalon.core.main.ScriptEngine.run(ScriptEngine.java:194)
	at com.kms.katalon.core.main.ScriptEngine.runScriptAsRawText(ScriptEngine.java:119)
	at com.kms.katalon.core.main.TestCaseExecutor.runScript(TestCaseExecutor.java:448)
	at com.kms.katalon.core.main.TestCaseExecutor.doExecute(TestCaseExecutor.java:439)
	at com.kms.katalon.core.main.TestCaseExecutor.processExecutionPhase(TestCaseExecutor.java:418)
	at com.kms.katalon.core.main.TestCaseExecutor.accessMainPhase(TestCaseExecutor.java:410)
	at com.kms.katalon.core.main.TestCaseExecutor.execute(TestCaseExecutor.java:285)
	at com.kms.katalon.core.common.CommonExecutor.accessTestCaseMainPhase(CommonExecutor.java:65)
	at com.kms.katalon.core.main.TestSuiteExecutor.accessTestSuiteMainPhase(TestSuiteExecutor.java:150)
	at com.kms.katalon.core.main.TestSuiteExecutor.execute(TestSuiteExecutor.java:106)
	at com.kms.katalon.core.main.TestCaseMain.startTestSuite(TestCaseMain.java:180)
	at com.kms.katalon.core.main.TestCaseMain$startTestSuite$0.call(Unknown Source)
	at TempTestSuite1761090815312.run(TempTestSuite1761090815312.groovy:35)
	at java.base/jdk.internal.reflect.NativeMethodAccessorImpl.invoke0(Native Method)
	at java.base/jdk.internal.reflect.NativeMethodAccessorImpl.invoke(NativeMethodAccessorImpl.java:77)
	at java.base/jdk.internal.reflect.DelegatingMethodAccessorImpl.invoke(DelegatingMethodAccessorImpl.java:43)
)

21-10-2025T21:55:23 - [MESSAGE][INFO] - Unable to find the element located by 'By.xpath: /html/body/div/div[1]/button'. Please recheck the objects properties to make sure the desired element is located. 

21-10-2025T21:55:23 - [MESSAGE][WARNING] - [SELF-HEALING] Failed to find element with id 'Object Repository/FIM/Server_Notification_Close_btn'. Try using Self-healing.

21-10-2025T21:55:24 - [MESSAGE][INFO] - [SELF-HEALING] No working XPath is found.

21-10-2025T21:55:26 - [MESSAGE][INFO] - Unable to find the element located by 'By.xpath: '. Please recheck the objects properties to make sure the desired element is located. 

21-10-2025T21:55:26 - [MESSAGE][WARNING] - [SELF-HEALING] Cannot find elements when the selector is null

21-10-2025T21:55:26 - [MESSAGE][WARNING] - Web element with id: 'Object Repository/FIM/Server_Notification_Close_btn' located by '/html/body/div/div[1]/button' not found (Root cause: com.kms.katalon.core.exception.StepFailedException: Web element with id: 'Object Repository/FIM/Server_Notification_Close_btn' located by '/html/body/div/div[1]/button' not found
	at com.kms.katalon.core.webui.keyword.internal.WebUIKeywordMain.stepFailed(WebUIKeywordMain.groovy:117)
	at com.kms.katalon.core.webui.keyword.builtin.VerifyElementVisibleKeyword$_verifyElementVisible_closure1.doCall(VerifyElementVisibleKeyword.groovy:89)
	at com.kms.katalon.core.webui.keyword.builtin.VerifyElementVisibleKeyword$_verifyElementVisible_closure1.call(VerifyElementVisibleKeyword.groovy)
	at com.kms.katalon.core.webui.keyword.internal.WebUIKeywordMain.runKeyword(WebUIKeywordMain.groovy:35)
	at com.kms.katalon.core.webui.keyword.builtin.VerifyElementVisibleKeyword.verifyElementVisible(VerifyElementVisibleKeyword.groovy:97)
	at com.kms.katalon.core.webui.keyword.builtin.VerifyElementVisibleKeyword.execute(VerifyElementVisibleKeyword.groovy:67)
	at com.kms.katalon.core.keyword.internal.KeywordExecutor.executeKeywordForPlatform(KeywordExecutor.groovy:74)
	at com.kms.katalon.core.webui.keyword.WebUiBuiltInKeywords.verifyElementVisible(WebUiBuiltInKeywords.groovy:401)
	at com.kms.katalon.core.webui.keyword.WebUiBuiltInKeywords$verifyElementVisible$5.call(Unknown Source)
	at Cancelling Deleting an Order.run(Cancelling Deleting an Order:32)
	at com.kms.katalon.core.main.ScriptEngine.run(ScriptEngine.java:194)
	at com.kms.katalon.core.main.ScriptEngine.runScriptAsRawText(ScriptEngine.java:119)
	at com.kms.katalon.core.main.TestCaseExecutor.runScript(TestCaseExecutor.java:448)
	at com.kms.katalon.core.main.TestCaseExecutor.doExecute(TestCaseExecutor.java:439)
	at com.kms.katalon.core.main.TestCaseExecutor.processExecutionPhase(TestCaseExecutor.java:418)
	at com.kms.katalon.core.main.TestCaseExecutor.accessMainPhase(TestCaseExecutor.java:410)
	at com.kms.katalon.core.main.TestCaseExecutor.execute(TestCaseExecutor.java:285)
	at com.kms.katalon.core.common.CommonExecutor.accessTestCaseMainPhase(CommonExecutor.java:65)
	at com.kms.katalon.core.main.TestSuiteExecutor.accessTestSuiteMainPhase(TestSuiteExecutor.java:150)
	at com.kms.katalon.core.main.TestSuiteExecutor.execute(TestSuiteExecutor.java:106)
	at com.kms.katalon.core.main.TestCaseMain.startTestSuite(TestCaseMain.java:180)
	at com.kms.katalon.core.main.TestCaseMain$startTestSuite$0.call(Unknown Source)
	at TempTestSuite1761090815312.run(TempTestSuite1761090815312.groovy:35)
	at java.base/jdk.internal.reflect.NativeMethodAccessorImpl.invoke0(Native Method)
	at java.base/jdk.internal.reflect.NativeMethodAccessorImpl.invoke(NativeMethodAccessorImpl.java:77)
	at java.base/jdk.internal.reflect.DelegatingMethodAccessorImpl.invoke(DelegatingMethodAccessorImpl.java:43)
)

21-10-2025T21:55:26 - [TEST_STEP][PASSED] - delay(1): Delayed 1 second(s)

21-10-2025T21:55:27 - [MESSAGE][PASSED] - Delayed 1 second(s)

21-10-2025T21:55:27 - [TEST_STEP][PASSED] - waitForElementClickable(findTestObject("FIM/Sites Page/Orders/Review New Orders/Review New Orders_btn"), 300): Object 'Object Repository/FIM/Sites Page/Orders/Review New Orders/Review New Orders_btn' is clickable

21-10-2025T21:55:27 - [MESSAGE][PASSED] - Object 'Object Repository/FIM/Sites Page/Orders/Review New Orders/Review New Orders_btn' is clickable

21-10-2025T21:55:27 - [TEST_STEP][PASSED] - click(findTestObject("FIM/Sites Page/Orders/Review New Orders/Review New Orders_btn")): Object: 'Object Repository/FIM/Sites Page/Orders/Review New Orders/Review New Orders_btn' is clicked on

21-10-2025T21:55:27 - [MESSAGE][PASSED] - Object: 'Object Repository/FIM/Sites Page/Orders/Review New Orders/Review New Orders_btn' is clicked on

21-10-2025T21:55:27 - [TEST_STEP][PASSED] - delay(2): Delayed 2 second(s)

21-10-2025T21:55:29 - [MESSAGE][PASSED] - Delayed 2 second(s)

21-10-2025T21:55:29 - [TEST_STEP][PASSED] - click(findTestObject("FIM/Sites Page/Orders/Review New Orders/Delete New Order/1st Delete New Orders_btn")): Object: 'Object Repository/FIM/Sites Page/Orders/Review New Orders/Delete New Order/1st Delete New Orders_btn' is clicked on

21-10-2025T21:55:30 - [MESSAGE][PASSED] - Object: 'Object Repository/FIM/Sites Page/Orders/Review New Orders/Delete New Order/1st Delete New Orders_btn' is clicked on

21-10-2025T21:55:30 - [TEST_STEP][PASSED] - delay(2): Delayed 2 second(s)

21-10-2025T21:55:32 - [MESSAGE][PASSED] - Delayed 2 second(s)

21-10-2025T21:55:32 - [TEST_STEP][PASSED] - click(findTestObject("FIM/Sites Page/Orders/Review New Orders/Delete New Order/Delete New Order Cancel_btn")): Object: 'Object Repository/FIM/Sites Page/Orders/Review New Orders/Delete New Order/Delete New Order Cancel_btn' is clicked on

21-10-2025T21:55:32 - [MESSAGE][PASSED] - Object: 'Object Repository/FIM/Sites Page/Orders/Review New Orders/Delete New Order/Delete New Order Cancel_btn' is clicked on

21-10-2025T21:55:32 - [TEST_STEP][PASSED] - delay(2): Delayed 2 second(s)

21-10-2025T21:55:34 - [MESSAGE][PASSED] - Delayed 2 second(s)

21-10-2025T21:55:34 - [TEST_STEP][PASSED] - click(findTestObject("FIM/Sites Page/Orders/Review New Orders/Review New Orders Cancel_btn")): Object: 'Object Repository/FIM/Sites Page/Orders/Review New Orders/Review New Orders Cancel_btn' is clicked on

21-10-2025T21:55:34 - [MESSAGE][PASSED] - Object: 'Object Repository/FIM/Sites Page/Orders/Review New Orders/Review New Orders Cancel_btn' is clicked on

21-10-2025T21:55:34 - [TEST_STEP][PASSED] - closeBrowser(): Browser is closed

21-10-2025T21:55:34 - [MESSAGE][PASSED] - Browser is closed

21-10-2025T21:55:34 - [TEST_STEP][PASSED] - Start listener action : retryOnDisconnect: null

21-10-2025T21:55:34 - [TEST_STEP][PASSED] - tcId = testCaseContext.getTestCaseId(): null

21-10-2025T21:55:34 - [TEST_STEP][PASSED] - currentRetry = retryCounts.getOrDefault(tcId, 0): null

21-10-2025T21:55:34 - [TEST_STEP][PASSED] - if (testCaseContext.getTestCaseStatus() == "FAILED" && currentRetry < MAX_RETRIES): null]]></system-out>
         <system-err><![CDATA[]]></system-err>
      </testcase>
      <testcase name="Test Cases/FIM/UI/Kenan/Admin/Sites Page/Orders/Cancelling Creating an Order" time="28.314" classname="Test Cases/FIM/UI/Kenan/Admin/Sites Page/Orders/Cancelling Creating an Order" status="PASSED">
         <system-out><![CDATA[21-10-2025T21:55:34 - [TEST_CASE][PASSED] - Test Cases/FIM/UI/Kenan/Admin/Sites Page/Orders/Cancelling Creating an Order: Test Cases/FIM/UI/Kenan/Admin/Sites Page/Orders/Cancelling Creating an Order

21-10-2025T21:55:34 - [TEST_STEP][PASSED] - Start listener action : beforeTestCase: null

21-10-2025T21:55:34 - [TEST_STEP][PASSED] - addDefaultPackages(): null

21-10-2025T21:55:34 - [TEST_STEP][PASSED] - openBrowser(""): Browser is opened with url: ''

21-10-2025T21:55:34 - [MESSAGE][INFO] - Starting 'Chrome' driver

21-10-2025T21:55:34 - [MESSAGE][INFO] - User set preference: ['args', '[--no-sandbox, --disable-gpu, --disable-dev-shm-usage]']

21-10-2025T21:55:34 - [MESSAGE][INFO] - Action delay is set to 0 milliseconds

21-10-2025T21:55:35 - [MESSAGE][PASSED] - Browser is opened with url: ''

21-10-2025T21:55:35 - [TEST_STEP][PASSED] - navigateToUrl(TURK104SitesURL): Navigate to 'https://kag-inventory-management-portal.qa.thekag.com/site/TURK104?cg=-1&r=-1&i=i' successfully

21-10-2025T21:55:36 - [MESSAGE][PASSED] - Navigate to 'https://kag-inventory-management-portal.qa.thekag.com/site/TURK104?cg=-1&r=-1&i=i' successfully

21-10-2025T21:55:36 - [TEST_STEP][PASSED] - maximizeWindow(): Current window maximized

21-10-2025T21:55:36 - [MESSAGE][PASSED] - Current window maximized

21-10-2025T21:55:36 - [TEST_STEP][PASSED] - setText(findTestObject("FIM/Username_txt"), "Chris.Sheldon+DES_QA@Thekag.com"): Text 'Chris.Sheldon+DES_QA@Thekag.com' is set on object 'Object Repository/FIM/Username_txt'

21-10-2025T21:55:36 - [MESSAGE][PASSED] - Text 'Chris.Sheldon+DES_QA@Thekag.com' is set on object 'Object Repository/FIM/Username_txt'

21-10-2025T21:55:36 - [TEST_STEP][PASSED] - setText(findTestObject("FIM/Password_txt"), "QATest!2"): Text 'QATest!2' is set on object 'Object Repository/FIM/Password_txt'

21-10-2025T21:55:36 - [MESSAGE][PASSED] - Text 'QATest!2' is set on object 'Object Repository/FIM/Password_txt'

21-10-2025T21:55:36 - [TEST_STEP][PASSED] - click(findTestObject("FIM/Login_btn")): Object: 'Object Repository/FIM/Login_btn' is clicked on

21-10-2025T21:55:37 - [MESSAGE][PASSED] - Object: 'Object Repository/FIM/Login_btn' is clicked on

21-10-2025T21:55:37 - [TEST_STEP][PASSED] - if (verifyElementVisible(findTestObject("FIM/Server_Notification_Close_btn"), OPTIONAL) == true): Web element with id: 'Object Repository/FIM/Server_Notification_Close_btn' located by '/html/body/div/div[1]/button' not found (Root cause: com.kms.katalon.core.exception.StepFailedException: Web element with id: 'Object Repository/FIM/Server_Notification_Close_btn' located by '/html/body/div/div[1]/button' not found
	at com.kms.katalon.core.webui.keyword.internal.WebUIKeywordMain.stepFailed(WebUIKeywordMain.groovy:117)
	at com.kms.katalon.core.webui.keyword.builtin.VerifyElementVisibleKeyword$_verifyElementVisible_closure1.doCall(VerifyElementVisibleKeyword.groovy:89)
	at com.kms.katalon.core.webui.keyword.builtin.VerifyElementVisibleKeyword$_verifyElementVisible_closure1.call(VerifyElementVisibleKeyword.groovy)
	at com.kms.katalon.core.webui.keyword.internal.WebUIKeywordMain.runKeyword(WebUIKeywordMain.groovy:35)
	at com.kms.katalon.core.webui.keyword.builtin.VerifyElementVisibleKeyword.verifyElementVisible(VerifyElementVisibleKeyword.groovy:97)
	at com.kms.katalon.core.webui.keyword.builtin.VerifyElementVisibleKeyword.execute(VerifyElementVisibleKeyword.groovy:67)
	at com.kms.katalon.core.keyword.internal.KeywordExecutor.executeKeywordForPlatform(KeywordExecutor.groovy:74)
	at com.kms.katalon.core.webui.keyword.WebUiBuiltInKeywords.verifyElementVisible(WebUiBuiltInKeywords.groovy:401)
	at com.kms.katalon.core.webui.keyword.WebUiBuiltInKeywords$verifyElementVisible$5.call(Unknown Source)
	at Cancelling Creating an Order.run(Cancelling Creating an Order:32)
	at com.kms.katalon.core.main.ScriptEngine.run(ScriptEngine.java:194)
	at com.kms.katalon.core.main.ScriptEngine.runScriptAsRawText(ScriptEngine.java:119)
	at com.kms.katalon.core.main.TestCaseExecutor.runScript(TestCaseExecutor.java:448)
	at com.kms.katalon.core.main.TestCaseExecutor.doExecute(TestCaseExecutor.java:439)
	at com.kms.katalon.core.main.TestCaseExecutor.processExecutionPhase(TestCaseExecutor.java:418)
	at com.kms.katalon.core.main.TestCaseExecutor.accessMainPhase(TestCaseExecutor.java:410)
	at com.kms.katalon.core.main.TestCaseExecutor.execute(TestCaseExecutor.java:285)
	at com.kms.katalon.core.common.CommonExecutor.accessTestCaseMainPhase(CommonExecutor.java:65)
	at com.kms.katalon.core.main.TestSuiteExecutor.accessTestSuiteMainPhase(TestSuiteExecutor.java:150)
	at com.kms.katalon.core.main.TestSuiteExecutor.execute(TestSuiteExecutor.java:106)
	at com.kms.katalon.core.main.TestCaseMain.startTestSuite(TestCaseMain.java:180)
	at com.kms.katalon.core.main.TestCaseMain$startTestSuite$0.call(Unknown Source)
	at TempTestSuite1761090815312.run(TempTestSuite1761090815312.groovy:35)
	at java.base/jdk.internal.reflect.NativeMethodAccessorImpl.invoke0(Native Method)
	at java.base/jdk.internal.reflect.NativeMethodAccessorImpl.invoke(NativeMethodAccessorImpl.java:77)
	at java.base/jdk.internal.reflect.DelegatingMethodAccessorImpl.invoke(DelegatingMethodAccessorImpl.java:43)
)

21-10-2025T21:55:53 - [MESSAGE][INFO] - Unable to find the element located by 'By.xpath: /html/body/div/div[1]/button'. Please recheck the objects properties to make sure the desired element is located. 

21-10-2025T21:55:53 - [MESSAGE][WARNING] - [SELF-HEALING] Failed to find element with id 'Object Repository/FIM/Server_Notification_Close_btn'. Try using Self-healing.

21-10-2025T21:55:54 - [MESSAGE][INFO] - [SELF-HEALING] No working XPath is found.

21-10-2025T21:55:56 - [MESSAGE][INFO] - Unable to find the element located by 'By.xpath: '. Please recheck the objects properties to make sure the desired element is located. 

21-10-2025T21:55:56 - [MESSAGE][WARNING] - [SELF-HEALING] Cannot find elements when the selector is null

21-10-2025T21:55:56 - [MESSAGE][WARNING] - Web element with id: 'Object Repository/FIM/Server_Notification_Close_btn' located by '/html/body/div/div[1]/button' not found (Root cause: com.kms.katalon.core.exception.StepFailedException: Web element with id: 'Object Repository/FIM/Server_Notification_Close_btn' located by '/html/body/div/div[1]/button' not found
	at com.kms.katalon.core.webui.keyword.internal.WebUIKeywordMain.stepFailed(WebUIKeywordMain.groovy:117)
	at com.kms.katalon.core.webui.keyword.builtin.VerifyElementVisibleKeyword$_verifyElementVisible_closure1.doCall(VerifyElementVisibleKeyword.groovy:89)
	at com.kms.katalon.core.webui.keyword.builtin.VerifyElementVisibleKeyword$_verifyElementVisible_closure1.call(VerifyElementVisibleKeyword.groovy)
	at com.kms.katalon.core.webui.keyword.internal.WebUIKeywordMain.runKeyword(WebUIKeywordMain.groovy:35)
	at com.kms.katalon.core.webui.keyword.builtin.VerifyElementVisibleKeyword.verifyElementVisible(VerifyElementVisibleKeyword.groovy:97)
	at com.kms.katalon.core.webui.keyword.builtin.VerifyElementVisibleKeyword.execute(VerifyElementVisibleKeyword.groovy:67)
	at com.kms.katalon.core.keyword.internal.KeywordExecutor.executeKeywordForPlatform(KeywordExecutor.groovy:74)
	at com.kms.katalon.core.webui.keyword.WebUiBuiltInKeywords.verifyElementVisible(WebUiBuiltInKeywords.groovy:401)
	at com.kms.katalon.core.webui.keyword.WebUiBuiltInKeywords$verifyElementVisible$5.call(Unknown Source)
	at Cancelling Creating an Order.run(Cancelling Creating an Order:32)
	at com.kms.katalon.core.main.ScriptEngine.run(ScriptEngine.java:194)
	at com.kms.katalon.core.main.ScriptEngine.runScriptAsRawText(ScriptEngine.java:119)
	at com.kms.katalon.core.main.TestCaseExecutor.runScript(TestCaseExecutor.java:448)
	at com.kms.katalon.core.main.TestCaseExecutor.doExecute(TestCaseExecutor.java:439)
	at com.kms.katalon.core.main.TestCaseExecutor.processExecutionPhase(TestCaseExecutor.java:418)
	at com.kms.katalon.core.main.TestCaseExecutor.accessMainPhase(TestCaseExecutor.java:410)
	at com.kms.katalon.core.main.TestCaseExecutor.execute(TestCaseExecutor.java:285)
	at com.kms.katalon.core.common.CommonExecutor.accessTestCaseMainPhase(CommonExecutor.java:65)
	at com.kms.katalon.core.main.TestSuiteExecutor.accessTestSuiteMainPhase(TestSuiteExecutor.java:150)
	at com.kms.katalon.core.main.TestSuiteExecutor.execute(TestSuiteExecutor.java:106)
	at com.kms.katalon.core.main.TestCaseMain.startTestSuite(TestCaseMain.java:180)
	at com.kms.katalon.core.main.TestCaseMain$startTestSuite$0.call(Unknown Source)
	at TempTestSuite1761090815312.run(TempTestSuite1761090815312.groovy:35)
	at java.base/jdk.internal.reflect.NativeMethodAccessorImpl.invoke0(Native Method)
	at java.base/jdk.internal.reflect.NativeMethodAccessorImpl.invoke(NativeMethodAccessorImpl.java:77)
	at java.base/jdk.internal.reflect.DelegatingMethodAccessorImpl.invoke(DelegatingMethodAccessorImpl.java:43)
)

21-10-2025T21:55:56 - [TEST_STEP][PASSED] - delay(1): Delayed 1 second(s)

21-10-2025T21:55:57 - [MESSAGE][PASSED] - Delayed 1 second(s)

21-10-2025T21:55:57 - [TEST_STEP][PASSED] - waitForElementClickable(findTestObject("FIM/Sites Page/Orders/Create Order/CreateOrder_btn"), 300): Object 'Object Repository/FIM/Sites Page/Orders/Create Order/CreateOrder_btn' is clickable

21-10-2025T21:55:57 - [MESSAGE][PASSED] - Object 'Object Repository/FIM/Sites Page/Orders/Create Order/CreateOrder_btn' is clickable

21-10-2025T21:55:57 - [TEST_STEP][PASSED] - click(findTestObject("FIM/Sites Page/Orders/Create Order/CreateOrder_btn"), OPTIONAL): Object: 'Object Repository/FIM/Sites Page/Orders/Create Order/CreateOrder_btn' is clicked on

21-10-2025T21:55:57 - [MESSAGE][PASSED] - Object: 'Object Repository/FIM/Sites Page/Orders/Create Order/CreateOrder_btn' is clicked on

21-10-2025T21:55:57 - [TEST_STEP][PASSED] - delay(1): Delayed 1 second(s)

21-10-2025T21:55:58 - [MESSAGE][PASSED] - Delayed 1 second(s)

21-10-2025T21:55:58 - [TEST_STEP][PASSED] - clearText(findTestObject("FIM/Sites Page/Orders/Create Order/30PRM_txt (1)")): Text of object 'Object Repository/FIM/Sites Page/Orders/Create Order/30PRM_txt (1)' is cleared

21-10-2025T21:55:58 - [MESSAGE][PASSED] - Text of object 'Object Repository/FIM/Sites Page/Orders/Create Order/30PRM_txt (1)' is cleared

21-10-2025T21:55:58 - [TEST_STEP][PASSED] - delay(1): Delayed 1 second(s)

21-10-2025T21:55:59 - [MESSAGE][PASSED] - Delayed 1 second(s)

21-10-2025T21:55:59 - [TEST_STEP][PASSED] - sendKeys(findTestObject("FIM/Sites Page/Orders/Create Order/30PRM_txt (1)"), "6000"): Keys '6000' sent to object: 'Object Repository/FIM/Sites Page/Orders/Create Order/30PRM_txt (1)'

21-10-2025T21:55:59 - [MESSAGE][PASSED] - Keys '6000' sent to object: 'Object Repository/FIM/Sites Page/Orders/Create Order/30PRM_txt (1)'

21-10-2025T21:55:59 - [TEST_STEP][PASSED] - delay(2): Delayed 2 second(s)

21-10-2025T21:56:01 - [MESSAGE][PASSED] - Delayed 2 second(s)

21-10-2025T21:56:01 - [TEST_STEP][PASSED] - click(findTestObject("FIM/Sites Page/Orders/Create Order/Cancel_btn")): Object: 'Object Repository/FIM/Sites Page/Orders/Create Order/Cancel_btn' is clicked on

21-10-2025T21:56:01 - [MESSAGE][PASSED] - Object: 'Object Repository/FIM/Sites Page/Orders/Create Order/Cancel_btn' is clicked on

21-10-2025T21:56:01 - [TEST_STEP][PASSED] - delay(1): Delayed 1 second(s)

21-10-2025T21:56:02 - [MESSAGE][PASSED] - Delayed 1 second(s)

21-10-2025T21:56:02 - [TEST_STEP][PASSED] - closeBrowser(): Browser is closed

21-10-2025T21:56:02 - [MESSAGE][PASSED] - Browser is closed

21-10-2025T21:56:02 - [TEST_STEP][PASSED] - Start listener action : retryOnDisconnect: null

21-10-2025T21:56:02 - [TEST_STEP][PASSED] - tcId = testCaseContext.getTestCaseId(): null

21-10-2025T21:56:02 - [TEST_STEP][PASSED] - currentRetry = retryCounts.getOrDefault(tcId, 0): null

21-10-2025T21:56:02 - [TEST_STEP][PASSED] - if (testCaseContext.getTestCaseStatus() == "FAILED" && currentRetry < MAX_RETRIES): null]]></system-out>
         <system-err><![CDATA[]]></system-err>
      </testcase>
      <testcase name="Test Cases/FIM/UI/Kenan/Admin/Sites Page/Orders/Cancelling Updating an Order" time="48.059" classname="Test Cases/FIM/UI/Kenan/Admin/Sites Page/Orders/Cancelling Updating an Order" status="PASSED">
         <system-out><![CDATA[21-10-2025T21:56:02 - [TEST_CASE][PASSED] - Test Cases/FIM/UI/Kenan/Admin/Sites Page/Orders/Cancelling Updating an Order: Test Cases/FIM/UI/Kenan/Admin/Sites Page/Orders/Cancelling Updating an Order

21-10-2025T21:56:02 - [TEST_STEP][PASSED] - Start listener action : beforeTestCase: null

21-10-2025T21:56:02 - [TEST_STEP][PASSED] - addDefaultPackages(): null

21-10-2025T21:56:02 - [TEST_STEP][PASSED] - callTestCase(findTestCase("Utility Scripts/FIM KAG Admin Login"), [:], STOP_ON_FAILURE): Call Test Case 'Test Cases/Utility Scripts/FIM KAG Admin Login' successfully

21-10-2025T21:56:02 - [TEST_CASE][PASSED] - Test Cases/Utility Scripts/FIM KAG Admin Login: Test Cases/Utility Scripts/FIM KAG Admin Login

21-10-2025T21:56:02 - [TEST_STEP][PASSED] - openBrowser(""): Browser is opened with url: ''

21-10-2025T21:56:02 - [MESSAGE][INFO] - Starting 'Chrome' driver

21-10-2025T21:56:02 - [MESSAGE][INFO] - User set preference: ['args', '[--no-sandbox, --disable-gpu, --disable-dev-shm-usage]']

21-10-2025T21:56:02 - [MESSAGE][INFO] - Action delay is set to 0 milliseconds

21-10-2025T21:56:03 - [MESSAGE][PASSED] - Browser is opened with url: ''

21-10-2025T21:56:03 - [TEST_STEP][PASSED] - delay(1): Delayed 1 second(s)

21-10-2025T21:56:04 - [MESSAGE][PASSED] - Delayed 1 second(s)

21-10-2025T21:56:04 - [TEST_STEP][PASSED] - navigateToUrl(KenanRegionURL): Navigate to 'https://kag-inventory-management-portal.qa.thekag.com/region/' successfully

21-10-2025T21:56:05 - [MESSAGE][PASSED] - Navigate to 'https://kag-inventory-management-portal.qa.thekag.com/region/' successfully

21-10-2025T21:56:05 - [TEST_STEP][PASSED] - delay(10): Delayed 10 second(s)

21-10-2025T21:56:15 - [MESSAGE][PASSED] - Delayed 10 second(s)

21-10-2025T21:56:15 - [TEST_STEP][PASSED] - if (maximizeWindow == true): Current window maximized

21-10-2025T21:56:15 - [TEST_STEP][PASSED] - maximizeWindow(STOP_ON_FAILURE): Current window maximized

21-10-2025T21:56:15 - [MESSAGE][PASSED] - Current window maximized

21-10-2025T21:56:15 - [TEST_STEP][PASSED] - waitForElementPresent(findTestObject("FIM/Username_txt"), 10): Object 'Object Repository/FIM/Username_txt' is present

21-10-2025T21:56:15 - [MESSAGE][PASSED] - Object 'Object Repository/FIM/Username_txt' is present

21-10-2025T21:56:15 - [TEST_STEP][PASSED] - setText(findTestObject("FIM/Username_txt"), FIMUsername): Text 'Chris.Sheldon+DES_QA@Thekag.com' is set on object 'Object Repository/FIM/Username_txt'

21-10-2025T21:56:15 - [MESSAGE][PASSED] - Text 'Chris.Sheldon+DES_QA@Thekag.com' is set on object 'Object Repository/FIM/Username_txt'

21-10-2025T21:56:15 - [TEST_STEP][PASSED] - delay(1): Delayed 1 second(s)

21-10-2025T21:56:16 - [MESSAGE][PASSED] - Delayed 1 second(s)

21-10-2025T21:56:16 - [TEST_STEP][PASSED] - setText(findTestObject("FIM/Password_txt"), FIMPassword): Text 'QATest!2' is set on object 'Object Repository/FIM/Password_txt'

21-10-2025T21:56:16 - [MESSAGE][PASSED] - Text 'QATest!2' is set on object 'Object Repository/FIM/Password_txt'

21-10-2025T21:56:16 - [TEST_STEP][PASSED] - delay(1): Delayed 1 second(s)

21-10-2025T21:56:17 - [MESSAGE][PASSED] - Delayed 1 second(s)

21-10-2025T21:56:17 - [TEST_STEP][PASSED] - click(findTestObject("FIM/Login_btn")): Object: 'Object Repository/FIM/Login_btn' is clicked on

21-10-2025T21:56:18 - [MESSAGE][PASSED] - Object: 'Object Repository/FIM/Login_btn' is clicked on

21-10-2025T21:56:18 - [MESSAGE][PASSED] - Call Test Case 'Test Cases/Utility Scripts/FIM KAG Admin Login' successfully

21-10-2025T21:56:18 - [TEST_STEP][PASSED] - if (verifyElementVisible(findTestObject("FIM/Server_Notification_Close_btn"), OPTIONAL) == true): Web element with id: 'Object Repository/FIM/Server_Notification_Close_btn' located by '/html/body/div/div[1]/button' not found (Root cause: com.kms.katalon.core.exception.StepFailedException: Web element with id: 'Object Repository/FIM/Server_Notification_Close_btn' located by '/html/body/div/div[1]/button' not found
	at com.kms.katalon.core.webui.keyword.internal.WebUIKeywordMain.stepFailed(WebUIKeywordMain.groovy:117)
	at com.kms.katalon.core.webui.keyword.builtin.VerifyElementVisibleKeyword$_verifyElementVisible_closure1.doCall(VerifyElementVisibleKeyword.groovy:89)
	at com.kms.katalon.core.webui.keyword.builtin.VerifyElementVisibleKeyword$_verifyElementVisible_closure1.call(VerifyElementVisibleKeyword.groovy)
	at com.kms.katalon.core.webui.keyword.internal.WebUIKeywordMain.runKeyword(WebUIKeywordMain.groovy:35)
	at com.kms.katalon.core.webui.keyword.builtin.VerifyElementVisibleKeyword.verifyElementVisible(VerifyElementVisibleKeyword.groovy:97)
	at com.kms.katalon.core.webui.keyword.builtin.VerifyElementVisibleKeyword.execute(VerifyElementVisibleKeyword.groovy:67)
	at com.kms.katalon.core.keyword.internal.KeywordExecutor.executeKeywordForPlatform(KeywordExecutor.groovy:74)
	at com.kms.katalon.core.webui.keyword.WebUiBuiltInKeywords.verifyElementVisible(WebUiBuiltInKeywords.groovy:401)
	at com.kms.katalon.core.webui.keyword.WebUiBuiltInKeywords$verifyElementVisible$5.call(Unknown Source)
	at Cancelling Updating an Order.run(Cancelling Updating an Order:22)
	at com.kms.katalon.core.main.ScriptEngine.run(ScriptEngine.java:194)
	at com.kms.katalon.core.main.ScriptEngine.runScriptAsRawText(ScriptEngine.java:119)
	at com.kms.katalon.core.main.TestCaseExecutor.runScript(TestCaseExecutor.java:448)
	at com.kms.katalon.core.main.TestCaseExecutor.doExecute(TestCaseExecutor.java:439)
	at com.kms.katalon.core.main.TestCaseExecutor.processExecutionPhase(TestCaseExecutor.java:418)
	at com.kms.katalon.core.main.TestCaseExecutor.accessMainPhase(TestCaseExecutor.java:410)
	at com.kms.katalon.core.main.TestCaseExecutor.execute(TestCaseExecutor.java:285)
	at com.kms.katalon.core.common.CommonExecutor.accessTestCaseMainPhase(CommonExecutor.java:65)
	at com.kms.katalon.core.main.TestSuiteExecutor.accessTestSuiteMainPhase(TestSuiteExecutor.java:150)
	at com.kms.katalon.core.main.TestSuiteExecutor.execute(TestSuiteExecutor.java:106)
	at com.kms.katalon.core.main.TestCaseMain.startTestSuite(TestCaseMain.java:180)
	at com.kms.katalon.core.main.TestCaseMain$startTestSuite$0.call(Unknown Source)
	at TempTestSuite1761090815312.run(TempTestSuite1761090815312.groovy:35)
	at java.base/jdk.internal.reflect.NativeMethodAccessorImpl.invoke0(Native Method)
	at java.base/jdk.internal.reflect.NativeMethodAccessorImpl.invoke(NativeMethodAccessorImpl.java:77)
	at java.base/jdk.internal.reflect.DelegatingMethodAccessorImpl.invoke(DelegatingMethodAccessorImpl.java:43)
)

21-10-2025T21:56:34 - [MESSAGE][INFO] - Unable to find the element located by 'By.xpath: /html/body/div/div[1]/button'. Please recheck the objects properties to make sure the desired element is located. 

21-10-2025T21:56:34 - [MESSAGE][WARNING] - [SELF-HEALING] Failed to find element with id 'Object Repository/FIM/Server_Notification_Close_btn'. Try using Self-healing.

21-10-2025T21:56:35 - [MESSAGE][INFO] - [SELF-HEALING] No working XPath is found.

21-10-2025T21:56:37 - [MESSAGE][INFO] - Unable to find the element located by 'By.xpath: '. Please recheck the objects properties to make sure the desired element is located. 

21-10-2025T21:56:37 - [MESSAGE][WARNING] - [SELF-HEALING] Cannot find elements when the selector is null

21-10-2025T21:56:37 - [MESSAGE][WARNING] - Web element with id: 'Object Repository/FIM/Server_Notification_Close_btn' located by '/html/body/div/div[1]/button' not found (Root cause: com.kms.katalon.core.exception.StepFailedException: Web element with id: 'Object Repository/FIM/Server_Notification_Close_btn' located by '/html/body/div/div[1]/button' not found
	at com.kms.katalon.core.webui.keyword.internal.WebUIKeywordMain.stepFailed(WebUIKeywordMain.groovy:117)
	at com.kms.katalon.core.webui.keyword.builtin.VerifyElementVisibleKeyword$_verifyElementVisible_closure1.doCall(VerifyElementVisibleKeyword.groovy:89)
	at com.kms.katalon.core.webui.keyword.builtin.VerifyElementVisibleKeyword$_verifyElementVisible_closure1.call(VerifyElementVisibleKeyword.groovy)
	at com.kms.katalon.core.webui.keyword.internal.WebUIKeywordMain.runKeyword(WebUIKeywordMain.groovy:35)
	at com.kms.katalon.core.webui.keyword.builtin.VerifyElementVisibleKeyword.verifyElementVisible(VerifyElementVisibleKeyword.groovy:97)
	at com.kms.katalon.core.webui.keyword.builtin.VerifyElementVisibleKeyword.execute(VerifyElementVisibleKeyword.groovy:67)
	at com.kms.katalon.core.keyword.internal.KeywordExecutor.executeKeywordForPlatform(KeywordExecutor.groovy:74)
	at com.kms.katalon.core.webui.keyword.WebUiBuiltInKeywords.verifyElementVisible(WebUiBuiltInKeywords.groovy:401)
	at com.kms.katalon.core.webui.keyword.WebUiBuiltInKeywords$verifyElementVisible$5.call(Unknown Source)
	at Cancelling Updating an Order.run(Cancelling Updating an Order:22)
	at com.kms.katalon.core.main.ScriptEngine.run(ScriptEngine.java:194)
	at com.kms.katalon.core.main.ScriptEngine.runScriptAsRawText(ScriptEngine.java:119)
	at com.kms.katalon.core.main.TestCaseExecutor.runScript(TestCaseExecutor.java:448)
	at com.kms.katalon.core.main.TestCaseExecutor.doExecute(TestCaseExecutor.java:439)
	at com.kms.katalon.core.main.TestCaseExecutor.processExecutionPhase(TestCaseExecutor.java:418)
	at com.kms.katalon.core.main.TestCaseExecutor.accessMainPhase(TestCaseExecutor.java:410)
	at com.kms.katalon.core.main.TestCaseExecutor.execute(TestCaseExecutor.java:285)
	at com.kms.katalon.core.common.CommonExecutor.accessTestCaseMainPhase(CommonExecutor.java:65)
	at com.kms.katalon.core.main.TestSuiteExecutor.accessTestSuiteMainPhase(TestSuiteExecutor.java:150)
	at com.kms.katalon.core.main.TestSuiteExecutor.execute(TestSuiteExecutor.java:106)
	at com.kms.katalon.core.main.TestCaseMain.startTestSuite(TestCaseMain.java:180)
	at com.kms.katalon.core.main.TestCaseMain$startTestSuite$0.call(Unknown Source)
	at TempTestSuite1761090815312.run(TempTestSuite1761090815312.groovy:35)
	at java.base/jdk.internal.reflect.NativeMethodAccessorImpl.invoke0(Native Method)
	at java.base/jdk.internal.reflect.NativeMethodAccessorImpl.invoke(NativeMethodAccessorImpl.java:77)
	at java.base/jdk.internal.reflect.DelegatingMethodAccessorImpl.invoke(DelegatingMethodAccessorImpl.java:43)
)

21-10-2025T21:56:37 - [TEST_STEP][PASSED] - delay(1): Delayed 1 second(s)

21-10-2025T21:56:38 - [MESSAGE][PASSED] - Delayed 1 second(s)

21-10-2025T21:56:38 - [TEST_STEP][PASSED] - click(findTestObject("FIM/Hamburger Menu List/Hamburger_menu")): Object: 'Object Repository/FIM/Hamburger Menu List/Hamburger_menu' is clicked on

21-10-2025T21:56:38 - [MESSAGE][PASSED] - Object: 'Object Repository/FIM/Hamburger Menu List/Hamburger_menu' is clicked on

21-10-2025T21:56:38 - [TEST_STEP][PASSED] - verifyElementPresent(findTestObject("FIM/Hamburger Menu List/KAG_Sites_option"), 10): Object 'Object Repository/FIM/Hamburger Menu List/KAG_Sites_option' is present

21-10-2025T21:56:38 - [MESSAGE][PASSED] - Object 'Object Repository/FIM/Hamburger Menu List/KAG_Sites_option' is present

21-10-2025T21:56:38 - [TEST_STEP][PASSED] - delay(1): Delayed 1 second(s)

21-10-2025T21:56:39 - [MESSAGE][PASSED] - Delayed 1 second(s)

21-10-2025T21:56:39 - [TEST_STEP][PASSED] - click(findTestObject("FIM/Hamburger Menu List/KAG_Sites_option")): Object: 'Object Repository/FIM/Hamburger Menu List/KAG_Sites_option' is clicked on

21-10-2025T21:56:39 - [MESSAGE][PASSED] - Object: 'Object Repository/FIM/Hamburger Menu List/KAG_Sites_option' is clicked on

21-10-2025T21:56:39 - [TEST_STEP][PASSED] - waitForElementClickable(findTestObject("FIM/Sites Page/Orders/Review New Orders/Review New Orders_btn"), 300): Object 'Object Repository/FIM/Sites Page/Orders/Review New Orders/Review New Orders_btn' is clickable

21-10-2025T21:56:41 - [MESSAGE][PASSED] - Object 'Object Repository/FIM/Sites Page/Orders/Review New Orders/Review New Orders_btn' is clickable

21-10-2025T21:56:41 - [TEST_STEP][PASSED] - delay(1): Delayed 1 second(s)

21-10-2025T21:56:42 - [MESSAGE][PASSED] - Delayed 1 second(s)

21-10-2025T21:56:42 - [TEST_STEP][PASSED] - click(findTestObject("FIM/Sites Page/Orders/Review New Orders/Review New Orders_btn")): Object: 'Object Repository/FIM/Sites Page/Orders/Review New Orders/Review New Orders_btn' is clicked on

21-10-2025T21:56:47 - [MESSAGE][PASSED] - Object: 'Object Repository/FIM/Sites Page/Orders/Review New Orders/Review New Orders_btn' is clicked on

21-10-2025T21:56:47 - [TEST_STEP][PASSED] - if (verifyElementVisible(findTestObject("FIM/Sites Page/Orders/Review New Orders/Edit Order/1st Edit New Orders_btn"), OPTIONAL) == true): null

21-10-2025T21:56:47 - [MESSAGE][PASSED] - Object 'Object Repository/FIM/Sites Page/Orders/Review New Orders/Edit Order/1st Edit New Orders_btn' is visible

21-10-2025T21:56:47 - [TEST_STEP][PASSED] - click(findTestObject("FIM/Sites Page/Orders/Review New Orders/Edit Order/1st Edit New Orders_btn")): Object: 'Object Repository/FIM/Sites Page/Orders/Review New Orders/Edit Order/1st Edit New Orders_btn' is clicked on

21-10-2025T21:56:47 - [MESSAGE][PASSED] - Object: 'Object Repository/FIM/Sites Page/Orders/Review New Orders/Edit Order/1st Edit New Orders_btn' is clicked on

21-10-2025T21:56:47 - [TEST_STEP][PASSED] - delay(1): Delayed 1 second(s)

21-10-2025T21:56:48 - [MESSAGE][PASSED] - Delayed 1 second(s)

21-10-2025T21:56:48 - [TEST_STEP][PASSED] - clearText(findTestObject("FIM/Sites Page/Orders/Review New Orders/Edit Order/10UNL_txt")): Text of object 'Object Repository/FIM/Sites Page/Orders/Review New Orders/Edit Order/10UNL_txt' is cleared

21-10-2025T21:56:49 - [MESSAGE][PASSED] - Text of object 'Object Repository/FIM/Sites Page/Orders/Review New Orders/Edit Order/10UNL_txt' is cleared

21-10-2025T21:56:49 - [TEST_STEP][PASSED] - sendKeys(findTestObject("FIM/Sites Page/Orders/Review New Orders/Edit Order/10UNL_txt"), "4500"): Keys '4500' sent to object: 'Object Repository/FIM/Sites Page/Orders/Review New Orders/Edit Order/10UNL_txt'

21-10-2025T21:56:49 - [MESSAGE][PASSED] - Keys '4500' sent to object: 'Object Repository/FIM/Sites Page/Orders/Review New Orders/Edit Order/10UNL_txt'

21-10-2025T21:56:49 - [TEST_STEP][PASSED] - delay(1): Delayed 1 second(s)

21-10-2025T21:56:50 - [MESSAGE][PASSED] - Delayed 1 second(s)

21-10-2025T21:56:50 - [TEST_STEP][PASSED] - clearText(findTestObject("FIM/Sites Page/Orders/Review New Orders/Edit Order/30PRM_txt (1)")): Text of object 'Object Repository/FIM/Sites Page/Orders/Review New Orders/Edit Order/30PRM_txt (1)' is cleared

21-10-2025T21:56:50 - [MESSAGE][PASSED] - Text of object 'Object Repository/FIM/Sites Page/Orders/Review New Orders/Edit Order/30PRM_txt (1)' is cleared

21-10-2025T21:56:50 - [TEST_STEP][PASSED] - sendKeys(findTestObject("FIM/Sites Page/Orders/Review New Orders/Edit Order/30PRM_txt (1)"), "4500"): Keys '4500' sent to object: 'Object Repository/FIM/Sites Page/Orders/Review New Orders/Edit Order/30PRM_txt (1)'

21-10-2025T21:56:50 - [MESSAGE][PASSED] - Keys '4500' sent to object: 'Object Repository/FIM/Sites Page/Orders/Review New Orders/Edit Order/30PRM_txt (1)'

21-10-2025T21:56:50 - [TEST_STEP][PASSED] - click(findTestObject("FIM/Sites Page/Orders/Review New Orders/Edit Order/Edit Order Cancel_btn")): Object: 'Object Repository/FIM/Sites Page/Orders/Review New Orders/Edit Order/Edit Order Cancel_btn' is clicked on

21-10-2025T21:56:50 - [MESSAGE][PASSED] - Object: 'Object Repository/FIM/Sites Page/Orders/Review New Orders/Edit Order/Edit Order Cancel_btn' is clicked on

21-10-2025T21:56:50 - [TEST_STEP][PASSED] - click(findTestObject("FIM/Sites Page/Orders/Review New Orders/Review New Orders Cancel_btn")): Object: 'Object Repository/FIM/Sites Page/Orders/Review New Orders/Review New Orders Cancel_btn' is clicked on

21-10-2025T21:56:50 - [MESSAGE][PASSED] - Object: 'Object Repository/FIM/Sites Page/Orders/Review New Orders/Review New Orders Cancel_btn' is clicked on

21-10-2025T21:56:50 - [TEST_STEP][PASSED] - closeBrowser(): Browser is closed

21-10-2025T21:56:50 - [MESSAGE][PASSED] - Browser is closed

21-10-2025T21:56:50 - [TEST_STEP][PASSED] - Start listener action : retryOnDisconnect: null

21-10-2025T21:56:50 - [TEST_STEP][PASSED] - tcId = testCaseContext.getTestCaseId(): null

21-10-2025T21:56:50 - [TEST_STEP][PASSED] - currentRetry = retryCounts.getOrDefault(tcId, 0): null

21-10-2025T21:56:50 - [TEST_STEP][PASSED] - if (testCaseContext.getTestCaseStatus() == "FAILED" && currentRetry < MAX_RETRIES): null]]></system-out>
         <system-err><![CDATA[]]></system-err>
      </testcase>
      <testcase name="Test Cases/FIM/UI/Kenan/Admin/Sites Page/Orders/Cancelling Exporting an Order" time="24.203" classname="Test Cases/FIM/UI/Kenan/Admin/Sites Page/Orders/Cancelling Exporting an Order" status="PASSED">
         <system-out><![CDATA[21-10-2025T21:56:50 - [TEST_CASE][PASSED] - Test Cases/FIM/UI/Kenan/Admin/Sites Page/Orders/Cancelling Exporting an Order: Test Cases/FIM/UI/Kenan/Admin/Sites Page/Orders/Cancelling Exporting an Order

21-10-2025T21:56:50 - [TEST_STEP][PASSED] - Start listener action : beforeTestCase: null

21-10-2025T21:56:50 - [TEST_STEP][PASSED] - addDefaultPackages(): null

21-10-2025T21:56:50 - [TEST_STEP][PASSED] - openBrowser(""): Browser is opened with url: ''

21-10-2025T21:56:50 - [MESSAGE][INFO] - Starting 'Chrome' driver

21-10-2025T21:56:50 - [MESSAGE][INFO] - User set preference: ['args', '[--no-sandbox, --disable-gpu, --disable-dev-shm-usage]']

21-10-2025T21:56:50 - [MESSAGE][INFO] - Action delay is set to 0 milliseconds

21-10-2025T21:56:51 - [MESSAGE][PASSED] - Browser is opened with url: ''

21-10-2025T21:56:51 - [TEST_STEP][PASSED] - navigateToUrl(TURK104SitesURL): Navigate to 'https://kag-inventory-management-portal.qa.thekag.com/site/TURK104?cg=-1&r=-1&i=i' successfully

21-10-2025T21:56:52 - [MESSAGE][PASSED] - Navigate to 'https://kag-inventory-management-portal.qa.thekag.com/site/TURK104?cg=-1&r=-1&i=i' successfully

21-10-2025T21:56:52 - [TEST_STEP][PASSED] - maximizeWindow(): Current window maximized

21-10-2025T21:56:52 - [MESSAGE][PASSED] - Current window maximized

21-10-2025T21:56:52 - [TEST_STEP][PASSED] - setText(findTestObject("FIM/Username_txt"), "Chris.Sheldon+DES_QA@Thekag.com"): Text 'Chris.Sheldon+DES_QA@Thekag.com' is set on object 'Object Repository/FIM/Username_txt'

21-10-2025T21:56:52 - [MESSAGE][PASSED] - Text 'Chris.Sheldon+DES_QA@Thekag.com' is set on object 'Object Repository/FIM/Username_txt'

21-10-2025T21:56:52 - [TEST_STEP][PASSED] - setText(findTestObject("FIM/Password_txt"), "QATest!2"): Text 'QATest!2' is set on object 'Object Repository/FIM/Password_txt'

21-10-2025T21:56:52 - [MESSAGE][PASSED] - Text 'QATest!2' is set on object 'Object Repository/FIM/Password_txt'

21-10-2025T21:56:52 - [TEST_STEP][PASSED] - click(findTestObject("FIM/Login_btn")): Object: 'Object Repository/FIM/Login_btn' is clicked on

21-10-2025T21:56:52 - [MESSAGE][PASSED] - Object: 'Object Repository/FIM/Login_btn' is clicked on

21-10-2025T21:56:52 - [TEST_STEP][PASSED] - if (verifyElementVisible(findTestObject("FIM/Server_Notification_Close_btn"), OPTIONAL) == true): Web element with id: 'Object Repository/FIM/Server_Notification_Close_btn' located by '/html/body/div/div[1]/button' not found (Root cause: com.kms.katalon.core.exception.StepFailedException: Web element with id: 'Object Repository/FIM/Server_Notification_Close_btn' located by '/html/body/div/div[1]/button' not found
	at com.kms.katalon.core.webui.keyword.internal.WebUIKeywordMain.stepFailed(WebUIKeywordMain.groovy:117)
	at com.kms.katalon.core.webui.keyword.builtin.VerifyElementVisibleKeyword$_verifyElementVisible_closure1.doCall(VerifyElementVisibleKeyword.groovy:89)
	at com.kms.katalon.core.webui.keyword.builtin.VerifyElementVisibleKeyword$_verifyElementVisible_closure1.call(VerifyElementVisibleKeyword.groovy)
	at com.kms.katalon.core.webui.keyword.internal.WebUIKeywordMain.runKeyword(WebUIKeywordMain.groovy:35)
	at com.kms.katalon.core.webui.keyword.builtin.VerifyElementVisibleKeyword.verifyElementVisible(VerifyElementVisibleKeyword.groovy:97)
	at com.kms.katalon.core.webui.keyword.builtin.VerifyElementVisibleKeyword.execute(VerifyElementVisibleKeyword.groovy:67)
	at com.kms.katalon.core.keyword.internal.KeywordExecutor.executeKeywordForPlatform(KeywordExecutor.groovy:74)
	at com.kms.katalon.core.webui.keyword.WebUiBuiltInKeywords.verifyElementVisible(WebUiBuiltInKeywords.groovy:401)
	at com.kms.katalon.core.webui.keyword.WebUiBuiltInKeywords$verifyElementVisible$5.call(Unknown Source)
	at Cancelling Exporting an Order.run(Cancelling Exporting an Order:32)
	at com.kms.katalon.core.main.ScriptEngine.run(ScriptEngine.java:194)
	at com.kms.katalon.core.main.ScriptEngine.runScriptAsRawText(ScriptEngine.java:119)
	at com.kms.katalon.core.main.TestCaseExecutor.runScript(TestCaseExecutor.java:448)
	at com.kms.katalon.core.main.TestCaseExecutor.doExecute(TestCaseExecutor.java:439)
	at com.kms.katalon.core.main.TestCaseExecutor.processExecutionPhase(TestCaseExecutor.java:418)
	at com.kms.katalon.core.main.TestCaseExecutor.accessMainPhase(TestCaseExecutor.java:410)
	at com.kms.katalon.core.main.TestCaseExecutor.execute(TestCaseExecutor.java:285)
	at com.kms.katalon.core.common.CommonExecutor.accessTestCaseMainPhase(CommonExecutor.java:65)
	at com.kms.katalon.core.main.TestSuiteExecutor.accessTestSuiteMainPhase(TestSuiteExecutor.java:150)
	at com.kms.katalon.core.main.TestSuiteExecutor.execute(TestSuiteExecutor.java:106)
	at com.kms.katalon.core.main.TestCaseMain.startTestSuite(TestCaseMain.java:180)
	at com.kms.katalon.core.main.TestCaseMain$startTestSuite$0.call(Unknown Source)
	at TempTestSuite1761090815312.run(TempTestSuite1761090815312.groovy:35)
	at java.base/jdk.internal.reflect.NativeMethodAccessorImpl.invoke0(Native Method)
	at java.base/jdk.internal.reflect.NativeMethodAccessorImpl.invoke(NativeMethodAccessorImpl.java:77)
	at java.base/jdk.internal.reflect.DelegatingMethodAccessorImpl.invoke(DelegatingMethodAccessorImpl.java:43)
)

21-10-2025T21:57:08 - [MESSAGE][INFO] - Unable to find the element located by 'By.xpath: /html/body/div/div[1]/button'. Please recheck the objects properties to make sure the desired element is located. 

21-10-2025T21:57:08 - [MESSAGE][WARNING] - [SELF-HEALING] Failed to find element with id 'Object Repository/FIM/Server_Notification_Close_btn'. Try using Self-healing.

21-10-2025T21:57:09 - [MESSAGE][INFO] - [SELF-HEALING] No working XPath is found.

21-10-2025T21:57:11 - [MESSAGE][INFO] - Unable to find the element located by 'By.xpath: '. Please recheck the objects properties to make sure the desired element is located. 

21-10-2025T21:57:11 - [MESSAGE][WARNING] - [SELF-HEALING] Cannot find elements when the selector is null

21-10-2025T21:57:11 - [MESSAGE][WARNING] - Web element with id: 'Object Repository/FIM/Server_Notification_Close_btn' located by '/html/body/div/div[1]/button' not found (Root cause: com.kms.katalon.core.exception.StepFailedException: Web element with id: 'Object Repository/FIM/Server_Notification_Close_btn' located by '/html/body/div/div[1]/button' not found
	at com.kms.katalon.core.webui.keyword.internal.WebUIKeywordMain.stepFailed(WebUIKeywordMain.groovy:117)
	at com.kms.katalon.core.webui.keyword.builtin.VerifyElementVisibleKeyword$_verifyElementVisible_closure1.doCall(VerifyElementVisibleKeyword.groovy:89)
	at com.kms.katalon.core.webui.keyword.builtin.VerifyElementVisibleKeyword$_verifyElementVisible_closure1.call(VerifyElementVisibleKeyword.groovy)
	at com.kms.katalon.core.webui.keyword.internal.WebUIKeywordMain.runKeyword(WebUIKeywordMain.groovy:35)
	at com.kms.katalon.core.webui.keyword.builtin.VerifyElementVisibleKeyword.verifyElementVisible(VerifyElementVisibleKeyword.groovy:97)
	at com.kms.katalon.core.webui.keyword.builtin.VerifyElementVisibleKeyword.execute(VerifyElementVisibleKeyword.groovy:67)
	at com.kms.katalon.core.keyword.internal.KeywordExecutor.executeKeywordForPlatform(KeywordExecutor.groovy:74)
	at com.kms.katalon.core.webui.keyword.WebUiBuiltInKeywords.verifyElementVisible(WebUiBuiltInKeywords.groovy:401)
	at com.kms.katalon.core.webui.keyword.WebUiBuiltInKeywords$verifyElementVisible$5.call(Unknown Source)
	at Cancelling Exporting an Order.run(Cancelling Exporting an Order:32)
	at com.kms.katalon.core.main.ScriptEngine.run(ScriptEngine.java:194)
	at com.kms.katalon.core.main.ScriptEngine.runScriptAsRawText(ScriptEngine.java:119)
	at com.kms.katalon.core.main.TestCaseExecutor.runScript(TestCaseExecutor.java:448)
	at com.kms.katalon.core.main.TestCaseExecutor.doExecute(TestCaseExecutor.java:439)
	at com.kms.katalon.core.main.TestCaseExecutor.processExecutionPhase(TestCaseExecutor.java:418)
	at com.kms.katalon.core.main.TestCaseExecutor.accessMainPhase(TestCaseExecutor.java:410)
	at com.kms.katalon.core.main.TestCaseExecutor.execute(TestCaseExecutor.java:285)
	at com.kms.katalon.core.common.CommonExecutor.accessTestCaseMainPhase(CommonExecutor.java:65)
	at com.kms.katalon.core.main.TestSuiteExecutor.accessTestSuiteMainPhase(TestSuiteExecutor.java:150)
	at com.kms.katalon.core.main.TestSuiteExecutor.execute(TestSuiteExecutor.java:106)
	at com.kms.katalon.core.main.TestCaseMain.startTestSuite(TestCaseMain.java:180)
	at com.kms.katalon.core.main.TestCaseMain$startTestSuite$0.call(Unknown Source)
	at TempTestSuite1761090815312.run(TempTestSuite1761090815312.groovy:35)
	at java.base/jdk.internal.reflect.NativeMethodAccessorImpl.invoke0(Native Method)
	at java.base/jdk.internal.reflect.NativeMethodAccessorImpl.invoke(NativeMethodAccessorImpl.java:77)
	at java.base/jdk.internal.reflect.DelegatingMethodAccessorImpl.invoke(DelegatingMethodAccessorImpl.java:43)
)

21-10-2025T21:57:11 - [TEST_STEP][PASSED] - waitForElementClickable(findTestObject("FIM/Sites Page/Orders/Review New Orders/Review New Orders_btn"), 320, CONTINUE_ON_FAILURE): Object 'Object Repository/FIM/Sites Page/Orders/Review New Orders/Review New Orders_btn' is clickable

21-10-2025T21:57:11 - [MESSAGE][PASSED] - Object 'Object Repository/FIM/Sites Page/Orders/Review New Orders/Review New Orders_btn' is clickable

21-10-2025T21:57:11 - [TEST_STEP][PASSED] - click(findTestObject("FIM/Sites Page/Orders/Review New Orders/Review New Orders_btn")): Object: 'Object Repository/FIM/Sites Page/Orders/Review New Orders/Review New Orders_btn' is clicked on

21-10-2025T21:57:11 - [MESSAGE][PASSED] - Object: 'Object Repository/FIM/Sites Page/Orders/Review New Orders/Review New Orders_btn' is clicked on

21-10-2025T21:57:11 - [TEST_STEP][PASSED] - delay(1): Delayed 1 second(s)

21-10-2025T21:57:12 - [MESSAGE][PASSED] - Delayed 1 second(s)

21-10-2025T21:57:12 - [TEST_STEP][PASSED] - if (verifyElementVisible(findTestObject("FIM/Sites Page/Orders/Review New Orders/Review New Orders Cancel_btn"), OPTIONAL) == true): null

21-10-2025T21:57:12 - [MESSAGE][PASSED] - Object 'Object Repository/FIM/Sites Page/Orders/Review New Orders/Review New Orders Cancel_btn' is visible

21-10-2025T21:57:12 - [TEST_STEP][PASSED] - click(findTestObject("FIM/Sites Page/Orders/Review New Orders/Review New Orders Cancel_btn")): Object: 'Object Repository/FIM/Sites Page/Orders/Review New Orders/Review New Orders Cancel_btn' is clicked on

21-10-2025T21:57:12 - [MESSAGE][PASSED] - Object: 'Object Repository/FIM/Sites Page/Orders/Review New Orders/Review New Orders Cancel_btn' is clicked on

21-10-2025T21:57:12 - [TEST_STEP][PASSED] - delay(1): Delayed 1 second(s)

21-10-2025T21:57:13 - [MESSAGE][PASSED] - Delayed 1 second(s)

21-10-2025T21:57:13 - [TEST_STEP][PASSED] - closeBrowser(): Browser is closed

21-10-2025T21:57:14 - [MESSAGE][PASSED] - Browser is closed

21-10-2025T21:57:14 - [TEST_STEP][PASSED] - Start listener action : retryOnDisconnect: null

21-10-2025T21:57:14 - [TEST_STEP][PASSED] - tcId = testCaseContext.getTestCaseId(): null

21-10-2025T21:57:14 - [TEST_STEP][PASSED] - currentRetry = retryCounts.getOrDefault(tcId, 0): null

21-10-2025T21:57:14 - [TEST_STEP][PASSED] - if (testCaseContext.getTestCaseStatus() == "FAILED" && currentRetry < MAX_RETRIES): null]]></system-out>
         <system-err><![CDATA[]]></system-err>
      </testcase>
      <testcase name="Test Cases/FIM/UI/Kenan/Admin/Sites Page/Orders/Export Order" time="42.739" classname="Test Cases/FIM/UI/Kenan/Admin/Sites Page/Orders/Export Order" status="FAILED">
         <failure type="FAILED" message="Test Cases/FIM/UI/Kenan/Admin/Sites Page/Orders/Export Order FAILED.&#xa;Reason:&#xa;com.kms.katalon.core.exception.StepFailedException: Verify element text of test object 'Object Repository/FIM/Sites Page/Orders/Create Order/Order Creation Message' FAILED.&#xa;	at com.kms.katalon.core.webui.keyword.internal.WebUIKeywordMain.stepFailed(WebUIKeywordMain.groovy:117)&#xa;	at com.kms.katalon.core.webui.keyword.internal.WebUIKeywordMain.runKeyword(WebUIKeywordMain.groovy:43)&#xa;	at com.kms.katalon.core.webui.keyword.builtin.VerifyElementTextKeyword.verifyElementText(VerifyElementTextKeyword.groovy:72)&#xa;	at com.kms.katalon.core.webui.keyword.builtin.VerifyElementTextKeyword.execute(VerifyElementTextKeyword.groovy:40)&#xa;	at com.kms.katalon.core.keyword.internal.KeywordExecutor.executeKeywordForPlatform(KeywordExecutor.groovy:74)&#xa;	at com.kms.katalon.core.webui.keyword.WebUiBuiltInKeywords.verifyElementText(WebUiBuiltInKeywords.groovy:4819)&#xa;	at com.kms.katalon.core.webui.keyword.WebUiBuiltInKeywords$verifyElementText$18.call(Unknown Source)&#xa;	at Export Order.run(Export Order:44)&#xa;	at com.kms.katalon.core.main.ScriptEngine.run(ScriptEngine.java:194)&#xa;	at com.kms.katalon.core.main.ScriptEngine.runScriptAsRawText(ScriptEngine.java:119)&#xa;	at com.kms.katalon.core.main.TestCaseExecutor.runScript(TestCaseExecutor.java:448)&#xa;	at com.kms.katalon.core.main.TestCaseExecutor.doExecute(TestCaseExecutor.java:439)&#xa;	at com.kms.katalon.core.main.TestCaseExecutor.processExecutionPhase(TestCaseExecutor.java:418)&#xa;	at com.kms.katalon.core.main.TestCaseExecutor.accessMainPhase(TestCaseExecutor.java:410)&#xa;	at com.kms.katalon.core.main.TestCaseExecutor.execute(TestCaseExecutor.java:285)&#xa;	at com.kms.katalon.core.common.CommonExecutor.accessTestCaseMainPhase(CommonExecutor.java:65)&#xa;	at com.kms.katalon.core.main.TestSuiteExecutor.accessTestSuiteMainPhase(TestSuiteExecutor.java:150)&#xa;	at com.kms.katalon.core.main.TestSuiteExecutor.execute(TestSuiteExecutor.java:106)&#xa;	at com.kms.katalon.core.main.TestCaseMain.startTestSuite(TestCaseMain.java:180)&#xa;	at com.kms.katalon.core.main.TestCaseMain$startTestSuite$0.call(Unknown Source)&#xa;	at TempTestSuite1761090815312.run(TempTestSuite1761090815312.groovy:35)&#xa;	at java.base/jdk.internal.reflect.NativeMethodAccessorImpl.invoke0(Native Method)&#xa;	at java.base/jdk.internal.reflect.NativeMethodAccessorImpl.invoke(NativeMethodAccessorImpl.java:77)&#xa;	at java.base/jdk.internal.reflect.DelegatingMethodAccessorImpl.invoke(DelegatingMethodAccessorImpl.java:43)&#xa;Caused by: com.kms.katalon.core.exception.StepFailedException: com.kms.katalon.core.webui.exception.WebElementNotFoundException: Web element with id: 'Object Repository/FIM/Sites Page/Orders/Create Order/Order Creation Message' located by '/html/body/div[2]/div/div/div/div' not found&#xa;	at com.kms.katalon.core.webui.keyword.internal.WebUIKeywordMain.stepFailed(WebUIKeywordMain.groovy:117)&#xa;	at com.kms.katalon.core.webui.keyword.builtin.VerifyElementTextKeyword$_verifyElementText_closure1.doCall(VerifyElementTextKeyword.groovy:64)&#xa;	at com.kms.katalon.core.webui.keyword.builtin.VerifyElementTextKeyword$_verifyElementText_closure1.call(VerifyElementTextKeyword.groovy)&#xa;	at com.kms.katalon.core.webui.keyword.internal.WebUIKeywordMain.runKeyword(WebUIKeywordMain.groovy:35)&#xa;	... 22 more&#xa;"/>
         <system-out><![CDATA[21-10-2025T21:57:14 - [TEST_CASE][FAILED] - Test Cases/FIM/UI/Kenan/Admin/Sites Page/Orders/Export Order: Test Cases/FIM/UI/Kenan/Admin/Sites Page/Orders/Export Order FAILED.
Reason:
com.kms.katalon.core.exception.StepFailedException: Verify element text of test object 'Object Repository/FIM/Sites Page/Orders/Create Order/Order Creation Message' FAILED.
	at com.kms.katalon.core.webui.keyword.internal.WebUIKeywordMain.stepFailed(WebUIKeywordMain.groovy:117)
	at com.kms.katalon.core.webui.keyword.internal.WebUIKeywordMain.runKeyword(WebUIKeywordMain.groovy:43)
	at com.kms.katalon.core.webui.keyword.builtin.VerifyElementTextKeyword.verifyElementText(VerifyElementTextKeyword.groovy:72)
	at com.kms.katalon.core.webui.keyword.builtin.VerifyElementTextKeyword.execute(VerifyElementTextKeyword.groovy:40)
	at com.kms.katalon.core.keyword.internal.KeywordExecutor.executeKeywordForPlatform(KeywordExecutor.groovy:74)
	at com.kms.katalon.core.webui.keyword.WebUiBuiltInKeywords.verifyElementText(WebUiBuiltInKeywords.groovy:4819)
	at com.kms.katalon.core.webui.keyword.WebUiBuiltInKeywords$verifyElementText$18.call(Unknown Source)
	at Export Order.run(Export Order:44)
	at com.kms.katalon.core.main.ScriptEngine.run(ScriptEngine.java:194)
	at com.kms.katalon.core.main.ScriptEngine.runScriptAsRawText(ScriptEngine.java:119)
	at com.kms.katalon.core.main.TestCaseExecutor.runScript(TestCaseExecutor.java:448)
	at com.kms.katalon.core.main.TestCaseExecutor.doExecute(TestCaseExecutor.java:439)
	at com.kms.katalon.core.main.TestCaseExecutor.processExecutionPhase(TestCaseExecutor.java:418)
	at com.kms.katalon.core.main.TestCaseExecutor.accessMainPhase(TestCaseExecutor.java:410)
	at com.kms.katalon.core.main.TestCaseExecutor.execute(TestCaseExecutor.java:285)
	at com.kms.katalon.core.common.CommonExecutor.accessTestCaseMainPhase(CommonExecutor.java:65)
	at com.kms.katalon.core.main.TestSuiteExecutor.accessTestSuiteMainPhase(TestSuiteExecutor.java:150)
	at com.kms.katalon.core.main.TestSuiteExecutor.execute(TestSuiteExecutor.java:106)
	at com.kms.katalon.core.main.TestCaseMain.startTestSuite(TestCaseMain.java:180)
	at com.kms.katalon.core.main.TestCaseMain$startTestSuite$0.call(Unknown Source)
	at TempTestSuite1761090815312.run(TempTestSuite1761090815312.groovy:35)
	at java.base/jdk.internal.reflect.NativeMethodAccessorImpl.invoke0(Native Method)
	at java.base/jdk.internal.reflect.NativeMethodAccessorImpl.invoke(NativeMethodAccessorImpl.java:77)
	at java.base/jdk.internal.reflect.DelegatingMethodAccessorImpl.invoke(DelegatingMethodAccessorImpl.java:43)
Caused by: com.kms.katalon.core.exception.StepFailedException: com.kms.katalon.core.webui.exception.WebElementNotFoundException: Web element with id: 'Object Repository/FIM/Sites Page/Orders/Create Order/Order Creation Message' located by '/html/body/div[2]/div/div/div/div' not found
	at com.kms.katalon.core.webui.keyword.internal.WebUIKeywordMain.stepFailed(WebUIKeywordMain.groovy:117)
	at com.kms.katalon.core.webui.keyword.builtin.VerifyElementTextKeyword$_verifyElementText_closure1.doCall(VerifyElementTextKeyword.groovy:64)
	at com.kms.katalon.core.webui.keyword.builtin.VerifyElementTextKeyword$_verifyElementText_closure1.call(VerifyElementTextKeyword.groovy)
	at com.kms.katalon.core.webui.keyword.internal.WebUIKeywordMain.runKeyword(WebUIKeywordMain.groovy:35)
	... 22 more


21-10-2025T21:57:14 - [TEST_STEP][PASSED] - Start listener action : beforeTestCase: null

21-10-2025T21:57:14 - [TEST_STEP][PASSED] - addDefaultPackages(): null

21-10-2025T21:57:15 - [TEST_STEP][PASSED] - openBrowser(""): Browser is opened with url: ''

21-10-2025T21:57:15 - [MESSAGE][INFO] - Starting 'Chrome' driver

21-10-2025T21:57:15 - [MESSAGE][INFO] - User set preference: ['args', '[--no-sandbox, --disable-gpu, --disable-dev-shm-usage]']

21-10-2025T21:57:15 - [MESSAGE][INFO] - Action delay is set to 0 milliseconds

21-10-2025T21:57:15 - [MESSAGE][PASSED] - Browser is opened with url: ''

21-10-2025T21:57:15 - [TEST_STEP][PASSED] - navigateToUrl(KAGAFM39SiteURL): Navigate to 'https://kag-inventory-management-portal.qa.thekag.com/site/AFM39?cg=-1&r&i=AllConsignees&sorted=false' successfully

21-10-2025T21:57:16 - [MESSAGE][PASSED] - Navigate to 'https://kag-inventory-management-portal.qa.thekag.com/site/AFM39?cg=-1&r&i=AllConsignees&sorted=false' successfully

21-10-2025T21:57:16 - [TEST_STEP][PASSED] - maximizeWindow(): Current window maximized

21-10-2025T21:57:16 - [MESSAGE][PASSED] - Current window maximized

21-10-2025T21:57:16 - [TEST_STEP][PASSED] - setText(findTestObject("FIM/Username_txt"), "Chris.Sheldon+DES_QA@Thekag.com"): Text 'Chris.Sheldon+DES_QA@Thekag.com' is set on object 'Object Repository/FIM/Username_txt'

21-10-2025T21:57:16 - [MESSAGE][PASSED] - Text 'Chris.Sheldon+DES_QA@Thekag.com' is set on object 'Object Repository/FIM/Username_txt'

21-10-2025T21:57:16 - [TEST_STEP][PASSED] - setText(findTestObject("FIM/Password_txt"), "QATest!2"): Text 'QATest!2' is set on object 'Object Repository/FIM/Password_txt'

21-10-2025T21:57:16 - [MESSAGE][PASSED] - Text 'QATest!2' is set on object 'Object Repository/FIM/Password_txt'

21-10-2025T21:57:16 - [TEST_STEP][PASSED] - click(findTestObject("FIM/Login_btn")): Object: 'Object Repository/FIM/Login_btn' is clicked on

21-10-2025T21:57:16 - [MESSAGE][PASSED] - Object: 'Object Repository/FIM/Login_btn' is clicked on

21-10-2025T21:57:16 - [TEST_STEP][PASSED] - if (verifyElementVisible(findTestObject("FIM/Server_Notification_Close_btn"), OPTIONAL) == true): Web element with id: 'Object Repository/FIM/Server_Notification_Close_btn' located by '/html/body/div/div[1]/button' not found (Root cause: com.kms.katalon.core.exception.StepFailedException: Web element with id: 'Object Repository/FIM/Server_Notification_Close_btn' located by '/html/body/div/div[1]/button' not found
	at com.kms.katalon.core.webui.keyword.internal.WebUIKeywordMain.stepFailed(WebUIKeywordMain.groovy:117)
	at com.kms.katalon.core.webui.keyword.builtin.VerifyElementVisibleKeyword$_verifyElementVisible_closure1.doCall(VerifyElementVisibleKeyword.groovy:89)
	at com.kms.katalon.core.webui.keyword.builtin.VerifyElementVisibleKeyword$_verifyElementVisible_closure1.call(VerifyElementVisibleKeyword.groovy)
	at com.kms.katalon.core.webui.keyword.internal.WebUIKeywordMain.runKeyword(WebUIKeywordMain.groovy:35)
	at com.kms.katalon.core.webui.keyword.builtin.VerifyElementVisibleKeyword.verifyElementVisible(VerifyElementVisibleKeyword.groovy:97)
	at com.kms.katalon.core.webui.keyword.builtin.VerifyElementVisibleKeyword.execute(VerifyElementVisibleKeyword.groovy:67)
	at com.kms.katalon.core.keyword.internal.KeywordExecutor.executeKeywordForPlatform(KeywordExecutor.groovy:74)
	at com.kms.katalon.core.webui.keyword.WebUiBuiltInKeywords.verifyElementVisible(WebUiBuiltInKeywords.groovy:401)
	at com.kms.katalon.core.webui.keyword.WebUiBuiltInKeywords$verifyElementVisible$5.call(Unknown Source)
	at Export Order.run(Export Order:32)
	at com.kms.katalon.core.main.ScriptEngine.run(ScriptEngine.java:194)
	at com.kms.katalon.core.main.ScriptEngine.runScriptAsRawText(ScriptEngine.java:119)
	at com.kms.katalon.core.main.TestCaseExecutor.runScript(TestCaseExecutor.java:448)
	at com.kms.katalon.core.main.TestCaseExecutor.doExecute(TestCaseExecutor.java:439)
	at com.kms.katalon.core.main.TestCaseExecutor.processExecutionPhase(TestCaseExecutor.java:418)
	at com.kms.katalon.core.main.TestCaseExecutor.accessMainPhase(TestCaseExecutor.java:410)
	at com.kms.katalon.core.main.TestCaseExecutor.execute(TestCaseExecutor.java:285)
	at com.kms.katalon.core.common.CommonExecutor.accessTestCaseMainPhase(CommonExecutor.java:65)
	at com.kms.katalon.core.main.TestSuiteExecutor.accessTestSuiteMainPhase(TestSuiteExecutor.java:150)
	at com.kms.katalon.core.main.TestSuiteExecutor.execute(TestSuiteExecutor.java:106)
	at com.kms.katalon.core.main.TestCaseMain.startTestSuite(TestCaseMain.java:180)
	at com.kms.katalon.core.main.TestCaseMain$startTestSuite$0.call(Unknown Source)
	at TempTestSuite1761090815312.run(TempTestSuite1761090815312.groovy:35)
	at java.base/jdk.internal.reflect.NativeMethodAccessorImpl.invoke0(Native Method)
	at java.base/jdk.internal.reflect.NativeMethodAccessorImpl.invoke(NativeMethodAccessorImpl.java:77)
	at java.base/jdk.internal.reflect.DelegatingMethodAccessorImpl.invoke(DelegatingMethodAccessorImpl.java:43)
)

21-10-2025T21:57:32 - [MESSAGE][INFO] - Unable to find the element located by 'By.xpath: /html/body/div/div[1]/button'. Please recheck the objects properties to make sure the desired element is located. 

21-10-2025T21:57:32 - [MESSAGE][WARNING] - [SELF-HEALING] Failed to find element with id 'Object Repository/FIM/Server_Notification_Close_btn'. Try using Self-healing.

21-10-2025T21:57:33 - [MESSAGE][INFO] - [SELF-HEALING] No working XPath is found.

21-10-2025T21:57:35 - [MESSAGE][INFO] - Unable to find the element located by 'By.xpath: '. Please recheck the objects properties to make sure the desired element is located. 

21-10-2025T21:57:35 - [MESSAGE][WARNING] - [SELF-HEALING] Cannot find elements when the selector is null

21-10-2025T21:57:35 - [MESSAGE][WARNING] - Web element with id: 'Object Repository/FIM/Server_Notification_Close_btn' located by '/html/body/div/div[1]/button' not found (Root cause: com.kms.katalon.core.exception.StepFailedException: Web element with id: 'Object Repository/FIM/Server_Notification_Close_btn' located by '/html/body/div/div[1]/button' not found
	at com.kms.katalon.core.webui.keyword.internal.WebUIKeywordMain.stepFailed(WebUIKeywordMain.groovy:117)
	at com.kms.katalon.core.webui.keyword.builtin.VerifyElementVisibleKeyword$_verifyElementVisible_closure1.doCall(VerifyElementVisibleKeyword.groovy:89)
	at com.kms.katalon.core.webui.keyword.builtin.VerifyElementVisibleKeyword$_verifyElementVisible_closure1.call(VerifyElementVisibleKeyword.groovy)
	at com.kms.katalon.core.webui.keyword.internal.WebUIKeywordMain.runKeyword(WebUIKeywordMain.groovy:35)
	at com.kms.katalon.core.webui.keyword.builtin.VerifyElementVisibleKeyword.verifyElementVisible(VerifyElementVisibleKeyword.groovy:97)
	at com.kms.katalon.core.webui.keyword.builtin.VerifyElementVisibleKeyword.execute(VerifyElementVisibleKeyword.groovy:67)
	at com.kms.katalon.core.keyword.internal.KeywordExecutor.executeKeywordForPlatform(KeywordExecutor.groovy:74)
	at com.kms.katalon.core.webui.keyword.WebUiBuiltInKeywords.verifyElementVisible(WebUiBuiltInKeywords.groovy:401)
	at com.kms.katalon.core.webui.keyword.WebUiBuiltInKeywords$verifyElementVisible$5.call(Unknown Source)
	at Export Order.run(Export Order:32)
	at com.kms.katalon.core.main.ScriptEngine.run(ScriptEngine.java:194)
	at com.kms.katalon.core.main.ScriptEngine.runScriptAsRawText(ScriptEngine.java:119)
	at com.kms.katalon.core.main.TestCaseExecutor.runScript(TestCaseExecutor.java:448)
	at com.kms.katalon.core.main.TestCaseExecutor.doExecute(TestCaseExecutor.java:439)
	at com.kms.katalon.core.main.TestCaseExecutor.processExecutionPhase(TestCaseExecutor.java:418)
	at com.kms.katalon.core.main.TestCaseExecutor.accessMainPhase(TestCaseExecutor.java:410)
	at com.kms.katalon.core.main.TestCaseExecutor.execute(TestCaseExecutor.java:285)
	at com.kms.katalon.core.common.CommonExecutor.accessTestCaseMainPhase(CommonExecutor.java:65)
	at com.kms.katalon.core.main.TestSuiteExecutor.accessTestSuiteMainPhase(TestSuiteExecutor.java:150)
	at com.kms.katalon.core.main.TestSuiteExecutor.execute(TestSuiteExecutor.java:106)
	at com.kms.katalon.core.main.TestCaseMain.startTestSuite(TestCaseMain.java:180)
	at com.kms.katalon.core.main.TestCaseMain$startTestSuite$0.call(Unknown Source)
	at TempTestSuite1761090815312.run(TempTestSuite1761090815312.groovy:35)
	at java.base/jdk.internal.reflect.NativeMethodAccessorImpl.invoke0(Native Method)
	at java.base/jdk.internal.reflect.NativeMethodAccessorImpl.invoke(NativeMethodAccessorImpl.java:77)
	at java.base/jdk.internal.reflect.DelegatingMethodAccessorImpl.invoke(DelegatingMethodAccessorImpl.java:43)
)

21-10-2025T21:57:35 - [TEST_STEP][PASSED] - delay(1): Delayed 1 second(s)

21-10-2025T21:57:36 - [MESSAGE][PASSED] - Delayed 1 second(s)

21-10-2025T21:57:36 - [TEST_STEP][PASSED] - waitForElementClickable(findTestObject("FIM/Sites Page/Orders/Review New Orders/Review New Orders_btn"), 320, CONTINUE_ON_FAILURE): Object 'Object Repository/FIM/Sites Page/Orders/Review New Orders/Review New Orders_btn' is clickable

21-10-2025T21:57:36 - [MESSAGE][PASSED] - Object 'Object Repository/FIM/Sites Page/Orders/Review New Orders/Review New Orders_btn' is clickable

21-10-2025T21:57:36 - [TEST_STEP][PASSED] - click(findTestObject("FIM/Sites Page/Orders/Review New Orders/Review New Orders_btn")): Object: 'Object Repository/FIM/Sites Page/Orders/Review New Orders/Review New Orders_btn' is clicked on

21-10-2025T21:57:37 - [MESSAGE][PASSED] - Object: 'Object Repository/FIM/Sites Page/Orders/Review New Orders/Review New Orders_btn' is clicked on

21-10-2025T21:57:37 - [TEST_STEP][PASSED] - delay(1): Delayed 1 second(s)

21-10-2025T21:57:38 - [MESSAGE][PASSED] - Delayed 1 second(s)

21-10-2025T21:57:38 - [TEST_STEP][FAILED] - if (verifyElementText(findTestObject("FIM/Sites Page/Orders/Create Order/Order Creation Message"), "There are no Orders to review", STOP_ON_FAILURE) == true): Verify element text of test object 'Object Repository/FIM/Sites Page/Orders/Create Order/Order Creation Message' FAILED. (Root cause: com.kms.katalon.core.exception.StepFailedException: Verify element text of test object 'Object Repository/FIM/Sites Page/Orders/Create Order/Order Creation Message' FAILED.
	at com.kms.katalon.core.webui.keyword.internal.WebUIKeywordMain.stepFailed(WebUIKeywordMain.groovy:117)
	at com.kms.katalon.core.webui.keyword.internal.WebUIKeywordMain.runKeyword(WebUIKeywordMain.groovy:43)
	at com.kms.katalon.core.webui.keyword.builtin.VerifyElementTextKeyword.verifyElementText(VerifyElementTextKeyword.groovy:72)
	at com.kms.katalon.core.webui.keyword.builtin.VerifyElementTextKeyword.execute(VerifyElementTextKeyword.groovy:40)
	at com.kms.katalon.core.keyword.internal.KeywordExecutor.executeKeywordForPlatform(KeywordExecutor.groovy:74)
	at com.kms.katalon.core.webui.keyword.WebUiBuiltInKeywords.verifyElementText(WebUiBuiltInKeywords.groovy:4819)
	at com.kms.katalon.core.webui.keyword.WebUiBuiltInKeywords$verifyElementText$18.call(Unknown Source)
	at Export Order.run(Export Order:44)
	at com.kms.katalon.core.main.ScriptEngine.run(ScriptEngine.java:194)
	at com.kms.katalon.core.main.ScriptEngine.runScriptAsRawText(ScriptEngine.java:119)
	at com.kms.katalon.core.main.TestCaseExecutor.runScript(TestCaseExecutor.java:448)
	at com.kms.katalon.core.main.TestCaseExecutor.doExecute(TestCaseExecutor.java:439)
	at com.kms.katalon.core.main.TestCaseExecutor.processExecutionPhase(TestCaseExecutor.java:418)
	at com.kms.katalon.core.main.TestCaseExecutor.accessMainPhase(TestCaseExecutor.java:410)
	at com.kms.katalon.core.main.TestCaseExecutor.execute(TestCaseExecutor.java:285)
	at com.kms.katalon.core.common.CommonExecutor.accessTestCaseMainPhase(CommonExecutor.java:65)
	at com.kms.katalon.core.main.TestSuiteExecutor.accessTestSuiteMainPhase(TestSuiteExecutor.java:150)
	at com.kms.katalon.core.main.TestSuiteExecutor.execute(TestSuiteExecutor.java:106)
	at com.kms.katalon.core.main.TestCaseMain.startTestSuite(TestCaseMain.java:180)
	at com.kms.katalon.core.main.TestCaseMain$startTestSuite$0.call(Unknown Source)
	at TempTestSuite1761090815312.run(TempTestSuite1761090815312.groovy:35)
	at java.base/jdk.internal.reflect.NativeMethodAccessorImpl.invoke0(Native Method)
	at java.base/jdk.internal.reflect.NativeMethodAccessorImpl.invoke(NativeMethodAccessorImpl.java:77)
	at java.base/jdk.internal.reflect.DelegatingMethodAccessorImpl.invoke(DelegatingMethodAccessorImpl.java:43)
Caused by: com.kms.katalon.core.exception.StepFailedException: com.kms.katalon.core.webui.exception.WebElementNotFoundException: Web element with id: 'Object Repository/FIM/Sites Page/Orders/Create Order/Order Creation Message' located by '/html/body/div[2]/div/div/div/div' not found
	at com.kms.katalon.core.webui.keyword.internal.WebUIKeywordMain.stepFailed(WebUIKeywordMain.groovy:117)
	at com.kms.katalon.core.webui.keyword.builtin.VerifyElementTextKeyword$_verifyElementText_closure1.doCall(VerifyElementTextKeyword.groovy:64)
	at com.kms.katalon.core.webui.keyword.builtin.VerifyElementTextKeyword$_verifyElementText_closure1.call(VerifyElementTextKeyword.groovy)
	at com.kms.katalon.core.webui.keyword.internal.WebUIKeywordMain.runKeyword(WebUIKeywordMain.groovy:35)
	... 22 more
)

21-10-2025T21:57:54 - [MESSAGE][INFO] - Unable to find the element located by 'By.xpath: /html/body/div[2]/div/div/div/div'. Please recheck the objects properties to make sure the desired element is located. 

21-10-2025T21:57:54 - [MESSAGE][WARNING] - [SELF-HEALING] Failed to find element with id 'Object Repository/FIM/Sites Page/Orders/Create Order/Order Creation Message'. Try using Self-healing.

21-10-2025T21:57:55 - [MESSAGE][INFO] - [SELF-HEALING] No working XPath is found.

21-10-2025T21:57:57 - [MESSAGE][INFO] - Unable to find the element located by 'By.xpath: '. Please recheck the objects properties to make sure the desired element is located. 

21-10-2025T21:57:57 - [MESSAGE][WARNING] - [SELF-HEALING] Cannot find elements when the selector is null

21-10-2025T21:57:57 - [MESSAGE][FAILED] - com.kms.katalon.core.webui.exception.WebElementNotFoundException: Web element with id: 'Object Repository/FIM/Sites Page/Orders/Create Order/Order Creation Message' located by '/html/body/div[2]/div/div/div/div' not found (Root cause: com.kms.katalon.core.exception.StepFailedException: com.kms.katalon.core.webui.exception.WebElementNotFoundException: Web element with id: 'Object Repository/FIM/Sites Page/Orders/Create Order/Order Creation Message' located by '/html/body/div[2]/div/div/div/div' not found
	at com.kms.katalon.core.webui.keyword.internal.WebUIKeywordMain.stepFailed(WebUIKeywordMain.groovy:117)
	at com.kms.katalon.core.webui.keyword.builtin.VerifyElementTextKeyword$_verifyElementText_closure1.doCall(VerifyElementTextKeyword.groovy:64)
	at com.kms.katalon.core.webui.keyword.builtin.VerifyElementTextKeyword$_verifyElementText_closure1.call(VerifyElementTextKeyword.groovy)
	at com.kms.katalon.core.webui.keyword.internal.WebUIKeywordMain.runKeyword(WebUIKeywordMain.groovy:35)
	at com.kms.katalon.core.webui.keyword.builtin.VerifyElementTextKeyword.verifyElementText(VerifyElementTextKeyword.groovy:72)
	at com.kms.katalon.core.webui.keyword.builtin.VerifyElementTextKeyword.execute(VerifyElementTextKeyword.groovy:40)
	at com.kms.katalon.core.keyword.internal.KeywordExecutor.executeKeywordForPlatform(KeywordExecutor.groovy:74)
	at com.kms.katalon.core.webui.keyword.WebUiBuiltInKeywords.verifyElementText(WebUiBuiltInKeywords.groovy:4819)
	at com.kms.katalon.core.webui.keyword.WebUiBuiltInKeywords$verifyElementText$18.call(Unknown Source)
	at Export Order.run(Export Order:44)
	at com.kms.katalon.core.main.ScriptEngine.run(ScriptEngine.java:194)
	at com.kms.katalon.core.main.ScriptEngine.runScriptAsRawText(ScriptEngine.java:119)
	at com.kms.katalon.core.main.TestCaseExecutor.runScript(TestCaseExecutor.java:448)
	at com.kms.katalon.core.main.TestCaseExecutor.doExecute(TestCaseExecutor.java:439)
	at com.kms.katalon.core.main.TestCaseExecutor.processExecutionPhase(TestCaseExecutor.java:418)
	at com.kms.katalon.core.main.TestCaseExecutor.accessMainPhase(TestCaseExecutor.java:410)
	at com.kms.katalon.core.main.TestCaseExecutor.execute(TestCaseExecutor.java:285)
	at com.kms.katalon.core.common.CommonExecutor.accessTestCaseMainPhase(CommonExecutor.java:65)
	at com.kms.katalon.core.main.TestSuiteExecutor.accessTestSuiteMainPhase(TestSuiteExecutor.java:150)
	at com.kms.katalon.core.main.TestSuiteExecutor.execute(TestSuiteExecutor.java:106)
	at com.kms.katalon.core.main.TestCaseMain.startTestSuite(TestCaseMain.java:180)
	at com.kms.katalon.core.main.TestCaseMain$startTestSuite$0.call(Unknown Source)
	at TempTestSuite1761090815312.run(TempTestSuite1761090815312.groovy:35)
	at java.base/jdk.internal.reflect.NativeMethodAccessorImpl.invoke0(Native Method)
	at java.base/jdk.internal.reflect.NativeMethodAccessorImpl.invoke(NativeMethodAccessorImpl.java:77)
	at java.base/jdk.internal.reflect.DelegatingMethodAccessorImpl.invoke(DelegatingMethodAccessorImpl.java:43)
)

21-10-2025T21:57:57 - [MESSAGE][FAILED] - Verify element text of test object 'Object Repository/FIM/Sites Page/Orders/Create Order/Order Creation Message' FAILED. (Root cause: com.kms.katalon.core.exception.StepFailedException: Verify element text of test object 'Object Repository/FIM/Sites Page/Orders/Create Order/Order Creation Message' FAILED.
	at com.kms.katalon.core.webui.keyword.internal.WebUIKeywordMain.stepFailed(WebUIKeywordMain.groovy:117)
	at com.kms.katalon.core.webui.keyword.internal.WebUIKeywordMain.runKeyword(WebUIKeywordMain.groovy:43)
	at com.kms.katalon.core.webui.keyword.builtin.VerifyElementTextKeyword.verifyElementText(VerifyElementTextKeyword.groovy:72)
	at com.kms.katalon.core.webui.keyword.builtin.VerifyElementTextKeyword.execute(VerifyElementTextKeyword.groovy:40)
	at com.kms.katalon.core.keyword.internal.KeywordExecutor.executeKeywordForPlatform(KeywordExecutor.groovy:74)
	at com.kms.katalon.core.webui.keyword.WebUiBuiltInKeywords.verifyElementText(WebUiBuiltInKeywords.groovy:4819)
	at com.kms.katalon.core.webui.keyword.WebUiBuiltInKeywords$verifyElementText$18.call(Unknown Source)
	at Export Order.run(Export Order:44)
	at com.kms.katalon.core.main.ScriptEngine.run(ScriptEngine.java:194)
	at com.kms.katalon.core.main.ScriptEngine.runScriptAsRawText(ScriptEngine.java:119)
	at com.kms.katalon.core.main.TestCaseExecutor.runScript(TestCaseExecutor.java:448)
	at com.kms.katalon.core.main.TestCaseExecutor.doExecute(TestCaseExecutor.java:439)
	at com.kms.katalon.core.main.TestCaseExecutor.processExecutionPhase(TestCaseExecutor.java:418)
	at com.kms.katalon.core.main.TestCaseExecutor.accessMainPhase(TestCaseExecutor.java:410)
	at com.kms.katalon.core.main.TestCaseExecutor.execute(TestCaseExecutor.java:285)
	at com.kms.katalon.core.common.CommonExecutor.accessTestCaseMainPhase(CommonExecutor.java:65)
	at com.kms.katalon.core.main.TestSuiteExecutor.accessTestSuiteMainPhase(TestSuiteExecutor.java:150)
	at com.kms.katalon.core.main.TestSuiteExecutor.execute(TestSuiteExecutor.java:106)
	at com.kms.katalon.core.main.TestCaseMain.startTestSuite(TestCaseMain.java:180)
	at com.kms.katalon.core.main.TestCaseMain$startTestSuite$0.call(Unknown Source)
	at TempTestSuite1761090815312.run(TempTestSuite1761090815312.groovy:35)
	at java.base/jdk.internal.reflect.NativeMethodAccessorImpl.invoke0(Native Method)
	at java.base/jdk.internal.reflect.NativeMethodAccessorImpl.invoke(NativeMethodAccessorImpl.java:77)
	at java.base/jdk.internal.reflect.DelegatingMethodAccessorImpl.invoke(DelegatingMethodAccessorImpl.java:43)
Caused by: com.kms.katalon.core.exception.StepFailedException: com.kms.katalon.core.webui.exception.WebElementNotFoundException: Web element with id: 'Object Repository/FIM/Sites Page/Orders/Create Order/Order Creation Message' located by '/html/body/div[2]/div/div/div/div' not found
	at com.kms.katalon.core.webui.keyword.internal.WebUIKeywordMain.stepFailed(WebUIKeywordMain.groovy:117)
	at com.kms.katalon.core.webui.keyword.builtin.VerifyElementTextKeyword$_verifyElementText_closure1.doCall(VerifyElementTextKeyword.groovy:64)
	at com.kms.katalon.core.webui.keyword.builtin.VerifyElementTextKeyword$_verifyElementText_closure1.call(VerifyElementTextKeyword.groovy)
	at com.kms.katalon.core.webui.keyword.internal.WebUIKeywordMain.runKeyword(WebUIKeywordMain.groovy:35)
	... 22 more
)

21-10-2025T21:57:57 - [TEST_STEP][PASSED] - Start listener action : retryOnDisconnect: Current window's url is: 'https://kag-inventory-management-portal.qa.thekag.com/site/AFM39?cg=-1&r&i=AllConsignees&sorted=false'

21-10-2025T21:57:57 - [TEST_STEP][PASSED] - tcId = testCaseContext.getTestCaseId(): null

21-10-2025T21:57:57 - [TEST_STEP][PASSED] - currentRetry = retryCounts.getOrDefault(tcId, 0): null

21-10-2025T21:57:57 - [TEST_STEP][PASSED] - if (testCaseContext.getTestCaseStatus() == "FAILED" && currentRetry < MAX_RETRIES): Current window's url is: 'https://kag-inventory-management-portal.qa.thekag.com/site/AFM39?cg=-1&r&i=AllConsignees&sorted=false'

21-10-2025T21:57:57 - [TEST_STEP][PASSED] - try: Current window's url is: 'https://kag-inventory-management-portal.qa.thekag.com/site/AFM39?cg=-1&r&i=AllConsignees&sorted=false'

21-10-2025T21:57:57 - [TEST_STEP][PASSED] - comment(Checking for WebDriver disconnect for test case: $tcId): Checking for WebDriver disconnect for test case: Test Cases/FIM/UI/Kenan/Admin/Sites Page/Orders/Export Order

21-10-2025T21:57:57 - [MESSAGE][INFO] - Checking for WebDriver disconnect for test case: Test Cases/FIM/UI/Kenan/Admin/Sites Page/Orders/Export Order

21-10-2025T21:57:57 - [TEST_STEP][PASSED] - getUrl(): Current window's url is: 'https://kag-inventory-management-portal.qa.thekag.com/site/AFM39?cg=-1&r&i=AllConsignees&sorted=false'

21-10-2025T21:57:57 - [MESSAGE][PASSED] - Current window's url is: 'https://kag-inventory-management-portal.qa.thekag.com/site/AFM39?cg=-1&r&i=AllConsignees&sorted=false']]></system-out>
         <system-err><![CDATA[21-10-2025T21:57:14 - [TEST_CASE][FAILED] - Test Cases/FIM/UI/Kenan/Admin/Sites Page/Orders/Export Order: Test Cases/FIM/UI/Kenan/Admin/Sites Page/Orders/Export Order FAILED.
Reason:
com.kms.katalon.core.exception.StepFailedException: Verify element text of test object 'Object Repository/FIM/Sites Page/Orders/Create Order/Order Creation Message' FAILED.
	at com.kms.katalon.core.webui.keyword.internal.WebUIKeywordMain.stepFailed(WebUIKeywordMain.groovy:117)
	at com.kms.katalon.core.webui.keyword.internal.WebUIKeywordMain.runKeyword(WebUIKeywordMain.groovy:43)
	at com.kms.katalon.core.webui.keyword.builtin.VerifyElementTextKeyword.verifyElementText(VerifyElementTextKeyword.groovy:72)
	at com.kms.katalon.core.webui.keyword.builtin.VerifyElementTextKeyword.execute(VerifyElementTextKeyword.groovy:40)
	at com.kms.katalon.core.keyword.internal.KeywordExecutor.executeKeywordForPlatform(KeywordExecutor.groovy:74)
	at com.kms.katalon.core.webui.keyword.WebUiBuiltInKeywords.verifyElementText(WebUiBuiltInKeywords.groovy:4819)
	at com.kms.katalon.core.webui.keyword.WebUiBuiltInKeywords$verifyElementText$18.call(Unknown Source)
	at Export Order.run(Export Order:44)
	at com.kms.katalon.core.main.ScriptEngine.run(ScriptEngine.java:194)
	at com.kms.katalon.core.main.ScriptEngine.runScriptAsRawText(ScriptEngine.java:119)
	at com.kms.katalon.core.main.TestCaseExecutor.runScript(TestCaseExecutor.java:448)
	at com.kms.katalon.core.main.TestCaseExecutor.doExecute(TestCaseExecutor.java:439)
	at com.kms.katalon.core.main.TestCaseExecutor.processExecutionPhase(TestCaseExecutor.java:418)
	at com.kms.katalon.core.main.TestCaseExecutor.accessMainPhase(TestCaseExecutor.java:410)
	at com.kms.katalon.core.main.TestCaseExecutor.execute(TestCaseExecutor.java:285)
	at com.kms.katalon.core.common.CommonExecutor.accessTestCaseMainPhase(CommonExecutor.java:65)
	at com.kms.katalon.core.main.TestSuiteExecutor.accessTestSuiteMainPhase(TestSuiteExecutor.java:150)
	at com.kms.katalon.core.main.TestSuiteExecutor.execute(TestSuiteExecutor.java:106)
	at com.kms.katalon.core.main.TestCaseMain.startTestSuite(TestCaseMain.java:180)
	at com.kms.katalon.core.main.TestCaseMain$startTestSuite$0.call(Unknown Source)
	at TempTestSuite1761090815312.run(TempTestSuite1761090815312.groovy:35)
	at java.base/jdk.internal.reflect.NativeMethodAccessorImpl.invoke0(Native Method)
	at java.base/jdk.internal.reflect.NativeMethodAccessorImpl.invoke(NativeMethodAccessorImpl.java:77)
	at java.base/jdk.internal.reflect.DelegatingMethodAccessorImpl.invoke(DelegatingMethodAccessorImpl.java:43)
Caused by: com.kms.katalon.core.exception.StepFailedException: com.kms.katalon.core.webui.exception.WebElementNotFoundException: Web element with id: 'Object Repository/FIM/Sites Page/Orders/Create Order/Order Creation Message' located by '/html/body/div[2]/div/div/div/div' not found
	at com.kms.katalon.core.webui.keyword.internal.WebUIKeywordMain.stepFailed(WebUIKeywordMain.groovy:117)
	at com.kms.katalon.core.webui.keyword.builtin.VerifyElementTextKeyword$_verifyElementText_closure1.doCall(VerifyElementTextKeyword.groovy:64)
	at com.kms.katalon.core.webui.keyword.builtin.VerifyElementTextKeyword$_verifyElementText_closure1.call(VerifyElementTextKeyword.groovy)
	at com.kms.katalon.core.webui.keyword.internal.WebUIKeywordMain.runKeyword(WebUIKeywordMain.groovy:35)
	... 22 more]]></system-err>
      </testcase>
      <testcase name="Test Cases/FIM/UI/Kenan/Admin/Sites Page/Orders/Can Not Add More Than Three Sites to a Split Order" time="54.215" classname="Test Cases/FIM/UI/Kenan/Admin/Sites Page/Orders/Can Not Add More Than Three Sites to a Split Order" status="FAILED">
         <failure type="FAILED" message="Test Cases/FIM/UI/Kenan/Admin/Sites Page/Orders/Can Not Add More Than Three Sites to a Split Order FAILED.&#xa;Reason:&#xa;com.kms.katalon.core.exception.StepFailedException: Unable to click on object 'Object Repository/FIM/Sites Page/Orders/Create Order/Split_Load_Order_toggle'&#xa;	at com.kms.katalon.core.webui.keyword.internal.WebUIKeywordMain.stepFailed(WebUIKeywordMain.groovy:117)&#xa;	at com.kms.katalon.core.webui.keyword.internal.WebUIKeywordMain.runKeyword(WebUIKeywordMain.groovy:43)&#xa;	at com.kms.katalon.core.webui.keyword.builtin.ClickKeyword.click(ClickKeyword.groovy:74)&#xa;	at com.kms.katalon.core.webui.keyword.builtin.ClickKeyword.execute(ClickKeyword.groovy:40)&#xa;	at com.kms.katalon.core.keyword.internal.KeywordExecutor.executeKeywordForPlatform(KeywordExecutor.groovy:74)&#xa;	at com.kms.katalon.core.webui.keyword.WebUiBuiltInKeywords.click(WebUiBuiltInKeywords.groovy:647)&#xa;	at com.kms.katalon.core.webui.keyword.WebUiBuiltInKeywords$click$10.call(Unknown Source)&#xa;	at Can Not Add More Than Three Sites to a Split Order.run(Can Not Add More Than Three Sites to a Split Order:58)&#xa;	at com.kms.katalon.core.main.ScriptEngine.run(ScriptEngine.java:194)&#xa;	at com.kms.katalon.core.main.ScriptEngine.runScriptAsRawText(ScriptEngine.java:119)&#xa;	at com.kms.katalon.core.main.TestCaseExecutor.runScript(TestCaseExecutor.java:448)&#xa;	at com.kms.katalon.core.main.TestCaseExecutor.doExecute(TestCaseExecutor.java:439)&#xa;	at com.kms.katalon.core.main.TestCaseExecutor.processExecutionPhase(TestCaseExecutor.java:418)&#xa;	at com.kms.katalon.core.main.TestCaseExecutor.accessMainPhase(TestCaseExecutor.java:410)&#xa;	at com.kms.katalon.core.main.TestCaseExecutor.execute(TestCaseExecutor.java:285)&#xa;	at com.kms.katalon.core.common.CommonExecutor.accessTestCaseMainPhase(CommonExecutor.java:65)&#xa;	at com.kms.katalon.core.main.TestSuiteExecutor.accessTestSuiteMainPhase(TestSuiteExecutor.java:150)&#xa;	at com.kms.katalon.core.main.TestSuiteExecutor.execute(TestSuiteExecutor.java:106)&#xa;	at com.kms.katalon.core.main.TestCaseMain.startTestSuite(TestCaseMain.java:180)&#xa;	at com.kms.katalon.core.main.TestCaseMain$startTestSuite$0.call(Unknown Source)&#xa;	at TempTestSuite1761090815312.run(TempTestSuite1761090815312.groovy:35)&#xa;	at java.base/jdk.internal.reflect.NativeMethodAccessorImpl.invoke0(Native Method)&#xa;	at java.base/jdk.internal.reflect.NativeMethodAccessorImpl.invoke(NativeMethodAccessorImpl.java:77)&#xa;	at java.base/jdk.internal.reflect.DelegatingMethodAccessorImpl.invoke(DelegatingMethodAccessorImpl.java:43)&#xa;Caused by: org.openqa.selenium.ElementNotInteractableException: element not interactable&#xa;  (Session info: chrome=141.0.7390.122)&#xa;Build info: version: '3.141.59', revision: 'unknown', time: 'unknown'&#xa;System info: host: 'DC1ADOBLD01', ip: '10.2.20.71', os.name: 'Windows Server 2019', os.arch: 'amd64', os.version: '10.0', java.version: '17.0.7'&#xa;Driver info: com.kms.katalon.selenium.driver.CChromeDriver&#xa;Capabilities {acceptInsecureCerts: false, browserName: chrome, browserVersion: 141.0.7390.122, chrome: {chromedriverVersion: 141.0.7390.122 (b477534e7e1..., userDataDir: C:\Windows\SystemTemp\scope...}, fedcm:accounts: true, goog:chromeOptions: {debuggerAddress: localhost:57896}, javascriptEnabled: true, networkConnectionEnabled: false, pageLoadStrategy: normal, platform: WINDOWS, platformName: WINDOWS, proxy: Proxy(), setWindowRect: true, strictFileInteractability: false, timeouts: {implicit: 0, pageLoad: 300000, script: 30000}, unhandledPromptBehavior: dismiss and notify, webauthn:extension:credBlob: true, webauthn:extension:largeBlob: true, webauthn:extension:minPinLength: true, webauthn:extension:prf: true, webauthn:virtualAuthenticators: true}&#xa;Session ID: 09a1b0875dc0ccf407849ee702a255d9&#xa;	at java.base/jdk.internal.reflect.NativeConstructorAccessorImpl.newInstance0(Native Method)&#xa;	at java.base/jdk.internal.reflect.NativeConstructorAccessorImpl.newInstance(NativeConstructorAccessorImpl.java:77)&#xa;	at java.base/jdk.internal.reflect.DelegatingConstructorAccessorImpl.newInstance(DelegatingConstructorAccessorImpl.java:45)&#xa;	at org.openqa.selenium.remote.http.W3CHttpResponseCodec.createException(W3CHttpResponseCodec.java:187)&#xa;	at org.openqa.selenium.remote.http.W3CHttpResponseCodec.decode(W3CHttpResponseCodec.java:122)&#xa;	at org.openqa.selenium.remote.http.W3CHttpResponseCodec.decode(W3CHttpResponseCodec.java:49)&#xa;	at org.openqa.selenium.remote.HttpCommandExecutor.execute(HttpCommandExecutor.java:158)&#xa;	at org.openqa.selenium.remote.service.DriverCommandExecutor.execute(DriverCommandExecutor.java:83)&#xa;	at org.openqa.selenium.remote.RemoteWebDriver.execute(RemoteWebDriver.java:552)&#xa;	at com.kms.katalon.selenium.driver.CChromeDriver.execute(CChromeDriver.java:19)&#xa;	at org.openqa.selenium.remote.RemoteWebElement.execute(RemoteWebElement.java:285)&#xa;	at org.openqa.selenium.remote.RemoteWebElement.click(RemoteWebElement.java:84)&#xa;	at jdk.internal.reflect.GeneratedMethodAccessor20.invoke(Unknown Source)&#xa;	at java.base/jdk.internal.reflect.DelegatingMethodAccessorImpl.invoke(DelegatingMethodAccessorImpl.java:43)&#xa;	at org.openqa.selenium.support.events.EventFiringWebDriver$EventFiringWebElement.lambda$new$0(EventFiringWebDriver.java:404)&#xa;	at jdk.proxy2/jdk.proxy2.$Proxy27.click(Unknown Source)&#xa;	at org.openqa.selenium.support.events.EventFiringWebDriver$EventFiringWebElement.click(EventFiringWebDriver.java:417)&#xa;	at org.openqa.selenium.WebElement$click.call(Unknown Source)&#xa;	at com.kms.katalon.core.webui.keyword.builtin.ClickKeyword.clickUntilSuccessWithTimeout(ClickKeyword.groovy:81)&#xa;	at com.kms.katalon.core.webui.keyword.builtin.ClickKeyword.clickUntilSuccessWithTimeout(ClickKeyword.groovy)&#xa;	at jdk.internal.reflect.GeneratedMethodAccessor18.invoke(Unknown Source)&#xa;	at java.base/jdk.internal.reflect.DelegatingMethodAccessorImpl.invoke(DelegatingMethodAccessorImpl.java:43)&#xa;	at com.kms.katalon.core.webui.keyword.builtin.ClickKeyword$_click_closure1.doCall(ClickKeyword.groovy:67)&#xa;	at com.kms.katalon.core.webui.keyword.builtin.ClickKeyword$_click_closure1.call(ClickKeyword.groovy)&#xa;	at com.kms.katalon.core.webui.keyword.internal.WebUIKeywordMain.runKeyword(WebUIKeywordMain.groovy:35)&#xa;	... 22 more&#xa;"/>
         <system-out><![CDATA[21-10-2025T21:57:57 - [TEST_CASE][FAILED] - Test Cases/FIM/UI/Kenan/Admin/Sites Page/Orders/Can Not Add More Than Three Sites to a Split Order: Test Cases/FIM/UI/Kenan/Admin/Sites Page/Orders/Can Not Add More Than Three Sites to a Split Order FAILED.
Reason:
com.kms.katalon.core.exception.StepFailedException: Unable to click on object 'Object Repository/FIM/Sites Page/Orders/Create Order/Split_Load_Order_toggle'
	at com.kms.katalon.core.webui.keyword.internal.WebUIKeywordMain.stepFailed(WebUIKeywordMain.groovy:117)
	at com.kms.katalon.core.webui.keyword.internal.WebUIKeywordMain.runKeyword(WebUIKeywordMain.groovy:43)
	at com.kms.katalon.core.webui.keyword.builtin.ClickKeyword.click(ClickKeyword.groovy:74)
	at com.kms.katalon.core.webui.keyword.builtin.ClickKeyword.execute(ClickKeyword.groovy:40)
	at com.kms.katalon.core.keyword.internal.KeywordExecutor.executeKeywordForPlatform(KeywordExecutor.groovy:74)
	at com.kms.katalon.core.webui.keyword.WebUiBuiltInKeywords.click(WebUiBuiltInKeywords.groovy:647)
	at com.kms.katalon.core.webui.keyword.WebUiBuiltInKeywords$click$10.call(Unknown Source)
	at Can Not Add More Than Three Sites to a Split Order.run(Can Not Add More Than Three Sites to a Split Order:58)
	at com.kms.katalon.core.main.ScriptEngine.run(ScriptEngine.java:194)
	at com.kms.katalon.core.main.ScriptEngine.runScriptAsRawText(ScriptEngine.java:119)
	at com.kms.katalon.core.main.TestCaseExecutor.runScript(TestCaseExecutor.java:448)
	at com.kms.katalon.core.main.TestCaseExecutor.doExecute(TestCaseExecutor.java:439)
	at com.kms.katalon.core.main.TestCaseExecutor.processExecutionPhase(TestCaseExecutor.java:418)
	at com.kms.katalon.core.main.TestCaseExecutor.accessMainPhase(TestCaseExecutor.java:410)
	at com.kms.katalon.core.main.TestCaseExecutor.execute(TestCaseExecutor.java:285)
	at com.kms.katalon.core.common.CommonExecutor.accessTestCaseMainPhase(CommonExecutor.java:65)
	at com.kms.katalon.core.main.TestSuiteExecutor.accessTestSuiteMainPhase(TestSuiteExecutor.java:150)
	at com.kms.katalon.core.main.TestSuiteExecutor.execute(TestSuiteExecutor.java:106)
	at com.kms.katalon.core.main.TestCaseMain.startTestSuite(TestCaseMain.java:180)
	at com.kms.katalon.core.main.TestCaseMain$startTestSuite$0.call(Unknown Source)
	at TempTestSuite1761090815312.run(TempTestSuite1761090815312.groovy:35)
	at java.base/jdk.internal.reflect.NativeMethodAccessorImpl.invoke0(Native Method)
	at java.base/jdk.internal.reflect.NativeMethodAccessorImpl.invoke(NativeMethodAccessorImpl.java:77)
	at java.base/jdk.internal.reflect.DelegatingMethodAccessorImpl.invoke(DelegatingMethodAccessorImpl.java:43)
Caused by: org.openqa.selenium.ElementNotInteractableException: element not interactable
  (Session info: chrome=141.0.7390.122)
Build info: version: '3.141.59', revision: 'unknown', time: 'unknown'
System info: host: 'DC1ADOBLD01', ip: '10.2.20.71', os.name: 'Windows Server 2019', os.arch: 'amd64', os.version: '10.0', java.version: '17.0.7'
Driver info: com.kms.katalon.selenium.driver.CChromeDriver
Capabilities {acceptInsecureCerts: false, browserName: chrome, browserVersion: 141.0.7390.122, chrome: {chromedriverVersion: 141.0.7390.122 (b477534e7e1..., userDataDir: C:\Windows\SystemTemp\scope...}, fedcm:accounts: true, goog:chromeOptions: {debuggerAddress: localhost:57896}, javascriptEnabled: true, networkConnectionEnabled: false, pageLoadStrategy: normal, platform: WINDOWS, platformName: WINDOWS, proxy: Proxy(), setWindowRect: true, strictFileInteractability: false, timeouts: {implicit: 0, pageLoad: 300000, script: 30000}, unhandledPromptBehavior: dismiss and notify, webauthn:extension:credBlob: true, webauthn:extension:largeBlob: true, webauthn:extension:minPinLength: true, webauthn:extension:prf: true, webauthn:virtualAuthenticators: true}
Session ID: 09a1b0875dc0ccf407849ee702a255d9
	at java.base/jdk.internal.reflect.NativeConstructorAccessorImpl.newInstance0(Native Method)
	at java.base/jdk.internal.reflect.NativeConstructorAccessorImpl.newInstance(NativeConstructorAccessorImpl.java:77)
	at java.base/jdk.internal.reflect.DelegatingConstructorAccessorImpl.newInstance(DelegatingConstructorAccessorImpl.java:45)
	at org.openqa.selenium.remote.http.W3CHttpResponseCodec.createException(W3CHttpResponseCodec.java:187)
	at org.openqa.selenium.remote.http.W3CHttpResponseCodec.decode(W3CHttpResponseCodec.java:122)
	at org.openqa.selenium.remote.http.W3CHttpResponseCodec.decode(W3CHttpResponseCodec.java:49)
	at org.openqa.selenium.remote.HttpCommandExecutor.execute(HttpCommandExecutor.java:158)
	at org.openqa.selenium.remote.service.DriverCommandExecutor.execute(DriverCommandExecutor.java:83)
	at org.openqa.selenium.remote.RemoteWebDriver.execute(RemoteWebDriver.java:552)
	at com.kms.katalon.selenium.driver.CChromeDriver.execute(CChromeDriver.java:19)
	at org.openqa.selenium.remote.RemoteWebElement.execute(RemoteWebElement.java:285)
	at org.openqa.selenium.remote.RemoteWebElement.click(RemoteWebElement.java:84)
	at jdk.internal.reflect.GeneratedMethodAccessor20.invoke(Unknown Source)
	at java.base/jdk.internal.reflect.DelegatingMethodAccessorImpl.invoke(DelegatingMethodAccessorImpl.java:43)
	at org.openqa.selenium.support.events.EventFiringWebDriver$EventFiringWebElement.lambda$new$0(EventFiringWebDriver.java:404)
	at jdk.proxy2/jdk.proxy2.$Proxy27.click(Unknown Source)
	at org.openqa.selenium.support.events.EventFiringWebDriver$EventFiringWebElement.click(EventFiringWebDriver.java:417)
	at org.openqa.selenium.WebElement$click.call(Unknown Source)
	at com.kms.katalon.core.webui.keyword.builtin.ClickKeyword.clickUntilSuccessWithTimeout(ClickKeyword.groovy:81)
	at com.kms.katalon.core.webui.keyword.builtin.ClickKeyword.clickUntilSuccessWithTimeout(ClickKeyword.groovy)
	at jdk.internal.reflect.GeneratedMethodAccessor18.invoke(Unknown Source)
	at java.base/jdk.internal.reflect.DelegatingMethodAccessorImpl.invoke(DelegatingMethodAccessorImpl.java:43)
	at com.kms.katalon.core.webui.keyword.builtin.ClickKeyword$_click_closure1.doCall(ClickKeyword.groovy:67)
	at com.kms.katalon.core.webui.keyword.builtin.ClickKeyword$_click_closure1.call(ClickKeyword.groovy)
	at com.kms.katalon.core.webui.keyword.internal.WebUIKeywordMain.runKeyword(WebUIKeywordMain.groovy:35)
	... 22 more


21-10-2025T21:57:57 - [TEST_STEP][PASSED] - Start listener action : beforeTestCase: null

21-10-2025T21:57:57 - [TEST_STEP][PASSED] - addDefaultPackages(): null

21-10-2025T21:57:57 - [TEST_STEP][PASSED] - callTestCase(findTestCase("Utility Scripts/FIM KAG Admin Login"), [:], STOP_ON_FAILURE): Call Test Case 'Test Cases/Utility Scripts/FIM KAG Admin Login' successfully

21-10-2025T21:57:57 - [TEST_CASE][PASSED] - Test Cases/Utility Scripts/FIM KAG Admin Login: Test Cases/Utility Scripts/FIM KAG Admin Login

21-10-2025T21:57:57 - [TEST_STEP][PASSED] - openBrowser(""): Browser is opened with url: ''

21-10-2025T21:57:57 - [MESSAGE][WARNING] - A browser is already opened. Closing browser and opening a new one

21-10-2025T21:57:57 - [MESSAGE][INFO] - Starting 'Chrome' driver

21-10-2025T21:57:57 - [MESSAGE][INFO] - User set preference: ['args', '[--no-sandbox, --disable-gpu, --disable-dev-shm-usage]']

21-10-2025T21:57:57 - [MESSAGE][INFO] - Action delay is set to 0 milliseconds

21-10-2025T21:57:58 - [MESSAGE][PASSED] - Browser is opened with url: ''

21-10-2025T21:57:58 - [TEST_STEP][PASSED] - delay(1): Delayed 1 second(s)

21-10-2025T21:57:59 - [MESSAGE][PASSED] - Delayed 1 second(s)

21-10-2025T21:57:59 - [TEST_STEP][PASSED] - navigateToUrl(KenanRegionURL): Navigate to 'https://kag-inventory-management-portal.qa.thekag.com/region/' successfully

21-10-2025T21:58:00 - [MESSAGE][PASSED] - Navigate to 'https://kag-inventory-management-portal.qa.thekag.com/region/' successfully

21-10-2025T21:58:00 - [TEST_STEP][PASSED] - delay(10): Delayed 10 second(s)

21-10-2025T21:58:10 - [MESSAGE][PASSED] - Delayed 10 second(s)

21-10-2025T21:58:10 - [TEST_STEP][PASSED] - if (maximizeWindow == true): Current window maximized

21-10-2025T21:58:10 - [TEST_STEP][PASSED] - maximizeWindow(STOP_ON_FAILURE): Current window maximized

21-10-2025T21:58:10 - [MESSAGE][PASSED] - Current window maximized

21-10-2025T21:58:10 - [TEST_STEP][PASSED] - waitForElementPresent(findTestObject("FIM/Username_txt"), 10): Object 'Object Repository/FIM/Username_txt' is present

21-10-2025T21:58:10 - [MESSAGE][PASSED] - Object 'Object Repository/FIM/Username_txt' is present

21-10-2025T21:58:10 - [TEST_STEP][PASSED] - setText(findTestObject("FIM/Username_txt"), FIMUsername): Text 'Chris.Sheldon+DES_QA@Thekag.com' is set on object 'Object Repository/FIM/Username_txt'

21-10-2025T21:58:10 - [MESSAGE][PASSED] - Text 'Chris.Sheldon+DES_QA@Thekag.com' is set on object 'Object Repository/FIM/Username_txt'

21-10-2025T21:58:10 - [TEST_STEP][PASSED] - delay(1): Delayed 1 second(s)

21-10-2025T21:58:11 - [MESSAGE][PASSED] - Delayed 1 second(s)

21-10-2025T21:58:11 - [TEST_STEP][PASSED] - setText(findTestObject("FIM/Password_txt"), FIMPassword): Text 'QATest!2' is set on object 'Object Repository/FIM/Password_txt'

21-10-2025T21:58:11 - [MESSAGE][PASSED] - Text 'QATest!2' is set on object 'Object Repository/FIM/Password_txt'

21-10-2025T21:58:11 - [TEST_STEP][PASSED] - delay(1): Delayed 1 second(s)

21-10-2025T21:58:12 - [MESSAGE][PASSED] - Delayed 1 second(s)

21-10-2025T21:58:12 - [TEST_STEP][PASSED] - click(findTestObject("FIM/Login_btn")): Object: 'Object Repository/FIM/Login_btn' is clicked on

21-10-2025T21:58:12 - [MESSAGE][PASSED] - Object: 'Object Repository/FIM/Login_btn' is clicked on

21-10-2025T21:58:12 - [MESSAGE][PASSED] - Call Test Case 'Test Cases/Utility Scripts/FIM KAG Admin Login' successfully

21-10-2025T21:58:12 - [TEST_STEP][PASSED] - if (verifyElementVisible(findTestObject("FIM/Server_Notification_Close_btn"), OPTIONAL) == true): Web element with id: 'Object Repository/FIM/Server_Notification_Close_btn' located by '/html/body/div/div[1]/button' not found (Root cause: com.kms.katalon.core.exception.StepFailedException: Web element with id: 'Object Repository/FIM/Server_Notification_Close_btn' located by '/html/body/div/div[1]/button' not found
	at com.kms.katalon.core.webui.keyword.internal.WebUIKeywordMain.stepFailed(WebUIKeywordMain.groovy:117)
	at com.kms.katalon.core.webui.keyword.builtin.VerifyElementVisibleKeyword$_verifyElementVisible_closure1.doCall(VerifyElementVisibleKeyword.groovy:89)
	at com.kms.katalon.core.webui.keyword.builtin.VerifyElementVisibleKeyword$_verifyElementVisible_closure1.call(VerifyElementVisibleKeyword.groovy)
	at com.kms.katalon.core.webui.keyword.internal.WebUIKeywordMain.runKeyword(WebUIKeywordMain.groovy:35)
	at com.kms.katalon.core.webui.keyword.builtin.VerifyElementVisibleKeyword.verifyElementVisible(VerifyElementVisibleKeyword.groovy:97)
	at com.kms.katalon.core.webui.keyword.builtin.VerifyElementVisibleKeyword.execute(VerifyElementVisibleKeyword.groovy:67)
	at com.kms.katalon.core.keyword.internal.KeywordExecutor.executeKeywordForPlatform(KeywordExecutor.groovy:74)
	at com.kms.katalon.core.webui.keyword.WebUiBuiltInKeywords.verifyElementVisible(WebUiBuiltInKeywords.groovy:401)
	at com.kms.katalon.core.webui.keyword.WebUiBuiltInKeywords$verifyElementVisible$5.call(Unknown Source)
	at Can Not Add More Than Three Sites to a Split Order.run(Can Not Add More Than Three Sites to a Split Order:22)
	at com.kms.katalon.core.main.ScriptEngine.run(ScriptEngine.java:194)
	at com.kms.katalon.core.main.ScriptEngine.runScriptAsRawText(ScriptEngine.java:119)
	at com.kms.katalon.core.main.TestCaseExecutor.runScript(TestCaseExecutor.java:448)
	at com.kms.katalon.core.main.TestCaseExecutor.doExecute(TestCaseExecutor.java:439)
	at com.kms.katalon.core.main.TestCaseExecutor.processExecutionPhase(TestCaseExecutor.java:418)
	at com.kms.katalon.core.main.TestCaseExecutor.accessMainPhase(TestCaseExecutor.java:410)
	at com.kms.katalon.core.main.TestCaseExecutor.execute(TestCaseExecutor.java:285)
	at com.kms.katalon.core.common.CommonExecutor.accessTestCaseMainPhase(CommonExecutor.java:65)
	at com.kms.katalon.core.main.TestSuiteExecutor.accessTestSuiteMainPhase(TestSuiteExecutor.java:150)
	at com.kms.katalon.core.main.TestSuiteExecutor.execute(TestSuiteExecutor.java:106)
	at com.kms.katalon.core.main.TestCaseMain.startTestSuite(TestCaseMain.java:180)
	at com.kms.katalon.core.main.TestCaseMain$startTestSuite$0.call(Unknown Source)
	at TempTestSuite1761090815312.run(TempTestSuite1761090815312.groovy:35)
	at java.base/jdk.internal.reflect.NativeMethodAccessorImpl.invoke0(Native Method)
	at java.base/jdk.internal.reflect.NativeMethodAccessorImpl.invoke(NativeMethodAccessorImpl.java:77)
	at java.base/jdk.internal.reflect.DelegatingMethodAccessorImpl.invoke(DelegatingMethodAccessorImpl.java:43)
)

21-10-2025T21:58:28 - [MESSAGE][INFO] - Unable to find the element located by 'By.xpath: /html/body/div/div[1]/button'. Please recheck the objects properties to make sure the desired element is located. 

21-10-2025T21:58:28 - [MESSAGE][WARNING] - [SELF-HEALING] Failed to find element with id 'Object Repository/FIM/Server_Notification_Close_btn'. Try using Self-healing.

21-10-2025T21:58:29 - [MESSAGE][INFO] - [SELF-HEALING] No working XPath is found.

21-10-2025T21:58:31 - [MESSAGE][INFO] - Unable to find the element located by 'By.xpath: '. Please recheck the objects properties to make sure the desired element is located. 

21-10-2025T21:58:31 - [MESSAGE][WARNING] - [SELF-HEALING] Cannot find elements when the selector is null

21-10-2025T21:58:31 - [MESSAGE][WARNING] - Web element with id: 'Object Repository/FIM/Server_Notification_Close_btn' located by '/html/body/div/div[1]/button' not found (Root cause: com.kms.katalon.core.exception.StepFailedException: Web element with id: 'Object Repository/FIM/Server_Notification_Close_btn' located by '/html/body/div/div[1]/button' not found
	at com.kms.katalon.core.webui.keyword.internal.WebUIKeywordMain.stepFailed(WebUIKeywordMain.groovy:117)
	at com.kms.katalon.core.webui.keyword.builtin.VerifyElementVisibleKeyword$_verifyElementVisible_closure1.doCall(VerifyElementVisibleKeyword.groovy:89)
	at com.kms.katalon.core.webui.keyword.builtin.VerifyElementVisibleKeyword$_verifyElementVisible_closure1.call(VerifyElementVisibleKeyword.groovy)
	at com.kms.katalon.core.webui.keyword.internal.WebUIKeywordMain.runKeyword(WebUIKeywordMain.groovy:35)
	at com.kms.katalon.core.webui.keyword.builtin.VerifyElementVisibleKeyword.verifyElementVisible(VerifyElementVisibleKeyword.groovy:97)
	at com.kms.katalon.core.webui.keyword.builtin.VerifyElementVisibleKeyword.execute(VerifyElementVisibleKeyword.groovy:67)
	at com.kms.katalon.core.keyword.internal.KeywordExecutor.executeKeywordForPlatform(KeywordExecutor.groovy:74)
	at com.kms.katalon.core.webui.keyword.WebUiBuiltInKeywords.verifyElementVisible(WebUiBuiltInKeywords.groovy:401)
	at com.kms.katalon.core.webui.keyword.WebUiBuiltInKeywords$verifyElementVisible$5.call(Unknown Source)
	at Can Not Add More Than Three Sites to a Split Order.run(Can Not Add More Than Three Sites to a Split Order:22)
	at com.kms.katalon.core.main.ScriptEngine.run(ScriptEngine.java:194)
	at com.kms.katalon.core.main.ScriptEngine.runScriptAsRawText(ScriptEngine.java:119)
	at com.kms.katalon.core.main.TestCaseExecutor.runScript(TestCaseExecutor.java:448)
	at com.kms.katalon.core.main.TestCaseExecutor.doExecute(TestCaseExecutor.java:439)
	at com.kms.katalon.core.main.TestCaseExecutor.processExecutionPhase(TestCaseExecutor.java:418)
	at com.kms.katalon.core.main.TestCaseExecutor.accessMainPhase(TestCaseExecutor.java:410)
	at com.kms.katalon.core.main.TestCaseExecutor.execute(TestCaseExecutor.java:285)
	at com.kms.katalon.core.common.CommonExecutor.accessTestCaseMainPhase(CommonExecutor.java:65)
	at com.kms.katalon.core.main.TestSuiteExecutor.accessTestSuiteMainPhase(TestSuiteExecutor.java:150)
	at com.kms.katalon.core.main.TestSuiteExecutor.execute(TestSuiteExecutor.java:106)
	at com.kms.katalon.core.main.TestCaseMain.startTestSuite(TestCaseMain.java:180)
	at com.kms.katalon.core.main.TestCaseMain$startTestSuite$0.call(Unknown Source)
	at TempTestSuite1761090815312.run(TempTestSuite1761090815312.groovy:35)
	at java.base/jdk.internal.reflect.NativeMethodAccessorImpl.invoke0(Native Method)
	at java.base/jdk.internal.reflect.NativeMethodAccessorImpl.invoke(NativeMethodAccessorImpl.java:77)
	at java.base/jdk.internal.reflect.DelegatingMethodAccessorImpl.invoke(DelegatingMethodAccessorImpl.java:43)
)

21-10-2025T21:58:31 - [TEST_STEP][PASSED] - delay(1): Delayed 1 second(s)

21-10-2025T21:58:32 - [MESSAGE][PASSED] - Delayed 1 second(s)

21-10-2025T21:58:32 - [TEST_STEP][PASSED] - click(findTestObject("FIM/Hamburger Menu List/Hamburger_menu")): Object: 'Object Repository/FIM/Hamburger Menu List/Hamburger_menu' is clicked on

21-10-2025T21:58:32 - [MESSAGE][PASSED] - Object: 'Object Repository/FIM/Hamburger Menu List/Hamburger_menu' is clicked on

21-10-2025T21:58:32 - [TEST_STEP][PASSED] - verifyElementPresent(findTestObject("FIM/Hamburger Menu List/KAG_Sites_option"), 10): Object 'Object Repository/FIM/Hamburger Menu List/KAG_Sites_option' is present

21-10-2025T21:58:32 - [MESSAGE][PASSED] - Object 'Object Repository/FIM/Hamburger Menu List/KAG_Sites_option' is present

21-10-2025T21:58:32 - [TEST_STEP][PASSED] - delay(1): Delayed 1 second(s)

21-10-2025T21:58:33 - [MESSAGE][PASSED] - Delayed 1 second(s)

21-10-2025T21:58:33 - [TEST_STEP][PASSED] - click(findTestObject("FIM/Hamburger Menu List/KAG_Sites_option")): Object: 'Object Repository/FIM/Hamburger Menu List/KAG_Sites_option' is clicked on

21-10-2025T21:58:33 - [MESSAGE][PASSED] - Object: 'Object Repository/FIM/Hamburger Menu List/KAG_Sites_option' is clicked on

21-10-2025T21:58:33 - [TEST_STEP][PASSED] - waitForElementPresent(findTestObject("FIM/Sites Page/Calculator/Calculator Tab"), 10): Object 'Object Repository/FIM/Sites Page/Calculator/Calculator Tab' is present

21-10-2025T21:58:43 - [MESSAGE][PASSED] - Object 'Object Repository/FIM/Sites Page/Calculator/Calculator Tab' is present

21-10-2025T21:58:43 - [TEST_STEP][PASSED] - while (i < 60 == true): null

21-10-2025T21:58:43 - [TEST_STEP][PASSED] - sendKeys(findTestObject("FIM/Sites Page/Site Filtering/Site_txt"), Keys.chord(BACK_SPACE), STOP_ON_FAILURE): Keys 'BACK_SPACE + ' sent to object: 'Object Repository/FIM/Sites Page/Site Filtering/Site_txt'

21-10-2025T21:58:44 - [MESSAGE][PASSED] - Keys 'BACK_SPACE + ' sent to object: 'Object Repository/FIM/Sites Page/Site Filtering/Site_txt'

21-10-2025T21:58:44 - [TEST_STEP][PASSED] - (i++): null

21-10-2025T21:58:44 - [TEST_STEP][PASSED] - sendKeys(findTestObject("FIM/Sites Page/Site Filtering/Site_txt"), Keys.chord(BACK_SPACE), STOP_ON_FAILURE): Keys 'BACK_SPACE + ' sent to object: 'Object Repository/FIM/Sites Page/Site Filtering/Site_txt'

21-10-2025T21:58:44 - [MESSAGE][PASSED] - Keys 'BACK_SPACE + ' sent to object: 'Object Repository/FIM/Sites Page/Site Filtering/Site_txt'

21-10-2025T21:58:44 - [TEST_STEP][PASSED] - (i++): null

21-10-2025T21:58:44 - [TEST_STEP][PASSED] - sendKeys(findTestObject("FIM/Sites Page/Site Filtering/Site_txt"), Keys.chord(BACK_SPACE), STOP_ON_FAILURE): Keys 'BACK_SPACE + ' sent to object: 'Object Repository/FIM/Sites Page/Site Filtering/Site_txt'

21-10-2025T21:58:44 - [MESSAGE][PASSED] - Keys 'BACK_SPACE + ' sent to object: 'Object Repository/FIM/Sites Page/Site Filtering/Site_txt'

21-10-2025T21:58:44 - [TEST_STEP][PASSED] - (i++): null

21-10-2025T21:58:44 - [TEST_STEP][PASSED] - sendKeys(findTestObject("FIM/Sites Page/Site Filtering/Site_txt"), Keys.chord(BACK_SPACE), STOP_ON_FAILURE): Keys 'BACK_SPACE + ' sent to object: 'Object Repository/FIM/Sites Page/Site Filtering/Site_txt'

21-10-2025T21:58:44 - [MESSAGE][PASSED] - Keys 'BACK_SPACE + ' sent to object: 'Object Repository/FIM/Sites Page/Site Filtering/Site_txt'

21-10-2025T21:58:44 - [TEST_STEP][PASSED] - (i++): null

21-10-2025T21:58:44 - [TEST_STEP][PASSED] - sendKeys(findTestObject("FIM/Sites Page/Site Filtering/Site_txt"), Keys.chord(BACK_SPACE), STOP_ON_FAILURE): Keys 'BACK_SPACE + ' sent to object: 'Object Repository/FIM/Sites Page/Site Filtering/Site_txt'

21-10-2025T21:58:44 - [MESSAGE][PASSED] - Keys 'BACK_SPACE + ' sent to object: 'Object Repository/FIM/Sites Page/Site Filtering/Site_txt'

21-10-2025T21:58:44 - [TEST_STEP][PASSED] - (i++): null

21-10-2025T21:58:44 - [TEST_STEP][PASSED] - sendKeys(findTestObject("FIM/Sites Page/Site Filtering/Site_txt"), Keys.chord(BACK_SPACE), STOP_ON_FAILURE): Keys 'BACK_SPACE + ' sent to object: 'Object Repository/FIM/Sites Page/Site Filtering/Site_txt'

21-10-2025T21:58:44 - [MESSAGE][PASSED] - Keys 'BACK_SPACE + ' sent to object: 'Object Repository/FIM/Sites Page/Site Filtering/Site_txt'

21-10-2025T21:58:44 - [TEST_STEP][PASSED] - (i++): null

21-10-2025T21:58:44 - [TEST_STEP][PASSED] - sendKeys(findTestObject("FIM/Sites Page/Site Filtering/Site_txt"), Keys.chord(BACK_SPACE), STOP_ON_FAILURE): Keys 'BACK_SPACE + ' sent to object: 'Object Repository/FIM/Sites Page/Site Filtering/Site_txt'

21-10-2025T21:58:44 - [MESSAGE][PASSED] - Keys 'BACK_SPACE + ' sent to object: 'Object Repository/FIM/Sites Page/Site Filtering/Site_txt'

21-10-2025T21:58:44 - [TEST_STEP][PASSED] - (i++): null

21-10-2025T21:58:44 - [TEST_STEP][PASSED] - sendKeys(findTestObject("FIM/Sites Page/Site Filtering/Site_txt"), Keys.chord(BACK_SPACE), STOP_ON_FAILURE): Keys 'BACK_SPACE + ' sent to object: 'Object Repository/FIM/Sites Page/Site Filtering/Site_txt'

21-10-2025T21:58:44 - [MESSAGE][PASSED] - Keys 'BACK_SPACE + ' sent to object: 'Object Repository/FIM/Sites Page/Site Filtering/Site_txt'

21-10-2025T21:58:44 - [TEST_STEP][PASSED] - (i++): null

21-10-2025T21:58:44 - [TEST_STEP][PASSED] - sendKeys(findTestObject("FIM/Sites Page/Site Filtering/Site_txt"), Keys.chord(BACK_SPACE), STOP_ON_FAILURE): Keys 'BACK_SPACE + ' sent to object: 'Object Repository/FIM/Sites Page/Site Filtering/Site_txt'

21-10-2025T21:58:44 - [MESSAGE][PASSED] - Keys 'BACK_SPACE + ' sent to object: 'Object Repository/FIM/Sites Page/Site Filtering/Site_txt'

21-10-2025T21:58:44 - [TEST_STEP][PASSED] - (i++): null

21-10-2025T21:58:44 - [TEST_STEP][PASSED] - sendKeys(findTestObject("FIM/Sites Page/Site Filtering/Site_txt"), Keys.chord(BACK_SPACE), STOP_ON_FAILURE): Keys 'BACK_SPACE + ' sent to object: 'Object Repository/FIM/Sites Page/Site Filtering/Site_txt'

21-10-2025T21:58:44 - [MESSAGE][PASSED] - Keys 'BACK_SPACE + ' sent to object: 'Object Repository/FIM/Sites Page/Site Filtering/Site_txt'

21-10-2025T21:58:44 - [TEST_STEP][PASSED] - (i++): null

21-10-2025T21:58:44 - [TEST_STEP][PASSED] - sendKeys(findTestObject("FIM/Sites Page/Site Filtering/Site_txt"), Keys.chord(BACK_SPACE), STOP_ON_FAILURE): Keys 'BACK_SPACE + ' sent to object: 'Object Repository/FIM/Sites Page/Site Filtering/Site_txt'

21-10-2025T21:58:44 - [MESSAGE][PASSED] - Keys 'BACK_SPACE + ' sent to object: 'Object Repository/FIM/Sites Page/Site Filtering/Site_txt'

21-10-2025T21:58:44 - [TEST_STEP][PASSED] - (i++): null

21-10-2025T21:58:44 - [TEST_STEP][PASSED] - sendKeys(findTestObject("FIM/Sites Page/Site Filtering/Site_txt"), Keys.chord(BACK_SPACE), STOP_ON_FAILURE): Keys 'BACK_SPACE + ' sent to object: 'Object Repository/FIM/Sites Page/Site Filtering/Site_txt'

21-10-2025T21:58:44 - [MESSAGE][PASSED] - Keys 'BACK_SPACE + ' sent to object: 'Object Repository/FIM/Sites Page/Site Filtering/Site_txt'

21-10-2025T21:58:44 - [TEST_STEP][PASSED] - (i++): null

21-10-2025T21:58:44 - [TEST_STEP][PASSED] - sendKeys(findTestObject("FIM/Sites Page/Site Filtering/Site_txt"), Keys.chord(BACK_SPACE), STOP_ON_FAILURE): Keys 'BACK_SPACE + ' sent to object: 'Object Repository/FIM/Sites Page/Site Filtering/Site_txt'

21-10-2025T21:58:44 - [MESSAGE][PASSED] - Keys 'BACK_SPACE + ' sent to object: 'Object Repository/FIM/Sites Page/Site Filtering/Site_txt'

21-10-2025T21:58:44 - [TEST_STEP][PASSED] - (i++): null

21-10-2025T21:58:44 - [TEST_STEP][PASSED] - sendKeys(findTestObject("FIM/Sites Page/Site Filtering/Site_txt"), Keys.chord(BACK_SPACE), STOP_ON_FAILURE): Keys 'BACK_SPACE + ' sent to object: 'Object Repository/FIM/Sites Page/Site Filtering/Site_txt'

21-10-2025T21:58:44 - [MESSAGE][PASSED] - Keys 'BACK_SPACE + ' sent to object: 'Object Repository/FIM/Sites Page/Site Filtering/Site_txt'

21-10-2025T21:58:44 - [TEST_STEP][PASSED] - (i++): null

21-10-2025T21:58:44 - [TEST_STEP][PASSED] - sendKeys(findTestObject("FIM/Sites Page/Site Filtering/Site_txt"), Keys.chord(BACK_SPACE), STOP_ON_FAILURE): Keys 'BACK_SPACE + ' sent to object: 'Object Repository/FIM/Sites Page/Site Filtering/Site_txt'

21-10-2025T21:58:44 - [MESSAGE][PASSED] - Keys 'BACK_SPACE + ' sent to object: 'Object Repository/FIM/Sites Page/Site Filtering/Site_txt'

21-10-2025T21:58:44 - [TEST_STEP][PASSED] - (i++): null

21-10-2025T21:58:44 - [TEST_STEP][PASSED] - sendKeys(findTestObject("FIM/Sites Page/Site Filtering/Site_txt"), Keys.chord(BACK_SPACE), STOP_ON_FAILURE): Keys 'BACK_SPACE + ' sent to object: 'Object Repository/FIM/Sites Page/Site Filtering/Site_txt'

21-10-2025T21:58:45 - [MESSAGE][PASSED] - Keys 'BACK_SPACE + ' sent to object: 'Object Repository/FIM/Sites Page/Site Filtering/Site_txt'

21-10-2025T21:58:45 - [TEST_STEP][PASSED] - (i++): null

21-10-2025T21:58:45 - [TEST_STEP][PASSED] - sendKeys(findTestObject("FIM/Sites Page/Site Filtering/Site_txt"), Keys.chord(BACK_SPACE), STOP_ON_FAILURE): Keys 'BACK_SPACE + ' sent to object: 'Object Repository/FIM/Sites Page/Site Filtering/Site_txt'

21-10-2025T21:58:45 - [MESSAGE][PASSED] - Keys 'BACK_SPACE + ' sent to object: 'Object Repository/FIM/Sites Page/Site Filtering/Site_txt'

21-10-2025T21:58:45 - [TEST_STEP][PASSED] - (i++): null

21-10-2025T21:58:45 - [TEST_STEP][PASSED] - sendKeys(findTestObject("FIM/Sites Page/Site Filtering/Site_txt"), Keys.chord(BACK_SPACE), STOP_ON_FAILURE): Keys 'BACK_SPACE + ' sent to object: 'Object Repository/FIM/Sites Page/Site Filtering/Site_txt'

21-10-2025T21:58:45 - [MESSAGE][PASSED] - Keys 'BACK_SPACE + ' sent to object: 'Object Repository/FIM/Sites Page/Site Filtering/Site_txt'

21-10-2025T21:58:45 - [TEST_STEP][PASSED] - (i++): null

21-10-2025T21:58:45 - [TEST_STEP][PASSED] - sendKeys(findTestObject("FIM/Sites Page/Site Filtering/Site_txt"), Keys.chord(BACK_SPACE), STOP_ON_FAILURE): Keys 'BACK_SPACE + ' sent to object: 'Object Repository/FIM/Sites Page/Site Filtering/Site_txt'

21-10-2025T21:58:45 - [MESSAGE][PASSED] - Keys 'BACK_SPACE + ' sent to object: 'Object Repository/FIM/Sites Page/Site Filtering/Site_txt'

21-10-2025T21:58:45 - [TEST_STEP][PASSED] - (i++): null

21-10-2025T21:58:45 - [TEST_STEP][PASSED] - sendKeys(findTestObject("FIM/Sites Page/Site Filtering/Site_txt"), Keys.chord(BACK_SPACE), STOP_ON_FAILURE): Keys 'BACK_SPACE + ' sent to object: 'Object Repository/FIM/Sites Page/Site Filtering/Site_txt'

21-10-2025T21:58:45 - [MESSAGE][PASSED] - Keys 'BACK_SPACE + ' sent to object: 'Object Repository/FIM/Sites Page/Site Filtering/Site_txt'

21-10-2025T21:58:45 - [TEST_STEP][PASSED] - (i++): null

21-10-2025T21:58:45 - [TEST_STEP][PASSED] - sendKeys(findTestObject("FIM/Sites Page/Site Filtering/Site_txt"), Keys.chord(BACK_SPACE), STOP_ON_FAILURE): Keys 'BACK_SPACE + ' sent to object: 'Object Repository/FIM/Sites Page/Site Filtering/Site_txt'

21-10-2025T21:58:45 - [MESSAGE][PASSED] - Keys 'BACK_SPACE + ' sent to object: 'Object Repository/FIM/Sites Page/Site Filtering/Site_txt'

21-10-2025T21:58:45 - [TEST_STEP][PASSED] - (i++): null

21-10-2025T21:58:45 - [TEST_STEP][PASSED] - sendKeys(findTestObject("FIM/Sites Page/Site Filtering/Site_txt"), Keys.chord(BACK_SPACE), STOP_ON_FAILURE): Keys 'BACK_SPACE + ' sent to object: 'Object Repository/FIM/Sites Page/Site Filtering/Site_txt'

21-10-2025T21:58:45 - [MESSAGE][PASSED] - Keys 'BACK_SPACE + ' sent to object: 'Object Repository/FIM/Sites Page/Site Filtering/Site_txt'

21-10-2025T21:58:45 - [TEST_STEP][PASSED] - (i++): null

21-10-2025T21:58:45 - [TEST_STEP][PASSED] - sendKeys(findTestObject("FIM/Sites Page/Site Filtering/Site_txt"), Keys.chord(BACK_SPACE), STOP_ON_FAILURE): Keys 'BACK_SPACE + ' sent to object: 'Object Repository/FIM/Sites Page/Site Filtering/Site_txt'

21-10-2025T21:58:45 - [MESSAGE][PASSED] - Keys 'BACK_SPACE + ' sent to object: 'Object Repository/FIM/Sites Page/Site Filtering/Site_txt'

21-10-2025T21:58:45 - [TEST_STEP][PASSED] - (i++): null

21-10-2025T21:58:45 - [TEST_STEP][PASSED] - sendKeys(findTestObject("FIM/Sites Page/Site Filtering/Site_txt"), Keys.chord(BACK_SPACE), STOP_ON_FAILURE): Keys 'BACK_SPACE + ' sent to object: 'Object Repository/FIM/Sites Page/Site Filtering/Site_txt'

21-10-2025T21:58:45 - [MESSAGE][PASSED] - Keys 'BACK_SPACE + ' sent to object: 'Object Repository/FIM/Sites Page/Site Filtering/Site_txt'

21-10-2025T21:58:45 - [TEST_STEP][PASSED] - (i++): null

21-10-2025T21:58:45 - [TEST_STEP][PASSED] - sendKeys(findTestObject("FIM/Sites Page/Site Filtering/Site_txt"), Keys.chord(BACK_SPACE), STOP_ON_FAILURE): Keys 'BACK_SPACE + ' sent to object: 'Object Repository/FIM/Sites Page/Site Filtering/Site_txt'

21-10-2025T21:58:45 - [MESSAGE][PASSED] - Keys 'BACK_SPACE + ' sent to object: 'Object Repository/FIM/Sites Page/Site Filtering/Site_txt'

21-10-2025T21:58:45 - [TEST_STEP][PASSED] - (i++): null

21-10-2025T21:58:45 - [TEST_STEP][PASSED] - sendKeys(findTestObject("FIM/Sites Page/Site Filtering/Site_txt"), Keys.chord(BACK_SPACE), STOP_ON_FAILURE): Keys 'BACK_SPACE + ' sent to object: 'Object Repository/FIM/Sites Page/Site Filtering/Site_txt'

21-10-2025T21:58:45 - [MESSAGE][PASSED] - Keys 'BACK_SPACE + ' sent to object: 'Object Repository/FIM/Sites Page/Site Filtering/Site_txt'

21-10-2025T21:58:45 - [TEST_STEP][PASSED] - (i++): null

21-10-2025T21:58:45 - [TEST_STEP][PASSED] - sendKeys(findTestObject("FIM/Sites Page/Site Filtering/Site_txt"), Keys.chord(BACK_SPACE), STOP_ON_FAILURE): Keys 'BACK_SPACE + ' sent to object: 'Object Repository/FIM/Sites Page/Site Filtering/Site_txt'

21-10-2025T21:58:45 - [MESSAGE][PASSED] - Keys 'BACK_SPACE + ' sent to object: 'Object Repository/FIM/Sites Page/Site Filtering/Site_txt'

21-10-2025T21:58:45 - [TEST_STEP][PASSED] - (i++): null

21-10-2025T21:58:45 - [TEST_STEP][PASSED] - sendKeys(findTestObject("FIM/Sites Page/Site Filtering/Site_txt"), Keys.chord(BACK_SPACE), STOP_ON_FAILURE): Keys 'BACK_SPACE + ' sent to object: 'Object Repository/FIM/Sites Page/Site Filtering/Site_txt'

21-10-2025T21:58:45 - [MESSAGE][PASSED] - Keys 'BACK_SPACE + ' sent to object: 'Object Repository/FIM/Sites Page/Site Filtering/Site_txt'

21-10-2025T21:58:45 - [TEST_STEP][PASSED] - (i++): null

21-10-2025T21:58:45 - [TEST_STEP][PASSED] - sendKeys(findTestObject("FIM/Sites Page/Site Filtering/Site_txt"), Keys.chord(BACK_SPACE), STOP_ON_FAILURE): Keys 'BACK_SPACE + ' sent to object: 'Object Repository/FIM/Sites Page/Site Filtering/Site_txt'

21-10-2025T21:58:45 - [MESSAGE][PASSED] - Keys 'BACK_SPACE + ' sent to object: 'Object Repository/FIM/Sites Page/Site Filtering/Site_txt'

21-10-2025T21:58:45 - [TEST_STEP][PASSED] - (i++): null

21-10-2025T21:58:45 - [TEST_STEP][PASSED] - sendKeys(findTestObject("FIM/Sites Page/Site Filtering/Site_txt"), Keys.chord(BACK_SPACE), STOP_ON_FAILURE): Keys 'BACK_SPACE + ' sent to object: 'Object Repository/FIM/Sites Page/Site Filtering/Site_txt'

21-10-2025T21:58:46 - [MESSAGE][PASSED] - Keys 'BACK_SPACE + ' sent to object: 'Object Repository/FIM/Sites Page/Site Filtering/Site_txt'

21-10-2025T21:58:46 - [TEST_STEP][PASSED] - (i++): null

21-10-2025T21:58:46 - [TEST_STEP][PASSED] - sendKeys(findTestObject("FIM/Sites Page/Site Filtering/Site_txt"), Keys.chord(BACK_SPACE), STOP_ON_FAILURE): Keys 'BACK_SPACE + ' sent to object: 'Object Repository/FIM/Sites Page/Site Filtering/Site_txt'

21-10-2025T21:58:46 - [MESSAGE][PASSED] - Keys 'BACK_SPACE + ' sent to object: 'Object Repository/FIM/Sites Page/Site Filtering/Site_txt'

21-10-2025T21:58:46 - [TEST_STEP][PASSED] - (i++): null

21-10-2025T21:58:46 - [TEST_STEP][PASSED] - sendKeys(findTestObject("FIM/Sites Page/Site Filtering/Site_txt"), Keys.chord(BACK_SPACE), STOP_ON_FAILURE): Keys 'BACK_SPACE + ' sent to object: 'Object Repository/FIM/Sites Page/Site Filtering/Site_txt'

21-10-2025T21:58:46 - [MESSAGE][PASSED] - Keys 'BACK_SPACE + ' sent to object: 'Object Repository/FIM/Sites Page/Site Filtering/Site_txt'

21-10-2025T21:58:46 - [TEST_STEP][PASSED] - (i++): null

21-10-2025T21:58:46 - [TEST_STEP][PASSED] - sendKeys(findTestObject("FIM/Sites Page/Site Filtering/Site_txt"), Keys.chord(BACK_SPACE), STOP_ON_FAILURE): Keys 'BACK_SPACE + ' sent to object: 'Object Repository/FIM/Sites Page/Site Filtering/Site_txt'

21-10-2025T21:58:46 - [MESSAGE][PASSED] - Keys 'BACK_SPACE + ' sent to object: 'Object Repository/FIM/Sites Page/Site Filtering/Site_txt'

21-10-2025T21:58:46 - [TEST_STEP][PASSED] - (i++): null

21-10-2025T21:58:46 - [TEST_STEP][PASSED] - sendKeys(findTestObject("FIM/Sites Page/Site Filtering/Site_txt"), Keys.chord(BACK_SPACE), STOP_ON_FAILURE): Keys 'BACK_SPACE + ' sent to object: 'Object Repository/FIM/Sites Page/Site Filtering/Site_txt'

21-10-2025T21:58:46 - [MESSAGE][PASSED] - Keys 'BACK_SPACE + ' sent to object: 'Object Repository/FIM/Sites Page/Site Filtering/Site_txt'

21-10-2025T21:58:46 - [TEST_STEP][PASSED] - (i++): null

21-10-2025T21:58:46 - [TEST_STEP][PASSED] - sendKeys(findTestObject("FIM/Sites Page/Site Filtering/Site_txt"), Keys.chord(BACK_SPACE), STOP_ON_FAILURE): Keys 'BACK_SPACE + ' sent to object: 'Object Repository/FIM/Sites Page/Site Filtering/Site_txt'

21-10-2025T21:58:46 - [MESSAGE][PASSED] - Keys 'BACK_SPACE + ' sent to object: 'Object Repository/FIM/Sites Page/Site Filtering/Site_txt'

21-10-2025T21:58:46 - [TEST_STEP][PASSED] - (i++): null

21-10-2025T21:58:46 - [TEST_STEP][PASSED] - sendKeys(findTestObject("FIM/Sites Page/Site Filtering/Site_txt"), Keys.chord(BACK_SPACE), STOP_ON_FAILURE): Keys 'BACK_SPACE + ' sent to object: 'Object Repository/FIM/Sites Page/Site Filtering/Site_txt'

21-10-2025T21:58:46 - [MESSAGE][PASSED] - Keys 'BACK_SPACE + ' sent to object: 'Object Repository/FIM/Sites Page/Site Filtering/Site_txt'

21-10-2025T21:58:46 - [TEST_STEP][PASSED] - (i++): null

21-10-2025T21:58:46 - [TEST_STEP][PASSED] - sendKeys(findTestObject("FIM/Sites Page/Site Filtering/Site_txt"), Keys.chord(BACK_SPACE), STOP_ON_FAILURE): Keys 'BACK_SPACE + ' sent to object: 'Object Repository/FIM/Sites Page/Site Filtering/Site_txt'

21-10-2025T21:58:46 - [MESSAGE][PASSED] - Keys 'BACK_SPACE + ' sent to object: 'Object Repository/FIM/Sites Page/Site Filtering/Site_txt'

21-10-2025T21:58:46 - [TEST_STEP][PASSED] - (i++): null

21-10-2025T21:58:46 - [TEST_STEP][PASSED] - sendKeys(findTestObject("FIM/Sites Page/Site Filtering/Site_txt"), Keys.chord(BACK_SPACE), STOP_ON_FAILURE): Keys 'BACK_SPACE + ' sent to object: 'Object Repository/FIM/Sites Page/Site Filtering/Site_txt'

21-10-2025T21:58:46 - [MESSAGE][PASSED] - Keys 'BACK_SPACE + ' sent to object: 'Object Repository/FIM/Sites Page/Site Filtering/Site_txt'

21-10-2025T21:58:46 - [TEST_STEP][PASSED] - (i++): null

21-10-2025T21:58:46 - [TEST_STEP][PASSED] - sendKeys(findTestObject("FIM/Sites Page/Site Filtering/Site_txt"), Keys.chord(BACK_SPACE), STOP_ON_FAILURE): Keys 'BACK_SPACE + ' sent to object: 'Object Repository/FIM/Sites Page/Site Filtering/Site_txt'

21-10-2025T21:58:46 - [MESSAGE][PASSED] - Keys 'BACK_SPACE + ' sent to object: 'Object Repository/FIM/Sites Page/Site Filtering/Site_txt'

21-10-2025T21:58:46 - [TEST_STEP][PASSED] - (i++): null

21-10-2025T21:58:46 - [TEST_STEP][PASSED] - sendKeys(findTestObject("FIM/Sites Page/Site Filtering/Site_txt"), Keys.chord(BACK_SPACE), STOP_ON_FAILURE): Keys 'BACK_SPACE + ' sent to object: 'Object Repository/FIM/Sites Page/Site Filtering/Site_txt'

21-10-2025T21:58:46 - [MESSAGE][PASSED] - Keys 'BACK_SPACE + ' sent to object: 'Object Repository/FIM/Sites Page/Site Filtering/Site_txt'

21-10-2025T21:58:46 - [TEST_STEP][PASSED] - (i++): null

21-10-2025T21:58:46 - [TEST_STEP][PASSED] - sendKeys(findTestObject("FIM/Sites Page/Site Filtering/Site_txt"), Keys.chord(BACK_SPACE), STOP_ON_FAILURE): Keys 'BACK_SPACE + ' sent to object: 'Object Repository/FIM/Sites Page/Site Filtering/Site_txt'

21-10-2025T21:58:46 - [MESSAGE][PASSED] - Keys 'BACK_SPACE + ' sent to object: 'Object Repository/FIM/Sites Page/Site Filtering/Site_txt'

21-10-2025T21:58:46 - [TEST_STEP][PASSED] - (i++): null

21-10-2025T21:58:46 - [TEST_STEP][PASSED] - sendKeys(findTestObject("FIM/Sites Page/Site Filtering/Site_txt"), Keys.chord(BACK_SPACE), STOP_ON_FAILURE): Keys 'BACK_SPACE + ' sent to object: 'Object Repository/FIM/Sites Page/Site Filtering/Site_txt'

21-10-2025T21:58:46 - [MESSAGE][PASSED] - Keys 'BACK_SPACE + ' sent to object: 'Object Repository/FIM/Sites Page/Site Filtering/Site_txt'

21-10-2025T21:58:46 - [TEST_STEP][PASSED] - (i++): null

21-10-2025T21:58:46 - [TEST_STEP][PASSED] - sendKeys(findTestObject("FIM/Sites Page/Site Filtering/Site_txt"), Keys.chord(BACK_SPACE), STOP_ON_FAILURE): Keys 'BACK_SPACE + ' sent to object: 'Object Repository/FIM/Sites Page/Site Filtering/Site_txt'

21-10-2025T21:58:46 - [MESSAGE][PASSED] - Keys 'BACK_SPACE + ' sent to object: 'Object Repository/FIM/Sites Page/Site Filtering/Site_txt'

21-10-2025T21:58:46 - [TEST_STEP][PASSED] - (i++): null

21-10-2025T21:58:46 - [TEST_STEP][PASSED] - sendKeys(findTestObject("FIM/Sites Page/Site Filtering/Site_txt"), Keys.chord(BACK_SPACE), STOP_ON_FAILURE): Keys 'BACK_SPACE + ' sent to object: 'Object Repository/FIM/Sites Page/Site Filtering/Site_txt'

21-10-2025T21:58:47 - [MESSAGE][PASSED] - Keys 'BACK_SPACE + ' sent to object: 'Object Repository/FIM/Sites Page/Site Filtering/Site_txt'

21-10-2025T21:58:47 - [TEST_STEP][PASSED] - (i++): null

21-10-2025T21:58:47 - [TEST_STEP][PASSED] - sendKeys(findTestObject("FIM/Sites Page/Site Filtering/Site_txt"), Keys.chord(BACK_SPACE), STOP_ON_FAILURE): Keys 'BACK_SPACE + ' sent to object: 'Object Repository/FIM/Sites Page/Site Filtering/Site_txt'

21-10-2025T21:58:47 - [MESSAGE][PASSED] - Keys 'BACK_SPACE + ' sent to object: 'Object Repository/FIM/Sites Page/Site Filtering/Site_txt'

21-10-2025T21:58:47 - [TEST_STEP][PASSED] - (i++): null

21-10-2025T21:58:47 - [TEST_STEP][PASSED] - sendKeys(findTestObject("FIM/Sites Page/Site Filtering/Site_txt"), Keys.chord(BACK_SPACE), STOP_ON_FAILURE): Keys 'BACK_SPACE + ' sent to object: 'Object Repository/FIM/Sites Page/Site Filtering/Site_txt'

21-10-2025T21:58:47 - [MESSAGE][PASSED] - Keys 'BACK_SPACE + ' sent to object: 'Object Repository/FIM/Sites Page/Site Filtering/Site_txt'

21-10-2025T21:58:47 - [TEST_STEP][PASSED] - (i++): null

21-10-2025T21:58:47 - [TEST_STEP][PASSED] - sendKeys(findTestObject("FIM/Sites Page/Site Filtering/Site_txt"), Keys.chord(BACK_SPACE), STOP_ON_FAILURE): Keys 'BACK_SPACE + ' sent to object: 'Object Repository/FIM/Sites Page/Site Filtering/Site_txt'

21-10-2025T21:58:47 - [MESSAGE][PASSED] - Keys 'BACK_SPACE + ' sent to object: 'Object Repository/FIM/Sites Page/Site Filtering/Site_txt'

21-10-2025T21:58:47 - [TEST_STEP][PASSED] - (i++): null

21-10-2025T21:58:47 - [TEST_STEP][PASSED] - sendKeys(findTestObject("FIM/Sites Page/Site Filtering/Site_txt"), Keys.chord(BACK_SPACE), STOP_ON_FAILURE): Keys 'BACK_SPACE + ' sent to object: 'Object Repository/FIM/Sites Page/Site Filtering/Site_txt'

21-10-2025T21:58:47 - [MESSAGE][PASSED] - Keys 'BACK_SPACE + ' sent to object: 'Object Repository/FIM/Sites Page/Site Filtering/Site_txt'

21-10-2025T21:58:47 - [TEST_STEP][PASSED] - (i++): null

21-10-2025T21:58:47 - [TEST_STEP][PASSED] - sendKeys(findTestObject("FIM/Sites Page/Site Filtering/Site_txt"), Keys.chord(BACK_SPACE), STOP_ON_FAILURE): Keys 'BACK_SPACE + ' sent to object: 'Object Repository/FIM/Sites Page/Site Filtering/Site_txt'

21-10-2025T21:58:47 - [MESSAGE][PASSED] - Keys 'BACK_SPACE + ' sent to object: 'Object Repository/FIM/Sites Page/Site Filtering/Site_txt'

21-10-2025T21:58:47 - [TEST_STEP][PASSED] - (i++): null

21-10-2025T21:58:47 - [TEST_STEP][PASSED] - sendKeys(findTestObject("FIM/Sites Page/Site Filtering/Site_txt"), Keys.chord(BACK_SPACE), STOP_ON_FAILURE): Keys 'BACK_SPACE + ' sent to object: 'Object Repository/FIM/Sites Page/Site Filtering/Site_txt'

21-10-2025T21:58:47 - [MESSAGE][PASSED] - Keys 'BACK_SPACE + ' sent to object: 'Object Repository/FIM/Sites Page/Site Filtering/Site_txt'

21-10-2025T21:58:47 - [TEST_STEP][PASSED] - (i++): null

21-10-2025T21:58:47 - [TEST_STEP][PASSED] - sendKeys(findTestObject("FIM/Sites Page/Site Filtering/Site_txt"), Keys.chord(BACK_SPACE), STOP_ON_FAILURE): Keys 'BACK_SPACE + ' sent to object: 'Object Repository/FIM/Sites Page/Site Filtering/Site_txt'

21-10-2025T21:58:47 - [MESSAGE][PASSED] - Keys 'BACK_SPACE + ' sent to object: 'Object Repository/FIM/Sites Page/Site Filtering/Site_txt'

21-10-2025T21:58:47 - [TEST_STEP][PASSED] - (i++): null

21-10-2025T21:58:47 - [TEST_STEP][PASSED] - sendKeys(findTestObject("FIM/Sites Page/Site Filtering/Site_txt"), Keys.chord(BACK_SPACE), STOP_ON_FAILURE): Keys 'BACK_SPACE + ' sent to object: 'Object Repository/FIM/Sites Page/Site Filtering/Site_txt'

21-10-2025T21:58:48 - [MESSAGE][PASSED] - Keys 'BACK_SPACE + ' sent to object: 'Object Repository/FIM/Sites Page/Site Filtering/Site_txt'

21-10-2025T21:58:48 - [TEST_STEP][PASSED] - (i++): null

21-10-2025T21:58:48 - [TEST_STEP][PASSED] - sendKeys(findTestObject("FIM/Sites Page/Site Filtering/Site_txt"), Keys.chord(BACK_SPACE), STOP_ON_FAILURE): Keys 'BACK_SPACE + ' sent to object: 'Object Repository/FIM/Sites Page/Site Filtering/Site_txt'

21-10-2025T21:58:48 - [MESSAGE][PASSED] - Keys 'BACK_SPACE + ' sent to object: 'Object Repository/FIM/Sites Page/Site Filtering/Site_txt'

21-10-2025T21:58:48 - [TEST_STEP][PASSED] - (i++): null

21-10-2025T21:58:48 - [TEST_STEP][PASSED] - sendKeys(findTestObject("FIM/Sites Page/Site Filtering/Site_txt"), Keys.chord(BACK_SPACE), STOP_ON_FAILURE): Keys 'BACK_SPACE + ' sent to object: 'Object Repository/FIM/Sites Page/Site Filtering/Site_txt'

21-10-2025T21:58:48 - [MESSAGE][PASSED] - Keys 'BACK_SPACE + ' sent to object: 'Object Repository/FIM/Sites Page/Site Filtering/Site_txt'

21-10-2025T21:58:48 - [TEST_STEP][PASSED] - (i++): null

21-10-2025T21:58:48 - [TEST_STEP][PASSED] - sendKeys(findTestObject("FIM/Sites Page/Site Filtering/Site_txt"), Keys.chord(BACK_SPACE), STOP_ON_FAILURE): Keys 'BACK_SPACE + ' sent to object: 'Object Repository/FIM/Sites Page/Site Filtering/Site_txt'

21-10-2025T21:58:48 - [MESSAGE][PASSED] - Keys 'BACK_SPACE + ' sent to object: 'Object Repository/FIM/Sites Page/Site Filtering/Site_txt'

21-10-2025T21:58:48 - [TEST_STEP][PASSED] - (i++): null

21-10-2025T21:58:48 - [TEST_STEP][PASSED] - sendKeys(findTestObject("FIM/Sites Page/Site Filtering/Site_txt"), Keys.chord(BACK_SPACE), STOP_ON_FAILURE): Keys 'BACK_SPACE + ' sent to object: 'Object Repository/FIM/Sites Page/Site Filtering/Site_txt'

21-10-2025T21:58:48 - [MESSAGE][PASSED] - Keys 'BACK_SPACE + ' sent to object: 'Object Repository/FIM/Sites Page/Site Filtering/Site_txt'

21-10-2025T21:58:48 - [TEST_STEP][PASSED] - (i++): null

21-10-2025T21:58:48 - [TEST_STEP][PASSED] - sendKeys(findTestObject("FIM/Sites Page/Site Filtering/Site_txt"), Keys.chord(BACK_SPACE), STOP_ON_FAILURE): Keys 'BACK_SPACE + ' sent to object: 'Object Repository/FIM/Sites Page/Site Filtering/Site_txt'

21-10-2025T21:58:48 - [MESSAGE][PASSED] - Keys 'BACK_SPACE + ' sent to object: 'Object Repository/FIM/Sites Page/Site Filtering/Site_txt'

21-10-2025T21:58:48 - [TEST_STEP][PASSED] - (i++): null

21-10-2025T21:58:48 - [TEST_STEP][PASSED] - sendKeys(findTestObject("FIM/Sites Page/Site Filtering/Site_txt"), Keys.chord(BACK_SPACE), STOP_ON_FAILURE): Keys 'BACK_SPACE + ' sent to object: 'Object Repository/FIM/Sites Page/Site Filtering/Site_txt'

21-10-2025T21:58:48 - [MESSAGE][PASSED] - Keys 'BACK_SPACE + ' sent to object: 'Object Repository/FIM/Sites Page/Site Filtering/Site_txt'

21-10-2025T21:58:48 - [TEST_STEP][PASSED] - (i++): null

21-10-2025T21:58:48 - [TEST_STEP][PASSED] - sendKeys(findTestObject("FIM/Sites Page/Site Filtering/Site_txt"), Keys.chord(BACK_SPACE), STOP_ON_FAILURE): Keys 'BACK_SPACE + ' sent to object: 'Object Repository/FIM/Sites Page/Site Filtering/Site_txt'

21-10-2025T21:58:48 - [MESSAGE][PASSED] - Keys 'BACK_SPACE + ' sent to object: 'Object Repository/FIM/Sites Page/Site Filtering/Site_txt'

21-10-2025T21:58:48 - [TEST_STEP][PASSED] - (i++): null

21-10-2025T21:58:48 - [TEST_STEP][PASSED] - sendKeys(findTestObject("FIM/Sites Page/Site Filtering/Site_txt"), Keys.chord(BACK_SPACE), STOP_ON_FAILURE): Keys 'BACK_SPACE + ' sent to object: 'Object Repository/FIM/Sites Page/Site Filtering/Site_txt'

21-10-2025T21:58:49 - [MESSAGE][PASSED] - Keys 'BACK_SPACE + ' sent to object: 'Object Repository/FIM/Sites Page/Site Filtering/Site_txt'

21-10-2025T21:58:49 - [TEST_STEP][PASSED] - (i++): null

21-10-2025T21:58:49 - [TEST_STEP][PASSED] - sendKeys(findTestObject("FIM/Sites Page/Site Filtering/Site_txt"), "AFM39", STOP_ON_FAILURE): Keys 'AFM39' sent to object: 'Object Repository/FIM/Sites Page/Site Filtering/Site_txt'

21-10-2025T21:58:49 - [MESSAGE][PASSED] - Keys 'AFM39' sent to object: 'Object Repository/FIM/Sites Page/Site Filtering/Site_txt'

21-10-2025T21:58:49 - [TEST_STEP][PASSED] - sendKeys(findTestObject("FIM/Sites Page/Site Filtering/Site_txt"), Keys.chord(ENTER), STOP_ON_FAILURE): Keys 'ENTER + ' sent to object: 'Object Repository/FIM/Sites Page/Site Filtering/Site_txt'

21-10-2025T21:58:50 - [MESSAGE][PASSED] - Keys 'ENTER + ' sent to object: 'Object Repository/FIM/Sites Page/Site Filtering/Site_txt'

21-10-2025T21:58:50 - [TEST_STEP][PASSED] - waitForElementClickable(findTestObject("FIM/Sites Page/Orders/Create Order/CreateOrder_btn"), 300): Object 'Object Repository/FIM/Sites Page/Orders/Create Order/CreateOrder_btn' is clickable

21-10-2025T21:58:50 - [MESSAGE][PASSED] - Object 'Object Repository/FIM/Sites Page/Orders/Create Order/CreateOrder_btn' is clickable

21-10-2025T21:58:50 - [TEST_STEP][PASSED] - click(findTestObject("FIM/Sites Page/Orders/Create Order/CreateOrder_btn"), OPTIONAL): Object: 'Object Repository/FIM/Sites Page/Orders/Create Order/CreateOrder_btn' is clicked on

21-10-2025T21:58:50 - [MESSAGE][PASSED] - Object: 'Object Repository/FIM/Sites Page/Orders/Create Order/CreateOrder_btn' is clicked on

21-10-2025T21:58:50 - [TEST_STEP][PASSED] - delay(1): Delayed 1 second(s)

21-10-2025T21:58:51 - [MESSAGE][PASSED] - Delayed 1 second(s)

21-10-2025T21:58:51 - [TEST_STEP][PASSED] - verifyElementPresent(findTestObject("FIM/Sites Page/Orders/Create Order/Split_Load_Order_toggle"), 10): Object 'Object Repository/FIM/Sites Page/Orders/Create Order/Split_Load_Order_toggle' is present

21-10-2025T21:58:51 - [MESSAGE][PASSED] - Object 'Object Repository/FIM/Sites Page/Orders/Create Order/Split_Load_Order_toggle' is present

21-10-2025T21:58:51 - [TEST_STEP][FAILED] - click(findTestObject("FIM/Sites Page/Orders/Create Order/Split_Load_Order_toggle"), STOP_ON_FAILURE): Unable to click on object 'Object Repository/FIM/Sites Page/Orders/Create Order/Split_Load_Order_toggle' (Root cause: com.kms.katalon.core.exception.StepFailedException: Unable to click on object 'Object Repository/FIM/Sites Page/Orders/Create Order/Split_Load_Order_toggle'
	at com.kms.katalon.core.webui.keyword.internal.WebUIKeywordMain.stepFailed(WebUIKeywordMain.groovy:117)
	at com.kms.katalon.core.webui.keyword.internal.WebUIKeywordMain.runKeyword(WebUIKeywordMain.groovy:43)
	at com.kms.katalon.core.webui.keyword.builtin.ClickKeyword.click(ClickKeyword.groovy:74)
	at com.kms.katalon.core.webui.keyword.builtin.ClickKeyword.execute(ClickKeyword.groovy:40)
	at com.kms.katalon.core.keyword.internal.KeywordExecutor.executeKeywordForPlatform(KeywordExecutor.groovy:74)
	at com.kms.katalon.core.webui.keyword.WebUiBuiltInKeywords.click(WebUiBuiltInKeywords.groovy:647)
	at com.kms.katalon.core.webui.keyword.WebUiBuiltInKeywords$click$10.call(Unknown Source)
	at Can Not Add More Than Three Sites to a Split Order.run(Can Not Add More Than Three Sites to a Split Order:58)
	at com.kms.katalon.core.main.ScriptEngine.run(ScriptEngine.java:194)
	at com.kms.katalon.core.main.ScriptEngine.runScriptAsRawText(ScriptEngine.java:119)
	at com.kms.katalon.core.main.TestCaseExecutor.runScript(TestCaseExecutor.java:448)
	at com.kms.katalon.core.main.TestCaseExecutor.doExecute(TestCaseExecutor.java:439)
	at com.kms.katalon.core.main.TestCaseExecutor.processExecutionPhase(TestCaseExecutor.java:418)
	at com.kms.katalon.core.main.TestCaseExecutor.accessMainPhase(TestCaseExecutor.java:410)
	at com.kms.katalon.core.main.TestCaseExecutor.execute(TestCaseExecutor.java:285)
	at com.kms.katalon.core.common.CommonExecutor.accessTestCaseMainPhase(CommonExecutor.java:65)
	at com.kms.katalon.core.main.TestSuiteExecutor.accessTestSuiteMainPhase(TestSuiteExecutor.java:150)
	at com.kms.katalon.core.main.TestSuiteExecutor.execute(TestSuiteExecutor.java:106)
	at com.kms.katalon.core.main.TestCaseMain.startTestSuite(TestCaseMain.java:180)
	at com.kms.katalon.core.main.TestCaseMain$startTestSuite$0.call(Unknown Source)
	at TempTestSuite1761090815312.run(TempTestSuite1761090815312.groovy:35)
	at java.base/jdk.internal.reflect.NativeMethodAccessorImpl.invoke0(Native Method)
	at java.base/jdk.internal.reflect.NativeMethodAccessorImpl.invoke(NativeMethodAccessorImpl.java:77)
	at java.base/jdk.internal.reflect.DelegatingMethodAccessorImpl.invoke(DelegatingMethodAccessorImpl.java:43)
Caused by: org.openqa.selenium.ElementNotInteractableException: element not interactable
  (Session info: chrome=141.0.7390.122)
Build info: version: '3.141.59', revision: 'unknown', time: 'unknown'
System info: host: 'DC1ADOBLD01', ip: '10.2.20.71', os.name: 'Windows Server 2019', os.arch: 'amd64', os.version: '10.0', java.version: '17.0.7'
Driver info: com.kms.katalon.selenium.driver.CChromeDriver
Capabilities {acceptInsecureCerts: false, browserName: chrome, browserVersion: 141.0.7390.122, chrome: {chromedriverVersion: 141.0.7390.122 (b477534e7e1..., userDataDir: C:\Windows\SystemTemp\scope...}, fedcm:accounts: true, goog:chromeOptions: {debuggerAddress: localhost:57896}, javascriptEnabled: true, networkConnectionEnabled: false, pageLoadStrategy: normal, platform: WINDOWS, platformName: WINDOWS, proxy: Proxy(), setWindowRect: true, strictFileInteractability: false, timeouts: {implicit: 0, pageLoad: 300000, script: 30000}, unhandledPromptBehavior: dismiss and notify, webauthn:extension:credBlob: true, webauthn:extension:largeBlob: true, webauthn:extension:minPinLength: true, webauthn:extension:prf: true, webauthn:virtualAuthenticators: true}
Session ID: 09a1b0875dc0ccf407849ee702a255d9
	at java.base/jdk.internal.reflect.NativeConstructorAccessorImpl.newInstance0(Native Method)
	at java.base/jdk.internal.reflect.NativeConstructorAccessorImpl.newInstance(NativeConstructorAccessorImpl.java:77)
	at java.base/jdk.internal.reflect.DelegatingConstructorAccessorImpl.newInstance(DelegatingConstructorAccessorImpl.java:45)
	at org.openqa.selenium.remote.http.W3CHttpResponseCodec.createException(W3CHttpResponseCodec.java:187)
	at org.openqa.selenium.remote.http.W3CHttpResponseCodec.decode(W3CHttpResponseCodec.java:122)
	at org.openqa.selenium.remote.http.W3CHttpResponseCodec.decode(W3CHttpResponseCodec.java:49)
	at org.openqa.selenium.remote.HttpCommandExecutor.execute(HttpCommandExecutor.java:158)
	at org.openqa.selenium.remote.service.DriverCommandExecutor.execute(DriverCommandExecutor.java:83)
	at org.openqa.selenium.remote.RemoteWebDriver.execute(RemoteWebDriver.java:552)
	at com.kms.katalon.selenium.driver.CChromeDriver.execute(CChromeDriver.java:19)
	at org.openqa.selenium.remote.RemoteWebElement.execute(RemoteWebElement.java:285)
	at org.openqa.selenium.remote.RemoteWebElement.click(RemoteWebElement.java:84)
	at jdk.internal.reflect.GeneratedMethodAccessor20.invoke(Unknown Source)
	at java.base/jdk.internal.reflect.DelegatingMethodAccessorImpl.invoke(DelegatingMethodAccessorImpl.java:43)
	at org.openqa.selenium.support.events.EventFiringWebDriver$EventFiringWebElement.lambda$new$0(EventFiringWebDriver.java:404)
	at jdk.proxy2/jdk.proxy2.$Proxy27.click(Unknown Source)
	at org.openqa.selenium.support.events.EventFiringWebDriver$EventFiringWebElement.click(EventFiringWebDriver.java:417)
	at org.openqa.selenium.WebElement$click.call(Unknown Source)
	at com.kms.katalon.core.webui.keyword.builtin.ClickKeyword.clickUntilSuccessWithTimeout(ClickKeyword.groovy:81)
	at com.kms.katalon.core.webui.keyword.builtin.ClickKeyword.clickUntilSuccessWithTimeout(ClickKeyword.groovy)
	at jdk.internal.reflect.GeneratedMethodAccessor18.invoke(Unknown Source)
	at java.base/jdk.internal.reflect.DelegatingMethodAccessorImpl.invoke(DelegatingMethodAccessorImpl.java:43)
	at com.kms.katalon.core.webui.keyword.builtin.ClickKeyword$_click_closure1.doCall(ClickKeyword.groovy:67)
	at com.kms.katalon.core.webui.keyword.builtin.ClickKeyword$_click_closure1.call(ClickKeyword.groovy)
	at com.kms.katalon.core.webui.keyword.internal.WebUIKeywordMain.runKeyword(WebUIKeywordMain.groovy:35)
	at com.kms.katalon.core.webui.keyword.builtin.ClickKeyword.click(ClickKeyword.groovy:74)
	at com.kms.katalon.core.webui.keyword.builtin.ClickKeyword.execute(ClickKeyword.groovy:40)
	at com.kms.katalon.core.keyword.internal.KeywordExecutor.executeKeywordForPlatform(KeywordExecutor.groovy:74)
	at com.kms.katalon.core.webui.keyword.WebUiBuiltInKeywords.click(WebUiBuiltInKeywords.groovy:647)
	at com.kms.katalon.core.webui.keyword.WebUiBuiltInKeywords$click$10.call(Unknown Source)
	at Script1755183213861.run(Script1755183213861.groovy:58)
	... 16 more
)

21-10-2025T21:58:51 - [MESSAGE][FAILED] - Unable to click on object 'Object Repository/FIM/Sites Page/Orders/Create Order/Split_Load_Order_toggle' (Root cause: com.kms.katalon.core.exception.StepFailedException: Unable to click on object 'Object Repository/FIM/Sites Page/Orders/Create Order/Split_Load_Order_toggle'
	at com.kms.katalon.core.webui.keyword.internal.WebUIKeywordMain.stepFailed(WebUIKeywordMain.groovy:117)
	at com.kms.katalon.core.webui.keyword.internal.WebUIKeywordMain.runKeyword(WebUIKeywordMain.groovy:43)
	at com.kms.katalon.core.webui.keyword.builtin.ClickKeyword.click(ClickKeyword.groovy:74)
	at com.kms.katalon.core.webui.keyword.builtin.ClickKeyword.execute(ClickKeyword.groovy:40)
	at com.kms.katalon.core.keyword.internal.KeywordExecutor.executeKeywordForPlatform(KeywordExecutor.groovy:74)
	at com.kms.katalon.core.webui.keyword.WebUiBuiltInKeywords.click(WebUiBuiltInKeywords.groovy:647)
	at com.kms.katalon.core.webui.keyword.WebUiBuiltInKeywords$click$10.call(Unknown Source)
	at Can Not Add More Than Three Sites to a Split Order.run(Can Not Add More Than Three Sites to a Split Order:58)
	at com.kms.katalon.core.main.ScriptEngine.run(ScriptEngine.java:194)
	at com.kms.katalon.core.main.ScriptEngine.runScriptAsRawText(ScriptEngine.java:119)
	at com.kms.katalon.core.main.TestCaseExecutor.runScript(TestCaseExecutor.java:448)
	at com.kms.katalon.core.main.TestCaseExecutor.doExecute(TestCaseExecutor.java:439)
	at com.kms.katalon.core.main.TestCaseExecutor.processExecutionPhase(TestCaseExecutor.java:418)
	at com.kms.katalon.core.main.TestCaseExecutor.accessMainPhase(TestCaseExecutor.java:410)
	at com.kms.katalon.core.main.TestCaseExecutor.execute(TestCaseExecutor.java:285)
	at com.kms.katalon.core.common.CommonExecutor.accessTestCaseMainPhase(CommonExecutor.java:65)
	at com.kms.katalon.core.main.TestSuiteExecutor.accessTestSuiteMainPhase(TestSuiteExecutor.java:150)
	at com.kms.katalon.core.main.TestSuiteExecutor.execute(TestSuiteExecutor.java:106)
	at com.kms.katalon.core.main.TestCaseMain.startTestSuite(TestCaseMain.java:180)
	at com.kms.katalon.core.main.TestCaseMain$startTestSuite$0.call(Unknown Source)
	at TempTestSuite1761090815312.run(TempTestSuite1761090815312.groovy:35)
	at java.base/jdk.internal.reflect.NativeMethodAccessorImpl.invoke0(Native Method)
	at java.base/jdk.internal.reflect.NativeMethodAccessorImpl.invoke(NativeMethodAccessorImpl.java:77)
	at java.base/jdk.internal.reflect.DelegatingMethodAccessorImpl.invoke(DelegatingMethodAccessorImpl.java:43)
Caused by: org.openqa.selenium.ElementNotInteractableException: element not interactable
  (Session info: chrome=141.0.7390.122)
Build info: version: '3.141.59', revision: 'unknown', time: 'unknown'
System info: host: 'DC1ADOBLD01', ip: '10.2.20.71', os.name: 'Windows Server 2019', os.arch: 'amd64', os.version: '10.0', java.version: '17.0.7'
Driver info: com.kms.katalon.selenium.driver.CChromeDriver
Capabilities {acceptInsecureCerts: false, browserName: chrome, browserVersion: 141.0.7390.122, chrome: {chromedriverVersion: 141.0.7390.122 (b477534e7e1..., userDataDir: C:\Windows\SystemTemp\scope...}, fedcm:accounts: true, goog:chromeOptions: {debuggerAddress: localhost:57896}, javascriptEnabled: true, networkConnectionEnabled: false, pageLoadStrategy: normal, platform: WINDOWS, platformName: WINDOWS, proxy: Proxy(), setWindowRect: true, strictFileInteractability: false, timeouts: {implicit: 0, pageLoad: 300000, script: 30000}, unhandledPromptBehavior: dismiss and notify, webauthn:extension:credBlob: true, webauthn:extension:largeBlob: true, webauthn:extension:minPinLength: true, webauthn:extension:prf: true, webauthn:virtualAuthenticators: true}
Session ID: 09a1b0875dc0ccf407849ee702a255d9
	at java.base/jdk.internal.reflect.NativeConstructorAccessorImpl.newInstance0(Native Method)
	at java.base/jdk.internal.reflect.NativeConstructorAccessorImpl.newInstance(NativeConstructorAccessorImpl.java:77)
	at java.base/jdk.internal.reflect.DelegatingConstructorAccessorImpl.newInstance(DelegatingConstructorAccessorImpl.java:45)
	at org.openqa.selenium.remote.http.W3CHttpResponseCodec.createException(W3CHttpResponseCodec.java:187)
	at org.openqa.selenium.remote.http.W3CHttpResponseCodec.decode(W3CHttpResponseCodec.java:122)
	at org.openqa.selenium.remote.http.W3CHttpResponseCodec.decode(W3CHttpResponseCodec.java:49)
	at org.openqa.selenium.remote.HttpCommandExecutor.execute(HttpCommandExecutor.java:158)
	at org.openqa.selenium.remote.service.DriverCommandExecutor.execute(DriverCommandExecutor.java:83)
	at org.openqa.selenium.remote.RemoteWebDriver.execute(RemoteWebDriver.java:552)
	at com.kms.katalon.selenium.driver.CChromeDriver.execute(CChromeDriver.java:19)
	at org.openqa.selenium.remote.RemoteWebElement.execute(RemoteWebElement.java:285)
	at org.openqa.selenium.remote.RemoteWebElement.click(RemoteWebElement.java:84)
	at jdk.internal.reflect.GeneratedMethodAccessor20.invoke(Unknown Source)
	at java.base/jdk.internal.reflect.DelegatingMethodAccessorImpl.invoke(DelegatingMethodAccessorImpl.java:43)
	at org.openqa.selenium.support.events.EventFiringWebDriver$EventFiringWebElement.lambda$new$0(EventFiringWebDriver.java:404)
	at jdk.proxy2/jdk.proxy2.$Proxy27.click(Unknown Source)
	at org.openqa.selenium.support.events.EventFiringWebDriver$EventFiringWebElement.click(EventFiringWebDriver.java:417)
	at org.openqa.selenium.WebElement$click.call(Unknown Source)
	at com.kms.katalon.core.webui.keyword.builtin.ClickKeyword.clickUntilSuccessWithTimeout(ClickKeyword.groovy:81)
	at com.kms.katalon.core.webui.keyword.builtin.ClickKeyword.clickUntilSuccessWithTimeout(ClickKeyword.groovy)
	at jdk.internal.reflect.GeneratedMethodAccessor18.invoke(Unknown Source)
	at java.base/jdk.internal.reflect.DelegatingMethodAccessorImpl.invoke(DelegatingMethodAccessorImpl.java:43)
	at com.kms.katalon.core.webui.keyword.builtin.ClickKeyword$_click_closure1.doCall(ClickKeyword.groovy:67)
	at com.kms.katalon.core.webui.keyword.builtin.ClickKeyword$_click_closure1.call(ClickKeyword.groovy)
	at com.kms.katalon.core.webui.keyword.internal.WebUIKeywordMain.runKeyword(WebUIKeywordMain.groovy:35)
	at com.kms.katalon.core.webui.keyword.builtin.ClickKeyword.click(ClickKeyword.groovy:74)
	at com.kms.katalon.core.webui.keyword.builtin.ClickKeyword.execute(ClickKeyword.groovy:40)
	at com.kms.katalon.core.keyword.internal.KeywordExecutor.executeKeywordForPlatform(KeywordExecutor.groovy:74)
	at com.kms.katalon.core.webui.keyword.WebUiBuiltInKeywords.click(WebUiBuiltInKeywords.groovy:647)
	at com.kms.katalon.core.webui.keyword.WebUiBuiltInKeywords$click$10.call(Unknown Source)
	at Script1755183213861.run(Script1755183213861.groovy:58)
	... 16 more
)

21-10-2025T21:58:51 - [TEST_STEP][PASSED] - Start listener action : retryOnDisconnect: Current window's url is: 'https://kag-inventory-management-portal.qa.thekag.com/site/AFM39?cg=-1&r&i=AllConsignees&sorted=false'

21-10-2025T21:58:51 - [TEST_STEP][PASSED] - tcId = testCaseContext.getTestCaseId(): null

21-10-2025T21:58:51 - [TEST_STEP][PASSED] - currentRetry = retryCounts.getOrDefault(tcId, 0): null

21-10-2025T21:58:51 - [TEST_STEP][PASSED] - if (testCaseContext.getTestCaseStatus() == "FAILED" && currentRetry < MAX_RETRIES): Current window's url is: 'https://kag-inventory-management-portal.qa.thekag.com/site/AFM39?cg=-1&r&i=AllConsignees&sorted=false'

21-10-2025T21:58:51 - [TEST_STEP][PASSED] - try: Current window's url is: 'https://kag-inventory-management-portal.qa.thekag.com/site/AFM39?cg=-1&r&i=AllConsignees&sorted=false'

21-10-2025T21:58:51 - [TEST_STEP][PASSED] - comment(Checking for WebDriver disconnect for test case: $tcId): Checking for WebDriver disconnect for test case: Test Cases/FIM/UI/Kenan/Admin/Sites Page/Orders/Can Not Add More Than Three Sites to a Split Order

21-10-2025T21:58:51 - [MESSAGE][INFO] - Checking for WebDriver disconnect for test case: Test Cases/FIM/UI/Kenan/Admin/Sites Page/Orders/Can Not Add More Than Three Sites to a Split Order

21-10-2025T21:58:51 - [TEST_STEP][PASSED] - getUrl(): Current window's url is: 'https://kag-inventory-management-portal.qa.thekag.com/site/AFM39?cg=-1&r&i=AllConsignees&sorted=false'

21-10-2025T21:58:51 - [MESSAGE][PASSED] - Current window's url is: 'https://kag-inventory-management-portal.qa.thekag.com/site/AFM39?cg=-1&r&i=AllConsignees&sorted=false']]></system-out>
         <system-err><![CDATA[21-10-2025T21:57:57 - [TEST_CASE][FAILED] - Test Cases/FIM/UI/Kenan/Admin/Sites Page/Orders/Can Not Add More Than Three Sites to a Split Order: Test Cases/FIM/UI/Kenan/Admin/Sites Page/Orders/Can Not Add More Than Three Sites to a Split Order FAILED.
Reason:
com.kms.katalon.core.exception.StepFailedException: Unable to click on object 'Object Repository/FIM/Sites Page/Orders/Create Order/Split_Load_Order_toggle'
	at com.kms.katalon.core.webui.keyword.internal.WebUIKeywordMain.stepFailed(WebUIKeywordMain.groovy:117)
	at com.kms.katalon.core.webui.keyword.internal.WebUIKeywordMain.runKeyword(WebUIKeywordMain.groovy:43)
	at com.kms.katalon.core.webui.keyword.builtin.ClickKeyword.click(ClickKeyword.groovy:74)
	at com.kms.katalon.core.webui.keyword.builtin.ClickKeyword.execute(ClickKeyword.groovy:40)
	at com.kms.katalon.core.keyword.internal.KeywordExecutor.executeKeywordForPlatform(KeywordExecutor.groovy:74)
	at com.kms.katalon.core.webui.keyword.WebUiBuiltInKeywords.click(WebUiBuiltInKeywords.groovy:647)
	at com.kms.katalon.core.webui.keyword.WebUiBuiltInKeywords$click$10.call(Unknown Source)
	at Can Not Add More Than Three Sites to a Split Order.run(Can Not Add More Than Three Sites to a Split Order:58)
	at com.kms.katalon.core.main.ScriptEngine.run(ScriptEngine.java:194)
	at com.kms.katalon.core.main.ScriptEngine.runScriptAsRawText(ScriptEngine.java:119)
	at com.kms.katalon.core.main.TestCaseExecutor.runScript(TestCaseExecutor.java:448)
	at com.kms.katalon.core.main.TestCaseExecutor.doExecute(TestCaseExecutor.java:439)
	at com.kms.katalon.core.main.TestCaseExecutor.processExecutionPhase(TestCaseExecutor.java:418)
	at com.kms.katalon.core.main.TestCaseExecutor.accessMainPhase(TestCaseExecutor.java:410)
	at com.kms.katalon.core.main.TestCaseExecutor.execute(TestCaseExecutor.java:285)
	at com.kms.katalon.core.common.CommonExecutor.accessTestCaseMainPhase(CommonExecutor.java:65)
	at com.kms.katalon.core.main.TestSuiteExecutor.accessTestSuiteMainPhase(TestSuiteExecutor.java:150)
	at com.kms.katalon.core.main.TestSuiteExecutor.execute(TestSuiteExecutor.java:106)
	at com.kms.katalon.core.main.TestCaseMain.startTestSuite(TestCaseMain.java:180)
	at com.kms.katalon.core.main.TestCaseMain$startTestSuite$0.call(Unknown Source)
	at TempTestSuite1761090815312.run(TempTestSuite1761090815312.groovy:35)
	at java.base/jdk.internal.reflect.NativeMethodAccessorImpl.invoke0(Native Method)
	at java.base/jdk.internal.reflect.NativeMethodAccessorImpl.invoke(NativeMethodAccessorImpl.java:77)
	at java.base/jdk.internal.reflect.DelegatingMethodAccessorImpl.invoke(DelegatingMethodAccessorImpl.java:43)
Caused by: org.openqa.selenium.ElementNotInteractableException: element not interactable
  (Session info: chrome=141.0.7390.122)
Build info: version: '3.141.59', revision: 'unknown', time: 'unknown'
System info: host: 'DC1ADOBLD01', ip: '10.2.20.71', os.name: 'Windows Server 2019', os.arch: 'amd64', os.version: '10.0', java.version: '17.0.7'
Driver info: com.kms.katalon.selenium.driver.CChromeDriver
Capabilities {acceptInsecureCerts: false, browserName: chrome, browserVersion: 141.0.7390.122, chrome: {chromedriverVersion: 141.0.7390.122 (b477534e7e1..., userDataDir: C:\Windows\SystemTemp\scope...}, fedcm:accounts: true, goog:chromeOptions: {debuggerAddress: localhost:57896}, javascriptEnabled: true, networkConnectionEnabled: false, pageLoadStrategy: normal, platform: WINDOWS, platformName: WINDOWS, proxy: Proxy(), setWindowRect: true, strictFileInteractability: false, timeouts: {implicit: 0, pageLoad: 300000, script: 30000}, unhandledPromptBehavior: dismiss and notify, webauthn:extension:credBlob: true, webauthn:extension:largeBlob: true, webauthn:extension:minPinLength: true, webauthn:extension:prf: true, webauthn:virtualAuthenticators: true}
Session ID: 09a1b0875dc0ccf407849ee702a255d9
	at java.base/jdk.internal.reflect.NativeConstructorAccessorImpl.newInstance0(Native Method)
	at java.base/jdk.internal.reflect.NativeConstructorAccessorImpl.newInstance(NativeConstructorAccessorImpl.java:77)
	at java.base/jdk.internal.reflect.DelegatingConstructorAccessorImpl.newInstance(DelegatingConstructorAccessorImpl.java:45)
	at org.openqa.selenium.remote.http.W3CHttpResponseCodec.createException(W3CHttpResponseCodec.java:187)
	at org.openqa.selenium.remote.http.W3CHttpResponseCodec.decode(W3CHttpResponseCodec.java:122)
	at org.openqa.selenium.remote.http.W3CHttpResponseCodec.decode(W3CHttpResponseCodec.java:49)
	at org.openqa.selenium.remote.HttpCommandExecutor.execute(HttpCommandExecutor.java:158)
	at org.openqa.selenium.remote.service.DriverCommandExecutor.execute(DriverCommandExecutor.java:83)
	at org.openqa.selenium.remote.RemoteWebDriver.execute(RemoteWebDriver.java:552)
	at com.kms.katalon.selenium.driver.CChromeDriver.execute(CChromeDriver.java:19)
	at org.openqa.selenium.remote.RemoteWebElement.execute(RemoteWebElement.java:285)
	at org.openqa.selenium.remote.RemoteWebElement.click(RemoteWebElement.java:84)
	at jdk.internal.reflect.GeneratedMethodAccessor20.invoke(Unknown Source)
	at java.base/jdk.internal.reflect.DelegatingMethodAccessorImpl.invoke(DelegatingMethodAccessorImpl.java:43)
	at org.openqa.selenium.support.events.EventFiringWebDriver$EventFiringWebElement.lambda$new$0(EventFiringWebDriver.java:404)
	at jdk.proxy2/jdk.proxy2.$Proxy27.click(Unknown Source)
	at org.openqa.selenium.support.events.EventFiringWebDriver$EventFiringWebElement.click(EventFiringWebDriver.java:417)
	at org.openqa.selenium.WebElement$click.call(Unknown Source)
	at com.kms.katalon.core.webui.keyword.builtin.ClickKeyword.clickUntilSuccessWithTimeout(ClickKeyword.groovy:81)
	at com.kms.katalon.core.webui.keyword.builtin.ClickKeyword.clickUntilSuccessWithTimeout(ClickKeyword.groovy)
	at jdk.internal.reflect.GeneratedMethodAccessor18.invoke(Unknown Source)
	at java.base/jdk.internal.reflect.DelegatingMethodAccessorImpl.invoke(DelegatingMethodAccessorImpl.java:43)
	at com.kms.katalon.core.webui.keyword.builtin.ClickKeyword$_click_closure1.doCall(ClickKeyword.groovy:67)
	at com.kms.katalon.core.webui.keyword.builtin.ClickKeyword$_click_closure1.call(ClickKeyword.groovy)
	at com.kms.katalon.core.webui.keyword.internal.WebUIKeywordMain.runKeyword(WebUIKeywordMain.groovy:35)
	... 22 more]]></system-err>
      </testcase>
      <testcase name="Test Cases/FIM/UI/Kenan/Admin/Sites Page/Orders/Cancelling Creating a Split Load Order" time="52.737" classname="Test Cases/FIM/UI/Kenan/Admin/Sites Page/Orders/Cancelling Creating a Split Load Order" status="FAILED">
         <failure type="FAILED" message="Test Cases/FIM/UI/Kenan/Admin/Sites Page/Orders/Cancelling Creating a Split Load Order FAILED.&#xa;Reason:&#xa;com.kms.katalon.core.exception.StepFailedException: Unable to click on object 'Object Repository/FIM/Sites Page/Orders/Create Order/Split_Load_Order_toggle'&#xa;	at com.kms.katalon.core.webui.keyword.internal.WebUIKeywordMain.stepFailed(WebUIKeywordMain.groovy:117)&#xa;	at com.kms.katalon.core.webui.keyword.internal.WebUIKeywordMain.runKeyword(WebUIKeywordMain.groovy:43)&#xa;	at com.kms.katalon.core.webui.keyword.builtin.ClickKeyword.click(ClickKeyword.groovy:74)&#xa;	at com.kms.katalon.core.webui.keyword.builtin.ClickKeyword.execute(ClickKeyword.groovy:40)&#xa;	at com.kms.katalon.core.keyword.internal.KeywordExecutor.executeKeywordForPlatform(KeywordExecutor.groovy:74)&#xa;	at com.kms.katalon.core.webui.keyword.WebUiBuiltInKeywords.click(WebUiBuiltInKeywords.groovy:647)&#xa;	at com.kms.katalon.core.webui.keyword.WebUiBuiltInKeywords$click$10.call(Unknown Source)&#xa;	at Cancelling Creating a Split Load Order.run(Cancelling Creating a Split Load Order:58)&#xa;	at com.kms.katalon.core.main.ScriptEngine.run(ScriptEngine.java:194)&#xa;	at com.kms.katalon.core.main.ScriptEngine.runScriptAsRawText(ScriptEngine.java:119)&#xa;	at com.kms.katalon.core.main.TestCaseExecutor.runScript(TestCaseExecutor.java:448)&#xa;	at com.kms.katalon.core.main.TestCaseExecutor.doExecute(TestCaseExecutor.java:439)&#xa;	at com.kms.katalon.core.main.TestCaseExecutor.processExecutionPhase(TestCaseExecutor.java:418)&#xa;	at com.kms.katalon.core.main.TestCaseExecutor.accessMainPhase(TestCaseExecutor.java:410)&#xa;	at com.kms.katalon.core.main.TestCaseExecutor.execute(TestCaseExecutor.java:285)&#xa;	at com.kms.katalon.core.common.CommonExecutor.accessTestCaseMainPhase(CommonExecutor.java:65)&#xa;	at com.kms.katalon.core.main.TestSuiteExecutor.accessTestSuiteMainPhase(TestSuiteExecutor.java:150)&#xa;	at com.kms.katalon.core.main.TestSuiteExecutor.execute(TestSuiteExecutor.java:106)&#xa;	at com.kms.katalon.core.main.TestCaseMain.startTestSuite(TestCaseMain.java:180)&#xa;	at com.kms.katalon.core.main.TestCaseMain$startTestSuite$0.call(Unknown Source)&#xa;	at TempTestSuite1761090815312.run(TempTestSuite1761090815312.groovy:35)&#xa;	at java.base/jdk.internal.reflect.NativeMethodAccessorImpl.invoke0(Native Method)&#xa;	at java.base/jdk.internal.reflect.NativeMethodAccessorImpl.invoke(NativeMethodAccessorImpl.java:77)&#xa;	at java.base/jdk.internal.reflect.DelegatingMethodAccessorImpl.invoke(DelegatingMethodAccessorImpl.java:43)&#xa;Caused by: org.openqa.selenium.ElementNotInteractableException: element not interactable&#xa;  (Session info: chrome=141.0.7390.122)&#xa;Build info: version: '3.141.59', revision: 'unknown', time: 'unknown'&#xa;System info: host: 'DC1ADOBLD01', ip: '10.2.20.71', os.name: 'Windows Server 2019', os.arch: 'amd64', os.version: '10.0', java.version: '17.0.7'&#xa;Driver info: com.kms.katalon.selenium.driver.CChromeDriver&#xa;Capabilities {acceptInsecureCerts: false, browserName: chrome, browserVersion: 141.0.7390.122, chrome: {chromedriverVersion: 141.0.7390.122 (b477534e7e1..., userDataDir: C:\Windows\SystemTemp\scope...}, fedcm:accounts: true, goog:chromeOptions: {debuggerAddress: localhost:57943}, javascriptEnabled: true, networkConnectionEnabled: false, pageLoadStrategy: normal, platform: WINDOWS, platformName: WINDOWS, proxy: Proxy(), setWindowRect: true, strictFileInteractability: false, timeouts: {implicit: 0, pageLoad: 300000, script: 30000}, unhandledPromptBehavior: dismiss and notify, webauthn:extension:credBlob: true, webauthn:extension:largeBlob: true, webauthn:extension:minPinLength: true, webauthn:extension:prf: true, webauthn:virtualAuthenticators: true}&#xa;Session ID: 545830511a211e6f61f344653183da79&#xa;	at java.base/jdk.internal.reflect.NativeConstructorAccessorImpl.newInstance0(Native Method)&#xa;	at java.base/jdk.internal.reflect.NativeConstructorAccessorImpl.newInstance(NativeConstructorAccessorImpl.java:77)&#xa;	at java.base/jdk.internal.reflect.DelegatingConstructorAccessorImpl.newInstance(DelegatingConstructorAccessorImpl.java:45)&#xa;	at org.openqa.selenium.remote.http.W3CHttpResponseCodec.createException(W3CHttpResponseCodec.java:187)&#xa;	at org.openqa.selenium.remote.http.W3CHttpResponseCodec.decode(W3CHttpResponseCodec.java:122)&#xa;	at org.openqa.selenium.remote.http.W3CHttpResponseCodec.decode(W3CHttpResponseCodec.java:49)&#xa;	at org.openqa.selenium.remote.HttpCommandExecutor.execute(HttpCommandExecutor.java:158)&#xa;	at org.openqa.selenium.remote.service.DriverCommandExecutor.execute(DriverCommandExecutor.java:83)&#xa;	at org.openqa.selenium.remote.RemoteWebDriver.execute(RemoteWebDriver.java:552)&#xa;	at com.kms.katalon.selenium.driver.CChromeDriver.execute(CChromeDriver.java:19)&#xa;	at org.openqa.selenium.remote.RemoteWebElement.execute(RemoteWebElement.java:285)&#xa;	at org.openqa.selenium.remote.RemoteWebElement.click(RemoteWebElement.java:84)&#xa;	at jdk.internal.reflect.GeneratedMethodAccessor20.invoke(Unknown Source)&#xa;	at java.base/jdk.internal.reflect.DelegatingMethodAccessorImpl.invoke(DelegatingMethodAccessorImpl.java:43)&#xa;	at org.openqa.selenium.support.events.EventFiringWebDriver$EventFiringWebElement.lambda$new$0(EventFiringWebDriver.java:404)&#xa;	at jdk.proxy2/jdk.proxy2.$Proxy27.click(Unknown Source)&#xa;	at org.openqa.selenium.support.events.EventFiringWebDriver$EventFiringWebElement.click(EventFiringWebDriver.java:417)&#xa;	at org.openqa.selenium.WebElement$click.call(Unknown Source)&#xa;	at com.kms.katalon.core.webui.keyword.builtin.ClickKeyword.clickUntilSuccessWithTimeout(ClickKeyword.groovy:81)&#xa;	at com.kms.katalon.core.webui.keyword.builtin.ClickKeyword.clickUntilSuccessWithTimeout(ClickKeyword.groovy)&#xa;	at jdk.internal.reflect.GeneratedMethodAccessor18.invoke(Unknown Source)&#xa;	at java.base/jdk.internal.reflect.DelegatingMethodAccessorImpl.invoke(DelegatingMethodAccessorImpl.java:43)&#xa;	at com.kms.katalon.core.webui.keyword.builtin.ClickKeyword$_click_closure1.doCall(ClickKeyword.groovy:67)&#xa;	at com.kms.katalon.core.webui.keyword.builtin.ClickKeyword$_click_closure1.call(ClickKeyword.groovy)&#xa;	at com.kms.katalon.core.webui.keyword.internal.WebUIKeywordMain.runKeyword(WebUIKeywordMain.groovy:35)&#xa;	... 22 more&#xa;"/>
         <system-out><![CDATA[21-10-2025T21:58:51 - [TEST_CASE][FAILED] - Test Cases/FIM/UI/Kenan/Admin/Sites Page/Orders/Cancelling Creating a Split Load Order: Test Cases/FIM/UI/Kenan/Admin/Sites Page/Orders/Cancelling Creating a Split Load Order FAILED.
Reason:
com.kms.katalon.core.exception.StepFailedException: Unable to click on object 'Object Repository/FIM/Sites Page/Orders/Create Order/Split_Load_Order_toggle'
	at com.kms.katalon.core.webui.keyword.internal.WebUIKeywordMain.stepFailed(WebUIKeywordMain.groovy:117)
	at com.kms.katalon.core.webui.keyword.internal.WebUIKeywordMain.runKeyword(WebUIKeywordMain.groovy:43)
	at com.kms.katalon.core.webui.keyword.builtin.ClickKeyword.click(ClickKeyword.groovy:74)
	at com.kms.katalon.core.webui.keyword.builtin.ClickKeyword.execute(ClickKeyword.groovy:40)
	at com.kms.katalon.core.keyword.internal.KeywordExecutor.executeKeywordForPlatform(KeywordExecutor.groovy:74)
	at com.kms.katalon.core.webui.keyword.WebUiBuiltInKeywords.click(WebUiBuiltInKeywords.groovy:647)
	at com.kms.katalon.core.webui.keyword.WebUiBuiltInKeywords$click$10.call(Unknown Source)
	at Cancelling Creating a Split Load Order.run(Cancelling Creating a Split Load Order:58)
	at com.kms.katalon.core.main.ScriptEngine.run(ScriptEngine.java:194)
	at com.kms.katalon.core.main.ScriptEngine.runScriptAsRawText(ScriptEngine.java:119)
	at com.kms.katalon.core.main.TestCaseExecutor.runScript(TestCaseExecutor.java:448)
	at com.kms.katalon.core.main.TestCaseExecutor.doExecute(TestCaseExecutor.java:439)
	at com.kms.katalon.core.main.TestCaseExecutor.processExecutionPhase(TestCaseExecutor.java:418)
	at com.kms.katalon.core.main.TestCaseExecutor.accessMainPhase(TestCaseExecutor.java:410)
	at com.kms.katalon.core.main.TestCaseExecutor.execute(TestCaseExecutor.java:285)
	at com.kms.katalon.core.common.CommonExecutor.accessTestCaseMainPhase(CommonExecutor.java:65)
	at com.kms.katalon.core.main.TestSuiteExecutor.accessTestSuiteMainPhase(TestSuiteExecutor.java:150)
	at com.kms.katalon.core.main.TestSuiteExecutor.execute(TestSuiteExecutor.java:106)
	at com.kms.katalon.core.main.TestCaseMain.startTestSuite(TestCaseMain.java:180)
	at com.kms.katalon.core.main.TestCaseMain$startTestSuite$0.call(Unknown Source)
	at TempTestSuite1761090815312.run(TempTestSuite1761090815312.groovy:35)
	at java.base/jdk.internal.reflect.NativeMethodAccessorImpl.invoke0(Native Method)
	at java.base/jdk.internal.reflect.NativeMethodAccessorImpl.invoke(NativeMethodAccessorImpl.java:77)
	at java.base/jdk.internal.reflect.DelegatingMethodAccessorImpl.invoke(DelegatingMethodAccessorImpl.java:43)
Caused by: org.openqa.selenium.ElementNotInteractableException: element not interactable
  (Session info: chrome=141.0.7390.122)
Build info: version: '3.141.59', revision: 'unknown', time: 'unknown'
System info: host: 'DC1ADOBLD01', ip: '10.2.20.71', os.name: 'Windows Server 2019', os.arch: 'amd64', os.version: '10.0', java.version: '17.0.7'
Driver info: com.kms.katalon.selenium.driver.CChromeDriver
Capabilities {acceptInsecureCerts: false, browserName: chrome, browserVersion: 141.0.7390.122, chrome: {chromedriverVersion: 141.0.7390.122 (b477534e7e1..., userDataDir: C:\Windows\SystemTemp\scope...}, fedcm:accounts: true, goog:chromeOptions: {debuggerAddress: localhost:57943}, javascriptEnabled: true, networkConnectionEnabled: false, pageLoadStrategy: normal, platform: WINDOWS, platformName: WINDOWS, proxy: Proxy(), setWindowRect: true, strictFileInteractability: false, timeouts: {implicit: 0, pageLoad: 300000, script: 30000}, unhandledPromptBehavior: dismiss and notify, webauthn:extension:credBlob: true, webauthn:extension:largeBlob: true, webauthn:extension:minPinLength: true, webauthn:extension:prf: true, webauthn:virtualAuthenticators: true}
Session ID: 545830511a211e6f61f344653183da79
	at java.base/jdk.internal.reflect.NativeConstructorAccessorImpl.newInstance0(Native Method)
	at java.base/jdk.internal.reflect.NativeConstructorAccessorImpl.newInstance(NativeConstructorAccessorImpl.java:77)
	at java.base/jdk.internal.reflect.DelegatingConstructorAccessorImpl.newInstance(DelegatingConstructorAccessorImpl.java:45)
	at org.openqa.selenium.remote.http.W3CHttpResponseCodec.createException(W3CHttpResponseCodec.java:187)
	at org.openqa.selenium.remote.http.W3CHttpResponseCodec.decode(W3CHttpResponseCodec.java:122)
	at org.openqa.selenium.remote.http.W3CHttpResponseCodec.decode(W3CHttpResponseCodec.java:49)
	at org.openqa.selenium.remote.HttpCommandExecutor.execute(HttpCommandExecutor.java:158)
	at org.openqa.selenium.remote.service.DriverCommandExecutor.execute(DriverCommandExecutor.java:83)
	at org.openqa.selenium.remote.RemoteWebDriver.execute(RemoteWebDriver.java:552)
	at com.kms.katalon.selenium.driver.CChromeDriver.execute(CChromeDriver.java:19)
	at org.openqa.selenium.remote.RemoteWebElement.execute(RemoteWebElement.java:285)
	at org.openqa.selenium.remote.RemoteWebElement.click(RemoteWebElement.java:84)
	at jdk.internal.reflect.GeneratedMethodAccessor20.invoke(Unknown Source)
	at java.base/jdk.internal.reflect.DelegatingMethodAccessorImpl.invoke(DelegatingMethodAccessorImpl.java:43)
	at org.openqa.selenium.support.events.EventFiringWebDriver$EventFiringWebElement.lambda$new$0(EventFiringWebDriver.java:404)
	at jdk.proxy2/jdk.proxy2.$Proxy27.click(Unknown Source)
	at org.openqa.selenium.support.events.EventFiringWebDriver$EventFiringWebElement.click(EventFiringWebDriver.java:417)
	at org.openqa.selenium.WebElement$click.call(Unknown Source)
	at com.kms.katalon.core.webui.keyword.builtin.ClickKeyword.clickUntilSuccessWithTimeout(ClickKeyword.groovy:81)
	at com.kms.katalon.core.webui.keyword.builtin.ClickKeyword.clickUntilSuccessWithTimeout(ClickKeyword.groovy)
	at jdk.internal.reflect.GeneratedMethodAccessor18.invoke(Unknown Source)
	at java.base/jdk.internal.reflect.DelegatingMethodAccessorImpl.invoke(DelegatingMethodAccessorImpl.java:43)
	at com.kms.katalon.core.webui.keyword.builtin.ClickKeyword$_click_closure1.doCall(ClickKeyword.groovy:67)
	at com.kms.katalon.core.webui.keyword.builtin.ClickKeyword$_click_closure1.call(ClickKeyword.groovy)
	at com.kms.katalon.core.webui.keyword.internal.WebUIKeywordMain.runKeyword(WebUIKeywordMain.groovy:35)
	... 22 more


21-10-2025T21:58:51 - [TEST_STEP][PASSED] - Start listener action : beforeTestCase: null

21-10-2025T21:58:51 - [TEST_STEP][PASSED] - addDefaultPackages(): null

21-10-2025T21:58:51 - [TEST_STEP][PASSED] - callTestCase(findTestCase("Utility Scripts/FIM KAG Admin Login"), [:], STOP_ON_FAILURE): Call Test Case 'Test Cases/Utility Scripts/FIM KAG Admin Login' successfully

21-10-2025T21:58:52 - [TEST_CASE][PASSED] - Test Cases/Utility Scripts/FIM KAG Admin Login: Test Cases/Utility Scripts/FIM KAG Admin Login

21-10-2025T21:58:52 - [TEST_STEP][PASSED] - openBrowser(""): Browser is opened with url: ''

21-10-2025T21:58:52 - [MESSAGE][WARNING] - A browser is already opened. Closing browser and opening a new one

21-10-2025T21:58:52 - [MESSAGE][INFO] - Starting 'Chrome' driver

21-10-2025T21:58:52 - [MESSAGE][INFO] - User set preference: ['args', '[--no-sandbox, --disable-gpu, --disable-dev-shm-usage]']

21-10-2025T21:58:52 - [MESSAGE][INFO] - Action delay is set to 0 milliseconds

21-10-2025T21:58:52 - [MESSAGE][PASSED] - Browser is opened with url: ''

21-10-2025T21:58:52 - [TEST_STEP][PASSED] - delay(1): Delayed 1 second(s)

21-10-2025T21:58:54 - [MESSAGE][PASSED] - Delayed 1 second(s)

21-10-2025T21:58:54 - [TEST_STEP][PASSED] - navigateToUrl(KenanRegionURL): Navigate to 'https://kag-inventory-management-portal.qa.thekag.com/region/' successfully

21-10-2025T21:58:54 - [MESSAGE][PASSED] - Navigate to 'https://kag-inventory-management-portal.qa.thekag.com/region/' successfully

21-10-2025T21:58:54 - [TEST_STEP][PASSED] - delay(10): Delayed 10 second(s)

21-10-2025T21:59:04 - [MESSAGE][PASSED] - Delayed 10 second(s)

21-10-2025T21:59:04 - [TEST_STEP][PASSED] - if (maximizeWindow == true): Current window maximized

21-10-2025T21:59:04 - [TEST_STEP][PASSED] - maximizeWindow(STOP_ON_FAILURE): Current window maximized

21-10-2025T21:59:04 - [MESSAGE][PASSED] - Current window maximized

21-10-2025T21:59:04 - [TEST_STEP][PASSED] - waitForElementPresent(findTestObject("FIM/Username_txt"), 10): Object 'Object Repository/FIM/Username_txt' is present

21-10-2025T21:59:04 - [MESSAGE][PASSED] - Object 'Object Repository/FIM/Username_txt' is present

21-10-2025T21:59:04 - [TEST_STEP][PASSED] - setText(findTestObject("FIM/Username_txt"), FIMUsername): Text 'Chris.Sheldon+DES_QA@Thekag.com' is set on object 'Object Repository/FIM/Username_txt'

21-10-2025T21:59:04 - [MESSAGE][PASSED] - Text 'Chris.Sheldon+DES_QA@Thekag.com' is set on object 'Object Repository/FIM/Username_txt'

21-10-2025T21:59:04 - [TEST_STEP][PASSED] - delay(1): Delayed 1 second(s)

21-10-2025T21:59:05 - [MESSAGE][PASSED] - Delayed 1 second(s)

21-10-2025T21:59:05 - [TEST_STEP][PASSED] - setText(findTestObject("FIM/Password_txt"), FIMPassword): Text 'QATest!2' is set on object 'Object Repository/FIM/Password_txt'

21-10-2025T21:59:05 - [MESSAGE][PASSED] - Text 'QATest!2' is set on object 'Object Repository/FIM/Password_txt'

21-10-2025T21:59:05 - [TEST_STEP][PASSED] - delay(1): Delayed 1 second(s)

21-10-2025T21:59:06 - [MESSAGE][PASSED] - Delayed 1 second(s)

21-10-2025T21:59:06 - [TEST_STEP][PASSED] - click(findTestObject("FIM/Login_btn")): Object: 'Object Repository/FIM/Login_btn' is clicked on

21-10-2025T21:59:07 - [MESSAGE][PASSED] - Object: 'Object Repository/FIM/Login_btn' is clicked on

21-10-2025T21:59:07 - [MESSAGE][PASSED] - Call Test Case 'Test Cases/Utility Scripts/FIM KAG Admin Login' successfully

21-10-2025T21:59:07 - [TEST_STEP][PASSED] - if (verifyElementVisible(findTestObject("FIM/Server_Notification_Close_btn"), OPTIONAL) == true): Web element with id: 'Object Repository/FIM/Server_Notification_Close_btn' located by '/html/body/div/div[1]/button' not found (Root cause: com.kms.katalon.core.exception.StepFailedException: Web element with id: 'Object Repository/FIM/Server_Notification_Close_btn' located by '/html/body/div/div[1]/button' not found
	at com.kms.katalon.core.webui.keyword.internal.WebUIKeywordMain.stepFailed(WebUIKeywordMain.groovy:117)
	at com.kms.katalon.core.webui.keyword.builtin.VerifyElementVisibleKeyword$_verifyElementVisible_closure1.doCall(VerifyElementVisibleKeyword.groovy:89)
	at com.kms.katalon.core.webui.keyword.builtin.VerifyElementVisibleKeyword$_verifyElementVisible_closure1.call(VerifyElementVisibleKeyword.groovy)
	at com.kms.katalon.core.webui.keyword.internal.WebUIKeywordMain.runKeyword(WebUIKeywordMain.groovy:35)
	at com.kms.katalon.core.webui.keyword.builtin.VerifyElementVisibleKeyword.verifyElementVisible(VerifyElementVisibleKeyword.groovy:97)
	at com.kms.katalon.core.webui.keyword.builtin.VerifyElementVisibleKeyword.execute(VerifyElementVisibleKeyword.groovy:67)
	at com.kms.katalon.core.keyword.internal.KeywordExecutor.executeKeywordForPlatform(KeywordExecutor.groovy:74)
	at com.kms.katalon.core.webui.keyword.WebUiBuiltInKeywords.verifyElementVisible(WebUiBuiltInKeywords.groovy:401)
	at com.kms.katalon.core.webui.keyword.WebUiBuiltInKeywords$verifyElementVisible$5.call(Unknown Source)
	at Cancelling Creating a Split Load Order.run(Cancelling Creating a Split Load Order:22)
	at com.kms.katalon.core.main.ScriptEngine.run(ScriptEngine.java:194)
	at com.kms.katalon.core.main.ScriptEngine.runScriptAsRawText(ScriptEngine.java:119)
	at com.kms.katalon.core.main.TestCaseExecutor.runScript(TestCaseExecutor.java:448)
	at com.kms.katalon.core.main.TestCaseExecutor.doExecute(TestCaseExecutor.java:439)
	at com.kms.katalon.core.main.TestCaseExecutor.processExecutionPhase(TestCaseExecutor.java:418)
	at com.kms.katalon.core.main.TestCaseExecutor.accessMainPhase(TestCaseExecutor.java:410)
	at com.kms.katalon.core.main.TestCaseExecutor.execute(TestCaseExecutor.java:285)
	at com.kms.katalon.core.common.CommonExecutor.accessTestCaseMainPhase(CommonExecutor.java:65)
	at com.kms.katalon.core.main.TestSuiteExecutor.accessTestSuiteMainPhase(TestSuiteExecutor.java:150)
	at com.kms.katalon.core.main.TestSuiteExecutor.execute(TestSuiteExecutor.java:106)
	at com.kms.katalon.core.main.TestCaseMain.startTestSuite(TestCaseMain.java:180)
	at com.kms.katalon.core.main.TestCaseMain$startTestSuite$0.call(Unknown Source)
	at TempTestSuite1761090815312.run(TempTestSuite1761090815312.groovy:35)
	at java.base/jdk.internal.reflect.NativeMethodAccessorImpl.invoke0(Native Method)
	at java.base/jdk.internal.reflect.NativeMethodAccessorImpl.invoke(NativeMethodAccessorImpl.java:77)
	at java.base/jdk.internal.reflect.DelegatingMethodAccessorImpl.invoke(DelegatingMethodAccessorImpl.java:43)
)

21-10-2025T21:59:23 - [MESSAGE][INFO] - Unable to find the element located by 'By.xpath: /html/body/div/div[1]/button'. Please recheck the objects properties to make sure the desired element is located. 

21-10-2025T21:59:23 - [MESSAGE][WARNING] - [SELF-HEALING] Failed to find element with id 'Object Repository/FIM/Server_Notification_Close_btn'. Try using Self-healing.

21-10-2025T21:59:24 - [MESSAGE][INFO] - [SELF-HEALING] No working XPath is found.

21-10-2025T21:59:26 - [MESSAGE][INFO] - Unable to find the element located by 'By.xpath: '. Please recheck the objects properties to make sure the desired element is located. 

21-10-2025T21:59:26 - [MESSAGE][WARNING] - [SELF-HEALING] Cannot find elements when the selector is null

21-10-2025T21:59:26 - [MESSAGE][WARNING] - Web element with id: 'Object Repository/FIM/Server_Notification_Close_btn' located by '/html/body/div/div[1]/button' not found (Root cause: com.kms.katalon.core.exception.StepFailedException: Web element with id: 'Object Repository/FIM/Server_Notification_Close_btn' located by '/html/body/div/div[1]/button' not found
	at com.kms.katalon.core.webui.keyword.internal.WebUIKeywordMain.stepFailed(WebUIKeywordMain.groovy:117)
	at com.kms.katalon.core.webui.keyword.builtin.VerifyElementVisibleKeyword$_verifyElementVisible_closure1.doCall(VerifyElementVisibleKeyword.groovy:89)
	at com.kms.katalon.core.webui.keyword.builtin.VerifyElementVisibleKeyword$_verifyElementVisible_closure1.call(VerifyElementVisibleKeyword.groovy)
	at com.kms.katalon.core.webui.keyword.internal.WebUIKeywordMain.runKeyword(WebUIKeywordMain.groovy:35)
	at com.kms.katalon.core.webui.keyword.builtin.VerifyElementVisibleKeyword.verifyElementVisible(VerifyElementVisibleKeyword.groovy:97)
	at com.kms.katalon.core.webui.keyword.builtin.VerifyElementVisibleKeyword.execute(VerifyElementVisibleKeyword.groovy:67)
	at com.kms.katalon.core.keyword.internal.KeywordExecutor.executeKeywordForPlatform(KeywordExecutor.groovy:74)
	at com.kms.katalon.core.webui.keyword.WebUiBuiltInKeywords.verifyElementVisible(WebUiBuiltInKeywords.groovy:401)
	at com.kms.katalon.core.webui.keyword.WebUiBuiltInKeywords$verifyElementVisible$5.call(Unknown Source)
	at Cancelling Creating a Split Load Order.run(Cancelling Creating a Split Load Order:22)
	at com.kms.katalon.core.main.ScriptEngine.run(ScriptEngine.java:194)
	at com.kms.katalon.core.main.ScriptEngine.runScriptAsRawText(ScriptEngine.java:119)
	at com.kms.katalon.core.main.TestCaseExecutor.runScript(TestCaseExecutor.java:448)
	at com.kms.katalon.core.main.TestCaseExecutor.doExecute(TestCaseExecutor.java:439)
	at com.kms.katalon.core.main.TestCaseExecutor.processExecutionPhase(TestCaseExecutor.java:418)
	at com.kms.katalon.core.main.TestCaseExecutor.accessMainPhase(TestCaseExecutor.java:410)
	at com.kms.katalon.core.main.TestCaseExecutor.execute(TestCaseExecutor.java:285)
	at com.kms.katalon.core.common.CommonExecutor.accessTestCaseMainPhase(CommonExecutor.java:65)
	at com.kms.katalon.core.main.TestSuiteExecutor.accessTestSuiteMainPhase(TestSuiteExecutor.java:150)
	at com.kms.katalon.core.main.TestSuiteExecutor.execute(TestSuiteExecutor.java:106)
	at com.kms.katalon.core.main.TestCaseMain.startTestSuite(TestCaseMain.java:180)
	at com.kms.katalon.core.main.TestCaseMain$startTestSuite$0.call(Unknown Source)
	at TempTestSuite1761090815312.run(TempTestSuite1761090815312.groovy:35)
	at java.base/jdk.internal.reflect.NativeMethodAccessorImpl.invoke0(Native Method)
	at java.base/jdk.internal.reflect.NativeMethodAccessorImpl.invoke(NativeMethodAccessorImpl.java:77)
	at java.base/jdk.internal.reflect.DelegatingMethodAccessorImpl.invoke(DelegatingMethodAccessorImpl.java:43)
)

21-10-2025T21:59:26 - [TEST_STEP][PASSED] - delay(1): Delayed 1 second(s)

21-10-2025T21:59:27 - [MESSAGE][PASSED] - Delayed 1 second(s)

21-10-2025T21:59:27 - [TEST_STEP][PASSED] - click(findTestObject("FIM/Hamburger Menu List/Hamburger_menu")): Object: 'Object Repository/FIM/Hamburger Menu List/Hamburger_menu' is clicked on

21-10-2025T21:59:27 - [MESSAGE][PASSED] - Object: 'Object Repository/FIM/Hamburger Menu List/Hamburger_menu' is clicked on

21-10-2025T21:59:27 - [TEST_STEP][PASSED] - verifyElementPresent(findTestObject("FIM/Hamburger Menu List/KAG_Sites_option"), 10): Object 'Object Repository/FIM/Hamburger Menu List/KAG_Sites_option' is present

21-10-2025T21:59:27 - [MESSAGE][PASSED] - Object 'Object Repository/FIM/Hamburger Menu List/KAG_Sites_option' is present

21-10-2025T21:59:27 - [TEST_STEP][PASSED] - delay(1): Delayed 1 second(s)

21-10-2025T21:59:28 - [MESSAGE][PASSED] - Delayed 1 second(s)

21-10-2025T21:59:28 - [TEST_STEP][PASSED] - click(findTestObject("FIM/Hamburger Menu List/KAG_Sites_option")): Object: 'Object Repository/FIM/Hamburger Menu List/KAG_Sites_option' is clicked on

21-10-2025T21:59:28 - [MESSAGE][PASSED] - Object: 'Object Repository/FIM/Hamburger Menu List/KAG_Sites_option' is clicked on

21-10-2025T21:59:28 - [TEST_STEP][PASSED] - waitForElementPresent(findTestObject("FIM/Sites Page/Calculator/Calculator Tab"), 10): Object 'Object Repository/FIM/Sites Page/Calculator/Calculator Tab' is present

21-10-2025T21:59:36 - [MESSAGE][PASSED] - Object 'Object Repository/FIM/Sites Page/Calculator/Calculator Tab' is present

21-10-2025T21:59:36 - [TEST_STEP][PASSED] - while (i < 60 == true): null

21-10-2025T21:59:36 - [TEST_STEP][PASSED] - sendKeys(findTestObject("FIM/Sites Page/Site Filtering/Site_txt"), Keys.chord(BACK_SPACE), STOP_ON_FAILURE): Keys 'BACK_SPACE + ' sent to object: 'Object Repository/FIM/Sites Page/Site Filtering/Site_txt'

21-10-2025T21:59:36 - [MESSAGE][PASSED] - Keys 'BACK_SPACE + ' sent to object: 'Object Repository/FIM/Sites Page/Site Filtering/Site_txt'

21-10-2025T21:59:36 - [TEST_STEP][PASSED] - (i++): null

21-10-2025T21:59:36 - [TEST_STEP][PASSED] - sendKeys(findTestObject("FIM/Sites Page/Site Filtering/Site_txt"), Keys.chord(BACK_SPACE), STOP_ON_FAILURE): Keys 'BACK_SPACE + ' sent to object: 'Object Repository/FIM/Sites Page/Site Filtering/Site_txt'

21-10-2025T21:59:36 - [MESSAGE][PASSED] - Keys 'BACK_SPACE + ' sent to object: 'Object Repository/FIM/Sites Page/Site Filtering/Site_txt'

21-10-2025T21:59:36 - [TEST_STEP][PASSED] - (i++): null

21-10-2025T21:59:36 - [TEST_STEP][PASSED] - sendKeys(findTestObject("FIM/Sites Page/Site Filtering/Site_txt"), Keys.chord(BACK_SPACE), STOP_ON_FAILURE): Keys 'BACK_SPACE + ' sent to object: 'Object Repository/FIM/Sites Page/Site Filtering/Site_txt'

21-10-2025T21:59:37 - [MESSAGE][PASSED] - Keys 'BACK_SPACE + ' sent to object: 'Object Repository/FIM/Sites Page/Site Filtering/Site_txt'

21-10-2025T21:59:37 - [TEST_STEP][PASSED] - (i++): null

21-10-2025T21:59:37 - [TEST_STEP][PASSED] - sendKeys(findTestObject("FIM/Sites Page/Site Filtering/Site_txt"), Keys.chord(BACK_SPACE), STOP_ON_FAILURE): Keys 'BACK_SPACE + ' sent to object: 'Object Repository/FIM/Sites Page/Site Filtering/Site_txt'

21-10-2025T21:59:37 - [MESSAGE][PASSED] - Keys 'BACK_SPACE + ' sent to object: 'Object Repository/FIM/Sites Page/Site Filtering/Site_txt'

21-10-2025T21:59:37 - [TEST_STEP][PASSED] - (i++): null

21-10-2025T21:59:37 - [TEST_STEP][PASSED] - sendKeys(findTestObject("FIM/Sites Page/Site Filtering/Site_txt"), Keys.chord(BACK_SPACE), STOP_ON_FAILURE): Keys 'BACK_SPACE + ' sent to object: 'Object Repository/FIM/Sites Page/Site Filtering/Site_txt'

21-10-2025T21:59:37 - [MESSAGE][PASSED] - Keys 'BACK_SPACE + ' sent to object: 'Object Repository/FIM/Sites Page/Site Filtering/Site_txt'

21-10-2025T21:59:37 - [TEST_STEP][PASSED] - (i++): null

21-10-2025T21:59:37 - [TEST_STEP][PASSED] - sendKeys(findTestObject("FIM/Sites Page/Site Filtering/Site_txt"), Keys.chord(BACK_SPACE), STOP_ON_FAILURE): Keys 'BACK_SPACE + ' sent to object: 'Object Repository/FIM/Sites Page/Site Filtering/Site_txt'

21-10-2025T21:59:37 - [MESSAGE][PASSED] - Keys 'BACK_SPACE + ' sent to object: 'Object Repository/FIM/Sites Page/Site Filtering/Site_txt'

21-10-2025T21:59:37 - [TEST_STEP][PASSED] - (i++): null

21-10-2025T21:59:37 - [TEST_STEP][PASSED] - sendKeys(findTestObject("FIM/Sites Page/Site Filtering/Site_txt"), Keys.chord(BACK_SPACE), STOP_ON_FAILURE): Keys 'BACK_SPACE + ' sent to object: 'Object Repository/FIM/Sites Page/Site Filtering/Site_txt'

21-10-2025T21:59:37 - [MESSAGE][PASSED] - Keys 'BACK_SPACE + ' sent to object: 'Object Repository/FIM/Sites Page/Site Filtering/Site_txt'

21-10-2025T21:59:37 - [TEST_STEP][PASSED] - (i++): null

21-10-2025T21:59:37 - [TEST_STEP][PASSED] - sendKeys(findTestObject("FIM/Sites Page/Site Filtering/Site_txt"), Keys.chord(BACK_SPACE), STOP_ON_FAILURE): Keys 'BACK_SPACE + ' sent to object: 'Object Repository/FIM/Sites Page/Site Filtering/Site_txt'

21-10-2025T21:59:37 - [MESSAGE][PASSED] - Keys 'BACK_SPACE + ' sent to object: 'Object Repository/FIM/Sites Page/Site Filtering/Site_txt'

21-10-2025T21:59:37 - [TEST_STEP][PASSED] - (i++): null

21-10-2025T21:59:37 - [TEST_STEP][PASSED] - sendKeys(findTestObject("FIM/Sites Page/Site Filtering/Site_txt"), Keys.chord(BACK_SPACE), STOP_ON_FAILURE): Keys 'BACK_SPACE + ' sent to object: 'Object Repository/FIM/Sites Page/Site Filtering/Site_txt'

21-10-2025T21:59:37 - [MESSAGE][PASSED] - Keys 'BACK_SPACE + ' sent to object: 'Object Repository/FIM/Sites Page/Site Filtering/Site_txt'

21-10-2025T21:59:37 - [TEST_STEP][PASSED] - (i++): null

21-10-2025T21:59:37 - [TEST_STEP][PASSED] - sendKeys(findTestObject("FIM/Sites Page/Site Filtering/Site_txt"), Keys.chord(BACK_SPACE), STOP_ON_FAILURE): Keys 'BACK_SPACE + ' sent to object: 'Object Repository/FIM/Sites Page/Site Filtering/Site_txt'

21-10-2025T21:59:37 - [MESSAGE][PASSED] - Keys 'BACK_SPACE + ' sent to object: 'Object Repository/FIM/Sites Page/Site Filtering/Site_txt'

21-10-2025T21:59:37 - [TEST_STEP][PASSED] - (i++): null

21-10-2025T21:59:37 - [TEST_STEP][PASSED] - sendKeys(findTestObject("FIM/Sites Page/Site Filtering/Site_txt"), Keys.chord(BACK_SPACE), STOP_ON_FAILURE): Keys 'BACK_SPACE + ' sent to object: 'Object Repository/FIM/Sites Page/Site Filtering/Site_txt'

21-10-2025T21:59:37 - [MESSAGE][PASSED] - Keys 'BACK_SPACE + ' sent to object: 'Object Repository/FIM/Sites Page/Site Filtering/Site_txt'

21-10-2025T21:59:37 - [TEST_STEP][PASSED] - (i++): null

21-10-2025T21:59:37 - [TEST_STEP][PASSED] - sendKeys(findTestObject("FIM/Sites Page/Site Filtering/Site_txt"), Keys.chord(BACK_SPACE), STOP_ON_FAILURE): Keys 'BACK_SPACE + ' sent to object: 'Object Repository/FIM/Sites Page/Site Filtering/Site_txt'

21-10-2025T21:59:37 - [MESSAGE][PASSED] - Keys 'BACK_SPACE + ' sent to object: 'Object Repository/FIM/Sites Page/Site Filtering/Site_txt'

21-10-2025T21:59:37 - [TEST_STEP][PASSED] - (i++): null

21-10-2025T21:59:37 - [TEST_STEP][PASSED] - sendKeys(findTestObject("FIM/Sites Page/Site Filtering/Site_txt"), Keys.chord(BACK_SPACE), STOP_ON_FAILURE): Keys 'BACK_SPACE + ' sent to object: 'Object Repository/FIM/Sites Page/Site Filtering/Site_txt'

21-10-2025T21:59:37 - [MESSAGE][PASSED] - Keys 'BACK_SPACE + ' sent to object: 'Object Repository/FIM/Sites Page/Site Filtering/Site_txt'

21-10-2025T21:59:37 - [TEST_STEP][PASSED] - (i++): null

21-10-2025T21:59:37 - [TEST_STEP][PASSED] - sendKeys(findTestObject("FIM/Sites Page/Site Filtering/Site_txt"), Keys.chord(BACK_SPACE), STOP_ON_FAILURE): Keys 'BACK_SPACE + ' sent to object: 'Object Repository/FIM/Sites Page/Site Filtering/Site_txt'

21-10-2025T21:59:37 - [MESSAGE][PASSED] - Keys 'BACK_SPACE + ' sent to object: 'Object Repository/FIM/Sites Page/Site Filtering/Site_txt'

21-10-2025T21:59:37 - [TEST_STEP][PASSED] - (i++): null

21-10-2025T21:59:37 - [TEST_STEP][PASSED] - sendKeys(findTestObject("FIM/Sites Page/Site Filtering/Site_txt"), Keys.chord(BACK_SPACE), STOP_ON_FAILURE): Keys 'BACK_SPACE + ' sent to object: 'Object Repository/FIM/Sites Page/Site Filtering/Site_txt'

21-10-2025T21:59:37 - [MESSAGE][PASSED] - Keys 'BACK_SPACE + ' sent to object: 'Object Repository/FIM/Sites Page/Site Filtering/Site_txt'

21-10-2025T21:59:37 - [TEST_STEP][PASSED] - (i++): null

21-10-2025T21:59:37 - [TEST_STEP][PASSED] - sendKeys(findTestObject("FIM/Sites Page/Site Filtering/Site_txt"), Keys.chord(BACK_SPACE), STOP_ON_FAILURE): Keys 'BACK_SPACE + ' sent to object: 'Object Repository/FIM/Sites Page/Site Filtering/Site_txt'

21-10-2025T21:59:37 - [MESSAGE][PASSED] - Keys 'BACK_SPACE + ' sent to object: 'Object Repository/FIM/Sites Page/Site Filtering/Site_txt'

21-10-2025T21:59:37 - [TEST_STEP][PASSED] - (i++): null

21-10-2025T21:59:37 - [TEST_STEP][PASSED] - sendKeys(findTestObject("FIM/Sites Page/Site Filtering/Site_txt"), Keys.chord(BACK_SPACE), STOP_ON_FAILURE): Keys 'BACK_SPACE + ' sent to object: 'Object Repository/FIM/Sites Page/Site Filtering/Site_txt'

21-10-2025T21:59:38 - [MESSAGE][PASSED] - Keys 'BACK_SPACE + ' sent to object: 'Object Repository/FIM/Sites Page/Site Filtering/Site_txt'

21-10-2025T21:59:38 - [TEST_STEP][PASSED] - (i++): null

21-10-2025T21:59:38 - [TEST_STEP][PASSED] - sendKeys(findTestObject("FIM/Sites Page/Site Filtering/Site_txt"), Keys.chord(BACK_SPACE), STOP_ON_FAILURE): Keys 'BACK_SPACE + ' sent to object: 'Object Repository/FIM/Sites Page/Site Filtering/Site_txt'

21-10-2025T21:59:38 - [MESSAGE][PASSED] - Keys 'BACK_SPACE + ' sent to object: 'Object Repository/FIM/Sites Page/Site Filtering/Site_txt'

21-10-2025T21:59:38 - [TEST_STEP][PASSED] - (i++): null

21-10-2025T21:59:38 - [TEST_STEP][PASSED] - sendKeys(findTestObject("FIM/Sites Page/Site Filtering/Site_txt"), Keys.chord(BACK_SPACE), STOP_ON_FAILURE): Keys 'BACK_SPACE + ' sent to object: 'Object Repository/FIM/Sites Page/Site Filtering/Site_txt'

21-10-2025T21:59:38 - [MESSAGE][PASSED] - Keys 'BACK_SPACE + ' sent to object: 'Object Repository/FIM/Sites Page/Site Filtering/Site_txt'

21-10-2025T21:59:38 - [TEST_STEP][PASSED] - (i++): null

21-10-2025T21:59:38 - [TEST_STEP][PASSED] - sendKeys(findTestObject("FIM/Sites Page/Site Filtering/Site_txt"), Keys.chord(BACK_SPACE), STOP_ON_FAILURE): Keys 'BACK_SPACE + ' sent to object: 'Object Repository/FIM/Sites Page/Site Filtering/Site_txt'

21-10-2025T21:59:38 - [MESSAGE][PASSED] - Keys 'BACK_SPACE + ' sent to object: 'Object Repository/FIM/Sites Page/Site Filtering/Site_txt'

21-10-2025T21:59:38 - [TEST_STEP][PASSED] - (i++): null

21-10-2025T21:59:38 - [TEST_STEP][PASSED] - sendKeys(findTestObject("FIM/Sites Page/Site Filtering/Site_txt"), Keys.chord(BACK_SPACE), STOP_ON_FAILURE): Keys 'BACK_SPACE + ' sent to object: 'Object Repository/FIM/Sites Page/Site Filtering/Site_txt'

21-10-2025T21:59:38 - [MESSAGE][PASSED] - Keys 'BACK_SPACE + ' sent to object: 'Object Repository/FIM/Sites Page/Site Filtering/Site_txt'

21-10-2025T21:59:38 - [TEST_STEP][PASSED] - (i++): null

21-10-2025T21:59:38 - [TEST_STEP][PASSED] - sendKeys(findTestObject("FIM/Sites Page/Site Filtering/Site_txt"), Keys.chord(BACK_SPACE), STOP_ON_FAILURE): Keys 'BACK_SPACE + ' sent to object: 'Object Repository/FIM/Sites Page/Site Filtering/Site_txt'

21-10-2025T21:59:38 - [MESSAGE][PASSED] - Keys 'BACK_SPACE + ' sent to object: 'Object Repository/FIM/Sites Page/Site Filtering/Site_txt'

21-10-2025T21:59:38 - [TEST_STEP][PASSED] - (i++): null

21-10-2025T21:59:38 - [TEST_STEP][PASSED] - sendKeys(findTestObject("FIM/Sites Page/Site Filtering/Site_txt"), Keys.chord(BACK_SPACE), STOP_ON_FAILURE): Keys 'BACK_SPACE + ' sent to object: 'Object Repository/FIM/Sites Page/Site Filtering/Site_txt'

21-10-2025T21:59:38 - [MESSAGE][PASSED] - Keys 'BACK_SPACE + ' sent to object: 'Object Repository/FIM/Sites Page/Site Filtering/Site_txt'

21-10-2025T21:59:38 - [TEST_STEP][PASSED] - (i++): null

21-10-2025T21:59:38 - [TEST_STEP][PASSED] - sendKeys(findTestObject("FIM/Sites Page/Site Filtering/Site_txt"), Keys.chord(BACK_SPACE), STOP_ON_FAILURE): Keys 'BACK_SPACE + ' sent to object: 'Object Repository/FIM/Sites Page/Site Filtering/Site_txt'

21-10-2025T21:59:38 - [MESSAGE][PASSED] - Keys 'BACK_SPACE + ' sent to object: 'Object Repository/FIM/Sites Page/Site Filtering/Site_txt'

21-10-2025T21:59:38 - [TEST_STEP][PASSED] - (i++): null

21-10-2025T21:59:38 - [TEST_STEP][PASSED] - sendKeys(findTestObject("FIM/Sites Page/Site Filtering/Site_txt"), Keys.chord(BACK_SPACE), STOP_ON_FAILURE): Keys 'BACK_SPACE + ' sent to object: 'Object Repository/FIM/Sites Page/Site Filtering/Site_txt'

21-10-2025T21:59:38 - [MESSAGE][PASSED] - Keys 'BACK_SPACE + ' sent to object: 'Object Repository/FIM/Sites Page/Site Filtering/Site_txt'

21-10-2025T21:59:38 - [TEST_STEP][PASSED] - (i++): null

21-10-2025T21:59:38 - [TEST_STEP][PASSED] - sendKeys(findTestObject("FIM/Sites Page/Site Filtering/Site_txt"), Keys.chord(BACK_SPACE), STOP_ON_FAILURE): Keys 'BACK_SPACE + ' sent to object: 'Object Repository/FIM/Sites Page/Site Filtering/Site_txt'

21-10-2025T21:59:38 - [MESSAGE][PASSED] - Keys 'BACK_SPACE + ' sent to object: 'Object Repository/FIM/Sites Page/Site Filtering/Site_txt'

21-10-2025T21:59:38 - [TEST_STEP][PASSED] - (i++): null

21-10-2025T21:59:38 - [TEST_STEP][PASSED] - sendKeys(findTestObject("FIM/Sites Page/Site Filtering/Site_txt"), Keys.chord(BACK_SPACE), STOP_ON_FAILURE): Keys 'BACK_SPACE + ' sent to object: 'Object Repository/FIM/Sites Page/Site Filtering/Site_txt'

21-10-2025T21:59:38 - [MESSAGE][PASSED] - Keys 'BACK_SPACE + ' sent to object: 'Object Repository/FIM/Sites Page/Site Filtering/Site_txt'

21-10-2025T21:59:38 - [TEST_STEP][PASSED] - (i++): null

21-10-2025T21:59:38 - [TEST_STEP][PASSED] - sendKeys(findTestObject("FIM/Sites Page/Site Filtering/Site_txt"), Keys.chord(BACK_SPACE), STOP_ON_FAILURE): Keys 'BACK_SPACE + ' sent to object: 'Object Repository/FIM/Sites Page/Site Filtering/Site_txt'

21-10-2025T21:59:38 - [MESSAGE][PASSED] - Keys 'BACK_SPACE + ' sent to object: 'Object Repository/FIM/Sites Page/Site Filtering/Site_txt'

21-10-2025T21:59:38 - [TEST_STEP][PASSED] - (i++): null

21-10-2025T21:59:38 - [TEST_STEP][PASSED] - sendKeys(findTestObject("FIM/Sites Page/Site Filtering/Site_txt"), Keys.chord(BACK_SPACE), STOP_ON_FAILURE): Keys 'BACK_SPACE + ' sent to object: 'Object Repository/FIM/Sites Page/Site Filtering/Site_txt'

21-10-2025T21:59:38 - [MESSAGE][PASSED] - Keys 'BACK_SPACE + ' sent to object: 'Object Repository/FIM/Sites Page/Site Filtering/Site_txt'

21-10-2025T21:59:38 - [TEST_STEP][PASSED] - (i++): null

21-10-2025T21:59:38 - [TEST_STEP][PASSED] - sendKeys(findTestObject("FIM/Sites Page/Site Filtering/Site_txt"), Keys.chord(BACK_SPACE), STOP_ON_FAILURE): Keys 'BACK_SPACE + ' sent to object: 'Object Repository/FIM/Sites Page/Site Filtering/Site_txt'

21-10-2025T21:59:38 - [MESSAGE][PASSED] - Keys 'BACK_SPACE + ' sent to object: 'Object Repository/FIM/Sites Page/Site Filtering/Site_txt'

21-10-2025T21:59:38 - [TEST_STEP][PASSED] - (i++): null

21-10-2025T21:59:38 - [TEST_STEP][PASSED] - sendKeys(findTestObject("FIM/Sites Page/Site Filtering/Site_txt"), Keys.chord(BACK_SPACE), STOP_ON_FAILURE): Keys 'BACK_SPACE + ' sent to object: 'Object Repository/FIM/Sites Page/Site Filtering/Site_txt'

21-10-2025T21:59:38 - [MESSAGE][PASSED] - Keys 'BACK_SPACE + ' sent to object: 'Object Repository/FIM/Sites Page/Site Filtering/Site_txt'

21-10-2025T21:59:38 - [TEST_STEP][PASSED] - (i++): null

21-10-2025T21:59:38 - [TEST_STEP][PASSED] - sendKeys(findTestObject("FIM/Sites Page/Site Filtering/Site_txt"), Keys.chord(BACK_SPACE), STOP_ON_FAILURE): Keys 'BACK_SPACE + ' sent to object: 'Object Repository/FIM/Sites Page/Site Filtering/Site_txt'

21-10-2025T21:59:39 - [MESSAGE][PASSED] - Keys 'BACK_SPACE + ' sent to object: 'Object Repository/FIM/Sites Page/Site Filtering/Site_txt'

21-10-2025T21:59:39 - [TEST_STEP][PASSED] - (i++): null

21-10-2025T21:59:39 - [TEST_STEP][PASSED] - sendKeys(findTestObject("FIM/Sites Page/Site Filtering/Site_txt"), Keys.chord(BACK_SPACE), STOP_ON_FAILURE): Keys 'BACK_SPACE + ' sent to object: 'Object Repository/FIM/Sites Page/Site Filtering/Site_txt'

21-10-2025T21:59:39 - [MESSAGE][PASSED] - Keys 'BACK_SPACE + ' sent to object: 'Object Repository/FIM/Sites Page/Site Filtering/Site_txt'

21-10-2025T21:59:39 - [TEST_STEP][PASSED] - (i++): null

21-10-2025T21:59:39 - [TEST_STEP][PASSED] - sendKeys(findTestObject("FIM/Sites Page/Site Filtering/Site_txt"), Keys.chord(BACK_SPACE), STOP_ON_FAILURE): Keys 'BACK_SPACE + ' sent to object: 'Object Repository/FIM/Sites Page/Site Filtering/Site_txt'

21-10-2025T21:59:39 - [MESSAGE][PASSED] - Keys 'BACK_SPACE + ' sent to object: 'Object Repository/FIM/Sites Page/Site Filtering/Site_txt'

21-10-2025T21:59:39 - [TEST_STEP][PASSED] - (i++): null

21-10-2025T21:59:39 - [TEST_STEP][PASSED] - sendKeys(findTestObject("FIM/Sites Page/Site Filtering/Site_txt"), Keys.chord(BACK_SPACE), STOP_ON_FAILURE): Keys 'BACK_SPACE + ' sent to object: 'Object Repository/FIM/Sites Page/Site Filtering/Site_txt'

21-10-2025T21:59:39 - [MESSAGE][PASSED] - Keys 'BACK_SPACE + ' sent to object: 'Object Repository/FIM/Sites Page/Site Filtering/Site_txt'

21-10-2025T21:59:39 - [TEST_STEP][PASSED] - (i++): null

21-10-2025T21:59:39 - [TEST_STEP][PASSED] - sendKeys(findTestObject("FIM/Sites Page/Site Filtering/Site_txt"), Keys.chord(BACK_SPACE), STOP_ON_FAILURE): Keys 'BACK_SPACE + ' sent to object: 'Object Repository/FIM/Sites Page/Site Filtering/Site_txt'

21-10-2025T21:59:39 - [MESSAGE][PASSED] - Keys 'BACK_SPACE + ' sent to object: 'Object Repository/FIM/Sites Page/Site Filtering/Site_txt'

21-10-2025T21:59:39 - [TEST_STEP][PASSED] - (i++): null

21-10-2025T21:59:39 - [TEST_STEP][PASSED] - sendKeys(findTestObject("FIM/Sites Page/Site Filtering/Site_txt"), Keys.chord(BACK_SPACE), STOP_ON_FAILURE): Keys 'BACK_SPACE + ' sent to object: 'Object Repository/FIM/Sites Page/Site Filtering/Site_txt'

21-10-2025T21:59:39 - [MESSAGE][PASSED] - Keys 'BACK_SPACE + ' sent to object: 'Object Repository/FIM/Sites Page/Site Filtering/Site_txt'

21-10-2025T21:59:39 - [TEST_STEP][PASSED] - (i++): null

21-10-2025T21:59:39 - [TEST_STEP][PASSED] - sendKeys(findTestObject("FIM/Sites Page/Site Filtering/Site_txt"), Keys.chord(BACK_SPACE), STOP_ON_FAILURE): Keys 'BACK_SPACE + ' sent to object: 'Object Repository/FIM/Sites Page/Site Filtering/Site_txt'

21-10-2025T21:59:39 - [MESSAGE][PASSED] - Keys 'BACK_SPACE + ' sent to object: 'Object Repository/FIM/Sites Page/Site Filtering/Site_txt'

21-10-2025T21:59:39 - [TEST_STEP][PASSED] - (i++): null

21-10-2025T21:59:39 - [TEST_STEP][PASSED] - sendKeys(findTestObject("FIM/Sites Page/Site Filtering/Site_txt"), Keys.chord(BACK_SPACE), STOP_ON_FAILURE): Keys 'BACK_SPACE + ' sent to object: 'Object Repository/FIM/Sites Page/Site Filtering/Site_txt'

21-10-2025T21:59:39 - [MESSAGE][PASSED] - Keys 'BACK_SPACE + ' sent to object: 'Object Repository/FIM/Sites Page/Site Filtering/Site_txt'

21-10-2025T21:59:39 - [TEST_STEP][PASSED] - (i++): null

21-10-2025T21:59:39 - [TEST_STEP][PASSED] - sendKeys(findTestObject("FIM/Sites Page/Site Filtering/Site_txt"), Keys.chord(BACK_SPACE), STOP_ON_FAILURE): Keys 'BACK_SPACE + ' sent to object: 'Object Repository/FIM/Sites Page/Site Filtering/Site_txt'

21-10-2025T21:59:39 - [MESSAGE][PASSED] - Keys 'BACK_SPACE + ' sent to object: 'Object Repository/FIM/Sites Page/Site Filtering/Site_txt'

21-10-2025T21:59:39 - [TEST_STEP][PASSED] - (i++): null

21-10-2025T21:59:39 - [TEST_STEP][PASSED] - sendKeys(findTestObject("FIM/Sites Page/Site Filtering/Site_txt"), Keys.chord(BACK_SPACE), STOP_ON_FAILURE): Keys 'BACK_SPACE + ' sent to object: 'Object Repository/FIM/Sites Page/Site Filtering/Site_txt'

21-10-2025T21:59:39 - [MESSAGE][PASSED] - Keys 'BACK_SPACE + ' sent to object: 'Object Repository/FIM/Sites Page/Site Filtering/Site_txt'

21-10-2025T21:59:39 - [TEST_STEP][PASSED] - (i++): null

21-10-2025T21:59:39 - [TEST_STEP][PASSED] - sendKeys(findTestObject("FIM/Sites Page/Site Filtering/Site_txt"), Keys.chord(BACK_SPACE), STOP_ON_FAILURE): Keys 'BACK_SPACE + ' sent to object: 'Object Repository/FIM/Sites Page/Site Filtering/Site_txt'

21-10-2025T21:59:39 - [MESSAGE][PASSED] - Keys 'BACK_SPACE + ' sent to object: 'Object Repository/FIM/Sites Page/Site Filtering/Site_txt'

21-10-2025T21:59:39 - [TEST_STEP][PASSED] - (i++): null

21-10-2025T21:59:39 - [TEST_STEP][PASSED] - sendKeys(findTestObject("FIM/Sites Page/Site Filtering/Site_txt"), Keys.chord(BACK_SPACE), STOP_ON_FAILURE): Keys 'BACK_SPACE + ' sent to object: 'Object Repository/FIM/Sites Page/Site Filtering/Site_txt'

21-10-2025T21:59:39 - [MESSAGE][PASSED] - Keys 'BACK_SPACE + ' sent to object: 'Object Repository/FIM/Sites Page/Site Filtering/Site_txt'

21-10-2025T21:59:39 - [TEST_STEP][PASSED] - (i++): null

21-10-2025T21:59:39 - [TEST_STEP][PASSED] - sendKeys(findTestObject("FIM/Sites Page/Site Filtering/Site_txt"), Keys.chord(BACK_SPACE), STOP_ON_FAILURE): Keys 'BACK_SPACE + ' sent to object: 'Object Repository/FIM/Sites Page/Site Filtering/Site_txt'

21-10-2025T21:59:39 - [MESSAGE][PASSED] - Keys 'BACK_SPACE + ' sent to object: 'Object Repository/FIM/Sites Page/Site Filtering/Site_txt'

21-10-2025T21:59:39 - [TEST_STEP][PASSED] - (i++): null

21-10-2025T21:59:39 - [TEST_STEP][PASSED] - sendKeys(findTestObject("FIM/Sites Page/Site Filtering/Site_txt"), Keys.chord(BACK_SPACE), STOP_ON_FAILURE): Keys 'BACK_SPACE + ' sent to object: 'Object Repository/FIM/Sites Page/Site Filtering/Site_txt'

21-10-2025T21:59:39 - [MESSAGE][PASSED] - Keys 'BACK_SPACE + ' sent to object: 'Object Repository/FIM/Sites Page/Site Filtering/Site_txt'

21-10-2025T21:59:39 - [TEST_STEP][PASSED] - (i++): null

21-10-2025T21:59:39 - [TEST_STEP][PASSED] - sendKeys(findTestObject("FIM/Sites Page/Site Filtering/Site_txt"), Keys.chord(BACK_SPACE), STOP_ON_FAILURE): Keys 'BACK_SPACE + ' sent to object: 'Object Repository/FIM/Sites Page/Site Filtering/Site_txt'

21-10-2025T21:59:39 - [MESSAGE][PASSED] - Keys 'BACK_SPACE + ' sent to object: 'Object Repository/FIM/Sites Page/Site Filtering/Site_txt'

21-10-2025T21:59:39 - [TEST_STEP][PASSED] - (i++): null

21-10-2025T21:59:39 - [TEST_STEP][PASSED] - sendKeys(findTestObject("FIM/Sites Page/Site Filtering/Site_txt"), Keys.chord(BACK_SPACE), STOP_ON_FAILURE): Keys 'BACK_SPACE + ' sent to object: 'Object Repository/FIM/Sites Page/Site Filtering/Site_txt'

21-10-2025T21:59:40 - [MESSAGE][PASSED] - Keys 'BACK_SPACE + ' sent to object: 'Object Repository/FIM/Sites Page/Site Filtering/Site_txt'

21-10-2025T21:59:40 - [TEST_STEP][PASSED] - (i++): null

21-10-2025T21:59:40 - [TEST_STEP][PASSED] - sendKeys(findTestObject("FIM/Sites Page/Site Filtering/Site_txt"), Keys.chord(BACK_SPACE), STOP_ON_FAILURE): Keys 'BACK_SPACE + ' sent to object: 'Object Repository/FIM/Sites Page/Site Filtering/Site_txt'

21-10-2025T21:59:40 - [MESSAGE][PASSED] - Keys 'BACK_SPACE + ' sent to object: 'Object Repository/FIM/Sites Page/Site Filtering/Site_txt'

21-10-2025T21:59:40 - [TEST_STEP][PASSED] - (i++): null

21-10-2025T21:59:40 - [TEST_STEP][PASSED] - sendKeys(findTestObject("FIM/Sites Page/Site Filtering/Site_txt"), Keys.chord(BACK_SPACE), STOP_ON_FAILURE): Keys 'BACK_SPACE + ' sent to object: 'Object Repository/FIM/Sites Page/Site Filtering/Site_txt'

21-10-2025T21:59:40 - [MESSAGE][PASSED] - Keys 'BACK_SPACE + ' sent to object: 'Object Repository/FIM/Sites Page/Site Filtering/Site_txt'

21-10-2025T21:59:40 - [TEST_STEP][PASSED] - (i++): null

21-10-2025T21:59:40 - [TEST_STEP][PASSED] - sendKeys(findTestObject("FIM/Sites Page/Site Filtering/Site_txt"), Keys.chord(BACK_SPACE), STOP_ON_FAILURE): Keys 'BACK_SPACE + ' sent to object: 'Object Repository/FIM/Sites Page/Site Filtering/Site_txt'

21-10-2025T21:59:40 - [MESSAGE][PASSED] - Keys 'BACK_SPACE + ' sent to object: 'Object Repository/FIM/Sites Page/Site Filtering/Site_txt'

21-10-2025T21:59:40 - [TEST_STEP][PASSED] - (i++): null

21-10-2025T21:59:40 - [TEST_STEP][PASSED] - sendKeys(findTestObject("FIM/Sites Page/Site Filtering/Site_txt"), Keys.chord(BACK_SPACE), STOP_ON_FAILURE): Keys 'BACK_SPACE + ' sent to object: 'Object Repository/FIM/Sites Page/Site Filtering/Site_txt'

21-10-2025T21:59:40 - [MESSAGE][PASSED] - Keys 'BACK_SPACE + ' sent to object: 'Object Repository/FIM/Sites Page/Site Filtering/Site_txt'

21-10-2025T21:59:40 - [TEST_STEP][PASSED] - (i++): null

21-10-2025T21:59:40 - [TEST_STEP][PASSED] - sendKeys(findTestObject("FIM/Sites Page/Site Filtering/Site_txt"), Keys.chord(BACK_SPACE), STOP_ON_FAILURE): Keys 'BACK_SPACE + ' sent to object: 'Object Repository/FIM/Sites Page/Site Filtering/Site_txt'

21-10-2025T21:59:40 - [MESSAGE][PASSED] - Keys 'BACK_SPACE + ' sent to object: 'Object Repository/FIM/Sites Page/Site Filtering/Site_txt'

21-10-2025T21:59:40 - [TEST_STEP][PASSED] - (i++): null

21-10-2025T21:59:40 - [TEST_STEP][PASSED] - sendKeys(findTestObject("FIM/Sites Page/Site Filtering/Site_txt"), Keys.chord(BACK_SPACE), STOP_ON_FAILURE): Keys 'BACK_SPACE + ' sent to object: 'Object Repository/FIM/Sites Page/Site Filtering/Site_txt'

21-10-2025T21:59:41 - [MESSAGE][PASSED] - Keys 'BACK_SPACE + ' sent to object: 'Object Repository/FIM/Sites Page/Site Filtering/Site_txt'

21-10-2025T21:59:41 - [TEST_STEP][PASSED] - (i++): null

21-10-2025T21:59:41 - [TEST_STEP][PASSED] - sendKeys(findTestObject("FIM/Sites Page/Site Filtering/Site_txt"), Keys.chord(BACK_SPACE), STOP_ON_FAILURE): Keys 'BACK_SPACE + ' sent to object: 'Object Repository/FIM/Sites Page/Site Filtering/Site_txt'

21-10-2025T21:59:41 - [MESSAGE][PASSED] - Keys 'BACK_SPACE + ' sent to object: 'Object Repository/FIM/Sites Page/Site Filtering/Site_txt'

21-10-2025T21:59:41 - [TEST_STEP][PASSED] - (i++): null

21-10-2025T21:59:41 - [TEST_STEP][PASSED] - sendKeys(findTestObject("FIM/Sites Page/Site Filtering/Site_txt"), Keys.chord(BACK_SPACE), STOP_ON_FAILURE): Keys 'BACK_SPACE + ' sent to object: 'Object Repository/FIM/Sites Page/Site Filtering/Site_txt'

21-10-2025T21:59:41 - [MESSAGE][PASSED] - Keys 'BACK_SPACE + ' sent to object: 'Object Repository/FIM/Sites Page/Site Filtering/Site_txt'

21-10-2025T21:59:41 - [TEST_STEP][PASSED] - (i++): null

21-10-2025T21:59:41 - [TEST_STEP][PASSED] - sendKeys(findTestObject("FIM/Sites Page/Site Filtering/Site_txt"), Keys.chord(BACK_SPACE), STOP_ON_FAILURE): Keys 'BACK_SPACE + ' sent to object: 'Object Repository/FIM/Sites Page/Site Filtering/Site_txt'

21-10-2025T21:59:41 - [MESSAGE][PASSED] - Keys 'BACK_SPACE + ' sent to object: 'Object Repository/FIM/Sites Page/Site Filtering/Site_txt'

21-10-2025T21:59:41 - [TEST_STEP][PASSED] - (i++): null

21-10-2025T21:59:41 - [TEST_STEP][PASSED] - sendKeys(findTestObject("FIM/Sites Page/Site Filtering/Site_txt"), Keys.chord(BACK_SPACE), STOP_ON_FAILURE): Keys 'BACK_SPACE + ' sent to object: 'Object Repository/FIM/Sites Page/Site Filtering/Site_txt'

21-10-2025T21:59:41 - [MESSAGE][PASSED] - Keys 'BACK_SPACE + ' sent to object: 'Object Repository/FIM/Sites Page/Site Filtering/Site_txt'

21-10-2025T21:59:41 - [TEST_STEP][PASSED] - (i++): null

21-10-2025T21:59:41 - [TEST_STEP][PASSED] - sendKeys(findTestObject("FIM/Sites Page/Site Filtering/Site_txt"), Keys.chord(BACK_SPACE), STOP_ON_FAILURE): Keys 'BACK_SPACE + ' sent to object: 'Object Repository/FIM/Sites Page/Site Filtering/Site_txt'

21-10-2025T21:59:41 - [MESSAGE][PASSED] - Keys 'BACK_SPACE + ' sent to object: 'Object Repository/FIM/Sites Page/Site Filtering/Site_txt'

21-10-2025T21:59:41 - [TEST_STEP][PASSED] - (i++): null

21-10-2025T21:59:41 - [TEST_STEP][PASSED] - sendKeys(findTestObject("FIM/Sites Page/Site Filtering/Site_txt"), Keys.chord(BACK_SPACE), STOP_ON_FAILURE): Keys 'BACK_SPACE + ' sent to object: 'Object Repository/FIM/Sites Page/Site Filtering/Site_txt'

21-10-2025T21:59:41 - [MESSAGE][PASSED] - Keys 'BACK_SPACE + ' sent to object: 'Object Repository/FIM/Sites Page/Site Filtering/Site_txt'

21-10-2025T21:59:41 - [TEST_STEP][PASSED] - (i++): null

21-10-2025T21:59:41 - [TEST_STEP][PASSED] - sendKeys(findTestObject("FIM/Sites Page/Site Filtering/Site_txt"), Keys.chord(BACK_SPACE), STOP_ON_FAILURE): Keys 'BACK_SPACE + ' sent to object: 'Object Repository/FIM/Sites Page/Site Filtering/Site_txt'

21-10-2025T21:59:41 - [MESSAGE][PASSED] - Keys 'BACK_SPACE + ' sent to object: 'Object Repository/FIM/Sites Page/Site Filtering/Site_txt'

21-10-2025T21:59:41 - [TEST_STEP][PASSED] - (i++): null

21-10-2025T21:59:41 - [TEST_STEP][PASSED] - sendKeys(findTestObject("FIM/Sites Page/Site Filtering/Site_txt"), "AFM39", STOP_ON_FAILURE): Keys 'AFM39' sent to object: 'Object Repository/FIM/Sites Page/Site Filtering/Site_txt'

21-10-2025T21:59:42 - [MESSAGE][PASSED] - Keys 'AFM39' sent to object: 'Object Repository/FIM/Sites Page/Site Filtering/Site_txt'

21-10-2025T21:59:42 - [TEST_STEP][PASSED] - sendKeys(findTestObject("FIM/Sites Page/Site Filtering/Site_txt"), Keys.chord(ENTER), STOP_ON_FAILURE): Keys 'ENTER + ' sent to object: 'Object Repository/FIM/Sites Page/Site Filtering/Site_txt'

21-10-2025T21:59:42 - [MESSAGE][PASSED] - Keys 'ENTER + ' sent to object: 'Object Repository/FIM/Sites Page/Site Filtering/Site_txt'

21-10-2025T21:59:42 - [TEST_STEP][PASSED] - waitForElementClickable(findTestObject("FIM/Sites Page/Orders/Create Order/CreateOrder_btn"), 300): Object 'Object Repository/FIM/Sites Page/Orders/Create Order/CreateOrder_btn' is clickable

21-10-2025T21:59:43 - [MESSAGE][PASSED] - Object 'Object Repository/FIM/Sites Page/Orders/Create Order/CreateOrder_btn' is clickable

21-10-2025T21:59:43 - [TEST_STEP][PASSED] - click(findTestObject("FIM/Sites Page/Orders/Create Order/CreateOrder_btn"), OPTIONAL): Object: 'Object Repository/FIM/Sites Page/Orders/Create Order/CreateOrder_btn' is clicked on

21-10-2025T21:59:43 - [MESSAGE][PASSED] - Object: 'Object Repository/FIM/Sites Page/Orders/Create Order/CreateOrder_btn' is clicked on

21-10-2025T21:59:43 - [TEST_STEP][PASSED] - delay(1): Delayed 1 second(s)

21-10-2025T21:59:44 - [MESSAGE][PASSED] - Delayed 1 second(s)

21-10-2025T21:59:44 - [TEST_STEP][PASSED] - verifyElementPresent(findTestObject("FIM/Sites Page/Orders/Create Order/Split_Load_Order_toggle"), 10): Object 'Object Repository/FIM/Sites Page/Orders/Create Order/Split_Load_Order_toggle' is present

21-10-2025T21:59:44 - [MESSAGE][PASSED] - Object 'Object Repository/FIM/Sites Page/Orders/Create Order/Split_Load_Order_toggle' is present

21-10-2025T21:59:44 - [TEST_STEP][FAILED] - click(findTestObject("FIM/Sites Page/Orders/Create Order/Split_Load_Order_toggle"), STOP_ON_FAILURE): Unable to click on object 'Object Repository/FIM/Sites Page/Orders/Create Order/Split_Load_Order_toggle' (Root cause: com.kms.katalon.core.exception.StepFailedException: Unable to click on object 'Object Repository/FIM/Sites Page/Orders/Create Order/Split_Load_Order_toggle'
	at com.kms.katalon.core.webui.keyword.internal.WebUIKeywordMain.stepFailed(WebUIKeywordMain.groovy:117)
	at com.kms.katalon.core.webui.keyword.internal.WebUIKeywordMain.runKeyword(WebUIKeywordMain.groovy:43)
	at com.kms.katalon.core.webui.keyword.builtin.ClickKeyword.click(ClickKeyword.groovy:74)
	at com.kms.katalon.core.webui.keyword.builtin.ClickKeyword.execute(ClickKeyword.groovy:40)
	at com.kms.katalon.core.keyword.internal.KeywordExecutor.executeKeywordForPlatform(KeywordExecutor.groovy:74)
	at com.kms.katalon.core.webui.keyword.WebUiBuiltInKeywords.click(WebUiBuiltInKeywords.groovy:647)
	at com.kms.katalon.core.webui.keyword.WebUiBuiltInKeywords$click$10.call(Unknown Source)
	at Cancelling Creating a Split Load Order.run(Cancelling Creating a Split Load Order:58)
	at com.kms.katalon.core.main.ScriptEngine.run(ScriptEngine.java:194)
	at com.kms.katalon.core.main.ScriptEngine.runScriptAsRawText(ScriptEngine.java:119)
	at com.kms.katalon.core.main.TestCaseExecutor.runScript(TestCaseExecutor.java:448)
	at com.kms.katalon.core.main.TestCaseExecutor.doExecute(TestCaseExecutor.java:439)
	at com.kms.katalon.core.main.TestCaseExecutor.processExecutionPhase(TestCaseExecutor.java:418)
	at com.kms.katalon.core.main.TestCaseExecutor.accessMainPhase(TestCaseExecutor.java:410)
	at com.kms.katalon.core.main.TestCaseExecutor.execute(TestCaseExecutor.java:285)
	at com.kms.katalon.core.common.CommonExecutor.accessTestCaseMainPhase(CommonExecutor.java:65)
	at com.kms.katalon.core.main.TestSuiteExecutor.accessTestSuiteMainPhase(TestSuiteExecutor.java:150)
	at com.kms.katalon.core.main.TestSuiteExecutor.execute(TestSuiteExecutor.java:106)
	at com.kms.katalon.core.main.TestCaseMain.startTestSuite(TestCaseMain.java:180)
	at com.kms.katalon.core.main.TestCaseMain$startTestSuite$0.call(Unknown Source)
	at TempTestSuite1761090815312.run(TempTestSuite1761090815312.groovy:35)
	at java.base/jdk.internal.reflect.NativeMethodAccessorImpl.invoke0(Native Method)
	at java.base/jdk.internal.reflect.NativeMethodAccessorImpl.invoke(NativeMethodAccessorImpl.java:77)
	at java.base/jdk.internal.reflect.DelegatingMethodAccessorImpl.invoke(DelegatingMethodAccessorImpl.java:43)
Caused by: org.openqa.selenium.ElementNotInteractableException: element not interactable
  (Session info: chrome=141.0.7390.122)
Build info: version: '3.141.59', revision: 'unknown', time: 'unknown'
System info: host: 'DC1ADOBLD01', ip: '10.2.20.71', os.name: 'Windows Server 2019', os.arch: 'amd64', os.version: '10.0', java.version: '17.0.7'
Driver info: com.kms.katalon.selenium.driver.CChromeDriver
Capabilities {acceptInsecureCerts: false, browserName: chrome, browserVersion: 141.0.7390.122, chrome: {chromedriverVersion: 141.0.7390.122 (b477534e7e1..., userDataDir: C:\Windows\SystemTemp\scope...}, fedcm:accounts: true, goog:chromeOptions: {debuggerAddress: localhost:57943}, javascriptEnabled: true, networkConnectionEnabled: false, pageLoadStrategy: normal, platform: WINDOWS, platformName: WINDOWS, proxy: Proxy(), setWindowRect: true, strictFileInteractability: false, timeouts: {implicit: 0, pageLoad: 300000, script: 30000}, unhandledPromptBehavior: dismiss and notify, webauthn:extension:credBlob: true, webauthn:extension:largeBlob: true, webauthn:extension:minPinLength: true, webauthn:extension:prf: true, webauthn:virtualAuthenticators: true}
Session ID: 545830511a211e6f61f344653183da79
	at java.base/jdk.internal.reflect.NativeConstructorAccessorImpl.newInstance0(Native Method)
	at java.base/jdk.internal.reflect.NativeConstructorAccessorImpl.newInstance(NativeConstructorAccessorImpl.java:77)
	at java.base/jdk.internal.reflect.DelegatingConstructorAccessorImpl.newInstance(DelegatingConstructorAccessorImpl.java:45)
	at org.openqa.selenium.remote.http.W3CHttpResponseCodec.createException(W3CHttpResponseCodec.java:187)
	at org.openqa.selenium.remote.http.W3CHttpResponseCodec.decode(W3CHttpResponseCodec.java:122)
	at org.openqa.selenium.remote.http.W3CHttpResponseCodec.decode(W3CHttpResponseCodec.java:49)
	at org.openqa.selenium.remote.HttpCommandExecutor.execute(HttpCommandExecutor.java:158)
	at org.openqa.selenium.remote.service.DriverCommandExecutor.execute(DriverCommandExecutor.java:83)
	at org.openqa.selenium.remote.RemoteWebDriver.execute(RemoteWebDriver.java:552)
	at com.kms.katalon.selenium.driver.CChromeDriver.execute(CChromeDriver.java:19)
	at org.openqa.selenium.remote.RemoteWebElement.execute(RemoteWebElement.java:285)
	at org.openqa.selenium.remote.RemoteWebElement.click(RemoteWebElement.java:84)
	at jdk.internal.reflect.GeneratedMethodAccessor20.invoke(Unknown Source)
	at java.base/jdk.internal.reflect.DelegatingMethodAccessorImpl.invoke(DelegatingMethodAccessorImpl.java:43)
	at org.openqa.selenium.support.events.EventFiringWebDriver$EventFiringWebElement.lambda$new$0(EventFiringWebDriver.java:404)
	at jdk.proxy2/jdk.proxy2.$Proxy27.click(Unknown Source)
	at org.openqa.selenium.support.events.EventFiringWebDriver$EventFiringWebElement.click(EventFiringWebDriver.java:417)
	at org.openqa.selenium.WebElement$click.call(Unknown Source)
	at com.kms.katalon.core.webui.keyword.builtin.ClickKeyword.clickUntilSuccessWithTimeout(ClickKeyword.groovy:81)
	at com.kms.katalon.core.webui.keyword.builtin.ClickKeyword.clickUntilSuccessWithTimeout(ClickKeyword.groovy)
	at jdk.internal.reflect.GeneratedMethodAccessor18.invoke(Unknown Source)
	at java.base/jdk.internal.reflect.DelegatingMethodAccessorImpl.invoke(DelegatingMethodAccessorImpl.java:43)
	at com.kms.katalon.core.webui.keyword.builtin.ClickKeyword$_click_closure1.doCall(ClickKeyword.groovy:67)
	at com.kms.katalon.core.webui.keyword.builtin.ClickKeyword$_click_closure1.call(ClickKeyword.groovy)
	at com.kms.katalon.core.webui.keyword.internal.WebUIKeywordMain.runKeyword(WebUIKeywordMain.groovy:35)
	at com.kms.katalon.core.webui.keyword.builtin.ClickKeyword.click(ClickKeyword.groovy:74)
	at com.kms.katalon.core.webui.keyword.builtin.ClickKeyword.execute(ClickKeyword.groovy:40)
	at com.kms.katalon.core.keyword.internal.KeywordExecutor.executeKeywordForPlatform(KeywordExecutor.groovy:74)
	at com.kms.katalon.core.webui.keyword.WebUiBuiltInKeywords.click(WebUiBuiltInKeywords.groovy:647)
	at com.kms.katalon.core.webui.keyword.WebUiBuiltInKeywords$click$10.call(Unknown Source)
	at Script1755185330434.run(Script1755185330434.groovy:58)
	... 16 more
)

21-10-2025T21:59:44 - [MESSAGE][FAILED] - Unable to click on object 'Object Repository/FIM/Sites Page/Orders/Create Order/Split_Load_Order_toggle' (Root cause: com.kms.katalon.core.exception.StepFailedException: Unable to click on object 'Object Repository/FIM/Sites Page/Orders/Create Order/Split_Load_Order_toggle'
	at com.kms.katalon.core.webui.keyword.internal.WebUIKeywordMain.stepFailed(WebUIKeywordMain.groovy:117)
	at com.kms.katalon.core.webui.keyword.internal.WebUIKeywordMain.runKeyword(WebUIKeywordMain.groovy:43)
	at com.kms.katalon.core.webui.keyword.builtin.ClickKeyword.click(ClickKeyword.groovy:74)
	at com.kms.katalon.core.webui.keyword.builtin.ClickKeyword.execute(ClickKeyword.groovy:40)
	at com.kms.katalon.core.keyword.internal.KeywordExecutor.executeKeywordForPlatform(KeywordExecutor.groovy:74)
	at com.kms.katalon.core.webui.keyword.WebUiBuiltInKeywords.click(WebUiBuiltInKeywords.groovy:647)
	at com.kms.katalon.core.webui.keyword.WebUiBuiltInKeywords$click$10.call(Unknown Source)
	at Cancelling Creating a Split Load Order.run(Cancelling Creating a Split Load Order:58)
	at com.kms.katalon.core.main.ScriptEngine.run(ScriptEngine.java:194)
	at com.kms.katalon.core.main.ScriptEngine.runScriptAsRawText(ScriptEngine.java:119)
	at com.kms.katalon.core.main.TestCaseExecutor.runScript(TestCaseExecutor.java:448)
	at com.kms.katalon.core.main.TestCaseExecutor.doExecute(TestCaseExecutor.java:439)
	at com.kms.katalon.core.main.TestCaseExecutor.processExecutionPhase(TestCaseExecutor.java:418)
	at com.kms.katalon.core.main.TestCaseExecutor.accessMainPhase(TestCaseExecutor.java:410)
	at com.kms.katalon.core.main.TestCaseExecutor.execute(TestCaseExecutor.java:285)
	at com.kms.katalon.core.common.CommonExecutor.accessTestCaseMainPhase(CommonExecutor.java:65)
	at com.kms.katalon.core.main.TestSuiteExecutor.accessTestSuiteMainPhase(TestSuiteExecutor.java:150)
	at com.kms.katalon.core.main.TestSuiteExecutor.execute(TestSuiteExecutor.java:106)
	at com.kms.katalon.core.main.TestCaseMain.startTestSuite(TestCaseMain.java:180)
	at com.kms.katalon.core.main.TestCaseMain$startTestSuite$0.call(Unknown Source)
	at TempTestSuite1761090815312.run(TempTestSuite1761090815312.groovy:35)
	at java.base/jdk.internal.reflect.NativeMethodAccessorImpl.invoke0(Native Method)
	at java.base/jdk.internal.reflect.NativeMethodAccessorImpl.invoke(NativeMethodAccessorImpl.java:77)
	at java.base/jdk.internal.reflect.DelegatingMethodAccessorImpl.invoke(DelegatingMethodAccessorImpl.java:43)
Caused by: org.openqa.selenium.ElementNotInteractableException: element not interactable
  (Session info: chrome=141.0.7390.122)
Build info: version: '3.141.59', revision: 'unknown', time: 'unknown'
System info: host: 'DC1ADOBLD01', ip: '10.2.20.71', os.name: 'Windows Server 2019', os.arch: 'amd64', os.version: '10.0', java.version: '17.0.7'
Driver info: com.kms.katalon.selenium.driver.CChromeDriver
Capabilities {acceptInsecureCerts: false, browserName: chrome, browserVersion: 141.0.7390.122, chrome: {chromedriverVersion: 141.0.7390.122 (b477534e7e1..., userDataDir: C:\Windows\SystemTemp\scope...}, fedcm:accounts: true, goog:chromeOptions: {debuggerAddress: localhost:57943}, javascriptEnabled: true, networkConnectionEnabled: false, pageLoadStrategy: normal, platform: WINDOWS, platformName: WINDOWS, proxy: Proxy(), setWindowRect: true, strictFileInteractability: false, timeouts: {implicit: 0, pageLoad: 300000, script: 30000}, unhandledPromptBehavior: dismiss and notify, webauthn:extension:credBlob: true, webauthn:extension:largeBlob: true, webauthn:extension:minPinLength: true, webauthn:extension:prf: true, webauthn:virtualAuthenticators: true}
Session ID: 545830511a211e6f61f344653183da79
	at java.base/jdk.internal.reflect.NativeConstructorAccessorImpl.newInstance0(Native Method)
	at java.base/jdk.internal.reflect.NativeConstructorAccessorImpl.newInstance(NativeConstructorAccessorImpl.java:77)
	at java.base/jdk.internal.reflect.DelegatingConstructorAccessorImpl.newInstance(DelegatingConstructorAccessorImpl.java:45)
	at org.openqa.selenium.remote.http.W3CHttpResponseCodec.createException(W3CHttpResponseCodec.java:187)
	at org.openqa.selenium.remote.http.W3CHttpResponseCodec.decode(W3CHttpResponseCodec.java:122)
	at org.openqa.selenium.remote.http.W3CHttpResponseCodec.decode(W3CHttpResponseCodec.java:49)
	at org.openqa.selenium.remote.HttpCommandExecutor.execute(HttpCommandExecutor.java:158)
	at org.openqa.selenium.remote.service.DriverCommandExecutor.execute(DriverCommandExecutor.java:83)
	at org.openqa.selenium.remote.RemoteWebDriver.execute(RemoteWebDriver.java:552)
	at com.kms.katalon.selenium.driver.CChromeDriver.execute(CChromeDriver.java:19)
	at org.openqa.selenium.remote.RemoteWebElement.execute(RemoteWebElement.java:285)
	at org.openqa.selenium.remote.RemoteWebElement.click(RemoteWebElement.java:84)
	at jdk.internal.reflect.GeneratedMethodAccessor20.invoke(Unknown Source)
	at java.base/jdk.internal.reflect.DelegatingMethodAccessorImpl.invoke(DelegatingMethodAccessorImpl.java:43)
	at org.openqa.selenium.support.events.EventFiringWebDriver$EventFiringWebElement.lambda$new$0(EventFiringWebDriver.java:404)
	at jdk.proxy2/jdk.proxy2.$Proxy27.click(Unknown Source)
	at org.openqa.selenium.support.events.EventFiringWebDriver$EventFiringWebElement.click(EventFiringWebDriver.java:417)
	at org.openqa.selenium.WebElement$click.call(Unknown Source)
	at com.kms.katalon.core.webui.keyword.builtin.ClickKeyword.clickUntilSuccessWithTimeout(ClickKeyword.groovy:81)
	at com.kms.katalon.core.webui.keyword.builtin.ClickKeyword.clickUntilSuccessWithTimeout(ClickKeyword.groovy)
	at jdk.internal.reflect.GeneratedMethodAccessor18.invoke(Unknown Source)
	at java.base/jdk.internal.reflect.DelegatingMethodAccessorImpl.invoke(DelegatingMethodAccessorImpl.java:43)
	at com.kms.katalon.core.webui.keyword.builtin.ClickKeyword$_click_closure1.doCall(ClickKeyword.groovy:67)
	at com.kms.katalon.core.webui.keyword.builtin.ClickKeyword$_click_closure1.call(ClickKeyword.groovy)
	at com.kms.katalon.core.webui.keyword.internal.WebUIKeywordMain.runKeyword(WebUIKeywordMain.groovy:35)
	at com.kms.katalon.core.webui.keyword.builtin.ClickKeyword.click(ClickKeyword.groovy:74)
	at com.kms.katalon.core.webui.keyword.builtin.ClickKeyword.execute(ClickKeyword.groovy:40)
	at com.kms.katalon.core.keyword.internal.KeywordExecutor.executeKeywordForPlatform(KeywordExecutor.groovy:74)
	at com.kms.katalon.core.webui.keyword.WebUiBuiltInKeywords.click(WebUiBuiltInKeywords.groovy:647)
	at com.kms.katalon.core.webui.keyword.WebUiBuiltInKeywords$click$10.call(Unknown Source)
	at Script1755185330434.run(Script1755185330434.groovy:58)
	... 16 more
)

21-10-2025T21:59:44 - [TEST_STEP][PASSED] - Start listener action : retryOnDisconnect: Current window's url is: 'https://kag-inventory-management-portal.qa.thekag.com/site/AFM39?cg=-1&r&i=AllConsignees&sorted=false'

21-10-2025T21:59:44 - [TEST_STEP][PASSED] - tcId = testCaseContext.getTestCaseId(): null

21-10-2025T21:59:44 - [TEST_STEP][PASSED] - currentRetry = retryCounts.getOrDefault(tcId, 0): null

21-10-2025T21:59:44 - [TEST_STEP][PASSED] - if (testCaseContext.getTestCaseStatus() == "FAILED" && currentRetry < MAX_RETRIES): Current window's url is: 'https://kag-inventory-management-portal.qa.thekag.com/site/AFM39?cg=-1&r&i=AllConsignees&sorted=false'

21-10-2025T21:59:44 - [TEST_STEP][PASSED] - try: Current window's url is: 'https://kag-inventory-management-portal.qa.thekag.com/site/AFM39?cg=-1&r&i=AllConsignees&sorted=false'

21-10-2025T21:59:44 - [TEST_STEP][PASSED] - comment(Checking for WebDriver disconnect for test case: $tcId): Checking for WebDriver disconnect for test case: Test Cases/FIM/UI/Kenan/Admin/Sites Page/Orders/Cancelling Creating a Split Load Order

21-10-2025T21:59:44 - [MESSAGE][INFO] - Checking for WebDriver disconnect for test case: Test Cases/FIM/UI/Kenan/Admin/Sites Page/Orders/Cancelling Creating a Split Load Order

21-10-2025T21:59:44 - [TEST_STEP][PASSED] - getUrl(): Current window's url is: 'https://kag-inventory-management-portal.qa.thekag.com/site/AFM39?cg=-1&r&i=AllConsignees&sorted=false'

21-10-2025T21:59:44 - [MESSAGE][PASSED] - Current window's url is: 'https://kag-inventory-management-portal.qa.thekag.com/site/AFM39?cg=-1&r&i=AllConsignees&sorted=false']]></system-out>
         <system-err><![CDATA[21-10-2025T21:58:51 - [TEST_CASE][FAILED] - Test Cases/FIM/UI/Kenan/Admin/Sites Page/Orders/Cancelling Creating a Split Load Order: Test Cases/FIM/UI/Kenan/Admin/Sites Page/Orders/Cancelling Creating a Split Load Order FAILED.
Reason:
com.kms.katalon.core.exception.StepFailedException: Unable to click on object 'Object Repository/FIM/Sites Page/Orders/Create Order/Split_Load_Order_toggle'
	at com.kms.katalon.core.webui.keyword.internal.WebUIKeywordMain.stepFailed(WebUIKeywordMain.groovy:117)
	at com.kms.katalon.core.webui.keyword.internal.WebUIKeywordMain.runKeyword(WebUIKeywordMain.groovy:43)
	at com.kms.katalon.core.webui.keyword.builtin.ClickKeyword.click(ClickKeyword.groovy:74)
	at com.kms.katalon.core.webui.keyword.builtin.ClickKeyword.execute(ClickKeyword.groovy:40)
	at com.kms.katalon.core.keyword.internal.KeywordExecutor.executeKeywordForPlatform(KeywordExecutor.groovy:74)
	at com.kms.katalon.core.webui.keyword.WebUiBuiltInKeywords.click(WebUiBuiltInKeywords.groovy:647)
	at com.kms.katalon.core.webui.keyword.WebUiBuiltInKeywords$click$10.call(Unknown Source)
	at Cancelling Creating a Split Load Order.run(Cancelling Creating a Split Load Order:58)
	at com.kms.katalon.core.main.ScriptEngine.run(ScriptEngine.java:194)
	at com.kms.katalon.core.main.ScriptEngine.runScriptAsRawText(ScriptEngine.java:119)
	at com.kms.katalon.core.main.TestCaseExecutor.runScript(TestCaseExecutor.java:448)
	at com.kms.katalon.core.main.TestCaseExecutor.doExecute(TestCaseExecutor.java:439)
	at com.kms.katalon.core.main.TestCaseExecutor.processExecutionPhase(TestCaseExecutor.java:418)
	at com.kms.katalon.core.main.TestCaseExecutor.accessMainPhase(TestCaseExecutor.java:410)
	at com.kms.katalon.core.main.TestCaseExecutor.execute(TestCaseExecutor.java:285)
	at com.kms.katalon.core.common.CommonExecutor.accessTestCaseMainPhase(CommonExecutor.java:65)
	at com.kms.katalon.core.main.TestSuiteExecutor.accessTestSuiteMainPhase(TestSuiteExecutor.java:150)
	at com.kms.katalon.core.main.TestSuiteExecutor.execute(TestSuiteExecutor.java:106)
	at com.kms.katalon.core.main.TestCaseMain.startTestSuite(TestCaseMain.java:180)
	at com.kms.katalon.core.main.TestCaseMain$startTestSuite$0.call(Unknown Source)
	at TempTestSuite1761090815312.run(TempTestSuite1761090815312.groovy:35)
	at java.base/jdk.internal.reflect.NativeMethodAccessorImpl.invoke0(Native Method)
	at java.base/jdk.internal.reflect.NativeMethodAccessorImpl.invoke(NativeMethodAccessorImpl.java:77)
	at java.base/jdk.internal.reflect.DelegatingMethodAccessorImpl.invoke(DelegatingMethodAccessorImpl.java:43)
Caused by: org.openqa.selenium.ElementNotInteractableException: element not interactable
  (Session info: chrome=141.0.7390.122)
Build info: version: '3.141.59', revision: 'unknown', time: 'unknown'
System info: host: 'DC1ADOBLD01', ip: '10.2.20.71', os.name: 'Windows Server 2019', os.arch: 'amd64', os.version: '10.0', java.version: '17.0.7'
Driver info: com.kms.katalon.selenium.driver.CChromeDriver
Capabilities {acceptInsecureCerts: false, browserName: chrome, browserVersion: 141.0.7390.122, chrome: {chromedriverVersion: 141.0.7390.122 (b477534e7e1..., userDataDir: C:\Windows\SystemTemp\scope...}, fedcm:accounts: true, goog:chromeOptions: {debuggerAddress: localhost:57943}, javascriptEnabled: true, networkConnectionEnabled: false, pageLoadStrategy: normal, platform: WINDOWS, platformName: WINDOWS, proxy: Proxy(), setWindowRect: true, strictFileInteractability: false, timeouts: {implicit: 0, pageLoad: 300000, script: 30000}, unhandledPromptBehavior: dismiss and notify, webauthn:extension:credBlob: true, webauthn:extension:largeBlob: true, webauthn:extension:minPinLength: true, webauthn:extension:prf: true, webauthn:virtualAuthenticators: true}
Session ID: 545830511a211e6f61f344653183da79
	at java.base/jdk.internal.reflect.NativeConstructorAccessorImpl.newInstance0(Native Method)
	at java.base/jdk.internal.reflect.NativeConstructorAccessorImpl.newInstance(NativeConstructorAccessorImpl.java:77)
	at java.base/jdk.internal.reflect.DelegatingConstructorAccessorImpl.newInstance(DelegatingConstructorAccessorImpl.java:45)
	at org.openqa.selenium.remote.http.W3CHttpResponseCodec.createException(W3CHttpResponseCodec.java:187)
	at org.openqa.selenium.remote.http.W3CHttpResponseCodec.decode(W3CHttpResponseCodec.java:122)
	at org.openqa.selenium.remote.http.W3CHttpResponseCodec.decode(W3CHttpResponseCodec.java:49)
	at org.openqa.selenium.remote.HttpCommandExecutor.execute(HttpCommandExecutor.java:158)
	at org.openqa.selenium.remote.service.DriverCommandExecutor.execute(DriverCommandExecutor.java:83)
	at org.openqa.selenium.remote.RemoteWebDriver.execute(RemoteWebDriver.java:552)
	at com.kms.katalon.selenium.driver.CChromeDriver.execute(CChromeDriver.java:19)
	at org.openqa.selenium.remote.RemoteWebElement.execute(RemoteWebElement.java:285)
	at org.openqa.selenium.remote.RemoteWebElement.click(RemoteWebElement.java:84)
	at jdk.internal.reflect.GeneratedMethodAccessor20.invoke(Unknown Source)
	at java.base/jdk.internal.reflect.DelegatingMethodAccessorImpl.invoke(DelegatingMethodAccessorImpl.java:43)
	at org.openqa.selenium.support.events.EventFiringWebDriver$EventFiringWebElement.lambda$new$0(EventFiringWebDriver.java:404)
	at jdk.proxy2/jdk.proxy2.$Proxy27.click(Unknown Source)
	at org.openqa.selenium.support.events.EventFiringWebDriver$EventFiringWebElement.click(EventFiringWebDriver.java:417)
	at org.openqa.selenium.WebElement$click.call(Unknown Source)
	at com.kms.katalon.core.webui.keyword.builtin.ClickKeyword.clickUntilSuccessWithTimeout(ClickKeyword.groovy:81)
	at com.kms.katalon.core.webui.keyword.builtin.ClickKeyword.clickUntilSuccessWithTimeout(ClickKeyword.groovy)
	at jdk.internal.reflect.GeneratedMethodAccessor18.invoke(Unknown Source)
	at java.base/jdk.internal.reflect.DelegatingMethodAccessorImpl.invoke(DelegatingMethodAccessorImpl.java:43)
	at com.kms.katalon.core.webui.keyword.builtin.ClickKeyword$_click_closure1.doCall(ClickKeyword.groovy:67)
	at com.kms.katalon.core.webui.keyword.builtin.ClickKeyword$_click_closure1.call(ClickKeyword.groovy)
	at com.kms.katalon.core.webui.keyword.internal.WebUIKeywordMain.runKeyword(WebUIKeywordMain.groovy:35)
	... 22 more]]></system-err>
      </testcase>
      <testcase name="Test Cases/FIM/UI/Kenan/Admin/Sites Page/Orders/Create Split Load Order (Adding 1 Site)" time="53.758" classname="Test Cases/FIM/UI/Kenan/Admin/Sites Page/Orders/Create Split Load Order (Adding 1 Site)" status="FAILED">
         <failure type="FAILED" message="Test Cases/FIM/UI/Kenan/Admin/Sites Page/Orders/Create Split Load Order (Adding 1 Site) FAILED.&#xa;Reason:&#xa;com.kms.katalon.core.exception.StepFailedException: Unable to click on object 'Object Repository/FIM/Sites Page/Orders/Create Order/Split_Load_Order_toggle'&#xa;	at com.kms.katalon.core.webui.keyword.internal.WebUIKeywordMain.stepFailed(WebUIKeywordMain.groovy:117)&#xa;	at com.kms.katalon.core.webui.keyword.internal.WebUIKeywordMain.runKeyword(WebUIKeywordMain.groovy:43)&#xa;	at com.kms.katalon.core.webui.keyword.builtin.ClickKeyword.click(ClickKeyword.groovy:74)&#xa;	at com.kms.katalon.core.webui.keyword.builtin.ClickKeyword.execute(ClickKeyword.groovy:40)&#xa;	at com.kms.katalon.core.keyword.internal.KeywordExecutor.executeKeywordForPlatform(KeywordExecutor.groovy:74)&#xa;	at com.kms.katalon.core.webui.keyword.WebUiBuiltInKeywords.click(WebUiBuiltInKeywords.groovy:647)&#xa;	at com.kms.katalon.core.webui.keyword.WebUiBuiltInKeywords$click$10.call(Unknown Source)&#xa;	at Create Split Load Order (Adding 1 Site).run(Create Split Load Order (Adding 1 Site):58)&#xa;	at com.kms.katalon.core.main.ScriptEngine.run(ScriptEngine.java:194)&#xa;	at com.kms.katalon.core.main.ScriptEngine.runScriptAsRawText(ScriptEngine.java:119)&#xa;	at com.kms.katalon.core.main.TestCaseExecutor.runScript(TestCaseExecutor.java:448)&#xa;	at com.kms.katalon.core.main.TestCaseExecutor.doExecute(TestCaseExecutor.java:439)&#xa;	at com.kms.katalon.core.main.TestCaseExecutor.processExecutionPhase(TestCaseExecutor.java:418)&#xa;	at com.kms.katalon.core.main.TestCaseExecutor.accessMainPhase(TestCaseExecutor.java:410)&#xa;	at com.kms.katalon.core.main.TestCaseExecutor.execute(TestCaseExecutor.java:285)&#xa;	at com.kms.katalon.core.common.CommonExecutor.accessTestCaseMainPhase(CommonExecutor.java:65)&#xa;	at com.kms.katalon.core.main.TestSuiteExecutor.accessTestSuiteMainPhase(TestSuiteExecutor.java:150)&#xa;	at com.kms.katalon.core.main.TestSuiteExecutor.execute(TestSuiteExecutor.java:106)&#xa;	at com.kms.katalon.core.main.TestCaseMain.startTestSuite(TestCaseMain.java:180)&#xa;	at com.kms.katalon.core.main.TestCaseMain$startTestSuite$0.call(Unknown Source)&#xa;	at TempTestSuite1761090815312.run(TempTestSuite1761090815312.groovy:35)&#xa;	at java.base/jdk.internal.reflect.NativeMethodAccessorImpl.invoke0(Native Method)&#xa;	at java.base/jdk.internal.reflect.NativeMethodAccessorImpl.invoke(NativeMethodAccessorImpl.java:77)&#xa;	at java.base/jdk.internal.reflect.DelegatingMethodAccessorImpl.invoke(DelegatingMethodAccessorImpl.java:43)&#xa;Caused by: org.openqa.selenium.ElementNotInteractableException: element not interactable&#xa;  (Session info: chrome=141.0.7390.122)&#xa;Build info: version: '3.141.59', revision: 'unknown', time: 'unknown'&#xa;System info: host: 'DC1ADOBLD01', ip: '10.2.20.71', os.name: 'Windows Server 2019', os.arch: 'amd64', os.version: '10.0', java.version: '17.0.7'&#xa;Driver info: com.kms.katalon.selenium.driver.CChromeDriver&#xa;Capabilities {acceptInsecureCerts: false, browserName: chrome, browserVersion: 141.0.7390.122, chrome: {chromedriverVersion: 141.0.7390.122 (b477534e7e1..., userDataDir: C:\Windows\SystemTemp\scope...}, fedcm:accounts: true, goog:chromeOptions: {debuggerAddress: localhost:57990}, javascriptEnabled: true, networkConnectionEnabled: false, pageLoadStrategy: normal, platform: WINDOWS, platformName: WINDOWS, proxy: Proxy(), setWindowRect: true, strictFileInteractability: false, timeouts: {implicit: 0, pageLoad: 300000, script: 30000}, unhandledPromptBehavior: dismiss and notify, webauthn:extension:credBlob: true, webauthn:extension:largeBlob: true, webauthn:extension:minPinLength: true, webauthn:extension:prf: true, webauthn:virtualAuthenticators: true}&#xa;Session ID: 0b849e55c1241654162a3e02b6c4c15d&#xa;	at java.base/jdk.internal.reflect.NativeConstructorAccessorImpl.newInstance0(Native Method)&#xa;	at java.base/jdk.internal.reflect.NativeConstructorAccessorImpl.newInstance(NativeConstructorAccessorImpl.java:77)&#xa;	at java.base/jdk.internal.reflect.DelegatingConstructorAccessorImpl.newInstance(DelegatingConstructorAccessorImpl.java:45)&#xa;	at org.openqa.selenium.remote.http.W3CHttpResponseCodec.createException(W3CHttpResponseCodec.java:187)&#xa;	at org.openqa.selenium.remote.http.W3CHttpResponseCodec.decode(W3CHttpResponseCodec.java:122)&#xa;	at org.openqa.selenium.remote.http.W3CHttpResponseCodec.decode(W3CHttpResponseCodec.java:49)&#xa;	at org.openqa.selenium.remote.HttpCommandExecutor.execute(HttpCommandExecutor.java:158)&#xa;	at org.openqa.selenium.remote.service.DriverCommandExecutor.execute(DriverCommandExecutor.java:83)&#xa;	at org.openqa.selenium.remote.RemoteWebDriver.execute(RemoteWebDriver.java:552)&#xa;	at com.kms.katalon.selenium.driver.CChromeDriver.execute(CChromeDriver.java:19)&#xa;	at org.openqa.selenium.remote.RemoteWebElement.execute(RemoteWebElement.java:285)&#xa;	at org.openqa.selenium.remote.RemoteWebElement.click(RemoteWebElement.java:84)&#xa;	at jdk.internal.reflect.GeneratedMethodAccessor20.invoke(Unknown Source)&#xa;	at java.base/jdk.internal.reflect.DelegatingMethodAccessorImpl.invoke(DelegatingMethodAccessorImpl.java:43)&#xa;	at org.openqa.selenium.support.events.EventFiringWebDriver$EventFiringWebElement.lambda$new$0(EventFiringWebDriver.java:404)&#xa;	at jdk.proxy2/jdk.proxy2.$Proxy27.click(Unknown Source)&#xa;	at org.openqa.selenium.support.events.EventFiringWebDriver$EventFiringWebElement.click(EventFiringWebDriver.java:417)&#xa;	at org.openqa.selenium.WebElement$click.call(Unknown Source)&#xa;	at com.kms.katalon.core.webui.keyword.builtin.ClickKeyword.clickUntilSuccessWithTimeout(ClickKeyword.groovy:81)&#xa;	at com.kms.katalon.core.webui.keyword.builtin.ClickKeyword.clickUntilSuccessWithTimeout(ClickKeyword.groovy)&#xa;	at jdk.internal.reflect.GeneratedMethodAccessor18.invoke(Unknown Source)&#xa;	at java.base/jdk.internal.reflect.DelegatingMethodAccessorImpl.invoke(DelegatingMethodAccessorImpl.java:43)&#xa;	at com.kms.katalon.core.webui.keyword.builtin.ClickKeyword$_click_closure1.doCall(ClickKeyword.groovy:67)&#xa;	at com.kms.katalon.core.webui.keyword.builtin.ClickKeyword$_click_closure1.call(ClickKeyword.groovy)&#xa;	at com.kms.katalon.core.webui.keyword.internal.WebUIKeywordMain.runKeyword(WebUIKeywordMain.groovy:35)&#xa;	... 22 more&#xa;"/>
         <system-out><![CDATA[21-10-2025T21:59:44 - [TEST_CASE][FAILED] - Test Cases/FIM/UI/Kenan/Admin/Sites Page/Orders/Create Split Load Order (Adding 1 Site): Test Cases/FIM/UI/Kenan/Admin/Sites Page/Orders/Create Split Load Order (Adding 1 Site) FAILED.
Reason:
com.kms.katalon.core.exception.StepFailedException: Unable to click on object 'Object Repository/FIM/Sites Page/Orders/Create Order/Split_Load_Order_toggle'
	at com.kms.katalon.core.webui.keyword.internal.WebUIKeywordMain.stepFailed(WebUIKeywordMain.groovy:117)
	at com.kms.katalon.core.webui.keyword.internal.WebUIKeywordMain.runKeyword(WebUIKeywordMain.groovy:43)
	at com.kms.katalon.core.webui.keyword.builtin.ClickKeyword.click(ClickKeyword.groovy:74)
	at com.kms.katalon.core.webui.keyword.builtin.ClickKeyword.execute(ClickKeyword.groovy:40)
	at com.kms.katalon.core.keyword.internal.KeywordExecutor.executeKeywordForPlatform(KeywordExecutor.groovy:74)
	at com.kms.katalon.core.webui.keyword.WebUiBuiltInKeywords.click(WebUiBuiltInKeywords.groovy:647)
	at com.kms.katalon.core.webui.keyword.WebUiBuiltInKeywords$click$10.call(Unknown Source)
	at Create Split Load Order (Adding 1 Site).run(Create Split Load Order (Adding 1 Site):58)
	at com.kms.katalon.core.main.ScriptEngine.run(ScriptEngine.java:194)
	at com.kms.katalon.core.main.ScriptEngine.runScriptAsRawText(ScriptEngine.java:119)
	at com.kms.katalon.core.main.TestCaseExecutor.runScript(TestCaseExecutor.java:448)
	at com.kms.katalon.core.main.TestCaseExecutor.doExecute(TestCaseExecutor.java:439)
	at com.kms.katalon.core.main.TestCaseExecutor.processExecutionPhase(TestCaseExecutor.java:418)
	at com.kms.katalon.core.main.TestCaseExecutor.accessMainPhase(TestCaseExecutor.java:410)
	at com.kms.katalon.core.main.TestCaseExecutor.execute(TestCaseExecutor.java:285)
	at com.kms.katalon.core.common.CommonExecutor.accessTestCaseMainPhase(CommonExecutor.java:65)
	at com.kms.katalon.core.main.TestSuiteExecutor.accessTestSuiteMainPhase(TestSuiteExecutor.java:150)
	at com.kms.katalon.core.main.TestSuiteExecutor.execute(TestSuiteExecutor.java:106)
	at com.kms.katalon.core.main.TestCaseMain.startTestSuite(TestCaseMain.java:180)
	at com.kms.katalon.core.main.TestCaseMain$startTestSuite$0.call(Unknown Source)
	at TempTestSuite1761090815312.run(TempTestSuite1761090815312.groovy:35)
	at java.base/jdk.internal.reflect.NativeMethodAccessorImpl.invoke0(Native Method)
	at java.base/jdk.internal.reflect.NativeMethodAccessorImpl.invoke(NativeMethodAccessorImpl.java:77)
	at java.base/jdk.internal.reflect.DelegatingMethodAccessorImpl.invoke(DelegatingMethodAccessorImpl.java:43)
Caused by: org.openqa.selenium.ElementNotInteractableException: element not interactable
  (Session info: chrome=141.0.7390.122)
Build info: version: '3.141.59', revision: 'unknown', time: 'unknown'
System info: host: 'DC1ADOBLD01', ip: '10.2.20.71', os.name: 'Windows Server 2019', os.arch: 'amd64', os.version: '10.0', java.version: '17.0.7'
Driver info: com.kms.katalon.selenium.driver.CChromeDriver
Capabilities {acceptInsecureCerts: false, browserName: chrome, browserVersion: 141.0.7390.122, chrome: {chromedriverVersion: 141.0.7390.122 (b477534e7e1..., userDataDir: C:\Windows\SystemTemp\scope...}, fedcm:accounts: true, goog:chromeOptions: {debuggerAddress: localhost:57990}, javascriptEnabled: true, networkConnectionEnabled: false, pageLoadStrategy: normal, platform: WINDOWS, platformName: WINDOWS, proxy: Proxy(), setWindowRect: true, strictFileInteractability: false, timeouts: {implicit: 0, pageLoad: 300000, script: 30000}, unhandledPromptBehavior: dismiss and notify, webauthn:extension:credBlob: true, webauthn:extension:largeBlob: true, webauthn:extension:minPinLength: true, webauthn:extension:prf: true, webauthn:virtualAuthenticators: true}
Session ID: 0b849e55c1241654162a3e02b6c4c15d
	at java.base/jdk.internal.reflect.NativeConstructorAccessorImpl.newInstance0(Native Method)
	at java.base/jdk.internal.reflect.NativeConstructorAccessorImpl.newInstance(NativeConstructorAccessorImpl.java:77)
	at java.base/jdk.internal.reflect.DelegatingConstructorAccessorImpl.newInstance(DelegatingConstructorAccessorImpl.java:45)
	at org.openqa.selenium.remote.http.W3CHttpResponseCodec.createException(W3CHttpResponseCodec.java:187)
	at org.openqa.selenium.remote.http.W3CHttpResponseCodec.decode(W3CHttpResponseCodec.java:122)
	at org.openqa.selenium.remote.http.W3CHttpResponseCodec.decode(W3CHttpResponseCodec.java:49)
	at org.openqa.selenium.remote.HttpCommandExecutor.execute(HttpCommandExecutor.java:158)
	at org.openqa.selenium.remote.service.DriverCommandExecutor.execute(DriverCommandExecutor.java:83)
	at org.openqa.selenium.remote.RemoteWebDriver.execute(RemoteWebDriver.java:552)
	at com.kms.katalon.selenium.driver.CChromeDriver.execute(CChromeDriver.java:19)
	at org.openqa.selenium.remote.RemoteWebElement.execute(RemoteWebElement.java:285)
	at org.openqa.selenium.remote.RemoteWebElement.click(RemoteWebElement.java:84)
	at jdk.internal.reflect.GeneratedMethodAccessor20.invoke(Unknown Source)
	at java.base/jdk.internal.reflect.DelegatingMethodAccessorImpl.invoke(DelegatingMethodAccessorImpl.java:43)
	at org.openqa.selenium.support.events.EventFiringWebDriver$EventFiringWebElement.lambda$new$0(EventFiringWebDriver.java:404)
	at jdk.proxy2/jdk.proxy2.$Proxy27.click(Unknown Source)
	at org.openqa.selenium.support.events.EventFiringWebDriver$EventFiringWebElement.click(EventFiringWebDriver.java:417)
	at org.openqa.selenium.WebElement$click.call(Unknown Source)
	at com.kms.katalon.core.webui.keyword.builtin.ClickKeyword.clickUntilSuccessWithTimeout(ClickKeyword.groovy:81)
	at com.kms.katalon.core.webui.keyword.builtin.ClickKeyword.clickUntilSuccessWithTimeout(ClickKeyword.groovy)
	at jdk.internal.reflect.GeneratedMethodAccessor18.invoke(Unknown Source)
	at java.base/jdk.internal.reflect.DelegatingMethodAccessorImpl.invoke(DelegatingMethodAccessorImpl.java:43)
	at com.kms.katalon.core.webui.keyword.builtin.ClickKeyword$_click_closure1.doCall(ClickKeyword.groovy:67)
	at com.kms.katalon.core.webui.keyword.builtin.ClickKeyword$_click_closure1.call(ClickKeyword.groovy)
	at com.kms.katalon.core.webui.keyword.internal.WebUIKeywordMain.runKeyword(WebUIKeywordMain.groovy:35)
	... 22 more


21-10-2025T21:59:44 - [TEST_STEP][PASSED] - Start listener action : beforeTestCase: null

21-10-2025T21:59:44 - [TEST_STEP][PASSED] - addDefaultPackages(): null

21-10-2025T21:59:44 - [TEST_STEP][PASSED] - callTestCase(findTestCase("Utility Scripts/FIM KAG Admin Login"), [:], STOP_ON_FAILURE): Call Test Case 'Test Cases/Utility Scripts/FIM KAG Admin Login' successfully

21-10-2025T21:59:44 - [TEST_CASE][PASSED] - Test Cases/Utility Scripts/FIM KAG Admin Login: Test Cases/Utility Scripts/FIM KAG Admin Login

21-10-2025T21:59:44 - [TEST_STEP][PASSED] - openBrowser(""): Browser is opened with url: ''

21-10-2025T21:59:44 - [MESSAGE][WARNING] - A browser is already opened. Closing browser and opening a new one

21-10-2025T21:59:44 - [MESSAGE][INFO] - Starting 'Chrome' driver

21-10-2025T21:59:44 - [MESSAGE][INFO] - User set preference: ['args', '[--no-sandbox, --disable-gpu, --disable-dev-shm-usage]']

21-10-2025T21:59:44 - [MESSAGE][INFO] - Action delay is set to 0 milliseconds

21-10-2025T21:59:45 - [MESSAGE][PASSED] - Browser is opened with url: ''

21-10-2025T21:59:45 - [TEST_STEP][PASSED] - delay(1): Delayed 1 second(s)

21-10-2025T21:59:46 - [MESSAGE][PASSED] - Delayed 1 second(s)

21-10-2025T21:59:46 - [TEST_STEP][PASSED] - navigateToUrl(KenanRegionURL): Navigate to 'https://kag-inventory-management-portal.qa.thekag.com/region/' successfully

21-10-2025T21:59:47 - [MESSAGE][PASSED] - Navigate to 'https://kag-inventory-management-portal.qa.thekag.com/region/' successfully

21-10-2025T21:59:47 - [TEST_STEP][PASSED] - delay(10): Delayed 10 second(s)

21-10-2025T21:59:57 - [MESSAGE][PASSED] - Delayed 10 second(s)

21-10-2025T21:59:57 - [TEST_STEP][PASSED] - if (maximizeWindow == true): Current window maximized

21-10-2025T21:59:57 - [TEST_STEP][PASSED] - maximizeWindow(STOP_ON_FAILURE): Current window maximized

21-10-2025T21:59:57 - [MESSAGE][PASSED] - Current window maximized

21-10-2025T21:59:57 - [TEST_STEP][PASSED] - waitForElementPresent(findTestObject("FIM/Username_txt"), 10): Object 'Object Repository/FIM/Username_txt' is present

21-10-2025T21:59:57 - [MESSAGE][PASSED] - Object 'Object Repository/FIM/Username_txt' is present

21-10-2025T21:59:57 - [TEST_STEP][PASSED] - setText(findTestObject("FIM/Username_txt"), FIMUsername): Text 'Chris.Sheldon+DES_QA@Thekag.com' is set on object 'Object Repository/FIM/Username_txt'

21-10-2025T21:59:57 - [MESSAGE][PASSED] - Text 'Chris.Sheldon+DES_QA@Thekag.com' is set on object 'Object Repository/FIM/Username_txt'

21-10-2025T21:59:57 - [TEST_STEP][PASSED] - delay(1): Delayed 1 second(s)

21-10-2025T21:59:58 - [MESSAGE][PASSED] - Delayed 1 second(s)

21-10-2025T21:59:58 - [TEST_STEP][PASSED] - setText(findTestObject("FIM/Password_txt"), FIMPassword): Text 'QATest!2' is set on object 'Object Repository/FIM/Password_txt'

21-10-2025T21:59:58 - [MESSAGE][PASSED] - Text 'QATest!2' is set on object 'Object Repository/FIM/Password_txt'

21-10-2025T21:59:58 - [TEST_STEP][PASSED] - delay(1): Delayed 1 second(s)

21-10-2025T21:59:59 - [MESSAGE][PASSED] - Delayed 1 second(s)

21-10-2025T21:59:59 - [TEST_STEP][PASSED] - click(findTestObject("FIM/Login_btn")): Object: 'Object Repository/FIM/Login_btn' is clicked on

21-10-2025T21:59:59 - [MESSAGE][PASSED] - Object: 'Object Repository/FIM/Login_btn' is clicked on

21-10-2025T21:59:59 - [MESSAGE][PASSED] - Call Test Case 'Test Cases/Utility Scripts/FIM KAG Admin Login' successfully

21-10-2025T21:59:59 - [TEST_STEP][PASSED] - if (verifyElementVisible(findTestObject("FIM/Server_Notification_Close_btn"), OPTIONAL) == true): Web element with id: 'Object Repository/FIM/Server_Notification_Close_btn' located by '/html/body/div/div[1]/button' not found (Root cause: com.kms.katalon.core.exception.StepFailedException: Web element with id: 'Object Repository/FIM/Server_Notification_Close_btn' located by '/html/body/div/div[1]/button' not found
	at com.kms.katalon.core.webui.keyword.internal.WebUIKeywordMain.stepFailed(WebUIKeywordMain.groovy:117)
	at com.kms.katalon.core.webui.keyword.builtin.VerifyElementVisibleKeyword$_verifyElementVisible_closure1.doCall(VerifyElementVisibleKeyword.groovy:89)
	at com.kms.katalon.core.webui.keyword.builtin.VerifyElementVisibleKeyword$_verifyElementVisible_closure1.call(VerifyElementVisibleKeyword.groovy)
	at com.kms.katalon.core.webui.keyword.internal.WebUIKeywordMain.runKeyword(WebUIKeywordMain.groovy:35)
	at com.kms.katalon.core.webui.keyword.builtin.VerifyElementVisibleKeyword.verifyElementVisible(VerifyElementVisibleKeyword.groovy:97)
	at com.kms.katalon.core.webui.keyword.builtin.VerifyElementVisibleKeyword.execute(VerifyElementVisibleKeyword.groovy:67)
	at com.kms.katalon.core.keyword.internal.KeywordExecutor.executeKeywordForPlatform(KeywordExecutor.groovy:74)
	at com.kms.katalon.core.webui.keyword.WebUiBuiltInKeywords.verifyElementVisible(WebUiBuiltInKeywords.groovy:401)
	at com.kms.katalon.core.webui.keyword.WebUiBuiltInKeywords$verifyElementVisible$5.call(Unknown Source)
	at Create Split Load Order (Adding 1 Site).run(Create Split Load Order (Adding 1 Site):22)
	at com.kms.katalon.core.main.ScriptEngine.run(ScriptEngine.java:194)
	at com.kms.katalon.core.main.ScriptEngine.runScriptAsRawText(ScriptEngine.java:119)
	at com.kms.katalon.core.main.TestCaseExecutor.runScript(TestCaseExecutor.java:448)
	at com.kms.katalon.core.main.TestCaseExecutor.doExecute(TestCaseExecutor.java:439)
	at com.kms.katalon.core.main.TestCaseExecutor.processExecutionPhase(TestCaseExecutor.java:418)
	at com.kms.katalon.core.main.TestCaseExecutor.accessMainPhase(TestCaseExecutor.java:410)
	at com.kms.katalon.core.main.TestCaseExecutor.execute(TestCaseExecutor.java:285)
	at com.kms.katalon.core.common.CommonExecutor.accessTestCaseMainPhase(CommonExecutor.java:65)
	at com.kms.katalon.core.main.TestSuiteExecutor.accessTestSuiteMainPhase(TestSuiteExecutor.java:150)
	at com.kms.katalon.core.main.TestSuiteExecutor.execute(TestSuiteExecutor.java:106)
	at com.kms.katalon.core.main.TestCaseMain.startTestSuite(TestCaseMain.java:180)
	at com.kms.katalon.core.main.TestCaseMain$startTestSuite$0.call(Unknown Source)
	at TempTestSuite1761090815312.run(TempTestSuite1761090815312.groovy:35)
	at java.base/jdk.internal.reflect.NativeMethodAccessorImpl.invoke0(Native Method)
	at java.base/jdk.internal.reflect.NativeMethodAccessorImpl.invoke(NativeMethodAccessorImpl.java:77)
	at java.base/jdk.internal.reflect.DelegatingMethodAccessorImpl.invoke(DelegatingMethodAccessorImpl.java:43)
)

21-10-2025T22:00:15 - [MESSAGE][INFO] - Unable to find the element located by 'By.xpath: /html/body/div/div[1]/button'. Please recheck the objects properties to make sure the desired element is located. 

21-10-2025T22:00:15 - [MESSAGE][WARNING] - [SELF-HEALING] Failed to find element with id 'Object Repository/FIM/Server_Notification_Close_btn'. Try using Self-healing.

21-10-2025T22:00:16 - [MESSAGE][INFO] - [SELF-HEALING] No working XPath is found.

21-10-2025T22:00:18 - [MESSAGE][INFO] - Unable to find the element located by 'By.xpath: '. Please recheck the objects properties to make sure the desired element is located. 

21-10-2025T22:00:18 - [MESSAGE][WARNING] - [SELF-HEALING] Cannot find elements when the selector is null

21-10-2025T22:00:18 - [MESSAGE][WARNING] - Web element with id: 'Object Repository/FIM/Server_Notification_Close_btn' located by '/html/body/div/div[1]/button' not found (Root cause: com.kms.katalon.core.exception.StepFailedException: Web element with id: 'Object Repository/FIM/Server_Notification_Close_btn' located by '/html/body/div/div[1]/button' not found
	at com.kms.katalon.core.webui.keyword.internal.WebUIKeywordMain.stepFailed(WebUIKeywordMain.groovy:117)
	at com.kms.katalon.core.webui.keyword.builtin.VerifyElementVisibleKeyword$_verifyElementVisible_closure1.doCall(VerifyElementVisibleKeyword.groovy:89)
	at com.kms.katalon.core.webui.keyword.builtin.VerifyElementVisibleKeyword$_verifyElementVisible_closure1.call(VerifyElementVisibleKeyword.groovy)
	at com.kms.katalon.core.webui.keyword.internal.WebUIKeywordMain.runKeyword(WebUIKeywordMain.groovy:35)
	at com.kms.katalon.core.webui.keyword.builtin.VerifyElementVisibleKeyword.verifyElementVisible(VerifyElementVisibleKeyword.groovy:97)
	at com.kms.katalon.core.webui.keyword.builtin.VerifyElementVisibleKeyword.execute(VerifyElementVisibleKeyword.groovy:67)
	at com.kms.katalon.core.keyword.internal.KeywordExecutor.executeKeywordForPlatform(KeywordExecutor.groovy:74)
	at com.kms.katalon.core.webui.keyword.WebUiBuiltInKeywords.verifyElementVisible(WebUiBuiltInKeywords.groovy:401)
	at com.kms.katalon.core.webui.keyword.WebUiBuiltInKeywords$verifyElementVisible$5.call(Unknown Source)
	at Create Split Load Order (Adding 1 Site).run(Create Split Load Order (Adding 1 Site):22)
	at com.kms.katalon.core.main.ScriptEngine.run(ScriptEngine.java:194)
	at com.kms.katalon.core.main.ScriptEngine.runScriptAsRawText(ScriptEngine.java:119)
	at com.kms.katalon.core.main.TestCaseExecutor.runScript(TestCaseExecutor.java:448)
	at com.kms.katalon.core.main.TestCaseExecutor.doExecute(TestCaseExecutor.java:439)
	at com.kms.katalon.core.main.TestCaseExecutor.processExecutionPhase(TestCaseExecutor.java:418)
	at com.kms.katalon.core.main.TestCaseExecutor.accessMainPhase(TestCaseExecutor.java:410)
	at com.kms.katalon.core.main.TestCaseExecutor.execute(TestCaseExecutor.java:285)
	at com.kms.katalon.core.common.CommonExecutor.accessTestCaseMainPhase(CommonExecutor.java:65)
	at com.kms.katalon.core.main.TestSuiteExecutor.accessTestSuiteMainPhase(TestSuiteExecutor.java:150)
	at com.kms.katalon.core.main.TestSuiteExecutor.execute(TestSuiteExecutor.java:106)
	at com.kms.katalon.core.main.TestCaseMain.startTestSuite(TestCaseMain.java:180)
	at com.kms.katalon.core.main.TestCaseMain$startTestSuite$0.call(Unknown Source)
	at TempTestSuite1761090815312.run(TempTestSuite1761090815312.groovy:35)
	at java.base/jdk.internal.reflect.NativeMethodAccessorImpl.invoke0(Native Method)
	at java.base/jdk.internal.reflect.NativeMethodAccessorImpl.invoke(NativeMethodAccessorImpl.java:77)
	at java.base/jdk.internal.reflect.DelegatingMethodAccessorImpl.invoke(DelegatingMethodAccessorImpl.java:43)
)

21-10-2025T22:00:18 - [TEST_STEP][PASSED] - delay(1): Delayed 1 second(s)

21-10-2025T22:00:19 - [MESSAGE][PASSED] - Delayed 1 second(s)

21-10-2025T22:00:19 - [TEST_STEP][PASSED] - click(findTestObject("FIM/Hamburger Menu List/Hamburger_menu")): Object: 'Object Repository/FIM/Hamburger Menu List/Hamburger_menu' is clicked on

21-10-2025T22:00:19 - [MESSAGE][PASSED] - Object: 'Object Repository/FIM/Hamburger Menu List/Hamburger_menu' is clicked on

21-10-2025T22:00:19 - [TEST_STEP][PASSED] - verifyElementPresent(findTestObject("FIM/Hamburger Menu List/KAG_Sites_option"), 10): Object 'Object Repository/FIM/Hamburger Menu List/KAG_Sites_option' is present

21-10-2025T22:00:19 - [MESSAGE][PASSED] - Object 'Object Repository/FIM/Hamburger Menu List/KAG_Sites_option' is present

21-10-2025T22:00:19 - [TEST_STEP][PASSED] - delay(1): Delayed 1 second(s)

21-10-2025T22:00:20 - [MESSAGE][PASSED] - Delayed 1 second(s)

21-10-2025T22:00:20 - [TEST_STEP][PASSED] - click(findTestObject("FIM/Hamburger Menu List/KAG_Sites_option")): Object: 'Object Repository/FIM/Hamburger Menu List/KAG_Sites_option' is clicked on

21-10-2025T22:00:20 - [MESSAGE][PASSED] - Object: 'Object Repository/FIM/Hamburger Menu List/KAG_Sites_option' is clicked on

21-10-2025T22:00:20 - [TEST_STEP][PASSED] - waitForElementPresent(findTestObject("FIM/Sites Page/Calculator/Calculator Tab"), 10): Object 'Object Repository/FIM/Sites Page/Calculator/Calculator Tab' is present

21-10-2025T22:00:28 - [MESSAGE][PASSED] - Object 'Object Repository/FIM/Sites Page/Calculator/Calculator Tab' is present

21-10-2025T22:00:28 - [TEST_STEP][PASSED] - while (i < 60 == true): null

21-10-2025T22:00:28 - [TEST_STEP][PASSED] - sendKeys(findTestObject("FIM/Sites Page/Site Filtering/Site_txt"), Keys.chord(BACK_SPACE), STOP_ON_FAILURE): Keys 'BACK_SPACE + ' sent to object: 'Object Repository/FIM/Sites Page/Site Filtering/Site_txt'

21-10-2025T22:00:29 - [MESSAGE][PASSED] - Keys 'BACK_SPACE + ' sent to object: 'Object Repository/FIM/Sites Page/Site Filtering/Site_txt'

21-10-2025T22:00:29 - [TEST_STEP][PASSED] - (i++): null

21-10-2025T22:00:29 - [TEST_STEP][PASSED] - sendKeys(findTestObject("FIM/Sites Page/Site Filtering/Site_txt"), Keys.chord(BACK_SPACE), STOP_ON_FAILURE): Keys 'BACK_SPACE + ' sent to object: 'Object Repository/FIM/Sites Page/Site Filtering/Site_txt'

21-10-2025T22:00:29 - [MESSAGE][PASSED] - Keys 'BACK_SPACE + ' sent to object: 'Object Repository/FIM/Sites Page/Site Filtering/Site_txt'

21-10-2025T22:00:29 - [TEST_STEP][PASSED] - (i++): null

21-10-2025T22:00:29 - [TEST_STEP][PASSED] - sendKeys(findTestObject("FIM/Sites Page/Site Filtering/Site_txt"), Keys.chord(BACK_SPACE), STOP_ON_FAILURE): Keys 'BACK_SPACE + ' sent to object: 'Object Repository/FIM/Sites Page/Site Filtering/Site_txt'

21-10-2025T22:00:29 - [MESSAGE][PASSED] - Keys 'BACK_SPACE + ' sent to object: 'Object Repository/FIM/Sites Page/Site Filtering/Site_txt'

21-10-2025T22:00:29 - [TEST_STEP][PASSED] - (i++): null

21-10-2025T22:00:29 - [TEST_STEP][PASSED] - sendKeys(findTestObject("FIM/Sites Page/Site Filtering/Site_txt"), Keys.chord(BACK_SPACE), STOP_ON_FAILURE): Keys 'BACK_SPACE + ' sent to object: 'Object Repository/FIM/Sites Page/Site Filtering/Site_txt'

21-10-2025T22:00:29 - [MESSAGE][PASSED] - Keys 'BACK_SPACE + ' sent to object: 'Object Repository/FIM/Sites Page/Site Filtering/Site_txt'

21-10-2025T22:00:29 - [TEST_STEP][PASSED] - (i++): null

21-10-2025T22:00:29 - [TEST_STEP][PASSED] - sendKeys(findTestObject("FIM/Sites Page/Site Filtering/Site_txt"), Keys.chord(BACK_SPACE), STOP_ON_FAILURE): Keys 'BACK_SPACE + ' sent to object: 'Object Repository/FIM/Sites Page/Site Filtering/Site_txt'

21-10-2025T22:00:30 - [MESSAGE][PASSED] - Keys 'BACK_SPACE + ' sent to object: 'Object Repository/FIM/Sites Page/Site Filtering/Site_txt'

21-10-2025T22:00:30 - [TEST_STEP][PASSED] - (i++): null

21-10-2025T22:00:30 - [TEST_STEP][PASSED] - sendKeys(findTestObject("FIM/Sites Page/Site Filtering/Site_txt"), Keys.chord(BACK_SPACE), STOP_ON_FAILURE): Keys 'BACK_SPACE + ' sent to object: 'Object Repository/FIM/Sites Page/Site Filtering/Site_txt'

21-10-2025T22:00:30 - [MESSAGE][PASSED] - Keys 'BACK_SPACE + ' sent to object: 'Object Repository/FIM/Sites Page/Site Filtering/Site_txt'

21-10-2025T22:00:30 - [TEST_STEP][PASSED] - (i++): null

21-10-2025T22:00:30 - [TEST_STEP][PASSED] - sendKeys(findTestObject("FIM/Sites Page/Site Filtering/Site_txt"), Keys.chord(BACK_SPACE), STOP_ON_FAILURE): Keys 'BACK_SPACE + ' sent to object: 'Object Repository/FIM/Sites Page/Site Filtering/Site_txt'

21-10-2025T22:00:30 - [MESSAGE][PASSED] - Keys 'BACK_SPACE + ' sent to object: 'Object Repository/FIM/Sites Page/Site Filtering/Site_txt'

21-10-2025T22:00:30 - [TEST_STEP][PASSED] - (i++): null

21-10-2025T22:00:30 - [TEST_STEP][PASSED] - sendKeys(findTestObject("FIM/Sites Page/Site Filtering/Site_txt"), Keys.chord(BACK_SPACE), STOP_ON_FAILURE): Keys 'BACK_SPACE + ' sent to object: 'Object Repository/FIM/Sites Page/Site Filtering/Site_txt'

21-10-2025T22:00:30 - [MESSAGE][PASSED] - Keys 'BACK_SPACE + ' sent to object: 'Object Repository/FIM/Sites Page/Site Filtering/Site_txt'

21-10-2025T22:00:30 - [TEST_STEP][PASSED] - (i++): null

21-10-2025T22:00:30 - [TEST_STEP][PASSED] - sendKeys(findTestObject("FIM/Sites Page/Site Filtering/Site_txt"), Keys.chord(BACK_SPACE), STOP_ON_FAILURE): Keys 'BACK_SPACE + ' sent to object: 'Object Repository/FIM/Sites Page/Site Filtering/Site_txt'

21-10-2025T22:00:30 - [MESSAGE][PASSED] - Keys 'BACK_SPACE + ' sent to object: 'Object Repository/FIM/Sites Page/Site Filtering/Site_txt'

21-10-2025T22:00:30 - [TEST_STEP][PASSED] - (i++): null

21-10-2025T22:00:30 - [TEST_STEP][PASSED] - sendKeys(findTestObject("FIM/Sites Page/Site Filtering/Site_txt"), Keys.chord(BACK_SPACE), STOP_ON_FAILURE): Keys 'BACK_SPACE + ' sent to object: 'Object Repository/FIM/Sites Page/Site Filtering/Site_txt'

21-10-2025T22:00:30 - [MESSAGE][PASSED] - Keys 'BACK_SPACE + ' sent to object: 'Object Repository/FIM/Sites Page/Site Filtering/Site_txt'

21-10-2025T22:00:30 - [TEST_STEP][PASSED] - (i++): null

21-10-2025T22:00:30 - [TEST_STEP][PASSED] - sendKeys(findTestObject("FIM/Sites Page/Site Filtering/Site_txt"), Keys.chord(BACK_SPACE), STOP_ON_FAILURE): Keys 'BACK_SPACE + ' sent to object: 'Object Repository/FIM/Sites Page/Site Filtering/Site_txt'

21-10-2025T22:00:30 - [MESSAGE][PASSED] - Keys 'BACK_SPACE + ' sent to object: 'Object Repository/FIM/Sites Page/Site Filtering/Site_txt'

21-10-2025T22:00:30 - [TEST_STEP][PASSED] - (i++): null

21-10-2025T22:00:30 - [TEST_STEP][PASSED] - sendKeys(findTestObject("FIM/Sites Page/Site Filtering/Site_txt"), Keys.chord(BACK_SPACE), STOP_ON_FAILURE): Keys 'BACK_SPACE + ' sent to object: 'Object Repository/FIM/Sites Page/Site Filtering/Site_txt'

21-10-2025T22:00:30 - [MESSAGE][PASSED] - Keys 'BACK_SPACE + ' sent to object: 'Object Repository/FIM/Sites Page/Site Filtering/Site_txt'

21-10-2025T22:00:30 - [TEST_STEP][PASSED] - (i++): null

21-10-2025T22:00:30 - [TEST_STEP][PASSED] - sendKeys(findTestObject("FIM/Sites Page/Site Filtering/Site_txt"), Keys.chord(BACK_SPACE), STOP_ON_FAILURE): Keys 'BACK_SPACE + ' sent to object: 'Object Repository/FIM/Sites Page/Site Filtering/Site_txt'

21-10-2025T22:00:30 - [MESSAGE][PASSED] - Keys 'BACK_SPACE + ' sent to object: 'Object Repository/FIM/Sites Page/Site Filtering/Site_txt'

21-10-2025T22:00:30 - [TEST_STEP][PASSED] - (i++): null

21-10-2025T22:00:30 - [TEST_STEP][PASSED] - sendKeys(findTestObject("FIM/Sites Page/Site Filtering/Site_txt"), Keys.chord(BACK_SPACE), STOP_ON_FAILURE): Keys 'BACK_SPACE + ' sent to object: 'Object Repository/FIM/Sites Page/Site Filtering/Site_txt'

21-10-2025T22:00:30 - [MESSAGE][PASSED] - Keys 'BACK_SPACE + ' sent to object: 'Object Repository/FIM/Sites Page/Site Filtering/Site_txt'

21-10-2025T22:00:30 - [TEST_STEP][PASSED] - (i++): null

21-10-2025T22:00:30 - [TEST_STEP][PASSED] - sendKeys(findTestObject("FIM/Sites Page/Site Filtering/Site_txt"), Keys.chord(BACK_SPACE), STOP_ON_FAILURE): Keys 'BACK_SPACE + ' sent to object: 'Object Repository/FIM/Sites Page/Site Filtering/Site_txt'

21-10-2025T22:00:30 - [MESSAGE][PASSED] - Keys 'BACK_SPACE + ' sent to object: 'Object Repository/FIM/Sites Page/Site Filtering/Site_txt'

21-10-2025T22:00:30 - [TEST_STEP][PASSED] - (i++): null

21-10-2025T22:00:30 - [TEST_STEP][PASSED] - sendKeys(findTestObject("FIM/Sites Page/Site Filtering/Site_txt"), Keys.chord(BACK_SPACE), STOP_ON_FAILURE): Keys 'BACK_SPACE + ' sent to object: 'Object Repository/FIM/Sites Page/Site Filtering/Site_txt'

21-10-2025T22:00:30 - [MESSAGE][PASSED] - Keys 'BACK_SPACE + ' sent to object: 'Object Repository/FIM/Sites Page/Site Filtering/Site_txt'

21-10-2025T22:00:30 - [TEST_STEP][PASSED] - (i++): null

21-10-2025T22:00:30 - [TEST_STEP][PASSED] - sendKeys(findTestObject("FIM/Sites Page/Site Filtering/Site_txt"), Keys.chord(BACK_SPACE), STOP_ON_FAILURE): Keys 'BACK_SPACE + ' sent to object: 'Object Repository/FIM/Sites Page/Site Filtering/Site_txt'

21-10-2025T22:00:30 - [MESSAGE][PASSED] - Keys 'BACK_SPACE + ' sent to object: 'Object Repository/FIM/Sites Page/Site Filtering/Site_txt'

21-10-2025T22:00:31 - [TEST_STEP][PASSED] - (i++): null

21-10-2025T22:00:31 - [TEST_STEP][PASSED] - sendKeys(findTestObject("FIM/Sites Page/Site Filtering/Site_txt"), Keys.chord(BACK_SPACE), STOP_ON_FAILURE): Keys 'BACK_SPACE + ' sent to object: 'Object Repository/FIM/Sites Page/Site Filtering/Site_txt'

21-10-2025T22:00:31 - [MESSAGE][PASSED] - Keys 'BACK_SPACE + ' sent to object: 'Object Repository/FIM/Sites Page/Site Filtering/Site_txt'

21-10-2025T22:00:31 - [TEST_STEP][PASSED] - (i++): null

21-10-2025T22:00:31 - [TEST_STEP][PASSED] - sendKeys(findTestObject("FIM/Sites Page/Site Filtering/Site_txt"), Keys.chord(BACK_SPACE), STOP_ON_FAILURE): Keys 'BACK_SPACE + ' sent to object: 'Object Repository/FIM/Sites Page/Site Filtering/Site_txt'

21-10-2025T22:00:31 - [MESSAGE][PASSED] - Keys 'BACK_SPACE + ' sent to object: 'Object Repository/FIM/Sites Page/Site Filtering/Site_txt'

21-10-2025T22:00:31 - [TEST_STEP][PASSED] - (i++): null

21-10-2025T22:00:31 - [TEST_STEP][PASSED] - sendKeys(findTestObject("FIM/Sites Page/Site Filtering/Site_txt"), Keys.chord(BACK_SPACE), STOP_ON_FAILURE): Keys 'BACK_SPACE + ' sent to object: 'Object Repository/FIM/Sites Page/Site Filtering/Site_txt'

21-10-2025T22:00:31 - [MESSAGE][PASSED] - Keys 'BACK_SPACE + ' sent to object: 'Object Repository/FIM/Sites Page/Site Filtering/Site_txt'

21-10-2025T22:00:31 - [TEST_STEP][PASSED] - (i++): null

21-10-2025T22:00:31 - [TEST_STEP][PASSED] - sendKeys(findTestObject("FIM/Sites Page/Site Filtering/Site_txt"), Keys.chord(BACK_SPACE), STOP_ON_FAILURE): Keys 'BACK_SPACE + ' sent to object: 'Object Repository/FIM/Sites Page/Site Filtering/Site_txt'

21-10-2025T22:00:31 - [MESSAGE][PASSED] - Keys 'BACK_SPACE + ' sent to object: 'Object Repository/FIM/Sites Page/Site Filtering/Site_txt'

21-10-2025T22:00:31 - [TEST_STEP][PASSED] - (i++): null

21-10-2025T22:00:31 - [TEST_STEP][PASSED] - sendKeys(findTestObject("FIM/Sites Page/Site Filtering/Site_txt"), Keys.chord(BACK_SPACE), STOP_ON_FAILURE): Keys 'BACK_SPACE + ' sent to object: 'Object Repository/FIM/Sites Page/Site Filtering/Site_txt'

21-10-2025T22:00:31 - [MESSAGE][PASSED] - Keys 'BACK_SPACE + ' sent to object: 'Object Repository/FIM/Sites Page/Site Filtering/Site_txt'

21-10-2025T22:00:31 - [TEST_STEP][PASSED] - (i++): null

21-10-2025T22:00:31 - [TEST_STEP][PASSED] - sendKeys(findTestObject("FIM/Sites Page/Site Filtering/Site_txt"), Keys.chord(BACK_SPACE), STOP_ON_FAILURE): Keys 'BACK_SPACE + ' sent to object: 'Object Repository/FIM/Sites Page/Site Filtering/Site_txt'

21-10-2025T22:00:31 - [MESSAGE][PASSED] - Keys 'BACK_SPACE + ' sent to object: 'Object Repository/FIM/Sites Page/Site Filtering/Site_txt'

21-10-2025T22:00:31 - [TEST_STEP][PASSED] - (i++): null

21-10-2025T22:00:31 - [TEST_STEP][PASSED] - sendKeys(findTestObject("FIM/Sites Page/Site Filtering/Site_txt"), Keys.chord(BACK_SPACE), STOP_ON_FAILURE): Keys 'BACK_SPACE + ' sent to object: 'Object Repository/FIM/Sites Page/Site Filtering/Site_txt'

21-10-2025T22:00:31 - [MESSAGE][PASSED] - Keys 'BACK_SPACE + ' sent to object: 'Object Repository/FIM/Sites Page/Site Filtering/Site_txt'

21-10-2025T22:00:31 - [TEST_STEP][PASSED] - (i++): null

21-10-2025T22:00:31 - [TEST_STEP][PASSED] - sendKeys(findTestObject("FIM/Sites Page/Site Filtering/Site_txt"), Keys.chord(BACK_SPACE), STOP_ON_FAILURE): Keys 'BACK_SPACE + ' sent to object: 'Object Repository/FIM/Sites Page/Site Filtering/Site_txt'

21-10-2025T22:00:31 - [MESSAGE][PASSED] - Keys 'BACK_SPACE + ' sent to object: 'Object Repository/FIM/Sites Page/Site Filtering/Site_txt'

21-10-2025T22:00:31 - [TEST_STEP][PASSED] - (i++): null

21-10-2025T22:00:31 - [TEST_STEP][PASSED] - sendKeys(findTestObject("FIM/Sites Page/Site Filtering/Site_txt"), Keys.chord(BACK_SPACE), STOP_ON_FAILURE): Keys 'BACK_SPACE + ' sent to object: 'Object Repository/FIM/Sites Page/Site Filtering/Site_txt'

21-10-2025T22:00:31 - [MESSAGE][PASSED] - Keys 'BACK_SPACE + ' sent to object: 'Object Repository/FIM/Sites Page/Site Filtering/Site_txt'

21-10-2025T22:00:31 - [TEST_STEP][PASSED] - (i++): null

21-10-2025T22:00:31 - [TEST_STEP][PASSED] - sendKeys(findTestObject("FIM/Sites Page/Site Filtering/Site_txt"), Keys.chord(BACK_SPACE), STOP_ON_FAILURE): Keys 'BACK_SPACE + ' sent to object: 'Object Repository/FIM/Sites Page/Site Filtering/Site_txt'

21-10-2025T22:00:31 - [MESSAGE][PASSED] - Keys 'BACK_SPACE + ' sent to object: 'Object Repository/FIM/Sites Page/Site Filtering/Site_txt'

21-10-2025T22:00:31 - [TEST_STEP][PASSED] - (i++): null

21-10-2025T22:00:31 - [TEST_STEP][PASSED] - sendKeys(findTestObject("FIM/Sites Page/Site Filtering/Site_txt"), Keys.chord(BACK_SPACE), STOP_ON_FAILURE): Keys 'BACK_SPACE + ' sent to object: 'Object Repository/FIM/Sites Page/Site Filtering/Site_txt'

21-10-2025T22:00:31 - [MESSAGE][PASSED] - Keys 'BACK_SPACE + ' sent to object: 'Object Repository/FIM/Sites Page/Site Filtering/Site_txt'

21-10-2025T22:00:31 - [TEST_STEP][PASSED] - (i++): null

21-10-2025T22:00:31 - [TEST_STEP][PASSED] - sendKeys(findTestObject("FIM/Sites Page/Site Filtering/Site_txt"), Keys.chord(BACK_SPACE), STOP_ON_FAILURE): Keys 'BACK_SPACE + ' sent to object: 'Object Repository/FIM/Sites Page/Site Filtering/Site_txt'

21-10-2025T22:00:32 - [MESSAGE][PASSED] - Keys 'BACK_SPACE + ' sent to object: 'Object Repository/FIM/Sites Page/Site Filtering/Site_txt'

21-10-2025T22:00:32 - [TEST_STEP][PASSED] - (i++): null

21-10-2025T22:00:32 - [TEST_STEP][PASSED] - sendKeys(findTestObject("FIM/Sites Page/Site Filtering/Site_txt"), Keys.chord(BACK_SPACE), STOP_ON_FAILURE): Keys 'BACK_SPACE + ' sent to object: 'Object Repository/FIM/Sites Page/Site Filtering/Site_txt'

21-10-2025T22:00:32 - [MESSAGE][PASSED] - Keys 'BACK_SPACE + ' sent to object: 'Object Repository/FIM/Sites Page/Site Filtering/Site_txt'

21-10-2025T22:00:32 - [TEST_STEP][PASSED] - (i++): null

21-10-2025T22:00:32 - [TEST_STEP][PASSED] - sendKeys(findTestObject("FIM/Sites Page/Site Filtering/Site_txt"), Keys.chord(BACK_SPACE), STOP_ON_FAILURE): Keys 'BACK_SPACE + ' sent to object: 'Object Repository/FIM/Sites Page/Site Filtering/Site_txt'

21-10-2025T22:00:32 - [MESSAGE][PASSED] - Keys 'BACK_SPACE + ' sent to object: 'Object Repository/FIM/Sites Page/Site Filtering/Site_txt'

21-10-2025T22:00:32 - [TEST_STEP][PASSED] - (i++): null

21-10-2025T22:00:32 - [TEST_STEP][PASSED] - sendKeys(findTestObject("FIM/Sites Page/Site Filtering/Site_txt"), Keys.chord(BACK_SPACE), STOP_ON_FAILURE): Keys 'BACK_SPACE + ' sent to object: 'Object Repository/FIM/Sites Page/Site Filtering/Site_txt'

21-10-2025T22:00:32 - [MESSAGE][PASSED] - Keys 'BACK_SPACE + ' sent to object: 'Object Repository/FIM/Sites Page/Site Filtering/Site_txt'

21-10-2025T22:00:32 - [TEST_STEP][PASSED] - (i++): null

21-10-2025T22:00:32 - [TEST_STEP][PASSED] - sendKeys(findTestObject("FIM/Sites Page/Site Filtering/Site_txt"), Keys.chord(BACK_SPACE), STOP_ON_FAILURE): Keys 'BACK_SPACE + ' sent to object: 'Object Repository/FIM/Sites Page/Site Filtering/Site_txt'

21-10-2025T22:00:32 - [MESSAGE][PASSED] - Keys 'BACK_SPACE + ' sent to object: 'Object Repository/FIM/Sites Page/Site Filtering/Site_txt'

21-10-2025T22:00:32 - [TEST_STEP][PASSED] - (i++): null

21-10-2025T22:00:32 - [TEST_STEP][PASSED] - sendKeys(findTestObject("FIM/Sites Page/Site Filtering/Site_txt"), Keys.chord(BACK_SPACE), STOP_ON_FAILURE): Keys 'BACK_SPACE + ' sent to object: 'Object Repository/FIM/Sites Page/Site Filtering/Site_txt'

21-10-2025T22:00:32 - [MESSAGE][PASSED] - Keys 'BACK_SPACE + ' sent to object: 'Object Repository/FIM/Sites Page/Site Filtering/Site_txt'

21-10-2025T22:00:32 - [TEST_STEP][PASSED] - (i++): null

21-10-2025T22:00:32 - [TEST_STEP][PASSED] - sendKeys(findTestObject("FIM/Sites Page/Site Filtering/Site_txt"), Keys.chord(BACK_SPACE), STOP_ON_FAILURE): Keys 'BACK_SPACE + ' sent to object: 'Object Repository/FIM/Sites Page/Site Filtering/Site_txt'

21-10-2025T22:00:32 - [MESSAGE][PASSED] - Keys 'BACK_SPACE + ' sent to object: 'Object Repository/FIM/Sites Page/Site Filtering/Site_txt'

21-10-2025T22:00:32 - [TEST_STEP][PASSED] - (i++): null

21-10-2025T22:00:32 - [TEST_STEP][PASSED] - sendKeys(findTestObject("FIM/Sites Page/Site Filtering/Site_txt"), Keys.chord(BACK_SPACE), STOP_ON_FAILURE): Keys 'BACK_SPACE + ' sent to object: 'Object Repository/FIM/Sites Page/Site Filtering/Site_txt'

21-10-2025T22:00:32 - [MESSAGE][PASSED] - Keys 'BACK_SPACE + ' sent to object: 'Object Repository/FIM/Sites Page/Site Filtering/Site_txt'

21-10-2025T22:00:32 - [TEST_STEP][PASSED] - (i++): null

21-10-2025T22:00:32 - [TEST_STEP][PASSED] - sendKeys(findTestObject("FIM/Sites Page/Site Filtering/Site_txt"), Keys.chord(BACK_SPACE), STOP_ON_FAILURE): Keys 'BACK_SPACE + ' sent to object: 'Object Repository/FIM/Sites Page/Site Filtering/Site_txt'

21-10-2025T22:00:32 - [MESSAGE][PASSED] - Keys 'BACK_SPACE + ' sent to object: 'Object Repository/FIM/Sites Page/Site Filtering/Site_txt'

21-10-2025T22:00:32 - [TEST_STEP][PASSED] - (i++): null

21-10-2025T22:00:32 - [TEST_STEP][PASSED] - sendKeys(findTestObject("FIM/Sites Page/Site Filtering/Site_txt"), Keys.chord(BACK_SPACE), STOP_ON_FAILURE): Keys 'BACK_SPACE + ' sent to object: 'Object Repository/FIM/Sites Page/Site Filtering/Site_txt'

21-10-2025T22:00:32 - [MESSAGE][PASSED] - Keys 'BACK_SPACE + ' sent to object: 'Object Repository/FIM/Sites Page/Site Filtering/Site_txt'

21-10-2025T22:00:32 - [TEST_STEP][PASSED] - (i++): null

21-10-2025T22:00:32 - [TEST_STEP][PASSED] - sendKeys(findTestObject("FIM/Sites Page/Site Filtering/Site_txt"), Keys.chord(BACK_SPACE), STOP_ON_FAILURE): Keys 'BACK_SPACE + ' sent to object: 'Object Repository/FIM/Sites Page/Site Filtering/Site_txt'

21-10-2025T22:00:32 - [MESSAGE][PASSED] - Keys 'BACK_SPACE + ' sent to object: 'Object Repository/FIM/Sites Page/Site Filtering/Site_txt'

21-10-2025T22:00:32 - [TEST_STEP][PASSED] - (i++): null

21-10-2025T22:00:32 - [TEST_STEP][PASSED] - sendKeys(findTestObject("FIM/Sites Page/Site Filtering/Site_txt"), Keys.chord(BACK_SPACE), STOP_ON_FAILURE): Keys 'BACK_SPACE + ' sent to object: 'Object Repository/FIM/Sites Page/Site Filtering/Site_txt'

21-10-2025T22:00:32 - [MESSAGE][PASSED] - Keys 'BACK_SPACE + ' sent to object: 'Object Repository/FIM/Sites Page/Site Filtering/Site_txt'

21-10-2025T22:00:32 - [TEST_STEP][PASSED] - (i++): null

21-10-2025T22:00:32 - [TEST_STEP][PASSED] - sendKeys(findTestObject("FIM/Sites Page/Site Filtering/Site_txt"), Keys.chord(BACK_SPACE), STOP_ON_FAILURE): Keys 'BACK_SPACE + ' sent to object: 'Object Repository/FIM/Sites Page/Site Filtering/Site_txt'

21-10-2025T22:00:32 - [MESSAGE][PASSED] - Keys 'BACK_SPACE + ' sent to object: 'Object Repository/FIM/Sites Page/Site Filtering/Site_txt'

21-10-2025T22:00:32 - [TEST_STEP][PASSED] - (i++): null

21-10-2025T22:00:32 - [TEST_STEP][PASSED] - sendKeys(findTestObject("FIM/Sites Page/Site Filtering/Site_txt"), Keys.chord(BACK_SPACE), STOP_ON_FAILURE): Keys 'BACK_SPACE + ' sent to object: 'Object Repository/FIM/Sites Page/Site Filtering/Site_txt'

21-10-2025T22:00:33 - [MESSAGE][PASSED] - Keys 'BACK_SPACE + ' sent to object: 'Object Repository/FIM/Sites Page/Site Filtering/Site_txt'

21-10-2025T22:00:33 - [TEST_STEP][PASSED] - (i++): null

21-10-2025T22:00:33 - [TEST_STEP][PASSED] - sendKeys(findTestObject("FIM/Sites Page/Site Filtering/Site_txt"), Keys.chord(BACK_SPACE), STOP_ON_FAILURE): Keys 'BACK_SPACE + ' sent to object: 'Object Repository/FIM/Sites Page/Site Filtering/Site_txt'

21-10-2025T22:00:33 - [MESSAGE][PASSED] - Keys 'BACK_SPACE + ' sent to object: 'Object Repository/FIM/Sites Page/Site Filtering/Site_txt'

21-10-2025T22:00:33 - [TEST_STEP][PASSED] - (i++): null

21-10-2025T22:00:33 - [TEST_STEP][PASSED] - sendKeys(findTestObject("FIM/Sites Page/Site Filtering/Site_txt"), Keys.chord(BACK_SPACE), STOP_ON_FAILURE): Keys 'BACK_SPACE + ' sent to object: 'Object Repository/FIM/Sites Page/Site Filtering/Site_txt'

21-10-2025T22:00:33 - [MESSAGE][PASSED] - Keys 'BACK_SPACE + ' sent to object: 'Object Repository/FIM/Sites Page/Site Filtering/Site_txt'

21-10-2025T22:00:33 - [TEST_STEP][PASSED] - (i++): null

21-10-2025T22:00:33 - [TEST_STEP][PASSED] - sendKeys(findTestObject("FIM/Sites Page/Site Filtering/Site_txt"), Keys.chord(BACK_SPACE), STOP_ON_FAILURE): Keys 'BACK_SPACE + ' sent to object: 'Object Repository/FIM/Sites Page/Site Filtering/Site_txt'

21-10-2025T22:00:33 - [MESSAGE][PASSED] - Keys 'BACK_SPACE + ' sent to object: 'Object Repository/FIM/Sites Page/Site Filtering/Site_txt'

21-10-2025T22:00:33 - [TEST_STEP][PASSED] - (i++): null

21-10-2025T22:00:33 - [TEST_STEP][PASSED] - sendKeys(findTestObject("FIM/Sites Page/Site Filtering/Site_txt"), Keys.chord(BACK_SPACE), STOP_ON_FAILURE): Keys 'BACK_SPACE + ' sent to object: 'Object Repository/FIM/Sites Page/Site Filtering/Site_txt'

21-10-2025T22:00:33 - [MESSAGE][PASSED] - Keys 'BACK_SPACE + ' sent to object: 'Object Repository/FIM/Sites Page/Site Filtering/Site_txt'

21-10-2025T22:00:33 - [TEST_STEP][PASSED] - (i++): null

21-10-2025T22:00:33 - [TEST_STEP][PASSED] - sendKeys(findTestObject("FIM/Sites Page/Site Filtering/Site_txt"), Keys.chord(BACK_SPACE), STOP_ON_FAILURE): Keys 'BACK_SPACE + ' sent to object: 'Object Repository/FIM/Sites Page/Site Filtering/Site_txt'

21-10-2025T22:00:33 - [MESSAGE][PASSED] - Keys 'BACK_SPACE + ' sent to object: 'Object Repository/FIM/Sites Page/Site Filtering/Site_txt'

21-10-2025T22:00:33 - [TEST_STEP][PASSED] - (i++): null

21-10-2025T22:00:33 - [TEST_STEP][PASSED] - sendKeys(findTestObject("FIM/Sites Page/Site Filtering/Site_txt"), Keys.chord(BACK_SPACE), STOP_ON_FAILURE): Keys 'BACK_SPACE + ' sent to object: 'Object Repository/FIM/Sites Page/Site Filtering/Site_txt'

21-10-2025T22:00:33 - [MESSAGE][PASSED] - Keys 'BACK_SPACE + ' sent to object: 'Object Repository/FIM/Sites Page/Site Filtering/Site_txt'

21-10-2025T22:00:33 - [TEST_STEP][PASSED] - (i++): null

21-10-2025T22:00:33 - [TEST_STEP][PASSED] - sendKeys(findTestObject("FIM/Sites Page/Site Filtering/Site_txt"), Keys.chord(BACK_SPACE), STOP_ON_FAILURE): Keys 'BACK_SPACE + ' sent to object: 'Object Repository/FIM/Sites Page/Site Filtering/Site_txt'

21-10-2025T22:00:33 - [MESSAGE][PASSED] - Keys 'BACK_SPACE + ' sent to object: 'Object Repository/FIM/Sites Page/Site Filtering/Site_txt'

21-10-2025T22:00:33 - [TEST_STEP][PASSED] - (i++): null

21-10-2025T22:00:33 - [TEST_STEP][PASSED] - sendKeys(findTestObject("FIM/Sites Page/Site Filtering/Site_txt"), Keys.chord(BACK_SPACE), STOP_ON_FAILURE): Keys 'BACK_SPACE + ' sent to object: 'Object Repository/FIM/Sites Page/Site Filtering/Site_txt'

21-10-2025T22:00:33 - [MESSAGE][PASSED] - Keys 'BACK_SPACE + ' sent to object: 'Object Repository/FIM/Sites Page/Site Filtering/Site_txt'

21-10-2025T22:00:33 - [TEST_STEP][PASSED] - (i++): null

21-10-2025T22:00:33 - [TEST_STEP][PASSED] - sendKeys(findTestObject("FIM/Sites Page/Site Filtering/Site_txt"), Keys.chord(BACK_SPACE), STOP_ON_FAILURE): Keys 'BACK_SPACE + ' sent to object: 'Object Repository/FIM/Sites Page/Site Filtering/Site_txt'

21-10-2025T22:00:33 - [MESSAGE][PASSED] - Keys 'BACK_SPACE + ' sent to object: 'Object Repository/FIM/Sites Page/Site Filtering/Site_txt'

21-10-2025T22:00:33 - [TEST_STEP][PASSED] - (i++): null

21-10-2025T22:00:33 - [TEST_STEP][PASSED] - sendKeys(findTestObject("FIM/Sites Page/Site Filtering/Site_txt"), Keys.chord(BACK_SPACE), STOP_ON_FAILURE): Keys 'BACK_SPACE + ' sent to object: 'Object Repository/FIM/Sites Page/Site Filtering/Site_txt'

21-10-2025T22:00:34 - [MESSAGE][PASSED] - Keys 'BACK_SPACE + ' sent to object: 'Object Repository/FIM/Sites Page/Site Filtering/Site_txt'

21-10-2025T22:00:34 - [TEST_STEP][PASSED] - (i++): null

21-10-2025T22:00:34 - [TEST_STEP][PASSED] - sendKeys(findTestObject("FIM/Sites Page/Site Filtering/Site_txt"), Keys.chord(BACK_SPACE), STOP_ON_FAILURE): Keys 'BACK_SPACE + ' sent to object: 'Object Repository/FIM/Sites Page/Site Filtering/Site_txt'

21-10-2025T22:00:34 - [MESSAGE][PASSED] - Keys 'BACK_SPACE + ' sent to object: 'Object Repository/FIM/Sites Page/Site Filtering/Site_txt'

21-10-2025T22:00:34 - [TEST_STEP][PASSED] - (i++): null

21-10-2025T22:00:34 - [TEST_STEP][PASSED] - sendKeys(findTestObject("FIM/Sites Page/Site Filtering/Site_txt"), Keys.chord(BACK_SPACE), STOP_ON_FAILURE): Keys 'BACK_SPACE + ' sent to object: 'Object Repository/FIM/Sites Page/Site Filtering/Site_txt'

21-10-2025T22:00:35 - [MESSAGE][PASSED] - Keys 'BACK_SPACE + ' sent to object: 'Object Repository/FIM/Sites Page/Site Filtering/Site_txt'

21-10-2025T22:00:35 - [TEST_STEP][PASSED] - (i++): null

21-10-2025T22:00:35 - [TEST_STEP][PASSED] - sendKeys(findTestObject("FIM/Sites Page/Site Filtering/Site_txt"), Keys.chord(BACK_SPACE), STOP_ON_FAILURE): Keys 'BACK_SPACE + ' sent to object: 'Object Repository/FIM/Sites Page/Site Filtering/Site_txt'

21-10-2025T22:00:35 - [MESSAGE][PASSED] - Keys 'BACK_SPACE + ' sent to object: 'Object Repository/FIM/Sites Page/Site Filtering/Site_txt'

21-10-2025T22:00:35 - [TEST_STEP][PASSED] - (i++): null

21-10-2025T22:00:35 - [TEST_STEP][PASSED] - sendKeys(findTestObject("FIM/Sites Page/Site Filtering/Site_txt"), Keys.chord(BACK_SPACE), STOP_ON_FAILURE): Keys 'BACK_SPACE + ' sent to object: 'Object Repository/FIM/Sites Page/Site Filtering/Site_txt'

21-10-2025T22:00:35 - [MESSAGE][PASSED] - Keys 'BACK_SPACE + ' sent to object: 'Object Repository/FIM/Sites Page/Site Filtering/Site_txt'

21-10-2025T22:00:35 - [TEST_STEP][PASSED] - (i++): null

21-10-2025T22:00:35 - [TEST_STEP][PASSED] - sendKeys(findTestObject("FIM/Sites Page/Site Filtering/Site_txt"), Keys.chord(BACK_SPACE), STOP_ON_FAILURE): Keys 'BACK_SPACE + ' sent to object: 'Object Repository/FIM/Sites Page/Site Filtering/Site_txt'

21-10-2025T22:00:35 - [MESSAGE][PASSED] - Keys 'BACK_SPACE + ' sent to object: 'Object Repository/FIM/Sites Page/Site Filtering/Site_txt'

21-10-2025T22:00:35 - [TEST_STEP][PASSED] - (i++): null

21-10-2025T22:00:35 - [TEST_STEP][PASSED] - sendKeys(findTestObject("FIM/Sites Page/Site Filtering/Site_txt"), Keys.chord(BACK_SPACE), STOP_ON_FAILURE): Keys 'BACK_SPACE + ' sent to object: 'Object Repository/FIM/Sites Page/Site Filtering/Site_txt'

21-10-2025T22:00:35 - [MESSAGE][PASSED] - Keys 'BACK_SPACE + ' sent to object: 'Object Repository/FIM/Sites Page/Site Filtering/Site_txt'

21-10-2025T22:00:35 - [TEST_STEP][PASSED] - (i++): null

21-10-2025T22:00:35 - [TEST_STEP][PASSED] - sendKeys(findTestObject("FIM/Sites Page/Site Filtering/Site_txt"), Keys.chord(BACK_SPACE), STOP_ON_FAILURE): Keys 'BACK_SPACE + ' sent to object: 'Object Repository/FIM/Sites Page/Site Filtering/Site_txt'

21-10-2025T22:00:35 - [MESSAGE][PASSED] - Keys 'BACK_SPACE + ' sent to object: 'Object Repository/FIM/Sites Page/Site Filtering/Site_txt'

21-10-2025T22:00:35 - [TEST_STEP][PASSED] - (i++): null

21-10-2025T22:00:35 - [TEST_STEP][PASSED] - sendKeys(findTestObject("FIM/Sites Page/Site Filtering/Site_txt"), Keys.chord(BACK_SPACE), STOP_ON_FAILURE): Keys 'BACK_SPACE + ' sent to object: 'Object Repository/FIM/Sites Page/Site Filtering/Site_txt'

21-10-2025T22:00:35 - [MESSAGE][PASSED] - Keys 'BACK_SPACE + ' sent to object: 'Object Repository/FIM/Sites Page/Site Filtering/Site_txt'

21-10-2025T22:00:35 - [TEST_STEP][PASSED] - (i++): null

21-10-2025T22:00:35 - [TEST_STEP][PASSED] - sendKeys(findTestObject("FIM/Sites Page/Site Filtering/Site_txt"), "AFM39", STOP_ON_FAILURE): Keys 'AFM39' sent to object: 'Object Repository/FIM/Sites Page/Site Filtering/Site_txt'

21-10-2025T22:00:36 - [MESSAGE][PASSED] - Keys 'AFM39' sent to object: 'Object Repository/FIM/Sites Page/Site Filtering/Site_txt'

21-10-2025T22:00:36 - [TEST_STEP][PASSED] - sendKeys(findTestObject("FIM/Sites Page/Site Filtering/Site_txt"), Keys.chord(ENTER), STOP_ON_FAILURE): Keys 'ENTER + ' sent to object: 'Object Repository/FIM/Sites Page/Site Filtering/Site_txt'

21-10-2025T22:00:36 - [MESSAGE][PASSED] - Keys 'ENTER + ' sent to object: 'Object Repository/FIM/Sites Page/Site Filtering/Site_txt'

21-10-2025T22:00:36 - [TEST_STEP][PASSED] - waitForElementClickable(findTestObject("FIM/Sites Page/Orders/Create Order/CreateOrder_btn"), 300): Object 'Object Repository/FIM/Sites Page/Orders/Create Order/CreateOrder_btn' is clickable

21-10-2025T22:00:37 - [MESSAGE][PASSED] - Object 'Object Repository/FIM/Sites Page/Orders/Create Order/CreateOrder_btn' is clickable

21-10-2025T22:00:37 - [TEST_STEP][PASSED] - click(findTestObject("FIM/Sites Page/Orders/Create Order/CreateOrder_btn"), OPTIONAL): Object: 'Object Repository/FIM/Sites Page/Orders/Create Order/CreateOrder_btn' is clicked on

21-10-2025T22:00:37 - [MESSAGE][PASSED] - Object: 'Object Repository/FIM/Sites Page/Orders/Create Order/CreateOrder_btn' is clicked on

21-10-2025T22:00:37 - [TEST_STEP][PASSED] - delay(1): Delayed 1 second(s)

21-10-2025T22:00:38 - [MESSAGE][PASSED] - Delayed 1 second(s)

21-10-2025T22:00:38 - [TEST_STEP][PASSED] - verifyElementPresent(findTestObject("FIM/Sites Page/Orders/Create Order/Split_Load_Order_toggle"), 10): Object 'Object Repository/FIM/Sites Page/Orders/Create Order/Split_Load_Order_toggle' is present

21-10-2025T22:00:38 - [MESSAGE][PASSED] - Object 'Object Repository/FIM/Sites Page/Orders/Create Order/Split_Load_Order_toggle' is present

21-10-2025T22:00:38 - [TEST_STEP][FAILED] - click(findTestObject("FIM/Sites Page/Orders/Create Order/Split_Load_Order_toggle"), STOP_ON_FAILURE): Unable to click on object 'Object Repository/FIM/Sites Page/Orders/Create Order/Split_Load_Order_toggle' (Root cause: com.kms.katalon.core.exception.StepFailedException: Unable to click on object 'Object Repository/FIM/Sites Page/Orders/Create Order/Split_Load_Order_toggle'
	at com.kms.katalon.core.webui.keyword.internal.WebUIKeywordMain.stepFailed(WebUIKeywordMain.groovy:117)
	at com.kms.katalon.core.webui.keyword.internal.WebUIKeywordMain.runKeyword(WebUIKeywordMain.groovy:43)
	at com.kms.katalon.core.webui.keyword.builtin.ClickKeyword.click(ClickKeyword.groovy:74)
	at com.kms.katalon.core.webui.keyword.builtin.ClickKeyword.execute(ClickKeyword.groovy:40)
	at com.kms.katalon.core.keyword.internal.KeywordExecutor.executeKeywordForPlatform(KeywordExecutor.groovy:74)
	at com.kms.katalon.core.webui.keyword.WebUiBuiltInKeywords.click(WebUiBuiltInKeywords.groovy:647)
	at com.kms.katalon.core.webui.keyword.WebUiBuiltInKeywords$click$10.call(Unknown Source)
	at Create Split Load Order (Adding 1 Site).run(Create Split Load Order (Adding 1 Site):58)
	at com.kms.katalon.core.main.ScriptEngine.run(ScriptEngine.java:194)
	at com.kms.katalon.core.main.ScriptEngine.runScriptAsRawText(ScriptEngine.java:119)
	at com.kms.katalon.core.main.TestCaseExecutor.runScript(TestCaseExecutor.java:448)
	at com.kms.katalon.core.main.TestCaseExecutor.doExecute(TestCaseExecutor.java:439)
	at com.kms.katalon.core.main.TestCaseExecutor.processExecutionPhase(TestCaseExecutor.java:418)
	at com.kms.katalon.core.main.TestCaseExecutor.accessMainPhase(TestCaseExecutor.java:410)
	at com.kms.katalon.core.main.TestCaseExecutor.execute(TestCaseExecutor.java:285)
	at com.kms.katalon.core.common.CommonExecutor.accessTestCaseMainPhase(CommonExecutor.java:65)
	at com.kms.katalon.core.main.TestSuiteExecutor.accessTestSuiteMainPhase(TestSuiteExecutor.java:150)
	at com.kms.katalon.core.main.TestSuiteExecutor.execute(TestSuiteExecutor.java:106)
	at com.kms.katalon.core.main.TestCaseMain.startTestSuite(TestCaseMain.java:180)
	at com.kms.katalon.core.main.TestCaseMain$startTestSuite$0.call(Unknown Source)
	at TempTestSuite1761090815312.run(TempTestSuite1761090815312.groovy:35)
	at java.base/jdk.internal.reflect.NativeMethodAccessorImpl.invoke0(Native Method)
	at java.base/jdk.internal.reflect.NativeMethodAccessorImpl.invoke(NativeMethodAccessorImpl.java:77)
	at java.base/jdk.internal.reflect.DelegatingMethodAccessorImpl.invoke(DelegatingMethodAccessorImpl.java:43)
Caused by: org.openqa.selenium.ElementNotInteractableException: element not interactable
  (Session info: chrome=141.0.7390.122)
Build info: version: '3.141.59', revision: 'unknown', time: 'unknown'
System info: host: 'DC1ADOBLD01', ip: '10.2.20.71', os.name: 'Windows Server 2019', os.arch: 'amd64', os.version: '10.0', java.version: '17.0.7'
Driver info: com.kms.katalon.selenium.driver.CChromeDriver
Capabilities {acceptInsecureCerts: false, browserName: chrome, browserVersion: 141.0.7390.122, chrome: {chromedriverVersion: 141.0.7390.122 (b477534e7e1..., userDataDir: C:\Windows\SystemTemp\scope...}, fedcm:accounts: true, goog:chromeOptions: {debuggerAddress: localhost:57990}, javascriptEnabled: true, networkConnectionEnabled: false, pageLoadStrategy: normal, platform: WINDOWS, platformName: WINDOWS, proxy: Proxy(), setWindowRect: true, strictFileInteractability: false, timeouts: {implicit: 0, pageLoad: 300000, script: 30000}, unhandledPromptBehavior: dismiss and notify, webauthn:extension:credBlob: true, webauthn:extension:largeBlob: true, webauthn:extension:minPinLength: true, webauthn:extension:prf: true, webauthn:virtualAuthenticators: true}
Session ID: 0b849e55c1241654162a3e02b6c4c15d
	at java.base/jdk.internal.reflect.NativeConstructorAccessorImpl.newInstance0(Native Method)
	at java.base/jdk.internal.reflect.NativeConstructorAccessorImpl.newInstance(NativeConstructorAccessorImpl.java:77)
	at java.base/jdk.internal.reflect.DelegatingConstructorAccessorImpl.newInstance(DelegatingConstructorAccessorImpl.java:45)
	at org.openqa.selenium.remote.http.W3CHttpResponseCodec.createException(W3CHttpResponseCodec.java:187)
	at org.openqa.selenium.remote.http.W3CHttpResponseCodec.decode(W3CHttpResponseCodec.java:122)
	at org.openqa.selenium.remote.http.W3CHttpResponseCodec.decode(W3CHttpResponseCodec.java:49)
	at org.openqa.selenium.remote.HttpCommandExecutor.execute(HttpCommandExecutor.java:158)
	at org.openqa.selenium.remote.service.DriverCommandExecutor.execute(DriverCommandExecutor.java:83)
	at org.openqa.selenium.remote.RemoteWebDriver.execute(RemoteWebDriver.java:552)
	at com.kms.katalon.selenium.driver.CChromeDriver.execute(CChromeDriver.java:19)
	at org.openqa.selenium.remote.RemoteWebElement.execute(RemoteWebElement.java:285)
	at org.openqa.selenium.remote.RemoteWebElement.click(RemoteWebElement.java:84)
	at jdk.internal.reflect.GeneratedMethodAccessor20.invoke(Unknown Source)
	at java.base/jdk.internal.reflect.DelegatingMethodAccessorImpl.invoke(DelegatingMethodAccessorImpl.java:43)
	at org.openqa.selenium.support.events.EventFiringWebDriver$EventFiringWebElement.lambda$new$0(EventFiringWebDriver.java:404)
	at jdk.proxy2/jdk.proxy2.$Proxy27.click(Unknown Source)
	at org.openqa.selenium.support.events.EventFiringWebDriver$EventFiringWebElement.click(EventFiringWebDriver.java:417)
	at org.openqa.selenium.WebElement$click.call(Unknown Source)
	at com.kms.katalon.core.webui.keyword.builtin.ClickKeyword.clickUntilSuccessWithTimeout(ClickKeyword.groovy:81)
	at com.kms.katalon.core.webui.keyword.builtin.ClickKeyword.clickUntilSuccessWithTimeout(ClickKeyword.groovy)
	at jdk.internal.reflect.GeneratedMethodAccessor18.invoke(Unknown Source)
	at java.base/jdk.internal.reflect.DelegatingMethodAccessorImpl.invoke(DelegatingMethodAccessorImpl.java:43)
	at com.kms.katalon.core.webui.keyword.builtin.ClickKeyword$_click_closure1.doCall(ClickKeyword.groovy:67)
	at com.kms.katalon.core.webui.keyword.builtin.ClickKeyword$_click_closure1.call(ClickKeyword.groovy)
	at com.kms.katalon.core.webui.keyword.internal.WebUIKeywordMain.runKeyword(WebUIKeywordMain.groovy:35)
	at com.kms.katalon.core.webui.keyword.builtin.ClickKeyword.click(ClickKeyword.groovy:74)
	at com.kms.katalon.core.webui.keyword.builtin.ClickKeyword.execute(ClickKeyword.groovy:40)
	at com.kms.katalon.core.keyword.internal.KeywordExecutor.executeKeywordForPlatform(KeywordExecutor.groovy:74)
	at com.kms.katalon.core.webui.keyword.WebUiBuiltInKeywords.click(WebUiBuiltInKeywords.groovy:647)
	at com.kms.katalon.core.webui.keyword.WebUiBuiltInKeywords$click$10.call(Unknown Source)
	at Script1753385227224.run(Script1753385227224.groovy:58)
	... 16 more
)

21-10-2025T22:00:38 - [MESSAGE][FAILED] - Unable to click on object 'Object Repository/FIM/Sites Page/Orders/Create Order/Split_Load_Order_toggle' (Root cause: com.kms.katalon.core.exception.StepFailedException: Unable to click on object 'Object Repository/FIM/Sites Page/Orders/Create Order/Split_Load_Order_toggle'
	at com.kms.katalon.core.webui.keyword.internal.WebUIKeywordMain.stepFailed(WebUIKeywordMain.groovy:117)
	at com.kms.katalon.core.webui.keyword.internal.WebUIKeywordMain.runKeyword(WebUIKeywordMain.groovy:43)
	at com.kms.katalon.core.webui.keyword.builtin.ClickKeyword.click(ClickKeyword.groovy:74)
	at com.kms.katalon.core.webui.keyword.builtin.ClickKeyword.execute(ClickKeyword.groovy:40)
	at com.kms.katalon.core.keyword.internal.KeywordExecutor.executeKeywordForPlatform(KeywordExecutor.groovy:74)
	at com.kms.katalon.core.webui.keyword.WebUiBuiltInKeywords.click(WebUiBuiltInKeywords.groovy:647)
	at com.kms.katalon.core.webui.keyword.WebUiBuiltInKeywords$click$10.call(Unknown Source)
	at Create Split Load Order (Adding 1 Site).run(Create Split Load Order (Adding 1 Site):58)
	at com.kms.katalon.core.main.ScriptEngine.run(ScriptEngine.java:194)
	at com.kms.katalon.core.main.ScriptEngine.runScriptAsRawText(ScriptEngine.java:119)
	at com.kms.katalon.core.main.TestCaseExecutor.runScript(TestCaseExecutor.java:448)
	at com.kms.katalon.core.main.TestCaseExecutor.doExecute(TestCaseExecutor.java:439)
	at com.kms.katalon.core.main.TestCaseExecutor.processExecutionPhase(TestCaseExecutor.java:418)
	at com.kms.katalon.core.main.TestCaseExecutor.accessMainPhase(TestCaseExecutor.java:410)
	at com.kms.katalon.core.main.TestCaseExecutor.execute(TestCaseExecutor.java:285)
	at com.kms.katalon.core.common.CommonExecutor.accessTestCaseMainPhase(CommonExecutor.java:65)
	at com.kms.katalon.core.main.TestSuiteExecutor.accessTestSuiteMainPhase(TestSuiteExecutor.java:150)
	at com.kms.katalon.core.main.TestSuiteExecutor.execute(TestSuiteExecutor.java:106)
	at com.kms.katalon.core.main.TestCaseMain.startTestSuite(TestCaseMain.java:180)
	at com.kms.katalon.core.main.TestCaseMain$startTestSuite$0.call(Unknown Source)
	at TempTestSuite1761090815312.run(TempTestSuite1761090815312.groovy:35)
	at java.base/jdk.internal.reflect.NativeMethodAccessorImpl.invoke0(Native Method)
	at java.base/jdk.internal.reflect.NativeMethodAccessorImpl.invoke(NativeMethodAccessorImpl.java:77)
	at java.base/jdk.internal.reflect.DelegatingMethodAccessorImpl.invoke(DelegatingMethodAccessorImpl.java:43)
Caused by: org.openqa.selenium.ElementNotInteractableException: element not interactable
  (Session info: chrome=141.0.7390.122)
Build info: version: '3.141.59', revision: 'unknown', time: 'unknown'
System info: host: 'DC1ADOBLD01', ip: '10.2.20.71', os.name: 'Windows Server 2019', os.arch: 'amd64', os.version: '10.0', java.version: '17.0.7'
Driver info: com.kms.katalon.selenium.driver.CChromeDriver
Capabilities {acceptInsecureCerts: false, browserName: chrome, browserVersion: 141.0.7390.122, chrome: {chromedriverVersion: 141.0.7390.122 (b477534e7e1..., userDataDir: C:\Windows\SystemTemp\scope...}, fedcm:accounts: true, goog:chromeOptions: {debuggerAddress: localhost:57990}, javascriptEnabled: true, networkConnectionEnabled: false, pageLoadStrategy: normal, platform: WINDOWS, platformName: WINDOWS, proxy: Proxy(), setWindowRect: true, strictFileInteractability: false, timeouts: {implicit: 0, pageLoad: 300000, script: 30000}, unhandledPromptBehavior: dismiss and notify, webauthn:extension:credBlob: true, webauthn:extension:largeBlob: true, webauthn:extension:minPinLength: true, webauthn:extension:prf: true, webauthn:virtualAuthenticators: true}
Session ID: 0b849e55c1241654162a3e02b6c4c15d
	at java.base/jdk.internal.reflect.NativeConstructorAccessorImpl.newInstance0(Native Method)
	at java.base/jdk.internal.reflect.NativeConstructorAccessorImpl.newInstance(NativeConstructorAccessorImpl.java:77)
	at java.base/jdk.internal.reflect.DelegatingConstructorAccessorImpl.newInstance(DelegatingConstructorAccessorImpl.java:45)
	at org.openqa.selenium.remote.http.W3CHttpResponseCodec.createException(W3CHttpResponseCodec.java:187)
	at org.openqa.selenium.remote.http.W3CHttpResponseCodec.decode(W3CHttpResponseCodec.java:122)
	at org.openqa.selenium.remote.http.W3CHttpResponseCodec.decode(W3CHttpResponseCodec.java:49)
	at org.openqa.selenium.remote.HttpCommandExecutor.execute(HttpCommandExecutor.java:158)
	at org.openqa.selenium.remote.service.DriverCommandExecutor.execute(DriverCommandExecutor.java:83)
	at org.openqa.selenium.remote.RemoteWebDriver.execute(RemoteWebDriver.java:552)
	at com.kms.katalon.selenium.driver.CChromeDriver.execute(CChromeDriver.java:19)
	at org.openqa.selenium.remote.RemoteWebElement.execute(RemoteWebElement.java:285)
	at org.openqa.selenium.remote.RemoteWebElement.click(RemoteWebElement.java:84)
	at jdk.internal.reflect.GeneratedMethodAccessor20.invoke(Unknown Source)
	at java.base/jdk.internal.reflect.DelegatingMethodAccessorImpl.invoke(DelegatingMethodAccessorImpl.java:43)
	at org.openqa.selenium.support.events.EventFiringWebDriver$EventFiringWebElement.lambda$new$0(EventFiringWebDriver.java:404)
	at jdk.proxy2/jdk.proxy2.$Proxy27.click(Unknown Source)
	at org.openqa.selenium.support.events.EventFiringWebDriver$EventFiringWebElement.click(EventFiringWebDriver.java:417)
	at org.openqa.selenium.WebElement$click.call(Unknown Source)
	at com.kms.katalon.core.webui.keyword.builtin.ClickKeyword.clickUntilSuccessWithTimeout(ClickKeyword.groovy:81)
	at com.kms.katalon.core.webui.keyword.builtin.ClickKeyword.clickUntilSuccessWithTimeout(ClickKeyword.groovy)
	at jdk.internal.reflect.GeneratedMethodAccessor18.invoke(Unknown Source)
	at java.base/jdk.internal.reflect.DelegatingMethodAccessorImpl.invoke(DelegatingMethodAccessorImpl.java:43)
	at com.kms.katalon.core.webui.keyword.builtin.ClickKeyword$_click_closure1.doCall(ClickKeyword.groovy:67)
	at com.kms.katalon.core.webui.keyword.builtin.ClickKeyword$_click_closure1.call(ClickKeyword.groovy)
	at com.kms.katalon.core.webui.keyword.internal.WebUIKeywordMain.runKeyword(WebUIKeywordMain.groovy:35)
	at com.kms.katalon.core.webui.keyword.builtin.ClickKeyword.click(ClickKeyword.groovy:74)
	at com.kms.katalon.core.webui.keyword.builtin.ClickKeyword.execute(ClickKeyword.groovy:40)
	at com.kms.katalon.core.keyword.internal.KeywordExecutor.executeKeywordForPlatform(KeywordExecutor.groovy:74)
	at com.kms.katalon.core.webui.keyword.WebUiBuiltInKeywords.click(WebUiBuiltInKeywords.groovy:647)
	at com.kms.katalon.core.webui.keyword.WebUiBuiltInKeywords$click$10.call(Unknown Source)
	at Script1753385227224.run(Script1753385227224.groovy:58)
	... 16 more
)

21-10-2025T22:00:38 - [TEST_STEP][PASSED] - Start listener action : retryOnDisconnect: Current window's url is: 'https://kag-inventory-management-portal.qa.thekag.com/site/AFM39?cg=-1&r&i=AllConsignees&sorted=false'

21-10-2025T22:00:38 - [TEST_STEP][PASSED] - tcId = testCaseContext.getTestCaseId(): null

21-10-2025T22:00:38 - [TEST_STEP][PASSED] - currentRetry = retryCounts.getOrDefault(tcId, 0): null

21-10-2025T22:00:38 - [TEST_STEP][PASSED] - if (testCaseContext.getTestCaseStatus() == "FAILED" && currentRetry < MAX_RETRIES): Current window's url is: 'https://kag-inventory-management-portal.qa.thekag.com/site/AFM39?cg=-1&r&i=AllConsignees&sorted=false'

21-10-2025T22:00:38 - [TEST_STEP][PASSED] - try: Current window's url is: 'https://kag-inventory-management-portal.qa.thekag.com/site/AFM39?cg=-1&r&i=AllConsignees&sorted=false'

21-10-2025T22:00:38 - [TEST_STEP][PASSED] - comment(Checking for WebDriver disconnect for test case: $tcId): Checking for WebDriver disconnect for test case: Test Cases/FIM/UI/Kenan/Admin/Sites Page/Orders/Create Split Load Order (Adding 1 Site)

21-10-2025T22:00:38 - [MESSAGE][INFO] - Checking for WebDriver disconnect for test case: Test Cases/FIM/UI/Kenan/Admin/Sites Page/Orders/Create Split Load Order (Adding 1 Site)

21-10-2025T22:00:38 - [TEST_STEP][PASSED] - getUrl(): Current window's url is: 'https://kag-inventory-management-portal.qa.thekag.com/site/AFM39?cg=-1&r&i=AllConsignees&sorted=false'

21-10-2025T22:00:38 - [MESSAGE][PASSED] - Current window's url is: 'https://kag-inventory-management-portal.qa.thekag.com/site/AFM39?cg=-1&r&i=AllConsignees&sorted=false']]></system-out>
         <system-err><![CDATA[21-10-2025T21:59:44 - [TEST_CASE][FAILED] - Test Cases/FIM/UI/Kenan/Admin/Sites Page/Orders/Create Split Load Order (Adding 1 Site): Test Cases/FIM/UI/Kenan/Admin/Sites Page/Orders/Create Split Load Order (Adding 1 Site) FAILED.
Reason:
com.kms.katalon.core.exception.StepFailedException: Unable to click on object 'Object Repository/FIM/Sites Page/Orders/Create Order/Split_Load_Order_toggle'
	at com.kms.katalon.core.webui.keyword.internal.WebUIKeywordMain.stepFailed(WebUIKeywordMain.groovy:117)
	at com.kms.katalon.core.webui.keyword.internal.WebUIKeywordMain.runKeyword(WebUIKeywordMain.groovy:43)
	at com.kms.katalon.core.webui.keyword.builtin.ClickKeyword.click(ClickKeyword.groovy:74)
	at com.kms.katalon.core.webui.keyword.builtin.ClickKeyword.execute(ClickKeyword.groovy:40)
	at com.kms.katalon.core.keyword.internal.KeywordExecutor.executeKeywordForPlatform(KeywordExecutor.groovy:74)
	at com.kms.katalon.core.webui.keyword.WebUiBuiltInKeywords.click(WebUiBuiltInKeywords.groovy:647)
	at com.kms.katalon.core.webui.keyword.WebUiBuiltInKeywords$click$10.call(Unknown Source)
	at Create Split Load Order (Adding 1 Site).run(Create Split Load Order (Adding 1 Site):58)
	at com.kms.katalon.core.main.ScriptEngine.run(ScriptEngine.java:194)
	at com.kms.katalon.core.main.ScriptEngine.runScriptAsRawText(ScriptEngine.java:119)
	at com.kms.katalon.core.main.TestCaseExecutor.runScript(TestCaseExecutor.java:448)
	at com.kms.katalon.core.main.TestCaseExecutor.doExecute(TestCaseExecutor.java:439)
	at com.kms.katalon.core.main.TestCaseExecutor.processExecutionPhase(TestCaseExecutor.java:418)
	at com.kms.katalon.core.main.TestCaseExecutor.accessMainPhase(TestCaseExecutor.java:410)
	at com.kms.katalon.core.main.TestCaseExecutor.execute(TestCaseExecutor.java:285)
	at com.kms.katalon.core.common.CommonExecutor.accessTestCaseMainPhase(CommonExecutor.java:65)
	at com.kms.katalon.core.main.TestSuiteExecutor.accessTestSuiteMainPhase(TestSuiteExecutor.java:150)
	at com.kms.katalon.core.main.TestSuiteExecutor.execute(TestSuiteExecutor.java:106)
	at com.kms.katalon.core.main.TestCaseMain.startTestSuite(TestCaseMain.java:180)
	at com.kms.katalon.core.main.TestCaseMain$startTestSuite$0.call(Unknown Source)
	at TempTestSuite1761090815312.run(TempTestSuite1761090815312.groovy:35)
	at java.base/jdk.internal.reflect.NativeMethodAccessorImpl.invoke0(Native Method)
	at java.base/jdk.internal.reflect.NativeMethodAccessorImpl.invoke(NativeMethodAccessorImpl.java:77)
	at java.base/jdk.internal.reflect.DelegatingMethodAccessorImpl.invoke(DelegatingMethodAccessorImpl.java:43)
Caused by: org.openqa.selenium.ElementNotInteractableException: element not interactable
  (Session info: chrome=141.0.7390.122)
Build info: version: '3.141.59', revision: 'unknown', time: 'unknown'
System info: host: 'DC1ADOBLD01', ip: '10.2.20.71', os.name: 'Windows Server 2019', os.arch: 'amd64', os.version: '10.0', java.version: '17.0.7'
Driver info: com.kms.katalon.selenium.driver.CChromeDriver
Capabilities {acceptInsecureCerts: false, browserName: chrome, browserVersion: 141.0.7390.122, chrome: {chromedriverVersion: 141.0.7390.122 (b477534e7e1..., userDataDir: C:\Windows\SystemTemp\scope...}, fedcm:accounts: true, goog:chromeOptions: {debuggerAddress: localhost:57990}, javascriptEnabled: true, networkConnectionEnabled: false, pageLoadStrategy: normal, platform: WINDOWS, platformName: WINDOWS, proxy: Proxy(), setWindowRect: true, strictFileInteractability: false, timeouts: {implicit: 0, pageLoad: 300000, script: 30000}, unhandledPromptBehavior: dismiss and notify, webauthn:extension:credBlob: true, webauthn:extension:largeBlob: true, webauthn:extension:minPinLength: true, webauthn:extension:prf: true, webauthn:virtualAuthenticators: true}
Session ID: 0b849e55c1241654162a3e02b6c4c15d
	at java.base/jdk.internal.reflect.NativeConstructorAccessorImpl.newInstance0(Native Method)
	at java.base/jdk.internal.reflect.NativeConstructorAccessorImpl.newInstance(NativeConstructorAccessorImpl.java:77)
	at java.base/jdk.internal.reflect.DelegatingConstructorAccessorImpl.newInstance(DelegatingConstructorAccessorImpl.java:45)
	at org.openqa.selenium.remote.http.W3CHttpResponseCodec.createException(W3CHttpResponseCodec.java:187)
	at org.openqa.selenium.remote.http.W3CHttpResponseCodec.decode(W3CHttpResponseCodec.java:122)
	at org.openqa.selenium.remote.http.W3CHttpResponseCodec.decode(W3CHttpResponseCodec.java:49)
	at org.openqa.selenium.remote.HttpCommandExecutor.execute(HttpCommandExecutor.java:158)
	at org.openqa.selenium.remote.service.DriverCommandExecutor.execute(DriverCommandExecutor.java:83)
	at org.openqa.selenium.remote.RemoteWebDriver.execute(RemoteWebDriver.java:552)
	at com.kms.katalon.selenium.driver.CChromeDriver.execute(CChromeDriver.java:19)
	at org.openqa.selenium.remote.RemoteWebElement.execute(RemoteWebElement.java:285)
	at org.openqa.selenium.remote.RemoteWebElement.click(RemoteWebElement.java:84)
	at jdk.internal.reflect.GeneratedMethodAccessor20.invoke(Unknown Source)
	at java.base/jdk.internal.reflect.DelegatingMethodAccessorImpl.invoke(DelegatingMethodAccessorImpl.java:43)
	at org.openqa.selenium.support.events.EventFiringWebDriver$EventFiringWebElement.lambda$new$0(EventFiringWebDriver.java:404)
	at jdk.proxy2/jdk.proxy2.$Proxy27.click(Unknown Source)
	at org.openqa.selenium.support.events.EventFiringWebDriver$EventFiringWebElement.click(EventFiringWebDriver.java:417)
	at org.openqa.selenium.WebElement$click.call(Unknown Source)
	at com.kms.katalon.core.webui.keyword.builtin.ClickKeyword.clickUntilSuccessWithTimeout(ClickKeyword.groovy:81)
	at com.kms.katalon.core.webui.keyword.builtin.ClickKeyword.clickUntilSuccessWithTimeout(ClickKeyword.groovy)
	at jdk.internal.reflect.GeneratedMethodAccessor18.invoke(Unknown Source)
	at java.base/jdk.internal.reflect.DelegatingMethodAccessorImpl.invoke(DelegatingMethodAccessorImpl.java:43)
	at com.kms.katalon.core.webui.keyword.builtin.ClickKeyword$_click_closure1.doCall(ClickKeyword.groovy:67)
	at com.kms.katalon.core.webui.keyword.builtin.ClickKeyword$_click_closure1.call(ClickKeyword.groovy)
	at com.kms.katalon.core.webui.keyword.internal.WebUIKeywordMain.runKeyword(WebUIKeywordMain.groovy:35)
	... 22 more]]></system-err>
      </testcase>
      <testcase name="Test Cases/FIM/UI/Kenan/Admin/Sites Page/Orders/Create Split Load Order (Adding 2 Sites)" time="54.64" classname="Test Cases/FIM/UI/Kenan/Admin/Sites Page/Orders/Create Split Load Order (Adding 2 Sites)" status="FAILED">
         <failure type="FAILED" message="Test Cases/FIM/UI/Kenan/Admin/Sites Page/Orders/Create Split Load Order (Adding 2 Sites) FAILED.&#xa;Reason:&#xa;com.kms.katalon.core.exception.StepFailedException: Unable to click on object 'Object Repository/FIM/Sites Page/Orders/Create Order/Split_Load_Order_toggle'&#xa;	at com.kms.katalon.core.webui.keyword.internal.WebUIKeywordMain.stepFailed(WebUIKeywordMain.groovy:117)&#xa;	at com.kms.katalon.core.webui.keyword.internal.WebUIKeywordMain.runKeyword(WebUIKeywordMain.groovy:43)&#xa;	at com.kms.katalon.core.webui.keyword.builtin.ClickKeyword.click(ClickKeyword.groovy:74)&#xa;	at com.kms.katalon.core.webui.keyword.builtin.ClickKeyword.execute(ClickKeyword.groovy:40)&#xa;	at com.kms.katalon.core.keyword.internal.KeywordExecutor.executeKeywordForPlatform(KeywordExecutor.groovy:74)&#xa;	at com.kms.katalon.core.webui.keyword.WebUiBuiltInKeywords.click(WebUiBuiltInKeywords.groovy:647)&#xa;	at com.kms.katalon.core.webui.keyword.WebUiBuiltInKeywords$click$10.call(Unknown Source)&#xa;	at Create Split Load Order (Adding 2 Sites).run(Create Split Load Order (Adding 2 Sites):58)&#xa;	at com.kms.katalon.core.main.ScriptEngine.run(ScriptEngine.java:194)&#xa;	at com.kms.katalon.core.main.ScriptEngine.runScriptAsRawText(ScriptEngine.java:119)&#xa;	at com.kms.katalon.core.main.TestCaseExecutor.runScript(TestCaseExecutor.java:448)&#xa;	at com.kms.katalon.core.main.TestCaseExecutor.doExecute(TestCaseExecutor.java:439)&#xa;	at com.kms.katalon.core.main.TestCaseExecutor.processExecutionPhase(TestCaseExecutor.java:418)&#xa;	at com.kms.katalon.core.main.TestCaseExecutor.accessMainPhase(TestCaseExecutor.java:410)&#xa;	at com.kms.katalon.core.main.TestCaseExecutor.execute(TestCaseExecutor.java:285)&#xa;	at com.kms.katalon.core.common.CommonExecutor.accessTestCaseMainPhase(CommonExecutor.java:65)&#xa;	at com.kms.katalon.core.main.TestSuiteExecutor.accessTestSuiteMainPhase(TestSuiteExecutor.java:150)&#xa;	at com.kms.katalon.core.main.TestSuiteExecutor.execute(TestSuiteExecutor.java:106)&#xa;	at com.kms.katalon.core.main.TestCaseMain.startTestSuite(TestCaseMain.java:180)&#xa;	at com.kms.katalon.core.main.TestCaseMain$startTestSuite$0.call(Unknown Source)&#xa;	at TempTestSuite1761090815312.run(TempTestSuite1761090815312.groovy:35)&#xa;	at java.base/jdk.internal.reflect.NativeMethodAccessorImpl.invoke0(Native Method)&#xa;	at java.base/jdk.internal.reflect.NativeMethodAccessorImpl.invoke(NativeMethodAccessorImpl.java:77)&#xa;	at java.base/jdk.internal.reflect.DelegatingMethodAccessorImpl.invoke(DelegatingMethodAccessorImpl.java:43)&#xa;Caused by: org.openqa.selenium.ElementNotInteractableException: element not interactable&#xa;  (Session info: chrome=141.0.7390.122)&#xa;Build info: version: '3.141.59', revision: 'unknown', time: 'unknown'&#xa;System info: host: 'DC1ADOBLD01', ip: '10.2.20.71', os.name: 'Windows Server 2019', os.arch: 'amd64', os.version: '10.0', java.version: '17.0.7'&#xa;Driver info: com.kms.katalon.selenium.driver.CChromeDriver&#xa;Capabilities {acceptInsecureCerts: false, browserName: chrome, browserVersion: 141.0.7390.122, chrome: {chromedriverVersion: 141.0.7390.122 (b477534e7e1..., userDataDir: C:\Windows\SystemTemp\scope...}, fedcm:accounts: true, goog:chromeOptions: {debuggerAddress: localhost:58039}, javascriptEnabled: true, networkConnectionEnabled: false, pageLoadStrategy: normal, platform: WINDOWS, platformName: WINDOWS, proxy: Proxy(), setWindowRect: true, strictFileInteractability: false, timeouts: {implicit: 0, pageLoad: 300000, script: 30000}, unhandledPromptBehavior: dismiss and notify, webauthn:extension:credBlob: true, webauthn:extension:largeBlob: true, webauthn:extension:minPinLength: true, webauthn:extension:prf: true, webauthn:virtualAuthenticators: true}&#xa;Session ID: 0d40354528b055cedc911827397aee92&#xa;	at java.base/jdk.internal.reflect.NativeConstructorAccessorImpl.newInstance0(Native Method)&#xa;	at java.base/jdk.internal.reflect.NativeConstructorAccessorImpl.newInstance(NativeConstructorAccessorImpl.java:77)&#xa;	at java.base/jdk.internal.reflect.DelegatingConstructorAccessorImpl.newInstance(DelegatingConstructorAccessorImpl.java:45)&#xa;	at org.openqa.selenium.remote.http.W3CHttpResponseCodec.createException(W3CHttpResponseCodec.java:187)&#xa;	at org.openqa.selenium.remote.http.W3CHttpResponseCodec.decode(W3CHttpResponseCodec.java:122)&#xa;	at org.openqa.selenium.remote.http.W3CHttpResponseCodec.decode(W3CHttpResponseCodec.java:49)&#xa;	at org.openqa.selenium.remote.HttpCommandExecutor.execute(HttpCommandExecutor.java:158)&#xa;	at org.openqa.selenium.remote.service.DriverCommandExecutor.execute(DriverCommandExecutor.java:83)&#xa;	at org.openqa.selenium.remote.RemoteWebDriver.execute(RemoteWebDriver.java:552)&#xa;	at com.kms.katalon.selenium.driver.CChromeDriver.execute(CChromeDriver.java:19)&#xa;	at org.openqa.selenium.remote.RemoteWebElement.execute(RemoteWebElement.java:285)&#xa;	at org.openqa.selenium.remote.RemoteWebElement.click(RemoteWebElement.java:84)&#xa;	at jdk.internal.reflect.GeneratedMethodAccessor20.invoke(Unknown Source)&#xa;	at java.base/jdk.internal.reflect.DelegatingMethodAccessorImpl.invoke(DelegatingMethodAccessorImpl.java:43)&#xa;	at org.openqa.selenium.support.events.EventFiringWebDriver$EventFiringWebElement.lambda$new$0(EventFiringWebDriver.java:404)&#xa;	at jdk.proxy2/jdk.proxy2.$Proxy27.click(Unknown Source)&#xa;	at org.openqa.selenium.support.events.EventFiringWebDriver$EventFiringWebElement.click(EventFiringWebDriver.java:417)&#xa;	at org.openqa.selenium.WebElement$click.call(Unknown Source)&#xa;	at com.kms.katalon.core.webui.keyword.builtin.ClickKeyword.clickUntilSuccessWithTimeout(ClickKeyword.groovy:81)&#xa;	at com.kms.katalon.core.webui.keyword.builtin.ClickKeyword.clickUntilSuccessWithTimeout(ClickKeyword.groovy)&#xa;	at jdk.internal.reflect.GeneratedMethodAccessor18.invoke(Unknown Source)&#xa;	at java.base/jdk.internal.reflect.DelegatingMethodAccessorImpl.invoke(DelegatingMethodAccessorImpl.java:43)&#xa;	at com.kms.katalon.core.webui.keyword.builtin.ClickKeyword$_click_closure1.doCall(ClickKeyword.groovy:67)&#xa;	at com.kms.katalon.core.webui.keyword.builtin.ClickKeyword$_click_closure1.call(ClickKeyword.groovy)&#xa;	at com.kms.katalon.core.webui.keyword.internal.WebUIKeywordMain.runKeyword(WebUIKeywordMain.groovy:35)&#xa;	... 22 more&#xa;"/>
         <system-out><![CDATA[21-10-2025T22:00:38 - [TEST_CASE][FAILED] - Test Cases/FIM/UI/Kenan/Admin/Sites Page/Orders/Create Split Load Order (Adding 2 Sites): Test Cases/FIM/UI/Kenan/Admin/Sites Page/Orders/Create Split Load Order (Adding 2 Sites) FAILED.
Reason:
com.kms.katalon.core.exception.StepFailedException: Unable to click on object 'Object Repository/FIM/Sites Page/Orders/Create Order/Split_Load_Order_toggle'
	at com.kms.katalon.core.webui.keyword.internal.WebUIKeywordMain.stepFailed(WebUIKeywordMain.groovy:117)
	at com.kms.katalon.core.webui.keyword.internal.WebUIKeywordMain.runKeyword(WebUIKeywordMain.groovy:43)
	at com.kms.katalon.core.webui.keyword.builtin.ClickKeyword.click(ClickKeyword.groovy:74)
	at com.kms.katalon.core.webui.keyword.builtin.ClickKeyword.execute(ClickKeyword.groovy:40)
	at com.kms.katalon.core.keyword.internal.KeywordExecutor.executeKeywordForPlatform(KeywordExecutor.groovy:74)
	at com.kms.katalon.core.webui.keyword.WebUiBuiltInKeywords.click(WebUiBuiltInKeywords.groovy:647)
	at com.kms.katalon.core.webui.keyword.WebUiBuiltInKeywords$click$10.call(Unknown Source)
	at Create Split Load Order (Adding 2 Sites).run(Create Split Load Order (Adding 2 Sites):58)
	at com.kms.katalon.core.main.ScriptEngine.run(ScriptEngine.java:194)
	at com.kms.katalon.core.main.ScriptEngine.runScriptAsRawText(ScriptEngine.java:119)
	at com.kms.katalon.core.main.TestCaseExecutor.runScript(TestCaseExecutor.java:448)
	at com.kms.katalon.core.main.TestCaseExecutor.doExecute(TestCaseExecutor.java:439)
	at com.kms.katalon.core.main.TestCaseExecutor.processExecutionPhase(TestCaseExecutor.java:418)
	at com.kms.katalon.core.main.TestCaseExecutor.accessMainPhase(TestCaseExecutor.java:410)
	at com.kms.katalon.core.main.TestCaseExecutor.execute(TestCaseExecutor.java:285)
	at com.kms.katalon.core.common.CommonExecutor.accessTestCaseMainPhase(CommonExecutor.java:65)
	at com.kms.katalon.core.main.TestSuiteExecutor.accessTestSuiteMainPhase(TestSuiteExecutor.java:150)
	at com.kms.katalon.core.main.TestSuiteExecutor.execute(TestSuiteExecutor.java:106)
	at com.kms.katalon.core.main.TestCaseMain.startTestSuite(TestCaseMain.java:180)
	at com.kms.katalon.core.main.TestCaseMain$startTestSuite$0.call(Unknown Source)
	at TempTestSuite1761090815312.run(TempTestSuite1761090815312.groovy:35)
	at java.base/jdk.internal.reflect.NativeMethodAccessorImpl.invoke0(Native Method)
	at java.base/jdk.internal.reflect.NativeMethodAccessorImpl.invoke(NativeMethodAccessorImpl.java:77)
	at java.base/jdk.internal.reflect.DelegatingMethodAccessorImpl.invoke(DelegatingMethodAccessorImpl.java:43)
Caused by: org.openqa.selenium.ElementNotInteractableException: element not interactable
  (Session info: chrome=141.0.7390.122)
Build info: version: '3.141.59', revision: 'unknown', time: 'unknown'
System info: host: 'DC1ADOBLD01', ip: '10.2.20.71', os.name: 'Windows Server 2019', os.arch: 'amd64', os.version: '10.0', java.version: '17.0.7'
Driver info: com.kms.katalon.selenium.driver.CChromeDriver
Capabilities {acceptInsecureCerts: false, browserName: chrome, browserVersion: 141.0.7390.122, chrome: {chromedriverVersion: 141.0.7390.122 (b477534e7e1..., userDataDir: C:\Windows\SystemTemp\scope...}, fedcm:accounts: true, goog:chromeOptions: {debuggerAddress: localhost:58039}, javascriptEnabled: true, networkConnectionEnabled: false, pageLoadStrategy: normal, platform: WINDOWS, platformName: WINDOWS, proxy: Proxy(), setWindowRect: true, strictFileInteractability: false, timeouts: {implicit: 0, pageLoad: 300000, script: 30000}, unhandledPromptBehavior: dismiss and notify, webauthn:extension:credBlob: true, webauthn:extension:largeBlob: true, webauthn:extension:minPinLength: true, webauthn:extension:prf: true, webauthn:virtualAuthenticators: true}
Session ID: 0d40354528b055cedc911827397aee92
	at java.base/jdk.internal.reflect.NativeConstructorAccessorImpl.newInstance0(Native Method)
	at java.base/jdk.internal.reflect.NativeConstructorAccessorImpl.newInstance(NativeConstructorAccessorImpl.java:77)
	at java.base/jdk.internal.reflect.DelegatingConstructorAccessorImpl.newInstance(DelegatingConstructorAccessorImpl.java:45)
	at org.openqa.selenium.remote.http.W3CHttpResponseCodec.createException(W3CHttpResponseCodec.java:187)
	at org.openqa.selenium.remote.http.W3CHttpResponseCodec.decode(W3CHttpResponseCodec.java:122)
	at org.openqa.selenium.remote.http.W3CHttpResponseCodec.decode(W3CHttpResponseCodec.java:49)
	at org.openqa.selenium.remote.HttpCommandExecutor.execute(HttpCommandExecutor.java:158)
	at org.openqa.selenium.remote.service.DriverCommandExecutor.execute(DriverCommandExecutor.java:83)
	at org.openqa.selenium.remote.RemoteWebDriver.execute(RemoteWebDriver.java:552)
	at com.kms.katalon.selenium.driver.CChromeDriver.execute(CChromeDriver.java:19)
	at org.openqa.selenium.remote.RemoteWebElement.execute(RemoteWebElement.java:285)
	at org.openqa.selenium.remote.RemoteWebElement.click(RemoteWebElement.java:84)
	at jdk.internal.reflect.GeneratedMethodAccessor20.invoke(Unknown Source)
	at java.base/jdk.internal.reflect.DelegatingMethodAccessorImpl.invoke(DelegatingMethodAccessorImpl.java:43)
	at org.openqa.selenium.support.events.EventFiringWebDriver$EventFiringWebElement.lambda$new$0(EventFiringWebDriver.java:404)
	at jdk.proxy2/jdk.proxy2.$Proxy27.click(Unknown Source)
	at org.openqa.selenium.support.events.EventFiringWebDriver$EventFiringWebElement.click(EventFiringWebDriver.java:417)
	at org.openqa.selenium.WebElement$click.call(Unknown Source)
	at com.kms.katalon.core.webui.keyword.builtin.ClickKeyword.clickUntilSuccessWithTimeout(ClickKeyword.groovy:81)
	at com.kms.katalon.core.webui.keyword.builtin.ClickKeyword.clickUntilSuccessWithTimeout(ClickKeyword.groovy)
	at jdk.internal.reflect.GeneratedMethodAccessor18.invoke(Unknown Source)
	at java.base/jdk.internal.reflect.DelegatingMethodAccessorImpl.invoke(DelegatingMethodAccessorImpl.java:43)
	at com.kms.katalon.core.webui.keyword.builtin.ClickKeyword$_click_closure1.doCall(ClickKeyword.groovy:67)
	at com.kms.katalon.core.webui.keyword.builtin.ClickKeyword$_click_closure1.call(ClickKeyword.groovy)
	at com.kms.katalon.core.webui.keyword.internal.WebUIKeywordMain.runKeyword(WebUIKeywordMain.groovy:35)
	... 22 more


21-10-2025T22:00:38 - [TEST_STEP][PASSED] - Start listener action : beforeTestCase: null

21-10-2025T22:00:38 - [TEST_STEP][PASSED] - addDefaultPackages(): null

21-10-2025T22:00:38 - [TEST_STEP][PASSED] - callTestCase(findTestCase("Utility Scripts/FIM KAG Admin Login"), [:], STOP_ON_FAILURE): Call Test Case 'Test Cases/Utility Scripts/FIM KAG Admin Login' successfully

21-10-2025T22:00:38 - [TEST_CASE][PASSED] - Test Cases/Utility Scripts/FIM KAG Admin Login: Test Cases/Utility Scripts/FIM KAG Admin Login

21-10-2025T22:00:38 - [TEST_STEP][PASSED] - openBrowser(""): Browser is opened with url: ''

21-10-2025T22:00:38 - [MESSAGE][WARNING] - A browser is already opened. Closing browser and opening a new one

21-10-2025T22:00:38 - [MESSAGE][INFO] - Starting 'Chrome' driver

21-10-2025T22:00:38 - [MESSAGE][INFO] - User set preference: ['args', '[--no-sandbox, --disable-gpu, --disable-dev-shm-usage]']

21-10-2025T22:00:38 - [MESSAGE][INFO] - Action delay is set to 0 milliseconds

21-10-2025T22:00:39 - [MESSAGE][PASSED] - Browser is opened with url: ''

21-10-2025T22:00:39 - [TEST_STEP][PASSED] - delay(1): Delayed 1 second(s)

21-10-2025T22:00:40 - [MESSAGE][PASSED] - Delayed 1 second(s)

21-10-2025T22:00:40 - [TEST_STEP][PASSED] - navigateToUrl(KenanRegionURL): Navigate to 'https://kag-inventory-management-portal.qa.thekag.com/region/' successfully

21-10-2025T22:00:40 - [MESSAGE][PASSED] - Navigate to 'https://kag-inventory-management-portal.qa.thekag.com/region/' successfully

21-10-2025T22:00:40 - [TEST_STEP][PASSED] - delay(10): Delayed 10 second(s)

21-10-2025T22:00:50 - [MESSAGE][PASSED] - Delayed 10 second(s)

21-10-2025T22:00:50 - [TEST_STEP][PASSED] - if (maximizeWindow == true): Current window maximized

21-10-2025T22:00:50 - [TEST_STEP][PASSED] - maximizeWindow(STOP_ON_FAILURE): Current window maximized

21-10-2025T22:00:50 - [MESSAGE][PASSED] - Current window maximized

21-10-2025T22:00:50 - [TEST_STEP][PASSED] - waitForElementPresent(findTestObject("FIM/Username_txt"), 10): Object 'Object Repository/FIM/Username_txt' is present

21-10-2025T22:00:50 - [MESSAGE][PASSED] - Object 'Object Repository/FIM/Username_txt' is present

21-10-2025T22:00:50 - [TEST_STEP][PASSED] - setText(findTestObject("FIM/Username_txt"), FIMUsername): Text 'Chris.Sheldon+DES_QA@Thekag.com' is set on object 'Object Repository/FIM/Username_txt'

21-10-2025T22:00:51 - [MESSAGE][PASSED] - Text 'Chris.Sheldon+DES_QA@Thekag.com' is set on object 'Object Repository/FIM/Username_txt'

21-10-2025T22:00:51 - [TEST_STEP][PASSED] - delay(1): Delayed 1 second(s)

21-10-2025T22:00:52 - [MESSAGE][PASSED] - Delayed 1 second(s)

21-10-2025T22:00:52 - [TEST_STEP][PASSED] - setText(findTestObject("FIM/Password_txt"), FIMPassword): Text 'QATest!2' is set on object 'Object Repository/FIM/Password_txt'

21-10-2025T22:00:52 - [MESSAGE][PASSED] - Text 'QATest!2' is set on object 'Object Repository/FIM/Password_txt'

21-10-2025T22:00:52 - [TEST_STEP][PASSED] - delay(1): Delayed 1 second(s)

21-10-2025T22:00:53 - [MESSAGE][PASSED] - Delayed 1 second(s)

21-10-2025T22:00:53 - [TEST_STEP][PASSED] - click(findTestObject("FIM/Login_btn")): Object: 'Object Repository/FIM/Login_btn' is clicked on

21-10-2025T22:00:53 - [MESSAGE][PASSED] - Object: 'Object Repository/FIM/Login_btn' is clicked on

21-10-2025T22:00:53 - [MESSAGE][PASSED] - Call Test Case 'Test Cases/Utility Scripts/FIM KAG Admin Login' successfully

21-10-2025T22:00:53 - [TEST_STEP][PASSED] - if (verifyElementVisible(findTestObject("FIM/Server_Notification_Close_btn"), OPTIONAL) == true): Web element with id: 'Object Repository/FIM/Server_Notification_Close_btn' located by '/html/body/div/div[1]/button' not found (Root cause: com.kms.katalon.core.exception.StepFailedException: Web element with id: 'Object Repository/FIM/Server_Notification_Close_btn' located by '/html/body/div/div[1]/button' not found
	at com.kms.katalon.core.webui.keyword.internal.WebUIKeywordMain.stepFailed(WebUIKeywordMain.groovy:117)
	at com.kms.katalon.core.webui.keyword.builtin.VerifyElementVisibleKeyword$_verifyElementVisible_closure1.doCall(VerifyElementVisibleKeyword.groovy:89)
	at com.kms.katalon.core.webui.keyword.builtin.VerifyElementVisibleKeyword$_verifyElementVisible_closure1.call(VerifyElementVisibleKeyword.groovy)
	at com.kms.katalon.core.webui.keyword.internal.WebUIKeywordMain.runKeyword(WebUIKeywordMain.groovy:35)
	at com.kms.katalon.core.webui.keyword.builtin.VerifyElementVisibleKeyword.verifyElementVisible(VerifyElementVisibleKeyword.groovy:97)
	at com.kms.katalon.core.webui.keyword.builtin.VerifyElementVisibleKeyword.execute(VerifyElementVisibleKeyword.groovy:67)
	at com.kms.katalon.core.keyword.internal.KeywordExecutor.executeKeywordForPlatform(KeywordExecutor.groovy:74)
	at com.kms.katalon.core.webui.keyword.WebUiBuiltInKeywords.verifyElementVisible(WebUiBuiltInKeywords.groovy:401)
	at com.kms.katalon.core.webui.keyword.WebUiBuiltInKeywords$verifyElementVisible$5.call(Unknown Source)
	at Create Split Load Order (Adding 2 Sites).run(Create Split Load Order (Adding 2 Sites):22)
	at com.kms.katalon.core.main.ScriptEngine.run(ScriptEngine.java:194)
	at com.kms.katalon.core.main.ScriptEngine.runScriptAsRawText(ScriptEngine.java:119)
	at com.kms.katalon.core.main.TestCaseExecutor.runScript(TestCaseExecutor.java:448)
	at com.kms.katalon.core.main.TestCaseExecutor.doExecute(TestCaseExecutor.java:439)
	at com.kms.katalon.core.main.TestCaseExecutor.processExecutionPhase(TestCaseExecutor.java:418)
	at com.kms.katalon.core.main.TestCaseExecutor.accessMainPhase(TestCaseExecutor.java:410)
	at com.kms.katalon.core.main.TestCaseExecutor.execute(TestCaseExecutor.java:285)
	at com.kms.katalon.core.common.CommonExecutor.accessTestCaseMainPhase(CommonExecutor.java:65)
	at com.kms.katalon.core.main.TestSuiteExecutor.accessTestSuiteMainPhase(TestSuiteExecutor.java:150)
	at com.kms.katalon.core.main.TestSuiteExecutor.execute(TestSuiteExecutor.java:106)
	at com.kms.katalon.core.main.TestCaseMain.startTestSuite(TestCaseMain.java:180)
	at com.kms.katalon.core.main.TestCaseMain$startTestSuite$0.call(Unknown Source)
	at TempTestSuite1761090815312.run(TempTestSuite1761090815312.groovy:35)
	at java.base/jdk.internal.reflect.NativeMethodAccessorImpl.invoke0(Native Method)
	at java.base/jdk.internal.reflect.NativeMethodAccessorImpl.invoke(NativeMethodAccessorImpl.java:77)
	at java.base/jdk.internal.reflect.DelegatingMethodAccessorImpl.invoke(DelegatingMethodAccessorImpl.java:43)
)

21-10-2025T22:01:09 - [MESSAGE][INFO] - Unable to find the element located by 'By.xpath: /html/body/div/div[1]/button'. Please recheck the objects properties to make sure the desired element is located. 

21-10-2025T22:01:09 - [MESSAGE][WARNING] - [SELF-HEALING] Failed to find element with id 'Object Repository/FIM/Server_Notification_Close_btn'. Try using Self-healing.

21-10-2025T22:01:10 - [MESSAGE][INFO] - [SELF-HEALING] No working XPath is found.

21-10-2025T22:01:12 - [MESSAGE][INFO] - Unable to find the element located by 'By.xpath: '. Please recheck the objects properties to make sure the desired element is located. 

21-10-2025T22:01:12 - [MESSAGE][WARNING] - [SELF-HEALING] Cannot find elements when the selector is null

21-10-2025T22:01:12 - [MESSAGE][WARNING] - Web element with id: 'Object Repository/FIM/Server_Notification_Close_btn' located by '/html/body/div/div[1]/button' not found (Root cause: com.kms.katalon.core.exception.StepFailedException: Web element with id: 'Object Repository/FIM/Server_Notification_Close_btn' located by '/html/body/div/div[1]/button' not found
	at com.kms.katalon.core.webui.keyword.internal.WebUIKeywordMain.stepFailed(WebUIKeywordMain.groovy:117)
	at com.kms.katalon.core.webui.keyword.builtin.VerifyElementVisibleKeyword$_verifyElementVisible_closure1.doCall(VerifyElementVisibleKeyword.groovy:89)
	at com.kms.katalon.core.webui.keyword.builtin.VerifyElementVisibleKeyword$_verifyElementVisible_closure1.call(VerifyElementVisibleKeyword.groovy)
	at com.kms.katalon.core.webui.keyword.internal.WebUIKeywordMain.runKeyword(WebUIKeywordMain.groovy:35)
	at com.kms.katalon.core.webui.keyword.builtin.VerifyElementVisibleKeyword.verifyElementVisible(VerifyElementVisibleKeyword.groovy:97)
	at com.kms.katalon.core.webui.keyword.builtin.VerifyElementVisibleKeyword.execute(VerifyElementVisibleKeyword.groovy:67)
	at com.kms.katalon.core.keyword.internal.KeywordExecutor.executeKeywordForPlatform(KeywordExecutor.groovy:74)
	at com.kms.katalon.core.webui.keyword.WebUiBuiltInKeywords.verifyElementVisible(WebUiBuiltInKeywords.groovy:401)
	at com.kms.katalon.core.webui.keyword.WebUiBuiltInKeywords$verifyElementVisible$5.call(Unknown Source)
	at Create Split Load Order (Adding 2 Sites).run(Create Split Load Order (Adding 2 Sites):22)
	at com.kms.katalon.core.main.ScriptEngine.run(ScriptEngine.java:194)
	at com.kms.katalon.core.main.ScriptEngine.runScriptAsRawText(ScriptEngine.java:119)
	at com.kms.katalon.core.main.TestCaseExecutor.runScript(TestCaseExecutor.java:448)
	at com.kms.katalon.core.main.TestCaseExecutor.doExecute(TestCaseExecutor.java:439)
	at com.kms.katalon.core.main.TestCaseExecutor.processExecutionPhase(TestCaseExecutor.java:418)
	at com.kms.katalon.core.main.TestCaseExecutor.accessMainPhase(TestCaseExecutor.java:410)
	at com.kms.katalon.core.main.TestCaseExecutor.execute(TestCaseExecutor.java:285)
	at com.kms.katalon.core.common.CommonExecutor.accessTestCaseMainPhase(CommonExecutor.java:65)
	at com.kms.katalon.core.main.TestSuiteExecutor.accessTestSuiteMainPhase(TestSuiteExecutor.java:150)
	at com.kms.katalon.core.main.TestSuiteExecutor.execute(TestSuiteExecutor.java:106)
	at com.kms.katalon.core.main.TestCaseMain.startTestSuite(TestCaseMain.java:180)
	at com.kms.katalon.core.main.TestCaseMain$startTestSuite$0.call(Unknown Source)
	at TempTestSuite1761090815312.run(TempTestSuite1761090815312.groovy:35)
	at java.base/jdk.internal.reflect.NativeMethodAccessorImpl.invoke0(Native Method)
	at java.base/jdk.internal.reflect.NativeMethodAccessorImpl.invoke(NativeMethodAccessorImpl.java:77)
	at java.base/jdk.internal.reflect.DelegatingMethodAccessorImpl.invoke(DelegatingMethodAccessorImpl.java:43)
)

21-10-2025T22:01:12 - [TEST_STEP][PASSED] - delay(1): Delayed 1 second(s)

21-10-2025T22:01:13 - [MESSAGE][PASSED] - Delayed 1 second(s)

21-10-2025T22:01:13 - [TEST_STEP][PASSED] - click(findTestObject("FIM/Hamburger Menu List/Hamburger_menu")): Object: 'Object Repository/FIM/Hamburger Menu List/Hamburger_menu' is clicked on

21-10-2025T22:01:13 - [MESSAGE][PASSED] - Object: 'Object Repository/FIM/Hamburger Menu List/Hamburger_menu' is clicked on

21-10-2025T22:01:13 - [TEST_STEP][PASSED] - verifyElementPresent(findTestObject("FIM/Hamburger Menu List/KAG_Sites_option"), 10): Object 'Object Repository/FIM/Hamburger Menu List/KAG_Sites_option' is present

21-10-2025T22:01:13 - [MESSAGE][PASSED] - Object 'Object Repository/FIM/Hamburger Menu List/KAG_Sites_option' is present

21-10-2025T22:01:13 - [TEST_STEP][PASSED] - delay(1): Delayed 1 second(s)

21-10-2025T22:01:14 - [MESSAGE][PASSED] - Delayed 1 second(s)

21-10-2025T22:01:14 - [TEST_STEP][PASSED] - click(findTestObject("FIM/Hamburger Menu List/KAG_Sites_option")): Object: 'Object Repository/FIM/Hamburger Menu List/KAG_Sites_option' is clicked on

21-10-2025T22:01:14 - [MESSAGE][PASSED] - Object: 'Object Repository/FIM/Hamburger Menu List/KAG_Sites_option' is clicked on

21-10-2025T22:01:14 - [TEST_STEP][PASSED] - waitForElementPresent(findTestObject("FIM/Sites Page/Calculator/Calculator Tab"), 10): Object 'Object Repository/FIM/Sites Page/Calculator/Calculator Tab' is present

21-10-2025T22:01:23 - [MESSAGE][PASSED] - Object 'Object Repository/FIM/Sites Page/Calculator/Calculator Tab' is present

21-10-2025T22:01:23 - [TEST_STEP][PASSED] - while (i < 60 == true): null

21-10-2025T22:01:23 - [TEST_STEP][PASSED] - sendKeys(findTestObject("FIM/Sites Page/Site Filtering/Site_txt"), Keys.chord(BACK_SPACE), STOP_ON_FAILURE): Keys 'BACK_SPACE + ' sent to object: 'Object Repository/FIM/Sites Page/Site Filtering/Site_txt'

21-10-2025T22:01:24 - [MESSAGE][PASSED] - Keys 'BACK_SPACE + ' sent to object: 'Object Repository/FIM/Sites Page/Site Filtering/Site_txt'

21-10-2025T22:01:24 - [TEST_STEP][PASSED] - (i++): null

21-10-2025T22:01:24 - [TEST_STEP][PASSED] - sendKeys(findTestObject("FIM/Sites Page/Site Filtering/Site_txt"), Keys.chord(BACK_SPACE), STOP_ON_FAILURE): Keys 'BACK_SPACE + ' sent to object: 'Object Repository/FIM/Sites Page/Site Filtering/Site_txt'

21-10-2025T22:01:24 - [MESSAGE][PASSED] - Keys 'BACK_SPACE + ' sent to object: 'Object Repository/FIM/Sites Page/Site Filtering/Site_txt'

21-10-2025T22:01:24 - [TEST_STEP][PASSED] - (i++): null

21-10-2025T22:01:24 - [TEST_STEP][PASSED] - sendKeys(findTestObject("FIM/Sites Page/Site Filtering/Site_txt"), Keys.chord(BACK_SPACE), STOP_ON_FAILURE): Keys 'BACK_SPACE + ' sent to object: 'Object Repository/FIM/Sites Page/Site Filtering/Site_txt'

21-10-2025T22:01:24 - [MESSAGE][PASSED] - Keys 'BACK_SPACE + ' sent to object: 'Object Repository/FIM/Sites Page/Site Filtering/Site_txt'

21-10-2025T22:01:24 - [TEST_STEP][PASSED] - (i++): null

21-10-2025T22:01:24 - [TEST_STEP][PASSED] - sendKeys(findTestObject("FIM/Sites Page/Site Filtering/Site_txt"), Keys.chord(BACK_SPACE), STOP_ON_FAILURE): Keys 'BACK_SPACE + ' sent to object: 'Object Repository/FIM/Sites Page/Site Filtering/Site_txt'

21-10-2025T22:01:24 - [MESSAGE][PASSED] - Keys 'BACK_SPACE + ' sent to object: 'Object Repository/FIM/Sites Page/Site Filtering/Site_txt'

21-10-2025T22:01:24 - [TEST_STEP][PASSED] - (i++): null

21-10-2025T22:01:24 - [TEST_STEP][PASSED] - sendKeys(findTestObject("FIM/Sites Page/Site Filtering/Site_txt"), Keys.chord(BACK_SPACE), STOP_ON_FAILURE): Keys 'BACK_SPACE + ' sent to object: 'Object Repository/FIM/Sites Page/Site Filtering/Site_txt'

21-10-2025T22:01:24 - [MESSAGE][PASSED] - Keys 'BACK_SPACE + ' sent to object: 'Object Repository/FIM/Sites Page/Site Filtering/Site_txt'

21-10-2025T22:01:24 - [TEST_STEP][PASSED] - (i++): null

21-10-2025T22:01:24 - [TEST_STEP][PASSED] - sendKeys(findTestObject("FIM/Sites Page/Site Filtering/Site_txt"), Keys.chord(BACK_SPACE), STOP_ON_FAILURE): Keys 'BACK_SPACE + ' sent to object: 'Object Repository/FIM/Sites Page/Site Filtering/Site_txt'

21-10-2025T22:01:25 - [MESSAGE][PASSED] - Keys 'BACK_SPACE + ' sent to object: 'Object Repository/FIM/Sites Page/Site Filtering/Site_txt'

21-10-2025T22:01:25 - [TEST_STEP][PASSED] - (i++): null

21-10-2025T22:01:25 - [TEST_STEP][PASSED] - sendKeys(findTestObject("FIM/Sites Page/Site Filtering/Site_txt"), Keys.chord(BACK_SPACE), STOP_ON_FAILURE): Keys 'BACK_SPACE + ' sent to object: 'Object Repository/FIM/Sites Page/Site Filtering/Site_txt'

21-10-2025T22:01:25 - [MESSAGE][PASSED] - Keys 'BACK_SPACE + ' sent to object: 'Object Repository/FIM/Sites Page/Site Filtering/Site_txt'

21-10-2025T22:01:25 - [TEST_STEP][PASSED] - (i++): null

21-10-2025T22:01:25 - [TEST_STEP][PASSED] - sendKeys(findTestObject("FIM/Sites Page/Site Filtering/Site_txt"), Keys.chord(BACK_SPACE), STOP_ON_FAILURE): Keys 'BACK_SPACE + ' sent to object: 'Object Repository/FIM/Sites Page/Site Filtering/Site_txt'

21-10-2025T22:01:25 - [MESSAGE][PASSED] - Keys 'BACK_SPACE + ' sent to object: 'Object Repository/FIM/Sites Page/Site Filtering/Site_txt'

21-10-2025T22:01:25 - [TEST_STEP][PASSED] - (i++): null

21-10-2025T22:01:25 - [TEST_STEP][PASSED] - sendKeys(findTestObject("FIM/Sites Page/Site Filtering/Site_txt"), Keys.chord(BACK_SPACE), STOP_ON_FAILURE): Keys 'BACK_SPACE + ' sent to object: 'Object Repository/FIM/Sites Page/Site Filtering/Site_txt'

21-10-2025T22:01:25 - [MESSAGE][PASSED] - Keys 'BACK_SPACE + ' sent to object: 'Object Repository/FIM/Sites Page/Site Filtering/Site_txt'

21-10-2025T22:01:25 - [TEST_STEP][PASSED] - (i++): null

21-10-2025T22:01:25 - [TEST_STEP][PASSED] - sendKeys(findTestObject("FIM/Sites Page/Site Filtering/Site_txt"), Keys.chord(BACK_SPACE), STOP_ON_FAILURE): Keys 'BACK_SPACE + ' sent to object: 'Object Repository/FIM/Sites Page/Site Filtering/Site_txt'

21-10-2025T22:01:25 - [MESSAGE][PASSED] - Keys 'BACK_SPACE + ' sent to object: 'Object Repository/FIM/Sites Page/Site Filtering/Site_txt'

21-10-2025T22:01:25 - [TEST_STEP][PASSED] - (i++): null

21-10-2025T22:01:25 - [TEST_STEP][PASSED] - sendKeys(findTestObject("FIM/Sites Page/Site Filtering/Site_txt"), Keys.chord(BACK_SPACE), STOP_ON_FAILURE): Keys 'BACK_SPACE + ' sent to object: 'Object Repository/FIM/Sites Page/Site Filtering/Site_txt'

21-10-2025T22:01:25 - [MESSAGE][PASSED] - Keys 'BACK_SPACE + ' sent to object: 'Object Repository/FIM/Sites Page/Site Filtering/Site_txt'

21-10-2025T22:01:25 - [TEST_STEP][PASSED] - (i++): null

21-10-2025T22:01:25 - [TEST_STEP][PASSED] - sendKeys(findTestObject("FIM/Sites Page/Site Filtering/Site_txt"), Keys.chord(BACK_SPACE), STOP_ON_FAILURE): Keys 'BACK_SPACE + ' sent to object: 'Object Repository/FIM/Sites Page/Site Filtering/Site_txt'

21-10-2025T22:01:25 - [MESSAGE][PASSED] - Keys 'BACK_SPACE + ' sent to object: 'Object Repository/FIM/Sites Page/Site Filtering/Site_txt'

21-10-2025T22:01:25 - [TEST_STEP][PASSED] - (i++): null

21-10-2025T22:01:25 - [TEST_STEP][PASSED] - sendKeys(findTestObject("FIM/Sites Page/Site Filtering/Site_txt"), Keys.chord(BACK_SPACE), STOP_ON_FAILURE): Keys 'BACK_SPACE + ' sent to object: 'Object Repository/FIM/Sites Page/Site Filtering/Site_txt'

21-10-2025T22:01:25 - [MESSAGE][PASSED] - Keys 'BACK_SPACE + ' sent to object: 'Object Repository/FIM/Sites Page/Site Filtering/Site_txt'

21-10-2025T22:01:25 - [TEST_STEP][PASSED] - (i++): null

21-10-2025T22:01:25 - [TEST_STEP][PASSED] - sendKeys(findTestObject("FIM/Sites Page/Site Filtering/Site_txt"), Keys.chord(BACK_SPACE), STOP_ON_FAILURE): Keys 'BACK_SPACE + ' sent to object: 'Object Repository/FIM/Sites Page/Site Filtering/Site_txt'

21-10-2025T22:01:25 - [MESSAGE][PASSED] - Keys 'BACK_SPACE + ' sent to object: 'Object Repository/FIM/Sites Page/Site Filtering/Site_txt'

21-10-2025T22:01:25 - [TEST_STEP][PASSED] - (i++): null

21-10-2025T22:01:25 - [TEST_STEP][PASSED] - sendKeys(findTestObject("FIM/Sites Page/Site Filtering/Site_txt"), Keys.chord(BACK_SPACE), STOP_ON_FAILURE): Keys 'BACK_SPACE + ' sent to object: 'Object Repository/FIM/Sites Page/Site Filtering/Site_txt'

21-10-2025T22:01:25 - [MESSAGE][PASSED] - Keys 'BACK_SPACE + ' sent to object: 'Object Repository/FIM/Sites Page/Site Filtering/Site_txt'

21-10-2025T22:01:25 - [TEST_STEP][PASSED] - (i++): null

21-10-2025T22:01:25 - [TEST_STEP][PASSED] - sendKeys(findTestObject("FIM/Sites Page/Site Filtering/Site_txt"), Keys.chord(BACK_SPACE), STOP_ON_FAILURE): Keys 'BACK_SPACE + ' sent to object: 'Object Repository/FIM/Sites Page/Site Filtering/Site_txt'

21-10-2025T22:01:25 - [MESSAGE][PASSED] - Keys 'BACK_SPACE + ' sent to object: 'Object Repository/FIM/Sites Page/Site Filtering/Site_txt'

21-10-2025T22:01:25 - [TEST_STEP][PASSED] - (i++): null

21-10-2025T22:01:25 - [TEST_STEP][PASSED] - sendKeys(findTestObject("FIM/Sites Page/Site Filtering/Site_txt"), Keys.chord(BACK_SPACE), STOP_ON_FAILURE): Keys 'BACK_SPACE + ' sent to object: 'Object Repository/FIM/Sites Page/Site Filtering/Site_txt'

21-10-2025T22:01:25 - [MESSAGE][PASSED] - Keys 'BACK_SPACE + ' sent to object: 'Object Repository/FIM/Sites Page/Site Filtering/Site_txt'

21-10-2025T22:01:25 - [TEST_STEP][PASSED] - (i++): null

21-10-2025T22:01:25 - [TEST_STEP][PASSED] - sendKeys(findTestObject("FIM/Sites Page/Site Filtering/Site_txt"), Keys.chord(BACK_SPACE), STOP_ON_FAILURE): Keys 'BACK_SPACE + ' sent to object: 'Object Repository/FIM/Sites Page/Site Filtering/Site_txt'

21-10-2025T22:01:25 - [MESSAGE][PASSED] - Keys 'BACK_SPACE + ' sent to object: 'Object Repository/FIM/Sites Page/Site Filtering/Site_txt'

21-10-2025T22:01:25 - [TEST_STEP][PASSED] - (i++): null

21-10-2025T22:01:25 - [TEST_STEP][PASSED] - sendKeys(findTestObject("FIM/Sites Page/Site Filtering/Site_txt"), Keys.chord(BACK_SPACE), STOP_ON_FAILURE): Keys 'BACK_SPACE + ' sent to object: 'Object Repository/FIM/Sites Page/Site Filtering/Site_txt'

21-10-2025T22:01:26 - [MESSAGE][PASSED] - Keys 'BACK_SPACE + ' sent to object: 'Object Repository/FIM/Sites Page/Site Filtering/Site_txt'

21-10-2025T22:01:26 - [TEST_STEP][PASSED] - (i++): null

21-10-2025T22:01:26 - [TEST_STEP][PASSED] - sendKeys(findTestObject("FIM/Sites Page/Site Filtering/Site_txt"), Keys.chord(BACK_SPACE), STOP_ON_FAILURE): Keys 'BACK_SPACE + ' sent to object: 'Object Repository/FIM/Sites Page/Site Filtering/Site_txt'

21-10-2025T22:01:26 - [MESSAGE][PASSED] - Keys 'BACK_SPACE + ' sent to object: 'Object Repository/FIM/Sites Page/Site Filtering/Site_txt'

21-10-2025T22:01:26 - [TEST_STEP][PASSED] - (i++): null

21-10-2025T22:01:26 - [TEST_STEP][PASSED] - sendKeys(findTestObject("FIM/Sites Page/Site Filtering/Site_txt"), Keys.chord(BACK_SPACE), STOP_ON_FAILURE): Keys 'BACK_SPACE + ' sent to object: 'Object Repository/FIM/Sites Page/Site Filtering/Site_txt'

21-10-2025T22:01:26 - [MESSAGE][PASSED] - Keys 'BACK_SPACE + ' sent to object: 'Object Repository/FIM/Sites Page/Site Filtering/Site_txt'

21-10-2025T22:01:26 - [TEST_STEP][PASSED] - (i++): null

21-10-2025T22:01:26 - [TEST_STEP][PASSED] - sendKeys(findTestObject("FIM/Sites Page/Site Filtering/Site_txt"), Keys.chord(BACK_SPACE), STOP_ON_FAILURE): Keys 'BACK_SPACE + ' sent to object: 'Object Repository/FIM/Sites Page/Site Filtering/Site_txt'

21-10-2025T22:01:26 - [MESSAGE][PASSED] - Keys 'BACK_SPACE + ' sent to object: 'Object Repository/FIM/Sites Page/Site Filtering/Site_txt'

21-10-2025T22:01:26 - [TEST_STEP][PASSED] - (i++): null

21-10-2025T22:01:26 - [TEST_STEP][PASSED] - sendKeys(findTestObject("FIM/Sites Page/Site Filtering/Site_txt"), Keys.chord(BACK_SPACE), STOP_ON_FAILURE): Keys 'BACK_SPACE + ' sent to object: 'Object Repository/FIM/Sites Page/Site Filtering/Site_txt'

21-10-2025T22:01:26 - [MESSAGE][PASSED] - Keys 'BACK_SPACE + ' sent to object: 'Object Repository/FIM/Sites Page/Site Filtering/Site_txt'

21-10-2025T22:01:26 - [TEST_STEP][PASSED] - (i++): null

21-10-2025T22:01:26 - [TEST_STEP][PASSED] - sendKeys(findTestObject("FIM/Sites Page/Site Filtering/Site_txt"), Keys.chord(BACK_SPACE), STOP_ON_FAILURE): Keys 'BACK_SPACE + ' sent to object: 'Object Repository/FIM/Sites Page/Site Filtering/Site_txt'

21-10-2025T22:01:26 - [MESSAGE][PASSED] - Keys 'BACK_SPACE + ' sent to object: 'Object Repository/FIM/Sites Page/Site Filtering/Site_txt'

21-10-2025T22:01:26 - [TEST_STEP][PASSED] - (i++): null

21-10-2025T22:01:26 - [TEST_STEP][PASSED] - sendKeys(findTestObject("FIM/Sites Page/Site Filtering/Site_txt"), Keys.chord(BACK_SPACE), STOP_ON_FAILURE): Keys 'BACK_SPACE + ' sent to object: 'Object Repository/FIM/Sites Page/Site Filtering/Site_txt'

21-10-2025T22:01:26 - [MESSAGE][PASSED] - Keys 'BACK_SPACE + ' sent to object: 'Object Repository/FIM/Sites Page/Site Filtering/Site_txt'

21-10-2025T22:01:26 - [TEST_STEP][PASSED] - (i++): null

21-10-2025T22:01:26 - [TEST_STEP][PASSED] - sendKeys(findTestObject("FIM/Sites Page/Site Filtering/Site_txt"), Keys.chord(BACK_SPACE), STOP_ON_FAILURE): Keys 'BACK_SPACE + ' sent to object: 'Object Repository/FIM/Sites Page/Site Filtering/Site_txt'

21-10-2025T22:01:26 - [MESSAGE][PASSED] - Keys 'BACK_SPACE + ' sent to object: 'Object Repository/FIM/Sites Page/Site Filtering/Site_txt'

21-10-2025T22:01:26 - [TEST_STEP][PASSED] - (i++): null

21-10-2025T22:01:26 - [TEST_STEP][PASSED] - sendKeys(findTestObject("FIM/Sites Page/Site Filtering/Site_txt"), Keys.chord(BACK_SPACE), STOP_ON_FAILURE): Keys 'BACK_SPACE + ' sent to object: 'Object Repository/FIM/Sites Page/Site Filtering/Site_txt'

21-10-2025T22:01:26 - [MESSAGE][PASSED] - Keys 'BACK_SPACE + ' sent to object: 'Object Repository/FIM/Sites Page/Site Filtering/Site_txt'

21-10-2025T22:01:26 - [TEST_STEP][PASSED] - (i++): null

21-10-2025T22:01:26 - [TEST_STEP][PASSED] - sendKeys(findTestObject("FIM/Sites Page/Site Filtering/Site_txt"), Keys.chord(BACK_SPACE), STOP_ON_FAILURE): Keys 'BACK_SPACE + ' sent to object: 'Object Repository/FIM/Sites Page/Site Filtering/Site_txt'

21-10-2025T22:01:26 - [MESSAGE][PASSED] - Keys 'BACK_SPACE + ' sent to object: 'Object Repository/FIM/Sites Page/Site Filtering/Site_txt'

21-10-2025T22:01:26 - [TEST_STEP][PASSED] - (i++): null

21-10-2025T22:01:26 - [TEST_STEP][PASSED] - sendKeys(findTestObject("FIM/Sites Page/Site Filtering/Site_txt"), Keys.chord(BACK_SPACE), STOP_ON_FAILURE): Keys 'BACK_SPACE + ' sent to object: 'Object Repository/FIM/Sites Page/Site Filtering/Site_txt'

21-10-2025T22:01:26 - [MESSAGE][PASSED] - Keys 'BACK_SPACE + ' sent to object: 'Object Repository/FIM/Sites Page/Site Filtering/Site_txt'

21-10-2025T22:01:26 - [TEST_STEP][PASSED] - (i++): null

21-10-2025T22:01:26 - [TEST_STEP][PASSED] - sendKeys(findTestObject("FIM/Sites Page/Site Filtering/Site_txt"), Keys.chord(BACK_SPACE), STOP_ON_FAILURE): Keys 'BACK_SPACE + ' sent to object: 'Object Repository/FIM/Sites Page/Site Filtering/Site_txt'

21-10-2025T22:01:26 - [MESSAGE][PASSED] - Keys 'BACK_SPACE + ' sent to object: 'Object Repository/FIM/Sites Page/Site Filtering/Site_txt'

21-10-2025T22:01:26 - [TEST_STEP][PASSED] - (i++): null

21-10-2025T22:01:26 - [TEST_STEP][PASSED] - sendKeys(findTestObject("FIM/Sites Page/Site Filtering/Site_txt"), Keys.chord(BACK_SPACE), STOP_ON_FAILURE): Keys 'BACK_SPACE + ' sent to object: 'Object Repository/FIM/Sites Page/Site Filtering/Site_txt'

21-10-2025T22:01:27 - [MESSAGE][PASSED] - Keys 'BACK_SPACE + ' sent to object: 'Object Repository/FIM/Sites Page/Site Filtering/Site_txt'

21-10-2025T22:01:27 - [TEST_STEP][PASSED] - (i++): null

21-10-2025T22:01:27 - [TEST_STEP][PASSED] - sendKeys(findTestObject("FIM/Sites Page/Site Filtering/Site_txt"), Keys.chord(BACK_SPACE), STOP_ON_FAILURE): Keys 'BACK_SPACE + ' sent to object: 'Object Repository/FIM/Sites Page/Site Filtering/Site_txt'

21-10-2025T22:01:27 - [MESSAGE][PASSED] - Keys 'BACK_SPACE + ' sent to object: 'Object Repository/FIM/Sites Page/Site Filtering/Site_txt'

21-10-2025T22:01:27 - [TEST_STEP][PASSED] - (i++): null

21-10-2025T22:01:27 - [TEST_STEP][PASSED] - sendKeys(findTestObject("FIM/Sites Page/Site Filtering/Site_txt"), Keys.chord(BACK_SPACE), STOP_ON_FAILURE): Keys 'BACK_SPACE + ' sent to object: 'Object Repository/FIM/Sites Page/Site Filtering/Site_txt'

21-10-2025T22:01:27 - [MESSAGE][PASSED] - Keys 'BACK_SPACE + ' sent to object: 'Object Repository/FIM/Sites Page/Site Filtering/Site_txt'

21-10-2025T22:01:27 - [TEST_STEP][PASSED] - (i++): null

21-10-2025T22:01:27 - [TEST_STEP][PASSED] - sendKeys(findTestObject("FIM/Sites Page/Site Filtering/Site_txt"), Keys.chord(BACK_SPACE), STOP_ON_FAILURE): Keys 'BACK_SPACE + ' sent to object: 'Object Repository/FIM/Sites Page/Site Filtering/Site_txt'

21-10-2025T22:01:27 - [MESSAGE][PASSED] - Keys 'BACK_SPACE + ' sent to object: 'Object Repository/FIM/Sites Page/Site Filtering/Site_txt'

21-10-2025T22:01:27 - [TEST_STEP][PASSED] - (i++): null

21-10-2025T22:01:27 - [TEST_STEP][PASSED] - sendKeys(findTestObject("FIM/Sites Page/Site Filtering/Site_txt"), Keys.chord(BACK_SPACE), STOP_ON_FAILURE): Keys 'BACK_SPACE + ' sent to object: 'Object Repository/FIM/Sites Page/Site Filtering/Site_txt'

21-10-2025T22:01:27 - [MESSAGE][PASSED] - Keys 'BACK_SPACE + ' sent to object: 'Object Repository/FIM/Sites Page/Site Filtering/Site_txt'

21-10-2025T22:01:27 - [TEST_STEP][PASSED] - (i++): null

21-10-2025T22:01:27 - [TEST_STEP][PASSED] - sendKeys(findTestObject("FIM/Sites Page/Site Filtering/Site_txt"), Keys.chord(BACK_SPACE), STOP_ON_FAILURE): Keys 'BACK_SPACE + ' sent to object: 'Object Repository/FIM/Sites Page/Site Filtering/Site_txt'

21-10-2025T22:01:27 - [MESSAGE][PASSED] - Keys 'BACK_SPACE + ' sent to object: 'Object Repository/FIM/Sites Page/Site Filtering/Site_txt'

21-10-2025T22:01:27 - [TEST_STEP][PASSED] - (i++): null

21-10-2025T22:01:27 - [TEST_STEP][PASSED] - sendKeys(findTestObject("FIM/Sites Page/Site Filtering/Site_txt"), Keys.chord(BACK_SPACE), STOP_ON_FAILURE): Keys 'BACK_SPACE + ' sent to object: 'Object Repository/FIM/Sites Page/Site Filtering/Site_txt'

21-10-2025T22:01:27 - [MESSAGE][PASSED] - Keys 'BACK_SPACE + ' sent to object: 'Object Repository/FIM/Sites Page/Site Filtering/Site_txt'

21-10-2025T22:01:27 - [TEST_STEP][PASSED] - (i++): null

21-10-2025T22:01:27 - [TEST_STEP][PASSED] - sendKeys(findTestObject("FIM/Sites Page/Site Filtering/Site_txt"), Keys.chord(BACK_SPACE), STOP_ON_FAILURE): Keys 'BACK_SPACE + ' sent to object: 'Object Repository/FIM/Sites Page/Site Filtering/Site_txt'

21-10-2025T22:01:27 - [MESSAGE][PASSED] - Keys 'BACK_SPACE + ' sent to object: 'Object Repository/FIM/Sites Page/Site Filtering/Site_txt'

21-10-2025T22:01:27 - [TEST_STEP][PASSED] - (i++): null

21-10-2025T22:01:27 - [TEST_STEP][PASSED] - sendKeys(findTestObject("FIM/Sites Page/Site Filtering/Site_txt"), Keys.chord(BACK_SPACE), STOP_ON_FAILURE): Keys 'BACK_SPACE + ' sent to object: 'Object Repository/FIM/Sites Page/Site Filtering/Site_txt'

21-10-2025T22:01:27 - [MESSAGE][PASSED] - Keys 'BACK_SPACE + ' sent to object: 'Object Repository/FIM/Sites Page/Site Filtering/Site_txt'

21-10-2025T22:01:27 - [TEST_STEP][PASSED] - (i++): null

21-10-2025T22:01:27 - [TEST_STEP][PASSED] - sendKeys(findTestObject("FIM/Sites Page/Site Filtering/Site_txt"), Keys.chord(BACK_SPACE), STOP_ON_FAILURE): Keys 'BACK_SPACE + ' sent to object: 'Object Repository/FIM/Sites Page/Site Filtering/Site_txt'

21-10-2025T22:01:27 - [MESSAGE][PASSED] - Keys 'BACK_SPACE + ' sent to object: 'Object Repository/FIM/Sites Page/Site Filtering/Site_txt'

21-10-2025T22:01:27 - [TEST_STEP][PASSED] - (i++): null

21-10-2025T22:01:27 - [TEST_STEP][PASSED] - sendKeys(findTestObject("FIM/Sites Page/Site Filtering/Site_txt"), Keys.chord(BACK_SPACE), STOP_ON_FAILURE): Keys 'BACK_SPACE + ' sent to object: 'Object Repository/FIM/Sites Page/Site Filtering/Site_txt'

21-10-2025T22:01:27 - [MESSAGE][PASSED] - Keys 'BACK_SPACE + ' sent to object: 'Object Repository/FIM/Sites Page/Site Filtering/Site_txt'

21-10-2025T22:01:27 - [TEST_STEP][PASSED] - (i++): null

21-10-2025T22:01:27 - [TEST_STEP][PASSED] - sendKeys(findTestObject("FIM/Sites Page/Site Filtering/Site_txt"), Keys.chord(BACK_SPACE), STOP_ON_FAILURE): Keys 'BACK_SPACE + ' sent to object: 'Object Repository/FIM/Sites Page/Site Filtering/Site_txt'

21-10-2025T22:01:27 - [MESSAGE][PASSED] - Keys 'BACK_SPACE + ' sent to object: 'Object Repository/FIM/Sites Page/Site Filtering/Site_txt'

21-10-2025T22:01:27 - [TEST_STEP][PASSED] - (i++): null

21-10-2025T22:01:27 - [TEST_STEP][PASSED] - sendKeys(findTestObject("FIM/Sites Page/Site Filtering/Site_txt"), Keys.chord(BACK_SPACE), STOP_ON_FAILURE): Keys 'BACK_SPACE + ' sent to object: 'Object Repository/FIM/Sites Page/Site Filtering/Site_txt'

21-10-2025T22:01:27 - [MESSAGE][PASSED] - Keys 'BACK_SPACE + ' sent to object: 'Object Repository/FIM/Sites Page/Site Filtering/Site_txt'

21-10-2025T22:01:27 - [TEST_STEP][PASSED] - (i++): null

21-10-2025T22:01:27 - [TEST_STEP][PASSED] - sendKeys(findTestObject("FIM/Sites Page/Site Filtering/Site_txt"), Keys.chord(BACK_SPACE), STOP_ON_FAILURE): Keys 'BACK_SPACE + ' sent to object: 'Object Repository/FIM/Sites Page/Site Filtering/Site_txt'

21-10-2025T22:01:27 - [MESSAGE][PASSED] - Keys 'BACK_SPACE + ' sent to object: 'Object Repository/FIM/Sites Page/Site Filtering/Site_txt'

21-10-2025T22:01:27 - [TEST_STEP][PASSED] - (i++): null

21-10-2025T22:01:27 - [TEST_STEP][PASSED] - sendKeys(findTestObject("FIM/Sites Page/Site Filtering/Site_txt"), Keys.chord(BACK_SPACE), STOP_ON_FAILURE): Keys 'BACK_SPACE + ' sent to object: 'Object Repository/FIM/Sites Page/Site Filtering/Site_txt'

21-10-2025T22:01:28 - [MESSAGE][PASSED] - Keys 'BACK_SPACE + ' sent to object: 'Object Repository/FIM/Sites Page/Site Filtering/Site_txt'

21-10-2025T22:01:28 - [TEST_STEP][PASSED] - (i++): null

21-10-2025T22:01:28 - [TEST_STEP][PASSED] - sendKeys(findTestObject("FIM/Sites Page/Site Filtering/Site_txt"), Keys.chord(BACK_SPACE), STOP_ON_FAILURE): Keys 'BACK_SPACE + ' sent to object: 'Object Repository/FIM/Sites Page/Site Filtering/Site_txt'

21-10-2025T22:01:28 - [MESSAGE][PASSED] - Keys 'BACK_SPACE + ' sent to object: 'Object Repository/FIM/Sites Page/Site Filtering/Site_txt'

21-10-2025T22:01:28 - [TEST_STEP][PASSED] - (i++): null

21-10-2025T22:01:28 - [TEST_STEP][PASSED] - sendKeys(findTestObject("FIM/Sites Page/Site Filtering/Site_txt"), Keys.chord(BACK_SPACE), STOP_ON_FAILURE): Keys 'BACK_SPACE + ' sent to object: 'Object Repository/FIM/Sites Page/Site Filtering/Site_txt'

21-10-2025T22:01:28 - [MESSAGE][PASSED] - Keys 'BACK_SPACE + ' sent to object: 'Object Repository/FIM/Sites Page/Site Filtering/Site_txt'

21-10-2025T22:01:28 - [TEST_STEP][PASSED] - (i++): null

21-10-2025T22:01:28 - [TEST_STEP][PASSED] - sendKeys(findTestObject("FIM/Sites Page/Site Filtering/Site_txt"), Keys.chord(BACK_SPACE), STOP_ON_FAILURE): Keys 'BACK_SPACE + ' sent to object: 'Object Repository/FIM/Sites Page/Site Filtering/Site_txt'

21-10-2025T22:01:28 - [MESSAGE][PASSED] - Keys 'BACK_SPACE + ' sent to object: 'Object Repository/FIM/Sites Page/Site Filtering/Site_txt'

21-10-2025T22:01:28 - [TEST_STEP][PASSED] - (i++): null

21-10-2025T22:01:28 - [TEST_STEP][PASSED] - sendKeys(findTestObject("FIM/Sites Page/Site Filtering/Site_txt"), Keys.chord(BACK_SPACE), STOP_ON_FAILURE): Keys 'BACK_SPACE + ' sent to object: 'Object Repository/FIM/Sites Page/Site Filtering/Site_txt'

21-10-2025T22:01:28 - [MESSAGE][PASSED] - Keys 'BACK_SPACE + ' sent to object: 'Object Repository/FIM/Sites Page/Site Filtering/Site_txt'

21-10-2025T22:01:28 - [TEST_STEP][PASSED] - (i++): null

21-10-2025T22:01:28 - [TEST_STEP][PASSED] - sendKeys(findTestObject("FIM/Sites Page/Site Filtering/Site_txt"), Keys.chord(BACK_SPACE), STOP_ON_FAILURE): Keys 'BACK_SPACE + ' sent to object: 'Object Repository/FIM/Sites Page/Site Filtering/Site_txt'

21-10-2025T22:01:28 - [MESSAGE][PASSED] - Keys 'BACK_SPACE + ' sent to object: 'Object Repository/FIM/Sites Page/Site Filtering/Site_txt'

21-10-2025T22:01:28 - [TEST_STEP][PASSED] - (i++): null

21-10-2025T22:01:28 - [TEST_STEP][PASSED] - sendKeys(findTestObject("FIM/Sites Page/Site Filtering/Site_txt"), Keys.chord(BACK_SPACE), STOP_ON_FAILURE): Keys 'BACK_SPACE + ' sent to object: 'Object Repository/FIM/Sites Page/Site Filtering/Site_txt'

21-10-2025T22:01:28 - [MESSAGE][PASSED] - Keys 'BACK_SPACE + ' sent to object: 'Object Repository/FIM/Sites Page/Site Filtering/Site_txt'

21-10-2025T22:01:28 - [TEST_STEP][PASSED] - (i++): null

21-10-2025T22:01:28 - [TEST_STEP][PASSED] - sendKeys(findTestObject("FIM/Sites Page/Site Filtering/Site_txt"), Keys.chord(BACK_SPACE), STOP_ON_FAILURE): Keys 'BACK_SPACE + ' sent to object: 'Object Repository/FIM/Sites Page/Site Filtering/Site_txt'

21-10-2025T22:01:29 - [MESSAGE][PASSED] - Keys 'BACK_SPACE + ' sent to object: 'Object Repository/FIM/Sites Page/Site Filtering/Site_txt'

21-10-2025T22:01:29 - [TEST_STEP][PASSED] - (i++): null

21-10-2025T22:01:29 - [TEST_STEP][PASSED] - sendKeys(findTestObject("FIM/Sites Page/Site Filtering/Site_txt"), Keys.chord(BACK_SPACE), STOP_ON_FAILURE): Keys 'BACK_SPACE + ' sent to object: 'Object Repository/FIM/Sites Page/Site Filtering/Site_txt'

21-10-2025T22:01:29 - [MESSAGE][PASSED] - Keys 'BACK_SPACE + ' sent to object: 'Object Repository/FIM/Sites Page/Site Filtering/Site_txt'

21-10-2025T22:01:29 - [TEST_STEP][PASSED] - (i++): null

21-10-2025T22:01:29 - [TEST_STEP][PASSED] - sendKeys(findTestObject("FIM/Sites Page/Site Filtering/Site_txt"), Keys.chord(BACK_SPACE), STOP_ON_FAILURE): Keys 'BACK_SPACE + ' sent to object: 'Object Repository/FIM/Sites Page/Site Filtering/Site_txt'

21-10-2025T22:01:29 - [MESSAGE][PASSED] - Keys 'BACK_SPACE + ' sent to object: 'Object Repository/FIM/Sites Page/Site Filtering/Site_txt'

21-10-2025T22:01:29 - [TEST_STEP][PASSED] - (i++): null

21-10-2025T22:01:29 - [TEST_STEP][PASSED] - sendKeys(findTestObject("FIM/Sites Page/Site Filtering/Site_txt"), Keys.chord(BACK_SPACE), STOP_ON_FAILURE): Keys 'BACK_SPACE + ' sent to object: 'Object Repository/FIM/Sites Page/Site Filtering/Site_txt'

21-10-2025T22:01:29 - [MESSAGE][PASSED] - Keys 'BACK_SPACE + ' sent to object: 'Object Repository/FIM/Sites Page/Site Filtering/Site_txt'

21-10-2025T22:01:29 - [TEST_STEP][PASSED] - (i++): null

21-10-2025T22:01:29 - [TEST_STEP][PASSED] - sendKeys(findTestObject("FIM/Sites Page/Site Filtering/Site_txt"), Keys.chord(BACK_SPACE), STOP_ON_FAILURE): Keys 'BACK_SPACE + ' sent to object: 'Object Repository/FIM/Sites Page/Site Filtering/Site_txt'

21-10-2025T22:01:29 - [MESSAGE][PASSED] - Keys 'BACK_SPACE + ' sent to object: 'Object Repository/FIM/Sites Page/Site Filtering/Site_txt'

21-10-2025T22:01:29 - [TEST_STEP][PASSED] - (i++): null

21-10-2025T22:01:29 - [TEST_STEP][PASSED] - sendKeys(findTestObject("FIM/Sites Page/Site Filtering/Site_txt"), Keys.chord(BACK_SPACE), STOP_ON_FAILURE): Keys 'BACK_SPACE + ' sent to object: 'Object Repository/FIM/Sites Page/Site Filtering/Site_txt'

21-10-2025T22:01:29 - [MESSAGE][PASSED] - Keys 'BACK_SPACE + ' sent to object: 'Object Repository/FIM/Sites Page/Site Filtering/Site_txt'

21-10-2025T22:01:29 - [TEST_STEP][PASSED] - (i++): null

21-10-2025T22:01:29 - [TEST_STEP][PASSED] - sendKeys(findTestObject("FIM/Sites Page/Site Filtering/Site_txt"), Keys.chord(BACK_SPACE), STOP_ON_FAILURE): Keys 'BACK_SPACE + ' sent to object: 'Object Repository/FIM/Sites Page/Site Filtering/Site_txt'

21-10-2025T22:01:29 - [MESSAGE][PASSED] - Keys 'BACK_SPACE + ' sent to object: 'Object Repository/FIM/Sites Page/Site Filtering/Site_txt'

21-10-2025T22:01:29 - [TEST_STEP][PASSED] - (i++): null

21-10-2025T22:01:29 - [TEST_STEP][PASSED] - sendKeys(findTestObject("FIM/Sites Page/Site Filtering/Site_txt"), Keys.chord(BACK_SPACE), STOP_ON_FAILURE): Keys 'BACK_SPACE + ' sent to object: 'Object Repository/FIM/Sites Page/Site Filtering/Site_txt'

21-10-2025T22:01:29 - [MESSAGE][PASSED] - Keys 'BACK_SPACE + ' sent to object: 'Object Repository/FIM/Sites Page/Site Filtering/Site_txt'

21-10-2025T22:01:29 - [TEST_STEP][PASSED] - (i++): null

21-10-2025T22:01:29 - [TEST_STEP][PASSED] - sendKeys(findTestObject("FIM/Sites Page/Site Filtering/Site_txt"), Keys.chord(BACK_SPACE), STOP_ON_FAILURE): Keys 'BACK_SPACE + ' sent to object: 'Object Repository/FIM/Sites Page/Site Filtering/Site_txt'

21-10-2025T22:01:30 - [MESSAGE][PASSED] - Keys 'BACK_SPACE + ' sent to object: 'Object Repository/FIM/Sites Page/Site Filtering/Site_txt'

21-10-2025T22:01:30 - [TEST_STEP][PASSED] - (i++): null

21-10-2025T22:01:30 - [TEST_STEP][PASSED] - sendKeys(findTestObject("FIM/Sites Page/Site Filtering/Site_txt"), "AFM39", STOP_ON_FAILURE): Keys 'AFM39' sent to object: 'Object Repository/FIM/Sites Page/Site Filtering/Site_txt'

21-10-2025T22:01:30 - [MESSAGE][PASSED] - Keys 'AFM39' sent to object: 'Object Repository/FIM/Sites Page/Site Filtering/Site_txt'

21-10-2025T22:01:30 - [TEST_STEP][PASSED] - sendKeys(findTestObject("FIM/Sites Page/Site Filtering/Site_txt"), Keys.chord(ENTER), STOP_ON_FAILURE): Keys 'ENTER + ' sent to object: 'Object Repository/FIM/Sites Page/Site Filtering/Site_txt'

21-10-2025T22:01:31 - [MESSAGE][PASSED] - Keys 'ENTER + ' sent to object: 'Object Repository/FIM/Sites Page/Site Filtering/Site_txt'

21-10-2025T22:01:31 - [TEST_STEP][PASSED] - waitForElementClickable(findTestObject("FIM/Sites Page/Orders/Create Order/CreateOrder_btn"), 300): Object 'Object Repository/FIM/Sites Page/Orders/Create Order/CreateOrder_btn' is clickable

21-10-2025T22:01:31 - [MESSAGE][PASSED] - Object 'Object Repository/FIM/Sites Page/Orders/Create Order/CreateOrder_btn' is clickable

21-10-2025T22:01:31 - [TEST_STEP][PASSED] - click(findTestObject("FIM/Sites Page/Orders/Create Order/CreateOrder_btn"), OPTIONAL): Object: 'Object Repository/FIM/Sites Page/Orders/Create Order/CreateOrder_btn' is clicked on

21-10-2025T22:01:31 - [MESSAGE][PASSED] - Object: 'Object Repository/FIM/Sites Page/Orders/Create Order/CreateOrder_btn' is clicked on

21-10-2025T22:01:31 - [TEST_STEP][PASSED] - delay(1): Delayed 1 second(s)

21-10-2025T22:01:32 - [MESSAGE][PASSED] - Delayed 1 second(s)

21-10-2025T22:01:32 - [TEST_STEP][PASSED] - verifyElementPresent(findTestObject("FIM/Sites Page/Orders/Create Order/Split_Load_Order_toggle"), 10): Object 'Object Repository/FIM/Sites Page/Orders/Create Order/Split_Load_Order_toggle' is present

21-10-2025T22:01:32 - [MESSAGE][PASSED] - Object 'Object Repository/FIM/Sites Page/Orders/Create Order/Split_Load_Order_toggle' is present

21-10-2025T22:01:32 - [TEST_STEP][FAILED] - click(findTestObject("FIM/Sites Page/Orders/Create Order/Split_Load_Order_toggle"), STOP_ON_FAILURE): Unable to click on object 'Object Repository/FIM/Sites Page/Orders/Create Order/Split_Load_Order_toggle' (Root cause: com.kms.katalon.core.exception.StepFailedException: Unable to click on object 'Object Repository/FIM/Sites Page/Orders/Create Order/Split_Load_Order_toggle'
	at com.kms.katalon.core.webui.keyword.internal.WebUIKeywordMain.stepFailed(WebUIKeywordMain.groovy:117)
	at com.kms.katalon.core.webui.keyword.internal.WebUIKeywordMain.runKeyword(WebUIKeywordMain.groovy:43)
	at com.kms.katalon.core.webui.keyword.builtin.ClickKeyword.click(ClickKeyword.groovy:74)
	at com.kms.katalon.core.webui.keyword.builtin.ClickKeyword.execute(ClickKeyword.groovy:40)
	at com.kms.katalon.core.keyword.internal.KeywordExecutor.executeKeywordForPlatform(KeywordExecutor.groovy:74)
	at com.kms.katalon.core.webui.keyword.WebUiBuiltInKeywords.click(WebUiBuiltInKeywords.groovy:647)
	at com.kms.katalon.core.webui.keyword.WebUiBuiltInKeywords$click$10.call(Unknown Source)
	at Create Split Load Order (Adding 2 Sites).run(Create Split Load Order (Adding 2 Sites):58)
	at com.kms.katalon.core.main.ScriptEngine.run(ScriptEngine.java:194)
	at com.kms.katalon.core.main.ScriptEngine.runScriptAsRawText(ScriptEngine.java:119)
	at com.kms.katalon.core.main.TestCaseExecutor.runScript(TestCaseExecutor.java:448)
	at com.kms.katalon.core.main.TestCaseExecutor.doExecute(TestCaseExecutor.java:439)
	at com.kms.katalon.core.main.TestCaseExecutor.processExecutionPhase(TestCaseExecutor.java:418)
	at com.kms.katalon.core.main.TestCaseExecutor.accessMainPhase(TestCaseExecutor.java:410)
	at com.kms.katalon.core.main.TestCaseExecutor.execute(TestCaseExecutor.java:285)
	at com.kms.katalon.core.common.CommonExecutor.accessTestCaseMainPhase(CommonExecutor.java:65)
	at com.kms.katalon.core.main.TestSuiteExecutor.accessTestSuiteMainPhase(TestSuiteExecutor.java:150)
	at com.kms.katalon.core.main.TestSuiteExecutor.execute(TestSuiteExecutor.java:106)
	at com.kms.katalon.core.main.TestCaseMain.startTestSuite(TestCaseMain.java:180)
	at com.kms.katalon.core.main.TestCaseMain$startTestSuite$0.call(Unknown Source)
	at TempTestSuite1761090815312.run(TempTestSuite1761090815312.groovy:35)
	at java.base/jdk.internal.reflect.NativeMethodAccessorImpl.invoke0(Native Method)
	at java.base/jdk.internal.reflect.NativeMethodAccessorImpl.invoke(NativeMethodAccessorImpl.java:77)
	at java.base/jdk.internal.reflect.DelegatingMethodAccessorImpl.invoke(DelegatingMethodAccessorImpl.java:43)
Caused by: org.openqa.selenium.ElementNotInteractableException: element not interactable
  (Session info: chrome=141.0.7390.122)
Build info: version: '3.141.59', revision: 'unknown', time: 'unknown'
System info: host: 'DC1ADOBLD01', ip: '10.2.20.71', os.name: 'Windows Server 2019', os.arch: 'amd64', os.version: '10.0', java.version: '17.0.7'
Driver info: com.kms.katalon.selenium.driver.CChromeDriver
Capabilities {acceptInsecureCerts: false, browserName: chrome, browserVersion: 141.0.7390.122, chrome: {chromedriverVersion: 141.0.7390.122 (b477534e7e1..., userDataDir: C:\Windows\SystemTemp\scope...}, fedcm:accounts: true, goog:chromeOptions: {debuggerAddress: localhost:58039}, javascriptEnabled: true, networkConnectionEnabled: false, pageLoadStrategy: normal, platform: WINDOWS, platformName: WINDOWS, proxy: Proxy(), setWindowRect: true, strictFileInteractability: false, timeouts: {implicit: 0, pageLoad: 300000, script: 30000}, unhandledPromptBehavior: dismiss and notify, webauthn:extension:credBlob: true, webauthn:extension:largeBlob: true, webauthn:extension:minPinLength: true, webauthn:extension:prf: true, webauthn:virtualAuthenticators: true}
Session ID: 0d40354528b055cedc911827397aee92
	at java.base/jdk.internal.reflect.NativeConstructorAccessorImpl.newInstance0(Native Method)
	at java.base/jdk.internal.reflect.NativeConstructorAccessorImpl.newInstance(NativeConstructorAccessorImpl.java:77)
	at java.base/jdk.internal.reflect.DelegatingConstructorAccessorImpl.newInstance(DelegatingConstructorAccessorImpl.java:45)
	at org.openqa.selenium.remote.http.W3CHttpResponseCodec.createException(W3CHttpResponseCodec.java:187)
	at org.openqa.selenium.remote.http.W3CHttpResponseCodec.decode(W3CHttpResponseCodec.java:122)
	at org.openqa.selenium.remote.http.W3CHttpResponseCodec.decode(W3CHttpResponseCodec.java:49)
	at org.openqa.selenium.remote.HttpCommandExecutor.execute(HttpCommandExecutor.java:158)
	at org.openqa.selenium.remote.service.DriverCommandExecutor.execute(DriverCommandExecutor.java:83)
	at org.openqa.selenium.remote.RemoteWebDriver.execute(RemoteWebDriver.java:552)
	at com.kms.katalon.selenium.driver.CChromeDriver.execute(CChromeDriver.java:19)
	at org.openqa.selenium.remote.RemoteWebElement.execute(RemoteWebElement.java:285)
	at org.openqa.selenium.remote.RemoteWebElement.click(RemoteWebElement.java:84)
	at jdk.internal.reflect.GeneratedMethodAccessor20.invoke(Unknown Source)
	at java.base/jdk.internal.reflect.DelegatingMethodAccessorImpl.invoke(DelegatingMethodAccessorImpl.java:43)
	at org.openqa.selenium.support.events.EventFiringWebDriver$EventFiringWebElement.lambda$new$0(EventFiringWebDriver.java:404)
	at jdk.proxy2/jdk.proxy2.$Proxy27.click(Unknown Source)
	at org.openqa.selenium.support.events.EventFiringWebDriver$EventFiringWebElement.click(EventFiringWebDriver.java:417)
	at org.openqa.selenium.WebElement$click.call(Unknown Source)
	at com.kms.katalon.core.webui.keyword.builtin.ClickKeyword.clickUntilSuccessWithTimeout(ClickKeyword.groovy:81)
	at com.kms.katalon.core.webui.keyword.builtin.ClickKeyword.clickUntilSuccessWithTimeout(ClickKeyword.groovy)
	at jdk.internal.reflect.GeneratedMethodAccessor18.invoke(Unknown Source)
	at java.base/jdk.internal.reflect.DelegatingMethodAccessorImpl.invoke(DelegatingMethodAccessorImpl.java:43)
	at com.kms.katalon.core.webui.keyword.builtin.ClickKeyword$_click_closure1.doCall(ClickKeyword.groovy:67)
	at com.kms.katalon.core.webui.keyword.builtin.ClickKeyword$_click_closure1.call(ClickKeyword.groovy)
	at com.kms.katalon.core.webui.keyword.internal.WebUIKeywordMain.runKeyword(WebUIKeywordMain.groovy:35)
	at com.kms.katalon.core.webui.keyword.builtin.ClickKeyword.click(ClickKeyword.groovy:74)
	at com.kms.katalon.core.webui.keyword.builtin.ClickKeyword.execute(ClickKeyword.groovy:40)
	at com.kms.katalon.core.keyword.internal.KeywordExecutor.executeKeywordForPlatform(KeywordExecutor.groovy:74)
	at com.kms.katalon.core.webui.keyword.WebUiBuiltInKeywords.click(WebUiBuiltInKeywords.groovy:647)
	at com.kms.katalon.core.webui.keyword.WebUiBuiltInKeywords$click$10.call(Unknown Source)
	at Script1755179427846.run(Script1755179427846.groovy:58)
	... 16 more
)

21-10-2025T22:01:33 - [MESSAGE][FAILED] - Unable to click on object 'Object Repository/FIM/Sites Page/Orders/Create Order/Split_Load_Order_toggle' (Root cause: com.kms.katalon.core.exception.StepFailedException: Unable to click on object 'Object Repository/FIM/Sites Page/Orders/Create Order/Split_Load_Order_toggle'
	at com.kms.katalon.core.webui.keyword.internal.WebUIKeywordMain.stepFailed(WebUIKeywordMain.groovy:117)
	at com.kms.katalon.core.webui.keyword.internal.WebUIKeywordMain.runKeyword(WebUIKeywordMain.groovy:43)
	at com.kms.katalon.core.webui.keyword.builtin.ClickKeyword.click(ClickKeyword.groovy:74)
	at com.kms.katalon.core.webui.keyword.builtin.ClickKeyword.execute(ClickKeyword.groovy:40)
	at com.kms.katalon.core.keyword.internal.KeywordExecutor.executeKeywordForPlatform(KeywordExecutor.groovy:74)
	at com.kms.katalon.core.webui.keyword.WebUiBuiltInKeywords.click(WebUiBuiltInKeywords.groovy:647)
	at com.kms.katalon.core.webui.keyword.WebUiBuiltInKeywords$click$10.call(Unknown Source)
	at Create Split Load Order (Adding 2 Sites).run(Create Split Load Order (Adding 2 Sites):58)
	at com.kms.katalon.core.main.ScriptEngine.run(ScriptEngine.java:194)
	at com.kms.katalon.core.main.ScriptEngine.runScriptAsRawText(ScriptEngine.java:119)
	at com.kms.katalon.core.main.TestCaseExecutor.runScript(TestCaseExecutor.java:448)
	at com.kms.katalon.core.main.TestCaseExecutor.doExecute(TestCaseExecutor.java:439)
	at com.kms.katalon.core.main.TestCaseExecutor.processExecutionPhase(TestCaseExecutor.java:418)
	at com.kms.katalon.core.main.TestCaseExecutor.accessMainPhase(TestCaseExecutor.java:410)
	at com.kms.katalon.core.main.TestCaseExecutor.execute(TestCaseExecutor.java:285)
	at com.kms.katalon.core.common.CommonExecutor.accessTestCaseMainPhase(CommonExecutor.java:65)
	at com.kms.katalon.core.main.TestSuiteExecutor.accessTestSuiteMainPhase(TestSuiteExecutor.java:150)
	at com.kms.katalon.core.main.TestSuiteExecutor.execute(TestSuiteExecutor.java:106)
	at com.kms.katalon.core.main.TestCaseMain.startTestSuite(TestCaseMain.java:180)
	at com.kms.katalon.core.main.TestCaseMain$startTestSuite$0.call(Unknown Source)
	at TempTestSuite1761090815312.run(TempTestSuite1761090815312.groovy:35)
	at java.base/jdk.internal.reflect.NativeMethodAccessorImpl.invoke0(Native Method)
	at java.base/jdk.internal.reflect.NativeMethodAccessorImpl.invoke(NativeMethodAccessorImpl.java:77)
	at java.base/jdk.internal.reflect.DelegatingMethodAccessorImpl.invoke(DelegatingMethodAccessorImpl.java:43)
Caused by: org.openqa.selenium.ElementNotInteractableException: element not interactable
  (Session info: chrome=141.0.7390.122)
Build info: version: '3.141.59', revision: 'unknown', time: 'unknown'
System info: host: 'DC1ADOBLD01', ip: '10.2.20.71', os.name: 'Windows Server 2019', os.arch: 'amd64', os.version: '10.0', java.version: '17.0.7'
Driver info: com.kms.katalon.selenium.driver.CChromeDriver
Capabilities {acceptInsecureCerts: false, browserName: chrome, browserVersion: 141.0.7390.122, chrome: {chromedriverVersion: 141.0.7390.122 (b477534e7e1..., userDataDir: C:\Windows\SystemTemp\scope...}, fedcm:accounts: true, goog:chromeOptions: {debuggerAddress: localhost:58039}, javascriptEnabled: true, networkConnectionEnabled: false, pageLoadStrategy: normal, platform: WINDOWS, platformName: WINDOWS, proxy: Proxy(), setWindowRect: true, strictFileInteractability: false, timeouts: {implicit: 0, pageLoad: 300000, script: 30000}, unhandledPromptBehavior: dismiss and notify, webauthn:extension:credBlob: true, webauthn:extension:largeBlob: true, webauthn:extension:minPinLength: true, webauthn:extension:prf: true, webauthn:virtualAuthenticators: true}
Session ID: 0d40354528b055cedc911827397aee92
	at java.base/jdk.internal.reflect.NativeConstructorAccessorImpl.newInstance0(Native Method)
	at java.base/jdk.internal.reflect.NativeConstructorAccessorImpl.newInstance(NativeConstructorAccessorImpl.java:77)
	at java.base/jdk.internal.reflect.DelegatingConstructorAccessorImpl.newInstance(DelegatingConstructorAccessorImpl.java:45)
	at org.openqa.selenium.remote.http.W3CHttpResponseCodec.createException(W3CHttpResponseCodec.java:187)
	at org.openqa.selenium.remote.http.W3CHttpResponseCodec.decode(W3CHttpResponseCodec.java:122)
	at org.openqa.selenium.remote.http.W3CHttpResponseCodec.decode(W3CHttpResponseCodec.java:49)
	at org.openqa.selenium.remote.HttpCommandExecutor.execute(HttpCommandExecutor.java:158)
	at org.openqa.selenium.remote.service.DriverCommandExecutor.execute(DriverCommandExecutor.java:83)
	at org.openqa.selenium.remote.RemoteWebDriver.execute(RemoteWebDriver.java:552)
	at com.kms.katalon.selenium.driver.CChromeDriver.execute(CChromeDriver.java:19)
	at org.openqa.selenium.remote.RemoteWebElement.execute(RemoteWebElement.java:285)
	at org.openqa.selenium.remote.RemoteWebElement.click(RemoteWebElement.java:84)
	at jdk.internal.reflect.GeneratedMethodAccessor20.invoke(Unknown Source)
	at java.base/jdk.internal.reflect.DelegatingMethodAccessorImpl.invoke(DelegatingMethodAccessorImpl.java:43)
	at org.openqa.selenium.support.events.EventFiringWebDriver$EventFiringWebElement.lambda$new$0(EventFiringWebDriver.java:404)
	at jdk.proxy2/jdk.proxy2.$Proxy27.click(Unknown Source)
	at org.openqa.selenium.support.events.EventFiringWebDriver$EventFiringWebElement.click(EventFiringWebDriver.java:417)
	at org.openqa.selenium.WebElement$click.call(Unknown Source)
	at com.kms.katalon.core.webui.keyword.builtin.ClickKeyword.clickUntilSuccessWithTimeout(ClickKeyword.groovy:81)
	at com.kms.katalon.core.webui.keyword.builtin.ClickKeyword.clickUntilSuccessWithTimeout(ClickKeyword.groovy)
	at jdk.internal.reflect.GeneratedMethodAccessor18.invoke(Unknown Source)
	at java.base/jdk.internal.reflect.DelegatingMethodAccessorImpl.invoke(DelegatingMethodAccessorImpl.java:43)
	at com.kms.katalon.core.webui.keyword.builtin.ClickKeyword$_click_closure1.doCall(ClickKeyword.groovy:67)
	at com.kms.katalon.core.webui.keyword.builtin.ClickKeyword$_click_closure1.call(ClickKeyword.groovy)
	at com.kms.katalon.core.webui.keyword.internal.WebUIKeywordMain.runKeyword(WebUIKeywordMain.groovy:35)
	at com.kms.katalon.core.webui.keyword.builtin.ClickKeyword.click(ClickKeyword.groovy:74)
	at com.kms.katalon.core.webui.keyword.builtin.ClickKeyword.execute(ClickKeyword.groovy:40)
	at com.kms.katalon.core.keyword.internal.KeywordExecutor.executeKeywordForPlatform(KeywordExecutor.groovy:74)
	at com.kms.katalon.core.webui.keyword.WebUiBuiltInKeywords.click(WebUiBuiltInKeywords.groovy:647)
	at com.kms.katalon.core.webui.keyword.WebUiBuiltInKeywords$click$10.call(Unknown Source)
	at Script1755179427846.run(Script1755179427846.groovy:58)
	... 16 more
)

21-10-2025T22:01:33 - [TEST_STEP][PASSED] - Start listener action : retryOnDisconnect: Current window's url is: 'https://kag-inventory-management-portal.qa.thekag.com/site/AFM39?cg=-1&r&i=AllConsignees&sorted=false'

21-10-2025T22:01:33 - [TEST_STEP][PASSED] - tcId = testCaseContext.getTestCaseId(): null

21-10-2025T22:01:33 - [TEST_STEP][PASSED] - currentRetry = retryCounts.getOrDefault(tcId, 0): null

21-10-2025T22:01:33 - [TEST_STEP][PASSED] - if (testCaseContext.getTestCaseStatus() == "FAILED" && currentRetry < MAX_RETRIES): Current window's url is: 'https://kag-inventory-management-portal.qa.thekag.com/site/AFM39?cg=-1&r&i=AllConsignees&sorted=false'

21-10-2025T22:01:33 - [TEST_STEP][PASSED] - try: Current window's url is: 'https://kag-inventory-management-portal.qa.thekag.com/site/AFM39?cg=-1&r&i=AllConsignees&sorted=false'

21-10-2025T22:01:33 - [TEST_STEP][PASSED] - comment(Checking for WebDriver disconnect for test case: $tcId): Checking for WebDriver disconnect for test case: Test Cases/FIM/UI/Kenan/Admin/Sites Page/Orders/Create Split Load Order (Adding 2 Sites)

21-10-2025T22:01:33 - [MESSAGE][INFO] - Checking for WebDriver disconnect for test case: Test Cases/FIM/UI/Kenan/Admin/Sites Page/Orders/Create Split Load Order (Adding 2 Sites)

21-10-2025T22:01:33 - [TEST_STEP][PASSED] - getUrl(): Current window's url is: 'https://kag-inventory-management-portal.qa.thekag.com/site/AFM39?cg=-1&r&i=AllConsignees&sorted=false'

21-10-2025T22:01:33 - [MESSAGE][PASSED] - Current window's url is: 'https://kag-inventory-management-portal.qa.thekag.com/site/AFM39?cg=-1&r&i=AllConsignees&sorted=false']]></system-out>
         <system-err><![CDATA[21-10-2025T22:00:38 - [TEST_CASE][FAILED] - Test Cases/FIM/UI/Kenan/Admin/Sites Page/Orders/Create Split Load Order (Adding 2 Sites): Test Cases/FIM/UI/Kenan/Admin/Sites Page/Orders/Create Split Load Order (Adding 2 Sites) FAILED.
Reason:
com.kms.katalon.core.exception.StepFailedException: Unable to click on object 'Object Repository/FIM/Sites Page/Orders/Create Order/Split_Load_Order_toggle'
	at com.kms.katalon.core.webui.keyword.internal.WebUIKeywordMain.stepFailed(WebUIKeywordMain.groovy:117)
	at com.kms.katalon.core.webui.keyword.internal.WebUIKeywordMain.runKeyword(WebUIKeywordMain.groovy:43)
	at com.kms.katalon.core.webui.keyword.builtin.ClickKeyword.click(ClickKeyword.groovy:74)
	at com.kms.katalon.core.webui.keyword.builtin.ClickKeyword.execute(ClickKeyword.groovy:40)
	at com.kms.katalon.core.keyword.internal.KeywordExecutor.executeKeywordForPlatform(KeywordExecutor.groovy:74)
	at com.kms.katalon.core.webui.keyword.WebUiBuiltInKeywords.click(WebUiBuiltInKeywords.groovy:647)
	at com.kms.katalon.core.webui.keyword.WebUiBuiltInKeywords$click$10.call(Unknown Source)
	at Create Split Load Order (Adding 2 Sites).run(Create Split Load Order (Adding 2 Sites):58)
	at com.kms.katalon.core.main.ScriptEngine.run(ScriptEngine.java:194)
	at com.kms.katalon.core.main.ScriptEngine.runScriptAsRawText(ScriptEngine.java:119)
	at com.kms.katalon.core.main.TestCaseExecutor.runScript(TestCaseExecutor.java:448)
	at com.kms.katalon.core.main.TestCaseExecutor.doExecute(TestCaseExecutor.java:439)
	at com.kms.katalon.core.main.TestCaseExecutor.processExecutionPhase(TestCaseExecutor.java:418)
	at com.kms.katalon.core.main.TestCaseExecutor.accessMainPhase(TestCaseExecutor.java:410)
	at com.kms.katalon.core.main.TestCaseExecutor.execute(TestCaseExecutor.java:285)
	at com.kms.katalon.core.common.CommonExecutor.accessTestCaseMainPhase(CommonExecutor.java:65)
	at com.kms.katalon.core.main.TestSuiteExecutor.accessTestSuiteMainPhase(TestSuiteExecutor.java:150)
	at com.kms.katalon.core.main.TestSuiteExecutor.execute(TestSuiteExecutor.java:106)
	at com.kms.katalon.core.main.TestCaseMain.startTestSuite(TestCaseMain.java:180)
	at com.kms.katalon.core.main.TestCaseMain$startTestSuite$0.call(Unknown Source)
	at TempTestSuite1761090815312.run(TempTestSuite1761090815312.groovy:35)
	at java.base/jdk.internal.reflect.NativeMethodAccessorImpl.invoke0(Native Method)
	at java.base/jdk.internal.reflect.NativeMethodAccessorImpl.invoke(NativeMethodAccessorImpl.java:77)
	at java.base/jdk.internal.reflect.DelegatingMethodAccessorImpl.invoke(DelegatingMethodAccessorImpl.java:43)
Caused by: org.openqa.selenium.ElementNotInteractableException: element not interactable
  (Session info: chrome=141.0.7390.122)
Build info: version: '3.141.59', revision: 'unknown', time: 'unknown'
System info: host: 'DC1ADOBLD01', ip: '10.2.20.71', os.name: 'Windows Server 2019', os.arch: 'amd64', os.version: '10.0', java.version: '17.0.7'
Driver info: com.kms.katalon.selenium.driver.CChromeDriver
Capabilities {acceptInsecureCerts: false, browserName: chrome, browserVersion: 141.0.7390.122, chrome: {chromedriverVersion: 141.0.7390.122 (b477534e7e1..., userDataDir: C:\Windows\SystemTemp\scope...}, fedcm:accounts: true, goog:chromeOptions: {debuggerAddress: localhost:58039}, javascriptEnabled: true, networkConnectionEnabled: false, pageLoadStrategy: normal, platform: WINDOWS, platformName: WINDOWS, proxy: Proxy(), setWindowRect: true, strictFileInteractability: false, timeouts: {implicit: 0, pageLoad: 300000, script: 30000}, unhandledPromptBehavior: dismiss and notify, webauthn:extension:credBlob: true, webauthn:extension:largeBlob: true, webauthn:extension:minPinLength: true, webauthn:extension:prf: true, webauthn:virtualAuthenticators: true}
Session ID: 0d40354528b055cedc911827397aee92
	at java.base/jdk.internal.reflect.NativeConstructorAccessorImpl.newInstance0(Native Method)
	at java.base/jdk.internal.reflect.NativeConstructorAccessorImpl.newInstance(NativeConstructorAccessorImpl.java:77)
	at java.base/jdk.internal.reflect.DelegatingConstructorAccessorImpl.newInstance(DelegatingConstructorAccessorImpl.java:45)
	at org.openqa.selenium.remote.http.W3CHttpResponseCodec.createException(W3CHttpResponseCodec.java:187)
	at org.openqa.selenium.remote.http.W3CHttpResponseCodec.decode(W3CHttpResponseCodec.java:122)
	at org.openqa.selenium.remote.http.W3CHttpResponseCodec.decode(W3CHttpResponseCodec.java:49)
	at org.openqa.selenium.remote.HttpCommandExecutor.execute(HttpCommandExecutor.java:158)
	at org.openqa.selenium.remote.service.DriverCommandExecutor.execute(DriverCommandExecutor.java:83)
	at org.openqa.selenium.remote.RemoteWebDriver.execute(RemoteWebDriver.java:552)
	at com.kms.katalon.selenium.driver.CChromeDriver.execute(CChromeDriver.java:19)
	at org.openqa.selenium.remote.RemoteWebElement.execute(RemoteWebElement.java:285)
	at org.openqa.selenium.remote.RemoteWebElement.click(RemoteWebElement.java:84)
	at jdk.internal.reflect.GeneratedMethodAccessor20.invoke(Unknown Source)
	at java.base/jdk.internal.reflect.DelegatingMethodAccessorImpl.invoke(DelegatingMethodAccessorImpl.java:43)
	at org.openqa.selenium.support.events.EventFiringWebDriver$EventFiringWebElement.lambda$new$0(EventFiringWebDriver.java:404)
	at jdk.proxy2/jdk.proxy2.$Proxy27.click(Unknown Source)
	at org.openqa.selenium.support.events.EventFiringWebDriver$EventFiringWebElement.click(EventFiringWebDriver.java:417)
	at org.openqa.selenium.WebElement$click.call(Unknown Source)
	at com.kms.katalon.core.webui.keyword.builtin.ClickKeyword.clickUntilSuccessWithTimeout(ClickKeyword.groovy:81)
	at com.kms.katalon.core.webui.keyword.builtin.ClickKeyword.clickUntilSuccessWithTimeout(ClickKeyword.groovy)
	at jdk.internal.reflect.GeneratedMethodAccessor18.invoke(Unknown Source)
	at java.base/jdk.internal.reflect.DelegatingMethodAccessorImpl.invoke(DelegatingMethodAccessorImpl.java:43)
	at com.kms.katalon.core.webui.keyword.builtin.ClickKeyword$_click_closure1.doCall(ClickKeyword.groovy:67)
	at com.kms.katalon.core.webui.keyword.builtin.ClickKeyword$_click_closure1.call(ClickKeyword.groovy)
	at com.kms.katalon.core.webui.keyword.internal.WebUIKeywordMain.runKeyword(WebUIKeywordMain.groovy:35)
	... 22 more]]></system-err>
      </testcase>
      <testcase name="Test Cases/FIM/UI/Kenan/Admin/Sites Page/Orders/Create Split Load Order (Adding 3 Sites)" time="54.799" classname="Test Cases/FIM/UI/Kenan/Admin/Sites Page/Orders/Create Split Load Order (Adding 3 Sites)" status="FAILED">
         <failure type="FAILED" message="Test Cases/FIM/UI/Kenan/Admin/Sites Page/Orders/Create Split Load Order (Adding 3 Sites) FAILED.&#xa;Reason:&#xa;com.kms.katalon.core.exception.StepFailedException: Unable to click on object 'Object Repository/FIM/Sites Page/Orders/Create Order/Split_Load_Order_toggle'&#xa;	at com.kms.katalon.core.webui.keyword.internal.WebUIKeywordMain.stepFailed(WebUIKeywordMain.groovy:117)&#xa;	at com.kms.katalon.core.webui.keyword.internal.WebUIKeywordMain.runKeyword(WebUIKeywordMain.groovy:43)&#xa;	at com.kms.katalon.core.webui.keyword.builtin.ClickKeyword.click(ClickKeyword.groovy:74)&#xa;	at com.kms.katalon.core.webui.keyword.builtin.ClickKeyword.execute(ClickKeyword.groovy:40)&#xa;	at com.kms.katalon.core.keyword.internal.KeywordExecutor.executeKeywordForPlatform(KeywordExecutor.groovy:74)&#xa;	at com.kms.katalon.core.webui.keyword.WebUiBuiltInKeywords.click(WebUiBuiltInKeywords.groovy:647)&#xa;	at com.kms.katalon.core.webui.keyword.WebUiBuiltInKeywords$click$10.call(Unknown Source)&#xa;	at Create Split Load Order (Adding 3 Sites).run(Create Split Load Order (Adding 3 Sites):58)&#xa;	at com.kms.katalon.core.main.ScriptEngine.run(ScriptEngine.java:194)&#xa;	at com.kms.katalon.core.main.ScriptEngine.runScriptAsRawText(ScriptEngine.java:119)&#xa;	at com.kms.katalon.core.main.TestCaseExecutor.runScript(TestCaseExecutor.java:448)&#xa;	at com.kms.katalon.core.main.TestCaseExecutor.doExecute(TestCaseExecutor.java:439)&#xa;	at com.kms.katalon.core.main.TestCaseExecutor.processExecutionPhase(TestCaseExecutor.java:418)&#xa;	at com.kms.katalon.core.main.TestCaseExecutor.accessMainPhase(TestCaseExecutor.java:410)&#xa;	at com.kms.katalon.core.main.TestCaseExecutor.execute(TestCaseExecutor.java:285)&#xa;	at com.kms.katalon.core.common.CommonExecutor.accessTestCaseMainPhase(CommonExecutor.java:65)&#xa;	at com.kms.katalon.core.main.TestSuiteExecutor.accessTestSuiteMainPhase(TestSuiteExecutor.java:150)&#xa;	at com.kms.katalon.core.main.TestSuiteExecutor.execute(TestSuiteExecutor.java:106)&#xa;	at com.kms.katalon.core.main.TestCaseMain.startTestSuite(TestCaseMain.java:180)&#xa;	at com.kms.katalon.core.main.TestCaseMain$startTestSuite$0.call(Unknown Source)&#xa;	at TempTestSuite1761090815312.run(TempTestSuite1761090815312.groovy:35)&#xa;	at java.base/jdk.internal.reflect.NativeMethodAccessorImpl.invoke0(Native Method)&#xa;	at java.base/jdk.internal.reflect.NativeMethodAccessorImpl.invoke(NativeMethodAccessorImpl.java:77)&#xa;	at java.base/jdk.internal.reflect.DelegatingMethodAccessorImpl.invoke(DelegatingMethodAccessorImpl.java:43)&#xa;Caused by: org.openqa.selenium.ElementNotInteractableException: element not interactable&#xa;  (Session info: chrome=141.0.7390.122)&#xa;Build info: version: '3.141.59', revision: 'unknown', time: 'unknown'&#xa;System info: host: 'DC1ADOBLD01', ip: '10.2.20.71', os.name: 'Windows Server 2019', os.arch: 'amd64', os.version: '10.0', java.version: '17.0.7'&#xa;Driver info: com.kms.katalon.selenium.driver.CChromeDriver&#xa;Capabilities {acceptInsecureCerts: false, browserName: chrome, browserVersion: 141.0.7390.122, chrome: {chromedriverVersion: 141.0.7390.122 (b477534e7e1..., userDataDir: C:\Windows\SystemTemp\scope...}, fedcm:accounts: true, goog:chromeOptions: {debuggerAddress: localhost:58086}, javascriptEnabled: true, networkConnectionEnabled: false, pageLoadStrategy: normal, platform: WINDOWS, platformName: WINDOWS, proxy: Proxy(), setWindowRect: true, strictFileInteractability: false, timeouts: {implicit: 0, pageLoad: 300000, script: 30000}, unhandledPromptBehavior: dismiss and notify, webauthn:extension:credBlob: true, webauthn:extension:largeBlob: true, webauthn:extension:minPinLength: true, webauthn:extension:prf: true, webauthn:virtualAuthenticators: true}&#xa;Session ID: 6e8953083f0f145c3c8c895a0de30a57&#xa;	at java.base/jdk.internal.reflect.NativeConstructorAccessorImpl.newInstance0(Native Method)&#xa;	at java.base/jdk.internal.reflect.NativeConstructorAccessorImpl.newInstance(NativeConstructorAccessorImpl.java:77)&#xa;	at java.base/jdk.internal.reflect.DelegatingConstructorAccessorImpl.newInstance(DelegatingConstructorAccessorImpl.java:45)&#xa;	at org.openqa.selenium.remote.http.W3CHttpResponseCodec.createException(W3CHttpResponseCodec.java:187)&#xa;	at org.openqa.selenium.remote.http.W3CHttpResponseCodec.decode(W3CHttpResponseCodec.java:122)&#xa;	at org.openqa.selenium.remote.http.W3CHttpResponseCodec.decode(W3CHttpResponseCodec.java:49)&#xa;	at org.openqa.selenium.remote.HttpCommandExecutor.execute(HttpCommandExecutor.java:158)&#xa;	at org.openqa.selenium.remote.service.DriverCommandExecutor.execute(DriverCommandExecutor.java:83)&#xa;	at org.openqa.selenium.remote.RemoteWebDriver.execute(RemoteWebDriver.java:552)&#xa;	at com.kms.katalon.selenium.driver.CChromeDriver.execute(CChromeDriver.java:19)&#xa;	at org.openqa.selenium.remote.RemoteWebElement.execute(RemoteWebElement.java:285)&#xa;	at org.openqa.selenium.remote.RemoteWebElement.click(RemoteWebElement.java:84)&#xa;	at jdk.internal.reflect.GeneratedMethodAccessor20.invoke(Unknown Source)&#xa;	at java.base/jdk.internal.reflect.DelegatingMethodAccessorImpl.invoke(DelegatingMethodAccessorImpl.java:43)&#xa;	at org.openqa.selenium.support.events.EventFiringWebDriver$EventFiringWebElement.lambda$new$0(EventFiringWebDriver.java:404)&#xa;	at jdk.proxy2/jdk.proxy2.$Proxy27.click(Unknown Source)&#xa;	at org.openqa.selenium.support.events.EventFiringWebDriver$EventFiringWebElement.click(EventFiringWebDriver.java:417)&#xa;	at org.openqa.selenium.WebElement$click.call(Unknown Source)&#xa;	at com.kms.katalon.core.webui.keyword.builtin.ClickKeyword.clickUntilSuccessWithTimeout(ClickKeyword.groovy:81)&#xa;	at com.kms.katalon.core.webui.keyword.builtin.ClickKeyword.clickUntilSuccessWithTimeout(ClickKeyword.groovy)&#xa;	at jdk.internal.reflect.GeneratedMethodAccessor18.invoke(Unknown Source)&#xa;	at java.base/jdk.internal.reflect.DelegatingMethodAccessorImpl.invoke(DelegatingMethodAccessorImpl.java:43)&#xa;	at com.kms.katalon.core.webui.keyword.builtin.ClickKeyword$_click_closure1.doCall(ClickKeyword.groovy:67)&#xa;	at com.kms.katalon.core.webui.keyword.builtin.ClickKeyword$_click_closure1.call(ClickKeyword.groovy)&#xa;	at com.kms.katalon.core.webui.keyword.internal.WebUIKeywordMain.runKeyword(WebUIKeywordMain.groovy:35)&#xa;	... 22 more&#xa;"/>
         <system-out><![CDATA[21-10-2025T22:01:33 - [TEST_CASE][FAILED] - Test Cases/FIM/UI/Kenan/Admin/Sites Page/Orders/Create Split Load Order (Adding 3 Sites): Test Cases/FIM/UI/Kenan/Admin/Sites Page/Orders/Create Split Load Order (Adding 3 Sites) FAILED.
Reason:
com.kms.katalon.core.exception.StepFailedException: Unable to click on object 'Object Repository/FIM/Sites Page/Orders/Create Order/Split_Load_Order_toggle'
	at com.kms.katalon.core.webui.keyword.internal.WebUIKeywordMain.stepFailed(WebUIKeywordMain.groovy:117)
	at com.kms.katalon.core.webui.keyword.internal.WebUIKeywordMain.runKeyword(WebUIKeywordMain.groovy:43)
	at com.kms.katalon.core.webui.keyword.builtin.ClickKeyword.click(ClickKeyword.groovy:74)
	at com.kms.katalon.core.webui.keyword.builtin.ClickKeyword.execute(ClickKeyword.groovy:40)
	at com.kms.katalon.core.keyword.internal.KeywordExecutor.executeKeywordForPlatform(KeywordExecutor.groovy:74)
	at com.kms.katalon.core.webui.keyword.WebUiBuiltInKeywords.click(WebUiBuiltInKeywords.groovy:647)
	at com.kms.katalon.core.webui.keyword.WebUiBuiltInKeywords$click$10.call(Unknown Source)
	at Create Split Load Order (Adding 3 Sites).run(Create Split Load Order (Adding 3 Sites):58)
	at com.kms.katalon.core.main.ScriptEngine.run(ScriptEngine.java:194)
	at com.kms.katalon.core.main.ScriptEngine.runScriptAsRawText(ScriptEngine.java:119)
	at com.kms.katalon.core.main.TestCaseExecutor.runScript(TestCaseExecutor.java:448)
	at com.kms.katalon.core.main.TestCaseExecutor.doExecute(TestCaseExecutor.java:439)
	at com.kms.katalon.core.main.TestCaseExecutor.processExecutionPhase(TestCaseExecutor.java:418)
	at com.kms.katalon.core.main.TestCaseExecutor.accessMainPhase(TestCaseExecutor.java:410)
	at com.kms.katalon.core.main.TestCaseExecutor.execute(TestCaseExecutor.java:285)
	at com.kms.katalon.core.common.CommonExecutor.accessTestCaseMainPhase(CommonExecutor.java:65)
	at com.kms.katalon.core.main.TestSuiteExecutor.accessTestSuiteMainPhase(TestSuiteExecutor.java:150)
	at com.kms.katalon.core.main.TestSuiteExecutor.execute(TestSuiteExecutor.java:106)
	at com.kms.katalon.core.main.TestCaseMain.startTestSuite(TestCaseMain.java:180)
	at com.kms.katalon.core.main.TestCaseMain$startTestSuite$0.call(Unknown Source)
	at TempTestSuite1761090815312.run(TempTestSuite1761090815312.groovy:35)
	at java.base/jdk.internal.reflect.NativeMethodAccessorImpl.invoke0(Native Method)
	at java.base/jdk.internal.reflect.NativeMethodAccessorImpl.invoke(NativeMethodAccessorImpl.java:77)
	at java.base/jdk.internal.reflect.DelegatingMethodAccessorImpl.invoke(DelegatingMethodAccessorImpl.java:43)
Caused by: org.openqa.selenium.ElementNotInteractableException: element not interactable
  (Session info: chrome=141.0.7390.122)
Build info: version: '3.141.59', revision: 'unknown', time: 'unknown'
System info: host: 'DC1ADOBLD01', ip: '10.2.20.71', os.name: 'Windows Server 2019', os.arch: 'amd64', os.version: '10.0', java.version: '17.0.7'
Driver info: com.kms.katalon.selenium.driver.CChromeDriver
Capabilities {acceptInsecureCerts: false, browserName: chrome, browserVersion: 141.0.7390.122, chrome: {chromedriverVersion: 141.0.7390.122 (b477534e7e1..., userDataDir: C:\Windows\SystemTemp\scope...}, fedcm:accounts: true, goog:chromeOptions: {debuggerAddress: localhost:58086}, javascriptEnabled: true, networkConnectionEnabled: false, pageLoadStrategy: normal, platform: WINDOWS, platformName: WINDOWS, proxy: Proxy(), setWindowRect: true, strictFileInteractability: false, timeouts: {implicit: 0, pageLoad: 300000, script: 30000}, unhandledPromptBehavior: dismiss and notify, webauthn:extension:credBlob: true, webauthn:extension:largeBlob: true, webauthn:extension:minPinLength: true, webauthn:extension:prf: true, webauthn:virtualAuthenticators: true}
Session ID: 6e8953083f0f145c3c8c895a0de30a57
	at java.base/jdk.internal.reflect.NativeConstructorAccessorImpl.newInstance0(Native Method)
	at java.base/jdk.internal.reflect.NativeConstructorAccessorImpl.newInstance(NativeConstructorAccessorImpl.java:77)
	at java.base/jdk.internal.reflect.DelegatingConstructorAccessorImpl.newInstance(DelegatingConstructorAccessorImpl.java:45)
	at org.openqa.selenium.remote.http.W3CHttpResponseCodec.createException(W3CHttpResponseCodec.java:187)
	at org.openqa.selenium.remote.http.W3CHttpResponseCodec.decode(W3CHttpResponseCodec.java:122)
	at org.openqa.selenium.remote.http.W3CHttpResponseCodec.decode(W3CHttpResponseCodec.java:49)
	at org.openqa.selenium.remote.HttpCommandExecutor.execute(HttpCommandExecutor.java:158)
	at org.openqa.selenium.remote.service.DriverCommandExecutor.execute(DriverCommandExecutor.java:83)
	at org.openqa.selenium.remote.RemoteWebDriver.execute(RemoteWebDriver.java:552)
	at com.kms.katalon.selenium.driver.CChromeDriver.execute(CChromeDriver.java:19)
	at org.openqa.selenium.remote.RemoteWebElement.execute(RemoteWebElement.java:285)
	at org.openqa.selenium.remote.RemoteWebElement.click(RemoteWebElement.java:84)
	at jdk.internal.reflect.GeneratedMethodAccessor20.invoke(Unknown Source)
	at java.base/jdk.internal.reflect.DelegatingMethodAccessorImpl.invoke(DelegatingMethodAccessorImpl.java:43)
	at org.openqa.selenium.support.events.EventFiringWebDriver$EventFiringWebElement.lambda$new$0(EventFiringWebDriver.java:404)
	at jdk.proxy2/jdk.proxy2.$Proxy27.click(Unknown Source)
	at org.openqa.selenium.support.events.EventFiringWebDriver$EventFiringWebElement.click(EventFiringWebDriver.java:417)
	at org.openqa.selenium.WebElement$click.call(Unknown Source)
	at com.kms.katalon.core.webui.keyword.builtin.ClickKeyword.clickUntilSuccessWithTimeout(ClickKeyword.groovy:81)
	at com.kms.katalon.core.webui.keyword.builtin.ClickKeyword.clickUntilSuccessWithTimeout(ClickKeyword.groovy)
	at jdk.internal.reflect.GeneratedMethodAccessor18.invoke(Unknown Source)
	at java.base/jdk.internal.reflect.DelegatingMethodAccessorImpl.invoke(DelegatingMethodAccessorImpl.java:43)
	at com.kms.katalon.core.webui.keyword.builtin.ClickKeyword$_click_closure1.doCall(ClickKeyword.groovy:67)
	at com.kms.katalon.core.webui.keyword.builtin.ClickKeyword$_click_closure1.call(ClickKeyword.groovy)
	at com.kms.katalon.core.webui.keyword.internal.WebUIKeywordMain.runKeyword(WebUIKeywordMain.groovy:35)
	... 22 more


21-10-2025T22:01:33 - [TEST_STEP][PASSED] - Start listener action : beforeTestCase: null

21-10-2025T22:01:33 - [TEST_STEP][PASSED] - addDefaultPackages(): null

21-10-2025T22:01:33 - [TEST_STEP][PASSED] - callTestCase(findTestCase("Utility Scripts/FIM KAG Admin Login"), [:], STOP_ON_FAILURE): Call Test Case 'Test Cases/Utility Scripts/FIM KAG Admin Login' successfully

21-10-2025T22:01:33 - [TEST_CASE][PASSED] - Test Cases/Utility Scripts/FIM KAG Admin Login: Test Cases/Utility Scripts/FIM KAG Admin Login

21-10-2025T22:01:33 - [TEST_STEP][PASSED] - openBrowser(""): Browser is opened with url: ''

21-10-2025T22:01:33 - [MESSAGE][WARNING] - A browser is already opened. Closing browser and opening a new one

21-10-2025T22:01:33 - [MESSAGE][INFO] - Starting 'Chrome' driver

21-10-2025T22:01:33 - [MESSAGE][INFO] - User set preference: ['args', '[--no-sandbox, --disable-gpu, --disable-dev-shm-usage]']

21-10-2025T22:01:33 - [MESSAGE][INFO] - Action delay is set to 0 milliseconds

21-10-2025T22:01:34 - [MESSAGE][PASSED] - Browser is opened with url: ''

21-10-2025T22:01:34 - [TEST_STEP][PASSED] - delay(1): Delayed 1 second(s)

21-10-2025T22:01:35 - [MESSAGE][PASSED] - Delayed 1 second(s)

21-10-2025T22:01:35 - [TEST_STEP][PASSED] - navigateToUrl(KenanRegionURL): Navigate to 'https://kag-inventory-management-portal.qa.thekag.com/region/' successfully

21-10-2025T22:01:35 - [MESSAGE][PASSED] - Navigate to 'https://kag-inventory-management-portal.qa.thekag.com/region/' successfully

21-10-2025T22:01:35 - [TEST_STEP][PASSED] - delay(10): Delayed 10 second(s)

21-10-2025T22:01:45 - [MESSAGE][PASSED] - Delayed 10 second(s)

21-10-2025T22:01:45 - [TEST_STEP][PASSED] - if (maximizeWindow == true): Current window maximized

21-10-2025T22:01:45 - [TEST_STEP][PASSED] - maximizeWindow(STOP_ON_FAILURE): Current window maximized

21-10-2025T22:01:45 - [MESSAGE][PASSED] - Current window maximized

21-10-2025T22:01:45 - [TEST_STEP][PASSED] - waitForElementPresent(findTestObject("FIM/Username_txt"), 10): Object 'Object Repository/FIM/Username_txt' is present

21-10-2025T22:01:45 - [MESSAGE][PASSED] - Object 'Object Repository/FIM/Username_txt' is present

21-10-2025T22:01:45 - [TEST_STEP][PASSED] - setText(findTestObject("FIM/Username_txt"), FIMUsername): Text 'Chris.Sheldon+DES_QA@Thekag.com' is set on object 'Object Repository/FIM/Username_txt'

21-10-2025T22:01:45 - [MESSAGE][PASSED] - Text 'Chris.Sheldon+DES_QA@Thekag.com' is set on object 'Object Repository/FIM/Username_txt'

21-10-2025T22:01:45 - [TEST_STEP][PASSED] - delay(1): Delayed 1 second(s)

21-10-2025T22:01:46 - [MESSAGE][PASSED] - Delayed 1 second(s)

21-10-2025T22:01:46 - [TEST_STEP][PASSED] - setText(findTestObject("FIM/Password_txt"), FIMPassword): Text 'QATest!2' is set on object 'Object Repository/FIM/Password_txt'

21-10-2025T22:01:46 - [MESSAGE][PASSED] - Text 'QATest!2' is set on object 'Object Repository/FIM/Password_txt'

21-10-2025T22:01:46 - [TEST_STEP][PASSED] - delay(1): Delayed 1 second(s)

21-10-2025T22:01:47 - [MESSAGE][PASSED] - Delayed 1 second(s)

21-10-2025T22:01:47 - [TEST_STEP][PASSED] - click(findTestObject("FIM/Login_btn")): Object: 'Object Repository/FIM/Login_btn' is clicked on

21-10-2025T22:01:48 - [MESSAGE][PASSED] - Object: 'Object Repository/FIM/Login_btn' is clicked on

21-10-2025T22:01:48 - [MESSAGE][PASSED] - Call Test Case 'Test Cases/Utility Scripts/FIM KAG Admin Login' successfully

21-10-2025T22:01:48 - [TEST_STEP][PASSED] - if (verifyElementVisible(findTestObject("FIM/Server_Notification_Close_btn"), OPTIONAL) == true): Web element with id: 'Object Repository/FIM/Server_Notification_Close_btn' located by '/html/body/div/div[1]/button' not found (Root cause: com.kms.katalon.core.exception.StepFailedException: Web element with id: 'Object Repository/FIM/Server_Notification_Close_btn' located by '/html/body/div/div[1]/button' not found
	at com.kms.katalon.core.webui.keyword.internal.WebUIKeywordMain.stepFailed(WebUIKeywordMain.groovy:117)
	at com.kms.katalon.core.webui.keyword.builtin.VerifyElementVisibleKeyword$_verifyElementVisible_closure1.doCall(VerifyElementVisibleKeyword.groovy:89)
	at com.kms.katalon.core.webui.keyword.builtin.VerifyElementVisibleKeyword$_verifyElementVisible_closure1.call(VerifyElementVisibleKeyword.groovy)
	at com.kms.katalon.core.webui.keyword.internal.WebUIKeywordMain.runKeyword(WebUIKeywordMain.groovy:35)
	at com.kms.katalon.core.webui.keyword.builtin.VerifyElementVisibleKeyword.verifyElementVisible(VerifyElementVisibleKeyword.groovy:97)
	at com.kms.katalon.core.webui.keyword.builtin.VerifyElementVisibleKeyword.execute(VerifyElementVisibleKeyword.groovy:67)
	at com.kms.katalon.core.keyword.internal.KeywordExecutor.executeKeywordForPlatform(KeywordExecutor.groovy:74)
	at com.kms.katalon.core.webui.keyword.WebUiBuiltInKeywords.verifyElementVisible(WebUiBuiltInKeywords.groovy:401)
	at com.kms.katalon.core.webui.keyword.WebUiBuiltInKeywords$verifyElementVisible$5.call(Unknown Source)
	at Create Split Load Order (Adding 3 Sites).run(Create Split Load Order (Adding 3 Sites):22)
	at com.kms.katalon.core.main.ScriptEngine.run(ScriptEngine.java:194)
	at com.kms.katalon.core.main.ScriptEngine.runScriptAsRawText(ScriptEngine.java:119)
	at com.kms.katalon.core.main.TestCaseExecutor.runScript(TestCaseExecutor.java:448)
	at com.kms.katalon.core.main.TestCaseExecutor.doExecute(TestCaseExecutor.java:439)
	at com.kms.katalon.core.main.TestCaseExecutor.processExecutionPhase(TestCaseExecutor.java:418)
	at com.kms.katalon.core.main.TestCaseExecutor.accessMainPhase(TestCaseExecutor.java:410)
	at com.kms.katalon.core.main.TestCaseExecutor.execute(TestCaseExecutor.java:285)
	at com.kms.katalon.core.common.CommonExecutor.accessTestCaseMainPhase(CommonExecutor.java:65)
	at com.kms.katalon.core.main.TestSuiteExecutor.accessTestSuiteMainPhase(TestSuiteExecutor.java:150)
	at com.kms.katalon.core.main.TestSuiteExecutor.execute(TestSuiteExecutor.java:106)
	at com.kms.katalon.core.main.TestCaseMain.startTestSuite(TestCaseMain.java:180)
	at com.kms.katalon.core.main.TestCaseMain$startTestSuite$0.call(Unknown Source)
	at TempTestSuite1761090815312.run(TempTestSuite1761090815312.groovy:35)
	at java.base/jdk.internal.reflect.NativeMethodAccessorImpl.invoke0(Native Method)
	at java.base/jdk.internal.reflect.NativeMethodAccessorImpl.invoke(NativeMethodAccessorImpl.java:77)
	at java.base/jdk.internal.reflect.DelegatingMethodAccessorImpl.invoke(DelegatingMethodAccessorImpl.java:43)
)

21-10-2025T22:02:04 - [MESSAGE][INFO] - Unable to find the element located by 'By.xpath: /html/body/div/div[1]/button'. Please recheck the objects properties to make sure the desired element is located. 

21-10-2025T22:02:04 - [MESSAGE][WARNING] - [SELF-HEALING] Failed to find element with id 'Object Repository/FIM/Server_Notification_Close_btn'. Try using Self-healing.

21-10-2025T22:02:05 - [MESSAGE][INFO] - [SELF-HEALING] No working XPath is found.

21-10-2025T22:02:07 - [MESSAGE][INFO] - Unable to find the element located by 'By.xpath: '. Please recheck the objects properties to make sure the desired element is located. 

21-10-2025T22:02:07 - [MESSAGE][WARNING] - [SELF-HEALING] Cannot find elements when the selector is null

21-10-2025T22:02:07 - [MESSAGE][WARNING] - Web element with id: 'Object Repository/FIM/Server_Notification_Close_btn' located by '/html/body/div/div[1]/button' not found (Root cause: com.kms.katalon.core.exception.StepFailedException: Web element with id: 'Object Repository/FIM/Server_Notification_Close_btn' located by '/html/body/div/div[1]/button' not found
	at com.kms.katalon.core.webui.keyword.internal.WebUIKeywordMain.stepFailed(WebUIKeywordMain.groovy:117)
	at com.kms.katalon.core.webui.keyword.builtin.VerifyElementVisibleKeyword$_verifyElementVisible_closure1.doCall(VerifyElementVisibleKeyword.groovy:89)
	at com.kms.katalon.core.webui.keyword.builtin.VerifyElementVisibleKeyword$_verifyElementVisible_closure1.call(VerifyElementVisibleKeyword.groovy)
	at com.kms.katalon.core.webui.keyword.internal.WebUIKeywordMain.runKeyword(WebUIKeywordMain.groovy:35)
	at com.kms.katalon.core.webui.keyword.builtin.VerifyElementVisibleKeyword.verifyElementVisible(VerifyElementVisibleKeyword.groovy:97)
	at com.kms.katalon.core.webui.keyword.builtin.VerifyElementVisibleKeyword.execute(VerifyElementVisibleKeyword.groovy:67)
	at com.kms.katalon.core.keyword.internal.KeywordExecutor.executeKeywordForPlatform(KeywordExecutor.groovy:74)
	at com.kms.katalon.core.webui.keyword.WebUiBuiltInKeywords.verifyElementVisible(WebUiBuiltInKeywords.groovy:401)
	at com.kms.katalon.core.webui.keyword.WebUiBuiltInKeywords$verifyElementVisible$5.call(Unknown Source)
	at Create Split Load Order (Adding 3 Sites).run(Create Split Load Order (Adding 3 Sites):22)
	at com.kms.katalon.core.main.ScriptEngine.run(ScriptEngine.java:194)
	at com.kms.katalon.core.main.ScriptEngine.runScriptAsRawText(ScriptEngine.java:119)
	at com.kms.katalon.core.main.TestCaseExecutor.runScript(TestCaseExecutor.java:448)
	at com.kms.katalon.core.main.TestCaseExecutor.doExecute(TestCaseExecutor.java:439)
	at com.kms.katalon.core.main.TestCaseExecutor.processExecutionPhase(TestCaseExecutor.java:418)
	at com.kms.katalon.core.main.TestCaseExecutor.accessMainPhase(TestCaseExecutor.java:410)
	at com.kms.katalon.core.main.TestCaseExecutor.execute(TestCaseExecutor.java:285)
	at com.kms.katalon.core.common.CommonExecutor.accessTestCaseMainPhase(CommonExecutor.java:65)
	at com.kms.katalon.core.main.TestSuiteExecutor.accessTestSuiteMainPhase(TestSuiteExecutor.java:150)
	at com.kms.katalon.core.main.TestSuiteExecutor.execute(TestSuiteExecutor.java:106)
	at com.kms.katalon.core.main.TestCaseMain.startTestSuite(TestCaseMain.java:180)
	at com.kms.katalon.core.main.TestCaseMain$startTestSuite$0.call(Unknown Source)
	at TempTestSuite1761090815312.run(TempTestSuite1761090815312.groovy:35)
	at java.base/jdk.internal.reflect.NativeMethodAccessorImpl.invoke0(Native Method)
	at java.base/jdk.internal.reflect.NativeMethodAccessorImpl.invoke(NativeMethodAccessorImpl.java:77)
	at java.base/jdk.internal.reflect.DelegatingMethodAccessorImpl.invoke(DelegatingMethodAccessorImpl.java:43)
)

21-10-2025T22:02:07 - [TEST_STEP][PASSED] - delay(1): Delayed 1 second(s)

21-10-2025T22:02:08 - [MESSAGE][PASSED] - Delayed 1 second(s)

21-10-2025T22:02:08 - [TEST_STEP][PASSED] - click(findTestObject("FIM/Hamburger Menu List/Hamburger_menu")): Object: 'Object Repository/FIM/Hamburger Menu List/Hamburger_menu' is clicked on

21-10-2025T22:02:08 - [MESSAGE][PASSED] - Object: 'Object Repository/FIM/Hamburger Menu List/Hamburger_menu' is clicked on

21-10-2025T22:02:08 - [TEST_STEP][PASSED] - verifyElementPresent(findTestObject("FIM/Hamburger Menu List/KAG_Sites_option"), 10): Object 'Object Repository/FIM/Hamburger Menu List/KAG_Sites_option' is present

21-10-2025T22:02:08 - [MESSAGE][PASSED] - Object 'Object Repository/FIM/Hamburger Menu List/KAG_Sites_option' is present

21-10-2025T22:02:08 - [TEST_STEP][PASSED] - delay(1): Delayed 1 second(s)

21-10-2025T22:02:09 - [MESSAGE][PASSED] - Delayed 1 second(s)

21-10-2025T22:02:09 - [TEST_STEP][PASSED] - click(findTestObject("FIM/Hamburger Menu List/KAG_Sites_option")): Object: 'Object Repository/FIM/Hamburger Menu List/KAG_Sites_option' is clicked on

21-10-2025T22:02:09 - [MESSAGE][PASSED] - Object: 'Object Repository/FIM/Hamburger Menu List/KAG_Sites_option' is clicked on

21-10-2025T22:02:09 - [TEST_STEP][PASSED] - waitForElementPresent(findTestObject("FIM/Sites Page/Calculator/Calculator Tab"), 10): Object 'Object Repository/FIM/Sites Page/Calculator/Calculator Tab' is present

21-10-2025T22:02:18 - [MESSAGE][PASSED] - Object 'Object Repository/FIM/Sites Page/Calculator/Calculator Tab' is present

21-10-2025T22:02:18 - [TEST_STEP][PASSED] - while (i < 60 == true): null

21-10-2025T22:02:18 - [TEST_STEP][PASSED] - sendKeys(findTestObject("FIM/Sites Page/Site Filtering/Site_txt"), Keys.chord(BACK_SPACE), STOP_ON_FAILURE): Keys 'BACK_SPACE + ' sent to object: 'Object Repository/FIM/Sites Page/Site Filtering/Site_txt'

21-10-2025T22:02:19 - [MESSAGE][PASSED] - Keys 'BACK_SPACE + ' sent to object: 'Object Repository/FIM/Sites Page/Site Filtering/Site_txt'

21-10-2025T22:02:19 - [TEST_STEP][PASSED] - (i++): null

21-10-2025T22:02:19 - [TEST_STEP][PASSED] - sendKeys(findTestObject("FIM/Sites Page/Site Filtering/Site_txt"), Keys.chord(BACK_SPACE), STOP_ON_FAILURE): Keys 'BACK_SPACE + ' sent to object: 'Object Repository/FIM/Sites Page/Site Filtering/Site_txt'

21-10-2025T22:02:19 - [MESSAGE][PASSED] - Keys 'BACK_SPACE + ' sent to object: 'Object Repository/FIM/Sites Page/Site Filtering/Site_txt'

21-10-2025T22:02:19 - [TEST_STEP][PASSED] - (i++): null

21-10-2025T22:02:19 - [TEST_STEP][PASSED] - sendKeys(findTestObject("FIM/Sites Page/Site Filtering/Site_txt"), Keys.chord(BACK_SPACE), STOP_ON_FAILURE): Keys 'BACK_SPACE + ' sent to object: 'Object Repository/FIM/Sites Page/Site Filtering/Site_txt'

21-10-2025T22:02:19 - [MESSAGE][PASSED] - Keys 'BACK_SPACE + ' sent to object: 'Object Repository/FIM/Sites Page/Site Filtering/Site_txt'

21-10-2025T22:02:19 - [TEST_STEP][PASSED] - (i++): null

21-10-2025T22:02:19 - [TEST_STEP][PASSED] - sendKeys(findTestObject("FIM/Sites Page/Site Filtering/Site_txt"), Keys.chord(BACK_SPACE), STOP_ON_FAILURE): Keys 'BACK_SPACE + ' sent to object: 'Object Repository/FIM/Sites Page/Site Filtering/Site_txt'

21-10-2025T22:02:19 - [MESSAGE][PASSED] - Keys 'BACK_SPACE + ' sent to object: 'Object Repository/FIM/Sites Page/Site Filtering/Site_txt'

21-10-2025T22:02:19 - [TEST_STEP][PASSED] - (i++): null

21-10-2025T22:02:19 - [TEST_STEP][PASSED] - sendKeys(findTestObject("FIM/Sites Page/Site Filtering/Site_txt"), Keys.chord(BACK_SPACE), STOP_ON_FAILURE): Keys 'BACK_SPACE + ' sent to object: 'Object Repository/FIM/Sites Page/Site Filtering/Site_txt'

21-10-2025T22:02:19 - [MESSAGE][PASSED] - Keys 'BACK_SPACE + ' sent to object: 'Object Repository/FIM/Sites Page/Site Filtering/Site_txt'

21-10-2025T22:02:19 - [TEST_STEP][PASSED] - (i++): null

21-10-2025T22:02:19 - [TEST_STEP][PASSED] - sendKeys(findTestObject("FIM/Sites Page/Site Filtering/Site_txt"), Keys.chord(BACK_SPACE), STOP_ON_FAILURE): Keys 'BACK_SPACE + ' sent to object: 'Object Repository/FIM/Sites Page/Site Filtering/Site_txt'

21-10-2025T22:02:19 - [MESSAGE][PASSED] - Keys 'BACK_SPACE + ' sent to object: 'Object Repository/FIM/Sites Page/Site Filtering/Site_txt'

21-10-2025T22:02:19 - [TEST_STEP][PASSED] - (i++): null

21-10-2025T22:02:19 - [TEST_STEP][PASSED] - sendKeys(findTestObject("FIM/Sites Page/Site Filtering/Site_txt"), Keys.chord(BACK_SPACE), STOP_ON_FAILURE): Keys 'BACK_SPACE + ' sent to object: 'Object Repository/FIM/Sites Page/Site Filtering/Site_txt'

21-10-2025T22:02:19 - [MESSAGE][PASSED] - Keys 'BACK_SPACE + ' sent to object: 'Object Repository/FIM/Sites Page/Site Filtering/Site_txt'

21-10-2025T22:02:19 - [TEST_STEP][PASSED] - (i++): null

21-10-2025T22:02:19 - [TEST_STEP][PASSED] - sendKeys(findTestObject("FIM/Sites Page/Site Filtering/Site_txt"), Keys.chord(BACK_SPACE), STOP_ON_FAILURE): Keys 'BACK_SPACE + ' sent to object: 'Object Repository/FIM/Sites Page/Site Filtering/Site_txt'

21-10-2025T22:02:19 - [MESSAGE][PASSED] - Keys 'BACK_SPACE + ' sent to object: 'Object Repository/FIM/Sites Page/Site Filtering/Site_txt'

21-10-2025T22:02:19 - [TEST_STEP][PASSED] - (i++): null

21-10-2025T22:02:19 - [TEST_STEP][PASSED] - sendKeys(findTestObject("FIM/Sites Page/Site Filtering/Site_txt"), Keys.chord(BACK_SPACE), STOP_ON_FAILURE): Keys 'BACK_SPACE + ' sent to object: 'Object Repository/FIM/Sites Page/Site Filtering/Site_txt'

21-10-2025T22:02:19 - [MESSAGE][PASSED] - Keys 'BACK_SPACE + ' sent to object: 'Object Repository/FIM/Sites Page/Site Filtering/Site_txt'

21-10-2025T22:02:19 - [TEST_STEP][PASSED] - (i++): null

21-10-2025T22:02:19 - [TEST_STEP][PASSED] - sendKeys(findTestObject("FIM/Sites Page/Site Filtering/Site_txt"), Keys.chord(BACK_SPACE), STOP_ON_FAILURE): Keys 'BACK_SPACE + ' sent to object: 'Object Repository/FIM/Sites Page/Site Filtering/Site_txt'

21-10-2025T22:02:19 - [MESSAGE][PASSED] - Keys 'BACK_SPACE + ' sent to object: 'Object Repository/FIM/Sites Page/Site Filtering/Site_txt'

21-10-2025T22:02:19 - [TEST_STEP][PASSED] - (i++): null

21-10-2025T22:02:19 - [TEST_STEP][PASSED] - sendKeys(findTestObject("FIM/Sites Page/Site Filtering/Site_txt"), Keys.chord(BACK_SPACE), STOP_ON_FAILURE): Keys 'BACK_SPACE + ' sent to object: 'Object Repository/FIM/Sites Page/Site Filtering/Site_txt'

21-10-2025T22:02:20 - [MESSAGE][PASSED] - Keys 'BACK_SPACE + ' sent to object: 'Object Repository/FIM/Sites Page/Site Filtering/Site_txt'

21-10-2025T22:02:20 - [TEST_STEP][PASSED] - (i++): null

21-10-2025T22:02:20 - [TEST_STEP][PASSED] - sendKeys(findTestObject("FIM/Sites Page/Site Filtering/Site_txt"), Keys.chord(BACK_SPACE), STOP_ON_FAILURE): Keys 'BACK_SPACE + ' sent to object: 'Object Repository/FIM/Sites Page/Site Filtering/Site_txt'

21-10-2025T22:02:20 - [MESSAGE][PASSED] - Keys 'BACK_SPACE + ' sent to object: 'Object Repository/FIM/Sites Page/Site Filtering/Site_txt'

21-10-2025T22:02:20 - [TEST_STEP][PASSED] - (i++): null

21-10-2025T22:02:20 - [TEST_STEP][PASSED] - sendKeys(findTestObject("FIM/Sites Page/Site Filtering/Site_txt"), Keys.chord(BACK_SPACE), STOP_ON_FAILURE): Keys 'BACK_SPACE + ' sent to object: 'Object Repository/FIM/Sites Page/Site Filtering/Site_txt'

21-10-2025T22:02:20 - [MESSAGE][PASSED] - Keys 'BACK_SPACE + ' sent to object: 'Object Repository/FIM/Sites Page/Site Filtering/Site_txt'

21-10-2025T22:02:20 - [TEST_STEP][PASSED] - (i++): null

21-10-2025T22:02:20 - [TEST_STEP][PASSED] - sendKeys(findTestObject("FIM/Sites Page/Site Filtering/Site_txt"), Keys.chord(BACK_SPACE), STOP_ON_FAILURE): Keys 'BACK_SPACE + ' sent to object: 'Object Repository/FIM/Sites Page/Site Filtering/Site_txt'

21-10-2025T22:02:20 - [MESSAGE][PASSED] - Keys 'BACK_SPACE + ' sent to object: 'Object Repository/FIM/Sites Page/Site Filtering/Site_txt'

21-10-2025T22:02:20 - [TEST_STEP][PASSED] - (i++): null

21-10-2025T22:02:20 - [TEST_STEP][PASSED] - sendKeys(findTestObject("FIM/Sites Page/Site Filtering/Site_txt"), Keys.chord(BACK_SPACE), STOP_ON_FAILURE): Keys 'BACK_SPACE + ' sent to object: 'Object Repository/FIM/Sites Page/Site Filtering/Site_txt'

21-10-2025T22:02:20 - [MESSAGE][PASSED] - Keys 'BACK_SPACE + ' sent to object: 'Object Repository/FIM/Sites Page/Site Filtering/Site_txt'

21-10-2025T22:02:20 - [TEST_STEP][PASSED] - (i++): null

21-10-2025T22:02:20 - [TEST_STEP][PASSED] - sendKeys(findTestObject("FIM/Sites Page/Site Filtering/Site_txt"), Keys.chord(BACK_SPACE), STOP_ON_FAILURE): Keys 'BACK_SPACE + ' sent to object: 'Object Repository/FIM/Sites Page/Site Filtering/Site_txt'

21-10-2025T22:02:20 - [MESSAGE][PASSED] - Keys 'BACK_SPACE + ' sent to object: 'Object Repository/FIM/Sites Page/Site Filtering/Site_txt'

21-10-2025T22:02:20 - [TEST_STEP][PASSED] - (i++): null

21-10-2025T22:02:20 - [TEST_STEP][PASSED] - sendKeys(findTestObject("FIM/Sites Page/Site Filtering/Site_txt"), Keys.chord(BACK_SPACE), STOP_ON_FAILURE): Keys 'BACK_SPACE + ' sent to object: 'Object Repository/FIM/Sites Page/Site Filtering/Site_txt'

21-10-2025T22:02:20 - [MESSAGE][PASSED] - Keys 'BACK_SPACE + ' sent to object: 'Object Repository/FIM/Sites Page/Site Filtering/Site_txt'

21-10-2025T22:02:20 - [TEST_STEP][PASSED] - (i++): null

21-10-2025T22:02:20 - [TEST_STEP][PASSED] - sendKeys(findTestObject("FIM/Sites Page/Site Filtering/Site_txt"), Keys.chord(BACK_SPACE), STOP_ON_FAILURE): Keys 'BACK_SPACE + ' sent to object: 'Object Repository/FIM/Sites Page/Site Filtering/Site_txt'

21-10-2025T22:02:20 - [MESSAGE][PASSED] - Keys 'BACK_SPACE + ' sent to object: 'Object Repository/FIM/Sites Page/Site Filtering/Site_txt'

21-10-2025T22:02:20 - [TEST_STEP][PASSED] - (i++): null

21-10-2025T22:02:20 - [TEST_STEP][PASSED] - sendKeys(findTestObject("FIM/Sites Page/Site Filtering/Site_txt"), Keys.chord(BACK_SPACE), STOP_ON_FAILURE): Keys 'BACK_SPACE + ' sent to object: 'Object Repository/FIM/Sites Page/Site Filtering/Site_txt'

21-10-2025T22:02:20 - [MESSAGE][PASSED] - Keys 'BACK_SPACE + ' sent to object: 'Object Repository/FIM/Sites Page/Site Filtering/Site_txt'

21-10-2025T22:02:20 - [TEST_STEP][PASSED] - (i++): null

21-10-2025T22:02:20 - [TEST_STEP][PASSED] - sendKeys(findTestObject("FIM/Sites Page/Site Filtering/Site_txt"), Keys.chord(BACK_SPACE), STOP_ON_FAILURE): Keys 'BACK_SPACE + ' sent to object: 'Object Repository/FIM/Sites Page/Site Filtering/Site_txt'

21-10-2025T22:02:20 - [MESSAGE][PASSED] - Keys 'BACK_SPACE + ' sent to object: 'Object Repository/FIM/Sites Page/Site Filtering/Site_txt'

21-10-2025T22:02:20 - [TEST_STEP][PASSED] - (i++): null

21-10-2025T22:02:20 - [TEST_STEP][PASSED] - sendKeys(findTestObject("FIM/Sites Page/Site Filtering/Site_txt"), Keys.chord(BACK_SPACE), STOP_ON_FAILURE): Keys 'BACK_SPACE + ' sent to object: 'Object Repository/FIM/Sites Page/Site Filtering/Site_txt'

21-10-2025T22:02:20 - [MESSAGE][PASSED] - Keys 'BACK_SPACE + ' sent to object: 'Object Repository/FIM/Sites Page/Site Filtering/Site_txt'

21-10-2025T22:02:20 - [TEST_STEP][PASSED] - (i++): null

21-10-2025T22:02:20 - [TEST_STEP][PASSED] - sendKeys(findTestObject("FIM/Sites Page/Site Filtering/Site_txt"), Keys.chord(BACK_SPACE), STOP_ON_FAILURE): Keys 'BACK_SPACE + ' sent to object: 'Object Repository/FIM/Sites Page/Site Filtering/Site_txt'

21-10-2025T22:02:20 - [MESSAGE][PASSED] - Keys 'BACK_SPACE + ' sent to object: 'Object Repository/FIM/Sites Page/Site Filtering/Site_txt'

21-10-2025T22:02:20 - [TEST_STEP][PASSED] - (i++): null

21-10-2025T22:02:20 - [TEST_STEP][PASSED] - sendKeys(findTestObject("FIM/Sites Page/Site Filtering/Site_txt"), Keys.chord(BACK_SPACE), STOP_ON_FAILURE): Keys 'BACK_SPACE + ' sent to object: 'Object Repository/FIM/Sites Page/Site Filtering/Site_txt'

21-10-2025T22:02:20 - [MESSAGE][PASSED] - Keys 'BACK_SPACE + ' sent to object: 'Object Repository/FIM/Sites Page/Site Filtering/Site_txt'

21-10-2025T22:02:20 - [TEST_STEP][PASSED] - (i++): null

21-10-2025T22:02:20 - [TEST_STEP][PASSED] - sendKeys(findTestObject("FIM/Sites Page/Site Filtering/Site_txt"), Keys.chord(BACK_SPACE), STOP_ON_FAILURE): Keys 'BACK_SPACE + ' sent to object: 'Object Repository/FIM/Sites Page/Site Filtering/Site_txt'

21-10-2025T22:02:21 - [MESSAGE][PASSED] - Keys 'BACK_SPACE + ' sent to object: 'Object Repository/FIM/Sites Page/Site Filtering/Site_txt'

21-10-2025T22:02:21 - [TEST_STEP][PASSED] - (i++): null

21-10-2025T22:02:21 - [TEST_STEP][PASSED] - sendKeys(findTestObject("FIM/Sites Page/Site Filtering/Site_txt"), Keys.chord(BACK_SPACE), STOP_ON_FAILURE): Keys 'BACK_SPACE + ' sent to object: 'Object Repository/FIM/Sites Page/Site Filtering/Site_txt'

21-10-2025T22:02:21 - [MESSAGE][PASSED] - Keys 'BACK_SPACE + ' sent to object: 'Object Repository/FIM/Sites Page/Site Filtering/Site_txt'

21-10-2025T22:02:21 - [TEST_STEP][PASSED] - (i++): null

21-10-2025T22:02:21 - [TEST_STEP][PASSED] - sendKeys(findTestObject("FIM/Sites Page/Site Filtering/Site_txt"), Keys.chord(BACK_SPACE), STOP_ON_FAILURE): Keys 'BACK_SPACE + ' sent to object: 'Object Repository/FIM/Sites Page/Site Filtering/Site_txt'

21-10-2025T22:02:21 - [MESSAGE][PASSED] - Keys 'BACK_SPACE + ' sent to object: 'Object Repository/FIM/Sites Page/Site Filtering/Site_txt'

21-10-2025T22:02:21 - [TEST_STEP][PASSED] - (i++): null

21-10-2025T22:02:21 - [TEST_STEP][PASSED] - sendKeys(findTestObject("FIM/Sites Page/Site Filtering/Site_txt"), Keys.chord(BACK_SPACE), STOP_ON_FAILURE): Keys 'BACK_SPACE + ' sent to object: 'Object Repository/FIM/Sites Page/Site Filtering/Site_txt'

21-10-2025T22:02:21 - [MESSAGE][PASSED] - Keys 'BACK_SPACE + ' sent to object: 'Object Repository/FIM/Sites Page/Site Filtering/Site_txt'

21-10-2025T22:02:21 - [TEST_STEP][PASSED] - (i++): null

21-10-2025T22:02:21 - [TEST_STEP][PASSED] - sendKeys(findTestObject("FIM/Sites Page/Site Filtering/Site_txt"), Keys.chord(BACK_SPACE), STOP_ON_FAILURE): Keys 'BACK_SPACE + ' sent to object: 'Object Repository/FIM/Sites Page/Site Filtering/Site_txt'

21-10-2025T22:02:21 - [MESSAGE][PASSED] - Keys 'BACK_SPACE + ' sent to object: 'Object Repository/FIM/Sites Page/Site Filtering/Site_txt'

21-10-2025T22:02:21 - [TEST_STEP][PASSED] - (i++): null

21-10-2025T22:02:21 - [TEST_STEP][PASSED] - sendKeys(findTestObject("FIM/Sites Page/Site Filtering/Site_txt"), Keys.chord(BACK_SPACE), STOP_ON_FAILURE): Keys 'BACK_SPACE + ' sent to object: 'Object Repository/FIM/Sites Page/Site Filtering/Site_txt'

21-10-2025T22:02:21 - [MESSAGE][PASSED] - Keys 'BACK_SPACE + ' sent to object: 'Object Repository/FIM/Sites Page/Site Filtering/Site_txt'

21-10-2025T22:02:21 - [TEST_STEP][PASSED] - (i++): null

21-10-2025T22:02:21 - [TEST_STEP][PASSED] - sendKeys(findTestObject("FIM/Sites Page/Site Filtering/Site_txt"), Keys.chord(BACK_SPACE), STOP_ON_FAILURE): Keys 'BACK_SPACE + ' sent to object: 'Object Repository/FIM/Sites Page/Site Filtering/Site_txt'

21-10-2025T22:02:21 - [MESSAGE][PASSED] - Keys 'BACK_SPACE + ' sent to object: 'Object Repository/FIM/Sites Page/Site Filtering/Site_txt'

21-10-2025T22:02:21 - [TEST_STEP][PASSED] - (i++): null

21-10-2025T22:02:21 - [TEST_STEP][PASSED] - sendKeys(findTestObject("FIM/Sites Page/Site Filtering/Site_txt"), Keys.chord(BACK_SPACE), STOP_ON_FAILURE): Keys 'BACK_SPACE + ' sent to object: 'Object Repository/FIM/Sites Page/Site Filtering/Site_txt'

21-10-2025T22:02:21 - [MESSAGE][PASSED] - Keys 'BACK_SPACE + ' sent to object: 'Object Repository/FIM/Sites Page/Site Filtering/Site_txt'

21-10-2025T22:02:21 - [TEST_STEP][PASSED] - (i++): null

21-10-2025T22:02:21 - [TEST_STEP][PASSED] - sendKeys(findTestObject("FIM/Sites Page/Site Filtering/Site_txt"), Keys.chord(BACK_SPACE), STOP_ON_FAILURE): Keys 'BACK_SPACE + ' sent to object: 'Object Repository/FIM/Sites Page/Site Filtering/Site_txt'

21-10-2025T22:02:21 - [MESSAGE][PASSED] - Keys 'BACK_SPACE + ' sent to object: 'Object Repository/FIM/Sites Page/Site Filtering/Site_txt'

21-10-2025T22:02:21 - [TEST_STEP][PASSED] - (i++): null

21-10-2025T22:02:21 - [TEST_STEP][PASSED] - sendKeys(findTestObject("FIM/Sites Page/Site Filtering/Site_txt"), Keys.chord(BACK_SPACE), STOP_ON_FAILURE): Keys 'BACK_SPACE + ' sent to object: 'Object Repository/FIM/Sites Page/Site Filtering/Site_txt'

21-10-2025T22:02:21 - [MESSAGE][PASSED] - Keys 'BACK_SPACE + ' sent to object: 'Object Repository/FIM/Sites Page/Site Filtering/Site_txt'

21-10-2025T22:02:21 - [TEST_STEP][PASSED] - (i++): null

21-10-2025T22:02:21 - [TEST_STEP][PASSED] - sendKeys(findTestObject("FIM/Sites Page/Site Filtering/Site_txt"), Keys.chord(BACK_SPACE), STOP_ON_FAILURE): Keys 'BACK_SPACE + ' sent to object: 'Object Repository/FIM/Sites Page/Site Filtering/Site_txt'

21-10-2025T22:02:21 - [MESSAGE][PASSED] - Keys 'BACK_SPACE + ' sent to object: 'Object Repository/FIM/Sites Page/Site Filtering/Site_txt'

21-10-2025T22:02:21 - [TEST_STEP][PASSED] - (i++): null

21-10-2025T22:02:21 - [TEST_STEP][PASSED] - sendKeys(findTestObject("FIM/Sites Page/Site Filtering/Site_txt"), Keys.chord(BACK_SPACE), STOP_ON_FAILURE): Keys 'BACK_SPACE + ' sent to object: 'Object Repository/FIM/Sites Page/Site Filtering/Site_txt'

21-10-2025T22:02:21 - [MESSAGE][PASSED] - Keys 'BACK_SPACE + ' sent to object: 'Object Repository/FIM/Sites Page/Site Filtering/Site_txt'

21-10-2025T22:02:21 - [TEST_STEP][PASSED] - (i++): null

21-10-2025T22:02:21 - [TEST_STEP][PASSED] - sendKeys(findTestObject("FIM/Sites Page/Site Filtering/Site_txt"), Keys.chord(BACK_SPACE), STOP_ON_FAILURE): Keys 'BACK_SPACE + ' sent to object: 'Object Repository/FIM/Sites Page/Site Filtering/Site_txt'

21-10-2025T22:02:21 - [MESSAGE][PASSED] - Keys 'BACK_SPACE + ' sent to object: 'Object Repository/FIM/Sites Page/Site Filtering/Site_txt'

21-10-2025T22:02:21 - [TEST_STEP][PASSED] - (i++): null

21-10-2025T22:02:21 - [TEST_STEP][PASSED] - sendKeys(findTestObject("FIM/Sites Page/Site Filtering/Site_txt"), Keys.chord(BACK_SPACE), STOP_ON_FAILURE): Keys 'BACK_SPACE + ' sent to object: 'Object Repository/FIM/Sites Page/Site Filtering/Site_txt'

21-10-2025T22:02:22 - [MESSAGE][PASSED] - Keys 'BACK_SPACE + ' sent to object: 'Object Repository/FIM/Sites Page/Site Filtering/Site_txt'

21-10-2025T22:02:22 - [TEST_STEP][PASSED] - (i++): null

21-10-2025T22:02:22 - [TEST_STEP][PASSED] - sendKeys(findTestObject("FIM/Sites Page/Site Filtering/Site_txt"), Keys.chord(BACK_SPACE), STOP_ON_FAILURE): Keys 'BACK_SPACE + ' sent to object: 'Object Repository/FIM/Sites Page/Site Filtering/Site_txt'

21-10-2025T22:02:22 - [MESSAGE][PASSED] - Keys 'BACK_SPACE + ' sent to object: 'Object Repository/FIM/Sites Page/Site Filtering/Site_txt'

21-10-2025T22:02:22 - [TEST_STEP][PASSED] - (i++): null

21-10-2025T22:02:22 - [TEST_STEP][PASSED] - sendKeys(findTestObject("FIM/Sites Page/Site Filtering/Site_txt"), Keys.chord(BACK_SPACE), STOP_ON_FAILURE): Keys 'BACK_SPACE + ' sent to object: 'Object Repository/FIM/Sites Page/Site Filtering/Site_txt'

21-10-2025T22:02:22 - [MESSAGE][PASSED] - Keys 'BACK_SPACE + ' sent to object: 'Object Repository/FIM/Sites Page/Site Filtering/Site_txt'

21-10-2025T22:02:22 - [TEST_STEP][PASSED] - (i++): null

21-10-2025T22:02:22 - [TEST_STEP][PASSED] - sendKeys(findTestObject("FIM/Sites Page/Site Filtering/Site_txt"), Keys.chord(BACK_SPACE), STOP_ON_FAILURE): Keys 'BACK_SPACE + ' sent to object: 'Object Repository/FIM/Sites Page/Site Filtering/Site_txt'

21-10-2025T22:02:22 - [MESSAGE][PASSED] - Keys 'BACK_SPACE + ' sent to object: 'Object Repository/FIM/Sites Page/Site Filtering/Site_txt'

21-10-2025T22:02:22 - [TEST_STEP][PASSED] - (i++): null

21-10-2025T22:02:22 - [TEST_STEP][PASSED] - sendKeys(findTestObject("FIM/Sites Page/Site Filtering/Site_txt"), Keys.chord(BACK_SPACE), STOP_ON_FAILURE): Keys 'BACK_SPACE + ' sent to object: 'Object Repository/FIM/Sites Page/Site Filtering/Site_txt'

21-10-2025T22:02:22 - [MESSAGE][PASSED] - Keys 'BACK_SPACE + ' sent to object: 'Object Repository/FIM/Sites Page/Site Filtering/Site_txt'

21-10-2025T22:02:22 - [TEST_STEP][PASSED] - (i++): null

21-10-2025T22:02:22 - [TEST_STEP][PASSED] - sendKeys(findTestObject("FIM/Sites Page/Site Filtering/Site_txt"), Keys.chord(BACK_SPACE), STOP_ON_FAILURE): Keys 'BACK_SPACE + ' sent to object: 'Object Repository/FIM/Sites Page/Site Filtering/Site_txt'

21-10-2025T22:02:22 - [MESSAGE][PASSED] - Keys 'BACK_SPACE + ' sent to object: 'Object Repository/FIM/Sites Page/Site Filtering/Site_txt'

21-10-2025T22:02:22 - [TEST_STEP][PASSED] - (i++): null

21-10-2025T22:02:22 - [TEST_STEP][PASSED] - sendKeys(findTestObject("FIM/Sites Page/Site Filtering/Site_txt"), Keys.chord(BACK_SPACE), STOP_ON_FAILURE): Keys 'BACK_SPACE + ' sent to object: 'Object Repository/FIM/Sites Page/Site Filtering/Site_txt'

21-10-2025T22:02:22 - [MESSAGE][PASSED] - Keys 'BACK_SPACE + ' sent to object: 'Object Repository/FIM/Sites Page/Site Filtering/Site_txt'

21-10-2025T22:02:22 - [TEST_STEP][PASSED] - (i++): null

21-10-2025T22:02:22 - [TEST_STEP][PASSED] - sendKeys(findTestObject("FIM/Sites Page/Site Filtering/Site_txt"), Keys.chord(BACK_SPACE), STOP_ON_FAILURE): Keys 'BACK_SPACE + ' sent to object: 'Object Repository/FIM/Sites Page/Site Filtering/Site_txt'

21-10-2025T22:02:22 - [MESSAGE][PASSED] - Keys 'BACK_SPACE + ' sent to object: 'Object Repository/FIM/Sites Page/Site Filtering/Site_txt'

21-10-2025T22:02:22 - [TEST_STEP][PASSED] - (i++): null

21-10-2025T22:02:22 - [TEST_STEP][PASSED] - sendKeys(findTestObject("FIM/Sites Page/Site Filtering/Site_txt"), Keys.chord(BACK_SPACE), STOP_ON_FAILURE): Keys 'BACK_SPACE + ' sent to object: 'Object Repository/FIM/Sites Page/Site Filtering/Site_txt'

21-10-2025T22:02:22 - [MESSAGE][PASSED] - Keys 'BACK_SPACE + ' sent to object: 'Object Repository/FIM/Sites Page/Site Filtering/Site_txt'

21-10-2025T22:02:22 - [TEST_STEP][PASSED] - (i++): null

21-10-2025T22:02:22 - [TEST_STEP][PASSED] - sendKeys(findTestObject("FIM/Sites Page/Site Filtering/Site_txt"), Keys.chord(BACK_SPACE), STOP_ON_FAILURE): Keys 'BACK_SPACE + ' sent to object: 'Object Repository/FIM/Sites Page/Site Filtering/Site_txt'

21-10-2025T22:02:22 - [MESSAGE][PASSED] - Keys 'BACK_SPACE + ' sent to object: 'Object Repository/FIM/Sites Page/Site Filtering/Site_txt'

21-10-2025T22:02:22 - [TEST_STEP][PASSED] - (i++): null

21-10-2025T22:02:22 - [TEST_STEP][PASSED] - sendKeys(findTestObject("FIM/Sites Page/Site Filtering/Site_txt"), Keys.chord(BACK_SPACE), STOP_ON_FAILURE): Keys 'BACK_SPACE + ' sent to object: 'Object Repository/FIM/Sites Page/Site Filtering/Site_txt'

21-10-2025T22:02:22 - [MESSAGE][PASSED] - Keys 'BACK_SPACE + ' sent to object: 'Object Repository/FIM/Sites Page/Site Filtering/Site_txt'

21-10-2025T22:02:22 - [TEST_STEP][PASSED] - (i++): null

21-10-2025T22:02:22 - [TEST_STEP][PASSED] - sendKeys(findTestObject("FIM/Sites Page/Site Filtering/Site_txt"), Keys.chord(BACK_SPACE), STOP_ON_FAILURE): Keys 'BACK_SPACE + ' sent to object: 'Object Repository/FIM/Sites Page/Site Filtering/Site_txt'

21-10-2025T22:02:22 - [MESSAGE][PASSED] - Keys 'BACK_SPACE + ' sent to object: 'Object Repository/FIM/Sites Page/Site Filtering/Site_txt'

21-10-2025T22:02:22 - [TEST_STEP][PASSED] - (i++): null

21-10-2025T22:02:22 - [TEST_STEP][PASSED] - sendKeys(findTestObject("FIM/Sites Page/Site Filtering/Site_txt"), Keys.chord(BACK_SPACE), STOP_ON_FAILURE): Keys 'BACK_SPACE + ' sent to object: 'Object Repository/FIM/Sites Page/Site Filtering/Site_txt'

21-10-2025T22:02:22 - [MESSAGE][PASSED] - Keys 'BACK_SPACE + ' sent to object: 'Object Repository/FIM/Sites Page/Site Filtering/Site_txt'

21-10-2025T22:02:22 - [TEST_STEP][PASSED] - (i++): null

21-10-2025T22:02:22 - [TEST_STEP][PASSED] - sendKeys(findTestObject("FIM/Sites Page/Site Filtering/Site_txt"), Keys.chord(BACK_SPACE), STOP_ON_FAILURE): Keys 'BACK_SPACE + ' sent to object: 'Object Repository/FIM/Sites Page/Site Filtering/Site_txt'

21-10-2025T22:02:23 - [MESSAGE][PASSED] - Keys 'BACK_SPACE + ' sent to object: 'Object Repository/FIM/Sites Page/Site Filtering/Site_txt'

21-10-2025T22:02:23 - [TEST_STEP][PASSED] - (i++): null

21-10-2025T22:02:23 - [TEST_STEP][PASSED] - sendKeys(findTestObject("FIM/Sites Page/Site Filtering/Site_txt"), Keys.chord(BACK_SPACE), STOP_ON_FAILURE): Keys 'BACK_SPACE + ' sent to object: 'Object Repository/FIM/Sites Page/Site Filtering/Site_txt'

21-10-2025T22:02:23 - [MESSAGE][PASSED] - Keys 'BACK_SPACE + ' sent to object: 'Object Repository/FIM/Sites Page/Site Filtering/Site_txt'

21-10-2025T22:02:23 - [TEST_STEP][PASSED] - (i++): null

21-10-2025T22:02:23 - [TEST_STEP][PASSED] - sendKeys(findTestObject("FIM/Sites Page/Site Filtering/Site_txt"), Keys.chord(BACK_SPACE), STOP_ON_FAILURE): Keys 'BACK_SPACE + ' sent to object: 'Object Repository/FIM/Sites Page/Site Filtering/Site_txt'

21-10-2025T22:02:23 - [MESSAGE][PASSED] - Keys 'BACK_SPACE + ' sent to object: 'Object Repository/FIM/Sites Page/Site Filtering/Site_txt'

21-10-2025T22:02:23 - [TEST_STEP][PASSED] - (i++): null

21-10-2025T22:02:23 - [TEST_STEP][PASSED] - sendKeys(findTestObject("FIM/Sites Page/Site Filtering/Site_txt"), Keys.chord(BACK_SPACE), STOP_ON_FAILURE): Keys 'BACK_SPACE + ' sent to object: 'Object Repository/FIM/Sites Page/Site Filtering/Site_txt'

21-10-2025T22:02:24 - [MESSAGE][PASSED] - Keys 'BACK_SPACE + ' sent to object: 'Object Repository/FIM/Sites Page/Site Filtering/Site_txt'

21-10-2025T22:02:24 - [TEST_STEP][PASSED] - (i++): null

21-10-2025T22:02:24 - [TEST_STEP][PASSED] - sendKeys(findTestObject("FIM/Sites Page/Site Filtering/Site_txt"), Keys.chord(BACK_SPACE), STOP_ON_FAILURE): Keys 'BACK_SPACE + ' sent to object: 'Object Repository/FIM/Sites Page/Site Filtering/Site_txt'

21-10-2025T22:02:24 - [MESSAGE][PASSED] - Keys 'BACK_SPACE + ' sent to object: 'Object Repository/FIM/Sites Page/Site Filtering/Site_txt'

21-10-2025T22:02:24 - [TEST_STEP][PASSED] - (i++): null

21-10-2025T22:02:24 - [TEST_STEP][PASSED] - sendKeys(findTestObject("FIM/Sites Page/Site Filtering/Site_txt"), Keys.chord(BACK_SPACE), STOP_ON_FAILURE): Keys 'BACK_SPACE + ' sent to object: 'Object Repository/FIM/Sites Page/Site Filtering/Site_txt'

21-10-2025T22:02:24 - [MESSAGE][PASSED] - Keys 'BACK_SPACE + ' sent to object: 'Object Repository/FIM/Sites Page/Site Filtering/Site_txt'

21-10-2025T22:02:24 - [TEST_STEP][PASSED] - (i++): null

21-10-2025T22:02:24 - [TEST_STEP][PASSED] - sendKeys(findTestObject("FIM/Sites Page/Site Filtering/Site_txt"), Keys.chord(BACK_SPACE), STOP_ON_FAILURE): Keys 'BACK_SPACE + ' sent to object: 'Object Repository/FIM/Sites Page/Site Filtering/Site_txt'

21-10-2025T22:02:24 - [MESSAGE][PASSED] - Keys 'BACK_SPACE + ' sent to object: 'Object Repository/FIM/Sites Page/Site Filtering/Site_txt'

21-10-2025T22:02:24 - [TEST_STEP][PASSED] - (i++): null

21-10-2025T22:02:24 - [TEST_STEP][PASSED] - sendKeys(findTestObject("FIM/Sites Page/Site Filtering/Site_txt"), Keys.chord(BACK_SPACE), STOP_ON_FAILURE): Keys 'BACK_SPACE + ' sent to object: 'Object Repository/FIM/Sites Page/Site Filtering/Site_txt'

21-10-2025T22:02:24 - [MESSAGE][PASSED] - Keys 'BACK_SPACE + ' sent to object: 'Object Repository/FIM/Sites Page/Site Filtering/Site_txt'

21-10-2025T22:02:24 - [TEST_STEP][PASSED] - (i++): null

21-10-2025T22:02:24 - [TEST_STEP][PASSED] - sendKeys(findTestObject("FIM/Sites Page/Site Filtering/Site_txt"), Keys.chord(BACK_SPACE), STOP_ON_FAILURE): Keys 'BACK_SPACE + ' sent to object: 'Object Repository/FIM/Sites Page/Site Filtering/Site_txt'

21-10-2025T22:02:24 - [MESSAGE][PASSED] - Keys 'BACK_SPACE + ' sent to object: 'Object Repository/FIM/Sites Page/Site Filtering/Site_txt'

21-10-2025T22:02:24 - [TEST_STEP][PASSED] - (i++): null

21-10-2025T22:02:24 - [TEST_STEP][PASSED] - sendKeys(findTestObject("FIM/Sites Page/Site Filtering/Site_txt"), Keys.chord(BACK_SPACE), STOP_ON_FAILURE): Keys 'BACK_SPACE + ' sent to object: 'Object Repository/FIM/Sites Page/Site Filtering/Site_txt'

21-10-2025T22:02:24 - [MESSAGE][PASSED] - Keys 'BACK_SPACE + ' sent to object: 'Object Repository/FIM/Sites Page/Site Filtering/Site_txt'

21-10-2025T22:02:24 - [TEST_STEP][PASSED] - (i++): null

21-10-2025T22:02:24 - [TEST_STEP][PASSED] - sendKeys(findTestObject("FIM/Sites Page/Site Filtering/Site_txt"), Keys.chord(BACK_SPACE), STOP_ON_FAILURE): Keys 'BACK_SPACE + ' sent to object: 'Object Repository/FIM/Sites Page/Site Filtering/Site_txt'

21-10-2025T22:02:24 - [MESSAGE][PASSED] - Keys 'BACK_SPACE + ' sent to object: 'Object Repository/FIM/Sites Page/Site Filtering/Site_txt'

21-10-2025T22:02:24 - [TEST_STEP][PASSED] - (i++): null

21-10-2025T22:02:24 - [TEST_STEP][PASSED] - sendKeys(findTestObject("FIM/Sites Page/Site Filtering/Site_txt"), "AFM39", STOP_ON_FAILURE): Keys 'AFM39' sent to object: 'Object Repository/FIM/Sites Page/Site Filtering/Site_txt'

21-10-2025T22:02:25 - [MESSAGE][PASSED] - Keys 'AFM39' sent to object: 'Object Repository/FIM/Sites Page/Site Filtering/Site_txt'

21-10-2025T22:02:25 - [TEST_STEP][PASSED] - sendKeys(findTestObject("FIM/Sites Page/Site Filtering/Site_txt"), Keys.chord(ENTER), STOP_ON_FAILURE): Keys 'ENTER + ' sent to object: 'Object Repository/FIM/Sites Page/Site Filtering/Site_txt'

21-10-2025T22:02:25 - [MESSAGE][PASSED] - Keys 'ENTER + ' sent to object: 'Object Repository/FIM/Sites Page/Site Filtering/Site_txt'

21-10-2025T22:02:25 - [TEST_STEP][PASSED] - waitForElementClickable(findTestObject("FIM/Sites Page/Orders/Create Order/CreateOrder_btn"), 300): Object 'Object Repository/FIM/Sites Page/Orders/Create Order/CreateOrder_btn' is clickable

21-10-2025T22:02:26 - [MESSAGE][PASSED] - Object 'Object Repository/FIM/Sites Page/Orders/Create Order/CreateOrder_btn' is clickable

21-10-2025T22:02:26 - [TEST_STEP][PASSED] - click(findTestObject("FIM/Sites Page/Orders/Create Order/CreateOrder_btn"), OPTIONAL): Object: 'Object Repository/FIM/Sites Page/Orders/Create Order/CreateOrder_btn' is clicked on

21-10-2025T22:02:26 - [MESSAGE][PASSED] - Object: 'Object Repository/FIM/Sites Page/Orders/Create Order/CreateOrder_btn' is clicked on

21-10-2025T22:02:26 - [TEST_STEP][PASSED] - delay(1): Delayed 1 second(s)

21-10-2025T22:02:27 - [MESSAGE][PASSED] - Delayed 1 second(s)

21-10-2025T22:02:27 - [TEST_STEP][PASSED] - verifyElementPresent(findTestObject("FIM/Sites Page/Orders/Create Order/Split_Load_Order_toggle"), 10): Object 'Object Repository/FIM/Sites Page/Orders/Create Order/Split_Load_Order_toggle' is present

21-10-2025T22:02:27 - [MESSAGE][PASSED] - Object 'Object Repository/FIM/Sites Page/Orders/Create Order/Split_Load_Order_toggle' is present

21-10-2025T22:02:27 - [TEST_STEP][FAILED] - click(findTestObject("FIM/Sites Page/Orders/Create Order/Split_Load_Order_toggle"), STOP_ON_FAILURE): Unable to click on object 'Object Repository/FIM/Sites Page/Orders/Create Order/Split_Load_Order_toggle' (Root cause: com.kms.katalon.core.exception.StepFailedException: Unable to click on object 'Object Repository/FIM/Sites Page/Orders/Create Order/Split_Load_Order_toggle'
	at com.kms.katalon.core.webui.keyword.internal.WebUIKeywordMain.stepFailed(WebUIKeywordMain.groovy:117)
	at com.kms.katalon.core.webui.keyword.internal.WebUIKeywordMain.runKeyword(WebUIKeywordMain.groovy:43)
	at com.kms.katalon.core.webui.keyword.builtin.ClickKeyword.click(ClickKeyword.groovy:74)
	at com.kms.katalon.core.webui.keyword.builtin.ClickKeyword.execute(ClickKeyword.groovy:40)
	at com.kms.katalon.core.keyword.internal.KeywordExecutor.executeKeywordForPlatform(KeywordExecutor.groovy:74)
	at com.kms.katalon.core.webui.keyword.WebUiBuiltInKeywords.click(WebUiBuiltInKeywords.groovy:647)
	at com.kms.katalon.core.webui.keyword.WebUiBuiltInKeywords$click$10.call(Unknown Source)
	at Create Split Load Order (Adding 3 Sites).run(Create Split Load Order (Adding 3 Sites):58)
	at com.kms.katalon.core.main.ScriptEngine.run(ScriptEngine.java:194)
	at com.kms.katalon.core.main.ScriptEngine.runScriptAsRawText(ScriptEngine.java:119)
	at com.kms.katalon.core.main.TestCaseExecutor.runScript(TestCaseExecutor.java:448)
	at com.kms.katalon.core.main.TestCaseExecutor.doExecute(TestCaseExecutor.java:439)
	at com.kms.katalon.core.main.TestCaseExecutor.processExecutionPhase(TestCaseExecutor.java:418)
	at com.kms.katalon.core.main.TestCaseExecutor.accessMainPhase(TestCaseExecutor.java:410)
	at com.kms.katalon.core.main.TestCaseExecutor.execute(TestCaseExecutor.java:285)
	at com.kms.katalon.core.common.CommonExecutor.accessTestCaseMainPhase(CommonExecutor.java:65)
	at com.kms.katalon.core.main.TestSuiteExecutor.accessTestSuiteMainPhase(TestSuiteExecutor.java:150)
	at com.kms.katalon.core.main.TestSuiteExecutor.execute(TestSuiteExecutor.java:106)
	at com.kms.katalon.core.main.TestCaseMain.startTestSuite(TestCaseMain.java:180)
	at com.kms.katalon.core.main.TestCaseMain$startTestSuite$0.call(Unknown Source)
	at TempTestSuite1761090815312.run(TempTestSuite1761090815312.groovy:35)
	at java.base/jdk.internal.reflect.NativeMethodAccessorImpl.invoke0(Native Method)
	at java.base/jdk.internal.reflect.NativeMethodAccessorImpl.invoke(NativeMethodAccessorImpl.java:77)
	at java.base/jdk.internal.reflect.DelegatingMethodAccessorImpl.invoke(DelegatingMethodAccessorImpl.java:43)
Caused by: org.openqa.selenium.ElementNotInteractableException: element not interactable
  (Session info: chrome=141.0.7390.122)
Build info: version: '3.141.59', revision: 'unknown', time: 'unknown'
System info: host: 'DC1ADOBLD01', ip: '10.2.20.71', os.name: 'Windows Server 2019', os.arch: 'amd64', os.version: '10.0', java.version: '17.0.7'
Driver info: com.kms.katalon.selenium.driver.CChromeDriver
Capabilities {acceptInsecureCerts: false, browserName: chrome, browserVersion: 141.0.7390.122, chrome: {chromedriverVersion: 141.0.7390.122 (b477534e7e1..., userDataDir: C:\Windows\SystemTemp\scope...}, fedcm:accounts: true, goog:chromeOptions: {debuggerAddress: localhost:58086}, javascriptEnabled: true, networkConnectionEnabled: false, pageLoadStrategy: normal, platform: WINDOWS, platformName: WINDOWS, proxy: Proxy(), setWindowRect: true, strictFileInteractability: false, timeouts: {implicit: 0, pageLoad: 300000, script: 30000}, unhandledPromptBehavior: dismiss and notify, webauthn:extension:credBlob: true, webauthn:extension:largeBlob: true, webauthn:extension:minPinLength: true, webauthn:extension:prf: true, webauthn:virtualAuthenticators: true}
Session ID: 6e8953083f0f145c3c8c895a0de30a57
	at java.base/jdk.internal.reflect.NativeConstructorAccessorImpl.newInstance0(Native Method)
	at java.base/jdk.internal.reflect.NativeConstructorAccessorImpl.newInstance(NativeConstructorAccessorImpl.java:77)
	at java.base/jdk.internal.reflect.DelegatingConstructorAccessorImpl.newInstance(DelegatingConstructorAccessorImpl.java:45)
	at org.openqa.selenium.remote.http.W3CHttpResponseCodec.createException(W3CHttpResponseCodec.java:187)
	at org.openqa.selenium.remote.http.W3CHttpResponseCodec.decode(W3CHttpResponseCodec.java:122)
	at org.openqa.selenium.remote.http.W3CHttpResponseCodec.decode(W3CHttpResponseCodec.java:49)
	at org.openqa.selenium.remote.HttpCommandExecutor.execute(HttpCommandExecutor.java:158)
	at org.openqa.selenium.remote.service.DriverCommandExecutor.execute(DriverCommandExecutor.java:83)
	at org.openqa.selenium.remote.RemoteWebDriver.execute(RemoteWebDriver.java:552)
	at com.kms.katalon.selenium.driver.CChromeDriver.execute(CChromeDriver.java:19)
	at org.openqa.selenium.remote.RemoteWebElement.execute(RemoteWebElement.java:285)
	at org.openqa.selenium.remote.RemoteWebElement.click(RemoteWebElement.java:84)
	at jdk.internal.reflect.GeneratedMethodAccessor20.invoke(Unknown Source)
	at java.base/jdk.internal.reflect.DelegatingMethodAccessorImpl.invoke(DelegatingMethodAccessorImpl.java:43)
	at org.openqa.selenium.support.events.EventFiringWebDriver$EventFiringWebElement.lambda$new$0(EventFiringWebDriver.java:404)
	at jdk.proxy2/jdk.proxy2.$Proxy27.click(Unknown Source)
	at org.openqa.selenium.support.events.EventFiringWebDriver$EventFiringWebElement.click(EventFiringWebDriver.java:417)
	at org.openqa.selenium.WebElement$click.call(Unknown Source)
	at com.kms.katalon.core.webui.keyword.builtin.ClickKeyword.clickUntilSuccessWithTimeout(ClickKeyword.groovy:81)
	at com.kms.katalon.core.webui.keyword.builtin.ClickKeyword.clickUntilSuccessWithTimeout(ClickKeyword.groovy)
	at jdk.internal.reflect.GeneratedMethodAccessor18.invoke(Unknown Source)
	at java.base/jdk.internal.reflect.DelegatingMethodAccessorImpl.invoke(DelegatingMethodAccessorImpl.java:43)
	at com.kms.katalon.core.webui.keyword.builtin.ClickKeyword$_click_closure1.doCall(ClickKeyword.groovy:67)
	at com.kms.katalon.core.webui.keyword.builtin.ClickKeyword$_click_closure1.call(ClickKeyword.groovy)
	at com.kms.katalon.core.webui.keyword.internal.WebUIKeywordMain.runKeyword(WebUIKeywordMain.groovy:35)
	at com.kms.katalon.core.webui.keyword.builtin.ClickKeyword.click(ClickKeyword.groovy:74)
	at com.kms.katalon.core.webui.keyword.builtin.ClickKeyword.execute(ClickKeyword.groovy:40)
	at com.kms.katalon.core.keyword.internal.KeywordExecutor.executeKeywordForPlatform(KeywordExecutor.groovy:74)
	at com.kms.katalon.core.webui.keyword.WebUiBuiltInKeywords.click(WebUiBuiltInKeywords.groovy:647)
	at com.kms.katalon.core.webui.keyword.WebUiBuiltInKeywords$click$10.call(Unknown Source)
	at Script1755182199268.run(Script1755182199268.groovy:58)
	... 16 more
)

21-10-2025T22:02:27 - [MESSAGE][FAILED] - Unable to click on object 'Object Repository/FIM/Sites Page/Orders/Create Order/Split_Load_Order_toggle' (Root cause: com.kms.katalon.core.exception.StepFailedException: Unable to click on object 'Object Repository/FIM/Sites Page/Orders/Create Order/Split_Load_Order_toggle'
	at com.kms.katalon.core.webui.keyword.internal.WebUIKeywordMain.stepFailed(WebUIKeywordMain.groovy:117)
	at com.kms.katalon.core.webui.keyword.internal.WebUIKeywordMain.runKeyword(WebUIKeywordMain.groovy:43)
	at com.kms.katalon.core.webui.keyword.builtin.ClickKeyword.click(ClickKeyword.groovy:74)
	at com.kms.katalon.core.webui.keyword.builtin.ClickKeyword.execute(ClickKeyword.groovy:40)
	at com.kms.katalon.core.keyword.internal.KeywordExecutor.executeKeywordForPlatform(KeywordExecutor.groovy:74)
	at com.kms.katalon.core.webui.keyword.WebUiBuiltInKeywords.click(WebUiBuiltInKeywords.groovy:647)
	at com.kms.katalon.core.webui.keyword.WebUiBuiltInKeywords$click$10.call(Unknown Source)
	at Create Split Load Order (Adding 3 Sites).run(Create Split Load Order (Adding 3 Sites):58)
	at com.kms.katalon.core.main.ScriptEngine.run(ScriptEngine.java:194)
	at com.kms.katalon.core.main.ScriptEngine.runScriptAsRawText(ScriptEngine.java:119)
	at com.kms.katalon.core.main.TestCaseExecutor.runScript(TestCaseExecutor.java:448)
	at com.kms.katalon.core.main.TestCaseExecutor.doExecute(TestCaseExecutor.java:439)
	at com.kms.katalon.core.main.TestCaseExecutor.processExecutionPhase(TestCaseExecutor.java:418)
	at com.kms.katalon.core.main.TestCaseExecutor.accessMainPhase(TestCaseExecutor.java:410)
	at com.kms.katalon.core.main.TestCaseExecutor.execute(TestCaseExecutor.java:285)
	at com.kms.katalon.core.common.CommonExecutor.accessTestCaseMainPhase(CommonExecutor.java:65)
	at com.kms.katalon.core.main.TestSuiteExecutor.accessTestSuiteMainPhase(TestSuiteExecutor.java:150)
	at com.kms.katalon.core.main.TestSuiteExecutor.execute(TestSuiteExecutor.java:106)
	at com.kms.katalon.core.main.TestCaseMain.startTestSuite(TestCaseMain.java:180)
	at com.kms.katalon.core.main.TestCaseMain$startTestSuite$0.call(Unknown Source)
	at TempTestSuite1761090815312.run(TempTestSuite1761090815312.groovy:35)
	at java.base/jdk.internal.reflect.NativeMethodAccessorImpl.invoke0(Native Method)
	at java.base/jdk.internal.reflect.NativeMethodAccessorImpl.invoke(NativeMethodAccessorImpl.java:77)
	at java.base/jdk.internal.reflect.DelegatingMethodAccessorImpl.invoke(DelegatingMethodAccessorImpl.java:43)
Caused by: org.openqa.selenium.ElementNotInteractableException: element not interactable
  (Session info: chrome=141.0.7390.122)
Build info: version: '3.141.59', revision: 'unknown', time: 'unknown'
System info: host: 'DC1ADOBLD01', ip: '10.2.20.71', os.name: 'Windows Server 2019', os.arch: 'amd64', os.version: '10.0', java.version: '17.0.7'
Driver info: com.kms.katalon.selenium.driver.CChromeDriver
Capabilities {acceptInsecureCerts: false, browserName: chrome, browserVersion: 141.0.7390.122, chrome: {chromedriverVersion: 141.0.7390.122 (b477534e7e1..., userDataDir: C:\Windows\SystemTemp\scope...}, fedcm:accounts: true, goog:chromeOptions: {debuggerAddress: localhost:58086}, javascriptEnabled: true, networkConnectionEnabled: false, pageLoadStrategy: normal, platform: WINDOWS, platformName: WINDOWS, proxy: Proxy(), setWindowRect: true, strictFileInteractability: false, timeouts: {implicit: 0, pageLoad: 300000, script: 30000}, unhandledPromptBehavior: dismiss and notify, webauthn:extension:credBlob: true, webauthn:extension:largeBlob: true, webauthn:extension:minPinLength: true, webauthn:extension:prf: true, webauthn:virtualAuthenticators: true}
Session ID: 6e8953083f0f145c3c8c895a0de30a57
	at java.base/jdk.internal.reflect.NativeConstructorAccessorImpl.newInstance0(Native Method)
	at java.base/jdk.internal.reflect.NativeConstructorAccessorImpl.newInstance(NativeConstructorAccessorImpl.java:77)
	at java.base/jdk.internal.reflect.DelegatingConstructorAccessorImpl.newInstance(DelegatingConstructorAccessorImpl.java:45)
	at org.openqa.selenium.remote.http.W3CHttpResponseCodec.createException(W3CHttpResponseCodec.java:187)
	at org.openqa.selenium.remote.http.W3CHttpResponseCodec.decode(W3CHttpResponseCodec.java:122)
	at org.openqa.selenium.remote.http.W3CHttpResponseCodec.decode(W3CHttpResponseCodec.java:49)
	at org.openqa.selenium.remote.HttpCommandExecutor.execute(HttpCommandExecutor.java:158)
	at org.openqa.selenium.remote.service.DriverCommandExecutor.execute(DriverCommandExecutor.java:83)
	at org.openqa.selenium.remote.RemoteWebDriver.execute(RemoteWebDriver.java:552)
	at com.kms.katalon.selenium.driver.CChromeDriver.execute(CChromeDriver.java:19)
	at org.openqa.selenium.remote.RemoteWebElement.execute(RemoteWebElement.java:285)
	at org.openqa.selenium.remote.RemoteWebElement.click(RemoteWebElement.java:84)
	at jdk.internal.reflect.GeneratedMethodAccessor20.invoke(Unknown Source)
	at java.base/jdk.internal.reflect.DelegatingMethodAccessorImpl.invoke(DelegatingMethodAccessorImpl.java:43)
	at org.openqa.selenium.support.events.EventFiringWebDriver$EventFiringWebElement.lambda$new$0(EventFiringWebDriver.java:404)
	at jdk.proxy2/jdk.proxy2.$Proxy27.click(Unknown Source)
	at org.openqa.selenium.support.events.EventFiringWebDriver$EventFiringWebElement.click(EventFiringWebDriver.java:417)
	at org.openqa.selenium.WebElement$click.call(Unknown Source)
	at com.kms.katalon.core.webui.keyword.builtin.ClickKeyword.clickUntilSuccessWithTimeout(ClickKeyword.groovy:81)
	at com.kms.katalon.core.webui.keyword.builtin.ClickKeyword.clickUntilSuccessWithTimeout(ClickKeyword.groovy)
	at jdk.internal.reflect.GeneratedMethodAccessor18.invoke(Unknown Source)
	at java.base/jdk.internal.reflect.DelegatingMethodAccessorImpl.invoke(DelegatingMethodAccessorImpl.java:43)
	at com.kms.katalon.core.webui.keyword.builtin.ClickKeyword$_click_closure1.doCall(ClickKeyword.groovy:67)
	at com.kms.katalon.core.webui.keyword.builtin.ClickKeyword$_click_closure1.call(ClickKeyword.groovy)
	at com.kms.katalon.core.webui.keyword.internal.WebUIKeywordMain.runKeyword(WebUIKeywordMain.groovy:35)
	at com.kms.katalon.core.webui.keyword.builtin.ClickKeyword.click(ClickKeyword.groovy:74)
	at com.kms.katalon.core.webui.keyword.builtin.ClickKeyword.execute(ClickKeyword.groovy:40)
	at com.kms.katalon.core.keyword.internal.KeywordExecutor.executeKeywordForPlatform(KeywordExecutor.groovy:74)
	at com.kms.katalon.core.webui.keyword.WebUiBuiltInKeywords.click(WebUiBuiltInKeywords.groovy:647)
	at com.kms.katalon.core.webui.keyword.WebUiBuiltInKeywords$click$10.call(Unknown Source)
	at Script1755182199268.run(Script1755182199268.groovy:58)
	... 16 more
)

21-10-2025T22:02:27 - [TEST_STEP][PASSED] - Start listener action : retryOnDisconnect: Current window's url is: 'https://kag-inventory-management-portal.qa.thekag.com/site/AFM39?cg=-1&r&i=AllConsignees&sorted=false'

21-10-2025T22:02:27 - [TEST_STEP][PASSED] - tcId = testCaseContext.getTestCaseId(): null

21-10-2025T22:02:27 - [TEST_STEP][PASSED] - currentRetry = retryCounts.getOrDefault(tcId, 0): null

21-10-2025T22:02:27 - [TEST_STEP][PASSED] - if (testCaseContext.getTestCaseStatus() == "FAILED" && currentRetry < MAX_RETRIES): Current window's url is: 'https://kag-inventory-management-portal.qa.thekag.com/site/AFM39?cg=-1&r&i=AllConsignees&sorted=false'

21-10-2025T22:02:27 - [TEST_STEP][PASSED] - try: Current window's url is: 'https://kag-inventory-management-portal.qa.thekag.com/site/AFM39?cg=-1&r&i=AllConsignees&sorted=false'

21-10-2025T22:02:27 - [TEST_STEP][PASSED] - comment(Checking for WebDriver disconnect for test case: $tcId): Checking for WebDriver disconnect for test case: Test Cases/FIM/UI/Kenan/Admin/Sites Page/Orders/Create Split Load Order (Adding 3 Sites)

21-10-2025T22:02:27 - [MESSAGE][INFO] - Checking for WebDriver disconnect for test case: Test Cases/FIM/UI/Kenan/Admin/Sites Page/Orders/Create Split Load Order (Adding 3 Sites)

21-10-2025T22:02:27 - [TEST_STEP][PASSED] - getUrl(): Current window's url is: 'https://kag-inventory-management-portal.qa.thekag.com/site/AFM39?cg=-1&r&i=AllConsignees&sorted=false'

21-10-2025T22:02:27 - [MESSAGE][PASSED] - Current window's url is: 'https://kag-inventory-management-portal.qa.thekag.com/site/AFM39?cg=-1&r&i=AllConsignees&sorted=false']]></system-out>
         <system-err><![CDATA[21-10-2025T22:01:33 - [TEST_CASE][FAILED] - Test Cases/FIM/UI/Kenan/Admin/Sites Page/Orders/Create Split Load Order (Adding 3 Sites): Test Cases/FIM/UI/Kenan/Admin/Sites Page/Orders/Create Split Load Order (Adding 3 Sites) FAILED.
Reason:
com.kms.katalon.core.exception.StepFailedException: Unable to click on object 'Object Repository/FIM/Sites Page/Orders/Create Order/Split_Load_Order_toggle'
	at com.kms.katalon.core.webui.keyword.internal.WebUIKeywordMain.stepFailed(WebUIKeywordMain.groovy:117)
	at com.kms.katalon.core.webui.keyword.internal.WebUIKeywordMain.runKeyword(WebUIKeywordMain.groovy:43)
	at com.kms.katalon.core.webui.keyword.builtin.ClickKeyword.click(ClickKeyword.groovy:74)
	at com.kms.katalon.core.webui.keyword.builtin.ClickKeyword.execute(ClickKeyword.groovy:40)
	at com.kms.katalon.core.keyword.internal.KeywordExecutor.executeKeywordForPlatform(KeywordExecutor.groovy:74)
	at com.kms.katalon.core.webui.keyword.WebUiBuiltInKeywords.click(WebUiBuiltInKeywords.groovy:647)
	at com.kms.katalon.core.webui.keyword.WebUiBuiltInKeywords$click$10.call(Unknown Source)
	at Create Split Load Order (Adding 3 Sites).run(Create Split Load Order (Adding 3 Sites):58)
	at com.kms.katalon.core.main.ScriptEngine.run(ScriptEngine.java:194)
	at com.kms.katalon.core.main.ScriptEngine.runScriptAsRawText(ScriptEngine.java:119)
	at com.kms.katalon.core.main.TestCaseExecutor.runScript(TestCaseExecutor.java:448)
	at com.kms.katalon.core.main.TestCaseExecutor.doExecute(TestCaseExecutor.java:439)
	at com.kms.katalon.core.main.TestCaseExecutor.processExecutionPhase(TestCaseExecutor.java:418)
	at com.kms.katalon.core.main.TestCaseExecutor.accessMainPhase(TestCaseExecutor.java:410)
	at com.kms.katalon.core.main.TestCaseExecutor.execute(TestCaseExecutor.java:285)
	at com.kms.katalon.core.common.CommonExecutor.accessTestCaseMainPhase(CommonExecutor.java:65)
	at com.kms.katalon.core.main.TestSuiteExecutor.accessTestSuiteMainPhase(TestSuiteExecutor.java:150)
	at com.kms.katalon.core.main.TestSuiteExecutor.execute(TestSuiteExecutor.java:106)
	at com.kms.katalon.core.main.TestCaseMain.startTestSuite(TestCaseMain.java:180)
	at com.kms.katalon.core.main.TestCaseMain$startTestSuite$0.call(Unknown Source)
	at TempTestSuite1761090815312.run(TempTestSuite1761090815312.groovy:35)
	at java.base/jdk.internal.reflect.NativeMethodAccessorImpl.invoke0(Native Method)
	at java.base/jdk.internal.reflect.NativeMethodAccessorImpl.invoke(NativeMethodAccessorImpl.java:77)
	at java.base/jdk.internal.reflect.DelegatingMethodAccessorImpl.invoke(DelegatingMethodAccessorImpl.java:43)
Caused by: org.openqa.selenium.ElementNotInteractableException: element not interactable
  (Session info: chrome=141.0.7390.122)
Build info: version: '3.141.59', revision: 'unknown', time: 'unknown'
System info: host: 'DC1ADOBLD01', ip: '10.2.20.71', os.name: 'Windows Server 2019', os.arch: 'amd64', os.version: '10.0', java.version: '17.0.7'
Driver info: com.kms.katalon.selenium.driver.CChromeDriver
Capabilities {acceptInsecureCerts: false, browserName: chrome, browserVersion: 141.0.7390.122, chrome: {chromedriverVersion: 141.0.7390.122 (b477534e7e1..., userDataDir: C:\Windows\SystemTemp\scope...}, fedcm:accounts: true, goog:chromeOptions: {debuggerAddress: localhost:58086}, javascriptEnabled: true, networkConnectionEnabled: false, pageLoadStrategy: normal, platform: WINDOWS, platformName: WINDOWS, proxy: Proxy(), setWindowRect: true, strictFileInteractability: false, timeouts: {implicit: 0, pageLoad: 300000, script: 30000}, unhandledPromptBehavior: dismiss and notify, webauthn:extension:credBlob: true, webauthn:extension:largeBlob: true, webauthn:extension:minPinLength: true, webauthn:extension:prf: true, webauthn:virtualAuthenticators: true}
Session ID: 6e8953083f0f145c3c8c895a0de30a57
	at java.base/jdk.internal.reflect.NativeConstructorAccessorImpl.newInstance0(Native Method)
	at java.base/jdk.internal.reflect.NativeConstructorAccessorImpl.newInstance(NativeConstructorAccessorImpl.java:77)
	at java.base/jdk.internal.reflect.DelegatingConstructorAccessorImpl.newInstance(DelegatingConstructorAccessorImpl.java:45)
	at org.openqa.selenium.remote.http.W3CHttpResponseCodec.createException(W3CHttpResponseCodec.java:187)
	at org.openqa.selenium.remote.http.W3CHttpResponseCodec.decode(W3CHttpResponseCodec.java:122)
	at org.openqa.selenium.remote.http.W3CHttpResponseCodec.decode(W3CHttpResponseCodec.java:49)
	at org.openqa.selenium.remote.HttpCommandExecutor.execute(HttpCommandExecutor.java:158)
	at org.openqa.selenium.remote.service.DriverCommandExecutor.execute(DriverCommandExecutor.java:83)
	at org.openqa.selenium.remote.RemoteWebDriver.execute(RemoteWebDriver.java:552)
	at com.kms.katalon.selenium.driver.CChromeDriver.execute(CChromeDriver.java:19)
	at org.openqa.selenium.remote.RemoteWebElement.execute(RemoteWebElement.java:285)
	at org.openqa.selenium.remote.RemoteWebElement.click(RemoteWebElement.java:84)
	at jdk.internal.reflect.GeneratedMethodAccessor20.invoke(Unknown Source)
	at java.base/jdk.internal.reflect.DelegatingMethodAccessorImpl.invoke(DelegatingMethodAccessorImpl.java:43)
	at org.openqa.selenium.support.events.EventFiringWebDriver$EventFiringWebElement.lambda$new$0(EventFiringWebDriver.java:404)
	at jdk.proxy2/jdk.proxy2.$Proxy27.click(Unknown Source)
	at org.openqa.selenium.support.events.EventFiringWebDriver$EventFiringWebElement.click(EventFiringWebDriver.java:417)
	at org.openqa.selenium.WebElement$click.call(Unknown Source)
	at com.kms.katalon.core.webui.keyword.builtin.ClickKeyword.clickUntilSuccessWithTimeout(ClickKeyword.groovy:81)
	at com.kms.katalon.core.webui.keyword.builtin.ClickKeyword.clickUntilSuccessWithTimeout(ClickKeyword.groovy)
	at jdk.internal.reflect.GeneratedMethodAccessor18.invoke(Unknown Source)
	at java.base/jdk.internal.reflect.DelegatingMethodAccessorImpl.invoke(DelegatingMethodAccessorImpl.java:43)
	at com.kms.katalon.core.webui.keyword.builtin.ClickKeyword$_click_closure1.doCall(ClickKeyword.groovy:67)
	at com.kms.katalon.core.webui.keyword.builtin.ClickKeyword$_click_closure1.call(ClickKeyword.groovy)
	at com.kms.katalon.core.webui.keyword.internal.WebUIKeywordMain.runKeyword(WebUIKeywordMain.groovy:35)
	... 22 more]]></system-err>
      </testcase>
      <testcase name="Test Cases/FIM/UI/Kenan/Admin/Sites Page/Orders/Remove Site From Split Load Order" time="55.342" classname="Test Cases/FIM/UI/Kenan/Admin/Sites Page/Orders/Remove Site From Split Load Order" status="FAILED">
         <failure type="FAILED" message="Test Cases/FIM/UI/Kenan/Admin/Sites Page/Orders/Remove Site From Split Load Order FAILED.&#xa;Reason:&#xa;com.kms.katalon.core.exception.StepFailedException: Unable to click on object 'Object Repository/FIM/Sites Page/Orders/Create Order/Split_Load_Order_toggle'&#xa;	at com.kms.katalon.core.webui.keyword.internal.WebUIKeywordMain.stepFailed(WebUIKeywordMain.groovy:117)&#xa;	at com.kms.katalon.core.webui.keyword.internal.WebUIKeywordMain.runKeyword(WebUIKeywordMain.groovy:43)&#xa;	at com.kms.katalon.core.webui.keyword.builtin.ClickKeyword.click(ClickKeyword.groovy:74)&#xa;	at com.kms.katalon.core.webui.keyword.builtin.ClickKeyword.execute(ClickKeyword.groovy:40)&#xa;	at com.kms.katalon.core.keyword.internal.KeywordExecutor.executeKeywordForPlatform(KeywordExecutor.groovy:74)&#xa;	at com.kms.katalon.core.webui.keyword.WebUiBuiltInKeywords.click(WebUiBuiltInKeywords.groovy:647)&#xa;	at com.kms.katalon.core.webui.keyword.WebUiBuiltInKeywords$click$10.call(Unknown Source)&#xa;	at Remove Site From Split Load Order.run(Remove Site From Split Load Order:58)&#xa;	at com.kms.katalon.core.main.ScriptEngine.run(ScriptEngine.java:194)&#xa;	at com.kms.katalon.core.main.ScriptEngine.runScriptAsRawText(ScriptEngine.java:119)&#xa;	at com.kms.katalon.core.main.TestCaseExecutor.runScript(TestCaseExecutor.java:448)&#xa;	at com.kms.katalon.core.main.TestCaseExecutor.doExecute(TestCaseExecutor.java:439)&#xa;	at com.kms.katalon.core.main.TestCaseExecutor.processExecutionPhase(TestCaseExecutor.java:418)&#xa;	at com.kms.katalon.core.main.TestCaseExecutor.accessMainPhase(TestCaseExecutor.java:410)&#xa;	at com.kms.katalon.core.main.TestCaseExecutor.execute(TestCaseExecutor.java:285)&#xa;	at com.kms.katalon.core.common.CommonExecutor.accessTestCaseMainPhase(CommonExecutor.java:65)&#xa;	at com.kms.katalon.core.main.TestSuiteExecutor.accessTestSuiteMainPhase(TestSuiteExecutor.java:150)&#xa;	at com.kms.katalon.core.main.TestSuiteExecutor.execute(TestSuiteExecutor.java:106)&#xa;	at com.kms.katalon.core.main.TestCaseMain.startTestSuite(TestCaseMain.java:180)&#xa;	at com.kms.katalon.core.main.TestCaseMain$startTestSuite$0.call(Unknown Source)&#xa;	at TempTestSuite1761090815312.run(TempTestSuite1761090815312.groovy:35)&#xa;	at java.base/jdk.internal.reflect.NativeMethodAccessorImpl.invoke0(Native Method)&#xa;	at java.base/jdk.internal.reflect.NativeMethodAccessorImpl.invoke(NativeMethodAccessorImpl.java:77)&#xa;	at java.base/jdk.internal.reflect.DelegatingMethodAccessorImpl.invoke(DelegatingMethodAccessorImpl.java:43)&#xa;Caused by: org.openqa.selenium.ElementNotInteractableException: element not interactable&#xa;  (Session info: chrome=141.0.7390.122)&#xa;Build info: version: '3.141.59', revision: 'unknown', time: 'unknown'&#xa;System info: host: 'DC1ADOBLD01', ip: '10.2.20.71', os.name: 'Windows Server 2019', os.arch: 'amd64', os.version: '10.0', java.version: '17.0.7'&#xa;Driver info: com.kms.katalon.selenium.driver.CChromeDriver&#xa;Capabilities {acceptInsecureCerts: false, browserName: chrome, browserVersion: 141.0.7390.122, chrome: {chromedriverVersion: 141.0.7390.122 (b477534e7e1..., userDataDir: C:\Windows\SystemTemp\scope...}, fedcm:accounts: true, goog:chromeOptions: {debuggerAddress: localhost:58133}, javascriptEnabled: true, networkConnectionEnabled: false, pageLoadStrategy: normal, platform: WINDOWS, platformName: WINDOWS, proxy: Proxy(), setWindowRect: true, strictFileInteractability: false, timeouts: {implicit: 0, pageLoad: 300000, script: 30000}, unhandledPromptBehavior: dismiss and notify, webauthn:extension:credBlob: true, webauthn:extension:largeBlob: true, webauthn:extension:minPinLength: true, webauthn:extension:prf: true, webauthn:virtualAuthenticators: true}&#xa;Session ID: ca943fd704fdcf465084d4ac5b61caeb&#xa;	at java.base/jdk.internal.reflect.NativeConstructorAccessorImpl.newInstance0(Native Method)&#xa;	at java.base/jdk.internal.reflect.NativeConstructorAccessorImpl.newInstance(NativeConstructorAccessorImpl.java:77)&#xa;	at java.base/jdk.internal.reflect.DelegatingConstructorAccessorImpl.newInstance(DelegatingConstructorAccessorImpl.java:45)&#xa;	at org.openqa.selenium.remote.http.W3CHttpResponseCodec.createException(W3CHttpResponseCodec.java:187)&#xa;	at org.openqa.selenium.remote.http.W3CHttpResponseCodec.decode(W3CHttpResponseCodec.java:122)&#xa;	at org.openqa.selenium.remote.http.W3CHttpResponseCodec.decode(W3CHttpResponseCodec.java:49)&#xa;	at org.openqa.selenium.remote.HttpCommandExecutor.execute(HttpCommandExecutor.java:158)&#xa;	at org.openqa.selenium.remote.service.DriverCommandExecutor.execute(DriverCommandExecutor.java:83)&#xa;	at org.openqa.selenium.remote.RemoteWebDriver.execute(RemoteWebDriver.java:552)&#xa;	at com.kms.katalon.selenium.driver.CChromeDriver.execute(CChromeDriver.java:19)&#xa;	at org.openqa.selenium.remote.RemoteWebElement.execute(RemoteWebElement.java:285)&#xa;	at org.openqa.selenium.remote.RemoteWebElement.click(RemoteWebElement.java:84)&#xa;	at jdk.internal.reflect.GeneratedMethodAccessor20.invoke(Unknown Source)&#xa;	at java.base/jdk.internal.reflect.DelegatingMethodAccessorImpl.invoke(DelegatingMethodAccessorImpl.java:43)&#xa;	at org.openqa.selenium.support.events.EventFiringWebDriver$EventFiringWebElement.lambda$new$0(EventFiringWebDriver.java:404)&#xa;	at jdk.proxy2/jdk.proxy2.$Proxy27.click(Unknown Source)&#xa;	at org.openqa.selenium.support.events.EventFiringWebDriver$EventFiringWebElement.click(EventFiringWebDriver.java:417)&#xa;	at org.openqa.selenium.WebElement$click.call(Unknown Source)&#xa;	at com.kms.katalon.core.webui.keyword.builtin.ClickKeyword.clickUntilSuccessWithTimeout(ClickKeyword.groovy:81)&#xa;	at com.kms.katalon.core.webui.keyword.builtin.ClickKeyword.clickUntilSuccessWithTimeout(ClickKeyword.groovy)&#xa;	at jdk.internal.reflect.GeneratedMethodAccessor18.invoke(Unknown Source)&#xa;	at java.base/jdk.internal.reflect.DelegatingMethodAccessorImpl.invoke(DelegatingMethodAccessorImpl.java:43)&#xa;	at com.kms.katalon.core.webui.keyword.builtin.ClickKeyword$_click_closure1.doCall(ClickKeyword.groovy:67)&#xa;	at com.kms.katalon.core.webui.keyword.builtin.ClickKeyword$_click_closure1.call(ClickKeyword.groovy)&#xa;	at com.kms.katalon.core.webui.keyword.internal.WebUIKeywordMain.runKeyword(WebUIKeywordMain.groovy:35)&#xa;	... 22 more&#xa;"/>
         <system-out><![CDATA[21-10-2025T22:02:27 - [TEST_CASE][FAILED] - Test Cases/FIM/UI/Kenan/Admin/Sites Page/Orders/Remove Site From Split Load Order: Test Cases/FIM/UI/Kenan/Admin/Sites Page/Orders/Remove Site From Split Load Order FAILED.
Reason:
com.kms.katalon.core.exception.StepFailedException: Unable to click on object 'Object Repository/FIM/Sites Page/Orders/Create Order/Split_Load_Order_toggle'
	at com.kms.katalon.core.webui.keyword.internal.WebUIKeywordMain.stepFailed(WebUIKeywordMain.groovy:117)
	at com.kms.katalon.core.webui.keyword.internal.WebUIKeywordMain.runKeyword(WebUIKeywordMain.groovy:43)
	at com.kms.katalon.core.webui.keyword.builtin.ClickKeyword.click(ClickKeyword.groovy:74)
	at com.kms.katalon.core.webui.keyword.builtin.ClickKeyword.execute(ClickKeyword.groovy:40)
	at com.kms.katalon.core.keyword.internal.KeywordExecutor.executeKeywordForPlatform(KeywordExecutor.groovy:74)
	at com.kms.katalon.core.webui.keyword.WebUiBuiltInKeywords.click(WebUiBuiltInKeywords.groovy:647)
	at com.kms.katalon.core.webui.keyword.WebUiBuiltInKeywords$click$10.call(Unknown Source)
	at Remove Site From Split Load Order.run(Remove Site From Split Load Order:58)
	at com.kms.katalon.core.main.ScriptEngine.run(ScriptEngine.java:194)
	at com.kms.katalon.core.main.ScriptEngine.runScriptAsRawText(ScriptEngine.java:119)
	at com.kms.katalon.core.main.TestCaseExecutor.runScript(TestCaseExecutor.java:448)
	at com.kms.katalon.core.main.TestCaseExecutor.doExecute(TestCaseExecutor.java:439)
	at com.kms.katalon.core.main.TestCaseExecutor.processExecutionPhase(TestCaseExecutor.java:418)
	at com.kms.katalon.core.main.TestCaseExecutor.accessMainPhase(TestCaseExecutor.java:410)
	at com.kms.katalon.core.main.TestCaseExecutor.execute(TestCaseExecutor.java:285)
	at com.kms.katalon.core.common.CommonExecutor.accessTestCaseMainPhase(CommonExecutor.java:65)
	at com.kms.katalon.core.main.TestSuiteExecutor.accessTestSuiteMainPhase(TestSuiteExecutor.java:150)
	at com.kms.katalon.core.main.TestSuiteExecutor.execute(TestSuiteExecutor.java:106)
	at com.kms.katalon.core.main.TestCaseMain.startTestSuite(TestCaseMain.java:180)
	at com.kms.katalon.core.main.TestCaseMain$startTestSuite$0.call(Unknown Source)
	at TempTestSuite1761090815312.run(TempTestSuite1761090815312.groovy:35)
	at java.base/jdk.internal.reflect.NativeMethodAccessorImpl.invoke0(Native Method)
	at java.base/jdk.internal.reflect.NativeMethodAccessorImpl.invoke(NativeMethodAccessorImpl.java:77)
	at java.base/jdk.internal.reflect.DelegatingMethodAccessorImpl.invoke(DelegatingMethodAccessorImpl.java:43)
Caused by: org.openqa.selenium.ElementNotInteractableException: element not interactable
  (Session info: chrome=141.0.7390.122)
Build info: version: '3.141.59', revision: 'unknown', time: 'unknown'
System info: host: 'DC1ADOBLD01', ip: '10.2.20.71', os.name: 'Windows Server 2019', os.arch: 'amd64', os.version: '10.0', java.version: '17.0.7'
Driver info: com.kms.katalon.selenium.driver.CChromeDriver
Capabilities {acceptInsecureCerts: false, browserName: chrome, browserVersion: 141.0.7390.122, chrome: {chromedriverVersion: 141.0.7390.122 (b477534e7e1..., userDataDir: C:\Windows\SystemTemp\scope...}, fedcm:accounts: true, goog:chromeOptions: {debuggerAddress: localhost:58133}, javascriptEnabled: true, networkConnectionEnabled: false, pageLoadStrategy: normal, platform: WINDOWS, platformName: WINDOWS, proxy: Proxy(), setWindowRect: true, strictFileInteractability: false, timeouts: {implicit: 0, pageLoad: 300000, script: 30000}, unhandledPromptBehavior: dismiss and notify, webauthn:extension:credBlob: true, webauthn:extension:largeBlob: true, webauthn:extension:minPinLength: true, webauthn:extension:prf: true, webauthn:virtualAuthenticators: true}
Session ID: ca943fd704fdcf465084d4ac5b61caeb
	at java.base/jdk.internal.reflect.NativeConstructorAccessorImpl.newInstance0(Native Method)
	at java.base/jdk.internal.reflect.NativeConstructorAccessorImpl.newInstance(NativeConstructorAccessorImpl.java:77)
	at java.base/jdk.internal.reflect.DelegatingConstructorAccessorImpl.newInstance(DelegatingConstructorAccessorImpl.java:45)
	at org.openqa.selenium.remote.http.W3CHttpResponseCodec.createException(W3CHttpResponseCodec.java:187)
	at org.openqa.selenium.remote.http.W3CHttpResponseCodec.decode(W3CHttpResponseCodec.java:122)
	at org.openqa.selenium.remote.http.W3CHttpResponseCodec.decode(W3CHttpResponseCodec.java:49)
	at org.openqa.selenium.remote.HttpCommandExecutor.execute(HttpCommandExecutor.java:158)
	at org.openqa.selenium.remote.service.DriverCommandExecutor.execute(DriverCommandExecutor.java:83)
	at org.openqa.selenium.remote.RemoteWebDriver.execute(RemoteWebDriver.java:552)
	at com.kms.katalon.selenium.driver.CChromeDriver.execute(CChromeDriver.java:19)
	at org.openqa.selenium.remote.RemoteWebElement.execute(RemoteWebElement.java:285)
	at org.openqa.selenium.remote.RemoteWebElement.click(RemoteWebElement.java:84)
	at jdk.internal.reflect.GeneratedMethodAccessor20.invoke(Unknown Source)
	at java.base/jdk.internal.reflect.DelegatingMethodAccessorImpl.invoke(DelegatingMethodAccessorImpl.java:43)
	at org.openqa.selenium.support.events.EventFiringWebDriver$EventFiringWebElement.lambda$new$0(EventFiringWebDriver.java:404)
	at jdk.proxy2/jdk.proxy2.$Proxy27.click(Unknown Source)
	at org.openqa.selenium.support.events.EventFiringWebDriver$EventFiringWebElement.click(EventFiringWebDriver.java:417)
	at org.openqa.selenium.WebElement$click.call(Unknown Source)
	at com.kms.katalon.core.webui.keyword.builtin.ClickKeyword.clickUntilSuccessWithTimeout(ClickKeyword.groovy:81)
	at com.kms.katalon.core.webui.keyword.builtin.ClickKeyword.clickUntilSuccessWithTimeout(ClickKeyword.groovy)
	at jdk.internal.reflect.GeneratedMethodAccessor18.invoke(Unknown Source)
	at java.base/jdk.internal.reflect.DelegatingMethodAccessorImpl.invoke(DelegatingMethodAccessorImpl.java:43)
	at com.kms.katalon.core.webui.keyword.builtin.ClickKeyword$_click_closure1.doCall(ClickKeyword.groovy:67)
	at com.kms.katalon.core.webui.keyword.builtin.ClickKeyword$_click_closure1.call(ClickKeyword.groovy)
	at com.kms.katalon.core.webui.keyword.internal.WebUIKeywordMain.runKeyword(WebUIKeywordMain.groovy:35)
	... 22 more


21-10-2025T22:02:27 - [TEST_STEP][PASSED] - Start listener action : beforeTestCase: null

21-10-2025T22:02:27 - [TEST_STEP][PASSED] - addDefaultPackages(): null

21-10-2025T22:02:27 - [TEST_STEP][PASSED] - callTestCase(findTestCase("Utility Scripts/FIM KAG Admin Login"), [:], STOP_ON_FAILURE): Call Test Case 'Test Cases/Utility Scripts/FIM KAG Admin Login' successfully

21-10-2025T22:02:27 - [TEST_CASE][PASSED] - Test Cases/Utility Scripts/FIM KAG Admin Login: Test Cases/Utility Scripts/FIM KAG Admin Login

21-10-2025T22:02:27 - [TEST_STEP][PASSED] - openBrowser(""): Browser is opened with url: ''

21-10-2025T22:02:27 - [MESSAGE][WARNING] - A browser is already opened. Closing browser and opening a new one

21-10-2025T22:02:28 - [MESSAGE][INFO] - Starting 'Chrome' driver

21-10-2025T22:02:28 - [MESSAGE][INFO] - User set preference: ['args', '[--no-sandbox, --disable-gpu, --disable-dev-shm-usage]']

21-10-2025T22:02:28 - [MESSAGE][INFO] - Action delay is set to 0 milliseconds

21-10-2025T22:02:28 - [MESSAGE][PASSED] - Browser is opened with url: ''

21-10-2025T22:02:28 - [TEST_STEP][PASSED] - delay(1): Delayed 1 second(s)

21-10-2025T22:02:29 - [MESSAGE][PASSED] - Delayed 1 second(s)

21-10-2025T22:02:29 - [TEST_STEP][PASSED] - navigateToUrl(KenanRegionURL): Navigate to 'https://kag-inventory-management-portal.qa.thekag.com/region/' successfully

21-10-2025T22:02:30 - [MESSAGE][PASSED] - Navigate to 'https://kag-inventory-management-portal.qa.thekag.com/region/' successfully

21-10-2025T22:02:30 - [TEST_STEP][PASSED] - delay(10): Delayed 10 second(s)

21-10-2025T22:02:40 - [MESSAGE][PASSED] - Delayed 10 second(s)

21-10-2025T22:02:40 - [TEST_STEP][PASSED] - if (maximizeWindow == true): Current window maximized

21-10-2025T22:02:40 - [TEST_STEP][PASSED] - maximizeWindow(STOP_ON_FAILURE): Current window maximized

21-10-2025T22:02:40 - [MESSAGE][PASSED] - Current window maximized

21-10-2025T22:02:40 - [TEST_STEP][PASSED] - waitForElementPresent(findTestObject("FIM/Username_txt"), 10): Object 'Object Repository/FIM/Username_txt' is present

21-10-2025T22:02:40 - [MESSAGE][PASSED] - Object 'Object Repository/FIM/Username_txt' is present

21-10-2025T22:02:40 - [TEST_STEP][PASSED] - setText(findTestObject("FIM/Username_txt"), FIMUsername): Text 'Chris.Sheldon+DES_QA@Thekag.com' is set on object 'Object Repository/FIM/Username_txt'

21-10-2025T22:02:40 - [MESSAGE][PASSED] - Text 'Chris.Sheldon+DES_QA@Thekag.com' is set on object 'Object Repository/FIM/Username_txt'

21-10-2025T22:02:40 - [TEST_STEP][PASSED] - delay(1): Delayed 1 second(s)

21-10-2025T22:02:41 - [MESSAGE][PASSED] - Delayed 1 second(s)

21-10-2025T22:02:41 - [TEST_STEP][PASSED] - setText(findTestObject("FIM/Password_txt"), FIMPassword): Text 'QATest!2' is set on object 'Object Repository/FIM/Password_txt'

21-10-2025T22:02:41 - [MESSAGE][PASSED] - Text 'QATest!2' is set on object 'Object Repository/FIM/Password_txt'

21-10-2025T22:02:41 - [TEST_STEP][PASSED] - delay(1): Delayed 1 second(s)

21-10-2025T22:02:42 - [MESSAGE][PASSED] - Delayed 1 second(s)

21-10-2025T22:02:42 - [TEST_STEP][PASSED] - click(findTestObject("FIM/Login_btn")): Object: 'Object Repository/FIM/Login_btn' is clicked on

21-10-2025T22:02:43 - [MESSAGE][PASSED] - Object: 'Object Repository/FIM/Login_btn' is clicked on

21-10-2025T22:02:43 - [MESSAGE][PASSED] - Call Test Case 'Test Cases/Utility Scripts/FIM KAG Admin Login' successfully

21-10-2025T22:02:43 - [TEST_STEP][PASSED] - if (verifyElementVisible(findTestObject("FIM/Server_Notification_Close_btn"), OPTIONAL) == true): Web element with id: 'Object Repository/FIM/Server_Notification_Close_btn' located by '/html/body/div/div[1]/button' not found (Root cause: com.kms.katalon.core.exception.StepFailedException: Web element with id: 'Object Repository/FIM/Server_Notification_Close_btn' located by '/html/body/div/div[1]/button' not found
	at com.kms.katalon.core.webui.keyword.internal.WebUIKeywordMain.stepFailed(WebUIKeywordMain.groovy:117)
	at com.kms.katalon.core.webui.keyword.builtin.VerifyElementVisibleKeyword$_verifyElementVisible_closure1.doCall(VerifyElementVisibleKeyword.groovy:89)
	at com.kms.katalon.core.webui.keyword.builtin.VerifyElementVisibleKeyword$_verifyElementVisible_closure1.call(VerifyElementVisibleKeyword.groovy)
	at com.kms.katalon.core.webui.keyword.internal.WebUIKeywordMain.runKeyword(WebUIKeywordMain.groovy:35)
	at com.kms.katalon.core.webui.keyword.builtin.VerifyElementVisibleKeyword.verifyElementVisible(VerifyElementVisibleKeyword.groovy:97)
	at com.kms.katalon.core.webui.keyword.builtin.VerifyElementVisibleKeyword.execute(VerifyElementVisibleKeyword.groovy:67)
	at com.kms.katalon.core.keyword.internal.KeywordExecutor.executeKeywordForPlatform(KeywordExecutor.groovy:74)
	at com.kms.katalon.core.webui.keyword.WebUiBuiltInKeywords.verifyElementVisible(WebUiBuiltInKeywords.groovy:401)
	at com.kms.katalon.core.webui.keyword.WebUiBuiltInKeywords$verifyElementVisible$5.call(Unknown Source)
	at Remove Site From Split Load Order.run(Remove Site From Split Load Order:22)
	at com.kms.katalon.core.main.ScriptEngine.run(ScriptEngine.java:194)
	at com.kms.katalon.core.main.ScriptEngine.runScriptAsRawText(ScriptEngine.java:119)
	at com.kms.katalon.core.main.TestCaseExecutor.runScript(TestCaseExecutor.java:448)
	at com.kms.katalon.core.main.TestCaseExecutor.doExecute(TestCaseExecutor.java:439)
	at com.kms.katalon.core.main.TestCaseExecutor.processExecutionPhase(TestCaseExecutor.java:418)
	at com.kms.katalon.core.main.TestCaseExecutor.accessMainPhase(TestCaseExecutor.java:410)
	at com.kms.katalon.core.main.TestCaseExecutor.execute(TestCaseExecutor.java:285)
	at com.kms.katalon.core.common.CommonExecutor.accessTestCaseMainPhase(CommonExecutor.java:65)
	at com.kms.katalon.core.main.TestSuiteExecutor.accessTestSuiteMainPhase(TestSuiteExecutor.java:150)
	at com.kms.katalon.core.main.TestSuiteExecutor.execute(TestSuiteExecutor.java:106)
	at com.kms.katalon.core.main.TestCaseMain.startTestSuite(TestCaseMain.java:180)
	at com.kms.katalon.core.main.TestCaseMain$startTestSuite$0.call(Unknown Source)
	at TempTestSuite1761090815312.run(TempTestSuite1761090815312.groovy:35)
	at java.base/jdk.internal.reflect.NativeMethodAccessorImpl.invoke0(Native Method)
	at java.base/jdk.internal.reflect.NativeMethodAccessorImpl.invoke(NativeMethodAccessorImpl.java:77)
	at java.base/jdk.internal.reflect.DelegatingMethodAccessorImpl.invoke(DelegatingMethodAccessorImpl.java:43)
)

21-10-2025T22:02:59 - [MESSAGE][INFO] - Unable to find the element located by 'By.xpath: /html/body/div/div[1]/button'. Please recheck the objects properties to make sure the desired element is located. 

21-10-2025T22:02:59 - [MESSAGE][WARNING] - [SELF-HEALING] Failed to find element with id 'Object Repository/FIM/Server_Notification_Close_btn'. Try using Self-healing.

21-10-2025T22:03:00 - [MESSAGE][INFO] - [SELF-HEALING] No working XPath is found.

21-10-2025T22:03:02 - [MESSAGE][INFO] - Unable to find the element located by 'By.xpath: '. Please recheck the objects properties to make sure the desired element is located. 

21-10-2025T22:03:02 - [MESSAGE][WARNING] - [SELF-HEALING] Cannot find elements when the selector is null

21-10-2025T22:03:02 - [MESSAGE][WARNING] - Web element with id: 'Object Repository/FIM/Server_Notification_Close_btn' located by '/html/body/div/div[1]/button' not found (Root cause: com.kms.katalon.core.exception.StepFailedException: Web element with id: 'Object Repository/FIM/Server_Notification_Close_btn' located by '/html/body/div/div[1]/button' not found
	at com.kms.katalon.core.webui.keyword.internal.WebUIKeywordMain.stepFailed(WebUIKeywordMain.groovy:117)
	at com.kms.katalon.core.webui.keyword.builtin.VerifyElementVisibleKeyword$_verifyElementVisible_closure1.doCall(VerifyElementVisibleKeyword.groovy:89)
	at com.kms.katalon.core.webui.keyword.builtin.VerifyElementVisibleKeyword$_verifyElementVisible_closure1.call(VerifyElementVisibleKeyword.groovy)
	at com.kms.katalon.core.webui.keyword.internal.WebUIKeywordMain.runKeyword(WebUIKeywordMain.groovy:35)
	at com.kms.katalon.core.webui.keyword.builtin.VerifyElementVisibleKeyword.verifyElementVisible(VerifyElementVisibleKeyword.groovy:97)
	at com.kms.katalon.core.webui.keyword.builtin.VerifyElementVisibleKeyword.execute(VerifyElementVisibleKeyword.groovy:67)
	at com.kms.katalon.core.keyword.internal.KeywordExecutor.executeKeywordForPlatform(KeywordExecutor.groovy:74)
	at com.kms.katalon.core.webui.keyword.WebUiBuiltInKeywords.verifyElementVisible(WebUiBuiltInKeywords.groovy:401)
	at com.kms.katalon.core.webui.keyword.WebUiBuiltInKeywords$verifyElementVisible$5.call(Unknown Source)
	at Remove Site From Split Load Order.run(Remove Site From Split Load Order:22)
	at com.kms.katalon.core.main.ScriptEngine.run(ScriptEngine.java:194)
	at com.kms.katalon.core.main.ScriptEngine.runScriptAsRawText(ScriptEngine.java:119)
	at com.kms.katalon.core.main.TestCaseExecutor.runScript(TestCaseExecutor.java:448)
	at com.kms.katalon.core.main.TestCaseExecutor.doExecute(TestCaseExecutor.java:439)
	at com.kms.katalon.core.main.TestCaseExecutor.processExecutionPhase(TestCaseExecutor.java:418)
	at com.kms.katalon.core.main.TestCaseExecutor.accessMainPhase(TestCaseExecutor.java:410)
	at com.kms.katalon.core.main.TestCaseExecutor.execute(TestCaseExecutor.java:285)
	at com.kms.katalon.core.common.CommonExecutor.accessTestCaseMainPhase(CommonExecutor.java:65)
	at com.kms.katalon.core.main.TestSuiteExecutor.accessTestSuiteMainPhase(TestSuiteExecutor.java:150)
	at com.kms.katalon.core.main.TestSuiteExecutor.execute(TestSuiteExecutor.java:106)
	at com.kms.katalon.core.main.TestCaseMain.startTestSuite(TestCaseMain.java:180)
	at com.kms.katalon.core.main.TestCaseMain$startTestSuite$0.call(Unknown Source)
	at TempTestSuite1761090815312.run(TempTestSuite1761090815312.groovy:35)
	at java.base/jdk.internal.reflect.NativeMethodAccessorImpl.invoke0(Native Method)
	at java.base/jdk.internal.reflect.NativeMethodAccessorImpl.invoke(NativeMethodAccessorImpl.java:77)
	at java.base/jdk.internal.reflect.DelegatingMethodAccessorImpl.invoke(DelegatingMethodAccessorImpl.java:43)
)

21-10-2025T22:03:02 - [TEST_STEP][PASSED] - delay(1): Delayed 1 second(s)

21-10-2025T22:03:03 - [MESSAGE][PASSED] - Delayed 1 second(s)

21-10-2025T22:03:03 - [TEST_STEP][PASSED] - click(findTestObject("FIM/Hamburger Menu List/Hamburger_menu")): Object: 'Object Repository/FIM/Hamburger Menu List/Hamburger_menu' is clicked on

21-10-2025T22:03:03 - [MESSAGE][PASSED] - Object: 'Object Repository/FIM/Hamburger Menu List/Hamburger_menu' is clicked on

21-10-2025T22:03:03 - [TEST_STEP][PASSED] - verifyElementPresent(findTestObject("FIM/Hamburger Menu List/KAG_Sites_option"), 10): Object 'Object Repository/FIM/Hamburger Menu List/KAG_Sites_option' is present

21-10-2025T22:03:03 - [MESSAGE][PASSED] - Object 'Object Repository/FIM/Hamburger Menu List/KAG_Sites_option' is present

21-10-2025T22:03:03 - [TEST_STEP][PASSED] - delay(1): Delayed 1 second(s)

21-10-2025T22:03:04 - [MESSAGE][PASSED] - Delayed 1 second(s)

21-10-2025T22:03:04 - [TEST_STEP][PASSED] - click(findTestObject("FIM/Hamburger Menu List/KAG_Sites_option")): Object: 'Object Repository/FIM/Hamburger Menu List/KAG_Sites_option' is clicked on

21-10-2025T22:03:04 - [MESSAGE][PASSED] - Object: 'Object Repository/FIM/Hamburger Menu List/KAG_Sites_option' is clicked on

21-10-2025T22:03:04 - [TEST_STEP][PASSED] - waitForElementPresent(findTestObject("FIM/Sites Page/Calculator/Calculator Tab"), 10): Object 'Object Repository/FIM/Sites Page/Calculator/Calculator Tab' is present

21-10-2025T22:03:14 - [MESSAGE][PASSED] - Object 'Object Repository/FIM/Sites Page/Calculator/Calculator Tab' is present

21-10-2025T22:03:14 - [TEST_STEP][PASSED] - while (i < 60 == true): null

21-10-2025T22:03:14 - [TEST_STEP][PASSED] - sendKeys(findTestObject("FIM/Sites Page/Site Filtering/Site_txt"), Keys.chord(BACK_SPACE), STOP_ON_FAILURE): Keys 'BACK_SPACE + ' sent to object: 'Object Repository/FIM/Sites Page/Site Filtering/Site_txt'

21-10-2025T22:03:15 - [MESSAGE][PASSED] - Keys 'BACK_SPACE + ' sent to object: 'Object Repository/FIM/Sites Page/Site Filtering/Site_txt'

21-10-2025T22:03:15 - [TEST_STEP][PASSED] - (i++): null

21-10-2025T22:03:15 - [TEST_STEP][PASSED] - sendKeys(findTestObject("FIM/Sites Page/Site Filtering/Site_txt"), Keys.chord(BACK_SPACE), STOP_ON_FAILURE): Keys 'BACK_SPACE + ' sent to object: 'Object Repository/FIM/Sites Page/Site Filtering/Site_txt'

21-10-2025T22:03:15 - [MESSAGE][PASSED] - Keys 'BACK_SPACE + ' sent to object: 'Object Repository/FIM/Sites Page/Site Filtering/Site_txt'

21-10-2025T22:03:15 - [TEST_STEP][PASSED] - (i++): null

21-10-2025T22:03:15 - [TEST_STEP][PASSED] - sendKeys(findTestObject("FIM/Sites Page/Site Filtering/Site_txt"), Keys.chord(BACK_SPACE), STOP_ON_FAILURE): Keys 'BACK_SPACE + ' sent to object: 'Object Repository/FIM/Sites Page/Site Filtering/Site_txt'

21-10-2025T22:03:15 - [MESSAGE][PASSED] - Keys 'BACK_SPACE + ' sent to object: 'Object Repository/FIM/Sites Page/Site Filtering/Site_txt'

21-10-2025T22:03:15 - [TEST_STEP][PASSED] - (i++): null

21-10-2025T22:03:15 - [TEST_STEP][PASSED] - sendKeys(findTestObject("FIM/Sites Page/Site Filtering/Site_txt"), Keys.chord(BACK_SPACE), STOP_ON_FAILURE): Keys 'BACK_SPACE + ' sent to object: 'Object Repository/FIM/Sites Page/Site Filtering/Site_txt'

21-10-2025T22:03:15 - [MESSAGE][PASSED] - Keys 'BACK_SPACE + ' sent to object: 'Object Repository/FIM/Sites Page/Site Filtering/Site_txt'

21-10-2025T22:03:15 - [TEST_STEP][PASSED] - (i++): null

21-10-2025T22:03:15 - [TEST_STEP][PASSED] - sendKeys(findTestObject("FIM/Sites Page/Site Filtering/Site_txt"), Keys.chord(BACK_SPACE), STOP_ON_FAILURE): Keys 'BACK_SPACE + ' sent to object: 'Object Repository/FIM/Sites Page/Site Filtering/Site_txt'

21-10-2025T22:03:15 - [MESSAGE][PASSED] - Keys 'BACK_SPACE + ' sent to object: 'Object Repository/FIM/Sites Page/Site Filtering/Site_txt'

21-10-2025T22:03:15 - [TEST_STEP][PASSED] - (i++): null

21-10-2025T22:03:15 - [TEST_STEP][PASSED] - sendKeys(findTestObject("FIM/Sites Page/Site Filtering/Site_txt"), Keys.chord(BACK_SPACE), STOP_ON_FAILURE): Keys 'BACK_SPACE + ' sent to object: 'Object Repository/FIM/Sites Page/Site Filtering/Site_txt'

21-10-2025T22:03:15 - [MESSAGE][PASSED] - Keys 'BACK_SPACE + ' sent to object: 'Object Repository/FIM/Sites Page/Site Filtering/Site_txt'

21-10-2025T22:03:15 - [TEST_STEP][PASSED] - (i++): null

21-10-2025T22:03:15 - [TEST_STEP][PASSED] - sendKeys(findTestObject("FIM/Sites Page/Site Filtering/Site_txt"), Keys.chord(BACK_SPACE), STOP_ON_FAILURE): Keys 'BACK_SPACE + ' sent to object: 'Object Repository/FIM/Sites Page/Site Filtering/Site_txt'

21-10-2025T22:03:15 - [MESSAGE][PASSED] - Keys 'BACK_SPACE + ' sent to object: 'Object Repository/FIM/Sites Page/Site Filtering/Site_txt'

21-10-2025T22:03:15 - [TEST_STEP][PASSED] - (i++): null

21-10-2025T22:03:15 - [TEST_STEP][PASSED] - sendKeys(findTestObject("FIM/Sites Page/Site Filtering/Site_txt"), Keys.chord(BACK_SPACE), STOP_ON_FAILURE): Keys 'BACK_SPACE + ' sent to object: 'Object Repository/FIM/Sites Page/Site Filtering/Site_txt'

21-10-2025T22:03:16 - [MESSAGE][PASSED] - Keys 'BACK_SPACE + ' sent to object: 'Object Repository/FIM/Sites Page/Site Filtering/Site_txt'

21-10-2025T22:03:16 - [TEST_STEP][PASSED] - (i++): null

21-10-2025T22:03:16 - [TEST_STEP][PASSED] - sendKeys(findTestObject("FIM/Sites Page/Site Filtering/Site_txt"), Keys.chord(BACK_SPACE), STOP_ON_FAILURE): Keys 'BACK_SPACE + ' sent to object: 'Object Repository/FIM/Sites Page/Site Filtering/Site_txt'

21-10-2025T22:03:16 - [MESSAGE][PASSED] - Keys 'BACK_SPACE + ' sent to object: 'Object Repository/FIM/Sites Page/Site Filtering/Site_txt'

21-10-2025T22:03:16 - [TEST_STEP][PASSED] - (i++): null

21-10-2025T22:03:16 - [TEST_STEP][PASSED] - sendKeys(findTestObject("FIM/Sites Page/Site Filtering/Site_txt"), Keys.chord(BACK_SPACE), STOP_ON_FAILURE): Keys 'BACK_SPACE + ' sent to object: 'Object Repository/FIM/Sites Page/Site Filtering/Site_txt'

21-10-2025T22:03:16 - [MESSAGE][PASSED] - Keys 'BACK_SPACE + ' sent to object: 'Object Repository/FIM/Sites Page/Site Filtering/Site_txt'

21-10-2025T22:03:16 - [TEST_STEP][PASSED] - (i++): null

21-10-2025T22:03:16 - [TEST_STEP][PASSED] - sendKeys(findTestObject("FIM/Sites Page/Site Filtering/Site_txt"), Keys.chord(BACK_SPACE), STOP_ON_FAILURE): Keys 'BACK_SPACE + ' sent to object: 'Object Repository/FIM/Sites Page/Site Filtering/Site_txt'

21-10-2025T22:03:16 - [MESSAGE][PASSED] - Keys 'BACK_SPACE + ' sent to object: 'Object Repository/FIM/Sites Page/Site Filtering/Site_txt'

21-10-2025T22:03:16 - [TEST_STEP][PASSED] - (i++): null

21-10-2025T22:03:16 - [TEST_STEP][PASSED] - sendKeys(findTestObject("FIM/Sites Page/Site Filtering/Site_txt"), Keys.chord(BACK_SPACE), STOP_ON_FAILURE): Keys 'BACK_SPACE + ' sent to object: 'Object Repository/FIM/Sites Page/Site Filtering/Site_txt'

21-10-2025T22:03:16 - [MESSAGE][PASSED] - Keys 'BACK_SPACE + ' sent to object: 'Object Repository/FIM/Sites Page/Site Filtering/Site_txt'

21-10-2025T22:03:16 - [TEST_STEP][PASSED] - (i++): null

21-10-2025T22:03:16 - [TEST_STEP][PASSED] - sendKeys(findTestObject("FIM/Sites Page/Site Filtering/Site_txt"), Keys.chord(BACK_SPACE), STOP_ON_FAILURE): Keys 'BACK_SPACE + ' sent to object: 'Object Repository/FIM/Sites Page/Site Filtering/Site_txt'

21-10-2025T22:03:16 - [MESSAGE][PASSED] - Keys 'BACK_SPACE + ' sent to object: 'Object Repository/FIM/Sites Page/Site Filtering/Site_txt'

21-10-2025T22:03:16 - [TEST_STEP][PASSED] - (i++): null

21-10-2025T22:03:16 - [TEST_STEP][PASSED] - sendKeys(findTestObject("FIM/Sites Page/Site Filtering/Site_txt"), Keys.chord(BACK_SPACE), STOP_ON_FAILURE): Keys 'BACK_SPACE + ' sent to object: 'Object Repository/FIM/Sites Page/Site Filtering/Site_txt'

21-10-2025T22:03:16 - [MESSAGE][PASSED] - Keys 'BACK_SPACE + ' sent to object: 'Object Repository/FIM/Sites Page/Site Filtering/Site_txt'

21-10-2025T22:03:16 - [TEST_STEP][PASSED] - (i++): null

21-10-2025T22:03:16 - [TEST_STEP][PASSED] - sendKeys(findTestObject("FIM/Sites Page/Site Filtering/Site_txt"), Keys.chord(BACK_SPACE), STOP_ON_FAILURE): Keys 'BACK_SPACE + ' sent to object: 'Object Repository/FIM/Sites Page/Site Filtering/Site_txt'

21-10-2025T22:03:16 - [MESSAGE][PASSED] - Keys 'BACK_SPACE + ' sent to object: 'Object Repository/FIM/Sites Page/Site Filtering/Site_txt'

21-10-2025T22:03:16 - [TEST_STEP][PASSED] - (i++): null

21-10-2025T22:03:16 - [TEST_STEP][PASSED] - sendKeys(findTestObject("FIM/Sites Page/Site Filtering/Site_txt"), Keys.chord(BACK_SPACE), STOP_ON_FAILURE): Keys 'BACK_SPACE + ' sent to object: 'Object Repository/FIM/Sites Page/Site Filtering/Site_txt'

21-10-2025T22:03:16 - [MESSAGE][PASSED] - Keys 'BACK_SPACE + ' sent to object: 'Object Repository/FIM/Sites Page/Site Filtering/Site_txt'

21-10-2025T22:03:16 - [TEST_STEP][PASSED] - (i++): null

21-10-2025T22:03:16 - [TEST_STEP][PASSED] - sendKeys(findTestObject("FIM/Sites Page/Site Filtering/Site_txt"), Keys.chord(BACK_SPACE), STOP_ON_FAILURE): Keys 'BACK_SPACE + ' sent to object: 'Object Repository/FIM/Sites Page/Site Filtering/Site_txt'

21-10-2025T22:03:16 - [MESSAGE][PASSED] - Keys 'BACK_SPACE + ' sent to object: 'Object Repository/FIM/Sites Page/Site Filtering/Site_txt'

21-10-2025T22:03:16 - [TEST_STEP][PASSED] - (i++): null

21-10-2025T22:03:16 - [TEST_STEP][PASSED] - sendKeys(findTestObject("FIM/Sites Page/Site Filtering/Site_txt"), Keys.chord(BACK_SPACE), STOP_ON_FAILURE): Keys 'BACK_SPACE + ' sent to object: 'Object Repository/FIM/Sites Page/Site Filtering/Site_txt'

21-10-2025T22:03:16 - [MESSAGE][PASSED] - Keys 'BACK_SPACE + ' sent to object: 'Object Repository/FIM/Sites Page/Site Filtering/Site_txt'

21-10-2025T22:03:16 - [TEST_STEP][PASSED] - (i++): null

21-10-2025T22:03:16 - [TEST_STEP][PASSED] - sendKeys(findTestObject("FIM/Sites Page/Site Filtering/Site_txt"), Keys.chord(BACK_SPACE), STOP_ON_FAILURE): Keys 'BACK_SPACE + ' sent to object: 'Object Repository/FIM/Sites Page/Site Filtering/Site_txt'

21-10-2025T22:03:16 - [MESSAGE][PASSED] - Keys 'BACK_SPACE + ' sent to object: 'Object Repository/FIM/Sites Page/Site Filtering/Site_txt'

21-10-2025T22:03:16 - [TEST_STEP][PASSED] - (i++): null

21-10-2025T22:03:16 - [TEST_STEP][PASSED] - sendKeys(findTestObject("FIM/Sites Page/Site Filtering/Site_txt"), Keys.chord(BACK_SPACE), STOP_ON_FAILURE): Keys 'BACK_SPACE + ' sent to object: 'Object Repository/FIM/Sites Page/Site Filtering/Site_txt'

21-10-2025T22:03:16 - [MESSAGE][PASSED] - Keys 'BACK_SPACE + ' sent to object: 'Object Repository/FIM/Sites Page/Site Filtering/Site_txt'

21-10-2025T22:03:16 - [TEST_STEP][PASSED] - (i++): null

21-10-2025T22:03:16 - [TEST_STEP][PASSED] - sendKeys(findTestObject("FIM/Sites Page/Site Filtering/Site_txt"), Keys.chord(BACK_SPACE), STOP_ON_FAILURE): Keys 'BACK_SPACE + ' sent to object: 'Object Repository/FIM/Sites Page/Site Filtering/Site_txt'

21-10-2025T22:03:16 - [MESSAGE][PASSED] - Keys 'BACK_SPACE + ' sent to object: 'Object Repository/FIM/Sites Page/Site Filtering/Site_txt'

21-10-2025T22:03:16 - [TEST_STEP][PASSED] - (i++): null

21-10-2025T22:03:16 - [TEST_STEP][PASSED] - sendKeys(findTestObject("FIM/Sites Page/Site Filtering/Site_txt"), Keys.chord(BACK_SPACE), STOP_ON_FAILURE): Keys 'BACK_SPACE + ' sent to object: 'Object Repository/FIM/Sites Page/Site Filtering/Site_txt'

21-10-2025T22:03:16 - [MESSAGE][PASSED] - Keys 'BACK_SPACE + ' sent to object: 'Object Repository/FIM/Sites Page/Site Filtering/Site_txt'

21-10-2025T22:03:16 - [TEST_STEP][PASSED] - (i++): null

21-10-2025T22:03:16 - [TEST_STEP][PASSED] - sendKeys(findTestObject("FIM/Sites Page/Site Filtering/Site_txt"), Keys.chord(BACK_SPACE), STOP_ON_FAILURE): Keys 'BACK_SPACE + ' sent to object: 'Object Repository/FIM/Sites Page/Site Filtering/Site_txt'

21-10-2025T22:03:17 - [MESSAGE][PASSED] - Keys 'BACK_SPACE + ' sent to object: 'Object Repository/FIM/Sites Page/Site Filtering/Site_txt'

21-10-2025T22:03:17 - [TEST_STEP][PASSED] - (i++): null

21-10-2025T22:03:17 - [TEST_STEP][PASSED] - sendKeys(findTestObject("FIM/Sites Page/Site Filtering/Site_txt"), Keys.chord(BACK_SPACE), STOP_ON_FAILURE): Keys 'BACK_SPACE + ' sent to object: 'Object Repository/FIM/Sites Page/Site Filtering/Site_txt'

21-10-2025T22:03:17 - [MESSAGE][PASSED] - Keys 'BACK_SPACE + ' sent to object: 'Object Repository/FIM/Sites Page/Site Filtering/Site_txt'

21-10-2025T22:03:17 - [TEST_STEP][PASSED] - (i++): null

21-10-2025T22:03:17 - [TEST_STEP][PASSED] - sendKeys(findTestObject("FIM/Sites Page/Site Filtering/Site_txt"), Keys.chord(BACK_SPACE), STOP_ON_FAILURE): Keys 'BACK_SPACE + ' sent to object: 'Object Repository/FIM/Sites Page/Site Filtering/Site_txt'

21-10-2025T22:03:17 - [MESSAGE][PASSED] - Keys 'BACK_SPACE + ' sent to object: 'Object Repository/FIM/Sites Page/Site Filtering/Site_txt'

21-10-2025T22:03:17 - [TEST_STEP][PASSED] - (i++): null

21-10-2025T22:03:17 - [TEST_STEP][PASSED] - sendKeys(findTestObject("FIM/Sites Page/Site Filtering/Site_txt"), Keys.chord(BACK_SPACE), STOP_ON_FAILURE): Keys 'BACK_SPACE + ' sent to object: 'Object Repository/FIM/Sites Page/Site Filtering/Site_txt'

21-10-2025T22:03:17 - [MESSAGE][PASSED] - Keys 'BACK_SPACE + ' sent to object: 'Object Repository/FIM/Sites Page/Site Filtering/Site_txt'

21-10-2025T22:03:17 - [TEST_STEP][PASSED] - (i++): null

21-10-2025T22:03:17 - [TEST_STEP][PASSED] - sendKeys(findTestObject("FIM/Sites Page/Site Filtering/Site_txt"), Keys.chord(BACK_SPACE), STOP_ON_FAILURE): Keys 'BACK_SPACE + ' sent to object: 'Object Repository/FIM/Sites Page/Site Filtering/Site_txt'

21-10-2025T22:03:17 - [MESSAGE][PASSED] - Keys 'BACK_SPACE + ' sent to object: 'Object Repository/FIM/Sites Page/Site Filtering/Site_txt'

21-10-2025T22:03:17 - [TEST_STEP][PASSED] - (i++): null

21-10-2025T22:03:17 - [TEST_STEP][PASSED] - sendKeys(findTestObject("FIM/Sites Page/Site Filtering/Site_txt"), Keys.chord(BACK_SPACE), STOP_ON_FAILURE): Keys 'BACK_SPACE + ' sent to object: 'Object Repository/FIM/Sites Page/Site Filtering/Site_txt'

21-10-2025T22:03:17 - [MESSAGE][PASSED] - Keys 'BACK_SPACE + ' sent to object: 'Object Repository/FIM/Sites Page/Site Filtering/Site_txt'

21-10-2025T22:03:17 - [TEST_STEP][PASSED] - (i++): null

21-10-2025T22:03:17 - [TEST_STEP][PASSED] - sendKeys(findTestObject("FIM/Sites Page/Site Filtering/Site_txt"), Keys.chord(BACK_SPACE), STOP_ON_FAILURE): Keys 'BACK_SPACE + ' sent to object: 'Object Repository/FIM/Sites Page/Site Filtering/Site_txt'

21-10-2025T22:03:17 - [MESSAGE][PASSED] - Keys 'BACK_SPACE + ' sent to object: 'Object Repository/FIM/Sites Page/Site Filtering/Site_txt'

21-10-2025T22:03:17 - [TEST_STEP][PASSED] - (i++): null

21-10-2025T22:03:17 - [TEST_STEP][PASSED] - sendKeys(findTestObject("FIM/Sites Page/Site Filtering/Site_txt"), Keys.chord(BACK_SPACE), STOP_ON_FAILURE): Keys 'BACK_SPACE + ' sent to object: 'Object Repository/FIM/Sites Page/Site Filtering/Site_txt'

21-10-2025T22:03:17 - [MESSAGE][PASSED] - Keys 'BACK_SPACE + ' sent to object: 'Object Repository/FIM/Sites Page/Site Filtering/Site_txt'

21-10-2025T22:03:17 - [TEST_STEP][PASSED] - (i++): null

21-10-2025T22:03:17 - [TEST_STEP][PASSED] - sendKeys(findTestObject("FIM/Sites Page/Site Filtering/Site_txt"), Keys.chord(BACK_SPACE), STOP_ON_FAILURE): Keys 'BACK_SPACE + ' sent to object: 'Object Repository/FIM/Sites Page/Site Filtering/Site_txt'

21-10-2025T22:03:17 - [MESSAGE][PASSED] - Keys 'BACK_SPACE + ' sent to object: 'Object Repository/FIM/Sites Page/Site Filtering/Site_txt'

21-10-2025T22:03:17 - [TEST_STEP][PASSED] - (i++): null

21-10-2025T22:03:17 - [TEST_STEP][PASSED] - sendKeys(findTestObject("FIM/Sites Page/Site Filtering/Site_txt"), Keys.chord(BACK_SPACE), STOP_ON_FAILURE): Keys 'BACK_SPACE + ' sent to object: 'Object Repository/FIM/Sites Page/Site Filtering/Site_txt'

21-10-2025T22:03:17 - [MESSAGE][PASSED] - Keys 'BACK_SPACE + ' sent to object: 'Object Repository/FIM/Sites Page/Site Filtering/Site_txt'

21-10-2025T22:03:17 - [TEST_STEP][PASSED] - (i++): null

21-10-2025T22:03:17 - [TEST_STEP][PASSED] - sendKeys(findTestObject("FIM/Sites Page/Site Filtering/Site_txt"), Keys.chord(BACK_SPACE), STOP_ON_FAILURE): Keys 'BACK_SPACE + ' sent to object: 'Object Repository/FIM/Sites Page/Site Filtering/Site_txt'

21-10-2025T22:03:17 - [MESSAGE][PASSED] - Keys 'BACK_SPACE + ' sent to object: 'Object Repository/FIM/Sites Page/Site Filtering/Site_txt'

21-10-2025T22:03:17 - [TEST_STEP][PASSED] - (i++): null

21-10-2025T22:03:17 - [TEST_STEP][PASSED] - sendKeys(findTestObject("FIM/Sites Page/Site Filtering/Site_txt"), Keys.chord(BACK_SPACE), STOP_ON_FAILURE): Keys 'BACK_SPACE + ' sent to object: 'Object Repository/FIM/Sites Page/Site Filtering/Site_txt'

21-10-2025T22:03:17 - [MESSAGE][PASSED] - Keys 'BACK_SPACE + ' sent to object: 'Object Repository/FIM/Sites Page/Site Filtering/Site_txt'

21-10-2025T22:03:17 - [TEST_STEP][PASSED] - (i++): null

21-10-2025T22:03:17 - [TEST_STEP][PASSED] - sendKeys(findTestObject("FIM/Sites Page/Site Filtering/Site_txt"), Keys.chord(BACK_SPACE), STOP_ON_FAILURE): Keys 'BACK_SPACE + ' sent to object: 'Object Repository/FIM/Sites Page/Site Filtering/Site_txt'

21-10-2025T22:03:17 - [MESSAGE][PASSED] - Keys 'BACK_SPACE + ' sent to object: 'Object Repository/FIM/Sites Page/Site Filtering/Site_txt'

21-10-2025T22:03:17 - [TEST_STEP][PASSED] - (i++): null

21-10-2025T22:03:17 - [TEST_STEP][PASSED] - sendKeys(findTestObject("FIM/Sites Page/Site Filtering/Site_txt"), Keys.chord(BACK_SPACE), STOP_ON_FAILURE): Keys 'BACK_SPACE + ' sent to object: 'Object Repository/FIM/Sites Page/Site Filtering/Site_txt'

21-10-2025T22:03:17 - [MESSAGE][PASSED] - Keys 'BACK_SPACE + ' sent to object: 'Object Repository/FIM/Sites Page/Site Filtering/Site_txt'

21-10-2025T22:03:17 - [TEST_STEP][PASSED] - (i++): null

21-10-2025T22:03:17 - [TEST_STEP][PASSED] - sendKeys(findTestObject("FIM/Sites Page/Site Filtering/Site_txt"), Keys.chord(BACK_SPACE), STOP_ON_FAILURE): Keys 'BACK_SPACE + ' sent to object: 'Object Repository/FIM/Sites Page/Site Filtering/Site_txt'

21-10-2025T22:03:18 - [MESSAGE][PASSED] - Keys 'BACK_SPACE + ' sent to object: 'Object Repository/FIM/Sites Page/Site Filtering/Site_txt'

21-10-2025T22:03:18 - [TEST_STEP][PASSED] - (i++): null

21-10-2025T22:03:18 - [TEST_STEP][PASSED] - sendKeys(findTestObject("FIM/Sites Page/Site Filtering/Site_txt"), Keys.chord(BACK_SPACE), STOP_ON_FAILURE): Keys 'BACK_SPACE + ' sent to object: 'Object Repository/FIM/Sites Page/Site Filtering/Site_txt'

21-10-2025T22:03:18 - [MESSAGE][PASSED] - Keys 'BACK_SPACE + ' sent to object: 'Object Repository/FIM/Sites Page/Site Filtering/Site_txt'

21-10-2025T22:03:18 - [TEST_STEP][PASSED] - (i++): null

21-10-2025T22:03:18 - [TEST_STEP][PASSED] - sendKeys(findTestObject("FIM/Sites Page/Site Filtering/Site_txt"), Keys.chord(BACK_SPACE), STOP_ON_FAILURE): Keys 'BACK_SPACE + ' sent to object: 'Object Repository/FIM/Sites Page/Site Filtering/Site_txt'

21-10-2025T22:03:18 - [MESSAGE][PASSED] - Keys 'BACK_SPACE + ' sent to object: 'Object Repository/FIM/Sites Page/Site Filtering/Site_txt'

21-10-2025T22:03:18 - [TEST_STEP][PASSED] - (i++): null

21-10-2025T22:03:18 - [TEST_STEP][PASSED] - sendKeys(findTestObject("FIM/Sites Page/Site Filtering/Site_txt"), Keys.chord(BACK_SPACE), STOP_ON_FAILURE): Keys 'BACK_SPACE + ' sent to object: 'Object Repository/FIM/Sites Page/Site Filtering/Site_txt'

21-10-2025T22:03:18 - [MESSAGE][PASSED] - Keys 'BACK_SPACE + ' sent to object: 'Object Repository/FIM/Sites Page/Site Filtering/Site_txt'

21-10-2025T22:03:18 - [TEST_STEP][PASSED] - (i++): null

21-10-2025T22:03:18 - [TEST_STEP][PASSED] - sendKeys(findTestObject("FIM/Sites Page/Site Filtering/Site_txt"), Keys.chord(BACK_SPACE), STOP_ON_FAILURE): Keys 'BACK_SPACE + ' sent to object: 'Object Repository/FIM/Sites Page/Site Filtering/Site_txt'

21-10-2025T22:03:18 - [MESSAGE][PASSED] - Keys 'BACK_SPACE + ' sent to object: 'Object Repository/FIM/Sites Page/Site Filtering/Site_txt'

21-10-2025T22:03:18 - [TEST_STEP][PASSED] - (i++): null

21-10-2025T22:03:18 - [TEST_STEP][PASSED] - sendKeys(findTestObject("FIM/Sites Page/Site Filtering/Site_txt"), Keys.chord(BACK_SPACE), STOP_ON_FAILURE): Keys 'BACK_SPACE + ' sent to object: 'Object Repository/FIM/Sites Page/Site Filtering/Site_txt'

21-10-2025T22:03:18 - [MESSAGE][PASSED] - Keys 'BACK_SPACE + ' sent to object: 'Object Repository/FIM/Sites Page/Site Filtering/Site_txt'

21-10-2025T22:03:18 - [TEST_STEP][PASSED] - (i++): null

21-10-2025T22:03:18 - [TEST_STEP][PASSED] - sendKeys(findTestObject("FIM/Sites Page/Site Filtering/Site_txt"), Keys.chord(BACK_SPACE), STOP_ON_FAILURE): Keys 'BACK_SPACE + ' sent to object: 'Object Repository/FIM/Sites Page/Site Filtering/Site_txt'

21-10-2025T22:03:18 - [MESSAGE][PASSED] - Keys 'BACK_SPACE + ' sent to object: 'Object Repository/FIM/Sites Page/Site Filtering/Site_txt'

21-10-2025T22:03:18 - [TEST_STEP][PASSED] - (i++): null

21-10-2025T22:03:18 - [TEST_STEP][PASSED] - sendKeys(findTestObject("FIM/Sites Page/Site Filtering/Site_txt"), Keys.chord(BACK_SPACE), STOP_ON_FAILURE): Keys 'BACK_SPACE + ' sent to object: 'Object Repository/FIM/Sites Page/Site Filtering/Site_txt'

21-10-2025T22:03:18 - [MESSAGE][PASSED] - Keys 'BACK_SPACE + ' sent to object: 'Object Repository/FIM/Sites Page/Site Filtering/Site_txt'

21-10-2025T22:03:18 - [TEST_STEP][PASSED] - (i++): null

21-10-2025T22:03:18 - [TEST_STEP][PASSED] - sendKeys(findTestObject("FIM/Sites Page/Site Filtering/Site_txt"), Keys.chord(BACK_SPACE), STOP_ON_FAILURE): Keys 'BACK_SPACE + ' sent to object: 'Object Repository/FIM/Sites Page/Site Filtering/Site_txt'

21-10-2025T22:03:18 - [MESSAGE][PASSED] - Keys 'BACK_SPACE + ' sent to object: 'Object Repository/FIM/Sites Page/Site Filtering/Site_txt'

21-10-2025T22:03:18 - [TEST_STEP][PASSED] - (i++): null

21-10-2025T22:03:18 - [TEST_STEP][PASSED] - sendKeys(findTestObject("FIM/Sites Page/Site Filtering/Site_txt"), Keys.chord(BACK_SPACE), STOP_ON_FAILURE): Keys 'BACK_SPACE + ' sent to object: 'Object Repository/FIM/Sites Page/Site Filtering/Site_txt'

21-10-2025T22:03:18 - [MESSAGE][PASSED] - Keys 'BACK_SPACE + ' sent to object: 'Object Repository/FIM/Sites Page/Site Filtering/Site_txt'

21-10-2025T22:03:18 - [TEST_STEP][PASSED] - (i++): null

21-10-2025T22:03:18 - [TEST_STEP][PASSED] - sendKeys(findTestObject("FIM/Sites Page/Site Filtering/Site_txt"), Keys.chord(BACK_SPACE), STOP_ON_FAILURE): Keys 'BACK_SPACE + ' sent to object: 'Object Repository/FIM/Sites Page/Site Filtering/Site_txt'

21-10-2025T22:03:18 - [MESSAGE][PASSED] - Keys 'BACK_SPACE + ' sent to object: 'Object Repository/FIM/Sites Page/Site Filtering/Site_txt'

21-10-2025T22:03:18 - [TEST_STEP][PASSED] - (i++): null

21-10-2025T22:03:18 - [TEST_STEP][PASSED] - sendKeys(findTestObject("FIM/Sites Page/Site Filtering/Site_txt"), Keys.chord(BACK_SPACE), STOP_ON_FAILURE): Keys 'BACK_SPACE + ' sent to object: 'Object Repository/FIM/Sites Page/Site Filtering/Site_txt'

21-10-2025T22:03:18 - [MESSAGE][PASSED] - Keys 'BACK_SPACE + ' sent to object: 'Object Repository/FIM/Sites Page/Site Filtering/Site_txt'

21-10-2025T22:03:18 - [TEST_STEP][PASSED] - (i++): null

21-10-2025T22:03:18 - [TEST_STEP][PASSED] - sendKeys(findTestObject("FIM/Sites Page/Site Filtering/Site_txt"), Keys.chord(BACK_SPACE), STOP_ON_FAILURE): Keys 'BACK_SPACE + ' sent to object: 'Object Repository/FIM/Sites Page/Site Filtering/Site_txt'

21-10-2025T22:03:18 - [MESSAGE][PASSED] - Keys 'BACK_SPACE + ' sent to object: 'Object Repository/FIM/Sites Page/Site Filtering/Site_txt'

21-10-2025T22:03:18 - [TEST_STEP][PASSED] - (i++): null

21-10-2025T22:03:18 - [TEST_STEP][PASSED] - sendKeys(findTestObject("FIM/Sites Page/Site Filtering/Site_txt"), Keys.chord(BACK_SPACE), STOP_ON_FAILURE): Keys 'BACK_SPACE + ' sent to object: 'Object Repository/FIM/Sites Page/Site Filtering/Site_txt'

21-10-2025T22:03:18 - [MESSAGE][PASSED] - Keys 'BACK_SPACE + ' sent to object: 'Object Repository/FIM/Sites Page/Site Filtering/Site_txt'

21-10-2025T22:03:18 - [TEST_STEP][PASSED] - (i++): null

21-10-2025T22:03:18 - [TEST_STEP][PASSED] - sendKeys(findTestObject("FIM/Sites Page/Site Filtering/Site_txt"), Keys.chord(BACK_SPACE), STOP_ON_FAILURE): Keys 'BACK_SPACE + ' sent to object: 'Object Repository/FIM/Sites Page/Site Filtering/Site_txt'

21-10-2025T22:03:19 - [MESSAGE][PASSED] - Keys 'BACK_SPACE + ' sent to object: 'Object Repository/FIM/Sites Page/Site Filtering/Site_txt'

21-10-2025T22:03:19 - [TEST_STEP][PASSED] - (i++): null

21-10-2025T22:03:19 - [TEST_STEP][PASSED] - sendKeys(findTestObject("FIM/Sites Page/Site Filtering/Site_txt"), Keys.chord(BACK_SPACE), STOP_ON_FAILURE): Keys 'BACK_SPACE + ' sent to object: 'Object Repository/FIM/Sites Page/Site Filtering/Site_txt'

21-10-2025T22:03:19 - [MESSAGE][PASSED] - Keys 'BACK_SPACE + ' sent to object: 'Object Repository/FIM/Sites Page/Site Filtering/Site_txt'

21-10-2025T22:03:19 - [TEST_STEP][PASSED] - (i++): null

21-10-2025T22:03:19 - [TEST_STEP][PASSED] - sendKeys(findTestObject("FIM/Sites Page/Site Filtering/Site_txt"), Keys.chord(BACK_SPACE), STOP_ON_FAILURE): Keys 'BACK_SPACE + ' sent to object: 'Object Repository/FIM/Sites Page/Site Filtering/Site_txt'

21-10-2025T22:03:20 - [MESSAGE][PASSED] - Keys 'BACK_SPACE + ' sent to object: 'Object Repository/FIM/Sites Page/Site Filtering/Site_txt'

21-10-2025T22:03:20 - [TEST_STEP][PASSED] - (i++): null

21-10-2025T22:03:20 - [TEST_STEP][PASSED] - sendKeys(findTestObject("FIM/Sites Page/Site Filtering/Site_txt"), Keys.chord(BACK_SPACE), STOP_ON_FAILURE): Keys 'BACK_SPACE + ' sent to object: 'Object Repository/FIM/Sites Page/Site Filtering/Site_txt'

21-10-2025T22:03:20 - [MESSAGE][PASSED] - Keys 'BACK_SPACE + ' sent to object: 'Object Repository/FIM/Sites Page/Site Filtering/Site_txt'

21-10-2025T22:03:20 - [TEST_STEP][PASSED] - (i++): null

21-10-2025T22:03:20 - [TEST_STEP][PASSED] - sendKeys(findTestObject("FIM/Sites Page/Site Filtering/Site_txt"), Keys.chord(BACK_SPACE), STOP_ON_FAILURE): Keys 'BACK_SPACE + ' sent to object: 'Object Repository/FIM/Sites Page/Site Filtering/Site_txt'

21-10-2025T22:03:20 - [MESSAGE][PASSED] - Keys 'BACK_SPACE + ' sent to object: 'Object Repository/FIM/Sites Page/Site Filtering/Site_txt'

21-10-2025T22:03:20 - [TEST_STEP][PASSED] - (i++): null

21-10-2025T22:03:20 - [TEST_STEP][PASSED] - sendKeys(findTestObject("FIM/Sites Page/Site Filtering/Site_txt"), Keys.chord(BACK_SPACE), STOP_ON_FAILURE): Keys 'BACK_SPACE + ' sent to object: 'Object Repository/FIM/Sites Page/Site Filtering/Site_txt'

21-10-2025T22:03:20 - [MESSAGE][PASSED] - Keys 'BACK_SPACE + ' sent to object: 'Object Repository/FIM/Sites Page/Site Filtering/Site_txt'

21-10-2025T22:03:20 - [TEST_STEP][PASSED] - (i++): null

21-10-2025T22:03:20 - [TEST_STEP][PASSED] - sendKeys(findTestObject("FIM/Sites Page/Site Filtering/Site_txt"), Keys.chord(BACK_SPACE), STOP_ON_FAILURE): Keys 'BACK_SPACE + ' sent to object: 'Object Repository/FIM/Sites Page/Site Filtering/Site_txt'

21-10-2025T22:03:20 - [MESSAGE][PASSED] - Keys 'BACK_SPACE + ' sent to object: 'Object Repository/FIM/Sites Page/Site Filtering/Site_txt'

21-10-2025T22:03:20 - [TEST_STEP][PASSED] - (i++): null

21-10-2025T22:03:20 - [TEST_STEP][PASSED] - sendKeys(findTestObject("FIM/Sites Page/Site Filtering/Site_txt"), Keys.chord(BACK_SPACE), STOP_ON_FAILURE): Keys 'BACK_SPACE + ' sent to object: 'Object Repository/FIM/Sites Page/Site Filtering/Site_txt'

21-10-2025T22:03:20 - [MESSAGE][PASSED] - Keys 'BACK_SPACE + ' sent to object: 'Object Repository/FIM/Sites Page/Site Filtering/Site_txt'

21-10-2025T22:03:20 - [TEST_STEP][PASSED] - (i++): null

21-10-2025T22:03:20 - [TEST_STEP][PASSED] - sendKeys(findTestObject("FIM/Sites Page/Site Filtering/Site_txt"), Keys.chord(BACK_SPACE), STOP_ON_FAILURE): Keys 'BACK_SPACE + ' sent to object: 'Object Repository/FIM/Sites Page/Site Filtering/Site_txt'

21-10-2025T22:03:20 - [MESSAGE][PASSED] - Keys 'BACK_SPACE + ' sent to object: 'Object Repository/FIM/Sites Page/Site Filtering/Site_txt'

21-10-2025T22:03:20 - [TEST_STEP][PASSED] - (i++): null

21-10-2025T22:03:20 - [TEST_STEP][PASSED] - sendKeys(findTestObject("FIM/Sites Page/Site Filtering/Site_txt"), Keys.chord(BACK_SPACE), STOP_ON_FAILURE): Keys 'BACK_SPACE + ' sent to object: 'Object Repository/FIM/Sites Page/Site Filtering/Site_txt'

21-10-2025T22:03:20 - [MESSAGE][PASSED] - Keys 'BACK_SPACE + ' sent to object: 'Object Repository/FIM/Sites Page/Site Filtering/Site_txt'

21-10-2025T22:03:20 - [TEST_STEP][PASSED] - (i++): null

21-10-2025T22:03:20 - [TEST_STEP][PASSED] - sendKeys(findTestObject("FIM/Sites Page/Site Filtering/Site_txt"), "AFM39", STOP_ON_FAILURE): Keys 'AFM39' sent to object: 'Object Repository/FIM/Sites Page/Site Filtering/Site_txt'

21-10-2025T22:03:21 - [MESSAGE][PASSED] - Keys 'AFM39' sent to object: 'Object Repository/FIM/Sites Page/Site Filtering/Site_txt'

21-10-2025T22:03:21 - [TEST_STEP][PASSED] - sendKeys(findTestObject("FIM/Sites Page/Site Filtering/Site_txt"), Keys.chord(ENTER), STOP_ON_FAILURE): Keys 'ENTER + ' sent to object: 'Object Repository/FIM/Sites Page/Site Filtering/Site_txt'

21-10-2025T22:03:21 - [MESSAGE][PASSED] - Keys 'ENTER + ' sent to object: 'Object Repository/FIM/Sites Page/Site Filtering/Site_txt'

21-10-2025T22:03:21 - [TEST_STEP][PASSED] - waitForElementClickable(findTestObject("FIM/Sites Page/Orders/Create Order/CreateOrder_btn"), 300): Object 'Object Repository/FIM/Sites Page/Orders/Create Order/CreateOrder_btn' is clickable

21-10-2025T22:03:22 - [MESSAGE][PASSED] - Object 'Object Repository/FIM/Sites Page/Orders/Create Order/CreateOrder_btn' is clickable

21-10-2025T22:03:22 - [TEST_STEP][PASSED] - click(findTestObject("FIM/Sites Page/Orders/Create Order/CreateOrder_btn"), OPTIONAL): Object: 'Object Repository/FIM/Sites Page/Orders/Create Order/CreateOrder_btn' is clicked on

21-10-2025T22:03:22 - [MESSAGE][PASSED] - Object: 'Object Repository/FIM/Sites Page/Orders/Create Order/CreateOrder_btn' is clicked on

21-10-2025T22:03:22 - [TEST_STEP][PASSED] - delay(1): Delayed 1 second(s)

21-10-2025T22:03:23 - [MESSAGE][PASSED] - Delayed 1 second(s)

21-10-2025T22:03:23 - [TEST_STEP][PASSED] - verifyElementPresent(findTestObject("FIM/Sites Page/Orders/Create Order/Split_Load_Order_toggle"), 10): Object 'Object Repository/FIM/Sites Page/Orders/Create Order/Split_Load_Order_toggle' is present

21-10-2025T22:03:23 - [MESSAGE][PASSED] - Object 'Object Repository/FIM/Sites Page/Orders/Create Order/Split_Load_Order_toggle' is present

21-10-2025T22:03:23 - [TEST_STEP][FAILED] - click(findTestObject("FIM/Sites Page/Orders/Create Order/Split_Load_Order_toggle"), STOP_ON_FAILURE): Unable to click on object 'Object Repository/FIM/Sites Page/Orders/Create Order/Split_Load_Order_toggle' (Root cause: com.kms.katalon.core.exception.StepFailedException: Unable to click on object 'Object Repository/FIM/Sites Page/Orders/Create Order/Split_Load_Order_toggle'
	at com.kms.katalon.core.webui.keyword.internal.WebUIKeywordMain.stepFailed(WebUIKeywordMain.groovy:117)
	at com.kms.katalon.core.webui.keyword.internal.WebUIKeywordMain.runKeyword(WebUIKeywordMain.groovy:43)
	at com.kms.katalon.core.webui.keyword.builtin.ClickKeyword.click(ClickKeyword.groovy:74)
	at com.kms.katalon.core.webui.keyword.builtin.ClickKeyword.execute(ClickKeyword.groovy:40)
	at com.kms.katalon.core.keyword.internal.KeywordExecutor.executeKeywordForPlatform(KeywordExecutor.groovy:74)
	at com.kms.katalon.core.webui.keyword.WebUiBuiltInKeywords.click(WebUiBuiltInKeywords.groovy:647)
	at com.kms.katalon.core.webui.keyword.WebUiBuiltInKeywords$click$10.call(Unknown Source)
	at Remove Site From Split Load Order.run(Remove Site From Split Load Order:58)
	at com.kms.katalon.core.main.ScriptEngine.run(ScriptEngine.java:194)
	at com.kms.katalon.core.main.ScriptEngine.runScriptAsRawText(ScriptEngine.java:119)
	at com.kms.katalon.core.main.TestCaseExecutor.runScript(TestCaseExecutor.java:448)
	at com.kms.katalon.core.main.TestCaseExecutor.doExecute(TestCaseExecutor.java:439)
	at com.kms.katalon.core.main.TestCaseExecutor.processExecutionPhase(TestCaseExecutor.java:418)
	at com.kms.katalon.core.main.TestCaseExecutor.accessMainPhase(TestCaseExecutor.java:410)
	at com.kms.katalon.core.main.TestCaseExecutor.execute(TestCaseExecutor.java:285)
	at com.kms.katalon.core.common.CommonExecutor.accessTestCaseMainPhase(CommonExecutor.java:65)
	at com.kms.katalon.core.main.TestSuiteExecutor.accessTestSuiteMainPhase(TestSuiteExecutor.java:150)
	at com.kms.katalon.core.main.TestSuiteExecutor.execute(TestSuiteExecutor.java:106)
	at com.kms.katalon.core.main.TestCaseMain.startTestSuite(TestCaseMain.java:180)
	at com.kms.katalon.core.main.TestCaseMain$startTestSuite$0.call(Unknown Source)
	at TempTestSuite1761090815312.run(TempTestSuite1761090815312.groovy:35)
	at java.base/jdk.internal.reflect.NativeMethodAccessorImpl.invoke0(Native Method)
	at java.base/jdk.internal.reflect.NativeMethodAccessorImpl.invoke(NativeMethodAccessorImpl.java:77)
	at java.base/jdk.internal.reflect.DelegatingMethodAccessorImpl.invoke(DelegatingMethodAccessorImpl.java:43)
Caused by: org.openqa.selenium.ElementNotInteractableException: element not interactable
  (Session info: chrome=141.0.7390.122)
Build info: version: '3.141.59', revision: 'unknown', time: 'unknown'
System info: host: 'DC1ADOBLD01', ip: '10.2.20.71', os.name: 'Windows Server 2019', os.arch: 'amd64', os.version: '10.0', java.version: '17.0.7'
Driver info: com.kms.katalon.selenium.driver.CChromeDriver
Capabilities {acceptInsecureCerts: false, browserName: chrome, browserVersion: 141.0.7390.122, chrome: {chromedriverVersion: 141.0.7390.122 (b477534e7e1..., userDataDir: C:\Windows\SystemTemp\scope...}, fedcm:accounts: true, goog:chromeOptions: {debuggerAddress: localhost:58133}, javascriptEnabled: true, networkConnectionEnabled: false, pageLoadStrategy: normal, platform: WINDOWS, platformName: WINDOWS, proxy: Proxy(), setWindowRect: true, strictFileInteractability: false, timeouts: {implicit: 0, pageLoad: 300000, script: 30000}, unhandledPromptBehavior: dismiss and notify, webauthn:extension:credBlob: true, webauthn:extension:largeBlob: true, webauthn:extension:minPinLength: true, webauthn:extension:prf: true, webauthn:virtualAuthenticators: true}
Session ID: ca943fd704fdcf465084d4ac5b61caeb
	at java.base/jdk.internal.reflect.NativeConstructorAccessorImpl.newInstance0(Native Method)
	at java.base/jdk.internal.reflect.NativeConstructorAccessorImpl.newInstance(NativeConstructorAccessorImpl.java:77)
	at java.base/jdk.internal.reflect.DelegatingConstructorAccessorImpl.newInstance(DelegatingConstructorAccessorImpl.java:45)
	at org.openqa.selenium.remote.http.W3CHttpResponseCodec.createException(W3CHttpResponseCodec.java:187)
	at org.openqa.selenium.remote.http.W3CHttpResponseCodec.decode(W3CHttpResponseCodec.java:122)
	at org.openqa.selenium.remote.http.W3CHttpResponseCodec.decode(W3CHttpResponseCodec.java:49)
	at org.openqa.selenium.remote.HttpCommandExecutor.execute(HttpCommandExecutor.java:158)
	at org.openqa.selenium.remote.service.DriverCommandExecutor.execute(DriverCommandExecutor.java:83)
	at org.openqa.selenium.remote.RemoteWebDriver.execute(RemoteWebDriver.java:552)
	at com.kms.katalon.selenium.driver.CChromeDriver.execute(CChromeDriver.java:19)
	at org.openqa.selenium.remote.RemoteWebElement.execute(RemoteWebElement.java:285)
	at org.openqa.selenium.remote.RemoteWebElement.click(RemoteWebElement.java:84)
	at jdk.internal.reflect.GeneratedMethodAccessor20.invoke(Unknown Source)
	at java.base/jdk.internal.reflect.DelegatingMethodAccessorImpl.invoke(DelegatingMethodAccessorImpl.java:43)
	at org.openqa.selenium.support.events.EventFiringWebDriver$EventFiringWebElement.lambda$new$0(EventFiringWebDriver.java:404)
	at jdk.proxy2/jdk.proxy2.$Proxy27.click(Unknown Source)
	at org.openqa.selenium.support.events.EventFiringWebDriver$EventFiringWebElement.click(EventFiringWebDriver.java:417)
	at org.openqa.selenium.WebElement$click.call(Unknown Source)
	at com.kms.katalon.core.webui.keyword.builtin.ClickKeyword.clickUntilSuccessWithTimeout(ClickKeyword.groovy:81)
	at com.kms.katalon.core.webui.keyword.builtin.ClickKeyword.clickUntilSuccessWithTimeout(ClickKeyword.groovy)
	at jdk.internal.reflect.GeneratedMethodAccessor18.invoke(Unknown Source)
	at java.base/jdk.internal.reflect.DelegatingMethodAccessorImpl.invoke(DelegatingMethodAccessorImpl.java:43)
	at com.kms.katalon.core.webui.keyword.builtin.ClickKeyword$_click_closure1.doCall(ClickKeyword.groovy:67)
	at com.kms.katalon.core.webui.keyword.builtin.ClickKeyword$_click_closure1.call(ClickKeyword.groovy)
	at com.kms.katalon.core.webui.keyword.internal.WebUIKeywordMain.runKeyword(WebUIKeywordMain.groovy:35)
	at com.kms.katalon.core.webui.keyword.builtin.ClickKeyword.click(ClickKeyword.groovy:74)
	at com.kms.katalon.core.webui.keyword.builtin.ClickKeyword.execute(ClickKeyword.groovy:40)
	at com.kms.katalon.core.keyword.internal.KeywordExecutor.executeKeywordForPlatform(KeywordExecutor.groovy:74)
	at com.kms.katalon.core.webui.keyword.WebUiBuiltInKeywords.click(WebUiBuiltInKeywords.groovy:647)
	at com.kms.katalon.core.webui.keyword.WebUiBuiltInKeywords$click$10.call(Unknown Source)
	at Script1755185860273.run(Script1755185860273.groovy:58)
	... 16 more
)

21-10-2025T22:03:23 - [MESSAGE][FAILED] - Unable to click on object 'Object Repository/FIM/Sites Page/Orders/Create Order/Split_Load_Order_toggle' (Root cause: com.kms.katalon.core.exception.StepFailedException: Unable to click on object 'Object Repository/FIM/Sites Page/Orders/Create Order/Split_Load_Order_toggle'
	at com.kms.katalon.core.webui.keyword.internal.WebUIKeywordMain.stepFailed(WebUIKeywordMain.groovy:117)
	at com.kms.katalon.core.webui.keyword.internal.WebUIKeywordMain.runKeyword(WebUIKeywordMain.groovy:43)
	at com.kms.katalon.core.webui.keyword.builtin.ClickKeyword.click(ClickKeyword.groovy:74)
	at com.kms.katalon.core.webui.keyword.builtin.ClickKeyword.execute(ClickKeyword.groovy:40)
	at com.kms.katalon.core.keyword.internal.KeywordExecutor.executeKeywordForPlatform(KeywordExecutor.groovy:74)
	at com.kms.katalon.core.webui.keyword.WebUiBuiltInKeywords.click(WebUiBuiltInKeywords.groovy:647)
	at com.kms.katalon.core.webui.keyword.WebUiBuiltInKeywords$click$10.call(Unknown Source)
	at Remove Site From Split Load Order.run(Remove Site From Split Load Order:58)
	at com.kms.katalon.core.main.ScriptEngine.run(ScriptEngine.java:194)
	at com.kms.katalon.core.main.ScriptEngine.runScriptAsRawText(ScriptEngine.java:119)
	at com.kms.katalon.core.main.TestCaseExecutor.runScript(TestCaseExecutor.java:448)
	at com.kms.katalon.core.main.TestCaseExecutor.doExecute(TestCaseExecutor.java:439)
	at com.kms.katalon.core.main.TestCaseExecutor.processExecutionPhase(TestCaseExecutor.java:418)
	at com.kms.katalon.core.main.TestCaseExecutor.accessMainPhase(TestCaseExecutor.java:410)
	at com.kms.katalon.core.main.TestCaseExecutor.execute(TestCaseExecutor.java:285)
	at com.kms.katalon.core.common.CommonExecutor.accessTestCaseMainPhase(CommonExecutor.java:65)
	at com.kms.katalon.core.main.TestSuiteExecutor.accessTestSuiteMainPhase(TestSuiteExecutor.java:150)
	at com.kms.katalon.core.main.TestSuiteExecutor.execute(TestSuiteExecutor.java:106)
	at com.kms.katalon.core.main.TestCaseMain.startTestSuite(TestCaseMain.java:180)
	at com.kms.katalon.core.main.TestCaseMain$startTestSuite$0.call(Unknown Source)
	at TempTestSuite1761090815312.run(TempTestSuite1761090815312.groovy:35)
	at java.base/jdk.internal.reflect.NativeMethodAccessorImpl.invoke0(Native Method)
	at java.base/jdk.internal.reflect.NativeMethodAccessorImpl.invoke(NativeMethodAccessorImpl.java:77)
	at java.base/jdk.internal.reflect.DelegatingMethodAccessorImpl.invoke(DelegatingMethodAccessorImpl.java:43)
Caused by: org.openqa.selenium.ElementNotInteractableException: element not interactable
  (Session info: chrome=141.0.7390.122)
Build info: version: '3.141.59', revision: 'unknown', time: 'unknown'
System info: host: 'DC1ADOBLD01', ip: '10.2.20.71', os.name: 'Windows Server 2019', os.arch: 'amd64', os.version: '10.0', java.version: '17.0.7'
Driver info: com.kms.katalon.selenium.driver.CChromeDriver
Capabilities {acceptInsecureCerts: false, browserName: chrome, browserVersion: 141.0.7390.122, chrome: {chromedriverVersion: 141.0.7390.122 (b477534e7e1..., userDataDir: C:\Windows\SystemTemp\scope...}, fedcm:accounts: true, goog:chromeOptions: {debuggerAddress: localhost:58133}, javascriptEnabled: true, networkConnectionEnabled: false, pageLoadStrategy: normal, platform: WINDOWS, platformName: WINDOWS, proxy: Proxy(), setWindowRect: true, strictFileInteractability: false, timeouts: {implicit: 0, pageLoad: 300000, script: 30000}, unhandledPromptBehavior: dismiss and notify, webauthn:extension:credBlob: true, webauthn:extension:largeBlob: true, webauthn:extension:minPinLength: true, webauthn:extension:prf: true, webauthn:virtualAuthenticators: true}
Session ID: ca943fd704fdcf465084d4ac5b61caeb
	at java.base/jdk.internal.reflect.NativeConstructorAccessorImpl.newInstance0(Native Method)
	at java.base/jdk.internal.reflect.NativeConstructorAccessorImpl.newInstance(NativeConstructorAccessorImpl.java:77)
	at java.base/jdk.internal.reflect.DelegatingConstructorAccessorImpl.newInstance(DelegatingConstructorAccessorImpl.java:45)
	at org.openqa.selenium.remote.http.W3CHttpResponseCodec.createException(W3CHttpResponseCodec.java:187)
	at org.openqa.selenium.remote.http.W3CHttpResponseCodec.decode(W3CHttpResponseCodec.java:122)
	at org.openqa.selenium.remote.http.W3CHttpResponseCodec.decode(W3CHttpResponseCodec.java:49)
	at org.openqa.selenium.remote.HttpCommandExecutor.execute(HttpCommandExecutor.java:158)
	at org.openqa.selenium.remote.service.DriverCommandExecutor.execute(DriverCommandExecutor.java:83)
	at org.openqa.selenium.remote.RemoteWebDriver.execute(RemoteWebDriver.java:552)
	at com.kms.katalon.selenium.driver.CChromeDriver.execute(CChromeDriver.java:19)
	at org.openqa.selenium.remote.RemoteWebElement.execute(RemoteWebElement.java:285)
	at org.openqa.selenium.remote.RemoteWebElement.click(RemoteWebElement.java:84)
	at jdk.internal.reflect.GeneratedMethodAccessor20.invoke(Unknown Source)
	at java.base/jdk.internal.reflect.DelegatingMethodAccessorImpl.invoke(DelegatingMethodAccessorImpl.java:43)
	at org.openqa.selenium.support.events.EventFiringWebDriver$EventFiringWebElement.lambda$new$0(EventFiringWebDriver.java:404)
	at jdk.proxy2/jdk.proxy2.$Proxy27.click(Unknown Source)
	at org.openqa.selenium.support.events.EventFiringWebDriver$EventFiringWebElement.click(EventFiringWebDriver.java:417)
	at org.openqa.selenium.WebElement$click.call(Unknown Source)
	at com.kms.katalon.core.webui.keyword.builtin.ClickKeyword.clickUntilSuccessWithTimeout(ClickKeyword.groovy:81)
	at com.kms.katalon.core.webui.keyword.builtin.ClickKeyword.clickUntilSuccessWithTimeout(ClickKeyword.groovy)
	at jdk.internal.reflect.GeneratedMethodAccessor18.invoke(Unknown Source)
	at java.base/jdk.internal.reflect.DelegatingMethodAccessorImpl.invoke(DelegatingMethodAccessorImpl.java:43)
	at com.kms.katalon.core.webui.keyword.builtin.ClickKeyword$_click_closure1.doCall(ClickKeyword.groovy:67)
	at com.kms.katalon.core.webui.keyword.builtin.ClickKeyword$_click_closure1.call(ClickKeyword.groovy)
	at com.kms.katalon.core.webui.keyword.internal.WebUIKeywordMain.runKeyword(WebUIKeywordMain.groovy:35)
	at com.kms.katalon.core.webui.keyword.builtin.ClickKeyword.click(ClickKeyword.groovy:74)
	at com.kms.katalon.core.webui.keyword.builtin.ClickKeyword.execute(ClickKeyword.groovy:40)
	at com.kms.katalon.core.keyword.internal.KeywordExecutor.executeKeywordForPlatform(KeywordExecutor.groovy:74)
	at com.kms.katalon.core.webui.keyword.WebUiBuiltInKeywords.click(WebUiBuiltInKeywords.groovy:647)
	at com.kms.katalon.core.webui.keyword.WebUiBuiltInKeywords$click$10.call(Unknown Source)
	at Script1755185860273.run(Script1755185860273.groovy:58)
	... 16 more
)

21-10-2025T22:03:23 - [TEST_STEP][PASSED] - Start listener action : retryOnDisconnect: Current window's url is: 'https://kag-inventory-management-portal.qa.thekag.com/site/AFM39?cg=-1&r&i=AllConsignees&sorted=false'

21-10-2025T22:03:23 - [TEST_STEP][PASSED] - tcId = testCaseContext.getTestCaseId(): null

21-10-2025T22:03:23 - [TEST_STEP][PASSED] - currentRetry = retryCounts.getOrDefault(tcId, 0): null

21-10-2025T22:03:23 - [TEST_STEP][PASSED] - if (testCaseContext.getTestCaseStatus() == "FAILED" && currentRetry < MAX_RETRIES): Current window's url is: 'https://kag-inventory-management-portal.qa.thekag.com/site/AFM39?cg=-1&r&i=AllConsignees&sorted=false'

21-10-2025T22:03:23 - [TEST_STEP][PASSED] - try: Current window's url is: 'https://kag-inventory-management-portal.qa.thekag.com/site/AFM39?cg=-1&r&i=AllConsignees&sorted=false'

21-10-2025T22:03:23 - [TEST_STEP][PASSED] - comment(Checking for WebDriver disconnect for test case: $tcId): Checking for WebDriver disconnect for test case: Test Cases/FIM/UI/Kenan/Admin/Sites Page/Orders/Remove Site From Split Load Order

21-10-2025T22:03:23 - [MESSAGE][INFO] - Checking for WebDriver disconnect for test case: Test Cases/FIM/UI/Kenan/Admin/Sites Page/Orders/Remove Site From Split Load Order

21-10-2025T22:03:23 - [TEST_STEP][PASSED] - getUrl(): Current window's url is: 'https://kag-inventory-management-portal.qa.thekag.com/site/AFM39?cg=-1&r&i=AllConsignees&sorted=false'

21-10-2025T22:03:23 - [MESSAGE][PASSED] - Current window's url is: 'https://kag-inventory-management-portal.qa.thekag.com/site/AFM39?cg=-1&r&i=AllConsignees&sorted=false']]></system-out>
         <system-err><![CDATA[21-10-2025T22:02:27 - [TEST_CASE][FAILED] - Test Cases/FIM/UI/Kenan/Admin/Sites Page/Orders/Remove Site From Split Load Order: Test Cases/FIM/UI/Kenan/Admin/Sites Page/Orders/Remove Site From Split Load Order FAILED.
Reason:
com.kms.katalon.core.exception.StepFailedException: Unable to click on object 'Object Repository/FIM/Sites Page/Orders/Create Order/Split_Load_Order_toggle'
	at com.kms.katalon.core.webui.keyword.internal.WebUIKeywordMain.stepFailed(WebUIKeywordMain.groovy:117)
	at com.kms.katalon.core.webui.keyword.internal.WebUIKeywordMain.runKeyword(WebUIKeywordMain.groovy:43)
	at com.kms.katalon.core.webui.keyword.builtin.ClickKeyword.click(ClickKeyword.groovy:74)
	at com.kms.katalon.core.webui.keyword.builtin.ClickKeyword.execute(ClickKeyword.groovy:40)
	at com.kms.katalon.core.keyword.internal.KeywordExecutor.executeKeywordForPlatform(KeywordExecutor.groovy:74)
	at com.kms.katalon.core.webui.keyword.WebUiBuiltInKeywords.click(WebUiBuiltInKeywords.groovy:647)
	at com.kms.katalon.core.webui.keyword.WebUiBuiltInKeywords$click$10.call(Unknown Source)
	at Remove Site From Split Load Order.run(Remove Site From Split Load Order:58)
	at com.kms.katalon.core.main.ScriptEngine.run(ScriptEngine.java:194)
	at com.kms.katalon.core.main.ScriptEngine.runScriptAsRawText(ScriptEngine.java:119)
	at com.kms.katalon.core.main.TestCaseExecutor.runScript(TestCaseExecutor.java:448)
	at com.kms.katalon.core.main.TestCaseExecutor.doExecute(TestCaseExecutor.java:439)
	at com.kms.katalon.core.main.TestCaseExecutor.processExecutionPhase(TestCaseExecutor.java:418)
	at com.kms.katalon.core.main.TestCaseExecutor.accessMainPhase(TestCaseExecutor.java:410)
	at com.kms.katalon.core.main.TestCaseExecutor.execute(TestCaseExecutor.java:285)
	at com.kms.katalon.core.common.CommonExecutor.accessTestCaseMainPhase(CommonExecutor.java:65)
	at com.kms.katalon.core.main.TestSuiteExecutor.accessTestSuiteMainPhase(TestSuiteExecutor.java:150)
	at com.kms.katalon.core.main.TestSuiteExecutor.execute(TestSuiteExecutor.java:106)
	at com.kms.katalon.core.main.TestCaseMain.startTestSuite(TestCaseMain.java:180)
	at com.kms.katalon.core.main.TestCaseMain$startTestSuite$0.call(Unknown Source)
	at TempTestSuite1761090815312.run(TempTestSuite1761090815312.groovy:35)
	at java.base/jdk.internal.reflect.NativeMethodAccessorImpl.invoke0(Native Method)
	at java.base/jdk.internal.reflect.NativeMethodAccessorImpl.invoke(NativeMethodAccessorImpl.java:77)
	at java.base/jdk.internal.reflect.DelegatingMethodAccessorImpl.invoke(DelegatingMethodAccessorImpl.java:43)
Caused by: org.openqa.selenium.ElementNotInteractableException: element not interactable
  (Session info: chrome=141.0.7390.122)
Build info: version: '3.141.59', revision: 'unknown', time: 'unknown'
System info: host: 'DC1ADOBLD01', ip: '10.2.20.71', os.name: 'Windows Server 2019', os.arch: 'amd64', os.version: '10.0', java.version: '17.0.7'
Driver info: com.kms.katalon.selenium.driver.CChromeDriver
Capabilities {acceptInsecureCerts: false, browserName: chrome, browserVersion: 141.0.7390.122, chrome: {chromedriverVersion: 141.0.7390.122 (b477534e7e1..., userDataDir: C:\Windows\SystemTemp\scope...}, fedcm:accounts: true, goog:chromeOptions: {debuggerAddress: localhost:58133}, javascriptEnabled: true, networkConnectionEnabled: false, pageLoadStrategy: normal, platform: WINDOWS, platformName: WINDOWS, proxy: Proxy(), setWindowRect: true, strictFileInteractability: false, timeouts: {implicit: 0, pageLoad: 300000, script: 30000}, unhandledPromptBehavior: dismiss and notify, webauthn:extension:credBlob: true, webauthn:extension:largeBlob: true, webauthn:extension:minPinLength: true, webauthn:extension:prf: true, webauthn:virtualAuthenticators: true}
Session ID: ca943fd704fdcf465084d4ac5b61caeb
	at java.base/jdk.internal.reflect.NativeConstructorAccessorImpl.newInstance0(Native Method)
	at java.base/jdk.internal.reflect.NativeConstructorAccessorImpl.newInstance(NativeConstructorAccessorImpl.java:77)
	at java.base/jdk.internal.reflect.DelegatingConstructorAccessorImpl.newInstance(DelegatingConstructorAccessorImpl.java:45)
	at org.openqa.selenium.remote.http.W3CHttpResponseCodec.createException(W3CHttpResponseCodec.java:187)
	at org.openqa.selenium.remote.http.W3CHttpResponseCodec.decode(W3CHttpResponseCodec.java:122)
	at org.openqa.selenium.remote.http.W3CHttpResponseCodec.decode(W3CHttpResponseCodec.java:49)
	at org.openqa.selenium.remote.HttpCommandExecutor.execute(HttpCommandExecutor.java:158)
	at org.openqa.selenium.remote.service.DriverCommandExecutor.execute(DriverCommandExecutor.java:83)
	at org.openqa.selenium.remote.RemoteWebDriver.execute(RemoteWebDriver.java:552)
	at com.kms.katalon.selenium.driver.CChromeDriver.execute(CChromeDriver.java:19)
	at org.openqa.selenium.remote.RemoteWebElement.execute(RemoteWebElement.java:285)
	at org.openqa.selenium.remote.RemoteWebElement.click(RemoteWebElement.java:84)
	at jdk.internal.reflect.GeneratedMethodAccessor20.invoke(Unknown Source)
	at java.base/jdk.internal.reflect.DelegatingMethodAccessorImpl.invoke(DelegatingMethodAccessorImpl.java:43)
	at org.openqa.selenium.support.events.EventFiringWebDriver$EventFiringWebElement.lambda$new$0(EventFiringWebDriver.java:404)
	at jdk.proxy2/jdk.proxy2.$Proxy27.click(Unknown Source)
	at org.openqa.selenium.support.events.EventFiringWebDriver$EventFiringWebElement.click(EventFiringWebDriver.java:417)
	at org.openqa.selenium.WebElement$click.call(Unknown Source)
	at com.kms.katalon.core.webui.keyword.builtin.ClickKeyword.clickUntilSuccessWithTimeout(ClickKeyword.groovy:81)
	at com.kms.katalon.core.webui.keyword.builtin.ClickKeyword.clickUntilSuccessWithTimeout(ClickKeyword.groovy)
	at jdk.internal.reflect.GeneratedMethodAccessor18.invoke(Unknown Source)
	at java.base/jdk.internal.reflect.DelegatingMethodAccessorImpl.invoke(DelegatingMethodAccessorImpl.java:43)
	at com.kms.katalon.core.webui.keyword.builtin.ClickKeyword$_click_closure1.doCall(ClickKeyword.groovy:67)
	at com.kms.katalon.core.webui.keyword.builtin.ClickKeyword$_click_closure1.call(ClickKeyword.groovy)
	at com.kms.katalon.core.webui.keyword.internal.WebUIKeywordMain.runKeyword(WebUIKeywordMain.groovy:35)
	... 22 more]]></system-err>
      </testcase>
      <testcase name="Test Cases/FIM/UI/Kenan/Admin/Sites Page/Orders/Verify Fix Errors Button" time="56.155" classname="Test Cases/FIM/UI/Kenan/Admin/Sites Page/Orders/Verify Fix Errors Button" status="FAILED">
         <failure type="FAILED" message="Test Cases/FIM/UI/Kenan/Admin/Sites Page/Orders/Verify Fix Errors Button FAILED.&#xa;Reason:&#xa;com.kms.katalon.core.exception.StepFailedException: Unable to click on object 'Object Repository/FIM/Sites Page/Orders/Create Order/Split_Load_Order_toggle'&#xa;	at com.kms.katalon.core.webui.keyword.internal.WebUIKeywordMain.stepFailed(WebUIKeywordMain.groovy:117)&#xa;	at com.kms.katalon.core.webui.keyword.internal.WebUIKeywordMain.runKeyword(WebUIKeywordMain.groovy:43)&#xa;	at com.kms.katalon.core.webui.keyword.builtin.ClickKeyword.click(ClickKeyword.groovy:74)&#xa;	at com.kms.katalon.core.webui.keyword.builtin.ClickKeyword.execute(ClickKeyword.groovy:40)&#xa;	at com.kms.katalon.core.keyword.internal.KeywordExecutor.executeKeywordForPlatform(KeywordExecutor.groovy:74)&#xa;	at com.kms.katalon.core.webui.keyword.WebUiBuiltInKeywords.click(WebUiBuiltInKeywords.groovy:647)&#xa;	at com.kms.katalon.core.webui.keyword.WebUiBuiltInKeywords$click$10.call(Unknown Source)&#xa;	at Verify Fix Errors Button.run(Verify Fix Errors Button:58)&#xa;	at com.kms.katalon.core.main.ScriptEngine.run(ScriptEngine.java:194)&#xa;	at com.kms.katalon.core.main.ScriptEngine.runScriptAsRawText(ScriptEngine.java:119)&#xa;	at com.kms.katalon.core.main.TestCaseExecutor.runScript(TestCaseExecutor.java:448)&#xa;	at com.kms.katalon.core.main.TestCaseExecutor.doExecute(TestCaseExecutor.java:439)&#xa;	at com.kms.katalon.core.main.TestCaseExecutor.processExecutionPhase(TestCaseExecutor.java:418)&#xa;	at com.kms.katalon.core.main.TestCaseExecutor.accessMainPhase(TestCaseExecutor.java:410)&#xa;	at com.kms.katalon.core.main.TestCaseExecutor.execute(TestCaseExecutor.java:285)&#xa;	at com.kms.katalon.core.common.CommonExecutor.accessTestCaseMainPhase(CommonExecutor.java:65)&#xa;	at com.kms.katalon.core.main.TestSuiteExecutor.accessTestSuiteMainPhase(TestSuiteExecutor.java:150)&#xa;	at com.kms.katalon.core.main.TestSuiteExecutor.execute(TestSuiteExecutor.java:106)&#xa;	at com.kms.katalon.core.main.TestCaseMain.startTestSuite(TestCaseMain.java:180)&#xa;	at com.kms.katalon.core.main.TestCaseMain$startTestSuite$0.call(Unknown Source)&#xa;	at TempTestSuite1761090815312.run(TempTestSuite1761090815312.groovy:35)&#xa;	at java.base/jdk.internal.reflect.NativeMethodAccessorImpl.invoke0(Native Method)&#xa;	at java.base/jdk.internal.reflect.NativeMethodAccessorImpl.invoke(NativeMethodAccessorImpl.java:77)&#xa;	at java.base/jdk.internal.reflect.DelegatingMethodAccessorImpl.invoke(DelegatingMethodAccessorImpl.java:43)&#xa;Caused by: org.openqa.selenium.ElementNotInteractableException: element not interactable&#xa;  (Session info: chrome=141.0.7390.122)&#xa;Build info: version: '3.141.59', revision: 'unknown', time: 'unknown'&#xa;System info: host: 'DC1ADOBLD01', ip: '10.2.20.71', os.name: 'Windows Server 2019', os.arch: 'amd64', os.version: '10.0', java.version: '17.0.7'&#xa;Driver info: com.kms.katalon.selenium.driver.CChromeDriver&#xa;Capabilities {acceptInsecureCerts: false, browserName: chrome, browserVersion: 141.0.7390.122, chrome: {chromedriverVersion: 141.0.7390.122 (b477534e7e1..., userDataDir: C:\Windows\SystemTemp\scope...}, fedcm:accounts: true, goog:chromeOptions: {debuggerAddress: localhost:58181}, javascriptEnabled: true, networkConnectionEnabled: false, pageLoadStrategy: normal, platform: WINDOWS, platformName: WINDOWS, proxy: Proxy(), setWindowRect: true, strictFileInteractability: false, timeouts: {implicit: 0, pageLoad: 300000, script: 30000}, unhandledPromptBehavior: dismiss and notify, webauthn:extension:credBlob: true, webauthn:extension:largeBlob: true, webauthn:extension:minPinLength: true, webauthn:extension:prf: true, webauthn:virtualAuthenticators: true}&#xa;Session ID: 55dc7d12217b51f2c12b9f6e15790a24&#xa;	at java.base/jdk.internal.reflect.NativeConstructorAccessorImpl.newInstance0(Native Method)&#xa;	at java.base/jdk.internal.reflect.NativeConstructorAccessorImpl.newInstance(NativeConstructorAccessorImpl.java:77)&#xa;	at java.base/jdk.internal.reflect.DelegatingConstructorAccessorImpl.newInstance(DelegatingConstructorAccessorImpl.java:45)&#xa;	at org.openqa.selenium.remote.http.W3CHttpResponseCodec.createException(W3CHttpResponseCodec.java:187)&#xa;	at org.openqa.selenium.remote.http.W3CHttpResponseCodec.decode(W3CHttpResponseCodec.java:122)&#xa;	at org.openqa.selenium.remote.http.W3CHttpResponseCodec.decode(W3CHttpResponseCodec.java:49)&#xa;	at org.openqa.selenium.remote.HttpCommandExecutor.execute(HttpCommandExecutor.java:158)&#xa;	at org.openqa.selenium.remote.service.DriverCommandExecutor.execute(DriverCommandExecutor.java:83)&#xa;	at org.openqa.selenium.remote.RemoteWebDriver.execute(RemoteWebDriver.java:552)&#xa;	at com.kms.katalon.selenium.driver.CChromeDriver.execute(CChromeDriver.java:19)&#xa;	at org.openqa.selenium.remote.RemoteWebElement.execute(RemoteWebElement.java:285)&#xa;	at org.openqa.selenium.remote.RemoteWebElement.click(RemoteWebElement.java:84)&#xa;	at jdk.internal.reflect.GeneratedMethodAccessor20.invoke(Unknown Source)&#xa;	at java.base/jdk.internal.reflect.DelegatingMethodAccessorImpl.invoke(DelegatingMethodAccessorImpl.java:43)&#xa;	at org.openqa.selenium.support.events.EventFiringWebDriver$EventFiringWebElement.lambda$new$0(EventFiringWebDriver.java:404)&#xa;	at jdk.proxy2/jdk.proxy2.$Proxy27.click(Unknown Source)&#xa;	at org.openqa.selenium.support.events.EventFiringWebDriver$EventFiringWebElement.click(EventFiringWebDriver.java:417)&#xa;	at org.openqa.selenium.WebElement$click.call(Unknown Source)&#xa;	at com.kms.katalon.core.webui.keyword.builtin.ClickKeyword.clickUntilSuccessWithTimeout(ClickKeyword.groovy:81)&#xa;	at com.kms.katalon.core.webui.keyword.builtin.ClickKeyword.clickUntilSuccessWithTimeout(ClickKeyword.groovy)&#xa;	at jdk.internal.reflect.GeneratedMethodAccessor18.invoke(Unknown Source)&#xa;	at java.base/jdk.internal.reflect.DelegatingMethodAccessorImpl.invoke(DelegatingMethodAccessorImpl.java:43)&#xa;	at com.kms.katalon.core.webui.keyword.builtin.ClickKeyword$_click_closure1.doCall(ClickKeyword.groovy:67)&#xa;	at com.kms.katalon.core.webui.keyword.builtin.ClickKeyword$_click_closure1.call(ClickKeyword.groovy)&#xa;	at com.kms.katalon.core.webui.keyword.internal.WebUIKeywordMain.runKeyword(WebUIKeywordMain.groovy:35)&#xa;	... 22 more&#xa;"/>
         <system-out><![CDATA[21-10-2025T22:03:23 - [TEST_CASE][FAILED] - Test Cases/FIM/UI/Kenan/Admin/Sites Page/Orders/Verify Fix Errors Button: Test Cases/FIM/UI/Kenan/Admin/Sites Page/Orders/Verify Fix Errors Button FAILED.
Reason:
com.kms.katalon.core.exception.StepFailedException: Unable to click on object 'Object Repository/FIM/Sites Page/Orders/Create Order/Split_Load_Order_toggle'
	at com.kms.katalon.core.webui.keyword.internal.WebUIKeywordMain.stepFailed(WebUIKeywordMain.groovy:117)
	at com.kms.katalon.core.webui.keyword.internal.WebUIKeywordMain.runKeyword(WebUIKeywordMain.groovy:43)
	at com.kms.katalon.core.webui.keyword.builtin.ClickKeyword.click(ClickKeyword.groovy:74)
	at com.kms.katalon.core.webui.keyword.builtin.ClickKeyword.execute(ClickKeyword.groovy:40)
	at com.kms.katalon.core.keyword.internal.KeywordExecutor.executeKeywordForPlatform(KeywordExecutor.groovy:74)
	at com.kms.katalon.core.webui.keyword.WebUiBuiltInKeywords.click(WebUiBuiltInKeywords.groovy:647)
	at com.kms.katalon.core.webui.keyword.WebUiBuiltInKeywords$click$10.call(Unknown Source)
	at Verify Fix Errors Button.run(Verify Fix Errors Button:58)
	at com.kms.katalon.core.main.ScriptEngine.run(ScriptEngine.java:194)
	at com.kms.katalon.core.main.ScriptEngine.runScriptAsRawText(ScriptEngine.java:119)
	at com.kms.katalon.core.main.TestCaseExecutor.runScript(TestCaseExecutor.java:448)
	at com.kms.katalon.core.main.TestCaseExecutor.doExecute(TestCaseExecutor.java:439)
	at com.kms.katalon.core.main.TestCaseExecutor.processExecutionPhase(TestCaseExecutor.java:418)
	at com.kms.katalon.core.main.TestCaseExecutor.accessMainPhase(TestCaseExecutor.java:410)
	at com.kms.katalon.core.main.TestCaseExecutor.execute(TestCaseExecutor.java:285)
	at com.kms.katalon.core.common.CommonExecutor.accessTestCaseMainPhase(CommonExecutor.java:65)
	at com.kms.katalon.core.main.TestSuiteExecutor.accessTestSuiteMainPhase(TestSuiteExecutor.java:150)
	at com.kms.katalon.core.main.TestSuiteExecutor.execute(TestSuiteExecutor.java:106)
	at com.kms.katalon.core.main.TestCaseMain.startTestSuite(TestCaseMain.java:180)
	at com.kms.katalon.core.main.TestCaseMain$startTestSuite$0.call(Unknown Source)
	at TempTestSuite1761090815312.run(TempTestSuite1761090815312.groovy:35)
	at java.base/jdk.internal.reflect.NativeMethodAccessorImpl.invoke0(Native Method)
	at java.base/jdk.internal.reflect.NativeMethodAccessorImpl.invoke(NativeMethodAccessorImpl.java:77)
	at java.base/jdk.internal.reflect.DelegatingMethodAccessorImpl.invoke(DelegatingMethodAccessorImpl.java:43)
Caused by: org.openqa.selenium.ElementNotInteractableException: element not interactable
  (Session info: chrome=141.0.7390.122)
Build info: version: '3.141.59', revision: 'unknown', time: 'unknown'
System info: host: 'DC1ADOBLD01', ip: '10.2.20.71', os.name: 'Windows Server 2019', os.arch: 'amd64', os.version: '10.0', java.version: '17.0.7'
Driver info: com.kms.katalon.selenium.driver.CChromeDriver
Capabilities {acceptInsecureCerts: false, browserName: chrome, browserVersion: 141.0.7390.122, chrome: {chromedriverVersion: 141.0.7390.122 (b477534e7e1..., userDataDir: C:\Windows\SystemTemp\scope...}, fedcm:accounts: true, goog:chromeOptions: {debuggerAddress: localhost:58181}, javascriptEnabled: true, networkConnectionEnabled: false, pageLoadStrategy: normal, platform: WINDOWS, platformName: WINDOWS, proxy: Proxy(), setWindowRect: true, strictFileInteractability: false, timeouts: {implicit: 0, pageLoad: 300000, script: 30000}, unhandledPromptBehavior: dismiss and notify, webauthn:extension:credBlob: true, webauthn:extension:largeBlob: true, webauthn:extension:minPinLength: true, webauthn:extension:prf: true, webauthn:virtualAuthenticators: true}
Session ID: 55dc7d12217b51f2c12b9f6e15790a24
	at java.base/jdk.internal.reflect.NativeConstructorAccessorImpl.newInstance0(Native Method)
	at java.base/jdk.internal.reflect.NativeConstructorAccessorImpl.newInstance(NativeConstructorAccessorImpl.java:77)
	at java.base/jdk.internal.reflect.DelegatingConstructorAccessorImpl.newInstance(DelegatingConstructorAccessorImpl.java:45)
	at org.openqa.selenium.remote.http.W3CHttpResponseCodec.createException(W3CHttpResponseCodec.java:187)
	at org.openqa.selenium.remote.http.W3CHttpResponseCodec.decode(W3CHttpResponseCodec.java:122)
	at org.openqa.selenium.remote.http.W3CHttpResponseCodec.decode(W3CHttpResponseCodec.java:49)
	at org.openqa.selenium.remote.HttpCommandExecutor.execute(HttpCommandExecutor.java:158)
	at org.openqa.selenium.remote.service.DriverCommandExecutor.execute(DriverCommandExecutor.java:83)
	at org.openqa.selenium.remote.RemoteWebDriver.execute(RemoteWebDriver.java:552)
	at com.kms.katalon.selenium.driver.CChromeDriver.execute(CChromeDriver.java:19)
	at org.openqa.selenium.remote.RemoteWebElement.execute(RemoteWebElement.java:285)
	at org.openqa.selenium.remote.RemoteWebElement.click(RemoteWebElement.java:84)
	at jdk.internal.reflect.GeneratedMethodAccessor20.invoke(Unknown Source)
	at java.base/jdk.internal.reflect.DelegatingMethodAccessorImpl.invoke(DelegatingMethodAccessorImpl.java:43)
	at org.openqa.selenium.support.events.EventFiringWebDriver$EventFiringWebElement.lambda$new$0(EventFiringWebDriver.java:404)
	at jdk.proxy2/jdk.proxy2.$Proxy27.click(Unknown Source)
	at org.openqa.selenium.support.events.EventFiringWebDriver$EventFiringWebElement.click(EventFiringWebDriver.java:417)
	at org.openqa.selenium.WebElement$click.call(Unknown Source)
	at com.kms.katalon.core.webui.keyword.builtin.ClickKeyword.clickUntilSuccessWithTimeout(ClickKeyword.groovy:81)
	at com.kms.katalon.core.webui.keyword.builtin.ClickKeyword.clickUntilSuccessWithTimeout(ClickKeyword.groovy)
	at jdk.internal.reflect.GeneratedMethodAccessor18.invoke(Unknown Source)
	at java.base/jdk.internal.reflect.DelegatingMethodAccessorImpl.invoke(DelegatingMethodAccessorImpl.java:43)
	at com.kms.katalon.core.webui.keyword.builtin.ClickKeyword$_click_closure1.doCall(ClickKeyword.groovy:67)
	at com.kms.katalon.core.webui.keyword.builtin.ClickKeyword$_click_closure1.call(ClickKeyword.groovy)
	at com.kms.katalon.core.webui.keyword.internal.WebUIKeywordMain.runKeyword(WebUIKeywordMain.groovy:35)
	... 22 more


21-10-2025T22:03:23 - [TEST_STEP][PASSED] - Start listener action : beforeTestCase: null

21-10-2025T22:03:23 - [TEST_STEP][PASSED] - addDefaultPackages(): null

21-10-2025T22:03:23 - [TEST_STEP][PASSED] - callTestCase(findTestCase("Utility Scripts/FIM KAG Admin Login"), [:], STOP_ON_FAILURE): Call Test Case 'Test Cases/Utility Scripts/FIM KAG Admin Login' successfully

21-10-2025T22:03:23 - [TEST_CASE][PASSED] - Test Cases/Utility Scripts/FIM KAG Admin Login: Test Cases/Utility Scripts/FIM KAG Admin Login

21-10-2025T22:03:23 - [TEST_STEP][PASSED] - openBrowser(""): Browser is opened with url: ''

21-10-2025T22:03:23 - [MESSAGE][WARNING] - A browser is already opened. Closing browser and opening a new one

21-10-2025T22:03:23 - [MESSAGE][INFO] - Starting 'Chrome' driver

21-10-2025T22:03:23 - [MESSAGE][INFO] - User set preference: ['args', '[--no-sandbox, --disable-gpu, --disable-dev-shm-usage]']

21-10-2025T22:03:23 - [MESSAGE][INFO] - Action delay is set to 0 milliseconds

21-10-2025T22:03:24 - [MESSAGE][PASSED] - Browser is opened with url: ''

21-10-2025T22:03:24 - [TEST_STEP][PASSED] - delay(1): Delayed 1 second(s)

21-10-2025T22:03:25 - [MESSAGE][PASSED] - Delayed 1 second(s)

21-10-2025T22:03:25 - [TEST_STEP][PASSED] - navigateToUrl(KenanRegionURL): Navigate to 'https://kag-inventory-management-portal.qa.thekag.com/region/' successfully

21-10-2025T22:03:26 - [MESSAGE][PASSED] - Navigate to 'https://kag-inventory-management-portal.qa.thekag.com/region/' successfully

21-10-2025T22:03:26 - [TEST_STEP][PASSED] - delay(10): Delayed 10 second(s)

21-10-2025T22:03:36 - [MESSAGE][PASSED] - Delayed 10 second(s)

21-10-2025T22:03:36 - [TEST_STEP][PASSED] - if (maximizeWindow == true): Current window maximized

21-10-2025T22:03:36 - [TEST_STEP][PASSED] - maximizeWindow(STOP_ON_FAILURE): Current window maximized

21-10-2025T22:03:36 - [MESSAGE][PASSED] - Current window maximized

21-10-2025T22:03:36 - [TEST_STEP][PASSED] - waitForElementPresent(findTestObject("FIM/Username_txt"), 10): Object 'Object Repository/FIM/Username_txt' is present

21-10-2025T22:03:36 - [MESSAGE][PASSED] - Object 'Object Repository/FIM/Username_txt' is present

21-10-2025T22:03:36 - [TEST_STEP][PASSED] - setText(findTestObject("FIM/Username_txt"), FIMUsername): Text 'Chris.Sheldon+DES_QA@Thekag.com' is set on object 'Object Repository/FIM/Username_txt'

21-10-2025T22:03:36 - [MESSAGE][PASSED] - Text 'Chris.Sheldon+DES_QA@Thekag.com' is set on object 'Object Repository/FIM/Username_txt'

21-10-2025T22:03:36 - [TEST_STEP][PASSED] - delay(1): Delayed 1 second(s)

21-10-2025T22:03:37 - [MESSAGE][PASSED] - Delayed 1 second(s)

21-10-2025T22:03:37 - [TEST_STEP][PASSED] - setText(findTestObject("FIM/Password_txt"), FIMPassword): Text 'QATest!2' is set on object 'Object Repository/FIM/Password_txt'

21-10-2025T22:03:37 - [MESSAGE][PASSED] - Text 'QATest!2' is set on object 'Object Repository/FIM/Password_txt'

21-10-2025T22:03:37 - [TEST_STEP][PASSED] - delay(1): Delayed 1 second(s)

21-10-2025T22:03:38 - [MESSAGE][PASSED] - Delayed 1 second(s)

21-10-2025T22:03:38 - [TEST_STEP][PASSED] - click(findTestObject("FIM/Login_btn")): Object: 'Object Repository/FIM/Login_btn' is clicked on

21-10-2025T22:03:38 - [MESSAGE][PASSED] - Object: 'Object Repository/FIM/Login_btn' is clicked on

21-10-2025T22:03:38 - [MESSAGE][PASSED] - Call Test Case 'Test Cases/Utility Scripts/FIM KAG Admin Login' successfully

21-10-2025T22:03:38 - [TEST_STEP][PASSED] - if (verifyElementVisible(findTestObject("FIM/Server_Notification_Close_btn"), OPTIONAL) == true): Web element with id: 'Object Repository/FIM/Server_Notification_Close_btn' located by '/html/body/div/div[1]/button' not found (Root cause: com.kms.katalon.core.exception.StepFailedException: Web element with id: 'Object Repository/FIM/Server_Notification_Close_btn' located by '/html/body/div/div[1]/button' not found
	at com.kms.katalon.core.webui.keyword.internal.WebUIKeywordMain.stepFailed(WebUIKeywordMain.groovy:117)
	at com.kms.katalon.core.webui.keyword.builtin.VerifyElementVisibleKeyword$_verifyElementVisible_closure1.doCall(VerifyElementVisibleKeyword.groovy:89)
	at com.kms.katalon.core.webui.keyword.builtin.VerifyElementVisibleKeyword$_verifyElementVisible_closure1.call(VerifyElementVisibleKeyword.groovy)
	at com.kms.katalon.core.webui.keyword.internal.WebUIKeywordMain.runKeyword(WebUIKeywordMain.groovy:35)
	at com.kms.katalon.core.webui.keyword.builtin.VerifyElementVisibleKeyword.verifyElementVisible(VerifyElementVisibleKeyword.groovy:97)
	at com.kms.katalon.core.webui.keyword.builtin.VerifyElementVisibleKeyword.execute(VerifyElementVisibleKeyword.groovy:67)
	at com.kms.katalon.core.keyword.internal.KeywordExecutor.executeKeywordForPlatform(KeywordExecutor.groovy:74)
	at com.kms.katalon.core.webui.keyword.WebUiBuiltInKeywords.verifyElementVisible(WebUiBuiltInKeywords.groovy:401)
	at com.kms.katalon.core.webui.keyword.WebUiBuiltInKeywords$verifyElementVisible$5.call(Unknown Source)
	at Verify Fix Errors Button.run(Verify Fix Errors Button:22)
	at com.kms.katalon.core.main.ScriptEngine.run(ScriptEngine.java:194)
	at com.kms.katalon.core.main.ScriptEngine.runScriptAsRawText(ScriptEngine.java:119)
	at com.kms.katalon.core.main.TestCaseExecutor.runScript(TestCaseExecutor.java:448)
	at com.kms.katalon.core.main.TestCaseExecutor.doExecute(TestCaseExecutor.java:439)
	at com.kms.katalon.core.main.TestCaseExecutor.processExecutionPhase(TestCaseExecutor.java:418)
	at com.kms.katalon.core.main.TestCaseExecutor.accessMainPhase(TestCaseExecutor.java:410)
	at com.kms.katalon.core.main.TestCaseExecutor.execute(TestCaseExecutor.java:285)
	at com.kms.katalon.core.common.CommonExecutor.accessTestCaseMainPhase(CommonExecutor.java:65)
	at com.kms.katalon.core.main.TestSuiteExecutor.accessTestSuiteMainPhase(TestSuiteExecutor.java:150)
	at com.kms.katalon.core.main.TestSuiteExecutor.execute(TestSuiteExecutor.java:106)
	at com.kms.katalon.core.main.TestCaseMain.startTestSuite(TestCaseMain.java:180)
	at com.kms.katalon.core.main.TestCaseMain$startTestSuite$0.call(Unknown Source)
	at TempTestSuite1761090815312.run(TempTestSuite1761090815312.groovy:35)
	at java.base/jdk.internal.reflect.NativeMethodAccessorImpl.invoke0(Native Method)
	at java.base/jdk.internal.reflect.NativeMethodAccessorImpl.invoke(NativeMethodAccessorImpl.java:77)
	at java.base/jdk.internal.reflect.DelegatingMethodAccessorImpl.invoke(DelegatingMethodAccessorImpl.java:43)
)

21-10-2025T22:03:54 - [MESSAGE][INFO] - Unable to find the element located by 'By.xpath: /html/body/div/div[1]/button'. Please recheck the objects properties to make sure the desired element is located. 

21-10-2025T22:03:54 - [MESSAGE][WARNING] - [SELF-HEALING] Failed to find element with id 'Object Repository/FIM/Server_Notification_Close_btn'. Try using Self-healing.

21-10-2025T22:03:55 - [MESSAGE][INFO] - [SELF-HEALING] No working XPath is found.

21-10-2025T22:03:57 - [MESSAGE][INFO] - Unable to find the element located by 'By.xpath: '. Please recheck the objects properties to make sure the desired element is located. 

21-10-2025T22:03:57 - [MESSAGE][WARNING] - [SELF-HEALING] Cannot find elements when the selector is null

21-10-2025T22:03:57 - [MESSAGE][WARNING] - Web element with id: 'Object Repository/FIM/Server_Notification_Close_btn' located by '/html/body/div/div[1]/button' not found (Root cause: com.kms.katalon.core.exception.StepFailedException: Web element with id: 'Object Repository/FIM/Server_Notification_Close_btn' located by '/html/body/div/div[1]/button' not found
	at com.kms.katalon.core.webui.keyword.internal.WebUIKeywordMain.stepFailed(WebUIKeywordMain.groovy:117)
	at com.kms.katalon.core.webui.keyword.builtin.VerifyElementVisibleKeyword$_verifyElementVisible_closure1.doCall(VerifyElementVisibleKeyword.groovy:89)
	at com.kms.katalon.core.webui.keyword.builtin.VerifyElementVisibleKeyword$_verifyElementVisible_closure1.call(VerifyElementVisibleKeyword.groovy)
	at com.kms.katalon.core.webui.keyword.internal.WebUIKeywordMain.runKeyword(WebUIKeywordMain.groovy:35)
	at com.kms.katalon.core.webui.keyword.builtin.VerifyElementVisibleKeyword.verifyElementVisible(VerifyElementVisibleKeyword.groovy:97)
	at com.kms.katalon.core.webui.keyword.builtin.VerifyElementVisibleKeyword.execute(VerifyElementVisibleKeyword.groovy:67)
	at com.kms.katalon.core.keyword.internal.KeywordExecutor.executeKeywordForPlatform(KeywordExecutor.groovy:74)
	at com.kms.katalon.core.webui.keyword.WebUiBuiltInKeywords.verifyElementVisible(WebUiBuiltInKeywords.groovy:401)
	at com.kms.katalon.core.webui.keyword.WebUiBuiltInKeywords$verifyElementVisible$5.call(Unknown Source)
	at Verify Fix Errors Button.run(Verify Fix Errors Button:22)
	at com.kms.katalon.core.main.ScriptEngine.run(ScriptEngine.java:194)
	at com.kms.katalon.core.main.ScriptEngine.runScriptAsRawText(ScriptEngine.java:119)
	at com.kms.katalon.core.main.TestCaseExecutor.runScript(TestCaseExecutor.java:448)
	at com.kms.katalon.core.main.TestCaseExecutor.doExecute(TestCaseExecutor.java:439)
	at com.kms.katalon.core.main.TestCaseExecutor.processExecutionPhase(TestCaseExecutor.java:418)
	at com.kms.katalon.core.main.TestCaseExecutor.accessMainPhase(TestCaseExecutor.java:410)
	at com.kms.katalon.core.main.TestCaseExecutor.execute(TestCaseExecutor.java:285)
	at com.kms.katalon.core.common.CommonExecutor.accessTestCaseMainPhase(CommonExecutor.java:65)
	at com.kms.katalon.core.main.TestSuiteExecutor.accessTestSuiteMainPhase(TestSuiteExecutor.java:150)
	at com.kms.katalon.core.main.TestSuiteExecutor.execute(TestSuiteExecutor.java:106)
	at com.kms.katalon.core.main.TestCaseMain.startTestSuite(TestCaseMain.java:180)
	at com.kms.katalon.core.main.TestCaseMain$startTestSuite$0.call(Unknown Source)
	at TempTestSuite1761090815312.run(TempTestSuite1761090815312.groovy:35)
	at java.base/jdk.internal.reflect.NativeMethodAccessorImpl.invoke0(Native Method)
	at java.base/jdk.internal.reflect.NativeMethodAccessorImpl.invoke(NativeMethodAccessorImpl.java:77)
	at java.base/jdk.internal.reflect.DelegatingMethodAccessorImpl.invoke(DelegatingMethodAccessorImpl.java:43)
)

21-10-2025T22:03:57 - [TEST_STEP][PASSED] - delay(1): Delayed 1 second(s)

21-10-2025T22:03:58 - [MESSAGE][PASSED] - Delayed 1 second(s)

21-10-2025T22:03:58 - [TEST_STEP][PASSED] - click(findTestObject("FIM/Hamburger Menu List/Hamburger_menu")): Object: 'Object Repository/FIM/Hamburger Menu List/Hamburger_menu' is clicked on

21-10-2025T22:03:59 - [MESSAGE][PASSED] - Object: 'Object Repository/FIM/Hamburger Menu List/Hamburger_menu' is clicked on

21-10-2025T22:03:59 - [TEST_STEP][PASSED] - verifyElementPresent(findTestObject("FIM/Hamburger Menu List/KAG_Sites_option"), 10): Object 'Object Repository/FIM/Hamburger Menu List/KAG_Sites_option' is present

21-10-2025T22:03:59 - [MESSAGE][PASSED] - Object 'Object Repository/FIM/Hamburger Menu List/KAG_Sites_option' is present

21-10-2025T22:03:59 - [TEST_STEP][PASSED] - delay(1): Delayed 1 second(s)

21-10-2025T22:04:00 - [MESSAGE][PASSED] - Delayed 1 second(s)

21-10-2025T22:04:00 - [TEST_STEP][PASSED] - click(findTestObject("FIM/Hamburger Menu List/KAG_Sites_option")): Object: 'Object Repository/FIM/Hamburger Menu List/KAG_Sites_option' is clicked on

21-10-2025T22:04:00 - [MESSAGE][PASSED] - Object: 'Object Repository/FIM/Hamburger Menu List/KAG_Sites_option' is clicked on

21-10-2025T22:04:00 - [TEST_STEP][PASSED] - waitForElementPresent(findTestObject("FIM/Sites Page/Calculator/Calculator Tab"), 10): Object 'Object Repository/FIM/Sites Page/Calculator/Calculator Tab' is present

21-10-2025T22:04:08 - [MESSAGE][PASSED] - Object 'Object Repository/FIM/Sites Page/Calculator/Calculator Tab' is present

21-10-2025T22:04:08 - [TEST_STEP][PASSED] - while (i < 60 == true): null

21-10-2025T22:04:08 - [TEST_STEP][PASSED] - sendKeys(findTestObject("FIM/Sites Page/Site Filtering/Site_txt"), Keys.chord(BACK_SPACE), STOP_ON_FAILURE): Keys 'BACK_SPACE + ' sent to object: 'Object Repository/FIM/Sites Page/Site Filtering/Site_txt'

21-10-2025T22:04:10 - [MESSAGE][PASSED] - Keys 'BACK_SPACE + ' sent to object: 'Object Repository/FIM/Sites Page/Site Filtering/Site_txt'

21-10-2025T22:04:10 - [TEST_STEP][PASSED] - (i++): null

21-10-2025T22:04:10 - [TEST_STEP][PASSED] - sendKeys(findTestObject("FIM/Sites Page/Site Filtering/Site_txt"), Keys.chord(BACK_SPACE), STOP_ON_FAILURE): Keys 'BACK_SPACE + ' sent to object: 'Object Repository/FIM/Sites Page/Site Filtering/Site_txt'

21-10-2025T22:04:10 - [MESSAGE][PASSED] - Keys 'BACK_SPACE + ' sent to object: 'Object Repository/FIM/Sites Page/Site Filtering/Site_txt'

21-10-2025T22:04:10 - [TEST_STEP][PASSED] - (i++): null

21-10-2025T22:04:10 - [TEST_STEP][PASSED] - sendKeys(findTestObject("FIM/Sites Page/Site Filtering/Site_txt"), Keys.chord(BACK_SPACE), STOP_ON_FAILURE): Keys 'BACK_SPACE + ' sent to object: 'Object Repository/FIM/Sites Page/Site Filtering/Site_txt'

21-10-2025T22:04:10 - [MESSAGE][PASSED] - Keys 'BACK_SPACE + ' sent to object: 'Object Repository/FIM/Sites Page/Site Filtering/Site_txt'

21-10-2025T22:04:10 - [TEST_STEP][PASSED] - (i++): null

21-10-2025T22:04:10 - [TEST_STEP][PASSED] - sendKeys(findTestObject("FIM/Sites Page/Site Filtering/Site_txt"), Keys.chord(BACK_SPACE), STOP_ON_FAILURE): Keys 'BACK_SPACE + ' sent to object: 'Object Repository/FIM/Sites Page/Site Filtering/Site_txt'

21-10-2025T22:04:10 - [MESSAGE][PASSED] - Keys 'BACK_SPACE + ' sent to object: 'Object Repository/FIM/Sites Page/Site Filtering/Site_txt'

21-10-2025T22:04:10 - [TEST_STEP][PASSED] - (i++): null

21-10-2025T22:04:10 - [TEST_STEP][PASSED] - sendKeys(findTestObject("FIM/Sites Page/Site Filtering/Site_txt"), Keys.chord(BACK_SPACE), STOP_ON_FAILURE): Keys 'BACK_SPACE + ' sent to object: 'Object Repository/FIM/Sites Page/Site Filtering/Site_txt'

21-10-2025T22:04:10 - [MESSAGE][PASSED] - Keys 'BACK_SPACE + ' sent to object: 'Object Repository/FIM/Sites Page/Site Filtering/Site_txt'

21-10-2025T22:04:10 - [TEST_STEP][PASSED] - (i++): null

21-10-2025T22:04:10 - [TEST_STEP][PASSED] - sendKeys(findTestObject("FIM/Sites Page/Site Filtering/Site_txt"), Keys.chord(BACK_SPACE), STOP_ON_FAILURE): Keys 'BACK_SPACE + ' sent to object: 'Object Repository/FIM/Sites Page/Site Filtering/Site_txt'

21-10-2025T22:04:10 - [MESSAGE][PASSED] - Keys 'BACK_SPACE + ' sent to object: 'Object Repository/FIM/Sites Page/Site Filtering/Site_txt'

21-10-2025T22:04:10 - [TEST_STEP][PASSED] - (i++): null

21-10-2025T22:04:10 - [TEST_STEP][PASSED] - sendKeys(findTestObject("FIM/Sites Page/Site Filtering/Site_txt"), Keys.chord(BACK_SPACE), STOP_ON_FAILURE): Keys 'BACK_SPACE + ' sent to object: 'Object Repository/FIM/Sites Page/Site Filtering/Site_txt'

21-10-2025T22:04:10 - [MESSAGE][PASSED] - Keys 'BACK_SPACE + ' sent to object: 'Object Repository/FIM/Sites Page/Site Filtering/Site_txt'

21-10-2025T22:04:10 - [TEST_STEP][PASSED] - (i++): null

21-10-2025T22:04:10 - [TEST_STEP][PASSED] - sendKeys(findTestObject("FIM/Sites Page/Site Filtering/Site_txt"), Keys.chord(BACK_SPACE), STOP_ON_FAILURE): Keys 'BACK_SPACE + ' sent to object: 'Object Repository/FIM/Sites Page/Site Filtering/Site_txt'

21-10-2025T22:04:10 - [MESSAGE][PASSED] - Keys 'BACK_SPACE + ' sent to object: 'Object Repository/FIM/Sites Page/Site Filtering/Site_txt'

21-10-2025T22:04:10 - [TEST_STEP][PASSED] - (i++): null

21-10-2025T22:04:10 - [TEST_STEP][PASSED] - sendKeys(findTestObject("FIM/Sites Page/Site Filtering/Site_txt"), Keys.chord(BACK_SPACE), STOP_ON_FAILURE): Keys 'BACK_SPACE + ' sent to object: 'Object Repository/FIM/Sites Page/Site Filtering/Site_txt'

21-10-2025T22:04:10 - [MESSAGE][PASSED] - Keys 'BACK_SPACE + ' sent to object: 'Object Repository/FIM/Sites Page/Site Filtering/Site_txt'

21-10-2025T22:04:10 - [TEST_STEP][PASSED] - (i++): null

21-10-2025T22:04:10 - [TEST_STEP][PASSED] - sendKeys(findTestObject("FIM/Sites Page/Site Filtering/Site_txt"), Keys.chord(BACK_SPACE), STOP_ON_FAILURE): Keys 'BACK_SPACE + ' sent to object: 'Object Repository/FIM/Sites Page/Site Filtering/Site_txt'

21-10-2025T22:04:10 - [MESSAGE][PASSED] - Keys 'BACK_SPACE + ' sent to object: 'Object Repository/FIM/Sites Page/Site Filtering/Site_txt'

21-10-2025T22:04:10 - [TEST_STEP][PASSED] - (i++): null

21-10-2025T22:04:10 - [TEST_STEP][PASSED] - sendKeys(findTestObject("FIM/Sites Page/Site Filtering/Site_txt"), Keys.chord(BACK_SPACE), STOP_ON_FAILURE): Keys 'BACK_SPACE + ' sent to object: 'Object Repository/FIM/Sites Page/Site Filtering/Site_txt'

21-10-2025T22:04:10 - [MESSAGE][PASSED] - Keys 'BACK_SPACE + ' sent to object: 'Object Repository/FIM/Sites Page/Site Filtering/Site_txt'

21-10-2025T22:04:10 - [TEST_STEP][PASSED] - (i++): null

21-10-2025T22:04:10 - [TEST_STEP][PASSED] - sendKeys(findTestObject("FIM/Sites Page/Site Filtering/Site_txt"), Keys.chord(BACK_SPACE), STOP_ON_FAILURE): Keys 'BACK_SPACE + ' sent to object: 'Object Repository/FIM/Sites Page/Site Filtering/Site_txt'

21-10-2025T22:04:11 - [MESSAGE][PASSED] - Keys 'BACK_SPACE + ' sent to object: 'Object Repository/FIM/Sites Page/Site Filtering/Site_txt'

21-10-2025T22:04:11 - [TEST_STEP][PASSED] - (i++): null

21-10-2025T22:04:11 - [TEST_STEP][PASSED] - sendKeys(findTestObject("FIM/Sites Page/Site Filtering/Site_txt"), Keys.chord(BACK_SPACE), STOP_ON_FAILURE): Keys 'BACK_SPACE + ' sent to object: 'Object Repository/FIM/Sites Page/Site Filtering/Site_txt'

21-10-2025T22:04:11 - [MESSAGE][PASSED] - Keys 'BACK_SPACE + ' sent to object: 'Object Repository/FIM/Sites Page/Site Filtering/Site_txt'

21-10-2025T22:04:11 - [TEST_STEP][PASSED] - (i++): null

21-10-2025T22:04:11 - [TEST_STEP][PASSED] - sendKeys(findTestObject("FIM/Sites Page/Site Filtering/Site_txt"), Keys.chord(BACK_SPACE), STOP_ON_FAILURE): Keys 'BACK_SPACE + ' sent to object: 'Object Repository/FIM/Sites Page/Site Filtering/Site_txt'

21-10-2025T22:04:11 - [MESSAGE][PASSED] - Keys 'BACK_SPACE + ' sent to object: 'Object Repository/FIM/Sites Page/Site Filtering/Site_txt'

21-10-2025T22:04:11 - [TEST_STEP][PASSED] - (i++): null

21-10-2025T22:04:11 - [TEST_STEP][PASSED] - sendKeys(findTestObject("FIM/Sites Page/Site Filtering/Site_txt"), Keys.chord(BACK_SPACE), STOP_ON_FAILURE): Keys 'BACK_SPACE + ' sent to object: 'Object Repository/FIM/Sites Page/Site Filtering/Site_txt'

21-10-2025T22:04:11 - [MESSAGE][PASSED] - Keys 'BACK_SPACE + ' sent to object: 'Object Repository/FIM/Sites Page/Site Filtering/Site_txt'

21-10-2025T22:04:11 - [TEST_STEP][PASSED] - (i++): null

21-10-2025T22:04:11 - [TEST_STEP][PASSED] - sendKeys(findTestObject("FIM/Sites Page/Site Filtering/Site_txt"), Keys.chord(BACK_SPACE), STOP_ON_FAILURE): Keys 'BACK_SPACE + ' sent to object: 'Object Repository/FIM/Sites Page/Site Filtering/Site_txt'

21-10-2025T22:04:11 - [MESSAGE][PASSED] - Keys 'BACK_SPACE + ' sent to object: 'Object Repository/FIM/Sites Page/Site Filtering/Site_txt'

21-10-2025T22:04:11 - [TEST_STEP][PASSED] - (i++): null

21-10-2025T22:04:11 - [TEST_STEP][PASSED] - sendKeys(findTestObject("FIM/Sites Page/Site Filtering/Site_txt"), Keys.chord(BACK_SPACE), STOP_ON_FAILURE): Keys 'BACK_SPACE + ' sent to object: 'Object Repository/FIM/Sites Page/Site Filtering/Site_txt'

21-10-2025T22:04:11 - [MESSAGE][PASSED] - Keys 'BACK_SPACE + ' sent to object: 'Object Repository/FIM/Sites Page/Site Filtering/Site_txt'

21-10-2025T22:04:11 - [TEST_STEP][PASSED] - (i++): null

21-10-2025T22:04:11 - [TEST_STEP][PASSED] - sendKeys(findTestObject("FIM/Sites Page/Site Filtering/Site_txt"), Keys.chord(BACK_SPACE), STOP_ON_FAILURE): Keys 'BACK_SPACE + ' sent to object: 'Object Repository/FIM/Sites Page/Site Filtering/Site_txt'

21-10-2025T22:04:11 - [MESSAGE][PASSED] - Keys 'BACK_SPACE + ' sent to object: 'Object Repository/FIM/Sites Page/Site Filtering/Site_txt'

21-10-2025T22:04:11 - [TEST_STEP][PASSED] - (i++): null

21-10-2025T22:04:11 - [TEST_STEP][PASSED] - sendKeys(findTestObject("FIM/Sites Page/Site Filtering/Site_txt"), Keys.chord(BACK_SPACE), STOP_ON_FAILURE): Keys 'BACK_SPACE + ' sent to object: 'Object Repository/FIM/Sites Page/Site Filtering/Site_txt'

21-10-2025T22:04:11 - [MESSAGE][PASSED] - Keys 'BACK_SPACE + ' sent to object: 'Object Repository/FIM/Sites Page/Site Filtering/Site_txt'

21-10-2025T22:04:11 - [TEST_STEP][PASSED] - (i++): null

21-10-2025T22:04:11 - [TEST_STEP][PASSED] - sendKeys(findTestObject("FIM/Sites Page/Site Filtering/Site_txt"), Keys.chord(BACK_SPACE), STOP_ON_FAILURE): Keys 'BACK_SPACE + ' sent to object: 'Object Repository/FIM/Sites Page/Site Filtering/Site_txt'

21-10-2025T22:04:11 - [MESSAGE][PASSED] - Keys 'BACK_SPACE + ' sent to object: 'Object Repository/FIM/Sites Page/Site Filtering/Site_txt'

21-10-2025T22:04:11 - [TEST_STEP][PASSED] - (i++): null

21-10-2025T22:04:11 - [TEST_STEP][PASSED] - sendKeys(findTestObject("FIM/Sites Page/Site Filtering/Site_txt"), Keys.chord(BACK_SPACE), STOP_ON_FAILURE): Keys 'BACK_SPACE + ' sent to object: 'Object Repository/FIM/Sites Page/Site Filtering/Site_txt'

21-10-2025T22:04:11 - [MESSAGE][PASSED] - Keys 'BACK_SPACE + ' sent to object: 'Object Repository/FIM/Sites Page/Site Filtering/Site_txt'

21-10-2025T22:04:11 - [TEST_STEP][PASSED] - (i++): null

21-10-2025T22:04:11 - [TEST_STEP][PASSED] - sendKeys(findTestObject("FIM/Sites Page/Site Filtering/Site_txt"), Keys.chord(BACK_SPACE), STOP_ON_FAILURE): Keys 'BACK_SPACE + ' sent to object: 'Object Repository/FIM/Sites Page/Site Filtering/Site_txt'

21-10-2025T22:04:11 - [MESSAGE][PASSED] - Keys 'BACK_SPACE + ' sent to object: 'Object Repository/FIM/Sites Page/Site Filtering/Site_txt'

21-10-2025T22:04:11 - [TEST_STEP][PASSED] - (i++): null

21-10-2025T22:04:11 - [TEST_STEP][PASSED] - sendKeys(findTestObject("FIM/Sites Page/Site Filtering/Site_txt"), Keys.chord(BACK_SPACE), STOP_ON_FAILURE): Keys 'BACK_SPACE + ' sent to object: 'Object Repository/FIM/Sites Page/Site Filtering/Site_txt'

21-10-2025T22:04:12 - [MESSAGE][PASSED] - Keys 'BACK_SPACE + ' sent to object: 'Object Repository/FIM/Sites Page/Site Filtering/Site_txt'

21-10-2025T22:04:12 - [TEST_STEP][PASSED] - (i++): null

21-10-2025T22:04:12 - [TEST_STEP][PASSED] - sendKeys(findTestObject("FIM/Sites Page/Site Filtering/Site_txt"), Keys.chord(BACK_SPACE), STOP_ON_FAILURE): Keys 'BACK_SPACE + ' sent to object: 'Object Repository/FIM/Sites Page/Site Filtering/Site_txt'

21-10-2025T22:04:12 - [MESSAGE][PASSED] - Keys 'BACK_SPACE + ' sent to object: 'Object Repository/FIM/Sites Page/Site Filtering/Site_txt'

21-10-2025T22:04:12 - [TEST_STEP][PASSED] - (i++): null

21-10-2025T22:04:12 - [TEST_STEP][PASSED] - sendKeys(findTestObject("FIM/Sites Page/Site Filtering/Site_txt"), Keys.chord(BACK_SPACE), STOP_ON_FAILURE): Keys 'BACK_SPACE + ' sent to object: 'Object Repository/FIM/Sites Page/Site Filtering/Site_txt'

21-10-2025T22:04:12 - [MESSAGE][PASSED] - Keys 'BACK_SPACE + ' sent to object: 'Object Repository/FIM/Sites Page/Site Filtering/Site_txt'

21-10-2025T22:04:12 - [TEST_STEP][PASSED] - (i++): null

21-10-2025T22:04:12 - [TEST_STEP][PASSED] - sendKeys(findTestObject("FIM/Sites Page/Site Filtering/Site_txt"), Keys.chord(BACK_SPACE), STOP_ON_FAILURE): Keys 'BACK_SPACE + ' sent to object: 'Object Repository/FIM/Sites Page/Site Filtering/Site_txt'

21-10-2025T22:04:12 - [MESSAGE][PASSED] - Keys 'BACK_SPACE + ' sent to object: 'Object Repository/FIM/Sites Page/Site Filtering/Site_txt'

21-10-2025T22:04:12 - [TEST_STEP][PASSED] - (i++): null

21-10-2025T22:04:12 - [TEST_STEP][PASSED] - sendKeys(findTestObject("FIM/Sites Page/Site Filtering/Site_txt"), Keys.chord(BACK_SPACE), STOP_ON_FAILURE): Keys 'BACK_SPACE + ' sent to object: 'Object Repository/FIM/Sites Page/Site Filtering/Site_txt'

21-10-2025T22:04:12 - [MESSAGE][PASSED] - Keys 'BACK_SPACE + ' sent to object: 'Object Repository/FIM/Sites Page/Site Filtering/Site_txt'

21-10-2025T22:04:12 - [TEST_STEP][PASSED] - (i++): null

21-10-2025T22:04:12 - [TEST_STEP][PASSED] - sendKeys(findTestObject("FIM/Sites Page/Site Filtering/Site_txt"), Keys.chord(BACK_SPACE), STOP_ON_FAILURE): Keys 'BACK_SPACE + ' sent to object: 'Object Repository/FIM/Sites Page/Site Filtering/Site_txt'

21-10-2025T22:04:12 - [MESSAGE][PASSED] - Keys 'BACK_SPACE + ' sent to object: 'Object Repository/FIM/Sites Page/Site Filtering/Site_txt'

21-10-2025T22:04:12 - [TEST_STEP][PASSED] - (i++): null

21-10-2025T22:04:12 - [TEST_STEP][PASSED] - sendKeys(findTestObject("FIM/Sites Page/Site Filtering/Site_txt"), Keys.chord(BACK_SPACE), STOP_ON_FAILURE): Keys 'BACK_SPACE + ' sent to object: 'Object Repository/FIM/Sites Page/Site Filtering/Site_txt'

21-10-2025T22:04:12 - [MESSAGE][PASSED] - Keys 'BACK_SPACE + ' sent to object: 'Object Repository/FIM/Sites Page/Site Filtering/Site_txt'

21-10-2025T22:04:12 - [TEST_STEP][PASSED] - (i++): null

21-10-2025T22:04:12 - [TEST_STEP][PASSED] - sendKeys(findTestObject("FIM/Sites Page/Site Filtering/Site_txt"), Keys.chord(BACK_SPACE), STOP_ON_FAILURE): Keys 'BACK_SPACE + ' sent to object: 'Object Repository/FIM/Sites Page/Site Filtering/Site_txt'

21-10-2025T22:04:12 - [MESSAGE][PASSED] - Keys 'BACK_SPACE + ' sent to object: 'Object Repository/FIM/Sites Page/Site Filtering/Site_txt'

21-10-2025T22:04:12 - [TEST_STEP][PASSED] - (i++): null

21-10-2025T22:04:12 - [TEST_STEP][PASSED] - sendKeys(findTestObject("FIM/Sites Page/Site Filtering/Site_txt"), Keys.chord(BACK_SPACE), STOP_ON_FAILURE): Keys 'BACK_SPACE + ' sent to object: 'Object Repository/FIM/Sites Page/Site Filtering/Site_txt'

21-10-2025T22:04:12 - [MESSAGE][PASSED] - Keys 'BACK_SPACE + ' sent to object: 'Object Repository/FIM/Sites Page/Site Filtering/Site_txt'

21-10-2025T22:04:12 - [TEST_STEP][PASSED] - (i++): null

21-10-2025T22:04:12 - [TEST_STEP][PASSED] - sendKeys(findTestObject("FIM/Sites Page/Site Filtering/Site_txt"), Keys.chord(BACK_SPACE), STOP_ON_FAILURE): Keys 'BACK_SPACE + ' sent to object: 'Object Repository/FIM/Sites Page/Site Filtering/Site_txt'

21-10-2025T22:04:12 - [MESSAGE][PASSED] - Keys 'BACK_SPACE + ' sent to object: 'Object Repository/FIM/Sites Page/Site Filtering/Site_txt'

21-10-2025T22:04:12 - [TEST_STEP][PASSED] - (i++): null

21-10-2025T22:04:12 - [TEST_STEP][PASSED] - sendKeys(findTestObject("FIM/Sites Page/Site Filtering/Site_txt"), Keys.chord(BACK_SPACE), STOP_ON_FAILURE): Keys 'BACK_SPACE + ' sent to object: 'Object Repository/FIM/Sites Page/Site Filtering/Site_txt'

21-10-2025T22:04:12 - [MESSAGE][PASSED] - Keys 'BACK_SPACE + ' sent to object: 'Object Repository/FIM/Sites Page/Site Filtering/Site_txt'

21-10-2025T22:04:12 - [TEST_STEP][PASSED] - (i++): null

21-10-2025T22:04:12 - [TEST_STEP][PASSED] - sendKeys(findTestObject("FIM/Sites Page/Site Filtering/Site_txt"), Keys.chord(BACK_SPACE), STOP_ON_FAILURE): Keys 'BACK_SPACE + ' sent to object: 'Object Repository/FIM/Sites Page/Site Filtering/Site_txt'

21-10-2025T22:04:12 - [MESSAGE][PASSED] - Keys 'BACK_SPACE + ' sent to object: 'Object Repository/FIM/Sites Page/Site Filtering/Site_txt'

21-10-2025T22:04:12 - [TEST_STEP][PASSED] - (i++): null

21-10-2025T22:04:12 - [TEST_STEP][PASSED] - sendKeys(findTestObject("FIM/Sites Page/Site Filtering/Site_txt"), Keys.chord(BACK_SPACE), STOP_ON_FAILURE): Keys 'BACK_SPACE + ' sent to object: 'Object Repository/FIM/Sites Page/Site Filtering/Site_txt'

21-10-2025T22:04:13 - [MESSAGE][PASSED] - Keys 'BACK_SPACE + ' sent to object: 'Object Repository/FIM/Sites Page/Site Filtering/Site_txt'

21-10-2025T22:04:13 - [TEST_STEP][PASSED] - (i++): null

21-10-2025T22:04:13 - [TEST_STEP][PASSED] - sendKeys(findTestObject("FIM/Sites Page/Site Filtering/Site_txt"), Keys.chord(BACK_SPACE), STOP_ON_FAILURE): Keys 'BACK_SPACE + ' sent to object: 'Object Repository/FIM/Sites Page/Site Filtering/Site_txt'

21-10-2025T22:04:13 - [MESSAGE][PASSED] - Keys 'BACK_SPACE + ' sent to object: 'Object Repository/FIM/Sites Page/Site Filtering/Site_txt'

21-10-2025T22:04:13 - [TEST_STEP][PASSED] - (i++): null

21-10-2025T22:04:13 - [TEST_STEP][PASSED] - sendKeys(findTestObject("FIM/Sites Page/Site Filtering/Site_txt"), Keys.chord(BACK_SPACE), STOP_ON_FAILURE): Keys 'BACK_SPACE + ' sent to object: 'Object Repository/FIM/Sites Page/Site Filtering/Site_txt'

21-10-2025T22:04:13 - [MESSAGE][PASSED] - Keys 'BACK_SPACE + ' sent to object: 'Object Repository/FIM/Sites Page/Site Filtering/Site_txt'

21-10-2025T22:04:13 - [TEST_STEP][PASSED] - (i++): null

21-10-2025T22:04:13 - [TEST_STEP][PASSED] - sendKeys(findTestObject("FIM/Sites Page/Site Filtering/Site_txt"), Keys.chord(BACK_SPACE), STOP_ON_FAILURE): Keys 'BACK_SPACE + ' sent to object: 'Object Repository/FIM/Sites Page/Site Filtering/Site_txt'

21-10-2025T22:04:13 - [MESSAGE][PASSED] - Keys 'BACK_SPACE + ' sent to object: 'Object Repository/FIM/Sites Page/Site Filtering/Site_txt'

21-10-2025T22:04:13 - [TEST_STEP][PASSED] - (i++): null

21-10-2025T22:04:13 - [TEST_STEP][PASSED] - sendKeys(findTestObject("FIM/Sites Page/Site Filtering/Site_txt"), Keys.chord(BACK_SPACE), STOP_ON_FAILURE): Keys 'BACK_SPACE + ' sent to object: 'Object Repository/FIM/Sites Page/Site Filtering/Site_txt'

21-10-2025T22:04:13 - [MESSAGE][PASSED] - Keys 'BACK_SPACE + ' sent to object: 'Object Repository/FIM/Sites Page/Site Filtering/Site_txt'

21-10-2025T22:04:13 - [TEST_STEP][PASSED] - (i++): null

21-10-2025T22:04:13 - [TEST_STEP][PASSED] - sendKeys(findTestObject("FIM/Sites Page/Site Filtering/Site_txt"), Keys.chord(BACK_SPACE), STOP_ON_FAILURE): Keys 'BACK_SPACE + ' sent to object: 'Object Repository/FIM/Sites Page/Site Filtering/Site_txt'

21-10-2025T22:04:13 - [MESSAGE][PASSED] - Keys 'BACK_SPACE + ' sent to object: 'Object Repository/FIM/Sites Page/Site Filtering/Site_txt'

21-10-2025T22:04:13 - [TEST_STEP][PASSED] - (i++): null

21-10-2025T22:04:13 - [TEST_STEP][PASSED] - sendKeys(findTestObject("FIM/Sites Page/Site Filtering/Site_txt"), Keys.chord(BACK_SPACE), STOP_ON_FAILURE): Keys 'BACK_SPACE + ' sent to object: 'Object Repository/FIM/Sites Page/Site Filtering/Site_txt'

21-10-2025T22:04:13 - [MESSAGE][PASSED] - Keys 'BACK_SPACE + ' sent to object: 'Object Repository/FIM/Sites Page/Site Filtering/Site_txt'

21-10-2025T22:04:13 - [TEST_STEP][PASSED] - (i++): null

21-10-2025T22:04:13 - [TEST_STEP][PASSED] - sendKeys(findTestObject("FIM/Sites Page/Site Filtering/Site_txt"), Keys.chord(BACK_SPACE), STOP_ON_FAILURE): Keys 'BACK_SPACE + ' sent to object: 'Object Repository/FIM/Sites Page/Site Filtering/Site_txt'

21-10-2025T22:04:13 - [MESSAGE][PASSED] - Keys 'BACK_SPACE + ' sent to object: 'Object Repository/FIM/Sites Page/Site Filtering/Site_txt'

21-10-2025T22:04:13 - [TEST_STEP][PASSED] - (i++): null

21-10-2025T22:04:13 - [TEST_STEP][PASSED] - sendKeys(findTestObject("FIM/Sites Page/Site Filtering/Site_txt"), Keys.chord(BACK_SPACE), STOP_ON_FAILURE): Keys 'BACK_SPACE + ' sent to object: 'Object Repository/FIM/Sites Page/Site Filtering/Site_txt'

21-10-2025T22:04:13 - [MESSAGE][PASSED] - Keys 'BACK_SPACE + ' sent to object: 'Object Repository/FIM/Sites Page/Site Filtering/Site_txt'

21-10-2025T22:04:13 - [TEST_STEP][PASSED] - (i++): null

21-10-2025T22:04:13 - [TEST_STEP][PASSED] - sendKeys(findTestObject("FIM/Sites Page/Site Filtering/Site_txt"), Keys.chord(BACK_SPACE), STOP_ON_FAILURE): Keys 'BACK_SPACE + ' sent to object: 'Object Repository/FIM/Sites Page/Site Filtering/Site_txt'

21-10-2025T22:04:13 - [MESSAGE][PASSED] - Keys 'BACK_SPACE + ' sent to object: 'Object Repository/FIM/Sites Page/Site Filtering/Site_txt'

21-10-2025T22:04:13 - [TEST_STEP][PASSED] - (i++): null

21-10-2025T22:04:13 - [TEST_STEP][PASSED] - sendKeys(findTestObject("FIM/Sites Page/Site Filtering/Site_txt"), Keys.chord(BACK_SPACE), STOP_ON_FAILURE): Keys 'BACK_SPACE + ' sent to object: 'Object Repository/FIM/Sites Page/Site Filtering/Site_txt'

21-10-2025T22:04:13 - [MESSAGE][PASSED] - Keys 'BACK_SPACE + ' sent to object: 'Object Repository/FIM/Sites Page/Site Filtering/Site_txt'

21-10-2025T22:04:13 - [TEST_STEP][PASSED] - (i++): null

21-10-2025T22:04:13 - [TEST_STEP][PASSED] - sendKeys(findTestObject("FIM/Sites Page/Site Filtering/Site_txt"), Keys.chord(BACK_SPACE), STOP_ON_FAILURE): Keys 'BACK_SPACE + ' sent to object: 'Object Repository/FIM/Sites Page/Site Filtering/Site_txt'

21-10-2025T22:04:14 - [MESSAGE][PASSED] - Keys 'BACK_SPACE + ' sent to object: 'Object Repository/FIM/Sites Page/Site Filtering/Site_txt'

21-10-2025T22:04:14 - [TEST_STEP][PASSED] - (i++): null

21-10-2025T22:04:14 - [TEST_STEP][PASSED] - sendKeys(findTestObject("FIM/Sites Page/Site Filtering/Site_txt"), Keys.chord(BACK_SPACE), STOP_ON_FAILURE): Keys 'BACK_SPACE + ' sent to object: 'Object Repository/FIM/Sites Page/Site Filtering/Site_txt'

21-10-2025T22:04:14 - [MESSAGE][PASSED] - Keys 'BACK_SPACE + ' sent to object: 'Object Repository/FIM/Sites Page/Site Filtering/Site_txt'

21-10-2025T22:04:14 - [TEST_STEP][PASSED] - (i++): null

21-10-2025T22:04:14 - [TEST_STEP][PASSED] - sendKeys(findTestObject("FIM/Sites Page/Site Filtering/Site_txt"), Keys.chord(BACK_SPACE), STOP_ON_FAILURE): Keys 'BACK_SPACE + ' sent to object: 'Object Repository/FIM/Sites Page/Site Filtering/Site_txt'

21-10-2025T22:04:14 - [MESSAGE][PASSED] - Keys 'BACK_SPACE + ' sent to object: 'Object Repository/FIM/Sites Page/Site Filtering/Site_txt'

21-10-2025T22:04:14 - [TEST_STEP][PASSED] - (i++): null

21-10-2025T22:04:14 - [TEST_STEP][PASSED] - sendKeys(findTestObject("FIM/Sites Page/Site Filtering/Site_txt"), Keys.chord(BACK_SPACE), STOP_ON_FAILURE): Keys 'BACK_SPACE + ' sent to object: 'Object Repository/FIM/Sites Page/Site Filtering/Site_txt'

21-10-2025T22:04:14 - [MESSAGE][PASSED] - Keys 'BACK_SPACE + ' sent to object: 'Object Repository/FIM/Sites Page/Site Filtering/Site_txt'

21-10-2025T22:04:14 - [TEST_STEP][PASSED] - (i++): null

21-10-2025T22:04:14 - [TEST_STEP][PASSED] - sendKeys(findTestObject("FIM/Sites Page/Site Filtering/Site_txt"), Keys.chord(BACK_SPACE), STOP_ON_FAILURE): Keys 'BACK_SPACE + ' sent to object: 'Object Repository/FIM/Sites Page/Site Filtering/Site_txt'

21-10-2025T22:04:14 - [MESSAGE][PASSED] - Keys 'BACK_SPACE + ' sent to object: 'Object Repository/FIM/Sites Page/Site Filtering/Site_txt'

21-10-2025T22:04:14 - [TEST_STEP][PASSED] - (i++): null

21-10-2025T22:04:14 - [TEST_STEP][PASSED] - sendKeys(findTestObject("FIM/Sites Page/Site Filtering/Site_txt"), Keys.chord(BACK_SPACE), STOP_ON_FAILURE): Keys 'BACK_SPACE + ' sent to object: 'Object Repository/FIM/Sites Page/Site Filtering/Site_txt'

21-10-2025T22:04:14 - [MESSAGE][PASSED] - Keys 'BACK_SPACE + ' sent to object: 'Object Repository/FIM/Sites Page/Site Filtering/Site_txt'

21-10-2025T22:04:14 - [TEST_STEP][PASSED] - (i++): null

21-10-2025T22:04:14 - [TEST_STEP][PASSED] - sendKeys(findTestObject("FIM/Sites Page/Site Filtering/Site_txt"), Keys.chord(BACK_SPACE), STOP_ON_FAILURE): Keys 'BACK_SPACE + ' sent to object: 'Object Repository/FIM/Sites Page/Site Filtering/Site_txt'

21-10-2025T22:04:15 - [MESSAGE][PASSED] - Keys 'BACK_SPACE + ' sent to object: 'Object Repository/FIM/Sites Page/Site Filtering/Site_txt'

21-10-2025T22:04:15 - [TEST_STEP][PASSED] - (i++): null

21-10-2025T22:04:15 - [TEST_STEP][PASSED] - sendKeys(findTestObject("FIM/Sites Page/Site Filtering/Site_txt"), Keys.chord(BACK_SPACE), STOP_ON_FAILURE): Keys 'BACK_SPACE + ' sent to object: 'Object Repository/FIM/Sites Page/Site Filtering/Site_txt'

21-10-2025T22:04:15 - [MESSAGE][PASSED] - Keys 'BACK_SPACE + ' sent to object: 'Object Repository/FIM/Sites Page/Site Filtering/Site_txt'

21-10-2025T22:04:15 - [TEST_STEP][PASSED] - (i++): null

21-10-2025T22:04:15 - [TEST_STEP][PASSED] - sendKeys(findTestObject("FIM/Sites Page/Site Filtering/Site_txt"), Keys.chord(BACK_SPACE), STOP_ON_FAILURE): Keys 'BACK_SPACE + ' sent to object: 'Object Repository/FIM/Sites Page/Site Filtering/Site_txt'

21-10-2025T22:04:15 - [MESSAGE][PASSED] - Keys 'BACK_SPACE + ' sent to object: 'Object Repository/FIM/Sites Page/Site Filtering/Site_txt'

21-10-2025T22:04:15 - [TEST_STEP][PASSED] - (i++): null

21-10-2025T22:04:15 - [TEST_STEP][PASSED] - sendKeys(findTestObject("FIM/Sites Page/Site Filtering/Site_txt"), Keys.chord(BACK_SPACE), STOP_ON_FAILURE): Keys 'BACK_SPACE + ' sent to object: 'Object Repository/FIM/Sites Page/Site Filtering/Site_txt'

21-10-2025T22:04:15 - [MESSAGE][PASSED] - Keys 'BACK_SPACE + ' sent to object: 'Object Repository/FIM/Sites Page/Site Filtering/Site_txt'

21-10-2025T22:04:15 - [TEST_STEP][PASSED] - (i++): null

21-10-2025T22:04:15 - [TEST_STEP][PASSED] - sendKeys(findTestObject("FIM/Sites Page/Site Filtering/Site_txt"), Keys.chord(BACK_SPACE), STOP_ON_FAILURE): Keys 'BACK_SPACE + ' sent to object: 'Object Repository/FIM/Sites Page/Site Filtering/Site_txt'

21-10-2025T22:04:15 - [MESSAGE][PASSED] - Keys 'BACK_SPACE + ' sent to object: 'Object Repository/FIM/Sites Page/Site Filtering/Site_txt'

21-10-2025T22:04:15 - [TEST_STEP][PASSED] - (i++): null

21-10-2025T22:04:15 - [TEST_STEP][PASSED] - sendKeys(findTestObject("FIM/Sites Page/Site Filtering/Site_txt"), Keys.chord(BACK_SPACE), STOP_ON_FAILURE): Keys 'BACK_SPACE + ' sent to object: 'Object Repository/FIM/Sites Page/Site Filtering/Site_txt'

21-10-2025T22:04:15 - [MESSAGE][PASSED] - Keys 'BACK_SPACE + ' sent to object: 'Object Repository/FIM/Sites Page/Site Filtering/Site_txt'

21-10-2025T22:04:15 - [TEST_STEP][PASSED] - (i++): null

21-10-2025T22:04:15 - [TEST_STEP][PASSED] - sendKeys(findTestObject("FIM/Sites Page/Site Filtering/Site_txt"), Keys.chord(BACK_SPACE), STOP_ON_FAILURE): Keys 'BACK_SPACE + ' sent to object: 'Object Repository/FIM/Sites Page/Site Filtering/Site_txt'

21-10-2025T22:04:16 - [MESSAGE][PASSED] - Keys 'BACK_SPACE + ' sent to object: 'Object Repository/FIM/Sites Page/Site Filtering/Site_txt'

21-10-2025T22:04:16 - [TEST_STEP][PASSED] - (i++): null

21-10-2025T22:04:16 - [TEST_STEP][PASSED] - sendKeys(findTestObject("FIM/Sites Page/Site Filtering/Site_txt"), Keys.chord(BACK_SPACE), STOP_ON_FAILURE): Keys 'BACK_SPACE + ' sent to object: 'Object Repository/FIM/Sites Page/Site Filtering/Site_txt'

21-10-2025T22:04:16 - [MESSAGE][PASSED] - Keys 'BACK_SPACE + ' sent to object: 'Object Repository/FIM/Sites Page/Site Filtering/Site_txt'

21-10-2025T22:04:16 - [TEST_STEP][PASSED] - (i++): null

21-10-2025T22:04:16 - [TEST_STEP][PASSED] - sendKeys(findTestObject("FIM/Sites Page/Site Filtering/Site_txt"), Keys.chord(BACK_SPACE), STOP_ON_FAILURE): Keys 'BACK_SPACE + ' sent to object: 'Object Repository/FIM/Sites Page/Site Filtering/Site_txt'

21-10-2025T22:04:16 - [MESSAGE][PASSED] - Keys 'BACK_SPACE + ' sent to object: 'Object Repository/FIM/Sites Page/Site Filtering/Site_txt'

21-10-2025T22:04:16 - [TEST_STEP][PASSED] - (i++): null

21-10-2025T22:04:16 - [TEST_STEP][PASSED] - sendKeys(findTestObject("FIM/Sites Page/Site Filtering/Site_txt"), "AFM39", STOP_ON_FAILURE): Keys 'AFM39' sent to object: 'Object Repository/FIM/Sites Page/Site Filtering/Site_txt'

21-10-2025T22:04:16 - [MESSAGE][PASSED] - Keys 'AFM39' sent to object: 'Object Repository/FIM/Sites Page/Site Filtering/Site_txt'

21-10-2025T22:04:16 - [TEST_STEP][PASSED] - sendKeys(findTestObject("FIM/Sites Page/Site Filtering/Site_txt"), Keys.chord(ENTER), STOP_ON_FAILURE): Keys 'ENTER + ' sent to object: 'Object Repository/FIM/Sites Page/Site Filtering/Site_txt'

21-10-2025T22:04:17 - [MESSAGE][PASSED] - Keys 'ENTER + ' sent to object: 'Object Repository/FIM/Sites Page/Site Filtering/Site_txt'

21-10-2025T22:04:17 - [TEST_STEP][PASSED] - waitForElementClickable(findTestObject("FIM/Sites Page/Orders/Create Order/CreateOrder_btn"), 300): Object 'Object Repository/FIM/Sites Page/Orders/Create Order/CreateOrder_btn' is clickable

21-10-2025T22:04:18 - [MESSAGE][PASSED] - Object 'Object Repository/FIM/Sites Page/Orders/Create Order/CreateOrder_btn' is clickable

21-10-2025T22:04:18 - [TEST_STEP][PASSED] - click(findTestObject("FIM/Sites Page/Orders/Create Order/CreateOrder_btn"), OPTIONAL): Object: 'Object Repository/FIM/Sites Page/Orders/Create Order/CreateOrder_btn' is clicked on

21-10-2025T22:04:18 - [MESSAGE][PASSED] - Object: 'Object Repository/FIM/Sites Page/Orders/Create Order/CreateOrder_btn' is clicked on

21-10-2025T22:04:18 - [TEST_STEP][PASSED] - delay(1): Delayed 1 second(s)

21-10-2025T22:04:19 - [MESSAGE][PASSED] - Delayed 1 second(s)

21-10-2025T22:04:19 - [TEST_STEP][PASSED] - verifyElementPresent(findTestObject("FIM/Sites Page/Orders/Create Order/Split_Load_Order_toggle"), 10): Object 'Object Repository/FIM/Sites Page/Orders/Create Order/Split_Load_Order_toggle' is present

21-10-2025T22:04:19 - [MESSAGE][PASSED] - Object 'Object Repository/FIM/Sites Page/Orders/Create Order/Split_Load_Order_toggle' is present

21-10-2025T22:04:19 - [TEST_STEP][FAILED] - click(findTestObject("FIM/Sites Page/Orders/Create Order/Split_Load_Order_toggle"), STOP_ON_FAILURE): Unable to click on object 'Object Repository/FIM/Sites Page/Orders/Create Order/Split_Load_Order_toggle' (Root cause: com.kms.katalon.core.exception.StepFailedException: Unable to click on object 'Object Repository/FIM/Sites Page/Orders/Create Order/Split_Load_Order_toggle'
	at com.kms.katalon.core.webui.keyword.internal.WebUIKeywordMain.stepFailed(WebUIKeywordMain.groovy:117)
	at com.kms.katalon.core.webui.keyword.internal.WebUIKeywordMain.runKeyword(WebUIKeywordMain.groovy:43)
	at com.kms.katalon.core.webui.keyword.builtin.ClickKeyword.click(ClickKeyword.groovy:74)
	at com.kms.katalon.core.webui.keyword.builtin.ClickKeyword.execute(ClickKeyword.groovy:40)
	at com.kms.katalon.core.keyword.internal.KeywordExecutor.executeKeywordForPlatform(KeywordExecutor.groovy:74)
	at com.kms.katalon.core.webui.keyword.WebUiBuiltInKeywords.click(WebUiBuiltInKeywords.groovy:647)
	at com.kms.katalon.core.webui.keyword.WebUiBuiltInKeywords$click$10.call(Unknown Source)
	at Verify Fix Errors Button.run(Verify Fix Errors Button:58)
	at com.kms.katalon.core.main.ScriptEngine.run(ScriptEngine.java:194)
	at com.kms.katalon.core.main.ScriptEngine.runScriptAsRawText(ScriptEngine.java:119)
	at com.kms.katalon.core.main.TestCaseExecutor.runScript(TestCaseExecutor.java:448)
	at com.kms.katalon.core.main.TestCaseExecutor.doExecute(TestCaseExecutor.java:439)
	at com.kms.katalon.core.main.TestCaseExecutor.processExecutionPhase(TestCaseExecutor.java:418)
	at com.kms.katalon.core.main.TestCaseExecutor.accessMainPhase(TestCaseExecutor.java:410)
	at com.kms.katalon.core.main.TestCaseExecutor.execute(TestCaseExecutor.java:285)
	at com.kms.katalon.core.common.CommonExecutor.accessTestCaseMainPhase(CommonExecutor.java:65)
	at com.kms.katalon.core.main.TestSuiteExecutor.accessTestSuiteMainPhase(TestSuiteExecutor.java:150)
	at com.kms.katalon.core.main.TestSuiteExecutor.execute(TestSuiteExecutor.java:106)
	at com.kms.katalon.core.main.TestCaseMain.startTestSuite(TestCaseMain.java:180)
	at com.kms.katalon.core.main.TestCaseMain$startTestSuite$0.call(Unknown Source)
	at TempTestSuite1761090815312.run(TempTestSuite1761090815312.groovy:35)
	at java.base/jdk.internal.reflect.NativeMethodAccessorImpl.invoke0(Native Method)
	at java.base/jdk.internal.reflect.NativeMethodAccessorImpl.invoke(NativeMethodAccessorImpl.java:77)
	at java.base/jdk.internal.reflect.DelegatingMethodAccessorImpl.invoke(DelegatingMethodAccessorImpl.java:43)
Caused by: org.openqa.selenium.ElementNotInteractableException: element not interactable
  (Session info: chrome=141.0.7390.122)
Build info: version: '3.141.59', revision: 'unknown', time: 'unknown'
System info: host: 'DC1ADOBLD01', ip: '10.2.20.71', os.name: 'Windows Server 2019', os.arch: 'amd64', os.version: '10.0', java.version: '17.0.7'
Driver info: com.kms.katalon.selenium.driver.CChromeDriver
Capabilities {acceptInsecureCerts: false, browserName: chrome, browserVersion: 141.0.7390.122, chrome: {chromedriverVersion: 141.0.7390.122 (b477534e7e1..., userDataDir: C:\Windows\SystemTemp\scope...}, fedcm:accounts: true, goog:chromeOptions: {debuggerAddress: localhost:58181}, javascriptEnabled: true, networkConnectionEnabled: false, pageLoadStrategy: normal, platform: WINDOWS, platformName: WINDOWS, proxy: Proxy(), setWindowRect: true, strictFileInteractability: false, timeouts: {implicit: 0, pageLoad: 300000, script: 30000}, unhandledPromptBehavior: dismiss and notify, webauthn:extension:credBlob: true, webauthn:extension:largeBlob: true, webauthn:extension:minPinLength: true, webauthn:extension:prf: true, webauthn:virtualAuthenticators: true}
Session ID: 55dc7d12217b51f2c12b9f6e15790a24
	at java.base/jdk.internal.reflect.NativeConstructorAccessorImpl.newInstance0(Native Method)
	at java.base/jdk.internal.reflect.NativeConstructorAccessorImpl.newInstance(NativeConstructorAccessorImpl.java:77)
	at java.base/jdk.internal.reflect.DelegatingConstructorAccessorImpl.newInstance(DelegatingConstructorAccessorImpl.java:45)
	at org.openqa.selenium.remote.http.W3CHttpResponseCodec.createException(W3CHttpResponseCodec.java:187)
	at org.openqa.selenium.remote.http.W3CHttpResponseCodec.decode(W3CHttpResponseCodec.java:122)
	at org.openqa.selenium.remote.http.W3CHttpResponseCodec.decode(W3CHttpResponseCodec.java:49)
	at org.openqa.selenium.remote.HttpCommandExecutor.execute(HttpCommandExecutor.java:158)
	at org.openqa.selenium.remote.service.DriverCommandExecutor.execute(DriverCommandExecutor.java:83)
	at org.openqa.selenium.remote.RemoteWebDriver.execute(RemoteWebDriver.java:552)
	at com.kms.katalon.selenium.driver.CChromeDriver.execute(CChromeDriver.java:19)
	at org.openqa.selenium.remote.RemoteWebElement.execute(RemoteWebElement.java:285)
	at org.openqa.selenium.remote.RemoteWebElement.click(RemoteWebElement.java:84)
	at jdk.internal.reflect.GeneratedMethodAccessor20.invoke(Unknown Source)
	at java.base/jdk.internal.reflect.DelegatingMethodAccessorImpl.invoke(DelegatingMethodAccessorImpl.java:43)
	at org.openqa.selenium.support.events.EventFiringWebDriver$EventFiringWebElement.lambda$new$0(EventFiringWebDriver.java:404)
	at jdk.proxy2/jdk.proxy2.$Proxy27.click(Unknown Source)
	at org.openqa.selenium.support.events.EventFiringWebDriver$EventFiringWebElement.click(EventFiringWebDriver.java:417)
	at org.openqa.selenium.WebElement$click.call(Unknown Source)
	at com.kms.katalon.core.webui.keyword.builtin.ClickKeyword.clickUntilSuccessWithTimeout(ClickKeyword.groovy:81)
	at com.kms.katalon.core.webui.keyword.builtin.ClickKeyword.clickUntilSuccessWithTimeout(ClickKeyword.groovy)
	at jdk.internal.reflect.GeneratedMethodAccessor18.invoke(Unknown Source)
	at java.base/jdk.internal.reflect.DelegatingMethodAccessorImpl.invoke(DelegatingMethodAccessorImpl.java:43)
	at com.kms.katalon.core.webui.keyword.builtin.ClickKeyword$_click_closure1.doCall(ClickKeyword.groovy:67)
	at com.kms.katalon.core.webui.keyword.builtin.ClickKeyword$_click_closure1.call(ClickKeyword.groovy)
	at com.kms.katalon.core.webui.keyword.internal.WebUIKeywordMain.runKeyword(WebUIKeywordMain.groovy:35)
	at com.kms.katalon.core.webui.keyword.builtin.ClickKeyword.click(ClickKeyword.groovy:74)
	at com.kms.katalon.core.webui.keyword.builtin.ClickKeyword.execute(ClickKeyword.groovy:40)
	at com.kms.katalon.core.keyword.internal.KeywordExecutor.executeKeywordForPlatform(KeywordExecutor.groovy:74)
	at com.kms.katalon.core.webui.keyword.WebUiBuiltInKeywords.click(WebUiBuiltInKeywords.groovy:647)
	at com.kms.katalon.core.webui.keyword.WebUiBuiltInKeywords$click$10.call(Unknown Source)
	at Script1755186906867.run(Script1755186906867.groovy:58)
	... 16 more
)

21-10-2025T22:04:19 - [MESSAGE][FAILED] - Unable to click on object 'Object Repository/FIM/Sites Page/Orders/Create Order/Split_Load_Order_toggle' (Root cause: com.kms.katalon.core.exception.StepFailedException: Unable to click on object 'Object Repository/FIM/Sites Page/Orders/Create Order/Split_Load_Order_toggle'
	at com.kms.katalon.core.webui.keyword.internal.WebUIKeywordMain.stepFailed(WebUIKeywordMain.groovy:117)
	at com.kms.katalon.core.webui.keyword.internal.WebUIKeywordMain.runKeyword(WebUIKeywordMain.groovy:43)
	at com.kms.katalon.core.webui.keyword.builtin.ClickKeyword.click(ClickKeyword.groovy:74)
	at com.kms.katalon.core.webui.keyword.builtin.ClickKeyword.execute(ClickKeyword.groovy:40)
	at com.kms.katalon.core.keyword.internal.KeywordExecutor.executeKeywordForPlatform(KeywordExecutor.groovy:74)
	at com.kms.katalon.core.webui.keyword.WebUiBuiltInKeywords.click(WebUiBuiltInKeywords.groovy:647)
	at com.kms.katalon.core.webui.keyword.WebUiBuiltInKeywords$click$10.call(Unknown Source)
	at Verify Fix Errors Button.run(Verify Fix Errors Button:58)
	at com.kms.katalon.core.main.ScriptEngine.run(ScriptEngine.java:194)
	at com.kms.katalon.core.main.ScriptEngine.runScriptAsRawText(ScriptEngine.java:119)
	at com.kms.katalon.core.main.TestCaseExecutor.runScript(TestCaseExecutor.java:448)
	at com.kms.katalon.core.main.TestCaseExecutor.doExecute(TestCaseExecutor.java:439)
	at com.kms.katalon.core.main.TestCaseExecutor.processExecutionPhase(TestCaseExecutor.java:418)
	at com.kms.katalon.core.main.TestCaseExecutor.accessMainPhase(TestCaseExecutor.java:410)
	at com.kms.katalon.core.main.TestCaseExecutor.execute(TestCaseExecutor.java:285)
	at com.kms.katalon.core.common.CommonExecutor.accessTestCaseMainPhase(CommonExecutor.java:65)
	at com.kms.katalon.core.main.TestSuiteExecutor.accessTestSuiteMainPhase(TestSuiteExecutor.java:150)
	at com.kms.katalon.core.main.TestSuiteExecutor.execute(TestSuiteExecutor.java:106)
	at com.kms.katalon.core.main.TestCaseMain.startTestSuite(TestCaseMain.java:180)
	at com.kms.katalon.core.main.TestCaseMain$startTestSuite$0.call(Unknown Source)
	at TempTestSuite1761090815312.run(TempTestSuite1761090815312.groovy:35)
	at java.base/jdk.internal.reflect.NativeMethodAccessorImpl.invoke0(Native Method)
	at java.base/jdk.internal.reflect.NativeMethodAccessorImpl.invoke(NativeMethodAccessorImpl.java:77)
	at java.base/jdk.internal.reflect.DelegatingMethodAccessorImpl.invoke(DelegatingMethodAccessorImpl.java:43)
Caused by: org.openqa.selenium.ElementNotInteractableException: element not interactable
  (Session info: chrome=141.0.7390.122)
Build info: version: '3.141.59', revision: 'unknown', time: 'unknown'
System info: host: 'DC1ADOBLD01', ip: '10.2.20.71', os.name: 'Windows Server 2019', os.arch: 'amd64', os.version: '10.0', java.version: '17.0.7'
Driver info: com.kms.katalon.selenium.driver.CChromeDriver
Capabilities {acceptInsecureCerts: false, browserName: chrome, browserVersion: 141.0.7390.122, chrome: {chromedriverVersion: 141.0.7390.122 (b477534e7e1..., userDataDir: C:\Windows\SystemTemp\scope...}, fedcm:accounts: true, goog:chromeOptions: {debuggerAddress: localhost:58181}, javascriptEnabled: true, networkConnectionEnabled: false, pageLoadStrategy: normal, platform: WINDOWS, platformName: WINDOWS, proxy: Proxy(), setWindowRect: true, strictFileInteractability: false, timeouts: {implicit: 0, pageLoad: 300000, script: 30000}, unhandledPromptBehavior: dismiss and notify, webauthn:extension:credBlob: true, webauthn:extension:largeBlob: true, webauthn:extension:minPinLength: true, webauthn:extension:prf: true, webauthn:virtualAuthenticators: true}
Session ID: 55dc7d12217b51f2c12b9f6e15790a24
	at java.base/jdk.internal.reflect.NativeConstructorAccessorImpl.newInstance0(Native Method)
	at java.base/jdk.internal.reflect.NativeConstructorAccessorImpl.newInstance(NativeConstructorAccessorImpl.java:77)
	at java.base/jdk.internal.reflect.DelegatingConstructorAccessorImpl.newInstance(DelegatingConstructorAccessorImpl.java:45)
	at org.openqa.selenium.remote.http.W3CHttpResponseCodec.createException(W3CHttpResponseCodec.java:187)
	at org.openqa.selenium.remote.http.W3CHttpResponseCodec.decode(W3CHttpResponseCodec.java:122)
	at org.openqa.selenium.remote.http.W3CHttpResponseCodec.decode(W3CHttpResponseCodec.java:49)
	at org.openqa.selenium.remote.HttpCommandExecutor.execute(HttpCommandExecutor.java:158)
	at org.openqa.selenium.remote.service.DriverCommandExecutor.execute(DriverCommandExecutor.java:83)
	at org.openqa.selenium.remote.RemoteWebDriver.execute(RemoteWebDriver.java:552)
	at com.kms.katalon.selenium.driver.CChromeDriver.execute(CChromeDriver.java:19)
	at org.openqa.selenium.remote.RemoteWebElement.execute(RemoteWebElement.java:285)
	at org.openqa.selenium.remote.RemoteWebElement.click(RemoteWebElement.java:84)
	at jdk.internal.reflect.GeneratedMethodAccessor20.invoke(Unknown Source)
	at java.base/jdk.internal.reflect.DelegatingMethodAccessorImpl.invoke(DelegatingMethodAccessorImpl.java:43)
	at org.openqa.selenium.support.events.EventFiringWebDriver$EventFiringWebElement.lambda$new$0(EventFiringWebDriver.java:404)
	at jdk.proxy2/jdk.proxy2.$Proxy27.click(Unknown Source)
	at org.openqa.selenium.support.events.EventFiringWebDriver$EventFiringWebElement.click(EventFiringWebDriver.java:417)
	at org.openqa.selenium.WebElement$click.call(Unknown Source)
	at com.kms.katalon.core.webui.keyword.builtin.ClickKeyword.clickUntilSuccessWithTimeout(ClickKeyword.groovy:81)
	at com.kms.katalon.core.webui.keyword.builtin.ClickKeyword.clickUntilSuccessWithTimeout(ClickKeyword.groovy)
	at jdk.internal.reflect.GeneratedMethodAccessor18.invoke(Unknown Source)
	at java.base/jdk.internal.reflect.DelegatingMethodAccessorImpl.invoke(DelegatingMethodAccessorImpl.java:43)
	at com.kms.katalon.core.webui.keyword.builtin.ClickKeyword$_click_closure1.doCall(ClickKeyword.groovy:67)
	at com.kms.katalon.core.webui.keyword.builtin.ClickKeyword$_click_closure1.call(ClickKeyword.groovy)
	at com.kms.katalon.core.webui.keyword.internal.WebUIKeywordMain.runKeyword(WebUIKeywordMain.groovy:35)
	at com.kms.katalon.core.webui.keyword.builtin.ClickKeyword.click(ClickKeyword.groovy:74)
	at com.kms.katalon.core.webui.keyword.builtin.ClickKeyword.execute(ClickKeyword.groovy:40)
	at com.kms.katalon.core.keyword.internal.KeywordExecutor.executeKeywordForPlatform(KeywordExecutor.groovy:74)
	at com.kms.katalon.core.webui.keyword.WebUiBuiltInKeywords.click(WebUiBuiltInKeywords.groovy:647)
	at com.kms.katalon.core.webui.keyword.WebUiBuiltInKeywords$click$10.call(Unknown Source)
	at Script1755186906867.run(Script1755186906867.groovy:58)
	... 16 more
)

21-10-2025T22:04:19 - [TEST_STEP][PASSED] - Start listener action : retryOnDisconnect: Current window's url is: 'https://kag-inventory-management-portal.qa.thekag.com/site/AFM39?cg=-1&r&i=AllConsignees&sorted=false'

21-10-2025T22:04:19 - [TEST_STEP][PASSED] - tcId = testCaseContext.getTestCaseId(): null

21-10-2025T22:04:19 - [TEST_STEP][PASSED] - currentRetry = retryCounts.getOrDefault(tcId, 0): null

21-10-2025T22:04:19 - [TEST_STEP][PASSED] - if (testCaseContext.getTestCaseStatus() == "FAILED" && currentRetry < MAX_RETRIES): Current window's url is: 'https://kag-inventory-management-portal.qa.thekag.com/site/AFM39?cg=-1&r&i=AllConsignees&sorted=false'

21-10-2025T22:04:19 - [TEST_STEP][PASSED] - try: Current window's url is: 'https://kag-inventory-management-portal.qa.thekag.com/site/AFM39?cg=-1&r&i=AllConsignees&sorted=false'

21-10-2025T22:04:19 - [TEST_STEP][PASSED] - comment(Checking for WebDriver disconnect for test case: $tcId): Checking for WebDriver disconnect for test case: Test Cases/FIM/UI/Kenan/Admin/Sites Page/Orders/Verify Fix Errors Button

21-10-2025T22:04:19 - [MESSAGE][INFO] - Checking for WebDriver disconnect for test case: Test Cases/FIM/UI/Kenan/Admin/Sites Page/Orders/Verify Fix Errors Button

21-10-2025T22:04:19 - [TEST_STEP][PASSED] - getUrl(): Current window's url is: 'https://kag-inventory-management-portal.qa.thekag.com/site/AFM39?cg=-1&r&i=AllConsignees&sorted=false'

21-10-2025T22:04:19 - [MESSAGE][PASSED] - Current window's url is: 'https://kag-inventory-management-portal.qa.thekag.com/site/AFM39?cg=-1&r&i=AllConsignees&sorted=false']]></system-out>
         <system-err><![CDATA[21-10-2025T22:03:23 - [TEST_CASE][FAILED] - Test Cases/FIM/UI/Kenan/Admin/Sites Page/Orders/Verify Fix Errors Button: Test Cases/FIM/UI/Kenan/Admin/Sites Page/Orders/Verify Fix Errors Button FAILED.
Reason:
com.kms.katalon.core.exception.StepFailedException: Unable to click on object 'Object Repository/FIM/Sites Page/Orders/Create Order/Split_Load_Order_toggle'
	at com.kms.katalon.core.webui.keyword.internal.WebUIKeywordMain.stepFailed(WebUIKeywordMain.groovy:117)
	at com.kms.katalon.core.webui.keyword.internal.WebUIKeywordMain.runKeyword(WebUIKeywordMain.groovy:43)
	at com.kms.katalon.core.webui.keyword.builtin.ClickKeyword.click(ClickKeyword.groovy:74)
	at com.kms.katalon.core.webui.keyword.builtin.ClickKeyword.execute(ClickKeyword.groovy:40)
	at com.kms.katalon.core.keyword.internal.KeywordExecutor.executeKeywordForPlatform(KeywordExecutor.groovy:74)
	at com.kms.katalon.core.webui.keyword.WebUiBuiltInKeywords.click(WebUiBuiltInKeywords.groovy:647)
	at com.kms.katalon.core.webui.keyword.WebUiBuiltInKeywords$click$10.call(Unknown Source)
	at Verify Fix Errors Button.run(Verify Fix Errors Button:58)
	at com.kms.katalon.core.main.ScriptEngine.run(ScriptEngine.java:194)
	at com.kms.katalon.core.main.ScriptEngine.runScriptAsRawText(ScriptEngine.java:119)
	at com.kms.katalon.core.main.TestCaseExecutor.runScript(TestCaseExecutor.java:448)
	at com.kms.katalon.core.main.TestCaseExecutor.doExecute(TestCaseExecutor.java:439)
	at com.kms.katalon.core.main.TestCaseExecutor.processExecutionPhase(TestCaseExecutor.java:418)
	at com.kms.katalon.core.main.TestCaseExecutor.accessMainPhase(TestCaseExecutor.java:410)
	at com.kms.katalon.core.main.TestCaseExecutor.execute(TestCaseExecutor.java:285)
	at com.kms.katalon.core.common.CommonExecutor.accessTestCaseMainPhase(CommonExecutor.java:65)
	at com.kms.katalon.core.main.TestSuiteExecutor.accessTestSuiteMainPhase(TestSuiteExecutor.java:150)
	at com.kms.katalon.core.main.TestSuiteExecutor.execute(TestSuiteExecutor.java:106)
	at com.kms.katalon.core.main.TestCaseMain.startTestSuite(TestCaseMain.java:180)
	at com.kms.katalon.core.main.TestCaseMain$startTestSuite$0.call(Unknown Source)
	at TempTestSuite1761090815312.run(TempTestSuite1761090815312.groovy:35)
	at java.base/jdk.internal.reflect.NativeMethodAccessorImpl.invoke0(Native Method)
	at java.base/jdk.internal.reflect.NativeMethodAccessorImpl.invoke(NativeMethodAccessorImpl.java:77)
	at java.base/jdk.internal.reflect.DelegatingMethodAccessorImpl.invoke(DelegatingMethodAccessorImpl.java:43)
Caused by: org.openqa.selenium.ElementNotInteractableException: element not interactable
  (Session info: chrome=141.0.7390.122)
Build info: version: '3.141.59', revision: 'unknown', time: 'unknown'
System info: host: 'DC1ADOBLD01', ip: '10.2.20.71', os.name: 'Windows Server 2019', os.arch: 'amd64', os.version: '10.0', java.version: '17.0.7'
Driver info: com.kms.katalon.selenium.driver.CChromeDriver
Capabilities {acceptInsecureCerts: false, browserName: chrome, browserVersion: 141.0.7390.122, chrome: {chromedriverVersion: 141.0.7390.122 (b477534e7e1..., userDataDir: C:\Windows\SystemTemp\scope...}, fedcm:accounts: true, goog:chromeOptions: {debuggerAddress: localhost:58181}, javascriptEnabled: true, networkConnectionEnabled: false, pageLoadStrategy: normal, platform: WINDOWS, platformName: WINDOWS, proxy: Proxy(), setWindowRect: true, strictFileInteractability: false, timeouts: {implicit: 0, pageLoad: 300000, script: 30000}, unhandledPromptBehavior: dismiss and notify, webauthn:extension:credBlob: true, webauthn:extension:largeBlob: true, webauthn:extension:minPinLength: true, webauthn:extension:prf: true, webauthn:virtualAuthenticators: true}
Session ID: 55dc7d12217b51f2c12b9f6e15790a24
	at java.base/jdk.internal.reflect.NativeConstructorAccessorImpl.newInstance0(Native Method)
	at java.base/jdk.internal.reflect.NativeConstructorAccessorImpl.newInstance(NativeConstructorAccessorImpl.java:77)
	at java.base/jdk.internal.reflect.DelegatingConstructorAccessorImpl.newInstance(DelegatingConstructorAccessorImpl.java:45)
	at org.openqa.selenium.remote.http.W3CHttpResponseCodec.createException(W3CHttpResponseCodec.java:187)
	at org.openqa.selenium.remote.http.W3CHttpResponseCodec.decode(W3CHttpResponseCodec.java:122)
	at org.openqa.selenium.remote.http.W3CHttpResponseCodec.decode(W3CHttpResponseCodec.java:49)
	at org.openqa.selenium.remote.HttpCommandExecutor.execute(HttpCommandExecutor.java:158)
	at org.openqa.selenium.remote.service.DriverCommandExecutor.execute(DriverCommandExecutor.java:83)
	at org.openqa.selenium.remote.RemoteWebDriver.execute(RemoteWebDriver.java:552)
	at com.kms.katalon.selenium.driver.CChromeDriver.execute(CChromeDriver.java:19)
	at org.openqa.selenium.remote.RemoteWebElement.execute(RemoteWebElement.java:285)
	at org.openqa.selenium.remote.RemoteWebElement.click(RemoteWebElement.java:84)
	at jdk.internal.reflect.GeneratedMethodAccessor20.invoke(Unknown Source)
	at java.base/jdk.internal.reflect.DelegatingMethodAccessorImpl.invoke(DelegatingMethodAccessorImpl.java:43)
	at org.openqa.selenium.support.events.EventFiringWebDriver$EventFiringWebElement.lambda$new$0(EventFiringWebDriver.java:404)
	at jdk.proxy2/jdk.proxy2.$Proxy27.click(Unknown Source)
	at org.openqa.selenium.support.events.EventFiringWebDriver$EventFiringWebElement.click(EventFiringWebDriver.java:417)
	at org.openqa.selenium.WebElement$click.call(Unknown Source)
	at com.kms.katalon.core.webui.keyword.builtin.ClickKeyword.clickUntilSuccessWithTimeout(ClickKeyword.groovy:81)
	at com.kms.katalon.core.webui.keyword.builtin.ClickKeyword.clickUntilSuccessWithTimeout(ClickKeyword.groovy)
	at jdk.internal.reflect.GeneratedMethodAccessor18.invoke(Unknown Source)
	at java.base/jdk.internal.reflect.DelegatingMethodAccessorImpl.invoke(DelegatingMethodAccessorImpl.java:43)
	at com.kms.katalon.core.webui.keyword.builtin.ClickKeyword$_click_closure1.doCall(ClickKeyword.groovy:67)
	at com.kms.katalon.core.webui.keyword.builtin.ClickKeyword$_click_closure1.call(ClickKeyword.groovy)
	at com.kms.katalon.core.webui.keyword.internal.WebUIKeywordMain.runKeyword(WebUIKeywordMain.groovy:35)
	... 22 more]]></system-err>
      </testcase>
      <testcase name="Test Cases/FIM/UI/Kenan/Admin/Sites Page/Orders/Verify Remove Button on Split Load Order" time="54.179" classname="Test Cases/FIM/UI/Kenan/Admin/Sites Page/Orders/Verify Remove Button on Split Load Order" status="FAILED">
         <failure type="FAILED" message="Test Cases/FIM/UI/Kenan/Admin/Sites Page/Orders/Verify Remove Button on Split Load Order FAILED.&#xa;Reason:&#xa;com.kms.katalon.core.exception.StepFailedException: Unable to click on object 'Object Repository/FIM/Sites Page/Orders/Create Order/Split_Load_Order_toggle'&#xa;	at com.kms.katalon.core.webui.keyword.internal.WebUIKeywordMain.stepFailed(WebUIKeywordMain.groovy:117)&#xa;	at com.kms.katalon.core.webui.keyword.internal.WebUIKeywordMain.runKeyword(WebUIKeywordMain.groovy:43)&#xa;	at com.kms.katalon.core.webui.keyword.builtin.ClickKeyword.click(ClickKeyword.groovy:74)&#xa;	at com.kms.katalon.core.webui.keyword.builtin.ClickKeyword.execute(ClickKeyword.groovy:40)&#xa;	at com.kms.katalon.core.keyword.internal.KeywordExecutor.executeKeywordForPlatform(KeywordExecutor.groovy:74)&#xa;	at com.kms.katalon.core.webui.keyword.WebUiBuiltInKeywords.click(WebUiBuiltInKeywords.groovy:647)&#xa;	at com.kms.katalon.core.webui.keyword.WebUiBuiltInKeywords$click$10.call(Unknown Source)&#xa;	at Verify Remove Button on Split Load Order.run(Verify Remove Button on Split Load Order:58)&#xa;	at com.kms.katalon.core.main.ScriptEngine.run(ScriptEngine.java:194)&#xa;	at com.kms.katalon.core.main.ScriptEngine.runScriptAsRawText(ScriptEngine.java:119)&#xa;	at com.kms.katalon.core.main.TestCaseExecutor.runScript(TestCaseExecutor.java:448)&#xa;	at com.kms.katalon.core.main.TestCaseExecutor.doExecute(TestCaseExecutor.java:439)&#xa;	at com.kms.katalon.core.main.TestCaseExecutor.processExecutionPhase(TestCaseExecutor.java:418)&#xa;	at com.kms.katalon.core.main.TestCaseExecutor.accessMainPhase(TestCaseExecutor.java:410)&#xa;	at com.kms.katalon.core.main.TestCaseExecutor.execute(TestCaseExecutor.java:285)&#xa;	at com.kms.katalon.core.common.CommonExecutor.accessTestCaseMainPhase(CommonExecutor.java:65)&#xa;	at com.kms.katalon.core.main.TestSuiteExecutor.accessTestSuiteMainPhase(TestSuiteExecutor.java:150)&#xa;	at com.kms.katalon.core.main.TestSuiteExecutor.execute(TestSuiteExecutor.java:106)&#xa;	at com.kms.katalon.core.main.TestCaseMain.startTestSuite(TestCaseMain.java:180)&#xa;	at com.kms.katalon.core.main.TestCaseMain$startTestSuite$0.call(Unknown Source)&#xa;	at TempTestSuite1761090815312.run(TempTestSuite1761090815312.groovy:35)&#xa;	at java.base/jdk.internal.reflect.NativeMethodAccessorImpl.invoke0(Native Method)&#xa;	at java.base/jdk.internal.reflect.NativeMethodAccessorImpl.invoke(NativeMethodAccessorImpl.java:77)&#xa;	at java.base/jdk.internal.reflect.DelegatingMethodAccessorImpl.invoke(DelegatingMethodAccessorImpl.java:43)&#xa;Caused by: org.openqa.selenium.ElementNotInteractableException: element not interactable&#xa;  (Session info: chrome=141.0.7390.122)&#xa;Build info: version: '3.141.59', revision: 'unknown', time: 'unknown'&#xa;System info: host: 'DC1ADOBLD01', ip: '10.2.20.71', os.name: 'Windows Server 2019', os.arch: 'amd64', os.version: '10.0', java.version: '17.0.7'&#xa;Driver info: com.kms.katalon.selenium.driver.CChromeDriver&#xa;Capabilities {acceptInsecureCerts: false, browserName: chrome, browserVersion: 141.0.7390.122, chrome: {chromedriverVersion: 141.0.7390.122 (b477534e7e1..., userDataDir: C:\Windows\SystemTemp\scope...}, fedcm:accounts: true, goog:chromeOptions: {debuggerAddress: localhost:58227}, javascriptEnabled: true, networkConnectionEnabled: false, pageLoadStrategy: normal, platform: WINDOWS, platformName: WINDOWS, proxy: Proxy(), setWindowRect: true, strictFileInteractability: false, timeouts: {implicit: 0, pageLoad: 300000, script: 30000}, unhandledPromptBehavior: dismiss and notify, webauthn:extension:credBlob: true, webauthn:extension:largeBlob: true, webauthn:extension:minPinLength: true, webauthn:extension:prf: true, webauthn:virtualAuthenticators: true}&#xa;Session ID: a0696edc807347a3d3e3f0cea83131fa&#xa;	at java.base/jdk.internal.reflect.NativeConstructorAccessorImpl.newInstance0(Native Method)&#xa;	at java.base/jdk.internal.reflect.NativeConstructorAccessorImpl.newInstance(NativeConstructorAccessorImpl.java:77)&#xa;	at java.base/jdk.internal.reflect.DelegatingConstructorAccessorImpl.newInstance(DelegatingConstructorAccessorImpl.java:45)&#xa;	at org.openqa.selenium.remote.http.W3CHttpResponseCodec.createException(W3CHttpResponseCodec.java:187)&#xa;	at org.openqa.selenium.remote.http.W3CHttpResponseCodec.decode(W3CHttpResponseCodec.java:122)&#xa;	at org.openqa.selenium.remote.http.W3CHttpResponseCodec.decode(W3CHttpResponseCodec.java:49)&#xa;	at org.openqa.selenium.remote.HttpCommandExecutor.execute(HttpCommandExecutor.java:158)&#xa;	at org.openqa.selenium.remote.service.DriverCommandExecutor.execute(DriverCommandExecutor.java:83)&#xa;	at org.openqa.selenium.remote.RemoteWebDriver.execute(RemoteWebDriver.java:552)&#xa;	at com.kms.katalon.selenium.driver.CChromeDriver.execute(CChromeDriver.java:19)&#xa;	at org.openqa.selenium.remote.RemoteWebElement.execute(RemoteWebElement.java:285)&#xa;	at org.openqa.selenium.remote.RemoteWebElement.click(RemoteWebElement.java:84)&#xa;	at jdk.internal.reflect.GeneratedMethodAccessor20.invoke(Unknown Source)&#xa;	at java.base/jdk.internal.reflect.DelegatingMethodAccessorImpl.invoke(DelegatingMethodAccessorImpl.java:43)&#xa;	at org.openqa.selenium.support.events.EventFiringWebDriver$EventFiringWebElement.lambda$new$0(EventFiringWebDriver.java:404)&#xa;	at jdk.proxy2/jdk.proxy2.$Proxy27.click(Unknown Source)&#xa;	at org.openqa.selenium.support.events.EventFiringWebDriver$EventFiringWebElement.click(EventFiringWebDriver.java:417)&#xa;	at org.openqa.selenium.WebElement$click.call(Unknown Source)&#xa;	at com.kms.katalon.core.webui.keyword.builtin.ClickKeyword.clickUntilSuccessWithTimeout(ClickKeyword.groovy:81)&#xa;	at com.kms.katalon.core.webui.keyword.builtin.ClickKeyword.clickUntilSuccessWithTimeout(ClickKeyword.groovy)&#xa;	at jdk.internal.reflect.GeneratedMethodAccessor18.invoke(Unknown Source)&#xa;	at java.base/jdk.internal.reflect.DelegatingMethodAccessorImpl.invoke(DelegatingMethodAccessorImpl.java:43)&#xa;	at com.kms.katalon.core.webui.keyword.builtin.ClickKeyword$_click_closure1.doCall(ClickKeyword.groovy:67)&#xa;	at com.kms.katalon.core.webui.keyword.builtin.ClickKeyword$_click_closure1.call(ClickKeyword.groovy)&#xa;	at com.kms.katalon.core.webui.keyword.internal.WebUIKeywordMain.runKeyword(WebUIKeywordMain.groovy:35)&#xa;	... 22 more&#xa;"/>
         <system-out><![CDATA[21-10-2025T22:04:19 - [TEST_CASE][FAILED] - Test Cases/FIM/UI/Kenan/Admin/Sites Page/Orders/Verify Remove Button on Split Load Order: Test Cases/FIM/UI/Kenan/Admin/Sites Page/Orders/Verify Remove Button on Split Load Order FAILED.
Reason:
com.kms.katalon.core.exception.StepFailedException: Unable to click on object 'Object Repository/FIM/Sites Page/Orders/Create Order/Split_Load_Order_toggle'
	at com.kms.katalon.core.webui.keyword.internal.WebUIKeywordMain.stepFailed(WebUIKeywordMain.groovy:117)
	at com.kms.katalon.core.webui.keyword.internal.WebUIKeywordMain.runKeyword(WebUIKeywordMain.groovy:43)
	at com.kms.katalon.core.webui.keyword.builtin.ClickKeyword.click(ClickKeyword.groovy:74)
	at com.kms.katalon.core.webui.keyword.builtin.ClickKeyword.execute(ClickKeyword.groovy:40)
	at com.kms.katalon.core.keyword.internal.KeywordExecutor.executeKeywordForPlatform(KeywordExecutor.groovy:74)
	at com.kms.katalon.core.webui.keyword.WebUiBuiltInKeywords.click(WebUiBuiltInKeywords.groovy:647)
	at com.kms.katalon.core.webui.keyword.WebUiBuiltInKeywords$click$10.call(Unknown Source)
	at Verify Remove Button on Split Load Order.run(Verify Remove Button on Split Load Order:58)
	at com.kms.katalon.core.main.ScriptEngine.run(ScriptEngine.java:194)
	at com.kms.katalon.core.main.ScriptEngine.runScriptAsRawText(ScriptEngine.java:119)
	at com.kms.katalon.core.main.TestCaseExecutor.runScript(TestCaseExecutor.java:448)
	at com.kms.katalon.core.main.TestCaseExecutor.doExecute(TestCaseExecutor.java:439)
	at com.kms.katalon.core.main.TestCaseExecutor.processExecutionPhase(TestCaseExecutor.java:418)
	at com.kms.katalon.core.main.TestCaseExecutor.accessMainPhase(TestCaseExecutor.java:410)
	at com.kms.katalon.core.main.TestCaseExecutor.execute(TestCaseExecutor.java:285)
	at com.kms.katalon.core.common.CommonExecutor.accessTestCaseMainPhase(CommonExecutor.java:65)
	at com.kms.katalon.core.main.TestSuiteExecutor.accessTestSuiteMainPhase(TestSuiteExecutor.java:150)
	at com.kms.katalon.core.main.TestSuiteExecutor.execute(TestSuiteExecutor.java:106)
	at com.kms.katalon.core.main.TestCaseMain.startTestSuite(TestCaseMain.java:180)
	at com.kms.katalon.core.main.TestCaseMain$startTestSuite$0.call(Unknown Source)
	at TempTestSuite1761090815312.run(TempTestSuite1761090815312.groovy:35)
	at java.base/jdk.internal.reflect.NativeMethodAccessorImpl.invoke0(Native Method)
	at java.base/jdk.internal.reflect.NativeMethodAccessorImpl.invoke(NativeMethodAccessorImpl.java:77)
	at java.base/jdk.internal.reflect.DelegatingMethodAccessorImpl.invoke(DelegatingMethodAccessorImpl.java:43)
Caused by: org.openqa.selenium.ElementNotInteractableException: element not interactable
  (Session info: chrome=141.0.7390.122)
Build info: version: '3.141.59', revision: 'unknown', time: 'unknown'
System info: host: 'DC1ADOBLD01', ip: '10.2.20.71', os.name: 'Windows Server 2019', os.arch: 'amd64', os.version: '10.0', java.version: '17.0.7'
Driver info: com.kms.katalon.selenium.driver.CChromeDriver
Capabilities {acceptInsecureCerts: false, browserName: chrome, browserVersion: 141.0.7390.122, chrome: {chromedriverVersion: 141.0.7390.122 (b477534e7e1..., userDataDir: C:\Windows\SystemTemp\scope...}, fedcm:accounts: true, goog:chromeOptions: {debuggerAddress: localhost:58227}, javascriptEnabled: true, networkConnectionEnabled: false, pageLoadStrategy: normal, platform: WINDOWS, platformName: WINDOWS, proxy: Proxy(), setWindowRect: true, strictFileInteractability: false, timeouts: {implicit: 0, pageLoad: 300000, script: 30000}, unhandledPromptBehavior: dismiss and notify, webauthn:extension:credBlob: true, webauthn:extension:largeBlob: true, webauthn:extension:minPinLength: true, webauthn:extension:prf: true, webauthn:virtualAuthenticators: true}
Session ID: a0696edc807347a3d3e3f0cea83131fa
	at java.base/jdk.internal.reflect.NativeConstructorAccessorImpl.newInstance0(Native Method)
	at java.base/jdk.internal.reflect.NativeConstructorAccessorImpl.newInstance(NativeConstructorAccessorImpl.java:77)
	at java.base/jdk.internal.reflect.DelegatingConstructorAccessorImpl.newInstance(DelegatingConstructorAccessorImpl.java:45)
	at org.openqa.selenium.remote.http.W3CHttpResponseCodec.createException(W3CHttpResponseCodec.java:187)
	at org.openqa.selenium.remote.http.W3CHttpResponseCodec.decode(W3CHttpResponseCodec.java:122)
	at org.openqa.selenium.remote.http.W3CHttpResponseCodec.decode(W3CHttpResponseCodec.java:49)
	at org.openqa.selenium.remote.HttpCommandExecutor.execute(HttpCommandExecutor.java:158)
	at org.openqa.selenium.remote.service.DriverCommandExecutor.execute(DriverCommandExecutor.java:83)
	at org.openqa.selenium.remote.RemoteWebDriver.execute(RemoteWebDriver.java:552)
	at com.kms.katalon.selenium.driver.CChromeDriver.execute(CChromeDriver.java:19)
	at org.openqa.selenium.remote.RemoteWebElement.execute(RemoteWebElement.java:285)
	at org.openqa.selenium.remote.RemoteWebElement.click(RemoteWebElement.java:84)
	at jdk.internal.reflect.GeneratedMethodAccessor20.invoke(Unknown Source)
	at java.base/jdk.internal.reflect.DelegatingMethodAccessorImpl.invoke(DelegatingMethodAccessorImpl.java:43)
	at org.openqa.selenium.support.events.EventFiringWebDriver$EventFiringWebElement.lambda$new$0(EventFiringWebDriver.java:404)
	at jdk.proxy2/jdk.proxy2.$Proxy27.click(Unknown Source)
	at org.openqa.selenium.support.events.EventFiringWebDriver$EventFiringWebElement.click(EventFiringWebDriver.java:417)
	at org.openqa.selenium.WebElement$click.call(Unknown Source)
	at com.kms.katalon.core.webui.keyword.builtin.ClickKeyword.clickUntilSuccessWithTimeout(ClickKeyword.groovy:81)
	at com.kms.katalon.core.webui.keyword.builtin.ClickKeyword.clickUntilSuccessWithTimeout(ClickKeyword.groovy)
	at jdk.internal.reflect.GeneratedMethodAccessor18.invoke(Unknown Source)
	at java.base/jdk.internal.reflect.DelegatingMethodAccessorImpl.invoke(DelegatingMethodAccessorImpl.java:43)
	at com.kms.katalon.core.webui.keyword.builtin.ClickKeyword$_click_closure1.doCall(ClickKeyword.groovy:67)
	at com.kms.katalon.core.webui.keyword.builtin.ClickKeyword$_click_closure1.call(ClickKeyword.groovy)
	at com.kms.katalon.core.webui.keyword.internal.WebUIKeywordMain.runKeyword(WebUIKeywordMain.groovy:35)
	... 22 more


21-10-2025T22:04:19 - [TEST_STEP][PASSED] - Start listener action : beforeTestCase: null

21-10-2025T22:04:19 - [TEST_STEP][PASSED] - addDefaultPackages(): null

21-10-2025T22:04:19 - [TEST_STEP][PASSED] - callTestCase(findTestCase("Utility Scripts/FIM KAG Admin Login"), [:], STOP_ON_FAILURE): Call Test Case 'Test Cases/Utility Scripts/FIM KAG Admin Login' successfully

21-10-2025T22:04:19 - [TEST_CASE][PASSED] - Test Cases/Utility Scripts/FIM KAG Admin Login: Test Cases/Utility Scripts/FIM KAG Admin Login

21-10-2025T22:04:19 - [TEST_STEP][PASSED] - openBrowser(""): Browser is opened with url: ''

21-10-2025T22:04:19 - [MESSAGE][WARNING] - A browser is already opened. Closing browser and opening a new one

21-10-2025T22:04:19 - [MESSAGE][INFO] - Starting 'Chrome' driver

21-10-2025T22:04:19 - [MESSAGE][INFO] - User set preference: ['args', '[--no-sandbox, --disable-gpu, --disable-dev-shm-usage]']

21-10-2025T22:04:19 - [MESSAGE][INFO] - Action delay is set to 0 milliseconds

21-10-2025T22:04:20 - [MESSAGE][PASSED] - Browser is opened with url: ''

21-10-2025T22:04:20 - [TEST_STEP][PASSED] - delay(1): Delayed 1 second(s)

21-10-2025T22:04:21 - [MESSAGE][PASSED] - Delayed 1 second(s)

21-10-2025T22:04:21 - [TEST_STEP][PASSED] - navigateToUrl(KenanRegionURL): Navigate to 'https://kag-inventory-management-portal.qa.thekag.com/region/' successfully

21-10-2025T22:04:21 - [MESSAGE][PASSED] - Navigate to 'https://kag-inventory-management-portal.qa.thekag.com/region/' successfully

21-10-2025T22:04:21 - [TEST_STEP][PASSED] - delay(10): Delayed 10 second(s)

21-10-2025T22:04:31 - [MESSAGE][PASSED] - Delayed 10 second(s)

21-10-2025T22:04:31 - [TEST_STEP][PASSED] - if (maximizeWindow == true): Current window maximized

21-10-2025T22:04:31 - [TEST_STEP][PASSED] - maximizeWindow(STOP_ON_FAILURE): Current window maximized

21-10-2025T22:04:31 - [MESSAGE][PASSED] - Current window maximized

21-10-2025T22:04:31 - [TEST_STEP][PASSED] - waitForElementPresent(findTestObject("FIM/Username_txt"), 10): Object 'Object Repository/FIM/Username_txt' is present

21-10-2025T22:04:31 - [MESSAGE][PASSED] - Object 'Object Repository/FIM/Username_txt' is present

21-10-2025T22:04:31 - [TEST_STEP][PASSED] - setText(findTestObject("FIM/Username_txt"), FIMUsername): Text 'Chris.Sheldon+DES_QA@Thekag.com' is set on object 'Object Repository/FIM/Username_txt'

21-10-2025T22:04:32 - [MESSAGE][PASSED] - Text 'Chris.Sheldon+DES_QA@Thekag.com' is set on object 'Object Repository/FIM/Username_txt'

21-10-2025T22:04:32 - [TEST_STEP][PASSED] - delay(1): Delayed 1 second(s)

21-10-2025T22:04:33 - [MESSAGE][PASSED] - Delayed 1 second(s)

21-10-2025T22:04:33 - [TEST_STEP][PASSED] - setText(findTestObject("FIM/Password_txt"), FIMPassword): Text 'QATest!2' is set on object 'Object Repository/FIM/Password_txt'

21-10-2025T22:04:33 - [MESSAGE][PASSED] - Text 'QATest!2' is set on object 'Object Repository/FIM/Password_txt'

21-10-2025T22:04:33 - [TEST_STEP][PASSED] - delay(1): Delayed 1 second(s)

21-10-2025T22:04:34 - [MESSAGE][PASSED] - Delayed 1 second(s)

21-10-2025T22:04:34 - [TEST_STEP][PASSED] - click(findTestObject("FIM/Login_btn")): Object: 'Object Repository/FIM/Login_btn' is clicked on

21-10-2025T22:04:34 - [MESSAGE][PASSED] - Object: 'Object Repository/FIM/Login_btn' is clicked on

21-10-2025T22:04:34 - [MESSAGE][PASSED] - Call Test Case 'Test Cases/Utility Scripts/FIM KAG Admin Login' successfully

21-10-2025T22:04:34 - [TEST_STEP][PASSED] - if (verifyElementVisible(findTestObject("FIM/Server_Notification_Close_btn"), OPTIONAL) == true): Web element with id: 'Object Repository/FIM/Server_Notification_Close_btn' located by '/html/body/div/div[1]/button' not found (Root cause: com.kms.katalon.core.exception.StepFailedException: Web element with id: 'Object Repository/FIM/Server_Notification_Close_btn' located by '/html/body/div/div[1]/button' not found
	at com.kms.katalon.core.webui.keyword.internal.WebUIKeywordMain.stepFailed(WebUIKeywordMain.groovy:117)
	at com.kms.katalon.core.webui.keyword.builtin.VerifyElementVisibleKeyword$_verifyElementVisible_closure1.doCall(VerifyElementVisibleKeyword.groovy:89)
	at com.kms.katalon.core.webui.keyword.builtin.VerifyElementVisibleKeyword$_verifyElementVisible_closure1.call(VerifyElementVisibleKeyword.groovy)
	at com.kms.katalon.core.webui.keyword.internal.WebUIKeywordMain.runKeyword(WebUIKeywordMain.groovy:35)
	at com.kms.katalon.core.webui.keyword.builtin.VerifyElementVisibleKeyword.verifyElementVisible(VerifyElementVisibleKeyword.groovy:97)
	at com.kms.katalon.core.webui.keyword.builtin.VerifyElementVisibleKeyword.execute(VerifyElementVisibleKeyword.groovy:67)
	at com.kms.katalon.core.keyword.internal.KeywordExecutor.executeKeywordForPlatform(KeywordExecutor.groovy:74)
	at com.kms.katalon.core.webui.keyword.WebUiBuiltInKeywords.verifyElementVisible(WebUiBuiltInKeywords.groovy:401)
	at com.kms.katalon.core.webui.keyword.WebUiBuiltInKeywords$verifyElementVisible$5.call(Unknown Source)
	at Verify Remove Button on Split Load Order.run(Verify Remove Button on Split Load Order:22)
	at com.kms.katalon.core.main.ScriptEngine.run(ScriptEngine.java:194)
	at com.kms.katalon.core.main.ScriptEngine.runScriptAsRawText(ScriptEngine.java:119)
	at com.kms.katalon.core.main.TestCaseExecutor.runScript(TestCaseExecutor.java:448)
	at com.kms.katalon.core.main.TestCaseExecutor.doExecute(TestCaseExecutor.java:439)
	at com.kms.katalon.core.main.TestCaseExecutor.processExecutionPhase(TestCaseExecutor.java:418)
	at com.kms.katalon.core.main.TestCaseExecutor.accessMainPhase(TestCaseExecutor.java:410)
	at com.kms.katalon.core.main.TestCaseExecutor.execute(TestCaseExecutor.java:285)
	at com.kms.katalon.core.common.CommonExecutor.accessTestCaseMainPhase(CommonExecutor.java:65)
	at com.kms.katalon.core.main.TestSuiteExecutor.accessTestSuiteMainPhase(TestSuiteExecutor.java:150)
	at com.kms.katalon.core.main.TestSuiteExecutor.execute(TestSuiteExecutor.java:106)
	at com.kms.katalon.core.main.TestCaseMain.startTestSuite(TestCaseMain.java:180)
	at com.kms.katalon.core.main.TestCaseMain$startTestSuite$0.call(Unknown Source)
	at TempTestSuite1761090815312.run(TempTestSuite1761090815312.groovy:35)
	at java.base/jdk.internal.reflect.NativeMethodAccessorImpl.invoke0(Native Method)
	at java.base/jdk.internal.reflect.NativeMethodAccessorImpl.invoke(NativeMethodAccessorImpl.java:77)
	at java.base/jdk.internal.reflect.DelegatingMethodAccessorImpl.invoke(DelegatingMethodAccessorImpl.java:43)
)

21-10-2025T22:04:50 - [MESSAGE][INFO] - Unable to find the element located by 'By.xpath: /html/body/div/div[1]/button'. Please recheck the objects properties to make sure the desired element is located. 

21-10-2025T22:04:50 - [MESSAGE][WARNING] - [SELF-HEALING] Failed to find element with id 'Object Repository/FIM/Server_Notification_Close_btn'. Try using Self-healing.

21-10-2025T22:04:51 - [MESSAGE][INFO] - [SELF-HEALING] No working XPath is found.

21-10-2025T22:04:53 - [MESSAGE][INFO] - Unable to find the element located by 'By.xpath: '. Please recheck the objects properties to make sure the desired element is located. 

21-10-2025T22:04:53 - [MESSAGE][WARNING] - [SELF-HEALING] Cannot find elements when the selector is null

21-10-2025T22:04:53 - [MESSAGE][WARNING] - Web element with id: 'Object Repository/FIM/Server_Notification_Close_btn' located by '/html/body/div/div[1]/button' not found (Root cause: com.kms.katalon.core.exception.StepFailedException: Web element with id: 'Object Repository/FIM/Server_Notification_Close_btn' located by '/html/body/div/div[1]/button' not found
	at com.kms.katalon.core.webui.keyword.internal.WebUIKeywordMain.stepFailed(WebUIKeywordMain.groovy:117)
	at com.kms.katalon.core.webui.keyword.builtin.VerifyElementVisibleKeyword$_verifyElementVisible_closure1.doCall(VerifyElementVisibleKeyword.groovy:89)
	at com.kms.katalon.core.webui.keyword.builtin.VerifyElementVisibleKeyword$_verifyElementVisible_closure1.call(VerifyElementVisibleKeyword.groovy)
	at com.kms.katalon.core.webui.keyword.internal.WebUIKeywordMain.runKeyword(WebUIKeywordMain.groovy:35)
	at com.kms.katalon.core.webui.keyword.builtin.VerifyElementVisibleKeyword.verifyElementVisible(VerifyElementVisibleKeyword.groovy:97)
	at com.kms.katalon.core.webui.keyword.builtin.VerifyElementVisibleKeyword.execute(VerifyElementVisibleKeyword.groovy:67)
	at com.kms.katalon.core.keyword.internal.KeywordExecutor.executeKeywordForPlatform(KeywordExecutor.groovy:74)
	at com.kms.katalon.core.webui.keyword.WebUiBuiltInKeywords.verifyElementVisible(WebUiBuiltInKeywords.groovy:401)
	at com.kms.katalon.core.webui.keyword.WebUiBuiltInKeywords$verifyElementVisible$5.call(Unknown Source)
	at Verify Remove Button on Split Load Order.run(Verify Remove Button on Split Load Order:22)
	at com.kms.katalon.core.main.ScriptEngine.run(ScriptEngine.java:194)
	at com.kms.katalon.core.main.ScriptEngine.runScriptAsRawText(ScriptEngine.java:119)
	at com.kms.katalon.core.main.TestCaseExecutor.runScript(TestCaseExecutor.java:448)
	at com.kms.katalon.core.main.TestCaseExecutor.doExecute(TestCaseExecutor.java:439)
	at com.kms.katalon.core.main.TestCaseExecutor.processExecutionPhase(TestCaseExecutor.java:418)
	at com.kms.katalon.core.main.TestCaseExecutor.accessMainPhase(TestCaseExecutor.java:410)
	at com.kms.katalon.core.main.TestCaseExecutor.execute(TestCaseExecutor.java:285)
	at com.kms.katalon.core.common.CommonExecutor.accessTestCaseMainPhase(CommonExecutor.java:65)
	at com.kms.katalon.core.main.TestSuiteExecutor.accessTestSuiteMainPhase(TestSuiteExecutor.java:150)
	at com.kms.katalon.core.main.TestSuiteExecutor.execute(TestSuiteExecutor.java:106)
	at com.kms.katalon.core.main.TestCaseMain.startTestSuite(TestCaseMain.java:180)
	at com.kms.katalon.core.main.TestCaseMain$startTestSuite$0.call(Unknown Source)
	at TempTestSuite1761090815312.run(TempTestSuite1761090815312.groovy:35)
	at java.base/jdk.internal.reflect.NativeMethodAccessorImpl.invoke0(Native Method)
	at java.base/jdk.internal.reflect.NativeMethodAccessorImpl.invoke(NativeMethodAccessorImpl.java:77)
	at java.base/jdk.internal.reflect.DelegatingMethodAccessorImpl.invoke(DelegatingMethodAccessorImpl.java:43)
)

21-10-2025T22:04:53 - [TEST_STEP][PASSED] - delay(1): Delayed 1 second(s)

21-10-2025T22:04:54 - [MESSAGE][PASSED] - Delayed 1 second(s)

21-10-2025T22:04:54 - [TEST_STEP][PASSED] - click(findTestObject("FIM/Hamburger Menu List/Hamburger_menu")): Object: 'Object Repository/FIM/Hamburger Menu List/Hamburger_menu' is clicked on

21-10-2025T22:04:54 - [MESSAGE][PASSED] - Object: 'Object Repository/FIM/Hamburger Menu List/Hamburger_menu' is clicked on

21-10-2025T22:04:54 - [TEST_STEP][PASSED] - verifyElementPresent(findTestObject("FIM/Hamburger Menu List/KAG_Sites_option"), 10): Object 'Object Repository/FIM/Hamburger Menu List/KAG_Sites_option' is present

21-10-2025T22:04:54 - [MESSAGE][PASSED] - Object 'Object Repository/FIM/Hamburger Menu List/KAG_Sites_option' is present

21-10-2025T22:04:54 - [TEST_STEP][PASSED] - delay(1): Delayed 1 second(s)

21-10-2025T22:04:55 - [MESSAGE][PASSED] - Delayed 1 second(s)

21-10-2025T22:04:55 - [TEST_STEP][PASSED] - click(findTestObject("FIM/Hamburger Menu List/KAG_Sites_option")): Object: 'Object Repository/FIM/Hamburger Menu List/KAG_Sites_option' is clicked on

21-10-2025T22:04:55 - [MESSAGE][PASSED] - Object: 'Object Repository/FIM/Hamburger Menu List/KAG_Sites_option' is clicked on

21-10-2025T22:04:55 - [TEST_STEP][PASSED] - waitForElementPresent(findTestObject("FIM/Sites Page/Calculator/Calculator Tab"), 10): Object 'Object Repository/FIM/Sites Page/Calculator/Calculator Tab' is present

21-10-2025T22:05:03 - [MESSAGE][PASSED] - Object 'Object Repository/FIM/Sites Page/Calculator/Calculator Tab' is present

21-10-2025T22:05:03 - [TEST_STEP][PASSED] - while (i < 60 == true): null

21-10-2025T22:05:03 - [TEST_STEP][PASSED] - sendKeys(findTestObject("FIM/Sites Page/Site Filtering/Site_txt"), Keys.chord(BACK_SPACE), STOP_ON_FAILURE): Keys 'BACK_SPACE + ' sent to object: 'Object Repository/FIM/Sites Page/Site Filtering/Site_txt'

21-10-2025T22:05:04 - [MESSAGE][PASSED] - Keys 'BACK_SPACE + ' sent to object: 'Object Repository/FIM/Sites Page/Site Filtering/Site_txt'

21-10-2025T22:05:04 - [TEST_STEP][PASSED] - (i++): null

21-10-2025T22:05:04 - [TEST_STEP][PASSED] - sendKeys(findTestObject("FIM/Sites Page/Site Filtering/Site_txt"), Keys.chord(BACK_SPACE), STOP_ON_FAILURE): Keys 'BACK_SPACE + ' sent to object: 'Object Repository/FIM/Sites Page/Site Filtering/Site_txt'

21-10-2025T22:05:04 - [MESSAGE][PASSED] - Keys 'BACK_SPACE + ' sent to object: 'Object Repository/FIM/Sites Page/Site Filtering/Site_txt'

21-10-2025T22:05:04 - [TEST_STEP][PASSED] - (i++): null

21-10-2025T22:05:04 - [TEST_STEP][PASSED] - sendKeys(findTestObject("FIM/Sites Page/Site Filtering/Site_txt"), Keys.chord(BACK_SPACE), STOP_ON_FAILURE): Keys 'BACK_SPACE + ' sent to object: 'Object Repository/FIM/Sites Page/Site Filtering/Site_txt'

21-10-2025T22:05:04 - [MESSAGE][PASSED] - Keys 'BACK_SPACE + ' sent to object: 'Object Repository/FIM/Sites Page/Site Filtering/Site_txt'

21-10-2025T22:05:04 - [TEST_STEP][PASSED] - (i++): null

21-10-2025T22:05:04 - [TEST_STEP][PASSED] - sendKeys(findTestObject("FIM/Sites Page/Site Filtering/Site_txt"), Keys.chord(BACK_SPACE), STOP_ON_FAILURE): Keys 'BACK_SPACE + ' sent to object: 'Object Repository/FIM/Sites Page/Site Filtering/Site_txt'

21-10-2025T22:05:04 - [MESSAGE][PASSED] - Keys 'BACK_SPACE + ' sent to object: 'Object Repository/FIM/Sites Page/Site Filtering/Site_txt'

21-10-2025T22:05:04 - [TEST_STEP][PASSED] - (i++): null

21-10-2025T22:05:04 - [TEST_STEP][PASSED] - sendKeys(findTestObject("FIM/Sites Page/Site Filtering/Site_txt"), Keys.chord(BACK_SPACE), STOP_ON_FAILURE): Keys 'BACK_SPACE + ' sent to object: 'Object Repository/FIM/Sites Page/Site Filtering/Site_txt'

21-10-2025T22:05:04 - [MESSAGE][PASSED] - Keys 'BACK_SPACE + ' sent to object: 'Object Repository/FIM/Sites Page/Site Filtering/Site_txt'

21-10-2025T22:05:04 - [TEST_STEP][PASSED] - (i++): null

21-10-2025T22:05:04 - [TEST_STEP][PASSED] - sendKeys(findTestObject("FIM/Sites Page/Site Filtering/Site_txt"), Keys.chord(BACK_SPACE), STOP_ON_FAILURE): Keys 'BACK_SPACE + ' sent to object: 'Object Repository/FIM/Sites Page/Site Filtering/Site_txt'

21-10-2025T22:05:04 - [MESSAGE][PASSED] - Keys 'BACK_SPACE + ' sent to object: 'Object Repository/FIM/Sites Page/Site Filtering/Site_txt'

21-10-2025T22:05:04 - [TEST_STEP][PASSED] - (i++): null

21-10-2025T22:05:04 - [TEST_STEP][PASSED] - sendKeys(findTestObject("FIM/Sites Page/Site Filtering/Site_txt"), Keys.chord(BACK_SPACE), STOP_ON_FAILURE): Keys 'BACK_SPACE + ' sent to object: 'Object Repository/FIM/Sites Page/Site Filtering/Site_txt'

21-10-2025T22:05:04 - [MESSAGE][PASSED] - Keys 'BACK_SPACE + ' sent to object: 'Object Repository/FIM/Sites Page/Site Filtering/Site_txt'

21-10-2025T22:05:04 - [TEST_STEP][PASSED] - (i++): null

21-10-2025T22:05:04 - [TEST_STEP][PASSED] - sendKeys(findTestObject("FIM/Sites Page/Site Filtering/Site_txt"), Keys.chord(BACK_SPACE), STOP_ON_FAILURE): Keys 'BACK_SPACE + ' sent to object: 'Object Repository/FIM/Sites Page/Site Filtering/Site_txt'

21-10-2025T22:05:05 - [MESSAGE][PASSED] - Keys 'BACK_SPACE + ' sent to object: 'Object Repository/FIM/Sites Page/Site Filtering/Site_txt'

21-10-2025T22:05:05 - [TEST_STEP][PASSED] - (i++): null

21-10-2025T22:05:05 - [TEST_STEP][PASSED] - sendKeys(findTestObject("FIM/Sites Page/Site Filtering/Site_txt"), Keys.chord(BACK_SPACE), STOP_ON_FAILURE): Keys 'BACK_SPACE + ' sent to object: 'Object Repository/FIM/Sites Page/Site Filtering/Site_txt'

21-10-2025T22:05:05 - [MESSAGE][PASSED] - Keys 'BACK_SPACE + ' sent to object: 'Object Repository/FIM/Sites Page/Site Filtering/Site_txt'

21-10-2025T22:05:05 - [TEST_STEP][PASSED] - (i++): null

21-10-2025T22:05:05 - [TEST_STEP][PASSED] - sendKeys(findTestObject("FIM/Sites Page/Site Filtering/Site_txt"), Keys.chord(BACK_SPACE), STOP_ON_FAILURE): Keys 'BACK_SPACE + ' sent to object: 'Object Repository/FIM/Sites Page/Site Filtering/Site_txt'

21-10-2025T22:05:05 - [MESSAGE][PASSED] - Keys 'BACK_SPACE + ' sent to object: 'Object Repository/FIM/Sites Page/Site Filtering/Site_txt'

21-10-2025T22:05:05 - [TEST_STEP][PASSED] - (i++): null

21-10-2025T22:05:05 - [TEST_STEP][PASSED] - sendKeys(findTestObject("FIM/Sites Page/Site Filtering/Site_txt"), Keys.chord(BACK_SPACE), STOP_ON_FAILURE): Keys 'BACK_SPACE + ' sent to object: 'Object Repository/FIM/Sites Page/Site Filtering/Site_txt'

21-10-2025T22:05:05 - [MESSAGE][PASSED] - Keys 'BACK_SPACE + ' sent to object: 'Object Repository/FIM/Sites Page/Site Filtering/Site_txt'

21-10-2025T22:05:05 - [TEST_STEP][PASSED] - (i++): null

21-10-2025T22:05:05 - [TEST_STEP][PASSED] - sendKeys(findTestObject("FIM/Sites Page/Site Filtering/Site_txt"), Keys.chord(BACK_SPACE), STOP_ON_FAILURE): Keys 'BACK_SPACE + ' sent to object: 'Object Repository/FIM/Sites Page/Site Filtering/Site_txt'

21-10-2025T22:05:05 - [MESSAGE][PASSED] - Keys 'BACK_SPACE + ' sent to object: 'Object Repository/FIM/Sites Page/Site Filtering/Site_txt'

21-10-2025T22:05:05 - [TEST_STEP][PASSED] - (i++): null

21-10-2025T22:05:05 - [TEST_STEP][PASSED] - sendKeys(findTestObject("FIM/Sites Page/Site Filtering/Site_txt"), Keys.chord(BACK_SPACE), STOP_ON_FAILURE): Keys 'BACK_SPACE + ' sent to object: 'Object Repository/FIM/Sites Page/Site Filtering/Site_txt'

21-10-2025T22:05:05 - [MESSAGE][PASSED] - Keys 'BACK_SPACE + ' sent to object: 'Object Repository/FIM/Sites Page/Site Filtering/Site_txt'

21-10-2025T22:05:05 - [TEST_STEP][PASSED] - (i++): null

21-10-2025T22:05:05 - [TEST_STEP][PASSED] - sendKeys(findTestObject("FIM/Sites Page/Site Filtering/Site_txt"), Keys.chord(BACK_SPACE), STOP_ON_FAILURE): Keys 'BACK_SPACE + ' sent to object: 'Object Repository/FIM/Sites Page/Site Filtering/Site_txt'

21-10-2025T22:05:05 - [MESSAGE][PASSED] - Keys 'BACK_SPACE + ' sent to object: 'Object Repository/FIM/Sites Page/Site Filtering/Site_txt'

21-10-2025T22:05:05 - [TEST_STEP][PASSED] - (i++): null

21-10-2025T22:05:05 - [TEST_STEP][PASSED] - sendKeys(findTestObject("FIM/Sites Page/Site Filtering/Site_txt"), Keys.chord(BACK_SPACE), STOP_ON_FAILURE): Keys 'BACK_SPACE + ' sent to object: 'Object Repository/FIM/Sites Page/Site Filtering/Site_txt'

21-10-2025T22:05:05 - [MESSAGE][PASSED] - Keys 'BACK_SPACE + ' sent to object: 'Object Repository/FIM/Sites Page/Site Filtering/Site_txt'

21-10-2025T22:05:05 - [TEST_STEP][PASSED] - (i++): null

21-10-2025T22:05:05 - [TEST_STEP][PASSED] - sendKeys(findTestObject("FIM/Sites Page/Site Filtering/Site_txt"), Keys.chord(BACK_SPACE), STOP_ON_FAILURE): Keys 'BACK_SPACE + ' sent to object: 'Object Repository/FIM/Sites Page/Site Filtering/Site_txt'

21-10-2025T22:05:05 - [MESSAGE][PASSED] - Keys 'BACK_SPACE + ' sent to object: 'Object Repository/FIM/Sites Page/Site Filtering/Site_txt'

21-10-2025T22:05:05 - [TEST_STEP][PASSED] - (i++): null

21-10-2025T22:05:05 - [TEST_STEP][PASSED] - sendKeys(findTestObject("FIM/Sites Page/Site Filtering/Site_txt"), Keys.chord(BACK_SPACE), STOP_ON_FAILURE): Keys 'BACK_SPACE + ' sent to object: 'Object Repository/FIM/Sites Page/Site Filtering/Site_txt'

21-10-2025T22:05:05 - [MESSAGE][PASSED] - Keys 'BACK_SPACE + ' sent to object: 'Object Repository/FIM/Sites Page/Site Filtering/Site_txt'

21-10-2025T22:05:05 - [TEST_STEP][PASSED] - (i++): null

21-10-2025T22:05:05 - [TEST_STEP][PASSED] - sendKeys(findTestObject("FIM/Sites Page/Site Filtering/Site_txt"), Keys.chord(BACK_SPACE), STOP_ON_FAILURE): Keys 'BACK_SPACE + ' sent to object: 'Object Repository/FIM/Sites Page/Site Filtering/Site_txt'

21-10-2025T22:05:05 - [MESSAGE][PASSED] - Keys 'BACK_SPACE + ' sent to object: 'Object Repository/FIM/Sites Page/Site Filtering/Site_txt'

21-10-2025T22:05:05 - [TEST_STEP][PASSED] - (i++): null

21-10-2025T22:05:05 - [TEST_STEP][PASSED] - sendKeys(findTestObject("FIM/Sites Page/Site Filtering/Site_txt"), Keys.chord(BACK_SPACE), STOP_ON_FAILURE): Keys 'BACK_SPACE + ' sent to object: 'Object Repository/FIM/Sites Page/Site Filtering/Site_txt'

21-10-2025T22:05:05 - [MESSAGE][PASSED] - Keys 'BACK_SPACE + ' sent to object: 'Object Repository/FIM/Sites Page/Site Filtering/Site_txt'

21-10-2025T22:05:05 - [TEST_STEP][PASSED] - (i++): null

21-10-2025T22:05:05 - [TEST_STEP][PASSED] - sendKeys(findTestObject("FIM/Sites Page/Site Filtering/Site_txt"), Keys.chord(BACK_SPACE), STOP_ON_FAILURE): Keys 'BACK_SPACE + ' sent to object: 'Object Repository/FIM/Sites Page/Site Filtering/Site_txt'

21-10-2025T22:05:06 - [MESSAGE][PASSED] - Keys 'BACK_SPACE + ' sent to object: 'Object Repository/FIM/Sites Page/Site Filtering/Site_txt'

21-10-2025T22:05:06 - [TEST_STEP][PASSED] - (i++): null

21-10-2025T22:05:06 - [TEST_STEP][PASSED] - sendKeys(findTestObject("FIM/Sites Page/Site Filtering/Site_txt"), Keys.chord(BACK_SPACE), STOP_ON_FAILURE): Keys 'BACK_SPACE + ' sent to object: 'Object Repository/FIM/Sites Page/Site Filtering/Site_txt'

21-10-2025T22:05:06 - [MESSAGE][PASSED] - Keys 'BACK_SPACE + ' sent to object: 'Object Repository/FIM/Sites Page/Site Filtering/Site_txt'

21-10-2025T22:05:06 - [TEST_STEP][PASSED] - (i++): null

21-10-2025T22:05:06 - [TEST_STEP][PASSED] - sendKeys(findTestObject("FIM/Sites Page/Site Filtering/Site_txt"), Keys.chord(BACK_SPACE), STOP_ON_FAILURE): Keys 'BACK_SPACE + ' sent to object: 'Object Repository/FIM/Sites Page/Site Filtering/Site_txt'

21-10-2025T22:05:06 - [MESSAGE][PASSED] - Keys 'BACK_SPACE + ' sent to object: 'Object Repository/FIM/Sites Page/Site Filtering/Site_txt'

21-10-2025T22:05:06 - [TEST_STEP][PASSED] - (i++): null

21-10-2025T22:05:06 - [TEST_STEP][PASSED] - sendKeys(findTestObject("FIM/Sites Page/Site Filtering/Site_txt"), Keys.chord(BACK_SPACE), STOP_ON_FAILURE): Keys 'BACK_SPACE + ' sent to object: 'Object Repository/FIM/Sites Page/Site Filtering/Site_txt'

21-10-2025T22:05:06 - [MESSAGE][PASSED] - Keys 'BACK_SPACE + ' sent to object: 'Object Repository/FIM/Sites Page/Site Filtering/Site_txt'

21-10-2025T22:05:06 - [TEST_STEP][PASSED] - (i++): null

21-10-2025T22:05:06 - [TEST_STEP][PASSED] - sendKeys(findTestObject("FIM/Sites Page/Site Filtering/Site_txt"), Keys.chord(BACK_SPACE), STOP_ON_FAILURE): Keys 'BACK_SPACE + ' sent to object: 'Object Repository/FIM/Sites Page/Site Filtering/Site_txt'

21-10-2025T22:05:06 - [MESSAGE][PASSED] - Keys 'BACK_SPACE + ' sent to object: 'Object Repository/FIM/Sites Page/Site Filtering/Site_txt'

21-10-2025T22:05:06 - [TEST_STEP][PASSED] - (i++): null

21-10-2025T22:05:06 - [TEST_STEP][PASSED] - sendKeys(findTestObject("FIM/Sites Page/Site Filtering/Site_txt"), Keys.chord(BACK_SPACE), STOP_ON_FAILURE): Keys 'BACK_SPACE + ' sent to object: 'Object Repository/FIM/Sites Page/Site Filtering/Site_txt'

21-10-2025T22:05:06 - [MESSAGE][PASSED] - Keys 'BACK_SPACE + ' sent to object: 'Object Repository/FIM/Sites Page/Site Filtering/Site_txt'

21-10-2025T22:05:06 - [TEST_STEP][PASSED] - (i++): null

21-10-2025T22:05:06 - [TEST_STEP][PASSED] - sendKeys(findTestObject("FIM/Sites Page/Site Filtering/Site_txt"), Keys.chord(BACK_SPACE), STOP_ON_FAILURE): Keys 'BACK_SPACE + ' sent to object: 'Object Repository/FIM/Sites Page/Site Filtering/Site_txt'

21-10-2025T22:05:06 - [MESSAGE][PASSED] - Keys 'BACK_SPACE + ' sent to object: 'Object Repository/FIM/Sites Page/Site Filtering/Site_txt'

21-10-2025T22:05:06 - [TEST_STEP][PASSED] - (i++): null

21-10-2025T22:05:06 - [TEST_STEP][PASSED] - sendKeys(findTestObject("FIM/Sites Page/Site Filtering/Site_txt"), Keys.chord(BACK_SPACE), STOP_ON_FAILURE): Keys 'BACK_SPACE + ' sent to object: 'Object Repository/FIM/Sites Page/Site Filtering/Site_txt'

21-10-2025T22:05:06 - [MESSAGE][PASSED] - Keys 'BACK_SPACE + ' sent to object: 'Object Repository/FIM/Sites Page/Site Filtering/Site_txt'

21-10-2025T22:05:06 - [TEST_STEP][PASSED] - (i++): null

21-10-2025T22:05:06 - [TEST_STEP][PASSED] - sendKeys(findTestObject("FIM/Sites Page/Site Filtering/Site_txt"), Keys.chord(BACK_SPACE), STOP_ON_FAILURE): Keys 'BACK_SPACE + ' sent to object: 'Object Repository/FIM/Sites Page/Site Filtering/Site_txt'

21-10-2025T22:05:06 - [MESSAGE][PASSED] - Keys 'BACK_SPACE + ' sent to object: 'Object Repository/FIM/Sites Page/Site Filtering/Site_txt'

21-10-2025T22:05:06 - [TEST_STEP][PASSED] - (i++): null

21-10-2025T22:05:06 - [TEST_STEP][PASSED] - sendKeys(findTestObject("FIM/Sites Page/Site Filtering/Site_txt"), Keys.chord(BACK_SPACE), STOP_ON_FAILURE): Keys 'BACK_SPACE + ' sent to object: 'Object Repository/FIM/Sites Page/Site Filtering/Site_txt'

21-10-2025T22:05:06 - [MESSAGE][PASSED] - Keys 'BACK_SPACE + ' sent to object: 'Object Repository/FIM/Sites Page/Site Filtering/Site_txt'

21-10-2025T22:05:06 - [TEST_STEP][PASSED] - (i++): null

21-10-2025T22:05:06 - [TEST_STEP][PASSED] - sendKeys(findTestObject("FIM/Sites Page/Site Filtering/Site_txt"), Keys.chord(BACK_SPACE), STOP_ON_FAILURE): Keys 'BACK_SPACE + ' sent to object: 'Object Repository/FIM/Sites Page/Site Filtering/Site_txt'

21-10-2025T22:05:06 - [MESSAGE][PASSED] - Keys 'BACK_SPACE + ' sent to object: 'Object Repository/FIM/Sites Page/Site Filtering/Site_txt'

21-10-2025T22:05:06 - [TEST_STEP][PASSED] - (i++): null

21-10-2025T22:05:06 - [TEST_STEP][PASSED] - sendKeys(findTestObject("FIM/Sites Page/Site Filtering/Site_txt"), Keys.chord(BACK_SPACE), STOP_ON_FAILURE): Keys 'BACK_SPACE + ' sent to object: 'Object Repository/FIM/Sites Page/Site Filtering/Site_txt'

21-10-2025T22:05:06 - [MESSAGE][PASSED] - Keys 'BACK_SPACE + ' sent to object: 'Object Repository/FIM/Sites Page/Site Filtering/Site_txt'

21-10-2025T22:05:06 - [TEST_STEP][PASSED] - (i++): null

21-10-2025T22:05:06 - [TEST_STEP][PASSED] - sendKeys(findTestObject("FIM/Sites Page/Site Filtering/Site_txt"), Keys.chord(BACK_SPACE), STOP_ON_FAILURE): Keys 'BACK_SPACE + ' sent to object: 'Object Repository/FIM/Sites Page/Site Filtering/Site_txt'

21-10-2025T22:05:07 - [MESSAGE][PASSED] - Keys 'BACK_SPACE + ' sent to object: 'Object Repository/FIM/Sites Page/Site Filtering/Site_txt'

21-10-2025T22:05:07 - [TEST_STEP][PASSED] - (i++): null

21-10-2025T22:05:07 - [TEST_STEP][PASSED] - sendKeys(findTestObject("FIM/Sites Page/Site Filtering/Site_txt"), Keys.chord(BACK_SPACE), STOP_ON_FAILURE): Keys 'BACK_SPACE + ' sent to object: 'Object Repository/FIM/Sites Page/Site Filtering/Site_txt'

21-10-2025T22:05:07 - [MESSAGE][PASSED] - Keys 'BACK_SPACE + ' sent to object: 'Object Repository/FIM/Sites Page/Site Filtering/Site_txt'

21-10-2025T22:05:07 - [TEST_STEP][PASSED] - (i++): null

21-10-2025T22:05:07 - [TEST_STEP][PASSED] - sendKeys(findTestObject("FIM/Sites Page/Site Filtering/Site_txt"), Keys.chord(BACK_SPACE), STOP_ON_FAILURE): Keys 'BACK_SPACE + ' sent to object: 'Object Repository/FIM/Sites Page/Site Filtering/Site_txt'

21-10-2025T22:05:07 - [MESSAGE][PASSED] - Keys 'BACK_SPACE + ' sent to object: 'Object Repository/FIM/Sites Page/Site Filtering/Site_txt'

21-10-2025T22:05:07 - [TEST_STEP][PASSED] - (i++): null

21-10-2025T22:05:07 - [TEST_STEP][PASSED] - sendKeys(findTestObject("FIM/Sites Page/Site Filtering/Site_txt"), Keys.chord(BACK_SPACE), STOP_ON_FAILURE): Keys 'BACK_SPACE + ' sent to object: 'Object Repository/FIM/Sites Page/Site Filtering/Site_txt'

21-10-2025T22:05:07 - [MESSAGE][PASSED] - Keys 'BACK_SPACE + ' sent to object: 'Object Repository/FIM/Sites Page/Site Filtering/Site_txt'

21-10-2025T22:05:07 - [TEST_STEP][PASSED] - (i++): null

21-10-2025T22:05:07 - [TEST_STEP][PASSED] - sendKeys(findTestObject("FIM/Sites Page/Site Filtering/Site_txt"), Keys.chord(BACK_SPACE), STOP_ON_FAILURE): Keys 'BACK_SPACE + ' sent to object: 'Object Repository/FIM/Sites Page/Site Filtering/Site_txt'

21-10-2025T22:05:07 - [MESSAGE][PASSED] - Keys 'BACK_SPACE + ' sent to object: 'Object Repository/FIM/Sites Page/Site Filtering/Site_txt'

21-10-2025T22:05:07 - [TEST_STEP][PASSED] - (i++): null

21-10-2025T22:05:07 - [TEST_STEP][PASSED] - sendKeys(findTestObject("FIM/Sites Page/Site Filtering/Site_txt"), Keys.chord(BACK_SPACE), STOP_ON_FAILURE): Keys 'BACK_SPACE + ' sent to object: 'Object Repository/FIM/Sites Page/Site Filtering/Site_txt'

21-10-2025T22:05:07 - [MESSAGE][PASSED] - Keys 'BACK_SPACE + ' sent to object: 'Object Repository/FIM/Sites Page/Site Filtering/Site_txt'

21-10-2025T22:05:07 - [TEST_STEP][PASSED] - (i++): null

21-10-2025T22:05:07 - [TEST_STEP][PASSED] - sendKeys(findTestObject("FIM/Sites Page/Site Filtering/Site_txt"), Keys.chord(BACK_SPACE), STOP_ON_FAILURE): Keys 'BACK_SPACE + ' sent to object: 'Object Repository/FIM/Sites Page/Site Filtering/Site_txt'

21-10-2025T22:05:07 - [MESSAGE][PASSED] - Keys 'BACK_SPACE + ' sent to object: 'Object Repository/FIM/Sites Page/Site Filtering/Site_txt'

21-10-2025T22:05:07 - [TEST_STEP][PASSED] - (i++): null

21-10-2025T22:05:07 - [TEST_STEP][PASSED] - sendKeys(findTestObject("FIM/Sites Page/Site Filtering/Site_txt"), Keys.chord(BACK_SPACE), STOP_ON_FAILURE): Keys 'BACK_SPACE + ' sent to object: 'Object Repository/FIM/Sites Page/Site Filtering/Site_txt'

21-10-2025T22:05:07 - [MESSAGE][PASSED] - Keys 'BACK_SPACE + ' sent to object: 'Object Repository/FIM/Sites Page/Site Filtering/Site_txt'

21-10-2025T22:05:07 - [TEST_STEP][PASSED] - (i++): null

21-10-2025T22:05:07 - [TEST_STEP][PASSED] - sendKeys(findTestObject("FIM/Sites Page/Site Filtering/Site_txt"), Keys.chord(BACK_SPACE), STOP_ON_FAILURE): Keys 'BACK_SPACE + ' sent to object: 'Object Repository/FIM/Sites Page/Site Filtering/Site_txt'

21-10-2025T22:05:07 - [MESSAGE][PASSED] - Keys 'BACK_SPACE + ' sent to object: 'Object Repository/FIM/Sites Page/Site Filtering/Site_txt'

21-10-2025T22:05:07 - [TEST_STEP][PASSED] - (i++): null

21-10-2025T22:05:07 - [TEST_STEP][PASSED] - sendKeys(findTestObject("FIM/Sites Page/Site Filtering/Site_txt"), Keys.chord(BACK_SPACE), STOP_ON_FAILURE): Keys 'BACK_SPACE + ' sent to object: 'Object Repository/FIM/Sites Page/Site Filtering/Site_txt'

21-10-2025T22:05:07 - [MESSAGE][PASSED] - Keys 'BACK_SPACE + ' sent to object: 'Object Repository/FIM/Sites Page/Site Filtering/Site_txt'

21-10-2025T22:05:07 - [TEST_STEP][PASSED] - (i++): null

21-10-2025T22:05:07 - [TEST_STEP][PASSED] - sendKeys(findTestObject("FIM/Sites Page/Site Filtering/Site_txt"), Keys.chord(BACK_SPACE), STOP_ON_FAILURE): Keys 'BACK_SPACE + ' sent to object: 'Object Repository/FIM/Sites Page/Site Filtering/Site_txt'

21-10-2025T22:05:07 - [MESSAGE][PASSED] - Keys 'BACK_SPACE + ' sent to object: 'Object Repository/FIM/Sites Page/Site Filtering/Site_txt'

21-10-2025T22:05:07 - [TEST_STEP][PASSED] - (i++): null

21-10-2025T22:05:07 - [TEST_STEP][PASSED] - sendKeys(findTestObject("FIM/Sites Page/Site Filtering/Site_txt"), Keys.chord(BACK_SPACE), STOP_ON_FAILURE): Keys 'BACK_SPACE + ' sent to object: 'Object Repository/FIM/Sites Page/Site Filtering/Site_txt'

21-10-2025T22:05:07 - [MESSAGE][PASSED] - Keys 'BACK_SPACE + ' sent to object: 'Object Repository/FIM/Sites Page/Site Filtering/Site_txt'

21-10-2025T22:05:07 - [TEST_STEP][PASSED] - (i++): null

21-10-2025T22:05:07 - [TEST_STEP][PASSED] - sendKeys(findTestObject("FIM/Sites Page/Site Filtering/Site_txt"), Keys.chord(BACK_SPACE), STOP_ON_FAILURE): Keys 'BACK_SPACE + ' sent to object: 'Object Repository/FIM/Sites Page/Site Filtering/Site_txt'

21-10-2025T22:05:08 - [MESSAGE][PASSED] - Keys 'BACK_SPACE + ' sent to object: 'Object Repository/FIM/Sites Page/Site Filtering/Site_txt'

21-10-2025T22:05:08 - [TEST_STEP][PASSED] - (i++): null

21-10-2025T22:05:08 - [TEST_STEP][PASSED] - sendKeys(findTestObject("FIM/Sites Page/Site Filtering/Site_txt"), Keys.chord(BACK_SPACE), STOP_ON_FAILURE): Keys 'BACK_SPACE + ' sent to object: 'Object Repository/FIM/Sites Page/Site Filtering/Site_txt'

21-10-2025T22:05:08 - [MESSAGE][PASSED] - Keys 'BACK_SPACE + ' sent to object: 'Object Repository/FIM/Sites Page/Site Filtering/Site_txt'

21-10-2025T22:05:08 - [TEST_STEP][PASSED] - (i++): null

21-10-2025T22:05:08 - [TEST_STEP][PASSED] - sendKeys(findTestObject("FIM/Sites Page/Site Filtering/Site_txt"), Keys.chord(BACK_SPACE), STOP_ON_FAILURE): Keys 'BACK_SPACE + ' sent to object: 'Object Repository/FIM/Sites Page/Site Filtering/Site_txt'

21-10-2025T22:05:08 - [MESSAGE][PASSED] - Keys 'BACK_SPACE + ' sent to object: 'Object Repository/FIM/Sites Page/Site Filtering/Site_txt'

21-10-2025T22:05:08 - [TEST_STEP][PASSED] - (i++): null

21-10-2025T22:05:08 - [TEST_STEP][PASSED] - sendKeys(findTestObject("FIM/Sites Page/Site Filtering/Site_txt"), Keys.chord(BACK_SPACE), STOP_ON_FAILURE): Keys 'BACK_SPACE + ' sent to object: 'Object Repository/FIM/Sites Page/Site Filtering/Site_txt'

21-10-2025T22:05:08 - [MESSAGE][PASSED] - Keys 'BACK_SPACE + ' sent to object: 'Object Repository/FIM/Sites Page/Site Filtering/Site_txt'

21-10-2025T22:05:08 - [TEST_STEP][PASSED] - (i++): null

21-10-2025T22:05:08 - [TEST_STEP][PASSED] - sendKeys(findTestObject("FIM/Sites Page/Site Filtering/Site_txt"), Keys.chord(BACK_SPACE), STOP_ON_FAILURE): Keys 'BACK_SPACE + ' sent to object: 'Object Repository/FIM/Sites Page/Site Filtering/Site_txt'

21-10-2025T22:05:08 - [MESSAGE][PASSED] - Keys 'BACK_SPACE + ' sent to object: 'Object Repository/FIM/Sites Page/Site Filtering/Site_txt'

21-10-2025T22:05:08 - [TEST_STEP][PASSED] - (i++): null

21-10-2025T22:05:08 - [TEST_STEP][PASSED] - sendKeys(findTestObject("FIM/Sites Page/Site Filtering/Site_txt"), Keys.chord(BACK_SPACE), STOP_ON_FAILURE): Keys 'BACK_SPACE + ' sent to object: 'Object Repository/FIM/Sites Page/Site Filtering/Site_txt'

21-10-2025T22:05:08 - [MESSAGE][PASSED] - Keys 'BACK_SPACE + ' sent to object: 'Object Repository/FIM/Sites Page/Site Filtering/Site_txt'

21-10-2025T22:05:08 - [TEST_STEP][PASSED] - (i++): null

21-10-2025T22:05:08 - [TEST_STEP][PASSED] - sendKeys(findTestObject("FIM/Sites Page/Site Filtering/Site_txt"), Keys.chord(BACK_SPACE), STOP_ON_FAILURE): Keys 'BACK_SPACE + ' sent to object: 'Object Repository/FIM/Sites Page/Site Filtering/Site_txt'

21-10-2025T22:05:08 - [MESSAGE][PASSED] - Keys 'BACK_SPACE + ' sent to object: 'Object Repository/FIM/Sites Page/Site Filtering/Site_txt'

21-10-2025T22:05:08 - [TEST_STEP][PASSED] - (i++): null

21-10-2025T22:05:08 - [TEST_STEP][PASSED] - sendKeys(findTestObject("FIM/Sites Page/Site Filtering/Site_txt"), Keys.chord(BACK_SPACE), STOP_ON_FAILURE): Keys 'BACK_SPACE + ' sent to object: 'Object Repository/FIM/Sites Page/Site Filtering/Site_txt'

21-10-2025T22:05:08 - [MESSAGE][PASSED] - Keys 'BACK_SPACE + ' sent to object: 'Object Repository/FIM/Sites Page/Site Filtering/Site_txt'

21-10-2025T22:05:08 - [TEST_STEP][PASSED] - (i++): null

21-10-2025T22:05:08 - [TEST_STEP][PASSED] - sendKeys(findTestObject("FIM/Sites Page/Site Filtering/Site_txt"), Keys.chord(BACK_SPACE), STOP_ON_FAILURE): Keys 'BACK_SPACE + ' sent to object: 'Object Repository/FIM/Sites Page/Site Filtering/Site_txt'

21-10-2025T22:05:09 - [MESSAGE][PASSED] - Keys 'BACK_SPACE + ' sent to object: 'Object Repository/FIM/Sites Page/Site Filtering/Site_txt'

21-10-2025T22:05:09 - [TEST_STEP][PASSED] - (i++): null

21-10-2025T22:05:09 - [TEST_STEP][PASSED] - sendKeys(findTestObject("FIM/Sites Page/Site Filtering/Site_txt"), Keys.chord(BACK_SPACE), STOP_ON_FAILURE): Keys 'BACK_SPACE + ' sent to object: 'Object Repository/FIM/Sites Page/Site Filtering/Site_txt'

21-10-2025T22:05:10 - [MESSAGE][PASSED] - Keys 'BACK_SPACE + ' sent to object: 'Object Repository/FIM/Sites Page/Site Filtering/Site_txt'

21-10-2025T22:05:10 - [TEST_STEP][PASSED] - (i++): null

21-10-2025T22:05:10 - [TEST_STEP][PASSED] - sendKeys(findTestObject("FIM/Sites Page/Site Filtering/Site_txt"), Keys.chord(BACK_SPACE), STOP_ON_FAILURE): Keys 'BACK_SPACE + ' sent to object: 'Object Repository/FIM/Sites Page/Site Filtering/Site_txt'

21-10-2025T22:05:10 - [MESSAGE][PASSED] - Keys 'BACK_SPACE + ' sent to object: 'Object Repository/FIM/Sites Page/Site Filtering/Site_txt'

21-10-2025T22:05:10 - [TEST_STEP][PASSED] - (i++): null

21-10-2025T22:05:10 - [TEST_STEP][PASSED] - sendKeys(findTestObject("FIM/Sites Page/Site Filtering/Site_txt"), Keys.chord(BACK_SPACE), STOP_ON_FAILURE): Keys 'BACK_SPACE + ' sent to object: 'Object Repository/FIM/Sites Page/Site Filtering/Site_txt'

21-10-2025T22:05:10 - [MESSAGE][PASSED] - Keys 'BACK_SPACE + ' sent to object: 'Object Repository/FIM/Sites Page/Site Filtering/Site_txt'

21-10-2025T22:05:10 - [TEST_STEP][PASSED] - (i++): null

21-10-2025T22:05:10 - [TEST_STEP][PASSED] - sendKeys(findTestObject("FIM/Sites Page/Site Filtering/Site_txt"), Keys.chord(BACK_SPACE), STOP_ON_FAILURE): Keys 'BACK_SPACE + ' sent to object: 'Object Repository/FIM/Sites Page/Site Filtering/Site_txt'

21-10-2025T22:05:10 - [MESSAGE][PASSED] - Keys 'BACK_SPACE + ' sent to object: 'Object Repository/FIM/Sites Page/Site Filtering/Site_txt'

21-10-2025T22:05:10 - [TEST_STEP][PASSED] - (i++): null

21-10-2025T22:05:10 - [TEST_STEP][PASSED] - sendKeys(findTestObject("FIM/Sites Page/Site Filtering/Site_txt"), Keys.chord(BACK_SPACE), STOP_ON_FAILURE): Keys 'BACK_SPACE + ' sent to object: 'Object Repository/FIM/Sites Page/Site Filtering/Site_txt'

21-10-2025T22:05:10 - [MESSAGE][PASSED] - Keys 'BACK_SPACE + ' sent to object: 'Object Repository/FIM/Sites Page/Site Filtering/Site_txt'

21-10-2025T22:05:10 - [TEST_STEP][PASSED] - (i++): null

21-10-2025T22:05:10 - [TEST_STEP][PASSED] - sendKeys(findTestObject("FIM/Sites Page/Site Filtering/Site_txt"), Keys.chord(BACK_SPACE), STOP_ON_FAILURE): Keys 'BACK_SPACE + ' sent to object: 'Object Repository/FIM/Sites Page/Site Filtering/Site_txt'

21-10-2025T22:05:10 - [MESSAGE][PASSED] - Keys 'BACK_SPACE + ' sent to object: 'Object Repository/FIM/Sites Page/Site Filtering/Site_txt'

21-10-2025T22:05:10 - [TEST_STEP][PASSED] - (i++): null

21-10-2025T22:05:10 - [TEST_STEP][PASSED] - sendKeys(findTestObject("FIM/Sites Page/Site Filtering/Site_txt"), Keys.chord(BACK_SPACE), STOP_ON_FAILURE): Keys 'BACK_SPACE + ' sent to object: 'Object Repository/FIM/Sites Page/Site Filtering/Site_txt'

21-10-2025T22:05:10 - [MESSAGE][PASSED] - Keys 'BACK_SPACE + ' sent to object: 'Object Repository/FIM/Sites Page/Site Filtering/Site_txt'

21-10-2025T22:05:10 - [TEST_STEP][PASSED] - (i++): null

21-10-2025T22:05:10 - [TEST_STEP][PASSED] - sendKeys(findTestObject("FIM/Sites Page/Site Filtering/Site_txt"), Keys.chord(BACK_SPACE), STOP_ON_FAILURE): Keys 'BACK_SPACE + ' sent to object: 'Object Repository/FIM/Sites Page/Site Filtering/Site_txt'

21-10-2025T22:05:10 - [MESSAGE][PASSED] - Keys 'BACK_SPACE + ' sent to object: 'Object Repository/FIM/Sites Page/Site Filtering/Site_txt'

21-10-2025T22:05:10 - [TEST_STEP][PASSED] - (i++): null

21-10-2025T22:05:10 - [TEST_STEP][PASSED] - sendKeys(findTestObject("FIM/Sites Page/Site Filtering/Site_txt"), "AFM39", STOP_ON_FAILURE): Keys 'AFM39' sent to object: 'Object Repository/FIM/Sites Page/Site Filtering/Site_txt'

21-10-2025T22:05:11 - [MESSAGE][PASSED] - Keys 'AFM39' sent to object: 'Object Repository/FIM/Sites Page/Site Filtering/Site_txt'

21-10-2025T22:05:11 - [TEST_STEP][PASSED] - sendKeys(findTestObject("FIM/Sites Page/Site Filtering/Site_txt"), Keys.chord(ENTER), STOP_ON_FAILURE): Keys 'ENTER + ' sent to object: 'Object Repository/FIM/Sites Page/Site Filtering/Site_txt'

21-10-2025T22:05:11 - [MESSAGE][PASSED] - Keys 'ENTER + ' sent to object: 'Object Repository/FIM/Sites Page/Site Filtering/Site_txt'

21-10-2025T22:05:11 - [TEST_STEP][PASSED] - waitForElementClickable(findTestObject("FIM/Sites Page/Orders/Create Order/CreateOrder_btn"), 300): Object 'Object Repository/FIM/Sites Page/Orders/Create Order/CreateOrder_btn' is clickable

21-10-2025T22:05:12 - [MESSAGE][PASSED] - Object 'Object Repository/FIM/Sites Page/Orders/Create Order/CreateOrder_btn' is clickable

21-10-2025T22:05:12 - [TEST_STEP][PASSED] - click(findTestObject("FIM/Sites Page/Orders/Create Order/CreateOrder_btn"), OPTIONAL): Object: 'Object Repository/FIM/Sites Page/Orders/Create Order/CreateOrder_btn' is clicked on

21-10-2025T22:05:12 - [MESSAGE][PASSED] - Object: 'Object Repository/FIM/Sites Page/Orders/Create Order/CreateOrder_btn' is clicked on

21-10-2025T22:05:12 - [TEST_STEP][PASSED] - delay(1): Delayed 1 second(s)

21-10-2025T22:05:13 - [MESSAGE][PASSED] - Delayed 1 second(s)

21-10-2025T22:05:13 - [TEST_STEP][PASSED] - verifyElementPresent(findTestObject("FIM/Sites Page/Orders/Create Order/Split_Load_Order_toggle"), 10): Object 'Object Repository/FIM/Sites Page/Orders/Create Order/Split_Load_Order_toggle' is present

21-10-2025T22:05:13 - [MESSAGE][PASSED] - Object 'Object Repository/FIM/Sites Page/Orders/Create Order/Split_Load_Order_toggle' is present

21-10-2025T22:05:13 - [TEST_STEP][FAILED] - click(findTestObject("FIM/Sites Page/Orders/Create Order/Split_Load_Order_toggle"), STOP_ON_FAILURE): Unable to click on object 'Object Repository/FIM/Sites Page/Orders/Create Order/Split_Load_Order_toggle' (Root cause: com.kms.katalon.core.exception.StepFailedException: Unable to click on object 'Object Repository/FIM/Sites Page/Orders/Create Order/Split_Load_Order_toggle'
	at com.kms.katalon.core.webui.keyword.internal.WebUIKeywordMain.stepFailed(WebUIKeywordMain.groovy:117)
	at com.kms.katalon.core.webui.keyword.internal.WebUIKeywordMain.runKeyword(WebUIKeywordMain.groovy:43)
	at com.kms.katalon.core.webui.keyword.builtin.ClickKeyword.click(ClickKeyword.groovy:74)
	at com.kms.katalon.core.webui.keyword.builtin.ClickKeyword.execute(ClickKeyword.groovy:40)
	at com.kms.katalon.core.keyword.internal.KeywordExecutor.executeKeywordForPlatform(KeywordExecutor.groovy:74)
	at com.kms.katalon.core.webui.keyword.WebUiBuiltInKeywords.click(WebUiBuiltInKeywords.groovy:647)
	at com.kms.katalon.core.webui.keyword.WebUiBuiltInKeywords$click$10.call(Unknown Source)
	at Verify Remove Button on Split Load Order.run(Verify Remove Button on Split Load Order:58)
	at com.kms.katalon.core.main.ScriptEngine.run(ScriptEngine.java:194)
	at com.kms.katalon.core.main.ScriptEngine.runScriptAsRawText(ScriptEngine.java:119)
	at com.kms.katalon.core.main.TestCaseExecutor.runScript(TestCaseExecutor.java:448)
	at com.kms.katalon.core.main.TestCaseExecutor.doExecute(TestCaseExecutor.java:439)
	at com.kms.katalon.core.main.TestCaseExecutor.processExecutionPhase(TestCaseExecutor.java:418)
	at com.kms.katalon.core.main.TestCaseExecutor.accessMainPhase(TestCaseExecutor.java:410)
	at com.kms.katalon.core.main.TestCaseExecutor.execute(TestCaseExecutor.java:285)
	at com.kms.katalon.core.common.CommonExecutor.accessTestCaseMainPhase(CommonExecutor.java:65)
	at com.kms.katalon.core.main.TestSuiteExecutor.accessTestSuiteMainPhase(TestSuiteExecutor.java:150)
	at com.kms.katalon.core.main.TestSuiteExecutor.execute(TestSuiteExecutor.java:106)
	at com.kms.katalon.core.main.TestCaseMain.startTestSuite(TestCaseMain.java:180)
	at com.kms.katalon.core.main.TestCaseMain$startTestSuite$0.call(Unknown Source)
	at TempTestSuite1761090815312.run(TempTestSuite1761090815312.groovy:35)
	at java.base/jdk.internal.reflect.NativeMethodAccessorImpl.invoke0(Native Method)
	at java.base/jdk.internal.reflect.NativeMethodAccessorImpl.invoke(NativeMethodAccessorImpl.java:77)
	at java.base/jdk.internal.reflect.DelegatingMethodAccessorImpl.invoke(DelegatingMethodAccessorImpl.java:43)
Caused by: org.openqa.selenium.ElementNotInteractableException: element not interactable
  (Session info: chrome=141.0.7390.122)
Build info: version: '3.141.59', revision: 'unknown', time: 'unknown'
System info: host: 'DC1ADOBLD01', ip: '10.2.20.71', os.name: 'Windows Server 2019', os.arch: 'amd64', os.version: '10.0', java.version: '17.0.7'
Driver info: com.kms.katalon.selenium.driver.CChromeDriver
Capabilities {acceptInsecureCerts: false, browserName: chrome, browserVersion: 141.0.7390.122, chrome: {chromedriverVersion: 141.0.7390.122 (b477534e7e1..., userDataDir: C:\Windows\SystemTemp\scope...}, fedcm:accounts: true, goog:chromeOptions: {debuggerAddress: localhost:58227}, javascriptEnabled: true, networkConnectionEnabled: false, pageLoadStrategy: normal, platform: WINDOWS, platformName: WINDOWS, proxy: Proxy(), setWindowRect: true, strictFileInteractability: false, timeouts: {implicit: 0, pageLoad: 300000, script: 30000}, unhandledPromptBehavior: dismiss and notify, webauthn:extension:credBlob: true, webauthn:extension:largeBlob: true, webauthn:extension:minPinLength: true, webauthn:extension:prf: true, webauthn:virtualAuthenticators: true}
Session ID: a0696edc807347a3d3e3f0cea83131fa
	at java.base/jdk.internal.reflect.NativeConstructorAccessorImpl.newInstance0(Native Method)
	at java.base/jdk.internal.reflect.NativeConstructorAccessorImpl.newInstance(NativeConstructorAccessorImpl.java:77)
	at java.base/jdk.internal.reflect.DelegatingConstructorAccessorImpl.newInstance(DelegatingConstructorAccessorImpl.java:45)
	at org.openqa.selenium.remote.http.W3CHttpResponseCodec.createException(W3CHttpResponseCodec.java:187)
	at org.openqa.selenium.remote.http.W3CHttpResponseCodec.decode(W3CHttpResponseCodec.java:122)
	at org.openqa.selenium.remote.http.W3CHttpResponseCodec.decode(W3CHttpResponseCodec.java:49)
	at org.openqa.selenium.remote.HttpCommandExecutor.execute(HttpCommandExecutor.java:158)
	at org.openqa.selenium.remote.service.DriverCommandExecutor.execute(DriverCommandExecutor.java:83)
	at org.openqa.selenium.remote.RemoteWebDriver.execute(RemoteWebDriver.java:552)
	at com.kms.katalon.selenium.driver.CChromeDriver.execute(CChromeDriver.java:19)
	at org.openqa.selenium.remote.RemoteWebElement.execute(RemoteWebElement.java:285)
	at org.openqa.selenium.remote.RemoteWebElement.click(RemoteWebElement.java:84)
	at jdk.internal.reflect.GeneratedMethodAccessor20.invoke(Unknown Source)
	at java.base/jdk.internal.reflect.DelegatingMethodAccessorImpl.invoke(DelegatingMethodAccessorImpl.java:43)
	at org.openqa.selenium.support.events.EventFiringWebDriver$EventFiringWebElement.lambda$new$0(EventFiringWebDriver.java:404)
	at jdk.proxy2/jdk.proxy2.$Proxy27.click(Unknown Source)
	at org.openqa.selenium.support.events.EventFiringWebDriver$EventFiringWebElement.click(EventFiringWebDriver.java:417)
	at org.openqa.selenium.WebElement$click.call(Unknown Source)
	at com.kms.katalon.core.webui.keyword.builtin.ClickKeyword.clickUntilSuccessWithTimeout(ClickKeyword.groovy:81)
	at com.kms.katalon.core.webui.keyword.builtin.ClickKeyword.clickUntilSuccessWithTimeout(ClickKeyword.groovy)
	at jdk.internal.reflect.GeneratedMethodAccessor18.invoke(Unknown Source)
	at java.base/jdk.internal.reflect.DelegatingMethodAccessorImpl.invoke(DelegatingMethodAccessorImpl.java:43)
	at com.kms.katalon.core.webui.keyword.builtin.ClickKeyword$_click_closure1.doCall(ClickKeyword.groovy:67)
	at com.kms.katalon.core.webui.keyword.builtin.ClickKeyword$_click_closure1.call(ClickKeyword.groovy)
	at com.kms.katalon.core.webui.keyword.internal.WebUIKeywordMain.runKeyword(WebUIKeywordMain.groovy:35)
	at com.kms.katalon.core.webui.keyword.builtin.ClickKeyword.click(ClickKeyword.groovy:74)
	at com.kms.katalon.core.webui.keyword.builtin.ClickKeyword.execute(ClickKeyword.groovy:40)
	at com.kms.katalon.core.keyword.internal.KeywordExecutor.executeKeywordForPlatform(KeywordExecutor.groovy:74)
	at com.kms.katalon.core.webui.keyword.WebUiBuiltInKeywords.click(WebUiBuiltInKeywords.groovy:647)
	at com.kms.katalon.core.webui.keyword.WebUiBuiltInKeywords$click$10.call(Unknown Source)
	at Script1755187733157.run(Script1755187733157.groovy:58)
	... 16 more
)

21-10-2025T22:05:13 - [MESSAGE][FAILED] - Unable to click on object 'Object Repository/FIM/Sites Page/Orders/Create Order/Split_Load_Order_toggle' (Root cause: com.kms.katalon.core.exception.StepFailedException: Unable to click on object 'Object Repository/FIM/Sites Page/Orders/Create Order/Split_Load_Order_toggle'
	at com.kms.katalon.core.webui.keyword.internal.WebUIKeywordMain.stepFailed(WebUIKeywordMain.groovy:117)
	at com.kms.katalon.core.webui.keyword.internal.WebUIKeywordMain.runKeyword(WebUIKeywordMain.groovy:43)
	at com.kms.katalon.core.webui.keyword.builtin.ClickKeyword.click(ClickKeyword.groovy:74)
	at com.kms.katalon.core.webui.keyword.builtin.ClickKeyword.execute(ClickKeyword.groovy:40)
	at com.kms.katalon.core.keyword.internal.KeywordExecutor.executeKeywordForPlatform(KeywordExecutor.groovy:74)
	at com.kms.katalon.core.webui.keyword.WebUiBuiltInKeywords.click(WebUiBuiltInKeywords.groovy:647)
	at com.kms.katalon.core.webui.keyword.WebUiBuiltInKeywords$click$10.call(Unknown Source)
	at Verify Remove Button on Split Load Order.run(Verify Remove Button on Split Load Order:58)
	at com.kms.katalon.core.main.ScriptEngine.run(ScriptEngine.java:194)
	at com.kms.katalon.core.main.ScriptEngine.runScriptAsRawText(ScriptEngine.java:119)
	at com.kms.katalon.core.main.TestCaseExecutor.runScript(TestCaseExecutor.java:448)
	at com.kms.katalon.core.main.TestCaseExecutor.doExecute(TestCaseExecutor.java:439)
	at com.kms.katalon.core.main.TestCaseExecutor.processExecutionPhase(TestCaseExecutor.java:418)
	at com.kms.katalon.core.main.TestCaseExecutor.accessMainPhase(TestCaseExecutor.java:410)
	at com.kms.katalon.core.main.TestCaseExecutor.execute(TestCaseExecutor.java:285)
	at com.kms.katalon.core.common.CommonExecutor.accessTestCaseMainPhase(CommonExecutor.java:65)
	at com.kms.katalon.core.main.TestSuiteExecutor.accessTestSuiteMainPhase(TestSuiteExecutor.java:150)
	at com.kms.katalon.core.main.TestSuiteExecutor.execute(TestSuiteExecutor.java:106)
	at com.kms.katalon.core.main.TestCaseMain.startTestSuite(TestCaseMain.java:180)
	at com.kms.katalon.core.main.TestCaseMain$startTestSuite$0.call(Unknown Source)
	at TempTestSuite1761090815312.run(TempTestSuite1761090815312.groovy:35)
	at java.base/jdk.internal.reflect.NativeMethodAccessorImpl.invoke0(Native Method)
	at java.base/jdk.internal.reflect.NativeMethodAccessorImpl.invoke(NativeMethodAccessorImpl.java:77)
	at java.base/jdk.internal.reflect.DelegatingMethodAccessorImpl.invoke(DelegatingMethodAccessorImpl.java:43)
Caused by: org.openqa.selenium.ElementNotInteractableException: element not interactable
  (Session info: chrome=141.0.7390.122)
Build info: version: '3.141.59', revision: 'unknown', time: 'unknown'
System info: host: 'DC1ADOBLD01', ip: '10.2.20.71', os.name: 'Windows Server 2019', os.arch: 'amd64', os.version: '10.0', java.version: '17.0.7'
Driver info: com.kms.katalon.selenium.driver.CChromeDriver
Capabilities {acceptInsecureCerts: false, browserName: chrome, browserVersion: 141.0.7390.122, chrome: {chromedriverVersion: 141.0.7390.122 (b477534e7e1..., userDataDir: C:\Windows\SystemTemp\scope...}, fedcm:accounts: true, goog:chromeOptions: {debuggerAddress: localhost:58227}, javascriptEnabled: true, networkConnectionEnabled: false, pageLoadStrategy: normal, platform: WINDOWS, platformName: WINDOWS, proxy: Proxy(), setWindowRect: true, strictFileInteractability: false, timeouts: {implicit: 0, pageLoad: 300000, script: 30000}, unhandledPromptBehavior: dismiss and notify, webauthn:extension:credBlob: true, webauthn:extension:largeBlob: true, webauthn:extension:minPinLength: true, webauthn:extension:prf: true, webauthn:virtualAuthenticators: true}
Session ID: a0696edc807347a3d3e3f0cea83131fa
	at java.base/jdk.internal.reflect.NativeConstructorAccessorImpl.newInstance0(Native Method)
	at java.base/jdk.internal.reflect.NativeConstructorAccessorImpl.newInstance(NativeConstructorAccessorImpl.java:77)
	at java.base/jdk.internal.reflect.DelegatingConstructorAccessorImpl.newInstance(DelegatingConstructorAccessorImpl.java:45)
	at org.openqa.selenium.remote.http.W3CHttpResponseCodec.createException(W3CHttpResponseCodec.java:187)
	at org.openqa.selenium.remote.http.W3CHttpResponseCodec.decode(W3CHttpResponseCodec.java:122)
	at org.openqa.selenium.remote.http.W3CHttpResponseCodec.decode(W3CHttpResponseCodec.java:49)
	at org.openqa.selenium.remote.HttpCommandExecutor.execute(HttpCommandExecutor.java:158)
	at org.openqa.selenium.remote.service.DriverCommandExecutor.execute(DriverCommandExecutor.java:83)
	at org.openqa.selenium.remote.RemoteWebDriver.execute(RemoteWebDriver.java:552)
	at com.kms.katalon.selenium.driver.CChromeDriver.execute(CChromeDriver.java:19)
	at org.openqa.selenium.remote.RemoteWebElement.execute(RemoteWebElement.java:285)
	at org.openqa.selenium.remote.RemoteWebElement.click(RemoteWebElement.java:84)
	at jdk.internal.reflect.GeneratedMethodAccessor20.invoke(Unknown Source)
	at java.base/jdk.internal.reflect.DelegatingMethodAccessorImpl.invoke(DelegatingMethodAccessorImpl.java:43)
	at org.openqa.selenium.support.events.EventFiringWebDriver$EventFiringWebElement.lambda$new$0(EventFiringWebDriver.java:404)
	at jdk.proxy2/jdk.proxy2.$Proxy27.click(Unknown Source)
	at org.openqa.selenium.support.events.EventFiringWebDriver$EventFiringWebElement.click(EventFiringWebDriver.java:417)
	at org.openqa.selenium.WebElement$click.call(Unknown Source)
	at com.kms.katalon.core.webui.keyword.builtin.ClickKeyword.clickUntilSuccessWithTimeout(ClickKeyword.groovy:81)
	at com.kms.katalon.core.webui.keyword.builtin.ClickKeyword.clickUntilSuccessWithTimeout(ClickKeyword.groovy)
	at jdk.internal.reflect.GeneratedMethodAccessor18.invoke(Unknown Source)
	at java.base/jdk.internal.reflect.DelegatingMethodAccessorImpl.invoke(DelegatingMethodAccessorImpl.java:43)
	at com.kms.katalon.core.webui.keyword.builtin.ClickKeyword$_click_closure1.doCall(ClickKeyword.groovy:67)
	at com.kms.katalon.core.webui.keyword.builtin.ClickKeyword$_click_closure1.call(ClickKeyword.groovy)
	at com.kms.katalon.core.webui.keyword.internal.WebUIKeywordMain.runKeyword(WebUIKeywordMain.groovy:35)
	at com.kms.katalon.core.webui.keyword.builtin.ClickKeyword.click(ClickKeyword.groovy:74)
	at com.kms.katalon.core.webui.keyword.builtin.ClickKeyword.execute(ClickKeyword.groovy:40)
	at com.kms.katalon.core.keyword.internal.KeywordExecutor.executeKeywordForPlatform(KeywordExecutor.groovy:74)
	at com.kms.katalon.core.webui.keyword.WebUiBuiltInKeywords.click(WebUiBuiltInKeywords.groovy:647)
	at com.kms.katalon.core.webui.keyword.WebUiBuiltInKeywords$click$10.call(Unknown Source)
	at Script1755187733157.run(Script1755187733157.groovy:58)
	... 16 more
)

21-10-2025T22:05:13 - [TEST_STEP][PASSED] - Start listener action : retryOnDisconnect: Current window's url is: 'https://kag-inventory-management-portal.qa.thekag.com/site/AFM39?cg=-1&r&i=AllConsignees&sorted=false'

21-10-2025T22:05:13 - [TEST_STEP][PASSED] - tcId = testCaseContext.getTestCaseId(): null

21-10-2025T22:05:13 - [TEST_STEP][PASSED] - currentRetry = retryCounts.getOrDefault(tcId, 0): null

21-10-2025T22:05:13 - [TEST_STEP][PASSED] - if (testCaseContext.getTestCaseStatus() == "FAILED" && currentRetry < MAX_RETRIES): Current window's url is: 'https://kag-inventory-management-portal.qa.thekag.com/site/AFM39?cg=-1&r&i=AllConsignees&sorted=false'

21-10-2025T22:05:13 - [TEST_STEP][PASSED] - try: Current window's url is: 'https://kag-inventory-management-portal.qa.thekag.com/site/AFM39?cg=-1&r&i=AllConsignees&sorted=false'

21-10-2025T22:05:13 - [TEST_STEP][PASSED] - comment(Checking for WebDriver disconnect for test case: $tcId): Checking for WebDriver disconnect for test case: Test Cases/FIM/UI/Kenan/Admin/Sites Page/Orders/Verify Remove Button on Split Load Order

21-10-2025T22:05:13 - [MESSAGE][INFO] - Checking for WebDriver disconnect for test case: Test Cases/FIM/UI/Kenan/Admin/Sites Page/Orders/Verify Remove Button on Split Load Order

21-10-2025T22:05:13 - [TEST_STEP][PASSED] - getUrl(): Current window's url is: 'https://kag-inventory-management-portal.qa.thekag.com/site/AFM39?cg=-1&r&i=AllConsignees&sorted=false'

21-10-2025T22:05:13 - [MESSAGE][PASSED] - Current window's url is: 'https://kag-inventory-management-portal.qa.thekag.com/site/AFM39?cg=-1&r&i=AllConsignees&sorted=false']]></system-out>
         <system-err><![CDATA[21-10-2025T22:04:19 - [TEST_CASE][FAILED] - Test Cases/FIM/UI/Kenan/Admin/Sites Page/Orders/Verify Remove Button on Split Load Order: Test Cases/FIM/UI/Kenan/Admin/Sites Page/Orders/Verify Remove Button on Split Load Order FAILED.
Reason:
com.kms.katalon.core.exception.StepFailedException: Unable to click on object 'Object Repository/FIM/Sites Page/Orders/Create Order/Split_Load_Order_toggle'
	at com.kms.katalon.core.webui.keyword.internal.WebUIKeywordMain.stepFailed(WebUIKeywordMain.groovy:117)
	at com.kms.katalon.core.webui.keyword.internal.WebUIKeywordMain.runKeyword(WebUIKeywordMain.groovy:43)
	at com.kms.katalon.core.webui.keyword.builtin.ClickKeyword.click(ClickKeyword.groovy:74)
	at com.kms.katalon.core.webui.keyword.builtin.ClickKeyword.execute(ClickKeyword.groovy:40)
	at com.kms.katalon.core.keyword.internal.KeywordExecutor.executeKeywordForPlatform(KeywordExecutor.groovy:74)
	at com.kms.katalon.core.webui.keyword.WebUiBuiltInKeywords.click(WebUiBuiltInKeywords.groovy:647)
	at com.kms.katalon.core.webui.keyword.WebUiBuiltInKeywords$click$10.call(Unknown Source)
	at Verify Remove Button on Split Load Order.run(Verify Remove Button on Split Load Order:58)
	at com.kms.katalon.core.main.ScriptEngine.run(ScriptEngine.java:194)
	at com.kms.katalon.core.main.ScriptEngine.runScriptAsRawText(ScriptEngine.java:119)
	at com.kms.katalon.core.main.TestCaseExecutor.runScript(TestCaseExecutor.java:448)
	at com.kms.katalon.core.main.TestCaseExecutor.doExecute(TestCaseExecutor.java:439)
	at com.kms.katalon.core.main.TestCaseExecutor.processExecutionPhase(TestCaseExecutor.java:418)
	at com.kms.katalon.core.main.TestCaseExecutor.accessMainPhase(TestCaseExecutor.java:410)
	at com.kms.katalon.core.main.TestCaseExecutor.execute(TestCaseExecutor.java:285)
	at com.kms.katalon.core.common.CommonExecutor.accessTestCaseMainPhase(CommonExecutor.java:65)
	at com.kms.katalon.core.main.TestSuiteExecutor.accessTestSuiteMainPhase(TestSuiteExecutor.java:150)
	at com.kms.katalon.core.main.TestSuiteExecutor.execute(TestSuiteExecutor.java:106)
	at com.kms.katalon.core.main.TestCaseMain.startTestSuite(TestCaseMain.java:180)
	at com.kms.katalon.core.main.TestCaseMain$startTestSuite$0.call(Unknown Source)
	at TempTestSuite1761090815312.run(TempTestSuite1761090815312.groovy:35)
	at java.base/jdk.internal.reflect.NativeMethodAccessorImpl.invoke0(Native Method)
	at java.base/jdk.internal.reflect.NativeMethodAccessorImpl.invoke(NativeMethodAccessorImpl.java:77)
	at java.base/jdk.internal.reflect.DelegatingMethodAccessorImpl.invoke(DelegatingMethodAccessorImpl.java:43)
Caused by: org.openqa.selenium.ElementNotInteractableException: element not interactable
  (Session info: chrome=141.0.7390.122)
Build info: version: '3.141.59', revision: 'unknown', time: 'unknown'
System info: host: 'DC1ADOBLD01', ip: '10.2.20.71', os.name: 'Windows Server 2019', os.arch: 'amd64', os.version: '10.0', java.version: '17.0.7'
Driver info: com.kms.katalon.selenium.driver.CChromeDriver
Capabilities {acceptInsecureCerts: false, browserName: chrome, browserVersion: 141.0.7390.122, chrome: {chromedriverVersion: 141.0.7390.122 (b477534e7e1..., userDataDir: C:\Windows\SystemTemp\scope...}, fedcm:accounts: true, goog:chromeOptions: {debuggerAddress: localhost:58227}, javascriptEnabled: true, networkConnectionEnabled: false, pageLoadStrategy: normal, platform: WINDOWS, platformName: WINDOWS, proxy: Proxy(), setWindowRect: true, strictFileInteractability: false, timeouts: {implicit: 0, pageLoad: 300000, script: 30000}, unhandledPromptBehavior: dismiss and notify, webauthn:extension:credBlob: true, webauthn:extension:largeBlob: true, webauthn:extension:minPinLength: true, webauthn:extension:prf: true, webauthn:virtualAuthenticators: true}
Session ID: a0696edc807347a3d3e3f0cea83131fa
	at java.base/jdk.internal.reflect.NativeConstructorAccessorImpl.newInstance0(Native Method)
	at java.base/jdk.internal.reflect.NativeConstructorAccessorImpl.newInstance(NativeConstructorAccessorImpl.java:77)
	at java.base/jdk.internal.reflect.DelegatingConstructorAccessorImpl.newInstance(DelegatingConstructorAccessorImpl.java:45)
	at org.openqa.selenium.remote.http.W3CHttpResponseCodec.createException(W3CHttpResponseCodec.java:187)
	at org.openqa.selenium.remote.http.W3CHttpResponseCodec.decode(W3CHttpResponseCodec.java:122)
	at org.openqa.selenium.remote.http.W3CHttpResponseCodec.decode(W3CHttpResponseCodec.java:49)
	at org.openqa.selenium.remote.HttpCommandExecutor.execute(HttpCommandExecutor.java:158)
	at org.openqa.selenium.remote.service.DriverCommandExecutor.execute(DriverCommandExecutor.java:83)
	at org.openqa.selenium.remote.RemoteWebDriver.execute(RemoteWebDriver.java:552)
	at com.kms.katalon.selenium.driver.CChromeDriver.execute(CChromeDriver.java:19)
	at org.openqa.selenium.remote.RemoteWebElement.execute(RemoteWebElement.java:285)
	at org.openqa.selenium.remote.RemoteWebElement.click(RemoteWebElement.java:84)
	at jdk.internal.reflect.GeneratedMethodAccessor20.invoke(Unknown Source)
	at java.base/jdk.internal.reflect.DelegatingMethodAccessorImpl.invoke(DelegatingMethodAccessorImpl.java:43)
	at org.openqa.selenium.support.events.EventFiringWebDriver$EventFiringWebElement.lambda$new$0(EventFiringWebDriver.java:404)
	at jdk.proxy2/jdk.proxy2.$Proxy27.click(Unknown Source)
	at org.openqa.selenium.support.events.EventFiringWebDriver$EventFiringWebElement.click(EventFiringWebDriver.java:417)
	at org.openqa.selenium.WebElement$click.call(Unknown Source)
	at com.kms.katalon.core.webui.keyword.builtin.ClickKeyword.clickUntilSuccessWithTimeout(ClickKeyword.groovy:81)
	at com.kms.katalon.core.webui.keyword.builtin.ClickKeyword.clickUntilSuccessWithTimeout(ClickKeyword.groovy)
	at jdk.internal.reflect.GeneratedMethodAccessor18.invoke(Unknown Source)
	at java.base/jdk.internal.reflect.DelegatingMethodAccessorImpl.invoke(DelegatingMethodAccessorImpl.java:43)
	at com.kms.katalon.core.webui.keyword.builtin.ClickKeyword$_click_closure1.doCall(ClickKeyword.groovy:67)
	at com.kms.katalon.core.webui.keyword.builtin.ClickKeyword$_click_closure1.call(ClickKeyword.groovy)
	at com.kms.katalon.core.webui.keyword.internal.WebUIKeywordMain.runKeyword(WebUIKeywordMain.groovy:35)
	... 22 more]]></system-err>
      </testcase>
      <testcase name="Test Cases/FIM/UI/Kenan/Admin/Sites Page/Orders/Verify Split Order Toggle" time="53.747" classname="Test Cases/FIM/UI/Kenan/Admin/Sites Page/Orders/Verify Split Order Toggle" status="FAILED">
         <failure type="FAILED" message="Test Cases/FIM/UI/Kenan/Admin/Sites Page/Orders/Verify Split Order Toggle FAILED.&#xa;Reason:&#xa;com.kms.katalon.core.exception.StepFailedException: Unable to click on object 'Object Repository/FIM/Sites Page/Orders/Create Order/Split_Load_Order_toggle'&#xa;	at com.kms.katalon.core.webui.keyword.internal.WebUIKeywordMain.stepFailed(WebUIKeywordMain.groovy:117)&#xa;	at com.kms.katalon.core.webui.keyword.internal.WebUIKeywordMain.runKeyword(WebUIKeywordMain.groovy:43)&#xa;	at com.kms.katalon.core.webui.keyword.builtin.ClickKeyword.click(ClickKeyword.groovy:74)&#xa;	at com.kms.katalon.core.webui.keyword.builtin.ClickKeyword.execute(ClickKeyword.groovy:40)&#xa;	at com.kms.katalon.core.keyword.internal.KeywordExecutor.executeKeywordForPlatform(KeywordExecutor.groovy:74)&#xa;	at com.kms.katalon.core.webui.keyword.WebUiBuiltInKeywords.click(WebUiBuiltInKeywords.groovy:647)&#xa;	at com.kms.katalon.core.webui.keyword.WebUiBuiltInKeywords$click$10.call(Unknown Source)&#xa;	at Verify Split Order Toggle.run(Verify Split Order Toggle:58)&#xa;	at com.kms.katalon.core.main.ScriptEngine.run(ScriptEngine.java:194)&#xa;	at com.kms.katalon.core.main.ScriptEngine.runScriptAsRawText(ScriptEngine.java:119)&#xa;	at com.kms.katalon.core.main.TestCaseExecutor.runScript(TestCaseExecutor.java:448)&#xa;	at com.kms.katalon.core.main.TestCaseExecutor.doExecute(TestCaseExecutor.java:439)&#xa;	at com.kms.katalon.core.main.TestCaseExecutor.processExecutionPhase(TestCaseExecutor.java:418)&#xa;	at com.kms.katalon.core.main.TestCaseExecutor.accessMainPhase(TestCaseExecutor.java:410)&#xa;	at com.kms.katalon.core.main.TestCaseExecutor.execute(TestCaseExecutor.java:285)&#xa;	at com.kms.katalon.core.common.CommonExecutor.accessTestCaseMainPhase(CommonExecutor.java:65)&#xa;	at com.kms.katalon.core.main.TestSuiteExecutor.accessTestSuiteMainPhase(TestSuiteExecutor.java:150)&#xa;	at com.kms.katalon.core.main.TestSuiteExecutor.execute(TestSuiteExecutor.java:106)&#xa;	at com.kms.katalon.core.main.TestCaseMain.startTestSuite(TestCaseMain.java:180)&#xa;	at com.kms.katalon.core.main.TestCaseMain$startTestSuite$0.call(Unknown Source)&#xa;	at TempTestSuite1761090815312.run(TempTestSuite1761090815312.groovy:35)&#xa;	at java.base/jdk.internal.reflect.NativeMethodAccessorImpl.invoke0(Native Method)&#xa;	at java.base/jdk.internal.reflect.NativeMethodAccessorImpl.invoke(NativeMethodAccessorImpl.java:77)&#xa;	at java.base/jdk.internal.reflect.DelegatingMethodAccessorImpl.invoke(DelegatingMethodAccessorImpl.java:43)&#xa;Caused by: org.openqa.selenium.ElementNotInteractableException: element not interactable&#xa;  (Session info: chrome=141.0.7390.122)&#xa;Build info: version: '3.141.59', revision: 'unknown', time: 'unknown'&#xa;System info: host: 'DC1ADOBLD01', ip: '10.2.20.71', os.name: 'Windows Server 2019', os.arch: 'amd64', os.version: '10.0', java.version: '17.0.7'&#xa;Driver info: com.kms.katalon.selenium.driver.CChromeDriver&#xa;Capabilities {acceptInsecureCerts: false, browserName: chrome, browserVersion: 141.0.7390.122, chrome: {chromedriverVersion: 141.0.7390.122 (b477534e7e1..., userDataDir: C:\Windows\SystemTemp\scope...}, fedcm:accounts: true, goog:chromeOptions: {debuggerAddress: localhost:58282}, javascriptEnabled: true, networkConnectionEnabled: false, pageLoadStrategy: normal, platform: WINDOWS, platformName: WINDOWS, proxy: Proxy(), setWindowRect: true, strictFileInteractability: false, timeouts: {implicit: 0, pageLoad: 300000, script: 30000}, unhandledPromptBehavior: dismiss and notify, webauthn:extension:credBlob: true, webauthn:extension:largeBlob: true, webauthn:extension:minPinLength: true, webauthn:extension:prf: true, webauthn:virtualAuthenticators: true}&#xa;Session ID: ad72aba182860374ee6cbd094eb855f8&#xa;	at java.base/jdk.internal.reflect.NativeConstructorAccessorImpl.newInstance0(Native Method)&#xa;	at java.base/jdk.internal.reflect.NativeConstructorAccessorImpl.newInstance(NativeConstructorAccessorImpl.java:77)&#xa;	at java.base/jdk.internal.reflect.DelegatingConstructorAccessorImpl.newInstance(DelegatingConstructorAccessorImpl.java:45)&#xa;	at org.openqa.selenium.remote.http.W3CHttpResponseCodec.createException(W3CHttpResponseCodec.java:187)&#xa;	at org.openqa.selenium.remote.http.W3CHttpResponseCodec.decode(W3CHttpResponseCodec.java:122)&#xa;	at org.openqa.selenium.remote.http.W3CHttpResponseCodec.decode(W3CHttpResponseCodec.java:49)&#xa;	at org.openqa.selenium.remote.HttpCommandExecutor.execute(HttpCommandExecutor.java:158)&#xa;	at org.openqa.selenium.remote.service.DriverCommandExecutor.execute(DriverCommandExecutor.java:83)&#xa;	at org.openqa.selenium.remote.RemoteWebDriver.execute(RemoteWebDriver.java:552)&#xa;	at com.kms.katalon.selenium.driver.CChromeDriver.execute(CChromeDriver.java:19)&#xa;	at org.openqa.selenium.remote.RemoteWebElement.execute(RemoteWebElement.java:285)&#xa;	at org.openqa.selenium.remote.RemoteWebElement.click(RemoteWebElement.java:84)&#xa;	at jdk.internal.reflect.GeneratedMethodAccessor20.invoke(Unknown Source)&#xa;	at java.base/jdk.internal.reflect.DelegatingMethodAccessorImpl.invoke(DelegatingMethodAccessorImpl.java:43)&#xa;	at org.openqa.selenium.support.events.EventFiringWebDriver$EventFiringWebElement.lambda$new$0(EventFiringWebDriver.java:404)&#xa;	at jdk.proxy2/jdk.proxy2.$Proxy27.click(Unknown Source)&#xa;	at org.openqa.selenium.support.events.EventFiringWebDriver$EventFiringWebElement.click(EventFiringWebDriver.java:417)&#xa;	at org.openqa.selenium.WebElement$click.call(Unknown Source)&#xa;	at com.kms.katalon.core.webui.keyword.builtin.ClickKeyword.clickUntilSuccessWithTimeout(ClickKeyword.groovy:81)&#xa;	at com.kms.katalon.core.webui.keyword.builtin.ClickKeyword.clickUntilSuccessWithTimeout(ClickKeyword.groovy)&#xa;	at jdk.internal.reflect.GeneratedMethodAccessor18.invoke(Unknown Source)&#xa;	at java.base/jdk.internal.reflect.DelegatingMethodAccessorImpl.invoke(DelegatingMethodAccessorImpl.java:43)&#xa;	at com.kms.katalon.core.webui.keyword.builtin.ClickKeyword$_click_closure1.doCall(ClickKeyword.groovy:67)&#xa;	at com.kms.katalon.core.webui.keyword.builtin.ClickKeyword$_click_closure1.call(ClickKeyword.groovy)&#xa;	at com.kms.katalon.core.webui.keyword.internal.WebUIKeywordMain.runKeyword(WebUIKeywordMain.groovy:35)&#xa;	... 22 more&#xa;"/>
         <system-out><![CDATA[21-10-2025T22:05:13 - [TEST_CASE][FAILED] - Test Cases/FIM/UI/Kenan/Admin/Sites Page/Orders/Verify Split Order Toggle: Test Cases/FIM/UI/Kenan/Admin/Sites Page/Orders/Verify Split Order Toggle FAILED.
Reason:
com.kms.katalon.core.exception.StepFailedException: Unable to click on object 'Object Repository/FIM/Sites Page/Orders/Create Order/Split_Load_Order_toggle'
	at com.kms.katalon.core.webui.keyword.internal.WebUIKeywordMain.stepFailed(WebUIKeywordMain.groovy:117)
	at com.kms.katalon.core.webui.keyword.internal.WebUIKeywordMain.runKeyword(WebUIKeywordMain.groovy:43)
	at com.kms.katalon.core.webui.keyword.builtin.ClickKeyword.click(ClickKeyword.groovy:74)
	at com.kms.katalon.core.webui.keyword.builtin.ClickKeyword.execute(ClickKeyword.groovy:40)
	at com.kms.katalon.core.keyword.internal.KeywordExecutor.executeKeywordForPlatform(KeywordExecutor.groovy:74)
	at com.kms.katalon.core.webui.keyword.WebUiBuiltInKeywords.click(WebUiBuiltInKeywords.groovy:647)
	at com.kms.katalon.core.webui.keyword.WebUiBuiltInKeywords$click$10.call(Unknown Source)
	at Verify Split Order Toggle.run(Verify Split Order Toggle:58)
	at com.kms.katalon.core.main.ScriptEngine.run(ScriptEngine.java:194)
	at com.kms.katalon.core.main.ScriptEngine.runScriptAsRawText(ScriptEngine.java:119)
	at com.kms.katalon.core.main.TestCaseExecutor.runScript(TestCaseExecutor.java:448)
	at com.kms.katalon.core.main.TestCaseExecutor.doExecute(TestCaseExecutor.java:439)
	at com.kms.katalon.core.main.TestCaseExecutor.processExecutionPhase(TestCaseExecutor.java:418)
	at com.kms.katalon.core.main.TestCaseExecutor.accessMainPhase(TestCaseExecutor.java:410)
	at com.kms.katalon.core.main.TestCaseExecutor.execute(TestCaseExecutor.java:285)
	at com.kms.katalon.core.common.CommonExecutor.accessTestCaseMainPhase(CommonExecutor.java:65)
	at com.kms.katalon.core.main.TestSuiteExecutor.accessTestSuiteMainPhase(TestSuiteExecutor.java:150)
	at com.kms.katalon.core.main.TestSuiteExecutor.execute(TestSuiteExecutor.java:106)
	at com.kms.katalon.core.main.TestCaseMain.startTestSuite(TestCaseMain.java:180)
	at com.kms.katalon.core.main.TestCaseMain$startTestSuite$0.call(Unknown Source)
	at TempTestSuite1761090815312.run(TempTestSuite1761090815312.groovy:35)
	at java.base/jdk.internal.reflect.NativeMethodAccessorImpl.invoke0(Native Method)
	at java.base/jdk.internal.reflect.NativeMethodAccessorImpl.invoke(NativeMethodAccessorImpl.java:77)
	at java.base/jdk.internal.reflect.DelegatingMethodAccessorImpl.invoke(DelegatingMethodAccessorImpl.java:43)
Caused by: org.openqa.selenium.ElementNotInteractableException: element not interactable
  (Session info: chrome=141.0.7390.122)
Build info: version: '3.141.59', revision: 'unknown', time: 'unknown'
System info: host: 'DC1ADOBLD01', ip: '10.2.20.71', os.name: 'Windows Server 2019', os.arch: 'amd64', os.version: '10.0', java.version: '17.0.7'
Driver info: com.kms.katalon.selenium.driver.CChromeDriver
Capabilities {acceptInsecureCerts: false, browserName: chrome, browserVersion: 141.0.7390.122, chrome: {chromedriverVersion: 141.0.7390.122 (b477534e7e1..., userDataDir: C:\Windows\SystemTemp\scope...}, fedcm:accounts: true, goog:chromeOptions: {debuggerAddress: localhost:58282}, javascriptEnabled: true, networkConnectionEnabled: false, pageLoadStrategy: normal, platform: WINDOWS, platformName: WINDOWS, proxy: Proxy(), setWindowRect: true, strictFileInteractability: false, timeouts: {implicit: 0, pageLoad: 300000, script: 30000}, unhandledPromptBehavior: dismiss and notify, webauthn:extension:credBlob: true, webauthn:extension:largeBlob: true, webauthn:extension:minPinLength: true, webauthn:extension:prf: true, webauthn:virtualAuthenticators: true}
Session ID: ad72aba182860374ee6cbd094eb855f8
	at java.base/jdk.internal.reflect.NativeConstructorAccessorImpl.newInstance0(Native Method)
	at java.base/jdk.internal.reflect.NativeConstructorAccessorImpl.newInstance(NativeConstructorAccessorImpl.java:77)
	at java.base/jdk.internal.reflect.DelegatingConstructorAccessorImpl.newInstance(DelegatingConstructorAccessorImpl.java:45)
	at org.openqa.selenium.remote.http.W3CHttpResponseCodec.createException(W3CHttpResponseCodec.java:187)
	at org.openqa.selenium.remote.http.W3CHttpResponseCodec.decode(W3CHttpResponseCodec.java:122)
	at org.openqa.selenium.remote.http.W3CHttpResponseCodec.decode(W3CHttpResponseCodec.java:49)
	at org.openqa.selenium.remote.HttpCommandExecutor.execute(HttpCommandExecutor.java:158)
	at org.openqa.selenium.remote.service.DriverCommandExecutor.execute(DriverCommandExecutor.java:83)
	at org.openqa.selenium.remote.RemoteWebDriver.execute(RemoteWebDriver.java:552)
	at com.kms.katalon.selenium.driver.CChromeDriver.execute(CChromeDriver.java:19)
	at org.openqa.selenium.remote.RemoteWebElement.execute(RemoteWebElement.java:285)
	at org.openqa.selenium.remote.RemoteWebElement.click(RemoteWebElement.java:84)
	at jdk.internal.reflect.GeneratedMethodAccessor20.invoke(Unknown Source)
	at java.base/jdk.internal.reflect.DelegatingMethodAccessorImpl.invoke(DelegatingMethodAccessorImpl.java:43)
	at org.openqa.selenium.support.events.EventFiringWebDriver$EventFiringWebElement.lambda$new$0(EventFiringWebDriver.java:404)
	at jdk.proxy2/jdk.proxy2.$Proxy27.click(Unknown Source)
	at org.openqa.selenium.support.events.EventFiringWebDriver$EventFiringWebElement.click(EventFiringWebDriver.java:417)
	at org.openqa.selenium.WebElement$click.call(Unknown Source)
	at com.kms.katalon.core.webui.keyword.builtin.ClickKeyword.clickUntilSuccessWithTimeout(ClickKeyword.groovy:81)
	at com.kms.katalon.core.webui.keyword.builtin.ClickKeyword.clickUntilSuccessWithTimeout(ClickKeyword.groovy)
	at jdk.internal.reflect.GeneratedMethodAccessor18.invoke(Unknown Source)
	at java.base/jdk.internal.reflect.DelegatingMethodAccessorImpl.invoke(DelegatingMethodAccessorImpl.java:43)
	at com.kms.katalon.core.webui.keyword.builtin.ClickKeyword$_click_closure1.doCall(ClickKeyword.groovy:67)
	at com.kms.katalon.core.webui.keyword.builtin.ClickKeyword$_click_closure1.call(ClickKeyword.groovy)
	at com.kms.katalon.core.webui.keyword.internal.WebUIKeywordMain.runKeyword(WebUIKeywordMain.groovy:35)
	... 22 more


21-10-2025T22:05:13 - [TEST_STEP][PASSED] - Start listener action : beforeTestCase: null

21-10-2025T22:05:13 - [TEST_STEP][PASSED] - addDefaultPackages(): null

21-10-2025T22:05:13 - [TEST_STEP][PASSED] - callTestCase(findTestCase("Utility Scripts/FIM KAG Admin Login"), [:], STOP_ON_FAILURE): Call Test Case 'Test Cases/Utility Scripts/FIM KAG Admin Login' successfully

21-10-2025T22:05:13 - [TEST_CASE][PASSED] - Test Cases/Utility Scripts/FIM KAG Admin Login: Test Cases/Utility Scripts/FIM KAG Admin Login

21-10-2025T22:05:13 - [TEST_STEP][PASSED] - openBrowser(""): Browser is opened with url: ''

21-10-2025T22:05:13 - [MESSAGE][WARNING] - A browser is already opened. Closing browser and opening a new one

21-10-2025T22:05:13 - [MESSAGE][INFO] - Starting 'Chrome' driver

21-10-2025T22:05:13 - [MESSAGE][INFO] - User set preference: ['args', '[--no-sandbox, --disable-gpu, --disable-dev-shm-usage]']

21-10-2025T22:05:13 - [MESSAGE][INFO] - Action delay is set to 0 milliseconds

21-10-2025T22:05:14 - [MESSAGE][PASSED] - Browser is opened with url: ''

21-10-2025T22:05:14 - [TEST_STEP][PASSED] - delay(1): Delayed 1 second(s)

21-10-2025T22:05:15 - [MESSAGE][PASSED] - Delayed 1 second(s)

21-10-2025T22:05:15 - [TEST_STEP][PASSED] - navigateToUrl(KenanRegionURL): Navigate to 'https://kag-inventory-management-portal.qa.thekag.com/region/' successfully

21-10-2025T22:05:16 - [MESSAGE][PASSED] - Navigate to 'https://kag-inventory-management-portal.qa.thekag.com/region/' successfully

21-10-2025T22:05:16 - [TEST_STEP][PASSED] - delay(10): Delayed 10 second(s)

21-10-2025T22:05:26 - [MESSAGE][PASSED] - Delayed 10 second(s)

21-10-2025T22:05:26 - [TEST_STEP][PASSED] - if (maximizeWindow == true): Current window maximized

21-10-2025T22:05:26 - [TEST_STEP][PASSED] - maximizeWindow(STOP_ON_FAILURE): Current window maximized

21-10-2025T22:05:26 - [MESSAGE][PASSED] - Current window maximized

21-10-2025T22:05:26 - [TEST_STEP][PASSED] - waitForElementPresent(findTestObject("FIM/Username_txt"), 10): Object 'Object Repository/FIM/Username_txt' is present

21-10-2025T22:05:26 - [MESSAGE][PASSED] - Object 'Object Repository/FIM/Username_txt' is present

21-10-2025T22:05:26 - [TEST_STEP][PASSED] - setText(findTestObject("FIM/Username_txt"), FIMUsername): Text 'Chris.Sheldon+DES_QA@Thekag.com' is set on object 'Object Repository/FIM/Username_txt'

21-10-2025T22:05:26 - [MESSAGE][PASSED] - Text 'Chris.Sheldon+DES_QA@Thekag.com' is set on object 'Object Repository/FIM/Username_txt'

21-10-2025T22:05:26 - [TEST_STEP][PASSED] - delay(1): Delayed 1 second(s)

21-10-2025T22:05:27 - [MESSAGE][PASSED] - Delayed 1 second(s)

21-10-2025T22:05:27 - [TEST_STEP][PASSED] - setText(findTestObject("FIM/Password_txt"), FIMPassword): Text 'QATest!2' is set on object 'Object Repository/FIM/Password_txt'

21-10-2025T22:05:27 - [MESSAGE][PASSED] - Text 'QATest!2' is set on object 'Object Repository/FIM/Password_txt'

21-10-2025T22:05:27 - [TEST_STEP][PASSED] - delay(1): Delayed 1 second(s)

21-10-2025T22:05:28 - [MESSAGE][PASSED] - Delayed 1 second(s)

21-10-2025T22:05:28 - [TEST_STEP][PASSED] - click(findTestObject("FIM/Login_btn")): Object: 'Object Repository/FIM/Login_btn' is clicked on

21-10-2025T22:05:28 - [MESSAGE][PASSED] - Object: 'Object Repository/FIM/Login_btn' is clicked on

21-10-2025T22:05:28 - [MESSAGE][PASSED] - Call Test Case 'Test Cases/Utility Scripts/FIM KAG Admin Login' successfully

21-10-2025T22:05:28 - [TEST_STEP][PASSED] - if (verifyElementVisible(findTestObject("FIM/Server_Notification_Close_btn"), OPTIONAL) == true): Web element with id: 'Object Repository/FIM/Server_Notification_Close_btn' located by '/html/body/div/div[1]/button' not found (Root cause: com.kms.katalon.core.exception.StepFailedException: Web element with id: 'Object Repository/FIM/Server_Notification_Close_btn' located by '/html/body/div/div[1]/button' not found
	at com.kms.katalon.core.webui.keyword.internal.WebUIKeywordMain.stepFailed(WebUIKeywordMain.groovy:117)
	at com.kms.katalon.core.webui.keyword.builtin.VerifyElementVisibleKeyword$_verifyElementVisible_closure1.doCall(VerifyElementVisibleKeyword.groovy:89)
	at com.kms.katalon.core.webui.keyword.builtin.VerifyElementVisibleKeyword$_verifyElementVisible_closure1.call(VerifyElementVisibleKeyword.groovy)
	at com.kms.katalon.core.webui.keyword.internal.WebUIKeywordMain.runKeyword(WebUIKeywordMain.groovy:35)
	at com.kms.katalon.core.webui.keyword.builtin.VerifyElementVisibleKeyword.verifyElementVisible(VerifyElementVisibleKeyword.groovy:97)
	at com.kms.katalon.core.webui.keyword.builtin.VerifyElementVisibleKeyword.execute(VerifyElementVisibleKeyword.groovy:67)
	at com.kms.katalon.core.keyword.internal.KeywordExecutor.executeKeywordForPlatform(KeywordExecutor.groovy:74)
	at com.kms.katalon.core.webui.keyword.WebUiBuiltInKeywords.verifyElementVisible(WebUiBuiltInKeywords.groovy:401)
	at com.kms.katalon.core.webui.keyword.WebUiBuiltInKeywords$verifyElementVisible$5.call(Unknown Source)
	at Verify Split Order Toggle.run(Verify Split Order Toggle:22)
	at com.kms.katalon.core.main.ScriptEngine.run(ScriptEngine.java:194)
	at com.kms.katalon.core.main.ScriptEngine.runScriptAsRawText(ScriptEngine.java:119)
	at com.kms.katalon.core.main.TestCaseExecutor.runScript(TestCaseExecutor.java:448)
	at com.kms.katalon.core.main.TestCaseExecutor.doExecute(TestCaseExecutor.java:439)
	at com.kms.katalon.core.main.TestCaseExecutor.processExecutionPhase(TestCaseExecutor.java:418)
	at com.kms.katalon.core.main.TestCaseExecutor.accessMainPhase(TestCaseExecutor.java:410)
	at com.kms.katalon.core.main.TestCaseExecutor.execute(TestCaseExecutor.java:285)
	at com.kms.katalon.core.common.CommonExecutor.accessTestCaseMainPhase(CommonExecutor.java:65)
	at com.kms.katalon.core.main.TestSuiteExecutor.accessTestSuiteMainPhase(TestSuiteExecutor.java:150)
	at com.kms.katalon.core.main.TestSuiteExecutor.execute(TestSuiteExecutor.java:106)
	at com.kms.katalon.core.main.TestCaseMain.startTestSuite(TestCaseMain.java:180)
	at com.kms.katalon.core.main.TestCaseMain$startTestSuite$0.call(Unknown Source)
	at TempTestSuite1761090815312.run(TempTestSuite1761090815312.groovy:35)
	at java.base/jdk.internal.reflect.NativeMethodAccessorImpl.invoke0(Native Method)
	at java.base/jdk.internal.reflect.NativeMethodAccessorImpl.invoke(NativeMethodAccessorImpl.java:77)
	at java.base/jdk.internal.reflect.DelegatingMethodAccessorImpl.invoke(DelegatingMethodAccessorImpl.java:43)
)

21-10-2025T22:05:44 - [MESSAGE][INFO] - Unable to find the element located by 'By.xpath: /html/body/div/div[1]/button'. Please recheck the objects properties to make sure the desired element is located. 

21-10-2025T22:05:44 - [MESSAGE][WARNING] - [SELF-HEALING] Failed to find element with id 'Object Repository/FIM/Server_Notification_Close_btn'. Try using Self-healing.

21-10-2025T22:05:45 - [MESSAGE][INFO] - [SELF-HEALING] No working XPath is found.

21-10-2025T22:05:47 - [MESSAGE][INFO] - Unable to find the element located by 'By.xpath: '. Please recheck the objects properties to make sure the desired element is located. 

21-10-2025T22:05:47 - [MESSAGE][WARNING] - [SELF-HEALING] Cannot find elements when the selector is null

21-10-2025T22:05:47 - [MESSAGE][WARNING] - Web element with id: 'Object Repository/FIM/Server_Notification_Close_btn' located by '/html/body/div/div[1]/button' not found (Root cause: com.kms.katalon.core.exception.StepFailedException: Web element with id: 'Object Repository/FIM/Server_Notification_Close_btn' located by '/html/body/div/div[1]/button' not found
	at com.kms.katalon.core.webui.keyword.internal.WebUIKeywordMain.stepFailed(WebUIKeywordMain.groovy:117)
	at com.kms.katalon.core.webui.keyword.builtin.VerifyElementVisibleKeyword$_verifyElementVisible_closure1.doCall(VerifyElementVisibleKeyword.groovy:89)
	at com.kms.katalon.core.webui.keyword.builtin.VerifyElementVisibleKeyword$_verifyElementVisible_closure1.call(VerifyElementVisibleKeyword.groovy)
	at com.kms.katalon.core.webui.keyword.internal.WebUIKeywordMain.runKeyword(WebUIKeywordMain.groovy:35)
	at com.kms.katalon.core.webui.keyword.builtin.VerifyElementVisibleKeyword.verifyElementVisible(VerifyElementVisibleKeyword.groovy:97)
	at com.kms.katalon.core.webui.keyword.builtin.VerifyElementVisibleKeyword.execute(VerifyElementVisibleKeyword.groovy:67)
	at com.kms.katalon.core.keyword.internal.KeywordExecutor.executeKeywordForPlatform(KeywordExecutor.groovy:74)
	at com.kms.katalon.core.webui.keyword.WebUiBuiltInKeywords.verifyElementVisible(WebUiBuiltInKeywords.groovy:401)
	at com.kms.katalon.core.webui.keyword.WebUiBuiltInKeywords$verifyElementVisible$5.call(Unknown Source)
	at Verify Split Order Toggle.run(Verify Split Order Toggle:22)
	at com.kms.katalon.core.main.ScriptEngine.run(ScriptEngine.java:194)
	at com.kms.katalon.core.main.ScriptEngine.runScriptAsRawText(ScriptEngine.java:119)
	at com.kms.katalon.core.main.TestCaseExecutor.runScript(TestCaseExecutor.java:448)
	at com.kms.katalon.core.main.TestCaseExecutor.doExecute(TestCaseExecutor.java:439)
	at com.kms.katalon.core.main.TestCaseExecutor.processExecutionPhase(TestCaseExecutor.java:418)
	at com.kms.katalon.core.main.TestCaseExecutor.accessMainPhase(TestCaseExecutor.java:410)
	at com.kms.katalon.core.main.TestCaseExecutor.execute(TestCaseExecutor.java:285)
	at com.kms.katalon.core.common.CommonExecutor.accessTestCaseMainPhase(CommonExecutor.java:65)
	at com.kms.katalon.core.main.TestSuiteExecutor.accessTestSuiteMainPhase(TestSuiteExecutor.java:150)
	at com.kms.katalon.core.main.TestSuiteExecutor.execute(TestSuiteExecutor.java:106)
	at com.kms.katalon.core.main.TestCaseMain.startTestSuite(TestCaseMain.java:180)
	at com.kms.katalon.core.main.TestCaseMain$startTestSuite$0.call(Unknown Source)
	at TempTestSuite1761090815312.run(TempTestSuite1761090815312.groovy:35)
	at java.base/jdk.internal.reflect.NativeMethodAccessorImpl.invoke0(Native Method)
	at java.base/jdk.internal.reflect.NativeMethodAccessorImpl.invoke(NativeMethodAccessorImpl.java:77)
	at java.base/jdk.internal.reflect.DelegatingMethodAccessorImpl.invoke(DelegatingMethodAccessorImpl.java:43)
)

21-10-2025T22:05:47 - [TEST_STEP][PASSED] - delay(1): Delayed 1 second(s)

21-10-2025T22:05:48 - [MESSAGE][PASSED] - Delayed 1 second(s)

21-10-2025T22:05:48 - [TEST_STEP][PASSED] - click(findTestObject("FIM/Hamburger Menu List/Hamburger_menu")): Object: 'Object Repository/FIM/Hamburger Menu List/Hamburger_menu' is clicked on

21-10-2025T22:05:48 - [MESSAGE][PASSED] - Object: 'Object Repository/FIM/Hamburger Menu List/Hamburger_menu' is clicked on

21-10-2025T22:05:48 - [TEST_STEP][PASSED] - verifyElementPresent(findTestObject("FIM/Hamburger Menu List/KAG_Sites_option"), 10): Object 'Object Repository/FIM/Hamburger Menu List/KAG_Sites_option' is present

21-10-2025T22:05:48 - [MESSAGE][PASSED] - Object 'Object Repository/FIM/Hamburger Menu List/KAG_Sites_option' is present

21-10-2025T22:05:48 - [TEST_STEP][PASSED] - delay(1): Delayed 1 second(s)

21-10-2025T22:05:49 - [MESSAGE][PASSED] - Delayed 1 second(s)

21-10-2025T22:05:49 - [TEST_STEP][PASSED] - click(findTestObject("FIM/Hamburger Menu List/KAG_Sites_option")): Object: 'Object Repository/FIM/Hamburger Menu List/KAG_Sites_option' is clicked on

21-10-2025T22:05:49 - [MESSAGE][PASSED] - Object: 'Object Repository/FIM/Hamburger Menu List/KAG_Sites_option' is clicked on

21-10-2025T22:05:49 - [TEST_STEP][PASSED] - waitForElementPresent(findTestObject("FIM/Sites Page/Calculator/Calculator Tab"), 10): Object 'Object Repository/FIM/Sites Page/Calculator/Calculator Tab' is present

21-10-2025T22:05:58 - [MESSAGE][PASSED] - Object 'Object Repository/FIM/Sites Page/Calculator/Calculator Tab' is present

21-10-2025T22:05:58 - [TEST_STEP][PASSED] - while (i < 60 == true): null

21-10-2025T22:05:58 - [TEST_STEP][PASSED] - sendKeys(findTestObject("FIM/Sites Page/Site Filtering/Site_txt"), Keys.chord(BACK_SPACE), STOP_ON_FAILURE): Keys 'BACK_SPACE + ' sent to object: 'Object Repository/FIM/Sites Page/Site Filtering/Site_txt'

21-10-2025T22:05:59 - [MESSAGE][PASSED] - Keys 'BACK_SPACE + ' sent to object: 'Object Repository/FIM/Sites Page/Site Filtering/Site_txt'

21-10-2025T22:05:59 - [TEST_STEP][PASSED] - (i++): null

21-10-2025T22:05:59 - [TEST_STEP][PASSED] - sendKeys(findTestObject("FIM/Sites Page/Site Filtering/Site_txt"), Keys.chord(BACK_SPACE), STOP_ON_FAILURE): Keys 'BACK_SPACE + ' sent to object: 'Object Repository/FIM/Sites Page/Site Filtering/Site_txt'

21-10-2025T22:05:59 - [MESSAGE][PASSED] - Keys 'BACK_SPACE + ' sent to object: 'Object Repository/FIM/Sites Page/Site Filtering/Site_txt'

21-10-2025T22:05:59 - [TEST_STEP][PASSED] - (i++): null

21-10-2025T22:05:59 - [TEST_STEP][PASSED] - sendKeys(findTestObject("FIM/Sites Page/Site Filtering/Site_txt"), Keys.chord(BACK_SPACE), STOP_ON_FAILURE): Keys 'BACK_SPACE + ' sent to object: 'Object Repository/FIM/Sites Page/Site Filtering/Site_txt'

21-10-2025T22:05:59 - [MESSAGE][PASSED] - Keys 'BACK_SPACE + ' sent to object: 'Object Repository/FIM/Sites Page/Site Filtering/Site_txt'

21-10-2025T22:05:59 - [TEST_STEP][PASSED] - (i++): null

21-10-2025T22:05:59 - [TEST_STEP][PASSED] - sendKeys(findTestObject("FIM/Sites Page/Site Filtering/Site_txt"), Keys.chord(BACK_SPACE), STOP_ON_FAILURE): Keys 'BACK_SPACE + ' sent to object: 'Object Repository/FIM/Sites Page/Site Filtering/Site_txt'

21-10-2025T22:05:59 - [MESSAGE][PASSED] - Keys 'BACK_SPACE + ' sent to object: 'Object Repository/FIM/Sites Page/Site Filtering/Site_txt'

21-10-2025T22:05:59 - [TEST_STEP][PASSED] - (i++): null

21-10-2025T22:05:59 - [TEST_STEP][PASSED] - sendKeys(findTestObject("FIM/Sites Page/Site Filtering/Site_txt"), Keys.chord(BACK_SPACE), STOP_ON_FAILURE): Keys 'BACK_SPACE + ' sent to object: 'Object Repository/FIM/Sites Page/Site Filtering/Site_txt'

21-10-2025T22:05:59 - [MESSAGE][PASSED] - Keys 'BACK_SPACE + ' sent to object: 'Object Repository/FIM/Sites Page/Site Filtering/Site_txt'

21-10-2025T22:05:59 - [TEST_STEP][PASSED] - (i++): null

21-10-2025T22:05:59 - [TEST_STEP][PASSED] - sendKeys(findTestObject("FIM/Sites Page/Site Filtering/Site_txt"), Keys.chord(BACK_SPACE), STOP_ON_FAILURE): Keys 'BACK_SPACE + ' sent to object: 'Object Repository/FIM/Sites Page/Site Filtering/Site_txt'

21-10-2025T22:05:59 - [MESSAGE][PASSED] - Keys 'BACK_SPACE + ' sent to object: 'Object Repository/FIM/Sites Page/Site Filtering/Site_txt'

21-10-2025T22:05:59 - [TEST_STEP][PASSED] - (i++): null

21-10-2025T22:05:59 - [TEST_STEP][PASSED] - sendKeys(findTestObject("FIM/Sites Page/Site Filtering/Site_txt"), Keys.chord(BACK_SPACE), STOP_ON_FAILURE): Keys 'BACK_SPACE + ' sent to object: 'Object Repository/FIM/Sites Page/Site Filtering/Site_txt'

21-10-2025T22:05:59 - [MESSAGE][PASSED] - Keys 'BACK_SPACE + ' sent to object: 'Object Repository/FIM/Sites Page/Site Filtering/Site_txt'

21-10-2025T22:05:59 - [TEST_STEP][PASSED] - (i++): null

21-10-2025T22:05:59 - [TEST_STEP][PASSED] - sendKeys(findTestObject("FIM/Sites Page/Site Filtering/Site_txt"), Keys.chord(BACK_SPACE), STOP_ON_FAILURE): Keys 'BACK_SPACE + ' sent to object: 'Object Repository/FIM/Sites Page/Site Filtering/Site_txt'

21-10-2025T22:05:59 - [MESSAGE][PASSED] - Keys 'BACK_SPACE + ' sent to object: 'Object Repository/FIM/Sites Page/Site Filtering/Site_txt'

21-10-2025T22:05:59 - [TEST_STEP][PASSED] - (i++): null

21-10-2025T22:05:59 - [TEST_STEP][PASSED] - sendKeys(findTestObject("FIM/Sites Page/Site Filtering/Site_txt"), Keys.chord(BACK_SPACE), STOP_ON_FAILURE): Keys 'BACK_SPACE + ' sent to object: 'Object Repository/FIM/Sites Page/Site Filtering/Site_txt'

21-10-2025T22:05:59 - [MESSAGE][PASSED] - Keys 'BACK_SPACE + ' sent to object: 'Object Repository/FIM/Sites Page/Site Filtering/Site_txt'

21-10-2025T22:05:59 - [TEST_STEP][PASSED] - (i++): null

21-10-2025T22:05:59 - [TEST_STEP][PASSED] - sendKeys(findTestObject("FIM/Sites Page/Site Filtering/Site_txt"), Keys.chord(BACK_SPACE), STOP_ON_FAILURE): Keys 'BACK_SPACE + ' sent to object: 'Object Repository/FIM/Sites Page/Site Filtering/Site_txt'

21-10-2025T22:05:59 - [MESSAGE][PASSED] - Keys 'BACK_SPACE + ' sent to object: 'Object Repository/FIM/Sites Page/Site Filtering/Site_txt'

21-10-2025T22:05:59 - [TEST_STEP][PASSED] - (i++): null

21-10-2025T22:05:59 - [TEST_STEP][PASSED] - sendKeys(findTestObject("FIM/Sites Page/Site Filtering/Site_txt"), Keys.chord(BACK_SPACE), STOP_ON_FAILURE): Keys 'BACK_SPACE + ' sent to object: 'Object Repository/FIM/Sites Page/Site Filtering/Site_txt'

21-10-2025T22:05:59 - [MESSAGE][PASSED] - Keys 'BACK_SPACE + ' sent to object: 'Object Repository/FIM/Sites Page/Site Filtering/Site_txt'

21-10-2025T22:05:59 - [TEST_STEP][PASSED] - (i++): null

21-10-2025T22:05:59 - [TEST_STEP][PASSED] - sendKeys(findTestObject("FIM/Sites Page/Site Filtering/Site_txt"), Keys.chord(BACK_SPACE), STOP_ON_FAILURE): Keys 'BACK_SPACE + ' sent to object: 'Object Repository/FIM/Sites Page/Site Filtering/Site_txt'

21-10-2025T22:05:59 - [MESSAGE][PASSED] - Keys 'BACK_SPACE + ' sent to object: 'Object Repository/FIM/Sites Page/Site Filtering/Site_txt'

21-10-2025T22:05:59 - [TEST_STEP][PASSED] - (i++): null

21-10-2025T22:05:59 - [TEST_STEP][PASSED] - sendKeys(findTestObject("FIM/Sites Page/Site Filtering/Site_txt"), Keys.chord(BACK_SPACE), STOP_ON_FAILURE): Keys 'BACK_SPACE + ' sent to object: 'Object Repository/FIM/Sites Page/Site Filtering/Site_txt'

21-10-2025T22:05:59 - [MESSAGE][PASSED] - Keys 'BACK_SPACE + ' sent to object: 'Object Repository/FIM/Sites Page/Site Filtering/Site_txt'

21-10-2025T22:05:59 - [TEST_STEP][PASSED] - (i++): null

21-10-2025T22:05:59 - [TEST_STEP][PASSED] - sendKeys(findTestObject("FIM/Sites Page/Site Filtering/Site_txt"), Keys.chord(BACK_SPACE), STOP_ON_FAILURE): Keys 'BACK_SPACE + ' sent to object: 'Object Repository/FIM/Sites Page/Site Filtering/Site_txt'

21-10-2025T22:06:00 - [MESSAGE][PASSED] - Keys 'BACK_SPACE + ' sent to object: 'Object Repository/FIM/Sites Page/Site Filtering/Site_txt'

21-10-2025T22:06:00 - [TEST_STEP][PASSED] - (i++): null

21-10-2025T22:06:00 - [TEST_STEP][PASSED] - sendKeys(findTestObject("FIM/Sites Page/Site Filtering/Site_txt"), Keys.chord(BACK_SPACE), STOP_ON_FAILURE): Keys 'BACK_SPACE + ' sent to object: 'Object Repository/FIM/Sites Page/Site Filtering/Site_txt'

21-10-2025T22:06:00 - [MESSAGE][PASSED] - Keys 'BACK_SPACE + ' sent to object: 'Object Repository/FIM/Sites Page/Site Filtering/Site_txt'

21-10-2025T22:06:00 - [TEST_STEP][PASSED] - (i++): null

21-10-2025T22:06:00 - [TEST_STEP][PASSED] - sendKeys(findTestObject("FIM/Sites Page/Site Filtering/Site_txt"), Keys.chord(BACK_SPACE), STOP_ON_FAILURE): Keys 'BACK_SPACE + ' sent to object: 'Object Repository/FIM/Sites Page/Site Filtering/Site_txt'

21-10-2025T22:06:00 - [MESSAGE][PASSED] - Keys 'BACK_SPACE + ' sent to object: 'Object Repository/FIM/Sites Page/Site Filtering/Site_txt'

21-10-2025T22:06:00 - [TEST_STEP][PASSED] - (i++): null

21-10-2025T22:06:00 - [TEST_STEP][PASSED] - sendKeys(findTestObject("FIM/Sites Page/Site Filtering/Site_txt"), Keys.chord(BACK_SPACE), STOP_ON_FAILURE): Keys 'BACK_SPACE + ' sent to object: 'Object Repository/FIM/Sites Page/Site Filtering/Site_txt'

21-10-2025T22:06:00 - [MESSAGE][PASSED] - Keys 'BACK_SPACE + ' sent to object: 'Object Repository/FIM/Sites Page/Site Filtering/Site_txt'

21-10-2025T22:06:00 - [TEST_STEP][PASSED] - (i++): null

21-10-2025T22:06:00 - [TEST_STEP][PASSED] - sendKeys(findTestObject("FIM/Sites Page/Site Filtering/Site_txt"), Keys.chord(BACK_SPACE), STOP_ON_FAILURE): Keys 'BACK_SPACE + ' sent to object: 'Object Repository/FIM/Sites Page/Site Filtering/Site_txt'

21-10-2025T22:06:00 - [MESSAGE][PASSED] - Keys 'BACK_SPACE + ' sent to object: 'Object Repository/FIM/Sites Page/Site Filtering/Site_txt'

21-10-2025T22:06:00 - [TEST_STEP][PASSED] - (i++): null

21-10-2025T22:06:00 - [TEST_STEP][PASSED] - sendKeys(findTestObject("FIM/Sites Page/Site Filtering/Site_txt"), Keys.chord(BACK_SPACE), STOP_ON_FAILURE): Keys 'BACK_SPACE + ' sent to object: 'Object Repository/FIM/Sites Page/Site Filtering/Site_txt'

21-10-2025T22:06:00 - [MESSAGE][PASSED] - Keys 'BACK_SPACE + ' sent to object: 'Object Repository/FIM/Sites Page/Site Filtering/Site_txt'

21-10-2025T22:06:00 - [TEST_STEP][PASSED] - (i++): null

21-10-2025T22:06:00 - [TEST_STEP][PASSED] - sendKeys(findTestObject("FIM/Sites Page/Site Filtering/Site_txt"), Keys.chord(BACK_SPACE), STOP_ON_FAILURE): Keys 'BACK_SPACE + ' sent to object: 'Object Repository/FIM/Sites Page/Site Filtering/Site_txt'

21-10-2025T22:06:00 - [MESSAGE][PASSED] - Keys 'BACK_SPACE + ' sent to object: 'Object Repository/FIM/Sites Page/Site Filtering/Site_txt'

21-10-2025T22:06:00 - [TEST_STEP][PASSED] - (i++): null

21-10-2025T22:06:00 - [TEST_STEP][PASSED] - sendKeys(findTestObject("FIM/Sites Page/Site Filtering/Site_txt"), Keys.chord(BACK_SPACE), STOP_ON_FAILURE): Keys 'BACK_SPACE + ' sent to object: 'Object Repository/FIM/Sites Page/Site Filtering/Site_txt'

21-10-2025T22:06:00 - [MESSAGE][PASSED] - Keys 'BACK_SPACE + ' sent to object: 'Object Repository/FIM/Sites Page/Site Filtering/Site_txt'

21-10-2025T22:06:00 - [TEST_STEP][PASSED] - (i++): null

21-10-2025T22:06:00 - [TEST_STEP][PASSED] - sendKeys(findTestObject("FIM/Sites Page/Site Filtering/Site_txt"), Keys.chord(BACK_SPACE), STOP_ON_FAILURE): Keys 'BACK_SPACE + ' sent to object: 'Object Repository/FIM/Sites Page/Site Filtering/Site_txt'

21-10-2025T22:06:00 - [MESSAGE][PASSED] - Keys 'BACK_SPACE + ' sent to object: 'Object Repository/FIM/Sites Page/Site Filtering/Site_txt'

21-10-2025T22:06:00 - [TEST_STEP][PASSED] - (i++): null

21-10-2025T22:06:00 - [TEST_STEP][PASSED] - sendKeys(findTestObject("FIM/Sites Page/Site Filtering/Site_txt"), Keys.chord(BACK_SPACE), STOP_ON_FAILURE): Keys 'BACK_SPACE + ' sent to object: 'Object Repository/FIM/Sites Page/Site Filtering/Site_txt'

21-10-2025T22:06:00 - [MESSAGE][PASSED] - Keys 'BACK_SPACE + ' sent to object: 'Object Repository/FIM/Sites Page/Site Filtering/Site_txt'

21-10-2025T22:06:00 - [TEST_STEP][PASSED] - (i++): null

21-10-2025T22:06:00 - [TEST_STEP][PASSED] - sendKeys(findTestObject("FIM/Sites Page/Site Filtering/Site_txt"), Keys.chord(BACK_SPACE), STOP_ON_FAILURE): Keys 'BACK_SPACE + ' sent to object: 'Object Repository/FIM/Sites Page/Site Filtering/Site_txt'

21-10-2025T22:06:00 - [MESSAGE][PASSED] - Keys 'BACK_SPACE + ' sent to object: 'Object Repository/FIM/Sites Page/Site Filtering/Site_txt'

21-10-2025T22:06:00 - [TEST_STEP][PASSED] - (i++): null

21-10-2025T22:06:00 - [TEST_STEP][PASSED] - sendKeys(findTestObject("FIM/Sites Page/Site Filtering/Site_txt"), Keys.chord(BACK_SPACE), STOP_ON_FAILURE): Keys 'BACK_SPACE + ' sent to object: 'Object Repository/FIM/Sites Page/Site Filtering/Site_txt'

21-10-2025T22:06:00 - [MESSAGE][PASSED] - Keys 'BACK_SPACE + ' sent to object: 'Object Repository/FIM/Sites Page/Site Filtering/Site_txt'

21-10-2025T22:06:00 - [TEST_STEP][PASSED] - (i++): null

21-10-2025T22:06:00 - [TEST_STEP][PASSED] - sendKeys(findTestObject("FIM/Sites Page/Site Filtering/Site_txt"), Keys.chord(BACK_SPACE), STOP_ON_FAILURE): Keys 'BACK_SPACE + ' sent to object: 'Object Repository/FIM/Sites Page/Site Filtering/Site_txt'

21-10-2025T22:06:00 - [MESSAGE][PASSED] - Keys 'BACK_SPACE + ' sent to object: 'Object Repository/FIM/Sites Page/Site Filtering/Site_txt'

21-10-2025T22:06:00 - [TEST_STEP][PASSED] - (i++): null

21-10-2025T22:06:00 - [TEST_STEP][PASSED] - sendKeys(findTestObject("FIM/Sites Page/Site Filtering/Site_txt"), Keys.chord(BACK_SPACE), STOP_ON_FAILURE): Keys 'BACK_SPACE + ' sent to object: 'Object Repository/FIM/Sites Page/Site Filtering/Site_txt'

21-10-2025T22:06:01 - [MESSAGE][PASSED] - Keys 'BACK_SPACE + ' sent to object: 'Object Repository/FIM/Sites Page/Site Filtering/Site_txt'

21-10-2025T22:06:01 - [TEST_STEP][PASSED] - (i++): null

21-10-2025T22:06:01 - [TEST_STEP][PASSED] - sendKeys(findTestObject("FIM/Sites Page/Site Filtering/Site_txt"), Keys.chord(BACK_SPACE), STOP_ON_FAILURE): Keys 'BACK_SPACE + ' sent to object: 'Object Repository/FIM/Sites Page/Site Filtering/Site_txt'

21-10-2025T22:06:01 - [MESSAGE][PASSED] - Keys 'BACK_SPACE + ' sent to object: 'Object Repository/FIM/Sites Page/Site Filtering/Site_txt'

21-10-2025T22:06:01 - [TEST_STEP][PASSED] - (i++): null

21-10-2025T22:06:01 - [TEST_STEP][PASSED] - sendKeys(findTestObject("FIM/Sites Page/Site Filtering/Site_txt"), Keys.chord(BACK_SPACE), STOP_ON_FAILURE): Keys 'BACK_SPACE + ' sent to object: 'Object Repository/FIM/Sites Page/Site Filtering/Site_txt'

21-10-2025T22:06:01 - [MESSAGE][PASSED] - Keys 'BACK_SPACE + ' sent to object: 'Object Repository/FIM/Sites Page/Site Filtering/Site_txt'

21-10-2025T22:06:01 - [TEST_STEP][PASSED] - (i++): null

21-10-2025T22:06:01 - [TEST_STEP][PASSED] - sendKeys(findTestObject("FIM/Sites Page/Site Filtering/Site_txt"), Keys.chord(BACK_SPACE), STOP_ON_FAILURE): Keys 'BACK_SPACE + ' sent to object: 'Object Repository/FIM/Sites Page/Site Filtering/Site_txt'

21-10-2025T22:06:01 - [MESSAGE][PASSED] - Keys 'BACK_SPACE + ' sent to object: 'Object Repository/FIM/Sites Page/Site Filtering/Site_txt'

21-10-2025T22:06:01 - [TEST_STEP][PASSED] - (i++): null

21-10-2025T22:06:01 - [TEST_STEP][PASSED] - sendKeys(findTestObject("FIM/Sites Page/Site Filtering/Site_txt"), Keys.chord(BACK_SPACE), STOP_ON_FAILURE): Keys 'BACK_SPACE + ' sent to object: 'Object Repository/FIM/Sites Page/Site Filtering/Site_txt'

21-10-2025T22:06:01 - [MESSAGE][PASSED] - Keys 'BACK_SPACE + ' sent to object: 'Object Repository/FIM/Sites Page/Site Filtering/Site_txt'

21-10-2025T22:06:01 - [TEST_STEP][PASSED] - (i++): null

21-10-2025T22:06:01 - [TEST_STEP][PASSED] - sendKeys(findTestObject("FIM/Sites Page/Site Filtering/Site_txt"), Keys.chord(BACK_SPACE), STOP_ON_FAILURE): Keys 'BACK_SPACE + ' sent to object: 'Object Repository/FIM/Sites Page/Site Filtering/Site_txt'

21-10-2025T22:06:01 - [MESSAGE][PASSED] - Keys 'BACK_SPACE + ' sent to object: 'Object Repository/FIM/Sites Page/Site Filtering/Site_txt'

21-10-2025T22:06:01 - [TEST_STEP][PASSED] - (i++): null

21-10-2025T22:06:01 - [TEST_STEP][PASSED] - sendKeys(findTestObject("FIM/Sites Page/Site Filtering/Site_txt"), Keys.chord(BACK_SPACE), STOP_ON_FAILURE): Keys 'BACK_SPACE + ' sent to object: 'Object Repository/FIM/Sites Page/Site Filtering/Site_txt'

21-10-2025T22:06:01 - [MESSAGE][PASSED] - Keys 'BACK_SPACE + ' sent to object: 'Object Repository/FIM/Sites Page/Site Filtering/Site_txt'

21-10-2025T22:06:01 - [TEST_STEP][PASSED] - (i++): null

21-10-2025T22:06:01 - [TEST_STEP][PASSED] - sendKeys(findTestObject("FIM/Sites Page/Site Filtering/Site_txt"), Keys.chord(BACK_SPACE), STOP_ON_FAILURE): Keys 'BACK_SPACE + ' sent to object: 'Object Repository/FIM/Sites Page/Site Filtering/Site_txt'

21-10-2025T22:06:01 - [MESSAGE][PASSED] - Keys 'BACK_SPACE + ' sent to object: 'Object Repository/FIM/Sites Page/Site Filtering/Site_txt'

21-10-2025T22:06:01 - [TEST_STEP][PASSED] - (i++): null

21-10-2025T22:06:01 - [TEST_STEP][PASSED] - sendKeys(findTestObject("FIM/Sites Page/Site Filtering/Site_txt"), Keys.chord(BACK_SPACE), STOP_ON_FAILURE): Keys 'BACK_SPACE + ' sent to object: 'Object Repository/FIM/Sites Page/Site Filtering/Site_txt'

21-10-2025T22:06:01 - [MESSAGE][PASSED] - Keys 'BACK_SPACE + ' sent to object: 'Object Repository/FIM/Sites Page/Site Filtering/Site_txt'

21-10-2025T22:06:01 - [TEST_STEP][PASSED] - (i++): null

21-10-2025T22:06:01 - [TEST_STEP][PASSED] - sendKeys(findTestObject("FIM/Sites Page/Site Filtering/Site_txt"), Keys.chord(BACK_SPACE), STOP_ON_FAILURE): Keys 'BACK_SPACE + ' sent to object: 'Object Repository/FIM/Sites Page/Site Filtering/Site_txt'

21-10-2025T22:06:01 - [MESSAGE][PASSED] - Keys 'BACK_SPACE + ' sent to object: 'Object Repository/FIM/Sites Page/Site Filtering/Site_txt'

21-10-2025T22:06:01 - [TEST_STEP][PASSED] - (i++): null

21-10-2025T22:06:01 - [TEST_STEP][PASSED] - sendKeys(findTestObject("FIM/Sites Page/Site Filtering/Site_txt"), Keys.chord(BACK_SPACE), STOP_ON_FAILURE): Keys 'BACK_SPACE + ' sent to object: 'Object Repository/FIM/Sites Page/Site Filtering/Site_txt'

21-10-2025T22:06:01 - [MESSAGE][PASSED] - Keys 'BACK_SPACE + ' sent to object: 'Object Repository/FIM/Sites Page/Site Filtering/Site_txt'

21-10-2025T22:06:01 - [TEST_STEP][PASSED] - (i++): null

21-10-2025T22:06:01 - [TEST_STEP][PASSED] - sendKeys(findTestObject("FIM/Sites Page/Site Filtering/Site_txt"), Keys.chord(BACK_SPACE), STOP_ON_FAILURE): Keys 'BACK_SPACE + ' sent to object: 'Object Repository/FIM/Sites Page/Site Filtering/Site_txt'

21-10-2025T22:06:01 - [MESSAGE][PASSED] - Keys 'BACK_SPACE + ' sent to object: 'Object Repository/FIM/Sites Page/Site Filtering/Site_txt'

21-10-2025T22:06:01 - [TEST_STEP][PASSED] - (i++): null

21-10-2025T22:06:01 - [TEST_STEP][PASSED] - sendKeys(findTestObject("FIM/Sites Page/Site Filtering/Site_txt"), Keys.chord(BACK_SPACE), STOP_ON_FAILURE): Keys 'BACK_SPACE + ' sent to object: 'Object Repository/FIM/Sites Page/Site Filtering/Site_txt'

21-10-2025T22:06:01 - [MESSAGE][PASSED] - Keys 'BACK_SPACE + ' sent to object: 'Object Repository/FIM/Sites Page/Site Filtering/Site_txt'

21-10-2025T22:06:01 - [TEST_STEP][PASSED] - (i++): null

21-10-2025T22:06:01 - [TEST_STEP][PASSED] - sendKeys(findTestObject("FIM/Sites Page/Site Filtering/Site_txt"), Keys.chord(BACK_SPACE), STOP_ON_FAILURE): Keys 'BACK_SPACE + ' sent to object: 'Object Repository/FIM/Sites Page/Site Filtering/Site_txt'

21-10-2025T22:06:01 - [MESSAGE][PASSED] - Keys 'BACK_SPACE + ' sent to object: 'Object Repository/FIM/Sites Page/Site Filtering/Site_txt'

21-10-2025T22:06:01 - [TEST_STEP][PASSED] - (i++): null

21-10-2025T22:06:01 - [TEST_STEP][PASSED] - sendKeys(findTestObject("FIM/Sites Page/Site Filtering/Site_txt"), Keys.chord(BACK_SPACE), STOP_ON_FAILURE): Keys 'BACK_SPACE + ' sent to object: 'Object Repository/FIM/Sites Page/Site Filtering/Site_txt'

21-10-2025T22:06:02 - [MESSAGE][PASSED] - Keys 'BACK_SPACE + ' sent to object: 'Object Repository/FIM/Sites Page/Site Filtering/Site_txt'

21-10-2025T22:06:02 - [TEST_STEP][PASSED] - (i++): null

21-10-2025T22:06:02 - [TEST_STEP][PASSED] - sendKeys(findTestObject("FIM/Sites Page/Site Filtering/Site_txt"), Keys.chord(BACK_SPACE), STOP_ON_FAILURE): Keys 'BACK_SPACE + ' sent to object: 'Object Repository/FIM/Sites Page/Site Filtering/Site_txt'

21-10-2025T22:06:02 - [MESSAGE][PASSED] - Keys 'BACK_SPACE + ' sent to object: 'Object Repository/FIM/Sites Page/Site Filtering/Site_txt'

21-10-2025T22:06:02 - [TEST_STEP][PASSED] - (i++): null

21-10-2025T22:06:02 - [TEST_STEP][PASSED] - sendKeys(findTestObject("FIM/Sites Page/Site Filtering/Site_txt"), Keys.chord(BACK_SPACE), STOP_ON_FAILURE): Keys 'BACK_SPACE + ' sent to object: 'Object Repository/FIM/Sites Page/Site Filtering/Site_txt'

21-10-2025T22:06:02 - [MESSAGE][PASSED] - Keys 'BACK_SPACE + ' sent to object: 'Object Repository/FIM/Sites Page/Site Filtering/Site_txt'

21-10-2025T22:06:02 - [TEST_STEP][PASSED] - (i++): null

21-10-2025T22:06:02 - [TEST_STEP][PASSED] - sendKeys(findTestObject("FIM/Sites Page/Site Filtering/Site_txt"), Keys.chord(BACK_SPACE), STOP_ON_FAILURE): Keys 'BACK_SPACE + ' sent to object: 'Object Repository/FIM/Sites Page/Site Filtering/Site_txt'

21-10-2025T22:06:02 - [MESSAGE][PASSED] - Keys 'BACK_SPACE + ' sent to object: 'Object Repository/FIM/Sites Page/Site Filtering/Site_txt'

21-10-2025T22:06:02 - [TEST_STEP][PASSED] - (i++): null

21-10-2025T22:06:02 - [TEST_STEP][PASSED] - sendKeys(findTestObject("FIM/Sites Page/Site Filtering/Site_txt"), Keys.chord(BACK_SPACE), STOP_ON_FAILURE): Keys 'BACK_SPACE + ' sent to object: 'Object Repository/FIM/Sites Page/Site Filtering/Site_txt'

21-10-2025T22:06:02 - [MESSAGE][PASSED] - Keys 'BACK_SPACE + ' sent to object: 'Object Repository/FIM/Sites Page/Site Filtering/Site_txt'

21-10-2025T22:06:02 - [TEST_STEP][PASSED] - (i++): null

21-10-2025T22:06:02 - [TEST_STEP][PASSED] - sendKeys(findTestObject("FIM/Sites Page/Site Filtering/Site_txt"), Keys.chord(BACK_SPACE), STOP_ON_FAILURE): Keys 'BACK_SPACE + ' sent to object: 'Object Repository/FIM/Sites Page/Site Filtering/Site_txt'

21-10-2025T22:06:02 - [MESSAGE][PASSED] - Keys 'BACK_SPACE + ' sent to object: 'Object Repository/FIM/Sites Page/Site Filtering/Site_txt'

21-10-2025T22:06:02 - [TEST_STEP][PASSED] - (i++): null

21-10-2025T22:06:02 - [TEST_STEP][PASSED] - sendKeys(findTestObject("FIM/Sites Page/Site Filtering/Site_txt"), Keys.chord(BACK_SPACE), STOP_ON_FAILURE): Keys 'BACK_SPACE + ' sent to object: 'Object Repository/FIM/Sites Page/Site Filtering/Site_txt'

21-10-2025T22:06:02 - [MESSAGE][PASSED] - Keys 'BACK_SPACE + ' sent to object: 'Object Repository/FIM/Sites Page/Site Filtering/Site_txt'

21-10-2025T22:06:02 - [TEST_STEP][PASSED] - (i++): null

21-10-2025T22:06:02 - [TEST_STEP][PASSED] - sendKeys(findTestObject("FIM/Sites Page/Site Filtering/Site_txt"), Keys.chord(BACK_SPACE), STOP_ON_FAILURE): Keys 'BACK_SPACE + ' sent to object: 'Object Repository/FIM/Sites Page/Site Filtering/Site_txt'

21-10-2025T22:06:02 - [MESSAGE][PASSED] - Keys 'BACK_SPACE + ' sent to object: 'Object Repository/FIM/Sites Page/Site Filtering/Site_txt'

21-10-2025T22:06:02 - [TEST_STEP][PASSED] - (i++): null

21-10-2025T22:06:02 - [TEST_STEP][PASSED] - sendKeys(findTestObject("FIM/Sites Page/Site Filtering/Site_txt"), Keys.chord(BACK_SPACE), STOP_ON_FAILURE): Keys 'BACK_SPACE + ' sent to object: 'Object Repository/FIM/Sites Page/Site Filtering/Site_txt'

21-10-2025T22:06:02 - [MESSAGE][PASSED] - Keys 'BACK_SPACE + ' sent to object: 'Object Repository/FIM/Sites Page/Site Filtering/Site_txt'

21-10-2025T22:06:02 - [TEST_STEP][PASSED] - (i++): null

21-10-2025T22:06:02 - [TEST_STEP][PASSED] - sendKeys(findTestObject("FIM/Sites Page/Site Filtering/Site_txt"), Keys.chord(BACK_SPACE), STOP_ON_FAILURE): Keys 'BACK_SPACE + ' sent to object: 'Object Repository/FIM/Sites Page/Site Filtering/Site_txt'

21-10-2025T22:06:02 - [MESSAGE][PASSED] - Keys 'BACK_SPACE + ' sent to object: 'Object Repository/FIM/Sites Page/Site Filtering/Site_txt'

21-10-2025T22:06:02 - [TEST_STEP][PASSED] - (i++): null

21-10-2025T22:06:02 - [TEST_STEP][PASSED] - sendKeys(findTestObject("FIM/Sites Page/Site Filtering/Site_txt"), Keys.chord(BACK_SPACE), STOP_ON_FAILURE): Keys 'BACK_SPACE + ' sent to object: 'Object Repository/FIM/Sites Page/Site Filtering/Site_txt'

21-10-2025T22:06:02 - [MESSAGE][PASSED] - Keys 'BACK_SPACE + ' sent to object: 'Object Repository/FIM/Sites Page/Site Filtering/Site_txt'

21-10-2025T22:06:02 - [TEST_STEP][PASSED] - (i++): null

21-10-2025T22:06:02 - [TEST_STEP][PASSED] - sendKeys(findTestObject("FIM/Sites Page/Site Filtering/Site_txt"), Keys.chord(BACK_SPACE), STOP_ON_FAILURE): Keys 'BACK_SPACE + ' sent to object: 'Object Repository/FIM/Sites Page/Site Filtering/Site_txt'

21-10-2025T22:06:03 - [MESSAGE][PASSED] - Keys 'BACK_SPACE + ' sent to object: 'Object Repository/FIM/Sites Page/Site Filtering/Site_txt'

21-10-2025T22:06:03 - [TEST_STEP][PASSED] - (i++): null

21-10-2025T22:06:03 - [TEST_STEP][PASSED] - sendKeys(findTestObject("FIM/Sites Page/Site Filtering/Site_txt"), Keys.chord(BACK_SPACE), STOP_ON_FAILURE): Keys 'BACK_SPACE + ' sent to object: 'Object Repository/FIM/Sites Page/Site Filtering/Site_txt'

21-10-2025T22:06:03 - [MESSAGE][PASSED] - Keys 'BACK_SPACE + ' sent to object: 'Object Repository/FIM/Sites Page/Site Filtering/Site_txt'

21-10-2025T22:06:03 - [TEST_STEP][PASSED] - (i++): null

21-10-2025T22:06:03 - [TEST_STEP][PASSED] - sendKeys(findTestObject("FIM/Sites Page/Site Filtering/Site_txt"), Keys.chord(BACK_SPACE), STOP_ON_FAILURE): Keys 'BACK_SPACE + ' sent to object: 'Object Repository/FIM/Sites Page/Site Filtering/Site_txt'

21-10-2025T22:06:03 - [MESSAGE][PASSED] - Keys 'BACK_SPACE + ' sent to object: 'Object Repository/FIM/Sites Page/Site Filtering/Site_txt'

21-10-2025T22:06:03 - [TEST_STEP][PASSED] - (i++): null

21-10-2025T22:06:03 - [TEST_STEP][PASSED] - sendKeys(findTestObject("FIM/Sites Page/Site Filtering/Site_txt"), Keys.chord(BACK_SPACE), STOP_ON_FAILURE): Keys 'BACK_SPACE + ' sent to object: 'Object Repository/FIM/Sites Page/Site Filtering/Site_txt'

21-10-2025T22:06:04 - [MESSAGE][PASSED] - Keys 'BACK_SPACE + ' sent to object: 'Object Repository/FIM/Sites Page/Site Filtering/Site_txt'

21-10-2025T22:06:04 - [TEST_STEP][PASSED] - (i++): null

21-10-2025T22:06:04 - [TEST_STEP][PASSED] - sendKeys(findTestObject("FIM/Sites Page/Site Filtering/Site_txt"), Keys.chord(BACK_SPACE), STOP_ON_FAILURE): Keys 'BACK_SPACE + ' sent to object: 'Object Repository/FIM/Sites Page/Site Filtering/Site_txt'

21-10-2025T22:06:04 - [MESSAGE][PASSED] - Keys 'BACK_SPACE + ' sent to object: 'Object Repository/FIM/Sites Page/Site Filtering/Site_txt'

21-10-2025T22:06:04 - [TEST_STEP][PASSED] - (i++): null

21-10-2025T22:06:04 - [TEST_STEP][PASSED] - sendKeys(findTestObject("FIM/Sites Page/Site Filtering/Site_txt"), Keys.chord(BACK_SPACE), STOP_ON_FAILURE): Keys 'BACK_SPACE + ' sent to object: 'Object Repository/FIM/Sites Page/Site Filtering/Site_txt'

21-10-2025T22:06:04 - [MESSAGE][PASSED] - Keys 'BACK_SPACE + ' sent to object: 'Object Repository/FIM/Sites Page/Site Filtering/Site_txt'

21-10-2025T22:06:04 - [TEST_STEP][PASSED] - (i++): null

21-10-2025T22:06:04 - [TEST_STEP][PASSED] - sendKeys(findTestObject("FIM/Sites Page/Site Filtering/Site_txt"), Keys.chord(BACK_SPACE), STOP_ON_FAILURE): Keys 'BACK_SPACE + ' sent to object: 'Object Repository/FIM/Sites Page/Site Filtering/Site_txt'

21-10-2025T22:06:04 - [MESSAGE][PASSED] - Keys 'BACK_SPACE + ' sent to object: 'Object Repository/FIM/Sites Page/Site Filtering/Site_txt'

21-10-2025T22:06:04 - [TEST_STEP][PASSED] - (i++): null

21-10-2025T22:06:04 - [TEST_STEP][PASSED] - sendKeys(findTestObject("FIM/Sites Page/Site Filtering/Site_txt"), Keys.chord(BACK_SPACE), STOP_ON_FAILURE): Keys 'BACK_SPACE + ' sent to object: 'Object Repository/FIM/Sites Page/Site Filtering/Site_txt'

21-10-2025T22:06:04 - [MESSAGE][PASSED] - Keys 'BACK_SPACE + ' sent to object: 'Object Repository/FIM/Sites Page/Site Filtering/Site_txt'

21-10-2025T22:06:04 - [TEST_STEP][PASSED] - (i++): null

21-10-2025T22:06:04 - [TEST_STEP][PASSED] - sendKeys(findTestObject("FIM/Sites Page/Site Filtering/Site_txt"), Keys.chord(BACK_SPACE), STOP_ON_FAILURE): Keys 'BACK_SPACE + ' sent to object: 'Object Repository/FIM/Sites Page/Site Filtering/Site_txt'

21-10-2025T22:06:04 - [MESSAGE][PASSED] - Keys 'BACK_SPACE + ' sent to object: 'Object Repository/FIM/Sites Page/Site Filtering/Site_txt'

21-10-2025T22:06:04 - [TEST_STEP][PASSED] - (i++): null

21-10-2025T22:06:04 - [TEST_STEP][PASSED] - sendKeys(findTestObject("FIM/Sites Page/Site Filtering/Site_txt"), "AFM39", STOP_ON_FAILURE): Keys 'AFM39' sent to object: 'Object Repository/FIM/Sites Page/Site Filtering/Site_txt'

21-10-2025T22:06:05 - [MESSAGE][PASSED] - Keys 'AFM39' sent to object: 'Object Repository/FIM/Sites Page/Site Filtering/Site_txt'

21-10-2025T22:06:05 - [TEST_STEP][PASSED] - sendKeys(findTestObject("FIM/Sites Page/Site Filtering/Site_txt"), Keys.chord(ENTER), STOP_ON_FAILURE): Keys 'ENTER + ' sent to object: 'Object Repository/FIM/Sites Page/Site Filtering/Site_txt'

21-10-2025T22:06:05 - [MESSAGE][PASSED] - Keys 'ENTER + ' sent to object: 'Object Repository/FIM/Sites Page/Site Filtering/Site_txt'

21-10-2025T22:06:05 - [TEST_STEP][PASSED] - waitForElementClickable(findTestObject("FIM/Sites Page/Orders/Create Order/CreateOrder_btn"), 300): Object 'Object Repository/FIM/Sites Page/Orders/Create Order/CreateOrder_btn' is clickable

21-10-2025T22:06:06 - [MESSAGE][PASSED] - Object 'Object Repository/FIM/Sites Page/Orders/Create Order/CreateOrder_btn' is clickable

21-10-2025T22:06:06 - [TEST_STEP][PASSED] - click(findTestObject("FIM/Sites Page/Orders/Create Order/CreateOrder_btn"), OPTIONAL): Object: 'Object Repository/FIM/Sites Page/Orders/Create Order/CreateOrder_btn' is clicked on

21-10-2025T22:06:06 - [MESSAGE][PASSED] - Object: 'Object Repository/FIM/Sites Page/Orders/Create Order/CreateOrder_btn' is clicked on

21-10-2025T22:06:06 - [TEST_STEP][PASSED] - delay(1): Delayed 1 second(s)

21-10-2025T22:06:07 - [MESSAGE][PASSED] - Delayed 1 second(s)

21-10-2025T22:06:07 - [TEST_STEP][PASSED] - verifyElementPresent(findTestObject("FIM/Sites Page/Orders/Create Order/Split_Load_Order_toggle"), 10): Object 'Object Repository/FIM/Sites Page/Orders/Create Order/Split_Load_Order_toggle' is present

21-10-2025T22:06:07 - [MESSAGE][PASSED] - Object 'Object Repository/FIM/Sites Page/Orders/Create Order/Split_Load_Order_toggle' is present

21-10-2025T22:06:07 - [TEST_STEP][FAILED] - click(findTestObject("FIM/Sites Page/Orders/Create Order/Split_Load_Order_toggle"), STOP_ON_FAILURE): Unable to click on object 'Object Repository/FIM/Sites Page/Orders/Create Order/Split_Load_Order_toggle' (Root cause: com.kms.katalon.core.exception.StepFailedException: Unable to click on object 'Object Repository/FIM/Sites Page/Orders/Create Order/Split_Load_Order_toggle'
	at com.kms.katalon.core.webui.keyword.internal.WebUIKeywordMain.stepFailed(WebUIKeywordMain.groovy:117)
	at com.kms.katalon.core.webui.keyword.internal.WebUIKeywordMain.runKeyword(WebUIKeywordMain.groovy:43)
	at com.kms.katalon.core.webui.keyword.builtin.ClickKeyword.click(ClickKeyword.groovy:74)
	at com.kms.katalon.core.webui.keyword.builtin.ClickKeyword.execute(ClickKeyword.groovy:40)
	at com.kms.katalon.core.keyword.internal.KeywordExecutor.executeKeywordForPlatform(KeywordExecutor.groovy:74)
	at com.kms.katalon.core.webui.keyword.WebUiBuiltInKeywords.click(WebUiBuiltInKeywords.groovy:647)
	at com.kms.katalon.core.webui.keyword.WebUiBuiltInKeywords$click$10.call(Unknown Source)
	at Verify Split Order Toggle.run(Verify Split Order Toggle:58)
	at com.kms.katalon.core.main.ScriptEngine.run(ScriptEngine.java:194)
	at com.kms.katalon.core.main.ScriptEngine.runScriptAsRawText(ScriptEngine.java:119)
	at com.kms.katalon.core.main.TestCaseExecutor.runScript(TestCaseExecutor.java:448)
	at com.kms.katalon.core.main.TestCaseExecutor.doExecute(TestCaseExecutor.java:439)
	at com.kms.katalon.core.main.TestCaseExecutor.processExecutionPhase(TestCaseExecutor.java:418)
	at com.kms.katalon.core.main.TestCaseExecutor.accessMainPhase(TestCaseExecutor.java:410)
	at com.kms.katalon.core.main.TestCaseExecutor.execute(TestCaseExecutor.java:285)
	at com.kms.katalon.core.common.CommonExecutor.accessTestCaseMainPhase(CommonExecutor.java:65)
	at com.kms.katalon.core.main.TestSuiteExecutor.accessTestSuiteMainPhase(TestSuiteExecutor.java:150)
	at com.kms.katalon.core.main.TestSuiteExecutor.execute(TestSuiteExecutor.java:106)
	at com.kms.katalon.core.main.TestCaseMain.startTestSuite(TestCaseMain.java:180)
	at com.kms.katalon.core.main.TestCaseMain$startTestSuite$0.call(Unknown Source)
	at TempTestSuite1761090815312.run(TempTestSuite1761090815312.groovy:35)
	at java.base/jdk.internal.reflect.NativeMethodAccessorImpl.invoke0(Native Method)
	at java.base/jdk.internal.reflect.NativeMethodAccessorImpl.invoke(NativeMethodAccessorImpl.java:77)
	at java.base/jdk.internal.reflect.DelegatingMethodAccessorImpl.invoke(DelegatingMethodAccessorImpl.java:43)
Caused by: org.openqa.selenium.ElementNotInteractableException: element not interactable
  (Session info: chrome=141.0.7390.122)
Build info: version: '3.141.59', revision: 'unknown', time: 'unknown'
System info: host: 'DC1ADOBLD01', ip: '10.2.20.71', os.name: 'Windows Server 2019', os.arch: 'amd64', os.version: '10.0', java.version: '17.0.7'
Driver info: com.kms.katalon.selenium.driver.CChromeDriver
Capabilities {acceptInsecureCerts: false, browserName: chrome, browserVersion: 141.0.7390.122, chrome: {chromedriverVersion: 141.0.7390.122 (b477534e7e1..., userDataDir: C:\Windows\SystemTemp\scope...}, fedcm:accounts: true, goog:chromeOptions: {debuggerAddress: localhost:58282}, javascriptEnabled: true, networkConnectionEnabled: false, pageLoadStrategy: normal, platform: WINDOWS, platformName: WINDOWS, proxy: Proxy(), setWindowRect: true, strictFileInteractability: false, timeouts: {implicit: 0, pageLoad: 300000, script: 30000}, unhandledPromptBehavior: dismiss and notify, webauthn:extension:credBlob: true, webauthn:extension:largeBlob: true, webauthn:extension:minPinLength: true, webauthn:extension:prf: true, webauthn:virtualAuthenticators: true}
Session ID: ad72aba182860374ee6cbd094eb855f8
	at java.base/jdk.internal.reflect.NativeConstructorAccessorImpl.newInstance0(Native Method)
	at java.base/jdk.internal.reflect.NativeConstructorAccessorImpl.newInstance(NativeConstructorAccessorImpl.java:77)
	at java.base/jdk.internal.reflect.DelegatingConstructorAccessorImpl.newInstance(DelegatingConstructorAccessorImpl.java:45)
	at org.openqa.selenium.remote.http.W3CHttpResponseCodec.createException(W3CHttpResponseCodec.java:187)
	at org.openqa.selenium.remote.http.W3CHttpResponseCodec.decode(W3CHttpResponseCodec.java:122)
	at org.openqa.selenium.remote.http.W3CHttpResponseCodec.decode(W3CHttpResponseCodec.java:49)
	at org.openqa.selenium.remote.HttpCommandExecutor.execute(HttpCommandExecutor.java:158)
	at org.openqa.selenium.remote.service.DriverCommandExecutor.execute(DriverCommandExecutor.java:83)
	at org.openqa.selenium.remote.RemoteWebDriver.execute(RemoteWebDriver.java:552)
	at com.kms.katalon.selenium.driver.CChromeDriver.execute(CChromeDriver.java:19)
	at org.openqa.selenium.remote.RemoteWebElement.execute(RemoteWebElement.java:285)
	at org.openqa.selenium.remote.RemoteWebElement.click(RemoteWebElement.java:84)
	at jdk.internal.reflect.GeneratedMethodAccessor20.invoke(Unknown Source)
	at java.base/jdk.internal.reflect.DelegatingMethodAccessorImpl.invoke(DelegatingMethodAccessorImpl.java:43)
	at org.openqa.selenium.support.events.EventFiringWebDriver$EventFiringWebElement.lambda$new$0(EventFiringWebDriver.java:404)
	at jdk.proxy2/jdk.proxy2.$Proxy27.click(Unknown Source)
	at org.openqa.selenium.support.events.EventFiringWebDriver$EventFiringWebElement.click(EventFiringWebDriver.java:417)
	at org.openqa.selenium.WebElement$click.call(Unknown Source)
	at com.kms.katalon.core.webui.keyword.builtin.ClickKeyword.clickUntilSuccessWithTimeout(ClickKeyword.groovy:81)
	at com.kms.katalon.core.webui.keyword.builtin.ClickKeyword.clickUntilSuccessWithTimeout(ClickKeyword.groovy)
	at jdk.internal.reflect.GeneratedMethodAccessor18.invoke(Unknown Source)
	at java.base/jdk.internal.reflect.DelegatingMethodAccessorImpl.invoke(DelegatingMethodAccessorImpl.java:43)
	at com.kms.katalon.core.webui.keyword.builtin.ClickKeyword$_click_closure1.doCall(ClickKeyword.groovy:67)
	at com.kms.katalon.core.webui.keyword.builtin.ClickKeyword$_click_closure1.call(ClickKeyword.groovy)
	at com.kms.katalon.core.webui.keyword.internal.WebUIKeywordMain.runKeyword(WebUIKeywordMain.groovy:35)
	at com.kms.katalon.core.webui.keyword.builtin.ClickKeyword.click(ClickKeyword.groovy:74)
	at com.kms.katalon.core.webui.keyword.builtin.ClickKeyword.execute(ClickKeyword.groovy:40)
	at com.kms.katalon.core.keyword.internal.KeywordExecutor.executeKeywordForPlatform(KeywordExecutor.groovy:74)
	at com.kms.katalon.core.webui.keyword.WebUiBuiltInKeywords.click(WebUiBuiltInKeywords.groovy:647)
	at com.kms.katalon.core.webui.keyword.WebUiBuiltInKeywords$click$10.call(Unknown Source)
	at Script1755188520057.run(Script1755188520057.groovy:58)
	... 16 more
)

21-10-2025T22:06:07 - [MESSAGE][FAILED] - Unable to click on object 'Object Repository/FIM/Sites Page/Orders/Create Order/Split_Load_Order_toggle' (Root cause: com.kms.katalon.core.exception.StepFailedException: Unable to click on object 'Object Repository/FIM/Sites Page/Orders/Create Order/Split_Load_Order_toggle'
	at com.kms.katalon.core.webui.keyword.internal.WebUIKeywordMain.stepFailed(WebUIKeywordMain.groovy:117)
	at com.kms.katalon.core.webui.keyword.internal.WebUIKeywordMain.runKeyword(WebUIKeywordMain.groovy:43)
	at com.kms.katalon.core.webui.keyword.builtin.ClickKeyword.click(ClickKeyword.groovy:74)
	at com.kms.katalon.core.webui.keyword.builtin.ClickKeyword.execute(ClickKeyword.groovy:40)
	at com.kms.katalon.core.keyword.internal.KeywordExecutor.executeKeywordForPlatform(KeywordExecutor.groovy:74)
	at com.kms.katalon.core.webui.keyword.WebUiBuiltInKeywords.click(WebUiBuiltInKeywords.groovy:647)
	at com.kms.katalon.core.webui.keyword.WebUiBuiltInKeywords$click$10.call(Unknown Source)
	at Verify Split Order Toggle.run(Verify Split Order Toggle:58)
	at com.kms.katalon.core.main.ScriptEngine.run(ScriptEngine.java:194)
	at com.kms.katalon.core.main.ScriptEngine.runScriptAsRawText(ScriptEngine.java:119)
	at com.kms.katalon.core.main.TestCaseExecutor.runScript(TestCaseExecutor.java:448)
	at com.kms.katalon.core.main.TestCaseExecutor.doExecute(TestCaseExecutor.java:439)
	at com.kms.katalon.core.main.TestCaseExecutor.processExecutionPhase(TestCaseExecutor.java:418)
	at com.kms.katalon.core.main.TestCaseExecutor.accessMainPhase(TestCaseExecutor.java:410)
	at com.kms.katalon.core.main.TestCaseExecutor.execute(TestCaseExecutor.java:285)
	at com.kms.katalon.core.common.CommonExecutor.accessTestCaseMainPhase(CommonExecutor.java:65)
	at com.kms.katalon.core.main.TestSuiteExecutor.accessTestSuiteMainPhase(TestSuiteExecutor.java:150)
	at com.kms.katalon.core.main.TestSuiteExecutor.execute(TestSuiteExecutor.java:106)
	at com.kms.katalon.core.main.TestCaseMain.startTestSuite(TestCaseMain.java:180)
	at com.kms.katalon.core.main.TestCaseMain$startTestSuite$0.call(Unknown Source)
	at TempTestSuite1761090815312.run(TempTestSuite1761090815312.groovy:35)
	at java.base/jdk.internal.reflect.NativeMethodAccessorImpl.invoke0(Native Method)
	at java.base/jdk.internal.reflect.NativeMethodAccessorImpl.invoke(NativeMethodAccessorImpl.java:77)
	at java.base/jdk.internal.reflect.DelegatingMethodAccessorImpl.invoke(DelegatingMethodAccessorImpl.java:43)
Caused by: org.openqa.selenium.ElementNotInteractableException: element not interactable
  (Session info: chrome=141.0.7390.122)
Build info: version: '3.141.59', revision: 'unknown', time: 'unknown'
System info: host: 'DC1ADOBLD01', ip: '10.2.20.71', os.name: 'Windows Server 2019', os.arch: 'amd64', os.version: '10.0', java.version: '17.0.7'
Driver info: com.kms.katalon.selenium.driver.CChromeDriver
Capabilities {acceptInsecureCerts: false, browserName: chrome, browserVersion: 141.0.7390.122, chrome: {chromedriverVersion: 141.0.7390.122 (b477534e7e1..., userDataDir: C:\Windows\SystemTemp\scope...}, fedcm:accounts: true, goog:chromeOptions: {debuggerAddress: localhost:58282}, javascriptEnabled: true, networkConnectionEnabled: false, pageLoadStrategy: normal, platform: WINDOWS, platformName: WINDOWS, proxy: Proxy(), setWindowRect: true, strictFileInteractability: false, timeouts: {implicit: 0, pageLoad: 300000, script: 30000}, unhandledPromptBehavior: dismiss and notify, webauthn:extension:credBlob: true, webauthn:extension:largeBlob: true, webauthn:extension:minPinLength: true, webauthn:extension:prf: true, webauthn:virtualAuthenticators: true}
Session ID: ad72aba182860374ee6cbd094eb855f8
	at java.base/jdk.internal.reflect.NativeConstructorAccessorImpl.newInstance0(Native Method)
	at java.base/jdk.internal.reflect.NativeConstructorAccessorImpl.newInstance(NativeConstructorAccessorImpl.java:77)
	at java.base/jdk.internal.reflect.DelegatingConstructorAccessorImpl.newInstance(DelegatingConstructorAccessorImpl.java:45)
	at org.openqa.selenium.remote.http.W3CHttpResponseCodec.createException(W3CHttpResponseCodec.java:187)
	at org.openqa.selenium.remote.http.W3CHttpResponseCodec.decode(W3CHttpResponseCodec.java:122)
	at org.openqa.selenium.remote.http.W3CHttpResponseCodec.decode(W3CHttpResponseCodec.java:49)
	at org.openqa.selenium.remote.HttpCommandExecutor.execute(HttpCommandExecutor.java:158)
	at org.openqa.selenium.remote.service.DriverCommandExecutor.execute(DriverCommandExecutor.java:83)
	at org.openqa.selenium.remote.RemoteWebDriver.execute(RemoteWebDriver.java:552)
	at com.kms.katalon.selenium.driver.CChromeDriver.execute(CChromeDriver.java:19)
	at org.openqa.selenium.remote.RemoteWebElement.execute(RemoteWebElement.java:285)
	at org.openqa.selenium.remote.RemoteWebElement.click(RemoteWebElement.java:84)
	at jdk.internal.reflect.GeneratedMethodAccessor20.invoke(Unknown Source)
	at java.base/jdk.internal.reflect.DelegatingMethodAccessorImpl.invoke(DelegatingMethodAccessorImpl.java:43)
	at org.openqa.selenium.support.events.EventFiringWebDriver$EventFiringWebElement.lambda$new$0(EventFiringWebDriver.java:404)
	at jdk.proxy2/jdk.proxy2.$Proxy27.click(Unknown Source)
	at org.openqa.selenium.support.events.EventFiringWebDriver$EventFiringWebElement.click(EventFiringWebDriver.java:417)
	at org.openqa.selenium.WebElement$click.call(Unknown Source)
	at com.kms.katalon.core.webui.keyword.builtin.ClickKeyword.clickUntilSuccessWithTimeout(ClickKeyword.groovy:81)
	at com.kms.katalon.core.webui.keyword.builtin.ClickKeyword.clickUntilSuccessWithTimeout(ClickKeyword.groovy)
	at jdk.internal.reflect.GeneratedMethodAccessor18.invoke(Unknown Source)
	at java.base/jdk.internal.reflect.DelegatingMethodAccessorImpl.invoke(DelegatingMethodAccessorImpl.java:43)
	at com.kms.katalon.core.webui.keyword.builtin.ClickKeyword$_click_closure1.doCall(ClickKeyword.groovy:67)
	at com.kms.katalon.core.webui.keyword.builtin.ClickKeyword$_click_closure1.call(ClickKeyword.groovy)
	at com.kms.katalon.core.webui.keyword.internal.WebUIKeywordMain.runKeyword(WebUIKeywordMain.groovy:35)
	at com.kms.katalon.core.webui.keyword.builtin.ClickKeyword.click(ClickKeyword.groovy:74)
	at com.kms.katalon.core.webui.keyword.builtin.ClickKeyword.execute(ClickKeyword.groovy:40)
	at com.kms.katalon.core.keyword.internal.KeywordExecutor.executeKeywordForPlatform(KeywordExecutor.groovy:74)
	at com.kms.katalon.core.webui.keyword.WebUiBuiltInKeywords.click(WebUiBuiltInKeywords.groovy:647)
	at com.kms.katalon.core.webui.keyword.WebUiBuiltInKeywords$click$10.call(Unknown Source)
	at Script1755188520057.run(Script1755188520057.groovy:58)
	... 16 more
)

21-10-2025T22:06:07 - [TEST_STEP][PASSED] - Start listener action : retryOnDisconnect: Current window's url is: 'https://kag-inventory-management-portal.qa.thekag.com/site/AFM39?cg=-1&r&i=AllConsignees&sorted=false'

21-10-2025T22:06:07 - [TEST_STEP][PASSED] - tcId = testCaseContext.getTestCaseId(): null

21-10-2025T22:06:07 - [TEST_STEP][PASSED] - currentRetry = retryCounts.getOrDefault(tcId, 0): null

21-10-2025T22:06:07 - [TEST_STEP][PASSED] - if (testCaseContext.getTestCaseStatus() == "FAILED" && currentRetry < MAX_RETRIES): Current window's url is: 'https://kag-inventory-management-portal.qa.thekag.com/site/AFM39?cg=-1&r&i=AllConsignees&sorted=false'

21-10-2025T22:06:07 - [TEST_STEP][PASSED] - try: Current window's url is: 'https://kag-inventory-management-portal.qa.thekag.com/site/AFM39?cg=-1&r&i=AllConsignees&sorted=false'

21-10-2025T22:06:07 - [TEST_STEP][PASSED] - comment(Checking for WebDriver disconnect for test case: $tcId): Checking for WebDriver disconnect for test case: Test Cases/FIM/UI/Kenan/Admin/Sites Page/Orders/Verify Split Order Toggle

21-10-2025T22:06:07 - [MESSAGE][INFO] - Checking for WebDriver disconnect for test case: Test Cases/FIM/UI/Kenan/Admin/Sites Page/Orders/Verify Split Order Toggle

21-10-2025T22:06:07 - [TEST_STEP][PASSED] - getUrl(): Current window's url is: 'https://kag-inventory-management-portal.qa.thekag.com/site/AFM39?cg=-1&r&i=AllConsignees&sorted=false'

21-10-2025T22:06:07 - [MESSAGE][PASSED] - Current window's url is: 'https://kag-inventory-management-portal.qa.thekag.com/site/AFM39?cg=-1&r&i=AllConsignees&sorted=false']]></system-out>
         <system-err><![CDATA[21-10-2025T22:05:13 - [TEST_CASE][FAILED] - Test Cases/FIM/UI/Kenan/Admin/Sites Page/Orders/Verify Split Order Toggle: Test Cases/FIM/UI/Kenan/Admin/Sites Page/Orders/Verify Split Order Toggle FAILED.
Reason:
com.kms.katalon.core.exception.StepFailedException: Unable to click on object 'Object Repository/FIM/Sites Page/Orders/Create Order/Split_Load_Order_toggle'
	at com.kms.katalon.core.webui.keyword.internal.WebUIKeywordMain.stepFailed(WebUIKeywordMain.groovy:117)
	at com.kms.katalon.core.webui.keyword.internal.WebUIKeywordMain.runKeyword(WebUIKeywordMain.groovy:43)
	at com.kms.katalon.core.webui.keyword.builtin.ClickKeyword.click(ClickKeyword.groovy:74)
	at com.kms.katalon.core.webui.keyword.builtin.ClickKeyword.execute(ClickKeyword.groovy:40)
	at com.kms.katalon.core.keyword.internal.KeywordExecutor.executeKeywordForPlatform(KeywordExecutor.groovy:74)
	at com.kms.katalon.core.webui.keyword.WebUiBuiltInKeywords.click(WebUiBuiltInKeywords.groovy:647)
	at com.kms.katalon.core.webui.keyword.WebUiBuiltInKeywords$click$10.call(Unknown Source)
	at Verify Split Order Toggle.run(Verify Split Order Toggle:58)
	at com.kms.katalon.core.main.ScriptEngine.run(ScriptEngine.java:194)
	at com.kms.katalon.core.main.ScriptEngine.runScriptAsRawText(ScriptEngine.java:119)
	at com.kms.katalon.core.main.TestCaseExecutor.runScript(TestCaseExecutor.java:448)
	at com.kms.katalon.core.main.TestCaseExecutor.doExecute(TestCaseExecutor.java:439)
	at com.kms.katalon.core.main.TestCaseExecutor.processExecutionPhase(TestCaseExecutor.java:418)
	at com.kms.katalon.core.main.TestCaseExecutor.accessMainPhase(TestCaseExecutor.java:410)
	at com.kms.katalon.core.main.TestCaseExecutor.execute(TestCaseExecutor.java:285)
	at com.kms.katalon.core.common.CommonExecutor.accessTestCaseMainPhase(CommonExecutor.java:65)
	at com.kms.katalon.core.main.TestSuiteExecutor.accessTestSuiteMainPhase(TestSuiteExecutor.java:150)
	at com.kms.katalon.core.main.TestSuiteExecutor.execute(TestSuiteExecutor.java:106)
	at com.kms.katalon.core.main.TestCaseMain.startTestSuite(TestCaseMain.java:180)
	at com.kms.katalon.core.main.TestCaseMain$startTestSuite$0.call(Unknown Source)
	at TempTestSuite1761090815312.run(TempTestSuite1761090815312.groovy:35)
	at java.base/jdk.internal.reflect.NativeMethodAccessorImpl.invoke0(Native Method)
	at java.base/jdk.internal.reflect.NativeMethodAccessorImpl.invoke(NativeMethodAccessorImpl.java:77)
	at java.base/jdk.internal.reflect.DelegatingMethodAccessorImpl.invoke(DelegatingMethodAccessorImpl.java:43)
Caused by: org.openqa.selenium.ElementNotInteractableException: element not interactable
  (Session info: chrome=141.0.7390.122)
Build info: version: '3.141.59', revision: 'unknown', time: 'unknown'
System info: host: 'DC1ADOBLD01', ip: '10.2.20.71', os.name: 'Windows Server 2019', os.arch: 'amd64', os.version: '10.0', java.version: '17.0.7'
Driver info: com.kms.katalon.selenium.driver.CChromeDriver
Capabilities {acceptInsecureCerts: false, browserName: chrome, browserVersion: 141.0.7390.122, chrome: {chromedriverVersion: 141.0.7390.122 (b477534e7e1..., userDataDir: C:\Windows\SystemTemp\scope...}, fedcm:accounts: true, goog:chromeOptions: {debuggerAddress: localhost:58282}, javascriptEnabled: true, networkConnectionEnabled: false, pageLoadStrategy: normal, platform: WINDOWS, platformName: WINDOWS, proxy: Proxy(), setWindowRect: true, strictFileInteractability: false, timeouts: {implicit: 0, pageLoad: 300000, script: 30000}, unhandledPromptBehavior: dismiss and notify, webauthn:extension:credBlob: true, webauthn:extension:largeBlob: true, webauthn:extension:minPinLength: true, webauthn:extension:prf: true, webauthn:virtualAuthenticators: true}
Session ID: ad72aba182860374ee6cbd094eb855f8
	at java.base/jdk.internal.reflect.NativeConstructorAccessorImpl.newInstance0(Native Method)
	at java.base/jdk.internal.reflect.NativeConstructorAccessorImpl.newInstance(NativeConstructorAccessorImpl.java:77)
	at java.base/jdk.internal.reflect.DelegatingConstructorAccessorImpl.newInstance(DelegatingConstructorAccessorImpl.java:45)
	at org.openqa.selenium.remote.http.W3CHttpResponseCodec.createException(W3CHttpResponseCodec.java:187)
	at org.openqa.selenium.remote.http.W3CHttpResponseCodec.decode(W3CHttpResponseCodec.java:122)
	at org.openqa.selenium.remote.http.W3CHttpResponseCodec.decode(W3CHttpResponseCodec.java:49)
	at org.openqa.selenium.remote.HttpCommandExecutor.execute(HttpCommandExecutor.java:158)
	at org.openqa.selenium.remote.service.DriverCommandExecutor.execute(DriverCommandExecutor.java:83)
	at org.openqa.selenium.remote.RemoteWebDriver.execute(RemoteWebDriver.java:552)
	at com.kms.katalon.selenium.driver.CChromeDriver.execute(CChromeDriver.java:19)
	at org.openqa.selenium.remote.RemoteWebElement.execute(RemoteWebElement.java:285)
	at org.openqa.selenium.remote.RemoteWebElement.click(RemoteWebElement.java:84)
	at jdk.internal.reflect.GeneratedMethodAccessor20.invoke(Unknown Source)
	at java.base/jdk.internal.reflect.DelegatingMethodAccessorImpl.invoke(DelegatingMethodAccessorImpl.java:43)
	at org.openqa.selenium.support.events.EventFiringWebDriver$EventFiringWebElement.lambda$new$0(EventFiringWebDriver.java:404)
	at jdk.proxy2/jdk.proxy2.$Proxy27.click(Unknown Source)
	at org.openqa.selenium.support.events.EventFiringWebDriver$EventFiringWebElement.click(EventFiringWebDriver.java:417)
	at org.openqa.selenium.WebElement$click.call(Unknown Source)
	at com.kms.katalon.core.webui.keyword.builtin.ClickKeyword.clickUntilSuccessWithTimeout(ClickKeyword.groovy:81)
	at com.kms.katalon.core.webui.keyword.builtin.ClickKeyword.clickUntilSuccessWithTimeout(ClickKeyword.groovy)
	at jdk.internal.reflect.GeneratedMethodAccessor18.invoke(Unknown Source)
	at java.base/jdk.internal.reflect.DelegatingMethodAccessorImpl.invoke(DelegatingMethodAccessorImpl.java:43)
	at com.kms.katalon.core.webui.keyword.builtin.ClickKeyword$_click_closure1.doCall(ClickKeyword.groovy:67)
	at com.kms.katalon.core.webui.keyword.builtin.ClickKeyword$_click_closure1.call(ClickKeyword.groovy)
	at com.kms.katalon.core.webui.keyword.internal.WebUIKeywordMain.runKeyword(WebUIKeywordMain.groovy:35)
	... 22 more]]></system-err>
      </testcase>
      <system-out><![CDATA[21-10-2025T21:49:15 - [TEST_SUITE][FAILED] - KAG Admin - Orders: Test Cases/FIM/UI/Kenan/Admin/Sites Page/Orders/Export Order FAILED.
Reason:
com.kms.katalon.core.exception.StepFailedException: Verify element text of test object 'Object Repository/FIM/Sites Page/Orders/Create Order/Order Creation Message' FAILED.
	at com.kms.katalon.core.webui.keyword.internal.WebUIKeywordMain.stepFailed(WebUIKeywordMain.groovy:117)
	at com.kms.katalon.core.webui.keyword.internal.WebUIKeywordMain.runKeyword(WebUIKeywordMain.groovy:43)
	at com.kms.katalon.core.webui.keyword.builtin.VerifyElementTextKeyword.verifyElementText(VerifyElementTextKeyword.groovy:72)
	at com.kms.katalon.core.webui.keyword.builtin.VerifyElementTextKeyword.execute(VerifyElementTextKeyword.groovy:40)
	at com.kms.katalon.core.keyword.internal.KeywordExecutor.executeKeywordForPlatform(KeywordExecutor.groovy:74)
	at com.kms.katalon.core.webui.keyword.WebUiBuiltInKeywords.verifyElementText(WebUiBuiltInKeywords.groovy:4819)
	at com.kms.katalon.core.webui.keyword.WebUiBuiltInKeywords$verifyElementText$18.call(Unknown Source)
	at Export Order.run(Export Order:44)
	at com.kms.katalon.core.main.ScriptEngine.run(ScriptEngine.java:194)
	at com.kms.katalon.core.main.ScriptEngine.runScriptAsRawText(ScriptEngine.java:119)
	at com.kms.katalon.core.main.TestCaseExecutor.runScript(TestCaseExecutor.java:448)
	at com.kms.katalon.core.main.TestCaseExecutor.doExecute(TestCaseExecutor.java:439)
	at com.kms.katalon.core.main.TestCaseExecutor.processExecutionPhase(TestCaseExecutor.java:418)
	at com.kms.katalon.core.main.TestCaseExecutor.accessMainPhase(TestCaseExecutor.java:410)
	at com.kms.katalon.core.main.TestCaseExecutor.execute(TestCaseExecutor.java:285)
	at com.kms.katalon.core.common.CommonExecutor.accessTestCaseMainPhase(CommonExecutor.java:65)
	at com.kms.katalon.core.main.TestSuiteExecutor.accessTestSuiteMainPhase(TestSuiteExecutor.java:150)
	at com.kms.katalon.core.main.TestSuiteExecutor.execute(TestSuiteExecutor.java:106)
	at com.kms.katalon.core.main.TestCaseMain.startTestSuite(TestCaseMain.java:180)
	at com.kms.katalon.core.main.TestCaseMain$startTestSuite$0.call(Unknown Source)
	at TempTestSuite1761090815312.run(TempTestSuite1761090815312.groovy:35)
	at java.base/jdk.internal.reflect.NativeMethodAccessorImpl.invoke0(Native Method)
	at java.base/jdk.internal.reflect.NativeMethodAccessorImpl.invoke(NativeMethodAccessorImpl.java:77)
	at java.base/jdk.internal.reflect.DelegatingMethodAccessorImpl.invoke(DelegatingMethodAccessorImpl.java:43)
Caused by: com.kms.katalon.core.exception.StepFailedException: com.kms.katalon.core.webui.exception.WebElementNotFoundException: Web element with id: 'Object Repository/FIM/Sites Page/Orders/Create Order/Order Creation Message' located by '/html/body/div[2]/div/div/div/div' not found
	at com.kms.katalon.core.webui.keyword.internal.WebUIKeywordMain.stepFailed(WebUIKeywordMain.groovy:117)
	at com.kms.katalon.core.webui.keyword.builtin.VerifyElementTextKeyword$_verifyElementText_closure1.doCall(VerifyElementTextKeyword.groovy:64)
	at com.kms.katalon.core.webui.keyword.builtin.VerifyElementTextKeyword$_verifyElementText_closure1.call(VerifyElementTextKeyword.groovy)
	at com.kms.katalon.core.webui.keyword.internal.WebUIKeywordMain.runKeyword(WebUIKeywordMain.groovy:35)
	... 22 more]]></system-out>
      <system-err><![CDATA[21-10-2025T21:49:15 - [TEST_SUITE][FAILED] - KAG Admin - Orders: Test Cases/FIM/UI/Kenan/Admin/Sites Page/Orders/Export Order FAILED.
Reason:
com.kms.katalon.core.exception.StepFailedException: Verify element text of test object 'Object Repository/FIM/Sites Page/Orders/Create Order/Order Creation Message' FAILED.
	at com.kms.katalon.core.webui.keyword.internal.WebUIKeywordMain.stepFailed(WebUIKeywordMain.groovy:117)
	at com.kms.katalon.core.webui.keyword.internal.WebUIKeywordMain.runKeyword(WebUIKeywordMain.groovy:43)
	at com.kms.katalon.core.webui.keyword.builtin.VerifyElementTextKeyword.verifyElementText(VerifyElementTextKeyword.groovy:72)
	at com.kms.katalon.core.webui.keyword.builtin.VerifyElementTextKeyword.execute(VerifyElementTextKeyword.groovy:40)
	at com.kms.katalon.core.keyword.internal.KeywordExecutor.executeKeywordForPlatform(KeywordExecutor.groovy:74)
	at com.kms.katalon.core.webui.keyword.WebUiBuiltInKeywords.verifyElementText(WebUiBuiltInKeywords.groovy:4819)
	at com.kms.katalon.core.webui.keyword.WebUiBuiltInKeywords$verifyElementText$18.call(Unknown Source)
	at Export Order.run(Export Order:44)
	at com.kms.katalon.core.main.ScriptEngine.run(ScriptEngine.java:194)
	at com.kms.katalon.core.main.ScriptEngine.runScriptAsRawText(ScriptEngine.java:119)
	at com.kms.katalon.core.main.TestCaseExecutor.runScript(TestCaseExecutor.java:448)
	at com.kms.katalon.core.main.TestCaseExecutor.doExecute(TestCaseExecutor.java:439)
	at com.kms.katalon.core.main.TestCaseExecutor.processExecutionPhase(TestCaseExecutor.java:418)
	at com.kms.katalon.core.main.TestCaseExecutor.accessMainPhase(TestCaseExecutor.java:410)
	at com.kms.katalon.core.main.TestCaseExecutor.execute(TestCaseExecutor.java:285)
	at com.kms.katalon.core.common.CommonExecutor.accessTestCaseMainPhase(CommonExecutor.java:65)
	at com.kms.katalon.core.main.TestSuiteExecutor.accessTestSuiteMainPhase(TestSuiteExecutor.java:150)
	at com.kms.katalon.core.main.TestSuiteExecutor.execute(TestSuiteExecutor.java:106)
	at com.kms.katalon.core.main.TestCaseMain.startTestSuite(TestCaseMain.java:180)
	at com.kms.katalon.core.main.TestCaseMain$startTestSuite$0.call(Unknown Source)
	at TempTestSuite1761090815312.run(TempTestSuite1761090815312.groovy:35)
	at java.base/jdk.internal.reflect.NativeMethodAccessorImpl.invoke0(Native Method)
	at java.base/jdk.internal.reflect.NativeMethodAccessorImpl.invoke(NativeMethodAccessorImpl.java:77)
	at java.base/jdk.internal.reflect.DelegatingMethodAccessorImpl.invoke(DelegatingMethodAccessorImpl.java:43)
Caused by: com.kms.katalon.core.exception.StepFailedException: com.kms.katalon.core.webui.exception.WebElementNotFoundException: Web element with id: 'Object Repository/FIM/Sites Page/Orders/Create Order/Order Creation Message' located by '/html/body/div[2]/div/div/div/div' not found
	at com.kms.katalon.core.webui.keyword.internal.WebUIKeywordMain.stepFailed(WebUIKeywordMain.groovy:117)
	at com.kms.katalon.core.webui.keyword.builtin.VerifyElementTextKeyword$_verifyElementText_closure1.doCall(VerifyElementTextKeyword.groovy:64)
	at com.kms.katalon.core.webui.keyword.builtin.VerifyElementTextKeyword$_verifyElementText_closure1.call(VerifyElementTextKeyword.groovy)
	at com.kms.katalon.core.webui.keyword.internal.WebUIKeywordMain.runKeyword(WebUIKeywordMain.groovy:35)
	... 22 more]]></system-err>
   </testsuite>
</testsuites>
