<?xml version="1.0" encoding="UTF-8"?>
<testsuites name="FDG - TripFocus - UserPage" time="2345.995" tests="34" failures="0" errors="0">
   <testsuite name="FDG - TripFocus - UserPage" tests="34" failures="0" errors="0" time="2345.995" skipped="0" timestamp="22-10-2025T10:05:19" hostname="DC1ADOBLD01$ - DC1ADOBLD01.thekag.com" id="Test Suites/TripFocus/FDG/FDG - TripFocus - UserPage">
      <properties>
         <property name="deviceName" value=""/>
         <property name="devicePlatform"/>
         <property name="logFolder" value="D:\\ADOagent\\vsts-agent-win-x64-2.217.2\\_work\\944\\s\\Reports\\20251022_091709\\TripFocus\\FDG\\FDG - TripFocus - UserPage\\20251022_091750"/>
         <property name="logFiles" value="D:\\ADOagent\\vsts-agent-win-x64-2.217.2\\_work\\944\\s\\Reports\\20251022_091709\\TripFocus\\FDG\\FDG - TripFocus - UserPage\\20251022_091750\\execution0.log"/>
         <property name="attachments" value=""/>
         <property name="hostName" value="DC1ADOBLD01$ - DC1ADOBLD01.thekag.com"/>
         <property name="os" value="Windows Server 2019 64bit"/>
         <property name="katalonVersion" value="9.7.5.223"/>
         <property name="browser" value="Chrome 141.0.0.0"/>
         <property name="hostAddress" value="10.2.20.71"/>
         <property name="sessionId" value="e49eb6cd5118a0ac97df668dd4dc7a54"/>
         <property name="seleniumVersion" value="3.141.59"/>
         <property name="proxyInformation" value="ProxyInformation { proxyOption=NO_PROXY, proxyServerType=HTTP, username=, password=********, proxyServerAddress=, proxyServerPort=0, executionList=&quot;&quot;, isApplyToDesiredCapabilities=true }"/>
         <property name="platform" value="Windows Server 2019"/>
      </properties>
      <testcase name="Test Cases/TripFocus/FDG/FDG - UserPage/Create/Creating New FDG Customer Admin User" time="59.878" classname="Test Cases/TripFocus/FDG/FDG - UserPage/Create/Creating New FDG Customer Admin User" status="PASSED">
         <system-out><![CDATA[22-10-2025T10:05:19 - [TEST_CASE][PASSED] - Test Cases/TripFocus/FDG/FDG - UserPage/Create/Creating New FDG Customer Admin User: Test Cases/TripFocus/FDG/FDG - UserPage/Create/Creating New FDG Customer Admin User

22-10-2025T10:05:19 - [TEST_STEP][PASSED] - Start listener action : beforeTestCase: null

22-10-2025T10:05:19 - [TEST_STEP][PASSED] - addDefaultPackages(): null

22-10-2025T10:05:20 - [TEST_STEP][PASSED] - openBrowser(""): Browser is opened with url: ''

22-10-2025T10:05:20 - [MESSAGE][INFO] - Starting 'Chrome' driver

22-10-2025T10:05:20 - [MESSAGE][INFO] - User set preference: ['args', '[--no-sandbox, --disable-gpu, --disable-dev-shm-usage]']

22-10-2025T10:05:20 - [MESSAGE][INFO] - Action delay is set to 0 milliseconds

22-10-2025T10:05:22 - [MESSAGE][PASSED] - Browser is opened with url: ''

22-10-2025T10:05:22 - [TEST_STEP][PASSED] - navigateToUrl(TFBaseURL): Navigate to 'https://www.qa.tripfocus.com' successfully

22-10-2025T10:05:24 - [MESSAGE][PASSED] - Navigate to 'https://www.qa.tripfocus.com' successfully

22-10-2025T10:05:24 - [TEST_STEP][PASSED] - click(findTestObject("Object Repository/TripFocus/Page_TripFocus/button_Sign in")): Object: 'Object Repository/TripFocus/Page_TripFocus/button_Sign in' is clicked on

22-10-2025T10:05:25 - [MESSAGE][PASSED] - Object: 'Object Repository/TripFocus/Page_TripFocus/button_Sign in' is clicked on

22-10-2025T10:05:25 - [TEST_STEP][PASSED] - setText(findTestObject("Object Repository/TripFocus/Page_TripFocus/input_Username (e.g. email address)_Username"), TripFocusFDGUsername): Text 'Ashford.Chenault+QACustomerFDGONLY@thekag.com' is set on object 'Object Repository/TripFocus/Page_TripFocus/input_Username (e.g. email address)_Username'

22-10-2025T10:05:25 - [MESSAGE][PASSED] - Text 'Ashford.Chenault+QACustomerFDGONLY@thekag.com' is set on object 'Object Repository/TripFocus/Page_TripFocus/input_Username (e.g. email address)_Username'

22-10-2025T10:05:25 - [TEST_STEP][PASSED] - setText(findTestObject("Object Repository/TripFocus/Page_TripFocus/input_Password_Password"), TripFocusFDGSPGPassword): Text 'CrashBan911!!' is set on object 'Object Repository/TripFocus/Page_TripFocus/input_Password_Password'

22-10-2025T10:05:25 - [MESSAGE][PASSED] - Text 'CrashBan911!!' is set on object 'Object Repository/TripFocus/Page_TripFocus/input_Password_Password'

22-10-2025T10:05:25 - [TEST_STEP][PASSED] - click(findTestObject("Object Repository/TripFocus/Page_TripFocus/button_Login")): Object: 'Object Repository/TripFocus/Page_TripFocus/button_Login' is clicked on

22-10-2025T10:05:26 - [MESSAGE][PASSED] - Object: 'Object Repository/TripFocus/Page_TripFocus/button_Login' is clicked on

22-10-2025T10:05:26 - [TEST_STEP][PASSED] - maximizeWindow(): Current window maximized

22-10-2025T10:05:26 - [MESSAGE][PASSED] - Current window maximized

22-10-2025T10:05:26 - [TEST_STEP][PASSED] - waitForElementVisible(findTestObject("TripFocus/Testing_Notification_btn"), 15, OPTIONAL): Web element with id: 'Object Repository/TripFocus/Testing_Notification_btn' located by '//*[@id="__BVID__10___BV_modal_footer_"]/button' not found

22-10-2025T10:05:42 - [MESSAGE][INFO] - Unable to find the element located by 'By.xpath: //*[@id="__BVID__10___BV_modal_footer_"]/button'. Please recheck the objects properties to make sure the desired element is located. 

22-10-2025T10:05:42 - [MESSAGE][WARNING] - [SELF-HEALING] Failed to find element with id 'Object Repository/TripFocus/Testing_Notification_btn'. Try using Self-healing.

22-10-2025T10:05:43 - [MESSAGE][INFO] - [SELF-HEALING] No working XPath is found.

22-10-2025T10:05:45 - [MESSAGE][INFO] - Unable to find the element located by 'By.xpath: '. Please recheck the objects properties to make sure the desired element is located. 

22-10-2025T10:05:45 - [MESSAGE][WARNING] - [SELF-HEALING] Cannot find elements when the selector is null

22-10-2025T10:05:45 - [MESSAGE][WARNING] - Web element with id: 'Object Repository/TripFocus/Testing_Notification_btn' located by '//*[@id="__BVID__10___BV_modal_footer_"]/button' not found

22-10-2025T10:05:45 - [TEST_STEP][PASSED] - if (verifyElementVisible(findTestObject("TripFocus/Testing_Notification_btn"), OPTIONAL) == true): Web element with id: 'Object Repository/TripFocus/Testing_Notification_btn' located by '//*[@id="__BVID__10___BV_modal_footer_"]/button' not found (Root cause: com.kms.katalon.core.exception.StepFailedException: Web element with id: 'Object Repository/TripFocus/Testing_Notification_btn' located by '//*[@id="__BVID__10___BV_modal_footer_"]/button' not found
	at com.kms.katalon.core.webui.keyword.internal.WebUIKeywordMain.stepFailed(WebUIKeywordMain.groovy:117)
	at com.kms.katalon.core.webui.keyword.builtin.VerifyElementVisibleKeyword$_verifyElementVisible_closure1.doCall(VerifyElementVisibleKeyword.groovy:89)
	at com.kms.katalon.core.webui.keyword.builtin.VerifyElementVisibleKeyword$_verifyElementVisible_closure1.call(VerifyElementVisibleKeyword.groovy)
	at com.kms.katalon.core.webui.keyword.internal.WebUIKeywordMain.runKeyword(WebUIKeywordMain.groovy:35)
	at com.kms.katalon.core.webui.keyword.builtin.VerifyElementVisibleKeyword.verifyElementVisible(VerifyElementVisibleKeyword.groovy:97)
	at com.kms.katalon.core.webui.keyword.builtin.VerifyElementVisibleKeyword.execute(VerifyElementVisibleKeyword.groovy:67)
	at com.kms.katalon.core.keyword.internal.KeywordExecutor.executeKeywordForPlatform(KeywordExecutor.groovy:74)
	at com.kms.katalon.core.webui.keyword.WebUiBuiltInKeywords.verifyElementVisible(WebUiBuiltInKeywords.groovy:401)
	at com.kms.katalon.core.webui.keyword.WebUiBuiltInKeywords$verifyElementVisible$5.call(Unknown Source)
	at Creating New FDG Customer Admin User.run(Creating New FDG Customer Admin User:38)
	at com.kms.katalon.core.main.ScriptEngine.run(ScriptEngine.java:194)
	at com.kms.katalon.core.main.ScriptEngine.runScriptAsRawText(ScriptEngine.java:119)
	at com.kms.katalon.core.main.TestCaseExecutor.runScript(TestCaseExecutor.java:448)
	at com.kms.katalon.core.main.TestCaseExecutor.doExecute(TestCaseExecutor.java:439)
	at com.kms.katalon.core.main.TestCaseExecutor.processExecutionPhase(TestCaseExecutor.java:418)
	at com.kms.katalon.core.main.TestCaseExecutor.accessMainPhase(TestCaseExecutor.java:410)
	at com.kms.katalon.core.main.TestCaseExecutor.execute(TestCaseExecutor.java:285)
	at com.kms.katalon.core.common.CommonExecutor.accessTestCaseMainPhase(CommonExecutor.java:65)
	at com.kms.katalon.core.main.TestSuiteExecutor.accessTestSuiteMainPhase(TestSuiteExecutor.java:150)
	at com.kms.katalon.core.main.TestSuiteExecutor.execute(TestSuiteExecutor.java:106)
	at com.kms.katalon.core.main.TestCaseMain.startTestSuite(TestCaseMain.java:180)
	at com.kms.katalon.core.main.TestCaseMain$startTestSuite$0.call(Unknown Source)
	at TempTestSuite1761139070913.run(TempTestSuite1761139070913.groovy:35)
	at java.base/jdk.internal.reflect.NativeMethodAccessorImpl.invoke0(Native Method)
	at java.base/jdk.internal.reflect.NativeMethodAccessorImpl.invoke(NativeMethodAccessorImpl.java:77)
	at java.base/jdk.internal.reflect.DelegatingMethodAccessorImpl.invoke(DelegatingMethodAccessorImpl.java:43)
)

22-10-2025T10:06:01 - [MESSAGE][INFO] - Unable to find the element located by 'By.xpath: //*[@id="__BVID__10___BV_modal_footer_"]/button'. Please recheck the objects properties to make sure the desired element is located. 

22-10-2025T10:06:01 - [MESSAGE][WARNING] - [SELF-HEALING] Failed to find element with id 'Object Repository/TripFocus/Testing_Notification_btn'. Try using Self-healing.

22-10-2025T10:06:02 - [MESSAGE][INFO] - [SELF-HEALING] No working XPath is found.

22-10-2025T10:06:04 - [MESSAGE][INFO] - Unable to find the element located by 'By.xpath: '. Please recheck the objects properties to make sure the desired element is located. 

22-10-2025T10:06:04 - [MESSAGE][WARNING] - [SELF-HEALING] Cannot find elements when the selector is null

22-10-2025T10:06:04 - [MESSAGE][WARNING] - Web element with id: 'Object Repository/TripFocus/Testing_Notification_btn' located by '//*[@id="__BVID__10___BV_modal_footer_"]/button' not found (Root cause: com.kms.katalon.core.exception.StepFailedException: Web element with id: 'Object Repository/TripFocus/Testing_Notification_btn' located by '//*[@id="__BVID__10___BV_modal_footer_"]/button' not found
	at com.kms.katalon.core.webui.keyword.internal.WebUIKeywordMain.stepFailed(WebUIKeywordMain.groovy:117)
	at com.kms.katalon.core.webui.keyword.builtin.VerifyElementVisibleKeyword$_verifyElementVisible_closure1.doCall(VerifyElementVisibleKeyword.groovy:89)
	at com.kms.katalon.core.webui.keyword.builtin.VerifyElementVisibleKeyword$_verifyElementVisible_closure1.call(VerifyElementVisibleKeyword.groovy)
	at com.kms.katalon.core.webui.keyword.internal.WebUIKeywordMain.runKeyword(WebUIKeywordMain.groovy:35)
	at com.kms.katalon.core.webui.keyword.builtin.VerifyElementVisibleKeyword.verifyElementVisible(VerifyElementVisibleKeyword.groovy:97)
	at com.kms.katalon.core.webui.keyword.builtin.VerifyElementVisibleKeyword.execute(VerifyElementVisibleKeyword.groovy:67)
	at com.kms.katalon.core.keyword.internal.KeywordExecutor.executeKeywordForPlatform(KeywordExecutor.groovy:74)
	at com.kms.katalon.core.webui.keyword.WebUiBuiltInKeywords.verifyElementVisible(WebUiBuiltInKeywords.groovy:401)
	at com.kms.katalon.core.webui.keyword.WebUiBuiltInKeywords$verifyElementVisible$5.call(Unknown Source)
	at Creating New FDG Customer Admin User.run(Creating New FDG Customer Admin User:38)
	at com.kms.katalon.core.main.ScriptEngine.run(ScriptEngine.java:194)
	at com.kms.katalon.core.main.ScriptEngine.runScriptAsRawText(ScriptEngine.java:119)
	at com.kms.katalon.core.main.TestCaseExecutor.runScript(TestCaseExecutor.java:448)
	at com.kms.katalon.core.main.TestCaseExecutor.doExecute(TestCaseExecutor.java:439)
	at com.kms.katalon.core.main.TestCaseExecutor.processExecutionPhase(TestCaseExecutor.java:418)
	at com.kms.katalon.core.main.TestCaseExecutor.accessMainPhase(TestCaseExecutor.java:410)
	at com.kms.katalon.core.main.TestCaseExecutor.execute(TestCaseExecutor.java:285)
	at com.kms.katalon.core.common.CommonExecutor.accessTestCaseMainPhase(CommonExecutor.java:65)
	at com.kms.katalon.core.main.TestSuiteExecutor.accessTestSuiteMainPhase(TestSuiteExecutor.java:150)
	at com.kms.katalon.core.main.TestSuiteExecutor.execute(TestSuiteExecutor.java:106)
	at com.kms.katalon.core.main.TestCaseMain.startTestSuite(TestCaseMain.java:180)
	at com.kms.katalon.core.main.TestCaseMain$startTestSuite$0.call(Unknown Source)
	at TempTestSuite1761139070913.run(TempTestSuite1761139070913.groovy:35)
	at java.base/jdk.internal.reflect.NativeMethodAccessorImpl.invoke0(Native Method)
	at java.base/jdk.internal.reflect.NativeMethodAccessorImpl.invoke(NativeMethodAccessorImpl.java:77)
	at java.base/jdk.internal.reflect.DelegatingMethodAccessorImpl.invoke(DelegatingMethodAccessorImpl.java:43)
)

22-10-2025T10:06:04 - [TEST_STEP][PASSED] - click(findTestObject("Object Repository/TripFocus/Page_TripFocus/a_Users")): Object: 'Object Repository/TripFocus/Page_TripFocus/a_Users' is clicked on

22-10-2025T10:06:04 - [MESSAGE][PASSED] - Object: 'Object Repository/TripFocus/Page_TripFocus/a_Users' is clicked on

22-10-2025T10:06:04 - [TEST_STEP][PASSED] - delay(10): Delayed 10 second(s)

22-10-2025T10:06:14 - [MESSAGE][PASSED] - Delayed 10 second(s)

22-10-2025T10:06:14 - [TEST_STEP][PASSED] - click(findTestObject("Object Repository/TripFocus/Page_TripFocus/button_Add New User")): Object: 'Object Repository/TripFocus/Page_TripFocus/button_Add New User' is clicked on

22-10-2025T10:06:15 - [MESSAGE][PASSED] - Object: 'Object Repository/TripFocus/Page_TripFocus/button_Add New User' is clicked on

22-10-2025T10:06:15 - [TEST_STEP][PASSED] - setText(findTestObject("Object Repository/TripFocus/Page_TripFocus/input_First Name_txtFirstName"), "Ashford Automation"): Text 'Ashford Automation' is set on object 'Object Repository/TripFocus/Page_TripFocus/input_First Name_txtFirstName'

22-10-2025T10:06:15 - [MESSAGE][PASSED] - Text 'Ashford Automation' is set on object 'Object Repository/TripFocus/Page_TripFocus/input_First Name_txtFirstName'

22-10-2025T10:06:15 - [TEST_STEP][PASSED] - setText(findTestObject("Object Repository/TripFocus/Page_TripFocus/input_Last Name_txtLastName"), "Admin Testing Only"): Text 'Admin Testing Only' is set on object 'Object Repository/TripFocus/Page_TripFocus/input_Last Name_txtLastName'

22-10-2025T10:06:15 - [MESSAGE][PASSED] - Text 'Admin Testing Only' is set on object 'Object Repository/TripFocus/Page_TripFocus/input_Last Name_txtLastName'

22-10-2025T10:06:15 - [TEST_STEP][PASSED] - setText(findTestObject("Object Repository/TripFocus/Page_TripFocus/input_Email_txtEmail"), "ashfordAdminFDGTesting@gmail.com"): Text 'ashfordAdminFDGTesting@gmail.com' is set on object 'Object Repository/TripFocus/Page_TripFocus/input_Email_txtEmail'

22-10-2025T10:06:16 - [MESSAGE][PASSED] - Text 'ashfordAdminFDGTesting@gmail.com' is set on object 'Object Repository/TripFocus/Page_TripFocus/input_Email_txtEmail'

22-10-2025T10:06:16 - [TEST_STEP][PASSED] - setText(findTestObject("Object Repository/TripFocus/Page_TripFocus/input_Phone Number_txtPhoneNumber"), "(984) 573-9903"): Text '(984) 573-9903' is set on object 'Object Repository/TripFocus/Page_TripFocus/input_Phone Number_txtPhoneNumber'

22-10-2025T10:06:16 - [MESSAGE][PASSED] - Text '(984) 573-9903' is set on object 'Object Repository/TripFocus/Page_TripFocus/input_Phone Number_txtPhoneNumber'

22-10-2025T10:06:16 - [TEST_STEP][PASSED] - click(findTestObject("TripFocus/Users/User Info/Customer_Admin_checkbox")): Object: 'Object Repository/TripFocus/Users/User Info/Customer_Admin_checkbox' is clicked on

22-10-2025T10:06:16 - [MESSAGE][PASSED] - Object: 'Object Repository/TripFocus/Users/User Info/Customer_Admin_checkbox' is clicked on

22-10-2025T10:06:16 - [TEST_STEP][PASSED] - delay(2): Delayed 2 second(s)

22-10-2025T10:06:18 - [MESSAGE][PASSED] - Delayed 2 second(s)

22-10-2025T10:06:18 - [TEST_STEP][PASSED] - click(findTestObject("TripFocus/Users/Create_User_btn")): Object: 'Object Repository/TripFocus/Users/Create_User_btn' is clicked on

22-10-2025T10:06:18 - [MESSAGE][PASSED] - Object: 'Object Repository/TripFocus/Users/Create_User_btn' is clicked on

22-10-2025T10:06:18 - [TEST_STEP][PASSED] - delay(1): Delayed 1 second(s)

22-10-2025T10:06:19 - [MESSAGE][PASSED] - Delayed 1 second(s)

22-10-2025T10:06:19 - [TEST_STEP][PASSED] - verifyElementVisible(findTestObject("TripFocus/Toasty_Message")): Object 'Object Repository/TripFocus/Toasty_Message' is visible

22-10-2025T10:06:19 - [MESSAGE][PASSED] - Object 'Object Repository/TripFocus/Toasty_Message' is visible

22-10-2025T10:06:19 - [TEST_STEP][PASSED] - verifyElementText(findTestObject("TripFocus/Toasty_Message"), "User successfully created."): Actual text and expected text of test object 'Object Repository/TripFocus/Toasty_Message' are matched.

22-10-2025T10:06:19 - [MESSAGE][PASSED] - Actual text and expected text of test object 'Object Repository/TripFocus/Toasty_Message' are matched.

22-10-2025T10:06:19 - [TEST_STEP][PASSED] - Start listener action : retryOnDisconnect: null

22-10-2025T10:06:19 - [TEST_STEP][PASSED] - tcId = testCaseContext.getTestCaseId(): null

22-10-2025T10:06:19 - [TEST_STEP][PASSED] - currentRetry = retryCounts.getOrDefault(tcId, 0): null

22-10-2025T10:06:19 - [TEST_STEP][PASSED] - if (testCaseContext.getTestCaseStatus() == "FAILED" && currentRetry < MAX_RETRIES): null]]></system-out>
         <system-err><![CDATA[]]></system-err>
      </testcase>
      <testcase name="Test Cases/TripFocus/FDG/FDG - UserPage/Create/Verify Create New User Button" time="47.07" classname="Test Cases/TripFocus/FDG/FDG - UserPage/Create/Verify Create New User Button" status="PASSED">
         <system-out><![CDATA[22-10-2025T10:06:19 - [TEST_CASE][PASSED] - Test Cases/TripFocus/FDG/FDG - UserPage/Create/Verify Create New User Button: Test Cases/TripFocus/FDG/FDG - UserPage/Create/Verify Create New User Button

22-10-2025T10:06:19 - [TEST_STEP][PASSED] - Start listener action : beforeTestCase: null

22-10-2025T10:06:19 - [TEST_STEP][PASSED] - addDefaultPackages(): null

22-10-2025T10:06:19 - [TEST_STEP][PASSED] - openBrowser(""): Browser is opened with url: ''

22-10-2025T10:06:19 - [MESSAGE][WARNING] - A browser is already opened. Closing browser and opening a new one

22-10-2025T10:06:20 - [MESSAGE][INFO] - Starting 'Chrome' driver

22-10-2025T10:06:20 - [MESSAGE][INFO] - User set preference: ['args', '[--no-sandbox, --disable-gpu, --disable-dev-shm-usage]']

22-10-2025T10:06:20 - [MESSAGE][INFO] - Action delay is set to 0 milliseconds

22-10-2025T10:06:20 - [MESSAGE][PASSED] - Browser is opened with url: ''

22-10-2025T10:06:20 - [TEST_STEP][PASSED] - navigateToUrl(TFBaseURL): Navigate to 'https://www.qa.tripfocus.com' successfully

22-10-2025T10:06:21 - [MESSAGE][PASSED] - Navigate to 'https://www.qa.tripfocus.com' successfully

22-10-2025T10:06:21 - [TEST_STEP][PASSED] - click(findTestObject("Object Repository/TripFocus/Page_TripFocus/button_Sign in")): Object: 'Object Repository/TripFocus/Page_TripFocus/button_Sign in' is clicked on

22-10-2025T10:06:21 - [MESSAGE][PASSED] - Object: 'Object Repository/TripFocus/Page_TripFocus/button_Sign in' is clicked on

22-10-2025T10:06:21 - [TEST_STEP][PASSED] - setText(findTestObject("Object Repository/TripFocus/Page_TripFocus/input_Username (e.g. email address)_Username"), TripFocusFDGUsername): Text 'Ashford.Chenault+QACustomerFDGONLY@thekag.com' is set on object 'Object Repository/TripFocus/Page_TripFocus/input_Username (e.g. email address)_Username'

22-10-2025T10:06:22 - [MESSAGE][PASSED] - Text 'Ashford.Chenault+QACustomerFDGONLY@thekag.com' is set on object 'Object Repository/TripFocus/Page_TripFocus/input_Username (e.g. email address)_Username'

22-10-2025T10:06:22 - [TEST_STEP][PASSED] - setText(findTestObject("Object Repository/TripFocus/Page_TripFocus/input_Password_Password"), TripFocusFDGSPGPassword): Text 'CrashBan911!!' is set on object 'Object Repository/TripFocus/Page_TripFocus/input_Password_Password'

22-10-2025T10:06:22 - [MESSAGE][PASSED] - Text 'CrashBan911!!' is set on object 'Object Repository/TripFocus/Page_TripFocus/input_Password_Password'

22-10-2025T10:06:22 - [TEST_STEP][PASSED] - click(findTestObject("Object Repository/TripFocus/Page_TripFocus/button_Login")): Object: 'Object Repository/TripFocus/Page_TripFocus/button_Login' is clicked on

22-10-2025T10:06:23 - [MESSAGE][PASSED] - Object: 'Object Repository/TripFocus/Page_TripFocus/button_Login' is clicked on

22-10-2025T10:06:23 - [TEST_STEP][PASSED] - maximizeWindow(): Current window maximized

22-10-2025T10:06:23 - [MESSAGE][PASSED] - Current window maximized

22-10-2025T10:06:23 - [TEST_STEP][PASSED] - waitForElementVisible(findTestObject("TripFocus/Testing_Notification_btn"), 15, OPTIONAL): Web element with id: 'Object Repository/TripFocus/Testing_Notification_btn' located by '//*[@id="__BVID__10___BV_modal_footer_"]/button' not found

22-10-2025T10:06:39 - [MESSAGE][INFO] - Unable to find the element located by 'By.xpath: //*[@id="__BVID__10___BV_modal_footer_"]/button'. Please recheck the objects properties to make sure the desired element is located. 

22-10-2025T10:06:39 - [MESSAGE][WARNING] - [SELF-HEALING] Failed to find element with id 'Object Repository/TripFocus/Testing_Notification_btn'. Try using Self-healing.

22-10-2025T10:06:40 - [MESSAGE][INFO] - [SELF-HEALING] No working XPath is found.

22-10-2025T10:06:42 - [MESSAGE][INFO] - Unable to find the element located by 'By.xpath: '. Please recheck the objects properties to make sure the desired element is located. 

22-10-2025T10:06:42 - [MESSAGE][WARNING] - [SELF-HEALING] Cannot find elements when the selector is null

22-10-2025T10:06:42 - [MESSAGE][WARNING] - Web element with id: 'Object Repository/TripFocus/Testing_Notification_btn' located by '//*[@id="__BVID__10___BV_modal_footer_"]/button' not found

22-10-2025T10:06:42 - [TEST_STEP][PASSED] - if (verifyElementVisible(findTestObject("TripFocus/Testing_Notification_btn"), OPTIONAL) == true): Web element with id: 'Object Repository/TripFocus/Testing_Notification_btn' located by '//*[@id="__BVID__10___BV_modal_footer_"]/button' not found (Root cause: com.kms.katalon.core.exception.StepFailedException: Web element with id: 'Object Repository/TripFocus/Testing_Notification_btn' located by '//*[@id="__BVID__10___BV_modal_footer_"]/button' not found
	at com.kms.katalon.core.webui.keyword.internal.WebUIKeywordMain.stepFailed(WebUIKeywordMain.groovy:117)
	at com.kms.katalon.core.webui.keyword.builtin.VerifyElementVisibleKeyword$_verifyElementVisible_closure1.doCall(VerifyElementVisibleKeyword.groovy:89)
	at com.kms.katalon.core.webui.keyword.builtin.VerifyElementVisibleKeyword$_verifyElementVisible_closure1.call(VerifyElementVisibleKeyword.groovy)
	at com.kms.katalon.core.webui.keyword.internal.WebUIKeywordMain.runKeyword(WebUIKeywordMain.groovy:35)
	at com.kms.katalon.core.webui.keyword.builtin.VerifyElementVisibleKeyword.verifyElementVisible(VerifyElementVisibleKeyword.groovy:97)
	at com.kms.katalon.core.webui.keyword.builtin.VerifyElementVisibleKeyword.execute(VerifyElementVisibleKeyword.groovy:67)
	at com.kms.katalon.core.keyword.internal.KeywordExecutor.executeKeywordForPlatform(KeywordExecutor.groovy:74)
	at com.kms.katalon.core.webui.keyword.WebUiBuiltInKeywords.verifyElementVisible(WebUiBuiltInKeywords.groovy:401)
	at com.kms.katalon.core.webui.keyword.WebUiBuiltInKeywords$verifyElementVisible$5.call(Unknown Source)
	at Verify Create New User Button.run(Verify Create New User Button:38)
	at com.kms.katalon.core.main.ScriptEngine.run(ScriptEngine.java:194)
	at com.kms.katalon.core.main.ScriptEngine.runScriptAsRawText(ScriptEngine.java:119)
	at com.kms.katalon.core.main.TestCaseExecutor.runScript(TestCaseExecutor.java:448)
	at com.kms.katalon.core.main.TestCaseExecutor.doExecute(TestCaseExecutor.java:439)
	at com.kms.katalon.core.main.TestCaseExecutor.processExecutionPhase(TestCaseExecutor.java:418)
	at com.kms.katalon.core.main.TestCaseExecutor.accessMainPhase(TestCaseExecutor.java:410)
	at com.kms.katalon.core.main.TestCaseExecutor.execute(TestCaseExecutor.java:285)
	at com.kms.katalon.core.common.CommonExecutor.accessTestCaseMainPhase(CommonExecutor.java:65)
	at com.kms.katalon.core.main.TestSuiteExecutor.accessTestSuiteMainPhase(TestSuiteExecutor.java:150)
	at com.kms.katalon.core.main.TestSuiteExecutor.execute(TestSuiteExecutor.java:106)
	at com.kms.katalon.core.main.TestCaseMain.startTestSuite(TestCaseMain.java:180)
	at com.kms.katalon.core.main.TestCaseMain$startTestSuite$0.call(Unknown Source)
	at TempTestSuite1761139070913.run(TempTestSuite1761139070913.groovy:35)
	at java.base/jdk.internal.reflect.NativeMethodAccessorImpl.invoke0(Native Method)
	at java.base/jdk.internal.reflect.NativeMethodAccessorImpl.invoke(NativeMethodAccessorImpl.java:77)
	at java.base/jdk.internal.reflect.DelegatingMethodAccessorImpl.invoke(DelegatingMethodAccessorImpl.java:43)
)

22-10-2025T10:06:58 - [MESSAGE][INFO] - Unable to find the element located by 'By.xpath: //*[@id="__BVID__10___BV_modal_footer_"]/button'. Please recheck the objects properties to make sure the desired element is located. 

22-10-2025T10:06:58 - [MESSAGE][WARNING] - [SELF-HEALING] Failed to find element with id 'Object Repository/TripFocus/Testing_Notification_btn'. Try using Self-healing.

22-10-2025T10:06:59 - [MESSAGE][INFO] - [SELF-HEALING] No working XPath is found.

22-10-2025T10:07:01 - [MESSAGE][INFO] - Unable to find the element located by 'By.xpath: '. Please recheck the objects properties to make sure the desired element is located. 

22-10-2025T10:07:01 - [MESSAGE][WARNING] - [SELF-HEALING] Cannot find elements when the selector is null

22-10-2025T10:07:01 - [MESSAGE][WARNING] - Web element with id: 'Object Repository/TripFocus/Testing_Notification_btn' located by '//*[@id="__BVID__10___BV_modal_footer_"]/button' not found (Root cause: com.kms.katalon.core.exception.StepFailedException: Web element with id: 'Object Repository/TripFocus/Testing_Notification_btn' located by '//*[@id="__BVID__10___BV_modal_footer_"]/button' not found
	at com.kms.katalon.core.webui.keyword.internal.WebUIKeywordMain.stepFailed(WebUIKeywordMain.groovy:117)
	at com.kms.katalon.core.webui.keyword.builtin.VerifyElementVisibleKeyword$_verifyElementVisible_closure1.doCall(VerifyElementVisibleKeyword.groovy:89)
	at com.kms.katalon.core.webui.keyword.builtin.VerifyElementVisibleKeyword$_verifyElementVisible_closure1.call(VerifyElementVisibleKeyword.groovy)
	at com.kms.katalon.core.webui.keyword.internal.WebUIKeywordMain.runKeyword(WebUIKeywordMain.groovy:35)
	at com.kms.katalon.core.webui.keyword.builtin.VerifyElementVisibleKeyword.verifyElementVisible(VerifyElementVisibleKeyword.groovy:97)
	at com.kms.katalon.core.webui.keyword.builtin.VerifyElementVisibleKeyword.execute(VerifyElementVisibleKeyword.groovy:67)
	at com.kms.katalon.core.keyword.internal.KeywordExecutor.executeKeywordForPlatform(KeywordExecutor.groovy:74)
	at com.kms.katalon.core.webui.keyword.WebUiBuiltInKeywords.verifyElementVisible(WebUiBuiltInKeywords.groovy:401)
	at com.kms.katalon.core.webui.keyword.WebUiBuiltInKeywords$verifyElementVisible$5.call(Unknown Source)
	at Verify Create New User Button.run(Verify Create New User Button:38)
	at com.kms.katalon.core.main.ScriptEngine.run(ScriptEngine.java:194)
	at com.kms.katalon.core.main.ScriptEngine.runScriptAsRawText(ScriptEngine.java:119)
	at com.kms.katalon.core.main.TestCaseExecutor.runScript(TestCaseExecutor.java:448)
	at com.kms.katalon.core.main.TestCaseExecutor.doExecute(TestCaseExecutor.java:439)
	at com.kms.katalon.core.main.TestCaseExecutor.processExecutionPhase(TestCaseExecutor.java:418)
	at com.kms.katalon.core.main.TestCaseExecutor.accessMainPhase(TestCaseExecutor.java:410)
	at com.kms.katalon.core.main.TestCaseExecutor.execute(TestCaseExecutor.java:285)
	at com.kms.katalon.core.common.CommonExecutor.accessTestCaseMainPhase(CommonExecutor.java:65)
	at com.kms.katalon.core.main.TestSuiteExecutor.accessTestSuiteMainPhase(TestSuiteExecutor.java:150)
	at com.kms.katalon.core.main.TestSuiteExecutor.execute(TestSuiteExecutor.java:106)
	at com.kms.katalon.core.main.TestCaseMain.startTestSuite(TestCaseMain.java:180)
	at com.kms.katalon.core.main.TestCaseMain$startTestSuite$0.call(Unknown Source)
	at TempTestSuite1761139070913.run(TempTestSuite1761139070913.groovy:35)
	at java.base/jdk.internal.reflect.NativeMethodAccessorImpl.invoke0(Native Method)
	at java.base/jdk.internal.reflect.NativeMethodAccessorImpl.invoke(NativeMethodAccessorImpl.java:77)
	at java.base/jdk.internal.reflect.DelegatingMethodAccessorImpl.invoke(DelegatingMethodAccessorImpl.java:43)
)

22-10-2025T10:07:01 - [TEST_STEP][PASSED] - click(findTestObject("Object Repository/TripFocus/Page_TripFocus/a_Users")): Object: 'Object Repository/TripFocus/Page_TripFocus/a_Users' is clicked on

22-10-2025T10:07:01 - [MESSAGE][PASSED] - Object: 'Object Repository/TripFocus/Page_TripFocus/a_Users' is clicked on

22-10-2025T10:07:01 - [TEST_STEP][PASSED] - delay(3): Delayed 3 second(s)

22-10-2025T10:07:04 - [MESSAGE][PASSED] - Delayed 3 second(s)

22-10-2025T10:07:04 - [TEST_STEP][PASSED] - click(findTestObject("Object Repository/TripFocus/Page_TripFocus/button_Add New User")): Object: 'Object Repository/TripFocus/Page_TripFocus/button_Add New User' is clicked on

22-10-2025T10:07:04 - [MESSAGE][PASSED] - Object: 'Object Repository/TripFocus/Page_TripFocus/button_Add New User' is clicked on

22-10-2025T10:07:04 - [TEST_STEP][PASSED] - delay(2): Delayed 2 second(s)

22-10-2025T10:07:06 - [MESSAGE][PASSED] - Delayed 2 second(s)

22-10-2025T10:07:06 - [TEST_STEP][PASSED] - verifyElementVisible(findTestObject("TripFocus/Users/Create_User_btn")): Object 'Object Repository/TripFocus/Users/Create_User_btn' is visible

22-10-2025T10:07:06 - [MESSAGE][PASSED] - Object 'Object Repository/TripFocus/Users/Create_User_btn' is visible

22-10-2025T10:07:06 - [TEST_STEP][PASSED] - Start listener action : retryOnDisconnect: null

22-10-2025T10:07:06 - [TEST_STEP][PASSED] - tcId = testCaseContext.getTestCaseId(): null

22-10-2025T10:07:06 - [TEST_STEP][PASSED] - currentRetry = retryCounts.getOrDefault(tcId, 0): null

22-10-2025T10:07:06 - [TEST_STEP][PASSED] - if (testCaseContext.getTestCaseStatus() == "FAILED" && currentRetry < MAX_RETRIES): null]]></system-out>
         <system-err><![CDATA[]]></system-err>
      </testcase>
      <testcase name="Test Cases/TripFocus/FDG/FDG - UserPage/Create/Creating New FDG User" time="58.023" classname="Test Cases/TripFocus/FDG/FDG - UserPage/Create/Creating New FDG User" status="PASSED">
         <system-out><![CDATA[22-10-2025T10:07:06 - [TEST_CASE][PASSED] - Test Cases/TripFocus/FDG/FDG - UserPage/Create/Creating New FDG User: Test Cases/TripFocus/FDG/FDG - UserPage/Create/Creating New FDG User

22-10-2025T10:07:06 - [TEST_STEP][PASSED] - Start listener action : beforeTestCase: null

22-10-2025T10:07:06 - [TEST_STEP][PASSED] - addDefaultPackages(): null

22-10-2025T10:07:06 - [TEST_STEP][PASSED] - openBrowser(""): Browser is opened with url: ''

22-10-2025T10:07:06 - [MESSAGE][WARNING] - A browser is already opened. Closing browser and opening a new one

22-10-2025T10:07:07 - [MESSAGE][INFO] - Starting 'Chrome' driver

22-10-2025T10:07:07 - [MESSAGE][INFO] - User set preference: ['args', '[--no-sandbox, --disable-gpu, --disable-dev-shm-usage]']

22-10-2025T10:07:07 - [MESSAGE][INFO] - Action delay is set to 0 milliseconds

22-10-2025T10:07:08 - [MESSAGE][PASSED] - Browser is opened with url: ''

22-10-2025T10:07:08 - [TEST_STEP][PASSED] - navigateToUrl(TFBaseURL): Navigate to 'https://www.qa.tripfocus.com' successfully

22-10-2025T10:07:09 - [MESSAGE][PASSED] - Navigate to 'https://www.qa.tripfocus.com' successfully

22-10-2025T10:07:09 - [TEST_STEP][PASSED] - click(findTestObject("Object Repository/TripFocus/Page_TripFocus/button_Sign in")): Object: 'Object Repository/TripFocus/Page_TripFocus/button_Sign in' is clicked on

22-10-2025T10:07:09 - [MESSAGE][PASSED] - Object: 'Object Repository/TripFocus/Page_TripFocus/button_Sign in' is clicked on

22-10-2025T10:07:09 - [TEST_STEP][PASSED] - setText(findTestObject("Object Repository/TripFocus/Page_TripFocus/input_Username (e.g. email address)_Username"), TripFocusFDGUsername): Text 'Ashford.Chenault+QACustomerFDGONLY@thekag.com' is set on object 'Object Repository/TripFocus/Page_TripFocus/input_Username (e.g. email address)_Username'

22-10-2025T10:07:10 - [MESSAGE][PASSED] - Text 'Ashford.Chenault+QACustomerFDGONLY@thekag.com' is set on object 'Object Repository/TripFocus/Page_TripFocus/input_Username (e.g. email address)_Username'

22-10-2025T10:07:10 - [TEST_STEP][PASSED] - setText(findTestObject("Object Repository/TripFocus/Page_TripFocus/input_Password_Password"), TripFocusFDGSPGPassword): Text 'CrashBan911!!' is set on object 'Object Repository/TripFocus/Page_TripFocus/input_Password_Password'

22-10-2025T10:07:10 - [MESSAGE][PASSED] - Text 'CrashBan911!!' is set on object 'Object Repository/TripFocus/Page_TripFocus/input_Password_Password'

22-10-2025T10:07:10 - [TEST_STEP][PASSED] - click(findTestObject("Object Repository/TripFocus/Page_TripFocus/button_Login")): Object: 'Object Repository/TripFocus/Page_TripFocus/button_Login' is clicked on

22-10-2025T10:07:11 - [MESSAGE][PASSED] - Object: 'Object Repository/TripFocus/Page_TripFocus/button_Login' is clicked on

22-10-2025T10:07:11 - [TEST_STEP][PASSED] - maximizeWindow(): Current window maximized

22-10-2025T10:07:11 - [MESSAGE][PASSED] - Current window maximized

22-10-2025T10:07:11 - [TEST_STEP][PASSED] - waitForElementVisible(findTestObject("TripFocus/Testing_Notification_btn"), 15, OPTIONAL): Web element with id: 'Object Repository/TripFocus/Testing_Notification_btn' located by '//*[@id="__BVID__10___BV_modal_footer_"]/button' not found

22-10-2025T10:07:27 - [MESSAGE][INFO] - Unable to find the element located by 'By.xpath: //*[@id="__BVID__10___BV_modal_footer_"]/button'. Please recheck the objects properties to make sure the desired element is located. 

22-10-2025T10:07:27 - [MESSAGE][WARNING] - [SELF-HEALING] Failed to find element with id 'Object Repository/TripFocus/Testing_Notification_btn'. Try using Self-healing.

22-10-2025T10:07:28 - [MESSAGE][INFO] - [SELF-HEALING] No working XPath is found.

22-10-2025T10:07:30 - [MESSAGE][INFO] - Unable to find the element located by 'By.xpath: '. Please recheck the objects properties to make sure the desired element is located. 

22-10-2025T10:07:30 - [MESSAGE][WARNING] - [SELF-HEALING] Cannot find elements when the selector is null

22-10-2025T10:07:30 - [MESSAGE][WARNING] - Web element with id: 'Object Repository/TripFocus/Testing_Notification_btn' located by '//*[@id="__BVID__10___BV_modal_footer_"]/button' not found

22-10-2025T10:07:30 - [TEST_STEP][PASSED] - if (verifyElementVisible(findTestObject("TripFocus/Testing_Notification_btn"), OPTIONAL) == true): Web element with id: 'Object Repository/TripFocus/Testing_Notification_btn' located by '//*[@id="__BVID__10___BV_modal_footer_"]/button' not found (Root cause: com.kms.katalon.core.exception.StepFailedException: Web element with id: 'Object Repository/TripFocus/Testing_Notification_btn' located by '//*[@id="__BVID__10___BV_modal_footer_"]/button' not found
	at com.kms.katalon.core.webui.keyword.internal.WebUIKeywordMain.stepFailed(WebUIKeywordMain.groovy:117)
	at com.kms.katalon.core.webui.keyword.builtin.VerifyElementVisibleKeyword$_verifyElementVisible_closure1.doCall(VerifyElementVisibleKeyword.groovy:89)
	at com.kms.katalon.core.webui.keyword.builtin.VerifyElementVisibleKeyword$_verifyElementVisible_closure1.call(VerifyElementVisibleKeyword.groovy)
	at com.kms.katalon.core.webui.keyword.internal.WebUIKeywordMain.runKeyword(WebUIKeywordMain.groovy:35)
	at com.kms.katalon.core.webui.keyword.builtin.VerifyElementVisibleKeyword.verifyElementVisible(VerifyElementVisibleKeyword.groovy:97)
	at com.kms.katalon.core.webui.keyword.builtin.VerifyElementVisibleKeyword.execute(VerifyElementVisibleKeyword.groovy:67)
	at com.kms.katalon.core.keyword.internal.KeywordExecutor.executeKeywordForPlatform(KeywordExecutor.groovy:74)
	at com.kms.katalon.core.webui.keyword.WebUiBuiltInKeywords.verifyElementVisible(WebUiBuiltInKeywords.groovy:401)
	at com.kms.katalon.core.webui.keyword.WebUiBuiltInKeywords$verifyElementVisible$5.call(Unknown Source)
	at Creating New FDG User.run(Creating New FDG User:38)
	at com.kms.katalon.core.main.ScriptEngine.run(ScriptEngine.java:194)
	at com.kms.katalon.core.main.ScriptEngine.runScriptAsRawText(ScriptEngine.java:119)
	at com.kms.katalon.core.main.TestCaseExecutor.runScript(TestCaseExecutor.java:448)
	at com.kms.katalon.core.main.TestCaseExecutor.doExecute(TestCaseExecutor.java:439)
	at com.kms.katalon.core.main.TestCaseExecutor.processExecutionPhase(TestCaseExecutor.java:418)
	at com.kms.katalon.core.main.TestCaseExecutor.accessMainPhase(TestCaseExecutor.java:410)
	at com.kms.katalon.core.main.TestCaseExecutor.execute(TestCaseExecutor.java:285)
	at com.kms.katalon.core.common.CommonExecutor.accessTestCaseMainPhase(CommonExecutor.java:65)
	at com.kms.katalon.core.main.TestSuiteExecutor.accessTestSuiteMainPhase(TestSuiteExecutor.java:150)
	at com.kms.katalon.core.main.TestSuiteExecutor.execute(TestSuiteExecutor.java:106)
	at com.kms.katalon.core.main.TestCaseMain.startTestSuite(TestCaseMain.java:180)
	at com.kms.katalon.core.main.TestCaseMain$startTestSuite$0.call(Unknown Source)
	at TempTestSuite1761139070913.run(TempTestSuite1761139070913.groovy:35)
	at java.base/jdk.internal.reflect.NativeMethodAccessorImpl.invoke0(Native Method)
	at java.base/jdk.internal.reflect.NativeMethodAccessorImpl.invoke(NativeMethodAccessorImpl.java:77)
	at java.base/jdk.internal.reflect.DelegatingMethodAccessorImpl.invoke(DelegatingMethodAccessorImpl.java:43)
)

22-10-2025T10:07:46 - [MESSAGE][INFO] - Unable to find the element located by 'By.xpath: //*[@id="__BVID__10___BV_modal_footer_"]/button'. Please recheck the objects properties to make sure the desired element is located. 

22-10-2025T10:07:46 - [MESSAGE][WARNING] - [SELF-HEALING] Failed to find element with id 'Object Repository/TripFocus/Testing_Notification_btn'. Try using Self-healing.

22-10-2025T10:07:47 - [MESSAGE][INFO] - [SELF-HEALING] No working XPath is found.

22-10-2025T10:07:49 - [MESSAGE][INFO] - Unable to find the element located by 'By.xpath: '. Please recheck the objects properties to make sure the desired element is located. 

22-10-2025T10:07:49 - [MESSAGE][WARNING] - [SELF-HEALING] Cannot find elements when the selector is null

22-10-2025T10:07:49 - [MESSAGE][WARNING] - Web element with id: 'Object Repository/TripFocus/Testing_Notification_btn' located by '//*[@id="__BVID__10___BV_modal_footer_"]/button' not found (Root cause: com.kms.katalon.core.exception.StepFailedException: Web element with id: 'Object Repository/TripFocus/Testing_Notification_btn' located by '//*[@id="__BVID__10___BV_modal_footer_"]/button' not found
	at com.kms.katalon.core.webui.keyword.internal.WebUIKeywordMain.stepFailed(WebUIKeywordMain.groovy:117)
	at com.kms.katalon.core.webui.keyword.builtin.VerifyElementVisibleKeyword$_verifyElementVisible_closure1.doCall(VerifyElementVisibleKeyword.groovy:89)
	at com.kms.katalon.core.webui.keyword.builtin.VerifyElementVisibleKeyword$_verifyElementVisible_closure1.call(VerifyElementVisibleKeyword.groovy)
	at com.kms.katalon.core.webui.keyword.internal.WebUIKeywordMain.runKeyword(WebUIKeywordMain.groovy:35)
	at com.kms.katalon.core.webui.keyword.builtin.VerifyElementVisibleKeyword.verifyElementVisible(VerifyElementVisibleKeyword.groovy:97)
	at com.kms.katalon.core.webui.keyword.builtin.VerifyElementVisibleKeyword.execute(VerifyElementVisibleKeyword.groovy:67)
	at com.kms.katalon.core.keyword.internal.KeywordExecutor.executeKeywordForPlatform(KeywordExecutor.groovy:74)
	at com.kms.katalon.core.webui.keyword.WebUiBuiltInKeywords.verifyElementVisible(WebUiBuiltInKeywords.groovy:401)
	at com.kms.katalon.core.webui.keyword.WebUiBuiltInKeywords$verifyElementVisible$5.call(Unknown Source)
	at Creating New FDG User.run(Creating New FDG User:38)
	at com.kms.katalon.core.main.ScriptEngine.run(ScriptEngine.java:194)
	at com.kms.katalon.core.main.ScriptEngine.runScriptAsRawText(ScriptEngine.java:119)
	at com.kms.katalon.core.main.TestCaseExecutor.runScript(TestCaseExecutor.java:448)
	at com.kms.katalon.core.main.TestCaseExecutor.doExecute(TestCaseExecutor.java:439)
	at com.kms.katalon.core.main.TestCaseExecutor.processExecutionPhase(TestCaseExecutor.java:418)
	at com.kms.katalon.core.main.TestCaseExecutor.accessMainPhase(TestCaseExecutor.java:410)
	at com.kms.katalon.core.main.TestCaseExecutor.execute(TestCaseExecutor.java:285)
	at com.kms.katalon.core.common.CommonExecutor.accessTestCaseMainPhase(CommonExecutor.java:65)
	at com.kms.katalon.core.main.TestSuiteExecutor.accessTestSuiteMainPhase(TestSuiteExecutor.java:150)
	at com.kms.katalon.core.main.TestSuiteExecutor.execute(TestSuiteExecutor.java:106)
	at com.kms.katalon.core.main.TestCaseMain.startTestSuite(TestCaseMain.java:180)
	at com.kms.katalon.core.main.TestCaseMain$startTestSuite$0.call(Unknown Source)
	at TempTestSuite1761139070913.run(TempTestSuite1761139070913.groovy:35)
	at java.base/jdk.internal.reflect.NativeMethodAccessorImpl.invoke0(Native Method)
	at java.base/jdk.internal.reflect.NativeMethodAccessorImpl.invoke(NativeMethodAccessorImpl.java:77)
	at java.base/jdk.internal.reflect.DelegatingMethodAccessorImpl.invoke(DelegatingMethodAccessorImpl.java:43)
)

22-10-2025T10:07:49 - [TEST_STEP][PASSED] - click(findTestObject("Object Repository/TripFocus/Page_TripFocus/a_Users")): Object: 'Object Repository/TripFocus/Page_TripFocus/a_Users' is clicked on

22-10-2025T10:07:49 - [MESSAGE][PASSED] - Object: 'Object Repository/TripFocus/Page_TripFocus/a_Users' is clicked on

22-10-2025T10:07:49 - [TEST_STEP][PASSED] - delay(10): Delayed 10 second(s)

22-10-2025T10:07:59 - [MESSAGE][PASSED] - Delayed 10 second(s)

22-10-2025T10:07:59 - [TEST_STEP][PASSED] - click(findTestObject("Object Repository/TripFocus/Page_TripFocus/button_Add New User")): Object: 'Object Repository/TripFocus/Page_TripFocus/button_Add New User' is clicked on

22-10-2025T10:07:59 - [MESSAGE][PASSED] - Object: 'Object Repository/TripFocus/Page_TripFocus/button_Add New User' is clicked on

22-10-2025T10:07:59 - [TEST_STEP][PASSED] - setText(findTestObject("Object Repository/TripFocus/Page_TripFocus/input_First Name_txtFirstName"), "Ashford Automation"): Text 'Ashford Automation' is set on object 'Object Repository/TripFocus/Page_TripFocus/input_First Name_txtFirstName'

22-10-2025T10:08:00 - [MESSAGE][PASSED] - Text 'Ashford Automation' is set on object 'Object Repository/TripFocus/Page_TripFocus/input_First Name_txtFirstName'

22-10-2025T10:08:00 - [TEST_STEP][PASSED] - setText(findTestObject("Object Repository/TripFocus/Page_TripFocus/input_Last Name_txtLastName"), "Testing Only"): Text 'Testing Only' is set on object 'Object Repository/TripFocus/Page_TripFocus/input_Last Name_txtLastName'

22-10-2025T10:08:00 - [MESSAGE][PASSED] - Text 'Testing Only' is set on object 'Object Repository/TripFocus/Page_TripFocus/input_Last Name_txtLastName'

22-10-2025T10:08:00 - [TEST_STEP][PASSED] - setText(findTestObject("Object Repository/TripFocus/Page_TripFocus/input_Email_txtEmail"), "ashfordFDGTesting@gmail.com"): Text 'ashfordFDGTesting@gmail.com' is set on object 'Object Repository/TripFocus/Page_TripFocus/input_Email_txtEmail'

22-10-2025T10:08:01 - [MESSAGE][PASSED] - Text 'ashfordFDGTesting@gmail.com' is set on object 'Object Repository/TripFocus/Page_TripFocus/input_Email_txtEmail'

22-10-2025T10:08:01 - [TEST_STEP][PASSED] - setText(findTestObject("Object Repository/TripFocus/Page_TripFocus/input_Phone Number_txtPhoneNumber"), "(984) 573-9903"): Text '(984) 573-9903' is set on object 'Object Repository/TripFocus/Page_TripFocus/input_Phone Number_txtPhoneNumber'

22-10-2025T10:08:01 - [MESSAGE][PASSED] - Text '(984) 573-9903' is set on object 'Object Repository/TripFocus/Page_TripFocus/input_Phone Number_txtPhoneNumber'

22-10-2025T10:08:01 - [TEST_STEP][PASSED] - delay(2): Delayed 2 second(s)

22-10-2025T10:08:03 - [MESSAGE][PASSED] - Delayed 2 second(s)

22-10-2025T10:08:03 - [TEST_STEP][PASSED] - click(findTestObject("TripFocus/Users/Create_User_btn")): Object: 'Object Repository/TripFocus/Users/Create_User_btn' is clicked on

22-10-2025T10:08:03 - [MESSAGE][PASSED] - Object: 'Object Repository/TripFocus/Users/Create_User_btn' is clicked on

22-10-2025T10:08:03 - [TEST_STEP][PASSED] - delay(1): Delayed 1 second(s)

22-10-2025T10:08:04 - [MESSAGE][PASSED] - Delayed 1 second(s)

22-10-2025T10:08:04 - [TEST_STEP][PASSED] - verifyElementVisible(findTestObject("TripFocus/Toasty_Message")): Object 'Object Repository/TripFocus/Toasty_Message' is visible

22-10-2025T10:08:04 - [MESSAGE][PASSED] - Object 'Object Repository/TripFocus/Toasty_Message' is visible

22-10-2025T10:08:04 - [TEST_STEP][PASSED] - verifyElementText(findTestObject("TripFocus/Toasty_Message"), "User successfully created."): Actual text and expected text of test object 'Object Repository/TripFocus/Toasty_Message' are matched.

22-10-2025T10:08:04 - [MESSAGE][PASSED] - Actual text and expected text of test object 'Object Repository/TripFocus/Toasty_Message' are matched.

22-10-2025T10:08:04 - [TEST_STEP][PASSED] - Start listener action : retryOnDisconnect: null

22-10-2025T10:08:04 - [TEST_STEP][PASSED] - tcId = testCaseContext.getTestCaseId(): null

22-10-2025T10:08:04 - [TEST_STEP][PASSED] - currentRetry = retryCounts.getOrDefault(tcId, 0): null

22-10-2025T10:08:04 - [TEST_STEP][PASSED] - if (testCaseContext.getTestCaseStatus() == "FAILED" && currentRetry < MAX_RETRIES): null]]></system-out>
         <system-err><![CDATA[]]></system-err>
      </testcase>
      <testcase name="Test Cases/TripFocus/FDG/FDG - UserPage/Create/Verify Cancel Button When Creating New User" time="48.791" classname="Test Cases/TripFocus/FDG/FDG - UserPage/Create/Verify Cancel Button When Creating New User" status="PASSED">
         <system-out><![CDATA[22-10-2025T10:08:04 - [TEST_CASE][PASSED] - Test Cases/TripFocus/FDG/FDG - UserPage/Create/Verify Cancel Button When Creating New User: Test Cases/TripFocus/FDG/FDG - UserPage/Create/Verify Cancel Button When Creating New User

22-10-2025T10:08:04 - [TEST_STEP][PASSED] - Start listener action : beforeTestCase: null

22-10-2025T10:08:04 - [TEST_STEP][PASSED] - addDefaultPackages(): null

22-10-2025T10:08:04 - [TEST_STEP][PASSED] - openBrowser(""): Browser is opened with url: ''

22-10-2025T10:08:04 - [MESSAGE][WARNING] - A browser is already opened. Closing browser and opening a new one

22-10-2025T10:08:05 - [MESSAGE][INFO] - Starting 'Chrome' driver

22-10-2025T10:08:05 - [MESSAGE][INFO] - User set preference: ['args', '[--no-sandbox, --disable-gpu, --disable-dev-shm-usage]']

22-10-2025T10:08:05 - [MESSAGE][INFO] - Action delay is set to 0 milliseconds

22-10-2025T10:08:06 - [MESSAGE][PASSED] - Browser is opened with url: ''

22-10-2025T10:08:06 - [TEST_STEP][PASSED] - navigateToUrl(TFBaseURL): Navigate to 'https://www.qa.tripfocus.com' successfully

22-10-2025T10:08:07 - [MESSAGE][PASSED] - Navigate to 'https://www.qa.tripfocus.com' successfully

22-10-2025T10:08:07 - [TEST_STEP][PASSED] - click(findTestObject("Object Repository/TripFocus/Page_TripFocus/button_Sign in")): Object: 'Object Repository/TripFocus/Page_TripFocus/button_Sign in' is clicked on

22-10-2025T10:08:07 - [MESSAGE][PASSED] - Object: 'Object Repository/TripFocus/Page_TripFocus/button_Sign in' is clicked on

22-10-2025T10:08:07 - [TEST_STEP][PASSED] - setText(findTestObject("Object Repository/TripFocus/Page_TripFocus/input_Username (e.g. email address)_Username"), TripFocusFDGUsername): Text 'Ashford.Chenault+QACustomerFDGONLY@thekag.com' is set on object 'Object Repository/TripFocus/Page_TripFocus/input_Username (e.g. email address)_Username'

22-10-2025T10:08:08 - [MESSAGE][PASSED] - Text 'Ashford.Chenault+QACustomerFDGONLY@thekag.com' is set on object 'Object Repository/TripFocus/Page_TripFocus/input_Username (e.g. email address)_Username'

22-10-2025T10:08:08 - [TEST_STEP][PASSED] - setText(findTestObject("Object Repository/TripFocus/Page_TripFocus/input_Password_Password"), TripFocusFDGSPGPassword): Text 'CrashBan911!!' is set on object 'Object Repository/TripFocus/Page_TripFocus/input_Password_Password'

22-10-2025T10:08:08 - [MESSAGE][PASSED] - Text 'CrashBan911!!' is set on object 'Object Repository/TripFocus/Page_TripFocus/input_Password_Password'

22-10-2025T10:08:08 - [TEST_STEP][PASSED] - click(findTestObject("Object Repository/TripFocus/Page_TripFocus/button_Login")): Object: 'Object Repository/TripFocus/Page_TripFocus/button_Login' is clicked on

22-10-2025T10:08:08 - [MESSAGE][PASSED] - Object: 'Object Repository/TripFocus/Page_TripFocus/button_Login' is clicked on

22-10-2025T10:08:08 - [TEST_STEP][PASSED] - maximizeWindow(): Current window maximized

22-10-2025T10:08:08 - [MESSAGE][PASSED] - Current window maximized

22-10-2025T10:08:08 - [TEST_STEP][PASSED] - waitForElementVisible(findTestObject("TripFocus/Testing_Notification_btn"), 15, OPTIONAL): Web element with id: 'Object Repository/TripFocus/Testing_Notification_btn' located by '//*[@id="__BVID__10___BV_modal_footer_"]/button' not found

22-10-2025T10:08:24 - [MESSAGE][INFO] - Unable to find the element located by 'By.xpath: //*[@id="__BVID__10___BV_modal_footer_"]/button'. Please recheck the objects properties to make sure the desired element is located. 

22-10-2025T10:08:24 - [MESSAGE][WARNING] - [SELF-HEALING] Failed to find element with id 'Object Repository/TripFocus/Testing_Notification_btn'. Try using Self-healing.

22-10-2025T10:08:25 - [MESSAGE][INFO] - [SELF-HEALING] No working XPath is found.

22-10-2025T10:08:27 - [MESSAGE][INFO] - Unable to find the element located by 'By.xpath: '. Please recheck the objects properties to make sure the desired element is located. 

22-10-2025T10:08:27 - [MESSAGE][WARNING] - [SELF-HEALING] Cannot find elements when the selector is null

22-10-2025T10:08:27 - [MESSAGE][WARNING] - Web element with id: 'Object Repository/TripFocus/Testing_Notification_btn' located by '//*[@id="__BVID__10___BV_modal_footer_"]/button' not found

22-10-2025T10:08:27 - [TEST_STEP][PASSED] - if (verifyElementVisible(findTestObject("TripFocus/Testing_Notification_btn"), OPTIONAL) == true): Web element with id: 'Object Repository/TripFocus/Testing_Notification_btn' located by '//*[@id="__BVID__10___BV_modal_footer_"]/button' not found (Root cause: com.kms.katalon.core.exception.StepFailedException: Web element with id: 'Object Repository/TripFocus/Testing_Notification_btn' located by '//*[@id="__BVID__10___BV_modal_footer_"]/button' not found
	at com.kms.katalon.core.webui.keyword.internal.WebUIKeywordMain.stepFailed(WebUIKeywordMain.groovy:117)
	at com.kms.katalon.core.webui.keyword.builtin.VerifyElementVisibleKeyword$_verifyElementVisible_closure1.doCall(VerifyElementVisibleKeyword.groovy:89)
	at com.kms.katalon.core.webui.keyword.builtin.VerifyElementVisibleKeyword$_verifyElementVisible_closure1.call(VerifyElementVisibleKeyword.groovy)
	at com.kms.katalon.core.webui.keyword.internal.WebUIKeywordMain.runKeyword(WebUIKeywordMain.groovy:35)
	at com.kms.katalon.core.webui.keyword.builtin.VerifyElementVisibleKeyword.verifyElementVisible(VerifyElementVisibleKeyword.groovy:97)
	at com.kms.katalon.core.webui.keyword.builtin.VerifyElementVisibleKeyword.execute(VerifyElementVisibleKeyword.groovy:67)
	at com.kms.katalon.core.keyword.internal.KeywordExecutor.executeKeywordForPlatform(KeywordExecutor.groovy:74)
	at com.kms.katalon.core.webui.keyword.WebUiBuiltInKeywords.verifyElementVisible(WebUiBuiltInKeywords.groovy:401)
	at com.kms.katalon.core.webui.keyword.WebUiBuiltInKeywords$verifyElementVisible$5.call(Unknown Source)
	at Verify Cancel Button When Creating New User.run(Verify Cancel Button When Creating New User:38)
	at com.kms.katalon.core.main.ScriptEngine.run(ScriptEngine.java:194)
	at com.kms.katalon.core.main.ScriptEngine.runScriptAsRawText(ScriptEngine.java:119)
	at com.kms.katalon.core.main.TestCaseExecutor.runScript(TestCaseExecutor.java:448)
	at com.kms.katalon.core.main.TestCaseExecutor.doExecute(TestCaseExecutor.java:439)
	at com.kms.katalon.core.main.TestCaseExecutor.processExecutionPhase(TestCaseExecutor.java:418)
	at com.kms.katalon.core.main.TestCaseExecutor.accessMainPhase(TestCaseExecutor.java:410)
	at com.kms.katalon.core.main.TestCaseExecutor.execute(TestCaseExecutor.java:285)
	at com.kms.katalon.core.common.CommonExecutor.accessTestCaseMainPhase(CommonExecutor.java:65)
	at com.kms.katalon.core.main.TestSuiteExecutor.accessTestSuiteMainPhase(TestSuiteExecutor.java:150)
	at com.kms.katalon.core.main.TestSuiteExecutor.execute(TestSuiteExecutor.java:106)
	at com.kms.katalon.core.main.TestCaseMain.startTestSuite(TestCaseMain.java:180)
	at com.kms.katalon.core.main.TestCaseMain$startTestSuite$0.call(Unknown Source)
	at TempTestSuite1761139070913.run(TempTestSuite1761139070913.groovy:35)
	at java.base/jdk.internal.reflect.NativeMethodAccessorImpl.invoke0(Native Method)
	at java.base/jdk.internal.reflect.NativeMethodAccessorImpl.invoke(NativeMethodAccessorImpl.java:77)
	at java.base/jdk.internal.reflect.DelegatingMethodAccessorImpl.invoke(DelegatingMethodAccessorImpl.java:43)
)

22-10-2025T10:08:43 - [MESSAGE][INFO] - Unable to find the element located by 'By.xpath: //*[@id="__BVID__10___BV_modal_footer_"]/button'. Please recheck the objects properties to make sure the desired element is located. 

22-10-2025T10:08:43 - [MESSAGE][WARNING] - [SELF-HEALING] Failed to find element with id 'Object Repository/TripFocus/Testing_Notification_btn'. Try using Self-healing.

22-10-2025T10:08:44 - [MESSAGE][INFO] - [SELF-HEALING] No working XPath is found.

22-10-2025T10:08:46 - [MESSAGE][INFO] - Unable to find the element located by 'By.xpath: '. Please recheck the objects properties to make sure the desired element is located. 

22-10-2025T10:08:46 - [MESSAGE][WARNING] - [SELF-HEALING] Cannot find elements when the selector is null

22-10-2025T10:08:46 - [MESSAGE][WARNING] - Web element with id: 'Object Repository/TripFocus/Testing_Notification_btn' located by '//*[@id="__BVID__10___BV_modal_footer_"]/button' not found (Root cause: com.kms.katalon.core.exception.StepFailedException: Web element with id: 'Object Repository/TripFocus/Testing_Notification_btn' located by '//*[@id="__BVID__10___BV_modal_footer_"]/button' not found
	at com.kms.katalon.core.webui.keyword.internal.WebUIKeywordMain.stepFailed(WebUIKeywordMain.groovy:117)
	at com.kms.katalon.core.webui.keyword.builtin.VerifyElementVisibleKeyword$_verifyElementVisible_closure1.doCall(VerifyElementVisibleKeyword.groovy:89)
	at com.kms.katalon.core.webui.keyword.builtin.VerifyElementVisibleKeyword$_verifyElementVisible_closure1.call(VerifyElementVisibleKeyword.groovy)
	at com.kms.katalon.core.webui.keyword.internal.WebUIKeywordMain.runKeyword(WebUIKeywordMain.groovy:35)
	at com.kms.katalon.core.webui.keyword.builtin.VerifyElementVisibleKeyword.verifyElementVisible(VerifyElementVisibleKeyword.groovy:97)
	at com.kms.katalon.core.webui.keyword.builtin.VerifyElementVisibleKeyword.execute(VerifyElementVisibleKeyword.groovy:67)
	at com.kms.katalon.core.keyword.internal.KeywordExecutor.executeKeywordForPlatform(KeywordExecutor.groovy:74)
	at com.kms.katalon.core.webui.keyword.WebUiBuiltInKeywords.verifyElementVisible(WebUiBuiltInKeywords.groovy:401)
	at com.kms.katalon.core.webui.keyword.WebUiBuiltInKeywords$verifyElementVisible$5.call(Unknown Source)
	at Verify Cancel Button When Creating New User.run(Verify Cancel Button When Creating New User:38)
	at com.kms.katalon.core.main.ScriptEngine.run(ScriptEngine.java:194)
	at com.kms.katalon.core.main.ScriptEngine.runScriptAsRawText(ScriptEngine.java:119)
	at com.kms.katalon.core.main.TestCaseExecutor.runScript(TestCaseExecutor.java:448)
	at com.kms.katalon.core.main.TestCaseExecutor.doExecute(TestCaseExecutor.java:439)
	at com.kms.katalon.core.main.TestCaseExecutor.processExecutionPhase(TestCaseExecutor.java:418)
	at com.kms.katalon.core.main.TestCaseExecutor.accessMainPhase(TestCaseExecutor.java:410)
	at com.kms.katalon.core.main.TestCaseExecutor.execute(TestCaseExecutor.java:285)
	at com.kms.katalon.core.common.CommonExecutor.accessTestCaseMainPhase(CommonExecutor.java:65)
	at com.kms.katalon.core.main.TestSuiteExecutor.accessTestSuiteMainPhase(TestSuiteExecutor.java:150)
	at com.kms.katalon.core.main.TestSuiteExecutor.execute(TestSuiteExecutor.java:106)
	at com.kms.katalon.core.main.TestCaseMain.startTestSuite(TestCaseMain.java:180)
	at com.kms.katalon.core.main.TestCaseMain$startTestSuite$0.call(Unknown Source)
	at TempTestSuite1761139070913.run(TempTestSuite1761139070913.groovy:35)
	at java.base/jdk.internal.reflect.NativeMethodAccessorImpl.invoke0(Native Method)
	at java.base/jdk.internal.reflect.NativeMethodAccessorImpl.invoke(NativeMethodAccessorImpl.java:77)
	at java.base/jdk.internal.reflect.DelegatingMethodAccessorImpl.invoke(DelegatingMethodAccessorImpl.java:43)
)

22-10-2025T10:08:46 - [TEST_STEP][PASSED] - click(findTestObject("Object Repository/TripFocus/Page_TripFocus/a_Users")): Object: 'Object Repository/TripFocus/Page_TripFocus/a_Users' is clicked on

22-10-2025T10:08:47 - [MESSAGE][PASSED] - Object: 'Object Repository/TripFocus/Page_TripFocus/a_Users' is clicked on

22-10-2025T10:08:47 - [TEST_STEP][PASSED] - delay(3): Delayed 3 second(s)

22-10-2025T10:08:50 - [MESSAGE][PASSED] - Delayed 3 second(s)

22-10-2025T10:08:50 - [TEST_STEP][PASSED] - click(findTestObject("Object Repository/TripFocus/Page_TripFocus/button_Add New User")): Object: 'Object Repository/TripFocus/Page_TripFocus/button_Add New User' is clicked on

22-10-2025T10:08:50 - [MESSAGE][PASSED] - Object: 'Object Repository/TripFocus/Page_TripFocus/button_Add New User' is clicked on

22-10-2025T10:08:50 - [TEST_STEP][PASSED] - setText(findTestObject("Object Repository/TripFocus/Page_TripFocus/input_First Name_txtFirstName"), "NewUser"): Text 'NewUser' is set on object 'Object Repository/TripFocus/Page_TripFocus/input_First Name_txtFirstName'

22-10-2025T10:08:50 - [MESSAGE][PASSED] - Text 'NewUser' is set on object 'Object Repository/TripFocus/Page_TripFocus/input_First Name_txtFirstName'

22-10-2025T10:08:50 - [TEST_STEP][PASSED] - setText(findTestObject("Object Repository/TripFocus/Page_TripFocus/input_Last Name_txtLastName"), "Creation"): Text 'Creation' is set on object 'Object Repository/TripFocus/Page_TripFocus/input_Last Name_txtLastName'

22-10-2025T10:08:50 - [MESSAGE][PASSED] - Text 'Creation' is set on object 'Object Repository/TripFocus/Page_TripFocus/input_Last Name_txtLastName'

22-10-2025T10:08:50 - [TEST_STEP][PASSED] - setText(findTestObject("Object Repository/TripFocus/Page_TripFocus/input_Email_txtEmail"), "tftestingfor@gmail.com"): Text 'tftestingfor@gmail.com' is set on object 'Object Repository/TripFocus/Page_TripFocus/input_Email_txtEmail'

22-10-2025T10:08:51 - [MESSAGE][PASSED] - Text 'tftestingfor@gmail.com' is set on object 'Object Repository/TripFocus/Page_TripFocus/input_Email_txtEmail'

22-10-2025T10:08:51 - [TEST_STEP][PASSED] - setText(findTestObject("Object Repository/TripFocus/Page_TripFocus/input_Phone Number_txtPhoneNumber"), "(984) 573-9903"): Text '(984) 573-9903' is set on object 'Object Repository/TripFocus/Page_TripFocus/input_Phone Number_txtPhoneNumber'

22-10-2025T10:08:51 - [MESSAGE][PASSED] - Text '(984) 573-9903' is set on object 'Object Repository/TripFocus/Page_TripFocus/input_Phone Number_txtPhoneNumber'

22-10-2025T10:08:51 - [TEST_STEP][PASSED] - delay(1): Delayed 1 second(s)

22-10-2025T10:08:52 - [MESSAGE][PASSED] - Delayed 1 second(s)

22-10-2025T10:08:52 - [TEST_STEP][PASSED] - click(findTestObject("TripFocus/Users/Cancel_btn")): Object: 'Object Repository/TripFocus/Users/Cancel_btn' is clicked on

22-10-2025T10:08:52 - [MESSAGE][PASSED] - Object: 'Object Repository/TripFocus/Users/Cancel_btn' is clicked on

22-10-2025T10:08:52 - [TEST_STEP][PASSED] - delay(1): Delayed 1 second(s)

22-10-2025T10:08:53 - [MESSAGE][PASSED] - Delayed 1 second(s)

22-10-2025T10:08:53 - [TEST_STEP][PASSED] - verifyElementVisible(findTestObject("TripFocus/Users/Users_lbl")): Object 'Object Repository/TripFocus/Users/Users_lbl' is visible

22-10-2025T10:08:53 - [MESSAGE][PASSED] - Object 'Object Repository/TripFocus/Users/Users_lbl' is visible

22-10-2025T10:08:53 - [TEST_STEP][PASSED] - Start listener action : retryOnDisconnect: null

22-10-2025T10:08:53 - [TEST_STEP][PASSED] - tcId = testCaseContext.getTestCaseId(): null

22-10-2025T10:08:53 - [TEST_STEP][PASSED] - currentRetry = retryCounts.getOrDefault(tcId, 0): null

22-10-2025T10:08:53 - [TEST_STEP][PASSED] - if (testCaseContext.getTestCaseStatus() == "FAILED" && currentRetry < MAX_RETRIES): null]]></system-out>
         <system-err><![CDATA[]]></system-err>
      </testcase>
      <testcase name="Test Cases/TripFocus/FDG/FDG - UserPage/Edit/Data Restrictions/Add BillTos Data Restrictions" time="90.479" classname="Test Cases/TripFocus/FDG/FDG - UserPage/Edit/Data Restrictions/Add BillTos Data Restrictions" status="PASSED">
         <system-out><![CDATA[22-10-2025T10:08:53 - [TEST_CASE][PASSED] - Test Cases/TripFocus/FDG/FDG - UserPage/Edit/Data Restrictions/Add BillTos Data Restrictions: Test Cases/TripFocus/FDG/FDG - UserPage/Edit/Data Restrictions/Add BillTos Data Restrictions

22-10-2025T10:08:53 - [TEST_STEP][PASSED] - Start listener action : beforeTestCase: null

22-10-2025T10:08:53 - [TEST_STEP][PASSED] - addDefaultPackages(): null

22-10-2025T10:08:53 - [TEST_STEP][PASSED] - openBrowser(""): Browser is opened with url: ''

22-10-2025T10:08:53 - [MESSAGE][WARNING] - A browser is already opened. Closing browser and opening a new one

22-10-2025T10:08:53 - [MESSAGE][INFO] - Starting 'Chrome' driver

22-10-2025T10:08:53 - [MESSAGE][INFO] - User set preference: ['args', '[--no-sandbox, --disable-gpu, --disable-dev-shm-usage]']

22-10-2025T10:08:53 - [MESSAGE][INFO] - Action delay is set to 0 milliseconds

22-10-2025T10:08:54 - [MESSAGE][PASSED] - Browser is opened with url: ''

22-10-2025T10:08:54 - [TEST_STEP][PASSED] - navigateToUrl(TFBaseURL): Navigate to 'https://www.qa.tripfocus.com' successfully

22-10-2025T10:08:55 - [MESSAGE][PASSED] - Navigate to 'https://www.qa.tripfocus.com' successfully

22-10-2025T10:08:55 - [TEST_STEP][PASSED] - click(findTestObject("Object Repository/TripFocus/Page_TripFocus/button_Sign in")): Object: 'Object Repository/TripFocus/Page_TripFocus/button_Sign in' is clicked on

22-10-2025T10:08:56 - [MESSAGE][PASSED] - Object: 'Object Repository/TripFocus/Page_TripFocus/button_Sign in' is clicked on

22-10-2025T10:08:56 - [TEST_STEP][PASSED] - setText(findTestObject("Object Repository/TripFocus/Page_TripFocus/input_Username (e.g. email address)_Username"), TripFocusFDGUsername): Text 'Ashford.Chenault+QACustomerFDGONLY@thekag.com' is set on object 'Object Repository/TripFocus/Page_TripFocus/input_Username (e.g. email address)_Username'

22-10-2025T10:08:57 - [MESSAGE][PASSED] - Text 'Ashford.Chenault+QACustomerFDGONLY@thekag.com' is set on object 'Object Repository/TripFocus/Page_TripFocus/input_Username (e.g. email address)_Username'

22-10-2025T10:08:57 - [TEST_STEP][PASSED] - setText(findTestObject("Object Repository/TripFocus/Page_TripFocus/input_Password_Password"), TripFocusFDGSPGPassword): Text 'CrashBan911!!' is set on object 'Object Repository/TripFocus/Page_TripFocus/input_Password_Password'

22-10-2025T10:08:58 - [MESSAGE][PASSED] - Text 'CrashBan911!!' is set on object 'Object Repository/TripFocus/Page_TripFocus/input_Password_Password'

22-10-2025T10:08:58 - [TEST_STEP][PASSED] - click(findTestObject("Object Repository/TripFocus/Page_TripFocus/button_Login")): Object: 'Object Repository/TripFocus/Page_TripFocus/button_Login' is clicked on

22-10-2025T10:08:58 - [MESSAGE][PASSED] - Object: 'Object Repository/TripFocus/Page_TripFocus/button_Login' is clicked on

22-10-2025T10:08:58 - [TEST_STEP][PASSED] - maximizeWindow(): Current window maximized

22-10-2025T10:08:58 - [MESSAGE][PASSED] - Current window maximized

22-10-2025T10:08:58 - [TEST_STEP][PASSED] - waitForElementVisible(findTestObject("TripFocus/Testing_Notification_btn"), 15, OPTIONAL): Web element with id: 'Object Repository/TripFocus/Testing_Notification_btn' located by '//*[@id="__BVID__10___BV_modal_footer_"]/button' not found

22-10-2025T10:09:14 - [MESSAGE][INFO] - Unable to find the element located by 'By.xpath: //*[@id="__BVID__10___BV_modal_footer_"]/button'. Please recheck the objects properties to make sure the desired element is located. 

22-10-2025T10:09:14 - [MESSAGE][WARNING] - [SELF-HEALING] Failed to find element with id 'Object Repository/TripFocus/Testing_Notification_btn'. Try using Self-healing.

22-10-2025T10:09:15 - [MESSAGE][INFO] - [SELF-HEALING] No working XPath is found.

22-10-2025T10:09:17 - [MESSAGE][INFO] - Unable to find the element located by 'By.xpath: '. Please recheck the objects properties to make sure the desired element is located. 

22-10-2025T10:09:17 - [MESSAGE][WARNING] - [SELF-HEALING] Cannot find elements when the selector is null

22-10-2025T10:09:17 - [MESSAGE][WARNING] - Web element with id: 'Object Repository/TripFocus/Testing_Notification_btn' located by '//*[@id="__BVID__10___BV_modal_footer_"]/button' not found

22-10-2025T10:09:17 - [TEST_STEP][PASSED] - if (verifyElementVisible(findTestObject("TripFocus/Testing_Notification_btn"), OPTIONAL) == true): Web element with id: 'Object Repository/TripFocus/Testing_Notification_btn' located by '//*[@id="__BVID__10___BV_modal_footer_"]/button' not found (Root cause: com.kms.katalon.core.exception.StepFailedException: Web element with id: 'Object Repository/TripFocus/Testing_Notification_btn' located by '//*[@id="__BVID__10___BV_modal_footer_"]/button' not found
	at com.kms.katalon.core.webui.keyword.internal.WebUIKeywordMain.stepFailed(WebUIKeywordMain.groovy:117)
	at com.kms.katalon.core.webui.keyword.builtin.VerifyElementVisibleKeyword$_verifyElementVisible_closure1.doCall(VerifyElementVisibleKeyword.groovy:89)
	at com.kms.katalon.core.webui.keyword.builtin.VerifyElementVisibleKeyword$_verifyElementVisible_closure1.call(VerifyElementVisibleKeyword.groovy)
	at com.kms.katalon.core.webui.keyword.internal.WebUIKeywordMain.runKeyword(WebUIKeywordMain.groovy:35)
	at com.kms.katalon.core.webui.keyword.builtin.VerifyElementVisibleKeyword.verifyElementVisible(VerifyElementVisibleKeyword.groovy:97)
	at com.kms.katalon.core.webui.keyword.builtin.VerifyElementVisibleKeyword.execute(VerifyElementVisibleKeyword.groovy:67)
	at com.kms.katalon.core.keyword.internal.KeywordExecutor.executeKeywordForPlatform(KeywordExecutor.groovy:74)
	at com.kms.katalon.core.webui.keyword.WebUiBuiltInKeywords.verifyElementVisible(WebUiBuiltInKeywords.groovy:401)
	at com.kms.katalon.core.webui.keyword.WebUiBuiltInKeywords$verifyElementVisible$5.call(Unknown Source)
	at Add BillTos Data Restrictions.run(Add BillTos Data Restrictions:38)
	at com.kms.katalon.core.main.ScriptEngine.run(ScriptEngine.java:194)
	at com.kms.katalon.core.main.ScriptEngine.runScriptAsRawText(ScriptEngine.java:119)
	at com.kms.katalon.core.main.TestCaseExecutor.runScript(TestCaseExecutor.java:448)
	at com.kms.katalon.core.main.TestCaseExecutor.doExecute(TestCaseExecutor.java:439)
	at com.kms.katalon.core.main.TestCaseExecutor.processExecutionPhase(TestCaseExecutor.java:418)
	at com.kms.katalon.core.main.TestCaseExecutor.accessMainPhase(TestCaseExecutor.java:410)
	at com.kms.katalon.core.main.TestCaseExecutor.execute(TestCaseExecutor.java:285)
	at com.kms.katalon.core.common.CommonExecutor.accessTestCaseMainPhase(CommonExecutor.java:65)
	at com.kms.katalon.core.main.TestSuiteExecutor.accessTestSuiteMainPhase(TestSuiteExecutor.java:150)
	at com.kms.katalon.core.main.TestSuiteExecutor.execute(TestSuiteExecutor.java:106)
	at com.kms.katalon.core.main.TestCaseMain.startTestSuite(TestCaseMain.java:180)
	at com.kms.katalon.core.main.TestCaseMain$startTestSuite$0.call(Unknown Source)
	at TempTestSuite1761139070913.run(TempTestSuite1761139070913.groovy:35)
	at java.base/jdk.internal.reflect.NativeMethodAccessorImpl.invoke0(Native Method)
	at java.base/jdk.internal.reflect.NativeMethodAccessorImpl.invoke(NativeMethodAccessorImpl.java:77)
	at java.base/jdk.internal.reflect.DelegatingMethodAccessorImpl.invoke(DelegatingMethodAccessorImpl.java:43)
)

22-10-2025T10:09:33 - [MESSAGE][INFO] - Unable to find the element located by 'By.xpath: //*[@id="__BVID__10___BV_modal_footer_"]/button'. Please recheck the objects properties to make sure the desired element is located. 

22-10-2025T10:09:33 - [MESSAGE][WARNING] - [SELF-HEALING] Failed to find element with id 'Object Repository/TripFocus/Testing_Notification_btn'. Try using Self-healing.

22-10-2025T10:09:34 - [MESSAGE][INFO] - [SELF-HEALING] No working XPath is found.

22-10-2025T10:09:36 - [MESSAGE][INFO] - Unable to find the element located by 'By.xpath: '. Please recheck the objects properties to make sure the desired element is located. 

22-10-2025T10:09:36 - [MESSAGE][WARNING] - [SELF-HEALING] Cannot find elements when the selector is null

22-10-2025T10:09:36 - [MESSAGE][WARNING] - Web element with id: 'Object Repository/TripFocus/Testing_Notification_btn' located by '//*[@id="__BVID__10___BV_modal_footer_"]/button' not found (Root cause: com.kms.katalon.core.exception.StepFailedException: Web element with id: 'Object Repository/TripFocus/Testing_Notification_btn' located by '//*[@id="__BVID__10___BV_modal_footer_"]/button' not found
	at com.kms.katalon.core.webui.keyword.internal.WebUIKeywordMain.stepFailed(WebUIKeywordMain.groovy:117)
	at com.kms.katalon.core.webui.keyword.builtin.VerifyElementVisibleKeyword$_verifyElementVisible_closure1.doCall(VerifyElementVisibleKeyword.groovy:89)
	at com.kms.katalon.core.webui.keyword.builtin.VerifyElementVisibleKeyword$_verifyElementVisible_closure1.call(VerifyElementVisibleKeyword.groovy)
	at com.kms.katalon.core.webui.keyword.internal.WebUIKeywordMain.runKeyword(WebUIKeywordMain.groovy:35)
	at com.kms.katalon.core.webui.keyword.builtin.VerifyElementVisibleKeyword.verifyElementVisible(VerifyElementVisibleKeyword.groovy:97)
	at com.kms.katalon.core.webui.keyword.builtin.VerifyElementVisibleKeyword.execute(VerifyElementVisibleKeyword.groovy:67)
	at com.kms.katalon.core.keyword.internal.KeywordExecutor.executeKeywordForPlatform(KeywordExecutor.groovy:74)
	at com.kms.katalon.core.webui.keyword.WebUiBuiltInKeywords.verifyElementVisible(WebUiBuiltInKeywords.groovy:401)
	at com.kms.katalon.core.webui.keyword.WebUiBuiltInKeywords$verifyElementVisible$5.call(Unknown Source)
	at Add BillTos Data Restrictions.run(Add BillTos Data Restrictions:38)
	at com.kms.katalon.core.main.ScriptEngine.run(ScriptEngine.java:194)
	at com.kms.katalon.core.main.ScriptEngine.runScriptAsRawText(ScriptEngine.java:119)
	at com.kms.katalon.core.main.TestCaseExecutor.runScript(TestCaseExecutor.java:448)
	at com.kms.katalon.core.main.TestCaseExecutor.doExecute(TestCaseExecutor.java:439)
	at com.kms.katalon.core.main.TestCaseExecutor.processExecutionPhase(TestCaseExecutor.java:418)
	at com.kms.katalon.core.main.TestCaseExecutor.accessMainPhase(TestCaseExecutor.java:410)
	at com.kms.katalon.core.main.TestCaseExecutor.execute(TestCaseExecutor.java:285)
	at com.kms.katalon.core.common.CommonExecutor.accessTestCaseMainPhase(CommonExecutor.java:65)
	at com.kms.katalon.core.main.TestSuiteExecutor.accessTestSuiteMainPhase(TestSuiteExecutor.java:150)
	at com.kms.katalon.core.main.TestSuiteExecutor.execute(TestSuiteExecutor.java:106)
	at com.kms.katalon.core.main.TestCaseMain.startTestSuite(TestCaseMain.java:180)
	at com.kms.katalon.core.main.TestCaseMain$startTestSuite$0.call(Unknown Source)
	at TempTestSuite1761139070913.run(TempTestSuite1761139070913.groovy:35)
	at java.base/jdk.internal.reflect.NativeMethodAccessorImpl.invoke0(Native Method)
	at java.base/jdk.internal.reflect.NativeMethodAccessorImpl.invoke(NativeMethodAccessorImpl.java:77)
	at java.base/jdk.internal.reflect.DelegatingMethodAccessorImpl.invoke(DelegatingMethodAccessorImpl.java:43)
)

22-10-2025T10:09:36 - [TEST_STEP][PASSED] - click(findTestObject("Object Repository/TripFocus/Page_TripFocus/a_Users")): Object: 'Object Repository/TripFocus/Page_TripFocus/a_Users' is clicked on

22-10-2025T10:09:36 - [MESSAGE][PASSED] - Object: 'Object Repository/TripFocus/Page_TripFocus/a_Users' is clicked on

22-10-2025T10:09:36 - [TEST_STEP][PASSED] - delay(5): Delayed 5 second(s)

22-10-2025T10:09:41 - [MESSAGE][PASSED] - Delayed 5 second(s)

22-10-2025T10:09:41 - [TEST_STEP][PASSED] - setText(findTestObject("TripFocus/Users/User_Search_txt"), "ashfordFDGTesting"): Text 'ashfordFDGTesting' is set on object 'Object Repository/TripFocus/Users/User_Search_txt'

22-10-2025T10:09:42 - [MESSAGE][PASSED] - Text 'ashfordFDGTesting' is set on object 'Object Repository/TripFocus/Users/User_Search_txt'

22-10-2025T10:09:42 - [TEST_STEP][PASSED] - delay(2): Delayed 2 second(s)

22-10-2025T10:09:44 - [MESSAGE][PASSED] - Delayed 2 second(s)

22-10-2025T10:09:44 - [TEST_STEP][PASSED] - click(findTestObject("Object Repository/TripFocus/Page_TripFocus/button_Edit")): Object: 'Object Repository/TripFocus/Page_TripFocus/button_Edit' is clicked on

22-10-2025T10:09:44 - [MESSAGE][PASSED] - Object: 'Object Repository/TripFocus/Page_TripFocus/button_Edit' is clicked on

22-10-2025T10:09:44 - [TEST_STEP][PASSED] - delay(15): Delayed 15 second(s)

22-10-2025T10:09:59 - [MESSAGE][PASSED] - Delayed 15 second(s)

22-10-2025T10:09:59 - [TEST_STEP][PASSED] - click(findTestObject("TripFocus/Users/Data Restrictions/Data_Restrictions_tab")): Object: 'Object Repository/TripFocus/Users/Data Restrictions/Data_Restrictions_tab' is clicked on

22-10-2025T10:09:59 - [MESSAGE][PASSED] - Object: 'Object Repository/TripFocus/Users/Data Restrictions/Data_Restrictions_tab' is clicked on

22-10-2025T10:09:59 - [TEST_STEP][PASSED] - delay(2): Delayed 2 second(s)

22-10-2025T10:10:01 - [MESSAGE][PASSED] - Delayed 2 second(s)

22-10-2025T10:10:01 - [TEST_STEP][PASSED] - click(findTestObject("TripFocus/Users/Data Restrictions/Divisions_dropdown"), STOP_ON_FAILURE): Object: 'Object Repository/TripFocus/Users/Data Restrictions/Divisions_dropdown' is clicked on

22-10-2025T10:10:01 - [MESSAGE][PASSED] - Object: 'Object Repository/TripFocus/Users/Data Restrictions/Divisions_dropdown' is clicked on

22-10-2025T10:10:01 - [TEST_STEP][PASSED] - delay(1): Delayed 1 second(s)

22-10-2025T10:10:02 - [MESSAGE][PASSED] - Delayed 1 second(s)

22-10-2025T10:10:02 - [TEST_STEP][PASSED] - sendKeys(findTestObject("TripFocus/Users/Data Restrictions/Divisions_txt"), "FDG"): Keys 'FDG' sent to object: 'Object Repository/TripFocus/Users/Data Restrictions/Divisions_txt'

22-10-2025T10:10:03 - [MESSAGE][PASSED] - Keys 'FDG' sent to object: 'Object Repository/TripFocus/Users/Data Restrictions/Divisions_txt'

22-10-2025T10:10:03 - [TEST_STEP][PASSED] - delay(1): Delayed 1 second(s)

22-10-2025T10:10:04 - [MESSAGE][PASSED] - Delayed 1 second(s)

22-10-2025T10:10:04 - [TEST_STEP][PASSED] - sendKeys(findTestObject("TripFocus/Users/Data Restrictions/Divisions_txt"), Keys.chord(ENTER)): Keys 'ENTER + ' sent to object: 'Object Repository/TripFocus/Users/Data Restrictions/Divisions_txt'

22-10-2025T10:10:04 - [MESSAGE][PASSED] - Keys 'ENTER + ' sent to object: 'Object Repository/TripFocus/Users/Data Restrictions/Divisions_txt'

22-10-2025T10:10:04 - [TEST_STEP][PASSED] - delay(2): Delayed 2 second(s)

22-10-2025T10:10:06 - [MESSAGE][PASSED] - Delayed 2 second(s)

22-10-2025T10:10:06 - [TEST_STEP][PASSED] - click(findTestObject("TripFocus/Users/Data Restrictions/BillTos_dropdown"), STOP_ON_FAILURE): Object: 'Object Repository/TripFocus/Users/Data Restrictions/BillTos_dropdown' is clicked on

22-10-2025T10:10:06 - [MESSAGE][PASSED] - Object: 'Object Repository/TripFocus/Users/Data Restrictions/BillTos_dropdown' is clicked on

22-10-2025T10:10:06 - [TEST_STEP][PASSED] - delay(10): Delayed 10 second(s)

22-10-2025T10:10:16 - [MESSAGE][PASSED] - Delayed 10 second(s)

22-10-2025T10:10:16 - [TEST_STEP][PASSED] - sendKeys(findTestObject("TripFocus/Users/Data Restrictions/BillTos_txt"), "6TH Street Petro"): Keys '6TH Street Petro' sent to object: 'Object Repository/TripFocus/Users/Data Restrictions/BillTos_txt'

22-10-2025T10:10:16 - [MESSAGE][PASSED] - Keys '6TH Street Petro' sent to object: 'Object Repository/TripFocus/Users/Data Restrictions/BillTos_txt'

22-10-2025T10:10:16 - [TEST_STEP][PASSED] - delay(1): Delayed 1 second(s)

22-10-2025T10:10:17 - [MESSAGE][PASSED] - Delayed 1 second(s)

22-10-2025T10:10:17 - [TEST_STEP][PASSED] - sendKeys(findTestObject("TripFocus/Users/Data Restrictions/BillTos_txt"), Keys.chord(ENTER)): Keys 'ENTER + ' sent to object: 'Object Repository/TripFocus/Users/Data Restrictions/BillTos_txt'

22-10-2025T10:10:17 - [MESSAGE][PASSED] - Keys 'ENTER + ' sent to object: 'Object Repository/TripFocus/Users/Data Restrictions/BillTos_txt'

22-10-2025T10:10:17 - [TEST_STEP][PASSED] - delay(1): Delayed 1 second(s)

22-10-2025T10:10:18 - [MESSAGE][PASSED] - Delayed 1 second(s)

22-10-2025T10:10:18 - [TEST_STEP][PASSED] - click(findTestObject("TripFocus/Users/Data Restrictions/Preview_Data_Restrictions_btn"), STOP_ON_FAILURE): Object: 'Object Repository/TripFocus/Users/Data Restrictions/Preview_Data_Restrictions_btn' is clicked on

22-10-2025T10:10:18 - [MESSAGE][PASSED] - Object: 'Object Repository/TripFocus/Users/Data Restrictions/Preview_Data_Restrictions_btn' is clicked on

22-10-2025T10:10:18 - [TEST_STEP][PASSED] - waitForElementVisible(findTestObject("TripFocus/Users/Data Restrictions/Preview_Data_Restrictions_btn"), 10): Object 'Object Repository/TripFocus/Users/Data Restrictions/Preview_Data_Restrictions_btn' is visible

22-10-2025T10:10:18 - [MESSAGE][PASSED] - Object 'Object Repository/TripFocus/Users/Data Restrictions/Preview_Data_Restrictions_btn' is visible

22-10-2025T10:10:18 - [TEST_STEP][PASSED] - click(findTestObject("TripFocus/Users/Data Restrictions/Save_Data_Restrictions_btn"), STOP_ON_FAILURE): Object: 'Object Repository/TripFocus/Users/Data Restrictions/Save_Data_Restrictions_btn' is clicked on

22-10-2025T10:10:18 - [MESSAGE][PASSED] - Object: 'Object Repository/TripFocus/Users/Data Restrictions/Save_Data_Restrictions_btn' is clicked on

22-10-2025T10:10:18 - [TEST_STEP][PASSED] - delay(1): Delayed 1 second(s)

22-10-2025T10:10:19 - [MESSAGE][PASSED] - Delayed 1 second(s)

22-10-2025T10:10:19 - [TEST_STEP][PASSED] - verifyElementPresent(findTestObject("TripFocus/Toasty_Message"), 10): Object 'Object Repository/TripFocus/Toasty_Message' is present

22-10-2025T10:10:19 - [MESSAGE][PASSED] - Object 'Object Repository/TripFocus/Toasty_Message' is present

22-10-2025T10:10:19 - [TEST_STEP][PASSED] - verifyElementText(findTestObject("TripFocus/Toasty_Message"), "User Data Restrictions added successfully."): Actual text and expected text of test object 'Object Repository/TripFocus/Toasty_Message' are matched.

22-10-2025T10:10:19 - [MESSAGE][PASSED] - Actual text and expected text of test object 'Object Repository/TripFocus/Toasty_Message' are matched.

22-10-2025T10:10:19 - [TEST_STEP][PASSED] - delay(2): Delayed 2 second(s)

22-10-2025T10:10:21 - [MESSAGE][PASSED] - Delayed 2 second(s)

22-10-2025T10:10:21 - [TEST_STEP][PASSED] - click(findTestObject("TripFocus/Users/Data Restrictions/Data_Restrictions_tab")): Object: 'Object Repository/TripFocus/Users/Data Restrictions/Data_Restrictions_tab' is clicked on

22-10-2025T10:10:21 - [MESSAGE][PASSED] - Object: 'Object Repository/TripFocus/Users/Data Restrictions/Data_Restrictions_tab' is clicked on

22-10-2025T10:10:21 - [TEST_STEP][PASSED] - delay(2): Delayed 2 second(s)

22-10-2025T10:10:23 - [MESSAGE][PASSED] - Delayed 2 second(s)

22-10-2025T10:10:23 - [TEST_STEP][PASSED] - click(findTestObject("TripFocus/Users/Data Restrictions/Delete_Restriction_btn")): Object: 'Object Repository/TripFocus/Users/Data Restrictions/Delete_Restriction_btn' is clicked on

22-10-2025T10:10:24 - [MESSAGE][PASSED] - Object: 'Object Repository/TripFocus/Users/Data Restrictions/Delete_Restriction_btn' is clicked on

22-10-2025T10:10:24 - [TEST_STEP][PASSED] - Start listener action : retryOnDisconnect: null

22-10-2025T10:10:24 - [TEST_STEP][PASSED] - tcId = testCaseContext.getTestCaseId(): null

22-10-2025T10:10:24 - [TEST_STEP][PASSED] - currentRetry = retryCounts.getOrDefault(tcId, 0): null

22-10-2025T10:10:24 - [TEST_STEP][PASSED] - if (testCaseContext.getTestCaseStatus() == "FAILED" && currentRetry < MAX_RETRIES): null]]></system-out>
         <system-err><![CDATA[]]></system-err>
      </testcase>
      <testcase name="Test Cases/TripFocus/FDG/FDG - UserPage/Edit/Data Restrictions/Add Commodities Data Restrictions" time="99.425" classname="Test Cases/TripFocus/FDG/FDG - UserPage/Edit/Data Restrictions/Add Commodities Data Restrictions" status="PASSED">
         <system-out><![CDATA[22-10-2025T10:10:24 - [TEST_CASE][PASSED] - Test Cases/TripFocus/FDG/FDG - UserPage/Edit/Data Restrictions/Add Commodities Data Restrictions: Test Cases/TripFocus/FDG/FDG - UserPage/Edit/Data Restrictions/Add Commodities Data Restrictions

22-10-2025T10:10:24 - [TEST_STEP][PASSED] - Start listener action : beforeTestCase: null

22-10-2025T10:10:24 - [TEST_STEP][PASSED] - addDefaultPackages(): null

22-10-2025T10:10:24 - [TEST_STEP][PASSED] - openBrowser(""): Browser is opened with url: ''

22-10-2025T10:10:24 - [MESSAGE][WARNING] - A browser is already opened. Closing browser and opening a new one

22-10-2025T10:10:24 - [MESSAGE][INFO] - Starting 'Chrome' driver

22-10-2025T10:10:24 - [MESSAGE][INFO] - User set preference: ['args', '[--no-sandbox, --disable-gpu, --disable-dev-shm-usage]']

22-10-2025T10:10:24 - [MESSAGE][INFO] - Action delay is set to 0 milliseconds

22-10-2025T10:10:25 - [MESSAGE][PASSED] - Browser is opened with url: ''

22-10-2025T10:10:25 - [TEST_STEP][PASSED] - navigateToUrl(TFBaseURL): Navigate to 'https://www.qa.tripfocus.com' successfully

22-10-2025T10:10:25 - [MESSAGE][PASSED] - Navigate to 'https://www.qa.tripfocus.com' successfully

22-10-2025T10:10:25 - [TEST_STEP][PASSED] - click(findTestObject("Object Repository/TripFocus/Page_TripFocus/button_Sign in")): Object: 'Object Repository/TripFocus/Page_TripFocus/button_Sign in' is clicked on

22-10-2025T10:10:26 - [MESSAGE][PASSED] - Object: 'Object Repository/TripFocus/Page_TripFocus/button_Sign in' is clicked on

22-10-2025T10:10:26 - [TEST_STEP][PASSED] - setText(findTestObject("Object Repository/TripFocus/Page_TripFocus/input_Username (e.g. email address)_Username"), TripFocusFDGUsername): Text 'Ashford.Chenault+QACustomerFDGONLY@thekag.com' is set on object 'Object Repository/TripFocus/Page_TripFocus/input_Username (e.g. email address)_Username'

22-10-2025T10:10:26 - [MESSAGE][PASSED] - Text 'Ashford.Chenault+QACustomerFDGONLY@thekag.com' is set on object 'Object Repository/TripFocus/Page_TripFocus/input_Username (e.g. email address)_Username'

22-10-2025T10:10:26 - [TEST_STEP][PASSED] - setText(findTestObject("Object Repository/TripFocus/Page_TripFocus/input_Password_Password"), TripFocusFDGSPGPassword): Text 'CrashBan911!!' is set on object 'Object Repository/TripFocus/Page_TripFocus/input_Password_Password'

22-10-2025T10:10:26 - [MESSAGE][PASSED] - Text 'CrashBan911!!' is set on object 'Object Repository/TripFocus/Page_TripFocus/input_Password_Password'

22-10-2025T10:10:26 - [TEST_STEP][PASSED] - click(findTestObject("Object Repository/TripFocus/Page_TripFocus/button_Login")): Object: 'Object Repository/TripFocus/Page_TripFocus/button_Login' is clicked on

22-10-2025T10:10:27 - [MESSAGE][PASSED] - Object: 'Object Repository/TripFocus/Page_TripFocus/button_Login' is clicked on

22-10-2025T10:10:27 - [TEST_STEP][PASSED] - maximizeWindow(): Current window maximized

22-10-2025T10:10:27 - [MESSAGE][PASSED] - Current window maximized

22-10-2025T10:10:27 - [TEST_STEP][PASSED] - waitForElementVisible(findTestObject("TripFocus/Testing_Notification_btn"), 15, OPTIONAL): Web element with id: 'Object Repository/TripFocus/Testing_Notification_btn' located by '//*[@id="__BVID__10___BV_modal_footer_"]/button' not found

22-10-2025T10:10:43 - [MESSAGE][INFO] - Unable to find the element located by 'By.xpath: //*[@id="__BVID__10___BV_modal_footer_"]/button'. Please recheck the objects properties to make sure the desired element is located. 

22-10-2025T10:10:43 - [MESSAGE][WARNING] - [SELF-HEALING] Failed to find element with id 'Object Repository/TripFocus/Testing_Notification_btn'. Try using Self-healing.

22-10-2025T10:10:44 - [MESSAGE][INFO] - [SELF-HEALING] No working XPath is found.

22-10-2025T10:10:46 - [MESSAGE][INFO] - Unable to find the element located by 'By.xpath: '. Please recheck the objects properties to make sure the desired element is located. 

22-10-2025T10:10:46 - [MESSAGE][WARNING] - [SELF-HEALING] Cannot find elements when the selector is null

22-10-2025T10:10:46 - [MESSAGE][WARNING] - Web element with id: 'Object Repository/TripFocus/Testing_Notification_btn' located by '//*[@id="__BVID__10___BV_modal_footer_"]/button' not found

22-10-2025T10:10:46 - [TEST_STEP][PASSED] - if (verifyElementVisible(findTestObject("TripFocus/Testing_Notification_btn"), OPTIONAL) == true): Web element with id: 'Object Repository/TripFocus/Testing_Notification_btn' located by '//*[@id="__BVID__10___BV_modal_footer_"]/button' not found (Root cause: com.kms.katalon.core.exception.StepFailedException: Web element with id: 'Object Repository/TripFocus/Testing_Notification_btn' located by '//*[@id="__BVID__10___BV_modal_footer_"]/button' not found
	at com.kms.katalon.core.webui.keyword.internal.WebUIKeywordMain.stepFailed(WebUIKeywordMain.groovy:117)
	at com.kms.katalon.core.webui.keyword.builtin.VerifyElementVisibleKeyword$_verifyElementVisible_closure1.doCall(VerifyElementVisibleKeyword.groovy:89)
	at com.kms.katalon.core.webui.keyword.builtin.VerifyElementVisibleKeyword$_verifyElementVisible_closure1.call(VerifyElementVisibleKeyword.groovy)
	at com.kms.katalon.core.webui.keyword.internal.WebUIKeywordMain.runKeyword(WebUIKeywordMain.groovy:35)
	at com.kms.katalon.core.webui.keyword.builtin.VerifyElementVisibleKeyword.verifyElementVisible(VerifyElementVisibleKeyword.groovy:97)
	at com.kms.katalon.core.webui.keyword.builtin.VerifyElementVisibleKeyword.execute(VerifyElementVisibleKeyword.groovy:67)
	at com.kms.katalon.core.keyword.internal.KeywordExecutor.executeKeywordForPlatform(KeywordExecutor.groovy:74)
	at com.kms.katalon.core.webui.keyword.WebUiBuiltInKeywords.verifyElementVisible(WebUiBuiltInKeywords.groovy:401)
	at com.kms.katalon.core.webui.keyword.WebUiBuiltInKeywords$verifyElementVisible$5.call(Unknown Source)
	at Add Commodities Data Restrictions.run(Add Commodities Data Restrictions:38)
	at com.kms.katalon.core.main.ScriptEngine.run(ScriptEngine.java:194)
	at com.kms.katalon.core.main.ScriptEngine.runScriptAsRawText(ScriptEngine.java:119)
	at com.kms.katalon.core.main.TestCaseExecutor.runScript(TestCaseExecutor.java:448)
	at com.kms.katalon.core.main.TestCaseExecutor.doExecute(TestCaseExecutor.java:439)
	at com.kms.katalon.core.main.TestCaseExecutor.processExecutionPhase(TestCaseExecutor.java:418)
	at com.kms.katalon.core.main.TestCaseExecutor.accessMainPhase(TestCaseExecutor.java:410)
	at com.kms.katalon.core.main.TestCaseExecutor.execute(TestCaseExecutor.java:285)
	at com.kms.katalon.core.common.CommonExecutor.accessTestCaseMainPhase(CommonExecutor.java:65)
	at com.kms.katalon.core.main.TestSuiteExecutor.accessTestSuiteMainPhase(TestSuiteExecutor.java:150)
	at com.kms.katalon.core.main.TestSuiteExecutor.execute(TestSuiteExecutor.java:106)
	at com.kms.katalon.core.main.TestCaseMain.startTestSuite(TestCaseMain.java:180)
	at com.kms.katalon.core.main.TestCaseMain$startTestSuite$0.call(Unknown Source)
	at TempTestSuite1761139070913.run(TempTestSuite1761139070913.groovy:35)
	at java.base/jdk.internal.reflect.NativeMethodAccessorImpl.invoke0(Native Method)
	at java.base/jdk.internal.reflect.NativeMethodAccessorImpl.invoke(NativeMethodAccessorImpl.java:77)
	at java.base/jdk.internal.reflect.DelegatingMethodAccessorImpl.invoke(DelegatingMethodAccessorImpl.java:43)
)

22-10-2025T10:11:02 - [MESSAGE][INFO] - Unable to find the element located by 'By.xpath: //*[@id="__BVID__10___BV_modal_footer_"]/button'. Please recheck the objects properties to make sure the desired element is located. 

22-10-2025T10:11:02 - [MESSAGE][WARNING] - [SELF-HEALING] Failed to find element with id 'Object Repository/TripFocus/Testing_Notification_btn'. Try using Self-healing.

22-10-2025T10:11:03 - [MESSAGE][INFO] - [SELF-HEALING] No working XPath is found.

22-10-2025T10:11:05 - [MESSAGE][INFO] - Unable to find the element located by 'By.xpath: '. Please recheck the objects properties to make sure the desired element is located. 

22-10-2025T10:11:05 - [MESSAGE][WARNING] - [SELF-HEALING] Cannot find elements when the selector is null

22-10-2025T10:11:05 - [MESSAGE][WARNING] - Web element with id: 'Object Repository/TripFocus/Testing_Notification_btn' located by '//*[@id="__BVID__10___BV_modal_footer_"]/button' not found (Root cause: com.kms.katalon.core.exception.StepFailedException: Web element with id: 'Object Repository/TripFocus/Testing_Notification_btn' located by '//*[@id="__BVID__10___BV_modal_footer_"]/button' not found
	at com.kms.katalon.core.webui.keyword.internal.WebUIKeywordMain.stepFailed(WebUIKeywordMain.groovy:117)
	at com.kms.katalon.core.webui.keyword.builtin.VerifyElementVisibleKeyword$_verifyElementVisible_closure1.doCall(VerifyElementVisibleKeyword.groovy:89)
	at com.kms.katalon.core.webui.keyword.builtin.VerifyElementVisibleKeyword$_verifyElementVisible_closure1.call(VerifyElementVisibleKeyword.groovy)
	at com.kms.katalon.core.webui.keyword.internal.WebUIKeywordMain.runKeyword(WebUIKeywordMain.groovy:35)
	at com.kms.katalon.core.webui.keyword.builtin.VerifyElementVisibleKeyword.verifyElementVisible(VerifyElementVisibleKeyword.groovy:97)
	at com.kms.katalon.core.webui.keyword.builtin.VerifyElementVisibleKeyword.execute(VerifyElementVisibleKeyword.groovy:67)
	at com.kms.katalon.core.keyword.internal.KeywordExecutor.executeKeywordForPlatform(KeywordExecutor.groovy:74)
	at com.kms.katalon.core.webui.keyword.WebUiBuiltInKeywords.verifyElementVisible(WebUiBuiltInKeywords.groovy:401)
	at com.kms.katalon.core.webui.keyword.WebUiBuiltInKeywords$verifyElementVisible$5.call(Unknown Source)
	at Add Commodities Data Restrictions.run(Add Commodities Data Restrictions:38)
	at com.kms.katalon.core.main.ScriptEngine.run(ScriptEngine.java:194)
	at com.kms.katalon.core.main.ScriptEngine.runScriptAsRawText(ScriptEngine.java:119)
	at com.kms.katalon.core.main.TestCaseExecutor.runScript(TestCaseExecutor.java:448)
	at com.kms.katalon.core.main.TestCaseExecutor.doExecute(TestCaseExecutor.java:439)
	at com.kms.katalon.core.main.TestCaseExecutor.processExecutionPhase(TestCaseExecutor.java:418)
	at com.kms.katalon.core.main.TestCaseExecutor.accessMainPhase(TestCaseExecutor.java:410)
	at com.kms.katalon.core.main.TestCaseExecutor.execute(TestCaseExecutor.java:285)
	at com.kms.katalon.core.common.CommonExecutor.accessTestCaseMainPhase(CommonExecutor.java:65)
	at com.kms.katalon.core.main.TestSuiteExecutor.accessTestSuiteMainPhase(TestSuiteExecutor.java:150)
	at com.kms.katalon.core.main.TestSuiteExecutor.execute(TestSuiteExecutor.java:106)
	at com.kms.katalon.core.main.TestCaseMain.startTestSuite(TestCaseMain.java:180)
	at com.kms.katalon.core.main.TestCaseMain$startTestSuite$0.call(Unknown Source)
	at TempTestSuite1761139070913.run(TempTestSuite1761139070913.groovy:35)
	at java.base/jdk.internal.reflect.NativeMethodAccessorImpl.invoke0(Native Method)
	at java.base/jdk.internal.reflect.NativeMethodAccessorImpl.invoke(NativeMethodAccessorImpl.java:77)
	at java.base/jdk.internal.reflect.DelegatingMethodAccessorImpl.invoke(DelegatingMethodAccessorImpl.java:43)
)

22-10-2025T10:11:05 - [TEST_STEP][PASSED] - click(findTestObject("Object Repository/TripFocus/Page_TripFocus/a_Users")): Object: 'Object Repository/TripFocus/Page_TripFocus/a_Users' is clicked on

22-10-2025T10:11:05 - [MESSAGE][PASSED] - Object: 'Object Repository/TripFocus/Page_TripFocus/a_Users' is clicked on

22-10-2025T10:11:05 - [TEST_STEP][PASSED] - delay(5): Delayed 5 second(s)

22-10-2025T10:11:10 - [MESSAGE][PASSED] - Delayed 5 second(s)

22-10-2025T10:11:10 - [TEST_STEP][PASSED] - setText(findTestObject("TripFocus/Users/User_Search_txt"), "ashfordFDGTesting"): Text 'ashfordFDGTesting' is set on object 'Object Repository/TripFocus/Users/User_Search_txt'

22-10-2025T10:11:10 - [MESSAGE][PASSED] - Text 'ashfordFDGTesting' is set on object 'Object Repository/TripFocus/Users/User_Search_txt'

22-10-2025T10:11:10 - [TEST_STEP][PASSED] - delay(2): Delayed 2 second(s)

22-10-2025T10:11:12 - [MESSAGE][PASSED] - Delayed 2 second(s)

22-10-2025T10:11:12 - [TEST_STEP][PASSED] - click(findTestObject("Object Repository/TripFocus/Page_TripFocus/button_Edit")): Object: 'Object Repository/TripFocus/Page_TripFocus/button_Edit' is clicked on

22-10-2025T10:11:12 - [MESSAGE][PASSED] - Object: 'Object Repository/TripFocus/Page_TripFocus/button_Edit' is clicked on

22-10-2025T10:11:12 - [TEST_STEP][PASSED] - delay(15): Delayed 15 second(s)

22-10-2025T10:11:27 - [MESSAGE][PASSED] - Delayed 15 second(s)

22-10-2025T10:11:27 - [TEST_STEP][PASSED] - click(findTestObject("TripFocus/Users/Data Restrictions/Data_Restrictions_tab")): Object: 'Object Repository/TripFocus/Users/Data Restrictions/Data_Restrictions_tab' is clicked on

22-10-2025T10:11:28 - [MESSAGE][PASSED] - Object: 'Object Repository/TripFocus/Users/Data Restrictions/Data_Restrictions_tab' is clicked on

22-10-2025T10:11:28 - [TEST_STEP][PASSED] - delay(2): Delayed 2 second(s)

22-10-2025T10:11:30 - [MESSAGE][PASSED] - Delayed 2 second(s)

22-10-2025T10:11:30 - [TEST_STEP][PASSED] - click(findTestObject("TripFocus/Users/Data Restrictions/Divisions_dropdown"), STOP_ON_FAILURE): Object: 'Object Repository/TripFocus/Users/Data Restrictions/Divisions_dropdown' is clicked on

22-10-2025T10:11:30 - [MESSAGE][PASSED] - Object: 'Object Repository/TripFocus/Users/Data Restrictions/Divisions_dropdown' is clicked on

22-10-2025T10:11:30 - [TEST_STEP][PASSED] - delay(1): Delayed 1 second(s)

22-10-2025T10:11:31 - [MESSAGE][PASSED] - Delayed 1 second(s)

22-10-2025T10:11:31 - [TEST_STEP][PASSED] - sendKeys(findTestObject("TripFocus/Users/Data Restrictions/Divisions_txt"), "FDG"): Keys 'FDG' sent to object: 'Object Repository/TripFocus/Users/Data Restrictions/Divisions_txt'

22-10-2025T10:11:31 - [MESSAGE][PASSED] - Keys 'FDG' sent to object: 'Object Repository/TripFocus/Users/Data Restrictions/Divisions_txt'

22-10-2025T10:11:31 - [TEST_STEP][PASSED] - delay(1): Delayed 1 second(s)

22-10-2025T10:11:32 - [MESSAGE][PASSED] - Delayed 1 second(s)

22-10-2025T10:11:32 - [TEST_STEP][PASSED] - sendKeys(findTestObject("TripFocus/Users/Data Restrictions/Divisions_txt"), Keys.chord(ENTER)): Keys 'ENTER + ' sent to object: 'Object Repository/TripFocus/Users/Data Restrictions/Divisions_txt'

22-10-2025T10:11:32 - [MESSAGE][PASSED] - Keys 'ENTER + ' sent to object: 'Object Repository/TripFocus/Users/Data Restrictions/Divisions_txt'

22-10-2025T10:11:32 - [TEST_STEP][PASSED] - delay(2): Delayed 2 second(s)

22-10-2025T10:11:34 - [MESSAGE][PASSED] - Delayed 2 second(s)

22-10-2025T10:11:34 - [TEST_STEP][PASSED] - click(findTestObject("TripFocus/Users/Data Restrictions/Commodities_dropdown"), STOP_ON_FAILURE): Object: 'Object Repository/TripFocus/Users/Data Restrictions/Commodities_dropdown' is clicked on

22-10-2025T10:11:34 - [MESSAGE][PASSED] - Object: 'Object Repository/TripFocus/Users/Data Restrictions/Commodities_dropdown' is clicked on

22-10-2025T10:11:34 - [TEST_STEP][PASSED] - delay(1): Delayed 1 second(s)

22-10-2025T10:11:35 - [MESSAGE][PASSED] - Delayed 1 second(s)

22-10-2025T10:11:35 - [TEST_STEP][PASSED] - sendKeys(findTestObject("TripFocus/Users/Data Restrictions/Commodoties_txt"), "Winterized B11"): Keys 'Winterized B11' sent to object: 'Object Repository/TripFocus/Users/Data Restrictions/Commodoties_txt'

22-10-2025T10:11:35 - [MESSAGE][PASSED] - Keys 'Winterized B11' sent to object: 'Object Repository/TripFocus/Users/Data Restrictions/Commodoties_txt'

22-10-2025T10:11:35 - [TEST_STEP][PASSED] - delay(15): Delayed 15 second(s)

22-10-2025T10:11:50 - [MESSAGE][PASSED] - Delayed 15 second(s)

22-10-2025T10:11:50 - [TEST_STEP][PASSED] - sendKeys(findTestObject("TripFocus/Users/Data Restrictions/Commodoties_txt"), Keys.chord(ENTER)): Keys 'ENTER + ' sent to object: 'Object Repository/TripFocus/Users/Data Restrictions/Commodoties_txt'

22-10-2025T10:11:50 - [MESSAGE][PASSED] - Keys 'ENTER + ' sent to object: 'Object Repository/TripFocus/Users/Data Restrictions/Commodoties_txt'

22-10-2025T10:11:50 - [TEST_STEP][PASSED] - delay(3): Delayed 3 second(s)

22-10-2025T10:11:53 - [MESSAGE][PASSED] - Delayed 3 second(s)

22-10-2025T10:11:53 - [TEST_STEP][PASSED] - click(findTestObject("TripFocus/Users/Data Restrictions/Preview_Data_Restrictions_btn"), STOP_ON_FAILURE): Object: 'Object Repository/TripFocus/Users/Data Restrictions/Preview_Data_Restrictions_btn' is clicked on

22-10-2025T10:11:53 - [MESSAGE][PASSED] - Object: 'Object Repository/TripFocus/Users/Data Restrictions/Preview_Data_Restrictions_btn' is clicked on

22-10-2025T10:11:53 - [TEST_STEP][PASSED] - delay(2): Delayed 2 second(s)

22-10-2025T10:11:55 - [MESSAGE][PASSED] - Delayed 2 second(s)

22-10-2025T10:11:55 - [TEST_STEP][PASSED] - click(findTestObject("TripFocus/Users/Data Restrictions/Preview_Data_Restrictions_btn"), STOP_ON_FAILURE): Object: 'Object Repository/TripFocus/Users/Data Restrictions/Preview_Data_Restrictions_btn' is clicked on

22-10-2025T10:11:56 - [MESSAGE][PASSED] - Object: 'Object Repository/TripFocus/Users/Data Restrictions/Preview_Data_Restrictions_btn' is clicked on

22-10-2025T10:11:56 - [TEST_STEP][PASSED] - delay(2): Delayed 2 second(s)

22-10-2025T10:11:58 - [MESSAGE][PASSED] - Delayed 2 second(s)

22-10-2025T10:11:58 - [TEST_STEP][PASSED] - click(findTestObject("TripFocus/Users/Data Restrictions/Save_Data_Restrictions_btn"), STOP_ON_FAILURE): Object: 'Object Repository/TripFocus/Users/Data Restrictions/Save_Data_Restrictions_btn' is clicked on

22-10-2025T10:11:58 - [MESSAGE][PASSED] - Object: 'Object Repository/TripFocus/Users/Data Restrictions/Save_Data_Restrictions_btn' is clicked on

22-10-2025T10:11:58 - [TEST_STEP][PASSED] - delay(1): Delayed 1 second(s)

22-10-2025T10:11:59 - [MESSAGE][PASSED] - Delayed 1 second(s)

22-10-2025T10:11:59 - [TEST_STEP][PASSED] - verifyElementPresent(findTestObject("TripFocus/Toasty_Message"), 10): Object 'Object Repository/TripFocus/Toasty_Message' is present

22-10-2025T10:11:59 - [MESSAGE][PASSED] - Object 'Object Repository/TripFocus/Toasty_Message' is present

22-10-2025T10:11:59 - [TEST_STEP][PASSED] - verifyElementText(findTestObject("TripFocus/Toasty_Message"), "User Data Restrictions added successfully."): Actual text and expected text of test object 'Object Repository/TripFocus/Toasty_Message' are matched.

22-10-2025T10:11:59 - [MESSAGE][PASSED] - Actual text and expected text of test object 'Object Repository/TripFocus/Toasty_Message' are matched.

22-10-2025T10:11:59 - [TEST_STEP][PASSED] - delay(2): Delayed 2 second(s)

22-10-2025T10:12:01 - [MESSAGE][PASSED] - Delayed 2 second(s)

22-10-2025T10:12:01 - [TEST_STEP][PASSED] - click(findTestObject("TripFocus/Users/Data Restrictions/Data_Restrictions_tab")): Object: 'Object Repository/TripFocus/Users/Data Restrictions/Data_Restrictions_tab' is clicked on

22-10-2025T10:12:01 - [MESSAGE][PASSED] - Object: 'Object Repository/TripFocus/Users/Data Restrictions/Data_Restrictions_tab' is clicked on

22-10-2025T10:12:01 - [TEST_STEP][PASSED] - delay(2): Delayed 2 second(s)

22-10-2025T10:12:03 - [MESSAGE][PASSED] - Delayed 2 second(s)

22-10-2025T10:12:03 - [TEST_STEP][PASSED] - click(findTestObject("TripFocus/Users/Data Restrictions/Delete_Restriction_btn")): Object: 'Object Repository/TripFocus/Users/Data Restrictions/Delete_Restriction_btn' is clicked on

22-10-2025T10:12:03 - [MESSAGE][PASSED] - Object: 'Object Repository/TripFocus/Users/Data Restrictions/Delete_Restriction_btn' is clicked on

22-10-2025T10:12:03 - [TEST_STEP][PASSED] - Start listener action : retryOnDisconnect: null

22-10-2025T10:12:03 - [TEST_STEP][PASSED] - tcId = testCaseContext.getTestCaseId(): null

22-10-2025T10:12:03 - [TEST_STEP][PASSED] - currentRetry = retryCounts.getOrDefault(tcId, 0): null

22-10-2025T10:12:03 - [TEST_STEP][PASSED] - if (testCaseContext.getTestCaseStatus() == "FAILED" && currentRetry < MAX_RETRIES): null]]></system-out>
         <system-err><![CDATA[]]></system-err>
      </testcase>
      <testcase name="Test Cases/TripFocus/FDG/FDG - UserPage/Edit/Data Restrictions/Add Divisions Data Restrictions" time="75.98" classname="Test Cases/TripFocus/FDG/FDG - UserPage/Edit/Data Restrictions/Add Divisions Data Restrictions" status="PASSED">
         <system-out><![CDATA[22-10-2025T10:12:03 - [TEST_CASE][PASSED] - Test Cases/TripFocus/FDG/FDG - UserPage/Edit/Data Restrictions/Add Divisions Data Restrictions: Test Cases/TripFocus/FDG/FDG - UserPage/Edit/Data Restrictions/Add Divisions Data Restrictions

22-10-2025T10:12:03 - [TEST_STEP][PASSED] - Start listener action : beforeTestCase: null

22-10-2025T10:12:03 - [TEST_STEP][PASSED] - addDefaultPackages(): null

22-10-2025T10:12:03 - [TEST_STEP][PASSED] - openBrowser(""): Browser is opened with url: ''

22-10-2025T10:12:03 - [MESSAGE][WARNING] - A browser is already opened. Closing browser and opening a new one

22-10-2025T10:12:03 - [MESSAGE][INFO] - Starting 'Chrome' driver

22-10-2025T10:12:03 - [MESSAGE][INFO] - User set preference: ['args', '[--no-sandbox, --disable-gpu, --disable-dev-shm-usage]']

22-10-2025T10:12:03 - [MESSAGE][INFO] - Action delay is set to 0 milliseconds

22-10-2025T10:12:04 - [MESSAGE][PASSED] - Browser is opened with url: ''

22-10-2025T10:12:04 - [TEST_STEP][PASSED] - navigateToUrl(TFBaseURL): Navigate to 'https://www.qa.tripfocus.com' successfully

22-10-2025T10:12:05 - [MESSAGE][PASSED] - Navigate to 'https://www.qa.tripfocus.com' successfully

22-10-2025T10:12:05 - [TEST_STEP][PASSED] - click(findTestObject("Object Repository/TripFocus/Page_TripFocus/button_Sign in")): Object: 'Object Repository/TripFocus/Page_TripFocus/button_Sign in' is clicked on

22-10-2025T10:12:05 - [MESSAGE][PASSED] - Object: 'Object Repository/TripFocus/Page_TripFocus/button_Sign in' is clicked on

22-10-2025T10:12:05 - [TEST_STEP][PASSED] - setText(findTestObject("Object Repository/TripFocus/Page_TripFocus/input_Username (e.g. email address)_Username"), TripFocusFDGUsername): Text 'Ashford.Chenault+QACustomerFDGONLY@thekag.com' is set on object 'Object Repository/TripFocus/Page_TripFocus/input_Username (e.g. email address)_Username'

22-10-2025T10:12:06 - [MESSAGE][PASSED] - Text 'Ashford.Chenault+QACustomerFDGONLY@thekag.com' is set on object 'Object Repository/TripFocus/Page_TripFocus/input_Username (e.g. email address)_Username'

22-10-2025T10:12:06 - [TEST_STEP][PASSED] - setText(findTestObject("Object Repository/TripFocus/Page_TripFocus/input_Password_Password"), TripFocusFDGSPGPassword): Text 'CrashBan911!!' is set on object 'Object Repository/TripFocus/Page_TripFocus/input_Password_Password'

22-10-2025T10:12:06 - [MESSAGE][PASSED] - Text 'CrashBan911!!' is set on object 'Object Repository/TripFocus/Page_TripFocus/input_Password_Password'

22-10-2025T10:12:06 - [TEST_STEP][PASSED] - click(findTestObject("Object Repository/TripFocus/Page_TripFocus/button_Login")): Object: 'Object Repository/TripFocus/Page_TripFocus/button_Login' is clicked on

22-10-2025T10:12:06 - [MESSAGE][PASSED] - Object: 'Object Repository/TripFocus/Page_TripFocus/button_Login' is clicked on

22-10-2025T10:12:06 - [TEST_STEP][PASSED] - maximizeWindow(): Current window maximized

22-10-2025T10:12:06 - [MESSAGE][PASSED] - Current window maximized

22-10-2025T10:12:06 - [TEST_STEP][PASSED] - waitForElementVisible(findTestObject("TripFocus/Testing_Notification_btn"), 15, OPTIONAL): Web element with id: 'Object Repository/TripFocus/Testing_Notification_btn' located by '//*[@id="__BVID__10___BV_modal_footer_"]/button' not found

22-10-2025T10:12:22 - [MESSAGE][INFO] - Unable to find the element located by 'By.xpath: //*[@id="__BVID__10___BV_modal_footer_"]/button'. Please recheck the objects properties to make sure the desired element is located. 

22-10-2025T10:12:22 - [MESSAGE][WARNING] - [SELF-HEALING] Failed to find element with id 'Object Repository/TripFocus/Testing_Notification_btn'. Try using Self-healing.

22-10-2025T10:12:23 - [MESSAGE][INFO] - [SELF-HEALING] No working XPath is found.

22-10-2025T10:12:25 - [MESSAGE][INFO] - Unable to find the element located by 'By.xpath: '. Please recheck the objects properties to make sure the desired element is located. 

22-10-2025T10:12:25 - [MESSAGE][WARNING] - [SELF-HEALING] Cannot find elements when the selector is null

22-10-2025T10:12:25 - [MESSAGE][WARNING] - Web element with id: 'Object Repository/TripFocus/Testing_Notification_btn' located by '//*[@id="__BVID__10___BV_modal_footer_"]/button' not found

22-10-2025T10:12:25 - [TEST_STEP][PASSED] - if (verifyElementVisible(findTestObject("TripFocus/Testing_Notification_btn"), OPTIONAL) == true): Web element with id: 'Object Repository/TripFocus/Testing_Notification_btn' located by '//*[@id="__BVID__10___BV_modal_footer_"]/button' not found (Root cause: com.kms.katalon.core.exception.StepFailedException: Web element with id: 'Object Repository/TripFocus/Testing_Notification_btn' located by '//*[@id="__BVID__10___BV_modal_footer_"]/button' not found
	at com.kms.katalon.core.webui.keyword.internal.WebUIKeywordMain.stepFailed(WebUIKeywordMain.groovy:117)
	at com.kms.katalon.core.webui.keyword.builtin.VerifyElementVisibleKeyword$_verifyElementVisible_closure1.doCall(VerifyElementVisibleKeyword.groovy:89)
	at com.kms.katalon.core.webui.keyword.builtin.VerifyElementVisibleKeyword$_verifyElementVisible_closure1.call(VerifyElementVisibleKeyword.groovy)
	at com.kms.katalon.core.webui.keyword.internal.WebUIKeywordMain.runKeyword(WebUIKeywordMain.groovy:35)
	at com.kms.katalon.core.webui.keyword.builtin.VerifyElementVisibleKeyword.verifyElementVisible(VerifyElementVisibleKeyword.groovy:97)
	at com.kms.katalon.core.webui.keyword.builtin.VerifyElementVisibleKeyword.execute(VerifyElementVisibleKeyword.groovy:67)
	at com.kms.katalon.core.keyword.internal.KeywordExecutor.executeKeywordForPlatform(KeywordExecutor.groovy:74)
	at com.kms.katalon.core.webui.keyword.WebUiBuiltInKeywords.verifyElementVisible(WebUiBuiltInKeywords.groovy:401)
	at com.kms.katalon.core.webui.keyword.WebUiBuiltInKeywords$verifyElementVisible$5.call(Unknown Source)
	at Add Divisions Data Restrictions.run(Add Divisions Data Restrictions:38)
	at com.kms.katalon.core.main.ScriptEngine.run(ScriptEngine.java:194)
	at com.kms.katalon.core.main.ScriptEngine.runScriptAsRawText(ScriptEngine.java:119)
	at com.kms.katalon.core.main.TestCaseExecutor.runScript(TestCaseExecutor.java:448)
	at com.kms.katalon.core.main.TestCaseExecutor.doExecute(TestCaseExecutor.java:439)
	at com.kms.katalon.core.main.TestCaseExecutor.processExecutionPhase(TestCaseExecutor.java:418)
	at com.kms.katalon.core.main.TestCaseExecutor.accessMainPhase(TestCaseExecutor.java:410)
	at com.kms.katalon.core.main.TestCaseExecutor.execute(TestCaseExecutor.java:285)
	at com.kms.katalon.core.common.CommonExecutor.accessTestCaseMainPhase(CommonExecutor.java:65)
	at com.kms.katalon.core.main.TestSuiteExecutor.accessTestSuiteMainPhase(TestSuiteExecutor.java:150)
	at com.kms.katalon.core.main.TestSuiteExecutor.execute(TestSuiteExecutor.java:106)
	at com.kms.katalon.core.main.TestCaseMain.startTestSuite(TestCaseMain.java:180)
	at com.kms.katalon.core.main.TestCaseMain$startTestSuite$0.call(Unknown Source)
	at TempTestSuite1761139070913.run(TempTestSuite1761139070913.groovy:35)
	at java.base/jdk.internal.reflect.NativeMethodAccessorImpl.invoke0(Native Method)
	at java.base/jdk.internal.reflect.NativeMethodAccessorImpl.invoke(NativeMethodAccessorImpl.java:77)
	at java.base/jdk.internal.reflect.DelegatingMethodAccessorImpl.invoke(DelegatingMethodAccessorImpl.java:43)
)

22-10-2025T10:12:41 - [MESSAGE][INFO] - Unable to find the element located by 'By.xpath: //*[@id="__BVID__10___BV_modal_footer_"]/button'. Please recheck the objects properties to make sure the desired element is located. 

22-10-2025T10:12:41 - [MESSAGE][WARNING] - [SELF-HEALING] Failed to find element with id 'Object Repository/TripFocus/Testing_Notification_btn'. Try using Self-healing.

22-10-2025T10:12:42 - [MESSAGE][INFO] - [SELF-HEALING] No working XPath is found.

22-10-2025T10:12:44 - [MESSAGE][INFO] - Unable to find the element located by 'By.xpath: '. Please recheck the objects properties to make sure the desired element is located. 

22-10-2025T10:12:44 - [MESSAGE][WARNING] - [SELF-HEALING] Cannot find elements when the selector is null

22-10-2025T10:12:44 - [MESSAGE][WARNING] - Web element with id: 'Object Repository/TripFocus/Testing_Notification_btn' located by '//*[@id="__BVID__10___BV_modal_footer_"]/button' not found (Root cause: com.kms.katalon.core.exception.StepFailedException: Web element with id: 'Object Repository/TripFocus/Testing_Notification_btn' located by '//*[@id="__BVID__10___BV_modal_footer_"]/button' not found
	at com.kms.katalon.core.webui.keyword.internal.WebUIKeywordMain.stepFailed(WebUIKeywordMain.groovy:117)
	at com.kms.katalon.core.webui.keyword.builtin.VerifyElementVisibleKeyword$_verifyElementVisible_closure1.doCall(VerifyElementVisibleKeyword.groovy:89)
	at com.kms.katalon.core.webui.keyword.builtin.VerifyElementVisibleKeyword$_verifyElementVisible_closure1.call(VerifyElementVisibleKeyword.groovy)
	at com.kms.katalon.core.webui.keyword.internal.WebUIKeywordMain.runKeyword(WebUIKeywordMain.groovy:35)
	at com.kms.katalon.core.webui.keyword.builtin.VerifyElementVisibleKeyword.verifyElementVisible(VerifyElementVisibleKeyword.groovy:97)
	at com.kms.katalon.core.webui.keyword.builtin.VerifyElementVisibleKeyword.execute(VerifyElementVisibleKeyword.groovy:67)
	at com.kms.katalon.core.keyword.internal.KeywordExecutor.executeKeywordForPlatform(KeywordExecutor.groovy:74)
	at com.kms.katalon.core.webui.keyword.WebUiBuiltInKeywords.verifyElementVisible(WebUiBuiltInKeywords.groovy:401)
	at com.kms.katalon.core.webui.keyword.WebUiBuiltInKeywords$verifyElementVisible$5.call(Unknown Source)
	at Add Divisions Data Restrictions.run(Add Divisions Data Restrictions:38)
	at com.kms.katalon.core.main.ScriptEngine.run(ScriptEngine.java:194)
	at com.kms.katalon.core.main.ScriptEngine.runScriptAsRawText(ScriptEngine.java:119)
	at com.kms.katalon.core.main.TestCaseExecutor.runScript(TestCaseExecutor.java:448)
	at com.kms.katalon.core.main.TestCaseExecutor.doExecute(TestCaseExecutor.java:439)
	at com.kms.katalon.core.main.TestCaseExecutor.processExecutionPhase(TestCaseExecutor.java:418)
	at com.kms.katalon.core.main.TestCaseExecutor.accessMainPhase(TestCaseExecutor.java:410)
	at com.kms.katalon.core.main.TestCaseExecutor.execute(TestCaseExecutor.java:285)
	at com.kms.katalon.core.common.CommonExecutor.accessTestCaseMainPhase(CommonExecutor.java:65)
	at com.kms.katalon.core.main.TestSuiteExecutor.accessTestSuiteMainPhase(TestSuiteExecutor.java:150)
	at com.kms.katalon.core.main.TestSuiteExecutor.execute(TestSuiteExecutor.java:106)
	at com.kms.katalon.core.main.TestCaseMain.startTestSuite(TestCaseMain.java:180)
	at com.kms.katalon.core.main.TestCaseMain$startTestSuite$0.call(Unknown Source)
	at TempTestSuite1761139070913.run(TempTestSuite1761139070913.groovy:35)
	at java.base/jdk.internal.reflect.NativeMethodAccessorImpl.invoke0(Native Method)
	at java.base/jdk.internal.reflect.NativeMethodAccessorImpl.invoke(NativeMethodAccessorImpl.java:77)
	at java.base/jdk.internal.reflect.DelegatingMethodAccessorImpl.invoke(DelegatingMethodAccessorImpl.java:43)
)

22-10-2025T10:12:44 - [TEST_STEP][PASSED] - click(findTestObject("Object Repository/TripFocus/Page_TripFocus/a_Users")): Object: 'Object Repository/TripFocus/Page_TripFocus/a_Users' is clicked on

22-10-2025T10:12:45 - [MESSAGE][PASSED] - Object: 'Object Repository/TripFocus/Page_TripFocus/a_Users' is clicked on

22-10-2025T10:12:45 - [TEST_STEP][PASSED] - delay(5): Delayed 5 second(s)

22-10-2025T10:12:50 - [MESSAGE][PASSED] - Delayed 5 second(s)

22-10-2025T10:12:50 - [TEST_STEP][PASSED] - setText(findTestObject("TripFocus/Users/User_Search_txt"), "ashfordFDGTesting"): Text 'ashfordFDGTesting' is set on object 'Object Repository/TripFocus/Users/User_Search_txt'

22-10-2025T10:12:50 - [MESSAGE][PASSED] - Text 'ashfordFDGTesting' is set on object 'Object Repository/TripFocus/Users/User_Search_txt'

22-10-2025T10:12:50 - [TEST_STEP][PASSED] - delay(2): Delayed 2 second(s)

22-10-2025T10:12:52 - [MESSAGE][PASSED] - Delayed 2 second(s)

22-10-2025T10:12:52 - [TEST_STEP][PASSED] - click(findTestObject("Object Repository/TripFocus/Page_TripFocus/button_Edit")): Object: 'Object Repository/TripFocus/Page_TripFocus/button_Edit' is clicked on

22-10-2025T10:12:52 - [MESSAGE][PASSED] - Object: 'Object Repository/TripFocus/Page_TripFocus/button_Edit' is clicked on

22-10-2025T10:12:52 - [TEST_STEP][PASSED] - delay(15): Delayed 15 second(s)

22-10-2025T10:13:07 - [MESSAGE][PASSED] - Delayed 15 second(s)

22-10-2025T10:13:07 - [TEST_STEP][PASSED] - click(findTestObject("TripFocus/Users/Data Restrictions/Data_Restrictions_tab")): Object: 'Object Repository/TripFocus/Users/Data Restrictions/Data_Restrictions_tab' is clicked on

22-10-2025T10:13:07 - [MESSAGE][PASSED] - Object: 'Object Repository/TripFocus/Users/Data Restrictions/Data_Restrictions_tab' is clicked on

22-10-2025T10:13:07 - [TEST_STEP][PASSED] - delay(2): Delayed 2 second(s)

22-10-2025T10:13:09 - [MESSAGE][PASSED] - Delayed 2 second(s)

22-10-2025T10:13:09 - [TEST_STEP][PASSED] - click(findTestObject("TripFocus/Users/Data Restrictions/Divisions_dropdown"), STOP_ON_FAILURE): Object: 'Object Repository/TripFocus/Users/Data Restrictions/Divisions_dropdown' is clicked on

22-10-2025T10:13:09 - [MESSAGE][PASSED] - Object: 'Object Repository/TripFocus/Users/Data Restrictions/Divisions_dropdown' is clicked on

22-10-2025T10:13:09 - [TEST_STEP][PASSED] - delay(1): Delayed 1 second(s)

22-10-2025T10:13:10 - [MESSAGE][PASSED] - Delayed 1 second(s)

22-10-2025T10:13:10 - [TEST_STEP][PASSED] - sendKeys(findTestObject("TripFocus/Users/Data Restrictions/Divisions_txt"), "FDG"): Keys 'FDG' sent to object: 'Object Repository/TripFocus/Users/Data Restrictions/Divisions_txt'

22-10-2025T10:13:10 - [MESSAGE][PASSED] - Keys 'FDG' sent to object: 'Object Repository/TripFocus/Users/Data Restrictions/Divisions_txt'

22-10-2025T10:13:10 - [TEST_STEP][PASSED] - delay(1): Delayed 1 second(s)

22-10-2025T10:13:11 - [MESSAGE][PASSED] - Delayed 1 second(s)

22-10-2025T10:13:11 - [TEST_STEP][PASSED] - sendKeys(findTestObject("TripFocus/Users/Data Restrictions/Divisions_txt"), Keys.chord(ENTER)): Keys 'ENTER + ' sent to object: 'Object Repository/TripFocus/Users/Data Restrictions/Divisions_txt'

22-10-2025T10:13:11 - [MESSAGE][PASSED] - Keys 'ENTER + ' sent to object: 'Object Repository/TripFocus/Users/Data Restrictions/Divisions_txt'

22-10-2025T10:13:11 - [TEST_STEP][PASSED] - delay(2): Delayed 2 second(s)

22-10-2025T10:13:13 - [MESSAGE][PASSED] - Delayed 2 second(s)

22-10-2025T10:13:13 - [TEST_STEP][PASSED] - click(findTestObject("TripFocus/Users/Data Restrictions/Preview_Data_Restrictions_btn"), STOP_ON_FAILURE): Object: 'Object Repository/TripFocus/Users/Data Restrictions/Preview_Data_Restrictions_btn' is clicked on

22-10-2025T10:13:14 - [MESSAGE][PASSED] - Object: 'Object Repository/TripFocus/Users/Data Restrictions/Preview_Data_Restrictions_btn' is clicked on

22-10-2025T10:13:14 - [TEST_STEP][PASSED] - waitForElementVisible(findTestObject("TripFocus/Users/Data Restrictions/Preview_Data_Restrictions_btn"), 10): Object 'Object Repository/TripFocus/Users/Data Restrictions/Preview_Data_Restrictions_btn' is visible

22-10-2025T10:13:14 - [MESSAGE][PASSED] - Object 'Object Repository/TripFocus/Users/Data Restrictions/Preview_Data_Restrictions_btn' is visible

22-10-2025T10:13:14 - [TEST_STEP][PASSED] - click(findTestObject("TripFocus/Users/Data Restrictions/Save_Data_Restrictions_btn"), STOP_ON_FAILURE): Object: 'Object Repository/TripFocus/Users/Data Restrictions/Save_Data_Restrictions_btn' is clicked on

22-10-2025T10:13:14 - [MESSAGE][PASSED] - Object: 'Object Repository/TripFocus/Users/Data Restrictions/Save_Data_Restrictions_btn' is clicked on

22-10-2025T10:13:14 - [TEST_STEP][PASSED] - delay(1): Delayed 1 second(s)

22-10-2025T10:13:15 - [MESSAGE][PASSED] - Delayed 1 second(s)

22-10-2025T10:13:15 - [TEST_STEP][PASSED] - verifyElementPresent(findTestObject("TripFocus/Toasty_Message"), 10): Object 'Object Repository/TripFocus/Toasty_Message' is present

22-10-2025T10:13:15 - [MESSAGE][PASSED] - Object 'Object Repository/TripFocus/Toasty_Message' is present

22-10-2025T10:13:15 - [TEST_STEP][PASSED] - verifyElementText(findTestObject("TripFocus/Toasty_Message"), "User Data Restrictions added successfully."): Actual text and expected text of test object 'Object Repository/TripFocus/Toasty_Message' are matched.

22-10-2025T10:13:15 - [MESSAGE][PASSED] - Actual text and expected text of test object 'Object Repository/TripFocus/Toasty_Message' are matched.

22-10-2025T10:13:15 - [TEST_STEP][PASSED] - delay(2): Delayed 2 second(s)

22-10-2025T10:13:17 - [MESSAGE][PASSED] - Delayed 2 second(s)

22-10-2025T10:13:17 - [TEST_STEP][PASSED] - click(findTestObject("TripFocus/Users/Data Restrictions/Data_Restrictions_tab")): Object: 'Object Repository/TripFocus/Users/Data Restrictions/Data_Restrictions_tab' is clicked on

22-10-2025T10:13:17 - [MESSAGE][PASSED] - Object: 'Object Repository/TripFocus/Users/Data Restrictions/Data_Restrictions_tab' is clicked on

22-10-2025T10:13:17 - [TEST_STEP][PASSED] - delay(2): Delayed 2 second(s)

22-10-2025T10:13:19 - [MESSAGE][PASSED] - Delayed 2 second(s)

22-10-2025T10:13:19 - [TEST_STEP][PASSED] - click(findTestObject("TripFocus/Users/Data Restrictions/Delete_Restriction_btn")): Object: 'Object Repository/TripFocus/Users/Data Restrictions/Delete_Restriction_btn' is clicked on

22-10-2025T10:13:19 - [MESSAGE][PASSED] - Object: 'Object Repository/TripFocus/Users/Data Restrictions/Delete_Restriction_btn' is clicked on

22-10-2025T10:13:19 - [TEST_STEP][PASSED] - Start listener action : retryOnDisconnect: null

22-10-2025T10:13:19 - [TEST_STEP][PASSED] - tcId = testCaseContext.getTestCaseId(): null

22-10-2025T10:13:19 - [TEST_STEP][PASSED] - currentRetry = retryCounts.getOrDefault(tcId, 0): null

22-10-2025T10:13:19 - [TEST_STEP][PASSED] - if (testCaseContext.getTestCaseStatus() == "FAILED" && currentRetry < MAX_RETRIES): null]]></system-out>
         <system-err><![CDATA[]]></system-err>
      </testcase>
      <testcase name="Test Cases/TripFocus/FDG/FDG - UserPage/Edit/Permissions/Add One Image Permissions" time="69.849" classname="Test Cases/TripFocus/FDG/FDG - UserPage/Edit/Permissions/Add One Image Permissions" status="PASSED">
         <system-out><![CDATA[22-10-2025T10:13:19 - [TEST_CASE][PASSED] - Test Cases/TripFocus/FDG/FDG - UserPage/Edit/Permissions/Add One Image Permissions: Test Cases/TripFocus/FDG/FDG - UserPage/Edit/Permissions/Add One Image Permissions

22-10-2025T10:13:19 - [TEST_STEP][PASSED] - Start listener action : beforeTestCase: null

22-10-2025T10:13:19 - [TEST_STEP][PASSED] - addDefaultPackages(): null

22-10-2025T10:13:19 - [TEST_STEP][PASSED] - openBrowser(""): Browser is opened with url: ''

22-10-2025T10:13:19 - [MESSAGE][WARNING] - A browser is already opened. Closing browser and opening a new one

22-10-2025T10:13:19 - [MESSAGE][INFO] - Starting 'Chrome' driver

22-10-2025T10:13:19 - [MESSAGE][INFO] - User set preference: ['args', '[--no-sandbox, --disable-gpu, --disable-dev-shm-usage]']

22-10-2025T10:13:19 - [MESSAGE][INFO] - Action delay is set to 0 milliseconds

22-10-2025T10:13:20 - [MESSAGE][PASSED] - Browser is opened with url: ''

22-10-2025T10:13:20 - [TEST_STEP][PASSED] - navigateToUrl(TFBaseURL): Navigate to 'https://www.qa.tripfocus.com' successfully

22-10-2025T10:13:21 - [MESSAGE][PASSED] - Navigate to 'https://www.qa.tripfocus.com' successfully

22-10-2025T10:13:21 - [TEST_STEP][PASSED] - click(findTestObject("Object Repository/TripFocus/Page_TripFocus/button_Sign in")): Object: 'Object Repository/TripFocus/Page_TripFocus/button_Sign in' is clicked on

22-10-2025T10:13:21 - [MESSAGE][PASSED] - Object: 'Object Repository/TripFocus/Page_TripFocus/button_Sign in' is clicked on

22-10-2025T10:13:21 - [TEST_STEP][PASSED] - setText(findTestObject("Object Repository/TripFocus/Page_TripFocus/input_Username (e.g. email address)_Username"), TripFocusFDGUsername): Text 'Ashford.Chenault+QACustomerFDGONLY@thekag.com' is set on object 'Object Repository/TripFocus/Page_TripFocus/input_Username (e.g. email address)_Username'

22-10-2025T10:13:21 - [MESSAGE][PASSED] - Text 'Ashford.Chenault+QACustomerFDGONLY@thekag.com' is set on object 'Object Repository/TripFocus/Page_TripFocus/input_Username (e.g. email address)_Username'

22-10-2025T10:13:21 - [TEST_STEP][PASSED] - setText(findTestObject("Object Repository/TripFocus/Page_TripFocus/input_Password_Password"), TripFocusFDGSPGPassword): Text 'CrashBan911!!' is set on object 'Object Repository/TripFocus/Page_TripFocus/input_Password_Password'

22-10-2025T10:13:21 - [MESSAGE][PASSED] - Text 'CrashBan911!!' is set on object 'Object Repository/TripFocus/Page_TripFocus/input_Password_Password'

22-10-2025T10:13:21 - [TEST_STEP][PASSED] - click(findTestObject("Object Repository/TripFocus/Page_TripFocus/button_Login")): Object: 'Object Repository/TripFocus/Page_TripFocus/button_Login' is clicked on

22-10-2025T10:13:22 - [MESSAGE][PASSED] - Object: 'Object Repository/TripFocus/Page_TripFocus/button_Login' is clicked on

22-10-2025T10:13:22 - [TEST_STEP][PASSED] - maximizeWindow(): Current window maximized

22-10-2025T10:13:22 - [MESSAGE][PASSED] - Current window maximized

22-10-2025T10:13:22 - [TEST_STEP][PASSED] - waitForElementVisible(findTestObject("TripFocus/Testing_Notification_btn"), 15, OPTIONAL): Web element with id: 'Object Repository/TripFocus/Testing_Notification_btn' located by '//*[@id="__BVID__10___BV_modal_footer_"]/button' not found

22-10-2025T10:13:38 - [MESSAGE][INFO] - Unable to find the element located by 'By.xpath: //*[@id="__BVID__10___BV_modal_footer_"]/button'. Please recheck the objects properties to make sure the desired element is located. 

22-10-2025T10:13:38 - [MESSAGE][WARNING] - [SELF-HEALING] Failed to find element with id 'Object Repository/TripFocus/Testing_Notification_btn'. Try using Self-healing.

22-10-2025T10:13:39 - [MESSAGE][INFO] - [SELF-HEALING] No working XPath is found.

22-10-2025T10:13:41 - [MESSAGE][INFO] - Unable to find the element located by 'By.xpath: '. Please recheck the objects properties to make sure the desired element is located. 

22-10-2025T10:13:41 - [MESSAGE][WARNING] - [SELF-HEALING] Cannot find elements when the selector is null

22-10-2025T10:13:41 - [MESSAGE][WARNING] - Web element with id: 'Object Repository/TripFocus/Testing_Notification_btn' located by '//*[@id="__BVID__10___BV_modal_footer_"]/button' not found

22-10-2025T10:13:41 - [TEST_STEP][PASSED] - if (verifyElementVisible(findTestObject("TripFocus/Testing_Notification_btn"), OPTIONAL) == true): Web element with id: 'Object Repository/TripFocus/Testing_Notification_btn' located by '//*[@id="__BVID__10___BV_modal_footer_"]/button' not found (Root cause: com.kms.katalon.core.exception.StepFailedException: Web element with id: 'Object Repository/TripFocus/Testing_Notification_btn' located by '//*[@id="__BVID__10___BV_modal_footer_"]/button' not found
	at com.kms.katalon.core.webui.keyword.internal.WebUIKeywordMain.stepFailed(WebUIKeywordMain.groovy:117)
	at com.kms.katalon.core.webui.keyword.builtin.VerifyElementVisibleKeyword$_verifyElementVisible_closure1.doCall(VerifyElementVisibleKeyword.groovy:89)
	at com.kms.katalon.core.webui.keyword.builtin.VerifyElementVisibleKeyword$_verifyElementVisible_closure1.call(VerifyElementVisibleKeyword.groovy)
	at com.kms.katalon.core.webui.keyword.internal.WebUIKeywordMain.runKeyword(WebUIKeywordMain.groovy:35)
	at com.kms.katalon.core.webui.keyword.builtin.VerifyElementVisibleKeyword.verifyElementVisible(VerifyElementVisibleKeyword.groovy:97)
	at com.kms.katalon.core.webui.keyword.builtin.VerifyElementVisibleKeyword.execute(VerifyElementVisibleKeyword.groovy:67)
	at com.kms.katalon.core.keyword.internal.KeywordExecutor.executeKeywordForPlatform(KeywordExecutor.groovy:74)
	at com.kms.katalon.core.webui.keyword.WebUiBuiltInKeywords.verifyElementVisible(WebUiBuiltInKeywords.groovy:401)
	at com.kms.katalon.core.webui.keyword.WebUiBuiltInKeywords$verifyElementVisible$5.call(Unknown Source)
	at Add One Image Permissions.run(Add One Image Permissions:38)
	at com.kms.katalon.core.main.ScriptEngine.run(ScriptEngine.java:194)
	at com.kms.katalon.core.main.ScriptEngine.runScriptAsRawText(ScriptEngine.java:119)
	at com.kms.katalon.core.main.TestCaseExecutor.runScript(TestCaseExecutor.java:448)
	at com.kms.katalon.core.main.TestCaseExecutor.doExecute(TestCaseExecutor.java:439)
	at com.kms.katalon.core.main.TestCaseExecutor.processExecutionPhase(TestCaseExecutor.java:418)
	at com.kms.katalon.core.main.TestCaseExecutor.accessMainPhase(TestCaseExecutor.java:410)
	at com.kms.katalon.core.main.TestCaseExecutor.execute(TestCaseExecutor.java:285)
	at com.kms.katalon.core.common.CommonExecutor.accessTestCaseMainPhase(CommonExecutor.java:65)
	at com.kms.katalon.core.main.TestSuiteExecutor.accessTestSuiteMainPhase(TestSuiteExecutor.java:150)
	at com.kms.katalon.core.main.TestSuiteExecutor.execute(TestSuiteExecutor.java:106)
	at com.kms.katalon.core.main.TestCaseMain.startTestSuite(TestCaseMain.java:180)
	at com.kms.katalon.core.main.TestCaseMain$startTestSuite$0.call(Unknown Source)
	at TempTestSuite1761139070913.run(TempTestSuite1761139070913.groovy:35)
	at java.base/jdk.internal.reflect.NativeMethodAccessorImpl.invoke0(Native Method)
	at java.base/jdk.internal.reflect.NativeMethodAccessorImpl.invoke(NativeMethodAccessorImpl.java:77)
	at java.base/jdk.internal.reflect.DelegatingMethodAccessorImpl.invoke(DelegatingMethodAccessorImpl.java:43)
)

22-10-2025T10:13:57 - [MESSAGE][INFO] - Unable to find the element located by 'By.xpath: //*[@id="__BVID__10___BV_modal_footer_"]/button'. Please recheck the objects properties to make sure the desired element is located. 

22-10-2025T10:13:57 - [MESSAGE][WARNING] - [SELF-HEALING] Failed to find element with id 'Object Repository/TripFocus/Testing_Notification_btn'. Try using Self-healing.

22-10-2025T10:13:58 - [MESSAGE][INFO] - [SELF-HEALING] No working XPath is found.

22-10-2025T10:14:00 - [MESSAGE][INFO] - Unable to find the element located by 'By.xpath: '. Please recheck the objects properties to make sure the desired element is located. 

22-10-2025T10:14:00 - [MESSAGE][WARNING] - [SELF-HEALING] Cannot find elements when the selector is null

22-10-2025T10:14:00 - [MESSAGE][WARNING] - Web element with id: 'Object Repository/TripFocus/Testing_Notification_btn' located by '//*[@id="__BVID__10___BV_modal_footer_"]/button' not found (Root cause: com.kms.katalon.core.exception.StepFailedException: Web element with id: 'Object Repository/TripFocus/Testing_Notification_btn' located by '//*[@id="__BVID__10___BV_modal_footer_"]/button' not found
	at com.kms.katalon.core.webui.keyword.internal.WebUIKeywordMain.stepFailed(WebUIKeywordMain.groovy:117)
	at com.kms.katalon.core.webui.keyword.builtin.VerifyElementVisibleKeyword$_verifyElementVisible_closure1.doCall(VerifyElementVisibleKeyword.groovy:89)
	at com.kms.katalon.core.webui.keyword.builtin.VerifyElementVisibleKeyword$_verifyElementVisible_closure1.call(VerifyElementVisibleKeyword.groovy)
	at com.kms.katalon.core.webui.keyword.internal.WebUIKeywordMain.runKeyword(WebUIKeywordMain.groovy:35)
	at com.kms.katalon.core.webui.keyword.builtin.VerifyElementVisibleKeyword.verifyElementVisible(VerifyElementVisibleKeyword.groovy:97)
	at com.kms.katalon.core.webui.keyword.builtin.VerifyElementVisibleKeyword.execute(VerifyElementVisibleKeyword.groovy:67)
	at com.kms.katalon.core.keyword.internal.KeywordExecutor.executeKeywordForPlatform(KeywordExecutor.groovy:74)
	at com.kms.katalon.core.webui.keyword.WebUiBuiltInKeywords.verifyElementVisible(WebUiBuiltInKeywords.groovy:401)
	at com.kms.katalon.core.webui.keyword.WebUiBuiltInKeywords$verifyElementVisible$5.call(Unknown Source)
	at Add One Image Permissions.run(Add One Image Permissions:38)
	at com.kms.katalon.core.main.ScriptEngine.run(ScriptEngine.java:194)
	at com.kms.katalon.core.main.ScriptEngine.runScriptAsRawText(ScriptEngine.java:119)
	at com.kms.katalon.core.main.TestCaseExecutor.runScript(TestCaseExecutor.java:448)
	at com.kms.katalon.core.main.TestCaseExecutor.doExecute(TestCaseExecutor.java:439)
	at com.kms.katalon.core.main.TestCaseExecutor.processExecutionPhase(TestCaseExecutor.java:418)
	at com.kms.katalon.core.main.TestCaseExecutor.accessMainPhase(TestCaseExecutor.java:410)
	at com.kms.katalon.core.main.TestCaseExecutor.execute(TestCaseExecutor.java:285)
	at com.kms.katalon.core.common.CommonExecutor.accessTestCaseMainPhase(CommonExecutor.java:65)
	at com.kms.katalon.core.main.TestSuiteExecutor.accessTestSuiteMainPhase(TestSuiteExecutor.java:150)
	at com.kms.katalon.core.main.TestSuiteExecutor.execute(TestSuiteExecutor.java:106)
	at com.kms.katalon.core.main.TestCaseMain.startTestSuite(TestCaseMain.java:180)
	at com.kms.katalon.core.main.TestCaseMain$startTestSuite$0.call(Unknown Source)
	at TempTestSuite1761139070913.run(TempTestSuite1761139070913.groovy:35)
	at java.base/jdk.internal.reflect.NativeMethodAccessorImpl.invoke0(Native Method)
	at java.base/jdk.internal.reflect.NativeMethodAccessorImpl.invoke(NativeMethodAccessorImpl.java:77)
	at java.base/jdk.internal.reflect.DelegatingMethodAccessorImpl.invoke(DelegatingMethodAccessorImpl.java:43)
)

22-10-2025T10:14:00 - [TEST_STEP][PASSED] - click(findTestObject("Object Repository/TripFocus/Page_TripFocus/a_Users")): Object: 'Object Repository/TripFocus/Page_TripFocus/a_Users' is clicked on

22-10-2025T10:14:00 - [MESSAGE][PASSED] - Object: 'Object Repository/TripFocus/Page_TripFocus/a_Users' is clicked on

22-10-2025T10:14:00 - [TEST_STEP][PASSED] - delay(5): Delayed 5 second(s)

22-10-2025T10:14:05 - [MESSAGE][PASSED] - Delayed 5 second(s)

22-10-2025T10:14:05 - [TEST_STEP][PASSED] - setText(findTestObject("TripFocus/Users/User_Search_txt"), "ashfordFDGTesting"): Text 'ashfordFDGTesting' is set on object 'Object Repository/TripFocus/Users/User_Search_txt'

22-10-2025T10:14:05 - [MESSAGE][PASSED] - Text 'ashfordFDGTesting' is set on object 'Object Repository/TripFocus/Users/User_Search_txt'

22-10-2025T10:14:05 - [TEST_STEP][PASSED] - delay(2): Delayed 2 second(s)

22-10-2025T10:14:07 - [MESSAGE][PASSED] - Delayed 2 second(s)

22-10-2025T10:14:07 - [TEST_STEP][PASSED] - click(findTestObject("Object Repository/TripFocus/Page_TripFocus/button_Edit")): Object: 'Object Repository/TripFocus/Page_TripFocus/button_Edit' is clicked on

22-10-2025T10:14:08 - [MESSAGE][PASSED] - Object: 'Object Repository/TripFocus/Page_TripFocus/button_Edit' is clicked on

22-10-2025T10:14:08 - [TEST_STEP][PASSED] - delay(7): Delayed 7 second(s)

22-10-2025T10:14:15 - [MESSAGE][PASSED] - Delayed 7 second(s)

22-10-2025T10:14:15 - [TEST_STEP][PASSED] - click(findTestObject("TripFocus/Users/Permissions/Permissions_tab")): Object: 'Object Repository/TripFocus/Users/Permissions/Permissions_tab' is clicked on

22-10-2025T10:14:15 - [MESSAGE][PASSED] - Object: 'Object Repository/TripFocus/Users/Permissions/Permissions_tab' is clicked on

22-10-2025T10:14:15 - [TEST_STEP][PASSED] - delay(2): Delayed 2 second(s)

22-10-2025T10:14:17 - [MESSAGE][PASSED] - Delayed 2 second(s)

22-10-2025T10:14:17 - [TEST_STEP][PASSED] - click(findTestObject("TripFocus/Users/Permissions/User_Permissions_dropdown"), STOP_ON_FAILURE): Object: 'Object Repository/TripFocus/Users/Permissions/User_Permissions_dropdown' is clicked on

22-10-2025T10:14:17 - [MESSAGE][PASSED] - Object: 'Object Repository/TripFocus/Users/Permissions/User_Permissions_dropdown' is clicked on

22-10-2025T10:14:17 - [TEST_STEP][PASSED] - delay(1): Delayed 1 second(s)

22-10-2025T10:14:18 - [MESSAGE][PASSED] - Delayed 1 second(s)

22-10-2025T10:14:18 - [TEST_STEP][PASSED] - sendKeys(findTestObject("TripFocus/Users/Permissions/User_Permissions_txt"), "Image"): Keys 'Image' sent to object: 'Object Repository/TripFocus/Users/Permissions/User_Permissions_txt'

22-10-2025T10:14:18 - [MESSAGE][PASSED] - Keys 'Image' sent to object: 'Object Repository/TripFocus/Users/Permissions/User_Permissions_txt'

22-10-2025T10:14:18 - [TEST_STEP][PASSED] - delay(1): Delayed 1 second(s)

22-10-2025T10:14:19 - [MESSAGE][PASSED] - Delayed 1 second(s)

22-10-2025T10:14:19 - [TEST_STEP][PASSED] - sendKeys(findTestObject("TripFocus/Users/Permissions/User_Permissions_txt"), Keys.chord(ENTER)): Keys 'ENTER + ' sent to object: 'Object Repository/TripFocus/Users/Permissions/User_Permissions_txt'

22-10-2025T10:14:19 - [MESSAGE][PASSED] - Keys 'ENTER + ' sent to object: 'Object Repository/TripFocus/Users/Permissions/User_Permissions_txt'

22-10-2025T10:14:19 - [TEST_STEP][PASSED] - delay(1): Delayed 1 second(s)

22-10-2025T10:14:20 - [MESSAGE][PASSED] - Delayed 1 second(s)

22-10-2025T10:14:20 - [TEST_STEP][PASSED] - click(findTestObject("TripFocus/Users/Edit_User_lbl"), STOP_ON_FAILURE): Object: 'Object Repository/TripFocus/Users/Edit_User_lbl' is clicked on

22-10-2025T10:14:20 - [MESSAGE][PASSED] - Object: 'Object Repository/TripFocus/Users/Edit_User_lbl' is clicked on

22-10-2025T10:14:20 - [TEST_STEP][PASSED] - delay(2): Delayed 2 second(s)

22-10-2025T10:14:22 - [MESSAGE][PASSED] - Delayed 2 second(s)

22-10-2025T10:14:22 - [TEST_STEP][PASSED] - click(findTestObject("TripFocus/Users/Permissions/Image_Permissions_dropdown"), STOP_ON_FAILURE): Object: 'Object Repository/TripFocus/Users/Permissions/Image_Permissions_dropdown' is clicked on

22-10-2025T10:14:22 - [MESSAGE][PASSED] - Object: 'Object Repository/TripFocus/Users/Permissions/Image_Permissions_dropdown' is clicked on

22-10-2025T10:14:22 - [TEST_STEP][PASSED] - delay(1): Delayed 1 second(s)

22-10-2025T10:14:23 - [MESSAGE][PASSED] - Delayed 1 second(s)

22-10-2025T10:14:23 - [TEST_STEP][PASSED] - sendKeys(findTestObject("TripFocus/Users/Permissions/Image_Permissions_txt"), "Bill"): Keys 'Bill' sent to object: 'Object Repository/TripFocus/Users/Permissions/Image_Permissions_txt'

22-10-2025T10:14:23 - [MESSAGE][PASSED] - Keys 'Bill' sent to object: 'Object Repository/TripFocus/Users/Permissions/Image_Permissions_txt'

22-10-2025T10:14:23 - [TEST_STEP][PASSED] - delay(1): Delayed 1 second(s)

22-10-2025T10:14:24 - [MESSAGE][PASSED] - Delayed 1 second(s)

22-10-2025T10:14:24 - [TEST_STEP][PASSED] - sendKeys(findTestObject("TripFocus/Users/Permissions/Image_Permissions_txt"), Keys.chord(ENTER)): Keys 'ENTER + ' sent to object: 'Object Repository/TripFocus/Users/Permissions/Image_Permissions_txt'

22-10-2025T10:14:24 - [MESSAGE][PASSED] - Keys 'ENTER + ' sent to object: 'Object Repository/TripFocus/Users/Permissions/Image_Permissions_txt'

22-10-2025T10:14:24 - [TEST_STEP][PASSED] - delay(1): Delayed 1 second(s)

22-10-2025T10:14:25 - [MESSAGE][PASSED] - Delayed 1 second(s)

22-10-2025T10:14:25 - [TEST_STEP][PASSED] - click(findTestObject("TripFocus/Users/Edit_User_lbl"), STOP_ON_FAILURE): Object: 'Object Repository/TripFocus/Users/Edit_User_lbl' is clicked on

22-10-2025T10:14:26 - [MESSAGE][PASSED] - Object: 'Object Repository/TripFocus/Users/Edit_User_lbl' is clicked on

22-10-2025T10:14:26 - [TEST_STEP][PASSED] - delay(2): Delayed 2 second(s)

22-10-2025T10:14:28 - [MESSAGE][PASSED] - Delayed 2 second(s)

22-10-2025T10:14:28 - [TEST_STEP][PASSED] - waitForElementVisible(findTestObject("TripFocus/Users/Permissions/Save_User_Permissions_btn"), 10): Object 'Object Repository/TripFocus/Users/Permissions/Save_User_Permissions_btn' is visible

22-10-2025T10:14:28 - [MESSAGE][PASSED] - Object 'Object Repository/TripFocus/Users/Permissions/Save_User_Permissions_btn' is visible

22-10-2025T10:14:28 - [TEST_STEP][PASSED] - click(findTestObject("TripFocus/Users/Permissions/Save_User_Permissions_btn"), STOP_ON_FAILURE): Object: 'Object Repository/TripFocus/Users/Permissions/Save_User_Permissions_btn' is clicked on

22-10-2025T10:14:28 - [MESSAGE][PASSED] - Object: 'Object Repository/TripFocus/Users/Permissions/Save_User_Permissions_btn' is clicked on

22-10-2025T10:14:28 - [TEST_STEP][PASSED] - delay(1): Delayed 1 second(s)

22-10-2025T10:14:29 - [MESSAGE][PASSED] - Delayed 1 second(s)

22-10-2025T10:14:29 - [TEST_STEP][PASSED] - verifyElementPresent(findTestObject("TripFocus/Toasty_Message"), 10): Object 'Object Repository/TripFocus/Toasty_Message' is present

22-10-2025T10:14:29 - [MESSAGE][PASSED] - Object 'Object Repository/TripFocus/Toasty_Message' is present

22-10-2025T10:14:29 - [TEST_STEP][PASSED] - verifyElementText(findTestObject("TripFocus/Toasty_Message"), "User Permissions updated successfully."): Actual text and expected text of test object 'Object Repository/TripFocus/Toasty_Message' are matched.

22-10-2025T10:14:29 - [MESSAGE][PASSED] - Actual text and expected text of test object 'Object Repository/TripFocus/Toasty_Message' are matched.

22-10-2025T10:14:29 - [TEST_STEP][PASSED] - Start listener action : retryOnDisconnect: null

22-10-2025T10:14:29 - [TEST_STEP][PASSED] - tcId = testCaseContext.getTestCaseId(): null

22-10-2025T10:14:29 - [TEST_STEP][PASSED] - currentRetry = retryCounts.getOrDefault(tcId, 0): null

22-10-2025T10:14:29 - [TEST_STEP][PASSED] - if (testCaseContext.getTestCaseStatus() == "FAILED" && currentRetry < MAX_RETRIES): null]]></system-out>
         <system-err><![CDATA[]]></system-err>
      </testcase>
      <testcase name="Test Cases/TripFocus/FDG/FDG - UserPage/Edit/Data Restrictions/Verify Read Only Checkbox Data Restrictions" time="66.422" classname="Test Cases/TripFocus/FDG/FDG - UserPage/Edit/Data Restrictions/Verify Read Only Checkbox Data Restrictions" status="PASSED">
         <system-out><![CDATA[22-10-2025T10:14:29 - [TEST_CASE][PASSED] - Test Cases/TripFocus/FDG/FDG - UserPage/Edit/Data Restrictions/Verify Read Only Checkbox Data Restrictions: Test Cases/TripFocus/FDG/FDG - UserPage/Edit/Data Restrictions/Verify Read Only Checkbox Data Restrictions

22-10-2025T10:14:29 - [TEST_STEP][PASSED] - Start listener action : beforeTestCase: null

22-10-2025T10:14:29 - [TEST_STEP][PASSED] - addDefaultPackages(): null

22-10-2025T10:14:29 - [TEST_STEP][PASSED] - openBrowser(""): Browser is opened with url: ''

22-10-2025T10:14:29 - [MESSAGE][WARNING] - A browser is already opened. Closing browser and opening a new one

22-10-2025T10:14:29 - [MESSAGE][INFO] - Starting 'Chrome' driver

22-10-2025T10:14:29 - [MESSAGE][INFO] - User set preference: ['args', '[--no-sandbox, --disable-gpu, --disable-dev-shm-usage]']

22-10-2025T10:14:29 - [MESSAGE][INFO] - Action delay is set to 0 milliseconds

22-10-2025T10:14:30 - [MESSAGE][PASSED] - Browser is opened with url: ''

22-10-2025T10:14:30 - [TEST_STEP][PASSED] - navigateToUrl(TFBaseURL): Navigate to 'https://www.qa.tripfocus.com' successfully

22-10-2025T10:14:31 - [MESSAGE][PASSED] - Navigate to 'https://www.qa.tripfocus.com' successfully

22-10-2025T10:14:31 - [TEST_STEP][PASSED] - click(findTestObject("Object Repository/TripFocus/Page_TripFocus/button_Sign in")): Object: 'Object Repository/TripFocus/Page_TripFocus/button_Sign in' is clicked on

22-10-2025T10:14:31 - [MESSAGE][PASSED] - Object: 'Object Repository/TripFocus/Page_TripFocus/button_Sign in' is clicked on

22-10-2025T10:14:31 - [TEST_STEP][PASSED] - setText(findTestObject("Object Repository/TripFocus/Page_TripFocus/input_Username (e.g. email address)_Username"), TripFocusFDGUsername): Text 'Ashford.Chenault+QACustomerFDGONLY@thekag.com' is set on object 'Object Repository/TripFocus/Page_TripFocus/input_Username (e.g. email address)_Username'

22-10-2025T10:14:32 - [MESSAGE][PASSED] - Text 'Ashford.Chenault+QACustomerFDGONLY@thekag.com' is set on object 'Object Repository/TripFocus/Page_TripFocus/input_Username (e.g. email address)_Username'

22-10-2025T10:14:32 - [TEST_STEP][PASSED] - setText(findTestObject("Object Repository/TripFocus/Page_TripFocus/input_Password_Password"), TripFocusFDGSPGPassword): Text 'CrashBan911!!' is set on object 'Object Repository/TripFocus/Page_TripFocus/input_Password_Password'

22-10-2025T10:14:33 - [MESSAGE][PASSED] - Text 'CrashBan911!!' is set on object 'Object Repository/TripFocus/Page_TripFocus/input_Password_Password'

22-10-2025T10:14:33 - [TEST_STEP][PASSED] - click(findTestObject("Object Repository/TripFocus/Page_TripFocus/button_Login")): Object: 'Object Repository/TripFocus/Page_TripFocus/button_Login' is clicked on

22-10-2025T10:14:33 - [MESSAGE][PASSED] - Object: 'Object Repository/TripFocus/Page_TripFocus/button_Login' is clicked on

22-10-2025T10:14:33 - [TEST_STEP][PASSED] - maximizeWindow(): Current window maximized

22-10-2025T10:14:33 - [MESSAGE][PASSED] - Current window maximized

22-10-2025T10:14:33 - [TEST_STEP][PASSED] - waitForElementVisible(findTestObject("TripFocus/Testing_Notification_btn"), 15, OPTIONAL): Web element with id: 'Object Repository/TripFocus/Testing_Notification_btn' located by '//*[@id="__BVID__10___BV_modal_footer_"]/button' not found

22-10-2025T10:14:49 - [MESSAGE][INFO] - Unable to find the element located by 'By.xpath: //*[@id="__BVID__10___BV_modal_footer_"]/button'. Please recheck the objects properties to make sure the desired element is located. 

22-10-2025T10:14:49 - [MESSAGE][WARNING] - [SELF-HEALING] Failed to find element with id 'Object Repository/TripFocus/Testing_Notification_btn'. Try using Self-healing.

22-10-2025T10:14:50 - [MESSAGE][INFO] - [SELF-HEALING] No working XPath is found.

22-10-2025T10:14:52 - [MESSAGE][INFO] - Unable to find the element located by 'By.xpath: '. Please recheck the objects properties to make sure the desired element is located. 

22-10-2025T10:14:52 - [MESSAGE][WARNING] - [SELF-HEALING] Cannot find elements when the selector is null

22-10-2025T10:14:52 - [MESSAGE][WARNING] - Web element with id: 'Object Repository/TripFocus/Testing_Notification_btn' located by '//*[@id="__BVID__10___BV_modal_footer_"]/button' not found

22-10-2025T10:14:52 - [TEST_STEP][PASSED] - if (verifyElementVisible(findTestObject("TripFocus/Testing_Notification_btn"), OPTIONAL) == true): Web element with id: 'Object Repository/TripFocus/Testing_Notification_btn' located by '//*[@id="__BVID__10___BV_modal_footer_"]/button' not found (Root cause: com.kms.katalon.core.exception.StepFailedException: Web element with id: 'Object Repository/TripFocus/Testing_Notification_btn' located by '//*[@id="__BVID__10___BV_modal_footer_"]/button' not found
	at com.kms.katalon.core.webui.keyword.internal.WebUIKeywordMain.stepFailed(WebUIKeywordMain.groovy:117)
	at com.kms.katalon.core.webui.keyword.builtin.VerifyElementVisibleKeyword$_verifyElementVisible_closure1.doCall(VerifyElementVisibleKeyword.groovy:89)
	at com.kms.katalon.core.webui.keyword.builtin.VerifyElementVisibleKeyword$_verifyElementVisible_closure1.call(VerifyElementVisibleKeyword.groovy)
	at com.kms.katalon.core.webui.keyword.internal.WebUIKeywordMain.runKeyword(WebUIKeywordMain.groovy:35)
	at com.kms.katalon.core.webui.keyword.builtin.VerifyElementVisibleKeyword.verifyElementVisible(VerifyElementVisibleKeyword.groovy:97)
	at com.kms.katalon.core.webui.keyword.builtin.VerifyElementVisibleKeyword.execute(VerifyElementVisibleKeyword.groovy:67)
	at com.kms.katalon.core.keyword.internal.KeywordExecutor.executeKeywordForPlatform(KeywordExecutor.groovy:74)
	at com.kms.katalon.core.webui.keyword.WebUiBuiltInKeywords.verifyElementVisible(WebUiBuiltInKeywords.groovy:401)
	at com.kms.katalon.core.webui.keyword.WebUiBuiltInKeywords$verifyElementVisible$5.call(Unknown Source)
	at Verify Read Only Checkbox Data Restrictions.run(Verify Read Only Checkbox Data Restrictions:38)
	at com.kms.katalon.core.main.ScriptEngine.run(ScriptEngine.java:194)
	at com.kms.katalon.core.main.ScriptEngine.runScriptAsRawText(ScriptEngine.java:119)
	at com.kms.katalon.core.main.TestCaseExecutor.runScript(TestCaseExecutor.java:448)
	at com.kms.katalon.core.main.TestCaseExecutor.doExecute(TestCaseExecutor.java:439)
	at com.kms.katalon.core.main.TestCaseExecutor.processExecutionPhase(TestCaseExecutor.java:418)
	at com.kms.katalon.core.main.TestCaseExecutor.accessMainPhase(TestCaseExecutor.java:410)
	at com.kms.katalon.core.main.TestCaseExecutor.execute(TestCaseExecutor.java:285)
	at com.kms.katalon.core.common.CommonExecutor.accessTestCaseMainPhase(CommonExecutor.java:65)
	at com.kms.katalon.core.main.TestSuiteExecutor.accessTestSuiteMainPhase(TestSuiteExecutor.java:150)
	at com.kms.katalon.core.main.TestSuiteExecutor.execute(TestSuiteExecutor.java:106)
	at com.kms.katalon.core.main.TestCaseMain.startTestSuite(TestCaseMain.java:180)
	at com.kms.katalon.core.main.TestCaseMain$startTestSuite$0.call(Unknown Source)
	at TempTestSuite1761139070913.run(TempTestSuite1761139070913.groovy:35)
	at java.base/jdk.internal.reflect.NativeMethodAccessorImpl.invoke0(Native Method)
	at java.base/jdk.internal.reflect.NativeMethodAccessorImpl.invoke(NativeMethodAccessorImpl.java:77)
	at java.base/jdk.internal.reflect.DelegatingMethodAccessorImpl.invoke(DelegatingMethodAccessorImpl.java:43)
)

22-10-2025T10:15:08 - [MESSAGE][INFO] - Unable to find the element located by 'By.xpath: //*[@id="__BVID__10___BV_modal_footer_"]/button'. Please recheck the objects properties to make sure the desired element is located. 

22-10-2025T10:15:08 - [MESSAGE][WARNING] - [SELF-HEALING] Failed to find element with id 'Object Repository/TripFocus/Testing_Notification_btn'. Try using Self-healing.

22-10-2025T10:15:09 - [MESSAGE][INFO] - [SELF-HEALING] No working XPath is found.

22-10-2025T10:15:11 - [MESSAGE][INFO] - Unable to find the element located by 'By.xpath: '. Please recheck the objects properties to make sure the desired element is located. 

22-10-2025T10:15:11 - [MESSAGE][WARNING] - [SELF-HEALING] Cannot find elements when the selector is null

22-10-2025T10:15:11 - [MESSAGE][WARNING] - Web element with id: 'Object Repository/TripFocus/Testing_Notification_btn' located by '//*[@id="__BVID__10___BV_modal_footer_"]/button' not found (Root cause: com.kms.katalon.core.exception.StepFailedException: Web element with id: 'Object Repository/TripFocus/Testing_Notification_btn' located by '//*[@id="__BVID__10___BV_modal_footer_"]/button' not found
	at com.kms.katalon.core.webui.keyword.internal.WebUIKeywordMain.stepFailed(WebUIKeywordMain.groovy:117)
	at com.kms.katalon.core.webui.keyword.builtin.VerifyElementVisibleKeyword$_verifyElementVisible_closure1.doCall(VerifyElementVisibleKeyword.groovy:89)
	at com.kms.katalon.core.webui.keyword.builtin.VerifyElementVisibleKeyword$_verifyElementVisible_closure1.call(VerifyElementVisibleKeyword.groovy)
	at com.kms.katalon.core.webui.keyword.internal.WebUIKeywordMain.runKeyword(WebUIKeywordMain.groovy:35)
	at com.kms.katalon.core.webui.keyword.builtin.VerifyElementVisibleKeyword.verifyElementVisible(VerifyElementVisibleKeyword.groovy:97)
	at com.kms.katalon.core.webui.keyword.builtin.VerifyElementVisibleKeyword.execute(VerifyElementVisibleKeyword.groovy:67)
	at com.kms.katalon.core.keyword.internal.KeywordExecutor.executeKeywordForPlatform(KeywordExecutor.groovy:74)
	at com.kms.katalon.core.webui.keyword.WebUiBuiltInKeywords.verifyElementVisible(WebUiBuiltInKeywords.groovy:401)
	at com.kms.katalon.core.webui.keyword.WebUiBuiltInKeywords$verifyElementVisible$5.call(Unknown Source)
	at Verify Read Only Checkbox Data Restrictions.run(Verify Read Only Checkbox Data Restrictions:38)
	at com.kms.katalon.core.main.ScriptEngine.run(ScriptEngine.java:194)
	at com.kms.katalon.core.main.ScriptEngine.runScriptAsRawText(ScriptEngine.java:119)
	at com.kms.katalon.core.main.TestCaseExecutor.runScript(TestCaseExecutor.java:448)
	at com.kms.katalon.core.main.TestCaseExecutor.doExecute(TestCaseExecutor.java:439)
	at com.kms.katalon.core.main.TestCaseExecutor.processExecutionPhase(TestCaseExecutor.java:418)
	at com.kms.katalon.core.main.TestCaseExecutor.accessMainPhase(TestCaseExecutor.java:410)
	at com.kms.katalon.core.main.TestCaseExecutor.execute(TestCaseExecutor.java:285)
	at com.kms.katalon.core.common.CommonExecutor.accessTestCaseMainPhase(CommonExecutor.java:65)
	at com.kms.katalon.core.main.TestSuiteExecutor.accessTestSuiteMainPhase(TestSuiteExecutor.java:150)
	at com.kms.katalon.core.main.TestSuiteExecutor.execute(TestSuiteExecutor.java:106)
	at com.kms.katalon.core.main.TestCaseMain.startTestSuite(TestCaseMain.java:180)
	at com.kms.katalon.core.main.TestCaseMain$startTestSuite$0.call(Unknown Source)
	at TempTestSuite1761139070913.run(TempTestSuite1761139070913.groovy:35)
	at java.base/jdk.internal.reflect.NativeMethodAccessorImpl.invoke0(Native Method)
	at java.base/jdk.internal.reflect.NativeMethodAccessorImpl.invoke(NativeMethodAccessorImpl.java:77)
	at java.base/jdk.internal.reflect.DelegatingMethodAccessorImpl.invoke(DelegatingMethodAccessorImpl.java:43)
)

22-10-2025T10:15:11 - [TEST_STEP][PASSED] - click(findTestObject("Object Repository/TripFocus/Page_TripFocus/a_Users")): Object: 'Object Repository/TripFocus/Page_TripFocus/a_Users' is clicked on

22-10-2025T10:15:11 - [MESSAGE][PASSED] - Object: 'Object Repository/TripFocus/Page_TripFocus/a_Users' is clicked on

22-10-2025T10:15:11 - [TEST_STEP][PASSED] - delay(5): Delayed 5 second(s)

22-10-2025T10:15:16 - [MESSAGE][PASSED] - Delayed 5 second(s)

22-10-2025T10:15:16 - [TEST_STEP][PASSED] - setText(findTestObject("TripFocus/Users/User_Search_txt"), "ashfordFDGTesting"): Text 'ashfordFDGTesting' is set on object 'Object Repository/TripFocus/Users/User_Search_txt'

22-10-2025T10:15:17 - [MESSAGE][PASSED] - Text 'ashfordFDGTesting' is set on object 'Object Repository/TripFocus/Users/User_Search_txt'

22-10-2025T10:15:17 - [TEST_STEP][PASSED] - delay(2): Delayed 2 second(s)

22-10-2025T10:15:19 - [MESSAGE][PASSED] - Delayed 2 second(s)

22-10-2025T10:15:19 - [TEST_STEP][PASSED] - click(findTestObject("Object Repository/TripFocus/Page_TripFocus/button_Edit")): Object: 'Object Repository/TripFocus/Page_TripFocus/button_Edit' is clicked on

22-10-2025T10:15:19 - [MESSAGE][PASSED] - Object: 'Object Repository/TripFocus/Page_TripFocus/button_Edit' is clicked on

22-10-2025T10:15:19 - [TEST_STEP][PASSED] - delay(15): Delayed 15 second(s)

22-10-2025T10:15:34 - [MESSAGE][PASSED] - Delayed 15 second(s)

22-10-2025T10:15:34 - [TEST_STEP][PASSED] - click(findTestObject("TripFocus/Users/Data Restrictions/Data_Restrictions_tab")): Object: 'Object Repository/TripFocus/Users/Data Restrictions/Data_Restrictions_tab' is clicked on

22-10-2025T10:15:34 - [MESSAGE][PASSED] - Object: 'Object Repository/TripFocus/Users/Data Restrictions/Data_Restrictions_tab' is clicked on

22-10-2025T10:15:34 - [TEST_STEP][PASSED] - delay(1): Delayed 1 second(s)

22-10-2025T10:15:35 - [MESSAGE][PASSED] - Delayed 1 second(s)

22-10-2025T10:15:35 - [TEST_STEP][PASSED] - verifyElementPresent(findTestObject("TripFocus/Users/Data Restrictions/Read_Only_checkbox"), 10): Object 'Object Repository/TripFocus/Users/Data Restrictions/Read_Only_checkbox' is present

22-10-2025T10:15:35 - [MESSAGE][PASSED] - Object 'Object Repository/TripFocus/Users/Data Restrictions/Read_Only_checkbox' is present

22-10-2025T10:15:35 - [TEST_STEP][PASSED] - click(findTestObject("TripFocus/Users/Data Restrictions/Read_Only_checkbox"), STOP_ON_FAILURE): Object: 'Object Repository/TripFocus/Users/Data Restrictions/Read_Only_checkbox' is clicked on

22-10-2025T10:15:35 - [MESSAGE][PASSED] - Object: 'Object Repository/TripFocus/Users/Data Restrictions/Read_Only_checkbox' is clicked on

22-10-2025T10:15:35 - [TEST_STEP][PASSED] - Start listener action : retryOnDisconnect: null

22-10-2025T10:15:35 - [TEST_STEP][PASSED] - tcId = testCaseContext.getTestCaseId(): null

22-10-2025T10:15:35 - [TEST_STEP][PASSED] - currentRetry = retryCounts.getOrDefault(tcId, 0): null

22-10-2025T10:15:35 - [TEST_STEP][PASSED] - if (testCaseContext.getTestCaseStatus() == "FAILED" && currentRetry < MAX_RETRIES): null]]></system-out>
         <system-err><![CDATA[]]></system-err>
      </testcase>
      <testcase name="Test Cases/TripFocus/FDG/FDG - UserPage/Edit/Data Restrictions/Add Shippers Data Restrictions" time="93.63" classname="Test Cases/TripFocus/FDG/FDG - UserPage/Edit/Data Restrictions/Add Shippers Data Restrictions" status="PASSED">
         <system-out><![CDATA[22-10-2025T10:15:35 - [TEST_CASE][PASSED] - Test Cases/TripFocus/FDG/FDG - UserPage/Edit/Data Restrictions/Add Shippers Data Restrictions: Test Cases/TripFocus/FDG/FDG - UserPage/Edit/Data Restrictions/Add Shippers Data Restrictions

22-10-2025T10:15:35 - [TEST_STEP][PASSED] - Start listener action : beforeTestCase: null

22-10-2025T10:15:35 - [TEST_STEP][PASSED] - addDefaultPackages(): null

22-10-2025T10:15:35 - [TEST_STEP][PASSED] - openBrowser(""): Browser is opened with url: ''

22-10-2025T10:15:35 - [MESSAGE][WARNING] - A browser is already opened. Closing browser and opening a new one

22-10-2025T10:15:36 - [MESSAGE][INFO] - Starting 'Chrome' driver

22-10-2025T10:15:36 - [MESSAGE][INFO] - User set preference: ['args', '[--no-sandbox, --disable-gpu, --disable-dev-shm-usage]']

22-10-2025T10:15:36 - [MESSAGE][INFO] - Action delay is set to 0 milliseconds

22-10-2025T10:15:37 - [MESSAGE][PASSED] - Browser is opened with url: ''

22-10-2025T10:15:37 - [TEST_STEP][PASSED] - navigateToUrl(TFBaseURL): Navigate to 'https://www.qa.tripfocus.com' successfully

22-10-2025T10:15:37 - [MESSAGE][PASSED] - Navigate to 'https://www.qa.tripfocus.com' successfully

22-10-2025T10:15:37 - [TEST_STEP][PASSED] - click(findTestObject("Object Repository/TripFocus/Page_TripFocus/button_Sign in")): Object: 'Object Repository/TripFocus/Page_TripFocus/button_Sign in' is clicked on

22-10-2025T10:15:37 - [MESSAGE][PASSED] - Object: 'Object Repository/TripFocus/Page_TripFocus/button_Sign in' is clicked on

22-10-2025T10:15:37 - [TEST_STEP][PASSED] - setText(findTestObject("Object Repository/TripFocus/Page_TripFocus/input_Username (e.g. email address)_Username"), TripFocusFDGUsername): Text 'Ashford.Chenault+QACustomerFDGONLY@thekag.com' is set on object 'Object Repository/TripFocus/Page_TripFocus/input_Username (e.g. email address)_Username'

22-10-2025T10:15:38 - [MESSAGE][PASSED] - Text 'Ashford.Chenault+QACustomerFDGONLY@thekag.com' is set on object 'Object Repository/TripFocus/Page_TripFocus/input_Username (e.g. email address)_Username'

22-10-2025T10:15:38 - [TEST_STEP][PASSED] - setText(findTestObject("Object Repository/TripFocus/Page_TripFocus/input_Password_Password"), TripFocusFDGSPGPassword): Text 'CrashBan911!!' is set on object 'Object Repository/TripFocus/Page_TripFocus/input_Password_Password'

22-10-2025T10:15:38 - [MESSAGE][PASSED] - Text 'CrashBan911!!' is set on object 'Object Repository/TripFocus/Page_TripFocus/input_Password_Password'

22-10-2025T10:15:38 - [TEST_STEP][PASSED] - click(findTestObject("Object Repository/TripFocus/Page_TripFocus/button_Login")): Object: 'Object Repository/TripFocus/Page_TripFocus/button_Login' is clicked on

22-10-2025T10:15:38 - [MESSAGE][PASSED] - Object: 'Object Repository/TripFocus/Page_TripFocus/button_Login' is clicked on

22-10-2025T10:15:38 - [TEST_STEP][PASSED] - maximizeWindow(): Current window maximized

22-10-2025T10:15:39 - [MESSAGE][PASSED] - Current window maximized

22-10-2025T10:15:39 - [TEST_STEP][PASSED] - waitForElementVisible(findTestObject("TripFocus/Testing_Notification_btn"), 15, OPTIONAL): Web element with id: 'Object Repository/TripFocus/Testing_Notification_btn' located by '//*[@id="__BVID__10___BV_modal_footer_"]/button' not found

22-10-2025T10:15:55 - [MESSAGE][INFO] - Unable to find the element located by 'By.xpath: //*[@id="__BVID__10___BV_modal_footer_"]/button'. Please recheck the objects properties to make sure the desired element is located. 

22-10-2025T10:15:55 - [MESSAGE][WARNING] - [SELF-HEALING] Failed to find element with id 'Object Repository/TripFocus/Testing_Notification_btn'. Try using Self-healing.

22-10-2025T10:15:56 - [MESSAGE][INFO] - [SELF-HEALING] No working XPath is found.

22-10-2025T10:15:58 - [MESSAGE][INFO] - Unable to find the element located by 'By.xpath: '. Please recheck the objects properties to make sure the desired element is located. 

22-10-2025T10:15:58 - [MESSAGE][WARNING] - [SELF-HEALING] Cannot find elements when the selector is null

22-10-2025T10:15:58 - [MESSAGE][WARNING] - Web element with id: 'Object Repository/TripFocus/Testing_Notification_btn' located by '//*[@id="__BVID__10___BV_modal_footer_"]/button' not found

22-10-2025T10:15:58 - [TEST_STEP][PASSED] - if (verifyElementVisible(findTestObject("TripFocus/Testing_Notification_btn"), OPTIONAL) == true): Web element with id: 'Object Repository/TripFocus/Testing_Notification_btn' located by '//*[@id="__BVID__10___BV_modal_footer_"]/button' not found (Root cause: com.kms.katalon.core.exception.StepFailedException: Web element with id: 'Object Repository/TripFocus/Testing_Notification_btn' located by '//*[@id="__BVID__10___BV_modal_footer_"]/button' not found
	at com.kms.katalon.core.webui.keyword.internal.WebUIKeywordMain.stepFailed(WebUIKeywordMain.groovy:117)
	at com.kms.katalon.core.webui.keyword.builtin.VerifyElementVisibleKeyword$_verifyElementVisible_closure1.doCall(VerifyElementVisibleKeyword.groovy:89)
	at com.kms.katalon.core.webui.keyword.builtin.VerifyElementVisibleKeyword$_verifyElementVisible_closure1.call(VerifyElementVisibleKeyword.groovy)
	at com.kms.katalon.core.webui.keyword.internal.WebUIKeywordMain.runKeyword(WebUIKeywordMain.groovy:35)
	at com.kms.katalon.core.webui.keyword.builtin.VerifyElementVisibleKeyword.verifyElementVisible(VerifyElementVisibleKeyword.groovy:97)
	at com.kms.katalon.core.webui.keyword.builtin.VerifyElementVisibleKeyword.execute(VerifyElementVisibleKeyword.groovy:67)
	at com.kms.katalon.core.keyword.internal.KeywordExecutor.executeKeywordForPlatform(KeywordExecutor.groovy:74)
	at com.kms.katalon.core.webui.keyword.WebUiBuiltInKeywords.verifyElementVisible(WebUiBuiltInKeywords.groovy:401)
	at com.kms.katalon.core.webui.keyword.WebUiBuiltInKeywords$verifyElementVisible$5.call(Unknown Source)
	at Add Shippers Data Restrictions.run(Add Shippers Data Restrictions:38)
	at com.kms.katalon.core.main.ScriptEngine.run(ScriptEngine.java:194)
	at com.kms.katalon.core.main.ScriptEngine.runScriptAsRawText(ScriptEngine.java:119)
	at com.kms.katalon.core.main.TestCaseExecutor.runScript(TestCaseExecutor.java:448)
	at com.kms.katalon.core.main.TestCaseExecutor.doExecute(TestCaseExecutor.java:439)
	at com.kms.katalon.core.main.TestCaseExecutor.processExecutionPhase(TestCaseExecutor.java:418)
	at com.kms.katalon.core.main.TestCaseExecutor.accessMainPhase(TestCaseExecutor.java:410)
	at com.kms.katalon.core.main.TestCaseExecutor.execute(TestCaseExecutor.java:285)
	at com.kms.katalon.core.common.CommonExecutor.accessTestCaseMainPhase(CommonExecutor.java:65)
	at com.kms.katalon.core.main.TestSuiteExecutor.accessTestSuiteMainPhase(TestSuiteExecutor.java:150)
	at com.kms.katalon.core.main.TestSuiteExecutor.execute(TestSuiteExecutor.java:106)
	at com.kms.katalon.core.main.TestCaseMain.startTestSuite(TestCaseMain.java:180)
	at com.kms.katalon.core.main.TestCaseMain$startTestSuite$0.call(Unknown Source)
	at TempTestSuite1761139070913.run(TempTestSuite1761139070913.groovy:35)
	at java.base/jdk.internal.reflect.NativeMethodAccessorImpl.invoke0(Native Method)
	at java.base/jdk.internal.reflect.NativeMethodAccessorImpl.invoke(NativeMethodAccessorImpl.java:77)
	at java.base/jdk.internal.reflect.DelegatingMethodAccessorImpl.invoke(DelegatingMethodAccessorImpl.java:43)
)

22-10-2025T10:16:14 - [MESSAGE][INFO] - Unable to find the element located by 'By.xpath: //*[@id="__BVID__10___BV_modal_footer_"]/button'. Please recheck the objects properties to make sure the desired element is located. 

22-10-2025T10:16:14 - [MESSAGE][WARNING] - [SELF-HEALING] Failed to find element with id 'Object Repository/TripFocus/Testing_Notification_btn'. Try using Self-healing.

22-10-2025T10:16:15 - [MESSAGE][INFO] - [SELF-HEALING] No working XPath is found.

22-10-2025T10:16:17 - [MESSAGE][INFO] - Unable to find the element located by 'By.xpath: '. Please recheck the objects properties to make sure the desired element is located. 

22-10-2025T10:16:17 - [MESSAGE][WARNING] - [SELF-HEALING] Cannot find elements when the selector is null

22-10-2025T10:16:17 - [MESSAGE][WARNING] - Web element with id: 'Object Repository/TripFocus/Testing_Notification_btn' located by '//*[@id="__BVID__10___BV_modal_footer_"]/button' not found (Root cause: com.kms.katalon.core.exception.StepFailedException: Web element with id: 'Object Repository/TripFocus/Testing_Notification_btn' located by '//*[@id="__BVID__10___BV_modal_footer_"]/button' not found
	at com.kms.katalon.core.webui.keyword.internal.WebUIKeywordMain.stepFailed(WebUIKeywordMain.groovy:117)
	at com.kms.katalon.core.webui.keyword.builtin.VerifyElementVisibleKeyword$_verifyElementVisible_closure1.doCall(VerifyElementVisibleKeyword.groovy:89)
	at com.kms.katalon.core.webui.keyword.builtin.VerifyElementVisibleKeyword$_verifyElementVisible_closure1.call(VerifyElementVisibleKeyword.groovy)
	at com.kms.katalon.core.webui.keyword.internal.WebUIKeywordMain.runKeyword(WebUIKeywordMain.groovy:35)
	at com.kms.katalon.core.webui.keyword.builtin.VerifyElementVisibleKeyword.verifyElementVisible(VerifyElementVisibleKeyword.groovy:97)
	at com.kms.katalon.core.webui.keyword.builtin.VerifyElementVisibleKeyword.execute(VerifyElementVisibleKeyword.groovy:67)
	at com.kms.katalon.core.keyword.internal.KeywordExecutor.executeKeywordForPlatform(KeywordExecutor.groovy:74)
	at com.kms.katalon.core.webui.keyword.WebUiBuiltInKeywords.verifyElementVisible(WebUiBuiltInKeywords.groovy:401)
	at com.kms.katalon.core.webui.keyword.WebUiBuiltInKeywords$verifyElementVisible$5.call(Unknown Source)
	at Add Shippers Data Restrictions.run(Add Shippers Data Restrictions:38)
	at com.kms.katalon.core.main.ScriptEngine.run(ScriptEngine.java:194)
	at com.kms.katalon.core.main.ScriptEngine.runScriptAsRawText(ScriptEngine.java:119)
	at com.kms.katalon.core.main.TestCaseExecutor.runScript(TestCaseExecutor.java:448)
	at com.kms.katalon.core.main.TestCaseExecutor.doExecute(TestCaseExecutor.java:439)
	at com.kms.katalon.core.main.TestCaseExecutor.processExecutionPhase(TestCaseExecutor.java:418)
	at com.kms.katalon.core.main.TestCaseExecutor.accessMainPhase(TestCaseExecutor.java:410)
	at com.kms.katalon.core.main.TestCaseExecutor.execute(TestCaseExecutor.java:285)
	at com.kms.katalon.core.common.CommonExecutor.accessTestCaseMainPhase(CommonExecutor.java:65)
	at com.kms.katalon.core.main.TestSuiteExecutor.accessTestSuiteMainPhase(TestSuiteExecutor.java:150)
	at com.kms.katalon.core.main.TestSuiteExecutor.execute(TestSuiteExecutor.java:106)
	at com.kms.katalon.core.main.TestCaseMain.startTestSuite(TestCaseMain.java:180)
	at com.kms.katalon.core.main.TestCaseMain$startTestSuite$0.call(Unknown Source)
	at TempTestSuite1761139070913.run(TempTestSuite1761139070913.groovy:35)
	at java.base/jdk.internal.reflect.NativeMethodAccessorImpl.invoke0(Native Method)
	at java.base/jdk.internal.reflect.NativeMethodAccessorImpl.invoke(NativeMethodAccessorImpl.java:77)
	at java.base/jdk.internal.reflect.DelegatingMethodAccessorImpl.invoke(DelegatingMethodAccessorImpl.java:43)
)

22-10-2025T10:16:17 - [TEST_STEP][PASSED] - click(findTestObject("Object Repository/TripFocus/Page_TripFocus/a_Users")): Object: 'Object Repository/TripFocus/Page_TripFocus/a_Users' is clicked on

22-10-2025T10:16:17 - [MESSAGE][PASSED] - Object: 'Object Repository/TripFocus/Page_TripFocus/a_Users' is clicked on

22-10-2025T10:16:17 - [TEST_STEP][PASSED] - delay(5): Delayed 5 second(s)

22-10-2025T10:16:22 - [MESSAGE][PASSED] - Delayed 5 second(s)

22-10-2025T10:16:22 - [TEST_STEP][PASSED] - setText(findTestObject("TripFocus/Users/User_Search_txt"), "ashfordFDGTesting"): Text 'ashfordFDGTesting' is set on object 'Object Repository/TripFocus/Users/User_Search_txt'

22-10-2025T10:16:22 - [MESSAGE][PASSED] - Text 'ashfordFDGTesting' is set on object 'Object Repository/TripFocus/Users/User_Search_txt'

22-10-2025T10:16:22 - [TEST_STEP][PASSED] - delay(2): Delayed 2 second(s)

22-10-2025T10:16:24 - [MESSAGE][PASSED] - Delayed 2 second(s)

22-10-2025T10:16:24 - [TEST_STEP][PASSED] - click(findTestObject("Object Repository/TripFocus/Page_TripFocus/button_Edit")): Object: 'Object Repository/TripFocus/Page_TripFocus/button_Edit' is clicked on

22-10-2025T10:16:24 - [MESSAGE][PASSED] - Object: 'Object Repository/TripFocus/Page_TripFocus/button_Edit' is clicked on

22-10-2025T10:16:24 - [TEST_STEP][PASSED] - delay(15): Delayed 15 second(s)

22-10-2025T10:16:39 - [MESSAGE][PASSED] - Delayed 15 second(s)

22-10-2025T10:16:39 - [TEST_STEP][PASSED] - click(findTestObject("TripFocus/Users/Data Restrictions/Data_Restrictions_tab")): Object: 'Object Repository/TripFocus/Users/Data Restrictions/Data_Restrictions_tab' is clicked on

22-10-2025T10:16:40 - [MESSAGE][PASSED] - Object: 'Object Repository/TripFocus/Users/Data Restrictions/Data_Restrictions_tab' is clicked on

22-10-2025T10:16:40 - [TEST_STEP][PASSED] - delay(2): Delayed 2 second(s)

22-10-2025T10:16:42 - [MESSAGE][PASSED] - Delayed 2 second(s)

22-10-2025T10:16:42 - [TEST_STEP][PASSED] - click(findTestObject("TripFocus/Users/Data Restrictions/Divisions_dropdown"), STOP_ON_FAILURE): Object: 'Object Repository/TripFocus/Users/Data Restrictions/Divisions_dropdown' is clicked on

22-10-2025T10:16:42 - [MESSAGE][PASSED] - Object: 'Object Repository/TripFocus/Users/Data Restrictions/Divisions_dropdown' is clicked on

22-10-2025T10:16:42 - [TEST_STEP][PASSED] - delay(1): Delayed 1 second(s)

22-10-2025T10:16:43 - [MESSAGE][PASSED] - Delayed 1 second(s)

22-10-2025T10:16:43 - [TEST_STEP][PASSED] - sendKeys(findTestObject("TripFocus/Users/Data Restrictions/Divisions_txt"), "FDG"): Keys 'FDG' sent to object: 'Object Repository/TripFocus/Users/Data Restrictions/Divisions_txt'

22-10-2025T10:16:43 - [MESSAGE][PASSED] - Keys 'FDG' sent to object: 'Object Repository/TripFocus/Users/Data Restrictions/Divisions_txt'

22-10-2025T10:16:43 - [TEST_STEP][PASSED] - delay(1): Delayed 1 second(s)

22-10-2025T10:16:44 - [MESSAGE][PASSED] - Delayed 1 second(s)

22-10-2025T10:16:44 - [TEST_STEP][PASSED] - sendKeys(findTestObject("TripFocus/Users/Data Restrictions/Divisions_txt"), Keys.chord(ENTER)): Keys 'ENTER + ' sent to object: 'Object Repository/TripFocus/Users/Data Restrictions/Divisions_txt'

22-10-2025T10:16:44 - [MESSAGE][PASSED] - Keys 'ENTER + ' sent to object: 'Object Repository/TripFocus/Users/Data Restrictions/Divisions_txt'

22-10-2025T10:16:44 - [TEST_STEP][PASSED] - delay(2): Delayed 2 second(s)

22-10-2025T10:16:46 - [MESSAGE][PASSED] - Delayed 2 second(s)

22-10-2025T10:16:46 - [TEST_STEP][PASSED] - click(findTestObject("TripFocus/Users/Data Restrictions/Shippers_dropdown"), STOP_ON_FAILURE): Object: 'Object Repository/TripFocus/Users/Data Restrictions/Shippers_dropdown' is clicked on

22-10-2025T10:16:46 - [MESSAGE][PASSED] - Object: 'Object Repository/TripFocus/Users/Data Restrictions/Shippers_dropdown' is clicked on

22-10-2025T10:16:46 - [TEST_STEP][PASSED] - delay(1): Delayed 1 second(s)

22-10-2025T10:16:47 - [MESSAGE][PASSED] - Delayed 1 second(s)

22-10-2025T10:16:47 - [TEST_STEP][PASSED] - sendKeys(findTestObject("TripFocus/Users/Data Restrictions/Shippers_txt"), "5004 ATHENS"): Keys '5004 ATHENS' sent to object: 'Object Repository/TripFocus/Users/Data Restrictions/Shippers_txt'

22-10-2025T10:16:47 - [MESSAGE][PASSED] - Keys '5004 ATHENS' sent to object: 'Object Repository/TripFocus/Users/Data Restrictions/Shippers_txt'

22-10-2025T10:16:47 - [TEST_STEP][PASSED] - delay(15): Delayed 15 second(s)

22-10-2025T10:17:02 - [MESSAGE][PASSED] - Delayed 15 second(s)

22-10-2025T10:17:02 - [TEST_STEP][PASSED] - sendKeys(findTestObject("TripFocus/Users/Data Restrictions/Shippers_txt"), Keys.chord(ENTER)): Keys 'ENTER + ' sent to object: 'Object Repository/TripFocus/Users/Data Restrictions/Shippers_txt'

22-10-2025T10:17:02 - [MESSAGE][PASSED] - Keys 'ENTER + ' sent to object: 'Object Repository/TripFocus/Users/Data Restrictions/Shippers_txt'

22-10-2025T10:17:02 - [TEST_STEP][PASSED] - delay(1): Delayed 1 second(s)

22-10-2025T10:17:03 - [MESSAGE][PASSED] - Delayed 1 second(s)

22-10-2025T10:17:03 - [TEST_STEP][PASSED] - click(findTestObject("TripFocus/Users/Data Restrictions/Preview_Data_Restrictions_btn"), STOP_ON_FAILURE): Object: 'Object Repository/TripFocus/Users/Data Restrictions/Preview_Data_Restrictions_btn' is clicked on

22-10-2025T10:17:03 - [MESSAGE][PASSED] - Object: 'Object Repository/TripFocus/Users/Data Restrictions/Preview_Data_Restrictions_btn' is clicked on

22-10-2025T10:17:03 - [TEST_STEP][PASSED] - waitForElementVisible(findTestObject("TripFocus/Users/Data Restrictions/Preview_Data_Restrictions_btn"), 10): Object 'Object Repository/TripFocus/Users/Data Restrictions/Preview_Data_Restrictions_btn' is visible

22-10-2025T10:17:03 - [MESSAGE][PASSED] - Object 'Object Repository/TripFocus/Users/Data Restrictions/Preview_Data_Restrictions_btn' is visible

22-10-2025T10:17:03 - [TEST_STEP][PASSED] - click(findTestObject("TripFocus/Users/Data Restrictions/Save_Data_Restrictions_btn"), STOP_ON_FAILURE): Object: 'Object Repository/TripFocus/Users/Data Restrictions/Save_Data_Restrictions_btn' is clicked on

22-10-2025T10:17:04 - [MESSAGE][PASSED] - Object: 'Object Repository/TripFocus/Users/Data Restrictions/Save_Data_Restrictions_btn' is clicked on

22-10-2025T10:17:04 - [TEST_STEP][PASSED] - delay(1): Delayed 1 second(s)

22-10-2025T10:17:05 - [MESSAGE][PASSED] - Delayed 1 second(s)

22-10-2025T10:17:05 - [TEST_STEP][PASSED] - verifyElementPresent(findTestObject("TripFocus/Toasty_Message"), 10): Object 'Object Repository/TripFocus/Toasty_Message' is present

22-10-2025T10:17:05 - [MESSAGE][PASSED] - Object 'Object Repository/TripFocus/Toasty_Message' is present

22-10-2025T10:17:05 - [TEST_STEP][PASSED] - verifyElementText(findTestObject("TripFocus/Toasty_Message"), "User Data Restrictions added successfully."): Actual text and expected text of test object 'Object Repository/TripFocus/Toasty_Message' are matched.

22-10-2025T10:17:05 - [MESSAGE][PASSED] - Actual text and expected text of test object 'Object Repository/TripFocus/Toasty_Message' are matched.

22-10-2025T10:17:05 - [TEST_STEP][PASSED] - delay(2): Delayed 2 second(s)

22-10-2025T10:17:07 - [MESSAGE][PASSED] - Delayed 2 second(s)

22-10-2025T10:17:07 - [TEST_STEP][PASSED] - click(findTestObject("TripFocus/Users/Data Restrictions/Data_Restrictions_tab")): Object: 'Object Repository/TripFocus/Users/Data Restrictions/Data_Restrictions_tab' is clicked on

22-10-2025T10:17:07 - [MESSAGE][PASSED] - Object: 'Object Repository/TripFocus/Users/Data Restrictions/Data_Restrictions_tab' is clicked on

22-10-2025T10:17:07 - [TEST_STEP][PASSED] - delay(2): Delayed 2 second(s)

22-10-2025T10:17:09 - [MESSAGE][PASSED] - Delayed 2 second(s)

22-10-2025T10:17:09 - [TEST_STEP][PASSED] - click(findTestObject("TripFocus/Users/Data Restrictions/Delete_Restriction_btn")): Object: 'Object Repository/TripFocus/Users/Data Restrictions/Delete_Restriction_btn' is clicked on

22-10-2025T10:17:09 - [MESSAGE][PASSED] - Object: 'Object Repository/TripFocus/Users/Data Restrictions/Delete_Restriction_btn' is clicked on

22-10-2025T10:17:09 - [TEST_STEP][PASSED] - Start listener action : retryOnDisconnect: null

22-10-2025T10:17:09 - [TEST_STEP][PASSED] - tcId = testCaseContext.getTestCaseId(): null

22-10-2025T10:17:09 - [TEST_STEP][PASSED] - currentRetry = retryCounts.getOrDefault(tcId, 0): null

22-10-2025T10:17:09 - [TEST_STEP][PASSED] - if (testCaseContext.getTestCaseStatus() == "FAILED" && currentRetry < MAX_RETRIES): null]]></system-out>
         <system-err><![CDATA[]]></system-err>
      </testcase>
      <testcase name="Test Cases/TripFocus/FDG/FDG - UserPage/Edit/Data Restrictions/Add Subsidiaries Data Restrictions" time="93.206" classname="Test Cases/TripFocus/FDG/FDG - UserPage/Edit/Data Restrictions/Add Subsidiaries Data Restrictions" status="PASSED">
         <system-out><![CDATA[22-10-2025T10:17:09 - [TEST_CASE][PASSED] - Test Cases/TripFocus/FDG/FDG - UserPage/Edit/Data Restrictions/Add Subsidiaries Data Restrictions: Test Cases/TripFocus/FDG/FDG - UserPage/Edit/Data Restrictions/Add Subsidiaries Data Restrictions

22-10-2025T10:17:09 - [TEST_STEP][PASSED] - Start listener action : beforeTestCase: null

22-10-2025T10:17:09 - [TEST_STEP][PASSED] - addDefaultPackages(): null

22-10-2025T10:17:09 - [TEST_STEP][PASSED] - openBrowser(""): Browser is opened with url: ''

22-10-2025T10:17:09 - [MESSAGE][WARNING] - A browser is already opened. Closing browser and opening a new one

22-10-2025T10:17:09 - [MESSAGE][INFO] - Starting 'Chrome' driver

22-10-2025T10:17:09 - [MESSAGE][INFO] - User set preference: ['args', '[--no-sandbox, --disable-gpu, --disable-dev-shm-usage]']

22-10-2025T10:17:09 - [MESSAGE][INFO] - Action delay is set to 0 milliseconds

22-10-2025T10:17:10 - [MESSAGE][PASSED] - Browser is opened with url: ''

22-10-2025T10:17:10 - [TEST_STEP][PASSED] - navigateToUrl(TFBaseURL): Navigate to 'https://www.qa.tripfocus.com' successfully

22-10-2025T10:17:11 - [MESSAGE][PASSED] - Navigate to 'https://www.qa.tripfocus.com' successfully

22-10-2025T10:17:11 - [TEST_STEP][PASSED] - click(findTestObject("Object Repository/TripFocus/Page_TripFocus/button_Sign in")): Object: 'Object Repository/TripFocus/Page_TripFocus/button_Sign in' is clicked on

22-10-2025T10:17:11 - [MESSAGE][PASSED] - Object: 'Object Repository/TripFocus/Page_TripFocus/button_Sign in' is clicked on

22-10-2025T10:17:11 - [TEST_STEP][PASSED] - setText(findTestObject("Object Repository/TripFocus/Page_TripFocus/input_Username (e.g. email address)_Username"), TripFocusFDGUsername): Text 'Ashford.Chenault+QACustomerFDGONLY@thekag.com' is set on object 'Object Repository/TripFocus/Page_TripFocus/input_Username (e.g. email address)_Username'

22-10-2025T10:17:11 - [MESSAGE][PASSED] - Text 'Ashford.Chenault+QACustomerFDGONLY@thekag.com' is set on object 'Object Repository/TripFocus/Page_TripFocus/input_Username (e.g. email address)_Username'

22-10-2025T10:17:11 - [TEST_STEP][PASSED] - setText(findTestObject("Object Repository/TripFocus/Page_TripFocus/input_Password_Password"), TripFocusFDGSPGPassword): Text 'CrashBan911!!' is set on object 'Object Repository/TripFocus/Page_TripFocus/input_Password_Password'

22-10-2025T10:17:11 - [MESSAGE][PASSED] - Text 'CrashBan911!!' is set on object 'Object Repository/TripFocus/Page_TripFocus/input_Password_Password'

22-10-2025T10:17:11 - [TEST_STEP][PASSED] - click(findTestObject("Object Repository/TripFocus/Page_TripFocus/button_Login")): Object: 'Object Repository/TripFocus/Page_TripFocus/button_Login' is clicked on

22-10-2025T10:17:12 - [MESSAGE][PASSED] - Object: 'Object Repository/TripFocus/Page_TripFocus/button_Login' is clicked on

22-10-2025T10:17:12 - [TEST_STEP][PASSED] - maximizeWindow(): Current window maximized

22-10-2025T10:17:12 - [MESSAGE][PASSED] - Current window maximized

22-10-2025T10:17:12 - [TEST_STEP][PASSED] - waitForElementVisible(findTestObject("TripFocus/Testing_Notification_btn"), 15, OPTIONAL): Web element with id: 'Object Repository/TripFocus/Testing_Notification_btn' located by '//*[@id="__BVID__10___BV_modal_footer_"]/button' not found

22-10-2025T10:17:28 - [MESSAGE][INFO] - Unable to find the element located by 'By.xpath: //*[@id="__BVID__10___BV_modal_footer_"]/button'. Please recheck the objects properties to make sure the desired element is located. 

22-10-2025T10:17:28 - [MESSAGE][WARNING] - [SELF-HEALING] Failed to find element with id 'Object Repository/TripFocus/Testing_Notification_btn'. Try using Self-healing.

22-10-2025T10:17:29 - [MESSAGE][INFO] - [SELF-HEALING] No working XPath is found.

22-10-2025T10:17:31 - [MESSAGE][INFO] - Unable to find the element located by 'By.xpath: '. Please recheck the objects properties to make sure the desired element is located. 

22-10-2025T10:17:31 - [MESSAGE][WARNING] - [SELF-HEALING] Cannot find elements when the selector is null

22-10-2025T10:17:31 - [MESSAGE][WARNING] - Web element with id: 'Object Repository/TripFocus/Testing_Notification_btn' located by '//*[@id="__BVID__10___BV_modal_footer_"]/button' not found

22-10-2025T10:17:31 - [TEST_STEP][PASSED] - if (verifyElementVisible(findTestObject("TripFocus/Testing_Notification_btn"), OPTIONAL) == true): Web element with id: 'Object Repository/TripFocus/Testing_Notification_btn' located by '//*[@id="__BVID__10___BV_modal_footer_"]/button' not found (Root cause: com.kms.katalon.core.exception.StepFailedException: Web element with id: 'Object Repository/TripFocus/Testing_Notification_btn' located by '//*[@id="__BVID__10___BV_modal_footer_"]/button' not found
	at com.kms.katalon.core.webui.keyword.internal.WebUIKeywordMain.stepFailed(WebUIKeywordMain.groovy:117)
	at com.kms.katalon.core.webui.keyword.builtin.VerifyElementVisibleKeyword$_verifyElementVisible_closure1.doCall(VerifyElementVisibleKeyword.groovy:89)
	at com.kms.katalon.core.webui.keyword.builtin.VerifyElementVisibleKeyword$_verifyElementVisible_closure1.call(VerifyElementVisibleKeyword.groovy)
	at com.kms.katalon.core.webui.keyword.internal.WebUIKeywordMain.runKeyword(WebUIKeywordMain.groovy:35)
	at com.kms.katalon.core.webui.keyword.builtin.VerifyElementVisibleKeyword.verifyElementVisible(VerifyElementVisibleKeyword.groovy:97)
	at com.kms.katalon.core.webui.keyword.builtin.VerifyElementVisibleKeyword.execute(VerifyElementVisibleKeyword.groovy:67)
	at com.kms.katalon.core.keyword.internal.KeywordExecutor.executeKeywordForPlatform(KeywordExecutor.groovy:74)
	at com.kms.katalon.core.webui.keyword.WebUiBuiltInKeywords.verifyElementVisible(WebUiBuiltInKeywords.groovy:401)
	at com.kms.katalon.core.webui.keyword.WebUiBuiltInKeywords$verifyElementVisible$5.call(Unknown Source)
	at Add Subsidiaries Data Restrictions.run(Add Subsidiaries Data Restrictions:38)
	at com.kms.katalon.core.main.ScriptEngine.run(ScriptEngine.java:194)
	at com.kms.katalon.core.main.ScriptEngine.runScriptAsRawText(ScriptEngine.java:119)
	at com.kms.katalon.core.main.TestCaseExecutor.runScript(TestCaseExecutor.java:448)
	at com.kms.katalon.core.main.TestCaseExecutor.doExecute(TestCaseExecutor.java:439)
	at com.kms.katalon.core.main.TestCaseExecutor.processExecutionPhase(TestCaseExecutor.java:418)
	at com.kms.katalon.core.main.TestCaseExecutor.accessMainPhase(TestCaseExecutor.java:410)
	at com.kms.katalon.core.main.TestCaseExecutor.execute(TestCaseExecutor.java:285)
	at com.kms.katalon.core.common.CommonExecutor.accessTestCaseMainPhase(CommonExecutor.java:65)
	at com.kms.katalon.core.main.TestSuiteExecutor.accessTestSuiteMainPhase(TestSuiteExecutor.java:150)
	at com.kms.katalon.core.main.TestSuiteExecutor.execute(TestSuiteExecutor.java:106)
	at com.kms.katalon.core.main.TestCaseMain.startTestSuite(TestCaseMain.java:180)
	at com.kms.katalon.core.main.TestCaseMain$startTestSuite$0.call(Unknown Source)
	at TempTestSuite1761139070913.run(TempTestSuite1761139070913.groovy:35)
	at java.base/jdk.internal.reflect.NativeMethodAccessorImpl.invoke0(Native Method)
	at java.base/jdk.internal.reflect.NativeMethodAccessorImpl.invoke(NativeMethodAccessorImpl.java:77)
	at java.base/jdk.internal.reflect.DelegatingMethodAccessorImpl.invoke(DelegatingMethodAccessorImpl.java:43)
)

22-10-2025T10:17:47 - [MESSAGE][INFO] - Unable to find the element located by 'By.xpath: //*[@id="__BVID__10___BV_modal_footer_"]/button'. Please recheck the objects properties to make sure the desired element is located. 

22-10-2025T10:17:47 - [MESSAGE][WARNING] - [SELF-HEALING] Failed to find element with id 'Object Repository/TripFocus/Testing_Notification_btn'. Try using Self-healing.

22-10-2025T10:17:48 - [MESSAGE][INFO] - [SELF-HEALING] No working XPath is found.

22-10-2025T10:17:50 - [MESSAGE][INFO] - Unable to find the element located by 'By.xpath: '. Please recheck the objects properties to make sure the desired element is located. 

22-10-2025T10:17:50 - [MESSAGE][WARNING] - [SELF-HEALING] Cannot find elements when the selector is null

22-10-2025T10:17:50 - [MESSAGE][WARNING] - Web element with id: 'Object Repository/TripFocus/Testing_Notification_btn' located by '//*[@id="__BVID__10___BV_modal_footer_"]/button' not found (Root cause: com.kms.katalon.core.exception.StepFailedException: Web element with id: 'Object Repository/TripFocus/Testing_Notification_btn' located by '//*[@id="__BVID__10___BV_modal_footer_"]/button' not found
	at com.kms.katalon.core.webui.keyword.internal.WebUIKeywordMain.stepFailed(WebUIKeywordMain.groovy:117)
	at com.kms.katalon.core.webui.keyword.builtin.VerifyElementVisibleKeyword$_verifyElementVisible_closure1.doCall(VerifyElementVisibleKeyword.groovy:89)
	at com.kms.katalon.core.webui.keyword.builtin.VerifyElementVisibleKeyword$_verifyElementVisible_closure1.call(VerifyElementVisibleKeyword.groovy)
	at com.kms.katalon.core.webui.keyword.internal.WebUIKeywordMain.runKeyword(WebUIKeywordMain.groovy:35)
	at com.kms.katalon.core.webui.keyword.builtin.VerifyElementVisibleKeyword.verifyElementVisible(VerifyElementVisibleKeyword.groovy:97)
	at com.kms.katalon.core.webui.keyword.builtin.VerifyElementVisibleKeyword.execute(VerifyElementVisibleKeyword.groovy:67)
	at com.kms.katalon.core.keyword.internal.KeywordExecutor.executeKeywordForPlatform(KeywordExecutor.groovy:74)
	at com.kms.katalon.core.webui.keyword.WebUiBuiltInKeywords.verifyElementVisible(WebUiBuiltInKeywords.groovy:401)
	at com.kms.katalon.core.webui.keyword.WebUiBuiltInKeywords$verifyElementVisible$5.call(Unknown Source)
	at Add Subsidiaries Data Restrictions.run(Add Subsidiaries Data Restrictions:38)
	at com.kms.katalon.core.main.ScriptEngine.run(ScriptEngine.java:194)
	at com.kms.katalon.core.main.ScriptEngine.runScriptAsRawText(ScriptEngine.java:119)
	at com.kms.katalon.core.main.TestCaseExecutor.runScript(TestCaseExecutor.java:448)
	at com.kms.katalon.core.main.TestCaseExecutor.doExecute(TestCaseExecutor.java:439)
	at com.kms.katalon.core.main.TestCaseExecutor.processExecutionPhase(TestCaseExecutor.java:418)
	at com.kms.katalon.core.main.TestCaseExecutor.accessMainPhase(TestCaseExecutor.java:410)
	at com.kms.katalon.core.main.TestCaseExecutor.execute(TestCaseExecutor.java:285)
	at com.kms.katalon.core.common.CommonExecutor.accessTestCaseMainPhase(CommonExecutor.java:65)
	at com.kms.katalon.core.main.TestSuiteExecutor.accessTestSuiteMainPhase(TestSuiteExecutor.java:150)
	at com.kms.katalon.core.main.TestSuiteExecutor.execute(TestSuiteExecutor.java:106)
	at com.kms.katalon.core.main.TestCaseMain.startTestSuite(TestCaseMain.java:180)
	at com.kms.katalon.core.main.TestCaseMain$startTestSuite$0.call(Unknown Source)
	at TempTestSuite1761139070913.run(TempTestSuite1761139070913.groovy:35)
	at java.base/jdk.internal.reflect.NativeMethodAccessorImpl.invoke0(Native Method)
	at java.base/jdk.internal.reflect.NativeMethodAccessorImpl.invoke(NativeMethodAccessorImpl.java:77)
	at java.base/jdk.internal.reflect.DelegatingMethodAccessorImpl.invoke(DelegatingMethodAccessorImpl.java:43)
)

22-10-2025T10:17:50 - [TEST_STEP][PASSED] - click(findTestObject("Object Repository/TripFocus/Page_TripFocus/a_Users")): Object: 'Object Repository/TripFocus/Page_TripFocus/a_Users' is clicked on

22-10-2025T10:17:50 - [MESSAGE][PASSED] - Object: 'Object Repository/TripFocus/Page_TripFocus/a_Users' is clicked on

22-10-2025T10:17:50 - [TEST_STEP][PASSED] - delay(5): Delayed 5 second(s)

22-10-2025T10:17:55 - [MESSAGE][PASSED] - Delayed 5 second(s)

22-10-2025T10:17:55 - [TEST_STEP][PASSED] - setText(findTestObject("TripFocus/Users/User_Search_txt"), "ashfordFDGTesting"): Text 'ashfordFDGTesting' is set on object 'Object Repository/TripFocus/Users/User_Search_txt'

22-10-2025T10:17:55 - [MESSAGE][PASSED] - Text 'ashfordFDGTesting' is set on object 'Object Repository/TripFocus/Users/User_Search_txt'

22-10-2025T10:17:55 - [TEST_STEP][PASSED] - delay(2): Delayed 2 second(s)

22-10-2025T10:17:57 - [MESSAGE][PASSED] - Delayed 2 second(s)

22-10-2025T10:17:57 - [TEST_STEP][PASSED] - click(findTestObject("Object Repository/TripFocus/Page_TripFocus/button_Edit")): Object: 'Object Repository/TripFocus/Page_TripFocus/button_Edit' is clicked on

22-10-2025T10:17:58 - [MESSAGE][PASSED] - Object: 'Object Repository/TripFocus/Page_TripFocus/button_Edit' is clicked on

22-10-2025T10:17:58 - [TEST_STEP][PASSED] - delay(15): Delayed 15 second(s)

22-10-2025T10:18:13 - [MESSAGE][PASSED] - Delayed 15 second(s)

22-10-2025T10:18:13 - [TEST_STEP][PASSED] - click(findTestObject("TripFocus/Users/Data Restrictions/Data_Restrictions_tab")): Object: 'Object Repository/TripFocus/Users/Data Restrictions/Data_Restrictions_tab' is clicked on

22-10-2025T10:18:13 - [MESSAGE][PASSED] - Object: 'Object Repository/TripFocus/Users/Data Restrictions/Data_Restrictions_tab' is clicked on

22-10-2025T10:18:13 - [TEST_STEP][PASSED] - delay(2): Delayed 2 second(s)

22-10-2025T10:18:15 - [MESSAGE][PASSED] - Delayed 2 second(s)

22-10-2025T10:18:15 - [TEST_STEP][PASSED] - click(findTestObject("TripFocus/Users/Data Restrictions/Divisions_dropdown"), STOP_ON_FAILURE): Object: 'Object Repository/TripFocus/Users/Data Restrictions/Divisions_dropdown' is clicked on

22-10-2025T10:18:15 - [MESSAGE][PASSED] - Object: 'Object Repository/TripFocus/Users/Data Restrictions/Divisions_dropdown' is clicked on

22-10-2025T10:18:15 - [TEST_STEP][PASSED] - delay(1): Delayed 1 second(s)

22-10-2025T10:18:16 - [MESSAGE][PASSED] - Delayed 1 second(s)

22-10-2025T10:18:16 - [TEST_STEP][PASSED] - sendKeys(findTestObject("TripFocus/Users/Data Restrictions/Divisions_txt"), "FDG"): Keys 'FDG' sent to object: 'Object Repository/TripFocus/Users/Data Restrictions/Divisions_txt'

22-10-2025T10:18:16 - [MESSAGE][PASSED] - Keys 'FDG' sent to object: 'Object Repository/TripFocus/Users/Data Restrictions/Divisions_txt'

22-10-2025T10:18:16 - [TEST_STEP][PASSED] - delay(1): Delayed 1 second(s)

22-10-2025T10:18:17 - [MESSAGE][PASSED] - Delayed 1 second(s)

22-10-2025T10:18:17 - [TEST_STEP][PASSED] - sendKeys(findTestObject("TripFocus/Users/Data Restrictions/Divisions_txt"), Keys.chord(ENTER)): Keys 'ENTER + ' sent to object: 'Object Repository/TripFocus/Users/Data Restrictions/Divisions_txt'

22-10-2025T10:18:17 - [MESSAGE][PASSED] - Keys 'ENTER + ' sent to object: 'Object Repository/TripFocus/Users/Data Restrictions/Divisions_txt'

22-10-2025T10:18:17 - [TEST_STEP][PASSED] - delay(2): Delayed 2 second(s)

22-10-2025T10:18:19 - [MESSAGE][PASSED] - Delayed 2 second(s)

22-10-2025T10:18:19 - [TEST_STEP][PASSED] - click(findTestObject("TripFocus/Users/Data Restrictions/Subsidaries_dropdown"), STOP_ON_FAILURE): Object: 'Object Repository/TripFocus/Users/Data Restrictions/Subsidaries_dropdown' is clicked on

22-10-2025T10:18:19 - [MESSAGE][PASSED] - Object: 'Object Repository/TripFocus/Users/Data Restrictions/Subsidaries_dropdown' is clicked on

22-10-2025T10:18:19 - [TEST_STEP][PASSED] - delay(1): Delayed 1 second(s)

22-10-2025T10:18:20 - [MESSAGE][PASSED] - Delayed 1 second(s)

22-10-2025T10:18:20 - [TEST_STEP][PASSED] - sendKeys(findTestObject("TripFocus/Users/Data Restrictions/Subsidaries_txt"), "20 KAG Energy"): Keys '20 KAG Energy' sent to object: 'Object Repository/TripFocus/Users/Data Restrictions/Subsidaries_txt'

22-10-2025T10:18:20 - [MESSAGE][PASSED] - Keys '20 KAG Energy' sent to object: 'Object Repository/TripFocus/Users/Data Restrictions/Subsidaries_txt'

22-10-2025T10:18:20 - [TEST_STEP][PASSED] - delay(15): Delayed 15 second(s)

22-10-2025T10:18:35 - [MESSAGE][PASSED] - Delayed 15 second(s)

22-10-2025T10:18:35 - [TEST_STEP][PASSED] - sendKeys(findTestObject("TripFocus/Users/Data Restrictions/Subsidaries_txt"), Keys.chord(ENTER)): Keys 'ENTER + ' sent to object: 'Object Repository/TripFocus/Users/Data Restrictions/Subsidaries_txt'

22-10-2025T10:18:35 - [MESSAGE][PASSED] - Keys 'ENTER + ' sent to object: 'Object Repository/TripFocus/Users/Data Restrictions/Subsidaries_txt'

22-10-2025T10:18:35 - [TEST_STEP][PASSED] - delay(1): Delayed 1 second(s)

22-10-2025T10:18:36 - [MESSAGE][PASSED] - Delayed 1 second(s)

22-10-2025T10:18:36 - [TEST_STEP][PASSED] - click(findTestObject("TripFocus/Users/Data Restrictions/Preview_Data_Restrictions_btn"), STOP_ON_FAILURE): Object: 'Object Repository/TripFocus/Users/Data Restrictions/Preview_Data_Restrictions_btn' is clicked on

22-10-2025T10:18:37 - [MESSAGE][PASSED] - Object: 'Object Repository/TripFocus/Users/Data Restrictions/Preview_Data_Restrictions_btn' is clicked on

22-10-2025T10:18:37 - [TEST_STEP][PASSED] - waitForElementVisible(findTestObject("TripFocus/Users/Data Restrictions/Preview_Data_Restrictions_btn"), 10): Object 'Object Repository/TripFocus/Users/Data Restrictions/Preview_Data_Restrictions_btn' is visible

22-10-2025T10:18:37 - [MESSAGE][PASSED] - Object 'Object Repository/TripFocus/Users/Data Restrictions/Preview_Data_Restrictions_btn' is visible

22-10-2025T10:18:37 - [TEST_STEP][PASSED] - click(findTestObject("TripFocus/Users/Data Restrictions/Save_Data_Restrictions_btn"), STOP_ON_FAILURE): Object: 'Object Repository/TripFocus/Users/Data Restrictions/Save_Data_Restrictions_btn' is clicked on

22-10-2025T10:18:37 - [MESSAGE][PASSED] - Object: 'Object Repository/TripFocus/Users/Data Restrictions/Save_Data_Restrictions_btn' is clicked on

22-10-2025T10:18:37 - [TEST_STEP][PASSED] - delay(1): Delayed 1 second(s)

22-10-2025T10:18:38 - [MESSAGE][PASSED] - Delayed 1 second(s)

22-10-2025T10:18:38 - [TEST_STEP][PASSED] - verifyElementPresent(findTestObject("TripFocus/Toasty_Message"), 10): Object 'Object Repository/TripFocus/Toasty_Message' is present

22-10-2025T10:18:38 - [MESSAGE][PASSED] - Object 'Object Repository/TripFocus/Toasty_Message' is present

22-10-2025T10:18:38 - [TEST_STEP][PASSED] - verifyElementText(findTestObject("TripFocus/Toasty_Message"), "User Data Restrictions added successfully."): Actual text and expected text of test object 'Object Repository/TripFocus/Toasty_Message' are matched.

22-10-2025T10:18:38 - [MESSAGE][PASSED] - Actual text and expected text of test object 'Object Repository/TripFocus/Toasty_Message' are matched.

22-10-2025T10:18:38 - [TEST_STEP][PASSED] - delay(2): Delayed 2 second(s)

22-10-2025T10:18:40 - [MESSAGE][PASSED] - Delayed 2 second(s)

22-10-2025T10:18:40 - [TEST_STEP][PASSED] - click(findTestObject("TripFocus/Users/Data Restrictions/Data_Restrictions_tab")): Object: 'Object Repository/TripFocus/Users/Data Restrictions/Data_Restrictions_tab' is clicked on

22-10-2025T10:18:40 - [MESSAGE][PASSED] - Object: 'Object Repository/TripFocus/Users/Data Restrictions/Data_Restrictions_tab' is clicked on

22-10-2025T10:18:40 - [TEST_STEP][PASSED] - delay(2): Delayed 2 second(s)

22-10-2025T10:18:42 - [MESSAGE][PASSED] - Delayed 2 second(s)

22-10-2025T10:18:42 - [TEST_STEP][PASSED] - click(findTestObject("TripFocus/Users/Data Restrictions/Delete_Restriction_btn")): Object: 'Object Repository/TripFocus/Users/Data Restrictions/Delete_Restriction_btn' is clicked on

22-10-2025T10:18:42 - [MESSAGE][PASSED] - Object: 'Object Repository/TripFocus/Users/Data Restrictions/Delete_Restriction_btn' is clicked on

22-10-2025T10:18:42 - [TEST_STEP][PASSED] - Start listener action : retryOnDisconnect: null

22-10-2025T10:18:42 - [TEST_STEP][PASSED] - tcId = testCaseContext.getTestCaseId(): null

22-10-2025T10:18:42 - [TEST_STEP][PASSED] - currentRetry = retryCounts.getOrDefault(tcId, 0): null

22-10-2025T10:18:42 - [TEST_STEP][PASSED] - if (testCaseContext.getTestCaseStatus() == "FAILED" && currentRetry < MAX_RETRIES): null]]></system-out>
         <system-err><![CDATA[]]></system-err>
      </testcase>
      <testcase name="Test Cases/TripFocus/FDG/FDG - UserPage/Edit/Data Restrictions/Add Consignee Data Restrictions" time="93.608" classname="Test Cases/TripFocus/FDG/FDG - UserPage/Edit/Data Restrictions/Add Consignee Data Restrictions" status="PASSED">
         <system-out><![CDATA[22-10-2025T10:18:42 - [TEST_CASE][PASSED] - Test Cases/TripFocus/FDG/FDG - UserPage/Edit/Data Restrictions/Add Consignee Data Restrictions: Test Cases/TripFocus/FDG/FDG - UserPage/Edit/Data Restrictions/Add Consignee Data Restrictions

22-10-2025T10:18:42 - [TEST_STEP][PASSED] - Start listener action : beforeTestCase: null

22-10-2025T10:18:42 - [TEST_STEP][PASSED] - addDefaultPackages(): null

22-10-2025T10:18:42 - [TEST_STEP][PASSED] - openBrowser(""): Browser is opened with url: ''

22-10-2025T10:18:42 - [MESSAGE][WARNING] - A browser is already opened. Closing browser and opening a new one

22-10-2025T10:18:42 - [MESSAGE][INFO] - Starting 'Chrome' driver

22-10-2025T10:18:42 - [MESSAGE][INFO] - User set preference: ['args', '[--no-sandbox, --disable-gpu, --disable-dev-shm-usage]']

22-10-2025T10:18:42 - [MESSAGE][INFO] - Action delay is set to 0 milliseconds

22-10-2025T10:18:43 - [MESSAGE][PASSED] - Browser is opened with url: ''

22-10-2025T10:18:43 - [TEST_STEP][PASSED] - navigateToUrl(TFBaseURL): Navigate to 'https://www.qa.tripfocus.com' successfully

22-10-2025T10:18:44 - [MESSAGE][PASSED] - Navigate to 'https://www.qa.tripfocus.com' successfully

22-10-2025T10:18:44 - [TEST_STEP][PASSED] - click(findTestObject("Object Repository/TripFocus/Page_TripFocus/button_Sign in")): Object: 'Object Repository/TripFocus/Page_TripFocus/button_Sign in' is clicked on

22-10-2025T10:18:44 - [MESSAGE][PASSED] - Object: 'Object Repository/TripFocus/Page_TripFocus/button_Sign in' is clicked on

22-10-2025T10:18:44 - [TEST_STEP][PASSED] - setText(findTestObject("Object Repository/TripFocus/Page_TripFocus/input_Username (e.g. email address)_Username"), TripFocusFDGUsername): Text 'Ashford.Chenault+QACustomerFDGONLY@thekag.com' is set on object 'Object Repository/TripFocus/Page_TripFocus/input_Username (e.g. email address)_Username'

22-10-2025T10:18:45 - [MESSAGE][PASSED] - Text 'Ashford.Chenault+QACustomerFDGONLY@thekag.com' is set on object 'Object Repository/TripFocus/Page_TripFocus/input_Username (e.g. email address)_Username'

22-10-2025T10:18:45 - [TEST_STEP][PASSED] - setText(findTestObject("Object Repository/TripFocus/Page_TripFocus/input_Password_Password"), TripFocusFDGSPGPassword): Text 'CrashBan911!!' is set on object 'Object Repository/TripFocus/Page_TripFocus/input_Password_Password'

22-10-2025T10:18:45 - [MESSAGE][PASSED] - Text 'CrashBan911!!' is set on object 'Object Repository/TripFocus/Page_TripFocus/input_Password_Password'

22-10-2025T10:18:45 - [TEST_STEP][PASSED] - click(findTestObject("Object Repository/TripFocus/Page_TripFocus/button_Login")): Object: 'Object Repository/TripFocus/Page_TripFocus/button_Login' is clicked on

22-10-2025T10:18:45 - [MESSAGE][PASSED] - Object: 'Object Repository/TripFocus/Page_TripFocus/button_Login' is clicked on

22-10-2025T10:18:45 - [TEST_STEP][PASSED] - maximizeWindow(): Current window maximized

22-10-2025T10:18:46 - [MESSAGE][PASSED] - Current window maximized

22-10-2025T10:18:46 - [TEST_STEP][PASSED] - waitForElementVisible(findTestObject("TripFocus/Testing_Notification_btn"), 15, OPTIONAL): Web element with id: 'Object Repository/TripFocus/Testing_Notification_btn' located by '//*[@id="__BVID__10___BV_modal_footer_"]/button' not found

22-10-2025T10:19:02 - [MESSAGE][INFO] - Unable to find the element located by 'By.xpath: //*[@id="__BVID__10___BV_modal_footer_"]/button'. Please recheck the objects properties to make sure the desired element is located. 

22-10-2025T10:19:02 - [MESSAGE][WARNING] - [SELF-HEALING] Failed to find element with id 'Object Repository/TripFocus/Testing_Notification_btn'. Try using Self-healing.

22-10-2025T10:19:03 - [MESSAGE][INFO] - [SELF-HEALING] No working XPath is found.

22-10-2025T10:19:05 - [MESSAGE][INFO] - Unable to find the element located by 'By.xpath: '. Please recheck the objects properties to make sure the desired element is located. 

22-10-2025T10:19:05 - [MESSAGE][WARNING] - [SELF-HEALING] Cannot find elements when the selector is null

22-10-2025T10:19:05 - [MESSAGE][WARNING] - Web element with id: 'Object Repository/TripFocus/Testing_Notification_btn' located by '//*[@id="__BVID__10___BV_modal_footer_"]/button' not found

22-10-2025T10:19:05 - [TEST_STEP][PASSED] - if (verifyElementVisible(findTestObject("TripFocus/Testing_Notification_btn"), OPTIONAL) == true): Web element with id: 'Object Repository/TripFocus/Testing_Notification_btn' located by '//*[@id="__BVID__10___BV_modal_footer_"]/button' not found (Root cause: com.kms.katalon.core.exception.StepFailedException: Web element with id: 'Object Repository/TripFocus/Testing_Notification_btn' located by '//*[@id="__BVID__10___BV_modal_footer_"]/button' not found
	at com.kms.katalon.core.webui.keyword.internal.WebUIKeywordMain.stepFailed(WebUIKeywordMain.groovy:117)
	at com.kms.katalon.core.webui.keyword.builtin.VerifyElementVisibleKeyword$_verifyElementVisible_closure1.doCall(VerifyElementVisibleKeyword.groovy:89)
	at com.kms.katalon.core.webui.keyword.builtin.VerifyElementVisibleKeyword$_verifyElementVisible_closure1.call(VerifyElementVisibleKeyword.groovy)
	at com.kms.katalon.core.webui.keyword.internal.WebUIKeywordMain.runKeyword(WebUIKeywordMain.groovy:35)
	at com.kms.katalon.core.webui.keyword.builtin.VerifyElementVisibleKeyword.verifyElementVisible(VerifyElementVisibleKeyword.groovy:97)
	at com.kms.katalon.core.webui.keyword.builtin.VerifyElementVisibleKeyword.execute(VerifyElementVisibleKeyword.groovy:67)
	at com.kms.katalon.core.keyword.internal.KeywordExecutor.executeKeywordForPlatform(KeywordExecutor.groovy:74)
	at com.kms.katalon.core.webui.keyword.WebUiBuiltInKeywords.verifyElementVisible(WebUiBuiltInKeywords.groovy:401)
	at com.kms.katalon.core.webui.keyword.WebUiBuiltInKeywords$verifyElementVisible$5.call(Unknown Source)
	at Add Consignee Data Restrictions.run(Add Consignee Data Restrictions:38)
	at com.kms.katalon.core.main.ScriptEngine.run(ScriptEngine.java:194)
	at com.kms.katalon.core.main.ScriptEngine.runScriptAsRawText(ScriptEngine.java:119)
	at com.kms.katalon.core.main.TestCaseExecutor.runScript(TestCaseExecutor.java:448)
	at com.kms.katalon.core.main.TestCaseExecutor.doExecute(TestCaseExecutor.java:439)
	at com.kms.katalon.core.main.TestCaseExecutor.processExecutionPhase(TestCaseExecutor.java:418)
	at com.kms.katalon.core.main.TestCaseExecutor.accessMainPhase(TestCaseExecutor.java:410)
	at com.kms.katalon.core.main.TestCaseExecutor.execute(TestCaseExecutor.java:285)
	at com.kms.katalon.core.common.CommonExecutor.accessTestCaseMainPhase(CommonExecutor.java:65)
	at com.kms.katalon.core.main.TestSuiteExecutor.accessTestSuiteMainPhase(TestSuiteExecutor.java:150)
	at com.kms.katalon.core.main.TestSuiteExecutor.execute(TestSuiteExecutor.java:106)
	at com.kms.katalon.core.main.TestCaseMain.startTestSuite(TestCaseMain.java:180)
	at com.kms.katalon.core.main.TestCaseMain$startTestSuite$0.call(Unknown Source)
	at TempTestSuite1761139070913.run(TempTestSuite1761139070913.groovy:35)
	at java.base/jdk.internal.reflect.NativeMethodAccessorImpl.invoke0(Native Method)
	at java.base/jdk.internal.reflect.NativeMethodAccessorImpl.invoke(NativeMethodAccessorImpl.java:77)
	at java.base/jdk.internal.reflect.DelegatingMethodAccessorImpl.invoke(DelegatingMethodAccessorImpl.java:43)
)

22-10-2025T10:19:21 - [MESSAGE][INFO] - Unable to find the element located by 'By.xpath: //*[@id="__BVID__10___BV_modal_footer_"]/button'. Please recheck the objects properties to make sure the desired element is located. 

22-10-2025T10:19:21 - [MESSAGE][WARNING] - [SELF-HEALING] Failed to find element with id 'Object Repository/TripFocus/Testing_Notification_btn'. Try using Self-healing.

22-10-2025T10:19:22 - [MESSAGE][INFO] - [SELF-HEALING] No working XPath is found.

22-10-2025T10:19:24 - [MESSAGE][INFO] - Unable to find the element located by 'By.xpath: '. Please recheck the objects properties to make sure the desired element is located. 

22-10-2025T10:19:24 - [MESSAGE][WARNING] - [SELF-HEALING] Cannot find elements when the selector is null

22-10-2025T10:19:24 - [MESSAGE][WARNING] - Web element with id: 'Object Repository/TripFocus/Testing_Notification_btn' located by '//*[@id="__BVID__10___BV_modal_footer_"]/button' not found (Root cause: com.kms.katalon.core.exception.StepFailedException: Web element with id: 'Object Repository/TripFocus/Testing_Notification_btn' located by '//*[@id="__BVID__10___BV_modal_footer_"]/button' not found
	at com.kms.katalon.core.webui.keyword.internal.WebUIKeywordMain.stepFailed(WebUIKeywordMain.groovy:117)
	at com.kms.katalon.core.webui.keyword.builtin.VerifyElementVisibleKeyword$_verifyElementVisible_closure1.doCall(VerifyElementVisibleKeyword.groovy:89)
	at com.kms.katalon.core.webui.keyword.builtin.VerifyElementVisibleKeyword$_verifyElementVisible_closure1.call(VerifyElementVisibleKeyword.groovy)
	at com.kms.katalon.core.webui.keyword.internal.WebUIKeywordMain.runKeyword(WebUIKeywordMain.groovy:35)
	at com.kms.katalon.core.webui.keyword.builtin.VerifyElementVisibleKeyword.verifyElementVisible(VerifyElementVisibleKeyword.groovy:97)
	at com.kms.katalon.core.webui.keyword.builtin.VerifyElementVisibleKeyword.execute(VerifyElementVisibleKeyword.groovy:67)
	at com.kms.katalon.core.keyword.internal.KeywordExecutor.executeKeywordForPlatform(KeywordExecutor.groovy:74)
	at com.kms.katalon.core.webui.keyword.WebUiBuiltInKeywords.verifyElementVisible(WebUiBuiltInKeywords.groovy:401)
	at com.kms.katalon.core.webui.keyword.WebUiBuiltInKeywords$verifyElementVisible$5.call(Unknown Source)
	at Add Consignee Data Restrictions.run(Add Consignee Data Restrictions:38)
	at com.kms.katalon.core.main.ScriptEngine.run(ScriptEngine.java:194)
	at com.kms.katalon.core.main.ScriptEngine.runScriptAsRawText(ScriptEngine.java:119)
	at com.kms.katalon.core.main.TestCaseExecutor.runScript(TestCaseExecutor.java:448)
	at com.kms.katalon.core.main.TestCaseExecutor.doExecute(TestCaseExecutor.java:439)
	at com.kms.katalon.core.main.TestCaseExecutor.processExecutionPhase(TestCaseExecutor.java:418)
	at com.kms.katalon.core.main.TestCaseExecutor.accessMainPhase(TestCaseExecutor.java:410)
	at com.kms.katalon.core.main.TestCaseExecutor.execute(TestCaseExecutor.java:285)
	at com.kms.katalon.core.common.CommonExecutor.accessTestCaseMainPhase(CommonExecutor.java:65)
	at com.kms.katalon.core.main.TestSuiteExecutor.accessTestSuiteMainPhase(TestSuiteExecutor.java:150)
	at com.kms.katalon.core.main.TestSuiteExecutor.execute(TestSuiteExecutor.java:106)
	at com.kms.katalon.core.main.TestCaseMain.startTestSuite(TestCaseMain.java:180)
	at com.kms.katalon.core.main.TestCaseMain$startTestSuite$0.call(Unknown Source)
	at TempTestSuite1761139070913.run(TempTestSuite1761139070913.groovy:35)
	at java.base/jdk.internal.reflect.NativeMethodAccessorImpl.invoke0(Native Method)
	at java.base/jdk.internal.reflect.NativeMethodAccessorImpl.invoke(NativeMethodAccessorImpl.java:77)
	at java.base/jdk.internal.reflect.DelegatingMethodAccessorImpl.invoke(DelegatingMethodAccessorImpl.java:43)
)

22-10-2025T10:19:24 - [TEST_STEP][PASSED] - click(findTestObject("Object Repository/TripFocus/Page_TripFocus/a_Users")): Object: 'Object Repository/TripFocus/Page_TripFocus/a_Users' is clicked on

22-10-2025T10:19:24 - [MESSAGE][PASSED] - Object: 'Object Repository/TripFocus/Page_TripFocus/a_Users' is clicked on

22-10-2025T10:19:24 - [TEST_STEP][PASSED] - delay(5): Delayed 5 second(s)

22-10-2025T10:19:29 - [MESSAGE][PASSED] - Delayed 5 second(s)

22-10-2025T10:19:29 - [TEST_STEP][PASSED] - setText(findTestObject("TripFocus/Users/User_Search_txt"), "ashfordFDGTesting"): Text 'ashfordFDGTesting' is set on object 'Object Repository/TripFocus/Users/User_Search_txt'

22-10-2025T10:19:29 - [MESSAGE][PASSED] - Text 'ashfordFDGTesting' is set on object 'Object Repository/TripFocus/Users/User_Search_txt'

22-10-2025T10:19:29 - [TEST_STEP][PASSED] - delay(2): Delayed 2 second(s)

22-10-2025T10:19:31 - [MESSAGE][PASSED] - Delayed 2 second(s)

22-10-2025T10:19:31 - [TEST_STEP][PASSED] - click(findTestObject("Object Repository/TripFocus/Page_TripFocus/button_Edit")): Object: 'Object Repository/TripFocus/Page_TripFocus/button_Edit' is clicked on

22-10-2025T10:19:31 - [MESSAGE][PASSED] - Object: 'Object Repository/TripFocus/Page_TripFocus/button_Edit' is clicked on

22-10-2025T10:19:31 - [TEST_STEP][PASSED] - delay(15): Delayed 15 second(s)

22-10-2025T10:19:46 - [MESSAGE][PASSED] - Delayed 15 second(s)

22-10-2025T10:19:46 - [TEST_STEP][PASSED] - click(findTestObject("TripFocus/Users/Data Restrictions/Data_Restrictions_tab")): Object: 'Object Repository/TripFocus/Users/Data Restrictions/Data_Restrictions_tab' is clicked on

22-10-2025T10:19:46 - [MESSAGE][PASSED] - Object: 'Object Repository/TripFocus/Users/Data Restrictions/Data_Restrictions_tab' is clicked on

22-10-2025T10:19:46 - [TEST_STEP][PASSED] - delay(2): Delayed 2 second(s)

22-10-2025T10:19:48 - [MESSAGE][PASSED] - Delayed 2 second(s)

22-10-2025T10:19:48 - [TEST_STEP][PASSED] - click(findTestObject("TripFocus/Users/Data Restrictions/Divisions_dropdown"), STOP_ON_FAILURE): Object: 'Object Repository/TripFocus/Users/Data Restrictions/Divisions_dropdown' is clicked on

22-10-2025T10:19:49 - [MESSAGE][PASSED] - Object: 'Object Repository/TripFocus/Users/Data Restrictions/Divisions_dropdown' is clicked on

22-10-2025T10:19:49 - [TEST_STEP][PASSED] - delay(1): Delayed 1 second(s)

22-10-2025T10:19:50 - [MESSAGE][PASSED] - Delayed 1 second(s)

22-10-2025T10:19:50 - [TEST_STEP][PASSED] - sendKeys(findTestObject("TripFocus/Users/Data Restrictions/Divisions_txt"), "FDG"): Keys 'FDG' sent to object: 'Object Repository/TripFocus/Users/Data Restrictions/Divisions_txt'

22-10-2025T10:19:50 - [MESSAGE][PASSED] - Keys 'FDG' sent to object: 'Object Repository/TripFocus/Users/Data Restrictions/Divisions_txt'

22-10-2025T10:19:50 - [TEST_STEP][PASSED] - delay(1): Delayed 1 second(s)

22-10-2025T10:19:51 - [MESSAGE][PASSED] - Delayed 1 second(s)

22-10-2025T10:19:51 - [TEST_STEP][PASSED] - sendKeys(findTestObject("TripFocus/Users/Data Restrictions/Divisions_txt"), Keys.chord(ENTER)): Keys 'ENTER + ' sent to object: 'Object Repository/TripFocus/Users/Data Restrictions/Divisions_txt'

22-10-2025T10:19:51 - [MESSAGE][PASSED] - Keys 'ENTER + ' sent to object: 'Object Repository/TripFocus/Users/Data Restrictions/Divisions_txt'

22-10-2025T10:19:51 - [TEST_STEP][PASSED] - delay(2): Delayed 2 second(s)

22-10-2025T10:19:53 - [MESSAGE][PASSED] - Delayed 2 second(s)

22-10-2025T10:19:53 - [TEST_STEP][PASSED] - click(findTestObject("TripFocus/Users/Data Restrictions/Consignee_dropdown"), STOP_ON_FAILURE): Object: 'Object Repository/TripFocus/Users/Data Restrictions/Consignee_dropdown' is clicked on

22-10-2025T10:19:53 - [MESSAGE][PASSED] - Object: 'Object Repository/TripFocus/Users/Data Restrictions/Consignee_dropdown' is clicked on

22-10-2025T10:19:53 - [TEST_STEP][PASSED] - delay(1): Delayed 1 second(s)

22-10-2025T10:19:54 - [MESSAGE][PASSED] - Delayed 1 second(s)

22-10-2025T10:19:54 - [TEST_STEP][PASSED] - sendKeys(findTestObject("TripFocus/Users/Data Restrictions/Consignee_txt"), "#0013"): Keys '#0013' sent to object: 'Object Repository/TripFocus/Users/Data Restrictions/Consignee_txt'

22-10-2025T10:19:54 - [MESSAGE][PASSED] - Keys '#0013' sent to object: 'Object Repository/TripFocus/Users/Data Restrictions/Consignee_txt'

22-10-2025T10:19:54 - [TEST_STEP][PASSED] - delay(15): Delayed 15 second(s)

22-10-2025T10:20:09 - [MESSAGE][PASSED] - Delayed 15 second(s)

22-10-2025T10:20:09 - [TEST_STEP][PASSED] - sendKeys(findTestObject("TripFocus/Users/Data Restrictions/Consignee_txt"), Keys.chord(ENTER)): Keys 'ENTER + ' sent to object: 'Object Repository/TripFocus/Users/Data Restrictions/Consignee_txt'

22-10-2025T10:20:09 - [MESSAGE][PASSED] - Keys 'ENTER + ' sent to object: 'Object Repository/TripFocus/Users/Data Restrictions/Consignee_txt'

22-10-2025T10:20:09 - [TEST_STEP][PASSED] - delay(1): Delayed 1 second(s)

22-10-2025T10:20:10 - [MESSAGE][PASSED] - Delayed 1 second(s)

22-10-2025T10:20:10 - [TEST_STEP][PASSED] - click(findTestObject("TripFocus/Users/Data Restrictions/Preview_Data_Restrictions_btn"), STOP_ON_FAILURE): Object: 'Object Repository/TripFocus/Users/Data Restrictions/Preview_Data_Restrictions_btn' is clicked on

22-10-2025T10:20:10 - [MESSAGE][PASSED] - Object: 'Object Repository/TripFocus/Users/Data Restrictions/Preview_Data_Restrictions_btn' is clicked on

22-10-2025T10:20:10 - [TEST_STEP][PASSED] - waitForElementVisible(findTestObject("TripFocus/Users/Data Restrictions/Preview_Data_Restrictions_btn"), 10): Object 'Object Repository/TripFocus/Users/Data Restrictions/Preview_Data_Restrictions_btn' is visible

22-10-2025T10:20:10 - [MESSAGE][PASSED] - Object 'Object Repository/TripFocus/Users/Data Restrictions/Preview_Data_Restrictions_btn' is visible

22-10-2025T10:20:10 - [TEST_STEP][PASSED] - click(findTestObject("TripFocus/Users/Data Restrictions/Save_Data_Restrictions_btn"), STOP_ON_FAILURE): Object: 'Object Repository/TripFocus/Users/Data Restrictions/Save_Data_Restrictions_btn' is clicked on

22-10-2025T10:20:10 - [MESSAGE][PASSED] - Object: 'Object Repository/TripFocus/Users/Data Restrictions/Save_Data_Restrictions_btn' is clicked on

22-10-2025T10:20:10 - [TEST_STEP][PASSED] - delay(1): Delayed 1 second(s)

22-10-2025T10:20:11 - [MESSAGE][PASSED] - Delayed 1 second(s)

22-10-2025T10:20:11 - [TEST_STEP][PASSED] - verifyElementPresent(findTestObject("TripFocus/Toasty_Message"), 10): Object 'Object Repository/TripFocus/Toasty_Message' is present

22-10-2025T10:20:11 - [MESSAGE][PASSED] - Object 'Object Repository/TripFocus/Toasty_Message' is present

22-10-2025T10:20:11 - [TEST_STEP][PASSED] - verifyElementText(findTestObject("TripFocus/Toasty_Message"), "User Data Restrictions added successfully."): Actual text and expected text of test object 'Object Repository/TripFocus/Toasty_Message' are matched.

22-10-2025T10:20:11 - [MESSAGE][PASSED] - Actual text and expected text of test object 'Object Repository/TripFocus/Toasty_Message' are matched.

22-10-2025T10:20:11 - [TEST_STEP][PASSED] - delay(2): Delayed 2 second(s)

22-10-2025T10:20:13 - [MESSAGE][PASSED] - Delayed 2 second(s)

22-10-2025T10:20:13 - [TEST_STEP][PASSED] - click(findTestObject("TripFocus/Users/Data Restrictions/Data_Restrictions_tab")): Object: 'Object Repository/TripFocus/Users/Data Restrictions/Data_Restrictions_tab' is clicked on

22-10-2025T10:20:14 - [MESSAGE][PASSED] - Object: 'Object Repository/TripFocus/Users/Data Restrictions/Data_Restrictions_tab' is clicked on

22-10-2025T10:20:14 - [TEST_STEP][PASSED] - delay(2): Delayed 2 second(s)

22-10-2025T10:20:16 - [MESSAGE][PASSED] - Delayed 2 second(s)

22-10-2025T10:20:16 - [TEST_STEP][PASSED] - click(findTestObject("TripFocus/Users/Data Restrictions/Delete_Restriction_btn")): Object: 'Object Repository/TripFocus/Users/Data Restrictions/Delete_Restriction_btn' is clicked on

22-10-2025T10:20:16 - [MESSAGE][PASSED] - Object: 'Object Repository/TripFocus/Users/Data Restrictions/Delete_Restriction_btn' is clicked on

22-10-2025T10:20:16 - [TEST_STEP][PASSED] - Start listener action : retryOnDisconnect: null

22-10-2025T10:20:16 - [TEST_STEP][PASSED] - tcId = testCaseContext.getTestCaseId(): null

22-10-2025T10:20:16 - [TEST_STEP][PASSED] - currentRetry = retryCounts.getOrDefault(tcId, 0): null

22-10-2025T10:20:16 - [TEST_STEP][PASSED] - if (testCaseContext.getTestCaseStatus() == "FAILED" && currentRetry < MAX_RETRIES): null]]></system-out>
         <system-err><![CDATA[]]></system-err>
      </testcase>
      <testcase name="Test Cases/TripFocus/FDG/FDG - UserPage/Edit/Data Restrictions/Delete Current Data Restrictions" time="93.732" classname="Test Cases/TripFocus/FDG/FDG - UserPage/Edit/Data Restrictions/Delete Current Data Restrictions" status="PASSED">
         <system-out><![CDATA[22-10-2025T10:20:16 - [TEST_CASE][PASSED] - Test Cases/TripFocus/FDG/FDG - UserPage/Edit/Data Restrictions/Delete Current Data Restrictions: Test Cases/TripFocus/FDG/FDG - UserPage/Edit/Data Restrictions/Delete Current Data Restrictions

22-10-2025T10:20:16 - [TEST_STEP][PASSED] - Start listener action : beforeTestCase: null

22-10-2025T10:20:16 - [TEST_STEP][PASSED] - addDefaultPackages(): null

22-10-2025T10:20:16 - [TEST_STEP][PASSED] - openBrowser(""): Browser is opened with url: ''

22-10-2025T10:20:16 - [MESSAGE][WARNING] - A browser is already opened. Closing browser and opening a new one

22-10-2025T10:20:16 - [MESSAGE][INFO] - Starting 'Chrome' driver

22-10-2025T10:20:16 - [MESSAGE][INFO] - User set preference: ['args', '[--no-sandbox, --disable-gpu, --disable-dev-shm-usage]']

22-10-2025T10:20:16 - [MESSAGE][INFO] - Action delay is set to 0 milliseconds

22-10-2025T10:20:17 - [MESSAGE][PASSED] - Browser is opened with url: ''

22-10-2025T10:20:17 - [TEST_STEP][PASSED] - navigateToUrl(TFBaseURL): Navigate to 'https://www.qa.tripfocus.com' successfully

22-10-2025T10:20:18 - [MESSAGE][PASSED] - Navigate to 'https://www.qa.tripfocus.com' successfully

22-10-2025T10:20:18 - [TEST_STEP][PASSED] - click(findTestObject("Object Repository/TripFocus/Page_TripFocus/button_Sign in")): Object: 'Object Repository/TripFocus/Page_TripFocus/button_Sign in' is clicked on

22-10-2025T10:20:18 - [MESSAGE][PASSED] - Object: 'Object Repository/TripFocus/Page_TripFocus/button_Sign in' is clicked on

22-10-2025T10:20:18 - [TEST_STEP][PASSED] - setText(findTestObject("Object Repository/TripFocus/Page_TripFocus/input_Username (e.g. email address)_Username"), TripFocusFDGUsername): Text 'Ashford.Chenault+QACustomerFDGONLY@thekag.com' is set on object 'Object Repository/TripFocus/Page_TripFocus/input_Username (e.g. email address)_Username'

22-10-2025T10:20:19 - [MESSAGE][PASSED] - Text 'Ashford.Chenault+QACustomerFDGONLY@thekag.com' is set on object 'Object Repository/TripFocus/Page_TripFocus/input_Username (e.g. email address)_Username'

22-10-2025T10:20:19 - [TEST_STEP][PASSED] - setText(findTestObject("Object Repository/TripFocus/Page_TripFocus/input_Password_Password"), TripFocusFDGSPGPassword): Text 'CrashBan911!!' is set on object 'Object Repository/TripFocus/Page_TripFocus/input_Password_Password'

22-10-2025T10:20:19 - [MESSAGE][PASSED] - Text 'CrashBan911!!' is set on object 'Object Repository/TripFocus/Page_TripFocus/input_Password_Password'

22-10-2025T10:20:19 - [TEST_STEP][PASSED] - click(findTestObject("Object Repository/TripFocus/Page_TripFocus/button_Login")): Object: 'Object Repository/TripFocus/Page_TripFocus/button_Login' is clicked on

22-10-2025T10:20:19 - [MESSAGE][PASSED] - Object: 'Object Repository/TripFocus/Page_TripFocus/button_Login' is clicked on

22-10-2025T10:20:19 - [TEST_STEP][PASSED] - maximizeWindow(): Current window maximized

22-10-2025T10:20:19 - [MESSAGE][PASSED] - Current window maximized

22-10-2025T10:20:19 - [TEST_STEP][PASSED] - waitForElementVisible(findTestObject("TripFocus/Testing_Notification_btn"), 15, OPTIONAL): Web element with id: 'Object Repository/TripFocus/Testing_Notification_btn' located by '//*[@id="__BVID__10___BV_modal_footer_"]/button' not found

22-10-2025T10:20:35 - [MESSAGE][INFO] - Unable to find the element located by 'By.xpath: //*[@id="__BVID__10___BV_modal_footer_"]/button'. Please recheck the objects properties to make sure the desired element is located. 

22-10-2025T10:20:35 - [MESSAGE][WARNING] - [SELF-HEALING] Failed to find element with id 'Object Repository/TripFocus/Testing_Notification_btn'. Try using Self-healing.

22-10-2025T10:20:36 - [MESSAGE][INFO] - [SELF-HEALING] No working XPath is found.

22-10-2025T10:20:38 - [MESSAGE][INFO] - Unable to find the element located by 'By.xpath: '. Please recheck the objects properties to make sure the desired element is located. 

22-10-2025T10:20:38 - [MESSAGE][WARNING] - [SELF-HEALING] Cannot find elements when the selector is null

22-10-2025T10:20:38 - [MESSAGE][WARNING] - Web element with id: 'Object Repository/TripFocus/Testing_Notification_btn' located by '//*[@id="__BVID__10___BV_modal_footer_"]/button' not found

22-10-2025T10:20:38 - [TEST_STEP][PASSED] - if (verifyElementVisible(findTestObject("TripFocus/Testing_Notification_btn"), OPTIONAL) == true): Web element with id: 'Object Repository/TripFocus/Testing_Notification_btn' located by '//*[@id="__BVID__10___BV_modal_footer_"]/button' not found (Root cause: com.kms.katalon.core.exception.StepFailedException: Web element with id: 'Object Repository/TripFocus/Testing_Notification_btn' located by '//*[@id="__BVID__10___BV_modal_footer_"]/button' not found
	at com.kms.katalon.core.webui.keyword.internal.WebUIKeywordMain.stepFailed(WebUIKeywordMain.groovy:117)
	at com.kms.katalon.core.webui.keyword.builtin.VerifyElementVisibleKeyword$_verifyElementVisible_closure1.doCall(VerifyElementVisibleKeyword.groovy:89)
	at com.kms.katalon.core.webui.keyword.builtin.VerifyElementVisibleKeyword$_verifyElementVisible_closure1.call(VerifyElementVisibleKeyword.groovy)
	at com.kms.katalon.core.webui.keyword.internal.WebUIKeywordMain.runKeyword(WebUIKeywordMain.groovy:35)
	at com.kms.katalon.core.webui.keyword.builtin.VerifyElementVisibleKeyword.verifyElementVisible(VerifyElementVisibleKeyword.groovy:97)
	at com.kms.katalon.core.webui.keyword.builtin.VerifyElementVisibleKeyword.execute(VerifyElementVisibleKeyword.groovy:67)
	at com.kms.katalon.core.keyword.internal.KeywordExecutor.executeKeywordForPlatform(KeywordExecutor.groovy:74)
	at com.kms.katalon.core.webui.keyword.WebUiBuiltInKeywords.verifyElementVisible(WebUiBuiltInKeywords.groovy:401)
	at com.kms.katalon.core.webui.keyword.WebUiBuiltInKeywords$verifyElementVisible$5.call(Unknown Source)
	at Delete Current Data Restrictions.run(Delete Current Data Restrictions:38)
	at com.kms.katalon.core.main.ScriptEngine.run(ScriptEngine.java:194)
	at com.kms.katalon.core.main.ScriptEngine.runScriptAsRawText(ScriptEngine.java:119)
	at com.kms.katalon.core.main.TestCaseExecutor.runScript(TestCaseExecutor.java:448)
	at com.kms.katalon.core.main.TestCaseExecutor.doExecute(TestCaseExecutor.java:439)
	at com.kms.katalon.core.main.TestCaseExecutor.processExecutionPhase(TestCaseExecutor.java:418)
	at com.kms.katalon.core.main.TestCaseExecutor.accessMainPhase(TestCaseExecutor.java:410)
	at com.kms.katalon.core.main.TestCaseExecutor.execute(TestCaseExecutor.java:285)
	at com.kms.katalon.core.common.CommonExecutor.accessTestCaseMainPhase(CommonExecutor.java:65)
	at com.kms.katalon.core.main.TestSuiteExecutor.accessTestSuiteMainPhase(TestSuiteExecutor.java:150)
	at com.kms.katalon.core.main.TestSuiteExecutor.execute(TestSuiteExecutor.java:106)
	at com.kms.katalon.core.main.TestCaseMain.startTestSuite(TestCaseMain.java:180)
	at com.kms.katalon.core.main.TestCaseMain$startTestSuite$0.call(Unknown Source)
	at TempTestSuite1761139070913.run(TempTestSuite1761139070913.groovy:35)
	at java.base/jdk.internal.reflect.NativeMethodAccessorImpl.invoke0(Native Method)
	at java.base/jdk.internal.reflect.NativeMethodAccessorImpl.invoke(NativeMethodAccessorImpl.java:77)
	at java.base/jdk.internal.reflect.DelegatingMethodAccessorImpl.invoke(DelegatingMethodAccessorImpl.java:43)
)

22-10-2025T10:20:54 - [MESSAGE][INFO] - Unable to find the element located by 'By.xpath: //*[@id="__BVID__10___BV_modal_footer_"]/button'. Please recheck the objects properties to make sure the desired element is located. 

22-10-2025T10:20:54 - [MESSAGE][WARNING] - [SELF-HEALING] Failed to find element with id 'Object Repository/TripFocus/Testing_Notification_btn'. Try using Self-healing.

22-10-2025T10:20:55 - [MESSAGE][INFO] - [SELF-HEALING] No working XPath is found.

22-10-2025T10:20:57 - [MESSAGE][INFO] - Unable to find the element located by 'By.xpath: '. Please recheck the objects properties to make sure the desired element is located. 

22-10-2025T10:20:57 - [MESSAGE][WARNING] - [SELF-HEALING] Cannot find elements when the selector is null

22-10-2025T10:20:57 - [MESSAGE][WARNING] - Web element with id: 'Object Repository/TripFocus/Testing_Notification_btn' located by '//*[@id="__BVID__10___BV_modal_footer_"]/button' not found (Root cause: com.kms.katalon.core.exception.StepFailedException: Web element with id: 'Object Repository/TripFocus/Testing_Notification_btn' located by '//*[@id="__BVID__10___BV_modal_footer_"]/button' not found
	at com.kms.katalon.core.webui.keyword.internal.WebUIKeywordMain.stepFailed(WebUIKeywordMain.groovy:117)
	at com.kms.katalon.core.webui.keyword.builtin.VerifyElementVisibleKeyword$_verifyElementVisible_closure1.doCall(VerifyElementVisibleKeyword.groovy:89)
	at com.kms.katalon.core.webui.keyword.builtin.VerifyElementVisibleKeyword$_verifyElementVisible_closure1.call(VerifyElementVisibleKeyword.groovy)
	at com.kms.katalon.core.webui.keyword.internal.WebUIKeywordMain.runKeyword(WebUIKeywordMain.groovy:35)
	at com.kms.katalon.core.webui.keyword.builtin.VerifyElementVisibleKeyword.verifyElementVisible(VerifyElementVisibleKeyword.groovy:97)
	at com.kms.katalon.core.webui.keyword.builtin.VerifyElementVisibleKeyword.execute(VerifyElementVisibleKeyword.groovy:67)
	at com.kms.katalon.core.keyword.internal.KeywordExecutor.executeKeywordForPlatform(KeywordExecutor.groovy:74)
	at com.kms.katalon.core.webui.keyword.WebUiBuiltInKeywords.verifyElementVisible(WebUiBuiltInKeywords.groovy:401)
	at com.kms.katalon.core.webui.keyword.WebUiBuiltInKeywords$verifyElementVisible$5.call(Unknown Source)
	at Delete Current Data Restrictions.run(Delete Current Data Restrictions:38)
	at com.kms.katalon.core.main.ScriptEngine.run(ScriptEngine.java:194)
	at com.kms.katalon.core.main.ScriptEngine.runScriptAsRawText(ScriptEngine.java:119)
	at com.kms.katalon.core.main.TestCaseExecutor.runScript(TestCaseExecutor.java:448)
	at com.kms.katalon.core.main.TestCaseExecutor.doExecute(TestCaseExecutor.java:439)
	at com.kms.katalon.core.main.TestCaseExecutor.processExecutionPhase(TestCaseExecutor.java:418)
	at com.kms.katalon.core.main.TestCaseExecutor.accessMainPhase(TestCaseExecutor.java:410)
	at com.kms.katalon.core.main.TestCaseExecutor.execute(TestCaseExecutor.java:285)
	at com.kms.katalon.core.common.CommonExecutor.accessTestCaseMainPhase(CommonExecutor.java:65)
	at com.kms.katalon.core.main.TestSuiteExecutor.accessTestSuiteMainPhase(TestSuiteExecutor.java:150)
	at com.kms.katalon.core.main.TestSuiteExecutor.execute(TestSuiteExecutor.java:106)
	at com.kms.katalon.core.main.TestCaseMain.startTestSuite(TestCaseMain.java:180)
	at com.kms.katalon.core.main.TestCaseMain$startTestSuite$0.call(Unknown Source)
	at TempTestSuite1761139070913.run(TempTestSuite1761139070913.groovy:35)
	at java.base/jdk.internal.reflect.NativeMethodAccessorImpl.invoke0(Native Method)
	at java.base/jdk.internal.reflect.NativeMethodAccessorImpl.invoke(NativeMethodAccessorImpl.java:77)
	at java.base/jdk.internal.reflect.DelegatingMethodAccessorImpl.invoke(DelegatingMethodAccessorImpl.java:43)
)

22-10-2025T10:20:57 - [TEST_STEP][PASSED] - click(findTestObject("Object Repository/TripFocus/Page_TripFocus/a_Users")): Object: 'Object Repository/TripFocus/Page_TripFocus/a_Users' is clicked on

22-10-2025T10:20:58 - [MESSAGE][PASSED] - Object: 'Object Repository/TripFocus/Page_TripFocus/a_Users' is clicked on

22-10-2025T10:20:58 - [TEST_STEP][PASSED] - delay(5): Delayed 5 second(s)

22-10-2025T10:21:03 - [MESSAGE][PASSED] - Delayed 5 second(s)

22-10-2025T10:21:03 - [TEST_STEP][PASSED] - setText(findTestObject("TripFocus/Users/User_Search_txt"), "ashfordFDGTesting"): Text 'ashfordFDGTesting' is set on object 'Object Repository/TripFocus/Users/User_Search_txt'

22-10-2025T10:21:03 - [MESSAGE][PASSED] - Text 'ashfordFDGTesting' is set on object 'Object Repository/TripFocus/Users/User_Search_txt'

22-10-2025T10:21:03 - [TEST_STEP][PASSED] - delay(2): Delayed 2 second(s)

22-10-2025T10:21:05 - [MESSAGE][PASSED] - Delayed 2 second(s)

22-10-2025T10:21:05 - [TEST_STEP][PASSED] - click(findTestObject("Object Repository/TripFocus/Page_TripFocus/button_Edit")): Object: 'Object Repository/TripFocus/Page_TripFocus/button_Edit' is clicked on

22-10-2025T10:21:05 - [MESSAGE][PASSED] - Object: 'Object Repository/TripFocus/Page_TripFocus/button_Edit' is clicked on

22-10-2025T10:21:05 - [TEST_STEP][PASSED] - delay(15): Delayed 15 second(s)

22-10-2025T10:21:20 - [MESSAGE][PASSED] - Delayed 15 second(s)

22-10-2025T10:21:20 - [TEST_STEP][PASSED] - click(findTestObject("TripFocus/Users/Data Restrictions/Data_Restrictions_tab")): Object: 'Object Repository/TripFocus/Users/Data Restrictions/Data_Restrictions_tab' is clicked on

22-10-2025T10:21:20 - [MESSAGE][PASSED] - Object: 'Object Repository/TripFocus/Users/Data Restrictions/Data_Restrictions_tab' is clicked on

22-10-2025T10:21:20 - [TEST_STEP][PASSED] - delay(2): Delayed 2 second(s)

22-10-2025T10:21:22 - [MESSAGE][PASSED] - Delayed 2 second(s)

22-10-2025T10:21:22 - [TEST_STEP][PASSED] - click(findTestObject("TripFocus/Users/Data Restrictions/Divisions_dropdown"), STOP_ON_FAILURE): Object: 'Object Repository/TripFocus/Users/Data Restrictions/Divisions_dropdown' is clicked on

22-10-2025T10:21:22 - [MESSAGE][PASSED] - Object: 'Object Repository/TripFocus/Users/Data Restrictions/Divisions_dropdown' is clicked on

22-10-2025T10:21:22 - [TEST_STEP][PASSED] - delay(1): Delayed 1 second(s)

22-10-2025T10:21:23 - [MESSAGE][PASSED] - Delayed 1 second(s)

22-10-2025T10:21:23 - [TEST_STEP][PASSED] - sendKeys(findTestObject("TripFocus/Users/Data Restrictions/Divisions_txt"), "FDG"): Keys 'FDG' sent to object: 'Object Repository/TripFocus/Users/Data Restrictions/Divisions_txt'

22-10-2025T10:21:23 - [MESSAGE][PASSED] - Keys 'FDG' sent to object: 'Object Repository/TripFocus/Users/Data Restrictions/Divisions_txt'

22-10-2025T10:21:23 - [TEST_STEP][PASSED] - delay(1): Delayed 1 second(s)

22-10-2025T10:21:24 - [MESSAGE][PASSED] - Delayed 1 second(s)

22-10-2025T10:21:24 - [TEST_STEP][PASSED] - sendKeys(findTestObject("TripFocus/Users/Data Restrictions/Divisions_txt"), Keys.chord(ENTER)): Keys 'ENTER + ' sent to object: 'Object Repository/TripFocus/Users/Data Restrictions/Divisions_txt'

22-10-2025T10:21:24 - [MESSAGE][PASSED] - Keys 'ENTER + ' sent to object: 'Object Repository/TripFocus/Users/Data Restrictions/Divisions_txt'

22-10-2025T10:21:24 - [TEST_STEP][PASSED] - delay(2): Delayed 2 second(s)

22-10-2025T10:21:26 - [MESSAGE][PASSED] - Delayed 2 second(s)

22-10-2025T10:21:26 - [TEST_STEP][PASSED] - click(findTestObject("TripFocus/Users/Data Restrictions/Account_Of_dropdown"), STOP_ON_FAILURE): Object: 'Object Repository/TripFocus/Users/Data Restrictions/Account_Of_dropdown' is clicked on

22-10-2025T10:21:27 - [MESSAGE][PASSED] - Object: 'Object Repository/TripFocus/Users/Data Restrictions/Account_Of_dropdown' is clicked on

22-10-2025T10:21:27 - [TEST_STEP][PASSED] - delay(1): Delayed 1 second(s)

22-10-2025T10:21:28 - [MESSAGE][PASSED] - Delayed 1 second(s)

22-10-2025T10:21:28 - [TEST_STEP][PASSED] - sendKeys(findTestObject("TripFocus/Users/Data Restrictions/Account_Of_txt"), "ADM"): Keys 'ADM' sent to object: 'Object Repository/TripFocus/Users/Data Restrictions/Account_Of_txt'

22-10-2025T10:21:28 - [MESSAGE][PASSED] - Keys 'ADM' sent to object: 'Object Repository/TripFocus/Users/Data Restrictions/Account_Of_txt'

22-10-2025T10:21:28 - [TEST_STEP][PASSED] - delay(15): Delayed 15 second(s)

22-10-2025T10:21:43 - [MESSAGE][PASSED] - Delayed 15 second(s)

22-10-2025T10:21:43 - [TEST_STEP][PASSED] - sendKeys(findTestObject("TripFocus/Users/Data Restrictions/Account_Of_txt"), Keys.chord(ENTER)): Keys 'ENTER + ' sent to object: 'Object Repository/TripFocus/Users/Data Restrictions/Account_Of_txt'

22-10-2025T10:21:43 - [MESSAGE][PASSED] - Keys 'ENTER + ' sent to object: 'Object Repository/TripFocus/Users/Data Restrictions/Account_Of_txt'

22-10-2025T10:21:43 - [TEST_STEP][PASSED] - delay(1): Delayed 1 second(s)

22-10-2025T10:21:44 - [MESSAGE][PASSED] - Delayed 1 second(s)

22-10-2025T10:21:44 - [TEST_STEP][PASSED] - click(findTestObject("TripFocus/Users/Data Restrictions/Preview_Data_Restrictions_btn"), STOP_ON_FAILURE): Object: 'Object Repository/TripFocus/Users/Data Restrictions/Preview_Data_Restrictions_btn' is clicked on

22-10-2025T10:21:44 - [MESSAGE][PASSED] - Object: 'Object Repository/TripFocus/Users/Data Restrictions/Preview_Data_Restrictions_btn' is clicked on

22-10-2025T10:21:44 - [TEST_STEP][PASSED] - waitForElementVisible(findTestObject("TripFocus/Users/Data Restrictions/Preview_Data_Restrictions_btn"), 10): Object 'Object Repository/TripFocus/Users/Data Restrictions/Preview_Data_Restrictions_btn' is visible

22-10-2025T10:21:44 - [MESSAGE][PASSED] - Object 'Object Repository/TripFocus/Users/Data Restrictions/Preview_Data_Restrictions_btn' is visible

22-10-2025T10:21:44 - [TEST_STEP][PASSED] - click(findTestObject("TripFocus/Users/Data Restrictions/Save_Data_Restrictions_btn"), STOP_ON_FAILURE): Object: 'Object Repository/TripFocus/Users/Data Restrictions/Save_Data_Restrictions_btn' is clicked on

22-10-2025T10:21:44 - [MESSAGE][PASSED] - Object: 'Object Repository/TripFocus/Users/Data Restrictions/Save_Data_Restrictions_btn' is clicked on

22-10-2025T10:21:44 - [TEST_STEP][PASSED] - delay(1): Delayed 1 second(s)

22-10-2025T10:21:45 - [MESSAGE][PASSED] - Delayed 1 second(s)

22-10-2025T10:21:45 - [TEST_STEP][PASSED] - verifyElementPresent(findTestObject("TripFocus/Toasty_Message"), 10): Object 'Object Repository/TripFocus/Toasty_Message' is present

22-10-2025T10:21:45 - [MESSAGE][PASSED] - Object 'Object Repository/TripFocus/Toasty_Message' is present

22-10-2025T10:21:45 - [TEST_STEP][PASSED] - verifyElementText(findTestObject("TripFocus/Toasty_Message"), "User Data Restrictions added successfully."): Actual text and expected text of test object 'Object Repository/TripFocus/Toasty_Message' are matched.

22-10-2025T10:21:45 - [MESSAGE][PASSED] - Actual text and expected text of test object 'Object Repository/TripFocus/Toasty_Message' are matched.

22-10-2025T10:21:45 - [TEST_STEP][PASSED] - delay(2): Delayed 2 second(s)

22-10-2025T10:21:47 - [MESSAGE][PASSED] - Delayed 2 second(s)

22-10-2025T10:21:47 - [TEST_STEP][PASSED] - click(findTestObject("TripFocus/Users/Data Restrictions/Data_Restrictions_tab")): Object: 'Object Repository/TripFocus/Users/Data Restrictions/Data_Restrictions_tab' is clicked on

22-10-2025T10:21:47 - [MESSAGE][PASSED] - Object: 'Object Repository/TripFocus/Users/Data Restrictions/Data_Restrictions_tab' is clicked on

22-10-2025T10:21:47 - [TEST_STEP][PASSED] - delay(2): Delayed 2 second(s)

22-10-2025T10:21:49 - [MESSAGE][PASSED] - Delayed 2 second(s)

22-10-2025T10:21:49 - [TEST_STEP][PASSED] - click(findTestObject("TripFocus/Users/Data Restrictions/Delete_Restriction_btn")): Object: 'Object Repository/TripFocus/Users/Data Restrictions/Delete_Restriction_btn' is clicked on

22-10-2025T10:21:49 - [MESSAGE][PASSED] - Object: 'Object Repository/TripFocus/Users/Data Restrictions/Delete_Restriction_btn' is clicked on

22-10-2025T10:21:49 - [TEST_STEP][PASSED] - Start listener action : retryOnDisconnect: null

22-10-2025T10:21:49 - [TEST_STEP][PASSED] - tcId = testCaseContext.getTestCaseId(): null

22-10-2025T10:21:49 - [TEST_STEP][PASSED] - currentRetry = retryCounts.getOrDefault(tcId, 0): null

22-10-2025T10:21:49 - [TEST_STEP][PASSED] - if (testCaseContext.getTestCaseStatus() == "FAILED" && currentRetry < MAX_RETRIES): null]]></system-out>
         <system-err><![CDATA[]]></system-err>
      </testcase>
      <testcase name="Test Cases/TripFocus/FDG/FDG - UserPage/Edit/Data Restrictions/Add Suppliers Data Restrictions" time="92.753" classname="Test Cases/TripFocus/FDG/FDG - UserPage/Edit/Data Restrictions/Add Suppliers Data Restrictions" status="PASSED">
         <system-out><![CDATA[22-10-2025T10:21:49 - [TEST_CASE][PASSED] - Test Cases/TripFocus/FDG/FDG - UserPage/Edit/Data Restrictions/Add Suppliers Data Restrictions: Test Cases/TripFocus/FDG/FDG - UserPage/Edit/Data Restrictions/Add Suppliers Data Restrictions

22-10-2025T10:21:50 - [TEST_STEP][PASSED] - Start listener action : beforeTestCase: null

22-10-2025T10:21:50 - [TEST_STEP][PASSED] - addDefaultPackages(): null

22-10-2025T10:21:50 - [TEST_STEP][PASSED] - openBrowser(""): Browser is opened with url: ''

22-10-2025T10:21:50 - [MESSAGE][WARNING] - A browser is already opened. Closing browser and opening a new one

22-10-2025T10:21:50 - [MESSAGE][INFO] - Starting 'Chrome' driver

22-10-2025T10:21:50 - [MESSAGE][INFO] - User set preference: ['args', '[--no-sandbox, --disable-gpu, --disable-dev-shm-usage]']

22-10-2025T10:21:50 - [MESSAGE][INFO] - Action delay is set to 0 milliseconds

22-10-2025T10:21:51 - [MESSAGE][PASSED] - Browser is opened with url: ''

22-10-2025T10:21:51 - [TEST_STEP][PASSED] - navigateToUrl(TFBaseURL): Navigate to 'https://www.qa.tripfocus.com' successfully

22-10-2025T10:21:51 - [MESSAGE][PASSED] - Navigate to 'https://www.qa.tripfocus.com' successfully

22-10-2025T10:21:51 - [TEST_STEP][PASSED] - click(findTestObject("Object Repository/TripFocus/Page_TripFocus/button_Sign in")): Object: 'Object Repository/TripFocus/Page_TripFocus/button_Sign in' is clicked on

22-10-2025T10:21:51 - [MESSAGE][PASSED] - Object: 'Object Repository/TripFocus/Page_TripFocus/button_Sign in' is clicked on

22-10-2025T10:21:51 - [TEST_STEP][PASSED] - setText(findTestObject("Object Repository/TripFocus/Page_TripFocus/input_Username (e.g. email address)_Username"), TripFocusFDGUsername): Text 'Ashford.Chenault+QACustomerFDGONLY@thekag.com' is set on object 'Object Repository/TripFocus/Page_TripFocus/input_Username (e.g. email address)_Username'

22-10-2025T10:21:52 - [MESSAGE][PASSED] - Text 'Ashford.Chenault+QACustomerFDGONLY@thekag.com' is set on object 'Object Repository/TripFocus/Page_TripFocus/input_Username (e.g. email address)_Username'

22-10-2025T10:21:52 - [TEST_STEP][PASSED] - setText(findTestObject("Object Repository/TripFocus/Page_TripFocus/input_Password_Password"), TripFocusFDGSPGPassword): Text 'CrashBan911!!' is set on object 'Object Repository/TripFocus/Page_TripFocus/input_Password_Password'

22-10-2025T10:21:52 - [MESSAGE][PASSED] - Text 'CrashBan911!!' is set on object 'Object Repository/TripFocus/Page_TripFocus/input_Password_Password'

22-10-2025T10:21:52 - [TEST_STEP][PASSED] - click(findTestObject("Object Repository/TripFocus/Page_TripFocus/button_Login")): Object: 'Object Repository/TripFocus/Page_TripFocus/button_Login' is clicked on

22-10-2025T10:21:52 - [MESSAGE][PASSED] - Object: 'Object Repository/TripFocus/Page_TripFocus/button_Login' is clicked on

22-10-2025T10:21:52 - [TEST_STEP][PASSED] - maximizeWindow(): Current window maximized

22-10-2025T10:21:52 - [MESSAGE][PASSED] - Current window maximized

22-10-2025T10:21:52 - [TEST_STEP][PASSED] - waitForElementVisible(findTestObject("TripFocus/Testing_Notification_btn"), 15, OPTIONAL): Web element with id: 'Object Repository/TripFocus/Testing_Notification_btn' located by '//*[@id="__BVID__10___BV_modal_footer_"]/button' not found

22-10-2025T10:22:08 - [MESSAGE][INFO] - Unable to find the element located by 'By.xpath: //*[@id="__BVID__10___BV_modal_footer_"]/button'. Please recheck the objects properties to make sure the desired element is located. 

22-10-2025T10:22:08 - [MESSAGE][WARNING] - [SELF-HEALING] Failed to find element with id 'Object Repository/TripFocus/Testing_Notification_btn'. Try using Self-healing.

22-10-2025T10:22:09 - [MESSAGE][INFO] - [SELF-HEALING] No working XPath is found.

22-10-2025T10:22:11 - [MESSAGE][INFO] - Unable to find the element located by 'By.xpath: '. Please recheck the objects properties to make sure the desired element is located. 

22-10-2025T10:22:11 - [MESSAGE][WARNING] - [SELF-HEALING] Cannot find elements when the selector is null

22-10-2025T10:22:11 - [MESSAGE][WARNING] - Web element with id: 'Object Repository/TripFocus/Testing_Notification_btn' located by '//*[@id="__BVID__10___BV_modal_footer_"]/button' not found

22-10-2025T10:22:11 - [TEST_STEP][PASSED] - if (verifyElementVisible(findTestObject("TripFocus/Testing_Notification_btn"), OPTIONAL) == true): Web element with id: 'Object Repository/TripFocus/Testing_Notification_btn' located by '//*[@id="__BVID__10___BV_modal_footer_"]/button' not found (Root cause: com.kms.katalon.core.exception.StepFailedException: Web element with id: 'Object Repository/TripFocus/Testing_Notification_btn' located by '//*[@id="__BVID__10___BV_modal_footer_"]/button' not found
	at com.kms.katalon.core.webui.keyword.internal.WebUIKeywordMain.stepFailed(WebUIKeywordMain.groovy:117)
	at com.kms.katalon.core.webui.keyword.builtin.VerifyElementVisibleKeyword$_verifyElementVisible_closure1.doCall(VerifyElementVisibleKeyword.groovy:89)
	at com.kms.katalon.core.webui.keyword.builtin.VerifyElementVisibleKeyword$_verifyElementVisible_closure1.call(VerifyElementVisibleKeyword.groovy)
	at com.kms.katalon.core.webui.keyword.internal.WebUIKeywordMain.runKeyword(WebUIKeywordMain.groovy:35)
	at com.kms.katalon.core.webui.keyword.builtin.VerifyElementVisibleKeyword.verifyElementVisible(VerifyElementVisibleKeyword.groovy:97)
	at com.kms.katalon.core.webui.keyword.builtin.VerifyElementVisibleKeyword.execute(VerifyElementVisibleKeyword.groovy:67)
	at com.kms.katalon.core.keyword.internal.KeywordExecutor.executeKeywordForPlatform(KeywordExecutor.groovy:74)
	at com.kms.katalon.core.webui.keyword.WebUiBuiltInKeywords.verifyElementVisible(WebUiBuiltInKeywords.groovy:401)
	at com.kms.katalon.core.webui.keyword.WebUiBuiltInKeywords$verifyElementVisible$5.call(Unknown Source)
	at Add Suppliers Data Restrictions.run(Add Suppliers Data Restrictions:38)
	at com.kms.katalon.core.main.ScriptEngine.run(ScriptEngine.java:194)
	at com.kms.katalon.core.main.ScriptEngine.runScriptAsRawText(ScriptEngine.java:119)
	at com.kms.katalon.core.main.TestCaseExecutor.runScript(TestCaseExecutor.java:448)
	at com.kms.katalon.core.main.TestCaseExecutor.doExecute(TestCaseExecutor.java:439)
	at com.kms.katalon.core.main.TestCaseExecutor.processExecutionPhase(TestCaseExecutor.java:418)
	at com.kms.katalon.core.main.TestCaseExecutor.accessMainPhase(TestCaseExecutor.java:410)
	at com.kms.katalon.core.main.TestCaseExecutor.execute(TestCaseExecutor.java:285)
	at com.kms.katalon.core.common.CommonExecutor.accessTestCaseMainPhase(CommonExecutor.java:65)
	at com.kms.katalon.core.main.TestSuiteExecutor.accessTestSuiteMainPhase(TestSuiteExecutor.java:150)
	at com.kms.katalon.core.main.TestSuiteExecutor.execute(TestSuiteExecutor.java:106)
	at com.kms.katalon.core.main.TestCaseMain.startTestSuite(TestCaseMain.java:180)
	at com.kms.katalon.core.main.TestCaseMain$startTestSuite$0.call(Unknown Source)
	at TempTestSuite1761139070913.run(TempTestSuite1761139070913.groovy:35)
	at java.base/jdk.internal.reflect.NativeMethodAccessorImpl.invoke0(Native Method)
	at java.base/jdk.internal.reflect.NativeMethodAccessorImpl.invoke(NativeMethodAccessorImpl.java:77)
	at java.base/jdk.internal.reflect.DelegatingMethodAccessorImpl.invoke(DelegatingMethodAccessorImpl.java:43)
)

22-10-2025T10:22:27 - [MESSAGE][INFO] - Unable to find the element located by 'By.xpath: //*[@id="__BVID__10___BV_modal_footer_"]/button'. Please recheck the objects properties to make sure the desired element is located. 

22-10-2025T10:22:27 - [MESSAGE][WARNING] - [SELF-HEALING] Failed to find element with id 'Object Repository/TripFocus/Testing_Notification_btn'. Try using Self-healing.

22-10-2025T10:22:28 - [MESSAGE][INFO] - [SELF-HEALING] No working XPath is found.

22-10-2025T10:22:30 - [MESSAGE][INFO] - Unable to find the element located by 'By.xpath: '. Please recheck the objects properties to make sure the desired element is located. 

22-10-2025T10:22:30 - [MESSAGE][WARNING] - [SELF-HEALING] Cannot find elements when the selector is null

22-10-2025T10:22:30 - [MESSAGE][WARNING] - Web element with id: 'Object Repository/TripFocus/Testing_Notification_btn' located by '//*[@id="__BVID__10___BV_modal_footer_"]/button' not found (Root cause: com.kms.katalon.core.exception.StepFailedException: Web element with id: 'Object Repository/TripFocus/Testing_Notification_btn' located by '//*[@id="__BVID__10___BV_modal_footer_"]/button' not found
	at com.kms.katalon.core.webui.keyword.internal.WebUIKeywordMain.stepFailed(WebUIKeywordMain.groovy:117)
	at com.kms.katalon.core.webui.keyword.builtin.VerifyElementVisibleKeyword$_verifyElementVisible_closure1.doCall(VerifyElementVisibleKeyword.groovy:89)
	at com.kms.katalon.core.webui.keyword.builtin.VerifyElementVisibleKeyword$_verifyElementVisible_closure1.call(VerifyElementVisibleKeyword.groovy)
	at com.kms.katalon.core.webui.keyword.internal.WebUIKeywordMain.runKeyword(WebUIKeywordMain.groovy:35)
	at com.kms.katalon.core.webui.keyword.builtin.VerifyElementVisibleKeyword.verifyElementVisible(VerifyElementVisibleKeyword.groovy:97)
	at com.kms.katalon.core.webui.keyword.builtin.VerifyElementVisibleKeyword.execute(VerifyElementVisibleKeyword.groovy:67)
	at com.kms.katalon.core.keyword.internal.KeywordExecutor.executeKeywordForPlatform(KeywordExecutor.groovy:74)
	at com.kms.katalon.core.webui.keyword.WebUiBuiltInKeywords.verifyElementVisible(WebUiBuiltInKeywords.groovy:401)
	at com.kms.katalon.core.webui.keyword.WebUiBuiltInKeywords$verifyElementVisible$5.call(Unknown Source)
	at Add Suppliers Data Restrictions.run(Add Suppliers Data Restrictions:38)
	at com.kms.katalon.core.main.ScriptEngine.run(ScriptEngine.java:194)
	at com.kms.katalon.core.main.ScriptEngine.runScriptAsRawText(ScriptEngine.java:119)
	at com.kms.katalon.core.main.TestCaseExecutor.runScript(TestCaseExecutor.java:448)
	at com.kms.katalon.core.main.TestCaseExecutor.doExecute(TestCaseExecutor.java:439)
	at com.kms.katalon.core.main.TestCaseExecutor.processExecutionPhase(TestCaseExecutor.java:418)
	at com.kms.katalon.core.main.TestCaseExecutor.accessMainPhase(TestCaseExecutor.java:410)
	at com.kms.katalon.core.main.TestCaseExecutor.execute(TestCaseExecutor.java:285)
	at com.kms.katalon.core.common.CommonExecutor.accessTestCaseMainPhase(CommonExecutor.java:65)
	at com.kms.katalon.core.main.TestSuiteExecutor.accessTestSuiteMainPhase(TestSuiteExecutor.java:150)
	at com.kms.katalon.core.main.TestSuiteExecutor.execute(TestSuiteExecutor.java:106)
	at com.kms.katalon.core.main.TestCaseMain.startTestSuite(TestCaseMain.java:180)
	at com.kms.katalon.core.main.TestCaseMain$startTestSuite$0.call(Unknown Source)
	at TempTestSuite1761139070913.run(TempTestSuite1761139070913.groovy:35)
	at java.base/jdk.internal.reflect.NativeMethodAccessorImpl.invoke0(Native Method)
	at java.base/jdk.internal.reflect.NativeMethodAccessorImpl.invoke(NativeMethodAccessorImpl.java:77)
	at java.base/jdk.internal.reflect.DelegatingMethodAccessorImpl.invoke(DelegatingMethodAccessorImpl.java:43)
)

22-10-2025T10:22:30 - [TEST_STEP][PASSED] - click(findTestObject("Object Repository/TripFocus/Page_TripFocus/a_Users")): Object: 'Object Repository/TripFocus/Page_TripFocus/a_Users' is clicked on

22-10-2025T10:22:31 - [MESSAGE][PASSED] - Object: 'Object Repository/TripFocus/Page_TripFocus/a_Users' is clicked on

22-10-2025T10:22:31 - [TEST_STEP][PASSED] - delay(5): Delayed 5 second(s)

22-10-2025T10:22:36 - [MESSAGE][PASSED] - Delayed 5 second(s)

22-10-2025T10:22:36 - [TEST_STEP][PASSED] - setText(findTestObject("TripFocus/Users/User_Search_txt"), "ashfordFDGTesting"): Text 'ashfordFDGTesting' is set on object 'Object Repository/TripFocus/Users/User_Search_txt'

22-10-2025T10:22:36 - [MESSAGE][PASSED] - Text 'ashfordFDGTesting' is set on object 'Object Repository/TripFocus/Users/User_Search_txt'

22-10-2025T10:22:36 - [TEST_STEP][PASSED] - delay(2): Delayed 2 second(s)

22-10-2025T10:22:38 - [MESSAGE][PASSED] - Delayed 2 second(s)

22-10-2025T10:22:38 - [TEST_STEP][PASSED] - click(findTestObject("Object Repository/TripFocus/Page_TripFocus/button_Edit")): Object: 'Object Repository/TripFocus/Page_TripFocus/button_Edit' is clicked on

22-10-2025T10:22:38 - [MESSAGE][PASSED] - Object: 'Object Repository/TripFocus/Page_TripFocus/button_Edit' is clicked on

22-10-2025T10:22:38 - [TEST_STEP][PASSED] - delay(15): Delayed 15 second(s)

22-10-2025T10:22:53 - [MESSAGE][PASSED] - Delayed 15 second(s)

22-10-2025T10:22:53 - [TEST_STEP][PASSED] - click(findTestObject("TripFocus/Users/Data Restrictions/Data_Restrictions_tab")): Object: 'Object Repository/TripFocus/Users/Data Restrictions/Data_Restrictions_tab' is clicked on

22-10-2025T10:22:53 - [MESSAGE][PASSED] - Object: 'Object Repository/TripFocus/Users/Data Restrictions/Data_Restrictions_tab' is clicked on

22-10-2025T10:22:53 - [TEST_STEP][PASSED] - delay(2): Delayed 2 second(s)

22-10-2025T10:22:55 - [MESSAGE][PASSED] - Delayed 2 second(s)

22-10-2025T10:22:55 - [TEST_STEP][PASSED] - click(findTestObject("TripFocus/Users/Data Restrictions/Divisions_dropdown"), STOP_ON_FAILURE): Object: 'Object Repository/TripFocus/Users/Data Restrictions/Divisions_dropdown' is clicked on

22-10-2025T10:22:55 - [MESSAGE][PASSED] - Object: 'Object Repository/TripFocus/Users/Data Restrictions/Divisions_dropdown' is clicked on

22-10-2025T10:22:55 - [TEST_STEP][PASSED] - delay(1): Delayed 1 second(s)

22-10-2025T10:22:56 - [MESSAGE][PASSED] - Delayed 1 second(s)

22-10-2025T10:22:56 - [TEST_STEP][PASSED] - sendKeys(findTestObject("TripFocus/Users/Data Restrictions/Divisions_txt"), "FDG"): Keys 'FDG' sent to object: 'Object Repository/TripFocus/Users/Data Restrictions/Divisions_txt'

22-10-2025T10:22:56 - [MESSAGE][PASSED] - Keys 'FDG' sent to object: 'Object Repository/TripFocus/Users/Data Restrictions/Divisions_txt'

22-10-2025T10:22:56 - [TEST_STEP][PASSED] - delay(1): Delayed 1 second(s)

22-10-2025T10:22:57 - [MESSAGE][PASSED] - Delayed 1 second(s)

22-10-2025T10:22:57 - [TEST_STEP][PASSED] - sendKeys(findTestObject("TripFocus/Users/Data Restrictions/Divisions_txt"), Keys.chord(ENTER)): Keys 'ENTER + ' sent to object: 'Object Repository/TripFocus/Users/Data Restrictions/Divisions_txt'

22-10-2025T10:22:58 - [MESSAGE][PASSED] - Keys 'ENTER + ' sent to object: 'Object Repository/TripFocus/Users/Data Restrictions/Divisions_txt'

22-10-2025T10:22:58 - [TEST_STEP][PASSED] - delay(2): Delayed 2 second(s)

22-10-2025T10:23:00 - [MESSAGE][PASSED] - Delayed 2 second(s)

22-10-2025T10:23:00 - [TEST_STEP][PASSED] - click(findTestObject("TripFocus/Users/Data Restrictions/Suppliers_dropdown"), STOP_ON_FAILURE): Object: 'Object Repository/TripFocus/Users/Data Restrictions/Suppliers_dropdown' is clicked on

22-10-2025T10:23:00 - [MESSAGE][PASSED] - Object: 'Object Repository/TripFocus/Users/Data Restrictions/Suppliers_dropdown' is clicked on

22-10-2025T10:23:00 - [TEST_STEP][PASSED] - delay(1): Delayed 1 second(s)

22-10-2025T10:23:01 - [MESSAGE][PASSED] - Delayed 1 second(s)

22-10-2025T10:23:01 - [TEST_STEP][PASSED] - sendKeys(findTestObject("TripFocus/Users/Data Restrictions/Suppliers_txt"), "4J ENERGY"): Keys '4J ENERGY' sent to object: 'Object Repository/TripFocus/Users/Data Restrictions/Suppliers_txt'

22-10-2025T10:23:01 - [MESSAGE][PASSED] - Keys '4J ENERGY' sent to object: 'Object Repository/TripFocus/Users/Data Restrictions/Suppliers_txt'

22-10-2025T10:23:01 - [TEST_STEP][PASSED] - delay(15): Delayed 15 second(s)

22-10-2025T10:23:16 - [MESSAGE][PASSED] - Delayed 15 second(s)

22-10-2025T10:23:16 - [TEST_STEP][PASSED] - sendKeys(findTestObject("TripFocus/Users/Data Restrictions/Suppliers_txt"), Keys.chord(ENTER)): Keys 'ENTER + ' sent to object: 'Object Repository/TripFocus/Users/Data Restrictions/Suppliers_txt'

22-10-2025T10:23:16 - [MESSAGE][PASSED] - Keys 'ENTER + ' sent to object: 'Object Repository/TripFocus/Users/Data Restrictions/Suppliers_txt'

22-10-2025T10:23:16 - [TEST_STEP][PASSED] - delay(1): Delayed 1 second(s)

22-10-2025T10:23:17 - [MESSAGE][PASSED] - Delayed 1 second(s)

22-10-2025T10:23:17 - [TEST_STEP][PASSED] - click(findTestObject("TripFocus/Users/Data Restrictions/Preview_Data_Restrictions_btn"), STOP_ON_FAILURE): Object: 'Object Repository/TripFocus/Users/Data Restrictions/Preview_Data_Restrictions_btn' is clicked on

22-10-2025T10:23:17 - [MESSAGE][PASSED] - Object: 'Object Repository/TripFocus/Users/Data Restrictions/Preview_Data_Restrictions_btn' is clicked on

22-10-2025T10:23:17 - [TEST_STEP][PASSED] - waitForElementVisible(findTestObject("TripFocus/Users/Data Restrictions/Preview_Data_Restrictions_btn"), 10): Object 'Object Repository/TripFocus/Users/Data Restrictions/Preview_Data_Restrictions_btn' is visible

22-10-2025T10:23:17 - [MESSAGE][PASSED] - Object 'Object Repository/TripFocus/Users/Data Restrictions/Preview_Data_Restrictions_btn' is visible

22-10-2025T10:23:17 - [TEST_STEP][PASSED] - click(findTestObject("TripFocus/Users/Data Restrictions/Save_Data_Restrictions_btn"), STOP_ON_FAILURE): Object: 'Object Repository/TripFocus/Users/Data Restrictions/Save_Data_Restrictions_btn' is clicked on

22-10-2025T10:23:17 - [MESSAGE][PASSED] - Object: 'Object Repository/TripFocus/Users/Data Restrictions/Save_Data_Restrictions_btn' is clicked on

22-10-2025T10:23:17 - [TEST_STEP][PASSED] - delay(1): Delayed 1 second(s)

22-10-2025T10:23:18 - [MESSAGE][PASSED] - Delayed 1 second(s)

22-10-2025T10:23:18 - [TEST_STEP][PASSED] - verifyElementPresent(findTestObject("TripFocus/Toasty_Message"), 10): Object 'Object Repository/TripFocus/Toasty_Message' is present

22-10-2025T10:23:18 - [MESSAGE][PASSED] - Object 'Object Repository/TripFocus/Toasty_Message' is present

22-10-2025T10:23:18 - [TEST_STEP][PASSED] - verifyElementText(findTestObject("TripFocus/Toasty_Message"), "User Data Restrictions added successfully."): Actual text and expected text of test object 'Object Repository/TripFocus/Toasty_Message' are matched.

22-10-2025T10:23:18 - [MESSAGE][PASSED] - Actual text and expected text of test object 'Object Repository/TripFocus/Toasty_Message' are matched.

22-10-2025T10:23:18 - [TEST_STEP][PASSED] - delay(2): Delayed 2 second(s)

22-10-2025T10:23:20 - [MESSAGE][PASSED] - Delayed 2 second(s)

22-10-2025T10:23:20 - [TEST_STEP][PASSED] - click(findTestObject("TripFocus/Users/Data Restrictions/Data_Restrictions_tab")): Object: 'Object Repository/TripFocus/Users/Data Restrictions/Data_Restrictions_tab' is clicked on

22-10-2025T10:23:20 - [MESSAGE][PASSED] - Object: 'Object Repository/TripFocus/Users/Data Restrictions/Data_Restrictions_tab' is clicked on

22-10-2025T10:23:20 - [TEST_STEP][PASSED] - delay(2): Delayed 2 second(s)

22-10-2025T10:23:22 - [MESSAGE][PASSED] - Delayed 2 second(s)

22-10-2025T10:23:22 - [TEST_STEP][PASSED] - click(findTestObject("TripFocus/Users/Data Restrictions/Delete_Restriction_btn")): Object: 'Object Repository/TripFocus/Users/Data Restrictions/Delete_Restriction_btn' is clicked on

22-10-2025T10:23:22 - [MESSAGE][PASSED] - Object: 'Object Repository/TripFocus/Users/Data Restrictions/Delete_Restriction_btn' is clicked on

22-10-2025T10:23:22 - [TEST_STEP][PASSED] - Start listener action : retryOnDisconnect: null

22-10-2025T10:23:22 - [TEST_STEP][PASSED] - tcId = testCaseContext.getTestCaseId(): null

22-10-2025T10:23:22 - [TEST_STEP][PASSED] - currentRetry = retryCounts.getOrDefault(tcId, 0): null

22-10-2025T10:23:22 - [TEST_STEP][PASSED] - if (testCaseContext.getTestCaseStatus() == "FAILED" && currentRetry < MAX_RETRIES): null]]></system-out>
         <system-err><![CDATA[]]></system-err>
      </testcase>
      <testcase name="Test Cases/TripFocus/FDG/FDG - UserPage/Edit/Permissions/Add Load Tender Permissions" time="64.311" classname="Test Cases/TripFocus/FDG/FDG - UserPage/Edit/Permissions/Add Load Tender Permissions" status="PASSED">
         <system-out><![CDATA[22-10-2025T10:23:22 - [TEST_CASE][PASSED] - Test Cases/TripFocus/FDG/FDG - UserPage/Edit/Permissions/Add Load Tender Permissions: Test Cases/TripFocus/FDG/FDG - UserPage/Edit/Permissions/Add Load Tender Permissions

22-10-2025T10:23:22 - [TEST_STEP][PASSED] - Start listener action : beforeTestCase: null

22-10-2025T10:23:22 - [TEST_STEP][PASSED] - addDefaultPackages(): null

22-10-2025T10:23:22 - [TEST_STEP][PASSED] - openBrowser(""): Browser is opened with url: ''

22-10-2025T10:23:22 - [MESSAGE][WARNING] - A browser is already opened. Closing browser and opening a new one

22-10-2025T10:23:22 - [MESSAGE][INFO] - Starting 'Chrome' driver

22-10-2025T10:23:22 - [MESSAGE][INFO] - User set preference: ['args', '[--no-sandbox, --disable-gpu, --disable-dev-shm-usage]']

22-10-2025T10:23:22 - [MESSAGE][INFO] - Action delay is set to 0 milliseconds

22-10-2025T10:23:23 - [MESSAGE][PASSED] - Browser is opened with url: ''

22-10-2025T10:23:23 - [TEST_STEP][PASSED] - navigateToUrl(TFBaseURL): Navigate to 'https://www.qa.tripfocus.com' successfully

22-10-2025T10:23:24 - [MESSAGE][PASSED] - Navigate to 'https://www.qa.tripfocus.com' successfully

22-10-2025T10:23:24 - [TEST_STEP][PASSED] - click(findTestObject("Object Repository/TripFocus/Page_TripFocus/button_Sign in")): Object: 'Object Repository/TripFocus/Page_TripFocus/button_Sign in' is clicked on

22-10-2025T10:23:24 - [MESSAGE][PASSED] - Object: 'Object Repository/TripFocus/Page_TripFocus/button_Sign in' is clicked on

22-10-2025T10:23:24 - [TEST_STEP][PASSED] - setText(findTestObject("Object Repository/TripFocus/Page_TripFocus/input_Username (e.g. email address)_Username"), TripFocusFDGUsername): Text 'Ashford.Chenault+QACustomerFDGONLY@thekag.com' is set on object 'Object Repository/TripFocus/Page_TripFocus/input_Username (e.g. email address)_Username'

22-10-2025T10:23:24 - [MESSAGE][PASSED] - Text 'Ashford.Chenault+QACustomerFDGONLY@thekag.com' is set on object 'Object Repository/TripFocus/Page_TripFocus/input_Username (e.g. email address)_Username'

22-10-2025T10:23:24 - [TEST_STEP][PASSED] - setText(findTestObject("Object Repository/TripFocus/Page_TripFocus/input_Password_Password"), TripFocusFDGSPGPassword): Text 'CrashBan911!!' is set on object 'Object Repository/TripFocus/Page_TripFocus/input_Password_Password'

22-10-2025T10:23:25 - [MESSAGE][PASSED] - Text 'CrashBan911!!' is set on object 'Object Repository/TripFocus/Page_TripFocus/input_Password_Password'

22-10-2025T10:23:25 - [TEST_STEP][PASSED] - click(findTestObject("Object Repository/TripFocus/Page_TripFocus/button_Login")): Object: 'Object Repository/TripFocus/Page_TripFocus/button_Login' is clicked on

22-10-2025T10:23:25 - [MESSAGE][PASSED] - Object: 'Object Repository/TripFocus/Page_TripFocus/button_Login' is clicked on

22-10-2025T10:23:25 - [TEST_STEP][PASSED] - maximizeWindow(): Current window maximized

22-10-2025T10:23:25 - [MESSAGE][PASSED] - Current window maximized

22-10-2025T10:23:25 - [TEST_STEP][PASSED] - waitForElementVisible(findTestObject("TripFocus/Testing_Notification_btn"), 15, OPTIONAL): Web element with id: 'Object Repository/TripFocus/Testing_Notification_btn' located by '//*[@id="__BVID__10___BV_modal_footer_"]/button' not found

22-10-2025T10:23:41 - [MESSAGE][INFO] - Unable to find the element located by 'By.xpath: //*[@id="__BVID__10___BV_modal_footer_"]/button'. Please recheck the objects properties to make sure the desired element is located. 

22-10-2025T10:23:41 - [MESSAGE][WARNING] - [SELF-HEALING] Failed to find element with id 'Object Repository/TripFocus/Testing_Notification_btn'. Try using Self-healing.

22-10-2025T10:23:42 - [MESSAGE][INFO] - [SELF-HEALING] No working XPath is found.

22-10-2025T10:23:44 - [MESSAGE][INFO] - Unable to find the element located by 'By.xpath: '. Please recheck the objects properties to make sure the desired element is located. 

22-10-2025T10:23:44 - [MESSAGE][WARNING] - [SELF-HEALING] Cannot find elements when the selector is null

22-10-2025T10:23:44 - [MESSAGE][WARNING] - Web element with id: 'Object Repository/TripFocus/Testing_Notification_btn' located by '//*[@id="__BVID__10___BV_modal_footer_"]/button' not found

22-10-2025T10:23:44 - [TEST_STEP][PASSED] - if (verifyElementVisible(findTestObject("TripFocus/Testing_Notification_btn"), OPTIONAL) == true): Web element with id: 'Object Repository/TripFocus/Testing_Notification_btn' located by '//*[@id="__BVID__10___BV_modal_footer_"]/button' not found (Root cause: com.kms.katalon.core.exception.StepFailedException: Web element with id: 'Object Repository/TripFocus/Testing_Notification_btn' located by '//*[@id="__BVID__10___BV_modal_footer_"]/button' not found
	at com.kms.katalon.core.webui.keyword.internal.WebUIKeywordMain.stepFailed(WebUIKeywordMain.groovy:117)
	at com.kms.katalon.core.webui.keyword.builtin.VerifyElementVisibleKeyword$_verifyElementVisible_closure1.doCall(VerifyElementVisibleKeyword.groovy:89)
	at com.kms.katalon.core.webui.keyword.builtin.VerifyElementVisibleKeyword$_verifyElementVisible_closure1.call(VerifyElementVisibleKeyword.groovy)
	at com.kms.katalon.core.webui.keyword.internal.WebUIKeywordMain.runKeyword(WebUIKeywordMain.groovy:35)
	at com.kms.katalon.core.webui.keyword.builtin.VerifyElementVisibleKeyword.verifyElementVisible(VerifyElementVisibleKeyword.groovy:97)
	at com.kms.katalon.core.webui.keyword.builtin.VerifyElementVisibleKeyword.execute(VerifyElementVisibleKeyword.groovy:67)
	at com.kms.katalon.core.keyword.internal.KeywordExecutor.executeKeywordForPlatform(KeywordExecutor.groovy:74)
	at com.kms.katalon.core.webui.keyword.WebUiBuiltInKeywords.verifyElementVisible(WebUiBuiltInKeywords.groovy:401)
	at com.kms.katalon.core.webui.keyword.WebUiBuiltInKeywords$verifyElementVisible$5.call(Unknown Source)
	at Add Load Tender Permissions.run(Add Load Tender Permissions:38)
	at com.kms.katalon.core.main.ScriptEngine.run(ScriptEngine.java:194)
	at com.kms.katalon.core.main.ScriptEngine.runScriptAsRawText(ScriptEngine.java:119)
	at com.kms.katalon.core.main.TestCaseExecutor.runScript(TestCaseExecutor.java:448)
	at com.kms.katalon.core.main.TestCaseExecutor.doExecute(TestCaseExecutor.java:439)
	at com.kms.katalon.core.main.TestCaseExecutor.processExecutionPhase(TestCaseExecutor.java:418)
	at com.kms.katalon.core.main.TestCaseExecutor.accessMainPhase(TestCaseExecutor.java:410)
	at com.kms.katalon.core.main.TestCaseExecutor.execute(TestCaseExecutor.java:285)
	at com.kms.katalon.core.common.CommonExecutor.accessTestCaseMainPhase(CommonExecutor.java:65)
	at com.kms.katalon.core.main.TestSuiteExecutor.accessTestSuiteMainPhase(TestSuiteExecutor.java:150)
	at com.kms.katalon.core.main.TestSuiteExecutor.execute(TestSuiteExecutor.java:106)
	at com.kms.katalon.core.main.TestCaseMain.startTestSuite(TestCaseMain.java:180)
	at com.kms.katalon.core.main.TestCaseMain$startTestSuite$0.call(Unknown Source)
	at TempTestSuite1761139070913.run(TempTestSuite1761139070913.groovy:35)
	at java.base/jdk.internal.reflect.NativeMethodAccessorImpl.invoke0(Native Method)
	at java.base/jdk.internal.reflect.NativeMethodAccessorImpl.invoke(NativeMethodAccessorImpl.java:77)
	at java.base/jdk.internal.reflect.DelegatingMethodAccessorImpl.invoke(DelegatingMethodAccessorImpl.java:43)
)

22-10-2025T10:24:00 - [MESSAGE][INFO] - Unable to find the element located by 'By.xpath: //*[@id="__BVID__10___BV_modal_footer_"]/button'. Please recheck the objects properties to make sure the desired element is located. 

22-10-2025T10:24:00 - [MESSAGE][WARNING] - [SELF-HEALING] Failed to find element with id 'Object Repository/TripFocus/Testing_Notification_btn'. Try using Self-healing.

22-10-2025T10:24:01 - [MESSAGE][INFO] - [SELF-HEALING] No working XPath is found.

22-10-2025T10:24:03 - [MESSAGE][INFO] - Unable to find the element located by 'By.xpath: '. Please recheck the objects properties to make sure the desired element is located. 

22-10-2025T10:24:03 - [MESSAGE][WARNING] - [SELF-HEALING] Cannot find elements when the selector is null

22-10-2025T10:24:03 - [MESSAGE][WARNING] - Web element with id: 'Object Repository/TripFocus/Testing_Notification_btn' located by '//*[@id="__BVID__10___BV_modal_footer_"]/button' not found (Root cause: com.kms.katalon.core.exception.StepFailedException: Web element with id: 'Object Repository/TripFocus/Testing_Notification_btn' located by '//*[@id="__BVID__10___BV_modal_footer_"]/button' not found
	at com.kms.katalon.core.webui.keyword.internal.WebUIKeywordMain.stepFailed(WebUIKeywordMain.groovy:117)
	at com.kms.katalon.core.webui.keyword.builtin.VerifyElementVisibleKeyword$_verifyElementVisible_closure1.doCall(VerifyElementVisibleKeyword.groovy:89)
	at com.kms.katalon.core.webui.keyword.builtin.VerifyElementVisibleKeyword$_verifyElementVisible_closure1.call(VerifyElementVisibleKeyword.groovy)
	at com.kms.katalon.core.webui.keyword.internal.WebUIKeywordMain.runKeyword(WebUIKeywordMain.groovy:35)
	at com.kms.katalon.core.webui.keyword.builtin.VerifyElementVisibleKeyword.verifyElementVisible(VerifyElementVisibleKeyword.groovy:97)
	at com.kms.katalon.core.webui.keyword.builtin.VerifyElementVisibleKeyword.execute(VerifyElementVisibleKeyword.groovy:67)
	at com.kms.katalon.core.keyword.internal.KeywordExecutor.executeKeywordForPlatform(KeywordExecutor.groovy:74)
	at com.kms.katalon.core.webui.keyword.WebUiBuiltInKeywords.verifyElementVisible(WebUiBuiltInKeywords.groovy:401)
	at com.kms.katalon.core.webui.keyword.WebUiBuiltInKeywords$verifyElementVisible$5.call(Unknown Source)
	at Add Load Tender Permissions.run(Add Load Tender Permissions:38)
	at com.kms.katalon.core.main.ScriptEngine.run(ScriptEngine.java:194)
	at com.kms.katalon.core.main.ScriptEngine.runScriptAsRawText(ScriptEngine.java:119)
	at com.kms.katalon.core.main.TestCaseExecutor.runScript(TestCaseExecutor.java:448)
	at com.kms.katalon.core.main.TestCaseExecutor.doExecute(TestCaseExecutor.java:439)
	at com.kms.katalon.core.main.TestCaseExecutor.processExecutionPhase(TestCaseExecutor.java:418)
	at com.kms.katalon.core.main.TestCaseExecutor.accessMainPhase(TestCaseExecutor.java:410)
	at com.kms.katalon.core.main.TestCaseExecutor.execute(TestCaseExecutor.java:285)
	at com.kms.katalon.core.common.CommonExecutor.accessTestCaseMainPhase(CommonExecutor.java:65)
	at com.kms.katalon.core.main.TestSuiteExecutor.accessTestSuiteMainPhase(TestSuiteExecutor.java:150)
	at com.kms.katalon.core.main.TestSuiteExecutor.execute(TestSuiteExecutor.java:106)
	at com.kms.katalon.core.main.TestCaseMain.startTestSuite(TestCaseMain.java:180)
	at com.kms.katalon.core.main.TestCaseMain$startTestSuite$0.call(Unknown Source)
	at TempTestSuite1761139070913.run(TempTestSuite1761139070913.groovy:35)
	at java.base/jdk.internal.reflect.NativeMethodAccessorImpl.invoke0(Native Method)
	at java.base/jdk.internal.reflect.NativeMethodAccessorImpl.invoke(NativeMethodAccessorImpl.java:77)
	at java.base/jdk.internal.reflect.DelegatingMethodAccessorImpl.invoke(DelegatingMethodAccessorImpl.java:43)
)

22-10-2025T10:24:03 - [TEST_STEP][PASSED] - click(findTestObject("Object Repository/TripFocus/Page_TripFocus/a_Users")): Object: 'Object Repository/TripFocus/Page_TripFocus/a_Users' is clicked on

22-10-2025T10:24:03 - [MESSAGE][PASSED] - Object: 'Object Repository/TripFocus/Page_TripFocus/a_Users' is clicked on

22-10-2025T10:24:03 - [TEST_STEP][PASSED] - delay(5): Delayed 5 second(s)

22-10-2025T10:24:08 - [MESSAGE][PASSED] - Delayed 5 second(s)

22-10-2025T10:24:08 - [TEST_STEP][PASSED] - setText(findTestObject("TripFocus/Users/User_Search_txt"), "ashfordFDGTesting"): Text 'ashfordFDGTesting' is set on object 'Object Repository/TripFocus/Users/User_Search_txt'

22-10-2025T10:24:09 - [MESSAGE][PASSED] - Text 'ashfordFDGTesting' is set on object 'Object Repository/TripFocus/Users/User_Search_txt'

22-10-2025T10:24:09 - [TEST_STEP][PASSED] - delay(2): Delayed 2 second(s)

22-10-2025T10:24:11 - [MESSAGE][PASSED] - Delayed 2 second(s)

22-10-2025T10:24:11 - [TEST_STEP][PASSED] - click(findTestObject("Object Repository/TripFocus/Page_TripFocus/button_Edit")): Object: 'Object Repository/TripFocus/Page_TripFocus/button_Edit' is clicked on

22-10-2025T10:24:11 - [MESSAGE][PASSED] - Object: 'Object Repository/TripFocus/Page_TripFocus/button_Edit' is clicked on

22-10-2025T10:24:11 - [TEST_STEP][PASSED] - delay(7): Delayed 7 second(s)

22-10-2025T10:24:18 - [MESSAGE][PASSED] - Delayed 7 second(s)

22-10-2025T10:24:18 - [TEST_STEP][PASSED] - click(findTestObject("TripFocus/Users/Permissions/Permissions_tab")): Object: 'Object Repository/TripFocus/Users/Permissions/Permissions_tab' is clicked on

22-10-2025T10:24:18 - [MESSAGE][PASSED] - Object: 'Object Repository/TripFocus/Users/Permissions/Permissions_tab' is clicked on

22-10-2025T10:24:18 - [TEST_STEP][PASSED] - delay(2): Delayed 2 second(s)

22-10-2025T10:24:20 - [MESSAGE][PASSED] - Delayed 2 second(s)

22-10-2025T10:24:20 - [TEST_STEP][PASSED] - click(findTestObject("TripFocus/Users/Permissions/User_Permissions_dropdown"), STOP_ON_FAILURE): Object: 'Object Repository/TripFocus/Users/Permissions/User_Permissions_dropdown' is clicked on

22-10-2025T10:24:20 - [MESSAGE][PASSED] - Object: 'Object Repository/TripFocus/Users/Permissions/User_Permissions_dropdown' is clicked on

22-10-2025T10:24:20 - [TEST_STEP][PASSED] - delay(1): Delayed 1 second(s)

22-10-2025T10:24:21 - [MESSAGE][PASSED] - Delayed 1 second(s)

22-10-2025T10:24:21 - [TEST_STEP][PASSED] - sendKeys(findTestObject("TripFocus/Users/Permissions/User_Permissions_txt"), "Load"): Keys 'Load' sent to object: 'Object Repository/TripFocus/Users/Permissions/User_Permissions_txt'

22-10-2025T10:24:21 - [MESSAGE][PASSED] - Keys 'Load' sent to object: 'Object Repository/TripFocus/Users/Permissions/User_Permissions_txt'

22-10-2025T10:24:21 - [TEST_STEP][PASSED] - delay(1): Delayed 1 second(s)

22-10-2025T10:24:22 - [MESSAGE][PASSED] - Delayed 1 second(s)

22-10-2025T10:24:22 - [TEST_STEP][PASSED] - sendKeys(findTestObject("TripFocus/Users/Permissions/User_Permissions_txt"), Keys.chord(ENTER)): Keys 'ENTER + ' sent to object: 'Object Repository/TripFocus/Users/Permissions/User_Permissions_txt'

22-10-2025T10:24:22 - [MESSAGE][PASSED] - Keys 'ENTER + ' sent to object: 'Object Repository/TripFocus/Users/Permissions/User_Permissions_txt'

22-10-2025T10:24:22 - [TEST_STEP][PASSED] - delay(1): Delayed 1 second(s)

22-10-2025T10:24:23 - [MESSAGE][PASSED] - Delayed 1 second(s)

22-10-2025T10:24:23 - [TEST_STEP][PASSED] - click(findTestObject("TripFocus/Users/Edit_User_lbl"), STOP_ON_FAILURE): Object: 'Object Repository/TripFocus/Users/Edit_User_lbl' is clicked on

22-10-2025T10:24:23 - [MESSAGE][PASSED] - Object: 'Object Repository/TripFocus/Users/Edit_User_lbl' is clicked on

22-10-2025T10:24:23 - [TEST_STEP][PASSED] - delay(2): Delayed 2 second(s)

22-10-2025T10:24:25 - [MESSAGE][PASSED] - Delayed 2 second(s)

22-10-2025T10:24:25 - [TEST_STEP][PASSED] - waitForElementVisible(findTestObject("TripFocus/Users/Permissions/Save_User_Permissions_btn_(Use for Non-image)"), 10): Object 'Object Repository/TripFocus/Users/Permissions/Save_User_Permissions_btn_(Use for Non-image)' is visible

22-10-2025T10:24:25 - [MESSAGE][PASSED] - Object 'Object Repository/TripFocus/Users/Permissions/Save_User_Permissions_btn_(Use for Non-image)' is visible

22-10-2025T10:24:25 - [TEST_STEP][PASSED] - click(findTestObject("TripFocus/Users/Permissions/Save_User_Permissions_btn_(Use for Non-image)"), STOP_ON_FAILURE): Object: 'Object Repository/TripFocus/Users/Permissions/Save_User_Permissions_btn_(Use for Non-image)' is clicked on

22-10-2025T10:24:25 - [MESSAGE][PASSED] - Object: 'Object Repository/TripFocus/Users/Permissions/Save_User_Permissions_btn_(Use for Non-image)' is clicked on

22-10-2025T10:24:25 - [TEST_STEP][PASSED] - delay(1): Delayed 1 second(s)

22-10-2025T10:24:26 - [MESSAGE][PASSED] - Delayed 1 second(s)

22-10-2025T10:24:27 - [TEST_STEP][PASSED] - verifyElementPresent(findTestObject("TripFocus/Toasty_Message"), 10): Object 'Object Repository/TripFocus/Toasty_Message' is present

22-10-2025T10:24:27 - [MESSAGE][PASSED] - Object 'Object Repository/TripFocus/Toasty_Message' is present

22-10-2025T10:24:27 - [TEST_STEP][PASSED] - verifyElementText(findTestObject("TripFocus/Toasty_Message"), "User Permissions updated successfully."): Actual text and expected text of test object 'Object Repository/TripFocus/Toasty_Message' are matched.

22-10-2025T10:24:27 - [MESSAGE][PASSED] - Actual text and expected text of test object 'Object Repository/TripFocus/Toasty_Message' are matched.

22-10-2025T10:24:27 - [TEST_STEP][PASSED] - Start listener action : retryOnDisconnect: null

22-10-2025T10:24:27 - [TEST_STEP][PASSED] - tcId = testCaseContext.getTestCaseId(): null

22-10-2025T10:24:27 - [TEST_STEP][PASSED] - currentRetry = retryCounts.getOrDefault(tcId, 0): null

22-10-2025T10:24:27 - [TEST_STEP][PASSED] - if (testCaseContext.getTestCaseStatus() == "FAILED" && currentRetry < MAX_RETRIES): null]]></system-out>
         <system-err><![CDATA[]]></system-err>
      </testcase>
      <testcase name="Test Cases/TripFocus/FDG/FDG - UserPage/Edit/Permissions/Add User Management Permissions" time="64.71" classname="Test Cases/TripFocus/FDG/FDG - UserPage/Edit/Permissions/Add User Management Permissions" status="PASSED">
         <system-out><![CDATA[22-10-2025T10:24:27 - [TEST_CASE][PASSED] - Test Cases/TripFocus/FDG/FDG - UserPage/Edit/Permissions/Add User Management Permissions: Test Cases/TripFocus/FDG/FDG - UserPage/Edit/Permissions/Add User Management Permissions

22-10-2025T10:24:27 - [TEST_STEP][PASSED] - Start listener action : beforeTestCase: null

22-10-2025T10:24:27 - [TEST_STEP][PASSED] - addDefaultPackages(): null

22-10-2025T10:24:27 - [TEST_STEP][PASSED] - openBrowser(""): Browser is opened with url: ''

22-10-2025T10:24:27 - [MESSAGE][WARNING] - A browser is already opened. Closing browser and opening a new one

22-10-2025T10:24:27 - [MESSAGE][INFO] - Starting 'Chrome' driver

22-10-2025T10:24:27 - [MESSAGE][INFO] - User set preference: ['args', '[--no-sandbox, --disable-gpu, --disable-dev-shm-usage]']

22-10-2025T10:24:27 - [MESSAGE][INFO] - Action delay is set to 0 milliseconds

22-10-2025T10:24:28 - [MESSAGE][PASSED] - Browser is opened with url: ''

22-10-2025T10:24:28 - [TEST_STEP][PASSED] - navigateToUrl(TFBaseURL): Navigate to 'https://www.qa.tripfocus.com' successfully

22-10-2025T10:24:28 - [MESSAGE][PASSED] - Navigate to 'https://www.qa.tripfocus.com' successfully

22-10-2025T10:24:28 - [TEST_STEP][PASSED] - click(findTestObject("Object Repository/TripFocus/Page_TripFocus/button_Sign in")): Object: 'Object Repository/TripFocus/Page_TripFocus/button_Sign in' is clicked on

22-10-2025T10:24:28 - [MESSAGE][PASSED] - Object: 'Object Repository/TripFocus/Page_TripFocus/button_Sign in' is clicked on

22-10-2025T10:24:28 - [TEST_STEP][PASSED] - setText(findTestObject("Object Repository/TripFocus/Page_TripFocus/input_Username (e.g. email address)_Username"), TripFocusFDGUsername): Text 'Ashford.Chenault+QACustomerFDGONLY@thekag.com' is set on object 'Object Repository/TripFocus/Page_TripFocus/input_Username (e.g. email address)_Username'

22-10-2025T10:24:29 - [MESSAGE][PASSED] - Text 'Ashford.Chenault+QACustomerFDGONLY@thekag.com' is set on object 'Object Repository/TripFocus/Page_TripFocus/input_Username (e.g. email address)_Username'

22-10-2025T10:24:29 - [TEST_STEP][PASSED] - setText(findTestObject("Object Repository/TripFocus/Page_TripFocus/input_Password_Password"), TripFocusFDGSPGPassword): Text 'CrashBan911!!' is set on object 'Object Repository/TripFocus/Page_TripFocus/input_Password_Password'

22-10-2025T10:24:29 - [MESSAGE][PASSED] - Text 'CrashBan911!!' is set on object 'Object Repository/TripFocus/Page_TripFocus/input_Password_Password'

22-10-2025T10:24:29 - [TEST_STEP][PASSED] - click(findTestObject("Object Repository/TripFocus/Page_TripFocus/button_Login")): Object: 'Object Repository/TripFocus/Page_TripFocus/button_Login' is clicked on

22-10-2025T10:24:29 - [MESSAGE][PASSED] - Object: 'Object Repository/TripFocus/Page_TripFocus/button_Login' is clicked on

22-10-2025T10:24:29 - [TEST_STEP][PASSED] - maximizeWindow(): Current window maximized

22-10-2025T10:24:30 - [MESSAGE][PASSED] - Current window maximized

22-10-2025T10:24:30 - [TEST_STEP][PASSED] - waitForElementVisible(findTestObject("TripFocus/Testing_Notification_btn"), 15, OPTIONAL): Web element with id: 'Object Repository/TripFocus/Testing_Notification_btn' located by '//*[@id="__BVID__10___BV_modal_footer_"]/button' not found

22-10-2025T10:24:46 - [MESSAGE][INFO] - Unable to find the element located by 'By.xpath: //*[@id="__BVID__10___BV_modal_footer_"]/button'. Please recheck the objects properties to make sure the desired element is located. 

22-10-2025T10:24:46 - [MESSAGE][WARNING] - [SELF-HEALING] Failed to find element with id 'Object Repository/TripFocus/Testing_Notification_btn'. Try using Self-healing.

22-10-2025T10:24:47 - [MESSAGE][INFO] - [SELF-HEALING] No working XPath is found.

22-10-2025T10:24:49 - [MESSAGE][INFO] - Unable to find the element located by 'By.xpath: '. Please recheck the objects properties to make sure the desired element is located. 

22-10-2025T10:24:49 - [MESSAGE][WARNING] - [SELF-HEALING] Cannot find elements when the selector is null

22-10-2025T10:24:49 - [MESSAGE][WARNING] - Web element with id: 'Object Repository/TripFocus/Testing_Notification_btn' located by '//*[@id="__BVID__10___BV_modal_footer_"]/button' not found

22-10-2025T10:24:49 - [TEST_STEP][PASSED] - if (verifyElementVisible(findTestObject("TripFocus/Testing_Notification_btn"), OPTIONAL) == true): Web element with id: 'Object Repository/TripFocus/Testing_Notification_btn' located by '//*[@id="__BVID__10___BV_modal_footer_"]/button' not found (Root cause: com.kms.katalon.core.exception.StepFailedException: Web element with id: 'Object Repository/TripFocus/Testing_Notification_btn' located by '//*[@id="__BVID__10___BV_modal_footer_"]/button' not found
	at com.kms.katalon.core.webui.keyword.internal.WebUIKeywordMain.stepFailed(WebUIKeywordMain.groovy:117)
	at com.kms.katalon.core.webui.keyword.builtin.VerifyElementVisibleKeyword$_verifyElementVisible_closure1.doCall(VerifyElementVisibleKeyword.groovy:89)
	at com.kms.katalon.core.webui.keyword.builtin.VerifyElementVisibleKeyword$_verifyElementVisible_closure1.call(VerifyElementVisibleKeyword.groovy)
	at com.kms.katalon.core.webui.keyword.internal.WebUIKeywordMain.runKeyword(WebUIKeywordMain.groovy:35)
	at com.kms.katalon.core.webui.keyword.builtin.VerifyElementVisibleKeyword.verifyElementVisible(VerifyElementVisibleKeyword.groovy:97)
	at com.kms.katalon.core.webui.keyword.builtin.VerifyElementVisibleKeyword.execute(VerifyElementVisibleKeyword.groovy:67)
	at com.kms.katalon.core.keyword.internal.KeywordExecutor.executeKeywordForPlatform(KeywordExecutor.groovy:74)
	at com.kms.katalon.core.webui.keyword.WebUiBuiltInKeywords.verifyElementVisible(WebUiBuiltInKeywords.groovy:401)
	at com.kms.katalon.core.webui.keyword.WebUiBuiltInKeywords$verifyElementVisible$5.call(Unknown Source)
	at Add User Management Permissions.run(Add User Management Permissions:38)
	at com.kms.katalon.core.main.ScriptEngine.run(ScriptEngine.java:194)
	at com.kms.katalon.core.main.ScriptEngine.runScriptAsRawText(ScriptEngine.java:119)
	at com.kms.katalon.core.main.TestCaseExecutor.runScript(TestCaseExecutor.java:448)
	at com.kms.katalon.core.main.TestCaseExecutor.doExecute(TestCaseExecutor.java:439)
	at com.kms.katalon.core.main.TestCaseExecutor.processExecutionPhase(TestCaseExecutor.java:418)
	at com.kms.katalon.core.main.TestCaseExecutor.accessMainPhase(TestCaseExecutor.java:410)
	at com.kms.katalon.core.main.TestCaseExecutor.execute(TestCaseExecutor.java:285)
	at com.kms.katalon.core.common.CommonExecutor.accessTestCaseMainPhase(CommonExecutor.java:65)
	at com.kms.katalon.core.main.TestSuiteExecutor.accessTestSuiteMainPhase(TestSuiteExecutor.java:150)
	at com.kms.katalon.core.main.TestSuiteExecutor.execute(TestSuiteExecutor.java:106)
	at com.kms.katalon.core.main.TestCaseMain.startTestSuite(TestCaseMain.java:180)
	at com.kms.katalon.core.main.TestCaseMain$startTestSuite$0.call(Unknown Source)
	at TempTestSuite1761139070913.run(TempTestSuite1761139070913.groovy:35)
	at java.base/jdk.internal.reflect.NativeMethodAccessorImpl.invoke0(Native Method)
	at java.base/jdk.internal.reflect.NativeMethodAccessorImpl.invoke(NativeMethodAccessorImpl.java:77)
	at java.base/jdk.internal.reflect.DelegatingMethodAccessorImpl.invoke(DelegatingMethodAccessorImpl.java:43)
)

22-10-2025T10:25:05 - [MESSAGE][INFO] - Unable to find the element located by 'By.xpath: //*[@id="__BVID__10___BV_modal_footer_"]/button'. Please recheck the objects properties to make sure the desired element is located. 

22-10-2025T10:25:05 - [MESSAGE][WARNING] - [SELF-HEALING] Failed to find element with id 'Object Repository/TripFocus/Testing_Notification_btn'. Try using Self-healing.

22-10-2025T10:25:06 - [MESSAGE][INFO] - [SELF-HEALING] No working XPath is found.

22-10-2025T10:25:08 - [MESSAGE][INFO] - Unable to find the element located by 'By.xpath: '. Please recheck the objects properties to make sure the desired element is located. 

22-10-2025T10:25:08 - [MESSAGE][WARNING] - [SELF-HEALING] Cannot find elements when the selector is null

22-10-2025T10:25:08 - [MESSAGE][WARNING] - Web element with id: 'Object Repository/TripFocus/Testing_Notification_btn' located by '//*[@id="__BVID__10___BV_modal_footer_"]/button' not found (Root cause: com.kms.katalon.core.exception.StepFailedException: Web element with id: 'Object Repository/TripFocus/Testing_Notification_btn' located by '//*[@id="__BVID__10___BV_modal_footer_"]/button' not found
	at com.kms.katalon.core.webui.keyword.internal.WebUIKeywordMain.stepFailed(WebUIKeywordMain.groovy:117)
	at com.kms.katalon.core.webui.keyword.builtin.VerifyElementVisibleKeyword$_verifyElementVisible_closure1.doCall(VerifyElementVisibleKeyword.groovy:89)
	at com.kms.katalon.core.webui.keyword.builtin.VerifyElementVisibleKeyword$_verifyElementVisible_closure1.call(VerifyElementVisibleKeyword.groovy)
	at com.kms.katalon.core.webui.keyword.internal.WebUIKeywordMain.runKeyword(WebUIKeywordMain.groovy:35)
	at com.kms.katalon.core.webui.keyword.builtin.VerifyElementVisibleKeyword.verifyElementVisible(VerifyElementVisibleKeyword.groovy:97)
	at com.kms.katalon.core.webui.keyword.builtin.VerifyElementVisibleKeyword.execute(VerifyElementVisibleKeyword.groovy:67)
	at com.kms.katalon.core.keyword.internal.KeywordExecutor.executeKeywordForPlatform(KeywordExecutor.groovy:74)
	at com.kms.katalon.core.webui.keyword.WebUiBuiltInKeywords.verifyElementVisible(WebUiBuiltInKeywords.groovy:401)
	at com.kms.katalon.core.webui.keyword.WebUiBuiltInKeywords$verifyElementVisible$5.call(Unknown Source)
	at Add User Management Permissions.run(Add User Management Permissions:38)
	at com.kms.katalon.core.main.ScriptEngine.run(ScriptEngine.java:194)
	at com.kms.katalon.core.main.ScriptEngine.runScriptAsRawText(ScriptEngine.java:119)
	at com.kms.katalon.core.main.TestCaseExecutor.runScript(TestCaseExecutor.java:448)
	at com.kms.katalon.core.main.TestCaseExecutor.doExecute(TestCaseExecutor.java:439)
	at com.kms.katalon.core.main.TestCaseExecutor.processExecutionPhase(TestCaseExecutor.java:418)
	at com.kms.katalon.core.main.TestCaseExecutor.accessMainPhase(TestCaseExecutor.java:410)
	at com.kms.katalon.core.main.TestCaseExecutor.execute(TestCaseExecutor.java:285)
	at com.kms.katalon.core.common.CommonExecutor.accessTestCaseMainPhase(CommonExecutor.java:65)
	at com.kms.katalon.core.main.TestSuiteExecutor.accessTestSuiteMainPhase(TestSuiteExecutor.java:150)
	at com.kms.katalon.core.main.TestSuiteExecutor.execute(TestSuiteExecutor.java:106)
	at com.kms.katalon.core.main.TestCaseMain.startTestSuite(TestCaseMain.java:180)
	at com.kms.katalon.core.main.TestCaseMain$startTestSuite$0.call(Unknown Source)
	at TempTestSuite1761139070913.run(TempTestSuite1761139070913.groovy:35)
	at java.base/jdk.internal.reflect.NativeMethodAccessorImpl.invoke0(Native Method)
	at java.base/jdk.internal.reflect.NativeMethodAccessorImpl.invoke(NativeMethodAccessorImpl.java:77)
	at java.base/jdk.internal.reflect.DelegatingMethodAccessorImpl.invoke(DelegatingMethodAccessorImpl.java:43)
)

22-10-2025T10:25:08 - [TEST_STEP][PASSED] - click(findTestObject("Object Repository/TripFocus/Page_TripFocus/a_Users")): Object: 'Object Repository/TripFocus/Page_TripFocus/a_Users' is clicked on

22-10-2025T10:25:08 - [MESSAGE][PASSED] - Object: 'Object Repository/TripFocus/Page_TripFocus/a_Users' is clicked on

22-10-2025T10:25:08 - [TEST_STEP][PASSED] - delay(5): Delayed 5 second(s)

22-10-2025T10:25:13 - [MESSAGE][PASSED] - Delayed 5 second(s)

22-10-2025T10:25:13 - [TEST_STEP][PASSED] - setText(findTestObject("TripFocus/Users/User_Search_txt"), "ashfordFDGTesting"): Text 'ashfordFDGTesting' is set on object 'Object Repository/TripFocus/Users/User_Search_txt'

22-10-2025T10:25:13 - [MESSAGE][PASSED] - Text 'ashfordFDGTesting' is set on object 'Object Repository/TripFocus/Users/User_Search_txt'

22-10-2025T10:25:13 - [TEST_STEP][PASSED] - delay(2): Delayed 2 second(s)

22-10-2025T10:25:15 - [MESSAGE][PASSED] - Delayed 2 second(s)

22-10-2025T10:25:15 - [TEST_STEP][PASSED] - click(findTestObject("Object Repository/TripFocus/Page_TripFocus/button_Edit")): Object: 'Object Repository/TripFocus/Page_TripFocus/button_Edit' is clicked on

22-10-2025T10:25:16 - [MESSAGE][PASSED] - Object: 'Object Repository/TripFocus/Page_TripFocus/button_Edit' is clicked on

22-10-2025T10:25:16 - [TEST_STEP][PASSED] - delay(7): Delayed 7 second(s)

22-10-2025T10:25:23 - [MESSAGE][PASSED] - Delayed 7 second(s)

22-10-2025T10:25:23 - [TEST_STEP][PASSED] - click(findTestObject("TripFocus/Users/Permissions/Permissions_tab")): Object: 'Object Repository/TripFocus/Users/Permissions/Permissions_tab' is clicked on

22-10-2025T10:25:23 - [MESSAGE][PASSED] - Object: 'Object Repository/TripFocus/Users/Permissions/Permissions_tab' is clicked on

22-10-2025T10:25:23 - [TEST_STEP][PASSED] - delay(2): Delayed 2 second(s)

22-10-2025T10:25:25 - [MESSAGE][PASSED] - Delayed 2 second(s)

22-10-2025T10:25:25 - [TEST_STEP][PASSED] - click(findTestObject("TripFocus/Users/Permissions/User_Permissions_dropdown"), STOP_ON_FAILURE): Object: 'Object Repository/TripFocus/Users/Permissions/User_Permissions_dropdown' is clicked on

22-10-2025T10:25:25 - [MESSAGE][PASSED] - Object: 'Object Repository/TripFocus/Users/Permissions/User_Permissions_dropdown' is clicked on

22-10-2025T10:25:25 - [TEST_STEP][PASSED] - delay(1): Delayed 1 second(s)

22-10-2025T10:25:26 - [MESSAGE][PASSED] - Delayed 1 second(s)

22-10-2025T10:25:26 - [TEST_STEP][PASSED] - sendKeys(findTestObject("TripFocus/Users/Permissions/User_Permissions_txt"), "UserManagement"): Keys 'UserManagement' sent to object: 'Object Repository/TripFocus/Users/Permissions/User_Permissions_txt'

22-10-2025T10:25:26 - [MESSAGE][PASSED] - Keys 'UserManagement' sent to object: 'Object Repository/TripFocus/Users/Permissions/User_Permissions_txt'

22-10-2025T10:25:26 - [TEST_STEP][PASSED] - delay(1): Delayed 1 second(s)

22-10-2025T10:25:27 - [MESSAGE][PASSED] - Delayed 1 second(s)

22-10-2025T10:25:27 - [TEST_STEP][PASSED] - sendKeys(findTestObject("TripFocus/Users/Permissions/User_Permissions_txt"), Keys.chord(ENTER)): Keys 'ENTER + ' sent to object: 'Object Repository/TripFocus/Users/Permissions/User_Permissions_txt'

22-10-2025T10:25:27 - [MESSAGE][PASSED] - Keys 'ENTER + ' sent to object: 'Object Repository/TripFocus/Users/Permissions/User_Permissions_txt'

22-10-2025T10:25:27 - [TEST_STEP][PASSED] - delay(1): Delayed 1 second(s)

22-10-2025T10:25:28 - [MESSAGE][PASSED] - Delayed 1 second(s)

22-10-2025T10:25:28 - [TEST_STEP][PASSED] - click(findTestObject("TripFocus/Users/Edit_User_lbl"), STOP_ON_FAILURE): Object: 'Object Repository/TripFocus/Users/Edit_User_lbl' is clicked on

22-10-2025T10:25:28 - [MESSAGE][PASSED] - Object: 'Object Repository/TripFocus/Users/Edit_User_lbl' is clicked on

22-10-2025T10:25:28 - [TEST_STEP][PASSED] - delay(2): Delayed 2 second(s)

22-10-2025T10:25:30 - [MESSAGE][PASSED] - Delayed 2 second(s)

22-10-2025T10:25:30 - [TEST_STEP][PASSED] - waitForElementVisible(findTestObject("TripFocus/Users/Permissions/Save_User_Permissions_btn_(Use for Non-image)"), 10): Object 'Object Repository/TripFocus/Users/Permissions/Save_User_Permissions_btn_(Use for Non-image)' is visible

22-10-2025T10:25:30 - [MESSAGE][PASSED] - Object 'Object Repository/TripFocus/Users/Permissions/Save_User_Permissions_btn_(Use for Non-image)' is visible

22-10-2025T10:25:30 - [TEST_STEP][PASSED] - click(findTestObject("TripFocus/Users/Permissions/Save_User_Permissions_btn_(Use for Non-image)"), STOP_ON_FAILURE): Object: 'Object Repository/TripFocus/Users/Permissions/Save_User_Permissions_btn_(Use for Non-image)' is clicked on

22-10-2025T10:25:30 - [MESSAGE][PASSED] - Object: 'Object Repository/TripFocus/Users/Permissions/Save_User_Permissions_btn_(Use for Non-image)' is clicked on

22-10-2025T10:25:30 - [TEST_STEP][PASSED] - delay(1): Delayed 1 second(s)

22-10-2025T10:25:31 - [MESSAGE][PASSED] - Delayed 1 second(s)

22-10-2025T10:25:31 - [TEST_STEP][PASSED] - verifyElementPresent(findTestObject("TripFocus/Toasty_Message"), 10): Object 'Object Repository/TripFocus/Toasty_Message' is present

22-10-2025T10:25:31 - [MESSAGE][PASSED] - Object 'Object Repository/TripFocus/Toasty_Message' is present

22-10-2025T10:25:31 - [TEST_STEP][PASSED] - verifyElementText(findTestObject("TripFocus/Toasty_Message"), "User Permissions updated successfully."): Actual text and expected text of test object 'Object Repository/TripFocus/Toasty_Message' are matched.

22-10-2025T10:25:31 - [MESSAGE][PASSED] - Actual text and expected text of test object 'Object Repository/TripFocus/Toasty_Message' are matched.

22-10-2025T10:25:31 - [TEST_STEP][PASSED] - Start listener action : retryOnDisconnect: null

22-10-2025T10:25:31 - [TEST_STEP][PASSED] - tcId = testCaseContext.getTestCaseId(): null

22-10-2025T10:25:31 - [TEST_STEP][PASSED] - currentRetry = retryCounts.getOrDefault(tcId, 0): null

22-10-2025T10:25:31 - [TEST_STEP][PASSED] - if (testCaseContext.getTestCaseStatus() == "FAILED" && currentRetry < MAX_RETRIES): null]]></system-out>
         <system-err><![CDATA[]]></system-err>
      </testcase>
      <testcase name="Test Cases/TripFocus/FDG/FDG - UserPage/Edit/Data Restrictions/Verify Preview Data Restrictions Button" time="66.294" classname="Test Cases/TripFocus/FDG/FDG - UserPage/Edit/Data Restrictions/Verify Preview Data Restrictions Button" status="PASSED">
         <system-out><![CDATA[22-10-2025T10:25:31 - [TEST_CASE][PASSED] - Test Cases/TripFocus/FDG/FDG - UserPage/Edit/Data Restrictions/Verify Preview Data Restrictions Button: Test Cases/TripFocus/FDG/FDG - UserPage/Edit/Data Restrictions/Verify Preview Data Restrictions Button

22-10-2025T10:25:31 - [TEST_STEP][PASSED] - Start listener action : beforeTestCase: null

22-10-2025T10:25:31 - [TEST_STEP][PASSED] - addDefaultPackages(): null

22-10-2025T10:25:31 - [TEST_STEP][PASSED] - openBrowser(""): Browser is opened with url: ''

22-10-2025T10:25:31 - [MESSAGE][WARNING] - A browser is already opened. Closing browser and opening a new one

22-10-2025T10:25:31 - [MESSAGE][INFO] - Starting 'Chrome' driver

22-10-2025T10:25:31 - [MESSAGE][INFO] - User set preference: ['args', '[--no-sandbox, --disable-gpu, --disable-dev-shm-usage]']

22-10-2025T10:25:31 - [MESSAGE][INFO] - Action delay is set to 0 milliseconds

22-10-2025T10:25:32 - [MESSAGE][PASSED] - Browser is opened with url: ''

22-10-2025T10:25:32 - [TEST_STEP][PASSED] - navigateToUrl(TFBaseURL): Navigate to 'https://www.qa.tripfocus.com' successfully

22-10-2025T10:25:33 - [MESSAGE][PASSED] - Navigate to 'https://www.qa.tripfocus.com' successfully

22-10-2025T10:25:33 - [TEST_STEP][PASSED] - click(findTestObject("Object Repository/TripFocus/Page_TripFocus/button_Sign in")): Object: 'Object Repository/TripFocus/Page_TripFocus/button_Sign in' is clicked on

22-10-2025T10:25:33 - [MESSAGE][PASSED] - Object: 'Object Repository/TripFocus/Page_TripFocus/button_Sign in' is clicked on

22-10-2025T10:25:33 - [TEST_STEP][PASSED] - setText(findTestObject("Object Repository/TripFocus/Page_TripFocus/input_Username (e.g. email address)_Username"), TripFocusFDGUsername): Text 'Ashford.Chenault+QACustomerFDGONLY@thekag.com' is set on object 'Object Repository/TripFocus/Page_TripFocus/input_Username (e.g. email address)_Username'

22-10-2025T10:25:34 - [MESSAGE][PASSED] - Text 'Ashford.Chenault+QACustomerFDGONLY@thekag.com' is set on object 'Object Repository/TripFocus/Page_TripFocus/input_Username (e.g. email address)_Username'

22-10-2025T10:25:34 - [TEST_STEP][PASSED] - setText(findTestObject("Object Repository/TripFocus/Page_TripFocus/input_Password_Password"), TripFocusFDGSPGPassword): Text 'CrashBan911!!' is set on object 'Object Repository/TripFocus/Page_TripFocus/input_Password_Password'

22-10-2025T10:25:34 - [MESSAGE][PASSED] - Text 'CrashBan911!!' is set on object 'Object Repository/TripFocus/Page_TripFocus/input_Password_Password'

22-10-2025T10:25:34 - [TEST_STEP][PASSED] - click(findTestObject("Object Repository/TripFocus/Page_TripFocus/button_Login")): Object: 'Object Repository/TripFocus/Page_TripFocus/button_Login' is clicked on

22-10-2025T10:25:35 - [MESSAGE][PASSED] - Object: 'Object Repository/TripFocus/Page_TripFocus/button_Login' is clicked on

22-10-2025T10:25:35 - [TEST_STEP][PASSED] - maximizeWindow(): Current window maximized

22-10-2025T10:25:35 - [MESSAGE][PASSED] - Current window maximized

22-10-2025T10:25:35 - [TEST_STEP][PASSED] - waitForElementVisible(findTestObject("TripFocus/Testing_Notification_btn"), 15, OPTIONAL): Web element with id: 'Object Repository/TripFocus/Testing_Notification_btn' located by '//*[@id="__BVID__10___BV_modal_footer_"]/button' not found

22-10-2025T10:25:51 - [MESSAGE][INFO] - Unable to find the element located by 'By.xpath: //*[@id="__BVID__10___BV_modal_footer_"]/button'. Please recheck the objects properties to make sure the desired element is located. 

22-10-2025T10:25:51 - [MESSAGE][WARNING] - [SELF-HEALING] Failed to find element with id 'Object Repository/TripFocus/Testing_Notification_btn'. Try using Self-healing.

22-10-2025T10:25:52 - [MESSAGE][INFO] - [SELF-HEALING] No working XPath is found.

22-10-2025T10:25:54 - [MESSAGE][INFO] - Unable to find the element located by 'By.xpath: '. Please recheck the objects properties to make sure the desired element is located. 

22-10-2025T10:25:54 - [MESSAGE][WARNING] - [SELF-HEALING] Cannot find elements when the selector is null

22-10-2025T10:25:54 - [MESSAGE][WARNING] - Web element with id: 'Object Repository/TripFocus/Testing_Notification_btn' located by '//*[@id="__BVID__10___BV_modal_footer_"]/button' not found

22-10-2025T10:25:54 - [TEST_STEP][PASSED] - if (verifyElementVisible(findTestObject("TripFocus/Testing_Notification_btn"), OPTIONAL) == true): Web element with id: 'Object Repository/TripFocus/Testing_Notification_btn' located by '//*[@id="__BVID__10___BV_modal_footer_"]/button' not found (Root cause: com.kms.katalon.core.exception.StepFailedException: Web element with id: 'Object Repository/TripFocus/Testing_Notification_btn' located by '//*[@id="__BVID__10___BV_modal_footer_"]/button' not found
	at com.kms.katalon.core.webui.keyword.internal.WebUIKeywordMain.stepFailed(WebUIKeywordMain.groovy:117)
	at com.kms.katalon.core.webui.keyword.builtin.VerifyElementVisibleKeyword$_verifyElementVisible_closure1.doCall(VerifyElementVisibleKeyword.groovy:89)
	at com.kms.katalon.core.webui.keyword.builtin.VerifyElementVisibleKeyword$_verifyElementVisible_closure1.call(VerifyElementVisibleKeyword.groovy)
	at com.kms.katalon.core.webui.keyword.internal.WebUIKeywordMain.runKeyword(WebUIKeywordMain.groovy:35)
	at com.kms.katalon.core.webui.keyword.builtin.VerifyElementVisibleKeyword.verifyElementVisible(VerifyElementVisibleKeyword.groovy:97)
	at com.kms.katalon.core.webui.keyword.builtin.VerifyElementVisibleKeyword.execute(VerifyElementVisibleKeyword.groovy:67)
	at com.kms.katalon.core.keyword.internal.KeywordExecutor.executeKeywordForPlatform(KeywordExecutor.groovy:74)
	at com.kms.katalon.core.webui.keyword.WebUiBuiltInKeywords.verifyElementVisible(WebUiBuiltInKeywords.groovy:401)
	at com.kms.katalon.core.webui.keyword.WebUiBuiltInKeywords$verifyElementVisible$5.call(Unknown Source)
	at Verify Preview Data Restrictions Button.run(Verify Preview Data Restrictions Button:37)
	at com.kms.katalon.core.main.ScriptEngine.run(ScriptEngine.java:194)
	at com.kms.katalon.core.main.ScriptEngine.runScriptAsRawText(ScriptEngine.java:119)
	at com.kms.katalon.core.main.TestCaseExecutor.runScript(TestCaseExecutor.java:448)
	at com.kms.katalon.core.main.TestCaseExecutor.doExecute(TestCaseExecutor.java:439)
	at com.kms.katalon.core.main.TestCaseExecutor.processExecutionPhase(TestCaseExecutor.java:418)
	at com.kms.katalon.core.main.TestCaseExecutor.accessMainPhase(TestCaseExecutor.java:410)
	at com.kms.katalon.core.main.TestCaseExecutor.execute(TestCaseExecutor.java:285)
	at com.kms.katalon.core.common.CommonExecutor.accessTestCaseMainPhase(CommonExecutor.java:65)
	at com.kms.katalon.core.main.TestSuiteExecutor.accessTestSuiteMainPhase(TestSuiteExecutor.java:150)
	at com.kms.katalon.core.main.TestSuiteExecutor.execute(TestSuiteExecutor.java:106)
	at com.kms.katalon.core.main.TestCaseMain.startTestSuite(TestCaseMain.java:180)
	at com.kms.katalon.core.main.TestCaseMain$startTestSuite$0.call(Unknown Source)
	at TempTestSuite1761139070913.run(TempTestSuite1761139070913.groovy:35)
	at java.base/jdk.internal.reflect.NativeMethodAccessorImpl.invoke0(Native Method)
	at java.base/jdk.internal.reflect.NativeMethodAccessorImpl.invoke(NativeMethodAccessorImpl.java:77)
	at java.base/jdk.internal.reflect.DelegatingMethodAccessorImpl.invoke(DelegatingMethodAccessorImpl.java:43)
)

22-10-2025T10:26:10 - [MESSAGE][INFO] - Unable to find the element located by 'By.xpath: //*[@id="__BVID__10___BV_modal_footer_"]/button'. Please recheck the objects properties to make sure the desired element is located. 

22-10-2025T10:26:10 - [MESSAGE][WARNING] - [SELF-HEALING] Failed to find element with id 'Object Repository/TripFocus/Testing_Notification_btn'. Try using Self-healing.

22-10-2025T10:26:11 - [MESSAGE][INFO] - [SELF-HEALING] No working XPath is found.

22-10-2025T10:26:13 - [MESSAGE][INFO] - Unable to find the element located by 'By.xpath: '. Please recheck the objects properties to make sure the desired element is located. 

22-10-2025T10:26:13 - [MESSAGE][WARNING] - [SELF-HEALING] Cannot find elements when the selector is null

22-10-2025T10:26:13 - [MESSAGE][WARNING] - Web element with id: 'Object Repository/TripFocus/Testing_Notification_btn' located by '//*[@id="__BVID__10___BV_modal_footer_"]/button' not found (Root cause: com.kms.katalon.core.exception.StepFailedException: Web element with id: 'Object Repository/TripFocus/Testing_Notification_btn' located by '//*[@id="__BVID__10___BV_modal_footer_"]/button' not found
	at com.kms.katalon.core.webui.keyword.internal.WebUIKeywordMain.stepFailed(WebUIKeywordMain.groovy:117)
	at com.kms.katalon.core.webui.keyword.builtin.VerifyElementVisibleKeyword$_verifyElementVisible_closure1.doCall(VerifyElementVisibleKeyword.groovy:89)
	at com.kms.katalon.core.webui.keyword.builtin.VerifyElementVisibleKeyword$_verifyElementVisible_closure1.call(VerifyElementVisibleKeyword.groovy)
	at com.kms.katalon.core.webui.keyword.internal.WebUIKeywordMain.runKeyword(WebUIKeywordMain.groovy:35)
	at com.kms.katalon.core.webui.keyword.builtin.VerifyElementVisibleKeyword.verifyElementVisible(VerifyElementVisibleKeyword.groovy:97)
	at com.kms.katalon.core.webui.keyword.builtin.VerifyElementVisibleKeyword.execute(VerifyElementVisibleKeyword.groovy:67)
	at com.kms.katalon.core.keyword.internal.KeywordExecutor.executeKeywordForPlatform(KeywordExecutor.groovy:74)
	at com.kms.katalon.core.webui.keyword.WebUiBuiltInKeywords.verifyElementVisible(WebUiBuiltInKeywords.groovy:401)
	at com.kms.katalon.core.webui.keyword.WebUiBuiltInKeywords$verifyElementVisible$5.call(Unknown Source)
	at Verify Preview Data Restrictions Button.run(Verify Preview Data Restrictions Button:37)
	at com.kms.katalon.core.main.ScriptEngine.run(ScriptEngine.java:194)
	at com.kms.katalon.core.main.ScriptEngine.runScriptAsRawText(ScriptEngine.java:119)
	at com.kms.katalon.core.main.TestCaseExecutor.runScript(TestCaseExecutor.java:448)
	at com.kms.katalon.core.main.TestCaseExecutor.doExecute(TestCaseExecutor.java:439)
	at com.kms.katalon.core.main.TestCaseExecutor.processExecutionPhase(TestCaseExecutor.java:418)
	at com.kms.katalon.core.main.TestCaseExecutor.accessMainPhase(TestCaseExecutor.java:410)
	at com.kms.katalon.core.main.TestCaseExecutor.execute(TestCaseExecutor.java:285)
	at com.kms.katalon.core.common.CommonExecutor.accessTestCaseMainPhase(CommonExecutor.java:65)
	at com.kms.katalon.core.main.TestSuiteExecutor.accessTestSuiteMainPhase(TestSuiteExecutor.java:150)
	at com.kms.katalon.core.main.TestSuiteExecutor.execute(TestSuiteExecutor.java:106)
	at com.kms.katalon.core.main.TestCaseMain.startTestSuite(TestCaseMain.java:180)
	at com.kms.katalon.core.main.TestCaseMain$startTestSuite$0.call(Unknown Source)
	at TempTestSuite1761139070913.run(TempTestSuite1761139070913.groovy:35)
	at java.base/jdk.internal.reflect.NativeMethodAccessorImpl.invoke0(Native Method)
	at java.base/jdk.internal.reflect.NativeMethodAccessorImpl.invoke(NativeMethodAccessorImpl.java:77)
	at java.base/jdk.internal.reflect.DelegatingMethodAccessorImpl.invoke(DelegatingMethodAccessorImpl.java:43)
)

22-10-2025T10:26:13 - [TEST_STEP][PASSED] - click(findTestObject("Object Repository/TripFocus/Page_TripFocus/a_Users")): Object: 'Object Repository/TripFocus/Page_TripFocus/a_Users' is clicked on

22-10-2025T10:26:13 - [MESSAGE][PASSED] - Object: 'Object Repository/TripFocus/Page_TripFocus/a_Users' is clicked on

22-10-2025T10:26:13 - [TEST_STEP][PASSED] - delay(5): Delayed 5 second(s)

22-10-2025T10:26:18 - [MESSAGE][PASSED] - Delayed 5 second(s)

22-10-2025T10:26:18 - [TEST_STEP][PASSED] - setText(findTestObject("TripFocus/Users/User_Search_txt"), "ashfordFDGTesting"): Text 'ashfordFDGTesting' is set on object 'Object Repository/TripFocus/Users/User_Search_txt'

22-10-2025T10:26:18 - [MESSAGE][PASSED] - Text 'ashfordFDGTesting' is set on object 'Object Repository/TripFocus/Users/User_Search_txt'

22-10-2025T10:26:18 - [TEST_STEP][PASSED] - delay(2): Delayed 2 second(s)

22-10-2025T10:26:20 - [MESSAGE][PASSED] - Delayed 2 second(s)

22-10-2025T10:26:20 - [TEST_STEP][PASSED] - click(findTestObject("Object Repository/TripFocus/Page_TripFocus/button_Edit")): Object: 'Object Repository/TripFocus/Page_TripFocus/button_Edit' is clicked on

22-10-2025T10:26:20 - [MESSAGE][PASSED] - Object: 'Object Repository/TripFocus/Page_TripFocus/button_Edit' is clicked on

22-10-2025T10:26:20 - [TEST_STEP][PASSED] - delay(15): Delayed 15 second(s)

22-10-2025T10:26:35 - [MESSAGE][PASSED] - Delayed 15 second(s)

22-10-2025T10:26:35 - [TEST_STEP][PASSED] - click(findTestObject("TripFocus/Users/Data Restrictions/Data_Restrictions_tab")): Object: 'Object Repository/TripFocus/Users/Data Restrictions/Data_Restrictions_tab' is clicked on

22-10-2025T10:26:36 - [MESSAGE][PASSED] - Object: 'Object Repository/TripFocus/Users/Data Restrictions/Data_Restrictions_tab' is clicked on

22-10-2025T10:26:36 - [TEST_STEP][PASSED] - delay(2): Delayed 2 second(s)

22-10-2025T10:26:38 - [MESSAGE][PASSED] - Delayed 2 second(s)

22-10-2025T10:26:38 - [TEST_STEP][PASSED] - verifyElementPresent(findTestObject("TripFocus/Users/Data Restrictions/Preview_Data_Restrictions_btn"), 10): Object 'Object Repository/TripFocus/Users/Data Restrictions/Preview_Data_Restrictions_btn' is present

22-10-2025T10:26:38 - [MESSAGE][PASSED] - Object 'Object Repository/TripFocus/Users/Data Restrictions/Preview_Data_Restrictions_btn' is present

22-10-2025T10:26:38 - [TEST_STEP][PASSED] - verifyElementVisible(findTestObject("TripFocus/Users/Data Restrictions/Preview_Data_Restrictions_btn"), STOP_ON_FAILURE): Object 'Object Repository/TripFocus/Users/Data Restrictions/Preview_Data_Restrictions_btn' is visible

22-10-2025T10:26:38 - [MESSAGE][PASSED] - Object 'Object Repository/TripFocus/Users/Data Restrictions/Preview_Data_Restrictions_btn' is visible

22-10-2025T10:26:38 - [TEST_STEP][PASSED] - Start listener action : retryOnDisconnect: null

22-10-2025T10:26:38 - [TEST_STEP][PASSED] - tcId = testCaseContext.getTestCaseId(): null

22-10-2025T10:26:38 - [TEST_STEP][PASSED] - currentRetry = retryCounts.getOrDefault(tcId, 0): null

22-10-2025T10:26:38 - [TEST_STEP][PASSED] - if (testCaseContext.getTestCaseStatus() == "FAILED" && currentRetry < MAX_RETRIES): null]]></system-out>
         <system-err><![CDATA[]]></system-err>
      </testcase>
      <testcase name="Test Cases/TripFocus/FDG/FDG - UserPage/Edit/Data Restrictions/Reset Data Restrictions" time="87.786" classname="Test Cases/TripFocus/FDG/FDG - UserPage/Edit/Data Restrictions/Reset Data Restrictions" status="PASSED">
         <system-out><![CDATA[22-10-2025T10:26:38 - [TEST_CASE][PASSED] - Test Cases/TripFocus/FDG/FDG - UserPage/Edit/Data Restrictions/Reset Data Restrictions: Test Cases/TripFocus/FDG/FDG - UserPage/Edit/Data Restrictions/Reset Data Restrictions

22-10-2025T10:26:38 - [TEST_STEP][PASSED] - Start listener action : beforeTestCase: null

22-10-2025T10:26:38 - [TEST_STEP][PASSED] - addDefaultPackages(): null

22-10-2025T10:26:38 - [TEST_STEP][PASSED] - openBrowser(""): Browser is opened with url: ''

22-10-2025T10:26:38 - [MESSAGE][WARNING] - A browser is already opened. Closing browser and opening a new one

22-10-2025T10:26:38 - [MESSAGE][INFO] - Starting 'Chrome' driver

22-10-2025T10:26:38 - [MESSAGE][INFO] - User set preference: ['args', '[--no-sandbox, --disable-gpu, --disable-dev-shm-usage]']

22-10-2025T10:26:38 - [MESSAGE][INFO] - Action delay is set to 0 milliseconds

22-10-2025T10:26:39 - [MESSAGE][PASSED] - Browser is opened with url: ''

22-10-2025T10:26:39 - [TEST_STEP][PASSED] - navigateToUrl(TFBaseURL): Navigate to 'https://www.qa.tripfocus.com' successfully

22-10-2025T10:26:39 - [MESSAGE][PASSED] - Navigate to 'https://www.qa.tripfocus.com' successfully

22-10-2025T10:26:39 - [TEST_STEP][PASSED] - click(findTestObject("Object Repository/TripFocus/Page_TripFocus/button_Sign in")): Object: 'Object Repository/TripFocus/Page_TripFocus/button_Sign in' is clicked on

22-10-2025T10:26:39 - [MESSAGE][PASSED] - Object: 'Object Repository/TripFocus/Page_TripFocus/button_Sign in' is clicked on

22-10-2025T10:26:39 - [TEST_STEP][PASSED] - setText(findTestObject("Object Repository/TripFocus/Page_TripFocus/input_Username (e.g. email address)_Username"), TripFocusFDGUsername): Text 'Ashford.Chenault+QACustomerFDGONLY@thekag.com' is set on object 'Object Repository/TripFocus/Page_TripFocus/input_Username (e.g. email address)_Username'

22-10-2025T10:26:40 - [MESSAGE][PASSED] - Text 'Ashford.Chenault+QACustomerFDGONLY@thekag.com' is set on object 'Object Repository/TripFocus/Page_TripFocus/input_Username (e.g. email address)_Username'

22-10-2025T10:26:40 - [TEST_STEP][PASSED] - setText(findTestObject("Object Repository/TripFocus/Page_TripFocus/input_Password_Password"), TripFocusFDGSPGPassword): Text 'CrashBan911!!' is set on object 'Object Repository/TripFocus/Page_TripFocus/input_Password_Password'

22-10-2025T10:26:40 - [MESSAGE][PASSED] - Text 'CrashBan911!!' is set on object 'Object Repository/TripFocus/Page_TripFocus/input_Password_Password'

22-10-2025T10:26:40 - [TEST_STEP][PASSED] - click(findTestObject("Object Repository/TripFocus/Page_TripFocus/button_Login")): Object: 'Object Repository/TripFocus/Page_TripFocus/button_Login' is clicked on

22-10-2025T10:26:40 - [MESSAGE][PASSED] - Object: 'Object Repository/TripFocus/Page_TripFocus/button_Login' is clicked on

22-10-2025T10:26:40 - [TEST_STEP][PASSED] - maximizeWindow(): Current window maximized

22-10-2025T10:26:41 - [MESSAGE][PASSED] - Current window maximized

22-10-2025T10:26:41 - [TEST_STEP][PASSED] - waitForElementVisible(findTestObject("TripFocus/Testing_Notification_btn"), 15, OPTIONAL): Web element with id: 'Object Repository/TripFocus/Testing_Notification_btn' located by '//*[@id="__BVID__10___BV_modal_footer_"]/button' not found

22-10-2025T10:26:57 - [MESSAGE][INFO] - Unable to find the element located by 'By.xpath: //*[@id="__BVID__10___BV_modal_footer_"]/button'. Please recheck the objects properties to make sure the desired element is located. 

22-10-2025T10:26:57 - [MESSAGE][WARNING] - [SELF-HEALING] Failed to find element with id 'Object Repository/TripFocus/Testing_Notification_btn'. Try using Self-healing.

22-10-2025T10:26:58 - [MESSAGE][INFO] - [SELF-HEALING] No working XPath is found.

22-10-2025T10:27:00 - [MESSAGE][INFO] - Unable to find the element located by 'By.xpath: '. Please recheck the objects properties to make sure the desired element is located. 

22-10-2025T10:27:00 - [MESSAGE][WARNING] - [SELF-HEALING] Cannot find elements when the selector is null

22-10-2025T10:27:00 - [MESSAGE][WARNING] - Web element with id: 'Object Repository/TripFocus/Testing_Notification_btn' located by '//*[@id="__BVID__10___BV_modal_footer_"]/button' not found

22-10-2025T10:27:00 - [TEST_STEP][PASSED] - if (verifyElementVisible(findTestObject("TripFocus/Testing_Notification_btn"), OPTIONAL) == true): Web element with id: 'Object Repository/TripFocus/Testing_Notification_btn' located by '//*[@id="__BVID__10___BV_modal_footer_"]/button' not found (Root cause: com.kms.katalon.core.exception.StepFailedException: Web element with id: 'Object Repository/TripFocus/Testing_Notification_btn' located by '//*[@id="__BVID__10___BV_modal_footer_"]/button' not found
	at com.kms.katalon.core.webui.keyword.internal.WebUIKeywordMain.stepFailed(WebUIKeywordMain.groovy:117)
	at com.kms.katalon.core.webui.keyword.builtin.VerifyElementVisibleKeyword$_verifyElementVisible_closure1.doCall(VerifyElementVisibleKeyword.groovy:89)
	at com.kms.katalon.core.webui.keyword.builtin.VerifyElementVisibleKeyword$_verifyElementVisible_closure1.call(VerifyElementVisibleKeyword.groovy)
	at com.kms.katalon.core.webui.keyword.internal.WebUIKeywordMain.runKeyword(WebUIKeywordMain.groovy:35)
	at com.kms.katalon.core.webui.keyword.builtin.VerifyElementVisibleKeyword.verifyElementVisible(VerifyElementVisibleKeyword.groovy:97)
	at com.kms.katalon.core.webui.keyword.builtin.VerifyElementVisibleKeyword.execute(VerifyElementVisibleKeyword.groovy:67)
	at com.kms.katalon.core.keyword.internal.KeywordExecutor.executeKeywordForPlatform(KeywordExecutor.groovy:74)
	at com.kms.katalon.core.webui.keyword.WebUiBuiltInKeywords.verifyElementVisible(WebUiBuiltInKeywords.groovy:401)
	at com.kms.katalon.core.webui.keyword.WebUiBuiltInKeywords$verifyElementVisible$5.call(Unknown Source)
	at Reset Data Restrictions.run(Reset Data Restrictions:38)
	at com.kms.katalon.core.main.ScriptEngine.run(ScriptEngine.java:194)
	at com.kms.katalon.core.main.ScriptEngine.runScriptAsRawText(ScriptEngine.java:119)
	at com.kms.katalon.core.main.TestCaseExecutor.runScript(TestCaseExecutor.java:448)
	at com.kms.katalon.core.main.TestCaseExecutor.doExecute(TestCaseExecutor.java:439)
	at com.kms.katalon.core.main.TestCaseExecutor.processExecutionPhase(TestCaseExecutor.java:418)
	at com.kms.katalon.core.main.TestCaseExecutor.accessMainPhase(TestCaseExecutor.java:410)
	at com.kms.katalon.core.main.TestCaseExecutor.execute(TestCaseExecutor.java:285)
	at com.kms.katalon.core.common.CommonExecutor.accessTestCaseMainPhase(CommonExecutor.java:65)
	at com.kms.katalon.core.main.TestSuiteExecutor.accessTestSuiteMainPhase(TestSuiteExecutor.java:150)
	at com.kms.katalon.core.main.TestSuiteExecutor.execute(TestSuiteExecutor.java:106)
	at com.kms.katalon.core.main.TestCaseMain.startTestSuite(TestCaseMain.java:180)
	at com.kms.katalon.core.main.TestCaseMain$startTestSuite$0.call(Unknown Source)
	at TempTestSuite1761139070913.run(TempTestSuite1761139070913.groovy:35)
	at java.base/jdk.internal.reflect.NativeMethodAccessorImpl.invoke0(Native Method)
	at java.base/jdk.internal.reflect.NativeMethodAccessorImpl.invoke(NativeMethodAccessorImpl.java:77)
	at java.base/jdk.internal.reflect.DelegatingMethodAccessorImpl.invoke(DelegatingMethodAccessorImpl.java:43)
)

22-10-2025T10:27:16 - [MESSAGE][INFO] - Unable to find the element located by 'By.xpath: //*[@id="__BVID__10___BV_modal_footer_"]/button'. Please recheck the objects properties to make sure the desired element is located. 

22-10-2025T10:27:16 - [MESSAGE][WARNING] - [SELF-HEALING] Failed to find element with id 'Object Repository/TripFocus/Testing_Notification_btn'. Try using Self-healing.

22-10-2025T10:27:17 - [MESSAGE][INFO] - [SELF-HEALING] No working XPath is found.

22-10-2025T10:27:19 - [MESSAGE][INFO] - Unable to find the element located by 'By.xpath: '. Please recheck the objects properties to make sure the desired element is located. 

22-10-2025T10:27:19 - [MESSAGE][WARNING] - [SELF-HEALING] Cannot find elements when the selector is null

22-10-2025T10:27:19 - [MESSAGE][WARNING] - Web element with id: 'Object Repository/TripFocus/Testing_Notification_btn' located by '//*[@id="__BVID__10___BV_modal_footer_"]/button' not found (Root cause: com.kms.katalon.core.exception.StepFailedException: Web element with id: 'Object Repository/TripFocus/Testing_Notification_btn' located by '//*[@id="__BVID__10___BV_modal_footer_"]/button' not found
	at com.kms.katalon.core.webui.keyword.internal.WebUIKeywordMain.stepFailed(WebUIKeywordMain.groovy:117)
	at com.kms.katalon.core.webui.keyword.builtin.VerifyElementVisibleKeyword$_verifyElementVisible_closure1.doCall(VerifyElementVisibleKeyword.groovy:89)
	at com.kms.katalon.core.webui.keyword.builtin.VerifyElementVisibleKeyword$_verifyElementVisible_closure1.call(VerifyElementVisibleKeyword.groovy)
	at com.kms.katalon.core.webui.keyword.internal.WebUIKeywordMain.runKeyword(WebUIKeywordMain.groovy:35)
	at com.kms.katalon.core.webui.keyword.builtin.VerifyElementVisibleKeyword.verifyElementVisible(VerifyElementVisibleKeyword.groovy:97)
	at com.kms.katalon.core.webui.keyword.builtin.VerifyElementVisibleKeyword.execute(VerifyElementVisibleKeyword.groovy:67)
	at com.kms.katalon.core.keyword.internal.KeywordExecutor.executeKeywordForPlatform(KeywordExecutor.groovy:74)
	at com.kms.katalon.core.webui.keyword.WebUiBuiltInKeywords.verifyElementVisible(WebUiBuiltInKeywords.groovy:401)
	at com.kms.katalon.core.webui.keyword.WebUiBuiltInKeywords$verifyElementVisible$5.call(Unknown Source)
	at Reset Data Restrictions.run(Reset Data Restrictions:38)
	at com.kms.katalon.core.main.ScriptEngine.run(ScriptEngine.java:194)
	at com.kms.katalon.core.main.ScriptEngine.runScriptAsRawText(ScriptEngine.java:119)
	at com.kms.katalon.core.main.TestCaseExecutor.runScript(TestCaseExecutor.java:448)
	at com.kms.katalon.core.main.TestCaseExecutor.doExecute(TestCaseExecutor.java:439)
	at com.kms.katalon.core.main.TestCaseExecutor.processExecutionPhase(TestCaseExecutor.java:418)
	at com.kms.katalon.core.main.TestCaseExecutor.accessMainPhase(TestCaseExecutor.java:410)
	at com.kms.katalon.core.main.TestCaseExecutor.execute(TestCaseExecutor.java:285)
	at com.kms.katalon.core.common.CommonExecutor.accessTestCaseMainPhase(CommonExecutor.java:65)
	at com.kms.katalon.core.main.TestSuiteExecutor.accessTestSuiteMainPhase(TestSuiteExecutor.java:150)
	at com.kms.katalon.core.main.TestSuiteExecutor.execute(TestSuiteExecutor.java:106)
	at com.kms.katalon.core.main.TestCaseMain.startTestSuite(TestCaseMain.java:180)
	at com.kms.katalon.core.main.TestCaseMain$startTestSuite$0.call(Unknown Source)
	at TempTestSuite1761139070913.run(TempTestSuite1761139070913.groovy:35)
	at java.base/jdk.internal.reflect.NativeMethodAccessorImpl.invoke0(Native Method)
	at java.base/jdk.internal.reflect.NativeMethodAccessorImpl.invoke(NativeMethodAccessorImpl.java:77)
	at java.base/jdk.internal.reflect.DelegatingMethodAccessorImpl.invoke(DelegatingMethodAccessorImpl.java:43)
)

22-10-2025T10:27:19 - [TEST_STEP][PASSED] - click(findTestObject("Object Repository/TripFocus/Page_TripFocus/a_Users")): Object: 'Object Repository/TripFocus/Page_TripFocus/a_Users' is clicked on

22-10-2025T10:27:19 - [MESSAGE][PASSED] - Object: 'Object Repository/TripFocus/Page_TripFocus/a_Users' is clicked on

22-10-2025T10:27:19 - [TEST_STEP][PASSED] - delay(5): Delayed 5 second(s)

22-10-2025T10:27:24 - [MESSAGE][PASSED] - Delayed 5 second(s)

22-10-2025T10:27:24 - [TEST_STEP][PASSED] - setText(findTestObject("TripFocus/Users/User_Search_txt"), "ashfordFDGTesting"): Text 'ashfordFDGTesting' is set on object 'Object Repository/TripFocus/Users/User_Search_txt'

22-10-2025T10:27:24 - [MESSAGE][PASSED] - Text 'ashfordFDGTesting' is set on object 'Object Repository/TripFocus/Users/User_Search_txt'

22-10-2025T10:27:24 - [TEST_STEP][PASSED] - delay(2): Delayed 2 second(s)

22-10-2025T10:27:26 - [MESSAGE][PASSED] - Delayed 2 second(s)

22-10-2025T10:27:26 - [TEST_STEP][PASSED] - click(findTestObject("Object Repository/TripFocus/Page_TripFocus/button_Edit")): Object: 'Object Repository/TripFocus/Page_TripFocus/button_Edit' is clicked on

22-10-2025T10:27:26 - [MESSAGE][PASSED] - Object: 'Object Repository/TripFocus/Page_TripFocus/button_Edit' is clicked on

22-10-2025T10:27:26 - [TEST_STEP][PASSED] - delay(15): Delayed 15 second(s)

22-10-2025T10:27:41 - [MESSAGE][PASSED] - Delayed 15 second(s)

22-10-2025T10:27:41 - [TEST_STEP][PASSED] - click(findTestObject("TripFocus/Users/Data Restrictions/Data_Restrictions_tab")): Object: 'Object Repository/TripFocus/Users/Data Restrictions/Data_Restrictions_tab' is clicked on

22-10-2025T10:27:42 - [MESSAGE][PASSED] - Object: 'Object Repository/TripFocus/Users/Data Restrictions/Data_Restrictions_tab' is clicked on

22-10-2025T10:27:42 - [TEST_STEP][PASSED] - delay(2): Delayed 2 second(s)

22-10-2025T10:27:44 - [MESSAGE][PASSED] - Delayed 2 second(s)

22-10-2025T10:27:44 - [TEST_STEP][PASSED] - click(findTestObject("TripFocus/Users/Data Restrictions/Divisions_dropdown"), STOP_ON_FAILURE): Object: 'Object Repository/TripFocus/Users/Data Restrictions/Divisions_dropdown' is clicked on

22-10-2025T10:27:44 - [MESSAGE][PASSED] - Object: 'Object Repository/TripFocus/Users/Data Restrictions/Divisions_dropdown' is clicked on

22-10-2025T10:27:44 - [TEST_STEP][PASSED] - delay(1): Delayed 1 second(s)

22-10-2025T10:27:45 - [MESSAGE][PASSED] - Delayed 1 second(s)

22-10-2025T10:27:45 - [TEST_STEP][PASSED] - sendKeys(findTestObject("TripFocus/Users/Data Restrictions/Divisions_txt"), "FDG"): Keys 'FDG' sent to object: 'Object Repository/TripFocus/Users/Data Restrictions/Divisions_txt'

22-10-2025T10:27:45 - [MESSAGE][PASSED] - Keys 'FDG' sent to object: 'Object Repository/TripFocus/Users/Data Restrictions/Divisions_txt'

22-10-2025T10:27:45 - [TEST_STEP][PASSED] - delay(1): Delayed 1 second(s)

22-10-2025T10:27:46 - [MESSAGE][PASSED] - Delayed 1 second(s)

22-10-2025T10:27:46 - [TEST_STEP][PASSED] - sendKeys(findTestObject("TripFocus/Users/Data Restrictions/Divisions_txt"), Keys.chord(ENTER)): Keys 'ENTER + ' sent to object: 'Object Repository/TripFocus/Users/Data Restrictions/Divisions_txt'

22-10-2025T10:27:46 - [MESSAGE][PASSED] - Keys 'ENTER + ' sent to object: 'Object Repository/TripFocus/Users/Data Restrictions/Divisions_txt'

22-10-2025T10:27:46 - [TEST_STEP][PASSED] - delay(2): Delayed 2 second(s)

22-10-2025T10:27:48 - [MESSAGE][PASSED] - Delayed 2 second(s)

22-10-2025T10:27:48 - [TEST_STEP][PASSED] - click(findTestObject("TripFocus/Users/Data Restrictions/Commodities_dropdown"), STOP_ON_FAILURE): Object: 'Object Repository/TripFocus/Users/Data Restrictions/Commodities_dropdown' is clicked on

22-10-2025T10:27:48 - [MESSAGE][PASSED] - Object: 'Object Repository/TripFocus/Users/Data Restrictions/Commodities_dropdown' is clicked on

22-10-2025T10:27:48 - [TEST_STEP][PASSED] - delay(1): Delayed 1 second(s)

22-10-2025T10:27:49 - [MESSAGE][PASSED] - Delayed 1 second(s)

22-10-2025T10:27:49 - [TEST_STEP][PASSED] - sendKeys(findTestObject("TripFocus/Users/Data Restrictions/Commodoties_txt"), "Winterized B11"): Keys 'Winterized B11' sent to object: 'Object Repository/TripFocus/Users/Data Restrictions/Commodoties_txt'

22-10-2025T10:27:49 - [MESSAGE][PASSED] - Keys 'Winterized B11' sent to object: 'Object Repository/TripFocus/Users/Data Restrictions/Commodoties_txt'

22-10-2025T10:27:49 - [TEST_STEP][PASSED] - delay(15): Delayed 15 second(s)

22-10-2025T10:28:04 - [MESSAGE][PASSED] - Delayed 15 second(s)

22-10-2025T10:28:04 - [TEST_STEP][PASSED] - sendKeys(findTestObject("TripFocus/Users/Data Restrictions/Commodoties_txt"), Keys.chord(ENTER)): Keys 'ENTER + ' sent to object: 'Object Repository/TripFocus/Users/Data Restrictions/Commodoties_txt'

22-10-2025T10:28:04 - [MESSAGE][PASSED] - Keys 'ENTER + ' sent to object: 'Object Repository/TripFocus/Users/Data Restrictions/Commodoties_txt'

22-10-2025T10:28:04 - [TEST_STEP][PASSED] - delay(1): Delayed 1 second(s)

22-10-2025T10:28:05 - [MESSAGE][PASSED] - Delayed 1 second(s)

22-10-2025T10:28:05 - [TEST_STEP][PASSED] - waitForElementVisible(findTestObject("TripFocus/Users/Data Restrictions/Preview_Data_Restrictions_btn"), 10): Object 'Object Repository/TripFocus/Users/Data Restrictions/Preview_Data_Restrictions_btn' is visible

22-10-2025T10:28:05 - [MESSAGE][PASSED] - Object 'Object Repository/TripFocus/Users/Data Restrictions/Preview_Data_Restrictions_btn' is visible

22-10-2025T10:28:05 - [TEST_STEP][PASSED] - click(findTestObject("TripFocus/Users/Data Restrictions/Preview_Data_Restrictions_btn"), STOP_ON_FAILURE): Object: 'Object Repository/TripFocus/Users/Data Restrictions/Preview_Data_Restrictions_btn' is clicked on

22-10-2025T10:28:05 - [MESSAGE][PASSED] - Object: 'Object Repository/TripFocus/Users/Data Restrictions/Preview_Data_Restrictions_btn' is clicked on

22-10-2025T10:28:05 - [TEST_STEP][PASSED] - waitForElementVisible(findTestObject("TripFocus/Users/Data Restrictions/Reset_Data_Restrictions_btn"), 10): Object 'Object Repository/TripFocus/Users/Data Restrictions/Reset_Data_Restrictions_btn' is visible

22-10-2025T10:28:05 - [MESSAGE][PASSED] - Object 'Object Repository/TripFocus/Users/Data Restrictions/Reset_Data_Restrictions_btn' is visible

22-10-2025T10:28:05 - [TEST_STEP][PASSED] - click(findTestObject("TripFocus/Users/Data Restrictions/Reset_Data_Restrictions_btn"), STOP_ON_FAILURE): Object: 'Object Repository/TripFocus/Users/Data Restrictions/Reset_Data_Restrictions_btn' is clicked on

22-10-2025T10:28:05 - [MESSAGE][PASSED] - Object: 'Object Repository/TripFocus/Users/Data Restrictions/Reset_Data_Restrictions_btn' is clicked on

22-10-2025T10:28:05 - [TEST_STEP][PASSED] - Start listener action : retryOnDisconnect: null

22-10-2025T10:28:05 - [TEST_STEP][PASSED] - tcId = testCaseContext.getTestCaseId(): null

22-10-2025T10:28:05 - [TEST_STEP][PASSED] - currentRetry = retryCounts.getOrDefault(tcId, 0): null

22-10-2025T10:28:05 - [TEST_STEP][PASSED] - if (testCaseContext.getTestCaseStatus() == "FAILED" && currentRetry < MAX_RETRIES): null]]></system-out>
         <system-err><![CDATA[]]></system-err>
      </testcase>
      <testcase name="Test Cases/TripFocus/FDG/FDG - UserPage/Edit/User Info/Reset User Info" time="59.193" classname="Test Cases/TripFocus/FDG/FDG - UserPage/Edit/User Info/Reset User Info" status="PASSED">
         <system-out><![CDATA[22-10-2025T10:28:05 - [TEST_CASE][PASSED] - Test Cases/TripFocus/FDG/FDG - UserPage/Edit/User Info/Reset User Info: Test Cases/TripFocus/FDG/FDG - UserPage/Edit/User Info/Reset User Info

22-10-2025T10:28:05 - [TEST_STEP][PASSED] - Start listener action : beforeTestCase: null

22-10-2025T10:28:05 - [TEST_STEP][PASSED] - addDefaultPackages(): null

22-10-2025T10:28:05 - [TEST_STEP][PASSED] - openBrowser(""): Browser is opened with url: ''

22-10-2025T10:28:05 - [MESSAGE][WARNING] - A browser is already opened. Closing browser and opening a new one

22-10-2025T10:28:06 - [MESSAGE][INFO] - Starting 'Chrome' driver

22-10-2025T10:28:06 - [MESSAGE][INFO] - User set preference: ['args', '[--no-sandbox, --disable-gpu, --disable-dev-shm-usage]']

22-10-2025T10:28:06 - [MESSAGE][INFO] - Action delay is set to 0 milliseconds

22-10-2025T10:28:06 - [MESSAGE][PASSED] - Browser is opened with url: ''

22-10-2025T10:28:06 - [TEST_STEP][PASSED] - navigateToUrl(TFBaseURL): Navigate to 'https://www.qa.tripfocus.com' successfully

22-10-2025T10:28:07 - [MESSAGE][PASSED] - Navigate to 'https://www.qa.tripfocus.com' successfully

22-10-2025T10:28:07 - [TEST_STEP][PASSED] - click(findTestObject("Object Repository/TripFocus/Page_TripFocus/button_Sign in")): Object: 'Object Repository/TripFocus/Page_TripFocus/button_Sign in' is clicked on

22-10-2025T10:28:07 - [MESSAGE][PASSED] - Object: 'Object Repository/TripFocus/Page_TripFocus/button_Sign in' is clicked on

22-10-2025T10:28:07 - [TEST_STEP][PASSED] - setText(findTestObject("Object Repository/TripFocus/Page_TripFocus/input_Username (e.g. email address)_Username"), TripFocusFDGUsername): Text 'Ashford.Chenault+QACustomerFDGONLY@thekag.com' is set on object 'Object Repository/TripFocus/Page_TripFocus/input_Username (e.g. email address)_Username'

22-10-2025T10:28:08 - [MESSAGE][PASSED] - Text 'Ashford.Chenault+QACustomerFDGONLY@thekag.com' is set on object 'Object Repository/TripFocus/Page_TripFocus/input_Username (e.g. email address)_Username'

22-10-2025T10:28:08 - [TEST_STEP][PASSED] - setText(findTestObject("Object Repository/TripFocus/Page_TripFocus/input_Password_Password"), TripFocusFDGSPGPassword): Text 'CrashBan911!!' is set on object 'Object Repository/TripFocus/Page_TripFocus/input_Password_Password'

22-10-2025T10:28:08 - [MESSAGE][PASSED] - Text 'CrashBan911!!' is set on object 'Object Repository/TripFocus/Page_TripFocus/input_Password_Password'

22-10-2025T10:28:08 - [TEST_STEP][PASSED] - click(findTestObject("Object Repository/TripFocus/Page_TripFocus/button_Login")): Object: 'Object Repository/TripFocus/Page_TripFocus/button_Login' is clicked on

22-10-2025T10:28:08 - [MESSAGE][PASSED] - Object: 'Object Repository/TripFocus/Page_TripFocus/button_Login' is clicked on

22-10-2025T10:28:08 - [TEST_STEP][PASSED] - maximizeWindow(): Current window maximized

22-10-2025T10:28:08 - [MESSAGE][PASSED] - Current window maximized

22-10-2025T10:28:08 - [TEST_STEP][PASSED] - waitForElementVisible(findTestObject("TripFocus/Testing_Notification_btn"), 15, OPTIONAL): Web element with id: 'Object Repository/TripFocus/Testing_Notification_btn' located by '//*[@id="__BVID__10___BV_modal_footer_"]/button' not found

22-10-2025T10:28:24 - [MESSAGE][INFO] - Unable to find the element located by 'By.xpath: //*[@id="__BVID__10___BV_modal_footer_"]/button'. Please recheck the objects properties to make sure the desired element is located. 

22-10-2025T10:28:24 - [MESSAGE][WARNING] - [SELF-HEALING] Failed to find element with id 'Object Repository/TripFocus/Testing_Notification_btn'. Try using Self-healing.

22-10-2025T10:28:25 - [MESSAGE][INFO] - [SELF-HEALING] No working XPath is found.

22-10-2025T10:28:27 - [MESSAGE][INFO] - Unable to find the element located by 'By.xpath: '. Please recheck the objects properties to make sure the desired element is located. 

22-10-2025T10:28:27 - [MESSAGE][WARNING] - [SELF-HEALING] Cannot find elements when the selector is null

22-10-2025T10:28:27 - [MESSAGE][WARNING] - Web element with id: 'Object Repository/TripFocus/Testing_Notification_btn' located by '//*[@id="__BVID__10___BV_modal_footer_"]/button' not found

22-10-2025T10:28:27 - [TEST_STEP][PASSED] - if (verifyElementVisible(findTestObject("TripFocus/Testing_Notification_btn"), OPTIONAL) == true): Web element with id: 'Object Repository/TripFocus/Testing_Notification_btn' located by '//*[@id="__BVID__10___BV_modal_footer_"]/button' not found (Root cause: com.kms.katalon.core.exception.StepFailedException: Web element with id: 'Object Repository/TripFocus/Testing_Notification_btn' located by '//*[@id="__BVID__10___BV_modal_footer_"]/button' not found
	at com.kms.katalon.core.webui.keyword.internal.WebUIKeywordMain.stepFailed(WebUIKeywordMain.groovy:117)
	at com.kms.katalon.core.webui.keyword.builtin.VerifyElementVisibleKeyword$_verifyElementVisible_closure1.doCall(VerifyElementVisibleKeyword.groovy:89)
	at com.kms.katalon.core.webui.keyword.builtin.VerifyElementVisibleKeyword$_verifyElementVisible_closure1.call(VerifyElementVisibleKeyword.groovy)
	at com.kms.katalon.core.webui.keyword.internal.WebUIKeywordMain.runKeyword(WebUIKeywordMain.groovy:35)
	at com.kms.katalon.core.webui.keyword.builtin.VerifyElementVisibleKeyword.verifyElementVisible(VerifyElementVisibleKeyword.groovy:97)
	at com.kms.katalon.core.webui.keyword.builtin.VerifyElementVisibleKeyword.execute(VerifyElementVisibleKeyword.groovy:67)
	at com.kms.katalon.core.keyword.internal.KeywordExecutor.executeKeywordForPlatform(KeywordExecutor.groovy:74)
	at com.kms.katalon.core.webui.keyword.WebUiBuiltInKeywords.verifyElementVisible(WebUiBuiltInKeywords.groovy:401)
	at com.kms.katalon.core.webui.keyword.WebUiBuiltInKeywords$verifyElementVisible$5.call(Unknown Source)
	at Reset User Info.run(Reset User Info:38)
	at com.kms.katalon.core.main.ScriptEngine.run(ScriptEngine.java:194)
	at com.kms.katalon.core.main.ScriptEngine.runScriptAsRawText(ScriptEngine.java:119)
	at com.kms.katalon.core.main.TestCaseExecutor.runScript(TestCaseExecutor.java:448)
	at com.kms.katalon.core.main.TestCaseExecutor.doExecute(TestCaseExecutor.java:439)
	at com.kms.katalon.core.main.TestCaseExecutor.processExecutionPhase(TestCaseExecutor.java:418)
	at com.kms.katalon.core.main.TestCaseExecutor.accessMainPhase(TestCaseExecutor.java:410)
	at com.kms.katalon.core.main.TestCaseExecutor.execute(TestCaseExecutor.java:285)
	at com.kms.katalon.core.common.CommonExecutor.accessTestCaseMainPhase(CommonExecutor.java:65)
	at com.kms.katalon.core.main.TestSuiteExecutor.accessTestSuiteMainPhase(TestSuiteExecutor.java:150)
	at com.kms.katalon.core.main.TestSuiteExecutor.execute(TestSuiteExecutor.java:106)
	at com.kms.katalon.core.main.TestCaseMain.startTestSuite(TestCaseMain.java:180)
	at com.kms.katalon.core.main.TestCaseMain$startTestSuite$0.call(Unknown Source)
	at TempTestSuite1761139070913.run(TempTestSuite1761139070913.groovy:35)
	at java.base/jdk.internal.reflect.NativeMethodAccessorImpl.invoke0(Native Method)
	at java.base/jdk.internal.reflect.NativeMethodAccessorImpl.invoke(NativeMethodAccessorImpl.java:77)
	at java.base/jdk.internal.reflect.DelegatingMethodAccessorImpl.invoke(DelegatingMethodAccessorImpl.java:43)
)

22-10-2025T10:28:43 - [MESSAGE][INFO] - Unable to find the element located by 'By.xpath: //*[@id="__BVID__10___BV_modal_footer_"]/button'. Please recheck the objects properties to make sure the desired element is located. 

22-10-2025T10:28:43 - [MESSAGE][WARNING] - [SELF-HEALING] Failed to find element with id 'Object Repository/TripFocus/Testing_Notification_btn'. Try using Self-healing.

22-10-2025T10:28:44 - [MESSAGE][INFO] - [SELF-HEALING] No working XPath is found.

22-10-2025T10:28:46 - [MESSAGE][INFO] - Unable to find the element located by 'By.xpath: '. Please recheck the objects properties to make sure the desired element is located. 

22-10-2025T10:28:46 - [MESSAGE][WARNING] - [SELF-HEALING] Cannot find elements when the selector is null

22-10-2025T10:28:46 - [MESSAGE][WARNING] - Web element with id: 'Object Repository/TripFocus/Testing_Notification_btn' located by '//*[@id="__BVID__10___BV_modal_footer_"]/button' not found (Root cause: com.kms.katalon.core.exception.StepFailedException: Web element with id: 'Object Repository/TripFocus/Testing_Notification_btn' located by '//*[@id="__BVID__10___BV_modal_footer_"]/button' not found
	at com.kms.katalon.core.webui.keyword.internal.WebUIKeywordMain.stepFailed(WebUIKeywordMain.groovy:117)
	at com.kms.katalon.core.webui.keyword.builtin.VerifyElementVisibleKeyword$_verifyElementVisible_closure1.doCall(VerifyElementVisibleKeyword.groovy:89)
	at com.kms.katalon.core.webui.keyword.builtin.VerifyElementVisibleKeyword$_verifyElementVisible_closure1.call(VerifyElementVisibleKeyword.groovy)
	at com.kms.katalon.core.webui.keyword.internal.WebUIKeywordMain.runKeyword(WebUIKeywordMain.groovy:35)
	at com.kms.katalon.core.webui.keyword.builtin.VerifyElementVisibleKeyword.verifyElementVisible(VerifyElementVisibleKeyword.groovy:97)
	at com.kms.katalon.core.webui.keyword.builtin.VerifyElementVisibleKeyword.execute(VerifyElementVisibleKeyword.groovy:67)
	at com.kms.katalon.core.keyword.internal.KeywordExecutor.executeKeywordForPlatform(KeywordExecutor.groovy:74)
	at com.kms.katalon.core.webui.keyword.WebUiBuiltInKeywords.verifyElementVisible(WebUiBuiltInKeywords.groovy:401)
	at com.kms.katalon.core.webui.keyword.WebUiBuiltInKeywords$verifyElementVisible$5.call(Unknown Source)
	at Reset User Info.run(Reset User Info:38)
	at com.kms.katalon.core.main.ScriptEngine.run(ScriptEngine.java:194)
	at com.kms.katalon.core.main.ScriptEngine.runScriptAsRawText(ScriptEngine.java:119)
	at com.kms.katalon.core.main.TestCaseExecutor.runScript(TestCaseExecutor.java:448)
	at com.kms.katalon.core.main.TestCaseExecutor.doExecute(TestCaseExecutor.java:439)
	at com.kms.katalon.core.main.TestCaseExecutor.processExecutionPhase(TestCaseExecutor.java:418)
	at com.kms.katalon.core.main.TestCaseExecutor.accessMainPhase(TestCaseExecutor.java:410)
	at com.kms.katalon.core.main.TestCaseExecutor.execute(TestCaseExecutor.java:285)
	at com.kms.katalon.core.common.CommonExecutor.accessTestCaseMainPhase(CommonExecutor.java:65)
	at com.kms.katalon.core.main.TestSuiteExecutor.accessTestSuiteMainPhase(TestSuiteExecutor.java:150)
	at com.kms.katalon.core.main.TestSuiteExecutor.execute(TestSuiteExecutor.java:106)
	at com.kms.katalon.core.main.TestCaseMain.startTestSuite(TestCaseMain.java:180)
	at com.kms.katalon.core.main.TestCaseMain$startTestSuite$0.call(Unknown Source)
	at TempTestSuite1761139070913.run(TempTestSuite1761139070913.groovy:35)
	at java.base/jdk.internal.reflect.NativeMethodAccessorImpl.invoke0(Native Method)
	at java.base/jdk.internal.reflect.NativeMethodAccessorImpl.invoke(NativeMethodAccessorImpl.java:77)
	at java.base/jdk.internal.reflect.DelegatingMethodAccessorImpl.invoke(DelegatingMethodAccessorImpl.java:43)
)

22-10-2025T10:28:46 - [TEST_STEP][PASSED] - click(findTestObject("Object Repository/TripFocus/Page_TripFocus/a_Users")): Object: 'Object Repository/TripFocus/Page_TripFocus/a_Users' is clicked on

22-10-2025T10:28:46 - [MESSAGE][PASSED] - Object: 'Object Repository/TripFocus/Page_TripFocus/a_Users' is clicked on

22-10-2025T10:28:46 - [TEST_STEP][PASSED] - delay(5): Delayed 5 second(s)

22-10-2025T10:28:51 - [MESSAGE][PASSED] - Delayed 5 second(s)

22-10-2025T10:28:51 - [TEST_STEP][PASSED] - setText(findTestObject("TripFocus/Users/User_Search_txt"), "ashfordFDGTesting"): Text 'ashfordFDGTesting' is set on object 'Object Repository/TripFocus/Users/User_Search_txt'

22-10-2025T10:28:52 - [MESSAGE][PASSED] - Text 'ashfordFDGTesting' is set on object 'Object Repository/TripFocus/Users/User_Search_txt'

22-10-2025T10:28:52 - [TEST_STEP][PASSED] - delay(2): Delayed 2 second(s)

22-10-2025T10:28:54 - [MESSAGE][PASSED] - Delayed 2 second(s)

22-10-2025T10:28:54 - [TEST_STEP][PASSED] - click(findTestObject("Object Repository/TripFocus/Page_TripFocus/button_Edit")): Object: 'Object Repository/TripFocus/Page_TripFocus/button_Edit' is clicked on

22-10-2025T10:28:54 - [MESSAGE][PASSED] - Object: 'Object Repository/TripFocus/Page_TripFocus/button_Edit' is clicked on

22-10-2025T10:28:54 - [TEST_STEP][PASSED] - delay(7): Delayed 7 second(s)

22-10-2025T10:29:01 - [MESSAGE][PASSED] - Delayed 7 second(s)

22-10-2025T10:29:01 - [TEST_STEP][PASSED] - click(findTestObject("TripFocus/Users/User Info/User_Info_tab"), STOP_ON_FAILURE): Object: 'Object Repository/TripFocus/Users/User Info/User_Info_tab' is clicked on

22-10-2025T10:29:01 - [MESSAGE][PASSED] - Object: 'Object Repository/TripFocus/Users/User Info/User_Info_tab' is clicked on

22-10-2025T10:29:01 - [TEST_STEP][PASSED] - delay(1): Delayed 1 second(s)

22-10-2025T10:29:02 - [MESSAGE][PASSED] - Delayed 1 second(s)

22-10-2025T10:29:02 - [TEST_STEP][PASSED] - clearText(findTestObject("TripFocus/Users/User Info/Phone_Number_txt"), STOP_ON_FAILURE): Text of object 'Object Repository/TripFocus/Users/User Info/Phone_Number_txt' is cleared

22-10-2025T10:29:02 - [MESSAGE][PASSED] - Text of object 'Object Repository/TripFocus/Users/User Info/Phone_Number_txt' is cleared

22-10-2025T10:29:02 - [TEST_STEP][PASSED] - sendKeys(findTestObject("TripFocus/Users/User Info/Phone_Number_txt"), "2313308004"): Keys '2313308004' sent to object: 'Object Repository/TripFocus/Users/User Info/Phone_Number_txt'

22-10-2025T10:29:02 - [MESSAGE][PASSED] - Keys '2313308004' sent to object: 'Object Repository/TripFocus/Users/User Info/Phone_Number_txt'

22-10-2025T10:29:02 - [TEST_STEP][PASSED] - delay(1): Delayed 1 second(s)

22-10-2025T10:29:03 - [MESSAGE][PASSED] - Delayed 1 second(s)

22-10-2025T10:29:03 - [TEST_STEP][PASSED] - click(findTestObject("TripFocus/Users/User Info/Reset_User_Information_btn"), STOP_ON_FAILURE): Object: 'Object Repository/TripFocus/Users/User Info/Reset_User_Information_btn' is clicked on

22-10-2025T10:29:04 - [MESSAGE][PASSED] - Object: 'Object Repository/TripFocus/Users/User Info/Reset_User_Information_btn' is clicked on

22-10-2025T10:29:04 - [TEST_STEP][PASSED] - delay(1): Delayed 1 second(s)

22-10-2025T10:29:05 - [MESSAGE][PASSED] - Delayed 1 second(s)

22-10-2025T10:29:05 - [TEST_STEP][PASSED] - Start listener action : retryOnDisconnect: null

22-10-2025T10:29:05 - [TEST_STEP][PASSED] - tcId = testCaseContext.getTestCaseId(): null

22-10-2025T10:29:05 - [TEST_STEP][PASSED] - currentRetry = retryCounts.getOrDefault(tcId, 0): null

22-10-2025T10:29:05 - [TEST_STEP][PASSED] - if (testCaseContext.getTestCaseStatus() == "FAILED" && currentRetry < MAX_RETRIES): null]]></system-out>
         <system-err><![CDATA[]]></system-err>
      </testcase>
      <testcase name="Test Cases/TripFocus/FDG/FDG - UserPage/Edit/Permissions/Reset User Permissions" time="65.149" classname="Test Cases/TripFocus/FDG/FDG - UserPage/Edit/Permissions/Reset User Permissions" status="PASSED">
         <system-out><![CDATA[22-10-2025T10:29:05 - [TEST_CASE][PASSED] - Test Cases/TripFocus/FDG/FDG - UserPage/Edit/Permissions/Reset User Permissions: Test Cases/TripFocus/FDG/FDG - UserPage/Edit/Permissions/Reset User Permissions

22-10-2025T10:29:05 - [TEST_STEP][PASSED] - Start listener action : beforeTestCase: null

22-10-2025T10:29:05 - [TEST_STEP][PASSED] - addDefaultPackages(): null

22-10-2025T10:29:05 - [TEST_STEP][PASSED] - openBrowser(""): Browser is opened with url: ''

22-10-2025T10:29:05 - [MESSAGE][WARNING] - A browser is already opened. Closing browser and opening a new one

22-10-2025T10:29:05 - [MESSAGE][INFO] - Starting 'Chrome' driver

22-10-2025T10:29:05 - [MESSAGE][INFO] - User set preference: ['args', '[--no-sandbox, --disable-gpu, --disable-dev-shm-usage]']

22-10-2025T10:29:05 - [MESSAGE][INFO] - Action delay is set to 0 milliseconds

22-10-2025T10:29:06 - [MESSAGE][PASSED] - Browser is opened with url: ''

22-10-2025T10:29:06 - [TEST_STEP][PASSED] - navigateToUrl(TFBaseURL): Navigate to 'https://www.qa.tripfocus.com' successfully

22-10-2025T10:29:06 - [MESSAGE][PASSED] - Navigate to 'https://www.qa.tripfocus.com' successfully

22-10-2025T10:29:06 - [TEST_STEP][PASSED] - click(findTestObject("Object Repository/TripFocus/Page_TripFocus/button_Sign in")): Object: 'Object Repository/TripFocus/Page_TripFocus/button_Sign in' is clicked on

22-10-2025T10:29:07 - [MESSAGE][PASSED] - Object: 'Object Repository/TripFocus/Page_TripFocus/button_Sign in' is clicked on

22-10-2025T10:29:07 - [TEST_STEP][PASSED] - setText(findTestObject("Object Repository/TripFocus/Page_TripFocus/input_Username (e.g. email address)_Username"), TripFocusFDGUsername): Text 'Ashford.Chenault+QACustomerFDGONLY@thekag.com' is set on object 'Object Repository/TripFocus/Page_TripFocus/input_Username (e.g. email address)_Username'

22-10-2025T10:29:08 - [MESSAGE][PASSED] - Text 'Ashford.Chenault+QACustomerFDGONLY@thekag.com' is set on object 'Object Repository/TripFocus/Page_TripFocus/input_Username (e.g. email address)_Username'

22-10-2025T10:29:08 - [TEST_STEP][PASSED] - setText(findTestObject("Object Repository/TripFocus/Page_TripFocus/input_Password_Password"), TripFocusFDGSPGPassword): Text 'CrashBan911!!' is set on object 'Object Repository/TripFocus/Page_TripFocus/input_Password_Password'

22-10-2025T10:29:08 - [MESSAGE][PASSED] - Text 'CrashBan911!!' is set on object 'Object Repository/TripFocus/Page_TripFocus/input_Password_Password'

22-10-2025T10:29:08 - [TEST_STEP][PASSED] - click(findTestObject("Object Repository/TripFocus/Page_TripFocus/button_Login")): Object: 'Object Repository/TripFocus/Page_TripFocus/button_Login' is clicked on

22-10-2025T10:29:08 - [MESSAGE][PASSED] - Object: 'Object Repository/TripFocus/Page_TripFocus/button_Login' is clicked on

22-10-2025T10:29:08 - [TEST_STEP][PASSED] - maximizeWindow(): Current window maximized

22-10-2025T10:29:08 - [MESSAGE][PASSED] - Current window maximized

22-10-2025T10:29:08 - [TEST_STEP][PASSED] - waitForElementVisible(findTestObject("TripFocus/Testing_Notification_btn"), 15, OPTIONAL): Web element with id: 'Object Repository/TripFocus/Testing_Notification_btn' located by '//*[@id="__BVID__10___BV_modal_footer_"]/button' not found

22-10-2025T10:29:24 - [MESSAGE][INFO] - Unable to find the element located by 'By.xpath: //*[@id="__BVID__10___BV_modal_footer_"]/button'. Please recheck the objects properties to make sure the desired element is located. 

22-10-2025T10:29:24 - [MESSAGE][WARNING] - [SELF-HEALING] Failed to find element with id 'Object Repository/TripFocus/Testing_Notification_btn'. Try using Self-healing.

22-10-2025T10:29:25 - [MESSAGE][INFO] - [SELF-HEALING] No working XPath is found.

22-10-2025T10:29:27 - [MESSAGE][INFO] - Unable to find the element located by 'By.xpath: '. Please recheck the objects properties to make sure the desired element is located. 

22-10-2025T10:29:27 - [MESSAGE][WARNING] - [SELF-HEALING] Cannot find elements when the selector is null

22-10-2025T10:29:27 - [MESSAGE][WARNING] - Web element with id: 'Object Repository/TripFocus/Testing_Notification_btn' located by '//*[@id="__BVID__10___BV_modal_footer_"]/button' not found

22-10-2025T10:29:27 - [TEST_STEP][PASSED] - if (verifyElementVisible(findTestObject("TripFocus/Testing_Notification_btn"), OPTIONAL) == true): Web element with id: 'Object Repository/TripFocus/Testing_Notification_btn' located by '//*[@id="__BVID__10___BV_modal_footer_"]/button' not found (Root cause: com.kms.katalon.core.exception.StepFailedException: Web element with id: 'Object Repository/TripFocus/Testing_Notification_btn' located by '//*[@id="__BVID__10___BV_modal_footer_"]/button' not found
	at com.kms.katalon.core.webui.keyword.internal.WebUIKeywordMain.stepFailed(WebUIKeywordMain.groovy:117)
	at com.kms.katalon.core.webui.keyword.builtin.VerifyElementVisibleKeyword$_verifyElementVisible_closure1.doCall(VerifyElementVisibleKeyword.groovy:89)
	at com.kms.katalon.core.webui.keyword.builtin.VerifyElementVisibleKeyword$_verifyElementVisible_closure1.call(VerifyElementVisibleKeyword.groovy)
	at com.kms.katalon.core.webui.keyword.internal.WebUIKeywordMain.runKeyword(WebUIKeywordMain.groovy:35)
	at com.kms.katalon.core.webui.keyword.builtin.VerifyElementVisibleKeyword.verifyElementVisible(VerifyElementVisibleKeyword.groovy:97)
	at com.kms.katalon.core.webui.keyword.builtin.VerifyElementVisibleKeyword.execute(VerifyElementVisibleKeyword.groovy:67)
	at com.kms.katalon.core.keyword.internal.KeywordExecutor.executeKeywordForPlatform(KeywordExecutor.groovy:74)
	at com.kms.katalon.core.webui.keyword.WebUiBuiltInKeywords.verifyElementVisible(WebUiBuiltInKeywords.groovy:401)
	at com.kms.katalon.core.webui.keyword.WebUiBuiltInKeywords$verifyElementVisible$5.call(Unknown Source)
	at Reset User Permissions.run(Reset User Permissions:38)
	at com.kms.katalon.core.main.ScriptEngine.run(ScriptEngine.java:194)
	at com.kms.katalon.core.main.ScriptEngine.runScriptAsRawText(ScriptEngine.java:119)
	at com.kms.katalon.core.main.TestCaseExecutor.runScript(TestCaseExecutor.java:448)
	at com.kms.katalon.core.main.TestCaseExecutor.doExecute(TestCaseExecutor.java:439)
	at com.kms.katalon.core.main.TestCaseExecutor.processExecutionPhase(TestCaseExecutor.java:418)
	at com.kms.katalon.core.main.TestCaseExecutor.accessMainPhase(TestCaseExecutor.java:410)
	at com.kms.katalon.core.main.TestCaseExecutor.execute(TestCaseExecutor.java:285)
	at com.kms.katalon.core.common.CommonExecutor.accessTestCaseMainPhase(CommonExecutor.java:65)
	at com.kms.katalon.core.main.TestSuiteExecutor.accessTestSuiteMainPhase(TestSuiteExecutor.java:150)
	at com.kms.katalon.core.main.TestSuiteExecutor.execute(TestSuiteExecutor.java:106)
	at com.kms.katalon.core.main.TestCaseMain.startTestSuite(TestCaseMain.java:180)
	at com.kms.katalon.core.main.TestCaseMain$startTestSuite$0.call(Unknown Source)
	at TempTestSuite1761139070913.run(TempTestSuite1761139070913.groovy:35)
	at java.base/jdk.internal.reflect.NativeMethodAccessorImpl.invoke0(Native Method)
	at java.base/jdk.internal.reflect.NativeMethodAccessorImpl.invoke(NativeMethodAccessorImpl.java:77)
	at java.base/jdk.internal.reflect.DelegatingMethodAccessorImpl.invoke(DelegatingMethodAccessorImpl.java:43)
)

22-10-2025T10:29:43 - [MESSAGE][INFO] - Unable to find the element located by 'By.xpath: //*[@id="__BVID__10___BV_modal_footer_"]/button'. Please recheck the objects properties to make sure the desired element is located. 

22-10-2025T10:29:43 - [MESSAGE][WARNING] - [SELF-HEALING] Failed to find element with id 'Object Repository/TripFocus/Testing_Notification_btn'. Try using Self-healing.

22-10-2025T10:29:44 - [MESSAGE][INFO] - [SELF-HEALING] No working XPath is found.

22-10-2025T10:29:46 - [MESSAGE][INFO] - Unable to find the element located by 'By.xpath: '. Please recheck the objects properties to make sure the desired element is located. 

22-10-2025T10:29:46 - [MESSAGE][WARNING] - [SELF-HEALING] Cannot find elements when the selector is null

22-10-2025T10:29:46 - [MESSAGE][WARNING] - Web element with id: 'Object Repository/TripFocus/Testing_Notification_btn' located by '//*[@id="__BVID__10___BV_modal_footer_"]/button' not found (Root cause: com.kms.katalon.core.exception.StepFailedException: Web element with id: 'Object Repository/TripFocus/Testing_Notification_btn' located by '//*[@id="__BVID__10___BV_modal_footer_"]/button' not found
	at com.kms.katalon.core.webui.keyword.internal.WebUIKeywordMain.stepFailed(WebUIKeywordMain.groovy:117)
	at com.kms.katalon.core.webui.keyword.builtin.VerifyElementVisibleKeyword$_verifyElementVisible_closure1.doCall(VerifyElementVisibleKeyword.groovy:89)
	at com.kms.katalon.core.webui.keyword.builtin.VerifyElementVisibleKeyword$_verifyElementVisible_closure1.call(VerifyElementVisibleKeyword.groovy)
	at com.kms.katalon.core.webui.keyword.internal.WebUIKeywordMain.runKeyword(WebUIKeywordMain.groovy:35)
	at com.kms.katalon.core.webui.keyword.builtin.VerifyElementVisibleKeyword.verifyElementVisible(VerifyElementVisibleKeyword.groovy:97)
	at com.kms.katalon.core.webui.keyword.builtin.VerifyElementVisibleKeyword.execute(VerifyElementVisibleKeyword.groovy:67)
	at com.kms.katalon.core.keyword.internal.KeywordExecutor.executeKeywordForPlatform(KeywordExecutor.groovy:74)
	at com.kms.katalon.core.webui.keyword.WebUiBuiltInKeywords.verifyElementVisible(WebUiBuiltInKeywords.groovy:401)
	at com.kms.katalon.core.webui.keyword.WebUiBuiltInKeywords$verifyElementVisible$5.call(Unknown Source)
	at Reset User Permissions.run(Reset User Permissions:38)
	at com.kms.katalon.core.main.ScriptEngine.run(ScriptEngine.java:194)
	at com.kms.katalon.core.main.ScriptEngine.runScriptAsRawText(ScriptEngine.java:119)
	at com.kms.katalon.core.main.TestCaseExecutor.runScript(TestCaseExecutor.java:448)
	at com.kms.katalon.core.main.TestCaseExecutor.doExecute(TestCaseExecutor.java:439)
	at com.kms.katalon.core.main.TestCaseExecutor.processExecutionPhase(TestCaseExecutor.java:418)
	at com.kms.katalon.core.main.TestCaseExecutor.accessMainPhase(TestCaseExecutor.java:410)
	at com.kms.katalon.core.main.TestCaseExecutor.execute(TestCaseExecutor.java:285)
	at com.kms.katalon.core.common.CommonExecutor.accessTestCaseMainPhase(CommonExecutor.java:65)
	at com.kms.katalon.core.main.TestSuiteExecutor.accessTestSuiteMainPhase(TestSuiteExecutor.java:150)
	at com.kms.katalon.core.main.TestSuiteExecutor.execute(TestSuiteExecutor.java:106)
	at com.kms.katalon.core.main.TestCaseMain.startTestSuite(TestCaseMain.java:180)
	at com.kms.katalon.core.main.TestCaseMain$startTestSuite$0.call(Unknown Source)
	at TempTestSuite1761139070913.run(TempTestSuite1761139070913.groovy:35)
	at java.base/jdk.internal.reflect.NativeMethodAccessorImpl.invoke0(Native Method)
	at java.base/jdk.internal.reflect.NativeMethodAccessorImpl.invoke(NativeMethodAccessorImpl.java:77)
	at java.base/jdk.internal.reflect.DelegatingMethodAccessorImpl.invoke(DelegatingMethodAccessorImpl.java:43)
)

22-10-2025T10:29:46 - [TEST_STEP][PASSED] - click(findTestObject("Object Repository/TripFocus/Page_TripFocus/a_Users")): Object: 'Object Repository/TripFocus/Page_TripFocus/a_Users' is clicked on

22-10-2025T10:29:47 - [MESSAGE][PASSED] - Object: 'Object Repository/TripFocus/Page_TripFocus/a_Users' is clicked on

22-10-2025T10:29:47 - [TEST_STEP][PASSED] - delay(5): Delayed 5 second(s)

22-10-2025T10:29:52 - [MESSAGE][PASSED] - Delayed 5 second(s)

22-10-2025T10:29:52 - [TEST_STEP][PASSED] - setText(findTestObject("TripFocus/Users/User_Search_txt"), "ashfordFDGTesting"): Text 'ashfordFDGTesting' is set on object 'Object Repository/TripFocus/Users/User_Search_txt'

22-10-2025T10:29:52 - [MESSAGE][PASSED] - Text 'ashfordFDGTesting' is set on object 'Object Repository/TripFocus/Users/User_Search_txt'

22-10-2025T10:29:52 - [TEST_STEP][PASSED] - delay(2): Delayed 2 second(s)

22-10-2025T10:29:54 - [MESSAGE][PASSED] - Delayed 2 second(s)

22-10-2025T10:29:54 - [TEST_STEP][PASSED] - click(findTestObject("Object Repository/TripFocus/Page_TripFocus/button_Edit")): Object: 'Object Repository/TripFocus/Page_TripFocus/button_Edit' is clicked on

22-10-2025T10:29:54 - [MESSAGE][PASSED] - Object: 'Object Repository/TripFocus/Page_TripFocus/button_Edit' is clicked on

22-10-2025T10:29:54 - [TEST_STEP][PASSED] - delay(7): Delayed 7 second(s)

22-10-2025T10:30:01 - [MESSAGE][PASSED] - Delayed 7 second(s)

22-10-2025T10:30:01 - [TEST_STEP][PASSED] - click(findTestObject("TripFocus/Users/Permissions/Permissions_tab")): Object: 'Object Repository/TripFocus/Users/Permissions/Permissions_tab' is clicked on

22-10-2025T10:30:01 - [MESSAGE][PASSED] - Object: 'Object Repository/TripFocus/Users/Permissions/Permissions_tab' is clicked on

22-10-2025T10:30:01 - [TEST_STEP][PASSED] - delay(2): Delayed 2 second(s)

22-10-2025T10:30:03 - [MESSAGE][PASSED] - Delayed 2 second(s)

22-10-2025T10:30:03 - [TEST_STEP][PASSED] - click(findTestObject("TripFocus/Users/Permissions/User_Permissions_dropdown"), STOP_ON_FAILURE): Object: 'Object Repository/TripFocus/Users/Permissions/User_Permissions_dropdown' is clicked on

22-10-2025T10:30:03 - [MESSAGE][PASSED] - Object: 'Object Repository/TripFocus/Users/Permissions/User_Permissions_dropdown' is clicked on

22-10-2025T10:30:03 - [TEST_STEP][PASSED] - delay(1): Delayed 1 second(s)

22-10-2025T10:30:04 - [MESSAGE][PASSED] - Delayed 1 second(s)

22-10-2025T10:30:04 - [TEST_STEP][PASSED] - sendKeys(findTestObject("TripFocus/Users/Permissions/User_Permissions_txt"), "Load"): Keys 'Load' sent to object: 'Object Repository/TripFocus/Users/Permissions/User_Permissions_txt'

22-10-2025T10:30:04 - [MESSAGE][PASSED] - Keys 'Load' sent to object: 'Object Repository/TripFocus/Users/Permissions/User_Permissions_txt'

22-10-2025T10:30:04 - [TEST_STEP][PASSED] - delay(1): Delayed 1 second(s)

22-10-2025T10:30:05 - [MESSAGE][PASSED] - Delayed 1 second(s)

22-10-2025T10:30:05 - [TEST_STEP][PASSED] - sendKeys(findTestObject("TripFocus/Users/Permissions/User_Permissions_txt"), Keys.chord(ENTER)): Keys 'ENTER + ' sent to object: 'Object Repository/TripFocus/Users/Permissions/User_Permissions_txt'

22-10-2025T10:30:05 - [MESSAGE][PASSED] - Keys 'ENTER + ' sent to object: 'Object Repository/TripFocus/Users/Permissions/User_Permissions_txt'

22-10-2025T10:30:05 - [TEST_STEP][PASSED] - delay(1): Delayed 1 second(s)

22-10-2025T10:30:06 - [MESSAGE][PASSED] - Delayed 1 second(s)

22-10-2025T10:30:06 - [TEST_STEP][PASSED] - click(findTestObject("TripFocus/Users/Edit_User_lbl"), STOP_ON_FAILURE): Object: 'Object Repository/TripFocus/Users/Edit_User_lbl' is clicked on

22-10-2025T10:30:07 - [MESSAGE][PASSED] - Object: 'Object Repository/TripFocus/Users/Edit_User_lbl' is clicked on

22-10-2025T10:30:07 - [TEST_STEP][PASSED] - delay(2): Delayed 2 second(s)

22-10-2025T10:30:09 - [MESSAGE][PASSED] - Delayed 2 second(s)

22-10-2025T10:30:09 - [TEST_STEP][PASSED] - waitForElementVisible(findTestObject("TripFocus/Users/Permissions/Reset_User_Permissions_btn"), 10): Object 'Object Repository/TripFocus/Users/Permissions/Reset_User_Permissions_btn' is visible

22-10-2025T10:30:09 - [MESSAGE][PASSED] - Object 'Object Repository/TripFocus/Users/Permissions/Reset_User_Permissions_btn' is visible

22-10-2025T10:30:09 - [TEST_STEP][PASSED] - click(findTestObject("TripFocus/Users/Permissions/Reset_User_Permissions_btn"), STOP_ON_FAILURE): Object: 'Object Repository/TripFocus/Users/Permissions/Reset_User_Permissions_btn' is clicked on

22-10-2025T10:30:09 - [MESSAGE][PASSED] - Object: 'Object Repository/TripFocus/Users/Permissions/Reset_User_Permissions_btn' is clicked on

22-10-2025T10:30:09 - [TEST_STEP][PASSED] - delay(1): Delayed 1 second(s)

22-10-2025T10:30:10 - [MESSAGE][PASSED] - Delayed 1 second(s)

22-10-2025T10:30:10 - [TEST_STEP][PASSED] - Start listener action : retryOnDisconnect: null

22-10-2025T10:30:10 - [TEST_STEP][PASSED] - tcId = testCaseContext.getTestCaseId(): null

22-10-2025T10:30:10 - [TEST_STEP][PASSED] - currentRetry = retryCounts.getOrDefault(tcId, 0): null

22-10-2025T10:30:10 - [TEST_STEP][PASSED] - if (testCaseContext.getTestCaseStatus() == "FAILED" && currentRetry < MAX_RETRIES): null]]></system-out>
         <system-err><![CDATA[]]></system-err>
      </testcase>
      <testcase name="Test Cases/TripFocus/FDG/FDG - UserPage/Edit/User Info/Updating Last Name User Info" time="61.571" classname="Test Cases/TripFocus/FDG/FDG - UserPage/Edit/User Info/Updating Last Name User Info" status="PASSED">
         <system-out><![CDATA[22-10-2025T10:30:10 - [TEST_CASE][PASSED] - Test Cases/TripFocus/FDG/FDG - UserPage/Edit/User Info/Updating Last Name User Info: Test Cases/TripFocus/FDG/FDG - UserPage/Edit/User Info/Updating Last Name User Info

22-10-2025T10:30:10 - [TEST_STEP][PASSED] - Start listener action : beforeTestCase: null

22-10-2025T10:30:10 - [TEST_STEP][PASSED] - addDefaultPackages(): null

22-10-2025T10:30:10 - [TEST_STEP][PASSED] - openBrowser(""): Browser is opened with url: ''

22-10-2025T10:30:10 - [MESSAGE][WARNING] - A browser is already opened. Closing browser and opening a new one

22-10-2025T10:30:11 - [MESSAGE][INFO] - Starting 'Chrome' driver

22-10-2025T10:30:11 - [MESSAGE][INFO] - User set preference: ['args', '[--no-sandbox, --disable-gpu, --disable-dev-shm-usage]']

22-10-2025T10:30:11 - [MESSAGE][INFO] - Action delay is set to 0 milliseconds

22-10-2025T10:30:12 - [MESSAGE][PASSED] - Browser is opened with url: ''

22-10-2025T10:30:12 - [TEST_STEP][PASSED] - navigateToUrl(TFBaseURL): Navigate to 'https://www.qa.tripfocus.com' successfully

22-10-2025T10:30:13 - [MESSAGE][PASSED] - Navigate to 'https://www.qa.tripfocus.com' successfully

22-10-2025T10:30:13 - [TEST_STEP][PASSED] - click(findTestObject("Object Repository/TripFocus/Page_TripFocus/button_Sign in")): Object: 'Object Repository/TripFocus/Page_TripFocus/button_Sign in' is clicked on

22-10-2025T10:30:13 - [MESSAGE][PASSED] - Object: 'Object Repository/TripFocus/Page_TripFocus/button_Sign in' is clicked on

22-10-2025T10:30:13 - [TEST_STEP][PASSED] - setText(findTestObject("Object Repository/TripFocus/Page_TripFocus/input_Username (e.g. email address)_Username"), TripFocusFDGUsername): Text 'Ashford.Chenault+QACustomerFDGONLY@thekag.com' is set on object 'Object Repository/TripFocus/Page_TripFocus/input_Username (e.g. email address)_Username'

22-10-2025T10:30:14 - [MESSAGE][PASSED] - Text 'Ashford.Chenault+QACustomerFDGONLY@thekag.com' is set on object 'Object Repository/TripFocus/Page_TripFocus/input_Username (e.g. email address)_Username'

22-10-2025T10:30:14 - [TEST_STEP][PASSED] - setText(findTestObject("Object Repository/TripFocus/Page_TripFocus/input_Password_Password"), TripFocusFDGSPGPassword): Text 'CrashBan911!!' is set on object 'Object Repository/TripFocus/Page_TripFocus/input_Password_Password'

22-10-2025T10:30:14 - [MESSAGE][PASSED] - Text 'CrashBan911!!' is set on object 'Object Repository/TripFocus/Page_TripFocus/input_Password_Password'

22-10-2025T10:30:14 - [TEST_STEP][PASSED] - click(findTestObject("Object Repository/TripFocus/Page_TripFocus/button_Login")): Object: 'Object Repository/TripFocus/Page_TripFocus/button_Login' is clicked on

22-10-2025T10:30:14 - [MESSAGE][PASSED] - Object: 'Object Repository/TripFocus/Page_TripFocus/button_Login' is clicked on

22-10-2025T10:30:14 - [TEST_STEP][PASSED] - maximizeWindow(): Current window maximized

22-10-2025T10:30:15 - [MESSAGE][PASSED] - Current window maximized

22-10-2025T10:30:15 - [TEST_STEP][PASSED] - waitForElementVisible(findTestObject("TripFocus/Testing_Notification_btn"), 15, OPTIONAL): Web element with id: 'Object Repository/TripFocus/Testing_Notification_btn' located by '//*[@id="__BVID__10___BV_modal_footer_"]/button' not found

22-10-2025T10:30:31 - [MESSAGE][INFO] - Unable to find the element located by 'By.xpath: //*[@id="__BVID__10___BV_modal_footer_"]/button'. Please recheck the objects properties to make sure the desired element is located. 

22-10-2025T10:30:31 - [MESSAGE][WARNING] - [SELF-HEALING] Failed to find element with id 'Object Repository/TripFocus/Testing_Notification_btn'. Try using Self-healing.

22-10-2025T10:30:32 - [MESSAGE][INFO] - [SELF-HEALING] No working XPath is found.

22-10-2025T10:30:34 - [MESSAGE][INFO] - Unable to find the element located by 'By.xpath: '. Please recheck the objects properties to make sure the desired element is located. 

22-10-2025T10:30:34 - [MESSAGE][WARNING] - [SELF-HEALING] Cannot find elements when the selector is null

22-10-2025T10:30:34 - [MESSAGE][WARNING] - Web element with id: 'Object Repository/TripFocus/Testing_Notification_btn' located by '//*[@id="__BVID__10___BV_modal_footer_"]/button' not found

22-10-2025T10:30:34 - [TEST_STEP][PASSED] - if (verifyElementVisible(findTestObject("TripFocus/Testing_Notification_btn"), OPTIONAL) == true): Web element with id: 'Object Repository/TripFocus/Testing_Notification_btn' located by '//*[@id="__BVID__10___BV_modal_footer_"]/button' not found (Root cause: com.kms.katalon.core.exception.StepFailedException: Web element with id: 'Object Repository/TripFocus/Testing_Notification_btn' located by '//*[@id="__BVID__10___BV_modal_footer_"]/button' not found
	at com.kms.katalon.core.webui.keyword.internal.WebUIKeywordMain.stepFailed(WebUIKeywordMain.groovy:117)
	at com.kms.katalon.core.webui.keyword.builtin.VerifyElementVisibleKeyword$_verifyElementVisible_closure1.doCall(VerifyElementVisibleKeyword.groovy:89)
	at com.kms.katalon.core.webui.keyword.builtin.VerifyElementVisibleKeyword$_verifyElementVisible_closure1.call(VerifyElementVisibleKeyword.groovy)
	at com.kms.katalon.core.webui.keyword.internal.WebUIKeywordMain.runKeyword(WebUIKeywordMain.groovy:35)
	at com.kms.katalon.core.webui.keyword.builtin.VerifyElementVisibleKeyword.verifyElementVisible(VerifyElementVisibleKeyword.groovy:97)
	at com.kms.katalon.core.webui.keyword.builtin.VerifyElementVisibleKeyword.execute(VerifyElementVisibleKeyword.groovy:67)
	at com.kms.katalon.core.keyword.internal.KeywordExecutor.executeKeywordForPlatform(KeywordExecutor.groovy:74)
	at com.kms.katalon.core.webui.keyword.WebUiBuiltInKeywords.verifyElementVisible(WebUiBuiltInKeywords.groovy:401)
	at com.kms.katalon.core.webui.keyword.WebUiBuiltInKeywords$verifyElementVisible$5.call(Unknown Source)
	at Updating Last Name User Info.run(Updating Last Name User Info:38)
	at com.kms.katalon.core.main.ScriptEngine.run(ScriptEngine.java:194)
	at com.kms.katalon.core.main.ScriptEngine.runScriptAsRawText(ScriptEngine.java:119)
	at com.kms.katalon.core.main.TestCaseExecutor.runScript(TestCaseExecutor.java:448)
	at com.kms.katalon.core.main.TestCaseExecutor.doExecute(TestCaseExecutor.java:439)
	at com.kms.katalon.core.main.TestCaseExecutor.processExecutionPhase(TestCaseExecutor.java:418)
	at com.kms.katalon.core.main.TestCaseExecutor.accessMainPhase(TestCaseExecutor.java:410)
	at com.kms.katalon.core.main.TestCaseExecutor.execute(TestCaseExecutor.java:285)
	at com.kms.katalon.core.common.CommonExecutor.accessTestCaseMainPhase(CommonExecutor.java:65)
	at com.kms.katalon.core.main.TestSuiteExecutor.accessTestSuiteMainPhase(TestSuiteExecutor.java:150)
	at com.kms.katalon.core.main.TestSuiteExecutor.execute(TestSuiteExecutor.java:106)
	at com.kms.katalon.core.main.TestCaseMain.startTestSuite(TestCaseMain.java:180)
	at com.kms.katalon.core.main.TestCaseMain$startTestSuite$0.call(Unknown Source)
	at TempTestSuite1761139070913.run(TempTestSuite1761139070913.groovy:35)
	at java.base/jdk.internal.reflect.NativeMethodAccessorImpl.invoke0(Native Method)
	at java.base/jdk.internal.reflect.NativeMethodAccessorImpl.invoke(NativeMethodAccessorImpl.java:77)
	at java.base/jdk.internal.reflect.DelegatingMethodAccessorImpl.invoke(DelegatingMethodAccessorImpl.java:43)
)

22-10-2025T10:30:50 - [MESSAGE][INFO] - Unable to find the element located by 'By.xpath: //*[@id="__BVID__10___BV_modal_footer_"]/button'. Please recheck the objects properties to make sure the desired element is located. 

22-10-2025T10:30:50 - [MESSAGE][WARNING] - [SELF-HEALING] Failed to find element with id 'Object Repository/TripFocus/Testing_Notification_btn'. Try using Self-healing.

22-10-2025T10:30:51 - [MESSAGE][INFO] - [SELF-HEALING] No working XPath is found.

22-10-2025T10:30:53 - [MESSAGE][INFO] - Unable to find the element located by 'By.xpath: '. Please recheck the objects properties to make sure the desired element is located. 

22-10-2025T10:30:53 - [MESSAGE][WARNING] - [SELF-HEALING] Cannot find elements when the selector is null

22-10-2025T10:30:53 - [MESSAGE][WARNING] - Web element with id: 'Object Repository/TripFocus/Testing_Notification_btn' located by '//*[@id="__BVID__10___BV_modal_footer_"]/button' not found (Root cause: com.kms.katalon.core.exception.StepFailedException: Web element with id: 'Object Repository/TripFocus/Testing_Notification_btn' located by '//*[@id="__BVID__10___BV_modal_footer_"]/button' not found
	at com.kms.katalon.core.webui.keyword.internal.WebUIKeywordMain.stepFailed(WebUIKeywordMain.groovy:117)
	at com.kms.katalon.core.webui.keyword.builtin.VerifyElementVisibleKeyword$_verifyElementVisible_closure1.doCall(VerifyElementVisibleKeyword.groovy:89)
	at com.kms.katalon.core.webui.keyword.builtin.VerifyElementVisibleKeyword$_verifyElementVisible_closure1.call(VerifyElementVisibleKeyword.groovy)
	at com.kms.katalon.core.webui.keyword.internal.WebUIKeywordMain.runKeyword(WebUIKeywordMain.groovy:35)
	at com.kms.katalon.core.webui.keyword.builtin.VerifyElementVisibleKeyword.verifyElementVisible(VerifyElementVisibleKeyword.groovy:97)
	at com.kms.katalon.core.webui.keyword.builtin.VerifyElementVisibleKeyword.execute(VerifyElementVisibleKeyword.groovy:67)
	at com.kms.katalon.core.keyword.internal.KeywordExecutor.executeKeywordForPlatform(KeywordExecutor.groovy:74)
	at com.kms.katalon.core.webui.keyword.WebUiBuiltInKeywords.verifyElementVisible(WebUiBuiltInKeywords.groovy:401)
	at com.kms.katalon.core.webui.keyword.WebUiBuiltInKeywords$verifyElementVisible$5.call(Unknown Source)
	at Updating Last Name User Info.run(Updating Last Name User Info:38)
	at com.kms.katalon.core.main.ScriptEngine.run(ScriptEngine.java:194)
	at com.kms.katalon.core.main.ScriptEngine.runScriptAsRawText(ScriptEngine.java:119)
	at com.kms.katalon.core.main.TestCaseExecutor.runScript(TestCaseExecutor.java:448)
	at com.kms.katalon.core.main.TestCaseExecutor.doExecute(TestCaseExecutor.java:439)
	at com.kms.katalon.core.main.TestCaseExecutor.processExecutionPhase(TestCaseExecutor.java:418)
	at com.kms.katalon.core.main.TestCaseExecutor.accessMainPhase(TestCaseExecutor.java:410)
	at com.kms.katalon.core.main.TestCaseExecutor.execute(TestCaseExecutor.java:285)
	at com.kms.katalon.core.common.CommonExecutor.accessTestCaseMainPhase(CommonExecutor.java:65)
	at com.kms.katalon.core.main.TestSuiteExecutor.accessTestSuiteMainPhase(TestSuiteExecutor.java:150)
	at com.kms.katalon.core.main.TestSuiteExecutor.execute(TestSuiteExecutor.java:106)
	at com.kms.katalon.core.main.TestCaseMain.startTestSuite(TestCaseMain.java:180)
	at com.kms.katalon.core.main.TestCaseMain$startTestSuite$0.call(Unknown Source)
	at TempTestSuite1761139070913.run(TempTestSuite1761139070913.groovy:35)
	at java.base/jdk.internal.reflect.NativeMethodAccessorImpl.invoke0(Native Method)
	at java.base/jdk.internal.reflect.NativeMethodAccessorImpl.invoke(NativeMethodAccessorImpl.java:77)
	at java.base/jdk.internal.reflect.DelegatingMethodAccessorImpl.invoke(DelegatingMethodAccessorImpl.java:43)
)

22-10-2025T10:30:53 - [TEST_STEP][PASSED] - click(findTestObject("Object Repository/TripFocus/Page_TripFocus/a_Users")): Object: 'Object Repository/TripFocus/Page_TripFocus/a_Users' is clicked on

22-10-2025T10:30:53 - [MESSAGE][PASSED] - Object: 'Object Repository/TripFocus/Page_TripFocus/a_Users' is clicked on

22-10-2025T10:30:53 - [TEST_STEP][PASSED] - delay(5): Delayed 5 second(s)

22-10-2025T10:30:58 - [MESSAGE][PASSED] - Delayed 5 second(s)

22-10-2025T10:30:58 - [TEST_STEP][PASSED] - setText(findTestObject("TripFocus/Users/User_Search_txt"), "ashfordFDGTesting"): Text 'ashfordFDGTesting' is set on object 'Object Repository/TripFocus/Users/User_Search_txt'

22-10-2025T10:30:59 - [MESSAGE][PASSED] - Text 'ashfordFDGTesting' is set on object 'Object Repository/TripFocus/Users/User_Search_txt'

22-10-2025T10:30:59 - [TEST_STEP][PASSED] - delay(2): Delayed 2 second(s)

22-10-2025T10:31:01 - [MESSAGE][PASSED] - Delayed 2 second(s)

22-10-2025T10:31:01 - [TEST_STEP][PASSED] - click(findTestObject("Object Repository/TripFocus/Page_TripFocus/button_Edit")): Object: 'Object Repository/TripFocus/Page_TripFocus/button_Edit' is clicked on

22-10-2025T10:31:01 - [MESSAGE][PASSED] - Object: 'Object Repository/TripFocus/Page_TripFocus/button_Edit' is clicked on

22-10-2025T10:31:01 - [TEST_STEP][PASSED] - delay(7): Delayed 7 second(s)

22-10-2025T10:31:08 - [MESSAGE][PASSED] - Delayed 7 second(s)

22-10-2025T10:31:08 - [TEST_STEP][PASSED] - click(findTestObject("TripFocus/Users/User Info/User_Info_tab"), STOP_ON_FAILURE): Object: 'Object Repository/TripFocus/Users/User Info/User_Info_tab' is clicked on

22-10-2025T10:31:08 - [MESSAGE][PASSED] - Object: 'Object Repository/TripFocus/Users/User Info/User_Info_tab' is clicked on

22-10-2025T10:31:08 - [TEST_STEP][PASSED] - delay(1): Delayed 1 second(s)

22-10-2025T10:31:09 - [MESSAGE][PASSED] - Delayed 1 second(s)

22-10-2025T10:31:09 - [TEST_STEP][PASSED] - clearText(findTestObject("TripFocus/Users/User Info/Last_Name_txt"), STOP_ON_FAILURE): Text of object 'Object Repository/TripFocus/Users/User Info/Last_Name_txt' is cleared

22-10-2025T10:31:09 - [MESSAGE][PASSED] - Text of object 'Object Repository/TripFocus/Users/User Info/Last_Name_txt' is cleared

22-10-2025T10:31:09 - [TEST_STEP][PASSED] - sendKeys(findTestObject("TripFocus/Users/User Info/Last_Name_txt"), "Testing Purposes"): Keys 'Testing Purposes' sent to object: 'Object Repository/TripFocus/Users/User Info/Last_Name_txt'

22-10-2025T10:31:09 - [MESSAGE][PASSED] - Keys 'Testing Purposes' sent to object: 'Object Repository/TripFocus/Users/User Info/Last_Name_txt'

22-10-2025T10:31:09 - [TEST_STEP][PASSED] - delay(1): Delayed 1 second(s)

22-10-2025T10:31:10 - [MESSAGE][PASSED] - Delayed 1 second(s)

22-10-2025T10:31:10 - [TEST_STEP][PASSED] - click(findTestObject("TripFocus/Users/User Info/Save_User_Information_btn"), STOP_ON_FAILURE): Object: 'Object Repository/TripFocus/Users/User Info/Save_User_Information_btn' is clicked on

22-10-2025T10:31:10 - [MESSAGE][PASSED] - Object: 'Object Repository/TripFocus/Users/User Info/Save_User_Information_btn' is clicked on

22-10-2025T10:31:10 - [TEST_STEP][PASSED] - delay(1): Delayed 1 second(s)

22-10-2025T10:31:11 - [MESSAGE][PASSED] - Delayed 1 second(s)

22-10-2025T10:31:11 - [TEST_STEP][PASSED] - verifyElementPresent(findTestObject("TripFocus/Toasty_Message"), 10): Object 'Object Repository/TripFocus/Toasty_Message' is present

22-10-2025T10:31:11 - [MESSAGE][PASSED] - Object 'Object Repository/TripFocus/Toasty_Message' is present

22-10-2025T10:31:11 - [TEST_STEP][PASSED] - verifyElementText(findTestObject("TripFocus/Toasty_Message"), "User Information updated successfully."): Actual text and expected text of test object 'Object Repository/TripFocus/Toasty_Message' are matched.

22-10-2025T10:31:11 - [MESSAGE][PASSED] - Actual text and expected text of test object 'Object Repository/TripFocus/Toasty_Message' are matched.

22-10-2025T10:31:11 - [TEST_STEP][PASSED] - Start listener action : retryOnDisconnect: null

22-10-2025T10:31:11 - [TEST_STEP][PASSED] - tcId = testCaseContext.getTestCaseId(): null

22-10-2025T10:31:11 - [TEST_STEP][PASSED] - currentRetry = retryCounts.getOrDefault(tcId, 0): null

22-10-2025T10:31:11 - [TEST_STEP][PASSED] - if (testCaseContext.getTestCaseStatus() == "FAILED" && currentRetry < MAX_RETRIES): null]]></system-out>
         <system-err><![CDATA[]]></system-err>
      </testcase>
      <testcase name="Test Cases/TripFocus/FDG/FDG - UserPage/Edit/Permissions/Verify Save User Permissions Button" time="57.854" classname="Test Cases/TripFocus/FDG/FDG - UserPage/Edit/Permissions/Verify Save User Permissions Button" status="PASSED">
         <system-out><![CDATA[22-10-2025T10:31:11 - [TEST_CASE][PASSED] - Test Cases/TripFocus/FDG/FDG - UserPage/Edit/Permissions/Verify Save User Permissions Button: Test Cases/TripFocus/FDG/FDG - UserPage/Edit/Permissions/Verify Save User Permissions Button

22-10-2025T10:31:11 - [TEST_STEP][PASSED] - Start listener action : beforeTestCase: null

22-10-2025T10:31:11 - [TEST_STEP][PASSED] - addDefaultPackages(): null

22-10-2025T10:31:11 - [TEST_STEP][PASSED] - openBrowser(""): Browser is opened with url: ''

22-10-2025T10:31:11 - [MESSAGE][WARNING] - A browser is already opened. Closing browser and opening a new one

22-10-2025T10:31:11 - [MESSAGE][INFO] - Starting 'Chrome' driver

22-10-2025T10:31:11 - [MESSAGE][INFO] - User set preference: ['args', '[--no-sandbox, --disable-gpu, --disable-dev-shm-usage]']

22-10-2025T10:31:11 - [MESSAGE][INFO] - Action delay is set to 0 milliseconds

22-10-2025T10:31:12 - [MESSAGE][PASSED] - Browser is opened with url: ''

22-10-2025T10:31:12 - [TEST_STEP][PASSED] - navigateToUrl(TFBaseURL): Navigate to 'https://www.qa.tripfocus.com' successfully

22-10-2025T10:31:13 - [MESSAGE][PASSED] - Navigate to 'https://www.qa.tripfocus.com' successfully

22-10-2025T10:31:13 - [TEST_STEP][PASSED] - click(findTestObject("Object Repository/TripFocus/Page_TripFocus/button_Sign in")): Object: 'Object Repository/TripFocus/Page_TripFocus/button_Sign in' is clicked on

22-10-2025T10:31:13 - [MESSAGE][PASSED] - Object: 'Object Repository/TripFocus/Page_TripFocus/button_Sign in' is clicked on

22-10-2025T10:31:13 - [TEST_STEP][PASSED] - setText(findTestObject("Object Repository/TripFocus/Page_TripFocus/input_Username (e.g. email address)_Username"), TripFocusFDGUsername): Text 'Ashford.Chenault+QACustomerFDGONLY@thekag.com' is set on object 'Object Repository/TripFocus/Page_TripFocus/input_Username (e.g. email address)_Username'

22-10-2025T10:31:13 - [MESSAGE][PASSED] - Text 'Ashford.Chenault+QACustomerFDGONLY@thekag.com' is set on object 'Object Repository/TripFocus/Page_TripFocus/input_Username (e.g. email address)_Username'

22-10-2025T10:31:13 - [TEST_STEP][PASSED] - setText(findTestObject("Object Repository/TripFocus/Page_TripFocus/input_Password_Password"), TripFocusFDGSPGPassword): Text 'CrashBan911!!' is set on object 'Object Repository/TripFocus/Page_TripFocus/input_Password_Password'

22-10-2025T10:31:14 - [MESSAGE][PASSED] - Text 'CrashBan911!!' is set on object 'Object Repository/TripFocus/Page_TripFocus/input_Password_Password'

22-10-2025T10:31:14 - [TEST_STEP][PASSED] - click(findTestObject("Object Repository/TripFocus/Page_TripFocus/button_Login")): Object: 'Object Repository/TripFocus/Page_TripFocus/button_Login' is clicked on

22-10-2025T10:31:14 - [MESSAGE][PASSED] - Object: 'Object Repository/TripFocus/Page_TripFocus/button_Login' is clicked on

22-10-2025T10:31:14 - [TEST_STEP][PASSED] - maximizeWindow(): Current window maximized

22-10-2025T10:31:14 - [MESSAGE][PASSED] - Current window maximized

22-10-2025T10:31:14 - [TEST_STEP][PASSED] - waitForElementVisible(findTestObject("TripFocus/Testing_Notification_btn"), 15, OPTIONAL): Web element with id: 'Object Repository/TripFocus/Testing_Notification_btn' located by '//*[@id="__BVID__10___BV_modal_footer_"]/button' not found

22-10-2025T10:31:30 - [MESSAGE][INFO] - Unable to find the element located by 'By.xpath: //*[@id="__BVID__10___BV_modal_footer_"]/button'. Please recheck the objects properties to make sure the desired element is located. 

22-10-2025T10:31:30 - [MESSAGE][WARNING] - [SELF-HEALING] Failed to find element with id 'Object Repository/TripFocus/Testing_Notification_btn'. Try using Self-healing.

22-10-2025T10:31:31 - [MESSAGE][INFO] - [SELF-HEALING] No working XPath is found.

22-10-2025T10:31:33 - [MESSAGE][INFO] - Unable to find the element located by 'By.xpath: '. Please recheck the objects properties to make sure the desired element is located. 

22-10-2025T10:31:33 - [MESSAGE][WARNING] - [SELF-HEALING] Cannot find elements when the selector is null

22-10-2025T10:31:33 - [MESSAGE][WARNING] - Web element with id: 'Object Repository/TripFocus/Testing_Notification_btn' located by '//*[@id="__BVID__10___BV_modal_footer_"]/button' not found

22-10-2025T10:31:33 - [TEST_STEP][PASSED] - if (verifyElementVisible(findTestObject("TripFocus/Testing_Notification_btn"), OPTIONAL) == true): Web element with id: 'Object Repository/TripFocus/Testing_Notification_btn' located by '//*[@id="__BVID__10___BV_modal_footer_"]/button' not found (Root cause: com.kms.katalon.core.exception.StepFailedException: Web element with id: 'Object Repository/TripFocus/Testing_Notification_btn' located by '//*[@id="__BVID__10___BV_modal_footer_"]/button' not found
	at com.kms.katalon.core.webui.keyword.internal.WebUIKeywordMain.stepFailed(WebUIKeywordMain.groovy:117)
	at com.kms.katalon.core.webui.keyword.builtin.VerifyElementVisibleKeyword$_verifyElementVisible_closure1.doCall(VerifyElementVisibleKeyword.groovy:89)
	at com.kms.katalon.core.webui.keyword.builtin.VerifyElementVisibleKeyword$_verifyElementVisible_closure1.call(VerifyElementVisibleKeyword.groovy)
	at com.kms.katalon.core.webui.keyword.internal.WebUIKeywordMain.runKeyword(WebUIKeywordMain.groovy:35)
	at com.kms.katalon.core.webui.keyword.builtin.VerifyElementVisibleKeyword.verifyElementVisible(VerifyElementVisibleKeyword.groovy:97)
	at com.kms.katalon.core.webui.keyword.builtin.VerifyElementVisibleKeyword.execute(VerifyElementVisibleKeyword.groovy:67)
	at com.kms.katalon.core.keyword.internal.KeywordExecutor.executeKeywordForPlatform(KeywordExecutor.groovy:74)
	at com.kms.katalon.core.webui.keyword.WebUiBuiltInKeywords.verifyElementVisible(WebUiBuiltInKeywords.groovy:401)
	at com.kms.katalon.core.webui.keyword.WebUiBuiltInKeywords$verifyElementVisible$5.call(Unknown Source)
	at Verify Save User Permissions Button.run(Verify Save User Permissions Button:38)
	at com.kms.katalon.core.main.ScriptEngine.run(ScriptEngine.java:194)
	at com.kms.katalon.core.main.ScriptEngine.runScriptAsRawText(ScriptEngine.java:119)
	at com.kms.katalon.core.main.TestCaseExecutor.runScript(TestCaseExecutor.java:448)
	at com.kms.katalon.core.main.TestCaseExecutor.doExecute(TestCaseExecutor.java:439)
	at com.kms.katalon.core.main.TestCaseExecutor.processExecutionPhase(TestCaseExecutor.java:418)
	at com.kms.katalon.core.main.TestCaseExecutor.accessMainPhase(TestCaseExecutor.java:410)
	at com.kms.katalon.core.main.TestCaseExecutor.execute(TestCaseExecutor.java:285)
	at com.kms.katalon.core.common.CommonExecutor.accessTestCaseMainPhase(CommonExecutor.java:65)
	at com.kms.katalon.core.main.TestSuiteExecutor.accessTestSuiteMainPhase(TestSuiteExecutor.java:150)
	at com.kms.katalon.core.main.TestSuiteExecutor.execute(TestSuiteExecutor.java:106)
	at com.kms.katalon.core.main.TestCaseMain.startTestSuite(TestCaseMain.java:180)
	at com.kms.katalon.core.main.TestCaseMain$startTestSuite$0.call(Unknown Source)
	at TempTestSuite1761139070913.run(TempTestSuite1761139070913.groovy:35)
	at java.base/jdk.internal.reflect.NativeMethodAccessorImpl.invoke0(Native Method)
	at java.base/jdk.internal.reflect.NativeMethodAccessorImpl.invoke(NativeMethodAccessorImpl.java:77)
	at java.base/jdk.internal.reflect.DelegatingMethodAccessorImpl.invoke(DelegatingMethodAccessorImpl.java:43)
)

22-10-2025T10:31:49 - [MESSAGE][INFO] - Unable to find the element located by 'By.xpath: //*[@id="__BVID__10___BV_modal_footer_"]/button'. Please recheck the objects properties to make sure the desired element is located. 

22-10-2025T10:31:49 - [MESSAGE][WARNING] - [SELF-HEALING] Failed to find element with id 'Object Repository/TripFocus/Testing_Notification_btn'. Try using Self-healing.

22-10-2025T10:31:50 - [MESSAGE][INFO] - [SELF-HEALING] No working XPath is found.

22-10-2025T10:31:52 - [MESSAGE][INFO] - Unable to find the element located by 'By.xpath: '. Please recheck the objects properties to make sure the desired element is located. 

22-10-2025T10:31:52 - [MESSAGE][WARNING] - [SELF-HEALING] Cannot find elements when the selector is null

22-10-2025T10:31:52 - [MESSAGE][WARNING] - Web element with id: 'Object Repository/TripFocus/Testing_Notification_btn' located by '//*[@id="__BVID__10___BV_modal_footer_"]/button' not found (Root cause: com.kms.katalon.core.exception.StepFailedException: Web element with id: 'Object Repository/TripFocus/Testing_Notification_btn' located by '//*[@id="__BVID__10___BV_modal_footer_"]/button' not found
	at com.kms.katalon.core.webui.keyword.internal.WebUIKeywordMain.stepFailed(WebUIKeywordMain.groovy:117)
	at com.kms.katalon.core.webui.keyword.builtin.VerifyElementVisibleKeyword$_verifyElementVisible_closure1.doCall(VerifyElementVisibleKeyword.groovy:89)
	at com.kms.katalon.core.webui.keyword.builtin.VerifyElementVisibleKeyword$_verifyElementVisible_closure1.call(VerifyElementVisibleKeyword.groovy)
	at com.kms.katalon.core.webui.keyword.internal.WebUIKeywordMain.runKeyword(WebUIKeywordMain.groovy:35)
	at com.kms.katalon.core.webui.keyword.builtin.VerifyElementVisibleKeyword.verifyElementVisible(VerifyElementVisibleKeyword.groovy:97)
	at com.kms.katalon.core.webui.keyword.builtin.VerifyElementVisibleKeyword.execute(VerifyElementVisibleKeyword.groovy:67)
	at com.kms.katalon.core.keyword.internal.KeywordExecutor.executeKeywordForPlatform(KeywordExecutor.groovy:74)
	at com.kms.katalon.core.webui.keyword.WebUiBuiltInKeywords.verifyElementVisible(WebUiBuiltInKeywords.groovy:401)
	at com.kms.katalon.core.webui.keyword.WebUiBuiltInKeywords$verifyElementVisible$5.call(Unknown Source)
	at Verify Save User Permissions Button.run(Verify Save User Permissions Button:38)
	at com.kms.katalon.core.main.ScriptEngine.run(ScriptEngine.java:194)
	at com.kms.katalon.core.main.ScriptEngine.runScriptAsRawText(ScriptEngine.java:119)
	at com.kms.katalon.core.main.TestCaseExecutor.runScript(TestCaseExecutor.java:448)
	at com.kms.katalon.core.main.TestCaseExecutor.doExecute(TestCaseExecutor.java:439)
	at com.kms.katalon.core.main.TestCaseExecutor.processExecutionPhase(TestCaseExecutor.java:418)
	at com.kms.katalon.core.main.TestCaseExecutor.accessMainPhase(TestCaseExecutor.java:410)
	at com.kms.katalon.core.main.TestCaseExecutor.execute(TestCaseExecutor.java:285)
	at com.kms.katalon.core.common.CommonExecutor.accessTestCaseMainPhase(CommonExecutor.java:65)
	at com.kms.katalon.core.main.TestSuiteExecutor.accessTestSuiteMainPhase(TestSuiteExecutor.java:150)
	at com.kms.katalon.core.main.TestSuiteExecutor.execute(TestSuiteExecutor.java:106)
	at com.kms.katalon.core.main.TestCaseMain.startTestSuite(TestCaseMain.java:180)
	at com.kms.katalon.core.main.TestCaseMain$startTestSuite$0.call(Unknown Source)
	at TempTestSuite1761139070913.run(TempTestSuite1761139070913.groovy:35)
	at java.base/jdk.internal.reflect.NativeMethodAccessorImpl.invoke0(Native Method)
	at java.base/jdk.internal.reflect.NativeMethodAccessorImpl.invoke(NativeMethodAccessorImpl.java:77)
	at java.base/jdk.internal.reflect.DelegatingMethodAccessorImpl.invoke(DelegatingMethodAccessorImpl.java:43)
)

22-10-2025T10:31:52 - [TEST_STEP][PASSED] - click(findTestObject("Object Repository/TripFocus/Page_TripFocus/a_Users")): Object: 'Object Repository/TripFocus/Page_TripFocus/a_Users' is clicked on

22-10-2025T10:31:52 - [MESSAGE][PASSED] - Object: 'Object Repository/TripFocus/Page_TripFocus/a_Users' is clicked on

22-10-2025T10:31:52 - [TEST_STEP][PASSED] - delay(5): Delayed 5 second(s)

22-10-2025T10:31:57 - [MESSAGE][PASSED] - Delayed 5 second(s)

22-10-2025T10:31:57 - [TEST_STEP][PASSED] - setText(findTestObject("TripFocus/Users/User_Search_txt"), "ashfordFDGTesting"): Text 'ashfordFDGTesting' is set on object 'Object Repository/TripFocus/Users/User_Search_txt'

22-10-2025T10:31:58 - [MESSAGE][PASSED] - Text 'ashfordFDGTesting' is set on object 'Object Repository/TripFocus/Users/User_Search_txt'

22-10-2025T10:31:58 - [TEST_STEP][PASSED] - delay(2): Delayed 2 second(s)

22-10-2025T10:32:00 - [MESSAGE][PASSED] - Delayed 2 second(s)

22-10-2025T10:32:00 - [TEST_STEP][PASSED] - click(findTestObject("Object Repository/TripFocus/Page_TripFocus/button_Edit")): Object: 'Object Repository/TripFocus/Page_TripFocus/button_Edit' is clicked on

22-10-2025T10:32:00 - [MESSAGE][PASSED] - Object: 'Object Repository/TripFocus/Page_TripFocus/button_Edit' is clicked on

22-10-2025T10:32:00 - [TEST_STEP][PASSED] - delay(7): Delayed 7 second(s)

22-10-2025T10:32:07 - [MESSAGE][PASSED] - Delayed 7 second(s)

22-10-2025T10:32:07 - [TEST_STEP][PASSED] - click(findTestObject("TripFocus/Users/Permissions/Permissions_tab")): Object: 'Object Repository/TripFocus/Users/Permissions/Permissions_tab' is clicked on

22-10-2025T10:32:07 - [MESSAGE][PASSED] - Object: 'Object Repository/TripFocus/Users/Permissions/Permissions_tab' is clicked on

22-10-2025T10:32:07 - [TEST_STEP][PASSED] - delay(2): Delayed 2 second(s)

22-10-2025T10:32:09 - [MESSAGE][PASSED] - Delayed 2 second(s)

22-10-2025T10:32:09 - [TEST_STEP][PASSED] - waitForElementVisible(findTestObject("TripFocus/Users/Permissions/Save_User_Permissions_btn_(Use for Non-image)"), 10): Object 'Object Repository/TripFocus/Users/Permissions/Save_User_Permissions_btn_(Use for Non-image)' is visible

22-10-2025T10:32:09 - [MESSAGE][PASSED] - Object 'Object Repository/TripFocus/Users/Permissions/Save_User_Permissions_btn_(Use for Non-image)' is visible

22-10-2025T10:32:09 - [TEST_STEP][PASSED] - verifyElementVisible(findTestObject("TripFocus/Users/Permissions/Save_User_Permissions_btn_(Use for Non-image)"), STOP_ON_FAILURE): Object 'Object Repository/TripFocus/Users/Permissions/Save_User_Permissions_btn_(Use for Non-image)' is visible

22-10-2025T10:32:09 - [MESSAGE][PASSED] - Object 'Object Repository/TripFocus/Users/Permissions/Save_User_Permissions_btn_(Use for Non-image)' is visible

22-10-2025T10:32:09 - [TEST_STEP][PASSED] - Start listener action : retryOnDisconnect: null

22-10-2025T10:32:09 - [TEST_STEP][PASSED] - tcId = testCaseContext.getTestCaseId(): null

22-10-2025T10:32:09 - [TEST_STEP][PASSED] - currentRetry = retryCounts.getOrDefault(tcId, 0): null

22-10-2025T10:32:09 - [TEST_STEP][PASSED] - if (testCaseContext.getTestCaseStatus() == "FAILED" && currentRetry < MAX_RETRIES): null]]></system-out>
         <system-err><![CDATA[]]></system-err>
      </testcase>
      <testcase name="Test Cases/TripFocus/FDG/FDG - UserPage/Edit/Permissions/Verify User Unable To Edit Own Permissions" time="58.255" classname="Test Cases/TripFocus/FDG/FDG - UserPage/Edit/Permissions/Verify User Unable To Edit Own Permissions" status="PASSED">
         <system-out><![CDATA[22-10-2025T10:32:09 - [TEST_CASE][PASSED] - Test Cases/TripFocus/FDG/FDG - UserPage/Edit/Permissions/Verify User Unable To Edit Own Permissions: Test Cases/TripFocus/FDG/FDG - UserPage/Edit/Permissions/Verify User Unable To Edit Own Permissions

22-10-2025T10:32:09 - [TEST_STEP][PASSED] - Start listener action : beforeTestCase: null

22-10-2025T10:32:09 - [TEST_STEP][PASSED] - addDefaultPackages(): null

22-10-2025T10:32:09 - [TEST_STEP][PASSED] - openBrowser(""): Browser is opened with url: ''

22-10-2025T10:32:09 - [MESSAGE][WARNING] - A browser is already opened. Closing browser and opening a new one

22-10-2025T10:32:09 - [MESSAGE][INFO] - Starting 'Chrome' driver

22-10-2025T10:32:09 - [MESSAGE][INFO] - User set preference: ['args', '[--no-sandbox, --disable-gpu, --disable-dev-shm-usage]']

22-10-2025T10:32:09 - [MESSAGE][INFO] - Action delay is set to 0 milliseconds

22-10-2025T10:32:10 - [MESSAGE][PASSED] - Browser is opened with url: ''

22-10-2025T10:32:10 - [TEST_STEP][PASSED] - navigateToUrl(TFBaseURL): Navigate to 'https://www.qa.tripfocus.com' successfully

22-10-2025T10:32:11 - [MESSAGE][PASSED] - Navigate to 'https://www.qa.tripfocus.com' successfully

22-10-2025T10:32:11 - [TEST_STEP][PASSED] - click(findTestObject("Object Repository/TripFocus/Page_TripFocus/button_Sign in")): Object: 'Object Repository/TripFocus/Page_TripFocus/button_Sign in' is clicked on

22-10-2025T10:32:11 - [MESSAGE][PASSED] - Object: 'Object Repository/TripFocus/Page_TripFocus/button_Sign in' is clicked on

22-10-2025T10:32:11 - [TEST_STEP][PASSED] - setText(findTestObject("Object Repository/TripFocus/Page_TripFocus/input_Username (e.g. email address)_Username"), TripFocusFDGUsername): Text 'Ashford.Chenault+QACustomerFDGONLY@thekag.com' is set on object 'Object Repository/TripFocus/Page_TripFocus/input_Username (e.g. email address)_Username'

22-10-2025T10:32:12 - [MESSAGE][PASSED] - Text 'Ashford.Chenault+QACustomerFDGONLY@thekag.com' is set on object 'Object Repository/TripFocus/Page_TripFocus/input_Username (e.g. email address)_Username'

22-10-2025T10:32:12 - [TEST_STEP][PASSED] - setText(findTestObject("Object Repository/TripFocus/Page_TripFocus/input_Password_Password"), TripFocusFDGSPGPassword): Text 'CrashBan911!!' is set on object 'Object Repository/TripFocus/Page_TripFocus/input_Password_Password'

22-10-2025T10:32:12 - [MESSAGE][PASSED] - Text 'CrashBan911!!' is set on object 'Object Repository/TripFocus/Page_TripFocus/input_Password_Password'

22-10-2025T10:32:12 - [TEST_STEP][PASSED] - click(findTestObject("Object Repository/TripFocus/Page_TripFocus/button_Login")): Object: 'Object Repository/TripFocus/Page_TripFocus/button_Login' is clicked on

22-10-2025T10:32:12 - [MESSAGE][PASSED] - Object: 'Object Repository/TripFocus/Page_TripFocus/button_Login' is clicked on

22-10-2025T10:32:12 - [TEST_STEP][PASSED] - maximizeWindow(): Current window maximized

22-10-2025T10:32:12 - [MESSAGE][PASSED] - Current window maximized

22-10-2025T10:32:12 - [TEST_STEP][PASSED] - waitForElementVisible(findTestObject("TripFocus/Testing_Notification_btn"), 15, OPTIONAL): Web element with id: 'Object Repository/TripFocus/Testing_Notification_btn' located by '//*[@id="__BVID__10___BV_modal_footer_"]/button' not found

22-10-2025T10:32:28 - [MESSAGE][INFO] - Unable to find the element located by 'By.xpath: //*[@id="__BVID__10___BV_modal_footer_"]/button'. Please recheck the objects properties to make sure the desired element is located. 

22-10-2025T10:32:28 - [MESSAGE][WARNING] - [SELF-HEALING] Failed to find element with id 'Object Repository/TripFocus/Testing_Notification_btn'. Try using Self-healing.

22-10-2025T10:32:29 - [MESSAGE][INFO] - [SELF-HEALING] No working XPath is found.

22-10-2025T10:32:31 - [MESSAGE][INFO] - Unable to find the element located by 'By.xpath: '. Please recheck the objects properties to make sure the desired element is located. 

22-10-2025T10:32:31 - [MESSAGE][WARNING] - [SELF-HEALING] Cannot find elements when the selector is null

22-10-2025T10:32:31 - [MESSAGE][WARNING] - Web element with id: 'Object Repository/TripFocus/Testing_Notification_btn' located by '//*[@id="__BVID__10___BV_modal_footer_"]/button' not found

22-10-2025T10:32:31 - [TEST_STEP][PASSED] - if (verifyElementVisible(findTestObject("TripFocus/Testing_Notification_btn"), OPTIONAL) == true): Web element with id: 'Object Repository/TripFocus/Testing_Notification_btn' located by '//*[@id="__BVID__10___BV_modal_footer_"]/button' not found (Root cause: com.kms.katalon.core.exception.StepFailedException: Web element with id: 'Object Repository/TripFocus/Testing_Notification_btn' located by '//*[@id="__BVID__10___BV_modal_footer_"]/button' not found
	at com.kms.katalon.core.webui.keyword.internal.WebUIKeywordMain.stepFailed(WebUIKeywordMain.groovy:117)
	at com.kms.katalon.core.webui.keyword.builtin.VerifyElementVisibleKeyword$_verifyElementVisible_closure1.doCall(VerifyElementVisibleKeyword.groovy:89)
	at com.kms.katalon.core.webui.keyword.builtin.VerifyElementVisibleKeyword$_verifyElementVisible_closure1.call(VerifyElementVisibleKeyword.groovy)
	at com.kms.katalon.core.webui.keyword.internal.WebUIKeywordMain.runKeyword(WebUIKeywordMain.groovy:35)
	at com.kms.katalon.core.webui.keyword.builtin.VerifyElementVisibleKeyword.verifyElementVisible(VerifyElementVisibleKeyword.groovy:97)
	at com.kms.katalon.core.webui.keyword.builtin.VerifyElementVisibleKeyword.execute(VerifyElementVisibleKeyword.groovy:67)
	at com.kms.katalon.core.keyword.internal.KeywordExecutor.executeKeywordForPlatform(KeywordExecutor.groovy:74)
	at com.kms.katalon.core.webui.keyword.WebUiBuiltInKeywords.verifyElementVisible(WebUiBuiltInKeywords.groovy:401)
	at com.kms.katalon.core.webui.keyword.WebUiBuiltInKeywords$verifyElementVisible$5.call(Unknown Source)
	at Verify User Unable To Edit Own Permissions.run(Verify User Unable To Edit Own Permissions:38)
	at com.kms.katalon.core.main.ScriptEngine.run(ScriptEngine.java:194)
	at com.kms.katalon.core.main.ScriptEngine.runScriptAsRawText(ScriptEngine.java:119)
	at com.kms.katalon.core.main.TestCaseExecutor.runScript(TestCaseExecutor.java:448)
	at com.kms.katalon.core.main.TestCaseExecutor.doExecute(TestCaseExecutor.java:439)
	at com.kms.katalon.core.main.TestCaseExecutor.processExecutionPhase(TestCaseExecutor.java:418)
	at com.kms.katalon.core.main.TestCaseExecutor.accessMainPhase(TestCaseExecutor.java:410)
	at com.kms.katalon.core.main.TestCaseExecutor.execute(TestCaseExecutor.java:285)
	at com.kms.katalon.core.common.CommonExecutor.accessTestCaseMainPhase(CommonExecutor.java:65)
	at com.kms.katalon.core.main.TestSuiteExecutor.accessTestSuiteMainPhase(TestSuiteExecutor.java:150)
	at com.kms.katalon.core.main.TestSuiteExecutor.execute(TestSuiteExecutor.java:106)
	at com.kms.katalon.core.main.TestCaseMain.startTestSuite(TestCaseMain.java:180)
	at com.kms.katalon.core.main.TestCaseMain$startTestSuite$0.call(Unknown Source)
	at TempTestSuite1761139070913.run(TempTestSuite1761139070913.groovy:35)
	at java.base/jdk.internal.reflect.NativeMethodAccessorImpl.invoke0(Native Method)
	at java.base/jdk.internal.reflect.NativeMethodAccessorImpl.invoke(NativeMethodAccessorImpl.java:77)
	at java.base/jdk.internal.reflect.DelegatingMethodAccessorImpl.invoke(DelegatingMethodAccessorImpl.java:43)
)

22-10-2025T10:32:47 - [MESSAGE][INFO] - Unable to find the element located by 'By.xpath: //*[@id="__BVID__10___BV_modal_footer_"]/button'. Please recheck the objects properties to make sure the desired element is located. 

22-10-2025T10:32:47 - [MESSAGE][WARNING] - [SELF-HEALING] Failed to find element with id 'Object Repository/TripFocus/Testing_Notification_btn'. Try using Self-healing.

22-10-2025T10:32:48 - [MESSAGE][INFO] - [SELF-HEALING] No working XPath is found.

22-10-2025T10:32:50 - [MESSAGE][INFO] - Unable to find the element located by 'By.xpath: '. Please recheck the objects properties to make sure the desired element is located. 

22-10-2025T10:32:50 - [MESSAGE][WARNING] - [SELF-HEALING] Cannot find elements when the selector is null

22-10-2025T10:32:50 - [MESSAGE][WARNING] - Web element with id: 'Object Repository/TripFocus/Testing_Notification_btn' located by '//*[@id="__BVID__10___BV_modal_footer_"]/button' not found (Root cause: com.kms.katalon.core.exception.StepFailedException: Web element with id: 'Object Repository/TripFocus/Testing_Notification_btn' located by '//*[@id="__BVID__10___BV_modal_footer_"]/button' not found
	at com.kms.katalon.core.webui.keyword.internal.WebUIKeywordMain.stepFailed(WebUIKeywordMain.groovy:117)
	at com.kms.katalon.core.webui.keyword.builtin.VerifyElementVisibleKeyword$_verifyElementVisible_closure1.doCall(VerifyElementVisibleKeyword.groovy:89)
	at com.kms.katalon.core.webui.keyword.builtin.VerifyElementVisibleKeyword$_verifyElementVisible_closure1.call(VerifyElementVisibleKeyword.groovy)
	at com.kms.katalon.core.webui.keyword.internal.WebUIKeywordMain.runKeyword(WebUIKeywordMain.groovy:35)
	at com.kms.katalon.core.webui.keyword.builtin.VerifyElementVisibleKeyword.verifyElementVisible(VerifyElementVisibleKeyword.groovy:97)
	at com.kms.katalon.core.webui.keyword.builtin.VerifyElementVisibleKeyword.execute(VerifyElementVisibleKeyword.groovy:67)
	at com.kms.katalon.core.keyword.internal.KeywordExecutor.executeKeywordForPlatform(KeywordExecutor.groovy:74)
	at com.kms.katalon.core.webui.keyword.WebUiBuiltInKeywords.verifyElementVisible(WebUiBuiltInKeywords.groovy:401)
	at com.kms.katalon.core.webui.keyword.WebUiBuiltInKeywords$verifyElementVisible$5.call(Unknown Source)
	at Verify User Unable To Edit Own Permissions.run(Verify User Unable To Edit Own Permissions:38)
	at com.kms.katalon.core.main.ScriptEngine.run(ScriptEngine.java:194)
	at com.kms.katalon.core.main.ScriptEngine.runScriptAsRawText(ScriptEngine.java:119)
	at com.kms.katalon.core.main.TestCaseExecutor.runScript(TestCaseExecutor.java:448)
	at com.kms.katalon.core.main.TestCaseExecutor.doExecute(TestCaseExecutor.java:439)
	at com.kms.katalon.core.main.TestCaseExecutor.processExecutionPhase(TestCaseExecutor.java:418)
	at com.kms.katalon.core.main.TestCaseExecutor.accessMainPhase(TestCaseExecutor.java:410)
	at com.kms.katalon.core.main.TestCaseExecutor.execute(TestCaseExecutor.java:285)
	at com.kms.katalon.core.common.CommonExecutor.accessTestCaseMainPhase(CommonExecutor.java:65)
	at com.kms.katalon.core.main.TestSuiteExecutor.accessTestSuiteMainPhase(TestSuiteExecutor.java:150)
	at com.kms.katalon.core.main.TestSuiteExecutor.execute(TestSuiteExecutor.java:106)
	at com.kms.katalon.core.main.TestCaseMain.startTestSuite(TestCaseMain.java:180)
	at com.kms.katalon.core.main.TestCaseMain$startTestSuite$0.call(Unknown Source)
	at TempTestSuite1761139070913.run(TempTestSuite1761139070913.groovy:35)
	at java.base/jdk.internal.reflect.NativeMethodAccessorImpl.invoke0(Native Method)
	at java.base/jdk.internal.reflect.NativeMethodAccessorImpl.invoke(NativeMethodAccessorImpl.java:77)
	at java.base/jdk.internal.reflect.DelegatingMethodAccessorImpl.invoke(DelegatingMethodAccessorImpl.java:43)
)

22-10-2025T10:32:50 - [TEST_STEP][PASSED] - click(findTestObject("Object Repository/TripFocus/Page_TripFocus/a_Users")): Object: 'Object Repository/TripFocus/Page_TripFocus/a_Users' is clicked on

22-10-2025T10:32:50 - [MESSAGE][PASSED] - Object: 'Object Repository/TripFocus/Page_TripFocus/a_Users' is clicked on

22-10-2025T10:32:50 - [TEST_STEP][PASSED] - delay(5): Delayed 5 second(s)

22-10-2025T10:32:55 - [MESSAGE][PASSED] - Delayed 5 second(s)

22-10-2025T10:32:55 - [TEST_STEP][PASSED] - setText(findTestObject("TripFocus/Users/User_Search_txt"), "Ashford.Chenault+QACustomerFDGONLY"): Text 'Ashford.Chenault+QACustomerFDGONLY' is set on object 'Object Repository/TripFocus/Users/User_Search_txt'

22-10-2025T10:32:56 - [MESSAGE][PASSED] - Text 'Ashford.Chenault+QACustomerFDGONLY' is set on object 'Object Repository/TripFocus/Users/User_Search_txt'

22-10-2025T10:32:56 - [TEST_STEP][PASSED] - delay(2): Delayed 2 second(s)

22-10-2025T10:32:58 - [MESSAGE][PASSED] - Delayed 2 second(s)

22-10-2025T10:32:58 - [TEST_STEP][PASSED] - click(findTestObject("Object Repository/TripFocus/Page_TripFocus/button_Edit")): Object: 'Object Repository/TripFocus/Page_TripFocus/button_Edit' is clicked on

22-10-2025T10:32:58 - [MESSAGE][PASSED] - Object: 'Object Repository/TripFocus/Page_TripFocus/button_Edit' is clicked on

22-10-2025T10:32:58 - [TEST_STEP][PASSED] - delay(7): Delayed 7 second(s)

22-10-2025T10:33:05 - [MESSAGE][PASSED] - Delayed 7 second(s)

22-10-2025T10:33:05 - [TEST_STEP][PASSED] - click(findTestObject("TripFocus/Users/Permissions/Permissions_tab")): Object: 'Object Repository/TripFocus/Users/Permissions/Permissions_tab' is clicked on

22-10-2025T10:33:05 - [MESSAGE][PASSED] - Object: 'Object Repository/TripFocus/Users/Permissions/Permissions_tab' is clicked on

22-10-2025T10:33:05 - [TEST_STEP][PASSED] - delay(2): Delayed 2 second(s)

22-10-2025T10:33:07 - [MESSAGE][PASSED] - Delayed 2 second(s)

22-10-2025T10:33:07 - [TEST_STEP][PASSED] - verifyElementNotPresent(findTestObject("TripFocus/Users/Permissions/Reset_User_Permissions_btn"), 5): Web element with id: 'Object Repository/TripFocus/Users/Permissions/Reset_User_Permissions_btn' located by 'By.xpath: /html/body/div/div[2]/div/main/div/div[2]/div/div/div/div[3]/div[2]/div[2]/div/div/div/div[3]/div/button[2]' is not present after '5' second(s)

22-10-2025T10:33:07 - [MESSAGE][PASSED] - Web element with id: 'Object Repository/TripFocus/Users/Permissions/Reset_User_Permissions_btn' located by 'By.xpath: /html/body/div/div[2]/div/main/div/div[2]/div/div/div/div[3]/div[2]/div[2]/div/div/div/div[3]/div/button[2]' is not present after '5' second(s)

22-10-2025T10:33:07 - [TEST_STEP][PASSED] - verifyElementNotPresent(findTestObject("TripFocus/Users/Permissions/Save_User_Permissions_btn"), 5): Web element with id: 'Object Repository/TripFocus/Users/Permissions/Save_User_Permissions_btn' located by 'By.xpath: /html/body/div/div[2]/div/main/div/div[2]/div/div/div/div[3]/div[2]/div[2]/div/div/div/div[4]/div/button[1]    ' is not present after '5' second(s)

22-10-2025T10:33:07 - [MESSAGE][PASSED] - Web element with id: 'Object Repository/TripFocus/Users/Permissions/Save_User_Permissions_btn' located by 'By.xpath: /html/body/div/div[2]/div/main/div/div[2]/div/div/div/div[3]/div[2]/div[2]/div/div/div/div[4]/div/button[1]    ' is not present after '5' second(s)

22-10-2025T10:33:07 - [TEST_STEP][PASSED] - verifyTextPresent("You are unable to edit your own Permissions, if you feel this information is incorrect, please contact your company administrator.", false): Text 'You are unable to edit your own Permissions, if you feel this information is incorrect, please contact your company administrator.' is present on page 

22-10-2025T10:33:07 - [MESSAGE][PASSED] - Text 'You are unable to edit your own Permissions, if you feel this information is incorrect, please contact your company administrator.' is present on page 

22-10-2025T10:33:07 - [TEST_STEP][PASSED] - Start listener action : retryOnDisconnect: null

22-10-2025T10:33:07 - [TEST_STEP][PASSED] - tcId = testCaseContext.getTestCaseId(): null

22-10-2025T10:33:07 - [TEST_STEP][PASSED] - currentRetry = retryCounts.getOrDefault(tcId, 0): null

22-10-2025T10:33:07 - [TEST_STEP][PASSED] - if (testCaseContext.getTestCaseStatus() == "FAILED" && currentRetry < MAX_RETRIES): null]]></system-out>
         <system-err><![CDATA[]]></system-err>
      </testcase>
      <testcase name="Test Cases/TripFocus/FDG/FDG - UserPage/Edit/User Info/Verify Customer Admin Checkbox" time="58.105" classname="Test Cases/TripFocus/FDG/FDG - UserPage/Edit/User Info/Verify Customer Admin Checkbox" status="PASSED">
         <system-out><![CDATA[22-10-2025T10:33:07 - [TEST_CASE][PASSED] - Test Cases/TripFocus/FDG/FDG - UserPage/Edit/User Info/Verify Customer Admin Checkbox: Test Cases/TripFocus/FDG/FDG - UserPage/Edit/User Info/Verify Customer Admin Checkbox

22-10-2025T10:33:07 - [TEST_STEP][PASSED] - Start listener action : beforeTestCase: null

22-10-2025T10:33:07 - [TEST_STEP][PASSED] - addDefaultPackages(): null

22-10-2025T10:33:07 - [TEST_STEP][PASSED] - openBrowser(""): Browser is opened with url: ''

22-10-2025T10:33:07 - [MESSAGE][WARNING] - A browser is already opened. Closing browser and opening a new one

22-10-2025T10:33:08 - [MESSAGE][INFO] - Starting 'Chrome' driver

22-10-2025T10:33:08 - [MESSAGE][INFO] - User set preference: ['args', '[--no-sandbox, --disable-gpu, --disable-dev-shm-usage]']

22-10-2025T10:33:08 - [MESSAGE][INFO] - Action delay is set to 0 milliseconds

22-10-2025T10:33:08 - [MESSAGE][PASSED] - Browser is opened with url: ''

22-10-2025T10:33:08 - [TEST_STEP][PASSED] - navigateToUrl(TFBaseURL): Navigate to 'https://www.qa.tripfocus.com' successfully

22-10-2025T10:33:09 - [MESSAGE][PASSED] - Navigate to 'https://www.qa.tripfocus.com' successfully

22-10-2025T10:33:09 - [TEST_STEP][PASSED] - click(findTestObject("Object Repository/TripFocus/Page_TripFocus/button_Sign in")): Object: 'Object Repository/TripFocus/Page_TripFocus/button_Sign in' is clicked on

22-10-2025T10:33:09 - [MESSAGE][PASSED] - Object: 'Object Repository/TripFocus/Page_TripFocus/button_Sign in' is clicked on

22-10-2025T10:33:09 - [TEST_STEP][PASSED] - setText(findTestObject("Object Repository/TripFocus/Page_TripFocus/input_Username (e.g. email address)_Username"), TripFocusFDGUsername): Text 'Ashford.Chenault+QACustomerFDGONLY@thekag.com' is set on object 'Object Repository/TripFocus/Page_TripFocus/input_Username (e.g. email address)_Username'

22-10-2025T10:33:10 - [MESSAGE][PASSED] - Text 'Ashford.Chenault+QACustomerFDGONLY@thekag.com' is set on object 'Object Repository/TripFocus/Page_TripFocus/input_Username (e.g. email address)_Username'

22-10-2025T10:33:10 - [TEST_STEP][PASSED] - setText(findTestObject("Object Repository/TripFocus/Page_TripFocus/input_Password_Password"), TripFocusFDGSPGPassword): Text 'CrashBan911!!' is set on object 'Object Repository/TripFocus/Page_TripFocus/input_Password_Password'

22-10-2025T10:33:10 - [MESSAGE][PASSED] - Text 'CrashBan911!!' is set on object 'Object Repository/TripFocus/Page_TripFocus/input_Password_Password'

22-10-2025T10:33:10 - [TEST_STEP][PASSED] - click(findTestObject("Object Repository/TripFocus/Page_TripFocus/button_Login")): Object: 'Object Repository/TripFocus/Page_TripFocus/button_Login' is clicked on

22-10-2025T10:33:10 - [MESSAGE][PASSED] - Object: 'Object Repository/TripFocus/Page_TripFocus/button_Login' is clicked on

22-10-2025T10:33:10 - [TEST_STEP][PASSED] - maximizeWindow(): Current window maximized

22-10-2025T10:33:11 - [MESSAGE][PASSED] - Current window maximized

22-10-2025T10:33:11 - [TEST_STEP][PASSED] - waitForElementVisible(findTestObject("TripFocus/Testing_Notification_btn"), 15, OPTIONAL): Web element with id: 'Object Repository/TripFocus/Testing_Notification_btn' located by '//*[@id="__BVID__10___BV_modal_footer_"]/button' not found

22-10-2025T10:33:27 - [MESSAGE][INFO] - Unable to find the element located by 'By.xpath: //*[@id="__BVID__10___BV_modal_footer_"]/button'. Please recheck the objects properties to make sure the desired element is located. 

22-10-2025T10:33:27 - [MESSAGE][WARNING] - [SELF-HEALING] Failed to find element with id 'Object Repository/TripFocus/Testing_Notification_btn'. Try using Self-healing.

22-10-2025T10:33:28 - [MESSAGE][INFO] - [SELF-HEALING] No working XPath is found.

22-10-2025T10:33:30 - [MESSAGE][INFO] - Unable to find the element located by 'By.xpath: '. Please recheck the objects properties to make sure the desired element is located. 

22-10-2025T10:33:30 - [MESSAGE][WARNING] - [SELF-HEALING] Cannot find elements when the selector is null

22-10-2025T10:33:30 - [MESSAGE][WARNING] - Web element with id: 'Object Repository/TripFocus/Testing_Notification_btn' located by '//*[@id="__BVID__10___BV_modal_footer_"]/button' not found

22-10-2025T10:33:30 - [TEST_STEP][PASSED] - if (verifyElementVisible(findTestObject("TripFocus/Testing_Notification_btn"), OPTIONAL) == true): Web element with id: 'Object Repository/TripFocus/Testing_Notification_btn' located by '//*[@id="__BVID__10___BV_modal_footer_"]/button' not found (Root cause: com.kms.katalon.core.exception.StepFailedException: Web element with id: 'Object Repository/TripFocus/Testing_Notification_btn' located by '//*[@id="__BVID__10___BV_modal_footer_"]/button' not found
	at com.kms.katalon.core.webui.keyword.internal.WebUIKeywordMain.stepFailed(WebUIKeywordMain.groovy:117)
	at com.kms.katalon.core.webui.keyword.builtin.VerifyElementVisibleKeyword$_verifyElementVisible_closure1.doCall(VerifyElementVisibleKeyword.groovy:89)
	at com.kms.katalon.core.webui.keyword.builtin.VerifyElementVisibleKeyword$_verifyElementVisible_closure1.call(VerifyElementVisibleKeyword.groovy)
	at com.kms.katalon.core.webui.keyword.internal.WebUIKeywordMain.runKeyword(WebUIKeywordMain.groovy:35)
	at com.kms.katalon.core.webui.keyword.builtin.VerifyElementVisibleKeyword.verifyElementVisible(VerifyElementVisibleKeyword.groovy:97)
	at com.kms.katalon.core.webui.keyword.builtin.VerifyElementVisibleKeyword.execute(VerifyElementVisibleKeyword.groovy:67)
	at com.kms.katalon.core.keyword.internal.KeywordExecutor.executeKeywordForPlatform(KeywordExecutor.groovy:74)
	at com.kms.katalon.core.webui.keyword.WebUiBuiltInKeywords.verifyElementVisible(WebUiBuiltInKeywords.groovy:401)
	at com.kms.katalon.core.webui.keyword.WebUiBuiltInKeywords$verifyElementVisible$5.call(Unknown Source)
	at Verify Customer Admin Checkbox.run(Verify Customer Admin Checkbox:38)
	at com.kms.katalon.core.main.ScriptEngine.run(ScriptEngine.java:194)
	at com.kms.katalon.core.main.ScriptEngine.runScriptAsRawText(ScriptEngine.java:119)
	at com.kms.katalon.core.main.TestCaseExecutor.runScript(TestCaseExecutor.java:448)
	at com.kms.katalon.core.main.TestCaseExecutor.doExecute(TestCaseExecutor.java:439)
	at com.kms.katalon.core.main.TestCaseExecutor.processExecutionPhase(TestCaseExecutor.java:418)
	at com.kms.katalon.core.main.TestCaseExecutor.accessMainPhase(TestCaseExecutor.java:410)
	at com.kms.katalon.core.main.TestCaseExecutor.execute(TestCaseExecutor.java:285)
	at com.kms.katalon.core.common.CommonExecutor.accessTestCaseMainPhase(CommonExecutor.java:65)
	at com.kms.katalon.core.main.TestSuiteExecutor.accessTestSuiteMainPhase(TestSuiteExecutor.java:150)
	at com.kms.katalon.core.main.TestSuiteExecutor.execute(TestSuiteExecutor.java:106)
	at com.kms.katalon.core.main.TestCaseMain.startTestSuite(TestCaseMain.java:180)
	at com.kms.katalon.core.main.TestCaseMain$startTestSuite$0.call(Unknown Source)
	at TempTestSuite1761139070913.run(TempTestSuite1761139070913.groovy:35)
	at java.base/jdk.internal.reflect.NativeMethodAccessorImpl.invoke0(Native Method)
	at java.base/jdk.internal.reflect.NativeMethodAccessorImpl.invoke(NativeMethodAccessorImpl.java:77)
	at java.base/jdk.internal.reflect.DelegatingMethodAccessorImpl.invoke(DelegatingMethodAccessorImpl.java:43)
)

22-10-2025T10:33:46 - [MESSAGE][INFO] - Unable to find the element located by 'By.xpath: //*[@id="__BVID__10___BV_modal_footer_"]/button'. Please recheck the objects properties to make sure the desired element is located. 

22-10-2025T10:33:46 - [MESSAGE][WARNING] - [SELF-HEALING] Failed to find element with id 'Object Repository/TripFocus/Testing_Notification_btn'. Try using Self-healing.

22-10-2025T10:33:47 - [MESSAGE][INFO] - [SELF-HEALING] No working XPath is found.

22-10-2025T10:33:49 - [MESSAGE][INFO] - Unable to find the element located by 'By.xpath: '. Please recheck the objects properties to make sure the desired element is located. 

22-10-2025T10:33:49 - [MESSAGE][WARNING] - [SELF-HEALING] Cannot find elements when the selector is null

22-10-2025T10:33:49 - [MESSAGE][WARNING] - Web element with id: 'Object Repository/TripFocus/Testing_Notification_btn' located by '//*[@id="__BVID__10___BV_modal_footer_"]/button' not found (Root cause: com.kms.katalon.core.exception.StepFailedException: Web element with id: 'Object Repository/TripFocus/Testing_Notification_btn' located by '//*[@id="__BVID__10___BV_modal_footer_"]/button' not found
	at com.kms.katalon.core.webui.keyword.internal.WebUIKeywordMain.stepFailed(WebUIKeywordMain.groovy:117)
	at com.kms.katalon.core.webui.keyword.builtin.VerifyElementVisibleKeyword$_verifyElementVisible_closure1.doCall(VerifyElementVisibleKeyword.groovy:89)
	at com.kms.katalon.core.webui.keyword.builtin.VerifyElementVisibleKeyword$_verifyElementVisible_closure1.call(VerifyElementVisibleKeyword.groovy)
	at com.kms.katalon.core.webui.keyword.internal.WebUIKeywordMain.runKeyword(WebUIKeywordMain.groovy:35)
	at com.kms.katalon.core.webui.keyword.builtin.VerifyElementVisibleKeyword.verifyElementVisible(VerifyElementVisibleKeyword.groovy:97)
	at com.kms.katalon.core.webui.keyword.builtin.VerifyElementVisibleKeyword.execute(VerifyElementVisibleKeyword.groovy:67)
	at com.kms.katalon.core.keyword.internal.KeywordExecutor.executeKeywordForPlatform(KeywordExecutor.groovy:74)
	at com.kms.katalon.core.webui.keyword.WebUiBuiltInKeywords.verifyElementVisible(WebUiBuiltInKeywords.groovy:401)
	at com.kms.katalon.core.webui.keyword.WebUiBuiltInKeywords$verifyElementVisible$5.call(Unknown Source)
	at Verify Customer Admin Checkbox.run(Verify Customer Admin Checkbox:38)
	at com.kms.katalon.core.main.ScriptEngine.run(ScriptEngine.java:194)
	at com.kms.katalon.core.main.ScriptEngine.runScriptAsRawText(ScriptEngine.java:119)
	at com.kms.katalon.core.main.TestCaseExecutor.runScript(TestCaseExecutor.java:448)
	at com.kms.katalon.core.main.TestCaseExecutor.doExecute(TestCaseExecutor.java:439)
	at com.kms.katalon.core.main.TestCaseExecutor.processExecutionPhase(TestCaseExecutor.java:418)
	at com.kms.katalon.core.main.TestCaseExecutor.accessMainPhase(TestCaseExecutor.java:410)
	at com.kms.katalon.core.main.TestCaseExecutor.execute(TestCaseExecutor.java:285)
	at com.kms.katalon.core.common.CommonExecutor.accessTestCaseMainPhase(CommonExecutor.java:65)
	at com.kms.katalon.core.main.TestSuiteExecutor.accessTestSuiteMainPhase(TestSuiteExecutor.java:150)
	at com.kms.katalon.core.main.TestSuiteExecutor.execute(TestSuiteExecutor.java:106)
	at com.kms.katalon.core.main.TestCaseMain.startTestSuite(TestCaseMain.java:180)
	at com.kms.katalon.core.main.TestCaseMain$startTestSuite$0.call(Unknown Source)
	at TempTestSuite1761139070913.run(TempTestSuite1761139070913.groovy:35)
	at java.base/jdk.internal.reflect.NativeMethodAccessorImpl.invoke0(Native Method)
	at java.base/jdk.internal.reflect.NativeMethodAccessorImpl.invoke(NativeMethodAccessorImpl.java:77)
	at java.base/jdk.internal.reflect.DelegatingMethodAccessorImpl.invoke(DelegatingMethodAccessorImpl.java:43)
)

22-10-2025T10:33:49 - [TEST_STEP][PASSED] - click(findTestObject("Object Repository/TripFocus/Page_TripFocus/a_Users")): Object: 'Object Repository/TripFocus/Page_TripFocus/a_Users' is clicked on

22-10-2025T10:33:49 - [MESSAGE][PASSED] - Object: 'Object Repository/TripFocus/Page_TripFocus/a_Users' is clicked on

22-10-2025T10:33:49 - [TEST_STEP][PASSED] - delay(5): Delayed 5 second(s)

22-10-2025T10:33:54 - [MESSAGE][PASSED] - Delayed 5 second(s)

22-10-2025T10:33:54 - [TEST_STEP][PASSED] - setText(findTestObject("TripFocus/Users/User_Search_txt"), "ashfordFDGTesting"): Text 'ashfordFDGTesting' is set on object 'Object Repository/TripFocus/Users/User_Search_txt'

22-10-2025T10:33:54 - [MESSAGE][PASSED] - Text 'ashfordFDGTesting' is set on object 'Object Repository/TripFocus/Users/User_Search_txt'

22-10-2025T10:33:54 - [TEST_STEP][PASSED] - delay(2): Delayed 2 second(s)

22-10-2025T10:33:56 - [MESSAGE][PASSED] - Delayed 2 second(s)

22-10-2025T10:33:56 - [TEST_STEP][PASSED] - click(findTestObject("Object Repository/TripFocus/Page_TripFocus/button_Edit")): Object: 'Object Repository/TripFocus/Page_TripFocus/button_Edit' is clicked on

22-10-2025T10:33:56 - [MESSAGE][PASSED] - Object: 'Object Repository/TripFocus/Page_TripFocus/button_Edit' is clicked on

22-10-2025T10:33:56 - [TEST_STEP][PASSED] - delay(7): Delayed 7 second(s)

22-10-2025T10:34:03 - [MESSAGE][PASSED] - Delayed 7 second(s)

22-10-2025T10:34:03 - [TEST_STEP][PASSED] - click(findTestObject("TripFocus/Users/User Info/User_Info_tab"), STOP_ON_FAILURE): Object: 'Object Repository/TripFocus/Users/User Info/User_Info_tab' is clicked on

22-10-2025T10:34:03 - [MESSAGE][PASSED] - Object: 'Object Repository/TripFocus/Users/User Info/User_Info_tab' is clicked on

22-10-2025T10:34:03 - [TEST_STEP][PASSED] - delay(1): Delayed 1 second(s)

22-10-2025T10:34:04 - [MESSAGE][PASSED] - Delayed 1 second(s)

22-10-2025T10:34:04 - [TEST_STEP][PASSED] - verifyElementVisible(findTestObject("TripFocus/Users/User Info/Edit_User_Customer_Admin_checkbox")): Object 'Object Repository/TripFocus/Users/User Info/Edit_User_Customer_Admin_checkbox' is visible

22-10-2025T10:34:04 - [MESSAGE][PASSED] - Object 'Object Repository/TripFocus/Users/User Info/Edit_User_Customer_Admin_checkbox' is visible

22-10-2025T10:34:04 - [TEST_STEP][PASSED] - click(findTestObject("TripFocus/Users/User Info/Edit_User_Customer_Admin_checkbox")): Object: 'Object Repository/TripFocus/Users/User Info/Edit_User_Customer_Admin_checkbox' is clicked on

22-10-2025T10:34:04 - [MESSAGE][PASSED] - Object: 'Object Repository/TripFocus/Users/User Info/Edit_User_Customer_Admin_checkbox' is clicked on

22-10-2025T10:34:04 - [TEST_STEP][PASSED] - delay(1): Delayed 1 second(s)

22-10-2025T10:34:05 - [MESSAGE][PASSED] - Delayed 1 second(s)

22-10-2025T10:34:05 - [TEST_STEP][PASSED] - click(findTestObject("TripFocus/Users/User Info/Edit_User_Customer_Admin_checkbox")): Object: 'Object Repository/TripFocus/Users/User Info/Edit_User_Customer_Admin_checkbox' is clicked on

22-10-2025T10:34:06 - [MESSAGE][PASSED] - Object: 'Object Repository/TripFocus/Users/User Info/Edit_User_Customer_Admin_checkbox' is clicked on

22-10-2025T10:34:06 - [TEST_STEP][PASSED] - Start listener action : retryOnDisconnect: null

22-10-2025T10:34:06 - [TEST_STEP][PASSED] - tcId = testCaseContext.getTestCaseId(): null

22-10-2025T10:34:06 - [TEST_STEP][PASSED] - currentRetry = retryCounts.getOrDefault(tcId, 0): null

22-10-2025T10:34:06 - [TEST_STEP][PASSED] - if (testCaseContext.getTestCaseStatus() == "FAILED" && currentRetry < MAX_RETRIES): null]]></system-out>
         <system-err><![CDATA[]]></system-err>
      </testcase>
      <testcase name="Test Cases/TripFocus/FDG/FDG - UserPage/Edit/User Info/Updating Phone Number User Info" time="58.976" classname="Test Cases/TripFocus/FDG/FDG - UserPage/Edit/User Info/Updating Phone Number User Info" status="PASSED">
         <system-out><![CDATA[22-10-2025T10:34:06 - [TEST_CASE][PASSED] - Test Cases/TripFocus/FDG/FDG - UserPage/Edit/User Info/Updating Phone Number User Info: Test Cases/TripFocus/FDG/FDG - UserPage/Edit/User Info/Updating Phone Number User Info

22-10-2025T10:34:06 - [TEST_STEP][PASSED] - Start listener action : beforeTestCase: null

22-10-2025T10:34:06 - [TEST_STEP][PASSED] - addDefaultPackages(): null

22-10-2025T10:34:06 - [TEST_STEP][PASSED] - openBrowser(""): Browser is opened with url: ''

22-10-2025T10:34:06 - [MESSAGE][WARNING] - A browser is already opened. Closing browser and opening a new one

22-10-2025T10:34:06 - [MESSAGE][INFO] - Starting 'Chrome' driver

22-10-2025T10:34:06 - [MESSAGE][INFO] - User set preference: ['args', '[--no-sandbox, --disable-gpu, --disable-dev-shm-usage]']

22-10-2025T10:34:06 - [MESSAGE][INFO] - Action delay is set to 0 milliseconds

22-10-2025T10:34:07 - [MESSAGE][PASSED] - Browser is opened with url: ''

22-10-2025T10:34:07 - [TEST_STEP][PASSED] - navigateToUrl(TFBaseURL): Navigate to 'https://www.qa.tripfocus.com' successfully

22-10-2025T10:34:07 - [MESSAGE][PASSED] - Navigate to 'https://www.qa.tripfocus.com' successfully

22-10-2025T10:34:07 - [TEST_STEP][PASSED] - click(findTestObject("Object Repository/TripFocus/Page_TripFocus/button_Sign in")): Object: 'Object Repository/TripFocus/Page_TripFocus/button_Sign in' is clicked on

22-10-2025T10:34:07 - [MESSAGE][PASSED] - Object: 'Object Repository/TripFocus/Page_TripFocus/button_Sign in' is clicked on

22-10-2025T10:34:07 - [TEST_STEP][PASSED] - setText(findTestObject("Object Repository/TripFocus/Page_TripFocus/input_Username (e.g. email address)_Username"), TripFocusFDGUsername): Text 'Ashford.Chenault+QACustomerFDGONLY@thekag.com' is set on object 'Object Repository/TripFocus/Page_TripFocus/input_Username (e.g. email address)_Username'

22-10-2025T10:34:08 - [MESSAGE][PASSED] - Text 'Ashford.Chenault+QACustomerFDGONLY@thekag.com' is set on object 'Object Repository/TripFocus/Page_TripFocus/input_Username (e.g. email address)_Username'

22-10-2025T10:34:08 - [TEST_STEP][PASSED] - setText(findTestObject("Object Repository/TripFocus/Page_TripFocus/input_Password_Password"), TripFocusFDGSPGPassword): Text 'CrashBan911!!' is set on object 'Object Repository/TripFocus/Page_TripFocus/input_Password_Password'

22-10-2025T10:34:08 - [MESSAGE][PASSED] - Text 'CrashBan911!!' is set on object 'Object Repository/TripFocus/Page_TripFocus/input_Password_Password'

22-10-2025T10:34:08 - [TEST_STEP][PASSED] - click(findTestObject("Object Repository/TripFocus/Page_TripFocus/button_Login")): Object: 'Object Repository/TripFocus/Page_TripFocus/button_Login' is clicked on

22-10-2025T10:34:08 - [MESSAGE][PASSED] - Object: 'Object Repository/TripFocus/Page_TripFocus/button_Login' is clicked on

22-10-2025T10:34:08 - [TEST_STEP][PASSED] - maximizeWindow(): Current window maximized

22-10-2025T10:34:08 - [MESSAGE][PASSED] - Current window maximized

22-10-2025T10:34:08 - [TEST_STEP][PASSED] - waitForElementVisible(findTestObject("TripFocus/Testing_Notification_btn"), 15, OPTIONAL): Web element with id: 'Object Repository/TripFocus/Testing_Notification_btn' located by '//*[@id="__BVID__10___BV_modal_footer_"]/button' not found

22-10-2025T10:34:24 - [MESSAGE][INFO] - Unable to find the element located by 'By.xpath: //*[@id="__BVID__10___BV_modal_footer_"]/button'. Please recheck the objects properties to make sure the desired element is located. 

22-10-2025T10:34:24 - [MESSAGE][WARNING] - [SELF-HEALING] Failed to find element with id 'Object Repository/TripFocus/Testing_Notification_btn'. Try using Self-healing.

22-10-2025T10:34:25 - [MESSAGE][INFO] - [SELF-HEALING] No working XPath is found.

22-10-2025T10:34:27 - [MESSAGE][INFO] - Unable to find the element located by 'By.xpath: '. Please recheck the objects properties to make sure the desired element is located. 

22-10-2025T10:34:27 - [MESSAGE][WARNING] - [SELF-HEALING] Cannot find elements when the selector is null

22-10-2025T10:34:27 - [MESSAGE][WARNING] - Web element with id: 'Object Repository/TripFocus/Testing_Notification_btn' located by '//*[@id="__BVID__10___BV_modal_footer_"]/button' not found

22-10-2025T10:34:27 - [TEST_STEP][PASSED] - if (verifyElementVisible(findTestObject("TripFocus/Testing_Notification_btn"), OPTIONAL) == true): Web element with id: 'Object Repository/TripFocus/Testing_Notification_btn' located by '//*[@id="__BVID__10___BV_modal_footer_"]/button' not found (Root cause: com.kms.katalon.core.exception.StepFailedException: Web element with id: 'Object Repository/TripFocus/Testing_Notification_btn' located by '//*[@id="__BVID__10___BV_modal_footer_"]/button' not found
	at com.kms.katalon.core.webui.keyword.internal.WebUIKeywordMain.stepFailed(WebUIKeywordMain.groovy:117)
	at com.kms.katalon.core.webui.keyword.builtin.VerifyElementVisibleKeyword$_verifyElementVisible_closure1.doCall(VerifyElementVisibleKeyword.groovy:89)
	at com.kms.katalon.core.webui.keyword.builtin.VerifyElementVisibleKeyword$_verifyElementVisible_closure1.call(VerifyElementVisibleKeyword.groovy)
	at com.kms.katalon.core.webui.keyword.internal.WebUIKeywordMain.runKeyword(WebUIKeywordMain.groovy:35)
	at com.kms.katalon.core.webui.keyword.builtin.VerifyElementVisibleKeyword.verifyElementVisible(VerifyElementVisibleKeyword.groovy:97)
	at com.kms.katalon.core.webui.keyword.builtin.VerifyElementVisibleKeyword.execute(VerifyElementVisibleKeyword.groovy:67)
	at com.kms.katalon.core.keyword.internal.KeywordExecutor.executeKeywordForPlatform(KeywordExecutor.groovy:74)
	at com.kms.katalon.core.webui.keyword.WebUiBuiltInKeywords.verifyElementVisible(WebUiBuiltInKeywords.groovy:401)
	at com.kms.katalon.core.webui.keyword.WebUiBuiltInKeywords$verifyElementVisible$5.call(Unknown Source)
	at Updating Phone Number User Info.run(Updating Phone Number User Info:38)
	at com.kms.katalon.core.main.ScriptEngine.run(ScriptEngine.java:194)
	at com.kms.katalon.core.main.ScriptEngine.runScriptAsRawText(ScriptEngine.java:119)
	at com.kms.katalon.core.main.TestCaseExecutor.runScript(TestCaseExecutor.java:448)
	at com.kms.katalon.core.main.TestCaseExecutor.doExecute(TestCaseExecutor.java:439)
	at com.kms.katalon.core.main.TestCaseExecutor.processExecutionPhase(TestCaseExecutor.java:418)
	at com.kms.katalon.core.main.TestCaseExecutor.accessMainPhase(TestCaseExecutor.java:410)
	at com.kms.katalon.core.main.TestCaseExecutor.execute(TestCaseExecutor.java:285)
	at com.kms.katalon.core.common.CommonExecutor.accessTestCaseMainPhase(CommonExecutor.java:65)
	at com.kms.katalon.core.main.TestSuiteExecutor.accessTestSuiteMainPhase(TestSuiteExecutor.java:150)
	at com.kms.katalon.core.main.TestSuiteExecutor.execute(TestSuiteExecutor.java:106)
	at com.kms.katalon.core.main.TestCaseMain.startTestSuite(TestCaseMain.java:180)
	at com.kms.katalon.core.main.TestCaseMain$startTestSuite$0.call(Unknown Source)
	at TempTestSuite1761139070913.run(TempTestSuite1761139070913.groovy:35)
	at java.base/jdk.internal.reflect.NativeMethodAccessorImpl.invoke0(Native Method)
	at java.base/jdk.internal.reflect.NativeMethodAccessorImpl.invoke(NativeMethodAccessorImpl.java:77)
	at java.base/jdk.internal.reflect.DelegatingMethodAccessorImpl.invoke(DelegatingMethodAccessorImpl.java:43)
)

22-10-2025T10:34:43 - [MESSAGE][INFO] - Unable to find the element located by 'By.xpath: //*[@id="__BVID__10___BV_modal_footer_"]/button'. Please recheck the objects properties to make sure the desired element is located. 

22-10-2025T10:34:43 - [MESSAGE][WARNING] - [SELF-HEALING] Failed to find element with id 'Object Repository/TripFocus/Testing_Notification_btn'. Try using Self-healing.

22-10-2025T10:34:44 - [MESSAGE][INFO] - [SELF-HEALING] No working XPath is found.

22-10-2025T10:34:46 - [MESSAGE][INFO] - Unable to find the element located by 'By.xpath: '. Please recheck the objects properties to make sure the desired element is located. 

22-10-2025T10:34:46 - [MESSAGE][WARNING] - [SELF-HEALING] Cannot find elements when the selector is null

22-10-2025T10:34:46 - [MESSAGE][WARNING] - Web element with id: 'Object Repository/TripFocus/Testing_Notification_btn' located by '//*[@id="__BVID__10___BV_modal_footer_"]/button' not found (Root cause: com.kms.katalon.core.exception.StepFailedException: Web element with id: 'Object Repository/TripFocus/Testing_Notification_btn' located by '//*[@id="__BVID__10___BV_modal_footer_"]/button' not found
	at com.kms.katalon.core.webui.keyword.internal.WebUIKeywordMain.stepFailed(WebUIKeywordMain.groovy:117)
	at com.kms.katalon.core.webui.keyword.builtin.VerifyElementVisibleKeyword$_verifyElementVisible_closure1.doCall(VerifyElementVisibleKeyword.groovy:89)
	at com.kms.katalon.core.webui.keyword.builtin.VerifyElementVisibleKeyword$_verifyElementVisible_closure1.call(VerifyElementVisibleKeyword.groovy)
	at com.kms.katalon.core.webui.keyword.internal.WebUIKeywordMain.runKeyword(WebUIKeywordMain.groovy:35)
	at com.kms.katalon.core.webui.keyword.builtin.VerifyElementVisibleKeyword.verifyElementVisible(VerifyElementVisibleKeyword.groovy:97)
	at com.kms.katalon.core.webui.keyword.builtin.VerifyElementVisibleKeyword.execute(VerifyElementVisibleKeyword.groovy:67)
	at com.kms.katalon.core.keyword.internal.KeywordExecutor.executeKeywordForPlatform(KeywordExecutor.groovy:74)
	at com.kms.katalon.core.webui.keyword.WebUiBuiltInKeywords.verifyElementVisible(WebUiBuiltInKeywords.groovy:401)
	at com.kms.katalon.core.webui.keyword.WebUiBuiltInKeywords$verifyElementVisible$5.call(Unknown Source)
	at Updating Phone Number User Info.run(Updating Phone Number User Info:38)
	at com.kms.katalon.core.main.ScriptEngine.run(ScriptEngine.java:194)
	at com.kms.katalon.core.main.ScriptEngine.runScriptAsRawText(ScriptEngine.java:119)
	at com.kms.katalon.core.main.TestCaseExecutor.runScript(TestCaseExecutor.java:448)
	at com.kms.katalon.core.main.TestCaseExecutor.doExecute(TestCaseExecutor.java:439)
	at com.kms.katalon.core.main.TestCaseExecutor.processExecutionPhase(TestCaseExecutor.java:418)
	at com.kms.katalon.core.main.TestCaseExecutor.accessMainPhase(TestCaseExecutor.java:410)
	at com.kms.katalon.core.main.TestCaseExecutor.execute(TestCaseExecutor.java:285)
	at com.kms.katalon.core.common.CommonExecutor.accessTestCaseMainPhase(CommonExecutor.java:65)
	at com.kms.katalon.core.main.TestSuiteExecutor.accessTestSuiteMainPhase(TestSuiteExecutor.java:150)
	at com.kms.katalon.core.main.TestSuiteExecutor.execute(TestSuiteExecutor.java:106)
	at com.kms.katalon.core.main.TestCaseMain.startTestSuite(TestCaseMain.java:180)
	at com.kms.katalon.core.main.TestCaseMain$startTestSuite$0.call(Unknown Source)
	at TempTestSuite1761139070913.run(TempTestSuite1761139070913.groovy:35)
	at java.base/jdk.internal.reflect.NativeMethodAccessorImpl.invoke0(Native Method)
	at java.base/jdk.internal.reflect.NativeMethodAccessorImpl.invoke(NativeMethodAccessorImpl.java:77)
	at java.base/jdk.internal.reflect.DelegatingMethodAccessorImpl.invoke(DelegatingMethodAccessorImpl.java:43)
)

22-10-2025T10:34:46 - [TEST_STEP][PASSED] - click(findTestObject("Object Repository/TripFocus/Page_TripFocus/a_Users")): Object: 'Object Repository/TripFocus/Page_TripFocus/a_Users' is clicked on

22-10-2025T10:34:47 - [MESSAGE][PASSED] - Object: 'Object Repository/TripFocus/Page_TripFocus/a_Users' is clicked on

22-10-2025T10:34:47 - [TEST_STEP][PASSED] - delay(5): Delayed 5 second(s)

22-10-2025T10:34:52 - [MESSAGE][PASSED] - Delayed 5 second(s)

22-10-2025T10:34:52 - [TEST_STEP][PASSED] - setText(findTestObject("TripFocus/Users/User_Search_txt"), "ashfordFDGTesting"): Text 'ashfordFDGTesting' is set on object 'Object Repository/TripFocus/Users/User_Search_txt'

22-10-2025T10:34:52 - [MESSAGE][PASSED] - Text 'ashfordFDGTesting' is set on object 'Object Repository/TripFocus/Users/User_Search_txt'

22-10-2025T10:34:52 - [TEST_STEP][PASSED] - delay(2): Delayed 2 second(s)

22-10-2025T10:34:54 - [MESSAGE][PASSED] - Delayed 2 second(s)

22-10-2025T10:34:54 - [TEST_STEP][PASSED] - click(findTestObject("Object Repository/TripFocus/Page_TripFocus/button_Edit")): Object: 'Object Repository/TripFocus/Page_TripFocus/button_Edit' is clicked on

22-10-2025T10:34:54 - [MESSAGE][PASSED] - Object: 'Object Repository/TripFocus/Page_TripFocus/button_Edit' is clicked on

22-10-2025T10:34:54 - [TEST_STEP][PASSED] - delay(7): Delayed 7 second(s)

22-10-2025T10:35:01 - [MESSAGE][PASSED] - Delayed 7 second(s)

22-10-2025T10:35:01 - [TEST_STEP][PASSED] - click(findTestObject("TripFocus/Users/User Info/User_Info_tab"), STOP_ON_FAILURE): Object: 'Object Repository/TripFocus/Users/User Info/User_Info_tab' is clicked on

22-10-2025T10:35:01 - [MESSAGE][PASSED] - Object: 'Object Repository/TripFocus/Users/User Info/User_Info_tab' is clicked on

22-10-2025T10:35:01 - [TEST_STEP][PASSED] - delay(1): Delayed 1 second(s)

22-10-2025T10:35:02 - [MESSAGE][PASSED] - Delayed 1 second(s)

22-10-2025T10:35:02 - [TEST_STEP][PASSED] - clearText(findTestObject("TripFocus/Users/User Info/Phone_Number_txt"), STOP_ON_FAILURE): Text of object 'Object Repository/TripFocus/Users/User Info/Phone_Number_txt' is cleared

22-10-2025T10:35:02 - [MESSAGE][PASSED] - Text of object 'Object Repository/TripFocus/Users/User Info/Phone_Number_txt' is cleared

22-10-2025T10:35:02 - [TEST_STEP][PASSED] - sendKeys(findTestObject("TripFocus/Users/User Info/Phone_Number_txt"), "5236897745"): Keys '5236897745' sent to object: 'Object Repository/TripFocus/Users/User Info/Phone_Number_txt'

22-10-2025T10:35:02 - [MESSAGE][PASSED] - Keys '5236897745' sent to object: 'Object Repository/TripFocus/Users/User Info/Phone_Number_txt'

22-10-2025T10:35:02 - [TEST_STEP][PASSED] - delay(1): Delayed 1 second(s)

22-10-2025T10:35:03 - [MESSAGE][PASSED] - Delayed 1 second(s)

22-10-2025T10:35:03 - [TEST_STEP][PASSED] - click(findTestObject("TripFocus/Users/User Info/Save_User_Information_btn"), STOP_ON_FAILURE): Object: 'Object Repository/TripFocus/Users/User Info/Save_User_Information_btn' is clicked on

22-10-2025T10:35:03 - [MESSAGE][PASSED] - Object: 'Object Repository/TripFocus/Users/User Info/Save_User_Information_btn' is clicked on

22-10-2025T10:35:03 - [TEST_STEP][PASSED] - delay(1): Delayed 1 second(s)

22-10-2025T10:35:04 - [MESSAGE][PASSED] - Delayed 1 second(s)

22-10-2025T10:35:04 - [TEST_STEP][PASSED] - verifyElementPresent(findTestObject("TripFocus/Toasty_Message"), 10): Object 'Object Repository/TripFocus/Toasty_Message' is present

22-10-2025T10:35:04 - [MESSAGE][PASSED] - Object 'Object Repository/TripFocus/Toasty_Message' is present

22-10-2025T10:35:04 - [TEST_STEP][PASSED] - verifyElementText(findTestObject("TripFocus/Toasty_Message"), "User Information updated successfully."): Actual text and expected text of test object 'Object Repository/TripFocus/Toasty_Message' are matched.

22-10-2025T10:35:04 - [MESSAGE][PASSED] - Actual text and expected text of test object 'Object Repository/TripFocus/Toasty_Message' are matched.

22-10-2025T10:35:04 - [TEST_STEP][PASSED] - Start listener action : retryOnDisconnect: null

22-10-2025T10:35:04 - [TEST_STEP][PASSED] - tcId = testCaseContext.getTestCaseId(): null

22-10-2025T10:35:04 - [TEST_STEP][PASSED] - currentRetry = retryCounts.getOrDefault(tcId, 0): null

22-10-2025T10:35:04 - [TEST_STEP][PASSED] - if (testCaseContext.getTestCaseStatus() == "FAILED" && currentRetry < MAX_RETRIES): null]]></system-out>
         <system-err><![CDATA[]]></system-err>
      </testcase>
      <testcase name="Test Cases/TripFocus/FDG/FDG - UserPage/Edit/User Info/Updating First Name User Info" time="59.624" classname="Test Cases/TripFocus/FDG/FDG - UserPage/Edit/User Info/Updating First Name User Info" status="PASSED">
         <system-out><![CDATA[22-10-2025T10:35:04 - [TEST_CASE][PASSED] - Test Cases/TripFocus/FDG/FDG - UserPage/Edit/User Info/Updating First Name User Info: Test Cases/TripFocus/FDG/FDG - UserPage/Edit/User Info/Updating First Name User Info

22-10-2025T10:35:04 - [TEST_STEP][PASSED] - Start listener action : beforeTestCase: null

22-10-2025T10:35:04 - [TEST_STEP][PASSED] - addDefaultPackages(): null

22-10-2025T10:35:05 - [TEST_STEP][PASSED] - openBrowser(""): Browser is opened with url: ''

22-10-2025T10:35:05 - [MESSAGE][WARNING] - A browser is already opened. Closing browser and opening a new one

22-10-2025T10:35:05 - [MESSAGE][INFO] - Starting 'Chrome' driver

22-10-2025T10:35:05 - [MESSAGE][INFO] - User set preference: ['args', '[--no-sandbox, --disable-gpu, --disable-dev-shm-usage]']

22-10-2025T10:35:05 - [MESSAGE][INFO] - Action delay is set to 0 milliseconds

22-10-2025T10:35:06 - [MESSAGE][PASSED] - Browser is opened with url: ''

22-10-2025T10:35:06 - [TEST_STEP][PASSED] - navigateToUrl(TFBaseURL): Navigate to 'https://www.qa.tripfocus.com' successfully

22-10-2025T10:35:06 - [MESSAGE][PASSED] - Navigate to 'https://www.qa.tripfocus.com' successfully

22-10-2025T10:35:06 - [TEST_STEP][PASSED] - click(findTestObject("Object Repository/TripFocus/Page_TripFocus/button_Sign in")): Object: 'Object Repository/TripFocus/Page_TripFocus/button_Sign in' is clicked on

22-10-2025T10:35:06 - [MESSAGE][PASSED] - Object: 'Object Repository/TripFocus/Page_TripFocus/button_Sign in' is clicked on

22-10-2025T10:35:06 - [TEST_STEP][PASSED] - setText(findTestObject("Object Repository/TripFocus/Page_TripFocus/input_Username (e.g. email address)_Username"), TripFocusFDGUsername): Text 'Ashford.Chenault+QACustomerFDGONLY@thekag.com' is set on object 'Object Repository/TripFocus/Page_TripFocus/input_Username (e.g. email address)_Username'

22-10-2025T10:35:07 - [MESSAGE][PASSED] - Text 'Ashford.Chenault+QACustomerFDGONLY@thekag.com' is set on object 'Object Repository/TripFocus/Page_TripFocus/input_Username (e.g. email address)_Username'

22-10-2025T10:35:07 - [TEST_STEP][PASSED] - setText(findTestObject("Object Repository/TripFocus/Page_TripFocus/input_Password_Password"), TripFocusFDGSPGPassword): Text 'CrashBan911!!' is set on object 'Object Repository/TripFocus/Page_TripFocus/input_Password_Password'

22-10-2025T10:35:07 - [MESSAGE][PASSED] - Text 'CrashBan911!!' is set on object 'Object Repository/TripFocus/Page_TripFocus/input_Password_Password'

22-10-2025T10:35:07 - [TEST_STEP][PASSED] - click(findTestObject("Object Repository/TripFocus/Page_TripFocus/button_Login")): Object: 'Object Repository/TripFocus/Page_TripFocus/button_Login' is clicked on

22-10-2025T10:35:08 - [MESSAGE][PASSED] - Object: 'Object Repository/TripFocus/Page_TripFocus/button_Login' is clicked on

22-10-2025T10:35:08 - [TEST_STEP][PASSED] - maximizeWindow(): Current window maximized

22-10-2025T10:35:08 - [MESSAGE][PASSED] - Current window maximized

22-10-2025T10:35:08 - [TEST_STEP][PASSED] - waitForElementVisible(findTestObject("TripFocus/Testing_Notification_btn"), 15, OPTIONAL): Web element with id: 'Object Repository/TripFocus/Testing_Notification_btn' located by '//*[@id="__BVID__10___BV_modal_footer_"]/button' not found

22-10-2025T10:35:24 - [MESSAGE][INFO] - Unable to find the element located by 'By.xpath: //*[@id="__BVID__10___BV_modal_footer_"]/button'. Please recheck the objects properties to make sure the desired element is located. 

22-10-2025T10:35:24 - [MESSAGE][WARNING] - [SELF-HEALING] Failed to find element with id 'Object Repository/TripFocus/Testing_Notification_btn'. Try using Self-healing.

22-10-2025T10:35:25 - [MESSAGE][INFO] - [SELF-HEALING] No working XPath is found.

22-10-2025T10:35:27 - [MESSAGE][INFO] - Unable to find the element located by 'By.xpath: '. Please recheck the objects properties to make sure the desired element is located. 

22-10-2025T10:35:27 - [MESSAGE][WARNING] - [SELF-HEALING] Cannot find elements when the selector is null

22-10-2025T10:35:27 - [MESSAGE][WARNING] - Web element with id: 'Object Repository/TripFocus/Testing_Notification_btn' located by '//*[@id="__BVID__10___BV_modal_footer_"]/button' not found

22-10-2025T10:35:27 - [TEST_STEP][PASSED] - if (verifyElementVisible(findTestObject("TripFocus/Testing_Notification_btn"), OPTIONAL) == true): Web element with id: 'Object Repository/TripFocus/Testing_Notification_btn' located by '//*[@id="__BVID__10___BV_modal_footer_"]/button' not found (Root cause: com.kms.katalon.core.exception.StepFailedException: Web element with id: 'Object Repository/TripFocus/Testing_Notification_btn' located by '//*[@id="__BVID__10___BV_modal_footer_"]/button' not found
	at com.kms.katalon.core.webui.keyword.internal.WebUIKeywordMain.stepFailed(WebUIKeywordMain.groovy:117)
	at com.kms.katalon.core.webui.keyword.builtin.VerifyElementVisibleKeyword$_verifyElementVisible_closure1.doCall(VerifyElementVisibleKeyword.groovy:89)
	at com.kms.katalon.core.webui.keyword.builtin.VerifyElementVisibleKeyword$_verifyElementVisible_closure1.call(VerifyElementVisibleKeyword.groovy)
	at com.kms.katalon.core.webui.keyword.internal.WebUIKeywordMain.runKeyword(WebUIKeywordMain.groovy:35)
	at com.kms.katalon.core.webui.keyword.builtin.VerifyElementVisibleKeyword.verifyElementVisible(VerifyElementVisibleKeyword.groovy:97)
	at com.kms.katalon.core.webui.keyword.builtin.VerifyElementVisibleKeyword.execute(VerifyElementVisibleKeyword.groovy:67)
	at com.kms.katalon.core.keyword.internal.KeywordExecutor.executeKeywordForPlatform(KeywordExecutor.groovy:74)
	at com.kms.katalon.core.webui.keyword.WebUiBuiltInKeywords.verifyElementVisible(WebUiBuiltInKeywords.groovy:401)
	at com.kms.katalon.core.webui.keyword.WebUiBuiltInKeywords$verifyElementVisible$5.call(Unknown Source)
	at Updating First Name User Info.run(Updating First Name User Info:38)
	at com.kms.katalon.core.main.ScriptEngine.run(ScriptEngine.java:194)
	at com.kms.katalon.core.main.ScriptEngine.runScriptAsRawText(ScriptEngine.java:119)
	at com.kms.katalon.core.main.TestCaseExecutor.runScript(TestCaseExecutor.java:448)
	at com.kms.katalon.core.main.TestCaseExecutor.doExecute(TestCaseExecutor.java:439)
	at com.kms.katalon.core.main.TestCaseExecutor.processExecutionPhase(TestCaseExecutor.java:418)
	at com.kms.katalon.core.main.TestCaseExecutor.accessMainPhase(TestCaseExecutor.java:410)
	at com.kms.katalon.core.main.TestCaseExecutor.execute(TestCaseExecutor.java:285)
	at com.kms.katalon.core.common.CommonExecutor.accessTestCaseMainPhase(CommonExecutor.java:65)
	at com.kms.katalon.core.main.TestSuiteExecutor.accessTestSuiteMainPhase(TestSuiteExecutor.java:150)
	at com.kms.katalon.core.main.TestSuiteExecutor.execute(TestSuiteExecutor.java:106)
	at com.kms.katalon.core.main.TestCaseMain.startTestSuite(TestCaseMain.java:180)
	at com.kms.katalon.core.main.TestCaseMain$startTestSuite$0.call(Unknown Source)
	at TempTestSuite1761139070913.run(TempTestSuite1761139070913.groovy:35)
	at java.base/jdk.internal.reflect.NativeMethodAccessorImpl.invoke0(Native Method)
	at java.base/jdk.internal.reflect.NativeMethodAccessorImpl.invoke(NativeMethodAccessorImpl.java:77)
	at java.base/jdk.internal.reflect.DelegatingMethodAccessorImpl.invoke(DelegatingMethodAccessorImpl.java:43)
)

22-10-2025T10:35:43 - [MESSAGE][INFO] - Unable to find the element located by 'By.xpath: //*[@id="__BVID__10___BV_modal_footer_"]/button'. Please recheck the objects properties to make sure the desired element is located. 

22-10-2025T10:35:43 - [MESSAGE][WARNING] - [SELF-HEALING] Failed to find element with id 'Object Repository/TripFocus/Testing_Notification_btn'. Try using Self-healing.

22-10-2025T10:35:44 - [MESSAGE][INFO] - [SELF-HEALING] No working XPath is found.

22-10-2025T10:35:46 - [MESSAGE][INFO] - Unable to find the element located by 'By.xpath: '. Please recheck the objects properties to make sure the desired element is located. 

22-10-2025T10:35:46 - [MESSAGE][WARNING] - [SELF-HEALING] Cannot find elements when the selector is null

22-10-2025T10:35:46 - [MESSAGE][WARNING] - Web element with id: 'Object Repository/TripFocus/Testing_Notification_btn' located by '//*[@id="__BVID__10___BV_modal_footer_"]/button' not found (Root cause: com.kms.katalon.core.exception.StepFailedException: Web element with id: 'Object Repository/TripFocus/Testing_Notification_btn' located by '//*[@id="__BVID__10___BV_modal_footer_"]/button' not found
	at com.kms.katalon.core.webui.keyword.internal.WebUIKeywordMain.stepFailed(WebUIKeywordMain.groovy:117)
	at com.kms.katalon.core.webui.keyword.builtin.VerifyElementVisibleKeyword$_verifyElementVisible_closure1.doCall(VerifyElementVisibleKeyword.groovy:89)
	at com.kms.katalon.core.webui.keyword.builtin.VerifyElementVisibleKeyword$_verifyElementVisible_closure1.call(VerifyElementVisibleKeyword.groovy)
	at com.kms.katalon.core.webui.keyword.internal.WebUIKeywordMain.runKeyword(WebUIKeywordMain.groovy:35)
	at com.kms.katalon.core.webui.keyword.builtin.VerifyElementVisibleKeyword.verifyElementVisible(VerifyElementVisibleKeyword.groovy:97)
	at com.kms.katalon.core.webui.keyword.builtin.VerifyElementVisibleKeyword.execute(VerifyElementVisibleKeyword.groovy:67)
	at com.kms.katalon.core.keyword.internal.KeywordExecutor.executeKeywordForPlatform(KeywordExecutor.groovy:74)
	at com.kms.katalon.core.webui.keyword.WebUiBuiltInKeywords.verifyElementVisible(WebUiBuiltInKeywords.groovy:401)
	at com.kms.katalon.core.webui.keyword.WebUiBuiltInKeywords$verifyElementVisible$5.call(Unknown Source)
	at Updating First Name User Info.run(Updating First Name User Info:38)
	at com.kms.katalon.core.main.ScriptEngine.run(ScriptEngine.java:194)
	at com.kms.katalon.core.main.ScriptEngine.runScriptAsRawText(ScriptEngine.java:119)
	at com.kms.katalon.core.main.TestCaseExecutor.runScript(TestCaseExecutor.java:448)
	at com.kms.katalon.core.main.TestCaseExecutor.doExecute(TestCaseExecutor.java:439)
	at com.kms.katalon.core.main.TestCaseExecutor.processExecutionPhase(TestCaseExecutor.java:418)
	at com.kms.katalon.core.main.TestCaseExecutor.accessMainPhase(TestCaseExecutor.java:410)
	at com.kms.katalon.core.main.TestCaseExecutor.execute(TestCaseExecutor.java:285)
	at com.kms.katalon.core.common.CommonExecutor.accessTestCaseMainPhase(CommonExecutor.java:65)
	at com.kms.katalon.core.main.TestSuiteExecutor.accessTestSuiteMainPhase(TestSuiteExecutor.java:150)
	at com.kms.katalon.core.main.TestSuiteExecutor.execute(TestSuiteExecutor.java:106)
	at com.kms.katalon.core.main.TestCaseMain.startTestSuite(TestCaseMain.java:180)
	at com.kms.katalon.core.main.TestCaseMain$startTestSuite$0.call(Unknown Source)
	at TempTestSuite1761139070913.run(TempTestSuite1761139070913.groovy:35)
	at java.base/jdk.internal.reflect.NativeMethodAccessorImpl.invoke0(Native Method)
	at java.base/jdk.internal.reflect.NativeMethodAccessorImpl.invoke(NativeMethodAccessorImpl.java:77)
	at java.base/jdk.internal.reflect.DelegatingMethodAccessorImpl.invoke(DelegatingMethodAccessorImpl.java:43)
)

22-10-2025T10:35:46 - [TEST_STEP][PASSED] - click(findTestObject("Object Repository/TripFocus/Page_TripFocus/a_Users")): Object: 'Object Repository/TripFocus/Page_TripFocus/a_Users' is clicked on

22-10-2025T10:35:46 - [MESSAGE][PASSED] - Object: 'Object Repository/TripFocus/Page_TripFocus/a_Users' is clicked on

22-10-2025T10:35:46 - [TEST_STEP][PASSED] - delay(5): Delayed 5 second(s)

22-10-2025T10:35:51 - [MESSAGE][PASSED] - Delayed 5 second(s)

22-10-2025T10:35:51 - [TEST_STEP][PASSED] - setText(findTestObject("TripFocus/Users/User_Search_txt"), "ashfordFDGTesting"): Text 'ashfordFDGTesting' is set on object 'Object Repository/TripFocus/Users/User_Search_txt'

22-10-2025T10:35:51 - [MESSAGE][PASSED] - Text 'ashfordFDGTesting' is set on object 'Object Repository/TripFocus/Users/User_Search_txt'

22-10-2025T10:35:51 - [TEST_STEP][PASSED] - delay(2): Delayed 2 second(s)

22-10-2025T10:35:53 - [MESSAGE][PASSED] - Delayed 2 second(s)

22-10-2025T10:35:53 - [TEST_STEP][PASSED] - click(findTestObject("Object Repository/TripFocus/Page_TripFocus/button_Edit")): Object: 'Object Repository/TripFocus/Page_TripFocus/button_Edit' is clicked on

22-10-2025T10:35:53 - [MESSAGE][PASSED] - Object: 'Object Repository/TripFocus/Page_TripFocus/button_Edit' is clicked on

22-10-2025T10:35:53 - [TEST_STEP][PASSED] - delay(7): Delayed 7 second(s)

22-10-2025T10:36:01 - [MESSAGE][PASSED] - Delayed 7 second(s)

22-10-2025T10:36:01 - [TEST_STEP][PASSED] - click(findTestObject("TripFocus/Users/User Info/User_Info_tab"), STOP_ON_FAILURE): Object: 'Object Repository/TripFocus/Users/User Info/User_Info_tab' is clicked on

22-10-2025T10:36:01 - [MESSAGE][PASSED] - Object: 'Object Repository/TripFocus/Users/User Info/User_Info_tab' is clicked on

22-10-2025T10:36:01 - [TEST_STEP][PASSED] - delay(1): Delayed 1 second(s)

22-10-2025T10:36:02 - [MESSAGE][PASSED] - Delayed 1 second(s)

22-10-2025T10:36:02 - [TEST_STEP][PASSED] - clearText(findTestObject("TripFocus/Users/User Info/First_Name_txt"), STOP_ON_FAILURE): Text of object 'Object Repository/TripFocus/Users/User Info/First_Name_txt' is cleared

22-10-2025T10:36:02 - [MESSAGE][PASSED] - Text of object 'Object Repository/TripFocus/Users/User Info/First_Name_txt' is cleared

22-10-2025T10:36:02 - [TEST_STEP][PASSED] - sendKeys(findTestObject("TripFocus/Users/User Info/First_Name_txt"), "Ashford Test Auto"): Keys 'Ashford Test Auto' sent to object: 'Object Repository/TripFocus/Users/User Info/First_Name_txt'

22-10-2025T10:36:02 - [MESSAGE][PASSED] - Keys 'Ashford Test Auto' sent to object: 'Object Repository/TripFocus/Users/User Info/First_Name_txt'

22-10-2025T10:36:02 - [TEST_STEP][PASSED] - delay(1): Delayed 1 second(s)

22-10-2025T10:36:03 - [MESSAGE][PASSED] - Delayed 1 second(s)

22-10-2025T10:36:03 - [TEST_STEP][PASSED] - click(findTestObject("TripFocus/Users/User Info/Save_User_Information_btn"), STOP_ON_FAILURE): Object: 'Object Repository/TripFocus/Users/User Info/Save_User_Information_btn' is clicked on

22-10-2025T10:36:03 - [MESSAGE][PASSED] - Object: 'Object Repository/TripFocus/Users/User Info/Save_User_Information_btn' is clicked on

22-10-2025T10:36:03 - [TEST_STEP][PASSED] - delay(1): Delayed 1 second(s)

22-10-2025T10:36:04 - [MESSAGE][PASSED] - Delayed 1 second(s)

22-10-2025T10:36:04 - [TEST_STEP][PASSED] - verifyElementPresent(findTestObject("TripFocus/Toasty_Message"), 10): Object 'Object Repository/TripFocus/Toasty_Message' is present

22-10-2025T10:36:04 - [MESSAGE][PASSED] - Object 'Object Repository/TripFocus/Toasty_Message' is present

22-10-2025T10:36:04 - [TEST_STEP][PASSED] - verifyElementText(findTestObject("TripFocus/Toasty_Message"), "User Information updated successfully."): Actual text and expected text of test object 'Object Repository/TripFocus/Toasty_Message' are matched.

22-10-2025T10:36:04 - [MESSAGE][PASSED] - Actual text and expected text of test object 'Object Repository/TripFocus/Toasty_Message' are matched.

22-10-2025T10:36:04 - [TEST_STEP][PASSED] - Start listener action : retryOnDisconnect: null

22-10-2025T10:36:04 - [TEST_STEP][PASSED] - tcId = testCaseContext.getTestCaseId(): null

22-10-2025T10:36:04 - [TEST_STEP][PASSED] - currentRetry = retryCounts.getOrDefault(tcId, 0): null

22-10-2025T10:36:04 - [TEST_STEP][PASSED] - if (testCaseContext.getTestCaseStatus() == "FAILED" && currentRetry < MAX_RETRIES): null]]></system-out>
         <system-err><![CDATA[]]></system-err>
      </testcase>
      <testcase name="Test Cases/TripFocus/FDG/FDG - UserPage/Edit/Data Restrictions/Add Account Of Data Restrictions" time="92.955" classname="Test Cases/TripFocus/FDG/FDG - UserPage/Edit/Data Restrictions/Add Account Of Data Restrictions" status="PASSED">
         <system-out><![CDATA[22-10-2025T10:36:04 - [TEST_CASE][PASSED] - Test Cases/TripFocus/FDG/FDG - UserPage/Edit/Data Restrictions/Add Account Of Data Restrictions: Test Cases/TripFocus/FDG/FDG - UserPage/Edit/Data Restrictions/Add Account Of Data Restrictions

22-10-2025T10:36:04 - [TEST_STEP][PASSED] - Start listener action : beforeTestCase: null

22-10-2025T10:36:04 - [TEST_STEP][PASSED] - addDefaultPackages(): null

22-10-2025T10:36:04 - [TEST_STEP][PASSED] - openBrowser(""): Browser is opened with url: ''

22-10-2025T10:36:04 - [MESSAGE][WARNING] - A browser is already opened. Closing browser and opening a new one

22-10-2025T10:36:04 - [MESSAGE][INFO] - Starting 'Chrome' driver

22-10-2025T10:36:04 - [MESSAGE][INFO] - User set preference: ['args', '[--no-sandbox, --disable-gpu, --disable-dev-shm-usage]']

22-10-2025T10:36:04 - [MESSAGE][INFO] - Action delay is set to 0 milliseconds

22-10-2025T10:36:05 - [MESSAGE][PASSED] - Browser is opened with url: ''

22-10-2025T10:36:05 - [TEST_STEP][PASSED] - navigateToUrl(TFBaseURL): Navigate to 'https://www.qa.tripfocus.com' successfully

22-10-2025T10:36:06 - [MESSAGE][PASSED] - Navigate to 'https://www.qa.tripfocus.com' successfully

22-10-2025T10:36:06 - [TEST_STEP][PASSED] - click(findTestObject("Object Repository/TripFocus/Page_TripFocus/button_Sign in")): Object: 'Object Repository/TripFocus/Page_TripFocus/button_Sign in' is clicked on

22-10-2025T10:36:06 - [MESSAGE][PASSED] - Object: 'Object Repository/TripFocus/Page_TripFocus/button_Sign in' is clicked on

22-10-2025T10:36:06 - [TEST_STEP][PASSED] - setText(findTestObject("Object Repository/TripFocus/Page_TripFocus/input_Username (e.g. email address)_Username"), TripFocusFDGUsername): Text 'Ashford.Chenault+QACustomerFDGONLY@thekag.com' is set on object 'Object Repository/TripFocus/Page_TripFocus/input_Username (e.g. email address)_Username'

22-10-2025T10:36:07 - [MESSAGE][PASSED] - Text 'Ashford.Chenault+QACustomerFDGONLY@thekag.com' is set on object 'Object Repository/TripFocus/Page_TripFocus/input_Username (e.g. email address)_Username'

22-10-2025T10:36:07 - [TEST_STEP][PASSED] - setText(findTestObject("Object Repository/TripFocus/Page_TripFocus/input_Password_Password"), TripFocusFDGSPGPassword): Text 'CrashBan911!!' is set on object 'Object Repository/TripFocus/Page_TripFocus/input_Password_Password'

22-10-2025T10:36:07 - [MESSAGE][PASSED] - Text 'CrashBan911!!' is set on object 'Object Repository/TripFocus/Page_TripFocus/input_Password_Password'

22-10-2025T10:36:07 - [TEST_STEP][PASSED] - click(findTestObject("Object Repository/TripFocus/Page_TripFocus/button_Login")): Object: 'Object Repository/TripFocus/Page_TripFocus/button_Login' is clicked on

22-10-2025T10:36:07 - [MESSAGE][PASSED] - Object: 'Object Repository/TripFocus/Page_TripFocus/button_Login' is clicked on

22-10-2025T10:36:07 - [TEST_STEP][PASSED] - maximizeWindow(): Current window maximized

22-10-2025T10:36:07 - [MESSAGE][PASSED] - Current window maximized

22-10-2025T10:36:07 - [TEST_STEP][PASSED] - waitForElementVisible(findTestObject("TripFocus/Testing_Notification_btn"), 15, OPTIONAL): Web element with id: 'Object Repository/TripFocus/Testing_Notification_btn' located by '//*[@id="__BVID__10___BV_modal_footer_"]/button' not found

22-10-2025T10:36:23 - [MESSAGE][INFO] - Unable to find the element located by 'By.xpath: //*[@id="__BVID__10___BV_modal_footer_"]/button'. Please recheck the objects properties to make sure the desired element is located. 

22-10-2025T10:36:23 - [MESSAGE][WARNING] - [SELF-HEALING] Failed to find element with id 'Object Repository/TripFocus/Testing_Notification_btn'. Try using Self-healing.

22-10-2025T10:36:24 - [MESSAGE][INFO] - [SELF-HEALING] No working XPath is found.

22-10-2025T10:36:26 - [MESSAGE][INFO] - Unable to find the element located by 'By.xpath: '. Please recheck the objects properties to make sure the desired element is located. 

22-10-2025T10:36:26 - [MESSAGE][WARNING] - [SELF-HEALING] Cannot find elements when the selector is null

22-10-2025T10:36:26 - [MESSAGE][WARNING] - Web element with id: 'Object Repository/TripFocus/Testing_Notification_btn' located by '//*[@id="__BVID__10___BV_modal_footer_"]/button' not found

22-10-2025T10:36:26 - [TEST_STEP][PASSED] - if (verifyElementVisible(findTestObject("TripFocus/Testing_Notification_btn"), OPTIONAL) == true): Web element with id: 'Object Repository/TripFocus/Testing_Notification_btn' located by '//*[@id="__BVID__10___BV_modal_footer_"]/button' not found (Root cause: com.kms.katalon.core.exception.StepFailedException: Web element with id: 'Object Repository/TripFocus/Testing_Notification_btn' located by '//*[@id="__BVID__10___BV_modal_footer_"]/button' not found
	at com.kms.katalon.core.webui.keyword.internal.WebUIKeywordMain.stepFailed(WebUIKeywordMain.groovy:117)
	at com.kms.katalon.core.webui.keyword.builtin.VerifyElementVisibleKeyword$_verifyElementVisible_closure1.doCall(VerifyElementVisibleKeyword.groovy:89)
	at com.kms.katalon.core.webui.keyword.builtin.VerifyElementVisibleKeyword$_verifyElementVisible_closure1.call(VerifyElementVisibleKeyword.groovy)
	at com.kms.katalon.core.webui.keyword.internal.WebUIKeywordMain.runKeyword(WebUIKeywordMain.groovy:35)
	at com.kms.katalon.core.webui.keyword.builtin.VerifyElementVisibleKeyword.verifyElementVisible(VerifyElementVisibleKeyword.groovy:97)
	at com.kms.katalon.core.webui.keyword.builtin.VerifyElementVisibleKeyword.execute(VerifyElementVisibleKeyword.groovy:67)
	at com.kms.katalon.core.keyword.internal.KeywordExecutor.executeKeywordForPlatform(KeywordExecutor.groovy:74)
	at com.kms.katalon.core.webui.keyword.WebUiBuiltInKeywords.verifyElementVisible(WebUiBuiltInKeywords.groovy:401)
	at com.kms.katalon.core.webui.keyword.WebUiBuiltInKeywords$verifyElementVisible$5.call(Unknown Source)
	at Delete Current Data Restrictions.run(Delete Current Data Restrictions:38)
	at com.kms.katalon.core.main.ScriptEngine.run(ScriptEngine.java:194)
	at com.kms.katalon.core.main.ScriptEngine.runScriptAsRawText(ScriptEngine.java:119)
	at com.kms.katalon.core.main.TestCaseExecutor.runScript(TestCaseExecutor.java:448)
	at com.kms.katalon.core.main.TestCaseExecutor.doExecute(TestCaseExecutor.java:439)
	at com.kms.katalon.core.main.TestCaseExecutor.processExecutionPhase(TestCaseExecutor.java:418)
	at com.kms.katalon.core.main.TestCaseExecutor.accessMainPhase(TestCaseExecutor.java:410)
	at com.kms.katalon.core.main.TestCaseExecutor.execute(TestCaseExecutor.java:285)
	at com.kms.katalon.core.common.CommonExecutor.accessTestCaseMainPhase(CommonExecutor.java:65)
	at com.kms.katalon.core.main.TestSuiteExecutor.accessTestSuiteMainPhase(TestSuiteExecutor.java:150)
	at com.kms.katalon.core.main.TestSuiteExecutor.execute(TestSuiteExecutor.java:106)
	at com.kms.katalon.core.main.TestCaseMain.startTestSuite(TestCaseMain.java:180)
	at com.kms.katalon.core.main.TestCaseMain$startTestSuite$0.call(Unknown Source)
	at TempTestSuite1761139070913.run(TempTestSuite1761139070913.groovy:35)
	at java.base/jdk.internal.reflect.NativeMethodAccessorImpl.invoke0(Native Method)
	at java.base/jdk.internal.reflect.NativeMethodAccessorImpl.invoke(NativeMethodAccessorImpl.java:77)
	at java.base/jdk.internal.reflect.DelegatingMethodAccessorImpl.invoke(DelegatingMethodAccessorImpl.java:43)
)

22-10-2025T10:36:42 - [MESSAGE][INFO] - Unable to find the element located by 'By.xpath: //*[@id="__BVID__10___BV_modal_footer_"]/button'. Please recheck the objects properties to make sure the desired element is located. 

22-10-2025T10:36:42 - [MESSAGE][WARNING] - [SELF-HEALING] Failed to find element with id 'Object Repository/TripFocus/Testing_Notification_btn'. Try using Self-healing.

22-10-2025T10:36:43 - [MESSAGE][INFO] - [SELF-HEALING] No working XPath is found.

22-10-2025T10:36:45 - [MESSAGE][INFO] - Unable to find the element located by 'By.xpath: '. Please recheck the objects properties to make sure the desired element is located. 

22-10-2025T10:36:45 - [MESSAGE][WARNING] - [SELF-HEALING] Cannot find elements when the selector is null

22-10-2025T10:36:45 - [MESSAGE][WARNING] - Web element with id: 'Object Repository/TripFocus/Testing_Notification_btn' located by '//*[@id="__BVID__10___BV_modal_footer_"]/button' not found (Root cause: com.kms.katalon.core.exception.StepFailedException: Web element with id: 'Object Repository/TripFocus/Testing_Notification_btn' located by '//*[@id="__BVID__10___BV_modal_footer_"]/button' not found
	at com.kms.katalon.core.webui.keyword.internal.WebUIKeywordMain.stepFailed(WebUIKeywordMain.groovy:117)
	at com.kms.katalon.core.webui.keyword.builtin.VerifyElementVisibleKeyword$_verifyElementVisible_closure1.doCall(VerifyElementVisibleKeyword.groovy:89)
	at com.kms.katalon.core.webui.keyword.builtin.VerifyElementVisibleKeyword$_verifyElementVisible_closure1.call(VerifyElementVisibleKeyword.groovy)
	at com.kms.katalon.core.webui.keyword.internal.WebUIKeywordMain.runKeyword(WebUIKeywordMain.groovy:35)
	at com.kms.katalon.core.webui.keyword.builtin.VerifyElementVisibleKeyword.verifyElementVisible(VerifyElementVisibleKeyword.groovy:97)
	at com.kms.katalon.core.webui.keyword.builtin.VerifyElementVisibleKeyword.execute(VerifyElementVisibleKeyword.groovy:67)
	at com.kms.katalon.core.keyword.internal.KeywordExecutor.executeKeywordForPlatform(KeywordExecutor.groovy:74)
	at com.kms.katalon.core.webui.keyword.WebUiBuiltInKeywords.verifyElementVisible(WebUiBuiltInKeywords.groovy:401)
	at com.kms.katalon.core.webui.keyword.WebUiBuiltInKeywords$verifyElementVisible$5.call(Unknown Source)
	at Delete Current Data Restrictions.run(Delete Current Data Restrictions:38)
	at com.kms.katalon.core.main.ScriptEngine.run(ScriptEngine.java:194)
	at com.kms.katalon.core.main.ScriptEngine.runScriptAsRawText(ScriptEngine.java:119)
	at com.kms.katalon.core.main.TestCaseExecutor.runScript(TestCaseExecutor.java:448)
	at com.kms.katalon.core.main.TestCaseExecutor.doExecute(TestCaseExecutor.java:439)
	at com.kms.katalon.core.main.TestCaseExecutor.processExecutionPhase(TestCaseExecutor.java:418)
	at com.kms.katalon.core.main.TestCaseExecutor.accessMainPhase(TestCaseExecutor.java:410)
	at com.kms.katalon.core.main.TestCaseExecutor.execute(TestCaseExecutor.java:285)
	at com.kms.katalon.core.common.CommonExecutor.accessTestCaseMainPhase(CommonExecutor.java:65)
	at com.kms.katalon.core.main.TestSuiteExecutor.accessTestSuiteMainPhase(TestSuiteExecutor.java:150)
	at com.kms.katalon.core.main.TestSuiteExecutor.execute(TestSuiteExecutor.java:106)
	at com.kms.katalon.core.main.TestCaseMain.startTestSuite(TestCaseMain.java:180)
	at com.kms.katalon.core.main.TestCaseMain$startTestSuite$0.call(Unknown Source)
	at TempTestSuite1761139070913.run(TempTestSuite1761139070913.groovy:35)
	at java.base/jdk.internal.reflect.NativeMethodAccessorImpl.invoke0(Native Method)
	at java.base/jdk.internal.reflect.NativeMethodAccessorImpl.invoke(NativeMethodAccessorImpl.java:77)
	at java.base/jdk.internal.reflect.DelegatingMethodAccessorImpl.invoke(DelegatingMethodAccessorImpl.java:43)
)

22-10-2025T10:36:45 - [TEST_STEP][PASSED] - click(findTestObject("Object Repository/TripFocus/Page_TripFocus/a_Users")): Object: 'Object Repository/TripFocus/Page_TripFocus/a_Users' is clicked on

22-10-2025T10:36:45 - [MESSAGE][PASSED] - Object: 'Object Repository/TripFocus/Page_TripFocus/a_Users' is clicked on

22-10-2025T10:36:45 - [TEST_STEP][PASSED] - delay(5): Delayed 5 second(s)

22-10-2025T10:36:50 - [MESSAGE][PASSED] - Delayed 5 second(s)

22-10-2025T10:36:50 - [TEST_STEP][PASSED] - setText(findTestObject("TripFocus/Users/User_Search_txt"), "ashfordFDGTesting"): Text 'ashfordFDGTesting' is set on object 'Object Repository/TripFocus/Users/User_Search_txt'

22-10-2025T10:36:51 - [MESSAGE][PASSED] - Text 'ashfordFDGTesting' is set on object 'Object Repository/TripFocus/Users/User_Search_txt'

22-10-2025T10:36:51 - [TEST_STEP][PASSED] - delay(2): Delayed 2 second(s)

22-10-2025T10:36:53 - [MESSAGE][PASSED] - Delayed 2 second(s)

22-10-2025T10:36:53 - [TEST_STEP][PASSED] - click(findTestObject("Object Repository/TripFocus/Page_TripFocus/button_Edit")): Object: 'Object Repository/TripFocus/Page_TripFocus/button_Edit' is clicked on

22-10-2025T10:36:53 - [MESSAGE][PASSED] - Object: 'Object Repository/TripFocus/Page_TripFocus/button_Edit' is clicked on

22-10-2025T10:36:53 - [TEST_STEP][PASSED] - delay(15): Delayed 15 second(s)

22-10-2025T10:37:08 - [MESSAGE][PASSED] - Delayed 15 second(s)

22-10-2025T10:37:08 - [TEST_STEP][PASSED] - click(findTestObject("TripFocus/Users/Data Restrictions/Data_Restrictions_tab")): Object: 'Object Repository/TripFocus/Users/Data Restrictions/Data_Restrictions_tab' is clicked on

22-10-2025T10:37:08 - [MESSAGE][PASSED] - Object: 'Object Repository/TripFocus/Users/Data Restrictions/Data_Restrictions_tab' is clicked on

22-10-2025T10:37:08 - [TEST_STEP][PASSED] - delay(2): Delayed 2 second(s)

22-10-2025T10:37:10 - [MESSAGE][PASSED] - Delayed 2 second(s)

22-10-2025T10:37:10 - [TEST_STEP][PASSED] - click(findTestObject("TripFocus/Users/Data Restrictions/Divisions_dropdown"), STOP_ON_FAILURE): Object: 'Object Repository/TripFocus/Users/Data Restrictions/Divisions_dropdown' is clicked on

22-10-2025T10:37:10 - [MESSAGE][PASSED] - Object: 'Object Repository/TripFocus/Users/Data Restrictions/Divisions_dropdown' is clicked on

22-10-2025T10:37:10 - [TEST_STEP][PASSED] - delay(1): Delayed 1 second(s)

22-10-2025T10:37:11 - [MESSAGE][PASSED] - Delayed 1 second(s)

22-10-2025T10:37:11 - [TEST_STEP][PASSED] - sendKeys(findTestObject("TripFocus/Users/Data Restrictions/Divisions_txt"), "FDG"): Keys 'FDG' sent to object: 'Object Repository/TripFocus/Users/Data Restrictions/Divisions_txt'

22-10-2025T10:37:11 - [MESSAGE][PASSED] - Keys 'FDG' sent to object: 'Object Repository/TripFocus/Users/Data Restrictions/Divisions_txt'

22-10-2025T10:37:11 - [TEST_STEP][PASSED] - delay(1): Delayed 1 second(s)

22-10-2025T10:37:12 - [MESSAGE][PASSED] - Delayed 1 second(s)

22-10-2025T10:37:12 - [TEST_STEP][PASSED] - sendKeys(findTestObject("TripFocus/Users/Data Restrictions/Divisions_txt"), Keys.chord(ENTER)): Keys 'ENTER + ' sent to object: 'Object Repository/TripFocus/Users/Data Restrictions/Divisions_txt'

22-10-2025T10:37:12 - [MESSAGE][PASSED] - Keys 'ENTER + ' sent to object: 'Object Repository/TripFocus/Users/Data Restrictions/Divisions_txt'

22-10-2025T10:37:12 - [TEST_STEP][PASSED] - delay(2): Delayed 2 second(s)

22-10-2025T10:37:14 - [MESSAGE][PASSED] - Delayed 2 second(s)

22-10-2025T10:37:14 - [TEST_STEP][PASSED] - click(findTestObject("TripFocus/Users/Data Restrictions/Account_Of_dropdown"), STOP_ON_FAILURE): Object: 'Object Repository/TripFocus/Users/Data Restrictions/Account_Of_dropdown' is clicked on

22-10-2025T10:37:14 - [MESSAGE][PASSED] - Object: 'Object Repository/TripFocus/Users/Data Restrictions/Account_Of_dropdown' is clicked on

22-10-2025T10:37:14 - [TEST_STEP][PASSED] - delay(1): Delayed 1 second(s)

22-10-2025T10:37:15 - [MESSAGE][PASSED] - Delayed 1 second(s)

22-10-2025T10:37:15 - [TEST_STEP][PASSED] - sendKeys(findTestObject("TripFocus/Users/Data Restrictions/Account_Of_txt"), "ADM"): Keys 'ADM' sent to object: 'Object Repository/TripFocus/Users/Data Restrictions/Account_Of_txt'

22-10-2025T10:37:15 - [MESSAGE][PASSED] - Keys 'ADM' sent to object: 'Object Repository/TripFocus/Users/Data Restrictions/Account_Of_txt'

22-10-2025T10:37:15 - [TEST_STEP][PASSED] - delay(15): Delayed 15 second(s)

22-10-2025T10:37:30 - [MESSAGE][PASSED] - Delayed 15 second(s)

22-10-2025T10:37:30 - [TEST_STEP][PASSED] - sendKeys(findTestObject("TripFocus/Users/Data Restrictions/Account_Of_txt"), Keys.chord(ENTER)): Keys 'ENTER + ' sent to object: 'Object Repository/TripFocus/Users/Data Restrictions/Account_Of_txt'

22-10-2025T10:37:30 - [MESSAGE][PASSED] - Keys 'ENTER + ' sent to object: 'Object Repository/TripFocus/Users/Data Restrictions/Account_Of_txt'

22-10-2025T10:37:30 - [TEST_STEP][PASSED] - delay(1): Delayed 1 second(s)

22-10-2025T10:37:31 - [MESSAGE][PASSED] - Delayed 1 second(s)

22-10-2025T10:37:31 - [TEST_STEP][PASSED] - click(findTestObject("TripFocus/Users/Data Restrictions/Preview_Data_Restrictions_btn"), STOP_ON_FAILURE): Object: 'Object Repository/TripFocus/Users/Data Restrictions/Preview_Data_Restrictions_btn' is clicked on

22-10-2025T10:37:32 - [MESSAGE][PASSED] - Object: 'Object Repository/TripFocus/Users/Data Restrictions/Preview_Data_Restrictions_btn' is clicked on

22-10-2025T10:37:32 - [TEST_STEP][PASSED] - waitForElementVisible(findTestObject("TripFocus/Users/Data Restrictions/Preview_Data_Restrictions_btn"), 10): Object 'Object Repository/TripFocus/Users/Data Restrictions/Preview_Data_Restrictions_btn' is visible

22-10-2025T10:37:32 - [MESSAGE][PASSED] - Object 'Object Repository/TripFocus/Users/Data Restrictions/Preview_Data_Restrictions_btn' is visible

22-10-2025T10:37:32 - [TEST_STEP][PASSED] - click(findTestObject("TripFocus/Users/Data Restrictions/Save_Data_Restrictions_btn"), STOP_ON_FAILURE): Object: 'Object Repository/TripFocus/Users/Data Restrictions/Save_Data_Restrictions_btn' is clicked on

22-10-2025T10:37:32 - [MESSAGE][PASSED] - Object: 'Object Repository/TripFocus/Users/Data Restrictions/Save_Data_Restrictions_btn' is clicked on

22-10-2025T10:37:32 - [TEST_STEP][PASSED] - delay(1): Delayed 1 second(s)

22-10-2025T10:37:33 - [MESSAGE][PASSED] - Delayed 1 second(s)

22-10-2025T10:37:33 - [TEST_STEP][PASSED] - verifyElementPresent(findTestObject("TripFocus/Toasty_Message"), 10): Object 'Object Repository/TripFocus/Toasty_Message' is present

22-10-2025T10:37:33 - [MESSAGE][PASSED] - Object 'Object Repository/TripFocus/Toasty_Message' is present

22-10-2025T10:37:33 - [TEST_STEP][PASSED] - verifyElementText(findTestObject("TripFocus/Toasty_Message"), "User Data Restrictions added successfully."): Actual text and expected text of test object 'Object Repository/TripFocus/Toasty_Message' are matched.

22-10-2025T10:37:33 - [MESSAGE][PASSED] - Actual text and expected text of test object 'Object Repository/TripFocus/Toasty_Message' are matched.

22-10-2025T10:37:33 - [TEST_STEP][PASSED] - delay(2): Delayed 2 second(s)

22-10-2025T10:37:35 - [MESSAGE][PASSED] - Delayed 2 second(s)

22-10-2025T10:37:35 - [TEST_STEP][PASSED] - click(findTestObject("TripFocus/Users/Data Restrictions/Data_Restrictions_tab")): Object: 'Object Repository/TripFocus/Users/Data Restrictions/Data_Restrictions_tab' is clicked on

22-10-2025T10:37:35 - [MESSAGE][PASSED] - Object: 'Object Repository/TripFocus/Users/Data Restrictions/Data_Restrictions_tab' is clicked on

22-10-2025T10:37:35 - [TEST_STEP][PASSED] - delay(2): Delayed 2 second(s)

22-10-2025T10:37:37 - [MESSAGE][PASSED] - Delayed 2 second(s)

22-10-2025T10:37:37 - [TEST_STEP][PASSED] - click(findTestObject("TripFocus/Users/Data Restrictions/Delete_Restriction_btn")): Object: 'Object Repository/TripFocus/Users/Data Restrictions/Delete_Restriction_btn' is clicked on

22-10-2025T10:37:37 - [MESSAGE][PASSED] - Object: 'Object Repository/TripFocus/Users/Data Restrictions/Delete_Restriction_btn' is clicked on

22-10-2025T10:37:37 - [TEST_STEP][PASSED] - Start listener action : retryOnDisconnect: null

22-10-2025T10:37:37 - [TEST_STEP][PASSED] - tcId = testCaseContext.getTestCaseId(): null

22-10-2025T10:37:37 - [TEST_STEP][PASSED] - currentRetry = retryCounts.getOrDefault(tcId, 0): null

22-10-2025T10:37:37 - [TEST_STEP][PASSED] - if (testCaseContext.getTestCaseStatus() == "FAILED" && currentRetry < MAX_RETRIES): null]]></system-out>
         <system-err><![CDATA[]]></system-err>
      </testcase>
      <testcase name="Test Cases/TripFocus/FDG/FDG - UserPage/Edit/Data Restrictions/Verify Reset Data Restrictions Button" time="65.669" classname="Test Cases/TripFocus/FDG/FDG - UserPage/Edit/Data Restrictions/Verify Reset Data Restrictions Button" status="PASSED">
         <system-out><![CDATA[22-10-2025T10:37:37 - [TEST_CASE][PASSED] - Test Cases/TripFocus/FDG/FDG - UserPage/Edit/Data Restrictions/Verify Reset Data Restrictions Button: Test Cases/TripFocus/FDG/FDG - UserPage/Edit/Data Restrictions/Verify Reset Data Restrictions Button

22-10-2025T10:37:37 - [TEST_STEP][PASSED] - Start listener action : beforeTestCase: null

22-10-2025T10:37:37 - [TEST_STEP][PASSED] - addDefaultPackages(): null

22-10-2025T10:37:37 - [TEST_STEP][PASSED] - openBrowser(""): Browser is opened with url: ''

22-10-2025T10:37:37 - [MESSAGE][WARNING] - A browser is already opened. Closing browser and opening a new one

22-10-2025T10:37:37 - [MESSAGE][INFO] - Starting 'Chrome' driver

22-10-2025T10:37:37 - [MESSAGE][INFO] - User set preference: ['args', '[--no-sandbox, --disable-gpu, --disable-dev-shm-usage]']

22-10-2025T10:37:37 - [MESSAGE][INFO] - Action delay is set to 0 milliseconds

22-10-2025T10:37:38 - [MESSAGE][PASSED] - Browser is opened with url: ''

22-10-2025T10:37:38 - [TEST_STEP][PASSED] - navigateToUrl(TFBaseURL): Navigate to 'https://www.qa.tripfocus.com' successfully

22-10-2025T10:37:39 - [MESSAGE][PASSED] - Navigate to 'https://www.qa.tripfocus.com' successfully

22-10-2025T10:37:39 - [TEST_STEP][PASSED] - click(findTestObject("Object Repository/TripFocus/Page_TripFocus/button_Sign in")): Object: 'Object Repository/TripFocus/Page_TripFocus/button_Sign in' is clicked on

22-10-2025T10:37:39 - [MESSAGE][PASSED] - Object: 'Object Repository/TripFocus/Page_TripFocus/button_Sign in' is clicked on

22-10-2025T10:37:39 - [TEST_STEP][PASSED] - setText(findTestObject("Object Repository/TripFocus/Page_TripFocus/input_Username (e.g. email address)_Username"), TripFocusFDGUsername): Text 'Ashford.Chenault+QACustomerFDGONLY@thekag.com' is set on object 'Object Repository/TripFocus/Page_TripFocus/input_Username (e.g. email address)_Username'

22-10-2025T10:37:39 - [MESSAGE][PASSED] - Text 'Ashford.Chenault+QACustomerFDGONLY@thekag.com' is set on object 'Object Repository/TripFocus/Page_TripFocus/input_Username (e.g. email address)_Username'

22-10-2025T10:37:39 - [TEST_STEP][PASSED] - setText(findTestObject("Object Repository/TripFocus/Page_TripFocus/input_Password_Password"), TripFocusFDGSPGPassword): Text 'CrashBan911!!' is set on object 'Object Repository/TripFocus/Page_TripFocus/input_Password_Password'

22-10-2025T10:37:39 - [MESSAGE][PASSED] - Text 'CrashBan911!!' is set on object 'Object Repository/TripFocus/Page_TripFocus/input_Password_Password'

22-10-2025T10:37:39 - [TEST_STEP][PASSED] - click(findTestObject("Object Repository/TripFocus/Page_TripFocus/button_Login")): Object: 'Object Repository/TripFocus/Page_TripFocus/button_Login' is clicked on

22-10-2025T10:37:40 - [MESSAGE][PASSED] - Object: 'Object Repository/TripFocus/Page_TripFocus/button_Login' is clicked on

22-10-2025T10:37:40 - [TEST_STEP][PASSED] - maximizeWindow(): Current window maximized

22-10-2025T10:37:40 - [MESSAGE][PASSED] - Current window maximized

22-10-2025T10:37:40 - [TEST_STEP][PASSED] - waitForElementVisible(findTestObject("TripFocus/Testing_Notification_btn"), 15, OPTIONAL): Web element with id: 'Object Repository/TripFocus/Testing_Notification_btn' located by '//*[@id="__BVID__10___BV_modal_footer_"]/button' not found

22-10-2025T10:37:56 - [MESSAGE][INFO] - Unable to find the element located by 'By.xpath: //*[@id="__BVID__10___BV_modal_footer_"]/button'. Please recheck the objects properties to make sure the desired element is located. 

22-10-2025T10:37:56 - [MESSAGE][WARNING] - [SELF-HEALING] Failed to find element with id 'Object Repository/TripFocus/Testing_Notification_btn'. Try using Self-healing.

22-10-2025T10:37:57 - [MESSAGE][INFO] - [SELF-HEALING] No working XPath is found.

22-10-2025T10:37:59 - [MESSAGE][INFO] - Unable to find the element located by 'By.xpath: '. Please recheck the objects properties to make sure the desired element is located. 

22-10-2025T10:37:59 - [MESSAGE][WARNING] - [SELF-HEALING] Cannot find elements when the selector is null

22-10-2025T10:37:59 - [MESSAGE][WARNING] - Web element with id: 'Object Repository/TripFocus/Testing_Notification_btn' located by '//*[@id="__BVID__10___BV_modal_footer_"]/button' not found

22-10-2025T10:37:59 - [TEST_STEP][PASSED] - if (verifyElementVisible(findTestObject("TripFocus/Testing_Notification_btn"), OPTIONAL) == true): Web element with id: 'Object Repository/TripFocus/Testing_Notification_btn' located by '//*[@id="__BVID__10___BV_modal_footer_"]/button' not found (Root cause: com.kms.katalon.core.exception.StepFailedException: Web element with id: 'Object Repository/TripFocus/Testing_Notification_btn' located by '//*[@id="__BVID__10___BV_modal_footer_"]/button' not found
	at com.kms.katalon.core.webui.keyword.internal.WebUIKeywordMain.stepFailed(WebUIKeywordMain.groovy:117)
	at com.kms.katalon.core.webui.keyword.builtin.VerifyElementVisibleKeyword$_verifyElementVisible_closure1.doCall(VerifyElementVisibleKeyword.groovy:89)
	at com.kms.katalon.core.webui.keyword.builtin.VerifyElementVisibleKeyword$_verifyElementVisible_closure1.call(VerifyElementVisibleKeyword.groovy)
	at com.kms.katalon.core.webui.keyword.internal.WebUIKeywordMain.runKeyword(WebUIKeywordMain.groovy:35)
	at com.kms.katalon.core.webui.keyword.builtin.VerifyElementVisibleKeyword.verifyElementVisible(VerifyElementVisibleKeyword.groovy:97)
	at com.kms.katalon.core.webui.keyword.builtin.VerifyElementVisibleKeyword.execute(VerifyElementVisibleKeyword.groovy:67)
	at com.kms.katalon.core.keyword.internal.KeywordExecutor.executeKeywordForPlatform(KeywordExecutor.groovy:74)
	at com.kms.katalon.core.webui.keyword.WebUiBuiltInKeywords.verifyElementVisible(WebUiBuiltInKeywords.groovy:401)
	at com.kms.katalon.core.webui.keyword.WebUiBuiltInKeywords$verifyElementVisible$5.call(Unknown Source)
	at Verify Reset Data Restrictions Button.run(Verify Reset Data Restrictions Button:38)
	at com.kms.katalon.core.main.ScriptEngine.run(ScriptEngine.java:194)
	at com.kms.katalon.core.main.ScriptEngine.runScriptAsRawText(ScriptEngine.java:119)
	at com.kms.katalon.core.main.TestCaseExecutor.runScript(TestCaseExecutor.java:448)
	at com.kms.katalon.core.main.TestCaseExecutor.doExecute(TestCaseExecutor.java:439)
	at com.kms.katalon.core.main.TestCaseExecutor.processExecutionPhase(TestCaseExecutor.java:418)
	at com.kms.katalon.core.main.TestCaseExecutor.accessMainPhase(TestCaseExecutor.java:410)
	at com.kms.katalon.core.main.TestCaseExecutor.execute(TestCaseExecutor.java:285)
	at com.kms.katalon.core.common.CommonExecutor.accessTestCaseMainPhase(CommonExecutor.java:65)
	at com.kms.katalon.core.main.TestSuiteExecutor.accessTestSuiteMainPhase(TestSuiteExecutor.java:150)
	at com.kms.katalon.core.main.TestSuiteExecutor.execute(TestSuiteExecutor.java:106)
	at com.kms.katalon.core.main.TestCaseMain.startTestSuite(TestCaseMain.java:180)
	at com.kms.katalon.core.main.TestCaseMain$startTestSuite$0.call(Unknown Source)
	at TempTestSuite1761139070913.run(TempTestSuite1761139070913.groovy:35)
	at java.base/jdk.internal.reflect.NativeMethodAccessorImpl.invoke0(Native Method)
	at java.base/jdk.internal.reflect.NativeMethodAccessorImpl.invoke(NativeMethodAccessorImpl.java:77)
	at java.base/jdk.internal.reflect.DelegatingMethodAccessorImpl.invoke(DelegatingMethodAccessorImpl.java:43)
)

22-10-2025T10:38:15 - [MESSAGE][INFO] - Unable to find the element located by 'By.xpath: //*[@id="__BVID__10___BV_modal_footer_"]/button'. Please recheck the objects properties to make sure the desired element is located. 

22-10-2025T10:38:15 - [MESSAGE][WARNING] - [SELF-HEALING] Failed to find element with id 'Object Repository/TripFocus/Testing_Notification_btn'. Try using Self-healing.

22-10-2025T10:38:16 - [MESSAGE][INFO] - [SELF-HEALING] No working XPath is found.

22-10-2025T10:38:18 - [MESSAGE][INFO] - Unable to find the element located by 'By.xpath: '. Please recheck the objects properties to make sure the desired element is located. 

22-10-2025T10:38:18 - [MESSAGE][WARNING] - [SELF-HEALING] Cannot find elements when the selector is null

22-10-2025T10:38:18 - [MESSAGE][WARNING] - Web element with id: 'Object Repository/TripFocus/Testing_Notification_btn' located by '//*[@id="__BVID__10___BV_modal_footer_"]/button' not found (Root cause: com.kms.katalon.core.exception.StepFailedException: Web element with id: 'Object Repository/TripFocus/Testing_Notification_btn' located by '//*[@id="__BVID__10___BV_modal_footer_"]/button' not found
	at com.kms.katalon.core.webui.keyword.internal.WebUIKeywordMain.stepFailed(WebUIKeywordMain.groovy:117)
	at com.kms.katalon.core.webui.keyword.builtin.VerifyElementVisibleKeyword$_verifyElementVisible_closure1.doCall(VerifyElementVisibleKeyword.groovy:89)
	at com.kms.katalon.core.webui.keyword.builtin.VerifyElementVisibleKeyword$_verifyElementVisible_closure1.call(VerifyElementVisibleKeyword.groovy)
	at com.kms.katalon.core.webui.keyword.internal.WebUIKeywordMain.runKeyword(WebUIKeywordMain.groovy:35)
	at com.kms.katalon.core.webui.keyword.builtin.VerifyElementVisibleKeyword.verifyElementVisible(VerifyElementVisibleKeyword.groovy:97)
	at com.kms.katalon.core.webui.keyword.builtin.VerifyElementVisibleKeyword.execute(VerifyElementVisibleKeyword.groovy:67)
	at com.kms.katalon.core.keyword.internal.KeywordExecutor.executeKeywordForPlatform(KeywordExecutor.groovy:74)
	at com.kms.katalon.core.webui.keyword.WebUiBuiltInKeywords.verifyElementVisible(WebUiBuiltInKeywords.groovy:401)
	at com.kms.katalon.core.webui.keyword.WebUiBuiltInKeywords$verifyElementVisible$5.call(Unknown Source)
	at Verify Reset Data Restrictions Button.run(Verify Reset Data Restrictions Button:38)
	at com.kms.katalon.core.main.ScriptEngine.run(ScriptEngine.java:194)
	at com.kms.katalon.core.main.ScriptEngine.runScriptAsRawText(ScriptEngine.java:119)
	at com.kms.katalon.core.main.TestCaseExecutor.runScript(TestCaseExecutor.java:448)
	at com.kms.katalon.core.main.TestCaseExecutor.doExecute(TestCaseExecutor.java:439)
	at com.kms.katalon.core.main.TestCaseExecutor.processExecutionPhase(TestCaseExecutor.java:418)
	at com.kms.katalon.core.main.TestCaseExecutor.accessMainPhase(TestCaseExecutor.java:410)
	at com.kms.katalon.core.main.TestCaseExecutor.execute(TestCaseExecutor.java:285)
	at com.kms.katalon.core.common.CommonExecutor.accessTestCaseMainPhase(CommonExecutor.java:65)
	at com.kms.katalon.core.main.TestSuiteExecutor.accessTestSuiteMainPhase(TestSuiteExecutor.java:150)
	at com.kms.katalon.core.main.TestSuiteExecutor.execute(TestSuiteExecutor.java:106)
	at com.kms.katalon.core.main.TestCaseMain.startTestSuite(TestCaseMain.java:180)
	at com.kms.katalon.core.main.TestCaseMain$startTestSuite$0.call(Unknown Source)
	at TempTestSuite1761139070913.run(TempTestSuite1761139070913.groovy:35)
	at java.base/jdk.internal.reflect.NativeMethodAccessorImpl.invoke0(Native Method)
	at java.base/jdk.internal.reflect.NativeMethodAccessorImpl.invoke(NativeMethodAccessorImpl.java:77)
	at java.base/jdk.internal.reflect.DelegatingMethodAccessorImpl.invoke(DelegatingMethodAccessorImpl.java:43)
)

22-10-2025T10:38:18 - [TEST_STEP][PASSED] - click(findTestObject("Object Repository/TripFocus/Page_TripFocus/a_Users")): Object: 'Object Repository/TripFocus/Page_TripFocus/a_Users' is clicked on

22-10-2025T10:38:18 - [MESSAGE][PASSED] - Object: 'Object Repository/TripFocus/Page_TripFocus/a_Users' is clicked on

22-10-2025T10:38:18 - [TEST_STEP][PASSED] - delay(5): Delayed 5 second(s)

22-10-2025T10:38:23 - [MESSAGE][PASSED] - Delayed 5 second(s)

22-10-2025T10:38:23 - [TEST_STEP][PASSED] - setText(findTestObject("TripFocus/Users/User_Search_txt"), "ashfordFDGTesting"): Text 'ashfordFDGTesting' is set on object 'Object Repository/TripFocus/Users/User_Search_txt'

22-10-2025T10:38:23 - [MESSAGE][PASSED] - Text 'ashfordFDGTesting' is set on object 'Object Repository/TripFocus/Users/User_Search_txt'

22-10-2025T10:38:23 - [TEST_STEP][PASSED] - delay(2): Delayed 2 second(s)

22-10-2025T10:38:25 - [MESSAGE][PASSED] - Delayed 2 second(s)

22-10-2025T10:38:25 - [TEST_STEP][PASSED] - click(findTestObject("Object Repository/TripFocus/Page_TripFocus/button_Edit")): Object: 'Object Repository/TripFocus/Page_TripFocus/button_Edit' is clicked on

22-10-2025T10:38:25 - [MESSAGE][PASSED] - Object: 'Object Repository/TripFocus/Page_TripFocus/button_Edit' is clicked on

22-10-2025T10:38:25 - [TEST_STEP][PASSED] - delay(15): Delayed 15 second(s)

22-10-2025T10:38:40 - [MESSAGE][PASSED] - Delayed 15 second(s)

22-10-2025T10:38:40 - [TEST_STEP][PASSED] - click(findTestObject("TripFocus/Users/Data Restrictions/Data_Restrictions_tab")): Object: 'Object Repository/TripFocus/Users/Data Restrictions/Data_Restrictions_tab' is clicked on

22-10-2025T10:38:41 - [MESSAGE][PASSED] - Object: 'Object Repository/TripFocus/Users/Data Restrictions/Data_Restrictions_tab' is clicked on

22-10-2025T10:38:41 - [TEST_STEP][PASSED] - delay(2): Delayed 2 second(s)

22-10-2025T10:38:43 - [MESSAGE][PASSED] - Delayed 2 second(s)

22-10-2025T10:38:43 - [TEST_STEP][PASSED] - verifyElementPresent(findTestObject("TripFocus/Users/Data Restrictions/Reset_Data_Restrictions_btn"), 10): Object 'Object Repository/TripFocus/Users/Data Restrictions/Reset_Data_Restrictions_btn' is present

22-10-2025T10:38:43 - [MESSAGE][PASSED] - Object 'Object Repository/TripFocus/Users/Data Restrictions/Reset_Data_Restrictions_btn' is present

22-10-2025T10:38:43 - [TEST_STEP][PASSED] - verifyElementVisible(findTestObject("TripFocus/Users/Data Restrictions/Reset_Data_Restrictions_btn"), STOP_ON_FAILURE): Object 'Object Repository/TripFocus/Users/Data Restrictions/Reset_Data_Restrictions_btn' is visible

22-10-2025T10:38:43 - [MESSAGE][PASSED] - Object 'Object Repository/TripFocus/Users/Data Restrictions/Reset_Data_Restrictions_btn' is visible

22-10-2025T10:38:43 - [TEST_STEP][PASSED] - Start listener action : retryOnDisconnect: null

22-10-2025T10:38:43 - [TEST_STEP][PASSED] - tcId = testCaseContext.getTestCaseId(): null

22-10-2025T10:38:43 - [TEST_STEP][PASSED] - currentRetry = retryCounts.getOrDefault(tcId, 0): null

22-10-2025T10:38:43 - [TEST_STEP][PASSED] - if (testCaseContext.getTestCaseStatus() == "FAILED" && currentRetry < MAX_RETRIES): null]]></system-out>
         <system-err><![CDATA[]]></system-err>
      </testcase>
      <testcase name="Test Cases/TripFocus/FDG/FDG - UserPage/Edit/Data Restrictions/Verify User Unable to Edit Own Data Restrictions" time="59.232" classname="Test Cases/TripFocus/FDG/FDG - UserPage/Edit/Data Restrictions/Verify User Unable to Edit Own Data Restrictions" status="PASSED">
         <system-out><![CDATA[22-10-2025T10:38:43 - [TEST_CASE][PASSED] - Test Cases/TripFocus/FDG/FDG - UserPage/Edit/Data Restrictions/Verify User Unable to Edit Own Data Restrictions: Test Cases/TripFocus/FDG/FDG - UserPage/Edit/Data Restrictions/Verify User Unable to Edit Own Data Restrictions

22-10-2025T10:38:43 - [TEST_STEP][PASSED] - Start listener action : beforeTestCase: null

22-10-2025T10:38:43 - [TEST_STEP][PASSED] - addDefaultPackages(): null

22-10-2025T10:38:43 - [TEST_STEP][PASSED] - openBrowser(""): Browser is opened with url: ''

22-10-2025T10:38:43 - [MESSAGE][WARNING] - A browser is already opened. Closing browser and opening a new one

22-10-2025T10:38:43 - [MESSAGE][INFO] - Starting 'Chrome' driver

22-10-2025T10:38:43 - [MESSAGE][INFO] - User set preference: ['args', '[--no-sandbox, --disable-gpu, --disable-dev-shm-usage]']

22-10-2025T10:38:43 - [MESSAGE][INFO] - Action delay is set to 0 milliseconds

22-10-2025T10:38:44 - [MESSAGE][PASSED] - Browser is opened with url: ''

22-10-2025T10:38:44 - [TEST_STEP][PASSED] - navigateToUrl(TFBaseURL): Navigate to 'https://www.qa.tripfocus.com' successfully

22-10-2025T10:38:45 - [MESSAGE][PASSED] - Navigate to 'https://www.qa.tripfocus.com' successfully

22-10-2025T10:38:45 - [TEST_STEP][PASSED] - click(findTestObject("Object Repository/TripFocus/Page_TripFocus/button_Sign in")): Object: 'Object Repository/TripFocus/Page_TripFocus/button_Sign in' is clicked on

22-10-2025T10:38:45 - [MESSAGE][PASSED] - Object: 'Object Repository/TripFocus/Page_TripFocus/button_Sign in' is clicked on

22-10-2025T10:38:45 - [TEST_STEP][PASSED] - setText(findTestObject("Object Repository/TripFocus/Page_TripFocus/input_Username (e.g. email address)_Username"), TripFocusFDGUsername): Text 'Ashford.Chenault+QACustomerFDGONLY@thekag.com' is set on object 'Object Repository/TripFocus/Page_TripFocus/input_Username (e.g. email address)_Username'

22-10-2025T10:38:46 - [MESSAGE][PASSED] - Text 'Ashford.Chenault+QACustomerFDGONLY@thekag.com' is set on object 'Object Repository/TripFocus/Page_TripFocus/input_Username (e.g. email address)_Username'

22-10-2025T10:38:46 - [TEST_STEP][PASSED] - setText(findTestObject("Object Repository/TripFocus/Page_TripFocus/input_Password_Password"), TripFocusFDGSPGPassword): Text 'CrashBan911!!' is set on object 'Object Repository/TripFocus/Page_TripFocus/input_Password_Password'

22-10-2025T10:38:46 - [MESSAGE][PASSED] - Text 'CrashBan911!!' is set on object 'Object Repository/TripFocus/Page_TripFocus/input_Password_Password'

22-10-2025T10:38:46 - [TEST_STEP][PASSED] - click(findTestObject("Object Repository/TripFocus/Page_TripFocus/button_Login")): Object: 'Object Repository/TripFocus/Page_TripFocus/button_Login' is clicked on

22-10-2025T10:38:46 - [MESSAGE][PASSED] - Object: 'Object Repository/TripFocus/Page_TripFocus/button_Login' is clicked on

22-10-2025T10:38:46 - [TEST_STEP][PASSED] - maximizeWindow(): Current window maximized

22-10-2025T10:38:47 - [MESSAGE][PASSED] - Current window maximized

22-10-2025T10:38:47 - [TEST_STEP][PASSED] - waitForElementVisible(findTestObject("TripFocus/Testing_Notification_btn"), 15, OPTIONAL): Web element with id: 'Object Repository/TripFocus/Testing_Notification_btn' located by '//*[@id="__BVID__10___BV_modal_footer_"]/button' not found

22-10-2025T10:39:03 - [MESSAGE][INFO] - Unable to find the element located by 'By.xpath: //*[@id="__BVID__10___BV_modal_footer_"]/button'. Please recheck the objects properties to make sure the desired element is located. 

22-10-2025T10:39:03 - [MESSAGE][WARNING] - [SELF-HEALING] Failed to find element with id 'Object Repository/TripFocus/Testing_Notification_btn'. Try using Self-healing.

22-10-2025T10:39:04 - [MESSAGE][INFO] - [SELF-HEALING] No working XPath is found.

22-10-2025T10:39:06 - [MESSAGE][INFO] - Unable to find the element located by 'By.xpath: '. Please recheck the objects properties to make sure the desired element is located. 

22-10-2025T10:39:06 - [MESSAGE][WARNING] - [SELF-HEALING] Cannot find elements when the selector is null

22-10-2025T10:39:06 - [MESSAGE][WARNING] - Web element with id: 'Object Repository/TripFocus/Testing_Notification_btn' located by '//*[@id="__BVID__10___BV_modal_footer_"]/button' not found

22-10-2025T10:39:06 - [TEST_STEP][PASSED] - if (verifyElementVisible(findTestObject("TripFocus/Testing_Notification_btn"), OPTIONAL) == true): Web element with id: 'Object Repository/TripFocus/Testing_Notification_btn' located by '//*[@id="__BVID__10___BV_modal_footer_"]/button' not found (Root cause: com.kms.katalon.core.exception.StepFailedException: Web element with id: 'Object Repository/TripFocus/Testing_Notification_btn' located by '//*[@id="__BVID__10___BV_modal_footer_"]/button' not found
	at com.kms.katalon.core.webui.keyword.internal.WebUIKeywordMain.stepFailed(WebUIKeywordMain.groovy:117)
	at com.kms.katalon.core.webui.keyword.builtin.VerifyElementVisibleKeyword$_verifyElementVisible_closure1.doCall(VerifyElementVisibleKeyword.groovy:89)
	at com.kms.katalon.core.webui.keyword.builtin.VerifyElementVisibleKeyword$_verifyElementVisible_closure1.call(VerifyElementVisibleKeyword.groovy)
	at com.kms.katalon.core.webui.keyword.internal.WebUIKeywordMain.runKeyword(WebUIKeywordMain.groovy:35)
	at com.kms.katalon.core.webui.keyword.builtin.VerifyElementVisibleKeyword.verifyElementVisible(VerifyElementVisibleKeyword.groovy:97)
	at com.kms.katalon.core.webui.keyword.builtin.VerifyElementVisibleKeyword.execute(VerifyElementVisibleKeyword.groovy:67)
	at com.kms.katalon.core.keyword.internal.KeywordExecutor.executeKeywordForPlatform(KeywordExecutor.groovy:74)
	at com.kms.katalon.core.webui.keyword.WebUiBuiltInKeywords.verifyElementVisible(WebUiBuiltInKeywords.groovy:401)
	at com.kms.katalon.core.webui.keyword.WebUiBuiltInKeywords$verifyElementVisible$5.call(Unknown Source)
	at Verify User Unable to Edit Own Data Restrictions.run(Verify User Unable to Edit Own Data Restrictions:38)
	at com.kms.katalon.core.main.ScriptEngine.run(ScriptEngine.java:194)
	at com.kms.katalon.core.main.ScriptEngine.runScriptAsRawText(ScriptEngine.java:119)
	at com.kms.katalon.core.main.TestCaseExecutor.runScript(TestCaseExecutor.java:448)
	at com.kms.katalon.core.main.TestCaseExecutor.doExecute(TestCaseExecutor.java:439)
	at com.kms.katalon.core.main.TestCaseExecutor.processExecutionPhase(TestCaseExecutor.java:418)
	at com.kms.katalon.core.main.TestCaseExecutor.accessMainPhase(TestCaseExecutor.java:410)
	at com.kms.katalon.core.main.TestCaseExecutor.execute(TestCaseExecutor.java:285)
	at com.kms.katalon.core.common.CommonExecutor.accessTestCaseMainPhase(CommonExecutor.java:65)
	at com.kms.katalon.core.main.TestSuiteExecutor.accessTestSuiteMainPhase(TestSuiteExecutor.java:150)
	at com.kms.katalon.core.main.TestSuiteExecutor.execute(TestSuiteExecutor.java:106)
	at com.kms.katalon.core.main.TestCaseMain.startTestSuite(TestCaseMain.java:180)
	at com.kms.katalon.core.main.TestCaseMain$startTestSuite$0.call(Unknown Source)
	at TempTestSuite1761139070913.run(TempTestSuite1761139070913.groovy:35)
	at java.base/jdk.internal.reflect.NativeMethodAccessorImpl.invoke0(Native Method)
	at java.base/jdk.internal.reflect.NativeMethodAccessorImpl.invoke(NativeMethodAccessorImpl.java:77)
	at java.base/jdk.internal.reflect.DelegatingMethodAccessorImpl.invoke(DelegatingMethodAccessorImpl.java:43)
)

22-10-2025T10:39:22 - [MESSAGE][INFO] - Unable to find the element located by 'By.xpath: //*[@id="__BVID__10___BV_modal_footer_"]/button'. Please recheck the objects properties to make sure the desired element is located. 

22-10-2025T10:39:22 - [MESSAGE][WARNING] - [SELF-HEALING] Failed to find element with id 'Object Repository/TripFocus/Testing_Notification_btn'. Try using Self-healing.

22-10-2025T10:39:23 - [MESSAGE][INFO] - [SELF-HEALING] No working XPath is found.

22-10-2025T10:39:25 - [MESSAGE][INFO] - Unable to find the element located by 'By.xpath: '. Please recheck the objects properties to make sure the desired element is located. 

22-10-2025T10:39:25 - [MESSAGE][WARNING] - [SELF-HEALING] Cannot find elements when the selector is null

22-10-2025T10:39:25 - [MESSAGE][WARNING] - Web element with id: 'Object Repository/TripFocus/Testing_Notification_btn' located by '//*[@id="__BVID__10___BV_modal_footer_"]/button' not found (Root cause: com.kms.katalon.core.exception.StepFailedException: Web element with id: 'Object Repository/TripFocus/Testing_Notification_btn' located by '//*[@id="__BVID__10___BV_modal_footer_"]/button' not found
	at com.kms.katalon.core.webui.keyword.internal.WebUIKeywordMain.stepFailed(WebUIKeywordMain.groovy:117)
	at com.kms.katalon.core.webui.keyword.builtin.VerifyElementVisibleKeyword$_verifyElementVisible_closure1.doCall(VerifyElementVisibleKeyword.groovy:89)
	at com.kms.katalon.core.webui.keyword.builtin.VerifyElementVisibleKeyword$_verifyElementVisible_closure1.call(VerifyElementVisibleKeyword.groovy)
	at com.kms.katalon.core.webui.keyword.internal.WebUIKeywordMain.runKeyword(WebUIKeywordMain.groovy:35)
	at com.kms.katalon.core.webui.keyword.builtin.VerifyElementVisibleKeyword.verifyElementVisible(VerifyElementVisibleKeyword.groovy:97)
	at com.kms.katalon.core.webui.keyword.builtin.VerifyElementVisibleKeyword.execute(VerifyElementVisibleKeyword.groovy:67)
	at com.kms.katalon.core.keyword.internal.KeywordExecutor.executeKeywordForPlatform(KeywordExecutor.groovy:74)
	at com.kms.katalon.core.webui.keyword.WebUiBuiltInKeywords.verifyElementVisible(WebUiBuiltInKeywords.groovy:401)
	at com.kms.katalon.core.webui.keyword.WebUiBuiltInKeywords$verifyElementVisible$5.call(Unknown Source)
	at Verify User Unable to Edit Own Data Restrictions.run(Verify User Unable to Edit Own Data Restrictions:38)
	at com.kms.katalon.core.main.ScriptEngine.run(ScriptEngine.java:194)
	at com.kms.katalon.core.main.ScriptEngine.runScriptAsRawText(ScriptEngine.java:119)
	at com.kms.katalon.core.main.TestCaseExecutor.runScript(TestCaseExecutor.java:448)
	at com.kms.katalon.core.main.TestCaseExecutor.doExecute(TestCaseExecutor.java:439)
	at com.kms.katalon.core.main.TestCaseExecutor.processExecutionPhase(TestCaseExecutor.java:418)
	at com.kms.katalon.core.main.TestCaseExecutor.accessMainPhase(TestCaseExecutor.java:410)
	at com.kms.katalon.core.main.TestCaseExecutor.execute(TestCaseExecutor.java:285)
	at com.kms.katalon.core.common.CommonExecutor.accessTestCaseMainPhase(CommonExecutor.java:65)
	at com.kms.katalon.core.main.TestSuiteExecutor.accessTestSuiteMainPhase(TestSuiteExecutor.java:150)
	at com.kms.katalon.core.main.TestSuiteExecutor.execute(TestSuiteExecutor.java:106)
	at com.kms.katalon.core.main.TestCaseMain.startTestSuite(TestCaseMain.java:180)
	at com.kms.katalon.core.main.TestCaseMain$startTestSuite$0.call(Unknown Source)
	at TempTestSuite1761139070913.run(TempTestSuite1761139070913.groovy:35)
	at java.base/jdk.internal.reflect.NativeMethodAccessorImpl.invoke0(Native Method)
	at java.base/jdk.internal.reflect.NativeMethodAccessorImpl.invoke(NativeMethodAccessorImpl.java:77)
	at java.base/jdk.internal.reflect.DelegatingMethodAccessorImpl.invoke(DelegatingMethodAccessorImpl.java:43)
)

22-10-2025T10:39:25 - [TEST_STEP][PASSED] - click(findTestObject("Object Repository/TripFocus/Page_TripFocus/a_Users")): Object: 'Object Repository/TripFocus/Page_TripFocus/a_Users' is clicked on

22-10-2025T10:39:25 - [MESSAGE][PASSED] - Object: 'Object Repository/TripFocus/Page_TripFocus/a_Users' is clicked on

22-10-2025T10:39:25 - [TEST_STEP][PASSED] - delay(5): Delayed 5 second(s)

22-10-2025T10:39:30 - [MESSAGE][PASSED] - Delayed 5 second(s)

22-10-2025T10:39:30 - [TEST_STEP][PASSED] - setText(findTestObject("TripFocus/Users/User_Search_txt"), "Ashford.Chenault+QACustomerFDGONLY"): Text 'Ashford.Chenault+QACustomerFDGONLY' is set on object 'Object Repository/TripFocus/Users/User_Search_txt'

22-10-2025T10:39:31 - [MESSAGE][PASSED] - Text 'Ashford.Chenault+QACustomerFDGONLY' is set on object 'Object Repository/TripFocus/Users/User_Search_txt'

22-10-2025T10:39:31 - [TEST_STEP][PASSED] - delay(2): Delayed 2 second(s)

22-10-2025T10:39:33 - [MESSAGE][PASSED] - Delayed 2 second(s)

22-10-2025T10:39:33 - [TEST_STEP][PASSED] - click(findTestObject("Object Repository/TripFocus/Page_TripFocus/button_Edit")): Object: 'Object Repository/TripFocus/Page_TripFocus/button_Edit' is clicked on

22-10-2025T10:39:33 - [MESSAGE][PASSED] - Object: 'Object Repository/TripFocus/Page_TripFocus/button_Edit' is clicked on

22-10-2025T10:39:33 - [TEST_STEP][PASSED] - delay(7): Delayed 7 second(s)

22-10-2025T10:39:40 - [MESSAGE][PASSED] - Delayed 7 second(s)

22-10-2025T10:39:40 - [TEST_STEP][PASSED] - click(findTestObject("TripFocus/Users/Data Restrictions/Data_Restrictions_tab")): Object: 'Object Repository/TripFocus/Users/Data Restrictions/Data_Restrictions_tab' is clicked on

22-10-2025T10:39:40 - [MESSAGE][PASSED] - Object: 'Object Repository/TripFocus/Users/Data Restrictions/Data_Restrictions_tab' is clicked on

22-10-2025T10:39:40 - [TEST_STEP][PASSED] - delay(2): Delayed 2 second(s)

22-10-2025T10:39:42 - [MESSAGE][PASSED] - Delayed 2 second(s)

22-10-2025T10:39:42 - [TEST_STEP][PASSED] - verifyElementNotPresent(findTestObject("TripFocus/Users/Data Restrictions/Preview_Data_Restrictions_btn"), 5): Web element with id: 'Object Repository/TripFocus/Users/Data Restrictions/Preview_Data_Restrictions_btn' located by 'By.xpath: /html/body/div/div[2]/div/main/div/div[2]/div/div/div/div[3]/div[2]/div[3]/div/div/div/div[4]/div/button[1]' is not present after '5' second(s)

22-10-2025T10:39:42 - [MESSAGE][PASSED] - Web element with id: 'Object Repository/TripFocus/Users/Data Restrictions/Preview_Data_Restrictions_btn' located by 'By.xpath: /html/body/div/div[2]/div/main/div/div[2]/div/div/div/div[3]/div[2]/div[3]/div/div/div/div[4]/div/button[1]' is not present after '5' second(s)

22-10-2025T10:39:42 - [TEST_STEP][PASSED] - verifyElementNotPresent(findTestObject("TripFocus/Users/Data Restrictions/Reset_Data_Restrictions_btn"), 5): Web element with id: 'Object Repository/TripFocus/Users/Data Restrictions/Reset_Data_Restrictions_btn' located by 'By.xpath: /html/body/div/div[2]/div/main/div/div[2]/div/div/div/div[3]/div[2]/div[3]/div/div/div/div[4]/div/button[2]' is not present after '5' second(s)

22-10-2025T10:39:42 - [MESSAGE][PASSED] - Web element with id: 'Object Repository/TripFocus/Users/Data Restrictions/Reset_Data_Restrictions_btn' located by 'By.xpath: /html/body/div/div[2]/div/main/div/div[2]/div/div/div/div[3]/div[2]/div[3]/div/div/div/div[4]/div/button[2]' is not present after '5' second(s)

22-10-2025T10:39:42 - [TEST_STEP][PASSED] - verifyTextPresent("You are unable to edit your own Data Restrictions, if you feel this information is incorrect, please contact your company administrator.", false): Text 'You are unable to edit your own Data Restrictions, if you feel this information is incorrect, please contact your company administrator.' is present on page 

22-10-2025T10:39:42 - [MESSAGE][PASSED] - Text 'You are unable to edit your own Data Restrictions, if you feel this information is incorrect, please contact your company administrator.' is present on page 

22-10-2025T10:39:42 - [TEST_STEP][PASSED] - Start listener action : retryOnDisconnect: null

22-10-2025T10:39:42 - [TEST_STEP][PASSED] - tcId = testCaseContext.getTestCaseId(): null

22-10-2025T10:39:42 - [TEST_STEP][PASSED] - currentRetry = retryCounts.getOrDefault(tcId, 0): null

22-10-2025T10:39:42 - [TEST_STEP][PASSED] - if (testCaseContext.getTestCaseStatus() == "FAILED" && currentRetry < MAX_RETRIES): null]]></system-out>
         <system-err><![CDATA[]]></system-err>
      </testcase>
      <testcase name="Test Cases/TripFocus/FDG/FDG - UserPage/Edit/Permissions/Add Customer Template Permissions" time="65.471" classname="Test Cases/TripFocus/FDG/FDG - UserPage/Edit/Permissions/Add Customer Template Permissions" status="PASSED">
         <system-out><![CDATA[22-10-2025T10:39:42 - [TEST_CASE][PASSED] - Test Cases/TripFocus/FDG/FDG - UserPage/Edit/Permissions/Add Customer Template Permissions: Test Cases/TripFocus/FDG/FDG - UserPage/Edit/Permissions/Add Customer Template Permissions

22-10-2025T10:39:42 - [TEST_STEP][PASSED] - Start listener action : beforeTestCase: null

22-10-2025T10:39:42 - [TEST_STEP][PASSED] - addDefaultPackages(): null

22-10-2025T10:39:42 - [TEST_STEP][PASSED] - openBrowser(""): Browser is opened with url: ''

22-10-2025T10:39:42 - [MESSAGE][WARNING] - A browser is already opened. Closing browser and opening a new one

22-10-2025T10:39:43 - [MESSAGE][INFO] - Starting 'Chrome' driver

22-10-2025T10:39:43 - [MESSAGE][INFO] - User set preference: ['args', '[--no-sandbox, --disable-gpu, --disable-dev-shm-usage]']

22-10-2025T10:39:43 - [MESSAGE][INFO] - Action delay is set to 0 milliseconds

22-10-2025T10:39:44 - [MESSAGE][PASSED] - Browser is opened with url: ''

22-10-2025T10:39:44 - [TEST_STEP][PASSED] - navigateToUrl(TFBaseURL): Navigate to 'https://www.qa.tripfocus.com' successfully

22-10-2025T10:39:44 - [MESSAGE][PASSED] - Navigate to 'https://www.qa.tripfocus.com' successfully

22-10-2025T10:39:44 - [TEST_STEP][PASSED] - click(findTestObject("Object Repository/TripFocus/Page_TripFocus/button_Sign in")): Object: 'Object Repository/TripFocus/Page_TripFocus/button_Sign in' is clicked on

22-10-2025T10:39:44 - [MESSAGE][PASSED] - Object: 'Object Repository/TripFocus/Page_TripFocus/button_Sign in' is clicked on

22-10-2025T10:39:44 - [TEST_STEP][PASSED] - setText(findTestObject("Object Repository/TripFocus/Page_TripFocus/input_Username (e.g. email address)_Username"), TripFocusFDGUsername): Text 'Ashford.Chenault+QACustomerFDGONLY@thekag.com' is set on object 'Object Repository/TripFocus/Page_TripFocus/input_Username (e.g. email address)_Username'

22-10-2025T10:39:45 - [MESSAGE][PASSED] - Text 'Ashford.Chenault+QACustomerFDGONLY@thekag.com' is set on object 'Object Repository/TripFocus/Page_TripFocus/input_Username (e.g. email address)_Username'

22-10-2025T10:39:45 - [TEST_STEP][PASSED] - setText(findTestObject("Object Repository/TripFocus/Page_TripFocus/input_Password_Password"), TripFocusFDGSPGPassword): Text 'CrashBan911!!' is set on object 'Object Repository/TripFocus/Page_TripFocus/input_Password_Password'

22-10-2025T10:39:45 - [MESSAGE][PASSED] - Text 'CrashBan911!!' is set on object 'Object Repository/TripFocus/Page_TripFocus/input_Password_Password'

22-10-2025T10:39:45 - [TEST_STEP][PASSED] - click(findTestObject("Object Repository/TripFocus/Page_TripFocus/button_Login")): Object: 'Object Repository/TripFocus/Page_TripFocus/button_Login' is clicked on

22-10-2025T10:39:46 - [MESSAGE][PASSED] - Object: 'Object Repository/TripFocus/Page_TripFocus/button_Login' is clicked on

22-10-2025T10:39:46 - [TEST_STEP][PASSED] - maximizeWindow(): Current window maximized

22-10-2025T10:39:46 - [MESSAGE][PASSED] - Current window maximized

22-10-2025T10:39:46 - [TEST_STEP][PASSED] - waitForElementVisible(findTestObject("TripFocus/Testing_Notification_btn"), 15, OPTIONAL): Web element with id: 'Object Repository/TripFocus/Testing_Notification_btn' located by '//*[@id="__BVID__10___BV_modal_footer_"]/button' not found

22-10-2025T10:40:02 - [MESSAGE][INFO] - Unable to find the element located by 'By.xpath: //*[@id="__BVID__10___BV_modal_footer_"]/button'. Please recheck the objects properties to make sure the desired element is located. 

22-10-2025T10:40:02 - [MESSAGE][WARNING] - [SELF-HEALING] Failed to find element with id 'Object Repository/TripFocus/Testing_Notification_btn'. Try using Self-healing.

22-10-2025T10:40:03 - [MESSAGE][INFO] - [SELF-HEALING] No working XPath is found.

22-10-2025T10:40:05 - [MESSAGE][INFO] - Unable to find the element located by 'By.xpath: '. Please recheck the objects properties to make sure the desired element is located. 

22-10-2025T10:40:05 - [MESSAGE][WARNING] - [SELF-HEALING] Cannot find elements when the selector is null

22-10-2025T10:40:05 - [MESSAGE][WARNING] - Web element with id: 'Object Repository/TripFocus/Testing_Notification_btn' located by '//*[@id="__BVID__10___BV_modal_footer_"]/button' not found

22-10-2025T10:40:05 - [TEST_STEP][PASSED] - if (verifyElementVisible(findTestObject("TripFocus/Testing_Notification_btn"), OPTIONAL) == true): Web element with id: 'Object Repository/TripFocus/Testing_Notification_btn' located by '//*[@id="__BVID__10___BV_modal_footer_"]/button' not found (Root cause: com.kms.katalon.core.exception.StepFailedException: Web element with id: 'Object Repository/TripFocus/Testing_Notification_btn' located by '//*[@id="__BVID__10___BV_modal_footer_"]/button' not found
	at com.kms.katalon.core.webui.keyword.internal.WebUIKeywordMain.stepFailed(WebUIKeywordMain.groovy:117)
	at com.kms.katalon.core.webui.keyword.builtin.VerifyElementVisibleKeyword$_verifyElementVisible_closure1.doCall(VerifyElementVisibleKeyword.groovy:89)
	at com.kms.katalon.core.webui.keyword.builtin.VerifyElementVisibleKeyword$_verifyElementVisible_closure1.call(VerifyElementVisibleKeyword.groovy)
	at com.kms.katalon.core.webui.keyword.internal.WebUIKeywordMain.runKeyword(WebUIKeywordMain.groovy:35)
	at com.kms.katalon.core.webui.keyword.builtin.VerifyElementVisibleKeyword.verifyElementVisible(VerifyElementVisibleKeyword.groovy:97)
	at com.kms.katalon.core.webui.keyword.builtin.VerifyElementVisibleKeyword.execute(VerifyElementVisibleKeyword.groovy:67)
	at com.kms.katalon.core.keyword.internal.KeywordExecutor.executeKeywordForPlatform(KeywordExecutor.groovy:74)
	at com.kms.katalon.core.webui.keyword.WebUiBuiltInKeywords.verifyElementVisible(WebUiBuiltInKeywords.groovy:401)
	at com.kms.katalon.core.webui.keyword.WebUiBuiltInKeywords$verifyElementVisible$5.call(Unknown Source)
	at Add Customer Template Permissions.run(Add Customer Template Permissions:38)
	at com.kms.katalon.core.main.ScriptEngine.run(ScriptEngine.java:194)
	at com.kms.katalon.core.main.ScriptEngine.runScriptAsRawText(ScriptEngine.java:119)
	at com.kms.katalon.core.main.TestCaseExecutor.runScript(TestCaseExecutor.java:448)
	at com.kms.katalon.core.main.TestCaseExecutor.doExecute(TestCaseExecutor.java:439)
	at com.kms.katalon.core.main.TestCaseExecutor.processExecutionPhase(TestCaseExecutor.java:418)
	at com.kms.katalon.core.main.TestCaseExecutor.accessMainPhase(TestCaseExecutor.java:410)
	at com.kms.katalon.core.main.TestCaseExecutor.execute(TestCaseExecutor.java:285)
	at com.kms.katalon.core.common.CommonExecutor.accessTestCaseMainPhase(CommonExecutor.java:65)
	at com.kms.katalon.core.main.TestSuiteExecutor.accessTestSuiteMainPhase(TestSuiteExecutor.java:150)
	at com.kms.katalon.core.main.TestSuiteExecutor.execute(TestSuiteExecutor.java:106)
	at com.kms.katalon.core.main.TestCaseMain.startTestSuite(TestCaseMain.java:180)
	at com.kms.katalon.core.main.TestCaseMain$startTestSuite$0.call(Unknown Source)
	at TempTestSuite1761139070913.run(TempTestSuite1761139070913.groovy:35)
	at java.base/jdk.internal.reflect.NativeMethodAccessorImpl.invoke0(Native Method)
	at java.base/jdk.internal.reflect.NativeMethodAccessorImpl.invoke(NativeMethodAccessorImpl.java:77)
	at java.base/jdk.internal.reflect.DelegatingMethodAccessorImpl.invoke(DelegatingMethodAccessorImpl.java:43)
)

22-10-2025T10:40:21 - [MESSAGE][INFO] - Unable to find the element located by 'By.xpath: //*[@id="__BVID__10___BV_modal_footer_"]/button'. Please recheck the objects properties to make sure the desired element is located. 

22-10-2025T10:40:21 - [MESSAGE][WARNING] - [SELF-HEALING] Failed to find element with id 'Object Repository/TripFocus/Testing_Notification_btn'. Try using Self-healing.

22-10-2025T10:40:22 - [MESSAGE][INFO] - [SELF-HEALING] No working XPath is found.

22-10-2025T10:40:24 - [MESSAGE][INFO] - Unable to find the element located by 'By.xpath: '. Please recheck the objects properties to make sure the desired element is located. 

22-10-2025T10:40:24 - [MESSAGE][WARNING] - [SELF-HEALING] Cannot find elements when the selector is null

22-10-2025T10:40:24 - [MESSAGE][WARNING] - Web element with id: 'Object Repository/TripFocus/Testing_Notification_btn' located by '//*[@id="__BVID__10___BV_modal_footer_"]/button' not found (Root cause: com.kms.katalon.core.exception.StepFailedException: Web element with id: 'Object Repository/TripFocus/Testing_Notification_btn' located by '//*[@id="__BVID__10___BV_modal_footer_"]/button' not found
	at com.kms.katalon.core.webui.keyword.internal.WebUIKeywordMain.stepFailed(WebUIKeywordMain.groovy:117)
	at com.kms.katalon.core.webui.keyword.builtin.VerifyElementVisibleKeyword$_verifyElementVisible_closure1.doCall(VerifyElementVisibleKeyword.groovy:89)
	at com.kms.katalon.core.webui.keyword.builtin.VerifyElementVisibleKeyword$_verifyElementVisible_closure1.call(VerifyElementVisibleKeyword.groovy)
	at com.kms.katalon.core.webui.keyword.internal.WebUIKeywordMain.runKeyword(WebUIKeywordMain.groovy:35)
	at com.kms.katalon.core.webui.keyword.builtin.VerifyElementVisibleKeyword.verifyElementVisible(VerifyElementVisibleKeyword.groovy:97)
	at com.kms.katalon.core.webui.keyword.builtin.VerifyElementVisibleKeyword.execute(VerifyElementVisibleKeyword.groovy:67)
	at com.kms.katalon.core.keyword.internal.KeywordExecutor.executeKeywordForPlatform(KeywordExecutor.groovy:74)
	at com.kms.katalon.core.webui.keyword.WebUiBuiltInKeywords.verifyElementVisible(WebUiBuiltInKeywords.groovy:401)
	at com.kms.katalon.core.webui.keyword.WebUiBuiltInKeywords$verifyElementVisible$5.call(Unknown Source)
	at Add Customer Template Permissions.run(Add Customer Template Permissions:38)
	at com.kms.katalon.core.main.ScriptEngine.run(ScriptEngine.java:194)
	at com.kms.katalon.core.main.ScriptEngine.runScriptAsRawText(ScriptEngine.java:119)
	at com.kms.katalon.core.main.TestCaseExecutor.runScript(TestCaseExecutor.java:448)
	at com.kms.katalon.core.main.TestCaseExecutor.doExecute(TestCaseExecutor.java:439)
	at com.kms.katalon.core.main.TestCaseExecutor.processExecutionPhase(TestCaseExecutor.java:418)
	at com.kms.katalon.core.main.TestCaseExecutor.accessMainPhase(TestCaseExecutor.java:410)
	at com.kms.katalon.core.main.TestCaseExecutor.execute(TestCaseExecutor.java:285)
	at com.kms.katalon.core.common.CommonExecutor.accessTestCaseMainPhase(CommonExecutor.java:65)
	at com.kms.katalon.core.main.TestSuiteExecutor.accessTestSuiteMainPhase(TestSuiteExecutor.java:150)
	at com.kms.katalon.core.main.TestSuiteExecutor.execute(TestSuiteExecutor.java:106)
	at com.kms.katalon.core.main.TestCaseMain.startTestSuite(TestCaseMain.java:180)
	at com.kms.katalon.core.main.TestCaseMain$startTestSuite$0.call(Unknown Source)
	at TempTestSuite1761139070913.run(TempTestSuite1761139070913.groovy:35)
	at java.base/jdk.internal.reflect.NativeMethodAccessorImpl.invoke0(Native Method)
	at java.base/jdk.internal.reflect.NativeMethodAccessorImpl.invoke(NativeMethodAccessorImpl.java:77)
	at java.base/jdk.internal.reflect.DelegatingMethodAccessorImpl.invoke(DelegatingMethodAccessorImpl.java:43)
)

22-10-2025T10:40:24 - [TEST_STEP][PASSED] - click(findTestObject("Object Repository/TripFocus/Page_TripFocus/a_Users")): Object: 'Object Repository/TripFocus/Page_TripFocus/a_Users' is clicked on

22-10-2025T10:40:24 - [MESSAGE][PASSED] - Object: 'Object Repository/TripFocus/Page_TripFocus/a_Users' is clicked on

22-10-2025T10:40:24 - [TEST_STEP][PASSED] - delay(5): Delayed 5 second(s)

22-10-2025T10:40:29 - [MESSAGE][PASSED] - Delayed 5 second(s)

22-10-2025T10:40:29 - [TEST_STEP][PASSED] - setText(findTestObject("TripFocus/Users/User_Search_txt"), "ashfordFDGTesting"): Text 'ashfordFDGTesting' is set on object 'Object Repository/TripFocus/Users/User_Search_txt'

22-10-2025T10:40:29 - [MESSAGE][PASSED] - Text 'ashfordFDGTesting' is set on object 'Object Repository/TripFocus/Users/User_Search_txt'

22-10-2025T10:40:29 - [TEST_STEP][PASSED] - delay(2): Delayed 2 second(s)

22-10-2025T10:40:31 - [MESSAGE][PASSED] - Delayed 2 second(s)

22-10-2025T10:40:31 - [TEST_STEP][PASSED] - click(findTestObject("Object Repository/TripFocus/Page_TripFocus/button_Edit")): Object: 'Object Repository/TripFocus/Page_TripFocus/button_Edit' is clicked on

22-10-2025T10:40:32 - [MESSAGE][PASSED] - Object: 'Object Repository/TripFocus/Page_TripFocus/button_Edit' is clicked on

22-10-2025T10:40:32 - [TEST_STEP][PASSED] - delay(7): Delayed 7 second(s)

22-10-2025T10:40:39 - [MESSAGE][PASSED] - Delayed 7 second(s)

22-10-2025T10:40:39 - [TEST_STEP][PASSED] - click(findTestObject("TripFocus/Users/Permissions/Permissions_tab")): Object: 'Object Repository/TripFocus/Users/Permissions/Permissions_tab' is clicked on

22-10-2025T10:40:39 - [MESSAGE][PASSED] - Object: 'Object Repository/TripFocus/Users/Permissions/Permissions_tab' is clicked on

22-10-2025T10:40:39 - [TEST_STEP][PASSED] - delay(2): Delayed 2 second(s)

22-10-2025T10:40:41 - [MESSAGE][PASSED] - Delayed 2 second(s)

22-10-2025T10:40:41 - [TEST_STEP][PASSED] - click(findTestObject("TripFocus/Users/Permissions/User_Permissions_dropdown"), STOP_ON_FAILURE): Object: 'Object Repository/TripFocus/Users/Permissions/User_Permissions_dropdown' is clicked on

22-10-2025T10:40:41 - [MESSAGE][PASSED] - Object: 'Object Repository/TripFocus/Users/Permissions/User_Permissions_dropdown' is clicked on

22-10-2025T10:40:41 - [TEST_STEP][PASSED] - delay(1): Delayed 1 second(s)

22-10-2025T10:40:42 - [MESSAGE][PASSED] - Delayed 1 second(s)

22-10-2025T10:40:42 - [TEST_STEP][PASSED] - sendKeys(findTestObject("TripFocus/Users/Permissions/User_Permissions_txt"), "CustomerTemplate"): Keys 'CustomerTemplate' sent to object: 'Object Repository/TripFocus/Users/Permissions/User_Permissions_txt'

22-10-2025T10:40:42 - [MESSAGE][PASSED] - Keys 'CustomerTemplate' sent to object: 'Object Repository/TripFocus/Users/Permissions/User_Permissions_txt'

22-10-2025T10:40:42 - [TEST_STEP][PASSED] - delay(1): Delayed 1 second(s)

22-10-2025T10:40:43 - [MESSAGE][PASSED] - Delayed 1 second(s)

22-10-2025T10:40:43 - [TEST_STEP][PASSED] - sendKeys(findTestObject("TripFocus/Users/Permissions/User_Permissions_txt"), Keys.chord(ENTER)): Keys 'ENTER + ' sent to object: 'Object Repository/TripFocus/Users/Permissions/User_Permissions_txt'

22-10-2025T10:40:43 - [MESSAGE][PASSED] - Keys 'ENTER + ' sent to object: 'Object Repository/TripFocus/Users/Permissions/User_Permissions_txt'

22-10-2025T10:40:43 - [TEST_STEP][PASSED] - delay(1): Delayed 1 second(s)

22-10-2025T10:40:44 - [MESSAGE][PASSED] - Delayed 1 second(s)

22-10-2025T10:40:44 - [TEST_STEP][PASSED] - click(findTestObject("TripFocus/Users/Edit_User_lbl"), STOP_ON_FAILURE): Object: 'Object Repository/TripFocus/Users/Edit_User_lbl' is clicked on

22-10-2025T10:40:44 - [MESSAGE][PASSED] - Object: 'Object Repository/TripFocus/Users/Edit_User_lbl' is clicked on

22-10-2025T10:40:44 - [TEST_STEP][PASSED] - delay(2): Delayed 2 second(s)

22-10-2025T10:40:46 - [MESSAGE][PASSED] - Delayed 2 second(s)

22-10-2025T10:40:46 - [TEST_STEP][PASSED] - waitForElementVisible(findTestObject("TripFocus/Users/Permissions/Save_User_Permissions_btn_(Use for Non-image)"), 10): Object 'Object Repository/TripFocus/Users/Permissions/Save_User_Permissions_btn_(Use for Non-image)' is visible

22-10-2025T10:40:46 - [MESSAGE][PASSED] - Object 'Object Repository/TripFocus/Users/Permissions/Save_User_Permissions_btn_(Use for Non-image)' is visible

22-10-2025T10:40:46 - [TEST_STEP][PASSED] - click(findTestObject("TripFocus/Users/Permissions/Save_User_Permissions_btn_(Use for Non-image)"), STOP_ON_FAILURE): Object: 'Object Repository/TripFocus/Users/Permissions/Save_User_Permissions_btn_(Use for Non-image)' is clicked on

22-10-2025T10:40:46 - [MESSAGE][PASSED] - Object: 'Object Repository/TripFocus/Users/Permissions/Save_User_Permissions_btn_(Use for Non-image)' is clicked on

22-10-2025T10:40:46 - [TEST_STEP][PASSED] - delay(1): Delayed 1 second(s)

22-10-2025T10:40:47 - [MESSAGE][PASSED] - Delayed 1 second(s)

22-10-2025T10:40:47 - [TEST_STEP][PASSED] - verifyElementPresent(findTestObject("TripFocus/Toasty_Message"), 10): Object 'Object Repository/TripFocus/Toasty_Message' is present

22-10-2025T10:40:47 - [MESSAGE][PASSED] - Object 'Object Repository/TripFocus/Toasty_Message' is present

22-10-2025T10:40:47 - [TEST_STEP][PASSED] - verifyElementText(findTestObject("TripFocus/Toasty_Message"), "User Permissions updated successfully."): Actual text and expected text of test object 'Object Repository/TripFocus/Toasty_Message' are matched.

22-10-2025T10:40:47 - [MESSAGE][PASSED] - Actual text and expected text of test object 'Object Repository/TripFocus/Toasty_Message' are matched.

22-10-2025T10:40:47 - [TEST_STEP][PASSED] - Start listener action : retryOnDisconnect: null

22-10-2025T10:40:47 - [TEST_STEP][PASSED] - tcId = testCaseContext.getTestCaseId(): null

22-10-2025T10:40:47 - [TEST_STEP][PASSED] - currentRetry = retryCounts.getOrDefault(tcId, 0): null

22-10-2025T10:40:47 - [TEST_STEP][PASSED] - if (testCaseContext.getTestCaseStatus() == "FAILED" && currentRetry < MAX_RETRIES): null]]></system-out>
         <system-err><![CDATA[]]></system-err>
      </testcase>
      <testcase name="Test Cases/TripFocus/FDG/FDG - UserPage/Edit/Permissions/Verify Reset User Permissions Button" time="58.677" classname="Test Cases/TripFocus/FDG/FDG - UserPage/Edit/Permissions/Verify Reset User Permissions Button" status="PASSED">
         <system-out><![CDATA[22-10-2025T10:40:47 - [TEST_CASE][PASSED] - Test Cases/TripFocus/FDG/FDG - UserPage/Edit/Permissions/Verify Reset User Permissions Button: Test Cases/TripFocus/FDG/FDG - UserPage/Edit/Permissions/Verify Reset User Permissions Button

22-10-2025T10:40:47 - [TEST_STEP][PASSED] - Start listener action : beforeTestCase: null

22-10-2025T10:40:47 - [TEST_STEP][PASSED] - addDefaultPackages(): null

22-10-2025T10:40:48 - [TEST_STEP][PASSED] - openBrowser(""): Browser is opened with url: ''

22-10-2025T10:40:48 - [MESSAGE][WARNING] - A browser is already opened. Closing browser and opening a new one

22-10-2025T10:40:48 - [MESSAGE][INFO] - Starting 'Chrome' driver

22-10-2025T10:40:48 - [MESSAGE][INFO] - User set preference: ['args', '[--no-sandbox, --disable-gpu, --disable-dev-shm-usage]']

22-10-2025T10:40:48 - [MESSAGE][INFO] - Action delay is set to 0 milliseconds

22-10-2025T10:40:49 - [MESSAGE][PASSED] - Browser is opened with url: ''

22-10-2025T10:40:49 - [TEST_STEP][PASSED] - navigateToUrl(TFBaseURL): Navigate to 'https://www.qa.tripfocus.com' successfully

22-10-2025T10:40:50 - [MESSAGE][PASSED] - Navigate to 'https://www.qa.tripfocus.com' successfully

22-10-2025T10:40:50 - [TEST_STEP][PASSED] - click(findTestObject("Object Repository/TripFocus/Page_TripFocus/button_Sign in")): Object: 'Object Repository/TripFocus/Page_TripFocus/button_Sign in' is clicked on

22-10-2025T10:40:50 - [MESSAGE][PASSED] - Object: 'Object Repository/TripFocus/Page_TripFocus/button_Sign in' is clicked on

22-10-2025T10:40:50 - [TEST_STEP][PASSED] - setText(findTestObject("Object Repository/TripFocus/Page_TripFocus/input_Username (e.g. email address)_Username"), TripFocusFDGUsername): Text 'Ashford.Chenault+QACustomerFDGONLY@thekag.com' is set on object 'Object Repository/TripFocus/Page_TripFocus/input_Username (e.g. email address)_Username'

22-10-2025T10:40:50 - [MESSAGE][PASSED] - Text 'Ashford.Chenault+QACustomerFDGONLY@thekag.com' is set on object 'Object Repository/TripFocus/Page_TripFocus/input_Username (e.g. email address)_Username'

22-10-2025T10:40:50 - [TEST_STEP][PASSED] - setText(findTestObject("Object Repository/TripFocus/Page_TripFocus/input_Password_Password"), TripFocusFDGSPGPassword): Text 'CrashBan911!!' is set on object 'Object Repository/TripFocus/Page_TripFocus/input_Password_Password'

22-10-2025T10:40:51 - [MESSAGE][PASSED] - Text 'CrashBan911!!' is set on object 'Object Repository/TripFocus/Page_TripFocus/input_Password_Password'

22-10-2025T10:40:51 - [TEST_STEP][PASSED] - click(findTestObject("Object Repository/TripFocus/Page_TripFocus/button_Login")): Object: 'Object Repository/TripFocus/Page_TripFocus/button_Login' is clicked on

22-10-2025T10:40:51 - [MESSAGE][PASSED] - Object: 'Object Repository/TripFocus/Page_TripFocus/button_Login' is clicked on

22-10-2025T10:40:51 - [TEST_STEP][PASSED] - maximizeWindow(): Current window maximized

22-10-2025T10:40:51 - [MESSAGE][PASSED] - Current window maximized

22-10-2025T10:40:51 - [TEST_STEP][PASSED] - waitForElementVisible(findTestObject("TripFocus/Testing_Notification_btn"), 15, OPTIONAL): Web element with id: 'Object Repository/TripFocus/Testing_Notification_btn' located by '//*[@id="__BVID__10___BV_modal_footer_"]/button' not found

22-10-2025T10:41:07 - [MESSAGE][INFO] - Unable to find the element located by 'By.xpath: //*[@id="__BVID__10___BV_modal_footer_"]/button'. Please recheck the objects properties to make sure the desired element is located. 

22-10-2025T10:41:07 - [MESSAGE][WARNING] - [SELF-HEALING] Failed to find element with id 'Object Repository/TripFocus/Testing_Notification_btn'. Try using Self-healing.

22-10-2025T10:41:08 - [MESSAGE][INFO] - [SELF-HEALING] No working XPath is found.

22-10-2025T10:41:10 - [MESSAGE][INFO] - Unable to find the element located by 'By.xpath: '. Please recheck the objects properties to make sure the desired element is located. 

22-10-2025T10:41:10 - [MESSAGE][WARNING] - [SELF-HEALING] Cannot find elements when the selector is null

22-10-2025T10:41:10 - [MESSAGE][WARNING] - Web element with id: 'Object Repository/TripFocus/Testing_Notification_btn' located by '//*[@id="__BVID__10___BV_modal_footer_"]/button' not found

22-10-2025T10:41:10 - [TEST_STEP][PASSED] - if (verifyElementVisible(findTestObject("TripFocus/Testing_Notification_btn"), OPTIONAL) == true): Web element with id: 'Object Repository/TripFocus/Testing_Notification_btn' located by '//*[@id="__BVID__10___BV_modal_footer_"]/button' not found (Root cause: com.kms.katalon.core.exception.StepFailedException: Web element with id: 'Object Repository/TripFocus/Testing_Notification_btn' located by '//*[@id="__BVID__10___BV_modal_footer_"]/button' not found
	at com.kms.katalon.core.webui.keyword.internal.WebUIKeywordMain.stepFailed(WebUIKeywordMain.groovy:117)
	at com.kms.katalon.core.webui.keyword.builtin.VerifyElementVisibleKeyword$_verifyElementVisible_closure1.doCall(VerifyElementVisibleKeyword.groovy:89)
	at com.kms.katalon.core.webui.keyword.builtin.VerifyElementVisibleKeyword$_verifyElementVisible_closure1.call(VerifyElementVisibleKeyword.groovy)
	at com.kms.katalon.core.webui.keyword.internal.WebUIKeywordMain.runKeyword(WebUIKeywordMain.groovy:35)
	at com.kms.katalon.core.webui.keyword.builtin.VerifyElementVisibleKeyword.verifyElementVisible(VerifyElementVisibleKeyword.groovy:97)
	at com.kms.katalon.core.webui.keyword.builtin.VerifyElementVisibleKeyword.execute(VerifyElementVisibleKeyword.groovy:67)
	at com.kms.katalon.core.keyword.internal.KeywordExecutor.executeKeywordForPlatform(KeywordExecutor.groovy:74)
	at com.kms.katalon.core.webui.keyword.WebUiBuiltInKeywords.verifyElementVisible(WebUiBuiltInKeywords.groovy:401)
	at com.kms.katalon.core.webui.keyword.WebUiBuiltInKeywords$verifyElementVisible$5.call(Unknown Source)
	at Verify Reset User Permissions Button.run(Verify Reset User Permissions Button:38)
	at com.kms.katalon.core.main.ScriptEngine.run(ScriptEngine.java:194)
	at com.kms.katalon.core.main.ScriptEngine.runScriptAsRawText(ScriptEngine.java:119)
	at com.kms.katalon.core.main.TestCaseExecutor.runScript(TestCaseExecutor.java:448)
	at com.kms.katalon.core.main.TestCaseExecutor.doExecute(TestCaseExecutor.java:439)
	at com.kms.katalon.core.main.TestCaseExecutor.processExecutionPhase(TestCaseExecutor.java:418)
	at com.kms.katalon.core.main.TestCaseExecutor.accessMainPhase(TestCaseExecutor.java:410)
	at com.kms.katalon.core.main.TestCaseExecutor.execute(TestCaseExecutor.java:285)
	at com.kms.katalon.core.common.CommonExecutor.accessTestCaseMainPhase(CommonExecutor.java:65)
	at com.kms.katalon.core.main.TestSuiteExecutor.accessTestSuiteMainPhase(TestSuiteExecutor.java:150)
	at com.kms.katalon.core.main.TestSuiteExecutor.execute(TestSuiteExecutor.java:106)
	at com.kms.katalon.core.main.TestCaseMain.startTestSuite(TestCaseMain.java:180)
	at com.kms.katalon.core.main.TestCaseMain$startTestSuite$0.call(Unknown Source)
	at TempTestSuite1761139070913.run(TempTestSuite1761139070913.groovy:35)
	at java.base/jdk.internal.reflect.NativeMethodAccessorImpl.invoke0(Native Method)
	at java.base/jdk.internal.reflect.NativeMethodAccessorImpl.invoke(NativeMethodAccessorImpl.java:77)
	at java.base/jdk.internal.reflect.DelegatingMethodAccessorImpl.invoke(DelegatingMethodAccessorImpl.java:43)
)

22-10-2025T10:41:26 - [MESSAGE][INFO] - Unable to find the element located by 'By.xpath: //*[@id="__BVID__10___BV_modal_footer_"]/button'. Please recheck the objects properties to make sure the desired element is located. 

22-10-2025T10:41:26 - [MESSAGE][WARNING] - [SELF-HEALING] Failed to find element with id 'Object Repository/TripFocus/Testing_Notification_btn'. Try using Self-healing.

22-10-2025T10:41:27 - [MESSAGE][INFO] - [SELF-HEALING] No working XPath is found.

22-10-2025T10:41:29 - [MESSAGE][INFO] - Unable to find the element located by 'By.xpath: '. Please recheck the objects properties to make sure the desired element is located. 

22-10-2025T10:41:29 - [MESSAGE][WARNING] - [SELF-HEALING] Cannot find elements when the selector is null

22-10-2025T10:41:29 - [MESSAGE][WARNING] - Web element with id: 'Object Repository/TripFocus/Testing_Notification_btn' located by '//*[@id="__BVID__10___BV_modal_footer_"]/button' not found (Root cause: com.kms.katalon.core.exception.StepFailedException: Web element with id: 'Object Repository/TripFocus/Testing_Notification_btn' located by '//*[@id="__BVID__10___BV_modal_footer_"]/button' not found
	at com.kms.katalon.core.webui.keyword.internal.WebUIKeywordMain.stepFailed(WebUIKeywordMain.groovy:117)
	at com.kms.katalon.core.webui.keyword.builtin.VerifyElementVisibleKeyword$_verifyElementVisible_closure1.doCall(VerifyElementVisibleKeyword.groovy:89)
	at com.kms.katalon.core.webui.keyword.builtin.VerifyElementVisibleKeyword$_verifyElementVisible_closure1.call(VerifyElementVisibleKeyword.groovy)
	at com.kms.katalon.core.webui.keyword.internal.WebUIKeywordMain.runKeyword(WebUIKeywordMain.groovy:35)
	at com.kms.katalon.core.webui.keyword.builtin.VerifyElementVisibleKeyword.verifyElementVisible(VerifyElementVisibleKeyword.groovy:97)
	at com.kms.katalon.core.webui.keyword.builtin.VerifyElementVisibleKeyword.execute(VerifyElementVisibleKeyword.groovy:67)
	at com.kms.katalon.core.keyword.internal.KeywordExecutor.executeKeywordForPlatform(KeywordExecutor.groovy:74)
	at com.kms.katalon.core.webui.keyword.WebUiBuiltInKeywords.verifyElementVisible(WebUiBuiltInKeywords.groovy:401)
	at com.kms.katalon.core.webui.keyword.WebUiBuiltInKeywords$verifyElementVisible$5.call(Unknown Source)
	at Verify Reset User Permissions Button.run(Verify Reset User Permissions Button:38)
	at com.kms.katalon.core.main.ScriptEngine.run(ScriptEngine.java:194)
	at com.kms.katalon.core.main.ScriptEngine.runScriptAsRawText(ScriptEngine.java:119)
	at com.kms.katalon.core.main.TestCaseExecutor.runScript(TestCaseExecutor.java:448)
	at com.kms.katalon.core.main.TestCaseExecutor.doExecute(TestCaseExecutor.java:439)
	at com.kms.katalon.core.main.TestCaseExecutor.processExecutionPhase(TestCaseExecutor.java:418)
	at com.kms.katalon.core.main.TestCaseExecutor.accessMainPhase(TestCaseExecutor.java:410)
	at com.kms.katalon.core.main.TestCaseExecutor.execute(TestCaseExecutor.java:285)
	at com.kms.katalon.core.common.CommonExecutor.accessTestCaseMainPhase(CommonExecutor.java:65)
	at com.kms.katalon.core.main.TestSuiteExecutor.accessTestSuiteMainPhase(TestSuiteExecutor.java:150)
	at com.kms.katalon.core.main.TestSuiteExecutor.execute(TestSuiteExecutor.java:106)
	at com.kms.katalon.core.main.TestCaseMain.startTestSuite(TestCaseMain.java:180)
	at com.kms.katalon.core.main.TestCaseMain$startTestSuite$0.call(Unknown Source)
	at TempTestSuite1761139070913.run(TempTestSuite1761139070913.groovy:35)
	at java.base/jdk.internal.reflect.NativeMethodAccessorImpl.invoke0(Native Method)
	at java.base/jdk.internal.reflect.NativeMethodAccessorImpl.invoke(NativeMethodAccessorImpl.java:77)
	at java.base/jdk.internal.reflect.DelegatingMethodAccessorImpl.invoke(DelegatingMethodAccessorImpl.java:43)
)

22-10-2025T10:41:29 - [TEST_STEP][PASSED] - click(findTestObject("Object Repository/TripFocus/Page_TripFocus/a_Users")): Object: 'Object Repository/TripFocus/Page_TripFocus/a_Users' is clicked on

22-10-2025T10:41:29 - [MESSAGE][PASSED] - Object: 'Object Repository/TripFocus/Page_TripFocus/a_Users' is clicked on

22-10-2025T10:41:29 - [TEST_STEP][PASSED] - delay(5): Delayed 5 second(s)

22-10-2025T10:41:34 - [MESSAGE][PASSED] - Delayed 5 second(s)

22-10-2025T10:41:34 - [TEST_STEP][PASSED] - setText(findTestObject("TripFocus/Users/User_Search_txt"), "ashfordFDGTesting"): Text 'ashfordFDGTesting' is set on object 'Object Repository/TripFocus/Users/User_Search_txt'

22-10-2025T10:41:35 - [MESSAGE][PASSED] - Text 'ashfordFDGTesting' is set on object 'Object Repository/TripFocus/Users/User_Search_txt'

22-10-2025T10:41:35 - [TEST_STEP][PASSED] - delay(2): Delayed 2 second(s)

22-10-2025T10:41:37 - [MESSAGE][PASSED] - Delayed 2 second(s)

22-10-2025T10:41:37 - [TEST_STEP][PASSED] - click(findTestObject("Object Repository/TripFocus/Page_TripFocus/button_Edit")): Object: 'Object Repository/TripFocus/Page_TripFocus/button_Edit' is clicked on

22-10-2025T10:41:37 - [MESSAGE][PASSED] - Object: 'Object Repository/TripFocus/Page_TripFocus/button_Edit' is clicked on

22-10-2025T10:41:37 - [TEST_STEP][PASSED] - delay(7): Delayed 7 second(s)

22-10-2025T10:41:44 - [MESSAGE][PASSED] - Delayed 7 second(s)

22-10-2025T10:41:44 - [TEST_STEP][PASSED] - click(findTestObject("TripFocus/Users/Permissions/Permissions_tab")): Object: 'Object Repository/TripFocus/Users/Permissions/Permissions_tab' is clicked on

22-10-2025T10:41:44 - [MESSAGE][PASSED] - Object: 'Object Repository/TripFocus/Users/Permissions/Permissions_tab' is clicked on

22-10-2025T10:41:44 - [TEST_STEP][PASSED] - delay(2): Delayed 2 second(s)

22-10-2025T10:41:46 - [MESSAGE][PASSED] - Delayed 2 second(s)

22-10-2025T10:41:46 - [TEST_STEP][PASSED] - waitForElementVisible(findTestObject("TripFocus/Users/Permissions/Reset_User_Permissions_btn"), 10): Object 'Object Repository/TripFocus/Users/Permissions/Reset_User_Permissions_btn' is visible

22-10-2025T10:41:46 - [MESSAGE][PASSED] - Object 'Object Repository/TripFocus/Users/Permissions/Reset_User_Permissions_btn' is visible

22-10-2025T10:41:46 - [TEST_STEP][PASSED] - verifyElementVisible(findTestObject("TripFocus/Users/Permissions/Reset_User_Permissions_btn"), STOP_ON_FAILURE): Object 'Object Repository/TripFocus/Users/Permissions/Reset_User_Permissions_btn' is visible

22-10-2025T10:41:46 - [MESSAGE][PASSED] - Object 'Object Repository/TripFocus/Users/Permissions/Reset_User_Permissions_btn' is visible

22-10-2025T10:41:46 - [TEST_STEP][PASSED] - Start listener action : retryOnDisconnect: null

22-10-2025T10:41:46 - [TEST_STEP][PASSED] - tcId = testCaseContext.getTestCaseId(): null

22-10-2025T10:41:46 - [TEST_STEP][PASSED] - currentRetry = retryCounts.getOrDefault(tcId, 0): null

22-10-2025T10:41:46 - [TEST_STEP][PASSED] - if (testCaseContext.getTestCaseStatus() == "FAILED" && currentRetry < MAX_RETRIES): null]]></system-out>
         <system-err><![CDATA[]]></system-err>
      </testcase>
      <testcase name="Test Cases/TripFocus/FDG/FDG - UserPage/Edit/Permissions/Add Order Maps Permissions" time="64.33" classname="Test Cases/TripFocus/FDG/FDG - UserPage/Edit/Permissions/Add Order Maps Permissions" status="PASSED">
         <system-out><![CDATA[22-10-2025T10:41:46 - [TEST_CASE][PASSED] - Test Cases/TripFocus/FDG/FDG - UserPage/Edit/Permissions/Add Order Maps Permissions: Test Cases/TripFocus/FDG/FDG - UserPage/Edit/Permissions/Add Order Maps Permissions

22-10-2025T10:41:46 - [TEST_STEP][PASSED] - Start listener action : beforeTestCase: null

22-10-2025T10:41:46 - [TEST_STEP][PASSED] - addDefaultPackages(): null

22-10-2025T10:41:46 - [TEST_STEP][PASSED] - openBrowser(""): Browser is opened with url: ''

22-10-2025T10:41:46 - [MESSAGE][WARNING] - A browser is already opened. Closing browser and opening a new one

22-10-2025T10:41:46 - [MESSAGE][INFO] - Starting 'Chrome' driver

22-10-2025T10:41:46 - [MESSAGE][INFO] - User set preference: ['args', '[--no-sandbox, --disable-gpu, --disable-dev-shm-usage]']

22-10-2025T10:41:46 - [MESSAGE][INFO] - Action delay is set to 0 milliseconds

22-10-2025T10:41:47 - [MESSAGE][PASSED] - Browser is opened with url: ''

22-10-2025T10:41:47 - [TEST_STEP][PASSED] - navigateToUrl(TFBaseURL): Navigate to 'https://www.qa.tripfocus.com' successfully

22-10-2025T10:41:48 - [MESSAGE][PASSED] - Navigate to 'https://www.qa.tripfocus.com' successfully

22-10-2025T10:41:48 - [TEST_STEP][PASSED] - click(findTestObject("Object Repository/TripFocus/Page_TripFocus/button_Sign in")): Object: 'Object Repository/TripFocus/Page_TripFocus/button_Sign in' is clicked on

22-10-2025T10:41:48 - [MESSAGE][PASSED] - Object: 'Object Repository/TripFocus/Page_TripFocus/button_Sign in' is clicked on

22-10-2025T10:41:48 - [TEST_STEP][PASSED] - setText(findTestObject("Object Repository/TripFocus/Page_TripFocus/input_Username (e.g. email address)_Username"), TripFocusFDGUsername): Text 'Ashford.Chenault+QACustomerFDGONLY@thekag.com' is set on object 'Object Repository/TripFocus/Page_TripFocus/input_Username (e.g. email address)_Username'

22-10-2025T10:41:48 - [MESSAGE][PASSED] - Text 'Ashford.Chenault+QACustomerFDGONLY@thekag.com' is set on object 'Object Repository/TripFocus/Page_TripFocus/input_Username (e.g. email address)_Username'

22-10-2025T10:41:48 - [TEST_STEP][PASSED] - setText(findTestObject("Object Repository/TripFocus/Page_TripFocus/input_Password_Password"), TripFocusFDGSPGPassword): Text 'CrashBan911!!' is set on object 'Object Repository/TripFocus/Page_TripFocus/input_Password_Password'

22-10-2025T10:41:48 - [MESSAGE][PASSED] - Text 'CrashBan911!!' is set on object 'Object Repository/TripFocus/Page_TripFocus/input_Password_Password'

22-10-2025T10:41:49 - [TEST_STEP][PASSED] - click(findTestObject("Object Repository/TripFocus/Page_TripFocus/button_Login")): Object: 'Object Repository/TripFocus/Page_TripFocus/button_Login' is clicked on

22-10-2025T10:41:49 - [MESSAGE][PASSED] - Object: 'Object Repository/TripFocus/Page_TripFocus/button_Login' is clicked on

22-10-2025T10:41:49 - [TEST_STEP][PASSED] - maximizeWindow(): Current window maximized

22-10-2025T10:41:49 - [MESSAGE][PASSED] - Current window maximized

22-10-2025T10:41:49 - [TEST_STEP][PASSED] - waitForElementVisible(findTestObject("TripFocus/Testing_Notification_btn"), 15, OPTIONAL): Web element with id: 'Object Repository/TripFocus/Testing_Notification_btn' located by '//*[@id="__BVID__10___BV_modal_footer_"]/button' not found

22-10-2025T10:42:05 - [MESSAGE][INFO] - Unable to find the element located by 'By.xpath: //*[@id="__BVID__10___BV_modal_footer_"]/button'. Please recheck the objects properties to make sure the desired element is located. 

22-10-2025T10:42:05 - [MESSAGE][WARNING] - [SELF-HEALING] Failed to find element with id 'Object Repository/TripFocus/Testing_Notification_btn'. Try using Self-healing.

22-10-2025T10:42:06 - [MESSAGE][INFO] - [SELF-HEALING] No working XPath is found.

22-10-2025T10:42:08 - [MESSAGE][INFO] - Unable to find the element located by 'By.xpath: '. Please recheck the objects properties to make sure the desired element is located. 

22-10-2025T10:42:08 - [MESSAGE][WARNING] - [SELF-HEALING] Cannot find elements when the selector is null

22-10-2025T10:42:08 - [MESSAGE][WARNING] - Web element with id: 'Object Repository/TripFocus/Testing_Notification_btn' located by '//*[@id="__BVID__10___BV_modal_footer_"]/button' not found

22-10-2025T10:42:08 - [TEST_STEP][PASSED] - if (verifyElementVisible(findTestObject("TripFocus/Testing_Notification_btn"), OPTIONAL) == true): Web element with id: 'Object Repository/TripFocus/Testing_Notification_btn' located by '//*[@id="__BVID__10___BV_modal_footer_"]/button' not found (Root cause: com.kms.katalon.core.exception.StepFailedException: Web element with id: 'Object Repository/TripFocus/Testing_Notification_btn' located by '//*[@id="__BVID__10___BV_modal_footer_"]/button' not found
	at com.kms.katalon.core.webui.keyword.internal.WebUIKeywordMain.stepFailed(WebUIKeywordMain.groovy:117)
	at com.kms.katalon.core.webui.keyword.builtin.VerifyElementVisibleKeyword$_verifyElementVisible_closure1.doCall(VerifyElementVisibleKeyword.groovy:89)
	at com.kms.katalon.core.webui.keyword.builtin.VerifyElementVisibleKeyword$_verifyElementVisible_closure1.call(VerifyElementVisibleKeyword.groovy)
	at com.kms.katalon.core.webui.keyword.internal.WebUIKeywordMain.runKeyword(WebUIKeywordMain.groovy:35)
	at com.kms.katalon.core.webui.keyword.builtin.VerifyElementVisibleKeyword.verifyElementVisible(VerifyElementVisibleKeyword.groovy:97)
	at com.kms.katalon.core.webui.keyword.builtin.VerifyElementVisibleKeyword.execute(VerifyElementVisibleKeyword.groovy:67)
	at com.kms.katalon.core.keyword.internal.KeywordExecutor.executeKeywordForPlatform(KeywordExecutor.groovy:74)
	at com.kms.katalon.core.webui.keyword.WebUiBuiltInKeywords.verifyElementVisible(WebUiBuiltInKeywords.groovy:401)
	at com.kms.katalon.core.webui.keyword.WebUiBuiltInKeywords$verifyElementVisible$5.call(Unknown Source)
	at Add Order Maps Permissions.run(Add Order Maps Permissions:38)
	at com.kms.katalon.core.main.ScriptEngine.run(ScriptEngine.java:194)
	at com.kms.katalon.core.main.ScriptEngine.runScriptAsRawText(ScriptEngine.java:119)
	at com.kms.katalon.core.main.TestCaseExecutor.runScript(TestCaseExecutor.java:448)
	at com.kms.katalon.core.main.TestCaseExecutor.doExecute(TestCaseExecutor.java:439)
	at com.kms.katalon.core.main.TestCaseExecutor.processExecutionPhase(TestCaseExecutor.java:418)
	at com.kms.katalon.core.main.TestCaseExecutor.accessMainPhase(TestCaseExecutor.java:410)
	at com.kms.katalon.core.main.TestCaseExecutor.execute(TestCaseExecutor.java:285)
	at com.kms.katalon.core.common.CommonExecutor.accessTestCaseMainPhase(CommonExecutor.java:65)
	at com.kms.katalon.core.main.TestSuiteExecutor.accessTestSuiteMainPhase(TestSuiteExecutor.java:150)
	at com.kms.katalon.core.main.TestSuiteExecutor.execute(TestSuiteExecutor.java:106)
	at com.kms.katalon.core.main.TestCaseMain.startTestSuite(TestCaseMain.java:180)
	at com.kms.katalon.core.main.TestCaseMain$startTestSuite$0.call(Unknown Source)
	at TempTestSuite1761139070913.run(TempTestSuite1761139070913.groovy:35)
	at java.base/jdk.internal.reflect.NativeMethodAccessorImpl.invoke0(Native Method)
	at java.base/jdk.internal.reflect.NativeMethodAccessorImpl.invoke(NativeMethodAccessorImpl.java:77)
	at java.base/jdk.internal.reflect.DelegatingMethodAccessorImpl.invoke(DelegatingMethodAccessorImpl.java:43)
)

22-10-2025T10:42:24 - [MESSAGE][INFO] - Unable to find the element located by 'By.xpath: //*[@id="__BVID__10___BV_modal_footer_"]/button'. Please recheck the objects properties to make sure the desired element is located. 

22-10-2025T10:42:24 - [MESSAGE][WARNING] - [SELF-HEALING] Failed to find element with id 'Object Repository/TripFocus/Testing_Notification_btn'. Try using Self-healing.

22-10-2025T10:42:25 - [MESSAGE][INFO] - [SELF-HEALING] No working XPath is found.

22-10-2025T10:42:27 - [MESSAGE][INFO] - Unable to find the element located by 'By.xpath: '. Please recheck the objects properties to make sure the desired element is located. 

22-10-2025T10:42:27 - [MESSAGE][WARNING] - [SELF-HEALING] Cannot find elements when the selector is null

22-10-2025T10:42:27 - [MESSAGE][WARNING] - Web element with id: 'Object Repository/TripFocus/Testing_Notification_btn' located by '//*[@id="__BVID__10___BV_modal_footer_"]/button' not found (Root cause: com.kms.katalon.core.exception.StepFailedException: Web element with id: 'Object Repository/TripFocus/Testing_Notification_btn' located by '//*[@id="__BVID__10___BV_modal_footer_"]/button' not found
	at com.kms.katalon.core.webui.keyword.internal.WebUIKeywordMain.stepFailed(WebUIKeywordMain.groovy:117)
	at com.kms.katalon.core.webui.keyword.builtin.VerifyElementVisibleKeyword$_verifyElementVisible_closure1.doCall(VerifyElementVisibleKeyword.groovy:89)
	at com.kms.katalon.core.webui.keyword.builtin.VerifyElementVisibleKeyword$_verifyElementVisible_closure1.call(VerifyElementVisibleKeyword.groovy)
	at com.kms.katalon.core.webui.keyword.internal.WebUIKeywordMain.runKeyword(WebUIKeywordMain.groovy:35)
	at com.kms.katalon.core.webui.keyword.builtin.VerifyElementVisibleKeyword.verifyElementVisible(VerifyElementVisibleKeyword.groovy:97)
	at com.kms.katalon.core.webui.keyword.builtin.VerifyElementVisibleKeyword.execute(VerifyElementVisibleKeyword.groovy:67)
	at com.kms.katalon.core.keyword.internal.KeywordExecutor.executeKeywordForPlatform(KeywordExecutor.groovy:74)
	at com.kms.katalon.core.webui.keyword.WebUiBuiltInKeywords.verifyElementVisible(WebUiBuiltInKeywords.groovy:401)
	at com.kms.katalon.core.webui.keyword.WebUiBuiltInKeywords$verifyElementVisible$5.call(Unknown Source)
	at Add Order Maps Permissions.run(Add Order Maps Permissions:38)
	at com.kms.katalon.core.main.ScriptEngine.run(ScriptEngine.java:194)
	at com.kms.katalon.core.main.ScriptEngine.runScriptAsRawText(ScriptEngine.java:119)
	at com.kms.katalon.core.main.TestCaseExecutor.runScript(TestCaseExecutor.java:448)
	at com.kms.katalon.core.main.TestCaseExecutor.doExecute(TestCaseExecutor.java:439)
	at com.kms.katalon.core.main.TestCaseExecutor.processExecutionPhase(TestCaseExecutor.java:418)
	at com.kms.katalon.core.main.TestCaseExecutor.accessMainPhase(TestCaseExecutor.java:410)
	at com.kms.katalon.core.main.TestCaseExecutor.execute(TestCaseExecutor.java:285)
	at com.kms.katalon.core.common.CommonExecutor.accessTestCaseMainPhase(CommonExecutor.java:65)
	at com.kms.katalon.core.main.TestSuiteExecutor.accessTestSuiteMainPhase(TestSuiteExecutor.java:150)
	at com.kms.katalon.core.main.TestSuiteExecutor.execute(TestSuiteExecutor.java:106)
	at com.kms.katalon.core.main.TestCaseMain.startTestSuite(TestCaseMain.java:180)
	at com.kms.katalon.core.main.TestCaseMain$startTestSuite$0.call(Unknown Source)
	at TempTestSuite1761139070913.run(TempTestSuite1761139070913.groovy:35)
	at java.base/jdk.internal.reflect.NativeMethodAccessorImpl.invoke0(Native Method)
	at java.base/jdk.internal.reflect.NativeMethodAccessorImpl.invoke(NativeMethodAccessorImpl.java:77)
	at java.base/jdk.internal.reflect.DelegatingMethodAccessorImpl.invoke(DelegatingMethodAccessorImpl.java:43)
)

22-10-2025T10:42:27 - [TEST_STEP][PASSED] - click(findTestObject("Object Repository/TripFocus/Page_TripFocus/a_Users")): Object: 'Object Repository/TripFocus/Page_TripFocus/a_Users' is clicked on

22-10-2025T10:42:27 - [MESSAGE][PASSED] - Object: 'Object Repository/TripFocus/Page_TripFocus/a_Users' is clicked on

22-10-2025T10:42:27 - [TEST_STEP][PASSED] - delay(5): Delayed 5 second(s)

22-10-2025T10:42:32 - [MESSAGE][PASSED] - Delayed 5 second(s)

22-10-2025T10:42:32 - [TEST_STEP][PASSED] - setText(findTestObject("TripFocus/Users/User_Search_txt"), "ashfordFDGTesting"): Text 'ashfordFDGTesting' is set on object 'Object Repository/TripFocus/Users/User_Search_txt'

22-10-2025T10:42:33 - [MESSAGE][PASSED] - Text 'ashfordFDGTesting' is set on object 'Object Repository/TripFocus/Users/User_Search_txt'

22-10-2025T10:42:33 - [TEST_STEP][PASSED] - delay(2): Delayed 2 second(s)

22-10-2025T10:42:35 - [MESSAGE][PASSED] - Delayed 2 second(s)

22-10-2025T10:42:35 - [TEST_STEP][PASSED] - click(findTestObject("Object Repository/TripFocus/Page_TripFocus/button_Edit")): Object: 'Object Repository/TripFocus/Page_TripFocus/button_Edit' is clicked on

22-10-2025T10:42:35 - [MESSAGE][PASSED] - Object: 'Object Repository/TripFocus/Page_TripFocus/button_Edit' is clicked on

22-10-2025T10:42:35 - [TEST_STEP][PASSED] - delay(7): Delayed 7 second(s)

22-10-2025T10:42:42 - [MESSAGE][PASSED] - Delayed 7 second(s)

22-10-2025T10:42:42 - [TEST_STEP][PASSED] - click(findTestObject("TripFocus/Users/Permissions/Permissions_tab")): Object: 'Object Repository/TripFocus/Users/Permissions/Permissions_tab' is clicked on

22-10-2025T10:42:42 - [MESSAGE][PASSED] - Object: 'Object Repository/TripFocus/Users/Permissions/Permissions_tab' is clicked on

22-10-2025T10:42:42 - [TEST_STEP][PASSED] - delay(2): Delayed 2 second(s)

22-10-2025T10:42:44 - [MESSAGE][PASSED] - Delayed 2 second(s)

22-10-2025T10:42:44 - [TEST_STEP][PASSED] - click(findTestObject("TripFocus/Users/Permissions/User_Permissions_dropdown"), STOP_ON_FAILURE): Object: 'Object Repository/TripFocus/Users/Permissions/User_Permissions_dropdown' is clicked on

22-10-2025T10:42:44 - [MESSAGE][PASSED] - Object: 'Object Repository/TripFocus/Users/Permissions/User_Permissions_dropdown' is clicked on

22-10-2025T10:42:44 - [TEST_STEP][PASSED] - delay(1): Delayed 1 second(s)

22-10-2025T10:42:45 - [MESSAGE][PASSED] - Delayed 1 second(s)

22-10-2025T10:42:45 - [TEST_STEP][PASSED] - sendKeys(findTestObject("TripFocus/Users/Permissions/User_Permissions_txt"), "OrderMaps"): Keys 'OrderMaps' sent to object: 'Object Repository/TripFocus/Users/Permissions/User_Permissions_txt'

22-10-2025T10:42:45 - [MESSAGE][PASSED] - Keys 'OrderMaps' sent to object: 'Object Repository/TripFocus/Users/Permissions/User_Permissions_txt'

22-10-2025T10:42:45 - [TEST_STEP][PASSED] - delay(1): Delayed 1 second(s)

22-10-2025T10:42:46 - [MESSAGE][PASSED] - Delayed 1 second(s)

22-10-2025T10:42:46 - [TEST_STEP][PASSED] - sendKeys(findTestObject("TripFocus/Users/Permissions/User_Permissions_txt"), Keys.chord(ENTER)): Keys 'ENTER + ' sent to object: 'Object Repository/TripFocus/Users/Permissions/User_Permissions_txt'

22-10-2025T10:42:46 - [MESSAGE][PASSED] - Keys 'ENTER + ' sent to object: 'Object Repository/TripFocus/Users/Permissions/User_Permissions_txt'

22-10-2025T10:42:46 - [TEST_STEP][PASSED] - delay(1): Delayed 1 second(s)

22-10-2025T10:42:47 - [MESSAGE][PASSED] - Delayed 1 second(s)

22-10-2025T10:42:47 - [TEST_STEP][PASSED] - click(findTestObject("TripFocus/Users/Edit_User_lbl"), STOP_ON_FAILURE): Object: 'Object Repository/TripFocus/Users/Edit_User_lbl' is clicked on

22-10-2025T10:42:47 - [MESSAGE][PASSED] - Object: 'Object Repository/TripFocus/Users/Edit_User_lbl' is clicked on

22-10-2025T10:42:47 - [TEST_STEP][PASSED] - delay(2): Delayed 2 second(s)

22-10-2025T10:42:49 - [MESSAGE][PASSED] - Delayed 2 second(s)

22-10-2025T10:42:49 - [TEST_STEP][PASSED] - waitForElementVisible(findTestObject("TripFocus/Users/Permissions/Save_User_Permissions_btn_(Use for Non-image)"), 10): Object 'Object Repository/TripFocus/Users/Permissions/Save_User_Permissions_btn_(Use for Non-image)' is visible

22-10-2025T10:42:49 - [MESSAGE][PASSED] - Object 'Object Repository/TripFocus/Users/Permissions/Save_User_Permissions_btn_(Use for Non-image)' is visible

22-10-2025T10:42:49 - [TEST_STEP][PASSED] - click(findTestObject("TripFocus/Users/Permissions/Save_User_Permissions_btn_(Use for Non-image)"), STOP_ON_FAILURE): Object: 'Object Repository/TripFocus/Users/Permissions/Save_User_Permissions_btn_(Use for Non-image)' is clicked on

22-10-2025T10:42:49 - [MESSAGE][PASSED] - Object: 'Object Repository/TripFocus/Users/Permissions/Save_User_Permissions_btn_(Use for Non-image)' is clicked on

22-10-2025T10:42:49 - [TEST_STEP][PASSED] - delay(1): Delayed 1 second(s)

22-10-2025T10:42:50 - [MESSAGE][PASSED] - Delayed 1 second(s)

22-10-2025T10:42:50 - [TEST_STEP][PASSED] - verifyElementPresent(findTestObject("TripFocus/Toasty_Message"), 10): Object 'Object Repository/TripFocus/Toasty_Message' is present

22-10-2025T10:42:50 - [MESSAGE][PASSED] - Object 'Object Repository/TripFocus/Toasty_Message' is present

22-10-2025T10:42:50 - [TEST_STEP][PASSED] - verifyElementText(findTestObject("TripFocus/Toasty_Message"), "User Permissions updated successfully."): Actual text and expected text of test object 'Object Repository/TripFocus/Toasty_Message' are matched.

22-10-2025T10:42:50 - [MESSAGE][PASSED] - Actual text and expected text of test object 'Object Repository/TripFocus/Toasty_Message' are matched.

22-10-2025T10:42:50 - [TEST_STEP][PASSED] - Start listener action : retryOnDisconnect: null

22-10-2025T10:42:50 - [TEST_STEP][PASSED] - tcId = testCaseContext.getTestCaseId(): null

22-10-2025T10:42:50 - [TEST_STEP][PASSED] - currentRetry = retryCounts.getOrDefault(tcId, 0): null

22-10-2025T10:42:50 - [TEST_STEP][PASSED] - if (testCaseContext.getTestCaseStatus() == "FAILED" && currentRetry < MAX_RETRIES): null]]></system-out>
         <system-err><![CDATA[]]></system-err>
      </testcase>
      <testcase name="Test Cases/TripFocus/FDG/FDG - UserPage/Create/Deleting FDG User" time="47.745" classname="Test Cases/TripFocus/FDG/FDG - UserPage/Create/Deleting FDG User" status="PASSED">
         <system-out><![CDATA[22-10-2025T10:42:50 - [TEST_CASE][PASSED] - Test Cases/TripFocus/FDG/FDG - UserPage/Create/Deleting FDG User: Test Cases/TripFocus/FDG/FDG - UserPage/Create/Deleting FDG User

22-10-2025T10:42:50 - [TEST_STEP][PASSED] - Start listener action : beforeTestCase: null

22-10-2025T10:42:50 - [TEST_STEP][PASSED] - addDefaultPackages(): null

22-10-2025T10:42:51 - [TEST_STEP][PASSED] - openBrowser(""): Browser is opened with url: ''

22-10-2025T10:42:51 - [MESSAGE][WARNING] - A browser is already opened. Closing browser and opening a new one

22-10-2025T10:42:51 - [MESSAGE][INFO] - Starting 'Chrome' driver

22-10-2025T10:42:51 - [MESSAGE][INFO] - User set preference: ['args', '[--no-sandbox, --disable-gpu, --disable-dev-shm-usage]']

22-10-2025T10:42:51 - [MESSAGE][INFO] - Action delay is set to 0 milliseconds

22-10-2025T10:42:51 - [MESSAGE][PASSED] - Browser is opened with url: ''

22-10-2025T10:42:51 - [TEST_STEP][PASSED] - navigateToUrl(TFBaseURL): Navigate to 'https://www.qa.tripfocus.com' successfully

22-10-2025T10:42:52 - [MESSAGE][PASSED] - Navigate to 'https://www.qa.tripfocus.com' successfully

22-10-2025T10:42:52 - [TEST_STEP][PASSED] - click(findTestObject("Object Repository/TripFocus/Page_TripFocus/button_Sign in")): Object: 'Object Repository/TripFocus/Page_TripFocus/button_Sign in' is clicked on

22-10-2025T10:42:52 - [MESSAGE][PASSED] - Object: 'Object Repository/TripFocus/Page_TripFocus/button_Sign in' is clicked on

22-10-2025T10:42:52 - [TEST_STEP][PASSED] - setText(findTestObject("Object Repository/TripFocus/Page_TripFocus/input_Username (e.g. email address)_Username"), TripFocusFDGUsername): Text 'Ashford.Chenault+QACustomerFDGONLY@thekag.com' is set on object 'Object Repository/TripFocus/Page_TripFocus/input_Username (e.g. email address)_Username'

22-10-2025T10:42:53 - [MESSAGE][PASSED] - Text 'Ashford.Chenault+QACustomerFDGONLY@thekag.com' is set on object 'Object Repository/TripFocus/Page_TripFocus/input_Username (e.g. email address)_Username'

22-10-2025T10:42:53 - [TEST_STEP][PASSED] - setText(findTestObject("Object Repository/TripFocus/Page_TripFocus/input_Password_Password"), TripFocusFDGSPGPassword): Text 'CrashBan911!!' is set on object 'Object Repository/TripFocus/Page_TripFocus/input_Password_Password'

22-10-2025T10:42:53 - [MESSAGE][PASSED] - Text 'CrashBan911!!' is set on object 'Object Repository/TripFocus/Page_TripFocus/input_Password_Password'

22-10-2025T10:42:53 - [TEST_STEP][PASSED] - click(findTestObject("Object Repository/TripFocus/Page_TripFocus/button_Login")): Object: 'Object Repository/TripFocus/Page_TripFocus/button_Login' is clicked on

22-10-2025T10:42:53 - [MESSAGE][PASSED] - Object: 'Object Repository/TripFocus/Page_TripFocus/button_Login' is clicked on

22-10-2025T10:42:53 - [TEST_STEP][PASSED] - maximizeWindow(): Current window maximized

22-10-2025T10:42:53 - [MESSAGE][PASSED] - Current window maximized

22-10-2025T10:42:53 - [TEST_STEP][PASSED] - waitForElementVisible(findTestObject("TripFocus/Testing_Notification_btn"), 15, OPTIONAL): Web element with id: 'Object Repository/TripFocus/Testing_Notification_btn' located by '//*[@id="__BVID__10___BV_modal_footer_"]/button' not found

22-10-2025T10:43:09 - [MESSAGE][INFO] - Unable to find the element located by 'By.xpath: //*[@id="__BVID__10___BV_modal_footer_"]/button'. Please recheck the objects properties to make sure the desired element is located. 

22-10-2025T10:43:09 - [MESSAGE][WARNING] - [SELF-HEALING] Failed to find element with id 'Object Repository/TripFocus/Testing_Notification_btn'. Try using Self-healing.

22-10-2025T10:43:10 - [MESSAGE][INFO] - [SELF-HEALING] No working XPath is found.

22-10-2025T10:43:12 - [MESSAGE][INFO] - Unable to find the element located by 'By.xpath: '. Please recheck the objects properties to make sure the desired element is located. 

22-10-2025T10:43:12 - [MESSAGE][WARNING] - [SELF-HEALING] Cannot find elements when the selector is null

22-10-2025T10:43:12 - [MESSAGE][WARNING] - Web element with id: 'Object Repository/TripFocus/Testing_Notification_btn' located by '//*[@id="__BVID__10___BV_modal_footer_"]/button' not found

22-10-2025T10:43:12 - [TEST_STEP][PASSED] - if (verifyElementVisible(findTestObject("TripFocus/Testing_Notification_btn"), OPTIONAL) == true): Web element with id: 'Object Repository/TripFocus/Testing_Notification_btn' located by '//*[@id="__BVID__10___BV_modal_footer_"]/button' not found (Root cause: com.kms.katalon.core.exception.StepFailedException: Web element with id: 'Object Repository/TripFocus/Testing_Notification_btn' located by '//*[@id="__BVID__10___BV_modal_footer_"]/button' not found
	at com.kms.katalon.core.webui.keyword.internal.WebUIKeywordMain.stepFailed(WebUIKeywordMain.groovy:117)
	at com.kms.katalon.core.webui.keyword.builtin.VerifyElementVisibleKeyword$_verifyElementVisible_closure1.doCall(VerifyElementVisibleKeyword.groovy:89)
	at com.kms.katalon.core.webui.keyword.builtin.VerifyElementVisibleKeyword$_verifyElementVisible_closure1.call(VerifyElementVisibleKeyword.groovy)
	at com.kms.katalon.core.webui.keyword.internal.WebUIKeywordMain.runKeyword(WebUIKeywordMain.groovy:35)
	at com.kms.katalon.core.webui.keyword.builtin.VerifyElementVisibleKeyword.verifyElementVisible(VerifyElementVisibleKeyword.groovy:97)
	at com.kms.katalon.core.webui.keyword.builtin.VerifyElementVisibleKeyword.execute(VerifyElementVisibleKeyword.groovy:67)
	at com.kms.katalon.core.keyword.internal.KeywordExecutor.executeKeywordForPlatform(KeywordExecutor.groovy:74)
	at com.kms.katalon.core.webui.keyword.WebUiBuiltInKeywords.verifyElementVisible(WebUiBuiltInKeywords.groovy:401)
	at com.kms.katalon.core.webui.keyword.WebUiBuiltInKeywords$verifyElementVisible$5.call(Unknown Source)
	at Deleting FDG User.run(Deleting FDG User:38)
	at com.kms.katalon.core.main.ScriptEngine.run(ScriptEngine.java:194)
	at com.kms.katalon.core.main.ScriptEngine.runScriptAsRawText(ScriptEngine.java:119)
	at com.kms.katalon.core.main.TestCaseExecutor.runScript(TestCaseExecutor.java:448)
	at com.kms.katalon.core.main.TestCaseExecutor.doExecute(TestCaseExecutor.java:439)
	at com.kms.katalon.core.main.TestCaseExecutor.processExecutionPhase(TestCaseExecutor.java:418)
	at com.kms.katalon.core.main.TestCaseExecutor.accessMainPhase(TestCaseExecutor.java:410)
	at com.kms.katalon.core.main.TestCaseExecutor.execute(TestCaseExecutor.java:285)
	at com.kms.katalon.core.common.CommonExecutor.accessTestCaseMainPhase(CommonExecutor.java:65)
	at com.kms.katalon.core.main.TestSuiteExecutor.accessTestSuiteMainPhase(TestSuiteExecutor.java:150)
	at com.kms.katalon.core.main.TestSuiteExecutor.execute(TestSuiteExecutor.java:106)
	at com.kms.katalon.core.main.TestCaseMain.startTestSuite(TestCaseMain.java:180)
	at com.kms.katalon.core.main.TestCaseMain$startTestSuite$0.call(Unknown Source)
	at TempTestSuite1761139070913.run(TempTestSuite1761139070913.groovy:35)
	at java.base/jdk.internal.reflect.NativeMethodAccessorImpl.invoke0(Native Method)
	at java.base/jdk.internal.reflect.NativeMethodAccessorImpl.invoke(NativeMethodAccessorImpl.java:77)
	at java.base/jdk.internal.reflect.DelegatingMethodAccessorImpl.invoke(DelegatingMethodAccessorImpl.java:43)
)

22-10-2025T10:43:28 - [MESSAGE][INFO] - Unable to find the element located by 'By.xpath: //*[@id="__BVID__10___BV_modal_footer_"]/button'. Please recheck the objects properties to make sure the desired element is located. 

22-10-2025T10:43:28 - [MESSAGE][WARNING] - [SELF-HEALING] Failed to find element with id 'Object Repository/TripFocus/Testing_Notification_btn'. Try using Self-healing.

22-10-2025T10:43:29 - [MESSAGE][INFO] - [SELF-HEALING] No working XPath is found.

22-10-2025T10:43:31 - [MESSAGE][INFO] - Unable to find the element located by 'By.xpath: '. Please recheck the objects properties to make sure the desired element is located. 

22-10-2025T10:43:31 - [MESSAGE][WARNING] - [SELF-HEALING] Cannot find elements when the selector is null

22-10-2025T10:43:31 - [MESSAGE][WARNING] - Web element with id: 'Object Repository/TripFocus/Testing_Notification_btn' located by '//*[@id="__BVID__10___BV_modal_footer_"]/button' not found (Root cause: com.kms.katalon.core.exception.StepFailedException: Web element with id: 'Object Repository/TripFocus/Testing_Notification_btn' located by '//*[@id="__BVID__10___BV_modal_footer_"]/button' not found
	at com.kms.katalon.core.webui.keyword.internal.WebUIKeywordMain.stepFailed(WebUIKeywordMain.groovy:117)
	at com.kms.katalon.core.webui.keyword.builtin.VerifyElementVisibleKeyword$_verifyElementVisible_closure1.doCall(VerifyElementVisibleKeyword.groovy:89)
	at com.kms.katalon.core.webui.keyword.builtin.VerifyElementVisibleKeyword$_verifyElementVisible_closure1.call(VerifyElementVisibleKeyword.groovy)
	at com.kms.katalon.core.webui.keyword.internal.WebUIKeywordMain.runKeyword(WebUIKeywordMain.groovy:35)
	at com.kms.katalon.core.webui.keyword.builtin.VerifyElementVisibleKeyword.verifyElementVisible(VerifyElementVisibleKeyword.groovy:97)
	at com.kms.katalon.core.webui.keyword.builtin.VerifyElementVisibleKeyword.execute(VerifyElementVisibleKeyword.groovy:67)
	at com.kms.katalon.core.keyword.internal.KeywordExecutor.executeKeywordForPlatform(KeywordExecutor.groovy:74)
	at com.kms.katalon.core.webui.keyword.WebUiBuiltInKeywords.verifyElementVisible(WebUiBuiltInKeywords.groovy:401)
	at com.kms.katalon.core.webui.keyword.WebUiBuiltInKeywords$verifyElementVisible$5.call(Unknown Source)
	at Deleting FDG User.run(Deleting FDG User:38)
	at com.kms.katalon.core.main.ScriptEngine.run(ScriptEngine.java:194)
	at com.kms.katalon.core.main.ScriptEngine.runScriptAsRawText(ScriptEngine.java:119)
	at com.kms.katalon.core.main.TestCaseExecutor.runScript(TestCaseExecutor.java:448)
	at com.kms.katalon.core.main.TestCaseExecutor.doExecute(TestCaseExecutor.java:439)
	at com.kms.katalon.core.main.TestCaseExecutor.processExecutionPhase(TestCaseExecutor.java:418)
	at com.kms.katalon.core.main.TestCaseExecutor.accessMainPhase(TestCaseExecutor.java:410)
	at com.kms.katalon.core.main.TestCaseExecutor.execute(TestCaseExecutor.java:285)
	at com.kms.katalon.core.common.CommonExecutor.accessTestCaseMainPhase(CommonExecutor.java:65)
	at com.kms.katalon.core.main.TestSuiteExecutor.accessTestSuiteMainPhase(TestSuiteExecutor.java:150)
	at com.kms.katalon.core.main.TestSuiteExecutor.execute(TestSuiteExecutor.java:106)
	at com.kms.katalon.core.main.TestCaseMain.startTestSuite(TestCaseMain.java:180)
	at com.kms.katalon.core.main.TestCaseMain$startTestSuite$0.call(Unknown Source)
	at TempTestSuite1761139070913.run(TempTestSuite1761139070913.groovy:35)
	at java.base/jdk.internal.reflect.NativeMethodAccessorImpl.invoke0(Native Method)
	at java.base/jdk.internal.reflect.NativeMethodAccessorImpl.invoke(NativeMethodAccessorImpl.java:77)
	at java.base/jdk.internal.reflect.DelegatingMethodAccessorImpl.invoke(DelegatingMethodAccessorImpl.java:43)
)

22-10-2025T10:43:31 - [TEST_STEP][PASSED] - click(findTestObject("Object Repository/TripFocus/Page_TripFocus/a_Users")): Object: 'Object Repository/TripFocus/Page_TripFocus/a_Users' is clicked on

22-10-2025T10:43:31 - [MESSAGE][PASSED] - Object: 'Object Repository/TripFocus/Page_TripFocus/a_Users' is clicked on

22-10-2025T10:43:31 - [TEST_STEP][PASSED] - delay(2): Delayed 2 second(s)

22-10-2025T10:43:33 - [MESSAGE][PASSED] - Delayed 2 second(s)

22-10-2025T10:43:33 - [TEST_STEP][PASSED] - setText(findTestObject("TripFocus/Users/User_Search_txt"), "ashfordFDGTesting"): Text 'ashfordFDGTesting' is set on object 'Object Repository/TripFocus/Users/User_Search_txt'

22-10-2025T10:43:34 - [MESSAGE][PASSED] - Text 'ashfordFDGTesting' is set on object 'Object Repository/TripFocus/Users/User_Search_txt'

22-10-2025T10:43:34 - [TEST_STEP][PASSED] - delay(2): Delayed 2 second(s)

22-10-2025T10:43:36 - [MESSAGE][PASSED] - Delayed 2 second(s)

22-10-2025T10:43:36 - [TEST_STEP][PASSED] - click(findTestObject("TripFocus/Users/User_Delete_btn")): Object: 'Object Repository/TripFocus/Users/User_Delete_btn' is clicked on

22-10-2025T10:43:36 - [MESSAGE][PASSED] - Object: 'Object Repository/TripFocus/Users/User_Delete_btn' is clicked on

22-10-2025T10:43:36 - [TEST_STEP][PASSED] - delay(1): Delayed 1 second(s)

22-10-2025T10:43:37 - [MESSAGE][PASSED] - Delayed 1 second(s)

22-10-2025T10:43:37 - [TEST_STEP][PASSED] - verifyElementVisible(findTestObject("TripFocus/Users/Yes_Delete_Delete_User_btn"), STOP_ON_FAILURE): Object 'Object Repository/TripFocus/Users/Yes_Delete_Delete_User_btn' is visible

22-10-2025T10:43:37 - [MESSAGE][PASSED] - Object 'Object Repository/TripFocus/Users/Yes_Delete_Delete_User_btn' is visible

22-10-2025T10:43:37 - [TEST_STEP][PASSED] - click(findTestObject("TripFocus/Users/Yes_Delete_Delete_User_btn"), STOP_ON_FAILURE): Object: 'Object Repository/TripFocus/Users/Yes_Delete_Delete_User_btn' is clicked on

22-10-2025T10:43:37 - [MESSAGE][PASSED] - Object: 'Object Repository/TripFocus/Users/Yes_Delete_Delete_User_btn' is clicked on

22-10-2025T10:43:37 - [TEST_STEP][PASSED] - delay(1): Delayed 1 second(s)

22-10-2025T10:43:38 - [MESSAGE][PASSED] - Delayed 1 second(s)

22-10-2025T10:43:38 - [TEST_STEP][PASSED] - verifyElementVisible(findTestObject("TripFocus/Toasty_Message"), STOP_ON_FAILURE): Object 'Object Repository/TripFocus/Toasty_Message' is visible

22-10-2025T10:43:38 - [MESSAGE][PASSED] - Object 'Object Repository/TripFocus/Toasty_Message' is visible

22-10-2025T10:43:38 - [TEST_STEP][PASSED] - verifyElementText(findTestObject("TripFocus/Toasty_Message"), "User deleted successfully."): Actual text and expected text of test object 'Object Repository/TripFocus/Toasty_Message' are matched.

22-10-2025T10:43:38 - [MESSAGE][PASSED] - Actual text and expected text of test object 'Object Repository/TripFocus/Toasty_Message' are matched.

22-10-2025T10:43:38 - [TEST_STEP][PASSED] - Start listener action : retryOnDisconnect: null

22-10-2025T10:43:38 - [TEST_STEP][PASSED] - tcId = testCaseContext.getTestCaseId(): null

22-10-2025T10:43:38 - [TEST_STEP][PASSED] - currentRetry = retryCounts.getOrDefault(tcId, 0): null

22-10-2025T10:43:38 - [TEST_STEP][PASSED] - if (testCaseContext.getTestCaseStatus() == "FAILED" && currentRetry < MAX_RETRIES): null]]></system-out>
         <system-err><![CDATA[]]></system-err>
      </testcase>
      <testcase name="Test Cases/TripFocus/FDG/FDG - UserPage/Create/Deleting FDG Customer Admin User" time="46.901" classname="Test Cases/TripFocus/FDG/FDG - UserPage/Create/Deleting FDG Customer Admin User" status="PASSED">
         <system-out><![CDATA[22-10-2025T10:43:38 - [TEST_CASE][PASSED] - Test Cases/TripFocus/FDG/FDG - UserPage/Create/Deleting FDG Customer Admin User: Test Cases/TripFocus/FDG/FDG - UserPage/Create/Deleting FDG Customer Admin User

22-10-2025T10:43:38 - [TEST_STEP][PASSED] - Start listener action : beforeTestCase: null

22-10-2025T10:43:38 - [TEST_STEP][PASSED] - addDefaultPackages(): null

22-10-2025T10:43:38 - [TEST_STEP][PASSED] - openBrowser(""): Browser is opened with url: ''

22-10-2025T10:43:38 - [MESSAGE][WARNING] - A browser is already opened. Closing browser and opening a new one

22-10-2025T10:43:38 - [MESSAGE][INFO] - Starting 'Chrome' driver

22-10-2025T10:43:38 - [MESSAGE][INFO] - User set preference: ['args', '[--no-sandbox, --disable-gpu, --disable-dev-shm-usage]']

22-10-2025T10:43:38 - [MESSAGE][INFO] - Action delay is set to 0 milliseconds

22-10-2025T10:43:39 - [MESSAGE][PASSED] - Browser is opened with url: ''

22-10-2025T10:43:39 - [TEST_STEP][PASSED] - navigateToUrl(TFBaseURL): Navigate to 'https://www.qa.tripfocus.com' successfully

22-10-2025T10:43:40 - [MESSAGE][PASSED] - Navigate to 'https://www.qa.tripfocus.com' successfully

22-10-2025T10:43:40 - [TEST_STEP][PASSED] - click(findTestObject("Object Repository/TripFocus/Page_TripFocus/button_Sign in")): Object: 'Object Repository/TripFocus/Page_TripFocus/button_Sign in' is clicked on

22-10-2025T10:43:40 - [MESSAGE][PASSED] - Object: 'Object Repository/TripFocus/Page_TripFocus/button_Sign in' is clicked on

22-10-2025T10:43:40 - [TEST_STEP][PASSED] - setText(findTestObject("Object Repository/TripFocus/Page_TripFocus/input_Username (e.g. email address)_Username"), TripFocusFDGUsername): Text 'Ashford.Chenault+QACustomerFDGONLY@thekag.com' is set on object 'Object Repository/TripFocus/Page_TripFocus/input_Username (e.g. email address)_Username'

22-10-2025T10:43:41 - [MESSAGE][PASSED] - Text 'Ashford.Chenault+QACustomerFDGONLY@thekag.com' is set on object 'Object Repository/TripFocus/Page_TripFocus/input_Username (e.g. email address)_Username'

22-10-2025T10:43:41 - [TEST_STEP][PASSED] - setText(findTestObject("Object Repository/TripFocus/Page_TripFocus/input_Password_Password"), TripFocusFDGSPGPassword): Text 'CrashBan911!!' is set on object 'Object Repository/TripFocus/Page_TripFocus/input_Password_Password'

22-10-2025T10:43:41 - [MESSAGE][PASSED] - Text 'CrashBan911!!' is set on object 'Object Repository/TripFocus/Page_TripFocus/input_Password_Password'

22-10-2025T10:43:41 - [TEST_STEP][PASSED] - click(findTestObject("Object Repository/TripFocus/Page_TripFocus/button_Login")): Object: 'Object Repository/TripFocus/Page_TripFocus/button_Login' is clicked on

22-10-2025T10:43:42 - [MESSAGE][PASSED] - Object: 'Object Repository/TripFocus/Page_TripFocus/button_Login' is clicked on

22-10-2025T10:43:42 - [TEST_STEP][PASSED] - maximizeWindow(): Current window maximized

22-10-2025T10:43:42 - [MESSAGE][PASSED] - Current window maximized

22-10-2025T10:43:42 - [TEST_STEP][PASSED] - waitForElementVisible(findTestObject("TripFocus/Testing_Notification_btn"), 15, OPTIONAL): Web element with id: 'Object Repository/TripFocus/Testing_Notification_btn' located by '//*[@id="__BVID__10___BV_modal_footer_"]/button' not found

22-10-2025T10:43:58 - [MESSAGE][INFO] - Unable to find the element located by 'By.xpath: //*[@id="__BVID__10___BV_modal_footer_"]/button'. Please recheck the objects properties to make sure the desired element is located. 

22-10-2025T10:43:58 - [MESSAGE][WARNING] - [SELF-HEALING] Failed to find element with id 'Object Repository/TripFocus/Testing_Notification_btn'. Try using Self-healing.

22-10-2025T10:43:59 - [MESSAGE][INFO] - [SELF-HEALING] No working XPath is found.

22-10-2025T10:44:01 - [MESSAGE][INFO] - Unable to find the element located by 'By.xpath: '. Please recheck the objects properties to make sure the desired element is located. 

22-10-2025T10:44:01 - [MESSAGE][WARNING] - [SELF-HEALING] Cannot find elements when the selector is null

22-10-2025T10:44:01 - [MESSAGE][WARNING] - Web element with id: 'Object Repository/TripFocus/Testing_Notification_btn' located by '//*[@id="__BVID__10___BV_modal_footer_"]/button' not found

22-10-2025T10:44:01 - [TEST_STEP][PASSED] - if (verifyElementVisible(findTestObject("TripFocus/Testing_Notification_btn"), OPTIONAL) == true): Web element with id: 'Object Repository/TripFocus/Testing_Notification_btn' located by '//*[@id="__BVID__10___BV_modal_footer_"]/button' not found (Root cause: com.kms.katalon.core.exception.StepFailedException: Web element with id: 'Object Repository/TripFocus/Testing_Notification_btn' located by '//*[@id="__BVID__10___BV_modal_footer_"]/button' not found
	at com.kms.katalon.core.webui.keyword.internal.WebUIKeywordMain.stepFailed(WebUIKeywordMain.groovy:117)
	at com.kms.katalon.core.webui.keyword.builtin.VerifyElementVisibleKeyword$_verifyElementVisible_closure1.doCall(VerifyElementVisibleKeyword.groovy:89)
	at com.kms.katalon.core.webui.keyword.builtin.VerifyElementVisibleKeyword$_verifyElementVisible_closure1.call(VerifyElementVisibleKeyword.groovy)
	at com.kms.katalon.core.webui.keyword.internal.WebUIKeywordMain.runKeyword(WebUIKeywordMain.groovy:35)
	at com.kms.katalon.core.webui.keyword.builtin.VerifyElementVisibleKeyword.verifyElementVisible(VerifyElementVisibleKeyword.groovy:97)
	at com.kms.katalon.core.webui.keyword.builtin.VerifyElementVisibleKeyword.execute(VerifyElementVisibleKeyword.groovy:67)
	at com.kms.katalon.core.keyword.internal.KeywordExecutor.executeKeywordForPlatform(KeywordExecutor.groovy:74)
	at com.kms.katalon.core.webui.keyword.WebUiBuiltInKeywords.verifyElementVisible(WebUiBuiltInKeywords.groovy:401)
	at com.kms.katalon.core.webui.keyword.WebUiBuiltInKeywords$verifyElementVisible$5.call(Unknown Source)
	at Deleting FDG Customer Admin User.run(Deleting FDG Customer Admin User:38)
	at com.kms.katalon.core.main.ScriptEngine.run(ScriptEngine.java:194)
	at com.kms.katalon.core.main.ScriptEngine.runScriptAsRawText(ScriptEngine.java:119)
	at com.kms.katalon.core.main.TestCaseExecutor.runScript(TestCaseExecutor.java:448)
	at com.kms.katalon.core.main.TestCaseExecutor.doExecute(TestCaseExecutor.java:439)
	at com.kms.katalon.core.main.TestCaseExecutor.processExecutionPhase(TestCaseExecutor.java:418)
	at com.kms.katalon.core.main.TestCaseExecutor.accessMainPhase(TestCaseExecutor.java:410)
	at com.kms.katalon.core.main.TestCaseExecutor.execute(TestCaseExecutor.java:285)
	at com.kms.katalon.core.common.CommonExecutor.accessTestCaseMainPhase(CommonExecutor.java:65)
	at com.kms.katalon.core.main.TestSuiteExecutor.accessTestSuiteMainPhase(TestSuiteExecutor.java:150)
	at com.kms.katalon.core.main.TestSuiteExecutor.execute(TestSuiteExecutor.java:106)
	at com.kms.katalon.core.main.TestCaseMain.startTestSuite(TestCaseMain.java:180)
	at com.kms.katalon.core.main.TestCaseMain$startTestSuite$0.call(Unknown Source)
	at TempTestSuite1761139070913.run(TempTestSuite1761139070913.groovy:35)
	at java.base/jdk.internal.reflect.NativeMethodAccessorImpl.invoke0(Native Method)
	at java.base/jdk.internal.reflect.NativeMethodAccessorImpl.invoke(NativeMethodAccessorImpl.java:77)
	at java.base/jdk.internal.reflect.DelegatingMethodAccessorImpl.invoke(DelegatingMethodAccessorImpl.java:43)
)

22-10-2025T10:44:17 - [MESSAGE][INFO] - Unable to find the element located by 'By.xpath: //*[@id="__BVID__10___BV_modal_footer_"]/button'. Please recheck the objects properties to make sure the desired element is located. 

22-10-2025T10:44:17 - [MESSAGE][WARNING] - [SELF-HEALING] Failed to find element with id 'Object Repository/TripFocus/Testing_Notification_btn'. Try using Self-healing.

22-10-2025T10:44:18 - [MESSAGE][INFO] - [SELF-HEALING] No working XPath is found.

22-10-2025T10:44:20 - [MESSAGE][INFO] - Unable to find the element located by 'By.xpath: '. Please recheck the objects properties to make sure the desired element is located. 

22-10-2025T10:44:20 - [MESSAGE][WARNING] - [SELF-HEALING] Cannot find elements when the selector is null

22-10-2025T10:44:20 - [MESSAGE][WARNING] - Web element with id: 'Object Repository/TripFocus/Testing_Notification_btn' located by '//*[@id="__BVID__10___BV_modal_footer_"]/button' not found (Root cause: com.kms.katalon.core.exception.StepFailedException: Web element with id: 'Object Repository/TripFocus/Testing_Notification_btn' located by '//*[@id="__BVID__10___BV_modal_footer_"]/button' not found
	at com.kms.katalon.core.webui.keyword.internal.WebUIKeywordMain.stepFailed(WebUIKeywordMain.groovy:117)
	at com.kms.katalon.core.webui.keyword.builtin.VerifyElementVisibleKeyword$_verifyElementVisible_closure1.doCall(VerifyElementVisibleKeyword.groovy:89)
	at com.kms.katalon.core.webui.keyword.builtin.VerifyElementVisibleKeyword$_verifyElementVisible_closure1.call(VerifyElementVisibleKeyword.groovy)
	at com.kms.katalon.core.webui.keyword.internal.WebUIKeywordMain.runKeyword(WebUIKeywordMain.groovy:35)
	at com.kms.katalon.core.webui.keyword.builtin.VerifyElementVisibleKeyword.verifyElementVisible(VerifyElementVisibleKeyword.groovy:97)
	at com.kms.katalon.core.webui.keyword.builtin.VerifyElementVisibleKeyword.execute(VerifyElementVisibleKeyword.groovy:67)
	at com.kms.katalon.core.keyword.internal.KeywordExecutor.executeKeywordForPlatform(KeywordExecutor.groovy:74)
	at com.kms.katalon.core.webui.keyword.WebUiBuiltInKeywords.verifyElementVisible(WebUiBuiltInKeywords.groovy:401)
	at com.kms.katalon.core.webui.keyword.WebUiBuiltInKeywords$verifyElementVisible$5.call(Unknown Source)
	at Deleting FDG Customer Admin User.run(Deleting FDG Customer Admin User:38)
	at com.kms.katalon.core.main.ScriptEngine.run(ScriptEngine.java:194)
	at com.kms.katalon.core.main.ScriptEngine.runScriptAsRawText(ScriptEngine.java:119)
	at com.kms.katalon.core.main.TestCaseExecutor.runScript(TestCaseExecutor.java:448)
	at com.kms.katalon.core.main.TestCaseExecutor.doExecute(TestCaseExecutor.java:439)
	at com.kms.katalon.core.main.TestCaseExecutor.processExecutionPhase(TestCaseExecutor.java:418)
	at com.kms.katalon.core.main.TestCaseExecutor.accessMainPhase(TestCaseExecutor.java:410)
	at com.kms.katalon.core.main.TestCaseExecutor.execute(TestCaseExecutor.java:285)
	at com.kms.katalon.core.common.CommonExecutor.accessTestCaseMainPhase(CommonExecutor.java:65)
	at com.kms.katalon.core.main.TestSuiteExecutor.accessTestSuiteMainPhase(TestSuiteExecutor.java:150)
	at com.kms.katalon.core.main.TestSuiteExecutor.execute(TestSuiteExecutor.java:106)
	at com.kms.katalon.core.main.TestCaseMain.startTestSuite(TestCaseMain.java:180)
	at com.kms.katalon.core.main.TestCaseMain$startTestSuite$0.call(Unknown Source)
	at TempTestSuite1761139070913.run(TempTestSuite1761139070913.groovy:35)
	at java.base/jdk.internal.reflect.NativeMethodAccessorImpl.invoke0(Native Method)
	at java.base/jdk.internal.reflect.NativeMethodAccessorImpl.invoke(NativeMethodAccessorImpl.java:77)
	at java.base/jdk.internal.reflect.DelegatingMethodAccessorImpl.invoke(DelegatingMethodAccessorImpl.java:43)
)

22-10-2025T10:44:20 - [TEST_STEP][PASSED] - click(findTestObject("Object Repository/TripFocus/Page_TripFocus/a_Users")): Object: 'Object Repository/TripFocus/Page_TripFocus/a_Users' is clicked on

22-10-2025T10:44:20 - [MESSAGE][PASSED] - Object: 'Object Repository/TripFocus/Page_TripFocus/a_Users' is clicked on

22-10-2025T10:44:20 - [TEST_STEP][PASSED] - setText(findTestObject("TripFocus/Users/User_Search_txt"), "ashfordAdminFDGTesting"): Text 'ashfordAdminFDGTesting' is set on object 'Object Repository/TripFocus/Users/User_Search_txt'

22-10-2025T10:44:21 - [MESSAGE][PASSED] - Text 'ashfordAdminFDGTesting' is set on object 'Object Repository/TripFocus/Users/User_Search_txt'

22-10-2025T10:44:21 - [TEST_STEP][PASSED] - delay(2): Delayed 2 second(s)

22-10-2025T10:44:23 - [MESSAGE][PASSED] - Delayed 2 second(s)

22-10-2025T10:44:23 - [TEST_STEP][PASSED] - click(findTestObject("TripFocus/Users/User_Delete_btn")): Object: 'Object Repository/TripFocus/Users/User_Delete_btn' is clicked on

22-10-2025T10:44:23 - [MESSAGE][PASSED] - Object: 'Object Repository/TripFocus/Users/User_Delete_btn' is clicked on

22-10-2025T10:44:23 - [TEST_STEP][PASSED] - delay(1): Delayed 1 second(s)

22-10-2025T10:44:24 - [MESSAGE][PASSED] - Delayed 1 second(s)

22-10-2025T10:44:24 - [TEST_STEP][PASSED] - verifyElementVisible(findTestObject("TripFocus/Users/Yes_Delete_Delete_User_btn"), STOP_ON_FAILURE): Object 'Object Repository/TripFocus/Users/Yes_Delete_Delete_User_btn' is visible

22-10-2025T10:44:24 - [MESSAGE][PASSED] - Object 'Object Repository/TripFocus/Users/Yes_Delete_Delete_User_btn' is visible

22-10-2025T10:44:24 - [TEST_STEP][PASSED] - click(findTestObject("TripFocus/Users/Yes_Delete_Delete_User_btn"), STOP_ON_FAILURE): Object: 'Object Repository/TripFocus/Users/Yes_Delete_Delete_User_btn' is clicked on

22-10-2025T10:44:24 - [MESSAGE][PASSED] - Object: 'Object Repository/TripFocus/Users/Yes_Delete_Delete_User_btn' is clicked on

22-10-2025T10:44:24 - [TEST_STEP][PASSED] - delay(1): Delayed 1 second(s)

22-10-2025T10:44:25 - [MESSAGE][PASSED] - Delayed 1 second(s)

22-10-2025T10:44:25 - [TEST_STEP][PASSED] - verifyElementVisible(findTestObject("TripFocus/Toasty_Message"), STOP_ON_FAILURE): Object 'Object Repository/TripFocus/Toasty_Message' is visible

22-10-2025T10:44:25 - [MESSAGE][PASSED] - Object 'Object Repository/TripFocus/Toasty_Message' is visible

22-10-2025T10:44:25 - [TEST_STEP][PASSED] - verifyElementText(findTestObject("TripFocus/Toasty_Message"), "User deleted successfully."): Actual text and expected text of test object 'Object Repository/TripFocus/Toasty_Message' are matched.

22-10-2025T10:44:25 - [MESSAGE][PASSED] - Actual text and expected text of test object 'Object Repository/TripFocus/Toasty_Message' are matched.

22-10-2025T10:44:25 - [TEST_STEP][PASSED] - Start listener action : retryOnDisconnect: null

22-10-2025T10:44:25 - [TEST_STEP][PASSED] - tcId = testCaseContext.getTestCaseId(): null

22-10-2025T10:44:25 - [TEST_STEP][PASSED] - currentRetry = retryCounts.getOrDefault(tcId, 0): null

22-10-2025T10:44:25 - [TEST_STEP][PASSED] - if (testCaseContext.getTestCaseStatus() == "FAILED" && currentRetry < MAX_RETRIES): null]]></system-out>
         <system-err><![CDATA[]]></system-err>
      </testcase>
      <system-out><![CDATA[22-10-2025T10:05:19 - [TEST_SUITE][PASSED] - FDG - TripFocus - UserPage: Test Cases/TripFocus/FDG/FDG - UserPage/Create/Deleting FDG Customer Admin User]]></system-out>
      <system-err><![CDATA[]]></system-err>
   </testsuite>
</testsuites>
