<?xml version="1.0" encoding="UTF-8"?>
<testsuites name="SPG - TripFocus - Templates" time="1310.935" tests="21" failures="8" errors="0">
   <testsuite name="SPG - TripFocus - Templates" tests="21" failures="8" errors="0" time="1310.935" skipped="0" timestamp="22-10-2025T10:50:31" hostname="DC1ADOBLD01$ - DC1ADOBLD01.thekag.com" id="Test Suites/TripFocus/SPG/SPG - TripFocus - Templates">
      <properties>
         <property name="deviceName" value=""/>
         <property name="devicePlatform"/>
         <property name="logFolder" value="D:\\ADOagent\\vsts-agent-win-x64-2.217.2\\_work\\944\\s\\Reports\\20251022_091709\\TripFocus\\SPG\\SPG - TripFocus - Templates\\20251022_091823"/>
         <property name="logFiles" value="D:\\ADOagent\\vsts-agent-win-x64-2.217.2\\_work\\944\\s\\Reports\\20251022_091709\\TripFocus\\SPG\\SPG - TripFocus - Templates\\20251022_091823\\execution0.log"/>
         <property name="attachments" value=""/>
         <property name="hostName" value="DC1ADOBLD01$ - DC1ADOBLD01.thekag.com"/>
         <property name="os" value="Windows Server 2019 64bit"/>
         <property name="katalonVersion" value="9.7.5.223"/>
         <property name="browser" value="Chrome 141.0.0.0"/>
         <property name="hostAddress" value="10.2.20.71"/>
         <property name="sessionId" value="8a61c4fbc9adebf1433e9b1b3659e69e"/>
         <property name="seleniumVersion" value="3.141.59"/>
         <property name="proxyInformation" value="ProxyInformation { proxyOption=NO_PROXY, proxyServerType=HTTP, username=, password=********, proxyServerAddress=, proxyServerPort=0, executionList=&quot;&quot;, isApplyToDesiredCapabilities=true }"/>
         <property name="platform" value="Windows Server 2019"/>
      </properties>
      <testcase name="Test Cases/TripFocus/SPG/SPG - Templates/Can Not Create Order Template Without Product" time="61.266" classname="Test Cases/TripFocus/SPG/SPG - Templates/Can Not Create Order Template Without Product" status="PASSED">
         <system-out><![CDATA[22-10-2025T10:50:31 - [TEST_CASE][PASSED] - Test Cases/TripFocus/SPG/SPG - Templates/Can Not Create Order Template Without Product: Test Cases/TripFocus/SPG/SPG - Templates/Can Not Create Order Template Without Product

22-10-2025T10:50:31 - [TEST_STEP][PASSED] - Start listener action : beforeTestCase: null

22-10-2025T10:50:31 - [TEST_STEP][PASSED] - addDefaultPackages(): null

22-10-2025T10:50:31 - [TEST_STEP][PASSED] - openBrowser(""): Browser is opened with url: ''

22-10-2025T10:50:31 - [MESSAGE][INFO] - Starting 'Chrome' driver

22-10-2025T10:50:31 - [MESSAGE][INFO] - User set preference: ['args', '[--no-sandbox, --disable-gpu, --disable-dev-shm-usage]']

22-10-2025T10:50:32 - [MESSAGE][INFO] - Action delay is set to 0 milliseconds

22-10-2025T10:50:33 - [MESSAGE][PASSED] - Browser is opened with url: ''

22-10-2025T10:50:33 - [TEST_STEP][PASSED] - navigateToUrl(TFBaseURL): Navigate to 'https://www.qa.tripfocus.com' successfully

22-10-2025T10:50:35 - [MESSAGE][PASSED] - Navigate to 'https://www.qa.tripfocus.com' successfully

22-10-2025T10:50:35 - [TEST_STEP][PASSED] - maximizeWindow(): Current window maximized

22-10-2025T10:50:35 - [MESSAGE][PASSED] - Current window maximized

22-10-2025T10:50:35 - [TEST_STEP][PASSED] - click(findTestObject("Object Repository/TripFocus/Page_TripFocus/button_Sign in")): Object: 'Object Repository/TripFocus/Page_TripFocus/button_Sign in' is clicked on

22-10-2025T10:50:35 - [MESSAGE][PASSED] - Object: 'Object Repository/TripFocus/Page_TripFocus/button_Sign in' is clicked on

22-10-2025T10:50:35 - [TEST_STEP][PASSED] - setText(findTestObject("Object Repository/TripFocus/Page_TripFocus/input_Username (e.g. email address)_Username"), TripFocusBleachTechSPGUsername): Text 'Ashford.Chenault+BleachtechCustomerSPGONLY@thekag.com' is set on object 'Object Repository/TripFocus/Page_TripFocus/input_Username (e.g. email address)_Username'

22-10-2025T10:50:36 - [MESSAGE][PASSED] - Text 'Ashford.Chenault+BleachtechCustomerSPGONLY@thekag.com' is set on object 'Object Repository/TripFocus/Page_TripFocus/input_Username (e.g. email address)_Username'

22-10-2025T10:50:36 - [TEST_STEP][PASSED] - setText(findTestObject("Object Repository/TripFocus/Page_TripFocus/input_Password_Password"), TripFocusFDGSPGPassword): Text 'CrashBan911!!' is set on object 'Object Repository/TripFocus/Page_TripFocus/input_Password_Password'

22-10-2025T10:50:36 - [MESSAGE][PASSED] - Text 'CrashBan911!!' is set on object 'Object Repository/TripFocus/Page_TripFocus/input_Password_Password'

22-10-2025T10:50:36 - [TEST_STEP][PASSED] - click(findTestObject("Object Repository/TripFocus/Page_TripFocus/button_Login")): Object: 'Object Repository/TripFocus/Page_TripFocus/button_Login' is clicked on

22-10-2025T10:50:37 - [MESSAGE][PASSED] - Object: 'Object Repository/TripFocus/Page_TripFocus/button_Login' is clicked on

22-10-2025T10:50:37 - [TEST_STEP][PASSED] - maximizeWindow(): Current window maximized

22-10-2025T10:50:37 - [MESSAGE][PASSED] - Current window maximized

22-10-2025T10:50:37 - [TEST_STEP][PASSED] - waitForElementVisible(findTestObject("TripFocus/Testing_Notification_btn"), 15, OPTIONAL): Web element with id: 'Object Repository/TripFocus/Testing_Notification_btn' located by '//*[@id="__BVID__10___BV_modal_footer_"]/button' not found

22-10-2025T10:50:53 - [MESSAGE][INFO] - Unable to find the element located by 'By.xpath: //*[@id="__BVID__10___BV_modal_footer_"]/button'. Please recheck the objects properties to make sure the desired element is located. 

22-10-2025T10:50:53 - [MESSAGE][WARNING] - [SELF-HEALING] Failed to find element with id 'Object Repository/TripFocus/Testing_Notification_btn'. Try using Self-healing.

22-10-2025T10:50:54 - [MESSAGE][INFO] - [SELF-HEALING] No working XPath is found.

22-10-2025T10:50:56 - [MESSAGE][INFO] - Unable to find the element located by 'By.xpath: '. Please recheck the objects properties to make sure the desired element is located. 

22-10-2025T10:50:56 - [MESSAGE][WARNING] - [SELF-HEALING] Cannot find elements when the selector is null

22-10-2025T10:50:56 - [MESSAGE][WARNING] - Web element with id: 'Object Repository/TripFocus/Testing_Notification_btn' located by '//*[@id="__BVID__10___BV_modal_footer_"]/button' not found

22-10-2025T10:50:56 - [TEST_STEP][PASSED] - if (verifyElementVisible(findTestObject("TripFocus/Testing_Notification_btn"), OPTIONAL) == true): Web element with id: 'Object Repository/TripFocus/Testing_Notification_btn' located by '//*[@id="__BVID__10___BV_modal_footer_"]/button' not found (Root cause: com.kms.katalon.core.exception.StepFailedException: Web element with id: 'Object Repository/TripFocus/Testing_Notification_btn' located by '//*[@id="__BVID__10___BV_modal_footer_"]/button' not found
	at com.kms.katalon.core.webui.keyword.internal.WebUIKeywordMain.stepFailed(WebUIKeywordMain.groovy:117)
	at com.kms.katalon.core.webui.keyword.builtin.VerifyElementVisibleKeyword$_verifyElementVisible_closure1.doCall(VerifyElementVisibleKeyword.groovy:89)
	at com.kms.katalon.core.webui.keyword.builtin.VerifyElementVisibleKeyword$_verifyElementVisible_closure1.call(VerifyElementVisibleKeyword.groovy)
	at com.kms.katalon.core.webui.keyword.internal.WebUIKeywordMain.runKeyword(WebUIKeywordMain.groovy:35)
	at com.kms.katalon.core.webui.keyword.builtin.VerifyElementVisibleKeyword.verifyElementVisible(VerifyElementVisibleKeyword.groovy:97)
	at com.kms.katalon.core.webui.keyword.builtin.VerifyElementVisibleKeyword.execute(VerifyElementVisibleKeyword.groovy:67)
	at com.kms.katalon.core.keyword.internal.KeywordExecutor.executeKeywordForPlatform(KeywordExecutor.groovy:74)
	at com.kms.katalon.core.webui.keyword.WebUiBuiltInKeywords.verifyElementVisible(WebUiBuiltInKeywords.groovy:401)
	at com.kms.katalon.core.webui.keyword.WebUiBuiltInKeywords$verifyElementVisible$5.call(Unknown Source)
	at Can Not Create Order Template Without Product.run(Can Not Create Order Template Without Product:40)
	at com.kms.katalon.core.main.ScriptEngine.run(ScriptEngine.java:194)
	at com.kms.katalon.core.main.ScriptEngine.runScriptAsRawText(ScriptEngine.java:119)
	at com.kms.katalon.core.main.TestCaseExecutor.runScript(TestCaseExecutor.java:448)
	at com.kms.katalon.core.main.TestCaseExecutor.doExecute(TestCaseExecutor.java:439)
	at com.kms.katalon.core.main.TestCaseExecutor.processExecutionPhase(TestCaseExecutor.java:418)
	at com.kms.katalon.core.main.TestCaseExecutor.accessMainPhase(TestCaseExecutor.java:410)
	at com.kms.katalon.core.main.TestCaseExecutor.execute(TestCaseExecutor.java:285)
	at com.kms.katalon.core.common.CommonExecutor.accessTestCaseMainPhase(CommonExecutor.java:65)
	at com.kms.katalon.core.main.TestSuiteExecutor.accessTestSuiteMainPhase(TestSuiteExecutor.java:150)
	at com.kms.katalon.core.main.TestSuiteExecutor.execute(TestSuiteExecutor.java:106)
	at com.kms.katalon.core.main.TestCaseMain.startTestSuite(TestCaseMain.java:180)
	at com.kms.katalon.core.main.TestCaseMain$startTestSuite$0.call(Unknown Source)
	at TempTestSuite1761139103004.run(TempTestSuite1761139103004.groovy:35)
	at java.base/jdk.internal.reflect.NativeMethodAccessorImpl.invoke0(Native Method)
	at java.base/jdk.internal.reflect.NativeMethodAccessorImpl.invoke(NativeMethodAccessorImpl.java:77)
	at java.base/jdk.internal.reflect.DelegatingMethodAccessorImpl.invoke(DelegatingMethodAccessorImpl.java:43)
)

22-10-2025T10:51:12 - [MESSAGE][INFO] - Unable to find the element located by 'By.xpath: //*[@id="__BVID__10___BV_modal_footer_"]/button'. Please recheck the objects properties to make sure the desired element is located. 

22-10-2025T10:51:12 - [MESSAGE][WARNING] - [SELF-HEALING] Failed to find element with id 'Object Repository/TripFocus/Testing_Notification_btn'. Try using Self-healing.

22-10-2025T10:51:13 - [MESSAGE][INFO] - [SELF-HEALING] No working XPath is found.

22-10-2025T10:51:15 - [MESSAGE][INFO] - Unable to find the element located by 'By.xpath: '. Please recheck the objects properties to make sure the desired element is located. 

22-10-2025T10:51:15 - [MESSAGE][WARNING] - [SELF-HEALING] Cannot find elements when the selector is null

22-10-2025T10:51:15 - [MESSAGE][WARNING] - Web element with id: 'Object Repository/TripFocus/Testing_Notification_btn' located by '//*[@id="__BVID__10___BV_modal_footer_"]/button' not found (Root cause: com.kms.katalon.core.exception.StepFailedException: Web element with id: 'Object Repository/TripFocus/Testing_Notification_btn' located by '//*[@id="__BVID__10___BV_modal_footer_"]/button' not found
	at com.kms.katalon.core.webui.keyword.internal.WebUIKeywordMain.stepFailed(WebUIKeywordMain.groovy:117)
	at com.kms.katalon.core.webui.keyword.builtin.VerifyElementVisibleKeyword$_verifyElementVisible_closure1.doCall(VerifyElementVisibleKeyword.groovy:89)
	at com.kms.katalon.core.webui.keyword.builtin.VerifyElementVisibleKeyword$_verifyElementVisible_closure1.call(VerifyElementVisibleKeyword.groovy)
	at com.kms.katalon.core.webui.keyword.internal.WebUIKeywordMain.runKeyword(WebUIKeywordMain.groovy:35)
	at com.kms.katalon.core.webui.keyword.builtin.VerifyElementVisibleKeyword.verifyElementVisible(VerifyElementVisibleKeyword.groovy:97)
	at com.kms.katalon.core.webui.keyword.builtin.VerifyElementVisibleKeyword.execute(VerifyElementVisibleKeyword.groovy:67)
	at com.kms.katalon.core.keyword.internal.KeywordExecutor.executeKeywordForPlatform(KeywordExecutor.groovy:74)
	at com.kms.katalon.core.webui.keyword.WebUiBuiltInKeywords.verifyElementVisible(WebUiBuiltInKeywords.groovy:401)
	at com.kms.katalon.core.webui.keyword.WebUiBuiltInKeywords$verifyElementVisible$5.call(Unknown Source)
	at Can Not Create Order Template Without Product.run(Can Not Create Order Template Without Product:40)
	at com.kms.katalon.core.main.ScriptEngine.run(ScriptEngine.java:194)
	at com.kms.katalon.core.main.ScriptEngine.runScriptAsRawText(ScriptEngine.java:119)
	at com.kms.katalon.core.main.TestCaseExecutor.runScript(TestCaseExecutor.java:448)
	at com.kms.katalon.core.main.TestCaseExecutor.doExecute(TestCaseExecutor.java:439)
	at com.kms.katalon.core.main.TestCaseExecutor.processExecutionPhase(TestCaseExecutor.java:418)
	at com.kms.katalon.core.main.TestCaseExecutor.accessMainPhase(TestCaseExecutor.java:410)
	at com.kms.katalon.core.main.TestCaseExecutor.execute(TestCaseExecutor.java:285)
	at com.kms.katalon.core.common.CommonExecutor.accessTestCaseMainPhase(CommonExecutor.java:65)
	at com.kms.katalon.core.main.TestSuiteExecutor.accessTestSuiteMainPhase(TestSuiteExecutor.java:150)
	at com.kms.katalon.core.main.TestSuiteExecutor.execute(TestSuiteExecutor.java:106)
	at com.kms.katalon.core.main.TestCaseMain.startTestSuite(TestCaseMain.java:180)
	at com.kms.katalon.core.main.TestCaseMain$startTestSuite$0.call(Unknown Source)
	at TempTestSuite1761139103004.run(TempTestSuite1761139103004.groovy:35)
	at java.base/jdk.internal.reflect.NativeMethodAccessorImpl.invoke0(Native Method)
	at java.base/jdk.internal.reflect.NativeMethodAccessorImpl.invoke(NativeMethodAccessorImpl.java:77)
	at java.base/jdk.internal.reflect.DelegatingMethodAccessorImpl.invoke(DelegatingMethodAccessorImpl.java:43)
)

22-10-2025T10:51:15 - [TEST_STEP][PASSED] - click(findTestObject("TripFocus/Order Templates/Order Templates_tab")): Object: 'Object Repository/TripFocus/Order Templates/Order Templates_tab' is clicked on

22-10-2025T10:51:15 - [MESSAGE][PASSED] - Object: 'Object Repository/TripFocus/Order Templates/Order Templates_tab' is clicked on

22-10-2025T10:51:15 - [TEST_STEP][PASSED] - delay(5): Delayed 5 second(s)

22-10-2025T10:51:20 - [MESSAGE][PASSED] - Delayed 5 second(s)

22-10-2025T10:51:20 - [TEST_STEP][PASSED] - click(findTestObject("TripFocus/Order Templates/Create New Template_btn")): Object: 'Object Repository/TripFocus/Order Templates/Create New Template_btn' is clicked on

22-10-2025T10:51:20 - [MESSAGE][PASSED] - Object: 'Object Repository/TripFocus/Order Templates/Create New Template_btn' is clicked on

22-10-2025T10:51:20 - [TEST_STEP][PASSED] - delay(5): Delayed 5 second(s)

22-10-2025T10:51:25 - [MESSAGE][PASSED] - Delayed 5 second(s)

22-10-2025T10:51:25 - [TEST_STEP][PASSED] - setText(findTestObject("TripFocus/Order Templates/Template_Name_txt"), "CamTest"): Text 'CamTest' is set on object 'Object Repository/TripFocus/Order Templates/Template_Name_txt'

22-10-2025T10:51:25 - [MESSAGE][PASSED] - Text 'CamTest' is set on object 'Object Repository/TripFocus/Order Templates/Template_Name_txt'

22-10-2025T10:51:25 - [TEST_STEP][PASSED] - delay(2): Delayed 2 second(s)

22-10-2025T10:51:27 - [MESSAGE][PASSED] - Delayed 2 second(s)

22-10-2025T10:51:27 - [TEST_STEP][PASSED] - click(findTestObject("TripFocus/Order Templates/Save_Template_btn")): Object: 'Object Repository/TripFocus/Order Templates/Save_Template_btn' is clicked on

22-10-2025T10:51:28 - [MESSAGE][PASSED] - Object: 'Object Repository/TripFocus/Order Templates/Save_Template_btn' is clicked on

22-10-2025T10:51:28 - [TEST_STEP][PASSED] - verifyElementPresent(findTestObject("TripFocus/Order Templates/Template_No_Product_Error_Message"), 10): Object 'Object Repository/TripFocus/Order Templates/Template_No_Product_Error_Message' is present

22-10-2025T10:51:28 - [MESSAGE][PASSED] - Object 'Object Repository/TripFocus/Order Templates/Template_No_Product_Error_Message' is present

22-10-2025T10:51:28 - [TEST_STEP][PASSED] - delay(1): Delayed 1 second(s)

22-10-2025T10:51:29 - [MESSAGE][PASSED] - Delayed 1 second(s)

22-10-2025T10:51:29 - [TEST_STEP][PASSED] - verifyElementVisible(findTestObject("TripFocus/Order Templates/Template_No_Product_Error_Message"), STOP_ON_FAILURE): Object 'Object Repository/TripFocus/Order Templates/Template_No_Product_Error_Message' is visible

22-10-2025T10:51:29 - [MESSAGE][PASSED] - Object 'Object Repository/TripFocus/Order Templates/Template_No_Product_Error_Message' is visible

22-10-2025T10:51:29 - [TEST_STEP][PASSED] - delay(1): Delayed 1 second(s)

22-10-2025T10:51:30 - [MESSAGE][PASSED] - Delayed 1 second(s)

22-10-2025T10:51:30 - [TEST_STEP][PASSED] - verifyElementText(findTestObject("TripFocus/Order Templates/Template_No_Product_Error_Message"), "You must add at least one product!"): Actual text and expected text of test object 'Object Repository/TripFocus/Order Templates/Template_No_Product_Error_Message' are matched.

22-10-2025T10:51:30 - [MESSAGE][PASSED] - Actual text and expected text of test object 'Object Repository/TripFocus/Order Templates/Template_No_Product_Error_Message' are matched.

22-10-2025T10:51:30 - [TEST_STEP][PASSED] - delay(2): Delayed 2 second(s)

22-10-2025T10:51:32 - [MESSAGE][PASSED] - Delayed 2 second(s)

22-10-2025T10:51:32 - [TEST_STEP][PASSED] - closeBrowser(): Browser is closed

22-10-2025T10:51:32 - [MESSAGE][PASSED] - Browser is closed

22-10-2025T10:51:32 - [TEST_STEP][PASSED] - Start listener action : retryOnDisconnect: null

22-10-2025T10:51:32 - [TEST_STEP][PASSED] - tcId = testCaseContext.getTestCaseId(): null

22-10-2025T10:51:32 - [TEST_STEP][PASSED] - currentRetry = retryCounts.getOrDefault(tcId, 0): null

22-10-2025T10:51:32 - [TEST_STEP][PASSED] - if (testCaseContext.getTestCaseStatus() == "FAILED" && currentRetry < MAX_RETRIES): null]]></system-out>
         <system-err><![CDATA[]]></system-err>
      </testcase>
      <testcase name="Test Cases/TripFocus/SPG/SPG - Templates/Can Not Create Order Template Without Template Name" time="73.111" classname="Test Cases/TripFocus/SPG/SPG - Templates/Can Not Create Order Template Without Template Name" status="PASSED">
         <system-out><![CDATA[22-10-2025T10:51:32 - [TEST_CASE][PASSED] - Test Cases/TripFocus/SPG/SPG - Templates/Can Not Create Order Template Without Template Name: Test Cases/TripFocus/SPG/SPG - Templates/Can Not Create Order Template Without Template Name

22-10-2025T10:51:32 - [TEST_STEP][PASSED] - Start listener action : beforeTestCase: null

22-10-2025T10:51:32 - [TEST_STEP][PASSED] - addDefaultPackages(): null

22-10-2025T10:51:32 - [TEST_STEP][PASSED] - openBrowser(""): Browser is opened with url: ''

22-10-2025T10:51:32 - [MESSAGE][INFO] - Starting 'Chrome' driver

22-10-2025T10:51:32 - [MESSAGE][INFO] - User set preference: ['args', '[--no-sandbox, --disable-gpu, --disable-dev-shm-usage]']

22-10-2025T10:51:32 - [MESSAGE][INFO] - Action delay is set to 0 milliseconds

22-10-2025T10:51:33 - [MESSAGE][PASSED] - Browser is opened with url: ''

22-10-2025T10:51:33 - [TEST_STEP][PASSED] - navigateToUrl(TFBaseURL): Navigate to 'https://www.qa.tripfocus.com' successfully

22-10-2025T10:51:33 - [MESSAGE][PASSED] - Navigate to 'https://www.qa.tripfocus.com' successfully

22-10-2025T10:51:33 - [TEST_STEP][PASSED] - maximizeWindow(): Current window maximized

22-10-2025T10:51:34 - [MESSAGE][PASSED] - Current window maximized

22-10-2025T10:51:34 - [TEST_STEP][PASSED] - click(findTestObject("Object Repository/TripFocus/Page_TripFocus/button_Sign in")): Object: 'Object Repository/TripFocus/Page_TripFocus/button_Sign in' is clicked on

22-10-2025T10:51:34 - [MESSAGE][PASSED] - Object: 'Object Repository/TripFocus/Page_TripFocus/button_Sign in' is clicked on

22-10-2025T10:51:34 - [TEST_STEP][PASSED] - setText(findTestObject("Object Repository/TripFocus/Page_TripFocus/input_Username (e.g. email address)_Username"), TripFocusBleachTechSPGUsername): Text 'Ashford.Chenault+BleachtechCustomerSPGONLY@thekag.com' is set on object 'Object Repository/TripFocus/Page_TripFocus/input_Username (e.g. email address)_Username'

22-10-2025T10:51:35 - [MESSAGE][PASSED] - Text 'Ashford.Chenault+BleachtechCustomerSPGONLY@thekag.com' is set on object 'Object Repository/TripFocus/Page_TripFocus/input_Username (e.g. email address)_Username'

22-10-2025T10:51:35 - [TEST_STEP][PASSED] - setText(findTestObject("Object Repository/TripFocus/Page_TripFocus/input_Password_Password"), TripFocusFDGSPGPassword): Text 'CrashBan911!!' is set on object 'Object Repository/TripFocus/Page_TripFocus/input_Password_Password'

22-10-2025T10:51:35 - [MESSAGE][PASSED] - Text 'CrashBan911!!' is set on object 'Object Repository/TripFocus/Page_TripFocus/input_Password_Password'

22-10-2025T10:51:35 - [TEST_STEP][PASSED] - click(findTestObject("Object Repository/TripFocus/Page_TripFocus/button_Login")): Object: 'Object Repository/TripFocus/Page_TripFocus/button_Login' is clicked on

22-10-2025T10:51:36 - [MESSAGE][PASSED] - Object: 'Object Repository/TripFocus/Page_TripFocus/button_Login' is clicked on

22-10-2025T10:51:36 - [TEST_STEP][PASSED] - maximizeWindow(): Current window maximized

22-10-2025T10:51:36 - [MESSAGE][PASSED] - Current window maximized

22-10-2025T10:51:36 - [TEST_STEP][PASSED] - waitForElementVisible(findTestObject("TripFocus/Testing_Notification_btn"), 15, OPTIONAL): Web element with id: 'Object Repository/TripFocus/Testing_Notification_btn' located by '//*[@id="__BVID__10___BV_modal_footer_"]/button' not found

22-10-2025T10:51:52 - [MESSAGE][INFO] - Unable to find the element located by 'By.xpath: //*[@id="__BVID__10___BV_modal_footer_"]/button'. Please recheck the objects properties to make sure the desired element is located. 

22-10-2025T10:51:52 - [MESSAGE][WARNING] - [SELF-HEALING] Failed to find element with id 'Object Repository/TripFocus/Testing_Notification_btn'. Try using Self-healing.

22-10-2025T10:51:53 - [MESSAGE][INFO] - [SELF-HEALING] No working XPath is found.

22-10-2025T10:51:55 - [MESSAGE][INFO] - Unable to find the element located by 'By.xpath: '. Please recheck the objects properties to make sure the desired element is located. 

22-10-2025T10:51:55 - [MESSAGE][WARNING] - [SELF-HEALING] Cannot find elements when the selector is null

22-10-2025T10:51:55 - [MESSAGE][WARNING] - Web element with id: 'Object Repository/TripFocus/Testing_Notification_btn' located by '//*[@id="__BVID__10___BV_modal_footer_"]/button' not found

22-10-2025T10:51:55 - [TEST_STEP][PASSED] - if (verifyElementVisible(findTestObject("TripFocus/Testing_Notification_btn"), OPTIONAL) == true): Web element with id: 'Object Repository/TripFocus/Testing_Notification_btn' located by '//*[@id="__BVID__10___BV_modal_footer_"]/button' not found (Root cause: com.kms.katalon.core.exception.StepFailedException: Web element with id: 'Object Repository/TripFocus/Testing_Notification_btn' located by '//*[@id="__BVID__10___BV_modal_footer_"]/button' not found
	at com.kms.katalon.core.webui.keyword.internal.WebUIKeywordMain.stepFailed(WebUIKeywordMain.groovy:117)
	at com.kms.katalon.core.webui.keyword.builtin.VerifyElementVisibleKeyword$_verifyElementVisible_closure1.doCall(VerifyElementVisibleKeyword.groovy:89)
	at com.kms.katalon.core.webui.keyword.builtin.VerifyElementVisibleKeyword$_verifyElementVisible_closure1.call(VerifyElementVisibleKeyword.groovy)
	at com.kms.katalon.core.webui.keyword.internal.WebUIKeywordMain.runKeyword(WebUIKeywordMain.groovy:35)
	at com.kms.katalon.core.webui.keyword.builtin.VerifyElementVisibleKeyword.verifyElementVisible(VerifyElementVisibleKeyword.groovy:97)
	at com.kms.katalon.core.webui.keyword.builtin.VerifyElementVisibleKeyword.execute(VerifyElementVisibleKeyword.groovy:67)
	at com.kms.katalon.core.keyword.internal.KeywordExecutor.executeKeywordForPlatform(KeywordExecutor.groovy:74)
	at com.kms.katalon.core.webui.keyword.WebUiBuiltInKeywords.verifyElementVisible(WebUiBuiltInKeywords.groovy:401)
	at com.kms.katalon.core.webui.keyword.WebUiBuiltInKeywords$verifyElementVisible$5.call(Unknown Source)
	at Can Not Create Order Template Without Template Name.run(Can Not Create Order Template Without Template Name:40)
	at com.kms.katalon.core.main.ScriptEngine.run(ScriptEngine.java:194)
	at com.kms.katalon.core.main.ScriptEngine.runScriptAsRawText(ScriptEngine.java:119)
	at com.kms.katalon.core.main.TestCaseExecutor.runScript(TestCaseExecutor.java:448)
	at com.kms.katalon.core.main.TestCaseExecutor.doExecute(TestCaseExecutor.java:439)
	at com.kms.katalon.core.main.TestCaseExecutor.processExecutionPhase(TestCaseExecutor.java:418)
	at com.kms.katalon.core.main.TestCaseExecutor.accessMainPhase(TestCaseExecutor.java:410)
	at com.kms.katalon.core.main.TestCaseExecutor.execute(TestCaseExecutor.java:285)
	at com.kms.katalon.core.common.CommonExecutor.accessTestCaseMainPhase(CommonExecutor.java:65)
	at com.kms.katalon.core.main.TestSuiteExecutor.accessTestSuiteMainPhase(TestSuiteExecutor.java:150)
	at com.kms.katalon.core.main.TestSuiteExecutor.execute(TestSuiteExecutor.java:106)
	at com.kms.katalon.core.main.TestCaseMain.startTestSuite(TestCaseMain.java:180)
	at com.kms.katalon.core.main.TestCaseMain$startTestSuite$0.call(Unknown Source)
	at TempTestSuite1761139103004.run(TempTestSuite1761139103004.groovy:35)
	at java.base/jdk.internal.reflect.NativeMethodAccessorImpl.invoke0(Native Method)
	at java.base/jdk.internal.reflect.NativeMethodAccessorImpl.invoke(NativeMethodAccessorImpl.java:77)
	at java.base/jdk.internal.reflect.DelegatingMethodAccessorImpl.invoke(DelegatingMethodAccessorImpl.java:43)
)

22-10-2025T10:52:11 - [MESSAGE][INFO] - Unable to find the element located by 'By.xpath: //*[@id="__BVID__10___BV_modal_footer_"]/button'. Please recheck the objects properties to make sure the desired element is located. 

22-10-2025T10:52:11 - [MESSAGE][WARNING] - [SELF-HEALING] Failed to find element with id 'Object Repository/TripFocus/Testing_Notification_btn'. Try using Self-healing.

22-10-2025T10:52:12 - [MESSAGE][INFO] - [SELF-HEALING] No working XPath is found.

22-10-2025T10:52:14 - [MESSAGE][INFO] - Unable to find the element located by 'By.xpath: '. Please recheck the objects properties to make sure the desired element is located. 

22-10-2025T10:52:14 - [MESSAGE][WARNING] - [SELF-HEALING] Cannot find elements when the selector is null

22-10-2025T10:52:14 - [MESSAGE][WARNING] - Web element with id: 'Object Repository/TripFocus/Testing_Notification_btn' located by '//*[@id="__BVID__10___BV_modal_footer_"]/button' not found (Root cause: com.kms.katalon.core.exception.StepFailedException: Web element with id: 'Object Repository/TripFocus/Testing_Notification_btn' located by '//*[@id="__BVID__10___BV_modal_footer_"]/button' not found
	at com.kms.katalon.core.webui.keyword.internal.WebUIKeywordMain.stepFailed(WebUIKeywordMain.groovy:117)
	at com.kms.katalon.core.webui.keyword.builtin.VerifyElementVisibleKeyword$_verifyElementVisible_closure1.doCall(VerifyElementVisibleKeyword.groovy:89)
	at com.kms.katalon.core.webui.keyword.builtin.VerifyElementVisibleKeyword$_verifyElementVisible_closure1.call(VerifyElementVisibleKeyword.groovy)
	at com.kms.katalon.core.webui.keyword.internal.WebUIKeywordMain.runKeyword(WebUIKeywordMain.groovy:35)
	at com.kms.katalon.core.webui.keyword.builtin.VerifyElementVisibleKeyword.verifyElementVisible(VerifyElementVisibleKeyword.groovy:97)
	at com.kms.katalon.core.webui.keyword.builtin.VerifyElementVisibleKeyword.execute(VerifyElementVisibleKeyword.groovy:67)
	at com.kms.katalon.core.keyword.internal.KeywordExecutor.executeKeywordForPlatform(KeywordExecutor.groovy:74)
	at com.kms.katalon.core.webui.keyword.WebUiBuiltInKeywords.verifyElementVisible(WebUiBuiltInKeywords.groovy:401)
	at com.kms.katalon.core.webui.keyword.WebUiBuiltInKeywords$verifyElementVisible$5.call(Unknown Source)
	at Can Not Create Order Template Without Template Name.run(Can Not Create Order Template Without Template Name:40)
	at com.kms.katalon.core.main.ScriptEngine.run(ScriptEngine.java:194)
	at com.kms.katalon.core.main.ScriptEngine.runScriptAsRawText(ScriptEngine.java:119)
	at com.kms.katalon.core.main.TestCaseExecutor.runScript(TestCaseExecutor.java:448)
	at com.kms.katalon.core.main.TestCaseExecutor.doExecute(TestCaseExecutor.java:439)
	at com.kms.katalon.core.main.TestCaseExecutor.processExecutionPhase(TestCaseExecutor.java:418)
	at com.kms.katalon.core.main.TestCaseExecutor.accessMainPhase(TestCaseExecutor.java:410)
	at com.kms.katalon.core.main.TestCaseExecutor.execute(TestCaseExecutor.java:285)
	at com.kms.katalon.core.common.CommonExecutor.accessTestCaseMainPhase(CommonExecutor.java:65)
	at com.kms.katalon.core.main.TestSuiteExecutor.accessTestSuiteMainPhase(TestSuiteExecutor.java:150)
	at com.kms.katalon.core.main.TestSuiteExecutor.execute(TestSuiteExecutor.java:106)
	at com.kms.katalon.core.main.TestCaseMain.startTestSuite(TestCaseMain.java:180)
	at com.kms.katalon.core.main.TestCaseMain$startTestSuite$0.call(Unknown Source)
	at TempTestSuite1761139103004.run(TempTestSuite1761139103004.groovy:35)
	at java.base/jdk.internal.reflect.NativeMethodAccessorImpl.invoke0(Native Method)
	at java.base/jdk.internal.reflect.NativeMethodAccessorImpl.invoke(NativeMethodAccessorImpl.java:77)
	at java.base/jdk.internal.reflect.DelegatingMethodAccessorImpl.invoke(DelegatingMethodAccessorImpl.java:43)
)

22-10-2025T10:52:14 - [TEST_STEP][PASSED] - click(findTestObject("TripFocus/Order Templates/Order Templates_tab")): Object: 'Object Repository/TripFocus/Order Templates/Order Templates_tab' is clicked on

22-10-2025T10:52:14 - [MESSAGE][PASSED] - Object: 'Object Repository/TripFocus/Order Templates/Order Templates_tab' is clicked on

22-10-2025T10:52:14 - [TEST_STEP][PASSED] - delay(10): Delayed 10 second(s)

22-10-2025T10:52:24 - [MESSAGE][PASSED] - Delayed 10 second(s)

22-10-2025T10:52:24 - [TEST_STEP][PASSED] - click(findTestObject("TripFocus/Order Templates/Create New Template_btn")): Object: 'Object Repository/TripFocus/Order Templates/Create New Template_btn' is clicked on

22-10-2025T10:52:24 - [MESSAGE][PASSED] - Object: 'Object Repository/TripFocus/Order Templates/Create New Template_btn' is clicked on

22-10-2025T10:52:24 - [TEST_STEP][PASSED] - delay(5): Delayed 5 second(s)

22-10-2025T10:52:29 - [MESSAGE][PASSED] - Delayed 5 second(s)

22-10-2025T10:52:29 - [TEST_STEP][PASSED] - click(findTestObject("TripFocus/Order Templates/Templates_Add_Product_link")): Object: 'Object Repository/TripFocus/Order Templates/Templates_Add_Product_link' is clicked on

22-10-2025T10:52:29 - [MESSAGE][PASSED] - Object: 'Object Repository/TripFocus/Order Templates/Templates_Add_Product_link' is clicked on

22-10-2025T10:52:29 - [TEST_STEP][PASSED] - delay(2): Delayed 2 second(s)

22-10-2025T10:52:31 - [MESSAGE][PASSED] - Delayed 2 second(s)

22-10-2025T10:52:31 - [TEST_STEP][PASSED] - setText(findTestObject("TripFocus/Order Templates/Delivery_Site_txt"), "Kinder Morgan"): Text 'Kinder Morgan' is set on object 'Object Repository/TripFocus/Order Templates/Delivery_Site_txt'

22-10-2025T10:52:32 - [MESSAGE][PASSED] - Text 'Kinder Morgan' is set on object 'Object Repository/TripFocus/Order Templates/Delivery_Site_txt'

22-10-2025T10:52:32 - [TEST_STEP][PASSED] - delay(1): Delayed 1 second(s)

22-10-2025T10:52:33 - [MESSAGE][PASSED] - Delayed 1 second(s)

22-10-2025T10:52:33 - [TEST_STEP][PASSED] - sendKeys(findTestObject("TripFocus/Order Templates/Delivery_Site_txt"), Keys.chord(ENTER)): Keys 'ENTER + ' sent to object: 'Object Repository/TripFocus/Order Templates/Delivery_Site_txt'

22-10-2025T10:52:33 - [MESSAGE][PASSED] - Keys 'ENTER + ' sent to object: 'Object Repository/TripFocus/Order Templates/Delivery_Site_txt'

22-10-2025T10:52:33 - [TEST_STEP][PASSED] - delay(1): Delayed 1 second(s)

22-10-2025T10:52:34 - [MESSAGE][PASSED] - Delayed 1 second(s)

22-10-2025T10:52:34 - [TEST_STEP][PASSED] - sendKeys(findTestObject("TripFocus/Order Templates/Shipper_txt"), "Kinder Morgan"): Keys 'Kinder Morgan' sent to object: 'Object Repository/TripFocus/Order Templates/Shipper_txt'

22-10-2025T10:52:34 - [MESSAGE][PASSED] - Keys 'Kinder Morgan' sent to object: 'Object Repository/TripFocus/Order Templates/Shipper_txt'

22-10-2025T10:52:34 - [TEST_STEP][PASSED] - delay(1): Delayed 1 second(s)

22-10-2025T10:52:35 - [MESSAGE][PASSED] - Delayed 1 second(s)

22-10-2025T10:52:35 - [TEST_STEP][PASSED] - sendKeys(findTestObject("TripFocus/Order Templates/Shipper_txt"), Keys.chord(ENTER)): Keys 'ENTER + ' sent to object: 'Object Repository/TripFocus/Order Templates/Shipper_txt'

22-10-2025T10:52:35 - [MESSAGE][PASSED] - Keys 'ENTER + ' sent to object: 'Object Repository/TripFocus/Order Templates/Shipper_txt'

22-10-2025T10:52:35 - [TEST_STEP][PASSED] - delay(1): Delayed 1 second(s)

22-10-2025T10:52:36 - [MESSAGE][PASSED] - Delayed 1 second(s)

22-10-2025T10:52:36 - [TEST_STEP][PASSED] - click(findTestObject("TripFocus/Order Templates/Commodity_txt"), STOP_ON_FAILURE): Object: 'Object Repository/TripFocus/Order Templates/Commodity_txt' is clicked on

22-10-2025T10:52:36 - [MESSAGE][PASSED] - Object: 'Object Repository/TripFocus/Order Templates/Commodity_txt' is clicked on

22-10-2025T10:52:36 - [TEST_STEP][PASSED] - delay(1): Delayed 1 second(s)

22-10-2025T10:52:37 - [MESSAGE][PASSED] - Delayed 1 second(s)

22-10-2025T10:52:37 - [TEST_STEP][PASSED] - setText(findTestObject("TripFocus/Order Templates/Commodity_txt"), "Caustic"): Text 'Caustic' is set on object 'Object Repository/TripFocus/Order Templates/Commodity_txt'

22-10-2025T10:52:37 - [MESSAGE][PASSED] - Text 'Caustic' is set on object 'Object Repository/TripFocus/Order Templates/Commodity_txt'

22-10-2025T10:52:37 - [TEST_STEP][PASSED] - delay(1): Delayed 1 second(s)

22-10-2025T10:52:38 - [MESSAGE][PASSED] - Delayed 1 second(s)

22-10-2025T10:52:38 - [TEST_STEP][PASSED] - sendKeys(findTestObject("TripFocus/Order Templates/Commodity_txt"), Keys.chord(ENTER)): Keys 'ENTER + ' sent to object: 'Object Repository/TripFocus/Order Templates/Commodity_txt'

22-10-2025T10:52:39 - [MESSAGE][PASSED] - Keys 'ENTER + ' sent to object: 'Object Repository/TripFocus/Order Templates/Commodity_txt'

22-10-2025T10:52:39 - [TEST_STEP][PASSED] - delay(1): Delayed 1 second(s)

22-10-2025T10:52:40 - [MESSAGE][PASSED] - Delayed 1 second(s)

22-10-2025T10:52:40 - [TEST_STEP][PASSED] - setText(findTestObject("TripFocus/Order Templates/Quantity_txt"), "5511"): Text '5511' is set on object 'Object Repository/TripFocus/Order Templates/Quantity_txt'

22-10-2025T10:52:40 - [MESSAGE][PASSED] - Text '5511' is set on object 'Object Repository/TripFocus/Order Templates/Quantity_txt'

22-10-2025T10:52:40 - [TEST_STEP][PASSED] - delay(1): Delayed 1 second(s)

22-10-2025T10:52:41 - [MESSAGE][PASSED] - Delayed 1 second(s)

22-10-2025T10:52:41 - [TEST_STEP][PASSED] - click(findTestObject("TripFocus/Order Templates/Template_Add_Product_btn")): Object: 'Object Repository/TripFocus/Order Templates/Template_Add_Product_btn' is clicked on

22-10-2025T10:52:41 - [MESSAGE][PASSED] - Object: 'Object Repository/TripFocus/Order Templates/Template_Add_Product_btn' is clicked on

22-10-2025T10:52:41 - [TEST_STEP][PASSED] - delay(1): Delayed 1 second(s)

22-10-2025T10:52:42 - [MESSAGE][PASSED] - Delayed 1 second(s)

22-10-2025T10:52:42 - [TEST_STEP][PASSED] - click(findTestObject("TripFocus/Order Templates/Exit_Add_Products_icon")): Object: 'Object Repository/TripFocus/Order Templates/Exit_Add_Products_icon' is clicked on

22-10-2025T10:52:42 - [MESSAGE][PASSED] - Object: 'Object Repository/TripFocus/Order Templates/Exit_Add_Products_icon' is clicked on

22-10-2025T10:52:42 - [TEST_STEP][PASSED] - delay(1): Delayed 1 second(s)

22-10-2025T10:52:43 - [MESSAGE][PASSED] - Delayed 1 second(s)

22-10-2025T10:52:43 - [TEST_STEP][PASSED] - click(findTestObject("TripFocus/Order Templates/Save_Template_btn")): Object: 'Object Repository/TripFocus/Order Templates/Save_Template_btn' is clicked on

22-10-2025T10:52:43 - [MESSAGE][PASSED] - Object: 'Object Repository/TripFocus/Order Templates/Save_Template_btn' is clicked on

22-10-2025T10:52:43 - [TEST_STEP][PASSED] - verifyElementPresent(findTestObject("TripFocus/Order Templates/Template Name is Required Message"), 10): Object 'Object Repository/TripFocus/Order Templates/Template Name is Required Message' is present

22-10-2025T10:52:43 - [MESSAGE][PASSED] - Object 'Object Repository/TripFocus/Order Templates/Template Name is Required Message' is present

22-10-2025T10:52:43 - [TEST_STEP][PASSED] - verifyElementVisible(findTestObject("TripFocus/Order Templates/Template Name is Required Message"), STOP_ON_FAILURE): Object 'Object Repository/TripFocus/Order Templates/Template Name is Required Message' is visible

22-10-2025T10:52:43 - [MESSAGE][PASSED] - Object 'Object Repository/TripFocus/Order Templates/Template Name is Required Message' is visible

22-10-2025T10:52:43 - [TEST_STEP][PASSED] - delay(2): Delayed 2 second(s)

22-10-2025T10:52:45 - [MESSAGE][PASSED] - Delayed 2 second(s)

22-10-2025T10:52:45 - [TEST_STEP][PASSED] - closeBrowser(): Browser is closed

22-10-2025T10:52:45 - [MESSAGE][PASSED] - Browser is closed

22-10-2025T10:52:45 - [TEST_STEP][PASSED] - Start listener action : retryOnDisconnect: null

22-10-2025T10:52:45 - [TEST_STEP][PASSED] - tcId = testCaseContext.getTestCaseId(): null

22-10-2025T10:52:45 - [TEST_STEP][PASSED] - currentRetry = retryCounts.getOrDefault(tcId, 0): null

22-10-2025T10:52:45 - [TEST_STEP][PASSED] - if (testCaseContext.getTestCaseStatus() == "FAILED" && currentRetry < MAX_RETRIES): null]]></system-out>
         <system-err><![CDATA[]]></system-err>
      </testcase>
      <testcase name="Test Cases/TripFocus/SPG/SPG - Templates/Creating Order From Template" time="74.934" classname="Test Cases/TripFocus/SPG/SPG - Templates/Creating Order From Template" status="FAILED">
         <failure type="FAILED" message="Test Cases/TripFocus/SPG/SPG - Templates/Creating Order From Template FAILED.&#xa;Reason:&#xa;com.kms.katalon.core.exception.StepFailedException: Verify element text of test object 'Object Repository/TripFocus/Orders/Create New Order/Order Submitted Successfully Message' FAILED.&#xa;	at com.kms.katalon.core.webui.keyword.internal.WebUIKeywordMain.stepFailed(WebUIKeywordMain.groovy:117)&#xa;	at com.kms.katalon.core.webui.keyword.internal.WebUIKeywordMain.runKeyword(WebUIKeywordMain.groovy:43)&#xa;	at com.kms.katalon.core.webui.keyword.builtin.VerifyElementTextKeyword.verifyElementText(VerifyElementTextKeyword.groovy:72)&#xa;	at com.kms.katalon.core.webui.keyword.builtin.VerifyElementTextKeyword.execute(VerifyElementTextKeyword.groovy:40)&#xa;	at com.kms.katalon.core.keyword.internal.KeywordExecutor.executeKeywordForPlatform(KeywordExecutor.groovy:74)&#xa;	at com.kms.katalon.core.webui.keyword.WebUiBuiltInKeywords.verifyElementText(WebUiBuiltInKeywords.groovy:4835)&#xa;	at com.kms.katalon.core.webui.keyword.WebUiBuiltInKeywords$verifyElementText$7.call(Unknown Source)&#xa;	at Creating Order From Template.run(Creating Order From Template:74)&#xa;	at com.kms.katalon.core.main.ScriptEngine.run(ScriptEngine.java:194)&#xa;	at com.kms.katalon.core.main.ScriptEngine.runScriptAsRawText(ScriptEngine.java:119)&#xa;	at com.kms.katalon.core.main.TestCaseExecutor.runScript(TestCaseExecutor.java:448)&#xa;	at com.kms.katalon.core.main.TestCaseExecutor.doExecute(TestCaseExecutor.java:439)&#xa;	at com.kms.katalon.core.main.TestCaseExecutor.processExecutionPhase(TestCaseExecutor.java:418)&#xa;	at com.kms.katalon.core.main.TestCaseExecutor.accessMainPhase(TestCaseExecutor.java:410)&#xa;	at com.kms.katalon.core.main.TestCaseExecutor.execute(TestCaseExecutor.java:285)&#xa;	at com.kms.katalon.core.common.CommonExecutor.accessTestCaseMainPhase(CommonExecutor.java:65)&#xa;	at com.kms.katalon.core.main.TestSuiteExecutor.accessTestSuiteMainPhase(TestSuiteExecutor.java:150)&#xa;	at com.kms.katalon.core.main.TestSuiteExecutor.execute(TestSuiteExecutor.java:106)&#xa;	at com.kms.katalon.core.main.TestCaseMain.startTestSuite(TestCaseMain.java:180)&#xa;	at com.kms.katalon.core.main.TestCaseMain$startTestSuite$0.call(Unknown Source)&#xa;	at TempTestSuite1761139103004.run(TempTestSuite1761139103004.groovy:35)&#xa;	at java.base/jdk.internal.reflect.NativeMethodAccessorImpl.invoke0(Native Method)&#xa;	at java.base/jdk.internal.reflect.NativeMethodAccessorImpl.invoke(NativeMethodAccessorImpl.java:77)&#xa;	at java.base/jdk.internal.reflect.DelegatingMethodAccessorImpl.invoke(DelegatingMethodAccessorImpl.java:43)&#xa;Caused by: com.kms.katalon.core.exception.StepFailedException: Actual text '' and expected text 'Order Submitted Successfully' of test object 'Object Repository/TripFocus/Orders/Create New Order/Order Submitted Successfully Message' are NOT matched.&#xa;	at com.kms.katalon.core.webui.keyword.internal.WebUIKeywordMain.stepFailed(WebUIKeywordMain.groovy:117)&#xa;	at com.kms.katalon.core.webui.keyword.builtin.VerifyElementTextKeyword$_verifyElementText_closure1.doCall(VerifyElementTextKeyword.groovy:57)&#xa;	at com.kms.katalon.core.webui.keyword.builtin.VerifyElementTextKeyword$_verifyElementText_closure1.call(VerifyElementTextKeyword.groovy)&#xa;	at com.kms.katalon.core.webui.keyword.internal.WebUIKeywordMain.runKeyword(WebUIKeywordMain.groovy:35)&#xa;	... 22 more&#xa;"/>
         <system-out><![CDATA[22-10-2025T10:52:45 - [TEST_CASE][FAILED] - Test Cases/TripFocus/SPG/SPG - Templates/Creating Order From Template: Test Cases/TripFocus/SPG/SPG - Templates/Creating Order From Template FAILED.
Reason:
com.kms.katalon.core.exception.StepFailedException: Verify element text of test object 'Object Repository/TripFocus/Orders/Create New Order/Order Submitted Successfully Message' FAILED.
	at com.kms.katalon.core.webui.keyword.internal.WebUIKeywordMain.stepFailed(WebUIKeywordMain.groovy:117)
	at com.kms.katalon.core.webui.keyword.internal.WebUIKeywordMain.runKeyword(WebUIKeywordMain.groovy:43)
	at com.kms.katalon.core.webui.keyword.builtin.VerifyElementTextKeyword.verifyElementText(VerifyElementTextKeyword.groovy:72)
	at com.kms.katalon.core.webui.keyword.builtin.VerifyElementTextKeyword.execute(VerifyElementTextKeyword.groovy:40)
	at com.kms.katalon.core.keyword.internal.KeywordExecutor.executeKeywordForPlatform(KeywordExecutor.groovy:74)
	at com.kms.katalon.core.webui.keyword.WebUiBuiltInKeywords.verifyElementText(WebUiBuiltInKeywords.groovy:4835)
	at com.kms.katalon.core.webui.keyword.WebUiBuiltInKeywords$verifyElementText$7.call(Unknown Source)
	at Creating Order From Template.run(Creating Order From Template:74)
	at com.kms.katalon.core.main.ScriptEngine.run(ScriptEngine.java:194)
	at com.kms.katalon.core.main.ScriptEngine.runScriptAsRawText(ScriptEngine.java:119)
	at com.kms.katalon.core.main.TestCaseExecutor.runScript(TestCaseExecutor.java:448)
	at com.kms.katalon.core.main.TestCaseExecutor.doExecute(TestCaseExecutor.java:439)
	at com.kms.katalon.core.main.TestCaseExecutor.processExecutionPhase(TestCaseExecutor.java:418)
	at com.kms.katalon.core.main.TestCaseExecutor.accessMainPhase(TestCaseExecutor.java:410)
	at com.kms.katalon.core.main.TestCaseExecutor.execute(TestCaseExecutor.java:285)
	at com.kms.katalon.core.common.CommonExecutor.accessTestCaseMainPhase(CommonExecutor.java:65)
	at com.kms.katalon.core.main.TestSuiteExecutor.accessTestSuiteMainPhase(TestSuiteExecutor.java:150)
	at com.kms.katalon.core.main.TestSuiteExecutor.execute(TestSuiteExecutor.java:106)
	at com.kms.katalon.core.main.TestCaseMain.startTestSuite(TestCaseMain.java:180)
	at com.kms.katalon.core.main.TestCaseMain$startTestSuite$0.call(Unknown Source)
	at TempTestSuite1761139103004.run(TempTestSuite1761139103004.groovy:35)
	at java.base/jdk.internal.reflect.NativeMethodAccessorImpl.invoke0(Native Method)
	at java.base/jdk.internal.reflect.NativeMethodAccessorImpl.invoke(NativeMethodAccessorImpl.java:77)
	at java.base/jdk.internal.reflect.DelegatingMethodAccessorImpl.invoke(DelegatingMethodAccessorImpl.java:43)
Caused by: com.kms.katalon.core.exception.StepFailedException: Actual text '' and expected text 'Order Submitted Successfully' of test object 'Object Repository/TripFocus/Orders/Create New Order/Order Submitted Successfully Message' are NOT matched.
	at com.kms.katalon.core.webui.keyword.internal.WebUIKeywordMain.stepFailed(WebUIKeywordMain.groovy:117)
	at com.kms.katalon.core.webui.keyword.builtin.VerifyElementTextKeyword$_verifyElementText_closure1.doCall(VerifyElementTextKeyword.groovy:57)
	at com.kms.katalon.core.webui.keyword.builtin.VerifyElementTextKeyword$_verifyElementText_closure1.call(VerifyElementTextKeyword.groovy)
	at com.kms.katalon.core.webui.keyword.internal.WebUIKeywordMain.runKeyword(WebUIKeywordMain.groovy:35)
	... 22 more


22-10-2025T10:52:45 - [TEST_STEP][PASSED] - Start listener action : beforeTestCase: null

22-10-2025T10:52:45 - [TEST_STEP][PASSED] - addDefaultPackages(): null

22-10-2025T10:52:45 - [TEST_STEP][PASSED] - openBrowser(""): Browser is opened with url: ''

22-10-2025T10:52:45 - [MESSAGE][INFO] - Starting 'Chrome' driver

22-10-2025T10:52:45 - [MESSAGE][INFO] - User set preference: ['args', '[--no-sandbox, --disable-gpu, --disable-dev-shm-usage]']

22-10-2025T10:52:45 - [MESSAGE][INFO] - Action delay is set to 0 milliseconds

22-10-2025T10:52:46 - [MESSAGE][PASSED] - Browser is opened with url: ''

22-10-2025T10:52:46 - [TEST_STEP][PASSED] - navigateToUrl(TFBaseURL): Navigate to 'https://www.qa.tripfocus.com' successfully

22-10-2025T10:52:47 - [MESSAGE][PASSED] - Navigate to 'https://www.qa.tripfocus.com' successfully

22-10-2025T10:52:47 - [TEST_STEP][PASSED] - maximizeWindow(): Current window maximized

22-10-2025T10:52:47 - [MESSAGE][PASSED] - Current window maximized

22-10-2025T10:52:47 - [TEST_STEP][PASSED] - click(findTestObject("Object Repository/TripFocus/Page_TripFocus/button_Sign in")): Object: 'Object Repository/TripFocus/Page_TripFocus/button_Sign in' is clicked on

22-10-2025T10:52:47 - [MESSAGE][PASSED] - Object: 'Object Repository/TripFocus/Page_TripFocus/button_Sign in' is clicked on

22-10-2025T10:52:47 - [TEST_STEP][PASSED] - setText(findTestObject("Object Repository/TripFocus/Page_TripFocus/input_Username (e.g. email address)_Username"), TripFocusBleachTechSPGUsername): Text 'Ashford.Chenault+BleachtechCustomerSPGONLY@thekag.com' is set on object 'Object Repository/TripFocus/Page_TripFocus/input_Username (e.g. email address)_Username'

22-10-2025T10:52:48 - [MESSAGE][PASSED] - Text 'Ashford.Chenault+BleachtechCustomerSPGONLY@thekag.com' is set on object 'Object Repository/TripFocus/Page_TripFocus/input_Username (e.g. email address)_Username'

22-10-2025T10:52:48 - [TEST_STEP][PASSED] - setText(findTestObject("Object Repository/TripFocus/Page_TripFocus/input_Password_Password"), TripFocusFDGSPGPassword): Text 'CrashBan911!!' is set on object 'Object Repository/TripFocus/Page_TripFocus/input_Password_Password'

22-10-2025T10:52:48 - [MESSAGE][PASSED] - Text 'CrashBan911!!' is set on object 'Object Repository/TripFocus/Page_TripFocus/input_Password_Password'

22-10-2025T10:52:48 - [TEST_STEP][PASSED] - click(findTestObject("Object Repository/TripFocus/Page_TripFocus/button_Login")): Object: 'Object Repository/TripFocus/Page_TripFocus/button_Login' is clicked on

22-10-2025T10:52:48 - [MESSAGE][PASSED] - Object: 'Object Repository/TripFocus/Page_TripFocus/button_Login' is clicked on

22-10-2025T10:52:48 - [TEST_STEP][PASSED] - maximizeWindow(): Current window maximized

22-10-2025T10:52:48 - [MESSAGE][PASSED] - Current window maximized

22-10-2025T10:52:48 - [TEST_STEP][PASSED] - waitForElementVisible(findTestObject("TripFocus/Testing_Notification_btn"), 15, OPTIONAL): Web element with id: 'Object Repository/TripFocus/Testing_Notification_btn' located by '//*[@id="__BVID__10___BV_modal_footer_"]/button' not found

22-10-2025T10:53:04 - [MESSAGE][INFO] - Unable to find the element located by 'By.xpath: //*[@id="__BVID__10___BV_modal_footer_"]/button'. Please recheck the objects properties to make sure the desired element is located. 

22-10-2025T10:53:04 - [MESSAGE][WARNING] - [SELF-HEALING] Failed to find element with id 'Object Repository/TripFocus/Testing_Notification_btn'. Try using Self-healing.

22-10-2025T10:53:05 - [MESSAGE][INFO] - [SELF-HEALING] No working XPath is found.

22-10-2025T10:53:07 - [MESSAGE][INFO] - Unable to find the element located by 'By.xpath: '. Please recheck the objects properties to make sure the desired element is located. 

22-10-2025T10:53:07 - [MESSAGE][WARNING] - [SELF-HEALING] Cannot find elements when the selector is null

22-10-2025T10:53:07 - [MESSAGE][WARNING] - Web element with id: 'Object Repository/TripFocus/Testing_Notification_btn' located by '//*[@id="__BVID__10___BV_modal_footer_"]/button' not found

22-10-2025T10:53:07 - [TEST_STEP][PASSED] - if (verifyElementVisible(findTestObject("TripFocus/Testing_Notification_btn"), OPTIONAL) == true): Web element with id: 'Object Repository/TripFocus/Testing_Notification_btn' located by '//*[@id="__BVID__10___BV_modal_footer_"]/button' not found (Root cause: com.kms.katalon.core.exception.StepFailedException: Web element with id: 'Object Repository/TripFocus/Testing_Notification_btn' located by '//*[@id="__BVID__10___BV_modal_footer_"]/button' not found
	at com.kms.katalon.core.webui.keyword.internal.WebUIKeywordMain.stepFailed(WebUIKeywordMain.groovy:117)
	at com.kms.katalon.core.webui.keyword.builtin.VerifyElementVisibleKeyword$_verifyElementVisible_closure1.doCall(VerifyElementVisibleKeyword.groovy:89)
	at com.kms.katalon.core.webui.keyword.builtin.VerifyElementVisibleKeyword$_verifyElementVisible_closure1.call(VerifyElementVisibleKeyword.groovy)
	at com.kms.katalon.core.webui.keyword.internal.WebUIKeywordMain.runKeyword(WebUIKeywordMain.groovy:35)
	at com.kms.katalon.core.webui.keyword.builtin.VerifyElementVisibleKeyword.verifyElementVisible(VerifyElementVisibleKeyword.groovy:97)
	at com.kms.katalon.core.webui.keyword.builtin.VerifyElementVisibleKeyword.execute(VerifyElementVisibleKeyword.groovy:67)
	at com.kms.katalon.core.keyword.internal.KeywordExecutor.executeKeywordForPlatform(KeywordExecutor.groovy:74)
	at com.kms.katalon.core.webui.keyword.WebUiBuiltInKeywords.verifyElementVisible(WebUiBuiltInKeywords.groovy:401)
	at com.kms.katalon.core.webui.keyword.WebUiBuiltInKeywords$verifyElementVisible$5.call(Unknown Source)
	at Creating Order From Template.run(Creating Order From Template:40)
	at com.kms.katalon.core.main.ScriptEngine.run(ScriptEngine.java:194)
	at com.kms.katalon.core.main.ScriptEngine.runScriptAsRawText(ScriptEngine.java:119)
	at com.kms.katalon.core.main.TestCaseExecutor.runScript(TestCaseExecutor.java:448)
	at com.kms.katalon.core.main.TestCaseExecutor.doExecute(TestCaseExecutor.java:439)
	at com.kms.katalon.core.main.TestCaseExecutor.processExecutionPhase(TestCaseExecutor.java:418)
	at com.kms.katalon.core.main.TestCaseExecutor.accessMainPhase(TestCaseExecutor.java:410)
	at com.kms.katalon.core.main.TestCaseExecutor.execute(TestCaseExecutor.java:285)
	at com.kms.katalon.core.common.CommonExecutor.accessTestCaseMainPhase(CommonExecutor.java:65)
	at com.kms.katalon.core.main.TestSuiteExecutor.accessTestSuiteMainPhase(TestSuiteExecutor.java:150)
	at com.kms.katalon.core.main.TestSuiteExecutor.execute(TestSuiteExecutor.java:106)
	at com.kms.katalon.core.main.TestCaseMain.startTestSuite(TestCaseMain.java:180)
	at com.kms.katalon.core.main.TestCaseMain$startTestSuite$0.call(Unknown Source)
	at TempTestSuite1761139103004.run(TempTestSuite1761139103004.groovy:35)
	at java.base/jdk.internal.reflect.NativeMethodAccessorImpl.invoke0(Native Method)
	at java.base/jdk.internal.reflect.NativeMethodAccessorImpl.invoke(NativeMethodAccessorImpl.java:77)
	at java.base/jdk.internal.reflect.DelegatingMethodAccessorImpl.invoke(DelegatingMethodAccessorImpl.java:43)
)

22-10-2025T10:53:23 - [MESSAGE][INFO] - Unable to find the element located by 'By.xpath: //*[@id="__BVID__10___BV_modal_footer_"]/button'. Please recheck the objects properties to make sure the desired element is located. 

22-10-2025T10:53:23 - [MESSAGE][WARNING] - [SELF-HEALING] Failed to find element with id 'Object Repository/TripFocus/Testing_Notification_btn'. Try using Self-healing.

22-10-2025T10:53:24 - [MESSAGE][INFO] - [SELF-HEALING] No working XPath is found.

22-10-2025T10:53:26 - [MESSAGE][INFO] - Unable to find the element located by 'By.xpath: '. Please recheck the objects properties to make sure the desired element is located. 

22-10-2025T10:53:26 - [MESSAGE][WARNING] - [SELF-HEALING] Cannot find elements when the selector is null

22-10-2025T10:53:26 - [MESSAGE][WARNING] - Web element with id: 'Object Repository/TripFocus/Testing_Notification_btn' located by '//*[@id="__BVID__10___BV_modal_footer_"]/button' not found (Root cause: com.kms.katalon.core.exception.StepFailedException: Web element with id: 'Object Repository/TripFocus/Testing_Notification_btn' located by '//*[@id="__BVID__10___BV_modal_footer_"]/button' not found
	at com.kms.katalon.core.webui.keyword.internal.WebUIKeywordMain.stepFailed(WebUIKeywordMain.groovy:117)
	at com.kms.katalon.core.webui.keyword.builtin.VerifyElementVisibleKeyword$_verifyElementVisible_closure1.doCall(VerifyElementVisibleKeyword.groovy:89)
	at com.kms.katalon.core.webui.keyword.builtin.VerifyElementVisibleKeyword$_verifyElementVisible_closure1.call(VerifyElementVisibleKeyword.groovy)
	at com.kms.katalon.core.webui.keyword.internal.WebUIKeywordMain.runKeyword(WebUIKeywordMain.groovy:35)
	at com.kms.katalon.core.webui.keyword.builtin.VerifyElementVisibleKeyword.verifyElementVisible(VerifyElementVisibleKeyword.groovy:97)
	at com.kms.katalon.core.webui.keyword.builtin.VerifyElementVisibleKeyword.execute(VerifyElementVisibleKeyword.groovy:67)
	at com.kms.katalon.core.keyword.internal.KeywordExecutor.executeKeywordForPlatform(KeywordExecutor.groovy:74)
	at com.kms.katalon.core.webui.keyword.WebUiBuiltInKeywords.verifyElementVisible(WebUiBuiltInKeywords.groovy:401)
	at com.kms.katalon.core.webui.keyword.WebUiBuiltInKeywords$verifyElementVisible$5.call(Unknown Source)
	at Creating Order From Template.run(Creating Order From Template:40)
	at com.kms.katalon.core.main.ScriptEngine.run(ScriptEngine.java:194)
	at com.kms.katalon.core.main.ScriptEngine.runScriptAsRawText(ScriptEngine.java:119)
	at com.kms.katalon.core.main.TestCaseExecutor.runScript(TestCaseExecutor.java:448)
	at com.kms.katalon.core.main.TestCaseExecutor.doExecute(TestCaseExecutor.java:439)
	at com.kms.katalon.core.main.TestCaseExecutor.processExecutionPhase(TestCaseExecutor.java:418)
	at com.kms.katalon.core.main.TestCaseExecutor.accessMainPhase(TestCaseExecutor.java:410)
	at com.kms.katalon.core.main.TestCaseExecutor.execute(TestCaseExecutor.java:285)
	at com.kms.katalon.core.common.CommonExecutor.accessTestCaseMainPhase(CommonExecutor.java:65)
	at com.kms.katalon.core.main.TestSuiteExecutor.accessTestSuiteMainPhase(TestSuiteExecutor.java:150)
	at com.kms.katalon.core.main.TestSuiteExecutor.execute(TestSuiteExecutor.java:106)
	at com.kms.katalon.core.main.TestCaseMain.startTestSuite(TestCaseMain.java:180)
	at com.kms.katalon.core.main.TestCaseMain$startTestSuite$0.call(Unknown Source)
	at TempTestSuite1761139103004.run(TempTestSuite1761139103004.groovy:35)
	at java.base/jdk.internal.reflect.NativeMethodAccessorImpl.invoke0(Native Method)
	at java.base/jdk.internal.reflect.NativeMethodAccessorImpl.invoke(NativeMethodAccessorImpl.java:77)
	at java.base/jdk.internal.reflect.DelegatingMethodAccessorImpl.invoke(DelegatingMethodAccessorImpl.java:43)
)

22-10-2025T10:53:26 - [TEST_STEP][PASSED] - click(findTestObject("TripFocus/Order Templates/Order Templates_tab")): Object: 'Object Repository/TripFocus/Order Templates/Order Templates_tab' is clicked on

22-10-2025T10:53:26 - [MESSAGE][PASSED] - Object: 'Object Repository/TripFocus/Order Templates/Order Templates_tab' is clicked on

22-10-2025T10:53:26 - [TEST_STEP][PASSED] - delay(5): Delayed 5 second(s)

22-10-2025T10:53:31 - [MESSAGE][PASSED] - Delayed 5 second(s)

22-10-2025T10:53:31 - [TEST_STEP][PASSED] - setText(findTestObject("TripFocus/Order Templates/Template_Search_txt"), "CamTest"): Text 'CamTest' is set on object 'Object Repository/TripFocus/Order Templates/Template_Search_txt'

22-10-2025T10:53:32 - [MESSAGE][PASSED] - Text 'CamTest' is set on object 'Object Repository/TripFocus/Order Templates/Template_Search_txt'

22-10-2025T10:53:32 - [TEST_STEP][PASSED] - delay(5): Delayed 5 second(s)

22-10-2025T10:53:37 - [MESSAGE][PASSED] - Delayed 5 second(s)

22-10-2025T10:53:37 - [TEST_STEP][PASSED] - click(findTestObject("TripFocus/Order Templates/Template_Search_btn"), STOP_ON_FAILURE): Object: 'Object Repository/TripFocus/Order Templates/Template_Search_btn' is clicked on

22-10-2025T10:53:37 - [MESSAGE][PASSED] - Object: 'Object Repository/TripFocus/Order Templates/Template_Search_btn' is clicked on

22-10-2025T10:53:37 - [TEST_STEP][PASSED] - delay(10): Delayed 10 second(s)

22-10-2025T10:53:47 - [MESSAGE][PASSED] - Delayed 10 second(s)

22-10-2025T10:53:47 - [TEST_STEP][PASSED] - click(findTestObject("TripFocus/Order Templates/Template_Create_Order_btn"), STOP_ON_FAILURE): Object: 'Object Repository/TripFocus/Order Templates/Template_Create_Order_btn' is clicked on

22-10-2025T10:53:47 - [MESSAGE][PASSED] - Object: 'Object Repository/TripFocus/Order Templates/Template_Create_Order_btn' is clicked on

22-10-2025T10:53:47 - [TEST_STEP][PASSED] - delay(2): Delayed 2 second(s)

22-10-2025T10:53:49 - [MESSAGE][PASSED] - Delayed 2 second(s)

22-10-2025T10:53:49 - [TEST_STEP][PASSED] - click(findTestObject("TripFocus/Orders/Create New Order/Review_Order_Tender_btn"), STOP_ON_FAILURE): Object: 'Object Repository/TripFocus/Orders/Create New Order/Review_Order_Tender_btn' is clicked on

22-10-2025T10:53:49 - [MESSAGE][PASSED] - Object: 'Object Repository/TripFocus/Orders/Create New Order/Review_Order_Tender_btn' is clicked on

22-10-2025T10:53:49 - [TEST_STEP][PASSED] - delay(2): Delayed 2 second(s)

22-10-2025T10:53:51 - [MESSAGE][PASSED] - Delayed 2 second(s)

22-10-2025T10:53:51 - [TEST_STEP][PASSED] - click(findTestObject("TripFocus/Orders/Create New Order/Submit_Order_Tender_btn"), STOP_ON_FAILURE): Object: 'Object Repository/TripFocus/Orders/Create New Order/Submit_Order_Tender_btn' is clicked on

22-10-2025T10:53:51 - [MESSAGE][PASSED] - Object: 'Object Repository/TripFocus/Orders/Create New Order/Submit_Order_Tender_btn' is clicked on

22-10-2025T10:53:51 - [TEST_STEP][PASSED] - waitForElementPresent(findTestObject("TripFocus/Orders/Create New Order/Order Submitted Successfully Message"), 10): Object 'Object Repository/TripFocus/Orders/Create New Order/Order Submitted Successfully Message' is present

22-10-2025T10:53:59 - [MESSAGE][PASSED] - Object 'Object Repository/TripFocus/Orders/Create New Order/Order Submitted Successfully Message' is present

22-10-2025T10:53:59 - [TEST_STEP][PASSED] - verifyElementPresent(findTestObject("TripFocus/Orders/Create New Order/Order Submitted Successfully Message"), 10): Object 'Object Repository/TripFocus/Orders/Create New Order/Order Submitted Successfully Message' is present

22-10-2025T10:53:59 - [MESSAGE][PASSED] - Object 'Object Repository/TripFocus/Orders/Create New Order/Order Submitted Successfully Message' is present

22-10-2025T10:53:59 - [TEST_STEP][FAILED] - verifyElementText(findTestObject("TripFocus/Orders/Create New Order/Order Submitted Successfully Message"), "Order Submitted Successfully"): Verify element text of test object 'Object Repository/TripFocus/Orders/Create New Order/Order Submitted Successfully Message' FAILED. (Root cause: com.kms.katalon.core.exception.StepFailedException: Verify element text of test object 'Object Repository/TripFocus/Orders/Create New Order/Order Submitted Successfully Message' FAILED.
	at com.kms.katalon.core.webui.keyword.internal.WebUIKeywordMain.stepFailed(WebUIKeywordMain.groovy:117)
	at com.kms.katalon.core.webui.keyword.internal.WebUIKeywordMain.runKeyword(WebUIKeywordMain.groovy:43)
	at com.kms.katalon.core.webui.keyword.builtin.VerifyElementTextKeyword.verifyElementText(VerifyElementTextKeyword.groovy:72)
	at com.kms.katalon.core.webui.keyword.builtin.VerifyElementTextKeyword.execute(VerifyElementTextKeyword.groovy:40)
	at com.kms.katalon.core.keyword.internal.KeywordExecutor.executeKeywordForPlatform(KeywordExecutor.groovy:74)
	at com.kms.katalon.core.webui.keyword.WebUiBuiltInKeywords.verifyElementText(WebUiBuiltInKeywords.groovy:4835)
	at com.kms.katalon.core.webui.keyword.WebUiBuiltInKeywords$verifyElementText$7.call(Unknown Source)
	at Creating Order From Template.run(Creating Order From Template:74)
	at com.kms.katalon.core.main.ScriptEngine.run(ScriptEngine.java:194)
	at com.kms.katalon.core.main.ScriptEngine.runScriptAsRawText(ScriptEngine.java:119)
	at com.kms.katalon.core.main.TestCaseExecutor.runScript(TestCaseExecutor.java:448)
	at com.kms.katalon.core.main.TestCaseExecutor.doExecute(TestCaseExecutor.java:439)
	at com.kms.katalon.core.main.TestCaseExecutor.processExecutionPhase(TestCaseExecutor.java:418)
	at com.kms.katalon.core.main.TestCaseExecutor.accessMainPhase(TestCaseExecutor.java:410)
	at com.kms.katalon.core.main.TestCaseExecutor.execute(TestCaseExecutor.java:285)
	at com.kms.katalon.core.common.CommonExecutor.accessTestCaseMainPhase(CommonExecutor.java:65)
	at com.kms.katalon.core.main.TestSuiteExecutor.accessTestSuiteMainPhase(TestSuiteExecutor.java:150)
	at com.kms.katalon.core.main.TestSuiteExecutor.execute(TestSuiteExecutor.java:106)
	at com.kms.katalon.core.main.TestCaseMain.startTestSuite(TestCaseMain.java:180)
	at com.kms.katalon.core.main.TestCaseMain$startTestSuite$0.call(Unknown Source)
	at TempTestSuite1761139103004.run(TempTestSuite1761139103004.groovy:35)
	at java.base/jdk.internal.reflect.NativeMethodAccessorImpl.invoke0(Native Method)
	at java.base/jdk.internal.reflect.NativeMethodAccessorImpl.invoke(NativeMethodAccessorImpl.java:77)
	at java.base/jdk.internal.reflect.DelegatingMethodAccessorImpl.invoke(DelegatingMethodAccessorImpl.java:43)
Caused by: com.kms.katalon.core.exception.StepFailedException: Actual text '' and expected text 'Order Submitted Successfully' of test object 'Object Repository/TripFocus/Orders/Create New Order/Order Submitted Successfully Message' are NOT matched.
	at com.kms.katalon.core.webui.keyword.internal.WebUIKeywordMain.stepFailed(WebUIKeywordMain.groovy:117)
	at com.kms.katalon.core.webui.keyword.builtin.VerifyElementTextKeyword$_verifyElementText_closure1.doCall(VerifyElementTextKeyword.groovy:57)
	at com.kms.katalon.core.webui.keyword.builtin.VerifyElementTextKeyword$_verifyElementText_closure1.call(VerifyElementTextKeyword.groovy)
	at com.kms.katalon.core.webui.keyword.internal.WebUIKeywordMain.runKeyword(WebUIKeywordMain.groovy:35)
	... 22 more
)

22-10-2025T10:53:59 - [MESSAGE][FAILED] - Actual text '' and expected text 'Order Submitted Successfully' of test object 'Object Repository/TripFocus/Orders/Create New Order/Order Submitted Successfully Message' are NOT matched. (Root cause: com.kms.katalon.core.exception.StepFailedException: Actual text '' and expected text 'Order Submitted Successfully' of test object 'Object Repository/TripFocus/Orders/Create New Order/Order Submitted Successfully Message' are NOT matched.
	at com.kms.katalon.core.webui.keyword.internal.WebUIKeywordMain.stepFailed(WebUIKeywordMain.groovy:117)
	at com.kms.katalon.core.webui.keyword.builtin.VerifyElementTextKeyword$_verifyElementText_closure1.doCall(VerifyElementTextKeyword.groovy:57)
	at com.kms.katalon.core.webui.keyword.builtin.VerifyElementTextKeyword$_verifyElementText_closure1.call(VerifyElementTextKeyword.groovy)
	at com.kms.katalon.core.webui.keyword.internal.WebUIKeywordMain.runKeyword(WebUIKeywordMain.groovy:35)
	at com.kms.katalon.core.webui.keyword.builtin.VerifyElementTextKeyword.verifyElementText(VerifyElementTextKeyword.groovy:72)
	at com.kms.katalon.core.webui.keyword.builtin.VerifyElementTextKeyword.execute(VerifyElementTextKeyword.groovy:40)
	at com.kms.katalon.core.keyword.internal.KeywordExecutor.executeKeywordForPlatform(KeywordExecutor.groovy:74)
	at com.kms.katalon.core.webui.keyword.WebUiBuiltInKeywords.verifyElementText(WebUiBuiltInKeywords.groovy:4835)
	at com.kms.katalon.core.webui.keyword.WebUiBuiltInKeywords$verifyElementText$7.call(Unknown Source)
	at Creating Order From Template.run(Creating Order From Template:74)
	at com.kms.katalon.core.main.ScriptEngine.run(ScriptEngine.java:194)
	at com.kms.katalon.core.main.ScriptEngine.runScriptAsRawText(ScriptEngine.java:119)
	at com.kms.katalon.core.main.TestCaseExecutor.runScript(TestCaseExecutor.java:448)
	at com.kms.katalon.core.main.TestCaseExecutor.doExecute(TestCaseExecutor.java:439)
	at com.kms.katalon.core.main.TestCaseExecutor.processExecutionPhase(TestCaseExecutor.java:418)
	at com.kms.katalon.core.main.TestCaseExecutor.accessMainPhase(TestCaseExecutor.java:410)
	at com.kms.katalon.core.main.TestCaseExecutor.execute(TestCaseExecutor.java:285)
	at com.kms.katalon.core.common.CommonExecutor.accessTestCaseMainPhase(CommonExecutor.java:65)
	at com.kms.katalon.core.main.TestSuiteExecutor.accessTestSuiteMainPhase(TestSuiteExecutor.java:150)
	at com.kms.katalon.core.main.TestSuiteExecutor.execute(TestSuiteExecutor.java:106)
	at com.kms.katalon.core.main.TestCaseMain.startTestSuite(TestCaseMain.java:180)
	at com.kms.katalon.core.main.TestCaseMain$startTestSuite$0.call(Unknown Source)
	at TempTestSuite1761139103004.run(TempTestSuite1761139103004.groovy:35)
	at java.base/jdk.internal.reflect.NativeMethodAccessorImpl.invoke0(Native Method)
	at java.base/jdk.internal.reflect.NativeMethodAccessorImpl.invoke(NativeMethodAccessorImpl.java:77)
	at java.base/jdk.internal.reflect.DelegatingMethodAccessorImpl.invoke(DelegatingMethodAccessorImpl.java:43)
)

22-10-2025T10:53:59 - [MESSAGE][FAILED] - Verify element text of test object 'Object Repository/TripFocus/Orders/Create New Order/Order Submitted Successfully Message' FAILED. (Root cause: com.kms.katalon.core.exception.StepFailedException: Verify element text of test object 'Object Repository/TripFocus/Orders/Create New Order/Order Submitted Successfully Message' FAILED.
	at com.kms.katalon.core.webui.keyword.internal.WebUIKeywordMain.stepFailed(WebUIKeywordMain.groovy:117)
	at com.kms.katalon.core.webui.keyword.internal.WebUIKeywordMain.runKeyword(WebUIKeywordMain.groovy:43)
	at com.kms.katalon.core.webui.keyword.builtin.VerifyElementTextKeyword.verifyElementText(VerifyElementTextKeyword.groovy:72)
	at com.kms.katalon.core.webui.keyword.builtin.VerifyElementTextKeyword.execute(VerifyElementTextKeyword.groovy:40)
	at com.kms.katalon.core.keyword.internal.KeywordExecutor.executeKeywordForPlatform(KeywordExecutor.groovy:74)
	at com.kms.katalon.core.webui.keyword.WebUiBuiltInKeywords.verifyElementText(WebUiBuiltInKeywords.groovy:4835)
	at com.kms.katalon.core.webui.keyword.WebUiBuiltInKeywords$verifyElementText$7.call(Unknown Source)
	at Creating Order From Template.run(Creating Order From Template:74)
	at com.kms.katalon.core.main.ScriptEngine.run(ScriptEngine.java:194)
	at com.kms.katalon.core.main.ScriptEngine.runScriptAsRawText(ScriptEngine.java:119)
	at com.kms.katalon.core.main.TestCaseExecutor.runScript(TestCaseExecutor.java:448)
	at com.kms.katalon.core.main.TestCaseExecutor.doExecute(TestCaseExecutor.java:439)
	at com.kms.katalon.core.main.TestCaseExecutor.processExecutionPhase(TestCaseExecutor.java:418)
	at com.kms.katalon.core.main.TestCaseExecutor.accessMainPhase(TestCaseExecutor.java:410)
	at com.kms.katalon.core.main.TestCaseExecutor.execute(TestCaseExecutor.java:285)
	at com.kms.katalon.core.common.CommonExecutor.accessTestCaseMainPhase(CommonExecutor.java:65)
	at com.kms.katalon.core.main.TestSuiteExecutor.accessTestSuiteMainPhase(TestSuiteExecutor.java:150)
	at com.kms.katalon.core.main.TestSuiteExecutor.execute(TestSuiteExecutor.java:106)
	at com.kms.katalon.core.main.TestCaseMain.startTestSuite(TestCaseMain.java:180)
	at com.kms.katalon.core.main.TestCaseMain$startTestSuite$0.call(Unknown Source)
	at TempTestSuite1761139103004.run(TempTestSuite1761139103004.groovy:35)
	at java.base/jdk.internal.reflect.NativeMethodAccessorImpl.invoke0(Native Method)
	at java.base/jdk.internal.reflect.NativeMethodAccessorImpl.invoke(NativeMethodAccessorImpl.java:77)
	at java.base/jdk.internal.reflect.DelegatingMethodAccessorImpl.invoke(DelegatingMethodAccessorImpl.java:43)
Caused by: com.kms.katalon.core.exception.StepFailedException: Actual text '' and expected text 'Order Submitted Successfully' of test object 'Object Repository/TripFocus/Orders/Create New Order/Order Submitted Successfully Message' are NOT matched.
	at com.kms.katalon.core.webui.keyword.internal.WebUIKeywordMain.stepFailed(WebUIKeywordMain.groovy:117)
	at com.kms.katalon.core.webui.keyword.builtin.VerifyElementTextKeyword$_verifyElementText_closure1.doCall(VerifyElementTextKeyword.groovy:57)
	at com.kms.katalon.core.webui.keyword.builtin.VerifyElementTextKeyword$_verifyElementText_closure1.call(VerifyElementTextKeyword.groovy)
	at com.kms.katalon.core.webui.keyword.internal.WebUIKeywordMain.runKeyword(WebUIKeywordMain.groovy:35)
	... 22 more
)

22-10-2025T10:54:00 - [TEST_STEP][PASSED] - Start listener action : retryOnDisconnect: Current window's url is: 'https://www.qa.tripfocus.com/new-order-tender'

22-10-2025T10:54:00 - [TEST_STEP][PASSED] - tcId = testCaseContext.getTestCaseId(): null

22-10-2025T10:54:00 - [TEST_STEP][PASSED] - currentRetry = retryCounts.getOrDefault(tcId, 0): null

22-10-2025T10:54:00 - [TEST_STEP][PASSED] - if (testCaseContext.getTestCaseStatus() == "FAILED" && currentRetry < MAX_RETRIES): Current window's url is: 'https://www.qa.tripfocus.com/new-order-tender'

22-10-2025T10:54:00 - [TEST_STEP][PASSED] - try: Current window's url is: 'https://www.qa.tripfocus.com/new-order-tender'

22-10-2025T10:54:00 - [TEST_STEP][PASSED] - comment(Checking for WebDriver disconnect for test case: $tcId): Checking for WebDriver disconnect for test case: Test Cases/TripFocus/SPG/SPG - Templates/Creating Order From Template

22-10-2025T10:54:00 - [MESSAGE][INFO] - Checking for WebDriver disconnect for test case: Test Cases/TripFocus/SPG/SPG - Templates/Creating Order From Template

22-10-2025T10:54:00 - [TEST_STEP][PASSED] - getUrl(): Current window's url is: 'https://www.qa.tripfocus.com/new-order-tender'

22-10-2025T10:54:00 - [MESSAGE][PASSED] - Current window's url is: 'https://www.qa.tripfocus.com/new-order-tender']]></system-out>
         <system-err><![CDATA[22-10-2025T10:52:45 - [TEST_CASE][FAILED] - Test Cases/TripFocus/SPG/SPG - Templates/Creating Order From Template: Test Cases/TripFocus/SPG/SPG - Templates/Creating Order From Template FAILED.
Reason:
com.kms.katalon.core.exception.StepFailedException: Verify element text of test object 'Object Repository/TripFocus/Orders/Create New Order/Order Submitted Successfully Message' FAILED.
	at com.kms.katalon.core.webui.keyword.internal.WebUIKeywordMain.stepFailed(WebUIKeywordMain.groovy:117)
	at com.kms.katalon.core.webui.keyword.internal.WebUIKeywordMain.runKeyword(WebUIKeywordMain.groovy:43)
	at com.kms.katalon.core.webui.keyword.builtin.VerifyElementTextKeyword.verifyElementText(VerifyElementTextKeyword.groovy:72)
	at com.kms.katalon.core.webui.keyword.builtin.VerifyElementTextKeyword.execute(VerifyElementTextKeyword.groovy:40)
	at com.kms.katalon.core.keyword.internal.KeywordExecutor.executeKeywordForPlatform(KeywordExecutor.groovy:74)
	at com.kms.katalon.core.webui.keyword.WebUiBuiltInKeywords.verifyElementText(WebUiBuiltInKeywords.groovy:4835)
	at com.kms.katalon.core.webui.keyword.WebUiBuiltInKeywords$verifyElementText$7.call(Unknown Source)
	at Creating Order From Template.run(Creating Order From Template:74)
	at com.kms.katalon.core.main.ScriptEngine.run(ScriptEngine.java:194)
	at com.kms.katalon.core.main.ScriptEngine.runScriptAsRawText(ScriptEngine.java:119)
	at com.kms.katalon.core.main.TestCaseExecutor.runScript(TestCaseExecutor.java:448)
	at com.kms.katalon.core.main.TestCaseExecutor.doExecute(TestCaseExecutor.java:439)
	at com.kms.katalon.core.main.TestCaseExecutor.processExecutionPhase(TestCaseExecutor.java:418)
	at com.kms.katalon.core.main.TestCaseExecutor.accessMainPhase(TestCaseExecutor.java:410)
	at com.kms.katalon.core.main.TestCaseExecutor.execute(TestCaseExecutor.java:285)
	at com.kms.katalon.core.common.CommonExecutor.accessTestCaseMainPhase(CommonExecutor.java:65)
	at com.kms.katalon.core.main.TestSuiteExecutor.accessTestSuiteMainPhase(TestSuiteExecutor.java:150)
	at com.kms.katalon.core.main.TestSuiteExecutor.execute(TestSuiteExecutor.java:106)
	at com.kms.katalon.core.main.TestCaseMain.startTestSuite(TestCaseMain.java:180)
	at com.kms.katalon.core.main.TestCaseMain$startTestSuite$0.call(Unknown Source)
	at TempTestSuite1761139103004.run(TempTestSuite1761139103004.groovy:35)
	at java.base/jdk.internal.reflect.NativeMethodAccessorImpl.invoke0(Native Method)
	at java.base/jdk.internal.reflect.NativeMethodAccessorImpl.invoke(NativeMethodAccessorImpl.java:77)
	at java.base/jdk.internal.reflect.DelegatingMethodAccessorImpl.invoke(DelegatingMethodAccessorImpl.java:43)
Caused by: com.kms.katalon.core.exception.StepFailedException: Actual text '' and expected text 'Order Submitted Successfully' of test object 'Object Repository/TripFocus/Orders/Create New Order/Order Submitted Successfully Message' are NOT matched.
	at com.kms.katalon.core.webui.keyword.internal.WebUIKeywordMain.stepFailed(WebUIKeywordMain.groovy:117)
	at com.kms.katalon.core.webui.keyword.builtin.VerifyElementTextKeyword$_verifyElementText_closure1.doCall(VerifyElementTextKeyword.groovy:57)
	at com.kms.katalon.core.webui.keyword.builtin.VerifyElementTextKeyword$_verifyElementText_closure1.call(VerifyElementTextKeyword.groovy)
	at com.kms.katalon.core.webui.keyword.internal.WebUIKeywordMain.runKeyword(WebUIKeywordMain.groovy:35)
	... 22 more]]></system-err>
      </testcase>
      <testcase name="Test Cases/TripFocus/SPG/SPG - Templates/Creating Template" time="74.385" classname="Test Cases/TripFocus/SPG/SPG - Templates/Creating Template" status="PASSED">
         <system-out><![CDATA[22-10-2025T10:54:00 - [TEST_CASE][PASSED] - Test Cases/TripFocus/SPG/SPG - Templates/Creating Template: Test Cases/TripFocus/SPG/SPG - Templates/Creating Template

22-10-2025T10:54:00 - [TEST_STEP][PASSED] - Start listener action : beforeTestCase: null

22-10-2025T10:54:00 - [TEST_STEP][PASSED] - addDefaultPackages(): null

22-10-2025T10:54:00 - [TEST_STEP][PASSED] - openBrowser(""): Browser is opened with url: ''

22-10-2025T10:54:00 - [MESSAGE][WARNING] - A browser is already opened. Closing browser and opening a new one

22-10-2025T10:54:00 - [MESSAGE][INFO] - Starting 'Chrome' driver

22-10-2025T10:54:00 - [MESSAGE][INFO] - User set preference: ['args', '[--no-sandbox, --disable-gpu, --disable-dev-shm-usage]']

22-10-2025T10:54:00 - [MESSAGE][INFO] - Action delay is set to 0 milliseconds

22-10-2025T10:54:01 - [MESSAGE][PASSED] - Browser is opened with url: ''

22-10-2025T10:54:01 - [TEST_STEP][PASSED] - navigateToUrl(TFBaseURL): Navigate to 'https://www.qa.tripfocus.com' successfully

22-10-2025T10:54:02 - [MESSAGE][PASSED] - Navigate to 'https://www.qa.tripfocus.com' successfully

22-10-2025T10:54:02 - [TEST_STEP][PASSED] - maximizeWindow(): Current window maximized

22-10-2025T10:54:02 - [MESSAGE][PASSED] - Current window maximized

22-10-2025T10:54:02 - [TEST_STEP][PASSED] - click(findTestObject("Object Repository/TripFocus/Page_TripFocus/button_Sign in")): Object: 'Object Repository/TripFocus/Page_TripFocus/button_Sign in' is clicked on

22-10-2025T10:54:02 - [MESSAGE][PASSED] - Object: 'Object Repository/TripFocus/Page_TripFocus/button_Sign in' is clicked on

22-10-2025T10:54:02 - [TEST_STEP][PASSED] - setText(findTestObject("Object Repository/TripFocus/Page_TripFocus/input_Username (e.g. email address)_Username"), TripFocusBleachTechSPGUsername): Text 'Ashford.Chenault+BleachtechCustomerSPGONLY@thekag.com' is set on object 'Object Repository/TripFocus/Page_TripFocus/input_Username (e.g. email address)_Username'

22-10-2025T10:54:02 - [MESSAGE][PASSED] - Text 'Ashford.Chenault+BleachtechCustomerSPGONLY@thekag.com' is set on object 'Object Repository/TripFocus/Page_TripFocus/input_Username (e.g. email address)_Username'

22-10-2025T10:54:02 - [TEST_STEP][PASSED] - setText(findTestObject("Object Repository/TripFocus/Page_TripFocus/input_Password_Password"), TripFocusFDGSPGPassword): Text 'CrashBan911!!' is set on object 'Object Repository/TripFocus/Page_TripFocus/input_Password_Password'

22-10-2025T10:54:03 - [MESSAGE][PASSED] - Text 'CrashBan911!!' is set on object 'Object Repository/TripFocus/Page_TripFocus/input_Password_Password'

22-10-2025T10:54:03 - [TEST_STEP][PASSED] - click(findTestObject("Object Repository/TripFocus/Page_TripFocus/button_Login")): Object: 'Object Repository/TripFocus/Page_TripFocus/button_Login' is clicked on

22-10-2025T10:54:03 - [MESSAGE][PASSED] - Object: 'Object Repository/TripFocus/Page_TripFocus/button_Login' is clicked on

22-10-2025T10:54:03 - [TEST_STEP][PASSED] - maximizeWindow(): Current window maximized

22-10-2025T10:54:03 - [MESSAGE][PASSED] - Current window maximized

22-10-2025T10:54:03 - [TEST_STEP][PASSED] - waitForElementVisible(findTestObject("TripFocus/Testing_Notification_btn"), 15, OPTIONAL): Web element with id: 'Object Repository/TripFocus/Testing_Notification_btn' located by '//*[@id="__BVID__10___BV_modal_footer_"]/button' not found

22-10-2025T10:54:19 - [MESSAGE][INFO] - Unable to find the element located by 'By.xpath: //*[@id="__BVID__10___BV_modal_footer_"]/button'. Please recheck the objects properties to make sure the desired element is located. 

22-10-2025T10:54:19 - [MESSAGE][WARNING] - [SELF-HEALING] Failed to find element with id 'Object Repository/TripFocus/Testing_Notification_btn'. Try using Self-healing.

22-10-2025T10:54:20 - [MESSAGE][INFO] - [SELF-HEALING] No working XPath is found.

22-10-2025T10:54:22 - [MESSAGE][INFO] - Unable to find the element located by 'By.xpath: '. Please recheck the objects properties to make sure the desired element is located. 

22-10-2025T10:54:22 - [MESSAGE][WARNING] - [SELF-HEALING] Cannot find elements when the selector is null

22-10-2025T10:54:22 - [MESSAGE][WARNING] - Web element with id: 'Object Repository/TripFocus/Testing_Notification_btn' located by '//*[@id="__BVID__10___BV_modal_footer_"]/button' not found

22-10-2025T10:54:22 - [TEST_STEP][PASSED] - if (verifyElementVisible(findTestObject("TripFocus/Testing_Notification_btn"), OPTIONAL) == true): Web element with id: 'Object Repository/TripFocus/Testing_Notification_btn' located by '//*[@id="__BVID__10___BV_modal_footer_"]/button' not found (Root cause: com.kms.katalon.core.exception.StepFailedException: Web element with id: 'Object Repository/TripFocus/Testing_Notification_btn' located by '//*[@id="__BVID__10___BV_modal_footer_"]/button' not found
	at com.kms.katalon.core.webui.keyword.internal.WebUIKeywordMain.stepFailed(WebUIKeywordMain.groovy:117)
	at com.kms.katalon.core.webui.keyword.builtin.VerifyElementVisibleKeyword$_verifyElementVisible_closure1.doCall(VerifyElementVisibleKeyword.groovy:89)
	at com.kms.katalon.core.webui.keyword.builtin.VerifyElementVisibleKeyword$_verifyElementVisible_closure1.call(VerifyElementVisibleKeyword.groovy)
	at com.kms.katalon.core.webui.keyword.internal.WebUIKeywordMain.runKeyword(WebUIKeywordMain.groovy:35)
	at com.kms.katalon.core.webui.keyword.builtin.VerifyElementVisibleKeyword.verifyElementVisible(VerifyElementVisibleKeyword.groovy:97)
	at com.kms.katalon.core.webui.keyword.builtin.VerifyElementVisibleKeyword.execute(VerifyElementVisibleKeyword.groovy:67)
	at com.kms.katalon.core.keyword.internal.KeywordExecutor.executeKeywordForPlatform(KeywordExecutor.groovy:74)
	at com.kms.katalon.core.webui.keyword.WebUiBuiltInKeywords.verifyElementVisible(WebUiBuiltInKeywords.groovy:401)
	at com.kms.katalon.core.webui.keyword.WebUiBuiltInKeywords$verifyElementVisible$5.call(Unknown Source)
	at Creating Template.run(Creating Template:40)
	at com.kms.katalon.core.main.ScriptEngine.run(ScriptEngine.java:194)
	at com.kms.katalon.core.main.ScriptEngine.runScriptAsRawText(ScriptEngine.java:119)
	at com.kms.katalon.core.main.TestCaseExecutor.runScript(TestCaseExecutor.java:448)
	at com.kms.katalon.core.main.TestCaseExecutor.doExecute(TestCaseExecutor.java:439)
	at com.kms.katalon.core.main.TestCaseExecutor.processExecutionPhase(TestCaseExecutor.java:418)
	at com.kms.katalon.core.main.TestCaseExecutor.accessMainPhase(TestCaseExecutor.java:410)
	at com.kms.katalon.core.main.TestCaseExecutor.execute(TestCaseExecutor.java:285)
	at com.kms.katalon.core.common.CommonExecutor.accessTestCaseMainPhase(CommonExecutor.java:65)
	at com.kms.katalon.core.main.TestSuiteExecutor.accessTestSuiteMainPhase(TestSuiteExecutor.java:150)
	at com.kms.katalon.core.main.TestSuiteExecutor.execute(TestSuiteExecutor.java:106)
	at com.kms.katalon.core.main.TestCaseMain.startTestSuite(TestCaseMain.java:180)
	at com.kms.katalon.core.main.TestCaseMain$startTestSuite$0.call(Unknown Source)
	at TempTestSuite1761139103004.run(TempTestSuite1761139103004.groovy:35)
	at java.base/jdk.internal.reflect.NativeMethodAccessorImpl.invoke0(Native Method)
	at java.base/jdk.internal.reflect.NativeMethodAccessorImpl.invoke(NativeMethodAccessorImpl.java:77)
	at java.base/jdk.internal.reflect.DelegatingMethodAccessorImpl.invoke(DelegatingMethodAccessorImpl.java:43)
)

22-10-2025T10:54:38 - [MESSAGE][INFO] - Unable to find the element located by 'By.xpath: //*[@id="__BVID__10___BV_modal_footer_"]/button'. Please recheck the objects properties to make sure the desired element is located. 

22-10-2025T10:54:38 - [MESSAGE][WARNING] - [SELF-HEALING] Failed to find element with id 'Object Repository/TripFocus/Testing_Notification_btn'. Try using Self-healing.

22-10-2025T10:54:39 - [MESSAGE][INFO] - [SELF-HEALING] No working XPath is found.

22-10-2025T10:54:41 - [MESSAGE][INFO] - Unable to find the element located by 'By.xpath: '. Please recheck the objects properties to make sure the desired element is located. 

22-10-2025T10:54:41 - [MESSAGE][WARNING] - [SELF-HEALING] Cannot find elements when the selector is null

22-10-2025T10:54:41 - [MESSAGE][WARNING] - Web element with id: 'Object Repository/TripFocus/Testing_Notification_btn' located by '//*[@id="__BVID__10___BV_modal_footer_"]/button' not found (Root cause: com.kms.katalon.core.exception.StepFailedException: Web element with id: 'Object Repository/TripFocus/Testing_Notification_btn' located by '//*[@id="__BVID__10___BV_modal_footer_"]/button' not found
	at com.kms.katalon.core.webui.keyword.internal.WebUIKeywordMain.stepFailed(WebUIKeywordMain.groovy:117)
	at com.kms.katalon.core.webui.keyword.builtin.VerifyElementVisibleKeyword$_verifyElementVisible_closure1.doCall(VerifyElementVisibleKeyword.groovy:89)
	at com.kms.katalon.core.webui.keyword.builtin.VerifyElementVisibleKeyword$_verifyElementVisible_closure1.call(VerifyElementVisibleKeyword.groovy)
	at com.kms.katalon.core.webui.keyword.internal.WebUIKeywordMain.runKeyword(WebUIKeywordMain.groovy:35)
	at com.kms.katalon.core.webui.keyword.builtin.VerifyElementVisibleKeyword.verifyElementVisible(VerifyElementVisibleKeyword.groovy:97)
	at com.kms.katalon.core.webui.keyword.builtin.VerifyElementVisibleKeyword.execute(VerifyElementVisibleKeyword.groovy:67)
	at com.kms.katalon.core.keyword.internal.KeywordExecutor.executeKeywordForPlatform(KeywordExecutor.groovy:74)
	at com.kms.katalon.core.webui.keyword.WebUiBuiltInKeywords.verifyElementVisible(WebUiBuiltInKeywords.groovy:401)
	at com.kms.katalon.core.webui.keyword.WebUiBuiltInKeywords$verifyElementVisible$5.call(Unknown Source)
	at Creating Template.run(Creating Template:40)
	at com.kms.katalon.core.main.ScriptEngine.run(ScriptEngine.java:194)
	at com.kms.katalon.core.main.ScriptEngine.runScriptAsRawText(ScriptEngine.java:119)
	at com.kms.katalon.core.main.TestCaseExecutor.runScript(TestCaseExecutor.java:448)
	at com.kms.katalon.core.main.TestCaseExecutor.doExecute(TestCaseExecutor.java:439)
	at com.kms.katalon.core.main.TestCaseExecutor.processExecutionPhase(TestCaseExecutor.java:418)
	at com.kms.katalon.core.main.TestCaseExecutor.accessMainPhase(TestCaseExecutor.java:410)
	at com.kms.katalon.core.main.TestCaseExecutor.execute(TestCaseExecutor.java:285)
	at com.kms.katalon.core.common.CommonExecutor.accessTestCaseMainPhase(CommonExecutor.java:65)
	at com.kms.katalon.core.main.TestSuiteExecutor.accessTestSuiteMainPhase(TestSuiteExecutor.java:150)
	at com.kms.katalon.core.main.TestSuiteExecutor.execute(TestSuiteExecutor.java:106)
	at com.kms.katalon.core.main.TestCaseMain.startTestSuite(TestCaseMain.java:180)
	at com.kms.katalon.core.main.TestCaseMain$startTestSuite$0.call(Unknown Source)
	at TempTestSuite1761139103004.run(TempTestSuite1761139103004.groovy:35)
	at java.base/jdk.internal.reflect.NativeMethodAccessorImpl.invoke0(Native Method)
	at java.base/jdk.internal.reflect.NativeMethodAccessorImpl.invoke(NativeMethodAccessorImpl.java:77)
	at java.base/jdk.internal.reflect.DelegatingMethodAccessorImpl.invoke(DelegatingMethodAccessorImpl.java:43)
)

22-10-2025T10:54:41 - [TEST_STEP][PASSED] - click(findTestObject("TripFocus/Order Templates/Order Templates_tab")): Object: 'Object Repository/TripFocus/Order Templates/Order Templates_tab' is clicked on

22-10-2025T10:54:41 - [MESSAGE][PASSED] - Object: 'Object Repository/TripFocus/Order Templates/Order Templates_tab' is clicked on

22-10-2025T10:54:41 - [TEST_STEP][PASSED] - delay(5): Delayed 5 second(s)

22-10-2025T10:54:46 - [MESSAGE][PASSED] - Delayed 5 second(s)

22-10-2025T10:54:46 - [TEST_STEP][PASSED] - click(findTestObject("TripFocus/Order Templates/Create New Template_btn")): Object: 'Object Repository/TripFocus/Order Templates/Create New Template_btn' is clicked on

22-10-2025T10:54:47 - [MESSAGE][PASSED] - Object: 'Object Repository/TripFocus/Order Templates/Create New Template_btn' is clicked on

22-10-2025T10:54:47 - [TEST_STEP][PASSED] - delay(5): Delayed 5 second(s)

22-10-2025T10:54:52 - [MESSAGE][PASSED] - Delayed 5 second(s)

22-10-2025T10:54:52 - [TEST_STEP][PASSED] - setText(findTestObject("TripFocus/Order Templates/Template_Name_txt"), "CamTest"): Text 'CamTest' is set on object 'Object Repository/TripFocus/Order Templates/Template_Name_txt'

22-10-2025T10:54:52 - [MESSAGE][PASSED] - Text 'CamTest' is set on object 'Object Repository/TripFocus/Order Templates/Template_Name_txt'

22-10-2025T10:54:52 - [TEST_STEP][PASSED] - delay(2): Delayed 2 second(s)

22-10-2025T10:54:54 - [MESSAGE][PASSED] - Delayed 2 second(s)

22-10-2025T10:54:54 - [TEST_STEP][PASSED] - click(findTestObject("TripFocus/Order Templates/Templates_Add_Product_link")): Object: 'Object Repository/TripFocus/Order Templates/Templates_Add_Product_link' is clicked on

22-10-2025T10:54:54 - [MESSAGE][PASSED] - Object: 'Object Repository/TripFocus/Order Templates/Templates_Add_Product_link' is clicked on

22-10-2025T10:54:54 - [TEST_STEP][PASSED] - delay(2): Delayed 2 second(s)

22-10-2025T10:54:56 - [MESSAGE][PASSED] - Delayed 2 second(s)

22-10-2025T10:54:56 - [TEST_STEP][PASSED] - setText(findTestObject("TripFocus/Order Templates/Delivery_Site_txt"), "Kinder Morgan"): Text 'Kinder Morgan' is set on object 'Object Repository/TripFocus/Order Templates/Delivery_Site_txt'

22-10-2025T10:54:56 - [MESSAGE][PASSED] - Text 'Kinder Morgan' is set on object 'Object Repository/TripFocus/Order Templates/Delivery_Site_txt'

22-10-2025T10:54:56 - [TEST_STEP][PASSED] - delay(1): Delayed 1 second(s)

22-10-2025T10:54:57 - [MESSAGE][PASSED] - Delayed 1 second(s)

22-10-2025T10:54:57 - [TEST_STEP][PASSED] - sendKeys(findTestObject("TripFocus/Order Templates/Delivery_Site_txt"), Keys.chord(ENTER)): Keys 'ENTER + ' sent to object: 'Object Repository/TripFocus/Order Templates/Delivery_Site_txt'

22-10-2025T10:54:57 - [MESSAGE][PASSED] - Keys 'ENTER + ' sent to object: 'Object Repository/TripFocus/Order Templates/Delivery_Site_txt'

22-10-2025T10:54:57 - [TEST_STEP][PASSED] - delay(3): Delayed 3 second(s)

22-10-2025T10:55:00 - [MESSAGE][PASSED] - Delayed 3 second(s)

22-10-2025T10:55:00 - [TEST_STEP][PASSED] - sendKeys(findTestObject("TripFocus/Order Templates/Shipper_txt"), "Kinder Morgan"): Keys 'Kinder Morgan' sent to object: 'Object Repository/TripFocus/Order Templates/Shipper_txt'

22-10-2025T10:55:01 - [MESSAGE][PASSED] - Keys 'Kinder Morgan' sent to object: 'Object Repository/TripFocus/Order Templates/Shipper_txt'

22-10-2025T10:55:01 - [TEST_STEP][PASSED] - delay(3): Delayed 3 second(s)

22-10-2025T10:55:04 - [MESSAGE][PASSED] - Delayed 3 second(s)

22-10-2025T10:55:04 - [TEST_STEP][PASSED] - sendKeys(findTestObject("TripFocus/Order Templates/Shipper_txt"), Keys.chord(ENTER)): Keys 'ENTER + ' sent to object: 'Object Repository/TripFocus/Order Templates/Shipper_txt'

22-10-2025T10:55:04 - [MESSAGE][PASSED] - Keys 'ENTER + ' sent to object: 'Object Repository/TripFocus/Order Templates/Shipper_txt'

22-10-2025T10:55:04 - [TEST_STEP][PASSED] - delay(3): Delayed 3 second(s)

22-10-2025T10:55:07 - [MESSAGE][PASSED] - Delayed 3 second(s)

22-10-2025T10:55:07 - [TEST_STEP][PASSED] - setText(findTestObject("TripFocus/Order Templates/Commodity_txt"), "Caustic"): Text 'Caustic' is set on object 'Object Repository/TripFocus/Order Templates/Commodity_txt'

22-10-2025T10:55:07 - [MESSAGE][PASSED] - Text 'Caustic' is set on object 'Object Repository/TripFocus/Order Templates/Commodity_txt'

22-10-2025T10:55:07 - [TEST_STEP][PASSED] - delay(1): Delayed 1 second(s)

22-10-2025T10:55:08 - [MESSAGE][PASSED] - Delayed 1 second(s)

22-10-2025T10:55:08 - [TEST_STEP][PASSED] - sendKeys(findTestObject("TripFocus/Order Templates/Commodity_txt"), Keys.chord(ENTER)): Keys 'ENTER + ' sent to object: 'Object Repository/TripFocus/Order Templates/Commodity_txt'

22-10-2025T10:55:08 - [MESSAGE][PASSED] - Keys 'ENTER + ' sent to object: 'Object Repository/TripFocus/Order Templates/Commodity_txt'

22-10-2025T10:55:08 - [TEST_STEP][PASSED] - delay(1): Delayed 1 second(s)

22-10-2025T10:55:09 - [MESSAGE][PASSED] - Delayed 1 second(s)

22-10-2025T10:55:09 - [TEST_STEP][PASSED] - setText(findTestObject("TripFocus/Order Templates/Quantity_txt"), "5511"): Text '5511' is set on object 'Object Repository/TripFocus/Order Templates/Quantity_txt'

22-10-2025T10:55:09 - [MESSAGE][PASSED] - Text '5511' is set on object 'Object Repository/TripFocus/Order Templates/Quantity_txt'

22-10-2025T10:55:09 - [TEST_STEP][PASSED] - delay(1): Delayed 1 second(s)

22-10-2025T10:55:10 - [MESSAGE][PASSED] - Delayed 1 second(s)

22-10-2025T10:55:10 - [TEST_STEP][PASSED] - click(findTestObject("TripFocus/Order Templates/Template_Add_Product_btn")): Object: 'Object Repository/TripFocus/Order Templates/Template_Add_Product_btn' is clicked on

22-10-2025T10:55:10 - [MESSAGE][PASSED] - Object: 'Object Repository/TripFocus/Order Templates/Template_Add_Product_btn' is clicked on

22-10-2025T10:55:10 - [TEST_STEP][PASSED] - delay(1): Delayed 1 second(s)

22-10-2025T10:55:11 - [MESSAGE][PASSED] - Delayed 1 second(s)

22-10-2025T10:55:11 - [TEST_STEP][PASSED] - click(findTestObject("TripFocus/Order Templates/Exit_Add_Products_icon")): Object: 'Object Repository/TripFocus/Order Templates/Exit_Add_Products_icon' is clicked on

22-10-2025T10:55:11 - [MESSAGE][PASSED] - Object: 'Object Repository/TripFocus/Order Templates/Exit_Add_Products_icon' is clicked on

22-10-2025T10:55:11 - [TEST_STEP][PASSED] - delay(1): Delayed 1 second(s)

22-10-2025T10:55:12 - [MESSAGE][PASSED] - Delayed 1 second(s)

22-10-2025T10:55:12 - [TEST_STEP][PASSED] - click(findTestObject("TripFocus/Order Templates/Save_Template_btn")): Object: 'Object Repository/TripFocus/Order Templates/Save_Template_btn' is clicked on

22-10-2025T10:55:12 - [MESSAGE][PASSED] - Object: 'Object Repository/TripFocus/Order Templates/Save_Template_btn' is clicked on

22-10-2025T10:55:12 - [TEST_STEP][PASSED] - delay(2): Delayed 2 second(s)

22-10-2025T10:55:14 - [MESSAGE][PASSED] - Delayed 2 second(s)

22-10-2025T10:55:14 - [TEST_STEP][PASSED] - Start listener action : retryOnDisconnect: null

22-10-2025T10:55:14 - [TEST_STEP][PASSED] - tcId = testCaseContext.getTestCaseId(): null

22-10-2025T10:55:14 - [TEST_STEP][PASSED] - currentRetry = retryCounts.getOrDefault(tcId, 0): null

22-10-2025T10:55:14 - [TEST_STEP][PASSED] - if (testCaseContext.getTestCaseStatus() == "FAILED" && currentRetry < MAX_RETRIES): null]]></system-out>
         <system-err><![CDATA[]]></system-err>
      </testcase>
      <testcase name="Test Cases/TripFocus/SPG/SPG - Templates/Edit Template" time="70.766" classname="Test Cases/TripFocus/SPG/SPG - Templates/Edit Template" status="FAILED">
         <failure type="FAILED" message="Test Cases/TripFocus/SPG/SPG - Templates/Edit Template FAILED.&#xa;Reason:&#xa;com.kms.katalon.core.exception.StepFailedException: Unable to click on object 'Object Repository/TripFocus/Order Templates/Edit_Template_btn'&#xa;	at com.kms.katalon.core.webui.keyword.internal.WebUIKeywordMain.stepFailed(WebUIKeywordMain.groovy:117)&#xa;	at com.kms.katalon.core.webui.keyword.internal.WebUIKeywordMain.runKeyword(WebUIKeywordMain.groovy:43)&#xa;	at com.kms.katalon.core.webui.keyword.builtin.ClickKeyword.click(ClickKeyword.groovy:74)&#xa;	at com.kms.katalon.core.webui.keyword.builtin.ClickKeyword.execute(ClickKeyword.groovy:40)&#xa;	at com.kms.katalon.core.keyword.internal.KeywordExecutor.executeKeywordForPlatform(KeywordExecutor.groovy:74)&#xa;	at com.kms.katalon.core.webui.keyword.WebUiBuiltInKeywords.click(WebUiBuiltInKeywords.groovy:659)&#xa;	at com.kms.katalon.core.webui.keyword.WebUiBuiltInKeywords$click$2.call(Unknown Source)&#xa;	at Edit Template.run(Edit Template:50)&#xa;	at com.kms.katalon.core.main.ScriptEngine.run(ScriptEngine.java:194)&#xa;	at com.kms.katalon.core.main.ScriptEngine.runScriptAsRawText(ScriptEngine.java:119)&#xa;	at com.kms.katalon.core.main.TestCaseExecutor.runScript(TestCaseExecutor.java:448)&#xa;	at com.kms.katalon.core.main.TestCaseExecutor.doExecute(TestCaseExecutor.java:439)&#xa;	at com.kms.katalon.core.main.TestCaseExecutor.processExecutionPhase(TestCaseExecutor.java:418)&#xa;	at com.kms.katalon.core.main.TestCaseExecutor.accessMainPhase(TestCaseExecutor.java:410)&#xa;	at com.kms.katalon.core.main.TestCaseExecutor.execute(TestCaseExecutor.java:285)&#xa;	at com.kms.katalon.core.common.CommonExecutor.accessTestCaseMainPhase(CommonExecutor.java:65)&#xa;	at com.kms.katalon.core.main.TestSuiteExecutor.accessTestSuiteMainPhase(TestSuiteExecutor.java:150)&#xa;	at com.kms.katalon.core.main.TestSuiteExecutor.execute(TestSuiteExecutor.java:106)&#xa;	at com.kms.katalon.core.main.TestCaseMain.startTestSuite(TestCaseMain.java:180)&#xa;	at com.kms.katalon.core.main.TestCaseMain$startTestSuite$0.call(Unknown Source)&#xa;	at TempTestSuite1761139103004.run(TempTestSuite1761139103004.groovy:35)&#xa;	at java.base/jdk.internal.reflect.NativeMethodAccessorImpl.invoke0(Native Method)&#xa;	at java.base/jdk.internal.reflect.NativeMethodAccessorImpl.invoke(NativeMethodAccessorImpl.java:77)&#xa;	at java.base/jdk.internal.reflect.DelegatingMethodAccessorImpl.invoke(DelegatingMethodAccessorImpl.java:43)&#xa;Caused by: com.kms.katalon.core.webui.exception.WebElementNotFoundException: Web element with id: 'Object Repository/TripFocus/Order Templates/Edit_Template_btn' located by '/html/body/div/div[2]/div/main/div/section/div[4]/div/div/div[4]/div[1]/div/div/div[2]/div[4]/div[2]/button' not found&#xa;	at com.kms.katalon.core.webui.common.WebUiCommonHelper.findWebElement(WebUiCommonHelper.java:1423)&#xa;	at com.kms.katalon.core.webui.keyword.internal.WebUIAbstractKeyword.findWebElement(WebUIAbstractKeyword.groovy:27)&#xa;	at com.kms.katalon.core.webui.keyword.builtin.ClickKeyword$_click_closure1.doCall(ClickKeyword.groovy:65)&#xa;	at com.kms.katalon.core.webui.keyword.builtin.ClickKeyword$_click_closure1.call(ClickKeyword.groovy)&#xa;	at com.kms.katalon.core.webui.keyword.internal.WebUIKeywordMain.runKeyword(WebUIKeywordMain.groovy:35)&#xa;	... 22 more&#xa;"/>
         <system-out><![CDATA[22-10-2025T10:55:14 - [TEST_CASE][FAILED] - Test Cases/TripFocus/SPG/SPG - Templates/Edit Template: Test Cases/TripFocus/SPG/SPG - Templates/Edit Template FAILED.
Reason:
com.kms.katalon.core.exception.StepFailedException: Unable to click on object 'Object Repository/TripFocus/Order Templates/Edit_Template_btn'
	at com.kms.katalon.core.webui.keyword.internal.WebUIKeywordMain.stepFailed(WebUIKeywordMain.groovy:117)
	at com.kms.katalon.core.webui.keyword.internal.WebUIKeywordMain.runKeyword(WebUIKeywordMain.groovy:43)
	at com.kms.katalon.core.webui.keyword.builtin.ClickKeyword.click(ClickKeyword.groovy:74)
	at com.kms.katalon.core.webui.keyword.builtin.ClickKeyword.execute(ClickKeyword.groovy:40)
	at com.kms.katalon.core.keyword.internal.KeywordExecutor.executeKeywordForPlatform(KeywordExecutor.groovy:74)
	at com.kms.katalon.core.webui.keyword.WebUiBuiltInKeywords.click(WebUiBuiltInKeywords.groovy:659)
	at com.kms.katalon.core.webui.keyword.WebUiBuiltInKeywords$click$2.call(Unknown Source)
	at Edit Template.run(Edit Template:50)
	at com.kms.katalon.core.main.ScriptEngine.run(ScriptEngine.java:194)
	at com.kms.katalon.core.main.ScriptEngine.runScriptAsRawText(ScriptEngine.java:119)
	at com.kms.katalon.core.main.TestCaseExecutor.runScript(TestCaseExecutor.java:448)
	at com.kms.katalon.core.main.TestCaseExecutor.doExecute(TestCaseExecutor.java:439)
	at com.kms.katalon.core.main.TestCaseExecutor.processExecutionPhase(TestCaseExecutor.java:418)
	at com.kms.katalon.core.main.TestCaseExecutor.accessMainPhase(TestCaseExecutor.java:410)
	at com.kms.katalon.core.main.TestCaseExecutor.execute(TestCaseExecutor.java:285)
	at com.kms.katalon.core.common.CommonExecutor.accessTestCaseMainPhase(CommonExecutor.java:65)
	at com.kms.katalon.core.main.TestSuiteExecutor.accessTestSuiteMainPhase(TestSuiteExecutor.java:150)
	at com.kms.katalon.core.main.TestSuiteExecutor.execute(TestSuiteExecutor.java:106)
	at com.kms.katalon.core.main.TestCaseMain.startTestSuite(TestCaseMain.java:180)
	at com.kms.katalon.core.main.TestCaseMain$startTestSuite$0.call(Unknown Source)
	at TempTestSuite1761139103004.run(TempTestSuite1761139103004.groovy:35)
	at java.base/jdk.internal.reflect.NativeMethodAccessorImpl.invoke0(Native Method)
	at java.base/jdk.internal.reflect.NativeMethodAccessorImpl.invoke(NativeMethodAccessorImpl.java:77)
	at java.base/jdk.internal.reflect.DelegatingMethodAccessorImpl.invoke(DelegatingMethodAccessorImpl.java:43)
Caused by: com.kms.katalon.core.webui.exception.WebElementNotFoundException: Web element with id: 'Object Repository/TripFocus/Order Templates/Edit_Template_btn' located by '/html/body/div/div[2]/div/main/div/section/div[4]/div/div/div[4]/div[1]/div/div/div[2]/div[4]/div[2]/button' not found
	at com.kms.katalon.core.webui.common.WebUiCommonHelper.findWebElement(WebUiCommonHelper.java:1423)
	at com.kms.katalon.core.webui.keyword.internal.WebUIAbstractKeyword.findWebElement(WebUIAbstractKeyword.groovy:27)
	at com.kms.katalon.core.webui.keyword.builtin.ClickKeyword$_click_closure1.doCall(ClickKeyword.groovy:65)
	at com.kms.katalon.core.webui.keyword.builtin.ClickKeyword$_click_closure1.call(ClickKeyword.groovy)
	at com.kms.katalon.core.webui.keyword.internal.WebUIKeywordMain.runKeyword(WebUIKeywordMain.groovy:35)
	... 22 more


22-10-2025T10:55:14 - [TEST_STEP][PASSED] - Start listener action : beforeTestCase: null

22-10-2025T10:55:14 - [TEST_STEP][PASSED] - addDefaultPackages(): null

22-10-2025T10:55:15 - [TEST_STEP][PASSED] - openBrowser(""): Browser is opened with url: ''

22-10-2025T10:55:15 - [MESSAGE][WARNING] - A browser is already opened. Closing browser and opening a new one

22-10-2025T10:55:15 - [MESSAGE][INFO] - Starting 'Chrome' driver

22-10-2025T10:55:15 - [MESSAGE][INFO] - User set preference: ['args', '[--no-sandbox, --disable-gpu, --disable-dev-shm-usage]']

22-10-2025T10:55:15 - [MESSAGE][INFO] - Action delay is set to 0 milliseconds

22-10-2025T10:55:15 - [MESSAGE][PASSED] - Browser is opened with url: ''

22-10-2025T10:55:15 - [TEST_STEP][PASSED] - navigateToUrl(TFBaseURL): Navigate to 'https://www.qa.tripfocus.com' successfully

22-10-2025T10:55:16 - [MESSAGE][PASSED] - Navigate to 'https://www.qa.tripfocus.com' successfully

22-10-2025T10:55:16 - [TEST_STEP][PASSED] - maximizeWindow(): Current window maximized

22-10-2025T10:55:16 - [MESSAGE][PASSED] - Current window maximized

22-10-2025T10:55:16 - [TEST_STEP][PASSED] - click(findTestObject("Object Repository/TripFocus/Page_TripFocus/button_Sign in")): Object: 'Object Repository/TripFocus/Page_TripFocus/button_Sign in' is clicked on

22-10-2025T10:55:16 - [MESSAGE][PASSED] - Object: 'Object Repository/TripFocus/Page_TripFocus/button_Sign in' is clicked on

22-10-2025T10:55:16 - [TEST_STEP][PASSED] - setText(findTestObject("Object Repository/TripFocus/Page_TripFocus/input_Username (e.g. email address)_Username"), TripFocusBleachTechSPGUsername): Text 'Ashford.Chenault+BleachtechCustomerSPGONLY@thekag.com' is set on object 'Object Repository/TripFocus/Page_TripFocus/input_Username (e.g. email address)_Username'

22-10-2025T10:55:17 - [MESSAGE][PASSED] - Text 'Ashford.Chenault+BleachtechCustomerSPGONLY@thekag.com' is set on object 'Object Repository/TripFocus/Page_TripFocus/input_Username (e.g. email address)_Username'

22-10-2025T10:55:17 - [TEST_STEP][PASSED] - setText(findTestObject("Object Repository/TripFocus/Page_TripFocus/input_Password_Password"), TripFocusFDGSPGPassword): Text 'CrashBan911!!' is set on object 'Object Repository/TripFocus/Page_TripFocus/input_Password_Password'

22-10-2025T10:55:17 - [MESSAGE][PASSED] - Text 'CrashBan911!!' is set on object 'Object Repository/TripFocus/Page_TripFocus/input_Password_Password'

22-10-2025T10:55:17 - [TEST_STEP][PASSED] - click(findTestObject("Object Repository/TripFocus/Page_TripFocus/button_Login")): Object: 'Object Repository/TripFocus/Page_TripFocus/button_Login' is clicked on

22-10-2025T10:55:18 - [MESSAGE][PASSED] - Object: 'Object Repository/TripFocus/Page_TripFocus/button_Login' is clicked on

22-10-2025T10:55:18 - [TEST_STEP][PASSED] - maximizeWindow(): Current window maximized

22-10-2025T10:55:18 - [MESSAGE][PASSED] - Current window maximized

22-10-2025T10:55:18 - [TEST_STEP][PASSED] - waitForElementVisible(findTestObject("TripFocus/Testing_Notification_btn"), 15, OPTIONAL): Web element with id: 'Object Repository/TripFocus/Testing_Notification_btn' located by '//*[@id="__BVID__10___BV_modal_footer_"]/button' not found

22-10-2025T10:55:34 - [MESSAGE][INFO] - Unable to find the element located by 'By.xpath: //*[@id="__BVID__10___BV_modal_footer_"]/button'. Please recheck the objects properties to make sure the desired element is located. 

22-10-2025T10:55:34 - [MESSAGE][WARNING] - [SELF-HEALING] Failed to find element with id 'Object Repository/TripFocus/Testing_Notification_btn'. Try using Self-healing.

22-10-2025T10:55:35 - [MESSAGE][INFO] - [SELF-HEALING] No working XPath is found.

22-10-2025T10:55:37 - [MESSAGE][INFO] - Unable to find the element located by 'By.xpath: '. Please recheck the objects properties to make sure the desired element is located. 

22-10-2025T10:55:37 - [MESSAGE][WARNING] - [SELF-HEALING] Cannot find elements when the selector is null

22-10-2025T10:55:37 - [MESSAGE][WARNING] - Web element with id: 'Object Repository/TripFocus/Testing_Notification_btn' located by '//*[@id="__BVID__10___BV_modal_footer_"]/button' not found

22-10-2025T10:55:37 - [TEST_STEP][PASSED] - if (verifyElementVisible(findTestObject("TripFocus/Testing_Notification_btn"), OPTIONAL) == true): Web element with id: 'Object Repository/TripFocus/Testing_Notification_btn' located by '//*[@id="__BVID__10___BV_modal_footer_"]/button' not found (Root cause: com.kms.katalon.core.exception.StepFailedException: Web element with id: 'Object Repository/TripFocus/Testing_Notification_btn' located by '//*[@id="__BVID__10___BV_modal_footer_"]/button' not found
	at com.kms.katalon.core.webui.keyword.internal.WebUIKeywordMain.stepFailed(WebUIKeywordMain.groovy:117)
	at com.kms.katalon.core.webui.keyword.builtin.VerifyElementVisibleKeyword$_verifyElementVisible_closure1.doCall(VerifyElementVisibleKeyword.groovy:89)
	at com.kms.katalon.core.webui.keyword.builtin.VerifyElementVisibleKeyword$_verifyElementVisible_closure1.call(VerifyElementVisibleKeyword.groovy)
	at com.kms.katalon.core.webui.keyword.internal.WebUIKeywordMain.runKeyword(WebUIKeywordMain.groovy:35)
	at com.kms.katalon.core.webui.keyword.builtin.VerifyElementVisibleKeyword.verifyElementVisible(VerifyElementVisibleKeyword.groovy:97)
	at com.kms.katalon.core.webui.keyword.builtin.VerifyElementVisibleKeyword.execute(VerifyElementVisibleKeyword.groovy:67)
	at com.kms.katalon.core.keyword.internal.KeywordExecutor.executeKeywordForPlatform(KeywordExecutor.groovy:74)
	at com.kms.katalon.core.webui.keyword.WebUiBuiltInKeywords.verifyElementVisible(WebUiBuiltInKeywords.groovy:401)
	at com.kms.katalon.core.webui.keyword.WebUiBuiltInKeywords$verifyElementVisible$5.call(Unknown Source)
	at Edit Template.run(Edit Template:40)
	at com.kms.katalon.core.main.ScriptEngine.run(ScriptEngine.java:194)
	at com.kms.katalon.core.main.ScriptEngine.runScriptAsRawText(ScriptEngine.java:119)
	at com.kms.katalon.core.main.TestCaseExecutor.runScript(TestCaseExecutor.java:448)
	at com.kms.katalon.core.main.TestCaseExecutor.doExecute(TestCaseExecutor.java:439)
	at com.kms.katalon.core.main.TestCaseExecutor.processExecutionPhase(TestCaseExecutor.java:418)
	at com.kms.katalon.core.main.TestCaseExecutor.accessMainPhase(TestCaseExecutor.java:410)
	at com.kms.katalon.core.main.TestCaseExecutor.execute(TestCaseExecutor.java:285)
	at com.kms.katalon.core.common.CommonExecutor.accessTestCaseMainPhase(CommonExecutor.java:65)
	at com.kms.katalon.core.main.TestSuiteExecutor.accessTestSuiteMainPhase(TestSuiteExecutor.java:150)
	at com.kms.katalon.core.main.TestSuiteExecutor.execute(TestSuiteExecutor.java:106)
	at com.kms.katalon.core.main.TestCaseMain.startTestSuite(TestCaseMain.java:180)
	at com.kms.katalon.core.main.TestCaseMain$startTestSuite$0.call(Unknown Source)
	at TempTestSuite1761139103004.run(TempTestSuite1761139103004.groovy:35)
	at java.base/jdk.internal.reflect.NativeMethodAccessorImpl.invoke0(Native Method)
	at java.base/jdk.internal.reflect.NativeMethodAccessorImpl.invoke(NativeMethodAccessorImpl.java:77)
	at java.base/jdk.internal.reflect.DelegatingMethodAccessorImpl.invoke(DelegatingMethodAccessorImpl.java:43)
)

22-10-2025T10:55:53 - [MESSAGE][INFO] - Unable to find the element located by 'By.xpath: //*[@id="__BVID__10___BV_modal_footer_"]/button'. Please recheck the objects properties to make sure the desired element is located. 

22-10-2025T10:55:53 - [MESSAGE][WARNING] - [SELF-HEALING] Failed to find element with id 'Object Repository/TripFocus/Testing_Notification_btn'. Try using Self-healing.

22-10-2025T10:55:54 - [MESSAGE][INFO] - [SELF-HEALING] No working XPath is found.

22-10-2025T10:55:56 - [MESSAGE][INFO] - Unable to find the element located by 'By.xpath: '. Please recheck the objects properties to make sure the desired element is located. 

22-10-2025T10:55:56 - [MESSAGE][WARNING] - [SELF-HEALING] Cannot find elements when the selector is null

22-10-2025T10:55:56 - [MESSAGE][WARNING] - Web element with id: 'Object Repository/TripFocus/Testing_Notification_btn' located by '//*[@id="__BVID__10___BV_modal_footer_"]/button' not found (Root cause: com.kms.katalon.core.exception.StepFailedException: Web element with id: 'Object Repository/TripFocus/Testing_Notification_btn' located by '//*[@id="__BVID__10___BV_modal_footer_"]/button' not found
	at com.kms.katalon.core.webui.keyword.internal.WebUIKeywordMain.stepFailed(WebUIKeywordMain.groovy:117)
	at com.kms.katalon.core.webui.keyword.builtin.VerifyElementVisibleKeyword$_verifyElementVisible_closure1.doCall(VerifyElementVisibleKeyword.groovy:89)
	at com.kms.katalon.core.webui.keyword.builtin.VerifyElementVisibleKeyword$_verifyElementVisible_closure1.call(VerifyElementVisibleKeyword.groovy)
	at com.kms.katalon.core.webui.keyword.internal.WebUIKeywordMain.runKeyword(WebUIKeywordMain.groovy:35)
	at com.kms.katalon.core.webui.keyword.builtin.VerifyElementVisibleKeyword.verifyElementVisible(VerifyElementVisibleKeyword.groovy:97)
	at com.kms.katalon.core.webui.keyword.builtin.VerifyElementVisibleKeyword.execute(VerifyElementVisibleKeyword.groovy:67)
	at com.kms.katalon.core.keyword.internal.KeywordExecutor.executeKeywordForPlatform(KeywordExecutor.groovy:74)
	at com.kms.katalon.core.webui.keyword.WebUiBuiltInKeywords.verifyElementVisible(WebUiBuiltInKeywords.groovy:401)
	at com.kms.katalon.core.webui.keyword.WebUiBuiltInKeywords$verifyElementVisible$5.call(Unknown Source)
	at Edit Template.run(Edit Template:40)
	at com.kms.katalon.core.main.ScriptEngine.run(ScriptEngine.java:194)
	at com.kms.katalon.core.main.ScriptEngine.runScriptAsRawText(ScriptEngine.java:119)
	at com.kms.katalon.core.main.TestCaseExecutor.runScript(TestCaseExecutor.java:448)
	at com.kms.katalon.core.main.TestCaseExecutor.doExecute(TestCaseExecutor.java:439)
	at com.kms.katalon.core.main.TestCaseExecutor.processExecutionPhase(TestCaseExecutor.java:418)
	at com.kms.katalon.core.main.TestCaseExecutor.accessMainPhase(TestCaseExecutor.java:410)
	at com.kms.katalon.core.main.TestCaseExecutor.execute(TestCaseExecutor.java:285)
	at com.kms.katalon.core.common.CommonExecutor.accessTestCaseMainPhase(CommonExecutor.java:65)
	at com.kms.katalon.core.main.TestSuiteExecutor.accessTestSuiteMainPhase(TestSuiteExecutor.java:150)
	at com.kms.katalon.core.main.TestSuiteExecutor.execute(TestSuiteExecutor.java:106)
	at com.kms.katalon.core.main.TestCaseMain.startTestSuite(TestCaseMain.java:180)
	at com.kms.katalon.core.main.TestCaseMain$startTestSuite$0.call(Unknown Source)
	at TempTestSuite1761139103004.run(TempTestSuite1761139103004.groovy:35)
	at java.base/jdk.internal.reflect.NativeMethodAccessorImpl.invoke0(Native Method)
	at java.base/jdk.internal.reflect.NativeMethodAccessorImpl.invoke(NativeMethodAccessorImpl.java:77)
	at java.base/jdk.internal.reflect.DelegatingMethodAccessorImpl.invoke(DelegatingMethodAccessorImpl.java:43)
)

22-10-2025T10:55:56 - [TEST_STEP][PASSED] - click(findTestObject("TripFocus/Order Templates/Order Templates_tab")): Object: 'Object Repository/TripFocus/Order Templates/Order Templates_tab' is clicked on

22-10-2025T10:55:56 - [MESSAGE][PASSED] - Object: 'Object Repository/TripFocus/Order Templates/Order Templates_tab' is clicked on

22-10-2025T10:55:56 - [TEST_STEP][PASSED] - delay(10): Delayed 10 second(s)

22-10-2025T10:56:06 - [MESSAGE][PASSED] - Delayed 10 second(s)

22-10-2025T10:56:06 - [TEST_STEP][FAILED] - click(findTestObject("TripFocus/Order Templates/Edit_Template_btn")): Unable to click on object 'Object Repository/TripFocus/Order Templates/Edit_Template_btn' (Root cause: com.kms.katalon.core.exception.StepFailedException: Unable to click on object 'Object Repository/TripFocus/Order Templates/Edit_Template_btn'
	at com.kms.katalon.core.webui.keyword.internal.WebUIKeywordMain.stepFailed(WebUIKeywordMain.groovy:117)
	at com.kms.katalon.core.webui.keyword.internal.WebUIKeywordMain.runKeyword(WebUIKeywordMain.groovy:43)
	at com.kms.katalon.core.webui.keyword.builtin.ClickKeyword.click(ClickKeyword.groovy:74)
	at com.kms.katalon.core.webui.keyword.builtin.ClickKeyword.execute(ClickKeyword.groovy:40)
	at com.kms.katalon.core.keyword.internal.KeywordExecutor.executeKeywordForPlatform(KeywordExecutor.groovy:74)
	at com.kms.katalon.core.webui.keyword.WebUiBuiltInKeywords.click(WebUiBuiltInKeywords.groovy:659)
	at com.kms.katalon.core.webui.keyword.WebUiBuiltInKeywords$click$2.call(Unknown Source)
	at Edit Template.run(Edit Template:50)
	at com.kms.katalon.core.main.ScriptEngine.run(ScriptEngine.java:194)
	at com.kms.katalon.core.main.ScriptEngine.runScriptAsRawText(ScriptEngine.java:119)
	at com.kms.katalon.core.main.TestCaseExecutor.runScript(TestCaseExecutor.java:448)
	at com.kms.katalon.core.main.TestCaseExecutor.doExecute(TestCaseExecutor.java:439)
	at com.kms.katalon.core.main.TestCaseExecutor.processExecutionPhase(TestCaseExecutor.java:418)
	at com.kms.katalon.core.main.TestCaseExecutor.accessMainPhase(TestCaseExecutor.java:410)
	at com.kms.katalon.core.main.TestCaseExecutor.execute(TestCaseExecutor.java:285)
	at com.kms.katalon.core.common.CommonExecutor.accessTestCaseMainPhase(CommonExecutor.java:65)
	at com.kms.katalon.core.main.TestSuiteExecutor.accessTestSuiteMainPhase(TestSuiteExecutor.java:150)
	at com.kms.katalon.core.main.TestSuiteExecutor.execute(TestSuiteExecutor.java:106)
	at com.kms.katalon.core.main.TestCaseMain.startTestSuite(TestCaseMain.java:180)
	at com.kms.katalon.core.main.TestCaseMain$startTestSuite$0.call(Unknown Source)
	at TempTestSuite1761139103004.run(TempTestSuite1761139103004.groovy:35)
	at java.base/jdk.internal.reflect.NativeMethodAccessorImpl.invoke0(Native Method)
	at java.base/jdk.internal.reflect.NativeMethodAccessorImpl.invoke(NativeMethodAccessorImpl.java:77)
	at java.base/jdk.internal.reflect.DelegatingMethodAccessorImpl.invoke(DelegatingMethodAccessorImpl.java:43)
Caused by: com.kms.katalon.core.webui.exception.WebElementNotFoundException: Web element with id: 'Object Repository/TripFocus/Order Templates/Edit_Template_btn' located by '/html/body/div/div[2]/div/main/div/section/div[4]/div/div/div[4]/div[1]/div/div/div[2]/div[4]/div[2]/button' not found
	at com.kms.katalon.core.webui.common.WebUiCommonHelper.findWebElement(WebUiCommonHelper.java:1423)
	at com.kms.katalon.core.webui.keyword.internal.WebUIAbstractKeyword.findWebElement(WebUIAbstractKeyword.groovy:27)
	at com.kms.katalon.core.webui.keyword.builtin.ClickKeyword$_click_closure1.doCall(ClickKeyword.groovy:65)
	at com.kms.katalon.core.webui.keyword.builtin.ClickKeyword$_click_closure1.call(ClickKeyword.groovy)
	at com.kms.katalon.core.webui.keyword.internal.WebUIKeywordMain.runKeyword(WebUIKeywordMain.groovy:35)
	at com.kms.katalon.core.webui.keyword.builtin.ClickKeyword.click(ClickKeyword.groovy:74)
	at com.kms.katalon.core.webui.keyword.builtin.ClickKeyword.execute(ClickKeyword.groovy:40)
	at com.kms.katalon.core.keyword.internal.KeywordExecutor.executeKeywordForPlatform(KeywordExecutor.groovy:74)
	at com.kms.katalon.core.webui.keyword.WebUiBuiltInKeywords.click(WebUiBuiltInKeywords.groovy:659)
	at com.kms.katalon.core.webui.keyword.WebUiBuiltInKeywords$click$2.call(Unknown Source)
	at Script1745596400580.run(Script1745596400580.groovy:50)
	... 16 more
)

22-10-2025T10:56:22 - [MESSAGE][INFO] - Unable to find the element located by 'By.xpath: /html/body/div/div[2]/div/main/div/section/div[4]/div/div/div[4]/div[1]/div/div/div[2]/div[4]/div[2]/button'. Please recheck the objects properties to make sure the desired element is located. 

22-10-2025T10:56:22 - [MESSAGE][WARNING] - [SELF-HEALING] Failed to find element with id 'Object Repository/TripFocus/Order Templates/Edit_Template_btn'. Try using Self-healing.

22-10-2025T10:56:23 - [MESSAGE][INFO] - [SELF-HEALING] No working XPath is found.

22-10-2025T10:56:25 - [MESSAGE][INFO] - Unable to find the element located by 'By.xpath: '. Please recheck the objects properties to make sure the desired element is located. 

22-10-2025T10:56:25 - [MESSAGE][WARNING] - [SELF-HEALING] Cannot find elements when the selector is null

22-10-2025T10:56:25 - [MESSAGE][FAILED] - Unable to click on object 'Object Repository/TripFocus/Order Templates/Edit_Template_btn' (Root cause: com.kms.katalon.core.exception.StepFailedException: Unable to click on object 'Object Repository/TripFocus/Order Templates/Edit_Template_btn'
	at com.kms.katalon.core.webui.keyword.internal.WebUIKeywordMain.stepFailed(WebUIKeywordMain.groovy:117)
	at com.kms.katalon.core.webui.keyword.internal.WebUIKeywordMain.runKeyword(WebUIKeywordMain.groovy:43)
	at com.kms.katalon.core.webui.keyword.builtin.ClickKeyword.click(ClickKeyword.groovy:74)
	at com.kms.katalon.core.webui.keyword.builtin.ClickKeyword.execute(ClickKeyword.groovy:40)
	at com.kms.katalon.core.keyword.internal.KeywordExecutor.executeKeywordForPlatform(KeywordExecutor.groovy:74)
	at com.kms.katalon.core.webui.keyword.WebUiBuiltInKeywords.click(WebUiBuiltInKeywords.groovy:659)
	at com.kms.katalon.core.webui.keyword.WebUiBuiltInKeywords$click$2.call(Unknown Source)
	at Edit Template.run(Edit Template:50)
	at com.kms.katalon.core.main.ScriptEngine.run(ScriptEngine.java:194)
	at com.kms.katalon.core.main.ScriptEngine.runScriptAsRawText(ScriptEngine.java:119)
	at com.kms.katalon.core.main.TestCaseExecutor.runScript(TestCaseExecutor.java:448)
	at com.kms.katalon.core.main.TestCaseExecutor.doExecute(TestCaseExecutor.java:439)
	at com.kms.katalon.core.main.TestCaseExecutor.processExecutionPhase(TestCaseExecutor.java:418)
	at com.kms.katalon.core.main.TestCaseExecutor.accessMainPhase(TestCaseExecutor.java:410)
	at com.kms.katalon.core.main.TestCaseExecutor.execute(TestCaseExecutor.java:285)
	at com.kms.katalon.core.common.CommonExecutor.accessTestCaseMainPhase(CommonExecutor.java:65)
	at com.kms.katalon.core.main.TestSuiteExecutor.accessTestSuiteMainPhase(TestSuiteExecutor.java:150)
	at com.kms.katalon.core.main.TestSuiteExecutor.execute(TestSuiteExecutor.java:106)
	at com.kms.katalon.core.main.TestCaseMain.startTestSuite(TestCaseMain.java:180)
	at com.kms.katalon.core.main.TestCaseMain$startTestSuite$0.call(Unknown Source)
	at TempTestSuite1761139103004.run(TempTestSuite1761139103004.groovy:35)
	at java.base/jdk.internal.reflect.NativeMethodAccessorImpl.invoke0(Native Method)
	at java.base/jdk.internal.reflect.NativeMethodAccessorImpl.invoke(NativeMethodAccessorImpl.java:77)
	at java.base/jdk.internal.reflect.DelegatingMethodAccessorImpl.invoke(DelegatingMethodAccessorImpl.java:43)
Caused by: com.kms.katalon.core.webui.exception.WebElementNotFoundException: Web element with id: 'Object Repository/TripFocus/Order Templates/Edit_Template_btn' located by '/html/body/div/div[2]/div/main/div/section/div[4]/div/div/div[4]/div[1]/div/div/div[2]/div[4]/div[2]/button' not found
	at com.kms.katalon.core.webui.common.WebUiCommonHelper.findWebElement(WebUiCommonHelper.java:1423)
	at com.kms.katalon.core.webui.keyword.internal.WebUIAbstractKeyword.findWebElement(WebUIAbstractKeyword.groovy:27)
	at com.kms.katalon.core.webui.keyword.builtin.ClickKeyword$_click_closure1.doCall(ClickKeyword.groovy:65)
	at com.kms.katalon.core.webui.keyword.builtin.ClickKeyword$_click_closure1.call(ClickKeyword.groovy)
	at com.kms.katalon.core.webui.keyword.internal.WebUIKeywordMain.runKeyword(WebUIKeywordMain.groovy:35)
	at com.kms.katalon.core.webui.keyword.builtin.ClickKeyword.click(ClickKeyword.groovy:74)
	at com.kms.katalon.core.webui.keyword.builtin.ClickKeyword.execute(ClickKeyword.groovy:40)
	at com.kms.katalon.core.keyword.internal.KeywordExecutor.executeKeywordForPlatform(KeywordExecutor.groovy:74)
	at com.kms.katalon.core.webui.keyword.WebUiBuiltInKeywords.click(WebUiBuiltInKeywords.groovy:659)
	at com.kms.katalon.core.webui.keyword.WebUiBuiltInKeywords$click$2.call(Unknown Source)
	at Script1745596400580.run(Script1745596400580.groovy:50)
	... 16 more
)

22-10-2025T10:56:25 - [TEST_STEP][PASSED] - Start listener action : retryOnDisconnect: Current window's url is: 'https://www.qa.tripfocus.com/order-templates'

22-10-2025T10:56:25 - [TEST_STEP][PASSED] - tcId = testCaseContext.getTestCaseId(): null

22-10-2025T10:56:25 - [TEST_STEP][PASSED] - currentRetry = retryCounts.getOrDefault(tcId, 0): null

22-10-2025T10:56:25 - [TEST_STEP][PASSED] - if (testCaseContext.getTestCaseStatus() == "FAILED" && currentRetry < MAX_RETRIES): Current window's url is: 'https://www.qa.tripfocus.com/order-templates'

22-10-2025T10:56:25 - [TEST_STEP][PASSED] - try: Current window's url is: 'https://www.qa.tripfocus.com/order-templates'

22-10-2025T10:56:25 - [TEST_STEP][PASSED] - comment(Checking for WebDriver disconnect for test case: $tcId): Checking for WebDriver disconnect for test case: Test Cases/TripFocus/SPG/SPG - Templates/Edit Template

22-10-2025T10:56:25 - [MESSAGE][INFO] - Checking for WebDriver disconnect for test case: Test Cases/TripFocus/SPG/SPG - Templates/Edit Template

22-10-2025T10:56:25 - [TEST_STEP][PASSED] - getUrl(): Current window's url is: 'https://www.qa.tripfocus.com/order-templates'

22-10-2025T10:56:25 - [MESSAGE][PASSED] - Current window's url is: 'https://www.qa.tripfocus.com/order-templates']]></system-out>
         <system-err><![CDATA[22-10-2025T10:55:14 - [TEST_CASE][FAILED] - Test Cases/TripFocus/SPG/SPG - Templates/Edit Template: Test Cases/TripFocus/SPG/SPG - Templates/Edit Template FAILED.
Reason:
com.kms.katalon.core.exception.StepFailedException: Unable to click on object 'Object Repository/TripFocus/Order Templates/Edit_Template_btn'
	at com.kms.katalon.core.webui.keyword.internal.WebUIKeywordMain.stepFailed(WebUIKeywordMain.groovy:117)
	at com.kms.katalon.core.webui.keyword.internal.WebUIKeywordMain.runKeyword(WebUIKeywordMain.groovy:43)
	at com.kms.katalon.core.webui.keyword.builtin.ClickKeyword.click(ClickKeyword.groovy:74)
	at com.kms.katalon.core.webui.keyword.builtin.ClickKeyword.execute(ClickKeyword.groovy:40)
	at com.kms.katalon.core.keyword.internal.KeywordExecutor.executeKeywordForPlatform(KeywordExecutor.groovy:74)
	at com.kms.katalon.core.webui.keyword.WebUiBuiltInKeywords.click(WebUiBuiltInKeywords.groovy:659)
	at com.kms.katalon.core.webui.keyword.WebUiBuiltInKeywords$click$2.call(Unknown Source)
	at Edit Template.run(Edit Template:50)
	at com.kms.katalon.core.main.ScriptEngine.run(ScriptEngine.java:194)
	at com.kms.katalon.core.main.ScriptEngine.runScriptAsRawText(ScriptEngine.java:119)
	at com.kms.katalon.core.main.TestCaseExecutor.runScript(TestCaseExecutor.java:448)
	at com.kms.katalon.core.main.TestCaseExecutor.doExecute(TestCaseExecutor.java:439)
	at com.kms.katalon.core.main.TestCaseExecutor.processExecutionPhase(TestCaseExecutor.java:418)
	at com.kms.katalon.core.main.TestCaseExecutor.accessMainPhase(TestCaseExecutor.java:410)
	at com.kms.katalon.core.main.TestCaseExecutor.execute(TestCaseExecutor.java:285)
	at com.kms.katalon.core.common.CommonExecutor.accessTestCaseMainPhase(CommonExecutor.java:65)
	at com.kms.katalon.core.main.TestSuiteExecutor.accessTestSuiteMainPhase(TestSuiteExecutor.java:150)
	at com.kms.katalon.core.main.TestSuiteExecutor.execute(TestSuiteExecutor.java:106)
	at com.kms.katalon.core.main.TestCaseMain.startTestSuite(TestCaseMain.java:180)
	at com.kms.katalon.core.main.TestCaseMain$startTestSuite$0.call(Unknown Source)
	at TempTestSuite1761139103004.run(TempTestSuite1761139103004.groovy:35)
	at java.base/jdk.internal.reflect.NativeMethodAccessorImpl.invoke0(Native Method)
	at java.base/jdk.internal.reflect.NativeMethodAccessorImpl.invoke(NativeMethodAccessorImpl.java:77)
	at java.base/jdk.internal.reflect.DelegatingMethodAccessorImpl.invoke(DelegatingMethodAccessorImpl.java:43)
Caused by: com.kms.katalon.core.webui.exception.WebElementNotFoundException: Web element with id: 'Object Repository/TripFocus/Order Templates/Edit_Template_btn' located by '/html/body/div/div[2]/div/main/div/section/div[4]/div/div/div[4]/div[1]/div/div/div[2]/div[4]/div[2]/button' not found
	at com.kms.katalon.core.webui.common.WebUiCommonHelper.findWebElement(WebUiCommonHelper.java:1423)
	at com.kms.katalon.core.webui.keyword.internal.WebUIAbstractKeyword.findWebElement(WebUIAbstractKeyword.groovy:27)
	at com.kms.katalon.core.webui.keyword.builtin.ClickKeyword$_click_closure1.doCall(ClickKeyword.groovy:65)
	at com.kms.katalon.core.webui.keyword.builtin.ClickKeyword$_click_closure1.call(ClickKeyword.groovy)
	at com.kms.katalon.core.webui.keyword.internal.WebUIKeywordMain.runKeyword(WebUIKeywordMain.groovy:35)
	... 22 more]]></system-err>
      </testcase>
      <testcase name="Test Cases/TripFocus/SPG/SPG - Templates/Verify Add Product Button for New Order Template" time="51.777" classname="Test Cases/TripFocus/SPG/SPG - Templates/Verify Add Product Button for New Order Template" status="PASSED">
         <system-out><![CDATA[22-10-2025T10:56:25 - [TEST_CASE][PASSED] - Test Cases/TripFocus/SPG/SPG - Templates/Verify Add Product Button for New Order Template: Test Cases/TripFocus/SPG/SPG - Templates/Verify Add Product Button for New Order Template

22-10-2025T10:56:25 - [TEST_STEP][PASSED] - Start listener action : beforeTestCase: null

22-10-2025T10:56:25 - [TEST_STEP][PASSED] - addDefaultPackages(): null

22-10-2025T10:56:25 - [TEST_STEP][PASSED] - openBrowser(""): Browser is opened with url: ''

22-10-2025T10:56:25 - [MESSAGE][WARNING] - A browser is already opened. Closing browser and opening a new one

22-10-2025T10:56:25 - [MESSAGE][INFO] - Starting 'Chrome' driver

22-10-2025T10:56:25 - [MESSAGE][INFO] - User set preference: ['args', '[--no-sandbox, --disable-gpu, --disable-dev-shm-usage]']

22-10-2025T10:56:25 - [MESSAGE][INFO] - Action delay is set to 0 milliseconds

22-10-2025T10:56:26 - [MESSAGE][PASSED] - Browser is opened with url: ''

22-10-2025T10:56:26 - [TEST_STEP][PASSED] - navigateToUrl(TFBaseURL): Navigate to 'https://www.qa.tripfocus.com' successfully

22-10-2025T10:56:27 - [MESSAGE][PASSED] - Navigate to 'https://www.qa.tripfocus.com' successfully

22-10-2025T10:56:27 - [TEST_STEP][PASSED] - maximizeWindow(): Current window maximized

22-10-2025T10:56:27 - [MESSAGE][PASSED] - Current window maximized

22-10-2025T10:56:27 - [TEST_STEP][PASSED] - click(findTestObject("Object Repository/TripFocus/Page_TripFocus/button_Sign in")): Object: 'Object Repository/TripFocus/Page_TripFocus/button_Sign in' is clicked on

22-10-2025T10:56:27 - [MESSAGE][PASSED] - Object: 'Object Repository/TripFocus/Page_TripFocus/button_Sign in' is clicked on

22-10-2025T10:56:27 - [TEST_STEP][PASSED] - setText(findTestObject("Object Repository/TripFocus/Page_TripFocus/input_Username (e.g. email address)_Username"), TripFocusBleachTechSPGUsername): Text 'Ashford.Chenault+BleachtechCustomerSPGONLY@thekag.com' is set on object 'Object Repository/TripFocus/Page_TripFocus/input_Username (e.g. email address)_Username'

22-10-2025T10:56:28 - [MESSAGE][PASSED] - Text 'Ashford.Chenault+BleachtechCustomerSPGONLY@thekag.com' is set on object 'Object Repository/TripFocus/Page_TripFocus/input_Username (e.g. email address)_Username'

22-10-2025T10:56:28 - [TEST_STEP][PASSED] - setText(findTestObject("Object Repository/TripFocus/Page_TripFocus/input_Password_Password"), TripFocusFDGSPGPassword): Text 'CrashBan911!!' is set on object 'Object Repository/TripFocus/Page_TripFocus/input_Password_Password'

22-10-2025T10:56:28 - [MESSAGE][PASSED] - Text 'CrashBan911!!' is set on object 'Object Repository/TripFocus/Page_TripFocus/input_Password_Password'

22-10-2025T10:56:28 - [TEST_STEP][PASSED] - click(findTestObject("Object Repository/TripFocus/Page_TripFocus/button_Login")): Object: 'Object Repository/TripFocus/Page_TripFocus/button_Login' is clicked on

22-10-2025T10:56:28 - [MESSAGE][PASSED] - Object: 'Object Repository/TripFocus/Page_TripFocus/button_Login' is clicked on

22-10-2025T10:56:28 - [TEST_STEP][PASSED] - maximizeWindow(): Current window maximized

22-10-2025T10:56:28 - [MESSAGE][PASSED] - Current window maximized

22-10-2025T10:56:28 - [TEST_STEP][PASSED] - waitForElementVisible(findTestObject("TripFocus/Testing_Notification_btn"), 15, OPTIONAL): Web element with id: 'Object Repository/TripFocus/Testing_Notification_btn' located by '//*[@id="__BVID__10___BV_modal_footer_"]/button' not found

22-10-2025T10:56:44 - [MESSAGE][INFO] - Unable to find the element located by 'By.xpath: //*[@id="__BVID__10___BV_modal_footer_"]/button'. Please recheck the objects properties to make sure the desired element is located. 

22-10-2025T10:56:44 - [MESSAGE][WARNING] - [SELF-HEALING] Failed to find element with id 'Object Repository/TripFocus/Testing_Notification_btn'. Try using Self-healing.

22-10-2025T10:56:45 - [MESSAGE][INFO] - [SELF-HEALING] No working XPath is found.

22-10-2025T10:56:47 - [MESSAGE][INFO] - Unable to find the element located by 'By.xpath: '. Please recheck the objects properties to make sure the desired element is located. 

22-10-2025T10:56:47 - [MESSAGE][WARNING] - [SELF-HEALING] Cannot find elements when the selector is null

22-10-2025T10:56:47 - [MESSAGE][WARNING] - Web element with id: 'Object Repository/TripFocus/Testing_Notification_btn' located by '//*[@id="__BVID__10___BV_modal_footer_"]/button' not found

22-10-2025T10:56:47 - [TEST_STEP][PASSED] - if (verifyElementVisible(findTestObject("TripFocus/Testing_Notification_btn"), OPTIONAL) == true): Web element with id: 'Object Repository/TripFocus/Testing_Notification_btn' located by '//*[@id="__BVID__10___BV_modal_footer_"]/button' not found (Root cause: com.kms.katalon.core.exception.StepFailedException: Web element with id: 'Object Repository/TripFocus/Testing_Notification_btn' located by '//*[@id="__BVID__10___BV_modal_footer_"]/button' not found
	at com.kms.katalon.core.webui.keyword.internal.WebUIKeywordMain.stepFailed(WebUIKeywordMain.groovy:117)
	at com.kms.katalon.core.webui.keyword.builtin.VerifyElementVisibleKeyword$_verifyElementVisible_closure1.doCall(VerifyElementVisibleKeyword.groovy:89)
	at com.kms.katalon.core.webui.keyword.builtin.VerifyElementVisibleKeyword$_verifyElementVisible_closure1.call(VerifyElementVisibleKeyword.groovy)
	at com.kms.katalon.core.webui.keyword.internal.WebUIKeywordMain.runKeyword(WebUIKeywordMain.groovy:35)
	at com.kms.katalon.core.webui.keyword.builtin.VerifyElementVisibleKeyword.verifyElementVisible(VerifyElementVisibleKeyword.groovy:97)
	at com.kms.katalon.core.webui.keyword.builtin.VerifyElementVisibleKeyword.execute(VerifyElementVisibleKeyword.groovy:67)
	at com.kms.katalon.core.keyword.internal.KeywordExecutor.executeKeywordForPlatform(KeywordExecutor.groovy:74)
	at com.kms.katalon.core.webui.keyword.WebUiBuiltInKeywords.verifyElementVisible(WebUiBuiltInKeywords.groovy:401)
	at com.kms.katalon.core.webui.keyword.WebUiBuiltInKeywords$verifyElementVisible$5.call(Unknown Source)
	at Verify Add Product Button for New Order Template.run(Verify Add Product Button for New Order Template:40)
	at com.kms.katalon.core.main.ScriptEngine.run(ScriptEngine.java:194)
	at com.kms.katalon.core.main.ScriptEngine.runScriptAsRawText(ScriptEngine.java:119)
	at com.kms.katalon.core.main.TestCaseExecutor.runScript(TestCaseExecutor.java:448)
	at com.kms.katalon.core.main.TestCaseExecutor.doExecute(TestCaseExecutor.java:439)
	at com.kms.katalon.core.main.TestCaseExecutor.processExecutionPhase(TestCaseExecutor.java:418)
	at com.kms.katalon.core.main.TestCaseExecutor.accessMainPhase(TestCaseExecutor.java:410)
	at com.kms.katalon.core.main.TestCaseExecutor.execute(TestCaseExecutor.java:285)
	at com.kms.katalon.core.common.CommonExecutor.accessTestCaseMainPhase(CommonExecutor.java:65)
	at com.kms.katalon.core.main.TestSuiteExecutor.accessTestSuiteMainPhase(TestSuiteExecutor.java:150)
	at com.kms.katalon.core.main.TestSuiteExecutor.execute(TestSuiteExecutor.java:106)
	at com.kms.katalon.core.main.TestCaseMain.startTestSuite(TestCaseMain.java:180)
	at com.kms.katalon.core.main.TestCaseMain$startTestSuite$0.call(Unknown Source)
	at TempTestSuite1761139103004.run(TempTestSuite1761139103004.groovy:35)
	at java.base/jdk.internal.reflect.NativeMethodAccessorImpl.invoke0(Native Method)
	at java.base/jdk.internal.reflect.NativeMethodAccessorImpl.invoke(NativeMethodAccessorImpl.java:77)
	at java.base/jdk.internal.reflect.DelegatingMethodAccessorImpl.invoke(DelegatingMethodAccessorImpl.java:43)
)

22-10-2025T10:57:03 - [MESSAGE][INFO] - Unable to find the element located by 'By.xpath: //*[@id="__BVID__10___BV_modal_footer_"]/button'. Please recheck the objects properties to make sure the desired element is located. 

22-10-2025T10:57:03 - [MESSAGE][WARNING] - [SELF-HEALING] Failed to find element with id 'Object Repository/TripFocus/Testing_Notification_btn'. Try using Self-healing.

22-10-2025T10:57:04 - [MESSAGE][INFO] - [SELF-HEALING] No working XPath is found.

22-10-2025T10:57:06 - [MESSAGE][INFO] - Unable to find the element located by 'By.xpath: '. Please recheck the objects properties to make sure the desired element is located. 

22-10-2025T10:57:06 - [MESSAGE][WARNING] - [SELF-HEALING] Cannot find elements when the selector is null

22-10-2025T10:57:06 - [MESSAGE][WARNING] - Web element with id: 'Object Repository/TripFocus/Testing_Notification_btn' located by '//*[@id="__BVID__10___BV_modal_footer_"]/button' not found (Root cause: com.kms.katalon.core.exception.StepFailedException: Web element with id: 'Object Repository/TripFocus/Testing_Notification_btn' located by '//*[@id="__BVID__10___BV_modal_footer_"]/button' not found
	at com.kms.katalon.core.webui.keyword.internal.WebUIKeywordMain.stepFailed(WebUIKeywordMain.groovy:117)
	at com.kms.katalon.core.webui.keyword.builtin.VerifyElementVisibleKeyword$_verifyElementVisible_closure1.doCall(VerifyElementVisibleKeyword.groovy:89)
	at com.kms.katalon.core.webui.keyword.builtin.VerifyElementVisibleKeyword$_verifyElementVisible_closure1.call(VerifyElementVisibleKeyword.groovy)
	at com.kms.katalon.core.webui.keyword.internal.WebUIKeywordMain.runKeyword(WebUIKeywordMain.groovy:35)
	at com.kms.katalon.core.webui.keyword.builtin.VerifyElementVisibleKeyword.verifyElementVisible(VerifyElementVisibleKeyword.groovy:97)
	at com.kms.katalon.core.webui.keyword.builtin.VerifyElementVisibleKeyword.execute(VerifyElementVisibleKeyword.groovy:67)
	at com.kms.katalon.core.keyword.internal.KeywordExecutor.executeKeywordForPlatform(KeywordExecutor.groovy:74)
	at com.kms.katalon.core.webui.keyword.WebUiBuiltInKeywords.verifyElementVisible(WebUiBuiltInKeywords.groovy:401)
	at com.kms.katalon.core.webui.keyword.WebUiBuiltInKeywords$verifyElementVisible$5.call(Unknown Source)
	at Verify Add Product Button for New Order Template.run(Verify Add Product Button for New Order Template:40)
	at com.kms.katalon.core.main.ScriptEngine.run(ScriptEngine.java:194)
	at com.kms.katalon.core.main.ScriptEngine.runScriptAsRawText(ScriptEngine.java:119)
	at com.kms.katalon.core.main.TestCaseExecutor.runScript(TestCaseExecutor.java:448)
	at com.kms.katalon.core.main.TestCaseExecutor.doExecute(TestCaseExecutor.java:439)
	at com.kms.katalon.core.main.TestCaseExecutor.processExecutionPhase(TestCaseExecutor.java:418)
	at com.kms.katalon.core.main.TestCaseExecutor.accessMainPhase(TestCaseExecutor.java:410)
	at com.kms.katalon.core.main.TestCaseExecutor.execute(TestCaseExecutor.java:285)
	at com.kms.katalon.core.common.CommonExecutor.accessTestCaseMainPhase(CommonExecutor.java:65)
	at com.kms.katalon.core.main.TestSuiteExecutor.accessTestSuiteMainPhase(TestSuiteExecutor.java:150)
	at com.kms.katalon.core.main.TestSuiteExecutor.execute(TestSuiteExecutor.java:106)
	at com.kms.katalon.core.main.TestCaseMain.startTestSuite(TestCaseMain.java:180)
	at com.kms.katalon.core.main.TestCaseMain$startTestSuite$0.call(Unknown Source)
	at TempTestSuite1761139103004.run(TempTestSuite1761139103004.groovy:35)
	at java.base/jdk.internal.reflect.NativeMethodAccessorImpl.invoke0(Native Method)
	at java.base/jdk.internal.reflect.NativeMethodAccessorImpl.invoke(NativeMethodAccessorImpl.java:77)
	at java.base/jdk.internal.reflect.DelegatingMethodAccessorImpl.invoke(DelegatingMethodAccessorImpl.java:43)
)

22-10-2025T10:57:06 - [TEST_STEP][PASSED] - click(findTestObject("TripFocus/Order Templates/Order Templates_tab")): Object: 'Object Repository/TripFocus/Order Templates/Order Templates_tab' is clicked on

22-10-2025T10:57:06 - [MESSAGE][PASSED] - Object: 'Object Repository/TripFocus/Order Templates/Order Templates_tab' is clicked on

22-10-2025T10:57:06 - [TEST_STEP][PASSED] - delay(5): Delayed 5 second(s)

22-10-2025T10:57:11 - [MESSAGE][PASSED] - Delayed 5 second(s)

22-10-2025T10:57:11 - [TEST_STEP][PASSED] - click(findTestObject("TripFocus/Order Templates/Create New Template_btn")): Object: 'Object Repository/TripFocus/Order Templates/Create New Template_btn' is clicked on

22-10-2025T10:57:12 - [MESSAGE][PASSED] - Object: 'Object Repository/TripFocus/Order Templates/Create New Template_btn' is clicked on

22-10-2025T10:57:12 - [TEST_STEP][PASSED] - delay(5): Delayed 5 second(s)

22-10-2025T10:57:17 - [MESSAGE][PASSED] - Delayed 5 second(s)

22-10-2025T10:57:17 - [TEST_STEP][PASSED] - verifyElementPresent(findTestObject("TripFocus/Order Templates/Templates_Add_Product_link"), 10): Object 'Object Repository/TripFocus/Order Templates/Templates_Add_Product_link' is present

22-10-2025T10:57:17 - [MESSAGE][PASSED] - Object 'Object Repository/TripFocus/Order Templates/Templates_Add_Product_link' is present

22-10-2025T10:57:17 - [TEST_STEP][PASSED] - verifyElementVisible(findTestObject("TripFocus/Order Templates/Templates_Add_Product_link"), STOP_ON_FAILURE): Object 'Object Repository/TripFocus/Order Templates/Templates_Add_Product_link' is visible

22-10-2025T10:57:17 - [MESSAGE][PASSED] - Object 'Object Repository/TripFocus/Order Templates/Templates_Add_Product_link' is visible

22-10-2025T10:57:17 - [TEST_STEP][PASSED] - click(findTestObject("TripFocus/Order Templates/Templates_Add_Product_link"), STOP_ON_FAILURE): Object: 'Object Repository/TripFocus/Order Templates/Templates_Add_Product_link' is clicked on

22-10-2025T10:57:17 - [MESSAGE][PASSED] - Object: 'Object Repository/TripFocus/Order Templates/Templates_Add_Product_link' is clicked on

22-10-2025T10:57:17 - [TEST_STEP][PASSED] - Start listener action : retryOnDisconnect: null

22-10-2025T10:57:17 - [TEST_STEP][PASSED] - tcId = testCaseContext.getTestCaseId(): null

22-10-2025T10:57:17 - [TEST_STEP][PASSED] - currentRetry = retryCounts.getOrDefault(tcId, 0): null

22-10-2025T10:57:17 - [TEST_STEP][PASSED] - if (testCaseContext.getTestCaseStatus() == "FAILED" && currentRetry < MAX_RETRIES): null]]></system-out>
         <system-err><![CDATA[]]></system-err>
      </testcase>
      <testcase name="Test Cases/TripFocus/SPG/SPG - Templates/Verify Add Product Cancel Button" time="53.423" classname="Test Cases/TripFocus/SPG/SPG - Templates/Verify Add Product Cancel Button" status="FAILED">
         <failure type="FAILED" message="Test Cases/TripFocus/SPG/SPG - Templates/Verify Add Product Cancel Button FAILED.&#xa;Reason:&#xa;com.kms.katalon.core.exception.StepFailedException: Unable to click on object 'Object Repository/TripFocus/Order Templates/Add_Products_Close_btn'&#xa;	at com.kms.katalon.core.webui.keyword.internal.WebUIKeywordMain.stepFailed(WebUIKeywordMain.groovy:117)&#xa;	at com.kms.katalon.core.webui.keyword.internal.WebUIKeywordMain.runKeyword(WebUIKeywordMain.groovy:43)&#xa;	at com.kms.katalon.core.webui.keyword.builtin.ClickKeyword.click(ClickKeyword.groovy:74)&#xa;	at com.kms.katalon.core.webui.keyword.builtin.ClickKeyword.execute(ClickKeyword.groovy:40)&#xa;	at com.kms.katalon.core.keyword.internal.KeywordExecutor.executeKeywordForPlatform(KeywordExecutor.groovy:74)&#xa;	at com.kms.katalon.core.webui.keyword.WebUiBuiltInKeywords.click(WebUiBuiltInKeywords.groovy:647)&#xa;	at com.kms.katalon.core.webui.keyword.WebUiBuiltInKeywords$click$10.call(Unknown Source)&#xa;	at Verify Add Product Cancel Button.run(Verify Add Product Cancel Button:68)&#xa;	at com.kms.katalon.core.main.ScriptEngine.run(ScriptEngine.java:194)&#xa;	at com.kms.katalon.core.main.ScriptEngine.runScriptAsRawText(ScriptEngine.java:119)&#xa;	at com.kms.katalon.core.main.TestCaseExecutor.runScript(TestCaseExecutor.java:448)&#xa;	at com.kms.katalon.core.main.TestCaseExecutor.doExecute(TestCaseExecutor.java:439)&#xa;	at com.kms.katalon.core.main.TestCaseExecutor.processExecutionPhase(TestCaseExecutor.java:418)&#xa;	at com.kms.katalon.core.main.TestCaseExecutor.accessMainPhase(TestCaseExecutor.java:410)&#xa;	at com.kms.katalon.core.main.TestCaseExecutor.execute(TestCaseExecutor.java:285)&#xa;	at com.kms.katalon.core.common.CommonExecutor.accessTestCaseMainPhase(CommonExecutor.java:65)&#xa;	at com.kms.katalon.core.main.TestSuiteExecutor.accessTestSuiteMainPhase(TestSuiteExecutor.java:150)&#xa;	at com.kms.katalon.core.main.TestSuiteExecutor.execute(TestSuiteExecutor.java:106)&#xa;	at com.kms.katalon.core.main.TestCaseMain.startTestSuite(TestCaseMain.java:180)&#xa;	at com.kms.katalon.core.main.TestCaseMain$startTestSuite$0.call(Unknown Source)&#xa;	at TempTestSuite1761139103004.run(TempTestSuite1761139103004.groovy:35)&#xa;	at java.base/jdk.internal.reflect.NativeMethodAccessorImpl.invoke0(Native Method)&#xa;	at java.base/jdk.internal.reflect.NativeMethodAccessorImpl.invoke(NativeMethodAccessorImpl.java:77)&#xa;	at java.base/jdk.internal.reflect.DelegatingMethodAccessorImpl.invoke(DelegatingMethodAccessorImpl.java:43)&#xa;Caused by: org.openqa.selenium.ElementNotInteractableException: element not interactable&#xa;  (Session info: chrome=141.0.7390.122)&#xa;Build info: version: '3.141.59', revision: 'unknown', time: 'unknown'&#xa;System info: host: 'DC1ADOBLD01', ip: '10.2.20.71', os.name: 'Windows Server 2019', os.arch: 'amd64', os.version: '10.0', java.version: '17.0.7'&#xa;Driver info: com.kms.katalon.selenium.driver.CChromeDriver&#xa;Capabilities {acceptInsecureCerts: false, browserName: chrome, browserVersion: 141.0.7390.122, chrome: {chromedriverVersion: 141.0.7390.122 (b477534e7e1..., userDataDir: C:\Windows\SystemTemp\scope...}, fedcm:accounts: true, goog:chromeOptions: {debuggerAddress: localhost:57796}, javascriptEnabled: true, networkConnectionEnabled: false, pageLoadStrategy: normal, platform: WINDOWS, platformName: WINDOWS, proxy: Proxy(), setWindowRect: true, strictFileInteractability: false, timeouts: {implicit: 0, pageLoad: 300000, script: 30000}, unhandledPromptBehavior: dismiss and notify, webauthn:extension:credBlob: true, webauthn:extension:largeBlob: true, webauthn:extension:minPinLength: true, webauthn:extension:prf: true, webauthn:virtualAuthenticators: true}&#xa;Session ID: 7cc03a72117c8d779dfc87ab3bab39b5&#xa;	at java.base/jdk.internal.reflect.NativeConstructorAccessorImpl.newInstance0(Native Method)&#xa;	at java.base/jdk.internal.reflect.NativeConstructorAccessorImpl.newInstance(NativeConstructorAccessorImpl.java:77)&#xa;	at java.base/jdk.internal.reflect.DelegatingConstructorAccessorImpl.newInstance(DelegatingConstructorAccessorImpl.java:45)&#xa;	at org.openqa.selenium.remote.http.W3CHttpResponseCodec.createException(W3CHttpResponseCodec.java:187)&#xa;	at org.openqa.selenium.remote.http.W3CHttpResponseCodec.decode(W3CHttpResponseCodec.java:122)&#xa;	at org.openqa.selenium.remote.http.W3CHttpResponseCodec.decode(W3CHttpResponseCodec.java:49)&#xa;	at org.openqa.selenium.remote.HttpCommandExecutor.execute(HttpCommandExecutor.java:158)&#xa;	at org.openqa.selenium.remote.service.DriverCommandExecutor.execute(DriverCommandExecutor.java:83)&#xa;	at org.openqa.selenium.remote.RemoteWebDriver.execute(RemoteWebDriver.java:552)&#xa;	at com.kms.katalon.selenium.driver.CChromeDriver.execute(CChromeDriver.java:19)&#xa;	at org.openqa.selenium.remote.RemoteWebElement.execute(RemoteWebElement.java:285)&#xa;	at org.openqa.selenium.remote.RemoteWebElement.click(RemoteWebElement.java:84)&#xa;	at jdk.internal.reflect.GeneratedMethodAccessor20.invoke(Unknown Source)&#xa;	at java.base/jdk.internal.reflect.DelegatingMethodAccessorImpl.invoke(DelegatingMethodAccessorImpl.java:43)&#xa;	at org.openqa.selenium.support.events.EventFiringWebDriver$EventFiringWebElement.lambda$new$0(EventFiringWebDriver.java:404)&#xa;	at jdk.proxy2/jdk.proxy2.$Proxy27.click(Unknown Source)&#xa;	at org.openqa.selenium.support.events.EventFiringWebDriver$EventFiringWebElement.click(EventFiringWebDriver.java:417)&#xa;	at org.openqa.selenium.WebElement$click.call(Unknown Source)&#xa;	at com.kms.katalon.core.webui.keyword.builtin.ClickKeyword.clickUntilSuccessWithTimeout(ClickKeyword.groovy:81)&#xa;	at com.kms.katalon.core.webui.keyword.builtin.ClickKeyword.clickUntilSuccessWithTimeout(ClickKeyword.groovy)&#xa;	at jdk.internal.reflect.GeneratedMethodAccessor18.invoke(Unknown Source)&#xa;	at java.base/jdk.internal.reflect.DelegatingMethodAccessorImpl.invoke(DelegatingMethodAccessorImpl.java:43)&#xa;	at com.kms.katalon.core.webui.keyword.builtin.ClickKeyword$_click_closure1.doCall(ClickKeyword.groovy:67)&#xa;	at com.kms.katalon.core.webui.keyword.builtin.ClickKeyword$_click_closure1.call(ClickKeyword.groovy)&#xa;	at com.kms.katalon.core.webui.keyword.internal.WebUIKeywordMain.runKeyword(WebUIKeywordMain.groovy:35)&#xa;	... 22 more&#xa;"/>
         <system-out><![CDATA[22-10-2025T10:57:17 - [TEST_CASE][FAILED] - Test Cases/TripFocus/SPG/SPG - Templates/Verify Add Product Cancel Button: Test Cases/TripFocus/SPG/SPG - Templates/Verify Add Product Cancel Button FAILED.
Reason:
com.kms.katalon.core.exception.StepFailedException: Unable to click on object 'Object Repository/TripFocus/Order Templates/Add_Products_Close_btn'
	at com.kms.katalon.core.webui.keyword.internal.WebUIKeywordMain.stepFailed(WebUIKeywordMain.groovy:117)
	at com.kms.katalon.core.webui.keyword.internal.WebUIKeywordMain.runKeyword(WebUIKeywordMain.groovy:43)
	at com.kms.katalon.core.webui.keyword.builtin.ClickKeyword.click(ClickKeyword.groovy:74)
	at com.kms.katalon.core.webui.keyword.builtin.ClickKeyword.execute(ClickKeyword.groovy:40)
	at com.kms.katalon.core.keyword.internal.KeywordExecutor.executeKeywordForPlatform(KeywordExecutor.groovy:74)
	at com.kms.katalon.core.webui.keyword.WebUiBuiltInKeywords.click(WebUiBuiltInKeywords.groovy:647)
	at com.kms.katalon.core.webui.keyword.WebUiBuiltInKeywords$click$10.call(Unknown Source)
	at Verify Add Product Cancel Button.run(Verify Add Product Cancel Button:68)
	at com.kms.katalon.core.main.ScriptEngine.run(ScriptEngine.java:194)
	at com.kms.katalon.core.main.ScriptEngine.runScriptAsRawText(ScriptEngine.java:119)
	at com.kms.katalon.core.main.TestCaseExecutor.runScript(TestCaseExecutor.java:448)
	at com.kms.katalon.core.main.TestCaseExecutor.doExecute(TestCaseExecutor.java:439)
	at com.kms.katalon.core.main.TestCaseExecutor.processExecutionPhase(TestCaseExecutor.java:418)
	at com.kms.katalon.core.main.TestCaseExecutor.accessMainPhase(TestCaseExecutor.java:410)
	at com.kms.katalon.core.main.TestCaseExecutor.execute(TestCaseExecutor.java:285)
	at com.kms.katalon.core.common.CommonExecutor.accessTestCaseMainPhase(CommonExecutor.java:65)
	at com.kms.katalon.core.main.TestSuiteExecutor.accessTestSuiteMainPhase(TestSuiteExecutor.java:150)
	at com.kms.katalon.core.main.TestSuiteExecutor.execute(TestSuiteExecutor.java:106)
	at com.kms.katalon.core.main.TestCaseMain.startTestSuite(TestCaseMain.java:180)
	at com.kms.katalon.core.main.TestCaseMain$startTestSuite$0.call(Unknown Source)
	at TempTestSuite1761139103004.run(TempTestSuite1761139103004.groovy:35)
	at java.base/jdk.internal.reflect.NativeMethodAccessorImpl.invoke0(Native Method)
	at java.base/jdk.internal.reflect.NativeMethodAccessorImpl.invoke(NativeMethodAccessorImpl.java:77)
	at java.base/jdk.internal.reflect.DelegatingMethodAccessorImpl.invoke(DelegatingMethodAccessorImpl.java:43)
Caused by: org.openqa.selenium.ElementNotInteractableException: element not interactable
  (Session info: chrome=141.0.7390.122)
Build info: version: '3.141.59', revision: 'unknown', time: 'unknown'
System info: host: 'DC1ADOBLD01', ip: '10.2.20.71', os.name: 'Windows Server 2019', os.arch: 'amd64', os.version: '10.0', java.version: '17.0.7'
Driver info: com.kms.katalon.selenium.driver.CChromeDriver
Capabilities {acceptInsecureCerts: false, browserName: chrome, browserVersion: 141.0.7390.122, chrome: {chromedriverVersion: 141.0.7390.122 (b477534e7e1..., userDataDir: C:\Windows\SystemTemp\scope...}, fedcm:accounts: true, goog:chromeOptions: {debuggerAddress: localhost:57796}, javascriptEnabled: true, networkConnectionEnabled: false, pageLoadStrategy: normal, platform: WINDOWS, platformName: WINDOWS, proxy: Proxy(), setWindowRect: true, strictFileInteractability: false, timeouts: {implicit: 0, pageLoad: 300000, script: 30000}, unhandledPromptBehavior: dismiss and notify, webauthn:extension:credBlob: true, webauthn:extension:largeBlob: true, webauthn:extension:minPinLength: true, webauthn:extension:prf: true, webauthn:virtualAuthenticators: true}
Session ID: 7cc03a72117c8d779dfc87ab3bab39b5
	at java.base/jdk.internal.reflect.NativeConstructorAccessorImpl.newInstance0(Native Method)
	at java.base/jdk.internal.reflect.NativeConstructorAccessorImpl.newInstance(NativeConstructorAccessorImpl.java:77)
	at java.base/jdk.internal.reflect.DelegatingConstructorAccessorImpl.newInstance(DelegatingConstructorAccessorImpl.java:45)
	at org.openqa.selenium.remote.http.W3CHttpResponseCodec.createException(W3CHttpResponseCodec.java:187)
	at org.openqa.selenium.remote.http.W3CHttpResponseCodec.decode(W3CHttpResponseCodec.java:122)
	at org.openqa.selenium.remote.http.W3CHttpResponseCodec.decode(W3CHttpResponseCodec.java:49)
	at org.openqa.selenium.remote.HttpCommandExecutor.execute(HttpCommandExecutor.java:158)
	at org.openqa.selenium.remote.service.DriverCommandExecutor.execute(DriverCommandExecutor.java:83)
	at org.openqa.selenium.remote.RemoteWebDriver.execute(RemoteWebDriver.java:552)
	at com.kms.katalon.selenium.driver.CChromeDriver.execute(CChromeDriver.java:19)
	at org.openqa.selenium.remote.RemoteWebElement.execute(RemoteWebElement.java:285)
	at org.openqa.selenium.remote.RemoteWebElement.click(RemoteWebElement.java:84)
	at jdk.internal.reflect.GeneratedMethodAccessor20.invoke(Unknown Source)
	at java.base/jdk.internal.reflect.DelegatingMethodAccessorImpl.invoke(DelegatingMethodAccessorImpl.java:43)
	at org.openqa.selenium.support.events.EventFiringWebDriver$EventFiringWebElement.lambda$new$0(EventFiringWebDriver.java:404)
	at jdk.proxy2/jdk.proxy2.$Proxy27.click(Unknown Source)
	at org.openqa.selenium.support.events.EventFiringWebDriver$EventFiringWebElement.click(EventFiringWebDriver.java:417)
	at org.openqa.selenium.WebElement$click.call(Unknown Source)
	at com.kms.katalon.core.webui.keyword.builtin.ClickKeyword.clickUntilSuccessWithTimeout(ClickKeyword.groovy:81)
	at com.kms.katalon.core.webui.keyword.builtin.ClickKeyword.clickUntilSuccessWithTimeout(ClickKeyword.groovy)
	at jdk.internal.reflect.GeneratedMethodAccessor18.invoke(Unknown Source)
	at java.base/jdk.internal.reflect.DelegatingMethodAccessorImpl.invoke(DelegatingMethodAccessorImpl.java:43)
	at com.kms.katalon.core.webui.keyword.builtin.ClickKeyword$_click_closure1.doCall(ClickKeyword.groovy:67)
	at com.kms.katalon.core.webui.keyword.builtin.ClickKeyword$_click_closure1.call(ClickKeyword.groovy)
	at com.kms.katalon.core.webui.keyword.internal.WebUIKeywordMain.runKeyword(WebUIKeywordMain.groovy:35)
	... 22 more


22-10-2025T10:57:17 - [TEST_STEP][PASSED] - Start listener action : beforeTestCase: null

22-10-2025T10:57:17 - [TEST_STEP][PASSED] - addDefaultPackages(): null

22-10-2025T10:57:17 - [TEST_STEP][PASSED] - openBrowser(""): Browser is opened with url: ''

22-10-2025T10:57:17 - [MESSAGE][WARNING] - A browser is already opened. Closing browser and opening a new one

22-10-2025T10:57:17 - [MESSAGE][INFO] - Starting 'Chrome' driver

22-10-2025T10:57:17 - [MESSAGE][INFO] - User set preference: ['args', '[--no-sandbox, --disable-gpu, --disable-dev-shm-usage]']

22-10-2025T10:57:17 - [MESSAGE][INFO] - Action delay is set to 0 milliseconds

22-10-2025T10:57:18 - [MESSAGE][PASSED] - Browser is opened with url: ''

22-10-2025T10:57:18 - [TEST_STEP][PASSED] - navigateToUrl(TFBaseURL): Navigate to 'https://www.qa.tripfocus.com' successfully

22-10-2025T10:57:19 - [MESSAGE][PASSED] - Navigate to 'https://www.qa.tripfocus.com' successfully

22-10-2025T10:57:19 - [TEST_STEP][PASSED] - maximizeWindow(): Current window maximized

22-10-2025T10:57:19 - [MESSAGE][PASSED] - Current window maximized

22-10-2025T10:57:19 - [TEST_STEP][PASSED] - click(findTestObject("Object Repository/TripFocus/Page_TripFocus/button_Sign in")): Object: 'Object Repository/TripFocus/Page_TripFocus/button_Sign in' is clicked on

22-10-2025T10:57:19 - [MESSAGE][PASSED] - Object: 'Object Repository/TripFocus/Page_TripFocus/button_Sign in' is clicked on

22-10-2025T10:57:19 - [TEST_STEP][PASSED] - setText(findTestObject("Object Repository/TripFocus/Page_TripFocus/input_Username (e.g. email address)_Username"), TripFocusBleachTechSPGUsername): Text 'Ashford.Chenault+BleachtechCustomerSPGONLY@thekag.com' is set on object 'Object Repository/TripFocus/Page_TripFocus/input_Username (e.g. email address)_Username'

22-10-2025T10:57:20 - [MESSAGE][PASSED] - Text 'Ashford.Chenault+BleachtechCustomerSPGONLY@thekag.com' is set on object 'Object Repository/TripFocus/Page_TripFocus/input_Username (e.g. email address)_Username'

22-10-2025T10:57:20 - [TEST_STEP][PASSED] - setText(findTestObject("Object Repository/TripFocus/Page_TripFocus/input_Password_Password"), TripFocusFDGSPGPassword): Text 'CrashBan911!!' is set on object 'Object Repository/TripFocus/Page_TripFocus/input_Password_Password'

22-10-2025T10:57:20 - [MESSAGE][PASSED] - Text 'CrashBan911!!' is set on object 'Object Repository/TripFocus/Page_TripFocus/input_Password_Password'

22-10-2025T10:57:20 - [TEST_STEP][PASSED] - click(findTestObject("Object Repository/TripFocus/Page_TripFocus/button_Login")): Object: 'Object Repository/TripFocus/Page_TripFocus/button_Login' is clicked on

22-10-2025T10:57:20 - [MESSAGE][PASSED] - Object: 'Object Repository/TripFocus/Page_TripFocus/button_Login' is clicked on

22-10-2025T10:57:20 - [TEST_STEP][PASSED] - maximizeWindow(): Current window maximized

22-10-2025T10:57:20 - [MESSAGE][PASSED] - Current window maximized

22-10-2025T10:57:20 - [TEST_STEP][PASSED] - waitForElementVisible(findTestObject("TripFocus/Testing_Notification_btn"), 15, OPTIONAL): Web element with id: 'Object Repository/TripFocus/Testing_Notification_btn' located by '//*[@id="__BVID__10___BV_modal_footer_"]/button' not found

22-10-2025T10:57:36 - [MESSAGE][INFO] - Unable to find the element located by 'By.xpath: //*[@id="__BVID__10___BV_modal_footer_"]/button'. Please recheck the objects properties to make sure the desired element is located. 

22-10-2025T10:57:36 - [MESSAGE][WARNING] - [SELF-HEALING] Failed to find element with id 'Object Repository/TripFocus/Testing_Notification_btn'. Try using Self-healing.

22-10-2025T10:57:37 - [MESSAGE][INFO] - [SELF-HEALING] No working XPath is found.

22-10-2025T10:57:39 - [MESSAGE][INFO] - Unable to find the element located by 'By.xpath: '. Please recheck the objects properties to make sure the desired element is located. 

22-10-2025T10:57:39 - [MESSAGE][WARNING] - [SELF-HEALING] Cannot find elements when the selector is null

22-10-2025T10:57:40 - [MESSAGE][WARNING] - Web element with id: 'Object Repository/TripFocus/Testing_Notification_btn' located by '//*[@id="__BVID__10___BV_modal_footer_"]/button' not found

22-10-2025T10:57:40 - [TEST_STEP][PASSED] - if (verifyElementVisible(findTestObject("TripFocus/Testing_Notification_btn"), OPTIONAL) == true): Web element with id: 'Object Repository/TripFocus/Testing_Notification_btn' located by '//*[@id="__BVID__10___BV_modal_footer_"]/button' not found (Root cause: com.kms.katalon.core.exception.StepFailedException: Web element with id: 'Object Repository/TripFocus/Testing_Notification_btn' located by '//*[@id="__BVID__10___BV_modal_footer_"]/button' not found
	at com.kms.katalon.core.webui.keyword.internal.WebUIKeywordMain.stepFailed(WebUIKeywordMain.groovy:117)
	at com.kms.katalon.core.webui.keyword.builtin.VerifyElementVisibleKeyword$_verifyElementVisible_closure1.doCall(VerifyElementVisibleKeyword.groovy:89)
	at com.kms.katalon.core.webui.keyword.builtin.VerifyElementVisibleKeyword$_verifyElementVisible_closure1.call(VerifyElementVisibleKeyword.groovy)
	at com.kms.katalon.core.webui.keyword.internal.WebUIKeywordMain.runKeyword(WebUIKeywordMain.groovy:35)
	at com.kms.katalon.core.webui.keyword.builtin.VerifyElementVisibleKeyword.verifyElementVisible(VerifyElementVisibleKeyword.groovy:97)
	at com.kms.katalon.core.webui.keyword.builtin.VerifyElementVisibleKeyword.execute(VerifyElementVisibleKeyword.groovy:67)
	at com.kms.katalon.core.keyword.internal.KeywordExecutor.executeKeywordForPlatform(KeywordExecutor.groovy:74)
	at com.kms.katalon.core.webui.keyword.WebUiBuiltInKeywords.verifyElementVisible(WebUiBuiltInKeywords.groovy:401)
	at com.kms.katalon.core.webui.keyword.WebUiBuiltInKeywords$verifyElementVisible$5.call(Unknown Source)
	at Verify Add Product Cancel Button.run(Verify Add Product Cancel Button:40)
	at com.kms.katalon.core.main.ScriptEngine.run(ScriptEngine.java:194)
	at com.kms.katalon.core.main.ScriptEngine.runScriptAsRawText(ScriptEngine.java:119)
	at com.kms.katalon.core.main.TestCaseExecutor.runScript(TestCaseExecutor.java:448)
	at com.kms.katalon.core.main.TestCaseExecutor.doExecute(TestCaseExecutor.java:439)
	at com.kms.katalon.core.main.TestCaseExecutor.processExecutionPhase(TestCaseExecutor.java:418)
	at com.kms.katalon.core.main.TestCaseExecutor.accessMainPhase(TestCaseExecutor.java:410)
	at com.kms.katalon.core.main.TestCaseExecutor.execute(TestCaseExecutor.java:285)
	at com.kms.katalon.core.common.CommonExecutor.accessTestCaseMainPhase(CommonExecutor.java:65)
	at com.kms.katalon.core.main.TestSuiteExecutor.accessTestSuiteMainPhase(TestSuiteExecutor.java:150)
	at com.kms.katalon.core.main.TestSuiteExecutor.execute(TestSuiteExecutor.java:106)
	at com.kms.katalon.core.main.TestCaseMain.startTestSuite(TestCaseMain.java:180)
	at com.kms.katalon.core.main.TestCaseMain$startTestSuite$0.call(Unknown Source)
	at TempTestSuite1761139103004.run(TempTestSuite1761139103004.groovy:35)
	at java.base/jdk.internal.reflect.NativeMethodAccessorImpl.invoke0(Native Method)
	at java.base/jdk.internal.reflect.NativeMethodAccessorImpl.invoke(NativeMethodAccessorImpl.java:77)
	at java.base/jdk.internal.reflect.DelegatingMethodAccessorImpl.invoke(DelegatingMethodAccessorImpl.java:43)
)

22-10-2025T10:57:56 - [MESSAGE][INFO] - Unable to find the element located by 'By.xpath: //*[@id="__BVID__10___BV_modal_footer_"]/button'. Please recheck the objects properties to make sure the desired element is located. 

22-10-2025T10:57:56 - [MESSAGE][WARNING] - [SELF-HEALING] Failed to find element with id 'Object Repository/TripFocus/Testing_Notification_btn'. Try using Self-healing.

22-10-2025T10:57:57 - [MESSAGE][INFO] - [SELF-HEALING] No working XPath is found.

22-10-2025T10:57:59 - [MESSAGE][INFO] - Unable to find the element located by 'By.xpath: '. Please recheck the objects properties to make sure the desired element is located. 

22-10-2025T10:57:59 - [MESSAGE][WARNING] - [SELF-HEALING] Cannot find elements when the selector is null

22-10-2025T10:57:59 - [MESSAGE][WARNING] - Web element with id: 'Object Repository/TripFocus/Testing_Notification_btn' located by '//*[@id="__BVID__10___BV_modal_footer_"]/button' not found (Root cause: com.kms.katalon.core.exception.StepFailedException: Web element with id: 'Object Repository/TripFocus/Testing_Notification_btn' located by '//*[@id="__BVID__10___BV_modal_footer_"]/button' not found
	at com.kms.katalon.core.webui.keyword.internal.WebUIKeywordMain.stepFailed(WebUIKeywordMain.groovy:117)
	at com.kms.katalon.core.webui.keyword.builtin.VerifyElementVisibleKeyword$_verifyElementVisible_closure1.doCall(VerifyElementVisibleKeyword.groovy:89)
	at com.kms.katalon.core.webui.keyword.builtin.VerifyElementVisibleKeyword$_verifyElementVisible_closure1.call(VerifyElementVisibleKeyword.groovy)
	at com.kms.katalon.core.webui.keyword.internal.WebUIKeywordMain.runKeyword(WebUIKeywordMain.groovy:35)
	at com.kms.katalon.core.webui.keyword.builtin.VerifyElementVisibleKeyword.verifyElementVisible(VerifyElementVisibleKeyword.groovy:97)
	at com.kms.katalon.core.webui.keyword.builtin.VerifyElementVisibleKeyword.execute(VerifyElementVisibleKeyword.groovy:67)
	at com.kms.katalon.core.keyword.internal.KeywordExecutor.executeKeywordForPlatform(KeywordExecutor.groovy:74)
	at com.kms.katalon.core.webui.keyword.WebUiBuiltInKeywords.verifyElementVisible(WebUiBuiltInKeywords.groovy:401)
	at com.kms.katalon.core.webui.keyword.WebUiBuiltInKeywords$verifyElementVisible$5.call(Unknown Source)
	at Verify Add Product Cancel Button.run(Verify Add Product Cancel Button:40)
	at com.kms.katalon.core.main.ScriptEngine.run(ScriptEngine.java:194)
	at com.kms.katalon.core.main.ScriptEngine.runScriptAsRawText(ScriptEngine.java:119)
	at com.kms.katalon.core.main.TestCaseExecutor.runScript(TestCaseExecutor.java:448)
	at com.kms.katalon.core.main.TestCaseExecutor.doExecute(TestCaseExecutor.java:439)
	at com.kms.katalon.core.main.TestCaseExecutor.processExecutionPhase(TestCaseExecutor.java:418)
	at com.kms.katalon.core.main.TestCaseExecutor.accessMainPhase(TestCaseExecutor.java:410)
	at com.kms.katalon.core.main.TestCaseExecutor.execute(TestCaseExecutor.java:285)
	at com.kms.katalon.core.common.CommonExecutor.accessTestCaseMainPhase(CommonExecutor.java:65)
	at com.kms.katalon.core.main.TestSuiteExecutor.accessTestSuiteMainPhase(TestSuiteExecutor.java:150)
	at com.kms.katalon.core.main.TestSuiteExecutor.execute(TestSuiteExecutor.java:106)
	at com.kms.katalon.core.main.TestCaseMain.startTestSuite(TestCaseMain.java:180)
	at com.kms.katalon.core.main.TestCaseMain$startTestSuite$0.call(Unknown Source)
	at TempTestSuite1761139103004.run(TempTestSuite1761139103004.groovy:35)
	at java.base/jdk.internal.reflect.NativeMethodAccessorImpl.invoke0(Native Method)
	at java.base/jdk.internal.reflect.NativeMethodAccessorImpl.invoke(NativeMethodAccessorImpl.java:77)
	at java.base/jdk.internal.reflect.DelegatingMethodAccessorImpl.invoke(DelegatingMethodAccessorImpl.java:43)
)

22-10-2025T10:57:59 - [TEST_STEP][PASSED] - click(findTestObject("TripFocus/Order Templates/Order Templates_tab")): Object: 'Object Repository/TripFocus/Order Templates/Order Templates_tab' is clicked on

22-10-2025T10:57:59 - [MESSAGE][PASSED] - Object: 'Object Repository/TripFocus/Order Templates/Order Templates_tab' is clicked on

22-10-2025T10:57:59 - [TEST_STEP][PASSED] - delay(5): Delayed 5 second(s)

22-10-2025T10:58:04 - [MESSAGE][PASSED] - Delayed 5 second(s)

22-10-2025T10:58:04 - [TEST_STEP][PASSED] - click(findTestObject("TripFocus/Order Templates/Create New Template_btn")): Object: 'Object Repository/TripFocus/Order Templates/Create New Template_btn' is clicked on

22-10-2025T10:58:04 - [MESSAGE][PASSED] - Object: 'Object Repository/TripFocus/Order Templates/Create New Template_btn' is clicked on

22-10-2025T10:58:04 - [TEST_STEP][PASSED] - delay(5): Delayed 5 second(s)

22-10-2025T10:58:09 - [MESSAGE][PASSED] - Delayed 5 second(s)

22-10-2025T10:58:09 - [TEST_STEP][PASSED] - click(findTestObject("TripFocus/Sidebar Minimizer")): Object: 'Object Repository/TripFocus/Sidebar Minimizer' is clicked on

22-10-2025T10:58:09 - [MESSAGE][PASSED] - Object: 'Object Repository/TripFocus/Sidebar Minimizer' is clicked on

22-10-2025T10:58:09 - [TEST_STEP][PASSED] - delay(1): Delayed 1 second(s)

22-10-2025T10:58:10 - [MESSAGE][PASSED] - Delayed 1 second(s)

22-10-2025T10:58:10 - [TEST_STEP][PASSED] - verifyElementPresent(findTestObject("TripFocus/Order Templates/Templates_Add_Product_link"), 10): Object 'Object Repository/TripFocus/Order Templates/Templates_Add_Product_link' is present

22-10-2025T10:58:10 - [MESSAGE][PASSED] - Object 'Object Repository/TripFocus/Order Templates/Templates_Add_Product_link' is present

22-10-2025T10:58:10 - [TEST_STEP][PASSED] - verifyElementVisible(findTestObject("TripFocus/Order Templates/Templates_Add_Product_link"), STOP_ON_FAILURE): Object 'Object Repository/TripFocus/Order Templates/Templates_Add_Product_link' is visible

22-10-2025T10:58:10 - [MESSAGE][PASSED] - Object 'Object Repository/TripFocus/Order Templates/Templates_Add_Product_link' is visible

22-10-2025T10:58:10 - [TEST_STEP][PASSED] - click(findTestObject("TripFocus/Order Templates/Templates_Add_Product_link"), STOP_ON_FAILURE): Object: 'Object Repository/TripFocus/Order Templates/Templates_Add_Product_link' is clicked on

22-10-2025T10:58:10 - [MESSAGE][PASSED] - Object: 'Object Repository/TripFocus/Order Templates/Templates_Add_Product_link' is clicked on

22-10-2025T10:58:10 - [TEST_STEP][PASSED] - verifyElementPresent(findTestObject("TripFocus/Order Templates/Add_Products_Close_btn"), 10): Object 'Object Repository/TripFocus/Order Templates/Add_Products_Close_btn' is present

22-10-2025T10:58:10 - [MESSAGE][PASSED] - Object 'Object Repository/TripFocus/Order Templates/Add_Products_Close_btn' is present

22-10-2025T10:58:10 - [TEST_STEP][FAILED] - click(findTestObject("TripFocus/Order Templates/Add_Products_Close_btn"), STOP_ON_FAILURE): Unable to click on object 'Object Repository/TripFocus/Order Templates/Add_Products_Close_btn' (Root cause: com.kms.katalon.core.exception.StepFailedException: Unable to click on object 'Object Repository/TripFocus/Order Templates/Add_Products_Close_btn'
	at com.kms.katalon.core.webui.keyword.internal.WebUIKeywordMain.stepFailed(WebUIKeywordMain.groovy:117)
	at com.kms.katalon.core.webui.keyword.internal.WebUIKeywordMain.runKeyword(WebUIKeywordMain.groovy:43)
	at com.kms.katalon.core.webui.keyword.builtin.ClickKeyword.click(ClickKeyword.groovy:74)
	at com.kms.katalon.core.webui.keyword.builtin.ClickKeyword.execute(ClickKeyword.groovy:40)
	at com.kms.katalon.core.keyword.internal.KeywordExecutor.executeKeywordForPlatform(KeywordExecutor.groovy:74)
	at com.kms.katalon.core.webui.keyword.WebUiBuiltInKeywords.click(WebUiBuiltInKeywords.groovy:647)
	at com.kms.katalon.core.webui.keyword.WebUiBuiltInKeywords$click$10.call(Unknown Source)
	at Verify Add Product Cancel Button.run(Verify Add Product Cancel Button:68)
	at com.kms.katalon.core.main.ScriptEngine.run(ScriptEngine.java:194)
	at com.kms.katalon.core.main.ScriptEngine.runScriptAsRawText(ScriptEngine.java:119)
	at com.kms.katalon.core.main.TestCaseExecutor.runScript(TestCaseExecutor.java:448)
	at com.kms.katalon.core.main.TestCaseExecutor.doExecute(TestCaseExecutor.java:439)
	at com.kms.katalon.core.main.TestCaseExecutor.processExecutionPhase(TestCaseExecutor.java:418)
	at com.kms.katalon.core.main.TestCaseExecutor.accessMainPhase(TestCaseExecutor.java:410)
	at com.kms.katalon.core.main.TestCaseExecutor.execute(TestCaseExecutor.java:285)
	at com.kms.katalon.core.common.CommonExecutor.accessTestCaseMainPhase(CommonExecutor.java:65)
	at com.kms.katalon.core.main.TestSuiteExecutor.accessTestSuiteMainPhase(TestSuiteExecutor.java:150)
	at com.kms.katalon.core.main.TestSuiteExecutor.execute(TestSuiteExecutor.java:106)
	at com.kms.katalon.core.main.TestCaseMain.startTestSuite(TestCaseMain.java:180)
	at com.kms.katalon.core.main.TestCaseMain$startTestSuite$0.call(Unknown Source)
	at TempTestSuite1761139103004.run(TempTestSuite1761139103004.groovy:35)
	at java.base/jdk.internal.reflect.NativeMethodAccessorImpl.invoke0(Native Method)
	at java.base/jdk.internal.reflect.NativeMethodAccessorImpl.invoke(NativeMethodAccessorImpl.java:77)
	at java.base/jdk.internal.reflect.DelegatingMethodAccessorImpl.invoke(DelegatingMethodAccessorImpl.java:43)
Caused by: org.openqa.selenium.ElementNotInteractableException: element not interactable
  (Session info: chrome=141.0.7390.122)
Build info: version: '3.141.59', revision: 'unknown', time: 'unknown'
System info: host: 'DC1ADOBLD01', ip: '10.2.20.71', os.name: 'Windows Server 2019', os.arch: 'amd64', os.version: '10.0', java.version: '17.0.7'
Driver info: com.kms.katalon.selenium.driver.CChromeDriver
Capabilities {acceptInsecureCerts: false, browserName: chrome, browserVersion: 141.0.7390.122, chrome: {chromedriverVersion: 141.0.7390.122 (b477534e7e1..., userDataDir: C:\Windows\SystemTemp\scope...}, fedcm:accounts: true, goog:chromeOptions: {debuggerAddress: localhost:57796}, javascriptEnabled: true, networkConnectionEnabled: false, pageLoadStrategy: normal, platform: WINDOWS, platformName: WINDOWS, proxy: Proxy(), setWindowRect: true, strictFileInteractability: false, timeouts: {implicit: 0, pageLoad: 300000, script: 30000}, unhandledPromptBehavior: dismiss and notify, webauthn:extension:credBlob: true, webauthn:extension:largeBlob: true, webauthn:extension:minPinLength: true, webauthn:extension:prf: true, webauthn:virtualAuthenticators: true}
Session ID: 7cc03a72117c8d779dfc87ab3bab39b5
	at java.base/jdk.internal.reflect.NativeConstructorAccessorImpl.newInstance0(Native Method)
	at java.base/jdk.internal.reflect.NativeConstructorAccessorImpl.newInstance(NativeConstructorAccessorImpl.java:77)
	at java.base/jdk.internal.reflect.DelegatingConstructorAccessorImpl.newInstance(DelegatingConstructorAccessorImpl.java:45)
	at org.openqa.selenium.remote.http.W3CHttpResponseCodec.createException(W3CHttpResponseCodec.java:187)
	at org.openqa.selenium.remote.http.W3CHttpResponseCodec.decode(W3CHttpResponseCodec.java:122)
	at org.openqa.selenium.remote.http.W3CHttpResponseCodec.decode(W3CHttpResponseCodec.java:49)
	at org.openqa.selenium.remote.HttpCommandExecutor.execute(HttpCommandExecutor.java:158)
	at org.openqa.selenium.remote.service.DriverCommandExecutor.execute(DriverCommandExecutor.java:83)
	at org.openqa.selenium.remote.RemoteWebDriver.execute(RemoteWebDriver.java:552)
	at com.kms.katalon.selenium.driver.CChromeDriver.execute(CChromeDriver.java:19)
	at org.openqa.selenium.remote.RemoteWebElement.execute(RemoteWebElement.java:285)
	at org.openqa.selenium.remote.RemoteWebElement.click(RemoteWebElement.java:84)
	at jdk.internal.reflect.GeneratedMethodAccessor20.invoke(Unknown Source)
	at java.base/jdk.internal.reflect.DelegatingMethodAccessorImpl.invoke(DelegatingMethodAccessorImpl.java:43)
	at org.openqa.selenium.support.events.EventFiringWebDriver$EventFiringWebElement.lambda$new$0(EventFiringWebDriver.java:404)
	at jdk.proxy2/jdk.proxy2.$Proxy27.click(Unknown Source)
	at org.openqa.selenium.support.events.EventFiringWebDriver$EventFiringWebElement.click(EventFiringWebDriver.java:417)
	at org.openqa.selenium.WebElement$click.call(Unknown Source)
	at com.kms.katalon.core.webui.keyword.builtin.ClickKeyword.clickUntilSuccessWithTimeout(ClickKeyword.groovy:81)
	at com.kms.katalon.core.webui.keyword.builtin.ClickKeyword.clickUntilSuccessWithTimeout(ClickKeyword.groovy)
	at jdk.internal.reflect.GeneratedMethodAccessor18.invoke(Unknown Source)
	at java.base/jdk.internal.reflect.DelegatingMethodAccessorImpl.invoke(DelegatingMethodAccessorImpl.java:43)
	at com.kms.katalon.core.webui.keyword.builtin.ClickKeyword$_click_closure1.doCall(ClickKeyword.groovy:67)
	at com.kms.katalon.core.webui.keyword.builtin.ClickKeyword$_click_closure1.call(ClickKeyword.groovy)
	at com.kms.katalon.core.webui.keyword.internal.WebUIKeywordMain.runKeyword(WebUIKeywordMain.groovy:35)
	at com.kms.katalon.core.webui.keyword.builtin.ClickKeyword.click(ClickKeyword.groovy:74)
	at com.kms.katalon.core.webui.keyword.builtin.ClickKeyword.execute(ClickKeyword.groovy:40)
	at com.kms.katalon.core.keyword.internal.KeywordExecutor.executeKeywordForPlatform(KeywordExecutor.groovy:74)
	at com.kms.katalon.core.webui.keyword.WebUiBuiltInKeywords.click(WebUiBuiltInKeywords.groovy:647)
	at com.kms.katalon.core.webui.keyword.WebUiBuiltInKeywords$click$10.call(Unknown Source)
	at Script1745596400590.run(Script1745596400590.groovy:68)
	... 16 more
)

22-10-2025T10:58:10 - [MESSAGE][FAILED] - Unable to click on object 'Object Repository/TripFocus/Order Templates/Add_Products_Close_btn' (Root cause: com.kms.katalon.core.exception.StepFailedException: Unable to click on object 'Object Repository/TripFocus/Order Templates/Add_Products_Close_btn'
	at com.kms.katalon.core.webui.keyword.internal.WebUIKeywordMain.stepFailed(WebUIKeywordMain.groovy:117)
	at com.kms.katalon.core.webui.keyword.internal.WebUIKeywordMain.runKeyword(WebUIKeywordMain.groovy:43)
	at com.kms.katalon.core.webui.keyword.builtin.ClickKeyword.click(ClickKeyword.groovy:74)
	at com.kms.katalon.core.webui.keyword.builtin.ClickKeyword.execute(ClickKeyword.groovy:40)
	at com.kms.katalon.core.keyword.internal.KeywordExecutor.executeKeywordForPlatform(KeywordExecutor.groovy:74)
	at com.kms.katalon.core.webui.keyword.WebUiBuiltInKeywords.click(WebUiBuiltInKeywords.groovy:647)
	at com.kms.katalon.core.webui.keyword.WebUiBuiltInKeywords$click$10.call(Unknown Source)
	at Verify Add Product Cancel Button.run(Verify Add Product Cancel Button:68)
	at com.kms.katalon.core.main.ScriptEngine.run(ScriptEngine.java:194)
	at com.kms.katalon.core.main.ScriptEngine.runScriptAsRawText(ScriptEngine.java:119)
	at com.kms.katalon.core.main.TestCaseExecutor.runScript(TestCaseExecutor.java:448)
	at com.kms.katalon.core.main.TestCaseExecutor.doExecute(TestCaseExecutor.java:439)
	at com.kms.katalon.core.main.TestCaseExecutor.processExecutionPhase(TestCaseExecutor.java:418)
	at com.kms.katalon.core.main.TestCaseExecutor.accessMainPhase(TestCaseExecutor.java:410)
	at com.kms.katalon.core.main.TestCaseExecutor.execute(TestCaseExecutor.java:285)
	at com.kms.katalon.core.common.CommonExecutor.accessTestCaseMainPhase(CommonExecutor.java:65)
	at com.kms.katalon.core.main.TestSuiteExecutor.accessTestSuiteMainPhase(TestSuiteExecutor.java:150)
	at com.kms.katalon.core.main.TestSuiteExecutor.execute(TestSuiteExecutor.java:106)
	at com.kms.katalon.core.main.TestCaseMain.startTestSuite(TestCaseMain.java:180)
	at com.kms.katalon.core.main.TestCaseMain$startTestSuite$0.call(Unknown Source)
	at TempTestSuite1761139103004.run(TempTestSuite1761139103004.groovy:35)
	at java.base/jdk.internal.reflect.NativeMethodAccessorImpl.invoke0(Native Method)
	at java.base/jdk.internal.reflect.NativeMethodAccessorImpl.invoke(NativeMethodAccessorImpl.java:77)
	at java.base/jdk.internal.reflect.DelegatingMethodAccessorImpl.invoke(DelegatingMethodAccessorImpl.java:43)
Caused by: org.openqa.selenium.ElementNotInteractableException: element not interactable
  (Session info: chrome=141.0.7390.122)
Build info: version: '3.141.59', revision: 'unknown', time: 'unknown'
System info: host: 'DC1ADOBLD01', ip: '10.2.20.71', os.name: 'Windows Server 2019', os.arch: 'amd64', os.version: '10.0', java.version: '17.0.7'
Driver info: com.kms.katalon.selenium.driver.CChromeDriver
Capabilities {acceptInsecureCerts: false, browserName: chrome, browserVersion: 141.0.7390.122, chrome: {chromedriverVersion: 141.0.7390.122 (b477534e7e1..., userDataDir: C:\Windows\SystemTemp\scope...}, fedcm:accounts: true, goog:chromeOptions: {debuggerAddress: localhost:57796}, javascriptEnabled: true, networkConnectionEnabled: false, pageLoadStrategy: normal, platform: WINDOWS, platformName: WINDOWS, proxy: Proxy(), setWindowRect: true, strictFileInteractability: false, timeouts: {implicit: 0, pageLoad: 300000, script: 30000}, unhandledPromptBehavior: dismiss and notify, webauthn:extension:credBlob: true, webauthn:extension:largeBlob: true, webauthn:extension:minPinLength: true, webauthn:extension:prf: true, webauthn:virtualAuthenticators: true}
Session ID: 7cc03a72117c8d779dfc87ab3bab39b5
	at java.base/jdk.internal.reflect.NativeConstructorAccessorImpl.newInstance0(Native Method)
	at java.base/jdk.internal.reflect.NativeConstructorAccessorImpl.newInstance(NativeConstructorAccessorImpl.java:77)
	at java.base/jdk.internal.reflect.DelegatingConstructorAccessorImpl.newInstance(DelegatingConstructorAccessorImpl.java:45)
	at org.openqa.selenium.remote.http.W3CHttpResponseCodec.createException(W3CHttpResponseCodec.java:187)
	at org.openqa.selenium.remote.http.W3CHttpResponseCodec.decode(W3CHttpResponseCodec.java:122)
	at org.openqa.selenium.remote.http.W3CHttpResponseCodec.decode(W3CHttpResponseCodec.java:49)
	at org.openqa.selenium.remote.HttpCommandExecutor.execute(HttpCommandExecutor.java:158)
	at org.openqa.selenium.remote.service.DriverCommandExecutor.execute(DriverCommandExecutor.java:83)
	at org.openqa.selenium.remote.RemoteWebDriver.execute(RemoteWebDriver.java:552)
	at com.kms.katalon.selenium.driver.CChromeDriver.execute(CChromeDriver.java:19)
	at org.openqa.selenium.remote.RemoteWebElement.execute(RemoteWebElement.java:285)
	at org.openqa.selenium.remote.RemoteWebElement.click(RemoteWebElement.java:84)
	at jdk.internal.reflect.GeneratedMethodAccessor20.invoke(Unknown Source)
	at java.base/jdk.internal.reflect.DelegatingMethodAccessorImpl.invoke(DelegatingMethodAccessorImpl.java:43)
	at org.openqa.selenium.support.events.EventFiringWebDriver$EventFiringWebElement.lambda$new$0(EventFiringWebDriver.java:404)
	at jdk.proxy2/jdk.proxy2.$Proxy27.click(Unknown Source)
	at org.openqa.selenium.support.events.EventFiringWebDriver$EventFiringWebElement.click(EventFiringWebDriver.java:417)
	at org.openqa.selenium.WebElement$click.call(Unknown Source)
	at com.kms.katalon.core.webui.keyword.builtin.ClickKeyword.clickUntilSuccessWithTimeout(ClickKeyword.groovy:81)
	at com.kms.katalon.core.webui.keyword.builtin.ClickKeyword.clickUntilSuccessWithTimeout(ClickKeyword.groovy)
	at jdk.internal.reflect.GeneratedMethodAccessor18.invoke(Unknown Source)
	at java.base/jdk.internal.reflect.DelegatingMethodAccessorImpl.invoke(DelegatingMethodAccessorImpl.java:43)
	at com.kms.katalon.core.webui.keyword.builtin.ClickKeyword$_click_closure1.doCall(ClickKeyword.groovy:67)
	at com.kms.katalon.core.webui.keyword.builtin.ClickKeyword$_click_closure1.call(ClickKeyword.groovy)
	at com.kms.katalon.core.webui.keyword.internal.WebUIKeywordMain.runKeyword(WebUIKeywordMain.groovy:35)
	at com.kms.katalon.core.webui.keyword.builtin.ClickKeyword.click(ClickKeyword.groovy:74)
	at com.kms.katalon.core.webui.keyword.builtin.ClickKeyword.execute(ClickKeyword.groovy:40)
	at com.kms.katalon.core.keyword.internal.KeywordExecutor.executeKeywordForPlatform(KeywordExecutor.groovy:74)
	at com.kms.katalon.core.webui.keyword.WebUiBuiltInKeywords.click(WebUiBuiltInKeywords.groovy:647)
	at com.kms.katalon.core.webui.keyword.WebUiBuiltInKeywords$click$10.call(Unknown Source)
	at Script1745596400590.run(Script1745596400590.groovy:68)
	... 16 more
)

22-10-2025T10:58:10 - [TEST_STEP][PASSED] - Start listener action : retryOnDisconnect: Current window's url is: 'https://www.qa.tripfocus.com/new-order-template'

22-10-2025T10:58:10 - [TEST_STEP][PASSED] - tcId = testCaseContext.getTestCaseId(): null

22-10-2025T10:58:10 - [TEST_STEP][PASSED] - currentRetry = retryCounts.getOrDefault(tcId, 0): null

22-10-2025T10:58:10 - [TEST_STEP][PASSED] - if (testCaseContext.getTestCaseStatus() == "FAILED" && currentRetry < MAX_RETRIES): Current window's url is: 'https://www.qa.tripfocus.com/new-order-template'

22-10-2025T10:58:10 - [TEST_STEP][PASSED] - try: Current window's url is: 'https://www.qa.tripfocus.com/new-order-template'

22-10-2025T10:58:10 - [TEST_STEP][PASSED] - comment(Checking for WebDriver disconnect for test case: $tcId): Checking for WebDriver disconnect for test case: Test Cases/TripFocus/SPG/SPG - Templates/Verify Add Product Cancel Button

22-10-2025T10:58:10 - [MESSAGE][INFO] - Checking for WebDriver disconnect for test case: Test Cases/TripFocus/SPG/SPG - Templates/Verify Add Product Cancel Button

22-10-2025T10:58:10 - [TEST_STEP][PASSED] - getUrl(): Current window's url is: 'https://www.qa.tripfocus.com/new-order-template'

22-10-2025T10:58:10 - [MESSAGE][PASSED] - Current window's url is: 'https://www.qa.tripfocus.com/new-order-template']]></system-out>
         <system-err><![CDATA[22-10-2025T10:57:17 - [TEST_CASE][FAILED] - Test Cases/TripFocus/SPG/SPG - Templates/Verify Add Product Cancel Button: Test Cases/TripFocus/SPG/SPG - Templates/Verify Add Product Cancel Button FAILED.
Reason:
com.kms.katalon.core.exception.StepFailedException: Unable to click on object 'Object Repository/TripFocus/Order Templates/Add_Products_Close_btn'
	at com.kms.katalon.core.webui.keyword.internal.WebUIKeywordMain.stepFailed(WebUIKeywordMain.groovy:117)
	at com.kms.katalon.core.webui.keyword.internal.WebUIKeywordMain.runKeyword(WebUIKeywordMain.groovy:43)
	at com.kms.katalon.core.webui.keyword.builtin.ClickKeyword.click(ClickKeyword.groovy:74)
	at com.kms.katalon.core.webui.keyword.builtin.ClickKeyword.execute(ClickKeyword.groovy:40)
	at com.kms.katalon.core.keyword.internal.KeywordExecutor.executeKeywordForPlatform(KeywordExecutor.groovy:74)
	at com.kms.katalon.core.webui.keyword.WebUiBuiltInKeywords.click(WebUiBuiltInKeywords.groovy:647)
	at com.kms.katalon.core.webui.keyword.WebUiBuiltInKeywords$click$10.call(Unknown Source)
	at Verify Add Product Cancel Button.run(Verify Add Product Cancel Button:68)
	at com.kms.katalon.core.main.ScriptEngine.run(ScriptEngine.java:194)
	at com.kms.katalon.core.main.ScriptEngine.runScriptAsRawText(ScriptEngine.java:119)
	at com.kms.katalon.core.main.TestCaseExecutor.runScript(TestCaseExecutor.java:448)
	at com.kms.katalon.core.main.TestCaseExecutor.doExecute(TestCaseExecutor.java:439)
	at com.kms.katalon.core.main.TestCaseExecutor.processExecutionPhase(TestCaseExecutor.java:418)
	at com.kms.katalon.core.main.TestCaseExecutor.accessMainPhase(TestCaseExecutor.java:410)
	at com.kms.katalon.core.main.TestCaseExecutor.execute(TestCaseExecutor.java:285)
	at com.kms.katalon.core.common.CommonExecutor.accessTestCaseMainPhase(CommonExecutor.java:65)
	at com.kms.katalon.core.main.TestSuiteExecutor.accessTestSuiteMainPhase(TestSuiteExecutor.java:150)
	at com.kms.katalon.core.main.TestSuiteExecutor.execute(TestSuiteExecutor.java:106)
	at com.kms.katalon.core.main.TestCaseMain.startTestSuite(TestCaseMain.java:180)
	at com.kms.katalon.core.main.TestCaseMain$startTestSuite$0.call(Unknown Source)
	at TempTestSuite1761139103004.run(TempTestSuite1761139103004.groovy:35)
	at java.base/jdk.internal.reflect.NativeMethodAccessorImpl.invoke0(Native Method)
	at java.base/jdk.internal.reflect.NativeMethodAccessorImpl.invoke(NativeMethodAccessorImpl.java:77)
	at java.base/jdk.internal.reflect.DelegatingMethodAccessorImpl.invoke(DelegatingMethodAccessorImpl.java:43)
Caused by: org.openqa.selenium.ElementNotInteractableException: element not interactable
  (Session info: chrome=141.0.7390.122)
Build info: version: '3.141.59', revision: 'unknown', time: 'unknown'
System info: host: 'DC1ADOBLD01', ip: '10.2.20.71', os.name: 'Windows Server 2019', os.arch: 'amd64', os.version: '10.0', java.version: '17.0.7'
Driver info: com.kms.katalon.selenium.driver.CChromeDriver
Capabilities {acceptInsecureCerts: false, browserName: chrome, browserVersion: 141.0.7390.122, chrome: {chromedriverVersion: 141.0.7390.122 (b477534e7e1..., userDataDir: C:\Windows\SystemTemp\scope...}, fedcm:accounts: true, goog:chromeOptions: {debuggerAddress: localhost:57796}, javascriptEnabled: true, networkConnectionEnabled: false, pageLoadStrategy: normal, platform: WINDOWS, platformName: WINDOWS, proxy: Proxy(), setWindowRect: true, strictFileInteractability: false, timeouts: {implicit: 0, pageLoad: 300000, script: 30000}, unhandledPromptBehavior: dismiss and notify, webauthn:extension:credBlob: true, webauthn:extension:largeBlob: true, webauthn:extension:minPinLength: true, webauthn:extension:prf: true, webauthn:virtualAuthenticators: true}
Session ID: 7cc03a72117c8d779dfc87ab3bab39b5
	at java.base/jdk.internal.reflect.NativeConstructorAccessorImpl.newInstance0(Native Method)
	at java.base/jdk.internal.reflect.NativeConstructorAccessorImpl.newInstance(NativeConstructorAccessorImpl.java:77)
	at java.base/jdk.internal.reflect.DelegatingConstructorAccessorImpl.newInstance(DelegatingConstructorAccessorImpl.java:45)
	at org.openqa.selenium.remote.http.W3CHttpResponseCodec.createException(W3CHttpResponseCodec.java:187)
	at org.openqa.selenium.remote.http.W3CHttpResponseCodec.decode(W3CHttpResponseCodec.java:122)
	at org.openqa.selenium.remote.http.W3CHttpResponseCodec.decode(W3CHttpResponseCodec.java:49)
	at org.openqa.selenium.remote.HttpCommandExecutor.execute(HttpCommandExecutor.java:158)
	at org.openqa.selenium.remote.service.DriverCommandExecutor.execute(DriverCommandExecutor.java:83)
	at org.openqa.selenium.remote.RemoteWebDriver.execute(RemoteWebDriver.java:552)
	at com.kms.katalon.selenium.driver.CChromeDriver.execute(CChromeDriver.java:19)
	at org.openqa.selenium.remote.RemoteWebElement.execute(RemoteWebElement.java:285)
	at org.openqa.selenium.remote.RemoteWebElement.click(RemoteWebElement.java:84)
	at jdk.internal.reflect.GeneratedMethodAccessor20.invoke(Unknown Source)
	at java.base/jdk.internal.reflect.DelegatingMethodAccessorImpl.invoke(DelegatingMethodAccessorImpl.java:43)
	at org.openqa.selenium.support.events.EventFiringWebDriver$EventFiringWebElement.lambda$new$0(EventFiringWebDriver.java:404)
	at jdk.proxy2/jdk.proxy2.$Proxy27.click(Unknown Source)
	at org.openqa.selenium.support.events.EventFiringWebDriver$EventFiringWebElement.click(EventFiringWebDriver.java:417)
	at org.openqa.selenium.WebElement$click.call(Unknown Source)
	at com.kms.katalon.core.webui.keyword.builtin.ClickKeyword.clickUntilSuccessWithTimeout(ClickKeyword.groovy:81)
	at com.kms.katalon.core.webui.keyword.builtin.ClickKeyword.clickUntilSuccessWithTimeout(ClickKeyword.groovy)
	at jdk.internal.reflect.GeneratedMethodAccessor18.invoke(Unknown Source)
	at java.base/jdk.internal.reflect.DelegatingMethodAccessorImpl.invoke(DelegatingMethodAccessorImpl.java:43)
	at com.kms.katalon.core.webui.keyword.builtin.ClickKeyword$_click_closure1.doCall(ClickKeyword.groovy:67)
	at com.kms.katalon.core.webui.keyword.builtin.ClickKeyword$_click_closure1.call(ClickKeyword.groovy)
	at com.kms.katalon.core.webui.keyword.internal.WebUIKeywordMain.runKeyword(WebUIKeywordMain.groovy:35)
	... 22 more]]></system-err>
      </testcase>
      <testcase name="Test Cases/TripFocus/SPG/SPG - Templates/Verify Add Product Commodity Dropdown" time="64.295" classname="Test Cases/TripFocus/SPG/SPG - Templates/Verify Add Product Commodity Dropdown" status="PASSED">
         <system-out><![CDATA[22-10-2025T10:58:10 - [TEST_CASE][PASSED] - Test Cases/TripFocus/SPG/SPG - Templates/Verify Add Product Commodity Dropdown: Test Cases/TripFocus/SPG/SPG - Templates/Verify Add Product Commodity Dropdown

22-10-2025T10:58:10 - [TEST_STEP][PASSED] - Start listener action : beforeTestCase: null

22-10-2025T10:58:10 - [TEST_STEP][PASSED] - addDefaultPackages(): null

22-10-2025T10:58:10 - [TEST_STEP][PASSED] - openBrowser(""): Browser is opened with url: ''

22-10-2025T10:58:10 - [MESSAGE][WARNING] - A browser is already opened. Closing browser and opening a new one

22-10-2025T10:58:11 - [MESSAGE][INFO] - Starting 'Chrome' driver

22-10-2025T10:58:11 - [MESSAGE][INFO] - User set preference: ['args', '[--no-sandbox, --disable-gpu, --disable-dev-shm-usage]']

22-10-2025T10:58:11 - [MESSAGE][INFO] - Action delay is set to 0 milliseconds

22-10-2025T10:58:11 - [MESSAGE][PASSED] - Browser is opened with url: ''

22-10-2025T10:58:11 - [TEST_STEP][PASSED] - navigateToUrl(TFBaseURL): Navigate to 'https://www.qa.tripfocus.com' successfully

22-10-2025T10:58:12 - [MESSAGE][PASSED] - Navigate to 'https://www.qa.tripfocus.com' successfully

22-10-2025T10:58:12 - [TEST_STEP][PASSED] - maximizeWindow(): Current window maximized

22-10-2025T10:58:12 - [MESSAGE][PASSED] - Current window maximized

22-10-2025T10:58:12 - [TEST_STEP][PASSED] - click(findTestObject("Object Repository/TripFocus/Page_TripFocus/button_Sign in")): Object: 'Object Repository/TripFocus/Page_TripFocus/button_Sign in' is clicked on

22-10-2025T10:58:12 - [MESSAGE][PASSED] - Object: 'Object Repository/TripFocus/Page_TripFocus/button_Sign in' is clicked on

22-10-2025T10:58:12 - [TEST_STEP][PASSED] - setText(findTestObject("Object Repository/TripFocus/Page_TripFocus/input_Username (e.g. email address)_Username"), TripFocusBleachTechSPGUsername): Text 'Ashford.Chenault+BleachtechCustomerSPGONLY@thekag.com' is set on object 'Object Repository/TripFocus/Page_TripFocus/input_Username (e.g. email address)_Username'

22-10-2025T10:58:13 - [MESSAGE][PASSED] - Text 'Ashford.Chenault+BleachtechCustomerSPGONLY@thekag.com' is set on object 'Object Repository/TripFocus/Page_TripFocus/input_Username (e.g. email address)_Username'

22-10-2025T10:58:13 - [TEST_STEP][PASSED] - setText(findTestObject("Object Repository/TripFocus/Page_TripFocus/input_Password_Password"), TripFocusFDGSPGPassword): Text 'CrashBan911!!' is set on object 'Object Repository/TripFocus/Page_TripFocus/input_Password_Password'

22-10-2025T10:58:13 - [MESSAGE][PASSED] - Text 'CrashBan911!!' is set on object 'Object Repository/TripFocus/Page_TripFocus/input_Password_Password'

22-10-2025T10:58:13 - [TEST_STEP][PASSED] - click(findTestObject("Object Repository/TripFocus/Page_TripFocus/button_Login")): Object: 'Object Repository/TripFocus/Page_TripFocus/button_Login' is clicked on

22-10-2025T10:58:13 - [MESSAGE][PASSED] - Object: 'Object Repository/TripFocus/Page_TripFocus/button_Login' is clicked on

22-10-2025T10:58:13 - [TEST_STEP][PASSED] - maximizeWindow(): Current window maximized

22-10-2025T10:58:14 - [MESSAGE][PASSED] - Current window maximized

22-10-2025T10:58:14 - [TEST_STEP][PASSED] - waitForElementVisible(findTestObject("TripFocus/Testing_Notification_btn"), 15, OPTIONAL): Web element with id: 'Object Repository/TripFocus/Testing_Notification_btn' located by '//*[@id="__BVID__10___BV_modal_footer_"]/button' not found

22-10-2025T10:58:30 - [MESSAGE][INFO] - Unable to find the element located by 'By.xpath: //*[@id="__BVID__10___BV_modal_footer_"]/button'. Please recheck the objects properties to make sure the desired element is located. 

22-10-2025T10:58:30 - [MESSAGE][WARNING] - [SELF-HEALING] Failed to find element with id 'Object Repository/TripFocus/Testing_Notification_btn'. Try using Self-healing.

22-10-2025T10:58:31 - [MESSAGE][INFO] - [SELF-HEALING] No working XPath is found.

22-10-2025T10:58:33 - [MESSAGE][INFO] - Unable to find the element located by 'By.xpath: '. Please recheck the objects properties to make sure the desired element is located. 

22-10-2025T10:58:33 - [MESSAGE][WARNING] - [SELF-HEALING] Cannot find elements when the selector is null

22-10-2025T10:58:33 - [MESSAGE][WARNING] - Web element with id: 'Object Repository/TripFocus/Testing_Notification_btn' located by '//*[@id="__BVID__10___BV_modal_footer_"]/button' not found

22-10-2025T10:58:33 - [TEST_STEP][PASSED] - if (verifyElementVisible(findTestObject("TripFocus/Testing_Notification_btn"), OPTIONAL) == true): Web element with id: 'Object Repository/TripFocus/Testing_Notification_btn' located by '//*[@id="__BVID__10___BV_modal_footer_"]/button' not found (Root cause: com.kms.katalon.core.exception.StepFailedException: Web element with id: 'Object Repository/TripFocus/Testing_Notification_btn' located by '//*[@id="__BVID__10___BV_modal_footer_"]/button' not found
	at com.kms.katalon.core.webui.keyword.internal.WebUIKeywordMain.stepFailed(WebUIKeywordMain.groovy:117)
	at com.kms.katalon.core.webui.keyword.builtin.VerifyElementVisibleKeyword$_verifyElementVisible_closure1.doCall(VerifyElementVisibleKeyword.groovy:89)
	at com.kms.katalon.core.webui.keyword.builtin.VerifyElementVisibleKeyword$_verifyElementVisible_closure1.call(VerifyElementVisibleKeyword.groovy)
	at com.kms.katalon.core.webui.keyword.internal.WebUIKeywordMain.runKeyword(WebUIKeywordMain.groovy:35)
	at com.kms.katalon.core.webui.keyword.builtin.VerifyElementVisibleKeyword.verifyElementVisible(VerifyElementVisibleKeyword.groovy:97)
	at com.kms.katalon.core.webui.keyword.builtin.VerifyElementVisibleKeyword.execute(VerifyElementVisibleKeyword.groovy:67)
	at com.kms.katalon.core.keyword.internal.KeywordExecutor.executeKeywordForPlatform(KeywordExecutor.groovy:74)
	at com.kms.katalon.core.webui.keyword.WebUiBuiltInKeywords.verifyElementVisible(WebUiBuiltInKeywords.groovy:401)
	at com.kms.katalon.core.webui.keyword.WebUiBuiltInKeywords$verifyElementVisible$5.call(Unknown Source)
	at Verify Add Product Commodity Dropdown.run(Verify Add Product Commodity Dropdown:40)
	at com.kms.katalon.core.main.ScriptEngine.run(ScriptEngine.java:194)
	at com.kms.katalon.core.main.ScriptEngine.runScriptAsRawText(ScriptEngine.java:119)
	at com.kms.katalon.core.main.TestCaseExecutor.runScript(TestCaseExecutor.java:448)
	at com.kms.katalon.core.main.TestCaseExecutor.doExecute(TestCaseExecutor.java:439)
	at com.kms.katalon.core.main.TestCaseExecutor.processExecutionPhase(TestCaseExecutor.java:418)
	at com.kms.katalon.core.main.TestCaseExecutor.accessMainPhase(TestCaseExecutor.java:410)
	at com.kms.katalon.core.main.TestCaseExecutor.execute(TestCaseExecutor.java:285)
	at com.kms.katalon.core.common.CommonExecutor.accessTestCaseMainPhase(CommonExecutor.java:65)
	at com.kms.katalon.core.main.TestSuiteExecutor.accessTestSuiteMainPhase(TestSuiteExecutor.java:150)
	at com.kms.katalon.core.main.TestSuiteExecutor.execute(TestSuiteExecutor.java:106)
	at com.kms.katalon.core.main.TestCaseMain.startTestSuite(TestCaseMain.java:180)
	at com.kms.katalon.core.main.TestCaseMain$startTestSuite$0.call(Unknown Source)
	at TempTestSuite1761139103004.run(TempTestSuite1761139103004.groovy:35)
	at java.base/jdk.internal.reflect.NativeMethodAccessorImpl.invoke0(Native Method)
	at java.base/jdk.internal.reflect.NativeMethodAccessorImpl.invoke(NativeMethodAccessorImpl.java:77)
	at java.base/jdk.internal.reflect.DelegatingMethodAccessorImpl.invoke(DelegatingMethodAccessorImpl.java:43)
)

22-10-2025T10:58:49 - [MESSAGE][INFO] - Unable to find the element located by 'By.xpath: //*[@id="__BVID__10___BV_modal_footer_"]/button'. Please recheck the objects properties to make sure the desired element is located. 

22-10-2025T10:58:49 - [MESSAGE][WARNING] - [SELF-HEALING] Failed to find element with id 'Object Repository/TripFocus/Testing_Notification_btn'. Try using Self-healing.

22-10-2025T10:58:50 - [MESSAGE][INFO] - [SELF-HEALING] No working XPath is found.

22-10-2025T10:58:52 - [MESSAGE][INFO] - Unable to find the element located by 'By.xpath: '. Please recheck the objects properties to make sure the desired element is located. 

22-10-2025T10:58:52 - [MESSAGE][WARNING] - [SELF-HEALING] Cannot find elements when the selector is null

22-10-2025T10:58:52 - [MESSAGE][WARNING] - Web element with id: 'Object Repository/TripFocus/Testing_Notification_btn' located by '//*[@id="__BVID__10___BV_modal_footer_"]/button' not found (Root cause: com.kms.katalon.core.exception.StepFailedException: Web element with id: 'Object Repository/TripFocus/Testing_Notification_btn' located by '//*[@id="__BVID__10___BV_modal_footer_"]/button' not found
	at com.kms.katalon.core.webui.keyword.internal.WebUIKeywordMain.stepFailed(WebUIKeywordMain.groovy:117)
	at com.kms.katalon.core.webui.keyword.builtin.VerifyElementVisibleKeyword$_verifyElementVisible_closure1.doCall(VerifyElementVisibleKeyword.groovy:89)
	at com.kms.katalon.core.webui.keyword.builtin.VerifyElementVisibleKeyword$_verifyElementVisible_closure1.call(VerifyElementVisibleKeyword.groovy)
	at com.kms.katalon.core.webui.keyword.internal.WebUIKeywordMain.runKeyword(WebUIKeywordMain.groovy:35)
	at com.kms.katalon.core.webui.keyword.builtin.VerifyElementVisibleKeyword.verifyElementVisible(VerifyElementVisibleKeyword.groovy:97)
	at com.kms.katalon.core.webui.keyword.builtin.VerifyElementVisibleKeyword.execute(VerifyElementVisibleKeyword.groovy:67)
	at com.kms.katalon.core.keyword.internal.KeywordExecutor.executeKeywordForPlatform(KeywordExecutor.groovy:74)
	at com.kms.katalon.core.webui.keyword.WebUiBuiltInKeywords.verifyElementVisible(WebUiBuiltInKeywords.groovy:401)
	at com.kms.katalon.core.webui.keyword.WebUiBuiltInKeywords$verifyElementVisible$5.call(Unknown Source)
	at Verify Add Product Commodity Dropdown.run(Verify Add Product Commodity Dropdown:40)
	at com.kms.katalon.core.main.ScriptEngine.run(ScriptEngine.java:194)
	at com.kms.katalon.core.main.ScriptEngine.runScriptAsRawText(ScriptEngine.java:119)
	at com.kms.katalon.core.main.TestCaseExecutor.runScript(TestCaseExecutor.java:448)
	at com.kms.katalon.core.main.TestCaseExecutor.doExecute(TestCaseExecutor.java:439)
	at com.kms.katalon.core.main.TestCaseExecutor.processExecutionPhase(TestCaseExecutor.java:418)
	at com.kms.katalon.core.main.TestCaseExecutor.accessMainPhase(TestCaseExecutor.java:410)
	at com.kms.katalon.core.main.TestCaseExecutor.execute(TestCaseExecutor.java:285)
	at com.kms.katalon.core.common.CommonExecutor.accessTestCaseMainPhase(CommonExecutor.java:65)
	at com.kms.katalon.core.main.TestSuiteExecutor.accessTestSuiteMainPhase(TestSuiteExecutor.java:150)
	at com.kms.katalon.core.main.TestSuiteExecutor.execute(TestSuiteExecutor.java:106)
	at com.kms.katalon.core.main.TestCaseMain.startTestSuite(TestCaseMain.java:180)
	at com.kms.katalon.core.main.TestCaseMain$startTestSuite$0.call(Unknown Source)
	at TempTestSuite1761139103004.run(TempTestSuite1761139103004.groovy:35)
	at java.base/jdk.internal.reflect.NativeMethodAccessorImpl.invoke0(Native Method)
	at java.base/jdk.internal.reflect.NativeMethodAccessorImpl.invoke(NativeMethodAccessorImpl.java:77)
	at java.base/jdk.internal.reflect.DelegatingMethodAccessorImpl.invoke(DelegatingMethodAccessorImpl.java:43)
)

22-10-2025T10:58:52 - [TEST_STEP][PASSED] - click(findTestObject("TripFocus/Order Templates/Order Templates_tab")): Object: 'Object Repository/TripFocus/Order Templates/Order Templates_tab' is clicked on

22-10-2025T10:58:52 - [MESSAGE][PASSED] - Object: 'Object Repository/TripFocus/Order Templates/Order Templates_tab' is clicked on

22-10-2025T10:58:52 - [TEST_STEP][PASSED] - delay(5): Delayed 5 second(s)

22-10-2025T10:58:57 - [MESSAGE][PASSED] - Delayed 5 second(s)

22-10-2025T10:58:57 - [TEST_STEP][PASSED] - click(findTestObject("TripFocus/Order Templates/Create New Template_btn")): Object: 'Object Repository/TripFocus/Order Templates/Create New Template_btn' is clicked on

22-10-2025T10:58:57 - [MESSAGE][PASSED] - Object: 'Object Repository/TripFocus/Order Templates/Create New Template_btn' is clicked on

22-10-2025T10:58:57 - [TEST_STEP][PASSED] - delay(5): Delayed 5 second(s)

22-10-2025T10:59:02 - [MESSAGE][PASSED] - Delayed 5 second(s)

22-10-2025T10:59:02 - [TEST_STEP][PASSED] - click(findTestObject("TripFocus/Sidebar Minimizer")): Object: 'Object Repository/TripFocus/Sidebar Minimizer' is clicked on

22-10-2025T10:59:02 - [MESSAGE][PASSED] - Object: 'Object Repository/TripFocus/Sidebar Minimizer' is clicked on

22-10-2025T10:59:02 - [TEST_STEP][PASSED] - delay(1): Delayed 1 second(s)

22-10-2025T10:59:03 - [MESSAGE][PASSED] - Delayed 1 second(s)

22-10-2025T10:59:03 - [TEST_STEP][PASSED] - setText(findTestObject("TripFocus/Order Templates/Template_Name_txt"), "CamTest"): Text 'CamTest' is set on object 'Object Repository/TripFocus/Order Templates/Template_Name_txt'

22-10-2025T10:59:03 - [MESSAGE][PASSED] - Text 'CamTest' is set on object 'Object Repository/TripFocus/Order Templates/Template_Name_txt'

22-10-2025T10:59:03 - [TEST_STEP][PASSED] - delay(2): Delayed 2 second(s)

22-10-2025T10:59:06 - [MESSAGE][PASSED] - Delayed 2 second(s)

22-10-2025T10:59:06 - [TEST_STEP][PASSED] - click(findTestObject("TripFocus/Order Templates/Templates_Add_Product_link")): Object: 'Object Repository/TripFocus/Order Templates/Templates_Add_Product_link' is clicked on

22-10-2025T10:59:06 - [MESSAGE][PASSED] - Object: 'Object Repository/TripFocus/Order Templates/Templates_Add_Product_link' is clicked on

22-10-2025T10:59:06 - [TEST_STEP][PASSED] - delay(2): Delayed 2 second(s)

22-10-2025T10:59:08 - [MESSAGE][PASSED] - Delayed 2 second(s)

22-10-2025T10:59:08 - [TEST_STEP][PASSED] - setText(findTestObject("TripFocus/Order Templates/Delivery_Site_txt"), "Kinder Morgan"): Text 'Kinder Morgan' is set on object 'Object Repository/TripFocus/Order Templates/Delivery_Site_txt'

22-10-2025T10:59:08 - [MESSAGE][PASSED] - Text 'Kinder Morgan' is set on object 'Object Repository/TripFocus/Order Templates/Delivery_Site_txt'

22-10-2025T10:59:08 - [TEST_STEP][PASSED] - delay(1): Delayed 1 second(s)

22-10-2025T10:59:09 - [MESSAGE][PASSED] - Delayed 1 second(s)

22-10-2025T10:59:09 - [TEST_STEP][PASSED] - sendKeys(findTestObject("TripFocus/Order Templates/Delivery_Site_txt"), Keys.chord(ENTER)): Keys 'ENTER + ' sent to object: 'Object Repository/TripFocus/Order Templates/Delivery_Site_txt'

22-10-2025T10:59:09 - [MESSAGE][PASSED] - Keys 'ENTER + ' sent to object: 'Object Repository/TripFocus/Order Templates/Delivery_Site_txt'

22-10-2025T10:59:09 - [TEST_STEP][PASSED] - delay(1): Delayed 1 second(s)

22-10-2025T10:59:10 - [MESSAGE][PASSED] - Delayed 1 second(s)

22-10-2025T10:59:10 - [TEST_STEP][PASSED] - sendKeys(findTestObject("TripFocus/Order Templates/Shipper_txt"), "Kinder Morgan"): Keys 'Kinder Morgan' sent to object: 'Object Repository/TripFocus/Order Templates/Shipper_txt'

22-10-2025T10:59:10 - [MESSAGE][PASSED] - Keys 'Kinder Morgan' sent to object: 'Object Repository/TripFocus/Order Templates/Shipper_txt'

22-10-2025T10:59:10 - [TEST_STEP][PASSED] - delay(1): Delayed 1 second(s)

22-10-2025T10:59:11 - [MESSAGE][PASSED] - Delayed 1 second(s)

22-10-2025T10:59:11 - [TEST_STEP][PASSED] - sendKeys(findTestObject("TripFocus/Order Templates/Shipper_txt"), Keys.chord(ENTER)): Keys 'ENTER + ' sent to object: 'Object Repository/TripFocus/Order Templates/Shipper_txt'

22-10-2025T10:59:11 - [MESSAGE][PASSED] - Keys 'ENTER + ' sent to object: 'Object Repository/TripFocus/Order Templates/Shipper_txt'

22-10-2025T10:59:11 - [TEST_STEP][PASSED] - delay(1): Delayed 1 second(s)

22-10-2025T10:59:12 - [MESSAGE][PASSED] - Delayed 1 second(s)

22-10-2025T10:59:12 - [TEST_STEP][PASSED] - verifyElementPresent(findTestObject("TripFocus/Order Templates/Commodity_txt"), 10): Object 'Object Repository/TripFocus/Order Templates/Commodity_txt' is present

22-10-2025T10:59:12 - [MESSAGE][PASSED] - Object 'Object Repository/TripFocus/Order Templates/Commodity_txt' is present

22-10-2025T10:59:12 - [TEST_STEP][PASSED] - verifyElementVisible(findTestObject("TripFocus/Order Templates/Commodity_txt"), STOP_ON_FAILURE): Object 'Object Repository/TripFocus/Order Templates/Commodity_txt' is visible

22-10-2025T10:59:12 - [MESSAGE][PASSED] - Object 'Object Repository/TripFocus/Order Templates/Commodity_txt' is visible

22-10-2025T10:59:12 - [TEST_STEP][PASSED] - click(findTestObject("TripFocus/Order Templates/Commodity_txt"), STOP_ON_FAILURE): Object: 'Object Repository/TripFocus/Order Templates/Commodity_txt' is clicked on

22-10-2025T10:59:13 - [MESSAGE][PASSED] - Object: 'Object Repository/TripFocus/Order Templates/Commodity_txt' is clicked on

22-10-2025T10:59:13 - [TEST_STEP][PASSED] - delay(1): Delayed 1 second(s)

22-10-2025T10:59:14 - [MESSAGE][PASSED] - Delayed 1 second(s)

22-10-2025T10:59:14 - [TEST_STEP][PASSED] - setText(findTestObject("TripFocus/Order Templates/Commodity_txt"), "Caustic"): Text 'Caustic' is set on object 'Object Repository/TripFocus/Order Templates/Commodity_txt'

22-10-2025T10:59:14 - [MESSAGE][PASSED] - Text 'Caustic' is set on object 'Object Repository/TripFocus/Order Templates/Commodity_txt'

22-10-2025T10:59:14 - [TEST_STEP][PASSED] - delay(1): Delayed 1 second(s)

22-10-2025T10:59:15 - [MESSAGE][PASSED] - Delayed 1 second(s)

22-10-2025T10:59:15 - [TEST_STEP][PASSED] - sendKeys(findTestObject("TripFocus/Order Templates/Commodity_txt"), Keys.chord(ENTER)): Keys 'ENTER + ' sent to object: 'Object Repository/TripFocus/Order Templates/Commodity_txt'

22-10-2025T10:59:15 - [MESSAGE][PASSED] - Keys 'ENTER + ' sent to object: 'Object Repository/TripFocus/Order Templates/Commodity_txt'

22-10-2025T10:59:15 - [TEST_STEP][PASSED] - Start listener action : retryOnDisconnect: null

22-10-2025T10:59:15 - [TEST_STEP][PASSED] - tcId = testCaseContext.getTestCaseId(): null

22-10-2025T10:59:15 - [TEST_STEP][PASSED] - currentRetry = retryCounts.getOrDefault(tcId, 0): null

22-10-2025T10:59:15 - [TEST_STEP][PASSED] - if (testCaseContext.getTestCaseStatus() == "FAILED" && currentRetry < MAX_RETRIES): null]]></system-out>
         <system-err><![CDATA[]]></system-err>
      </testcase>
      <testcase name="Test Cases/TripFocus/SPG/SPG - Templates/Verify Add Product Delivery Site Dropdown" time="59.637" classname="Test Cases/TripFocus/SPG/SPG - Templates/Verify Add Product Delivery Site Dropdown" status="PASSED">
         <system-out><![CDATA[22-10-2025T10:59:15 - [TEST_CASE][PASSED] - Test Cases/TripFocus/SPG/SPG - Templates/Verify Add Product Delivery Site Dropdown: Test Cases/TripFocus/SPG/SPG - Templates/Verify Add Product Delivery Site Dropdown

22-10-2025T10:59:15 - [TEST_STEP][PASSED] - Start listener action : beforeTestCase: null

22-10-2025T10:59:15 - [TEST_STEP][PASSED] - addDefaultPackages(): null

22-10-2025T10:59:15 - [TEST_STEP][PASSED] - openBrowser(""): Browser is opened with url: ''

22-10-2025T10:59:15 - [MESSAGE][WARNING] - A browser is already opened. Closing browser and opening a new one

22-10-2025T10:59:15 - [MESSAGE][INFO] - Starting 'Chrome' driver

22-10-2025T10:59:15 - [MESSAGE][INFO] - User set preference: ['args', '[--no-sandbox, --disable-gpu, --disable-dev-shm-usage]']

22-10-2025T10:59:15 - [MESSAGE][INFO] - Action delay is set to 0 milliseconds

22-10-2025T10:59:16 - [MESSAGE][PASSED] - Browser is opened with url: ''

22-10-2025T10:59:16 - [TEST_STEP][PASSED] - navigateToUrl(TFBaseURL): Navigate to 'https://www.qa.tripfocus.com' successfully

22-10-2025T10:59:16 - [MESSAGE][PASSED] - Navigate to 'https://www.qa.tripfocus.com' successfully

22-10-2025T10:59:16 - [TEST_STEP][PASSED] - maximizeWindow(): Current window maximized

22-10-2025T10:59:16 - [MESSAGE][PASSED] - Current window maximized

22-10-2025T10:59:16 - [TEST_STEP][PASSED] - click(findTestObject("Object Repository/TripFocus/Page_TripFocus/button_Sign in")): Object: 'Object Repository/TripFocus/Page_TripFocus/button_Sign in' is clicked on

22-10-2025T10:59:16 - [MESSAGE][PASSED] - Object: 'Object Repository/TripFocus/Page_TripFocus/button_Sign in' is clicked on

22-10-2025T10:59:16 - [TEST_STEP][PASSED] - setText(findTestObject("Object Repository/TripFocus/Page_TripFocus/input_Username (e.g. email address)_Username"), TripFocusBleachTechSPGUsername): Text 'Ashford.Chenault+BleachtechCustomerSPGONLY@thekag.com' is set on object 'Object Repository/TripFocus/Page_TripFocus/input_Username (e.g. email address)_Username'

22-10-2025T10:59:17 - [MESSAGE][PASSED] - Text 'Ashford.Chenault+BleachtechCustomerSPGONLY@thekag.com' is set on object 'Object Repository/TripFocus/Page_TripFocus/input_Username (e.g. email address)_Username'

22-10-2025T10:59:17 - [TEST_STEP][PASSED] - setText(findTestObject("Object Repository/TripFocus/Page_TripFocus/input_Password_Password"), TripFocusFDGSPGPassword): Text 'CrashBan911!!' is set on object 'Object Repository/TripFocus/Page_TripFocus/input_Password_Password'

22-10-2025T10:59:17 - [MESSAGE][PASSED] - Text 'CrashBan911!!' is set on object 'Object Repository/TripFocus/Page_TripFocus/input_Password_Password'

22-10-2025T10:59:17 - [TEST_STEP][PASSED] - click(findTestObject("Object Repository/TripFocus/Page_TripFocus/button_Login")): Object: 'Object Repository/TripFocus/Page_TripFocus/button_Login' is clicked on

22-10-2025T10:59:17 - [MESSAGE][PASSED] - Object: 'Object Repository/TripFocus/Page_TripFocus/button_Login' is clicked on

22-10-2025T10:59:17 - [TEST_STEP][PASSED] - maximizeWindow(): Current window maximized

22-10-2025T10:59:18 - [MESSAGE][PASSED] - Current window maximized

22-10-2025T10:59:18 - [TEST_STEP][PASSED] - waitForElementVisible(findTestObject("TripFocus/Testing_Notification_btn"), 15, OPTIONAL): Web element with id: 'Object Repository/TripFocus/Testing_Notification_btn' located by '//*[@id="__BVID__10___BV_modal_footer_"]/button' not found

22-10-2025T10:59:34 - [MESSAGE][INFO] - Unable to find the element located by 'By.xpath: //*[@id="__BVID__10___BV_modal_footer_"]/button'. Please recheck the objects properties to make sure the desired element is located. 

22-10-2025T10:59:34 - [MESSAGE][WARNING] - [SELF-HEALING] Failed to find element with id 'Object Repository/TripFocus/Testing_Notification_btn'. Try using Self-healing.

22-10-2025T10:59:35 - [MESSAGE][INFO] - [SELF-HEALING] No working XPath is found.

22-10-2025T10:59:37 - [MESSAGE][INFO] - Unable to find the element located by 'By.xpath: '. Please recheck the objects properties to make sure the desired element is located. 

22-10-2025T10:59:37 - [MESSAGE][WARNING] - [SELF-HEALING] Cannot find elements when the selector is null

22-10-2025T10:59:37 - [MESSAGE][WARNING] - Web element with id: 'Object Repository/TripFocus/Testing_Notification_btn' located by '//*[@id="__BVID__10___BV_modal_footer_"]/button' not found

22-10-2025T10:59:37 - [TEST_STEP][PASSED] - if (verifyElementVisible(findTestObject("TripFocus/Testing_Notification_btn"), OPTIONAL) == true): Web element with id: 'Object Repository/TripFocus/Testing_Notification_btn' located by '//*[@id="__BVID__10___BV_modal_footer_"]/button' not found (Root cause: com.kms.katalon.core.exception.StepFailedException: Web element with id: 'Object Repository/TripFocus/Testing_Notification_btn' located by '//*[@id="__BVID__10___BV_modal_footer_"]/button' not found
	at com.kms.katalon.core.webui.keyword.internal.WebUIKeywordMain.stepFailed(WebUIKeywordMain.groovy:117)
	at com.kms.katalon.core.webui.keyword.builtin.VerifyElementVisibleKeyword$_verifyElementVisible_closure1.doCall(VerifyElementVisibleKeyword.groovy:89)
	at com.kms.katalon.core.webui.keyword.builtin.VerifyElementVisibleKeyword$_verifyElementVisible_closure1.call(VerifyElementVisibleKeyword.groovy)
	at com.kms.katalon.core.webui.keyword.internal.WebUIKeywordMain.runKeyword(WebUIKeywordMain.groovy:35)
	at com.kms.katalon.core.webui.keyword.builtin.VerifyElementVisibleKeyword.verifyElementVisible(VerifyElementVisibleKeyword.groovy:97)
	at com.kms.katalon.core.webui.keyword.builtin.VerifyElementVisibleKeyword.execute(VerifyElementVisibleKeyword.groovy:67)
	at com.kms.katalon.core.keyword.internal.KeywordExecutor.executeKeywordForPlatform(KeywordExecutor.groovy:74)
	at com.kms.katalon.core.webui.keyword.WebUiBuiltInKeywords.verifyElementVisible(WebUiBuiltInKeywords.groovy:401)
	at com.kms.katalon.core.webui.keyword.WebUiBuiltInKeywords$verifyElementVisible$5.call(Unknown Source)
	at Verify Add Product Delivery Site Dropdown.run(Verify Add Product Delivery Site Dropdown:40)
	at com.kms.katalon.core.main.ScriptEngine.run(ScriptEngine.java:194)
	at com.kms.katalon.core.main.ScriptEngine.runScriptAsRawText(ScriptEngine.java:119)
	at com.kms.katalon.core.main.TestCaseExecutor.runScript(TestCaseExecutor.java:448)
	at com.kms.katalon.core.main.TestCaseExecutor.doExecute(TestCaseExecutor.java:439)
	at com.kms.katalon.core.main.TestCaseExecutor.processExecutionPhase(TestCaseExecutor.java:418)
	at com.kms.katalon.core.main.TestCaseExecutor.accessMainPhase(TestCaseExecutor.java:410)
	at com.kms.katalon.core.main.TestCaseExecutor.execute(TestCaseExecutor.java:285)
	at com.kms.katalon.core.common.CommonExecutor.accessTestCaseMainPhase(CommonExecutor.java:65)
	at com.kms.katalon.core.main.TestSuiteExecutor.accessTestSuiteMainPhase(TestSuiteExecutor.java:150)
	at com.kms.katalon.core.main.TestSuiteExecutor.execute(TestSuiteExecutor.java:106)
	at com.kms.katalon.core.main.TestCaseMain.startTestSuite(TestCaseMain.java:180)
	at com.kms.katalon.core.main.TestCaseMain$startTestSuite$0.call(Unknown Source)
	at TempTestSuite1761139103004.run(TempTestSuite1761139103004.groovy:35)
	at java.base/jdk.internal.reflect.NativeMethodAccessorImpl.invoke0(Native Method)
	at java.base/jdk.internal.reflect.NativeMethodAccessorImpl.invoke(NativeMethodAccessorImpl.java:77)
	at java.base/jdk.internal.reflect.DelegatingMethodAccessorImpl.invoke(DelegatingMethodAccessorImpl.java:43)
)

22-10-2025T10:59:53 - [MESSAGE][INFO] - Unable to find the element located by 'By.xpath: //*[@id="__BVID__10___BV_modal_footer_"]/button'. Please recheck the objects properties to make sure the desired element is located. 

22-10-2025T10:59:53 - [MESSAGE][WARNING] - [SELF-HEALING] Failed to find element with id 'Object Repository/TripFocus/Testing_Notification_btn'. Try using Self-healing.

22-10-2025T10:59:54 - [MESSAGE][INFO] - [SELF-HEALING] No working XPath is found.

22-10-2025T10:59:56 - [MESSAGE][INFO] - Unable to find the element located by 'By.xpath: '. Please recheck the objects properties to make sure the desired element is located. 

22-10-2025T10:59:56 - [MESSAGE][WARNING] - [SELF-HEALING] Cannot find elements when the selector is null

22-10-2025T10:59:56 - [MESSAGE][WARNING] - Web element with id: 'Object Repository/TripFocus/Testing_Notification_btn' located by '//*[@id="__BVID__10___BV_modal_footer_"]/button' not found (Root cause: com.kms.katalon.core.exception.StepFailedException: Web element with id: 'Object Repository/TripFocus/Testing_Notification_btn' located by '//*[@id="__BVID__10___BV_modal_footer_"]/button' not found
	at com.kms.katalon.core.webui.keyword.internal.WebUIKeywordMain.stepFailed(WebUIKeywordMain.groovy:117)
	at com.kms.katalon.core.webui.keyword.builtin.VerifyElementVisibleKeyword$_verifyElementVisible_closure1.doCall(VerifyElementVisibleKeyword.groovy:89)
	at com.kms.katalon.core.webui.keyword.builtin.VerifyElementVisibleKeyword$_verifyElementVisible_closure1.call(VerifyElementVisibleKeyword.groovy)
	at com.kms.katalon.core.webui.keyword.internal.WebUIKeywordMain.runKeyword(WebUIKeywordMain.groovy:35)
	at com.kms.katalon.core.webui.keyword.builtin.VerifyElementVisibleKeyword.verifyElementVisible(VerifyElementVisibleKeyword.groovy:97)
	at com.kms.katalon.core.webui.keyword.builtin.VerifyElementVisibleKeyword.execute(VerifyElementVisibleKeyword.groovy:67)
	at com.kms.katalon.core.keyword.internal.KeywordExecutor.executeKeywordForPlatform(KeywordExecutor.groovy:74)
	at com.kms.katalon.core.webui.keyword.WebUiBuiltInKeywords.verifyElementVisible(WebUiBuiltInKeywords.groovy:401)
	at com.kms.katalon.core.webui.keyword.WebUiBuiltInKeywords$verifyElementVisible$5.call(Unknown Source)
	at Verify Add Product Delivery Site Dropdown.run(Verify Add Product Delivery Site Dropdown:40)
	at com.kms.katalon.core.main.ScriptEngine.run(ScriptEngine.java:194)
	at com.kms.katalon.core.main.ScriptEngine.runScriptAsRawText(ScriptEngine.java:119)
	at com.kms.katalon.core.main.TestCaseExecutor.runScript(TestCaseExecutor.java:448)
	at com.kms.katalon.core.main.TestCaseExecutor.doExecute(TestCaseExecutor.java:439)
	at com.kms.katalon.core.main.TestCaseExecutor.processExecutionPhase(TestCaseExecutor.java:418)
	at com.kms.katalon.core.main.TestCaseExecutor.accessMainPhase(TestCaseExecutor.java:410)
	at com.kms.katalon.core.main.TestCaseExecutor.execute(TestCaseExecutor.java:285)
	at com.kms.katalon.core.common.CommonExecutor.accessTestCaseMainPhase(CommonExecutor.java:65)
	at com.kms.katalon.core.main.TestSuiteExecutor.accessTestSuiteMainPhase(TestSuiteExecutor.java:150)
	at com.kms.katalon.core.main.TestSuiteExecutor.execute(TestSuiteExecutor.java:106)
	at com.kms.katalon.core.main.TestCaseMain.startTestSuite(TestCaseMain.java:180)
	at com.kms.katalon.core.main.TestCaseMain$startTestSuite$0.call(Unknown Source)
	at TempTestSuite1761139103004.run(TempTestSuite1761139103004.groovy:35)
	at java.base/jdk.internal.reflect.NativeMethodAccessorImpl.invoke0(Native Method)
	at java.base/jdk.internal.reflect.NativeMethodAccessorImpl.invoke(NativeMethodAccessorImpl.java:77)
	at java.base/jdk.internal.reflect.DelegatingMethodAccessorImpl.invoke(DelegatingMethodAccessorImpl.java:43)
)

22-10-2025T10:59:56 - [TEST_STEP][PASSED] - click(findTestObject("TripFocus/Order Templates/Order Templates_tab")): Object: 'Object Repository/TripFocus/Order Templates/Order Templates_tab' is clicked on

22-10-2025T10:59:56 - [MESSAGE][PASSED] - Object: 'Object Repository/TripFocus/Order Templates/Order Templates_tab' is clicked on

22-10-2025T10:59:56 - [TEST_STEP][PASSED] - delay(5): Delayed 5 second(s)

22-10-2025T11:00:01 - [MESSAGE][PASSED] - Delayed 5 second(s)

22-10-2025T11:00:01 - [TEST_STEP][PASSED] - click(findTestObject("TripFocus/Order Templates/Create New Template_btn")): Object: 'Object Repository/TripFocus/Order Templates/Create New Template_btn' is clicked on

22-10-2025T11:00:01 - [MESSAGE][PASSED] - Object: 'Object Repository/TripFocus/Order Templates/Create New Template_btn' is clicked on

22-10-2025T11:00:01 - [TEST_STEP][PASSED] - delay(5): Delayed 5 second(s)

22-10-2025T11:00:06 - [MESSAGE][PASSED] - Delayed 5 second(s)

22-10-2025T11:00:06 - [TEST_STEP][PASSED] - setText(findTestObject("TripFocus/Order Templates/Template_Name_txt"), "CamTest"): Text 'CamTest' is set on object 'Object Repository/TripFocus/Order Templates/Template_Name_txt'

22-10-2025T11:00:07 - [MESSAGE][PASSED] - Text 'CamTest' is set on object 'Object Repository/TripFocus/Order Templates/Template_Name_txt'

22-10-2025T11:00:07 - [TEST_STEP][PASSED] - delay(2): Delayed 2 second(s)

22-10-2025T11:00:09 - [MESSAGE][PASSED] - Delayed 2 second(s)

22-10-2025T11:00:09 - [TEST_STEP][PASSED] - click(findTestObject("TripFocus/Order Templates/Templates_Add_Product_link")): Object: 'Object Repository/TripFocus/Order Templates/Templates_Add_Product_link' is clicked on

22-10-2025T11:00:09 - [MESSAGE][PASSED] - Object: 'Object Repository/TripFocus/Order Templates/Templates_Add_Product_link' is clicked on

22-10-2025T11:00:09 - [TEST_STEP][PASSED] - delay(2): Delayed 2 second(s)

22-10-2025T11:00:11 - [MESSAGE][PASSED] - Delayed 2 second(s)

22-10-2025T11:00:11 - [TEST_STEP][PASSED] - click(findTestObject("TripFocus/Sidebar Minimizer")): Object: 'Object Repository/TripFocus/Sidebar Minimizer' is clicked on

22-10-2025T11:00:11 - [MESSAGE][PASSED] - Object: 'Object Repository/TripFocus/Sidebar Minimizer' is clicked on

22-10-2025T11:00:11 - [TEST_STEP][PASSED] - delay(1): Delayed 1 second(s)

22-10-2025T11:00:12 - [MESSAGE][PASSED] - Delayed 1 second(s)

22-10-2025T11:00:12 - [TEST_STEP][PASSED] - verifyElementPresent(findTestObject("TripFocus/Order Templates/Delivery_Site_txt"), 10): Object 'Object Repository/TripFocus/Order Templates/Delivery_Site_txt' is present

22-10-2025T11:00:12 - [MESSAGE][PASSED] - Object 'Object Repository/TripFocus/Order Templates/Delivery_Site_txt' is present

22-10-2025T11:00:12 - [TEST_STEP][PASSED] - verifyElementVisible(findTestObject("TripFocus/Order Templates/Delivery_Site_txt"), STOP_ON_FAILURE): Object 'Object Repository/TripFocus/Order Templates/Delivery_Site_txt' is visible

22-10-2025T11:00:12 - [MESSAGE][PASSED] - Object 'Object Repository/TripFocus/Order Templates/Delivery_Site_txt' is visible

22-10-2025T11:00:12 - [TEST_STEP][PASSED] - setText(findTestObject("TripFocus/Order Templates/Delivery_Site_txt"), "Kinder Morgan"): Text 'Kinder Morgan' is set on object 'Object Repository/TripFocus/Order Templates/Delivery_Site_txt'

22-10-2025T11:00:12 - [MESSAGE][PASSED] - Text 'Kinder Morgan' is set on object 'Object Repository/TripFocus/Order Templates/Delivery_Site_txt'

22-10-2025T11:00:12 - [TEST_STEP][PASSED] - delay(1): Delayed 1 second(s)

22-10-2025T11:00:13 - [MESSAGE][PASSED] - Delayed 1 second(s)

22-10-2025T11:00:13 - [TEST_STEP][PASSED] - sendKeys(findTestObject("TripFocus/Order Templates/Delivery_Site_txt"), Keys.chord(ENTER)): Keys 'ENTER + ' sent to object: 'Object Repository/TripFocus/Order Templates/Delivery_Site_txt'

22-10-2025T11:00:13 - [MESSAGE][PASSED] - Keys 'ENTER + ' sent to object: 'Object Repository/TripFocus/Order Templates/Delivery_Site_txt'

22-10-2025T11:00:13 - [TEST_STEP][PASSED] - delay(1): Delayed 1 second(s)

22-10-2025T11:00:14 - [MESSAGE][PASSED] - Delayed 1 second(s)

22-10-2025T11:00:14 - [TEST_STEP][PASSED] - Start listener action : retryOnDisconnect: null

22-10-2025T11:00:14 - [TEST_STEP][PASSED] - tcId = testCaseContext.getTestCaseId(): null

22-10-2025T11:00:14 - [TEST_STEP][PASSED] - currentRetry = retryCounts.getOrDefault(tcId, 0): null

22-10-2025T11:00:14 - [TEST_STEP][PASSED] - if (testCaseContext.getTestCaseStatus() == "FAILED" && currentRetry < MAX_RETRIES): null]]></system-out>
         <system-err><![CDATA[]]></system-err>
      </testcase>
      <testcase name="Test Cases/TripFocus/SPG/SPG - Templates/Verify Add Product Quantity Field" time="80.465" classname="Test Cases/TripFocus/SPG/SPG - Templates/Verify Add Product Quantity Field" status="FAILED">
         <failure type="FAILED" message="Test Cases/TripFocus/SPG/SPG - Templates/Verify Add Product Quantity Field FAILED.&#xa;Reason:&#xa;com.kms.katalon.core.exception.StepFailedException: Unable to send keys 'Trafigura - Tcpu' to object 'Object Repository/TripFocus/Order Templates/Supplier_txt'&#xa;	at com.kms.katalon.core.webui.keyword.internal.WebUIKeywordMain.stepFailed(WebUIKeywordMain.groovy:117)&#xa;	at com.kms.katalon.core.webui.keyword.internal.WebUIKeywordMain.runKeyword(WebUIKeywordMain.groovy:43)&#xa;	at com.kms.katalon.core.webui.keyword.builtin.SendKeysKeyword.sendKeys(SendKeysKeyword.groovy:60)&#xa;	at com.kms.katalon.core.webui.keyword.builtin.SendKeysKeyword.execute(SendKeysKeyword.groovy:38)&#xa;	at com.kms.katalon.core.keyword.internal.KeywordExecutor.executeKeywordForPlatform(KeywordExecutor.groovy:74)&#xa;	at com.kms.katalon.core.webui.keyword.WebUiBuiltInKeywords.sendKeys(WebUiBuiltInKeywords.groovy:903)&#xa;	at com.kms.katalon.core.webui.keyword.WebUiBuiltInKeywords$sendKeys$9.call(Unknown Source)&#xa;	at Verify Add Product Quantity Field.run(Verify Add Product Quantity Field:83)&#xa;	at com.kms.katalon.core.main.ScriptEngine.run(ScriptEngine.java:194)&#xa;	at com.kms.katalon.core.main.ScriptEngine.runScriptAsRawText(ScriptEngine.java:119)&#xa;	at com.kms.katalon.core.main.TestCaseExecutor.runScript(TestCaseExecutor.java:448)&#xa;	at com.kms.katalon.core.main.TestCaseExecutor.doExecute(TestCaseExecutor.java:439)&#xa;	at com.kms.katalon.core.main.TestCaseExecutor.processExecutionPhase(TestCaseExecutor.java:418)&#xa;	at com.kms.katalon.core.main.TestCaseExecutor.accessMainPhase(TestCaseExecutor.java:410)&#xa;	at com.kms.katalon.core.main.TestCaseExecutor.execute(TestCaseExecutor.java:285)&#xa;	at com.kms.katalon.core.common.CommonExecutor.accessTestCaseMainPhase(CommonExecutor.java:65)&#xa;	at com.kms.katalon.core.main.TestSuiteExecutor.accessTestSuiteMainPhase(TestSuiteExecutor.java:150)&#xa;	at com.kms.katalon.core.main.TestSuiteExecutor.execute(TestSuiteExecutor.java:106)&#xa;	at com.kms.katalon.core.main.TestCaseMain.startTestSuite(TestCaseMain.java:180)&#xa;	at com.kms.katalon.core.main.TestCaseMain$startTestSuite$0.call(Unknown Source)&#xa;	at TempTestSuite1761139103004.run(TempTestSuite1761139103004.groovy:35)&#xa;	at java.base/jdk.internal.reflect.NativeMethodAccessorImpl.invoke0(Native Method)&#xa;	at java.base/jdk.internal.reflect.NativeMethodAccessorImpl.invoke(NativeMethodAccessorImpl.java:77)&#xa;	at java.base/jdk.internal.reflect.DelegatingMethodAccessorImpl.invoke(DelegatingMethodAccessorImpl.java:43)&#xa;Caused by: com.kms.katalon.core.webui.exception.WebElementNotFoundException: Web element with id: 'Object Repository/TripFocus/Order Templates/Supplier_txt' located by '/html/body/div/div[2]/div/main/div/section/div[4]/div[2]/div/section/div/div[3]/div/div[2]/div[2]/div/div/div[1]/input' not found&#xa;	at com.kms.katalon.core.webui.common.WebUiCommonHelper.findWebElement(WebUiCommonHelper.java:1423)&#xa;	at com.kms.katalon.core.webui.keyword.internal.WebUIAbstractKeyword.findWebElement(WebUIAbstractKeyword.groovy:27)&#xa;	at com.kms.katalon.core.webui.keyword.internal.WebUIAbstractKeyword.findWebElement(WebUIAbstractKeyword.groovy:26)&#xa;	at com.kms.katalon.core.webui.keyword.builtin.SendKeysKeyword$_sendKeys_closure1.doCall(SendKeysKeyword.groovy:52)&#xa;	at com.kms.katalon.core.webui.keyword.builtin.SendKeysKeyword$_sendKeys_closure1.call(SendKeysKeyword.groovy)&#xa;	at com.kms.katalon.core.webui.keyword.internal.WebUIKeywordMain.runKeyword(WebUIKeywordMain.groovy:35)&#xa;	... 22 more&#xa;"/>
         <system-out><![CDATA[22-10-2025T11:00:14 - [TEST_CASE][FAILED] - Test Cases/TripFocus/SPG/SPG - Templates/Verify Add Product Quantity Field: Test Cases/TripFocus/SPG/SPG - Templates/Verify Add Product Quantity Field FAILED.
Reason:
com.kms.katalon.core.exception.StepFailedException: Unable to send keys 'Trafigura - Tcpu' to object 'Object Repository/TripFocus/Order Templates/Supplier_txt'
	at com.kms.katalon.core.webui.keyword.internal.WebUIKeywordMain.stepFailed(WebUIKeywordMain.groovy:117)
	at com.kms.katalon.core.webui.keyword.internal.WebUIKeywordMain.runKeyword(WebUIKeywordMain.groovy:43)
	at com.kms.katalon.core.webui.keyword.builtin.SendKeysKeyword.sendKeys(SendKeysKeyword.groovy:60)
	at com.kms.katalon.core.webui.keyword.builtin.SendKeysKeyword.execute(SendKeysKeyword.groovy:38)
	at com.kms.katalon.core.keyword.internal.KeywordExecutor.executeKeywordForPlatform(KeywordExecutor.groovy:74)
	at com.kms.katalon.core.webui.keyword.WebUiBuiltInKeywords.sendKeys(WebUiBuiltInKeywords.groovy:903)
	at com.kms.katalon.core.webui.keyword.WebUiBuiltInKeywords$sendKeys$9.call(Unknown Source)
	at Verify Add Product Quantity Field.run(Verify Add Product Quantity Field:83)
	at com.kms.katalon.core.main.ScriptEngine.run(ScriptEngine.java:194)
	at com.kms.katalon.core.main.ScriptEngine.runScriptAsRawText(ScriptEngine.java:119)
	at com.kms.katalon.core.main.TestCaseExecutor.runScript(TestCaseExecutor.java:448)
	at com.kms.katalon.core.main.TestCaseExecutor.doExecute(TestCaseExecutor.java:439)
	at com.kms.katalon.core.main.TestCaseExecutor.processExecutionPhase(TestCaseExecutor.java:418)
	at com.kms.katalon.core.main.TestCaseExecutor.accessMainPhase(TestCaseExecutor.java:410)
	at com.kms.katalon.core.main.TestCaseExecutor.execute(TestCaseExecutor.java:285)
	at com.kms.katalon.core.common.CommonExecutor.accessTestCaseMainPhase(CommonExecutor.java:65)
	at com.kms.katalon.core.main.TestSuiteExecutor.accessTestSuiteMainPhase(TestSuiteExecutor.java:150)
	at com.kms.katalon.core.main.TestSuiteExecutor.execute(TestSuiteExecutor.java:106)
	at com.kms.katalon.core.main.TestCaseMain.startTestSuite(TestCaseMain.java:180)
	at com.kms.katalon.core.main.TestCaseMain$startTestSuite$0.call(Unknown Source)
	at TempTestSuite1761139103004.run(TempTestSuite1761139103004.groovy:35)
	at java.base/jdk.internal.reflect.NativeMethodAccessorImpl.invoke0(Native Method)
	at java.base/jdk.internal.reflect.NativeMethodAccessorImpl.invoke(NativeMethodAccessorImpl.java:77)
	at java.base/jdk.internal.reflect.DelegatingMethodAccessorImpl.invoke(DelegatingMethodAccessorImpl.java:43)
Caused by: com.kms.katalon.core.webui.exception.WebElementNotFoundException: Web element with id: 'Object Repository/TripFocus/Order Templates/Supplier_txt' located by '/html/body/div/div[2]/div/main/div/section/div[4]/div[2]/div/section/div/div[3]/div/div[2]/div[2]/div/div/div[1]/input' not found
	at com.kms.katalon.core.webui.common.WebUiCommonHelper.findWebElement(WebUiCommonHelper.java:1423)
	at com.kms.katalon.core.webui.keyword.internal.WebUIAbstractKeyword.findWebElement(WebUIAbstractKeyword.groovy:27)
	at com.kms.katalon.core.webui.keyword.internal.WebUIAbstractKeyword.findWebElement(WebUIAbstractKeyword.groovy:26)
	at com.kms.katalon.core.webui.keyword.builtin.SendKeysKeyword$_sendKeys_closure1.doCall(SendKeysKeyword.groovy:52)
	at com.kms.katalon.core.webui.keyword.builtin.SendKeysKeyword$_sendKeys_closure1.call(SendKeysKeyword.groovy)
	at com.kms.katalon.core.webui.keyword.internal.WebUIKeywordMain.runKeyword(WebUIKeywordMain.groovy:35)
	... 22 more


22-10-2025T11:00:14 - [TEST_STEP][PASSED] - Start listener action : beforeTestCase: null

22-10-2025T11:00:14 - [TEST_STEP][PASSED] - addDefaultPackages(): null

22-10-2025T11:00:14 - [TEST_STEP][PASSED] - openBrowser(""): Browser is opened with url: ''

22-10-2025T11:00:14 - [MESSAGE][WARNING] - A browser is already opened. Closing browser and opening a new one

22-10-2025T11:00:15 - [MESSAGE][INFO] - Starting 'Chrome' driver

22-10-2025T11:00:15 - [MESSAGE][INFO] - User set preference: ['args', '[--no-sandbox, --disable-gpu, --disable-dev-shm-usage]']

22-10-2025T11:00:15 - [MESSAGE][INFO] - Action delay is set to 0 milliseconds

22-10-2025T11:00:15 - [MESSAGE][PASSED] - Browser is opened with url: ''

22-10-2025T11:00:15 - [TEST_STEP][PASSED] - navigateToUrl(TFBaseURL): Navigate to 'https://www.qa.tripfocus.com' successfully

22-10-2025T11:00:16 - [MESSAGE][PASSED] - Navigate to 'https://www.qa.tripfocus.com' successfully

22-10-2025T11:00:16 - [TEST_STEP][PASSED] - maximizeWindow(): Current window maximized

22-10-2025T11:00:16 - [MESSAGE][PASSED] - Current window maximized

22-10-2025T11:00:16 - [TEST_STEP][PASSED] - click(findTestObject("Object Repository/TripFocus/Page_TripFocus/button_Sign in")): Object: 'Object Repository/TripFocus/Page_TripFocus/button_Sign in' is clicked on

22-10-2025T11:00:16 - [MESSAGE][PASSED] - Object: 'Object Repository/TripFocus/Page_TripFocus/button_Sign in' is clicked on

22-10-2025T11:00:16 - [TEST_STEP][PASSED] - setText(findTestObject("Object Repository/TripFocus/Page_TripFocus/input_Username (e.g. email address)_Username"), TripFocusBleachTechSPGUsername): Text 'Ashford.Chenault+BleachtechCustomerSPGONLY@thekag.com' is set on object 'Object Repository/TripFocus/Page_TripFocus/input_Username (e.g. email address)_Username'

22-10-2025T11:00:17 - [MESSAGE][PASSED] - Text 'Ashford.Chenault+BleachtechCustomerSPGONLY@thekag.com' is set on object 'Object Repository/TripFocus/Page_TripFocus/input_Username (e.g. email address)_Username'

22-10-2025T11:00:17 - [TEST_STEP][PASSED] - setText(findTestObject("Object Repository/TripFocus/Page_TripFocus/input_Password_Password"), TripFocusFDGSPGPassword): Text 'CrashBan911!!' is set on object 'Object Repository/TripFocus/Page_TripFocus/input_Password_Password'

22-10-2025T11:00:17 - [MESSAGE][PASSED] - Text 'CrashBan911!!' is set on object 'Object Repository/TripFocus/Page_TripFocus/input_Password_Password'

22-10-2025T11:00:17 - [TEST_STEP][PASSED] - click(findTestObject("Object Repository/TripFocus/Page_TripFocus/button_Login")): Object: 'Object Repository/TripFocus/Page_TripFocus/button_Login' is clicked on

22-10-2025T11:00:17 - [MESSAGE][PASSED] - Object: 'Object Repository/TripFocus/Page_TripFocus/button_Login' is clicked on

22-10-2025T11:00:17 - [TEST_STEP][PASSED] - maximizeWindow(): Current window maximized

22-10-2025T11:00:17 - [MESSAGE][PASSED] - Current window maximized

22-10-2025T11:00:17 - [TEST_STEP][PASSED] - waitForElementVisible(findTestObject("TripFocus/Testing_Notification_btn"), 15, OPTIONAL): Web element with id: 'Object Repository/TripFocus/Testing_Notification_btn' located by '//*[@id="__BVID__10___BV_modal_footer_"]/button' not found

22-10-2025T11:00:33 - [MESSAGE][INFO] - Unable to find the element located by 'By.xpath: //*[@id="__BVID__10___BV_modal_footer_"]/button'. Please recheck the objects properties to make sure the desired element is located. 

22-10-2025T11:00:33 - [MESSAGE][WARNING] - [SELF-HEALING] Failed to find element with id 'Object Repository/TripFocus/Testing_Notification_btn'. Try using Self-healing.

22-10-2025T11:00:34 - [MESSAGE][INFO] - [SELF-HEALING] No working XPath is found.

22-10-2025T11:00:36 - [MESSAGE][INFO] - Unable to find the element located by 'By.xpath: '. Please recheck the objects properties to make sure the desired element is located. 

22-10-2025T11:00:36 - [MESSAGE][WARNING] - [SELF-HEALING] Cannot find elements when the selector is null

22-10-2025T11:00:36 - [MESSAGE][WARNING] - Web element with id: 'Object Repository/TripFocus/Testing_Notification_btn' located by '//*[@id="__BVID__10___BV_modal_footer_"]/button' not found

22-10-2025T11:00:36 - [TEST_STEP][PASSED] - if (verifyElementVisible(findTestObject("TripFocus/Testing_Notification_btn"), OPTIONAL) == true): Web element with id: 'Object Repository/TripFocus/Testing_Notification_btn' located by '//*[@id="__BVID__10___BV_modal_footer_"]/button' not found (Root cause: com.kms.katalon.core.exception.StepFailedException: Web element with id: 'Object Repository/TripFocus/Testing_Notification_btn' located by '//*[@id="__BVID__10___BV_modal_footer_"]/button' not found
	at com.kms.katalon.core.webui.keyword.internal.WebUIKeywordMain.stepFailed(WebUIKeywordMain.groovy:117)
	at com.kms.katalon.core.webui.keyword.builtin.VerifyElementVisibleKeyword$_verifyElementVisible_closure1.doCall(VerifyElementVisibleKeyword.groovy:89)
	at com.kms.katalon.core.webui.keyword.builtin.VerifyElementVisibleKeyword$_verifyElementVisible_closure1.call(VerifyElementVisibleKeyword.groovy)
	at com.kms.katalon.core.webui.keyword.internal.WebUIKeywordMain.runKeyword(WebUIKeywordMain.groovy:35)
	at com.kms.katalon.core.webui.keyword.builtin.VerifyElementVisibleKeyword.verifyElementVisible(VerifyElementVisibleKeyword.groovy:97)
	at com.kms.katalon.core.webui.keyword.builtin.VerifyElementVisibleKeyword.execute(VerifyElementVisibleKeyword.groovy:67)
	at com.kms.katalon.core.keyword.internal.KeywordExecutor.executeKeywordForPlatform(KeywordExecutor.groovy:74)
	at com.kms.katalon.core.webui.keyword.WebUiBuiltInKeywords.verifyElementVisible(WebUiBuiltInKeywords.groovy:401)
	at com.kms.katalon.core.webui.keyword.WebUiBuiltInKeywords$verifyElementVisible$5.call(Unknown Source)
	at Verify Add Product Quantity Field.run(Verify Add Product Quantity Field:40)
	at com.kms.katalon.core.main.ScriptEngine.run(ScriptEngine.java:194)
	at com.kms.katalon.core.main.ScriptEngine.runScriptAsRawText(ScriptEngine.java:119)
	at com.kms.katalon.core.main.TestCaseExecutor.runScript(TestCaseExecutor.java:448)
	at com.kms.katalon.core.main.TestCaseExecutor.doExecute(TestCaseExecutor.java:439)
	at com.kms.katalon.core.main.TestCaseExecutor.processExecutionPhase(TestCaseExecutor.java:418)
	at com.kms.katalon.core.main.TestCaseExecutor.accessMainPhase(TestCaseExecutor.java:410)
	at com.kms.katalon.core.main.TestCaseExecutor.execute(TestCaseExecutor.java:285)
	at com.kms.katalon.core.common.CommonExecutor.accessTestCaseMainPhase(CommonExecutor.java:65)
	at com.kms.katalon.core.main.TestSuiteExecutor.accessTestSuiteMainPhase(TestSuiteExecutor.java:150)
	at com.kms.katalon.core.main.TestSuiteExecutor.execute(TestSuiteExecutor.java:106)
	at com.kms.katalon.core.main.TestCaseMain.startTestSuite(TestCaseMain.java:180)
	at com.kms.katalon.core.main.TestCaseMain$startTestSuite$0.call(Unknown Source)
	at TempTestSuite1761139103004.run(TempTestSuite1761139103004.groovy:35)
	at java.base/jdk.internal.reflect.NativeMethodAccessorImpl.invoke0(Native Method)
	at java.base/jdk.internal.reflect.NativeMethodAccessorImpl.invoke(NativeMethodAccessorImpl.java:77)
	at java.base/jdk.internal.reflect.DelegatingMethodAccessorImpl.invoke(DelegatingMethodAccessorImpl.java:43)
)

22-10-2025T11:00:52 - [MESSAGE][INFO] - Unable to find the element located by 'By.xpath: //*[@id="__BVID__10___BV_modal_footer_"]/button'. Please recheck the objects properties to make sure the desired element is located. 

22-10-2025T11:00:52 - [MESSAGE][WARNING] - [SELF-HEALING] Failed to find element with id 'Object Repository/TripFocus/Testing_Notification_btn'. Try using Self-healing.

22-10-2025T11:00:53 - [MESSAGE][INFO] - [SELF-HEALING] No working XPath is found.

22-10-2025T11:00:55 - [MESSAGE][INFO] - Unable to find the element located by 'By.xpath: '. Please recheck the objects properties to make sure the desired element is located. 

22-10-2025T11:00:55 - [MESSAGE][WARNING] - [SELF-HEALING] Cannot find elements when the selector is null

22-10-2025T11:00:55 - [MESSAGE][WARNING] - Web element with id: 'Object Repository/TripFocus/Testing_Notification_btn' located by '//*[@id="__BVID__10___BV_modal_footer_"]/button' not found (Root cause: com.kms.katalon.core.exception.StepFailedException: Web element with id: 'Object Repository/TripFocus/Testing_Notification_btn' located by '//*[@id="__BVID__10___BV_modal_footer_"]/button' not found
	at com.kms.katalon.core.webui.keyword.internal.WebUIKeywordMain.stepFailed(WebUIKeywordMain.groovy:117)
	at com.kms.katalon.core.webui.keyword.builtin.VerifyElementVisibleKeyword$_verifyElementVisible_closure1.doCall(VerifyElementVisibleKeyword.groovy:89)
	at com.kms.katalon.core.webui.keyword.builtin.VerifyElementVisibleKeyword$_verifyElementVisible_closure1.call(VerifyElementVisibleKeyword.groovy)
	at com.kms.katalon.core.webui.keyword.internal.WebUIKeywordMain.runKeyword(WebUIKeywordMain.groovy:35)
	at com.kms.katalon.core.webui.keyword.builtin.VerifyElementVisibleKeyword.verifyElementVisible(VerifyElementVisibleKeyword.groovy:97)
	at com.kms.katalon.core.webui.keyword.builtin.VerifyElementVisibleKeyword.execute(VerifyElementVisibleKeyword.groovy:67)
	at com.kms.katalon.core.keyword.internal.KeywordExecutor.executeKeywordForPlatform(KeywordExecutor.groovy:74)
	at com.kms.katalon.core.webui.keyword.WebUiBuiltInKeywords.verifyElementVisible(WebUiBuiltInKeywords.groovy:401)
	at com.kms.katalon.core.webui.keyword.WebUiBuiltInKeywords$verifyElementVisible$5.call(Unknown Source)
	at Verify Add Product Quantity Field.run(Verify Add Product Quantity Field:40)
	at com.kms.katalon.core.main.ScriptEngine.run(ScriptEngine.java:194)
	at com.kms.katalon.core.main.ScriptEngine.runScriptAsRawText(ScriptEngine.java:119)
	at com.kms.katalon.core.main.TestCaseExecutor.runScript(TestCaseExecutor.java:448)
	at com.kms.katalon.core.main.TestCaseExecutor.doExecute(TestCaseExecutor.java:439)
	at com.kms.katalon.core.main.TestCaseExecutor.processExecutionPhase(TestCaseExecutor.java:418)
	at com.kms.katalon.core.main.TestCaseExecutor.accessMainPhase(TestCaseExecutor.java:410)
	at com.kms.katalon.core.main.TestCaseExecutor.execute(TestCaseExecutor.java:285)
	at com.kms.katalon.core.common.CommonExecutor.accessTestCaseMainPhase(CommonExecutor.java:65)
	at com.kms.katalon.core.main.TestSuiteExecutor.accessTestSuiteMainPhase(TestSuiteExecutor.java:150)
	at com.kms.katalon.core.main.TestSuiteExecutor.execute(TestSuiteExecutor.java:106)
	at com.kms.katalon.core.main.TestCaseMain.startTestSuite(TestCaseMain.java:180)
	at com.kms.katalon.core.main.TestCaseMain$startTestSuite$0.call(Unknown Source)
	at TempTestSuite1761139103004.run(TempTestSuite1761139103004.groovy:35)
	at java.base/jdk.internal.reflect.NativeMethodAccessorImpl.invoke0(Native Method)
	at java.base/jdk.internal.reflect.NativeMethodAccessorImpl.invoke(NativeMethodAccessorImpl.java:77)
	at java.base/jdk.internal.reflect.DelegatingMethodAccessorImpl.invoke(DelegatingMethodAccessorImpl.java:43)
)

22-10-2025T11:00:55 - [TEST_STEP][PASSED] - click(findTestObject("TripFocus/Order Templates/Order Templates_tab")): Object: 'Object Repository/TripFocus/Order Templates/Order Templates_tab' is clicked on

22-10-2025T11:00:55 - [MESSAGE][PASSED] - Object: 'Object Repository/TripFocus/Order Templates/Order Templates_tab' is clicked on

22-10-2025T11:00:55 - [TEST_STEP][PASSED] - delay(5): Delayed 5 second(s)

22-10-2025T11:01:00 - [MESSAGE][PASSED] - Delayed 5 second(s)

22-10-2025T11:01:00 - [TEST_STEP][PASSED] - click(findTestObject("TripFocus/Order Templates/Create New Template_btn")): Object: 'Object Repository/TripFocus/Order Templates/Create New Template_btn' is clicked on

22-10-2025T11:01:01 - [MESSAGE][PASSED] - Object: 'Object Repository/TripFocus/Order Templates/Create New Template_btn' is clicked on

22-10-2025T11:01:01 - [TEST_STEP][PASSED] - delay(5): Delayed 5 second(s)

22-10-2025T11:01:06 - [MESSAGE][PASSED] - Delayed 5 second(s)

22-10-2025T11:01:06 - [TEST_STEP][PASSED] - click(findTestObject("TripFocus/Sidebar Minimizer")): Object: 'Object Repository/TripFocus/Sidebar Minimizer' is clicked on

22-10-2025T11:01:06 - [MESSAGE][PASSED] - Object: 'Object Repository/TripFocus/Sidebar Minimizer' is clicked on

22-10-2025T11:01:06 - [TEST_STEP][PASSED] - delay(1): Delayed 1 second(s)

22-10-2025T11:01:07 - [MESSAGE][PASSED] - Delayed 1 second(s)

22-10-2025T11:01:07 - [TEST_STEP][PASSED] - setText(findTestObject("TripFocus/Order Templates/Template_Name_txt"), "CamTest"): Text 'CamTest' is set on object 'Object Repository/TripFocus/Order Templates/Template_Name_txt'

22-10-2025T11:01:07 - [MESSAGE][PASSED] - Text 'CamTest' is set on object 'Object Repository/TripFocus/Order Templates/Template_Name_txt'

22-10-2025T11:01:07 - [TEST_STEP][PASSED] - delay(2): Delayed 2 second(s)

22-10-2025T11:01:09 - [MESSAGE][PASSED] - Delayed 2 second(s)

22-10-2025T11:01:09 - [TEST_STEP][PASSED] - click(findTestObject("TripFocus/Order Templates/Templates_Add_Product_link")): Object: 'Object Repository/TripFocus/Order Templates/Templates_Add_Product_link' is clicked on

22-10-2025T11:01:09 - [MESSAGE][PASSED] - Object: 'Object Repository/TripFocus/Order Templates/Templates_Add_Product_link' is clicked on

22-10-2025T11:01:09 - [TEST_STEP][PASSED] - delay(2): Delayed 2 second(s)

22-10-2025T11:01:11 - [MESSAGE][PASSED] - Delayed 2 second(s)

22-10-2025T11:01:11 - [TEST_STEP][PASSED] - setText(findTestObject("TripFocus/Order Templates/Delivery_Site_txt"), "Kinder Morgan"): Text 'Kinder Morgan' is set on object 'Object Repository/TripFocus/Order Templates/Delivery_Site_txt'

22-10-2025T11:01:12 - [MESSAGE][PASSED] - Text 'Kinder Morgan' is set on object 'Object Repository/TripFocus/Order Templates/Delivery_Site_txt'

22-10-2025T11:01:12 - [TEST_STEP][PASSED] - delay(1): Delayed 1 second(s)

22-10-2025T11:01:13 - [MESSAGE][PASSED] - Delayed 1 second(s)

22-10-2025T11:01:13 - [TEST_STEP][PASSED] - sendKeys(findTestObject("TripFocus/Order Templates/Delivery_Site_txt"), Keys.chord(ENTER)): Keys 'ENTER + ' sent to object: 'Object Repository/TripFocus/Order Templates/Delivery_Site_txt'

22-10-2025T11:01:13 - [MESSAGE][PASSED] - Keys 'ENTER + ' sent to object: 'Object Repository/TripFocus/Order Templates/Delivery_Site_txt'

22-10-2025T11:01:13 - [TEST_STEP][PASSED] - delay(1): Delayed 1 second(s)

22-10-2025T11:01:14 - [MESSAGE][PASSED] - Delayed 1 second(s)

22-10-2025T11:01:14 - [TEST_STEP][PASSED] - sendKeys(findTestObject("TripFocus/Order Templates/Shipper_txt"), "Kinder Morgan"): Keys 'Kinder Morgan' sent to object: 'Object Repository/TripFocus/Order Templates/Shipper_txt'

22-10-2025T11:01:14 - [MESSAGE][PASSED] - Keys 'Kinder Morgan' sent to object: 'Object Repository/TripFocus/Order Templates/Shipper_txt'

22-10-2025T11:01:14 - [TEST_STEP][PASSED] - delay(1): Delayed 1 second(s)

22-10-2025T11:01:15 - [MESSAGE][PASSED] - Delayed 1 second(s)

22-10-2025T11:01:15 - [TEST_STEP][PASSED] - sendKeys(findTestObject("TripFocus/Order Templates/Shipper_txt"), Keys.chord(ENTER)): Keys 'ENTER + ' sent to object: 'Object Repository/TripFocus/Order Templates/Shipper_txt'

22-10-2025T11:01:15 - [MESSAGE][PASSED] - Keys 'ENTER + ' sent to object: 'Object Repository/TripFocus/Order Templates/Shipper_txt'

22-10-2025T11:01:15 - [TEST_STEP][PASSED] - delay(1): Delayed 1 second(s)

22-10-2025T11:01:16 - [MESSAGE][PASSED] - Delayed 1 second(s)

22-10-2025T11:01:16 - [TEST_STEP][FAILED] - sendKeys(findTestObject("TripFocus/Order Templates/Supplier_txt"), "Trafigura - Tcpu"): Unable to send keys 'Trafigura - Tcpu' to object 'Object Repository/TripFocus/Order Templates/Supplier_txt' (Root cause: com.kms.katalon.core.exception.StepFailedException: Unable to send keys 'Trafigura - Tcpu' to object 'Object Repository/TripFocus/Order Templates/Supplier_txt'
	at com.kms.katalon.core.webui.keyword.internal.WebUIKeywordMain.stepFailed(WebUIKeywordMain.groovy:117)
	at com.kms.katalon.core.webui.keyword.internal.WebUIKeywordMain.runKeyword(WebUIKeywordMain.groovy:43)
	at com.kms.katalon.core.webui.keyword.builtin.SendKeysKeyword.sendKeys(SendKeysKeyword.groovy:60)
	at com.kms.katalon.core.webui.keyword.builtin.SendKeysKeyword.execute(SendKeysKeyword.groovy:38)
	at com.kms.katalon.core.keyword.internal.KeywordExecutor.executeKeywordForPlatform(KeywordExecutor.groovy:74)
	at com.kms.katalon.core.webui.keyword.WebUiBuiltInKeywords.sendKeys(WebUiBuiltInKeywords.groovy:903)
	at com.kms.katalon.core.webui.keyword.WebUiBuiltInKeywords$sendKeys$9.call(Unknown Source)
	at Verify Add Product Quantity Field.run(Verify Add Product Quantity Field:83)
	at com.kms.katalon.core.main.ScriptEngine.run(ScriptEngine.java:194)
	at com.kms.katalon.core.main.ScriptEngine.runScriptAsRawText(ScriptEngine.java:119)
	at com.kms.katalon.core.main.TestCaseExecutor.runScript(TestCaseExecutor.java:448)
	at com.kms.katalon.core.main.TestCaseExecutor.doExecute(TestCaseExecutor.java:439)
	at com.kms.katalon.core.main.TestCaseExecutor.processExecutionPhase(TestCaseExecutor.java:418)
	at com.kms.katalon.core.main.TestCaseExecutor.accessMainPhase(TestCaseExecutor.java:410)
	at com.kms.katalon.core.main.TestCaseExecutor.execute(TestCaseExecutor.java:285)
	at com.kms.katalon.core.common.CommonExecutor.accessTestCaseMainPhase(CommonExecutor.java:65)
	at com.kms.katalon.core.main.TestSuiteExecutor.accessTestSuiteMainPhase(TestSuiteExecutor.java:150)
	at com.kms.katalon.core.main.TestSuiteExecutor.execute(TestSuiteExecutor.java:106)
	at com.kms.katalon.core.main.TestCaseMain.startTestSuite(TestCaseMain.java:180)
	at com.kms.katalon.core.main.TestCaseMain$startTestSuite$0.call(Unknown Source)
	at TempTestSuite1761139103004.run(TempTestSuite1761139103004.groovy:35)
	at java.base/jdk.internal.reflect.NativeMethodAccessorImpl.invoke0(Native Method)
	at java.base/jdk.internal.reflect.NativeMethodAccessorImpl.invoke(NativeMethodAccessorImpl.java:77)
	at java.base/jdk.internal.reflect.DelegatingMethodAccessorImpl.invoke(DelegatingMethodAccessorImpl.java:43)
Caused by: com.kms.katalon.core.webui.exception.WebElementNotFoundException: Web element with id: 'Object Repository/TripFocus/Order Templates/Supplier_txt' located by '/html/body/div/div[2]/div/main/div/section/div[4]/div[2]/div/section/div/div[3]/div/div[2]/div[2]/div/div/div[1]/input' not found
	at com.kms.katalon.core.webui.common.WebUiCommonHelper.findWebElement(WebUiCommonHelper.java:1423)
	at com.kms.katalon.core.webui.keyword.internal.WebUIAbstractKeyword.findWebElement(WebUIAbstractKeyword.groovy:27)
	at com.kms.katalon.core.webui.keyword.internal.WebUIAbstractKeyword.findWebElement(WebUIAbstractKeyword.groovy:26)
	at com.kms.katalon.core.webui.keyword.builtin.SendKeysKeyword$_sendKeys_closure1.doCall(SendKeysKeyword.groovy:52)
	at com.kms.katalon.core.webui.keyword.builtin.SendKeysKeyword$_sendKeys_closure1.call(SendKeysKeyword.groovy)
	at com.kms.katalon.core.webui.keyword.internal.WebUIKeywordMain.runKeyword(WebUIKeywordMain.groovy:35)
	at com.kms.katalon.core.webui.keyword.builtin.SendKeysKeyword.sendKeys(SendKeysKeyword.groovy:60)
	at com.kms.katalon.core.webui.keyword.builtin.SendKeysKeyword.execute(SendKeysKeyword.groovy:38)
	at com.kms.katalon.core.keyword.internal.KeywordExecutor.executeKeywordForPlatform(KeywordExecutor.groovy:74)
	at com.kms.katalon.core.webui.keyword.WebUiBuiltInKeywords.sendKeys(WebUiBuiltInKeywords.groovy:903)
	at com.kms.katalon.core.webui.keyword.WebUiBuiltInKeywords$sendKeys$9.call(Unknown Source)
	at Script1745596400602.run(Script1745596400602.groovy:83)
	... 16 more
)

22-10-2025T11:01:32 - [MESSAGE][INFO] - Unable to find the element located by 'By.xpath: /html/body/div/div[2]/div/main/div/section/div[4]/div[2]/div/section/div/div[3]/div/div[2]/div[2]/div/div/div[1]/input'. Please recheck the objects properties to make sure the desired element is located. 

22-10-2025T11:01:32 - [MESSAGE][WARNING] - [SELF-HEALING] Failed to find element with id 'Object Repository/TripFocus/Order Templates/Supplier_txt'. Try using Self-healing.

22-10-2025T11:01:33 - [MESSAGE][INFO] - [SELF-HEALING] No working XPath is found.

22-10-2025T11:01:35 - [MESSAGE][INFO] - Unable to find the element located by 'By.xpath: '. Please recheck the objects properties to make sure the desired element is located. 

22-10-2025T11:01:35 - [MESSAGE][WARNING] - [SELF-HEALING] Cannot find elements when the selector is null

22-10-2025T11:01:35 - [MESSAGE][FAILED] - Unable to send keys 'Trafigura - Tcpu' to object 'Object Repository/TripFocus/Order Templates/Supplier_txt' (Root cause: com.kms.katalon.core.exception.StepFailedException: Unable to send keys 'Trafigura - Tcpu' to object 'Object Repository/TripFocus/Order Templates/Supplier_txt'
	at com.kms.katalon.core.webui.keyword.internal.WebUIKeywordMain.stepFailed(WebUIKeywordMain.groovy:117)
	at com.kms.katalon.core.webui.keyword.internal.WebUIKeywordMain.runKeyword(WebUIKeywordMain.groovy:43)
	at com.kms.katalon.core.webui.keyword.builtin.SendKeysKeyword.sendKeys(SendKeysKeyword.groovy:60)
	at com.kms.katalon.core.webui.keyword.builtin.SendKeysKeyword.execute(SendKeysKeyword.groovy:38)
	at com.kms.katalon.core.keyword.internal.KeywordExecutor.executeKeywordForPlatform(KeywordExecutor.groovy:74)
	at com.kms.katalon.core.webui.keyword.WebUiBuiltInKeywords.sendKeys(WebUiBuiltInKeywords.groovy:903)
	at com.kms.katalon.core.webui.keyword.WebUiBuiltInKeywords$sendKeys$9.call(Unknown Source)
	at Verify Add Product Quantity Field.run(Verify Add Product Quantity Field:83)
	at com.kms.katalon.core.main.ScriptEngine.run(ScriptEngine.java:194)
	at com.kms.katalon.core.main.ScriptEngine.runScriptAsRawText(ScriptEngine.java:119)
	at com.kms.katalon.core.main.TestCaseExecutor.runScript(TestCaseExecutor.java:448)
	at com.kms.katalon.core.main.TestCaseExecutor.doExecute(TestCaseExecutor.java:439)
	at com.kms.katalon.core.main.TestCaseExecutor.processExecutionPhase(TestCaseExecutor.java:418)
	at com.kms.katalon.core.main.TestCaseExecutor.accessMainPhase(TestCaseExecutor.java:410)
	at com.kms.katalon.core.main.TestCaseExecutor.execute(TestCaseExecutor.java:285)
	at com.kms.katalon.core.common.CommonExecutor.accessTestCaseMainPhase(CommonExecutor.java:65)
	at com.kms.katalon.core.main.TestSuiteExecutor.accessTestSuiteMainPhase(TestSuiteExecutor.java:150)
	at com.kms.katalon.core.main.TestSuiteExecutor.execute(TestSuiteExecutor.java:106)
	at com.kms.katalon.core.main.TestCaseMain.startTestSuite(TestCaseMain.java:180)
	at com.kms.katalon.core.main.TestCaseMain$startTestSuite$0.call(Unknown Source)
	at TempTestSuite1761139103004.run(TempTestSuite1761139103004.groovy:35)
	at java.base/jdk.internal.reflect.NativeMethodAccessorImpl.invoke0(Native Method)
	at java.base/jdk.internal.reflect.NativeMethodAccessorImpl.invoke(NativeMethodAccessorImpl.java:77)
	at java.base/jdk.internal.reflect.DelegatingMethodAccessorImpl.invoke(DelegatingMethodAccessorImpl.java:43)
Caused by: com.kms.katalon.core.webui.exception.WebElementNotFoundException: Web element with id: 'Object Repository/TripFocus/Order Templates/Supplier_txt' located by '/html/body/div/div[2]/div/main/div/section/div[4]/div[2]/div/section/div/div[3]/div/div[2]/div[2]/div/div/div[1]/input' not found
	at com.kms.katalon.core.webui.common.WebUiCommonHelper.findWebElement(WebUiCommonHelper.java:1423)
	at com.kms.katalon.core.webui.keyword.internal.WebUIAbstractKeyword.findWebElement(WebUIAbstractKeyword.groovy:27)
	at com.kms.katalon.core.webui.keyword.internal.WebUIAbstractKeyword.findWebElement(WebUIAbstractKeyword.groovy:26)
	at com.kms.katalon.core.webui.keyword.builtin.SendKeysKeyword$_sendKeys_closure1.doCall(SendKeysKeyword.groovy:52)
	at com.kms.katalon.core.webui.keyword.builtin.SendKeysKeyword$_sendKeys_closure1.call(SendKeysKeyword.groovy)
	at com.kms.katalon.core.webui.keyword.internal.WebUIKeywordMain.runKeyword(WebUIKeywordMain.groovy:35)
	at com.kms.katalon.core.webui.keyword.builtin.SendKeysKeyword.sendKeys(SendKeysKeyword.groovy:60)
	at com.kms.katalon.core.webui.keyword.builtin.SendKeysKeyword.execute(SendKeysKeyword.groovy:38)
	at com.kms.katalon.core.keyword.internal.KeywordExecutor.executeKeywordForPlatform(KeywordExecutor.groovy:74)
	at com.kms.katalon.core.webui.keyword.WebUiBuiltInKeywords.sendKeys(WebUiBuiltInKeywords.groovy:903)
	at com.kms.katalon.core.webui.keyword.WebUiBuiltInKeywords$sendKeys$9.call(Unknown Source)
	at Script1745596400602.run(Script1745596400602.groovy:83)
	... 16 more
)

22-10-2025T11:01:35 - [TEST_STEP][PASSED] - Start listener action : retryOnDisconnect: Current window's url is: 'https://www.qa.tripfocus.com/new-order-template'

22-10-2025T11:01:35 - [TEST_STEP][PASSED] - tcId = testCaseContext.getTestCaseId(): null

22-10-2025T11:01:35 - [TEST_STEP][PASSED] - currentRetry = retryCounts.getOrDefault(tcId, 0): null

22-10-2025T11:01:35 - [TEST_STEP][PASSED] - if (testCaseContext.getTestCaseStatus() == "FAILED" && currentRetry < MAX_RETRIES): Current window's url is: 'https://www.qa.tripfocus.com/new-order-template'

22-10-2025T11:01:35 - [TEST_STEP][PASSED] - try: Current window's url is: 'https://www.qa.tripfocus.com/new-order-template'

22-10-2025T11:01:35 - [TEST_STEP][PASSED] - comment(Checking for WebDriver disconnect for test case: $tcId): Checking for WebDriver disconnect for test case: Test Cases/TripFocus/SPG/SPG - Templates/Verify Add Product Quantity Field

22-10-2025T11:01:35 - [MESSAGE][INFO] - Checking for WebDriver disconnect for test case: Test Cases/TripFocus/SPG/SPG - Templates/Verify Add Product Quantity Field

22-10-2025T11:01:35 - [TEST_STEP][PASSED] - getUrl(): Current window's url is: 'https://www.qa.tripfocus.com/new-order-template'

22-10-2025T11:01:35 - [MESSAGE][PASSED] - Current window's url is: 'https://www.qa.tripfocus.com/new-order-template']]></system-out>
         <system-err><![CDATA[22-10-2025T11:00:14 - [TEST_CASE][FAILED] - Test Cases/TripFocus/SPG/SPG - Templates/Verify Add Product Quantity Field: Test Cases/TripFocus/SPG/SPG - Templates/Verify Add Product Quantity Field FAILED.
Reason:
com.kms.katalon.core.exception.StepFailedException: Unable to send keys 'Trafigura - Tcpu' to object 'Object Repository/TripFocus/Order Templates/Supplier_txt'
	at com.kms.katalon.core.webui.keyword.internal.WebUIKeywordMain.stepFailed(WebUIKeywordMain.groovy:117)
	at com.kms.katalon.core.webui.keyword.internal.WebUIKeywordMain.runKeyword(WebUIKeywordMain.groovy:43)
	at com.kms.katalon.core.webui.keyword.builtin.SendKeysKeyword.sendKeys(SendKeysKeyword.groovy:60)
	at com.kms.katalon.core.webui.keyword.builtin.SendKeysKeyword.execute(SendKeysKeyword.groovy:38)
	at com.kms.katalon.core.keyword.internal.KeywordExecutor.executeKeywordForPlatform(KeywordExecutor.groovy:74)
	at com.kms.katalon.core.webui.keyword.WebUiBuiltInKeywords.sendKeys(WebUiBuiltInKeywords.groovy:903)
	at com.kms.katalon.core.webui.keyword.WebUiBuiltInKeywords$sendKeys$9.call(Unknown Source)
	at Verify Add Product Quantity Field.run(Verify Add Product Quantity Field:83)
	at com.kms.katalon.core.main.ScriptEngine.run(ScriptEngine.java:194)
	at com.kms.katalon.core.main.ScriptEngine.runScriptAsRawText(ScriptEngine.java:119)
	at com.kms.katalon.core.main.TestCaseExecutor.runScript(TestCaseExecutor.java:448)
	at com.kms.katalon.core.main.TestCaseExecutor.doExecute(TestCaseExecutor.java:439)
	at com.kms.katalon.core.main.TestCaseExecutor.processExecutionPhase(TestCaseExecutor.java:418)
	at com.kms.katalon.core.main.TestCaseExecutor.accessMainPhase(TestCaseExecutor.java:410)
	at com.kms.katalon.core.main.TestCaseExecutor.execute(TestCaseExecutor.java:285)
	at com.kms.katalon.core.common.CommonExecutor.accessTestCaseMainPhase(CommonExecutor.java:65)
	at com.kms.katalon.core.main.TestSuiteExecutor.accessTestSuiteMainPhase(TestSuiteExecutor.java:150)
	at com.kms.katalon.core.main.TestSuiteExecutor.execute(TestSuiteExecutor.java:106)
	at com.kms.katalon.core.main.TestCaseMain.startTestSuite(TestCaseMain.java:180)
	at com.kms.katalon.core.main.TestCaseMain$startTestSuite$0.call(Unknown Source)
	at TempTestSuite1761139103004.run(TempTestSuite1761139103004.groovy:35)
	at java.base/jdk.internal.reflect.NativeMethodAccessorImpl.invoke0(Native Method)
	at java.base/jdk.internal.reflect.NativeMethodAccessorImpl.invoke(NativeMethodAccessorImpl.java:77)
	at java.base/jdk.internal.reflect.DelegatingMethodAccessorImpl.invoke(DelegatingMethodAccessorImpl.java:43)
Caused by: com.kms.katalon.core.webui.exception.WebElementNotFoundException: Web element with id: 'Object Repository/TripFocus/Order Templates/Supplier_txt' located by '/html/body/div/div[2]/div/main/div/section/div[4]/div[2]/div/section/div/div[3]/div/div[2]/div[2]/div/div/div[1]/input' not found
	at com.kms.katalon.core.webui.common.WebUiCommonHelper.findWebElement(WebUiCommonHelper.java:1423)
	at com.kms.katalon.core.webui.keyword.internal.WebUIAbstractKeyword.findWebElement(WebUIAbstractKeyword.groovy:27)
	at com.kms.katalon.core.webui.keyword.internal.WebUIAbstractKeyword.findWebElement(WebUIAbstractKeyword.groovy:26)
	at com.kms.katalon.core.webui.keyword.builtin.SendKeysKeyword$_sendKeys_closure1.doCall(SendKeysKeyword.groovy:52)
	at com.kms.katalon.core.webui.keyword.builtin.SendKeysKeyword$_sendKeys_closure1.call(SendKeysKeyword.groovy)
	at com.kms.katalon.core.webui.keyword.internal.WebUIKeywordMain.runKeyword(WebUIKeywordMain.groovy:35)
	... 22 more]]></system-err>
      </testcase>
      <testcase name="Test Cases/TripFocus/SPG/SPG - Templates/Verify Add Product Shipper Dropdown" time="61.557" classname="Test Cases/TripFocus/SPG/SPG - Templates/Verify Add Product Shipper Dropdown" status="PASSED">
         <system-out><![CDATA[22-10-2025T11:01:35 - [TEST_CASE][PASSED] - Test Cases/TripFocus/SPG/SPG - Templates/Verify Add Product Shipper Dropdown: Test Cases/TripFocus/SPG/SPG - Templates/Verify Add Product Shipper Dropdown

22-10-2025T11:01:35 - [TEST_STEP][PASSED] - Start listener action : beforeTestCase: null

22-10-2025T11:01:35 - [TEST_STEP][PASSED] - addDefaultPackages(): null

22-10-2025T11:01:35 - [TEST_STEP][PASSED] - openBrowser(""): Browser is opened with url: ''

22-10-2025T11:01:35 - [MESSAGE][WARNING] - A browser is already opened. Closing browser and opening a new one

22-10-2025T11:01:35 - [MESSAGE][INFO] - Starting 'Chrome' driver

22-10-2025T11:01:35 - [MESSAGE][INFO] - User set preference: ['args', '[--no-sandbox, --disable-gpu, --disable-dev-shm-usage]']

22-10-2025T11:01:35 - [MESSAGE][INFO] - Action delay is set to 0 milliseconds

22-10-2025T11:01:36 - [MESSAGE][PASSED] - Browser is opened with url: ''

22-10-2025T11:01:36 - [TEST_STEP][PASSED] - navigateToUrl(TFBaseURL): Navigate to 'https://www.qa.tripfocus.com' successfully

22-10-2025T11:01:36 - [MESSAGE][PASSED] - Navigate to 'https://www.qa.tripfocus.com' successfully

22-10-2025T11:01:36 - [TEST_STEP][PASSED] - maximizeWindow(): Current window maximized

22-10-2025T11:01:36 - [MESSAGE][PASSED] - Current window maximized

22-10-2025T11:01:36 - [TEST_STEP][PASSED] - click(findTestObject("Object Repository/TripFocus/Page_TripFocus/button_Sign in")): Object: 'Object Repository/TripFocus/Page_TripFocus/button_Sign in' is clicked on

22-10-2025T11:01:37 - [MESSAGE][PASSED] - Object: 'Object Repository/TripFocus/Page_TripFocus/button_Sign in' is clicked on

22-10-2025T11:01:37 - [TEST_STEP][PASSED] - setText(findTestObject("Object Repository/TripFocus/Page_TripFocus/input_Username (e.g. email address)_Username"), TripFocusBleachTechSPGUsername): Text 'Ashford.Chenault+BleachtechCustomerSPGONLY@thekag.com' is set on object 'Object Repository/TripFocus/Page_TripFocus/input_Username (e.g. email address)_Username'

22-10-2025T11:01:37 - [MESSAGE][PASSED] - Text 'Ashford.Chenault+BleachtechCustomerSPGONLY@thekag.com' is set on object 'Object Repository/TripFocus/Page_TripFocus/input_Username (e.g. email address)_Username'

22-10-2025T11:01:37 - [TEST_STEP][PASSED] - setText(findTestObject("Object Repository/TripFocus/Page_TripFocus/input_Password_Password"), TripFocusFDGSPGPassword): Text 'CrashBan911!!' is set on object 'Object Repository/TripFocus/Page_TripFocus/input_Password_Password'

22-10-2025T11:01:37 - [MESSAGE][PASSED] - Text 'CrashBan911!!' is set on object 'Object Repository/TripFocus/Page_TripFocus/input_Password_Password'

22-10-2025T11:01:37 - [TEST_STEP][PASSED] - click(findTestObject("Object Repository/TripFocus/Page_TripFocus/button_Login")): Object: 'Object Repository/TripFocus/Page_TripFocus/button_Login' is clicked on

22-10-2025T11:01:37 - [MESSAGE][PASSED] - Object: 'Object Repository/TripFocus/Page_TripFocus/button_Login' is clicked on

22-10-2025T11:01:37 - [TEST_STEP][PASSED] - maximizeWindow(): Current window maximized

22-10-2025T11:01:38 - [MESSAGE][PASSED] - Current window maximized

22-10-2025T11:01:38 - [TEST_STEP][PASSED] - waitForElementVisible(findTestObject("TripFocus/Testing_Notification_btn"), 15, OPTIONAL): Web element with id: 'Object Repository/TripFocus/Testing_Notification_btn' located by '//*[@id="__BVID__10___BV_modal_footer_"]/button' not found

22-10-2025T11:01:54 - [MESSAGE][INFO] - Unable to find the element located by 'By.xpath: //*[@id="__BVID__10___BV_modal_footer_"]/button'. Please recheck the objects properties to make sure the desired element is located. 

22-10-2025T11:01:54 - [MESSAGE][WARNING] - [SELF-HEALING] Failed to find element with id 'Object Repository/TripFocus/Testing_Notification_btn'. Try using Self-healing.

22-10-2025T11:01:55 - [MESSAGE][INFO] - [SELF-HEALING] No working XPath is found.

22-10-2025T11:01:57 - [MESSAGE][INFO] - Unable to find the element located by 'By.xpath: '. Please recheck the objects properties to make sure the desired element is located. 

22-10-2025T11:01:57 - [MESSAGE][WARNING] - [SELF-HEALING] Cannot find elements when the selector is null

22-10-2025T11:01:57 - [MESSAGE][WARNING] - Web element with id: 'Object Repository/TripFocus/Testing_Notification_btn' located by '//*[@id="__BVID__10___BV_modal_footer_"]/button' not found

22-10-2025T11:01:57 - [TEST_STEP][PASSED] - if (verifyElementVisible(findTestObject("TripFocus/Testing_Notification_btn"), OPTIONAL) == true): Web element with id: 'Object Repository/TripFocus/Testing_Notification_btn' located by '//*[@id="__BVID__10___BV_modal_footer_"]/button' not found (Root cause: com.kms.katalon.core.exception.StepFailedException: Web element with id: 'Object Repository/TripFocus/Testing_Notification_btn' located by '//*[@id="__BVID__10___BV_modal_footer_"]/button' not found
	at com.kms.katalon.core.webui.keyword.internal.WebUIKeywordMain.stepFailed(WebUIKeywordMain.groovy:117)
	at com.kms.katalon.core.webui.keyword.builtin.VerifyElementVisibleKeyword$_verifyElementVisible_closure1.doCall(VerifyElementVisibleKeyword.groovy:89)
	at com.kms.katalon.core.webui.keyword.builtin.VerifyElementVisibleKeyword$_verifyElementVisible_closure1.call(VerifyElementVisibleKeyword.groovy)
	at com.kms.katalon.core.webui.keyword.internal.WebUIKeywordMain.runKeyword(WebUIKeywordMain.groovy:35)
	at com.kms.katalon.core.webui.keyword.builtin.VerifyElementVisibleKeyword.verifyElementVisible(VerifyElementVisibleKeyword.groovy:97)
	at com.kms.katalon.core.webui.keyword.builtin.VerifyElementVisibleKeyword.execute(VerifyElementVisibleKeyword.groovy:67)
	at com.kms.katalon.core.keyword.internal.KeywordExecutor.executeKeywordForPlatform(KeywordExecutor.groovy:74)
	at com.kms.katalon.core.webui.keyword.WebUiBuiltInKeywords.verifyElementVisible(WebUiBuiltInKeywords.groovy:401)
	at com.kms.katalon.core.webui.keyword.WebUiBuiltInKeywords$verifyElementVisible$5.call(Unknown Source)
	at Verify Add Product Shipper Dropdown.run(Verify Add Product Shipper Dropdown:40)
	at com.kms.katalon.core.main.ScriptEngine.run(ScriptEngine.java:194)
	at com.kms.katalon.core.main.ScriptEngine.runScriptAsRawText(ScriptEngine.java:119)
	at com.kms.katalon.core.main.TestCaseExecutor.runScript(TestCaseExecutor.java:448)
	at com.kms.katalon.core.main.TestCaseExecutor.doExecute(TestCaseExecutor.java:439)
	at com.kms.katalon.core.main.TestCaseExecutor.processExecutionPhase(TestCaseExecutor.java:418)
	at com.kms.katalon.core.main.TestCaseExecutor.accessMainPhase(TestCaseExecutor.java:410)
	at com.kms.katalon.core.main.TestCaseExecutor.execute(TestCaseExecutor.java:285)
	at com.kms.katalon.core.common.CommonExecutor.accessTestCaseMainPhase(CommonExecutor.java:65)
	at com.kms.katalon.core.main.TestSuiteExecutor.accessTestSuiteMainPhase(TestSuiteExecutor.java:150)
	at com.kms.katalon.core.main.TestSuiteExecutor.execute(TestSuiteExecutor.java:106)
	at com.kms.katalon.core.main.TestCaseMain.startTestSuite(TestCaseMain.java:180)
	at com.kms.katalon.core.main.TestCaseMain$startTestSuite$0.call(Unknown Source)
	at TempTestSuite1761139103004.run(TempTestSuite1761139103004.groovy:35)
	at java.base/jdk.internal.reflect.NativeMethodAccessorImpl.invoke0(Native Method)
	at java.base/jdk.internal.reflect.NativeMethodAccessorImpl.invoke(NativeMethodAccessorImpl.java:77)
	at java.base/jdk.internal.reflect.DelegatingMethodAccessorImpl.invoke(DelegatingMethodAccessorImpl.java:43)
)

22-10-2025T11:02:13 - [MESSAGE][INFO] - Unable to find the element located by 'By.xpath: //*[@id="__BVID__10___BV_modal_footer_"]/button'. Please recheck the objects properties to make sure the desired element is located. 

22-10-2025T11:02:13 - [MESSAGE][WARNING] - [SELF-HEALING] Failed to find element with id 'Object Repository/TripFocus/Testing_Notification_btn'. Try using Self-healing.

22-10-2025T11:02:14 - [MESSAGE][INFO] - [SELF-HEALING] No working XPath is found.

22-10-2025T11:02:16 - [MESSAGE][INFO] - Unable to find the element located by 'By.xpath: '. Please recheck the objects properties to make sure the desired element is located. 

22-10-2025T11:02:16 - [MESSAGE][WARNING] - [SELF-HEALING] Cannot find elements when the selector is null

22-10-2025T11:02:16 - [MESSAGE][WARNING] - Web element with id: 'Object Repository/TripFocus/Testing_Notification_btn' located by '//*[@id="__BVID__10___BV_modal_footer_"]/button' not found (Root cause: com.kms.katalon.core.exception.StepFailedException: Web element with id: 'Object Repository/TripFocus/Testing_Notification_btn' located by '//*[@id="__BVID__10___BV_modal_footer_"]/button' not found
	at com.kms.katalon.core.webui.keyword.internal.WebUIKeywordMain.stepFailed(WebUIKeywordMain.groovy:117)
	at com.kms.katalon.core.webui.keyword.builtin.VerifyElementVisibleKeyword$_verifyElementVisible_closure1.doCall(VerifyElementVisibleKeyword.groovy:89)
	at com.kms.katalon.core.webui.keyword.builtin.VerifyElementVisibleKeyword$_verifyElementVisible_closure1.call(VerifyElementVisibleKeyword.groovy)
	at com.kms.katalon.core.webui.keyword.internal.WebUIKeywordMain.runKeyword(WebUIKeywordMain.groovy:35)
	at com.kms.katalon.core.webui.keyword.builtin.VerifyElementVisibleKeyword.verifyElementVisible(VerifyElementVisibleKeyword.groovy:97)
	at com.kms.katalon.core.webui.keyword.builtin.VerifyElementVisibleKeyword.execute(VerifyElementVisibleKeyword.groovy:67)
	at com.kms.katalon.core.keyword.internal.KeywordExecutor.executeKeywordForPlatform(KeywordExecutor.groovy:74)
	at com.kms.katalon.core.webui.keyword.WebUiBuiltInKeywords.verifyElementVisible(WebUiBuiltInKeywords.groovy:401)
	at com.kms.katalon.core.webui.keyword.WebUiBuiltInKeywords$verifyElementVisible$5.call(Unknown Source)
	at Verify Add Product Shipper Dropdown.run(Verify Add Product Shipper Dropdown:40)
	at com.kms.katalon.core.main.ScriptEngine.run(ScriptEngine.java:194)
	at com.kms.katalon.core.main.ScriptEngine.runScriptAsRawText(ScriptEngine.java:119)
	at com.kms.katalon.core.main.TestCaseExecutor.runScript(TestCaseExecutor.java:448)
	at com.kms.katalon.core.main.TestCaseExecutor.doExecute(TestCaseExecutor.java:439)
	at com.kms.katalon.core.main.TestCaseExecutor.processExecutionPhase(TestCaseExecutor.java:418)
	at com.kms.katalon.core.main.TestCaseExecutor.accessMainPhase(TestCaseExecutor.java:410)
	at com.kms.katalon.core.main.TestCaseExecutor.execute(TestCaseExecutor.java:285)
	at com.kms.katalon.core.common.CommonExecutor.accessTestCaseMainPhase(CommonExecutor.java:65)
	at com.kms.katalon.core.main.TestSuiteExecutor.accessTestSuiteMainPhase(TestSuiteExecutor.java:150)
	at com.kms.katalon.core.main.TestSuiteExecutor.execute(TestSuiteExecutor.java:106)
	at com.kms.katalon.core.main.TestCaseMain.startTestSuite(TestCaseMain.java:180)
	at com.kms.katalon.core.main.TestCaseMain$startTestSuite$0.call(Unknown Source)
	at TempTestSuite1761139103004.run(TempTestSuite1761139103004.groovy:35)
	at java.base/jdk.internal.reflect.NativeMethodAccessorImpl.invoke0(Native Method)
	at java.base/jdk.internal.reflect.NativeMethodAccessorImpl.invoke(NativeMethodAccessorImpl.java:77)
	at java.base/jdk.internal.reflect.DelegatingMethodAccessorImpl.invoke(DelegatingMethodAccessorImpl.java:43)
)

22-10-2025T11:02:16 - [TEST_STEP][PASSED] - click(findTestObject("TripFocus/Order Templates/Order Templates_tab")): Object: 'Object Repository/TripFocus/Order Templates/Order Templates_tab' is clicked on

22-10-2025T11:02:16 - [MESSAGE][PASSED] - Object: 'Object Repository/TripFocus/Order Templates/Order Templates_tab' is clicked on

22-10-2025T11:02:16 - [TEST_STEP][PASSED] - delay(5): Delayed 5 second(s)

22-10-2025T11:02:21 - [MESSAGE][PASSED] - Delayed 5 second(s)

22-10-2025T11:02:21 - [TEST_STEP][PASSED] - click(findTestObject("TripFocus/Order Templates/Create New Template_btn")): Object: 'Object Repository/TripFocus/Order Templates/Create New Template_btn' is clicked on

22-10-2025T11:02:21 - [MESSAGE][PASSED] - Object: 'Object Repository/TripFocus/Order Templates/Create New Template_btn' is clicked on

22-10-2025T11:02:21 - [TEST_STEP][PASSED] - delay(5): Delayed 5 second(s)

22-10-2025T11:02:26 - [MESSAGE][PASSED] - Delayed 5 second(s)

22-10-2025T11:02:26 - [TEST_STEP][PASSED] - click(findTestObject("TripFocus/Sidebar Minimizer")): Object: 'Object Repository/TripFocus/Sidebar Minimizer' is clicked on

22-10-2025T11:02:26 - [MESSAGE][PASSED] - Object: 'Object Repository/TripFocus/Sidebar Minimizer' is clicked on

22-10-2025T11:02:26 - [TEST_STEP][PASSED] - delay(1): Delayed 1 second(s)

22-10-2025T11:02:27 - [MESSAGE][PASSED] - Delayed 1 second(s)

22-10-2025T11:02:27 - [TEST_STEP][PASSED] - setText(findTestObject("TripFocus/Order Templates/Template_Name_txt"), "CamTest"): Text 'CamTest' is set on object 'Object Repository/TripFocus/Order Templates/Template_Name_txt'

22-10-2025T11:02:28 - [MESSAGE][PASSED] - Text 'CamTest' is set on object 'Object Repository/TripFocus/Order Templates/Template_Name_txt'

22-10-2025T11:02:28 - [TEST_STEP][PASSED] - delay(2): Delayed 2 second(s)

22-10-2025T11:02:30 - [MESSAGE][PASSED] - Delayed 2 second(s)

22-10-2025T11:02:30 - [TEST_STEP][PASSED] - click(findTestObject("TripFocus/Order Templates/Templates_Add_Product_link")): Object: 'Object Repository/TripFocus/Order Templates/Templates_Add_Product_link' is clicked on

22-10-2025T11:02:30 - [MESSAGE][PASSED] - Object: 'Object Repository/TripFocus/Order Templates/Templates_Add_Product_link' is clicked on

22-10-2025T11:02:30 - [TEST_STEP][PASSED] - delay(2): Delayed 2 second(s)

22-10-2025T11:02:32 - [MESSAGE][PASSED] - Delayed 2 second(s)

22-10-2025T11:02:32 - [TEST_STEP][PASSED] - setText(findTestObject("TripFocus/Order Templates/Delivery_Site_txt"), "Kinder Morgan"): Text 'Kinder Morgan' is set on object 'Object Repository/TripFocus/Order Templates/Delivery_Site_txt'

22-10-2025T11:02:32 - [MESSAGE][PASSED] - Text 'Kinder Morgan' is set on object 'Object Repository/TripFocus/Order Templates/Delivery_Site_txt'

22-10-2025T11:02:32 - [TEST_STEP][PASSED] - delay(1): Delayed 1 second(s)

22-10-2025T11:02:33 - [MESSAGE][PASSED] - Delayed 1 second(s)

22-10-2025T11:02:33 - [TEST_STEP][PASSED] - sendKeys(findTestObject("TripFocus/Order Templates/Delivery_Site_txt"), Keys.chord(ENTER)): Keys 'ENTER + ' sent to object: 'Object Repository/TripFocus/Order Templates/Delivery_Site_txt'

22-10-2025T11:02:33 - [MESSAGE][PASSED] - Keys 'ENTER + ' sent to object: 'Object Repository/TripFocus/Order Templates/Delivery_Site_txt'

22-10-2025T11:02:33 - [TEST_STEP][PASSED] - delay(2): Delayed 2 second(s)

22-10-2025T11:02:35 - [MESSAGE][PASSED] - Delayed 2 second(s)

22-10-2025T11:02:35 - [TEST_STEP][PASSED] - verifyElementPresent(findTestObject("TripFocus/Order Templates/Shipper_txt"), 10): Object 'Object Repository/TripFocus/Order Templates/Shipper_txt' is present

22-10-2025T11:02:35 - [MESSAGE][PASSED] - Object 'Object Repository/TripFocus/Order Templates/Shipper_txt' is present

22-10-2025T11:02:35 - [TEST_STEP][PASSED] - verifyElementVisible(findTestObject("TripFocus/Order Templates/Shipper_txt"), STOP_ON_FAILURE): Object 'Object Repository/TripFocus/Order Templates/Shipper_txt' is visible

22-10-2025T11:02:35 - [MESSAGE][PASSED] - Object 'Object Repository/TripFocus/Order Templates/Shipper_txt' is visible

22-10-2025T11:02:35 - [TEST_STEP][PASSED] - setText(findTestObject("TripFocus/Order Templates/Shipper_txt"), "Kinder Morgan"): Text 'Kinder Morgan' is set on object 'Object Repository/TripFocus/Order Templates/Shipper_txt'

22-10-2025T11:02:35 - [MESSAGE][PASSED] - Text 'Kinder Morgan' is set on object 'Object Repository/TripFocus/Order Templates/Shipper_txt'

22-10-2025T11:02:35 - [TEST_STEP][PASSED] - delay(1): Delayed 1 second(s)

22-10-2025T11:02:36 - [MESSAGE][PASSED] - Delayed 1 second(s)

22-10-2025T11:02:36 - [TEST_STEP][PASSED] - sendKeys(findTestObject("TripFocus/Order Templates/Shipper_txt"), Keys.chord(ENTER)): Keys 'ENTER + ' sent to object: 'Object Repository/TripFocus/Order Templates/Shipper_txt'

22-10-2025T11:02:36 - [MESSAGE][PASSED] - Keys 'ENTER + ' sent to object: 'Object Repository/TripFocus/Order Templates/Shipper_txt'

22-10-2025T11:02:36 - [TEST_STEP][PASSED] - Start listener action : retryOnDisconnect: null

22-10-2025T11:02:36 - [TEST_STEP][PASSED] - tcId = testCaseContext.getTestCaseId(): null

22-10-2025T11:02:36 - [TEST_STEP][PASSED] - currentRetry = retryCounts.getOrDefault(tcId, 0): null

22-10-2025T11:02:36 - [TEST_STEP][PASSED] - if (testCaseContext.getTestCaseStatus() == "FAILED" && currentRetry < MAX_RETRIES): null]]></system-out>
         <system-err><![CDATA[]]></system-err>
      </testcase>
      <testcase name="Test Cases/TripFocus/SPG/SPG - Templates/Verify Additional Notes Remarks Field" time="51.268" classname="Test Cases/TripFocus/SPG/SPG - Templates/Verify Additional Notes Remarks Field" status="PASSED">
         <system-out><![CDATA[22-10-2025T11:02:36 - [TEST_CASE][PASSED] - Test Cases/TripFocus/SPG/SPG - Templates/Verify Additional Notes Remarks Field: Test Cases/TripFocus/SPG/SPG - Templates/Verify Additional Notes Remarks Field

22-10-2025T11:02:36 - [TEST_STEP][PASSED] - Start listener action : beforeTestCase: null

22-10-2025T11:02:36 - [TEST_STEP][PASSED] - addDefaultPackages(): null

22-10-2025T11:02:36 - [TEST_STEP][PASSED] - openBrowser(""): Browser is opened with url: ''

22-10-2025T11:02:36 - [MESSAGE][WARNING] - A browser is already opened. Closing browser and opening a new one

22-10-2025T11:02:37 - [MESSAGE][INFO] - Starting 'Chrome' driver

22-10-2025T11:02:37 - [MESSAGE][INFO] - User set preference: ['args', '[--no-sandbox, --disable-gpu, --disable-dev-shm-usage]']

22-10-2025T11:02:37 - [MESSAGE][INFO] - Action delay is set to 0 milliseconds

22-10-2025T11:02:37 - [MESSAGE][PASSED] - Browser is opened with url: ''

22-10-2025T11:02:37 - [TEST_STEP][PASSED] - navigateToUrl(TFBaseURL): Navigate to 'https://www.qa.tripfocus.com' successfully

22-10-2025T11:02:38 - [MESSAGE][PASSED] - Navigate to 'https://www.qa.tripfocus.com' successfully

22-10-2025T11:02:38 - [TEST_STEP][PASSED] - maximizeWindow(): Current window maximized

22-10-2025T11:02:38 - [MESSAGE][PASSED] - Current window maximized

22-10-2025T11:02:38 - [TEST_STEP][PASSED] - click(findTestObject("Object Repository/TripFocus/Page_TripFocus/button_Sign in")): Object: 'Object Repository/TripFocus/Page_TripFocus/button_Sign in' is clicked on

22-10-2025T11:02:38 - [MESSAGE][PASSED] - Object: 'Object Repository/TripFocus/Page_TripFocus/button_Sign in' is clicked on

22-10-2025T11:02:38 - [TEST_STEP][PASSED] - setText(findTestObject("Object Repository/TripFocus/Page_TripFocus/input_Username (e.g. email address)_Username"), TripFocusBleachTechSPGUsername): Text 'Ashford.Chenault+BleachtechCustomerSPGONLY@thekag.com' is set on object 'Object Repository/TripFocus/Page_TripFocus/input_Username (e.g. email address)_Username'

22-10-2025T11:02:38 - [MESSAGE][PASSED] - Text 'Ashford.Chenault+BleachtechCustomerSPGONLY@thekag.com' is set on object 'Object Repository/TripFocus/Page_TripFocus/input_Username (e.g. email address)_Username'

22-10-2025T11:02:38 - [TEST_STEP][PASSED] - setText(findTestObject("Object Repository/TripFocus/Page_TripFocus/input_Password_Password"), TripFocusFDGSPGPassword): Text 'CrashBan911!!' is set on object 'Object Repository/TripFocus/Page_TripFocus/input_Password_Password'

22-10-2025T11:02:38 - [MESSAGE][PASSED] - Text 'CrashBan911!!' is set on object 'Object Repository/TripFocus/Page_TripFocus/input_Password_Password'

22-10-2025T11:02:38 - [TEST_STEP][PASSED] - click(findTestObject("Object Repository/TripFocus/Page_TripFocus/button_Login")): Object: 'Object Repository/TripFocus/Page_TripFocus/button_Login' is clicked on

22-10-2025T11:02:38 - [MESSAGE][PASSED] - Object: 'Object Repository/TripFocus/Page_TripFocus/button_Login' is clicked on

22-10-2025T11:02:38 - [TEST_STEP][PASSED] - maximizeWindow(): Current window maximized

22-10-2025T11:02:39 - [MESSAGE][PASSED] - Current window maximized

22-10-2025T11:02:39 - [TEST_STEP][PASSED] - waitForElementVisible(findTestObject("TripFocus/Testing_Notification_btn"), 15, OPTIONAL): Web element with id: 'Object Repository/TripFocus/Testing_Notification_btn' located by '//*[@id="__BVID__10___BV_modal_footer_"]/button' not found

22-10-2025T11:02:55 - [MESSAGE][INFO] - Unable to find the element located by 'By.xpath: //*[@id="__BVID__10___BV_modal_footer_"]/button'. Please recheck the objects properties to make sure the desired element is located. 

22-10-2025T11:02:55 - [MESSAGE][WARNING] - [SELF-HEALING] Failed to find element with id 'Object Repository/TripFocus/Testing_Notification_btn'. Try using Self-healing.

22-10-2025T11:02:56 - [MESSAGE][INFO] - [SELF-HEALING] No working XPath is found.

22-10-2025T11:02:58 - [MESSAGE][INFO] - Unable to find the element located by 'By.xpath: '. Please recheck the objects properties to make sure the desired element is located. 

22-10-2025T11:02:58 - [MESSAGE][WARNING] - [SELF-HEALING] Cannot find elements when the selector is null

22-10-2025T11:02:58 - [MESSAGE][WARNING] - Web element with id: 'Object Repository/TripFocus/Testing_Notification_btn' located by '//*[@id="__BVID__10___BV_modal_footer_"]/button' not found

22-10-2025T11:02:58 - [TEST_STEP][PASSED] - if (verifyElementVisible(findTestObject("TripFocus/Testing_Notification_btn"), OPTIONAL) == true): Web element with id: 'Object Repository/TripFocus/Testing_Notification_btn' located by '//*[@id="__BVID__10___BV_modal_footer_"]/button' not found (Root cause: com.kms.katalon.core.exception.StepFailedException: Web element with id: 'Object Repository/TripFocus/Testing_Notification_btn' located by '//*[@id="__BVID__10___BV_modal_footer_"]/button' not found
	at com.kms.katalon.core.webui.keyword.internal.WebUIKeywordMain.stepFailed(WebUIKeywordMain.groovy:117)
	at com.kms.katalon.core.webui.keyword.builtin.VerifyElementVisibleKeyword$_verifyElementVisible_closure1.doCall(VerifyElementVisibleKeyword.groovy:89)
	at com.kms.katalon.core.webui.keyword.builtin.VerifyElementVisibleKeyword$_verifyElementVisible_closure1.call(VerifyElementVisibleKeyword.groovy)
	at com.kms.katalon.core.webui.keyword.internal.WebUIKeywordMain.runKeyword(WebUIKeywordMain.groovy:35)
	at com.kms.katalon.core.webui.keyword.builtin.VerifyElementVisibleKeyword.verifyElementVisible(VerifyElementVisibleKeyword.groovy:97)
	at com.kms.katalon.core.webui.keyword.builtin.VerifyElementVisibleKeyword.execute(VerifyElementVisibleKeyword.groovy:67)
	at com.kms.katalon.core.keyword.internal.KeywordExecutor.executeKeywordForPlatform(KeywordExecutor.groovy:74)
	at com.kms.katalon.core.webui.keyword.WebUiBuiltInKeywords.verifyElementVisible(WebUiBuiltInKeywords.groovy:401)
	at com.kms.katalon.core.webui.keyword.WebUiBuiltInKeywords$verifyElementVisible$5.call(Unknown Source)
	at Verify Additional Notes Remarks Field.run(Verify Additional Notes Remarks Field:40)
	at com.kms.katalon.core.main.ScriptEngine.run(ScriptEngine.java:194)
	at com.kms.katalon.core.main.ScriptEngine.runScriptAsRawText(ScriptEngine.java:119)
	at com.kms.katalon.core.main.TestCaseExecutor.runScript(TestCaseExecutor.java:448)
	at com.kms.katalon.core.main.TestCaseExecutor.doExecute(TestCaseExecutor.java:439)
	at com.kms.katalon.core.main.TestCaseExecutor.processExecutionPhase(TestCaseExecutor.java:418)
	at com.kms.katalon.core.main.TestCaseExecutor.accessMainPhase(TestCaseExecutor.java:410)
	at com.kms.katalon.core.main.TestCaseExecutor.execute(TestCaseExecutor.java:285)
	at com.kms.katalon.core.common.CommonExecutor.accessTestCaseMainPhase(CommonExecutor.java:65)
	at com.kms.katalon.core.main.TestSuiteExecutor.accessTestSuiteMainPhase(TestSuiteExecutor.java:150)
	at com.kms.katalon.core.main.TestSuiteExecutor.execute(TestSuiteExecutor.java:106)
	at com.kms.katalon.core.main.TestCaseMain.startTestSuite(TestCaseMain.java:180)
	at com.kms.katalon.core.main.TestCaseMain$startTestSuite$0.call(Unknown Source)
	at TempTestSuite1761139103004.run(TempTestSuite1761139103004.groovy:35)
	at java.base/jdk.internal.reflect.NativeMethodAccessorImpl.invoke0(Native Method)
	at java.base/jdk.internal.reflect.NativeMethodAccessorImpl.invoke(NativeMethodAccessorImpl.java:77)
	at java.base/jdk.internal.reflect.DelegatingMethodAccessorImpl.invoke(DelegatingMethodAccessorImpl.java:43)
)

22-10-2025T11:03:14 - [MESSAGE][INFO] - Unable to find the element located by 'By.xpath: //*[@id="__BVID__10___BV_modal_footer_"]/button'. Please recheck the objects properties to make sure the desired element is located. 

22-10-2025T11:03:14 - [MESSAGE][WARNING] - [SELF-HEALING] Failed to find element with id 'Object Repository/TripFocus/Testing_Notification_btn'. Try using Self-healing.

22-10-2025T11:03:15 - [MESSAGE][INFO] - [SELF-HEALING] No working XPath is found.

22-10-2025T11:03:17 - [MESSAGE][INFO] - Unable to find the element located by 'By.xpath: '. Please recheck the objects properties to make sure the desired element is located. 

22-10-2025T11:03:17 - [MESSAGE][WARNING] - [SELF-HEALING] Cannot find elements when the selector is null

22-10-2025T11:03:17 - [MESSAGE][WARNING] - Web element with id: 'Object Repository/TripFocus/Testing_Notification_btn' located by '//*[@id="__BVID__10___BV_modal_footer_"]/button' not found (Root cause: com.kms.katalon.core.exception.StepFailedException: Web element with id: 'Object Repository/TripFocus/Testing_Notification_btn' located by '//*[@id="__BVID__10___BV_modal_footer_"]/button' not found
	at com.kms.katalon.core.webui.keyword.internal.WebUIKeywordMain.stepFailed(WebUIKeywordMain.groovy:117)
	at com.kms.katalon.core.webui.keyword.builtin.VerifyElementVisibleKeyword$_verifyElementVisible_closure1.doCall(VerifyElementVisibleKeyword.groovy:89)
	at com.kms.katalon.core.webui.keyword.builtin.VerifyElementVisibleKeyword$_verifyElementVisible_closure1.call(VerifyElementVisibleKeyword.groovy)
	at com.kms.katalon.core.webui.keyword.internal.WebUIKeywordMain.runKeyword(WebUIKeywordMain.groovy:35)
	at com.kms.katalon.core.webui.keyword.builtin.VerifyElementVisibleKeyword.verifyElementVisible(VerifyElementVisibleKeyword.groovy:97)
	at com.kms.katalon.core.webui.keyword.builtin.VerifyElementVisibleKeyword.execute(VerifyElementVisibleKeyword.groovy:67)
	at com.kms.katalon.core.keyword.internal.KeywordExecutor.executeKeywordForPlatform(KeywordExecutor.groovy:74)
	at com.kms.katalon.core.webui.keyword.WebUiBuiltInKeywords.verifyElementVisible(WebUiBuiltInKeywords.groovy:401)
	at com.kms.katalon.core.webui.keyword.WebUiBuiltInKeywords$verifyElementVisible$5.call(Unknown Source)
	at Verify Additional Notes Remarks Field.run(Verify Additional Notes Remarks Field:40)
	at com.kms.katalon.core.main.ScriptEngine.run(ScriptEngine.java:194)
	at com.kms.katalon.core.main.ScriptEngine.runScriptAsRawText(ScriptEngine.java:119)
	at com.kms.katalon.core.main.TestCaseExecutor.runScript(TestCaseExecutor.java:448)
	at com.kms.katalon.core.main.TestCaseExecutor.doExecute(TestCaseExecutor.java:439)
	at com.kms.katalon.core.main.TestCaseExecutor.processExecutionPhase(TestCaseExecutor.java:418)
	at com.kms.katalon.core.main.TestCaseExecutor.accessMainPhase(TestCaseExecutor.java:410)
	at com.kms.katalon.core.main.TestCaseExecutor.execute(TestCaseExecutor.java:285)
	at com.kms.katalon.core.common.CommonExecutor.accessTestCaseMainPhase(CommonExecutor.java:65)
	at com.kms.katalon.core.main.TestSuiteExecutor.accessTestSuiteMainPhase(TestSuiteExecutor.java:150)
	at com.kms.katalon.core.main.TestSuiteExecutor.execute(TestSuiteExecutor.java:106)
	at com.kms.katalon.core.main.TestCaseMain.startTestSuite(TestCaseMain.java:180)
	at com.kms.katalon.core.main.TestCaseMain$startTestSuite$0.call(Unknown Source)
	at TempTestSuite1761139103004.run(TempTestSuite1761139103004.groovy:35)
	at java.base/jdk.internal.reflect.NativeMethodAccessorImpl.invoke0(Native Method)
	at java.base/jdk.internal.reflect.NativeMethodAccessorImpl.invoke(NativeMethodAccessorImpl.java:77)
	at java.base/jdk.internal.reflect.DelegatingMethodAccessorImpl.invoke(DelegatingMethodAccessorImpl.java:43)
)

22-10-2025T11:03:17 - [TEST_STEP][PASSED] - click(findTestObject("TripFocus/Order Templates/Order Templates_tab")): Object: 'Object Repository/TripFocus/Order Templates/Order Templates_tab' is clicked on

22-10-2025T11:03:17 - [MESSAGE][PASSED] - Object: 'Object Repository/TripFocus/Order Templates/Order Templates_tab' is clicked on

22-10-2025T11:03:17 - [TEST_STEP][PASSED] - delay(5): Delayed 5 second(s)

22-10-2025T11:03:22 - [MESSAGE][PASSED] - Delayed 5 second(s)

22-10-2025T11:03:22 - [TEST_STEP][PASSED] - click(findTestObject("TripFocus/Order Templates/Create New Template_btn")): Object: 'Object Repository/TripFocus/Order Templates/Create New Template_btn' is clicked on

22-10-2025T11:03:22 - [MESSAGE][PASSED] - Object: 'Object Repository/TripFocus/Order Templates/Create New Template_btn' is clicked on

22-10-2025T11:03:22 - [TEST_STEP][PASSED] - delay(5): Delayed 5 second(s)

22-10-2025T11:03:27 - [MESSAGE][PASSED] - Delayed 5 second(s)

22-10-2025T11:03:27 - [TEST_STEP][PASSED] - verifyElementPresent(findTestObject("TripFocus/Order Templates/Templates_Additional_Notes_Remarks_txt"), 10): Object 'Object Repository/TripFocus/Order Templates/Templates_Additional_Notes_Remarks_txt' is present

22-10-2025T11:03:27 - [MESSAGE][PASSED] - Object 'Object Repository/TripFocus/Order Templates/Templates_Additional_Notes_Remarks_txt' is present

22-10-2025T11:03:27 - [TEST_STEP][PASSED] - verifyElementVisible(findTestObject("TripFocus/Order Templates/Templates_Additional_Notes_Remarks_txt"), STOP_ON_FAILURE): Object 'Object Repository/TripFocus/Order Templates/Templates_Additional_Notes_Remarks_txt' is visible

22-10-2025T11:03:27 - [MESSAGE][PASSED] - Object 'Object Repository/TripFocus/Order Templates/Templates_Additional_Notes_Remarks_txt' is visible

22-10-2025T11:03:27 - [TEST_STEP][PASSED] - sendKeys(findTestObject("TripFocus/Order Templates/Templates_Additional_Notes_Remarks_txt"), "This is only a test. Do not be afraid. Stay calm. PLEASE!"): Keys 'This is only a test. Do not be afraid. Stay calm. PLEASE!' sent to object: 'Object Repository/TripFocus/Order Templates/Templates_Additional_Notes_Remarks_txt'

22-10-2025T11:03:28 - [MESSAGE][PASSED] - Keys 'This is only a test. Do not be afraid. Stay calm. PLEASE!' sent to object: 'Object Repository/TripFocus/Order Templates/Templates_Additional_Notes_Remarks_txt'

22-10-2025T11:03:28 - [TEST_STEP][PASSED] - Start listener action : retryOnDisconnect: null

22-10-2025T11:03:28 - [TEST_STEP][PASSED] - tcId = testCaseContext.getTestCaseId(): null

22-10-2025T11:03:28 - [TEST_STEP][PASSED] - currentRetry = retryCounts.getOrDefault(tcId, 0): null

22-10-2025T11:03:28 - [TEST_STEP][PASSED] - if (testCaseContext.getTestCaseStatus() == "FAILED" && currentRetry < MAX_RETRIES): null]]></system-out>
         <system-err><![CDATA[]]></system-err>
      </testcase>
      <testcase name="Test Cases/TripFocus/SPG/SPG - Templates/Verify Create Order Button from Created Template" time="47.552" classname="Test Cases/TripFocus/SPG/SPG - Templates/Verify Create Order Button from Created Template" status="PASSED">
         <system-out><![CDATA[22-10-2025T11:03:28 - [TEST_CASE][PASSED] - Test Cases/TripFocus/SPG/SPG - Templates/Verify Create Order Button from Created Template: Test Cases/TripFocus/SPG/SPG - Templates/Verify Create Order Button from Created Template

22-10-2025T11:03:28 - [TEST_STEP][PASSED] - Start listener action : beforeTestCase: null

22-10-2025T11:03:28 - [TEST_STEP][PASSED] - addDefaultPackages(): null

22-10-2025T11:03:28 - [TEST_STEP][PASSED] - openBrowser(""): Browser is opened with url: ''

22-10-2025T11:03:28 - [MESSAGE][WARNING] - A browser is already opened. Closing browser and opening a new one

22-10-2025T11:03:28 - [MESSAGE][INFO] - Starting 'Chrome' driver

22-10-2025T11:03:28 - [MESSAGE][INFO] - User set preference: ['args', '[--no-sandbox, --disable-gpu, --disable-dev-shm-usage]']

22-10-2025T11:03:28 - [MESSAGE][INFO] - Action delay is set to 0 milliseconds

22-10-2025T11:03:29 - [MESSAGE][PASSED] - Browser is opened with url: ''

22-10-2025T11:03:29 - [TEST_STEP][PASSED] - navigateToUrl(TFBaseURL): Navigate to 'https://www.qa.tripfocus.com' successfully

22-10-2025T11:03:29 - [MESSAGE][PASSED] - Navigate to 'https://www.qa.tripfocus.com' successfully

22-10-2025T11:03:29 - [TEST_STEP][PASSED] - maximizeWindow(): Current window maximized

22-10-2025T11:03:29 - [MESSAGE][PASSED] - Current window maximized

22-10-2025T11:03:29 - [TEST_STEP][PASSED] - click(findTestObject("Object Repository/TripFocus/Page_TripFocus/button_Sign in")): Object: 'Object Repository/TripFocus/Page_TripFocus/button_Sign in' is clicked on

22-10-2025T11:03:29 - [MESSAGE][PASSED] - Object: 'Object Repository/TripFocus/Page_TripFocus/button_Sign in' is clicked on

22-10-2025T11:03:29 - [TEST_STEP][PASSED] - setText(findTestObject("Object Repository/TripFocus/Page_TripFocus/input_Username (e.g. email address)_Username"), TripFocusBleachTechSPGUsername): Text 'Ashford.Chenault+BleachtechCustomerSPGONLY@thekag.com' is set on object 'Object Repository/TripFocus/Page_TripFocus/input_Username (e.g. email address)_Username'

22-10-2025T11:03:30 - [MESSAGE][PASSED] - Text 'Ashford.Chenault+BleachtechCustomerSPGONLY@thekag.com' is set on object 'Object Repository/TripFocus/Page_TripFocus/input_Username (e.g. email address)_Username'

22-10-2025T11:03:30 - [TEST_STEP][PASSED] - setText(findTestObject("Object Repository/TripFocus/Page_TripFocus/input_Password_Password"), TripFocusFDGSPGPassword): Text 'CrashBan911!!' is set on object 'Object Repository/TripFocus/Page_TripFocus/input_Password_Password'

22-10-2025T11:03:30 - [MESSAGE][PASSED] - Text 'CrashBan911!!' is set on object 'Object Repository/TripFocus/Page_TripFocus/input_Password_Password'

22-10-2025T11:03:30 - [TEST_STEP][PASSED] - click(findTestObject("Object Repository/TripFocus/Page_TripFocus/button_Login")): Object: 'Object Repository/TripFocus/Page_TripFocus/button_Login' is clicked on

22-10-2025T11:03:30 - [MESSAGE][PASSED] - Object: 'Object Repository/TripFocus/Page_TripFocus/button_Login' is clicked on

22-10-2025T11:03:30 - [TEST_STEP][PASSED] - maximizeWindow(): Current window maximized

22-10-2025T11:03:30 - [MESSAGE][PASSED] - Current window maximized

22-10-2025T11:03:30 - [TEST_STEP][PASSED] - waitForElementVisible(findTestObject("TripFocus/Testing_Notification_btn"), 15, OPTIONAL): Web element with id: 'Object Repository/TripFocus/Testing_Notification_btn' located by '//*[@id="__BVID__10___BV_modal_footer_"]/button' not found

22-10-2025T11:03:46 - [MESSAGE][INFO] - Unable to find the element located by 'By.xpath: //*[@id="__BVID__10___BV_modal_footer_"]/button'. Please recheck the objects properties to make sure the desired element is located. 

22-10-2025T11:03:46 - [MESSAGE][WARNING] - [SELF-HEALING] Failed to find element with id 'Object Repository/TripFocus/Testing_Notification_btn'. Try using Self-healing.

22-10-2025T11:03:47 - [MESSAGE][INFO] - [SELF-HEALING] No working XPath is found.

22-10-2025T11:03:49 - [MESSAGE][INFO] - Unable to find the element located by 'By.xpath: '. Please recheck the objects properties to make sure the desired element is located. 

22-10-2025T11:03:49 - [MESSAGE][WARNING] - [SELF-HEALING] Cannot find elements when the selector is null

22-10-2025T11:03:49 - [MESSAGE][WARNING] - Web element with id: 'Object Repository/TripFocus/Testing_Notification_btn' located by '//*[@id="__BVID__10___BV_modal_footer_"]/button' not found

22-10-2025T11:03:49 - [TEST_STEP][PASSED] - if (verifyElementVisible(findTestObject("TripFocus/Testing_Notification_btn"), OPTIONAL) == true): Web element with id: 'Object Repository/TripFocus/Testing_Notification_btn' located by '//*[@id="__BVID__10___BV_modal_footer_"]/button' not found (Root cause: com.kms.katalon.core.exception.StepFailedException: Web element with id: 'Object Repository/TripFocus/Testing_Notification_btn' located by '//*[@id="__BVID__10___BV_modal_footer_"]/button' not found
	at com.kms.katalon.core.webui.keyword.internal.WebUIKeywordMain.stepFailed(WebUIKeywordMain.groovy:117)
	at com.kms.katalon.core.webui.keyword.builtin.VerifyElementVisibleKeyword$_verifyElementVisible_closure1.doCall(VerifyElementVisibleKeyword.groovy:89)
	at com.kms.katalon.core.webui.keyword.builtin.VerifyElementVisibleKeyword$_verifyElementVisible_closure1.call(VerifyElementVisibleKeyword.groovy)
	at com.kms.katalon.core.webui.keyword.internal.WebUIKeywordMain.runKeyword(WebUIKeywordMain.groovy:35)
	at com.kms.katalon.core.webui.keyword.builtin.VerifyElementVisibleKeyword.verifyElementVisible(VerifyElementVisibleKeyword.groovy:97)
	at com.kms.katalon.core.webui.keyword.builtin.VerifyElementVisibleKeyword.execute(VerifyElementVisibleKeyword.groovy:67)
	at com.kms.katalon.core.keyword.internal.KeywordExecutor.executeKeywordForPlatform(KeywordExecutor.groovy:74)
	at com.kms.katalon.core.webui.keyword.WebUiBuiltInKeywords.verifyElementVisible(WebUiBuiltInKeywords.groovy:401)
	at com.kms.katalon.core.webui.keyword.WebUiBuiltInKeywords$verifyElementVisible$5.call(Unknown Source)
	at Verify Create Order Button from Created Template.run(Verify Create Order Button from Created Template:40)
	at com.kms.katalon.core.main.ScriptEngine.run(ScriptEngine.java:194)
	at com.kms.katalon.core.main.ScriptEngine.runScriptAsRawText(ScriptEngine.java:119)
	at com.kms.katalon.core.main.TestCaseExecutor.runScript(TestCaseExecutor.java:448)
	at com.kms.katalon.core.main.TestCaseExecutor.doExecute(TestCaseExecutor.java:439)
	at com.kms.katalon.core.main.TestCaseExecutor.processExecutionPhase(TestCaseExecutor.java:418)
	at com.kms.katalon.core.main.TestCaseExecutor.accessMainPhase(TestCaseExecutor.java:410)
	at com.kms.katalon.core.main.TestCaseExecutor.execute(TestCaseExecutor.java:285)
	at com.kms.katalon.core.common.CommonExecutor.accessTestCaseMainPhase(CommonExecutor.java:65)
	at com.kms.katalon.core.main.TestSuiteExecutor.accessTestSuiteMainPhase(TestSuiteExecutor.java:150)
	at com.kms.katalon.core.main.TestSuiteExecutor.execute(TestSuiteExecutor.java:106)
	at com.kms.katalon.core.main.TestCaseMain.startTestSuite(TestCaseMain.java:180)
	at com.kms.katalon.core.main.TestCaseMain$startTestSuite$0.call(Unknown Source)
	at TempTestSuite1761139103004.run(TempTestSuite1761139103004.groovy:35)
	at java.base/jdk.internal.reflect.NativeMethodAccessorImpl.invoke0(Native Method)
	at java.base/jdk.internal.reflect.NativeMethodAccessorImpl.invoke(NativeMethodAccessorImpl.java:77)
	at java.base/jdk.internal.reflect.DelegatingMethodAccessorImpl.invoke(DelegatingMethodAccessorImpl.java:43)
)

22-10-2025T11:04:06 - [MESSAGE][INFO] - Unable to find the element located by 'By.xpath: //*[@id="__BVID__10___BV_modal_footer_"]/button'. Please recheck the objects properties to make sure the desired element is located. 

22-10-2025T11:04:06 - [MESSAGE][WARNING] - [SELF-HEALING] Failed to find element with id 'Object Repository/TripFocus/Testing_Notification_btn'. Try using Self-healing.

22-10-2025T11:04:07 - [MESSAGE][INFO] - [SELF-HEALING] No working XPath is found.

22-10-2025T11:04:09 - [MESSAGE][INFO] - Unable to find the element located by 'By.xpath: '. Please recheck the objects properties to make sure the desired element is located. 

22-10-2025T11:04:09 - [MESSAGE][WARNING] - [SELF-HEALING] Cannot find elements when the selector is null

22-10-2025T11:04:09 - [MESSAGE][WARNING] - Web element with id: 'Object Repository/TripFocus/Testing_Notification_btn' located by '//*[@id="__BVID__10___BV_modal_footer_"]/button' not found (Root cause: com.kms.katalon.core.exception.StepFailedException: Web element with id: 'Object Repository/TripFocus/Testing_Notification_btn' located by '//*[@id="__BVID__10___BV_modal_footer_"]/button' not found
	at com.kms.katalon.core.webui.keyword.internal.WebUIKeywordMain.stepFailed(WebUIKeywordMain.groovy:117)
	at com.kms.katalon.core.webui.keyword.builtin.VerifyElementVisibleKeyword$_verifyElementVisible_closure1.doCall(VerifyElementVisibleKeyword.groovy:89)
	at com.kms.katalon.core.webui.keyword.builtin.VerifyElementVisibleKeyword$_verifyElementVisible_closure1.call(VerifyElementVisibleKeyword.groovy)
	at com.kms.katalon.core.webui.keyword.internal.WebUIKeywordMain.runKeyword(WebUIKeywordMain.groovy:35)
	at com.kms.katalon.core.webui.keyword.builtin.VerifyElementVisibleKeyword.verifyElementVisible(VerifyElementVisibleKeyword.groovy:97)
	at com.kms.katalon.core.webui.keyword.builtin.VerifyElementVisibleKeyword.execute(VerifyElementVisibleKeyword.groovy:67)
	at com.kms.katalon.core.keyword.internal.KeywordExecutor.executeKeywordForPlatform(KeywordExecutor.groovy:74)
	at com.kms.katalon.core.webui.keyword.WebUiBuiltInKeywords.verifyElementVisible(WebUiBuiltInKeywords.groovy:401)
	at com.kms.katalon.core.webui.keyword.WebUiBuiltInKeywords$verifyElementVisible$5.call(Unknown Source)
	at Verify Create Order Button from Created Template.run(Verify Create Order Button from Created Template:40)
	at com.kms.katalon.core.main.ScriptEngine.run(ScriptEngine.java:194)
	at com.kms.katalon.core.main.ScriptEngine.runScriptAsRawText(ScriptEngine.java:119)
	at com.kms.katalon.core.main.TestCaseExecutor.runScript(TestCaseExecutor.java:448)
	at com.kms.katalon.core.main.TestCaseExecutor.doExecute(TestCaseExecutor.java:439)
	at com.kms.katalon.core.main.TestCaseExecutor.processExecutionPhase(TestCaseExecutor.java:418)
	at com.kms.katalon.core.main.TestCaseExecutor.accessMainPhase(TestCaseExecutor.java:410)
	at com.kms.katalon.core.main.TestCaseExecutor.execute(TestCaseExecutor.java:285)
	at com.kms.katalon.core.common.CommonExecutor.accessTestCaseMainPhase(CommonExecutor.java:65)
	at com.kms.katalon.core.main.TestSuiteExecutor.accessTestSuiteMainPhase(TestSuiteExecutor.java:150)
	at com.kms.katalon.core.main.TestSuiteExecutor.execute(TestSuiteExecutor.java:106)
	at com.kms.katalon.core.main.TestCaseMain.startTestSuite(TestCaseMain.java:180)
	at com.kms.katalon.core.main.TestCaseMain$startTestSuite$0.call(Unknown Source)
	at TempTestSuite1761139103004.run(TempTestSuite1761139103004.groovy:35)
	at java.base/jdk.internal.reflect.NativeMethodAccessorImpl.invoke0(Native Method)
	at java.base/jdk.internal.reflect.NativeMethodAccessorImpl.invoke(NativeMethodAccessorImpl.java:77)
	at java.base/jdk.internal.reflect.DelegatingMethodAccessorImpl.invoke(DelegatingMethodAccessorImpl.java:43)
)

22-10-2025T11:04:09 - [TEST_STEP][PASSED] - click(findTestObject("TripFocus/Order Templates/Order Templates_tab")): Object: 'Object Repository/TripFocus/Order Templates/Order Templates_tab' is clicked on

22-10-2025T11:04:09 - [MESSAGE][PASSED] - Object: 'Object Repository/TripFocus/Order Templates/Order Templates_tab' is clicked on

22-10-2025T11:04:09 - [TEST_STEP][PASSED] - delay(3): Delayed 3 second(s)

22-10-2025T11:04:12 - [MESSAGE][PASSED] - Delayed 3 second(s)

22-10-2025T11:04:12 - [TEST_STEP][PASSED] - setText(findTestObject("TripFocus/Order Templates/Template_Search_txt"), "CamTest"): Text 'CamTest' is set on object 'Object Repository/TripFocus/Order Templates/Template_Search_txt'

22-10-2025T11:04:12 - [MESSAGE][PASSED] - Text 'CamTest' is set on object 'Object Repository/TripFocus/Order Templates/Template_Search_txt'

22-10-2025T11:04:12 - [TEST_STEP][PASSED] - delay(3): Delayed 3 second(s)

22-10-2025T11:04:15 - [MESSAGE][PASSED] - Delayed 3 second(s)

22-10-2025T11:04:15 - [TEST_STEP][PASSED] - click(findTestObject("TripFocus/Order Templates/Template_Search_btn"), STOP_ON_FAILURE): Object: 'Object Repository/TripFocus/Order Templates/Template_Search_btn' is clicked on

22-10-2025T11:04:15 - [MESSAGE][PASSED] - Object: 'Object Repository/TripFocus/Order Templates/Template_Search_btn' is clicked on

22-10-2025T11:04:15 - [TEST_STEP][PASSED] - waitForElementPresent(findTestObject("TripFocus/Order Templates/Template_Create_Order_btn"), 10): Object 'Object Repository/TripFocus/Order Templates/Template_Create_Order_btn' is present

22-10-2025T11:04:15 - [MESSAGE][PASSED] - Object 'Object Repository/TripFocus/Order Templates/Template_Create_Order_btn' is present

22-10-2025T11:04:15 - [TEST_STEP][PASSED] - verifyElementPresent(findTestObject("TripFocus/Order Templates/Template_Create_Order_btn"), 10): Object 'Object Repository/TripFocus/Order Templates/Template_Create_Order_btn' is present

22-10-2025T11:04:15 - [MESSAGE][PASSED] - Object 'Object Repository/TripFocus/Order Templates/Template_Create_Order_btn' is present

22-10-2025T11:04:15 - [TEST_STEP][PASSED] - click(findTestObject("TripFocus/Order Templates/Template_Create_Order_btn"), STOP_ON_FAILURE): Object: 'Object Repository/TripFocus/Order Templates/Template_Create_Order_btn' is clicked on

22-10-2025T11:04:15 - [MESSAGE][PASSED] - Object: 'Object Repository/TripFocus/Order Templates/Template_Create_Order_btn' is clicked on

22-10-2025T11:04:15 - [TEST_STEP][PASSED] - Start listener action : retryOnDisconnect: null

22-10-2025T11:04:15 - [TEST_STEP][PASSED] - tcId = testCaseContext.getTestCaseId(): null

22-10-2025T11:04:15 - [TEST_STEP][PASSED] - currentRetry = retryCounts.getOrDefault(tcId, 0): null

22-10-2025T11:04:15 - [TEST_STEP][PASSED] - if (testCaseContext.getTestCaseStatus() == "FAILED" && currentRetry < MAX_RETRIES): null]]></system-out>
         <system-err><![CDATA[]]></system-err>
      </testcase>
      <testcase name="Test Cases/TripFocus/SPG/SPG - Templates/Verify Customer Template Checkbox" time="70.577" classname="Test Cases/TripFocus/SPG/SPG - Templates/Verify Customer Template Checkbox" status="FAILED">
         <failure type="FAILED" message="Test Cases/TripFocus/SPG/SPG - Templates/Verify Customer Template Checkbox FAILED.&#xa;Reason:&#xa;com.kms.katalon.core.exception.StepFailedException: Unable to click on object 'Object Repository/TripFocus/Order Templates/Customer_Template_checkbox'&#xa;	at com.kms.katalon.core.webui.keyword.internal.WebUIKeywordMain.stepFailed(WebUIKeywordMain.groovy:117)&#xa;	at com.kms.katalon.core.webui.keyword.internal.WebUIKeywordMain.runKeyword(WebUIKeywordMain.groovy:43)&#xa;	at com.kms.katalon.core.webui.keyword.builtin.ClickKeyword.click(ClickKeyword.groovy:74)&#xa;	at com.kms.katalon.core.webui.keyword.builtin.ClickKeyword.execute(ClickKeyword.groovy:40)&#xa;	at com.kms.katalon.core.keyword.internal.KeywordExecutor.executeKeywordForPlatform(KeywordExecutor.groovy:74)&#xa;	at com.kms.katalon.core.webui.keyword.WebUiBuiltInKeywords.click(WebUiBuiltInKeywords.groovy:659)&#xa;	at com.kms.katalon.core.webui.keyword.WebUiBuiltInKeywords$click$2.call(Unknown Source)&#xa;	at Verify Customer Template Checkbox.run(Verify Customer Template Checkbox:55)&#xa;	at com.kms.katalon.core.main.ScriptEngine.run(ScriptEngine.java:194)&#xa;	at com.kms.katalon.core.main.ScriptEngine.runScriptAsRawText(ScriptEngine.java:119)&#xa;	at com.kms.katalon.core.main.TestCaseExecutor.runScript(TestCaseExecutor.java:448)&#xa;	at com.kms.katalon.core.main.TestCaseExecutor.doExecute(TestCaseExecutor.java:439)&#xa;	at com.kms.katalon.core.main.TestCaseExecutor.processExecutionPhase(TestCaseExecutor.java:418)&#xa;	at com.kms.katalon.core.main.TestCaseExecutor.accessMainPhase(TestCaseExecutor.java:410)&#xa;	at com.kms.katalon.core.main.TestCaseExecutor.execute(TestCaseExecutor.java:285)&#xa;	at com.kms.katalon.core.common.CommonExecutor.accessTestCaseMainPhase(CommonExecutor.java:65)&#xa;	at com.kms.katalon.core.main.TestSuiteExecutor.accessTestSuiteMainPhase(TestSuiteExecutor.java:150)&#xa;	at com.kms.katalon.core.main.TestSuiteExecutor.execute(TestSuiteExecutor.java:106)&#xa;	at com.kms.katalon.core.main.TestCaseMain.startTestSuite(TestCaseMain.java:180)&#xa;	at com.kms.katalon.core.main.TestCaseMain$startTestSuite$0.call(Unknown Source)&#xa;	at TempTestSuite1761139103004.run(TempTestSuite1761139103004.groovy:35)&#xa;	at java.base/jdk.internal.reflect.NativeMethodAccessorImpl.invoke0(Native Method)&#xa;	at java.base/jdk.internal.reflect.NativeMethodAccessorImpl.invoke(NativeMethodAccessorImpl.java:77)&#xa;	at java.base/jdk.internal.reflect.DelegatingMethodAccessorImpl.invoke(DelegatingMethodAccessorImpl.java:43)&#xa;Caused by: com.kms.katalon.core.webui.exception.WebElementNotFoundException: Web element with id: 'Object Repository/TripFocus/Order Templates/Customer_Template_checkbox' located by '/html/body/div/div[2]/div/main/div/section/div[3]/div/div/div[1]/div/section[1]/div[2]/section' not found&#xa;	at com.kms.katalon.core.webui.common.WebUiCommonHelper.findWebElement(WebUiCommonHelper.java:1423)&#xa;	at com.kms.katalon.core.webui.keyword.internal.WebUIAbstractKeyword.findWebElement(WebUIAbstractKeyword.groovy:27)&#xa;	at com.kms.katalon.core.webui.keyword.builtin.ClickKeyword$_click_closure1.doCall(ClickKeyword.groovy:65)&#xa;	at com.kms.katalon.core.webui.keyword.builtin.ClickKeyword$_click_closure1.call(ClickKeyword.groovy)&#xa;	at com.kms.katalon.core.webui.keyword.internal.WebUIKeywordMain.runKeyword(WebUIKeywordMain.groovy:35)&#xa;	... 22 more&#xa;"/>
         <system-out><![CDATA[22-10-2025T11:04:15 - [TEST_CASE][FAILED] - Test Cases/TripFocus/SPG/SPG - Templates/Verify Customer Template Checkbox: Test Cases/TripFocus/SPG/SPG - Templates/Verify Customer Template Checkbox FAILED.
Reason:
com.kms.katalon.core.exception.StepFailedException: Unable to click on object 'Object Repository/TripFocus/Order Templates/Customer_Template_checkbox'
	at com.kms.katalon.core.webui.keyword.internal.WebUIKeywordMain.stepFailed(WebUIKeywordMain.groovy:117)
	at com.kms.katalon.core.webui.keyword.internal.WebUIKeywordMain.runKeyword(WebUIKeywordMain.groovy:43)
	at com.kms.katalon.core.webui.keyword.builtin.ClickKeyword.click(ClickKeyword.groovy:74)
	at com.kms.katalon.core.webui.keyword.builtin.ClickKeyword.execute(ClickKeyword.groovy:40)
	at com.kms.katalon.core.keyword.internal.KeywordExecutor.executeKeywordForPlatform(KeywordExecutor.groovy:74)
	at com.kms.katalon.core.webui.keyword.WebUiBuiltInKeywords.click(WebUiBuiltInKeywords.groovy:659)
	at com.kms.katalon.core.webui.keyword.WebUiBuiltInKeywords$click$2.call(Unknown Source)
	at Verify Customer Template Checkbox.run(Verify Customer Template Checkbox:55)
	at com.kms.katalon.core.main.ScriptEngine.run(ScriptEngine.java:194)
	at com.kms.katalon.core.main.ScriptEngine.runScriptAsRawText(ScriptEngine.java:119)
	at com.kms.katalon.core.main.TestCaseExecutor.runScript(TestCaseExecutor.java:448)
	at com.kms.katalon.core.main.TestCaseExecutor.doExecute(TestCaseExecutor.java:439)
	at com.kms.katalon.core.main.TestCaseExecutor.processExecutionPhase(TestCaseExecutor.java:418)
	at com.kms.katalon.core.main.TestCaseExecutor.accessMainPhase(TestCaseExecutor.java:410)
	at com.kms.katalon.core.main.TestCaseExecutor.execute(TestCaseExecutor.java:285)
	at com.kms.katalon.core.common.CommonExecutor.accessTestCaseMainPhase(CommonExecutor.java:65)
	at com.kms.katalon.core.main.TestSuiteExecutor.accessTestSuiteMainPhase(TestSuiteExecutor.java:150)
	at com.kms.katalon.core.main.TestSuiteExecutor.execute(TestSuiteExecutor.java:106)
	at com.kms.katalon.core.main.TestCaseMain.startTestSuite(TestCaseMain.java:180)
	at com.kms.katalon.core.main.TestCaseMain$startTestSuite$0.call(Unknown Source)
	at TempTestSuite1761139103004.run(TempTestSuite1761139103004.groovy:35)
	at java.base/jdk.internal.reflect.NativeMethodAccessorImpl.invoke0(Native Method)
	at java.base/jdk.internal.reflect.NativeMethodAccessorImpl.invoke(NativeMethodAccessorImpl.java:77)
	at java.base/jdk.internal.reflect.DelegatingMethodAccessorImpl.invoke(DelegatingMethodAccessorImpl.java:43)
Caused by: com.kms.katalon.core.webui.exception.WebElementNotFoundException: Web element with id: 'Object Repository/TripFocus/Order Templates/Customer_Template_checkbox' located by '/html/body/div/div[2]/div/main/div/section/div[3]/div/div/div[1]/div/section[1]/div[2]/section' not found
	at com.kms.katalon.core.webui.common.WebUiCommonHelper.findWebElement(WebUiCommonHelper.java:1423)
	at com.kms.katalon.core.webui.keyword.internal.WebUIAbstractKeyword.findWebElement(WebUIAbstractKeyword.groovy:27)
	at com.kms.katalon.core.webui.keyword.builtin.ClickKeyword$_click_closure1.doCall(ClickKeyword.groovy:65)
	at com.kms.katalon.core.webui.keyword.builtin.ClickKeyword$_click_closure1.call(ClickKeyword.groovy)
	at com.kms.katalon.core.webui.keyword.internal.WebUIKeywordMain.runKeyword(WebUIKeywordMain.groovy:35)
	... 22 more


22-10-2025T11:04:15 - [TEST_STEP][PASSED] - Start listener action : beforeTestCase: null

22-10-2025T11:04:15 - [TEST_STEP][PASSED] - addDefaultPackages(): null

22-10-2025T11:04:15 - [TEST_STEP][PASSED] - openBrowser(""): Browser is opened with url: ''

22-10-2025T11:04:15 - [MESSAGE][WARNING] - A browser is already opened. Closing browser and opening a new one

22-10-2025T11:04:15 - [MESSAGE][INFO] - Starting 'Chrome' driver

22-10-2025T11:04:15 - [MESSAGE][INFO] - User set preference: ['args', '[--no-sandbox, --disable-gpu, --disable-dev-shm-usage]']

22-10-2025T11:04:15 - [MESSAGE][INFO] - Action delay is set to 0 milliseconds

22-10-2025T11:04:16 - [MESSAGE][PASSED] - Browser is opened with url: ''

22-10-2025T11:04:16 - [TEST_STEP][PASSED] - navigateToUrl(TFBaseURL): Navigate to 'https://www.qa.tripfocus.com' successfully

22-10-2025T11:04:17 - [MESSAGE][PASSED] - Navigate to 'https://www.qa.tripfocus.com' successfully

22-10-2025T11:04:17 - [TEST_STEP][PASSED] - maximizeWindow(): Current window maximized

22-10-2025T11:04:17 - [MESSAGE][PASSED] - Current window maximized

22-10-2025T11:04:17 - [TEST_STEP][PASSED] - click(findTestObject("Object Repository/TripFocus/Page_TripFocus/button_Sign in")): Object: 'Object Repository/TripFocus/Page_TripFocus/button_Sign in' is clicked on

22-10-2025T11:04:17 - [MESSAGE][PASSED] - Object: 'Object Repository/TripFocus/Page_TripFocus/button_Sign in' is clicked on

22-10-2025T11:04:17 - [TEST_STEP][PASSED] - setText(findTestObject("Object Repository/TripFocus/Page_TripFocus/input_Username (e.g. email address)_Username"), TripFocusBleachTechSPGUsername): Text 'Ashford.Chenault+BleachtechCustomerSPGONLY@thekag.com' is set on object 'Object Repository/TripFocus/Page_TripFocus/input_Username (e.g. email address)_Username'

22-10-2025T11:04:17 - [MESSAGE][PASSED] - Text 'Ashford.Chenault+BleachtechCustomerSPGONLY@thekag.com' is set on object 'Object Repository/TripFocus/Page_TripFocus/input_Username (e.g. email address)_Username'

22-10-2025T11:04:17 - [TEST_STEP][PASSED] - setText(findTestObject("Object Repository/TripFocus/Page_TripFocus/input_Password_Password"), TripFocusFDGSPGPassword): Text 'CrashBan911!!' is set on object 'Object Repository/TripFocus/Page_TripFocus/input_Password_Password'

22-10-2025T11:04:18 - [MESSAGE][PASSED] - Text 'CrashBan911!!' is set on object 'Object Repository/TripFocus/Page_TripFocus/input_Password_Password'

22-10-2025T11:04:18 - [TEST_STEP][PASSED] - click(findTestObject("Object Repository/TripFocus/Page_TripFocus/button_Login")): Object: 'Object Repository/TripFocus/Page_TripFocus/button_Login' is clicked on

22-10-2025T11:04:18 - [MESSAGE][PASSED] - Object: 'Object Repository/TripFocus/Page_TripFocus/button_Login' is clicked on

22-10-2025T11:04:18 - [TEST_STEP][PASSED] - maximizeWindow(): Current window maximized

22-10-2025T11:04:18 - [MESSAGE][PASSED] - Current window maximized

22-10-2025T11:04:18 - [TEST_STEP][PASSED] - waitForElementVisible(findTestObject("TripFocus/Testing_Notification_btn"), 15, OPTIONAL): Web element with id: 'Object Repository/TripFocus/Testing_Notification_btn' located by '//*[@id="__BVID__10___BV_modal_footer_"]/button' not found

22-10-2025T11:04:34 - [MESSAGE][INFO] - Unable to find the element located by 'By.xpath: //*[@id="__BVID__10___BV_modal_footer_"]/button'. Please recheck the objects properties to make sure the desired element is located. 

22-10-2025T11:04:34 - [MESSAGE][WARNING] - [SELF-HEALING] Failed to find element with id 'Object Repository/TripFocus/Testing_Notification_btn'. Try using Self-healing.

22-10-2025T11:04:35 - [MESSAGE][INFO] - [SELF-HEALING] No working XPath is found.

22-10-2025T11:04:37 - [MESSAGE][INFO] - Unable to find the element located by 'By.xpath: '. Please recheck the objects properties to make sure the desired element is located. 

22-10-2025T11:04:37 - [MESSAGE][WARNING] - [SELF-HEALING] Cannot find elements when the selector is null

22-10-2025T11:04:37 - [MESSAGE][WARNING] - Web element with id: 'Object Repository/TripFocus/Testing_Notification_btn' located by '//*[@id="__BVID__10___BV_modal_footer_"]/button' not found

22-10-2025T11:04:37 - [TEST_STEP][PASSED] - if (verifyElementVisible(findTestObject("TripFocus/Testing_Notification_btn"), OPTIONAL) == true): Web element with id: 'Object Repository/TripFocus/Testing_Notification_btn' located by '//*[@id="__BVID__10___BV_modal_footer_"]/button' not found (Root cause: com.kms.katalon.core.exception.StepFailedException: Web element with id: 'Object Repository/TripFocus/Testing_Notification_btn' located by '//*[@id="__BVID__10___BV_modal_footer_"]/button' not found
	at com.kms.katalon.core.webui.keyword.internal.WebUIKeywordMain.stepFailed(WebUIKeywordMain.groovy:117)
	at com.kms.katalon.core.webui.keyword.builtin.VerifyElementVisibleKeyword$_verifyElementVisible_closure1.doCall(VerifyElementVisibleKeyword.groovy:89)
	at com.kms.katalon.core.webui.keyword.builtin.VerifyElementVisibleKeyword$_verifyElementVisible_closure1.call(VerifyElementVisibleKeyword.groovy)
	at com.kms.katalon.core.webui.keyword.internal.WebUIKeywordMain.runKeyword(WebUIKeywordMain.groovy:35)
	at com.kms.katalon.core.webui.keyword.builtin.VerifyElementVisibleKeyword.verifyElementVisible(VerifyElementVisibleKeyword.groovy:97)
	at com.kms.katalon.core.webui.keyword.builtin.VerifyElementVisibleKeyword.execute(VerifyElementVisibleKeyword.groovy:67)
	at com.kms.katalon.core.keyword.internal.KeywordExecutor.executeKeywordForPlatform(KeywordExecutor.groovy:74)
	at com.kms.katalon.core.webui.keyword.WebUiBuiltInKeywords.verifyElementVisible(WebUiBuiltInKeywords.groovy:401)
	at com.kms.katalon.core.webui.keyword.WebUiBuiltInKeywords$verifyElementVisible$5.call(Unknown Source)
	at Verify Customer Template Checkbox.run(Verify Customer Template Checkbox:40)
	at com.kms.katalon.core.main.ScriptEngine.run(ScriptEngine.java:194)
	at com.kms.katalon.core.main.ScriptEngine.runScriptAsRawText(ScriptEngine.java:119)
	at com.kms.katalon.core.main.TestCaseExecutor.runScript(TestCaseExecutor.java:448)
	at com.kms.katalon.core.main.TestCaseExecutor.doExecute(TestCaseExecutor.java:439)
	at com.kms.katalon.core.main.TestCaseExecutor.processExecutionPhase(TestCaseExecutor.java:418)
	at com.kms.katalon.core.main.TestCaseExecutor.accessMainPhase(TestCaseExecutor.java:410)
	at com.kms.katalon.core.main.TestCaseExecutor.execute(TestCaseExecutor.java:285)
	at com.kms.katalon.core.common.CommonExecutor.accessTestCaseMainPhase(CommonExecutor.java:65)
	at com.kms.katalon.core.main.TestSuiteExecutor.accessTestSuiteMainPhase(TestSuiteExecutor.java:150)
	at com.kms.katalon.core.main.TestSuiteExecutor.execute(TestSuiteExecutor.java:106)
	at com.kms.katalon.core.main.TestCaseMain.startTestSuite(TestCaseMain.java:180)
	at com.kms.katalon.core.main.TestCaseMain$startTestSuite$0.call(Unknown Source)
	at TempTestSuite1761139103004.run(TempTestSuite1761139103004.groovy:35)
	at java.base/jdk.internal.reflect.NativeMethodAccessorImpl.invoke0(Native Method)
	at java.base/jdk.internal.reflect.NativeMethodAccessorImpl.invoke(NativeMethodAccessorImpl.java:77)
	at java.base/jdk.internal.reflect.DelegatingMethodAccessorImpl.invoke(DelegatingMethodAccessorImpl.java:43)
)

22-10-2025T11:04:53 - [MESSAGE][INFO] - Unable to find the element located by 'By.xpath: //*[@id="__BVID__10___BV_modal_footer_"]/button'. Please recheck the objects properties to make sure the desired element is located. 

22-10-2025T11:04:53 - [MESSAGE][WARNING] - [SELF-HEALING] Failed to find element with id 'Object Repository/TripFocus/Testing_Notification_btn'. Try using Self-healing.

22-10-2025T11:04:54 - [MESSAGE][INFO] - [SELF-HEALING] No working XPath is found.

22-10-2025T11:04:56 - [MESSAGE][INFO] - Unable to find the element located by 'By.xpath: '. Please recheck the objects properties to make sure the desired element is located. 

22-10-2025T11:04:56 - [MESSAGE][WARNING] - [SELF-HEALING] Cannot find elements when the selector is null

22-10-2025T11:04:56 - [MESSAGE][WARNING] - Web element with id: 'Object Repository/TripFocus/Testing_Notification_btn' located by '//*[@id="__BVID__10___BV_modal_footer_"]/button' not found (Root cause: com.kms.katalon.core.exception.StepFailedException: Web element with id: 'Object Repository/TripFocus/Testing_Notification_btn' located by '//*[@id="__BVID__10___BV_modal_footer_"]/button' not found
	at com.kms.katalon.core.webui.keyword.internal.WebUIKeywordMain.stepFailed(WebUIKeywordMain.groovy:117)
	at com.kms.katalon.core.webui.keyword.builtin.VerifyElementVisibleKeyword$_verifyElementVisible_closure1.doCall(VerifyElementVisibleKeyword.groovy:89)
	at com.kms.katalon.core.webui.keyword.builtin.VerifyElementVisibleKeyword$_verifyElementVisible_closure1.call(VerifyElementVisibleKeyword.groovy)
	at com.kms.katalon.core.webui.keyword.internal.WebUIKeywordMain.runKeyword(WebUIKeywordMain.groovy:35)
	at com.kms.katalon.core.webui.keyword.builtin.VerifyElementVisibleKeyword.verifyElementVisible(VerifyElementVisibleKeyword.groovy:97)
	at com.kms.katalon.core.webui.keyword.builtin.VerifyElementVisibleKeyword.execute(VerifyElementVisibleKeyword.groovy:67)
	at com.kms.katalon.core.keyword.internal.KeywordExecutor.executeKeywordForPlatform(KeywordExecutor.groovy:74)
	at com.kms.katalon.core.webui.keyword.WebUiBuiltInKeywords.verifyElementVisible(WebUiBuiltInKeywords.groovy:401)
	at com.kms.katalon.core.webui.keyword.WebUiBuiltInKeywords$verifyElementVisible$5.call(Unknown Source)
	at Verify Customer Template Checkbox.run(Verify Customer Template Checkbox:40)
	at com.kms.katalon.core.main.ScriptEngine.run(ScriptEngine.java:194)
	at com.kms.katalon.core.main.ScriptEngine.runScriptAsRawText(ScriptEngine.java:119)
	at com.kms.katalon.core.main.TestCaseExecutor.runScript(TestCaseExecutor.java:448)
	at com.kms.katalon.core.main.TestCaseExecutor.doExecute(TestCaseExecutor.java:439)
	at com.kms.katalon.core.main.TestCaseExecutor.processExecutionPhase(TestCaseExecutor.java:418)
	at com.kms.katalon.core.main.TestCaseExecutor.accessMainPhase(TestCaseExecutor.java:410)
	at com.kms.katalon.core.main.TestCaseExecutor.execute(TestCaseExecutor.java:285)
	at com.kms.katalon.core.common.CommonExecutor.accessTestCaseMainPhase(CommonExecutor.java:65)
	at com.kms.katalon.core.main.TestSuiteExecutor.accessTestSuiteMainPhase(TestSuiteExecutor.java:150)
	at com.kms.katalon.core.main.TestSuiteExecutor.execute(TestSuiteExecutor.java:106)
	at com.kms.katalon.core.main.TestCaseMain.startTestSuite(TestCaseMain.java:180)
	at com.kms.katalon.core.main.TestCaseMain$startTestSuite$0.call(Unknown Source)
	at TempTestSuite1761139103004.run(TempTestSuite1761139103004.groovy:35)
	at java.base/jdk.internal.reflect.NativeMethodAccessorImpl.invoke0(Native Method)
	at java.base/jdk.internal.reflect.NativeMethodAccessorImpl.invoke(NativeMethodAccessorImpl.java:77)
	at java.base/jdk.internal.reflect.DelegatingMethodAccessorImpl.invoke(DelegatingMethodAccessorImpl.java:43)
)

22-10-2025T11:04:56 - [TEST_STEP][PASSED] - click(findTestObject("TripFocus/Order Templates/Order Templates_tab")): Object: 'Object Repository/TripFocus/Order Templates/Order Templates_tab' is clicked on

22-10-2025T11:04:56 - [MESSAGE][PASSED] - Object: 'Object Repository/TripFocus/Order Templates/Order Templates_tab' is clicked on

22-10-2025T11:04:56 - [TEST_STEP][PASSED] - delay(5): Delayed 5 second(s)

22-10-2025T11:05:01 - [MESSAGE][PASSED] - Delayed 5 second(s)

22-10-2025T11:05:01 - [TEST_STEP][PASSED] - click(findTestObject("TripFocus/Order Templates/Create New Template_btn")): Object: 'Object Repository/TripFocus/Order Templates/Create New Template_btn' is clicked on

22-10-2025T11:05:02 - [MESSAGE][PASSED] - Object: 'Object Repository/TripFocus/Order Templates/Create New Template_btn' is clicked on

22-10-2025T11:05:02 - [TEST_STEP][PASSED] - delay(5): Delayed 5 second(s)

22-10-2025T11:05:07 - [MESSAGE][PASSED] - Delayed 5 second(s)

22-10-2025T11:05:07 - [TEST_STEP][FAILED] - click(findTestObject("TripFocus/Order Templates/Customer_Template_checkbox")): Unable to click on object 'Object Repository/TripFocus/Order Templates/Customer_Template_checkbox' (Root cause: com.kms.katalon.core.exception.StepFailedException: Unable to click on object 'Object Repository/TripFocus/Order Templates/Customer_Template_checkbox'
	at com.kms.katalon.core.webui.keyword.internal.WebUIKeywordMain.stepFailed(WebUIKeywordMain.groovy:117)
	at com.kms.katalon.core.webui.keyword.internal.WebUIKeywordMain.runKeyword(WebUIKeywordMain.groovy:43)
	at com.kms.katalon.core.webui.keyword.builtin.ClickKeyword.click(ClickKeyword.groovy:74)
	at com.kms.katalon.core.webui.keyword.builtin.ClickKeyword.execute(ClickKeyword.groovy:40)
	at com.kms.katalon.core.keyword.internal.KeywordExecutor.executeKeywordForPlatform(KeywordExecutor.groovy:74)
	at com.kms.katalon.core.webui.keyword.WebUiBuiltInKeywords.click(WebUiBuiltInKeywords.groovy:659)
	at com.kms.katalon.core.webui.keyword.WebUiBuiltInKeywords$click$2.call(Unknown Source)
	at Verify Customer Template Checkbox.run(Verify Customer Template Checkbox:55)
	at com.kms.katalon.core.main.ScriptEngine.run(ScriptEngine.java:194)
	at com.kms.katalon.core.main.ScriptEngine.runScriptAsRawText(ScriptEngine.java:119)
	at com.kms.katalon.core.main.TestCaseExecutor.runScript(TestCaseExecutor.java:448)
	at com.kms.katalon.core.main.TestCaseExecutor.doExecute(TestCaseExecutor.java:439)
	at com.kms.katalon.core.main.TestCaseExecutor.processExecutionPhase(TestCaseExecutor.java:418)
	at com.kms.katalon.core.main.TestCaseExecutor.accessMainPhase(TestCaseExecutor.java:410)
	at com.kms.katalon.core.main.TestCaseExecutor.execute(TestCaseExecutor.java:285)
	at com.kms.katalon.core.common.CommonExecutor.accessTestCaseMainPhase(CommonExecutor.java:65)
	at com.kms.katalon.core.main.TestSuiteExecutor.accessTestSuiteMainPhase(TestSuiteExecutor.java:150)
	at com.kms.katalon.core.main.TestSuiteExecutor.execute(TestSuiteExecutor.java:106)
	at com.kms.katalon.core.main.TestCaseMain.startTestSuite(TestCaseMain.java:180)
	at com.kms.katalon.core.main.TestCaseMain$startTestSuite$0.call(Unknown Source)
	at TempTestSuite1761139103004.run(TempTestSuite1761139103004.groovy:35)
	at java.base/jdk.internal.reflect.NativeMethodAccessorImpl.invoke0(Native Method)
	at java.base/jdk.internal.reflect.NativeMethodAccessorImpl.invoke(NativeMethodAccessorImpl.java:77)
	at java.base/jdk.internal.reflect.DelegatingMethodAccessorImpl.invoke(DelegatingMethodAccessorImpl.java:43)
Caused by: com.kms.katalon.core.webui.exception.WebElementNotFoundException: Web element with id: 'Object Repository/TripFocus/Order Templates/Customer_Template_checkbox' located by '/html/body/div/div[2]/div/main/div/section/div[3]/div/div/div[1]/div/section[1]/div[2]/section' not found
	at com.kms.katalon.core.webui.common.WebUiCommonHelper.findWebElement(WebUiCommonHelper.java:1423)
	at com.kms.katalon.core.webui.keyword.internal.WebUIAbstractKeyword.findWebElement(WebUIAbstractKeyword.groovy:27)
	at com.kms.katalon.core.webui.keyword.builtin.ClickKeyword$_click_closure1.doCall(ClickKeyword.groovy:65)
	at com.kms.katalon.core.webui.keyword.builtin.ClickKeyword$_click_closure1.call(ClickKeyword.groovy)
	at com.kms.katalon.core.webui.keyword.internal.WebUIKeywordMain.runKeyword(WebUIKeywordMain.groovy:35)
	at com.kms.katalon.core.webui.keyword.builtin.ClickKeyword.click(ClickKeyword.groovy:74)
	at com.kms.katalon.core.webui.keyword.builtin.ClickKeyword.execute(ClickKeyword.groovy:40)
	at com.kms.katalon.core.keyword.internal.KeywordExecutor.executeKeywordForPlatform(KeywordExecutor.groovy:74)
	at com.kms.katalon.core.webui.keyword.WebUiBuiltInKeywords.click(WebUiBuiltInKeywords.groovy:659)
	at com.kms.katalon.core.webui.keyword.WebUiBuiltInKeywords$click$2.call(Unknown Source)
	at Script1745596400620.run(Script1745596400620.groovy:55)
	... 16 more
)

22-10-2025T11:05:23 - [MESSAGE][INFO] - Unable to find the element located by 'By.xpath: /html/body/div/div[2]/div/main/div/section/div[3]/div/div/div[1]/div/section[1]/div[2]/section'. Please recheck the objects properties to make sure the desired element is located. 

22-10-2025T11:05:23 - [MESSAGE][WARNING] - [SELF-HEALING] Failed to find element with id 'Object Repository/TripFocus/Order Templates/Customer_Template_checkbox'. Try using Self-healing.

22-10-2025T11:05:24 - [MESSAGE][INFO] - [SELF-HEALING] No working XPath is found.

22-10-2025T11:05:26 - [MESSAGE][INFO] - Unable to find the element located by 'By.xpath: '. Please recheck the objects properties to make sure the desired element is located. 

22-10-2025T11:05:26 - [MESSAGE][WARNING] - [SELF-HEALING] Cannot find elements when the selector is null

22-10-2025T11:05:26 - [MESSAGE][FAILED] - Unable to click on object 'Object Repository/TripFocus/Order Templates/Customer_Template_checkbox' (Root cause: com.kms.katalon.core.exception.StepFailedException: Unable to click on object 'Object Repository/TripFocus/Order Templates/Customer_Template_checkbox'
	at com.kms.katalon.core.webui.keyword.internal.WebUIKeywordMain.stepFailed(WebUIKeywordMain.groovy:117)
	at com.kms.katalon.core.webui.keyword.internal.WebUIKeywordMain.runKeyword(WebUIKeywordMain.groovy:43)
	at com.kms.katalon.core.webui.keyword.builtin.ClickKeyword.click(ClickKeyword.groovy:74)
	at com.kms.katalon.core.webui.keyword.builtin.ClickKeyword.execute(ClickKeyword.groovy:40)
	at com.kms.katalon.core.keyword.internal.KeywordExecutor.executeKeywordForPlatform(KeywordExecutor.groovy:74)
	at com.kms.katalon.core.webui.keyword.WebUiBuiltInKeywords.click(WebUiBuiltInKeywords.groovy:659)
	at com.kms.katalon.core.webui.keyword.WebUiBuiltInKeywords$click$2.call(Unknown Source)
	at Verify Customer Template Checkbox.run(Verify Customer Template Checkbox:55)
	at com.kms.katalon.core.main.ScriptEngine.run(ScriptEngine.java:194)
	at com.kms.katalon.core.main.ScriptEngine.runScriptAsRawText(ScriptEngine.java:119)
	at com.kms.katalon.core.main.TestCaseExecutor.runScript(TestCaseExecutor.java:448)
	at com.kms.katalon.core.main.TestCaseExecutor.doExecute(TestCaseExecutor.java:439)
	at com.kms.katalon.core.main.TestCaseExecutor.processExecutionPhase(TestCaseExecutor.java:418)
	at com.kms.katalon.core.main.TestCaseExecutor.accessMainPhase(TestCaseExecutor.java:410)
	at com.kms.katalon.core.main.TestCaseExecutor.execute(TestCaseExecutor.java:285)
	at com.kms.katalon.core.common.CommonExecutor.accessTestCaseMainPhase(CommonExecutor.java:65)
	at com.kms.katalon.core.main.TestSuiteExecutor.accessTestSuiteMainPhase(TestSuiteExecutor.java:150)
	at com.kms.katalon.core.main.TestSuiteExecutor.execute(TestSuiteExecutor.java:106)
	at com.kms.katalon.core.main.TestCaseMain.startTestSuite(TestCaseMain.java:180)
	at com.kms.katalon.core.main.TestCaseMain$startTestSuite$0.call(Unknown Source)
	at TempTestSuite1761139103004.run(TempTestSuite1761139103004.groovy:35)
	at java.base/jdk.internal.reflect.NativeMethodAccessorImpl.invoke0(Native Method)
	at java.base/jdk.internal.reflect.NativeMethodAccessorImpl.invoke(NativeMethodAccessorImpl.java:77)
	at java.base/jdk.internal.reflect.DelegatingMethodAccessorImpl.invoke(DelegatingMethodAccessorImpl.java:43)
Caused by: com.kms.katalon.core.webui.exception.WebElementNotFoundException: Web element with id: 'Object Repository/TripFocus/Order Templates/Customer_Template_checkbox' located by '/html/body/div/div[2]/div/main/div/section/div[3]/div/div/div[1]/div/section[1]/div[2]/section' not found
	at com.kms.katalon.core.webui.common.WebUiCommonHelper.findWebElement(WebUiCommonHelper.java:1423)
	at com.kms.katalon.core.webui.keyword.internal.WebUIAbstractKeyword.findWebElement(WebUIAbstractKeyword.groovy:27)
	at com.kms.katalon.core.webui.keyword.builtin.ClickKeyword$_click_closure1.doCall(ClickKeyword.groovy:65)
	at com.kms.katalon.core.webui.keyword.builtin.ClickKeyword$_click_closure1.call(ClickKeyword.groovy)
	at com.kms.katalon.core.webui.keyword.internal.WebUIKeywordMain.runKeyword(WebUIKeywordMain.groovy:35)
	at com.kms.katalon.core.webui.keyword.builtin.ClickKeyword.click(ClickKeyword.groovy:74)
	at com.kms.katalon.core.webui.keyword.builtin.ClickKeyword.execute(ClickKeyword.groovy:40)
	at com.kms.katalon.core.keyword.internal.KeywordExecutor.executeKeywordForPlatform(KeywordExecutor.groovy:74)
	at com.kms.katalon.core.webui.keyword.WebUiBuiltInKeywords.click(WebUiBuiltInKeywords.groovy:659)
	at com.kms.katalon.core.webui.keyword.WebUiBuiltInKeywords$click$2.call(Unknown Source)
	at Script1745596400620.run(Script1745596400620.groovy:55)
	... 16 more
)

22-10-2025T11:05:26 - [TEST_STEP][PASSED] - Start listener action : retryOnDisconnect: Current window's url is: 'https://www.qa.tripfocus.com/new-order-template'

22-10-2025T11:05:26 - [TEST_STEP][PASSED] - tcId = testCaseContext.getTestCaseId(): null

22-10-2025T11:05:26 - [TEST_STEP][PASSED] - currentRetry = retryCounts.getOrDefault(tcId, 0): null

22-10-2025T11:05:26 - [TEST_STEP][PASSED] - if (testCaseContext.getTestCaseStatus() == "FAILED" && currentRetry < MAX_RETRIES): Current window's url is: 'https://www.qa.tripfocus.com/new-order-template'

22-10-2025T11:05:26 - [TEST_STEP][PASSED] - try: Current window's url is: 'https://www.qa.tripfocus.com/new-order-template'

22-10-2025T11:05:26 - [TEST_STEP][PASSED] - comment(Checking for WebDriver disconnect for test case: $tcId): Checking for WebDriver disconnect for test case: Test Cases/TripFocus/SPG/SPG - Templates/Verify Customer Template Checkbox

22-10-2025T11:05:26 - [MESSAGE][INFO] - Checking for WebDriver disconnect for test case: Test Cases/TripFocus/SPG/SPG - Templates/Verify Customer Template Checkbox

22-10-2025T11:05:26 - [TEST_STEP][PASSED] - getUrl(): Current window's url is: 'https://www.qa.tripfocus.com/new-order-template'

22-10-2025T11:05:26 - [MESSAGE][PASSED] - Current window's url is: 'https://www.qa.tripfocus.com/new-order-template']]></system-out>
         <system-err><![CDATA[22-10-2025T11:04:15 - [TEST_CASE][FAILED] - Test Cases/TripFocus/SPG/SPG - Templates/Verify Customer Template Checkbox: Test Cases/TripFocus/SPG/SPG - Templates/Verify Customer Template Checkbox FAILED.
Reason:
com.kms.katalon.core.exception.StepFailedException: Unable to click on object 'Object Repository/TripFocus/Order Templates/Customer_Template_checkbox'
	at com.kms.katalon.core.webui.keyword.internal.WebUIKeywordMain.stepFailed(WebUIKeywordMain.groovy:117)
	at com.kms.katalon.core.webui.keyword.internal.WebUIKeywordMain.runKeyword(WebUIKeywordMain.groovy:43)
	at com.kms.katalon.core.webui.keyword.builtin.ClickKeyword.click(ClickKeyword.groovy:74)
	at com.kms.katalon.core.webui.keyword.builtin.ClickKeyword.execute(ClickKeyword.groovy:40)
	at com.kms.katalon.core.keyword.internal.KeywordExecutor.executeKeywordForPlatform(KeywordExecutor.groovy:74)
	at com.kms.katalon.core.webui.keyword.WebUiBuiltInKeywords.click(WebUiBuiltInKeywords.groovy:659)
	at com.kms.katalon.core.webui.keyword.WebUiBuiltInKeywords$click$2.call(Unknown Source)
	at Verify Customer Template Checkbox.run(Verify Customer Template Checkbox:55)
	at com.kms.katalon.core.main.ScriptEngine.run(ScriptEngine.java:194)
	at com.kms.katalon.core.main.ScriptEngine.runScriptAsRawText(ScriptEngine.java:119)
	at com.kms.katalon.core.main.TestCaseExecutor.runScript(TestCaseExecutor.java:448)
	at com.kms.katalon.core.main.TestCaseExecutor.doExecute(TestCaseExecutor.java:439)
	at com.kms.katalon.core.main.TestCaseExecutor.processExecutionPhase(TestCaseExecutor.java:418)
	at com.kms.katalon.core.main.TestCaseExecutor.accessMainPhase(TestCaseExecutor.java:410)
	at com.kms.katalon.core.main.TestCaseExecutor.execute(TestCaseExecutor.java:285)
	at com.kms.katalon.core.common.CommonExecutor.accessTestCaseMainPhase(CommonExecutor.java:65)
	at com.kms.katalon.core.main.TestSuiteExecutor.accessTestSuiteMainPhase(TestSuiteExecutor.java:150)
	at com.kms.katalon.core.main.TestSuiteExecutor.execute(TestSuiteExecutor.java:106)
	at com.kms.katalon.core.main.TestCaseMain.startTestSuite(TestCaseMain.java:180)
	at com.kms.katalon.core.main.TestCaseMain$startTestSuite$0.call(Unknown Source)
	at TempTestSuite1761139103004.run(TempTestSuite1761139103004.groovy:35)
	at java.base/jdk.internal.reflect.NativeMethodAccessorImpl.invoke0(Native Method)
	at java.base/jdk.internal.reflect.NativeMethodAccessorImpl.invoke(NativeMethodAccessorImpl.java:77)
	at java.base/jdk.internal.reflect.DelegatingMethodAccessorImpl.invoke(DelegatingMethodAccessorImpl.java:43)
Caused by: com.kms.katalon.core.webui.exception.WebElementNotFoundException: Web element with id: 'Object Repository/TripFocus/Order Templates/Customer_Template_checkbox' located by '/html/body/div/div[2]/div/main/div/section/div[3]/div/div/div[1]/div/section[1]/div[2]/section' not found
	at com.kms.katalon.core.webui.common.WebUiCommonHelper.findWebElement(WebUiCommonHelper.java:1423)
	at com.kms.katalon.core.webui.keyword.internal.WebUIAbstractKeyword.findWebElement(WebUIAbstractKeyword.groovy:27)
	at com.kms.katalon.core.webui.keyword.builtin.ClickKeyword$_click_closure1.doCall(ClickKeyword.groovy:65)
	at com.kms.katalon.core.webui.keyword.builtin.ClickKeyword$_click_closure1.call(ClickKeyword.groovy)
	at com.kms.katalon.core.webui.keyword.internal.WebUIKeywordMain.runKeyword(WebUIKeywordMain.groovy:35)
	... 22 more]]></system-err>
      </testcase>
      <testcase name="Test Cases/TripFocus/SPG/SPG - Templates/Verify Order Template Minimize Arrow" time="62.141" classname="Test Cases/TripFocus/SPG/SPG - Templates/Verify Order Template Minimize Arrow" status="FAILED">
         <failure type="FAILED" message="Test Cases/TripFocus/SPG/SPG - Templates/Verify Order Template Minimize Arrow FAILED.&#xa;Reason:&#xa;com.kms.katalon.core.exception.StepFailedException: Unable to verify object 'Object Repository/TripFocus/Order Templates/Order_Template_Minimize_Arrow' is present&#xa;	at com.kms.katalon.core.webui.keyword.internal.WebUIKeywordMain.stepFailed(WebUIKeywordMain.groovy:117)&#xa;	at com.kms.katalon.core.webui.keyword.internal.WebUIKeywordMain.runKeyword(WebUIKeywordMain.groovy:43)&#xa;	at com.kms.katalon.core.webui.keyword.builtin.VerifyElementPresentKeyword.verifyElementPresent(VerifyElementPresentKeyword.groovy:92)&#xa;	at com.kms.katalon.core.webui.keyword.builtin.VerifyElementPresentKeyword.execute(VerifyElementPresentKeyword.groovy:68)&#xa;	at com.kms.katalon.core.keyword.internal.KeywordExecutor.executeKeywordForPlatform(KeywordExecutor.groovy:74)&#xa;	at com.kms.katalon.core.webui.keyword.WebUiBuiltInKeywords.verifyElementPresent(WebUiBuiltInKeywords.groovy:1503)&#xa;	at com.kms.katalon.core.webui.keyword.WebUiBuiltInKeywords$verifyElementPresent$6.call(Unknown Source)&#xa;	at Verify Order Template Minimize Arrow.run(Verify Order Template Minimize Arrow:50)&#xa;	at com.kms.katalon.core.main.ScriptEngine.run(ScriptEngine.java:194)&#xa;	at com.kms.katalon.core.main.ScriptEngine.runScriptAsRawText(ScriptEngine.java:119)&#xa;	at com.kms.katalon.core.main.TestCaseExecutor.runScript(TestCaseExecutor.java:448)&#xa;	at com.kms.katalon.core.main.TestCaseExecutor.doExecute(TestCaseExecutor.java:439)&#xa;	at com.kms.katalon.core.main.TestCaseExecutor.processExecutionPhase(TestCaseExecutor.java:418)&#xa;	at com.kms.katalon.core.main.TestCaseExecutor.accessMainPhase(TestCaseExecutor.java:410)&#xa;	at com.kms.katalon.core.main.TestCaseExecutor.execute(TestCaseExecutor.java:285)&#xa;	at com.kms.katalon.core.common.CommonExecutor.accessTestCaseMainPhase(CommonExecutor.java:65)&#xa;	at com.kms.katalon.core.main.TestSuiteExecutor.accessTestSuiteMainPhase(TestSuiteExecutor.java:150)&#xa;	at com.kms.katalon.core.main.TestSuiteExecutor.execute(TestSuiteExecutor.java:106)&#xa;	at com.kms.katalon.core.main.TestCaseMain.startTestSuite(TestCaseMain.java:180)&#xa;	at com.kms.katalon.core.main.TestCaseMain$startTestSuite$0.call(Unknown Source)&#xa;	at TempTestSuite1761139103004.run(TempTestSuite1761139103004.groovy:35)&#xa;	at java.base/jdk.internal.reflect.NativeMethodAccessorImpl.invoke0(Native Method)&#xa;	at java.base/jdk.internal.reflect.NativeMethodAccessorImpl.invoke(NativeMethodAccessorImpl.java:77)&#xa;	at java.base/jdk.internal.reflect.DelegatingMethodAccessorImpl.invoke(DelegatingMethodAccessorImpl.java:43)&#xa;Caused by: com.kms.katalon.core.exception.StepFailedException: com.kms.katalon.core.webui.exception.WebElementNotFoundException: Web element with id: 'Object Repository/TripFocus/Order Templates/Order_Template_Minimize_Arrow' located by '/html/body/div/div[2]/div/main/div/section/div[4]/div/div/div[3]/div[1]/div/div/div[1]/div[5]/button' not found&#xa;	at com.kms.katalon.core.webui.keyword.internal.WebUIKeywordMain.stepFailed(WebUIKeywordMain.groovy:117)&#xa;	at com.kms.katalon.core.webui.keyword.builtin.VerifyElementPresentKeyword$_verifyElementPresent_closure1.doCall(VerifyElementPresentKeyword.groovy:85)&#xa;	at com.kms.katalon.core.webui.keyword.builtin.VerifyElementPresentKeyword$_verifyElementPresent_closure1.call(VerifyElementPresentKeyword.groovy)&#xa;	at com.kms.katalon.core.webui.keyword.internal.WebUIKeywordMain.runKeyword(WebUIKeywordMain.groovy:35)&#xa;	... 22 more&#xa;"/>
         <system-out><![CDATA[22-10-2025T11:05:26 - [TEST_CASE][FAILED] - Test Cases/TripFocus/SPG/SPG - Templates/Verify Order Template Minimize Arrow: Test Cases/TripFocus/SPG/SPG - Templates/Verify Order Template Minimize Arrow FAILED.
Reason:
com.kms.katalon.core.exception.StepFailedException: Unable to verify object 'Object Repository/TripFocus/Order Templates/Order_Template_Minimize_Arrow' is present
	at com.kms.katalon.core.webui.keyword.internal.WebUIKeywordMain.stepFailed(WebUIKeywordMain.groovy:117)
	at com.kms.katalon.core.webui.keyword.internal.WebUIKeywordMain.runKeyword(WebUIKeywordMain.groovy:43)
	at com.kms.katalon.core.webui.keyword.builtin.VerifyElementPresentKeyword.verifyElementPresent(VerifyElementPresentKeyword.groovy:92)
	at com.kms.katalon.core.webui.keyword.builtin.VerifyElementPresentKeyword.execute(VerifyElementPresentKeyword.groovy:68)
	at com.kms.katalon.core.keyword.internal.KeywordExecutor.executeKeywordForPlatform(KeywordExecutor.groovy:74)
	at com.kms.katalon.core.webui.keyword.WebUiBuiltInKeywords.verifyElementPresent(WebUiBuiltInKeywords.groovy:1503)
	at com.kms.katalon.core.webui.keyword.WebUiBuiltInKeywords$verifyElementPresent$6.call(Unknown Source)
	at Verify Order Template Minimize Arrow.run(Verify Order Template Minimize Arrow:50)
	at com.kms.katalon.core.main.ScriptEngine.run(ScriptEngine.java:194)
	at com.kms.katalon.core.main.ScriptEngine.runScriptAsRawText(ScriptEngine.java:119)
	at com.kms.katalon.core.main.TestCaseExecutor.runScript(TestCaseExecutor.java:448)
	at com.kms.katalon.core.main.TestCaseExecutor.doExecute(TestCaseExecutor.java:439)
	at com.kms.katalon.core.main.TestCaseExecutor.processExecutionPhase(TestCaseExecutor.java:418)
	at com.kms.katalon.core.main.TestCaseExecutor.accessMainPhase(TestCaseExecutor.java:410)
	at com.kms.katalon.core.main.TestCaseExecutor.execute(TestCaseExecutor.java:285)
	at com.kms.katalon.core.common.CommonExecutor.accessTestCaseMainPhase(CommonExecutor.java:65)
	at com.kms.katalon.core.main.TestSuiteExecutor.accessTestSuiteMainPhase(TestSuiteExecutor.java:150)
	at com.kms.katalon.core.main.TestSuiteExecutor.execute(TestSuiteExecutor.java:106)
	at com.kms.katalon.core.main.TestCaseMain.startTestSuite(TestCaseMain.java:180)
	at com.kms.katalon.core.main.TestCaseMain$startTestSuite$0.call(Unknown Source)
	at TempTestSuite1761139103004.run(TempTestSuite1761139103004.groovy:35)
	at java.base/jdk.internal.reflect.NativeMethodAccessorImpl.invoke0(Native Method)
	at java.base/jdk.internal.reflect.NativeMethodAccessorImpl.invoke(NativeMethodAccessorImpl.java:77)
	at java.base/jdk.internal.reflect.DelegatingMethodAccessorImpl.invoke(DelegatingMethodAccessorImpl.java:43)
Caused by: com.kms.katalon.core.exception.StepFailedException: com.kms.katalon.core.webui.exception.WebElementNotFoundException: Web element with id: 'Object Repository/TripFocus/Order Templates/Order_Template_Minimize_Arrow' located by '/html/body/div/div[2]/div/main/div/section/div[4]/div/div/div[3]/div[1]/div/div/div[1]/div[5]/button' not found
	at com.kms.katalon.core.webui.keyword.internal.WebUIKeywordMain.stepFailed(WebUIKeywordMain.groovy:117)
	at com.kms.katalon.core.webui.keyword.builtin.VerifyElementPresentKeyword$_verifyElementPresent_closure1.doCall(VerifyElementPresentKeyword.groovy:85)
	at com.kms.katalon.core.webui.keyword.builtin.VerifyElementPresentKeyword$_verifyElementPresent_closure1.call(VerifyElementPresentKeyword.groovy)
	at com.kms.katalon.core.webui.keyword.internal.WebUIKeywordMain.runKeyword(WebUIKeywordMain.groovy:35)
	... 22 more


22-10-2025T11:05:26 - [TEST_STEP][PASSED] - Start listener action : beforeTestCase: null

22-10-2025T11:05:26 - [TEST_STEP][PASSED] - addDefaultPackages(): null

22-10-2025T11:05:26 - [TEST_STEP][PASSED] - openBrowser(""): Browser is opened with url: ''

22-10-2025T11:05:26 - [MESSAGE][WARNING] - A browser is already opened. Closing browser and opening a new one

22-10-2025T11:05:26 - [MESSAGE][INFO] - Starting 'Chrome' driver

22-10-2025T11:05:26 - [MESSAGE][INFO] - User set preference: ['args', '[--no-sandbox, --disable-gpu, --disable-dev-shm-usage]']

22-10-2025T11:05:26 - [MESSAGE][INFO] - Action delay is set to 0 milliseconds

22-10-2025T11:05:27 - [MESSAGE][PASSED] - Browser is opened with url: ''

22-10-2025T11:05:27 - [TEST_STEP][PASSED] - navigateToUrl(TFBaseURL): Navigate to 'https://www.qa.tripfocus.com' successfully

22-10-2025T11:05:27 - [MESSAGE][PASSED] - Navigate to 'https://www.qa.tripfocus.com' successfully

22-10-2025T11:05:27 - [TEST_STEP][PASSED] - maximizeWindow(): Current window maximized

22-10-2025T11:05:27 - [MESSAGE][PASSED] - Current window maximized

22-10-2025T11:05:27 - [TEST_STEP][PASSED] - click(findTestObject("Object Repository/TripFocus/Page_TripFocus/button_Sign in")): Object: 'Object Repository/TripFocus/Page_TripFocus/button_Sign in' is clicked on

22-10-2025T11:05:27 - [MESSAGE][PASSED] - Object: 'Object Repository/TripFocus/Page_TripFocus/button_Sign in' is clicked on

22-10-2025T11:05:27 - [TEST_STEP][PASSED] - setText(findTestObject("Object Repository/TripFocus/Page_TripFocus/input_Username (e.g. email address)_Username"), TripFocusBleachTechSPGUsername): Text 'Ashford.Chenault+BleachtechCustomerSPGONLY@thekag.com' is set on object 'Object Repository/TripFocus/Page_TripFocus/input_Username (e.g. email address)_Username'

22-10-2025T11:05:28 - [MESSAGE][PASSED] - Text 'Ashford.Chenault+BleachtechCustomerSPGONLY@thekag.com' is set on object 'Object Repository/TripFocus/Page_TripFocus/input_Username (e.g. email address)_Username'

22-10-2025T11:05:28 - [TEST_STEP][PASSED] - setText(findTestObject("Object Repository/TripFocus/Page_TripFocus/input_Password_Password"), TripFocusFDGSPGPassword): Text 'CrashBan911!!' is set on object 'Object Repository/TripFocus/Page_TripFocus/input_Password_Password'

22-10-2025T11:05:28 - [MESSAGE][PASSED] - Text 'CrashBan911!!' is set on object 'Object Repository/TripFocus/Page_TripFocus/input_Password_Password'

22-10-2025T11:05:28 - [TEST_STEP][PASSED] - click(findTestObject("Object Repository/TripFocus/Page_TripFocus/button_Login")): Object: 'Object Repository/TripFocus/Page_TripFocus/button_Login' is clicked on

22-10-2025T11:05:28 - [MESSAGE][PASSED] - Object: 'Object Repository/TripFocus/Page_TripFocus/button_Login' is clicked on

22-10-2025T11:05:28 - [TEST_STEP][PASSED] - maximizeWindow(): Current window maximized

22-10-2025T11:05:29 - [MESSAGE][PASSED] - Current window maximized

22-10-2025T11:05:29 - [TEST_STEP][PASSED] - waitForElementVisible(findTestObject("TripFocus/Testing_Notification_btn"), 15, OPTIONAL): Web element with id: 'Object Repository/TripFocus/Testing_Notification_btn' located by '//*[@id="__BVID__10___BV_modal_footer_"]/button' not found

22-10-2025T11:05:45 - [MESSAGE][INFO] - Unable to find the element located by 'By.xpath: //*[@id="__BVID__10___BV_modal_footer_"]/button'. Please recheck the objects properties to make sure the desired element is located. 

22-10-2025T11:05:45 - [MESSAGE][WARNING] - [SELF-HEALING] Failed to find element with id 'Object Repository/TripFocus/Testing_Notification_btn'. Try using Self-healing.

22-10-2025T11:05:46 - [MESSAGE][INFO] - [SELF-HEALING] No working XPath is found.

22-10-2025T11:05:48 - [MESSAGE][INFO] - Unable to find the element located by 'By.xpath: '. Please recheck the objects properties to make sure the desired element is located. 

22-10-2025T11:05:48 - [MESSAGE][WARNING] - [SELF-HEALING] Cannot find elements when the selector is null

22-10-2025T11:05:48 - [MESSAGE][WARNING] - Web element with id: 'Object Repository/TripFocus/Testing_Notification_btn' located by '//*[@id="__BVID__10___BV_modal_footer_"]/button' not found

22-10-2025T11:05:48 - [TEST_STEP][PASSED] - if (verifyElementVisible(findTestObject("TripFocus/Testing_Notification_btn"), OPTIONAL) == true): Web element with id: 'Object Repository/TripFocus/Testing_Notification_btn' located by '//*[@id="__BVID__10___BV_modal_footer_"]/button' not found (Root cause: com.kms.katalon.core.exception.StepFailedException: Web element with id: 'Object Repository/TripFocus/Testing_Notification_btn' located by '//*[@id="__BVID__10___BV_modal_footer_"]/button' not found
	at com.kms.katalon.core.webui.keyword.internal.WebUIKeywordMain.stepFailed(WebUIKeywordMain.groovy:117)
	at com.kms.katalon.core.webui.keyword.builtin.VerifyElementVisibleKeyword$_verifyElementVisible_closure1.doCall(VerifyElementVisibleKeyword.groovy:89)
	at com.kms.katalon.core.webui.keyword.builtin.VerifyElementVisibleKeyword$_verifyElementVisible_closure1.call(VerifyElementVisibleKeyword.groovy)
	at com.kms.katalon.core.webui.keyword.internal.WebUIKeywordMain.runKeyword(WebUIKeywordMain.groovy:35)
	at com.kms.katalon.core.webui.keyword.builtin.VerifyElementVisibleKeyword.verifyElementVisible(VerifyElementVisibleKeyword.groovy:97)
	at com.kms.katalon.core.webui.keyword.builtin.VerifyElementVisibleKeyword.execute(VerifyElementVisibleKeyword.groovy:67)
	at com.kms.katalon.core.keyword.internal.KeywordExecutor.executeKeywordForPlatform(KeywordExecutor.groovy:74)
	at com.kms.katalon.core.webui.keyword.WebUiBuiltInKeywords.verifyElementVisible(WebUiBuiltInKeywords.groovy:401)
	at com.kms.katalon.core.webui.keyword.WebUiBuiltInKeywords$verifyElementVisible$5.call(Unknown Source)
	at Verify Order Template Minimize Arrow.run(Verify Order Template Minimize Arrow:40)
	at com.kms.katalon.core.main.ScriptEngine.run(ScriptEngine.java:194)
	at com.kms.katalon.core.main.ScriptEngine.runScriptAsRawText(ScriptEngine.java:119)
	at com.kms.katalon.core.main.TestCaseExecutor.runScript(TestCaseExecutor.java:448)
	at com.kms.katalon.core.main.TestCaseExecutor.doExecute(TestCaseExecutor.java:439)
	at com.kms.katalon.core.main.TestCaseExecutor.processExecutionPhase(TestCaseExecutor.java:418)
	at com.kms.katalon.core.main.TestCaseExecutor.accessMainPhase(TestCaseExecutor.java:410)
	at com.kms.katalon.core.main.TestCaseExecutor.execute(TestCaseExecutor.java:285)
	at com.kms.katalon.core.common.CommonExecutor.accessTestCaseMainPhase(CommonExecutor.java:65)
	at com.kms.katalon.core.main.TestSuiteExecutor.accessTestSuiteMainPhase(TestSuiteExecutor.java:150)
	at com.kms.katalon.core.main.TestSuiteExecutor.execute(TestSuiteExecutor.java:106)
	at com.kms.katalon.core.main.TestCaseMain.startTestSuite(TestCaseMain.java:180)
	at com.kms.katalon.core.main.TestCaseMain$startTestSuite$0.call(Unknown Source)
	at TempTestSuite1761139103004.run(TempTestSuite1761139103004.groovy:35)
	at java.base/jdk.internal.reflect.NativeMethodAccessorImpl.invoke0(Native Method)
	at java.base/jdk.internal.reflect.NativeMethodAccessorImpl.invoke(NativeMethodAccessorImpl.java:77)
	at java.base/jdk.internal.reflect.DelegatingMethodAccessorImpl.invoke(DelegatingMethodAccessorImpl.java:43)
)

22-10-2025T11:06:04 - [MESSAGE][INFO] - Unable to find the element located by 'By.xpath: //*[@id="__BVID__10___BV_modal_footer_"]/button'. Please recheck the objects properties to make sure the desired element is located. 

22-10-2025T11:06:04 - [MESSAGE][WARNING] - [SELF-HEALING] Failed to find element with id 'Object Repository/TripFocus/Testing_Notification_btn'. Try using Self-healing.

22-10-2025T11:06:05 - [MESSAGE][INFO] - [SELF-HEALING] No working XPath is found.

22-10-2025T11:06:07 - [MESSAGE][INFO] - Unable to find the element located by 'By.xpath: '. Please recheck the objects properties to make sure the desired element is located. 

22-10-2025T11:06:07 - [MESSAGE][WARNING] - [SELF-HEALING] Cannot find elements when the selector is null

22-10-2025T11:06:07 - [MESSAGE][WARNING] - Web element with id: 'Object Repository/TripFocus/Testing_Notification_btn' located by '//*[@id="__BVID__10___BV_modal_footer_"]/button' not found (Root cause: com.kms.katalon.core.exception.StepFailedException: Web element with id: 'Object Repository/TripFocus/Testing_Notification_btn' located by '//*[@id="__BVID__10___BV_modal_footer_"]/button' not found
	at com.kms.katalon.core.webui.keyword.internal.WebUIKeywordMain.stepFailed(WebUIKeywordMain.groovy:117)
	at com.kms.katalon.core.webui.keyword.builtin.VerifyElementVisibleKeyword$_verifyElementVisible_closure1.doCall(VerifyElementVisibleKeyword.groovy:89)
	at com.kms.katalon.core.webui.keyword.builtin.VerifyElementVisibleKeyword$_verifyElementVisible_closure1.call(VerifyElementVisibleKeyword.groovy)
	at com.kms.katalon.core.webui.keyword.internal.WebUIKeywordMain.runKeyword(WebUIKeywordMain.groovy:35)
	at com.kms.katalon.core.webui.keyword.builtin.VerifyElementVisibleKeyword.verifyElementVisible(VerifyElementVisibleKeyword.groovy:97)
	at com.kms.katalon.core.webui.keyword.builtin.VerifyElementVisibleKeyword.execute(VerifyElementVisibleKeyword.groovy:67)
	at com.kms.katalon.core.keyword.internal.KeywordExecutor.executeKeywordForPlatform(KeywordExecutor.groovy:74)
	at com.kms.katalon.core.webui.keyword.WebUiBuiltInKeywords.verifyElementVisible(WebUiBuiltInKeywords.groovy:401)
	at com.kms.katalon.core.webui.keyword.WebUiBuiltInKeywords$verifyElementVisible$5.call(Unknown Source)
	at Verify Order Template Minimize Arrow.run(Verify Order Template Minimize Arrow:40)
	at com.kms.katalon.core.main.ScriptEngine.run(ScriptEngine.java:194)
	at com.kms.katalon.core.main.ScriptEngine.runScriptAsRawText(ScriptEngine.java:119)
	at com.kms.katalon.core.main.TestCaseExecutor.runScript(TestCaseExecutor.java:448)
	at com.kms.katalon.core.main.TestCaseExecutor.doExecute(TestCaseExecutor.java:439)
	at com.kms.katalon.core.main.TestCaseExecutor.processExecutionPhase(TestCaseExecutor.java:418)
	at com.kms.katalon.core.main.TestCaseExecutor.accessMainPhase(TestCaseExecutor.java:410)
	at com.kms.katalon.core.main.TestCaseExecutor.execute(TestCaseExecutor.java:285)
	at com.kms.katalon.core.common.CommonExecutor.accessTestCaseMainPhase(CommonExecutor.java:65)
	at com.kms.katalon.core.main.TestSuiteExecutor.accessTestSuiteMainPhase(TestSuiteExecutor.java:150)
	at com.kms.katalon.core.main.TestSuiteExecutor.execute(TestSuiteExecutor.java:106)
	at com.kms.katalon.core.main.TestCaseMain.startTestSuite(TestCaseMain.java:180)
	at com.kms.katalon.core.main.TestCaseMain$startTestSuite$0.call(Unknown Source)
	at TempTestSuite1761139103004.run(TempTestSuite1761139103004.groovy:35)
	at java.base/jdk.internal.reflect.NativeMethodAccessorImpl.invoke0(Native Method)
	at java.base/jdk.internal.reflect.NativeMethodAccessorImpl.invoke(NativeMethodAccessorImpl.java:77)
	at java.base/jdk.internal.reflect.DelegatingMethodAccessorImpl.invoke(DelegatingMethodAccessorImpl.java:43)
)

22-10-2025T11:06:07 - [TEST_STEP][PASSED] - click(findTestObject("TripFocus/Order Templates/Order Templates_tab")): Object: 'Object Repository/TripFocus/Order Templates/Order Templates_tab' is clicked on

22-10-2025T11:06:07 - [MESSAGE][PASSED] - Object: 'Object Repository/TripFocus/Order Templates/Order Templates_tab' is clicked on

22-10-2025T11:06:07 - [TEST_STEP][PASSED] - delay(10): Delayed 10 second(s)

22-10-2025T11:06:17 - [MESSAGE][PASSED] - Delayed 10 second(s)

22-10-2025T11:06:17 - [TEST_STEP][FAILED] - verifyElementPresent(findTestObject("TripFocus/Order Templates/Order_Template_Minimize_Arrow"), 10): Unable to verify object 'Object Repository/TripFocus/Order Templates/Order_Template_Minimize_Arrow' is present (Root cause: com.kms.katalon.core.exception.StepFailedException: Unable to verify object 'Object Repository/TripFocus/Order Templates/Order_Template_Minimize_Arrow' is present
	at com.kms.katalon.core.webui.keyword.internal.WebUIKeywordMain.stepFailed(WebUIKeywordMain.groovy:117)
	at com.kms.katalon.core.webui.keyword.internal.WebUIKeywordMain.runKeyword(WebUIKeywordMain.groovy:43)
	at com.kms.katalon.core.webui.keyword.builtin.VerifyElementPresentKeyword.verifyElementPresent(VerifyElementPresentKeyword.groovy:92)
	at com.kms.katalon.core.webui.keyword.builtin.VerifyElementPresentKeyword.execute(VerifyElementPresentKeyword.groovy:68)
	at com.kms.katalon.core.keyword.internal.KeywordExecutor.executeKeywordForPlatform(KeywordExecutor.groovy:74)
	at com.kms.katalon.core.webui.keyword.WebUiBuiltInKeywords.verifyElementPresent(WebUiBuiltInKeywords.groovy:1503)
	at com.kms.katalon.core.webui.keyword.WebUiBuiltInKeywords$verifyElementPresent$6.call(Unknown Source)
	at Verify Order Template Minimize Arrow.run(Verify Order Template Minimize Arrow:50)
	at com.kms.katalon.core.main.ScriptEngine.run(ScriptEngine.java:194)
	at com.kms.katalon.core.main.ScriptEngine.runScriptAsRawText(ScriptEngine.java:119)
	at com.kms.katalon.core.main.TestCaseExecutor.runScript(TestCaseExecutor.java:448)
	at com.kms.katalon.core.main.TestCaseExecutor.doExecute(TestCaseExecutor.java:439)
	at com.kms.katalon.core.main.TestCaseExecutor.processExecutionPhase(TestCaseExecutor.java:418)
	at com.kms.katalon.core.main.TestCaseExecutor.accessMainPhase(TestCaseExecutor.java:410)
	at com.kms.katalon.core.main.TestCaseExecutor.execute(TestCaseExecutor.java:285)
	at com.kms.katalon.core.common.CommonExecutor.accessTestCaseMainPhase(CommonExecutor.java:65)
	at com.kms.katalon.core.main.TestSuiteExecutor.accessTestSuiteMainPhase(TestSuiteExecutor.java:150)
	at com.kms.katalon.core.main.TestSuiteExecutor.execute(TestSuiteExecutor.java:106)
	at com.kms.katalon.core.main.TestCaseMain.startTestSuite(TestCaseMain.java:180)
	at com.kms.katalon.core.main.TestCaseMain$startTestSuite$0.call(Unknown Source)
	at TempTestSuite1761139103004.run(TempTestSuite1761139103004.groovy:35)
	at java.base/jdk.internal.reflect.NativeMethodAccessorImpl.invoke0(Native Method)
	at java.base/jdk.internal.reflect.NativeMethodAccessorImpl.invoke(NativeMethodAccessorImpl.java:77)
	at java.base/jdk.internal.reflect.DelegatingMethodAccessorImpl.invoke(DelegatingMethodAccessorImpl.java:43)
Caused by: com.kms.katalon.core.exception.StepFailedException: com.kms.katalon.core.webui.exception.WebElementNotFoundException: Web element with id: 'Object Repository/TripFocus/Order Templates/Order_Template_Minimize_Arrow' located by '/html/body/div/div[2]/div/main/div/section/div[4]/div/div/div[3]/div[1]/div/div/div[1]/div[5]/button' not found
	at com.kms.katalon.core.webui.keyword.internal.WebUIKeywordMain.stepFailed(WebUIKeywordMain.groovy:117)
	at com.kms.katalon.core.webui.keyword.builtin.VerifyElementPresentKeyword$_verifyElementPresent_closure1.doCall(VerifyElementPresentKeyword.groovy:85)
	at com.kms.katalon.core.webui.keyword.builtin.VerifyElementPresentKeyword$_verifyElementPresent_closure1.call(VerifyElementPresentKeyword.groovy)
	at com.kms.katalon.core.webui.keyword.internal.WebUIKeywordMain.runKeyword(WebUIKeywordMain.groovy:35)
	... 22 more
)

22-10-2025T11:06:28 - [MESSAGE][INFO] - Unable to find the element located by 'By.xpath: /html/body/div/div[2]/div/main/div/section/div[4]/div/div/div[3]/div[1]/div/div/div[1]/div[5]/button'. Please recheck the objects properties to make sure the desired element is located. 

22-10-2025T11:06:28 - [MESSAGE][FAILED] - com.kms.katalon.core.webui.exception.WebElementNotFoundException: Web element with id: 'Object Repository/TripFocus/Order Templates/Order_Template_Minimize_Arrow' located by '/html/body/div/div[2]/div/main/div/section/div[4]/div/div/div[3]/div[1]/div/div/div[1]/div[5]/button' not found (Root cause: com.kms.katalon.core.exception.StepFailedException: com.kms.katalon.core.webui.exception.WebElementNotFoundException: Web element with id: 'Object Repository/TripFocus/Order Templates/Order_Template_Minimize_Arrow' located by '/html/body/div/div[2]/div/main/div/section/div[4]/div/div/div[3]/div[1]/div/div/div[1]/div[5]/button' not found
	at com.kms.katalon.core.webui.keyword.internal.WebUIKeywordMain.stepFailed(WebUIKeywordMain.groovy:117)
	at com.kms.katalon.core.webui.keyword.builtin.VerifyElementPresentKeyword$_verifyElementPresent_closure1.doCall(VerifyElementPresentKeyword.groovy:85)
	at com.kms.katalon.core.webui.keyword.builtin.VerifyElementPresentKeyword$_verifyElementPresent_closure1.call(VerifyElementPresentKeyword.groovy)
	at com.kms.katalon.core.webui.keyword.internal.WebUIKeywordMain.runKeyword(WebUIKeywordMain.groovy:35)
	at com.kms.katalon.core.webui.keyword.builtin.VerifyElementPresentKeyword.verifyElementPresent(VerifyElementPresentKeyword.groovy:92)
	at com.kms.katalon.core.webui.keyword.builtin.VerifyElementPresentKeyword.execute(VerifyElementPresentKeyword.groovy:68)
	at com.kms.katalon.core.keyword.internal.KeywordExecutor.executeKeywordForPlatform(KeywordExecutor.groovy:74)
	at com.kms.katalon.core.webui.keyword.WebUiBuiltInKeywords.verifyElementPresent(WebUiBuiltInKeywords.groovy:1503)
	at com.kms.katalon.core.webui.keyword.WebUiBuiltInKeywords$verifyElementPresent$6.call(Unknown Source)
	at Verify Order Template Minimize Arrow.run(Verify Order Template Minimize Arrow:50)
	at com.kms.katalon.core.main.ScriptEngine.run(ScriptEngine.java:194)
	at com.kms.katalon.core.main.ScriptEngine.runScriptAsRawText(ScriptEngine.java:119)
	at com.kms.katalon.core.main.TestCaseExecutor.runScript(TestCaseExecutor.java:448)
	at com.kms.katalon.core.main.TestCaseExecutor.doExecute(TestCaseExecutor.java:439)
	at com.kms.katalon.core.main.TestCaseExecutor.processExecutionPhase(TestCaseExecutor.java:418)
	at com.kms.katalon.core.main.TestCaseExecutor.accessMainPhase(TestCaseExecutor.java:410)
	at com.kms.katalon.core.main.TestCaseExecutor.execute(TestCaseExecutor.java:285)
	at com.kms.katalon.core.common.CommonExecutor.accessTestCaseMainPhase(CommonExecutor.java:65)
	at com.kms.katalon.core.main.TestSuiteExecutor.accessTestSuiteMainPhase(TestSuiteExecutor.java:150)
	at com.kms.katalon.core.main.TestSuiteExecutor.execute(TestSuiteExecutor.java:106)
	at com.kms.katalon.core.main.TestCaseMain.startTestSuite(TestCaseMain.java:180)
	at com.kms.katalon.core.main.TestCaseMain$startTestSuite$0.call(Unknown Source)
	at TempTestSuite1761139103004.run(TempTestSuite1761139103004.groovy:35)
	at java.base/jdk.internal.reflect.NativeMethodAccessorImpl.invoke0(Native Method)
	at java.base/jdk.internal.reflect.NativeMethodAccessorImpl.invoke(NativeMethodAccessorImpl.java:77)
	at java.base/jdk.internal.reflect.DelegatingMethodAccessorImpl.invoke(DelegatingMethodAccessorImpl.java:43)
)

22-10-2025T11:06:28 - [MESSAGE][FAILED] - Unable to verify object 'Object Repository/TripFocus/Order Templates/Order_Template_Minimize_Arrow' is present (Root cause: com.kms.katalon.core.exception.StepFailedException: Unable to verify object 'Object Repository/TripFocus/Order Templates/Order_Template_Minimize_Arrow' is present
	at com.kms.katalon.core.webui.keyword.internal.WebUIKeywordMain.stepFailed(WebUIKeywordMain.groovy:117)
	at com.kms.katalon.core.webui.keyword.internal.WebUIKeywordMain.runKeyword(WebUIKeywordMain.groovy:43)
	at com.kms.katalon.core.webui.keyword.builtin.VerifyElementPresentKeyword.verifyElementPresent(VerifyElementPresentKeyword.groovy:92)
	at com.kms.katalon.core.webui.keyword.builtin.VerifyElementPresentKeyword.execute(VerifyElementPresentKeyword.groovy:68)
	at com.kms.katalon.core.keyword.internal.KeywordExecutor.executeKeywordForPlatform(KeywordExecutor.groovy:74)
	at com.kms.katalon.core.webui.keyword.WebUiBuiltInKeywords.verifyElementPresent(WebUiBuiltInKeywords.groovy:1503)
	at com.kms.katalon.core.webui.keyword.WebUiBuiltInKeywords$verifyElementPresent$6.call(Unknown Source)
	at Verify Order Template Minimize Arrow.run(Verify Order Template Minimize Arrow:50)
	at com.kms.katalon.core.main.ScriptEngine.run(ScriptEngine.java:194)
	at com.kms.katalon.core.main.ScriptEngine.runScriptAsRawText(ScriptEngine.java:119)
	at com.kms.katalon.core.main.TestCaseExecutor.runScript(TestCaseExecutor.java:448)
	at com.kms.katalon.core.main.TestCaseExecutor.doExecute(TestCaseExecutor.java:439)
	at com.kms.katalon.core.main.TestCaseExecutor.processExecutionPhase(TestCaseExecutor.java:418)
	at com.kms.katalon.core.main.TestCaseExecutor.accessMainPhase(TestCaseExecutor.java:410)
	at com.kms.katalon.core.main.TestCaseExecutor.execute(TestCaseExecutor.java:285)
	at com.kms.katalon.core.common.CommonExecutor.accessTestCaseMainPhase(CommonExecutor.java:65)
	at com.kms.katalon.core.main.TestSuiteExecutor.accessTestSuiteMainPhase(TestSuiteExecutor.java:150)
	at com.kms.katalon.core.main.TestSuiteExecutor.execute(TestSuiteExecutor.java:106)
	at com.kms.katalon.core.main.TestCaseMain.startTestSuite(TestCaseMain.java:180)
	at com.kms.katalon.core.main.TestCaseMain$startTestSuite$0.call(Unknown Source)
	at TempTestSuite1761139103004.run(TempTestSuite1761139103004.groovy:35)
	at java.base/jdk.internal.reflect.NativeMethodAccessorImpl.invoke0(Native Method)
	at java.base/jdk.internal.reflect.NativeMethodAccessorImpl.invoke(NativeMethodAccessorImpl.java:77)
	at java.base/jdk.internal.reflect.DelegatingMethodAccessorImpl.invoke(DelegatingMethodAccessorImpl.java:43)
Caused by: com.kms.katalon.core.exception.StepFailedException: com.kms.katalon.core.webui.exception.WebElementNotFoundException: Web element with id: 'Object Repository/TripFocus/Order Templates/Order_Template_Minimize_Arrow' located by '/html/body/div/div[2]/div/main/div/section/div[4]/div/div/div[3]/div[1]/div/div/div[1]/div[5]/button' not found
	at com.kms.katalon.core.webui.keyword.internal.WebUIKeywordMain.stepFailed(WebUIKeywordMain.groovy:117)
	at com.kms.katalon.core.webui.keyword.builtin.VerifyElementPresentKeyword$_verifyElementPresent_closure1.doCall(VerifyElementPresentKeyword.groovy:85)
	at com.kms.katalon.core.webui.keyword.builtin.VerifyElementPresentKeyword$_verifyElementPresent_closure1.call(VerifyElementPresentKeyword.groovy)
	at com.kms.katalon.core.webui.keyword.internal.WebUIKeywordMain.runKeyword(WebUIKeywordMain.groovy:35)
	... 22 more
)

22-10-2025T11:06:28 - [TEST_STEP][PASSED] - Start listener action : retryOnDisconnect: Current window's url is: 'https://www.qa.tripfocus.com/order-templates'

22-10-2025T11:06:28 - [TEST_STEP][PASSED] - tcId = testCaseContext.getTestCaseId(): null

22-10-2025T11:06:28 - [TEST_STEP][PASSED] - currentRetry = retryCounts.getOrDefault(tcId, 0): null

22-10-2025T11:06:28 - [TEST_STEP][PASSED] - if (testCaseContext.getTestCaseStatus() == "FAILED" && currentRetry < MAX_RETRIES): Current window's url is: 'https://www.qa.tripfocus.com/order-templates'

22-10-2025T11:06:28 - [TEST_STEP][PASSED] - try: Current window's url is: 'https://www.qa.tripfocus.com/order-templates'

22-10-2025T11:06:28 - [TEST_STEP][PASSED] - comment(Checking for WebDriver disconnect for test case: $tcId): Checking for WebDriver disconnect for test case: Test Cases/TripFocus/SPG/SPG - Templates/Verify Order Template Minimize Arrow

22-10-2025T11:06:28 - [MESSAGE][INFO] - Checking for WebDriver disconnect for test case: Test Cases/TripFocus/SPG/SPG - Templates/Verify Order Template Minimize Arrow

22-10-2025T11:06:28 - [TEST_STEP][PASSED] - getUrl(): Current window's url is: 'https://www.qa.tripfocus.com/order-templates'

22-10-2025T11:06:28 - [MESSAGE][PASSED] - Current window's url is: 'https://www.qa.tripfocus.com/order-templates']]></system-out>
         <system-err><![CDATA[22-10-2025T11:05:26 - [TEST_CASE][FAILED] - Test Cases/TripFocus/SPG/SPG - Templates/Verify Order Template Minimize Arrow: Test Cases/TripFocus/SPG/SPG - Templates/Verify Order Template Minimize Arrow FAILED.
Reason:
com.kms.katalon.core.exception.StepFailedException: Unable to verify object 'Object Repository/TripFocus/Order Templates/Order_Template_Minimize_Arrow' is present
	at com.kms.katalon.core.webui.keyword.internal.WebUIKeywordMain.stepFailed(WebUIKeywordMain.groovy:117)
	at com.kms.katalon.core.webui.keyword.internal.WebUIKeywordMain.runKeyword(WebUIKeywordMain.groovy:43)
	at com.kms.katalon.core.webui.keyword.builtin.VerifyElementPresentKeyword.verifyElementPresent(VerifyElementPresentKeyword.groovy:92)
	at com.kms.katalon.core.webui.keyword.builtin.VerifyElementPresentKeyword.execute(VerifyElementPresentKeyword.groovy:68)
	at com.kms.katalon.core.keyword.internal.KeywordExecutor.executeKeywordForPlatform(KeywordExecutor.groovy:74)
	at com.kms.katalon.core.webui.keyword.WebUiBuiltInKeywords.verifyElementPresent(WebUiBuiltInKeywords.groovy:1503)
	at com.kms.katalon.core.webui.keyword.WebUiBuiltInKeywords$verifyElementPresent$6.call(Unknown Source)
	at Verify Order Template Minimize Arrow.run(Verify Order Template Minimize Arrow:50)
	at com.kms.katalon.core.main.ScriptEngine.run(ScriptEngine.java:194)
	at com.kms.katalon.core.main.ScriptEngine.runScriptAsRawText(ScriptEngine.java:119)
	at com.kms.katalon.core.main.TestCaseExecutor.runScript(TestCaseExecutor.java:448)
	at com.kms.katalon.core.main.TestCaseExecutor.doExecute(TestCaseExecutor.java:439)
	at com.kms.katalon.core.main.TestCaseExecutor.processExecutionPhase(TestCaseExecutor.java:418)
	at com.kms.katalon.core.main.TestCaseExecutor.accessMainPhase(TestCaseExecutor.java:410)
	at com.kms.katalon.core.main.TestCaseExecutor.execute(TestCaseExecutor.java:285)
	at com.kms.katalon.core.common.CommonExecutor.accessTestCaseMainPhase(CommonExecutor.java:65)
	at com.kms.katalon.core.main.TestSuiteExecutor.accessTestSuiteMainPhase(TestSuiteExecutor.java:150)
	at com.kms.katalon.core.main.TestSuiteExecutor.execute(TestSuiteExecutor.java:106)
	at com.kms.katalon.core.main.TestCaseMain.startTestSuite(TestCaseMain.java:180)
	at com.kms.katalon.core.main.TestCaseMain$startTestSuite$0.call(Unknown Source)
	at TempTestSuite1761139103004.run(TempTestSuite1761139103004.groovy:35)
	at java.base/jdk.internal.reflect.NativeMethodAccessorImpl.invoke0(Native Method)
	at java.base/jdk.internal.reflect.NativeMethodAccessorImpl.invoke(NativeMethodAccessorImpl.java:77)
	at java.base/jdk.internal.reflect.DelegatingMethodAccessorImpl.invoke(DelegatingMethodAccessorImpl.java:43)
Caused by: com.kms.katalon.core.exception.StepFailedException: com.kms.katalon.core.webui.exception.WebElementNotFoundException: Web element with id: 'Object Repository/TripFocus/Order Templates/Order_Template_Minimize_Arrow' located by '/html/body/div/div[2]/div/main/div/section/div[4]/div/div/div[3]/div[1]/div/div/div[1]/div[5]/button' not found
	at com.kms.katalon.core.webui.keyword.internal.WebUIKeywordMain.stepFailed(WebUIKeywordMain.groovy:117)
	at com.kms.katalon.core.webui.keyword.builtin.VerifyElementPresentKeyword$_verifyElementPresent_closure1.doCall(VerifyElementPresentKeyword.groovy:85)
	at com.kms.katalon.core.webui.keyword.builtin.VerifyElementPresentKeyword$_verifyElementPresent_closure1.call(VerifyElementPresentKeyword.groovy)
	at com.kms.katalon.core.webui.keyword.internal.WebUIKeywordMain.runKeyword(WebUIKeywordMain.groovy:35)
	... 22 more]]></system-err>
      </testcase>
      <testcase name="Test Cases/TripFocus/SPG/SPG - Templates/Verify Order Template Search Field When Creating Orders" time="63.885" classname="Test Cases/TripFocus/SPG/SPG - Templates/Verify Order Template Search Field When Creating Orders" status="FAILED">
         <failure type="FAILED" message="Test Cases/TripFocus/SPG/SPG - Templates/Verify Order Template Search Field When Creating Orders FAILED.&#xa;Reason:&#xa;com.kms.katalon.core.exception.StepFailedException: Unable to verify object 'Object Repository/TripFocus/Order Templates/Search_Template_Orders_txt' is visible&#xa;	at com.kms.katalon.core.webui.keyword.internal.WebUIKeywordMain.stepFailed(WebUIKeywordMain.groovy:117)&#xa;	at com.kms.katalon.core.webui.keyword.internal.WebUIKeywordMain.runKeyword(WebUIKeywordMain.groovy:43)&#xa;	at com.kms.katalon.core.webui.keyword.builtin.VerifyElementVisibleKeyword.verifyElementVisible(VerifyElementVisibleKeyword.groovy:97)&#xa;	at com.kms.katalon.core.webui.keyword.builtin.VerifyElementVisibleKeyword.execute(VerifyElementVisibleKeyword.groovy:67)&#xa;	at com.kms.katalon.core.keyword.internal.KeywordExecutor.executeKeywordForPlatform(KeywordExecutor.groovy:74)&#xa;	at com.kms.katalon.core.webui.keyword.WebUiBuiltInKeywords.verifyElementVisible(WebUiBuiltInKeywords.groovy:401)&#xa;	at com.kms.katalon.core.webui.keyword.WebUiBuiltInKeywords$verifyElementVisible$5.call(Unknown Source)&#xa;	at Verify Order Template Search Field When Creating Orders.run(Verify Order Template Search Field When Creating Orders:67)&#xa;	at com.kms.katalon.core.main.ScriptEngine.run(ScriptEngine.java:194)&#xa;	at com.kms.katalon.core.main.ScriptEngine.runScriptAsRawText(ScriptEngine.java:119)&#xa;	at com.kms.katalon.core.main.TestCaseExecutor.runScript(TestCaseExecutor.java:448)&#xa;	at com.kms.katalon.core.main.TestCaseExecutor.doExecute(TestCaseExecutor.java:439)&#xa;	at com.kms.katalon.core.main.TestCaseExecutor.processExecutionPhase(TestCaseExecutor.java:418)&#xa;	at com.kms.katalon.core.main.TestCaseExecutor.accessMainPhase(TestCaseExecutor.java:410)&#xa;	at com.kms.katalon.core.main.TestCaseExecutor.execute(TestCaseExecutor.java:285)&#xa;	at com.kms.katalon.core.common.CommonExecutor.accessTestCaseMainPhase(CommonExecutor.java:65)&#xa;	at com.kms.katalon.core.main.TestSuiteExecutor.accessTestSuiteMainPhase(TestSuiteExecutor.java:150)&#xa;	at com.kms.katalon.core.main.TestSuiteExecutor.execute(TestSuiteExecutor.java:106)&#xa;	at com.kms.katalon.core.main.TestCaseMain.startTestSuite(TestCaseMain.java:180)&#xa;	at com.kms.katalon.core.main.TestCaseMain$startTestSuite$0.call(Unknown Source)&#xa;	at TempTestSuite1761139103004.run(TempTestSuite1761139103004.groovy:35)&#xa;	at java.base/jdk.internal.reflect.NativeMethodAccessorImpl.invoke0(Native Method)&#xa;	at java.base/jdk.internal.reflect.NativeMethodAccessorImpl.invoke(NativeMethodAccessorImpl.java:77)&#xa;	at java.base/jdk.internal.reflect.DelegatingMethodAccessorImpl.invoke(DelegatingMethodAccessorImpl.java:43)&#xa;Caused by: com.kms.katalon.core.exception.StepFailedException: Object 'Object Repository/TripFocus/Order Templates/Search_Template_Orders_txt' is NOT visible&#xa;	at com.kms.katalon.core.webui.keyword.internal.WebUIKeywordMain.stepFailed(WebUIKeywordMain.groovy:117)&#xa;	at com.kms.katalon.core.webui.keyword.builtin.VerifyElementVisibleKeyword$_verifyElementVisible_closure1.doCall(VerifyElementVisibleKeyword.groovy:83)&#xa;	at com.kms.katalon.core.webui.keyword.builtin.VerifyElementVisibleKeyword$_verifyElementVisible_closure1.call(VerifyElementVisibleKeyword.groovy)&#xa;	at com.kms.katalon.core.webui.keyword.internal.WebUIKeywordMain.runKeyword(WebUIKeywordMain.groovy:35)&#xa;	... 22 more&#xa;"/>
         <system-out><![CDATA[22-10-2025T11:06:28 - [TEST_CASE][FAILED] - Test Cases/TripFocus/SPG/SPG - Templates/Verify Order Template Search Field When Creating Orders: Test Cases/TripFocus/SPG/SPG - Templates/Verify Order Template Search Field When Creating Orders FAILED.
Reason:
com.kms.katalon.core.exception.StepFailedException: Unable to verify object 'Object Repository/TripFocus/Order Templates/Search_Template_Orders_txt' is visible
	at com.kms.katalon.core.webui.keyword.internal.WebUIKeywordMain.stepFailed(WebUIKeywordMain.groovy:117)
	at com.kms.katalon.core.webui.keyword.internal.WebUIKeywordMain.runKeyword(WebUIKeywordMain.groovy:43)
	at com.kms.katalon.core.webui.keyword.builtin.VerifyElementVisibleKeyword.verifyElementVisible(VerifyElementVisibleKeyword.groovy:97)
	at com.kms.katalon.core.webui.keyword.builtin.VerifyElementVisibleKeyword.execute(VerifyElementVisibleKeyword.groovy:67)
	at com.kms.katalon.core.keyword.internal.KeywordExecutor.executeKeywordForPlatform(KeywordExecutor.groovy:74)
	at com.kms.katalon.core.webui.keyword.WebUiBuiltInKeywords.verifyElementVisible(WebUiBuiltInKeywords.groovy:401)
	at com.kms.katalon.core.webui.keyword.WebUiBuiltInKeywords$verifyElementVisible$5.call(Unknown Source)
	at Verify Order Template Search Field When Creating Orders.run(Verify Order Template Search Field When Creating Orders:67)
	at com.kms.katalon.core.main.ScriptEngine.run(ScriptEngine.java:194)
	at com.kms.katalon.core.main.ScriptEngine.runScriptAsRawText(ScriptEngine.java:119)
	at com.kms.katalon.core.main.TestCaseExecutor.runScript(TestCaseExecutor.java:448)
	at com.kms.katalon.core.main.TestCaseExecutor.doExecute(TestCaseExecutor.java:439)
	at com.kms.katalon.core.main.TestCaseExecutor.processExecutionPhase(TestCaseExecutor.java:418)
	at com.kms.katalon.core.main.TestCaseExecutor.accessMainPhase(TestCaseExecutor.java:410)
	at com.kms.katalon.core.main.TestCaseExecutor.execute(TestCaseExecutor.java:285)
	at com.kms.katalon.core.common.CommonExecutor.accessTestCaseMainPhase(CommonExecutor.java:65)
	at com.kms.katalon.core.main.TestSuiteExecutor.accessTestSuiteMainPhase(TestSuiteExecutor.java:150)
	at com.kms.katalon.core.main.TestSuiteExecutor.execute(TestSuiteExecutor.java:106)
	at com.kms.katalon.core.main.TestCaseMain.startTestSuite(TestCaseMain.java:180)
	at com.kms.katalon.core.main.TestCaseMain$startTestSuite$0.call(Unknown Source)
	at TempTestSuite1761139103004.run(TempTestSuite1761139103004.groovy:35)
	at java.base/jdk.internal.reflect.NativeMethodAccessorImpl.invoke0(Native Method)
	at java.base/jdk.internal.reflect.NativeMethodAccessorImpl.invoke(NativeMethodAccessorImpl.java:77)
	at java.base/jdk.internal.reflect.DelegatingMethodAccessorImpl.invoke(DelegatingMethodAccessorImpl.java:43)
Caused by: com.kms.katalon.core.exception.StepFailedException: Object 'Object Repository/TripFocus/Order Templates/Search_Template_Orders_txt' is NOT visible
	at com.kms.katalon.core.webui.keyword.internal.WebUIKeywordMain.stepFailed(WebUIKeywordMain.groovy:117)
	at com.kms.katalon.core.webui.keyword.builtin.VerifyElementVisibleKeyword$_verifyElementVisible_closure1.doCall(VerifyElementVisibleKeyword.groovy:83)
	at com.kms.katalon.core.webui.keyword.builtin.VerifyElementVisibleKeyword$_verifyElementVisible_closure1.call(VerifyElementVisibleKeyword.groovy)
	at com.kms.katalon.core.webui.keyword.internal.WebUIKeywordMain.runKeyword(WebUIKeywordMain.groovy:35)
	... 22 more


22-10-2025T11:06:28 - [TEST_STEP][PASSED] - Start listener action : beforeTestCase: null

22-10-2025T11:06:28 - [TEST_STEP][PASSED] - addDefaultPackages(): null

22-10-2025T11:06:28 - [TEST_STEP][PASSED] - openBrowser(""): Browser is opened with url: ''

22-10-2025T11:06:28 - [MESSAGE][WARNING] - A browser is already opened. Closing browser and opening a new one

22-10-2025T11:06:28 - [MESSAGE][INFO] - Starting 'Chrome' driver

22-10-2025T11:06:28 - [MESSAGE][INFO] - User set preference: ['args', '[--no-sandbox, --disable-gpu, --disable-dev-shm-usage]']

22-10-2025T11:06:28 - [MESSAGE][INFO] - Action delay is set to 0 milliseconds

22-10-2025T11:06:29 - [MESSAGE][PASSED] - Browser is opened with url: ''

22-10-2025T11:06:29 - [TEST_STEP][PASSED] - navigateToUrl(TFBaseURL): Navigate to 'https://www.qa.tripfocus.com' successfully

22-10-2025T11:06:29 - [MESSAGE][PASSED] - Navigate to 'https://www.qa.tripfocus.com' successfully

22-10-2025T11:06:29 - [TEST_STEP][PASSED] - maximizeWindow(): Current window maximized

22-10-2025T11:06:29 - [MESSAGE][PASSED] - Current window maximized

22-10-2025T11:06:29 - [TEST_STEP][PASSED] - click(findTestObject("Object Repository/TripFocus/Page_TripFocus/button_Sign in")): Object: 'Object Repository/TripFocus/Page_TripFocus/button_Sign in' is clicked on

22-10-2025T11:06:30 - [MESSAGE][PASSED] - Object: 'Object Repository/TripFocus/Page_TripFocus/button_Sign in' is clicked on

22-10-2025T11:06:30 - [TEST_STEP][PASSED] - setText(findTestObject("Object Repository/TripFocus/Page_TripFocus/input_Username (e.g. email address)_Username"), TripFocusBleachTechSPGUsername): Text 'Ashford.Chenault+BleachtechCustomerSPGONLY@thekag.com' is set on object 'Object Repository/TripFocus/Page_TripFocus/input_Username (e.g. email address)_Username'

22-10-2025T11:06:30 - [MESSAGE][PASSED] - Text 'Ashford.Chenault+BleachtechCustomerSPGONLY@thekag.com' is set on object 'Object Repository/TripFocus/Page_TripFocus/input_Username (e.g. email address)_Username'

22-10-2025T11:06:30 - [TEST_STEP][PASSED] - setText(findTestObject("Object Repository/TripFocus/Page_TripFocus/input_Password_Password"), TripFocusFDGSPGPassword): Text 'CrashBan911!!' is set on object 'Object Repository/TripFocus/Page_TripFocus/input_Password_Password'

22-10-2025T11:06:30 - [MESSAGE][PASSED] - Text 'CrashBan911!!' is set on object 'Object Repository/TripFocus/Page_TripFocus/input_Password_Password'

22-10-2025T11:06:30 - [TEST_STEP][PASSED] - click(findTestObject("Object Repository/TripFocus/Page_TripFocus/button_Login")): Object: 'Object Repository/TripFocus/Page_TripFocus/button_Login' is clicked on

22-10-2025T11:06:31 - [MESSAGE][PASSED] - Object: 'Object Repository/TripFocus/Page_TripFocus/button_Login' is clicked on

22-10-2025T11:06:31 - [TEST_STEP][PASSED] - maximizeWindow(): Current window maximized

22-10-2025T11:06:31 - [MESSAGE][PASSED] - Current window maximized

22-10-2025T11:06:31 - [TEST_STEP][PASSED] - waitForElementVisible(findTestObject("TripFocus/Testing_Notification_btn"), 15, OPTIONAL): Web element with id: 'Object Repository/TripFocus/Testing_Notification_btn' located by '//*[@id="__BVID__10___BV_modal_footer_"]/button' not found

22-10-2025T11:06:47 - [MESSAGE][INFO] - Unable to find the element located by 'By.xpath: //*[@id="__BVID__10___BV_modal_footer_"]/button'. Please recheck the objects properties to make sure the desired element is located. 

22-10-2025T11:06:47 - [MESSAGE][WARNING] - [SELF-HEALING] Failed to find element with id 'Object Repository/TripFocus/Testing_Notification_btn'. Try using Self-healing.

22-10-2025T11:06:48 - [MESSAGE][INFO] - [SELF-HEALING] No working XPath is found.

22-10-2025T11:06:50 - [MESSAGE][INFO] - Unable to find the element located by 'By.xpath: '. Please recheck the objects properties to make sure the desired element is located. 

22-10-2025T11:06:50 - [MESSAGE][WARNING] - [SELF-HEALING] Cannot find elements when the selector is null

22-10-2025T11:06:50 - [MESSAGE][WARNING] - Web element with id: 'Object Repository/TripFocus/Testing_Notification_btn' located by '//*[@id="__BVID__10___BV_modal_footer_"]/button' not found

22-10-2025T11:06:50 - [TEST_STEP][PASSED] - if (verifyElementVisible(findTestObject("TripFocus/Testing_Notification_btn"), OPTIONAL) == true): Web element with id: 'Object Repository/TripFocus/Testing_Notification_btn' located by '//*[@id="__BVID__10___BV_modal_footer_"]/button' not found (Root cause: com.kms.katalon.core.exception.StepFailedException: Web element with id: 'Object Repository/TripFocus/Testing_Notification_btn' located by '//*[@id="__BVID__10___BV_modal_footer_"]/button' not found
	at com.kms.katalon.core.webui.keyword.internal.WebUIKeywordMain.stepFailed(WebUIKeywordMain.groovy:117)
	at com.kms.katalon.core.webui.keyword.builtin.VerifyElementVisibleKeyword$_verifyElementVisible_closure1.doCall(VerifyElementVisibleKeyword.groovy:89)
	at com.kms.katalon.core.webui.keyword.builtin.VerifyElementVisibleKeyword$_verifyElementVisible_closure1.call(VerifyElementVisibleKeyword.groovy)
	at com.kms.katalon.core.webui.keyword.internal.WebUIKeywordMain.runKeyword(WebUIKeywordMain.groovy:35)
	at com.kms.katalon.core.webui.keyword.builtin.VerifyElementVisibleKeyword.verifyElementVisible(VerifyElementVisibleKeyword.groovy:97)
	at com.kms.katalon.core.webui.keyword.builtin.VerifyElementVisibleKeyword.execute(VerifyElementVisibleKeyword.groovy:67)
	at com.kms.katalon.core.keyword.internal.KeywordExecutor.executeKeywordForPlatform(KeywordExecutor.groovy:74)
	at com.kms.katalon.core.webui.keyword.WebUiBuiltInKeywords.verifyElementVisible(WebUiBuiltInKeywords.groovy:401)
	at com.kms.katalon.core.webui.keyword.WebUiBuiltInKeywords$verifyElementVisible$5.call(Unknown Source)
	at Verify Order Template Search Field When Creating Orders.run(Verify Order Template Search Field When Creating Orders:40)
	at com.kms.katalon.core.main.ScriptEngine.run(ScriptEngine.java:194)
	at com.kms.katalon.core.main.ScriptEngine.runScriptAsRawText(ScriptEngine.java:119)
	at com.kms.katalon.core.main.TestCaseExecutor.runScript(TestCaseExecutor.java:448)
	at com.kms.katalon.core.main.TestCaseExecutor.doExecute(TestCaseExecutor.java:439)
	at com.kms.katalon.core.main.TestCaseExecutor.processExecutionPhase(TestCaseExecutor.java:418)
	at com.kms.katalon.core.main.TestCaseExecutor.accessMainPhase(TestCaseExecutor.java:410)
	at com.kms.katalon.core.main.TestCaseExecutor.execute(TestCaseExecutor.java:285)
	at com.kms.katalon.core.common.CommonExecutor.accessTestCaseMainPhase(CommonExecutor.java:65)
	at com.kms.katalon.core.main.TestSuiteExecutor.accessTestSuiteMainPhase(TestSuiteExecutor.java:150)
	at com.kms.katalon.core.main.TestSuiteExecutor.execute(TestSuiteExecutor.java:106)
	at com.kms.katalon.core.main.TestCaseMain.startTestSuite(TestCaseMain.java:180)
	at com.kms.katalon.core.main.TestCaseMain$startTestSuite$0.call(Unknown Source)
	at TempTestSuite1761139103004.run(TempTestSuite1761139103004.groovy:35)
	at java.base/jdk.internal.reflect.NativeMethodAccessorImpl.invoke0(Native Method)
	at java.base/jdk.internal.reflect.NativeMethodAccessorImpl.invoke(NativeMethodAccessorImpl.java:77)
	at java.base/jdk.internal.reflect.DelegatingMethodAccessorImpl.invoke(DelegatingMethodAccessorImpl.java:43)
)

22-10-2025T11:07:06 - [MESSAGE][INFO] - Unable to find the element located by 'By.xpath: //*[@id="__BVID__10___BV_modal_footer_"]/button'. Please recheck the objects properties to make sure the desired element is located. 

22-10-2025T11:07:06 - [MESSAGE][WARNING] - [SELF-HEALING] Failed to find element with id 'Object Repository/TripFocus/Testing_Notification_btn'. Try using Self-healing.

22-10-2025T11:07:07 - [MESSAGE][INFO] - [SELF-HEALING] No working XPath is found.

22-10-2025T11:07:09 - [MESSAGE][INFO] - Unable to find the element located by 'By.xpath: '. Please recheck the objects properties to make sure the desired element is located. 

22-10-2025T11:07:09 - [MESSAGE][WARNING] - [SELF-HEALING] Cannot find elements when the selector is null

22-10-2025T11:07:09 - [MESSAGE][WARNING] - Web element with id: 'Object Repository/TripFocus/Testing_Notification_btn' located by '//*[@id="__BVID__10___BV_modal_footer_"]/button' not found (Root cause: com.kms.katalon.core.exception.StepFailedException: Web element with id: 'Object Repository/TripFocus/Testing_Notification_btn' located by '//*[@id="__BVID__10___BV_modal_footer_"]/button' not found
	at com.kms.katalon.core.webui.keyword.internal.WebUIKeywordMain.stepFailed(WebUIKeywordMain.groovy:117)
	at com.kms.katalon.core.webui.keyword.builtin.VerifyElementVisibleKeyword$_verifyElementVisible_closure1.doCall(VerifyElementVisibleKeyword.groovy:89)
	at com.kms.katalon.core.webui.keyword.builtin.VerifyElementVisibleKeyword$_verifyElementVisible_closure1.call(VerifyElementVisibleKeyword.groovy)
	at com.kms.katalon.core.webui.keyword.internal.WebUIKeywordMain.runKeyword(WebUIKeywordMain.groovy:35)
	at com.kms.katalon.core.webui.keyword.builtin.VerifyElementVisibleKeyword.verifyElementVisible(VerifyElementVisibleKeyword.groovy:97)
	at com.kms.katalon.core.webui.keyword.builtin.VerifyElementVisibleKeyword.execute(VerifyElementVisibleKeyword.groovy:67)
	at com.kms.katalon.core.keyword.internal.KeywordExecutor.executeKeywordForPlatform(KeywordExecutor.groovy:74)
	at com.kms.katalon.core.webui.keyword.WebUiBuiltInKeywords.verifyElementVisible(WebUiBuiltInKeywords.groovy:401)
	at com.kms.katalon.core.webui.keyword.WebUiBuiltInKeywords$verifyElementVisible$5.call(Unknown Source)
	at Verify Order Template Search Field When Creating Orders.run(Verify Order Template Search Field When Creating Orders:40)
	at com.kms.katalon.core.main.ScriptEngine.run(ScriptEngine.java:194)
	at com.kms.katalon.core.main.ScriptEngine.runScriptAsRawText(ScriptEngine.java:119)
	at com.kms.katalon.core.main.TestCaseExecutor.runScript(TestCaseExecutor.java:448)
	at com.kms.katalon.core.main.TestCaseExecutor.doExecute(TestCaseExecutor.java:439)
	at com.kms.katalon.core.main.TestCaseExecutor.processExecutionPhase(TestCaseExecutor.java:418)
	at com.kms.katalon.core.main.TestCaseExecutor.accessMainPhase(TestCaseExecutor.java:410)
	at com.kms.katalon.core.main.TestCaseExecutor.execute(TestCaseExecutor.java:285)
	at com.kms.katalon.core.common.CommonExecutor.accessTestCaseMainPhase(CommonExecutor.java:65)
	at com.kms.katalon.core.main.TestSuiteExecutor.accessTestSuiteMainPhase(TestSuiteExecutor.java:150)
	at com.kms.katalon.core.main.TestSuiteExecutor.execute(TestSuiteExecutor.java:106)
	at com.kms.katalon.core.main.TestCaseMain.startTestSuite(TestCaseMain.java:180)
	at com.kms.katalon.core.main.TestCaseMain$startTestSuite$0.call(Unknown Source)
	at TempTestSuite1761139103004.run(TempTestSuite1761139103004.groovy:35)
	at java.base/jdk.internal.reflect.NativeMethodAccessorImpl.invoke0(Native Method)
	at java.base/jdk.internal.reflect.NativeMethodAccessorImpl.invoke(NativeMethodAccessorImpl.java:77)
	at java.base/jdk.internal.reflect.DelegatingMethodAccessorImpl.invoke(DelegatingMethodAccessorImpl.java:43)
)

22-10-2025T11:07:09 - [TEST_STEP][PASSED] - click(findTestObject("TripFocus/Order Templates/Order Templates_tab")): Object: 'Object Repository/TripFocus/Order Templates/Order Templates_tab' is clicked on

22-10-2025T11:07:09 - [MESSAGE][PASSED] - Object: 'Object Repository/TripFocus/Order Templates/Order Templates_tab' is clicked on

22-10-2025T11:07:09 - [TEST_STEP][PASSED] - delay(5): Delayed 5 second(s)

22-10-2025T11:07:14 - [MESSAGE][PASSED] - Delayed 5 second(s)

22-10-2025T11:07:14 - [TEST_STEP][PASSED] - setText(findTestObject("TripFocus/Order Templates/Template_Search_txt"), "CamTest"): Text 'CamTest' is set on object 'Object Repository/TripFocus/Order Templates/Template_Search_txt'

22-10-2025T11:07:14 - [MESSAGE][PASSED] - Text 'CamTest' is set on object 'Object Repository/TripFocus/Order Templates/Template_Search_txt'

22-10-2025T11:07:14 - [TEST_STEP][PASSED] - delay(5): Delayed 5 second(s)

22-10-2025T11:07:19 - [MESSAGE][PASSED] - Delayed 5 second(s)

22-10-2025T11:07:19 - [TEST_STEP][PASSED] - click(findTestObject("TripFocus/Order Templates/Template_Search_btn"), STOP_ON_FAILURE): Object: 'Object Repository/TripFocus/Order Templates/Template_Search_btn' is clicked on

22-10-2025T11:07:19 - [MESSAGE][PASSED] - Object: 'Object Repository/TripFocus/Order Templates/Template_Search_btn' is clicked on

22-10-2025T11:07:19 - [TEST_STEP][PASSED] - delay(10): Delayed 10 second(s)

22-10-2025T11:07:29 - [MESSAGE][PASSED] - Delayed 10 second(s)

22-10-2025T11:07:29 - [TEST_STEP][PASSED] - click(findTestObject("TripFocus/Order Templates/Template_Create_Order_btn"), STOP_ON_FAILURE): Object: 'Object Repository/TripFocus/Order Templates/Template_Create_Order_btn' is clicked on

22-10-2025T11:07:30 - [MESSAGE][PASSED] - Object: 'Object Repository/TripFocus/Order Templates/Template_Create_Order_btn' is clicked on

22-10-2025T11:07:30 - [TEST_STEP][PASSED] - delay(2): Delayed 2 second(s)

22-10-2025T11:07:32 - [MESSAGE][PASSED] - Delayed 2 second(s)

22-10-2025T11:07:32 - [TEST_STEP][PASSED] - click(findTestObject("TripFocus/Order Templates/Use_Template_btn"), STOP_ON_FAILURE): Object: 'Object Repository/TripFocus/Order Templates/Use_Template_btn' is clicked on

22-10-2025T11:07:32 - [MESSAGE][PASSED] - Object: 'Object Repository/TripFocus/Order Templates/Use_Template_btn' is clicked on

22-10-2025T11:07:32 - [TEST_STEP][PASSED] - verifyElementPresent(findTestObject("TripFocus/Order Templates/Search_Template_Orders_txt"), 10): Object 'Object Repository/TripFocus/Order Templates/Search_Template_Orders_txt' is present

22-10-2025T11:07:32 - [MESSAGE][PASSED] - Object 'Object Repository/TripFocus/Order Templates/Search_Template_Orders_txt' is present

22-10-2025T11:07:32 - [TEST_STEP][FAILED] - verifyElementVisible(findTestObject("TripFocus/Order Templates/Search_Template_Orders_txt"), STOP_ON_FAILURE): Unable to verify object 'Object Repository/TripFocus/Order Templates/Search_Template_Orders_txt' is visible (Root cause: com.kms.katalon.core.exception.StepFailedException: Unable to verify object 'Object Repository/TripFocus/Order Templates/Search_Template_Orders_txt' is visible
	at com.kms.katalon.core.webui.keyword.internal.WebUIKeywordMain.stepFailed(WebUIKeywordMain.groovy:117)
	at com.kms.katalon.core.webui.keyword.internal.WebUIKeywordMain.runKeyword(WebUIKeywordMain.groovy:43)
	at com.kms.katalon.core.webui.keyword.builtin.VerifyElementVisibleKeyword.verifyElementVisible(VerifyElementVisibleKeyword.groovy:97)
	at com.kms.katalon.core.webui.keyword.builtin.VerifyElementVisibleKeyword.execute(VerifyElementVisibleKeyword.groovy:67)
	at com.kms.katalon.core.keyword.internal.KeywordExecutor.executeKeywordForPlatform(KeywordExecutor.groovy:74)
	at com.kms.katalon.core.webui.keyword.WebUiBuiltInKeywords.verifyElementVisible(WebUiBuiltInKeywords.groovy:401)
	at com.kms.katalon.core.webui.keyword.WebUiBuiltInKeywords$verifyElementVisible$5.call(Unknown Source)
	at Verify Order Template Search Field When Creating Orders.run(Verify Order Template Search Field When Creating Orders:67)
	at com.kms.katalon.core.main.ScriptEngine.run(ScriptEngine.java:194)
	at com.kms.katalon.core.main.ScriptEngine.runScriptAsRawText(ScriptEngine.java:119)
	at com.kms.katalon.core.main.TestCaseExecutor.runScript(TestCaseExecutor.java:448)
	at com.kms.katalon.core.main.TestCaseExecutor.doExecute(TestCaseExecutor.java:439)
	at com.kms.katalon.core.main.TestCaseExecutor.processExecutionPhase(TestCaseExecutor.java:418)
	at com.kms.katalon.core.main.TestCaseExecutor.accessMainPhase(TestCaseExecutor.java:410)
	at com.kms.katalon.core.main.TestCaseExecutor.execute(TestCaseExecutor.java:285)
	at com.kms.katalon.core.common.CommonExecutor.accessTestCaseMainPhase(CommonExecutor.java:65)
	at com.kms.katalon.core.main.TestSuiteExecutor.accessTestSuiteMainPhase(TestSuiteExecutor.java:150)
	at com.kms.katalon.core.main.TestSuiteExecutor.execute(TestSuiteExecutor.java:106)
	at com.kms.katalon.core.main.TestCaseMain.startTestSuite(TestCaseMain.java:180)
	at com.kms.katalon.core.main.TestCaseMain$startTestSuite$0.call(Unknown Source)
	at TempTestSuite1761139103004.run(TempTestSuite1761139103004.groovy:35)
	at java.base/jdk.internal.reflect.NativeMethodAccessorImpl.invoke0(Native Method)
	at java.base/jdk.internal.reflect.NativeMethodAccessorImpl.invoke(NativeMethodAccessorImpl.java:77)
	at java.base/jdk.internal.reflect.DelegatingMethodAccessorImpl.invoke(DelegatingMethodAccessorImpl.java:43)
Caused by: com.kms.katalon.core.exception.StepFailedException: Object 'Object Repository/TripFocus/Order Templates/Search_Template_Orders_txt' is NOT visible
	at com.kms.katalon.core.webui.keyword.internal.WebUIKeywordMain.stepFailed(WebUIKeywordMain.groovy:117)
	at com.kms.katalon.core.webui.keyword.builtin.VerifyElementVisibleKeyword$_verifyElementVisible_closure1.doCall(VerifyElementVisibleKeyword.groovy:83)
	at com.kms.katalon.core.webui.keyword.builtin.VerifyElementVisibleKeyword$_verifyElementVisible_closure1.call(VerifyElementVisibleKeyword.groovy)
	at com.kms.katalon.core.webui.keyword.internal.WebUIKeywordMain.runKeyword(WebUIKeywordMain.groovy:35)
	... 22 more
)

22-10-2025T11:07:32 - [MESSAGE][FAILED] - Object 'Object Repository/TripFocus/Order Templates/Search_Template_Orders_txt' is NOT visible (Root cause: com.kms.katalon.core.exception.StepFailedException: Object 'Object Repository/TripFocus/Order Templates/Search_Template_Orders_txt' is NOT visible
	at com.kms.katalon.core.webui.keyword.internal.WebUIKeywordMain.stepFailed(WebUIKeywordMain.groovy:117)
	at com.kms.katalon.core.webui.keyword.builtin.VerifyElementVisibleKeyword$_verifyElementVisible_closure1.doCall(VerifyElementVisibleKeyword.groovy:83)
	at com.kms.katalon.core.webui.keyword.builtin.VerifyElementVisibleKeyword$_verifyElementVisible_closure1.call(VerifyElementVisibleKeyword.groovy)
	at com.kms.katalon.core.webui.keyword.internal.WebUIKeywordMain.runKeyword(WebUIKeywordMain.groovy:35)
	at com.kms.katalon.core.webui.keyword.builtin.VerifyElementVisibleKeyword.verifyElementVisible(VerifyElementVisibleKeyword.groovy:97)
	at com.kms.katalon.core.webui.keyword.builtin.VerifyElementVisibleKeyword.execute(VerifyElementVisibleKeyword.groovy:67)
	at com.kms.katalon.core.keyword.internal.KeywordExecutor.executeKeywordForPlatform(KeywordExecutor.groovy:74)
	at com.kms.katalon.core.webui.keyword.WebUiBuiltInKeywords.verifyElementVisible(WebUiBuiltInKeywords.groovy:401)
	at com.kms.katalon.core.webui.keyword.WebUiBuiltInKeywords$verifyElementVisible$5.call(Unknown Source)
	at Verify Order Template Search Field When Creating Orders.run(Verify Order Template Search Field When Creating Orders:67)
	at com.kms.katalon.core.main.ScriptEngine.run(ScriptEngine.java:194)
	at com.kms.katalon.core.main.ScriptEngine.runScriptAsRawText(ScriptEngine.java:119)
	at com.kms.katalon.core.main.TestCaseExecutor.runScript(TestCaseExecutor.java:448)
	at com.kms.katalon.core.main.TestCaseExecutor.doExecute(TestCaseExecutor.java:439)
	at com.kms.katalon.core.main.TestCaseExecutor.processExecutionPhase(TestCaseExecutor.java:418)
	at com.kms.katalon.core.main.TestCaseExecutor.accessMainPhase(TestCaseExecutor.java:410)
	at com.kms.katalon.core.main.TestCaseExecutor.execute(TestCaseExecutor.java:285)
	at com.kms.katalon.core.common.CommonExecutor.accessTestCaseMainPhase(CommonExecutor.java:65)
	at com.kms.katalon.core.main.TestSuiteExecutor.accessTestSuiteMainPhase(TestSuiteExecutor.java:150)
	at com.kms.katalon.core.main.TestSuiteExecutor.execute(TestSuiteExecutor.java:106)
	at com.kms.katalon.core.main.TestCaseMain.startTestSuite(TestCaseMain.java:180)
	at com.kms.katalon.core.main.TestCaseMain$startTestSuite$0.call(Unknown Source)
	at TempTestSuite1761139103004.run(TempTestSuite1761139103004.groovy:35)
	at java.base/jdk.internal.reflect.NativeMethodAccessorImpl.invoke0(Native Method)
	at java.base/jdk.internal.reflect.NativeMethodAccessorImpl.invoke(NativeMethodAccessorImpl.java:77)
	at java.base/jdk.internal.reflect.DelegatingMethodAccessorImpl.invoke(DelegatingMethodAccessorImpl.java:43)
)

22-10-2025T11:07:32 - [MESSAGE][FAILED] - Unable to verify object 'Object Repository/TripFocus/Order Templates/Search_Template_Orders_txt' is visible (Root cause: com.kms.katalon.core.exception.StepFailedException: Unable to verify object 'Object Repository/TripFocus/Order Templates/Search_Template_Orders_txt' is visible
	at com.kms.katalon.core.webui.keyword.internal.WebUIKeywordMain.stepFailed(WebUIKeywordMain.groovy:117)
	at com.kms.katalon.core.webui.keyword.internal.WebUIKeywordMain.runKeyword(WebUIKeywordMain.groovy:43)
	at com.kms.katalon.core.webui.keyword.builtin.VerifyElementVisibleKeyword.verifyElementVisible(VerifyElementVisibleKeyword.groovy:97)
	at com.kms.katalon.core.webui.keyword.builtin.VerifyElementVisibleKeyword.execute(VerifyElementVisibleKeyword.groovy:67)
	at com.kms.katalon.core.keyword.internal.KeywordExecutor.executeKeywordForPlatform(KeywordExecutor.groovy:74)
	at com.kms.katalon.core.webui.keyword.WebUiBuiltInKeywords.verifyElementVisible(WebUiBuiltInKeywords.groovy:401)
	at com.kms.katalon.core.webui.keyword.WebUiBuiltInKeywords$verifyElementVisible$5.call(Unknown Source)
	at Verify Order Template Search Field When Creating Orders.run(Verify Order Template Search Field When Creating Orders:67)
	at com.kms.katalon.core.main.ScriptEngine.run(ScriptEngine.java:194)
	at com.kms.katalon.core.main.ScriptEngine.runScriptAsRawText(ScriptEngine.java:119)
	at com.kms.katalon.core.main.TestCaseExecutor.runScript(TestCaseExecutor.java:448)
	at com.kms.katalon.core.main.TestCaseExecutor.doExecute(TestCaseExecutor.java:439)
	at com.kms.katalon.core.main.TestCaseExecutor.processExecutionPhase(TestCaseExecutor.java:418)
	at com.kms.katalon.core.main.TestCaseExecutor.accessMainPhase(TestCaseExecutor.java:410)
	at com.kms.katalon.core.main.TestCaseExecutor.execute(TestCaseExecutor.java:285)
	at com.kms.katalon.core.common.CommonExecutor.accessTestCaseMainPhase(CommonExecutor.java:65)
	at com.kms.katalon.core.main.TestSuiteExecutor.accessTestSuiteMainPhase(TestSuiteExecutor.java:150)
	at com.kms.katalon.core.main.TestSuiteExecutor.execute(TestSuiteExecutor.java:106)
	at com.kms.katalon.core.main.TestCaseMain.startTestSuite(TestCaseMain.java:180)
	at com.kms.katalon.core.main.TestCaseMain$startTestSuite$0.call(Unknown Source)
	at TempTestSuite1761139103004.run(TempTestSuite1761139103004.groovy:35)
	at java.base/jdk.internal.reflect.NativeMethodAccessorImpl.invoke0(Native Method)
	at java.base/jdk.internal.reflect.NativeMethodAccessorImpl.invoke(NativeMethodAccessorImpl.java:77)
	at java.base/jdk.internal.reflect.DelegatingMethodAccessorImpl.invoke(DelegatingMethodAccessorImpl.java:43)
Caused by: com.kms.katalon.core.exception.StepFailedException: Object 'Object Repository/TripFocus/Order Templates/Search_Template_Orders_txt' is NOT visible
	at com.kms.katalon.core.webui.keyword.internal.WebUIKeywordMain.stepFailed(WebUIKeywordMain.groovy:117)
	at com.kms.katalon.core.webui.keyword.builtin.VerifyElementVisibleKeyword$_verifyElementVisible_closure1.doCall(VerifyElementVisibleKeyword.groovy:83)
	at com.kms.katalon.core.webui.keyword.builtin.VerifyElementVisibleKeyword$_verifyElementVisible_closure1.call(VerifyElementVisibleKeyword.groovy)
	at com.kms.katalon.core.webui.keyword.internal.WebUIKeywordMain.runKeyword(WebUIKeywordMain.groovy:35)
	... 22 more
)

22-10-2025T11:07:32 - [TEST_STEP][PASSED] - Start listener action : retryOnDisconnect: Current window's url is: 'https://www.qa.tripfocus.com/new-order-tender'

22-10-2025T11:07:32 - [TEST_STEP][PASSED] - tcId = testCaseContext.getTestCaseId(): null

22-10-2025T11:07:32 - [TEST_STEP][PASSED] - currentRetry = retryCounts.getOrDefault(tcId, 0): null

22-10-2025T11:07:32 - [TEST_STEP][PASSED] - if (testCaseContext.getTestCaseStatus() == "FAILED" && currentRetry < MAX_RETRIES): Current window's url is: 'https://www.qa.tripfocus.com/new-order-tender'

22-10-2025T11:07:32 - [TEST_STEP][PASSED] - try: Current window's url is: 'https://www.qa.tripfocus.com/new-order-tender'

22-10-2025T11:07:32 - [TEST_STEP][PASSED] - comment(Checking for WebDriver disconnect for test case: $tcId): Checking for WebDriver disconnect for test case: Test Cases/TripFocus/SPG/SPG - Templates/Verify Order Template Search Field When Creating Orders

22-10-2025T11:07:32 - [MESSAGE][INFO] - Checking for WebDriver disconnect for test case: Test Cases/TripFocus/SPG/SPG - Templates/Verify Order Template Search Field When Creating Orders

22-10-2025T11:07:32 - [TEST_STEP][PASSED] - getUrl(): Current window's url is: 'https://www.qa.tripfocus.com/new-order-tender'

22-10-2025T11:07:32 - [MESSAGE][PASSED] - Current window's url is: 'https://www.qa.tripfocus.com/new-order-tender']]></system-out>
         <system-err><![CDATA[22-10-2025T11:06:28 - [TEST_CASE][FAILED] - Test Cases/TripFocus/SPG/SPG - Templates/Verify Order Template Search Field When Creating Orders: Test Cases/TripFocus/SPG/SPG - Templates/Verify Order Template Search Field When Creating Orders FAILED.
Reason:
com.kms.katalon.core.exception.StepFailedException: Unable to verify object 'Object Repository/TripFocus/Order Templates/Search_Template_Orders_txt' is visible
	at com.kms.katalon.core.webui.keyword.internal.WebUIKeywordMain.stepFailed(WebUIKeywordMain.groovy:117)
	at com.kms.katalon.core.webui.keyword.internal.WebUIKeywordMain.runKeyword(WebUIKeywordMain.groovy:43)
	at com.kms.katalon.core.webui.keyword.builtin.VerifyElementVisibleKeyword.verifyElementVisible(VerifyElementVisibleKeyword.groovy:97)
	at com.kms.katalon.core.webui.keyword.builtin.VerifyElementVisibleKeyword.execute(VerifyElementVisibleKeyword.groovy:67)
	at com.kms.katalon.core.keyword.internal.KeywordExecutor.executeKeywordForPlatform(KeywordExecutor.groovy:74)
	at com.kms.katalon.core.webui.keyword.WebUiBuiltInKeywords.verifyElementVisible(WebUiBuiltInKeywords.groovy:401)
	at com.kms.katalon.core.webui.keyword.WebUiBuiltInKeywords$verifyElementVisible$5.call(Unknown Source)
	at Verify Order Template Search Field When Creating Orders.run(Verify Order Template Search Field When Creating Orders:67)
	at com.kms.katalon.core.main.ScriptEngine.run(ScriptEngine.java:194)
	at com.kms.katalon.core.main.ScriptEngine.runScriptAsRawText(ScriptEngine.java:119)
	at com.kms.katalon.core.main.TestCaseExecutor.runScript(TestCaseExecutor.java:448)
	at com.kms.katalon.core.main.TestCaseExecutor.doExecute(TestCaseExecutor.java:439)
	at com.kms.katalon.core.main.TestCaseExecutor.processExecutionPhase(TestCaseExecutor.java:418)
	at com.kms.katalon.core.main.TestCaseExecutor.accessMainPhase(TestCaseExecutor.java:410)
	at com.kms.katalon.core.main.TestCaseExecutor.execute(TestCaseExecutor.java:285)
	at com.kms.katalon.core.common.CommonExecutor.accessTestCaseMainPhase(CommonExecutor.java:65)
	at com.kms.katalon.core.main.TestSuiteExecutor.accessTestSuiteMainPhase(TestSuiteExecutor.java:150)
	at com.kms.katalon.core.main.TestSuiteExecutor.execute(TestSuiteExecutor.java:106)
	at com.kms.katalon.core.main.TestCaseMain.startTestSuite(TestCaseMain.java:180)
	at com.kms.katalon.core.main.TestCaseMain$startTestSuite$0.call(Unknown Source)
	at TempTestSuite1761139103004.run(TempTestSuite1761139103004.groovy:35)
	at java.base/jdk.internal.reflect.NativeMethodAccessorImpl.invoke0(Native Method)
	at java.base/jdk.internal.reflect.NativeMethodAccessorImpl.invoke(NativeMethodAccessorImpl.java:77)
	at java.base/jdk.internal.reflect.DelegatingMethodAccessorImpl.invoke(DelegatingMethodAccessorImpl.java:43)
Caused by: com.kms.katalon.core.exception.StepFailedException: Object 'Object Repository/TripFocus/Order Templates/Search_Template_Orders_txt' is NOT visible
	at com.kms.katalon.core.webui.keyword.internal.WebUIKeywordMain.stepFailed(WebUIKeywordMain.groovy:117)
	at com.kms.katalon.core.webui.keyword.builtin.VerifyElementVisibleKeyword$_verifyElementVisible_closure1.doCall(VerifyElementVisibleKeyword.groovy:83)
	at com.kms.katalon.core.webui.keyword.builtin.VerifyElementVisibleKeyword$_verifyElementVisible_closure1.call(VerifyElementVisibleKeyword.groovy)
	at com.kms.katalon.core.webui.keyword.internal.WebUIKeywordMain.runKeyword(WebUIKeywordMain.groovy:35)
	... 22 more]]></system-err>
      </testcase>
      <testcase name="Test Cases/TripFocus/SPG/SPG - Templates/Verify PO Sales Order Number Field" time="51.464" classname="Test Cases/TripFocus/SPG/SPG - Templates/Verify PO Sales Order Number Field" status="PASSED">
         <system-out><![CDATA[22-10-2025T11:07:32 - [TEST_CASE][PASSED] - Test Cases/TripFocus/SPG/SPG - Templates/Verify PO Sales Order Number Field: Test Cases/TripFocus/SPG/SPG - Templates/Verify PO Sales Order Number Field

22-10-2025T11:07:32 - [TEST_STEP][PASSED] - Start listener action : beforeTestCase: null

22-10-2025T11:07:32 - [TEST_STEP][PASSED] - addDefaultPackages(): null

22-10-2025T11:07:32 - [TEST_STEP][PASSED] - openBrowser(""): Browser is opened with url: ''

22-10-2025T11:07:32 - [MESSAGE][WARNING] - A browser is already opened. Closing browser and opening a new one

22-10-2025T11:07:32 - [MESSAGE][INFO] - Starting 'Chrome' driver

22-10-2025T11:07:32 - [MESSAGE][INFO] - User set preference: ['args', '[--no-sandbox, --disable-gpu, --disable-dev-shm-usage]']

22-10-2025T11:07:32 - [MESSAGE][INFO] - Action delay is set to 0 milliseconds

22-10-2025T11:07:33 - [MESSAGE][PASSED] - Browser is opened with url: ''

22-10-2025T11:07:33 - [TEST_STEP][PASSED] - navigateToUrl(TFBaseURL): Navigate to 'https://www.qa.tripfocus.com' successfully

22-10-2025T11:07:33 - [MESSAGE][PASSED] - Navigate to 'https://www.qa.tripfocus.com' successfully

22-10-2025T11:07:33 - [TEST_STEP][PASSED] - maximizeWindow(): Current window maximized

22-10-2025T11:07:33 - [MESSAGE][PASSED] - Current window maximized

22-10-2025T11:07:33 - [TEST_STEP][PASSED] - click(findTestObject("Object Repository/TripFocus/Page_TripFocus/button_Sign in")): Object: 'Object Repository/TripFocus/Page_TripFocus/button_Sign in' is clicked on

22-10-2025T11:07:34 - [MESSAGE][PASSED] - Object: 'Object Repository/TripFocus/Page_TripFocus/button_Sign in' is clicked on

22-10-2025T11:07:34 - [TEST_STEP][PASSED] - setText(findTestObject("Object Repository/TripFocus/Page_TripFocus/input_Username (e.g. email address)_Username"), TripFocusBleachTechSPGUsername): Text 'Ashford.Chenault+BleachtechCustomerSPGONLY@thekag.com' is set on object 'Object Repository/TripFocus/Page_TripFocus/input_Username (e.g. email address)_Username'

22-10-2025T11:07:34 - [MESSAGE][PASSED] - Text 'Ashford.Chenault+BleachtechCustomerSPGONLY@thekag.com' is set on object 'Object Repository/TripFocus/Page_TripFocus/input_Username (e.g. email address)_Username'

22-10-2025T11:07:34 - [TEST_STEP][PASSED] - setText(findTestObject("Object Repository/TripFocus/Page_TripFocus/input_Password_Password"), TripFocusFDGSPGPassword): Text 'CrashBan911!!' is set on object 'Object Repository/TripFocus/Page_TripFocus/input_Password_Password'

22-10-2025T11:07:34 - [MESSAGE][PASSED] - Text 'CrashBan911!!' is set on object 'Object Repository/TripFocus/Page_TripFocus/input_Password_Password'

22-10-2025T11:07:34 - [TEST_STEP][PASSED] - click(findTestObject("Object Repository/TripFocus/Page_TripFocus/button_Login")): Object: 'Object Repository/TripFocus/Page_TripFocus/button_Login' is clicked on

22-10-2025T11:07:34 - [MESSAGE][PASSED] - Object: 'Object Repository/TripFocus/Page_TripFocus/button_Login' is clicked on

22-10-2025T11:07:34 - [TEST_STEP][PASSED] - maximizeWindow(): Current window maximized

22-10-2025T11:07:35 - [MESSAGE][PASSED] - Current window maximized

22-10-2025T11:07:35 - [TEST_STEP][PASSED] - waitForElementVisible(findTestObject("TripFocus/Testing_Notification_btn"), 15, OPTIONAL): Web element with id: 'Object Repository/TripFocus/Testing_Notification_btn' located by '//*[@id="__BVID__10___BV_modal_footer_"]/button' not found

22-10-2025T11:07:51 - [MESSAGE][INFO] - Unable to find the element located by 'By.xpath: //*[@id="__BVID__10___BV_modal_footer_"]/button'. Please recheck the objects properties to make sure the desired element is located. 

22-10-2025T11:07:51 - [MESSAGE][WARNING] - [SELF-HEALING] Failed to find element with id 'Object Repository/TripFocus/Testing_Notification_btn'. Try using Self-healing.

22-10-2025T11:07:52 - [MESSAGE][INFO] - [SELF-HEALING] No working XPath is found.

22-10-2025T11:07:54 - [MESSAGE][INFO] - Unable to find the element located by 'By.xpath: '. Please recheck the objects properties to make sure the desired element is located. 

22-10-2025T11:07:54 - [MESSAGE][WARNING] - [SELF-HEALING] Cannot find elements when the selector is null

22-10-2025T11:07:54 - [MESSAGE][WARNING] - Web element with id: 'Object Repository/TripFocus/Testing_Notification_btn' located by '//*[@id="__BVID__10___BV_modal_footer_"]/button' not found

22-10-2025T11:07:54 - [TEST_STEP][PASSED] - if (verifyElementVisible(findTestObject("TripFocus/Testing_Notification_btn"), OPTIONAL) == true): Web element with id: 'Object Repository/TripFocus/Testing_Notification_btn' located by '//*[@id="__BVID__10___BV_modal_footer_"]/button' not found (Root cause: com.kms.katalon.core.exception.StepFailedException: Web element with id: 'Object Repository/TripFocus/Testing_Notification_btn' located by '//*[@id="__BVID__10___BV_modal_footer_"]/button' not found
	at com.kms.katalon.core.webui.keyword.internal.WebUIKeywordMain.stepFailed(WebUIKeywordMain.groovy:117)
	at com.kms.katalon.core.webui.keyword.builtin.VerifyElementVisibleKeyword$_verifyElementVisible_closure1.doCall(VerifyElementVisibleKeyword.groovy:89)
	at com.kms.katalon.core.webui.keyword.builtin.VerifyElementVisibleKeyword$_verifyElementVisible_closure1.call(VerifyElementVisibleKeyword.groovy)
	at com.kms.katalon.core.webui.keyword.internal.WebUIKeywordMain.runKeyword(WebUIKeywordMain.groovy:35)
	at com.kms.katalon.core.webui.keyword.builtin.VerifyElementVisibleKeyword.verifyElementVisible(VerifyElementVisibleKeyword.groovy:97)
	at com.kms.katalon.core.webui.keyword.builtin.VerifyElementVisibleKeyword.execute(VerifyElementVisibleKeyword.groovy:67)
	at com.kms.katalon.core.keyword.internal.KeywordExecutor.executeKeywordForPlatform(KeywordExecutor.groovy:74)
	at com.kms.katalon.core.webui.keyword.WebUiBuiltInKeywords.verifyElementVisible(WebUiBuiltInKeywords.groovy:401)
	at com.kms.katalon.core.webui.keyword.WebUiBuiltInKeywords$verifyElementVisible$5.call(Unknown Source)
	at Verify PO Sales Order Number Field.run(Verify PO Sales Order Number Field:40)
	at com.kms.katalon.core.main.ScriptEngine.run(ScriptEngine.java:194)
	at com.kms.katalon.core.main.ScriptEngine.runScriptAsRawText(ScriptEngine.java:119)
	at com.kms.katalon.core.main.TestCaseExecutor.runScript(TestCaseExecutor.java:448)
	at com.kms.katalon.core.main.TestCaseExecutor.doExecute(TestCaseExecutor.java:439)
	at com.kms.katalon.core.main.TestCaseExecutor.processExecutionPhase(TestCaseExecutor.java:418)
	at com.kms.katalon.core.main.TestCaseExecutor.accessMainPhase(TestCaseExecutor.java:410)
	at com.kms.katalon.core.main.TestCaseExecutor.execute(TestCaseExecutor.java:285)
	at com.kms.katalon.core.common.CommonExecutor.accessTestCaseMainPhase(CommonExecutor.java:65)
	at com.kms.katalon.core.main.TestSuiteExecutor.accessTestSuiteMainPhase(TestSuiteExecutor.java:150)
	at com.kms.katalon.core.main.TestSuiteExecutor.execute(TestSuiteExecutor.java:106)
	at com.kms.katalon.core.main.TestCaseMain.startTestSuite(TestCaseMain.java:180)
	at com.kms.katalon.core.main.TestCaseMain$startTestSuite$0.call(Unknown Source)
	at TempTestSuite1761139103004.run(TempTestSuite1761139103004.groovy:35)
	at java.base/jdk.internal.reflect.NativeMethodAccessorImpl.invoke0(Native Method)
	at java.base/jdk.internal.reflect.NativeMethodAccessorImpl.invoke(NativeMethodAccessorImpl.java:77)
	at java.base/jdk.internal.reflect.DelegatingMethodAccessorImpl.invoke(DelegatingMethodAccessorImpl.java:43)
)

22-10-2025T11:08:10 - [MESSAGE][INFO] - Unable to find the element located by 'By.xpath: //*[@id="__BVID__10___BV_modal_footer_"]/button'. Please recheck the objects properties to make sure the desired element is located. 

22-10-2025T11:08:10 - [MESSAGE][WARNING] - [SELF-HEALING] Failed to find element with id 'Object Repository/TripFocus/Testing_Notification_btn'. Try using Self-healing.

22-10-2025T11:08:11 - [MESSAGE][INFO] - [SELF-HEALING] No working XPath is found.

22-10-2025T11:08:13 - [MESSAGE][INFO] - Unable to find the element located by 'By.xpath: '. Please recheck the objects properties to make sure the desired element is located. 

22-10-2025T11:08:13 - [MESSAGE][WARNING] - [SELF-HEALING] Cannot find elements when the selector is null

22-10-2025T11:08:13 - [MESSAGE][WARNING] - Web element with id: 'Object Repository/TripFocus/Testing_Notification_btn' located by '//*[@id="__BVID__10___BV_modal_footer_"]/button' not found (Root cause: com.kms.katalon.core.exception.StepFailedException: Web element with id: 'Object Repository/TripFocus/Testing_Notification_btn' located by '//*[@id="__BVID__10___BV_modal_footer_"]/button' not found
	at com.kms.katalon.core.webui.keyword.internal.WebUIKeywordMain.stepFailed(WebUIKeywordMain.groovy:117)
	at com.kms.katalon.core.webui.keyword.builtin.VerifyElementVisibleKeyword$_verifyElementVisible_closure1.doCall(VerifyElementVisibleKeyword.groovy:89)
	at com.kms.katalon.core.webui.keyword.builtin.VerifyElementVisibleKeyword$_verifyElementVisible_closure1.call(VerifyElementVisibleKeyword.groovy)
	at com.kms.katalon.core.webui.keyword.internal.WebUIKeywordMain.runKeyword(WebUIKeywordMain.groovy:35)
	at com.kms.katalon.core.webui.keyword.builtin.VerifyElementVisibleKeyword.verifyElementVisible(VerifyElementVisibleKeyword.groovy:97)
	at com.kms.katalon.core.webui.keyword.builtin.VerifyElementVisibleKeyword.execute(VerifyElementVisibleKeyword.groovy:67)
	at com.kms.katalon.core.keyword.internal.KeywordExecutor.executeKeywordForPlatform(KeywordExecutor.groovy:74)
	at com.kms.katalon.core.webui.keyword.WebUiBuiltInKeywords.verifyElementVisible(WebUiBuiltInKeywords.groovy:401)
	at com.kms.katalon.core.webui.keyword.WebUiBuiltInKeywords$verifyElementVisible$5.call(Unknown Source)
	at Verify PO Sales Order Number Field.run(Verify PO Sales Order Number Field:40)
	at com.kms.katalon.core.main.ScriptEngine.run(ScriptEngine.java:194)
	at com.kms.katalon.core.main.ScriptEngine.runScriptAsRawText(ScriptEngine.java:119)
	at com.kms.katalon.core.main.TestCaseExecutor.runScript(TestCaseExecutor.java:448)
	at com.kms.katalon.core.main.TestCaseExecutor.doExecute(TestCaseExecutor.java:439)
	at com.kms.katalon.core.main.TestCaseExecutor.processExecutionPhase(TestCaseExecutor.java:418)
	at com.kms.katalon.core.main.TestCaseExecutor.accessMainPhase(TestCaseExecutor.java:410)
	at com.kms.katalon.core.main.TestCaseExecutor.execute(TestCaseExecutor.java:285)
	at com.kms.katalon.core.common.CommonExecutor.accessTestCaseMainPhase(CommonExecutor.java:65)
	at com.kms.katalon.core.main.TestSuiteExecutor.accessTestSuiteMainPhase(TestSuiteExecutor.java:150)
	at com.kms.katalon.core.main.TestSuiteExecutor.execute(TestSuiteExecutor.java:106)
	at com.kms.katalon.core.main.TestCaseMain.startTestSuite(TestCaseMain.java:180)
	at com.kms.katalon.core.main.TestCaseMain$startTestSuite$0.call(Unknown Source)
	at TempTestSuite1761139103004.run(TempTestSuite1761139103004.groovy:35)
	at java.base/jdk.internal.reflect.NativeMethodAccessorImpl.invoke0(Native Method)
	at java.base/jdk.internal.reflect.NativeMethodAccessorImpl.invoke(NativeMethodAccessorImpl.java:77)
	at java.base/jdk.internal.reflect.DelegatingMethodAccessorImpl.invoke(DelegatingMethodAccessorImpl.java:43)
)

22-10-2025T11:08:13 - [TEST_STEP][PASSED] - click(findTestObject("TripFocus/Order Templates/Order Templates_tab")): Object: 'Object Repository/TripFocus/Order Templates/Order Templates_tab' is clicked on

22-10-2025T11:08:13 - [MESSAGE][PASSED] - Object: 'Object Repository/TripFocus/Order Templates/Order Templates_tab' is clicked on

22-10-2025T11:08:13 - [TEST_STEP][PASSED] - delay(5): Delayed 5 second(s)

22-10-2025T11:08:18 - [MESSAGE][PASSED] - Delayed 5 second(s)

22-10-2025T11:08:18 - [TEST_STEP][PASSED] - click(findTestObject("TripFocus/Order Templates/Create New Template_btn")): Object: 'Object Repository/TripFocus/Order Templates/Create New Template_btn' is clicked on

22-10-2025T11:08:18 - [MESSAGE][PASSED] - Object: 'Object Repository/TripFocus/Order Templates/Create New Template_btn' is clicked on

22-10-2025T11:08:18 - [TEST_STEP][PASSED] - delay(5): Delayed 5 second(s)

22-10-2025T11:08:23 - [MESSAGE][PASSED] - Delayed 5 second(s)

22-10-2025T11:08:23 - [TEST_STEP][PASSED] - verifyElementPresent(findTestObject("TripFocus/Order Templates/Templates_PO_Sales_Order_Number_txt"), 10): Object 'Object Repository/TripFocus/Order Templates/Templates_PO_Sales_Order_Number_txt' is present

22-10-2025T11:08:23 - [MESSAGE][PASSED] - Object 'Object Repository/TripFocus/Order Templates/Templates_PO_Sales_Order_Number_txt' is present

22-10-2025T11:08:23 - [TEST_STEP][PASSED] - verifyElementVisible(findTestObject("TripFocus/Order Templates/Templates_PO_Sales_Order_Number_txt"), STOP_ON_FAILURE): Object 'Object Repository/TripFocus/Order Templates/Templates_PO_Sales_Order_Number_txt' is visible

22-10-2025T11:08:23 - [MESSAGE][PASSED] - Object 'Object Repository/TripFocus/Order Templates/Templates_PO_Sales_Order_Number_txt' is visible

22-10-2025T11:08:23 - [TEST_STEP][PASSED] - sendKeys(findTestObject("TripFocus/Order Templates/Templates_PO_Sales_Order_Number_txt"), "56874913"): Keys '56874913' sent to object: 'Object Repository/TripFocus/Order Templates/Templates_PO_Sales_Order_Number_txt'

22-10-2025T11:08:23 - [MESSAGE][PASSED] - Keys '56874913' sent to object: 'Object Repository/TripFocus/Order Templates/Templates_PO_Sales_Order_Number_txt'

22-10-2025T11:08:23 - [TEST_STEP][PASSED] - Start listener action : retryOnDisconnect: null

22-10-2025T11:08:23 - [TEST_STEP][PASSED] - tcId = testCaseContext.getTestCaseId(): null

22-10-2025T11:08:23 - [TEST_STEP][PASSED] - currentRetry = retryCounts.getOrDefault(tcId, 0): null

22-10-2025T11:08:23 - [TEST_STEP][PASSED] - if (testCaseContext.getTestCaseStatus() == "FAILED" && currentRetry < MAX_RETRIES): null]]></system-out>
         <system-err><![CDATA[]]></system-err>
      </testcase>
      <testcase name="Test Cases/TripFocus/SPG/SPG - Templates/Verify Save Template Button" time="51.319" classname="Test Cases/TripFocus/SPG/SPG - Templates/Verify Save Template Button" status="PASSED">
         <system-out><![CDATA[22-10-2025T11:08:23 - [TEST_CASE][PASSED] - Test Cases/TripFocus/SPG/SPG - Templates/Verify Save Template Button: Test Cases/TripFocus/SPG/SPG - Templates/Verify Save Template Button

22-10-2025T11:08:23 - [TEST_STEP][PASSED] - Start listener action : beforeTestCase: null

22-10-2025T11:08:23 - [TEST_STEP][PASSED] - addDefaultPackages(): null

22-10-2025T11:08:23 - [TEST_STEP][PASSED] - openBrowser(""): Browser is opened with url: ''

22-10-2025T11:08:23 - [MESSAGE][WARNING] - A browser is already opened. Closing browser and opening a new one

22-10-2025T11:08:23 - [MESSAGE][INFO] - Starting 'Chrome' driver

22-10-2025T11:08:23 - [MESSAGE][INFO] - User set preference: ['args', '[--no-sandbox, --disable-gpu, --disable-dev-shm-usage]']

22-10-2025T11:08:23 - [MESSAGE][INFO] - Action delay is set to 0 milliseconds

22-10-2025T11:08:24 - [MESSAGE][PASSED] - Browser is opened with url: ''

22-10-2025T11:08:24 - [TEST_STEP][PASSED] - navigateToUrl(TFBaseURL): Navigate to 'https://www.qa.tripfocus.com' successfully

22-10-2025T11:08:25 - [MESSAGE][PASSED] - Navigate to 'https://www.qa.tripfocus.com' successfully

22-10-2025T11:08:25 - [TEST_STEP][PASSED] - maximizeWindow(): Current window maximized

22-10-2025T11:08:25 - [MESSAGE][PASSED] - Current window maximized

22-10-2025T11:08:25 - [TEST_STEP][PASSED] - click(findTestObject("Object Repository/TripFocus/Page_TripFocus/button_Sign in")): Object: 'Object Repository/TripFocus/Page_TripFocus/button_Sign in' is clicked on

22-10-2025T11:08:25 - [MESSAGE][PASSED] - Object: 'Object Repository/TripFocus/Page_TripFocus/button_Sign in' is clicked on

22-10-2025T11:08:25 - [TEST_STEP][PASSED] - setText(findTestObject("Object Repository/TripFocus/Page_TripFocus/input_Username (e.g. email address)_Username"), TripFocusBleachTechSPGUsername): Text 'Ashford.Chenault+BleachtechCustomerSPGONLY@thekag.com' is set on object 'Object Repository/TripFocus/Page_TripFocus/input_Username (e.g. email address)_Username'

22-10-2025T11:08:25 - [MESSAGE][PASSED] - Text 'Ashford.Chenault+BleachtechCustomerSPGONLY@thekag.com' is set on object 'Object Repository/TripFocus/Page_TripFocus/input_Username (e.g. email address)_Username'

22-10-2025T11:08:25 - [TEST_STEP][PASSED] - setText(findTestObject("Object Repository/TripFocus/Page_TripFocus/input_Password_Password"), TripFocusFDGSPGPassword): Text 'CrashBan911!!' is set on object 'Object Repository/TripFocus/Page_TripFocus/input_Password_Password'

22-10-2025T11:08:25 - [MESSAGE][PASSED] - Text 'CrashBan911!!' is set on object 'Object Repository/TripFocus/Page_TripFocus/input_Password_Password'

22-10-2025T11:08:25 - [TEST_STEP][PASSED] - click(findTestObject("Object Repository/TripFocus/Page_TripFocus/button_Login")): Object: 'Object Repository/TripFocus/Page_TripFocus/button_Login' is clicked on

22-10-2025T11:08:26 - [MESSAGE][PASSED] - Object: 'Object Repository/TripFocus/Page_TripFocus/button_Login' is clicked on

22-10-2025T11:08:26 - [TEST_STEP][PASSED] - maximizeWindow(): Current window maximized

22-10-2025T11:08:26 - [MESSAGE][PASSED] - Current window maximized

22-10-2025T11:08:26 - [TEST_STEP][PASSED] - waitForElementVisible(findTestObject("TripFocus/Testing_Notification_btn"), 15, OPTIONAL): Web element with id: 'Object Repository/TripFocus/Testing_Notification_btn' located by '//*[@id="__BVID__10___BV_modal_footer_"]/button' not found

22-10-2025T11:08:42 - [MESSAGE][INFO] - Unable to find the element located by 'By.xpath: //*[@id="__BVID__10___BV_modal_footer_"]/button'. Please recheck the objects properties to make sure the desired element is located. 

22-10-2025T11:08:42 - [MESSAGE][WARNING] - [SELF-HEALING] Failed to find element with id 'Object Repository/TripFocus/Testing_Notification_btn'. Try using Self-healing.

22-10-2025T11:08:43 - [MESSAGE][INFO] - [SELF-HEALING] No working XPath is found.

22-10-2025T11:08:45 - [MESSAGE][INFO] - Unable to find the element located by 'By.xpath: '. Please recheck the objects properties to make sure the desired element is located. 

22-10-2025T11:08:45 - [MESSAGE][WARNING] - [SELF-HEALING] Cannot find elements when the selector is null

22-10-2025T11:08:45 - [MESSAGE][WARNING] - Web element with id: 'Object Repository/TripFocus/Testing_Notification_btn' located by '//*[@id="__BVID__10___BV_modal_footer_"]/button' not found

22-10-2025T11:08:45 - [TEST_STEP][PASSED] - if (verifyElementVisible(findTestObject("TripFocus/Testing_Notification_btn"), OPTIONAL) == true): Web element with id: 'Object Repository/TripFocus/Testing_Notification_btn' located by '//*[@id="__BVID__10___BV_modal_footer_"]/button' not found (Root cause: com.kms.katalon.core.exception.StepFailedException: Web element with id: 'Object Repository/TripFocus/Testing_Notification_btn' located by '//*[@id="__BVID__10___BV_modal_footer_"]/button' not found
	at com.kms.katalon.core.webui.keyword.internal.WebUIKeywordMain.stepFailed(WebUIKeywordMain.groovy:117)
	at com.kms.katalon.core.webui.keyword.builtin.VerifyElementVisibleKeyword$_verifyElementVisible_closure1.doCall(VerifyElementVisibleKeyword.groovy:89)
	at com.kms.katalon.core.webui.keyword.builtin.VerifyElementVisibleKeyword$_verifyElementVisible_closure1.call(VerifyElementVisibleKeyword.groovy)
	at com.kms.katalon.core.webui.keyword.internal.WebUIKeywordMain.runKeyword(WebUIKeywordMain.groovy:35)
	at com.kms.katalon.core.webui.keyword.builtin.VerifyElementVisibleKeyword.verifyElementVisible(VerifyElementVisibleKeyword.groovy:97)
	at com.kms.katalon.core.webui.keyword.builtin.VerifyElementVisibleKeyword.execute(VerifyElementVisibleKeyword.groovy:67)
	at com.kms.katalon.core.keyword.internal.KeywordExecutor.executeKeywordForPlatform(KeywordExecutor.groovy:74)
	at com.kms.katalon.core.webui.keyword.WebUiBuiltInKeywords.verifyElementVisible(WebUiBuiltInKeywords.groovy:401)
	at com.kms.katalon.core.webui.keyword.WebUiBuiltInKeywords$verifyElementVisible$5.call(Unknown Source)
	at Verify Save Template Button.run(Verify Save Template Button:40)
	at com.kms.katalon.core.main.ScriptEngine.run(ScriptEngine.java:194)
	at com.kms.katalon.core.main.ScriptEngine.runScriptAsRawText(ScriptEngine.java:119)
	at com.kms.katalon.core.main.TestCaseExecutor.runScript(TestCaseExecutor.java:448)
	at com.kms.katalon.core.main.TestCaseExecutor.doExecute(TestCaseExecutor.java:439)
	at com.kms.katalon.core.main.TestCaseExecutor.processExecutionPhase(TestCaseExecutor.java:418)
	at com.kms.katalon.core.main.TestCaseExecutor.accessMainPhase(TestCaseExecutor.java:410)
	at com.kms.katalon.core.main.TestCaseExecutor.execute(TestCaseExecutor.java:285)
	at com.kms.katalon.core.common.CommonExecutor.accessTestCaseMainPhase(CommonExecutor.java:65)
	at com.kms.katalon.core.main.TestSuiteExecutor.accessTestSuiteMainPhase(TestSuiteExecutor.java:150)
	at com.kms.katalon.core.main.TestSuiteExecutor.execute(TestSuiteExecutor.java:106)
	at com.kms.katalon.core.main.TestCaseMain.startTestSuite(TestCaseMain.java:180)
	at com.kms.katalon.core.main.TestCaseMain$startTestSuite$0.call(Unknown Source)
	at TempTestSuite1761139103004.run(TempTestSuite1761139103004.groovy:35)
	at java.base/jdk.internal.reflect.NativeMethodAccessorImpl.invoke0(Native Method)
	at java.base/jdk.internal.reflect.NativeMethodAccessorImpl.invoke(NativeMethodAccessorImpl.java:77)
	at java.base/jdk.internal.reflect.DelegatingMethodAccessorImpl.invoke(DelegatingMethodAccessorImpl.java:43)
)

22-10-2025T11:09:01 - [MESSAGE][INFO] - Unable to find the element located by 'By.xpath: //*[@id="__BVID__10___BV_modal_footer_"]/button'. Please recheck the objects properties to make sure the desired element is located. 

22-10-2025T11:09:01 - [MESSAGE][WARNING] - [SELF-HEALING] Failed to find element with id 'Object Repository/TripFocus/Testing_Notification_btn'. Try using Self-healing.

22-10-2025T11:09:02 - [MESSAGE][INFO] - [SELF-HEALING] No working XPath is found.

22-10-2025T11:09:04 - [MESSAGE][INFO] - Unable to find the element located by 'By.xpath: '. Please recheck the objects properties to make sure the desired element is located. 

22-10-2025T11:09:04 - [MESSAGE][WARNING] - [SELF-HEALING] Cannot find elements when the selector is null

22-10-2025T11:09:04 - [MESSAGE][WARNING] - Web element with id: 'Object Repository/TripFocus/Testing_Notification_btn' located by '//*[@id="__BVID__10___BV_modal_footer_"]/button' not found (Root cause: com.kms.katalon.core.exception.StepFailedException: Web element with id: 'Object Repository/TripFocus/Testing_Notification_btn' located by '//*[@id="__BVID__10___BV_modal_footer_"]/button' not found
	at com.kms.katalon.core.webui.keyword.internal.WebUIKeywordMain.stepFailed(WebUIKeywordMain.groovy:117)
	at com.kms.katalon.core.webui.keyword.builtin.VerifyElementVisibleKeyword$_verifyElementVisible_closure1.doCall(VerifyElementVisibleKeyword.groovy:89)
	at com.kms.katalon.core.webui.keyword.builtin.VerifyElementVisibleKeyword$_verifyElementVisible_closure1.call(VerifyElementVisibleKeyword.groovy)
	at com.kms.katalon.core.webui.keyword.internal.WebUIKeywordMain.runKeyword(WebUIKeywordMain.groovy:35)
	at com.kms.katalon.core.webui.keyword.builtin.VerifyElementVisibleKeyword.verifyElementVisible(VerifyElementVisibleKeyword.groovy:97)
	at com.kms.katalon.core.webui.keyword.builtin.VerifyElementVisibleKeyword.execute(VerifyElementVisibleKeyword.groovy:67)
	at com.kms.katalon.core.keyword.internal.KeywordExecutor.executeKeywordForPlatform(KeywordExecutor.groovy:74)
	at com.kms.katalon.core.webui.keyword.WebUiBuiltInKeywords.verifyElementVisible(WebUiBuiltInKeywords.groovy:401)
	at com.kms.katalon.core.webui.keyword.WebUiBuiltInKeywords$verifyElementVisible$5.call(Unknown Source)
	at Verify Save Template Button.run(Verify Save Template Button:40)
	at com.kms.katalon.core.main.ScriptEngine.run(ScriptEngine.java:194)
	at com.kms.katalon.core.main.ScriptEngine.runScriptAsRawText(ScriptEngine.java:119)
	at com.kms.katalon.core.main.TestCaseExecutor.runScript(TestCaseExecutor.java:448)
	at com.kms.katalon.core.main.TestCaseExecutor.doExecute(TestCaseExecutor.java:439)
	at com.kms.katalon.core.main.TestCaseExecutor.processExecutionPhase(TestCaseExecutor.java:418)
	at com.kms.katalon.core.main.TestCaseExecutor.accessMainPhase(TestCaseExecutor.java:410)
	at com.kms.katalon.core.main.TestCaseExecutor.execute(TestCaseExecutor.java:285)
	at com.kms.katalon.core.common.CommonExecutor.accessTestCaseMainPhase(CommonExecutor.java:65)
	at com.kms.katalon.core.main.TestSuiteExecutor.accessTestSuiteMainPhase(TestSuiteExecutor.java:150)
	at com.kms.katalon.core.main.TestSuiteExecutor.execute(TestSuiteExecutor.java:106)
	at com.kms.katalon.core.main.TestCaseMain.startTestSuite(TestCaseMain.java:180)
	at com.kms.katalon.core.main.TestCaseMain$startTestSuite$0.call(Unknown Source)
	at TempTestSuite1761139103004.run(TempTestSuite1761139103004.groovy:35)
	at java.base/jdk.internal.reflect.NativeMethodAccessorImpl.invoke0(Native Method)
	at java.base/jdk.internal.reflect.NativeMethodAccessorImpl.invoke(NativeMethodAccessorImpl.java:77)
	at java.base/jdk.internal.reflect.DelegatingMethodAccessorImpl.invoke(DelegatingMethodAccessorImpl.java:43)
)

22-10-2025T11:09:04 - [TEST_STEP][PASSED] - click(findTestObject("TripFocus/Order Templates/Order Templates_tab")): Object: 'Object Repository/TripFocus/Order Templates/Order Templates_tab' is clicked on

22-10-2025T11:09:04 - [MESSAGE][PASSED] - Object: 'Object Repository/TripFocus/Order Templates/Order Templates_tab' is clicked on

22-10-2025T11:09:04 - [TEST_STEP][PASSED] - delay(5): Delayed 5 second(s)

22-10-2025T11:09:09 - [MESSAGE][PASSED] - Delayed 5 second(s)

22-10-2025T11:09:09 - [TEST_STEP][PASSED] - click(findTestObject("TripFocus/Order Templates/Create New Template_btn")): Object: 'Object Repository/TripFocus/Order Templates/Create New Template_btn' is clicked on

22-10-2025T11:09:10 - [MESSAGE][PASSED] - Object: 'Object Repository/TripFocus/Order Templates/Create New Template_btn' is clicked on

22-10-2025T11:09:10 - [TEST_STEP][PASSED] - delay(5): Delayed 5 second(s)

22-10-2025T11:09:15 - [MESSAGE][PASSED] - Delayed 5 second(s)

22-10-2025T11:09:15 - [TEST_STEP][PASSED] - verifyElementPresent(findTestObject("TripFocus/Order Templates/Save_Template_btn"), 10): Object 'Object Repository/TripFocus/Order Templates/Save_Template_btn' is present

22-10-2025T11:09:15 - [MESSAGE][PASSED] - Object 'Object Repository/TripFocus/Order Templates/Save_Template_btn' is present

22-10-2025T11:09:15 - [TEST_STEP][PASSED] - verifyElementVisible(findTestObject("TripFocus/Order Templates/Save_Template_btn"), STOP_ON_FAILURE): Object 'Object Repository/TripFocus/Order Templates/Save_Template_btn' is visible

22-10-2025T11:09:15 - [MESSAGE][PASSED] - Object 'Object Repository/TripFocus/Order Templates/Save_Template_btn' is visible

22-10-2025T11:09:15 - [TEST_STEP][PASSED] - Start listener action : retryOnDisconnect: null

22-10-2025T11:09:15 - [TEST_STEP][PASSED] - tcId = testCaseContext.getTestCaseId(): null

22-10-2025T11:09:15 - [TEST_STEP][PASSED] - currentRetry = retryCounts.getOrDefault(tcId, 0): null

22-10-2025T11:09:15 - [TEST_STEP][PASSED] - if (testCaseContext.getTestCaseStatus() == "FAILED" && currentRetry < MAX_RETRIES): null]]></system-out>
         <system-err><![CDATA[]]></system-err>
      </testcase>
      <testcase name="Test Cases/TripFocus/SPG/SPG - Templates/Verify Template Name Field" time="52.983" classname="Test Cases/TripFocus/SPG/SPG - Templates/Verify Template Name Field" status="PASSED">
         <system-out><![CDATA[22-10-2025T11:09:15 - [TEST_CASE][PASSED] - Test Cases/TripFocus/SPG/SPG - Templates/Verify Template Name Field: Test Cases/TripFocus/SPG/SPG - Templates/Verify Template Name Field

22-10-2025T11:09:15 - [TEST_STEP][PASSED] - Start listener action : beforeTestCase: null

22-10-2025T11:09:15 - [TEST_STEP][PASSED] - addDefaultPackages(): null

22-10-2025T11:09:15 - [TEST_STEP][PASSED] - openBrowser(""): Browser is opened with url: ''

22-10-2025T11:09:15 - [MESSAGE][WARNING] - A browser is already opened. Closing browser and opening a new one

22-10-2025T11:09:15 - [MESSAGE][INFO] - Starting 'Chrome' driver

22-10-2025T11:09:15 - [MESSAGE][INFO] - User set preference: ['args', '[--no-sandbox, --disable-gpu, --disable-dev-shm-usage]']

22-10-2025T11:09:15 - [MESSAGE][INFO] - Action delay is set to 0 milliseconds

22-10-2025T11:09:16 - [MESSAGE][PASSED] - Browser is opened with url: ''

22-10-2025T11:09:16 - [TEST_STEP][PASSED] - navigateToUrl(TFBaseURL): Navigate to 'https://www.qa.tripfocus.com' successfully

22-10-2025T11:09:16 - [MESSAGE][PASSED] - Navigate to 'https://www.qa.tripfocus.com' successfully

22-10-2025T11:09:16 - [TEST_STEP][PASSED] - maximizeWindow(): Current window maximized

22-10-2025T11:09:16 - [MESSAGE][PASSED] - Current window maximized

22-10-2025T11:09:16 - [TEST_STEP][PASSED] - click(findTestObject("Object Repository/TripFocus/Page_TripFocus/button_Sign in")): Object: 'Object Repository/TripFocus/Page_TripFocus/button_Sign in' is clicked on

22-10-2025T11:09:16 - [MESSAGE][PASSED] - Object: 'Object Repository/TripFocus/Page_TripFocus/button_Sign in' is clicked on

22-10-2025T11:09:16 - [TEST_STEP][PASSED] - setText(findTestObject("Object Repository/TripFocus/Page_TripFocus/input_Username (e.g. email address)_Username"), TripFocusBleachTechSPGUsername): Text 'Ashford.Chenault+BleachtechCustomerSPGONLY@thekag.com' is set on object 'Object Repository/TripFocus/Page_TripFocus/input_Username (e.g. email address)_Username'

22-10-2025T11:09:17 - [MESSAGE][PASSED] - Text 'Ashford.Chenault+BleachtechCustomerSPGONLY@thekag.com' is set on object 'Object Repository/TripFocus/Page_TripFocus/input_Username (e.g. email address)_Username'

22-10-2025T11:09:17 - [TEST_STEP][PASSED] - setText(findTestObject("Object Repository/TripFocus/Page_TripFocus/input_Password_Password"), TripFocusFDGSPGPassword): Text 'CrashBan911!!' is set on object 'Object Repository/TripFocus/Page_TripFocus/input_Password_Password'

22-10-2025T11:09:17 - [MESSAGE][PASSED] - Text 'CrashBan911!!' is set on object 'Object Repository/TripFocus/Page_TripFocus/input_Password_Password'

22-10-2025T11:09:17 - [TEST_STEP][PASSED] - click(findTestObject("Object Repository/TripFocus/Page_TripFocus/button_Login")): Object: 'Object Repository/TripFocus/Page_TripFocus/button_Login' is clicked on

22-10-2025T11:09:17 - [MESSAGE][PASSED] - Object: 'Object Repository/TripFocus/Page_TripFocus/button_Login' is clicked on

22-10-2025T11:09:17 - [TEST_STEP][PASSED] - maximizeWindow(): Current window maximized

22-10-2025T11:09:18 - [MESSAGE][PASSED] - Current window maximized

22-10-2025T11:09:18 - [TEST_STEP][PASSED] - waitForElementVisible(findTestObject("TripFocus/Testing_Notification_btn"), 15, OPTIONAL): Web element with id: 'Object Repository/TripFocus/Testing_Notification_btn' located by '//*[@id="__BVID__10___BV_modal_footer_"]/button' not found

22-10-2025T11:09:34 - [MESSAGE][INFO] - Unable to find the element located by 'By.xpath: //*[@id="__BVID__10___BV_modal_footer_"]/button'. Please recheck the objects properties to make sure the desired element is located. 

22-10-2025T11:09:34 - [MESSAGE][WARNING] - [SELF-HEALING] Failed to find element with id 'Object Repository/TripFocus/Testing_Notification_btn'. Try using Self-healing.

22-10-2025T11:09:35 - [MESSAGE][INFO] - [SELF-HEALING] No working XPath is found.

22-10-2025T11:09:37 - [MESSAGE][INFO] - Unable to find the element located by 'By.xpath: '. Please recheck the objects properties to make sure the desired element is located. 

22-10-2025T11:09:37 - [MESSAGE][WARNING] - [SELF-HEALING] Cannot find elements when the selector is null

22-10-2025T11:09:37 - [MESSAGE][WARNING] - Web element with id: 'Object Repository/TripFocus/Testing_Notification_btn' located by '//*[@id="__BVID__10___BV_modal_footer_"]/button' not found

22-10-2025T11:09:37 - [TEST_STEP][PASSED] - if (verifyElementVisible(findTestObject("TripFocus/Testing_Notification_btn"), OPTIONAL) == true): Web element with id: 'Object Repository/TripFocus/Testing_Notification_btn' located by '//*[@id="__BVID__10___BV_modal_footer_"]/button' not found (Root cause: com.kms.katalon.core.exception.StepFailedException: Web element with id: 'Object Repository/TripFocus/Testing_Notification_btn' located by '//*[@id="__BVID__10___BV_modal_footer_"]/button' not found
	at com.kms.katalon.core.webui.keyword.internal.WebUIKeywordMain.stepFailed(WebUIKeywordMain.groovy:117)
	at com.kms.katalon.core.webui.keyword.builtin.VerifyElementVisibleKeyword$_verifyElementVisible_closure1.doCall(VerifyElementVisibleKeyword.groovy:89)
	at com.kms.katalon.core.webui.keyword.builtin.VerifyElementVisibleKeyword$_verifyElementVisible_closure1.call(VerifyElementVisibleKeyword.groovy)
	at com.kms.katalon.core.webui.keyword.internal.WebUIKeywordMain.runKeyword(WebUIKeywordMain.groovy:35)
	at com.kms.katalon.core.webui.keyword.builtin.VerifyElementVisibleKeyword.verifyElementVisible(VerifyElementVisibleKeyword.groovy:97)
	at com.kms.katalon.core.webui.keyword.builtin.VerifyElementVisibleKeyword.execute(VerifyElementVisibleKeyword.groovy:67)
	at com.kms.katalon.core.keyword.internal.KeywordExecutor.executeKeywordForPlatform(KeywordExecutor.groovy:74)
	at com.kms.katalon.core.webui.keyword.WebUiBuiltInKeywords.verifyElementVisible(WebUiBuiltInKeywords.groovy:401)
	at com.kms.katalon.core.webui.keyword.WebUiBuiltInKeywords$verifyElementVisible$5.call(Unknown Source)
	at Verify Template Name Field.run(Verify Template Name Field:40)
	at com.kms.katalon.core.main.ScriptEngine.run(ScriptEngine.java:194)
	at com.kms.katalon.core.main.ScriptEngine.runScriptAsRawText(ScriptEngine.java:119)
	at com.kms.katalon.core.main.TestCaseExecutor.runScript(TestCaseExecutor.java:448)
	at com.kms.katalon.core.main.TestCaseExecutor.doExecute(TestCaseExecutor.java:439)
	at com.kms.katalon.core.main.TestCaseExecutor.processExecutionPhase(TestCaseExecutor.java:418)
	at com.kms.katalon.core.main.TestCaseExecutor.accessMainPhase(TestCaseExecutor.java:410)
	at com.kms.katalon.core.main.TestCaseExecutor.execute(TestCaseExecutor.java:285)
	at com.kms.katalon.core.common.CommonExecutor.accessTestCaseMainPhase(CommonExecutor.java:65)
	at com.kms.katalon.core.main.TestSuiteExecutor.accessTestSuiteMainPhase(TestSuiteExecutor.java:150)
	at com.kms.katalon.core.main.TestSuiteExecutor.execute(TestSuiteExecutor.java:106)
	at com.kms.katalon.core.main.TestCaseMain.startTestSuite(TestCaseMain.java:180)
	at com.kms.katalon.core.main.TestCaseMain$startTestSuite$0.call(Unknown Source)
	at TempTestSuite1761139103004.run(TempTestSuite1761139103004.groovy:35)
	at java.base/jdk.internal.reflect.NativeMethodAccessorImpl.invoke0(Native Method)
	at java.base/jdk.internal.reflect.NativeMethodAccessorImpl.invoke(NativeMethodAccessorImpl.java:77)
	at java.base/jdk.internal.reflect.DelegatingMethodAccessorImpl.invoke(DelegatingMethodAccessorImpl.java:43)
)

22-10-2025T11:09:53 - [MESSAGE][INFO] - Unable to find the element located by 'By.xpath: //*[@id="__BVID__10___BV_modal_footer_"]/button'. Please recheck the objects properties to make sure the desired element is located. 

22-10-2025T11:09:53 - [MESSAGE][WARNING] - [SELF-HEALING] Failed to find element with id 'Object Repository/TripFocus/Testing_Notification_btn'. Try using Self-healing.

22-10-2025T11:09:54 - [MESSAGE][INFO] - [SELF-HEALING] No working XPath is found.

22-10-2025T11:09:56 - [MESSAGE][INFO] - Unable to find the element located by 'By.xpath: '. Please recheck the objects properties to make sure the desired element is located. 

22-10-2025T11:09:56 - [MESSAGE][WARNING] - [SELF-HEALING] Cannot find elements when the selector is null

22-10-2025T11:09:56 - [MESSAGE][WARNING] - Web element with id: 'Object Repository/TripFocus/Testing_Notification_btn' located by '//*[@id="__BVID__10___BV_modal_footer_"]/button' not found (Root cause: com.kms.katalon.core.exception.StepFailedException: Web element with id: 'Object Repository/TripFocus/Testing_Notification_btn' located by '//*[@id="__BVID__10___BV_modal_footer_"]/button' not found
	at com.kms.katalon.core.webui.keyword.internal.WebUIKeywordMain.stepFailed(WebUIKeywordMain.groovy:117)
	at com.kms.katalon.core.webui.keyword.builtin.VerifyElementVisibleKeyword$_verifyElementVisible_closure1.doCall(VerifyElementVisibleKeyword.groovy:89)
	at com.kms.katalon.core.webui.keyword.builtin.VerifyElementVisibleKeyword$_verifyElementVisible_closure1.call(VerifyElementVisibleKeyword.groovy)
	at com.kms.katalon.core.webui.keyword.internal.WebUIKeywordMain.runKeyword(WebUIKeywordMain.groovy:35)
	at com.kms.katalon.core.webui.keyword.builtin.VerifyElementVisibleKeyword.verifyElementVisible(VerifyElementVisibleKeyword.groovy:97)
	at com.kms.katalon.core.webui.keyword.builtin.VerifyElementVisibleKeyword.execute(VerifyElementVisibleKeyword.groovy:67)
	at com.kms.katalon.core.keyword.internal.KeywordExecutor.executeKeywordForPlatform(KeywordExecutor.groovy:74)
	at com.kms.katalon.core.webui.keyword.WebUiBuiltInKeywords.verifyElementVisible(WebUiBuiltInKeywords.groovy:401)
	at com.kms.katalon.core.webui.keyword.WebUiBuiltInKeywords$verifyElementVisible$5.call(Unknown Source)
	at Verify Template Name Field.run(Verify Template Name Field:40)
	at com.kms.katalon.core.main.ScriptEngine.run(ScriptEngine.java:194)
	at com.kms.katalon.core.main.ScriptEngine.runScriptAsRawText(ScriptEngine.java:119)
	at com.kms.katalon.core.main.TestCaseExecutor.runScript(TestCaseExecutor.java:448)
	at com.kms.katalon.core.main.TestCaseExecutor.doExecute(TestCaseExecutor.java:439)
	at com.kms.katalon.core.main.TestCaseExecutor.processExecutionPhase(TestCaseExecutor.java:418)
	at com.kms.katalon.core.main.TestCaseExecutor.accessMainPhase(TestCaseExecutor.java:410)
	at com.kms.katalon.core.main.TestCaseExecutor.execute(TestCaseExecutor.java:285)
	at com.kms.katalon.core.common.CommonExecutor.accessTestCaseMainPhase(CommonExecutor.java:65)
	at com.kms.katalon.core.main.TestSuiteExecutor.accessTestSuiteMainPhase(TestSuiteExecutor.java:150)
	at com.kms.katalon.core.main.TestSuiteExecutor.execute(TestSuiteExecutor.java:106)
	at com.kms.katalon.core.main.TestCaseMain.startTestSuite(TestCaseMain.java:180)
	at com.kms.katalon.core.main.TestCaseMain$startTestSuite$0.call(Unknown Source)
	at TempTestSuite1761139103004.run(TempTestSuite1761139103004.groovy:35)
	at java.base/jdk.internal.reflect.NativeMethodAccessorImpl.invoke0(Native Method)
	at java.base/jdk.internal.reflect.NativeMethodAccessorImpl.invoke(NativeMethodAccessorImpl.java:77)
	at java.base/jdk.internal.reflect.DelegatingMethodAccessorImpl.invoke(DelegatingMethodAccessorImpl.java:43)
)

22-10-2025T11:09:56 - [TEST_STEP][PASSED] - click(findTestObject("TripFocus/Order Templates/Order Templates_tab")): Object: 'Object Repository/TripFocus/Order Templates/Order Templates_tab' is clicked on

22-10-2025T11:09:56 - [MESSAGE][PASSED] - Object: 'Object Repository/TripFocus/Order Templates/Order Templates_tab' is clicked on

22-10-2025T11:09:56 - [TEST_STEP][PASSED] - delay(5): Delayed 5 second(s)

22-10-2025T11:10:01 - [MESSAGE][PASSED] - Delayed 5 second(s)

22-10-2025T11:10:01 - [TEST_STEP][PASSED] - click(findTestObject("TripFocus/Order Templates/Create New Template_btn")): Object: 'Object Repository/TripFocus/Order Templates/Create New Template_btn' is clicked on

22-10-2025T11:10:01 - [MESSAGE][PASSED] - Object: 'Object Repository/TripFocus/Order Templates/Create New Template_btn' is clicked on

22-10-2025T11:10:01 - [TEST_STEP][PASSED] - delay(5): Delayed 5 second(s)

22-10-2025T11:10:06 - [MESSAGE][PASSED] - Delayed 5 second(s)

22-10-2025T11:10:06 - [TEST_STEP][PASSED] - click(findTestObject("TripFocus/Sidebar Minimizer")): Object: 'Object Repository/TripFocus/Sidebar Minimizer' is clicked on

22-10-2025T11:10:06 - [MESSAGE][PASSED] - Object: 'Object Repository/TripFocus/Sidebar Minimizer' is clicked on

22-10-2025T11:10:06 - [TEST_STEP][PASSED] - delay(1): Delayed 1 second(s)

22-10-2025T11:10:07 - [MESSAGE][PASSED] - Delayed 1 second(s)

22-10-2025T11:10:07 - [TEST_STEP][PASSED] - verifyElementPresent(findTestObject("TripFocus/Order Templates/Template_Name_txt"), 10): Object 'Object Repository/TripFocus/Order Templates/Template_Name_txt' is present

22-10-2025T11:10:07 - [MESSAGE][PASSED] - Object 'Object Repository/TripFocus/Order Templates/Template_Name_txt' is present

22-10-2025T11:10:07 - [TEST_STEP][PASSED] - verifyElementVisible(findTestObject("TripFocus/Order Templates/Template_Name_txt"), STOP_ON_FAILURE): Object 'Object Repository/TripFocus/Order Templates/Template_Name_txt' is visible

22-10-2025T11:10:07 - [MESSAGE][PASSED] - Object 'Object Repository/TripFocus/Order Templates/Template_Name_txt' is visible

22-10-2025T11:10:07 - [TEST_STEP][PASSED] - sendKeys(findTestObject("TripFocus/Order Templates/Template_Name_txt"), "Krusty Krab LLC"): Keys 'Krusty Krab LLC' sent to object: 'Object Repository/TripFocus/Order Templates/Template_Name_txt'

22-10-2025T11:10:08 - [MESSAGE][PASSED] - Keys 'Krusty Krab LLC' sent to object: 'Object Repository/TripFocus/Order Templates/Template_Name_txt'

22-10-2025T11:10:08 - [TEST_STEP][PASSED] - Start listener action : retryOnDisconnect: null

22-10-2025T11:10:08 - [TEST_STEP][PASSED] - tcId = testCaseContext.getTestCaseId(): null

22-10-2025T11:10:08 - [TEST_STEP][PASSED] - currentRetry = retryCounts.getOrDefault(tcId, 0): null

22-10-2025T11:10:08 - [TEST_STEP][PASSED] - if (testCaseContext.getTestCaseStatus() == "FAILED" && currentRetry < MAX_RETRIES): null]]></system-out>
         <system-err><![CDATA[]]></system-err>
      </testcase>
      <testcase name="Test Cases/TripFocus/SPG/SPG - Templates/Verify Tender Order Use Template Button" time="61.64" classname="Test Cases/TripFocus/SPG/SPG - Templates/Verify Tender Order Use Template Button" status="PASSED">
         <system-out><![CDATA[22-10-2025T11:10:08 - [TEST_CASE][PASSED] - Test Cases/TripFocus/SPG/SPG - Templates/Verify Tender Order Use Template Button: Test Cases/TripFocus/SPG/SPG - Templates/Verify Tender Order Use Template Button

22-10-2025T11:10:08 - [TEST_STEP][PASSED] - Start listener action : beforeTestCase: null

22-10-2025T11:10:08 - [TEST_STEP][PASSED] - addDefaultPackages(): null

22-10-2025T11:10:08 - [TEST_STEP][PASSED] - openBrowser(""): Browser is opened with url: ''

22-10-2025T11:10:08 - [MESSAGE][WARNING] - A browser is already opened. Closing browser and opening a new one

22-10-2025T11:10:08 - [MESSAGE][INFO] - Starting 'Chrome' driver

22-10-2025T11:10:08 - [MESSAGE][INFO] - User set preference: ['args', '[--no-sandbox, --disable-gpu, --disable-dev-shm-usage]']

22-10-2025T11:10:08 - [MESSAGE][INFO] - Action delay is set to 0 milliseconds

22-10-2025T11:10:09 - [MESSAGE][PASSED] - Browser is opened with url: ''

22-10-2025T11:10:09 - [TEST_STEP][PASSED] - navigateToUrl(TFBaseURL): Navigate to 'https://www.qa.tripfocus.com' successfully

22-10-2025T11:10:10 - [MESSAGE][PASSED] - Navigate to 'https://www.qa.tripfocus.com' successfully

22-10-2025T11:10:10 - [TEST_STEP][PASSED] - maximizeWindow(): Current window maximized

22-10-2025T11:10:10 - [MESSAGE][PASSED] - Current window maximized

22-10-2025T11:10:10 - [TEST_STEP][PASSED] - click(findTestObject("Object Repository/TripFocus/Page_TripFocus/button_Sign in")): Object: 'Object Repository/TripFocus/Page_TripFocus/button_Sign in' is clicked on

22-10-2025T11:10:10 - [MESSAGE][PASSED] - Object: 'Object Repository/TripFocus/Page_TripFocus/button_Sign in' is clicked on

22-10-2025T11:10:10 - [TEST_STEP][PASSED] - setText(findTestObject("Object Repository/TripFocus/Page_TripFocus/input_Username (e.g. email address)_Username"), TripFocusBleachTechSPGUsername): Text 'Ashford.Chenault+BleachtechCustomerSPGONLY@thekag.com' is set on object 'Object Repository/TripFocus/Page_TripFocus/input_Username (e.g. email address)_Username'

22-10-2025T11:10:11 - [MESSAGE][PASSED] - Text 'Ashford.Chenault+BleachtechCustomerSPGONLY@thekag.com' is set on object 'Object Repository/TripFocus/Page_TripFocus/input_Username (e.g. email address)_Username'

22-10-2025T11:10:11 - [TEST_STEP][PASSED] - setText(findTestObject("Object Repository/TripFocus/Page_TripFocus/input_Password_Password"), TripFocusFDGSPGPassword): Text 'CrashBan911!!' is set on object 'Object Repository/TripFocus/Page_TripFocus/input_Password_Password'

22-10-2025T11:10:11 - [MESSAGE][PASSED] - Text 'CrashBan911!!' is set on object 'Object Repository/TripFocus/Page_TripFocus/input_Password_Password'

22-10-2025T11:10:11 - [TEST_STEP][PASSED] - click(findTestObject("Object Repository/TripFocus/Page_TripFocus/button_Login")): Object: 'Object Repository/TripFocus/Page_TripFocus/button_Login' is clicked on

22-10-2025T11:10:11 - [MESSAGE][PASSED] - Object: 'Object Repository/TripFocus/Page_TripFocus/button_Login' is clicked on

22-10-2025T11:10:11 - [TEST_STEP][PASSED] - maximizeWindow(): Current window maximized

22-10-2025T11:10:12 - [MESSAGE][PASSED] - Current window maximized

22-10-2025T11:10:12 - [TEST_STEP][PASSED] - waitForElementVisible(findTestObject("TripFocus/Testing_Notification_btn"), 15, OPTIONAL): Web element with id: 'Object Repository/TripFocus/Testing_Notification_btn' located by '//*[@id="__BVID__10___BV_modal_footer_"]/button' not found

22-10-2025T11:10:28 - [MESSAGE][INFO] - Unable to find the element located by 'By.xpath: //*[@id="__BVID__10___BV_modal_footer_"]/button'. Please recheck the objects properties to make sure the desired element is located. 

22-10-2025T11:10:28 - [MESSAGE][WARNING] - [SELF-HEALING] Failed to find element with id 'Object Repository/TripFocus/Testing_Notification_btn'. Try using Self-healing.

22-10-2025T11:10:29 - [MESSAGE][INFO] - [SELF-HEALING] No working XPath is found.

22-10-2025T11:10:31 - [MESSAGE][INFO] - Unable to find the element located by 'By.xpath: '. Please recheck the objects properties to make sure the desired element is located. 

22-10-2025T11:10:31 - [MESSAGE][WARNING] - [SELF-HEALING] Cannot find elements when the selector is null

22-10-2025T11:10:31 - [MESSAGE][WARNING] - Web element with id: 'Object Repository/TripFocus/Testing_Notification_btn' located by '//*[@id="__BVID__10___BV_modal_footer_"]/button' not found

22-10-2025T11:10:31 - [TEST_STEP][PASSED] - if (verifyElementVisible(findTestObject("TripFocus/Testing_Notification_btn"), OPTIONAL) == true): Web element with id: 'Object Repository/TripFocus/Testing_Notification_btn' located by '//*[@id="__BVID__10___BV_modal_footer_"]/button' not found (Root cause: com.kms.katalon.core.exception.StepFailedException: Web element with id: 'Object Repository/TripFocus/Testing_Notification_btn' located by '//*[@id="__BVID__10___BV_modal_footer_"]/button' not found
	at com.kms.katalon.core.webui.keyword.internal.WebUIKeywordMain.stepFailed(WebUIKeywordMain.groovy:117)
	at com.kms.katalon.core.webui.keyword.builtin.VerifyElementVisibleKeyword$_verifyElementVisible_closure1.doCall(VerifyElementVisibleKeyword.groovy:89)
	at com.kms.katalon.core.webui.keyword.builtin.VerifyElementVisibleKeyword$_verifyElementVisible_closure1.call(VerifyElementVisibleKeyword.groovy)
	at com.kms.katalon.core.webui.keyword.internal.WebUIKeywordMain.runKeyword(WebUIKeywordMain.groovy:35)
	at com.kms.katalon.core.webui.keyword.builtin.VerifyElementVisibleKeyword.verifyElementVisible(VerifyElementVisibleKeyword.groovy:97)
	at com.kms.katalon.core.webui.keyword.builtin.VerifyElementVisibleKeyword.execute(VerifyElementVisibleKeyword.groovy:67)
	at com.kms.katalon.core.keyword.internal.KeywordExecutor.executeKeywordForPlatform(KeywordExecutor.groovy:74)
	at com.kms.katalon.core.webui.keyword.WebUiBuiltInKeywords.verifyElementVisible(WebUiBuiltInKeywords.groovy:401)
	at com.kms.katalon.core.webui.keyword.WebUiBuiltInKeywords$verifyElementVisible$5.call(Unknown Source)
	at Verify Tender Order Use Template Button.run(Verify Tender Order Use Template Button:40)
	at com.kms.katalon.core.main.ScriptEngine.run(ScriptEngine.java:194)
	at com.kms.katalon.core.main.ScriptEngine.runScriptAsRawText(ScriptEngine.java:119)
	at com.kms.katalon.core.main.TestCaseExecutor.runScript(TestCaseExecutor.java:448)
	at com.kms.katalon.core.main.TestCaseExecutor.doExecute(TestCaseExecutor.java:439)
	at com.kms.katalon.core.main.TestCaseExecutor.processExecutionPhase(TestCaseExecutor.java:418)
	at com.kms.katalon.core.main.TestCaseExecutor.accessMainPhase(TestCaseExecutor.java:410)
	at com.kms.katalon.core.main.TestCaseExecutor.execute(TestCaseExecutor.java:285)
	at com.kms.katalon.core.common.CommonExecutor.accessTestCaseMainPhase(CommonExecutor.java:65)
	at com.kms.katalon.core.main.TestSuiteExecutor.accessTestSuiteMainPhase(TestSuiteExecutor.java:150)
	at com.kms.katalon.core.main.TestSuiteExecutor.execute(TestSuiteExecutor.java:106)
	at com.kms.katalon.core.main.TestCaseMain.startTestSuite(TestCaseMain.java:180)
	at com.kms.katalon.core.main.TestCaseMain$startTestSuite$0.call(Unknown Source)
	at TempTestSuite1761139103004.run(TempTestSuite1761139103004.groovy:35)
	at java.base/jdk.internal.reflect.NativeMethodAccessorImpl.invoke0(Native Method)
	at java.base/jdk.internal.reflect.NativeMethodAccessorImpl.invoke(NativeMethodAccessorImpl.java:77)
	at java.base/jdk.internal.reflect.DelegatingMethodAccessorImpl.invoke(DelegatingMethodAccessorImpl.java:43)
)

22-10-2025T11:10:47 - [MESSAGE][INFO] - Unable to find the element located by 'By.xpath: //*[@id="__BVID__10___BV_modal_footer_"]/button'. Please recheck the objects properties to make sure the desired element is located. 

22-10-2025T11:10:47 - [MESSAGE][WARNING] - [SELF-HEALING] Failed to find element with id 'Object Repository/TripFocus/Testing_Notification_btn'. Try using Self-healing.

22-10-2025T11:10:48 - [MESSAGE][INFO] - [SELF-HEALING] No working XPath is found.

22-10-2025T11:10:50 - [MESSAGE][INFO] - Unable to find the element located by 'By.xpath: '. Please recheck the objects properties to make sure the desired element is located. 

22-10-2025T11:10:50 - [MESSAGE][WARNING] - [SELF-HEALING] Cannot find elements when the selector is null

22-10-2025T11:10:50 - [MESSAGE][WARNING] - Web element with id: 'Object Repository/TripFocus/Testing_Notification_btn' located by '//*[@id="__BVID__10___BV_modal_footer_"]/button' not found (Root cause: com.kms.katalon.core.exception.StepFailedException: Web element with id: 'Object Repository/TripFocus/Testing_Notification_btn' located by '//*[@id="__BVID__10___BV_modal_footer_"]/button' not found
	at com.kms.katalon.core.webui.keyword.internal.WebUIKeywordMain.stepFailed(WebUIKeywordMain.groovy:117)
	at com.kms.katalon.core.webui.keyword.builtin.VerifyElementVisibleKeyword$_verifyElementVisible_closure1.doCall(VerifyElementVisibleKeyword.groovy:89)
	at com.kms.katalon.core.webui.keyword.builtin.VerifyElementVisibleKeyword$_verifyElementVisible_closure1.call(VerifyElementVisibleKeyword.groovy)
	at com.kms.katalon.core.webui.keyword.internal.WebUIKeywordMain.runKeyword(WebUIKeywordMain.groovy:35)
	at com.kms.katalon.core.webui.keyword.builtin.VerifyElementVisibleKeyword.verifyElementVisible(VerifyElementVisibleKeyword.groovy:97)
	at com.kms.katalon.core.webui.keyword.builtin.VerifyElementVisibleKeyword.execute(VerifyElementVisibleKeyword.groovy:67)
	at com.kms.katalon.core.keyword.internal.KeywordExecutor.executeKeywordForPlatform(KeywordExecutor.groovy:74)
	at com.kms.katalon.core.webui.keyword.WebUiBuiltInKeywords.verifyElementVisible(WebUiBuiltInKeywords.groovy:401)
	at com.kms.katalon.core.webui.keyword.WebUiBuiltInKeywords$verifyElementVisible$5.call(Unknown Source)
	at Verify Tender Order Use Template Button.run(Verify Tender Order Use Template Button:40)
	at com.kms.katalon.core.main.ScriptEngine.run(ScriptEngine.java:194)
	at com.kms.katalon.core.main.ScriptEngine.runScriptAsRawText(ScriptEngine.java:119)
	at com.kms.katalon.core.main.TestCaseExecutor.runScript(TestCaseExecutor.java:448)
	at com.kms.katalon.core.main.TestCaseExecutor.doExecute(TestCaseExecutor.java:439)
	at com.kms.katalon.core.main.TestCaseExecutor.processExecutionPhase(TestCaseExecutor.java:418)
	at com.kms.katalon.core.main.TestCaseExecutor.accessMainPhase(TestCaseExecutor.java:410)
	at com.kms.katalon.core.main.TestCaseExecutor.execute(TestCaseExecutor.java:285)
	at com.kms.katalon.core.common.CommonExecutor.accessTestCaseMainPhase(CommonExecutor.java:65)
	at com.kms.katalon.core.main.TestSuiteExecutor.accessTestSuiteMainPhase(TestSuiteExecutor.java:150)
	at com.kms.katalon.core.main.TestSuiteExecutor.execute(TestSuiteExecutor.java:106)
	at com.kms.katalon.core.main.TestCaseMain.startTestSuite(TestCaseMain.java:180)
	at com.kms.katalon.core.main.TestCaseMain$startTestSuite$0.call(Unknown Source)
	at TempTestSuite1761139103004.run(TempTestSuite1761139103004.groovy:35)
	at java.base/jdk.internal.reflect.NativeMethodAccessorImpl.invoke0(Native Method)
	at java.base/jdk.internal.reflect.NativeMethodAccessorImpl.invoke(NativeMethodAccessorImpl.java:77)
	at java.base/jdk.internal.reflect.DelegatingMethodAccessorImpl.invoke(DelegatingMethodAccessorImpl.java:43)
)

22-10-2025T11:10:50 - [TEST_STEP][PASSED] - click(findTestObject("TripFocus/Order Templates/Order Templates_tab")): Object: 'Object Repository/TripFocus/Order Templates/Order Templates_tab' is clicked on

22-10-2025T11:10:50 - [MESSAGE][PASSED] - Object: 'Object Repository/TripFocus/Order Templates/Order Templates_tab' is clicked on

22-10-2025T11:10:50 - [TEST_STEP][PASSED] - delay(5): Delayed 5 second(s)

22-10-2025T11:10:55 - [MESSAGE][PASSED] - Delayed 5 second(s)

22-10-2025T11:10:55 - [TEST_STEP][PASSED] - setText(findTestObject("TripFocus/Order Templates/Template_Search_txt"), "CamTest"): Text 'CamTest' is set on object 'Object Repository/TripFocus/Order Templates/Template_Search_txt'

22-10-2025T11:10:55 - [MESSAGE][PASSED] - Text 'CamTest' is set on object 'Object Repository/TripFocus/Order Templates/Template_Search_txt'

22-10-2025T11:10:55 - [TEST_STEP][PASSED] - delay(2): Delayed 2 second(s)

22-10-2025T11:10:57 - [MESSAGE][PASSED] - Delayed 2 second(s)

22-10-2025T11:10:57 - [TEST_STEP][PASSED] - click(findTestObject("TripFocus/Order Templates/Template_Search_btn"), STOP_ON_FAILURE): Object: 'Object Repository/TripFocus/Order Templates/Template_Search_btn' is clicked on

22-10-2025T11:10:57 - [MESSAGE][PASSED] - Object: 'Object Repository/TripFocus/Order Templates/Template_Search_btn' is clicked on

22-10-2025T11:10:57 - [TEST_STEP][PASSED] - delay(10): Delayed 10 second(s)

22-10-2025T11:11:07 - [MESSAGE][PASSED] - Delayed 10 second(s)

22-10-2025T11:11:07 - [TEST_STEP][PASSED] - click(findTestObject("TripFocus/Order Templates/Template_Create_Order_btn"), STOP_ON_FAILURE): Object: 'Object Repository/TripFocus/Order Templates/Template_Create_Order_btn' is clicked on

22-10-2025T11:11:07 - [MESSAGE][PASSED] - Object: 'Object Repository/TripFocus/Order Templates/Template_Create_Order_btn' is clicked on

22-10-2025T11:11:07 - [TEST_STEP][PASSED] - delay(2): Delayed 2 second(s)

22-10-2025T11:11:09 - [MESSAGE][PASSED] - Delayed 2 second(s)

22-10-2025T11:11:09 - [TEST_STEP][PASSED] - verifyElementPresent(findTestObject("TripFocus/Order Templates/Use_Template_btn"), 10): Object 'Object Repository/TripFocus/Order Templates/Use_Template_btn' is present

22-10-2025T11:11:09 - [MESSAGE][PASSED] - Object 'Object Repository/TripFocus/Order Templates/Use_Template_btn' is present

22-10-2025T11:11:09 - [TEST_STEP][PASSED] - verifyElementVisible(findTestObject("TripFocus/Order Templates/Use_Template_btn"), STOP_ON_FAILURE): Object 'Object Repository/TripFocus/Order Templates/Use_Template_btn' is visible

22-10-2025T11:11:09 - [MESSAGE][PASSED] - Object 'Object Repository/TripFocus/Order Templates/Use_Template_btn' is visible

22-10-2025T11:11:09 - [TEST_STEP][PASSED] - click(findTestObject("TripFocus/Order Templates/Use_Template_btn"), STOP_ON_FAILURE): Object: 'Object Repository/TripFocus/Order Templates/Use_Template_btn' is clicked on

22-10-2025T11:11:09 - [MESSAGE][PASSED] - Object: 'Object Repository/TripFocus/Order Templates/Use_Template_btn' is clicked on

22-10-2025T11:11:09 - [TEST_STEP][PASSED] - Start listener action : retryOnDisconnect: null

22-10-2025T11:11:09 - [TEST_STEP][PASSED] - tcId = testCaseContext.getTestCaseId(): null

22-10-2025T11:11:09 - [TEST_STEP][PASSED] - currentRetry = retryCounts.getOrDefault(tcId, 0): null

22-10-2025T11:11:09 - [TEST_STEP][PASSED] - if (testCaseContext.getTestCaseStatus() == "FAILED" && currentRetry < MAX_RETRIES): null]]></system-out>
         <system-err><![CDATA[]]></system-err>
      </testcase>
      <testcase name="Test Cases/TripFocus/SPG/SPG - Templates/Delete Template" time="72.223" classname="Test Cases/TripFocus/SPG/SPG - Templates/Delete Template" status="FAILED">
         <failure type="FAILED" message="Test Cases/TripFocus/SPG/SPG - Templates/Delete Template FAILED.&#xa;Reason:&#xa;com.kms.katalon.core.exception.StepFailedException: Unable to click on object 'Object Repository/TripFocus/Order Templates/Delete_Template_btn'&#xa;	at com.kms.katalon.core.webui.keyword.internal.WebUIKeywordMain.stepFailed(WebUIKeywordMain.groovy:117)&#xa;	at com.kms.katalon.core.webui.keyword.internal.WebUIKeywordMain.runKeyword(WebUIKeywordMain.groovy:43)&#xa;	at com.kms.katalon.core.webui.keyword.builtin.ClickKeyword.click(ClickKeyword.groovy:74)&#xa;	at com.kms.katalon.core.webui.keyword.builtin.ClickKeyword.execute(ClickKeyword.groovy:40)&#xa;	at com.kms.katalon.core.keyword.internal.KeywordExecutor.executeKeywordForPlatform(KeywordExecutor.groovy:74)&#xa;	at com.kms.katalon.core.webui.keyword.WebUiBuiltInKeywords.click(WebUiBuiltInKeywords.groovy:659)&#xa;	at com.kms.katalon.core.webui.keyword.WebUiBuiltInKeywords$click$2.call(Unknown Source)&#xa;	at Delete Template.run(Delete Template:50)&#xa;	at com.kms.katalon.core.main.ScriptEngine.run(ScriptEngine.java:194)&#xa;	at com.kms.katalon.core.main.ScriptEngine.runScriptAsRawText(ScriptEngine.java:119)&#xa;	at com.kms.katalon.core.main.TestCaseExecutor.runScript(TestCaseExecutor.java:448)&#xa;	at com.kms.katalon.core.main.TestCaseExecutor.doExecute(TestCaseExecutor.java:439)&#xa;	at com.kms.katalon.core.main.TestCaseExecutor.processExecutionPhase(TestCaseExecutor.java:418)&#xa;	at com.kms.katalon.core.main.TestCaseExecutor.accessMainPhase(TestCaseExecutor.java:410)&#xa;	at com.kms.katalon.core.main.TestCaseExecutor.execute(TestCaseExecutor.java:285)&#xa;	at com.kms.katalon.core.common.CommonExecutor.accessTestCaseMainPhase(CommonExecutor.java:65)&#xa;	at com.kms.katalon.core.main.TestSuiteExecutor.accessTestSuiteMainPhase(TestSuiteExecutor.java:150)&#xa;	at com.kms.katalon.core.main.TestSuiteExecutor.execute(TestSuiteExecutor.java:106)&#xa;	at com.kms.katalon.core.main.TestCaseMain.startTestSuite(TestCaseMain.java:180)&#xa;	at com.kms.katalon.core.main.TestCaseMain$startTestSuite$0.call(Unknown Source)&#xa;	at TempTestSuite1761139103004.run(TempTestSuite1761139103004.groovy:35)&#xa;	at java.base/jdk.internal.reflect.NativeMethodAccessorImpl.invoke0(Native Method)&#xa;	at java.base/jdk.internal.reflect.NativeMethodAccessorImpl.invoke(NativeMethodAccessorImpl.java:77)&#xa;	at java.base/jdk.internal.reflect.DelegatingMethodAccessorImpl.invoke(DelegatingMethodAccessorImpl.java:43)&#xa;Caused by: com.kms.katalon.core.webui.exception.WebElementNotFoundException: Web element with id: 'Object Repository/TripFocus/Order Templates/Delete_Template_btn' located by '/html/body/div/div[2]/div/main/div/section/div[4]/div/div/div[3]/div[1]/div/div/div[2]/div[4]/div[1]/button' not found&#xa;	at com.kms.katalon.core.webui.common.WebUiCommonHelper.findWebElement(WebUiCommonHelper.java:1423)&#xa;	at com.kms.katalon.core.webui.keyword.internal.WebUIAbstractKeyword.findWebElement(WebUIAbstractKeyword.groovy:27)&#xa;	at com.kms.katalon.core.webui.keyword.builtin.ClickKeyword$_click_closure1.doCall(ClickKeyword.groovy:65)&#xa;	at com.kms.katalon.core.webui.keyword.builtin.ClickKeyword$_click_closure1.call(ClickKeyword.groovy)&#xa;	at com.kms.katalon.core.webui.keyword.internal.WebUIKeywordMain.runKeyword(WebUIKeywordMain.groovy:35)&#xa;	... 22 more&#xa;"/>
         <system-out><![CDATA[22-10-2025T11:11:09 - [TEST_CASE][FAILED] - Test Cases/TripFocus/SPG/SPG - Templates/Delete Template: Test Cases/TripFocus/SPG/SPG - Templates/Delete Template FAILED.
Reason:
com.kms.katalon.core.exception.StepFailedException: Unable to click on object 'Object Repository/TripFocus/Order Templates/Delete_Template_btn'
	at com.kms.katalon.core.webui.keyword.internal.WebUIKeywordMain.stepFailed(WebUIKeywordMain.groovy:117)
	at com.kms.katalon.core.webui.keyword.internal.WebUIKeywordMain.runKeyword(WebUIKeywordMain.groovy:43)
	at com.kms.katalon.core.webui.keyword.builtin.ClickKeyword.click(ClickKeyword.groovy:74)
	at com.kms.katalon.core.webui.keyword.builtin.ClickKeyword.execute(ClickKeyword.groovy:40)
	at com.kms.katalon.core.keyword.internal.KeywordExecutor.executeKeywordForPlatform(KeywordExecutor.groovy:74)
	at com.kms.katalon.core.webui.keyword.WebUiBuiltInKeywords.click(WebUiBuiltInKeywords.groovy:659)
	at com.kms.katalon.core.webui.keyword.WebUiBuiltInKeywords$click$2.call(Unknown Source)
	at Delete Template.run(Delete Template:50)
	at com.kms.katalon.core.main.ScriptEngine.run(ScriptEngine.java:194)
	at com.kms.katalon.core.main.ScriptEngine.runScriptAsRawText(ScriptEngine.java:119)
	at com.kms.katalon.core.main.TestCaseExecutor.runScript(TestCaseExecutor.java:448)
	at com.kms.katalon.core.main.TestCaseExecutor.doExecute(TestCaseExecutor.java:439)
	at com.kms.katalon.core.main.TestCaseExecutor.processExecutionPhase(TestCaseExecutor.java:418)
	at com.kms.katalon.core.main.TestCaseExecutor.accessMainPhase(TestCaseExecutor.java:410)
	at com.kms.katalon.core.main.TestCaseExecutor.execute(TestCaseExecutor.java:285)
	at com.kms.katalon.core.common.CommonExecutor.accessTestCaseMainPhase(CommonExecutor.java:65)
	at com.kms.katalon.core.main.TestSuiteExecutor.accessTestSuiteMainPhase(TestSuiteExecutor.java:150)
	at com.kms.katalon.core.main.TestSuiteExecutor.execute(TestSuiteExecutor.java:106)
	at com.kms.katalon.core.main.TestCaseMain.startTestSuite(TestCaseMain.java:180)
	at com.kms.katalon.core.main.TestCaseMain$startTestSuite$0.call(Unknown Source)
	at TempTestSuite1761139103004.run(TempTestSuite1761139103004.groovy:35)
	at java.base/jdk.internal.reflect.NativeMethodAccessorImpl.invoke0(Native Method)
	at java.base/jdk.internal.reflect.NativeMethodAccessorImpl.invoke(NativeMethodAccessorImpl.java:77)
	at java.base/jdk.internal.reflect.DelegatingMethodAccessorImpl.invoke(DelegatingMethodAccessorImpl.java:43)
Caused by: com.kms.katalon.core.webui.exception.WebElementNotFoundException: Web element with id: 'Object Repository/TripFocus/Order Templates/Delete_Template_btn' located by '/html/body/div/div[2]/div/main/div/section/div[4]/div/div/div[3]/div[1]/div/div/div[2]/div[4]/div[1]/button' not found
	at com.kms.katalon.core.webui.common.WebUiCommonHelper.findWebElement(WebUiCommonHelper.java:1423)
	at com.kms.katalon.core.webui.keyword.internal.WebUIAbstractKeyword.findWebElement(WebUIAbstractKeyword.groovy:27)
	at com.kms.katalon.core.webui.keyword.builtin.ClickKeyword$_click_closure1.doCall(ClickKeyword.groovy:65)
	at com.kms.katalon.core.webui.keyword.builtin.ClickKeyword$_click_closure1.call(ClickKeyword.groovy)
	at com.kms.katalon.core.webui.keyword.internal.WebUIKeywordMain.runKeyword(WebUIKeywordMain.groovy:35)
	... 22 more


22-10-2025T11:11:09 - [TEST_STEP][PASSED] - Start listener action : beforeTestCase: null

22-10-2025T11:11:09 - [TEST_STEP][PASSED] - addDefaultPackages(): null

22-10-2025T11:11:09 - [TEST_STEP][PASSED] - openBrowser(""): Browser is opened with url: ''

22-10-2025T11:11:09 - [MESSAGE][WARNING] - A browser is already opened. Closing browser and opening a new one

22-10-2025T11:11:09 - [MESSAGE][INFO] - Starting 'Chrome' driver

22-10-2025T11:11:09 - [MESSAGE][INFO] - User set preference: ['args', '[--no-sandbox, --disable-gpu, --disable-dev-shm-usage]']

22-10-2025T11:11:09 - [MESSAGE][INFO] - Action delay is set to 0 milliseconds

22-10-2025T11:11:10 - [MESSAGE][PASSED] - Browser is opened with url: ''

22-10-2025T11:11:10 - [TEST_STEP][PASSED] - navigateToUrl(TFBaseURL): Navigate to 'https://www.qa.tripfocus.com' successfully

22-10-2025T11:11:11 - [MESSAGE][PASSED] - Navigate to 'https://www.qa.tripfocus.com' successfully

22-10-2025T11:11:11 - [TEST_STEP][PASSED] - maximizeWindow(): Current window maximized

22-10-2025T11:11:11 - [MESSAGE][PASSED] - Current window maximized

22-10-2025T11:11:11 - [TEST_STEP][PASSED] - click(findTestObject("Object Repository/TripFocus/Page_TripFocus/button_Sign in")): Object: 'Object Repository/TripFocus/Page_TripFocus/button_Sign in' is clicked on

22-10-2025T11:11:11 - [MESSAGE][PASSED] - Object: 'Object Repository/TripFocus/Page_TripFocus/button_Sign in' is clicked on

22-10-2025T11:11:11 - [TEST_STEP][PASSED] - setText(findTestObject("Object Repository/TripFocus/Page_TripFocus/input_Username (e.g. email address)_Username"), TripFocusBleachTechSPGUsername): Text 'Ashford.Chenault+BleachtechCustomerSPGONLY@thekag.com' is set on object 'Object Repository/TripFocus/Page_TripFocus/input_Username (e.g. email address)_Username'

22-10-2025T11:11:11 - [MESSAGE][PASSED] - Text 'Ashford.Chenault+BleachtechCustomerSPGONLY@thekag.com' is set on object 'Object Repository/TripFocus/Page_TripFocus/input_Username (e.g. email address)_Username'

22-10-2025T11:11:11 - [TEST_STEP][PASSED] - setText(findTestObject("Object Repository/TripFocus/Page_TripFocus/input_Password_Password"), TripFocusFDGSPGPassword): Text 'CrashBan911!!' is set on object 'Object Repository/TripFocus/Page_TripFocus/input_Password_Password'

22-10-2025T11:11:12 - [MESSAGE][PASSED] - Text 'CrashBan911!!' is set on object 'Object Repository/TripFocus/Page_TripFocus/input_Password_Password'

22-10-2025T11:11:12 - [TEST_STEP][PASSED] - click(findTestObject("Object Repository/TripFocus/Page_TripFocus/button_Login")): Object: 'Object Repository/TripFocus/Page_TripFocus/button_Login' is clicked on

22-10-2025T11:11:12 - [MESSAGE][PASSED] - Object: 'Object Repository/TripFocus/Page_TripFocus/button_Login' is clicked on

22-10-2025T11:11:12 - [TEST_STEP][PASSED] - maximizeWindow(): Current window maximized

22-10-2025T11:11:12 - [MESSAGE][PASSED] - Current window maximized

22-10-2025T11:11:12 - [TEST_STEP][PASSED] - waitForElementVisible(findTestObject("TripFocus/Testing_Notification_btn"), 15, OPTIONAL): Web element with id: 'Object Repository/TripFocus/Testing_Notification_btn' located by '//*[@id="__BVID__10___BV_modal_footer_"]/button' not found

22-10-2025T11:11:28 - [MESSAGE][INFO] - Unable to find the element located by 'By.xpath: //*[@id="__BVID__10___BV_modal_footer_"]/button'. Please recheck the objects properties to make sure the desired element is located. 

22-10-2025T11:11:28 - [MESSAGE][WARNING] - [SELF-HEALING] Failed to find element with id 'Object Repository/TripFocus/Testing_Notification_btn'. Try using Self-healing.

22-10-2025T11:11:29 - [MESSAGE][INFO] - [SELF-HEALING] No working XPath is found.

22-10-2025T11:11:31 - [MESSAGE][INFO] - Unable to find the element located by 'By.xpath: '. Please recheck the objects properties to make sure the desired element is located. 

22-10-2025T11:11:31 - [MESSAGE][WARNING] - [SELF-HEALING] Cannot find elements when the selector is null

22-10-2025T11:11:31 - [MESSAGE][WARNING] - Web element with id: 'Object Repository/TripFocus/Testing_Notification_btn' located by '//*[@id="__BVID__10___BV_modal_footer_"]/button' not found

22-10-2025T11:11:31 - [TEST_STEP][PASSED] - if (verifyElementVisible(findTestObject("TripFocus/Testing_Notification_btn"), OPTIONAL) == true): Web element with id: 'Object Repository/TripFocus/Testing_Notification_btn' located by '//*[@id="__BVID__10___BV_modal_footer_"]/button' not found (Root cause: com.kms.katalon.core.exception.StepFailedException: Web element with id: 'Object Repository/TripFocus/Testing_Notification_btn' located by '//*[@id="__BVID__10___BV_modal_footer_"]/button' not found
	at com.kms.katalon.core.webui.keyword.internal.WebUIKeywordMain.stepFailed(WebUIKeywordMain.groovy:117)
	at com.kms.katalon.core.webui.keyword.builtin.VerifyElementVisibleKeyword$_verifyElementVisible_closure1.doCall(VerifyElementVisibleKeyword.groovy:89)
	at com.kms.katalon.core.webui.keyword.builtin.VerifyElementVisibleKeyword$_verifyElementVisible_closure1.call(VerifyElementVisibleKeyword.groovy)
	at com.kms.katalon.core.webui.keyword.internal.WebUIKeywordMain.runKeyword(WebUIKeywordMain.groovy:35)
	at com.kms.katalon.core.webui.keyword.builtin.VerifyElementVisibleKeyword.verifyElementVisible(VerifyElementVisibleKeyword.groovy:97)
	at com.kms.katalon.core.webui.keyword.builtin.VerifyElementVisibleKeyword.execute(VerifyElementVisibleKeyword.groovy:67)
	at com.kms.katalon.core.keyword.internal.KeywordExecutor.executeKeywordForPlatform(KeywordExecutor.groovy:74)
	at com.kms.katalon.core.webui.keyword.WebUiBuiltInKeywords.verifyElementVisible(WebUiBuiltInKeywords.groovy:401)
	at com.kms.katalon.core.webui.keyword.WebUiBuiltInKeywords$verifyElementVisible$5.call(Unknown Source)
	at Delete Template.run(Delete Template:40)
	at com.kms.katalon.core.main.ScriptEngine.run(ScriptEngine.java:194)
	at com.kms.katalon.core.main.ScriptEngine.runScriptAsRawText(ScriptEngine.java:119)
	at com.kms.katalon.core.main.TestCaseExecutor.runScript(TestCaseExecutor.java:448)
	at com.kms.katalon.core.main.TestCaseExecutor.doExecute(TestCaseExecutor.java:439)
	at com.kms.katalon.core.main.TestCaseExecutor.processExecutionPhase(TestCaseExecutor.java:418)
	at com.kms.katalon.core.main.TestCaseExecutor.accessMainPhase(TestCaseExecutor.java:410)
	at com.kms.katalon.core.main.TestCaseExecutor.execute(TestCaseExecutor.java:285)
	at com.kms.katalon.core.common.CommonExecutor.accessTestCaseMainPhase(CommonExecutor.java:65)
	at com.kms.katalon.core.main.TestSuiteExecutor.accessTestSuiteMainPhase(TestSuiteExecutor.java:150)
	at com.kms.katalon.core.main.TestSuiteExecutor.execute(TestSuiteExecutor.java:106)
	at com.kms.katalon.core.main.TestCaseMain.startTestSuite(TestCaseMain.java:180)
	at com.kms.katalon.core.main.TestCaseMain$startTestSuite$0.call(Unknown Source)
	at TempTestSuite1761139103004.run(TempTestSuite1761139103004.groovy:35)
	at java.base/jdk.internal.reflect.NativeMethodAccessorImpl.invoke0(Native Method)
	at java.base/jdk.internal.reflect.NativeMethodAccessorImpl.invoke(NativeMethodAccessorImpl.java:77)
	at java.base/jdk.internal.reflect.DelegatingMethodAccessorImpl.invoke(DelegatingMethodAccessorImpl.java:43)
)

22-10-2025T11:11:47 - [MESSAGE][INFO] - Unable to find the element located by 'By.xpath: //*[@id="__BVID__10___BV_modal_footer_"]/button'. Please recheck the objects properties to make sure the desired element is located. 

22-10-2025T11:11:47 - [MESSAGE][WARNING] - [SELF-HEALING] Failed to find element with id 'Object Repository/TripFocus/Testing_Notification_btn'. Try using Self-healing.

22-10-2025T11:11:48 - [MESSAGE][INFO] - [SELF-HEALING] No working XPath is found.

22-10-2025T11:11:50 - [MESSAGE][INFO] - Unable to find the element located by 'By.xpath: '. Please recheck the objects properties to make sure the desired element is located. 

22-10-2025T11:11:50 - [MESSAGE][WARNING] - [SELF-HEALING] Cannot find elements when the selector is null

22-10-2025T11:11:50 - [MESSAGE][WARNING] - Web element with id: 'Object Repository/TripFocus/Testing_Notification_btn' located by '//*[@id="__BVID__10___BV_modal_footer_"]/button' not found (Root cause: com.kms.katalon.core.exception.StepFailedException: Web element with id: 'Object Repository/TripFocus/Testing_Notification_btn' located by '//*[@id="__BVID__10___BV_modal_footer_"]/button' not found
	at com.kms.katalon.core.webui.keyword.internal.WebUIKeywordMain.stepFailed(WebUIKeywordMain.groovy:117)
	at com.kms.katalon.core.webui.keyword.builtin.VerifyElementVisibleKeyword$_verifyElementVisible_closure1.doCall(VerifyElementVisibleKeyword.groovy:89)
	at com.kms.katalon.core.webui.keyword.builtin.VerifyElementVisibleKeyword$_verifyElementVisible_closure1.call(VerifyElementVisibleKeyword.groovy)
	at com.kms.katalon.core.webui.keyword.internal.WebUIKeywordMain.runKeyword(WebUIKeywordMain.groovy:35)
	at com.kms.katalon.core.webui.keyword.builtin.VerifyElementVisibleKeyword.verifyElementVisible(VerifyElementVisibleKeyword.groovy:97)
	at com.kms.katalon.core.webui.keyword.builtin.VerifyElementVisibleKeyword.execute(VerifyElementVisibleKeyword.groovy:67)
	at com.kms.katalon.core.keyword.internal.KeywordExecutor.executeKeywordForPlatform(KeywordExecutor.groovy:74)
	at com.kms.katalon.core.webui.keyword.WebUiBuiltInKeywords.verifyElementVisible(WebUiBuiltInKeywords.groovy:401)
	at com.kms.katalon.core.webui.keyword.WebUiBuiltInKeywords$verifyElementVisible$5.call(Unknown Source)
	at Delete Template.run(Delete Template:40)
	at com.kms.katalon.core.main.ScriptEngine.run(ScriptEngine.java:194)
	at com.kms.katalon.core.main.ScriptEngine.runScriptAsRawText(ScriptEngine.java:119)
	at com.kms.katalon.core.main.TestCaseExecutor.runScript(TestCaseExecutor.java:448)
	at com.kms.katalon.core.main.TestCaseExecutor.doExecute(TestCaseExecutor.java:439)
	at com.kms.katalon.core.main.TestCaseExecutor.processExecutionPhase(TestCaseExecutor.java:418)
	at com.kms.katalon.core.main.TestCaseExecutor.accessMainPhase(TestCaseExecutor.java:410)
	at com.kms.katalon.core.main.TestCaseExecutor.execute(TestCaseExecutor.java:285)
	at com.kms.katalon.core.common.CommonExecutor.accessTestCaseMainPhase(CommonExecutor.java:65)
	at com.kms.katalon.core.main.TestSuiteExecutor.accessTestSuiteMainPhase(TestSuiteExecutor.java:150)
	at com.kms.katalon.core.main.TestSuiteExecutor.execute(TestSuiteExecutor.java:106)
	at com.kms.katalon.core.main.TestCaseMain.startTestSuite(TestCaseMain.java:180)
	at com.kms.katalon.core.main.TestCaseMain$startTestSuite$0.call(Unknown Source)
	at TempTestSuite1761139103004.run(TempTestSuite1761139103004.groovy:35)
	at java.base/jdk.internal.reflect.NativeMethodAccessorImpl.invoke0(Native Method)
	at java.base/jdk.internal.reflect.NativeMethodAccessorImpl.invoke(NativeMethodAccessorImpl.java:77)
	at java.base/jdk.internal.reflect.DelegatingMethodAccessorImpl.invoke(DelegatingMethodAccessorImpl.java:43)
)

22-10-2025T11:11:50 - [TEST_STEP][PASSED] - click(findTestObject("TripFocus/Order Templates/Order Templates_tab")): Object: 'Object Repository/TripFocus/Order Templates/Order Templates_tab' is clicked on

22-10-2025T11:11:50 - [MESSAGE][PASSED] - Object: 'Object Repository/TripFocus/Order Templates/Order Templates_tab' is clicked on

22-10-2025T11:11:50 - [TEST_STEP][PASSED] - delay(12): Delayed 12 second(s)

22-10-2025T11:12:02 - [MESSAGE][PASSED] - Delayed 12 second(s)

22-10-2025T11:12:02 - [TEST_STEP][FAILED] - click(findTestObject("TripFocus/Order Templates/Delete_Template_btn")): Unable to click on object 'Object Repository/TripFocus/Order Templates/Delete_Template_btn' (Root cause: com.kms.katalon.core.exception.StepFailedException: Unable to click on object 'Object Repository/TripFocus/Order Templates/Delete_Template_btn'
	at com.kms.katalon.core.webui.keyword.internal.WebUIKeywordMain.stepFailed(WebUIKeywordMain.groovy:117)
	at com.kms.katalon.core.webui.keyword.internal.WebUIKeywordMain.runKeyword(WebUIKeywordMain.groovy:43)
	at com.kms.katalon.core.webui.keyword.builtin.ClickKeyword.click(ClickKeyword.groovy:74)
	at com.kms.katalon.core.webui.keyword.builtin.ClickKeyword.execute(ClickKeyword.groovy:40)
	at com.kms.katalon.core.keyword.internal.KeywordExecutor.executeKeywordForPlatform(KeywordExecutor.groovy:74)
	at com.kms.katalon.core.webui.keyword.WebUiBuiltInKeywords.click(WebUiBuiltInKeywords.groovy:659)
	at com.kms.katalon.core.webui.keyword.WebUiBuiltInKeywords$click$2.call(Unknown Source)
	at Delete Template.run(Delete Template:50)
	at com.kms.katalon.core.main.ScriptEngine.run(ScriptEngine.java:194)
	at com.kms.katalon.core.main.ScriptEngine.runScriptAsRawText(ScriptEngine.java:119)
	at com.kms.katalon.core.main.TestCaseExecutor.runScript(TestCaseExecutor.java:448)
	at com.kms.katalon.core.main.TestCaseExecutor.doExecute(TestCaseExecutor.java:439)
	at com.kms.katalon.core.main.TestCaseExecutor.processExecutionPhase(TestCaseExecutor.java:418)
	at com.kms.katalon.core.main.TestCaseExecutor.accessMainPhase(TestCaseExecutor.java:410)
	at com.kms.katalon.core.main.TestCaseExecutor.execute(TestCaseExecutor.java:285)
	at com.kms.katalon.core.common.CommonExecutor.accessTestCaseMainPhase(CommonExecutor.java:65)
	at com.kms.katalon.core.main.TestSuiteExecutor.accessTestSuiteMainPhase(TestSuiteExecutor.java:150)
	at com.kms.katalon.core.main.TestSuiteExecutor.execute(TestSuiteExecutor.java:106)
	at com.kms.katalon.core.main.TestCaseMain.startTestSuite(TestCaseMain.java:180)
	at com.kms.katalon.core.main.TestCaseMain$startTestSuite$0.call(Unknown Source)
	at TempTestSuite1761139103004.run(TempTestSuite1761139103004.groovy:35)
	at java.base/jdk.internal.reflect.NativeMethodAccessorImpl.invoke0(Native Method)
	at java.base/jdk.internal.reflect.NativeMethodAccessorImpl.invoke(NativeMethodAccessorImpl.java:77)
	at java.base/jdk.internal.reflect.DelegatingMethodAccessorImpl.invoke(DelegatingMethodAccessorImpl.java:43)
Caused by: com.kms.katalon.core.webui.exception.WebElementNotFoundException: Web element with id: 'Object Repository/TripFocus/Order Templates/Delete_Template_btn' located by '/html/body/div/div[2]/div/main/div/section/div[4]/div/div/div[3]/div[1]/div/div/div[2]/div[4]/div[1]/button' not found
	at com.kms.katalon.core.webui.common.WebUiCommonHelper.findWebElement(WebUiCommonHelper.java:1423)
	at com.kms.katalon.core.webui.keyword.internal.WebUIAbstractKeyword.findWebElement(WebUIAbstractKeyword.groovy:27)
	at com.kms.katalon.core.webui.keyword.builtin.ClickKeyword$_click_closure1.doCall(ClickKeyword.groovy:65)
	at com.kms.katalon.core.webui.keyword.builtin.ClickKeyword$_click_closure1.call(ClickKeyword.groovy)
	at com.kms.katalon.core.webui.keyword.internal.WebUIKeywordMain.runKeyword(WebUIKeywordMain.groovy:35)
	at com.kms.katalon.core.webui.keyword.builtin.ClickKeyword.click(ClickKeyword.groovy:74)
	at com.kms.katalon.core.webui.keyword.builtin.ClickKeyword.execute(ClickKeyword.groovy:40)
	at com.kms.katalon.core.keyword.internal.KeywordExecutor.executeKeywordForPlatform(KeywordExecutor.groovy:74)
	at com.kms.katalon.core.webui.keyword.WebUiBuiltInKeywords.click(WebUiBuiltInKeywords.groovy:659)
	at com.kms.katalon.core.webui.keyword.WebUiBuiltInKeywords$click$2.call(Unknown Source)
	at Script1745596400576.run(Script1745596400576.groovy:50)
	... 16 more
)

22-10-2025T11:12:18 - [MESSAGE][INFO] - Unable to find the element located by 'By.xpath: /html/body/div/div[2]/div/main/div/section/div[4]/div/div/div[3]/div[1]/div/div/div[2]/div[4]/div[1]/button'. Please recheck the objects properties to make sure the desired element is located. 

22-10-2025T11:12:18 - [MESSAGE][WARNING] - [SELF-HEALING] Failed to find element with id 'Object Repository/TripFocus/Order Templates/Delete_Template_btn'. Try using Self-healing.

22-10-2025T11:12:19 - [MESSAGE][INFO] - [SELF-HEALING] No working XPath is found.

22-10-2025T11:12:21 - [MESSAGE][INFO] - Unable to find the element located by 'By.xpath: '. Please recheck the objects properties to make sure the desired element is located. 

22-10-2025T11:12:21 - [MESSAGE][WARNING] - [SELF-HEALING] Cannot find elements when the selector is null

22-10-2025T11:12:21 - [MESSAGE][FAILED] - Unable to click on object 'Object Repository/TripFocus/Order Templates/Delete_Template_btn' (Root cause: com.kms.katalon.core.exception.StepFailedException: Unable to click on object 'Object Repository/TripFocus/Order Templates/Delete_Template_btn'
	at com.kms.katalon.core.webui.keyword.internal.WebUIKeywordMain.stepFailed(WebUIKeywordMain.groovy:117)
	at com.kms.katalon.core.webui.keyword.internal.WebUIKeywordMain.runKeyword(WebUIKeywordMain.groovy:43)
	at com.kms.katalon.core.webui.keyword.builtin.ClickKeyword.click(ClickKeyword.groovy:74)
	at com.kms.katalon.core.webui.keyword.builtin.ClickKeyword.execute(ClickKeyword.groovy:40)
	at com.kms.katalon.core.keyword.internal.KeywordExecutor.executeKeywordForPlatform(KeywordExecutor.groovy:74)
	at com.kms.katalon.core.webui.keyword.WebUiBuiltInKeywords.click(WebUiBuiltInKeywords.groovy:659)
	at com.kms.katalon.core.webui.keyword.WebUiBuiltInKeywords$click$2.call(Unknown Source)
	at Delete Template.run(Delete Template:50)
	at com.kms.katalon.core.main.ScriptEngine.run(ScriptEngine.java:194)
	at com.kms.katalon.core.main.ScriptEngine.runScriptAsRawText(ScriptEngine.java:119)
	at com.kms.katalon.core.main.TestCaseExecutor.runScript(TestCaseExecutor.java:448)
	at com.kms.katalon.core.main.TestCaseExecutor.doExecute(TestCaseExecutor.java:439)
	at com.kms.katalon.core.main.TestCaseExecutor.processExecutionPhase(TestCaseExecutor.java:418)
	at com.kms.katalon.core.main.TestCaseExecutor.accessMainPhase(TestCaseExecutor.java:410)
	at com.kms.katalon.core.main.TestCaseExecutor.execute(TestCaseExecutor.java:285)
	at com.kms.katalon.core.common.CommonExecutor.accessTestCaseMainPhase(CommonExecutor.java:65)
	at com.kms.katalon.core.main.TestSuiteExecutor.accessTestSuiteMainPhase(TestSuiteExecutor.java:150)
	at com.kms.katalon.core.main.TestSuiteExecutor.execute(TestSuiteExecutor.java:106)
	at com.kms.katalon.core.main.TestCaseMain.startTestSuite(TestCaseMain.java:180)
	at com.kms.katalon.core.main.TestCaseMain$startTestSuite$0.call(Unknown Source)
	at TempTestSuite1761139103004.run(TempTestSuite1761139103004.groovy:35)
	at java.base/jdk.internal.reflect.NativeMethodAccessorImpl.invoke0(Native Method)
	at java.base/jdk.internal.reflect.NativeMethodAccessorImpl.invoke(NativeMethodAccessorImpl.java:77)
	at java.base/jdk.internal.reflect.DelegatingMethodAccessorImpl.invoke(DelegatingMethodAccessorImpl.java:43)
Caused by: com.kms.katalon.core.webui.exception.WebElementNotFoundException: Web element with id: 'Object Repository/TripFocus/Order Templates/Delete_Template_btn' located by '/html/body/div/div[2]/div/main/div/section/div[4]/div/div/div[3]/div[1]/div/div/div[2]/div[4]/div[1]/button' not found
	at com.kms.katalon.core.webui.common.WebUiCommonHelper.findWebElement(WebUiCommonHelper.java:1423)
	at com.kms.katalon.core.webui.keyword.internal.WebUIAbstractKeyword.findWebElement(WebUIAbstractKeyword.groovy:27)
	at com.kms.katalon.core.webui.keyword.builtin.ClickKeyword$_click_closure1.doCall(ClickKeyword.groovy:65)
	at com.kms.katalon.core.webui.keyword.builtin.ClickKeyword$_click_closure1.call(ClickKeyword.groovy)
	at com.kms.katalon.core.webui.keyword.internal.WebUIKeywordMain.runKeyword(WebUIKeywordMain.groovy:35)
	at com.kms.katalon.core.webui.keyword.builtin.ClickKeyword.click(ClickKeyword.groovy:74)
	at com.kms.katalon.core.webui.keyword.builtin.ClickKeyword.execute(ClickKeyword.groovy:40)
	at com.kms.katalon.core.keyword.internal.KeywordExecutor.executeKeywordForPlatform(KeywordExecutor.groovy:74)
	at com.kms.katalon.core.webui.keyword.WebUiBuiltInKeywords.click(WebUiBuiltInKeywords.groovy:659)
	at com.kms.katalon.core.webui.keyword.WebUiBuiltInKeywords$click$2.call(Unknown Source)
	at Script1745596400576.run(Script1745596400576.groovy:50)
	... 16 more
)

22-10-2025T11:12:21 - [TEST_STEP][PASSED] - Start listener action : retryOnDisconnect: Current window's url is: 'https://www.qa.tripfocus.com/order-templates'

22-10-2025T11:12:21 - [TEST_STEP][PASSED] - tcId = testCaseContext.getTestCaseId(): null

22-10-2025T11:12:21 - [TEST_STEP][PASSED] - currentRetry = retryCounts.getOrDefault(tcId, 0): null

22-10-2025T11:12:21 - [TEST_STEP][PASSED] - if (testCaseContext.getTestCaseStatus() == "FAILED" && currentRetry < MAX_RETRIES): Current window's url is: 'https://www.qa.tripfocus.com/order-templates'

22-10-2025T11:12:21 - [TEST_STEP][PASSED] - try: Current window's url is: 'https://www.qa.tripfocus.com/order-templates'

22-10-2025T11:12:21 - [TEST_STEP][PASSED] - comment(Checking for WebDriver disconnect for test case: $tcId): Checking for WebDriver disconnect for test case: Test Cases/TripFocus/SPG/SPG - Templates/Delete Template

22-10-2025T11:12:21 - [MESSAGE][INFO] - Checking for WebDriver disconnect for test case: Test Cases/TripFocus/SPG/SPG - Templates/Delete Template

22-10-2025T11:12:21 - [TEST_STEP][PASSED] - getUrl(): Current window's url is: 'https://www.qa.tripfocus.com/order-templates'

22-10-2025T11:12:21 - [MESSAGE][PASSED] - Current window's url is: 'https://www.qa.tripfocus.com/order-templates']]></system-out>
         <system-err><![CDATA[22-10-2025T11:11:09 - [TEST_CASE][FAILED] - Test Cases/TripFocus/SPG/SPG - Templates/Delete Template: Test Cases/TripFocus/SPG/SPG - Templates/Delete Template FAILED.
Reason:
com.kms.katalon.core.exception.StepFailedException: Unable to click on object 'Object Repository/TripFocus/Order Templates/Delete_Template_btn'
	at com.kms.katalon.core.webui.keyword.internal.WebUIKeywordMain.stepFailed(WebUIKeywordMain.groovy:117)
	at com.kms.katalon.core.webui.keyword.internal.WebUIKeywordMain.runKeyword(WebUIKeywordMain.groovy:43)
	at com.kms.katalon.core.webui.keyword.builtin.ClickKeyword.click(ClickKeyword.groovy:74)
	at com.kms.katalon.core.webui.keyword.builtin.ClickKeyword.execute(ClickKeyword.groovy:40)
	at com.kms.katalon.core.keyword.internal.KeywordExecutor.executeKeywordForPlatform(KeywordExecutor.groovy:74)
	at com.kms.katalon.core.webui.keyword.WebUiBuiltInKeywords.click(WebUiBuiltInKeywords.groovy:659)
	at com.kms.katalon.core.webui.keyword.WebUiBuiltInKeywords$click$2.call(Unknown Source)
	at Delete Template.run(Delete Template:50)
	at com.kms.katalon.core.main.ScriptEngine.run(ScriptEngine.java:194)
	at com.kms.katalon.core.main.ScriptEngine.runScriptAsRawText(ScriptEngine.java:119)
	at com.kms.katalon.core.main.TestCaseExecutor.runScript(TestCaseExecutor.java:448)
	at com.kms.katalon.core.main.TestCaseExecutor.doExecute(TestCaseExecutor.java:439)
	at com.kms.katalon.core.main.TestCaseExecutor.processExecutionPhase(TestCaseExecutor.java:418)
	at com.kms.katalon.core.main.TestCaseExecutor.accessMainPhase(TestCaseExecutor.java:410)
	at com.kms.katalon.core.main.TestCaseExecutor.execute(TestCaseExecutor.java:285)
	at com.kms.katalon.core.common.CommonExecutor.accessTestCaseMainPhase(CommonExecutor.java:65)
	at com.kms.katalon.core.main.TestSuiteExecutor.accessTestSuiteMainPhase(TestSuiteExecutor.java:150)
	at com.kms.katalon.core.main.TestSuiteExecutor.execute(TestSuiteExecutor.java:106)
	at com.kms.katalon.core.main.TestCaseMain.startTestSuite(TestCaseMain.java:180)
	at com.kms.katalon.core.main.TestCaseMain$startTestSuite$0.call(Unknown Source)
	at TempTestSuite1761139103004.run(TempTestSuite1761139103004.groovy:35)
	at java.base/jdk.internal.reflect.NativeMethodAccessorImpl.invoke0(Native Method)
	at java.base/jdk.internal.reflect.NativeMethodAccessorImpl.invoke(NativeMethodAccessorImpl.java:77)
	at java.base/jdk.internal.reflect.DelegatingMethodAccessorImpl.invoke(DelegatingMethodAccessorImpl.java:43)
Caused by: com.kms.katalon.core.webui.exception.WebElementNotFoundException: Web element with id: 'Object Repository/TripFocus/Order Templates/Delete_Template_btn' located by '/html/body/div/div[2]/div/main/div/section/div[4]/div/div/div[3]/div[1]/div/div/div[2]/div[4]/div[1]/button' not found
	at com.kms.katalon.core.webui.common.WebUiCommonHelper.findWebElement(WebUiCommonHelper.java:1423)
	at com.kms.katalon.core.webui.keyword.internal.WebUIAbstractKeyword.findWebElement(WebUIAbstractKeyword.groovy:27)
	at com.kms.katalon.core.webui.keyword.builtin.ClickKeyword$_click_closure1.doCall(ClickKeyword.groovy:65)
	at com.kms.katalon.core.webui.keyword.builtin.ClickKeyword$_click_closure1.call(ClickKeyword.groovy)
	at com.kms.katalon.core.webui.keyword.internal.WebUIKeywordMain.runKeyword(WebUIKeywordMain.groovy:35)
	... 22 more]]></system-err>
      </testcase>
      <system-out><![CDATA[22-10-2025T10:50:31 - [TEST_SUITE][FAILED] - SPG - TripFocus - Templates: Test Cases/TripFocus/SPG/SPG - Templates/Creating Order From Template FAILED.
Reason:
com.kms.katalon.core.exception.StepFailedException: Verify element text of test object 'Object Repository/TripFocus/Orders/Create New Order/Order Submitted Successfully Message' FAILED.
	at com.kms.katalon.core.webui.keyword.internal.WebUIKeywordMain.stepFailed(WebUIKeywordMain.groovy:117)
	at com.kms.katalon.core.webui.keyword.internal.WebUIKeywordMain.runKeyword(WebUIKeywordMain.groovy:43)
	at com.kms.katalon.core.webui.keyword.builtin.VerifyElementTextKeyword.verifyElementText(VerifyElementTextKeyword.groovy:72)
	at com.kms.katalon.core.webui.keyword.builtin.VerifyElementTextKeyword.execute(VerifyElementTextKeyword.groovy:40)
	at com.kms.katalon.core.keyword.internal.KeywordExecutor.executeKeywordForPlatform(KeywordExecutor.groovy:74)
	at com.kms.katalon.core.webui.keyword.WebUiBuiltInKeywords.verifyElementText(WebUiBuiltInKeywords.groovy:4835)
	at com.kms.katalon.core.webui.keyword.WebUiBuiltInKeywords$verifyElementText$7.call(Unknown Source)
	at Creating Order From Template.run(Creating Order From Template:74)
	at com.kms.katalon.core.main.ScriptEngine.run(ScriptEngine.java:194)
	at com.kms.katalon.core.main.ScriptEngine.runScriptAsRawText(ScriptEngine.java:119)
	at com.kms.katalon.core.main.TestCaseExecutor.runScript(TestCaseExecutor.java:448)
	at com.kms.katalon.core.main.TestCaseExecutor.doExecute(TestCaseExecutor.java:439)
	at com.kms.katalon.core.main.TestCaseExecutor.processExecutionPhase(TestCaseExecutor.java:418)
	at com.kms.katalon.core.main.TestCaseExecutor.accessMainPhase(TestCaseExecutor.java:410)
	at com.kms.katalon.core.main.TestCaseExecutor.execute(TestCaseExecutor.java:285)
	at com.kms.katalon.core.common.CommonExecutor.accessTestCaseMainPhase(CommonExecutor.java:65)
	at com.kms.katalon.core.main.TestSuiteExecutor.accessTestSuiteMainPhase(TestSuiteExecutor.java:150)
	at com.kms.katalon.core.main.TestSuiteExecutor.execute(TestSuiteExecutor.java:106)
	at com.kms.katalon.core.main.TestCaseMain.startTestSuite(TestCaseMain.java:180)
	at com.kms.katalon.core.main.TestCaseMain$startTestSuite$0.call(Unknown Source)
	at TempTestSuite1761139103004.run(TempTestSuite1761139103004.groovy:35)
	at java.base/jdk.internal.reflect.NativeMethodAccessorImpl.invoke0(Native Method)
	at java.base/jdk.internal.reflect.NativeMethodAccessorImpl.invoke(NativeMethodAccessorImpl.java:77)
	at java.base/jdk.internal.reflect.DelegatingMethodAccessorImpl.invoke(DelegatingMethodAccessorImpl.java:43)
Caused by: com.kms.katalon.core.exception.StepFailedException: Actual text '' and expected text 'Order Submitted Successfully' of test object 'Object Repository/TripFocus/Orders/Create New Order/Order Submitted Successfully Message' are NOT matched.
	at com.kms.katalon.core.webui.keyword.internal.WebUIKeywordMain.stepFailed(WebUIKeywordMain.groovy:117)
	at com.kms.katalon.core.webui.keyword.builtin.VerifyElementTextKeyword$_verifyElementText_closure1.doCall(VerifyElementTextKeyword.groovy:57)
	at com.kms.katalon.core.webui.keyword.builtin.VerifyElementTextKeyword$_verifyElementText_closure1.call(VerifyElementTextKeyword.groovy)
	at com.kms.katalon.core.webui.keyword.internal.WebUIKeywordMain.runKeyword(WebUIKeywordMain.groovy:35)
	... 22 more]]></system-out>
      <system-err><![CDATA[22-10-2025T10:50:31 - [TEST_SUITE][FAILED] - SPG - TripFocus - Templates: Test Cases/TripFocus/SPG/SPG - Templates/Creating Order From Template FAILED.
Reason:
com.kms.katalon.core.exception.StepFailedException: Verify element text of test object 'Object Repository/TripFocus/Orders/Create New Order/Order Submitted Successfully Message' FAILED.
	at com.kms.katalon.core.webui.keyword.internal.WebUIKeywordMain.stepFailed(WebUIKeywordMain.groovy:117)
	at com.kms.katalon.core.webui.keyword.internal.WebUIKeywordMain.runKeyword(WebUIKeywordMain.groovy:43)
	at com.kms.katalon.core.webui.keyword.builtin.VerifyElementTextKeyword.verifyElementText(VerifyElementTextKeyword.groovy:72)
	at com.kms.katalon.core.webui.keyword.builtin.VerifyElementTextKeyword.execute(VerifyElementTextKeyword.groovy:40)
	at com.kms.katalon.core.keyword.internal.KeywordExecutor.executeKeywordForPlatform(KeywordExecutor.groovy:74)
	at com.kms.katalon.core.webui.keyword.WebUiBuiltInKeywords.verifyElementText(WebUiBuiltInKeywords.groovy:4835)
	at com.kms.katalon.core.webui.keyword.WebUiBuiltInKeywords$verifyElementText$7.call(Unknown Source)
	at Creating Order From Template.run(Creating Order From Template:74)
	at com.kms.katalon.core.main.ScriptEngine.run(ScriptEngine.java:194)
	at com.kms.katalon.core.main.ScriptEngine.runScriptAsRawText(ScriptEngine.java:119)
	at com.kms.katalon.core.main.TestCaseExecutor.runScript(TestCaseExecutor.java:448)
	at com.kms.katalon.core.main.TestCaseExecutor.doExecute(TestCaseExecutor.java:439)
	at com.kms.katalon.core.main.TestCaseExecutor.processExecutionPhase(TestCaseExecutor.java:418)
	at com.kms.katalon.core.main.TestCaseExecutor.accessMainPhase(TestCaseExecutor.java:410)
	at com.kms.katalon.core.main.TestCaseExecutor.execute(TestCaseExecutor.java:285)
	at com.kms.katalon.core.common.CommonExecutor.accessTestCaseMainPhase(CommonExecutor.java:65)
	at com.kms.katalon.core.main.TestSuiteExecutor.accessTestSuiteMainPhase(TestSuiteExecutor.java:150)
	at com.kms.katalon.core.main.TestSuiteExecutor.execute(TestSuiteExecutor.java:106)
	at com.kms.katalon.core.main.TestCaseMain.startTestSuite(TestCaseMain.java:180)
	at com.kms.katalon.core.main.TestCaseMain$startTestSuite$0.call(Unknown Source)
	at TempTestSuite1761139103004.run(TempTestSuite1761139103004.groovy:35)
	at java.base/jdk.internal.reflect.NativeMethodAccessorImpl.invoke0(Native Method)
	at java.base/jdk.internal.reflect.NativeMethodAccessorImpl.invoke(NativeMethodAccessorImpl.java:77)
	at java.base/jdk.internal.reflect.DelegatingMethodAccessorImpl.invoke(DelegatingMethodAccessorImpl.java:43)
Caused by: com.kms.katalon.core.exception.StepFailedException: Actual text '' and expected text 'Order Submitted Successfully' of test object 'Object Repository/TripFocus/Orders/Create New Order/Order Submitted Successfully Message' are NOT matched.
	at com.kms.katalon.core.webui.keyword.internal.WebUIKeywordMain.stepFailed(WebUIKeywordMain.groovy:117)
	at com.kms.katalon.core.webui.keyword.builtin.VerifyElementTextKeyword$_verifyElementText_closure1.doCall(VerifyElementTextKeyword.groovy:57)
	at com.kms.katalon.core.webui.keyword.builtin.VerifyElementTextKeyword$_verifyElementText_closure1.call(VerifyElementTextKeyword.groovy)
	at com.kms.katalon.core.webui.keyword.internal.WebUIKeywordMain.runKeyword(WebUIKeywordMain.groovy:35)
	... 22 more]]></system-err>
   </testsuite>
</testsuites>
