<?xml version="1.0" encoding="UTF-8"?>
<testsuites name="Trading Partners Page" time="3892.948" tests="87" failures="11" errors="0">
   <testsuite name="Trading Partners Page" tests="87" failures="11" errors="0" time="3892.948" skipped="0" timestamp="21-10-2025T18:34:40" hostname="DC1ADOBLD01$ - DC1ADOBLD01.thekag.com" id="Test Suites/DES/Trading Partners Page">
      <properties>
         <property name="deviceName" value=""/>
         <property name="devicePlatform"/>
         <property name="logFolder" value="D:\\ADOagent\\vsts-agent-win-x64-2.217.2\\_work\\819\\s\\Reports\\20251021_180125\\DES\\Trading Partners Page\\20251021_180208"/>
         <property name="logFiles" value="D:\\ADOagent\\vsts-agent-win-x64-2.217.2\\_work\\819\\s\\Reports\\20251021_180125\\DES\\Trading Partners Page\\20251021_180208\\execution0.log"/>
         <property name="attachments" value=""/>
         <property name="hostName" value="DC1ADOBLD01$ - DC1ADOBLD01.thekag.com"/>
         <property name="os" value="Windows Server 2019 64bit"/>
         <property name="katalonVersion" value="9.7.5.223"/>
         <property name="browser" value="Chrome 141.0.0.0"/>
         <property name="hostAddress" value="10.2.20.71"/>
         <property name="sessionId" value="59ffb77c0423452c3c787d321db28050"/>
         <property name="seleniumVersion" value="3.141.59"/>
         <property name="proxyInformation" value="ProxyInformation { proxyOption=NO_PROXY, proxyServerType=HTTP, username=, password=********, proxyServerAddress=, proxyServerPort=0, executionList=&quot;&quot;, isApplyToDesiredCapabilities=true }"/>
         <property name="platform" value="Windows Server 2019"/>
      </properties>
      <testcase name="Test Cases/DES/Trading Partners Page/Verify Can Not Create Duplicate Trading Partner" time="32.805" classname="Test Cases/DES/Trading Partners Page/Verify Can Not Create Duplicate Trading Partner" status="PASSED">
         <system-out><![CDATA[21-10-2025T18:34:40 - [TEST_CASE][PASSED] - Test Cases/DES/Trading Partners Page/Verify Can Not Create Duplicate Trading Partner: Test Cases/DES/Trading Partners Page/Verify Can Not Create Duplicate Trading Partner

21-10-2025T18:34:40 - [TEST_STEP][PASSED] - Start listener action : beforeTestCase: null

21-10-2025T18:34:40 - [TEST_STEP][PASSED] - addDefaultPackages(): null

21-10-2025T18:34:40 - [TEST_STEP][PASSED] - callTestCase(findTestCase("DES/DES Login"), [:], STOP_ON_FAILURE): Call Test Case 'Test Cases/DES/DES Login' successfully

21-10-2025T18:34:40 - [TEST_CASE][PASSED] - Test Cases/DES/DES Login: Test Cases/DES/DES Login

21-10-2025T18:34:40 - [TEST_STEP][PASSED] - openBrowser(""): Browser is opened with url: ''

21-10-2025T18:34:41 - [MESSAGE][INFO] - Starting 'Chrome' driver

21-10-2025T18:34:41 - [MESSAGE][INFO] - User set preference: ['args', '[--no-sandbox, --disable-gpu, --disable-dev-shm-usage]']

21-10-2025T18:34:41 - [MESSAGE][INFO] - Action delay is set to 0 milliseconds

21-10-2025T18:34:43 - [MESSAGE][PASSED] - Browser is opened with url: ''

21-10-2025T18:34:43 - [TEST_STEP][PASSED] - maximizeWindow(): Current window maximized

21-10-2025T18:34:43 - [MESSAGE][PASSED] - Current window maximized

21-10-2025T18:34:43 - [TEST_STEP][PASSED] - delay(10): Delayed 10 second(s)

21-10-2025T18:34:53 - [MESSAGE][PASSED] - Delayed 10 second(s)

21-10-2025T18:34:53 - [TEST_STEP][PASSED] - navigateToUrl("https://dx-portal.qa.thekag.com/"): Navigate to 'https://dx-portal.qa.thekag.com/' successfully

21-10-2025T18:34:53 - [MESSAGE][PASSED] - Navigate to 'https://dx-portal.qa.thekag.com/' successfully

21-10-2025T18:34:53 - [TEST_STEP][PASSED] - delay(5): Delayed 5 second(s)

21-10-2025T18:34:58 - [MESSAGE][PASSED] - Delayed 5 second(s)

21-10-2025T18:34:58 - [TEST_STEP][PASSED] - setText(findTestObject("Object Repository/Page_IdentityServer4/input_Username (e.g. email address)_Username"), "Chris.Sheldon+DES_QA@Thekag.com"): Text 'Chris.Sheldon+DES_QA@Thekag.com' is set on object 'Object Repository/Page_IdentityServer4/input_Username (e.g. email address)_Username'

21-10-2025T18:34:58 - [MESSAGE][PASSED] - Text 'Chris.Sheldon+DES_QA@Thekag.com' is set on object 'Object Repository/Page_IdentityServer4/input_Username (e.g. email address)_Username'

21-10-2025T18:34:58 - [TEST_STEP][PASSED] - setEncryptedText(findTestObject("Page_IdentityServer4/input_Password_Password"), "BtpyPJuZxPz9EFo3Zi2c4Q=="): Text ****** has been set on object 'Object Repository/Page_IdentityServer4/input_Password_Password'

21-10-2025T18:34:59 - [MESSAGE][PASSED] - Text ****** has been set on object 'Object Repository/Page_IdentityServer4/input_Password_Password'

21-10-2025T18:34:59 - [TEST_STEP][PASSED] - click(findTestObject("Object Repository/Page_IdentityServer4/button_Login")): Object: 'Object Repository/Page_IdentityServer4/button_Login' is clicked on

21-10-2025T18:34:59 - [MESSAGE][PASSED] - Object: 'Object Repository/Page_IdentityServer4/button_Login' is clicked on

21-10-2025T18:34:59 - [TEST_STEP][PASSED] - delay(5): Delayed 5 second(s)

21-10-2025T18:35:04 - [MESSAGE][PASSED] - Delayed 5 second(s)

21-10-2025T18:35:04 - [MESSAGE][PASSED] - Call Test Case 'Test Cases/DES/DES Login' successfully

21-10-2025T18:35:04 - [TEST_STEP][PASSED] - click(findTestObject("DES/Trading Partners Page/Add New Trading Partner_btn")): Object: 'Object Repository/DES/Trading Partners Page/Add New Trading Partner_btn' is clicked on

21-10-2025T18:35:04 - [MESSAGE][PASSED] - Object: 'Object Repository/DES/Trading Partners Page/Add New Trading Partner_btn' is clicked on

21-10-2025T18:35:04 - [TEST_STEP][PASSED] - delay(2): Delayed 2 second(s)

21-10-2025T18:35:06 - [MESSAGE][PASSED] - Delayed 2 second(s)

21-10-2025T18:35:06 - [TEST_STEP][PASSED] - setText(findTestObject("DES/Trading Partners Page/Add New Trading Partner_txt"), "Katalon Trading Partner"): Text 'Katalon Trading Partner' is set on object 'Object Repository/DES/Trading Partners Page/Add New Trading Partner_txt'

21-10-2025T18:35:06 - [MESSAGE][PASSED] - Text 'Katalon Trading Partner' is set on object 'Object Repository/DES/Trading Partners Page/Add New Trading Partner_txt'

21-10-2025T18:35:06 - [TEST_STEP][PASSED] - delay(2): Delayed 2 second(s)

21-10-2025T18:35:08 - [MESSAGE][PASSED] - Delayed 2 second(s)

21-10-2025T18:35:08 - [TEST_STEP][PASSED] - click(findTestObject("DES/Trading Partners Page/Add New Trading Partner Save_btn")): Object: 'Object Repository/DES/Trading Partners Page/Add New Trading Partner Save_btn' is clicked on

21-10-2025T18:35:08 - [MESSAGE][PASSED] - Object: 'Object Repository/DES/Trading Partners Page/Add New Trading Partner Save_btn' is clicked on

21-10-2025T18:35:08 - [TEST_STEP][PASSED] - delay(2): Delayed 2 second(s)

21-10-2025T18:35:10 - [MESSAGE][PASSED] - Delayed 2 second(s)

21-10-2025T18:35:10 - [TEST_STEP][PASSED] - click(findTestObject("DES/Trading Partners Page/Add New Trading Partner Confirm Window Save_btn")): Object: 'Object Repository/DES/Trading Partners Page/Add New Trading Partner Confirm Window Save_btn' is clicked on

21-10-2025T18:35:11 - [MESSAGE][PASSED] - Object: 'Object Repository/DES/Trading Partners Page/Add New Trading Partner Confirm Window Save_btn' is clicked on

21-10-2025T18:35:11 - [TEST_STEP][PASSED] - delay(2): Delayed 2 second(s)

21-10-2025T18:35:13 - [MESSAGE][PASSED] - Delayed 2 second(s)

21-10-2025T18:35:13 - [TEST_STEP][PASSED] - verifyTextPresent("Customer with name: Katalon Trading Partner already exists.", false): Text 'Customer with name: Katalon Trading Partner already exists.' is present on page 

21-10-2025T18:35:13 - [MESSAGE][PASSED] - Text 'Customer with name: Katalon Trading Partner already exists.' is present on page 

21-10-2025T18:35:13 - [TEST_STEP][PASSED] - closeBrowser(): Browser is closed

21-10-2025T18:35:13 - [MESSAGE][PASSED] - Browser is closed

21-10-2025T18:35:13 - [TEST_STEP][PASSED] - Start listener action : retryOnDisconnect: null

21-10-2025T18:35:13 - [TEST_STEP][PASSED] - tcId = testCaseContext.getTestCaseId(): null

21-10-2025T18:35:13 - [TEST_STEP][PASSED] - currentRetry = retryCounts.getOrDefault(tcId, 0): null

21-10-2025T18:35:13 - [TEST_STEP][PASSED] - if (testCaseContext.getTestCaseStatus() == "FAILED" && currentRetry < MAX_RETRIES): null]]></system-out>
         <system-err><![CDATA[]]></system-err>
      </testcase>
      <testcase name="Test Cases/DES/Trading Partners Page/Details/Accessing Subscription Page Through Overview Button" time="32.984" classname="Test Cases/DES/Trading Partners Page/Details/Accessing Subscription Page Through Overview Button" status="PASSED">
         <system-out><![CDATA[21-10-2025T18:35:13 - [TEST_CASE][PASSED] - Test Cases/DES/Trading Partners Page/Details/Accessing Subscription Page Through Overview Button: Test Cases/DES/Trading Partners Page/Details/Accessing Subscription Page Through Overview Button

21-10-2025T18:35:13 - [TEST_STEP][PASSED] - Start listener action : beforeTestCase: null

21-10-2025T18:35:13 - [TEST_STEP][PASSED] - addDefaultPackages(): null

21-10-2025T18:35:13 - [TEST_STEP][PASSED] - callTestCase(findTestCase("DES/DES Login"), [:], STOP_ON_FAILURE): Call Test Case 'Test Cases/DES/DES Login' successfully

21-10-2025T18:35:13 - [TEST_CASE][PASSED] - Test Cases/DES/DES Login: Test Cases/DES/DES Login

21-10-2025T18:35:13 - [TEST_STEP][PASSED] - openBrowser(""): Browser is opened with url: ''

21-10-2025T18:35:13 - [MESSAGE][INFO] - Starting 'Chrome' driver

21-10-2025T18:35:13 - [MESSAGE][INFO] - User set preference: ['args', '[--no-sandbox, --disable-gpu, --disable-dev-shm-usage]']

21-10-2025T18:35:13 - [MESSAGE][INFO] - Action delay is set to 0 milliseconds

21-10-2025T18:35:14 - [MESSAGE][PASSED] - Browser is opened with url: ''

21-10-2025T18:35:14 - [TEST_STEP][PASSED] - maximizeWindow(): Current window maximized

21-10-2025T18:35:14 - [MESSAGE][PASSED] - Current window maximized

21-10-2025T18:35:14 - [TEST_STEP][PASSED] - delay(10): Delayed 10 second(s)

21-10-2025T18:35:24 - [MESSAGE][PASSED] - Delayed 10 second(s)

21-10-2025T18:35:24 - [TEST_STEP][PASSED] - navigateToUrl("https://dx-portal.qa.thekag.com/"): Navigate to 'https://dx-portal.qa.thekag.com/' successfully

21-10-2025T18:35:25 - [MESSAGE][PASSED] - Navigate to 'https://dx-portal.qa.thekag.com/' successfully

21-10-2025T18:35:25 - [TEST_STEP][PASSED] - delay(5): Delayed 5 second(s)

21-10-2025T18:35:30 - [MESSAGE][PASSED] - Delayed 5 second(s)

21-10-2025T18:35:30 - [TEST_STEP][PASSED] - setText(findTestObject("Object Repository/Page_IdentityServer4/input_Username (e.g. email address)_Username"), "Chris.Sheldon+DES_QA@Thekag.com"): Text 'Chris.Sheldon+DES_QA@Thekag.com' is set on object 'Object Repository/Page_IdentityServer4/input_Username (e.g. email address)_Username'

21-10-2025T18:35:30 - [MESSAGE][PASSED] - Text 'Chris.Sheldon+DES_QA@Thekag.com' is set on object 'Object Repository/Page_IdentityServer4/input_Username (e.g. email address)_Username'

21-10-2025T18:35:30 - [TEST_STEP][PASSED] - setEncryptedText(findTestObject("Page_IdentityServer4/input_Password_Password"), "BtpyPJuZxPz9EFo3Zi2c4Q=="): Text ****** has been set on object 'Object Repository/Page_IdentityServer4/input_Password_Password'

21-10-2025T18:35:30 - [MESSAGE][PASSED] - Text ****** has been set on object 'Object Repository/Page_IdentityServer4/input_Password_Password'

21-10-2025T18:35:30 - [TEST_STEP][PASSED] - click(findTestObject("Object Repository/Page_IdentityServer4/button_Login")): Object: 'Object Repository/Page_IdentityServer4/button_Login' is clicked on

21-10-2025T18:35:30 - [MESSAGE][PASSED] - Object: 'Object Repository/Page_IdentityServer4/button_Login' is clicked on

21-10-2025T18:35:30 - [TEST_STEP][PASSED] - delay(5): Delayed 5 second(s)

21-10-2025T18:35:35 - [MESSAGE][PASSED] - Delayed 5 second(s)

21-10-2025T18:35:35 - [MESSAGE][PASSED] - Call Test Case 'Test Cases/DES/DES Login' successfully

21-10-2025T18:35:35 - [TEST_STEP][PASSED] - verifyElementClickable(findTestObject("DES/Trading Partners Page/Search Trading Partner_input_txt")): Object 'Object Repository/DES/Trading Partners Page/Search Trading Partner_input_txt' is clickable

21-10-2025T18:35:35 - [MESSAGE][PASSED] - Object 'Object Repository/DES/Trading Partners Page/Search Trading Partner_input_txt' is clickable

21-10-2025T18:35:35 - [TEST_STEP][PASSED] - setText(findTestObject("DES/Trading Partners Page/Search Trading Partner_input_txt"), "Katalon TP"): Text 'Katalon TP' is set on object 'Object Repository/DES/Trading Partners Page/Search Trading Partner_input_txt'

21-10-2025T18:35:35 - [MESSAGE][PASSED] - Text 'Katalon TP' is set on object 'Object Repository/DES/Trading Partners Page/Search Trading Partner_input_txt'

21-10-2025T18:35:35 - [TEST_STEP][PASSED] - delay(5): Delayed 5 second(s)

21-10-2025T18:35:40 - [MESSAGE][PASSED] - Delayed 5 second(s)

21-10-2025T18:35:40 - [TEST_STEP][PASSED] - click(findTestObject("DES/Trading Partners Page/Katalon Trading TP View_btn")): Object: 'Object Repository/DES/Trading Partners Page/Katalon Trading TP View_btn' is clicked on

21-10-2025T18:35:41 - [MESSAGE][PASSED] - Object: 'Object Repository/DES/Trading Partners Page/Katalon Trading TP View_btn' is clicked on

21-10-2025T18:35:41 - [TEST_STEP][PASSED] - verifyElementPresent(findTestObject("DES/Trading Partners Page/Details/Details Tab"), 30): Object 'Object Repository/DES/Trading Partners Page/Details/Details Tab' is present

21-10-2025T18:35:42 - [MESSAGE][PASSED] - Object 'Object Repository/DES/Trading Partners Page/Details/Details Tab' is present

21-10-2025T18:35:42 - [TEST_STEP][PASSED] - verifyElementClickable(findTestObject("DES/Trading Partners Page/Details/Details Tab")): Object 'Object Repository/DES/Trading Partners Page/Details/Details Tab' is clickable

21-10-2025T18:35:42 - [MESSAGE][PASSED] - Object 'Object Repository/DES/Trading Partners Page/Details/Details Tab' is clickable

21-10-2025T18:35:42 - [TEST_STEP][PASSED] - click(findTestObject("DES/Trading Partners Page/Details/Details Tab")): Object: 'Object Repository/DES/Trading Partners Page/Details/Details Tab' is clicked on

21-10-2025T18:35:42 - [MESSAGE][PASSED] - Object: 'Object Repository/DES/Trading Partners Page/Details/Details Tab' is clicked on

21-10-2025T18:35:42 - [TEST_STEP][PASSED] - verifyElementClickable(findTestObject("DES/Trading Partners Page/Details/Inventory Subcription Overview_btn")): Object 'Object Repository/DES/Trading Partners Page/Details/Inventory Subcription Overview_btn' is clickable

21-10-2025T18:35:43 - [MESSAGE][PASSED] - Object 'Object Repository/DES/Trading Partners Page/Details/Inventory Subcription Overview_btn' is clickable

21-10-2025T18:35:43 - [TEST_STEP][PASSED] - click(findTestObject("DES/Trading Partners Page/Details/Inventory Subcription Overview_btn")): Object: 'Object Repository/DES/Trading Partners Page/Details/Inventory Subcription Overview_btn' is clicked on

21-10-2025T18:35:44 - [MESSAGE][PASSED] - Object: 'Object Repository/DES/Trading Partners Page/Details/Inventory Subcription Overview_btn' is clicked on

21-10-2025T18:35:44 - [TEST_STEP][PASSED] - delay(2): Delayed 2 second(s)

21-10-2025T18:35:46 - [MESSAGE][PASSED] - Delayed 2 second(s)

21-10-2025T18:35:46 - [TEST_STEP][PASSED] - verifyElementText(findTestObject("DES/Trading Partners Page/Subscription/Katalon TP_lbl"), "Trading Partners - Katalon TP"): Actual text and expected text of test object 'Object Repository/DES/Trading Partners Page/Subscription/Katalon TP_lbl' are matched.

21-10-2025T18:35:46 - [MESSAGE][PASSED] - Actual text and expected text of test object 'Object Repository/DES/Trading Partners Page/Subscription/Katalon TP_lbl' are matched.

21-10-2025T18:35:46 - [TEST_STEP][PASSED] - verifyElementText(findTestObject("DES/Trading Partners Page/Subscription/Katalon TP Inventory Subscription_lbl"), "Inventory Management (Inventory)"): Actual text and expected text of test object 'Object Repository/DES/Trading Partners Page/Subscription/Katalon TP Inventory Subscription_lbl' are matched.

21-10-2025T18:35:46 - [MESSAGE][PASSED] - Actual text and expected text of test object 'Object Repository/DES/Trading Partners Page/Subscription/Katalon TP Inventory Subscription_lbl' are matched.

21-10-2025T18:35:46 - [TEST_STEP][PASSED] - closeBrowser(): Browser is closed

21-10-2025T18:35:46 - [MESSAGE][PASSED] - Browser is closed

21-10-2025T18:35:46 - [TEST_STEP][PASSED] - Start listener action : retryOnDisconnect: null

21-10-2025T18:35:46 - [TEST_STEP][PASSED] - tcId = testCaseContext.getTestCaseId(): null

21-10-2025T18:35:46 - [TEST_STEP][PASSED] - currentRetry = retryCounts.getOrDefault(tcId, 0): null

21-10-2025T18:35:46 - [TEST_STEP][PASSED] - if (testCaseContext.getTestCaseStatus() == "FAILED" && currentRetry < MAX_RETRIES): null]]></system-out>
         <system-err><![CDATA[]]></system-err>
      </testcase>
      <testcase name="Test Cases/DES/Trading Partners Page/Details/Add Contact Information" time="33.015" classname="Test Cases/DES/Trading Partners Page/Details/Add Contact Information" status="PASSED">
         <system-out><![CDATA[21-10-2025T18:35:46 - [TEST_CASE][PASSED] - Test Cases/DES/Trading Partners Page/Details/Add Contact Information: Test Cases/DES/Trading Partners Page/Details/Add Contact Information

21-10-2025T18:35:46 - [TEST_STEP][PASSED] - Start listener action : beforeTestCase: null

21-10-2025T18:35:46 - [TEST_STEP][PASSED] - addDefaultPackages(): null

21-10-2025T18:35:46 - [TEST_STEP][PASSED] - callTestCase(findTestCase("DES/DES Login"), [:], STOP_ON_FAILURE): Call Test Case 'Test Cases/DES/DES Login' successfully

21-10-2025T18:35:46 - [TEST_CASE][PASSED] - Test Cases/DES/DES Login: Test Cases/DES/DES Login

21-10-2025T18:35:46 - [TEST_STEP][PASSED] - openBrowser(""): Browser is opened with url: ''

21-10-2025T18:35:46 - [MESSAGE][INFO] - Starting 'Chrome' driver

21-10-2025T18:35:46 - [MESSAGE][INFO] - User set preference: ['args', '[--no-sandbox, --disable-gpu, --disable-dev-shm-usage]']

21-10-2025T18:35:46 - [MESSAGE][INFO] - Action delay is set to 0 milliseconds

21-10-2025T18:35:47 - [MESSAGE][PASSED] - Browser is opened with url: ''

21-10-2025T18:35:47 - [TEST_STEP][PASSED] - maximizeWindow(): Current window maximized

21-10-2025T18:35:47 - [MESSAGE][PASSED] - Current window maximized

21-10-2025T18:35:47 - [TEST_STEP][PASSED] - delay(10): Delayed 10 second(s)

21-10-2025T18:35:57 - [MESSAGE][PASSED] - Delayed 10 second(s)

21-10-2025T18:35:57 - [TEST_STEP][PASSED] - navigateToUrl("https://dx-portal.qa.thekag.com/"): Navigate to 'https://dx-portal.qa.thekag.com/' successfully

21-10-2025T18:35:57 - [MESSAGE][PASSED] - Navigate to 'https://dx-portal.qa.thekag.com/' successfully

21-10-2025T18:35:57 - [TEST_STEP][PASSED] - delay(5): Delayed 5 second(s)

21-10-2025T18:36:02 - [MESSAGE][PASSED] - Delayed 5 second(s)

21-10-2025T18:36:02 - [TEST_STEP][PASSED] - setText(findTestObject("Object Repository/Page_IdentityServer4/input_Username (e.g. email address)_Username"), "Chris.Sheldon+DES_QA@Thekag.com"): Text 'Chris.Sheldon+DES_QA@Thekag.com' is set on object 'Object Repository/Page_IdentityServer4/input_Username (e.g. email address)_Username'

21-10-2025T18:36:03 - [MESSAGE][PASSED] - Text 'Chris.Sheldon+DES_QA@Thekag.com' is set on object 'Object Repository/Page_IdentityServer4/input_Username (e.g. email address)_Username'

21-10-2025T18:36:03 - [TEST_STEP][PASSED] - setEncryptedText(findTestObject("Page_IdentityServer4/input_Password_Password"), "BtpyPJuZxPz9EFo3Zi2c4Q=="): Text ****** has been set on object 'Object Repository/Page_IdentityServer4/input_Password_Password'

21-10-2025T18:36:03 - [MESSAGE][PASSED] - Text ****** has been set on object 'Object Repository/Page_IdentityServer4/input_Password_Password'

21-10-2025T18:36:03 - [TEST_STEP][PASSED] - click(findTestObject("Object Repository/Page_IdentityServer4/button_Login")): Object: 'Object Repository/Page_IdentityServer4/button_Login' is clicked on

21-10-2025T18:36:03 - [MESSAGE][PASSED] - Object: 'Object Repository/Page_IdentityServer4/button_Login' is clicked on

21-10-2025T18:36:03 - [TEST_STEP][PASSED] - delay(5): Delayed 5 second(s)

21-10-2025T18:36:08 - [MESSAGE][PASSED] - Delayed 5 second(s)

21-10-2025T18:36:08 - [MESSAGE][PASSED] - Call Test Case 'Test Cases/DES/DES Login' successfully

21-10-2025T18:36:08 - [TEST_STEP][PASSED] - verifyElementClickable(findTestObject("DES/Trading Partners Page/Search Trading Partner_input_txt")): Object 'Object Repository/DES/Trading Partners Page/Search Trading Partner_input_txt' is clickable

21-10-2025T18:36:08 - [MESSAGE][PASSED] - Object 'Object Repository/DES/Trading Partners Page/Search Trading Partner_input_txt' is clickable

21-10-2025T18:36:08 - [TEST_STEP][PASSED] - setText(findTestObject("DES/Trading Partners Page/Search Trading Partner_input_txt"), "Katalon Testing TP"): Text 'Katalon Testing TP' is set on object 'Object Repository/DES/Trading Partners Page/Search Trading Partner_input_txt'

21-10-2025T18:36:09 - [MESSAGE][PASSED] - Text 'Katalon Testing TP' is set on object 'Object Repository/DES/Trading Partners Page/Search Trading Partner_input_txt'

21-10-2025T18:36:09 - [TEST_STEP][PASSED] - delay(5): Delayed 5 second(s)

21-10-2025T18:36:14 - [MESSAGE][PASSED] - Delayed 5 second(s)

21-10-2025T18:36:14 - [TEST_STEP][PASSED] - click(findTestObject("DES/Trading Partners Page/Katalon Trading TP View_btn")): Object: 'Object Repository/DES/Trading Partners Page/Katalon Trading TP View_btn' is clicked on

21-10-2025T18:36:14 - [MESSAGE][PASSED] - Object: 'Object Repository/DES/Trading Partners Page/Katalon Trading TP View_btn' is clicked on

21-10-2025T18:36:14 - [TEST_STEP][PASSED] - verifyElementPresent(findTestObject("DES/Trading Partners Page/Details/Details Tab"), 30): Object 'Object Repository/DES/Trading Partners Page/Details/Details Tab' is present

21-10-2025T18:36:15 - [MESSAGE][PASSED] - Object 'Object Repository/DES/Trading Partners Page/Details/Details Tab' is present

21-10-2025T18:36:15 - [TEST_STEP][PASSED] - verifyElementClickable(findTestObject("DES/Trading Partners Page/Details/Details Tab")): Object 'Object Repository/DES/Trading Partners Page/Details/Details Tab' is clickable

21-10-2025T18:36:15 - [MESSAGE][PASSED] - Object 'Object Repository/DES/Trading Partners Page/Details/Details Tab' is clickable

21-10-2025T18:36:15 - [TEST_STEP][PASSED] - click(findTestObject("DES/Trading Partners Page/Details/Details Tab")): Object: 'Object Repository/DES/Trading Partners Page/Details/Details Tab' is clicked on

21-10-2025T18:36:16 - [MESSAGE][PASSED] - Object: 'Object Repository/DES/Trading Partners Page/Details/Details Tab' is clicked on

21-10-2025T18:36:16 - [TEST_STEP][PASSED] - verifyElementNotPresent(findTestObject("DES/Trading Partners Page/Details/Add Contact New Contact Row_1"), 30): Web element with id: 'Object Repository/DES/Trading Partners Page/Details/Add Contact New Contact Row_1' located by 'By.xpath: /html/body/div/div/div[2]/div[2]/div/div/div/div/div/div/div[2]/div/div[3]/div/div/div[2]/table/tbody' is not present after '30' second(s)

21-10-2025T18:36:16 - [MESSAGE][PASSED] - Web element with id: 'Object Repository/DES/Trading Partners Page/Details/Add Contact New Contact Row_1' located by 'By.xpath: /html/body/div/div/div[2]/div[2]/div/div/div/div/div/div/div[2]/div/div[3]/div/div/div[2]/table/tbody' is not present after '30' second(s)

21-10-2025T18:36:16 - [TEST_STEP][PASSED] - verifyElementPresent(findTestObject("DES/Trading Partners Page/Details/Add Contact_btn"), 30): Object 'Object Repository/DES/Trading Partners Page/Details/Add Contact_btn' is present

21-10-2025T18:36:17 - [MESSAGE][PASSED] - Object 'Object Repository/DES/Trading Partners Page/Details/Add Contact_btn' is present

21-10-2025T18:36:17 - [TEST_STEP][PASSED] - verifyElementClickable(findTestObject("DES/Trading Partners Page/Details/Add Contact_btn")): Object 'Object Repository/DES/Trading Partners Page/Details/Add Contact_btn' is clickable

21-10-2025T18:36:17 - [MESSAGE][PASSED] - Object 'Object Repository/DES/Trading Partners Page/Details/Add Contact_btn' is clickable

21-10-2025T18:36:17 - [TEST_STEP][PASSED] - click(findTestObject("DES/Trading Partners Page/Details/Add Contact_btn")): Object: 'Object Repository/DES/Trading Partners Page/Details/Add Contact_btn' is clicked on

21-10-2025T18:36:17 - [MESSAGE][PASSED] - Object: 'Object Repository/DES/Trading Partners Page/Details/Add Contact_btn' is clicked on

21-10-2025T18:36:17 - [TEST_STEP][PASSED] - sendKeys(findTestObject("DES/Trading Partners Page/Details/Add Contact Type_dropdown"), "Phone"): Keys 'Phone' sent to object: 'Object Repository/DES/Trading Partners Page/Details/Add Contact Type_dropdown'

21-10-2025T18:36:17 - [MESSAGE][PASSED] - Keys 'Phone' sent to object: 'Object Repository/DES/Trading Partners Page/Details/Add Contact Type_dropdown'

21-10-2025T18:36:17 - [TEST_STEP][PASSED] - sendKeys(findTestObject("DES/Trading Partners Page/Details/Add Contact Type_dropdown"), Keys.chord(ENTER)): Keys 'ENTER + ' sent to object: 'Object Repository/DES/Trading Partners Page/Details/Add Contact Type_dropdown'

21-10-2025T18:36:17 - [MESSAGE][PASSED] - Keys 'ENTER + ' sent to object: 'Object Repository/DES/Trading Partners Page/Details/Add Contact Type_dropdown'

21-10-2025T18:36:17 - [TEST_STEP][PASSED] - sendKeys(findTestObject("DES/Trading Partners Page/Details/Add Contact Connection_dropdown"), "External"): Keys 'External' sent to object: 'Object Repository/DES/Trading Partners Page/Details/Add Contact Connection_dropdown'

21-10-2025T18:36:17 - [MESSAGE][PASSED] - Keys 'External' sent to object: 'Object Repository/DES/Trading Partners Page/Details/Add Contact Connection_dropdown'

21-10-2025T18:36:17 - [TEST_STEP][PASSED] - sendKeys(findTestObject("DES/Trading Partners Page/Details/Add Contact Connection_dropdown"), Keys.chord(ENTER)): Keys 'ENTER + ' sent to object: 'Object Repository/DES/Trading Partners Page/Details/Add Contact Connection_dropdown'

21-10-2025T18:36:17 - [MESSAGE][PASSED] - Keys 'ENTER + ' sent to object: 'Object Repository/DES/Trading Partners Page/Details/Add Contact Connection_dropdown'

21-10-2025T18:36:17 - [TEST_STEP][PASSED] - sendKeys(findTestObject("DES/Trading Partners Page/Details/Add Contact Name_txt"), "Ashford Chenault"): Keys 'Ashford Chenault' sent to object: 'Object Repository/DES/Trading Partners Page/Details/Add Contact Name_txt'

21-10-2025T18:36:18 - [MESSAGE][PASSED] - Keys 'Ashford Chenault' sent to object: 'Object Repository/DES/Trading Partners Page/Details/Add Contact Name_txt'

21-10-2025T18:36:18 - [TEST_STEP][PASSED] - sendKeys(findTestObject("DES/Trading Partners Page/Details/Add Contact Email_txt"), "myemail@gmail.com"): Keys 'myemail@gmail.com' sent to object: 'Object Repository/DES/Trading Partners Page/Details/Add Contact Email_txt'

21-10-2025T18:36:18 - [MESSAGE][PASSED] - Keys 'myemail@gmail.com' sent to object: 'Object Repository/DES/Trading Partners Page/Details/Add Contact Email_txt'

21-10-2025T18:36:18 - [TEST_STEP][PASSED] - sendKeys(findTestObject("DES/Trading Partners Page/Details/Add Contact Phone Number_txt"), "5558887744"): Keys '5558887744' sent to object: 'Object Repository/DES/Trading Partners Page/Details/Add Contact Phone Number_txt'

21-10-2025T18:36:18 - [MESSAGE][PASSED] - Keys '5558887744' sent to object: 'Object Repository/DES/Trading Partners Page/Details/Add Contact Phone Number_txt'

21-10-2025T18:36:18 - [TEST_STEP][PASSED] - sendKeys(findTestObject("DES/Trading Partners Page/Details/Add Contact Notes_txt"), "This is only a Test"): Keys 'This is only a Test' sent to object: 'Object Repository/DES/Trading Partners Page/Details/Add Contact Notes_txt'

21-10-2025T18:36:18 - [MESSAGE][PASSED] - Keys 'This is only a Test' sent to object: 'Object Repository/DES/Trading Partners Page/Details/Add Contact Notes_txt'

21-10-2025T18:36:18 - [TEST_STEP][PASSED] - click(findTestObject("DES/Trading Partners Page/Details/Add Contact Save_btn")): Object: 'Object Repository/DES/Trading Partners Page/Details/Add Contact Save_btn' is clicked on

21-10-2025T18:36:18 - [MESSAGE][PASSED] - Object: 'Object Repository/DES/Trading Partners Page/Details/Add Contact Save_btn' is clicked on

21-10-2025T18:36:18 - [TEST_STEP][PASSED] - verifyElementPresent(findTestObject("DES/Trading Partners Page/Details/Add Contact New Contact Row_1"), 30): Object 'Object Repository/DES/Trading Partners Page/Details/Add Contact New Contact Row_1' is present

21-10-2025T18:36:19 - [MESSAGE][PASSED] - Object 'Object Repository/DES/Trading Partners Page/Details/Add Contact New Contact Row_1' is present

21-10-2025T18:36:19 - [TEST_STEP][PASSED] - closeBrowser(): Browser is closed

21-10-2025T18:36:19 - [MESSAGE][PASSED] - Browser is closed

21-10-2025T18:36:19 - [TEST_STEP][PASSED] - Start listener action : retryOnDisconnect: null

21-10-2025T18:36:19 - [TEST_STEP][PASSED] - tcId = testCaseContext.getTestCaseId(): null

21-10-2025T18:36:19 - [TEST_STEP][PASSED] - currentRetry = retryCounts.getOrDefault(tcId, 0): null

21-10-2025T18:36:19 - [TEST_STEP][PASSED] - if (testCaseContext.getTestCaseStatus() == "FAILED" && currentRetry < MAX_RETRIES): null]]></system-out>
         <system-err><![CDATA[]]></system-err>
      </testcase>
      <testcase name="Test Cases/DES/Trading Partners Page/Details/Verify Contact Notes" time="30.971" classname="Test Cases/DES/Trading Partners Page/Details/Verify Contact Notes" status="PASSED">
         <system-out><![CDATA[21-10-2025T18:36:19 - [TEST_CASE][PASSED] - Test Cases/DES/Trading Partners Page/Details/Verify Contact Notes: Test Cases/DES/Trading Partners Page/Details/Verify Contact Notes

21-10-2025T18:36:19 - [TEST_STEP][PASSED] - Start listener action : beforeTestCase: null

21-10-2025T18:36:19 - [TEST_STEP][PASSED] - addDefaultPackages(): null

21-10-2025T18:36:19 - [TEST_STEP][PASSED] - callTestCase(findTestCase("DES/DES Login"), [:], STOP_ON_FAILURE): Call Test Case 'Test Cases/DES/DES Login' successfully

21-10-2025T18:36:19 - [TEST_CASE][PASSED] - Test Cases/DES/DES Login: Test Cases/DES/DES Login

21-10-2025T18:36:19 - [TEST_STEP][PASSED] - openBrowser(""): Browser is opened with url: ''

21-10-2025T18:36:19 - [MESSAGE][INFO] - Starting 'Chrome' driver

21-10-2025T18:36:19 - [MESSAGE][INFO] - User set preference: ['args', '[--no-sandbox, --disable-gpu, --disable-dev-shm-usage]']

21-10-2025T18:36:19 - [MESSAGE][INFO] - Action delay is set to 0 milliseconds

21-10-2025T18:36:20 - [MESSAGE][PASSED] - Browser is opened with url: ''

21-10-2025T18:36:20 - [TEST_STEP][PASSED] - maximizeWindow(): Current window maximized

21-10-2025T18:36:20 - [MESSAGE][PASSED] - Current window maximized

21-10-2025T18:36:20 - [TEST_STEP][PASSED] - delay(10): Delayed 10 second(s)

21-10-2025T18:36:30 - [MESSAGE][PASSED] - Delayed 10 second(s)

21-10-2025T18:36:30 - [TEST_STEP][PASSED] - navigateToUrl("https://dx-portal.qa.thekag.com/"): Navigate to 'https://dx-portal.qa.thekag.com/' successfully

21-10-2025T18:36:30 - [MESSAGE][PASSED] - Navigate to 'https://dx-portal.qa.thekag.com/' successfully

21-10-2025T18:36:30 - [TEST_STEP][PASSED] - delay(5): Delayed 5 second(s)

21-10-2025T18:36:35 - [MESSAGE][PASSED] - Delayed 5 second(s)

21-10-2025T18:36:35 - [TEST_STEP][PASSED] - setText(findTestObject("Object Repository/Page_IdentityServer4/input_Username (e.g. email address)_Username"), "Chris.Sheldon+DES_QA@Thekag.com"): Text 'Chris.Sheldon+DES_QA@Thekag.com' is set on object 'Object Repository/Page_IdentityServer4/input_Username (e.g. email address)_Username'

21-10-2025T18:36:35 - [MESSAGE][PASSED] - Text 'Chris.Sheldon+DES_QA@Thekag.com' is set on object 'Object Repository/Page_IdentityServer4/input_Username (e.g. email address)_Username'

21-10-2025T18:36:35 - [TEST_STEP][PASSED] - setEncryptedText(findTestObject("Page_IdentityServer4/input_Password_Password"), "BtpyPJuZxPz9EFo3Zi2c4Q=="): Text ****** has been set on object 'Object Repository/Page_IdentityServer4/input_Password_Password'

21-10-2025T18:36:36 - [MESSAGE][PASSED] - Text ****** has been set on object 'Object Repository/Page_IdentityServer4/input_Password_Password'

21-10-2025T18:36:36 - [TEST_STEP][PASSED] - click(findTestObject("Object Repository/Page_IdentityServer4/button_Login")): Object: 'Object Repository/Page_IdentityServer4/button_Login' is clicked on

21-10-2025T18:36:36 - [MESSAGE][PASSED] - Object: 'Object Repository/Page_IdentityServer4/button_Login' is clicked on

21-10-2025T18:36:36 - [TEST_STEP][PASSED] - delay(5): Delayed 5 second(s)

21-10-2025T18:36:41 - [MESSAGE][PASSED] - Delayed 5 second(s)

21-10-2025T18:36:41 - [MESSAGE][PASSED] - Call Test Case 'Test Cases/DES/DES Login' successfully

21-10-2025T18:36:41 - [TEST_STEP][PASSED] - verifyElementClickable(findTestObject("DES/Trading Partners Page/Search Trading Partner_input_txt")): Object 'Object Repository/DES/Trading Partners Page/Search Trading Partner_input_txt' is clickable

21-10-2025T18:36:41 - [MESSAGE][PASSED] - Object 'Object Repository/DES/Trading Partners Page/Search Trading Partner_input_txt' is clickable

21-10-2025T18:36:41 - [TEST_STEP][PASSED] - setText(findTestObject("DES/Trading Partners Page/Search Trading Partner_input_txt"), "Katalon Testing TP"): Text 'Katalon Testing TP' is set on object 'Object Repository/DES/Trading Partners Page/Search Trading Partner_input_txt'

21-10-2025T18:36:41 - [MESSAGE][PASSED] - Text 'Katalon Testing TP' is set on object 'Object Repository/DES/Trading Partners Page/Search Trading Partner_input_txt'

21-10-2025T18:36:41 - [TEST_STEP][PASSED] - delay(5): Delayed 5 second(s)

21-10-2025T18:36:46 - [MESSAGE][PASSED] - Delayed 5 second(s)

21-10-2025T18:36:46 - [TEST_STEP][PASSED] - click(findTestObject("DES/Trading Partners Page/Katalon Trading TP View_btn")): Object: 'Object Repository/DES/Trading Partners Page/Katalon Trading TP View_btn' is clicked on

21-10-2025T18:36:47 - [MESSAGE][PASSED] - Object: 'Object Repository/DES/Trading Partners Page/Katalon Trading TP View_btn' is clicked on

21-10-2025T18:36:47 - [TEST_STEP][PASSED] - verifyElementPresent(findTestObject("DES/Trading Partners Page/Details/Details Tab"), 30): Object 'Object Repository/DES/Trading Partners Page/Details/Details Tab' is present

21-10-2025T18:36:48 - [MESSAGE][PASSED] - Object 'Object Repository/DES/Trading Partners Page/Details/Details Tab' is present

21-10-2025T18:36:48 - [TEST_STEP][PASSED] - verifyElementClickable(findTestObject("DES/Trading Partners Page/Details/Details Tab")): Object 'Object Repository/DES/Trading Partners Page/Details/Details Tab' is clickable

21-10-2025T18:36:48 - [MESSAGE][PASSED] - Object 'Object Repository/DES/Trading Partners Page/Details/Details Tab' is clickable

21-10-2025T18:36:48 - [TEST_STEP][PASSED] - click(findTestObject("DES/Trading Partners Page/Details/Details Tab")): Object: 'Object Repository/DES/Trading Partners Page/Details/Details Tab' is clicked on

21-10-2025T18:36:48 - [MESSAGE][PASSED] - Object: 'Object Repository/DES/Trading Partners Page/Details/Details Tab' is clicked on

21-10-2025T18:36:48 - [TEST_STEP][PASSED] - verifyElementPresent(findTestObject("DES/Trading Partners Page/Details/Contact Notes_btn"), 30): Object 'Object Repository/DES/Trading Partners Page/Details/Contact Notes_btn' is present

21-10-2025T18:36:49 - [MESSAGE][PASSED] - Object 'Object Repository/DES/Trading Partners Page/Details/Contact Notes_btn' is present

21-10-2025T18:36:49 - [TEST_STEP][PASSED] - verifyElementClickable(findTestObject("DES/Trading Partners Page/Details/Contact Notes_btn")): Object 'Object Repository/DES/Trading Partners Page/Details/Contact Notes_btn' is clickable

21-10-2025T18:36:49 - [MESSAGE][PASSED] - Object 'Object Repository/DES/Trading Partners Page/Details/Contact Notes_btn' is clickable

21-10-2025T18:36:49 - [TEST_STEP][PASSED] - click(findTestObject("DES/Trading Partners Page/Details/Contact Notes_btn")): Object: 'Object Repository/DES/Trading Partners Page/Details/Contact Notes_btn' is clicked on

21-10-2025T18:36:50 - [MESSAGE][PASSED] - Object: 'Object Repository/DES/Trading Partners Page/Details/Contact Notes_btn' is clicked on

21-10-2025T18:36:50 - [TEST_STEP][PASSED] - verifyElementPresent(findTestObject("DES/Trading Partners Page/Details/Contact Notes Area_lbl"), 30): Object 'Object Repository/DES/Trading Partners Page/Details/Contact Notes Area_lbl' is present

21-10-2025T18:36:50 - [MESSAGE][PASSED] - Object 'Object Repository/DES/Trading Partners Page/Details/Contact Notes Area_lbl' is present

21-10-2025T18:36:50 - [TEST_STEP][PASSED] - verifyElementVisible(findTestObject("DES/Trading Partners Page/Details/Contact Notes Area_lbl")): Object 'Object Repository/DES/Trading Partners Page/Details/Contact Notes Area_lbl' is visible

21-10-2025T18:36:50 - [MESSAGE][PASSED] - Object 'Object Repository/DES/Trading Partners Page/Details/Contact Notes Area_lbl' is visible

21-10-2025T18:36:50 - [TEST_STEP][PASSED] - verifyElementText(findTestObject("DES/Trading Partners Page/Details/Contact Notes Area_lbl"), "This is only a Test"): Actual text and expected text of test object 'Object Repository/DES/Trading Partners Page/Details/Contact Notes Area_lbl' are matched.

21-10-2025T18:36:50 - [MESSAGE][PASSED] - Actual text and expected text of test object 'Object Repository/DES/Trading Partners Page/Details/Contact Notes Area_lbl' are matched.

21-10-2025T18:36:50 - [TEST_STEP][PASSED] - closeBrowser(): Browser is closed

21-10-2025T18:36:50 - [MESSAGE][PASSED] - Browser is closed

21-10-2025T18:36:50 - [TEST_STEP][PASSED] - Start listener action : retryOnDisconnect: null

21-10-2025T18:36:50 - [TEST_STEP][PASSED] - tcId = testCaseContext.getTestCaseId(): null

21-10-2025T18:36:50 - [TEST_STEP][PASSED] - currentRetry = retryCounts.getOrDefault(tcId, 0): null

21-10-2025T18:36:50 - [TEST_STEP][PASSED] - if (testCaseContext.getTestCaseStatus() == "FAILED" && currentRetry < MAX_RETRIES): null]]></system-out>
         <system-err><![CDATA[]]></system-err>
      </testcase>
      <testcase name="Test Cases/DES/Trading Partners Page/Details/Edit Contact Information" time="37.854" classname="Test Cases/DES/Trading Partners Page/Details/Edit Contact Information" status="PASSED">
         <system-out><![CDATA[21-10-2025T18:36:50 - [TEST_CASE][PASSED] - Test Cases/DES/Trading Partners Page/Details/Edit Contact Information: Test Cases/DES/Trading Partners Page/Details/Edit Contact Information

21-10-2025T18:36:50 - [TEST_STEP][PASSED] - Start listener action : beforeTestCase: null

21-10-2025T18:36:50 - [TEST_STEP][PASSED] - addDefaultPackages(): null

21-10-2025T18:36:50 - [TEST_STEP][PASSED] - callTestCase(findTestCase("DES/DES Login"), [:], STOP_ON_FAILURE): Call Test Case 'Test Cases/DES/DES Login' successfully

21-10-2025T18:36:50 - [TEST_CASE][PASSED] - Test Cases/DES/DES Login: Test Cases/DES/DES Login

21-10-2025T18:36:50 - [TEST_STEP][PASSED] - openBrowser(""): Browser is opened with url: ''

21-10-2025T18:36:50 - [MESSAGE][INFO] - Starting 'Chrome' driver

21-10-2025T18:36:50 - [MESSAGE][INFO] - User set preference: ['args', '[--no-sandbox, --disable-gpu, --disable-dev-shm-usage]']

21-10-2025T18:36:50 - [MESSAGE][INFO] - Action delay is set to 0 milliseconds

21-10-2025T18:36:51 - [MESSAGE][PASSED] - Browser is opened with url: ''

21-10-2025T18:36:51 - [TEST_STEP][PASSED] - maximizeWindow(): Current window maximized

21-10-2025T18:36:51 - [MESSAGE][PASSED] - Current window maximized

21-10-2025T18:36:51 - [TEST_STEP][PASSED] - delay(10): Delayed 10 second(s)

21-10-2025T18:37:01 - [MESSAGE][PASSED] - Delayed 10 second(s)

21-10-2025T18:37:01 - [TEST_STEP][PASSED] - navigateToUrl("https://dx-portal.qa.thekag.com/"): Navigate to 'https://dx-portal.qa.thekag.com/' successfully

21-10-2025T18:37:01 - [MESSAGE][PASSED] - Navigate to 'https://dx-portal.qa.thekag.com/' successfully

21-10-2025T18:37:01 - [TEST_STEP][PASSED] - delay(5): Delayed 5 second(s)

21-10-2025T18:37:06 - [MESSAGE][PASSED] - Delayed 5 second(s)

21-10-2025T18:37:06 - [TEST_STEP][PASSED] - setText(findTestObject("Object Repository/Page_IdentityServer4/input_Username (e.g. email address)_Username"), "Chris.Sheldon+DES_QA@Thekag.com"): Text 'Chris.Sheldon+DES_QA@Thekag.com' is set on object 'Object Repository/Page_IdentityServer4/input_Username (e.g. email address)_Username'

21-10-2025T18:37:06 - [MESSAGE][PASSED] - Text 'Chris.Sheldon+DES_QA@Thekag.com' is set on object 'Object Repository/Page_IdentityServer4/input_Username (e.g. email address)_Username'

21-10-2025T18:37:06 - [TEST_STEP][PASSED] - setEncryptedText(findTestObject("Page_IdentityServer4/input_Password_Password"), "BtpyPJuZxPz9EFo3Zi2c4Q=="): Text ****** has been set on object 'Object Repository/Page_IdentityServer4/input_Password_Password'

21-10-2025T18:37:07 - [MESSAGE][PASSED] - Text ****** has been set on object 'Object Repository/Page_IdentityServer4/input_Password_Password'

21-10-2025T18:37:07 - [TEST_STEP][PASSED] - click(findTestObject("Object Repository/Page_IdentityServer4/button_Login")): Object: 'Object Repository/Page_IdentityServer4/button_Login' is clicked on

21-10-2025T18:37:07 - [MESSAGE][PASSED] - Object: 'Object Repository/Page_IdentityServer4/button_Login' is clicked on

21-10-2025T18:37:07 - [TEST_STEP][PASSED] - delay(5): Delayed 5 second(s)

21-10-2025T18:37:12 - [MESSAGE][PASSED] - Delayed 5 second(s)

21-10-2025T18:37:12 - [MESSAGE][PASSED] - Call Test Case 'Test Cases/DES/DES Login' successfully

21-10-2025T18:37:12 - [TEST_STEP][PASSED] - verifyElementClickable(findTestObject("DES/Trading Partners Page/Search Trading Partner_input_txt")): Object 'Object Repository/DES/Trading Partners Page/Search Trading Partner_input_txt' is clickable

21-10-2025T18:37:12 - [MESSAGE][PASSED] - Object 'Object Repository/DES/Trading Partners Page/Search Trading Partner_input_txt' is clickable

21-10-2025T18:37:12 - [TEST_STEP][PASSED] - setText(findTestObject("DES/Trading Partners Page/Search Trading Partner_input_txt"), "Katalon Testing TP"): Text 'Katalon Testing TP' is set on object 'Object Repository/DES/Trading Partners Page/Search Trading Partner_input_txt'

21-10-2025T18:37:13 - [MESSAGE][PASSED] - Text 'Katalon Testing TP' is set on object 'Object Repository/DES/Trading Partners Page/Search Trading Partner_input_txt'

21-10-2025T18:37:13 - [TEST_STEP][PASSED] - delay(5): Delayed 5 second(s)

21-10-2025T18:37:18 - [MESSAGE][PASSED] - Delayed 5 second(s)

21-10-2025T18:37:18 - [TEST_STEP][PASSED] - click(findTestObject("DES/Trading Partners Page/Katalon Trading TP View_btn")): Object: 'Object Repository/DES/Trading Partners Page/Katalon Trading TP View_btn' is clicked on

21-10-2025T18:37:18 - [MESSAGE][PASSED] - Object: 'Object Repository/DES/Trading Partners Page/Katalon Trading TP View_btn' is clicked on

21-10-2025T18:37:18 - [TEST_STEP][PASSED] - verifyElementPresent(findTestObject("DES/Trading Partners Page/Details/Details Tab"), 30): Object 'Object Repository/DES/Trading Partners Page/Details/Details Tab' is present

21-10-2025T18:37:19 - [MESSAGE][PASSED] - Object 'Object Repository/DES/Trading Partners Page/Details/Details Tab' is present

21-10-2025T18:37:19 - [TEST_STEP][PASSED] - verifyElementClickable(findTestObject("DES/Trading Partners Page/Details/Details Tab")): Object 'Object Repository/DES/Trading Partners Page/Details/Details Tab' is clickable

21-10-2025T18:37:19 - [MESSAGE][PASSED] - Object 'Object Repository/DES/Trading Partners Page/Details/Details Tab' is clickable

21-10-2025T18:37:19 - [TEST_STEP][PASSED] - click(findTestObject("DES/Trading Partners Page/Details/Details Tab")): Object: 'Object Repository/DES/Trading Partners Page/Details/Details Tab' is clicked on

21-10-2025T18:37:19 - [MESSAGE][PASSED] - Object: 'Object Repository/DES/Trading Partners Page/Details/Details Tab' is clicked on

21-10-2025T18:37:19 - [TEST_STEP][PASSED] - verifyElementPresent(findTestObject("DES/Trading Partners Page/Details/Edit Contact_btn"), 30): Object 'Object Repository/DES/Trading Partners Page/Details/Edit Contact_btn' is present

21-10-2025T18:37:21 - [MESSAGE][PASSED] - Object 'Object Repository/DES/Trading Partners Page/Details/Edit Contact_btn' is present

21-10-2025T18:37:21 - [TEST_STEP][PASSED] - verifyElementClickable(findTestObject("DES/Trading Partners Page/Details/Edit Contact_btn")): Object 'Object Repository/DES/Trading Partners Page/Details/Edit Contact_btn' is clickable

21-10-2025T18:37:21 - [MESSAGE][PASSED] - Object 'Object Repository/DES/Trading Partners Page/Details/Edit Contact_btn' is clickable

21-10-2025T18:37:21 - [TEST_STEP][PASSED] - click(findTestObject("DES/Trading Partners Page/Details/Edit Contact_btn")): Object: 'Object Repository/DES/Trading Partners Page/Details/Edit Contact_btn' is clicked on

21-10-2025T18:37:21 - [MESSAGE][PASSED] - Object: 'Object Repository/DES/Trading Partners Page/Details/Edit Contact_btn' is clicked on

21-10-2025T18:37:21 - [TEST_STEP][PASSED] - sendKeys(findTestObject("DES/Trading Partners Page/Details/Add Contact Type_dropdown"), "EMail"): Keys 'EMail' sent to object: 'Object Repository/DES/Trading Partners Page/Details/Add Contact Type_dropdown'

21-10-2025T18:37:21 - [MESSAGE][PASSED] - Keys 'EMail' sent to object: 'Object Repository/DES/Trading Partners Page/Details/Add Contact Type_dropdown'

21-10-2025T18:37:21 - [TEST_STEP][PASSED] - sendKeys(findTestObject("DES/Trading Partners Page/Details/Add Contact Type_dropdown"), Keys.chord(ENTER)): Keys 'ENTER + ' sent to object: 'Object Repository/DES/Trading Partners Page/Details/Add Contact Type_dropdown'

21-10-2025T18:37:21 - [MESSAGE][PASSED] - Keys 'ENTER + ' sent to object: 'Object Repository/DES/Trading Partners Page/Details/Add Contact Type_dropdown'

21-10-2025T18:37:21 - [TEST_STEP][PASSED] - clearText(findTestObject("DES/Trading Partners Page/Details/Add Contact Email_txt")): Text of object 'Object Repository/DES/Trading Partners Page/Details/Add Contact Email_txt' is cleared

21-10-2025T18:37:21 - [MESSAGE][PASSED] - Text of object 'Object Repository/DES/Trading Partners Page/Details/Add Contact Email_txt' is cleared

21-10-2025T18:37:21 - [TEST_STEP][PASSED] - sendKeys(findTestObject("DES/Trading Partners Page/Details/Add Contact Email_txt"), "testemail@gmail.com"): Keys 'testemail@gmail.com' sent to object: 'Object Repository/DES/Trading Partners Page/Details/Add Contact Email_txt'

21-10-2025T18:37:21 - [MESSAGE][PASSED] - Keys 'testemail@gmail.com' sent to object: 'Object Repository/DES/Trading Partners Page/Details/Add Contact Email_txt'

21-10-2025T18:37:21 - [TEST_STEP][PASSED] - click(findTestObject("DES/Trading Partners Page/Details/Add Contact Save_btn")): Object: 'Object Repository/DES/Trading Partners Page/Details/Add Contact Save_btn' is clicked on

21-10-2025T18:37:21 - [MESSAGE][PASSED] - Object: 'Object Repository/DES/Trading Partners Page/Details/Add Contact Save_btn' is clicked on

21-10-2025T18:37:21 - [TEST_STEP][PASSED] - delay(2): Delayed 2 second(s)

21-10-2025T18:37:23 - [MESSAGE][PASSED] - Delayed 2 second(s)

21-10-2025T18:37:23 - [TEST_STEP][PASSED] - verifyTextPresent("EMail", false): Text 'EMail' is present on page 

21-10-2025T18:37:23 - [MESSAGE][PASSED] - Text 'EMail' is present on page 

21-10-2025T18:37:23 - [TEST_STEP][PASSED] - delay(2): Delayed 2 second(s)

21-10-2025T18:37:25 - [MESSAGE][PASSED] - Delayed 2 second(s)

21-10-2025T18:37:25 - [TEST_STEP][PASSED] - verifyTextPresent("testemail@gmail.com", false): Text 'testemail@gmail.com' is present on page 

21-10-2025T18:37:26 - [MESSAGE][PASSED] - Text 'testemail@gmail.com' is present on page 

21-10-2025T18:37:26 - [TEST_STEP][PASSED] - delay(2): Delayed 2 second(s)

21-10-2025T18:37:28 - [MESSAGE][PASSED] - Delayed 2 second(s)

21-10-2025T18:37:28 - [TEST_STEP][PASSED] - closeBrowser(): Browser is closed

21-10-2025T18:37:28 - [MESSAGE][PASSED] - Browser is closed

21-10-2025T18:37:28 - [TEST_STEP][PASSED] - Start listener action : retryOnDisconnect: null

21-10-2025T18:37:28 - [TEST_STEP][PASSED] - tcId = testCaseContext.getTestCaseId(): null

21-10-2025T18:37:28 - [TEST_STEP][PASSED] - currentRetry = retryCounts.getOrDefault(tcId, 0): null

21-10-2025T18:37:28 - [TEST_STEP][PASSED] - if (testCaseContext.getTestCaseStatus() == "FAILED" && currentRetry < MAX_RETRIES): null]]></system-out>
         <system-err><![CDATA[]]></system-err>
      </testcase>
      <testcase name="Test Cases/DES/Trading Partners Page/Details/Remove Contact Information" time="33.432" classname="Test Cases/DES/Trading Partners Page/Details/Remove Contact Information" status="PASSED">
         <system-out><![CDATA[21-10-2025T18:37:28 - [TEST_CASE][PASSED] - Test Cases/DES/Trading Partners Page/Details/Remove Contact Information: Test Cases/DES/Trading Partners Page/Details/Remove Contact Information

21-10-2025T18:37:28 - [TEST_STEP][PASSED] - Start listener action : beforeTestCase: null

21-10-2025T18:37:28 - [TEST_STEP][PASSED] - addDefaultPackages(): null

21-10-2025T18:37:28 - [TEST_STEP][PASSED] - callTestCase(findTestCase("DES/DES Login"), [:], STOP_ON_FAILURE): Call Test Case 'Test Cases/DES/DES Login' successfully

21-10-2025T18:37:28 - [TEST_CASE][PASSED] - Test Cases/DES/DES Login: Test Cases/DES/DES Login

21-10-2025T18:37:28 - [TEST_STEP][PASSED] - openBrowser(""): Browser is opened with url: ''

21-10-2025T18:37:28 - [MESSAGE][INFO] - Starting 'Chrome' driver

21-10-2025T18:37:28 - [MESSAGE][INFO] - User set preference: ['args', '[--no-sandbox, --disable-gpu, --disable-dev-shm-usage]']

21-10-2025T18:37:28 - [MESSAGE][INFO] - Action delay is set to 0 milliseconds

21-10-2025T18:37:29 - [MESSAGE][PASSED] - Browser is opened with url: ''

21-10-2025T18:37:29 - [TEST_STEP][PASSED] - maximizeWindow(): Current window maximized

21-10-2025T18:37:29 - [MESSAGE][PASSED] - Current window maximized

21-10-2025T18:37:29 - [TEST_STEP][PASSED] - delay(10): Delayed 10 second(s)

21-10-2025T18:37:39 - [MESSAGE][PASSED] - Delayed 10 second(s)

21-10-2025T18:37:39 - [TEST_STEP][PASSED] - navigateToUrl("https://dx-portal.qa.thekag.com/"): Navigate to 'https://dx-portal.qa.thekag.com/' successfully

21-10-2025T18:37:39 - [MESSAGE][PASSED] - Navigate to 'https://dx-portal.qa.thekag.com/' successfully

21-10-2025T18:37:39 - [TEST_STEP][PASSED] - delay(5): Delayed 5 second(s)

21-10-2025T18:37:44 - [MESSAGE][PASSED] - Delayed 5 second(s)

21-10-2025T18:37:44 - [TEST_STEP][PASSED] - setText(findTestObject("Object Repository/Page_IdentityServer4/input_Username (e.g. email address)_Username"), "Chris.Sheldon+DES_QA@Thekag.com"): Text 'Chris.Sheldon+DES_QA@Thekag.com' is set on object 'Object Repository/Page_IdentityServer4/input_Username (e.g. email address)_Username'

21-10-2025T18:37:44 - [MESSAGE][PASSED] - Text 'Chris.Sheldon+DES_QA@Thekag.com' is set on object 'Object Repository/Page_IdentityServer4/input_Username (e.g. email address)_Username'

21-10-2025T18:37:44 - [TEST_STEP][PASSED] - setEncryptedText(findTestObject("Page_IdentityServer4/input_Password_Password"), "BtpyPJuZxPz9EFo3Zi2c4Q=="): Text ****** has been set on object 'Object Repository/Page_IdentityServer4/input_Password_Password'

21-10-2025T18:37:44 - [MESSAGE][PASSED] - Text ****** has been set on object 'Object Repository/Page_IdentityServer4/input_Password_Password'

21-10-2025T18:37:44 - [TEST_STEP][PASSED] - click(findTestObject("Object Repository/Page_IdentityServer4/button_Login")): Object: 'Object Repository/Page_IdentityServer4/button_Login' is clicked on

21-10-2025T18:37:45 - [MESSAGE][PASSED] - Object: 'Object Repository/Page_IdentityServer4/button_Login' is clicked on

21-10-2025T18:37:45 - [TEST_STEP][PASSED] - delay(5): Delayed 5 second(s)

21-10-2025T18:37:50 - [MESSAGE][PASSED] - Delayed 5 second(s)

21-10-2025T18:37:50 - [MESSAGE][PASSED] - Call Test Case 'Test Cases/DES/DES Login' successfully

21-10-2025T18:37:50 - [TEST_STEP][PASSED] - verifyElementClickable(findTestObject("DES/Trading Partners Page/Search Trading Partner_input_txt")): Object 'Object Repository/DES/Trading Partners Page/Search Trading Partner_input_txt' is clickable

21-10-2025T18:37:50 - [MESSAGE][PASSED] - Object 'Object Repository/DES/Trading Partners Page/Search Trading Partner_input_txt' is clickable

21-10-2025T18:37:50 - [TEST_STEP][PASSED] - setText(findTestObject("DES/Trading Partners Page/Search Trading Partner_input_txt"), "Katalon Testing TP"): Text 'Katalon Testing TP' is set on object 'Object Repository/DES/Trading Partners Page/Search Trading Partner_input_txt'

21-10-2025T18:37:50 - [MESSAGE][PASSED] - Text 'Katalon Testing TP' is set on object 'Object Repository/DES/Trading Partners Page/Search Trading Partner_input_txt'

21-10-2025T18:37:50 - [TEST_STEP][PASSED] - delay(5): Delayed 5 second(s)

21-10-2025T18:37:55 - [MESSAGE][PASSED] - Delayed 5 second(s)

21-10-2025T18:37:55 - [TEST_STEP][PASSED] - click(findTestObject("DES/Trading Partners Page/Katalon Trading TP View_btn")): Object: 'Object Repository/DES/Trading Partners Page/Katalon Trading TP View_btn' is clicked on

21-10-2025T18:37:56 - [MESSAGE][PASSED] - Object: 'Object Repository/DES/Trading Partners Page/Katalon Trading TP View_btn' is clicked on

21-10-2025T18:37:56 - [TEST_STEP][PASSED] - verifyElementPresent(findTestObject("DES/Trading Partners Page/Details/Details Tab"), 30): Object 'Object Repository/DES/Trading Partners Page/Details/Details Tab' is present

21-10-2025T18:37:57 - [MESSAGE][PASSED] - Object 'Object Repository/DES/Trading Partners Page/Details/Details Tab' is present

21-10-2025T18:37:57 - [TEST_STEP][PASSED] - verifyElementClickable(findTestObject("DES/Trading Partners Page/Details/Details Tab")): Object 'Object Repository/DES/Trading Partners Page/Details/Details Tab' is clickable

21-10-2025T18:37:57 - [MESSAGE][PASSED] - Object 'Object Repository/DES/Trading Partners Page/Details/Details Tab' is clickable

21-10-2025T18:37:57 - [TEST_STEP][PASSED] - click(findTestObject("DES/Trading Partners Page/Details/Details Tab")): Object: 'Object Repository/DES/Trading Partners Page/Details/Details Tab' is clicked on

21-10-2025T18:37:57 - [MESSAGE][PASSED] - Object: 'Object Repository/DES/Trading Partners Page/Details/Details Tab' is clicked on

21-10-2025T18:37:57 - [TEST_STEP][PASSED] - verifyElementPresent(findTestObject("DES/Trading Partners Page/Details/Remove Contact_btn"), 30): Object 'Object Repository/DES/Trading Partners Page/Details/Remove Contact_btn' is present

21-10-2025T18:37:58 - [MESSAGE][PASSED] - Object 'Object Repository/DES/Trading Partners Page/Details/Remove Contact_btn' is present

21-10-2025T18:37:58 - [TEST_STEP][PASSED] - verifyElementClickable(findTestObject("DES/Trading Partners Page/Details/Remove Contact_btn")): Object 'Object Repository/DES/Trading Partners Page/Details/Remove Contact_btn' is clickable

21-10-2025T18:37:58 - [MESSAGE][PASSED] - Object 'Object Repository/DES/Trading Partners Page/Details/Remove Contact_btn' is clickable

21-10-2025T18:37:58 - [TEST_STEP][PASSED] - click(findTestObject("DES/Trading Partners Page/Details/Remove Contact_btn")): Object: 'Object Repository/DES/Trading Partners Page/Details/Remove Contact_btn' is clicked on

21-10-2025T18:37:58 - [MESSAGE][PASSED] - Object: 'Object Repository/DES/Trading Partners Page/Details/Remove Contact_btn' is clicked on

21-10-2025T18:37:58 - [TEST_STEP][PASSED] - delay(2): Delayed 2 second(s)

21-10-2025T18:38:00 - [MESSAGE][PASSED] - Delayed 2 second(s)

21-10-2025T18:38:00 - [TEST_STEP][PASSED] - click(findTestObject("DES/Trading Partners Page/Details/Delete Contact Delete_btn")): Object: 'Object Repository/DES/Trading Partners Page/Details/Delete Contact Delete_btn' is clicked on

21-10-2025T18:38:00 - [MESSAGE][PASSED] - Object: 'Object Repository/DES/Trading Partners Page/Details/Delete Contact Delete_btn' is clicked on

21-10-2025T18:38:00 - [TEST_STEP][PASSED] - verifyElementNotPresent(findTestObject("DES/Trading Partners Page/Details/Add Contact New Contact Row_1"), 30): Web element with id: 'Object Repository/DES/Trading Partners Page/Details/Add Contact New Contact Row_1' located by 'By.xpath: /html/body/div/div/div[2]/div[2]/div/div/div/div/div/div/div[2]/div/div[3]/div/div/div[2]/table/tbody' is not present after '30' second(s)

21-10-2025T18:38:01 - [MESSAGE][PASSED] - Web element with id: 'Object Repository/DES/Trading Partners Page/Details/Add Contact New Contact Row_1' located by 'By.xpath: /html/body/div/div/div[2]/div[2]/div/div/div/div/div/div/div[2]/div/div[3]/div/div/div[2]/table/tbody' is not present after '30' second(s)

21-10-2025T18:38:01 - [TEST_STEP][PASSED] - closeBrowser(): Browser is closed

21-10-2025T18:38:01 - [MESSAGE][PASSED] - Browser is closed

21-10-2025T18:38:01 - [TEST_STEP][PASSED] - Start listener action : retryOnDisconnect: null

21-10-2025T18:38:01 - [TEST_STEP][PASSED] - tcId = testCaseContext.getTestCaseId(): null

21-10-2025T18:38:01 - [TEST_STEP][PASSED] - currentRetry = retryCounts.getOrDefault(tcId, 0): null

21-10-2025T18:38:01 - [TEST_STEP][PASSED] - if (testCaseContext.getTestCaseStatus() == "FAILED" && currentRetry < MAX_RETRIES): null]]></system-out>
         <system-err><![CDATA[]]></system-err>
      </testcase>
      <testcase name="Test Cases/DES/Trading Partners Page/Details/Verify Adding Bill To Displays" time="48.492" classname="Test Cases/DES/Trading Partners Page/Details/Verify Adding Bill To Displays" status="FAILED">
         <failure type="FAILED" message="Test Cases/DES/Trading Partners Page/Details/Verify Adding Bill To Displays FAILED.&#xa;Reason:&#xa;com.kms.katalon.core.exception.StepFailedException: Unable to send keys 'TurkeyHi' to object 'Object Repository/DES/Trading Partners Page/Search Bill To_input_txt'&#xa;	at com.kms.katalon.core.webui.keyword.internal.WebUIKeywordMain.stepFailed(WebUIKeywordMain.groovy:117)&#xa;	at com.kms.katalon.core.webui.keyword.internal.WebUIKeywordMain.runKeyword(WebUIKeywordMain.groovy:43)&#xa;	at com.kms.katalon.core.webui.keyword.builtin.SendKeysKeyword.sendKeys(SendKeysKeyword.groovy:60)&#xa;	at com.kms.katalon.core.webui.keyword.builtin.SendKeysKeyword.execute(SendKeysKeyword.groovy:38)&#xa;	at com.kms.katalon.core.keyword.internal.KeywordExecutor.executeKeywordForPlatform(KeywordExecutor.groovy:74)&#xa;	at com.kms.katalon.core.webui.keyword.WebUiBuiltInKeywords.sendKeys(WebUiBuiltInKeywords.groovy:903)&#xa;	at com.kms.katalon.core.webui.keyword.WebUiBuiltInKeywords$sendKeys$11.call(Unknown Source)&#xa;	at Verify Adding Bill To Displays.run(Verify Adding Bill To Displays:34)&#xa;	at com.kms.katalon.core.main.ScriptEngine.run(ScriptEngine.java:194)&#xa;	at com.kms.katalon.core.main.ScriptEngine.runScriptAsRawText(ScriptEngine.java:119)&#xa;	at com.kms.katalon.core.main.TestCaseExecutor.runScript(TestCaseExecutor.java:448)&#xa;	at com.kms.katalon.core.main.TestCaseExecutor.doExecute(TestCaseExecutor.java:439)&#xa;	at com.kms.katalon.core.main.TestCaseExecutor.processExecutionPhase(TestCaseExecutor.java:418)&#xa;	at com.kms.katalon.core.main.TestCaseExecutor.accessMainPhase(TestCaseExecutor.java:410)&#xa;	at com.kms.katalon.core.main.TestCaseExecutor.execute(TestCaseExecutor.java:285)&#xa;	at com.kms.katalon.core.common.CommonExecutor.accessTestCaseMainPhase(CommonExecutor.java:65)&#xa;	at com.kms.katalon.core.main.TestSuiteExecutor.accessTestSuiteMainPhase(TestSuiteExecutor.java:150)&#xa;	at com.kms.katalon.core.main.TestSuiteExecutor.execute(TestSuiteExecutor.java:106)&#xa;	at com.kms.katalon.core.main.TestCaseMain.startTestSuite(TestCaseMain.java:180)&#xa;	at com.kms.katalon.core.main.TestCaseMain$startTestSuite$0.call(Unknown Source)&#xa;	at TempTestSuite1761084128061.run(TempTestSuite1761084128061.groovy:35)&#xa;	at java.base/jdk.internal.reflect.NativeMethodAccessorImpl.invoke0(Native Method)&#xa;	at java.base/jdk.internal.reflect.NativeMethodAccessorImpl.invoke(NativeMethodAccessorImpl.java:77)&#xa;	at java.base/jdk.internal.reflect.DelegatingMethodAccessorImpl.invoke(DelegatingMethodAccessorImpl.java:43)&#xa;Caused by: com.kms.katalon.core.webui.exception.WebElementNotFoundException: Web element with id: 'Object Repository/DES/Trading Partners Page/Search Bill To_input_txt' located by '//*[@id=&quot;billToSelection&quot;]/div/div[2]' not found&#xa;	at com.kms.katalon.core.webui.common.WebUiCommonHelper.findWebElement(WebUiCommonHelper.java:1423)&#xa;	at com.kms.katalon.core.webui.keyword.internal.WebUIAbstractKeyword.findWebElement(WebUIAbstractKeyword.groovy:27)&#xa;	at com.kms.katalon.core.webui.keyword.internal.WebUIAbstractKeyword.findWebElement(WebUIAbstractKeyword.groovy:26)&#xa;	at com.kms.katalon.core.webui.keyword.builtin.SendKeysKeyword$_sendKeys_closure1.doCall(SendKeysKeyword.groovy:52)&#xa;	at com.kms.katalon.core.webui.keyword.builtin.SendKeysKeyword$_sendKeys_closure1.call(SendKeysKeyword.groovy)&#xa;	at com.kms.katalon.core.webui.keyword.internal.WebUIKeywordMain.runKeyword(WebUIKeywordMain.groovy:35)&#xa;	... 22 more&#xa;"/>
         <system-out><![CDATA[21-10-2025T18:38:01 - [TEST_CASE][FAILED] - Test Cases/DES/Trading Partners Page/Details/Verify Adding Bill To Displays: Test Cases/DES/Trading Partners Page/Details/Verify Adding Bill To Displays FAILED.
Reason:
com.kms.katalon.core.exception.StepFailedException: Unable to send keys 'TurkeyHi' to object 'Object Repository/DES/Trading Partners Page/Search Bill To_input_txt'
	at com.kms.katalon.core.webui.keyword.internal.WebUIKeywordMain.stepFailed(WebUIKeywordMain.groovy:117)
	at com.kms.katalon.core.webui.keyword.internal.WebUIKeywordMain.runKeyword(WebUIKeywordMain.groovy:43)
	at com.kms.katalon.core.webui.keyword.builtin.SendKeysKeyword.sendKeys(SendKeysKeyword.groovy:60)
	at com.kms.katalon.core.webui.keyword.builtin.SendKeysKeyword.execute(SendKeysKeyword.groovy:38)
	at com.kms.katalon.core.keyword.internal.KeywordExecutor.executeKeywordForPlatform(KeywordExecutor.groovy:74)
	at com.kms.katalon.core.webui.keyword.WebUiBuiltInKeywords.sendKeys(WebUiBuiltInKeywords.groovy:903)
	at com.kms.katalon.core.webui.keyword.WebUiBuiltInKeywords$sendKeys$11.call(Unknown Source)
	at Verify Adding Bill To Displays.run(Verify Adding Bill To Displays:34)
	at com.kms.katalon.core.main.ScriptEngine.run(ScriptEngine.java:194)
	at com.kms.katalon.core.main.ScriptEngine.runScriptAsRawText(ScriptEngine.java:119)
	at com.kms.katalon.core.main.TestCaseExecutor.runScript(TestCaseExecutor.java:448)
	at com.kms.katalon.core.main.TestCaseExecutor.doExecute(TestCaseExecutor.java:439)
	at com.kms.katalon.core.main.TestCaseExecutor.processExecutionPhase(TestCaseExecutor.java:418)
	at com.kms.katalon.core.main.TestCaseExecutor.accessMainPhase(TestCaseExecutor.java:410)
	at com.kms.katalon.core.main.TestCaseExecutor.execute(TestCaseExecutor.java:285)
	at com.kms.katalon.core.common.CommonExecutor.accessTestCaseMainPhase(CommonExecutor.java:65)
	at com.kms.katalon.core.main.TestSuiteExecutor.accessTestSuiteMainPhase(TestSuiteExecutor.java:150)
	at com.kms.katalon.core.main.TestSuiteExecutor.execute(TestSuiteExecutor.java:106)
	at com.kms.katalon.core.main.TestCaseMain.startTestSuite(TestCaseMain.java:180)
	at com.kms.katalon.core.main.TestCaseMain$startTestSuite$0.call(Unknown Source)
	at TempTestSuite1761084128061.run(TempTestSuite1761084128061.groovy:35)
	at java.base/jdk.internal.reflect.NativeMethodAccessorImpl.invoke0(Native Method)
	at java.base/jdk.internal.reflect.NativeMethodAccessorImpl.invoke(NativeMethodAccessorImpl.java:77)
	at java.base/jdk.internal.reflect.DelegatingMethodAccessorImpl.invoke(DelegatingMethodAccessorImpl.java:43)
Caused by: com.kms.katalon.core.webui.exception.WebElementNotFoundException: Web element with id: 'Object Repository/DES/Trading Partners Page/Search Bill To_input_txt' located by '//*[@id="billToSelection"]/div/div[2]' not found
	at com.kms.katalon.core.webui.common.WebUiCommonHelper.findWebElement(WebUiCommonHelper.java:1423)
	at com.kms.katalon.core.webui.keyword.internal.WebUIAbstractKeyword.findWebElement(WebUIAbstractKeyword.groovy:27)
	at com.kms.katalon.core.webui.keyword.internal.WebUIAbstractKeyword.findWebElement(WebUIAbstractKeyword.groovy:26)
	at com.kms.katalon.core.webui.keyword.builtin.SendKeysKeyword$_sendKeys_closure1.doCall(SendKeysKeyword.groovy:52)
	at com.kms.katalon.core.webui.keyword.builtin.SendKeysKeyword$_sendKeys_closure1.call(SendKeysKeyword.groovy)
	at com.kms.katalon.core.webui.keyword.internal.WebUIKeywordMain.runKeyword(WebUIKeywordMain.groovy:35)
	... 22 more


21-10-2025T18:38:01 - [TEST_STEP][PASSED] - Start listener action : beforeTestCase: null

21-10-2025T18:38:01 - [TEST_STEP][PASSED] - addDefaultPackages(): null

21-10-2025T18:38:01 - [TEST_STEP][PASSED] - callTestCase(findTestCase("DES/DES Login"), [:], STOP_ON_FAILURE): Call Test Case 'Test Cases/DES/DES Login' successfully

21-10-2025T18:38:01 - [TEST_CASE][PASSED] - Test Cases/DES/DES Login: Test Cases/DES/DES Login

21-10-2025T18:38:01 - [TEST_STEP][PASSED] - openBrowser(""): Browser is opened with url: ''

21-10-2025T18:38:01 - [MESSAGE][INFO] - Starting 'Chrome' driver

21-10-2025T18:38:01 - [MESSAGE][INFO] - User set preference: ['args', '[--no-sandbox, --disable-gpu, --disable-dev-shm-usage]']

21-10-2025T18:38:01 - [MESSAGE][INFO] - Action delay is set to 0 milliseconds

21-10-2025T18:38:02 - [MESSAGE][PASSED] - Browser is opened with url: ''

21-10-2025T18:38:02 - [TEST_STEP][PASSED] - maximizeWindow(): Current window maximized

21-10-2025T18:38:02 - [MESSAGE][PASSED] - Current window maximized

21-10-2025T18:38:02 - [TEST_STEP][PASSED] - delay(10): Delayed 10 second(s)

21-10-2025T18:38:12 - [MESSAGE][PASSED] - Delayed 10 second(s)

21-10-2025T18:38:12 - [TEST_STEP][PASSED] - navigateToUrl("https://dx-portal.qa.thekag.com/"): Navigate to 'https://dx-portal.qa.thekag.com/' successfully

21-10-2025T18:38:13 - [MESSAGE][PASSED] - Navigate to 'https://dx-portal.qa.thekag.com/' successfully

21-10-2025T18:38:13 - [TEST_STEP][PASSED] - delay(5): Delayed 5 second(s)

21-10-2025T18:38:18 - [MESSAGE][PASSED] - Delayed 5 second(s)

21-10-2025T18:38:18 - [TEST_STEP][PASSED] - setText(findTestObject("Object Repository/Page_IdentityServer4/input_Username (e.g. email address)_Username"), "Chris.Sheldon+DES_QA@Thekag.com"): Text 'Chris.Sheldon+DES_QA@Thekag.com' is set on object 'Object Repository/Page_IdentityServer4/input_Username (e.g. email address)_Username'

21-10-2025T18:38:18 - [MESSAGE][PASSED] - Text 'Chris.Sheldon+DES_QA@Thekag.com' is set on object 'Object Repository/Page_IdentityServer4/input_Username (e.g. email address)_Username'

21-10-2025T18:38:18 - [TEST_STEP][PASSED] - setEncryptedText(findTestObject("Page_IdentityServer4/input_Password_Password"), "BtpyPJuZxPz9EFo3Zi2c4Q=="): Text ****** has been set on object 'Object Repository/Page_IdentityServer4/input_Password_Password'

21-10-2025T18:38:18 - [MESSAGE][PASSED] - Text ****** has been set on object 'Object Repository/Page_IdentityServer4/input_Password_Password'

21-10-2025T18:38:18 - [TEST_STEP][PASSED] - click(findTestObject("Object Repository/Page_IdentityServer4/button_Login")): Object: 'Object Repository/Page_IdentityServer4/button_Login' is clicked on

21-10-2025T18:38:18 - [MESSAGE][PASSED] - Object: 'Object Repository/Page_IdentityServer4/button_Login' is clicked on

21-10-2025T18:38:18 - [TEST_STEP][PASSED] - delay(5): Delayed 5 second(s)

21-10-2025T18:38:23 - [MESSAGE][PASSED] - Delayed 5 second(s)

21-10-2025T18:38:23 - [MESSAGE][PASSED] - Call Test Case 'Test Cases/DES/DES Login' successfully

21-10-2025T18:38:23 - [TEST_STEP][PASSED] - verifyElementClickable(findTestObject("DES/Trading Partners Page/Search Trading Partner_input_txt")): Object 'Object Repository/DES/Trading Partners Page/Search Trading Partner_input_txt' is clickable

21-10-2025T18:38:23 - [MESSAGE][PASSED] - Object 'Object Repository/DES/Trading Partners Page/Search Trading Partner_input_txt' is clickable

21-10-2025T18:38:23 - [TEST_STEP][PASSED] - setText(findTestObject("DES/Trading Partners Page/Search Trading Partner_input_txt"), "Katalon INV"): Text 'Katalon INV' is set on object 'Object Repository/DES/Trading Partners Page/Search Trading Partner_input_txt'

21-10-2025T18:38:23 - [MESSAGE][PASSED] - Text 'Katalon INV' is set on object 'Object Repository/DES/Trading Partners Page/Search Trading Partner_input_txt'

21-10-2025T18:38:23 - [TEST_STEP][PASSED] - delay(5): Delayed 5 second(s)

21-10-2025T18:38:28 - [MESSAGE][PASSED] - Delayed 5 second(s)

21-10-2025T18:38:28 - [TEST_STEP][PASSED] - click(findTestObject("DES/Trading Partners Page/Katalon Trading TP View_btn")): Object: 'Object Repository/DES/Trading Partners Page/Katalon Trading TP View_btn' is clicked on

21-10-2025T18:38:29 - [MESSAGE][PASSED] - Object: 'Object Repository/DES/Trading Partners Page/Katalon Trading TP View_btn' is clicked on

21-10-2025T18:38:29 - [TEST_STEP][PASSED] - verifyElementClickable(findTestObject("DES/Trading Partners Page/Add Bill To_btn")): Object 'Object Repository/DES/Trading Partners Page/Add Bill To_btn' is clickable

21-10-2025T18:38:30 - [MESSAGE][PASSED] - Object 'Object Repository/DES/Trading Partners Page/Add Bill To_btn' is clickable

21-10-2025T18:38:30 - [TEST_STEP][PASSED] - click(findTestObject("DES/Trading Partners Page/Add Bill To_btn")): Object: 'Object Repository/DES/Trading Partners Page/Add Bill To_btn' is clicked on

21-10-2025T18:38:30 - [MESSAGE][PASSED] - Object: 'Object Repository/DES/Trading Partners Page/Add Bill To_btn' is clicked on

21-10-2025T18:38:30 - [TEST_STEP][FAILED] - sendKeys(findTestObject("DES/Trading Partners Page/Search Bill To_input_txt"), "TurkeyHi"): Unable to send keys 'TurkeyHi' to object 'Object Repository/DES/Trading Partners Page/Search Bill To_input_txt' (Root cause: com.kms.katalon.core.exception.StepFailedException: Unable to send keys 'TurkeyHi' to object 'Object Repository/DES/Trading Partners Page/Search Bill To_input_txt'
	at com.kms.katalon.core.webui.keyword.internal.WebUIKeywordMain.stepFailed(WebUIKeywordMain.groovy:117)
	at com.kms.katalon.core.webui.keyword.internal.WebUIKeywordMain.runKeyword(WebUIKeywordMain.groovy:43)
	at com.kms.katalon.core.webui.keyword.builtin.SendKeysKeyword.sendKeys(SendKeysKeyword.groovy:60)
	at com.kms.katalon.core.webui.keyword.builtin.SendKeysKeyword.execute(SendKeysKeyword.groovy:38)
	at com.kms.katalon.core.keyword.internal.KeywordExecutor.executeKeywordForPlatform(KeywordExecutor.groovy:74)
	at com.kms.katalon.core.webui.keyword.WebUiBuiltInKeywords.sendKeys(WebUiBuiltInKeywords.groovy:903)
	at com.kms.katalon.core.webui.keyword.WebUiBuiltInKeywords$sendKeys$11.call(Unknown Source)
	at Verify Adding Bill To Displays.run(Verify Adding Bill To Displays:34)
	at com.kms.katalon.core.main.ScriptEngine.run(ScriptEngine.java:194)
	at com.kms.katalon.core.main.ScriptEngine.runScriptAsRawText(ScriptEngine.java:119)
	at com.kms.katalon.core.main.TestCaseExecutor.runScript(TestCaseExecutor.java:448)
	at com.kms.katalon.core.main.TestCaseExecutor.doExecute(TestCaseExecutor.java:439)
	at com.kms.katalon.core.main.TestCaseExecutor.processExecutionPhase(TestCaseExecutor.java:418)
	at com.kms.katalon.core.main.TestCaseExecutor.accessMainPhase(TestCaseExecutor.java:410)
	at com.kms.katalon.core.main.TestCaseExecutor.execute(TestCaseExecutor.java:285)
	at com.kms.katalon.core.common.CommonExecutor.accessTestCaseMainPhase(CommonExecutor.java:65)
	at com.kms.katalon.core.main.TestSuiteExecutor.accessTestSuiteMainPhase(TestSuiteExecutor.java:150)
	at com.kms.katalon.core.main.TestSuiteExecutor.execute(TestSuiteExecutor.java:106)
	at com.kms.katalon.core.main.TestCaseMain.startTestSuite(TestCaseMain.java:180)
	at com.kms.katalon.core.main.TestCaseMain$startTestSuite$0.call(Unknown Source)
	at TempTestSuite1761084128061.run(TempTestSuite1761084128061.groovy:35)
	at java.base/jdk.internal.reflect.NativeMethodAccessorImpl.invoke0(Native Method)
	at java.base/jdk.internal.reflect.NativeMethodAccessorImpl.invoke(NativeMethodAccessorImpl.java:77)
	at java.base/jdk.internal.reflect.DelegatingMethodAccessorImpl.invoke(DelegatingMethodAccessorImpl.java:43)
Caused by: com.kms.katalon.core.webui.exception.WebElementNotFoundException: Web element with id: 'Object Repository/DES/Trading Partners Page/Search Bill To_input_txt' located by '//*[@id="billToSelection"]/div/div[2]' not found
	at com.kms.katalon.core.webui.common.WebUiCommonHelper.findWebElement(WebUiCommonHelper.java:1423)
	at com.kms.katalon.core.webui.keyword.internal.WebUIAbstractKeyword.findWebElement(WebUIAbstractKeyword.groovy:27)
	at com.kms.katalon.core.webui.keyword.internal.WebUIAbstractKeyword.findWebElement(WebUIAbstractKeyword.groovy:26)
	at com.kms.katalon.core.webui.keyword.builtin.SendKeysKeyword$_sendKeys_closure1.doCall(SendKeysKeyword.groovy:52)
	at com.kms.katalon.core.webui.keyword.builtin.SendKeysKeyword$_sendKeys_closure1.call(SendKeysKeyword.groovy)
	at com.kms.katalon.core.webui.keyword.internal.WebUIKeywordMain.runKeyword(WebUIKeywordMain.groovy:35)
	at com.kms.katalon.core.webui.keyword.builtin.SendKeysKeyword.sendKeys(SendKeysKeyword.groovy:60)
	at com.kms.katalon.core.webui.keyword.builtin.SendKeysKeyword.execute(SendKeysKeyword.groovy:38)
	at com.kms.katalon.core.keyword.internal.KeywordExecutor.executeKeywordForPlatform(KeywordExecutor.groovy:74)
	at com.kms.katalon.core.webui.keyword.WebUiBuiltInKeywords.sendKeys(WebUiBuiltInKeywords.groovy:903)
	at com.kms.katalon.core.webui.keyword.WebUiBuiltInKeywords$sendKeys$11.call(Unknown Source)
	at Script1685454101477.run(Script1685454101477.groovy:34)
	... 16 more
)

21-10-2025T18:38:46 - [MESSAGE][INFO] - Unable to find the element located by 'By.xpath: //*[@id="billToSelection"]/div/div[2]'. Please recheck the objects properties to make sure the desired element is located. 

21-10-2025T18:38:46 - [MESSAGE][WARNING] - [SELF-HEALING] Failed to find element with id 'Object Repository/DES/Trading Partners Page/Search Bill To_input_txt'. Try using Self-healing.

21-10-2025T18:38:47 - [MESSAGE][INFO] - [SELF-HEALING] No working XPath is found.

21-10-2025T18:38:49 - [MESSAGE][INFO] - Unable to find the element located by 'By.xpath: '. Please recheck the objects properties to make sure the desired element is located. 

21-10-2025T18:38:49 - [MESSAGE][WARNING] - [SELF-HEALING] Cannot find elements when the selector is null

21-10-2025T18:38:49 - [MESSAGE][FAILED] - Unable to send keys 'TurkeyHi' to object 'Object Repository/DES/Trading Partners Page/Search Bill To_input_txt' (Root cause: com.kms.katalon.core.exception.StepFailedException: Unable to send keys 'TurkeyHi' to object 'Object Repository/DES/Trading Partners Page/Search Bill To_input_txt'
	at com.kms.katalon.core.webui.keyword.internal.WebUIKeywordMain.stepFailed(WebUIKeywordMain.groovy:117)
	at com.kms.katalon.core.webui.keyword.internal.WebUIKeywordMain.runKeyword(WebUIKeywordMain.groovy:43)
	at com.kms.katalon.core.webui.keyword.builtin.SendKeysKeyword.sendKeys(SendKeysKeyword.groovy:60)
	at com.kms.katalon.core.webui.keyword.builtin.SendKeysKeyword.execute(SendKeysKeyword.groovy:38)
	at com.kms.katalon.core.keyword.internal.KeywordExecutor.executeKeywordForPlatform(KeywordExecutor.groovy:74)
	at com.kms.katalon.core.webui.keyword.WebUiBuiltInKeywords.sendKeys(WebUiBuiltInKeywords.groovy:903)
	at com.kms.katalon.core.webui.keyword.WebUiBuiltInKeywords$sendKeys$11.call(Unknown Source)
	at Verify Adding Bill To Displays.run(Verify Adding Bill To Displays:34)
	at com.kms.katalon.core.main.ScriptEngine.run(ScriptEngine.java:194)
	at com.kms.katalon.core.main.ScriptEngine.runScriptAsRawText(ScriptEngine.java:119)
	at com.kms.katalon.core.main.TestCaseExecutor.runScript(TestCaseExecutor.java:448)
	at com.kms.katalon.core.main.TestCaseExecutor.doExecute(TestCaseExecutor.java:439)
	at com.kms.katalon.core.main.TestCaseExecutor.processExecutionPhase(TestCaseExecutor.java:418)
	at com.kms.katalon.core.main.TestCaseExecutor.accessMainPhase(TestCaseExecutor.java:410)
	at com.kms.katalon.core.main.TestCaseExecutor.execute(TestCaseExecutor.java:285)
	at com.kms.katalon.core.common.CommonExecutor.accessTestCaseMainPhase(CommonExecutor.java:65)
	at com.kms.katalon.core.main.TestSuiteExecutor.accessTestSuiteMainPhase(TestSuiteExecutor.java:150)
	at com.kms.katalon.core.main.TestSuiteExecutor.execute(TestSuiteExecutor.java:106)
	at com.kms.katalon.core.main.TestCaseMain.startTestSuite(TestCaseMain.java:180)
	at com.kms.katalon.core.main.TestCaseMain$startTestSuite$0.call(Unknown Source)
	at TempTestSuite1761084128061.run(TempTestSuite1761084128061.groovy:35)
	at java.base/jdk.internal.reflect.NativeMethodAccessorImpl.invoke0(Native Method)
	at java.base/jdk.internal.reflect.NativeMethodAccessorImpl.invoke(NativeMethodAccessorImpl.java:77)
	at java.base/jdk.internal.reflect.DelegatingMethodAccessorImpl.invoke(DelegatingMethodAccessorImpl.java:43)
Caused by: com.kms.katalon.core.webui.exception.WebElementNotFoundException: Web element with id: 'Object Repository/DES/Trading Partners Page/Search Bill To_input_txt' located by '//*[@id="billToSelection"]/div/div[2]' not found
	at com.kms.katalon.core.webui.common.WebUiCommonHelper.findWebElement(WebUiCommonHelper.java:1423)
	at com.kms.katalon.core.webui.keyword.internal.WebUIAbstractKeyword.findWebElement(WebUIAbstractKeyword.groovy:27)
	at com.kms.katalon.core.webui.keyword.internal.WebUIAbstractKeyword.findWebElement(WebUIAbstractKeyword.groovy:26)
	at com.kms.katalon.core.webui.keyword.builtin.SendKeysKeyword$_sendKeys_closure1.doCall(SendKeysKeyword.groovy:52)
	at com.kms.katalon.core.webui.keyword.builtin.SendKeysKeyword$_sendKeys_closure1.call(SendKeysKeyword.groovy)
	at com.kms.katalon.core.webui.keyword.internal.WebUIKeywordMain.runKeyword(WebUIKeywordMain.groovy:35)
	at com.kms.katalon.core.webui.keyword.builtin.SendKeysKeyword.sendKeys(SendKeysKeyword.groovy:60)
	at com.kms.katalon.core.webui.keyword.builtin.SendKeysKeyword.execute(SendKeysKeyword.groovy:38)
	at com.kms.katalon.core.keyword.internal.KeywordExecutor.executeKeywordForPlatform(KeywordExecutor.groovy:74)
	at com.kms.katalon.core.webui.keyword.WebUiBuiltInKeywords.sendKeys(WebUiBuiltInKeywords.groovy:903)
	at com.kms.katalon.core.webui.keyword.WebUiBuiltInKeywords$sendKeys$11.call(Unknown Source)
	at Script1685454101477.run(Script1685454101477.groovy:34)
	... 16 more
)

21-10-2025T18:38:50 - [TEST_STEP][PASSED] - Start listener action : retryOnDisconnect: Current window's url is: 'https://dx-portal.qa.thekag.com/admin/viewpartner/309083f6-f4df-4168-a398-08dc2bfb9c3d'

21-10-2025T18:38:50 - [TEST_STEP][PASSED] - tcId = testCaseContext.getTestCaseId(): null

21-10-2025T18:38:50 - [TEST_STEP][PASSED] - currentRetry = retryCounts.getOrDefault(tcId, 0): null

21-10-2025T18:38:50 - [TEST_STEP][PASSED] - if (testCaseContext.getTestCaseStatus() == "FAILED" && currentRetry < MAX_RETRIES): Current window's url is: 'https://dx-portal.qa.thekag.com/admin/viewpartner/309083f6-f4df-4168-a398-08dc2bfb9c3d'

21-10-2025T18:38:50 - [TEST_STEP][PASSED] - try: Current window's url is: 'https://dx-portal.qa.thekag.com/admin/viewpartner/309083f6-f4df-4168-a398-08dc2bfb9c3d'

21-10-2025T18:38:50 - [TEST_STEP][PASSED] - comment(Checking for WebDriver disconnect for test case: $tcId): Checking for WebDriver disconnect for test case: Test Cases/DES/Trading Partners Page/Details/Verify Adding Bill To Displays

21-10-2025T18:38:50 - [MESSAGE][INFO] - Checking for WebDriver disconnect for test case: Test Cases/DES/Trading Partners Page/Details/Verify Adding Bill To Displays

21-10-2025T18:38:50 - [TEST_STEP][PASSED] - getUrl(): Current window's url is: 'https://dx-portal.qa.thekag.com/admin/viewpartner/309083f6-f4df-4168-a398-08dc2bfb9c3d'

21-10-2025T18:38:50 - [MESSAGE][PASSED] - Current window's url is: 'https://dx-portal.qa.thekag.com/admin/viewpartner/309083f6-f4df-4168-a398-08dc2bfb9c3d']]></system-out>
         <system-err><![CDATA[21-10-2025T18:38:01 - [TEST_CASE][FAILED] - Test Cases/DES/Trading Partners Page/Details/Verify Adding Bill To Displays: Test Cases/DES/Trading Partners Page/Details/Verify Adding Bill To Displays FAILED.
Reason:
com.kms.katalon.core.exception.StepFailedException: Unable to send keys 'TurkeyHi' to object 'Object Repository/DES/Trading Partners Page/Search Bill To_input_txt'
	at com.kms.katalon.core.webui.keyword.internal.WebUIKeywordMain.stepFailed(WebUIKeywordMain.groovy:117)
	at com.kms.katalon.core.webui.keyword.internal.WebUIKeywordMain.runKeyword(WebUIKeywordMain.groovy:43)
	at com.kms.katalon.core.webui.keyword.builtin.SendKeysKeyword.sendKeys(SendKeysKeyword.groovy:60)
	at com.kms.katalon.core.webui.keyword.builtin.SendKeysKeyword.execute(SendKeysKeyword.groovy:38)
	at com.kms.katalon.core.keyword.internal.KeywordExecutor.executeKeywordForPlatform(KeywordExecutor.groovy:74)
	at com.kms.katalon.core.webui.keyword.WebUiBuiltInKeywords.sendKeys(WebUiBuiltInKeywords.groovy:903)
	at com.kms.katalon.core.webui.keyword.WebUiBuiltInKeywords$sendKeys$11.call(Unknown Source)
	at Verify Adding Bill To Displays.run(Verify Adding Bill To Displays:34)
	at com.kms.katalon.core.main.ScriptEngine.run(ScriptEngine.java:194)
	at com.kms.katalon.core.main.ScriptEngine.runScriptAsRawText(ScriptEngine.java:119)
	at com.kms.katalon.core.main.TestCaseExecutor.runScript(TestCaseExecutor.java:448)
	at com.kms.katalon.core.main.TestCaseExecutor.doExecute(TestCaseExecutor.java:439)
	at com.kms.katalon.core.main.TestCaseExecutor.processExecutionPhase(TestCaseExecutor.java:418)
	at com.kms.katalon.core.main.TestCaseExecutor.accessMainPhase(TestCaseExecutor.java:410)
	at com.kms.katalon.core.main.TestCaseExecutor.execute(TestCaseExecutor.java:285)
	at com.kms.katalon.core.common.CommonExecutor.accessTestCaseMainPhase(CommonExecutor.java:65)
	at com.kms.katalon.core.main.TestSuiteExecutor.accessTestSuiteMainPhase(TestSuiteExecutor.java:150)
	at com.kms.katalon.core.main.TestSuiteExecutor.execute(TestSuiteExecutor.java:106)
	at com.kms.katalon.core.main.TestCaseMain.startTestSuite(TestCaseMain.java:180)
	at com.kms.katalon.core.main.TestCaseMain$startTestSuite$0.call(Unknown Source)
	at TempTestSuite1761084128061.run(TempTestSuite1761084128061.groovy:35)
	at java.base/jdk.internal.reflect.NativeMethodAccessorImpl.invoke0(Native Method)
	at java.base/jdk.internal.reflect.NativeMethodAccessorImpl.invoke(NativeMethodAccessorImpl.java:77)
	at java.base/jdk.internal.reflect.DelegatingMethodAccessorImpl.invoke(DelegatingMethodAccessorImpl.java:43)
Caused by: com.kms.katalon.core.webui.exception.WebElementNotFoundException: Web element with id: 'Object Repository/DES/Trading Partners Page/Search Bill To_input_txt' located by '//*[@id="billToSelection"]/div/div[2]' not found
	at com.kms.katalon.core.webui.common.WebUiCommonHelper.findWebElement(WebUiCommonHelper.java:1423)
	at com.kms.katalon.core.webui.keyword.internal.WebUIAbstractKeyword.findWebElement(WebUIAbstractKeyword.groovy:27)
	at com.kms.katalon.core.webui.keyword.internal.WebUIAbstractKeyword.findWebElement(WebUIAbstractKeyword.groovy:26)
	at com.kms.katalon.core.webui.keyword.builtin.SendKeysKeyword$_sendKeys_closure1.doCall(SendKeysKeyword.groovy:52)
	at com.kms.katalon.core.webui.keyword.builtin.SendKeysKeyword$_sendKeys_closure1.call(SendKeysKeyword.groovy)
	at com.kms.katalon.core.webui.keyword.internal.WebUIKeywordMain.runKeyword(WebUIKeywordMain.groovy:35)
	... 22 more]]></system-err>
      </testcase>
      <testcase name="Test Cases/DES/Trading Partners Page/Details/Verify Detail Sections" time="30.835" classname="Test Cases/DES/Trading Partners Page/Details/Verify Detail Sections" status="PASSED">
         <system-out><![CDATA[21-10-2025T18:38:50 - [TEST_CASE][PASSED] - Test Cases/DES/Trading Partners Page/Details/Verify Detail Sections: Test Cases/DES/Trading Partners Page/Details/Verify Detail Sections

21-10-2025T18:38:50 - [TEST_STEP][PASSED] - Start listener action : beforeTestCase: null

21-10-2025T18:38:50 - [TEST_STEP][PASSED] - addDefaultPackages(): null

21-10-2025T18:38:50 - [TEST_STEP][PASSED] - callTestCase(findTestCase("DES/DES Login"), [:], STOP_ON_FAILURE): Call Test Case 'Test Cases/DES/DES Login' successfully

21-10-2025T18:38:50 - [TEST_CASE][PASSED] - Test Cases/DES/DES Login: Test Cases/DES/DES Login

21-10-2025T18:38:50 - [TEST_STEP][PASSED] - openBrowser(""): Browser is opened with url: ''

21-10-2025T18:38:50 - [MESSAGE][WARNING] - A browser is already opened. Closing browser and opening a new one

21-10-2025T18:38:50 - [MESSAGE][INFO] - Starting 'Chrome' driver

21-10-2025T18:38:50 - [MESSAGE][INFO] - User set preference: ['args', '[--no-sandbox, --disable-gpu, --disable-dev-shm-usage]']

21-10-2025T18:38:50 - [MESSAGE][INFO] - Action delay is set to 0 milliseconds

21-10-2025T18:38:51 - [MESSAGE][PASSED] - Browser is opened with url: ''

21-10-2025T18:38:51 - [TEST_STEP][PASSED] - maximizeWindow(): Current window maximized

21-10-2025T18:38:51 - [MESSAGE][PASSED] - Current window maximized

21-10-2025T18:38:51 - [TEST_STEP][PASSED] - delay(10): Delayed 10 second(s)

21-10-2025T18:39:01 - [MESSAGE][PASSED] - Delayed 10 second(s)

21-10-2025T18:39:01 - [TEST_STEP][PASSED] - navigateToUrl("https://dx-portal.qa.thekag.com/"): Navigate to 'https://dx-portal.qa.thekag.com/' successfully

21-10-2025T18:39:01 - [MESSAGE][PASSED] - Navigate to 'https://dx-portal.qa.thekag.com/' successfully

21-10-2025T18:39:01 - [TEST_STEP][PASSED] - delay(5): Delayed 5 second(s)

21-10-2025T18:39:06 - [MESSAGE][PASSED] - Delayed 5 second(s)

21-10-2025T18:39:06 - [TEST_STEP][PASSED] - setText(findTestObject("Object Repository/Page_IdentityServer4/input_Username (e.g. email address)_Username"), "Chris.Sheldon+DES_QA@Thekag.com"): Text 'Chris.Sheldon+DES_QA@Thekag.com' is set on object 'Object Repository/Page_IdentityServer4/input_Username (e.g. email address)_Username'

21-10-2025T18:39:06 - [MESSAGE][PASSED] - Text 'Chris.Sheldon+DES_QA@Thekag.com' is set on object 'Object Repository/Page_IdentityServer4/input_Username (e.g. email address)_Username'

21-10-2025T18:39:06 - [TEST_STEP][PASSED] - setEncryptedText(findTestObject("Page_IdentityServer4/input_Password_Password"), "BtpyPJuZxPz9EFo3Zi2c4Q=="): Text ****** has been set on object 'Object Repository/Page_IdentityServer4/input_Password_Password'

21-10-2025T18:39:06 - [MESSAGE][PASSED] - Text ****** has been set on object 'Object Repository/Page_IdentityServer4/input_Password_Password'

21-10-2025T18:39:06 - [TEST_STEP][PASSED] - click(findTestObject("Object Repository/Page_IdentityServer4/button_Login")): Object: 'Object Repository/Page_IdentityServer4/button_Login' is clicked on

21-10-2025T18:39:06 - [MESSAGE][PASSED] - Object: 'Object Repository/Page_IdentityServer4/button_Login' is clicked on

21-10-2025T18:39:06 - [TEST_STEP][PASSED] - delay(5): Delayed 5 second(s)

21-10-2025T18:39:11 - [MESSAGE][PASSED] - Delayed 5 second(s)

21-10-2025T18:39:11 - [MESSAGE][PASSED] - Call Test Case 'Test Cases/DES/DES Login' successfully

21-10-2025T18:39:11 - [TEST_STEP][PASSED] - verifyElementClickable(findTestObject("DES/Trading Partners Page/Search Trading Partner_input_txt")): Object 'Object Repository/DES/Trading Partners Page/Search Trading Partner_input_txt' is clickable

21-10-2025T18:39:12 - [MESSAGE][PASSED] - Object 'Object Repository/DES/Trading Partners Page/Search Trading Partner_input_txt' is clickable

21-10-2025T18:39:12 - [TEST_STEP][PASSED] - setText(findTestObject("DES/Trading Partners Page/Search Trading Partner_input_txt"), "Katalon Testing TP"): Text 'Katalon Testing TP' is set on object 'Object Repository/DES/Trading Partners Page/Search Trading Partner_input_txt'

21-10-2025T18:39:12 - [MESSAGE][PASSED] - Text 'Katalon Testing TP' is set on object 'Object Repository/DES/Trading Partners Page/Search Trading Partner_input_txt'

21-10-2025T18:39:12 - [TEST_STEP][PASSED] - delay(5): Delayed 5 second(s)

21-10-2025T18:39:17 - [MESSAGE][PASSED] - Delayed 5 second(s)

21-10-2025T18:39:17 - [TEST_STEP][PASSED] - click(findTestObject("DES/Trading Partners Page/Katalon Trading TP View_btn")): Object: 'Object Repository/DES/Trading Partners Page/Katalon Trading TP View_btn' is clicked on

21-10-2025T18:39:17 - [MESSAGE][PASSED] - Object: 'Object Repository/DES/Trading Partners Page/Katalon Trading TP View_btn' is clicked on

21-10-2025T18:39:17 - [TEST_STEP][PASSED] - verifyElementPresent(findTestObject("DES/Trading Partners Page/Details/Details Tab"), 30): Object 'Object Repository/DES/Trading Partners Page/Details/Details Tab' is present

21-10-2025T18:39:19 - [MESSAGE][PASSED] - Object 'Object Repository/DES/Trading Partners Page/Details/Details Tab' is present

21-10-2025T18:39:19 - [TEST_STEP][PASSED] - verifyElementClickable(findTestObject("DES/Trading Partners Page/Details/Details Tab")): Object 'Object Repository/DES/Trading Partners Page/Details/Details Tab' is clickable

21-10-2025T18:39:19 - [MESSAGE][PASSED] - Object 'Object Repository/DES/Trading Partners Page/Details/Details Tab' is clickable

21-10-2025T18:39:19 - [TEST_STEP][PASSED] - click(findTestObject("DES/Trading Partners Page/Details/Details Tab")): Object: 'Object Repository/DES/Trading Partners Page/Details/Details Tab' is clicked on

21-10-2025T18:39:19 - [MESSAGE][PASSED] - Object: 'Object Repository/DES/Trading Partners Page/Details/Details Tab' is clicked on

21-10-2025T18:39:19 - [TEST_STEP][PASSED] - verifyElementPresent(findTestObject("DES/Trading Partners Page/Details/Bill To(s)_lbl"), 30): Object 'Object Repository/DES/Trading Partners Page/Details/Bill To(s)_lbl' is present

21-10-2025T18:39:20 - [MESSAGE][PASSED] - Object 'Object Repository/DES/Trading Partners Page/Details/Bill To(s)_lbl' is present

21-10-2025T18:39:20 - [TEST_STEP][PASSED] - verifyElementText(findTestObject("DES/Trading Partners Page/Details/Bill To(s)_lbl"), "Bill To(s)"): Actual text and expected text of test object 'Object Repository/DES/Trading Partners Page/Details/Bill To(s)_lbl' are matched.

21-10-2025T18:39:20 - [MESSAGE][PASSED] - Actual text and expected text of test object 'Object Repository/DES/Trading Partners Page/Details/Bill To(s)_lbl' are matched.

21-10-2025T18:39:20 - [TEST_STEP][PASSED] - verifyElementPresent(findTestObject("DES/Trading Partners Page/Details/Contact Information_lbl"), 30): Object 'Object Repository/DES/Trading Partners Page/Details/Contact Information_lbl' is present

21-10-2025T18:39:20 - [MESSAGE][PASSED] - Object 'Object Repository/DES/Trading Partners Page/Details/Contact Information_lbl' is present

21-10-2025T18:39:20 - [TEST_STEP][PASSED] - verifyElementText(findTestObject("DES/Trading Partners Page/Details/Contact Information_lbl"), "Contact Information"): Actual text and expected text of test object 'Object Repository/DES/Trading Partners Page/Details/Contact Information_lbl' are matched.

21-10-2025T18:39:20 - [MESSAGE][PASSED] - Actual text and expected text of test object 'Object Repository/DES/Trading Partners Page/Details/Contact Information_lbl' are matched.

21-10-2025T18:39:20 - [TEST_STEP][PASSED] - verifyElementPresent(findTestObject("DES/Trading Partners Page/Details/Historical Data_lbl"), 30): Object 'Object Repository/DES/Trading Partners Page/Details/Historical Data_lbl' is present

21-10-2025T18:39:20 - [MESSAGE][PASSED] - Object 'Object Repository/DES/Trading Partners Page/Details/Historical Data_lbl' is present

21-10-2025T18:39:20 - [TEST_STEP][PASSED] - verifyElementText(findTestObject("DES/Trading Partners Page/Details/Historical Data_lbl"), "Historical Data"): Actual text and expected text of test object 'Object Repository/DES/Trading Partners Page/Details/Historical Data_lbl' are matched.

21-10-2025T18:39:20 - [MESSAGE][PASSED] - Actual text and expected text of test object 'Object Repository/DES/Trading Partners Page/Details/Historical Data_lbl' are matched.

21-10-2025T18:39:20 - [TEST_STEP][PASSED] - verifyElementPresent(findTestObject("DES/Trading Partners Page/Details/Subscriptions_lbl"), 30): Object 'Object Repository/DES/Trading Partners Page/Details/Subscriptions_lbl' is present

21-10-2025T18:39:20 - [MESSAGE][PASSED] - Object 'Object Repository/DES/Trading Partners Page/Details/Subscriptions_lbl' is present

21-10-2025T18:39:20 - [TEST_STEP][PASSED] - verifyElementText(findTestObject("DES/Trading Partners Page/Details/Subscriptions_lbl"), "Subscriptions"): Actual text and expected text of test object 'Object Repository/DES/Trading Partners Page/Details/Subscriptions_lbl' are matched.

21-10-2025T18:39:20 - [MESSAGE][PASSED] - Actual text and expected text of test object 'Object Repository/DES/Trading Partners Page/Details/Subscriptions_lbl' are matched.

21-10-2025T18:39:20 - [TEST_STEP][PASSED] - verifyElementPresent(findTestObject("DES/Trading Partners Page/Details/Active Subscription Sub-Types_lbl"), 30): Object 'Object Repository/DES/Trading Partners Page/Details/Active Subscription Sub-Types_lbl' is present

21-10-2025T18:39:20 - [MESSAGE][PASSED] - Object 'Object Repository/DES/Trading Partners Page/Details/Active Subscription Sub-Types_lbl' is present

21-10-2025T18:39:20 - [TEST_STEP][PASSED] - verifyElementText(findTestObject("DES/Trading Partners Page/Details/Active Subscription Sub-Types_lbl"), "Active Subscription Sub-Types"): Actual text and expected text of test object 'Object Repository/DES/Trading Partners Page/Details/Active Subscription Sub-Types_lbl' are matched.

21-10-2025T18:39:20 - [MESSAGE][PASSED] - Actual text and expected text of test object 'Object Repository/DES/Trading Partners Page/Details/Active Subscription Sub-Types_lbl' are matched.

21-10-2025T18:39:20 - [TEST_STEP][PASSED] - closeBrowser(): Browser is closed

21-10-2025T18:39:20 - [MESSAGE][PASSED] - Browser is closed

21-10-2025T18:39:20 - [TEST_STEP][PASSED] - Start listener action : retryOnDisconnect: null

21-10-2025T18:39:20 - [TEST_STEP][PASSED] - tcId = testCaseContext.getTestCaseId(): null

21-10-2025T18:39:20 - [TEST_STEP][PASSED] - currentRetry = retryCounts.getOrDefault(tcId, 0): null

21-10-2025T18:39:20 - [TEST_STEP][PASSED] - if (testCaseContext.getTestCaseStatus() == "FAILED" && currentRetry < MAX_RETRIES): null]]></system-out>
         <system-err><![CDATA[]]></system-err>
      </testcase>
      <testcase name="Test Cases/DES/Trading Partners Page/Details/Verify Removing Bill To Disappears" time="34.083" classname="Test Cases/DES/Trading Partners Page/Details/Verify Removing Bill To Disappears" status="PASSED">
         <system-out><![CDATA[21-10-2025T18:39:20 - [TEST_CASE][PASSED] - Test Cases/DES/Trading Partners Page/Details/Verify Removing Bill To Disappears: Test Cases/DES/Trading Partners Page/Details/Verify Removing Bill To Disappears

21-10-2025T18:39:20 - [TEST_STEP][PASSED] - Start listener action : beforeTestCase: null

21-10-2025T18:39:20 - [TEST_STEP][PASSED] - addDefaultPackages(): null

21-10-2025T18:39:20 - [TEST_STEP][PASSED] - callTestCase(findTestCase("DES/DES Login"), [:], STOP_ON_FAILURE): Call Test Case 'Test Cases/DES/DES Login' successfully

21-10-2025T18:39:21 - [TEST_CASE][PASSED] - Test Cases/DES/DES Login: Test Cases/DES/DES Login

21-10-2025T18:39:21 - [TEST_STEP][PASSED] - openBrowser(""): Browser is opened with url: ''

21-10-2025T18:39:21 - [MESSAGE][INFO] - Starting 'Chrome' driver

21-10-2025T18:39:21 - [MESSAGE][INFO] - User set preference: ['args', '[--no-sandbox, --disable-gpu, --disable-dev-shm-usage]']

21-10-2025T18:39:21 - [MESSAGE][INFO] - Action delay is set to 0 milliseconds

21-10-2025T18:39:21 - [MESSAGE][PASSED] - Browser is opened with url: ''

21-10-2025T18:39:21 - [TEST_STEP][PASSED] - maximizeWindow(): Current window maximized

21-10-2025T18:39:21 - [MESSAGE][PASSED] - Current window maximized

21-10-2025T18:39:21 - [TEST_STEP][PASSED] - delay(10): Delayed 10 second(s)

21-10-2025T18:39:31 - [MESSAGE][PASSED] - Delayed 10 second(s)

21-10-2025T18:39:31 - [TEST_STEP][PASSED] - navigateToUrl("https://dx-portal.qa.thekag.com/"): Navigate to 'https://dx-portal.qa.thekag.com/' successfully

21-10-2025T18:39:32 - [MESSAGE][PASSED] - Navigate to 'https://dx-portal.qa.thekag.com/' successfully

21-10-2025T18:39:32 - [TEST_STEP][PASSED] - delay(5): Delayed 5 second(s)

21-10-2025T18:39:37 - [MESSAGE][PASSED] - Delayed 5 second(s)

21-10-2025T18:39:37 - [TEST_STEP][PASSED] - setText(findTestObject("Object Repository/Page_IdentityServer4/input_Username (e.g. email address)_Username"), "Chris.Sheldon+DES_QA@Thekag.com"): Text 'Chris.Sheldon+DES_QA@Thekag.com' is set on object 'Object Repository/Page_IdentityServer4/input_Username (e.g. email address)_Username'

21-10-2025T18:39:37 - [MESSAGE][PASSED] - Text 'Chris.Sheldon+DES_QA@Thekag.com' is set on object 'Object Repository/Page_IdentityServer4/input_Username (e.g. email address)_Username'

21-10-2025T18:39:37 - [TEST_STEP][PASSED] - setEncryptedText(findTestObject("Page_IdentityServer4/input_Password_Password"), "BtpyPJuZxPz9EFo3Zi2c4Q=="): Text ****** has been set on object 'Object Repository/Page_IdentityServer4/input_Password_Password'

21-10-2025T18:39:37 - [MESSAGE][PASSED] - Text ****** has been set on object 'Object Repository/Page_IdentityServer4/input_Password_Password'

21-10-2025T18:39:37 - [TEST_STEP][PASSED] - click(findTestObject("Object Repository/Page_IdentityServer4/button_Login")): Object: 'Object Repository/Page_IdentityServer4/button_Login' is clicked on

21-10-2025T18:39:37 - [MESSAGE][PASSED] - Object: 'Object Repository/Page_IdentityServer4/button_Login' is clicked on

21-10-2025T18:39:37 - [TEST_STEP][PASSED] - delay(5): Delayed 5 second(s)

21-10-2025T18:39:42 - [MESSAGE][PASSED] - Delayed 5 second(s)

21-10-2025T18:39:42 - [MESSAGE][PASSED] - Call Test Case 'Test Cases/DES/DES Login' successfully

21-10-2025T18:39:42 - [TEST_STEP][PASSED] - verifyElementClickable(findTestObject("DES/Trading Partners Page/Search Trading Partner_input_txt")): Object 'Object Repository/DES/Trading Partners Page/Search Trading Partner_input_txt' is clickable

21-10-2025T18:39:42 - [MESSAGE][PASSED] - Object 'Object Repository/DES/Trading Partners Page/Search Trading Partner_input_txt' is clickable

21-10-2025T18:39:42 - [TEST_STEP][PASSED] - setText(findTestObject("DES/Trading Partners Page/Search Trading Partner_input_txt"), "Katalon INV"): Text 'Katalon INV' is set on object 'Object Repository/DES/Trading Partners Page/Search Trading Partner_input_txt'

21-10-2025T18:39:43 - [MESSAGE][PASSED] - Text 'Katalon INV' is set on object 'Object Repository/DES/Trading Partners Page/Search Trading Partner_input_txt'

21-10-2025T18:39:43 - [TEST_STEP][PASSED] - delay(5): Delayed 5 second(s)

21-10-2025T18:39:48 - [MESSAGE][PASSED] - Delayed 5 second(s)

21-10-2025T18:39:48 - [TEST_STEP][PASSED] - click(findTestObject("DES/Trading Partners Page/Katalon Trading TP View_btn")): Object: 'Object Repository/DES/Trading Partners Page/Katalon Trading TP View_btn' is clicked on

21-10-2025T18:39:48 - [MESSAGE][PASSED] - Object: 'Object Repository/DES/Trading Partners Page/Katalon Trading TP View_btn' is clicked on

21-10-2025T18:39:48 - [TEST_STEP][PASSED] - delay(2): Delayed 2 second(s)

21-10-2025T18:39:50 - [MESSAGE][PASSED] - Delayed 2 second(s)

21-10-2025T18:39:50 - [TEST_STEP][PASSED] - verifyElementClickable(findTestObject("DES/Trading Partners Page/TurkeyHi Remove_btn")): Object 'Object Repository/DES/Trading Partners Page/TurkeyHi Remove_btn' is clickable

21-10-2025T18:39:50 - [MESSAGE][PASSED] - Object 'Object Repository/DES/Trading Partners Page/TurkeyHi Remove_btn' is clickable

21-10-2025T18:39:50 - [TEST_STEP][PASSED] - click(findTestObject("DES/Trading Partners Page/TurkeyHi Remove_btn")): Object: 'Object Repository/DES/Trading Partners Page/TurkeyHi Remove_btn' is clicked on

21-10-2025T18:39:50 - [MESSAGE][PASSED] - Object: 'Object Repository/DES/Trading Partners Page/TurkeyHi Remove_btn' is clicked on

21-10-2025T18:39:50 - [TEST_STEP][PASSED] - verifyElementClickable(findTestObject("DES/Trading Partners Page/TurkeyHi Remove Confirm_btn")): Object 'Object Repository/DES/Trading Partners Page/TurkeyHi Remove Confirm_btn' is clickable

21-10-2025T18:39:50 - [MESSAGE][PASSED] - Object 'Object Repository/DES/Trading Partners Page/TurkeyHi Remove Confirm_btn' is clickable

21-10-2025T18:39:50 - [TEST_STEP][PASSED] - click(findTestObject("DES/Trading Partners Page/TurkeyHi Remove Confirm_btn")): Object: 'Object Repository/DES/Trading Partners Page/TurkeyHi Remove Confirm_btn' is clicked on

21-10-2025T18:39:50 - [MESSAGE][PASSED] - Object: 'Object Repository/DES/Trading Partners Page/TurkeyHi Remove Confirm_btn' is clicked on

21-10-2025T18:39:50 - [TEST_STEP][PASSED] - delay(2): Delayed 2 second(s)

21-10-2025T18:39:52 - [MESSAGE][PASSED] - Delayed 2 second(s)

21-10-2025T18:39:52 - [TEST_STEP][PASSED] - verifyElementClickable(findTestObject("DES/Trading Partners Page/Details/Details Tab")): Object 'Object Repository/DES/Trading Partners Page/Details/Details Tab' is clickable

21-10-2025T18:39:52 - [MESSAGE][PASSED] - Object 'Object Repository/DES/Trading Partners Page/Details/Details Tab' is clickable

21-10-2025T18:39:52 - [TEST_STEP][PASSED] - click(findTestObject("DES/Trading Partners Page/Details/Details Tab")): Object: 'Object Repository/DES/Trading Partners Page/Details/Details Tab' is clicked on

21-10-2025T18:39:52 - [MESSAGE][PASSED] - Object: 'Object Repository/DES/Trading Partners Page/Details/Details Tab' is clicked on

21-10-2025T18:39:52 - [TEST_STEP][PASSED] - delay(2): Delayed 2 second(s)

21-10-2025T18:39:54 - [MESSAGE][PASSED] - Delayed 2 second(s)

21-10-2025T18:39:54 - [TEST_STEP][PASSED] - verifyElementNotPresent(findTestObject("DES/Trading Partners Page/Details/Bill To TurkeyHi Row"), 30): Web element with id: 'Object Repository/DES/Trading Partners Page/Details/Bill To TurkeyHi Row' located by 'By.xpath: /html/body/div/div/div[2]/div[2]/div/div/div/div/div/div/div[2]/div/div[2]/div/div/div[2]/table/tbody/tr' is not present after '30' second(s)

21-10-2025T18:39:54 - [MESSAGE][PASSED] - Web element with id: 'Object Repository/DES/Trading Partners Page/Details/Bill To TurkeyHi Row' located by 'By.xpath: /html/body/div/div/div[2]/div[2]/div/div/div/div/div/div/div[2]/div/div[2]/div/div/div[2]/table/tbody/tr' is not present after '30' second(s)

21-10-2025T18:39:54 - [TEST_STEP][PASSED] - closeBrowser(): Browser is closed

21-10-2025T18:39:54 - [MESSAGE][PASSED] - Browser is closed

21-10-2025T18:39:54 - [TEST_STEP][PASSED] - Start listener action : retryOnDisconnect: null

21-10-2025T18:39:54 - [TEST_STEP][PASSED] - tcId = testCaseContext.getTestCaseId(): null

21-10-2025T18:39:54 - [TEST_STEP][PASSED] - currentRetry = retryCounts.getOrDefault(tcId, 0): null

21-10-2025T18:39:54 - [TEST_STEP][PASSED] - if (testCaseContext.getTestCaseStatus() == "FAILED" && currentRetry < MAX_RETRIES): null]]></system-out>
         <system-err><![CDATA[]]></system-err>
      </testcase>
      <testcase name="Test Cases/DES/Trading Partners Page/Main/Setting Trading Partner as Active" time="35.267" classname="Test Cases/DES/Trading Partners Page/Main/Setting Trading Partner as Active" status="PASSED">
         <system-out><![CDATA[21-10-2025T18:39:54 - [TEST_CASE][PASSED] - Test Cases/DES/Trading Partners Page/Main/Setting Trading Partner as Active: Test Cases/DES/Trading Partners Page/Main/Setting Trading Partner as Active

21-10-2025T18:39:55 - [TEST_STEP][PASSED] - Start listener action : beforeTestCase: null

21-10-2025T18:39:55 - [TEST_STEP][PASSED] - addDefaultPackages(): null

21-10-2025T18:39:55 - [TEST_STEP][PASSED] - callTestCase(findTestCase("DES/DES Login"), [:], STOP_ON_FAILURE): Call Test Case 'Test Cases/DES/DES Login' successfully

21-10-2025T18:39:55 - [TEST_CASE][PASSED] - Test Cases/DES/DES Login: Test Cases/DES/DES Login

21-10-2025T18:39:55 - [TEST_STEP][PASSED] - openBrowser(""): Browser is opened with url: ''

21-10-2025T18:39:55 - [MESSAGE][INFO] - Starting 'Chrome' driver

21-10-2025T18:39:55 - [MESSAGE][INFO] - User set preference: ['args', '[--no-sandbox, --disable-gpu, --disable-dev-shm-usage]']

21-10-2025T18:39:55 - [MESSAGE][INFO] - Action delay is set to 0 milliseconds

21-10-2025T18:39:55 - [MESSAGE][PASSED] - Browser is opened with url: ''

21-10-2025T18:39:55 - [TEST_STEP][PASSED] - maximizeWindow(): Current window maximized

21-10-2025T18:39:55 - [MESSAGE][PASSED] - Current window maximized

21-10-2025T18:39:55 - [TEST_STEP][PASSED] - delay(10): Delayed 10 second(s)

21-10-2025T18:40:05 - [MESSAGE][PASSED] - Delayed 10 second(s)

21-10-2025T18:40:05 - [TEST_STEP][PASSED] - navigateToUrl("https://dx-portal.qa.thekag.com/"): Navigate to 'https://dx-portal.qa.thekag.com/' successfully

21-10-2025T18:40:06 - [MESSAGE][PASSED] - Navigate to 'https://dx-portal.qa.thekag.com/' successfully

21-10-2025T18:40:06 - [TEST_STEP][PASSED] - delay(5): Delayed 5 second(s)

21-10-2025T18:40:11 - [MESSAGE][PASSED] - Delayed 5 second(s)

21-10-2025T18:40:11 - [TEST_STEP][PASSED] - setText(findTestObject("Object Repository/Page_IdentityServer4/input_Username (e.g. email address)_Username"), "Chris.Sheldon+DES_QA@Thekag.com"): Text 'Chris.Sheldon+DES_QA@Thekag.com' is set on object 'Object Repository/Page_IdentityServer4/input_Username (e.g. email address)_Username'

21-10-2025T18:40:11 - [MESSAGE][PASSED] - Text 'Chris.Sheldon+DES_QA@Thekag.com' is set on object 'Object Repository/Page_IdentityServer4/input_Username (e.g. email address)_Username'

21-10-2025T18:40:11 - [TEST_STEP][PASSED] - setEncryptedText(findTestObject("Page_IdentityServer4/input_Password_Password"), "BtpyPJuZxPz9EFo3Zi2c4Q=="): Text ****** has been set on object 'Object Repository/Page_IdentityServer4/input_Password_Password'

21-10-2025T18:40:11 - [MESSAGE][PASSED] - Text ****** has been set on object 'Object Repository/Page_IdentityServer4/input_Password_Password'

21-10-2025T18:40:11 - [TEST_STEP][PASSED] - click(findTestObject("Object Repository/Page_IdentityServer4/button_Login")): Object: 'Object Repository/Page_IdentityServer4/button_Login' is clicked on

21-10-2025T18:40:11 - [MESSAGE][PASSED] - Object: 'Object Repository/Page_IdentityServer4/button_Login' is clicked on

21-10-2025T18:40:11 - [TEST_STEP][PASSED] - delay(5): Delayed 5 second(s)

21-10-2025T18:40:16 - [MESSAGE][PASSED] - Delayed 5 second(s)

21-10-2025T18:40:16 - [MESSAGE][PASSED] - Call Test Case 'Test Cases/DES/DES Login' successfully

21-10-2025T18:40:16 - [TEST_STEP][PASSED] - verifyElementClickable(findTestObject("DES/Trading Partners Page/Search Trading Partner_input_txt")): Object 'Object Repository/DES/Trading Partners Page/Search Trading Partner_input_txt' is clickable

21-10-2025T18:40:16 - [MESSAGE][PASSED] - Object 'Object Repository/DES/Trading Partners Page/Search Trading Partner_input_txt' is clickable

21-10-2025T18:40:16 - [TEST_STEP][PASSED] - setText(findTestObject("DES/Trading Partners Page/Search Trading Partner_input_txt"), "Katalon Transmissions"): Text 'Katalon Transmissions' is set on object 'Object Repository/DES/Trading Partners Page/Search Trading Partner_input_txt'

21-10-2025T18:40:17 - [MESSAGE][PASSED] - Text 'Katalon Transmissions' is set on object 'Object Repository/DES/Trading Partners Page/Search Trading Partner_input_txt'

21-10-2025T18:40:17 - [TEST_STEP][PASSED] - delay(5): Delayed 5 second(s)

21-10-2025T18:40:22 - [MESSAGE][PASSED] - Delayed 5 second(s)

21-10-2025T18:40:22 - [TEST_STEP][PASSED] - click(findTestObject("DES/Trading Partners Page/Katalon Trading TP View_btn")): Object: 'Object Repository/DES/Trading Partners Page/Katalon Trading TP View_btn' is clicked on

21-10-2025T18:40:22 - [MESSAGE][PASSED] - Object: 'Object Repository/DES/Trading Partners Page/Katalon Trading TP View_btn' is clicked on

21-10-2025T18:40:22 - [TEST_STEP][PASSED] - delay(2): Delayed 2 second(s)

21-10-2025T18:40:24 - [MESSAGE][PASSED] - Delayed 2 second(s)

21-10-2025T18:40:24 - [TEST_STEP][PASSED] - click(findTestObject("DES/Trading Partners Page/Trading Partner Edit_btn")): Object: 'Object Repository/DES/Trading Partners Page/Trading Partner Edit_btn' is clicked on

21-10-2025T18:40:24 - [MESSAGE][PASSED] - Object: 'Object Repository/DES/Trading Partners Page/Trading Partner Edit_btn' is clicked on

21-10-2025T18:40:24 - [TEST_STEP][PASSED] - click(findTestObject("DES/Trading Partners Page/Trading Partner Active Status_radio_btn")): Object: 'Object Repository/DES/Trading Partners Page/Trading Partner Active Status_radio_btn' is clicked on

21-10-2025T18:40:25 - [MESSAGE][PASSED] - Object: 'Object Repository/DES/Trading Partners Page/Trading Partner Active Status_radio_btn' is clicked on

21-10-2025T18:40:25 - [TEST_STEP][PASSED] - click(findTestObject("DES/Trading Partners Page/Trading Partner Edit Save_btn")): Object: 'Object Repository/DES/Trading Partners Page/Trading Partner Edit Save_btn' is clicked on

21-10-2025T18:40:25 - [MESSAGE][PASSED] - Object: 'Object Repository/DES/Trading Partners Page/Trading Partner Edit Save_btn' is clicked on

21-10-2025T18:40:25 - [TEST_STEP][PASSED] - delay(5): Delayed 5 second(s)

21-10-2025T18:40:30 - [MESSAGE][PASSED] - Delayed 5 second(s)

21-10-2025T18:40:30 - [TEST_STEP][PASSED] - verifyElementText(findTestObject("DES/Trading Partners Page/Trading Partner Status_lbl"), "Active"): Actual text and expected text of test object 'Object Repository/DES/Trading Partners Page/Trading Partner Status_lbl' are matched.

21-10-2025T18:40:30 - [MESSAGE][PASSED] - Actual text and expected text of test object 'Object Repository/DES/Trading Partners Page/Trading Partner Status_lbl' are matched.

21-10-2025T18:40:30 - [TEST_STEP][PASSED] - closeBrowser(): Browser is closed

21-10-2025T18:40:30 - [MESSAGE][PASSED] - Browser is closed

21-10-2025T18:40:30 - [TEST_STEP][PASSED] - Start listener action : retryOnDisconnect: null

21-10-2025T18:40:30 - [TEST_STEP][PASSED] - tcId = testCaseContext.getTestCaseId(): null

21-10-2025T18:40:30 - [TEST_STEP][PASSED] - currentRetry = retryCounts.getOrDefault(tcId, 0): null

21-10-2025T18:40:30 - [TEST_STEP][PASSED] - if (testCaseContext.getTestCaseStatus() == "FAILED" && currentRetry < MAX_RETRIES): null]]></system-out>
         <system-err><![CDATA[]]></system-err>
      </testcase>
      <testcase name="Test Cases/DES/Trading Partners Page/FilterTradingPartnersByName" time="29.165" classname="Test Cases/DES/Trading Partners Page/FilterTradingPartnersByName" status="PASSED">
         <system-out><![CDATA[21-10-2025T18:40:30 - [TEST_CASE][PASSED] - Test Cases/DES/Trading Partners Page/FilterTradingPartnersByName: Test Cases/DES/Trading Partners Page/FilterTradingPartnersByName

21-10-2025T18:40:30 - [TEST_STEP][PASSED] - Start listener action : beforeTestCase: null

21-10-2025T18:40:30 - [TEST_STEP][PASSED] - addDefaultPackages(): null

21-10-2025T18:40:30 - [TEST_STEP][PASSED] - callTestCase(findTestCase("DES/DES Login"), [:], STOP_ON_FAILURE): Call Test Case 'Test Cases/DES/DES Login' successfully

21-10-2025T18:40:30 - [TEST_CASE][PASSED] - Test Cases/DES/DES Login: Test Cases/DES/DES Login

21-10-2025T18:40:30 - [TEST_STEP][PASSED] - openBrowser(""): Browser is opened with url: ''

21-10-2025T18:40:30 - [MESSAGE][INFO] - Starting 'Chrome' driver

21-10-2025T18:40:30 - [MESSAGE][INFO] - User set preference: ['args', '[--no-sandbox, --disable-gpu, --disable-dev-shm-usage]']

21-10-2025T18:40:30 - [MESSAGE][INFO] - Action delay is set to 0 milliseconds

21-10-2025T18:40:31 - [MESSAGE][PASSED] - Browser is opened with url: ''

21-10-2025T18:40:31 - [TEST_STEP][PASSED] - maximizeWindow(): Current window maximized

21-10-2025T18:40:31 - [MESSAGE][PASSED] - Current window maximized

21-10-2025T18:40:31 - [TEST_STEP][PASSED] - delay(10): Delayed 10 second(s)

21-10-2025T18:40:41 - [MESSAGE][PASSED] - Delayed 10 second(s)

21-10-2025T18:40:41 - [TEST_STEP][PASSED] - navigateToUrl("https://dx-portal.qa.thekag.com/"): Navigate to 'https://dx-portal.qa.thekag.com/' successfully

21-10-2025T18:40:41 - [MESSAGE][PASSED] - Navigate to 'https://dx-portal.qa.thekag.com/' successfully

21-10-2025T18:40:41 - [TEST_STEP][PASSED] - delay(5): Delayed 5 second(s)

21-10-2025T18:40:46 - [MESSAGE][PASSED] - Delayed 5 second(s)

21-10-2025T18:40:46 - [TEST_STEP][PASSED] - setText(findTestObject("Object Repository/Page_IdentityServer4/input_Username (e.g. email address)_Username"), "Chris.Sheldon+DES_QA@Thekag.com"): Text 'Chris.Sheldon+DES_QA@Thekag.com' is set on object 'Object Repository/Page_IdentityServer4/input_Username (e.g. email address)_Username'

21-10-2025T18:40:46 - [MESSAGE][PASSED] - Text 'Chris.Sheldon+DES_QA@Thekag.com' is set on object 'Object Repository/Page_IdentityServer4/input_Username (e.g. email address)_Username'

21-10-2025T18:40:46 - [TEST_STEP][PASSED] - setEncryptedText(findTestObject("Page_IdentityServer4/input_Password_Password"), "BtpyPJuZxPz9EFo3Zi2c4Q=="): Text ****** has been set on object 'Object Repository/Page_IdentityServer4/input_Password_Password'

21-10-2025T18:40:46 - [MESSAGE][PASSED] - Text ****** has been set on object 'Object Repository/Page_IdentityServer4/input_Password_Password'

21-10-2025T18:40:46 - [TEST_STEP][PASSED] - click(findTestObject("Object Repository/Page_IdentityServer4/button_Login")): Object: 'Object Repository/Page_IdentityServer4/button_Login' is clicked on

21-10-2025T18:40:46 - [MESSAGE][PASSED] - Object: 'Object Repository/Page_IdentityServer4/button_Login' is clicked on

21-10-2025T18:40:46 - [TEST_STEP][PASSED] - delay(5): Delayed 5 second(s)

21-10-2025T18:40:51 - [MESSAGE][PASSED] - Delayed 5 second(s)

21-10-2025T18:40:51 - [MESSAGE][PASSED] - Call Test Case 'Test Cases/DES/DES Login' successfully

21-10-2025T18:40:51 - [TEST_STEP][PASSED] - delay(5): Delayed 5 second(s)

21-10-2025T18:40:56 - [MESSAGE][PASSED] - Delayed 5 second(s)

21-10-2025T18:40:56 - [TEST_STEP][PASSED] - setText(findTestObject("DES/Trading Partners Page/Search Trading Partner_input_txt"), "kroger"): Text 'kroger' is set on object 'Object Repository/DES/Trading Partners Page/Search Trading Partner_input_txt'

21-10-2025T18:40:57 - [MESSAGE][PASSED] - Text 'kroger' is set on object 'Object Repository/DES/Trading Partners Page/Search Trading Partner_input_txt'

21-10-2025T18:40:57 - [TEST_STEP][PASSED] - delay(2): Delayed 2 second(s)

21-10-2025T18:40:59 - [MESSAGE][PASSED] - Delayed 2 second(s)

21-10-2025T18:40:59 - [TEST_STEP][PASSED] - verifyElementText(findTestObject("DES/Trading Partners Page/First Trading Partner Name"), "Name: Kroger"): Actual text and expected text of test object 'Object Repository/DES/Trading Partners Page/First Trading Partner Name' are matched.

21-10-2025T18:40:59 - [MESSAGE][PASSED] - Actual text and expected text of test object 'Object Repository/DES/Trading Partners Page/First Trading Partner Name' are matched.

21-10-2025T18:40:59 - [TEST_STEP][PASSED] - closeBrowser(): Browser is closed

21-10-2025T18:40:59 - [MESSAGE][PASSED] - Browser is closed

21-10-2025T18:40:59 - [TEST_STEP][PASSED] - Start listener action : retryOnDisconnect: null

21-10-2025T18:40:59 - [TEST_STEP][PASSED] - tcId = testCaseContext.getTestCaseId(): null

21-10-2025T18:40:59 - [TEST_STEP][PASSED] - currentRetry = retryCounts.getOrDefault(tcId, 0): null

21-10-2025T18:40:59 - [TEST_STEP][PASSED] - if (testCaseContext.getTestCaseStatus() == "FAILED" && currentRetry < MAX_RETRIES): null]]></system-out>
         <system-err><![CDATA[]]></system-err>
      </testcase>
      <testcase name="Test Cases/DES/Trading Partners Page/FilterWithAdvancedFilter" time="35.091" classname="Test Cases/DES/Trading Partners Page/FilterWithAdvancedFilter" status="PASSED">
         <system-out><![CDATA[21-10-2025T18:40:59 - [TEST_CASE][PASSED] - Test Cases/DES/Trading Partners Page/FilterWithAdvancedFilter: Test Cases/DES/Trading Partners Page/FilterWithAdvancedFilter

21-10-2025T18:40:59 - [TEST_STEP][PASSED] - Start listener action : beforeTestCase: null

21-10-2025T18:40:59 - [TEST_STEP][PASSED] - addDefaultPackages(): null

21-10-2025T18:40:59 - [TEST_STEP][PASSED] - callTestCase(findTestCase("DES/DES Login"), [:], STOP_ON_FAILURE): Call Test Case 'Test Cases/DES/DES Login' successfully

21-10-2025T18:40:59 - [TEST_CASE][PASSED] - Test Cases/DES/DES Login: Test Cases/DES/DES Login

21-10-2025T18:40:59 - [TEST_STEP][PASSED] - openBrowser(""): Browser is opened with url: ''

21-10-2025T18:40:59 - [MESSAGE][INFO] - Starting 'Chrome' driver

21-10-2025T18:40:59 - [MESSAGE][INFO] - User set preference: ['args', '[--no-sandbox, --disable-gpu, --disable-dev-shm-usage]']

21-10-2025T18:40:59 - [MESSAGE][INFO] - Action delay is set to 0 milliseconds

21-10-2025T18:41:00 - [MESSAGE][PASSED] - Browser is opened with url: ''

21-10-2025T18:41:00 - [TEST_STEP][PASSED] - maximizeWindow(): Current window maximized

21-10-2025T18:41:00 - [MESSAGE][PASSED] - Current window maximized

21-10-2025T18:41:00 - [TEST_STEP][PASSED] - delay(10): Delayed 10 second(s)

21-10-2025T18:41:10 - [MESSAGE][PASSED] - Delayed 10 second(s)

21-10-2025T18:41:10 - [TEST_STEP][PASSED] - navigateToUrl("https://dx-portal.qa.thekag.com/"): Navigate to 'https://dx-portal.qa.thekag.com/' successfully

21-10-2025T18:41:10 - [MESSAGE][PASSED] - Navigate to 'https://dx-portal.qa.thekag.com/' successfully

21-10-2025T18:41:10 - [TEST_STEP][PASSED] - delay(5): Delayed 5 second(s)

21-10-2025T18:41:15 - [MESSAGE][PASSED] - Delayed 5 second(s)

21-10-2025T18:41:15 - [TEST_STEP][PASSED] - setText(findTestObject("Object Repository/Page_IdentityServer4/input_Username (e.g. email address)_Username"), "Chris.Sheldon+DES_QA@Thekag.com"): Text 'Chris.Sheldon+DES_QA@Thekag.com' is set on object 'Object Repository/Page_IdentityServer4/input_Username (e.g. email address)_Username'

21-10-2025T18:41:15 - [MESSAGE][PASSED] - Text 'Chris.Sheldon+DES_QA@Thekag.com' is set on object 'Object Repository/Page_IdentityServer4/input_Username (e.g. email address)_Username'

21-10-2025T18:41:15 - [TEST_STEP][PASSED] - setEncryptedText(findTestObject("Page_IdentityServer4/input_Password_Password"), "BtpyPJuZxPz9EFo3Zi2c4Q=="): Text ****** has been set on object 'Object Repository/Page_IdentityServer4/input_Password_Password'

21-10-2025T18:41:16 - [MESSAGE][PASSED] - Text ****** has been set on object 'Object Repository/Page_IdentityServer4/input_Password_Password'

21-10-2025T18:41:16 - [TEST_STEP][PASSED] - click(findTestObject("Object Repository/Page_IdentityServer4/button_Login")): Object: 'Object Repository/Page_IdentityServer4/button_Login' is clicked on

21-10-2025T18:41:16 - [MESSAGE][PASSED] - Object: 'Object Repository/Page_IdentityServer4/button_Login' is clicked on

21-10-2025T18:41:16 - [TEST_STEP][PASSED] - delay(5): Delayed 5 second(s)

21-10-2025T18:41:21 - [MESSAGE][PASSED] - Delayed 5 second(s)

21-10-2025T18:41:21 - [MESSAGE][PASSED] - Call Test Case 'Test Cases/DES/DES Login' successfully

21-10-2025T18:41:21 - [TEST_STEP][PASSED] - click(findTestObject("DES/Trading Partners Page/Advanced Search_btn")): Object: 'Object Repository/DES/Trading Partners Page/Advanced Search_btn' is clicked on

21-10-2025T18:41:21 - [MESSAGE][PASSED] - Object: 'Object Repository/DES/Trading Partners Page/Advanced Search_btn' is clicked on

21-10-2025T18:41:21 - [TEST_STEP][PASSED] - delay(2): Delayed 2 second(s)

21-10-2025T18:41:23 - [MESSAGE][PASSED] - Delayed 2 second(s)

21-10-2025T18:41:23 - [TEST_STEP][PASSED] - setText(findTestObject("DES/Trading Partners Page/Advanced Search Trading Partner_txt"), "kroger"): Text 'kroger' is set on object 'Object Repository/DES/Trading Partners Page/Advanced Search Trading Partner_txt'

21-10-2025T18:41:23 - [MESSAGE][PASSED] - Text 'kroger' is set on object 'Object Repository/DES/Trading Partners Page/Advanced Search Trading Partner_txt'

21-10-2025T18:41:23 - [TEST_STEP][PASSED] - delay(2): Delayed 2 second(s)

21-10-2025T18:41:25 - [MESSAGE][PASSED] - Delayed 2 second(s)

21-10-2025T18:41:25 - [TEST_STEP][PASSED] - sendKeys(findTestObject("DES/Trading Partners Page/Advanced Search Trading Partner_txt"), Keys.chord(ENTER)): Keys 'ENTER + ' sent to object: 'Object Repository/DES/Trading Partners Page/Advanced Search Trading Partner_txt'

21-10-2025T18:41:25 - [MESSAGE][PASSED] - Keys 'ENTER + ' sent to object: 'Object Repository/DES/Trading Partners Page/Advanced Search Trading Partner_txt'

21-10-2025T18:41:25 - [TEST_STEP][PASSED] - delay(1): Delayed 1 second(s)

21-10-2025T18:41:26 - [MESSAGE][PASSED] - Delayed 1 second(s)

21-10-2025T18:41:26 - [TEST_STEP][PASSED] - click(findTestObject("DES/Trading Partners Page/Advanced Search Division_dropdown")): Object: 'Object Repository/DES/Trading Partners Page/Advanced Search Division_dropdown' is clicked on

21-10-2025T18:41:26 - [MESSAGE][PASSED] - Object: 'Object Repository/DES/Trading Partners Page/Advanced Search Division_dropdown' is clicked on

21-10-2025T18:41:26 - [TEST_STEP][PASSED] - delay(1): Delayed 1 second(s)

21-10-2025T18:41:27 - [MESSAGE][PASSED] - Delayed 1 second(s)

21-10-2025T18:41:27 - [TEST_STEP][PASSED] - sendKeys(findTestObject("DES/Trading Partners Page/Advanced Search Division_txt"), Keys.chord(ENTER)): Keys 'ENTER + ' sent to object: 'Object Repository/DES/Trading Partners Page/Advanced Search Division_txt'

21-10-2025T18:41:27 - [MESSAGE][PASSED] - Keys 'ENTER + ' sent to object: 'Object Repository/DES/Trading Partners Page/Advanced Search Division_txt'

21-10-2025T18:41:27 - [TEST_STEP][PASSED] - delay(2): Delayed 2 second(s)

21-10-2025T18:41:29 - [MESSAGE][PASSED] - Delayed 2 second(s)

21-10-2025T18:41:29 - [TEST_STEP][PASSED] - sendKeys(findTestObject("DES/Trading Partners Page/Advanced Search Bill To Code_txt"), "TURKEYHI"): Keys 'TURKEYHI' sent to object: 'Object Repository/DES/Trading Partners Page/Advanced Search Bill To Code_txt'

21-10-2025T18:41:30 - [MESSAGE][PASSED] - Keys 'TURKEYHI' sent to object: 'Object Repository/DES/Trading Partners Page/Advanced Search Bill To Code_txt'

21-10-2025T18:41:30 - [TEST_STEP][PASSED] - delay(2): Delayed 2 second(s)

21-10-2025T18:41:32 - [MESSAGE][PASSED] - Delayed 2 second(s)

21-10-2025T18:41:32 - [TEST_STEP][PASSED] - sendKeys(findTestObject("DES/Trading Partners Page/Advanced Search Bill To Code_txt"), Keys.chord(ENTER)): Keys 'ENTER + ' sent to object: 'Object Repository/DES/Trading Partners Page/Advanced Search Bill To Code_txt'

21-10-2025T18:41:32 - [MESSAGE][PASSED] - Keys 'ENTER + ' sent to object: 'Object Repository/DES/Trading Partners Page/Advanced Search Bill To Code_txt'

21-10-2025T18:41:32 - [TEST_STEP][PASSED] - click(findTestObject("DES/Trading Partners Page/Advanced Search Search_btn")): Object: 'Object Repository/DES/Trading Partners Page/Advanced Search Search_btn' is clicked on

21-10-2025T18:41:32 - [MESSAGE][PASSED] - Object: 'Object Repository/DES/Trading Partners Page/Advanced Search Search_btn' is clicked on

21-10-2025T18:41:32 - [TEST_STEP][PASSED] - delay(2): Delayed 2 second(s)

21-10-2025T18:41:34 - [MESSAGE][PASSED] - Delayed 2 second(s)

21-10-2025T18:41:34 - [TEST_STEP][PASSED] - verifyElementText(findTestObject("DES/Trading Partners Page/First Trading Partner Name"), "Name: Kroger Limited"): Actual text and expected text of test object 'Object Repository/DES/Trading Partners Page/First Trading Partner Name' are matched.

21-10-2025T18:41:34 - [MESSAGE][PASSED] - Actual text and expected text of test object 'Object Repository/DES/Trading Partners Page/First Trading Partner Name' are matched.

21-10-2025T18:41:34 - [TEST_STEP][PASSED] - click(findTestObject("DES/Trading Partners Page/Advanced Search Collapse_btn")): Object: 'Object Repository/DES/Trading Partners Page/Advanced Search Collapse_btn' is clicked on

21-10-2025T18:41:34 - [MESSAGE][PASSED] - Object: 'Object Repository/DES/Trading Partners Page/Advanced Search Collapse_btn' is clicked on

21-10-2025T18:41:34 - [TEST_STEP][PASSED] - closeBrowser(): Browser is closed

21-10-2025T18:41:34 - [MESSAGE][PASSED] - Browser is closed

21-10-2025T18:41:34 - [TEST_STEP][PASSED] - Start listener action : retryOnDisconnect: null

21-10-2025T18:41:34 - [TEST_STEP][PASSED] - tcId = testCaseContext.getTestCaseId(): null

21-10-2025T18:41:34 - [TEST_STEP][PASSED] - currentRetry = retryCounts.getOrDefault(tcId, 0): null

21-10-2025T18:41:34 - [TEST_STEP][PASSED] - if (testCaseContext.getTestCaseStatus() == "FAILED" && currentRetry < MAX_RETRIES): null]]></system-out>
         <system-err><![CDATA[]]></system-err>
      </testcase>
      <testcase name="Test Cases/DES/Trading Partners Page/Main/Add BillTo Katalon INV" time="33.949" classname="Test Cases/DES/Trading Partners Page/Main/Add BillTo Katalon INV" status="PASSED">
         <system-out><![CDATA[21-10-2025T18:41:34 - [TEST_CASE][PASSED] - Test Cases/DES/Trading Partners Page/Main/Add BillTo Katalon INV: Test Cases/DES/Trading Partners Page/Main/Add BillTo Katalon INV

21-10-2025T18:41:34 - [TEST_STEP][PASSED] - Start listener action : beforeTestCase: null

21-10-2025T18:41:34 - [TEST_STEP][PASSED] - addDefaultPackages(): null

21-10-2025T18:41:34 - [TEST_STEP][PASSED] - callTestCase(findTestCase("DES/DES Login"), [:], STOP_ON_FAILURE): Call Test Case 'Test Cases/DES/DES Login' successfully

21-10-2025T18:41:34 - [TEST_CASE][PASSED] - Test Cases/DES/DES Login: Test Cases/DES/DES Login

21-10-2025T18:41:34 - [TEST_STEP][PASSED] - openBrowser(""): Browser is opened with url: ''

21-10-2025T18:41:34 - [MESSAGE][INFO] - Starting 'Chrome' driver

21-10-2025T18:41:34 - [MESSAGE][INFO] - User set preference: ['args', '[--no-sandbox, --disable-gpu, --disable-dev-shm-usage]']

21-10-2025T18:41:34 - [MESSAGE][INFO] - Action delay is set to 0 milliseconds

21-10-2025T18:41:35 - [MESSAGE][PASSED] - Browser is opened with url: ''

21-10-2025T18:41:35 - [TEST_STEP][PASSED] - maximizeWindow(): Current window maximized

21-10-2025T18:41:35 - [MESSAGE][PASSED] - Current window maximized

21-10-2025T18:41:35 - [TEST_STEP][PASSED] - delay(10): Delayed 10 second(s)

21-10-2025T18:41:45 - [MESSAGE][PASSED] - Delayed 10 second(s)

21-10-2025T18:41:45 - [TEST_STEP][PASSED] - navigateToUrl("https://dx-portal.qa.thekag.com/"): Navigate to 'https://dx-portal.qa.thekag.com/' successfully

21-10-2025T18:41:45 - [MESSAGE][PASSED] - Navigate to 'https://dx-portal.qa.thekag.com/' successfully

21-10-2025T18:41:45 - [TEST_STEP][PASSED] - delay(5): Delayed 5 second(s)

21-10-2025T18:41:51 - [MESSAGE][PASSED] - Delayed 5 second(s)

21-10-2025T18:41:51 - [TEST_STEP][PASSED] - setText(findTestObject("Object Repository/Page_IdentityServer4/input_Username (e.g. email address)_Username"), "Chris.Sheldon+DES_QA@Thekag.com"): Text 'Chris.Sheldon+DES_QA@Thekag.com' is set on object 'Object Repository/Page_IdentityServer4/input_Username (e.g. email address)_Username'

21-10-2025T18:41:51 - [MESSAGE][PASSED] - Text 'Chris.Sheldon+DES_QA@Thekag.com' is set on object 'Object Repository/Page_IdentityServer4/input_Username (e.g. email address)_Username'

21-10-2025T18:41:51 - [TEST_STEP][PASSED] - setEncryptedText(findTestObject("Page_IdentityServer4/input_Password_Password"), "BtpyPJuZxPz9EFo3Zi2c4Q=="): Text ****** has been set on object 'Object Repository/Page_IdentityServer4/input_Password_Password'

21-10-2025T18:41:51 - [MESSAGE][PASSED] - Text ****** has been set on object 'Object Repository/Page_IdentityServer4/input_Password_Password'

21-10-2025T18:41:51 - [TEST_STEP][PASSED] - click(findTestObject("Object Repository/Page_IdentityServer4/button_Login")): Object: 'Object Repository/Page_IdentityServer4/button_Login' is clicked on

21-10-2025T18:41:51 - [MESSAGE][PASSED] - Object: 'Object Repository/Page_IdentityServer4/button_Login' is clicked on

21-10-2025T18:41:51 - [TEST_STEP][PASSED] - delay(5): Delayed 5 second(s)

21-10-2025T18:41:56 - [MESSAGE][PASSED] - Delayed 5 second(s)

21-10-2025T18:41:56 - [MESSAGE][PASSED] - Call Test Case 'Test Cases/DES/DES Login' successfully

21-10-2025T18:41:56 - [TEST_STEP][PASSED] - setText(findTestObject("DES/Trading Partners Page/Search Trading Partner_input_txt"), "Katalon INV"): Text 'Katalon INV' is set on object 'Object Repository/DES/Trading Partners Page/Search Trading Partner_input_txt'

21-10-2025T18:41:56 - [MESSAGE][PASSED] - Text 'Katalon INV' is set on object 'Object Repository/DES/Trading Partners Page/Search Trading Partner_input_txt'

21-10-2025T18:41:56 - [TEST_STEP][PASSED] - delay(1): Delayed 1 second(s)

21-10-2025T18:41:57 - [MESSAGE][PASSED] - Delayed 1 second(s)

21-10-2025T18:41:57 - [TEST_STEP][PASSED] - click(findTestObject("DES/Trading Partners Page/Katalon Trading TP View_btn")): Object: 'Object Repository/DES/Trading Partners Page/Katalon Trading TP View_btn' is clicked on

21-10-2025T18:41:57 - [MESSAGE][PASSED] - Object: 'Object Repository/DES/Trading Partners Page/Katalon Trading TP View_btn' is clicked on

21-10-2025T18:41:57 - [TEST_STEP][PASSED] - delay(3): Delayed 3 second(s)

21-10-2025T18:42:00 - [MESSAGE][PASSED] - Delayed 3 second(s)

21-10-2025T18:42:00 - [TEST_STEP][PASSED] - verifyTextPresent("TURKEYHI", false, OPTIONAL): Text 'TURKEYHI' is not present on page  (Root cause: com.kms.katalon.core.exception.StepFailedException: Text 'TURKEYHI' is not present on page 
	at com.kms.katalon.core.webui.keyword.internal.WebUIKeywordMain.stepFailed(WebUIKeywordMain.groovy:117)
	at com.kms.katalon.core.webui.keyword.builtin.VerifyTextPresentKeyword$_verifyTextPresent_closure1.doCall(VerifyTextPresentKeyword.groovy:79)
	at com.kms.katalon.core.webui.keyword.builtin.VerifyTextPresentKeyword$_verifyTextPresent_closure1.call(VerifyTextPresentKeyword.groovy)
	at com.kms.katalon.core.webui.keyword.internal.WebUIKeywordMain.runKeyword(WebUIKeywordMain.groovy:35)
	at com.kms.katalon.core.webui.keyword.builtin.VerifyTextPresentKeyword.verifyTextPresent(VerifyTextPresentKeyword.groovy:83)
	at com.kms.katalon.core.webui.keyword.builtin.VerifyTextPresentKeyword.execute(VerifyTextPresentKeyword.groovy:68)
	at com.kms.katalon.core.keyword.internal.KeywordExecutor.executeKeywordForPlatform(KeywordExecutor.groovy:74)
	at com.kms.katalon.core.webui.keyword.WebUiBuiltInKeywords.verifyTextPresent(WebUiBuiltInKeywords.groovy:1746)
	at com.kms.katalon.core.webui.keyword.WebUiBuiltInKeywords$verifyTextPresent$15.call(Unknown Source)
	at Add BillTo Katalon INV.run(Add BillTo Katalon INV:30)
	at com.kms.katalon.core.main.ScriptEngine.run(ScriptEngine.java:194)
	at com.kms.katalon.core.main.ScriptEngine.runScriptAsRawText(ScriptEngine.java:119)
	at com.kms.katalon.core.main.TestCaseExecutor.runScript(TestCaseExecutor.java:448)
	at com.kms.katalon.core.main.TestCaseExecutor.doExecute(TestCaseExecutor.java:439)
	at com.kms.katalon.core.main.TestCaseExecutor.processExecutionPhase(TestCaseExecutor.java:418)
	at com.kms.katalon.core.main.TestCaseExecutor.accessMainPhase(TestCaseExecutor.java:410)
	at com.kms.katalon.core.main.TestCaseExecutor.execute(TestCaseExecutor.java:285)
	at com.kms.katalon.core.common.CommonExecutor.accessTestCaseMainPhase(CommonExecutor.java:65)
	at com.kms.katalon.core.main.TestSuiteExecutor.accessTestSuiteMainPhase(TestSuiteExecutor.java:150)
	at com.kms.katalon.core.main.TestSuiteExecutor.execute(TestSuiteExecutor.java:106)
	at com.kms.katalon.core.main.TestCaseMain.startTestSuite(TestCaseMain.java:180)
	at com.kms.katalon.core.main.TestCaseMain$startTestSuite$0.call(Unknown Source)
	at TempTestSuite1761084128061.run(TempTestSuite1761084128061.groovy:35)
	at java.base/jdk.internal.reflect.NativeMethodAccessorImpl.invoke0(Native Method)
	at java.base/jdk.internal.reflect.NativeMethodAccessorImpl.invoke(NativeMethodAccessorImpl.java:77)
	at java.base/jdk.internal.reflect.DelegatingMethodAccessorImpl.invoke(DelegatingMethodAccessorImpl.java:43)
)

21-10-2025T18:42:00 - [MESSAGE][WARNING] - Text 'TURKEYHI' is not present on page  (Root cause: com.kms.katalon.core.exception.StepFailedException: Text 'TURKEYHI' is not present on page 
	at com.kms.katalon.core.webui.keyword.internal.WebUIKeywordMain.stepFailed(WebUIKeywordMain.groovy:117)
	at com.kms.katalon.core.webui.keyword.builtin.VerifyTextPresentKeyword$_verifyTextPresent_closure1.doCall(VerifyTextPresentKeyword.groovy:79)
	at com.kms.katalon.core.webui.keyword.builtin.VerifyTextPresentKeyword$_verifyTextPresent_closure1.call(VerifyTextPresentKeyword.groovy)
	at com.kms.katalon.core.webui.keyword.internal.WebUIKeywordMain.runKeyword(WebUIKeywordMain.groovy:35)
	at com.kms.katalon.core.webui.keyword.builtin.VerifyTextPresentKeyword.verifyTextPresent(VerifyTextPresentKeyword.groovy:83)
	at com.kms.katalon.core.webui.keyword.builtin.VerifyTextPresentKeyword.execute(VerifyTextPresentKeyword.groovy:68)
	at com.kms.katalon.core.keyword.internal.KeywordExecutor.executeKeywordForPlatform(KeywordExecutor.groovy:74)
	at com.kms.katalon.core.webui.keyword.WebUiBuiltInKeywords.verifyTextPresent(WebUiBuiltInKeywords.groovy:1746)
	at com.kms.katalon.core.webui.keyword.WebUiBuiltInKeywords$verifyTextPresent$15.call(Unknown Source)
	at Add BillTo Katalon INV.run(Add BillTo Katalon INV:30)
	at com.kms.katalon.core.main.ScriptEngine.run(ScriptEngine.java:194)
	at com.kms.katalon.core.main.ScriptEngine.runScriptAsRawText(ScriptEngine.java:119)
	at com.kms.katalon.core.main.TestCaseExecutor.runScript(TestCaseExecutor.java:448)
	at com.kms.katalon.core.main.TestCaseExecutor.doExecute(TestCaseExecutor.java:439)
	at com.kms.katalon.core.main.TestCaseExecutor.processExecutionPhase(TestCaseExecutor.java:418)
	at com.kms.katalon.core.main.TestCaseExecutor.accessMainPhase(TestCaseExecutor.java:410)
	at com.kms.katalon.core.main.TestCaseExecutor.execute(TestCaseExecutor.java:285)
	at com.kms.katalon.core.common.CommonExecutor.accessTestCaseMainPhase(CommonExecutor.java:65)
	at com.kms.katalon.core.main.TestSuiteExecutor.accessTestSuiteMainPhase(TestSuiteExecutor.java:150)
	at com.kms.katalon.core.main.TestSuiteExecutor.execute(TestSuiteExecutor.java:106)
	at com.kms.katalon.core.main.TestCaseMain.startTestSuite(TestCaseMain.java:180)
	at com.kms.katalon.core.main.TestCaseMain$startTestSuite$0.call(Unknown Source)
	at TempTestSuite1761084128061.run(TempTestSuite1761084128061.groovy:35)
	at java.base/jdk.internal.reflect.NativeMethodAccessorImpl.invoke0(Native Method)
	at java.base/jdk.internal.reflect.NativeMethodAccessorImpl.invoke(NativeMethodAccessorImpl.java:77)
	at java.base/jdk.internal.reflect.DelegatingMethodAccessorImpl.invoke(DelegatingMethodAccessorImpl.java:43)
)

21-10-2025T18:42:00 - [TEST_STEP][PASSED] - click(findTestObject("DES/Trading Partners Page/Add Bill To_btn")): Object: 'Object Repository/DES/Trading Partners Page/Add Bill To_btn' is clicked on

21-10-2025T18:42:01 - [MESSAGE][PASSED] - Object: 'Object Repository/DES/Trading Partners Page/Add Bill To_btn' is clicked on

21-10-2025T18:42:01 - [TEST_STEP][PASSED] - delay(2): Delayed 2 second(s)

21-10-2025T18:42:03 - [MESSAGE][PASSED] - Delayed 2 second(s)

21-10-2025T18:42:03 - [TEST_STEP][PASSED] - sendKeys(findTestObject("DES/Trading Partners Page/Add BillTo Search_txt"), "TURKEYHI"): Keys 'TURKEYHI' sent to object: 'Object Repository/DES/Trading Partners Page/Add BillTo Search_txt'

21-10-2025T18:42:03 - [MESSAGE][PASSED] - Keys 'TURKEYHI' sent to object: 'Object Repository/DES/Trading Partners Page/Add BillTo Search_txt'

21-10-2025T18:42:03 - [TEST_STEP][PASSED] - delay(1): Delayed 1 second(s)

21-10-2025T18:42:04 - [MESSAGE][PASSED] - Delayed 1 second(s)

21-10-2025T18:42:04 - [TEST_STEP][PASSED] - click(findTestObject("DES/Trading Partners Page/First Bill To Selectable_checkbox"), OPTIONAL): Object: 'Object Repository/DES/Trading Partners Page/First Bill To Selectable_checkbox' is clicked on

21-10-2025T18:42:04 - [MESSAGE][PASSED] - Object: 'Object Repository/DES/Trading Partners Page/First Bill To Selectable_checkbox' is clicked on

21-10-2025T18:42:04 - [TEST_STEP][PASSED] - delay(2): Delayed 2 second(s)

21-10-2025T18:42:06 - [MESSAGE][PASSED] - Delayed 2 second(s)

21-10-2025T18:42:06 - [TEST_STEP][PASSED] - click(findTestObject("DES/TradingPartners/button_Add")): Object: 'Object Repository/DES/TradingPartners/button_Add' is clicked on

21-10-2025T18:42:06 - [MESSAGE][PASSED] - Object: 'Object Repository/DES/TradingPartners/button_Add' is clicked on

21-10-2025T18:42:06 - [TEST_STEP][PASSED] - delay(2): Delayed 2 second(s)

21-10-2025T18:42:08 - [MESSAGE][PASSED] - Delayed 2 second(s)

21-10-2025T18:42:08 - [TEST_STEP][PASSED] - closeBrowser(): Browser is closed

21-10-2025T18:42:08 - [MESSAGE][PASSED] - Browser is closed

21-10-2025T18:42:08 - [TEST_STEP][PASSED] - Start listener action : retryOnDisconnect: null

21-10-2025T18:42:08 - [TEST_STEP][PASSED] - tcId = testCaseContext.getTestCaseId(): null

21-10-2025T18:42:08 - [TEST_STEP][PASSED] - currentRetry = retryCounts.getOrDefault(tcId, 0): null

21-10-2025T18:42:08 - [TEST_STEP][PASSED] - if (testCaseContext.getTestCaseStatus() == "FAILED" && currentRetry < MAX_RETRIES): null]]></system-out>
         <system-err><![CDATA[]]></system-err>
      </testcase>
      <testcase name="Test Cases/DES/Trading Partners Page/Main/Add BillTo" time="50.297" classname="Test Cases/DES/Trading Partners Page/Main/Add BillTo" status="FAILED">
         <failure type="FAILED" message="Test Cases/DES/Trading Partners Page/Main/Add BillTo FAILED.&#xa;Reason:&#xa;com.kms.katalon.core.exception.StepFailedException: Verify element text of test object 'Object Repository/DES/TradingPartners/td_13TH STREET SHELL LLC' FAILED.&#xa;	at com.kms.katalon.core.webui.keyword.internal.WebUIKeywordMain.stepFailed(WebUIKeywordMain.groovy:117)&#xa;	at com.kms.katalon.core.webui.keyword.internal.WebUIKeywordMain.runKeyword(WebUIKeywordMain.groovy:43)&#xa;	at com.kms.katalon.core.webui.keyword.builtin.VerifyElementTextKeyword.verifyElementText(VerifyElementTextKeyword.groovy:72)&#xa;	at com.kms.katalon.core.webui.keyword.builtin.VerifyElementTextKeyword.execute(VerifyElementTextKeyword.groovy:40)&#xa;	at com.kms.katalon.core.keyword.internal.KeywordExecutor.executeKeywordForPlatform(KeywordExecutor.groovy:74)&#xa;	at com.kms.katalon.core.webui.keyword.WebUiBuiltInKeywords.verifyElementText(WebUiBuiltInKeywords.groovy:4835)&#xa;	at com.kms.katalon.core.webui.keyword.WebUiBuiltInKeywords$verifyElementText$9.call(Unknown Source)&#xa;	at Add BillTo.run(Add BillTo:48)&#xa;	at com.kms.katalon.core.main.ScriptEngine.run(ScriptEngine.java:194)&#xa;	at com.kms.katalon.core.main.ScriptEngine.runScriptAsRawText(ScriptEngine.java:119)&#xa;	at com.kms.katalon.core.main.TestCaseExecutor.runScript(TestCaseExecutor.java:448)&#xa;	at com.kms.katalon.core.main.TestCaseExecutor.doExecute(TestCaseExecutor.java:439)&#xa;	at com.kms.katalon.core.main.TestCaseExecutor.processExecutionPhase(TestCaseExecutor.java:418)&#xa;	at com.kms.katalon.core.main.TestCaseExecutor.accessMainPhase(TestCaseExecutor.java:410)&#xa;	at com.kms.katalon.core.main.TestCaseExecutor.execute(TestCaseExecutor.java:285)&#xa;	at com.kms.katalon.core.common.CommonExecutor.accessTestCaseMainPhase(CommonExecutor.java:65)&#xa;	at com.kms.katalon.core.main.TestSuiteExecutor.accessTestSuiteMainPhase(TestSuiteExecutor.java:150)&#xa;	at com.kms.katalon.core.main.TestSuiteExecutor.execute(TestSuiteExecutor.java:106)&#xa;	at com.kms.katalon.core.main.TestCaseMain.startTestSuite(TestCaseMain.java:180)&#xa;	at com.kms.katalon.core.main.TestCaseMain$startTestSuite$0.call(Unknown Source)&#xa;	at TempTestSuite1761084128061.run(TempTestSuite1761084128061.groovy:35)&#xa;	at java.base/jdk.internal.reflect.NativeMethodAccessorImpl.invoke0(Native Method)&#xa;	at java.base/jdk.internal.reflect.NativeMethodAccessorImpl.invoke(NativeMethodAccessorImpl.java:77)&#xa;	at java.base/jdk.internal.reflect.DelegatingMethodAccessorImpl.invoke(DelegatingMethodAccessorImpl.java:43)&#xa;Caused by: com.kms.katalon.core.exception.StepFailedException: Actual text 'The Exchange - AAFES' and expected text '13TH STREET SHELL LLC' of test object 'Object Repository/DES/TradingPartners/td_13TH STREET SHELL LLC' are NOT matched.&#xa;	at com.kms.katalon.core.webui.keyword.internal.WebUIKeywordMain.stepFailed(WebUIKeywordMain.groovy:117)&#xa;	at com.kms.katalon.core.webui.keyword.builtin.VerifyElementTextKeyword$_verifyElementText_closure1.doCall(VerifyElementTextKeyword.groovy:57)&#xa;	at com.kms.katalon.core.webui.keyword.builtin.VerifyElementTextKeyword$_verifyElementText_closure1.call(VerifyElementTextKeyword.groovy)&#xa;	at com.kms.katalon.core.webui.keyword.internal.WebUIKeywordMain.runKeyword(WebUIKeywordMain.groovy:35)&#xa;	... 22 more&#xa;"/>
         <system-out><![CDATA[21-10-2025T18:42:08 - [TEST_CASE][FAILED] - Test Cases/DES/Trading Partners Page/Main/Add BillTo: Test Cases/DES/Trading Partners Page/Main/Add BillTo FAILED.
Reason:
com.kms.katalon.core.exception.StepFailedException: Verify element text of test object 'Object Repository/DES/TradingPartners/td_13TH STREET SHELL LLC' FAILED.
	at com.kms.katalon.core.webui.keyword.internal.WebUIKeywordMain.stepFailed(WebUIKeywordMain.groovy:117)
	at com.kms.katalon.core.webui.keyword.internal.WebUIKeywordMain.runKeyword(WebUIKeywordMain.groovy:43)
	at com.kms.katalon.core.webui.keyword.builtin.VerifyElementTextKeyword.verifyElementText(VerifyElementTextKeyword.groovy:72)
	at com.kms.katalon.core.webui.keyword.builtin.VerifyElementTextKeyword.execute(VerifyElementTextKeyword.groovy:40)
	at com.kms.katalon.core.keyword.internal.KeywordExecutor.executeKeywordForPlatform(KeywordExecutor.groovy:74)
	at com.kms.katalon.core.webui.keyword.WebUiBuiltInKeywords.verifyElementText(WebUiBuiltInKeywords.groovy:4835)
	at com.kms.katalon.core.webui.keyword.WebUiBuiltInKeywords$verifyElementText$9.call(Unknown Source)
	at Add BillTo.run(Add BillTo:48)
	at com.kms.katalon.core.main.ScriptEngine.run(ScriptEngine.java:194)
	at com.kms.katalon.core.main.ScriptEngine.runScriptAsRawText(ScriptEngine.java:119)
	at com.kms.katalon.core.main.TestCaseExecutor.runScript(TestCaseExecutor.java:448)
	at com.kms.katalon.core.main.TestCaseExecutor.doExecute(TestCaseExecutor.java:439)
	at com.kms.katalon.core.main.TestCaseExecutor.processExecutionPhase(TestCaseExecutor.java:418)
	at com.kms.katalon.core.main.TestCaseExecutor.accessMainPhase(TestCaseExecutor.java:410)
	at com.kms.katalon.core.main.TestCaseExecutor.execute(TestCaseExecutor.java:285)
	at com.kms.katalon.core.common.CommonExecutor.accessTestCaseMainPhase(CommonExecutor.java:65)
	at com.kms.katalon.core.main.TestSuiteExecutor.accessTestSuiteMainPhase(TestSuiteExecutor.java:150)
	at com.kms.katalon.core.main.TestSuiteExecutor.execute(TestSuiteExecutor.java:106)
	at com.kms.katalon.core.main.TestCaseMain.startTestSuite(TestCaseMain.java:180)
	at com.kms.katalon.core.main.TestCaseMain$startTestSuite$0.call(Unknown Source)
	at TempTestSuite1761084128061.run(TempTestSuite1761084128061.groovy:35)
	at java.base/jdk.internal.reflect.NativeMethodAccessorImpl.invoke0(Native Method)
	at java.base/jdk.internal.reflect.NativeMethodAccessorImpl.invoke(NativeMethodAccessorImpl.java:77)
	at java.base/jdk.internal.reflect.DelegatingMethodAccessorImpl.invoke(DelegatingMethodAccessorImpl.java:43)
Caused by: com.kms.katalon.core.exception.StepFailedException: Actual text 'The Exchange - AAFES' and expected text '13TH STREET SHELL LLC' of test object 'Object Repository/DES/TradingPartners/td_13TH STREET SHELL LLC' are NOT matched.
	at com.kms.katalon.core.webui.keyword.internal.WebUIKeywordMain.stepFailed(WebUIKeywordMain.groovy:117)
	at com.kms.katalon.core.webui.keyword.builtin.VerifyElementTextKeyword$_verifyElementText_closure1.doCall(VerifyElementTextKeyword.groovy:57)
	at com.kms.katalon.core.webui.keyword.builtin.VerifyElementTextKeyword$_verifyElementText_closure1.call(VerifyElementTextKeyword.groovy)
	at com.kms.katalon.core.webui.keyword.internal.WebUIKeywordMain.runKeyword(WebUIKeywordMain.groovy:35)
	... 22 more


21-10-2025T18:42:08 - [TEST_STEP][PASSED] - Start listener action : beforeTestCase: null

21-10-2025T18:42:08 - [TEST_STEP][PASSED] - addDefaultPackages(): null

21-10-2025T18:42:08 - [TEST_STEP][PASSED] - callTestCase(findTestCase("DES/DES Login"), [:], STOP_ON_FAILURE): Call Test Case 'Test Cases/DES/DES Login' successfully

21-10-2025T18:42:08 - [TEST_CASE][PASSED] - Test Cases/DES/DES Login: Test Cases/DES/DES Login

21-10-2025T18:42:08 - [TEST_STEP][PASSED] - openBrowser(""): Browser is opened with url: ''

21-10-2025T18:42:08 - [MESSAGE][INFO] - Starting 'Chrome' driver

21-10-2025T18:42:08 - [MESSAGE][INFO] - User set preference: ['args', '[--no-sandbox, --disable-gpu, --disable-dev-shm-usage]']

21-10-2025T18:42:08 - [MESSAGE][INFO] - Action delay is set to 0 milliseconds

21-10-2025T18:42:09 - [MESSAGE][PASSED] - Browser is opened with url: ''

21-10-2025T18:42:09 - [TEST_STEP][PASSED] - maximizeWindow(): Current window maximized

21-10-2025T18:42:09 - [MESSAGE][PASSED] - Current window maximized

21-10-2025T18:42:09 - [TEST_STEP][PASSED] - delay(10): Delayed 10 second(s)

21-10-2025T18:42:19 - [MESSAGE][PASSED] - Delayed 10 second(s)

21-10-2025T18:42:19 - [TEST_STEP][PASSED] - navigateToUrl("https://dx-portal.qa.thekag.com/"): Navigate to 'https://dx-portal.qa.thekag.com/' successfully

21-10-2025T18:42:19 - [MESSAGE][PASSED] - Navigate to 'https://dx-portal.qa.thekag.com/' successfully

21-10-2025T18:42:19 - [TEST_STEP][PASSED] - delay(5): Delayed 5 second(s)

21-10-2025T18:42:24 - [MESSAGE][PASSED] - Delayed 5 second(s)

21-10-2025T18:42:24 - [TEST_STEP][PASSED] - setText(findTestObject("Object Repository/Page_IdentityServer4/input_Username (e.g. email address)_Username"), "Chris.Sheldon+DES_QA@Thekag.com"): Text 'Chris.Sheldon+DES_QA@Thekag.com' is set on object 'Object Repository/Page_IdentityServer4/input_Username (e.g. email address)_Username'

21-10-2025T18:42:25 - [MESSAGE][PASSED] - Text 'Chris.Sheldon+DES_QA@Thekag.com' is set on object 'Object Repository/Page_IdentityServer4/input_Username (e.g. email address)_Username'

21-10-2025T18:42:25 - [TEST_STEP][PASSED] - setEncryptedText(findTestObject("Page_IdentityServer4/input_Password_Password"), "BtpyPJuZxPz9EFo3Zi2c4Q=="): Text ****** has been set on object 'Object Repository/Page_IdentityServer4/input_Password_Password'

21-10-2025T18:42:25 - [MESSAGE][PASSED] - Text ****** has been set on object 'Object Repository/Page_IdentityServer4/input_Password_Password'

21-10-2025T18:42:25 - [TEST_STEP][PASSED] - click(findTestObject("Object Repository/Page_IdentityServer4/button_Login")): Object: 'Object Repository/Page_IdentityServer4/button_Login' is clicked on

21-10-2025T18:42:25 - [MESSAGE][PASSED] - Object: 'Object Repository/Page_IdentityServer4/button_Login' is clicked on

21-10-2025T18:42:25 - [TEST_STEP][PASSED] - delay(5): Delayed 5 second(s)

21-10-2025T18:42:30 - [MESSAGE][PASSED] - Delayed 5 second(s)

21-10-2025T18:42:30 - [MESSAGE][PASSED] - Call Test Case 'Test Cases/DES/DES Login' successfully

21-10-2025T18:42:30 - [TEST_STEP][PASSED] - setText(findTestObject("DES/Trading Partners Page/Search Trading Partner_input_txt"), "Katalon Transmissions"): Text 'Katalon Transmissions' is set on object 'Object Repository/DES/Trading Partners Page/Search Trading Partner_input_txt'

21-10-2025T18:42:30 - [MESSAGE][PASSED] - Text 'Katalon Transmissions' is set on object 'Object Repository/DES/Trading Partners Page/Search Trading Partner_input_txt'

21-10-2025T18:42:30 - [TEST_STEP][PASSED] - delay(1): Delayed 1 second(s)

21-10-2025T18:42:31 - [MESSAGE][PASSED] - Delayed 1 second(s)

21-10-2025T18:42:31 - [TEST_STEP][PASSED] - click(findTestObject("DES/Trading Partners Page/Katalon Trading TP View_btn")): Object: 'Object Repository/DES/Trading Partners Page/Katalon Trading TP View_btn' is clicked on

21-10-2025T18:42:32 - [MESSAGE][PASSED] - Object: 'Object Repository/DES/Trading Partners Page/Katalon Trading TP View_btn' is clicked on

21-10-2025T18:42:32 - [TEST_STEP][PASSED] - delay(3): Delayed 3 second(s)

21-10-2025T18:42:35 - [MESSAGE][PASSED] - Delayed 3 second(s)

21-10-2025T18:42:35 - [TEST_STEP][PASSED] - click(findTestObject("DES/Trading Partners Page/Add Bill To_btn")): Object: 'Object Repository/DES/Trading Partners Page/Add Bill To_btn' is clicked on

21-10-2025T18:42:35 - [MESSAGE][PASSED] - Object: 'Object Repository/DES/Trading Partners Page/Add Bill To_btn' is clicked on

21-10-2025T18:42:35 - [TEST_STEP][PASSED] - delay(2): Delayed 2 second(s)

21-10-2025T18:42:37 - [MESSAGE][PASSED] - Delayed 2 second(s)

21-10-2025T18:42:37 - [TEST_STEP][PASSED] - sendKeys(findTestObject("DES/Trading Partners Page/Add BillTo Search_txt"), "13THMIL"): Keys '13THMIL' sent to object: 'Object Repository/DES/Trading Partners Page/Add BillTo Search_txt'

21-10-2025T18:42:37 - [MESSAGE][PASSED] - Keys '13THMIL' sent to object: 'Object Repository/DES/Trading Partners Page/Add BillTo Search_txt'

21-10-2025T18:42:37 - [TEST_STEP][PASSED] - delay(1): Delayed 1 second(s)

21-10-2025T18:42:38 - [MESSAGE][PASSED] - Delayed 1 second(s)

21-10-2025T18:42:38 - [TEST_STEP][PASSED] - click(findTestObject("DES/Trading Partners Page/First Bill To Selectable_checkbox")): Object: 'Object Repository/DES/Trading Partners Page/First Bill To Selectable_checkbox' is clicked on

21-10-2025T18:42:38 - [MESSAGE][PASSED] - Object: 'Object Repository/DES/Trading Partners Page/First Bill To Selectable_checkbox' is clicked on

21-10-2025T18:42:38 - [TEST_STEP][PASSED] - delay(2): Delayed 2 second(s)

21-10-2025T18:42:40 - [MESSAGE][PASSED] - Delayed 2 second(s)

21-10-2025T18:42:40 - [TEST_STEP][PASSED] - click(findTestObject("DES/TradingPartners/button_Add")): Object: 'Object Repository/DES/TradingPartners/button_Add' is clicked on

21-10-2025T18:42:40 - [MESSAGE][PASSED] - Object: 'Object Repository/DES/TradingPartners/button_Add' is clicked on

21-10-2025T18:42:40 - [TEST_STEP][PASSED] - delay(2): Delayed 2 second(s)

21-10-2025T18:42:42 - [MESSAGE][PASSED] - Delayed 2 second(s)

21-10-2025T18:42:42 - [TEST_STEP][FAILED] - verifyElementText(findTestObject("DES/TradingPartners/td_13TH STREET SHELL LLC"), "13TH STREET SHELL LLC"): Verify element text of test object 'Object Repository/DES/TradingPartners/td_13TH STREET SHELL LLC' FAILED. (Root cause: com.kms.katalon.core.exception.StepFailedException: Verify element text of test object 'Object Repository/DES/TradingPartners/td_13TH STREET SHELL LLC' FAILED.
	at com.kms.katalon.core.webui.keyword.internal.WebUIKeywordMain.stepFailed(WebUIKeywordMain.groovy:117)
	at com.kms.katalon.core.webui.keyword.internal.WebUIKeywordMain.runKeyword(WebUIKeywordMain.groovy:43)
	at com.kms.katalon.core.webui.keyword.builtin.VerifyElementTextKeyword.verifyElementText(VerifyElementTextKeyword.groovy:72)
	at com.kms.katalon.core.webui.keyword.builtin.VerifyElementTextKeyword.execute(VerifyElementTextKeyword.groovy:40)
	at com.kms.katalon.core.keyword.internal.KeywordExecutor.executeKeywordForPlatform(KeywordExecutor.groovy:74)
	at com.kms.katalon.core.webui.keyword.WebUiBuiltInKeywords.verifyElementText(WebUiBuiltInKeywords.groovy:4835)
	at com.kms.katalon.core.webui.keyword.WebUiBuiltInKeywords$verifyElementText$9.call(Unknown Source)
	at Add BillTo.run(Add BillTo:48)
	at com.kms.katalon.core.main.ScriptEngine.run(ScriptEngine.java:194)
	at com.kms.katalon.core.main.ScriptEngine.runScriptAsRawText(ScriptEngine.java:119)
	at com.kms.katalon.core.main.TestCaseExecutor.runScript(TestCaseExecutor.java:448)
	at com.kms.katalon.core.main.TestCaseExecutor.doExecute(TestCaseExecutor.java:439)
	at com.kms.katalon.core.main.TestCaseExecutor.processExecutionPhase(TestCaseExecutor.java:418)
	at com.kms.katalon.core.main.TestCaseExecutor.accessMainPhase(TestCaseExecutor.java:410)
	at com.kms.katalon.core.main.TestCaseExecutor.execute(TestCaseExecutor.java:285)
	at com.kms.katalon.core.common.CommonExecutor.accessTestCaseMainPhase(CommonExecutor.java:65)
	at com.kms.katalon.core.main.TestSuiteExecutor.accessTestSuiteMainPhase(TestSuiteExecutor.java:150)
	at com.kms.katalon.core.main.TestSuiteExecutor.execute(TestSuiteExecutor.java:106)
	at com.kms.katalon.core.main.TestCaseMain.startTestSuite(TestCaseMain.java:180)
	at com.kms.katalon.core.main.TestCaseMain$startTestSuite$0.call(Unknown Source)
	at TempTestSuite1761084128061.run(TempTestSuite1761084128061.groovy:35)
	at java.base/jdk.internal.reflect.NativeMethodAccessorImpl.invoke0(Native Method)
	at java.base/jdk.internal.reflect.NativeMethodAccessorImpl.invoke(NativeMethodAccessorImpl.java:77)
	at java.base/jdk.internal.reflect.DelegatingMethodAccessorImpl.invoke(DelegatingMethodAccessorImpl.java:43)
Caused by: com.kms.katalon.core.exception.StepFailedException: Actual text 'The Exchange - AAFES' and expected text '13TH STREET SHELL LLC' of test object 'Object Repository/DES/TradingPartners/td_13TH STREET SHELL LLC' are NOT matched.
	at com.kms.katalon.core.webui.keyword.internal.WebUIKeywordMain.stepFailed(WebUIKeywordMain.groovy:117)
	at com.kms.katalon.core.webui.keyword.builtin.VerifyElementTextKeyword$_verifyElementText_closure1.doCall(VerifyElementTextKeyword.groovy:57)
	at com.kms.katalon.core.webui.keyword.builtin.VerifyElementTextKeyword$_verifyElementText_closure1.call(VerifyElementTextKeyword.groovy)
	at com.kms.katalon.core.webui.keyword.internal.WebUIKeywordMain.runKeyword(WebUIKeywordMain.groovy:35)
	... 22 more
)

21-10-2025T18:42:58 - [MESSAGE][INFO] - Unable to find the element located by 'By.xpath: //td[(text() = '13TH STREET SHELL LLC' or . = '13TH STREET SHELL LLC')]'. Please recheck the objects properties to make sure the desired element is located. 

21-10-2025T18:42:58 - [MESSAGE][WARNING] - [SELF-HEALING] Failed to find element with id 'Object Repository/DES/TradingPartners/td_13TH STREET SHELL LLC'. Try using Self-healing.

21-10-2025T18:42:58 - [MESSAGE][INFO] - [SELF-HEALING] Failed Locator: '//td[(text() = '13TH STREET SHELL LLC' or . = '13TH STREET SHELL LLC')]'.

21-10-2025T18:42:58 - [MESSAGE][INFO] - [SELF-HEALING] Failed Locator: '//table[@id='__BVID__46']/tbody/tr/td[2]'.

21-10-2025T18:42:58 - [MESSAGE][INFO] - [SELF-HEALING] Working Locator: '(.//*[normalize-space(text()) and normalize-space(.)='Action'])[1]/following::td[2]'.

21-10-2025T18:42:58 - [MESSAGE][INFO] - [SELF-HEALING] Screenshot: D:/ADOagent/vsts-agent-win-x64-2.217.2/_work/819/s/Reports/Self-healing/Object Repository/DES/TradingPartners/td_13TH STREET SHELL LLC_neighbor.png

21-10-2025T18:42:58 - [MESSAGE][WARNING] - [SELF-HEALING] The current locator of test object 'Object Repository/DES/TradingPartners/td_13TH STREET SHELL LLC' was broken. Propose an alternative one: '(.//*[normalize-space(text()) and normalize-space(.)='Action'])[1]/following::td[2]'.

21-10-2025T18:42:58 - [MESSAGE][FAILED] - Actual text 'The Exchange - AAFES' and expected text '13TH STREET SHELL LLC' of test object 'Object Repository/DES/TradingPartners/td_13TH STREET SHELL LLC' are NOT matched. (Root cause: com.kms.katalon.core.exception.StepFailedException: Actual text 'The Exchange - AAFES' and expected text '13TH STREET SHELL LLC' of test object 'Object Repository/DES/TradingPartners/td_13TH STREET SHELL LLC' are NOT matched.
	at com.kms.katalon.core.webui.keyword.internal.WebUIKeywordMain.stepFailed(WebUIKeywordMain.groovy:117)
	at com.kms.katalon.core.webui.keyword.builtin.VerifyElementTextKeyword$_verifyElementText_closure1.doCall(VerifyElementTextKeyword.groovy:57)
	at com.kms.katalon.core.webui.keyword.builtin.VerifyElementTextKeyword$_verifyElementText_closure1.call(VerifyElementTextKeyword.groovy)
	at com.kms.katalon.core.webui.keyword.internal.WebUIKeywordMain.runKeyword(WebUIKeywordMain.groovy:35)
	at com.kms.katalon.core.webui.keyword.builtin.VerifyElementTextKeyword.verifyElementText(VerifyElementTextKeyword.groovy:72)
	at com.kms.katalon.core.webui.keyword.builtin.VerifyElementTextKeyword.execute(VerifyElementTextKeyword.groovy:40)
	at com.kms.katalon.core.keyword.internal.KeywordExecutor.executeKeywordForPlatform(KeywordExecutor.groovy:74)
	at com.kms.katalon.core.webui.keyword.WebUiBuiltInKeywords.verifyElementText(WebUiBuiltInKeywords.groovy:4835)
	at com.kms.katalon.core.webui.keyword.WebUiBuiltInKeywords$verifyElementText$9.call(Unknown Source)
	at Add BillTo.run(Add BillTo:48)
	at com.kms.katalon.core.main.ScriptEngine.run(ScriptEngine.java:194)
	at com.kms.katalon.core.main.ScriptEngine.runScriptAsRawText(ScriptEngine.java:119)
	at com.kms.katalon.core.main.TestCaseExecutor.runScript(TestCaseExecutor.java:448)
	at com.kms.katalon.core.main.TestCaseExecutor.doExecute(TestCaseExecutor.java:439)
	at com.kms.katalon.core.main.TestCaseExecutor.processExecutionPhase(TestCaseExecutor.java:418)
	at com.kms.katalon.core.main.TestCaseExecutor.accessMainPhase(TestCaseExecutor.java:410)
	at com.kms.katalon.core.main.TestCaseExecutor.execute(TestCaseExecutor.java:285)
	at com.kms.katalon.core.common.CommonExecutor.accessTestCaseMainPhase(CommonExecutor.java:65)
	at com.kms.katalon.core.main.TestSuiteExecutor.accessTestSuiteMainPhase(TestSuiteExecutor.java:150)
	at com.kms.katalon.core.main.TestSuiteExecutor.execute(TestSuiteExecutor.java:106)
	at com.kms.katalon.core.main.TestCaseMain.startTestSuite(TestCaseMain.java:180)
	at com.kms.katalon.core.main.TestCaseMain$startTestSuite$0.call(Unknown Source)
	at TempTestSuite1761084128061.run(TempTestSuite1761084128061.groovy:35)
	at java.base/jdk.internal.reflect.NativeMethodAccessorImpl.invoke0(Native Method)
	at java.base/jdk.internal.reflect.NativeMethodAccessorImpl.invoke(NativeMethodAccessorImpl.java:77)
	at java.base/jdk.internal.reflect.DelegatingMethodAccessorImpl.invoke(DelegatingMethodAccessorImpl.java:43)
)

21-10-2025T18:42:58 - [MESSAGE][FAILED] - Verify element text of test object 'Object Repository/DES/TradingPartners/td_13TH STREET SHELL LLC' FAILED. (Root cause: com.kms.katalon.core.exception.StepFailedException: Verify element text of test object 'Object Repository/DES/TradingPartners/td_13TH STREET SHELL LLC' FAILED.
	at com.kms.katalon.core.webui.keyword.internal.WebUIKeywordMain.stepFailed(WebUIKeywordMain.groovy:117)
	at com.kms.katalon.core.webui.keyword.internal.WebUIKeywordMain.runKeyword(WebUIKeywordMain.groovy:43)
	at com.kms.katalon.core.webui.keyword.builtin.VerifyElementTextKeyword.verifyElementText(VerifyElementTextKeyword.groovy:72)
	at com.kms.katalon.core.webui.keyword.builtin.VerifyElementTextKeyword.execute(VerifyElementTextKeyword.groovy:40)
	at com.kms.katalon.core.keyword.internal.KeywordExecutor.executeKeywordForPlatform(KeywordExecutor.groovy:74)
	at com.kms.katalon.core.webui.keyword.WebUiBuiltInKeywords.verifyElementText(WebUiBuiltInKeywords.groovy:4835)
	at com.kms.katalon.core.webui.keyword.WebUiBuiltInKeywords$verifyElementText$9.call(Unknown Source)
	at Add BillTo.run(Add BillTo:48)
	at com.kms.katalon.core.main.ScriptEngine.run(ScriptEngine.java:194)
	at com.kms.katalon.core.main.ScriptEngine.runScriptAsRawText(ScriptEngine.java:119)
	at com.kms.katalon.core.main.TestCaseExecutor.runScript(TestCaseExecutor.java:448)
	at com.kms.katalon.core.main.TestCaseExecutor.doExecute(TestCaseExecutor.java:439)
	at com.kms.katalon.core.main.TestCaseExecutor.processExecutionPhase(TestCaseExecutor.java:418)
	at com.kms.katalon.core.main.TestCaseExecutor.accessMainPhase(TestCaseExecutor.java:410)
	at com.kms.katalon.core.main.TestCaseExecutor.execute(TestCaseExecutor.java:285)
	at com.kms.katalon.core.common.CommonExecutor.accessTestCaseMainPhase(CommonExecutor.java:65)
	at com.kms.katalon.core.main.TestSuiteExecutor.accessTestSuiteMainPhase(TestSuiteExecutor.java:150)
	at com.kms.katalon.core.main.TestSuiteExecutor.execute(TestSuiteExecutor.java:106)
	at com.kms.katalon.core.main.TestCaseMain.startTestSuite(TestCaseMain.java:180)
	at com.kms.katalon.core.main.TestCaseMain$startTestSuite$0.call(Unknown Source)
	at TempTestSuite1761084128061.run(TempTestSuite1761084128061.groovy:35)
	at java.base/jdk.internal.reflect.NativeMethodAccessorImpl.invoke0(Native Method)
	at java.base/jdk.internal.reflect.NativeMethodAccessorImpl.invoke(NativeMethodAccessorImpl.java:77)
	at java.base/jdk.internal.reflect.DelegatingMethodAccessorImpl.invoke(DelegatingMethodAccessorImpl.java:43)
Caused by: com.kms.katalon.core.exception.StepFailedException: Actual text 'The Exchange - AAFES' and expected text '13TH STREET SHELL LLC' of test object 'Object Repository/DES/TradingPartners/td_13TH STREET SHELL LLC' are NOT matched.
	at com.kms.katalon.core.webui.keyword.internal.WebUIKeywordMain.stepFailed(WebUIKeywordMain.groovy:117)
	at com.kms.katalon.core.webui.keyword.builtin.VerifyElementTextKeyword$_verifyElementText_closure1.doCall(VerifyElementTextKeyword.groovy:57)
	at com.kms.katalon.core.webui.keyword.builtin.VerifyElementTextKeyword$_verifyElementText_closure1.call(VerifyElementTextKeyword.groovy)
	at com.kms.katalon.core.webui.keyword.internal.WebUIKeywordMain.runKeyword(WebUIKeywordMain.groovy:35)
	... 22 more
)

21-10-2025T18:42:58 - [TEST_STEP][PASSED] - Start listener action : retryOnDisconnect: Current window's url is: 'https://dx-portal.qa.thekag.com/admin/viewpartner/613287f8-0c47-479b-001b-08daa17d77bd'

21-10-2025T18:42:58 - [TEST_STEP][PASSED] - tcId = testCaseContext.getTestCaseId(): null

21-10-2025T18:42:58 - [TEST_STEP][PASSED] - currentRetry = retryCounts.getOrDefault(tcId, 0): null

21-10-2025T18:42:58 - [TEST_STEP][PASSED] - if (testCaseContext.getTestCaseStatus() == "FAILED" && currentRetry < MAX_RETRIES): Current window's url is: 'https://dx-portal.qa.thekag.com/admin/viewpartner/613287f8-0c47-479b-001b-08daa17d77bd'

21-10-2025T18:42:58 - [TEST_STEP][PASSED] - try: Current window's url is: 'https://dx-portal.qa.thekag.com/admin/viewpartner/613287f8-0c47-479b-001b-08daa17d77bd'

21-10-2025T18:42:58 - [TEST_STEP][PASSED] - comment(Checking for WebDriver disconnect for test case: $tcId): Checking for WebDriver disconnect for test case: Test Cases/DES/Trading Partners Page/Main/Add BillTo

21-10-2025T18:42:58 - [MESSAGE][INFO] - Checking for WebDriver disconnect for test case: Test Cases/DES/Trading Partners Page/Main/Add BillTo

21-10-2025T18:42:58 - [TEST_STEP][PASSED] - getUrl(): Current window's url is: 'https://dx-portal.qa.thekag.com/admin/viewpartner/613287f8-0c47-479b-001b-08daa17d77bd'

21-10-2025T18:42:58 - [MESSAGE][PASSED] - Current window's url is: 'https://dx-portal.qa.thekag.com/admin/viewpartner/613287f8-0c47-479b-001b-08daa17d77bd']]></system-out>
         <system-err><![CDATA[21-10-2025T18:42:08 - [TEST_CASE][FAILED] - Test Cases/DES/Trading Partners Page/Main/Add BillTo: Test Cases/DES/Trading Partners Page/Main/Add BillTo FAILED.
Reason:
com.kms.katalon.core.exception.StepFailedException: Verify element text of test object 'Object Repository/DES/TradingPartners/td_13TH STREET SHELL LLC' FAILED.
	at com.kms.katalon.core.webui.keyword.internal.WebUIKeywordMain.stepFailed(WebUIKeywordMain.groovy:117)
	at com.kms.katalon.core.webui.keyword.internal.WebUIKeywordMain.runKeyword(WebUIKeywordMain.groovy:43)
	at com.kms.katalon.core.webui.keyword.builtin.VerifyElementTextKeyword.verifyElementText(VerifyElementTextKeyword.groovy:72)
	at com.kms.katalon.core.webui.keyword.builtin.VerifyElementTextKeyword.execute(VerifyElementTextKeyword.groovy:40)
	at com.kms.katalon.core.keyword.internal.KeywordExecutor.executeKeywordForPlatform(KeywordExecutor.groovy:74)
	at com.kms.katalon.core.webui.keyword.WebUiBuiltInKeywords.verifyElementText(WebUiBuiltInKeywords.groovy:4835)
	at com.kms.katalon.core.webui.keyword.WebUiBuiltInKeywords$verifyElementText$9.call(Unknown Source)
	at Add BillTo.run(Add BillTo:48)
	at com.kms.katalon.core.main.ScriptEngine.run(ScriptEngine.java:194)
	at com.kms.katalon.core.main.ScriptEngine.runScriptAsRawText(ScriptEngine.java:119)
	at com.kms.katalon.core.main.TestCaseExecutor.runScript(TestCaseExecutor.java:448)
	at com.kms.katalon.core.main.TestCaseExecutor.doExecute(TestCaseExecutor.java:439)
	at com.kms.katalon.core.main.TestCaseExecutor.processExecutionPhase(TestCaseExecutor.java:418)
	at com.kms.katalon.core.main.TestCaseExecutor.accessMainPhase(TestCaseExecutor.java:410)
	at com.kms.katalon.core.main.TestCaseExecutor.execute(TestCaseExecutor.java:285)
	at com.kms.katalon.core.common.CommonExecutor.accessTestCaseMainPhase(CommonExecutor.java:65)
	at com.kms.katalon.core.main.TestSuiteExecutor.accessTestSuiteMainPhase(TestSuiteExecutor.java:150)
	at com.kms.katalon.core.main.TestSuiteExecutor.execute(TestSuiteExecutor.java:106)
	at com.kms.katalon.core.main.TestCaseMain.startTestSuite(TestCaseMain.java:180)
	at com.kms.katalon.core.main.TestCaseMain$startTestSuite$0.call(Unknown Source)
	at TempTestSuite1761084128061.run(TempTestSuite1761084128061.groovy:35)
	at java.base/jdk.internal.reflect.NativeMethodAccessorImpl.invoke0(Native Method)
	at java.base/jdk.internal.reflect.NativeMethodAccessorImpl.invoke(NativeMethodAccessorImpl.java:77)
	at java.base/jdk.internal.reflect.DelegatingMethodAccessorImpl.invoke(DelegatingMethodAccessorImpl.java:43)
Caused by: com.kms.katalon.core.exception.StepFailedException: Actual text 'The Exchange - AAFES' and expected text '13TH STREET SHELL LLC' of test object 'Object Repository/DES/TradingPartners/td_13TH STREET SHELL LLC' are NOT matched.
	at com.kms.katalon.core.webui.keyword.internal.WebUIKeywordMain.stepFailed(WebUIKeywordMain.groovy:117)
	at com.kms.katalon.core.webui.keyword.builtin.VerifyElementTextKeyword$_verifyElementText_closure1.doCall(VerifyElementTextKeyword.groovy:57)
	at com.kms.katalon.core.webui.keyword.builtin.VerifyElementTextKeyword$_verifyElementText_closure1.call(VerifyElementTextKeyword.groovy)
	at com.kms.katalon.core.webui.keyword.internal.WebUIKeywordMain.runKeyword(WebUIKeywordMain.groovy:35)
	... 22 more]]></system-err>
      </testcase>
      <testcase name="Test Cases/DES/Trading Partners Page/Main/Remove BillTo" time="31.03" classname="Test Cases/DES/Trading Partners Page/Main/Remove BillTo" status="PASSED">
         <system-out><![CDATA[21-10-2025T18:42:58 - [TEST_CASE][PASSED] - Test Cases/DES/Trading Partners Page/Main/Remove BillTo: Test Cases/DES/Trading Partners Page/Main/Remove BillTo

21-10-2025T18:42:58 - [TEST_STEP][PASSED] - Start listener action : beforeTestCase: null

21-10-2025T18:42:58 - [TEST_STEP][PASSED] - addDefaultPackages(): null

21-10-2025T18:42:58 - [TEST_STEP][PASSED] - callTestCase(findTestCase("DES/DES Login"), [:], STOP_ON_FAILURE): Call Test Case 'Test Cases/DES/DES Login' successfully

21-10-2025T18:42:58 - [TEST_CASE][PASSED] - Test Cases/DES/DES Login: Test Cases/DES/DES Login

21-10-2025T18:42:58 - [TEST_STEP][PASSED] - openBrowser(""): Browser is opened with url: ''

21-10-2025T18:42:58 - [MESSAGE][WARNING] - A browser is already opened. Closing browser and opening a new one

21-10-2025T18:42:59 - [MESSAGE][INFO] - Starting 'Chrome' driver

21-10-2025T18:42:59 - [MESSAGE][INFO] - User set preference: ['args', '[--no-sandbox, --disable-gpu, --disable-dev-shm-usage]']

21-10-2025T18:42:59 - [MESSAGE][INFO] - Action delay is set to 0 milliseconds

21-10-2025T18:42:59 - [MESSAGE][PASSED] - Browser is opened with url: ''

21-10-2025T18:42:59 - [TEST_STEP][PASSED] - maximizeWindow(): Current window maximized

21-10-2025T18:42:59 - [MESSAGE][PASSED] - Current window maximized

21-10-2025T18:42:59 - [TEST_STEP][PASSED] - delay(10): Delayed 10 second(s)

21-10-2025T18:43:09 - [MESSAGE][PASSED] - Delayed 10 second(s)

21-10-2025T18:43:09 - [TEST_STEP][PASSED] - navigateToUrl("https://dx-portal.qa.thekag.com/"): Navigate to 'https://dx-portal.qa.thekag.com/' successfully

21-10-2025T18:43:10 - [MESSAGE][PASSED] - Navigate to 'https://dx-portal.qa.thekag.com/' successfully

21-10-2025T18:43:10 - [TEST_STEP][PASSED] - delay(5): Delayed 5 second(s)

21-10-2025T18:43:15 - [MESSAGE][PASSED] - Delayed 5 second(s)

21-10-2025T18:43:15 - [TEST_STEP][PASSED] - setText(findTestObject("Object Repository/Page_IdentityServer4/input_Username (e.g. email address)_Username"), "Chris.Sheldon+DES_QA@Thekag.com"): Text 'Chris.Sheldon+DES_QA@Thekag.com' is set on object 'Object Repository/Page_IdentityServer4/input_Username (e.g. email address)_Username'

21-10-2025T18:43:15 - [MESSAGE][PASSED] - Text 'Chris.Sheldon+DES_QA@Thekag.com' is set on object 'Object Repository/Page_IdentityServer4/input_Username (e.g. email address)_Username'

21-10-2025T18:43:15 - [TEST_STEP][PASSED] - setEncryptedText(findTestObject("Page_IdentityServer4/input_Password_Password"), "BtpyPJuZxPz9EFo3Zi2c4Q=="): Text ****** has been set on object 'Object Repository/Page_IdentityServer4/input_Password_Password'

21-10-2025T18:43:15 - [MESSAGE][PASSED] - Text ****** has been set on object 'Object Repository/Page_IdentityServer4/input_Password_Password'

21-10-2025T18:43:15 - [TEST_STEP][PASSED] - click(findTestObject("Object Repository/Page_IdentityServer4/button_Login")): Object: 'Object Repository/Page_IdentityServer4/button_Login' is clicked on

21-10-2025T18:43:15 - [MESSAGE][PASSED] - Object: 'Object Repository/Page_IdentityServer4/button_Login' is clicked on

21-10-2025T18:43:15 - [TEST_STEP][PASSED] - delay(5): Delayed 5 second(s)

21-10-2025T18:43:20 - [MESSAGE][PASSED] - Delayed 5 second(s)

21-10-2025T18:43:20 - [MESSAGE][PASSED] - Call Test Case 'Test Cases/DES/DES Login' successfully

21-10-2025T18:43:20 - [TEST_STEP][PASSED] - setText(findTestObject("DES/Trading Partners Page/Search Trading Partner_input_txt"), "Katalon Transmissions"): Text 'Katalon Transmissions' is set on object 'Object Repository/DES/Trading Partners Page/Search Trading Partner_input_txt'

21-10-2025T18:43:21 - [MESSAGE][PASSED] - Text 'Katalon Transmissions' is set on object 'Object Repository/DES/Trading Partners Page/Search Trading Partner_input_txt'

21-10-2025T18:43:21 - [TEST_STEP][PASSED] - delay(1): Delayed 1 second(s)

21-10-2025T18:43:22 - [MESSAGE][PASSED] - Delayed 1 second(s)

21-10-2025T18:43:22 - [TEST_STEP][PASSED] - click(findTestObject("DES/Trading Partners Page/Katalon Trading TP View_btn")): Object: 'Object Repository/DES/Trading Partners Page/Katalon Trading TP View_btn' is clicked on

21-10-2025T18:43:22 - [MESSAGE][PASSED] - Object: 'Object Repository/DES/Trading Partners Page/Katalon Trading TP View_btn' is clicked on

21-10-2025T18:43:22 - [TEST_STEP][PASSED] - delay(3): Delayed 3 second(s)

21-10-2025T18:43:25 - [MESSAGE][PASSED] - Delayed 3 second(s)

21-10-2025T18:43:25 - [TEST_STEP][PASSED] - click(findTestObject("DES/TradingPartners/button_Remove")): Object: 'Object Repository/DES/TradingPartners/button_Remove' is clicked on

21-10-2025T18:43:25 - [MESSAGE][PASSED] - Object: 'Object Repository/DES/TradingPartners/button_Remove' is clicked on

21-10-2025T18:43:25 - [TEST_STEP][PASSED] - click(findTestObject("DES/TradingPartners/button_Yes")): Object: 'Object Repository/DES/TradingPartners/button_Yes' is clicked on

21-10-2025T18:43:25 - [MESSAGE][PASSED] - Object: 'Object Repository/DES/TradingPartners/button_Yes' is clicked on

21-10-2025T18:43:25 - [TEST_STEP][PASSED] - delay(2): Delayed 2 second(s)

21-10-2025T18:43:27 - [MESSAGE][PASSED] - Delayed 2 second(s)

21-10-2025T18:43:27 - [TEST_STEP][PASSED] - verifyElementText(findTestObject("DES/TradingPartners/div_No Bill Tos"), "No Bill Tos"): Actual text and expected text of test object 'Object Repository/DES/TradingPartners/div_No Bill Tos' are matched.

21-10-2025T18:43:27 - [MESSAGE][PASSED] - Actual text and expected text of test object 'Object Repository/DES/TradingPartners/div_No Bill Tos' are matched.

21-10-2025T18:43:27 - [TEST_STEP][PASSED] - delay(2): Delayed 2 second(s)

21-10-2025T18:43:29 - [MESSAGE][PASSED] - Delayed 2 second(s)

21-10-2025T18:43:29 - [TEST_STEP][PASSED] - closeBrowser(STOP_ON_FAILURE): Browser is closed

21-10-2025T18:43:29 - [MESSAGE][PASSED] - Browser is closed

21-10-2025T18:43:29 - [TEST_STEP][PASSED] - Start listener action : retryOnDisconnect: null

21-10-2025T18:43:29 - [TEST_STEP][PASSED] - tcId = testCaseContext.getTestCaseId(): null

21-10-2025T18:43:29 - [TEST_STEP][PASSED] - currentRetry = retryCounts.getOrDefault(tcId, 0): null

21-10-2025T18:43:29 - [TEST_STEP][PASSED] - if (testCaseContext.getTestCaseStatus() == "FAILED" && currentRetry < MAX_RETRIES): null]]></system-out>
         <system-err><![CDATA[]]></system-err>
      </testcase>
      <testcase name="Test Cases/DES/Trading Partners Page/SortTradingPartnersByName" time="32.536" classname="Test Cases/DES/Trading Partners Page/SortTradingPartnersByName" status="PASSED">
         <system-out><![CDATA[21-10-2025T18:43:29 - [TEST_CASE][PASSED] - Test Cases/DES/Trading Partners Page/SortTradingPartnersByName: Test Cases/DES/Trading Partners Page/SortTradingPartnersByName

21-10-2025T18:43:29 - [TEST_STEP][PASSED] - Start listener action : beforeTestCase: null

21-10-2025T18:43:29 - [TEST_STEP][PASSED] - addDefaultPackages(): null

21-10-2025T18:43:29 - [TEST_STEP][PASSED] - callTestCase(findTestCase("DES/DES Login"), [:], STOP_ON_FAILURE): Call Test Case 'Test Cases/DES/DES Login' successfully

21-10-2025T18:43:29 - [TEST_CASE][PASSED] - Test Cases/DES/DES Login: Test Cases/DES/DES Login

21-10-2025T18:43:29 - [TEST_STEP][PASSED] - openBrowser(""): Browser is opened with url: ''

21-10-2025T18:43:29 - [MESSAGE][INFO] - Starting 'Chrome' driver

21-10-2025T18:43:29 - [MESSAGE][INFO] - User set preference: ['args', '[--no-sandbox, --disable-gpu, --disable-dev-shm-usage]']

21-10-2025T18:43:29 - [MESSAGE][INFO] - Action delay is set to 0 milliseconds

21-10-2025T18:43:30 - [MESSAGE][PASSED] - Browser is opened with url: ''

21-10-2025T18:43:30 - [TEST_STEP][PASSED] - maximizeWindow(): Current window maximized

21-10-2025T18:43:30 - [MESSAGE][PASSED] - Current window maximized

21-10-2025T18:43:30 - [TEST_STEP][PASSED] - delay(10): Delayed 10 second(s)

21-10-2025T18:43:40 - [MESSAGE][PASSED] - Delayed 10 second(s)

21-10-2025T18:43:40 - [TEST_STEP][PASSED] - navigateToUrl("https://dx-portal.qa.thekag.com/"): Navigate to 'https://dx-portal.qa.thekag.com/' successfully

21-10-2025T18:43:41 - [MESSAGE][PASSED] - Navigate to 'https://dx-portal.qa.thekag.com/' successfully

21-10-2025T18:43:41 - [TEST_STEP][PASSED] - delay(5): Delayed 5 second(s)

21-10-2025T18:43:46 - [MESSAGE][PASSED] - Delayed 5 second(s)

21-10-2025T18:43:46 - [TEST_STEP][PASSED] - setText(findTestObject("Object Repository/Page_IdentityServer4/input_Username (e.g. email address)_Username"), "Chris.Sheldon+DES_QA@Thekag.com"): Text 'Chris.Sheldon+DES_QA@Thekag.com' is set on object 'Object Repository/Page_IdentityServer4/input_Username (e.g. email address)_Username'

21-10-2025T18:43:46 - [MESSAGE][PASSED] - Text 'Chris.Sheldon+DES_QA@Thekag.com' is set on object 'Object Repository/Page_IdentityServer4/input_Username (e.g. email address)_Username'

21-10-2025T18:43:46 - [TEST_STEP][PASSED] - setEncryptedText(findTestObject("Page_IdentityServer4/input_Password_Password"), "BtpyPJuZxPz9EFo3Zi2c4Q=="): Text ****** has been set on object 'Object Repository/Page_IdentityServer4/input_Password_Password'

21-10-2025T18:43:46 - [MESSAGE][PASSED] - Text ****** has been set on object 'Object Repository/Page_IdentityServer4/input_Password_Password'

21-10-2025T18:43:46 - [TEST_STEP][PASSED] - click(findTestObject("Object Repository/Page_IdentityServer4/button_Login")): Object: 'Object Repository/Page_IdentityServer4/button_Login' is clicked on

21-10-2025T18:43:46 - [MESSAGE][PASSED] - Object: 'Object Repository/Page_IdentityServer4/button_Login' is clicked on

21-10-2025T18:43:46 - [TEST_STEP][PASSED] - delay(5): Delayed 5 second(s)

21-10-2025T18:43:51 - [MESSAGE][PASSED] - Delayed 5 second(s)

21-10-2025T18:43:51 - [MESSAGE][PASSED] - Call Test Case 'Test Cases/DES/DES Login' successfully

21-10-2025T18:43:51 - [TEST_STEP][PASSED] - verifyElementText(findTestObject("DES/Trading Partners Page/First Trading Partner Name"), "Name: _Chris Inventory Test TP"): Actual text and expected text of test object 'Object Repository/DES/Trading Partners Page/First Trading Partner Name' are matched.

21-10-2025T18:43:51 - [MESSAGE][PASSED] - Actual text and expected text of test object 'Object Repository/DES/Trading Partners Page/First Trading Partner Name' are matched.

21-10-2025T18:43:51 - [TEST_STEP][PASSED] - selectOptionByValue(findTestObject("DES/Trading Partners Page/Trading Partner Sort Name By_dropdown"), "desc", true): All options with value 'desc' are selected in object 'Object Repository/DES/Trading Partners Page/Trading Partner Sort Name By_dropdown'  using regular expression

21-10-2025T18:43:52 - [MESSAGE][PASSED] - All options with value 'desc' are selected in object 'Object Repository/DES/Trading Partners Page/Trading Partner Sort Name By_dropdown'  using regular expression

21-10-2025T18:43:52 - [TEST_STEP][PASSED] - delay(5): Delayed 5 second(s)

21-10-2025T18:43:57 - [MESSAGE][PASSED] - Delayed 5 second(s)

21-10-2025T18:43:57 - [TEST_STEP][PASSED] - verifyElementText(findTestObject("DES/Trading Partners Page/First Trading Partner Name"), "Name: zzzz - Seven Eleven (DO NOT USE) - use SEI instead"): Actual text and expected text of test object 'Object Repository/DES/Trading Partners Page/First Trading Partner Name' are matched.

21-10-2025T18:43:57 - [MESSAGE][PASSED] - Actual text and expected text of test object 'Object Repository/DES/Trading Partners Page/First Trading Partner Name' are matched.

21-10-2025T18:43:57 - [TEST_STEP][PASSED] - selectOptionByValue(findTestObject("DES/Trading Partners Page/Trading Partner Sort Name By_dropdown"), "asc", true): All options with value 'asc' are selected in object 'Object Repository/DES/Trading Partners Page/Trading Partner Sort Name By_dropdown'  using regular expression

21-10-2025T18:43:57 - [MESSAGE][PASSED] - All options with value 'asc' are selected in object 'Object Repository/DES/Trading Partners Page/Trading Partner Sort Name By_dropdown'  using regular expression

21-10-2025T18:43:57 - [TEST_STEP][PASSED] - delay(5): Delayed 5 second(s)

21-10-2025T18:44:02 - [MESSAGE][PASSED] - Delayed 5 second(s)

21-10-2025T18:44:02 - [TEST_STEP][PASSED] - verifyElementText(findTestObject("DES/Trading Partners Page/First Trading Partner Name"), "Name: _Chris Inventory Test TP"): Actual text and expected text of test object 'Object Repository/DES/Trading Partners Page/First Trading Partner Name' are matched.

21-10-2025T18:44:02 - [MESSAGE][PASSED] - Actual text and expected text of test object 'Object Repository/DES/Trading Partners Page/First Trading Partner Name' are matched.

21-10-2025T18:44:02 - [TEST_STEP][PASSED] - closeBrowser(): Browser is closed

21-10-2025T18:44:02 - [MESSAGE][PASSED] - Browser is closed

21-10-2025T18:44:02 - [TEST_STEP][PASSED] - Start listener action : retryOnDisconnect: null

21-10-2025T18:44:02 - [TEST_STEP][PASSED] - tcId = testCaseContext.getTestCaseId(): null

21-10-2025T18:44:02 - [TEST_STEP][PASSED] - currentRetry = retryCounts.getOrDefault(tcId, 0): null

21-10-2025T18:44:02 - [TEST_STEP][PASSED] - if (testCaseContext.getTestCaseStatus() == "FAILED" && currentRetry < MAX_RETRIES): null]]></system-out>
         <system-err><![CDATA[]]></system-err>
      </testcase>
      <testcase name="Test Cases/DES/Trading Partners Page/Subscription/Transmission/Add HTTP-Rest Transmission" time="38.854" classname="Test Cases/DES/Trading Partners Page/Subscription/Transmission/Add HTTP-Rest Transmission" status="PASSED">
         <system-out><![CDATA[21-10-2025T18:44:02 - [TEST_CASE][PASSED] - Test Cases/DES/Trading Partners Page/Subscription/Transmission/Add HTTP-Rest Transmission: Test Cases/DES/Trading Partners Page/Subscription/Transmission/Add HTTP-Rest Transmission

21-10-2025T18:44:02 - [TEST_STEP][PASSED] - Start listener action : beforeTestCase: null

21-10-2025T18:44:02 - [TEST_STEP][PASSED] - addDefaultPackages(): null

21-10-2025T18:44:02 - [TEST_STEP][PASSED] - callTestCase(findTestCase("DES/DES Login"), [:], STOP_ON_FAILURE): Call Test Case 'Test Cases/DES/DES Login' successfully

21-10-2025T18:44:02 - [TEST_CASE][PASSED] - Test Cases/DES/DES Login: Test Cases/DES/DES Login

21-10-2025T18:44:02 - [TEST_STEP][PASSED] - openBrowser(""): Browser is opened with url: ''

21-10-2025T18:44:02 - [MESSAGE][INFO] - Starting 'Chrome' driver

21-10-2025T18:44:02 - [MESSAGE][INFO] - User set preference: ['args', '[--no-sandbox, --disable-gpu, --disable-dev-shm-usage]']

21-10-2025T18:44:02 - [MESSAGE][INFO] - Action delay is set to 0 milliseconds

21-10-2025T18:44:03 - [MESSAGE][PASSED] - Browser is opened with url: ''

21-10-2025T18:44:03 - [TEST_STEP][PASSED] - maximizeWindow(): Current window maximized

21-10-2025T18:44:03 - [MESSAGE][PASSED] - Current window maximized

21-10-2025T18:44:03 - [TEST_STEP][PASSED] - delay(10): Delayed 10 second(s)

21-10-2025T18:44:13 - [MESSAGE][PASSED] - Delayed 10 second(s)

21-10-2025T18:44:13 - [TEST_STEP][PASSED] - navigateToUrl("https://dx-portal.qa.thekag.com/"): Navigate to 'https://dx-portal.qa.thekag.com/' successfully

21-10-2025T18:44:13 - [MESSAGE][PASSED] - Navigate to 'https://dx-portal.qa.thekag.com/' successfully

21-10-2025T18:44:13 - [TEST_STEP][PASSED] - delay(5): Delayed 5 second(s)

21-10-2025T18:44:18 - [MESSAGE][PASSED] - Delayed 5 second(s)

21-10-2025T18:44:18 - [TEST_STEP][PASSED] - setText(findTestObject("Object Repository/Page_IdentityServer4/input_Username (e.g. email address)_Username"), "Chris.Sheldon+DES_QA@Thekag.com"): Text 'Chris.Sheldon+DES_QA@Thekag.com' is set on object 'Object Repository/Page_IdentityServer4/input_Username (e.g. email address)_Username'

21-10-2025T18:44:18 - [MESSAGE][PASSED] - Text 'Chris.Sheldon+DES_QA@Thekag.com' is set on object 'Object Repository/Page_IdentityServer4/input_Username (e.g. email address)_Username'

21-10-2025T18:44:18 - [TEST_STEP][PASSED] - setEncryptedText(findTestObject("Page_IdentityServer4/input_Password_Password"), "BtpyPJuZxPz9EFo3Zi2c4Q=="): Text ****** has been set on object 'Object Repository/Page_IdentityServer4/input_Password_Password'

21-10-2025T18:44:19 - [MESSAGE][PASSED] - Text ****** has been set on object 'Object Repository/Page_IdentityServer4/input_Password_Password'

21-10-2025T18:44:19 - [TEST_STEP][PASSED] - click(findTestObject("Object Repository/Page_IdentityServer4/button_Login")): Object: 'Object Repository/Page_IdentityServer4/button_Login' is clicked on

21-10-2025T18:44:19 - [MESSAGE][PASSED] - Object: 'Object Repository/Page_IdentityServer4/button_Login' is clicked on

21-10-2025T18:44:19 - [TEST_STEP][PASSED] - delay(5): Delayed 5 second(s)

21-10-2025T18:44:24 - [MESSAGE][PASSED] - Delayed 5 second(s)

21-10-2025T18:44:24 - [MESSAGE][PASSED] - Call Test Case 'Test Cases/DES/DES Login' successfully

21-10-2025T18:44:24 - [TEST_STEP][PASSED] - setText(findTestObject("DES/Trading Partners Page/Search Trading Partner_input_txt"), "Katalon Testing TP"): Text 'Katalon Testing TP' is set on object 'Object Repository/DES/Trading Partners Page/Search Trading Partner_input_txt'

21-10-2025T18:44:24 - [MESSAGE][PASSED] - Text 'Katalon Testing TP' is set on object 'Object Repository/DES/Trading Partners Page/Search Trading Partner_input_txt'

21-10-2025T18:44:24 - [TEST_STEP][PASSED] - delay(5): Delayed 5 second(s)

21-10-2025T18:44:29 - [MESSAGE][PASSED] - Delayed 5 second(s)

21-10-2025T18:44:29 - [TEST_STEP][PASSED] - click(findTestObject("DES/TradingPartners/Katalon Trading TP View_btn")): Object: 'Object Repository/DES/TradingPartners/Katalon Trading TP View_btn' is clicked on

21-10-2025T18:44:29 - [MESSAGE][PASSED] - Object: 'Object Repository/DES/TradingPartners/Katalon Trading TP View_btn' is clicked on

21-10-2025T18:44:29 - [TEST_STEP][PASSED] - click(findTestObject("DES/TradingPartners/Subscription/Subscription Tab")): Object: 'Object Repository/DES/TradingPartners/Subscription/Subscription Tab' is clicked on

21-10-2025T18:44:31 - [MESSAGE][PASSED] - Object: 'Object Repository/DES/TradingPartners/Subscription/Subscription Tab' is clicked on

21-10-2025T18:44:31 - [TEST_STEP][PASSED] - click(findTestObject("DES/TradingPartners/Subscription/Select_dropdown_btn_1st_subscription")): Object: 'Object Repository/DES/TradingPartners/Subscription/Select_dropdown_btn_1st_subscription' is clicked on

21-10-2025T18:44:31 - [MESSAGE][PASSED] - Object: 'Object Repository/DES/TradingPartners/Subscription/Select_dropdown_btn_1st_subscription' is clicked on

21-10-2025T18:44:31 - [TEST_STEP][PASSED] - click(findTestObject("DES/TradingPartners/Subscription/Subscription View_option")): Object: 'Object Repository/DES/TradingPartners/Subscription/Subscription View_option' is clicked on

21-10-2025T18:44:31 - [MESSAGE][PASSED] - Object: 'Object Repository/DES/TradingPartners/Subscription/Subscription View_option' is clicked on

21-10-2025T18:44:31 - [TEST_STEP][PASSED] - verifyElementClickable(findTestObject("DES/TradingPartners/Subscription/Transmission/Add Transmission_btn")): Object 'Object Repository/DES/TradingPartners/Subscription/Transmission/Add Transmission_btn' is clickable

21-10-2025T18:44:32 - [MESSAGE][PASSED] - Object 'Object Repository/DES/TradingPartners/Subscription/Transmission/Add Transmission_btn' is clickable

21-10-2025T18:44:32 - [TEST_STEP][PASSED] - click(findTestObject("DES/TradingPartners/Subscription/Transmission/Add Transmission_btn")): Object: 'Object Repository/DES/TradingPartners/Subscription/Transmission/Add Transmission_btn' is clicked on

21-10-2025T18:44:32 - [MESSAGE][PASSED] - Object: 'Object Repository/DES/TradingPartners/Subscription/Transmission/Add Transmission_btn' is clicked on

21-10-2025T18:44:32 - [TEST_STEP][PASSED] - selectOptionByIndex(findTestObject("DES/TradingPartners/Subscription/Transmission/Transmission Type_dropdown"), 2): All options with index in [2] are selected on object 'Object Repository/DES/TradingPartners/Subscription/Transmission/Transmission Type_dropdown'

21-10-2025T18:44:33 - [MESSAGE][PASSED] - All options with index in [2] are selected on object 'Object Repository/DES/TradingPartners/Subscription/Transmission/Transmission Type_dropdown'

21-10-2025T18:44:33 - [TEST_STEP][PASSED] - delay(1): Delayed 1 second(s)

21-10-2025T18:44:34 - [MESSAGE][PASSED] - Delayed 1 second(s)

21-10-2025T18:44:34 - [TEST_STEP][PASSED] - selectOptionByIndex(findTestObject("DES/TradingPartners/Subscription/Transmission/Data Format_dropdown"), 1): All options with index in [1] are selected on object 'Object Repository/DES/TradingPartners/Subscription/Transmission/Data Format_dropdown'

21-10-2025T18:44:34 - [MESSAGE][PASSED] - All options with index in [1] are selected on object 'Object Repository/DES/TradingPartners/Subscription/Transmission/Data Format_dropdown'

21-10-2025T18:44:34 - [TEST_STEP][PASSED] - delay(1): Delayed 1 second(s)

21-10-2025T18:44:35 - [MESSAGE][PASSED] - Delayed 1 second(s)

21-10-2025T18:44:35 - [TEST_STEP][PASSED] - selectOptionByIndex(findTestObject("DES/TradingPartners/Subscription/Transmission/File Type_dropdown"), 1): All options with index in [1] are selected on object 'Object Repository/DES/TradingPartners/Subscription/Transmission/File Type_dropdown'

21-10-2025T18:44:35 - [MESSAGE][PASSED] - All options with index in [1] are selected on object 'Object Repository/DES/TradingPartners/Subscription/Transmission/File Type_dropdown'

21-10-2025T18:44:35 - [TEST_STEP][PASSED] - delay(1): Delayed 1 second(s)

21-10-2025T18:44:36 - [MESSAGE][PASSED] - Delayed 1 second(s)

21-10-2025T18:44:36 - [TEST_STEP][PASSED] - click(findTestObject("DES/TradingPartners/Subscription/Transmission/Format Details/Map_dropdown")): Object: 'Object Repository/DES/TradingPartners/Subscription/Transmission/Format Details/Map_dropdown' is clicked on

21-10-2025T18:44:37 - [MESSAGE][PASSED] - Object: 'Object Repository/DES/TradingPartners/Subscription/Transmission/Format Details/Map_dropdown' is clicked on

21-10-2025T18:44:37 - [TEST_STEP][PASSED] - click(findTestObject("DES/TradingPartners/Subscription/Transmission/Format Details/NotRealMapInbound Map_option")): Object: 'Object Repository/DES/TradingPartners/Subscription/Transmission/Format Details/NotRealMapInbound Map_option' is clicked on

21-10-2025T18:44:37 - [MESSAGE][PASSED] - Object: 'Object Repository/DES/TradingPartners/Subscription/Transmission/Format Details/NotRealMapInbound Map_option' is clicked on

21-10-2025T18:44:37 - [TEST_STEP][PASSED] - verifyElementVisible(findTestObject("DES/TradingPartners/Subscription/Transmission/Format Details/Sequential Retrieval Type_dropdown"), STOP_ON_FAILURE): Object 'Object Repository/DES/TradingPartners/Subscription/Transmission/Format Details/Sequential Retrieval Type_dropdown' is visible

21-10-2025T18:44:37 - [MESSAGE][PASSED] - Object 'Object Repository/DES/TradingPartners/Subscription/Transmission/Format Details/Sequential Retrieval Type_dropdown' is visible

21-10-2025T18:44:37 - [TEST_STEP][PASSED] - verifyElementPresent(findTestObject("DES/TradingPartners/Subscription/Transmission/Format Details/Sequential Retrieval Type_dropdown"), 10): Object 'Object Repository/DES/TradingPartners/Subscription/Transmission/Format Details/Sequential Retrieval Type_dropdown' is present

21-10-2025T18:44:37 - [MESSAGE][PASSED] - Object 'Object Repository/DES/TradingPartners/Subscription/Transmission/Format Details/Sequential Retrieval Type_dropdown' is present

21-10-2025T18:44:37 - [TEST_STEP][PASSED] - verifyElementNotPresent(findTestObject("DES/TradingPartners/Subscription/Transmission/Format Details/Sequential Retrieval Scope_dropdown"), 10): Web element with id: 'Object Repository/DES/TradingPartners/Subscription/Transmission/Format Details/Sequential Retrieval Scope_dropdown' located by 'By.xpath: /html/body/div/div/div[2]/div[2]/div/div/div/div/div/div/div[3]/div[2]/div[1]/div/div/div/div[2]/div/div/section/div[2]/div/fieldset/div/select' is not present after '10' second(s)

21-10-2025T18:44:37 - [MESSAGE][PASSED] - Web element with id: 'Object Repository/DES/TradingPartners/Subscription/Transmission/Format Details/Sequential Retrieval Scope_dropdown' located by 'By.xpath: /html/body/div/div/div[2]/div[2]/div/div/div/div/div/div/div[3]/div[2]/div[1]/div/div/div/div[2]/div/div/section/div[2]/div/fieldset/div/select' is not present after '10' second(s)

21-10-2025T18:44:37 - [TEST_STEP][PASSED] - selectOptionByIndex(findTestObject("DES/TradingPartners/Subscription/Transmission/Format Details/Sequential Retrieval Type_dropdown"), 2): All options with index in [2] are selected on object 'Object Repository/DES/TradingPartners/Subscription/Transmission/Format Details/Sequential Retrieval Type_dropdown'

21-10-2025T18:44:37 - [MESSAGE][PASSED] - All options with index in [2] are selected on object 'Object Repository/DES/TradingPartners/Subscription/Transmission/Format Details/Sequential Retrieval Type_dropdown'

21-10-2025T18:44:37 - [TEST_STEP][PASSED] - delay(3): Delayed 3 second(s)

21-10-2025T18:44:40 - [MESSAGE][PASSED] - Delayed 3 second(s)

21-10-2025T18:44:40 - [TEST_STEP][PASSED] - verifyElementVisible(findTestObject("DES/TradingPartners/Subscription/Transmission/Format Details/Sequential Retrieval Scope_dropdown"), STOP_ON_FAILURE): Object 'Object Repository/DES/TradingPartners/Subscription/Transmission/Format Details/Sequential Retrieval Scope_dropdown' is visible

21-10-2025T18:44:40 - [MESSAGE][PASSED] - Object 'Object Repository/DES/TradingPartners/Subscription/Transmission/Format Details/Sequential Retrieval Scope_dropdown' is visible

21-10-2025T18:44:40 - [TEST_STEP][PASSED] - verifyElementPresent(findTestObject("DES/TradingPartners/Subscription/Transmission/Format Details/Sequential Retrieval Scope_dropdown"), 10): Object 'Object Repository/DES/TradingPartners/Subscription/Transmission/Format Details/Sequential Retrieval Scope_dropdown' is present

21-10-2025T18:44:40 - [MESSAGE][PASSED] - Object 'Object Repository/DES/TradingPartners/Subscription/Transmission/Format Details/Sequential Retrieval Scope_dropdown' is present

21-10-2025T18:44:40 - [TEST_STEP][PASSED] - selectOptionByIndex(findTestObject("DES/TradingPartners/Subscription/Transmission/Format Details/Sequential Retrieval Scope_dropdown"), 2): All options with index in [2] are selected on object 'Object Repository/DES/TradingPartners/Subscription/Transmission/Format Details/Sequential Retrieval Scope_dropdown'

21-10-2025T18:44:40 - [MESSAGE][PASSED] - All options with index in [2] are selected on object 'Object Repository/DES/TradingPartners/Subscription/Transmission/Format Details/Sequential Retrieval Scope_dropdown'

21-10-2025T18:44:40 - [TEST_STEP][PASSED] - selectOptionByLabel(findTestObject("DES/TradingPartners/Subscription/Transmission/Transmission Details/REST (Non-Telepoint)/API Type_dropdown"), "Rest", false): All options with label 'Rest' are selected in object 'Object Repository/DES/TradingPartners/Subscription/Transmission/Transmission Details/REST (Non-Telepoint)/API Type_dropdown' 

21-10-2025T18:44:40 - [MESSAGE][PASSED] - All options with label 'Rest' are selected in object 'Object Repository/DES/TradingPartners/Subscription/Transmission/Transmission Details/REST (Non-Telepoint)/API Type_dropdown' 

21-10-2025T18:44:40 - [TEST_STEP][PASSED] - verifyElementVisible(findTestObject("DES/TradingPartners/Subscription/Transmission/Transmission Details/REST (Non-Telepoint)/Request URL Template_input_txt"), STOP_ON_FAILURE): Object 'Object Repository/DES/TradingPartners/Subscription/Transmission/Transmission Details/REST (Non-Telepoint)/Request URL Template_input_txt' is visible

21-10-2025T18:44:40 - [MESSAGE][PASSED] - Object 'Object Repository/DES/TradingPartners/Subscription/Transmission/Transmission Details/REST (Non-Telepoint)/Request URL Template_input_txt' is visible

21-10-2025T18:44:40 - [TEST_STEP][PASSED] - verifyElementPresent(findTestObject("DES/TradingPartners/Subscription/Transmission/Transmission Details/REST (Non-Telepoint)/Request URL Template_input_txt"), 10): Object 'Object Repository/DES/TradingPartners/Subscription/Transmission/Transmission Details/REST (Non-Telepoint)/Request URL Template_input_txt' is present

21-10-2025T18:44:40 - [MESSAGE][PASSED] - Object 'Object Repository/DES/TradingPartners/Subscription/Transmission/Transmission Details/REST (Non-Telepoint)/Request URL Template_input_txt' is present

21-10-2025T18:44:40 - [TEST_STEP][PASSED] - sendKeys(findTestObject("DES/TradingPartners/Subscription/Transmission/Transmission Details/REST (Non-Telepoint)/Request URL Template_input_txt"), "https://api.thekag.com"): Keys 'https://api.thekag.com' sent to object: 'Object Repository/DES/TradingPartners/Subscription/Transmission/Transmission Details/REST (Non-Telepoint)/Request URL Template_input_txt'

21-10-2025T18:44:40 - [MESSAGE][PASSED] - Keys 'https://api.thekag.com' sent to object: 'Object Repository/DES/TradingPartners/Subscription/Transmission/Transmission Details/REST (Non-Telepoint)/Request URL Template_input_txt'

21-10-2025T18:44:40 - [TEST_STEP][PASSED] - verifyElementVisible(findTestObject("DES/TradingPartners/Subscription/Transmission/Transmission Details/REST (Non-Telepoint)/Http Request Method_dropdown"), STOP_ON_FAILURE): Object 'Object Repository/DES/TradingPartners/Subscription/Transmission/Transmission Details/REST (Non-Telepoint)/Http Request Method_dropdown' is visible

21-10-2025T18:44:40 - [MESSAGE][PASSED] - Object 'Object Repository/DES/TradingPartners/Subscription/Transmission/Transmission Details/REST (Non-Telepoint)/Http Request Method_dropdown' is visible

21-10-2025T18:44:40 - [TEST_STEP][PASSED] - verifyElementPresent(findTestObject("DES/TradingPartners/Subscription/Transmission/Transmission Details/REST (Non-Telepoint)/Http Request Method_dropdown"), 10): Object 'Object Repository/DES/TradingPartners/Subscription/Transmission/Transmission Details/REST (Non-Telepoint)/Http Request Method_dropdown' is present

21-10-2025T18:44:40 - [MESSAGE][PASSED] - Object 'Object Repository/DES/TradingPartners/Subscription/Transmission/Transmission Details/REST (Non-Telepoint)/Http Request Method_dropdown' is present

21-10-2025T18:44:40 - [TEST_STEP][PASSED] - verifyOptionsPresent(findTestObject("DES/TradingPartners/Subscription/Transmission/Transmission Details/REST (Non-Telepoint)/Http Request Method_dropdown"), ["PUT", "POST", "GET"]): Options [PUT, POST, GET] present.

21-10-2025T18:44:41 - [MESSAGE][PASSED] - Options [PUT, POST, GET] present.

21-10-2025T18:44:41 - [TEST_STEP][PASSED] - selectOptionByLabel(findTestObject("DES/TradingPartners/Subscription/Transmission/Transmission Details/REST (Non-Telepoint)/Http Request Method_dropdown"), "GET", false): All options with label 'GET' are selected in object 'Object Repository/DES/TradingPartners/Subscription/Transmission/Transmission Details/REST (Non-Telepoint)/Http Request Method_dropdown' 

21-10-2025T18:44:41 - [MESSAGE][PASSED] - All options with label 'GET' are selected in object 'Object Repository/DES/TradingPartners/Subscription/Transmission/Transmission Details/REST (Non-Telepoint)/Http Request Method_dropdown' 

21-10-2025T18:44:41 - [TEST_STEP][PASSED] - closeBrowser(): Browser is closed

21-10-2025T18:44:41 - [MESSAGE][PASSED] - Browser is closed

21-10-2025T18:44:41 - [TEST_STEP][PASSED] - Start listener action : retryOnDisconnect: null

21-10-2025T18:44:41 - [TEST_STEP][PASSED] - tcId = testCaseContext.getTestCaseId(): null

21-10-2025T18:44:41 - [TEST_STEP][PASSED] - currentRetry = retryCounts.getOrDefault(tcId, 0): null

21-10-2025T18:44:41 - [TEST_STEP][PASSED] - if (testCaseContext.getTestCaseStatus() == "FAILED" && currentRetry < MAX_RETRIES): null]]></system-out>
         <system-err><![CDATA[]]></system-err>
      </testcase>
      <testcase name="Test Cases/DES/Trading Partners Page/Subscription/Add Schedule" time="35.315" classname="Test Cases/DES/Trading Partners Page/Subscription/Add Schedule" status="PASSED">
         <system-out><![CDATA[21-10-2025T18:44:41 - [TEST_CASE][PASSED] - Test Cases/DES/Trading Partners Page/Subscription/Add Schedule: Test Cases/DES/Trading Partners Page/Subscription/Add Schedule

21-10-2025T18:44:41 - [TEST_STEP][PASSED] - Start listener action : beforeTestCase: null

21-10-2025T18:44:41 - [TEST_STEP][PASSED] - addDefaultPackages(): null

21-10-2025T18:44:41 - [TEST_STEP][PASSED] - callTestCase(findTestCase("DES/DES Login"), [:], STOP_ON_FAILURE): Call Test Case 'Test Cases/DES/DES Login' successfully

21-10-2025T18:44:41 - [TEST_CASE][PASSED] - Test Cases/DES/DES Login: Test Cases/DES/DES Login

21-10-2025T18:44:41 - [TEST_STEP][PASSED] - openBrowser(""): Browser is opened with url: ''

21-10-2025T18:44:41 - [MESSAGE][INFO] - Starting 'Chrome' driver

21-10-2025T18:44:41 - [MESSAGE][INFO] - User set preference: ['args', '[--no-sandbox, --disable-gpu, --disable-dev-shm-usage]']

21-10-2025T18:44:41 - [MESSAGE][INFO] - Action delay is set to 0 milliseconds

21-10-2025T18:44:42 - [MESSAGE][PASSED] - Browser is opened with url: ''

21-10-2025T18:44:42 - [TEST_STEP][PASSED] - maximizeWindow(): Current window maximized

21-10-2025T18:44:42 - [MESSAGE][PASSED] - Current window maximized

21-10-2025T18:44:42 - [TEST_STEP][PASSED] - delay(10): Delayed 10 second(s)

21-10-2025T18:44:52 - [MESSAGE][PASSED] - Delayed 10 second(s)

21-10-2025T18:44:52 - [TEST_STEP][PASSED] - navigateToUrl("https://dx-portal.qa.thekag.com/"): Navigate to 'https://dx-portal.qa.thekag.com/' successfully

21-10-2025T18:44:52 - [MESSAGE][PASSED] - Navigate to 'https://dx-portal.qa.thekag.com/' successfully

21-10-2025T18:44:52 - [TEST_STEP][PASSED] - delay(5): Delayed 5 second(s)

21-10-2025T18:44:57 - [MESSAGE][PASSED] - Delayed 5 second(s)

21-10-2025T18:44:57 - [TEST_STEP][PASSED] - setText(findTestObject("Object Repository/Page_IdentityServer4/input_Username (e.g. email address)_Username"), "Chris.Sheldon+DES_QA@Thekag.com"): Text 'Chris.Sheldon+DES_QA@Thekag.com' is set on object 'Object Repository/Page_IdentityServer4/input_Username (e.g. email address)_Username'

21-10-2025T18:44:57 - [MESSAGE][PASSED] - Text 'Chris.Sheldon+DES_QA@Thekag.com' is set on object 'Object Repository/Page_IdentityServer4/input_Username (e.g. email address)_Username'

21-10-2025T18:44:57 - [TEST_STEP][PASSED] - setEncryptedText(findTestObject("Page_IdentityServer4/input_Password_Password"), "BtpyPJuZxPz9EFo3Zi2c4Q=="): Text ****** has been set on object 'Object Repository/Page_IdentityServer4/input_Password_Password'

21-10-2025T18:44:57 - [MESSAGE][PASSED] - Text ****** has been set on object 'Object Repository/Page_IdentityServer4/input_Password_Password'

21-10-2025T18:44:57 - [TEST_STEP][PASSED] - click(findTestObject("Object Repository/Page_IdentityServer4/button_Login")): Object: 'Object Repository/Page_IdentityServer4/button_Login' is clicked on

21-10-2025T18:44:58 - [MESSAGE][PASSED] - Object: 'Object Repository/Page_IdentityServer4/button_Login' is clicked on

21-10-2025T18:44:58 - [TEST_STEP][PASSED] - delay(5): Delayed 5 second(s)

21-10-2025T18:45:03 - [MESSAGE][PASSED] - Delayed 5 second(s)

21-10-2025T18:45:03 - [MESSAGE][PASSED] - Call Test Case 'Test Cases/DES/DES Login' successfully

21-10-2025T18:45:03 - [TEST_STEP][PASSED] - setText(findTestObject("DES/Trading Partners Page/Search Trading Partner_input_txt"), "Katalon Testing TP"): Text 'Katalon Testing TP' is set on object 'Object Repository/DES/Trading Partners Page/Search Trading Partner_input_txt'

21-10-2025T18:45:03 - [MESSAGE][PASSED] - Text 'Katalon Testing TP' is set on object 'Object Repository/DES/Trading Partners Page/Search Trading Partner_input_txt'

21-10-2025T18:45:03 - [TEST_STEP][PASSED] - delay(5): Delayed 5 second(s)

21-10-2025T18:45:08 - [MESSAGE][PASSED] - Delayed 5 second(s)

21-10-2025T18:45:08 - [TEST_STEP][PASSED] - click(findTestObject("DES/TradingPartners/Katalon Trading TP View_btn")): Object: 'Object Repository/DES/TradingPartners/Katalon Trading TP View_btn' is clicked on

21-10-2025T18:45:09 - [MESSAGE][PASSED] - Object: 'Object Repository/DES/TradingPartners/Katalon Trading TP View_btn' is clicked on

21-10-2025T18:45:09 - [TEST_STEP][PASSED] - click(findTestObject("DES/TradingPartners/Subscription/Subscription Tab")): Object: 'Object Repository/DES/TradingPartners/Subscription/Subscription Tab' is clicked on

21-10-2025T18:45:10 - [MESSAGE][PASSED] - Object: 'Object Repository/DES/TradingPartners/Subscription/Subscription Tab' is clicked on

21-10-2025T18:45:10 - [TEST_STEP][PASSED] - verifyElementClickable(findTestObject("DES/TradingPartners/Subscription/Subscription Select_dropdown")): Object 'Object Repository/DES/TradingPartners/Subscription/Subscription Select_dropdown' is clickable

21-10-2025T18:45:10 - [MESSAGE][PASSED] - Object 'Object Repository/DES/TradingPartners/Subscription/Subscription Select_dropdown' is clickable

21-10-2025T18:45:10 - [TEST_STEP][PASSED] - click(findTestObject("DES/TradingPartners/Subscription/Subscription Select_dropdown")): Object: 'Object Repository/DES/TradingPartners/Subscription/Subscription Select_dropdown' is clicked on

21-10-2025T18:45:11 - [MESSAGE][PASSED] - Object: 'Object Repository/DES/TradingPartners/Subscription/Subscription Select_dropdown' is clicked on

21-10-2025T18:45:11 - [TEST_STEP][PASSED] - click(findTestObject("DES/TradingPartners/Subscription/Subscription View_option")): Object: 'Object Repository/DES/TradingPartners/Subscription/Subscription View_option' is clicked on

21-10-2025T18:45:11 - [MESSAGE][PASSED] - Object: 'Object Repository/DES/TradingPartners/Subscription/Subscription View_option' is clicked on

21-10-2025T18:45:11 - [TEST_STEP][PASSED] - verifyElementClickable(findTestObject("DES/TradingPartners/Subscription/Schedule/Add Schedule_btn")): Object 'Object Repository/DES/TradingPartners/Subscription/Schedule/Add Schedule_btn' is clickable

21-10-2025T18:45:11 - [MESSAGE][PASSED] - Object 'Object Repository/DES/TradingPartners/Subscription/Schedule/Add Schedule_btn' is clickable

21-10-2025T18:45:11 - [TEST_STEP][PASSED] - click(findTestObject("DES/TradingPartners/Subscription/Schedule/Add Schedule_btn")): Object: 'Object Repository/DES/TradingPartners/Subscription/Schedule/Add Schedule_btn' is clicked on

21-10-2025T18:45:11 - [MESSAGE][PASSED] - Object: 'Object Repository/DES/TradingPartners/Subscription/Schedule/Add Schedule_btn' is clicked on

21-10-2025T18:45:11 - [TEST_STEP][PASSED] - verifyElementNotClickable(findTestObject("DES/TradingPartners/Subscription/Schedule/Add_btn")): Object 'Object Repository/DES/TradingPartners/Subscription/Schedule/Add_btn' is NOT clickable

21-10-2025T18:45:11 - [MESSAGE][PASSED] - Object 'Object Repository/DES/TradingPartners/Subscription/Schedule/Add_btn' is NOT clickable

21-10-2025T18:45:11 - [TEST_STEP][PASSED] - sendKeys(findTestObject("DES/TradingPartners/Subscription/Schedule/Start Date_input_txt"), "May 16, 2023"): Keys 'May 16, 2023' sent to object: 'Object Repository/DES/TradingPartners/Subscription/Schedule/Start Date_input_txt'

21-10-2025T18:45:11 - [MESSAGE][PASSED] - Keys 'May 16, 2023' sent to object: 'Object Repository/DES/TradingPartners/Subscription/Schedule/Start Date_input_txt'

21-10-2025T18:45:11 - [TEST_STEP][PASSED] - sendKeys(findTestObject("DES/TradingPartners/Subscription/Schedule/Daily Start Time_input_txt"), "8:00 AM"): Keys '8:00 AM' sent to object: 'Object Repository/DES/TradingPartners/Subscription/Schedule/Daily Start Time_input_txt'

21-10-2025T18:45:11 - [MESSAGE][PASSED] - Keys '8:00 AM' sent to object: 'Object Repository/DES/TradingPartners/Subscription/Schedule/Daily Start Time_input_txt'

21-10-2025T18:45:11 - [TEST_STEP][PASSED] - delay(2): Delayed 2 second(s)

21-10-2025T18:45:13 - [MESSAGE][PASSED] - Delayed 2 second(s)

21-10-2025T18:45:13 - [TEST_STEP][PASSED] - selectOptionByValue(findTestObject("DES/TradingPartners/Subscription/Schedule/Time Zone_dropdown"), "America/New_York", true): All options with value 'America/New_York' are selected in object 'Object Repository/DES/TradingPartners/Subscription/Schedule/Time Zone_dropdown'  using regular expression

21-10-2025T18:45:14 - [MESSAGE][PASSED] - All options with value 'America/New_York' are selected in object 'Object Repository/DES/TradingPartners/Subscription/Schedule/Time Zone_dropdown'  using regular expression

21-10-2025T18:45:14 - [TEST_STEP][PASSED] - setText(findTestObject("DES/TradingPartners/Subscription/Schedule/Frequency_input_txt"), "3"): Text '3' is set on object 'Object Repository/DES/TradingPartners/Subscription/Schedule/Frequency_input_txt'

21-10-2025T18:45:14 - [MESSAGE][PASSED] - Text '3' is set on object 'Object Repository/DES/TradingPartners/Subscription/Schedule/Frequency_input_txt'

21-10-2025T18:45:14 - [TEST_STEP][PASSED] - selectOptionByValue(findTestObject("DES/TradingPartners/Subscription/Schedule/Frequency_dropdown"), "minutes", true): All options with value 'minutes' are selected in object 'Object Repository/DES/TradingPartners/Subscription/Schedule/Frequency_dropdown'  using regular expression

21-10-2025T18:45:14 - [MESSAGE][PASSED] - All options with value 'minutes' are selected in object 'Object Repository/DES/TradingPartners/Subscription/Schedule/Frequency_dropdown'  using regular expression

21-10-2025T18:45:14 - [TEST_STEP][PASSED] - click(findTestObject("DES/TradingPartners/Subscription/Schedule/Monday_chkbox")): Object: 'Object Repository/DES/TradingPartners/Subscription/Schedule/Monday_chkbox' is clicked on

21-10-2025T18:45:15 - [MESSAGE][PASSED] - Object: 'Object Repository/DES/TradingPartners/Subscription/Schedule/Monday_chkbox' is clicked on

21-10-2025T18:45:15 - [TEST_STEP][PASSED] - click(findTestObject("DES/TradingPartners/Subscription/Schedule/Tuesday_chkbox")): Object: 'Object Repository/DES/TradingPartners/Subscription/Schedule/Tuesday_chkbox' is clicked on

21-10-2025T18:45:15 - [MESSAGE][PASSED] - Object: 'Object Repository/DES/TradingPartners/Subscription/Schedule/Tuesday_chkbox' is clicked on

21-10-2025T18:45:15 - [TEST_STEP][PASSED] - click(findTestObject("DES/TradingPartners/Subscription/Schedule/Wednesday_chkbox")): Object: 'Object Repository/DES/TradingPartners/Subscription/Schedule/Wednesday_chkbox' is clicked on

21-10-2025T18:45:15 - [MESSAGE][PASSED] - Object: 'Object Repository/DES/TradingPartners/Subscription/Schedule/Wednesday_chkbox' is clicked on

21-10-2025T18:45:15 - [TEST_STEP][PASSED] - click(findTestObject("DES/TradingPartners/Subscription/Schedule/Thursday_chkbox")): Object: 'Object Repository/DES/TradingPartners/Subscription/Schedule/Thursday_chkbox' is clicked on

21-10-2025T18:45:15 - [MESSAGE][PASSED] - Object: 'Object Repository/DES/TradingPartners/Subscription/Schedule/Thursday_chkbox' is clicked on

21-10-2025T18:45:15 - [TEST_STEP][PASSED] - click(findTestObject("DES/TradingPartners/Subscription/Schedule/Friday_chkbox")): Object: 'Object Repository/DES/TradingPartners/Subscription/Schedule/Friday_chkbox' is clicked on

21-10-2025T18:45:15 - [MESSAGE][PASSED] - Object: 'Object Repository/DES/TradingPartners/Subscription/Schedule/Friday_chkbox' is clicked on

21-10-2025T18:45:15 - [TEST_STEP][PASSED] - click(findTestObject("DES/TradingPartners/Subscription/Schedule/Add_btn")): Object: 'Object Repository/DES/TradingPartners/Subscription/Schedule/Add_btn' is clicked on

21-10-2025T18:45:15 - [MESSAGE][PASSED] - Object: 'Object Repository/DES/TradingPartners/Subscription/Schedule/Add_btn' is clicked on

21-10-2025T18:45:15 - [TEST_STEP][PASSED] - verifyElementPresent(findTestObject("DES/TradingPartners/Subscription/Schedule/Created Schedule_Row_1"), 30): Object 'Object Repository/DES/TradingPartners/Subscription/Schedule/Created Schedule_Row_1' is present

21-10-2025T18:45:16 - [MESSAGE][PASSED] - Object 'Object Repository/DES/TradingPartners/Subscription/Schedule/Created Schedule_Row_1' is present

21-10-2025T18:45:16 - [TEST_STEP][PASSED] - verifyElementVisible(findTestObject("DES/TradingPartners/Subscription/Schedule/Created Schedule_Row_1")): Object 'Object Repository/DES/TradingPartners/Subscription/Schedule/Created Schedule_Row_1' is visible

21-10-2025T18:45:16 - [MESSAGE][PASSED] - Object 'Object Repository/DES/TradingPartners/Subscription/Schedule/Created Schedule_Row_1' is visible

21-10-2025T18:45:16 - [TEST_STEP][PASSED] - verifyElementText(findTestObject("DES/TradingPartners/Subscription/Schedule/Created Schedule_Row_1_Daily Start"), "08:00 AM"): Actual text and expected text of test object 'Object Repository/DES/TradingPartners/Subscription/Schedule/Created Schedule_Row_1_Daily Start' are matched.

21-10-2025T18:45:16 - [MESSAGE][PASSED] - Actual text and expected text of test object 'Object Repository/DES/TradingPartners/Subscription/Schedule/Created Schedule_Row_1_Daily Start' are matched.

21-10-2025T18:45:16 - [TEST_STEP][PASSED] - verifyElementText(findTestObject("DES/TradingPartners/Subscription/Schedule/Created Schedule_Row_1_Frequency"), "3 Minute(s)"): Actual text and expected text of test object 'Object Repository/DES/TradingPartners/Subscription/Schedule/Created Schedule_Row_1_Frequency' are matched.

21-10-2025T18:45:16 - [MESSAGE][PASSED] - Actual text and expected text of test object 'Object Repository/DES/TradingPartners/Subscription/Schedule/Created Schedule_Row_1_Frequency' are matched.

21-10-2025T18:45:16 - [TEST_STEP][PASSED] - closeBrowser(): Browser is closed

21-10-2025T18:45:16 - [MESSAGE][PASSED] - Browser is closed

21-10-2025T18:45:16 - [TEST_STEP][PASSED] - Start listener action : retryOnDisconnect: null

21-10-2025T18:45:16 - [TEST_STEP][PASSED] - tcId = testCaseContext.getTestCaseId(): null

21-10-2025T18:45:16 - [TEST_STEP][PASSED] - currentRetry = retryCounts.getOrDefault(tcId, 0): null

21-10-2025T18:45:16 - [TEST_STEP][PASSED] - if (testCaseContext.getTestCaseStatus() == "FAILED" && currentRetry < MAX_RETRIES): null]]></system-out>
         <system-err><![CDATA[]]></system-err>
      </testcase>
      <testcase name="Test Cases/DES/Trading Partners Page/Subscription/Edit Schedule" time="31.675" classname="Test Cases/DES/Trading Partners Page/Subscription/Edit Schedule" status="PASSED">
         <system-out><![CDATA[21-10-2025T18:45:16 - [TEST_CASE][PASSED] - Test Cases/DES/Trading Partners Page/Subscription/Edit Schedule: Test Cases/DES/Trading Partners Page/Subscription/Edit Schedule

21-10-2025T18:45:16 - [TEST_STEP][PASSED] - Start listener action : beforeTestCase: null

21-10-2025T18:45:16 - [TEST_STEP][PASSED] - addDefaultPackages(): null

21-10-2025T18:45:16 - [TEST_STEP][PASSED] - callTestCase(findTestCase("DES/DES Login"), [:], STOP_ON_FAILURE): Call Test Case 'Test Cases/DES/DES Login' successfully

21-10-2025T18:45:16 - [TEST_CASE][PASSED] - Test Cases/DES/DES Login: Test Cases/DES/DES Login

21-10-2025T18:45:16 - [TEST_STEP][PASSED] - openBrowser(""): Browser is opened with url: ''

21-10-2025T18:45:16 - [MESSAGE][INFO] - Starting 'Chrome' driver

21-10-2025T18:45:16 - [MESSAGE][INFO] - User set preference: ['args', '[--no-sandbox, --disable-gpu, --disable-dev-shm-usage]']

21-10-2025T18:45:16 - [MESSAGE][INFO] - Action delay is set to 0 milliseconds

21-10-2025T18:45:17 - [MESSAGE][PASSED] - Browser is opened with url: ''

21-10-2025T18:45:17 - [TEST_STEP][PASSED] - maximizeWindow(): Current window maximized

21-10-2025T18:45:17 - [MESSAGE][PASSED] - Current window maximized

21-10-2025T18:45:17 - [TEST_STEP][PASSED] - delay(10): Delayed 10 second(s)

21-10-2025T18:45:27 - [MESSAGE][PASSED] - Delayed 10 second(s)

21-10-2025T18:45:27 - [TEST_STEP][PASSED] - navigateToUrl("https://dx-portal.qa.thekag.com/"): Navigate to 'https://dx-portal.qa.thekag.com/' successfully

21-10-2025T18:45:28 - [MESSAGE][PASSED] - Navigate to 'https://dx-portal.qa.thekag.com/' successfully

21-10-2025T18:45:28 - [TEST_STEP][PASSED] - delay(5): Delayed 5 second(s)

21-10-2025T18:45:33 - [MESSAGE][PASSED] - Delayed 5 second(s)

21-10-2025T18:45:33 - [TEST_STEP][PASSED] - setText(findTestObject("Object Repository/Page_IdentityServer4/input_Username (e.g. email address)_Username"), "Chris.Sheldon+DES_QA@Thekag.com"): Text 'Chris.Sheldon+DES_QA@Thekag.com' is set on object 'Object Repository/Page_IdentityServer4/input_Username (e.g. email address)_Username'

21-10-2025T18:45:33 - [MESSAGE][PASSED] - Text 'Chris.Sheldon+DES_QA@Thekag.com' is set on object 'Object Repository/Page_IdentityServer4/input_Username (e.g. email address)_Username'

21-10-2025T18:45:33 - [TEST_STEP][PASSED] - setEncryptedText(findTestObject("Page_IdentityServer4/input_Password_Password"), "BtpyPJuZxPz9EFo3Zi2c4Q=="): Text ****** has been set on object 'Object Repository/Page_IdentityServer4/input_Password_Password'

21-10-2025T18:45:33 - [MESSAGE][PASSED] - Text ****** has been set on object 'Object Repository/Page_IdentityServer4/input_Password_Password'

21-10-2025T18:45:33 - [TEST_STEP][PASSED] - click(findTestObject("Object Repository/Page_IdentityServer4/button_Login")): Object: 'Object Repository/Page_IdentityServer4/button_Login' is clicked on

21-10-2025T18:45:33 - [MESSAGE][PASSED] - Object: 'Object Repository/Page_IdentityServer4/button_Login' is clicked on

21-10-2025T18:45:33 - [TEST_STEP][PASSED] - delay(5): Delayed 5 second(s)

21-10-2025T18:45:38 - [MESSAGE][PASSED] - Delayed 5 second(s)

21-10-2025T18:45:38 - [MESSAGE][PASSED] - Call Test Case 'Test Cases/DES/DES Login' successfully

21-10-2025T18:45:38 - [TEST_STEP][PASSED] - setText(findTestObject("Object Repository/DES/Trading Partners Page/Search Trading Partner_input_txt"), "Katalon Testing TP"): Text 'Katalon Testing TP' is set on object 'Object Repository/DES/Trading Partners Page/Search Trading Partner_input_txt'

21-10-2025T18:45:39 - [MESSAGE][PASSED] - Text 'Katalon Testing TP' is set on object 'Object Repository/DES/Trading Partners Page/Search Trading Partner_input_txt'

21-10-2025T18:45:39 - [TEST_STEP][PASSED] - delay(5): Delayed 5 second(s)

21-10-2025T18:45:44 - [MESSAGE][PASSED] - Delayed 5 second(s)

21-10-2025T18:45:44 - [TEST_STEP][PASSED] - click(findTestObject("DES/TradingPartners/Katalon Trading TP View_btn")): Object: 'Object Repository/DES/TradingPartners/Katalon Trading TP View_btn' is clicked on

21-10-2025T18:45:44 - [MESSAGE][PASSED] - Object: 'Object Repository/DES/TradingPartners/Katalon Trading TP View_btn' is clicked on

21-10-2025T18:45:44 - [TEST_STEP][PASSED] - click(findTestObject("DES/TradingPartners/Subscription/Subscription Tab")): Object: 'Object Repository/DES/TradingPartners/Subscription/Subscription Tab' is clicked on

21-10-2025T18:45:46 - [MESSAGE][PASSED] - Object: 'Object Repository/DES/TradingPartners/Subscription/Subscription Tab' is clicked on

21-10-2025T18:45:46 - [TEST_STEP][PASSED] - verifyElementClickable(findTestObject("DES/TradingPartners/Subscription/Subscription Select_dropdown")): Object 'Object Repository/DES/TradingPartners/Subscription/Subscription Select_dropdown' is clickable

21-10-2025T18:45:46 - [MESSAGE][PASSED] - Object 'Object Repository/DES/TradingPartners/Subscription/Subscription Select_dropdown' is clickable

21-10-2025T18:45:46 - [TEST_STEP][PASSED] - click(findTestObject("DES/TradingPartners/Subscription/Subscription Select_dropdown")): Object: 'Object Repository/DES/TradingPartners/Subscription/Subscription Select_dropdown' is clicked on

21-10-2025T18:45:46 - [MESSAGE][PASSED] - Object: 'Object Repository/DES/TradingPartners/Subscription/Subscription Select_dropdown' is clicked on

21-10-2025T18:45:46 - [TEST_STEP][PASSED] - click(findTestObject("DES/TradingPartners/Subscription/Subscription View_option")): Object: 'Object Repository/DES/TradingPartners/Subscription/Subscription View_option' is clicked on

21-10-2025T18:45:46 - [MESSAGE][PASSED] - Object: 'Object Repository/DES/TradingPartners/Subscription/Subscription View_option' is clicked on

21-10-2025T18:45:46 - [TEST_STEP][PASSED] - verifyElementClickable(findTestObject("DES/TradingPartners/Subscription/Schedule/Created Schedule_Row_1 Edit_btn"), OPTIONAL): Object 'Object Repository/DES/TradingPartners/Subscription/Schedule/Created Schedule_Row_1 Edit_btn' is clickable

21-10-2025T18:45:47 - [MESSAGE][PASSED] - Object 'Object Repository/DES/TradingPartners/Subscription/Schedule/Created Schedule_Row_1 Edit_btn' is clickable

21-10-2025T18:45:47 - [TEST_STEP][PASSED] - click(findTestObject("DES/TradingPartners/Subscription/Schedule/Created Schedule_Row_1 Edit_btn")): Object: 'Object Repository/DES/TradingPartners/Subscription/Schedule/Created Schedule_Row_1 Edit_btn' is clicked on

21-10-2025T18:45:47 - [MESSAGE][PASSED] - Object: 'Object Repository/DES/TradingPartners/Subscription/Schedule/Created Schedule_Row_1 Edit_btn' is clicked on

21-10-2025T18:45:47 - [TEST_STEP][PASSED] - clearText(findTestObject("DES/TradingPartners/Subscription/Schedule/Frequency_input_txt")): Text of object 'Object Repository/DES/TradingPartners/Subscription/Schedule/Frequency_input_txt' is cleared

21-10-2025T18:45:47 - [MESSAGE][PASSED] - Text of object 'Object Repository/DES/TradingPartners/Subscription/Schedule/Frequency_input_txt' is cleared

21-10-2025T18:45:47 - [TEST_STEP][PASSED] - sendKeys(findTestObject("DES/TradingPartners/Subscription/Schedule/Frequency_input_txt"), "3"): Keys '3' sent to object: 'Object Repository/DES/TradingPartners/Subscription/Schedule/Frequency_input_txt'

21-10-2025T18:45:47 - [MESSAGE][PASSED] - Keys '3' sent to object: 'Object Repository/DES/TradingPartners/Subscription/Schedule/Frequency_input_txt'

21-10-2025T18:45:47 - [TEST_STEP][PASSED] - clearText(findTestObject("DES/TradingPartners/Subscription/Schedule/Daily Start Time_input_txt")): Text of object 'Object Repository/DES/TradingPartners/Subscription/Schedule/Daily Start Time_input_txt' is cleared

21-10-2025T18:45:47 - [MESSAGE][PASSED] - Text of object 'Object Repository/DES/TradingPartners/Subscription/Schedule/Daily Start Time_input_txt' is cleared

21-10-2025T18:45:47 - [TEST_STEP][PASSED] - sendKeys(findTestObject("DES/TradingPartners/Subscription/Schedule/Daily Start Time_input_txt"), "8:00 AM"): Keys '8:00 AM' sent to object: 'Object Repository/DES/TradingPartners/Subscription/Schedule/Daily Start Time_input_txt'

21-10-2025T18:45:47 - [MESSAGE][PASSED] - Keys '8:00 AM' sent to object: 'Object Repository/DES/TradingPartners/Subscription/Schedule/Daily Start Time_input_txt'

21-10-2025T18:45:47 - [TEST_STEP][PASSED] - click(findTestObject("DES/TradingPartners/Subscription/Schedule/Save Edit_btn")): Object: 'Object Repository/DES/TradingPartners/Subscription/Schedule/Save Edit_btn' is clicked on

21-10-2025T18:45:47 - [MESSAGE][PASSED] - Object: 'Object Repository/DES/TradingPartners/Subscription/Schedule/Save Edit_btn' is clicked on

21-10-2025T18:45:47 - [TEST_STEP][PASSED] - verifyElementText(findTestObject("DES/TradingPartners/Subscription/Schedule/Created Schedule_Row_1_Daily Start"), "08:00 AM"): Actual text and expected text of test object 'Object Repository/DES/TradingPartners/Subscription/Schedule/Created Schedule_Row_1_Daily Start' are matched.

21-10-2025T18:45:48 - [MESSAGE][PASSED] - Actual text and expected text of test object 'Object Repository/DES/TradingPartners/Subscription/Schedule/Created Schedule_Row_1_Daily Start' are matched.

21-10-2025T18:45:48 - [TEST_STEP][PASSED] - verifyElementText(findTestObject("DES/TradingPartners/Subscription/Schedule/Created Schedule_Row_1_Frequency"), "3 Minute(s)"): Actual text and expected text of test object 'Object Repository/DES/TradingPartners/Subscription/Schedule/Created Schedule_Row_1_Frequency' are matched.

21-10-2025T18:45:48 - [MESSAGE][PASSED] - Actual text and expected text of test object 'Object Repository/DES/TradingPartners/Subscription/Schedule/Created Schedule_Row_1_Frequency' are matched.

21-10-2025T18:45:48 - [TEST_STEP][PASSED] - closeBrowser(): Browser is closed

21-10-2025T18:45:48 - [MESSAGE][PASSED] - Browser is closed

21-10-2025T18:45:48 - [TEST_STEP][PASSED] - Start listener action : retryOnDisconnect: null

21-10-2025T18:45:48 - [TEST_STEP][PASSED] - tcId = testCaseContext.getTestCaseId(): null

21-10-2025T18:45:48 - [TEST_STEP][PASSED] - currentRetry = retryCounts.getOrDefault(tcId, 0): null

21-10-2025T18:45:48 - [TEST_STEP][PASSED] - if (testCaseContext.getTestCaseStatus() == "FAILED" && currentRetry < MAX_RETRIES): null]]></system-out>
         <system-err><![CDATA[]]></system-err>
      </testcase>
      <testcase name="Test Cases/DES/Trading Partners Page/Subscription/Remove Schedule" time="30.261" classname="Test Cases/DES/Trading Partners Page/Subscription/Remove Schedule" status="PASSED">
         <system-out><![CDATA[21-10-2025T18:45:48 - [TEST_CASE][PASSED] - Test Cases/DES/Trading Partners Page/Subscription/Remove Schedule: Test Cases/DES/Trading Partners Page/Subscription/Remove Schedule

21-10-2025T18:45:48 - [TEST_STEP][PASSED] - Start listener action : beforeTestCase: null

21-10-2025T18:45:48 - [TEST_STEP][PASSED] - addDefaultPackages(): null

21-10-2025T18:45:48 - [TEST_STEP][PASSED] - callTestCase(findTestCase("DES/DES Login"), [:], STOP_ON_FAILURE): Call Test Case 'Test Cases/DES/DES Login' successfully

21-10-2025T18:45:48 - [TEST_CASE][PASSED] - Test Cases/DES/DES Login: Test Cases/DES/DES Login

21-10-2025T18:45:48 - [TEST_STEP][PASSED] - openBrowser(""): Browser is opened with url: ''

21-10-2025T18:45:48 - [MESSAGE][INFO] - Starting 'Chrome' driver

21-10-2025T18:45:48 - [MESSAGE][INFO] - User set preference: ['args', '[--no-sandbox, --disable-gpu, --disable-dev-shm-usage]']

21-10-2025T18:45:48 - [MESSAGE][INFO] - Action delay is set to 0 milliseconds

21-10-2025T18:45:49 - [MESSAGE][PASSED] - Browser is opened with url: ''

21-10-2025T18:45:49 - [TEST_STEP][PASSED] - maximizeWindow(): Current window maximized

21-10-2025T18:45:49 - [MESSAGE][PASSED] - Current window maximized

21-10-2025T18:45:49 - [TEST_STEP][PASSED] - delay(10): Delayed 10 second(s)

21-10-2025T18:45:59 - [MESSAGE][PASSED] - Delayed 10 second(s)

21-10-2025T18:45:59 - [TEST_STEP][PASSED] - navigateToUrl("https://dx-portal.qa.thekag.com/"): Navigate to 'https://dx-portal.qa.thekag.com/' successfully

21-10-2025T18:45:59 - [MESSAGE][PASSED] - Navigate to 'https://dx-portal.qa.thekag.com/' successfully

21-10-2025T18:45:59 - [TEST_STEP][PASSED] - delay(5): Delayed 5 second(s)

21-10-2025T18:46:04 - [MESSAGE][PASSED] - Delayed 5 second(s)

21-10-2025T18:46:04 - [TEST_STEP][PASSED] - setText(findTestObject("Object Repository/Page_IdentityServer4/input_Username (e.g. email address)_Username"), "Chris.Sheldon+DES_QA@Thekag.com"): Text 'Chris.Sheldon+DES_QA@Thekag.com' is set on object 'Object Repository/Page_IdentityServer4/input_Username (e.g. email address)_Username'

21-10-2025T18:46:04 - [MESSAGE][PASSED] - Text 'Chris.Sheldon+DES_QA@Thekag.com' is set on object 'Object Repository/Page_IdentityServer4/input_Username (e.g. email address)_Username'

21-10-2025T18:46:04 - [TEST_STEP][PASSED] - setEncryptedText(findTestObject("Page_IdentityServer4/input_Password_Password"), "BtpyPJuZxPz9EFo3Zi2c4Q=="): Text ****** has been set on object 'Object Repository/Page_IdentityServer4/input_Password_Password'

21-10-2025T18:46:04 - [MESSAGE][PASSED] - Text ****** has been set on object 'Object Repository/Page_IdentityServer4/input_Password_Password'

21-10-2025T18:46:04 - [TEST_STEP][PASSED] - click(findTestObject("Object Repository/Page_IdentityServer4/button_Login")): Object: 'Object Repository/Page_IdentityServer4/button_Login' is clicked on

21-10-2025T18:46:05 - [MESSAGE][PASSED] - Object: 'Object Repository/Page_IdentityServer4/button_Login' is clicked on

21-10-2025T18:46:05 - [TEST_STEP][PASSED] - delay(5): Delayed 5 second(s)

21-10-2025T18:46:10 - [MESSAGE][PASSED] - Delayed 5 second(s)

21-10-2025T18:46:10 - [MESSAGE][PASSED] - Call Test Case 'Test Cases/DES/DES Login' successfully

21-10-2025T18:46:10 - [TEST_STEP][PASSED] - verifyElementClickable(findTestObject("DES/TradingPartners/Search Trading Partner_input_txt"), OPTIONAL): Unable to verify object to be clickable (Root cause: com.kms.katalon.core.exception.StepFailedException: Unable to verify object to be clickable
	at com.kms.katalon.core.webui.keyword.internal.WebUIKeywordMain.stepFailed(WebUIKeywordMain.groovy:117)
	at com.kms.katalon.core.webui.keyword.internal.WebUIKeywordMain.runKeyword(WebUIKeywordMain.groovy:43)
	at com.kms.katalon.core.webui.keyword.builtin.VerifyElementClickableKeyword.verifyElementClickable(VerifyElementClickableKeyword.groovy:96)
	at com.kms.katalon.core.webui.keyword.builtin.VerifyElementClickableKeyword.execute(VerifyElementClickableKeyword.groovy:67)
	at com.kms.katalon.core.keyword.internal.KeywordExecutor.executeKeywordForPlatform(KeywordExecutor.groovy:74)
	at com.kms.katalon.core.webui.keyword.WebUiBuiltInKeywords.verifyElementClickable(WebUiBuiltInKeywords.groovy:591)
	at com.kms.katalon.core.webui.keyword.WebUiBuiltInKeywords$verifyElementClickable$24.call(Unknown Source)
	at Remove Schedule.run(Remove Schedule:22)
	at com.kms.katalon.core.main.ScriptEngine.run(ScriptEngine.java:194)
	at com.kms.katalon.core.main.ScriptEngine.runScriptAsRawText(ScriptEngine.java:119)
	at com.kms.katalon.core.main.TestCaseExecutor.runScript(TestCaseExecutor.java:448)
	at com.kms.katalon.core.main.TestCaseExecutor.doExecute(TestCaseExecutor.java:439)
	at com.kms.katalon.core.main.TestCaseExecutor.processExecutionPhase(TestCaseExecutor.java:418)
	at com.kms.katalon.core.main.TestCaseExecutor.accessMainPhase(TestCaseExecutor.java:410)
	at com.kms.katalon.core.main.TestCaseExecutor.execute(TestCaseExecutor.java:285)
	at com.kms.katalon.core.common.CommonExecutor.accessTestCaseMainPhase(CommonExecutor.java:65)
	at com.kms.katalon.core.main.TestSuiteExecutor.accessTestSuiteMainPhase(TestSuiteExecutor.java:150)
	at com.kms.katalon.core.main.TestSuiteExecutor.execute(TestSuiteExecutor.java:106)
	at com.kms.katalon.core.main.TestCaseMain.startTestSuite(TestCaseMain.java:180)
	at com.kms.katalon.core.main.TestCaseMain$startTestSuite$0.call(Unknown Source)
	at TempTestSuite1761084128061.run(TempTestSuite1761084128061.groovy:35)
	at java.base/jdk.internal.reflect.NativeMethodAccessorImpl.invoke0(Native Method)
	at java.base/jdk.internal.reflect.NativeMethodAccessorImpl.invoke(NativeMethodAccessorImpl.java:77)
	at java.base/jdk.internal.reflect.DelegatingMethodAccessorImpl.invoke(DelegatingMethodAccessorImpl.java:43)
Caused by: java.lang.IllegalArgumentException: Object is null
	at com.kms.katalon.core.helper.KeywordHelper.checkTestObjectParameter(KeywordHelper.java:33)
	at com.kms.katalon.core.webui.keyword.builtin.VerifyElementClickableKeyword$_verifyElementClickable_closure1.doCall(VerifyElementClickableKeyword.groovy:75)
	at com.kms.katalon.core.webui.keyword.builtin.VerifyElementClickableKeyword$_verifyElementClickable_closure1.call(VerifyElementClickableKeyword.groovy)
	at com.kms.katalon.core.webui.keyword.internal.WebUIKeywordMain.runKeyword(WebUIKeywordMain.groovy:35)
	at com.kms.katalon.core.webui.keyword.builtin.VerifyElementClickableKeyword.verifyElementClickable(VerifyElementClickableKeyword.groovy:96)
	at com.kms.katalon.core.webui.keyword.builtin.VerifyElementClickableKeyword.execute(VerifyElementClickableKeyword.groovy:67)
	at com.kms.katalon.core.keyword.internal.KeywordExecutor.executeKeywordForPlatform(KeywordExecutor.groovy:74)
	at com.kms.katalon.core.webui.keyword.WebUiBuiltInKeywords.verifyElementClickable(WebUiBuiltInKeywords.groovy:591)
	at com.kms.katalon.core.webui.keyword.WebUiBuiltInKeywords$verifyElementClickable$24.call(Unknown Source)
	at Script1684251142454.run(Script1684251142454.groovy:22)
	... 16 more
)

21-10-2025T18:46:10 - [MESSAGE][WARNING] - Test object with id 'Object Repository/DES/TradingPartners/Search Trading Partner_input_txt' does not exist

21-10-2025T18:46:10 - [MESSAGE][WARNING] - Test object with id 'Object Repository/' does not exist

21-10-2025T18:46:10 - [MESSAGE][WARNING] - Unable to verify object to be clickable (Root cause: com.kms.katalon.core.exception.StepFailedException: Unable to verify object to be clickable
	at com.kms.katalon.core.webui.keyword.internal.WebUIKeywordMain.stepFailed(WebUIKeywordMain.groovy:117)
	at com.kms.katalon.core.webui.keyword.internal.WebUIKeywordMain.runKeyword(WebUIKeywordMain.groovy:43)
	at com.kms.katalon.core.webui.keyword.builtin.VerifyElementClickableKeyword.verifyElementClickable(VerifyElementClickableKeyword.groovy:96)
	at com.kms.katalon.core.webui.keyword.builtin.VerifyElementClickableKeyword.execute(VerifyElementClickableKeyword.groovy:67)
	at com.kms.katalon.core.keyword.internal.KeywordExecutor.executeKeywordForPlatform(KeywordExecutor.groovy:74)
	at com.kms.katalon.core.webui.keyword.WebUiBuiltInKeywords.verifyElementClickable(WebUiBuiltInKeywords.groovy:591)
	at com.kms.katalon.core.webui.keyword.WebUiBuiltInKeywords$verifyElementClickable$24.call(Unknown Source)
	at Remove Schedule.run(Remove Schedule:22)
	at com.kms.katalon.core.main.ScriptEngine.run(ScriptEngine.java:194)
	at com.kms.katalon.core.main.ScriptEngine.runScriptAsRawText(ScriptEngine.java:119)
	at com.kms.katalon.core.main.TestCaseExecutor.runScript(TestCaseExecutor.java:448)
	at com.kms.katalon.core.main.TestCaseExecutor.doExecute(TestCaseExecutor.java:439)
	at com.kms.katalon.core.main.TestCaseExecutor.processExecutionPhase(TestCaseExecutor.java:418)
	at com.kms.katalon.core.main.TestCaseExecutor.accessMainPhase(TestCaseExecutor.java:410)
	at com.kms.katalon.core.main.TestCaseExecutor.execute(TestCaseExecutor.java:285)
	at com.kms.katalon.core.common.CommonExecutor.accessTestCaseMainPhase(CommonExecutor.java:65)
	at com.kms.katalon.core.main.TestSuiteExecutor.accessTestSuiteMainPhase(TestSuiteExecutor.java:150)
	at com.kms.katalon.core.main.TestSuiteExecutor.execute(TestSuiteExecutor.java:106)
	at com.kms.katalon.core.main.TestCaseMain.startTestSuite(TestCaseMain.java:180)
	at com.kms.katalon.core.main.TestCaseMain$startTestSuite$0.call(Unknown Source)
	at TempTestSuite1761084128061.run(TempTestSuite1761084128061.groovy:35)
	at java.base/jdk.internal.reflect.NativeMethodAccessorImpl.invoke0(Native Method)
	at java.base/jdk.internal.reflect.NativeMethodAccessorImpl.invoke(NativeMethodAccessorImpl.java:77)
	at java.base/jdk.internal.reflect.DelegatingMethodAccessorImpl.invoke(DelegatingMethodAccessorImpl.java:43)
Caused by: java.lang.IllegalArgumentException: Object is null
	at com.kms.katalon.core.helper.KeywordHelper.checkTestObjectParameter(KeywordHelper.java:33)
	at com.kms.katalon.core.webui.keyword.builtin.VerifyElementClickableKeyword$_verifyElementClickable_closure1.doCall(VerifyElementClickableKeyword.groovy:75)
	at com.kms.katalon.core.webui.keyword.builtin.VerifyElementClickableKeyword$_verifyElementClickable_closure1.call(VerifyElementClickableKeyword.groovy)
	at com.kms.katalon.core.webui.keyword.internal.WebUIKeywordMain.runKeyword(WebUIKeywordMain.groovy:35)
	at com.kms.katalon.core.webui.keyword.builtin.VerifyElementClickableKeyword.verifyElementClickable(VerifyElementClickableKeyword.groovy:96)
	at com.kms.katalon.core.webui.keyword.builtin.VerifyElementClickableKeyword.execute(VerifyElementClickableKeyword.groovy:67)
	at com.kms.katalon.core.keyword.internal.KeywordExecutor.executeKeywordForPlatform(KeywordExecutor.groovy:74)
	at com.kms.katalon.core.webui.keyword.WebUiBuiltInKeywords.verifyElementClickable(WebUiBuiltInKeywords.groovy:591)
	at com.kms.katalon.core.webui.keyword.WebUiBuiltInKeywords$verifyElementClickable$24.call(Unknown Source)
	at Script1684251142454.run(Script1684251142454.groovy:22)
	... 16 more
)

21-10-2025T18:46:10 - [TEST_STEP][PASSED] - setText(findTestObject("Object Repository/DES/Trading Partners Page/Search Trading Partner_input_txt"), "Katalon Testing TP"): Text 'Katalon Testing TP' is set on object 'Object Repository/DES/Trading Partners Page/Search Trading Partner_input_txt'

21-10-2025T18:46:10 - [MESSAGE][PASSED] - Text 'Katalon Testing TP' is set on object 'Object Repository/DES/Trading Partners Page/Search Trading Partner_input_txt'

21-10-2025T18:46:10 - [TEST_STEP][PASSED] - delay(5): Delayed 5 second(s)

21-10-2025T18:46:15 - [MESSAGE][PASSED] - Delayed 5 second(s)

21-10-2025T18:46:15 - [TEST_STEP][PASSED] - click(findTestObject("DES/TradingPartners/Katalon Trading TP View_btn")): Object: 'Object Repository/DES/TradingPartners/Katalon Trading TP View_btn' is clicked on

21-10-2025T18:46:15 - [MESSAGE][PASSED] - Object: 'Object Repository/DES/TradingPartners/Katalon Trading TP View_btn' is clicked on

21-10-2025T18:46:15 - [TEST_STEP][PASSED] - click(findTestObject("DES/TradingPartners/Subscription/Subscription Tab")): Object: 'Object Repository/DES/TradingPartners/Subscription/Subscription Tab' is clicked on

21-10-2025T18:46:17 - [MESSAGE][PASSED] - Object: 'Object Repository/DES/TradingPartners/Subscription/Subscription Tab' is clicked on

21-10-2025T18:46:17 - [TEST_STEP][PASSED] - verifyElementClickable(findTestObject("DES/TradingPartners/Subscription/Subscription Select_dropdown")): Object 'Object Repository/DES/TradingPartners/Subscription/Subscription Select_dropdown' is clickable

21-10-2025T18:46:17 - [MESSAGE][PASSED] - Object 'Object Repository/DES/TradingPartners/Subscription/Subscription Select_dropdown' is clickable

21-10-2025T18:46:17 - [TEST_STEP][PASSED] - click(findTestObject("DES/TradingPartners/Subscription/Subscription Select_dropdown")): Object: 'Object Repository/DES/TradingPartners/Subscription/Subscription Select_dropdown' is clicked on

21-10-2025T18:46:17 - [MESSAGE][PASSED] - Object: 'Object Repository/DES/TradingPartners/Subscription/Subscription Select_dropdown' is clicked on

21-10-2025T18:46:17 - [TEST_STEP][PASSED] - click(findTestObject("DES/TradingPartners/Subscription/Subscription View_option")): Object: 'Object Repository/DES/TradingPartners/Subscription/Subscription View_option' is clicked on

21-10-2025T18:46:17 - [MESSAGE][PASSED] - Object: 'Object Repository/DES/TradingPartners/Subscription/Subscription View_option' is clicked on

21-10-2025T18:46:17 - [TEST_STEP][PASSED] - verifyElementClickable(findTestObject("DES/TradingPartners/Subscription/Schedule/Created Schedule_Row_1_Remove_btn")): Object 'Object Repository/DES/TradingPartners/Subscription/Schedule/Created Schedule_Row_1_Remove_btn' is clickable

21-10-2025T18:46:18 - [MESSAGE][PASSED] - Object 'Object Repository/DES/TradingPartners/Subscription/Schedule/Created Schedule_Row_1_Remove_btn' is clickable

21-10-2025T18:46:18 - [TEST_STEP][PASSED] - click(findTestObject("DES/TradingPartners/Subscription/Schedule/Created Schedule_Row_1_Remove_btn")): Object: 'Object Repository/DES/TradingPartners/Subscription/Schedule/Created Schedule_Row_1_Remove_btn' is clicked on

21-10-2025T18:46:18 - [MESSAGE][PASSED] - Object: 'Object Repository/DES/TradingPartners/Subscription/Schedule/Created Schedule_Row_1_Remove_btn' is clicked on

21-10-2025T18:46:18 - [TEST_STEP][PASSED] - verifyElementPresent(findTestObject("DES/TradingPartners/Subscription/Schedule/Remove Schedule Mini Window"), 30): Object 'Object Repository/DES/TradingPartners/Subscription/Schedule/Remove Schedule Mini Window' is present

21-10-2025T18:46:18 - [MESSAGE][PASSED] - Object 'Object Repository/DES/TradingPartners/Subscription/Schedule/Remove Schedule Mini Window' is present

21-10-2025T18:46:18 - [TEST_STEP][PASSED] - click(findTestObject("DES/TradingPartners/Subscription/Schedule/Remove Schedule Mini Window Yes_btn")): Object: 'Object Repository/DES/TradingPartners/Subscription/Schedule/Remove Schedule Mini Window Yes_btn' is clicked on

21-10-2025T18:46:18 - [MESSAGE][PASSED] - Object: 'Object Repository/DES/TradingPartners/Subscription/Schedule/Remove Schedule Mini Window Yes_btn' is clicked on

21-10-2025T18:46:18 - [TEST_STEP][PASSED] - verifyElementNotPresent(findTestObject("DES/TradingPartners/Subscription/Schedule/Created Schedule_Row_1"), 30): Web element with id: 'Object Repository/DES/TradingPartners/Subscription/Schedule/Created Schedule_Row_1' located by 'By.xpath: /html/body/div/div/div[2]/div[2]/div/div/div/div/div/div[4]/div/div/div/div/div/div/table/tbody/tr' is not present after '30' second(s)

21-10-2025T18:46:18 - [MESSAGE][PASSED] - Web element with id: 'Object Repository/DES/TradingPartners/Subscription/Schedule/Created Schedule_Row_1' located by 'By.xpath: /html/body/div/div/div[2]/div[2]/div/div/div/div/div/div[4]/div/div/div/div/div/div/table/tbody/tr' is not present after '30' second(s)

21-10-2025T18:46:18 - [TEST_STEP][PASSED] - closeBrowser(): Browser is closed

21-10-2025T18:46:18 - [MESSAGE][PASSED] - Browser is closed

21-10-2025T18:46:18 - [TEST_STEP][PASSED] - Start listener action : retryOnDisconnect: null

21-10-2025T18:46:18 - [TEST_STEP][PASSED] - tcId = testCaseContext.getTestCaseId(): null

21-10-2025T18:46:18 - [TEST_STEP][PASSED] - currentRetry = retryCounts.getOrDefault(tcId, 0): null

21-10-2025T18:46:18 - [TEST_STEP][PASSED] - if (testCaseContext.getTestCaseStatus() == "FAILED" && currentRetry < MAX_RETRIES): null]]></system-out>
         <system-err><![CDATA[]]></system-err>
      </testcase>
      <testcase name="Test Cases/DES/Trading Partners Page/Subscription/Transmission/AddEmailTransmission" time="51.721" classname="Test Cases/DES/Trading Partners Page/Subscription/Transmission/AddEmailTransmission" status="PASSED">
         <system-out><![CDATA[21-10-2025T18:46:18 - [TEST_CASE][PASSED] - Test Cases/DES/Trading Partners Page/Subscription/Transmission/AddEmailTransmission: Test Cases/DES/Trading Partners Page/Subscription/Transmission/AddEmailTransmission

21-10-2025T18:46:18 - [TEST_STEP][PASSED] - Start listener action : beforeTestCase: null

21-10-2025T18:46:18 - [TEST_STEP][PASSED] - addDefaultPackages(): null

21-10-2025T18:46:18 - [TEST_STEP][PASSED] - callTestCase(findTestCase("DES/DES Login"), [:], STOP_ON_FAILURE): Call Test Case 'Test Cases/DES/DES Login' successfully

21-10-2025T18:46:18 - [TEST_CASE][PASSED] - Test Cases/DES/DES Login: Test Cases/DES/DES Login

21-10-2025T18:46:18 - [TEST_STEP][PASSED] - openBrowser(""): Browser is opened with url: ''

21-10-2025T18:46:18 - [MESSAGE][INFO] - Starting 'Chrome' driver

21-10-2025T18:46:18 - [MESSAGE][INFO] - User set preference: ['args', '[--no-sandbox, --disable-gpu, --disable-dev-shm-usage]']

21-10-2025T18:46:18 - [MESSAGE][INFO] - Action delay is set to 0 milliseconds

21-10-2025T18:46:19 - [MESSAGE][PASSED] - Browser is opened with url: ''

21-10-2025T18:46:19 - [TEST_STEP][PASSED] - maximizeWindow(): Current window maximized

21-10-2025T18:46:19 - [MESSAGE][PASSED] - Current window maximized

21-10-2025T18:46:19 - [TEST_STEP][PASSED] - delay(10): Delayed 10 second(s)

21-10-2025T18:46:29 - [MESSAGE][PASSED] - Delayed 10 second(s)

21-10-2025T18:46:29 - [TEST_STEP][PASSED] - navigateToUrl("https://dx-portal.qa.thekag.com/"): Navigate to 'https://dx-portal.qa.thekag.com/' successfully

21-10-2025T18:46:30 - [MESSAGE][PASSED] - Navigate to 'https://dx-portal.qa.thekag.com/' successfully

21-10-2025T18:46:30 - [TEST_STEP][PASSED] - delay(5): Delayed 5 second(s)

21-10-2025T18:46:35 - [MESSAGE][PASSED] - Delayed 5 second(s)

21-10-2025T18:46:35 - [TEST_STEP][PASSED] - setText(findTestObject("Object Repository/Page_IdentityServer4/input_Username (e.g. email address)_Username"), "Chris.Sheldon+DES_QA@Thekag.com"): Text 'Chris.Sheldon+DES_QA@Thekag.com' is set on object 'Object Repository/Page_IdentityServer4/input_Username (e.g. email address)_Username'

21-10-2025T18:46:35 - [MESSAGE][PASSED] - Text 'Chris.Sheldon+DES_QA@Thekag.com' is set on object 'Object Repository/Page_IdentityServer4/input_Username (e.g. email address)_Username'

21-10-2025T18:46:35 - [TEST_STEP][PASSED] - setEncryptedText(findTestObject("Page_IdentityServer4/input_Password_Password"), "BtpyPJuZxPz9EFo3Zi2c4Q=="): Text ****** has been set on object 'Object Repository/Page_IdentityServer4/input_Password_Password'

21-10-2025T18:46:35 - [MESSAGE][PASSED] - Text ****** has been set on object 'Object Repository/Page_IdentityServer4/input_Password_Password'

21-10-2025T18:46:35 - [TEST_STEP][PASSED] - click(findTestObject("Object Repository/Page_IdentityServer4/button_Login")): Object: 'Object Repository/Page_IdentityServer4/button_Login' is clicked on

21-10-2025T18:46:35 - [MESSAGE][PASSED] - Object: 'Object Repository/Page_IdentityServer4/button_Login' is clicked on

21-10-2025T18:46:35 - [TEST_STEP][PASSED] - delay(5): Delayed 5 second(s)

21-10-2025T18:46:40 - [MESSAGE][PASSED] - Delayed 5 second(s)

21-10-2025T18:46:40 - [MESSAGE][PASSED] - Call Test Case 'Test Cases/DES/DES Login' successfully

21-10-2025T18:46:40 - [TEST_STEP][PASSED] - setText(findTestObject("Object Repository/DES/Trading Partners Page/Search Trading Partner_input_txt"), "Katalon Transmission"): Text 'Katalon Transmission' is set on object 'Object Repository/DES/Trading Partners Page/Search Trading Partner_input_txt'

21-10-2025T18:46:41 - [MESSAGE][PASSED] - Text 'Katalon Transmission' is set on object 'Object Repository/DES/Trading Partners Page/Search Trading Partner_input_txt'

21-10-2025T18:46:41 - [TEST_STEP][PASSED] - delay(5): Delayed 5 second(s)

21-10-2025T18:46:46 - [MESSAGE][PASSED] - Delayed 5 second(s)

21-10-2025T18:46:46 - [TEST_STEP][PASSED] - click(findTestObject("Object Repository/Page_data-exchange/button_View")): Object: 'Object Repository/Page_data-exchange/button_View' is clicked on

21-10-2025T18:46:46 - [MESSAGE][PASSED] - Object: 'Object Repository/Page_data-exchange/button_View' is clicked on

21-10-2025T18:46:46 - [TEST_STEP][PASSED] - delay(5): Delayed 5 second(s)

21-10-2025T18:46:51 - [MESSAGE][PASSED] - Delayed 5 second(s)

21-10-2025T18:46:51 - [TEST_STEP][PASSED] - click(findTestObject("Object Repository/Page_data-exchange/a_Subscription")): Object: 'Object Repository/Page_data-exchange/a_Subscription' is clicked on

21-10-2025T18:46:51 - [MESSAGE][PASSED] - Object: 'Object Repository/Page_data-exchange/a_Subscription' is clicked on

21-10-2025T18:46:51 - [TEST_STEP][PASSED] - waitForElementPresent(findTestObject("Object Repository/Page_data-exchange/button_Select"), 90): Object 'Object Repository/Page_data-exchange/button_Select' is present

21-10-2025T18:46:54 - [MESSAGE][PASSED] - Object 'Object Repository/Page_data-exchange/button_Select' is present

21-10-2025T18:46:54 - [TEST_STEP][PASSED] - click(findTestObject("Object Repository/Page_data-exchange/button_Select"), STOP_ON_FAILURE): Object: 'Object Repository/Page_data-exchange/button_Select' is clicked on

21-10-2025T18:46:54 - [MESSAGE][PASSED] - Object: 'Object Repository/Page_data-exchange/button_Select' is clicked on

21-10-2025T18:46:54 - [TEST_STEP][PASSED] - waitForElementPresent(findTestObject("Object Repository/Page_data-exchange/a_View (1)"), 90): Object 'Object Repository/Page_data-exchange/a_View (1)' is present

21-10-2025T18:46:54 - [MESSAGE][PASSED] - Object 'Object Repository/Page_data-exchange/a_View (1)' is present

21-10-2025T18:46:54 - [TEST_STEP][PASSED] - click(findTestObject("Object Repository/Page_data-exchange/a_View (1)")): Object: 'Object Repository/Page_data-exchange/a_View (1)' is clicked on

21-10-2025T18:46:54 - [MESSAGE][PASSED] - Object: 'Object Repository/Page_data-exchange/a_View (1)' is clicked on

21-10-2025T18:46:54 - [TEST_STEP][PASSED] - waitForElementClickable(findTestObject("DES/Trading Partners Page/Subscription/Transmission/Add Transmission (Katalon Transmissions)_btn"), 300): Object 'Object Repository/DES/Trading Partners Page/Subscription/Transmission/Add Transmission (Katalon Transmissions)_btn' is clickable

21-10-2025T18:46:56 - [MESSAGE][PASSED] - Object 'Object Repository/DES/Trading Partners Page/Subscription/Transmission/Add Transmission (Katalon Transmissions)_btn' is clickable

21-10-2025T18:46:56 - [TEST_STEP][PASSED] - click(findTestObject("DES/Trading Partners Page/Subscription/Transmission/Add Transmission (Katalon Transmissions)_btn")): Object: 'Object Repository/DES/Trading Partners Page/Subscription/Transmission/Add Transmission (Katalon Transmissions)_btn' is clicked on

21-10-2025T18:46:56 - [MESSAGE][PASSED] - Object: 'Object Repository/DES/Trading Partners Page/Subscription/Transmission/Add Transmission (Katalon Transmissions)_btn' is clicked on

21-10-2025T18:46:56 - [TEST_STEP][PASSED] - delay(5): Delayed 5 second(s)

21-10-2025T18:47:01 - [MESSAGE][PASSED] - Delayed 5 second(s)

21-10-2025T18:47:01 - [TEST_STEP][PASSED] - selectOptionByIndex(findTestObject("Object Repository/Page_data-exchange/select_Select.EmailFile Transfer ProtocolHT_8ad3a6"), "1", STOP_ON_FAILURE): All options with index in [1] are selected on object 'Object Repository/Page_data-exchange/select_Select.EmailFile Transfer ProtocolHT_8ad3a6'

21-10-2025T18:47:01 - [MESSAGE][PASSED] - All options with index in [1] are selected on object 'Object Repository/Page_data-exchange/select_Select.EmailFile Transfer ProtocolHT_8ad3a6'

21-10-2025T18:47:01 - [TEST_STEP][PASSED] - delay(2): Delayed 2 second(s)

21-10-2025T18:47:03 - [MESSAGE][PASSED] - Delayed 2 second(s)

21-10-2025T18:47:03 - [TEST_STEP][PASSED] - selectOptionByIndex(findTestObject("DES/TradingPartners/Transmission/select_Select.No Attachment"), 1): All options with index in [1] are selected on object 'Object Repository/DES/TradingPartners/Transmission/select_Select.No Attachment'

21-10-2025T18:47:03 - [MESSAGE][PASSED] - All options with index in [1] are selected on object 'Object Repository/DES/TradingPartners/Transmission/select_Select.No Attachment'

21-10-2025T18:47:03 - [TEST_STEP][PASSED] - click(findTestObject("DES/TradingPartners/Transmission/select_Select.No Attachment (1)")): Object: 'Object Repository/DES/TradingPartners/Transmission/select_Select.No Attachment (1)' is clicked on

21-10-2025T18:47:03 - [MESSAGE][PASSED] - Object: 'Object Repository/DES/TradingPartners/Transmission/select_Select.No Attachment (1)' is clicked on

21-10-2025T18:47:03 - [TEST_STEP][PASSED] - delay(2): Delayed 2 second(s)

21-10-2025T18:47:05 - [MESSAGE][PASSED] - Delayed 2 second(s)

21-10-2025T18:47:05 - [TEST_STEP][PASSED] - selectOptionByIndex(findTestObject("Object Repository/Page_data-exchange/select_Select.No Extension"), "1", STOP_ON_FAILURE): All options with index in [1] are selected on object 'Object Repository/Page_data-exchange/select_Select.No Extension'

21-10-2025T18:47:06 - [MESSAGE][PASSED] - All options with index in [1] are selected on object 'Object Repository/Page_data-exchange/select_Select.No Extension'

21-10-2025T18:47:06 - [TEST_STEP][PASSED] - delay(2): Delayed 2 second(s)

21-10-2025T18:47:08 - [MESSAGE][PASSED] - Delayed 2 second(s)

21-10-2025T18:47:08 - [TEST_STEP][PASSED] - verifyElementClickable(findTestObject("Object Repository/Page_data-exchange/button_Save")): Object 'Object Repository/Page_data-exchange/button_Save' is clickable

21-10-2025T18:47:08 - [MESSAGE][PASSED] - Object 'Object Repository/Page_data-exchange/button_Save' is clickable

21-10-2025T18:47:08 - [TEST_STEP][PASSED] - delay(2): Delayed 2 second(s)

21-10-2025T18:47:10 - [MESSAGE][PASSED] - Delayed 2 second(s)

21-10-2025T18:47:10 - [TEST_STEP][PASSED] - closeBrowser(): Browser is closed

21-10-2025T18:47:10 - [MESSAGE][PASSED] - Browser is closed

21-10-2025T18:47:10 - [TEST_STEP][PASSED] - Start listener action : retryOnDisconnect: null

21-10-2025T18:47:10 - [TEST_STEP][PASSED] - tcId = testCaseContext.getTestCaseId(): null

21-10-2025T18:47:10 - [TEST_STEP][PASSED] - currentRetry = retryCounts.getOrDefault(tcId, 0): null

21-10-2025T18:47:10 - [TEST_STEP][PASSED] - if (testCaseContext.getTestCaseStatus() == "FAILED" && currentRetry < MAX_RETRIES): null]]></system-out>
         <system-err><![CDATA[]]></system-err>
      </testcase>
      <testcase name="Test Cases/DES/Trading Partners Page/Subscription/Transmission/AddEmailAddressToExistingTransmission" time="85.589" classname="Test Cases/DES/Trading Partners Page/Subscription/Transmission/AddEmailAddressToExistingTransmission" status="FAILED">
         <failure type="FAILED" message="Test Cases/DES/Trading Partners Page/Subscription/Transmission/AddEmailAddressToExistingTransmission FAILED.&#xa;Reason:&#xa;com.kms.katalon.core.exception.StepFailedException: Unable to click on object 'Object Repository/DES/Trading Partners Page/Subscription/Transmission/Edit_Transmission_btn'&#xa;	at com.kms.katalon.core.webui.keyword.internal.WebUIKeywordMain.stepFailed(WebUIKeywordMain.groovy:117)&#xa;	at com.kms.katalon.core.webui.keyword.internal.WebUIKeywordMain.runKeyword(WebUIKeywordMain.groovy:43)&#xa;	at com.kms.katalon.core.webui.keyword.builtin.ClickKeyword.click(ClickKeyword.groovy:74)&#xa;	at com.kms.katalon.core.webui.keyword.builtin.ClickKeyword.execute(ClickKeyword.groovy:40)&#xa;	at com.kms.katalon.core.keyword.internal.KeywordExecutor.executeKeywordForPlatform(KeywordExecutor.groovy:74)&#xa;	at com.kms.katalon.core.webui.keyword.WebUiBuiltInKeywords.click(WebUiBuiltInKeywords.groovy:659)&#xa;	at com.kms.katalon.core.webui.keyword.WebUiBuiltInKeywords$click$4.call(Unknown Source)&#xa;	at AddEmailAddressToExistingTransmission.run(AddEmailAddressToExistingTransmission:49)&#xa;	at com.kms.katalon.core.main.ScriptEngine.run(ScriptEngine.java:194)&#xa;	at com.kms.katalon.core.main.ScriptEngine.runScriptAsRawText(ScriptEngine.java:119)&#xa;	at com.kms.katalon.core.main.TestCaseExecutor.runScript(TestCaseExecutor.java:448)&#xa;	at com.kms.katalon.core.main.TestCaseExecutor.doExecute(TestCaseExecutor.java:439)&#xa;	at com.kms.katalon.core.main.TestCaseExecutor.processExecutionPhase(TestCaseExecutor.java:418)&#xa;	at com.kms.katalon.core.main.TestCaseExecutor.accessMainPhase(TestCaseExecutor.java:410)&#xa;	at com.kms.katalon.core.main.TestCaseExecutor.execute(TestCaseExecutor.java:285)&#xa;	at com.kms.katalon.core.common.CommonExecutor.accessTestCaseMainPhase(CommonExecutor.java:65)&#xa;	at com.kms.katalon.core.main.TestSuiteExecutor.accessTestSuiteMainPhase(TestSuiteExecutor.java:150)&#xa;	at com.kms.katalon.core.main.TestSuiteExecutor.execute(TestSuiteExecutor.java:106)&#xa;	at com.kms.katalon.core.main.TestCaseMain.startTestSuite(TestCaseMain.java:180)&#xa;	at com.kms.katalon.core.main.TestCaseMain$startTestSuite$0.call(Unknown Source)&#xa;	at TempTestSuite1761084128061.run(TempTestSuite1761084128061.groovy:35)&#xa;	at java.base/jdk.internal.reflect.NativeMethodAccessorImpl.invoke0(Native Method)&#xa;	at java.base/jdk.internal.reflect.NativeMethodAccessorImpl.invoke(NativeMethodAccessorImpl.java:77)&#xa;	at java.base/jdk.internal.reflect.DelegatingMethodAccessorImpl.invoke(DelegatingMethodAccessorImpl.java:43)&#xa;Caused by: com.kms.katalon.core.webui.exception.WebElementNotFoundException: Web element with id: 'Object Repository/DES/Trading Partners Page/Subscription/Transmission/Edit_Transmission_btn' located by '//button[@id='editTransmissionButton']' not found&#xa;	at com.kms.katalon.core.webui.common.WebUiCommonHelper.findWebElement(WebUiCommonHelper.java:1423)&#xa;	at com.kms.katalon.core.webui.keyword.internal.WebUIAbstractKeyword.findWebElement(WebUIAbstractKeyword.groovy:27)&#xa;	at com.kms.katalon.core.webui.keyword.builtin.ClickKeyword$_click_closure1.doCall(ClickKeyword.groovy:65)&#xa;	at com.kms.katalon.core.webui.keyword.builtin.ClickKeyword$_click_closure1.call(ClickKeyword.groovy)&#xa;	at com.kms.katalon.core.webui.keyword.internal.WebUIKeywordMain.runKeyword(WebUIKeywordMain.groovy:35)&#xa;	... 22 more&#xa;"/>
         <system-out><![CDATA[21-10-2025T18:47:10 - [TEST_CASE][FAILED] - Test Cases/DES/Trading Partners Page/Subscription/Transmission/AddEmailAddressToExistingTransmission: Test Cases/DES/Trading Partners Page/Subscription/Transmission/AddEmailAddressToExistingTransmission FAILED.
Reason:
com.kms.katalon.core.exception.StepFailedException: Unable to click on object 'Object Repository/DES/Trading Partners Page/Subscription/Transmission/Edit_Transmission_btn'
	at com.kms.katalon.core.webui.keyword.internal.WebUIKeywordMain.stepFailed(WebUIKeywordMain.groovy:117)
	at com.kms.katalon.core.webui.keyword.internal.WebUIKeywordMain.runKeyword(WebUIKeywordMain.groovy:43)
	at com.kms.katalon.core.webui.keyword.builtin.ClickKeyword.click(ClickKeyword.groovy:74)
	at com.kms.katalon.core.webui.keyword.builtin.ClickKeyword.execute(ClickKeyword.groovy:40)
	at com.kms.katalon.core.keyword.internal.KeywordExecutor.executeKeywordForPlatform(KeywordExecutor.groovy:74)
	at com.kms.katalon.core.webui.keyword.WebUiBuiltInKeywords.click(WebUiBuiltInKeywords.groovy:659)
	at com.kms.katalon.core.webui.keyword.WebUiBuiltInKeywords$click$4.call(Unknown Source)
	at AddEmailAddressToExistingTransmission.run(AddEmailAddressToExistingTransmission:49)
	at com.kms.katalon.core.main.ScriptEngine.run(ScriptEngine.java:194)
	at com.kms.katalon.core.main.ScriptEngine.runScriptAsRawText(ScriptEngine.java:119)
	at com.kms.katalon.core.main.TestCaseExecutor.runScript(TestCaseExecutor.java:448)
	at com.kms.katalon.core.main.TestCaseExecutor.doExecute(TestCaseExecutor.java:439)
	at com.kms.katalon.core.main.TestCaseExecutor.processExecutionPhase(TestCaseExecutor.java:418)
	at com.kms.katalon.core.main.TestCaseExecutor.accessMainPhase(TestCaseExecutor.java:410)
	at com.kms.katalon.core.main.TestCaseExecutor.execute(TestCaseExecutor.java:285)
	at com.kms.katalon.core.common.CommonExecutor.accessTestCaseMainPhase(CommonExecutor.java:65)
	at com.kms.katalon.core.main.TestSuiteExecutor.accessTestSuiteMainPhase(TestSuiteExecutor.java:150)
	at com.kms.katalon.core.main.TestSuiteExecutor.execute(TestSuiteExecutor.java:106)
	at com.kms.katalon.core.main.TestCaseMain.startTestSuite(TestCaseMain.java:180)
	at com.kms.katalon.core.main.TestCaseMain$startTestSuite$0.call(Unknown Source)
	at TempTestSuite1761084128061.run(TempTestSuite1761084128061.groovy:35)
	at java.base/jdk.internal.reflect.NativeMethodAccessorImpl.invoke0(Native Method)
	at java.base/jdk.internal.reflect.NativeMethodAccessorImpl.invoke(NativeMethodAccessorImpl.java:77)
	at java.base/jdk.internal.reflect.DelegatingMethodAccessorImpl.invoke(DelegatingMethodAccessorImpl.java:43)
Caused by: com.kms.katalon.core.webui.exception.WebElementNotFoundException: Web element with id: 'Object Repository/DES/Trading Partners Page/Subscription/Transmission/Edit_Transmission_btn' located by '//button[@id='editTransmissionButton']' not found
	at com.kms.katalon.core.webui.common.WebUiCommonHelper.findWebElement(WebUiCommonHelper.java:1423)
	at com.kms.katalon.core.webui.keyword.internal.WebUIAbstractKeyword.findWebElement(WebUIAbstractKeyword.groovy:27)
	at com.kms.katalon.core.webui.keyword.builtin.ClickKeyword$_click_closure1.doCall(ClickKeyword.groovy:65)
	at com.kms.katalon.core.webui.keyword.builtin.ClickKeyword$_click_closure1.call(ClickKeyword.groovy)
	at com.kms.katalon.core.webui.keyword.internal.WebUIKeywordMain.runKeyword(WebUIKeywordMain.groovy:35)
	... 22 more


21-10-2025T18:47:10 - [TEST_STEP][PASSED] - Start listener action : beforeTestCase: null

21-10-2025T18:47:10 - [TEST_STEP][PASSED] - addDefaultPackages(): null

21-10-2025T18:47:10 - [TEST_STEP][PASSED] - callTestCase(findTestCase("DES/DES Login"), [:], STOP_ON_FAILURE): Call Test Case 'Test Cases/DES/DES Login' successfully

21-10-2025T18:47:10 - [TEST_CASE][PASSED] - Test Cases/DES/DES Login: Test Cases/DES/DES Login

21-10-2025T18:47:10 - [TEST_STEP][PASSED] - openBrowser(""): Browser is opened with url: ''

21-10-2025T18:47:10 - [MESSAGE][INFO] - Starting 'Chrome' driver

21-10-2025T18:47:10 - [MESSAGE][INFO] - User set preference: ['args', '[--no-sandbox, --disable-gpu, --disable-dev-shm-usage]']

21-10-2025T18:47:10 - [MESSAGE][INFO] - Action delay is set to 0 milliseconds

21-10-2025T18:47:11 - [MESSAGE][PASSED] - Browser is opened with url: ''

21-10-2025T18:47:11 - [TEST_STEP][PASSED] - maximizeWindow(): Current window maximized

21-10-2025T18:47:11 - [MESSAGE][PASSED] - Current window maximized

21-10-2025T18:47:11 - [TEST_STEP][PASSED] - delay(10): Delayed 10 second(s)

21-10-2025T18:47:21 - [MESSAGE][PASSED] - Delayed 10 second(s)

21-10-2025T18:47:21 - [TEST_STEP][PASSED] - navigateToUrl("https://dx-portal.qa.thekag.com/"): Navigate to 'https://dx-portal.qa.thekag.com/' successfully

21-10-2025T18:47:21 - [MESSAGE][PASSED] - Navigate to 'https://dx-portal.qa.thekag.com/' successfully

21-10-2025T18:47:21 - [TEST_STEP][PASSED] - delay(5): Delayed 5 second(s)

21-10-2025T18:47:26 - [MESSAGE][PASSED] - Delayed 5 second(s)

21-10-2025T18:47:26 - [TEST_STEP][PASSED] - setText(findTestObject("Object Repository/Page_IdentityServer4/input_Username (e.g. email address)_Username"), "Chris.Sheldon+DES_QA@Thekag.com"): Text 'Chris.Sheldon+DES_QA@Thekag.com' is set on object 'Object Repository/Page_IdentityServer4/input_Username (e.g. email address)_Username'

21-10-2025T18:47:26 - [MESSAGE][PASSED] - Text 'Chris.Sheldon+DES_QA@Thekag.com' is set on object 'Object Repository/Page_IdentityServer4/input_Username (e.g. email address)_Username'

21-10-2025T18:47:26 - [TEST_STEP][PASSED] - setEncryptedText(findTestObject("Page_IdentityServer4/input_Password_Password"), "BtpyPJuZxPz9EFo3Zi2c4Q=="): Text ****** has been set on object 'Object Repository/Page_IdentityServer4/input_Password_Password'

21-10-2025T18:47:26 - [MESSAGE][PASSED] - Text ****** has been set on object 'Object Repository/Page_IdentityServer4/input_Password_Password'

21-10-2025T18:47:26 - [TEST_STEP][PASSED] - click(findTestObject("Object Repository/Page_IdentityServer4/button_Login")): Object: 'Object Repository/Page_IdentityServer4/button_Login' is clicked on

21-10-2025T18:47:27 - [MESSAGE][PASSED] - Object: 'Object Repository/Page_IdentityServer4/button_Login' is clicked on

21-10-2025T18:47:27 - [TEST_STEP][PASSED] - delay(5): Delayed 5 second(s)

21-10-2025T18:47:32 - [MESSAGE][PASSED] - Delayed 5 second(s)

21-10-2025T18:47:32 - [MESSAGE][PASSED] - Call Test Case 'Test Cases/DES/DES Login' successfully

21-10-2025T18:47:32 - [TEST_STEP][PASSED] - setText(findTestObject("Object Repository/DES/Trading Partners Page/Search Trading Partner_input_txt"), "Katalon Transmissions"): Text 'Katalon Transmissions' is set on object 'Object Repository/DES/Trading Partners Page/Search Trading Partner_input_txt'

21-10-2025T18:47:33 - [MESSAGE][PASSED] - Text 'Katalon Transmissions' is set on object 'Object Repository/DES/Trading Partners Page/Search Trading Partner_input_txt'

21-10-2025T18:47:33 - [TEST_STEP][PASSED] - delay(5): Delayed 5 second(s)

21-10-2025T18:47:38 - [MESSAGE][PASSED] - Delayed 5 second(s)

21-10-2025T18:47:38 - [TEST_STEP][PASSED] - click(findTestObject("Object Repository/Page_data-exchange/button_View")): Object: 'Object Repository/Page_data-exchange/button_View' is clicked on

21-10-2025T18:47:38 - [MESSAGE][PASSED] - Object: 'Object Repository/Page_data-exchange/button_View' is clicked on

21-10-2025T18:47:38 - [TEST_STEP][PASSED] - delay(3): Delayed 3 second(s)

21-10-2025T18:47:41 - [MESSAGE][PASSED] - Delayed 3 second(s)

21-10-2025T18:47:41 - [TEST_STEP][PASSED] - click(findTestObject("Object Repository/Page_data-exchange/a_Subscription")): Object: 'Object Repository/Page_data-exchange/a_Subscription' is clicked on

21-10-2025T18:47:41 - [MESSAGE][PASSED] - Object: 'Object Repository/Page_data-exchange/a_Subscription' is clicked on

21-10-2025T18:47:41 - [TEST_STEP][PASSED] - delay(10): Delayed 10 second(s)

21-10-2025T18:47:51 - [MESSAGE][PASSED] - Delayed 10 second(s)

21-10-2025T18:47:51 - [TEST_STEP][PASSED] - click(findTestObject("Object Repository/Page_data-exchange/button_Select")): Object: 'Object Repository/Page_data-exchange/button_Select' is clicked on

21-10-2025T18:47:51 - [MESSAGE][PASSED] - Object: 'Object Repository/Page_data-exchange/button_Select' is clicked on

21-10-2025T18:47:51 - [TEST_STEP][PASSED] - delay(3): Delayed 3 second(s)

21-10-2025T18:47:54 - [MESSAGE][PASSED] - Delayed 3 second(s)

21-10-2025T18:47:54 - [TEST_STEP][PASSED] - click(findTestObject("Object Repository/Page_data-exchange/a_View")): Object: 'Object Repository/Page_data-exchange/a_View' is clicked on

21-10-2025T18:47:54 - [MESSAGE][PASSED] - Object: 'Object Repository/Page_data-exchange/a_View' is clicked on

21-10-2025T18:47:54 - [TEST_STEP][PASSED] - delay(3): Delayed 3 second(s)

21-10-2025T18:47:57 - [MESSAGE][PASSED] - Delayed 3 second(s)

21-10-2025T18:47:57 - [TEST_STEP][PASSED] - click(findTestObject("DES/Trading Partners Page/Subscription/Transmission/View Transmission_btn")): Object: 'Object Repository/DES/Trading Partners Page/Subscription/Transmission/View Transmission_btn' is clicked on

21-10-2025T18:47:57 - [MESSAGE][PASSED] - Object: 'Object Repository/DES/Trading Partners Page/Subscription/Transmission/View Transmission_btn' is clicked on

21-10-2025T18:47:57 - [TEST_STEP][PASSED] - waitForElementClickable(findTestObject("DES/Trading Partners Page/Subscription/Transmission/Edit_Transmission_btn"), 15): Web element with id: 'Object Repository/DES/Trading Partners Page/Subscription/Transmission/Edit_Transmission_btn' located by '//button[@id='editTransmissionButton']' not found

21-10-2025T18:48:13 - [MESSAGE][INFO] - Unable to find the element located by 'By.xpath: //button[@id='editTransmissionButton']'. Please recheck the objects properties to make sure the desired element is located. 

21-10-2025T18:48:13 - [MESSAGE][WARNING] - [SELF-HEALING] Failed to find element with id 'Object Repository/DES/Trading Partners Page/Subscription/Transmission/Edit_Transmission_btn'. Try using Self-healing.

21-10-2025T18:48:14 - [MESSAGE][INFO] - [SELF-HEALING] No working XPath is found.

21-10-2025T18:48:16 - [MESSAGE][INFO] - Unable to find the element located by 'By.xpath: '. Please recheck the objects properties to make sure the desired element is located. 

21-10-2025T18:48:16 - [MESSAGE][WARNING] - [SELF-HEALING] Cannot find elements when the selector is null

21-10-2025T18:48:16 - [MESSAGE][WARNING] - Web element with id: 'Object Repository/DES/Trading Partners Page/Subscription/Transmission/Edit_Transmission_btn' located by '//button[@id='editTransmissionButton']' not found

21-10-2025T18:48:16 - [TEST_STEP][FAILED] - click(findTestObject("DES/Trading Partners Page/Subscription/Transmission/Edit_Transmission_btn")): Unable to click on object 'Object Repository/DES/Trading Partners Page/Subscription/Transmission/Edit_Transmission_btn' (Root cause: com.kms.katalon.core.exception.StepFailedException: Unable to click on object 'Object Repository/DES/Trading Partners Page/Subscription/Transmission/Edit_Transmission_btn'
	at com.kms.katalon.core.webui.keyword.internal.WebUIKeywordMain.stepFailed(WebUIKeywordMain.groovy:117)
	at com.kms.katalon.core.webui.keyword.internal.WebUIKeywordMain.runKeyword(WebUIKeywordMain.groovy:43)
	at com.kms.katalon.core.webui.keyword.builtin.ClickKeyword.click(ClickKeyword.groovy:74)
	at com.kms.katalon.core.webui.keyword.builtin.ClickKeyword.execute(ClickKeyword.groovy:40)
	at com.kms.katalon.core.keyword.internal.KeywordExecutor.executeKeywordForPlatform(KeywordExecutor.groovy:74)
	at com.kms.katalon.core.webui.keyword.WebUiBuiltInKeywords.click(WebUiBuiltInKeywords.groovy:659)
	at com.kms.katalon.core.webui.keyword.WebUiBuiltInKeywords$click$4.call(Unknown Source)
	at AddEmailAddressToExistingTransmission.run(AddEmailAddressToExistingTransmission:49)
	at com.kms.katalon.core.main.ScriptEngine.run(ScriptEngine.java:194)
	at com.kms.katalon.core.main.ScriptEngine.runScriptAsRawText(ScriptEngine.java:119)
	at com.kms.katalon.core.main.TestCaseExecutor.runScript(TestCaseExecutor.java:448)
	at com.kms.katalon.core.main.TestCaseExecutor.doExecute(TestCaseExecutor.java:439)
	at com.kms.katalon.core.main.TestCaseExecutor.processExecutionPhase(TestCaseExecutor.java:418)
	at com.kms.katalon.core.main.TestCaseExecutor.accessMainPhase(TestCaseExecutor.java:410)
	at com.kms.katalon.core.main.TestCaseExecutor.execute(TestCaseExecutor.java:285)
	at com.kms.katalon.core.common.CommonExecutor.accessTestCaseMainPhase(CommonExecutor.java:65)
	at com.kms.katalon.core.main.TestSuiteExecutor.accessTestSuiteMainPhase(TestSuiteExecutor.java:150)
	at com.kms.katalon.core.main.TestSuiteExecutor.execute(TestSuiteExecutor.java:106)
	at com.kms.katalon.core.main.TestCaseMain.startTestSuite(TestCaseMain.java:180)
	at com.kms.katalon.core.main.TestCaseMain$startTestSuite$0.call(Unknown Source)
	at TempTestSuite1761084128061.run(TempTestSuite1761084128061.groovy:35)
	at java.base/jdk.internal.reflect.NativeMethodAccessorImpl.invoke0(Native Method)
	at java.base/jdk.internal.reflect.NativeMethodAccessorImpl.invoke(NativeMethodAccessorImpl.java:77)
	at java.base/jdk.internal.reflect.DelegatingMethodAccessorImpl.invoke(DelegatingMethodAccessorImpl.java:43)
Caused by: com.kms.katalon.core.webui.exception.WebElementNotFoundException: Web element with id: 'Object Repository/DES/Trading Partners Page/Subscription/Transmission/Edit_Transmission_btn' located by '//button[@id='editTransmissionButton']' not found
	at com.kms.katalon.core.webui.common.WebUiCommonHelper.findWebElement(WebUiCommonHelper.java:1423)
	at com.kms.katalon.core.webui.keyword.internal.WebUIAbstractKeyword.findWebElement(WebUIAbstractKeyword.groovy:27)
	at com.kms.katalon.core.webui.keyword.builtin.ClickKeyword$_click_closure1.doCall(ClickKeyword.groovy:65)
	at com.kms.katalon.core.webui.keyword.builtin.ClickKeyword$_click_closure1.call(ClickKeyword.groovy)
	at com.kms.katalon.core.webui.keyword.internal.WebUIKeywordMain.runKeyword(WebUIKeywordMain.groovy:35)
	at com.kms.katalon.core.webui.keyword.builtin.ClickKeyword.click(ClickKeyword.groovy:74)
	at com.kms.katalon.core.webui.keyword.builtin.ClickKeyword.execute(ClickKeyword.groovy:40)
	at com.kms.katalon.core.keyword.internal.KeywordExecutor.executeKeywordForPlatform(KeywordExecutor.groovy:74)
	at com.kms.katalon.core.webui.keyword.WebUiBuiltInKeywords.click(WebUiBuiltInKeywords.groovy:659)
	at com.kms.katalon.core.webui.keyword.WebUiBuiltInKeywords$click$4.call(Unknown Source)
	at Script1683814729027.run(Script1683814729027.groovy:49)
	... 16 more
)

21-10-2025T18:48:32 - [MESSAGE][INFO] - Unable to find the element located by 'By.xpath: //button[@id='editTransmissionButton']'. Please recheck the objects properties to make sure the desired element is located. 

21-10-2025T18:48:32 - [MESSAGE][WARNING] - [SELF-HEALING] Failed to find element with id 'Object Repository/DES/Trading Partners Page/Subscription/Transmission/Edit_Transmission_btn'. Try using Self-healing.

21-10-2025T18:48:33 - [MESSAGE][INFO] - [SELF-HEALING] No working XPath is found.

21-10-2025T18:48:35 - [MESSAGE][INFO] - Unable to find the element located by 'By.xpath: '. Please recheck the objects properties to make sure the desired element is located. 

21-10-2025T18:48:35 - [MESSAGE][WARNING] - [SELF-HEALING] Cannot find elements when the selector is null

21-10-2025T18:48:35 - [MESSAGE][FAILED] - Unable to click on object 'Object Repository/DES/Trading Partners Page/Subscription/Transmission/Edit_Transmission_btn' (Root cause: com.kms.katalon.core.exception.StepFailedException: Unable to click on object 'Object Repository/DES/Trading Partners Page/Subscription/Transmission/Edit_Transmission_btn'
	at com.kms.katalon.core.webui.keyword.internal.WebUIKeywordMain.stepFailed(WebUIKeywordMain.groovy:117)
	at com.kms.katalon.core.webui.keyword.internal.WebUIKeywordMain.runKeyword(WebUIKeywordMain.groovy:43)
	at com.kms.katalon.core.webui.keyword.builtin.ClickKeyword.click(ClickKeyword.groovy:74)
	at com.kms.katalon.core.webui.keyword.builtin.ClickKeyword.execute(ClickKeyword.groovy:40)
	at com.kms.katalon.core.keyword.internal.KeywordExecutor.executeKeywordForPlatform(KeywordExecutor.groovy:74)
	at com.kms.katalon.core.webui.keyword.WebUiBuiltInKeywords.click(WebUiBuiltInKeywords.groovy:659)
	at com.kms.katalon.core.webui.keyword.WebUiBuiltInKeywords$click$4.call(Unknown Source)
	at AddEmailAddressToExistingTransmission.run(AddEmailAddressToExistingTransmission:49)
	at com.kms.katalon.core.main.ScriptEngine.run(ScriptEngine.java:194)
	at com.kms.katalon.core.main.ScriptEngine.runScriptAsRawText(ScriptEngine.java:119)
	at com.kms.katalon.core.main.TestCaseExecutor.runScript(TestCaseExecutor.java:448)
	at com.kms.katalon.core.main.TestCaseExecutor.doExecute(TestCaseExecutor.java:439)
	at com.kms.katalon.core.main.TestCaseExecutor.processExecutionPhase(TestCaseExecutor.java:418)
	at com.kms.katalon.core.main.TestCaseExecutor.accessMainPhase(TestCaseExecutor.java:410)
	at com.kms.katalon.core.main.TestCaseExecutor.execute(TestCaseExecutor.java:285)
	at com.kms.katalon.core.common.CommonExecutor.accessTestCaseMainPhase(CommonExecutor.java:65)
	at com.kms.katalon.core.main.TestSuiteExecutor.accessTestSuiteMainPhase(TestSuiteExecutor.java:150)
	at com.kms.katalon.core.main.TestSuiteExecutor.execute(TestSuiteExecutor.java:106)
	at com.kms.katalon.core.main.TestCaseMain.startTestSuite(TestCaseMain.java:180)
	at com.kms.katalon.core.main.TestCaseMain$startTestSuite$0.call(Unknown Source)
	at TempTestSuite1761084128061.run(TempTestSuite1761084128061.groovy:35)
	at java.base/jdk.internal.reflect.NativeMethodAccessorImpl.invoke0(Native Method)
	at java.base/jdk.internal.reflect.NativeMethodAccessorImpl.invoke(NativeMethodAccessorImpl.java:77)
	at java.base/jdk.internal.reflect.DelegatingMethodAccessorImpl.invoke(DelegatingMethodAccessorImpl.java:43)
Caused by: com.kms.katalon.core.webui.exception.WebElementNotFoundException: Web element with id: 'Object Repository/DES/Trading Partners Page/Subscription/Transmission/Edit_Transmission_btn' located by '//button[@id='editTransmissionButton']' not found
	at com.kms.katalon.core.webui.common.WebUiCommonHelper.findWebElement(WebUiCommonHelper.java:1423)
	at com.kms.katalon.core.webui.keyword.internal.WebUIAbstractKeyword.findWebElement(WebUIAbstractKeyword.groovy:27)
	at com.kms.katalon.core.webui.keyword.builtin.ClickKeyword$_click_closure1.doCall(ClickKeyword.groovy:65)
	at com.kms.katalon.core.webui.keyword.builtin.ClickKeyword$_click_closure1.call(ClickKeyword.groovy)
	at com.kms.katalon.core.webui.keyword.internal.WebUIKeywordMain.runKeyword(WebUIKeywordMain.groovy:35)
	at com.kms.katalon.core.webui.keyword.builtin.ClickKeyword.click(ClickKeyword.groovy:74)
	at com.kms.katalon.core.webui.keyword.builtin.ClickKeyword.execute(ClickKeyword.groovy:40)
	at com.kms.katalon.core.keyword.internal.KeywordExecutor.executeKeywordForPlatform(KeywordExecutor.groovy:74)
	at com.kms.katalon.core.webui.keyword.WebUiBuiltInKeywords.click(WebUiBuiltInKeywords.groovy:659)
	at com.kms.katalon.core.webui.keyword.WebUiBuiltInKeywords$click$4.call(Unknown Source)
	at Script1683814729027.run(Script1683814729027.groovy:49)
	... 16 more
)

21-10-2025T18:48:35 - [TEST_STEP][PASSED] - Start listener action : retryOnDisconnect: Current window's url is: 'https://dx-portal.qa.thekag.com/admin/partner/613287f8-0c47-479b-001b-08daa17d77bd/subscription/12238/transmissiondetails/4034?from=edit-subscription'

21-10-2025T18:48:35 - [TEST_STEP][PASSED] - tcId = testCaseContext.getTestCaseId(): null

21-10-2025T18:48:35 - [TEST_STEP][PASSED] - currentRetry = retryCounts.getOrDefault(tcId, 0): null

21-10-2025T18:48:35 - [TEST_STEP][PASSED] - if (testCaseContext.getTestCaseStatus() == "FAILED" && currentRetry < MAX_RETRIES): Current window's url is: 'https://dx-portal.qa.thekag.com/admin/partner/613287f8-0c47-479b-001b-08daa17d77bd/subscription/12238/transmissiondetails/4034?from=edit-subscription'

21-10-2025T18:48:35 - [TEST_STEP][PASSED] - try: Current window's url is: 'https://dx-portal.qa.thekag.com/admin/partner/613287f8-0c47-479b-001b-08daa17d77bd/subscription/12238/transmissiondetails/4034?from=edit-subscription'

21-10-2025T18:48:35 - [TEST_STEP][PASSED] - comment(Checking for WebDriver disconnect for test case: $tcId): Checking for WebDriver disconnect for test case: Test Cases/DES/Trading Partners Page/Subscription/Transmission/AddEmailAddressToExistingTransmission

21-10-2025T18:48:35 - [MESSAGE][INFO] - Checking for WebDriver disconnect for test case: Test Cases/DES/Trading Partners Page/Subscription/Transmission/AddEmailAddressToExistingTransmission

21-10-2025T18:48:35 - [TEST_STEP][PASSED] - getUrl(): Current window's url is: 'https://dx-portal.qa.thekag.com/admin/partner/613287f8-0c47-479b-001b-08daa17d77bd/subscription/12238/transmissiondetails/4034?from=edit-subscription'

21-10-2025T18:48:35 - [MESSAGE][PASSED] - Current window's url is: 'https://dx-portal.qa.thekag.com/admin/partner/613287f8-0c47-479b-001b-08daa17d77bd/subscription/12238/transmissiondetails/4034?from=edit-subscription']]></system-out>
         <system-err><![CDATA[21-10-2025T18:47:10 - [TEST_CASE][FAILED] - Test Cases/DES/Trading Partners Page/Subscription/Transmission/AddEmailAddressToExistingTransmission: Test Cases/DES/Trading Partners Page/Subscription/Transmission/AddEmailAddressToExistingTransmission FAILED.
Reason:
com.kms.katalon.core.exception.StepFailedException: Unable to click on object 'Object Repository/DES/Trading Partners Page/Subscription/Transmission/Edit_Transmission_btn'
	at com.kms.katalon.core.webui.keyword.internal.WebUIKeywordMain.stepFailed(WebUIKeywordMain.groovy:117)
	at com.kms.katalon.core.webui.keyword.internal.WebUIKeywordMain.runKeyword(WebUIKeywordMain.groovy:43)
	at com.kms.katalon.core.webui.keyword.builtin.ClickKeyword.click(ClickKeyword.groovy:74)
	at com.kms.katalon.core.webui.keyword.builtin.ClickKeyword.execute(ClickKeyword.groovy:40)
	at com.kms.katalon.core.keyword.internal.KeywordExecutor.executeKeywordForPlatform(KeywordExecutor.groovy:74)
	at com.kms.katalon.core.webui.keyword.WebUiBuiltInKeywords.click(WebUiBuiltInKeywords.groovy:659)
	at com.kms.katalon.core.webui.keyword.WebUiBuiltInKeywords$click$4.call(Unknown Source)
	at AddEmailAddressToExistingTransmission.run(AddEmailAddressToExistingTransmission:49)
	at com.kms.katalon.core.main.ScriptEngine.run(ScriptEngine.java:194)
	at com.kms.katalon.core.main.ScriptEngine.runScriptAsRawText(ScriptEngine.java:119)
	at com.kms.katalon.core.main.TestCaseExecutor.runScript(TestCaseExecutor.java:448)
	at com.kms.katalon.core.main.TestCaseExecutor.doExecute(TestCaseExecutor.java:439)
	at com.kms.katalon.core.main.TestCaseExecutor.processExecutionPhase(TestCaseExecutor.java:418)
	at com.kms.katalon.core.main.TestCaseExecutor.accessMainPhase(TestCaseExecutor.java:410)
	at com.kms.katalon.core.main.TestCaseExecutor.execute(TestCaseExecutor.java:285)
	at com.kms.katalon.core.common.CommonExecutor.accessTestCaseMainPhase(CommonExecutor.java:65)
	at com.kms.katalon.core.main.TestSuiteExecutor.accessTestSuiteMainPhase(TestSuiteExecutor.java:150)
	at com.kms.katalon.core.main.TestSuiteExecutor.execute(TestSuiteExecutor.java:106)
	at com.kms.katalon.core.main.TestCaseMain.startTestSuite(TestCaseMain.java:180)
	at com.kms.katalon.core.main.TestCaseMain$startTestSuite$0.call(Unknown Source)
	at TempTestSuite1761084128061.run(TempTestSuite1761084128061.groovy:35)
	at java.base/jdk.internal.reflect.NativeMethodAccessorImpl.invoke0(Native Method)
	at java.base/jdk.internal.reflect.NativeMethodAccessorImpl.invoke(NativeMethodAccessorImpl.java:77)
	at java.base/jdk.internal.reflect.DelegatingMethodAccessorImpl.invoke(DelegatingMethodAccessorImpl.java:43)
Caused by: com.kms.katalon.core.webui.exception.WebElementNotFoundException: Web element with id: 'Object Repository/DES/Trading Partners Page/Subscription/Transmission/Edit_Transmission_btn' located by '//button[@id='editTransmissionButton']' not found
	at com.kms.katalon.core.webui.common.WebUiCommonHelper.findWebElement(WebUiCommonHelper.java:1423)
	at com.kms.katalon.core.webui.keyword.internal.WebUIAbstractKeyword.findWebElement(WebUIAbstractKeyword.groovy:27)
	at com.kms.katalon.core.webui.keyword.builtin.ClickKeyword$_click_closure1.doCall(ClickKeyword.groovy:65)
	at com.kms.katalon.core.webui.keyword.builtin.ClickKeyword$_click_closure1.call(ClickKeyword.groovy)
	at com.kms.katalon.core.webui.keyword.internal.WebUIKeywordMain.runKeyword(WebUIKeywordMain.groovy:35)
	... 22 more]]></system-err>
      </testcase>
      <testcase name="Test Cases/DES/Trading Partners Page/Subscription/Transmission/AddFTPTransmission" time="87.439" classname="Test Cases/DES/Trading Partners Page/Subscription/Transmission/AddFTPTransmission" status="PASSED">
         <system-out><![CDATA[21-10-2025T18:48:35 - [TEST_CASE][PASSED] - Test Cases/DES/Trading Partners Page/Subscription/Transmission/AddFTPTransmission: Test Cases/DES/Trading Partners Page/Subscription/Transmission/AddFTPTransmission

21-10-2025T18:48:35 - [TEST_STEP][PASSED] - Start listener action : beforeTestCase: null

21-10-2025T18:48:35 - [TEST_STEP][PASSED] - addDefaultPackages(): null

21-10-2025T18:48:35 - [TEST_STEP][PASSED] - callTestCase(findTestCase("DES/DES Login"), [:], STOP_ON_FAILURE): Call Test Case 'Test Cases/DES/DES Login' successfully

21-10-2025T18:48:35 - [TEST_CASE][PASSED] - Test Cases/DES/DES Login: Test Cases/DES/DES Login

21-10-2025T18:48:35 - [TEST_STEP][PASSED] - openBrowser(""): Browser is opened with url: ''

21-10-2025T18:48:35 - [MESSAGE][WARNING] - A browser is already opened. Closing browser and opening a new one

21-10-2025T18:48:36 - [MESSAGE][INFO] - Starting 'Chrome' driver

21-10-2025T18:48:36 - [MESSAGE][INFO] - User set preference: ['args', '[--no-sandbox, --disable-gpu, --disable-dev-shm-usage]']

21-10-2025T18:48:36 - [MESSAGE][INFO] - Action delay is set to 0 milliseconds

21-10-2025T18:48:36 - [MESSAGE][PASSED] - Browser is opened with url: ''

21-10-2025T18:48:36 - [TEST_STEP][PASSED] - maximizeWindow(): Current window maximized

21-10-2025T18:48:36 - [MESSAGE][PASSED] - Current window maximized

21-10-2025T18:48:36 - [TEST_STEP][PASSED] - delay(10): Delayed 10 second(s)

21-10-2025T18:48:46 - [MESSAGE][PASSED] - Delayed 10 second(s)

21-10-2025T18:48:46 - [TEST_STEP][PASSED] - navigateToUrl("https://dx-portal.qa.thekag.com/"): Navigate to 'https://dx-portal.qa.thekag.com/' successfully

21-10-2025T18:48:47 - [MESSAGE][PASSED] - Navigate to 'https://dx-portal.qa.thekag.com/' successfully

21-10-2025T18:48:47 - [TEST_STEP][PASSED] - delay(5): Delayed 5 second(s)

21-10-2025T18:48:52 - [MESSAGE][PASSED] - Delayed 5 second(s)

21-10-2025T18:48:52 - [TEST_STEP][PASSED] - setText(findTestObject("Object Repository/Page_IdentityServer4/input_Username (e.g. email address)_Username"), "Chris.Sheldon+DES_QA@Thekag.com"): Text 'Chris.Sheldon+DES_QA@Thekag.com' is set on object 'Object Repository/Page_IdentityServer4/input_Username (e.g. email address)_Username'

21-10-2025T18:48:52 - [MESSAGE][PASSED] - Text 'Chris.Sheldon+DES_QA@Thekag.com' is set on object 'Object Repository/Page_IdentityServer4/input_Username (e.g. email address)_Username'

21-10-2025T18:48:52 - [TEST_STEP][PASSED] - setEncryptedText(findTestObject("Page_IdentityServer4/input_Password_Password"), "BtpyPJuZxPz9EFo3Zi2c4Q=="): Text ****** has been set on object 'Object Repository/Page_IdentityServer4/input_Password_Password'

21-10-2025T18:48:52 - [MESSAGE][PASSED] - Text ****** has been set on object 'Object Repository/Page_IdentityServer4/input_Password_Password'

21-10-2025T18:48:52 - [TEST_STEP][PASSED] - click(findTestObject("Object Repository/Page_IdentityServer4/button_Login")): Object: 'Object Repository/Page_IdentityServer4/button_Login' is clicked on

21-10-2025T18:48:52 - [MESSAGE][PASSED] - Object: 'Object Repository/Page_IdentityServer4/button_Login' is clicked on

21-10-2025T18:48:52 - [TEST_STEP][PASSED] - delay(5): Delayed 5 second(s)

21-10-2025T18:48:57 - [MESSAGE][PASSED] - Delayed 5 second(s)

21-10-2025T18:48:57 - [MESSAGE][PASSED] - Call Test Case 'Test Cases/DES/DES Login' successfully

21-10-2025T18:48:57 - [TEST_STEP][PASSED] - setText(findTestObject("Object Repository/DES/Trading Partners Page/Search Trading Partner_input_txt"), "Katalon Transmissions"): Text 'Katalon Transmissions' is set on object 'Object Repository/DES/Trading Partners Page/Search Trading Partner_input_txt'

21-10-2025T18:48:58 - [MESSAGE][PASSED] - Text 'Katalon Transmissions' is set on object 'Object Repository/DES/Trading Partners Page/Search Trading Partner_input_txt'

21-10-2025T18:48:58 - [TEST_STEP][PASSED] - delay(5): Delayed 5 second(s)

21-10-2025T18:49:03 - [MESSAGE][PASSED] - Delayed 5 second(s)

21-10-2025T18:49:03 - [TEST_STEP][PASSED] - click(findTestObject("Object Repository/DES/Page_data-exchange/button_View")): Object: 'Object Repository/DES/Page_data-exchange/button_View' is clicked on

21-10-2025T18:49:03 - [MESSAGE][PASSED] - Object: 'Object Repository/DES/Page_data-exchange/button_View' is clicked on

21-10-2025T18:49:03 - [TEST_STEP][PASSED] - delay(3): Delayed 3 second(s)

21-10-2025T18:49:06 - [MESSAGE][PASSED] - Delayed 3 second(s)

21-10-2025T18:49:06 - [TEST_STEP][PASSED] - click(findTestObject("Object Repository/DES/Page_data-exchange/a_Subscription")): Object: 'Object Repository/DES/Page_data-exchange/a_Subscription' is clicked on

21-10-2025T18:49:06 - [MESSAGE][PASSED] - Object: 'Object Repository/DES/Page_data-exchange/a_Subscription' is clicked on

21-10-2025T18:49:06 - [TEST_STEP][PASSED] - delay(15): Delayed 15 second(s)

21-10-2025T18:49:21 - [MESSAGE][PASSED] - Delayed 15 second(s)

21-10-2025T18:49:21 - [TEST_STEP][PASSED] - click(findTestObject("Object Repository/DES/Page_data-exchange/button_Select")): Object: 'Object Repository/DES/Page_data-exchange/button_Select' is clicked on

21-10-2025T18:49:37 - [MESSAGE][INFO] - Unable to find the element located by 'By.xpath: (.//*[normalize-space(text()) and normalize-space(.)='Angel Andonov'])[1]/following::button[1]'. Please recheck the objects properties to make sure the desired element is located. 

21-10-2025T18:49:37 - [MESSAGE][WARNING] - [SELF-HEALING] Failed to find element with id 'Object Repository/DES/Page_data-exchange/button_Select'. Try using Self-healing.

21-10-2025T18:49:37 - [MESSAGE][INFO] - [SELF-HEALING] Failed Locator: '(.//*[normalize-space(text()) and normalize-space(.)='Angel Andonov'])[1]/following::button[1]'.

21-10-2025T18:49:37 - [MESSAGE][INFO] - [SELF-HEALING] Working Locator: '(.//*[normalize-space(text()) and normalize-space(.)='Last Modified By:'])[1]/following::button[1]'.

21-10-2025T18:49:37 - [MESSAGE][INFO] - [SELF-HEALING] Screenshot: D:/ADOagent/vsts-agent-win-x64-2.217.2/_work/819/s/Reports/Self-healing/Object Repository/DES/Page_data-exchange/button_Select_neighbor.png

21-10-2025T18:49:37 - [MESSAGE][WARNING] - [SELF-HEALING] The current locator of test object 'Object Repository/DES/Page_data-exchange/button_Select' was broken. Propose an alternative one: '(.//*[normalize-space(text()) and normalize-space(.)='Last Modified By:'])[1]/following::button[1]'.

21-10-2025T18:49:38 - [MESSAGE][PASSED] - Object: 'Object Repository/DES/Page_data-exchange/button_Select' is clicked on

21-10-2025T18:49:38 - [TEST_STEP][PASSED] - delay(5): Delayed 5 second(s)

21-10-2025T18:49:43 - [MESSAGE][PASSED] - Delayed 5 second(s)

21-10-2025T18:49:43 - [TEST_STEP][PASSED] - click(findTestObject("Object Repository/DES/Page_data-exchange/a_View")): Object: 'Object Repository/DES/Page_data-exchange/a_View' is clicked on

21-10-2025T18:49:43 - [MESSAGE][PASSED] - Object: 'Object Repository/DES/Page_data-exchange/a_View' is clicked on

21-10-2025T18:49:43 - [TEST_STEP][PASSED] - delay(5): Delayed 5 second(s)

21-10-2025T18:49:48 - [MESSAGE][PASSED] - Delayed 5 second(s)

21-10-2025T18:49:48 - [TEST_STEP][PASSED] - click(findTestObject("Object Repository/DES/Page_data-exchange/button_Add Transmission")): Object: 'Object Repository/DES/Page_data-exchange/button_Add Transmission' is clicked on

21-10-2025T18:49:48 - [MESSAGE][PASSED] - Object: 'Object Repository/DES/Page_data-exchange/button_Add Transmission' is clicked on

21-10-2025T18:49:48 - [TEST_STEP][PASSED] - delay(5): Delayed 5 second(s)

21-10-2025T18:49:53 - [MESSAGE][PASSED] - Delayed 5 second(s)

21-10-2025T18:49:53 - [TEST_STEP][PASSED] - selectOptionByValue(findTestObject("Object Repository/DES/Page_data-exchange/select_Select.EmailFile Transfer ProtocolNe_92efe9"), "4", true): All options with value '4' are selected in object 'Object Repository/DES/Page_data-exchange/select_Select.EmailFile Transfer ProtocolNe_92efe9'  using regular expression

21-10-2025T18:49:53 - [MESSAGE][PASSED] - All options with value '4' are selected in object 'Object Repository/DES/Page_data-exchange/select_Select.EmailFile Transfer ProtocolNe_92efe9'  using regular expression

21-10-2025T18:49:53 - [TEST_STEP][PASSED] - delay(2): Delayed 2 second(s)

21-10-2025T18:49:55 - [MESSAGE][PASSED] - Delayed 2 second(s)

21-10-2025T18:49:55 - [TEST_STEP][PASSED] - selectOptionByValue(findTestObject("Object Repository/DES/Page_data-exchange/select_Select.DTNDelimitedEDIImage"), "3", true): All options with value '3' are selected in object 'Object Repository/DES/Page_data-exchange/select_Select.DTNDelimitedEDIImage'  using regular expression

21-10-2025T18:49:55 - [MESSAGE][PASSED] - All options with value '3' are selected in object 'Object Repository/DES/Page_data-exchange/select_Select.DTNDelimitedEDIImage'  using regular expression

21-10-2025T18:49:55 - [TEST_STEP][PASSED] - delay(2): Delayed 2 second(s)

21-10-2025T18:49:57 - [MESSAGE][PASSED] - Delayed 2 second(s)

21-10-2025T18:49:57 - [TEST_STEP][PASSED] - selectOptionByValue(findTestObject("Object Repository/DES/Page_data-exchange/select_Select.Comma Delimited (csv)Excel 20_77c029"), "3", true): All options with value '3' are selected in object 'Object Repository/DES/Page_data-exchange/select_Select.Comma Delimited (csv)Excel 20_77c029'  using regular expression

21-10-2025T18:49:57 - [MESSAGE][PASSED] - All options with value '3' are selected in object 'Object Repository/DES/Page_data-exchange/select_Select.Comma Delimited (csv)Excel 20_77c029'  using regular expression

21-10-2025T18:49:57 - [TEST_STEP][PASSED] - click(findTestObject("Object Repository/DES/Page_data-exchange/button_Save")): Object: 'Object Repository/DES/Page_data-exchange/button_Save' is clicked on

21-10-2025T18:49:58 - [MESSAGE][PASSED] - Object: 'Object Repository/DES/Page_data-exchange/button_Save' is clicked on

21-10-2025T18:49:58 - [TEST_STEP][PASSED] - delay(5): Delayed 5 second(s)

21-10-2025T18:50:03 - [MESSAGE][PASSED] - Delayed 5 second(s)

21-10-2025T18:50:03 - [TEST_STEP][PASSED] - verifyElementText(findTestObject("Object Repository/DES/Page_data-exchange/span_File Transfer Protocol"), "File Transfer Protocol"): Actual text and expected text of test object 'Object Repository/DES/Page_data-exchange/span_File Transfer Protocol' are matched.

21-10-2025T18:50:03 - [MESSAGE][PASSED] - Actual text and expected text of test object 'Object Repository/DES/Page_data-exchange/span_File Transfer Protocol' are matched.

21-10-2025T18:50:03 - [TEST_STEP][PASSED] - verifyElementText(findTestObject("Object Repository/DES/Page_data-exchange/button_Edit Transmission"), "Edit Transmission"): Actual text and expected text of test object 'Object Repository/DES/Page_data-exchange/button_Edit Transmission' are matched.

21-10-2025T18:50:03 - [MESSAGE][PASSED] - Actual text and expected text of test object 'Object Repository/DES/Page_data-exchange/button_Edit Transmission' are matched.

21-10-2025T18:50:03 - [TEST_STEP][PASSED] - closeBrowser(): Browser is closed

21-10-2025T18:50:03 - [MESSAGE][PASSED] - Browser is closed

21-10-2025T18:50:03 - [TEST_STEP][PASSED] - Start listener action : retryOnDisconnect: null

21-10-2025T18:50:03 - [TEST_STEP][PASSED] - tcId = testCaseContext.getTestCaseId(): null

21-10-2025T18:50:03 - [TEST_STEP][PASSED] - currentRetry = retryCounts.getOrDefault(tcId, 0): null

21-10-2025T18:50:03 - [TEST_STEP][PASSED] - if (testCaseContext.getTestCaseStatus() == "FAILED" && currentRetry < MAX_RETRIES): null]]></system-out>
         <system-err><![CDATA[]]></system-err>
      </testcase>
      <testcase name="Test Cases/DES/Trading Partners Page/Subscription/Transmission/AddNetworkShareTransmission" time="112.63" classname="Test Cases/DES/Trading Partners Page/Subscription/Transmission/AddNetworkShareTransmission" status="PASSED">
         <system-out><![CDATA[21-10-2025T18:50:03 - [TEST_CASE][PASSED] - Test Cases/DES/Trading Partners Page/Subscription/Transmission/AddNetworkShareTransmission: Test Cases/DES/Trading Partners Page/Subscription/Transmission/AddNetworkShareTransmission

21-10-2025T18:50:03 - [TEST_STEP][PASSED] - Start listener action : beforeTestCase: null

21-10-2025T18:50:03 - [TEST_STEP][PASSED] - addDefaultPackages(): null

21-10-2025T18:50:03 - [TEST_STEP][PASSED] - callTestCase(findTestCase("DES/DES Login"), [:], STOP_ON_FAILURE): Call Test Case 'Test Cases/DES/DES Login' successfully

21-10-2025T18:50:03 - [TEST_CASE][PASSED] - Test Cases/DES/DES Login: Test Cases/DES/DES Login

21-10-2025T18:50:03 - [TEST_STEP][PASSED] - openBrowser(""): Browser is opened with url: ''

21-10-2025T18:50:03 - [MESSAGE][INFO] - Starting 'Chrome' driver

21-10-2025T18:50:03 - [MESSAGE][INFO] - User set preference: ['args', '[--no-sandbox, --disable-gpu, --disable-dev-shm-usage]']

21-10-2025T18:50:03 - [MESSAGE][INFO] - Action delay is set to 0 milliseconds

21-10-2025T18:50:04 - [MESSAGE][PASSED] - Browser is opened with url: ''

21-10-2025T18:50:04 - [TEST_STEP][PASSED] - maximizeWindow(): Current window maximized

21-10-2025T18:50:04 - [MESSAGE][PASSED] - Current window maximized

21-10-2025T18:50:04 - [TEST_STEP][PASSED] - delay(10): Delayed 10 second(s)

21-10-2025T18:50:14 - [MESSAGE][PASSED] - Delayed 10 second(s)

21-10-2025T18:50:14 - [TEST_STEP][PASSED] - navigateToUrl("https://dx-portal.qa.thekag.com/"): Navigate to 'https://dx-portal.qa.thekag.com/' successfully

21-10-2025T18:50:14 - [MESSAGE][PASSED] - Navigate to 'https://dx-portal.qa.thekag.com/' successfully

21-10-2025T18:50:14 - [TEST_STEP][PASSED] - delay(5): Delayed 5 second(s)

21-10-2025T18:50:19 - [MESSAGE][PASSED] - Delayed 5 second(s)

21-10-2025T18:50:19 - [TEST_STEP][PASSED] - setText(findTestObject("Object Repository/Page_IdentityServer4/input_Username (e.g. email address)_Username"), "Chris.Sheldon+DES_QA@Thekag.com"): Text 'Chris.Sheldon+DES_QA@Thekag.com' is set on object 'Object Repository/Page_IdentityServer4/input_Username (e.g. email address)_Username'

21-10-2025T18:50:19 - [MESSAGE][PASSED] - Text 'Chris.Sheldon+DES_QA@Thekag.com' is set on object 'Object Repository/Page_IdentityServer4/input_Username (e.g. email address)_Username'

21-10-2025T18:50:19 - [TEST_STEP][PASSED] - setEncryptedText(findTestObject("Page_IdentityServer4/input_Password_Password"), "BtpyPJuZxPz9EFo3Zi2c4Q=="): Text ****** has been set on object 'Object Repository/Page_IdentityServer4/input_Password_Password'

21-10-2025T18:50:19 - [MESSAGE][PASSED] - Text ****** has been set on object 'Object Repository/Page_IdentityServer4/input_Password_Password'

21-10-2025T18:50:19 - [TEST_STEP][PASSED] - click(findTestObject("Object Repository/Page_IdentityServer4/button_Login")): Object: 'Object Repository/Page_IdentityServer4/button_Login' is clicked on

21-10-2025T18:50:19 - [MESSAGE][PASSED] - Object: 'Object Repository/Page_IdentityServer4/button_Login' is clicked on

21-10-2025T18:50:19 - [TEST_STEP][PASSED] - delay(5): Delayed 5 second(s)

21-10-2025T18:50:24 - [MESSAGE][PASSED] - Delayed 5 second(s)

21-10-2025T18:50:24 - [MESSAGE][PASSED] - Call Test Case 'Test Cases/DES/DES Login' successfully

21-10-2025T18:50:24 - [TEST_STEP][PASSED] - setText(findTestObject("Object Repository/DES/Trading Partners Page/Search Trading Partner_input_txt"), "Katalon Transmissions"): Text 'Katalon Transmissions' is set on object 'Object Repository/DES/Trading Partners Page/Search Trading Partner_input_txt'

21-10-2025T18:50:25 - [MESSAGE][PASSED] - Text 'Katalon Transmissions' is set on object 'Object Repository/DES/Trading Partners Page/Search Trading Partner_input_txt'

21-10-2025T18:50:25 - [TEST_STEP][PASSED] - delay(5): Delayed 5 second(s)

21-10-2025T18:50:30 - [MESSAGE][PASSED] - Delayed 5 second(s)

21-10-2025T18:50:30 - [TEST_STEP][PASSED] - click(findTestObject("Object Repository/DES/Page_data-exchange/button_View")): Object: 'Object Repository/DES/Page_data-exchange/button_View' is clicked on

21-10-2025T18:50:30 - [MESSAGE][PASSED] - Object: 'Object Repository/DES/Page_data-exchange/button_View' is clicked on

21-10-2025T18:50:30 - [TEST_STEP][PASSED] - delay(3): Delayed 3 second(s)

21-10-2025T18:50:33 - [MESSAGE][PASSED] - Delayed 3 second(s)

21-10-2025T18:50:33 - [TEST_STEP][PASSED] - click(findTestObject("Object Repository/DES/Page_data-exchange/a_Subscription")): Object: 'Object Repository/DES/Page_data-exchange/a_Subscription' is clicked on

21-10-2025T18:50:33 - [MESSAGE][PASSED] - Object: 'Object Repository/DES/Page_data-exchange/a_Subscription' is clicked on

21-10-2025T18:50:33 - [TEST_STEP][PASSED] - delay(15): Delayed 15 second(s)

21-10-2025T18:50:48 - [MESSAGE][PASSED] - Delayed 15 second(s)

21-10-2025T18:50:48 - [TEST_STEP][PASSED] - click(findTestObject("Object Repository/DES/Page_data-exchange/button_Select")): Object: 'Object Repository/DES/Page_data-exchange/button_Select' is clicked on

21-10-2025T18:51:04 - [MESSAGE][INFO] - Unable to find the element located by 'By.xpath: (.//*[normalize-space(text()) and normalize-space(.)='Angel Andonov'])[1]/following::button[1]'. Please recheck the objects properties to make sure the desired element is located. 

21-10-2025T18:51:04 - [MESSAGE][WARNING] - [SELF-HEALING] Failed to find element with id 'Object Repository/DES/Page_data-exchange/button_Select'. Try using Self-healing.

21-10-2025T18:51:04 - [MESSAGE][WARNING] - [SELF-HEALING] The current locator of test object 'Object Repository/DES/Page_data-exchange/button_Select' was broken. Propose an alternative one: '(.//*[normalize-space(text()) and normalize-space(.)='Last Modified By:'])[1]/following::button[1]'.

21-10-2025T18:51:05 - [MESSAGE][PASSED] - Object: 'Object Repository/DES/Page_data-exchange/button_Select' is clicked on

21-10-2025T18:51:05 - [TEST_STEP][PASSED] - delay(10): Delayed 10 second(s)

21-10-2025T18:51:15 - [MESSAGE][PASSED] - Delayed 10 second(s)

21-10-2025T18:51:15 - [TEST_STEP][PASSED] - click(findTestObject("Object Repository/DES/Page_data-exchange/a_View")): Object: 'Object Repository/DES/Page_data-exchange/a_View' is clicked on

21-10-2025T18:51:15 - [MESSAGE][PASSED] - Object: 'Object Repository/DES/Page_data-exchange/a_View' is clicked on

21-10-2025T18:51:15 - [TEST_STEP][PASSED] - delay(10): Delayed 10 second(s)

21-10-2025T18:51:25 - [MESSAGE][PASSED] - Delayed 10 second(s)

21-10-2025T18:51:25 - [TEST_STEP][PASSED] - click(findTestObject("Object Repository/DES/Page_data-exchange/button_Add Transmission")): Object: 'Object Repository/DES/Page_data-exchange/button_Add Transmission' is clicked on

21-10-2025T18:51:25 - [MESSAGE][PASSED] - Object: 'Object Repository/DES/Page_data-exchange/button_Add Transmission' is clicked on

21-10-2025T18:51:25 - [TEST_STEP][PASSED] - delay(15): Delayed 15 second(s)

21-10-2025T18:51:40 - [MESSAGE][PASSED] - Delayed 15 second(s)

21-10-2025T18:51:40 - [TEST_STEP][PASSED] - selectOptionByIndex(findTestObject("Object Repository/DES/Page_data-exchange/select_Select.EmailFile Transfer ProtocolNe_92efe9"), "4", STOP_ON_FAILURE): All options with index in [4] are selected on object 'Object Repository/DES/Page_data-exchange/select_Select.EmailFile Transfer ProtocolNe_92efe9'

21-10-2025T18:51:40 - [MESSAGE][PASSED] - All options with index in [4] are selected on object 'Object Repository/DES/Page_data-exchange/select_Select.EmailFile Transfer ProtocolNe_92efe9'

21-10-2025T18:51:40 - [TEST_STEP][PASSED] - delay(5): Delayed 5 second(s)

21-10-2025T18:51:45 - [MESSAGE][PASSED] - Delayed 5 second(s)

21-10-2025T18:51:45 - [TEST_STEP][PASSED] - selectOptionByIndex(findTestObject("DES/Trading Partners Page/Subscription/Transmission/Data Format_dropdown"), "1", STOP_ON_FAILURE): All options with index in [1] are selected on object 'Object Repository/DES/Trading Partners Page/Subscription/Transmission/Data Format_dropdown'

21-10-2025T18:51:45 - [MESSAGE][PASSED] - All options with index in [1] are selected on object 'Object Repository/DES/Trading Partners Page/Subscription/Transmission/Data Format_dropdown'

21-10-2025T18:51:45 - [TEST_STEP][PASSED] - delay(5): Delayed 5 second(s)

21-10-2025T18:51:50 - [MESSAGE][PASSED] - Delayed 5 second(s)

21-10-2025T18:51:50 - [TEST_STEP][PASSED] - selectOptionByIndex(findTestObject("Object Repository/DES/Page_data-exchange/select_Select.Adobe PDF (pdf)Text Document _99c46b"), "1", STOP_ON_FAILURE): All options with index in [1] are selected on object 'Object Repository/DES/Page_data-exchange/select_Select.Adobe PDF (pdf)Text Document _99c46b'

21-10-2025T18:51:50 - [MESSAGE][PASSED] - All options with index in [1] are selected on object 'Object Repository/DES/Page_data-exchange/select_Select.Adobe PDF (pdf)Text Document _99c46b'

21-10-2025T18:51:50 - [TEST_STEP][PASSED] - click(findTestObject("Object Repository/DES/Page_data-exchange/button_Save")): Object: 'Object Repository/DES/Page_data-exchange/button_Save' is clicked on

21-10-2025T18:51:50 - [MESSAGE][PASSED] - Object: 'Object Repository/DES/Page_data-exchange/button_Save' is clicked on

21-10-2025T18:51:50 - [TEST_STEP][PASSED] - delay(5): Delayed 5 second(s)

21-10-2025T18:51:55 - [MESSAGE][PASSED] - Delayed 5 second(s)

21-10-2025T18:51:55 - [TEST_STEP][PASSED] - Start listener action : retryOnDisconnect: null

21-10-2025T18:51:55 - [TEST_STEP][PASSED] - tcId = testCaseContext.getTestCaseId(): null

21-10-2025T18:51:55 - [TEST_STEP][PASSED] - currentRetry = retryCounts.getOrDefault(tcId, 0): null

21-10-2025T18:51:55 - [TEST_STEP][PASSED] - if (testCaseContext.getTestCaseStatus() == "FAILED" && currentRetry < MAX_RETRIES): null]]></system-out>
         <system-err><![CDATA[]]></system-err>
      </testcase>
      <testcase name="Test Cases/DES/Trading Partners Page/Subscription/CancelAddingNewSubscription" time="67.244" classname="Test Cases/DES/Trading Partners Page/Subscription/CancelAddingNewSubscription" status="PASSED">
         <system-out><![CDATA[21-10-2025T18:51:55 - [TEST_CASE][PASSED] - Test Cases/DES/Trading Partners Page/Subscription/CancelAddingNewSubscription: Test Cases/DES/Trading Partners Page/Subscription/CancelAddingNewSubscription

21-10-2025T18:51:55 - [TEST_STEP][PASSED] - Start listener action : beforeTestCase: null

21-10-2025T18:51:55 - [TEST_STEP][PASSED] - addDefaultPackages(): null

21-10-2025T18:51:55 - [TEST_STEP][PASSED] - callTestCase(findTestCase("DES/DES Login"), [:], STOP_ON_FAILURE): Call Test Case 'Test Cases/DES/DES Login' successfully

21-10-2025T18:51:55 - [TEST_CASE][PASSED] - Test Cases/DES/DES Login: Test Cases/DES/DES Login

21-10-2025T18:51:55 - [TEST_STEP][PASSED] - openBrowser(""): Browser is opened with url: ''

21-10-2025T18:51:55 - [MESSAGE][WARNING] - A browser is already opened. Closing browser and opening a new one

21-10-2025T18:51:56 - [MESSAGE][INFO] - Starting 'Chrome' driver

21-10-2025T18:51:56 - [MESSAGE][INFO] - User set preference: ['args', '[--no-sandbox, --disable-gpu, --disable-dev-shm-usage]']

21-10-2025T18:51:56 - [MESSAGE][INFO] - Action delay is set to 0 milliseconds

21-10-2025T18:51:56 - [MESSAGE][PASSED] - Browser is opened with url: ''

21-10-2025T18:51:56 - [TEST_STEP][PASSED] - maximizeWindow(): Current window maximized

21-10-2025T18:51:56 - [MESSAGE][PASSED] - Current window maximized

21-10-2025T18:51:56 - [TEST_STEP][PASSED] - delay(10): Delayed 10 second(s)

21-10-2025T18:52:06 - [MESSAGE][PASSED] - Delayed 10 second(s)

21-10-2025T18:52:06 - [TEST_STEP][PASSED] - navigateToUrl("https://dx-portal.qa.thekag.com/"): Navigate to 'https://dx-portal.qa.thekag.com/' successfully

21-10-2025T18:52:07 - [MESSAGE][PASSED] - Navigate to 'https://dx-portal.qa.thekag.com/' successfully

21-10-2025T18:52:07 - [TEST_STEP][PASSED] - delay(5): Delayed 5 second(s)

21-10-2025T18:52:12 - [MESSAGE][PASSED] - Delayed 5 second(s)

21-10-2025T18:52:12 - [TEST_STEP][PASSED] - setText(findTestObject("Object Repository/Page_IdentityServer4/input_Username (e.g. email address)_Username"), "Chris.Sheldon+DES_QA@Thekag.com"): Text 'Chris.Sheldon+DES_QA@Thekag.com' is set on object 'Object Repository/Page_IdentityServer4/input_Username (e.g. email address)_Username'

21-10-2025T18:52:12 - [MESSAGE][PASSED] - Text 'Chris.Sheldon+DES_QA@Thekag.com' is set on object 'Object Repository/Page_IdentityServer4/input_Username (e.g. email address)_Username'

21-10-2025T18:52:12 - [TEST_STEP][PASSED] - setEncryptedText(findTestObject("Page_IdentityServer4/input_Password_Password"), "BtpyPJuZxPz9EFo3Zi2c4Q=="): Text ****** has been set on object 'Object Repository/Page_IdentityServer4/input_Password_Password'

21-10-2025T18:52:12 - [MESSAGE][PASSED] - Text ****** has been set on object 'Object Repository/Page_IdentityServer4/input_Password_Password'

21-10-2025T18:52:12 - [TEST_STEP][PASSED] - click(findTestObject("Object Repository/Page_IdentityServer4/button_Login")): Object: 'Object Repository/Page_IdentityServer4/button_Login' is clicked on

21-10-2025T18:52:12 - [MESSAGE][PASSED] - Object: 'Object Repository/Page_IdentityServer4/button_Login' is clicked on

21-10-2025T18:52:12 - [TEST_STEP][PASSED] - delay(5): Delayed 5 second(s)

21-10-2025T18:52:17 - [MESSAGE][PASSED] - Delayed 5 second(s)

21-10-2025T18:52:17 - [MESSAGE][PASSED] - Call Test Case 'Test Cases/DES/DES Login' successfully

21-10-2025T18:52:17 - [TEST_STEP][PASSED] - setText(findTestObject("Object Repository/DES/Trading Partners Page/Search Trading Partner_input_txt"), "Katalon Transmissions"): Text 'Katalon Transmissions' is set on object 'Object Repository/DES/Trading Partners Page/Search Trading Partner_input_txt'

21-10-2025T18:52:18 - [MESSAGE][PASSED] - Text 'Katalon Transmissions' is set on object 'Object Repository/DES/Trading Partners Page/Search Trading Partner_input_txt'

21-10-2025T18:52:18 - [TEST_STEP][PASSED] - delay(5): Delayed 5 second(s)

21-10-2025T18:52:23 - [MESSAGE][PASSED] - Delayed 5 second(s)

21-10-2025T18:52:23 - [TEST_STEP][PASSED] - click(findTestObject("Object Repository/DES/Page_data-exchange/button_View")): Object: 'Object Repository/DES/Page_data-exchange/button_View' is clicked on

21-10-2025T18:52:23 - [MESSAGE][PASSED] - Object: 'Object Repository/DES/Page_data-exchange/button_View' is clicked on

21-10-2025T18:52:23 - [TEST_STEP][PASSED] - click(findTestObject("Object Repository/DES/Page_data-exchange/a_Subscription")): Object: 'Object Repository/DES/Page_data-exchange/a_Subscription' is clicked on

21-10-2025T18:52:25 - [MESSAGE][PASSED] - Object: 'Object Repository/DES/Page_data-exchange/a_Subscription' is clicked on

21-10-2025T18:52:25 - [TEST_STEP][PASSED] - delay(15): Delayed 15 second(s)

21-10-2025T18:52:40 - [MESSAGE][PASSED] - Delayed 15 second(s)

21-10-2025T18:52:40 - [TEST_STEP][PASSED] - click(findTestObject("Object Repository/DES/Page_data-exchange/button_Add Subscription")): Object: 'Object Repository/DES/Page_data-exchange/button_Add Subscription' is clicked on

21-10-2025T18:52:40 - [MESSAGE][PASSED] - Object: 'Object Repository/DES/Page_data-exchange/button_Add Subscription' is clicked on

21-10-2025T18:52:40 - [TEST_STEP][PASSED] - delay(5): Delayed 5 second(s)

21-10-2025T18:52:45 - [MESSAGE][PASSED] - Delayed 5 second(s)

21-10-2025T18:52:45 - [TEST_STEP][PASSED] - selectOptionByValue(findTestObject("Object Repository/DES/Page_data-exchange/select_Select a Transaction TypeFinancial D_642f55"), "5", true): All options with value '5' are selected in object 'Object Repository/DES/Page_data-exchange/select_Select a Transaction TypeFinancial D_642f55'  using regular expression

21-10-2025T18:52:46 - [MESSAGE][PASSED] - All options with value '5' are selected in object 'Object Repository/DES/Page_data-exchange/select_Select a Transaction TypeFinancial D_642f55'  using regular expression

21-10-2025T18:52:46 - [TEST_STEP][PASSED] - delay(2): Delayed 2 second(s)

21-10-2025T18:52:48 - [MESSAGE][PASSED] - Delayed 2 second(s)

21-10-2025T18:52:48 - [TEST_STEP][PASSED] - selectOptionByValue(findTestObject("Object Repository/DES/Page_data-exchange/select_Select.Outbound"), "out", true, STOP_ON_FAILURE): All options with value 'out' are selected in object 'Object Repository/DES/Page_data-exchange/select_Select.Outbound'  using regular expression

21-10-2025T18:52:48 - [MESSAGE][PASSED] - All options with value 'out' are selected in object 'Object Repository/DES/Page_data-exchange/select_Select.Outbound'  using regular expression

21-10-2025T18:52:48 - [TEST_STEP][PASSED] - delay(2): Delayed 2 second(s)

21-10-2025T18:52:50 - [MESSAGE][PASSED] - Delayed 2 second(s)

21-10-2025T18:52:50 - [TEST_STEP][PASSED] - selectOptionByValue(findTestObject("Object Repository/DES/Page_data-exchange/select_Select.Real TimeScheduled"), "true", true): All options with value 'true' are selected in object 'Object Repository/DES/Page_data-exchange/select_Select.Real TimeScheduled'  using regular expression

21-10-2025T18:52:50 - [MESSAGE][PASSED] - All options with value 'true' are selected in object 'Object Repository/DES/Page_data-exchange/select_Select.Real TimeScheduled'  using regular expression

21-10-2025T18:52:50 - [TEST_STEP][PASSED] - setText(findTestObject("Object Repository/DES/Page_data-exchange/input_Description___BVID__153"), "Test cancelling"): Text 'Test cancelling' is set on object 'Object Repository/DES/Page_data-exchange/input_Description___BVID__153'

21-10-2025T18:52:50 - [MESSAGE][PASSED] - Text 'Test cancelling' is set on object 'Object Repository/DES/Page_data-exchange/input_Description___BVID__153'

21-10-2025T18:52:50 - [TEST_STEP][PASSED] - delay(3): Delayed 3 second(s)

21-10-2025T18:52:53 - [MESSAGE][PASSED] - Delayed 3 second(s)

21-10-2025T18:52:53 - [TEST_STEP][PASSED] - click(findTestObject("Object Repository/DES/Page_data-exchange/button_Cancel")): Object: 'Object Repository/DES/Page_data-exchange/button_Cancel' is clicked on

21-10-2025T18:52:53 - [MESSAGE][PASSED] - Object: 'Object Repository/DES/Page_data-exchange/button_Cancel' is clicked on

21-10-2025T18:52:53 - [TEST_STEP][PASSED] - delay(3): Delayed 3 second(s)

21-10-2025T18:52:56 - [MESSAGE][PASSED] - Delayed 3 second(s)

21-10-2025T18:52:56 - [TEST_STEP][PASSED] - click(findTestObject("Object Repository/DES/Page_data-exchange/button_Yes")): Object: 'Object Repository/DES/Page_data-exchange/button_Yes' is clicked on

21-10-2025T18:52:56 - [MESSAGE][PASSED] - Object: 'Object Repository/DES/Page_data-exchange/button_Yes' is clicked on

21-10-2025T18:52:56 - [TEST_STEP][PASSED] - delay(3): Delayed 3 second(s)

21-10-2025T18:52:59 - [MESSAGE][PASSED] - Delayed 3 second(s)

21-10-2025T18:52:59 - [TEST_STEP][PASSED] - verifyElementPresent(findTestObject("Object Repository/DES/Page_data-exchange/button_Edit"), 0): Object 'Object Repository/DES/Page_data-exchange/button_Edit' is present

21-10-2025T18:52:59 - [MESSAGE][WARNING] - Timeout '0' is invalid. Using default page load timeout: '15'

21-10-2025T18:52:59 - [MESSAGE][PASSED] - Object 'Object Repository/DES/Page_data-exchange/button_Edit' is present

21-10-2025T18:52:59 - [TEST_STEP][PASSED] - delay(3): Delayed 3 second(s)

21-10-2025T18:53:02 - [MESSAGE][PASSED] - Delayed 3 second(s)

21-10-2025T18:53:02 - [TEST_STEP][PASSED] - closeBrowser(): Browser is closed

21-10-2025T18:53:03 - [MESSAGE][PASSED] - Browser is closed

21-10-2025T18:53:03 - [TEST_STEP][PASSED] - Start listener action : retryOnDisconnect: null

21-10-2025T18:53:03 - [TEST_STEP][PASSED] - tcId = testCaseContext.getTestCaseId(): null

21-10-2025T18:53:03 - [TEST_STEP][PASSED] - currentRetry = retryCounts.getOrDefault(tcId, 0): null

21-10-2025T18:53:03 - [TEST_STEP][PASSED] - if (testCaseContext.getTestCaseStatus() == "FAILED" && currentRetry < MAX_RETRIES): null]]></system-out>
         <system-err><![CDATA[]]></system-err>
      </testcase>
      <testcase name="Test Cases/DES/Trading Partners Page/Subscription/EditExistingSubscription" time="50.93" classname="Test Cases/DES/Trading Partners Page/Subscription/EditExistingSubscription" status="PASSED">
         <system-out><![CDATA[21-10-2025T18:53:03 - [TEST_CASE][PASSED] - Test Cases/DES/Trading Partners Page/Subscription/EditExistingSubscription: Test Cases/DES/Trading Partners Page/Subscription/EditExistingSubscription

21-10-2025T18:53:03 - [TEST_STEP][PASSED] - Start listener action : beforeTestCase: null

21-10-2025T18:53:03 - [TEST_STEP][PASSED] - addDefaultPackages(): null

21-10-2025T18:53:03 - [TEST_STEP][PASSED] - callTestCase(findTestCase("DES/DES Login"), [:], STOP_ON_FAILURE): Call Test Case 'Test Cases/DES/DES Login' successfully

21-10-2025T18:53:03 - [TEST_CASE][PASSED] - Test Cases/DES/DES Login: Test Cases/DES/DES Login

21-10-2025T18:53:03 - [TEST_STEP][PASSED] - openBrowser(""): Browser is opened with url: ''

21-10-2025T18:53:03 - [MESSAGE][INFO] - Starting 'Chrome' driver

21-10-2025T18:53:03 - [MESSAGE][INFO] - User set preference: ['args', '[--no-sandbox, --disable-gpu, --disable-dev-shm-usage]']

21-10-2025T18:53:03 - [MESSAGE][INFO] - Action delay is set to 0 milliseconds

21-10-2025T18:53:03 - [MESSAGE][PASSED] - Browser is opened with url: ''

21-10-2025T18:53:03 - [TEST_STEP][PASSED] - maximizeWindow(): Current window maximized

21-10-2025T18:53:04 - [MESSAGE][PASSED] - Current window maximized

21-10-2025T18:53:04 - [TEST_STEP][PASSED] - delay(10): Delayed 10 second(s)

21-10-2025T18:53:14 - [MESSAGE][PASSED] - Delayed 10 second(s)

21-10-2025T18:53:14 - [TEST_STEP][PASSED] - navigateToUrl("https://dx-portal.qa.thekag.com/"): Navigate to 'https://dx-portal.qa.thekag.com/' successfully

21-10-2025T18:53:14 - [MESSAGE][PASSED] - Navigate to 'https://dx-portal.qa.thekag.com/' successfully

21-10-2025T18:53:14 - [TEST_STEP][PASSED] - delay(5): Delayed 5 second(s)

21-10-2025T18:53:19 - [MESSAGE][PASSED] - Delayed 5 second(s)

21-10-2025T18:53:19 - [TEST_STEP][PASSED] - setText(findTestObject("Object Repository/Page_IdentityServer4/input_Username (e.g. email address)_Username"), "Chris.Sheldon+DES_QA@Thekag.com"): Text 'Chris.Sheldon+DES_QA@Thekag.com' is set on object 'Object Repository/Page_IdentityServer4/input_Username (e.g. email address)_Username'

21-10-2025T18:53:19 - [MESSAGE][PASSED] - Text 'Chris.Sheldon+DES_QA@Thekag.com' is set on object 'Object Repository/Page_IdentityServer4/input_Username (e.g. email address)_Username'

21-10-2025T18:53:19 - [TEST_STEP][PASSED] - setEncryptedText(findTestObject("Page_IdentityServer4/input_Password_Password"), "BtpyPJuZxPz9EFo3Zi2c4Q=="): Text ****** has been set on object 'Object Repository/Page_IdentityServer4/input_Password_Password'

21-10-2025T18:53:19 - [MESSAGE][PASSED] - Text ****** has been set on object 'Object Repository/Page_IdentityServer4/input_Password_Password'

21-10-2025T18:53:19 - [TEST_STEP][PASSED] - click(findTestObject("Object Repository/Page_IdentityServer4/button_Login")): Object: 'Object Repository/Page_IdentityServer4/button_Login' is clicked on

21-10-2025T18:53:20 - [MESSAGE][PASSED] - Object: 'Object Repository/Page_IdentityServer4/button_Login' is clicked on

21-10-2025T18:53:20 - [TEST_STEP][PASSED] - delay(5): Delayed 5 second(s)

21-10-2025T18:53:25 - [MESSAGE][PASSED] - Delayed 5 second(s)

21-10-2025T18:53:25 - [MESSAGE][PASSED] - Call Test Case 'Test Cases/DES/DES Login' successfully

21-10-2025T18:53:25 - [TEST_STEP][PASSED] - setText(findTestObject("DES/Trading Partners Page/Search Trading Partner_input_txt"), "Katalon TP"): Text 'Katalon TP' is set on object 'Object Repository/DES/Trading Partners Page/Search Trading Partner_input_txt'

21-10-2025T18:53:25 - [MESSAGE][PASSED] - Text 'Katalon TP' is set on object 'Object Repository/DES/Trading Partners Page/Search Trading Partner_input_txt'

21-10-2025T18:53:25 - [TEST_STEP][PASSED] - delay(5): Delayed 5 second(s)

21-10-2025T18:53:30 - [MESSAGE][PASSED] - Delayed 5 second(s)

21-10-2025T18:53:30 - [TEST_STEP][PASSED] - click(findTestObject("Object Repository/DES/Page_data-exchange/button_View")): Object: 'Object Repository/DES/Page_data-exchange/button_View' is clicked on

21-10-2025T18:53:30 - [MESSAGE][PASSED] - Object: 'Object Repository/DES/Page_data-exchange/button_View' is clicked on

21-10-2025T18:53:30 - [TEST_STEP][PASSED] - click(findTestObject("Object Repository/DES/Page_data-exchange/a_Subscription")): Object: 'Object Repository/DES/Page_data-exchange/a_Subscription' is clicked on

21-10-2025T18:53:32 - [MESSAGE][PASSED] - Object: 'Object Repository/DES/Page_data-exchange/a_Subscription' is clicked on

21-10-2025T18:53:32 - [TEST_STEP][PASSED] - delay(5): Delayed 5 second(s)

21-10-2025T18:53:37 - [MESSAGE][PASSED] - Delayed 5 second(s)

21-10-2025T18:53:37 - [TEST_STEP][PASSED] - click(findTestObject("Object Repository/DES/Page_data-exchange/button_Select")): Object: 'Object Repository/DES/Page_data-exchange/button_Select' is clicked on

21-10-2025T18:53:37 - [MESSAGE][PASSED] - Object: 'Object Repository/DES/Page_data-exchange/button_Select' is clicked on

21-10-2025T18:53:37 - [TEST_STEP][PASSED] - click(findTestObject("Object Repository/DES/Page_data-exchange/a_View")): Object: 'Object Repository/DES/Page_data-exchange/a_View' is clicked on

21-10-2025T18:53:37 - [MESSAGE][PASSED] - Object: 'Object Repository/DES/Page_data-exchange/a_View' is clicked on

21-10-2025T18:53:37 - [TEST_STEP][PASSED] - delay(5): Delayed 5 second(s)

21-10-2025T18:53:42 - [MESSAGE][PASSED] - Delayed 5 second(s)

21-10-2025T18:53:42 - [TEST_STEP][PASSED] - click(findTestObject("Object Repository/DES/Page_data-exchange/button_Edit")): Object: 'Object Repository/DES/Page_data-exchange/button_Edit' is clicked on

21-10-2025T18:53:43 - [MESSAGE][PASSED] - Object: 'Object Repository/DES/Page_data-exchange/button_Edit' is clicked on

21-10-2025T18:53:43 - [TEST_STEP][PASSED] - setText(findTestObject("Object Repository/DES/Page_data-exchange/input_Description___BVID__182"), "Activate / deactivate "): Text 'Activate / deactivate ' is set on object 'Object Repository/DES/Page_data-exchange/input_Description___BVID__182'

21-10-2025T18:53:43 - [MESSAGE][PASSED] - Text 'Activate / deactivate ' is set on object 'Object Repository/DES/Page_data-exchange/input_Description___BVID__182'

21-10-2025T18:53:43 - [TEST_STEP][PASSED] - click(findTestObject("Object Repository/DES/Page_data-exchange/label_Active")): Object: 'Object Repository/DES/Page_data-exchange/label_Active' is clicked on

21-10-2025T18:53:43 - [MESSAGE][PASSED] - Object: 'Object Repository/DES/Page_data-exchange/label_Active' is clicked on

21-10-2025T18:53:43 - [TEST_STEP][PASSED] - click(findTestObject("Object Repository/DES/Page_data-exchange/button_Save")): Object: 'Object Repository/DES/Page_data-exchange/button_Save' is clicked on

21-10-2025T18:53:43 - [MESSAGE][PASSED] - Object: 'Object Repository/DES/Page_data-exchange/button_Save' is clicked on

21-10-2025T18:53:43 - [TEST_STEP][PASSED] - delay(5): Delayed 5 second(s)

21-10-2025T18:53:48 - [MESSAGE][PASSED] - Delayed 5 second(s)

21-10-2025T18:53:48 - [TEST_STEP][PASSED] - verifyElementText(findTestObject("Object Repository/DES/Page_data-exchange/h5_Active"), "Active"): Actual text and expected text of test object 'Object Repository/DES/Page_data-exchange/h5_Active' are matched.

21-10-2025T18:53:48 - [MESSAGE][PASSED] - Actual text and expected text of test object 'Object Repository/DES/Page_data-exchange/h5_Active' are matched.

21-10-2025T18:53:48 - [TEST_STEP][PASSED] - click(findTestObject("Object Repository/DES/Page_data-exchange/button_Edit")): Object: 'Object Repository/DES/Page_data-exchange/button_Edit' is clicked on

21-10-2025T18:53:48 - [MESSAGE][PASSED] - Object: 'Object Repository/DES/Page_data-exchange/button_Edit' is clicked on

21-10-2025T18:53:48 - [TEST_STEP][PASSED] - click(findTestObject("Object Repository/DES/Page_data-exchange/label_Inactive")): Object: 'Object Repository/DES/Page_data-exchange/label_Inactive' is clicked on

21-10-2025T18:53:48 - [MESSAGE][PASSED] - Object: 'Object Repository/DES/Page_data-exchange/label_Inactive' is clicked on

21-10-2025T18:53:48 - [TEST_STEP][PASSED] - click(findTestObject("Object Repository/DES/Page_data-exchange/button_Save")): Object: 'Object Repository/DES/Page_data-exchange/button_Save' is clicked on

21-10-2025T18:53:48 - [MESSAGE][PASSED] - Object: 'Object Repository/DES/Page_data-exchange/button_Save' is clicked on

21-10-2025T18:53:48 - [TEST_STEP][PASSED] - delay(5): Delayed 5 second(s)

21-10-2025T18:53:53 - [MESSAGE][PASSED] - Delayed 5 second(s)

21-10-2025T18:53:53 - [TEST_STEP][PASSED] - verifyTextPresent("", false): Text '' is present on page 

21-10-2025T18:53:53 - [MESSAGE][PASSED] - Text '' is present on page 

21-10-2025T18:53:53 - [TEST_STEP][PASSED] - closeBrowser(): Browser is closed

21-10-2025T18:53:54 - [MESSAGE][PASSED] - Browser is closed

21-10-2025T18:53:54 - [TEST_STEP][PASSED] - Start listener action : retryOnDisconnect: null

21-10-2025T18:53:54 - [TEST_STEP][PASSED] - tcId = testCaseContext.getTestCaseId(): null

21-10-2025T18:53:54 - [TEST_STEP][PASSED] - currentRetry = retryCounts.getOrDefault(tcId, 0): null

21-10-2025T18:53:54 - [TEST_STEP][PASSED] - if (testCaseContext.getTestCaseStatus() == "FAILED" && currentRetry < MAX_RETRIES): null]]></system-out>
         <system-err><![CDATA[]]></system-err>
      </testcase>
      <testcase name="Test Cases/DES/Trading Partners Page/Subscription/Inbound/AddFAInboundSubscription" time="49.248" classname="Test Cases/DES/Trading Partners Page/Subscription/Inbound/AddFAInboundSubscription" status="PASSED">
         <system-out><![CDATA[21-10-2025T18:53:54 - [TEST_CASE][PASSED] - Test Cases/DES/Trading Partners Page/Subscription/Inbound/AddFAInboundSubscription: Test Cases/DES/Trading Partners Page/Subscription/Inbound/AddFAInboundSubscription

21-10-2025T18:53:54 - [TEST_STEP][PASSED] - Start listener action : beforeTestCase: null

21-10-2025T18:53:54 - [TEST_STEP][PASSED] - addDefaultPackages(): null

21-10-2025T18:53:54 - [TEST_STEP][PASSED] - callTestCase(findTestCase("DES/DES Login"), [:], STOP_ON_FAILURE): Call Test Case 'Test Cases/DES/DES Login' successfully

21-10-2025T18:53:54 - [TEST_CASE][PASSED] - Test Cases/DES/DES Login: Test Cases/DES/DES Login

21-10-2025T18:53:54 - [TEST_STEP][PASSED] - openBrowser(""): Browser is opened with url: ''

21-10-2025T18:53:54 - [MESSAGE][INFO] - Starting 'Chrome' driver

21-10-2025T18:53:54 - [MESSAGE][INFO] - User set preference: ['args', '[--no-sandbox, --disable-gpu, --disable-dev-shm-usage]']

21-10-2025T18:53:54 - [MESSAGE][INFO] - Action delay is set to 0 milliseconds

21-10-2025T18:53:54 - [MESSAGE][PASSED] - Browser is opened with url: ''

21-10-2025T18:53:54 - [TEST_STEP][PASSED] - maximizeWindow(): Current window maximized

21-10-2025T18:53:54 - [MESSAGE][PASSED] - Current window maximized

21-10-2025T18:53:54 - [TEST_STEP][PASSED] - delay(10): Delayed 10 second(s)

21-10-2025T18:54:04 - [MESSAGE][PASSED] - Delayed 10 second(s)

21-10-2025T18:54:04 - [TEST_STEP][PASSED] - navigateToUrl("https://dx-portal.qa.thekag.com/"): Navigate to 'https://dx-portal.qa.thekag.com/' successfully

21-10-2025T18:54:05 - [MESSAGE][PASSED] - Navigate to 'https://dx-portal.qa.thekag.com/' successfully

21-10-2025T18:54:05 - [TEST_STEP][PASSED] - delay(5): Delayed 5 second(s)

21-10-2025T18:54:10 - [MESSAGE][PASSED] - Delayed 5 second(s)

21-10-2025T18:54:10 - [TEST_STEP][PASSED] - setText(findTestObject("Object Repository/Page_IdentityServer4/input_Username (e.g. email address)_Username"), "Chris.Sheldon+DES_QA@Thekag.com"): Text 'Chris.Sheldon+DES_QA@Thekag.com' is set on object 'Object Repository/Page_IdentityServer4/input_Username (e.g. email address)_Username'

21-10-2025T18:54:10 - [MESSAGE][PASSED] - Text 'Chris.Sheldon+DES_QA@Thekag.com' is set on object 'Object Repository/Page_IdentityServer4/input_Username (e.g. email address)_Username'

21-10-2025T18:54:10 - [TEST_STEP][PASSED] - setEncryptedText(findTestObject("Page_IdentityServer4/input_Password_Password"), "BtpyPJuZxPz9EFo3Zi2c4Q=="): Text ****** has been set on object 'Object Repository/Page_IdentityServer4/input_Password_Password'

21-10-2025T18:54:10 - [MESSAGE][PASSED] - Text ****** has been set on object 'Object Repository/Page_IdentityServer4/input_Password_Password'

21-10-2025T18:54:10 - [TEST_STEP][PASSED] - click(findTestObject("Object Repository/Page_IdentityServer4/button_Login")): Object: 'Object Repository/Page_IdentityServer4/button_Login' is clicked on

21-10-2025T18:54:10 - [MESSAGE][PASSED] - Object: 'Object Repository/Page_IdentityServer4/button_Login' is clicked on

21-10-2025T18:54:10 - [TEST_STEP][PASSED] - delay(5): Delayed 5 second(s)

21-10-2025T18:54:15 - [MESSAGE][PASSED] - Delayed 5 second(s)

21-10-2025T18:54:15 - [MESSAGE][PASSED] - Call Test Case 'Test Cases/DES/DES Login' successfully

21-10-2025T18:54:15 - [TEST_STEP][PASSED] - setText(findTestObject("Object Repository/DES/Trading Partners Page/Search Trading Partner_input_txt"), "Katalon Trading"): Text 'Katalon Trading' is set on object 'Object Repository/DES/Trading Partners Page/Search Trading Partner_input_txt'

21-10-2025T18:54:16 - [MESSAGE][PASSED] - Text 'Katalon Trading' is set on object 'Object Repository/DES/Trading Partners Page/Search Trading Partner_input_txt'

21-10-2025T18:54:16 - [TEST_STEP][PASSED] - delay(5): Delayed 5 second(s)

21-10-2025T18:54:21 - [MESSAGE][PASSED] - Delayed 5 second(s)

21-10-2025T18:54:21 - [TEST_STEP][PASSED] - click(findTestObject("Object Repository/DES/TradingPartners/Katalon Trading TP View_btn")): Object: 'Object Repository/DES/TradingPartners/Katalon Trading TP View_btn' is clicked on

21-10-2025T18:54:21 - [MESSAGE][PASSED] - Object: 'Object Repository/DES/TradingPartners/Katalon Trading TP View_btn' is clicked on

21-10-2025T18:54:21 - [TEST_STEP][PASSED] - delay(3): Delayed 3 second(s)

21-10-2025T18:54:24 - [MESSAGE][PASSED] - Delayed 3 second(s)

21-10-2025T18:54:24 - [TEST_STEP][PASSED] - click(findTestObject("Object Repository/DES/TradingPartners/Subscription/Subscription Tab")): Object: 'Object Repository/DES/TradingPartners/Subscription/Subscription Tab' is clicked on

21-10-2025T18:54:24 - [MESSAGE][PASSED] - Object: 'Object Repository/DES/TradingPartners/Subscription/Subscription Tab' is clicked on

21-10-2025T18:54:24 - [TEST_STEP][PASSED] - delay(10): Delayed 10 second(s)

21-10-2025T18:54:34 - [MESSAGE][PASSED] - Delayed 10 second(s)

21-10-2025T18:54:34 - [TEST_STEP][PASSED] - click(findTestObject("Object Repository/Page_data-exchange/button_Add Subscription")): Object: 'Object Repository/Page_data-exchange/button_Add Subscription' is clicked on

21-10-2025T18:54:34 - [MESSAGE][PASSED] - Object: 'Object Repository/Page_data-exchange/button_Add Subscription' is clicked on

21-10-2025T18:54:34 - [TEST_STEP][PASSED] - delay(3): Delayed 3 second(s)

21-10-2025T18:54:37 - [MESSAGE][PASSED] - Delayed 3 second(s)

21-10-2025T18:54:37 - [TEST_STEP][PASSED] - selectOptionByValue(findTestObject("Object Repository/DES/Page_data-exchange/select_Select a Transaction TypeFinancial D_642f55"), "6", true): All options with value '6' are selected in object 'Object Repository/DES/Page_data-exchange/select_Select a Transaction TypeFinancial D_642f55'  using regular expression

21-10-2025T18:54:37 - [MESSAGE][PASSED] - All options with value '6' are selected in object 'Object Repository/DES/Page_data-exchange/select_Select a Transaction TypeFinancial D_642f55'  using regular expression

21-10-2025T18:54:37 - [TEST_STEP][PASSED] - selectOptionByValue(findTestObject("Object Repository/DES/Page_data-exchange/select_Select.InboundOutbound"), "in", true): All options with value 'in' are selected in object 'Object Repository/DES/Page_data-exchange/select_Select.InboundOutbound'  using regular expression

21-10-2025T18:54:38 - [MESSAGE][PASSED] - All options with value 'in' are selected in object 'Object Repository/DES/Page_data-exchange/select_Select.InboundOutbound'  using regular expression

21-10-2025T18:54:38 - [TEST_STEP][PASSED] - click(findTestObject("Object Repository/DES/Page_data-exchange/button_Save")): Object: 'Object Repository/DES/Page_data-exchange/button_Save' is clicked on

21-10-2025T18:54:38 - [MESSAGE][PASSED] - Object: 'Object Repository/DES/Page_data-exchange/button_Save' is clicked on

21-10-2025T18:54:38 - [TEST_STEP][PASSED] - delay(5): Delayed 5 second(s)

21-10-2025T18:54:43 - [MESSAGE][PASSED] - Delayed 5 second(s)

21-10-2025T18:54:43 - [TEST_STEP][PASSED] - verifyElementText(findTestObject("Object Repository/DES/Page_data-exchange/h3_Functional Acknowledgement (FA)"), "Functional Acknowledgement (FA)"): Actual text and expected text of test object 'Object Repository/DES/Page_data-exchange/h3_Functional Acknowledgement (FA)' are matched.

21-10-2025T18:54:43 - [MESSAGE][PASSED] - Actual text and expected text of test object 'Object Repository/DES/Page_data-exchange/h3_Functional Acknowledgement (FA)' are matched.

21-10-2025T18:54:43 - [TEST_STEP][PASSED] - verifyElementText(findTestObject("Object Repository/DES/Page_data-exchange/span_Inbound"), "Inbound"): Actual text and expected text of test object 'Object Repository/DES/Page_data-exchange/span_Inbound' are matched.

21-10-2025T18:54:43 - [MESSAGE][PASSED] - Actual text and expected text of test object 'Object Repository/DES/Page_data-exchange/span_Inbound' are matched.

21-10-2025T18:54:43 - [TEST_STEP][PASSED] - closeBrowser(): Browser is closed

21-10-2025T18:54:43 - [MESSAGE][PASSED] - Browser is closed

21-10-2025T18:54:43 - [TEST_STEP][PASSED] - Start listener action : retryOnDisconnect: null

21-10-2025T18:54:43 - [TEST_STEP][PASSED] - tcId = testCaseContext.getTestCaseId(): null

21-10-2025T18:54:43 - [TEST_STEP][PASSED] - currentRetry = retryCounts.getOrDefault(tcId, 0): null

21-10-2025T18:54:43 - [TEST_STEP][PASSED] - if (testCaseContext.getTestCaseStatus() == "FAILED" && currentRetry < MAX_RETRIES): null]]></system-out>
         <system-err><![CDATA[]]></system-err>
      </testcase>
      <testcase name="Test Cases/DES/Trading Partners Page/Subscription/Inbound/AddFIN-ACCInboundSubscription" time="44.369" classname="Test Cases/DES/Trading Partners Page/Subscription/Inbound/AddFIN-ACCInboundSubscription" status="PASSED">
         <system-out><![CDATA[21-10-2025T18:54:43 - [TEST_CASE][PASSED] - Test Cases/DES/Trading Partners Page/Subscription/Inbound/AddFIN-ACCInboundSubscription: Test Cases/DES/Trading Partners Page/Subscription/Inbound/AddFIN-ACCInboundSubscription

21-10-2025T18:54:43 - [TEST_STEP][PASSED] - Start listener action : beforeTestCase: null

21-10-2025T18:54:43 - [TEST_STEP][PASSED] - addDefaultPackages(): null

21-10-2025T18:54:43 - [TEST_STEP][PASSED] - callTestCase(findTestCase("DES/DES Login"), [:], STOP_ON_FAILURE): Call Test Case 'Test Cases/DES/DES Login' successfully

21-10-2025T18:54:43 - [TEST_CASE][PASSED] - Test Cases/DES/DES Login: Test Cases/DES/DES Login

21-10-2025T18:54:43 - [TEST_STEP][PASSED] - openBrowser(""): Browser is opened with url: ''

21-10-2025T18:54:43 - [MESSAGE][INFO] - Starting 'Chrome' driver

21-10-2025T18:54:43 - [MESSAGE][INFO] - User set preference: ['args', '[--no-sandbox, --disable-gpu, --disable-dev-shm-usage]']

21-10-2025T18:54:43 - [MESSAGE][INFO] - Action delay is set to 0 milliseconds

21-10-2025T18:54:44 - [MESSAGE][PASSED] - Browser is opened with url: ''

21-10-2025T18:54:44 - [TEST_STEP][PASSED] - maximizeWindow(): Current window maximized

21-10-2025T18:54:44 - [MESSAGE][PASSED] - Current window maximized

21-10-2025T18:54:44 - [TEST_STEP][PASSED] - delay(10): Delayed 10 second(s)

21-10-2025T18:54:54 - [MESSAGE][PASSED] - Delayed 10 second(s)

21-10-2025T18:54:54 - [TEST_STEP][PASSED] - navigateToUrl("https://dx-portal.qa.thekag.com/"): Navigate to 'https://dx-portal.qa.thekag.com/' successfully

21-10-2025T18:54:54 - [MESSAGE][PASSED] - Navigate to 'https://dx-portal.qa.thekag.com/' successfully

21-10-2025T18:54:54 - [TEST_STEP][PASSED] - delay(5): Delayed 5 second(s)

21-10-2025T18:54:59 - [MESSAGE][PASSED] - Delayed 5 second(s)

21-10-2025T18:54:59 - [TEST_STEP][PASSED] - setText(findTestObject("Object Repository/Page_IdentityServer4/input_Username (e.g. email address)_Username"), "Chris.Sheldon+DES_QA@Thekag.com"): Text 'Chris.Sheldon+DES_QA@Thekag.com' is set on object 'Object Repository/Page_IdentityServer4/input_Username (e.g. email address)_Username'

21-10-2025T18:54:59 - [MESSAGE][PASSED] - Text 'Chris.Sheldon+DES_QA@Thekag.com' is set on object 'Object Repository/Page_IdentityServer4/input_Username (e.g. email address)_Username'

21-10-2025T18:54:59 - [TEST_STEP][PASSED] - setEncryptedText(findTestObject("Page_IdentityServer4/input_Password_Password"), "BtpyPJuZxPz9EFo3Zi2c4Q=="): Text ****** has been set on object 'Object Repository/Page_IdentityServer4/input_Password_Password'

21-10-2025T18:54:59 - [MESSAGE][PASSED] - Text ****** has been set on object 'Object Repository/Page_IdentityServer4/input_Password_Password'

21-10-2025T18:54:59 - [TEST_STEP][PASSED] - click(findTestObject("Object Repository/Page_IdentityServer4/button_Login")): Object: 'Object Repository/Page_IdentityServer4/button_Login' is clicked on

21-10-2025T18:55:00 - [MESSAGE][PASSED] - Object: 'Object Repository/Page_IdentityServer4/button_Login' is clicked on

21-10-2025T18:55:00 - [TEST_STEP][PASSED] - delay(5): Delayed 5 second(s)

21-10-2025T18:55:05 - [MESSAGE][PASSED] - Delayed 5 second(s)

21-10-2025T18:55:05 - [MESSAGE][PASSED] - Call Test Case 'Test Cases/DES/DES Login' successfully

21-10-2025T18:55:05 - [TEST_STEP][PASSED] - setText(findTestObject("Object Repository/DES/Trading Partners Page/Search Trading Partner_input_txt"), "Katalon Trading"): Text 'Katalon Trading' is set on object 'Object Repository/DES/Trading Partners Page/Search Trading Partner_input_txt'

21-10-2025T18:55:05 - [MESSAGE][PASSED] - Text 'Katalon Trading' is set on object 'Object Repository/DES/Trading Partners Page/Search Trading Partner_input_txt'

21-10-2025T18:55:05 - [TEST_STEP][PASSED] - delay(5): Delayed 5 second(s)

21-10-2025T18:55:10 - [MESSAGE][PASSED] - Delayed 5 second(s)

21-10-2025T18:55:10 - [TEST_STEP][PASSED] - click(findTestObject("Object Repository/DES/Page_data-exchange/button_View")): Object: 'Object Repository/DES/Page_data-exchange/button_View' is clicked on

21-10-2025T18:55:10 - [MESSAGE][PASSED] - Object: 'Object Repository/DES/Page_data-exchange/button_View' is clicked on

21-10-2025T18:55:10 - [TEST_STEP][PASSED] - delay(3): Delayed 3 second(s)

21-10-2025T18:55:13 - [MESSAGE][PASSED] - Delayed 3 second(s)

21-10-2025T18:55:13 - [TEST_STEP][PASSED] - click(findTestObject("DES/TradingPartners/Subscription/Subscription Tab")): Object: 'Object Repository/DES/TradingPartners/Subscription/Subscription Tab' is clicked on

21-10-2025T18:55:13 - [MESSAGE][PASSED] - Object: 'Object Repository/DES/TradingPartners/Subscription/Subscription Tab' is clicked on

21-10-2025T18:55:13 - [TEST_STEP][PASSED] - delay(3): Delayed 3 second(s)

21-10-2025T18:55:16 - [MESSAGE][PASSED] - Delayed 3 second(s)

21-10-2025T18:55:16 - [TEST_STEP][PASSED] - click(findTestObject("Object Repository/Page_data-exchange/button_Add Subscription")): Object: 'Object Repository/Page_data-exchange/button_Add Subscription' is clicked on

21-10-2025T18:55:16 - [MESSAGE][PASSED] - Object: 'Object Repository/Page_data-exchange/button_Add Subscription' is clicked on

21-10-2025T18:55:16 - [TEST_STEP][PASSED] - delay(5): Delayed 5 second(s)

21-10-2025T18:55:21 - [MESSAGE][PASSED] - Delayed 5 second(s)

21-10-2025T18:55:21 - [TEST_STEP][PASSED] - selectOptionByValue(findTestObject("Object Repository/DES/Page_data-exchange/select_Select a Transaction TypeFinancial D_642f55"), "14", true): All options with value '14' are selected in object 'Object Repository/DES/Page_data-exchange/select_Select a Transaction TypeFinancial D_642f55'  using regular expression

21-10-2025T18:55:22 - [MESSAGE][PASSED] - All options with value '14' are selected in object 'Object Repository/DES/Page_data-exchange/select_Select a Transaction TypeFinancial D_642f55'  using regular expression

21-10-2025T18:55:22 - [TEST_STEP][PASSED] - selectOptionByValue(findTestObject("Object Repository/DES/Page_data-exchange/select_Select.InboundOutbound"), "in", true): All options with value 'in' are selected in object 'Object Repository/DES/Page_data-exchange/select_Select.InboundOutbound'  using regular expression

21-10-2025T18:55:22 - [MESSAGE][PASSED] - All options with value 'in' are selected in object 'Object Repository/DES/Page_data-exchange/select_Select.InboundOutbound'  using regular expression

21-10-2025T18:55:22 - [TEST_STEP][PASSED] - click(findTestObject("Object Repository/DES/Page_data-exchange/button_Save")): Object: 'Object Repository/DES/Page_data-exchange/button_Save' is clicked on

21-10-2025T18:55:22 - [MESSAGE][PASSED] - Object: 'Object Repository/DES/Page_data-exchange/button_Save' is clicked on

21-10-2025T18:55:22 - [TEST_STEP][PASSED] - delay(5): Delayed 5 second(s)

21-10-2025T18:55:27 - [MESSAGE][PASSED] - Delayed 5 second(s)

21-10-2025T18:55:27 - [TEST_STEP][PASSED] - verifyElementText(findTestObject("Object Repository/DES/Page_data-exchange/h3_Financial Data - Accruals (FIN-ACC)"), "Financial Data - Accruals (FIN-ACC)"): Actual text and expected text of test object 'Object Repository/DES/Page_data-exchange/h3_Financial Data - Accruals (FIN-ACC)' are matched.

21-10-2025T18:55:27 - [MESSAGE][PASSED] - Actual text and expected text of test object 'Object Repository/DES/Page_data-exchange/h3_Financial Data - Accruals (FIN-ACC)' are matched.

21-10-2025T18:55:27 - [TEST_STEP][PASSED] - verifyElementText(findTestObject("Object Repository/DES/Page_data-exchange/span_Inbound"), "Inbound"): Actual text and expected text of test object 'Object Repository/DES/Page_data-exchange/span_Inbound' are matched.

21-10-2025T18:55:27 - [MESSAGE][PASSED] - Actual text and expected text of test object 'Object Repository/DES/Page_data-exchange/span_Inbound' are matched.

21-10-2025T18:55:27 - [TEST_STEP][PASSED] - closeBrowser(): Browser is closed

21-10-2025T18:55:27 - [MESSAGE][PASSED] - Browser is closed

21-10-2025T18:55:27 - [TEST_STEP][PASSED] - Start listener action : retryOnDisconnect: null

21-10-2025T18:55:27 - [TEST_STEP][PASSED] - tcId = testCaseContext.getTestCaseId(): null

21-10-2025T18:55:27 - [TEST_STEP][PASSED] - currentRetry = retryCounts.getOrDefault(tcId, 0): null

21-10-2025T18:55:27 - [TEST_STEP][PASSED] - if (testCaseContext.getTestCaseStatus() == "FAILED" && currentRetry < MAX_RETRIES): null]]></system-out>
         <system-err><![CDATA[]]></system-err>
      </testcase>
      <testcase name="Test Cases/DES/Trading Partners Page/Subscription/Inbound/AddFIN-INVInboundSubscription" time="46.863" classname="Test Cases/DES/Trading Partners Page/Subscription/Inbound/AddFIN-INVInboundSubscription" status="PASSED">
         <system-out><![CDATA[21-10-2025T18:55:27 - [TEST_CASE][PASSED] - Test Cases/DES/Trading Partners Page/Subscription/Inbound/AddFIN-INVInboundSubscription: Test Cases/DES/Trading Partners Page/Subscription/Inbound/AddFIN-INVInboundSubscription

21-10-2025T18:55:27 - [TEST_STEP][PASSED] - Start listener action : beforeTestCase: null

21-10-2025T18:55:27 - [TEST_STEP][PASSED] - addDefaultPackages(): null

21-10-2025T18:55:27 - [TEST_STEP][PASSED] - callTestCase(findTestCase("DES/DES Login"), [:], STOP_ON_FAILURE): Call Test Case 'Test Cases/DES/DES Login' successfully

21-10-2025T18:55:27 - [TEST_CASE][PASSED] - Test Cases/DES/DES Login: Test Cases/DES/DES Login

21-10-2025T18:55:27 - [TEST_STEP][PASSED] - openBrowser(""): Browser is opened with url: ''

21-10-2025T18:55:27 - [MESSAGE][INFO] - Starting 'Chrome' driver

21-10-2025T18:55:27 - [MESSAGE][INFO] - User set preference: ['args', '[--no-sandbox, --disable-gpu, --disable-dev-shm-usage]']

21-10-2025T18:55:27 - [MESSAGE][INFO] - Action delay is set to 0 milliseconds

21-10-2025T18:55:28 - [MESSAGE][PASSED] - Browser is opened with url: ''

21-10-2025T18:55:28 - [TEST_STEP][PASSED] - maximizeWindow(): Current window maximized

21-10-2025T18:55:28 - [MESSAGE][PASSED] - Current window maximized

21-10-2025T18:55:28 - [TEST_STEP][PASSED] - delay(10): Delayed 10 second(s)

21-10-2025T18:55:38 - [MESSAGE][PASSED] - Delayed 10 second(s)

21-10-2025T18:55:38 - [TEST_STEP][PASSED] - navigateToUrl("https://dx-portal.qa.thekag.com/"): Navigate to 'https://dx-portal.qa.thekag.com/' successfully

21-10-2025T18:55:39 - [MESSAGE][PASSED] - Navigate to 'https://dx-portal.qa.thekag.com/' successfully

21-10-2025T18:55:39 - [TEST_STEP][PASSED] - delay(5): Delayed 5 second(s)

21-10-2025T18:55:44 - [MESSAGE][PASSED] - Delayed 5 second(s)

21-10-2025T18:55:44 - [TEST_STEP][PASSED] - setText(findTestObject("Object Repository/Page_IdentityServer4/input_Username (e.g. email address)_Username"), "Chris.Sheldon+DES_QA@Thekag.com"): Text 'Chris.Sheldon+DES_QA@Thekag.com' is set on object 'Object Repository/Page_IdentityServer4/input_Username (e.g. email address)_Username'

21-10-2025T18:55:44 - [MESSAGE][PASSED] - Text 'Chris.Sheldon+DES_QA@Thekag.com' is set on object 'Object Repository/Page_IdentityServer4/input_Username (e.g. email address)_Username'

21-10-2025T18:55:44 - [TEST_STEP][PASSED] - setEncryptedText(findTestObject("Page_IdentityServer4/input_Password_Password"), "BtpyPJuZxPz9EFo3Zi2c4Q=="): Text ****** has been set on object 'Object Repository/Page_IdentityServer4/input_Password_Password'

21-10-2025T18:55:44 - [MESSAGE][PASSED] - Text ****** has been set on object 'Object Repository/Page_IdentityServer4/input_Password_Password'

21-10-2025T18:55:44 - [TEST_STEP][PASSED] - click(findTestObject("Object Repository/Page_IdentityServer4/button_Login")): Object: 'Object Repository/Page_IdentityServer4/button_Login' is clicked on

21-10-2025T18:55:44 - [MESSAGE][PASSED] - Object: 'Object Repository/Page_IdentityServer4/button_Login' is clicked on

21-10-2025T18:55:44 - [TEST_STEP][PASSED] - delay(5): Delayed 5 second(s)

21-10-2025T18:55:49 - [MESSAGE][PASSED] - Delayed 5 second(s)

21-10-2025T18:55:49 - [MESSAGE][PASSED] - Call Test Case 'Test Cases/DES/DES Login' successfully

21-10-2025T18:55:49 - [TEST_STEP][PASSED] - setText(findTestObject("Object Repository/DES/Trading Partners Page/Search Trading Partner_input_txt"), "Katalon Trading"): Text 'Katalon Trading' is set on object 'Object Repository/DES/Trading Partners Page/Search Trading Partner_input_txt'

21-10-2025T18:55:50 - [MESSAGE][PASSED] - Text 'Katalon Trading' is set on object 'Object Repository/DES/Trading Partners Page/Search Trading Partner_input_txt'

21-10-2025T18:55:50 - [TEST_STEP][PASSED] - delay(5): Delayed 5 second(s)

21-10-2025T18:55:55 - [MESSAGE][PASSED] - Delayed 5 second(s)

21-10-2025T18:55:55 - [TEST_STEP][PASSED] - click(findTestObject("DES/TradingPartners/Katalon Trading TP View_btn")): Object: 'Object Repository/DES/TradingPartners/Katalon Trading TP View_btn' is clicked on

21-10-2025T18:55:55 - [MESSAGE][PASSED] - Object: 'Object Repository/DES/TradingPartners/Katalon Trading TP View_btn' is clicked on

21-10-2025T18:55:55 - [TEST_STEP][PASSED] - click(findTestObject("DES/TradingPartners/Subscription/Subscription Tab")): Object: 'Object Repository/DES/TradingPartners/Subscription/Subscription Tab' is clicked on

21-10-2025T18:55:56 - [MESSAGE][PASSED] - Object: 'Object Repository/DES/TradingPartners/Subscription/Subscription Tab' is clicked on

21-10-2025T18:55:56 - [TEST_STEP][PASSED] - delay(5): Delayed 5 second(s)

21-10-2025T18:56:01 - [MESSAGE][PASSED] - Delayed 5 second(s)

21-10-2025T18:56:01 - [TEST_STEP][PASSED] - click(findTestObject("Object Repository/Page_data-exchange/button_Add Subscription")): Object: 'Object Repository/Page_data-exchange/button_Add Subscription' is clicked on

21-10-2025T18:56:01 - [MESSAGE][PASSED] - Object: 'Object Repository/Page_data-exchange/button_Add Subscription' is clicked on

21-10-2025T18:56:01 - [TEST_STEP][PASSED] - delay(5): Delayed 5 second(s)

21-10-2025T18:56:06 - [MESSAGE][PASSED] - Delayed 5 second(s)

21-10-2025T18:56:06 - [TEST_STEP][PASSED] - selectOptionByValue(findTestObject("Object Repository/DES/Page_data-exchange/select_Select a Transaction TypeFinancial D_642f55"), "13", true): All options with value '13' are selected in object 'Object Repository/DES/Page_data-exchange/select_Select a Transaction TypeFinancial D_642f55'  using regular expression

21-10-2025T18:56:07 - [MESSAGE][PASSED] - All options with value '13' are selected in object 'Object Repository/DES/Page_data-exchange/select_Select a Transaction TypeFinancial D_642f55'  using regular expression

21-10-2025T18:56:07 - [TEST_STEP][PASSED] - delay(2): Delayed 2 second(s)

21-10-2025T18:56:09 - [MESSAGE][PASSED] - Delayed 2 second(s)

21-10-2025T18:56:09 - [TEST_STEP][PASSED] - selectOptionByValue(findTestObject("Object Repository/DES/Page_data-exchange/select_Select.InboundOutbound"), "in", true): All options with value 'in' are selected in object 'Object Repository/DES/Page_data-exchange/select_Select.InboundOutbound'  using regular expression

21-10-2025T18:56:09 - [MESSAGE][PASSED] - All options with value 'in' are selected in object 'Object Repository/DES/Page_data-exchange/select_Select.InboundOutbound'  using regular expression

21-10-2025T18:56:09 - [TEST_STEP][PASSED] - click(findTestObject("Object Repository/DES/Page_data-exchange/button_Save")): Object: 'Object Repository/DES/Page_data-exchange/button_Save' is clicked on

21-10-2025T18:56:09 - [MESSAGE][PASSED] - Object: 'Object Repository/DES/Page_data-exchange/button_Save' is clicked on

21-10-2025T18:56:09 - [TEST_STEP][PASSED] - delay(5): Delayed 5 second(s)

21-10-2025T18:56:14 - [MESSAGE][PASSED] - Delayed 5 second(s)

21-10-2025T18:56:14 - [TEST_STEP][PASSED] - verifyElementText(findTestObject("Object Repository/DES/Page_data-exchange/h3_Financial Data - Invoice (FIN-INV)"), "Financial Data - Invoice (FIN-INV)"): Actual text and expected text of test object 'Object Repository/DES/Page_data-exchange/h3_Financial Data - Invoice (FIN-INV)' are matched.

21-10-2025T18:56:14 - [MESSAGE][PASSED] - Actual text and expected text of test object 'Object Repository/DES/Page_data-exchange/h3_Financial Data - Invoice (FIN-INV)' are matched.

21-10-2025T18:56:14 - [TEST_STEP][PASSED] - verifyElementText(findTestObject("Object Repository/DES/Page_data-exchange/span_Inbound"), "Inbound"): Actual text and expected text of test object 'Object Repository/DES/Page_data-exchange/span_Inbound' are matched.

21-10-2025T18:56:14 - [MESSAGE][PASSED] - Actual text and expected text of test object 'Object Repository/DES/Page_data-exchange/span_Inbound' are matched.

21-10-2025T18:56:14 - [TEST_STEP][PASSED] - closeBrowser(): Browser is closed

21-10-2025T18:56:14 - [MESSAGE][PASSED] - Browser is closed

21-10-2025T18:56:14 - [TEST_STEP][PASSED] - Start listener action : retryOnDisconnect: null

21-10-2025T18:56:14 - [TEST_STEP][PASSED] - tcId = testCaseContext.getTestCaseId(): null

21-10-2025T18:56:14 - [TEST_STEP][PASSED] - currentRetry = retryCounts.getOrDefault(tcId, 0): null

21-10-2025T18:56:14 - [TEST_STEP][PASSED] - if (testCaseContext.getTestCaseStatus() == "FAILED" && currentRetry < MAX_RETRIES): null]]></system-out>
         <system-err><![CDATA[]]></system-err>
      </testcase>
      <testcase name="Test Cases/DES/Trading Partners Page/Subscription/Inbound/AddInventoryInboundSubscription" time="38.699" classname="Test Cases/DES/Trading Partners Page/Subscription/Inbound/AddInventoryInboundSubscription" status="PASSED">
         <system-out><![CDATA[21-10-2025T18:56:14 - [TEST_CASE][PASSED] - Test Cases/DES/Trading Partners Page/Subscription/Inbound/AddInventoryInboundSubscription: Test Cases/DES/Trading Partners Page/Subscription/Inbound/AddInventoryInboundSubscription

21-10-2025T18:56:14 - [TEST_STEP][PASSED] - Start listener action : beforeTestCase: null

21-10-2025T18:56:14 - [TEST_STEP][PASSED] - addDefaultPackages(): null

21-10-2025T18:56:14 - [TEST_STEP][PASSED] - callTestCase(findTestCase("DES/DES Login"), [:], STOP_ON_FAILURE): Call Test Case 'Test Cases/DES/DES Login' successfully

21-10-2025T18:56:14 - [TEST_CASE][PASSED] - Test Cases/DES/DES Login: Test Cases/DES/DES Login

21-10-2025T18:56:14 - [TEST_STEP][PASSED] - openBrowser(""): Browser is opened with url: ''

21-10-2025T18:56:14 - [MESSAGE][INFO] - Starting 'Chrome' driver

21-10-2025T18:56:14 - [MESSAGE][INFO] - User set preference: ['args', '[--no-sandbox, --disable-gpu, --disable-dev-shm-usage]']

21-10-2025T18:56:14 - [MESSAGE][INFO] - Action delay is set to 0 milliseconds

21-10-2025T18:56:15 - [MESSAGE][PASSED] - Browser is opened with url: ''

21-10-2025T18:56:15 - [TEST_STEP][PASSED] - maximizeWindow(): Current window maximized

21-10-2025T18:56:15 - [MESSAGE][PASSED] - Current window maximized

21-10-2025T18:56:15 - [TEST_STEP][PASSED] - delay(10): Delayed 10 second(s)

21-10-2025T18:56:25 - [MESSAGE][PASSED] - Delayed 10 second(s)

21-10-2025T18:56:25 - [TEST_STEP][PASSED] - navigateToUrl("https://dx-portal.qa.thekag.com/"): Navigate to 'https://dx-portal.qa.thekag.com/' successfully

21-10-2025T18:56:25 - [MESSAGE][PASSED] - Navigate to 'https://dx-portal.qa.thekag.com/' successfully

21-10-2025T18:56:25 - [TEST_STEP][PASSED] - delay(5): Delayed 5 second(s)

21-10-2025T18:56:30 - [MESSAGE][PASSED] - Delayed 5 second(s)

21-10-2025T18:56:30 - [TEST_STEP][PASSED] - setText(findTestObject("Object Repository/Page_IdentityServer4/input_Username (e.g. email address)_Username"), "Chris.Sheldon+DES_QA@Thekag.com"): Text 'Chris.Sheldon+DES_QA@Thekag.com' is set on object 'Object Repository/Page_IdentityServer4/input_Username (e.g. email address)_Username'

21-10-2025T18:56:31 - [MESSAGE][PASSED] - Text 'Chris.Sheldon+DES_QA@Thekag.com' is set on object 'Object Repository/Page_IdentityServer4/input_Username (e.g. email address)_Username'

21-10-2025T18:56:31 - [TEST_STEP][PASSED] - setEncryptedText(findTestObject("Page_IdentityServer4/input_Password_Password"), "BtpyPJuZxPz9EFo3Zi2c4Q=="): Text ****** has been set on object 'Object Repository/Page_IdentityServer4/input_Password_Password'

21-10-2025T18:56:31 - [MESSAGE][PASSED] - Text ****** has been set on object 'Object Repository/Page_IdentityServer4/input_Password_Password'

21-10-2025T18:56:31 - [TEST_STEP][PASSED] - click(findTestObject("Object Repository/Page_IdentityServer4/button_Login")): Object: 'Object Repository/Page_IdentityServer4/button_Login' is clicked on

21-10-2025T18:56:31 - [MESSAGE][PASSED] - Object: 'Object Repository/Page_IdentityServer4/button_Login' is clicked on

21-10-2025T18:56:31 - [TEST_STEP][PASSED] - delay(5): Delayed 5 second(s)

21-10-2025T18:56:36 - [MESSAGE][PASSED] - Delayed 5 second(s)

21-10-2025T18:56:36 - [MESSAGE][PASSED] - Call Test Case 'Test Cases/DES/DES Login' successfully

21-10-2025T18:56:36 - [TEST_STEP][PASSED] - setText(findTestObject("Object Repository/DES/Trading Partners Page/Search Trading Partner_input_txt"), "Katalon Trading Partner"): Text 'Katalon Trading Partner' is set on object 'Object Repository/DES/Trading Partners Page/Search Trading Partner_input_txt'

21-10-2025T18:56:37 - [MESSAGE][PASSED] - Text 'Katalon Trading Partner' is set on object 'Object Repository/DES/Trading Partners Page/Search Trading Partner_input_txt'

21-10-2025T18:56:37 - [TEST_STEP][PASSED] - delay(5): Delayed 5 second(s)

21-10-2025T18:56:42 - [MESSAGE][PASSED] - Delayed 5 second(s)

21-10-2025T18:56:42 - [TEST_STEP][PASSED] - click(findTestObject("DES/TradingPartners/Katalon Trading TP View_btn")): Object: 'Object Repository/DES/TradingPartners/Katalon Trading TP View_btn' is clicked on

21-10-2025T18:56:42 - [MESSAGE][PASSED] - Object: 'Object Repository/DES/TradingPartners/Katalon Trading TP View_btn' is clicked on

21-10-2025T18:56:42 - [TEST_STEP][PASSED] - click(findTestObject("DES/TradingPartners/Subscription/Subscription Tab")): Object: 'Object Repository/DES/TradingPartners/Subscription/Subscription Tab' is clicked on

21-10-2025T18:56:43 - [MESSAGE][PASSED] - Object: 'Object Repository/DES/TradingPartners/Subscription/Subscription Tab' is clicked on

21-10-2025T18:56:43 - [TEST_STEP][PASSED] - delay(3): Delayed 3 second(s)

21-10-2025T18:56:46 - [MESSAGE][PASSED] - Delayed 3 second(s)

21-10-2025T18:56:46 - [TEST_STEP][PASSED] - click(findTestObject("Object Repository/Page_data-exchange/button_Add Subscription")): Object: 'Object Repository/Page_data-exchange/button_Add Subscription' is clicked on

21-10-2025T18:56:46 - [MESSAGE][PASSED] - Object: 'Object Repository/Page_data-exchange/button_Add Subscription' is clicked on

21-10-2025T18:56:46 - [TEST_STEP][PASSED] - waitForElementClickable(findTestObject("Object Repository/DES/Page_data-exchange/select_Select a Transaction TypeFinancial D_b064cf"), 30, STOP_ON_FAILURE): Object 'Object Repository/DES/Page_data-exchange/select_Select a Transaction TypeFinancial D_b064cf' is clickable

21-10-2025T18:56:47 - [MESSAGE][PASSED] - Object 'Object Repository/DES/Page_data-exchange/select_Select a Transaction TypeFinancial D_b064cf' is clickable

21-10-2025T18:56:47 - [TEST_STEP][PASSED] - selectOptionByValue(findTestObject("Object Repository/DES/Page_data-exchange/select_Select a Transaction TypeFinancial D_b064cf"), "15", true): All options with value '15' are selected in object 'Object Repository/DES/Page_data-exchange/select_Select a Transaction TypeFinancial D_b064cf'  using regular expression

21-10-2025T18:56:47 - [MESSAGE][PASSED] - All options with value '15' are selected in object 'Object Repository/DES/Page_data-exchange/select_Select a Transaction TypeFinancial D_b064cf'  using regular expression

21-10-2025T18:56:47 - [TEST_STEP][PASSED] - selectOptionByValue(findTestObject("Object Repository/DES/Page_data-exchange/select_Select.InboundOutbound"), "in", true): All options with value 'in' are selected in object 'Object Repository/DES/Page_data-exchange/select_Select.InboundOutbound'  using regular expression

21-10-2025T18:56:47 - [MESSAGE][PASSED] - All options with value 'in' are selected in object 'Object Repository/DES/Page_data-exchange/select_Select.InboundOutbound'  using regular expression

21-10-2025T18:56:47 - [TEST_STEP][PASSED] - click(findTestObject("Object Repository/DES/Page_data-exchange/button_Save")): Object: 'Object Repository/DES/Page_data-exchange/button_Save' is clicked on

21-10-2025T18:56:48 - [MESSAGE][PASSED] - Object: 'Object Repository/DES/Page_data-exchange/button_Save' is clicked on

21-10-2025T18:56:48 - [TEST_STEP][PASSED] - delay(5): Delayed 5 second(s)

21-10-2025T18:56:53 - [MESSAGE][PASSED] - Delayed 5 second(s)

21-10-2025T18:56:53 - [TEST_STEP][PASSED] - verifyElementText(findTestObject("Object Repository/DES/Page_data-exchange/h3_Inventory Management (Inventory)"), "Inventory Management (Inventory)"): Actual text and expected text of test object 'Object Repository/DES/Page_data-exchange/h3_Inventory Management (Inventory)' are matched.

21-10-2025T18:56:53 - [MESSAGE][PASSED] - Actual text and expected text of test object 'Object Repository/DES/Page_data-exchange/h3_Inventory Management (Inventory)' are matched.

21-10-2025T18:56:53 - [TEST_STEP][PASSED] - verifyElementText(findTestObject("Object Repository/DES/Page_data-exchange/span_Inbound"), "Inbound"): Actual text and expected text of test object 'Object Repository/DES/Page_data-exchange/span_Inbound' are matched.

21-10-2025T18:56:53 - [MESSAGE][PASSED] - Actual text and expected text of test object 'Object Repository/DES/Page_data-exchange/span_Inbound' are matched.

21-10-2025T18:56:53 - [TEST_STEP][PASSED] - closeBrowser(): Browser is closed

21-10-2025T18:56:53 - [MESSAGE][PASSED] - Browser is closed

21-10-2025T18:56:53 - [TEST_STEP][PASSED] - Start listener action : retryOnDisconnect: null

21-10-2025T18:56:53 - [TEST_STEP][PASSED] - tcId = testCaseContext.getTestCaseId(): null

21-10-2025T18:56:53 - [TEST_STEP][PASSED] - currentRetry = retryCounts.getOrDefault(tcId, 0): null

21-10-2025T18:56:53 - [TEST_STEP][PASSED] - if (testCaseContext.getTestCaseStatus() == "FAILED" && currentRetry < MAX_RETRIES): null]]></system-out>
         <system-err><![CDATA[]]></system-err>
      </testcase>
      <testcase name="Test Cases/DES/Trading Partners Page/Subscription/Inbound/AddLTInboundSubscription" time="46.661" classname="Test Cases/DES/Trading Partners Page/Subscription/Inbound/AddLTInboundSubscription" status="PASSED">
         <system-out><![CDATA[21-10-2025T18:56:53 - [TEST_CASE][PASSED] - Test Cases/DES/Trading Partners Page/Subscription/Inbound/AddLTInboundSubscription: Test Cases/DES/Trading Partners Page/Subscription/Inbound/AddLTInboundSubscription

21-10-2025T18:56:53 - [TEST_STEP][PASSED] - Start listener action : beforeTestCase: null

21-10-2025T18:56:53 - [TEST_STEP][PASSED] - addDefaultPackages(): null

21-10-2025T18:56:53 - [TEST_STEP][PASSED] - callTestCase(findTestCase("DES/DES Login"), [:], STOP_ON_FAILURE): Call Test Case 'Test Cases/DES/DES Login' successfully

21-10-2025T18:56:53 - [TEST_CASE][PASSED] - Test Cases/DES/DES Login: Test Cases/DES/DES Login

21-10-2025T18:56:53 - [TEST_STEP][PASSED] - openBrowser(""): Browser is opened with url: ''

21-10-2025T18:56:53 - [MESSAGE][INFO] - Starting 'Chrome' driver

21-10-2025T18:56:53 - [MESSAGE][INFO] - User set preference: ['args', '[--no-sandbox, --disable-gpu, --disable-dev-shm-usage]']

21-10-2025T18:56:53 - [MESSAGE][INFO] - Action delay is set to 0 milliseconds

21-10-2025T18:56:54 - [MESSAGE][PASSED] - Browser is opened with url: ''

21-10-2025T18:56:54 - [TEST_STEP][PASSED] - maximizeWindow(): Current window maximized

21-10-2025T18:56:54 - [MESSAGE][PASSED] - Current window maximized

21-10-2025T18:56:54 - [TEST_STEP][PASSED] - delay(10): Delayed 10 second(s)

21-10-2025T18:57:04 - [MESSAGE][PASSED] - Delayed 10 second(s)

21-10-2025T18:57:04 - [TEST_STEP][PASSED] - navigateToUrl("https://dx-portal.qa.thekag.com/"): Navigate to 'https://dx-portal.qa.thekag.com/' successfully

21-10-2025T18:57:04 - [MESSAGE][PASSED] - Navigate to 'https://dx-portal.qa.thekag.com/' successfully

21-10-2025T18:57:04 - [TEST_STEP][PASSED] - delay(5): Delayed 5 second(s)

21-10-2025T18:57:09 - [MESSAGE][PASSED] - Delayed 5 second(s)

21-10-2025T18:57:09 - [TEST_STEP][PASSED] - setText(findTestObject("Object Repository/Page_IdentityServer4/input_Username (e.g. email address)_Username"), "Chris.Sheldon+DES_QA@Thekag.com"): Text 'Chris.Sheldon+DES_QA@Thekag.com' is set on object 'Object Repository/Page_IdentityServer4/input_Username (e.g. email address)_Username'

21-10-2025T18:57:10 - [MESSAGE][PASSED] - Text 'Chris.Sheldon+DES_QA@Thekag.com' is set on object 'Object Repository/Page_IdentityServer4/input_Username (e.g. email address)_Username'

21-10-2025T18:57:10 - [TEST_STEP][PASSED] - setEncryptedText(findTestObject("Page_IdentityServer4/input_Password_Password"), "BtpyPJuZxPz9EFo3Zi2c4Q=="): Text ****** has been set on object 'Object Repository/Page_IdentityServer4/input_Password_Password'

21-10-2025T18:57:10 - [MESSAGE][PASSED] - Text ****** has been set on object 'Object Repository/Page_IdentityServer4/input_Password_Password'

21-10-2025T18:57:10 - [TEST_STEP][PASSED] - click(findTestObject("Object Repository/Page_IdentityServer4/button_Login")): Object: 'Object Repository/Page_IdentityServer4/button_Login' is clicked on

21-10-2025T18:57:10 - [MESSAGE][PASSED] - Object: 'Object Repository/Page_IdentityServer4/button_Login' is clicked on

21-10-2025T18:57:10 - [TEST_STEP][PASSED] - delay(5): Delayed 5 second(s)

21-10-2025T18:57:15 - [MESSAGE][PASSED] - Delayed 5 second(s)

21-10-2025T18:57:15 - [MESSAGE][PASSED] - Call Test Case 'Test Cases/DES/DES Login' successfully

21-10-2025T18:57:15 - [TEST_STEP][PASSED] - setText(findTestObject("Object Repository/DES/Trading Partners Page/Search Trading Partner_input_txt"), "Katalon Trading"): Text 'Katalon Trading' is set on object 'Object Repository/DES/Trading Partners Page/Search Trading Partner_input_txt'

21-10-2025T18:57:15 - [MESSAGE][PASSED] - Text 'Katalon Trading' is set on object 'Object Repository/DES/Trading Partners Page/Search Trading Partner_input_txt'

21-10-2025T18:57:15 - [TEST_STEP][PASSED] - delay(5): Delayed 5 second(s)

21-10-2025T18:57:20 - [MESSAGE][PASSED] - Delayed 5 second(s)

21-10-2025T18:57:20 - [TEST_STEP][PASSED] - click(findTestObject("Object Repository/DES/Page_data-exchange/button_View")): Object: 'Object Repository/DES/Page_data-exchange/button_View' is clicked on

21-10-2025T18:57:20 - [MESSAGE][PASSED] - Object: 'Object Repository/DES/Page_data-exchange/button_View' is clicked on

21-10-2025T18:57:20 - [TEST_STEP][PASSED] - delay(5): Delayed 5 second(s)

21-10-2025T18:57:25 - [MESSAGE][PASSED] - Delayed 5 second(s)

21-10-2025T18:57:25 - [TEST_STEP][PASSED] - click(findTestObject("DES/TradingPartners/Subscription/Subscription Tab")): Object: 'Object Repository/DES/TradingPartners/Subscription/Subscription Tab' is clicked on

21-10-2025T18:57:26 - [MESSAGE][PASSED] - Object: 'Object Repository/DES/TradingPartners/Subscription/Subscription Tab' is clicked on

21-10-2025T18:57:26 - [TEST_STEP][PASSED] - delay(3): Delayed 3 second(s)

21-10-2025T18:57:29 - [MESSAGE][PASSED] - Delayed 3 second(s)

21-10-2025T18:57:29 - [TEST_STEP][PASSED] - click(findTestObject("Object Repository/Page_data-exchange/button_Add Subscription")): Object: 'Object Repository/Page_data-exchange/button_Add Subscription' is clicked on

21-10-2025T18:57:29 - [MESSAGE][PASSED] - Object: 'Object Repository/Page_data-exchange/button_Add Subscription' is clicked on

21-10-2025T18:57:29 - [TEST_STEP][PASSED] - delay(5): Delayed 5 second(s)

21-10-2025T18:57:34 - [MESSAGE][PASSED] - Delayed 5 second(s)

21-10-2025T18:57:34 - [TEST_STEP][PASSED] - selectOptionByValue(findTestObject("Object Repository/DES/Page_data-exchange/select_Select a Transaction TypeFinancial D_642f55"), "1", true): All options with value '1' are selected in object 'Object Repository/DES/Page_data-exchange/select_Select a Transaction TypeFinancial D_642f55'  using regular expression

21-10-2025T18:57:34 - [MESSAGE][PASSED] - All options with value '1' are selected in object 'Object Repository/DES/Page_data-exchange/select_Select a Transaction TypeFinancial D_642f55'  using regular expression

21-10-2025T18:57:34 - [TEST_STEP][PASSED] - selectOptionByValue(findTestObject("Object Repository/DES/Page_data-exchange/select_Select.Inbound"), "in", true): All options with value 'in' are selected in object 'Object Repository/DES/Page_data-exchange/select_Select.Inbound'  using regular expression

21-10-2025T18:57:34 - [MESSAGE][PASSED] - All options with value 'in' are selected in object 'Object Repository/DES/Page_data-exchange/select_Select.Inbound'  using regular expression

21-10-2025T18:57:34 - [TEST_STEP][PASSED] - click(findTestObject("Object Repository/DES/Page_data-exchange/button_Save")): Object: 'Object Repository/DES/Page_data-exchange/button_Save' is clicked on

21-10-2025T18:57:34 - [MESSAGE][PASSED] - Object: 'Object Repository/DES/Page_data-exchange/button_Save' is clicked on

21-10-2025T18:57:34 - [TEST_STEP][PASSED] - delay(5): Delayed 5 second(s)

21-10-2025T18:57:39 - [MESSAGE][PASSED] - Delayed 5 second(s)

21-10-2025T18:57:39 - [TEST_STEP][PASSED] - verifyElementPresent(findTestObject("Object Repository/DES/Page_data-exchange/h3_Load Tender (LT)"), 30): Object 'Object Repository/DES/Page_data-exchange/h3_Load Tender (LT)' is present

21-10-2025T18:57:39 - [MESSAGE][PASSED] - Object 'Object Repository/DES/Page_data-exchange/h3_Load Tender (LT)' is present

21-10-2025T18:57:39 - [TEST_STEP][PASSED] - closeBrowser(): Browser is closed

21-10-2025T18:57:39 - [MESSAGE][PASSED] - Browser is closed

21-10-2025T18:57:39 - [TEST_STEP][PASSED] - Start listener action : retryOnDisconnect: null

21-10-2025T18:57:39 - [TEST_STEP][PASSED] - tcId = testCaseContext.getTestCaseId(): null

21-10-2025T18:57:39 - [TEST_STEP][PASSED] - currentRetry = retryCounts.getOrDefault(tcId, 0): null

21-10-2025T18:57:39 - [TEST_STEP][PASSED] - if (testCaseContext.getTestCaseStatus() == "FAILED" && currentRetry < MAX_RETRIES): null]]></system-out>
         <system-err><![CDATA[]]></system-err>
      </testcase>
      <testcase name="Test Cases/DES/Trading Partners Page/Subscription/Inbound/AddSSMInboundSubscription" time="59.077" classname="Test Cases/DES/Trading Partners Page/Subscription/Inbound/AddSSMInboundSubscription" status="PASSED">
         <system-out><![CDATA[21-10-2025T18:57:39 - [TEST_CASE][PASSED] - Test Cases/DES/Trading Partners Page/Subscription/Inbound/AddSSMInboundSubscription: Test Cases/DES/Trading Partners Page/Subscription/Inbound/AddSSMInboundSubscription

21-10-2025T18:57:39 - [TEST_STEP][PASSED] - Start listener action : beforeTestCase: null

21-10-2025T18:57:39 - [TEST_STEP][PASSED] - addDefaultPackages(): null

21-10-2025T18:57:39 - [TEST_STEP][PASSED] - callTestCase(findTestCase("DES/DES Login"), [:], STOP_ON_FAILURE): Call Test Case 'Test Cases/DES/DES Login' successfully

21-10-2025T18:57:39 - [TEST_CASE][PASSED] - Test Cases/DES/DES Login: Test Cases/DES/DES Login

21-10-2025T18:57:39 - [TEST_STEP][PASSED] - openBrowser(""): Browser is opened with url: ''

21-10-2025T18:57:40 - [MESSAGE][INFO] - Starting 'Chrome' driver

21-10-2025T18:57:40 - [MESSAGE][INFO] - User set preference: ['args', '[--no-sandbox, --disable-gpu, --disable-dev-shm-usage]']

21-10-2025T18:57:40 - [MESSAGE][INFO] - Action delay is set to 0 milliseconds

21-10-2025T18:57:41 - [MESSAGE][PASSED] - Browser is opened with url: ''

21-10-2025T18:57:41 - [TEST_STEP][PASSED] - maximizeWindow(): Current window maximized

21-10-2025T18:57:41 - [MESSAGE][PASSED] - Current window maximized

21-10-2025T18:57:41 - [TEST_STEP][PASSED] - delay(10): Delayed 10 second(s)

21-10-2025T18:57:51 - [MESSAGE][PASSED] - Delayed 10 second(s)

21-10-2025T18:57:51 - [TEST_STEP][PASSED] - navigateToUrl("https://dx-portal.qa.thekag.com/"): Navigate to 'https://dx-portal.qa.thekag.com/' successfully

21-10-2025T18:57:51 - [MESSAGE][PASSED] - Navigate to 'https://dx-portal.qa.thekag.com/' successfully

21-10-2025T18:57:51 - [TEST_STEP][PASSED] - delay(5): Delayed 5 second(s)

21-10-2025T18:57:56 - [MESSAGE][PASSED] - Delayed 5 second(s)

21-10-2025T18:57:56 - [TEST_STEP][PASSED] - setText(findTestObject("Object Repository/Page_IdentityServer4/input_Username (e.g. email address)_Username"), "Chris.Sheldon+DES_QA@Thekag.com"): Text 'Chris.Sheldon+DES_QA@Thekag.com' is set on object 'Object Repository/Page_IdentityServer4/input_Username (e.g. email address)_Username'

21-10-2025T18:57:56 - [MESSAGE][PASSED] - Text 'Chris.Sheldon+DES_QA@Thekag.com' is set on object 'Object Repository/Page_IdentityServer4/input_Username (e.g. email address)_Username'

21-10-2025T18:57:56 - [TEST_STEP][PASSED] - setEncryptedText(findTestObject("Page_IdentityServer4/input_Password_Password"), "BtpyPJuZxPz9EFo3Zi2c4Q=="): Text ****** has been set on object 'Object Repository/Page_IdentityServer4/input_Password_Password'

21-10-2025T18:57:56 - [MESSAGE][PASSED] - Text ****** has been set on object 'Object Repository/Page_IdentityServer4/input_Password_Password'

21-10-2025T18:57:56 - [TEST_STEP][PASSED] - click(findTestObject("Object Repository/Page_IdentityServer4/button_Login")): Object: 'Object Repository/Page_IdentityServer4/button_Login' is clicked on

21-10-2025T18:57:57 - [MESSAGE][PASSED] - Object: 'Object Repository/Page_IdentityServer4/button_Login' is clicked on

21-10-2025T18:57:57 - [TEST_STEP][PASSED] - delay(5): Delayed 5 second(s)

21-10-2025T18:58:02 - [MESSAGE][PASSED] - Delayed 5 second(s)

21-10-2025T18:58:02 - [MESSAGE][PASSED] - Call Test Case 'Test Cases/DES/DES Login' successfully

21-10-2025T18:58:02 - [TEST_STEP][PASSED] - setText(findTestObject("Object Repository/DES/Trading Partners Page/Search Trading Partner_input_txt"), "Katalon Trading"): Text 'Katalon Trading' is set on object 'Object Repository/DES/Trading Partners Page/Search Trading Partner_input_txt'

21-10-2025T18:58:02 - [MESSAGE][PASSED] - Text 'Katalon Trading' is set on object 'Object Repository/DES/Trading Partners Page/Search Trading Partner_input_txt'

21-10-2025T18:58:02 - [TEST_STEP][PASSED] - delay(5): Delayed 5 second(s)

21-10-2025T18:58:07 - [MESSAGE][PASSED] - Delayed 5 second(s)

21-10-2025T18:58:07 - [TEST_STEP][PASSED] - click(findTestObject("Object Repository/DES/Page_data-exchange/button_View")): Object: 'Object Repository/DES/Page_data-exchange/button_View' is clicked on

21-10-2025T18:58:07 - [MESSAGE][PASSED] - Object: 'Object Repository/DES/Page_data-exchange/button_View' is clicked on

21-10-2025T18:58:07 - [TEST_STEP][PASSED] - delay(5): Delayed 5 second(s)

21-10-2025T18:58:12 - [MESSAGE][PASSED] - Delayed 5 second(s)

21-10-2025T18:58:12 - [TEST_STEP][PASSED] - click(findTestObject("DES/TradingPartners/Subscription/Subscription Tab")): Object: 'Object Repository/DES/TradingPartners/Subscription/Subscription Tab' is clicked on

21-10-2025T18:58:13 - [MESSAGE][PASSED] - Object: 'Object Repository/DES/TradingPartners/Subscription/Subscription Tab' is clicked on

21-10-2025T18:58:13 - [TEST_STEP][PASSED] - delay(5): Delayed 5 second(s)

21-10-2025T18:58:18 - [MESSAGE][PASSED] - Delayed 5 second(s)

21-10-2025T18:58:18 - [TEST_STEP][PASSED] - click(findTestObject("Object Repository/Page_data-exchange/button_Add Subscription")): Object: 'Object Repository/Page_data-exchange/button_Add Subscription' is clicked on

21-10-2025T18:58:18 - [MESSAGE][PASSED] - Object: 'Object Repository/Page_data-exchange/button_Add Subscription' is clicked on

21-10-2025T18:58:18 - [TEST_STEP][PASSED] - delay(5): Delayed 5 second(s)

21-10-2025T18:58:23 - [MESSAGE][PASSED] - Delayed 5 second(s)

21-10-2025T18:58:23 - [TEST_STEP][PASSED] - selectOptionByValue(findTestObject("Object Repository/DES/Page_data-exchange/select_Select a Transaction TypeFinancial D_b064cf"), "2", true): All options with value '2' are selected in object 'Object Repository/DES/Page_data-exchange/select_Select a Transaction TypeFinancial D_b064cf'  using regular expression

21-10-2025T18:58:23 - [MESSAGE][PASSED] - All options with value '2' are selected in object 'Object Repository/DES/Page_data-exchange/select_Select a Transaction TypeFinancial D_b064cf'  using regular expression

21-10-2025T18:58:23 - [TEST_STEP][PASSED] - delay(5): Delayed 5 second(s)

21-10-2025T18:58:28 - [MESSAGE][PASSED] - Delayed 5 second(s)

21-10-2025T18:58:28 - [TEST_STEP][PASSED] - selectOptionByValue(findTestObject("Object Repository/DES/Page_data-exchange/select_Select.InboundOutbound"), "in", true): All options with value 'in' are selected in object 'Object Repository/DES/Page_data-exchange/select_Select.InboundOutbound'  using regular expression

21-10-2025T18:58:28 - [MESSAGE][PASSED] - All options with value 'in' are selected in object 'Object Repository/DES/Page_data-exchange/select_Select.InboundOutbound'  using regular expression

21-10-2025T18:58:28 - [TEST_STEP][PASSED] - delay(5): Delayed 5 second(s)

21-10-2025T18:58:33 - [MESSAGE][PASSED] - Delayed 5 second(s)

21-10-2025T18:58:33 - [TEST_STEP][PASSED] - click(findTestObject("Object Repository/DES/Page_data-exchange/button_Save")): Object: 'Object Repository/DES/Page_data-exchange/button_Save' is clicked on

21-10-2025T18:58:33 - [MESSAGE][PASSED] - Object: 'Object Repository/DES/Page_data-exchange/button_Save' is clicked on

21-10-2025T18:58:33 - [TEST_STEP][PASSED] - delay(5): Delayed 5 second(s)

21-10-2025T18:58:38 - [MESSAGE][PASSED] - Delayed 5 second(s)

21-10-2025T18:58:38 - [TEST_STEP][PASSED] - verifyElementText(findTestObject("Object Repository/DES/Page_data-exchange/h3_Shipment Status Message (SSM)"), "Shipment Status Message (SSM)"): Actual text and expected text of test object 'Object Repository/DES/Page_data-exchange/h3_Shipment Status Message (SSM)' are matched.

21-10-2025T18:58:38 - [MESSAGE][PASSED] - Actual text and expected text of test object 'Object Repository/DES/Page_data-exchange/h3_Shipment Status Message (SSM)' are matched.

21-10-2025T18:58:38 - [TEST_STEP][PASSED] - verifyElementText(findTestObject("Object Repository/DES/Page_data-exchange/span_Inbound"), "Inbound"): Actual text and expected text of test object 'Object Repository/DES/Page_data-exchange/span_Inbound' are matched.

21-10-2025T18:58:38 - [MESSAGE][PASSED] - Actual text and expected text of test object 'Object Repository/DES/Page_data-exchange/span_Inbound' are matched.

21-10-2025T18:58:38 - [TEST_STEP][PASSED] - closeBrowser(): Browser is closed

21-10-2025T18:58:38 - [MESSAGE][PASSED] - Browser is closed

21-10-2025T18:58:38 - [TEST_STEP][PASSED] - Start listener action : retryOnDisconnect: null

21-10-2025T18:58:38 - [TEST_STEP][PASSED] - tcId = testCaseContext.getTestCaseId(): null

21-10-2025T18:58:38 - [TEST_STEP][PASSED] - currentRetry = retryCounts.getOrDefault(tcId, 0): null

21-10-2025T18:58:38 - [TEST_STEP][PASSED] - if (testCaseContext.getTestCaseStatus() == "FAILED" && currentRetry < MAX_RETRIES): null]]></system-out>
         <system-err><![CDATA[]]></system-err>
      </testcase>
      <testcase name="Test Cases/DES/Trading Partners Page/Subscription/Outbound/AddFAOutboundSubscription" time="76.776" classname="Test Cases/DES/Trading Partners Page/Subscription/Outbound/AddFAOutboundSubscription" status="PASSED">
         <system-out><![CDATA[21-10-2025T18:58:38 - [TEST_CASE][PASSED] - Test Cases/DES/Trading Partners Page/Subscription/Outbound/AddFAOutboundSubscription: Test Cases/DES/Trading Partners Page/Subscription/Outbound/AddFAOutboundSubscription

21-10-2025T18:58:38 - [TEST_STEP][PASSED] - Start listener action : beforeTestCase: null

21-10-2025T18:58:38 - [TEST_STEP][PASSED] - addDefaultPackages(): null

21-10-2025T18:58:39 - [TEST_STEP][PASSED] - callTestCase(findTestCase("DES/DES Login"), [:], STOP_ON_FAILURE): Call Test Case 'Test Cases/DES/DES Login' successfully

21-10-2025T18:58:39 - [TEST_CASE][PASSED] - Test Cases/DES/DES Login: Test Cases/DES/DES Login

21-10-2025T18:58:39 - [TEST_STEP][PASSED] - openBrowser(""): Browser is opened with url: ''

21-10-2025T18:58:39 - [MESSAGE][INFO] - Starting 'Chrome' driver

21-10-2025T18:58:39 - [MESSAGE][INFO] - User set preference: ['args', '[--no-sandbox, --disable-gpu, --disable-dev-shm-usage]']

21-10-2025T18:58:39 - [MESSAGE][INFO] - Action delay is set to 0 milliseconds

21-10-2025T18:58:39 - [MESSAGE][PASSED] - Browser is opened with url: ''

21-10-2025T18:58:39 - [TEST_STEP][PASSED] - maximizeWindow(): Current window maximized

21-10-2025T18:58:39 - [MESSAGE][PASSED] - Current window maximized

21-10-2025T18:58:39 - [TEST_STEP][PASSED] - delay(10): Delayed 10 second(s)

21-10-2025T18:58:49 - [MESSAGE][PASSED] - Delayed 10 second(s)

21-10-2025T18:58:49 - [TEST_STEP][PASSED] - navigateToUrl("https://dx-portal.qa.thekag.com/"): Navigate to 'https://dx-portal.qa.thekag.com/' successfully

21-10-2025T18:58:50 - [MESSAGE][PASSED] - Navigate to 'https://dx-portal.qa.thekag.com/' successfully

21-10-2025T18:58:50 - [TEST_STEP][PASSED] - delay(5): Delayed 5 second(s)

21-10-2025T18:58:55 - [MESSAGE][PASSED] - Delayed 5 second(s)

21-10-2025T18:58:55 - [TEST_STEP][PASSED] - setText(findTestObject("Object Repository/Page_IdentityServer4/input_Username (e.g. email address)_Username"), "Chris.Sheldon+DES_QA@Thekag.com"): Text 'Chris.Sheldon+DES_QA@Thekag.com' is set on object 'Object Repository/Page_IdentityServer4/input_Username (e.g. email address)_Username'

21-10-2025T18:58:55 - [MESSAGE][PASSED] - Text 'Chris.Sheldon+DES_QA@Thekag.com' is set on object 'Object Repository/Page_IdentityServer4/input_Username (e.g. email address)_Username'

21-10-2025T18:58:55 - [TEST_STEP][PASSED] - setEncryptedText(findTestObject("Page_IdentityServer4/input_Password_Password"), "BtpyPJuZxPz9EFo3Zi2c4Q=="): Text ****** has been set on object 'Object Repository/Page_IdentityServer4/input_Password_Password'

21-10-2025T18:58:55 - [MESSAGE][PASSED] - Text ****** has been set on object 'Object Repository/Page_IdentityServer4/input_Password_Password'

21-10-2025T18:58:55 - [TEST_STEP][PASSED] - click(findTestObject("Object Repository/Page_IdentityServer4/button_Login")): Object: 'Object Repository/Page_IdentityServer4/button_Login' is clicked on

21-10-2025T18:58:55 - [MESSAGE][PASSED] - Object: 'Object Repository/Page_IdentityServer4/button_Login' is clicked on

21-10-2025T18:58:55 - [TEST_STEP][PASSED] - delay(5): Delayed 5 second(s)

21-10-2025T18:59:00 - [MESSAGE][PASSED] - Delayed 5 second(s)

21-10-2025T18:59:00 - [MESSAGE][PASSED] - Call Test Case 'Test Cases/DES/DES Login' successfully

21-10-2025T18:59:00 - [TEST_STEP][PASSED] - setText(findTestObject("Object Repository/DES/Trading Partners Page/Search Trading Partner_input_txt"), "Katalon Transmission"): Text 'Katalon Transmission' is set on object 'Object Repository/DES/Trading Partners Page/Search Trading Partner_input_txt'

21-10-2025T18:59:01 - [MESSAGE][PASSED] - Text 'Katalon Transmission' is set on object 'Object Repository/DES/Trading Partners Page/Search Trading Partner_input_txt'

21-10-2025T18:59:01 - [TEST_STEP][PASSED] - delay(5): Delayed 5 second(s)

21-10-2025T18:59:06 - [MESSAGE][PASSED] - Delayed 5 second(s)

21-10-2025T18:59:06 - [TEST_STEP][PASSED] - click(findTestObject("Object Repository/DES/TradingPartners/Katalon Trading TP View_btn")): Object: 'Object Repository/DES/TradingPartners/Katalon Trading TP View_btn' is clicked on

21-10-2025T18:59:06 - [MESSAGE][PASSED] - Object: 'Object Repository/DES/TradingPartners/Katalon Trading TP View_btn' is clicked on

21-10-2025T18:59:06 - [TEST_STEP][PASSED] - delay(3): Delayed 3 second(s)

21-10-2025T18:59:09 - [MESSAGE][PASSED] - Delayed 3 second(s)

21-10-2025T18:59:09 - [TEST_STEP][PASSED] - click(findTestObject("Object Repository/DES/TradingPartners/Subscription/Subscription Tab")): Object: 'Object Repository/DES/TradingPartners/Subscription/Subscription Tab' is clicked on

21-10-2025T18:59:09 - [MESSAGE][PASSED] - Object: 'Object Repository/DES/TradingPartners/Subscription/Subscription Tab' is clicked on

21-10-2025T18:59:09 - [TEST_STEP][PASSED] - delay(15): Delayed 15 second(s)

21-10-2025T18:59:24 - [MESSAGE][PASSED] - Delayed 15 second(s)

21-10-2025T18:59:24 - [TEST_STEP][PASSED] - click(findTestObject("Object Repository/Page_data-exchange/button_Add Subscription")): Object: 'Object Repository/Page_data-exchange/button_Add Subscription' is clicked on

21-10-2025T18:59:24 - [MESSAGE][PASSED] - Object: 'Object Repository/Page_data-exchange/button_Add Subscription' is clicked on

21-10-2025T18:59:24 - [TEST_STEP][PASSED] - delay(5): Delayed 5 second(s)

21-10-2025T18:59:29 - [MESSAGE][PASSED] - Delayed 5 second(s)

21-10-2025T18:59:29 - [TEST_STEP][PASSED] - selectOptionByValue(findTestObject("Object Repository/DES/Page_data-exchange/select_Select a Transaction TypeFinancial D_642f55"), "6", true): All options with value '6' are selected in object 'Object Repository/DES/Page_data-exchange/select_Select a Transaction TypeFinancial D_642f55'  using regular expression

21-10-2025T18:59:30 - [MESSAGE][PASSED] - All options with value '6' are selected in object 'Object Repository/DES/Page_data-exchange/select_Select a Transaction TypeFinancial D_642f55'  using regular expression

21-10-2025T18:59:30 - [TEST_STEP][PASSED] - delay(5): Delayed 5 second(s)

21-10-2025T18:59:35 - [MESSAGE][PASSED] - Delayed 5 second(s)

21-10-2025T18:59:35 - [TEST_STEP][PASSED] - selectOptionByValue(findTestObject("Object Repository/DES/Page_data-exchange/select_Select.InboundOutbound"), "out", true): All options with value 'out' are selected in object 'Object Repository/DES/Page_data-exchange/select_Select.InboundOutbound'  using regular expression

21-10-2025T18:59:35 - [MESSAGE][PASSED] - All options with value 'out' are selected in object 'Object Repository/DES/Page_data-exchange/select_Select.InboundOutbound'  using regular expression

21-10-2025T18:59:35 - [TEST_STEP][PASSED] - delay(5): Delayed 5 second(s)

21-10-2025T18:59:40 - [MESSAGE][PASSED] - Delayed 5 second(s)

21-10-2025T18:59:40 - [TEST_STEP][PASSED] - selectOptionByValue(findTestObject("Object Repository/DES/Page_data-exchange/select_Select.Real TimeScheduled"), "true", true): All options with value 'true' are selected in object 'Object Repository/DES/Page_data-exchange/select_Select.Real TimeScheduled'  using regular expression

21-10-2025T18:59:40 - [MESSAGE][PASSED] - All options with value 'true' are selected in object 'Object Repository/DES/Page_data-exchange/select_Select.Real TimeScheduled'  using regular expression

21-10-2025T18:59:40 - [TEST_STEP][PASSED] - delay(5): Delayed 5 second(s)

21-10-2025T18:59:45 - [MESSAGE][PASSED] - Delayed 5 second(s)

21-10-2025T18:59:45 - [TEST_STEP][PASSED] - click(findTestObject("Object Repository/DES/Page_data-exchange/button_Save")): Object: 'Object Repository/DES/Page_data-exchange/button_Save' is clicked on

21-10-2025T18:59:45 - [MESSAGE][PASSED] - Object: 'Object Repository/DES/Page_data-exchange/button_Save' is clicked on

21-10-2025T18:59:45 - [TEST_STEP][PASSED] - delay(5): Delayed 5 second(s)

21-10-2025T18:59:50 - [MESSAGE][PASSED] - Delayed 5 second(s)

21-10-2025T18:59:50 - [TEST_STEP][PASSED] - verifyElementText(findTestObject("Object Repository/DES/Page_data-exchange/h3_Functional Acknowledgement (FA)"), "Functional Acknowledgement (FA)"): Actual text and expected text of test object 'Object Repository/DES/Page_data-exchange/h3_Functional Acknowledgement (FA)' are matched.

21-10-2025T18:59:50 - [MESSAGE][PASSED] - Actual text and expected text of test object 'Object Repository/DES/Page_data-exchange/h3_Functional Acknowledgement (FA)' are matched.

21-10-2025T18:59:50 - [TEST_STEP][PASSED] - delay(5): Delayed 5 second(s)

21-10-2025T18:59:55 - [MESSAGE][PASSED] - Delayed 5 second(s)

21-10-2025T18:59:55 - [TEST_STEP][PASSED] - verifyElementText(findTestObject("Object Repository/DES/Page_data-exchange/span_Outbound"), "Outbound"): Actual text and expected text of test object 'Object Repository/DES/Page_data-exchange/span_Outbound' are matched.

21-10-2025T18:59:55 - [MESSAGE][PASSED] - Actual text and expected text of test object 'Object Repository/DES/Page_data-exchange/span_Outbound' are matched.

21-10-2025T18:59:55 - [TEST_STEP][PASSED] - closeBrowser(): Browser is closed

21-10-2025T18:59:55 - [MESSAGE][PASSED] - Browser is closed

21-10-2025T18:59:55 - [TEST_STEP][PASSED] - Start listener action : retryOnDisconnect: null

21-10-2025T18:59:55 - [TEST_STEP][PASSED] - tcId = testCaseContext.getTestCaseId(): null

21-10-2025T18:59:55 - [TEST_STEP][PASSED] - currentRetry = retryCounts.getOrDefault(tcId, 0): null

21-10-2025T18:59:55 - [TEST_STEP][PASSED] - if (testCaseContext.getTestCaseStatus() == "FAILED" && currentRetry < MAX_RETRIES): null]]></system-out>
         <system-err><![CDATA[]]></system-err>
      </testcase>
      <testcase name="Test Cases/DES/Trading Partners Page/Subscription/Outbound/AddFIN-ACCOutboundSubscription" time="49.654" classname="Test Cases/DES/Trading Partners Page/Subscription/Outbound/AddFIN-ACCOutboundSubscription" status="PASSED">
         <system-out><![CDATA[21-10-2025T18:59:55 - [TEST_CASE][PASSED] - Test Cases/DES/Trading Partners Page/Subscription/Outbound/AddFIN-ACCOutboundSubscription: Test Cases/DES/Trading Partners Page/Subscription/Outbound/AddFIN-ACCOutboundSubscription

21-10-2025T18:59:55 - [TEST_STEP][PASSED] - Start listener action : beforeTestCase: null

21-10-2025T18:59:55 - [TEST_STEP][PASSED] - addDefaultPackages(): null

21-10-2025T18:59:55 - [TEST_STEP][PASSED] - callTestCase(findTestCase("DES/DES Login"), [:], STOP_ON_FAILURE): Call Test Case 'Test Cases/DES/DES Login' successfully

21-10-2025T18:59:55 - [TEST_CASE][PASSED] - Test Cases/DES/DES Login: Test Cases/DES/DES Login

21-10-2025T18:59:55 - [TEST_STEP][PASSED] - openBrowser(""): Browser is opened with url: ''

21-10-2025T18:59:55 - [MESSAGE][INFO] - Starting 'Chrome' driver

21-10-2025T18:59:55 - [MESSAGE][INFO] - User set preference: ['args', '[--no-sandbox, --disable-gpu, --disable-dev-shm-usage]']

21-10-2025T18:59:55 - [MESSAGE][INFO] - Action delay is set to 0 milliseconds

21-10-2025T18:59:56 - [MESSAGE][PASSED] - Browser is opened with url: ''

21-10-2025T18:59:56 - [TEST_STEP][PASSED] - maximizeWindow(): Current window maximized

21-10-2025T18:59:56 - [MESSAGE][PASSED] - Current window maximized

21-10-2025T18:59:56 - [TEST_STEP][PASSED] - delay(10): Delayed 10 second(s)

21-10-2025T19:00:06 - [MESSAGE][PASSED] - Delayed 10 second(s)

21-10-2025T19:00:06 - [TEST_STEP][PASSED] - navigateToUrl("https://dx-portal.qa.thekag.com/"): Navigate to 'https://dx-portal.qa.thekag.com/' successfully

21-10-2025T19:00:07 - [MESSAGE][PASSED] - Navigate to 'https://dx-portal.qa.thekag.com/' successfully

21-10-2025T19:00:07 - [TEST_STEP][PASSED] - delay(5): Delayed 5 second(s)

21-10-2025T19:00:12 - [MESSAGE][PASSED] - Delayed 5 second(s)

21-10-2025T19:00:12 - [TEST_STEP][PASSED] - setText(findTestObject("Object Repository/Page_IdentityServer4/input_Username (e.g. email address)_Username"), "Chris.Sheldon+DES_QA@Thekag.com"): Text 'Chris.Sheldon+DES_QA@Thekag.com' is set on object 'Object Repository/Page_IdentityServer4/input_Username (e.g. email address)_Username'

21-10-2025T19:00:12 - [MESSAGE][PASSED] - Text 'Chris.Sheldon+DES_QA@Thekag.com' is set on object 'Object Repository/Page_IdentityServer4/input_Username (e.g. email address)_Username'

21-10-2025T19:00:12 - [TEST_STEP][PASSED] - setEncryptedText(findTestObject("Page_IdentityServer4/input_Password_Password"), "BtpyPJuZxPz9EFo3Zi2c4Q=="): Text ****** has been set on object 'Object Repository/Page_IdentityServer4/input_Password_Password'

21-10-2025T19:00:12 - [MESSAGE][PASSED] - Text ****** has been set on object 'Object Repository/Page_IdentityServer4/input_Password_Password'

21-10-2025T19:00:12 - [TEST_STEP][PASSED] - click(findTestObject("Object Repository/Page_IdentityServer4/button_Login")): Object: 'Object Repository/Page_IdentityServer4/button_Login' is clicked on

21-10-2025T19:00:12 - [MESSAGE][PASSED] - Object: 'Object Repository/Page_IdentityServer4/button_Login' is clicked on

21-10-2025T19:00:12 - [TEST_STEP][PASSED] - delay(5): Delayed 5 second(s)

21-10-2025T19:00:17 - [MESSAGE][PASSED] - Delayed 5 second(s)

21-10-2025T19:00:17 - [MESSAGE][PASSED] - Call Test Case 'Test Cases/DES/DES Login' successfully

21-10-2025T19:00:17 - [TEST_STEP][PASSED] - setText(findTestObject("Object Repository/DES/Trading Partners Page/Search Trading Partner_input_txt"), "Katalon Trading"): Text 'Katalon Trading' is set on object 'Object Repository/DES/Trading Partners Page/Search Trading Partner_input_txt'

21-10-2025T19:00:18 - [MESSAGE][PASSED] - Text 'Katalon Trading' is set on object 'Object Repository/DES/Trading Partners Page/Search Trading Partner_input_txt'

21-10-2025T19:00:18 - [TEST_STEP][PASSED] - delay(5): Delayed 5 second(s)

21-10-2025T19:00:23 - [MESSAGE][PASSED] - Delayed 5 second(s)

21-10-2025T19:00:23 - [TEST_STEP][PASSED] - click(findTestObject("Object Repository/DES/TradingPartners/Katalon Trading TP View_btn")): Object: 'Object Repository/DES/TradingPartners/Katalon Trading TP View_btn' is clicked on

21-10-2025T19:00:23 - [MESSAGE][PASSED] - Object: 'Object Repository/DES/TradingPartners/Katalon Trading TP View_btn' is clicked on

21-10-2025T19:00:23 - [TEST_STEP][PASSED] - delay(3): Delayed 3 second(s)

21-10-2025T19:00:26 - [MESSAGE][PASSED] - Delayed 3 second(s)

21-10-2025T19:00:26 - [TEST_STEP][PASSED] - click(findTestObject("Object Repository/DES/TradingPartners/Subscription/Subscription Tab")): Object: 'Object Repository/DES/TradingPartners/Subscription/Subscription Tab' is clicked on

21-10-2025T19:00:26 - [MESSAGE][PASSED] - Object: 'Object Repository/DES/TradingPartners/Subscription/Subscription Tab' is clicked on

21-10-2025T19:00:26 - [TEST_STEP][PASSED] - delay(3): Delayed 3 second(s)

21-10-2025T19:00:29 - [MESSAGE][PASSED] - Delayed 3 second(s)

21-10-2025T19:00:29 - [TEST_STEP][PASSED] - click(findTestObject("Object Repository/Page_data-exchange/button_Add Subscription")): Object: 'Object Repository/Page_data-exchange/button_Add Subscription' is clicked on

21-10-2025T19:00:29 - [MESSAGE][PASSED] - Object: 'Object Repository/Page_data-exchange/button_Add Subscription' is clicked on

21-10-2025T19:00:29 - [TEST_STEP][PASSED] - delay(5): Delayed 5 second(s)

21-10-2025T19:00:34 - [MESSAGE][PASSED] - Delayed 5 second(s)

21-10-2025T19:00:34 - [TEST_STEP][PASSED] - selectOptionByValue(findTestObject("Object Repository/DES/Page_data-exchange/select_Select a Transaction TypeFinancial D_642f55"), "14", true): All options with value '14' are selected in object 'Object Repository/DES/Page_data-exchange/select_Select a Transaction TypeFinancial D_642f55'  using regular expression

21-10-2025T19:00:34 - [MESSAGE][PASSED] - All options with value '14' are selected in object 'Object Repository/DES/Page_data-exchange/select_Select a Transaction TypeFinancial D_642f55'  using regular expression

21-10-2025T19:00:34 - [TEST_STEP][PASSED] - delay(5): Delayed 5 second(s)

21-10-2025T19:00:39 - [MESSAGE][PASSED] - Delayed 5 second(s)

21-10-2025T19:00:39 - [TEST_STEP][PASSED] - selectOptionByValue(findTestObject("Object Repository/DES/Page_data-exchange/select_Select.InboundOutbound"), "out", true): All options with value 'out' are selected in object 'Object Repository/DES/Page_data-exchange/select_Select.InboundOutbound'  using regular expression

21-10-2025T19:00:39 - [MESSAGE][PASSED] - All options with value 'out' are selected in object 'Object Repository/DES/Page_data-exchange/select_Select.InboundOutbound'  using regular expression

21-10-2025T19:00:39 - [TEST_STEP][PASSED] - selectOptionByValue(findTestObject("Object Repository/DES/Page_data-exchange/select_Select.Real TimeScheduled"), "true", true): All options with value 'true' are selected in object 'Object Repository/DES/Page_data-exchange/select_Select.Real TimeScheduled'  using regular expression

21-10-2025T19:00:40 - [MESSAGE][PASSED] - All options with value 'true' are selected in object 'Object Repository/DES/Page_data-exchange/select_Select.Real TimeScheduled'  using regular expression

21-10-2025T19:00:40 - [TEST_STEP][PASSED] - click(findTestObject("Object Repository/DES/Page_data-exchange/button_Save")): Object: 'Object Repository/DES/Page_data-exchange/button_Save' is clicked on

21-10-2025T19:00:40 - [MESSAGE][PASSED] - Object: 'Object Repository/DES/Page_data-exchange/button_Save' is clicked on

21-10-2025T19:00:40 - [TEST_STEP][PASSED] - delay(5): Delayed 5 second(s)

21-10-2025T19:00:45 - [MESSAGE][PASSED] - Delayed 5 second(s)

21-10-2025T19:00:45 - [TEST_STEP][PASSED] - verifyElementText(findTestObject("Object Repository/DES/Page_data-exchange/h3_Financial Data - Accruals (FIN-ACC)"), "Financial Data - Accruals (FIN-ACC)"): Actual text and expected text of test object 'Object Repository/DES/Page_data-exchange/h3_Financial Data - Accruals (FIN-ACC)' are matched.

21-10-2025T19:00:45 - [MESSAGE][PASSED] - Actual text and expected text of test object 'Object Repository/DES/Page_data-exchange/h3_Financial Data - Accruals (FIN-ACC)' are matched.

21-10-2025T19:00:45 - [TEST_STEP][PASSED] - verifyElementText(findTestObject("Object Repository/DES/Page_data-exchange/span_Outbound"), "Outbound"): Actual text and expected text of test object 'Object Repository/DES/Page_data-exchange/span_Outbound' are matched.

21-10-2025T19:00:45 - [MESSAGE][PASSED] - Actual text and expected text of test object 'Object Repository/DES/Page_data-exchange/span_Outbound' are matched.

21-10-2025T19:00:45 - [TEST_STEP][PASSED] - closeBrowser(): Browser is closed

21-10-2025T19:00:45 - [MESSAGE][PASSED] - Browser is closed

21-10-2025T19:00:45 - [TEST_STEP][PASSED] - Start listener action : retryOnDisconnect: null

21-10-2025T19:00:45 - [TEST_STEP][PASSED] - tcId = testCaseContext.getTestCaseId(): null

21-10-2025T19:00:45 - [TEST_STEP][PASSED] - currentRetry = retryCounts.getOrDefault(tcId, 0): null

21-10-2025T19:00:45 - [TEST_STEP][PASSED] - if (testCaseContext.getTestCaseStatus() == "FAILED" && currentRetry < MAX_RETRIES): null]]></system-out>
         <system-err><![CDATA[]]></system-err>
      </testcase>
      <testcase name="Test Cases/DES/Trading Partners Page/Subscription/Outbound/AddFIN-INVOutboundSubscription" time="17.639" classname="Test Cases/DES/Trading Partners Page/Subscription/Outbound/AddFIN-INVOutboundSubscription" status="FAILED">
         <failure type="FAILED" message="Test Cases/DES/Trading Partners Page/Subscription/Outbound/AddFIN-INVOutboundSubscription FAILED.&#xa;Reason:&#xa;com.kms.katalon.core.exception.StepFailedException: Call Test Case 'Test Cases/DES/DES Login' failed&#xa;	at com.kms.katalon.core.keyword.builtin.CallTestCaseKeyword$_callTestCase_closure1.doCall(CallTestCaseKeyword.groovy:63)&#xa;	at com.kms.katalon.core.keyword.builtin.CallTestCaseKeyword$_callTestCase_closure1.call(CallTestCaseKeyword.groovy)&#xa;	at com.kms.katalon.core.keyword.internal.KeywordMain.runKeyword(KeywordMain.groovy:75)&#xa;	at com.kms.katalon.core.keyword.builtin.CallTestCaseKeyword.callTestCase(CallTestCaseKeyword.groovy:81)&#xa;	at com.kms.katalon.core.keyword.builtin.CallTestCaseKeyword.execute(CallTestCaseKeyword.groovy:44)&#xa;	at com.kms.katalon.core.keyword.internal.KeywordExecutor.executeKeywordForPlatform(KeywordExecutor.groovy:74)&#xa;	at com.kms.katalon.core.keyword.BuiltinKeywords.callTestCase(BuiltinKeywords.groovy:310)&#xa;	at jdk.internal.reflect.GeneratedMethodAccessor41.invoke(Unknown Source)&#xa;	at java.base/jdk.internal.reflect.DelegatingMethodAccessorImpl.invoke(DelegatingMethodAccessorImpl.java:43)&#xa;	at AddFIN-INVOutboundSubscription.run(AddFIN-INVOutboundSubscription:20)&#xa;	at com.kms.katalon.core.main.ScriptEngine.run(ScriptEngine.java:194)&#xa;	at com.kms.katalon.core.main.ScriptEngine.runScriptAsRawText(ScriptEngine.java:119)&#xa;	at com.kms.katalon.core.main.TestCaseExecutor.runScript(TestCaseExecutor.java:448)&#xa;	at com.kms.katalon.core.main.TestCaseExecutor.doExecute(TestCaseExecutor.java:439)&#xa;	at com.kms.katalon.core.main.TestCaseExecutor.processExecutionPhase(TestCaseExecutor.java:418)&#xa;	at com.kms.katalon.core.main.TestCaseExecutor.accessMainPhase(TestCaseExecutor.java:410)&#xa;	at com.kms.katalon.core.main.TestCaseExecutor.execute(TestCaseExecutor.java:285)&#xa;	at com.kms.katalon.core.common.CommonExecutor.accessTestCaseMainPhase(CommonExecutor.java:65)&#xa;	at com.kms.katalon.core.main.TestSuiteExecutor.accessTestSuiteMainPhase(TestSuiteExecutor.java:150)&#xa;	at com.kms.katalon.core.main.TestSuiteExecutor.execute(TestSuiteExecutor.java:106)&#xa;	at com.kms.katalon.core.main.TestCaseMain.startTestSuite(TestCaseMain.java:180)&#xa;	at com.kms.katalon.core.main.TestCaseMain$startTestSuite$0.call(Unknown Source)&#xa;	at TempTestSuite1761084128061.run(TempTestSuite1761084128061.groovy:35)&#xa;	at java.base/jdk.internal.reflect.NativeMethodAccessorImpl.invoke0(Native Method)&#xa;	at java.base/jdk.internal.reflect.NativeMethodAccessorImpl.invoke(NativeMethodAccessorImpl.java:77)&#xa;	at java.base/jdk.internal.reflect.DelegatingMethodAccessorImpl.invoke(DelegatingMethodAccessorImpl.java:43)&#xa;Caused by: com.kms.katalon.core.exception.StepFailedException: Unable to set text 'Chris.Sheldon+DES_QA@Thekag.com' of object 'Object Repository/Page_IdentityServer4/input_Username (e.g. email address)_Username'&#xa;	at com.kms.katalon.core.webui.keyword.internal.WebUIKeywordMain.stepFailed(WebUIKeywordMain.groovy:117)&#xa;	at com.kms.katalon.core.webui.keyword.internal.WebUIKeywordMain.runKeyword(WebUIKeywordMain.groovy:43)&#xa;	at com.kms.katalon.core.webui.keyword.builtin.SetTextKeyword.setText(SetTextKeyword.groovy:85)&#xa;	at com.kms.katalon.core.webui.keyword.builtin.SetTextKeyword.execute(SetTextKeyword.groovy:39)&#xa;	at com.kms.katalon.core.keyword.internal.KeywordExecutor.executeKeywordForPlatform(KeywordExecutor.groovy:74)&#xa;	at com.kms.katalon.core.webui.keyword.WebUiBuiltInKeywords.setText(WebUiBuiltInKeywords.groovy:1019)&#xa;	at com.kms.katalon.core.webui.keyword.WebUiBuiltInKeywords$setText$2.call(Unknown Source)&#xa;	at DES Login.run(DES Login:30)&#xa;	at com.kms.katalon.core.main.ScriptEngine.run(ScriptEngine.java:194)&#xa;	at com.kms.katalon.core.main.ScriptEngine.runScriptAsRawText(ScriptEngine.java:119)&#xa;	at com.kms.katalon.core.main.TestCaseExecutor.runScript(TestCaseExecutor.java:448)&#xa;	at com.kms.katalon.core.main.TestCaseExecutor.doExecute(TestCaseExecutor.java:439)&#xa;	at com.kms.katalon.core.main.TestCaseExecutor.processExecutionPhase(TestCaseExecutor.java:418)&#xa;	at com.kms.katalon.core.main.TestCaseExecutor.accessMainPhase(TestCaseExecutor.java:410)&#xa;	at com.kms.katalon.core.main.TestCaseExecutor.execute(TestCaseExecutor.java:285)&#xa;	at com.kms.katalon.core.main.TestCaseMain.runTestCase(TestCaseMain.java:137)&#xa;	at com.kms.katalon.core.keyword.builtin.CallTestCaseKeyword$_callTestCase_closure1.doCall(CallTestCaseKeyword.groovy:59)&#xa;	... 25 more&#xa;Caused by: org.openqa.selenium.WebDriverException: java.net.ConnectException: Failed to connect to localhost/[0:0:0:0:0:0:0:1]:58580&#xa;Build info: version: '3.141.59', revision: 'unknown', time: 'unknown'&#xa;System info: host: 'DC1ADOBLD01', ip: '10.2.20.71', os.name: 'Windows Server 2019', os.arch: 'amd64', os.version: '10.0', java.version: '17.0.7'&#xa;Driver info: driver.version: EventFiringWebDriver&#xa;	at org.openqa.selenium.remote.service.DriverCommandExecutor.execute(DriverCommandExecutor.java:92)&#xa;	at org.openqa.selenium.remote.RemoteWebDriver.execute(RemoteWebDriver.java:552)&#xa;	at com.kms.katalon.selenium.driver.CChromeDriver.execute(CChromeDriver.java:19)&#xa;	at org.openqa.selenium.remote.RemoteWebDriver.findElements(RemoteWebDriver.java:353)&#xa;	at org.openqa.selenium.remote.RemoteWebDriver.findElementsByXPath(RemoteWebDriver.java:432)&#xa;	at org.openqa.selenium.By$ByXPath.findElements(By.java:348)&#xa;	at org.openqa.selenium.remote.RemoteWebDriver.findElements(RemoteWebDriver.java:311)&#xa;	at jdk.internal.reflect.GeneratedMethodAccessor9.invoke(Unknown Source)&#xa;	at java.base/jdk.internal.reflect.DelegatingMethodAccessorImpl.invoke(DelegatingMethodAccessorImpl.java:43)&#xa;	at org.openqa.selenium.support.events.EventFiringWebDriver.lambda$new$1(EventFiringWebDriver.java:105)&#xa;	at jdk.proxy2/jdk.proxy2.$Proxy26.findElements(Unknown Source)&#xa;	at org.openqa.selenium.support.events.EventFiringWebDriver.findElements(EventFiringWebDriver.java:182)&#xa;	at com.kms.katalon.core.webui.common.WebUiCommonHelper.findElementByNormalMethods(WebUiCommonHelper.java:1033)&#xa;	at com.kms.katalon.core.webui.common.WebUiCommonHelper.findElementsBySelectedMethod(WebUiCommonHelper.java:924)&#xa;	at com.kms.katalon.core.webui.common.WebUiCommonHelper.findElementsBySelectedMethod(WebUiCommonHelper.java:906)&#xa;	at com.kms.katalon.core.webui.common.WebUiCommonHelper.findElementsBySelectedMethod(WebUiCommonHelper.java:901)&#xa;	at com.kms.katalon.core.webui.common.WebUiCommonHelper.findElementsByDefault(WebUiCommonHelper.java:897)&#xa;	at com.kms.katalon.core.webui.common.WebUiCommonHelper.findElementsWithSelfHealing(WebUiCommonHelper.java:743)&#xa;	at com.kms.katalon.core.webui.common.WebUiCommonHelper.findWebElements(WebUiCommonHelper.java:727)&#xa;	at com.kms.katalon.core.webui.common.WebUiCommonHelper.findWebElement(WebUiCommonHelper.java:1413)&#xa;	at com.kms.katalon.core.webui.keyword.internal.WebUIAbstractKeyword.findWebElement(WebUIAbstractKeyword.groovy:27)&#xa;	at com.kms.katalon.core.webui.keyword.internal.WebUIAbstractKeyword.findWebElement(WebUIAbstractKeyword.groovy:26)&#xa;	at com.kms.katalon.core.webui.keyword.builtin.SetTextKeyword$_setText_closure1.doCall(SetTextKeyword.groovy:53)&#xa;	at com.kms.katalon.core.webui.keyword.builtin.SetTextKeyword$_setText_closure1.call(SetTextKeyword.groovy)&#xa;	at com.kms.katalon.core.webui.keyword.internal.WebUIKeywordMain.runKeyword(WebUIKeywordMain.groovy:35)&#xa;	at com.kms.katalon.core.webui.keyword.builtin.SetTextKeyword.setText(SetTextKeyword.groovy:85)&#xa;	at com.kms.katalon.core.webui.keyword.builtin.SetTextKeyword.execute(SetTextKeyword.groovy:39)&#xa;	at com.kms.katalon.core.keyword.internal.KeywordExecutor.executeKeywordForPlatform(KeywordExecutor.groovy:74)&#xa;	at com.kms.katalon.core.webui.keyword.WebUiBuiltInKeywords.setText(WebUiBuiltInKeywords.groovy:1019)&#xa;	at com.kms.katalon.core.webui.keyword.WebUiBuiltInKeywords$setText$2.call(Unknown Source)&#xa;	at Script1749499513693.run(Script1749499513693.groovy:30)&#xa;	at com.kms.katalon.core.main.ScriptEngine.run(ScriptEngine.java:194)&#xa;	at com.kms.katalon.core.main.ScriptEngine.runScriptAsRawText(ScriptEngine.java:119)&#xa;	at com.kms.katalon.core.main.TestCaseExecutor.runScript(TestCaseExecutor.java:448)&#xa;	at com.kms.katalon.core.main.TestCaseExecutor.doExecute(TestCaseExecutor.java:439)&#xa;	at com.kms.katalon.core.main.TestCaseExecutor.processExecutionPhase(TestCaseExecutor.java:418)&#xa;	at com.kms.katalon.core.main.TestCaseExecutor.accessMainPhase(TestCaseExecutor.java:410)&#xa;	at com.kms.katalon.core.main.TestCaseExecutor.execute(TestCaseExecutor.java:285)&#xa;	at com.kms.katalon.core.main.TestCaseMain.runTestCase(TestCaseMain.java:137)&#xa;	at com.kms.katalon.core.keyword.builtin.CallTestCaseKeyword$_callTestCase_closure1.doCall(CallTestCaseKeyword.groovy:59)&#xa;	at com.kms.katalon.core.keyword.builtin.CallTestCaseKeyword$_callTestCase_closure1.call(CallTestCaseKeyword.groovy)&#xa;	at com.kms.katalon.core.keyword.internal.KeywordMain.runKeyword(KeywordMain.groovy:75)&#xa;	at com.kms.katalon.core.keyword.builtin.CallTestCaseKeyword.callTestCase(CallTestCaseKeyword.groovy:81)&#xa;	at com.kms.katalon.core.keyword.builtin.CallTestCaseKeyword.execute(CallTestCaseKeyword.groovy:44)&#xa;	at com.kms.katalon.core.keyword.internal.KeywordExecutor.executeKeywordForPlatform(KeywordExecutor.groovy:74)&#xa;	at com.kms.katalon.core.keyword.BuiltinKeywords.callTestCase(BuiltinKeywords.groovy:310)&#xa;	at jdk.internal.reflect.GeneratedMethodAccessor41.invoke(Unknown Source)&#xa;	at java.base/jdk.internal.reflect.DelegatingMethodAccessorImpl.invoke(DelegatingMethodAccessorImpl.java:43)&#xa;	at Script1683814729126.run(Script1683814729126.groovy:20)&#xa;	... 16 more&#xa;Caused by: java.net.ConnectException: Failed to connect to localhost/[0:0:0:0:0:0:0:1]:58580&#xa;	at okhttp3.internal.connection.RealConnection.connectSocket(RealConnection.java:247)&#xa;	at okhttp3.internal.connection.RealConnection.connect(RealConnection.java:165)&#xa;	at okhttp3.internal.connection.StreamAllocation.findConnection(StreamAllocation.java:257)&#xa;	at okhttp3.internal.connection.StreamAllocation.findHealthyConnection(StreamAllocation.java:135)&#xa;	at okhttp3.internal.connection.StreamAllocation.newStream(StreamAllocation.java:114)&#xa;	at okhttp3.internal.connection.ConnectInterceptor.intercept(ConnectInterceptor.java:42)&#xa;	at okhttp3.internal.http.RealInterceptorChain.proceed(RealInterceptorChain.java:147)&#xa;	at okhttp3.internal.http.RealInterceptorChain.proceed(RealInterceptorChain.java:121)&#xa;	at okhttp3.internal.cache.CacheInterceptor.intercept(CacheInterceptor.java:93)&#xa;	at okhttp3.internal.http.RealInterceptorChain.proceed(RealInterceptorChain.java:147)&#xa;	at okhttp3.internal.http.RealInterceptorChain.proceed(RealInterceptorChain.java:121)&#xa;	at okhttp3.internal.http.BridgeInterceptor.intercept(BridgeInterceptor.java:93)&#xa;	at okhttp3.internal.http.RealInterceptorChain.proceed(RealInterceptorChain.java:147)&#xa;	at okhttp3.internal.http.RetryAndFollowUpInterceptor.intercept(RetryAndFollowUpInterceptor.java:126)&#xa;	at okhttp3.internal.http.RealInterceptorChain.proceed(RealInterceptorChain.java:147)&#xa;	at okhttp3.internal.http.RealInterceptorChain.proceed(RealInterceptorChain.java:121)&#xa;	at okhttp3.RealCall.getResponseWithInterceptorChain(RealCall.java:200)&#xa;	at okhttp3.RealCall.execute(RealCall.java:77)&#xa;	at org.openqa.selenium.remote.internal.OkHttpClient.execute(OkHttpClient.java:103)&#xa;	at org.openqa.selenium.remote.HttpCommandExecutor.execute(HttpCommandExecutor.java:155)&#xa;	at org.openqa.selenium.remote.service.DriverCommandExecutor.execute(DriverCommandExecutor.java:83)&#xa;	... 64 more&#xa;Caused by: java.net.ConnectException: Connection refused: no further information&#xa;	at okhttp3.internal.platform.Platform.connectSocket(Platform.java:129)&#xa;	at okhttp3.internal.connection.RealConnection.connectSocket(RealConnection.java:245)&#xa;	at okhttp3.internal.connection.RealConnection.connect(RealConnection.java:165)&#xa;	at okhttp3.internal.connection.StreamAllocation.findConnection(StreamAllocation.java:257)&#xa;	at okhttp3.internal.connection.StreamAllocation.findHealthyConnection(StreamAllocation.java:135)&#xa;	at okhttp3.internal.connection.StreamAllocation.newStream(StreamAllocation.java:114)&#xa;	at okhttp3.internal.connection.ConnectInterceptor.intercept(ConnectInterceptor.java:42)&#xa;	at okhttp3.internal.http.RealInterceptorChain.proceed(RealInterceptorChain.java:147)&#xa;	at okhttp3.internal.http.RealInterceptorChain.proceed(RealInterceptorChain.java:121)&#xa;	at okhttp3.internal.cache.CacheInterceptor.intercept(CacheInterceptor.java:93)&#xa;	at okhttp3.internal.http.RealInterceptorChain.proceed(RealInterceptorChain.java:147)&#xa;	at okhttp3.internal.http.RealInterceptorChain.proceed(RealInterceptorChain.java:121)&#xa;	at okhttp3.internal.http.BridgeInterceptor.intercept(BridgeInterceptor.java:93)&#xa;	at okhttp3.internal.http.RealInterceptorChain.proceed(RealInterceptorChain.java:147)&#xa;	at okhttp3.internal.http.RetryAndFollowUpInterceptor.intercept(RetryAndFollowUpInterceptor.java:126)&#xa;	at okhttp3.internal.http.RealInterceptorChain.proceed(RealInterceptorChain.java:147)&#xa;	at okhttp3.internal.http.RealInterceptorChain.proceed(RealInterceptorChain.java:121)&#xa;	at okhttp3.RealCall.getResponseWithInterceptorChain(RealCall.java:200)&#xa;	at okhttp3.RealCall.execute(RealCall.java:77)&#xa;	at org.openqa.selenium.remote.internal.OkHttpClient.execute(OkHttpClient.java:103)&#xa;	at org.openqa.selenium.remote.HttpCommandExecutor.execute(HttpCommandExecutor.java:155)&#xa;	at org.openqa.selenium.remote.service.DriverCommandExecutor.execute(DriverCommandExecutor.java:83)&#xa;	at org.openqa.selenium.remote.RemoteWebDriver.execute(RemoteWebDriver.java:552)&#xa;	at com.kms.katalon.selenium.driver.CChromeDriver.execute(CChromeDriver.java:19)&#xa;	at org.openqa.selenium.remote.RemoteWebDriver.findElements(RemoteWebDriver.java:353)&#xa;	at org.openqa.selenium.remote.RemoteWebDriver.findElementsByXPath(RemoteWebDriver.java:432)&#xa;	at org.openqa.selenium.By$ByXPath.findElements(By.java:348)&#xa;	at org.openqa.selenium.remote.RemoteWebDriver.findElements(RemoteWebDriver.java:311)&#xa;	at jdk.internal.reflect.GeneratedMethodAccessor9.invoke(Unknown Source)&#xa;	at java.base/jdk.internal.reflect.DelegatingMethodAccessorImpl.invoke(DelegatingMethodAccessorImpl.java:43)&#xa;	at org.openqa.selenium.support.events.EventFiringWebDriver.lambda$new$1(EventFiringWebDriver.java:105)&#xa;	at jdk.proxy2/jdk.proxy2.$Proxy26.findElements(Unknown Source)&#xa;	at org.openqa.selenium.support.events.EventFiringWebDriver.findElements(EventFiringWebDriver.java:182)&#xa;	at com.kms.katalon.core.webui.common.WebUiCommonHelper.findElementByNormalMethods(WebUiCommonHelper.java:1033)&#xa;	at com.kms.katalon.core.webui.common.WebUiCommonHelper.findElementsBySelectedMethod(WebUiCommonHelper.java:924)&#xa;	at com.kms.katalon.core.webui.common.WebUiCommonHelper.findElementsBySelectedMethod(WebUiCommonHelper.java:906)&#xa;	at com.kms.katalon.core.webui.common.WebUiCommonHelper.findElementsBySelectedMethod(WebUiCommonHelper.java:901)&#xa;	at com.kms.katalon.core.webui.common.WebUiCommonHelper.findElementsByDefault(WebUiCommonHelper.java:897)&#xa;	at com.kms.katalon.core.webui.common.WebUiCommonHelper.findElementsWithSelfHealing(WebUiCommonHelper.java:743)&#xa;	at com.kms.katalon.core.webui.common.WebUiCommonHelper.findWebElements(WebUiCommonHelper.java:727)&#xa;	at com.kms.katalon.core.webui.common.WebUiCommonHelper.findWebElement(WebUiCommonHelper.java:1413)&#xa;	at com.kms.katalon.core.webui.keyword.internal.WebUIAbstractKeyword.findWebElement(WebUIAbstractKeyword.groovy:27)&#xa;	at com.kms.katalon.core.webui.keyword.internal.WebUIAbstractKeyword.findWebElement(WebUIAbstractKeyword.groovy:26)&#xa;	at com.kms.katalon.core.webui.keyword.builtin.SetTextKeyword$_setText_closure1.doCall(SetTextKeyword.groovy:53)&#xa;	at com.kms.katalon.core.webui.keyword.builtin.SetTextKeyword$_setText_closure1.call(SetTextKeyword.groovy)&#xa;	at com.kms.katalon.core.webui.keyword.internal.WebUIKeywordMain.runKeyword(WebUIKeywordMain.groovy:35)&#xa;	at com.kms.katalon.core.webui.keyword.builtin.SetTextKeyword.setText(SetTextKeyword.groovy:85)&#xa;	at com.kms.katalon.core.webui.keyword.builtin.SetTextKeyword.execute(SetTextKeyword.groovy:39)&#xa;	at com.kms.katalon.core.keyword.internal.KeywordExecutor.executeKeywordForPlatform(KeywordExecutor.groovy:74)&#xa;	at com.kms.katalon.core.webui.keyword.WebUiBuiltInKeywords.setText(WebUiBuiltInKeywords.groovy:1019)&#xa;	at com.kms.katalon.core.webui.keyword.WebUiBuiltInKeywords$setText$2.call(Unknown Source)&#xa;	at DES Login.run(DES Login:30)&#xa;	at com.kms.katalon.core.main.ScriptEngine.run(ScriptEngine.java:194)&#xa;	at com.kms.katalon.core.main.ScriptEngine.runScriptAsRawText(ScriptEngine.java:119)&#xa;	at com.kms.katalon.core.main.TestCaseExecutor.runScript(TestCaseExecutor.java:448)&#xa;	at com.kms.katalon.core.main.TestCaseExecutor.doExecute(TestCaseExecutor.java:439)&#xa;	at com.kms.katalon.core.main.TestCaseExecutor.processExecutionPhase(TestCaseExecutor.java:418)&#xa;	at com.kms.katalon.core.main.TestCaseExecutor.accessMainPhase(TestCaseExecutor.java:410)&#xa;	at com.kms.katalon.core.main.TestCaseExecutor.execute(TestCaseExecutor.java:285)&#xa;	at com.kms.katalon.core.main.TestCaseMain.runTestCase(TestCaseMain.java:137)&#xa;	at com.kms.katalon.core.keyword.builtin.CallTestCaseKeyword$_callTestCase_closure1.doCall(CallTestCaseKeyword.groovy:59)&#xa;	at com.kms.katalon.core.keyword.builtin.CallTestCaseKeyword$_callTestCase_closure1.call(CallTestCaseKeyword.groovy)&#xa;	at com.kms.katalon.core.keyword.internal.KeywordMain.runKeyword(KeywordMain.groovy:75)&#xa;	at com.kms.katalon.core.keyword.builtin.CallTestCaseKeyword.callTestCase(CallTestCaseKeyword.groovy:81)&#xa;	at com.kms.katalon.core.keyword.builtin.CallTestCaseKeyword.execute(CallTestCaseKeyword.groovy:44)&#xa;	at com.kms.katalon.core.keyword.internal.KeywordExecutor.executeKeywordForPlatform(KeywordExecutor.groovy:74)&#xa;	at com.kms.katalon.core.keyword.BuiltinKeywords.callTestCase(BuiltinKeywords.groovy:310)&#xa;	at jdk.internal.reflect.GeneratedMethodAccessor41.invoke(Unknown Source)&#xa;	at java.base/jdk.internal.reflect.DelegatingMethodAccessorImpl.invoke(DelegatingMethodAccessorImpl.java:43)&#xa;	at AddFIN-INVOutboundSubscription.run(AddFIN-INVOutboundSubscription:20)&#xa;	... 16 more&#xa;"/>
         <system-out><![CDATA[21-10-2025T19:00:45 - [TEST_CASE][FAILED] - Test Cases/DES/Trading Partners Page/Subscription/Outbound/AddFIN-INVOutboundSubscription: Test Cases/DES/Trading Partners Page/Subscription/Outbound/AddFIN-INVOutboundSubscription FAILED.
Reason:
com.kms.katalon.core.exception.StepFailedException: Call Test Case 'Test Cases/DES/DES Login' failed
	at com.kms.katalon.core.keyword.builtin.CallTestCaseKeyword$_callTestCase_closure1.doCall(CallTestCaseKeyword.groovy:63)
	at com.kms.katalon.core.keyword.builtin.CallTestCaseKeyword$_callTestCase_closure1.call(CallTestCaseKeyword.groovy)
	at com.kms.katalon.core.keyword.internal.KeywordMain.runKeyword(KeywordMain.groovy:75)
	at com.kms.katalon.core.keyword.builtin.CallTestCaseKeyword.callTestCase(CallTestCaseKeyword.groovy:81)
	at com.kms.katalon.core.keyword.builtin.CallTestCaseKeyword.execute(CallTestCaseKeyword.groovy:44)
	at com.kms.katalon.core.keyword.internal.KeywordExecutor.executeKeywordForPlatform(KeywordExecutor.groovy:74)
	at com.kms.katalon.core.keyword.BuiltinKeywords.callTestCase(BuiltinKeywords.groovy:310)
	at jdk.internal.reflect.GeneratedMethodAccessor41.invoke(Unknown Source)
	at java.base/jdk.internal.reflect.DelegatingMethodAccessorImpl.invoke(DelegatingMethodAccessorImpl.java:43)
	at AddFIN-INVOutboundSubscription.run(AddFIN-INVOutboundSubscription:20)
	at com.kms.katalon.core.main.ScriptEngine.run(ScriptEngine.java:194)
	at com.kms.katalon.core.main.ScriptEngine.runScriptAsRawText(ScriptEngine.java:119)
	at com.kms.katalon.core.main.TestCaseExecutor.runScript(TestCaseExecutor.java:448)
	at com.kms.katalon.core.main.TestCaseExecutor.doExecute(TestCaseExecutor.java:439)
	at com.kms.katalon.core.main.TestCaseExecutor.processExecutionPhase(TestCaseExecutor.java:418)
	at com.kms.katalon.core.main.TestCaseExecutor.accessMainPhase(TestCaseExecutor.java:410)
	at com.kms.katalon.core.main.TestCaseExecutor.execute(TestCaseExecutor.java:285)
	at com.kms.katalon.core.common.CommonExecutor.accessTestCaseMainPhase(CommonExecutor.java:65)
	at com.kms.katalon.core.main.TestSuiteExecutor.accessTestSuiteMainPhase(TestSuiteExecutor.java:150)
	at com.kms.katalon.core.main.TestSuiteExecutor.execute(TestSuiteExecutor.java:106)
	at com.kms.katalon.core.main.TestCaseMain.startTestSuite(TestCaseMain.java:180)
	at com.kms.katalon.core.main.TestCaseMain$startTestSuite$0.call(Unknown Source)
	at TempTestSuite1761084128061.run(TempTestSuite1761084128061.groovy:35)
	at java.base/jdk.internal.reflect.NativeMethodAccessorImpl.invoke0(Native Method)
	at java.base/jdk.internal.reflect.NativeMethodAccessorImpl.invoke(NativeMethodAccessorImpl.java:77)
	at java.base/jdk.internal.reflect.DelegatingMethodAccessorImpl.invoke(DelegatingMethodAccessorImpl.java:43)
Caused by: com.kms.katalon.core.exception.StepFailedException: Unable to set text 'Chris.Sheldon+DES_QA@Thekag.com' of object 'Object Repository/Page_IdentityServer4/input_Username (e.g. email address)_Username'
	at com.kms.katalon.core.webui.keyword.internal.WebUIKeywordMain.stepFailed(WebUIKeywordMain.groovy:117)
	at com.kms.katalon.core.webui.keyword.internal.WebUIKeywordMain.runKeyword(WebUIKeywordMain.groovy:43)
	at com.kms.katalon.core.webui.keyword.builtin.SetTextKeyword.setText(SetTextKeyword.groovy:85)
	at com.kms.katalon.core.webui.keyword.builtin.SetTextKeyword.execute(SetTextKeyword.groovy:39)
	at com.kms.katalon.core.keyword.internal.KeywordExecutor.executeKeywordForPlatform(KeywordExecutor.groovy:74)
	at com.kms.katalon.core.webui.keyword.WebUiBuiltInKeywords.setText(WebUiBuiltInKeywords.groovy:1019)
	at com.kms.katalon.core.webui.keyword.WebUiBuiltInKeywords$setText$2.call(Unknown Source)
	at DES Login.run(DES Login:30)
	at com.kms.katalon.core.main.ScriptEngine.run(ScriptEngine.java:194)
	at com.kms.katalon.core.main.ScriptEngine.runScriptAsRawText(ScriptEngine.java:119)
	at com.kms.katalon.core.main.TestCaseExecutor.runScript(TestCaseExecutor.java:448)
	at com.kms.katalon.core.main.TestCaseExecutor.doExecute(TestCaseExecutor.java:439)
	at com.kms.katalon.core.main.TestCaseExecutor.processExecutionPhase(TestCaseExecutor.java:418)
	at com.kms.katalon.core.main.TestCaseExecutor.accessMainPhase(TestCaseExecutor.java:410)
	at com.kms.katalon.core.main.TestCaseExecutor.execute(TestCaseExecutor.java:285)
	at com.kms.katalon.core.main.TestCaseMain.runTestCase(TestCaseMain.java:137)
	at com.kms.katalon.core.keyword.builtin.CallTestCaseKeyword$_callTestCase_closure1.doCall(CallTestCaseKeyword.groovy:59)
	... 25 more
Caused by: org.openqa.selenium.WebDriverException: java.net.ConnectException: Failed to connect to localhost/[0:0:0:0:0:0:0:1]:58580
Build info: version: '3.141.59', revision: 'unknown', time: 'unknown'
System info: host: 'DC1ADOBLD01', ip: '10.2.20.71', os.name: 'Windows Server 2019', os.arch: 'amd64', os.version: '10.0', java.version: '17.0.7'
Driver info: driver.version: EventFiringWebDriver
	at org.openqa.selenium.remote.service.DriverCommandExecutor.execute(DriverCommandExecutor.java:92)
	at org.openqa.selenium.remote.RemoteWebDriver.execute(RemoteWebDriver.java:552)
	at com.kms.katalon.selenium.driver.CChromeDriver.execute(CChromeDriver.java:19)
	at org.openqa.selenium.remote.RemoteWebDriver.findElements(RemoteWebDriver.java:353)
	at org.openqa.selenium.remote.RemoteWebDriver.findElementsByXPath(RemoteWebDriver.java:432)
	at org.openqa.selenium.By$ByXPath.findElements(By.java:348)
	at org.openqa.selenium.remote.RemoteWebDriver.findElements(RemoteWebDriver.java:311)
	at jdk.internal.reflect.GeneratedMethodAccessor9.invoke(Unknown Source)
	at java.base/jdk.internal.reflect.DelegatingMethodAccessorImpl.invoke(DelegatingMethodAccessorImpl.java:43)
	at org.openqa.selenium.support.events.EventFiringWebDriver.lambda$new$1(EventFiringWebDriver.java:105)
	at jdk.proxy2/jdk.proxy2.$Proxy26.findElements(Unknown Source)
	at org.openqa.selenium.support.events.EventFiringWebDriver.findElements(EventFiringWebDriver.java:182)
	at com.kms.katalon.core.webui.common.WebUiCommonHelper.findElementByNormalMethods(WebUiCommonHelper.java:1033)
	at com.kms.katalon.core.webui.common.WebUiCommonHelper.findElementsBySelectedMethod(WebUiCommonHelper.java:924)
	at com.kms.katalon.core.webui.common.WebUiCommonHelper.findElementsBySelectedMethod(WebUiCommonHelper.java:906)
	at com.kms.katalon.core.webui.common.WebUiCommonHelper.findElementsBySelectedMethod(WebUiCommonHelper.java:901)
	at com.kms.katalon.core.webui.common.WebUiCommonHelper.findElementsByDefault(WebUiCommonHelper.java:897)
	at com.kms.katalon.core.webui.common.WebUiCommonHelper.findElementsWithSelfHealing(WebUiCommonHelper.java:743)
	at com.kms.katalon.core.webui.common.WebUiCommonHelper.findWebElements(WebUiCommonHelper.java:727)
	at com.kms.katalon.core.webui.common.WebUiCommonHelper.findWebElement(WebUiCommonHelper.java:1413)
	at com.kms.katalon.core.webui.keyword.internal.WebUIAbstractKeyword.findWebElement(WebUIAbstractKeyword.groovy:27)
	at com.kms.katalon.core.webui.keyword.internal.WebUIAbstractKeyword.findWebElement(WebUIAbstractKeyword.groovy:26)
	at com.kms.katalon.core.webui.keyword.builtin.SetTextKeyword$_setText_closure1.doCall(SetTextKeyword.groovy:53)
	at com.kms.katalon.core.webui.keyword.builtin.SetTextKeyword$_setText_closure1.call(SetTextKeyword.groovy)
	at com.kms.katalon.core.webui.keyword.internal.WebUIKeywordMain.runKeyword(WebUIKeywordMain.groovy:35)
	at com.kms.katalon.core.webui.keyword.builtin.SetTextKeyword.setText(SetTextKeyword.groovy:85)
	at com.kms.katalon.core.webui.keyword.builtin.SetTextKeyword.execute(SetTextKeyword.groovy:39)
	at com.kms.katalon.core.keyword.internal.KeywordExecutor.executeKeywordForPlatform(KeywordExecutor.groovy:74)
	at com.kms.katalon.core.webui.keyword.WebUiBuiltInKeywords.setText(WebUiBuiltInKeywords.groovy:1019)
	at com.kms.katalon.core.webui.keyword.WebUiBuiltInKeywords$setText$2.call(Unknown Source)
	at Script1749499513693.run(Script1749499513693.groovy:30)
	at com.kms.katalon.core.main.ScriptEngine.run(ScriptEngine.java:194)
	at com.kms.katalon.core.main.ScriptEngine.runScriptAsRawText(ScriptEngine.java:119)
	at com.kms.katalon.core.main.TestCaseExecutor.runScript(TestCaseExecutor.java:448)
	at com.kms.katalon.core.main.TestCaseExecutor.doExecute(TestCaseExecutor.java:439)
	at com.kms.katalon.core.main.TestCaseExecutor.processExecutionPhase(TestCaseExecutor.java:418)
	at com.kms.katalon.core.main.TestCaseExecutor.accessMainPhase(TestCaseExecutor.java:410)
	at com.kms.katalon.core.main.TestCaseExecutor.execute(TestCaseExecutor.java:285)
	at com.kms.katalon.core.main.TestCaseMain.runTestCase(TestCaseMain.java:137)
	at com.kms.katalon.core.keyword.builtin.CallTestCaseKeyword$_callTestCase_closure1.doCall(CallTestCaseKeyword.groovy:59)
	at com.kms.katalon.core.keyword.builtin.CallTestCaseKeyword$_callTestCase_closure1.call(CallTestCaseKeyword.groovy)
	at com.kms.katalon.core.keyword.internal.KeywordMain.runKeyword(KeywordMain.groovy:75)
	at com.kms.katalon.core.keyword.builtin.CallTestCaseKeyword.callTestCase(CallTestCaseKeyword.groovy:81)
	at com.kms.katalon.core.keyword.builtin.CallTestCaseKeyword.execute(CallTestCaseKeyword.groovy:44)
	at com.kms.katalon.core.keyword.internal.KeywordExecutor.executeKeywordForPlatform(KeywordExecutor.groovy:74)
	at com.kms.katalon.core.keyword.BuiltinKeywords.callTestCase(BuiltinKeywords.groovy:310)
	at jdk.internal.reflect.GeneratedMethodAccessor41.invoke(Unknown Source)
	at java.base/jdk.internal.reflect.DelegatingMethodAccessorImpl.invoke(DelegatingMethodAccessorImpl.java:43)
	at Script1683814729126.run(Script1683814729126.groovy:20)
	... 16 more
Caused by: java.net.ConnectException: Failed to connect to localhost/[0:0:0:0:0:0:0:1]:58580
	at okhttp3.internal.connection.RealConnection.connectSocket(RealConnection.java:247)
	at okhttp3.internal.connection.RealConnection.connect(RealConnection.java:165)
	at okhttp3.internal.connection.StreamAllocation.findConnection(StreamAllocation.java:257)
	at okhttp3.internal.connection.StreamAllocation.findHealthyConnection(StreamAllocation.java:135)
	at okhttp3.internal.connection.StreamAllocation.newStream(StreamAllocation.java:114)
	at okhttp3.internal.connection.ConnectInterceptor.intercept(ConnectInterceptor.java:42)
	at okhttp3.internal.http.RealInterceptorChain.proceed(RealInterceptorChain.java:147)
	at okhttp3.internal.http.RealInterceptorChain.proceed(RealInterceptorChain.java:121)
	at okhttp3.internal.cache.CacheInterceptor.intercept(CacheInterceptor.java:93)
	at okhttp3.internal.http.RealInterceptorChain.proceed(RealInterceptorChain.java:147)
	at okhttp3.internal.http.RealInterceptorChain.proceed(RealInterceptorChain.java:121)
	at okhttp3.internal.http.BridgeInterceptor.intercept(BridgeInterceptor.java:93)
	at okhttp3.internal.http.RealInterceptorChain.proceed(RealInterceptorChain.java:147)
	at okhttp3.internal.http.RetryAndFollowUpInterceptor.intercept(RetryAndFollowUpInterceptor.java:126)
	at okhttp3.internal.http.RealInterceptorChain.proceed(RealInterceptorChain.java:147)
	at okhttp3.internal.http.RealInterceptorChain.proceed(RealInterceptorChain.java:121)
	at okhttp3.RealCall.getResponseWithInterceptorChain(RealCall.java:200)
	at okhttp3.RealCall.execute(RealCall.java:77)
	at org.openqa.selenium.remote.internal.OkHttpClient.execute(OkHttpClient.java:103)
	at org.openqa.selenium.remote.HttpCommandExecutor.execute(HttpCommandExecutor.java:155)
	at org.openqa.selenium.remote.service.DriverCommandExecutor.execute(DriverCommandExecutor.java:83)
	... 64 more
Caused by: java.net.ConnectException: Connection refused: no further information
	at okhttp3.internal.platform.Platform.connectSocket(Platform.java:129)
	at okhttp3.internal.connection.RealConnection.connectSocket(RealConnection.java:245)
	at okhttp3.internal.connection.RealConnection.connect(RealConnection.java:165)
	at okhttp3.internal.connection.StreamAllocation.findConnection(StreamAllocation.java:257)
	at okhttp3.internal.connection.StreamAllocation.findHealthyConnection(StreamAllocation.java:135)
	at okhttp3.internal.connection.StreamAllocation.newStream(StreamAllocation.java:114)
	at okhttp3.internal.connection.ConnectInterceptor.intercept(ConnectInterceptor.java:42)
	at okhttp3.internal.http.RealInterceptorChain.proceed(RealInterceptorChain.java:147)
	at okhttp3.internal.http.RealInterceptorChain.proceed(RealInterceptorChain.java:121)
	at okhttp3.internal.cache.CacheInterceptor.intercept(CacheInterceptor.java:93)
	at okhttp3.internal.http.RealInterceptorChain.proceed(RealInterceptorChain.java:147)
	at okhttp3.internal.http.RealInterceptorChain.proceed(RealInterceptorChain.java:121)
	at okhttp3.internal.http.BridgeInterceptor.intercept(BridgeInterceptor.java:93)
	at okhttp3.internal.http.RealInterceptorChain.proceed(RealInterceptorChain.java:147)
	at okhttp3.internal.http.RetryAndFollowUpInterceptor.intercept(RetryAndFollowUpInterceptor.java:126)
	at okhttp3.internal.http.RealInterceptorChain.proceed(RealInterceptorChain.java:147)
	at okhttp3.internal.http.RealInterceptorChain.proceed(RealInterceptorChain.java:121)
	at okhttp3.RealCall.getResponseWithInterceptorChain(RealCall.java:200)
	at okhttp3.RealCall.execute(RealCall.java:77)
	at org.openqa.selenium.remote.internal.OkHttpClient.execute(OkHttpClient.java:103)
	at org.openqa.selenium.remote.HttpCommandExecutor.execute(HttpCommandExecutor.java:155)
	at org.openqa.selenium.remote.service.DriverCommandExecutor.execute(DriverCommandExecutor.java:83)
	at org.openqa.selenium.remote.RemoteWebDriver.execute(RemoteWebDriver.java:552)
	at com.kms.katalon.selenium.driver.CChromeDriver.execute(CChromeDriver.java:19)
	at org.openqa.selenium.remote.RemoteWebDriver.findElements(RemoteWebDriver.java:353)
	at org.openqa.selenium.remote.RemoteWebDriver.findElementsByXPath(RemoteWebDriver.java:432)
	at org.openqa.selenium.By$ByXPath.findElements(By.java:348)
	at org.openqa.selenium.remote.RemoteWebDriver.findElements(RemoteWebDriver.java:311)
	at jdk.internal.reflect.GeneratedMethodAccessor9.invoke(Unknown Source)
	at java.base/jdk.internal.reflect.DelegatingMethodAccessorImpl.invoke(DelegatingMethodAccessorImpl.java:43)
	at org.openqa.selenium.support.events.EventFiringWebDriver.lambda$new$1(EventFiringWebDriver.java:105)
	at jdk.proxy2/jdk.proxy2.$Proxy26.findElements(Unknown Source)
	at org.openqa.selenium.support.events.EventFiringWebDriver.findElements(EventFiringWebDriver.java:182)
	at com.kms.katalon.core.webui.common.WebUiCommonHelper.findElementByNormalMethods(WebUiCommonHelper.java:1033)
	at com.kms.katalon.core.webui.common.WebUiCommonHelper.findElementsBySelectedMethod(WebUiCommonHelper.java:924)
	at com.kms.katalon.core.webui.common.WebUiCommonHelper.findElementsBySelectedMethod(WebUiCommonHelper.java:906)
	at com.kms.katalon.core.webui.common.WebUiCommonHelper.findElementsBySelectedMethod(WebUiCommonHelper.java:901)
	at com.kms.katalon.core.webui.common.WebUiCommonHelper.findElementsByDefault(WebUiCommonHelper.java:897)
	at com.kms.katalon.core.webui.common.WebUiCommonHelper.findElementsWithSelfHealing(WebUiCommonHelper.java:743)
	at com.kms.katalon.core.webui.common.WebUiCommonHelper.findWebElements(WebUiCommonHelper.java:727)
	at com.kms.katalon.core.webui.common.WebUiCommonHelper.findWebElement(WebUiCommonHelper.java:1413)
	at com.kms.katalon.core.webui.keyword.internal.WebUIAbstractKeyword.findWebElement(WebUIAbstractKeyword.groovy:27)
	at com.kms.katalon.core.webui.keyword.internal.WebUIAbstractKeyword.findWebElement(WebUIAbstractKeyword.groovy:26)
	at com.kms.katalon.core.webui.keyword.builtin.SetTextKeyword$_setText_closure1.doCall(SetTextKeyword.groovy:53)
	at com.kms.katalon.core.webui.keyword.builtin.SetTextKeyword$_setText_closure1.call(SetTextKeyword.groovy)
	at com.kms.katalon.core.webui.keyword.internal.WebUIKeywordMain.runKeyword(WebUIKeywordMain.groovy:35)
	at com.kms.katalon.core.webui.keyword.builtin.SetTextKeyword.setText(SetTextKeyword.groovy:85)
	at com.kms.katalon.core.webui.keyword.builtin.SetTextKeyword.execute(SetTextKeyword.groovy:39)
	at com.kms.katalon.core.keyword.internal.KeywordExecutor.executeKeywordForPlatform(KeywordExecutor.groovy:74)
	at com.kms.katalon.core.webui.keyword.WebUiBuiltInKeywords.setText(WebUiBuiltInKeywords.groovy:1019)
	at com.kms.katalon.core.webui.keyword.WebUiBuiltInKeywords$setText$2.call(Unknown Source)
	at DES Login.run(DES Login:30)
	at com.kms.katalon.core.main.ScriptEngine.run(ScriptEngine.java:194)
	at com.kms.katalon.core.main.ScriptEngine.runScriptAsRawText(ScriptEngine.java:119)
	at com.kms.katalon.core.main.TestCaseExecutor.runScript(TestCaseExecutor.java:448)
	at com.kms.katalon.core.main.TestCaseExecutor.doExecute(TestCaseExecutor.java:439)
	at com.kms.katalon.core.main.TestCaseExecutor.processExecutionPhase(TestCaseExecutor.java:418)
	at com.kms.katalon.core.main.TestCaseExecutor.accessMainPhase(TestCaseExecutor.java:410)
	at com.kms.katalon.core.main.TestCaseExecutor.execute(TestCaseExecutor.java:285)
	at com.kms.katalon.core.main.TestCaseMain.runTestCase(TestCaseMain.java:137)
	at com.kms.katalon.core.keyword.builtin.CallTestCaseKeyword$_callTestCase_closure1.doCall(CallTestCaseKeyword.groovy:59)
	at com.kms.katalon.core.keyword.builtin.CallTestCaseKeyword$_callTestCase_closure1.call(CallTestCaseKeyword.groovy)
	at com.kms.katalon.core.keyword.internal.KeywordMain.runKeyword(KeywordMain.groovy:75)
	at com.kms.katalon.core.keyword.builtin.CallTestCaseKeyword.callTestCase(CallTestCaseKeyword.groovy:81)
	at com.kms.katalon.core.keyword.builtin.CallTestCaseKeyword.execute(CallTestCaseKeyword.groovy:44)
	at com.kms.katalon.core.keyword.internal.KeywordExecutor.executeKeywordForPlatform(KeywordExecutor.groovy:74)
	at com.kms.katalon.core.keyword.BuiltinKeywords.callTestCase(BuiltinKeywords.groovy:310)
	at jdk.internal.reflect.GeneratedMethodAccessor41.invoke(Unknown Source)
	at java.base/jdk.internal.reflect.DelegatingMethodAccessorImpl.invoke(DelegatingMethodAccessorImpl.java:43)
	at AddFIN-INVOutboundSubscription.run(AddFIN-INVOutboundSubscription:20)
	... 16 more


21-10-2025T19:00:45 - [TEST_STEP][PASSED] - Start listener action : beforeTestCase: null

21-10-2025T19:00:45 - [TEST_STEP][PASSED] - addDefaultPackages(): null

21-10-2025T19:00:45 - [TEST_STEP][FAILED] - callTestCase(findTestCase("DES/DES Login"), [:], STOP_ON_FAILURE): Unable to call Test Case 'Test Cases/DES/DES Login' (Root cause: com.kms.katalon.core.exception.StepFailedException: Call Test Case 'Test Cases/DES/DES Login' failed
	at com.kms.katalon.core.keyword.builtin.CallTestCaseKeyword$_callTestCase_closure1.doCall(CallTestCaseKeyword.groovy:63)
	at com.kms.katalon.core.keyword.builtin.CallTestCaseKeyword$_callTestCase_closure1.call(CallTestCaseKeyword.groovy)
	at com.kms.katalon.core.keyword.internal.KeywordMain.runKeyword(KeywordMain.groovy:75)
	at com.kms.katalon.core.keyword.builtin.CallTestCaseKeyword.callTestCase(CallTestCaseKeyword.groovy:81)
	at com.kms.katalon.core.keyword.builtin.CallTestCaseKeyword.execute(CallTestCaseKeyword.groovy:44)
	at com.kms.katalon.core.keyword.internal.KeywordExecutor.executeKeywordForPlatform(KeywordExecutor.groovy:74)
	at com.kms.katalon.core.keyword.BuiltinKeywords.callTestCase(BuiltinKeywords.groovy:310)
	at jdk.internal.reflect.GeneratedMethodAccessor41.invoke(Unknown Source)
	at java.base/jdk.internal.reflect.DelegatingMethodAccessorImpl.invoke(DelegatingMethodAccessorImpl.java:43)
	at AddFIN-INVOutboundSubscription.run(AddFIN-INVOutboundSubscription:20)
	at com.kms.katalon.core.main.ScriptEngine.run(ScriptEngine.java:194)
	at com.kms.katalon.core.main.ScriptEngine.runScriptAsRawText(ScriptEngine.java:119)
	at com.kms.katalon.core.main.TestCaseExecutor.runScript(TestCaseExecutor.java:448)
	at com.kms.katalon.core.main.TestCaseExecutor.doExecute(TestCaseExecutor.java:439)
	at com.kms.katalon.core.main.TestCaseExecutor.processExecutionPhase(TestCaseExecutor.java:418)
	at com.kms.katalon.core.main.TestCaseExecutor.accessMainPhase(TestCaseExecutor.java:410)
	at com.kms.katalon.core.main.TestCaseExecutor.execute(TestCaseExecutor.java:285)
	at com.kms.katalon.core.common.CommonExecutor.accessTestCaseMainPhase(CommonExecutor.java:65)
	at com.kms.katalon.core.main.TestSuiteExecutor.accessTestSuiteMainPhase(TestSuiteExecutor.java:150)
	at com.kms.katalon.core.main.TestSuiteExecutor.execute(TestSuiteExecutor.java:106)
	at com.kms.katalon.core.main.TestCaseMain.startTestSuite(TestCaseMain.java:180)
	at com.kms.katalon.core.main.TestCaseMain$startTestSuite$0.call(Unknown Source)
	at TempTestSuite1761084128061.run(TempTestSuite1761084128061.groovy:35)
	at java.base/jdk.internal.reflect.NativeMethodAccessorImpl.invoke0(Native Method)
	at java.base/jdk.internal.reflect.NativeMethodAccessorImpl.invoke(NativeMethodAccessorImpl.java:77)
	at java.base/jdk.internal.reflect.DelegatingMethodAccessorImpl.invoke(DelegatingMethodAccessorImpl.java:43)
Caused by: com.kms.katalon.core.exception.StepFailedException: Unable to set text 'Chris.Sheldon+DES_QA@Thekag.com' of object 'Object Repository/Page_IdentityServer4/input_Username (e.g. email address)_Username'
	at com.kms.katalon.core.webui.keyword.internal.WebUIKeywordMain.stepFailed(WebUIKeywordMain.groovy:117)
	at com.kms.katalon.core.webui.keyword.internal.WebUIKeywordMain.runKeyword(WebUIKeywordMain.groovy:43)
	at com.kms.katalon.core.webui.keyword.builtin.SetTextKeyword.setText(SetTextKeyword.groovy:85)
	at com.kms.katalon.core.webui.keyword.builtin.SetTextKeyword.execute(SetTextKeyword.groovy:39)
	at com.kms.katalon.core.keyword.internal.KeywordExecutor.executeKeywordForPlatform(KeywordExecutor.groovy:74)
	at com.kms.katalon.core.webui.keyword.WebUiBuiltInKeywords.setText(WebUiBuiltInKeywords.groovy:1019)
	at com.kms.katalon.core.webui.keyword.WebUiBuiltInKeywords$setText$2.call(Unknown Source)
	at DES Login.run(DES Login:30)
	at com.kms.katalon.core.main.ScriptEngine.run(ScriptEngine.java:194)
	at com.kms.katalon.core.main.ScriptEngine.runScriptAsRawText(ScriptEngine.java:119)
	at com.kms.katalon.core.main.TestCaseExecutor.runScript(TestCaseExecutor.java:448)
	at com.kms.katalon.core.main.TestCaseExecutor.doExecute(TestCaseExecutor.java:439)
	at com.kms.katalon.core.main.TestCaseExecutor.processExecutionPhase(TestCaseExecutor.java:418)
	at com.kms.katalon.core.main.TestCaseExecutor.accessMainPhase(TestCaseExecutor.java:410)
	at com.kms.katalon.core.main.TestCaseExecutor.execute(TestCaseExecutor.java:285)
	at com.kms.katalon.core.main.TestCaseMain.runTestCase(TestCaseMain.java:137)
	at com.kms.katalon.core.keyword.builtin.CallTestCaseKeyword$_callTestCase_closure1.doCall(CallTestCaseKeyword.groovy:59)
	... 25 more
Caused by: org.openqa.selenium.WebDriverException: java.net.ConnectException: Failed to connect to localhost/[0:0:0:0:0:0:0:1]:58580
Build info: version: '3.141.59', revision: 'unknown', time: 'unknown'
System info: host: 'DC1ADOBLD01', ip: '10.2.20.71', os.name: 'Windows Server 2019', os.arch: 'amd64', os.version: '10.0', java.version: '17.0.7'
Driver info: driver.version: EventFiringWebDriver
	at org.openqa.selenium.remote.service.DriverCommandExecutor.execute(DriverCommandExecutor.java:92)
	at org.openqa.selenium.remote.RemoteWebDriver.execute(RemoteWebDriver.java:552)
	at com.kms.katalon.selenium.driver.CChromeDriver.execute(CChromeDriver.java:19)
	at org.openqa.selenium.remote.RemoteWebDriver.findElements(RemoteWebDriver.java:353)
	at org.openqa.selenium.remote.RemoteWebDriver.findElementsByXPath(RemoteWebDriver.java:432)
	at org.openqa.selenium.By$ByXPath.findElements(By.java:348)
	at org.openqa.selenium.remote.RemoteWebDriver.findElements(RemoteWebDriver.java:311)
	at jdk.internal.reflect.GeneratedMethodAccessor9.invoke(Unknown Source)
	at java.base/jdk.internal.reflect.DelegatingMethodAccessorImpl.invoke(DelegatingMethodAccessorImpl.java:43)
	at org.openqa.selenium.support.events.EventFiringWebDriver.lambda$new$1(EventFiringWebDriver.java:105)
	at jdk.proxy2/jdk.proxy2.$Proxy26.findElements(Unknown Source)
	at org.openqa.selenium.support.events.EventFiringWebDriver.findElements(EventFiringWebDriver.java:182)
	at com.kms.katalon.core.webui.common.WebUiCommonHelper.findElementByNormalMethods(WebUiCommonHelper.java:1033)
	at com.kms.katalon.core.webui.common.WebUiCommonHelper.findElementsBySelectedMethod(WebUiCommonHelper.java:924)
	at com.kms.katalon.core.webui.common.WebUiCommonHelper.findElementsBySelectedMethod(WebUiCommonHelper.java:906)
	at com.kms.katalon.core.webui.common.WebUiCommonHelper.findElementsBySelectedMethod(WebUiCommonHelper.java:901)
	at com.kms.katalon.core.webui.common.WebUiCommonHelper.findElementsByDefault(WebUiCommonHelper.java:897)
	at com.kms.katalon.core.webui.common.WebUiCommonHelper.findElementsWithSelfHealing(WebUiCommonHelper.java:743)
	at com.kms.katalon.core.webui.common.WebUiCommonHelper.findWebElements(WebUiCommonHelper.java:727)
	at com.kms.katalon.core.webui.common.WebUiCommonHelper.findWebElement(WebUiCommonHelper.java:1413)
	at com.kms.katalon.core.webui.keyword.internal.WebUIAbstractKeyword.findWebElement(WebUIAbstractKeyword.groovy:27)
	at com.kms.katalon.core.webui.keyword.internal.WebUIAbstractKeyword.findWebElement(WebUIAbstractKeyword.groovy:26)
	at com.kms.katalon.core.webui.keyword.builtin.SetTextKeyword$_setText_closure1.doCall(SetTextKeyword.groovy:53)
	at com.kms.katalon.core.webui.keyword.builtin.SetTextKeyword$_setText_closure1.call(SetTextKeyword.groovy)
	at com.kms.katalon.core.webui.keyword.internal.WebUIKeywordMain.runKeyword(WebUIKeywordMain.groovy:35)
	at com.kms.katalon.core.webui.keyword.builtin.SetTextKeyword.setText(SetTextKeyword.groovy:85)
	at com.kms.katalon.core.webui.keyword.builtin.SetTextKeyword.execute(SetTextKeyword.groovy:39)
	at com.kms.katalon.core.keyword.internal.KeywordExecutor.executeKeywordForPlatform(KeywordExecutor.groovy:74)
	at com.kms.katalon.core.webui.keyword.WebUiBuiltInKeywords.setText(WebUiBuiltInKeywords.groovy:1019)
	at com.kms.katalon.core.webui.keyword.WebUiBuiltInKeywords$setText$2.call(Unknown Source)
	at Script1749499513693.run(Script1749499513693.groovy:30)
	at com.kms.katalon.core.main.ScriptEngine.run(ScriptEngine.java:194)
	at com.kms.katalon.core.main.ScriptEngine.runScriptAsRawText(ScriptEngine.java:119)
	at com.kms.katalon.core.main.TestCaseExecutor.runScript(TestCaseExecutor.java:448)
	at com.kms.katalon.core.main.TestCaseExecutor.doExecute(TestCaseExecutor.java:439)
	at com.kms.katalon.core.main.TestCaseExecutor.processExecutionPhase(TestCaseExecutor.java:418)
	at com.kms.katalon.core.main.TestCaseExecutor.accessMainPhase(TestCaseExecutor.java:410)
	at com.kms.katalon.core.main.TestCaseExecutor.execute(TestCaseExecutor.java:285)
	at com.kms.katalon.core.main.TestCaseMain.runTestCase(TestCaseMain.java:137)
	at com.kms.katalon.core.keyword.builtin.CallTestCaseKeyword$_callTestCase_closure1.doCall(CallTestCaseKeyword.groovy:59)
	at com.kms.katalon.core.keyword.builtin.CallTestCaseKeyword$_callTestCase_closure1.call(CallTestCaseKeyword.groovy)
	at com.kms.katalon.core.keyword.internal.KeywordMain.runKeyword(KeywordMain.groovy:75)
	at com.kms.katalon.core.keyword.builtin.CallTestCaseKeyword.callTestCase(CallTestCaseKeyword.groovy:81)
	at com.kms.katalon.core.keyword.builtin.CallTestCaseKeyword.execute(CallTestCaseKeyword.groovy:44)
	at com.kms.katalon.core.keyword.internal.KeywordExecutor.executeKeywordForPlatform(KeywordExecutor.groovy:74)
	at com.kms.katalon.core.keyword.BuiltinKeywords.callTestCase(BuiltinKeywords.groovy:310)
	at jdk.internal.reflect.GeneratedMethodAccessor41.invoke(Unknown Source)
	at java.base/jdk.internal.reflect.DelegatingMethodAccessorImpl.invoke(DelegatingMethodAccessorImpl.java:43)
	at Script1683814729126.run(Script1683814729126.groovy:20)
	... 16 more
Caused by: java.net.ConnectException: Failed to connect to localhost/[0:0:0:0:0:0:0:1]:58580
	at okhttp3.internal.connection.RealConnection.connectSocket(RealConnection.java:247)
	at okhttp3.internal.connection.RealConnection.connect(RealConnection.java:165)
	at okhttp3.internal.connection.StreamAllocation.findConnection(StreamAllocation.java:257)
	at okhttp3.internal.connection.StreamAllocation.findHealthyConnection(StreamAllocation.java:135)
	at okhttp3.internal.connection.StreamAllocation.newStream(StreamAllocation.java:114)
	at okhttp3.internal.connection.ConnectInterceptor.intercept(ConnectInterceptor.java:42)
	at okhttp3.internal.http.RealInterceptorChain.proceed(RealInterceptorChain.java:147)
	at okhttp3.internal.http.RealInterceptorChain.proceed(RealInterceptorChain.java:121)
	at okhttp3.internal.cache.CacheInterceptor.intercept(CacheInterceptor.java:93)
	at okhttp3.internal.http.RealInterceptorChain.proceed(RealInterceptorChain.java:147)
	at okhttp3.internal.http.RealInterceptorChain.proceed(RealInterceptorChain.java:121)
	at okhttp3.internal.http.BridgeInterceptor.intercept(BridgeInterceptor.java:93)
	at okhttp3.internal.http.RealInterceptorChain.proceed(RealInterceptorChain.java:147)
	at okhttp3.internal.http.RetryAndFollowUpInterceptor.intercept(RetryAndFollowUpInterceptor.java:126)
	at okhttp3.internal.http.RealInterceptorChain.proceed(RealInterceptorChain.java:147)
	at okhttp3.internal.http.RealInterceptorChain.proceed(RealInterceptorChain.java:121)
	at okhttp3.RealCall.getResponseWithInterceptorChain(RealCall.java:200)
	at okhttp3.RealCall.execute(RealCall.java:77)
	at org.openqa.selenium.remote.internal.OkHttpClient.execute(OkHttpClient.java:103)
	at org.openqa.selenium.remote.HttpCommandExecutor.execute(HttpCommandExecutor.java:155)
	at org.openqa.selenium.remote.service.DriverCommandExecutor.execute(DriverCommandExecutor.java:83)
	... 64 more
Caused by: java.net.ConnectException: Connection refused: no further information
	at okhttp3.internal.platform.Platform.connectSocket(Platform.java:129)
	at okhttp3.internal.connection.RealConnection.connectSocket(RealConnection.java:245)
	at okhttp3.internal.connection.RealConnection.connect(RealConnection.java:165)
	at okhttp3.internal.connection.StreamAllocation.findConnection(StreamAllocation.java:257)
	at okhttp3.internal.connection.StreamAllocation.findHealthyConnection(StreamAllocation.java:135)
	at okhttp3.internal.connection.StreamAllocation.newStream(StreamAllocation.java:114)
	at okhttp3.internal.connection.ConnectInterceptor.intercept(ConnectInterceptor.java:42)
	at okhttp3.internal.http.RealInterceptorChain.proceed(RealInterceptorChain.java:147)
	at okhttp3.internal.http.RealInterceptorChain.proceed(RealInterceptorChain.java:121)
	at okhttp3.internal.cache.CacheInterceptor.intercept(CacheInterceptor.java:93)
	at okhttp3.internal.http.RealInterceptorChain.proceed(RealInterceptorChain.java:147)
	at okhttp3.internal.http.RealInterceptorChain.proceed(RealInterceptorChain.java:121)
	at okhttp3.internal.http.BridgeInterceptor.intercept(BridgeInterceptor.java:93)
	at okhttp3.internal.http.RealInterceptorChain.proceed(RealInterceptorChain.java:147)
	at okhttp3.internal.http.RetryAndFollowUpInterceptor.intercept(RetryAndFollowUpInterceptor.java:126)
	at okhttp3.internal.http.RealInterceptorChain.proceed(RealInterceptorChain.java:147)
	at okhttp3.internal.http.RealInterceptorChain.proceed(RealInterceptorChain.java:121)
	at okhttp3.RealCall.getResponseWithInterceptorChain(RealCall.java:200)
	at okhttp3.RealCall.execute(RealCall.java:77)
	at org.openqa.selenium.remote.internal.OkHttpClient.execute(OkHttpClient.java:103)
	at org.openqa.selenium.remote.HttpCommandExecutor.execute(HttpCommandExecutor.java:155)
	at org.openqa.selenium.remote.service.DriverCommandExecutor.execute(DriverCommandExecutor.java:83)
	at org.openqa.selenium.remote.RemoteWebDriver.execute(RemoteWebDriver.java:552)
	at com.kms.katalon.selenium.driver.CChromeDriver.execute(CChromeDriver.java:19)
	at org.openqa.selenium.remote.RemoteWebDriver.findElements(RemoteWebDriver.java:353)
	at org.openqa.selenium.remote.RemoteWebDriver.findElementsByXPath(RemoteWebDriver.java:432)
	at org.openqa.selenium.By$ByXPath.findElements(By.java:348)
	at org.openqa.selenium.remote.RemoteWebDriver.findElements(RemoteWebDriver.java:311)
	at jdk.internal.reflect.GeneratedMethodAccessor9.invoke(Unknown Source)
	at java.base/jdk.internal.reflect.DelegatingMethodAccessorImpl.invoke(DelegatingMethodAccessorImpl.java:43)
	at org.openqa.selenium.support.events.EventFiringWebDriver.lambda$new$1(EventFiringWebDriver.java:105)
	at jdk.proxy2/jdk.proxy2.$Proxy26.findElements(Unknown Source)
	at org.openqa.selenium.support.events.EventFiringWebDriver.findElements(EventFiringWebDriver.java:182)
	at com.kms.katalon.core.webui.common.WebUiCommonHelper.findElementByNormalMethods(WebUiCommonHelper.java:1033)
	at com.kms.katalon.core.webui.common.WebUiCommonHelper.findElementsBySelectedMethod(WebUiCommonHelper.java:924)
	at com.kms.katalon.core.webui.common.WebUiCommonHelper.findElementsBySelectedMethod(WebUiCommonHelper.java:906)
	at com.kms.katalon.core.webui.common.WebUiCommonHelper.findElementsBySelectedMethod(WebUiCommonHelper.java:901)
	at com.kms.katalon.core.webui.common.WebUiCommonHelper.findElementsByDefault(WebUiCommonHelper.java:897)
	at com.kms.katalon.core.webui.common.WebUiCommonHelper.findElementsWithSelfHealing(WebUiCommonHelper.java:743)
	at com.kms.katalon.core.webui.common.WebUiCommonHelper.findWebElements(WebUiCommonHelper.java:727)
	at com.kms.katalon.core.webui.common.WebUiCommonHelper.findWebElement(WebUiCommonHelper.java:1413)
	at com.kms.katalon.core.webui.keyword.internal.WebUIAbstractKeyword.findWebElement(WebUIAbstractKeyword.groovy:27)
	at com.kms.katalon.core.webui.keyword.internal.WebUIAbstractKeyword.findWebElement(WebUIAbstractKeyword.groovy:26)
	at com.kms.katalon.core.webui.keyword.builtin.SetTextKeyword$_setText_closure1.doCall(SetTextKeyword.groovy:53)
	at com.kms.katalon.core.webui.keyword.builtin.SetTextKeyword$_setText_closure1.call(SetTextKeyword.groovy)
	at com.kms.katalon.core.webui.keyword.internal.WebUIKeywordMain.runKeyword(WebUIKeywordMain.groovy:35)
	at com.kms.katalon.core.webui.keyword.builtin.SetTextKeyword.setText(SetTextKeyword.groovy:85)
	at com.kms.katalon.core.webui.keyword.builtin.SetTextKeyword.execute(SetTextKeyword.groovy:39)
	at com.kms.katalon.core.keyword.internal.KeywordExecutor.executeKeywordForPlatform(KeywordExecutor.groovy:74)
	at com.kms.katalon.core.webui.keyword.WebUiBuiltInKeywords.setText(WebUiBuiltInKeywords.groovy:1019)
	at com.kms.katalon.core.webui.keyword.WebUiBuiltInKeywords$setText$2.call(Unknown Source)
	at DES Login.run(DES Login:30)
	at com.kms.katalon.core.main.ScriptEngine.run(ScriptEngine.java:194)
	at com.kms.katalon.core.main.ScriptEngine.runScriptAsRawText(ScriptEngine.java:119)
	at com.kms.katalon.core.main.TestCaseExecutor.runScript(TestCaseExecutor.java:448)
	at com.kms.katalon.core.main.TestCaseExecutor.doExecute(TestCaseExecutor.java:439)
	at com.kms.katalon.core.main.TestCaseExecutor.processExecutionPhase(TestCaseExecutor.java:418)
	at com.kms.katalon.core.main.TestCaseExecutor.accessMainPhase(TestCaseExecutor.java:410)
	at com.kms.katalon.core.main.TestCaseExecutor.execute(TestCaseExecutor.java:285)
	at com.kms.katalon.core.main.TestCaseMain.runTestCase(TestCaseMain.java:137)
	at com.kms.katalon.core.keyword.builtin.CallTestCaseKeyword$_callTestCase_closure1.doCall(CallTestCaseKeyword.groovy:59)
	at com.kms.katalon.core.keyword.builtin.CallTestCaseKeyword$_callTestCase_closure1.call(CallTestCaseKeyword.groovy)
	at com.kms.katalon.core.keyword.internal.KeywordMain.runKeyword(KeywordMain.groovy:75)
	at com.kms.katalon.core.keyword.builtin.CallTestCaseKeyword.callTestCase(CallTestCaseKeyword.groovy:81)
	at com.kms.katalon.core.keyword.builtin.CallTestCaseKeyword.execute(CallTestCaseKeyword.groovy:44)
	at com.kms.katalon.core.keyword.internal.KeywordExecutor.executeKeywordForPlatform(KeywordExecutor.groovy:74)
	at com.kms.katalon.core.keyword.BuiltinKeywords.callTestCase(BuiltinKeywords.groovy:310)
	at jdk.internal.reflect.GeneratedMethodAccessor41.invoke(Unknown Source)
	at java.base/jdk.internal.reflect.DelegatingMethodAccessorImpl.invoke(DelegatingMethodAccessorImpl.java:43)
	at AddFIN-INVOutboundSubscription.run(AddFIN-INVOutboundSubscription:20)
	... 16 more
)

21-10-2025T19:00:45 - [TEST_CASE][FAILED] - Test Cases/DES/DES Login: Test Cases/DES/DES Login FAILED.
Reason:
com.kms.katalon.core.exception.StepFailedException: Unable to set text 'Chris.Sheldon+DES_QA@Thekag.com' of object 'Object Repository/Page_IdentityServer4/input_Username (e.g. email address)_Username'
	at com.kms.katalon.core.webui.keyword.internal.WebUIKeywordMain.stepFailed(WebUIKeywordMain.groovy:117)
	at com.kms.katalon.core.webui.keyword.internal.WebUIKeywordMain.runKeyword(WebUIKeywordMain.groovy:43)
	at com.kms.katalon.core.webui.keyword.builtin.SetTextKeyword.setText(SetTextKeyword.groovy:85)
	at com.kms.katalon.core.webui.keyword.builtin.SetTextKeyword.execute(SetTextKeyword.groovy:39)
	at com.kms.katalon.core.keyword.internal.KeywordExecutor.executeKeywordForPlatform(KeywordExecutor.groovy:74)
	at com.kms.katalon.core.webui.keyword.WebUiBuiltInKeywords.setText(WebUiBuiltInKeywords.groovy:1019)
	at com.kms.katalon.core.webui.keyword.WebUiBuiltInKeywords$setText$2.call(Unknown Source)
	at DES Login.run(DES Login:30)
	at com.kms.katalon.core.main.ScriptEngine.run(ScriptEngine.java:194)
	at com.kms.katalon.core.main.ScriptEngine.runScriptAsRawText(ScriptEngine.java:119)
	at com.kms.katalon.core.main.TestCaseExecutor.runScript(TestCaseExecutor.java:448)
	at com.kms.katalon.core.main.TestCaseExecutor.doExecute(TestCaseExecutor.java:439)
	at com.kms.katalon.core.main.TestCaseExecutor.processExecutionPhase(TestCaseExecutor.java:418)
	at com.kms.katalon.core.main.TestCaseExecutor.accessMainPhase(TestCaseExecutor.java:410)
	at com.kms.katalon.core.main.TestCaseExecutor.execute(TestCaseExecutor.java:285)
	at com.kms.katalon.core.main.TestCaseMain.runTestCase(TestCaseMain.java:137)
	at com.kms.katalon.core.keyword.builtin.CallTestCaseKeyword$_callTestCase_closure1.doCall(CallTestCaseKeyword.groovy:59)
	at com.kms.katalon.core.keyword.builtin.CallTestCaseKeyword$_callTestCase_closure1.call(CallTestCaseKeyword.groovy)
	at com.kms.katalon.core.keyword.internal.KeywordMain.runKeyword(KeywordMain.groovy:75)
	at com.kms.katalon.core.keyword.builtin.CallTestCaseKeyword.callTestCase(CallTestCaseKeyword.groovy:81)
	at com.kms.katalon.core.keyword.builtin.CallTestCaseKeyword.execute(CallTestCaseKeyword.groovy:44)
	at com.kms.katalon.core.keyword.internal.KeywordExecutor.executeKeywordForPlatform(KeywordExecutor.groovy:74)
	at com.kms.katalon.core.keyword.BuiltinKeywords.callTestCase(BuiltinKeywords.groovy:310)
	at jdk.internal.reflect.GeneratedMethodAccessor41.invoke(Unknown Source)
	at java.base/jdk.internal.reflect.DelegatingMethodAccessorImpl.invoke(DelegatingMethodAccessorImpl.java:43)
	at AddFIN-INVOutboundSubscription.run(AddFIN-INVOutboundSubscription:20)
	at com.kms.katalon.core.main.ScriptEngine.run(ScriptEngine.java:194)
	at com.kms.katalon.core.main.ScriptEngine.runScriptAsRawText(ScriptEngine.java:119)
	at com.kms.katalon.core.main.TestCaseExecutor.runScript(TestCaseExecutor.java:448)
	at com.kms.katalon.core.main.TestCaseExecutor.doExecute(TestCaseExecutor.java:439)
	at com.kms.katalon.core.main.TestCaseExecutor.processExecutionPhase(TestCaseExecutor.java:418)
	at com.kms.katalon.core.main.TestCaseExecutor.accessMainPhase(TestCaseExecutor.java:410)
	at com.kms.katalon.core.main.TestCaseExecutor.execute(TestCaseExecutor.java:285)
	at com.kms.katalon.core.common.CommonExecutor.accessTestCaseMainPhase(CommonExecutor.java:65)
	at com.kms.katalon.core.main.TestSuiteExecutor.accessTestSuiteMainPhase(TestSuiteExecutor.java:150)
	at com.kms.katalon.core.main.TestSuiteExecutor.execute(TestSuiteExecutor.java:106)
	at com.kms.katalon.core.main.TestCaseMain.startTestSuite(TestCaseMain.java:180)
	at com.kms.katalon.core.main.TestCaseMain$startTestSuite$0.call(Unknown Source)
	at TempTestSuite1761084128061.run(TempTestSuite1761084128061.groovy:35)
	at java.base/jdk.internal.reflect.NativeMethodAccessorImpl.invoke0(Native Method)
	at java.base/jdk.internal.reflect.NativeMethodAccessorImpl.invoke(NativeMethodAccessorImpl.java:77)
	at java.base/jdk.internal.reflect.DelegatingMethodAccessorImpl.invoke(DelegatingMethodAccessorImpl.java:43)
Caused by: org.openqa.selenium.WebDriverException: java.net.ConnectException: Failed to connect to localhost/[0:0:0:0:0:0:0:1]:58580
Build info: version: '3.141.59', revision: 'unknown', time: 'unknown'
System info: host: 'DC1ADOBLD01', ip: '10.2.20.71', os.name: 'Windows Server 2019', os.arch: 'amd64', os.version: '10.0', java.version: '17.0.7'
Driver info: driver.version: EventFiringWebDriver
	at org.openqa.selenium.remote.service.DriverCommandExecutor.execute(DriverCommandExecutor.java:92)
	at org.openqa.selenium.remote.RemoteWebDriver.execute(RemoteWebDriver.java:552)
	at com.kms.katalon.selenium.driver.CChromeDriver.execute(CChromeDriver.java:19)
	at org.openqa.selenium.remote.RemoteWebDriver.findElements(RemoteWebDriver.java:353)
	at org.openqa.selenium.remote.RemoteWebDriver.findElementsByXPath(RemoteWebDriver.java:432)
	at org.openqa.selenium.By$ByXPath.findElements(By.java:348)
	at org.openqa.selenium.remote.RemoteWebDriver.findElements(RemoteWebDriver.java:311)
	at jdk.internal.reflect.GeneratedMethodAccessor9.invoke(Unknown Source)
	at java.base/jdk.internal.reflect.DelegatingMethodAccessorImpl.invoke(DelegatingMethodAccessorImpl.java:43)
	at org.openqa.selenium.support.events.EventFiringWebDriver.lambda$new$1(EventFiringWebDriver.java:105)
	at jdk.proxy2/jdk.proxy2.$Proxy26.findElements(Unknown Source)
	at org.openqa.selenium.support.events.EventFiringWebDriver.findElements(EventFiringWebDriver.java:182)
	at com.kms.katalon.core.webui.common.WebUiCommonHelper.findElementByNormalMethods(WebUiCommonHelper.java:1033)
	at com.kms.katalon.core.webui.common.WebUiCommonHelper.findElementsBySelectedMethod(WebUiCommonHelper.java:924)
	at com.kms.katalon.core.webui.common.WebUiCommonHelper.findElementsBySelectedMethod(WebUiCommonHelper.java:906)
	at com.kms.katalon.core.webui.common.WebUiCommonHelper.findElementsBySelectedMethod(WebUiCommonHelper.java:901)
	at com.kms.katalon.core.webui.common.WebUiCommonHelper.findElementsByDefault(WebUiCommonHelper.java:897)
	at com.kms.katalon.core.webui.common.WebUiCommonHelper.findElementsWithSelfHealing(WebUiCommonHelper.java:743)
	at com.kms.katalon.core.webui.common.WebUiCommonHelper.findWebElements(WebUiCommonHelper.java:727)
	at com.kms.katalon.core.webui.common.WebUiCommonHelper.findWebElement(WebUiCommonHelper.java:1413)
	at com.kms.katalon.core.webui.keyword.internal.WebUIAbstractKeyword.findWebElement(WebUIAbstractKeyword.groovy:27)
	at com.kms.katalon.core.webui.keyword.internal.WebUIAbstractKeyword.findWebElement(WebUIAbstractKeyword.groovy:26)
	at com.kms.katalon.core.webui.keyword.builtin.SetTextKeyword$_setText_closure1.doCall(SetTextKeyword.groovy:53)
	at com.kms.katalon.core.webui.keyword.builtin.SetTextKeyword$_setText_closure1.call(SetTextKeyword.groovy)
	at com.kms.katalon.core.webui.keyword.internal.WebUIKeywordMain.runKeyword(WebUIKeywordMain.groovy:35)
	at com.kms.katalon.core.webui.keyword.builtin.SetTextKeyword.setText(SetTextKeyword.groovy:85)
	at com.kms.katalon.core.webui.keyword.builtin.SetTextKeyword.execute(SetTextKeyword.groovy:39)
	at com.kms.katalon.core.keyword.internal.KeywordExecutor.executeKeywordForPlatform(KeywordExecutor.groovy:74)
	at com.kms.katalon.core.webui.keyword.WebUiBuiltInKeywords.setText(WebUiBuiltInKeywords.groovy:1019)
	at com.kms.katalon.core.webui.keyword.WebUiBuiltInKeywords$setText$2.call(Unknown Source)
	at Script1749499513693.run(Script1749499513693.groovy:30)
	at com.kms.katalon.core.main.ScriptEngine.run(ScriptEngine.java:194)
	at com.kms.katalon.core.main.ScriptEngine.runScriptAsRawText(ScriptEngine.java:119)
	at com.kms.katalon.core.main.TestCaseExecutor.runScript(TestCaseExecutor.java:448)
	at com.kms.katalon.core.main.TestCaseExecutor.doExecute(TestCaseExecutor.java:439)
	at com.kms.katalon.core.main.TestCaseExecutor.processExecutionPhase(TestCaseExecutor.java:418)
	at com.kms.katalon.core.main.TestCaseExecutor.accessMainPhase(TestCaseExecutor.java:410)
	at com.kms.katalon.core.main.TestCaseExecutor.execute(TestCaseExecutor.java:285)
	at com.kms.katalon.core.main.TestCaseMain.runTestCase(TestCaseMain.java:137)
	at com.kms.katalon.core.keyword.builtin.CallTestCaseKeyword$_callTestCase_closure1.doCall(CallTestCaseKeyword.groovy:59)
	at com.kms.katalon.core.keyword.builtin.CallTestCaseKeyword$_callTestCase_closure1.call(CallTestCaseKeyword.groovy)
	at com.kms.katalon.core.keyword.internal.KeywordMain.runKeyword(KeywordMain.groovy:75)
	at com.kms.katalon.core.keyword.builtin.CallTestCaseKeyword.callTestCase(CallTestCaseKeyword.groovy:81)
	at com.kms.katalon.core.keyword.builtin.CallTestCaseKeyword.execute(CallTestCaseKeyword.groovy:44)
	at com.kms.katalon.core.keyword.internal.KeywordExecutor.executeKeywordForPlatform(KeywordExecutor.groovy:74)
	at com.kms.katalon.core.keyword.BuiltinKeywords.callTestCase(BuiltinKeywords.groovy:310)
	at jdk.internal.reflect.GeneratedMethodAccessor41.invoke(Unknown Source)
	at java.base/jdk.internal.reflect.DelegatingMethodAccessorImpl.invoke(DelegatingMethodAccessorImpl.java:43)
	at Script1683814729126.run(Script1683814729126.groovy:20)
	... 16 more
Caused by: java.net.ConnectException: Failed to connect to localhost/[0:0:0:0:0:0:0:1]:58580
	at okhttp3.internal.connection.RealConnection.connectSocket(RealConnection.java:247)
	at okhttp3.internal.connection.RealConnection.connect(RealConnection.java:165)
	at okhttp3.internal.connection.StreamAllocation.findConnection(StreamAllocation.java:257)
	at okhttp3.internal.connection.StreamAllocation.findHealthyConnection(StreamAllocation.java:135)
	at okhttp3.internal.connection.StreamAllocation.newStream(StreamAllocation.java:114)
	at okhttp3.internal.connection.ConnectInterceptor.intercept(ConnectInterceptor.java:42)
	at okhttp3.internal.http.RealInterceptorChain.proceed(RealInterceptorChain.java:147)
	at okhttp3.internal.http.RealInterceptorChain.proceed(RealInterceptorChain.java:121)
	at okhttp3.internal.cache.CacheInterceptor.intercept(CacheInterceptor.java:93)
	at okhttp3.internal.http.RealInterceptorChain.proceed(RealInterceptorChain.java:147)
	at okhttp3.internal.http.RealInterceptorChain.proceed(RealInterceptorChain.java:121)
	at okhttp3.internal.http.BridgeInterceptor.intercept(BridgeInterceptor.java:93)
	at okhttp3.internal.http.RealInterceptorChain.proceed(RealInterceptorChain.java:147)
	at okhttp3.internal.http.RetryAndFollowUpInterceptor.intercept(RetryAndFollowUpInterceptor.java:126)
	at okhttp3.internal.http.RealInterceptorChain.proceed(RealInterceptorChain.java:147)
	at okhttp3.internal.http.RealInterceptorChain.proceed(RealInterceptorChain.java:121)
	at okhttp3.RealCall.getResponseWithInterceptorChain(RealCall.java:200)
	at okhttp3.RealCall.execute(RealCall.java:77)
	at org.openqa.selenium.remote.internal.OkHttpClient.execute(OkHttpClient.java:103)
	at org.openqa.selenium.remote.HttpCommandExecutor.execute(HttpCommandExecutor.java:155)
	at org.openqa.selenium.remote.service.DriverCommandExecutor.execute(DriverCommandExecutor.java:83)
	... 64 more
Caused by: java.net.ConnectException: Connection refused: no further information
	at okhttp3.internal.platform.Platform.connectSocket(Platform.java:129)
	at okhttp3.internal.connection.RealConnection.connectSocket(RealConnection.java:245)
	at okhttp3.internal.connection.RealConnection.connect(RealConnection.java:165)
	at okhttp3.internal.connection.StreamAllocation.findConnection(StreamAllocation.java:257)
	at okhttp3.internal.connection.StreamAllocation.findHealthyConnection(StreamAllocation.java:135)
	at okhttp3.internal.connection.StreamAllocation.newStream(StreamAllocation.java:114)
	at okhttp3.internal.connection.ConnectInterceptor.intercept(ConnectInterceptor.java:42)
	at okhttp3.internal.http.RealInterceptorChain.proceed(RealInterceptorChain.java:147)
	at okhttp3.internal.http.RealInterceptorChain.proceed(RealInterceptorChain.java:121)
	at okhttp3.internal.cache.CacheInterceptor.intercept(CacheInterceptor.java:93)
	at okhttp3.internal.http.RealInterceptorChain.proceed(RealInterceptorChain.java:147)
	at okhttp3.internal.http.RealInterceptorChain.proceed(RealInterceptorChain.java:121)
	at okhttp3.internal.http.BridgeInterceptor.intercept(BridgeInterceptor.java:93)
	at okhttp3.internal.http.RealInterceptorChain.proceed(RealInterceptorChain.java:147)
	at okhttp3.internal.http.RetryAndFollowUpInterceptor.intercept(RetryAndFollowUpInterceptor.java:126)
	at okhttp3.internal.http.RealInterceptorChain.proceed(RealInterceptorChain.java:147)
	at okhttp3.internal.http.RealInterceptorChain.proceed(RealInterceptorChain.java:121)
	at okhttp3.RealCall.getResponseWithInterceptorChain(RealCall.java:200)
	at okhttp3.RealCall.execute(RealCall.java:77)
	at org.openqa.selenium.remote.internal.OkHttpClient.execute(OkHttpClient.java:103)
	at org.openqa.selenium.remote.HttpCommandExecutor.execute(HttpCommandExecutor.java:155)
	at org.openqa.selenium.remote.service.DriverCommandExecutor.execute(DriverCommandExecutor.java:83)
	at org.openqa.selenium.remote.RemoteWebDriver.execute(RemoteWebDriver.java:552)
	at com.kms.katalon.selenium.driver.CChromeDriver.execute(CChromeDriver.java:19)
	at org.openqa.selenium.remote.RemoteWebDriver.findElements(RemoteWebDriver.java:353)
	at org.openqa.selenium.remote.RemoteWebDriver.findElementsByXPath(RemoteWebDriver.java:432)
	at org.openqa.selenium.By$ByXPath.findElements(By.java:348)
	at org.openqa.selenium.remote.RemoteWebDriver.findElements(RemoteWebDriver.java:311)
	at jdk.internal.reflect.GeneratedMethodAccessor9.invoke(Unknown Source)
	at java.base/jdk.internal.reflect.DelegatingMethodAccessorImpl.invoke(DelegatingMethodAccessorImpl.java:43)
	at org.openqa.selenium.support.events.EventFiringWebDriver.lambda$new$1(EventFiringWebDriver.java:105)
	at jdk.proxy2/jdk.proxy2.$Proxy26.findElements(Unknown Source)
	at org.openqa.selenium.support.events.EventFiringWebDriver.findElements(EventFiringWebDriver.java:182)
	at com.kms.katalon.core.webui.common.WebUiCommonHelper.findElementByNormalMethods(WebUiCommonHelper.java:1033)
	at com.kms.katalon.core.webui.common.WebUiCommonHelper.findElementsBySelectedMethod(WebUiCommonHelper.java:924)
	at com.kms.katalon.core.webui.common.WebUiCommonHelper.findElementsBySelectedMethod(WebUiCommonHelper.java:906)
	at com.kms.katalon.core.webui.common.WebUiCommonHelper.findElementsBySelectedMethod(WebUiCommonHelper.java:901)
	at com.kms.katalon.core.webui.common.WebUiCommonHelper.findElementsByDefault(WebUiCommonHelper.java:897)
	at com.kms.katalon.core.webui.common.WebUiCommonHelper.findElementsWithSelfHealing(WebUiCommonHelper.java:743)
	at com.kms.katalon.core.webui.common.WebUiCommonHelper.findWebElements(WebUiCommonHelper.java:727)
	at com.kms.katalon.core.webui.common.WebUiCommonHelper.findWebElement(WebUiCommonHelper.java:1413)
	at com.kms.katalon.core.webui.keyword.internal.WebUIAbstractKeyword.findWebElement(WebUIAbstractKeyword.groovy:27)
	at com.kms.katalon.core.webui.keyword.internal.WebUIAbstractKeyword.findWebElement(WebUIAbstractKeyword.groovy:26)
	at com.kms.katalon.core.webui.keyword.builtin.SetTextKeyword$_setText_closure1.doCall(SetTextKeyword.groovy:53)
	at com.kms.katalon.core.webui.keyword.builtin.SetTextKeyword$_setText_closure1.call(SetTextKeyword.groovy)
	at com.kms.katalon.core.webui.keyword.internal.WebUIKeywordMain.runKeyword(WebUIKeywordMain.groovy:35)
	at com.kms.katalon.core.webui.keyword.builtin.SetTextKeyword.setText(SetTextKeyword.groovy:85)
	at com.kms.katalon.core.webui.keyword.builtin.SetTextKeyword.execute(SetTextKeyword.groovy:39)
	at com.kms.katalon.core.keyword.internal.KeywordExecutor.executeKeywordForPlatform(KeywordExecutor.groovy:74)
	at com.kms.katalon.core.webui.keyword.WebUiBuiltInKeywords.setText(WebUiBuiltInKeywords.groovy:1019)
	at com.kms.katalon.core.webui.keyword.WebUiBuiltInKeywords$setText$2.call(Unknown Source)
	at DES Login.run(DES Login:30)
	at com.kms.katalon.core.main.ScriptEngine.run(ScriptEngine.java:194)
	at com.kms.katalon.core.main.ScriptEngine.runScriptAsRawText(ScriptEngine.java:119)
	at com.kms.katalon.core.main.TestCaseExecutor.runScript(TestCaseExecutor.java:448)
	at com.kms.katalon.core.main.TestCaseExecutor.doExecute(TestCaseExecutor.java:439)
	at com.kms.katalon.core.main.TestCaseExecutor.processExecutionPhase(TestCaseExecutor.java:418)
	at com.kms.katalon.core.main.TestCaseExecutor.accessMainPhase(TestCaseExecutor.java:410)
	at com.kms.katalon.core.main.TestCaseExecutor.execute(TestCaseExecutor.java:285)
	at com.kms.katalon.core.main.TestCaseMain.runTestCase(TestCaseMain.java:137)
	at com.kms.katalon.core.keyword.builtin.CallTestCaseKeyword$_callTestCase_closure1.doCall(CallTestCaseKeyword.groovy:59)
	at com.kms.katalon.core.keyword.builtin.CallTestCaseKeyword$_callTestCase_closure1.call(CallTestCaseKeyword.groovy)
	at com.kms.katalon.core.keyword.internal.KeywordMain.runKeyword(KeywordMain.groovy:75)
	at com.kms.katalon.core.keyword.builtin.CallTestCaseKeyword.callTestCase(CallTestCaseKeyword.groovy:81)
	at com.kms.katalon.core.keyword.builtin.CallTestCaseKeyword.execute(CallTestCaseKeyword.groovy:44)
	at com.kms.katalon.core.keyword.internal.KeywordExecutor.executeKeywordForPlatform(KeywordExecutor.groovy:74)
	at com.kms.katalon.core.keyword.BuiltinKeywords.callTestCase(BuiltinKeywords.groovy:310)
	at jdk.internal.reflect.GeneratedMethodAccessor41.invoke(Unknown Source)
	at java.base/jdk.internal.reflect.DelegatingMethodAccessorImpl.invoke(DelegatingMethodAccessorImpl.java:43)
	at AddFIN-INVOutboundSubscription.run(AddFIN-INVOutboundSubscription:20)
	... 16 more


21-10-2025T19:00:45 - [TEST_STEP][PASSED] - openBrowser(""): Browser is opened with url: ''

21-10-2025T19:00:45 - [MESSAGE][INFO] - Starting 'Chrome' driver

21-10-2025T19:00:45 - [MESSAGE][INFO] - User set preference: ['args', '[--no-sandbox, --disable-gpu, --disable-dev-shm-usage]']

21-10-2025T19:00:45 - [MESSAGE][INFO] - Action delay is set to 0 milliseconds

21-10-2025T19:00:46 - [MESSAGE][PASSED] - Browser is opened with url: ''

21-10-2025T19:00:46 - [TEST_STEP][PASSED] - maximizeWindow(): Current window maximized

21-10-2025T19:00:46 - [MESSAGE][PASSED] - Current window maximized

21-10-2025T19:00:46 - [TEST_STEP][PASSED] - delay(10): Delayed 10 second(s)

21-10-2025T19:00:56 - [MESSAGE][PASSED] - Delayed 10 second(s)

21-10-2025T19:00:56 - [TEST_STEP][PASSED] - navigateToUrl("https://dx-portal.qa.thekag.com/"): Navigate to 'https://dx-portal.qa.thekag.com/' successfully

21-10-2025T19:00:56 - [MESSAGE][PASSED] - Navigate to 'https://dx-portal.qa.thekag.com/' successfully

21-10-2025T19:00:56 - [TEST_STEP][PASSED] - delay(5): Delayed 5 second(s)

21-10-2025T19:01:01 - [MESSAGE][PASSED] - Delayed 5 second(s)

21-10-2025T19:01:01 - [TEST_STEP][FAILED] - setText(findTestObject("Object Repository/Page_IdentityServer4/input_Username (e.g. email address)_Username"), "Chris.Sheldon+DES_QA@Thekag.com"): Unable to set text 'Chris.Sheldon+DES_QA@Thekag.com' of object 'Object Repository/Page_IdentityServer4/input_Username (e.g. email address)_Username' (Root cause: com.kms.katalon.core.exception.StepFailedException: Unable to set text 'Chris.Sheldon+DES_QA@Thekag.com' of object 'Object Repository/Page_IdentityServer4/input_Username (e.g. email address)_Username'
	at com.kms.katalon.core.webui.keyword.internal.WebUIKeywordMain.stepFailed(WebUIKeywordMain.groovy:117)
	at com.kms.katalon.core.webui.keyword.internal.WebUIKeywordMain.runKeyword(WebUIKeywordMain.groovy:43)
	at com.kms.katalon.core.webui.keyword.builtin.SetTextKeyword.setText(SetTextKeyword.groovy:85)
	at com.kms.katalon.core.webui.keyword.builtin.SetTextKeyword.execute(SetTextKeyword.groovy:39)
	at com.kms.katalon.core.keyword.internal.KeywordExecutor.executeKeywordForPlatform(KeywordExecutor.groovy:74)
	at com.kms.katalon.core.webui.keyword.WebUiBuiltInKeywords.setText(WebUiBuiltInKeywords.groovy:1019)
	at com.kms.katalon.core.webui.keyword.WebUiBuiltInKeywords$setText$2.call(Unknown Source)
	at DES Login.run(DES Login:30)
	at com.kms.katalon.core.main.ScriptEngine.run(ScriptEngine.java:194)
	at com.kms.katalon.core.main.ScriptEngine.runScriptAsRawText(ScriptEngine.java:119)
	at com.kms.katalon.core.main.TestCaseExecutor.runScript(TestCaseExecutor.java:448)
	at com.kms.katalon.core.main.TestCaseExecutor.doExecute(TestCaseExecutor.java:439)
	at com.kms.katalon.core.main.TestCaseExecutor.processExecutionPhase(TestCaseExecutor.java:418)
	at com.kms.katalon.core.main.TestCaseExecutor.accessMainPhase(TestCaseExecutor.java:410)
	at com.kms.katalon.core.main.TestCaseExecutor.execute(TestCaseExecutor.java:285)
	at com.kms.katalon.core.main.TestCaseMain.runTestCase(TestCaseMain.java:137)
	at com.kms.katalon.core.keyword.builtin.CallTestCaseKeyword$_callTestCase_closure1.doCall(CallTestCaseKeyword.groovy:59)
	at com.kms.katalon.core.keyword.builtin.CallTestCaseKeyword$_callTestCase_closure1.call(CallTestCaseKeyword.groovy)
	at com.kms.katalon.core.keyword.internal.KeywordMain.runKeyword(KeywordMain.groovy:75)
	at com.kms.katalon.core.keyword.builtin.CallTestCaseKeyword.callTestCase(CallTestCaseKeyword.groovy:81)
	at com.kms.katalon.core.keyword.builtin.CallTestCaseKeyword.execute(CallTestCaseKeyword.groovy:44)
	at com.kms.katalon.core.keyword.internal.KeywordExecutor.executeKeywordForPlatform(KeywordExecutor.groovy:74)
	at com.kms.katalon.core.keyword.BuiltinKeywords.callTestCase(BuiltinKeywords.groovy:310)
	at jdk.internal.reflect.GeneratedMethodAccessor41.invoke(Unknown Source)
	at java.base/jdk.internal.reflect.DelegatingMethodAccessorImpl.invoke(DelegatingMethodAccessorImpl.java:43)
	at AddFIN-INVOutboundSubscription.run(AddFIN-INVOutboundSubscription:20)
	at com.kms.katalon.core.main.ScriptEngine.run(ScriptEngine.java:194)
	at com.kms.katalon.core.main.ScriptEngine.runScriptAsRawText(ScriptEngine.java:119)
	at com.kms.katalon.core.main.TestCaseExecutor.runScript(TestCaseExecutor.java:448)
	at com.kms.katalon.core.main.TestCaseExecutor.doExecute(TestCaseExecutor.java:439)
	at com.kms.katalon.core.main.TestCaseExecutor.processExecutionPhase(TestCaseExecutor.java:418)
	at com.kms.katalon.core.main.TestCaseExecutor.accessMainPhase(TestCaseExecutor.java:410)
	at com.kms.katalon.core.main.TestCaseExecutor.execute(TestCaseExecutor.java:285)
	at com.kms.katalon.core.common.CommonExecutor.accessTestCaseMainPhase(CommonExecutor.java:65)
	at com.kms.katalon.core.main.TestSuiteExecutor.accessTestSuiteMainPhase(TestSuiteExecutor.java:150)
	at com.kms.katalon.core.main.TestSuiteExecutor.execute(TestSuiteExecutor.java:106)
	at com.kms.katalon.core.main.TestCaseMain.startTestSuite(TestCaseMain.java:180)
	at com.kms.katalon.core.main.TestCaseMain$startTestSuite$0.call(Unknown Source)
	at TempTestSuite1761084128061.run(TempTestSuite1761084128061.groovy:35)
	at java.base/jdk.internal.reflect.NativeMethodAccessorImpl.invoke0(Native Method)
	at java.base/jdk.internal.reflect.NativeMethodAccessorImpl.invoke(NativeMethodAccessorImpl.java:77)
	at java.base/jdk.internal.reflect.DelegatingMethodAccessorImpl.invoke(DelegatingMethodAccessorImpl.java:43)
Caused by: org.openqa.selenium.WebDriverException: java.net.ConnectException: Failed to connect to localhost/[0:0:0:0:0:0:0:1]:58580
Build info: version: '3.141.59', revision: 'unknown', time: 'unknown'
System info: host: 'DC1ADOBLD01', ip: '10.2.20.71', os.name: 'Windows Server 2019', os.arch: 'amd64', os.version: '10.0', java.version: '17.0.7'
Driver info: driver.version: EventFiringWebDriver
	at org.openqa.selenium.remote.service.DriverCommandExecutor.execute(DriverCommandExecutor.java:92)
	at org.openqa.selenium.remote.RemoteWebDriver.execute(RemoteWebDriver.java:552)
	at com.kms.katalon.selenium.driver.CChromeDriver.execute(CChromeDriver.java:19)
	at org.openqa.selenium.remote.RemoteWebDriver.findElements(RemoteWebDriver.java:353)
	at org.openqa.selenium.remote.RemoteWebDriver.findElementsByXPath(RemoteWebDriver.java:432)
	at org.openqa.selenium.By$ByXPath.findElements(By.java:348)
	at org.openqa.selenium.remote.RemoteWebDriver.findElements(RemoteWebDriver.java:311)
	at jdk.internal.reflect.GeneratedMethodAccessor9.invoke(Unknown Source)
	at java.base/jdk.internal.reflect.DelegatingMethodAccessorImpl.invoke(DelegatingMethodAccessorImpl.java:43)
	at org.openqa.selenium.support.events.EventFiringWebDriver.lambda$new$1(EventFiringWebDriver.java:105)
	at jdk.proxy2/jdk.proxy2.$Proxy26.findElements(Unknown Source)
	at org.openqa.selenium.support.events.EventFiringWebDriver.findElements(EventFiringWebDriver.java:182)
	at com.kms.katalon.core.webui.common.WebUiCommonHelper.findElementByNormalMethods(WebUiCommonHelper.java:1033)
	at com.kms.katalon.core.webui.common.WebUiCommonHelper.findElementsBySelectedMethod(WebUiCommonHelper.java:924)
	at com.kms.katalon.core.webui.common.WebUiCommonHelper.findElementsBySelectedMethod(WebUiCommonHelper.java:906)
	at com.kms.katalon.core.webui.common.WebUiCommonHelper.findElementsBySelectedMethod(WebUiCommonHelper.java:901)
	at com.kms.katalon.core.webui.common.WebUiCommonHelper.findElementsByDefault(WebUiCommonHelper.java:897)
	at com.kms.katalon.core.webui.common.WebUiCommonHelper.findElementsWithSelfHealing(WebUiCommonHelper.java:743)
	at com.kms.katalon.core.webui.common.WebUiCommonHelper.findWebElements(WebUiCommonHelper.java:727)
	at com.kms.katalon.core.webui.common.WebUiCommonHelper.findWebElement(WebUiCommonHelper.java:1413)
	at com.kms.katalon.core.webui.keyword.internal.WebUIAbstractKeyword.findWebElement(WebUIAbstractKeyword.groovy:27)
	at com.kms.katalon.core.webui.keyword.internal.WebUIAbstractKeyword.findWebElement(WebUIAbstractKeyword.groovy:26)
	at com.kms.katalon.core.webui.keyword.builtin.SetTextKeyword$_setText_closure1.doCall(SetTextKeyword.groovy:53)
	at com.kms.katalon.core.webui.keyword.builtin.SetTextKeyword$_setText_closure1.call(SetTextKeyword.groovy)
	at com.kms.katalon.core.webui.keyword.internal.WebUIKeywordMain.runKeyword(WebUIKeywordMain.groovy:35)
	at com.kms.katalon.core.webui.keyword.builtin.SetTextKeyword.setText(SetTextKeyword.groovy:85)
	at com.kms.katalon.core.webui.keyword.builtin.SetTextKeyword.execute(SetTextKeyword.groovy:39)
	at com.kms.katalon.core.keyword.internal.KeywordExecutor.executeKeywordForPlatform(KeywordExecutor.groovy:74)
	at com.kms.katalon.core.webui.keyword.WebUiBuiltInKeywords.setText(WebUiBuiltInKeywords.groovy:1019)
	at com.kms.katalon.core.webui.keyword.WebUiBuiltInKeywords$setText$2.call(Unknown Source)
	at Script1749499513693.run(Script1749499513693.groovy:30)
	at com.kms.katalon.core.main.ScriptEngine.run(ScriptEngine.java:194)
	at com.kms.katalon.core.main.ScriptEngine.runScriptAsRawText(ScriptEngine.java:119)
	at com.kms.katalon.core.main.TestCaseExecutor.runScript(TestCaseExecutor.java:448)
	at com.kms.katalon.core.main.TestCaseExecutor.doExecute(TestCaseExecutor.java:439)
	at com.kms.katalon.core.main.TestCaseExecutor.processExecutionPhase(TestCaseExecutor.java:418)
	at com.kms.katalon.core.main.TestCaseExecutor.accessMainPhase(TestCaseExecutor.java:410)
	at com.kms.katalon.core.main.TestCaseExecutor.execute(TestCaseExecutor.java:285)
	at com.kms.katalon.core.main.TestCaseMain.runTestCase(TestCaseMain.java:137)
	at com.kms.katalon.core.keyword.builtin.CallTestCaseKeyword$_callTestCase_closure1.doCall(CallTestCaseKeyword.groovy:59)
	at com.kms.katalon.core.keyword.builtin.CallTestCaseKeyword$_callTestCase_closure1.call(CallTestCaseKeyword.groovy)
	at com.kms.katalon.core.keyword.internal.KeywordMain.runKeyword(KeywordMain.groovy:75)
	at com.kms.katalon.core.keyword.builtin.CallTestCaseKeyword.callTestCase(CallTestCaseKeyword.groovy:81)
	at com.kms.katalon.core.keyword.builtin.CallTestCaseKeyword.execute(CallTestCaseKeyword.groovy:44)
	at com.kms.katalon.core.keyword.internal.KeywordExecutor.executeKeywordForPlatform(KeywordExecutor.groovy:74)
	at com.kms.katalon.core.keyword.BuiltinKeywords.callTestCase(BuiltinKeywords.groovy:310)
	at jdk.internal.reflect.GeneratedMethodAccessor41.invoke(Unknown Source)
	at java.base/jdk.internal.reflect.DelegatingMethodAccessorImpl.invoke(DelegatingMethodAccessorImpl.java:43)
	at Script1683814729126.run(Script1683814729126.groovy:20)
	... 16 more
Caused by: java.net.ConnectException: Failed to connect to localhost/[0:0:0:0:0:0:0:1]:58580
	at okhttp3.internal.connection.RealConnection.connectSocket(RealConnection.java:247)
	at okhttp3.internal.connection.RealConnection.connect(RealConnection.java:165)
	at okhttp3.internal.connection.StreamAllocation.findConnection(StreamAllocation.java:257)
	at okhttp3.internal.connection.StreamAllocation.findHealthyConnection(StreamAllocation.java:135)
	at okhttp3.internal.connection.StreamAllocation.newStream(StreamAllocation.java:114)
	at okhttp3.internal.connection.ConnectInterceptor.intercept(ConnectInterceptor.java:42)
	at okhttp3.internal.http.RealInterceptorChain.proceed(RealInterceptorChain.java:147)
	at okhttp3.internal.http.RealInterceptorChain.proceed(RealInterceptorChain.java:121)
	at okhttp3.internal.cache.CacheInterceptor.intercept(CacheInterceptor.java:93)
	at okhttp3.internal.http.RealInterceptorChain.proceed(RealInterceptorChain.java:147)
	at okhttp3.internal.http.RealInterceptorChain.proceed(RealInterceptorChain.java:121)
	at okhttp3.internal.http.BridgeInterceptor.intercept(BridgeInterceptor.java:93)
	at okhttp3.internal.http.RealInterceptorChain.proceed(RealInterceptorChain.java:147)
	at okhttp3.internal.http.RetryAndFollowUpInterceptor.intercept(RetryAndFollowUpInterceptor.java:126)
	at okhttp3.internal.http.RealInterceptorChain.proceed(RealInterceptorChain.java:147)
	at okhttp3.internal.http.RealInterceptorChain.proceed(RealInterceptorChain.java:121)
	at okhttp3.RealCall.getResponseWithInterceptorChain(RealCall.java:200)
	at okhttp3.RealCall.execute(RealCall.java:77)
	at org.openqa.selenium.remote.internal.OkHttpClient.execute(OkHttpClient.java:103)
	at org.openqa.selenium.remote.HttpCommandExecutor.execute(HttpCommandExecutor.java:155)
	at org.openqa.selenium.remote.service.DriverCommandExecutor.execute(DriverCommandExecutor.java:83)
	... 64 more
Caused by: java.net.ConnectException: Connection refused: no further information
	at okhttp3.internal.platform.Platform.connectSocket(Platform.java:129)
	at okhttp3.internal.connection.RealConnection.connectSocket(RealConnection.java:245)
	... 84 more
)

21-10-2025T19:01:01 - [MESSAGE][WARNING] - [SELF-HEALING] Failed to find element with id 'Object Repository/Page_IdentityServer4/input_Username (e.g. email address)_Username'. Try using Self-healing.

21-10-2025T19:01:01 - [MESSAGE][WARNING] - [SELF-HEALING] java.net.ConnectException: Failed to connect to localhost/[0:0:0:0:0:0:0:1]:58580
Build info: version: '3.141.59', revision: 'unknown', time: 'unknown'
System info: host: 'DC1ADOBLD01', ip: '10.2.20.71', os.name: 'Windows Server 2019', os.arch: 'amd64', os.version: '10.0', java.version: '17.0.7'
Driver info: driver.version: EventFiringWebDriver

21-10-2025T19:01:02 - [MESSAGE][WARNING] - [SELF-HEALING] java.net.ConnectException: Failed to connect to localhost/[0:0:0:0:0:0:0:1]:58580
Build info: version: '3.141.59', revision: 'unknown', time: 'unknown'
System info: host: 'DC1ADOBLD01', ip: '10.2.20.71', os.name: 'Windows Server 2019', os.arch: 'amd64', os.version: '10.0', java.version: '17.0.7'
Driver info: driver.version: EventFiringWebDriver

21-10-2025T19:01:02 - [MESSAGE][WARNING] - [SELF-HEALING] java.net.ConnectException: Failed to connect to localhost/[0:0:0:0:0:0:0:1]:58580
Build info: version: '3.141.59', revision: 'unknown', time: 'unknown'
System info: host: 'DC1ADOBLD01', ip: '10.2.20.71', os.name: 'Windows Server 2019', os.arch: 'amd64', os.version: '10.0', java.version: '17.0.7'
Driver info: driver.version: EventFiringWebDriver

21-10-2025T19:01:02 - [MESSAGE][FAILED] - Unable to set text 'Chris.Sheldon+DES_QA@Thekag.com' of object 'Object Repository/Page_IdentityServer4/input_Username (e.g. email address)_Username' (Root cause: com.kms.katalon.core.exception.StepFailedException: Unable to set text 'Chris.Sheldon+DES_QA@Thekag.com' of object 'Object Repository/Page_IdentityServer4/input_Username (e.g. email address)_Username'
	at com.kms.katalon.core.webui.keyword.internal.WebUIKeywordMain.stepFailed(WebUIKeywordMain.groovy:117)
	at com.kms.katalon.core.webui.keyword.internal.WebUIKeywordMain.runKeyword(WebUIKeywordMain.groovy:43)
	at com.kms.katalon.core.webui.keyword.builtin.SetTextKeyword.setText(SetTextKeyword.groovy:85)
	at com.kms.katalon.core.webui.keyword.builtin.SetTextKeyword.execute(SetTextKeyword.groovy:39)
	at com.kms.katalon.core.keyword.internal.KeywordExecutor.executeKeywordForPlatform(KeywordExecutor.groovy:74)
	at com.kms.katalon.core.webui.keyword.WebUiBuiltInKeywords.setText(WebUiBuiltInKeywords.groovy:1019)
	at com.kms.katalon.core.webui.keyword.WebUiBuiltInKeywords$setText$2.call(Unknown Source)
	at DES Login.run(DES Login:30)
	at com.kms.katalon.core.main.ScriptEngine.run(ScriptEngine.java:194)
	at com.kms.katalon.core.main.ScriptEngine.runScriptAsRawText(ScriptEngine.java:119)
	at com.kms.katalon.core.main.TestCaseExecutor.runScript(TestCaseExecutor.java:448)
	at com.kms.katalon.core.main.TestCaseExecutor.doExecute(TestCaseExecutor.java:439)
	at com.kms.katalon.core.main.TestCaseExecutor.processExecutionPhase(TestCaseExecutor.java:418)
	at com.kms.katalon.core.main.TestCaseExecutor.accessMainPhase(TestCaseExecutor.java:410)
	at com.kms.katalon.core.main.TestCaseExecutor.execute(TestCaseExecutor.java:285)
	at com.kms.katalon.core.main.TestCaseMain.runTestCase(TestCaseMain.java:137)
	at com.kms.katalon.core.keyword.builtin.CallTestCaseKeyword$_callTestCase_closure1.doCall(CallTestCaseKeyword.groovy:59)
	at com.kms.katalon.core.keyword.builtin.CallTestCaseKeyword$_callTestCase_closure1.call(CallTestCaseKeyword.groovy)
	at com.kms.katalon.core.keyword.internal.KeywordMain.runKeyword(KeywordMain.groovy:75)
	at com.kms.katalon.core.keyword.builtin.CallTestCaseKeyword.callTestCase(CallTestCaseKeyword.groovy:81)
	at com.kms.katalon.core.keyword.builtin.CallTestCaseKeyword.execute(CallTestCaseKeyword.groovy:44)
	at com.kms.katalon.core.keyword.internal.KeywordExecutor.executeKeywordForPlatform(KeywordExecutor.groovy:74)
	at com.kms.katalon.core.keyword.BuiltinKeywords.callTestCase(BuiltinKeywords.groovy:310)
	at jdk.internal.reflect.GeneratedMethodAccessor41.invoke(Unknown Source)
	at java.base/jdk.internal.reflect.DelegatingMethodAccessorImpl.invoke(DelegatingMethodAccessorImpl.java:43)
	at AddFIN-INVOutboundSubscription.run(AddFIN-INVOutboundSubscription:20)
	at com.kms.katalon.core.main.ScriptEngine.run(ScriptEngine.java:194)
	at com.kms.katalon.core.main.ScriptEngine.runScriptAsRawText(ScriptEngine.java:119)
	at com.kms.katalon.core.main.TestCaseExecutor.runScript(TestCaseExecutor.java:448)
	at com.kms.katalon.core.main.TestCaseExecutor.doExecute(TestCaseExecutor.java:439)
	at com.kms.katalon.core.main.TestCaseExecutor.processExecutionPhase(TestCaseExecutor.java:418)
	at com.kms.katalon.core.main.TestCaseExecutor.accessMainPhase(TestCaseExecutor.java:410)
	at com.kms.katalon.core.main.TestCaseExecutor.execute(TestCaseExecutor.java:285)
	at com.kms.katalon.core.common.CommonExecutor.accessTestCaseMainPhase(CommonExecutor.java:65)
	at com.kms.katalon.core.main.TestSuiteExecutor.accessTestSuiteMainPhase(TestSuiteExecutor.java:150)
	at com.kms.katalon.core.main.TestSuiteExecutor.execute(TestSuiteExecutor.java:106)
	at com.kms.katalon.core.main.TestCaseMain.startTestSuite(TestCaseMain.java:180)
	at com.kms.katalon.core.main.TestCaseMain$startTestSuite$0.call(Unknown Source)
	at TempTestSuite1761084128061.run(TempTestSuite1761084128061.groovy:35)
	at java.base/jdk.internal.reflect.NativeMethodAccessorImpl.invoke0(Native Method)
	at java.base/jdk.internal.reflect.NativeMethodAccessorImpl.invoke(NativeMethodAccessorImpl.java:77)
	at java.base/jdk.internal.reflect.DelegatingMethodAccessorImpl.invoke(DelegatingMethodAccessorImpl.java:43)
Caused by: org.openqa.selenium.WebDriverException: java.net.ConnectException: Failed to connect to localhost/[0:0:0:0:0:0:0:1]:58580
Build info: version: '3.141.59', revision: 'unknown', time: 'unknown'
System info: host: 'DC1ADOBLD01', ip: '10.2.20.71', os.name: 'Windows Server 2019', os.arch: 'amd64', os.version: '10.0', java.version: '17.0.7'
Driver info: driver.version: EventFiringWebDriver
	at org.openqa.selenium.remote.service.DriverCommandExecutor.execute(DriverCommandExecutor.java:92)
	at org.openqa.selenium.remote.RemoteWebDriver.execute(RemoteWebDriver.java:552)
	at com.kms.katalon.selenium.driver.CChromeDriver.execute(CChromeDriver.java:19)
	at org.openqa.selenium.remote.RemoteWebDriver.findElements(RemoteWebDriver.java:353)
	at org.openqa.selenium.remote.RemoteWebDriver.findElementsByXPath(RemoteWebDriver.java:432)
	at org.openqa.selenium.By$ByXPath.findElements(By.java:348)
	at org.openqa.selenium.remote.RemoteWebDriver.findElements(RemoteWebDriver.java:311)
	at jdk.internal.reflect.GeneratedMethodAccessor9.invoke(Unknown Source)
	at java.base/jdk.internal.reflect.DelegatingMethodAccessorImpl.invoke(DelegatingMethodAccessorImpl.java:43)
	at org.openqa.selenium.support.events.EventFiringWebDriver.lambda$new$1(EventFiringWebDriver.java:105)
	at jdk.proxy2/jdk.proxy2.$Proxy26.findElements(Unknown Source)
	at org.openqa.selenium.support.events.EventFiringWebDriver.findElements(EventFiringWebDriver.java:182)
	at com.kms.katalon.core.webui.common.WebUiCommonHelper.findElementByNormalMethods(WebUiCommonHelper.java:1033)
	at com.kms.katalon.core.webui.common.WebUiCommonHelper.findElementsBySelectedMethod(WebUiCommonHelper.java:924)
	at com.kms.katalon.core.webui.common.WebUiCommonHelper.findElementsBySelectedMethod(WebUiCommonHelper.java:906)
	at com.kms.katalon.core.webui.common.WebUiCommonHelper.findElementsBySelectedMethod(WebUiCommonHelper.java:901)
	at com.kms.katalon.core.webui.common.WebUiCommonHelper.findElementsByDefault(WebUiCommonHelper.java:897)
	at com.kms.katalon.core.webui.common.WebUiCommonHelper.findElementsWithSelfHealing(WebUiCommonHelper.java:743)
	at com.kms.katalon.core.webui.common.WebUiCommonHelper.findWebElements(WebUiCommonHelper.java:727)
	at com.kms.katalon.core.webui.common.WebUiCommonHelper.findWebElement(WebUiCommonHelper.java:1413)
	at com.kms.katalon.core.webui.keyword.internal.WebUIAbstractKeyword.findWebElement(WebUIAbstractKeyword.groovy:27)
	at com.kms.katalon.core.webui.keyword.internal.WebUIAbstractKeyword.findWebElement(WebUIAbstractKeyword.groovy:26)
	at com.kms.katalon.core.webui.keyword.builtin.SetTextKeyword$_setText_closure1.doCall(SetTextKeyword.groovy:53)
	at com.kms.katalon.core.webui.keyword.builtin.SetTextKeyword$_setText_closure1.call(SetTextKeyword.groovy)
	at com.kms.katalon.core.webui.keyword.internal.WebUIKeywordMain.runKeyword(WebUIKeywordMain.groovy:35)
	at com.kms.katalon.core.webui.keyword.builtin.SetTextKeyword.setText(SetTextKeyword.groovy:85)
	at com.kms.katalon.core.webui.keyword.builtin.SetTextKeyword.execute(SetTextKeyword.groovy:39)
	at com.kms.katalon.core.keyword.internal.KeywordExecutor.executeKeywordForPlatform(KeywordExecutor.groovy:74)
	at com.kms.katalon.core.webui.keyword.WebUiBuiltInKeywords.setText(WebUiBuiltInKeywords.groovy:1019)
	at com.kms.katalon.core.webui.keyword.WebUiBuiltInKeywords$setText$2.call(Unknown Source)
	at Script1749499513693.run(Script1749499513693.groovy:30)
	at com.kms.katalon.core.main.ScriptEngine.run(ScriptEngine.java:194)
	at com.kms.katalon.core.main.ScriptEngine.runScriptAsRawText(ScriptEngine.java:119)
	at com.kms.katalon.core.main.TestCaseExecutor.runScript(TestCaseExecutor.java:448)
	at com.kms.katalon.core.main.TestCaseExecutor.doExecute(TestCaseExecutor.java:439)
	at com.kms.katalon.core.main.TestCaseExecutor.processExecutionPhase(TestCaseExecutor.java:418)
	at com.kms.katalon.core.main.TestCaseExecutor.accessMainPhase(TestCaseExecutor.java:410)
	at com.kms.katalon.core.main.TestCaseExecutor.execute(TestCaseExecutor.java:285)
	at com.kms.katalon.core.main.TestCaseMain.runTestCase(TestCaseMain.java:137)
	at com.kms.katalon.core.keyword.builtin.CallTestCaseKeyword$_callTestCase_closure1.doCall(CallTestCaseKeyword.groovy:59)
	at com.kms.katalon.core.keyword.builtin.CallTestCaseKeyword$_callTestCase_closure1.call(CallTestCaseKeyword.groovy)
	at com.kms.katalon.core.keyword.internal.KeywordMain.runKeyword(KeywordMain.groovy:75)
	at com.kms.katalon.core.keyword.builtin.CallTestCaseKeyword.callTestCase(CallTestCaseKeyword.groovy:81)
	at com.kms.katalon.core.keyword.builtin.CallTestCaseKeyword.execute(CallTestCaseKeyword.groovy:44)
	at com.kms.katalon.core.keyword.internal.KeywordExecutor.executeKeywordForPlatform(KeywordExecutor.groovy:74)
	at com.kms.katalon.core.keyword.BuiltinKeywords.callTestCase(BuiltinKeywords.groovy:310)
	at jdk.internal.reflect.GeneratedMethodAccessor41.invoke(Unknown Source)
	at java.base/jdk.internal.reflect.DelegatingMethodAccessorImpl.invoke(DelegatingMethodAccessorImpl.java:43)
	at Script1683814729126.run(Script1683814729126.groovy:20)
	... 16 more
Caused by: java.net.ConnectException: Failed to connect to localhost/[0:0:0:0:0:0:0:1]:58580
	at okhttp3.internal.connection.RealConnection.connectSocket(RealConnection.java:247)
	at okhttp3.internal.connection.RealConnection.connect(RealConnection.java:165)
	at okhttp3.internal.connection.StreamAllocation.findConnection(StreamAllocation.java:257)
	at okhttp3.internal.connection.StreamAllocation.findHealthyConnection(StreamAllocation.java:135)
	at okhttp3.internal.connection.StreamAllocation.newStream(StreamAllocation.java:114)
	at okhttp3.internal.connection.ConnectInterceptor.intercept(ConnectInterceptor.java:42)
	at okhttp3.internal.http.RealInterceptorChain.proceed(RealInterceptorChain.java:147)
	at okhttp3.internal.http.RealInterceptorChain.proceed(RealInterceptorChain.java:121)
	at okhttp3.internal.cache.CacheInterceptor.intercept(CacheInterceptor.java:93)
	at okhttp3.internal.http.RealInterceptorChain.proceed(RealInterceptorChain.java:147)
	at okhttp3.internal.http.RealInterceptorChain.proceed(RealInterceptorChain.java:121)
	at okhttp3.internal.http.BridgeInterceptor.intercept(BridgeInterceptor.java:93)
	at okhttp3.internal.http.RealInterceptorChain.proceed(RealInterceptorChain.java:147)
	at okhttp3.internal.http.RetryAndFollowUpInterceptor.intercept(RetryAndFollowUpInterceptor.java:126)
	at okhttp3.internal.http.RealInterceptorChain.proceed(RealInterceptorChain.java:147)
	at okhttp3.internal.http.RealInterceptorChain.proceed(RealInterceptorChain.java:121)
	at okhttp3.RealCall.getResponseWithInterceptorChain(RealCall.java:200)
	at okhttp3.RealCall.execute(RealCall.java:77)
	at org.openqa.selenium.remote.internal.OkHttpClient.execute(OkHttpClient.java:103)
	at org.openqa.selenium.remote.HttpCommandExecutor.execute(HttpCommandExecutor.java:155)
	at org.openqa.selenium.remote.service.DriverCommandExecutor.execute(DriverCommandExecutor.java:83)
	... 64 more
Caused by: java.net.ConnectException: Connection refused: no further information
	at okhttp3.internal.platform.Platform.connectSocket(Platform.java:129)
	at okhttp3.internal.connection.RealConnection.connectSocket(RealConnection.java:245)
	... 84 more
)

21-10-2025T19:01:02 - [MESSAGE][FAILED] - Unable to call Test Case 'Test Cases/DES/DES Login' (Root cause: com.kms.katalon.core.exception.StepFailedException: Call Test Case 'Test Cases/DES/DES Login' failed
	at com.kms.katalon.core.keyword.builtin.CallTestCaseKeyword$_callTestCase_closure1.doCall(CallTestCaseKeyword.groovy:63)
	at com.kms.katalon.core.keyword.builtin.CallTestCaseKeyword$_callTestCase_closure1.call(CallTestCaseKeyword.groovy)
	at com.kms.katalon.core.keyword.internal.KeywordMain.runKeyword(KeywordMain.groovy:75)
	at com.kms.katalon.core.keyword.builtin.CallTestCaseKeyword.callTestCase(CallTestCaseKeyword.groovy:81)
	at com.kms.katalon.core.keyword.builtin.CallTestCaseKeyword.execute(CallTestCaseKeyword.groovy:44)
	at com.kms.katalon.core.keyword.internal.KeywordExecutor.executeKeywordForPlatform(KeywordExecutor.groovy:74)
	at com.kms.katalon.core.keyword.BuiltinKeywords.callTestCase(BuiltinKeywords.groovy:310)
	at jdk.internal.reflect.GeneratedMethodAccessor41.invoke(Unknown Source)
	at java.base/jdk.internal.reflect.DelegatingMethodAccessorImpl.invoke(DelegatingMethodAccessorImpl.java:43)
	at AddFIN-INVOutboundSubscription.run(AddFIN-INVOutboundSubscription:20)
	at com.kms.katalon.core.main.ScriptEngine.run(ScriptEngine.java:194)
	at com.kms.katalon.core.main.ScriptEngine.runScriptAsRawText(ScriptEngine.java:119)
	at com.kms.katalon.core.main.TestCaseExecutor.runScript(TestCaseExecutor.java:448)
	at com.kms.katalon.core.main.TestCaseExecutor.doExecute(TestCaseExecutor.java:439)
	at com.kms.katalon.core.main.TestCaseExecutor.processExecutionPhase(TestCaseExecutor.java:418)
	at com.kms.katalon.core.main.TestCaseExecutor.accessMainPhase(TestCaseExecutor.java:410)
	at com.kms.katalon.core.main.TestCaseExecutor.execute(TestCaseExecutor.java:285)
	at com.kms.katalon.core.common.CommonExecutor.accessTestCaseMainPhase(CommonExecutor.java:65)
	at com.kms.katalon.core.main.TestSuiteExecutor.accessTestSuiteMainPhase(TestSuiteExecutor.java:150)
	at com.kms.katalon.core.main.TestSuiteExecutor.execute(TestSuiteExecutor.java:106)
	at com.kms.katalon.core.main.TestCaseMain.startTestSuite(TestCaseMain.java:180)
	at com.kms.katalon.core.main.TestCaseMain$startTestSuite$0.call(Unknown Source)
	at TempTestSuite1761084128061.run(TempTestSuite1761084128061.groovy:35)
	at java.base/jdk.internal.reflect.NativeMethodAccessorImpl.invoke0(Native Method)
	at java.base/jdk.internal.reflect.NativeMethodAccessorImpl.invoke(NativeMethodAccessorImpl.java:77)
	at java.base/jdk.internal.reflect.DelegatingMethodAccessorImpl.invoke(DelegatingMethodAccessorImpl.java:43)
Caused by: com.kms.katalon.core.exception.StepFailedException: Unable to set text 'Chris.Sheldon+DES_QA@Thekag.com' of object 'Object Repository/Page_IdentityServer4/input_Username (e.g. email address)_Username'
	at com.kms.katalon.core.webui.keyword.internal.WebUIKeywordMain.stepFailed(WebUIKeywordMain.groovy:117)
	at com.kms.katalon.core.webui.keyword.internal.WebUIKeywordMain.runKeyword(WebUIKeywordMain.groovy:43)
	at com.kms.katalon.core.webui.keyword.builtin.SetTextKeyword.setText(SetTextKeyword.groovy:85)
	at com.kms.katalon.core.webui.keyword.builtin.SetTextKeyword.execute(SetTextKeyword.groovy:39)
	at com.kms.katalon.core.keyword.internal.KeywordExecutor.executeKeywordForPlatform(KeywordExecutor.groovy:74)
	at com.kms.katalon.core.webui.keyword.WebUiBuiltInKeywords.setText(WebUiBuiltInKeywords.groovy:1019)
	at com.kms.katalon.core.webui.keyword.WebUiBuiltInKeywords$setText$2.call(Unknown Source)
	at DES Login.run(DES Login:30)
	at com.kms.katalon.core.main.ScriptEngine.run(ScriptEngine.java:194)
	at com.kms.katalon.core.main.ScriptEngine.runScriptAsRawText(ScriptEngine.java:119)
	at com.kms.katalon.core.main.TestCaseExecutor.runScript(TestCaseExecutor.java:448)
	at com.kms.katalon.core.main.TestCaseExecutor.doExecute(TestCaseExecutor.java:439)
	at com.kms.katalon.core.main.TestCaseExecutor.processExecutionPhase(TestCaseExecutor.java:418)
	at com.kms.katalon.core.main.TestCaseExecutor.accessMainPhase(TestCaseExecutor.java:410)
	at com.kms.katalon.core.main.TestCaseExecutor.execute(TestCaseExecutor.java:285)
	at com.kms.katalon.core.main.TestCaseMain.runTestCase(TestCaseMain.java:137)
	at com.kms.katalon.core.keyword.builtin.CallTestCaseKeyword$_callTestCase_closure1.doCall(CallTestCaseKeyword.groovy:59)
	... 25 more
Caused by: org.openqa.selenium.WebDriverException: java.net.ConnectException: Failed to connect to localhost/[0:0:0:0:0:0:0:1]:58580
Build info: version: '3.141.59', revision: 'unknown', time: 'unknown'
System info: host: 'DC1ADOBLD01', ip: '10.2.20.71', os.name: 'Windows Server 2019', os.arch: 'amd64', os.version: '10.0', java.version: '17.0.7'
Driver info: driver.version: EventFiringWebDriver
	at org.openqa.selenium.remote.service.DriverCommandExecutor.execute(DriverCommandExecutor.java:92)
	at org.openqa.selenium.remote.RemoteWebDriver.execute(RemoteWebDriver.java:552)
	at com.kms.katalon.selenium.driver.CChromeDriver.execute(CChromeDriver.java:19)
	at org.openqa.selenium.remote.RemoteWebDriver.findElements(RemoteWebDriver.java:353)
	at org.openqa.selenium.remote.RemoteWebDriver.findElementsByXPath(RemoteWebDriver.java:432)
	at org.openqa.selenium.By$ByXPath.findElements(By.java:348)
	at org.openqa.selenium.remote.RemoteWebDriver.findElements(RemoteWebDriver.java:311)
	at jdk.internal.reflect.GeneratedMethodAccessor9.invoke(Unknown Source)
	at java.base/jdk.internal.reflect.DelegatingMethodAccessorImpl.invoke(DelegatingMethodAccessorImpl.java:43)
	at org.openqa.selenium.support.events.EventFiringWebDriver.lambda$new$1(EventFiringWebDriver.java:105)
	at jdk.proxy2/jdk.proxy2.$Proxy26.findElements(Unknown Source)
	at org.openqa.selenium.support.events.EventFiringWebDriver.findElements(EventFiringWebDriver.java:182)
	at com.kms.katalon.core.webui.common.WebUiCommonHelper.findElementByNormalMethods(WebUiCommonHelper.java:1033)
	at com.kms.katalon.core.webui.common.WebUiCommonHelper.findElementsBySelectedMethod(WebUiCommonHelper.java:924)
	at com.kms.katalon.core.webui.common.WebUiCommonHelper.findElementsBySelectedMethod(WebUiCommonHelper.java:906)
	at com.kms.katalon.core.webui.common.WebUiCommonHelper.findElementsBySelectedMethod(WebUiCommonHelper.java:901)
	at com.kms.katalon.core.webui.common.WebUiCommonHelper.findElementsByDefault(WebUiCommonHelper.java:897)
	at com.kms.katalon.core.webui.common.WebUiCommonHelper.findElementsWithSelfHealing(WebUiCommonHelper.java:743)
	at com.kms.katalon.core.webui.common.WebUiCommonHelper.findWebElements(WebUiCommonHelper.java:727)
	at com.kms.katalon.core.webui.common.WebUiCommonHelper.findWebElement(WebUiCommonHelper.java:1413)
	at com.kms.katalon.core.webui.keyword.internal.WebUIAbstractKeyword.findWebElement(WebUIAbstractKeyword.groovy:27)
	at com.kms.katalon.core.webui.keyword.internal.WebUIAbstractKeyword.findWebElement(WebUIAbstractKeyword.groovy:26)
	at com.kms.katalon.core.webui.keyword.builtin.SetTextKeyword$_setText_closure1.doCall(SetTextKeyword.groovy:53)
	at com.kms.katalon.core.webui.keyword.builtin.SetTextKeyword$_setText_closure1.call(SetTextKeyword.groovy)
	at com.kms.katalon.core.webui.keyword.internal.WebUIKeywordMain.runKeyword(WebUIKeywordMain.groovy:35)
	at com.kms.katalon.core.webui.keyword.builtin.SetTextKeyword.setText(SetTextKeyword.groovy:85)
	at com.kms.katalon.core.webui.keyword.builtin.SetTextKeyword.execute(SetTextKeyword.groovy:39)
	at com.kms.katalon.core.keyword.internal.KeywordExecutor.executeKeywordForPlatform(KeywordExecutor.groovy:74)
	at com.kms.katalon.core.webui.keyword.WebUiBuiltInKeywords.setText(WebUiBuiltInKeywords.groovy:1019)
	at com.kms.katalon.core.webui.keyword.WebUiBuiltInKeywords$setText$2.call(Unknown Source)
	at Script1749499513693.run(Script1749499513693.groovy:30)
	at com.kms.katalon.core.main.ScriptEngine.run(ScriptEngine.java:194)
	at com.kms.katalon.core.main.ScriptEngine.runScriptAsRawText(ScriptEngine.java:119)
	at com.kms.katalon.core.main.TestCaseExecutor.runScript(TestCaseExecutor.java:448)
	at com.kms.katalon.core.main.TestCaseExecutor.doExecute(TestCaseExecutor.java:439)
	at com.kms.katalon.core.main.TestCaseExecutor.processExecutionPhase(TestCaseExecutor.java:418)
	at com.kms.katalon.core.main.TestCaseExecutor.accessMainPhase(TestCaseExecutor.java:410)
	at com.kms.katalon.core.main.TestCaseExecutor.execute(TestCaseExecutor.java:285)
	at com.kms.katalon.core.main.TestCaseMain.runTestCase(TestCaseMain.java:137)
	at com.kms.katalon.core.keyword.builtin.CallTestCaseKeyword$_callTestCase_closure1.doCall(CallTestCaseKeyword.groovy:59)
	at com.kms.katalon.core.keyword.builtin.CallTestCaseKeyword$_callTestCase_closure1.call(CallTestCaseKeyword.groovy)
	at com.kms.katalon.core.keyword.internal.KeywordMain.runKeyword(KeywordMain.groovy:75)
	at com.kms.katalon.core.keyword.builtin.CallTestCaseKeyword.callTestCase(CallTestCaseKeyword.groovy:81)
	at com.kms.katalon.core.keyword.builtin.CallTestCaseKeyword.execute(CallTestCaseKeyword.groovy:44)
	at com.kms.katalon.core.keyword.internal.KeywordExecutor.executeKeywordForPlatform(KeywordExecutor.groovy:74)
	at com.kms.katalon.core.keyword.BuiltinKeywords.callTestCase(BuiltinKeywords.groovy:310)
	at jdk.internal.reflect.GeneratedMethodAccessor41.invoke(Unknown Source)
	at java.base/jdk.internal.reflect.DelegatingMethodAccessorImpl.invoke(DelegatingMethodAccessorImpl.java:43)
	at Script1683814729126.run(Script1683814729126.groovy:20)
	... 16 more
Caused by: java.net.ConnectException: Failed to connect to localhost/[0:0:0:0:0:0:0:1]:58580
	at okhttp3.internal.connection.RealConnection.connectSocket(RealConnection.java:247)
	at okhttp3.internal.connection.RealConnection.connect(RealConnection.java:165)
	at okhttp3.internal.connection.StreamAllocation.findConnection(StreamAllocation.java:257)
	at okhttp3.internal.connection.StreamAllocation.findHealthyConnection(StreamAllocation.java:135)
	at okhttp3.internal.connection.StreamAllocation.newStream(StreamAllocation.java:114)
	at okhttp3.internal.connection.ConnectInterceptor.intercept(ConnectInterceptor.java:42)
	at okhttp3.internal.http.RealInterceptorChain.proceed(RealInterceptorChain.java:147)
	at okhttp3.internal.http.RealInterceptorChain.proceed(RealInterceptorChain.java:121)
	at okhttp3.internal.cache.CacheInterceptor.intercept(CacheInterceptor.java:93)
	at okhttp3.internal.http.RealInterceptorChain.proceed(RealInterceptorChain.java:147)
	at okhttp3.internal.http.RealInterceptorChain.proceed(RealInterceptorChain.java:121)
	at okhttp3.internal.http.BridgeInterceptor.intercept(BridgeInterceptor.java:93)
	at okhttp3.internal.http.RealInterceptorChain.proceed(RealInterceptorChain.java:147)
	at okhttp3.internal.http.RetryAndFollowUpInterceptor.intercept(RetryAndFollowUpInterceptor.java:126)
	at okhttp3.internal.http.RealInterceptorChain.proceed(RealInterceptorChain.java:147)
	at okhttp3.internal.http.RealInterceptorChain.proceed(RealInterceptorChain.java:121)
	at okhttp3.RealCall.getResponseWithInterceptorChain(RealCall.java:200)
	at okhttp3.RealCall.execute(RealCall.java:77)
	at org.openqa.selenium.remote.internal.OkHttpClient.execute(OkHttpClient.java:103)
	at org.openqa.selenium.remote.HttpCommandExecutor.execute(HttpCommandExecutor.java:155)
	at org.openqa.selenium.remote.service.DriverCommandExecutor.execute(DriverCommandExecutor.java:83)
	... 64 more
Caused by: java.net.ConnectException: Connection refused: no further information
	at okhttp3.internal.platform.Platform.connectSocket(Platform.java:129)
	at okhttp3.internal.connection.RealConnection.connectSocket(RealConnection.java:245)
	at okhttp3.internal.connection.RealConnection.connect(RealConnection.java:165)
	at okhttp3.internal.connection.StreamAllocation.findConnection(StreamAllocation.java:257)
	at okhttp3.internal.connection.StreamAllocation.findHealthyConnection(StreamAllocation.java:135)
	at okhttp3.internal.connection.StreamAllocation.newStream(StreamAllocation.java:114)
	at okhttp3.internal.connection.ConnectInterceptor.intercept(ConnectInterceptor.java:42)
	at okhttp3.internal.http.RealInterceptorChain.proceed(RealInterceptorChain.java:147)
	at okhttp3.internal.http.RealInterceptorChain.proceed(RealInterceptorChain.java:121)
	at okhttp3.internal.cache.CacheInterceptor.intercept(CacheInterceptor.java:93)
	at okhttp3.internal.http.RealInterceptorChain.proceed(RealInterceptorChain.java:147)
	at okhttp3.internal.http.RealInterceptorChain.proceed(RealInterceptorChain.java:121)
	at okhttp3.internal.http.BridgeInterceptor.intercept(BridgeInterceptor.java:93)
	at okhttp3.internal.http.RealInterceptorChain.proceed(RealInterceptorChain.java:147)
	at okhttp3.internal.http.RetryAndFollowUpInterceptor.intercept(RetryAndFollowUpInterceptor.java:126)
	at okhttp3.internal.http.RealInterceptorChain.proceed(RealInterceptorChain.java:147)
	at okhttp3.internal.http.RealInterceptorChain.proceed(RealInterceptorChain.java:121)
	at okhttp3.RealCall.getResponseWithInterceptorChain(RealCall.java:200)
	at okhttp3.RealCall.execute(RealCall.java:77)
	at org.openqa.selenium.remote.internal.OkHttpClient.execute(OkHttpClient.java:103)
	at org.openqa.selenium.remote.HttpCommandExecutor.execute(HttpCommandExecutor.java:155)
	at org.openqa.selenium.remote.service.DriverCommandExecutor.execute(DriverCommandExecutor.java:83)
	at org.openqa.selenium.remote.RemoteWebDriver.execute(RemoteWebDriver.java:552)
	at com.kms.katalon.selenium.driver.CChromeDriver.execute(CChromeDriver.java:19)
	at org.openqa.selenium.remote.RemoteWebDriver.findElements(RemoteWebDriver.java:353)
	at org.openqa.selenium.remote.RemoteWebDriver.findElementsByXPath(RemoteWebDriver.java:432)
	at org.openqa.selenium.By$ByXPath.findElements(By.java:348)
	at org.openqa.selenium.remote.RemoteWebDriver.findElements(RemoteWebDriver.java:311)
	at jdk.internal.reflect.GeneratedMethodAccessor9.invoke(Unknown Source)
	at java.base/jdk.internal.reflect.DelegatingMethodAccessorImpl.invoke(DelegatingMethodAccessorImpl.java:43)
	at org.openqa.selenium.support.events.EventFiringWebDriver.lambda$new$1(EventFiringWebDriver.java:105)
	at jdk.proxy2/jdk.proxy2.$Proxy26.findElements(Unknown Source)
	at org.openqa.selenium.support.events.EventFiringWebDriver.findElements(EventFiringWebDriver.java:182)
	at com.kms.katalon.core.webui.common.WebUiCommonHelper.findElementByNormalMethods(WebUiCommonHelper.java:1033)
	at com.kms.katalon.core.webui.common.WebUiCommonHelper.findElementsBySelectedMethod(WebUiCommonHelper.java:924)
	at com.kms.katalon.core.webui.common.WebUiCommonHelper.findElementsBySelectedMethod(WebUiCommonHelper.java:906)
	at com.kms.katalon.core.webui.common.WebUiCommonHelper.findElementsBySelectedMethod(WebUiCommonHelper.java:901)
	at com.kms.katalon.core.webui.common.WebUiCommonHelper.findElementsByDefault(WebUiCommonHelper.java:897)
	at com.kms.katalon.core.webui.common.WebUiCommonHelper.findElementsWithSelfHealing(WebUiCommonHelper.java:743)
	at com.kms.katalon.core.webui.common.WebUiCommonHelper.findWebElements(WebUiCommonHelper.java:727)
	at com.kms.katalon.core.webui.common.WebUiCommonHelper.findWebElement(WebUiCommonHelper.java:1413)
	at com.kms.katalon.core.webui.keyword.internal.WebUIAbstractKeyword.findWebElement(WebUIAbstractKeyword.groovy:27)
	at com.kms.katalon.core.webui.keyword.internal.WebUIAbstractKeyword.findWebElement(WebUIAbstractKeyword.groovy:26)
	at com.kms.katalon.core.webui.keyword.builtin.SetTextKeyword$_setText_closure1.doCall(SetTextKeyword.groovy:53)
	at com.kms.katalon.core.webui.keyword.builtin.SetTextKeyword$_setText_closure1.call(SetTextKeyword.groovy)
	at com.kms.katalon.core.webui.keyword.internal.WebUIKeywordMain.runKeyword(WebUIKeywordMain.groovy:35)
	at com.kms.katalon.core.webui.keyword.builtin.SetTextKeyword.setText(SetTextKeyword.groovy:85)
	at com.kms.katalon.core.webui.keyword.builtin.SetTextKeyword.execute(SetTextKeyword.groovy:39)
	at com.kms.katalon.core.keyword.internal.KeywordExecutor.executeKeywordForPlatform(KeywordExecutor.groovy:74)
	at com.kms.katalon.core.webui.keyword.WebUiBuiltInKeywords.setText(WebUiBuiltInKeywords.groovy:1019)
	at com.kms.katalon.core.webui.keyword.WebUiBuiltInKeywords$setText$2.call(Unknown Source)
	at DES Login.run(DES Login:30)
	at com.kms.katalon.core.main.ScriptEngine.run(ScriptEngine.java:194)
	at com.kms.katalon.core.main.ScriptEngine.runScriptAsRawText(ScriptEngine.java:119)
	at com.kms.katalon.core.main.TestCaseExecutor.runScript(TestCaseExecutor.java:448)
	at com.kms.katalon.core.main.TestCaseExecutor.doExecute(TestCaseExecutor.java:439)
	at com.kms.katalon.core.main.TestCaseExecutor.processExecutionPhase(TestCaseExecutor.java:418)
	at com.kms.katalon.core.main.TestCaseExecutor.accessMainPhase(TestCaseExecutor.java:410)
	at com.kms.katalon.core.main.TestCaseExecutor.execute(TestCaseExecutor.java:285)
	at com.kms.katalon.core.main.TestCaseMain.runTestCase(TestCaseMain.java:137)
	at com.kms.katalon.core.keyword.builtin.CallTestCaseKeyword$_callTestCase_closure1.doCall(CallTestCaseKeyword.groovy:59)
	at com.kms.katalon.core.keyword.builtin.CallTestCaseKeyword$_callTestCase_closure1.call(CallTestCaseKeyword.groovy)
	at com.kms.katalon.core.keyword.internal.KeywordMain.runKeyword(KeywordMain.groovy:75)
	at com.kms.katalon.core.keyword.builtin.CallTestCaseKeyword.callTestCase(CallTestCaseKeyword.groovy:81)
	at com.kms.katalon.core.keyword.builtin.CallTestCaseKeyword.execute(CallTestCaseKeyword.groovy:44)
	at com.kms.katalon.core.keyword.internal.KeywordExecutor.executeKeywordForPlatform(KeywordExecutor.groovy:74)
	at com.kms.katalon.core.keyword.BuiltinKeywords.callTestCase(BuiltinKeywords.groovy:310)
	at jdk.internal.reflect.GeneratedMethodAccessor41.invoke(Unknown Source)
	at java.base/jdk.internal.reflect.DelegatingMethodAccessorImpl.invoke(DelegatingMethodAccessorImpl.java:43)
	at AddFIN-INVOutboundSubscription.run(AddFIN-INVOutboundSubscription:20)
	... 16 more
)

21-10-2025T19:01:02 - [TEST_STEP][FAILED] - Start listener action : retryOnDisconnect: null

21-10-2025T19:01:02 - [TEST_STEP][PASSED] - tcId = testCaseContext.getTestCaseId(): null

21-10-2025T19:01:02 - [TEST_STEP][PASSED] - currentRetry = retryCounts.getOrDefault(tcId, 0): null

21-10-2025T19:01:02 - [TEST_STEP][FAILED] - if (testCaseContext.getTestCaseStatus() == "FAILED" && currentRetry < MAX_RETRIES): null

21-10-2025T19:01:02 - [TEST_STEP][FAILED] - try: Unable to get the url of the current window (Root cause: com.kms.katalon.core.exception.StepFailedException: Unable to get the url of the current window
	at com.kms.katalon.core.webui.keyword.internal.WebUIKeywordMain.stepFailed(WebUIKeywordMain.groovy:117)
	at com.kms.katalon.core.webui.keyword.internal.WebUIKeywordMain.runKeyword(WebUIKeywordMain.groovy:43)
	at com.kms.katalon.core.webui.keyword.builtin.GetUrlKeyword.getUrl(GetUrlKeyword.groovy:76)
	at com.kms.katalon.core.webui.keyword.builtin.GetUrlKeyword.execute(GetUrlKeyword.groovy:66)
	at com.kms.katalon.core.keyword.internal.KeywordExecutor.executeKeywordForPlatform(KeywordExecutor.groovy:74)
	at com.kms.katalon.core.webui.keyword.WebUiBuiltInKeywords.getUrl(WebUiBuiltInKeywords.groovy:276)
	at com.kms.katalon.core.webui.keyword.WebUiBuiltInKeywords$getUrl$14.call(Unknown Source)
	at WebDriverRetryListener.retryOnDisconnect(WebDriverRecoveryListener.groovy:22)
	at jdk.internal.reflect.GeneratedMethodAccessor47.invoke(Unknown Source)
	at java.base/jdk.internal.reflect.DelegatingMethodAccessorImpl.invoke(DelegatingMethodAccessorImpl.java:43)
	at com.kms.katalon.core.context.internal.TestHooker.invokeMethod(TestHooker.java:111)
	at com.kms.katalon.core.context.internal.TestHooker.lambda$3(TestHooker.java:95)
	at com.kms.katalon.core.context.internal.TestHooker.invokeContextMethods(TestHooker.java:94)
	at com.kms.katalon.core.context.internal.TestListenerCollector.lambda$3(TestListenerCollector.java:88)
	at com.kms.katalon.core.context.internal.TestListenerCollector.handleListenerEvent(TestListenerCollector.java:85)
	at com.kms.katalon.core.context.internal.ExecutionEventManager.publicEvent(ExecutionEventManager.java:36)
	at com.kms.katalon.core.main.TestCaseExecutor.execute(TestCaseExecutor.java:315)
	at com.kms.katalon.core.common.CommonExecutor.accessTestCaseMainPhase(CommonExecutor.java:65)
	at com.kms.katalon.core.main.TestSuiteExecutor.accessTestSuiteMainPhase(TestSuiteExecutor.java:150)
	at com.kms.katalon.core.main.TestSuiteExecutor.execute(TestSuiteExecutor.java:106)
	at com.kms.katalon.core.main.TestCaseMain.startTestSuite(TestCaseMain.java:180)
	at com.kms.katalon.core.main.TestCaseMain$startTestSuite$0.call(Unknown Source)
	at TempTestSuite1761084128061.run(TempTestSuite1761084128061.groovy:35)
	at java.base/jdk.internal.reflect.NativeMethodAccessorImpl.invoke0(Native Method)
	at java.base/jdk.internal.reflect.NativeMethodAccessorImpl.invoke(NativeMethodAccessorImpl.java:77)
	at java.base/jdk.internal.reflect.DelegatingMethodAccessorImpl.invoke(DelegatingMethodAccessorImpl.java:43)
Caused by: org.openqa.selenium.WebDriverException: java.net.ConnectException: Failed to connect to localhost/[0:0:0:0:0:0:0:1]:58580
Build info: version: '3.141.59', revision: 'unknown', time: 'unknown'
System info: host: 'DC1ADOBLD01', ip: '10.2.20.71', os.name: 'Windows Server 2019', os.arch: 'amd64', os.version: '10.0', java.version: '17.0.7'
Driver info: driver.version: EventFiringWebDriver
	at org.openqa.selenium.remote.service.DriverCommandExecutor.execute(DriverCommandExecutor.java:92)
	at org.openqa.selenium.remote.RemoteWebDriver.execute(RemoteWebDriver.java:552)
	at com.kms.katalon.selenium.driver.CChromeDriver.execute(CChromeDriver.java:19)
	at org.openqa.selenium.remote.RemoteWebDriver.execute(RemoteWebDriver.java:609)
	at org.openqa.selenium.remote.RemoteWebDriver.getCurrentUrl(RemoteWebDriver.java:287)
	at java.base/jdk.internal.reflect.NativeMethodAccessorImpl.invoke0(Native Method)
	at java.base/jdk.internal.reflect.NativeMethodAccessorImpl.invoke(NativeMethodAccessorImpl.java:77)
	at java.base/jdk.internal.reflect.DelegatingMethodAccessorImpl.invoke(DelegatingMethodAccessorImpl.java:43)
	at org.openqa.selenium.support.events.EventFiringWebDriver.lambda$new$1(EventFiringWebDriver.java:105)
	at jdk.proxy2/jdk.proxy2.$Proxy26.getCurrentUrl(Unknown Source)
	at org.openqa.selenium.support.events.EventFiringWebDriver.getCurrentUrl(EventFiringWebDriver.java:171)
	at com.kms.katalon.core.webui.keyword.builtin.GetUrlKeyword$_getUrl_closure1.doCall(GetUrlKeyword.groovy:73)
	at com.kms.katalon.core.webui.keyword.builtin.GetUrlKeyword$_getUrl_closure1.call(GetUrlKeyword.groovy)
	at com.kms.katalon.core.webui.keyword.internal.WebUIKeywordMain.runKeyword(WebUIKeywordMain.groovy:35)
	... 24 more
Caused by: java.net.ConnectException: Failed to connect to localhost/[0:0:0:0:0:0:0:1]:58580
	at okhttp3.internal.connection.RealConnection.connectSocket(RealConnection.java:247)
	at okhttp3.internal.connection.RealConnection.connect(RealConnection.java:165)
	at okhttp3.internal.connection.StreamAllocation.findConnection(StreamAllocation.java:257)
	at okhttp3.internal.connection.StreamAllocation.findHealthyConnection(StreamAllocation.java:135)
	at okhttp3.internal.connection.StreamAllocation.newStream(StreamAllocation.java:114)
	at okhttp3.internal.connection.ConnectInterceptor.intercept(ConnectInterceptor.java:42)
	at okhttp3.internal.http.RealInterceptorChain.proceed(RealInterceptorChain.java:147)
	at okhttp3.internal.http.RealInterceptorChain.proceed(RealInterceptorChain.java:121)
	at okhttp3.internal.cache.CacheInterceptor.intercept(CacheInterceptor.java:93)
	at okhttp3.internal.http.RealInterceptorChain.proceed(RealInterceptorChain.java:147)
	at okhttp3.internal.http.RealInterceptorChain.proceed(RealInterceptorChain.java:121)
	at okhttp3.internal.http.BridgeInterceptor.intercept(BridgeInterceptor.java:93)
	at okhttp3.internal.http.RealInterceptorChain.proceed(RealInterceptorChain.java:147)
	at okhttp3.internal.http.RetryAndFollowUpInterceptor.intercept(RetryAndFollowUpInterceptor.java:126)
	at okhttp3.internal.http.RealInterceptorChain.proceed(RealInterceptorChain.java:147)
	at okhttp3.internal.http.RealInterceptorChain.proceed(RealInterceptorChain.java:121)
	at okhttp3.RealCall.getResponseWithInterceptorChain(RealCall.java:200)
	at okhttp3.RealCall.execute(RealCall.java:77)
	at org.openqa.selenium.remote.internal.OkHttpClient.execute(OkHttpClient.java:103)
	at org.openqa.selenium.remote.HttpCommandExecutor.execute(HttpCommandExecutor.java:155)
	at org.openqa.selenium.remote.service.DriverCommandExecutor.execute(DriverCommandExecutor.java:83)
	... 37 more
Caused by: java.net.ConnectException: Connection refused: no further information
	at okhttp3.internal.platform.Platform.connectSocket(Platform.java:129)
	at okhttp3.internal.connection.RealConnection.connectSocket(RealConnection.java:245)
	... 57 more
)

21-10-2025T19:01:02 - [TEST_STEP][PASSED] - comment(Checking for WebDriver disconnect for test case: $tcId): Checking for WebDriver disconnect for test case: Test Cases/DES/Trading Partners Page/Subscription/Outbound/AddFIN-INVOutboundSubscription

21-10-2025T19:01:02 - [MESSAGE][INFO] - Checking for WebDriver disconnect for test case: Test Cases/DES/Trading Partners Page/Subscription/Outbound/AddFIN-INVOutboundSubscription

21-10-2025T19:01:02 - [TEST_STEP][FAILED] - getUrl(): Unable to get the url of the current window (Root cause: com.kms.katalon.core.exception.StepFailedException: Unable to get the url of the current window
	at com.kms.katalon.core.webui.keyword.internal.WebUIKeywordMain.stepFailed(WebUIKeywordMain.groovy:117)
	at com.kms.katalon.core.webui.keyword.internal.WebUIKeywordMain.runKeyword(WebUIKeywordMain.groovy:43)
	at com.kms.katalon.core.webui.keyword.builtin.GetUrlKeyword.getUrl(GetUrlKeyword.groovy:76)
	at com.kms.katalon.core.webui.keyword.builtin.GetUrlKeyword.execute(GetUrlKeyword.groovy:66)
	at com.kms.katalon.core.keyword.internal.KeywordExecutor.executeKeywordForPlatform(KeywordExecutor.groovy:74)
	at com.kms.katalon.core.webui.keyword.WebUiBuiltInKeywords.getUrl(WebUiBuiltInKeywords.groovy:276)
	at com.kms.katalon.core.webui.keyword.WebUiBuiltInKeywords$getUrl$14.call(Unknown Source)
	at WebDriverRetryListener.retryOnDisconnect(WebDriverRecoveryListener.groovy:22)
	at jdk.internal.reflect.GeneratedMethodAccessor47.invoke(Unknown Source)
	at java.base/jdk.internal.reflect.DelegatingMethodAccessorImpl.invoke(DelegatingMethodAccessorImpl.java:43)
	at com.kms.katalon.core.context.internal.TestHooker.invokeMethod(TestHooker.java:111)
	at com.kms.katalon.core.context.internal.TestHooker.lambda$3(TestHooker.java:95)
	at com.kms.katalon.core.context.internal.TestHooker.invokeContextMethods(TestHooker.java:94)
	at com.kms.katalon.core.context.internal.TestListenerCollector.lambda$3(TestListenerCollector.java:88)
	at com.kms.katalon.core.context.internal.TestListenerCollector.handleListenerEvent(TestListenerCollector.java:85)
	at com.kms.katalon.core.context.internal.ExecutionEventManager.publicEvent(ExecutionEventManager.java:36)
	at com.kms.katalon.core.main.TestCaseExecutor.execute(TestCaseExecutor.java:315)
	at com.kms.katalon.core.common.CommonExecutor.accessTestCaseMainPhase(CommonExecutor.java:65)
	at com.kms.katalon.core.main.TestSuiteExecutor.accessTestSuiteMainPhase(TestSuiteExecutor.java:150)
	at com.kms.katalon.core.main.TestSuiteExecutor.execute(TestSuiteExecutor.java:106)
	at com.kms.katalon.core.main.TestCaseMain.startTestSuite(TestCaseMain.java:180)
	at com.kms.katalon.core.main.TestCaseMain$startTestSuite$0.call(Unknown Source)
	at TempTestSuite1761084128061.run(TempTestSuite1761084128061.groovy:35)
	at java.base/jdk.internal.reflect.NativeMethodAccessorImpl.invoke0(Native Method)
	at java.base/jdk.internal.reflect.NativeMethodAccessorImpl.invoke(NativeMethodAccessorImpl.java:77)
	at java.base/jdk.internal.reflect.DelegatingMethodAccessorImpl.invoke(DelegatingMethodAccessorImpl.java:43)
Caused by: org.openqa.selenium.WebDriverException: java.net.ConnectException: Failed to connect to localhost/[0:0:0:0:0:0:0:1]:58580
Build info: version: '3.141.59', revision: 'unknown', time: 'unknown'
System info: host: 'DC1ADOBLD01', ip: '10.2.20.71', os.name: 'Windows Server 2019', os.arch: 'amd64', os.version: '10.0', java.version: '17.0.7'
Driver info: driver.version: EventFiringWebDriver
	at org.openqa.selenium.remote.service.DriverCommandExecutor.execute(DriverCommandExecutor.java:92)
	at org.openqa.selenium.remote.RemoteWebDriver.execute(RemoteWebDriver.java:552)
	at com.kms.katalon.selenium.driver.CChromeDriver.execute(CChromeDriver.java:19)
	at org.openqa.selenium.remote.RemoteWebDriver.execute(RemoteWebDriver.java:609)
	at org.openqa.selenium.remote.RemoteWebDriver.getCurrentUrl(RemoteWebDriver.java:287)
	at java.base/jdk.internal.reflect.NativeMethodAccessorImpl.invoke0(Native Method)
	at java.base/jdk.internal.reflect.NativeMethodAccessorImpl.invoke(NativeMethodAccessorImpl.java:77)
	at java.base/jdk.internal.reflect.DelegatingMethodAccessorImpl.invoke(DelegatingMethodAccessorImpl.java:43)
	at org.openqa.selenium.support.events.EventFiringWebDriver.lambda$new$1(EventFiringWebDriver.java:105)
	at jdk.proxy2/jdk.proxy2.$Proxy26.getCurrentUrl(Unknown Source)
	at org.openqa.selenium.support.events.EventFiringWebDriver.getCurrentUrl(EventFiringWebDriver.java:171)
	at com.kms.katalon.core.webui.keyword.builtin.GetUrlKeyword$_getUrl_closure1.doCall(GetUrlKeyword.groovy:73)
	at com.kms.katalon.core.webui.keyword.builtin.GetUrlKeyword$_getUrl_closure1.call(GetUrlKeyword.groovy)
	at com.kms.katalon.core.webui.keyword.internal.WebUIKeywordMain.runKeyword(WebUIKeywordMain.groovy:35)
	... 24 more
Caused by: java.net.ConnectException: Failed to connect to localhost/[0:0:0:0:0:0:0:1]:58580
	at okhttp3.internal.connection.RealConnection.connectSocket(RealConnection.java:247)
	at okhttp3.internal.connection.RealConnection.connect(RealConnection.java:165)
	at okhttp3.internal.connection.StreamAllocation.findConnection(StreamAllocation.java:257)
	at okhttp3.internal.connection.StreamAllocation.findHealthyConnection(StreamAllocation.java:135)
	at okhttp3.internal.connection.StreamAllocation.newStream(StreamAllocation.java:114)
	at okhttp3.internal.connection.ConnectInterceptor.intercept(ConnectInterceptor.java:42)
	at okhttp3.internal.http.RealInterceptorChain.proceed(RealInterceptorChain.java:147)
	at okhttp3.internal.http.RealInterceptorChain.proceed(RealInterceptorChain.java:121)
	at okhttp3.internal.cache.CacheInterceptor.intercept(CacheInterceptor.java:93)
	at okhttp3.internal.http.RealInterceptorChain.proceed(RealInterceptorChain.java:147)
	at okhttp3.internal.http.RealInterceptorChain.proceed(RealInterceptorChain.java:121)
	at okhttp3.internal.http.BridgeInterceptor.intercept(BridgeInterceptor.java:93)
	at okhttp3.internal.http.RealInterceptorChain.proceed(RealInterceptorChain.java:147)
	at okhttp3.internal.http.RetryAndFollowUpInterceptor.intercept(RetryAndFollowUpInterceptor.java:126)
	at okhttp3.internal.http.RealInterceptorChain.proceed(RealInterceptorChain.java:147)
	at okhttp3.internal.http.RealInterceptorChain.proceed(RealInterceptorChain.java:121)
	at okhttp3.RealCall.getResponseWithInterceptorChain(RealCall.java:200)
	at okhttp3.RealCall.execute(RealCall.java:77)
	at org.openqa.selenium.remote.internal.OkHttpClient.execute(OkHttpClient.java:103)
	at org.openqa.selenium.remote.HttpCommandExecutor.execute(HttpCommandExecutor.java:155)
	at org.openqa.selenium.remote.service.DriverCommandExecutor.execute(DriverCommandExecutor.java:83)
	... 37 more
Caused by: java.net.ConnectException: Connection refused: no further information
	at okhttp3.internal.platform.Platform.connectSocket(Platform.java:129)
	at okhttp3.internal.connection.RealConnection.connectSocket(RealConnection.java:245)
	... 57 more
)

21-10-2025T19:01:02 - [MESSAGE][FAILED] - Unable to get the url of the current window (Root cause: com.kms.katalon.core.exception.StepFailedException: Unable to get the url of the current window
	at com.kms.katalon.core.webui.keyword.internal.WebUIKeywordMain.stepFailed(WebUIKeywordMain.groovy:117)
	at com.kms.katalon.core.webui.keyword.internal.WebUIKeywordMain.runKeyword(WebUIKeywordMain.groovy:43)
	at com.kms.katalon.core.webui.keyword.builtin.GetUrlKeyword.getUrl(GetUrlKeyword.groovy:76)
	at com.kms.katalon.core.webui.keyword.builtin.GetUrlKeyword.execute(GetUrlKeyword.groovy:66)
	at com.kms.katalon.core.keyword.internal.KeywordExecutor.executeKeywordForPlatform(KeywordExecutor.groovy:74)
	at com.kms.katalon.core.webui.keyword.WebUiBuiltInKeywords.getUrl(WebUiBuiltInKeywords.groovy:276)
	at com.kms.katalon.core.webui.keyword.WebUiBuiltInKeywords$getUrl$14.call(Unknown Source)
	at WebDriverRetryListener.retryOnDisconnect(WebDriverRecoveryListener.groovy:22)
	at jdk.internal.reflect.GeneratedMethodAccessor47.invoke(Unknown Source)
	at java.base/jdk.internal.reflect.DelegatingMethodAccessorImpl.invoke(DelegatingMethodAccessorImpl.java:43)
	at com.kms.katalon.core.context.internal.TestHooker.invokeMethod(TestHooker.java:111)
	at com.kms.katalon.core.context.internal.TestHooker.lambda$3(TestHooker.java:95)
	at com.kms.katalon.core.context.internal.TestHooker.invokeContextMethods(TestHooker.java:94)
	at com.kms.katalon.core.context.internal.TestListenerCollector.lambda$3(TestListenerCollector.java:88)
	at com.kms.katalon.core.context.internal.TestListenerCollector.handleListenerEvent(TestListenerCollector.java:85)
	at com.kms.katalon.core.context.internal.ExecutionEventManager.publicEvent(ExecutionEventManager.java:36)
	at com.kms.katalon.core.main.TestCaseExecutor.execute(TestCaseExecutor.java:315)
	at com.kms.katalon.core.common.CommonExecutor.accessTestCaseMainPhase(CommonExecutor.java:65)
	at com.kms.katalon.core.main.TestSuiteExecutor.accessTestSuiteMainPhase(TestSuiteExecutor.java:150)
	at com.kms.katalon.core.main.TestSuiteExecutor.execute(TestSuiteExecutor.java:106)
	at com.kms.katalon.core.main.TestCaseMain.startTestSuite(TestCaseMain.java:180)
	at com.kms.katalon.core.main.TestCaseMain$startTestSuite$0.call(Unknown Source)
	at TempTestSuite1761084128061.run(TempTestSuite1761084128061.groovy:35)
	at java.base/jdk.internal.reflect.NativeMethodAccessorImpl.invoke0(Native Method)
	at java.base/jdk.internal.reflect.NativeMethodAccessorImpl.invoke(NativeMethodAccessorImpl.java:77)
	at java.base/jdk.internal.reflect.DelegatingMethodAccessorImpl.invoke(DelegatingMethodAccessorImpl.java:43)
Caused by: org.openqa.selenium.WebDriverException: java.net.ConnectException: Failed to connect to localhost/[0:0:0:0:0:0:0:1]:58580
Build info: version: '3.141.59', revision: 'unknown', time: 'unknown'
System info: host: 'DC1ADOBLD01', ip: '10.2.20.71', os.name: 'Windows Server 2019', os.arch: 'amd64', os.version: '10.0', java.version: '17.0.7'
Driver info: driver.version: EventFiringWebDriver
	at org.openqa.selenium.remote.service.DriverCommandExecutor.execute(DriverCommandExecutor.java:92)
	at org.openqa.selenium.remote.RemoteWebDriver.execute(RemoteWebDriver.java:552)
	at com.kms.katalon.selenium.driver.CChromeDriver.execute(CChromeDriver.java:19)
	at org.openqa.selenium.remote.RemoteWebDriver.execute(RemoteWebDriver.java:609)
	at org.openqa.selenium.remote.RemoteWebDriver.getCurrentUrl(RemoteWebDriver.java:287)
	at java.base/jdk.internal.reflect.NativeMethodAccessorImpl.invoke0(Native Method)
	at java.base/jdk.internal.reflect.NativeMethodAccessorImpl.invoke(NativeMethodAccessorImpl.java:77)
	at java.base/jdk.internal.reflect.DelegatingMethodAccessorImpl.invoke(DelegatingMethodAccessorImpl.java:43)
	at org.openqa.selenium.support.events.EventFiringWebDriver.lambda$new$1(EventFiringWebDriver.java:105)
	at jdk.proxy2/jdk.proxy2.$Proxy26.getCurrentUrl(Unknown Source)
	at org.openqa.selenium.support.events.EventFiringWebDriver.getCurrentUrl(EventFiringWebDriver.java:171)
	at com.kms.katalon.core.webui.keyword.builtin.GetUrlKeyword$_getUrl_closure1.doCall(GetUrlKeyword.groovy:73)
	at com.kms.katalon.core.webui.keyword.builtin.GetUrlKeyword$_getUrl_closure1.call(GetUrlKeyword.groovy)
	at com.kms.katalon.core.webui.keyword.internal.WebUIKeywordMain.runKeyword(WebUIKeywordMain.groovy:35)
	... 24 more
Caused by: java.net.ConnectException: Failed to connect to localhost/[0:0:0:0:0:0:0:1]:58580
	at okhttp3.internal.connection.RealConnection.connectSocket(RealConnection.java:247)
	at okhttp3.internal.connection.RealConnection.connect(RealConnection.java:165)
	at okhttp3.internal.connection.StreamAllocation.findConnection(StreamAllocation.java:257)
	at okhttp3.internal.connection.StreamAllocation.findHealthyConnection(StreamAllocation.java:135)
	at okhttp3.internal.connection.StreamAllocation.newStream(StreamAllocation.java:114)
	at okhttp3.internal.connection.ConnectInterceptor.intercept(ConnectInterceptor.java:42)
	at okhttp3.internal.http.RealInterceptorChain.proceed(RealInterceptorChain.java:147)
	at okhttp3.internal.http.RealInterceptorChain.proceed(RealInterceptorChain.java:121)
	at okhttp3.internal.cache.CacheInterceptor.intercept(CacheInterceptor.java:93)
	at okhttp3.internal.http.RealInterceptorChain.proceed(RealInterceptorChain.java:147)
	at okhttp3.internal.http.RealInterceptorChain.proceed(RealInterceptorChain.java:121)
	at okhttp3.internal.http.BridgeInterceptor.intercept(BridgeInterceptor.java:93)
	at okhttp3.internal.http.RealInterceptorChain.proceed(RealInterceptorChain.java:147)
	at okhttp3.internal.http.RetryAndFollowUpInterceptor.intercept(RetryAndFollowUpInterceptor.java:126)
	at okhttp3.internal.http.RealInterceptorChain.proceed(RealInterceptorChain.java:147)
	at okhttp3.internal.http.RealInterceptorChain.proceed(RealInterceptorChain.java:121)
	at okhttp3.RealCall.getResponseWithInterceptorChain(RealCall.java:200)
	at okhttp3.RealCall.execute(RealCall.java:77)
	at org.openqa.selenium.remote.internal.OkHttpClient.execute(OkHttpClient.java:103)
	at org.openqa.selenium.remote.HttpCommandExecutor.execute(HttpCommandExecutor.java:155)
	at org.openqa.selenium.remote.service.DriverCommandExecutor.execute(DriverCommandExecutor.java:83)
	... 37 more
Caused by: java.net.ConnectException: Connection refused: no further information
	at okhttp3.internal.platform.Platform.connectSocket(Platform.java:129)
	at okhttp3.internal.connection.RealConnection.connectSocket(RealConnection.java:245)
	... 57 more
)

21-10-2025T19:01:02 - [TEST_STEP][ERROR] - catch (Exception e): org.codehaus.groovy.runtime.InvokerInvocationException: groovy.lang.MissingMethodException: No signature of method: WebDriverRetryListener.findTestCase() is applicable for argument types: (String) values: [Test Cases/DES/Trading Partners Page/Subscription/Outbound/AddFIN-INVOutboundSubscription]
	at com.kms.katalon.core.context.internal.TestHooker.invokeMethod(TestHooker.java:111)
	at com.kms.katalon.core.context.internal.TestHooker.lambda$3(TestHooker.java:95)
	at com.kms.katalon.core.context.internal.TestHooker.invokeContextMethods(TestHooker.java:94)
	at com.kms.katalon.core.context.internal.TestListenerCollector.lambda$3(TestListenerCollector.java:88)
	at com.kms.katalon.core.context.internal.TestListenerCollector.handleListenerEvent(TestListenerCollector.java:85)
	at com.kms.katalon.core.context.internal.ExecutionEventManager.publicEvent(ExecutionEventManager.java:36)
	at com.kms.katalon.core.main.TestCaseExecutor.execute(TestCaseExecutor.java:315)
	at com.kms.katalon.core.common.CommonExecutor.accessTestCaseMainPhase(CommonExecutor.java:65)
	at com.kms.katalon.core.main.TestSuiteExecutor.accessTestSuiteMainPhase(TestSuiteExecutor.java:150)
	at com.kms.katalon.core.main.TestSuiteExecutor.execute(TestSuiteExecutor.java:106)
	at com.kms.katalon.core.main.TestCaseMain.startTestSuite(TestCaseMain.java:180)
	at com.kms.katalon.core.main.TestCaseMain$startTestSuite$0.call(Unknown Source)
	at TempTestSuite1761084128061.run(TempTestSuite1761084128061.groovy:35)
	at java.base/jdk.internal.reflect.NativeMethodAccessorImpl.invoke0(Native Method)
	at java.base/jdk.internal.reflect.NativeMethodAccessorImpl.invoke(NativeMethodAccessorImpl.java:77)
	at java.base/jdk.internal.reflect.DelegatingMethodAccessorImpl.invoke(DelegatingMethodAccessorImpl.java:43)
Caused by: groovy.lang.MissingMethodException: No signature of method: WebDriverRetryListener.findTestCase() is applicable for argument types: (String) values: [Test Cases/DES/Trading Partners Page/Subscription/Outbound/AddFIN-INVOutboundSubscription]
	at WebDriverRetryListener.retryOnDisconnect(WebDriverRecoveryListener.groovy:32)
	at jdk.internal.reflect.GeneratedMethodAccessor47.invoke(Unknown Source)
	at java.base/jdk.internal.reflect.DelegatingMethodAccessorImpl.invoke(DelegatingMethodAccessorImpl.java:43)
	... 16 more


21-10-2025T19:01:02 - [TEST_STEP][PASSED] - retryCounts[tcId] = currentRetry + 1: null

21-10-2025T19:01:02 - [TEST_STEP][PASSED] - comment(âš  WebDriver disconnected. Retrying test case ($(currentRetry + 1)/$MAX_RETRIES)...): âš  WebDriver disconnected. Retrying test case (1/1)...

21-10-2025T19:01:02 - [MESSAGE][INFO] - âš  WebDriver disconnected. Retrying test case (1/1)...

21-10-2025T19:01:02 - [TEST_STEP][PASSED] - try: Unable to close browser (Root cause: com.kms.katalon.core.exception.StepFailedException: Unable to close browser
	at com.kms.katalon.core.webui.keyword.internal.WebUIKeywordMain.stepFailed(WebUIKeywordMain.groovy:117)
	at com.kms.katalon.core.webui.keyword.internal.WebUIKeywordMain.runKeyword(WebUIKeywordMain.groovy:43)
	at com.kms.katalon.core.webui.keyword.builtin.CloseBrowserKeyword.closeBrowser(CloseBrowserKeyword.groovy:72)
	at com.kms.katalon.core.webui.keyword.builtin.CloseBrowserKeyword.execute(CloseBrowserKeyword.groovy:67)
	at com.kms.katalon.core.keyword.internal.KeywordExecutor.executeKeywordForPlatform(KeywordExecutor.groovy:74)
	at com.kms.katalon.core.webui.keyword.WebUiBuiltInKeywords.closeBrowser(WebUiBuiltInKeywords.groovy:75)
	at com.kms.katalon.core.webui.keyword.WebUiBuiltInKeywords$closeBrowser$17.call(Unknown Source)
	at WebDriverRetryListener.retryOnDisconnect(WebDriverRecoveryListener.groovy:29)
	at jdk.internal.reflect.GeneratedMethodAccessor47.invoke(Unknown Source)
	at java.base/jdk.internal.reflect.DelegatingMethodAccessorImpl.invoke(DelegatingMethodAccessorImpl.java:43)
	at com.kms.katalon.core.context.internal.TestHooker.invokeMethod(TestHooker.java:111)
	at com.kms.katalon.core.context.internal.TestHooker.lambda$3(TestHooker.java:95)
	at com.kms.katalon.core.context.internal.TestHooker.invokeContextMethods(TestHooker.java:94)
	at com.kms.katalon.core.context.internal.TestListenerCollector.lambda$3(TestListenerCollector.java:88)
	at com.kms.katalon.core.context.internal.TestListenerCollector.handleListenerEvent(TestListenerCollector.java:85)
	at com.kms.katalon.core.context.internal.ExecutionEventManager.publicEvent(ExecutionEventManager.java:36)
	at com.kms.katalon.core.main.TestCaseExecutor.execute(TestCaseExecutor.java:315)
	at com.kms.katalon.core.common.CommonExecutor.accessTestCaseMainPhase(CommonExecutor.java:65)
	at com.kms.katalon.core.main.TestSuiteExecutor.accessTestSuiteMainPhase(TestSuiteExecutor.java:150)
	at com.kms.katalon.core.main.TestSuiteExecutor.execute(TestSuiteExecutor.java:106)
	at com.kms.katalon.core.main.TestCaseMain.startTestSuite(TestCaseMain.java:180)
	at com.kms.katalon.core.main.TestCaseMain$startTestSuite$0.call(Unknown Source)
	at TempTestSuite1761084128061.run(TempTestSuite1761084128061.groovy:35)
	at java.base/jdk.internal.reflect.NativeMethodAccessorImpl.invoke0(Native Method)
	at java.base/jdk.internal.reflect.NativeMethodAccessorImpl.invoke(NativeMethodAccessorImpl.java:77)
	at java.base/jdk.internal.reflect.DelegatingMethodAccessorImpl.invoke(DelegatingMethodAccessorImpl.java:43)
Caused by: org.openqa.selenium.WebDriverException: java.net.ConnectException: Failed to connect to localhost/[0:0:0:0:0:0:0:1]:58580
Build info: version: '3.141.59', revision: 'unknown', time: 'unknown'
System info: host: 'DC1ADOBLD01', ip: '10.2.20.71', os.name: 'Windows Server 2019', os.arch: 'amd64', os.version: '10.0', java.version: '17.0.7'
Driver info: driver.version: EventFiringWebDriver
	at org.openqa.selenium.remote.service.DriverCommandExecutor.execute(DriverCommandExecutor.java:92)
	at org.openqa.selenium.remote.RemoteWebDriver.execute(RemoteWebDriver.java:552)
	at com.kms.katalon.selenium.driver.CChromeDriver.execute(CChromeDriver.java:19)
	at org.openqa.selenium.remote.RemoteWebDriver.execute(RemoteWebDriver.java:609)
	at org.openqa.selenium.remote.RemoteWebDriver.quit(RemoteWebDriver.java:452)
	at jdk.internal.reflect.GeneratedMethodAccessor46.invoke(Unknown Source)
	at java.base/jdk.internal.reflect.DelegatingMethodAccessorImpl.invoke(DelegatingMethodAccessorImpl.java:43)
	at org.openqa.selenium.support.events.EventFiringWebDriver.lambda$new$1(EventFiringWebDriver.java:105)
	at jdk.proxy2/jdk.proxy2.$Proxy26.quit(Unknown Source)
	at org.openqa.selenium.support.events.EventFiringWebDriver.quit(EventFiringWebDriver.java:211)
	at com.kms.katalon.core.webui.driver.DriverFactory.closeWebDriver(DriverFactory.java:1608)
	at com.kms.katalon.core.webui.keyword.builtin.CloseBrowserKeyword$_closeBrowser_closure1.doCall(CloseBrowserKeyword.groovy:74)
	at com.kms.katalon.core.webui.keyword.builtin.CloseBrowserKeyword$_closeBrowser_closure1.call(CloseBrowserKeyword.groovy)
	at com.kms.katalon.core.webui.keyword.internal.WebUIKeywordMain.runKeyword(WebUIKeywordMain.groovy:35)
	... 24 more
Caused by: java.net.ConnectException: Failed to connect to localhost/[0:0:0:0:0:0:0:1]:58580
	at okhttp3.internal.connection.RealConnection.connectSocket(RealConnection.java:247)
	at okhttp3.internal.connection.RealConnection.connect(RealConnection.java:165)
	at okhttp3.internal.connection.StreamAllocation.findConnection(StreamAllocation.java:257)
	at okhttp3.internal.connection.StreamAllocation.findHealthyConnection(StreamAllocation.java:135)
	at okhttp3.internal.connection.StreamAllocation.newStream(StreamAllocation.java:114)
	at okhttp3.internal.connection.ConnectInterceptor.intercept(ConnectInterceptor.java:42)
	at okhttp3.internal.http.RealInterceptorChain.proceed(RealInterceptorChain.java:147)
	at okhttp3.internal.http.RealInterceptorChain.proceed(RealInterceptorChain.java:121)
	at okhttp3.internal.cache.CacheInterceptor.intercept(CacheInterceptor.java:93)
	at okhttp3.internal.http.RealInterceptorChain.proceed(RealInterceptorChain.java:147)
	at okhttp3.internal.http.RealInterceptorChain.proceed(RealInterceptorChain.java:121)
	at okhttp3.internal.http.BridgeInterceptor.intercept(BridgeInterceptor.java:93)
	at okhttp3.internal.http.RealInterceptorChain.proceed(RealInterceptorChain.java:147)
	at okhttp3.internal.http.RetryAndFollowUpInterceptor.intercept(RetryAndFollowUpInterceptor.java:126)
	at okhttp3.internal.http.RealInterceptorChain.proceed(RealInterceptorChain.java:147)
	at okhttp3.internal.http.RealInterceptorChain.proceed(RealInterceptorChain.java:121)
	at okhttp3.RealCall.getResponseWithInterceptorChain(RealCall.java:200)
	at okhttp3.RealCall.execute(RealCall.java:77)
	at org.openqa.selenium.remote.internal.OkHttpClient.execute(OkHttpClient.java:103)
	at org.openqa.selenium.remote.HttpCommandExecutor.execute(HttpCommandExecutor.java:155)
	at org.openqa.selenium.remote.service.DriverCommandExecutor.execute(DriverCommandExecutor.java:83)
	... 37 more
Caused by: java.net.ConnectException: Connection refused: no further information
	at okhttp3.internal.platform.Platform.connectSocket(Platform.java:129)
	at okhttp3.internal.connection.RealConnection.connectSocket(RealConnection.java:245)
	... 57 more
)

21-10-2025T19:01:02 - [TEST_STEP][PASSED] - closeBrowser(OPTIONAL): Unable to close browser (Root cause: com.kms.katalon.core.exception.StepFailedException: Unable to close browser
	at com.kms.katalon.core.webui.keyword.internal.WebUIKeywordMain.stepFailed(WebUIKeywordMain.groovy:117)
	at com.kms.katalon.core.webui.keyword.internal.WebUIKeywordMain.runKeyword(WebUIKeywordMain.groovy:43)
	at com.kms.katalon.core.webui.keyword.builtin.CloseBrowserKeyword.closeBrowser(CloseBrowserKeyword.groovy:72)
	at com.kms.katalon.core.webui.keyword.builtin.CloseBrowserKeyword.execute(CloseBrowserKeyword.groovy:67)
	at com.kms.katalon.core.keyword.internal.KeywordExecutor.executeKeywordForPlatform(KeywordExecutor.groovy:74)
	at com.kms.katalon.core.webui.keyword.WebUiBuiltInKeywords.closeBrowser(WebUiBuiltInKeywords.groovy:75)
	at com.kms.katalon.core.webui.keyword.WebUiBuiltInKeywords$closeBrowser$17.call(Unknown Source)
	at WebDriverRetryListener.retryOnDisconnect(WebDriverRecoveryListener.groovy:29)
	at jdk.internal.reflect.GeneratedMethodAccessor47.invoke(Unknown Source)
	at java.base/jdk.internal.reflect.DelegatingMethodAccessorImpl.invoke(DelegatingMethodAccessorImpl.java:43)
	at com.kms.katalon.core.context.internal.TestHooker.invokeMethod(TestHooker.java:111)
	at com.kms.katalon.core.context.internal.TestHooker.lambda$3(TestHooker.java:95)
	at com.kms.katalon.core.context.internal.TestHooker.invokeContextMethods(TestHooker.java:94)
	at com.kms.katalon.core.context.internal.TestListenerCollector.lambda$3(TestListenerCollector.java:88)
	at com.kms.katalon.core.context.internal.TestListenerCollector.handleListenerEvent(TestListenerCollector.java:85)
	at com.kms.katalon.core.context.internal.ExecutionEventManager.publicEvent(ExecutionEventManager.java:36)
	at com.kms.katalon.core.main.TestCaseExecutor.execute(TestCaseExecutor.java:315)
	at com.kms.katalon.core.common.CommonExecutor.accessTestCaseMainPhase(CommonExecutor.java:65)
	at com.kms.katalon.core.main.TestSuiteExecutor.accessTestSuiteMainPhase(TestSuiteExecutor.java:150)
	at com.kms.katalon.core.main.TestSuiteExecutor.execute(TestSuiteExecutor.java:106)
	at com.kms.katalon.core.main.TestCaseMain.startTestSuite(TestCaseMain.java:180)
	at com.kms.katalon.core.main.TestCaseMain$startTestSuite$0.call(Unknown Source)
	at TempTestSuite1761084128061.run(TempTestSuite1761084128061.groovy:35)
	at java.base/jdk.internal.reflect.NativeMethodAccessorImpl.invoke0(Native Method)
	at java.base/jdk.internal.reflect.NativeMethodAccessorImpl.invoke(NativeMethodAccessorImpl.java:77)
	at java.base/jdk.internal.reflect.DelegatingMethodAccessorImpl.invoke(DelegatingMethodAccessorImpl.java:43)
Caused by: org.openqa.selenium.WebDriverException: java.net.ConnectException: Failed to connect to localhost/[0:0:0:0:0:0:0:1]:58580
Build info: version: '3.141.59', revision: 'unknown', time: 'unknown'
System info: host: 'DC1ADOBLD01', ip: '10.2.20.71', os.name: 'Windows Server 2019', os.arch: 'amd64', os.version: '10.0', java.version: '17.0.7'
Driver info: driver.version: EventFiringWebDriver
	at org.openqa.selenium.remote.service.DriverCommandExecutor.execute(DriverCommandExecutor.java:92)
	at org.openqa.selenium.remote.RemoteWebDriver.execute(RemoteWebDriver.java:552)
	at com.kms.katalon.selenium.driver.CChromeDriver.execute(CChromeDriver.java:19)
	at org.openqa.selenium.remote.RemoteWebDriver.execute(RemoteWebDriver.java:609)
	at org.openqa.selenium.remote.RemoteWebDriver.quit(RemoteWebDriver.java:452)
	at jdk.internal.reflect.GeneratedMethodAccessor46.invoke(Unknown Source)
	at java.base/jdk.internal.reflect.DelegatingMethodAccessorImpl.invoke(DelegatingMethodAccessorImpl.java:43)
	at org.openqa.selenium.support.events.EventFiringWebDriver.lambda$new$1(EventFiringWebDriver.java:105)
	at jdk.proxy2/jdk.proxy2.$Proxy26.quit(Unknown Source)
	at org.openqa.selenium.support.events.EventFiringWebDriver.quit(EventFiringWebDriver.java:211)
	at com.kms.katalon.core.webui.driver.DriverFactory.closeWebDriver(DriverFactory.java:1608)
	at com.kms.katalon.core.webui.keyword.builtin.CloseBrowserKeyword$_closeBrowser_closure1.doCall(CloseBrowserKeyword.groovy:74)
	at com.kms.katalon.core.webui.keyword.builtin.CloseBrowserKeyword$_closeBrowser_closure1.call(CloseBrowserKeyword.groovy)
	at com.kms.katalon.core.webui.keyword.internal.WebUIKeywordMain.runKeyword(WebUIKeywordMain.groovy:35)
	... 24 more
Caused by: java.net.ConnectException: Failed to connect to localhost/[0:0:0:0:0:0:0:1]:58580
	at okhttp3.internal.connection.RealConnection.connectSocket(RealConnection.java:247)
	at okhttp3.internal.connection.RealConnection.connect(RealConnection.java:165)
	at okhttp3.internal.connection.StreamAllocation.findConnection(StreamAllocation.java:257)
	at okhttp3.internal.connection.StreamAllocation.findHealthyConnection(StreamAllocation.java:135)
	at okhttp3.internal.connection.StreamAllocation.newStream(StreamAllocation.java:114)
	at okhttp3.internal.connection.ConnectInterceptor.intercept(ConnectInterceptor.java:42)
	at okhttp3.internal.http.RealInterceptorChain.proceed(RealInterceptorChain.java:147)
	at okhttp3.internal.http.RealInterceptorChain.proceed(RealInterceptorChain.java:121)
	at okhttp3.internal.cache.CacheInterceptor.intercept(CacheInterceptor.java:93)
	at okhttp3.internal.http.RealInterceptorChain.proceed(RealInterceptorChain.java:147)
	at okhttp3.internal.http.RealInterceptorChain.proceed(RealInterceptorChain.java:121)
	at okhttp3.internal.http.BridgeInterceptor.intercept(BridgeInterceptor.java:93)
	at okhttp3.internal.http.RealInterceptorChain.proceed(RealInterceptorChain.java:147)
	at okhttp3.internal.http.RetryAndFollowUpInterceptor.intercept(RetryAndFollowUpInterceptor.java:126)
	at okhttp3.internal.http.RealInterceptorChain.proceed(RealInterceptorChain.java:147)
	at okhttp3.internal.http.RealInterceptorChain.proceed(RealInterceptorChain.java:121)
	at okhttp3.RealCall.getResponseWithInterceptorChain(RealCall.java:200)
	at okhttp3.RealCall.execute(RealCall.java:77)
	at org.openqa.selenium.remote.internal.OkHttpClient.execute(OkHttpClient.java:103)
	at org.openqa.selenium.remote.HttpCommandExecutor.execute(HttpCommandExecutor.java:155)
	at org.openqa.selenium.remote.service.DriverCommandExecutor.execute(DriverCommandExecutor.java:83)
	... 37 more
Caused by: java.net.ConnectException: Connection refused: no further information
	at okhttp3.internal.platform.Platform.connectSocket(Platform.java:129)
	at okhttp3.internal.connection.RealConnection.connectSocket(RealConnection.java:245)
	... 57 more
)

21-10-2025T19:01:03 - [MESSAGE][WARNING] - Unable to close browser (Root cause: com.kms.katalon.core.exception.StepFailedException: Unable to close browser
	at com.kms.katalon.core.webui.keyword.internal.WebUIKeywordMain.stepFailed(WebUIKeywordMain.groovy:117)
	at com.kms.katalon.core.webui.keyword.internal.WebUIKeywordMain.runKeyword(WebUIKeywordMain.groovy:43)
	at com.kms.katalon.core.webui.keyword.builtin.CloseBrowserKeyword.closeBrowser(CloseBrowserKeyword.groovy:72)
	at com.kms.katalon.core.webui.keyword.builtin.CloseBrowserKeyword.execute(CloseBrowserKeyword.groovy:67)
	at com.kms.katalon.core.keyword.internal.KeywordExecutor.executeKeywordForPlatform(KeywordExecutor.groovy:74)
	at com.kms.katalon.core.webui.keyword.WebUiBuiltInKeywords.closeBrowser(WebUiBuiltInKeywords.groovy:75)
	at com.kms.katalon.core.webui.keyword.WebUiBuiltInKeywords$closeBrowser$17.call(Unknown Source)
	at WebDriverRetryListener.retryOnDisconnect(WebDriverRecoveryListener.groovy:29)
	at jdk.internal.reflect.GeneratedMethodAccessor47.invoke(Unknown Source)
	at java.base/jdk.internal.reflect.DelegatingMethodAccessorImpl.invoke(DelegatingMethodAccessorImpl.java:43)
	at com.kms.katalon.core.context.internal.TestHooker.invokeMethod(TestHooker.java:111)
	at com.kms.katalon.core.context.internal.TestHooker.lambda$3(TestHooker.java:95)
	at com.kms.katalon.core.context.internal.TestHooker.invokeContextMethods(TestHooker.java:94)
	at com.kms.katalon.core.context.internal.TestListenerCollector.lambda$3(TestListenerCollector.java:88)
	at com.kms.katalon.core.context.internal.TestListenerCollector.handleListenerEvent(TestListenerCollector.java:85)
	at com.kms.katalon.core.context.internal.ExecutionEventManager.publicEvent(ExecutionEventManager.java:36)
	at com.kms.katalon.core.main.TestCaseExecutor.execute(TestCaseExecutor.java:315)
	at com.kms.katalon.core.common.CommonExecutor.accessTestCaseMainPhase(CommonExecutor.java:65)
	at com.kms.katalon.core.main.TestSuiteExecutor.accessTestSuiteMainPhase(TestSuiteExecutor.java:150)
	at com.kms.katalon.core.main.TestSuiteExecutor.execute(TestSuiteExecutor.java:106)
	at com.kms.katalon.core.main.TestCaseMain.startTestSuite(TestCaseMain.java:180)
	at com.kms.katalon.core.main.TestCaseMain$startTestSuite$0.call(Unknown Source)
	at TempTestSuite1761084128061.run(TempTestSuite1761084128061.groovy:35)
	at java.base/jdk.internal.reflect.NativeMethodAccessorImpl.invoke0(Native Method)
	at java.base/jdk.internal.reflect.NativeMethodAccessorImpl.invoke(NativeMethodAccessorImpl.java:77)
	at java.base/jdk.internal.reflect.DelegatingMethodAccessorImpl.invoke(DelegatingMethodAccessorImpl.java:43)
Caused by: org.openqa.selenium.WebDriverException: java.net.ConnectException: Failed to connect to localhost/[0:0:0:0:0:0:0:1]:58580
Build info: version: '3.141.59', revision: 'unknown', time: 'unknown'
System info: host: 'DC1ADOBLD01', ip: '10.2.20.71', os.name: 'Windows Server 2019', os.arch: 'amd64', os.version: '10.0', java.version: '17.0.7'
Driver info: driver.version: EventFiringWebDriver
	at org.openqa.selenium.remote.service.DriverCommandExecutor.execute(DriverCommandExecutor.java:92)
	at org.openqa.selenium.remote.RemoteWebDriver.execute(RemoteWebDriver.java:552)
	at com.kms.katalon.selenium.driver.CChromeDriver.execute(CChromeDriver.java:19)
	at org.openqa.selenium.remote.RemoteWebDriver.execute(RemoteWebDriver.java:609)
	at org.openqa.selenium.remote.RemoteWebDriver.quit(RemoteWebDriver.java:452)
	at jdk.internal.reflect.GeneratedMethodAccessor46.invoke(Unknown Source)
	at java.base/jdk.internal.reflect.DelegatingMethodAccessorImpl.invoke(DelegatingMethodAccessorImpl.java:43)
	at org.openqa.selenium.support.events.EventFiringWebDriver.lambda$new$1(EventFiringWebDriver.java:105)
	at jdk.proxy2/jdk.proxy2.$Proxy26.quit(Unknown Source)
	at org.openqa.selenium.support.events.EventFiringWebDriver.quit(EventFiringWebDriver.java:211)
	at com.kms.katalon.core.webui.driver.DriverFactory.closeWebDriver(DriverFactory.java:1608)
	at com.kms.katalon.core.webui.keyword.builtin.CloseBrowserKeyword$_closeBrowser_closure1.doCall(CloseBrowserKeyword.groovy:74)
	at com.kms.katalon.core.webui.keyword.builtin.CloseBrowserKeyword$_closeBrowser_closure1.call(CloseBrowserKeyword.groovy)
	at com.kms.katalon.core.webui.keyword.internal.WebUIKeywordMain.runKeyword(WebUIKeywordMain.groovy:35)
	... 24 more
Caused by: java.net.ConnectException: Failed to connect to localhost/[0:0:0:0:0:0:0:1]:58580
	at okhttp3.internal.connection.RealConnection.connectSocket(RealConnection.java:247)
	at okhttp3.internal.connection.RealConnection.connect(RealConnection.java:165)
	at okhttp3.internal.connection.StreamAllocation.findConnection(StreamAllocation.java:257)
	at okhttp3.internal.connection.StreamAllocation.findHealthyConnection(StreamAllocation.java:135)
	at okhttp3.internal.connection.StreamAllocation.newStream(StreamAllocation.java:114)
	at okhttp3.internal.connection.ConnectInterceptor.intercept(ConnectInterceptor.java:42)
	at okhttp3.internal.http.RealInterceptorChain.proceed(RealInterceptorChain.java:147)
	at okhttp3.internal.http.RealInterceptorChain.proceed(RealInterceptorChain.java:121)
	at okhttp3.internal.cache.CacheInterceptor.intercept(CacheInterceptor.java:93)
	at okhttp3.internal.http.RealInterceptorChain.proceed(RealInterceptorChain.java:147)
	at okhttp3.internal.http.RealInterceptorChain.proceed(RealInterceptorChain.java:121)
	at okhttp3.internal.http.BridgeInterceptor.intercept(BridgeInterceptor.java:93)
	at okhttp3.internal.http.RealInterceptorChain.proceed(RealInterceptorChain.java:147)
	at okhttp3.internal.http.RetryAndFollowUpInterceptor.intercept(RetryAndFollowUpInterceptor.java:126)
	at okhttp3.internal.http.RealInterceptorChain.proceed(RealInterceptorChain.java:147)
	at okhttp3.internal.http.RealInterceptorChain.proceed(RealInterceptorChain.java:121)
	at okhttp3.RealCall.getResponseWithInterceptorChain(RealCall.java:200)
	at okhttp3.RealCall.execute(RealCall.java:77)
	at org.openqa.selenium.remote.internal.OkHttpClient.execute(OkHttpClient.java:103)
	at org.openqa.selenium.remote.HttpCommandExecutor.execute(HttpCommandExecutor.java:155)
	at org.openqa.selenium.remote.service.DriverCommandExecutor.execute(DriverCommandExecutor.java:83)
	... 37 more
Caused by: java.net.ConnectException: Connection refused: no further information
	at okhttp3.internal.platform.Platform.connectSocket(Platform.java:129)
	at okhttp3.internal.connection.RealConnection.connectSocket(RealConnection.java:245)
	... 57 more
)

21-10-2025T19:01:03 - [TEST_STEP][ERROR] - callTestCase(findTestCase(tcId), [:], STOP_ON_FAILURE): org.codehaus.groovy.runtime.InvokerInvocationException: groovy.lang.MissingMethodException: No signature of method: WebDriverRetryListener.findTestCase() is applicable for argument types: (String) values: [Test Cases/DES/Trading Partners Page/Subscription/Outbound/AddFIN-INVOutboundSubscription]
	at com.kms.katalon.core.context.internal.TestHooker.invokeMethod(TestHooker.java:111)
	at com.kms.katalon.core.context.internal.TestHooker.lambda$3(TestHooker.java:95)
	at com.kms.katalon.core.context.internal.TestHooker.invokeContextMethods(TestHooker.java:94)
	at com.kms.katalon.core.context.internal.TestListenerCollector.lambda$3(TestListenerCollector.java:88)
	at com.kms.katalon.core.context.internal.TestListenerCollector.handleListenerEvent(TestListenerCollector.java:85)
	at com.kms.katalon.core.context.internal.ExecutionEventManager.publicEvent(ExecutionEventManager.java:36)
	at com.kms.katalon.core.main.TestCaseExecutor.execute(TestCaseExecutor.java:315)
	at com.kms.katalon.core.common.CommonExecutor.accessTestCaseMainPhase(CommonExecutor.java:65)
	at com.kms.katalon.core.main.TestSuiteExecutor.accessTestSuiteMainPhase(TestSuiteExecutor.java:150)
	at com.kms.katalon.core.main.TestSuiteExecutor.execute(TestSuiteExecutor.java:106)
	at com.kms.katalon.core.main.TestCaseMain.startTestSuite(TestCaseMain.java:180)
	at com.kms.katalon.core.main.TestCaseMain$startTestSuite$0.call(Unknown Source)
	at TempTestSuite1761084128061.run(TempTestSuite1761084128061.groovy:35)
	at java.base/jdk.internal.reflect.NativeMethodAccessorImpl.invoke0(Native Method)
	at java.base/jdk.internal.reflect.NativeMethodAccessorImpl.invoke(NativeMethodAccessorImpl.java:77)
	at java.base/jdk.internal.reflect.DelegatingMethodAccessorImpl.invoke(DelegatingMethodAccessorImpl.java:43)
Caused by: groovy.lang.MissingMethodException: No signature of method: WebDriverRetryListener.findTestCase() is applicable for argument types: (String) values: [Test Cases/DES/Trading Partners Page/Subscription/Outbound/AddFIN-INVOutboundSubscription]
	at WebDriverRetryListener.retryOnDisconnect(WebDriverRecoveryListener.groovy:32)
	at jdk.internal.reflect.GeneratedMethodAccessor47.invoke(Unknown Source)
	at java.base/jdk.internal.reflect.DelegatingMethodAccessorImpl.invoke(DelegatingMethodAccessorImpl.java:43)
	... 16 more


21-10-2025T19:01:03 - [MESSAGE][ERROR] - org.codehaus.groovy.runtime.InvokerInvocationException: groovy.lang.MissingMethodException: No signature of method: WebDriverRetryListener.findTestCase() is applicable for argument types: (String) values: [Test Cases/DES/Trading Partners Page/Subscription/Outbound/AddFIN-INVOutboundSubscription]
	at com.kms.katalon.core.context.internal.TestHooker.invokeMethod(TestHooker.java:111)
	at com.kms.katalon.core.context.internal.TestHooker.lambda$3(TestHooker.java:95)
	at com.kms.katalon.core.context.internal.TestHooker.invokeContextMethods(TestHooker.java:94)
	at com.kms.katalon.core.context.internal.TestListenerCollector.lambda$3(TestListenerCollector.java:88)
	at com.kms.katalon.core.context.internal.TestListenerCollector.handleListenerEvent(TestListenerCollector.java:85)
	at com.kms.katalon.core.context.internal.ExecutionEventManager.publicEvent(ExecutionEventManager.java:36)
	at com.kms.katalon.core.main.TestCaseExecutor.execute(TestCaseExecutor.java:315)
	at com.kms.katalon.core.common.CommonExecutor.accessTestCaseMainPhase(CommonExecutor.java:65)
	at com.kms.katalon.core.main.TestSuiteExecutor.accessTestSuiteMainPhase(TestSuiteExecutor.java:150)
	at com.kms.katalon.core.main.TestSuiteExecutor.execute(TestSuiteExecutor.java:106)
	at com.kms.katalon.core.main.TestCaseMain.startTestSuite(TestCaseMain.java:180)
	at com.kms.katalon.core.main.TestCaseMain$startTestSuite$0.call(Unknown Source)
	at TempTestSuite1761084128061.run(TempTestSuite1761084128061.groovy:35)
	at java.base/jdk.internal.reflect.NativeMethodAccessorImpl.invoke0(Native Method)
	at java.base/jdk.internal.reflect.NativeMethodAccessorImpl.invoke(NativeMethodAccessorImpl.java:77)
	at java.base/jdk.internal.reflect.DelegatingMethodAccessorImpl.invoke(DelegatingMethodAccessorImpl.java:43)
Caused by: groovy.lang.MissingMethodException: No signature of method: WebDriverRetryListener.findTestCase() is applicable for argument types: (String) values: [Test Cases/DES/Trading Partners Page/Subscription/Outbound/AddFIN-INVOutboundSubscription]
	at WebDriverRetryListener.retryOnDisconnect(WebDriverRecoveryListener.groovy:32)
	at jdk.internal.reflect.GeneratedMethodAccessor47.invoke(Unknown Source)
	at java.base/jdk.internal.reflect.DelegatingMethodAccessorImpl.invoke(DelegatingMethodAccessorImpl.java:43)
	... 16 more]]></system-out>
         <system-err><![CDATA[21-10-2025T19:00:45 - [TEST_CASE][FAILED] - Test Cases/DES/Trading Partners Page/Subscription/Outbound/AddFIN-INVOutboundSubscription: Test Cases/DES/Trading Partners Page/Subscription/Outbound/AddFIN-INVOutboundSubscription FAILED.
Reason:
com.kms.katalon.core.exception.StepFailedException: Call Test Case 'Test Cases/DES/DES Login' failed
	at com.kms.katalon.core.keyword.builtin.CallTestCaseKeyword$_callTestCase_closure1.doCall(CallTestCaseKeyword.groovy:63)
	at com.kms.katalon.core.keyword.builtin.CallTestCaseKeyword$_callTestCase_closure1.call(CallTestCaseKeyword.groovy)
	at com.kms.katalon.core.keyword.internal.KeywordMain.runKeyword(KeywordMain.groovy:75)
	at com.kms.katalon.core.keyword.builtin.CallTestCaseKeyword.callTestCase(CallTestCaseKeyword.groovy:81)
	at com.kms.katalon.core.keyword.builtin.CallTestCaseKeyword.execute(CallTestCaseKeyword.groovy:44)
	at com.kms.katalon.core.keyword.internal.KeywordExecutor.executeKeywordForPlatform(KeywordExecutor.groovy:74)
	at com.kms.katalon.core.keyword.BuiltinKeywords.callTestCase(BuiltinKeywords.groovy:310)
	at jdk.internal.reflect.GeneratedMethodAccessor41.invoke(Unknown Source)
	at java.base/jdk.internal.reflect.DelegatingMethodAccessorImpl.invoke(DelegatingMethodAccessorImpl.java:43)
	at AddFIN-INVOutboundSubscription.run(AddFIN-INVOutboundSubscription:20)
	at com.kms.katalon.core.main.ScriptEngine.run(ScriptEngine.java:194)
	at com.kms.katalon.core.main.ScriptEngine.runScriptAsRawText(ScriptEngine.java:119)
	at com.kms.katalon.core.main.TestCaseExecutor.runScript(TestCaseExecutor.java:448)
	at com.kms.katalon.core.main.TestCaseExecutor.doExecute(TestCaseExecutor.java:439)
	at com.kms.katalon.core.main.TestCaseExecutor.processExecutionPhase(TestCaseExecutor.java:418)
	at com.kms.katalon.core.main.TestCaseExecutor.accessMainPhase(TestCaseExecutor.java:410)
	at com.kms.katalon.core.main.TestCaseExecutor.execute(TestCaseExecutor.java:285)
	at com.kms.katalon.core.common.CommonExecutor.accessTestCaseMainPhase(CommonExecutor.java:65)
	at com.kms.katalon.core.main.TestSuiteExecutor.accessTestSuiteMainPhase(TestSuiteExecutor.java:150)
	at com.kms.katalon.core.main.TestSuiteExecutor.execute(TestSuiteExecutor.java:106)
	at com.kms.katalon.core.main.TestCaseMain.startTestSuite(TestCaseMain.java:180)
	at com.kms.katalon.core.main.TestCaseMain$startTestSuite$0.call(Unknown Source)
	at TempTestSuite1761084128061.run(TempTestSuite1761084128061.groovy:35)
	at java.base/jdk.internal.reflect.NativeMethodAccessorImpl.invoke0(Native Method)
	at java.base/jdk.internal.reflect.NativeMethodAccessorImpl.invoke(NativeMethodAccessorImpl.java:77)
	at java.base/jdk.internal.reflect.DelegatingMethodAccessorImpl.invoke(DelegatingMethodAccessorImpl.java:43)
Caused by: com.kms.katalon.core.exception.StepFailedException: Unable to set text 'Chris.Sheldon+DES_QA@Thekag.com' of object 'Object Repository/Page_IdentityServer4/input_Username (e.g. email address)_Username'
	at com.kms.katalon.core.webui.keyword.internal.WebUIKeywordMain.stepFailed(WebUIKeywordMain.groovy:117)
	at com.kms.katalon.core.webui.keyword.internal.WebUIKeywordMain.runKeyword(WebUIKeywordMain.groovy:43)
	at com.kms.katalon.core.webui.keyword.builtin.SetTextKeyword.setText(SetTextKeyword.groovy:85)
	at com.kms.katalon.core.webui.keyword.builtin.SetTextKeyword.execute(SetTextKeyword.groovy:39)
	at com.kms.katalon.core.keyword.internal.KeywordExecutor.executeKeywordForPlatform(KeywordExecutor.groovy:74)
	at com.kms.katalon.core.webui.keyword.WebUiBuiltInKeywords.setText(WebUiBuiltInKeywords.groovy:1019)
	at com.kms.katalon.core.webui.keyword.WebUiBuiltInKeywords$setText$2.call(Unknown Source)
	at DES Login.run(DES Login:30)
	at com.kms.katalon.core.main.ScriptEngine.run(ScriptEngine.java:194)
	at com.kms.katalon.core.main.ScriptEngine.runScriptAsRawText(ScriptEngine.java:119)
	at com.kms.katalon.core.main.TestCaseExecutor.runScript(TestCaseExecutor.java:448)
	at com.kms.katalon.core.main.TestCaseExecutor.doExecute(TestCaseExecutor.java:439)
	at com.kms.katalon.core.main.TestCaseExecutor.processExecutionPhase(TestCaseExecutor.java:418)
	at com.kms.katalon.core.main.TestCaseExecutor.accessMainPhase(TestCaseExecutor.java:410)
	at com.kms.katalon.core.main.TestCaseExecutor.execute(TestCaseExecutor.java:285)
	at com.kms.katalon.core.main.TestCaseMain.runTestCase(TestCaseMain.java:137)
	at com.kms.katalon.core.keyword.builtin.CallTestCaseKeyword$_callTestCase_closure1.doCall(CallTestCaseKeyword.groovy:59)
	... 25 more
Caused by: org.openqa.selenium.WebDriverException: java.net.ConnectException: Failed to connect to localhost/[0:0:0:0:0:0:0:1]:58580
Build info: version: '3.141.59', revision: 'unknown', time: 'unknown'
System info: host: 'DC1ADOBLD01', ip: '10.2.20.71', os.name: 'Windows Server 2019', os.arch: 'amd64', os.version: '10.0', java.version: '17.0.7'
Driver info: driver.version: EventFiringWebDriver
	at org.openqa.selenium.remote.service.DriverCommandExecutor.execute(DriverCommandExecutor.java:92)
	at org.openqa.selenium.remote.RemoteWebDriver.execute(RemoteWebDriver.java:552)
	at com.kms.katalon.selenium.driver.CChromeDriver.execute(CChromeDriver.java:19)
	at org.openqa.selenium.remote.RemoteWebDriver.findElements(RemoteWebDriver.java:353)
	at org.openqa.selenium.remote.RemoteWebDriver.findElementsByXPath(RemoteWebDriver.java:432)
	at org.openqa.selenium.By$ByXPath.findElements(By.java:348)
	at org.openqa.selenium.remote.RemoteWebDriver.findElements(RemoteWebDriver.java:311)
	at jdk.internal.reflect.GeneratedMethodAccessor9.invoke(Unknown Source)
	at java.base/jdk.internal.reflect.DelegatingMethodAccessorImpl.invoke(DelegatingMethodAccessorImpl.java:43)
	at org.openqa.selenium.support.events.EventFiringWebDriver.lambda$new$1(EventFiringWebDriver.java:105)
	at jdk.proxy2/jdk.proxy2.$Proxy26.findElements(Unknown Source)
	at org.openqa.selenium.support.events.EventFiringWebDriver.findElements(EventFiringWebDriver.java:182)
	at com.kms.katalon.core.webui.common.WebUiCommonHelper.findElementByNormalMethods(WebUiCommonHelper.java:1033)
	at com.kms.katalon.core.webui.common.WebUiCommonHelper.findElementsBySelectedMethod(WebUiCommonHelper.java:924)
	at com.kms.katalon.core.webui.common.WebUiCommonHelper.findElementsBySelectedMethod(WebUiCommonHelper.java:906)
	at com.kms.katalon.core.webui.common.WebUiCommonHelper.findElementsBySelectedMethod(WebUiCommonHelper.java:901)
	at com.kms.katalon.core.webui.common.WebUiCommonHelper.findElementsByDefault(WebUiCommonHelper.java:897)
	at com.kms.katalon.core.webui.common.WebUiCommonHelper.findElementsWithSelfHealing(WebUiCommonHelper.java:743)
	at com.kms.katalon.core.webui.common.WebUiCommonHelper.findWebElements(WebUiCommonHelper.java:727)
	at com.kms.katalon.core.webui.common.WebUiCommonHelper.findWebElement(WebUiCommonHelper.java:1413)
	at com.kms.katalon.core.webui.keyword.internal.WebUIAbstractKeyword.findWebElement(WebUIAbstractKeyword.groovy:27)
	at com.kms.katalon.core.webui.keyword.internal.WebUIAbstractKeyword.findWebElement(WebUIAbstractKeyword.groovy:26)
	at com.kms.katalon.core.webui.keyword.builtin.SetTextKeyword$_setText_closure1.doCall(SetTextKeyword.groovy:53)
	at com.kms.katalon.core.webui.keyword.builtin.SetTextKeyword$_setText_closure1.call(SetTextKeyword.groovy)
	at com.kms.katalon.core.webui.keyword.internal.WebUIKeywordMain.runKeyword(WebUIKeywordMain.groovy:35)
	at com.kms.katalon.core.webui.keyword.builtin.SetTextKeyword.setText(SetTextKeyword.groovy:85)
	at com.kms.katalon.core.webui.keyword.builtin.SetTextKeyword.execute(SetTextKeyword.groovy:39)
	at com.kms.katalon.core.keyword.internal.KeywordExecutor.executeKeywordForPlatform(KeywordExecutor.groovy:74)
	at com.kms.katalon.core.webui.keyword.WebUiBuiltInKeywords.setText(WebUiBuiltInKeywords.groovy:1019)
	at com.kms.katalon.core.webui.keyword.WebUiBuiltInKeywords$setText$2.call(Unknown Source)
	at Script1749499513693.run(Script1749499513693.groovy:30)
	at com.kms.katalon.core.main.ScriptEngine.run(ScriptEngine.java:194)
	at com.kms.katalon.core.main.ScriptEngine.runScriptAsRawText(ScriptEngine.java:119)
	at com.kms.katalon.core.main.TestCaseExecutor.runScript(TestCaseExecutor.java:448)
	at com.kms.katalon.core.main.TestCaseExecutor.doExecute(TestCaseExecutor.java:439)
	at com.kms.katalon.core.main.TestCaseExecutor.processExecutionPhase(TestCaseExecutor.java:418)
	at com.kms.katalon.core.main.TestCaseExecutor.accessMainPhase(TestCaseExecutor.java:410)
	at com.kms.katalon.core.main.TestCaseExecutor.execute(TestCaseExecutor.java:285)
	at com.kms.katalon.core.main.TestCaseMain.runTestCase(TestCaseMain.java:137)
	at com.kms.katalon.core.keyword.builtin.CallTestCaseKeyword$_callTestCase_closure1.doCall(CallTestCaseKeyword.groovy:59)
	at com.kms.katalon.core.keyword.builtin.CallTestCaseKeyword$_callTestCase_closure1.call(CallTestCaseKeyword.groovy)
	at com.kms.katalon.core.keyword.internal.KeywordMain.runKeyword(KeywordMain.groovy:75)
	at com.kms.katalon.core.keyword.builtin.CallTestCaseKeyword.callTestCase(CallTestCaseKeyword.groovy:81)
	at com.kms.katalon.core.keyword.builtin.CallTestCaseKeyword.execute(CallTestCaseKeyword.groovy:44)
	at com.kms.katalon.core.keyword.internal.KeywordExecutor.executeKeywordForPlatform(KeywordExecutor.groovy:74)
	at com.kms.katalon.core.keyword.BuiltinKeywords.callTestCase(BuiltinKeywords.groovy:310)
	at jdk.internal.reflect.GeneratedMethodAccessor41.invoke(Unknown Source)
	at java.base/jdk.internal.reflect.DelegatingMethodAccessorImpl.invoke(DelegatingMethodAccessorImpl.java:43)
	at Script1683814729126.run(Script1683814729126.groovy:20)
	... 16 more
Caused by: java.net.ConnectException: Failed to connect to localhost/[0:0:0:0:0:0:0:1]:58580
	at okhttp3.internal.connection.RealConnection.connectSocket(RealConnection.java:247)
	at okhttp3.internal.connection.RealConnection.connect(RealConnection.java:165)
	at okhttp3.internal.connection.StreamAllocation.findConnection(StreamAllocation.java:257)
	at okhttp3.internal.connection.StreamAllocation.findHealthyConnection(StreamAllocation.java:135)
	at okhttp3.internal.connection.StreamAllocation.newStream(StreamAllocation.java:114)
	at okhttp3.internal.connection.ConnectInterceptor.intercept(ConnectInterceptor.java:42)
	at okhttp3.internal.http.RealInterceptorChain.proceed(RealInterceptorChain.java:147)
	at okhttp3.internal.http.RealInterceptorChain.proceed(RealInterceptorChain.java:121)
	at okhttp3.internal.cache.CacheInterceptor.intercept(CacheInterceptor.java:93)
	at okhttp3.internal.http.RealInterceptorChain.proceed(RealInterceptorChain.java:147)
	at okhttp3.internal.http.RealInterceptorChain.proceed(RealInterceptorChain.java:121)
	at okhttp3.internal.http.BridgeInterceptor.intercept(BridgeInterceptor.java:93)
	at okhttp3.internal.http.RealInterceptorChain.proceed(RealInterceptorChain.java:147)
	at okhttp3.internal.http.RetryAndFollowUpInterceptor.intercept(RetryAndFollowUpInterceptor.java:126)
	at okhttp3.internal.http.RealInterceptorChain.proceed(RealInterceptorChain.java:147)
	at okhttp3.internal.http.RealInterceptorChain.proceed(RealInterceptorChain.java:121)
	at okhttp3.RealCall.getResponseWithInterceptorChain(RealCall.java:200)
	at okhttp3.RealCall.execute(RealCall.java:77)
	at org.openqa.selenium.remote.internal.OkHttpClient.execute(OkHttpClient.java:103)
	at org.openqa.selenium.remote.HttpCommandExecutor.execute(HttpCommandExecutor.java:155)
	at org.openqa.selenium.remote.service.DriverCommandExecutor.execute(DriverCommandExecutor.java:83)
	... 64 more
Caused by: java.net.ConnectException: Connection refused: no further information
	at okhttp3.internal.platform.Platform.connectSocket(Platform.java:129)
	at okhttp3.internal.connection.RealConnection.connectSocket(RealConnection.java:245)
	at okhttp3.internal.connection.RealConnection.connect(RealConnection.java:165)
	at okhttp3.internal.connection.StreamAllocation.findConnection(StreamAllocation.java:257)
	at okhttp3.internal.connection.StreamAllocation.findHealthyConnection(StreamAllocation.java:135)
	at okhttp3.internal.connection.StreamAllocation.newStream(StreamAllocation.java:114)
	at okhttp3.internal.connection.ConnectInterceptor.intercept(ConnectInterceptor.java:42)
	at okhttp3.internal.http.RealInterceptorChain.proceed(RealInterceptorChain.java:147)
	at okhttp3.internal.http.RealInterceptorChain.proceed(RealInterceptorChain.java:121)
	at okhttp3.internal.cache.CacheInterceptor.intercept(CacheInterceptor.java:93)
	at okhttp3.internal.http.RealInterceptorChain.proceed(RealInterceptorChain.java:147)
	at okhttp3.internal.http.RealInterceptorChain.proceed(RealInterceptorChain.java:121)
	at okhttp3.internal.http.BridgeInterceptor.intercept(BridgeInterceptor.java:93)
	at okhttp3.internal.http.RealInterceptorChain.proceed(RealInterceptorChain.java:147)
	at okhttp3.internal.http.RetryAndFollowUpInterceptor.intercept(RetryAndFollowUpInterceptor.java:126)
	at okhttp3.internal.http.RealInterceptorChain.proceed(RealInterceptorChain.java:147)
	at okhttp3.internal.http.RealInterceptorChain.proceed(RealInterceptorChain.java:121)
	at okhttp3.RealCall.getResponseWithInterceptorChain(RealCall.java:200)
	at okhttp3.RealCall.execute(RealCall.java:77)
	at org.openqa.selenium.remote.internal.OkHttpClient.execute(OkHttpClient.java:103)
	at org.openqa.selenium.remote.HttpCommandExecutor.execute(HttpCommandExecutor.java:155)
	at org.openqa.selenium.remote.service.DriverCommandExecutor.execute(DriverCommandExecutor.java:83)
	at org.openqa.selenium.remote.RemoteWebDriver.execute(RemoteWebDriver.java:552)
	at com.kms.katalon.selenium.driver.CChromeDriver.execute(CChromeDriver.java:19)
	at org.openqa.selenium.remote.RemoteWebDriver.findElements(RemoteWebDriver.java:353)
	at org.openqa.selenium.remote.RemoteWebDriver.findElementsByXPath(RemoteWebDriver.java:432)
	at org.openqa.selenium.By$ByXPath.findElements(By.java:348)
	at org.openqa.selenium.remote.RemoteWebDriver.findElements(RemoteWebDriver.java:311)
	at jdk.internal.reflect.GeneratedMethodAccessor9.invoke(Unknown Source)
	at java.base/jdk.internal.reflect.DelegatingMethodAccessorImpl.invoke(DelegatingMethodAccessorImpl.java:43)
	at org.openqa.selenium.support.events.EventFiringWebDriver.lambda$new$1(EventFiringWebDriver.java:105)
	at jdk.proxy2/jdk.proxy2.$Proxy26.findElements(Unknown Source)
	at org.openqa.selenium.support.events.EventFiringWebDriver.findElements(EventFiringWebDriver.java:182)
	at com.kms.katalon.core.webui.common.WebUiCommonHelper.findElementByNormalMethods(WebUiCommonHelper.java:1033)
	at com.kms.katalon.core.webui.common.WebUiCommonHelper.findElementsBySelectedMethod(WebUiCommonHelper.java:924)
	at com.kms.katalon.core.webui.common.WebUiCommonHelper.findElementsBySelectedMethod(WebUiCommonHelper.java:906)
	at com.kms.katalon.core.webui.common.WebUiCommonHelper.findElementsBySelectedMethod(WebUiCommonHelper.java:901)
	at com.kms.katalon.core.webui.common.WebUiCommonHelper.findElementsByDefault(WebUiCommonHelper.java:897)
	at com.kms.katalon.core.webui.common.WebUiCommonHelper.findElementsWithSelfHealing(WebUiCommonHelper.java:743)
	at com.kms.katalon.core.webui.common.WebUiCommonHelper.findWebElements(WebUiCommonHelper.java:727)
	at com.kms.katalon.core.webui.common.WebUiCommonHelper.findWebElement(WebUiCommonHelper.java:1413)
	at com.kms.katalon.core.webui.keyword.internal.WebUIAbstractKeyword.findWebElement(WebUIAbstractKeyword.groovy:27)
	at com.kms.katalon.core.webui.keyword.internal.WebUIAbstractKeyword.findWebElement(WebUIAbstractKeyword.groovy:26)
	at com.kms.katalon.core.webui.keyword.builtin.SetTextKeyword$_setText_closure1.doCall(SetTextKeyword.groovy:53)
	at com.kms.katalon.core.webui.keyword.builtin.SetTextKeyword$_setText_closure1.call(SetTextKeyword.groovy)
	at com.kms.katalon.core.webui.keyword.internal.WebUIKeywordMain.runKeyword(WebUIKeywordMain.groovy:35)
	at com.kms.katalon.core.webui.keyword.builtin.SetTextKeyword.setText(SetTextKeyword.groovy:85)
	at com.kms.katalon.core.webui.keyword.builtin.SetTextKeyword.execute(SetTextKeyword.groovy:39)
	at com.kms.katalon.core.keyword.internal.KeywordExecutor.executeKeywordForPlatform(KeywordExecutor.groovy:74)
	at com.kms.katalon.core.webui.keyword.WebUiBuiltInKeywords.setText(WebUiBuiltInKeywords.groovy:1019)
	at com.kms.katalon.core.webui.keyword.WebUiBuiltInKeywords$setText$2.call(Unknown Source)
	at DES Login.run(DES Login:30)
	at com.kms.katalon.core.main.ScriptEngine.run(ScriptEngine.java:194)
	at com.kms.katalon.core.main.ScriptEngine.runScriptAsRawText(ScriptEngine.java:119)
	at com.kms.katalon.core.main.TestCaseExecutor.runScript(TestCaseExecutor.java:448)
	at com.kms.katalon.core.main.TestCaseExecutor.doExecute(TestCaseExecutor.java:439)
	at com.kms.katalon.core.main.TestCaseExecutor.processExecutionPhase(TestCaseExecutor.java:418)
	at com.kms.katalon.core.main.TestCaseExecutor.accessMainPhase(TestCaseExecutor.java:410)
	at com.kms.katalon.core.main.TestCaseExecutor.execute(TestCaseExecutor.java:285)
	at com.kms.katalon.core.main.TestCaseMain.runTestCase(TestCaseMain.java:137)
	at com.kms.katalon.core.keyword.builtin.CallTestCaseKeyword$_callTestCase_closure1.doCall(CallTestCaseKeyword.groovy:59)
	at com.kms.katalon.core.keyword.builtin.CallTestCaseKeyword$_callTestCase_closure1.call(CallTestCaseKeyword.groovy)
	at com.kms.katalon.core.keyword.internal.KeywordMain.runKeyword(KeywordMain.groovy:75)
	at com.kms.katalon.core.keyword.builtin.CallTestCaseKeyword.callTestCase(CallTestCaseKeyword.groovy:81)
	at com.kms.katalon.core.keyword.builtin.CallTestCaseKeyword.execute(CallTestCaseKeyword.groovy:44)
	at com.kms.katalon.core.keyword.internal.KeywordExecutor.executeKeywordForPlatform(KeywordExecutor.groovy:74)
	at com.kms.katalon.core.keyword.BuiltinKeywords.callTestCase(BuiltinKeywords.groovy:310)
	at jdk.internal.reflect.GeneratedMethodAccessor41.invoke(Unknown Source)
	at java.base/jdk.internal.reflect.DelegatingMethodAccessorImpl.invoke(DelegatingMethodAccessorImpl.java:43)
	at AddFIN-INVOutboundSubscription.run(AddFIN-INVOutboundSubscription:20)
	... 16 more]]></system-err>
      </testcase>
      <testcase name="Test Cases/DES/Trading Partners Page/Subscription/Outbound/AddInventoryOutboundSubscription" time="48.264" classname="Test Cases/DES/Trading Partners Page/Subscription/Outbound/AddInventoryOutboundSubscription" status="PASSED">
         <system-out><![CDATA[21-10-2025T19:01:03 - [TEST_CASE][PASSED] - Test Cases/DES/Trading Partners Page/Subscription/Outbound/AddInventoryOutboundSubscription: Test Cases/DES/Trading Partners Page/Subscription/Outbound/AddInventoryOutboundSubscription

21-10-2025T19:01:03 - [TEST_STEP][PASSED] - Start listener action : beforeTestCase: null

21-10-2025T19:01:03 - [TEST_STEP][PASSED] - addDefaultPackages(): null

21-10-2025T19:01:03 - [TEST_STEP][PASSED] - callTestCase(findTestCase("DES/DES Login"), [:], STOP_ON_FAILURE): Call Test Case 'Test Cases/DES/DES Login' successfully

21-10-2025T19:01:03 - [TEST_CASE][PASSED] - Test Cases/DES/DES Login: Test Cases/DES/DES Login

21-10-2025T19:01:03 - [TEST_STEP][PASSED] - openBrowser(""): Browser is opened with url: ''

21-10-2025T19:01:03 - [MESSAGE][INFO] - Starting 'Chrome' driver

21-10-2025T19:01:03 - [MESSAGE][INFO] - User set preference: ['args', '[--no-sandbox, --disable-gpu, --disable-dev-shm-usage]']

21-10-2025T19:01:03 - [MESSAGE][INFO] - Action delay is set to 0 milliseconds

21-10-2025T19:01:04 - [MESSAGE][PASSED] - Browser is opened with url: ''

21-10-2025T19:01:04 - [TEST_STEP][PASSED] - maximizeWindow(): Current window maximized

21-10-2025T19:01:04 - [MESSAGE][PASSED] - Current window maximized

21-10-2025T19:01:04 - [TEST_STEP][PASSED] - delay(10): Delayed 10 second(s)

21-10-2025T19:01:14 - [MESSAGE][PASSED] - Delayed 10 second(s)

21-10-2025T19:01:14 - [TEST_STEP][PASSED] - navigateToUrl("https://dx-portal.qa.thekag.com/"): Navigate to 'https://dx-portal.qa.thekag.com/' successfully

21-10-2025T19:01:14 - [MESSAGE][PASSED] - Navigate to 'https://dx-portal.qa.thekag.com/' successfully

21-10-2025T19:01:14 - [TEST_STEP][PASSED] - delay(5): Delayed 5 second(s)

21-10-2025T19:01:19 - [MESSAGE][PASSED] - Delayed 5 second(s)

21-10-2025T19:01:19 - [TEST_STEP][PASSED] - setText(findTestObject("Object Repository/Page_IdentityServer4/input_Username (e.g. email address)_Username"), "Chris.Sheldon+DES_QA@Thekag.com"): Text 'Chris.Sheldon+DES_QA@Thekag.com' is set on object 'Object Repository/Page_IdentityServer4/input_Username (e.g. email address)_Username'

21-10-2025T19:01:19 - [MESSAGE][PASSED] - Text 'Chris.Sheldon+DES_QA@Thekag.com' is set on object 'Object Repository/Page_IdentityServer4/input_Username (e.g. email address)_Username'

21-10-2025T19:01:19 - [TEST_STEP][PASSED] - setEncryptedText(findTestObject("Page_IdentityServer4/input_Password_Password"), "BtpyPJuZxPz9EFo3Zi2c4Q=="): Text ****** has been set on object 'Object Repository/Page_IdentityServer4/input_Password_Password'

21-10-2025T19:01:19 - [MESSAGE][PASSED] - Text ****** has been set on object 'Object Repository/Page_IdentityServer4/input_Password_Password'

21-10-2025T19:01:19 - [TEST_STEP][PASSED] - click(findTestObject("Object Repository/Page_IdentityServer4/button_Login")): Object: 'Object Repository/Page_IdentityServer4/button_Login' is clicked on

21-10-2025T19:01:19 - [MESSAGE][PASSED] - Object: 'Object Repository/Page_IdentityServer4/button_Login' is clicked on

21-10-2025T19:01:19 - [TEST_STEP][PASSED] - delay(5): Delayed 5 second(s)

21-10-2025T19:01:24 - [MESSAGE][PASSED] - Delayed 5 second(s)

21-10-2025T19:01:24 - [MESSAGE][PASSED] - Call Test Case 'Test Cases/DES/DES Login' successfully

21-10-2025T19:01:24 - [TEST_STEP][PASSED] - setText(findTestObject("Object Repository/DES/Trading Partners Page/Search Trading Partner_input_txt"), "Katalon Trading"): Text 'Katalon Trading' is set on object 'Object Repository/DES/Trading Partners Page/Search Trading Partner_input_txt'

21-10-2025T19:01:25 - [MESSAGE][PASSED] - Text 'Katalon Trading' is set on object 'Object Repository/DES/Trading Partners Page/Search Trading Partner_input_txt'

21-10-2025T19:01:25 - [TEST_STEP][PASSED] - delay(5): Delayed 5 second(s)

21-10-2025T19:01:30 - [MESSAGE][PASSED] - Delayed 5 second(s)

21-10-2025T19:01:30 - [TEST_STEP][PASSED] - click(findTestObject("Object Repository/DES/TradingPartners/Katalon Trading TP View_btn")): Object: 'Object Repository/DES/TradingPartners/Katalon Trading TP View_btn' is clicked on

21-10-2025T19:01:30 - [MESSAGE][PASSED] - Object: 'Object Repository/DES/TradingPartners/Katalon Trading TP View_btn' is clicked on

21-10-2025T19:01:30 - [TEST_STEP][PASSED] - delay(3): Delayed 3 second(s)

21-10-2025T19:01:33 - [MESSAGE][PASSED] - Delayed 3 second(s)

21-10-2025T19:01:33 - [TEST_STEP][PASSED] - click(findTestObject("Object Repository/DES/TradingPartners/Subscription/Subscription Tab")): Object: 'Object Repository/DES/TradingPartners/Subscription/Subscription Tab' is clicked on

21-10-2025T19:01:33 - [MESSAGE][PASSED] - Object: 'Object Repository/DES/TradingPartners/Subscription/Subscription Tab' is clicked on

21-10-2025T19:01:33 - [TEST_STEP][PASSED] - delay(3): Delayed 3 second(s)

21-10-2025T19:01:36 - [MESSAGE][PASSED] - Delayed 3 second(s)

21-10-2025T19:01:36 - [TEST_STEP][PASSED] - click(findTestObject("Object Repository/Page_data-exchange/button_Add Subscription")): Object: 'Object Repository/Page_data-exchange/button_Add Subscription' is clicked on

21-10-2025T19:01:36 - [MESSAGE][PASSED] - Object: 'Object Repository/Page_data-exchange/button_Add Subscription' is clicked on

21-10-2025T19:01:36 - [TEST_STEP][PASSED] - delay(3): Delayed 3 second(s)

21-10-2025T19:01:39 - [MESSAGE][PASSED] - Delayed 3 second(s)

21-10-2025T19:01:39 - [TEST_STEP][PASSED] - selectOptionByValue(findTestObject("Object Repository/DES/Page_data-exchange/select_Select a Transaction TypeFinancial D_b064cf"), "15", true): All options with value '15' are selected in object 'Object Repository/DES/Page_data-exchange/select_Select a Transaction TypeFinancial D_b064cf'  using regular expression

21-10-2025T19:01:39 - [MESSAGE][PASSED] - All options with value '15' are selected in object 'Object Repository/DES/Page_data-exchange/select_Select a Transaction TypeFinancial D_b064cf'  using regular expression

21-10-2025T19:01:39 - [TEST_STEP][PASSED] - delay(3): Delayed 3 second(s)

21-10-2025T19:01:42 - [MESSAGE][PASSED] - Delayed 3 second(s)

21-10-2025T19:01:42 - [TEST_STEP][PASSED] - selectOptionByValue(findTestObject("Object Repository/DES/Page_data-exchange/select_Select.InboundOutbound"), "out", true): All options with value 'out' are selected in object 'Object Repository/DES/Page_data-exchange/select_Select.InboundOutbound'  using regular expression

21-10-2025T19:01:42 - [MESSAGE][PASSED] - All options with value 'out' are selected in object 'Object Repository/DES/Page_data-exchange/select_Select.InboundOutbound'  using regular expression

21-10-2025T19:01:42 - [TEST_STEP][PASSED] - delay(3): Delayed 3 second(s)

21-10-2025T19:01:45 - [MESSAGE][PASSED] - Delayed 3 second(s)

21-10-2025T19:01:45 - [TEST_STEP][PASSED] - selectOptionByValue(findTestObject("Object Repository/DES/Page_data-exchange/select_Select.Real TimeScheduled"), "true", true): All options with value 'true' are selected in object 'Object Repository/DES/Page_data-exchange/select_Select.Real TimeScheduled'  using regular expression

21-10-2025T19:01:46 - [MESSAGE][PASSED] - All options with value 'true' are selected in object 'Object Repository/DES/Page_data-exchange/select_Select.Real TimeScheduled'  using regular expression

21-10-2025T19:01:46 - [TEST_STEP][PASSED] - click(findTestObject("Object Repository/DES/Page_data-exchange/button_Save")): Object: 'Object Repository/DES/Page_data-exchange/button_Save' is clicked on

21-10-2025T19:01:46 - [MESSAGE][PASSED] - Object: 'Object Repository/DES/Page_data-exchange/button_Save' is clicked on

21-10-2025T19:01:46 - [TEST_STEP][PASSED] - delay(5): Delayed 5 second(s)

21-10-2025T19:01:51 - [MESSAGE][PASSED] - Delayed 5 second(s)

21-10-2025T19:01:51 - [TEST_STEP][PASSED] - verifyElementText(findTestObject("Object Repository/DES/Page_data-exchange/h3_Inventory Management (Inventory)"), "Inventory Management (Inventory)"): Actual text and expected text of test object 'Object Repository/DES/Page_data-exchange/h3_Inventory Management (Inventory)' are matched.

21-10-2025T19:01:51 - [MESSAGE][PASSED] - Actual text and expected text of test object 'Object Repository/DES/Page_data-exchange/h3_Inventory Management (Inventory)' are matched.

21-10-2025T19:01:51 - [TEST_STEP][PASSED] - verifyElementText(findTestObject("Object Repository/DES/Page_data-exchange/span_Outbound"), "Outbound"): Actual text and expected text of test object 'Object Repository/DES/Page_data-exchange/span_Outbound' are matched.

21-10-2025T19:01:51 - [MESSAGE][PASSED] - Actual text and expected text of test object 'Object Repository/DES/Page_data-exchange/span_Outbound' are matched.

21-10-2025T19:01:51 - [TEST_STEP][PASSED] - closeBrowser(): Browser is closed

21-10-2025T19:01:51 - [MESSAGE][PASSED] - Browser is closed

21-10-2025T19:01:51 - [TEST_STEP][PASSED] - Start listener action : retryOnDisconnect: null

21-10-2025T19:01:51 - [TEST_STEP][PASSED] - tcId = testCaseContext.getTestCaseId(): null

21-10-2025T19:01:51 - [TEST_STEP][PASSED] - currentRetry = retryCounts.getOrDefault(tcId, 0): null

21-10-2025T19:01:51 - [TEST_STEP][PASSED] - if (testCaseContext.getTestCaseStatus() == "FAILED" && currentRetry < MAX_RETRIES): null]]></system-out>
         <system-err><![CDATA[]]></system-err>
      </testcase>
      <testcase name="Test Cases/DES/Trading Partners Page/Subscription/Outbound/AddINVOutboundSubscription" time="49.033" classname="Test Cases/DES/Trading Partners Page/Subscription/Outbound/AddINVOutboundSubscription" status="PASSED">
         <system-out><![CDATA[21-10-2025T19:01:51 - [TEST_CASE][PASSED] - Test Cases/DES/Trading Partners Page/Subscription/Outbound/AddINVOutboundSubscription: Test Cases/DES/Trading Partners Page/Subscription/Outbound/AddINVOutboundSubscription

21-10-2025T19:01:51 - [TEST_STEP][PASSED] - Start listener action : beforeTestCase: null

21-10-2025T19:01:51 - [TEST_STEP][PASSED] - addDefaultPackages(): null

21-10-2025T19:01:51 - [TEST_STEP][PASSED] - callTestCase(findTestCase("DES/DES Login"), [:], STOP_ON_FAILURE): Call Test Case 'Test Cases/DES/DES Login' successfully

21-10-2025T19:01:51 - [TEST_CASE][PASSED] - Test Cases/DES/DES Login: Test Cases/DES/DES Login

21-10-2025T19:01:51 - [TEST_STEP][PASSED] - openBrowser(""): Browser is opened with url: ''

21-10-2025T19:01:51 - [MESSAGE][INFO] - Starting 'Chrome' driver

21-10-2025T19:01:51 - [MESSAGE][INFO] - User set preference: ['args', '[--no-sandbox, --disable-gpu, --disable-dev-shm-usage]']

21-10-2025T19:01:51 - [MESSAGE][INFO] - Action delay is set to 0 milliseconds

21-10-2025T19:01:52 - [MESSAGE][PASSED] - Browser is opened with url: ''

21-10-2025T19:01:52 - [TEST_STEP][PASSED] - maximizeWindow(): Current window maximized

21-10-2025T19:01:52 - [MESSAGE][PASSED] - Current window maximized

21-10-2025T19:01:52 - [TEST_STEP][PASSED] - delay(10): Delayed 10 second(s)

21-10-2025T19:02:02 - [MESSAGE][PASSED] - Delayed 10 second(s)

21-10-2025T19:02:02 - [TEST_STEP][PASSED] - navigateToUrl("https://dx-portal.qa.thekag.com/"): Navigate to 'https://dx-portal.qa.thekag.com/' successfully

21-10-2025T19:02:02 - [MESSAGE][PASSED] - Navigate to 'https://dx-portal.qa.thekag.com/' successfully

21-10-2025T19:02:02 - [TEST_STEP][PASSED] - delay(5): Delayed 5 second(s)

21-10-2025T19:02:07 - [MESSAGE][PASSED] - Delayed 5 second(s)

21-10-2025T19:02:07 - [TEST_STEP][PASSED] - setText(findTestObject("Object Repository/Page_IdentityServer4/input_Username (e.g. email address)_Username"), "Chris.Sheldon+DES_QA@Thekag.com"): Text 'Chris.Sheldon+DES_QA@Thekag.com' is set on object 'Object Repository/Page_IdentityServer4/input_Username (e.g. email address)_Username'

21-10-2025T19:02:07 - [MESSAGE][PASSED] - Text 'Chris.Sheldon+DES_QA@Thekag.com' is set on object 'Object Repository/Page_IdentityServer4/input_Username (e.g. email address)_Username'

21-10-2025T19:02:07 - [TEST_STEP][PASSED] - setEncryptedText(findTestObject("Page_IdentityServer4/input_Password_Password"), "BtpyPJuZxPz9EFo3Zi2c4Q=="): Text ****** has been set on object 'Object Repository/Page_IdentityServer4/input_Password_Password'

21-10-2025T19:02:08 - [MESSAGE][PASSED] - Text ****** has been set on object 'Object Repository/Page_IdentityServer4/input_Password_Password'

21-10-2025T19:02:08 - [TEST_STEP][PASSED] - click(findTestObject("Object Repository/Page_IdentityServer4/button_Login")): Object: 'Object Repository/Page_IdentityServer4/button_Login' is clicked on

21-10-2025T19:02:08 - [MESSAGE][PASSED] - Object: 'Object Repository/Page_IdentityServer4/button_Login' is clicked on

21-10-2025T19:02:08 - [TEST_STEP][PASSED] - delay(5): Delayed 5 second(s)

21-10-2025T19:02:13 - [MESSAGE][PASSED] - Delayed 5 second(s)

21-10-2025T19:02:13 - [MESSAGE][PASSED] - Call Test Case 'Test Cases/DES/DES Login' successfully

21-10-2025T19:02:13 - [TEST_STEP][PASSED] - setText(findTestObject("Object Repository/DES/Trading Partners Page/Search Trading Partner_input_txt"), "Katalon Trading"): Text 'Katalon Trading' is set on object 'Object Repository/DES/Trading Partners Page/Search Trading Partner_input_txt'

21-10-2025T19:02:13 - [MESSAGE][PASSED] - Text 'Katalon Trading' is set on object 'Object Repository/DES/Trading Partners Page/Search Trading Partner_input_txt'

21-10-2025T19:02:13 - [TEST_STEP][PASSED] - delay(5): Delayed 5 second(s)

21-10-2025T19:02:18 - [MESSAGE][PASSED] - Delayed 5 second(s)

21-10-2025T19:02:18 - [TEST_STEP][PASSED] - click(findTestObject("Object Repository/DES/TradingPartners/Katalon Trading TP View_btn")): Object: 'Object Repository/DES/TradingPartners/Katalon Trading TP View_btn' is clicked on

21-10-2025T19:02:18 - [MESSAGE][PASSED] - Object: 'Object Repository/DES/TradingPartners/Katalon Trading TP View_btn' is clicked on

21-10-2025T19:02:18 - [TEST_STEP][PASSED] - delay(3): Delayed 3 second(s)

21-10-2025T19:02:21 - [MESSAGE][PASSED] - Delayed 3 second(s)

21-10-2025T19:02:21 - [TEST_STEP][PASSED] - click(findTestObject("Object Repository/DES/TradingPartners/Subscription/Subscription Tab")): Object: 'Object Repository/DES/TradingPartners/Subscription/Subscription Tab' is clicked on

21-10-2025T19:02:22 - [MESSAGE][PASSED] - Object: 'Object Repository/DES/TradingPartners/Subscription/Subscription Tab' is clicked on

21-10-2025T19:02:22 - [TEST_STEP][PASSED] - delay(3): Delayed 3 second(s)

21-10-2025T19:02:25 - [MESSAGE][PASSED] - Delayed 3 second(s)

21-10-2025T19:02:25 - [TEST_STEP][PASSED] - click(findTestObject("Object Repository/Page_data-exchange/button_Add Subscription")): Object: 'Object Repository/Page_data-exchange/button_Add Subscription' is clicked on

21-10-2025T19:02:25 - [MESSAGE][PASSED] - Object: 'Object Repository/Page_data-exchange/button_Add Subscription' is clicked on

21-10-2025T19:02:25 - [TEST_STEP][PASSED] - selectOptionByIndex(findTestObject("DES/Trading Partners Page/Subscription/Subscription Transaction Type_dropdown"), "7", STOP_ON_FAILURE): All options with index in [7] are selected on object 'Object Repository/DES/Trading Partners Page/Subscription/Subscription Transaction Type_dropdown'

21-10-2025T19:02:26 - [MESSAGE][PASSED] - All options with index in [7] are selected on object 'Object Repository/DES/Trading Partners Page/Subscription/Subscription Transaction Type_dropdown'

21-10-2025T19:02:26 - [TEST_STEP][PASSED] - selectOptionByIndex(findTestObject("DES/Trading Partners Page/Subscription/Direction_dropdown"), "2", STOP_ON_FAILURE): All options with index in [2] are selected on object 'Object Repository/DES/Trading Partners Page/Subscription/Direction_dropdown'

21-10-2025T19:02:26 - [MESSAGE][PASSED] - All options with index in [2] are selected on object 'Object Repository/DES/Trading Partners Page/Subscription/Direction_dropdown'

21-10-2025T19:02:26 - [TEST_STEP][PASSED] - selectOptionByIndex(findTestObject("DES/Trading Partners Page/Subscription/Delivery_dropdown"), "2", STOP_ON_FAILURE): All options with index in [2] are selected on object 'Object Repository/DES/Trading Partners Page/Subscription/Delivery_dropdown'

21-10-2025T19:02:26 - [MESSAGE][PASSED] - All options with index in [2] are selected on object 'Object Repository/DES/Trading Partners Page/Subscription/Delivery_dropdown'

21-10-2025T19:02:26 - [TEST_STEP][PASSED] - setText(findTestObject("DES/Trading Partners Page/Subscription/Description_txt"), "Katalon UI scripting"): Text 'Katalon UI scripting' is set on object 'Object Repository/DES/Trading Partners Page/Subscription/Description_txt'

21-10-2025T19:02:26 - [MESSAGE][PASSED] - Text 'Katalon UI scripting' is set on object 'Object Repository/DES/Trading Partners Page/Subscription/Description_txt'

21-10-2025T19:02:26 - [TEST_STEP][PASSED] - delay(2): Delayed 2 second(s)

21-10-2025T19:02:28 - [MESSAGE][PASSED] - Delayed 2 second(s)

21-10-2025T19:02:28 - [TEST_STEP][PASSED] - click(findTestObject("DES/Trading Partners Page/Subscription/Transaction SubTypes/Transaction SubType_dropdown")): Object: 'Object Repository/DES/Trading Partners Page/Subscription/Transaction SubTypes/Transaction SubType_dropdown' is clicked on

21-10-2025T19:02:29 - [MESSAGE][PASSED] - Object: 'Object Repository/DES/Trading Partners Page/Subscription/Transaction SubTypes/Transaction SubType_dropdown' is clicked on

21-10-2025T19:02:29 - [TEST_STEP][PASSED] - delay(2): Delayed 2 second(s)

21-10-2025T19:02:31 - [MESSAGE][PASSED] - Delayed 2 second(s)

21-10-2025T19:02:31 - [TEST_STEP][PASSED] - click(findTestObject("DES/Trading Partners Page/Subscription/Transaction SubTypes/Invoice_SubType_Credit_option"), STOP_ON_FAILURE): Object: 'Object Repository/DES/Trading Partners Page/Subscription/Transaction SubTypes/Invoice_SubType_Credit_option' is clicked on

21-10-2025T19:02:31 - [MESSAGE][PASSED] - Object: 'Object Repository/DES/Trading Partners Page/Subscription/Transaction SubTypes/Invoice_SubType_Credit_option' is clicked on

21-10-2025T19:02:31 - [TEST_STEP][PASSED] - delay(2): Delayed 2 second(s)

21-10-2025T19:02:33 - [MESSAGE][PASSED] - Delayed 2 second(s)

21-10-2025T19:02:33 - [TEST_STEP][PASSED] - click(findTestObject("DES/Trading Partners Page/Subscription/Transaction SubTypes/Invoice_SubType_Rebill_option"), STOP_ON_FAILURE): Object: 'Object Repository/DES/Trading Partners Page/Subscription/Transaction SubTypes/Invoice_SubType_Rebill_option' is clicked on

21-10-2025T19:02:33 - [MESSAGE][PASSED] - Object: 'Object Repository/DES/Trading Partners Page/Subscription/Transaction SubTypes/Invoice_SubType_Rebill_option' is clicked on

21-10-2025T19:02:33 - [TEST_STEP][PASSED] - delay(2): Delayed 2 second(s)

21-10-2025T19:02:35 - [MESSAGE][PASSED] - Delayed 2 second(s)

21-10-2025T19:02:35 - [TEST_STEP][PASSED] - click(findTestObject("DES/Trading Partners Page/Subscription/Save_btn")): Object: 'Object Repository/DES/Trading Partners Page/Subscription/Save_btn' is clicked on

21-10-2025T19:02:35 - [MESSAGE][PASSED] - Object: 'Object Repository/DES/Trading Partners Page/Subscription/Save_btn' is clicked on

21-10-2025T19:02:35 - [TEST_STEP][PASSED] - delay(5): Delayed 5 second(s)

21-10-2025T19:02:40 - [MESSAGE][PASSED] - Delayed 5 second(s)

21-10-2025T19:02:40 - [TEST_STEP][PASSED] - Start listener action : retryOnDisconnect: null

21-10-2025T19:02:40 - [TEST_STEP][PASSED] - tcId = testCaseContext.getTestCaseId(): null

21-10-2025T19:02:40 - [TEST_STEP][PASSED] - currentRetry = retryCounts.getOrDefault(tcId, 0): null

21-10-2025T19:02:40 - [TEST_STEP][PASSED] - if (testCaseContext.getTestCaseStatus() == "FAILED" && currentRetry < MAX_RETRIES): null]]></system-out>
         <system-err><![CDATA[]]></system-err>
      </testcase>
      <testcase name="Test Cases/DES/Trading Partners Page/Subscription/Outbound/AddLTRSubscription" time="0.158" classname="Test Cases/DES/Trading Partners Page/Subscription/Outbound/AddLTRSubscription" status="FAILED">
         <failure type="FAILED" message="Test Cases/DES/Trading Partners Page/Subscription/Outbound/AddLTRSubscription FAILED.&#xa;Reason:&#xa;com.kms.katalon.core.exception.StepFailedException: Call Test Case 'Test Cases/DES/DES Login' failed&#xa;	at com.kms.katalon.core.keyword.builtin.CallTestCaseKeyword$_callTestCase_closure1.doCall(CallTestCaseKeyword.groovy:63)&#xa;	at com.kms.katalon.core.keyword.builtin.CallTestCaseKeyword$_callTestCase_closure1.call(CallTestCaseKeyword.groovy)&#xa;	at com.kms.katalon.core.keyword.internal.KeywordMain.runKeyword(KeywordMain.groovy:75)&#xa;	at com.kms.katalon.core.keyword.builtin.CallTestCaseKeyword.callTestCase(CallTestCaseKeyword.groovy:81)&#xa;	at com.kms.katalon.core.keyword.builtin.CallTestCaseKeyword.execute(CallTestCaseKeyword.groovy:44)&#xa;	at com.kms.katalon.core.keyword.internal.KeywordExecutor.executeKeywordForPlatform(KeywordExecutor.groovy:74)&#xa;	at com.kms.katalon.core.keyword.BuiltinKeywords.callTestCase(BuiltinKeywords.groovy:310)&#xa;	at jdk.internal.reflect.GeneratedMethodAccessor41.invoke(Unknown Source)&#xa;	at java.base/jdk.internal.reflect.DelegatingMethodAccessorImpl.invoke(DelegatingMethodAccessorImpl.java:43)&#xa;	at AddLTRSubscription.run(AddLTRSubscription:20)&#xa;	at com.kms.katalon.core.main.ScriptEngine.run(ScriptEngine.java:194)&#xa;	at com.kms.katalon.core.main.ScriptEngine.runScriptAsRawText(ScriptEngine.java:119)&#xa;	at com.kms.katalon.core.main.TestCaseExecutor.runScript(TestCaseExecutor.java:448)&#xa;	at com.kms.katalon.core.main.TestCaseExecutor.doExecute(TestCaseExecutor.java:439)&#xa;	at com.kms.katalon.core.main.TestCaseExecutor.processExecutionPhase(TestCaseExecutor.java:418)&#xa;	at com.kms.katalon.core.main.TestCaseExecutor.accessMainPhase(TestCaseExecutor.java:410)&#xa;	at com.kms.katalon.core.main.TestCaseExecutor.execute(TestCaseExecutor.java:285)&#xa;	at com.kms.katalon.core.common.CommonExecutor.accessTestCaseMainPhase(CommonExecutor.java:65)&#xa;	at com.kms.katalon.core.main.TestSuiteExecutor.accessTestSuiteMainPhase(TestSuiteExecutor.java:150)&#xa;	at com.kms.katalon.core.main.TestSuiteExecutor.execute(TestSuiteExecutor.java:106)&#xa;	at com.kms.katalon.core.main.TestCaseMain.startTestSuite(TestCaseMain.java:180)&#xa;	at com.kms.katalon.core.main.TestCaseMain$startTestSuite$0.call(Unknown Source)&#xa;	at TempTestSuite1761084128061.run(TempTestSuite1761084128061.groovy:35)&#xa;	at java.base/jdk.internal.reflect.NativeMethodAccessorImpl.invoke0(Native Method)&#xa;	at java.base/jdk.internal.reflect.NativeMethodAccessorImpl.invoke(NativeMethodAccessorImpl.java:77)&#xa;	at java.base/jdk.internal.reflect.DelegatingMethodAccessorImpl.invoke(DelegatingMethodAccessorImpl.java:43)&#xa;Caused by: com.kms.katalon.core.exception.StepFailedException: Unable to open browser with url: ''&#xa;	at com.kms.katalon.core.webui.keyword.internal.WebUIKeywordMain.stepFailed(WebUIKeywordMain.groovy:117)&#xa;	at com.kms.katalon.core.webui.keyword.internal.WebUIKeywordMain.runKeyword(WebUIKeywordMain.groovy:43)&#xa;	at com.kms.katalon.core.webui.keyword.builtin.OpenBrowserKeyword.openBrowser(OpenBrowserKeyword.groovy:82)&#xa;	at com.kms.katalon.core.webui.keyword.builtin.OpenBrowserKeyword.execute(OpenBrowserKeyword.groovy:68)&#xa;	at com.kms.katalon.core.keyword.internal.KeywordExecutor.executeKeywordForPlatform(KeywordExecutor.groovy:74)&#xa;	at com.kms.katalon.core.webui.keyword.WebUiBuiltInKeywords.openBrowser(WebUiBuiltInKeywords.groovy:64)&#xa;	at com.kms.katalon.core.webui.keyword.WebUiBuiltInKeywords$openBrowser.call(Unknown Source)&#xa;	at DES Login.run(DES Login:20)&#xa;	at com.kms.katalon.core.main.ScriptEngine.run(ScriptEngine.java:194)&#xa;	at com.kms.katalon.core.main.ScriptEngine.runScriptAsRawText(ScriptEngine.java:119)&#xa;	at com.kms.katalon.core.main.TestCaseExecutor.runScript(TestCaseExecutor.java:448)&#xa;	at com.kms.katalon.core.main.TestCaseExecutor.doExecute(TestCaseExecutor.java:439)&#xa;	at com.kms.katalon.core.main.TestCaseExecutor.processExecutionPhase(TestCaseExecutor.java:418)&#xa;	at com.kms.katalon.core.main.TestCaseExecutor.accessMainPhase(TestCaseExecutor.java:410)&#xa;	at com.kms.katalon.core.main.TestCaseExecutor.execute(TestCaseExecutor.java:285)&#xa;	at com.kms.katalon.core.main.TestCaseMain.runTestCase(TestCaseMain.java:137)&#xa;	at com.kms.katalon.core.keyword.builtin.CallTestCaseKeyword$_callTestCase_closure1.doCall(CallTestCaseKeyword.groovy:59)&#xa;	... 25 more&#xa;Caused by: org.openqa.selenium.WebDriverException: java.net.ConnectException: Failed to connect to localhost/[0:0:0:0:0:0:0:1]:27993&#xa;Build info: version: '3.141.59', revision: 'unknown', time: 'unknown'&#xa;System info: host: 'DC1ADOBLD01', ip: '10.2.20.71', os.name: 'Windows Server 2019', os.arch: 'amd64', os.version: '10.0', java.version: '17.0.7'&#xa;Driver info: driver.version: EventFiringWebDriver&#xa;	at org.openqa.selenium.remote.service.DriverCommandExecutor.execute(DriverCommandExecutor.java:92)&#xa;	at org.openqa.selenium.remote.RemoteWebDriver.execute(RemoteWebDriver.java:552)&#xa;	at com.kms.katalon.selenium.driver.CChromeDriver.execute(CChromeDriver.java:19)&#xa;	at org.openqa.selenium.remote.RemoteWebDriver.execute(RemoteWebDriver.java:609)&#xa;	at org.openqa.selenium.remote.RemoteWebDriver.quit(RemoteWebDriver.java:452)&#xa;	at jdk.internal.reflect.GeneratedMethodAccessor46.invoke(Unknown Source)&#xa;	at java.base/jdk.internal.reflect.DelegatingMethodAccessorImpl.invoke(DelegatingMethodAccessorImpl.java:43)&#xa;	at org.openqa.selenium.support.events.EventFiringWebDriver.lambda$new$1(EventFiringWebDriver.java:105)&#xa;	at jdk.proxy2/jdk.proxy2.$Proxy26.quit(Unknown Source)&#xa;	at org.openqa.selenium.support.events.EventFiringWebDriver.quit(EventFiringWebDriver.java:211)&#xa;	at com.kms.katalon.core.webui.driver.DriverFactory.closeWebDriver(DriverFactory.java:1608)&#xa;	at com.kms.katalon.core.webui.driver.DriverFactory.startNewBrowser(DriverFactory.java:360)&#xa;	at com.kms.katalon.core.webui.driver.DriverFactory.openWebDriver(DriverFactory.java:273)&#xa;	at com.kms.katalon.core.webui.keyword.builtin.OpenBrowserKeyword$_openBrowser_closure1.doCall(OpenBrowserKeyword.groovy:75)&#xa;	at com.kms.katalon.core.webui.keyword.builtin.OpenBrowserKeyword$_openBrowser_closure1.call(OpenBrowserKeyword.groovy)&#xa;	at com.kms.katalon.core.webui.keyword.internal.WebUIKeywordMain.runKeyword(WebUIKeywordMain.groovy:35)&#xa;	at com.kms.katalon.core.webui.keyword.builtin.OpenBrowserKeyword.openBrowser(OpenBrowserKeyword.groovy:82)&#xa;	at com.kms.katalon.core.webui.keyword.builtin.OpenBrowserKeyword.execute(OpenBrowserKeyword.groovy:68)&#xa;	at com.kms.katalon.core.keyword.internal.KeywordExecutor.executeKeywordForPlatform(KeywordExecutor.groovy:74)&#xa;	at com.kms.katalon.core.webui.keyword.WebUiBuiltInKeywords.openBrowser(WebUiBuiltInKeywords.groovy:64)&#xa;	at com.kms.katalon.core.webui.keyword.WebUiBuiltInKeywords$openBrowser.call(Unknown Source)&#xa;	at Script1749499513693.run(Script1749499513693.groovy:20)&#xa;	at com.kms.katalon.core.main.ScriptEngine.run(ScriptEngine.java:194)&#xa;	at com.kms.katalon.core.main.ScriptEngine.runScriptAsRawText(ScriptEngine.java:119)&#xa;	at com.kms.katalon.core.main.TestCaseExecutor.runScript(TestCaseExecutor.java:448)&#xa;	at com.kms.katalon.core.main.TestCaseExecutor.doExecute(TestCaseExecutor.java:439)&#xa;	at com.kms.katalon.core.main.TestCaseExecutor.processExecutionPhase(TestCaseExecutor.java:418)&#xa;	at com.kms.katalon.core.main.TestCaseExecutor.accessMainPhase(TestCaseExecutor.java:410)&#xa;	at com.kms.katalon.core.main.TestCaseExecutor.execute(TestCaseExecutor.java:285)&#xa;	at com.kms.katalon.core.main.TestCaseMain.runTestCase(TestCaseMain.java:137)&#xa;	at com.kms.katalon.core.keyword.builtin.CallTestCaseKeyword$_callTestCase_closure1.doCall(CallTestCaseKeyword.groovy:59)&#xa;	at com.kms.katalon.core.keyword.builtin.CallTestCaseKeyword$_callTestCase_closure1.call(CallTestCaseKeyword.groovy)&#xa;	at com.kms.katalon.core.keyword.internal.KeywordMain.runKeyword(KeywordMain.groovy:75)&#xa;	at com.kms.katalon.core.keyword.builtin.CallTestCaseKeyword.callTestCase(CallTestCaseKeyword.groovy:81)&#xa;	at com.kms.katalon.core.keyword.builtin.CallTestCaseKeyword.execute(CallTestCaseKeyword.groovy:44)&#xa;	at com.kms.katalon.core.keyword.internal.KeywordExecutor.executeKeywordForPlatform(KeywordExecutor.groovy:74)&#xa;	at com.kms.katalon.core.keyword.BuiltinKeywords.callTestCase(BuiltinKeywords.groovy:310)&#xa;	at jdk.internal.reflect.GeneratedMethodAccessor41.invoke(Unknown Source)&#xa;	at java.base/jdk.internal.reflect.DelegatingMethodAccessorImpl.invoke(DelegatingMethodAccessorImpl.java:43)&#xa;	at Script1683814729134.run(Script1683814729134.groovy:20)&#xa;	... 16 more&#xa;Caused by: java.net.ConnectException: Failed to connect to localhost/[0:0:0:0:0:0:0:1]:27993&#xa;	at okhttp3.internal.connection.RealConnection.connectSocket(RealConnection.java:247)&#xa;	at okhttp3.internal.connection.RealConnection.connect(RealConnection.java:165)&#xa;	at okhttp3.internal.connection.StreamAllocation.findConnection(StreamAllocation.java:257)&#xa;	at okhttp3.internal.connection.StreamAllocation.findHealthyConnection(StreamAllocation.java:135)&#xa;	at okhttp3.internal.connection.StreamAllocation.newStream(StreamAllocation.java:114)&#xa;	at okhttp3.internal.connection.ConnectInterceptor.intercept(ConnectInterceptor.java:42)&#xa;	at okhttp3.internal.http.RealInterceptorChain.proceed(RealInterceptorChain.java:147)&#xa;	at okhttp3.internal.http.RealInterceptorChain.proceed(RealInterceptorChain.java:121)&#xa;	at okhttp3.internal.cache.CacheInterceptor.intercept(CacheInterceptor.java:93)&#xa;	at okhttp3.internal.http.RealInterceptorChain.proceed(RealInterceptorChain.java:147)&#xa;	at okhttp3.internal.http.RealInterceptorChain.proceed(RealInterceptorChain.java:121)&#xa;	at okhttp3.internal.http.BridgeInterceptor.intercept(BridgeInterceptor.java:93)&#xa;	at okhttp3.internal.http.RealInterceptorChain.proceed(RealInterceptorChain.java:147)&#xa;	at okhttp3.internal.http.RetryAndFollowUpInterceptor.intercept(RetryAndFollowUpInterceptor.java:126)&#xa;	at okhttp3.internal.http.RealInterceptorChain.proceed(RealInterceptorChain.java:147)&#xa;	at okhttp3.internal.http.RealInterceptorChain.proceed(RealInterceptorChain.java:121)&#xa;	at okhttp3.RealCall.getResponseWithInterceptorChain(RealCall.java:200)&#xa;	at okhttp3.RealCall.execute(RealCall.java:77)&#xa;	at org.openqa.selenium.remote.internal.OkHttpClient.execute(OkHttpClient.java:103)&#xa;	at org.openqa.selenium.remote.HttpCommandExecutor.execute(HttpCommandExecutor.java:155)&#xa;	at org.openqa.selenium.remote.service.DriverCommandExecutor.execute(DriverCommandExecutor.java:83)&#xa;	... 55 more&#xa;Caused by: java.net.ConnectException: Connection refused: no further information&#xa;	at okhttp3.internal.platform.Platform.connectSocket(Platform.java:129)&#xa;	at okhttp3.internal.connection.RealConnection.connectSocket(RealConnection.java:245)&#xa;	at okhttp3.internal.connection.RealConnection.connect(RealConnection.java:165)&#xa;	at okhttp3.internal.connection.StreamAllocation.findConnection(StreamAllocation.java:257)&#xa;	at okhttp3.internal.connection.StreamAllocation.findHealthyConnection(StreamAllocation.java:135)&#xa;	at okhttp3.internal.connection.StreamAllocation.newStream(StreamAllocation.java:114)&#xa;	at okhttp3.internal.connection.ConnectInterceptor.intercept(ConnectInterceptor.java:42)&#xa;	at okhttp3.internal.http.RealInterceptorChain.proceed(RealInterceptorChain.java:147)&#xa;	at okhttp3.internal.http.RealInterceptorChain.proceed(RealInterceptorChain.java:121)&#xa;	at okhttp3.internal.cache.CacheInterceptor.intercept(CacheInterceptor.java:93)&#xa;	at okhttp3.internal.http.RealInterceptorChain.proceed(RealInterceptorChain.java:147)&#xa;	at okhttp3.internal.http.RealInterceptorChain.proceed(RealInterceptorChain.java:121)&#xa;	at okhttp3.internal.http.BridgeInterceptor.intercept(BridgeInterceptor.java:93)&#xa;	at okhttp3.internal.http.RealInterceptorChain.proceed(RealInterceptorChain.java:147)&#xa;	at okhttp3.internal.http.RetryAndFollowUpInterceptor.intercept(RetryAndFollowUpInterceptor.java:126)&#xa;	at okhttp3.internal.http.RealInterceptorChain.proceed(RealInterceptorChain.java:147)&#xa;	at okhttp3.internal.http.RealInterceptorChain.proceed(RealInterceptorChain.java:121)&#xa;	at okhttp3.RealCall.getResponseWithInterceptorChain(RealCall.java:200)&#xa;	at okhttp3.RealCall.execute(RealCall.java:77)&#xa;	at org.openqa.selenium.remote.internal.OkHttpClient.execute(OkHttpClient.java:103)&#xa;	at org.openqa.selenium.remote.HttpCommandExecutor.execute(HttpCommandExecutor.java:155)&#xa;	at org.openqa.selenium.remote.service.DriverCommandExecutor.execute(DriverCommandExecutor.java:83)&#xa;	at org.openqa.selenium.remote.RemoteWebDriver.execute(RemoteWebDriver.java:552)&#xa;	at com.kms.katalon.selenium.driver.CChromeDriver.execute(CChromeDriver.java:19)&#xa;	at org.openqa.selenium.remote.RemoteWebDriver.execute(RemoteWebDriver.java:609)&#xa;	at org.openqa.selenium.remote.RemoteWebDriver.quit(RemoteWebDriver.java:452)&#xa;	at jdk.internal.reflect.GeneratedMethodAccessor46.invoke(Unknown Source)&#xa;	at java.base/jdk.internal.reflect.DelegatingMethodAccessorImpl.invoke(DelegatingMethodAccessorImpl.java:43)&#xa;	at org.openqa.selenium.support.events.EventFiringWebDriver.lambda$new$1(EventFiringWebDriver.java:105)&#xa;	at jdk.proxy2/jdk.proxy2.$Proxy26.quit(Unknown Source)&#xa;	at org.openqa.selenium.support.events.EventFiringWebDriver.quit(EventFiringWebDriver.java:211)&#xa;	at com.kms.katalon.core.webui.driver.DriverFactory.closeWebDriver(DriverFactory.java:1608)&#xa;	at com.kms.katalon.core.webui.driver.DriverFactory.startNewBrowser(DriverFactory.java:360)&#xa;	at com.kms.katalon.core.webui.driver.DriverFactory.openWebDriver(DriverFactory.java:273)&#xa;	at com.kms.katalon.core.webui.keyword.builtin.OpenBrowserKeyword$_openBrowser_closure1.doCall(OpenBrowserKeyword.groovy:75)&#xa;	at com.kms.katalon.core.webui.keyword.builtin.OpenBrowserKeyword$_openBrowser_closure1.call(OpenBrowserKeyword.groovy)&#xa;	at com.kms.katalon.core.webui.keyword.internal.WebUIKeywordMain.runKeyword(WebUIKeywordMain.groovy:35)&#xa;	at com.kms.katalon.core.webui.keyword.builtin.OpenBrowserKeyword.openBrowser(OpenBrowserKeyword.groovy:82)&#xa;	at com.kms.katalon.core.webui.keyword.builtin.OpenBrowserKeyword.execute(OpenBrowserKeyword.groovy:68)&#xa;	at com.kms.katalon.core.keyword.internal.KeywordExecutor.executeKeywordForPlatform(KeywordExecutor.groovy:74)&#xa;	at com.kms.katalon.core.webui.keyword.WebUiBuiltInKeywords.openBrowser(WebUiBuiltInKeywords.groovy:64)&#xa;	at com.kms.katalon.core.webui.keyword.WebUiBuiltInKeywords$openBrowser.call(Unknown Source)&#xa;	at DES Login.run(DES Login:20)&#xa;	at com.kms.katalon.core.main.ScriptEngine.run(ScriptEngine.java:194)&#xa;	at com.kms.katalon.core.main.ScriptEngine.runScriptAsRawText(ScriptEngine.java:119)&#xa;	at com.kms.katalon.core.main.TestCaseExecutor.runScript(TestCaseExecutor.java:448)&#xa;	at com.kms.katalon.core.main.TestCaseExecutor.doExecute(TestCaseExecutor.java:439)&#xa;	at com.kms.katalon.core.main.TestCaseExecutor.processExecutionPhase(TestCaseExecutor.java:418)&#xa;	at com.kms.katalon.core.main.TestCaseExecutor.accessMainPhase(TestCaseExecutor.java:410)&#xa;	at com.kms.katalon.core.main.TestCaseExecutor.execute(TestCaseExecutor.java:285)&#xa;	at com.kms.katalon.core.main.TestCaseMain.runTestCase(TestCaseMain.java:137)&#xa;	at com.kms.katalon.core.keyword.builtin.CallTestCaseKeyword$_callTestCase_closure1.doCall(CallTestCaseKeyword.groovy:59)&#xa;	at com.kms.katalon.core.keyword.builtin.CallTestCaseKeyword$_callTestCase_closure1.call(CallTestCaseKeyword.groovy)&#xa;	at com.kms.katalon.core.keyword.internal.KeywordMain.runKeyword(KeywordMain.groovy:75)&#xa;	at com.kms.katalon.core.keyword.builtin.CallTestCaseKeyword.callTestCase(CallTestCaseKeyword.groovy:81)&#xa;	at com.kms.katalon.core.keyword.builtin.CallTestCaseKeyword.execute(CallTestCaseKeyword.groovy:44)&#xa;	at com.kms.katalon.core.keyword.internal.KeywordExecutor.executeKeywordForPlatform(KeywordExecutor.groovy:74)&#xa;	at com.kms.katalon.core.keyword.BuiltinKeywords.callTestCase(BuiltinKeywords.groovy:310)&#xa;	at jdk.internal.reflect.GeneratedMethodAccessor41.invoke(Unknown Source)&#xa;	at java.base/jdk.internal.reflect.DelegatingMethodAccessorImpl.invoke(DelegatingMethodAccessorImpl.java:43)&#xa;	at AddLTRSubscription.run(AddLTRSubscription:20)&#xa;	... 16 more&#xa;"/>
         <system-out><![CDATA[21-10-2025T19:02:40 - [TEST_CASE][FAILED] - Test Cases/DES/Trading Partners Page/Subscription/Outbound/AddLTRSubscription: Test Cases/DES/Trading Partners Page/Subscription/Outbound/AddLTRSubscription FAILED.
Reason:
com.kms.katalon.core.exception.StepFailedException: Call Test Case 'Test Cases/DES/DES Login' failed
	at com.kms.katalon.core.keyword.builtin.CallTestCaseKeyword$_callTestCase_closure1.doCall(CallTestCaseKeyword.groovy:63)
	at com.kms.katalon.core.keyword.builtin.CallTestCaseKeyword$_callTestCase_closure1.call(CallTestCaseKeyword.groovy)
	at com.kms.katalon.core.keyword.internal.KeywordMain.runKeyword(KeywordMain.groovy:75)
	at com.kms.katalon.core.keyword.builtin.CallTestCaseKeyword.callTestCase(CallTestCaseKeyword.groovy:81)
	at com.kms.katalon.core.keyword.builtin.CallTestCaseKeyword.execute(CallTestCaseKeyword.groovy:44)
	at com.kms.katalon.core.keyword.internal.KeywordExecutor.executeKeywordForPlatform(KeywordExecutor.groovy:74)
	at com.kms.katalon.core.keyword.BuiltinKeywords.callTestCase(BuiltinKeywords.groovy:310)
	at jdk.internal.reflect.GeneratedMethodAccessor41.invoke(Unknown Source)
	at java.base/jdk.internal.reflect.DelegatingMethodAccessorImpl.invoke(DelegatingMethodAccessorImpl.java:43)
	at AddLTRSubscription.run(AddLTRSubscription:20)
	at com.kms.katalon.core.main.ScriptEngine.run(ScriptEngine.java:194)
	at com.kms.katalon.core.main.ScriptEngine.runScriptAsRawText(ScriptEngine.java:119)
	at com.kms.katalon.core.main.TestCaseExecutor.runScript(TestCaseExecutor.java:448)
	at com.kms.katalon.core.main.TestCaseExecutor.doExecute(TestCaseExecutor.java:439)
	at com.kms.katalon.core.main.TestCaseExecutor.processExecutionPhase(TestCaseExecutor.java:418)
	at com.kms.katalon.core.main.TestCaseExecutor.accessMainPhase(TestCaseExecutor.java:410)
	at com.kms.katalon.core.main.TestCaseExecutor.execute(TestCaseExecutor.java:285)
	at com.kms.katalon.core.common.CommonExecutor.accessTestCaseMainPhase(CommonExecutor.java:65)
	at com.kms.katalon.core.main.TestSuiteExecutor.accessTestSuiteMainPhase(TestSuiteExecutor.java:150)
	at com.kms.katalon.core.main.TestSuiteExecutor.execute(TestSuiteExecutor.java:106)
	at com.kms.katalon.core.main.TestCaseMain.startTestSuite(TestCaseMain.java:180)
	at com.kms.katalon.core.main.TestCaseMain$startTestSuite$0.call(Unknown Source)
	at TempTestSuite1761084128061.run(TempTestSuite1761084128061.groovy:35)
	at java.base/jdk.internal.reflect.NativeMethodAccessorImpl.invoke0(Native Method)
	at java.base/jdk.internal.reflect.NativeMethodAccessorImpl.invoke(NativeMethodAccessorImpl.java:77)
	at java.base/jdk.internal.reflect.DelegatingMethodAccessorImpl.invoke(DelegatingMethodAccessorImpl.java:43)
Caused by: com.kms.katalon.core.exception.StepFailedException: Unable to open browser with url: ''
	at com.kms.katalon.core.webui.keyword.internal.WebUIKeywordMain.stepFailed(WebUIKeywordMain.groovy:117)
	at com.kms.katalon.core.webui.keyword.internal.WebUIKeywordMain.runKeyword(WebUIKeywordMain.groovy:43)
	at com.kms.katalon.core.webui.keyword.builtin.OpenBrowserKeyword.openBrowser(OpenBrowserKeyword.groovy:82)
	at com.kms.katalon.core.webui.keyword.builtin.OpenBrowserKeyword.execute(OpenBrowserKeyword.groovy:68)
	at com.kms.katalon.core.keyword.internal.KeywordExecutor.executeKeywordForPlatform(KeywordExecutor.groovy:74)
	at com.kms.katalon.core.webui.keyword.WebUiBuiltInKeywords.openBrowser(WebUiBuiltInKeywords.groovy:64)
	at com.kms.katalon.core.webui.keyword.WebUiBuiltInKeywords$openBrowser.call(Unknown Source)
	at DES Login.run(DES Login:20)
	at com.kms.katalon.core.main.ScriptEngine.run(ScriptEngine.java:194)
	at com.kms.katalon.core.main.ScriptEngine.runScriptAsRawText(ScriptEngine.java:119)
	at com.kms.katalon.core.main.TestCaseExecutor.runScript(TestCaseExecutor.java:448)
	at com.kms.katalon.core.main.TestCaseExecutor.doExecute(TestCaseExecutor.java:439)
	at com.kms.katalon.core.main.TestCaseExecutor.processExecutionPhase(TestCaseExecutor.java:418)
	at com.kms.katalon.core.main.TestCaseExecutor.accessMainPhase(TestCaseExecutor.java:410)
	at com.kms.katalon.core.main.TestCaseExecutor.execute(TestCaseExecutor.java:285)
	at com.kms.katalon.core.main.TestCaseMain.runTestCase(TestCaseMain.java:137)
	at com.kms.katalon.core.keyword.builtin.CallTestCaseKeyword$_callTestCase_closure1.doCall(CallTestCaseKeyword.groovy:59)
	... 25 more
Caused by: org.openqa.selenium.WebDriverException: java.net.ConnectException: Failed to connect to localhost/[0:0:0:0:0:0:0:1]:27993
Build info: version: '3.141.59', revision: 'unknown', time: 'unknown'
System info: host: 'DC1ADOBLD01', ip: '10.2.20.71', os.name: 'Windows Server 2019', os.arch: 'amd64', os.version: '10.0', java.version: '17.0.7'
Driver info: driver.version: EventFiringWebDriver
	at org.openqa.selenium.remote.service.DriverCommandExecutor.execute(DriverCommandExecutor.java:92)
	at org.openqa.selenium.remote.RemoteWebDriver.execute(RemoteWebDriver.java:552)
	at com.kms.katalon.selenium.driver.CChromeDriver.execute(CChromeDriver.java:19)
	at org.openqa.selenium.remote.RemoteWebDriver.execute(RemoteWebDriver.java:609)
	at org.openqa.selenium.remote.RemoteWebDriver.quit(RemoteWebDriver.java:452)
	at jdk.internal.reflect.GeneratedMethodAccessor46.invoke(Unknown Source)
	at java.base/jdk.internal.reflect.DelegatingMethodAccessorImpl.invoke(DelegatingMethodAccessorImpl.java:43)
	at org.openqa.selenium.support.events.EventFiringWebDriver.lambda$new$1(EventFiringWebDriver.java:105)
	at jdk.proxy2/jdk.proxy2.$Proxy26.quit(Unknown Source)
	at org.openqa.selenium.support.events.EventFiringWebDriver.quit(EventFiringWebDriver.java:211)
	at com.kms.katalon.core.webui.driver.DriverFactory.closeWebDriver(DriverFactory.java:1608)
	at com.kms.katalon.core.webui.driver.DriverFactory.startNewBrowser(DriverFactory.java:360)
	at com.kms.katalon.core.webui.driver.DriverFactory.openWebDriver(DriverFactory.java:273)
	at com.kms.katalon.core.webui.keyword.builtin.OpenBrowserKeyword$_openBrowser_closure1.doCall(OpenBrowserKeyword.groovy:75)
	at com.kms.katalon.core.webui.keyword.builtin.OpenBrowserKeyword$_openBrowser_closure1.call(OpenBrowserKeyword.groovy)
	at com.kms.katalon.core.webui.keyword.internal.WebUIKeywordMain.runKeyword(WebUIKeywordMain.groovy:35)
	at com.kms.katalon.core.webui.keyword.builtin.OpenBrowserKeyword.openBrowser(OpenBrowserKeyword.groovy:82)
	at com.kms.katalon.core.webui.keyword.builtin.OpenBrowserKeyword.execute(OpenBrowserKeyword.groovy:68)
	at com.kms.katalon.core.keyword.internal.KeywordExecutor.executeKeywordForPlatform(KeywordExecutor.groovy:74)
	at com.kms.katalon.core.webui.keyword.WebUiBuiltInKeywords.openBrowser(WebUiBuiltInKeywords.groovy:64)
	at com.kms.katalon.core.webui.keyword.WebUiBuiltInKeywords$openBrowser.call(Unknown Source)
	at Script1749499513693.run(Script1749499513693.groovy:20)
	at com.kms.katalon.core.main.ScriptEngine.run(ScriptEngine.java:194)
	at com.kms.katalon.core.main.ScriptEngine.runScriptAsRawText(ScriptEngine.java:119)
	at com.kms.katalon.core.main.TestCaseExecutor.runScript(TestCaseExecutor.java:448)
	at com.kms.katalon.core.main.TestCaseExecutor.doExecute(TestCaseExecutor.java:439)
	at com.kms.katalon.core.main.TestCaseExecutor.processExecutionPhase(TestCaseExecutor.java:418)
	at com.kms.katalon.core.main.TestCaseExecutor.accessMainPhase(TestCaseExecutor.java:410)
	at com.kms.katalon.core.main.TestCaseExecutor.execute(TestCaseExecutor.java:285)
	at com.kms.katalon.core.main.TestCaseMain.runTestCase(TestCaseMain.java:137)
	at com.kms.katalon.core.keyword.builtin.CallTestCaseKeyword$_callTestCase_closure1.doCall(CallTestCaseKeyword.groovy:59)
	at com.kms.katalon.core.keyword.builtin.CallTestCaseKeyword$_callTestCase_closure1.call(CallTestCaseKeyword.groovy)
	at com.kms.katalon.core.keyword.internal.KeywordMain.runKeyword(KeywordMain.groovy:75)
	at com.kms.katalon.core.keyword.builtin.CallTestCaseKeyword.callTestCase(CallTestCaseKeyword.groovy:81)
	at com.kms.katalon.core.keyword.builtin.CallTestCaseKeyword.execute(CallTestCaseKeyword.groovy:44)
	at com.kms.katalon.core.keyword.internal.KeywordExecutor.executeKeywordForPlatform(KeywordExecutor.groovy:74)
	at com.kms.katalon.core.keyword.BuiltinKeywords.callTestCase(BuiltinKeywords.groovy:310)
	at jdk.internal.reflect.GeneratedMethodAccessor41.invoke(Unknown Source)
	at java.base/jdk.internal.reflect.DelegatingMethodAccessorImpl.invoke(DelegatingMethodAccessorImpl.java:43)
	at Script1683814729134.run(Script1683814729134.groovy:20)
	... 16 more
Caused by: java.net.ConnectException: Failed to connect to localhost/[0:0:0:0:0:0:0:1]:27993
	at okhttp3.internal.connection.RealConnection.connectSocket(RealConnection.java:247)
	at okhttp3.internal.connection.RealConnection.connect(RealConnection.java:165)
	at okhttp3.internal.connection.StreamAllocation.findConnection(StreamAllocation.java:257)
	at okhttp3.internal.connection.StreamAllocation.findHealthyConnection(StreamAllocation.java:135)
	at okhttp3.internal.connection.StreamAllocation.newStream(StreamAllocation.java:114)
	at okhttp3.internal.connection.ConnectInterceptor.intercept(ConnectInterceptor.java:42)
	at okhttp3.internal.http.RealInterceptorChain.proceed(RealInterceptorChain.java:147)
	at okhttp3.internal.http.RealInterceptorChain.proceed(RealInterceptorChain.java:121)
	at okhttp3.internal.cache.CacheInterceptor.intercept(CacheInterceptor.java:93)
	at okhttp3.internal.http.RealInterceptorChain.proceed(RealInterceptorChain.java:147)
	at okhttp3.internal.http.RealInterceptorChain.proceed(RealInterceptorChain.java:121)
	at okhttp3.internal.http.BridgeInterceptor.intercept(BridgeInterceptor.java:93)
	at okhttp3.internal.http.RealInterceptorChain.proceed(RealInterceptorChain.java:147)
	at okhttp3.internal.http.RetryAndFollowUpInterceptor.intercept(RetryAndFollowUpInterceptor.java:126)
	at okhttp3.internal.http.RealInterceptorChain.proceed(RealInterceptorChain.java:147)
	at okhttp3.internal.http.RealInterceptorChain.proceed(RealInterceptorChain.java:121)
	at okhttp3.RealCall.getResponseWithInterceptorChain(RealCall.java:200)
	at okhttp3.RealCall.execute(RealCall.java:77)
	at org.openqa.selenium.remote.internal.OkHttpClient.execute(OkHttpClient.java:103)
	at org.openqa.selenium.remote.HttpCommandExecutor.execute(HttpCommandExecutor.java:155)
	at org.openqa.selenium.remote.service.DriverCommandExecutor.execute(DriverCommandExecutor.java:83)
	... 55 more
Caused by: java.net.ConnectException: Connection refused: no further information
	at okhttp3.internal.platform.Platform.connectSocket(Platform.java:129)
	at okhttp3.internal.connection.RealConnection.connectSocket(RealConnection.java:245)
	at okhttp3.internal.connection.RealConnection.connect(RealConnection.java:165)
	at okhttp3.internal.connection.StreamAllocation.findConnection(StreamAllocation.java:257)
	at okhttp3.internal.connection.StreamAllocation.findHealthyConnection(StreamAllocation.java:135)
	at okhttp3.internal.connection.StreamAllocation.newStream(StreamAllocation.java:114)
	at okhttp3.internal.connection.ConnectInterceptor.intercept(ConnectInterceptor.java:42)
	at okhttp3.internal.http.RealInterceptorChain.proceed(RealInterceptorChain.java:147)
	at okhttp3.internal.http.RealInterceptorChain.proceed(RealInterceptorChain.java:121)
	at okhttp3.internal.cache.CacheInterceptor.intercept(CacheInterceptor.java:93)
	at okhttp3.internal.http.RealInterceptorChain.proceed(RealInterceptorChain.java:147)
	at okhttp3.internal.http.RealInterceptorChain.proceed(RealInterceptorChain.java:121)
	at okhttp3.internal.http.BridgeInterceptor.intercept(BridgeInterceptor.java:93)
	at okhttp3.internal.http.RealInterceptorChain.proceed(RealInterceptorChain.java:147)
	at okhttp3.internal.http.RetryAndFollowUpInterceptor.intercept(RetryAndFollowUpInterceptor.java:126)
	at okhttp3.internal.http.RealInterceptorChain.proceed(RealInterceptorChain.java:147)
	at okhttp3.internal.http.RealInterceptorChain.proceed(RealInterceptorChain.java:121)
	at okhttp3.RealCall.getResponseWithInterceptorChain(RealCall.java:200)
	at okhttp3.RealCall.execute(RealCall.java:77)
	at org.openqa.selenium.remote.internal.OkHttpClient.execute(OkHttpClient.java:103)
	at org.openqa.selenium.remote.HttpCommandExecutor.execute(HttpCommandExecutor.java:155)
	at org.openqa.selenium.remote.service.DriverCommandExecutor.execute(DriverCommandExecutor.java:83)
	at org.openqa.selenium.remote.RemoteWebDriver.execute(RemoteWebDriver.java:552)
	at com.kms.katalon.selenium.driver.CChromeDriver.execute(CChromeDriver.java:19)
	at org.openqa.selenium.remote.RemoteWebDriver.execute(RemoteWebDriver.java:609)
	at org.openqa.selenium.remote.RemoteWebDriver.quit(RemoteWebDriver.java:452)
	at jdk.internal.reflect.GeneratedMethodAccessor46.invoke(Unknown Source)
	at java.base/jdk.internal.reflect.DelegatingMethodAccessorImpl.invoke(DelegatingMethodAccessorImpl.java:43)
	at org.openqa.selenium.support.events.EventFiringWebDriver.lambda$new$1(EventFiringWebDriver.java:105)
	at jdk.proxy2/jdk.proxy2.$Proxy26.quit(Unknown Source)
	at org.openqa.selenium.support.events.EventFiringWebDriver.quit(EventFiringWebDriver.java:211)
	at com.kms.katalon.core.webui.driver.DriverFactory.closeWebDriver(DriverFactory.java:1608)
	at com.kms.katalon.core.webui.driver.DriverFactory.startNewBrowser(DriverFactory.java:360)
	at com.kms.katalon.core.webui.driver.DriverFactory.openWebDriver(DriverFactory.java:273)
	at com.kms.katalon.core.webui.keyword.builtin.OpenBrowserKeyword$_openBrowser_closure1.doCall(OpenBrowserKeyword.groovy:75)
	at com.kms.katalon.core.webui.keyword.builtin.OpenBrowserKeyword$_openBrowser_closure1.call(OpenBrowserKeyword.groovy)
	at com.kms.katalon.core.webui.keyword.internal.WebUIKeywordMain.runKeyword(WebUIKeywordMain.groovy:35)
	at com.kms.katalon.core.webui.keyword.builtin.OpenBrowserKeyword.openBrowser(OpenBrowserKeyword.groovy:82)
	at com.kms.katalon.core.webui.keyword.builtin.OpenBrowserKeyword.execute(OpenBrowserKeyword.groovy:68)
	at com.kms.katalon.core.keyword.internal.KeywordExecutor.executeKeywordForPlatform(KeywordExecutor.groovy:74)
	at com.kms.katalon.core.webui.keyword.WebUiBuiltInKeywords.openBrowser(WebUiBuiltInKeywords.groovy:64)
	at com.kms.katalon.core.webui.keyword.WebUiBuiltInKeywords$openBrowser.call(Unknown Source)
	at DES Login.run(DES Login:20)
	at com.kms.katalon.core.main.ScriptEngine.run(ScriptEngine.java:194)
	at com.kms.katalon.core.main.ScriptEngine.runScriptAsRawText(ScriptEngine.java:119)
	at com.kms.katalon.core.main.TestCaseExecutor.runScript(TestCaseExecutor.java:448)
	at com.kms.katalon.core.main.TestCaseExecutor.doExecute(TestCaseExecutor.java:439)
	at com.kms.katalon.core.main.TestCaseExecutor.processExecutionPhase(TestCaseExecutor.java:418)
	at com.kms.katalon.core.main.TestCaseExecutor.accessMainPhase(TestCaseExecutor.java:410)
	at com.kms.katalon.core.main.TestCaseExecutor.execute(TestCaseExecutor.java:285)
	at com.kms.katalon.core.main.TestCaseMain.runTestCase(TestCaseMain.java:137)
	at com.kms.katalon.core.keyword.builtin.CallTestCaseKeyword$_callTestCase_closure1.doCall(CallTestCaseKeyword.groovy:59)
	at com.kms.katalon.core.keyword.builtin.CallTestCaseKeyword$_callTestCase_closure1.call(CallTestCaseKeyword.groovy)
	at com.kms.katalon.core.keyword.internal.KeywordMain.runKeyword(KeywordMain.groovy:75)
	at com.kms.katalon.core.keyword.builtin.CallTestCaseKeyword.callTestCase(CallTestCaseKeyword.groovy:81)
	at com.kms.katalon.core.keyword.builtin.CallTestCaseKeyword.execute(CallTestCaseKeyword.groovy:44)
	at com.kms.katalon.core.keyword.internal.KeywordExecutor.executeKeywordForPlatform(KeywordExecutor.groovy:74)
	at com.kms.katalon.core.keyword.BuiltinKeywords.callTestCase(BuiltinKeywords.groovy:310)
	at jdk.internal.reflect.GeneratedMethodAccessor41.invoke(Unknown Source)
	at java.base/jdk.internal.reflect.DelegatingMethodAccessorImpl.invoke(DelegatingMethodAccessorImpl.java:43)
	at AddLTRSubscription.run(AddLTRSubscription:20)
	... 16 more


21-10-2025T19:02:40 - [TEST_STEP][PASSED] - Start listener action : beforeTestCase: null

21-10-2025T19:02:40 - [TEST_STEP][PASSED] - addDefaultPackages(): null

21-10-2025T19:02:40 - [TEST_STEP][FAILED] - callTestCase(findTestCase("DES/DES Login"), [:], STOP_ON_FAILURE): Unable to call Test Case 'Test Cases/DES/DES Login' (Root cause: com.kms.katalon.core.exception.StepFailedException: Call Test Case 'Test Cases/DES/DES Login' failed
	at com.kms.katalon.core.keyword.builtin.CallTestCaseKeyword$_callTestCase_closure1.doCall(CallTestCaseKeyword.groovy:63)
	at com.kms.katalon.core.keyword.builtin.CallTestCaseKeyword$_callTestCase_closure1.call(CallTestCaseKeyword.groovy)
	at com.kms.katalon.core.keyword.internal.KeywordMain.runKeyword(KeywordMain.groovy:75)
	at com.kms.katalon.core.keyword.builtin.CallTestCaseKeyword.callTestCase(CallTestCaseKeyword.groovy:81)
	at com.kms.katalon.core.keyword.builtin.CallTestCaseKeyword.execute(CallTestCaseKeyword.groovy:44)
	at com.kms.katalon.core.keyword.internal.KeywordExecutor.executeKeywordForPlatform(KeywordExecutor.groovy:74)
	at com.kms.katalon.core.keyword.BuiltinKeywords.callTestCase(BuiltinKeywords.groovy:310)
	at jdk.internal.reflect.GeneratedMethodAccessor41.invoke(Unknown Source)
	at java.base/jdk.internal.reflect.DelegatingMethodAccessorImpl.invoke(DelegatingMethodAccessorImpl.java:43)
	at AddLTRSubscription.run(AddLTRSubscription:20)
	at com.kms.katalon.core.main.ScriptEngine.run(ScriptEngine.java:194)
	at com.kms.katalon.core.main.ScriptEngine.runScriptAsRawText(ScriptEngine.java:119)
	at com.kms.katalon.core.main.TestCaseExecutor.runScript(TestCaseExecutor.java:448)
	at com.kms.katalon.core.main.TestCaseExecutor.doExecute(TestCaseExecutor.java:439)
	at com.kms.katalon.core.main.TestCaseExecutor.processExecutionPhase(TestCaseExecutor.java:418)
	at com.kms.katalon.core.main.TestCaseExecutor.accessMainPhase(TestCaseExecutor.java:410)
	at com.kms.katalon.core.main.TestCaseExecutor.execute(TestCaseExecutor.java:285)
	at com.kms.katalon.core.common.CommonExecutor.accessTestCaseMainPhase(CommonExecutor.java:65)
	at com.kms.katalon.core.main.TestSuiteExecutor.accessTestSuiteMainPhase(TestSuiteExecutor.java:150)
	at com.kms.katalon.core.main.TestSuiteExecutor.execute(TestSuiteExecutor.java:106)
	at com.kms.katalon.core.main.TestCaseMain.startTestSuite(TestCaseMain.java:180)
	at com.kms.katalon.core.main.TestCaseMain$startTestSuite$0.call(Unknown Source)
	at TempTestSuite1761084128061.run(TempTestSuite1761084128061.groovy:35)
	at java.base/jdk.internal.reflect.NativeMethodAccessorImpl.invoke0(Native Method)
	at java.base/jdk.internal.reflect.NativeMethodAccessorImpl.invoke(NativeMethodAccessorImpl.java:77)
	at java.base/jdk.internal.reflect.DelegatingMethodAccessorImpl.invoke(DelegatingMethodAccessorImpl.java:43)
Caused by: com.kms.katalon.core.exception.StepFailedException: Unable to open browser with url: ''
	at com.kms.katalon.core.webui.keyword.internal.WebUIKeywordMain.stepFailed(WebUIKeywordMain.groovy:117)
	at com.kms.katalon.core.webui.keyword.internal.WebUIKeywordMain.runKeyword(WebUIKeywordMain.groovy:43)
	at com.kms.katalon.core.webui.keyword.builtin.OpenBrowserKeyword.openBrowser(OpenBrowserKeyword.groovy:82)
	at com.kms.katalon.core.webui.keyword.builtin.OpenBrowserKeyword.execute(OpenBrowserKeyword.groovy:68)
	at com.kms.katalon.core.keyword.internal.KeywordExecutor.executeKeywordForPlatform(KeywordExecutor.groovy:74)
	at com.kms.katalon.core.webui.keyword.WebUiBuiltInKeywords.openBrowser(WebUiBuiltInKeywords.groovy:64)
	at com.kms.katalon.core.webui.keyword.WebUiBuiltInKeywords$openBrowser.call(Unknown Source)
	at DES Login.run(DES Login:20)
	at com.kms.katalon.core.main.ScriptEngine.run(ScriptEngine.java:194)
	at com.kms.katalon.core.main.ScriptEngine.runScriptAsRawText(ScriptEngine.java:119)
	at com.kms.katalon.core.main.TestCaseExecutor.runScript(TestCaseExecutor.java:448)
	at com.kms.katalon.core.main.TestCaseExecutor.doExecute(TestCaseExecutor.java:439)
	at com.kms.katalon.core.main.TestCaseExecutor.processExecutionPhase(TestCaseExecutor.java:418)
	at com.kms.katalon.core.main.TestCaseExecutor.accessMainPhase(TestCaseExecutor.java:410)
	at com.kms.katalon.core.main.TestCaseExecutor.execute(TestCaseExecutor.java:285)
	at com.kms.katalon.core.main.TestCaseMain.runTestCase(TestCaseMain.java:137)
	at com.kms.katalon.core.keyword.builtin.CallTestCaseKeyword$_callTestCase_closure1.doCall(CallTestCaseKeyword.groovy:59)
	... 25 more
Caused by: org.openqa.selenium.WebDriverException: java.net.ConnectException: Failed to connect to localhost/[0:0:0:0:0:0:0:1]:27993
Build info: version: '3.141.59', revision: 'unknown', time: 'unknown'
System info: host: 'DC1ADOBLD01', ip: '10.2.20.71', os.name: 'Windows Server 2019', os.arch: 'amd64', os.version: '10.0', java.version: '17.0.7'
Driver info: driver.version: EventFiringWebDriver
	at org.openqa.selenium.remote.service.DriverCommandExecutor.execute(DriverCommandExecutor.java:92)
	at org.openqa.selenium.remote.RemoteWebDriver.execute(RemoteWebDriver.java:552)
	at com.kms.katalon.selenium.driver.CChromeDriver.execute(CChromeDriver.java:19)
	at org.openqa.selenium.remote.RemoteWebDriver.execute(RemoteWebDriver.java:609)
	at org.openqa.selenium.remote.RemoteWebDriver.quit(RemoteWebDriver.java:452)
	at jdk.internal.reflect.GeneratedMethodAccessor46.invoke(Unknown Source)
	at java.base/jdk.internal.reflect.DelegatingMethodAccessorImpl.invoke(DelegatingMethodAccessorImpl.java:43)
	at org.openqa.selenium.support.events.EventFiringWebDriver.lambda$new$1(EventFiringWebDriver.java:105)
	at jdk.proxy2/jdk.proxy2.$Proxy26.quit(Unknown Source)
	at org.openqa.selenium.support.events.EventFiringWebDriver.quit(EventFiringWebDriver.java:211)
	at com.kms.katalon.core.webui.driver.DriverFactory.closeWebDriver(DriverFactory.java:1608)
	at com.kms.katalon.core.webui.driver.DriverFactory.startNewBrowser(DriverFactory.java:360)
	at com.kms.katalon.core.webui.driver.DriverFactory.openWebDriver(DriverFactory.java:273)
	at com.kms.katalon.core.webui.keyword.builtin.OpenBrowserKeyword$_openBrowser_closure1.doCall(OpenBrowserKeyword.groovy:75)
	at com.kms.katalon.core.webui.keyword.builtin.OpenBrowserKeyword$_openBrowser_closure1.call(OpenBrowserKeyword.groovy)
	at com.kms.katalon.core.webui.keyword.internal.WebUIKeywordMain.runKeyword(WebUIKeywordMain.groovy:35)
	at com.kms.katalon.core.webui.keyword.builtin.OpenBrowserKeyword.openBrowser(OpenBrowserKeyword.groovy:82)
	at com.kms.katalon.core.webui.keyword.builtin.OpenBrowserKeyword.execute(OpenBrowserKeyword.groovy:68)
	at com.kms.katalon.core.keyword.internal.KeywordExecutor.executeKeywordForPlatform(KeywordExecutor.groovy:74)
	at com.kms.katalon.core.webui.keyword.WebUiBuiltInKeywords.openBrowser(WebUiBuiltInKeywords.groovy:64)
	at com.kms.katalon.core.webui.keyword.WebUiBuiltInKeywords$openBrowser.call(Unknown Source)
	at Script1749499513693.run(Script1749499513693.groovy:20)
	at com.kms.katalon.core.main.ScriptEngine.run(ScriptEngine.java:194)
	at com.kms.katalon.core.main.ScriptEngine.runScriptAsRawText(ScriptEngine.java:119)
	at com.kms.katalon.core.main.TestCaseExecutor.runScript(TestCaseExecutor.java:448)
	at com.kms.katalon.core.main.TestCaseExecutor.doExecute(TestCaseExecutor.java:439)
	at com.kms.katalon.core.main.TestCaseExecutor.processExecutionPhase(TestCaseExecutor.java:418)
	at com.kms.katalon.core.main.TestCaseExecutor.accessMainPhase(TestCaseExecutor.java:410)
	at com.kms.katalon.core.main.TestCaseExecutor.execute(TestCaseExecutor.java:285)
	at com.kms.katalon.core.main.TestCaseMain.runTestCase(TestCaseMain.java:137)
	at com.kms.katalon.core.keyword.builtin.CallTestCaseKeyword$_callTestCase_closure1.doCall(CallTestCaseKeyword.groovy:59)
	at com.kms.katalon.core.keyword.builtin.CallTestCaseKeyword$_callTestCase_closure1.call(CallTestCaseKeyword.groovy)
	at com.kms.katalon.core.keyword.internal.KeywordMain.runKeyword(KeywordMain.groovy:75)
	at com.kms.katalon.core.keyword.builtin.CallTestCaseKeyword.callTestCase(CallTestCaseKeyword.groovy:81)
	at com.kms.katalon.core.keyword.builtin.CallTestCaseKeyword.execute(CallTestCaseKeyword.groovy:44)
	at com.kms.katalon.core.keyword.internal.KeywordExecutor.executeKeywordForPlatform(KeywordExecutor.groovy:74)
	at com.kms.katalon.core.keyword.BuiltinKeywords.callTestCase(BuiltinKeywords.groovy:310)
	at jdk.internal.reflect.GeneratedMethodAccessor41.invoke(Unknown Source)
	at java.base/jdk.internal.reflect.DelegatingMethodAccessorImpl.invoke(DelegatingMethodAccessorImpl.java:43)
	at Script1683814729134.run(Script1683814729134.groovy:20)
	... 16 more
Caused by: java.net.ConnectException: Failed to connect to localhost/[0:0:0:0:0:0:0:1]:27993
	at okhttp3.internal.connection.RealConnection.connectSocket(RealConnection.java:247)
	at okhttp3.internal.connection.RealConnection.connect(RealConnection.java:165)
	at okhttp3.internal.connection.StreamAllocation.findConnection(StreamAllocation.java:257)
	at okhttp3.internal.connection.StreamAllocation.findHealthyConnection(StreamAllocation.java:135)
	at okhttp3.internal.connection.StreamAllocation.newStream(StreamAllocation.java:114)
	at okhttp3.internal.connection.ConnectInterceptor.intercept(ConnectInterceptor.java:42)
	at okhttp3.internal.http.RealInterceptorChain.proceed(RealInterceptorChain.java:147)
	at okhttp3.internal.http.RealInterceptorChain.proceed(RealInterceptorChain.java:121)
	at okhttp3.internal.cache.CacheInterceptor.intercept(CacheInterceptor.java:93)
	at okhttp3.internal.http.RealInterceptorChain.proceed(RealInterceptorChain.java:147)
	at okhttp3.internal.http.RealInterceptorChain.proceed(RealInterceptorChain.java:121)
	at okhttp3.internal.http.BridgeInterceptor.intercept(BridgeInterceptor.java:93)
	at okhttp3.internal.http.RealInterceptorChain.proceed(RealInterceptorChain.java:147)
	at okhttp3.internal.http.RetryAndFollowUpInterceptor.intercept(RetryAndFollowUpInterceptor.java:126)
	at okhttp3.internal.http.RealInterceptorChain.proceed(RealInterceptorChain.java:147)
	at okhttp3.internal.http.RealInterceptorChain.proceed(RealInterceptorChain.java:121)
	at okhttp3.RealCall.getResponseWithInterceptorChain(RealCall.java:200)
	at okhttp3.RealCall.execute(RealCall.java:77)
	at org.openqa.selenium.remote.internal.OkHttpClient.execute(OkHttpClient.java:103)
	at org.openqa.selenium.remote.HttpCommandExecutor.execute(HttpCommandExecutor.java:155)
	at org.openqa.selenium.remote.service.DriverCommandExecutor.execute(DriverCommandExecutor.java:83)
	... 55 more
Caused by: java.net.ConnectException: Connection refused: no further information
	at okhttp3.internal.platform.Platform.connectSocket(Platform.java:129)
	at okhttp3.internal.connection.RealConnection.connectSocket(RealConnection.java:245)
	at okhttp3.internal.connection.RealConnection.connect(RealConnection.java:165)
	at okhttp3.internal.connection.StreamAllocation.findConnection(StreamAllocation.java:257)
	at okhttp3.internal.connection.StreamAllocation.findHealthyConnection(StreamAllocation.java:135)
	at okhttp3.internal.connection.StreamAllocation.newStream(StreamAllocation.java:114)
	at okhttp3.internal.connection.ConnectInterceptor.intercept(ConnectInterceptor.java:42)
	at okhttp3.internal.http.RealInterceptorChain.proceed(RealInterceptorChain.java:147)
	at okhttp3.internal.http.RealInterceptorChain.proceed(RealInterceptorChain.java:121)
	at okhttp3.internal.cache.CacheInterceptor.intercept(CacheInterceptor.java:93)
	at okhttp3.internal.http.RealInterceptorChain.proceed(RealInterceptorChain.java:147)
	at okhttp3.internal.http.RealInterceptorChain.proceed(RealInterceptorChain.java:121)
	at okhttp3.internal.http.BridgeInterceptor.intercept(BridgeInterceptor.java:93)
	at okhttp3.internal.http.RealInterceptorChain.proceed(RealInterceptorChain.java:147)
	at okhttp3.internal.http.RetryAndFollowUpInterceptor.intercept(RetryAndFollowUpInterceptor.java:126)
	at okhttp3.internal.http.RealInterceptorChain.proceed(RealInterceptorChain.java:147)
	at okhttp3.internal.http.RealInterceptorChain.proceed(RealInterceptorChain.java:121)
	at okhttp3.RealCall.getResponseWithInterceptorChain(RealCall.java:200)
	at okhttp3.RealCall.execute(RealCall.java:77)
	at org.openqa.selenium.remote.internal.OkHttpClient.execute(OkHttpClient.java:103)
	at org.openqa.selenium.remote.HttpCommandExecutor.execute(HttpCommandExecutor.java:155)
	at org.openqa.selenium.remote.service.DriverCommandExecutor.execute(DriverCommandExecutor.java:83)
	at org.openqa.selenium.remote.RemoteWebDriver.execute(RemoteWebDriver.java:552)
	at com.kms.katalon.selenium.driver.CChromeDriver.execute(CChromeDriver.java:19)
	at org.openqa.selenium.remote.RemoteWebDriver.execute(RemoteWebDriver.java:609)
	at org.openqa.selenium.remote.RemoteWebDriver.quit(RemoteWebDriver.java:452)
	at jdk.internal.reflect.GeneratedMethodAccessor46.invoke(Unknown Source)
	at java.base/jdk.internal.reflect.DelegatingMethodAccessorImpl.invoke(DelegatingMethodAccessorImpl.java:43)
	at org.openqa.selenium.support.events.EventFiringWebDriver.lambda$new$1(EventFiringWebDriver.java:105)
	at jdk.proxy2/jdk.proxy2.$Proxy26.quit(Unknown Source)
	at org.openqa.selenium.support.events.EventFiringWebDriver.quit(EventFiringWebDriver.java:211)
	at com.kms.katalon.core.webui.driver.DriverFactory.closeWebDriver(DriverFactory.java:1608)
	at com.kms.katalon.core.webui.driver.DriverFactory.startNewBrowser(DriverFactory.java:360)
	at com.kms.katalon.core.webui.driver.DriverFactory.openWebDriver(DriverFactory.java:273)
	at com.kms.katalon.core.webui.keyword.builtin.OpenBrowserKeyword$_openBrowser_closure1.doCall(OpenBrowserKeyword.groovy:75)
	at com.kms.katalon.core.webui.keyword.builtin.OpenBrowserKeyword$_openBrowser_closure1.call(OpenBrowserKeyword.groovy)
	at com.kms.katalon.core.webui.keyword.internal.WebUIKeywordMain.runKeyword(WebUIKeywordMain.groovy:35)
	at com.kms.katalon.core.webui.keyword.builtin.OpenBrowserKeyword.openBrowser(OpenBrowserKeyword.groovy:82)
	at com.kms.katalon.core.webui.keyword.builtin.OpenBrowserKeyword.execute(OpenBrowserKeyword.groovy:68)
	at com.kms.katalon.core.keyword.internal.KeywordExecutor.executeKeywordForPlatform(KeywordExecutor.groovy:74)
	at com.kms.katalon.core.webui.keyword.WebUiBuiltInKeywords.openBrowser(WebUiBuiltInKeywords.groovy:64)
	at com.kms.katalon.core.webui.keyword.WebUiBuiltInKeywords$openBrowser.call(Unknown Source)
	at DES Login.run(DES Login:20)
	at com.kms.katalon.core.main.ScriptEngine.run(ScriptEngine.java:194)
	at com.kms.katalon.core.main.ScriptEngine.runScriptAsRawText(ScriptEngine.java:119)
	at com.kms.katalon.core.main.TestCaseExecutor.runScript(TestCaseExecutor.java:448)
	at com.kms.katalon.core.main.TestCaseExecutor.doExecute(TestCaseExecutor.java:439)
	at com.kms.katalon.core.main.TestCaseExecutor.processExecutionPhase(TestCaseExecutor.java:418)
	at com.kms.katalon.core.main.TestCaseExecutor.accessMainPhase(TestCaseExecutor.java:410)
	at com.kms.katalon.core.main.TestCaseExecutor.execute(TestCaseExecutor.java:285)
	at com.kms.katalon.core.main.TestCaseMain.runTestCase(TestCaseMain.java:137)
	at com.kms.katalon.core.keyword.builtin.CallTestCaseKeyword$_callTestCase_closure1.doCall(CallTestCaseKeyword.groovy:59)
	at com.kms.katalon.core.keyword.builtin.CallTestCaseKeyword$_callTestCase_closure1.call(CallTestCaseKeyword.groovy)
	at com.kms.katalon.core.keyword.internal.KeywordMain.runKeyword(KeywordMain.groovy:75)
	at com.kms.katalon.core.keyword.builtin.CallTestCaseKeyword.callTestCase(CallTestCaseKeyword.groovy:81)
	at com.kms.katalon.core.keyword.builtin.CallTestCaseKeyword.execute(CallTestCaseKeyword.groovy:44)
	at com.kms.katalon.core.keyword.internal.KeywordExecutor.executeKeywordForPlatform(KeywordExecutor.groovy:74)
	at com.kms.katalon.core.keyword.BuiltinKeywords.callTestCase(BuiltinKeywords.groovy:310)
	at jdk.internal.reflect.GeneratedMethodAccessor41.invoke(Unknown Source)
	at java.base/jdk.internal.reflect.DelegatingMethodAccessorImpl.invoke(DelegatingMethodAccessorImpl.java:43)
	at AddLTRSubscription.run(AddLTRSubscription:20)
	... 16 more
)

21-10-2025T19:02:40 - [TEST_CASE][FAILED] - Test Cases/DES/DES Login: Test Cases/DES/DES Login FAILED.
Reason:
com.kms.katalon.core.exception.StepFailedException: Unable to open browser with url: ''
	at com.kms.katalon.core.webui.keyword.internal.WebUIKeywordMain.stepFailed(WebUIKeywordMain.groovy:117)
	at com.kms.katalon.core.webui.keyword.internal.WebUIKeywordMain.runKeyword(WebUIKeywordMain.groovy:43)
	at com.kms.katalon.core.webui.keyword.builtin.OpenBrowserKeyword.openBrowser(OpenBrowserKeyword.groovy:82)
	at com.kms.katalon.core.webui.keyword.builtin.OpenBrowserKeyword.execute(OpenBrowserKeyword.groovy:68)
	at com.kms.katalon.core.keyword.internal.KeywordExecutor.executeKeywordForPlatform(KeywordExecutor.groovy:74)
	at com.kms.katalon.core.webui.keyword.WebUiBuiltInKeywords.openBrowser(WebUiBuiltInKeywords.groovy:64)
	at com.kms.katalon.core.webui.keyword.WebUiBuiltInKeywords$openBrowser.call(Unknown Source)
	at DES Login.run(DES Login:20)
	at com.kms.katalon.core.main.ScriptEngine.run(ScriptEngine.java:194)
	at com.kms.katalon.core.main.ScriptEngine.runScriptAsRawText(ScriptEngine.java:119)
	at com.kms.katalon.core.main.TestCaseExecutor.runScript(TestCaseExecutor.java:448)
	at com.kms.katalon.core.main.TestCaseExecutor.doExecute(TestCaseExecutor.java:439)
	at com.kms.katalon.core.main.TestCaseExecutor.processExecutionPhase(TestCaseExecutor.java:418)
	at com.kms.katalon.core.main.TestCaseExecutor.accessMainPhase(TestCaseExecutor.java:410)
	at com.kms.katalon.core.main.TestCaseExecutor.execute(TestCaseExecutor.java:285)
	at com.kms.katalon.core.main.TestCaseMain.runTestCase(TestCaseMain.java:137)
	at com.kms.katalon.core.keyword.builtin.CallTestCaseKeyword$_callTestCase_closure1.doCall(CallTestCaseKeyword.groovy:59)
	at com.kms.katalon.core.keyword.builtin.CallTestCaseKeyword$_callTestCase_closure1.call(CallTestCaseKeyword.groovy)
	at com.kms.katalon.core.keyword.internal.KeywordMain.runKeyword(KeywordMain.groovy:75)
	at com.kms.katalon.core.keyword.builtin.CallTestCaseKeyword.callTestCase(CallTestCaseKeyword.groovy:81)
	at com.kms.katalon.core.keyword.builtin.CallTestCaseKeyword.execute(CallTestCaseKeyword.groovy:44)
	at com.kms.katalon.core.keyword.internal.KeywordExecutor.executeKeywordForPlatform(KeywordExecutor.groovy:74)
	at com.kms.katalon.core.keyword.BuiltinKeywords.callTestCase(BuiltinKeywords.groovy:310)
	at jdk.internal.reflect.GeneratedMethodAccessor41.invoke(Unknown Source)
	at java.base/jdk.internal.reflect.DelegatingMethodAccessorImpl.invoke(DelegatingMethodAccessorImpl.java:43)
	at AddLTRSubscription.run(AddLTRSubscription:20)
	at com.kms.katalon.core.main.ScriptEngine.run(ScriptEngine.java:194)
	at com.kms.katalon.core.main.ScriptEngine.runScriptAsRawText(ScriptEngine.java:119)
	at com.kms.katalon.core.main.TestCaseExecutor.runScript(TestCaseExecutor.java:448)
	at com.kms.katalon.core.main.TestCaseExecutor.doExecute(TestCaseExecutor.java:439)
	at com.kms.katalon.core.main.TestCaseExecutor.processExecutionPhase(TestCaseExecutor.java:418)
	at com.kms.katalon.core.main.TestCaseExecutor.accessMainPhase(TestCaseExecutor.java:410)
	at com.kms.katalon.core.main.TestCaseExecutor.execute(TestCaseExecutor.java:285)
	at com.kms.katalon.core.common.CommonExecutor.accessTestCaseMainPhase(CommonExecutor.java:65)
	at com.kms.katalon.core.main.TestSuiteExecutor.accessTestSuiteMainPhase(TestSuiteExecutor.java:150)
	at com.kms.katalon.core.main.TestSuiteExecutor.execute(TestSuiteExecutor.java:106)
	at com.kms.katalon.core.main.TestCaseMain.startTestSuite(TestCaseMain.java:180)
	at com.kms.katalon.core.main.TestCaseMain$startTestSuite$0.call(Unknown Source)
	at TempTestSuite1761084128061.run(TempTestSuite1761084128061.groovy:35)
	at java.base/jdk.internal.reflect.NativeMethodAccessorImpl.invoke0(Native Method)
	at java.base/jdk.internal.reflect.NativeMethodAccessorImpl.invoke(NativeMethodAccessorImpl.java:77)
	at java.base/jdk.internal.reflect.DelegatingMethodAccessorImpl.invoke(DelegatingMethodAccessorImpl.java:43)
Caused by: org.openqa.selenium.WebDriverException: java.net.ConnectException: Failed to connect to localhost/[0:0:0:0:0:0:0:1]:27993
Build info: version: '3.141.59', revision: 'unknown', time: 'unknown'
System info: host: 'DC1ADOBLD01', ip: '10.2.20.71', os.name: 'Windows Server 2019', os.arch: 'amd64', os.version: '10.0', java.version: '17.0.7'
Driver info: driver.version: EventFiringWebDriver
	at org.openqa.selenium.remote.service.DriverCommandExecutor.execute(DriverCommandExecutor.java:92)
	at org.openqa.selenium.remote.RemoteWebDriver.execute(RemoteWebDriver.java:552)
	at com.kms.katalon.selenium.driver.CChromeDriver.execute(CChromeDriver.java:19)
	at org.openqa.selenium.remote.RemoteWebDriver.execute(RemoteWebDriver.java:609)
	at org.openqa.selenium.remote.RemoteWebDriver.quit(RemoteWebDriver.java:452)
	at jdk.internal.reflect.GeneratedMethodAccessor46.invoke(Unknown Source)
	at java.base/jdk.internal.reflect.DelegatingMethodAccessorImpl.invoke(DelegatingMethodAccessorImpl.java:43)
	at org.openqa.selenium.support.events.EventFiringWebDriver.lambda$new$1(EventFiringWebDriver.java:105)
	at jdk.proxy2/jdk.proxy2.$Proxy26.quit(Unknown Source)
	at org.openqa.selenium.support.events.EventFiringWebDriver.quit(EventFiringWebDriver.java:211)
	at com.kms.katalon.core.webui.driver.DriverFactory.closeWebDriver(DriverFactory.java:1608)
	at com.kms.katalon.core.webui.driver.DriverFactory.startNewBrowser(DriverFactory.java:360)
	at com.kms.katalon.core.webui.driver.DriverFactory.openWebDriver(DriverFactory.java:273)
	at com.kms.katalon.core.webui.keyword.builtin.OpenBrowserKeyword$_openBrowser_closure1.doCall(OpenBrowserKeyword.groovy:75)
	at com.kms.katalon.core.webui.keyword.builtin.OpenBrowserKeyword$_openBrowser_closure1.call(OpenBrowserKeyword.groovy)
	at com.kms.katalon.core.webui.keyword.internal.WebUIKeywordMain.runKeyword(WebUIKeywordMain.groovy:35)
	at com.kms.katalon.core.webui.keyword.builtin.OpenBrowserKeyword.openBrowser(OpenBrowserKeyword.groovy:82)
	at com.kms.katalon.core.webui.keyword.builtin.OpenBrowserKeyword.execute(OpenBrowserKeyword.groovy:68)
	at com.kms.katalon.core.keyword.internal.KeywordExecutor.executeKeywordForPlatform(KeywordExecutor.groovy:74)
	at com.kms.katalon.core.webui.keyword.WebUiBuiltInKeywords.openBrowser(WebUiBuiltInKeywords.groovy:64)
	at com.kms.katalon.core.webui.keyword.WebUiBuiltInKeywords$openBrowser.call(Unknown Source)
	at Script1749499513693.run(Script1749499513693.groovy:20)
	at com.kms.katalon.core.main.ScriptEngine.run(ScriptEngine.java:194)
	at com.kms.katalon.core.main.ScriptEngine.runScriptAsRawText(ScriptEngine.java:119)
	at com.kms.katalon.core.main.TestCaseExecutor.runScript(TestCaseExecutor.java:448)
	at com.kms.katalon.core.main.TestCaseExecutor.doExecute(TestCaseExecutor.java:439)
	at com.kms.katalon.core.main.TestCaseExecutor.processExecutionPhase(TestCaseExecutor.java:418)
	at com.kms.katalon.core.main.TestCaseExecutor.accessMainPhase(TestCaseExecutor.java:410)
	at com.kms.katalon.core.main.TestCaseExecutor.execute(TestCaseExecutor.java:285)
	at com.kms.katalon.core.main.TestCaseMain.runTestCase(TestCaseMain.java:137)
	at com.kms.katalon.core.keyword.builtin.CallTestCaseKeyword$_callTestCase_closure1.doCall(CallTestCaseKeyword.groovy:59)
	at com.kms.katalon.core.keyword.builtin.CallTestCaseKeyword$_callTestCase_closure1.call(CallTestCaseKeyword.groovy)
	at com.kms.katalon.core.keyword.internal.KeywordMain.runKeyword(KeywordMain.groovy:75)
	at com.kms.katalon.core.keyword.builtin.CallTestCaseKeyword.callTestCase(CallTestCaseKeyword.groovy:81)
	at com.kms.katalon.core.keyword.builtin.CallTestCaseKeyword.execute(CallTestCaseKeyword.groovy:44)
	at com.kms.katalon.core.keyword.internal.KeywordExecutor.executeKeywordForPlatform(KeywordExecutor.groovy:74)
	at com.kms.katalon.core.keyword.BuiltinKeywords.callTestCase(BuiltinKeywords.groovy:310)
	at jdk.internal.reflect.GeneratedMethodAccessor41.invoke(Unknown Source)
	at java.base/jdk.internal.reflect.DelegatingMethodAccessorImpl.invoke(DelegatingMethodAccessorImpl.java:43)
	at Script1683814729134.run(Script1683814729134.groovy:20)
	... 16 more
Caused by: java.net.ConnectException: Failed to connect to localhost/[0:0:0:0:0:0:0:1]:27993
	at okhttp3.internal.connection.RealConnection.connectSocket(RealConnection.java:247)
	at okhttp3.internal.connection.RealConnection.connect(RealConnection.java:165)
	at okhttp3.internal.connection.StreamAllocation.findConnection(StreamAllocation.java:257)
	at okhttp3.internal.connection.StreamAllocation.findHealthyConnection(StreamAllocation.java:135)
	at okhttp3.internal.connection.StreamAllocation.newStream(StreamAllocation.java:114)
	at okhttp3.internal.connection.ConnectInterceptor.intercept(ConnectInterceptor.java:42)
	at okhttp3.internal.http.RealInterceptorChain.proceed(RealInterceptorChain.java:147)
	at okhttp3.internal.http.RealInterceptorChain.proceed(RealInterceptorChain.java:121)
	at okhttp3.internal.cache.CacheInterceptor.intercept(CacheInterceptor.java:93)
	at okhttp3.internal.http.RealInterceptorChain.proceed(RealInterceptorChain.java:147)
	at okhttp3.internal.http.RealInterceptorChain.proceed(RealInterceptorChain.java:121)
	at okhttp3.internal.http.BridgeInterceptor.intercept(BridgeInterceptor.java:93)
	at okhttp3.internal.http.RealInterceptorChain.proceed(RealInterceptorChain.java:147)
	at okhttp3.internal.http.RetryAndFollowUpInterceptor.intercept(RetryAndFollowUpInterceptor.java:126)
	at okhttp3.internal.http.RealInterceptorChain.proceed(RealInterceptorChain.java:147)
	at okhttp3.internal.http.RealInterceptorChain.proceed(RealInterceptorChain.java:121)
	at okhttp3.RealCall.getResponseWithInterceptorChain(RealCall.java:200)
	at okhttp3.RealCall.execute(RealCall.java:77)
	at org.openqa.selenium.remote.internal.OkHttpClient.execute(OkHttpClient.java:103)
	at org.openqa.selenium.remote.HttpCommandExecutor.execute(HttpCommandExecutor.java:155)
	at org.openqa.selenium.remote.service.DriverCommandExecutor.execute(DriverCommandExecutor.java:83)
	... 55 more
Caused by: java.net.ConnectException: Connection refused: no further information
	at okhttp3.internal.platform.Platform.connectSocket(Platform.java:129)
	at okhttp3.internal.connection.RealConnection.connectSocket(RealConnection.java:245)
	at okhttp3.internal.connection.RealConnection.connect(RealConnection.java:165)
	at okhttp3.internal.connection.StreamAllocation.findConnection(StreamAllocation.java:257)
	at okhttp3.internal.connection.StreamAllocation.findHealthyConnection(StreamAllocation.java:135)
	at okhttp3.internal.connection.StreamAllocation.newStream(StreamAllocation.java:114)
	at okhttp3.internal.connection.ConnectInterceptor.intercept(ConnectInterceptor.java:42)
	at okhttp3.internal.http.RealInterceptorChain.proceed(RealInterceptorChain.java:147)
	at okhttp3.internal.http.RealInterceptorChain.proceed(RealInterceptorChain.java:121)
	at okhttp3.internal.cache.CacheInterceptor.intercept(CacheInterceptor.java:93)
	at okhttp3.internal.http.RealInterceptorChain.proceed(RealInterceptorChain.java:147)
	at okhttp3.internal.http.RealInterceptorChain.proceed(RealInterceptorChain.java:121)
	at okhttp3.internal.http.BridgeInterceptor.intercept(BridgeInterceptor.java:93)
	at okhttp3.internal.http.RealInterceptorChain.proceed(RealInterceptorChain.java:147)
	at okhttp3.internal.http.RetryAndFollowUpInterceptor.intercept(RetryAndFollowUpInterceptor.java:126)
	at okhttp3.internal.http.RealInterceptorChain.proceed(RealInterceptorChain.java:147)
	at okhttp3.internal.http.RealInterceptorChain.proceed(RealInterceptorChain.java:121)
	at okhttp3.RealCall.getResponseWithInterceptorChain(RealCall.java:200)
	at okhttp3.RealCall.execute(RealCall.java:77)
	at org.openqa.selenium.remote.internal.OkHttpClient.execute(OkHttpClient.java:103)
	at org.openqa.selenium.remote.HttpCommandExecutor.execute(HttpCommandExecutor.java:155)
	at org.openqa.selenium.remote.service.DriverCommandExecutor.execute(DriverCommandExecutor.java:83)
	at org.openqa.selenium.remote.RemoteWebDriver.execute(RemoteWebDriver.java:552)
	at com.kms.katalon.selenium.driver.CChromeDriver.execute(CChromeDriver.java:19)
	at org.openqa.selenium.remote.RemoteWebDriver.execute(RemoteWebDriver.java:609)
	at org.openqa.selenium.remote.RemoteWebDriver.quit(RemoteWebDriver.java:452)
	at jdk.internal.reflect.GeneratedMethodAccessor46.invoke(Unknown Source)
	at java.base/jdk.internal.reflect.DelegatingMethodAccessorImpl.invoke(DelegatingMethodAccessorImpl.java:43)
	at org.openqa.selenium.support.events.EventFiringWebDriver.lambda$new$1(EventFiringWebDriver.java:105)
	at jdk.proxy2/jdk.proxy2.$Proxy26.quit(Unknown Source)
	at org.openqa.selenium.support.events.EventFiringWebDriver.quit(EventFiringWebDriver.java:211)
	at com.kms.katalon.core.webui.driver.DriverFactory.closeWebDriver(DriverFactory.java:1608)
	at com.kms.katalon.core.webui.driver.DriverFactory.startNewBrowser(DriverFactory.java:360)
	at com.kms.katalon.core.webui.driver.DriverFactory.openWebDriver(DriverFactory.java:273)
	at com.kms.katalon.core.webui.keyword.builtin.OpenBrowserKeyword$_openBrowser_closure1.doCall(OpenBrowserKeyword.groovy:75)
	at com.kms.katalon.core.webui.keyword.builtin.OpenBrowserKeyword$_openBrowser_closure1.call(OpenBrowserKeyword.groovy)
	at com.kms.katalon.core.webui.keyword.internal.WebUIKeywordMain.runKeyword(WebUIKeywordMain.groovy:35)
	at com.kms.katalon.core.webui.keyword.builtin.OpenBrowserKeyword.openBrowser(OpenBrowserKeyword.groovy:82)
	at com.kms.katalon.core.webui.keyword.builtin.OpenBrowserKeyword.execute(OpenBrowserKeyword.groovy:68)
	at com.kms.katalon.core.keyword.internal.KeywordExecutor.executeKeywordForPlatform(KeywordExecutor.groovy:74)
	at com.kms.katalon.core.webui.keyword.WebUiBuiltInKeywords.openBrowser(WebUiBuiltInKeywords.groovy:64)
	at com.kms.katalon.core.webui.keyword.WebUiBuiltInKeywords$openBrowser.call(Unknown Source)
	at DES Login.run(DES Login:20)
	at com.kms.katalon.core.main.ScriptEngine.run(ScriptEngine.java:194)
	at com.kms.katalon.core.main.ScriptEngine.runScriptAsRawText(ScriptEngine.java:119)
	at com.kms.katalon.core.main.TestCaseExecutor.runScript(TestCaseExecutor.java:448)
	at com.kms.katalon.core.main.TestCaseExecutor.doExecute(TestCaseExecutor.java:439)
	at com.kms.katalon.core.main.TestCaseExecutor.processExecutionPhase(TestCaseExecutor.java:418)
	at com.kms.katalon.core.main.TestCaseExecutor.accessMainPhase(TestCaseExecutor.java:410)
	at com.kms.katalon.core.main.TestCaseExecutor.execute(TestCaseExecutor.java:285)
	at com.kms.katalon.core.main.TestCaseMain.runTestCase(TestCaseMain.java:137)
	at com.kms.katalon.core.keyword.builtin.CallTestCaseKeyword$_callTestCase_closure1.doCall(CallTestCaseKeyword.groovy:59)
	at com.kms.katalon.core.keyword.builtin.CallTestCaseKeyword$_callTestCase_closure1.call(CallTestCaseKeyword.groovy)
	at com.kms.katalon.core.keyword.internal.KeywordMain.runKeyword(KeywordMain.groovy:75)
	at com.kms.katalon.core.keyword.builtin.CallTestCaseKeyword.callTestCase(CallTestCaseKeyword.groovy:81)
	at com.kms.katalon.core.keyword.builtin.CallTestCaseKeyword.execute(CallTestCaseKeyword.groovy:44)
	at com.kms.katalon.core.keyword.internal.KeywordExecutor.executeKeywordForPlatform(KeywordExecutor.groovy:74)
	at com.kms.katalon.core.keyword.BuiltinKeywords.callTestCase(BuiltinKeywords.groovy:310)
	at jdk.internal.reflect.GeneratedMethodAccessor41.invoke(Unknown Source)
	at java.base/jdk.internal.reflect.DelegatingMethodAccessorImpl.invoke(DelegatingMethodAccessorImpl.java:43)
	at AddLTRSubscription.run(AddLTRSubscription:20)
	... 16 more


21-10-2025T19:02:40 - [TEST_STEP][FAILED] - openBrowser(""): Unable to open browser with url: '' (Root cause: com.kms.katalon.core.exception.StepFailedException: Unable to open browser with url: ''
	at com.kms.katalon.core.webui.keyword.internal.WebUIKeywordMain.stepFailed(WebUIKeywordMain.groovy:117)
	at com.kms.katalon.core.webui.keyword.internal.WebUIKeywordMain.runKeyword(WebUIKeywordMain.groovy:43)
	at com.kms.katalon.core.webui.keyword.builtin.OpenBrowserKeyword.openBrowser(OpenBrowserKeyword.groovy:82)
	at com.kms.katalon.core.webui.keyword.builtin.OpenBrowserKeyword.execute(OpenBrowserKeyword.groovy:68)
	at com.kms.katalon.core.keyword.internal.KeywordExecutor.executeKeywordForPlatform(KeywordExecutor.groovy:74)
	at com.kms.katalon.core.webui.keyword.WebUiBuiltInKeywords.openBrowser(WebUiBuiltInKeywords.groovy:64)
	at com.kms.katalon.core.webui.keyword.WebUiBuiltInKeywords$openBrowser.call(Unknown Source)
	at DES Login.run(DES Login:20)
	at com.kms.katalon.core.main.ScriptEngine.run(ScriptEngine.java:194)
	at com.kms.katalon.core.main.ScriptEngine.runScriptAsRawText(ScriptEngine.java:119)
	at com.kms.katalon.core.main.TestCaseExecutor.runScript(TestCaseExecutor.java:448)
	at com.kms.katalon.core.main.TestCaseExecutor.doExecute(TestCaseExecutor.java:439)
	at com.kms.katalon.core.main.TestCaseExecutor.processExecutionPhase(TestCaseExecutor.java:418)
	at com.kms.katalon.core.main.TestCaseExecutor.accessMainPhase(TestCaseExecutor.java:410)
	at com.kms.katalon.core.main.TestCaseExecutor.execute(TestCaseExecutor.java:285)
	at com.kms.katalon.core.main.TestCaseMain.runTestCase(TestCaseMain.java:137)
	at com.kms.katalon.core.keyword.builtin.CallTestCaseKeyword$_callTestCase_closure1.doCall(CallTestCaseKeyword.groovy:59)
	at com.kms.katalon.core.keyword.builtin.CallTestCaseKeyword$_callTestCase_closure1.call(CallTestCaseKeyword.groovy)
	at com.kms.katalon.core.keyword.internal.KeywordMain.runKeyword(KeywordMain.groovy:75)
	at com.kms.katalon.core.keyword.builtin.CallTestCaseKeyword.callTestCase(CallTestCaseKeyword.groovy:81)
	at com.kms.katalon.core.keyword.builtin.CallTestCaseKeyword.execute(CallTestCaseKeyword.groovy:44)
	at com.kms.katalon.core.keyword.internal.KeywordExecutor.executeKeywordForPlatform(KeywordExecutor.groovy:74)
	at com.kms.katalon.core.keyword.BuiltinKeywords.callTestCase(BuiltinKeywords.groovy:310)
	at jdk.internal.reflect.GeneratedMethodAccessor41.invoke(Unknown Source)
	at java.base/jdk.internal.reflect.DelegatingMethodAccessorImpl.invoke(DelegatingMethodAccessorImpl.java:43)
	at AddLTRSubscription.run(AddLTRSubscription:20)
	at com.kms.katalon.core.main.ScriptEngine.run(ScriptEngine.java:194)
	at com.kms.katalon.core.main.ScriptEngine.runScriptAsRawText(ScriptEngine.java:119)
	at com.kms.katalon.core.main.TestCaseExecutor.runScript(TestCaseExecutor.java:448)
	at com.kms.katalon.core.main.TestCaseExecutor.doExecute(TestCaseExecutor.java:439)
	at com.kms.katalon.core.main.TestCaseExecutor.processExecutionPhase(TestCaseExecutor.java:418)
	at com.kms.katalon.core.main.TestCaseExecutor.accessMainPhase(TestCaseExecutor.java:410)
	at com.kms.katalon.core.main.TestCaseExecutor.execute(TestCaseExecutor.java:285)
	at com.kms.katalon.core.common.CommonExecutor.accessTestCaseMainPhase(CommonExecutor.java:65)
	at com.kms.katalon.core.main.TestSuiteExecutor.accessTestSuiteMainPhase(TestSuiteExecutor.java:150)
	at com.kms.katalon.core.main.TestSuiteExecutor.execute(TestSuiteExecutor.java:106)
	at com.kms.katalon.core.main.TestCaseMain.startTestSuite(TestCaseMain.java:180)
	at com.kms.katalon.core.main.TestCaseMain$startTestSuite$0.call(Unknown Source)
	at TempTestSuite1761084128061.run(TempTestSuite1761084128061.groovy:35)
	at java.base/jdk.internal.reflect.NativeMethodAccessorImpl.invoke0(Native Method)
	at java.base/jdk.internal.reflect.NativeMethodAccessorImpl.invoke(NativeMethodAccessorImpl.java:77)
	at java.base/jdk.internal.reflect.DelegatingMethodAccessorImpl.invoke(DelegatingMethodAccessorImpl.java:43)
Caused by: org.openqa.selenium.WebDriverException: java.net.ConnectException: Failed to connect to localhost/[0:0:0:0:0:0:0:1]:27993
Build info: version: '3.141.59', revision: 'unknown', time: 'unknown'
System info: host: 'DC1ADOBLD01', ip: '10.2.20.71', os.name: 'Windows Server 2019', os.arch: 'amd64', os.version: '10.0', java.version: '17.0.7'
Driver info: driver.version: EventFiringWebDriver
	at org.openqa.selenium.remote.service.DriverCommandExecutor.execute(DriverCommandExecutor.java:92)
	at org.openqa.selenium.remote.RemoteWebDriver.execute(RemoteWebDriver.java:552)
	at com.kms.katalon.selenium.driver.CChromeDriver.execute(CChromeDriver.java:19)
	at org.openqa.selenium.remote.RemoteWebDriver.execute(RemoteWebDriver.java:609)
	at org.openqa.selenium.remote.RemoteWebDriver.quit(RemoteWebDriver.java:452)
	at jdk.internal.reflect.GeneratedMethodAccessor46.invoke(Unknown Source)
	at java.base/jdk.internal.reflect.DelegatingMethodAccessorImpl.invoke(DelegatingMethodAccessorImpl.java:43)
	at org.openqa.selenium.support.events.EventFiringWebDriver.lambda$new$1(EventFiringWebDriver.java:105)
	at jdk.proxy2/jdk.proxy2.$Proxy26.quit(Unknown Source)
	at org.openqa.selenium.support.events.EventFiringWebDriver.quit(EventFiringWebDriver.java:211)
	at com.kms.katalon.core.webui.driver.DriverFactory.closeWebDriver(DriverFactory.java:1608)
	at com.kms.katalon.core.webui.driver.DriverFactory.startNewBrowser(DriverFactory.java:360)
	at com.kms.katalon.core.webui.driver.DriverFactory.openWebDriver(DriverFactory.java:273)
	at com.kms.katalon.core.webui.keyword.builtin.OpenBrowserKeyword$_openBrowser_closure1.doCall(OpenBrowserKeyword.groovy:75)
	at com.kms.katalon.core.webui.keyword.builtin.OpenBrowserKeyword$_openBrowser_closure1.call(OpenBrowserKeyword.groovy)
	at com.kms.katalon.core.webui.keyword.internal.WebUIKeywordMain.runKeyword(WebUIKeywordMain.groovy:35)
	at com.kms.katalon.core.webui.keyword.builtin.OpenBrowserKeyword.openBrowser(OpenBrowserKeyword.groovy:82)
	at com.kms.katalon.core.webui.keyword.builtin.OpenBrowserKeyword.execute(OpenBrowserKeyword.groovy:68)
	at com.kms.katalon.core.keyword.internal.KeywordExecutor.executeKeywordForPlatform(KeywordExecutor.groovy:74)
	at com.kms.katalon.core.webui.keyword.WebUiBuiltInKeywords.openBrowser(WebUiBuiltInKeywords.groovy:64)
	at com.kms.katalon.core.webui.keyword.WebUiBuiltInKeywords$openBrowser.call(Unknown Source)
	at Script1749499513693.run(Script1749499513693.groovy:20)
	at com.kms.katalon.core.main.ScriptEngine.run(ScriptEngine.java:194)
	at com.kms.katalon.core.main.ScriptEngine.runScriptAsRawText(ScriptEngine.java:119)
	at com.kms.katalon.core.main.TestCaseExecutor.runScript(TestCaseExecutor.java:448)
	at com.kms.katalon.core.main.TestCaseExecutor.doExecute(TestCaseExecutor.java:439)
	at com.kms.katalon.core.main.TestCaseExecutor.processExecutionPhase(TestCaseExecutor.java:418)
	at com.kms.katalon.core.main.TestCaseExecutor.accessMainPhase(TestCaseExecutor.java:410)
	at com.kms.katalon.core.main.TestCaseExecutor.execute(TestCaseExecutor.java:285)
	at com.kms.katalon.core.main.TestCaseMain.runTestCase(TestCaseMain.java:137)
	at com.kms.katalon.core.keyword.builtin.CallTestCaseKeyword$_callTestCase_closure1.doCall(CallTestCaseKeyword.groovy:59)
	at com.kms.katalon.core.keyword.builtin.CallTestCaseKeyword$_callTestCase_closure1.call(CallTestCaseKeyword.groovy)
	at com.kms.katalon.core.keyword.internal.KeywordMain.runKeyword(KeywordMain.groovy:75)
	at com.kms.katalon.core.keyword.builtin.CallTestCaseKeyword.callTestCase(CallTestCaseKeyword.groovy:81)
	at com.kms.katalon.core.keyword.builtin.CallTestCaseKeyword.execute(CallTestCaseKeyword.groovy:44)
	at com.kms.katalon.core.keyword.internal.KeywordExecutor.executeKeywordForPlatform(KeywordExecutor.groovy:74)
	at com.kms.katalon.core.keyword.BuiltinKeywords.callTestCase(BuiltinKeywords.groovy:310)
	at jdk.internal.reflect.GeneratedMethodAccessor41.invoke(Unknown Source)
	at java.base/jdk.internal.reflect.DelegatingMethodAccessorImpl.invoke(DelegatingMethodAccessorImpl.java:43)
	at Script1683814729134.run(Script1683814729134.groovy:20)
	... 16 more
Caused by: java.net.ConnectException: Failed to connect to localhost/[0:0:0:0:0:0:0:1]:27993
	at okhttp3.internal.connection.RealConnection.connectSocket(RealConnection.java:247)
	at okhttp3.internal.connection.RealConnection.connect(RealConnection.java:165)
	at okhttp3.internal.connection.StreamAllocation.findConnection(StreamAllocation.java:257)
	at okhttp3.internal.connection.StreamAllocation.findHealthyConnection(StreamAllocation.java:135)
	at okhttp3.internal.connection.StreamAllocation.newStream(StreamAllocation.java:114)
	at okhttp3.internal.connection.ConnectInterceptor.intercept(ConnectInterceptor.java:42)
	at okhttp3.internal.http.RealInterceptorChain.proceed(RealInterceptorChain.java:147)
	at okhttp3.internal.http.RealInterceptorChain.proceed(RealInterceptorChain.java:121)
	at okhttp3.internal.cache.CacheInterceptor.intercept(CacheInterceptor.java:93)
	at okhttp3.internal.http.RealInterceptorChain.proceed(RealInterceptorChain.java:147)
	at okhttp3.internal.http.RealInterceptorChain.proceed(RealInterceptorChain.java:121)
	at okhttp3.internal.http.BridgeInterceptor.intercept(BridgeInterceptor.java:93)
	at okhttp3.internal.http.RealInterceptorChain.proceed(RealInterceptorChain.java:147)
	at okhttp3.internal.http.RetryAndFollowUpInterceptor.intercept(RetryAndFollowUpInterceptor.java:126)
	at okhttp3.internal.http.RealInterceptorChain.proceed(RealInterceptorChain.java:147)
	at okhttp3.internal.http.RealInterceptorChain.proceed(RealInterceptorChain.java:121)
	at okhttp3.RealCall.getResponseWithInterceptorChain(RealCall.java:200)
	at okhttp3.RealCall.execute(RealCall.java:77)
	at org.openqa.selenium.remote.internal.OkHttpClient.execute(OkHttpClient.java:103)
	at org.openqa.selenium.remote.HttpCommandExecutor.execute(HttpCommandExecutor.java:155)
	at org.openqa.selenium.remote.service.DriverCommandExecutor.execute(DriverCommandExecutor.java:83)
	... 55 more
Caused by: java.net.ConnectException: Connection refused: no further information
	at okhttp3.internal.platform.Platform.connectSocket(Platform.java:129)
	at okhttp3.internal.connection.RealConnection.connectSocket(RealConnection.java:245)
	... 75 more
)

21-10-2025T19:02:40 - [MESSAGE][WARNING] - A browser is already opened. Closing browser and opening a new one

21-10-2025T19:02:40 - [MESSAGE][FAILED] - Unable to open browser with url: '' (Root cause: com.kms.katalon.core.exception.StepFailedException: Unable to open browser with url: ''
	at com.kms.katalon.core.webui.keyword.internal.WebUIKeywordMain.stepFailed(WebUIKeywordMain.groovy:117)
	at com.kms.katalon.core.webui.keyword.internal.WebUIKeywordMain.runKeyword(WebUIKeywordMain.groovy:43)
	at com.kms.katalon.core.webui.keyword.builtin.OpenBrowserKeyword.openBrowser(OpenBrowserKeyword.groovy:82)
	at com.kms.katalon.core.webui.keyword.builtin.OpenBrowserKeyword.execute(OpenBrowserKeyword.groovy:68)
	at com.kms.katalon.core.keyword.internal.KeywordExecutor.executeKeywordForPlatform(KeywordExecutor.groovy:74)
	at com.kms.katalon.core.webui.keyword.WebUiBuiltInKeywords.openBrowser(WebUiBuiltInKeywords.groovy:64)
	at com.kms.katalon.core.webui.keyword.WebUiBuiltInKeywords$openBrowser.call(Unknown Source)
	at DES Login.run(DES Login:20)
	at com.kms.katalon.core.main.ScriptEngine.run(ScriptEngine.java:194)
	at com.kms.katalon.core.main.ScriptEngine.runScriptAsRawText(ScriptEngine.java:119)
	at com.kms.katalon.core.main.TestCaseExecutor.runScript(TestCaseExecutor.java:448)
	at com.kms.katalon.core.main.TestCaseExecutor.doExecute(TestCaseExecutor.java:439)
	at com.kms.katalon.core.main.TestCaseExecutor.processExecutionPhase(TestCaseExecutor.java:418)
	at com.kms.katalon.core.main.TestCaseExecutor.accessMainPhase(TestCaseExecutor.java:410)
	at com.kms.katalon.core.main.TestCaseExecutor.execute(TestCaseExecutor.java:285)
	at com.kms.katalon.core.main.TestCaseMain.runTestCase(TestCaseMain.java:137)
	at com.kms.katalon.core.keyword.builtin.CallTestCaseKeyword$_callTestCase_closure1.doCall(CallTestCaseKeyword.groovy:59)
	at com.kms.katalon.core.keyword.builtin.CallTestCaseKeyword$_callTestCase_closure1.call(CallTestCaseKeyword.groovy)
	at com.kms.katalon.core.keyword.internal.KeywordMain.runKeyword(KeywordMain.groovy:75)
	at com.kms.katalon.core.keyword.builtin.CallTestCaseKeyword.callTestCase(CallTestCaseKeyword.groovy:81)
	at com.kms.katalon.core.keyword.builtin.CallTestCaseKeyword.execute(CallTestCaseKeyword.groovy:44)
	at com.kms.katalon.core.keyword.internal.KeywordExecutor.executeKeywordForPlatform(KeywordExecutor.groovy:74)
	at com.kms.katalon.core.keyword.BuiltinKeywords.callTestCase(BuiltinKeywords.groovy:310)
	at jdk.internal.reflect.GeneratedMethodAccessor41.invoke(Unknown Source)
	at java.base/jdk.internal.reflect.DelegatingMethodAccessorImpl.invoke(DelegatingMethodAccessorImpl.java:43)
	at AddLTRSubscription.run(AddLTRSubscription:20)
	at com.kms.katalon.core.main.ScriptEngine.run(ScriptEngine.java:194)
	at com.kms.katalon.core.main.ScriptEngine.runScriptAsRawText(ScriptEngine.java:119)
	at com.kms.katalon.core.main.TestCaseExecutor.runScript(TestCaseExecutor.java:448)
	at com.kms.katalon.core.main.TestCaseExecutor.doExecute(TestCaseExecutor.java:439)
	at com.kms.katalon.core.main.TestCaseExecutor.processExecutionPhase(TestCaseExecutor.java:418)
	at com.kms.katalon.core.main.TestCaseExecutor.accessMainPhase(TestCaseExecutor.java:410)
	at com.kms.katalon.core.main.TestCaseExecutor.execute(TestCaseExecutor.java:285)
	at com.kms.katalon.core.common.CommonExecutor.accessTestCaseMainPhase(CommonExecutor.java:65)
	at com.kms.katalon.core.main.TestSuiteExecutor.accessTestSuiteMainPhase(TestSuiteExecutor.java:150)
	at com.kms.katalon.core.main.TestSuiteExecutor.execute(TestSuiteExecutor.java:106)
	at com.kms.katalon.core.main.TestCaseMain.startTestSuite(TestCaseMain.java:180)
	at com.kms.katalon.core.main.TestCaseMain$startTestSuite$0.call(Unknown Source)
	at TempTestSuite1761084128061.run(TempTestSuite1761084128061.groovy:35)
	at java.base/jdk.internal.reflect.NativeMethodAccessorImpl.invoke0(Native Method)
	at java.base/jdk.internal.reflect.NativeMethodAccessorImpl.invoke(NativeMethodAccessorImpl.java:77)
	at java.base/jdk.internal.reflect.DelegatingMethodAccessorImpl.invoke(DelegatingMethodAccessorImpl.java:43)
Caused by: org.openqa.selenium.WebDriverException: java.net.ConnectException: Failed to connect to localhost/[0:0:0:0:0:0:0:1]:27993
Build info: version: '3.141.59', revision: 'unknown', time: 'unknown'
System info: host: 'DC1ADOBLD01', ip: '10.2.20.71', os.name: 'Windows Server 2019', os.arch: 'amd64', os.version: '10.0', java.version: '17.0.7'
Driver info: driver.version: EventFiringWebDriver
	at org.openqa.selenium.remote.service.DriverCommandExecutor.execute(DriverCommandExecutor.java:92)
	at org.openqa.selenium.remote.RemoteWebDriver.execute(RemoteWebDriver.java:552)
	at com.kms.katalon.selenium.driver.CChromeDriver.execute(CChromeDriver.java:19)
	at org.openqa.selenium.remote.RemoteWebDriver.execute(RemoteWebDriver.java:609)
	at org.openqa.selenium.remote.RemoteWebDriver.quit(RemoteWebDriver.java:452)
	at jdk.internal.reflect.GeneratedMethodAccessor46.invoke(Unknown Source)
	at java.base/jdk.internal.reflect.DelegatingMethodAccessorImpl.invoke(DelegatingMethodAccessorImpl.java:43)
	at org.openqa.selenium.support.events.EventFiringWebDriver.lambda$new$1(EventFiringWebDriver.java:105)
	at jdk.proxy2/jdk.proxy2.$Proxy26.quit(Unknown Source)
	at org.openqa.selenium.support.events.EventFiringWebDriver.quit(EventFiringWebDriver.java:211)
	at com.kms.katalon.core.webui.driver.DriverFactory.closeWebDriver(DriverFactory.java:1608)
	at com.kms.katalon.core.webui.driver.DriverFactory.startNewBrowser(DriverFactory.java:360)
	at com.kms.katalon.core.webui.driver.DriverFactory.openWebDriver(DriverFactory.java:273)
	at com.kms.katalon.core.webui.keyword.builtin.OpenBrowserKeyword$_openBrowser_closure1.doCall(OpenBrowserKeyword.groovy:75)
	at com.kms.katalon.core.webui.keyword.builtin.OpenBrowserKeyword$_openBrowser_closure1.call(OpenBrowserKeyword.groovy)
	at com.kms.katalon.core.webui.keyword.internal.WebUIKeywordMain.runKeyword(WebUIKeywordMain.groovy:35)
	at com.kms.katalon.core.webui.keyword.builtin.OpenBrowserKeyword.openBrowser(OpenBrowserKeyword.groovy:82)
	at com.kms.katalon.core.webui.keyword.builtin.OpenBrowserKeyword.execute(OpenBrowserKeyword.groovy:68)
	at com.kms.katalon.core.keyword.internal.KeywordExecutor.executeKeywordForPlatform(KeywordExecutor.groovy:74)
	at com.kms.katalon.core.webui.keyword.WebUiBuiltInKeywords.openBrowser(WebUiBuiltInKeywords.groovy:64)
	at com.kms.katalon.core.webui.keyword.WebUiBuiltInKeywords$openBrowser.call(Unknown Source)
	at Script1749499513693.run(Script1749499513693.groovy:20)
	at com.kms.katalon.core.main.ScriptEngine.run(ScriptEngine.java:194)
	at com.kms.katalon.core.main.ScriptEngine.runScriptAsRawText(ScriptEngine.java:119)
	at com.kms.katalon.core.main.TestCaseExecutor.runScript(TestCaseExecutor.java:448)
	at com.kms.katalon.core.main.TestCaseExecutor.doExecute(TestCaseExecutor.java:439)
	at com.kms.katalon.core.main.TestCaseExecutor.processExecutionPhase(TestCaseExecutor.java:418)
	at com.kms.katalon.core.main.TestCaseExecutor.accessMainPhase(TestCaseExecutor.java:410)
	at com.kms.katalon.core.main.TestCaseExecutor.execute(TestCaseExecutor.java:285)
	at com.kms.katalon.core.main.TestCaseMain.runTestCase(TestCaseMain.java:137)
	at com.kms.katalon.core.keyword.builtin.CallTestCaseKeyword$_callTestCase_closure1.doCall(CallTestCaseKeyword.groovy:59)
	at com.kms.katalon.core.keyword.builtin.CallTestCaseKeyword$_callTestCase_closure1.call(CallTestCaseKeyword.groovy)
	at com.kms.katalon.core.keyword.internal.KeywordMain.runKeyword(KeywordMain.groovy:75)
	at com.kms.katalon.core.keyword.builtin.CallTestCaseKeyword.callTestCase(CallTestCaseKeyword.groovy:81)
	at com.kms.katalon.core.keyword.builtin.CallTestCaseKeyword.execute(CallTestCaseKeyword.groovy:44)
	at com.kms.katalon.core.keyword.internal.KeywordExecutor.executeKeywordForPlatform(KeywordExecutor.groovy:74)
	at com.kms.katalon.core.keyword.BuiltinKeywords.callTestCase(BuiltinKeywords.groovy:310)
	at jdk.internal.reflect.GeneratedMethodAccessor41.invoke(Unknown Source)
	at java.base/jdk.internal.reflect.DelegatingMethodAccessorImpl.invoke(DelegatingMethodAccessorImpl.java:43)
	at Script1683814729134.run(Script1683814729134.groovy:20)
	... 16 more
Caused by: java.net.ConnectException: Failed to connect to localhost/[0:0:0:0:0:0:0:1]:27993
	at okhttp3.internal.connection.RealConnection.connectSocket(RealConnection.java:247)
	at okhttp3.internal.connection.RealConnection.connect(RealConnection.java:165)
	at okhttp3.internal.connection.StreamAllocation.findConnection(StreamAllocation.java:257)
	at okhttp3.internal.connection.StreamAllocation.findHealthyConnection(StreamAllocation.java:135)
	at okhttp3.internal.connection.StreamAllocation.newStream(StreamAllocation.java:114)
	at okhttp3.internal.connection.ConnectInterceptor.intercept(ConnectInterceptor.java:42)
	at okhttp3.internal.http.RealInterceptorChain.proceed(RealInterceptorChain.java:147)
	at okhttp3.internal.http.RealInterceptorChain.proceed(RealInterceptorChain.java:121)
	at okhttp3.internal.cache.CacheInterceptor.intercept(CacheInterceptor.java:93)
	at okhttp3.internal.http.RealInterceptorChain.proceed(RealInterceptorChain.java:147)
	at okhttp3.internal.http.RealInterceptorChain.proceed(RealInterceptorChain.java:121)
	at okhttp3.internal.http.BridgeInterceptor.intercept(BridgeInterceptor.java:93)
	at okhttp3.internal.http.RealInterceptorChain.proceed(RealInterceptorChain.java:147)
	at okhttp3.internal.http.RetryAndFollowUpInterceptor.intercept(RetryAndFollowUpInterceptor.java:126)
	at okhttp3.internal.http.RealInterceptorChain.proceed(RealInterceptorChain.java:147)
	at okhttp3.internal.http.RealInterceptorChain.proceed(RealInterceptorChain.java:121)
	at okhttp3.RealCall.getResponseWithInterceptorChain(RealCall.java:200)
	at okhttp3.RealCall.execute(RealCall.java:77)
	at org.openqa.selenium.remote.internal.OkHttpClient.execute(OkHttpClient.java:103)
	at org.openqa.selenium.remote.HttpCommandExecutor.execute(HttpCommandExecutor.java:155)
	at org.openqa.selenium.remote.service.DriverCommandExecutor.execute(DriverCommandExecutor.java:83)
	... 55 more
Caused by: java.net.ConnectException: Connection refused: no further information
	at okhttp3.internal.platform.Platform.connectSocket(Platform.java:129)
	at okhttp3.internal.connection.RealConnection.connectSocket(RealConnection.java:245)
	... 75 more
)

21-10-2025T19:02:40 - [MESSAGE][FAILED] - Unable to call Test Case 'Test Cases/DES/DES Login' (Root cause: com.kms.katalon.core.exception.StepFailedException: Call Test Case 'Test Cases/DES/DES Login' failed
	at com.kms.katalon.core.keyword.builtin.CallTestCaseKeyword$_callTestCase_closure1.doCall(CallTestCaseKeyword.groovy:63)
	at com.kms.katalon.core.keyword.builtin.CallTestCaseKeyword$_callTestCase_closure1.call(CallTestCaseKeyword.groovy)
	at com.kms.katalon.core.keyword.internal.KeywordMain.runKeyword(KeywordMain.groovy:75)
	at com.kms.katalon.core.keyword.builtin.CallTestCaseKeyword.callTestCase(CallTestCaseKeyword.groovy:81)
	at com.kms.katalon.core.keyword.builtin.CallTestCaseKeyword.execute(CallTestCaseKeyword.groovy:44)
	at com.kms.katalon.core.keyword.internal.KeywordExecutor.executeKeywordForPlatform(KeywordExecutor.groovy:74)
	at com.kms.katalon.core.keyword.BuiltinKeywords.callTestCase(BuiltinKeywords.groovy:310)
	at jdk.internal.reflect.GeneratedMethodAccessor41.invoke(Unknown Source)
	at java.base/jdk.internal.reflect.DelegatingMethodAccessorImpl.invoke(DelegatingMethodAccessorImpl.java:43)
	at AddLTRSubscription.run(AddLTRSubscription:20)
	at com.kms.katalon.core.main.ScriptEngine.run(ScriptEngine.java:194)
	at com.kms.katalon.core.main.ScriptEngine.runScriptAsRawText(ScriptEngine.java:119)
	at com.kms.katalon.core.main.TestCaseExecutor.runScript(TestCaseExecutor.java:448)
	at com.kms.katalon.core.main.TestCaseExecutor.doExecute(TestCaseExecutor.java:439)
	at com.kms.katalon.core.main.TestCaseExecutor.processExecutionPhase(TestCaseExecutor.java:418)
	at com.kms.katalon.core.main.TestCaseExecutor.accessMainPhase(TestCaseExecutor.java:410)
	at com.kms.katalon.core.main.TestCaseExecutor.execute(TestCaseExecutor.java:285)
	at com.kms.katalon.core.common.CommonExecutor.accessTestCaseMainPhase(CommonExecutor.java:65)
	at com.kms.katalon.core.main.TestSuiteExecutor.accessTestSuiteMainPhase(TestSuiteExecutor.java:150)
	at com.kms.katalon.core.main.TestSuiteExecutor.execute(TestSuiteExecutor.java:106)
	at com.kms.katalon.core.main.TestCaseMain.startTestSuite(TestCaseMain.java:180)
	at com.kms.katalon.core.main.TestCaseMain$startTestSuite$0.call(Unknown Source)
	at TempTestSuite1761084128061.run(TempTestSuite1761084128061.groovy:35)
	at java.base/jdk.internal.reflect.NativeMethodAccessorImpl.invoke0(Native Method)
	at java.base/jdk.internal.reflect.NativeMethodAccessorImpl.invoke(NativeMethodAccessorImpl.java:77)
	at java.base/jdk.internal.reflect.DelegatingMethodAccessorImpl.invoke(DelegatingMethodAccessorImpl.java:43)
Caused by: com.kms.katalon.core.exception.StepFailedException: Unable to open browser with url: ''
	at com.kms.katalon.core.webui.keyword.internal.WebUIKeywordMain.stepFailed(WebUIKeywordMain.groovy:117)
	at com.kms.katalon.core.webui.keyword.internal.WebUIKeywordMain.runKeyword(WebUIKeywordMain.groovy:43)
	at com.kms.katalon.core.webui.keyword.builtin.OpenBrowserKeyword.openBrowser(OpenBrowserKeyword.groovy:82)
	at com.kms.katalon.core.webui.keyword.builtin.OpenBrowserKeyword.execute(OpenBrowserKeyword.groovy:68)
	at com.kms.katalon.core.keyword.internal.KeywordExecutor.executeKeywordForPlatform(KeywordExecutor.groovy:74)
	at com.kms.katalon.core.webui.keyword.WebUiBuiltInKeywords.openBrowser(WebUiBuiltInKeywords.groovy:64)
	at com.kms.katalon.core.webui.keyword.WebUiBuiltInKeywords$openBrowser.call(Unknown Source)
	at DES Login.run(DES Login:20)
	at com.kms.katalon.core.main.ScriptEngine.run(ScriptEngine.java:194)
	at com.kms.katalon.core.main.ScriptEngine.runScriptAsRawText(ScriptEngine.java:119)
	at com.kms.katalon.core.main.TestCaseExecutor.runScript(TestCaseExecutor.java:448)
	at com.kms.katalon.core.main.TestCaseExecutor.doExecute(TestCaseExecutor.java:439)
	at com.kms.katalon.core.main.TestCaseExecutor.processExecutionPhase(TestCaseExecutor.java:418)
	at com.kms.katalon.core.main.TestCaseExecutor.accessMainPhase(TestCaseExecutor.java:410)
	at com.kms.katalon.core.main.TestCaseExecutor.execute(TestCaseExecutor.java:285)
	at com.kms.katalon.core.main.TestCaseMain.runTestCase(TestCaseMain.java:137)
	at com.kms.katalon.core.keyword.builtin.CallTestCaseKeyword$_callTestCase_closure1.doCall(CallTestCaseKeyword.groovy:59)
	... 25 more
Caused by: org.openqa.selenium.WebDriverException: java.net.ConnectException: Failed to connect to localhost/[0:0:0:0:0:0:0:1]:27993
Build info: version: '3.141.59', revision: 'unknown', time: 'unknown'
System info: host: 'DC1ADOBLD01', ip: '10.2.20.71', os.name: 'Windows Server 2019', os.arch: 'amd64', os.version: '10.0', java.version: '17.0.7'
Driver info: driver.version: EventFiringWebDriver
	at org.openqa.selenium.remote.service.DriverCommandExecutor.execute(DriverCommandExecutor.java:92)
	at org.openqa.selenium.remote.RemoteWebDriver.execute(RemoteWebDriver.java:552)
	at com.kms.katalon.selenium.driver.CChromeDriver.execute(CChromeDriver.java:19)
	at org.openqa.selenium.remote.RemoteWebDriver.execute(RemoteWebDriver.java:609)
	at org.openqa.selenium.remote.RemoteWebDriver.quit(RemoteWebDriver.java:452)
	at jdk.internal.reflect.GeneratedMethodAccessor46.invoke(Unknown Source)
	at java.base/jdk.internal.reflect.DelegatingMethodAccessorImpl.invoke(DelegatingMethodAccessorImpl.java:43)
	at org.openqa.selenium.support.events.EventFiringWebDriver.lambda$new$1(EventFiringWebDriver.java:105)
	at jdk.proxy2/jdk.proxy2.$Proxy26.quit(Unknown Source)
	at org.openqa.selenium.support.events.EventFiringWebDriver.quit(EventFiringWebDriver.java:211)
	at com.kms.katalon.core.webui.driver.DriverFactory.closeWebDriver(DriverFactory.java:1608)
	at com.kms.katalon.core.webui.driver.DriverFactory.startNewBrowser(DriverFactory.java:360)
	at com.kms.katalon.core.webui.driver.DriverFactory.openWebDriver(DriverFactory.java:273)
	at com.kms.katalon.core.webui.keyword.builtin.OpenBrowserKeyword$_openBrowser_closure1.doCall(OpenBrowserKeyword.groovy:75)
	at com.kms.katalon.core.webui.keyword.builtin.OpenBrowserKeyword$_openBrowser_closure1.call(OpenBrowserKeyword.groovy)
	at com.kms.katalon.core.webui.keyword.internal.WebUIKeywordMain.runKeyword(WebUIKeywordMain.groovy:35)
	at com.kms.katalon.core.webui.keyword.builtin.OpenBrowserKeyword.openBrowser(OpenBrowserKeyword.groovy:82)
	at com.kms.katalon.core.webui.keyword.builtin.OpenBrowserKeyword.execute(OpenBrowserKeyword.groovy:68)
	at com.kms.katalon.core.keyword.internal.KeywordExecutor.executeKeywordForPlatform(KeywordExecutor.groovy:74)
	at com.kms.katalon.core.webui.keyword.WebUiBuiltInKeywords.openBrowser(WebUiBuiltInKeywords.groovy:64)
	at com.kms.katalon.core.webui.keyword.WebUiBuiltInKeywords$openBrowser.call(Unknown Source)
	at Script1749499513693.run(Script1749499513693.groovy:20)
	at com.kms.katalon.core.main.ScriptEngine.run(ScriptEngine.java:194)
	at com.kms.katalon.core.main.ScriptEngine.runScriptAsRawText(ScriptEngine.java:119)
	at com.kms.katalon.core.main.TestCaseExecutor.runScript(TestCaseExecutor.java:448)
	at com.kms.katalon.core.main.TestCaseExecutor.doExecute(TestCaseExecutor.java:439)
	at com.kms.katalon.core.main.TestCaseExecutor.processExecutionPhase(TestCaseExecutor.java:418)
	at com.kms.katalon.core.main.TestCaseExecutor.accessMainPhase(TestCaseExecutor.java:410)
	at com.kms.katalon.core.main.TestCaseExecutor.execute(TestCaseExecutor.java:285)
	at com.kms.katalon.core.main.TestCaseMain.runTestCase(TestCaseMain.java:137)
	at com.kms.katalon.core.keyword.builtin.CallTestCaseKeyword$_callTestCase_closure1.doCall(CallTestCaseKeyword.groovy:59)
	at com.kms.katalon.core.keyword.builtin.CallTestCaseKeyword$_callTestCase_closure1.call(CallTestCaseKeyword.groovy)
	at com.kms.katalon.core.keyword.internal.KeywordMain.runKeyword(KeywordMain.groovy:75)
	at com.kms.katalon.core.keyword.builtin.CallTestCaseKeyword.callTestCase(CallTestCaseKeyword.groovy:81)
	at com.kms.katalon.core.keyword.builtin.CallTestCaseKeyword.execute(CallTestCaseKeyword.groovy:44)
	at com.kms.katalon.core.keyword.internal.KeywordExecutor.executeKeywordForPlatform(KeywordExecutor.groovy:74)
	at com.kms.katalon.core.keyword.BuiltinKeywords.callTestCase(BuiltinKeywords.groovy:310)
	at jdk.internal.reflect.GeneratedMethodAccessor41.invoke(Unknown Source)
	at java.base/jdk.internal.reflect.DelegatingMethodAccessorImpl.invoke(DelegatingMethodAccessorImpl.java:43)
	at Script1683814729134.run(Script1683814729134.groovy:20)
	... 16 more
Caused by: java.net.ConnectException: Failed to connect to localhost/[0:0:0:0:0:0:0:1]:27993
	at okhttp3.internal.connection.RealConnection.connectSocket(RealConnection.java:247)
	at okhttp3.internal.connection.RealConnection.connect(RealConnection.java:165)
	at okhttp3.internal.connection.StreamAllocation.findConnection(StreamAllocation.java:257)
	at okhttp3.internal.connection.StreamAllocation.findHealthyConnection(StreamAllocation.java:135)
	at okhttp3.internal.connection.StreamAllocation.newStream(StreamAllocation.java:114)
	at okhttp3.internal.connection.ConnectInterceptor.intercept(ConnectInterceptor.java:42)
	at okhttp3.internal.http.RealInterceptorChain.proceed(RealInterceptorChain.java:147)
	at okhttp3.internal.http.RealInterceptorChain.proceed(RealInterceptorChain.java:121)
	at okhttp3.internal.cache.CacheInterceptor.intercept(CacheInterceptor.java:93)
	at okhttp3.internal.http.RealInterceptorChain.proceed(RealInterceptorChain.java:147)
	at okhttp3.internal.http.RealInterceptorChain.proceed(RealInterceptorChain.java:121)
	at okhttp3.internal.http.BridgeInterceptor.intercept(BridgeInterceptor.java:93)
	at okhttp3.internal.http.RealInterceptorChain.proceed(RealInterceptorChain.java:147)
	at okhttp3.internal.http.RetryAndFollowUpInterceptor.intercept(RetryAndFollowUpInterceptor.java:126)
	at okhttp3.internal.http.RealInterceptorChain.proceed(RealInterceptorChain.java:147)
	at okhttp3.internal.http.RealInterceptorChain.proceed(RealInterceptorChain.java:121)
	at okhttp3.RealCall.getResponseWithInterceptorChain(RealCall.java:200)
	at okhttp3.RealCall.execute(RealCall.java:77)
	at org.openqa.selenium.remote.internal.OkHttpClient.execute(OkHttpClient.java:103)
	at org.openqa.selenium.remote.HttpCommandExecutor.execute(HttpCommandExecutor.java:155)
	at org.openqa.selenium.remote.service.DriverCommandExecutor.execute(DriverCommandExecutor.java:83)
	... 55 more
Caused by: java.net.ConnectException: Connection refused: no further information
	at okhttp3.internal.platform.Platform.connectSocket(Platform.java:129)
	at okhttp3.internal.connection.RealConnection.connectSocket(RealConnection.java:245)
	at okhttp3.internal.connection.RealConnection.connect(RealConnection.java:165)
	at okhttp3.internal.connection.StreamAllocation.findConnection(StreamAllocation.java:257)
	at okhttp3.internal.connection.StreamAllocation.findHealthyConnection(StreamAllocation.java:135)
	at okhttp3.internal.connection.StreamAllocation.newStream(StreamAllocation.java:114)
	at okhttp3.internal.connection.ConnectInterceptor.intercept(ConnectInterceptor.java:42)
	at okhttp3.internal.http.RealInterceptorChain.proceed(RealInterceptorChain.java:147)
	at okhttp3.internal.http.RealInterceptorChain.proceed(RealInterceptorChain.java:121)
	at okhttp3.internal.cache.CacheInterceptor.intercept(CacheInterceptor.java:93)
	at okhttp3.internal.http.RealInterceptorChain.proceed(RealInterceptorChain.java:147)
	at okhttp3.internal.http.RealInterceptorChain.proceed(RealInterceptorChain.java:121)
	at okhttp3.internal.http.BridgeInterceptor.intercept(BridgeInterceptor.java:93)
	at okhttp3.internal.http.RealInterceptorChain.proceed(RealInterceptorChain.java:147)
	at okhttp3.internal.http.RetryAndFollowUpInterceptor.intercept(RetryAndFollowUpInterceptor.java:126)
	at okhttp3.internal.http.RealInterceptorChain.proceed(RealInterceptorChain.java:147)
	at okhttp3.internal.http.RealInterceptorChain.proceed(RealInterceptorChain.java:121)
	at okhttp3.RealCall.getResponseWithInterceptorChain(RealCall.java:200)
	at okhttp3.RealCall.execute(RealCall.java:77)
	at org.openqa.selenium.remote.internal.OkHttpClient.execute(OkHttpClient.java:103)
	at org.openqa.selenium.remote.HttpCommandExecutor.execute(HttpCommandExecutor.java:155)
	at org.openqa.selenium.remote.service.DriverCommandExecutor.execute(DriverCommandExecutor.java:83)
	at org.openqa.selenium.remote.RemoteWebDriver.execute(RemoteWebDriver.java:552)
	at com.kms.katalon.selenium.driver.CChromeDriver.execute(CChromeDriver.java:19)
	at org.openqa.selenium.remote.RemoteWebDriver.execute(RemoteWebDriver.java:609)
	at org.openqa.selenium.remote.RemoteWebDriver.quit(RemoteWebDriver.java:452)
	at jdk.internal.reflect.GeneratedMethodAccessor46.invoke(Unknown Source)
	at java.base/jdk.internal.reflect.DelegatingMethodAccessorImpl.invoke(DelegatingMethodAccessorImpl.java:43)
	at org.openqa.selenium.support.events.EventFiringWebDriver.lambda$new$1(EventFiringWebDriver.java:105)
	at jdk.proxy2/jdk.proxy2.$Proxy26.quit(Unknown Source)
	at org.openqa.selenium.support.events.EventFiringWebDriver.quit(EventFiringWebDriver.java:211)
	at com.kms.katalon.core.webui.driver.DriverFactory.closeWebDriver(DriverFactory.java:1608)
	at com.kms.katalon.core.webui.driver.DriverFactory.startNewBrowser(DriverFactory.java:360)
	at com.kms.katalon.core.webui.driver.DriverFactory.openWebDriver(DriverFactory.java:273)
	at com.kms.katalon.core.webui.keyword.builtin.OpenBrowserKeyword$_openBrowser_closure1.doCall(OpenBrowserKeyword.groovy:75)
	at com.kms.katalon.core.webui.keyword.builtin.OpenBrowserKeyword$_openBrowser_closure1.call(OpenBrowserKeyword.groovy)
	at com.kms.katalon.core.webui.keyword.internal.WebUIKeywordMain.runKeyword(WebUIKeywordMain.groovy:35)
	at com.kms.katalon.core.webui.keyword.builtin.OpenBrowserKeyword.openBrowser(OpenBrowserKeyword.groovy:82)
	at com.kms.katalon.core.webui.keyword.builtin.OpenBrowserKeyword.execute(OpenBrowserKeyword.groovy:68)
	at com.kms.katalon.core.keyword.internal.KeywordExecutor.executeKeywordForPlatform(KeywordExecutor.groovy:74)
	at com.kms.katalon.core.webui.keyword.WebUiBuiltInKeywords.openBrowser(WebUiBuiltInKeywords.groovy:64)
	at com.kms.katalon.core.webui.keyword.WebUiBuiltInKeywords$openBrowser.call(Unknown Source)
	at DES Login.run(DES Login:20)
	at com.kms.katalon.core.main.ScriptEngine.run(ScriptEngine.java:194)
	at com.kms.katalon.core.main.ScriptEngine.runScriptAsRawText(ScriptEngine.java:119)
	at com.kms.katalon.core.main.TestCaseExecutor.runScript(TestCaseExecutor.java:448)
	at com.kms.katalon.core.main.TestCaseExecutor.doExecute(TestCaseExecutor.java:439)
	at com.kms.katalon.core.main.TestCaseExecutor.processExecutionPhase(TestCaseExecutor.java:418)
	at com.kms.katalon.core.main.TestCaseExecutor.accessMainPhase(TestCaseExecutor.java:410)
	at com.kms.katalon.core.main.TestCaseExecutor.execute(TestCaseExecutor.java:285)
	at com.kms.katalon.core.main.TestCaseMain.runTestCase(TestCaseMain.java:137)
	at com.kms.katalon.core.keyword.builtin.CallTestCaseKeyword$_callTestCase_closure1.doCall(CallTestCaseKeyword.groovy:59)
	at com.kms.katalon.core.keyword.builtin.CallTestCaseKeyword$_callTestCase_closure1.call(CallTestCaseKeyword.groovy)
	at com.kms.katalon.core.keyword.internal.KeywordMain.runKeyword(KeywordMain.groovy:75)
	at com.kms.katalon.core.keyword.builtin.CallTestCaseKeyword.callTestCase(CallTestCaseKeyword.groovy:81)
	at com.kms.katalon.core.keyword.builtin.CallTestCaseKeyword.execute(CallTestCaseKeyword.groovy:44)
	at com.kms.katalon.core.keyword.internal.KeywordExecutor.executeKeywordForPlatform(KeywordExecutor.groovy:74)
	at com.kms.katalon.core.keyword.BuiltinKeywords.callTestCase(BuiltinKeywords.groovy:310)
	at jdk.internal.reflect.GeneratedMethodAccessor41.invoke(Unknown Source)
	at java.base/jdk.internal.reflect.DelegatingMethodAccessorImpl.invoke(DelegatingMethodAccessorImpl.java:43)
	at AddLTRSubscription.run(AddLTRSubscription:20)
	... 16 more
)

21-10-2025T19:02:40 - [TEST_STEP][FAILED] - Start listener action : retryOnDisconnect: null

21-10-2025T19:02:40 - [TEST_STEP][PASSED] - tcId = testCaseContext.getTestCaseId(): null

21-10-2025T19:02:40 - [TEST_STEP][PASSED] - currentRetry = retryCounts.getOrDefault(tcId, 0): null

21-10-2025T19:02:40 - [TEST_STEP][FAILED] - if (testCaseContext.getTestCaseStatus() == "FAILED" && currentRetry < MAX_RETRIES): null

21-10-2025T19:02:40 - [TEST_STEP][FAILED] - try: Unable to get the url of the current window (Root cause: com.kms.katalon.core.exception.StepFailedException: Unable to get the url of the current window
	at com.kms.katalon.core.webui.keyword.internal.WebUIKeywordMain.stepFailed(WebUIKeywordMain.groovy:117)
	at com.kms.katalon.core.webui.keyword.internal.WebUIKeywordMain.runKeyword(WebUIKeywordMain.groovy:43)
	at com.kms.katalon.core.webui.keyword.builtin.GetUrlKeyword.getUrl(GetUrlKeyword.groovy:76)
	at com.kms.katalon.core.webui.keyword.builtin.GetUrlKeyword.execute(GetUrlKeyword.groovy:66)
	at com.kms.katalon.core.keyword.internal.KeywordExecutor.executeKeywordForPlatform(KeywordExecutor.groovy:74)
	at com.kms.katalon.core.webui.keyword.WebUiBuiltInKeywords.getUrl(WebUiBuiltInKeywords.groovy:276)
	at com.kms.katalon.core.webui.keyword.WebUiBuiltInKeywords$getUrl$14.call(Unknown Source)
	at WebDriverRetryListener.retryOnDisconnect(WebDriverRecoveryListener.groovy:22)
	at jdk.internal.reflect.GeneratedMethodAccessor47.invoke(Unknown Source)
	at java.base/jdk.internal.reflect.DelegatingMethodAccessorImpl.invoke(DelegatingMethodAccessorImpl.java:43)
	at com.kms.katalon.core.context.internal.TestHooker.invokeMethod(TestHooker.java:111)
	at com.kms.katalon.core.context.internal.TestHooker.lambda$3(TestHooker.java:95)
	at com.kms.katalon.core.context.internal.TestHooker.invokeContextMethods(TestHooker.java:94)
	at com.kms.katalon.core.context.internal.TestListenerCollector.lambda$3(TestListenerCollector.java:88)
	at com.kms.katalon.core.context.internal.TestListenerCollector.handleListenerEvent(TestListenerCollector.java:85)
	at com.kms.katalon.core.context.internal.ExecutionEventManager.publicEvent(ExecutionEventManager.java:36)
	at com.kms.katalon.core.main.TestCaseExecutor.execute(TestCaseExecutor.java:315)
	at com.kms.katalon.core.common.CommonExecutor.accessTestCaseMainPhase(CommonExecutor.java:65)
	at com.kms.katalon.core.main.TestSuiteExecutor.accessTestSuiteMainPhase(TestSuiteExecutor.java:150)
	at com.kms.katalon.core.main.TestSuiteExecutor.execute(TestSuiteExecutor.java:106)
	at com.kms.katalon.core.main.TestCaseMain.startTestSuite(TestCaseMain.java:180)
	at com.kms.katalon.core.main.TestCaseMain$startTestSuite$0.call(Unknown Source)
	at TempTestSuite1761084128061.run(TempTestSuite1761084128061.groovy:35)
	at java.base/jdk.internal.reflect.NativeMethodAccessorImpl.invoke0(Native Method)
	at java.base/jdk.internal.reflect.NativeMethodAccessorImpl.invoke(NativeMethodAccessorImpl.java:77)
	at java.base/jdk.internal.reflect.DelegatingMethodAccessorImpl.invoke(DelegatingMethodAccessorImpl.java:43)
Caused by: org.openqa.selenium.NoSuchSessionException: Session ID is null. Using WebDriver after calling quit()?
Build info: version: '3.141.59', revision: 'unknown', time: 'unknown'
System info: host: 'DC1ADOBLD01', ip: '10.2.20.71', os.name: 'Windows Server 2019', os.arch: 'amd64', os.version: '10.0', java.version: '17.0.7'
Driver info: driver.version: CChromeDriver
	at org.openqa.selenium.remote.HttpCommandExecutor.execute(HttpCommandExecutor.java:125)
	at org.openqa.selenium.remote.service.DriverCommandExecutor.execute(DriverCommandExecutor.java:83)
	at org.openqa.selenium.remote.RemoteWebDriver.execute(RemoteWebDriver.java:552)
	at com.kms.katalon.selenium.driver.CChromeDriver.execute(CChromeDriver.java:19)
	at org.openqa.selenium.remote.RemoteWebDriver$RemoteTargetLocator.window(RemoteWebDriver.java:903)
	at org.openqa.selenium.support.events.EventFiringWebDriver$EventFiringTargetLocator.window(EventFiringWebDriver.java:718)
	at com.kms.katalon.core.webui.driver.DriverFactory.switchToAvailableWindow(DriverFactory.java:1182)
	at com.kms.katalon.core.webui.driver.DriverFactory.verifyWebDriver(DriverFactory.java:1065)
	at com.kms.katalon.core.webui.driver.DriverFactory.getWebDriver(DriverFactory.java:1048)
	at com.kms.katalon.core.webui.keyword.builtin.GetUrlKeyword$_getUrl_closure1.doCall(GetUrlKeyword.groovy:73)
	at com.kms.katalon.core.webui.keyword.builtin.GetUrlKeyword$_getUrl_closure1.call(GetUrlKeyword.groovy)
	at com.kms.katalon.core.webui.keyword.internal.WebUIKeywordMain.runKeyword(WebUIKeywordMain.groovy:35)
	... 24 more
)

21-10-2025T19:02:40 - [TEST_STEP][PASSED] - comment(Checking for WebDriver disconnect for test case: $tcId): Checking for WebDriver disconnect for test case: Test Cases/DES/Trading Partners Page/Subscription/Outbound/AddLTRSubscription

21-10-2025T19:02:40 - [MESSAGE][INFO] - Checking for WebDriver disconnect for test case: Test Cases/DES/Trading Partners Page/Subscription/Outbound/AddLTRSubscription

21-10-2025T19:02:40 - [TEST_STEP][FAILED] - getUrl(): Unable to get the url of the current window (Root cause: com.kms.katalon.core.exception.StepFailedException: Unable to get the url of the current window
	at com.kms.katalon.core.webui.keyword.internal.WebUIKeywordMain.stepFailed(WebUIKeywordMain.groovy:117)
	at com.kms.katalon.core.webui.keyword.internal.WebUIKeywordMain.runKeyword(WebUIKeywordMain.groovy:43)
	at com.kms.katalon.core.webui.keyword.builtin.GetUrlKeyword.getUrl(GetUrlKeyword.groovy:76)
	at com.kms.katalon.core.webui.keyword.builtin.GetUrlKeyword.execute(GetUrlKeyword.groovy:66)
	at com.kms.katalon.core.keyword.internal.KeywordExecutor.executeKeywordForPlatform(KeywordExecutor.groovy:74)
	at com.kms.katalon.core.webui.keyword.WebUiBuiltInKeywords.getUrl(WebUiBuiltInKeywords.groovy:276)
	at com.kms.katalon.core.webui.keyword.WebUiBuiltInKeywords$getUrl$14.call(Unknown Source)
	at WebDriverRetryListener.retryOnDisconnect(WebDriverRecoveryListener.groovy:22)
	at jdk.internal.reflect.GeneratedMethodAccessor47.invoke(Unknown Source)
	at java.base/jdk.internal.reflect.DelegatingMethodAccessorImpl.invoke(DelegatingMethodAccessorImpl.java:43)
	at com.kms.katalon.core.context.internal.TestHooker.invokeMethod(TestHooker.java:111)
	at com.kms.katalon.core.context.internal.TestHooker.lambda$3(TestHooker.java:95)
	at com.kms.katalon.core.context.internal.TestHooker.invokeContextMethods(TestHooker.java:94)
	at com.kms.katalon.core.context.internal.TestListenerCollector.lambda$3(TestListenerCollector.java:88)
	at com.kms.katalon.core.context.internal.TestListenerCollector.handleListenerEvent(TestListenerCollector.java:85)
	at com.kms.katalon.core.context.internal.ExecutionEventManager.publicEvent(ExecutionEventManager.java:36)
	at com.kms.katalon.core.main.TestCaseExecutor.execute(TestCaseExecutor.java:315)
	at com.kms.katalon.core.common.CommonExecutor.accessTestCaseMainPhase(CommonExecutor.java:65)
	at com.kms.katalon.core.main.TestSuiteExecutor.accessTestSuiteMainPhase(TestSuiteExecutor.java:150)
	at com.kms.katalon.core.main.TestSuiteExecutor.execute(TestSuiteExecutor.java:106)
	at com.kms.katalon.core.main.TestCaseMain.startTestSuite(TestCaseMain.java:180)
	at com.kms.katalon.core.main.TestCaseMain$startTestSuite$0.call(Unknown Source)
	at TempTestSuite1761084128061.run(TempTestSuite1761084128061.groovy:35)
	at java.base/jdk.internal.reflect.NativeMethodAccessorImpl.invoke0(Native Method)
	at java.base/jdk.internal.reflect.NativeMethodAccessorImpl.invoke(NativeMethodAccessorImpl.java:77)
	at java.base/jdk.internal.reflect.DelegatingMethodAccessorImpl.invoke(DelegatingMethodAccessorImpl.java:43)
Caused by: org.openqa.selenium.NoSuchSessionException: Session ID is null. Using WebDriver after calling quit()?
Build info: version: '3.141.59', revision: 'unknown', time: 'unknown'
System info: host: 'DC1ADOBLD01', ip: '10.2.20.71', os.name: 'Windows Server 2019', os.arch: 'amd64', os.version: '10.0', java.version: '17.0.7'
Driver info: driver.version: CChromeDriver
	at org.openqa.selenium.remote.HttpCommandExecutor.execute(HttpCommandExecutor.java:125)
	at org.openqa.selenium.remote.service.DriverCommandExecutor.execute(DriverCommandExecutor.java:83)
	at org.openqa.selenium.remote.RemoteWebDriver.execute(RemoteWebDriver.java:552)
	at com.kms.katalon.selenium.driver.CChromeDriver.execute(CChromeDriver.java:19)
	at org.openqa.selenium.remote.RemoteWebDriver$RemoteTargetLocator.window(RemoteWebDriver.java:903)
	at org.openqa.selenium.support.events.EventFiringWebDriver$EventFiringTargetLocator.window(EventFiringWebDriver.java:718)
	at com.kms.katalon.core.webui.driver.DriverFactory.switchToAvailableWindow(DriverFactory.java:1182)
	at com.kms.katalon.core.webui.driver.DriverFactory.verifyWebDriver(DriverFactory.java:1065)
	at com.kms.katalon.core.webui.driver.DriverFactory.getWebDriver(DriverFactory.java:1048)
	at com.kms.katalon.core.webui.keyword.builtin.GetUrlKeyword$_getUrl_closure1.doCall(GetUrlKeyword.groovy:73)
	at com.kms.katalon.core.webui.keyword.builtin.GetUrlKeyword$_getUrl_closure1.call(GetUrlKeyword.groovy)
	at com.kms.katalon.core.webui.keyword.internal.WebUIKeywordMain.runKeyword(WebUIKeywordMain.groovy:35)
	... 24 more
)

21-10-2025T19:02:40 - [MESSAGE][FAILED] - Unable to get the url of the current window (Root cause: com.kms.katalon.core.exception.StepFailedException: Unable to get the url of the current window
	at com.kms.katalon.core.webui.keyword.internal.WebUIKeywordMain.stepFailed(WebUIKeywordMain.groovy:117)
	at com.kms.katalon.core.webui.keyword.internal.WebUIKeywordMain.runKeyword(WebUIKeywordMain.groovy:43)
	at com.kms.katalon.core.webui.keyword.builtin.GetUrlKeyword.getUrl(GetUrlKeyword.groovy:76)
	at com.kms.katalon.core.webui.keyword.builtin.GetUrlKeyword.execute(GetUrlKeyword.groovy:66)
	at com.kms.katalon.core.keyword.internal.KeywordExecutor.executeKeywordForPlatform(KeywordExecutor.groovy:74)
	at com.kms.katalon.core.webui.keyword.WebUiBuiltInKeywords.getUrl(WebUiBuiltInKeywords.groovy:276)
	at com.kms.katalon.core.webui.keyword.WebUiBuiltInKeywords$getUrl$14.call(Unknown Source)
	at WebDriverRetryListener.retryOnDisconnect(WebDriverRecoveryListener.groovy:22)
	at jdk.internal.reflect.GeneratedMethodAccessor47.invoke(Unknown Source)
	at java.base/jdk.internal.reflect.DelegatingMethodAccessorImpl.invoke(DelegatingMethodAccessorImpl.java:43)
	at com.kms.katalon.core.context.internal.TestHooker.invokeMethod(TestHooker.java:111)
	at com.kms.katalon.core.context.internal.TestHooker.lambda$3(TestHooker.java:95)
	at com.kms.katalon.core.context.internal.TestHooker.invokeContextMethods(TestHooker.java:94)
	at com.kms.katalon.core.context.internal.TestListenerCollector.lambda$3(TestListenerCollector.java:88)
	at com.kms.katalon.core.context.internal.TestListenerCollector.handleListenerEvent(TestListenerCollector.java:85)
	at com.kms.katalon.core.context.internal.ExecutionEventManager.publicEvent(ExecutionEventManager.java:36)
	at com.kms.katalon.core.main.TestCaseExecutor.execute(TestCaseExecutor.java:315)
	at com.kms.katalon.core.common.CommonExecutor.accessTestCaseMainPhase(CommonExecutor.java:65)
	at com.kms.katalon.core.main.TestSuiteExecutor.accessTestSuiteMainPhase(TestSuiteExecutor.java:150)
	at com.kms.katalon.core.main.TestSuiteExecutor.execute(TestSuiteExecutor.java:106)
	at com.kms.katalon.core.main.TestCaseMain.startTestSuite(TestCaseMain.java:180)
	at com.kms.katalon.core.main.TestCaseMain$startTestSuite$0.call(Unknown Source)
	at TempTestSuite1761084128061.run(TempTestSuite1761084128061.groovy:35)
	at java.base/jdk.internal.reflect.NativeMethodAccessorImpl.invoke0(Native Method)
	at java.base/jdk.internal.reflect.NativeMethodAccessorImpl.invoke(NativeMethodAccessorImpl.java:77)
	at java.base/jdk.internal.reflect.DelegatingMethodAccessorImpl.invoke(DelegatingMethodAccessorImpl.java:43)
Caused by: org.openqa.selenium.NoSuchSessionException: Session ID is null. Using WebDriver after calling quit()?
Build info: version: '3.141.59', revision: 'unknown', time: 'unknown'
System info: host: 'DC1ADOBLD01', ip: '10.2.20.71', os.name: 'Windows Server 2019', os.arch: 'amd64', os.version: '10.0', java.version: '17.0.7'
Driver info: driver.version: CChromeDriver
	at org.openqa.selenium.remote.HttpCommandExecutor.execute(HttpCommandExecutor.java:125)
	at org.openqa.selenium.remote.service.DriverCommandExecutor.execute(DriverCommandExecutor.java:83)
	at org.openqa.selenium.remote.RemoteWebDriver.execute(RemoteWebDriver.java:552)
	at com.kms.katalon.selenium.driver.CChromeDriver.execute(CChromeDriver.java:19)
	at org.openqa.selenium.remote.RemoteWebDriver$RemoteTargetLocator.window(RemoteWebDriver.java:903)
	at org.openqa.selenium.support.events.EventFiringWebDriver$EventFiringTargetLocator.window(EventFiringWebDriver.java:718)
	at com.kms.katalon.core.webui.driver.DriverFactory.switchToAvailableWindow(DriverFactory.java:1182)
	at com.kms.katalon.core.webui.driver.DriverFactory.verifyWebDriver(DriverFactory.java:1065)
	at com.kms.katalon.core.webui.driver.DriverFactory.getWebDriver(DriverFactory.java:1048)
	at com.kms.katalon.core.webui.keyword.builtin.GetUrlKeyword$_getUrl_closure1.doCall(GetUrlKeyword.groovy:73)
	at com.kms.katalon.core.webui.keyword.builtin.GetUrlKeyword$_getUrl_closure1.call(GetUrlKeyword.groovy)
	at com.kms.katalon.core.webui.keyword.internal.WebUIKeywordMain.runKeyword(WebUIKeywordMain.groovy:35)
	... 24 more
)

21-10-2025T19:02:40 - [TEST_STEP][ERROR] - catch (Exception e): org.codehaus.groovy.runtime.InvokerInvocationException: groovy.lang.MissingMethodException: No signature of method: WebDriverRetryListener.findTestCase() is applicable for argument types: (String) values: [Test Cases/DES/Trading Partners Page/Subscription/Outbound/AddLTRSubscription]
	at com.kms.katalon.core.context.internal.TestHooker.invokeMethod(TestHooker.java:111)
	at com.kms.katalon.core.context.internal.TestHooker.lambda$3(TestHooker.java:95)
	at com.kms.katalon.core.context.internal.TestHooker.invokeContextMethods(TestHooker.java:94)
	at com.kms.katalon.core.context.internal.TestListenerCollector.lambda$3(TestListenerCollector.java:88)
	at com.kms.katalon.core.context.internal.TestListenerCollector.handleListenerEvent(TestListenerCollector.java:85)
	at com.kms.katalon.core.context.internal.ExecutionEventManager.publicEvent(ExecutionEventManager.java:36)
	at com.kms.katalon.core.main.TestCaseExecutor.execute(TestCaseExecutor.java:315)
	at com.kms.katalon.core.common.CommonExecutor.accessTestCaseMainPhase(CommonExecutor.java:65)
	at com.kms.katalon.core.main.TestSuiteExecutor.accessTestSuiteMainPhase(TestSuiteExecutor.java:150)
	at com.kms.katalon.core.main.TestSuiteExecutor.execute(TestSuiteExecutor.java:106)
	at com.kms.katalon.core.main.TestCaseMain.startTestSuite(TestCaseMain.java:180)
	at com.kms.katalon.core.main.TestCaseMain$startTestSuite$0.call(Unknown Source)
	at TempTestSuite1761084128061.run(TempTestSuite1761084128061.groovy:35)
	at java.base/jdk.internal.reflect.NativeMethodAccessorImpl.invoke0(Native Method)
	at java.base/jdk.internal.reflect.NativeMethodAccessorImpl.invoke(NativeMethodAccessorImpl.java:77)
	at java.base/jdk.internal.reflect.DelegatingMethodAccessorImpl.invoke(DelegatingMethodAccessorImpl.java:43)
Caused by: groovy.lang.MissingMethodException: No signature of method: WebDriverRetryListener.findTestCase() is applicable for argument types: (String) values: [Test Cases/DES/Trading Partners Page/Subscription/Outbound/AddLTRSubscription]
	at WebDriverRetryListener.retryOnDisconnect(WebDriverRecoveryListener.groovy:32)
	at jdk.internal.reflect.GeneratedMethodAccessor47.invoke(Unknown Source)
	at java.base/jdk.internal.reflect.DelegatingMethodAccessorImpl.invoke(DelegatingMethodAccessorImpl.java:43)
	... 16 more


21-10-2025T19:02:40 - [TEST_STEP][PASSED] - retryCounts[tcId] = currentRetry + 1: null

21-10-2025T19:02:40 - [TEST_STEP][PASSED] - comment(âš  WebDriver disconnected. Retrying test case ($(currentRetry + 1)/$MAX_RETRIES)...): âš  WebDriver disconnected. Retrying test case (1/1)...

21-10-2025T19:02:40 - [MESSAGE][INFO] - âš  WebDriver disconnected. Retrying test case (1/1)...

21-10-2025T19:02:40 - [TEST_STEP][PASSED] - try: Browser is closed

21-10-2025T19:02:40 - [TEST_STEP][PASSED] - closeBrowser(OPTIONAL): Browser is closed

21-10-2025T19:02:40 - [MESSAGE][PASSED] - Browser is closed

21-10-2025T19:02:40 - [TEST_STEP][ERROR] - callTestCase(findTestCase(tcId), [:], STOP_ON_FAILURE): org.codehaus.groovy.runtime.InvokerInvocationException: groovy.lang.MissingMethodException: No signature of method: WebDriverRetryListener.findTestCase() is applicable for argument types: (String) values: [Test Cases/DES/Trading Partners Page/Subscription/Outbound/AddLTRSubscription]
	at com.kms.katalon.core.context.internal.TestHooker.invokeMethod(TestHooker.java:111)
	at com.kms.katalon.core.context.internal.TestHooker.lambda$3(TestHooker.java:95)
	at com.kms.katalon.core.context.internal.TestHooker.invokeContextMethods(TestHooker.java:94)
	at com.kms.katalon.core.context.internal.TestListenerCollector.lambda$3(TestListenerCollector.java:88)
	at com.kms.katalon.core.context.internal.TestListenerCollector.handleListenerEvent(TestListenerCollector.java:85)
	at com.kms.katalon.core.context.internal.ExecutionEventManager.publicEvent(ExecutionEventManager.java:36)
	at com.kms.katalon.core.main.TestCaseExecutor.execute(TestCaseExecutor.java:315)
	at com.kms.katalon.core.common.CommonExecutor.accessTestCaseMainPhase(CommonExecutor.java:65)
	at com.kms.katalon.core.main.TestSuiteExecutor.accessTestSuiteMainPhase(TestSuiteExecutor.java:150)
	at com.kms.katalon.core.main.TestSuiteExecutor.execute(TestSuiteExecutor.java:106)
	at com.kms.katalon.core.main.TestCaseMain.startTestSuite(TestCaseMain.java:180)
	at com.kms.katalon.core.main.TestCaseMain$startTestSuite$0.call(Unknown Source)
	at TempTestSuite1761084128061.run(TempTestSuite1761084128061.groovy:35)
	at java.base/jdk.internal.reflect.NativeMethodAccessorImpl.invoke0(Native Method)
	at java.base/jdk.internal.reflect.NativeMethodAccessorImpl.invoke(NativeMethodAccessorImpl.java:77)
	at java.base/jdk.internal.reflect.DelegatingMethodAccessorImpl.invoke(DelegatingMethodAccessorImpl.java:43)
Caused by: groovy.lang.MissingMethodException: No signature of method: WebDriverRetryListener.findTestCase() is applicable for argument types: (String) values: [Test Cases/DES/Trading Partners Page/Subscription/Outbound/AddLTRSubscription]
	at WebDriverRetryListener.retryOnDisconnect(WebDriverRecoveryListener.groovy:32)
	at jdk.internal.reflect.GeneratedMethodAccessor47.invoke(Unknown Source)
	at java.base/jdk.internal.reflect.DelegatingMethodAccessorImpl.invoke(DelegatingMethodAccessorImpl.java:43)
	... 16 more


21-10-2025T19:02:40 - [MESSAGE][ERROR] - org.codehaus.groovy.runtime.InvokerInvocationException: groovy.lang.MissingMethodException: No signature of method: WebDriverRetryListener.findTestCase() is applicable for argument types: (String) values: [Test Cases/DES/Trading Partners Page/Subscription/Outbound/AddLTRSubscription]
	at com.kms.katalon.core.context.internal.TestHooker.invokeMethod(TestHooker.java:111)
	at com.kms.katalon.core.context.internal.TestHooker.lambda$3(TestHooker.java:95)
	at com.kms.katalon.core.context.internal.TestHooker.invokeContextMethods(TestHooker.java:94)
	at com.kms.katalon.core.context.internal.TestListenerCollector.lambda$3(TestListenerCollector.java:88)
	at com.kms.katalon.core.context.internal.TestListenerCollector.handleListenerEvent(TestListenerCollector.java:85)
	at com.kms.katalon.core.context.internal.ExecutionEventManager.publicEvent(ExecutionEventManager.java:36)
	at com.kms.katalon.core.main.TestCaseExecutor.execute(TestCaseExecutor.java:315)
	at com.kms.katalon.core.common.CommonExecutor.accessTestCaseMainPhase(CommonExecutor.java:65)
	at com.kms.katalon.core.main.TestSuiteExecutor.accessTestSuiteMainPhase(TestSuiteExecutor.java:150)
	at com.kms.katalon.core.main.TestSuiteExecutor.execute(TestSuiteExecutor.java:106)
	at com.kms.katalon.core.main.TestCaseMain.startTestSuite(TestCaseMain.java:180)
	at com.kms.katalon.core.main.TestCaseMain$startTestSuite$0.call(Unknown Source)
	at TempTestSuite1761084128061.run(TempTestSuite1761084128061.groovy:35)
	at java.base/jdk.internal.reflect.NativeMethodAccessorImpl.invoke0(Native Method)
	at java.base/jdk.internal.reflect.NativeMethodAccessorImpl.invoke(NativeMethodAccessorImpl.java:77)
	at java.base/jdk.internal.reflect.DelegatingMethodAccessorImpl.invoke(DelegatingMethodAccessorImpl.java:43)
Caused by: groovy.lang.MissingMethodException: No signature of method: WebDriverRetryListener.findTestCase() is applicable for argument types: (String) values: [Test Cases/DES/Trading Partners Page/Subscription/Outbound/AddLTRSubscription]
	at WebDriverRetryListener.retryOnDisconnect(WebDriverRecoveryListener.groovy:32)
	at jdk.internal.reflect.GeneratedMethodAccessor47.invoke(Unknown Source)
	at java.base/jdk.internal.reflect.DelegatingMethodAccessorImpl.invoke(DelegatingMethodAccessorImpl.java:43)
	... 16 more]]></system-out>
         <system-err><![CDATA[21-10-2025T19:02:40 - [TEST_CASE][FAILED] - Test Cases/DES/Trading Partners Page/Subscription/Outbound/AddLTRSubscription: Test Cases/DES/Trading Partners Page/Subscription/Outbound/AddLTRSubscription FAILED.
Reason:
com.kms.katalon.core.exception.StepFailedException: Call Test Case 'Test Cases/DES/DES Login' failed
	at com.kms.katalon.core.keyword.builtin.CallTestCaseKeyword$_callTestCase_closure1.doCall(CallTestCaseKeyword.groovy:63)
	at com.kms.katalon.core.keyword.builtin.CallTestCaseKeyword$_callTestCase_closure1.call(CallTestCaseKeyword.groovy)
	at com.kms.katalon.core.keyword.internal.KeywordMain.runKeyword(KeywordMain.groovy:75)
	at com.kms.katalon.core.keyword.builtin.CallTestCaseKeyword.callTestCase(CallTestCaseKeyword.groovy:81)
	at com.kms.katalon.core.keyword.builtin.CallTestCaseKeyword.execute(CallTestCaseKeyword.groovy:44)
	at com.kms.katalon.core.keyword.internal.KeywordExecutor.executeKeywordForPlatform(KeywordExecutor.groovy:74)
	at com.kms.katalon.core.keyword.BuiltinKeywords.callTestCase(BuiltinKeywords.groovy:310)
	at jdk.internal.reflect.GeneratedMethodAccessor41.invoke(Unknown Source)
	at java.base/jdk.internal.reflect.DelegatingMethodAccessorImpl.invoke(DelegatingMethodAccessorImpl.java:43)
	at AddLTRSubscription.run(AddLTRSubscription:20)
	at com.kms.katalon.core.main.ScriptEngine.run(ScriptEngine.java:194)
	at com.kms.katalon.core.main.ScriptEngine.runScriptAsRawText(ScriptEngine.java:119)
	at com.kms.katalon.core.main.TestCaseExecutor.runScript(TestCaseExecutor.java:448)
	at com.kms.katalon.core.main.TestCaseExecutor.doExecute(TestCaseExecutor.java:439)
	at com.kms.katalon.core.main.TestCaseExecutor.processExecutionPhase(TestCaseExecutor.java:418)
	at com.kms.katalon.core.main.TestCaseExecutor.accessMainPhase(TestCaseExecutor.java:410)
	at com.kms.katalon.core.main.TestCaseExecutor.execute(TestCaseExecutor.java:285)
	at com.kms.katalon.core.common.CommonExecutor.accessTestCaseMainPhase(CommonExecutor.java:65)
	at com.kms.katalon.core.main.TestSuiteExecutor.accessTestSuiteMainPhase(TestSuiteExecutor.java:150)
	at com.kms.katalon.core.main.TestSuiteExecutor.execute(TestSuiteExecutor.java:106)
	at com.kms.katalon.core.main.TestCaseMain.startTestSuite(TestCaseMain.java:180)
	at com.kms.katalon.core.main.TestCaseMain$startTestSuite$0.call(Unknown Source)
	at TempTestSuite1761084128061.run(TempTestSuite1761084128061.groovy:35)
	at java.base/jdk.internal.reflect.NativeMethodAccessorImpl.invoke0(Native Method)
	at java.base/jdk.internal.reflect.NativeMethodAccessorImpl.invoke(NativeMethodAccessorImpl.java:77)
	at java.base/jdk.internal.reflect.DelegatingMethodAccessorImpl.invoke(DelegatingMethodAccessorImpl.java:43)
Caused by: com.kms.katalon.core.exception.StepFailedException: Unable to open browser with url: ''
	at com.kms.katalon.core.webui.keyword.internal.WebUIKeywordMain.stepFailed(WebUIKeywordMain.groovy:117)
	at com.kms.katalon.core.webui.keyword.internal.WebUIKeywordMain.runKeyword(WebUIKeywordMain.groovy:43)
	at com.kms.katalon.core.webui.keyword.builtin.OpenBrowserKeyword.openBrowser(OpenBrowserKeyword.groovy:82)
	at com.kms.katalon.core.webui.keyword.builtin.OpenBrowserKeyword.execute(OpenBrowserKeyword.groovy:68)
	at com.kms.katalon.core.keyword.internal.KeywordExecutor.executeKeywordForPlatform(KeywordExecutor.groovy:74)
	at com.kms.katalon.core.webui.keyword.WebUiBuiltInKeywords.openBrowser(WebUiBuiltInKeywords.groovy:64)
	at com.kms.katalon.core.webui.keyword.WebUiBuiltInKeywords$openBrowser.call(Unknown Source)
	at DES Login.run(DES Login:20)
	at com.kms.katalon.core.main.ScriptEngine.run(ScriptEngine.java:194)
	at com.kms.katalon.core.main.ScriptEngine.runScriptAsRawText(ScriptEngine.java:119)
	at com.kms.katalon.core.main.TestCaseExecutor.runScript(TestCaseExecutor.java:448)
	at com.kms.katalon.core.main.TestCaseExecutor.doExecute(TestCaseExecutor.java:439)
	at com.kms.katalon.core.main.TestCaseExecutor.processExecutionPhase(TestCaseExecutor.java:418)
	at com.kms.katalon.core.main.TestCaseExecutor.accessMainPhase(TestCaseExecutor.java:410)
	at com.kms.katalon.core.main.TestCaseExecutor.execute(TestCaseExecutor.java:285)
	at com.kms.katalon.core.main.TestCaseMain.runTestCase(TestCaseMain.java:137)
	at com.kms.katalon.core.keyword.builtin.CallTestCaseKeyword$_callTestCase_closure1.doCall(CallTestCaseKeyword.groovy:59)
	... 25 more
Caused by: org.openqa.selenium.WebDriverException: java.net.ConnectException: Failed to connect to localhost/[0:0:0:0:0:0:0:1]:27993
Build info: version: '3.141.59', revision: 'unknown', time: 'unknown'
System info: host: 'DC1ADOBLD01', ip: '10.2.20.71', os.name: 'Windows Server 2019', os.arch: 'amd64', os.version: '10.0', java.version: '17.0.7'
Driver info: driver.version: EventFiringWebDriver
	at org.openqa.selenium.remote.service.DriverCommandExecutor.execute(DriverCommandExecutor.java:92)
	at org.openqa.selenium.remote.RemoteWebDriver.execute(RemoteWebDriver.java:552)
	at com.kms.katalon.selenium.driver.CChromeDriver.execute(CChromeDriver.java:19)
	at org.openqa.selenium.remote.RemoteWebDriver.execute(RemoteWebDriver.java:609)
	at org.openqa.selenium.remote.RemoteWebDriver.quit(RemoteWebDriver.java:452)
	at jdk.internal.reflect.GeneratedMethodAccessor46.invoke(Unknown Source)
	at java.base/jdk.internal.reflect.DelegatingMethodAccessorImpl.invoke(DelegatingMethodAccessorImpl.java:43)
	at org.openqa.selenium.support.events.EventFiringWebDriver.lambda$new$1(EventFiringWebDriver.java:105)
	at jdk.proxy2/jdk.proxy2.$Proxy26.quit(Unknown Source)
	at org.openqa.selenium.support.events.EventFiringWebDriver.quit(EventFiringWebDriver.java:211)
	at com.kms.katalon.core.webui.driver.DriverFactory.closeWebDriver(DriverFactory.java:1608)
	at com.kms.katalon.core.webui.driver.DriverFactory.startNewBrowser(DriverFactory.java:360)
	at com.kms.katalon.core.webui.driver.DriverFactory.openWebDriver(DriverFactory.java:273)
	at com.kms.katalon.core.webui.keyword.builtin.OpenBrowserKeyword$_openBrowser_closure1.doCall(OpenBrowserKeyword.groovy:75)
	at com.kms.katalon.core.webui.keyword.builtin.OpenBrowserKeyword$_openBrowser_closure1.call(OpenBrowserKeyword.groovy)
	at com.kms.katalon.core.webui.keyword.internal.WebUIKeywordMain.runKeyword(WebUIKeywordMain.groovy:35)
	at com.kms.katalon.core.webui.keyword.builtin.OpenBrowserKeyword.openBrowser(OpenBrowserKeyword.groovy:82)
	at com.kms.katalon.core.webui.keyword.builtin.OpenBrowserKeyword.execute(OpenBrowserKeyword.groovy:68)
	at com.kms.katalon.core.keyword.internal.KeywordExecutor.executeKeywordForPlatform(KeywordExecutor.groovy:74)
	at com.kms.katalon.core.webui.keyword.WebUiBuiltInKeywords.openBrowser(WebUiBuiltInKeywords.groovy:64)
	at com.kms.katalon.core.webui.keyword.WebUiBuiltInKeywords$openBrowser.call(Unknown Source)
	at Script1749499513693.run(Script1749499513693.groovy:20)
	at com.kms.katalon.core.main.ScriptEngine.run(ScriptEngine.java:194)
	at com.kms.katalon.core.main.ScriptEngine.runScriptAsRawText(ScriptEngine.java:119)
	at com.kms.katalon.core.main.TestCaseExecutor.runScript(TestCaseExecutor.java:448)
	at com.kms.katalon.core.main.TestCaseExecutor.doExecute(TestCaseExecutor.java:439)
	at com.kms.katalon.core.main.TestCaseExecutor.processExecutionPhase(TestCaseExecutor.java:418)
	at com.kms.katalon.core.main.TestCaseExecutor.accessMainPhase(TestCaseExecutor.java:410)
	at com.kms.katalon.core.main.TestCaseExecutor.execute(TestCaseExecutor.java:285)
	at com.kms.katalon.core.main.TestCaseMain.runTestCase(TestCaseMain.java:137)
	at com.kms.katalon.core.keyword.builtin.CallTestCaseKeyword$_callTestCase_closure1.doCall(CallTestCaseKeyword.groovy:59)
	at com.kms.katalon.core.keyword.builtin.CallTestCaseKeyword$_callTestCase_closure1.call(CallTestCaseKeyword.groovy)
	at com.kms.katalon.core.keyword.internal.KeywordMain.runKeyword(KeywordMain.groovy:75)
	at com.kms.katalon.core.keyword.builtin.CallTestCaseKeyword.callTestCase(CallTestCaseKeyword.groovy:81)
	at com.kms.katalon.core.keyword.builtin.CallTestCaseKeyword.execute(CallTestCaseKeyword.groovy:44)
	at com.kms.katalon.core.keyword.internal.KeywordExecutor.executeKeywordForPlatform(KeywordExecutor.groovy:74)
	at com.kms.katalon.core.keyword.BuiltinKeywords.callTestCase(BuiltinKeywords.groovy:310)
	at jdk.internal.reflect.GeneratedMethodAccessor41.invoke(Unknown Source)
	at java.base/jdk.internal.reflect.DelegatingMethodAccessorImpl.invoke(DelegatingMethodAccessorImpl.java:43)
	at Script1683814729134.run(Script1683814729134.groovy:20)
	... 16 more
Caused by: java.net.ConnectException: Failed to connect to localhost/[0:0:0:0:0:0:0:1]:27993
	at okhttp3.internal.connection.RealConnection.connectSocket(RealConnection.java:247)
	at okhttp3.internal.connection.RealConnection.connect(RealConnection.java:165)
	at okhttp3.internal.connection.StreamAllocation.findConnection(StreamAllocation.java:257)
	at okhttp3.internal.connection.StreamAllocation.findHealthyConnection(StreamAllocation.java:135)
	at okhttp3.internal.connection.StreamAllocation.newStream(StreamAllocation.java:114)
	at okhttp3.internal.connection.ConnectInterceptor.intercept(ConnectInterceptor.java:42)
	at okhttp3.internal.http.RealInterceptorChain.proceed(RealInterceptorChain.java:147)
	at okhttp3.internal.http.RealInterceptorChain.proceed(RealInterceptorChain.java:121)
	at okhttp3.internal.cache.CacheInterceptor.intercept(CacheInterceptor.java:93)
	at okhttp3.internal.http.RealInterceptorChain.proceed(RealInterceptorChain.java:147)
	at okhttp3.internal.http.RealInterceptorChain.proceed(RealInterceptorChain.java:121)
	at okhttp3.internal.http.BridgeInterceptor.intercept(BridgeInterceptor.java:93)
	at okhttp3.internal.http.RealInterceptorChain.proceed(RealInterceptorChain.java:147)
	at okhttp3.internal.http.RetryAndFollowUpInterceptor.intercept(RetryAndFollowUpInterceptor.java:126)
	at okhttp3.internal.http.RealInterceptorChain.proceed(RealInterceptorChain.java:147)
	at okhttp3.internal.http.RealInterceptorChain.proceed(RealInterceptorChain.java:121)
	at okhttp3.RealCall.getResponseWithInterceptorChain(RealCall.java:200)
	at okhttp3.RealCall.execute(RealCall.java:77)
	at org.openqa.selenium.remote.internal.OkHttpClient.execute(OkHttpClient.java:103)
	at org.openqa.selenium.remote.HttpCommandExecutor.execute(HttpCommandExecutor.java:155)
	at org.openqa.selenium.remote.service.DriverCommandExecutor.execute(DriverCommandExecutor.java:83)
	... 55 more
Caused by: java.net.ConnectException: Connection refused: no further information
	at okhttp3.internal.platform.Platform.connectSocket(Platform.java:129)
	at okhttp3.internal.connection.RealConnection.connectSocket(RealConnection.java:245)
	at okhttp3.internal.connection.RealConnection.connect(RealConnection.java:165)
	at okhttp3.internal.connection.StreamAllocation.findConnection(StreamAllocation.java:257)
	at okhttp3.internal.connection.StreamAllocation.findHealthyConnection(StreamAllocation.java:135)
	at okhttp3.internal.connection.StreamAllocation.newStream(StreamAllocation.java:114)
	at okhttp3.internal.connection.ConnectInterceptor.intercept(ConnectInterceptor.java:42)
	at okhttp3.internal.http.RealInterceptorChain.proceed(RealInterceptorChain.java:147)
	at okhttp3.internal.http.RealInterceptorChain.proceed(RealInterceptorChain.java:121)
	at okhttp3.internal.cache.CacheInterceptor.intercept(CacheInterceptor.java:93)
	at okhttp3.internal.http.RealInterceptorChain.proceed(RealInterceptorChain.java:147)
	at okhttp3.internal.http.RealInterceptorChain.proceed(RealInterceptorChain.java:121)
	at okhttp3.internal.http.BridgeInterceptor.intercept(BridgeInterceptor.java:93)
	at okhttp3.internal.http.RealInterceptorChain.proceed(RealInterceptorChain.java:147)
	at okhttp3.internal.http.RetryAndFollowUpInterceptor.intercept(RetryAndFollowUpInterceptor.java:126)
	at okhttp3.internal.http.RealInterceptorChain.proceed(RealInterceptorChain.java:147)
	at okhttp3.internal.http.RealInterceptorChain.proceed(RealInterceptorChain.java:121)
	at okhttp3.RealCall.getResponseWithInterceptorChain(RealCall.java:200)
	at okhttp3.RealCall.execute(RealCall.java:77)
	at org.openqa.selenium.remote.internal.OkHttpClient.execute(OkHttpClient.java:103)
	at org.openqa.selenium.remote.HttpCommandExecutor.execute(HttpCommandExecutor.java:155)
	at org.openqa.selenium.remote.service.DriverCommandExecutor.execute(DriverCommandExecutor.java:83)
	at org.openqa.selenium.remote.RemoteWebDriver.execute(RemoteWebDriver.java:552)
	at com.kms.katalon.selenium.driver.CChromeDriver.execute(CChromeDriver.java:19)
	at org.openqa.selenium.remote.RemoteWebDriver.execute(RemoteWebDriver.java:609)
	at org.openqa.selenium.remote.RemoteWebDriver.quit(RemoteWebDriver.java:452)
	at jdk.internal.reflect.GeneratedMethodAccessor46.invoke(Unknown Source)
	at java.base/jdk.internal.reflect.DelegatingMethodAccessorImpl.invoke(DelegatingMethodAccessorImpl.java:43)
	at org.openqa.selenium.support.events.EventFiringWebDriver.lambda$new$1(EventFiringWebDriver.java:105)
	at jdk.proxy2/jdk.proxy2.$Proxy26.quit(Unknown Source)
	at org.openqa.selenium.support.events.EventFiringWebDriver.quit(EventFiringWebDriver.java:211)
	at com.kms.katalon.core.webui.driver.DriverFactory.closeWebDriver(DriverFactory.java:1608)
	at com.kms.katalon.core.webui.driver.DriverFactory.startNewBrowser(DriverFactory.java:360)
	at com.kms.katalon.core.webui.driver.DriverFactory.openWebDriver(DriverFactory.java:273)
	at com.kms.katalon.core.webui.keyword.builtin.OpenBrowserKeyword$_openBrowser_closure1.doCall(OpenBrowserKeyword.groovy:75)
	at com.kms.katalon.core.webui.keyword.builtin.OpenBrowserKeyword$_openBrowser_closure1.call(OpenBrowserKeyword.groovy)
	at com.kms.katalon.core.webui.keyword.internal.WebUIKeywordMain.runKeyword(WebUIKeywordMain.groovy:35)
	at com.kms.katalon.core.webui.keyword.builtin.OpenBrowserKeyword.openBrowser(OpenBrowserKeyword.groovy:82)
	at com.kms.katalon.core.webui.keyword.builtin.OpenBrowserKeyword.execute(OpenBrowserKeyword.groovy:68)
	at com.kms.katalon.core.keyword.internal.KeywordExecutor.executeKeywordForPlatform(KeywordExecutor.groovy:74)
	at com.kms.katalon.core.webui.keyword.WebUiBuiltInKeywords.openBrowser(WebUiBuiltInKeywords.groovy:64)
	at com.kms.katalon.core.webui.keyword.WebUiBuiltInKeywords$openBrowser.call(Unknown Source)
	at DES Login.run(DES Login:20)
	at com.kms.katalon.core.main.ScriptEngine.run(ScriptEngine.java:194)
	at com.kms.katalon.core.main.ScriptEngine.runScriptAsRawText(ScriptEngine.java:119)
	at com.kms.katalon.core.main.TestCaseExecutor.runScript(TestCaseExecutor.java:448)
	at com.kms.katalon.core.main.TestCaseExecutor.doExecute(TestCaseExecutor.java:439)
	at com.kms.katalon.core.main.TestCaseExecutor.processExecutionPhase(TestCaseExecutor.java:418)
	at com.kms.katalon.core.main.TestCaseExecutor.accessMainPhase(TestCaseExecutor.java:410)
	at com.kms.katalon.core.main.TestCaseExecutor.execute(TestCaseExecutor.java:285)
	at com.kms.katalon.core.main.TestCaseMain.runTestCase(TestCaseMain.java:137)
	at com.kms.katalon.core.keyword.builtin.CallTestCaseKeyword$_callTestCase_closure1.doCall(CallTestCaseKeyword.groovy:59)
	at com.kms.katalon.core.keyword.builtin.CallTestCaseKeyword$_callTestCase_closure1.call(CallTestCaseKeyword.groovy)
	at com.kms.katalon.core.keyword.internal.KeywordMain.runKeyword(KeywordMain.groovy:75)
	at com.kms.katalon.core.keyword.builtin.CallTestCaseKeyword.callTestCase(CallTestCaseKeyword.groovy:81)
	at com.kms.katalon.core.keyword.builtin.CallTestCaseKeyword.execute(CallTestCaseKeyword.groovy:44)
	at com.kms.katalon.core.keyword.internal.KeywordExecutor.executeKeywordForPlatform(KeywordExecutor.groovy:74)
	at com.kms.katalon.core.keyword.BuiltinKeywords.callTestCase(BuiltinKeywords.groovy:310)
	at jdk.internal.reflect.GeneratedMethodAccessor41.invoke(Unknown Source)
	at java.base/jdk.internal.reflect.DelegatingMethodAccessorImpl.invoke(DelegatingMethodAccessorImpl.java:43)
	at AddLTRSubscription.run(AddLTRSubscription:20)
	... 16 more]]></system-err>
      </testcase>
      <testcase name="Test Cases/DES/Trading Partners Page/Subscription/Outbound/AddSSMOutboundSubscription" time="64.458" classname="Test Cases/DES/Trading Partners Page/Subscription/Outbound/AddSSMOutboundSubscription" status="PASSED">
         <system-out><![CDATA[21-10-2025T19:02:40 - [TEST_CASE][PASSED] - Test Cases/DES/Trading Partners Page/Subscription/Outbound/AddSSMOutboundSubscription: Test Cases/DES/Trading Partners Page/Subscription/Outbound/AddSSMOutboundSubscription

21-10-2025T19:02:40 - [TEST_STEP][PASSED] - Start listener action : beforeTestCase: null

21-10-2025T19:02:40 - [TEST_STEP][PASSED] - addDefaultPackages(): null

21-10-2025T19:02:40 - [TEST_STEP][PASSED] - callTestCase(findTestCase("DES/DES Login"), [:], STOP_ON_FAILURE): Call Test Case 'Test Cases/DES/DES Login' successfully

21-10-2025T19:02:40 - [TEST_CASE][PASSED] - Test Cases/DES/DES Login: Test Cases/DES/DES Login

21-10-2025T19:02:40 - [TEST_STEP][PASSED] - openBrowser(""): Browser is opened with url: ''

21-10-2025T19:02:40 - [MESSAGE][INFO] - Starting 'Chrome' driver

21-10-2025T19:02:40 - [MESSAGE][INFO] - User set preference: ['args', '[--no-sandbox, --disable-gpu, --disable-dev-shm-usage]']

21-10-2025T19:02:40 - [MESSAGE][INFO] - Action delay is set to 0 milliseconds

21-10-2025T19:02:41 - [MESSAGE][PASSED] - Browser is opened with url: ''

21-10-2025T19:02:41 - [TEST_STEP][PASSED] - maximizeWindow(): Current window maximized

21-10-2025T19:02:41 - [MESSAGE][PASSED] - Current window maximized

21-10-2025T19:02:41 - [TEST_STEP][PASSED] - delay(10): Delayed 10 second(s)

21-10-2025T19:02:51 - [MESSAGE][PASSED] - Delayed 10 second(s)

21-10-2025T19:02:51 - [TEST_STEP][PASSED] - navigateToUrl("https://dx-portal.qa.thekag.com/"): Navigate to 'https://dx-portal.qa.thekag.com/' successfully

21-10-2025T19:02:51 - [MESSAGE][PASSED] - Navigate to 'https://dx-portal.qa.thekag.com/' successfully

21-10-2025T19:02:51 - [TEST_STEP][PASSED] - delay(5): Delayed 5 second(s)

21-10-2025T19:02:56 - [MESSAGE][PASSED] - Delayed 5 second(s)

21-10-2025T19:02:56 - [TEST_STEP][PASSED] - setText(findTestObject("Object Repository/Page_IdentityServer4/input_Username (e.g. email address)_Username"), "Chris.Sheldon+DES_QA@Thekag.com"): Text 'Chris.Sheldon+DES_QA@Thekag.com' is set on object 'Object Repository/Page_IdentityServer4/input_Username (e.g. email address)_Username'

21-10-2025T19:02:57 - [MESSAGE][PASSED] - Text 'Chris.Sheldon+DES_QA@Thekag.com' is set on object 'Object Repository/Page_IdentityServer4/input_Username (e.g. email address)_Username'

21-10-2025T19:02:57 - [TEST_STEP][PASSED] - setEncryptedText(findTestObject("Page_IdentityServer4/input_Password_Password"), "BtpyPJuZxPz9EFo3Zi2c4Q=="): Text ****** has been set on object 'Object Repository/Page_IdentityServer4/input_Password_Password'

21-10-2025T19:02:57 - [MESSAGE][PASSED] - Text ****** has been set on object 'Object Repository/Page_IdentityServer4/input_Password_Password'

21-10-2025T19:02:57 - [TEST_STEP][PASSED] - click(findTestObject("Object Repository/Page_IdentityServer4/button_Login")): Object: 'Object Repository/Page_IdentityServer4/button_Login' is clicked on

21-10-2025T19:02:57 - [MESSAGE][PASSED] - Object: 'Object Repository/Page_IdentityServer4/button_Login' is clicked on

21-10-2025T19:02:57 - [TEST_STEP][PASSED] - delay(5): Delayed 5 second(s)

21-10-2025T19:03:02 - [MESSAGE][PASSED] - Delayed 5 second(s)

21-10-2025T19:03:02 - [MESSAGE][PASSED] - Call Test Case 'Test Cases/DES/DES Login' successfully

21-10-2025T19:03:02 - [TEST_STEP][PASSED] - setText(findTestObject("Object Repository/DES/Trading Partners Page/Search Trading Partner_input_txt"), "Katalon Trading"): Text 'Katalon Trading' is set on object 'Object Repository/DES/Trading Partners Page/Search Trading Partner_input_txt'

21-10-2025T19:03:02 - [MESSAGE][PASSED] - Text 'Katalon Trading' is set on object 'Object Repository/DES/Trading Partners Page/Search Trading Partner_input_txt'

21-10-2025T19:03:02 - [TEST_STEP][PASSED] - delay(5): Delayed 5 second(s)

21-10-2025T19:03:07 - [MESSAGE][PASSED] - Delayed 5 second(s)

21-10-2025T19:03:07 - [TEST_STEP][PASSED] - click(findTestObject("Object Repository/DES/TradingPartners/Katalon Trading TP View_btn")): Object: 'Object Repository/DES/TradingPartners/Katalon Trading TP View_btn' is clicked on

21-10-2025T19:03:07 - [MESSAGE][PASSED] - Object: 'Object Repository/DES/TradingPartners/Katalon Trading TP View_btn' is clicked on

21-10-2025T19:03:07 - [TEST_STEP][PASSED] - delay(3): Delayed 3 second(s)

21-10-2025T19:03:10 - [MESSAGE][PASSED] - Delayed 3 second(s)

21-10-2025T19:03:10 - [TEST_STEP][PASSED] - click(findTestObject("Object Repository/DES/TradingPartners/Subscription/Subscription Tab")): Object: 'Object Repository/DES/TradingPartners/Subscription/Subscription Tab' is clicked on

21-10-2025T19:03:10 - [MESSAGE][PASSED] - Object: 'Object Repository/DES/TradingPartners/Subscription/Subscription Tab' is clicked on

21-10-2025T19:03:10 - [TEST_STEP][PASSED] - delay(3): Delayed 3 second(s)

21-10-2025T19:03:13 - [MESSAGE][PASSED] - Delayed 3 second(s)

21-10-2025T19:03:13 - [TEST_STEP][PASSED] - click(findTestObject("Object Repository/Page_data-exchange/button_Add Subscription")): Object: 'Object Repository/Page_data-exchange/button_Add Subscription' is clicked on

21-10-2025T19:03:14 - [MESSAGE][PASSED] - Object: 'Object Repository/Page_data-exchange/button_Add Subscription' is clicked on

21-10-2025T19:03:14 - [TEST_STEP][PASSED] - delay(5): Delayed 5 second(s)

21-10-2025T19:03:19 - [MESSAGE][PASSED] - Delayed 5 second(s)

21-10-2025T19:03:19 - [TEST_STEP][PASSED] - selectOptionByValue(findTestObject("Object Repository/DES/Page_data-exchange/select_Select a Transaction TypeFinancial D_b064cf"), "2", true): All options with value '2' are selected in object 'Object Repository/DES/Page_data-exchange/select_Select a Transaction TypeFinancial D_b064cf'  using regular expression

21-10-2025T19:03:19 - [MESSAGE][PASSED] - All options with value '2' are selected in object 'Object Repository/DES/Page_data-exchange/select_Select a Transaction TypeFinancial D_b064cf'  using regular expression

21-10-2025T19:03:19 - [TEST_STEP][PASSED] - delay(5): Delayed 5 second(s)

21-10-2025T19:03:24 - [MESSAGE][PASSED] - Delayed 5 second(s)

21-10-2025T19:03:24 - [TEST_STEP][PASSED] - selectOptionByValue(findTestObject("Object Repository/DES/Page_data-exchange/select_Select.InboundOutbound"), "out", true): All options with value 'out' are selected in object 'Object Repository/DES/Page_data-exchange/select_Select.InboundOutbound'  using regular expression

21-10-2025T19:03:24 - [MESSAGE][PASSED] - All options with value 'out' are selected in object 'Object Repository/DES/Page_data-exchange/select_Select.InboundOutbound'  using regular expression

21-10-2025T19:03:24 - [TEST_STEP][PASSED] - delay(5): Delayed 5 second(s)

21-10-2025T19:03:29 - [MESSAGE][PASSED] - Delayed 5 second(s)

21-10-2025T19:03:29 - [TEST_STEP][PASSED] - selectOptionByValue(findTestObject("Object Repository/DES/Page_data-exchange/select_Select.Real TimeScheduled"), "true", true): All options with value 'true' are selected in object 'Object Repository/DES/Page_data-exchange/select_Select.Real TimeScheduled'  using regular expression

21-10-2025T19:03:29 - [MESSAGE][PASSED] - All options with value 'true' are selected in object 'Object Repository/DES/Page_data-exchange/select_Select.Real TimeScheduled'  using regular expression

21-10-2025T19:03:29 - [TEST_STEP][PASSED] - delay(5): Delayed 5 second(s)

21-10-2025T19:03:34 - [MESSAGE][PASSED] - Delayed 5 second(s)

21-10-2025T19:03:34 - [TEST_STEP][PASSED] - click(findTestObject("Object Repository/DES/Page_data-exchange/button_Save")): Object: 'Object Repository/DES/Page_data-exchange/button_Save' is clicked on

21-10-2025T19:03:34 - [MESSAGE][PASSED] - Object: 'Object Repository/DES/Page_data-exchange/button_Save' is clicked on

21-10-2025T19:03:34 - [TEST_STEP][PASSED] - delay(5): Delayed 5 second(s)

21-10-2025T19:03:39 - [MESSAGE][PASSED] - Delayed 5 second(s)

21-10-2025T19:03:39 - [TEST_STEP][PASSED] - verifyElementText(findTestObject("Object Repository/DES/Page_data-exchange/h3_Shipment Status Message (SSM)"), "Shipment Status Message (SSM)"): Actual text and expected text of test object 'Object Repository/DES/Page_data-exchange/h3_Shipment Status Message (SSM)' are matched.

21-10-2025T19:03:39 - [MESSAGE][PASSED] - Actual text and expected text of test object 'Object Repository/DES/Page_data-exchange/h3_Shipment Status Message (SSM)' are matched.

21-10-2025T19:03:39 - [TEST_STEP][PASSED] - delay(5): Delayed 5 second(s)

21-10-2025T19:03:44 - [MESSAGE][PASSED] - Delayed 5 second(s)

21-10-2025T19:03:44 - [TEST_STEP][PASSED] - verifyElementText(findTestObject("Object Repository/DES/Page_data-exchange/span_Outbound"), "Outbound"): Actual text and expected text of test object 'Object Repository/DES/Page_data-exchange/span_Outbound' are matched.

21-10-2025T19:03:44 - [MESSAGE][PASSED] - Actual text and expected text of test object 'Object Repository/DES/Page_data-exchange/span_Outbound' are matched.

21-10-2025T19:03:44 - [TEST_STEP][PASSED] - closeBrowser(): Browser is closed

21-10-2025T19:03:44 - [MESSAGE][PASSED] - Browser is closed

21-10-2025T19:03:44 - [TEST_STEP][PASSED] - Start listener action : retryOnDisconnect: null

21-10-2025T19:03:44 - [TEST_STEP][PASSED] - tcId = testCaseContext.getTestCaseId(): null

21-10-2025T19:03:44 - [TEST_STEP][PASSED] - currentRetry = retryCounts.getOrDefault(tcId, 0): null

21-10-2025T19:03:44 - [TEST_STEP][PASSED] - if (testCaseContext.getTestCaseStatus() == "FAILED" && currentRetry < MAX_RETRIES): null]]></system-out>
         <system-err><![CDATA[]]></system-err>
      </testcase>
      <testcase name="Test Cases/DES/Trading Partners Page/Subscription/SelectAutoAcceptOptionForLTSubscription" time="78.369" classname="Test Cases/DES/Trading Partners Page/Subscription/SelectAutoAcceptOptionForLTSubscription" status="PASSED">
         <system-out><![CDATA[21-10-2025T19:03:44 - [TEST_CASE][PASSED] - Test Cases/DES/Trading Partners Page/Subscription/SelectAutoAcceptOptionForLTSubscription: Test Cases/DES/Trading Partners Page/Subscription/SelectAutoAcceptOptionForLTSubscription

21-10-2025T19:03:44 - [TEST_STEP][PASSED] - Start listener action : beforeTestCase: null

21-10-2025T19:03:44 - [TEST_STEP][PASSED] - addDefaultPackages(): null

21-10-2025T19:03:45 - [TEST_STEP][PASSED] - callTestCase(findTestCase("DES/DES Login"), [:], STOP_ON_FAILURE): Call Test Case 'Test Cases/DES/DES Login' successfully

21-10-2025T19:03:45 - [TEST_CASE][PASSED] - Test Cases/DES/DES Login: Test Cases/DES/DES Login

21-10-2025T19:03:45 - [TEST_STEP][PASSED] - openBrowser(""): Browser is opened with url: ''

21-10-2025T19:03:45 - [MESSAGE][INFO] - Starting 'Chrome' driver

21-10-2025T19:03:45 - [MESSAGE][INFO] - User set preference: ['args', '[--no-sandbox, --disable-gpu, --disable-dev-shm-usage]']

21-10-2025T19:03:45 - [MESSAGE][INFO] - Action delay is set to 0 milliseconds

21-10-2025T19:03:45 - [MESSAGE][PASSED] - Browser is opened with url: ''

21-10-2025T19:03:45 - [TEST_STEP][PASSED] - maximizeWindow(): Current window maximized

21-10-2025T19:03:45 - [MESSAGE][PASSED] - Current window maximized

21-10-2025T19:03:45 - [TEST_STEP][PASSED] - delay(10): Delayed 10 second(s)

21-10-2025T19:03:55 - [MESSAGE][PASSED] - Delayed 10 second(s)

21-10-2025T19:03:55 - [TEST_STEP][PASSED] - navigateToUrl("https://dx-portal.qa.thekag.com/"): Navigate to 'https://dx-portal.qa.thekag.com/' successfully

21-10-2025T19:03:56 - [MESSAGE][PASSED] - Navigate to 'https://dx-portal.qa.thekag.com/' successfully

21-10-2025T19:03:56 - [TEST_STEP][PASSED] - delay(5): Delayed 5 second(s)

21-10-2025T19:04:01 - [MESSAGE][PASSED] - Delayed 5 second(s)

21-10-2025T19:04:01 - [TEST_STEP][PASSED] - setText(findTestObject("Object Repository/Page_IdentityServer4/input_Username (e.g. email address)_Username"), "Chris.Sheldon+DES_QA@Thekag.com"): Text 'Chris.Sheldon+DES_QA@Thekag.com' is set on object 'Object Repository/Page_IdentityServer4/input_Username (e.g. email address)_Username'

21-10-2025T19:04:01 - [MESSAGE][PASSED] - Text 'Chris.Sheldon+DES_QA@Thekag.com' is set on object 'Object Repository/Page_IdentityServer4/input_Username (e.g. email address)_Username'

21-10-2025T19:04:01 - [TEST_STEP][PASSED] - setEncryptedText(findTestObject("Page_IdentityServer4/input_Password_Password"), "BtpyPJuZxPz9EFo3Zi2c4Q=="): Text ****** has been set on object 'Object Repository/Page_IdentityServer4/input_Password_Password'

21-10-2025T19:04:01 - [MESSAGE][PASSED] - Text ****** has been set on object 'Object Repository/Page_IdentityServer4/input_Password_Password'

21-10-2025T19:04:01 - [TEST_STEP][PASSED] - click(findTestObject("Object Repository/Page_IdentityServer4/button_Login")): Object: 'Object Repository/Page_IdentityServer4/button_Login' is clicked on

21-10-2025T19:04:01 - [MESSAGE][PASSED] - Object: 'Object Repository/Page_IdentityServer4/button_Login' is clicked on

21-10-2025T19:04:01 - [TEST_STEP][PASSED] - delay(5): Delayed 5 second(s)

21-10-2025T19:04:06 - [MESSAGE][PASSED] - Delayed 5 second(s)

21-10-2025T19:04:06 - [MESSAGE][PASSED] - Call Test Case 'Test Cases/DES/DES Login' successfully

21-10-2025T19:04:06 - [TEST_STEP][PASSED] - setText(findTestObject("DES/Trading Partners Page/Search Trading Partner_input_txt"), "Katalon Trading"): Text 'Katalon Trading' is set on object 'Object Repository/DES/Trading Partners Page/Search Trading Partner_input_txt'

21-10-2025T19:04:07 - [MESSAGE][PASSED] - Text 'Katalon Trading' is set on object 'Object Repository/DES/Trading Partners Page/Search Trading Partner_input_txt'

21-10-2025T19:04:07 - [TEST_STEP][PASSED] - delay(5): Delayed 5 second(s)

21-10-2025T19:04:12 - [MESSAGE][PASSED] - Delayed 5 second(s)

21-10-2025T19:04:12 - [TEST_STEP][PASSED] - click(findTestObject("Object Repository/DES/Page_data-exchange/button_View")): Object: 'Object Repository/DES/Page_data-exchange/button_View' is clicked on

21-10-2025T19:04:12 - [MESSAGE][PASSED] - Object: 'Object Repository/DES/Page_data-exchange/button_View' is clicked on

21-10-2025T19:04:12 - [TEST_STEP][PASSED] - delay(5): Delayed 5 second(s)

21-10-2025T19:04:17 - [MESSAGE][PASSED] - Delayed 5 second(s)

21-10-2025T19:04:17 - [TEST_STEP][PASSED] - click(findTestObject("Object Repository/DES/Page_data-exchange/a_Subscription")): Object: 'Object Repository/DES/Page_data-exchange/a_Subscription' is clicked on

21-10-2025T19:04:17 - [MESSAGE][PASSED] - Object: 'Object Repository/DES/Page_data-exchange/a_Subscription' is clicked on

21-10-2025T19:04:17 - [TEST_STEP][PASSED] - delay(25): Delayed 25 second(s)

21-10-2025T19:04:42 - [MESSAGE][PASSED] - Delayed 25 second(s)

21-10-2025T19:04:42 - [TEST_STEP][PASSED] - click(findTestObject("Object Repository/DES/Page_data-exchange/button_Add Subscription")): Object: 'Object Repository/DES/Page_data-exchange/button_Add Subscription' is clicked on

21-10-2025T19:04:42 - [MESSAGE][PASSED] - Object: 'Object Repository/DES/Page_data-exchange/button_Add Subscription' is clicked on

21-10-2025T19:04:42 - [TEST_STEP][PASSED] - delay(5): Delayed 5 second(s)

21-10-2025T19:04:47 - [MESSAGE][PASSED] - Delayed 5 second(s)

21-10-2025T19:04:47 - [TEST_STEP][PASSED] - selectOptionByValue(findTestObject("Object Repository/DES/Page_data-exchange/select_Select a Transaction TypeFinancial D_b064cf"), "1", true): All options with value '1' are selected in object 'Object Repository/DES/Page_data-exchange/select_Select a Transaction TypeFinancial D_b064cf'  using regular expression

21-10-2025T19:04:47 - [MESSAGE][PASSED] - All options with value '1' are selected in object 'Object Repository/DES/Page_data-exchange/select_Select a Transaction TypeFinancial D_b064cf'  using regular expression

21-10-2025T19:04:47 - [TEST_STEP][PASSED] - delay(5): Delayed 5 second(s)

21-10-2025T19:04:52 - [MESSAGE][PASSED] - Delayed 5 second(s)

21-10-2025T19:04:52 - [TEST_STEP][PASSED] - selectOptionByValue(findTestObject("Object Repository/DES/Page_data-exchange/select_Select.Inbound"), "in", true): All options with value 'in' are selected in object 'Object Repository/DES/Page_data-exchange/select_Select.Inbound'  using regular expression

21-10-2025T19:04:52 - [MESSAGE][PASSED] - All options with value 'in' are selected in object 'Object Repository/DES/Page_data-exchange/select_Select.Inbound'  using regular expression

21-10-2025T19:04:52 - [TEST_STEP][PASSED] - delay(5): Delayed 5 second(s)

21-10-2025T19:04:57 - [MESSAGE][PASSED] - Delayed 5 second(s)

21-10-2025T19:04:57 - [TEST_STEP][PASSED] - verifyElementText(findTestObject("Object Repository/DES/Page_data-exchange/strong_Auto Accept"), "Auto Accept"): Actual text and expected text of test object 'Object Repository/DES/Page_data-exchange/strong_Auto Accept' are matched.

21-10-2025T19:04:57 - [MESSAGE][PASSED] - Actual text and expected text of test object 'Object Repository/DES/Page_data-exchange/strong_Auto Accept' are matched.

21-10-2025T19:04:57 - [TEST_STEP][PASSED] - click(findTestObject("Object Repository/DES/Page_data-exchange/label_Yes")): Object: 'Object Repository/DES/Page_data-exchange/label_Yes' is clicked on

21-10-2025T19:04:57 - [MESSAGE][PASSED] - Object: 'Object Repository/DES/Page_data-exchange/label_Yes' is clicked on

21-10-2025T19:04:57 - [TEST_STEP][PASSED] - click(findTestObject("Object Repository/DES/Page_data-exchange/button_Cancel")): Object: 'Object Repository/DES/Page_data-exchange/button_Cancel' is clicked on

21-10-2025T19:04:58 - [MESSAGE][PASSED] - Object: 'Object Repository/DES/Page_data-exchange/button_Cancel' is clicked on

21-10-2025T19:04:58 - [TEST_STEP][PASSED] - delay(5): Delayed 5 second(s)

21-10-2025T19:05:03 - [MESSAGE][PASSED] - Delayed 5 second(s)

21-10-2025T19:05:03 - [TEST_STEP][PASSED] - click(findTestObject("Object Repository/DES/Page_data-exchange/button_Yes")): Object: 'Object Repository/DES/Page_data-exchange/button_Yes' is clicked on

21-10-2025T19:05:03 - [MESSAGE][PASSED] - Object: 'Object Repository/DES/Page_data-exchange/button_Yes' is clicked on

21-10-2025T19:05:03 - [TEST_STEP][PASSED] - closeBrowser(): Browser is closed

21-10-2025T19:05:03 - [MESSAGE][PASSED] - Browser is closed

21-10-2025T19:05:03 - [TEST_STEP][PASSED] - Start listener action : retryOnDisconnect: null

21-10-2025T19:05:03 - [TEST_STEP][PASSED] - tcId = testCaseContext.getTestCaseId(): null

21-10-2025T19:05:03 - [TEST_STEP][PASSED] - currentRetry = retryCounts.getOrDefault(tcId, 0): null

21-10-2025T19:05:03 - [TEST_STEP][PASSED] - if (testCaseContext.getTestCaseStatus() == "FAILED" && currentRetry < MAX_RETRIES): null]]></system-out>
         <system-err><![CDATA[]]></system-err>
      </testcase>
      <testcase name="Test Cases/DES/Trading Partners Page/Subscription/Verify Hidden Inactive Subscription Checkbox When TP Has No Subscriptions" time="29.13" classname="Test Cases/DES/Trading Partners Page/Subscription/Verify Hidden Inactive Subscription Checkbox When TP Has No Subscriptions" status="PASSED">
         <system-out><![CDATA[21-10-2025T19:05:03 - [TEST_CASE][PASSED] - Test Cases/DES/Trading Partners Page/Subscription/Verify Hidden Inactive Subscription Checkbox When TP Has No Subscriptions: Test Cases/DES/Trading Partners Page/Subscription/Verify Hidden Inactive Subscription Checkbox When TP Has No Subscriptions

21-10-2025T19:05:03 - [TEST_STEP][PASSED] - Start listener action : beforeTestCase: null

21-10-2025T19:05:03 - [TEST_STEP][PASSED] - addDefaultPackages(): null

21-10-2025T19:05:03 - [TEST_STEP][PASSED] - callTestCase(findTestCase("DES/DES Login"), [:], STOP_ON_FAILURE): Call Test Case 'Test Cases/DES/DES Login' successfully

21-10-2025T19:05:03 - [TEST_CASE][PASSED] - Test Cases/DES/DES Login: Test Cases/DES/DES Login

21-10-2025T19:05:03 - [TEST_STEP][PASSED] - openBrowser(""): Browser is opened with url: ''

21-10-2025T19:05:03 - [MESSAGE][INFO] - Starting 'Chrome' driver

21-10-2025T19:05:03 - [MESSAGE][INFO] - User set preference: ['args', '[--no-sandbox, --disable-gpu, --disable-dev-shm-usage]']

21-10-2025T19:05:03 - [MESSAGE][INFO] - Action delay is set to 0 milliseconds

21-10-2025T19:05:04 - [MESSAGE][PASSED] - Browser is opened with url: ''

21-10-2025T19:05:04 - [TEST_STEP][PASSED] - maximizeWindow(): Current window maximized

21-10-2025T19:05:04 - [MESSAGE][PASSED] - Current window maximized

21-10-2025T19:05:04 - [TEST_STEP][PASSED] - delay(10): Delayed 10 second(s)

21-10-2025T19:05:14 - [MESSAGE][PASSED] - Delayed 10 second(s)

21-10-2025T19:05:14 - [TEST_STEP][PASSED] - navigateToUrl("https://dx-portal.qa.thekag.com/"): Navigate to 'https://dx-portal.qa.thekag.com/' successfully

21-10-2025T19:05:14 - [MESSAGE][PASSED] - Navigate to 'https://dx-portal.qa.thekag.com/' successfully

21-10-2025T19:05:14 - [TEST_STEP][PASSED] - delay(5): Delayed 5 second(s)

21-10-2025T19:05:19 - [MESSAGE][PASSED] - Delayed 5 second(s)

21-10-2025T19:05:19 - [TEST_STEP][PASSED] - setText(findTestObject("Object Repository/Page_IdentityServer4/input_Username (e.g. email address)_Username"), "Chris.Sheldon+DES_QA@Thekag.com"): Text 'Chris.Sheldon+DES_QA@Thekag.com' is set on object 'Object Repository/Page_IdentityServer4/input_Username (e.g. email address)_Username'

21-10-2025T19:05:19 - [MESSAGE][PASSED] - Text 'Chris.Sheldon+DES_QA@Thekag.com' is set on object 'Object Repository/Page_IdentityServer4/input_Username (e.g. email address)_Username'

21-10-2025T19:05:19 - [TEST_STEP][PASSED] - setEncryptedText(findTestObject("Page_IdentityServer4/input_Password_Password"), "BtpyPJuZxPz9EFo3Zi2c4Q=="): Text ****** has been set on object 'Object Repository/Page_IdentityServer4/input_Password_Password'

21-10-2025T19:05:20 - [MESSAGE][PASSED] - Text ****** has been set on object 'Object Repository/Page_IdentityServer4/input_Password_Password'

21-10-2025T19:05:20 - [TEST_STEP][PASSED] - click(findTestObject("Object Repository/Page_IdentityServer4/button_Login")): Object: 'Object Repository/Page_IdentityServer4/button_Login' is clicked on

21-10-2025T19:05:20 - [MESSAGE][PASSED] - Object: 'Object Repository/Page_IdentityServer4/button_Login' is clicked on

21-10-2025T19:05:20 - [TEST_STEP][PASSED] - delay(5): Delayed 5 second(s)

21-10-2025T19:05:25 - [MESSAGE][PASSED] - Delayed 5 second(s)

21-10-2025T19:05:25 - [MESSAGE][PASSED] - Call Test Case 'Test Cases/DES/DES Login' successfully

21-10-2025T19:05:25 - [TEST_STEP][PASSED] - setText(findTestObject("DES/Trading Partners Page/Search Trading Partner_input_txt"), "Katalon Testing"): Text 'Katalon Testing' is set on object 'Object Repository/DES/Trading Partners Page/Search Trading Partner_input_txt'

21-10-2025T19:05:25 - [MESSAGE][PASSED] - Text 'Katalon Testing' is set on object 'Object Repository/DES/Trading Partners Page/Search Trading Partner_input_txt'

21-10-2025T19:05:25 - [TEST_STEP][PASSED] - delay(5): Delayed 5 second(s)

21-10-2025T19:05:30 - [MESSAGE][PASSED] - Delayed 5 second(s)

21-10-2025T19:05:30 - [TEST_STEP][PASSED] - click(findTestObject("DES/TradingPartners/Katalon Trading TP View_btn")): Object: 'Object Repository/DES/TradingPartners/Katalon Trading TP View_btn' is clicked on

21-10-2025T19:05:30 - [MESSAGE][PASSED] - Object: 'Object Repository/DES/TradingPartners/Katalon Trading TP View_btn' is clicked on

21-10-2025T19:05:30 - [TEST_STEP][PASSED] - click(findTestObject("DES/TradingPartners/Subscription/Subscription Tab")): Object: 'Object Repository/DES/TradingPartners/Subscription/Subscription Tab' is clicked on

21-10-2025T19:05:32 - [MESSAGE][PASSED] - Object: 'Object Repository/DES/TradingPartners/Subscription/Subscription Tab' is clicked on

21-10-2025T19:05:32 - [TEST_STEP][PASSED] - verifyElementNotPresent(findTestObject("DES/TradingPartners/Subscription/Hide Inactive Subscription_checkbox"), 30): Web element with id: 'Object Repository/DES/TradingPartners/Subscription/Hide Inactive Subscription_checkbox' located by 'By.xpath: /html/body/div/div/div[2]/div[2]/div/div/div/div/div/div/div[3]/div[1]/div[4]/span[1]/div' is not present after '30' second(s)

21-10-2025T19:05:32 - [MESSAGE][PASSED] - Web element with id: 'Object Repository/DES/TradingPartners/Subscription/Hide Inactive Subscription_checkbox' located by 'By.xpath: /html/body/div/div/div[2]/div[2]/div/div/div/div/div/div/div[3]/div[1]/div[4]/span[1]/div' is not present after '30' second(s)

21-10-2025T19:05:32 - [TEST_STEP][PASSED] - closeBrowser(): Browser is closed

21-10-2025T19:05:32 - [MESSAGE][PASSED] - Browser is closed

21-10-2025T19:05:32 - [TEST_STEP][PASSED] - Start listener action : retryOnDisconnect: null

21-10-2025T19:05:32 - [TEST_STEP][PASSED] - tcId = testCaseContext.getTestCaseId(): null

21-10-2025T19:05:32 - [TEST_STEP][PASSED] - currentRetry = retryCounts.getOrDefault(tcId, 0): null

21-10-2025T19:05:32 - [TEST_STEP][PASSED] - if (testCaseContext.getTestCaseStatus() == "FAILED" && currentRetry < MAX_RETRIES): null]]></system-out>
         <system-err><![CDATA[]]></system-err>
      </testcase>
      <testcase name="Test Cases/DES/Trading Partners Page/Subscription/Verify Hidden Inactive Transmission Checkbox When TP Has No Transmission" time="11.013" classname="Test Cases/DES/Trading Partners Page/Subscription/Verify Hidden Inactive Transmission Checkbox When TP Has No Transmission" status="FAILED">
         <failure type="FAILED" message="Test Cases/DES/Trading Partners Page/Subscription/Verify Hidden Inactive Transmission Checkbox When TP Has No Transmission FAILED.&#xa;Reason:&#xa;com.kms.katalon.core.exception.StepFailedException: Call Test Case 'Test Cases/DES/DES Login' failed&#xa;	at com.kms.katalon.core.keyword.builtin.CallTestCaseKeyword$_callTestCase_closure1.doCall(CallTestCaseKeyword.groovy:63)&#xa;	at com.kms.katalon.core.keyword.builtin.CallTestCaseKeyword$_callTestCase_closure1.call(CallTestCaseKeyword.groovy)&#xa;	at com.kms.katalon.core.keyword.internal.KeywordMain.runKeyword(KeywordMain.groovy:75)&#xa;	at com.kms.katalon.core.keyword.builtin.CallTestCaseKeyword.callTestCase(CallTestCaseKeyword.groovy:81)&#xa;	at com.kms.katalon.core.keyword.builtin.CallTestCaseKeyword.execute(CallTestCaseKeyword.groovy:44)&#xa;	at com.kms.katalon.core.keyword.internal.KeywordExecutor.executeKeywordForPlatform(KeywordExecutor.groovy:74)&#xa;	at com.kms.katalon.core.keyword.BuiltinKeywords.callTestCase(BuiltinKeywords.groovy:310)&#xa;	at jdk.internal.reflect.GeneratedMethodAccessor41.invoke(Unknown Source)&#xa;	at java.base/jdk.internal.reflect.DelegatingMethodAccessorImpl.invoke(DelegatingMethodAccessorImpl.java:43)&#xa;	at Verify Hidden Inactive Transmission Checkbox When TP Has No Transmission.run(Verify Hidden Inactive Transmission Checkbox When TP Has No Transmission:20)&#xa;	at com.kms.katalon.core.main.ScriptEngine.run(ScriptEngine.java:194)&#xa;	at com.kms.katalon.core.main.ScriptEngine.runScriptAsRawText(ScriptEngine.java:119)&#xa;	at com.kms.katalon.core.main.TestCaseExecutor.runScript(TestCaseExecutor.java:448)&#xa;	at com.kms.katalon.core.main.TestCaseExecutor.doExecute(TestCaseExecutor.java:439)&#xa;	at com.kms.katalon.core.main.TestCaseExecutor.processExecutionPhase(TestCaseExecutor.java:418)&#xa;	at com.kms.katalon.core.main.TestCaseExecutor.accessMainPhase(TestCaseExecutor.java:410)&#xa;	at com.kms.katalon.core.main.TestCaseExecutor.execute(TestCaseExecutor.java:285)&#xa;	at com.kms.katalon.core.common.CommonExecutor.accessTestCaseMainPhase(CommonExecutor.java:65)&#xa;	at com.kms.katalon.core.main.TestSuiteExecutor.accessTestSuiteMainPhase(TestSuiteExecutor.java:150)&#xa;	at com.kms.katalon.core.main.TestSuiteExecutor.execute(TestSuiteExecutor.java:106)&#xa;	at com.kms.katalon.core.main.TestCaseMain.startTestSuite(TestCaseMain.java:180)&#xa;	at com.kms.katalon.core.main.TestCaseMain$startTestSuite$0.call(Unknown Source)&#xa;	at TempTestSuite1761084128061.run(TempTestSuite1761084128061.groovy:35)&#xa;	at java.base/jdk.internal.reflect.NativeMethodAccessorImpl.invoke0(Native Method)&#xa;	at java.base/jdk.internal.reflect.NativeMethodAccessorImpl.invoke(NativeMethodAccessorImpl.java:77)&#xa;	at java.base/jdk.internal.reflect.DelegatingMethodAccessorImpl.invoke(DelegatingMethodAccessorImpl.java:43)&#xa;Caused by: com.kms.katalon.core.exception.StepFailedException: Unable to navigate to 'https://dx-portal.qa.thekag.com/'&#xa;	at com.kms.katalon.core.webui.keyword.internal.WebUIKeywordMain.stepFailed(WebUIKeywordMain.groovy:117)&#xa;	at com.kms.katalon.core.webui.keyword.internal.WebUIKeywordMain.runKeyword(WebUIKeywordMain.groovy:43)&#xa;	at com.kms.katalon.core.webui.keyword.builtin.NavigateToUrlKeyword.navigateToUrl(NavigateToUrlKeyword.groovy:83)&#xa;	at com.kms.katalon.core.webui.keyword.builtin.NavigateToUrlKeyword.execute(NavigateToUrlKeyword.groovy:67)&#xa;	at com.kms.katalon.core.keyword.internal.KeywordExecutor.executeKeywordForPlatform(KeywordExecutor.groovy:74)&#xa;	at com.kms.katalon.core.webui.keyword.WebUiBuiltInKeywords.navigateToUrl(WebUiBuiltInKeywords.groovy:187)&#xa;	at com.kms.katalon.core.webui.keyword.WebUiBuiltInKeywords$navigateToUrl$1.call(Unknown Source)&#xa;	at DES Login.run(DES Login:26)&#xa;	at com.kms.katalon.core.main.ScriptEngine.run(ScriptEngine.java:194)&#xa;	at com.kms.katalon.core.main.ScriptEngine.runScriptAsRawText(ScriptEngine.java:119)&#xa;	at com.kms.katalon.core.main.TestCaseExecutor.runScript(TestCaseExecutor.java:448)&#xa;	at com.kms.katalon.core.main.TestCaseExecutor.doExecute(TestCaseExecutor.java:439)&#xa;	at com.kms.katalon.core.main.TestCaseExecutor.processExecutionPhase(TestCaseExecutor.java:418)&#xa;	at com.kms.katalon.core.main.TestCaseExecutor.accessMainPhase(TestCaseExecutor.java:410)&#xa;	at com.kms.katalon.core.main.TestCaseExecutor.execute(TestCaseExecutor.java:285)&#xa;	at com.kms.katalon.core.main.TestCaseMain.runTestCase(TestCaseMain.java:137)&#xa;	at com.kms.katalon.core.keyword.builtin.CallTestCaseKeyword$_callTestCase_closure1.doCall(CallTestCaseKeyword.groovy:59)&#xa;	... 25 more&#xa;Caused by: org.openqa.selenium.WebDriverException: java.net.ConnectException: Failed to connect to localhost/[0:0:0:0:0:0:0:1]:45279&#xa;Build info: version: '3.141.59', revision: 'unknown', time: 'unknown'&#xa;System info: host: 'DC1ADOBLD01', ip: '10.2.20.71', os.name: 'Windows Server 2019', os.arch: 'amd64', os.version: '10.0', java.version: '17.0.7'&#xa;Driver info: driver.version: RemoteWebDriver&#xa;	at org.openqa.selenium.remote.service.DriverCommandExecutor.execute(DriverCommandExecutor.java:92)&#xa;	at org.openqa.selenium.remote.RemoteWebDriver.execute(RemoteWebDriver.java:552)&#xa;	at com.kms.katalon.selenium.driver.CChromeDriver.execute(CChromeDriver.java:19)&#xa;	at org.openqa.selenium.remote.RemoteWebDriver.get(RemoteWebDriver.java:277)&#xa;	at org.openqa.selenium.remote.RemoteWebDriver$RemoteNavigation.to(RemoteWebDriver.java:857)&#xa;	at org.openqa.selenium.support.events.EventFiringWebDriver$EventFiringNavigation.to(EventFiringWebDriver.java:569)&#xa;	at com.kms.katalon.core.webui.keyword.builtin.NavigateToUrlKeyword$_navigateToUrl_closure1.doCall(NavigateToUrlKeyword.groovy:81)&#xa;	at com.kms.katalon.core.webui.keyword.builtin.NavigateToUrlKeyword$_navigateToUrl_closure1.call(NavigateToUrlKeyword.groovy)&#xa;	at com.kms.katalon.core.webui.keyword.internal.WebUIKeywordMain.runKeyword(WebUIKeywordMain.groovy:35)&#xa;	at com.kms.katalon.core.webui.keyword.builtin.NavigateToUrlKeyword.navigateToUrl(NavigateToUrlKeyword.groovy:83)&#xa;	at com.kms.katalon.core.webui.keyword.builtin.NavigateToUrlKeyword.execute(NavigateToUrlKeyword.groovy:67)&#xa;	at com.kms.katalon.core.keyword.internal.KeywordExecutor.executeKeywordForPlatform(KeywordExecutor.groovy:74)&#xa;	at com.kms.katalon.core.webui.keyword.WebUiBuiltInKeywords.navigateToUrl(WebUiBuiltInKeywords.groovy:187)&#xa;	at com.kms.katalon.core.webui.keyword.WebUiBuiltInKeywords$navigateToUrl$1.call(Unknown Source)&#xa;	at Script1749499513693.run(Script1749499513693.groovy:26)&#xa;	at com.kms.katalon.core.main.ScriptEngine.run(ScriptEngine.java:194)&#xa;	at com.kms.katalon.core.main.ScriptEngine.runScriptAsRawText(ScriptEngine.java:119)&#xa;	at com.kms.katalon.core.main.TestCaseExecutor.runScript(TestCaseExecutor.java:448)&#xa;	at com.kms.katalon.core.main.TestCaseExecutor.doExecute(TestCaseExecutor.java:439)&#xa;	at com.kms.katalon.core.main.TestCaseExecutor.processExecutionPhase(TestCaseExecutor.java:418)&#xa;	at com.kms.katalon.core.main.TestCaseExecutor.accessMainPhase(TestCaseExecutor.java:410)&#xa;	at com.kms.katalon.core.main.TestCaseExecutor.execute(TestCaseExecutor.java:285)&#xa;	at com.kms.katalon.core.main.TestCaseMain.runTestCase(TestCaseMain.java:137)&#xa;	at com.kms.katalon.core.keyword.builtin.CallTestCaseKeyword$_callTestCase_closure1.doCall(CallTestCaseKeyword.groovy:59)&#xa;	at com.kms.katalon.core.keyword.builtin.CallTestCaseKeyword$_callTestCase_closure1.call(CallTestCaseKeyword.groovy)&#xa;	at com.kms.katalon.core.keyword.internal.KeywordMain.runKeyword(KeywordMain.groovy:75)&#xa;	at com.kms.katalon.core.keyword.builtin.CallTestCaseKeyword.callTestCase(CallTestCaseKeyword.groovy:81)&#xa;	at com.kms.katalon.core.keyword.builtin.CallTestCaseKeyword.execute(CallTestCaseKeyword.groovy:44)&#xa;	at com.kms.katalon.core.keyword.internal.KeywordExecutor.executeKeywordForPlatform(KeywordExecutor.groovy:74)&#xa;	at com.kms.katalon.core.keyword.BuiltinKeywords.callTestCase(BuiltinKeywords.groovy:310)&#xa;	at jdk.internal.reflect.GeneratedMethodAccessor41.invoke(Unknown Source)&#xa;	at java.base/jdk.internal.reflect.DelegatingMethodAccessorImpl.invoke(DelegatingMethodAccessorImpl.java:43)&#xa;	at Script1684533498818.run(Script1684533498818.groovy:20)&#xa;	... 16 more&#xa;Caused by: java.net.ConnectException: Failed to connect to localhost/[0:0:0:0:0:0:0:1]:45279&#xa;	at okhttp3.internal.connection.RealConnection.connectSocket(RealConnection.java:247)&#xa;	at okhttp3.internal.connection.RealConnection.connect(RealConnection.java:165)&#xa;	at okhttp3.internal.connection.StreamAllocation.findConnection(StreamAllocation.java:257)&#xa;	at okhttp3.internal.connection.StreamAllocation.findHealthyConnection(StreamAllocation.java:135)&#xa;	at okhttp3.internal.connection.StreamAllocation.newStream(StreamAllocation.java:114)&#xa;	at okhttp3.internal.connection.ConnectInterceptor.intercept(ConnectInterceptor.java:42)&#xa;	at okhttp3.internal.http.RealInterceptorChain.proceed(RealInterceptorChain.java:147)&#xa;	at okhttp3.internal.http.RealInterceptorChain.proceed(RealInterceptorChain.java:121)&#xa;	at okhttp3.internal.cache.CacheInterceptor.intercept(CacheInterceptor.java:93)&#xa;	at okhttp3.internal.http.RealInterceptorChain.proceed(RealInterceptorChain.java:147)&#xa;	at okhttp3.internal.http.RealInterceptorChain.proceed(RealInterceptorChain.java:121)&#xa;	at okhttp3.internal.http.BridgeInterceptor.intercept(BridgeInterceptor.java:93)&#xa;	at okhttp3.internal.http.RealInterceptorChain.proceed(RealInterceptorChain.java:147)&#xa;	at okhttp3.internal.http.RetryAndFollowUpInterceptor.intercept(RetryAndFollowUpInterceptor.java:126)&#xa;	at okhttp3.internal.http.RealInterceptorChain.proceed(RealInterceptorChain.java:147)&#xa;	at okhttp3.internal.http.RealInterceptorChain.proceed(RealInterceptorChain.java:121)&#xa;	at okhttp3.RealCall.getResponseWithInterceptorChain(RealCall.java:200)&#xa;	at okhttp3.RealCall.execute(RealCall.java:77)&#xa;	at org.openqa.selenium.remote.internal.OkHttpClient.execute(OkHttpClient.java:103)&#xa;	at org.openqa.selenium.remote.HttpCommandExecutor.execute(HttpCommandExecutor.java:155)&#xa;	at org.openqa.selenium.remote.service.DriverCommandExecutor.execute(DriverCommandExecutor.java:83)&#xa;	... 48 more&#xa;Caused by: java.net.ConnectException: Connection refused: no further information&#xa;	at okhttp3.internal.platform.Platform.connectSocket(Platform.java:129)&#xa;	at okhttp3.internal.connection.RealConnection.connectSocket(RealConnection.java:245)&#xa;	at okhttp3.internal.connection.RealConnection.connect(RealConnection.java:165)&#xa;	at okhttp3.internal.connection.StreamAllocation.findConnection(StreamAllocation.java:257)&#xa;	at okhttp3.internal.connection.StreamAllocation.findHealthyConnection(StreamAllocation.java:135)&#xa;	at okhttp3.internal.connection.StreamAllocation.newStream(StreamAllocation.java:114)&#xa;	at okhttp3.internal.connection.ConnectInterceptor.intercept(ConnectInterceptor.java:42)&#xa;	at okhttp3.internal.http.RealInterceptorChain.proceed(RealInterceptorChain.java:147)&#xa;	at okhttp3.internal.http.RealInterceptorChain.proceed(RealInterceptorChain.java:121)&#xa;	at okhttp3.internal.cache.CacheInterceptor.intercept(CacheInterceptor.java:93)&#xa;	at okhttp3.internal.http.RealInterceptorChain.proceed(RealInterceptorChain.java:147)&#xa;	at okhttp3.internal.http.RealInterceptorChain.proceed(RealInterceptorChain.java:121)&#xa;	at okhttp3.internal.http.BridgeInterceptor.intercept(BridgeInterceptor.java:93)&#xa;	at okhttp3.internal.http.RealInterceptorChain.proceed(RealInterceptorChain.java:147)&#xa;	at okhttp3.internal.http.RetryAndFollowUpInterceptor.intercept(RetryAndFollowUpInterceptor.java:126)&#xa;	at okhttp3.internal.http.RealInterceptorChain.proceed(RealInterceptorChain.java:147)&#xa;	at okhttp3.internal.http.RealInterceptorChain.proceed(RealInterceptorChain.java:121)&#xa;	at okhttp3.RealCall.getResponseWithInterceptorChain(RealCall.java:200)&#xa;	at okhttp3.RealCall.execute(RealCall.java:77)&#xa;	at org.openqa.selenium.remote.internal.OkHttpClient.execute(OkHttpClient.java:103)&#xa;	at org.openqa.selenium.remote.HttpCommandExecutor.execute(HttpCommandExecutor.java:155)&#xa;	at org.openqa.selenium.remote.service.DriverCommandExecutor.execute(DriverCommandExecutor.java:83)&#xa;	at org.openqa.selenium.remote.RemoteWebDriver.execute(RemoteWebDriver.java:552)&#xa;	at com.kms.katalon.selenium.driver.CChromeDriver.execute(CChromeDriver.java:19)&#xa;	at org.openqa.selenium.remote.RemoteWebDriver.get(RemoteWebDriver.java:277)&#xa;	at org.openqa.selenium.remote.RemoteWebDriver$RemoteNavigation.to(RemoteWebDriver.java:857)&#xa;	at org.openqa.selenium.support.events.EventFiringWebDriver$EventFiringNavigation.to(EventFiringWebDriver.java:569)&#xa;	at com.kms.katalon.core.webui.keyword.builtin.NavigateToUrlKeyword$_navigateToUrl_closure1.doCall(NavigateToUrlKeyword.groovy:81)&#xa;	at com.kms.katalon.core.webui.keyword.builtin.NavigateToUrlKeyword$_navigateToUrl_closure1.call(NavigateToUrlKeyword.groovy)&#xa;	at com.kms.katalon.core.webui.keyword.internal.WebUIKeywordMain.runKeyword(WebUIKeywordMain.groovy:35)&#xa;	at com.kms.katalon.core.webui.keyword.builtin.NavigateToUrlKeyword.navigateToUrl(NavigateToUrlKeyword.groovy:83)&#xa;	at com.kms.katalon.core.webui.keyword.builtin.NavigateToUrlKeyword.execute(NavigateToUrlKeyword.groovy:67)&#xa;	at com.kms.katalon.core.keyword.internal.KeywordExecutor.executeKeywordForPlatform(KeywordExecutor.groovy:74)&#xa;	at com.kms.katalon.core.webui.keyword.WebUiBuiltInKeywords.navigateToUrl(WebUiBuiltInKeywords.groovy:187)&#xa;	at com.kms.katalon.core.webui.keyword.WebUiBuiltInKeywords$navigateToUrl$1.call(Unknown Source)&#xa;	at DES Login.run(DES Login:26)&#xa;	at com.kms.katalon.core.main.ScriptEngine.run(ScriptEngine.java:194)&#xa;	at com.kms.katalon.core.main.ScriptEngine.runScriptAsRawText(ScriptEngine.java:119)&#xa;	at com.kms.katalon.core.main.TestCaseExecutor.runScript(TestCaseExecutor.java:448)&#xa;	at com.kms.katalon.core.main.TestCaseExecutor.doExecute(TestCaseExecutor.java:439)&#xa;	at com.kms.katalon.core.main.TestCaseExecutor.processExecutionPhase(TestCaseExecutor.java:418)&#xa;	at com.kms.katalon.core.main.TestCaseExecutor.accessMainPhase(TestCaseExecutor.java:410)&#xa;	at com.kms.katalon.core.main.TestCaseExecutor.execute(TestCaseExecutor.java:285)&#xa;	at com.kms.katalon.core.main.TestCaseMain.runTestCase(TestCaseMain.java:137)&#xa;	at com.kms.katalon.core.keyword.builtin.CallTestCaseKeyword$_callTestCase_closure1.doCall(CallTestCaseKeyword.groovy:59)&#xa;	at com.kms.katalon.core.keyword.builtin.CallTestCaseKeyword$_callTestCase_closure1.call(CallTestCaseKeyword.groovy)&#xa;	at com.kms.katalon.core.keyword.internal.KeywordMain.runKeyword(KeywordMain.groovy:75)&#xa;	at com.kms.katalon.core.keyword.builtin.CallTestCaseKeyword.callTestCase(CallTestCaseKeyword.groovy:81)&#xa;	at com.kms.katalon.core.keyword.builtin.CallTestCaseKeyword.execute(CallTestCaseKeyword.groovy:44)&#xa;	at com.kms.katalon.core.keyword.internal.KeywordExecutor.executeKeywordForPlatform(KeywordExecutor.groovy:74)&#xa;	at com.kms.katalon.core.keyword.BuiltinKeywords.callTestCase(BuiltinKeywords.groovy:310)&#xa;	at jdk.internal.reflect.GeneratedMethodAccessor41.invoke(Unknown Source)&#xa;	at java.base/jdk.internal.reflect.DelegatingMethodAccessorImpl.invoke(DelegatingMethodAccessorImpl.java:43)&#xa;	at Verify Hidden Inactive Transmission Checkbox When TP Has No Transmission.run(Verify Hidden Inactive Transmission Checkbox When TP Has No Transmission:20)&#xa;	... 16 more&#xa;"/>
         <system-out><![CDATA[21-10-2025T19:05:32 - [TEST_CASE][FAILED] - Test Cases/DES/Trading Partners Page/Subscription/Verify Hidden Inactive Transmission Checkbox When TP Has No Transmission: Test Cases/DES/Trading Partners Page/Subscription/Verify Hidden Inactive Transmission Checkbox When TP Has No Transmission FAILED.
Reason:
com.kms.katalon.core.exception.StepFailedException: Call Test Case 'Test Cases/DES/DES Login' failed
	at com.kms.katalon.core.keyword.builtin.CallTestCaseKeyword$_callTestCase_closure1.doCall(CallTestCaseKeyword.groovy:63)
	at com.kms.katalon.core.keyword.builtin.CallTestCaseKeyword$_callTestCase_closure1.call(CallTestCaseKeyword.groovy)
	at com.kms.katalon.core.keyword.internal.KeywordMain.runKeyword(KeywordMain.groovy:75)
	at com.kms.katalon.core.keyword.builtin.CallTestCaseKeyword.callTestCase(CallTestCaseKeyword.groovy:81)
	at com.kms.katalon.core.keyword.builtin.CallTestCaseKeyword.execute(CallTestCaseKeyword.groovy:44)
	at com.kms.katalon.core.keyword.internal.KeywordExecutor.executeKeywordForPlatform(KeywordExecutor.groovy:74)
	at com.kms.katalon.core.keyword.BuiltinKeywords.callTestCase(BuiltinKeywords.groovy:310)
	at jdk.internal.reflect.GeneratedMethodAccessor41.invoke(Unknown Source)
	at java.base/jdk.internal.reflect.DelegatingMethodAccessorImpl.invoke(DelegatingMethodAccessorImpl.java:43)
	at Verify Hidden Inactive Transmission Checkbox When TP Has No Transmission.run(Verify Hidden Inactive Transmission Checkbox When TP Has No Transmission:20)
	at com.kms.katalon.core.main.ScriptEngine.run(ScriptEngine.java:194)
	at com.kms.katalon.core.main.ScriptEngine.runScriptAsRawText(ScriptEngine.java:119)
	at com.kms.katalon.core.main.TestCaseExecutor.runScript(TestCaseExecutor.java:448)
	at com.kms.katalon.core.main.TestCaseExecutor.doExecute(TestCaseExecutor.java:439)
	at com.kms.katalon.core.main.TestCaseExecutor.processExecutionPhase(TestCaseExecutor.java:418)
	at com.kms.katalon.core.main.TestCaseExecutor.accessMainPhase(TestCaseExecutor.java:410)
	at com.kms.katalon.core.main.TestCaseExecutor.execute(TestCaseExecutor.java:285)
	at com.kms.katalon.core.common.CommonExecutor.accessTestCaseMainPhase(CommonExecutor.java:65)
	at com.kms.katalon.core.main.TestSuiteExecutor.accessTestSuiteMainPhase(TestSuiteExecutor.java:150)
	at com.kms.katalon.core.main.TestSuiteExecutor.execute(TestSuiteExecutor.java:106)
	at com.kms.katalon.core.main.TestCaseMain.startTestSuite(TestCaseMain.java:180)
	at com.kms.katalon.core.main.TestCaseMain$startTestSuite$0.call(Unknown Source)
	at TempTestSuite1761084128061.run(TempTestSuite1761084128061.groovy:35)
	at java.base/jdk.internal.reflect.NativeMethodAccessorImpl.invoke0(Native Method)
	at java.base/jdk.internal.reflect.NativeMethodAccessorImpl.invoke(NativeMethodAccessorImpl.java:77)
	at java.base/jdk.internal.reflect.DelegatingMethodAccessorImpl.invoke(DelegatingMethodAccessorImpl.java:43)
Caused by: com.kms.katalon.core.exception.StepFailedException: Unable to navigate to 'https://dx-portal.qa.thekag.com/'
	at com.kms.katalon.core.webui.keyword.internal.WebUIKeywordMain.stepFailed(WebUIKeywordMain.groovy:117)
	at com.kms.katalon.core.webui.keyword.internal.WebUIKeywordMain.runKeyword(WebUIKeywordMain.groovy:43)
	at com.kms.katalon.core.webui.keyword.builtin.NavigateToUrlKeyword.navigateToUrl(NavigateToUrlKeyword.groovy:83)
	at com.kms.katalon.core.webui.keyword.builtin.NavigateToUrlKeyword.execute(NavigateToUrlKeyword.groovy:67)
	at com.kms.katalon.core.keyword.internal.KeywordExecutor.executeKeywordForPlatform(KeywordExecutor.groovy:74)
	at com.kms.katalon.core.webui.keyword.WebUiBuiltInKeywords.navigateToUrl(WebUiBuiltInKeywords.groovy:187)
	at com.kms.katalon.core.webui.keyword.WebUiBuiltInKeywords$navigateToUrl$1.call(Unknown Source)
	at DES Login.run(DES Login:26)
	at com.kms.katalon.core.main.ScriptEngine.run(ScriptEngine.java:194)
	at com.kms.katalon.core.main.ScriptEngine.runScriptAsRawText(ScriptEngine.java:119)
	at com.kms.katalon.core.main.TestCaseExecutor.runScript(TestCaseExecutor.java:448)
	at com.kms.katalon.core.main.TestCaseExecutor.doExecute(TestCaseExecutor.java:439)
	at com.kms.katalon.core.main.TestCaseExecutor.processExecutionPhase(TestCaseExecutor.java:418)
	at com.kms.katalon.core.main.TestCaseExecutor.accessMainPhase(TestCaseExecutor.java:410)
	at com.kms.katalon.core.main.TestCaseExecutor.execute(TestCaseExecutor.java:285)
	at com.kms.katalon.core.main.TestCaseMain.runTestCase(TestCaseMain.java:137)
	at com.kms.katalon.core.keyword.builtin.CallTestCaseKeyword$_callTestCase_closure1.doCall(CallTestCaseKeyword.groovy:59)
	... 25 more
Caused by: org.openqa.selenium.WebDriverException: java.net.ConnectException: Failed to connect to localhost/[0:0:0:0:0:0:0:1]:45279
Build info: version: '3.141.59', revision: 'unknown', time: 'unknown'
System info: host: 'DC1ADOBLD01', ip: '10.2.20.71', os.name: 'Windows Server 2019', os.arch: 'amd64', os.version: '10.0', java.version: '17.0.7'
Driver info: driver.version: RemoteWebDriver
	at org.openqa.selenium.remote.service.DriverCommandExecutor.execute(DriverCommandExecutor.java:92)
	at org.openqa.selenium.remote.RemoteWebDriver.execute(RemoteWebDriver.java:552)
	at com.kms.katalon.selenium.driver.CChromeDriver.execute(CChromeDriver.java:19)
	at org.openqa.selenium.remote.RemoteWebDriver.get(RemoteWebDriver.java:277)
	at org.openqa.selenium.remote.RemoteWebDriver$RemoteNavigation.to(RemoteWebDriver.java:857)
	at org.openqa.selenium.support.events.EventFiringWebDriver$EventFiringNavigation.to(EventFiringWebDriver.java:569)
	at com.kms.katalon.core.webui.keyword.builtin.NavigateToUrlKeyword$_navigateToUrl_closure1.doCall(NavigateToUrlKeyword.groovy:81)
	at com.kms.katalon.core.webui.keyword.builtin.NavigateToUrlKeyword$_navigateToUrl_closure1.call(NavigateToUrlKeyword.groovy)
	at com.kms.katalon.core.webui.keyword.internal.WebUIKeywordMain.runKeyword(WebUIKeywordMain.groovy:35)
	at com.kms.katalon.core.webui.keyword.builtin.NavigateToUrlKeyword.navigateToUrl(NavigateToUrlKeyword.groovy:83)
	at com.kms.katalon.core.webui.keyword.builtin.NavigateToUrlKeyword.execute(NavigateToUrlKeyword.groovy:67)
	at com.kms.katalon.core.keyword.internal.KeywordExecutor.executeKeywordForPlatform(KeywordExecutor.groovy:74)
	at com.kms.katalon.core.webui.keyword.WebUiBuiltInKeywords.navigateToUrl(WebUiBuiltInKeywords.groovy:187)
	at com.kms.katalon.core.webui.keyword.WebUiBuiltInKeywords$navigateToUrl$1.call(Unknown Source)
	at Script1749499513693.run(Script1749499513693.groovy:26)
	at com.kms.katalon.core.main.ScriptEngine.run(ScriptEngine.java:194)
	at com.kms.katalon.core.main.ScriptEngine.runScriptAsRawText(ScriptEngine.java:119)
	at com.kms.katalon.core.main.TestCaseExecutor.runScript(TestCaseExecutor.java:448)
	at com.kms.katalon.core.main.TestCaseExecutor.doExecute(TestCaseExecutor.java:439)
	at com.kms.katalon.core.main.TestCaseExecutor.processExecutionPhase(TestCaseExecutor.java:418)
	at com.kms.katalon.core.main.TestCaseExecutor.accessMainPhase(TestCaseExecutor.java:410)
	at com.kms.katalon.core.main.TestCaseExecutor.execute(TestCaseExecutor.java:285)
	at com.kms.katalon.core.main.TestCaseMain.runTestCase(TestCaseMain.java:137)
	at com.kms.katalon.core.keyword.builtin.CallTestCaseKeyword$_callTestCase_closure1.doCall(CallTestCaseKeyword.groovy:59)
	at com.kms.katalon.core.keyword.builtin.CallTestCaseKeyword$_callTestCase_closure1.call(CallTestCaseKeyword.groovy)
	at com.kms.katalon.core.keyword.internal.KeywordMain.runKeyword(KeywordMain.groovy:75)
	at com.kms.katalon.core.keyword.builtin.CallTestCaseKeyword.callTestCase(CallTestCaseKeyword.groovy:81)
	at com.kms.katalon.core.keyword.builtin.CallTestCaseKeyword.execute(CallTestCaseKeyword.groovy:44)
	at com.kms.katalon.core.keyword.internal.KeywordExecutor.executeKeywordForPlatform(KeywordExecutor.groovy:74)
	at com.kms.katalon.core.keyword.BuiltinKeywords.callTestCase(BuiltinKeywords.groovy:310)
	at jdk.internal.reflect.GeneratedMethodAccessor41.invoke(Unknown Source)
	at java.base/jdk.internal.reflect.DelegatingMethodAccessorImpl.invoke(DelegatingMethodAccessorImpl.java:43)
	at Script1684533498818.run(Script1684533498818.groovy:20)
	... 16 more
Caused by: java.net.ConnectException: Failed to connect to localhost/[0:0:0:0:0:0:0:1]:45279
	at okhttp3.internal.connection.RealConnection.connectSocket(RealConnection.java:247)
	at okhttp3.internal.connection.RealConnection.connect(RealConnection.java:165)
	at okhttp3.internal.connection.StreamAllocation.findConnection(StreamAllocation.java:257)
	at okhttp3.internal.connection.StreamAllocation.findHealthyConnection(StreamAllocation.java:135)
	at okhttp3.internal.connection.StreamAllocation.newStream(StreamAllocation.java:114)
	at okhttp3.internal.connection.ConnectInterceptor.intercept(ConnectInterceptor.java:42)
	at okhttp3.internal.http.RealInterceptorChain.proceed(RealInterceptorChain.java:147)
	at okhttp3.internal.http.RealInterceptorChain.proceed(RealInterceptorChain.java:121)
	at okhttp3.internal.cache.CacheInterceptor.intercept(CacheInterceptor.java:93)
	at okhttp3.internal.http.RealInterceptorChain.proceed(RealInterceptorChain.java:147)
	at okhttp3.internal.http.RealInterceptorChain.proceed(RealInterceptorChain.java:121)
	at okhttp3.internal.http.BridgeInterceptor.intercept(BridgeInterceptor.java:93)
	at okhttp3.internal.http.RealInterceptorChain.proceed(RealInterceptorChain.java:147)
	at okhttp3.internal.http.RetryAndFollowUpInterceptor.intercept(RetryAndFollowUpInterceptor.java:126)
	at okhttp3.internal.http.RealInterceptorChain.proceed(RealInterceptorChain.java:147)
	at okhttp3.internal.http.RealInterceptorChain.proceed(RealInterceptorChain.java:121)
	at okhttp3.RealCall.getResponseWithInterceptorChain(RealCall.java:200)
	at okhttp3.RealCall.execute(RealCall.java:77)
	at org.openqa.selenium.remote.internal.OkHttpClient.execute(OkHttpClient.java:103)
	at org.openqa.selenium.remote.HttpCommandExecutor.execute(HttpCommandExecutor.java:155)
	at org.openqa.selenium.remote.service.DriverCommandExecutor.execute(DriverCommandExecutor.java:83)
	... 48 more
Caused by: java.net.ConnectException: Connection refused: no further information
	at okhttp3.internal.platform.Platform.connectSocket(Platform.java:129)
	at okhttp3.internal.connection.RealConnection.connectSocket(RealConnection.java:245)
	at okhttp3.internal.connection.RealConnection.connect(RealConnection.java:165)
	at okhttp3.internal.connection.StreamAllocation.findConnection(StreamAllocation.java:257)
	at okhttp3.internal.connection.StreamAllocation.findHealthyConnection(StreamAllocation.java:135)
	at okhttp3.internal.connection.StreamAllocation.newStream(StreamAllocation.java:114)
	at okhttp3.internal.connection.ConnectInterceptor.intercept(ConnectInterceptor.java:42)
	at okhttp3.internal.http.RealInterceptorChain.proceed(RealInterceptorChain.java:147)
	at okhttp3.internal.http.RealInterceptorChain.proceed(RealInterceptorChain.java:121)
	at okhttp3.internal.cache.CacheInterceptor.intercept(CacheInterceptor.java:93)
	at okhttp3.internal.http.RealInterceptorChain.proceed(RealInterceptorChain.java:147)
	at okhttp3.internal.http.RealInterceptorChain.proceed(RealInterceptorChain.java:121)
	at okhttp3.internal.http.BridgeInterceptor.intercept(BridgeInterceptor.java:93)
	at okhttp3.internal.http.RealInterceptorChain.proceed(RealInterceptorChain.java:147)
	at okhttp3.internal.http.RetryAndFollowUpInterceptor.intercept(RetryAndFollowUpInterceptor.java:126)
	at okhttp3.internal.http.RealInterceptorChain.proceed(RealInterceptorChain.java:147)
	at okhttp3.internal.http.RealInterceptorChain.proceed(RealInterceptorChain.java:121)
	at okhttp3.RealCall.getResponseWithInterceptorChain(RealCall.java:200)
	at okhttp3.RealCall.execute(RealCall.java:77)
	at org.openqa.selenium.remote.internal.OkHttpClient.execute(OkHttpClient.java:103)
	at org.openqa.selenium.remote.HttpCommandExecutor.execute(HttpCommandExecutor.java:155)
	at org.openqa.selenium.remote.service.DriverCommandExecutor.execute(DriverCommandExecutor.java:83)
	at org.openqa.selenium.remote.RemoteWebDriver.execute(RemoteWebDriver.java:552)
	at com.kms.katalon.selenium.driver.CChromeDriver.execute(CChromeDriver.java:19)
	at org.openqa.selenium.remote.RemoteWebDriver.get(RemoteWebDriver.java:277)
	at org.openqa.selenium.remote.RemoteWebDriver$RemoteNavigation.to(RemoteWebDriver.java:857)
	at org.openqa.selenium.support.events.EventFiringWebDriver$EventFiringNavigation.to(EventFiringWebDriver.java:569)
	at com.kms.katalon.core.webui.keyword.builtin.NavigateToUrlKeyword$_navigateToUrl_closure1.doCall(NavigateToUrlKeyword.groovy:81)
	at com.kms.katalon.core.webui.keyword.builtin.NavigateToUrlKeyword$_navigateToUrl_closure1.call(NavigateToUrlKeyword.groovy)
	at com.kms.katalon.core.webui.keyword.internal.WebUIKeywordMain.runKeyword(WebUIKeywordMain.groovy:35)
	at com.kms.katalon.core.webui.keyword.builtin.NavigateToUrlKeyword.navigateToUrl(NavigateToUrlKeyword.groovy:83)
	at com.kms.katalon.core.webui.keyword.builtin.NavigateToUrlKeyword.execute(NavigateToUrlKeyword.groovy:67)
	at com.kms.katalon.core.keyword.internal.KeywordExecutor.executeKeywordForPlatform(KeywordExecutor.groovy:74)
	at com.kms.katalon.core.webui.keyword.WebUiBuiltInKeywords.navigateToUrl(WebUiBuiltInKeywords.groovy:187)
	at com.kms.katalon.core.webui.keyword.WebUiBuiltInKeywords$navigateToUrl$1.call(Unknown Source)
	at DES Login.run(DES Login:26)
	at com.kms.katalon.core.main.ScriptEngine.run(ScriptEngine.java:194)
	at com.kms.katalon.core.main.ScriptEngine.runScriptAsRawText(ScriptEngine.java:119)
	at com.kms.katalon.core.main.TestCaseExecutor.runScript(TestCaseExecutor.java:448)
	at com.kms.katalon.core.main.TestCaseExecutor.doExecute(TestCaseExecutor.java:439)
	at com.kms.katalon.core.main.TestCaseExecutor.processExecutionPhase(TestCaseExecutor.java:418)
	at com.kms.katalon.core.main.TestCaseExecutor.accessMainPhase(TestCaseExecutor.java:410)
	at com.kms.katalon.core.main.TestCaseExecutor.execute(TestCaseExecutor.java:285)
	at com.kms.katalon.core.main.TestCaseMain.runTestCase(TestCaseMain.java:137)
	at com.kms.katalon.core.keyword.builtin.CallTestCaseKeyword$_callTestCase_closure1.doCall(CallTestCaseKeyword.groovy:59)
	at com.kms.katalon.core.keyword.builtin.CallTestCaseKeyword$_callTestCase_closure1.call(CallTestCaseKeyword.groovy)
	at com.kms.katalon.core.keyword.internal.KeywordMain.runKeyword(KeywordMain.groovy:75)
	at com.kms.katalon.core.keyword.builtin.CallTestCaseKeyword.callTestCase(CallTestCaseKeyword.groovy:81)
	at com.kms.katalon.core.keyword.builtin.CallTestCaseKeyword.execute(CallTestCaseKeyword.groovy:44)
	at com.kms.katalon.core.keyword.internal.KeywordExecutor.executeKeywordForPlatform(KeywordExecutor.groovy:74)
	at com.kms.katalon.core.keyword.BuiltinKeywords.callTestCase(BuiltinKeywords.groovy:310)
	at jdk.internal.reflect.GeneratedMethodAccessor41.invoke(Unknown Source)
	at java.base/jdk.internal.reflect.DelegatingMethodAccessorImpl.invoke(DelegatingMethodAccessorImpl.java:43)
	at Verify Hidden Inactive Transmission Checkbox When TP Has No Transmission.run(Verify Hidden Inactive Transmission Checkbox When TP Has No Transmission:20)
	... 16 more


21-10-2025T19:05:32 - [TEST_STEP][PASSED] - Start listener action : beforeTestCase: null

21-10-2025T19:05:32 - [TEST_STEP][PASSED] - addDefaultPackages(): null

21-10-2025T19:05:32 - [TEST_STEP][FAILED] - callTestCase(findTestCase("DES/DES Login"), [:], STOP_ON_FAILURE): Unable to call Test Case 'Test Cases/DES/DES Login' (Root cause: com.kms.katalon.core.exception.StepFailedException: Call Test Case 'Test Cases/DES/DES Login' failed
	at com.kms.katalon.core.keyword.builtin.CallTestCaseKeyword$_callTestCase_closure1.doCall(CallTestCaseKeyword.groovy:63)
	at com.kms.katalon.core.keyword.builtin.CallTestCaseKeyword$_callTestCase_closure1.call(CallTestCaseKeyword.groovy)
	at com.kms.katalon.core.keyword.internal.KeywordMain.runKeyword(KeywordMain.groovy:75)
	at com.kms.katalon.core.keyword.builtin.CallTestCaseKeyword.callTestCase(CallTestCaseKeyword.groovy:81)
	at com.kms.katalon.core.keyword.builtin.CallTestCaseKeyword.execute(CallTestCaseKeyword.groovy:44)
	at com.kms.katalon.core.keyword.internal.KeywordExecutor.executeKeywordForPlatform(KeywordExecutor.groovy:74)
	at com.kms.katalon.core.keyword.BuiltinKeywords.callTestCase(BuiltinKeywords.groovy:310)
	at jdk.internal.reflect.GeneratedMethodAccessor41.invoke(Unknown Source)
	at java.base/jdk.internal.reflect.DelegatingMethodAccessorImpl.invoke(DelegatingMethodAccessorImpl.java:43)
	at Verify Hidden Inactive Transmission Checkbox When TP Has No Transmission.run(Verify Hidden Inactive Transmission Checkbox When TP Has No Transmission:20)
	at com.kms.katalon.core.main.ScriptEngine.run(ScriptEngine.java:194)
	at com.kms.katalon.core.main.ScriptEngine.runScriptAsRawText(ScriptEngine.java:119)
	at com.kms.katalon.core.main.TestCaseExecutor.runScript(TestCaseExecutor.java:448)
	at com.kms.katalon.core.main.TestCaseExecutor.doExecute(TestCaseExecutor.java:439)
	at com.kms.katalon.core.main.TestCaseExecutor.processExecutionPhase(TestCaseExecutor.java:418)
	at com.kms.katalon.core.main.TestCaseExecutor.accessMainPhase(TestCaseExecutor.java:410)
	at com.kms.katalon.core.main.TestCaseExecutor.execute(TestCaseExecutor.java:285)
	at com.kms.katalon.core.common.CommonExecutor.accessTestCaseMainPhase(CommonExecutor.java:65)
	at com.kms.katalon.core.main.TestSuiteExecutor.accessTestSuiteMainPhase(TestSuiteExecutor.java:150)
	at com.kms.katalon.core.main.TestSuiteExecutor.execute(TestSuiteExecutor.java:106)
	at com.kms.katalon.core.main.TestCaseMain.startTestSuite(TestCaseMain.java:180)
	at com.kms.katalon.core.main.TestCaseMain$startTestSuite$0.call(Unknown Source)
	at TempTestSuite1761084128061.run(TempTestSuite1761084128061.groovy:35)
	at java.base/jdk.internal.reflect.NativeMethodAccessorImpl.invoke0(Native Method)
	at java.base/jdk.internal.reflect.NativeMethodAccessorImpl.invoke(NativeMethodAccessorImpl.java:77)
	at java.base/jdk.internal.reflect.DelegatingMethodAccessorImpl.invoke(DelegatingMethodAccessorImpl.java:43)
Caused by: com.kms.katalon.core.exception.StepFailedException: Unable to navigate to 'https://dx-portal.qa.thekag.com/'
	at com.kms.katalon.core.webui.keyword.internal.WebUIKeywordMain.stepFailed(WebUIKeywordMain.groovy:117)
	at com.kms.katalon.core.webui.keyword.internal.WebUIKeywordMain.runKeyword(WebUIKeywordMain.groovy:43)
	at com.kms.katalon.core.webui.keyword.builtin.NavigateToUrlKeyword.navigateToUrl(NavigateToUrlKeyword.groovy:83)
	at com.kms.katalon.core.webui.keyword.builtin.NavigateToUrlKeyword.execute(NavigateToUrlKeyword.groovy:67)
	at com.kms.katalon.core.keyword.internal.KeywordExecutor.executeKeywordForPlatform(KeywordExecutor.groovy:74)
	at com.kms.katalon.core.webui.keyword.WebUiBuiltInKeywords.navigateToUrl(WebUiBuiltInKeywords.groovy:187)
	at com.kms.katalon.core.webui.keyword.WebUiBuiltInKeywords$navigateToUrl$1.call(Unknown Source)
	at DES Login.run(DES Login:26)
	at com.kms.katalon.core.main.ScriptEngine.run(ScriptEngine.java:194)
	at com.kms.katalon.core.main.ScriptEngine.runScriptAsRawText(ScriptEngine.java:119)
	at com.kms.katalon.core.main.TestCaseExecutor.runScript(TestCaseExecutor.java:448)
	at com.kms.katalon.core.main.TestCaseExecutor.doExecute(TestCaseExecutor.java:439)
	at com.kms.katalon.core.main.TestCaseExecutor.processExecutionPhase(TestCaseExecutor.java:418)
	at com.kms.katalon.core.main.TestCaseExecutor.accessMainPhase(TestCaseExecutor.java:410)
	at com.kms.katalon.core.main.TestCaseExecutor.execute(TestCaseExecutor.java:285)
	at com.kms.katalon.core.main.TestCaseMain.runTestCase(TestCaseMain.java:137)
	at com.kms.katalon.core.keyword.builtin.CallTestCaseKeyword$_callTestCase_closure1.doCall(CallTestCaseKeyword.groovy:59)
	... 25 more
Caused by: org.openqa.selenium.WebDriverException: java.net.ConnectException: Failed to connect to localhost/[0:0:0:0:0:0:0:1]:45279
Build info: version: '3.141.59', revision: 'unknown', time: 'unknown'
System info: host: 'DC1ADOBLD01', ip: '10.2.20.71', os.name: 'Windows Server 2019', os.arch: 'amd64', os.version: '10.0', java.version: '17.0.7'
Driver info: driver.version: RemoteWebDriver
	at org.openqa.selenium.remote.service.DriverCommandExecutor.execute(DriverCommandExecutor.java:92)
	at org.openqa.selenium.remote.RemoteWebDriver.execute(RemoteWebDriver.java:552)
	at com.kms.katalon.selenium.driver.CChromeDriver.execute(CChromeDriver.java:19)
	at org.openqa.selenium.remote.RemoteWebDriver.get(RemoteWebDriver.java:277)
	at org.openqa.selenium.remote.RemoteWebDriver$RemoteNavigation.to(RemoteWebDriver.java:857)
	at org.openqa.selenium.support.events.EventFiringWebDriver$EventFiringNavigation.to(EventFiringWebDriver.java:569)
	at com.kms.katalon.core.webui.keyword.builtin.NavigateToUrlKeyword$_navigateToUrl_closure1.doCall(NavigateToUrlKeyword.groovy:81)
	at com.kms.katalon.core.webui.keyword.builtin.NavigateToUrlKeyword$_navigateToUrl_closure1.call(NavigateToUrlKeyword.groovy)
	at com.kms.katalon.core.webui.keyword.internal.WebUIKeywordMain.runKeyword(WebUIKeywordMain.groovy:35)
	at com.kms.katalon.core.webui.keyword.builtin.NavigateToUrlKeyword.navigateToUrl(NavigateToUrlKeyword.groovy:83)
	at com.kms.katalon.core.webui.keyword.builtin.NavigateToUrlKeyword.execute(NavigateToUrlKeyword.groovy:67)
	at com.kms.katalon.core.keyword.internal.KeywordExecutor.executeKeywordForPlatform(KeywordExecutor.groovy:74)
	at com.kms.katalon.core.webui.keyword.WebUiBuiltInKeywords.navigateToUrl(WebUiBuiltInKeywords.groovy:187)
	at com.kms.katalon.core.webui.keyword.WebUiBuiltInKeywords$navigateToUrl$1.call(Unknown Source)
	at Script1749499513693.run(Script1749499513693.groovy:26)
	at com.kms.katalon.core.main.ScriptEngine.run(ScriptEngine.java:194)
	at com.kms.katalon.core.main.ScriptEngine.runScriptAsRawText(ScriptEngine.java:119)
	at com.kms.katalon.core.main.TestCaseExecutor.runScript(TestCaseExecutor.java:448)
	at com.kms.katalon.core.main.TestCaseExecutor.doExecute(TestCaseExecutor.java:439)
	at com.kms.katalon.core.main.TestCaseExecutor.processExecutionPhase(TestCaseExecutor.java:418)
	at com.kms.katalon.core.main.TestCaseExecutor.accessMainPhase(TestCaseExecutor.java:410)
	at com.kms.katalon.core.main.TestCaseExecutor.execute(TestCaseExecutor.java:285)
	at com.kms.katalon.core.main.TestCaseMain.runTestCase(TestCaseMain.java:137)
	at com.kms.katalon.core.keyword.builtin.CallTestCaseKeyword$_callTestCase_closure1.doCall(CallTestCaseKeyword.groovy:59)
	at com.kms.katalon.core.keyword.builtin.CallTestCaseKeyword$_callTestCase_closure1.call(CallTestCaseKeyword.groovy)
	at com.kms.katalon.core.keyword.internal.KeywordMain.runKeyword(KeywordMain.groovy:75)
	at com.kms.katalon.core.keyword.builtin.CallTestCaseKeyword.callTestCase(CallTestCaseKeyword.groovy:81)
	at com.kms.katalon.core.keyword.builtin.CallTestCaseKeyword.execute(CallTestCaseKeyword.groovy:44)
	at com.kms.katalon.core.keyword.internal.KeywordExecutor.executeKeywordForPlatform(KeywordExecutor.groovy:74)
	at com.kms.katalon.core.keyword.BuiltinKeywords.callTestCase(BuiltinKeywords.groovy:310)
	at jdk.internal.reflect.GeneratedMethodAccessor41.invoke(Unknown Source)
	at java.base/jdk.internal.reflect.DelegatingMethodAccessorImpl.invoke(DelegatingMethodAccessorImpl.java:43)
	at Script1684533498818.run(Script1684533498818.groovy:20)
	... 16 more
Caused by: java.net.ConnectException: Failed to connect to localhost/[0:0:0:0:0:0:0:1]:45279
	at okhttp3.internal.connection.RealConnection.connectSocket(RealConnection.java:247)
	at okhttp3.internal.connection.RealConnection.connect(RealConnection.java:165)
	at okhttp3.internal.connection.StreamAllocation.findConnection(StreamAllocation.java:257)
	at okhttp3.internal.connection.StreamAllocation.findHealthyConnection(StreamAllocation.java:135)
	at okhttp3.internal.connection.StreamAllocation.newStream(StreamAllocation.java:114)
	at okhttp3.internal.connection.ConnectInterceptor.intercept(ConnectInterceptor.java:42)
	at okhttp3.internal.http.RealInterceptorChain.proceed(RealInterceptorChain.java:147)
	at okhttp3.internal.http.RealInterceptorChain.proceed(RealInterceptorChain.java:121)
	at okhttp3.internal.cache.CacheInterceptor.intercept(CacheInterceptor.java:93)
	at okhttp3.internal.http.RealInterceptorChain.proceed(RealInterceptorChain.java:147)
	at okhttp3.internal.http.RealInterceptorChain.proceed(RealInterceptorChain.java:121)
	at okhttp3.internal.http.BridgeInterceptor.intercept(BridgeInterceptor.java:93)
	at okhttp3.internal.http.RealInterceptorChain.proceed(RealInterceptorChain.java:147)
	at okhttp3.internal.http.RetryAndFollowUpInterceptor.intercept(RetryAndFollowUpInterceptor.java:126)
	at okhttp3.internal.http.RealInterceptorChain.proceed(RealInterceptorChain.java:147)
	at okhttp3.internal.http.RealInterceptorChain.proceed(RealInterceptorChain.java:121)
	at okhttp3.RealCall.getResponseWithInterceptorChain(RealCall.java:200)
	at okhttp3.RealCall.execute(RealCall.java:77)
	at org.openqa.selenium.remote.internal.OkHttpClient.execute(OkHttpClient.java:103)
	at org.openqa.selenium.remote.HttpCommandExecutor.execute(HttpCommandExecutor.java:155)
	at org.openqa.selenium.remote.service.DriverCommandExecutor.execute(DriverCommandExecutor.java:83)
	... 48 more
Caused by: java.net.ConnectException: Connection refused: no further information
	at okhttp3.internal.platform.Platform.connectSocket(Platform.java:129)
	at okhttp3.internal.connection.RealConnection.connectSocket(RealConnection.java:245)
	at okhttp3.internal.connection.RealConnection.connect(RealConnection.java:165)
	at okhttp3.internal.connection.StreamAllocation.findConnection(StreamAllocation.java:257)
	at okhttp3.internal.connection.StreamAllocation.findHealthyConnection(StreamAllocation.java:135)
	at okhttp3.internal.connection.StreamAllocation.newStream(StreamAllocation.java:114)
	at okhttp3.internal.connection.ConnectInterceptor.intercept(ConnectInterceptor.java:42)
	at okhttp3.internal.http.RealInterceptorChain.proceed(RealInterceptorChain.java:147)
	at okhttp3.internal.http.RealInterceptorChain.proceed(RealInterceptorChain.java:121)
	at okhttp3.internal.cache.CacheInterceptor.intercept(CacheInterceptor.java:93)
	at okhttp3.internal.http.RealInterceptorChain.proceed(RealInterceptorChain.java:147)
	at okhttp3.internal.http.RealInterceptorChain.proceed(RealInterceptorChain.java:121)
	at okhttp3.internal.http.BridgeInterceptor.intercept(BridgeInterceptor.java:93)
	at okhttp3.internal.http.RealInterceptorChain.proceed(RealInterceptorChain.java:147)
	at okhttp3.internal.http.RetryAndFollowUpInterceptor.intercept(RetryAndFollowUpInterceptor.java:126)
	at okhttp3.internal.http.RealInterceptorChain.proceed(RealInterceptorChain.java:147)
	at okhttp3.internal.http.RealInterceptorChain.proceed(RealInterceptorChain.java:121)
	at okhttp3.RealCall.getResponseWithInterceptorChain(RealCall.java:200)
	at okhttp3.RealCall.execute(RealCall.java:77)
	at org.openqa.selenium.remote.internal.OkHttpClient.execute(OkHttpClient.java:103)
	at org.openqa.selenium.remote.HttpCommandExecutor.execute(HttpCommandExecutor.java:155)
	at org.openqa.selenium.remote.service.DriverCommandExecutor.execute(DriverCommandExecutor.java:83)
	at org.openqa.selenium.remote.RemoteWebDriver.execute(RemoteWebDriver.java:552)
	at com.kms.katalon.selenium.driver.CChromeDriver.execute(CChromeDriver.java:19)
	at org.openqa.selenium.remote.RemoteWebDriver.get(RemoteWebDriver.java:277)
	at org.openqa.selenium.remote.RemoteWebDriver$RemoteNavigation.to(RemoteWebDriver.java:857)
	at org.openqa.selenium.support.events.EventFiringWebDriver$EventFiringNavigation.to(EventFiringWebDriver.java:569)
	at com.kms.katalon.core.webui.keyword.builtin.NavigateToUrlKeyword$_navigateToUrl_closure1.doCall(NavigateToUrlKeyword.groovy:81)
	at com.kms.katalon.core.webui.keyword.builtin.NavigateToUrlKeyword$_navigateToUrl_closure1.call(NavigateToUrlKeyword.groovy)
	at com.kms.katalon.core.webui.keyword.internal.WebUIKeywordMain.runKeyword(WebUIKeywordMain.groovy:35)
	at com.kms.katalon.core.webui.keyword.builtin.NavigateToUrlKeyword.navigateToUrl(NavigateToUrlKeyword.groovy:83)
	at com.kms.katalon.core.webui.keyword.builtin.NavigateToUrlKeyword.execute(NavigateToUrlKeyword.groovy:67)
	at com.kms.katalon.core.keyword.internal.KeywordExecutor.executeKeywordForPlatform(KeywordExecutor.groovy:74)
	at com.kms.katalon.core.webui.keyword.WebUiBuiltInKeywords.navigateToUrl(WebUiBuiltInKeywords.groovy:187)
	at com.kms.katalon.core.webui.keyword.WebUiBuiltInKeywords$navigateToUrl$1.call(Unknown Source)
	at DES Login.run(DES Login:26)
	at com.kms.katalon.core.main.ScriptEngine.run(ScriptEngine.java:194)
	at com.kms.katalon.core.main.ScriptEngine.runScriptAsRawText(ScriptEngine.java:119)
	at com.kms.katalon.core.main.TestCaseExecutor.runScript(TestCaseExecutor.java:448)
	at com.kms.katalon.core.main.TestCaseExecutor.doExecute(TestCaseExecutor.java:439)
	at com.kms.katalon.core.main.TestCaseExecutor.processExecutionPhase(TestCaseExecutor.java:418)
	at com.kms.katalon.core.main.TestCaseExecutor.accessMainPhase(TestCaseExecutor.java:410)
	at com.kms.katalon.core.main.TestCaseExecutor.execute(TestCaseExecutor.java:285)
	at com.kms.katalon.core.main.TestCaseMain.runTestCase(TestCaseMain.java:137)
	at com.kms.katalon.core.keyword.builtin.CallTestCaseKeyword$_callTestCase_closure1.doCall(CallTestCaseKeyword.groovy:59)
	at com.kms.katalon.core.keyword.builtin.CallTestCaseKeyword$_callTestCase_closure1.call(CallTestCaseKeyword.groovy)
	at com.kms.katalon.core.keyword.internal.KeywordMain.runKeyword(KeywordMain.groovy:75)
	at com.kms.katalon.core.keyword.builtin.CallTestCaseKeyword.callTestCase(CallTestCaseKeyword.groovy:81)
	at com.kms.katalon.core.keyword.builtin.CallTestCaseKeyword.execute(CallTestCaseKeyword.groovy:44)
	at com.kms.katalon.core.keyword.internal.KeywordExecutor.executeKeywordForPlatform(KeywordExecutor.groovy:74)
	at com.kms.katalon.core.keyword.BuiltinKeywords.callTestCase(BuiltinKeywords.groovy:310)
	at jdk.internal.reflect.GeneratedMethodAccessor41.invoke(Unknown Source)
	at java.base/jdk.internal.reflect.DelegatingMethodAccessorImpl.invoke(DelegatingMethodAccessorImpl.java:43)
	at Verify Hidden Inactive Transmission Checkbox When TP Has No Transmission.run(Verify Hidden Inactive Transmission Checkbox When TP Has No Transmission:20)
	... 16 more
)

21-10-2025T19:05:32 - [TEST_CASE][FAILED] - Test Cases/DES/DES Login: Test Cases/DES/DES Login FAILED.
Reason:
com.kms.katalon.core.exception.StepFailedException: Unable to navigate to 'https://dx-portal.qa.thekag.com/'
	at com.kms.katalon.core.webui.keyword.internal.WebUIKeywordMain.stepFailed(WebUIKeywordMain.groovy:117)
	at com.kms.katalon.core.webui.keyword.internal.WebUIKeywordMain.runKeyword(WebUIKeywordMain.groovy:43)
	at com.kms.katalon.core.webui.keyword.builtin.NavigateToUrlKeyword.navigateToUrl(NavigateToUrlKeyword.groovy:83)
	at com.kms.katalon.core.webui.keyword.builtin.NavigateToUrlKeyword.execute(NavigateToUrlKeyword.groovy:67)
	at com.kms.katalon.core.keyword.internal.KeywordExecutor.executeKeywordForPlatform(KeywordExecutor.groovy:74)
	at com.kms.katalon.core.webui.keyword.WebUiBuiltInKeywords.navigateToUrl(WebUiBuiltInKeywords.groovy:187)
	at com.kms.katalon.core.webui.keyword.WebUiBuiltInKeywords$navigateToUrl$1.call(Unknown Source)
	at DES Login.run(DES Login:26)
	at com.kms.katalon.core.main.ScriptEngine.run(ScriptEngine.java:194)
	at com.kms.katalon.core.main.ScriptEngine.runScriptAsRawText(ScriptEngine.java:119)
	at com.kms.katalon.core.main.TestCaseExecutor.runScript(TestCaseExecutor.java:448)
	at com.kms.katalon.core.main.TestCaseExecutor.doExecute(TestCaseExecutor.java:439)
	at com.kms.katalon.core.main.TestCaseExecutor.processExecutionPhase(TestCaseExecutor.java:418)
	at com.kms.katalon.core.main.TestCaseExecutor.accessMainPhase(TestCaseExecutor.java:410)
	at com.kms.katalon.core.main.TestCaseExecutor.execute(TestCaseExecutor.java:285)
	at com.kms.katalon.core.main.TestCaseMain.runTestCase(TestCaseMain.java:137)
	at com.kms.katalon.core.keyword.builtin.CallTestCaseKeyword$_callTestCase_closure1.doCall(CallTestCaseKeyword.groovy:59)
	at com.kms.katalon.core.keyword.builtin.CallTestCaseKeyword$_callTestCase_closure1.call(CallTestCaseKeyword.groovy)
	at com.kms.katalon.core.keyword.internal.KeywordMain.runKeyword(KeywordMain.groovy:75)
	at com.kms.katalon.core.keyword.builtin.CallTestCaseKeyword.callTestCase(CallTestCaseKeyword.groovy:81)
	at com.kms.katalon.core.keyword.builtin.CallTestCaseKeyword.execute(CallTestCaseKeyword.groovy:44)
	at com.kms.katalon.core.keyword.internal.KeywordExecutor.executeKeywordForPlatform(KeywordExecutor.groovy:74)
	at com.kms.katalon.core.keyword.BuiltinKeywords.callTestCase(BuiltinKeywords.groovy:310)
	at jdk.internal.reflect.GeneratedMethodAccessor41.invoke(Unknown Source)
	at java.base/jdk.internal.reflect.DelegatingMethodAccessorImpl.invoke(DelegatingMethodAccessorImpl.java:43)
	at Verify Hidden Inactive Transmission Checkbox When TP Has No Transmission.run(Verify Hidden Inactive Transmission Checkbox When TP Has No Transmission:20)
	at com.kms.katalon.core.main.ScriptEngine.run(ScriptEngine.java:194)
	at com.kms.katalon.core.main.ScriptEngine.runScriptAsRawText(ScriptEngine.java:119)
	at com.kms.katalon.core.main.TestCaseExecutor.runScript(TestCaseExecutor.java:448)
	at com.kms.katalon.core.main.TestCaseExecutor.doExecute(TestCaseExecutor.java:439)
	at com.kms.katalon.core.main.TestCaseExecutor.processExecutionPhase(TestCaseExecutor.java:418)
	at com.kms.katalon.core.main.TestCaseExecutor.accessMainPhase(TestCaseExecutor.java:410)
	at com.kms.katalon.core.main.TestCaseExecutor.execute(TestCaseExecutor.java:285)
	at com.kms.katalon.core.common.CommonExecutor.accessTestCaseMainPhase(CommonExecutor.java:65)
	at com.kms.katalon.core.main.TestSuiteExecutor.accessTestSuiteMainPhase(TestSuiteExecutor.java:150)
	at com.kms.katalon.core.main.TestSuiteExecutor.execute(TestSuiteExecutor.java:106)
	at com.kms.katalon.core.main.TestCaseMain.startTestSuite(TestCaseMain.java:180)
	at com.kms.katalon.core.main.TestCaseMain$startTestSuite$0.call(Unknown Source)
	at TempTestSuite1761084128061.run(TempTestSuite1761084128061.groovy:35)
	at java.base/jdk.internal.reflect.NativeMethodAccessorImpl.invoke0(Native Method)
	at java.base/jdk.internal.reflect.NativeMethodAccessorImpl.invoke(NativeMethodAccessorImpl.java:77)
	at java.base/jdk.internal.reflect.DelegatingMethodAccessorImpl.invoke(DelegatingMethodAccessorImpl.java:43)
Caused by: org.openqa.selenium.WebDriverException: java.net.ConnectException: Failed to connect to localhost/[0:0:0:0:0:0:0:1]:45279
Build info: version: '3.141.59', revision: 'unknown', time: 'unknown'
System info: host: 'DC1ADOBLD01', ip: '10.2.20.71', os.name: 'Windows Server 2019', os.arch: 'amd64', os.version: '10.0', java.version: '17.0.7'
Driver info: driver.version: RemoteWebDriver
	at org.openqa.selenium.remote.service.DriverCommandExecutor.execute(DriverCommandExecutor.java:92)
	at org.openqa.selenium.remote.RemoteWebDriver.execute(RemoteWebDriver.java:552)
	at com.kms.katalon.selenium.driver.CChromeDriver.execute(CChromeDriver.java:19)
	at org.openqa.selenium.remote.RemoteWebDriver.get(RemoteWebDriver.java:277)
	at org.openqa.selenium.remote.RemoteWebDriver$RemoteNavigation.to(RemoteWebDriver.java:857)
	at org.openqa.selenium.support.events.EventFiringWebDriver$EventFiringNavigation.to(EventFiringWebDriver.java:569)
	at com.kms.katalon.core.webui.keyword.builtin.NavigateToUrlKeyword$_navigateToUrl_closure1.doCall(NavigateToUrlKeyword.groovy:81)
	at com.kms.katalon.core.webui.keyword.builtin.NavigateToUrlKeyword$_navigateToUrl_closure1.call(NavigateToUrlKeyword.groovy)
	at com.kms.katalon.core.webui.keyword.internal.WebUIKeywordMain.runKeyword(WebUIKeywordMain.groovy:35)
	at com.kms.katalon.core.webui.keyword.builtin.NavigateToUrlKeyword.navigateToUrl(NavigateToUrlKeyword.groovy:83)
	at com.kms.katalon.core.webui.keyword.builtin.NavigateToUrlKeyword.execute(NavigateToUrlKeyword.groovy:67)
	at com.kms.katalon.core.keyword.internal.KeywordExecutor.executeKeywordForPlatform(KeywordExecutor.groovy:74)
	at com.kms.katalon.core.webui.keyword.WebUiBuiltInKeywords.navigateToUrl(WebUiBuiltInKeywords.groovy:187)
	at com.kms.katalon.core.webui.keyword.WebUiBuiltInKeywords$navigateToUrl$1.call(Unknown Source)
	at Script1749499513693.run(Script1749499513693.groovy:26)
	at com.kms.katalon.core.main.ScriptEngine.run(ScriptEngine.java:194)
	at com.kms.katalon.core.main.ScriptEngine.runScriptAsRawText(ScriptEngine.java:119)
	at com.kms.katalon.core.main.TestCaseExecutor.runScript(TestCaseExecutor.java:448)
	at com.kms.katalon.core.main.TestCaseExecutor.doExecute(TestCaseExecutor.java:439)
	at com.kms.katalon.core.main.TestCaseExecutor.processExecutionPhase(TestCaseExecutor.java:418)
	at com.kms.katalon.core.main.TestCaseExecutor.accessMainPhase(TestCaseExecutor.java:410)
	at com.kms.katalon.core.main.TestCaseExecutor.execute(TestCaseExecutor.java:285)
	at com.kms.katalon.core.main.TestCaseMain.runTestCase(TestCaseMain.java:137)
	at com.kms.katalon.core.keyword.builtin.CallTestCaseKeyword$_callTestCase_closure1.doCall(CallTestCaseKeyword.groovy:59)
	at com.kms.katalon.core.keyword.builtin.CallTestCaseKeyword$_callTestCase_closure1.call(CallTestCaseKeyword.groovy)
	at com.kms.katalon.core.keyword.internal.KeywordMain.runKeyword(KeywordMain.groovy:75)
	at com.kms.katalon.core.keyword.builtin.CallTestCaseKeyword.callTestCase(CallTestCaseKeyword.groovy:81)
	at com.kms.katalon.core.keyword.builtin.CallTestCaseKeyword.execute(CallTestCaseKeyword.groovy:44)
	at com.kms.katalon.core.keyword.internal.KeywordExecutor.executeKeywordForPlatform(KeywordExecutor.groovy:74)
	at com.kms.katalon.core.keyword.BuiltinKeywords.callTestCase(BuiltinKeywords.groovy:310)
	at jdk.internal.reflect.GeneratedMethodAccessor41.invoke(Unknown Source)
	at java.base/jdk.internal.reflect.DelegatingMethodAccessorImpl.invoke(DelegatingMethodAccessorImpl.java:43)
	at Script1684533498818.run(Script1684533498818.groovy:20)
	... 16 more
Caused by: java.net.ConnectException: Failed to connect to localhost/[0:0:0:0:0:0:0:1]:45279
	at okhttp3.internal.connection.RealConnection.connectSocket(RealConnection.java:247)
	at okhttp3.internal.connection.RealConnection.connect(RealConnection.java:165)
	at okhttp3.internal.connection.StreamAllocation.findConnection(StreamAllocation.java:257)
	at okhttp3.internal.connection.StreamAllocation.findHealthyConnection(StreamAllocation.java:135)
	at okhttp3.internal.connection.StreamAllocation.newStream(StreamAllocation.java:114)
	at okhttp3.internal.connection.ConnectInterceptor.intercept(ConnectInterceptor.java:42)
	at okhttp3.internal.http.RealInterceptorChain.proceed(RealInterceptorChain.java:147)
	at okhttp3.internal.http.RealInterceptorChain.proceed(RealInterceptorChain.java:121)
	at okhttp3.internal.cache.CacheInterceptor.intercept(CacheInterceptor.java:93)
	at okhttp3.internal.http.RealInterceptorChain.proceed(RealInterceptorChain.java:147)
	at okhttp3.internal.http.RealInterceptorChain.proceed(RealInterceptorChain.java:121)
	at okhttp3.internal.http.BridgeInterceptor.intercept(BridgeInterceptor.java:93)
	at okhttp3.internal.http.RealInterceptorChain.proceed(RealInterceptorChain.java:147)
	at okhttp3.internal.http.RetryAndFollowUpInterceptor.intercept(RetryAndFollowUpInterceptor.java:126)
	at okhttp3.internal.http.RealInterceptorChain.proceed(RealInterceptorChain.java:147)
	at okhttp3.internal.http.RealInterceptorChain.proceed(RealInterceptorChain.java:121)
	at okhttp3.RealCall.getResponseWithInterceptorChain(RealCall.java:200)
	at okhttp3.RealCall.execute(RealCall.java:77)
	at org.openqa.selenium.remote.internal.OkHttpClient.execute(OkHttpClient.java:103)
	at org.openqa.selenium.remote.HttpCommandExecutor.execute(HttpCommandExecutor.java:155)
	at org.openqa.selenium.remote.service.DriverCommandExecutor.execute(DriverCommandExecutor.java:83)
	... 48 more
Caused by: java.net.ConnectException: Connection refused: no further information
	at okhttp3.internal.platform.Platform.connectSocket(Platform.java:129)
	at okhttp3.internal.connection.RealConnection.connectSocket(RealConnection.java:245)
	at okhttp3.internal.connection.RealConnection.connect(RealConnection.java:165)
	at okhttp3.internal.connection.StreamAllocation.findConnection(StreamAllocation.java:257)
	at okhttp3.internal.connection.StreamAllocation.findHealthyConnection(StreamAllocation.java:135)
	at okhttp3.internal.connection.StreamAllocation.newStream(StreamAllocation.java:114)
	at okhttp3.internal.connection.ConnectInterceptor.intercept(ConnectInterceptor.java:42)
	at okhttp3.internal.http.RealInterceptorChain.proceed(RealInterceptorChain.java:147)
	at okhttp3.internal.http.RealInterceptorChain.proceed(RealInterceptorChain.java:121)
	at okhttp3.internal.cache.CacheInterceptor.intercept(CacheInterceptor.java:93)
	at okhttp3.internal.http.RealInterceptorChain.proceed(RealInterceptorChain.java:147)
	at okhttp3.internal.http.RealInterceptorChain.proceed(RealInterceptorChain.java:121)
	at okhttp3.internal.http.BridgeInterceptor.intercept(BridgeInterceptor.java:93)
	at okhttp3.internal.http.RealInterceptorChain.proceed(RealInterceptorChain.java:147)
	at okhttp3.internal.http.RetryAndFollowUpInterceptor.intercept(RetryAndFollowUpInterceptor.java:126)
	at okhttp3.internal.http.RealInterceptorChain.proceed(RealInterceptorChain.java:147)
	at okhttp3.internal.http.RealInterceptorChain.proceed(RealInterceptorChain.java:121)
	at okhttp3.RealCall.getResponseWithInterceptorChain(RealCall.java:200)
	at okhttp3.RealCall.execute(RealCall.java:77)
	at org.openqa.selenium.remote.internal.OkHttpClient.execute(OkHttpClient.java:103)
	at org.openqa.selenium.remote.HttpCommandExecutor.execute(HttpCommandExecutor.java:155)
	at org.openqa.selenium.remote.service.DriverCommandExecutor.execute(DriverCommandExecutor.java:83)
	at org.openqa.selenium.remote.RemoteWebDriver.execute(RemoteWebDriver.java:552)
	at com.kms.katalon.selenium.driver.CChromeDriver.execute(CChromeDriver.java:19)
	at org.openqa.selenium.remote.RemoteWebDriver.get(RemoteWebDriver.java:277)
	at org.openqa.selenium.remote.RemoteWebDriver$RemoteNavigation.to(RemoteWebDriver.java:857)
	at org.openqa.selenium.support.events.EventFiringWebDriver$EventFiringNavigation.to(EventFiringWebDriver.java:569)
	at com.kms.katalon.core.webui.keyword.builtin.NavigateToUrlKeyword$_navigateToUrl_closure1.doCall(NavigateToUrlKeyword.groovy:81)
	at com.kms.katalon.core.webui.keyword.builtin.NavigateToUrlKeyword$_navigateToUrl_closure1.call(NavigateToUrlKeyword.groovy)
	at com.kms.katalon.core.webui.keyword.internal.WebUIKeywordMain.runKeyword(WebUIKeywordMain.groovy:35)
	at com.kms.katalon.core.webui.keyword.builtin.NavigateToUrlKeyword.navigateToUrl(NavigateToUrlKeyword.groovy:83)
	at com.kms.katalon.core.webui.keyword.builtin.NavigateToUrlKeyword.execute(NavigateToUrlKeyword.groovy:67)
	at com.kms.katalon.core.keyword.internal.KeywordExecutor.executeKeywordForPlatform(KeywordExecutor.groovy:74)
	at com.kms.katalon.core.webui.keyword.WebUiBuiltInKeywords.navigateToUrl(WebUiBuiltInKeywords.groovy:187)
	at com.kms.katalon.core.webui.keyword.WebUiBuiltInKeywords$navigateToUrl$1.call(Unknown Source)
	at DES Login.run(DES Login:26)
	at com.kms.katalon.core.main.ScriptEngine.run(ScriptEngine.java:194)
	at com.kms.katalon.core.main.ScriptEngine.runScriptAsRawText(ScriptEngine.java:119)
	at com.kms.katalon.core.main.TestCaseExecutor.runScript(TestCaseExecutor.java:448)
	at com.kms.katalon.core.main.TestCaseExecutor.doExecute(TestCaseExecutor.java:439)
	at com.kms.katalon.core.main.TestCaseExecutor.processExecutionPhase(TestCaseExecutor.java:418)
	at com.kms.katalon.core.main.TestCaseExecutor.accessMainPhase(TestCaseExecutor.java:410)
	at com.kms.katalon.core.main.TestCaseExecutor.execute(TestCaseExecutor.java:285)
	at com.kms.katalon.core.main.TestCaseMain.runTestCase(TestCaseMain.java:137)
	at com.kms.katalon.core.keyword.builtin.CallTestCaseKeyword$_callTestCase_closure1.doCall(CallTestCaseKeyword.groovy:59)
	at com.kms.katalon.core.keyword.builtin.CallTestCaseKeyword$_callTestCase_closure1.call(CallTestCaseKeyword.groovy)
	at com.kms.katalon.core.keyword.internal.KeywordMain.runKeyword(KeywordMain.groovy:75)
	at com.kms.katalon.core.keyword.builtin.CallTestCaseKeyword.callTestCase(CallTestCaseKeyword.groovy:81)
	at com.kms.katalon.core.keyword.builtin.CallTestCaseKeyword.execute(CallTestCaseKeyword.groovy:44)
	at com.kms.katalon.core.keyword.internal.KeywordExecutor.executeKeywordForPlatform(KeywordExecutor.groovy:74)
	at com.kms.katalon.core.keyword.BuiltinKeywords.callTestCase(BuiltinKeywords.groovy:310)
	at jdk.internal.reflect.GeneratedMethodAccessor41.invoke(Unknown Source)
	at java.base/jdk.internal.reflect.DelegatingMethodAccessorImpl.invoke(DelegatingMethodAccessorImpl.java:43)
	at Verify Hidden Inactive Transmission Checkbox When TP Has No Transmission.run(Verify Hidden Inactive Transmission Checkbox When TP Has No Transmission:20)
	... 16 more


21-10-2025T19:05:32 - [TEST_STEP][PASSED] - openBrowser(""): Browser is opened with url: ''

21-10-2025T19:05:32 - [MESSAGE][INFO] - Starting 'Chrome' driver

21-10-2025T19:05:32 - [MESSAGE][INFO] - User set preference: ['args', '[--no-sandbox, --disable-gpu, --disable-dev-shm-usage]']

21-10-2025T19:05:32 - [MESSAGE][INFO] - Action delay is set to 0 milliseconds

21-10-2025T19:05:33 - [MESSAGE][PASSED] - Browser is opened with url: ''

21-10-2025T19:05:33 - [TEST_STEP][PASSED] - maximizeWindow(): Current window maximized

21-10-2025T19:05:33 - [MESSAGE][PASSED] - Current window maximized

21-10-2025T19:05:33 - [TEST_STEP][PASSED] - delay(10): Delayed 10 second(s)

21-10-2025T19:05:43 - [MESSAGE][PASSED] - Delayed 10 second(s)

21-10-2025T19:05:43 - [TEST_STEP][FAILED] - navigateToUrl("https://dx-portal.qa.thekag.com/"): Unable to navigate to 'https://dx-portal.qa.thekag.com/' (Root cause: com.kms.katalon.core.exception.StepFailedException: Unable to navigate to 'https://dx-portal.qa.thekag.com/'
	at com.kms.katalon.core.webui.keyword.internal.WebUIKeywordMain.stepFailed(WebUIKeywordMain.groovy:117)
	at com.kms.katalon.core.webui.keyword.internal.WebUIKeywordMain.runKeyword(WebUIKeywordMain.groovy:43)
	at com.kms.katalon.core.webui.keyword.builtin.NavigateToUrlKeyword.navigateToUrl(NavigateToUrlKeyword.groovy:83)
	at com.kms.katalon.core.webui.keyword.builtin.NavigateToUrlKeyword.execute(NavigateToUrlKeyword.groovy:67)
	at com.kms.katalon.core.keyword.internal.KeywordExecutor.executeKeywordForPlatform(KeywordExecutor.groovy:74)
	at com.kms.katalon.core.webui.keyword.WebUiBuiltInKeywords.navigateToUrl(WebUiBuiltInKeywords.groovy:187)
	at com.kms.katalon.core.webui.keyword.WebUiBuiltInKeywords$navigateToUrl$1.call(Unknown Source)
	at DES Login.run(DES Login:26)
	at com.kms.katalon.core.main.ScriptEngine.run(ScriptEngine.java:194)
	at com.kms.katalon.core.main.ScriptEngine.runScriptAsRawText(ScriptEngine.java:119)
	at com.kms.katalon.core.main.TestCaseExecutor.runScript(TestCaseExecutor.java:448)
	at com.kms.katalon.core.main.TestCaseExecutor.doExecute(TestCaseExecutor.java:439)
	at com.kms.katalon.core.main.TestCaseExecutor.processExecutionPhase(TestCaseExecutor.java:418)
	at com.kms.katalon.core.main.TestCaseExecutor.accessMainPhase(TestCaseExecutor.java:410)
	at com.kms.katalon.core.main.TestCaseExecutor.execute(TestCaseExecutor.java:285)
	at com.kms.katalon.core.main.TestCaseMain.runTestCase(TestCaseMain.java:137)
	at com.kms.katalon.core.keyword.builtin.CallTestCaseKeyword$_callTestCase_closure1.doCall(CallTestCaseKeyword.groovy:59)
	at com.kms.katalon.core.keyword.builtin.CallTestCaseKeyword$_callTestCase_closure1.call(CallTestCaseKeyword.groovy)
	at com.kms.katalon.core.keyword.internal.KeywordMain.runKeyword(KeywordMain.groovy:75)
	at com.kms.katalon.core.keyword.builtin.CallTestCaseKeyword.callTestCase(CallTestCaseKeyword.groovy:81)
	at com.kms.katalon.core.keyword.builtin.CallTestCaseKeyword.execute(CallTestCaseKeyword.groovy:44)
	at com.kms.katalon.core.keyword.internal.KeywordExecutor.executeKeywordForPlatform(KeywordExecutor.groovy:74)
	at com.kms.katalon.core.keyword.BuiltinKeywords.callTestCase(BuiltinKeywords.groovy:310)
	at jdk.internal.reflect.GeneratedMethodAccessor41.invoke(Unknown Source)
	at java.base/jdk.internal.reflect.DelegatingMethodAccessorImpl.invoke(DelegatingMethodAccessorImpl.java:43)
	at Verify Hidden Inactive Transmission Checkbox When TP Has No Transmission.run(Verify Hidden Inactive Transmission Checkbox When TP Has No Transmission:20)
	at com.kms.katalon.core.main.ScriptEngine.run(ScriptEngine.java:194)
	at com.kms.katalon.core.main.ScriptEngine.runScriptAsRawText(ScriptEngine.java:119)
	at com.kms.katalon.core.main.TestCaseExecutor.runScript(TestCaseExecutor.java:448)
	at com.kms.katalon.core.main.TestCaseExecutor.doExecute(TestCaseExecutor.java:439)
	at com.kms.katalon.core.main.TestCaseExecutor.processExecutionPhase(TestCaseExecutor.java:418)
	at com.kms.katalon.core.main.TestCaseExecutor.accessMainPhase(TestCaseExecutor.java:410)
	at com.kms.katalon.core.main.TestCaseExecutor.execute(TestCaseExecutor.java:285)
	at com.kms.katalon.core.common.CommonExecutor.accessTestCaseMainPhase(CommonExecutor.java:65)
	at com.kms.katalon.core.main.TestSuiteExecutor.accessTestSuiteMainPhase(TestSuiteExecutor.java:150)
	at com.kms.katalon.core.main.TestSuiteExecutor.execute(TestSuiteExecutor.java:106)
	at com.kms.katalon.core.main.TestCaseMain.startTestSuite(TestCaseMain.java:180)
	at com.kms.katalon.core.main.TestCaseMain$startTestSuite$0.call(Unknown Source)
	at TempTestSuite1761084128061.run(TempTestSuite1761084128061.groovy:35)
	at java.base/jdk.internal.reflect.NativeMethodAccessorImpl.invoke0(Native Method)
	at java.base/jdk.internal.reflect.NativeMethodAccessorImpl.invoke(NativeMethodAccessorImpl.java:77)
	at java.base/jdk.internal.reflect.DelegatingMethodAccessorImpl.invoke(DelegatingMethodAccessorImpl.java:43)
Caused by: org.openqa.selenium.WebDriverException: java.net.ConnectException: Failed to connect to localhost/[0:0:0:0:0:0:0:1]:45279
Build info: version: '3.141.59', revision: 'unknown', time: 'unknown'
System info: host: 'DC1ADOBLD01', ip: '10.2.20.71', os.name: 'Windows Server 2019', os.arch: 'amd64', os.version: '10.0', java.version: '17.0.7'
Driver info: driver.version: RemoteWebDriver
	at org.openqa.selenium.remote.service.DriverCommandExecutor.execute(DriverCommandExecutor.java:92)
	at org.openqa.selenium.remote.RemoteWebDriver.execute(RemoteWebDriver.java:552)
	at com.kms.katalon.selenium.driver.CChromeDriver.execute(CChromeDriver.java:19)
	at org.openqa.selenium.remote.RemoteWebDriver.get(RemoteWebDriver.java:277)
	at org.openqa.selenium.remote.RemoteWebDriver$RemoteNavigation.to(RemoteWebDriver.java:857)
	at org.openqa.selenium.support.events.EventFiringWebDriver$EventFiringNavigation.to(EventFiringWebDriver.java:569)
	at com.kms.katalon.core.webui.keyword.builtin.NavigateToUrlKeyword$_navigateToUrl_closure1.doCall(NavigateToUrlKeyword.groovy:81)
	at com.kms.katalon.core.webui.keyword.builtin.NavigateToUrlKeyword$_navigateToUrl_closure1.call(NavigateToUrlKeyword.groovy)
	at com.kms.katalon.core.webui.keyword.internal.WebUIKeywordMain.runKeyword(WebUIKeywordMain.groovy:35)
	at com.kms.katalon.core.webui.keyword.builtin.NavigateToUrlKeyword.navigateToUrl(NavigateToUrlKeyword.groovy:83)
	at com.kms.katalon.core.webui.keyword.builtin.NavigateToUrlKeyword.execute(NavigateToUrlKeyword.groovy:67)
	at com.kms.katalon.core.keyword.internal.KeywordExecutor.executeKeywordForPlatform(KeywordExecutor.groovy:74)
	at com.kms.katalon.core.webui.keyword.WebUiBuiltInKeywords.navigateToUrl(WebUiBuiltInKeywords.groovy:187)
	at com.kms.katalon.core.webui.keyword.WebUiBuiltInKeywords$navigateToUrl$1.call(Unknown Source)
	at Script1749499513693.run(Script1749499513693.groovy:26)
	at com.kms.katalon.core.main.ScriptEngine.run(ScriptEngine.java:194)
	at com.kms.katalon.core.main.ScriptEngine.runScriptAsRawText(ScriptEngine.java:119)
	at com.kms.katalon.core.main.TestCaseExecutor.runScript(TestCaseExecutor.java:448)
	at com.kms.katalon.core.main.TestCaseExecutor.doExecute(TestCaseExecutor.java:439)
	at com.kms.katalon.core.main.TestCaseExecutor.processExecutionPhase(TestCaseExecutor.java:418)
	at com.kms.katalon.core.main.TestCaseExecutor.accessMainPhase(TestCaseExecutor.java:410)
	at com.kms.katalon.core.main.TestCaseExecutor.execute(TestCaseExecutor.java:285)
	at com.kms.katalon.core.main.TestCaseMain.runTestCase(TestCaseMain.java:137)
	at com.kms.katalon.core.keyword.builtin.CallTestCaseKeyword$_callTestCase_closure1.doCall(CallTestCaseKeyword.groovy:59)
	at com.kms.katalon.core.keyword.builtin.CallTestCaseKeyword$_callTestCase_closure1.call(CallTestCaseKeyword.groovy)
	at com.kms.katalon.core.keyword.internal.KeywordMain.runKeyword(KeywordMain.groovy:75)
	at com.kms.katalon.core.keyword.builtin.CallTestCaseKeyword.callTestCase(CallTestCaseKeyword.groovy:81)
	at com.kms.katalon.core.keyword.builtin.CallTestCaseKeyword.execute(CallTestCaseKeyword.groovy:44)
	at com.kms.katalon.core.keyword.internal.KeywordExecutor.executeKeywordForPlatform(KeywordExecutor.groovy:74)
	at com.kms.katalon.core.keyword.BuiltinKeywords.callTestCase(BuiltinKeywords.groovy:310)
	at jdk.internal.reflect.GeneratedMethodAccessor41.invoke(Unknown Source)
	at java.base/jdk.internal.reflect.DelegatingMethodAccessorImpl.invoke(DelegatingMethodAccessorImpl.java:43)
	at Script1684533498818.run(Script1684533498818.groovy:20)
	... 16 more
Caused by: java.net.ConnectException: Failed to connect to localhost/[0:0:0:0:0:0:0:1]:45279
	at okhttp3.internal.connection.RealConnection.connectSocket(RealConnection.java:247)
	at okhttp3.internal.connection.RealConnection.connect(RealConnection.java:165)
	at okhttp3.internal.connection.StreamAllocation.findConnection(StreamAllocation.java:257)
	at okhttp3.internal.connection.StreamAllocation.findHealthyConnection(StreamAllocation.java:135)
	at okhttp3.internal.connection.StreamAllocation.newStream(StreamAllocation.java:114)
	at okhttp3.internal.connection.ConnectInterceptor.intercept(ConnectInterceptor.java:42)
	at okhttp3.internal.http.RealInterceptorChain.proceed(RealInterceptorChain.java:147)
	at okhttp3.internal.http.RealInterceptorChain.proceed(RealInterceptorChain.java:121)
	at okhttp3.internal.cache.CacheInterceptor.intercept(CacheInterceptor.java:93)
	at okhttp3.internal.http.RealInterceptorChain.proceed(RealInterceptorChain.java:147)
	at okhttp3.internal.http.RealInterceptorChain.proceed(RealInterceptorChain.java:121)
	at okhttp3.internal.http.BridgeInterceptor.intercept(BridgeInterceptor.java:93)
	at okhttp3.internal.http.RealInterceptorChain.proceed(RealInterceptorChain.java:147)
	at okhttp3.internal.http.RetryAndFollowUpInterceptor.intercept(RetryAndFollowUpInterceptor.java:126)
	at okhttp3.internal.http.RealInterceptorChain.proceed(RealInterceptorChain.java:147)
	at okhttp3.internal.http.RealInterceptorChain.proceed(RealInterceptorChain.java:121)
	at okhttp3.RealCall.getResponseWithInterceptorChain(RealCall.java:200)
	at okhttp3.RealCall.execute(RealCall.java:77)
	at org.openqa.selenium.remote.internal.OkHttpClient.execute(OkHttpClient.java:103)
	at org.openqa.selenium.remote.HttpCommandExecutor.execute(HttpCommandExecutor.java:155)
	at org.openqa.selenium.remote.service.DriverCommandExecutor.execute(DriverCommandExecutor.java:83)
	... 48 more
Caused by: java.net.ConnectException: Connection refused: no further information
	at okhttp3.internal.platform.Platform.connectSocket(Platform.java:129)
	at okhttp3.internal.connection.RealConnection.connectSocket(RealConnection.java:245)
	... 68 more
)

21-10-2025T19:05:43 - [MESSAGE][FAILED] - Unable to navigate to 'https://dx-portal.qa.thekag.com/' (Root cause: com.kms.katalon.core.exception.StepFailedException: Unable to navigate to 'https://dx-portal.qa.thekag.com/'
	at com.kms.katalon.core.webui.keyword.internal.WebUIKeywordMain.stepFailed(WebUIKeywordMain.groovy:117)
	at com.kms.katalon.core.webui.keyword.internal.WebUIKeywordMain.runKeyword(WebUIKeywordMain.groovy:43)
	at com.kms.katalon.core.webui.keyword.builtin.NavigateToUrlKeyword.navigateToUrl(NavigateToUrlKeyword.groovy:83)
	at com.kms.katalon.core.webui.keyword.builtin.NavigateToUrlKeyword.execute(NavigateToUrlKeyword.groovy:67)
	at com.kms.katalon.core.keyword.internal.KeywordExecutor.executeKeywordForPlatform(KeywordExecutor.groovy:74)
	at com.kms.katalon.core.webui.keyword.WebUiBuiltInKeywords.navigateToUrl(WebUiBuiltInKeywords.groovy:187)
	at com.kms.katalon.core.webui.keyword.WebUiBuiltInKeywords$navigateToUrl$1.call(Unknown Source)
	at DES Login.run(DES Login:26)
	at com.kms.katalon.core.main.ScriptEngine.run(ScriptEngine.java:194)
	at com.kms.katalon.core.main.ScriptEngine.runScriptAsRawText(ScriptEngine.java:119)
	at com.kms.katalon.core.main.TestCaseExecutor.runScript(TestCaseExecutor.java:448)
	at com.kms.katalon.core.main.TestCaseExecutor.doExecute(TestCaseExecutor.java:439)
	at com.kms.katalon.core.main.TestCaseExecutor.processExecutionPhase(TestCaseExecutor.java:418)
	at com.kms.katalon.core.main.TestCaseExecutor.accessMainPhase(TestCaseExecutor.java:410)
	at com.kms.katalon.core.main.TestCaseExecutor.execute(TestCaseExecutor.java:285)
	at com.kms.katalon.core.main.TestCaseMain.runTestCase(TestCaseMain.java:137)
	at com.kms.katalon.core.keyword.builtin.CallTestCaseKeyword$_callTestCase_closure1.doCall(CallTestCaseKeyword.groovy:59)
	at com.kms.katalon.core.keyword.builtin.CallTestCaseKeyword$_callTestCase_closure1.call(CallTestCaseKeyword.groovy)
	at com.kms.katalon.core.keyword.internal.KeywordMain.runKeyword(KeywordMain.groovy:75)
	at com.kms.katalon.core.keyword.builtin.CallTestCaseKeyword.callTestCase(CallTestCaseKeyword.groovy:81)
	at com.kms.katalon.core.keyword.builtin.CallTestCaseKeyword.execute(CallTestCaseKeyword.groovy:44)
	at com.kms.katalon.core.keyword.internal.KeywordExecutor.executeKeywordForPlatform(KeywordExecutor.groovy:74)
	at com.kms.katalon.core.keyword.BuiltinKeywords.callTestCase(BuiltinKeywords.groovy:310)
	at jdk.internal.reflect.GeneratedMethodAccessor41.invoke(Unknown Source)
	at java.base/jdk.internal.reflect.DelegatingMethodAccessorImpl.invoke(DelegatingMethodAccessorImpl.java:43)
	at Verify Hidden Inactive Transmission Checkbox When TP Has No Transmission.run(Verify Hidden Inactive Transmission Checkbox When TP Has No Transmission:20)
	at com.kms.katalon.core.main.ScriptEngine.run(ScriptEngine.java:194)
	at com.kms.katalon.core.main.ScriptEngine.runScriptAsRawText(ScriptEngine.java:119)
	at com.kms.katalon.core.main.TestCaseExecutor.runScript(TestCaseExecutor.java:448)
	at com.kms.katalon.core.main.TestCaseExecutor.doExecute(TestCaseExecutor.java:439)
	at com.kms.katalon.core.main.TestCaseExecutor.processExecutionPhase(TestCaseExecutor.java:418)
	at com.kms.katalon.core.main.TestCaseExecutor.accessMainPhase(TestCaseExecutor.java:410)
	at com.kms.katalon.core.main.TestCaseExecutor.execute(TestCaseExecutor.java:285)
	at com.kms.katalon.core.common.CommonExecutor.accessTestCaseMainPhase(CommonExecutor.java:65)
	at com.kms.katalon.core.main.TestSuiteExecutor.accessTestSuiteMainPhase(TestSuiteExecutor.java:150)
	at com.kms.katalon.core.main.TestSuiteExecutor.execute(TestSuiteExecutor.java:106)
	at com.kms.katalon.core.main.TestCaseMain.startTestSuite(TestCaseMain.java:180)
	at com.kms.katalon.core.main.TestCaseMain$startTestSuite$0.call(Unknown Source)
	at TempTestSuite1761084128061.run(TempTestSuite1761084128061.groovy:35)
	at java.base/jdk.internal.reflect.NativeMethodAccessorImpl.invoke0(Native Method)
	at java.base/jdk.internal.reflect.NativeMethodAccessorImpl.invoke(NativeMethodAccessorImpl.java:77)
	at java.base/jdk.internal.reflect.DelegatingMethodAccessorImpl.invoke(DelegatingMethodAccessorImpl.java:43)
Caused by: org.openqa.selenium.WebDriverException: java.net.ConnectException: Failed to connect to localhost/[0:0:0:0:0:0:0:1]:45279
Build info: version: '3.141.59', revision: 'unknown', time: 'unknown'
System info: host: 'DC1ADOBLD01', ip: '10.2.20.71', os.name: 'Windows Server 2019', os.arch: 'amd64', os.version: '10.0', java.version: '17.0.7'
Driver info: driver.version: RemoteWebDriver
	at org.openqa.selenium.remote.service.DriverCommandExecutor.execute(DriverCommandExecutor.java:92)
	at org.openqa.selenium.remote.RemoteWebDriver.execute(RemoteWebDriver.java:552)
	at com.kms.katalon.selenium.driver.CChromeDriver.execute(CChromeDriver.java:19)
	at org.openqa.selenium.remote.RemoteWebDriver.get(RemoteWebDriver.java:277)
	at org.openqa.selenium.remote.RemoteWebDriver$RemoteNavigation.to(RemoteWebDriver.java:857)
	at org.openqa.selenium.support.events.EventFiringWebDriver$EventFiringNavigation.to(EventFiringWebDriver.java:569)
	at com.kms.katalon.core.webui.keyword.builtin.NavigateToUrlKeyword$_navigateToUrl_closure1.doCall(NavigateToUrlKeyword.groovy:81)
	at com.kms.katalon.core.webui.keyword.builtin.NavigateToUrlKeyword$_navigateToUrl_closure1.call(NavigateToUrlKeyword.groovy)
	at com.kms.katalon.core.webui.keyword.internal.WebUIKeywordMain.runKeyword(WebUIKeywordMain.groovy:35)
	at com.kms.katalon.core.webui.keyword.builtin.NavigateToUrlKeyword.navigateToUrl(NavigateToUrlKeyword.groovy:83)
	at com.kms.katalon.core.webui.keyword.builtin.NavigateToUrlKeyword.execute(NavigateToUrlKeyword.groovy:67)
	at com.kms.katalon.core.keyword.internal.KeywordExecutor.executeKeywordForPlatform(KeywordExecutor.groovy:74)
	at com.kms.katalon.core.webui.keyword.WebUiBuiltInKeywords.navigateToUrl(WebUiBuiltInKeywords.groovy:187)
	at com.kms.katalon.core.webui.keyword.WebUiBuiltInKeywords$navigateToUrl$1.call(Unknown Source)
	at Script1749499513693.run(Script1749499513693.groovy:26)
	at com.kms.katalon.core.main.ScriptEngine.run(ScriptEngine.java:194)
	at com.kms.katalon.core.main.ScriptEngine.runScriptAsRawText(ScriptEngine.java:119)
	at com.kms.katalon.core.main.TestCaseExecutor.runScript(TestCaseExecutor.java:448)
	at com.kms.katalon.core.main.TestCaseExecutor.doExecute(TestCaseExecutor.java:439)
	at com.kms.katalon.core.main.TestCaseExecutor.processExecutionPhase(TestCaseExecutor.java:418)
	at com.kms.katalon.core.main.TestCaseExecutor.accessMainPhase(TestCaseExecutor.java:410)
	at com.kms.katalon.core.main.TestCaseExecutor.execute(TestCaseExecutor.java:285)
	at com.kms.katalon.core.main.TestCaseMain.runTestCase(TestCaseMain.java:137)
	at com.kms.katalon.core.keyword.builtin.CallTestCaseKeyword$_callTestCase_closure1.doCall(CallTestCaseKeyword.groovy:59)
	at com.kms.katalon.core.keyword.builtin.CallTestCaseKeyword$_callTestCase_closure1.call(CallTestCaseKeyword.groovy)
	at com.kms.katalon.core.keyword.internal.KeywordMain.runKeyword(KeywordMain.groovy:75)
	at com.kms.katalon.core.keyword.builtin.CallTestCaseKeyword.callTestCase(CallTestCaseKeyword.groovy:81)
	at com.kms.katalon.core.keyword.builtin.CallTestCaseKeyword.execute(CallTestCaseKeyword.groovy:44)
	at com.kms.katalon.core.keyword.internal.KeywordExecutor.executeKeywordForPlatform(KeywordExecutor.groovy:74)
	at com.kms.katalon.core.keyword.BuiltinKeywords.callTestCase(BuiltinKeywords.groovy:310)
	at jdk.internal.reflect.GeneratedMethodAccessor41.invoke(Unknown Source)
	at java.base/jdk.internal.reflect.DelegatingMethodAccessorImpl.invoke(DelegatingMethodAccessorImpl.java:43)
	at Script1684533498818.run(Script1684533498818.groovy:20)
	... 16 more
Caused by: java.net.ConnectException: Failed to connect to localhost/[0:0:0:0:0:0:0:1]:45279
	at okhttp3.internal.connection.RealConnection.connectSocket(RealConnection.java:247)
	at okhttp3.internal.connection.RealConnection.connect(RealConnection.java:165)
	at okhttp3.internal.connection.StreamAllocation.findConnection(StreamAllocation.java:257)
	at okhttp3.internal.connection.StreamAllocation.findHealthyConnection(StreamAllocation.java:135)
	at okhttp3.internal.connection.StreamAllocation.newStream(StreamAllocation.java:114)
	at okhttp3.internal.connection.ConnectInterceptor.intercept(ConnectInterceptor.java:42)
	at okhttp3.internal.http.RealInterceptorChain.proceed(RealInterceptorChain.java:147)
	at okhttp3.internal.http.RealInterceptorChain.proceed(RealInterceptorChain.java:121)
	at okhttp3.internal.cache.CacheInterceptor.intercept(CacheInterceptor.java:93)
	at okhttp3.internal.http.RealInterceptorChain.proceed(RealInterceptorChain.java:147)
	at okhttp3.internal.http.RealInterceptorChain.proceed(RealInterceptorChain.java:121)
	at okhttp3.internal.http.BridgeInterceptor.intercept(BridgeInterceptor.java:93)
	at okhttp3.internal.http.RealInterceptorChain.proceed(RealInterceptorChain.java:147)
	at okhttp3.internal.http.RetryAndFollowUpInterceptor.intercept(RetryAndFollowUpInterceptor.java:126)
	at okhttp3.internal.http.RealInterceptorChain.proceed(RealInterceptorChain.java:147)
	at okhttp3.internal.http.RealInterceptorChain.proceed(RealInterceptorChain.java:121)
	at okhttp3.RealCall.getResponseWithInterceptorChain(RealCall.java:200)
	at okhttp3.RealCall.execute(RealCall.java:77)
	at org.openqa.selenium.remote.internal.OkHttpClient.execute(OkHttpClient.java:103)
	at org.openqa.selenium.remote.HttpCommandExecutor.execute(HttpCommandExecutor.java:155)
	at org.openqa.selenium.remote.service.DriverCommandExecutor.execute(DriverCommandExecutor.java:83)
	... 48 more
Caused by: java.net.ConnectException: Connection refused: no further information
	at okhttp3.internal.platform.Platform.connectSocket(Platform.java:129)
	at okhttp3.internal.connection.RealConnection.connectSocket(RealConnection.java:245)
	... 68 more
)

21-10-2025T19:05:43 - [MESSAGE][FAILED] - Unable to call Test Case 'Test Cases/DES/DES Login' (Root cause: com.kms.katalon.core.exception.StepFailedException: Call Test Case 'Test Cases/DES/DES Login' failed
	at com.kms.katalon.core.keyword.builtin.CallTestCaseKeyword$_callTestCase_closure1.doCall(CallTestCaseKeyword.groovy:63)
	at com.kms.katalon.core.keyword.builtin.CallTestCaseKeyword$_callTestCase_closure1.call(CallTestCaseKeyword.groovy)
	at com.kms.katalon.core.keyword.internal.KeywordMain.runKeyword(KeywordMain.groovy:75)
	at com.kms.katalon.core.keyword.builtin.CallTestCaseKeyword.callTestCase(CallTestCaseKeyword.groovy:81)
	at com.kms.katalon.core.keyword.builtin.CallTestCaseKeyword.execute(CallTestCaseKeyword.groovy:44)
	at com.kms.katalon.core.keyword.internal.KeywordExecutor.executeKeywordForPlatform(KeywordExecutor.groovy:74)
	at com.kms.katalon.core.keyword.BuiltinKeywords.callTestCase(BuiltinKeywords.groovy:310)
	at jdk.internal.reflect.GeneratedMethodAccessor41.invoke(Unknown Source)
	at java.base/jdk.internal.reflect.DelegatingMethodAccessorImpl.invoke(DelegatingMethodAccessorImpl.java:43)
	at Verify Hidden Inactive Transmission Checkbox When TP Has No Transmission.run(Verify Hidden Inactive Transmission Checkbox When TP Has No Transmission:20)
	at com.kms.katalon.core.main.ScriptEngine.run(ScriptEngine.java:194)
	at com.kms.katalon.core.main.ScriptEngine.runScriptAsRawText(ScriptEngine.java:119)
	at com.kms.katalon.core.main.TestCaseExecutor.runScript(TestCaseExecutor.java:448)
	at com.kms.katalon.core.main.TestCaseExecutor.doExecute(TestCaseExecutor.java:439)
	at com.kms.katalon.core.main.TestCaseExecutor.processExecutionPhase(TestCaseExecutor.java:418)
	at com.kms.katalon.core.main.TestCaseExecutor.accessMainPhase(TestCaseExecutor.java:410)
	at com.kms.katalon.core.main.TestCaseExecutor.execute(TestCaseExecutor.java:285)
	at com.kms.katalon.core.common.CommonExecutor.accessTestCaseMainPhase(CommonExecutor.java:65)
	at com.kms.katalon.core.main.TestSuiteExecutor.accessTestSuiteMainPhase(TestSuiteExecutor.java:150)
	at com.kms.katalon.core.main.TestSuiteExecutor.execute(TestSuiteExecutor.java:106)
	at com.kms.katalon.core.main.TestCaseMain.startTestSuite(TestCaseMain.java:180)
	at com.kms.katalon.core.main.TestCaseMain$startTestSuite$0.call(Unknown Source)
	at TempTestSuite1761084128061.run(TempTestSuite1761084128061.groovy:35)
	at java.base/jdk.internal.reflect.NativeMethodAccessorImpl.invoke0(Native Method)
	at java.base/jdk.internal.reflect.NativeMethodAccessorImpl.invoke(NativeMethodAccessorImpl.java:77)
	at java.base/jdk.internal.reflect.DelegatingMethodAccessorImpl.invoke(DelegatingMethodAccessorImpl.java:43)
Caused by: com.kms.katalon.core.exception.StepFailedException: Unable to navigate to 'https://dx-portal.qa.thekag.com/'
	at com.kms.katalon.core.webui.keyword.internal.WebUIKeywordMain.stepFailed(WebUIKeywordMain.groovy:117)
	at com.kms.katalon.core.webui.keyword.internal.WebUIKeywordMain.runKeyword(WebUIKeywordMain.groovy:43)
	at com.kms.katalon.core.webui.keyword.builtin.NavigateToUrlKeyword.navigateToUrl(NavigateToUrlKeyword.groovy:83)
	at com.kms.katalon.core.webui.keyword.builtin.NavigateToUrlKeyword.execute(NavigateToUrlKeyword.groovy:67)
	at com.kms.katalon.core.keyword.internal.KeywordExecutor.executeKeywordForPlatform(KeywordExecutor.groovy:74)
	at com.kms.katalon.core.webui.keyword.WebUiBuiltInKeywords.navigateToUrl(WebUiBuiltInKeywords.groovy:187)
	at com.kms.katalon.core.webui.keyword.WebUiBuiltInKeywords$navigateToUrl$1.call(Unknown Source)
	at DES Login.run(DES Login:26)
	at com.kms.katalon.core.main.ScriptEngine.run(ScriptEngine.java:194)
	at com.kms.katalon.core.main.ScriptEngine.runScriptAsRawText(ScriptEngine.java:119)
	at com.kms.katalon.core.main.TestCaseExecutor.runScript(TestCaseExecutor.java:448)
	at com.kms.katalon.core.main.TestCaseExecutor.doExecute(TestCaseExecutor.java:439)
	at com.kms.katalon.core.main.TestCaseExecutor.processExecutionPhase(TestCaseExecutor.java:418)
	at com.kms.katalon.core.main.TestCaseExecutor.accessMainPhase(TestCaseExecutor.java:410)
	at com.kms.katalon.core.main.TestCaseExecutor.execute(TestCaseExecutor.java:285)
	at com.kms.katalon.core.main.TestCaseMain.runTestCase(TestCaseMain.java:137)
	at com.kms.katalon.core.keyword.builtin.CallTestCaseKeyword$_callTestCase_closure1.doCall(CallTestCaseKeyword.groovy:59)
	... 25 more
Caused by: org.openqa.selenium.WebDriverException: java.net.ConnectException: Failed to connect to localhost/[0:0:0:0:0:0:0:1]:45279
Build info: version: '3.141.59', revision: 'unknown', time: 'unknown'
System info: host: 'DC1ADOBLD01', ip: '10.2.20.71', os.name: 'Windows Server 2019', os.arch: 'amd64', os.version: '10.0', java.version: '17.0.7'
Driver info: driver.version: RemoteWebDriver
	at org.openqa.selenium.remote.service.DriverCommandExecutor.execute(DriverCommandExecutor.java:92)
	at org.openqa.selenium.remote.RemoteWebDriver.execute(RemoteWebDriver.java:552)
	at com.kms.katalon.selenium.driver.CChromeDriver.execute(CChromeDriver.java:19)
	at org.openqa.selenium.remote.RemoteWebDriver.get(RemoteWebDriver.java:277)
	at org.openqa.selenium.remote.RemoteWebDriver$RemoteNavigation.to(RemoteWebDriver.java:857)
	at org.openqa.selenium.support.events.EventFiringWebDriver$EventFiringNavigation.to(EventFiringWebDriver.java:569)
	at com.kms.katalon.core.webui.keyword.builtin.NavigateToUrlKeyword$_navigateToUrl_closure1.doCall(NavigateToUrlKeyword.groovy:81)
	at com.kms.katalon.core.webui.keyword.builtin.NavigateToUrlKeyword$_navigateToUrl_closure1.call(NavigateToUrlKeyword.groovy)
	at com.kms.katalon.core.webui.keyword.internal.WebUIKeywordMain.runKeyword(WebUIKeywordMain.groovy:35)
	at com.kms.katalon.core.webui.keyword.builtin.NavigateToUrlKeyword.navigateToUrl(NavigateToUrlKeyword.groovy:83)
	at com.kms.katalon.core.webui.keyword.builtin.NavigateToUrlKeyword.execute(NavigateToUrlKeyword.groovy:67)
	at com.kms.katalon.core.keyword.internal.KeywordExecutor.executeKeywordForPlatform(KeywordExecutor.groovy:74)
	at com.kms.katalon.core.webui.keyword.WebUiBuiltInKeywords.navigateToUrl(WebUiBuiltInKeywords.groovy:187)
	at com.kms.katalon.core.webui.keyword.WebUiBuiltInKeywords$navigateToUrl$1.call(Unknown Source)
	at Script1749499513693.run(Script1749499513693.groovy:26)
	at com.kms.katalon.core.main.ScriptEngine.run(ScriptEngine.java:194)
	at com.kms.katalon.core.main.ScriptEngine.runScriptAsRawText(ScriptEngine.java:119)
	at com.kms.katalon.core.main.TestCaseExecutor.runScript(TestCaseExecutor.java:448)
	at com.kms.katalon.core.main.TestCaseExecutor.doExecute(TestCaseExecutor.java:439)
	at com.kms.katalon.core.main.TestCaseExecutor.processExecutionPhase(TestCaseExecutor.java:418)
	at com.kms.katalon.core.main.TestCaseExecutor.accessMainPhase(TestCaseExecutor.java:410)
	at com.kms.katalon.core.main.TestCaseExecutor.execute(TestCaseExecutor.java:285)
	at com.kms.katalon.core.main.TestCaseMain.runTestCase(TestCaseMain.java:137)
	at com.kms.katalon.core.keyword.builtin.CallTestCaseKeyword$_callTestCase_closure1.doCall(CallTestCaseKeyword.groovy:59)
	at com.kms.katalon.core.keyword.builtin.CallTestCaseKeyword$_callTestCase_closure1.call(CallTestCaseKeyword.groovy)
	at com.kms.katalon.core.keyword.internal.KeywordMain.runKeyword(KeywordMain.groovy:75)
	at com.kms.katalon.core.keyword.builtin.CallTestCaseKeyword.callTestCase(CallTestCaseKeyword.groovy:81)
	at com.kms.katalon.core.keyword.builtin.CallTestCaseKeyword.execute(CallTestCaseKeyword.groovy:44)
	at com.kms.katalon.core.keyword.internal.KeywordExecutor.executeKeywordForPlatform(KeywordExecutor.groovy:74)
	at com.kms.katalon.core.keyword.BuiltinKeywords.callTestCase(BuiltinKeywords.groovy:310)
	at jdk.internal.reflect.GeneratedMethodAccessor41.invoke(Unknown Source)
	at java.base/jdk.internal.reflect.DelegatingMethodAccessorImpl.invoke(DelegatingMethodAccessorImpl.java:43)
	at Script1684533498818.run(Script1684533498818.groovy:20)
	... 16 more
Caused by: java.net.ConnectException: Failed to connect to localhost/[0:0:0:0:0:0:0:1]:45279
	at okhttp3.internal.connection.RealConnection.connectSocket(RealConnection.java:247)
	at okhttp3.internal.connection.RealConnection.connect(RealConnection.java:165)
	at okhttp3.internal.connection.StreamAllocation.findConnection(StreamAllocation.java:257)
	at okhttp3.internal.connection.StreamAllocation.findHealthyConnection(StreamAllocation.java:135)
	at okhttp3.internal.connection.StreamAllocation.newStream(StreamAllocation.java:114)
	at okhttp3.internal.connection.ConnectInterceptor.intercept(ConnectInterceptor.java:42)
	at okhttp3.internal.http.RealInterceptorChain.proceed(RealInterceptorChain.java:147)
	at okhttp3.internal.http.RealInterceptorChain.proceed(RealInterceptorChain.java:121)
	at okhttp3.internal.cache.CacheInterceptor.intercept(CacheInterceptor.java:93)
	at okhttp3.internal.http.RealInterceptorChain.proceed(RealInterceptorChain.java:147)
	at okhttp3.internal.http.RealInterceptorChain.proceed(RealInterceptorChain.java:121)
	at okhttp3.internal.http.BridgeInterceptor.intercept(BridgeInterceptor.java:93)
	at okhttp3.internal.http.RealInterceptorChain.proceed(RealInterceptorChain.java:147)
	at okhttp3.internal.http.RetryAndFollowUpInterceptor.intercept(RetryAndFollowUpInterceptor.java:126)
	at okhttp3.internal.http.RealInterceptorChain.proceed(RealInterceptorChain.java:147)
	at okhttp3.internal.http.RealInterceptorChain.proceed(RealInterceptorChain.java:121)
	at okhttp3.RealCall.getResponseWithInterceptorChain(RealCall.java:200)
	at okhttp3.RealCall.execute(RealCall.java:77)
	at org.openqa.selenium.remote.internal.OkHttpClient.execute(OkHttpClient.java:103)
	at org.openqa.selenium.remote.HttpCommandExecutor.execute(HttpCommandExecutor.java:155)
	at org.openqa.selenium.remote.service.DriverCommandExecutor.execute(DriverCommandExecutor.java:83)
	... 48 more
Caused by: java.net.ConnectException: Connection refused: no further information
	at okhttp3.internal.platform.Platform.connectSocket(Platform.java:129)
	at okhttp3.internal.connection.RealConnection.connectSocket(RealConnection.java:245)
	at okhttp3.internal.connection.RealConnection.connect(RealConnection.java:165)
	at okhttp3.internal.connection.StreamAllocation.findConnection(StreamAllocation.java:257)
	at okhttp3.internal.connection.StreamAllocation.findHealthyConnection(StreamAllocation.java:135)
	at okhttp3.internal.connection.StreamAllocation.newStream(StreamAllocation.java:114)
	at okhttp3.internal.connection.ConnectInterceptor.intercept(ConnectInterceptor.java:42)
	at okhttp3.internal.http.RealInterceptorChain.proceed(RealInterceptorChain.java:147)
	at okhttp3.internal.http.RealInterceptorChain.proceed(RealInterceptorChain.java:121)
	at okhttp3.internal.cache.CacheInterceptor.intercept(CacheInterceptor.java:93)
	at okhttp3.internal.http.RealInterceptorChain.proceed(RealInterceptorChain.java:147)
	at okhttp3.internal.http.RealInterceptorChain.proceed(RealInterceptorChain.java:121)
	at okhttp3.internal.http.BridgeInterceptor.intercept(BridgeInterceptor.java:93)
	at okhttp3.internal.http.RealInterceptorChain.proceed(RealInterceptorChain.java:147)
	at okhttp3.internal.http.RetryAndFollowUpInterceptor.intercept(RetryAndFollowUpInterceptor.java:126)
	at okhttp3.internal.http.RealInterceptorChain.proceed(RealInterceptorChain.java:147)
	at okhttp3.internal.http.RealInterceptorChain.proceed(RealInterceptorChain.java:121)
	at okhttp3.RealCall.getResponseWithInterceptorChain(RealCall.java:200)
	at okhttp3.RealCall.execute(RealCall.java:77)
	at org.openqa.selenium.remote.internal.OkHttpClient.execute(OkHttpClient.java:103)
	at org.openqa.selenium.remote.HttpCommandExecutor.execute(HttpCommandExecutor.java:155)
	at org.openqa.selenium.remote.service.DriverCommandExecutor.execute(DriverCommandExecutor.java:83)
	at org.openqa.selenium.remote.RemoteWebDriver.execute(RemoteWebDriver.java:552)
	at com.kms.katalon.selenium.driver.CChromeDriver.execute(CChromeDriver.java:19)
	at org.openqa.selenium.remote.RemoteWebDriver.get(RemoteWebDriver.java:277)
	at org.openqa.selenium.remote.RemoteWebDriver$RemoteNavigation.to(RemoteWebDriver.java:857)
	at org.openqa.selenium.support.events.EventFiringWebDriver$EventFiringNavigation.to(EventFiringWebDriver.java:569)
	at com.kms.katalon.core.webui.keyword.builtin.NavigateToUrlKeyword$_navigateToUrl_closure1.doCall(NavigateToUrlKeyword.groovy:81)
	at com.kms.katalon.core.webui.keyword.builtin.NavigateToUrlKeyword$_navigateToUrl_closure1.call(NavigateToUrlKeyword.groovy)
	at com.kms.katalon.core.webui.keyword.internal.WebUIKeywordMain.runKeyword(WebUIKeywordMain.groovy:35)
	at com.kms.katalon.core.webui.keyword.builtin.NavigateToUrlKeyword.navigateToUrl(NavigateToUrlKeyword.groovy:83)
	at com.kms.katalon.core.webui.keyword.builtin.NavigateToUrlKeyword.execute(NavigateToUrlKeyword.groovy:67)
	at com.kms.katalon.core.keyword.internal.KeywordExecutor.executeKeywordForPlatform(KeywordExecutor.groovy:74)
	at com.kms.katalon.core.webui.keyword.WebUiBuiltInKeywords.navigateToUrl(WebUiBuiltInKeywords.groovy:187)
	at com.kms.katalon.core.webui.keyword.WebUiBuiltInKeywords$navigateToUrl$1.call(Unknown Source)
	at DES Login.run(DES Login:26)
	at com.kms.katalon.core.main.ScriptEngine.run(ScriptEngine.java:194)
	at com.kms.katalon.core.main.ScriptEngine.runScriptAsRawText(ScriptEngine.java:119)
	at com.kms.katalon.core.main.TestCaseExecutor.runScript(TestCaseExecutor.java:448)
	at com.kms.katalon.core.main.TestCaseExecutor.doExecute(TestCaseExecutor.java:439)
	at com.kms.katalon.core.main.TestCaseExecutor.processExecutionPhase(TestCaseExecutor.java:418)
	at com.kms.katalon.core.main.TestCaseExecutor.accessMainPhase(TestCaseExecutor.java:410)
	at com.kms.katalon.core.main.TestCaseExecutor.execute(TestCaseExecutor.java:285)
	at com.kms.katalon.core.main.TestCaseMain.runTestCase(TestCaseMain.java:137)
	at com.kms.katalon.core.keyword.builtin.CallTestCaseKeyword$_callTestCase_closure1.doCall(CallTestCaseKeyword.groovy:59)
	at com.kms.katalon.core.keyword.builtin.CallTestCaseKeyword$_callTestCase_closure1.call(CallTestCaseKeyword.groovy)
	at com.kms.katalon.core.keyword.internal.KeywordMain.runKeyword(KeywordMain.groovy:75)
	at com.kms.katalon.core.keyword.builtin.CallTestCaseKeyword.callTestCase(CallTestCaseKeyword.groovy:81)
	at com.kms.katalon.core.keyword.builtin.CallTestCaseKeyword.execute(CallTestCaseKeyword.groovy:44)
	at com.kms.katalon.core.keyword.internal.KeywordExecutor.executeKeywordForPlatform(KeywordExecutor.groovy:74)
	at com.kms.katalon.core.keyword.BuiltinKeywords.callTestCase(BuiltinKeywords.groovy:310)
	at jdk.internal.reflect.GeneratedMethodAccessor41.invoke(Unknown Source)
	at java.base/jdk.internal.reflect.DelegatingMethodAccessorImpl.invoke(DelegatingMethodAccessorImpl.java:43)
	at Verify Hidden Inactive Transmission Checkbox When TP Has No Transmission.run(Verify Hidden Inactive Transmission Checkbox When TP Has No Transmission:20)
	... 16 more
)

21-10-2025T19:05:43 - [TEST_STEP][FAILED] - Start listener action : retryOnDisconnect: null

21-10-2025T19:05:43 - [TEST_STEP][PASSED] - tcId = testCaseContext.getTestCaseId(): null

21-10-2025T19:05:43 - [TEST_STEP][PASSED] - currentRetry = retryCounts.getOrDefault(tcId, 0): null

21-10-2025T19:05:43 - [TEST_STEP][FAILED] - if (testCaseContext.getTestCaseStatus() == "FAILED" && currentRetry < MAX_RETRIES): null

21-10-2025T19:05:43 - [TEST_STEP][FAILED] - try: Unable to get the url of the current window (Root cause: com.kms.katalon.core.exception.StepFailedException: Unable to get the url of the current window
	at com.kms.katalon.core.webui.keyword.internal.WebUIKeywordMain.stepFailed(WebUIKeywordMain.groovy:117)
	at com.kms.katalon.core.webui.keyword.internal.WebUIKeywordMain.runKeyword(WebUIKeywordMain.groovy:43)
	at com.kms.katalon.core.webui.keyword.builtin.GetUrlKeyword.getUrl(GetUrlKeyword.groovy:76)
	at com.kms.katalon.core.webui.keyword.builtin.GetUrlKeyword.execute(GetUrlKeyword.groovy:66)
	at com.kms.katalon.core.keyword.internal.KeywordExecutor.executeKeywordForPlatform(KeywordExecutor.groovy:74)
	at com.kms.katalon.core.webui.keyword.WebUiBuiltInKeywords.getUrl(WebUiBuiltInKeywords.groovy:276)
	at com.kms.katalon.core.webui.keyword.WebUiBuiltInKeywords$getUrl$14.call(Unknown Source)
	at WebDriverRetryListener.retryOnDisconnect(WebDriverRecoveryListener.groovy:22)
	at jdk.internal.reflect.GeneratedMethodAccessor47.invoke(Unknown Source)
	at java.base/jdk.internal.reflect.DelegatingMethodAccessorImpl.invoke(DelegatingMethodAccessorImpl.java:43)
	at com.kms.katalon.core.context.internal.TestHooker.invokeMethod(TestHooker.java:111)
	at com.kms.katalon.core.context.internal.TestHooker.lambda$3(TestHooker.java:95)
	at com.kms.katalon.core.context.internal.TestHooker.invokeContextMethods(TestHooker.java:94)
	at com.kms.katalon.core.context.internal.TestListenerCollector.lambda$3(TestListenerCollector.java:88)
	at com.kms.katalon.core.context.internal.TestListenerCollector.handleListenerEvent(TestListenerCollector.java:85)
	at com.kms.katalon.core.context.internal.ExecutionEventManager.publicEvent(ExecutionEventManager.java:36)
	at com.kms.katalon.core.main.TestCaseExecutor.execute(TestCaseExecutor.java:315)
	at com.kms.katalon.core.common.CommonExecutor.accessTestCaseMainPhase(CommonExecutor.java:65)
	at com.kms.katalon.core.main.TestSuiteExecutor.accessTestSuiteMainPhase(TestSuiteExecutor.java:150)
	at com.kms.katalon.core.main.TestSuiteExecutor.execute(TestSuiteExecutor.java:106)
	at com.kms.katalon.core.main.TestCaseMain.startTestSuite(TestCaseMain.java:180)
	at com.kms.katalon.core.main.TestCaseMain$startTestSuite$0.call(Unknown Source)
	at TempTestSuite1761084128061.run(TempTestSuite1761084128061.groovy:35)
	at java.base/jdk.internal.reflect.NativeMethodAccessorImpl.invoke0(Native Method)
	at java.base/jdk.internal.reflect.NativeMethodAccessorImpl.invoke(NativeMethodAccessorImpl.java:77)
	at java.base/jdk.internal.reflect.DelegatingMethodAccessorImpl.invoke(DelegatingMethodAccessorImpl.java:43)
Caused by: org.openqa.selenium.WebDriverException: java.net.ConnectException: Failed to connect to localhost/[0:0:0:0:0:0:0:1]:45279
Build info: version: '3.141.59', revision: 'unknown', time: 'unknown'
System info: host: 'DC1ADOBLD01', ip: '10.2.20.71', os.name: 'Windows Server 2019', os.arch: 'amd64', os.version: '10.0', java.version: '17.0.7'
Driver info: driver.version: EventFiringWebDriver
	at org.openqa.selenium.remote.service.DriverCommandExecutor.execute(DriverCommandExecutor.java:92)
	at org.openqa.selenium.remote.RemoteWebDriver.execute(RemoteWebDriver.java:552)
	at com.kms.katalon.selenium.driver.CChromeDriver.execute(CChromeDriver.java:19)
	at org.openqa.selenium.remote.RemoteWebDriver.execute(RemoteWebDriver.java:609)
	at org.openqa.selenium.remote.RemoteWebDriver.getCurrentUrl(RemoteWebDriver.java:287)
	at java.base/jdk.internal.reflect.NativeMethodAccessorImpl.invoke0(Native Method)
	at java.base/jdk.internal.reflect.NativeMethodAccessorImpl.invoke(NativeMethodAccessorImpl.java:77)
	at java.base/jdk.internal.reflect.DelegatingMethodAccessorImpl.invoke(DelegatingMethodAccessorImpl.java:43)
	at org.openqa.selenium.support.events.EventFiringWebDriver.lambda$new$1(EventFiringWebDriver.java:105)
	at jdk.proxy2/jdk.proxy2.$Proxy26.getCurrentUrl(Unknown Source)
	at org.openqa.selenium.support.events.EventFiringWebDriver.getCurrentUrl(EventFiringWebDriver.java:171)
	at com.kms.katalon.core.webui.keyword.builtin.GetUrlKeyword$_getUrl_closure1.doCall(GetUrlKeyword.groovy:73)
	at com.kms.katalon.core.webui.keyword.builtin.GetUrlKeyword$_getUrl_closure1.call(GetUrlKeyword.groovy)
	at com.kms.katalon.core.webui.keyword.internal.WebUIKeywordMain.runKeyword(WebUIKeywordMain.groovy:35)
	... 24 more
Caused by: java.net.ConnectException: Failed to connect to localhost/[0:0:0:0:0:0:0:1]:45279
	at okhttp3.internal.connection.RealConnection.connectSocket(RealConnection.java:247)
	at okhttp3.internal.connection.RealConnection.connect(RealConnection.java:165)
	at okhttp3.internal.connection.StreamAllocation.findConnection(StreamAllocation.java:257)
	at okhttp3.internal.connection.StreamAllocation.findHealthyConnection(StreamAllocation.java:135)
	at okhttp3.internal.connection.StreamAllocation.newStream(StreamAllocation.java:114)
	at okhttp3.internal.connection.ConnectInterceptor.intercept(ConnectInterceptor.java:42)
	at okhttp3.internal.http.RealInterceptorChain.proceed(RealInterceptorChain.java:147)
	at okhttp3.internal.http.RealInterceptorChain.proceed(RealInterceptorChain.java:121)
	at okhttp3.internal.cache.CacheInterceptor.intercept(CacheInterceptor.java:93)
	at okhttp3.internal.http.RealInterceptorChain.proceed(RealInterceptorChain.java:147)
	at okhttp3.internal.http.RealInterceptorChain.proceed(RealInterceptorChain.java:121)
	at okhttp3.internal.http.BridgeInterceptor.intercept(BridgeInterceptor.java:93)
	at okhttp3.internal.http.RealInterceptorChain.proceed(RealInterceptorChain.java:147)
	at okhttp3.internal.http.RetryAndFollowUpInterceptor.intercept(RetryAndFollowUpInterceptor.java:126)
	at okhttp3.internal.http.RealInterceptorChain.proceed(RealInterceptorChain.java:147)
	at okhttp3.internal.http.RealInterceptorChain.proceed(RealInterceptorChain.java:121)
	at okhttp3.RealCall.getResponseWithInterceptorChain(RealCall.java:200)
	at okhttp3.RealCall.execute(RealCall.java:77)
	at org.openqa.selenium.remote.internal.OkHttpClient.execute(OkHttpClient.java:103)
	at org.openqa.selenium.remote.HttpCommandExecutor.execute(HttpCommandExecutor.java:155)
	at org.openqa.selenium.remote.service.DriverCommandExecutor.execute(DriverCommandExecutor.java:83)
	... 37 more
Caused by: java.net.ConnectException: Connection refused: no further information
	at okhttp3.internal.platform.Platform.connectSocket(Platform.java:129)
	at okhttp3.internal.connection.RealConnection.connectSocket(RealConnection.java:245)
	... 57 more
)

21-10-2025T19:05:43 - [TEST_STEP][PASSED] - comment(Checking for WebDriver disconnect for test case: $tcId): Checking for WebDriver disconnect for test case: Test Cases/DES/Trading Partners Page/Subscription/Verify Hidden Inactive Transmission Checkbox When TP Has No Transmission

21-10-2025T19:05:43 - [MESSAGE][INFO] - Checking for WebDriver disconnect for test case: Test Cases/DES/Trading Partners Page/Subscription/Verify Hidden Inactive Transmission Checkbox When TP Has No Transmission

21-10-2025T19:05:43 - [TEST_STEP][FAILED] - getUrl(): Unable to get the url of the current window (Root cause: com.kms.katalon.core.exception.StepFailedException: Unable to get the url of the current window
	at com.kms.katalon.core.webui.keyword.internal.WebUIKeywordMain.stepFailed(WebUIKeywordMain.groovy:117)
	at com.kms.katalon.core.webui.keyword.internal.WebUIKeywordMain.runKeyword(WebUIKeywordMain.groovy:43)
	at com.kms.katalon.core.webui.keyword.builtin.GetUrlKeyword.getUrl(GetUrlKeyword.groovy:76)
	at com.kms.katalon.core.webui.keyword.builtin.GetUrlKeyword.execute(GetUrlKeyword.groovy:66)
	at com.kms.katalon.core.keyword.internal.KeywordExecutor.executeKeywordForPlatform(KeywordExecutor.groovy:74)
	at com.kms.katalon.core.webui.keyword.WebUiBuiltInKeywords.getUrl(WebUiBuiltInKeywords.groovy:276)
	at com.kms.katalon.core.webui.keyword.WebUiBuiltInKeywords$getUrl$14.call(Unknown Source)
	at WebDriverRetryListener.retryOnDisconnect(WebDriverRecoveryListener.groovy:22)
	at jdk.internal.reflect.GeneratedMethodAccessor47.invoke(Unknown Source)
	at java.base/jdk.internal.reflect.DelegatingMethodAccessorImpl.invoke(DelegatingMethodAccessorImpl.java:43)
	at com.kms.katalon.core.context.internal.TestHooker.invokeMethod(TestHooker.java:111)
	at com.kms.katalon.core.context.internal.TestHooker.lambda$3(TestHooker.java:95)
	at com.kms.katalon.core.context.internal.TestHooker.invokeContextMethods(TestHooker.java:94)
	at com.kms.katalon.core.context.internal.TestListenerCollector.lambda$3(TestListenerCollector.java:88)
	at com.kms.katalon.core.context.internal.TestListenerCollector.handleListenerEvent(TestListenerCollector.java:85)
	at com.kms.katalon.core.context.internal.ExecutionEventManager.publicEvent(ExecutionEventManager.java:36)
	at com.kms.katalon.core.main.TestCaseExecutor.execute(TestCaseExecutor.java:315)
	at com.kms.katalon.core.common.CommonExecutor.accessTestCaseMainPhase(CommonExecutor.java:65)
	at com.kms.katalon.core.main.TestSuiteExecutor.accessTestSuiteMainPhase(TestSuiteExecutor.java:150)
	at com.kms.katalon.core.main.TestSuiteExecutor.execute(TestSuiteExecutor.java:106)
	at com.kms.katalon.core.main.TestCaseMain.startTestSuite(TestCaseMain.java:180)
	at com.kms.katalon.core.main.TestCaseMain$startTestSuite$0.call(Unknown Source)
	at TempTestSuite1761084128061.run(TempTestSuite1761084128061.groovy:35)
	at java.base/jdk.internal.reflect.NativeMethodAccessorImpl.invoke0(Native Method)
	at java.base/jdk.internal.reflect.NativeMethodAccessorImpl.invoke(NativeMethodAccessorImpl.java:77)
	at java.base/jdk.internal.reflect.DelegatingMethodAccessorImpl.invoke(DelegatingMethodAccessorImpl.java:43)
Caused by: org.openqa.selenium.WebDriverException: java.net.ConnectException: Failed to connect to localhost/[0:0:0:0:0:0:0:1]:45279
Build info: version: '3.141.59', revision: 'unknown', time: 'unknown'
System info: host: 'DC1ADOBLD01', ip: '10.2.20.71', os.name: 'Windows Server 2019', os.arch: 'amd64', os.version: '10.0', java.version: '17.0.7'
Driver info: driver.version: EventFiringWebDriver
	at org.openqa.selenium.remote.service.DriverCommandExecutor.execute(DriverCommandExecutor.java:92)
	at org.openqa.selenium.remote.RemoteWebDriver.execute(RemoteWebDriver.java:552)
	at com.kms.katalon.selenium.driver.CChromeDriver.execute(CChromeDriver.java:19)
	at org.openqa.selenium.remote.RemoteWebDriver.execute(RemoteWebDriver.java:609)
	at org.openqa.selenium.remote.RemoteWebDriver.getCurrentUrl(RemoteWebDriver.java:287)
	at java.base/jdk.internal.reflect.NativeMethodAccessorImpl.invoke0(Native Method)
	at java.base/jdk.internal.reflect.NativeMethodAccessorImpl.invoke(NativeMethodAccessorImpl.java:77)
	at java.base/jdk.internal.reflect.DelegatingMethodAccessorImpl.invoke(DelegatingMethodAccessorImpl.java:43)
	at org.openqa.selenium.support.events.EventFiringWebDriver.lambda$new$1(EventFiringWebDriver.java:105)
	at jdk.proxy2/jdk.proxy2.$Proxy26.getCurrentUrl(Unknown Source)
	at org.openqa.selenium.support.events.EventFiringWebDriver.getCurrentUrl(EventFiringWebDriver.java:171)
	at com.kms.katalon.core.webui.keyword.builtin.GetUrlKeyword$_getUrl_closure1.doCall(GetUrlKeyword.groovy:73)
	at com.kms.katalon.core.webui.keyword.builtin.GetUrlKeyword$_getUrl_closure1.call(GetUrlKeyword.groovy)
	at com.kms.katalon.core.webui.keyword.internal.WebUIKeywordMain.runKeyword(WebUIKeywordMain.groovy:35)
	... 24 more
Caused by: java.net.ConnectException: Failed to connect to localhost/[0:0:0:0:0:0:0:1]:45279
	at okhttp3.internal.connection.RealConnection.connectSocket(RealConnection.java:247)
	at okhttp3.internal.connection.RealConnection.connect(RealConnection.java:165)
	at okhttp3.internal.connection.StreamAllocation.findConnection(StreamAllocation.java:257)
	at okhttp3.internal.connection.StreamAllocation.findHealthyConnection(StreamAllocation.java:135)
	at okhttp3.internal.connection.StreamAllocation.newStream(StreamAllocation.java:114)
	at okhttp3.internal.connection.ConnectInterceptor.intercept(ConnectInterceptor.java:42)
	at okhttp3.internal.http.RealInterceptorChain.proceed(RealInterceptorChain.java:147)
	at okhttp3.internal.http.RealInterceptorChain.proceed(RealInterceptorChain.java:121)
	at okhttp3.internal.cache.CacheInterceptor.intercept(CacheInterceptor.java:93)
	at okhttp3.internal.http.RealInterceptorChain.proceed(RealInterceptorChain.java:147)
	at okhttp3.internal.http.RealInterceptorChain.proceed(RealInterceptorChain.java:121)
	at okhttp3.internal.http.BridgeInterceptor.intercept(BridgeInterceptor.java:93)
	at okhttp3.internal.http.RealInterceptorChain.proceed(RealInterceptorChain.java:147)
	at okhttp3.internal.http.RetryAndFollowUpInterceptor.intercept(RetryAndFollowUpInterceptor.java:126)
	at okhttp3.internal.http.RealInterceptorChain.proceed(RealInterceptorChain.java:147)
	at okhttp3.internal.http.RealInterceptorChain.proceed(RealInterceptorChain.java:121)
	at okhttp3.RealCall.getResponseWithInterceptorChain(RealCall.java:200)
	at okhttp3.RealCall.execute(RealCall.java:77)
	at org.openqa.selenium.remote.internal.OkHttpClient.execute(OkHttpClient.java:103)
	at org.openqa.selenium.remote.HttpCommandExecutor.execute(HttpCommandExecutor.java:155)
	at org.openqa.selenium.remote.service.DriverCommandExecutor.execute(DriverCommandExecutor.java:83)
	... 37 more
Caused by: java.net.ConnectException: Connection refused: no further information
	at okhttp3.internal.platform.Platform.connectSocket(Platform.java:129)
	at okhttp3.internal.connection.RealConnection.connectSocket(RealConnection.java:245)
	... 57 more
)

21-10-2025T19:05:43 - [MESSAGE][FAILED] - Unable to get the url of the current window (Root cause: com.kms.katalon.core.exception.StepFailedException: Unable to get the url of the current window
	at com.kms.katalon.core.webui.keyword.internal.WebUIKeywordMain.stepFailed(WebUIKeywordMain.groovy:117)
	at com.kms.katalon.core.webui.keyword.internal.WebUIKeywordMain.runKeyword(WebUIKeywordMain.groovy:43)
	at com.kms.katalon.core.webui.keyword.builtin.GetUrlKeyword.getUrl(GetUrlKeyword.groovy:76)
	at com.kms.katalon.core.webui.keyword.builtin.GetUrlKeyword.execute(GetUrlKeyword.groovy:66)
	at com.kms.katalon.core.keyword.internal.KeywordExecutor.executeKeywordForPlatform(KeywordExecutor.groovy:74)
	at com.kms.katalon.core.webui.keyword.WebUiBuiltInKeywords.getUrl(WebUiBuiltInKeywords.groovy:276)
	at com.kms.katalon.core.webui.keyword.WebUiBuiltInKeywords$getUrl$14.call(Unknown Source)
	at WebDriverRetryListener.retryOnDisconnect(WebDriverRecoveryListener.groovy:22)
	at jdk.internal.reflect.GeneratedMethodAccessor47.invoke(Unknown Source)
	at java.base/jdk.internal.reflect.DelegatingMethodAccessorImpl.invoke(DelegatingMethodAccessorImpl.java:43)
	at com.kms.katalon.core.context.internal.TestHooker.invokeMethod(TestHooker.java:111)
	at com.kms.katalon.core.context.internal.TestHooker.lambda$3(TestHooker.java:95)
	at com.kms.katalon.core.context.internal.TestHooker.invokeContextMethods(TestHooker.java:94)
	at com.kms.katalon.core.context.internal.TestListenerCollector.lambda$3(TestListenerCollector.java:88)
	at com.kms.katalon.core.context.internal.TestListenerCollector.handleListenerEvent(TestListenerCollector.java:85)
	at com.kms.katalon.core.context.internal.ExecutionEventManager.publicEvent(ExecutionEventManager.java:36)
	at com.kms.katalon.core.main.TestCaseExecutor.execute(TestCaseExecutor.java:315)
	at com.kms.katalon.core.common.CommonExecutor.accessTestCaseMainPhase(CommonExecutor.java:65)
	at com.kms.katalon.core.main.TestSuiteExecutor.accessTestSuiteMainPhase(TestSuiteExecutor.java:150)
	at com.kms.katalon.core.main.TestSuiteExecutor.execute(TestSuiteExecutor.java:106)
	at com.kms.katalon.core.main.TestCaseMain.startTestSuite(TestCaseMain.java:180)
	at com.kms.katalon.core.main.TestCaseMain$startTestSuite$0.call(Unknown Source)
	at TempTestSuite1761084128061.run(TempTestSuite1761084128061.groovy:35)
	at java.base/jdk.internal.reflect.NativeMethodAccessorImpl.invoke0(Native Method)
	at java.base/jdk.internal.reflect.NativeMethodAccessorImpl.invoke(NativeMethodAccessorImpl.java:77)
	at java.base/jdk.internal.reflect.DelegatingMethodAccessorImpl.invoke(DelegatingMethodAccessorImpl.java:43)
Caused by: org.openqa.selenium.WebDriverException: java.net.ConnectException: Failed to connect to localhost/[0:0:0:0:0:0:0:1]:45279
Build info: version: '3.141.59', revision: 'unknown', time: 'unknown'
System info: host: 'DC1ADOBLD01', ip: '10.2.20.71', os.name: 'Windows Server 2019', os.arch: 'amd64', os.version: '10.0', java.version: '17.0.7'
Driver info: driver.version: EventFiringWebDriver
	at org.openqa.selenium.remote.service.DriverCommandExecutor.execute(DriverCommandExecutor.java:92)
	at org.openqa.selenium.remote.RemoteWebDriver.execute(RemoteWebDriver.java:552)
	at com.kms.katalon.selenium.driver.CChromeDriver.execute(CChromeDriver.java:19)
	at org.openqa.selenium.remote.RemoteWebDriver.execute(RemoteWebDriver.java:609)
	at org.openqa.selenium.remote.RemoteWebDriver.getCurrentUrl(RemoteWebDriver.java:287)
	at java.base/jdk.internal.reflect.NativeMethodAccessorImpl.invoke0(Native Method)
	at java.base/jdk.internal.reflect.NativeMethodAccessorImpl.invoke(NativeMethodAccessorImpl.java:77)
	at java.base/jdk.internal.reflect.DelegatingMethodAccessorImpl.invoke(DelegatingMethodAccessorImpl.java:43)
	at org.openqa.selenium.support.events.EventFiringWebDriver.lambda$new$1(EventFiringWebDriver.java:105)
	at jdk.proxy2/jdk.proxy2.$Proxy26.getCurrentUrl(Unknown Source)
	at org.openqa.selenium.support.events.EventFiringWebDriver.getCurrentUrl(EventFiringWebDriver.java:171)
	at com.kms.katalon.core.webui.keyword.builtin.GetUrlKeyword$_getUrl_closure1.doCall(GetUrlKeyword.groovy:73)
	at com.kms.katalon.core.webui.keyword.builtin.GetUrlKeyword$_getUrl_closure1.call(GetUrlKeyword.groovy)
	at com.kms.katalon.core.webui.keyword.internal.WebUIKeywordMain.runKeyword(WebUIKeywordMain.groovy:35)
	... 24 more
Caused by: java.net.ConnectException: Failed to connect to localhost/[0:0:0:0:0:0:0:1]:45279
	at okhttp3.internal.connection.RealConnection.connectSocket(RealConnection.java:247)
	at okhttp3.internal.connection.RealConnection.connect(RealConnection.java:165)
	at okhttp3.internal.connection.StreamAllocation.findConnection(StreamAllocation.java:257)
	at okhttp3.internal.connection.StreamAllocation.findHealthyConnection(StreamAllocation.java:135)
	at okhttp3.internal.connection.StreamAllocation.newStream(StreamAllocation.java:114)
	at okhttp3.internal.connection.ConnectInterceptor.intercept(ConnectInterceptor.java:42)
	at okhttp3.internal.http.RealInterceptorChain.proceed(RealInterceptorChain.java:147)
	at okhttp3.internal.http.RealInterceptorChain.proceed(RealInterceptorChain.java:121)
	at okhttp3.internal.cache.CacheInterceptor.intercept(CacheInterceptor.java:93)
	at okhttp3.internal.http.RealInterceptorChain.proceed(RealInterceptorChain.java:147)
	at okhttp3.internal.http.RealInterceptorChain.proceed(RealInterceptorChain.java:121)
	at okhttp3.internal.http.BridgeInterceptor.intercept(BridgeInterceptor.java:93)
	at okhttp3.internal.http.RealInterceptorChain.proceed(RealInterceptorChain.java:147)
	at okhttp3.internal.http.RetryAndFollowUpInterceptor.intercept(RetryAndFollowUpInterceptor.java:126)
	at okhttp3.internal.http.RealInterceptorChain.proceed(RealInterceptorChain.java:147)
	at okhttp3.internal.http.RealInterceptorChain.proceed(RealInterceptorChain.java:121)
	at okhttp3.RealCall.getResponseWithInterceptorChain(RealCall.java:200)
	at okhttp3.RealCall.execute(RealCall.java:77)
	at org.openqa.selenium.remote.internal.OkHttpClient.execute(OkHttpClient.java:103)
	at org.openqa.selenium.remote.HttpCommandExecutor.execute(HttpCommandExecutor.java:155)
	at org.openqa.selenium.remote.service.DriverCommandExecutor.execute(DriverCommandExecutor.java:83)
	... 37 more
Caused by: java.net.ConnectException: Connection refused: no further information
	at okhttp3.internal.platform.Platform.connectSocket(Platform.java:129)
	at okhttp3.internal.connection.RealConnection.connectSocket(RealConnection.java:245)
	... 57 more
)

21-10-2025T19:05:43 - [TEST_STEP][ERROR] - catch (Exception e): org.codehaus.groovy.runtime.InvokerInvocationException: groovy.lang.MissingMethodException: No signature of method: WebDriverRetryListener.findTestCase() is applicable for argument types: (String) values: [Test Cases/DES/Trading Partners Page/Subscription/Verify Hidden Inactive Transmission Checkbox When TP Has No Transmission]
	at com.kms.katalon.core.context.internal.TestHooker.invokeMethod(TestHooker.java:111)
	at com.kms.katalon.core.context.internal.TestHooker.lambda$3(TestHooker.java:95)
	at com.kms.katalon.core.context.internal.TestHooker.invokeContextMethods(TestHooker.java:94)
	at com.kms.katalon.core.context.internal.TestListenerCollector.lambda$3(TestListenerCollector.java:88)
	at com.kms.katalon.core.context.internal.TestListenerCollector.handleListenerEvent(TestListenerCollector.java:85)
	at com.kms.katalon.core.context.internal.ExecutionEventManager.publicEvent(ExecutionEventManager.java:36)
	at com.kms.katalon.core.main.TestCaseExecutor.execute(TestCaseExecutor.java:315)
	at com.kms.katalon.core.common.CommonExecutor.accessTestCaseMainPhase(CommonExecutor.java:65)
	at com.kms.katalon.core.main.TestSuiteExecutor.accessTestSuiteMainPhase(TestSuiteExecutor.java:150)
	at com.kms.katalon.core.main.TestSuiteExecutor.execute(TestSuiteExecutor.java:106)
	at com.kms.katalon.core.main.TestCaseMain.startTestSuite(TestCaseMain.java:180)
	at com.kms.katalon.core.main.TestCaseMain$startTestSuite$0.call(Unknown Source)
	at TempTestSuite1761084128061.run(TempTestSuite1761084128061.groovy:35)
	at java.base/jdk.internal.reflect.NativeMethodAccessorImpl.invoke0(Native Method)
	at java.base/jdk.internal.reflect.NativeMethodAccessorImpl.invoke(NativeMethodAccessorImpl.java:77)
	at java.base/jdk.internal.reflect.DelegatingMethodAccessorImpl.invoke(DelegatingMethodAccessorImpl.java:43)
Caused by: groovy.lang.MissingMethodException: No signature of method: WebDriverRetryListener.findTestCase() is applicable for argument types: (String) values: [Test Cases/DES/Trading Partners Page/Subscription/Verify Hidden Inactive Transmission Checkbox When TP Has No Transmission]
	at WebDriverRetryListener.retryOnDisconnect(WebDriverRecoveryListener.groovy:32)
	at jdk.internal.reflect.GeneratedMethodAccessor47.invoke(Unknown Source)
	at java.base/jdk.internal.reflect.DelegatingMethodAccessorImpl.invoke(DelegatingMethodAccessorImpl.java:43)
	... 16 more


21-10-2025T19:05:43 - [TEST_STEP][PASSED] - retryCounts[tcId] = currentRetry + 1: null

21-10-2025T19:05:43 - [TEST_STEP][PASSED] - comment(âš  WebDriver disconnected. Retrying test case ($(currentRetry + 1)/$MAX_RETRIES)...): âš  WebDriver disconnected. Retrying test case (1/1)...

21-10-2025T19:05:43 - [MESSAGE][INFO] - âš  WebDriver disconnected. Retrying test case (1/1)...

21-10-2025T19:05:43 - [TEST_STEP][PASSED] - try: Unable to close browser (Root cause: com.kms.katalon.core.exception.StepFailedException: Unable to close browser
	at com.kms.katalon.core.webui.keyword.internal.WebUIKeywordMain.stepFailed(WebUIKeywordMain.groovy:117)
	at com.kms.katalon.core.webui.keyword.internal.WebUIKeywordMain.runKeyword(WebUIKeywordMain.groovy:43)
	at com.kms.katalon.core.webui.keyword.builtin.CloseBrowserKeyword.closeBrowser(CloseBrowserKeyword.groovy:72)
	at com.kms.katalon.core.webui.keyword.builtin.CloseBrowserKeyword.execute(CloseBrowserKeyword.groovy:67)
	at com.kms.katalon.core.keyword.internal.KeywordExecutor.executeKeywordForPlatform(KeywordExecutor.groovy:74)
	at com.kms.katalon.core.webui.keyword.WebUiBuiltInKeywords.closeBrowser(WebUiBuiltInKeywords.groovy:75)
	at com.kms.katalon.core.webui.keyword.WebUiBuiltInKeywords$closeBrowser$17.call(Unknown Source)
	at WebDriverRetryListener.retryOnDisconnect(WebDriverRecoveryListener.groovy:29)
	at jdk.internal.reflect.GeneratedMethodAccessor47.invoke(Unknown Source)
	at java.base/jdk.internal.reflect.DelegatingMethodAccessorImpl.invoke(DelegatingMethodAccessorImpl.java:43)
	at com.kms.katalon.core.context.internal.TestHooker.invokeMethod(TestHooker.java:111)
	at com.kms.katalon.core.context.internal.TestHooker.lambda$3(TestHooker.java:95)
	at com.kms.katalon.core.context.internal.TestHooker.invokeContextMethods(TestHooker.java:94)
	at com.kms.katalon.core.context.internal.TestListenerCollector.lambda$3(TestListenerCollector.java:88)
	at com.kms.katalon.core.context.internal.TestListenerCollector.handleListenerEvent(TestListenerCollector.java:85)
	at com.kms.katalon.core.context.internal.ExecutionEventManager.publicEvent(ExecutionEventManager.java:36)
	at com.kms.katalon.core.main.TestCaseExecutor.execute(TestCaseExecutor.java:315)
	at com.kms.katalon.core.common.CommonExecutor.accessTestCaseMainPhase(CommonExecutor.java:65)
	at com.kms.katalon.core.main.TestSuiteExecutor.accessTestSuiteMainPhase(TestSuiteExecutor.java:150)
	at com.kms.katalon.core.main.TestSuiteExecutor.execute(TestSuiteExecutor.java:106)
	at com.kms.katalon.core.main.TestCaseMain.startTestSuite(TestCaseMain.java:180)
	at com.kms.katalon.core.main.TestCaseMain$startTestSuite$0.call(Unknown Source)
	at TempTestSuite1761084128061.run(TempTestSuite1761084128061.groovy:35)
	at java.base/jdk.internal.reflect.NativeMethodAccessorImpl.invoke0(Native Method)
	at java.base/jdk.internal.reflect.NativeMethodAccessorImpl.invoke(NativeMethodAccessorImpl.java:77)
	at java.base/jdk.internal.reflect.DelegatingMethodAccessorImpl.invoke(DelegatingMethodAccessorImpl.java:43)
Caused by: org.openqa.selenium.WebDriverException: java.net.ConnectException: Failed to connect to localhost/[0:0:0:0:0:0:0:1]:45279
Build info: version: '3.141.59', revision: 'unknown', time: 'unknown'
System info: host: 'DC1ADOBLD01', ip: '10.2.20.71', os.name: 'Windows Server 2019', os.arch: 'amd64', os.version: '10.0', java.version: '17.0.7'
Driver info: driver.version: EventFiringWebDriver
	at org.openqa.selenium.remote.service.DriverCommandExecutor.execute(DriverCommandExecutor.java:92)
	at org.openqa.selenium.remote.RemoteWebDriver.execute(RemoteWebDriver.java:552)
	at com.kms.katalon.selenium.driver.CChromeDriver.execute(CChromeDriver.java:19)
	at org.openqa.selenium.remote.RemoteWebDriver.execute(RemoteWebDriver.java:609)
	at org.openqa.selenium.remote.RemoteWebDriver.quit(RemoteWebDriver.java:452)
	at jdk.internal.reflect.GeneratedMethodAccessor46.invoke(Unknown Source)
	at java.base/jdk.internal.reflect.DelegatingMethodAccessorImpl.invoke(DelegatingMethodAccessorImpl.java:43)
	at org.openqa.selenium.support.events.EventFiringWebDriver.lambda$new$1(EventFiringWebDriver.java:105)
	at jdk.proxy2/jdk.proxy2.$Proxy26.quit(Unknown Source)
	at org.openqa.selenium.support.events.EventFiringWebDriver.quit(EventFiringWebDriver.java:211)
	at com.kms.katalon.core.webui.driver.DriverFactory.closeWebDriver(DriverFactory.java:1608)
	at com.kms.katalon.core.webui.keyword.builtin.CloseBrowserKeyword$_closeBrowser_closure1.doCall(CloseBrowserKeyword.groovy:74)
	at com.kms.katalon.core.webui.keyword.builtin.CloseBrowserKeyword$_closeBrowser_closure1.call(CloseBrowserKeyword.groovy)
	at com.kms.katalon.core.webui.keyword.internal.WebUIKeywordMain.runKeyword(WebUIKeywordMain.groovy:35)
	... 24 more
Caused by: java.net.ConnectException: Failed to connect to localhost/[0:0:0:0:0:0:0:1]:45279
	at okhttp3.internal.connection.RealConnection.connectSocket(RealConnection.java:247)
	at okhttp3.internal.connection.RealConnection.connect(RealConnection.java:165)
	at okhttp3.internal.connection.StreamAllocation.findConnection(StreamAllocation.java:257)
	at okhttp3.internal.connection.StreamAllocation.findHealthyConnection(StreamAllocation.java:135)
	at okhttp3.internal.connection.StreamAllocation.newStream(StreamAllocation.java:114)
	at okhttp3.internal.connection.ConnectInterceptor.intercept(ConnectInterceptor.java:42)
	at okhttp3.internal.http.RealInterceptorChain.proceed(RealInterceptorChain.java:147)
	at okhttp3.internal.http.RealInterceptorChain.proceed(RealInterceptorChain.java:121)
	at okhttp3.internal.cache.CacheInterceptor.intercept(CacheInterceptor.java:93)
	at okhttp3.internal.http.RealInterceptorChain.proceed(RealInterceptorChain.java:147)
	at okhttp3.internal.http.RealInterceptorChain.proceed(RealInterceptorChain.java:121)
	at okhttp3.internal.http.BridgeInterceptor.intercept(BridgeInterceptor.java:93)
	at okhttp3.internal.http.RealInterceptorChain.proceed(RealInterceptorChain.java:147)
	at okhttp3.internal.http.RetryAndFollowUpInterceptor.intercept(RetryAndFollowUpInterceptor.java:126)
	at okhttp3.internal.http.RealInterceptorChain.proceed(RealInterceptorChain.java:147)
	at okhttp3.internal.http.RealInterceptorChain.proceed(RealInterceptorChain.java:121)
	at okhttp3.RealCall.getResponseWithInterceptorChain(RealCall.java:200)
	at okhttp3.RealCall.execute(RealCall.java:77)
	at org.openqa.selenium.remote.internal.OkHttpClient.execute(OkHttpClient.java:103)
	at org.openqa.selenium.remote.HttpCommandExecutor.execute(HttpCommandExecutor.java:155)
	at org.openqa.selenium.remote.service.DriverCommandExecutor.execute(DriverCommandExecutor.java:83)
	... 37 more
Caused by: java.net.ConnectException: Connection refused: no further information
	at okhttp3.internal.platform.Platform.connectSocket(Platform.java:129)
	at okhttp3.internal.connection.RealConnection.connectSocket(RealConnection.java:245)
	... 57 more
)

21-10-2025T19:05:43 - [TEST_STEP][PASSED] - closeBrowser(OPTIONAL): Unable to close browser (Root cause: com.kms.katalon.core.exception.StepFailedException: Unable to close browser
	at com.kms.katalon.core.webui.keyword.internal.WebUIKeywordMain.stepFailed(WebUIKeywordMain.groovy:117)
	at com.kms.katalon.core.webui.keyword.internal.WebUIKeywordMain.runKeyword(WebUIKeywordMain.groovy:43)
	at com.kms.katalon.core.webui.keyword.builtin.CloseBrowserKeyword.closeBrowser(CloseBrowserKeyword.groovy:72)
	at com.kms.katalon.core.webui.keyword.builtin.CloseBrowserKeyword.execute(CloseBrowserKeyword.groovy:67)
	at com.kms.katalon.core.keyword.internal.KeywordExecutor.executeKeywordForPlatform(KeywordExecutor.groovy:74)
	at com.kms.katalon.core.webui.keyword.WebUiBuiltInKeywords.closeBrowser(WebUiBuiltInKeywords.groovy:75)
	at com.kms.katalon.core.webui.keyword.WebUiBuiltInKeywords$closeBrowser$17.call(Unknown Source)
	at WebDriverRetryListener.retryOnDisconnect(WebDriverRecoveryListener.groovy:29)
	at jdk.internal.reflect.GeneratedMethodAccessor47.invoke(Unknown Source)
	at java.base/jdk.internal.reflect.DelegatingMethodAccessorImpl.invoke(DelegatingMethodAccessorImpl.java:43)
	at com.kms.katalon.core.context.internal.TestHooker.invokeMethod(TestHooker.java:111)
	at com.kms.katalon.core.context.internal.TestHooker.lambda$3(TestHooker.java:95)
	at com.kms.katalon.core.context.internal.TestHooker.invokeContextMethods(TestHooker.java:94)
	at com.kms.katalon.core.context.internal.TestListenerCollector.lambda$3(TestListenerCollector.java:88)
	at com.kms.katalon.core.context.internal.TestListenerCollector.handleListenerEvent(TestListenerCollector.java:85)
	at com.kms.katalon.core.context.internal.ExecutionEventManager.publicEvent(ExecutionEventManager.java:36)
	at com.kms.katalon.core.main.TestCaseExecutor.execute(TestCaseExecutor.java:315)
	at com.kms.katalon.core.common.CommonExecutor.accessTestCaseMainPhase(CommonExecutor.java:65)
	at com.kms.katalon.core.main.TestSuiteExecutor.accessTestSuiteMainPhase(TestSuiteExecutor.java:150)
	at com.kms.katalon.core.main.TestSuiteExecutor.execute(TestSuiteExecutor.java:106)
	at com.kms.katalon.core.main.TestCaseMain.startTestSuite(TestCaseMain.java:180)
	at com.kms.katalon.core.main.TestCaseMain$startTestSuite$0.call(Unknown Source)
	at TempTestSuite1761084128061.run(TempTestSuite1761084128061.groovy:35)
	at java.base/jdk.internal.reflect.NativeMethodAccessorImpl.invoke0(Native Method)
	at java.base/jdk.internal.reflect.NativeMethodAccessorImpl.invoke(NativeMethodAccessorImpl.java:77)
	at java.base/jdk.internal.reflect.DelegatingMethodAccessorImpl.invoke(DelegatingMethodAccessorImpl.java:43)
Caused by: org.openqa.selenium.WebDriverException: java.net.ConnectException: Failed to connect to localhost/[0:0:0:0:0:0:0:1]:45279
Build info: version: '3.141.59', revision: 'unknown', time: 'unknown'
System info: host: 'DC1ADOBLD01', ip: '10.2.20.71', os.name: 'Windows Server 2019', os.arch: 'amd64', os.version: '10.0', java.version: '17.0.7'
Driver info: driver.version: EventFiringWebDriver
	at org.openqa.selenium.remote.service.DriverCommandExecutor.execute(DriverCommandExecutor.java:92)
	at org.openqa.selenium.remote.RemoteWebDriver.execute(RemoteWebDriver.java:552)
	at com.kms.katalon.selenium.driver.CChromeDriver.execute(CChromeDriver.java:19)
	at org.openqa.selenium.remote.RemoteWebDriver.execute(RemoteWebDriver.java:609)
	at org.openqa.selenium.remote.RemoteWebDriver.quit(RemoteWebDriver.java:452)
	at jdk.internal.reflect.GeneratedMethodAccessor46.invoke(Unknown Source)
	at java.base/jdk.internal.reflect.DelegatingMethodAccessorImpl.invoke(DelegatingMethodAccessorImpl.java:43)
	at org.openqa.selenium.support.events.EventFiringWebDriver.lambda$new$1(EventFiringWebDriver.java:105)
	at jdk.proxy2/jdk.proxy2.$Proxy26.quit(Unknown Source)
	at org.openqa.selenium.support.events.EventFiringWebDriver.quit(EventFiringWebDriver.java:211)
	at com.kms.katalon.core.webui.driver.DriverFactory.closeWebDriver(DriverFactory.java:1608)
	at com.kms.katalon.core.webui.keyword.builtin.CloseBrowserKeyword$_closeBrowser_closure1.doCall(CloseBrowserKeyword.groovy:74)
	at com.kms.katalon.core.webui.keyword.builtin.CloseBrowserKeyword$_closeBrowser_closure1.call(CloseBrowserKeyword.groovy)
	at com.kms.katalon.core.webui.keyword.internal.WebUIKeywordMain.runKeyword(WebUIKeywordMain.groovy:35)
	... 24 more
Caused by: java.net.ConnectException: Failed to connect to localhost/[0:0:0:0:0:0:0:1]:45279
	at okhttp3.internal.connection.RealConnection.connectSocket(RealConnection.java:247)
	at okhttp3.internal.connection.RealConnection.connect(RealConnection.java:165)
	at okhttp3.internal.connection.StreamAllocation.findConnection(StreamAllocation.java:257)
	at okhttp3.internal.connection.StreamAllocation.findHealthyConnection(StreamAllocation.java:135)
	at okhttp3.internal.connection.StreamAllocation.newStream(StreamAllocation.java:114)
	at okhttp3.internal.connection.ConnectInterceptor.intercept(ConnectInterceptor.java:42)
	at okhttp3.internal.http.RealInterceptorChain.proceed(RealInterceptorChain.java:147)
	at okhttp3.internal.http.RealInterceptorChain.proceed(RealInterceptorChain.java:121)
	at okhttp3.internal.cache.CacheInterceptor.intercept(CacheInterceptor.java:93)
	at okhttp3.internal.http.RealInterceptorChain.proceed(RealInterceptorChain.java:147)
	at okhttp3.internal.http.RealInterceptorChain.proceed(RealInterceptorChain.java:121)
	at okhttp3.internal.http.BridgeInterceptor.intercept(BridgeInterceptor.java:93)
	at okhttp3.internal.http.RealInterceptorChain.proceed(RealInterceptorChain.java:147)
	at okhttp3.internal.http.RetryAndFollowUpInterceptor.intercept(RetryAndFollowUpInterceptor.java:126)
	at okhttp3.internal.http.RealInterceptorChain.proceed(RealInterceptorChain.java:147)
	at okhttp3.internal.http.RealInterceptorChain.proceed(RealInterceptorChain.java:121)
	at okhttp3.RealCall.getResponseWithInterceptorChain(RealCall.java:200)
	at okhttp3.RealCall.execute(RealCall.java:77)
	at org.openqa.selenium.remote.internal.OkHttpClient.execute(OkHttpClient.java:103)
	at org.openqa.selenium.remote.HttpCommandExecutor.execute(HttpCommandExecutor.java:155)
	at org.openqa.selenium.remote.service.DriverCommandExecutor.execute(DriverCommandExecutor.java:83)
	... 37 more
Caused by: java.net.ConnectException: Connection refused: no further information
	at okhttp3.internal.platform.Platform.connectSocket(Platform.java:129)
	at okhttp3.internal.connection.RealConnection.connectSocket(RealConnection.java:245)
	... 57 more
)

21-10-2025T19:05:43 - [MESSAGE][WARNING] - Unable to close browser (Root cause: com.kms.katalon.core.exception.StepFailedException: Unable to close browser
	at com.kms.katalon.core.webui.keyword.internal.WebUIKeywordMain.stepFailed(WebUIKeywordMain.groovy:117)
	at com.kms.katalon.core.webui.keyword.internal.WebUIKeywordMain.runKeyword(WebUIKeywordMain.groovy:43)
	at com.kms.katalon.core.webui.keyword.builtin.CloseBrowserKeyword.closeBrowser(CloseBrowserKeyword.groovy:72)
	at com.kms.katalon.core.webui.keyword.builtin.CloseBrowserKeyword.execute(CloseBrowserKeyword.groovy:67)
	at com.kms.katalon.core.keyword.internal.KeywordExecutor.executeKeywordForPlatform(KeywordExecutor.groovy:74)
	at com.kms.katalon.core.webui.keyword.WebUiBuiltInKeywords.closeBrowser(WebUiBuiltInKeywords.groovy:75)
	at com.kms.katalon.core.webui.keyword.WebUiBuiltInKeywords$closeBrowser$17.call(Unknown Source)
	at WebDriverRetryListener.retryOnDisconnect(WebDriverRecoveryListener.groovy:29)
	at jdk.internal.reflect.GeneratedMethodAccessor47.invoke(Unknown Source)
	at java.base/jdk.internal.reflect.DelegatingMethodAccessorImpl.invoke(DelegatingMethodAccessorImpl.java:43)
	at com.kms.katalon.core.context.internal.TestHooker.invokeMethod(TestHooker.java:111)
	at com.kms.katalon.core.context.internal.TestHooker.lambda$3(TestHooker.java:95)
	at com.kms.katalon.core.context.internal.TestHooker.invokeContextMethods(TestHooker.java:94)
	at com.kms.katalon.core.context.internal.TestListenerCollector.lambda$3(TestListenerCollector.java:88)
	at com.kms.katalon.core.context.internal.TestListenerCollector.handleListenerEvent(TestListenerCollector.java:85)
	at com.kms.katalon.core.context.internal.ExecutionEventManager.publicEvent(ExecutionEventManager.java:36)
	at com.kms.katalon.core.main.TestCaseExecutor.execute(TestCaseExecutor.java:315)
	at com.kms.katalon.core.common.CommonExecutor.accessTestCaseMainPhase(CommonExecutor.java:65)
	at com.kms.katalon.core.main.TestSuiteExecutor.accessTestSuiteMainPhase(TestSuiteExecutor.java:150)
	at com.kms.katalon.core.main.TestSuiteExecutor.execute(TestSuiteExecutor.java:106)
	at com.kms.katalon.core.main.TestCaseMain.startTestSuite(TestCaseMain.java:180)
	at com.kms.katalon.core.main.TestCaseMain$startTestSuite$0.call(Unknown Source)
	at TempTestSuite1761084128061.run(TempTestSuite1761084128061.groovy:35)
	at java.base/jdk.internal.reflect.NativeMethodAccessorImpl.invoke0(Native Method)
	at java.base/jdk.internal.reflect.NativeMethodAccessorImpl.invoke(NativeMethodAccessorImpl.java:77)
	at java.base/jdk.internal.reflect.DelegatingMethodAccessorImpl.invoke(DelegatingMethodAccessorImpl.java:43)
Caused by: org.openqa.selenium.WebDriverException: java.net.ConnectException: Failed to connect to localhost/[0:0:0:0:0:0:0:1]:45279
Build info: version: '3.141.59', revision: 'unknown', time: 'unknown'
System info: host: 'DC1ADOBLD01', ip: '10.2.20.71', os.name: 'Windows Server 2019', os.arch: 'amd64', os.version: '10.0', java.version: '17.0.7'
Driver info: driver.version: EventFiringWebDriver
	at org.openqa.selenium.remote.service.DriverCommandExecutor.execute(DriverCommandExecutor.java:92)
	at org.openqa.selenium.remote.RemoteWebDriver.execute(RemoteWebDriver.java:552)
	at com.kms.katalon.selenium.driver.CChromeDriver.execute(CChromeDriver.java:19)
	at org.openqa.selenium.remote.RemoteWebDriver.execute(RemoteWebDriver.java:609)
	at org.openqa.selenium.remote.RemoteWebDriver.quit(RemoteWebDriver.java:452)
	at jdk.internal.reflect.GeneratedMethodAccessor46.invoke(Unknown Source)
	at java.base/jdk.internal.reflect.DelegatingMethodAccessorImpl.invoke(DelegatingMethodAccessorImpl.java:43)
	at org.openqa.selenium.support.events.EventFiringWebDriver.lambda$new$1(EventFiringWebDriver.java:105)
	at jdk.proxy2/jdk.proxy2.$Proxy26.quit(Unknown Source)
	at org.openqa.selenium.support.events.EventFiringWebDriver.quit(EventFiringWebDriver.java:211)
	at com.kms.katalon.core.webui.driver.DriverFactory.closeWebDriver(DriverFactory.java:1608)
	at com.kms.katalon.core.webui.keyword.builtin.CloseBrowserKeyword$_closeBrowser_closure1.doCall(CloseBrowserKeyword.groovy:74)
	at com.kms.katalon.core.webui.keyword.builtin.CloseBrowserKeyword$_closeBrowser_closure1.call(CloseBrowserKeyword.groovy)
	at com.kms.katalon.core.webui.keyword.internal.WebUIKeywordMain.runKeyword(WebUIKeywordMain.groovy:35)
	... 24 more
Caused by: java.net.ConnectException: Failed to connect to localhost/[0:0:0:0:0:0:0:1]:45279
	at okhttp3.internal.connection.RealConnection.connectSocket(RealConnection.java:247)
	at okhttp3.internal.connection.RealConnection.connect(RealConnection.java:165)
	at okhttp3.internal.connection.StreamAllocation.findConnection(StreamAllocation.java:257)
	at okhttp3.internal.connection.StreamAllocation.findHealthyConnection(StreamAllocation.java:135)
	at okhttp3.internal.connection.StreamAllocation.newStream(StreamAllocation.java:114)
	at okhttp3.internal.connection.ConnectInterceptor.intercept(ConnectInterceptor.java:42)
	at okhttp3.internal.http.RealInterceptorChain.proceed(RealInterceptorChain.java:147)
	at okhttp3.internal.http.RealInterceptorChain.proceed(RealInterceptorChain.java:121)
	at okhttp3.internal.cache.CacheInterceptor.intercept(CacheInterceptor.java:93)
	at okhttp3.internal.http.RealInterceptorChain.proceed(RealInterceptorChain.java:147)
	at okhttp3.internal.http.RealInterceptorChain.proceed(RealInterceptorChain.java:121)
	at okhttp3.internal.http.BridgeInterceptor.intercept(BridgeInterceptor.java:93)
	at okhttp3.internal.http.RealInterceptorChain.proceed(RealInterceptorChain.java:147)
	at okhttp3.internal.http.RetryAndFollowUpInterceptor.intercept(RetryAndFollowUpInterceptor.java:126)
	at okhttp3.internal.http.RealInterceptorChain.proceed(RealInterceptorChain.java:147)
	at okhttp3.internal.http.RealInterceptorChain.proceed(RealInterceptorChain.java:121)
	at okhttp3.RealCall.getResponseWithInterceptorChain(RealCall.java:200)
	at okhttp3.RealCall.execute(RealCall.java:77)
	at org.openqa.selenium.remote.internal.OkHttpClient.execute(OkHttpClient.java:103)
	at org.openqa.selenium.remote.HttpCommandExecutor.execute(HttpCommandExecutor.java:155)
	at org.openqa.selenium.remote.service.DriverCommandExecutor.execute(DriverCommandExecutor.java:83)
	... 37 more
Caused by: java.net.ConnectException: Connection refused: no further information
	at okhttp3.internal.platform.Platform.connectSocket(Platform.java:129)
	at okhttp3.internal.connection.RealConnection.connectSocket(RealConnection.java:245)
	... 57 more
)

21-10-2025T19:05:43 - [TEST_STEP][ERROR] - callTestCase(findTestCase(tcId), [:], STOP_ON_FAILURE): org.codehaus.groovy.runtime.InvokerInvocationException: groovy.lang.MissingMethodException: No signature of method: WebDriverRetryListener.findTestCase() is applicable for argument types: (String) values: [Test Cases/DES/Trading Partners Page/Subscription/Verify Hidden Inactive Transmission Checkbox When TP Has No Transmission]
	at com.kms.katalon.core.context.internal.TestHooker.invokeMethod(TestHooker.java:111)
	at com.kms.katalon.core.context.internal.TestHooker.lambda$3(TestHooker.java:95)
	at com.kms.katalon.core.context.internal.TestHooker.invokeContextMethods(TestHooker.java:94)
	at com.kms.katalon.core.context.internal.TestListenerCollector.lambda$3(TestListenerCollector.java:88)
	at com.kms.katalon.core.context.internal.TestListenerCollector.handleListenerEvent(TestListenerCollector.java:85)
	at com.kms.katalon.core.context.internal.ExecutionEventManager.publicEvent(ExecutionEventManager.java:36)
	at com.kms.katalon.core.main.TestCaseExecutor.execute(TestCaseExecutor.java:315)
	at com.kms.katalon.core.common.CommonExecutor.accessTestCaseMainPhase(CommonExecutor.java:65)
	at com.kms.katalon.core.main.TestSuiteExecutor.accessTestSuiteMainPhase(TestSuiteExecutor.java:150)
	at com.kms.katalon.core.main.TestSuiteExecutor.execute(TestSuiteExecutor.java:106)
	at com.kms.katalon.core.main.TestCaseMain.startTestSuite(TestCaseMain.java:180)
	at com.kms.katalon.core.main.TestCaseMain$startTestSuite$0.call(Unknown Source)
	at TempTestSuite1761084128061.run(TempTestSuite1761084128061.groovy:35)
	at java.base/jdk.internal.reflect.NativeMethodAccessorImpl.invoke0(Native Method)
	at java.base/jdk.internal.reflect.NativeMethodAccessorImpl.invoke(NativeMethodAccessorImpl.java:77)
	at java.base/jdk.internal.reflect.DelegatingMethodAccessorImpl.invoke(DelegatingMethodAccessorImpl.java:43)
Caused by: groovy.lang.MissingMethodException: No signature of method: WebDriverRetryListener.findTestCase() is applicable for argument types: (String) values: [Test Cases/DES/Trading Partners Page/Subscription/Verify Hidden Inactive Transmission Checkbox When TP Has No Transmission]
	at WebDriverRetryListener.retryOnDisconnect(WebDriverRecoveryListener.groovy:32)
	at jdk.internal.reflect.GeneratedMethodAccessor47.invoke(Unknown Source)
	at java.base/jdk.internal.reflect.DelegatingMethodAccessorImpl.invoke(DelegatingMethodAccessorImpl.java:43)
	... 16 more


21-10-2025T19:05:43 - [MESSAGE][ERROR] - org.codehaus.groovy.runtime.InvokerInvocationException: groovy.lang.MissingMethodException: No signature of method: WebDriverRetryListener.findTestCase() is applicable for argument types: (String) values: [Test Cases/DES/Trading Partners Page/Subscription/Verify Hidden Inactive Transmission Checkbox When TP Has No Transmission]
	at com.kms.katalon.core.context.internal.TestHooker.invokeMethod(TestHooker.java:111)
	at com.kms.katalon.core.context.internal.TestHooker.lambda$3(TestHooker.java:95)
	at com.kms.katalon.core.context.internal.TestHooker.invokeContextMethods(TestHooker.java:94)
	at com.kms.katalon.core.context.internal.TestListenerCollector.lambda$3(TestListenerCollector.java:88)
	at com.kms.katalon.core.context.internal.TestListenerCollector.handleListenerEvent(TestListenerCollector.java:85)
	at com.kms.katalon.core.context.internal.ExecutionEventManager.publicEvent(ExecutionEventManager.java:36)
	at com.kms.katalon.core.main.TestCaseExecutor.execute(TestCaseExecutor.java:315)
	at com.kms.katalon.core.common.CommonExecutor.accessTestCaseMainPhase(CommonExecutor.java:65)
	at com.kms.katalon.core.main.TestSuiteExecutor.accessTestSuiteMainPhase(TestSuiteExecutor.java:150)
	at com.kms.katalon.core.main.TestSuiteExecutor.execute(TestSuiteExecutor.java:106)
	at com.kms.katalon.core.main.TestCaseMain.startTestSuite(TestCaseMain.java:180)
	at com.kms.katalon.core.main.TestCaseMain$startTestSuite$0.call(Unknown Source)
	at TempTestSuite1761084128061.run(TempTestSuite1761084128061.groovy:35)
	at java.base/jdk.internal.reflect.NativeMethodAccessorImpl.invoke0(Native Method)
	at java.base/jdk.internal.reflect.NativeMethodAccessorImpl.invoke(NativeMethodAccessorImpl.java:77)
	at java.base/jdk.internal.reflect.DelegatingMethodAccessorImpl.invoke(DelegatingMethodAccessorImpl.java:43)
Caused by: groovy.lang.MissingMethodException: No signature of method: WebDriverRetryListener.findTestCase() is applicable for argument types: (String) values: [Test Cases/DES/Trading Partners Page/Subscription/Verify Hidden Inactive Transmission Checkbox When TP Has No Transmission]
	at WebDriverRetryListener.retryOnDisconnect(WebDriverRecoveryListener.groovy:32)
	at jdk.internal.reflect.GeneratedMethodAccessor47.invoke(Unknown Source)
	at java.base/jdk.internal.reflect.DelegatingMethodAccessorImpl.invoke(DelegatingMethodAccessorImpl.java:43)
	... 16 more]]></system-out>
         <system-err><![CDATA[21-10-2025T19:05:32 - [TEST_CASE][FAILED] - Test Cases/DES/Trading Partners Page/Subscription/Verify Hidden Inactive Transmission Checkbox When TP Has No Transmission: Test Cases/DES/Trading Partners Page/Subscription/Verify Hidden Inactive Transmission Checkbox When TP Has No Transmission FAILED.
Reason:
com.kms.katalon.core.exception.StepFailedException: Call Test Case 'Test Cases/DES/DES Login' failed
	at com.kms.katalon.core.keyword.builtin.CallTestCaseKeyword$_callTestCase_closure1.doCall(CallTestCaseKeyword.groovy:63)
	at com.kms.katalon.core.keyword.builtin.CallTestCaseKeyword$_callTestCase_closure1.call(CallTestCaseKeyword.groovy)
	at com.kms.katalon.core.keyword.internal.KeywordMain.runKeyword(KeywordMain.groovy:75)
	at com.kms.katalon.core.keyword.builtin.CallTestCaseKeyword.callTestCase(CallTestCaseKeyword.groovy:81)
	at com.kms.katalon.core.keyword.builtin.CallTestCaseKeyword.execute(CallTestCaseKeyword.groovy:44)
	at com.kms.katalon.core.keyword.internal.KeywordExecutor.executeKeywordForPlatform(KeywordExecutor.groovy:74)
	at com.kms.katalon.core.keyword.BuiltinKeywords.callTestCase(BuiltinKeywords.groovy:310)
	at jdk.internal.reflect.GeneratedMethodAccessor41.invoke(Unknown Source)
	at java.base/jdk.internal.reflect.DelegatingMethodAccessorImpl.invoke(DelegatingMethodAccessorImpl.java:43)
	at Verify Hidden Inactive Transmission Checkbox When TP Has No Transmission.run(Verify Hidden Inactive Transmission Checkbox When TP Has No Transmission:20)
	at com.kms.katalon.core.main.ScriptEngine.run(ScriptEngine.java:194)
	at com.kms.katalon.core.main.ScriptEngine.runScriptAsRawText(ScriptEngine.java:119)
	at com.kms.katalon.core.main.TestCaseExecutor.runScript(TestCaseExecutor.java:448)
	at com.kms.katalon.core.main.TestCaseExecutor.doExecute(TestCaseExecutor.java:439)
	at com.kms.katalon.core.main.TestCaseExecutor.processExecutionPhase(TestCaseExecutor.java:418)
	at com.kms.katalon.core.main.TestCaseExecutor.accessMainPhase(TestCaseExecutor.java:410)
	at com.kms.katalon.core.main.TestCaseExecutor.execute(TestCaseExecutor.java:285)
	at com.kms.katalon.core.common.CommonExecutor.accessTestCaseMainPhase(CommonExecutor.java:65)
	at com.kms.katalon.core.main.TestSuiteExecutor.accessTestSuiteMainPhase(TestSuiteExecutor.java:150)
	at com.kms.katalon.core.main.TestSuiteExecutor.execute(TestSuiteExecutor.java:106)
	at com.kms.katalon.core.main.TestCaseMain.startTestSuite(TestCaseMain.java:180)
	at com.kms.katalon.core.main.TestCaseMain$startTestSuite$0.call(Unknown Source)
	at TempTestSuite1761084128061.run(TempTestSuite1761084128061.groovy:35)
	at java.base/jdk.internal.reflect.NativeMethodAccessorImpl.invoke0(Native Method)
	at java.base/jdk.internal.reflect.NativeMethodAccessorImpl.invoke(NativeMethodAccessorImpl.java:77)
	at java.base/jdk.internal.reflect.DelegatingMethodAccessorImpl.invoke(DelegatingMethodAccessorImpl.java:43)
Caused by: com.kms.katalon.core.exception.StepFailedException: Unable to navigate to 'https://dx-portal.qa.thekag.com/'
	at com.kms.katalon.core.webui.keyword.internal.WebUIKeywordMain.stepFailed(WebUIKeywordMain.groovy:117)
	at com.kms.katalon.core.webui.keyword.internal.WebUIKeywordMain.runKeyword(WebUIKeywordMain.groovy:43)
	at com.kms.katalon.core.webui.keyword.builtin.NavigateToUrlKeyword.navigateToUrl(NavigateToUrlKeyword.groovy:83)
	at com.kms.katalon.core.webui.keyword.builtin.NavigateToUrlKeyword.execute(NavigateToUrlKeyword.groovy:67)
	at com.kms.katalon.core.keyword.internal.KeywordExecutor.executeKeywordForPlatform(KeywordExecutor.groovy:74)
	at com.kms.katalon.core.webui.keyword.WebUiBuiltInKeywords.navigateToUrl(WebUiBuiltInKeywords.groovy:187)
	at com.kms.katalon.core.webui.keyword.WebUiBuiltInKeywords$navigateToUrl$1.call(Unknown Source)
	at DES Login.run(DES Login:26)
	at com.kms.katalon.core.main.ScriptEngine.run(ScriptEngine.java:194)
	at com.kms.katalon.core.main.ScriptEngine.runScriptAsRawText(ScriptEngine.java:119)
	at com.kms.katalon.core.main.TestCaseExecutor.runScript(TestCaseExecutor.java:448)
	at com.kms.katalon.core.main.TestCaseExecutor.doExecute(TestCaseExecutor.java:439)
	at com.kms.katalon.core.main.TestCaseExecutor.processExecutionPhase(TestCaseExecutor.java:418)
	at com.kms.katalon.core.main.TestCaseExecutor.accessMainPhase(TestCaseExecutor.java:410)
	at com.kms.katalon.core.main.TestCaseExecutor.execute(TestCaseExecutor.java:285)
	at com.kms.katalon.core.main.TestCaseMain.runTestCase(TestCaseMain.java:137)
	at com.kms.katalon.core.keyword.builtin.CallTestCaseKeyword$_callTestCase_closure1.doCall(CallTestCaseKeyword.groovy:59)
	... 25 more
Caused by: org.openqa.selenium.WebDriverException: java.net.ConnectException: Failed to connect to localhost/[0:0:0:0:0:0:0:1]:45279
Build info: version: '3.141.59', revision: 'unknown', time: 'unknown'
System info: host: 'DC1ADOBLD01', ip: '10.2.20.71', os.name: 'Windows Server 2019', os.arch: 'amd64', os.version: '10.0', java.version: '17.0.7'
Driver info: driver.version: RemoteWebDriver
	at org.openqa.selenium.remote.service.DriverCommandExecutor.execute(DriverCommandExecutor.java:92)
	at org.openqa.selenium.remote.RemoteWebDriver.execute(RemoteWebDriver.java:552)
	at com.kms.katalon.selenium.driver.CChromeDriver.execute(CChromeDriver.java:19)
	at org.openqa.selenium.remote.RemoteWebDriver.get(RemoteWebDriver.java:277)
	at org.openqa.selenium.remote.RemoteWebDriver$RemoteNavigation.to(RemoteWebDriver.java:857)
	at org.openqa.selenium.support.events.EventFiringWebDriver$EventFiringNavigation.to(EventFiringWebDriver.java:569)
	at com.kms.katalon.core.webui.keyword.builtin.NavigateToUrlKeyword$_navigateToUrl_closure1.doCall(NavigateToUrlKeyword.groovy:81)
	at com.kms.katalon.core.webui.keyword.builtin.NavigateToUrlKeyword$_navigateToUrl_closure1.call(NavigateToUrlKeyword.groovy)
	at com.kms.katalon.core.webui.keyword.internal.WebUIKeywordMain.runKeyword(WebUIKeywordMain.groovy:35)
	at com.kms.katalon.core.webui.keyword.builtin.NavigateToUrlKeyword.navigateToUrl(NavigateToUrlKeyword.groovy:83)
	at com.kms.katalon.core.webui.keyword.builtin.NavigateToUrlKeyword.execute(NavigateToUrlKeyword.groovy:67)
	at com.kms.katalon.core.keyword.internal.KeywordExecutor.executeKeywordForPlatform(KeywordExecutor.groovy:74)
	at com.kms.katalon.core.webui.keyword.WebUiBuiltInKeywords.navigateToUrl(WebUiBuiltInKeywords.groovy:187)
	at com.kms.katalon.core.webui.keyword.WebUiBuiltInKeywords$navigateToUrl$1.call(Unknown Source)
	at Script1749499513693.run(Script1749499513693.groovy:26)
	at com.kms.katalon.core.main.ScriptEngine.run(ScriptEngine.java:194)
	at com.kms.katalon.core.main.ScriptEngine.runScriptAsRawText(ScriptEngine.java:119)
	at com.kms.katalon.core.main.TestCaseExecutor.runScript(TestCaseExecutor.java:448)
	at com.kms.katalon.core.main.TestCaseExecutor.doExecute(TestCaseExecutor.java:439)
	at com.kms.katalon.core.main.TestCaseExecutor.processExecutionPhase(TestCaseExecutor.java:418)
	at com.kms.katalon.core.main.TestCaseExecutor.accessMainPhase(TestCaseExecutor.java:410)
	at com.kms.katalon.core.main.TestCaseExecutor.execute(TestCaseExecutor.java:285)
	at com.kms.katalon.core.main.TestCaseMain.runTestCase(TestCaseMain.java:137)
	at com.kms.katalon.core.keyword.builtin.CallTestCaseKeyword$_callTestCase_closure1.doCall(CallTestCaseKeyword.groovy:59)
	at com.kms.katalon.core.keyword.builtin.CallTestCaseKeyword$_callTestCase_closure1.call(CallTestCaseKeyword.groovy)
	at com.kms.katalon.core.keyword.internal.KeywordMain.runKeyword(KeywordMain.groovy:75)
	at com.kms.katalon.core.keyword.builtin.CallTestCaseKeyword.callTestCase(CallTestCaseKeyword.groovy:81)
	at com.kms.katalon.core.keyword.builtin.CallTestCaseKeyword.execute(CallTestCaseKeyword.groovy:44)
	at com.kms.katalon.core.keyword.internal.KeywordExecutor.executeKeywordForPlatform(KeywordExecutor.groovy:74)
	at com.kms.katalon.core.keyword.BuiltinKeywords.callTestCase(BuiltinKeywords.groovy:310)
	at jdk.internal.reflect.GeneratedMethodAccessor41.invoke(Unknown Source)
	at java.base/jdk.internal.reflect.DelegatingMethodAccessorImpl.invoke(DelegatingMethodAccessorImpl.java:43)
	at Script1684533498818.run(Script1684533498818.groovy:20)
	... 16 more
Caused by: java.net.ConnectException: Failed to connect to localhost/[0:0:0:0:0:0:0:1]:45279
	at okhttp3.internal.connection.RealConnection.connectSocket(RealConnection.java:247)
	at okhttp3.internal.connection.RealConnection.connect(RealConnection.java:165)
	at okhttp3.internal.connection.StreamAllocation.findConnection(StreamAllocation.java:257)
	at okhttp3.internal.connection.StreamAllocation.findHealthyConnection(StreamAllocation.java:135)
	at okhttp3.internal.connection.StreamAllocation.newStream(StreamAllocation.java:114)
	at okhttp3.internal.connection.ConnectInterceptor.intercept(ConnectInterceptor.java:42)
	at okhttp3.internal.http.RealInterceptorChain.proceed(RealInterceptorChain.java:147)
	at okhttp3.internal.http.RealInterceptorChain.proceed(RealInterceptorChain.java:121)
	at okhttp3.internal.cache.CacheInterceptor.intercept(CacheInterceptor.java:93)
	at okhttp3.internal.http.RealInterceptorChain.proceed(RealInterceptorChain.java:147)
	at okhttp3.internal.http.RealInterceptorChain.proceed(RealInterceptorChain.java:121)
	at okhttp3.internal.http.BridgeInterceptor.intercept(BridgeInterceptor.java:93)
	at okhttp3.internal.http.RealInterceptorChain.proceed(RealInterceptorChain.java:147)
	at okhttp3.internal.http.RetryAndFollowUpInterceptor.intercept(RetryAndFollowUpInterceptor.java:126)
	at okhttp3.internal.http.RealInterceptorChain.proceed(RealInterceptorChain.java:147)
	at okhttp3.internal.http.RealInterceptorChain.proceed(RealInterceptorChain.java:121)
	at okhttp3.RealCall.getResponseWithInterceptorChain(RealCall.java:200)
	at okhttp3.RealCall.execute(RealCall.java:77)
	at org.openqa.selenium.remote.internal.OkHttpClient.execute(OkHttpClient.java:103)
	at org.openqa.selenium.remote.HttpCommandExecutor.execute(HttpCommandExecutor.java:155)
	at org.openqa.selenium.remote.service.DriverCommandExecutor.execute(DriverCommandExecutor.java:83)
	... 48 more
Caused by: java.net.ConnectException: Connection refused: no further information
	at okhttp3.internal.platform.Platform.connectSocket(Platform.java:129)
	at okhttp3.internal.connection.RealConnection.connectSocket(RealConnection.java:245)
	at okhttp3.internal.connection.RealConnection.connect(RealConnection.java:165)
	at okhttp3.internal.connection.StreamAllocation.findConnection(StreamAllocation.java:257)
	at okhttp3.internal.connection.StreamAllocation.findHealthyConnection(StreamAllocation.java:135)
	at okhttp3.internal.connection.StreamAllocation.newStream(StreamAllocation.java:114)
	at okhttp3.internal.connection.ConnectInterceptor.intercept(ConnectInterceptor.java:42)
	at okhttp3.internal.http.RealInterceptorChain.proceed(RealInterceptorChain.java:147)
	at okhttp3.internal.http.RealInterceptorChain.proceed(RealInterceptorChain.java:121)
	at okhttp3.internal.cache.CacheInterceptor.intercept(CacheInterceptor.java:93)
	at okhttp3.internal.http.RealInterceptorChain.proceed(RealInterceptorChain.java:147)
	at okhttp3.internal.http.RealInterceptorChain.proceed(RealInterceptorChain.java:121)
	at okhttp3.internal.http.BridgeInterceptor.intercept(BridgeInterceptor.java:93)
	at okhttp3.internal.http.RealInterceptorChain.proceed(RealInterceptorChain.java:147)
	at okhttp3.internal.http.RetryAndFollowUpInterceptor.intercept(RetryAndFollowUpInterceptor.java:126)
	at okhttp3.internal.http.RealInterceptorChain.proceed(RealInterceptorChain.java:147)
	at okhttp3.internal.http.RealInterceptorChain.proceed(RealInterceptorChain.java:121)
	at okhttp3.RealCall.getResponseWithInterceptorChain(RealCall.java:200)
	at okhttp3.RealCall.execute(RealCall.java:77)
	at org.openqa.selenium.remote.internal.OkHttpClient.execute(OkHttpClient.java:103)
	at org.openqa.selenium.remote.HttpCommandExecutor.execute(HttpCommandExecutor.java:155)
	at org.openqa.selenium.remote.service.DriverCommandExecutor.execute(DriverCommandExecutor.java:83)
	at org.openqa.selenium.remote.RemoteWebDriver.execute(RemoteWebDriver.java:552)
	at com.kms.katalon.selenium.driver.CChromeDriver.execute(CChromeDriver.java:19)
	at org.openqa.selenium.remote.RemoteWebDriver.get(RemoteWebDriver.java:277)
	at org.openqa.selenium.remote.RemoteWebDriver$RemoteNavigation.to(RemoteWebDriver.java:857)
	at org.openqa.selenium.support.events.EventFiringWebDriver$EventFiringNavigation.to(EventFiringWebDriver.java:569)
	at com.kms.katalon.core.webui.keyword.builtin.NavigateToUrlKeyword$_navigateToUrl_closure1.doCall(NavigateToUrlKeyword.groovy:81)
	at com.kms.katalon.core.webui.keyword.builtin.NavigateToUrlKeyword$_navigateToUrl_closure1.call(NavigateToUrlKeyword.groovy)
	at com.kms.katalon.core.webui.keyword.internal.WebUIKeywordMain.runKeyword(WebUIKeywordMain.groovy:35)
	at com.kms.katalon.core.webui.keyword.builtin.NavigateToUrlKeyword.navigateToUrl(NavigateToUrlKeyword.groovy:83)
	at com.kms.katalon.core.webui.keyword.builtin.NavigateToUrlKeyword.execute(NavigateToUrlKeyword.groovy:67)
	at com.kms.katalon.core.keyword.internal.KeywordExecutor.executeKeywordForPlatform(KeywordExecutor.groovy:74)
	at com.kms.katalon.core.webui.keyword.WebUiBuiltInKeywords.navigateToUrl(WebUiBuiltInKeywords.groovy:187)
	at com.kms.katalon.core.webui.keyword.WebUiBuiltInKeywords$navigateToUrl$1.call(Unknown Source)
	at DES Login.run(DES Login:26)
	at com.kms.katalon.core.main.ScriptEngine.run(ScriptEngine.java:194)
	at com.kms.katalon.core.main.ScriptEngine.runScriptAsRawText(ScriptEngine.java:119)
	at com.kms.katalon.core.main.TestCaseExecutor.runScript(TestCaseExecutor.java:448)
	at com.kms.katalon.core.main.TestCaseExecutor.doExecute(TestCaseExecutor.java:439)
	at com.kms.katalon.core.main.TestCaseExecutor.processExecutionPhase(TestCaseExecutor.java:418)
	at com.kms.katalon.core.main.TestCaseExecutor.accessMainPhase(TestCaseExecutor.java:410)
	at com.kms.katalon.core.main.TestCaseExecutor.execute(TestCaseExecutor.java:285)
	at com.kms.katalon.core.main.TestCaseMain.runTestCase(TestCaseMain.java:137)
	at com.kms.katalon.core.keyword.builtin.CallTestCaseKeyword$_callTestCase_closure1.doCall(CallTestCaseKeyword.groovy:59)
	at com.kms.katalon.core.keyword.builtin.CallTestCaseKeyword$_callTestCase_closure1.call(CallTestCaseKeyword.groovy)
	at com.kms.katalon.core.keyword.internal.KeywordMain.runKeyword(KeywordMain.groovy:75)
	at com.kms.katalon.core.keyword.builtin.CallTestCaseKeyword.callTestCase(CallTestCaseKeyword.groovy:81)
	at com.kms.katalon.core.keyword.builtin.CallTestCaseKeyword.execute(CallTestCaseKeyword.groovy:44)
	at com.kms.katalon.core.keyword.internal.KeywordExecutor.executeKeywordForPlatform(KeywordExecutor.groovy:74)
	at com.kms.katalon.core.keyword.BuiltinKeywords.callTestCase(BuiltinKeywords.groovy:310)
	at jdk.internal.reflect.GeneratedMethodAccessor41.invoke(Unknown Source)
	at java.base/jdk.internal.reflect.DelegatingMethodAccessorImpl.invoke(DelegatingMethodAccessorImpl.java:43)
	at Verify Hidden Inactive Transmission Checkbox When TP Has No Transmission.run(Verify Hidden Inactive Transmission Checkbox When TP Has No Transmission:20)
	... 16 more]]></system-err>
      </testcase>
      <testcase name="Test Cases/DES/Trading Partners Page/Subscription/Verify Inactive Subscription Checkbox" time="32.28" classname="Test Cases/DES/Trading Partners Page/Subscription/Verify Inactive Subscription Checkbox" status="PASSED">
         <system-out><![CDATA[21-10-2025T19:05:43 - [TEST_CASE][PASSED] - Test Cases/DES/Trading Partners Page/Subscription/Verify Inactive Subscription Checkbox: Test Cases/DES/Trading Partners Page/Subscription/Verify Inactive Subscription Checkbox

21-10-2025T19:05:43 - [TEST_STEP][PASSED] - Start listener action : beforeTestCase: null

21-10-2025T19:05:43 - [TEST_STEP][PASSED] - addDefaultPackages(): null

21-10-2025T19:05:43 - [TEST_STEP][PASSED] - callTestCase(findTestCase("DES/DES Login"), [:], STOP_ON_FAILURE): Call Test Case 'Test Cases/DES/DES Login' successfully

21-10-2025T19:05:43 - [TEST_CASE][PASSED] - Test Cases/DES/DES Login: Test Cases/DES/DES Login

21-10-2025T19:05:43 - [TEST_STEP][PASSED] - openBrowser(""): Browser is opened with url: ''

21-10-2025T19:05:43 - [MESSAGE][INFO] - Starting 'Chrome' driver

21-10-2025T19:05:43 - [MESSAGE][INFO] - User set preference: ['args', '[--no-sandbox, --disable-gpu, --disable-dev-shm-usage]']

21-10-2025T19:05:43 - [MESSAGE][INFO] - Action delay is set to 0 milliseconds

21-10-2025T19:05:44 - [MESSAGE][PASSED] - Browser is opened with url: ''

21-10-2025T19:05:44 - [TEST_STEP][PASSED] - maximizeWindow(): Current window maximized

21-10-2025T19:05:44 - [MESSAGE][PASSED] - Current window maximized

21-10-2025T19:05:44 - [TEST_STEP][PASSED] - delay(10): Delayed 10 second(s)

21-10-2025T19:05:54 - [MESSAGE][PASSED] - Delayed 10 second(s)

21-10-2025T19:05:54 - [TEST_STEP][PASSED] - navigateToUrl("https://dx-portal.qa.thekag.com/"): Navigate to 'https://dx-portal.qa.thekag.com/' successfully

21-10-2025T19:05:55 - [MESSAGE][PASSED] - Navigate to 'https://dx-portal.qa.thekag.com/' successfully

21-10-2025T19:05:55 - [TEST_STEP][PASSED] - delay(5): Delayed 5 second(s)

21-10-2025T19:06:00 - [MESSAGE][PASSED] - Delayed 5 second(s)

21-10-2025T19:06:00 - [TEST_STEP][PASSED] - setText(findTestObject("Object Repository/Page_IdentityServer4/input_Username (e.g. email address)_Username"), "Chris.Sheldon+DES_QA@Thekag.com"): Text 'Chris.Sheldon+DES_QA@Thekag.com' is set on object 'Object Repository/Page_IdentityServer4/input_Username (e.g. email address)_Username'

21-10-2025T19:06:00 - [MESSAGE][PASSED] - Text 'Chris.Sheldon+DES_QA@Thekag.com' is set on object 'Object Repository/Page_IdentityServer4/input_Username (e.g. email address)_Username'

21-10-2025T19:06:00 - [TEST_STEP][PASSED] - setEncryptedText(findTestObject("Page_IdentityServer4/input_Password_Password"), "BtpyPJuZxPz9EFo3Zi2c4Q=="): Text ****** has been set on object 'Object Repository/Page_IdentityServer4/input_Password_Password'

21-10-2025T19:06:00 - [MESSAGE][PASSED] - Text ****** has been set on object 'Object Repository/Page_IdentityServer4/input_Password_Password'

21-10-2025T19:06:00 - [TEST_STEP][PASSED] - click(findTestObject("Object Repository/Page_IdentityServer4/button_Login")): Object: 'Object Repository/Page_IdentityServer4/button_Login' is clicked on

21-10-2025T19:06:00 - [MESSAGE][PASSED] - Object: 'Object Repository/Page_IdentityServer4/button_Login' is clicked on

21-10-2025T19:06:00 - [TEST_STEP][PASSED] - delay(5): Delayed 5 second(s)

21-10-2025T19:06:05 - [MESSAGE][PASSED] - Delayed 5 second(s)

21-10-2025T19:06:05 - [MESSAGE][PASSED] - Call Test Case 'Test Cases/DES/DES Login' successfully

21-10-2025T19:06:05 - [TEST_STEP][PASSED] - setText(findTestObject("DES/Trading Partners Page/Search Trading Partner_input_txt"), "Katalon Trading"): Text 'Katalon Trading' is set on object 'Object Repository/DES/Trading Partners Page/Search Trading Partner_input_txt'

21-10-2025T19:06:06 - [MESSAGE][PASSED] - Text 'Katalon Trading' is set on object 'Object Repository/DES/Trading Partners Page/Search Trading Partner_input_txt'

21-10-2025T19:06:06 - [TEST_STEP][PASSED] - delay(5): Delayed 5 second(s)

21-10-2025T19:06:11 - [MESSAGE][PASSED] - Delayed 5 second(s)

21-10-2025T19:06:11 - [TEST_STEP][PASSED] - click(findTestObject("DES/TradingPartners/Katalon Trading TP View_btn")): Object: 'Object Repository/DES/TradingPartners/Katalon Trading TP View_btn' is clicked on

21-10-2025T19:06:11 - [MESSAGE][PASSED] - Object: 'Object Repository/DES/TradingPartners/Katalon Trading TP View_btn' is clicked on

21-10-2025T19:06:11 - [TEST_STEP][PASSED] - click(findTestObject("DES/TradingPartners/Subscription/Subscription Tab")): Object: 'Object Repository/DES/TradingPartners/Subscription/Subscription Tab' is clicked on

21-10-2025T19:06:13 - [MESSAGE][PASSED] - Object: 'Object Repository/DES/TradingPartners/Subscription/Subscription Tab' is clicked on

21-10-2025T19:06:13 - [TEST_STEP][PASSED] - verifyElementPresent(findTestObject("DES/TradingPartners/Subscription/Hide Inactive Subscription_checkbox"), 30): Object 'Object Repository/DES/TradingPartners/Subscription/Hide Inactive Subscription_checkbox' is present

21-10-2025T19:06:15 - [MESSAGE][PASSED] - Object 'Object Repository/DES/TradingPartners/Subscription/Hide Inactive Subscription_checkbox' is present

21-10-2025T19:06:15 - [TEST_STEP][PASSED] - verifyElementVisible(findTestObject("DES/TradingPartners/Subscription/Hide Inactive Subscription_checkbox")): Object 'Object Repository/DES/TradingPartners/Subscription/Hide Inactive Subscription_checkbox' is visible

21-10-2025T19:06:15 - [MESSAGE][PASSED] - Object 'Object Repository/DES/TradingPartners/Subscription/Hide Inactive Subscription_checkbox' is visible

21-10-2025T19:06:15 - [TEST_STEP][PASSED] - verifyElementNotChecked(findTestObject("DES/TradingPartners/Subscription/Hide Inactive Subscription_checkbox"), 30): Object 'Object Repository/DES/TradingPartners/Subscription/Hide Inactive Subscription_checkbox' is not checked

21-10-2025T19:06:15 - [MESSAGE][PASSED] - Object 'Object Repository/DES/TradingPartners/Subscription/Hide Inactive Subscription_checkbox' is not checked

21-10-2025T19:06:15 - [TEST_STEP][PASSED] - check(findTestObject("DES/TradingPartners/Subscription/Hide Inactive Subscription_checkbox")): Object 'Object Repository/DES/TradingPartners/Subscription/Hide Inactive Subscription_checkbox' is checked

21-10-2025T19:06:15 - [MESSAGE][PASSED] - Object 'Object Repository/DES/TradingPartners/Subscription/Hide Inactive Subscription_checkbox' is checked

21-10-2025T19:06:15 - [TEST_STEP][PASSED] - verifyElementText(findTestObject("DES/TradingPartners/Subscription/No Subscription(s)_lbl"), "No Subscription(s)"): Actual text and expected text of test object 'Object Repository/DES/TradingPartners/Subscription/No Subscription(s)_lbl' are matched.

21-10-2025T19:06:15 - [MESSAGE][PASSED] - Actual text and expected text of test object 'Object Repository/DES/TradingPartners/Subscription/No Subscription(s)_lbl' are matched.

21-10-2025T19:06:15 - [TEST_STEP][PASSED] - closeBrowser(): Browser is closed

21-10-2025T19:06:15 - [MESSAGE][PASSED] - Browser is closed

21-10-2025T19:06:15 - [TEST_STEP][PASSED] - Start listener action : retryOnDisconnect: null

21-10-2025T19:06:15 - [TEST_STEP][PASSED] - tcId = testCaseContext.getTestCaseId(): null

21-10-2025T19:06:15 - [TEST_STEP][PASSED] - currentRetry = retryCounts.getOrDefault(tcId, 0): null

21-10-2025T19:06:15 - [TEST_STEP][PASSED] - if (testCaseContext.getTestCaseStatus() == "FAILED" && currentRetry < MAX_RETRIES): null]]></system-out>
         <system-err><![CDATA[]]></system-err>
      </testcase>
      <testcase name="Test Cases/DES/Trading Partners Page/Subscription/Verify Inactive Transmission Checkbox" time="29.639" classname="Test Cases/DES/Trading Partners Page/Subscription/Verify Inactive Transmission Checkbox" status="PASSED">
         <system-out><![CDATA[21-10-2025T19:06:15 - [TEST_CASE][PASSED] - Test Cases/DES/Trading Partners Page/Subscription/Verify Inactive Transmission Checkbox: Test Cases/DES/Trading Partners Page/Subscription/Verify Inactive Transmission Checkbox

21-10-2025T19:06:15 - [TEST_STEP][PASSED] - Start listener action : beforeTestCase: null

21-10-2025T19:06:15 - [TEST_STEP][PASSED] - addDefaultPackages(): null

21-10-2025T19:06:15 - [TEST_STEP][PASSED] - callTestCase(findTestCase("DES/DES Login"), [:], STOP_ON_FAILURE): Call Test Case 'Test Cases/DES/DES Login' successfully

21-10-2025T19:06:15 - [TEST_CASE][PASSED] - Test Cases/DES/DES Login: Test Cases/DES/DES Login

21-10-2025T19:06:15 - [TEST_STEP][PASSED] - openBrowser(""): Browser is opened with url: ''

21-10-2025T19:06:15 - [MESSAGE][INFO] - Starting 'Chrome' driver

21-10-2025T19:06:15 - [MESSAGE][INFO] - User set preference: ['args', '[--no-sandbox, --disable-gpu, --disable-dev-shm-usage]']

21-10-2025T19:06:15 - [MESSAGE][INFO] - Action delay is set to 0 milliseconds

21-10-2025T19:06:16 - [MESSAGE][PASSED] - Browser is opened with url: ''

21-10-2025T19:06:16 - [TEST_STEP][PASSED] - maximizeWindow(): Current window maximized

21-10-2025T19:06:16 - [MESSAGE][PASSED] - Current window maximized

21-10-2025T19:06:16 - [TEST_STEP][PASSED] - delay(10): Delayed 10 second(s)

21-10-2025T19:06:26 - [MESSAGE][PASSED] - Delayed 10 second(s)

21-10-2025T19:06:26 - [TEST_STEP][PASSED] - navigateToUrl("https://dx-portal.qa.thekag.com/"): Navigate to 'https://dx-portal.qa.thekag.com/' successfully

21-10-2025T19:06:27 - [MESSAGE][PASSED] - Navigate to 'https://dx-portal.qa.thekag.com/' successfully

21-10-2025T19:06:27 - [TEST_STEP][PASSED] - delay(5): Delayed 5 second(s)

21-10-2025T19:06:32 - [MESSAGE][PASSED] - Delayed 5 second(s)

21-10-2025T19:06:32 - [TEST_STEP][PASSED] - setText(findTestObject("Object Repository/Page_IdentityServer4/input_Username (e.g. email address)_Username"), "Chris.Sheldon+DES_QA@Thekag.com"): Text 'Chris.Sheldon+DES_QA@Thekag.com' is set on object 'Object Repository/Page_IdentityServer4/input_Username (e.g. email address)_Username'

21-10-2025T19:06:32 - [MESSAGE][PASSED] - Text 'Chris.Sheldon+DES_QA@Thekag.com' is set on object 'Object Repository/Page_IdentityServer4/input_Username (e.g. email address)_Username'

21-10-2025T19:06:32 - [TEST_STEP][PASSED] - setEncryptedText(findTestObject("Page_IdentityServer4/input_Password_Password"), "BtpyPJuZxPz9EFo3Zi2c4Q=="): Text ****** has been set on object 'Object Repository/Page_IdentityServer4/input_Password_Password'

21-10-2025T19:06:32 - [MESSAGE][PASSED] - Text ****** has been set on object 'Object Repository/Page_IdentityServer4/input_Password_Password'

21-10-2025T19:06:32 - [TEST_STEP][PASSED] - click(findTestObject("Object Repository/Page_IdentityServer4/button_Login")): Object: 'Object Repository/Page_IdentityServer4/button_Login' is clicked on

21-10-2025T19:06:32 - [MESSAGE][PASSED] - Object: 'Object Repository/Page_IdentityServer4/button_Login' is clicked on

21-10-2025T19:06:32 - [TEST_STEP][PASSED] - delay(5): Delayed 5 second(s)

21-10-2025T19:06:37 - [MESSAGE][PASSED] - Delayed 5 second(s)

21-10-2025T19:06:37 - [MESSAGE][PASSED] - Call Test Case 'Test Cases/DES/DES Login' successfully

21-10-2025T19:06:37 - [TEST_STEP][PASSED] - setText(findTestObject("DES/Trading Partners Page/Search Trading Partner_input_txt"), "Ash test"): Text 'Ash test' is set on object 'Object Repository/DES/Trading Partners Page/Search Trading Partner_input_txt'

21-10-2025T19:06:37 - [MESSAGE][PASSED] - Text 'Ash test' is set on object 'Object Repository/DES/Trading Partners Page/Search Trading Partner_input_txt'

21-10-2025T19:06:37 - [TEST_STEP][PASSED] - delay(5): Delayed 5 second(s)

21-10-2025T19:06:42 - [MESSAGE][PASSED] - Delayed 5 second(s)

21-10-2025T19:06:42 - [TEST_STEP][PASSED] - click(findTestObject("DES/TradingPartners/Katalon Trading TP View_btn")): Object: 'Object Repository/DES/TradingPartners/Katalon Trading TP View_btn' is clicked on

21-10-2025T19:06:43 - [MESSAGE][PASSED] - Object: 'Object Repository/DES/TradingPartners/Katalon Trading TP View_btn' is clicked on

21-10-2025T19:06:43 - [TEST_STEP][PASSED] - click(findTestObject("DES/TradingPartners/Subscription/Subscription Tab")): Object: 'Object Repository/DES/TradingPartners/Subscription/Subscription Tab' is clicked on

21-10-2025T19:06:44 - [MESSAGE][PASSED] - Object: 'Object Repository/DES/TradingPartners/Subscription/Subscription Tab' is clicked on

21-10-2025T19:06:44 - [TEST_STEP][PASSED] - verifyElementPresent(findTestObject("DES/TradingPartners/Subscription/Ash Test TP INV Transmission"), 30): Object 'Object Repository/DES/TradingPartners/Subscription/Ash Test TP INV Transmission' is present

21-10-2025T19:06:45 - [MESSAGE][PASSED] - Object 'Object Repository/DES/TradingPartners/Subscription/Ash Test TP INV Transmission' is present

21-10-2025T19:06:45 - [TEST_STEP][PASSED] - verifyElementVisible(findTestObject("DES/TradingPartners/Subscription/Ash Test TP INV Transmission")): Object 'Object Repository/DES/TradingPartners/Subscription/Ash Test TP INV Transmission' is visible

21-10-2025T19:06:45 - [MESSAGE][PASSED] - Object 'Object Repository/DES/TradingPartners/Subscription/Ash Test TP INV Transmission' is visible

21-10-2025T19:06:45 - [TEST_STEP][PASSED] - verifyElementPresent(findTestObject("DES/TradingPartners/Subscription/Hide Inactive Transmissions_checkbox"), 30): Object 'Object Repository/DES/TradingPartners/Subscription/Hide Inactive Transmissions_checkbox' is present

21-10-2025T19:06:45 - [MESSAGE][PASSED] - Object 'Object Repository/DES/TradingPartners/Subscription/Hide Inactive Transmissions_checkbox' is present

21-10-2025T19:06:45 - [TEST_STEP][PASSED] - verifyElementVisible(findTestObject("DES/TradingPartners/Subscription/Hide Inactive Transmissions_checkbox")): Object 'Object Repository/DES/TradingPartners/Subscription/Hide Inactive Transmissions_checkbox' is visible

21-10-2025T19:06:45 - [MESSAGE][PASSED] - Object 'Object Repository/DES/TradingPartners/Subscription/Hide Inactive Transmissions_checkbox' is visible

21-10-2025T19:06:45 - [TEST_STEP][PASSED] - verifyElementNotChecked(findTestObject("DES/TradingPartners/Subscription/Hide Inactive Transmissions_checkbox"), 30): Object 'Object Repository/DES/TradingPartners/Subscription/Hide Inactive Transmissions_checkbox' is not checked

21-10-2025T19:06:45 - [MESSAGE][PASSED] - Object 'Object Repository/DES/TradingPartners/Subscription/Hide Inactive Transmissions_checkbox' is not checked

21-10-2025T19:06:45 - [TEST_STEP][PASSED] - check(findTestObject("DES/TradingPartners/Subscription/Hide Inactive Transmissions_checkbox")): Object 'Object Repository/DES/TradingPartners/Subscription/Hide Inactive Transmissions_checkbox' is checked

21-10-2025T19:06:45 - [MESSAGE][PASSED] - Object 'Object Repository/DES/TradingPartners/Subscription/Hide Inactive Transmissions_checkbox' is checked

21-10-2025T19:06:45 - [TEST_STEP][PASSED] - verifyElementNotPresent(findTestObject("DES/TradingPartners/Subscription/Ash Test TP INV Transmission"), 30): Web element with id: 'Object Repository/DES/TradingPartners/Subscription/Ash Test TP INV Transmission' located by 'By.xpath: /html/body/div/div/div[2]/div[2]/div/div/div/div/div/div/div[3]/div[2]/div/div/div[8]/div/div/div/div' is not present after '30' second(s)

21-10-2025T19:06:45 - [MESSAGE][PASSED] - Web element with id: 'Object Repository/DES/TradingPartners/Subscription/Ash Test TP INV Transmission' located by 'By.xpath: /html/body/div/div/div[2]/div[2]/div/div/div/div/div/div/div[3]/div[2]/div/div/div[8]/div/div/div/div' is not present after '30' second(s)

21-10-2025T19:06:45 - [TEST_STEP][PASSED] - closeBrowser(): Browser is closed

21-10-2025T19:06:45 - [MESSAGE][PASSED] - Browser is closed

21-10-2025T19:06:45 - [TEST_STEP][PASSED] - Start listener action : retryOnDisconnect: null

21-10-2025T19:06:45 - [TEST_STEP][PASSED] - tcId = testCaseContext.getTestCaseId(): null

21-10-2025T19:06:45 - [TEST_STEP][PASSED] - currentRetry = retryCounts.getOrDefault(tcId, 0): null

21-10-2025T19:06:45 - [TEST_STEP][PASSED] - if (testCaseContext.getTestCaseStatus() == "FAILED" && currentRetry < MAX_RETRIES): null]]></system-out>
         <system-err><![CDATA[]]></system-err>
      </testcase>
      <testcase name="Test Cases/DES/Trading Partners Page/Subscription/Verify Process Now for Inbound FIN-ACC" time="30.559" classname="Test Cases/DES/Trading Partners Page/Subscription/Verify Process Now for Inbound FIN-ACC" status="PASSED">
         <system-out><![CDATA[21-10-2025T19:06:45 - [TEST_CASE][PASSED] - Test Cases/DES/Trading Partners Page/Subscription/Verify Process Now for Inbound FIN-ACC: Test Cases/DES/Trading Partners Page/Subscription/Verify Process Now for Inbound FIN-ACC

21-10-2025T19:06:45 - [TEST_STEP][PASSED] - Start listener action : beforeTestCase: null

21-10-2025T19:06:45 - [TEST_STEP][PASSED] - addDefaultPackages(): null

21-10-2025T19:06:45 - [TEST_STEP][PASSED] - callTestCase(findTestCase("DES/DES Login"), [:], STOP_ON_FAILURE): Call Test Case 'Test Cases/DES/DES Login' successfully

21-10-2025T19:06:45 - [TEST_CASE][PASSED] - Test Cases/DES/DES Login: Test Cases/DES/DES Login

21-10-2025T19:06:45 - [TEST_STEP][PASSED] - openBrowser(""): Browser is opened with url: ''

21-10-2025T19:06:45 - [MESSAGE][INFO] - Starting 'Chrome' driver

21-10-2025T19:06:45 - [MESSAGE][INFO] - User set preference: ['args', '[--no-sandbox, --disable-gpu, --disable-dev-shm-usage]']

21-10-2025T19:06:45 - [MESSAGE][INFO] - Action delay is set to 0 milliseconds

21-10-2025T19:06:46 - [MESSAGE][PASSED] - Browser is opened with url: ''

21-10-2025T19:06:46 - [TEST_STEP][PASSED] - maximizeWindow(): Current window maximized

21-10-2025T19:06:46 - [MESSAGE][PASSED] - Current window maximized

21-10-2025T19:06:46 - [TEST_STEP][PASSED] - delay(10): Delayed 10 second(s)

21-10-2025T19:06:56 - [MESSAGE][PASSED] - Delayed 10 second(s)

21-10-2025T19:06:56 - [TEST_STEP][PASSED] - navigateToUrl("https://dx-portal.qa.thekag.com/"): Navigate to 'https://dx-portal.qa.thekag.com/' successfully

21-10-2025T19:06:57 - [MESSAGE][PASSED] - Navigate to 'https://dx-portal.qa.thekag.com/' successfully

21-10-2025T19:06:57 - [TEST_STEP][PASSED] - delay(5): Delayed 5 second(s)

21-10-2025T19:07:02 - [MESSAGE][PASSED] - Delayed 5 second(s)

21-10-2025T19:07:02 - [TEST_STEP][PASSED] - setText(findTestObject("Object Repository/Page_IdentityServer4/input_Username (e.g. email address)_Username"), "Chris.Sheldon+DES_QA@Thekag.com"): Text 'Chris.Sheldon+DES_QA@Thekag.com' is set on object 'Object Repository/Page_IdentityServer4/input_Username (e.g. email address)_Username'

21-10-2025T19:07:02 - [MESSAGE][PASSED] - Text 'Chris.Sheldon+DES_QA@Thekag.com' is set on object 'Object Repository/Page_IdentityServer4/input_Username (e.g. email address)_Username'

21-10-2025T19:07:02 - [TEST_STEP][PASSED] - setEncryptedText(findTestObject("Page_IdentityServer4/input_Password_Password"), "BtpyPJuZxPz9EFo3Zi2c4Q=="): Text ****** has been set on object 'Object Repository/Page_IdentityServer4/input_Password_Password'

21-10-2025T19:07:02 - [MESSAGE][PASSED] - Text ****** has been set on object 'Object Repository/Page_IdentityServer4/input_Password_Password'

21-10-2025T19:07:02 - [TEST_STEP][PASSED] - click(findTestObject("Object Repository/Page_IdentityServer4/button_Login")): Object: 'Object Repository/Page_IdentityServer4/button_Login' is clicked on

21-10-2025T19:07:02 - [MESSAGE][PASSED] - Object: 'Object Repository/Page_IdentityServer4/button_Login' is clicked on

21-10-2025T19:07:02 - [TEST_STEP][PASSED] - delay(5): Delayed 5 second(s)

21-10-2025T19:07:07 - [MESSAGE][PASSED] - Delayed 5 second(s)

21-10-2025T19:07:07 - [MESSAGE][PASSED] - Call Test Case 'Test Cases/DES/DES Login' successfully

21-10-2025T19:07:07 - [TEST_STEP][PASSED] - setText(findTestObject("DES/Trading Partners Page/Search Trading Partner_input_txt"), "PDI-Marines"): Text 'PDI-Marines' is set on object 'Object Repository/DES/Trading Partners Page/Search Trading Partner_input_txt'

21-10-2025T19:07:08 - [MESSAGE][PASSED] - Text 'PDI-Marines' is set on object 'Object Repository/DES/Trading Partners Page/Search Trading Partner_input_txt'

21-10-2025T19:07:08 - [TEST_STEP][PASSED] - delay(5): Delayed 5 second(s)

21-10-2025T19:07:13 - [MESSAGE][PASSED] - Delayed 5 second(s)

21-10-2025T19:07:13 - [TEST_STEP][PASSED] - click(findTestObject("DES/TradingPartners/Katalon Trading TP View_btn")): Object: 'Object Repository/DES/TradingPartners/Katalon Trading TP View_btn' is clicked on

21-10-2025T19:07:13 - [MESSAGE][PASSED] - Object: 'Object Repository/DES/TradingPartners/Katalon Trading TP View_btn' is clicked on

21-10-2025T19:07:13 - [TEST_STEP][PASSED] - click(findTestObject("DES/TradingPartners/Subscription/Subscription Tab")): Object: 'Object Repository/DES/TradingPartners/Subscription/Subscription Tab' is clicked on

21-10-2025T19:07:14 - [MESSAGE][PASSED] - Object: 'Object Repository/DES/TradingPartners/Subscription/Subscription Tab' is clicked on

21-10-2025T19:07:14 - [TEST_STEP][PASSED] - check(findTestObject("DES/TradingPartners/Subscription/Hide Inactive Subscription_checkbox")): Object 'Object Repository/DES/TradingPartners/Subscription/Hide Inactive Subscription_checkbox' is checked

21-10-2025T19:07:15 - [MESSAGE][PASSED] - Object 'Object Repository/DES/TradingPartners/Subscription/Hide Inactive Subscription_checkbox' is checked

21-10-2025T19:07:15 - [TEST_STEP][PASSED] - check(findTestObject("DES/TradingPartners/Subscription/Hide Inactive Transmissions_checkbox")): Object 'Object Repository/DES/TradingPartners/Subscription/Hide Inactive Transmissions_checkbox' is checked

21-10-2025T19:07:15 - [MESSAGE][PASSED] - Object 'Object Repository/DES/TradingPartners/Subscription/Hide Inactive Transmissions_checkbox' is checked

21-10-2025T19:07:15 - [TEST_STEP][PASSED] - verifyElementPresent(findTestObject("DES/TradingPartners/Subscription/Process Now_option_1st_subscription"), 30): Object 'Object Repository/DES/TradingPartners/Subscription/Process Now_option_1st_subscription' is present

21-10-2025T19:07:15 - [MESSAGE][PASSED] - Object 'Object Repository/DES/TradingPartners/Subscription/Process Now_option_1st_subscription' is present

21-10-2025T19:07:15 - [TEST_STEP][PASSED] - verifyElementClickable(findTestObject("DES/TradingPartners/Subscription/Process Now_option_1st_subscription")): Object 'Object Repository/DES/TradingPartners/Subscription/Process Now_option_1st_subscription' is clickable

21-10-2025T19:07:15 - [MESSAGE][PASSED] - Object 'Object Repository/DES/TradingPartners/Subscription/Process Now_option_1st_subscription' is clickable

21-10-2025T19:07:15 - [TEST_STEP][PASSED] - click(findTestObject("DES/TradingPartners/Subscription/Select_dropdown_btn_1st_subscription")): Object: 'Object Repository/DES/TradingPartners/Subscription/Select_dropdown_btn_1st_subscription' is clicked on

21-10-2025T19:07:15 - [MESSAGE][PASSED] - Object: 'Object Repository/DES/TradingPartners/Subscription/Select_dropdown_btn_1st_subscription' is clicked on

21-10-2025T19:07:15 - [TEST_STEP][PASSED] - click(findTestObject("DES/TradingPartners/Subscription/Process Now_option_1st_subscription")): Object: 'Object Repository/DES/TradingPartners/Subscription/Process Now_option_1st_subscription' is clicked on

21-10-2025T19:07:15 - [MESSAGE][PASSED] - Object: 'Object Repository/DES/TradingPartners/Subscription/Process Now_option_1st_subscription' is clicked on

21-10-2025T19:07:15 - [TEST_STEP][PASSED] - closeBrowser(): Browser is closed

21-10-2025T19:07:15 - [MESSAGE][PASSED] - Browser is closed

21-10-2025T19:07:15 - [TEST_STEP][PASSED] - Start listener action : retryOnDisconnect: null

21-10-2025T19:07:15 - [TEST_STEP][PASSED] - tcId = testCaseContext.getTestCaseId(): null

21-10-2025T19:07:15 - [TEST_STEP][PASSED] - currentRetry = retryCounts.getOrDefault(tcId, 0): null

21-10-2025T19:07:15 - [TEST_STEP][PASSED] - if (testCaseContext.getTestCaseStatus() == "FAILED" && currentRetry < MAX_RETRIES): null]]></system-out>
         <system-err><![CDATA[]]></system-err>
      </testcase>
      <testcase name="Test Cases/DES/Trading Partners Page/Subscription/Verify Process Now for Inbound FIN-INV" time="30.425" classname="Test Cases/DES/Trading Partners Page/Subscription/Verify Process Now for Inbound FIN-INV" status="PASSED">
         <system-out><![CDATA[21-10-2025T19:07:15 - [TEST_CASE][PASSED] - Test Cases/DES/Trading Partners Page/Subscription/Verify Process Now for Inbound FIN-INV: Test Cases/DES/Trading Partners Page/Subscription/Verify Process Now for Inbound FIN-INV

21-10-2025T19:07:15 - [TEST_STEP][PASSED] - Start listener action : beforeTestCase: null

21-10-2025T19:07:15 - [TEST_STEP][PASSED] - addDefaultPackages(): null

21-10-2025T19:07:16 - [TEST_STEP][PASSED] - callTestCase(findTestCase("DES/DES Login"), [:], STOP_ON_FAILURE): Call Test Case 'Test Cases/DES/DES Login' successfully

21-10-2025T19:07:16 - [TEST_CASE][PASSED] - Test Cases/DES/DES Login: Test Cases/DES/DES Login

21-10-2025T19:07:16 - [TEST_STEP][PASSED] - openBrowser(""): Browser is opened with url: ''

21-10-2025T19:07:16 - [MESSAGE][INFO] - Starting 'Chrome' driver

21-10-2025T19:07:16 - [MESSAGE][INFO] - User set preference: ['args', '[--no-sandbox, --disable-gpu, --disable-dev-shm-usage]']

21-10-2025T19:07:16 - [MESSAGE][INFO] - Action delay is set to 0 milliseconds

21-10-2025T19:07:16 - [MESSAGE][PASSED] - Browser is opened with url: ''

21-10-2025T19:07:16 - [TEST_STEP][PASSED] - maximizeWindow(): Current window maximized

21-10-2025T19:07:16 - [MESSAGE][PASSED] - Current window maximized

21-10-2025T19:07:16 - [TEST_STEP][PASSED] - delay(10): Delayed 10 second(s)

21-10-2025T19:07:26 - [MESSAGE][PASSED] - Delayed 10 second(s)

21-10-2025T19:07:26 - [TEST_STEP][PASSED] - navigateToUrl("https://dx-portal.qa.thekag.com/"): Navigate to 'https://dx-portal.qa.thekag.com/' successfully

21-10-2025T19:07:27 - [MESSAGE][PASSED] - Navigate to 'https://dx-portal.qa.thekag.com/' successfully

21-10-2025T19:07:27 - [TEST_STEP][PASSED] - delay(5): Delayed 5 second(s)

21-10-2025T19:07:32 - [MESSAGE][PASSED] - Delayed 5 second(s)

21-10-2025T19:07:32 - [TEST_STEP][PASSED] - setText(findTestObject("Object Repository/Page_IdentityServer4/input_Username (e.g. email address)_Username"), "Chris.Sheldon+DES_QA@Thekag.com"): Text 'Chris.Sheldon+DES_QA@Thekag.com' is set on object 'Object Repository/Page_IdentityServer4/input_Username (e.g. email address)_Username'

21-10-2025T19:07:32 - [MESSAGE][PASSED] - Text 'Chris.Sheldon+DES_QA@Thekag.com' is set on object 'Object Repository/Page_IdentityServer4/input_Username (e.g. email address)_Username'

21-10-2025T19:07:32 - [TEST_STEP][PASSED] - setEncryptedText(findTestObject("Page_IdentityServer4/input_Password_Password"), "BtpyPJuZxPz9EFo3Zi2c4Q=="): Text ****** has been set on object 'Object Repository/Page_IdentityServer4/input_Password_Password'

21-10-2025T19:07:32 - [MESSAGE][PASSED] - Text ****** has been set on object 'Object Repository/Page_IdentityServer4/input_Password_Password'

21-10-2025T19:07:32 - [TEST_STEP][PASSED] - click(findTestObject("Object Repository/Page_IdentityServer4/button_Login")): Object: 'Object Repository/Page_IdentityServer4/button_Login' is clicked on

21-10-2025T19:07:32 - [MESSAGE][PASSED] - Object: 'Object Repository/Page_IdentityServer4/button_Login' is clicked on

21-10-2025T19:07:32 - [TEST_STEP][PASSED] - delay(5): Delayed 5 second(s)

21-10-2025T19:07:37 - [MESSAGE][PASSED] - Delayed 5 second(s)

21-10-2025T19:07:37 - [MESSAGE][PASSED] - Call Test Case 'Test Cases/DES/DES Login' successfully

21-10-2025T19:07:37 - [TEST_STEP][PASSED] - setText(findTestObject("DES/Trading Partners Page/Search Trading Partner_input_txt"), "PDI-Marines"): Text 'PDI-Marines' is set on object 'Object Repository/DES/Trading Partners Page/Search Trading Partner_input_txt'

21-10-2025T19:07:38 - [MESSAGE][PASSED] - Text 'PDI-Marines' is set on object 'Object Repository/DES/Trading Partners Page/Search Trading Partner_input_txt'

21-10-2025T19:07:38 - [TEST_STEP][PASSED] - delay(5): Delayed 5 second(s)

21-10-2025T19:07:43 - [MESSAGE][PASSED] - Delayed 5 second(s)

21-10-2025T19:07:43 - [TEST_STEP][PASSED] - click(findTestObject("DES/TradingPartners/Katalon Trading TP View_btn")): Object: 'Object Repository/DES/TradingPartners/Katalon Trading TP View_btn' is clicked on

21-10-2025T19:07:43 - [MESSAGE][PASSED] - Object: 'Object Repository/DES/TradingPartners/Katalon Trading TP View_btn' is clicked on

21-10-2025T19:07:43 - [TEST_STEP][PASSED] - click(findTestObject("DES/TradingPartners/Subscription/Subscription Tab")): Object: 'Object Repository/DES/TradingPartners/Subscription/Subscription Tab' is clicked on

21-10-2025T19:07:44 - [MESSAGE][PASSED] - Object: 'Object Repository/DES/TradingPartners/Subscription/Subscription Tab' is clicked on

21-10-2025T19:07:44 - [TEST_STEP][PASSED] - check(findTestObject("DES/TradingPartners/Subscription/Hide Inactive Subscription_checkbox")): Object 'Object Repository/DES/TradingPartners/Subscription/Hide Inactive Subscription_checkbox' is checked

21-10-2025T19:07:45 - [MESSAGE][PASSED] - Object 'Object Repository/DES/TradingPartners/Subscription/Hide Inactive Subscription_checkbox' is checked

21-10-2025T19:07:45 - [TEST_STEP][PASSED] - check(findTestObject("DES/TradingPartners/Subscription/Hide Inactive Transmissions_checkbox")): Object 'Object Repository/DES/TradingPartners/Subscription/Hide Inactive Transmissions_checkbox' is checked

21-10-2025T19:07:46 - [MESSAGE][PASSED] - Object 'Object Repository/DES/TradingPartners/Subscription/Hide Inactive Transmissions_checkbox' is checked

21-10-2025T19:07:46 - [TEST_STEP][PASSED] - verifyElementPresent(findTestObject("DES/TradingPartners/Subscription/Process Now_option_3rd_subscription"), 30): Object 'Object Repository/DES/TradingPartners/Subscription/Process Now_option_3rd_subscription' is present

21-10-2025T19:07:46 - [MESSAGE][PASSED] - Object 'Object Repository/DES/TradingPartners/Subscription/Process Now_option_3rd_subscription' is present

21-10-2025T19:07:46 - [TEST_STEP][PASSED] - verifyElementClickable(findTestObject("DES/TradingPartners/Subscription/Process Now_option_3rd_subscription")): Object 'Object Repository/DES/TradingPartners/Subscription/Process Now_option_3rd_subscription' is clickable

21-10-2025T19:07:46 - [MESSAGE][PASSED] - Object 'Object Repository/DES/TradingPartners/Subscription/Process Now_option_3rd_subscription' is clickable

21-10-2025T19:07:46 - [TEST_STEP][PASSED] - click(findTestObject("DES/TradingPartners/Subscription/Select_dropdown_btn_3rd_subscription")): Object: 'Object Repository/DES/TradingPartners/Subscription/Select_dropdown_btn_3rd_subscription' is clicked on

21-10-2025T19:07:46 - [MESSAGE][PASSED] - Object: 'Object Repository/DES/TradingPartners/Subscription/Select_dropdown_btn_3rd_subscription' is clicked on

21-10-2025T19:07:46 - [TEST_STEP][PASSED] - click(findTestObject("DES/TradingPartners/Subscription/Process Now_option_3rd_subscription")): Object: 'Object Repository/DES/TradingPartners/Subscription/Process Now_option_3rd_subscription' is clicked on

21-10-2025T19:07:46 - [MESSAGE][PASSED] - Object: 'Object Repository/DES/TradingPartners/Subscription/Process Now_option_3rd_subscription' is clicked on

21-10-2025T19:07:46 - [TEST_STEP][PASSED] - closeBrowser(): Browser is closed

21-10-2025T19:07:46 - [MESSAGE][PASSED] - Browser is closed

21-10-2025T19:07:46 - [TEST_STEP][PASSED] - Start listener action : retryOnDisconnect: null

21-10-2025T19:07:46 - [TEST_STEP][PASSED] - tcId = testCaseContext.getTestCaseId(): null

21-10-2025T19:07:46 - [TEST_STEP][PASSED] - currentRetry = retryCounts.getOrDefault(tcId, 0): null

21-10-2025T19:07:46 - [TEST_STEP][PASSED] - if (testCaseContext.getTestCaseStatus() == "FAILED" && currentRetry < MAX_RETRIES): null]]></system-out>
         <system-err><![CDATA[]]></system-err>
      </testcase>
      <testcase name="Test Cases/DES/Trading Partners Page/Subscription/Verify Process Now for Inbound Inventory" time="11.094" classname="Test Cases/DES/Trading Partners Page/Subscription/Verify Process Now for Inbound Inventory" status="FAILED">
         <failure type="FAILED" message="Test Cases/DES/Trading Partners Page/Subscription/Verify Process Now for Inbound Inventory FAILED.&#xa;Reason:&#xa;com.kms.katalon.core.exception.StepFailedException: Call Test Case 'Test Cases/DES/DES Login' failed&#xa;	at com.kms.katalon.core.keyword.builtin.CallTestCaseKeyword$_callTestCase_closure1.doCall(CallTestCaseKeyword.groovy:63)&#xa;	at com.kms.katalon.core.keyword.builtin.CallTestCaseKeyword$_callTestCase_closure1.call(CallTestCaseKeyword.groovy)&#xa;	at com.kms.katalon.core.keyword.internal.KeywordMain.runKeyword(KeywordMain.groovy:75)&#xa;	at com.kms.katalon.core.keyword.builtin.CallTestCaseKeyword.callTestCase(CallTestCaseKeyword.groovy:81)&#xa;	at com.kms.katalon.core.keyword.builtin.CallTestCaseKeyword.execute(CallTestCaseKeyword.groovy:44)&#xa;	at com.kms.katalon.core.keyword.internal.KeywordExecutor.executeKeywordForPlatform(KeywordExecutor.groovy:74)&#xa;	at com.kms.katalon.core.keyword.BuiltinKeywords.callTestCase(BuiltinKeywords.groovy:310)&#xa;	at jdk.internal.reflect.GeneratedMethodAccessor41.invoke(Unknown Source)&#xa;	at java.base/jdk.internal.reflect.DelegatingMethodAccessorImpl.invoke(DelegatingMethodAccessorImpl.java:43)&#xa;	at Verify Process Now for Inbound Inventory.run(Verify Process Now for Inbound Inventory:20)&#xa;	at com.kms.katalon.core.main.ScriptEngine.run(ScriptEngine.java:194)&#xa;	at com.kms.katalon.core.main.ScriptEngine.runScriptAsRawText(ScriptEngine.java:119)&#xa;	at com.kms.katalon.core.main.TestCaseExecutor.runScript(TestCaseExecutor.java:448)&#xa;	at com.kms.katalon.core.main.TestCaseExecutor.doExecute(TestCaseExecutor.java:439)&#xa;	at com.kms.katalon.core.main.TestCaseExecutor.processExecutionPhase(TestCaseExecutor.java:418)&#xa;	at com.kms.katalon.core.main.TestCaseExecutor.accessMainPhase(TestCaseExecutor.java:410)&#xa;	at com.kms.katalon.core.main.TestCaseExecutor.execute(TestCaseExecutor.java:285)&#xa;	at com.kms.katalon.core.common.CommonExecutor.accessTestCaseMainPhase(CommonExecutor.java:65)&#xa;	at com.kms.katalon.core.main.TestSuiteExecutor.accessTestSuiteMainPhase(TestSuiteExecutor.java:150)&#xa;	at com.kms.katalon.core.main.TestSuiteExecutor.execute(TestSuiteExecutor.java:106)&#xa;	at com.kms.katalon.core.main.TestCaseMain.startTestSuite(TestCaseMain.java:180)&#xa;	at com.kms.katalon.core.main.TestCaseMain$startTestSuite$0.call(Unknown Source)&#xa;	at TempTestSuite1761084128061.run(TempTestSuite1761084128061.groovy:35)&#xa;	at java.base/jdk.internal.reflect.NativeMethodAccessorImpl.invoke0(Native Method)&#xa;	at java.base/jdk.internal.reflect.NativeMethodAccessorImpl.invoke(NativeMethodAccessorImpl.java:77)&#xa;	at java.base/jdk.internal.reflect.DelegatingMethodAccessorImpl.invoke(DelegatingMethodAccessorImpl.java:43)&#xa;Caused by: com.kms.katalon.core.exception.StepFailedException: Unable to navigate to 'https://dx-portal.qa.thekag.com/'&#xa;	at com.kms.katalon.core.webui.keyword.internal.WebUIKeywordMain.stepFailed(WebUIKeywordMain.groovy:117)&#xa;	at com.kms.katalon.core.webui.keyword.internal.WebUIKeywordMain.runKeyword(WebUIKeywordMain.groovy:43)&#xa;	at com.kms.katalon.core.webui.keyword.builtin.NavigateToUrlKeyword.navigateToUrl(NavigateToUrlKeyword.groovy:83)&#xa;	at com.kms.katalon.core.webui.keyword.builtin.NavigateToUrlKeyword.execute(NavigateToUrlKeyword.groovy:67)&#xa;	at com.kms.katalon.core.keyword.internal.KeywordExecutor.executeKeywordForPlatform(KeywordExecutor.groovy:74)&#xa;	at com.kms.katalon.core.webui.keyword.WebUiBuiltInKeywords.navigateToUrl(WebUiBuiltInKeywords.groovy:187)&#xa;	at com.kms.katalon.core.webui.keyword.WebUiBuiltInKeywords$navigateToUrl$1.call(Unknown Source)&#xa;	at DES Login.run(DES Login:26)&#xa;	at com.kms.katalon.core.main.ScriptEngine.run(ScriptEngine.java:194)&#xa;	at com.kms.katalon.core.main.ScriptEngine.runScriptAsRawText(ScriptEngine.java:119)&#xa;	at com.kms.katalon.core.main.TestCaseExecutor.runScript(TestCaseExecutor.java:448)&#xa;	at com.kms.katalon.core.main.TestCaseExecutor.doExecute(TestCaseExecutor.java:439)&#xa;	at com.kms.katalon.core.main.TestCaseExecutor.processExecutionPhase(TestCaseExecutor.java:418)&#xa;	at com.kms.katalon.core.main.TestCaseExecutor.accessMainPhase(TestCaseExecutor.java:410)&#xa;	at com.kms.katalon.core.main.TestCaseExecutor.execute(TestCaseExecutor.java:285)&#xa;	at com.kms.katalon.core.main.TestCaseMain.runTestCase(TestCaseMain.java:137)&#xa;	at com.kms.katalon.core.keyword.builtin.CallTestCaseKeyword$_callTestCase_closure1.doCall(CallTestCaseKeyword.groovy:59)&#xa;	... 25 more&#xa;Caused by: org.openqa.selenium.WebDriverException: java.net.ConnectException: Failed to connect to localhost/[0:0:0:0:0:0:0:1]:24400&#xa;Build info: version: '3.141.59', revision: 'unknown', time: 'unknown'&#xa;System info: host: 'DC1ADOBLD01', ip: '10.2.20.71', os.name: 'Windows Server 2019', os.arch: 'amd64', os.version: '10.0', java.version: '17.0.7'&#xa;Driver info: driver.version: RemoteWebDriver&#xa;	at org.openqa.selenium.remote.service.DriverCommandExecutor.execute(DriverCommandExecutor.java:92)&#xa;	at org.openqa.selenium.remote.RemoteWebDriver.execute(RemoteWebDriver.java:552)&#xa;	at com.kms.katalon.selenium.driver.CChromeDriver.execute(CChromeDriver.java:19)&#xa;	at org.openqa.selenium.remote.RemoteWebDriver.get(RemoteWebDriver.java:277)&#xa;	at org.openqa.selenium.remote.RemoteWebDriver$RemoteNavigation.to(RemoteWebDriver.java:857)&#xa;	at org.openqa.selenium.support.events.EventFiringWebDriver$EventFiringNavigation.to(EventFiringWebDriver.java:569)&#xa;	at com.kms.katalon.core.webui.keyword.builtin.NavigateToUrlKeyword$_navigateToUrl_closure1.doCall(NavigateToUrlKeyword.groovy:81)&#xa;	at com.kms.katalon.core.webui.keyword.builtin.NavigateToUrlKeyword$_navigateToUrl_closure1.call(NavigateToUrlKeyword.groovy)&#xa;	at com.kms.katalon.core.webui.keyword.internal.WebUIKeywordMain.runKeyword(WebUIKeywordMain.groovy:35)&#xa;	at com.kms.katalon.core.webui.keyword.builtin.NavigateToUrlKeyword.navigateToUrl(NavigateToUrlKeyword.groovy:83)&#xa;	at com.kms.katalon.core.webui.keyword.builtin.NavigateToUrlKeyword.execute(NavigateToUrlKeyword.groovy:67)&#xa;	at com.kms.katalon.core.keyword.internal.KeywordExecutor.executeKeywordForPlatform(KeywordExecutor.groovy:74)&#xa;	at com.kms.katalon.core.webui.keyword.WebUiBuiltInKeywords.navigateToUrl(WebUiBuiltInKeywords.groovy:187)&#xa;	at com.kms.katalon.core.webui.keyword.WebUiBuiltInKeywords$navigateToUrl$1.call(Unknown Source)&#xa;	at Script1749499513693.run(Script1749499513693.groovy:26)&#xa;	at com.kms.katalon.core.main.ScriptEngine.run(ScriptEngine.java:194)&#xa;	at com.kms.katalon.core.main.ScriptEngine.runScriptAsRawText(ScriptEngine.java:119)&#xa;	at com.kms.katalon.core.main.TestCaseExecutor.runScript(TestCaseExecutor.java:448)&#xa;	at com.kms.katalon.core.main.TestCaseExecutor.doExecute(TestCaseExecutor.java:439)&#xa;	at com.kms.katalon.core.main.TestCaseExecutor.processExecutionPhase(TestCaseExecutor.java:418)&#xa;	at com.kms.katalon.core.main.TestCaseExecutor.accessMainPhase(TestCaseExecutor.java:410)&#xa;	at com.kms.katalon.core.main.TestCaseExecutor.execute(TestCaseExecutor.java:285)&#xa;	at com.kms.katalon.core.main.TestCaseMain.runTestCase(TestCaseMain.java:137)&#xa;	at com.kms.katalon.core.keyword.builtin.CallTestCaseKeyword$_callTestCase_closure1.doCall(CallTestCaseKeyword.groovy:59)&#xa;	at com.kms.katalon.core.keyword.builtin.CallTestCaseKeyword$_callTestCase_closure1.call(CallTestCaseKeyword.groovy)&#xa;	at com.kms.katalon.core.keyword.internal.KeywordMain.runKeyword(KeywordMain.groovy:75)&#xa;	at com.kms.katalon.core.keyword.builtin.CallTestCaseKeyword.callTestCase(CallTestCaseKeyword.groovy:81)&#xa;	at com.kms.katalon.core.keyword.builtin.CallTestCaseKeyword.execute(CallTestCaseKeyword.groovy:44)&#xa;	at com.kms.katalon.core.keyword.internal.KeywordExecutor.executeKeywordForPlatform(KeywordExecutor.groovy:74)&#xa;	at com.kms.katalon.core.keyword.BuiltinKeywords.callTestCase(BuiltinKeywords.groovy:310)&#xa;	at jdk.internal.reflect.GeneratedMethodAccessor41.invoke(Unknown Source)&#xa;	at java.base/jdk.internal.reflect.DelegatingMethodAccessorImpl.invoke(DelegatingMethodAccessorImpl.java:43)&#xa;	at Script1685557356170.run(Script1685557356170.groovy:20)&#xa;	... 16 more&#xa;Caused by: java.net.ConnectException: Failed to connect to localhost/[0:0:0:0:0:0:0:1]:24400&#xa;	at okhttp3.internal.connection.RealConnection.connectSocket(RealConnection.java:247)&#xa;	at okhttp3.internal.connection.RealConnection.connect(RealConnection.java:165)&#xa;	at okhttp3.internal.connection.StreamAllocation.findConnection(StreamAllocation.java:257)&#xa;	at okhttp3.internal.connection.StreamAllocation.findHealthyConnection(StreamAllocation.java:135)&#xa;	at okhttp3.internal.connection.StreamAllocation.newStream(StreamAllocation.java:114)&#xa;	at okhttp3.internal.connection.ConnectInterceptor.intercept(ConnectInterceptor.java:42)&#xa;	at okhttp3.internal.http.RealInterceptorChain.proceed(RealInterceptorChain.java:147)&#xa;	at okhttp3.internal.http.RealInterceptorChain.proceed(RealInterceptorChain.java:121)&#xa;	at okhttp3.internal.cache.CacheInterceptor.intercept(CacheInterceptor.java:93)&#xa;	at okhttp3.internal.http.RealInterceptorChain.proceed(RealInterceptorChain.java:147)&#xa;	at okhttp3.internal.http.RealInterceptorChain.proceed(RealInterceptorChain.java:121)&#xa;	at okhttp3.internal.http.BridgeInterceptor.intercept(BridgeInterceptor.java:93)&#xa;	at okhttp3.internal.http.RealInterceptorChain.proceed(RealInterceptorChain.java:147)&#xa;	at okhttp3.internal.http.RetryAndFollowUpInterceptor.intercept(RetryAndFollowUpInterceptor.java:126)&#xa;	at okhttp3.internal.http.RealInterceptorChain.proceed(RealInterceptorChain.java:147)&#xa;	at okhttp3.internal.http.RealInterceptorChain.proceed(RealInterceptorChain.java:121)&#xa;	at okhttp3.RealCall.getResponseWithInterceptorChain(RealCall.java:200)&#xa;	at okhttp3.RealCall.execute(RealCall.java:77)&#xa;	at org.openqa.selenium.remote.internal.OkHttpClient.execute(OkHttpClient.java:103)&#xa;	at org.openqa.selenium.remote.HttpCommandExecutor.execute(HttpCommandExecutor.java:155)&#xa;	at org.openqa.selenium.remote.service.DriverCommandExecutor.execute(DriverCommandExecutor.java:83)&#xa;	... 48 more&#xa;Caused by: java.net.ConnectException: Connection refused: no further information&#xa;	at okhttp3.internal.platform.Platform.connectSocket(Platform.java:129)&#xa;	at okhttp3.internal.connection.RealConnection.connectSocket(RealConnection.java:245)&#xa;	at okhttp3.internal.connection.RealConnection.connect(RealConnection.java:165)&#xa;	at okhttp3.internal.connection.StreamAllocation.findConnection(StreamAllocation.java:257)&#xa;	at okhttp3.internal.connection.StreamAllocation.findHealthyConnection(StreamAllocation.java:135)&#xa;	at okhttp3.internal.connection.StreamAllocation.newStream(StreamAllocation.java:114)&#xa;	at okhttp3.internal.connection.ConnectInterceptor.intercept(ConnectInterceptor.java:42)&#xa;	at okhttp3.internal.http.RealInterceptorChain.proceed(RealInterceptorChain.java:147)&#xa;	at okhttp3.internal.http.RealInterceptorChain.proceed(RealInterceptorChain.java:121)&#xa;	at okhttp3.internal.cache.CacheInterceptor.intercept(CacheInterceptor.java:93)&#xa;	at okhttp3.internal.http.RealInterceptorChain.proceed(RealInterceptorChain.java:147)&#xa;	at okhttp3.internal.http.RealInterceptorChain.proceed(RealInterceptorChain.java:121)&#xa;	at okhttp3.internal.http.BridgeInterceptor.intercept(BridgeInterceptor.java:93)&#xa;	at okhttp3.internal.http.RealInterceptorChain.proceed(RealInterceptorChain.java:147)&#xa;	at okhttp3.internal.http.RetryAndFollowUpInterceptor.intercept(RetryAndFollowUpInterceptor.java:126)&#xa;	at okhttp3.internal.http.RealInterceptorChain.proceed(RealInterceptorChain.java:147)&#xa;	at okhttp3.internal.http.RealInterceptorChain.proceed(RealInterceptorChain.java:121)&#xa;	at okhttp3.RealCall.getResponseWithInterceptorChain(RealCall.java:200)&#xa;	at okhttp3.RealCall.execute(RealCall.java:77)&#xa;	at org.openqa.selenium.remote.internal.OkHttpClient.execute(OkHttpClient.java:103)&#xa;	at org.openqa.selenium.remote.HttpCommandExecutor.execute(HttpCommandExecutor.java:155)&#xa;	at org.openqa.selenium.remote.service.DriverCommandExecutor.execute(DriverCommandExecutor.java:83)&#xa;	at org.openqa.selenium.remote.RemoteWebDriver.execute(RemoteWebDriver.java:552)&#xa;	at com.kms.katalon.selenium.driver.CChromeDriver.execute(CChromeDriver.java:19)&#xa;	at org.openqa.selenium.remote.RemoteWebDriver.get(RemoteWebDriver.java:277)&#xa;	at org.openqa.selenium.remote.RemoteWebDriver$RemoteNavigation.to(RemoteWebDriver.java:857)&#xa;	at org.openqa.selenium.support.events.EventFiringWebDriver$EventFiringNavigation.to(EventFiringWebDriver.java:569)&#xa;	at com.kms.katalon.core.webui.keyword.builtin.NavigateToUrlKeyword$_navigateToUrl_closure1.doCall(NavigateToUrlKeyword.groovy:81)&#xa;	at com.kms.katalon.core.webui.keyword.builtin.NavigateToUrlKeyword$_navigateToUrl_closure1.call(NavigateToUrlKeyword.groovy)&#xa;	at com.kms.katalon.core.webui.keyword.internal.WebUIKeywordMain.runKeyword(WebUIKeywordMain.groovy:35)&#xa;	at com.kms.katalon.core.webui.keyword.builtin.NavigateToUrlKeyword.navigateToUrl(NavigateToUrlKeyword.groovy:83)&#xa;	at com.kms.katalon.core.webui.keyword.builtin.NavigateToUrlKeyword.execute(NavigateToUrlKeyword.groovy:67)&#xa;	at com.kms.katalon.core.keyword.internal.KeywordExecutor.executeKeywordForPlatform(KeywordExecutor.groovy:74)&#xa;	at com.kms.katalon.core.webui.keyword.WebUiBuiltInKeywords.navigateToUrl(WebUiBuiltInKeywords.groovy:187)&#xa;	at com.kms.katalon.core.webui.keyword.WebUiBuiltInKeywords$navigateToUrl$1.call(Unknown Source)&#xa;	at DES Login.run(DES Login:26)&#xa;	at com.kms.katalon.core.main.ScriptEngine.run(ScriptEngine.java:194)&#xa;	at com.kms.katalon.core.main.ScriptEngine.runScriptAsRawText(ScriptEngine.java:119)&#xa;	at com.kms.katalon.core.main.TestCaseExecutor.runScript(TestCaseExecutor.java:448)&#xa;	at com.kms.katalon.core.main.TestCaseExecutor.doExecute(TestCaseExecutor.java:439)&#xa;	at com.kms.katalon.core.main.TestCaseExecutor.processExecutionPhase(TestCaseExecutor.java:418)&#xa;	at com.kms.katalon.core.main.TestCaseExecutor.accessMainPhase(TestCaseExecutor.java:410)&#xa;	at com.kms.katalon.core.main.TestCaseExecutor.execute(TestCaseExecutor.java:285)&#xa;	at com.kms.katalon.core.main.TestCaseMain.runTestCase(TestCaseMain.java:137)&#xa;	at com.kms.katalon.core.keyword.builtin.CallTestCaseKeyword$_callTestCase_closure1.doCall(CallTestCaseKeyword.groovy:59)&#xa;	at com.kms.katalon.core.keyword.builtin.CallTestCaseKeyword$_callTestCase_closure1.call(CallTestCaseKeyword.groovy)&#xa;	at com.kms.katalon.core.keyword.internal.KeywordMain.runKeyword(KeywordMain.groovy:75)&#xa;	at com.kms.katalon.core.keyword.builtin.CallTestCaseKeyword.callTestCase(CallTestCaseKeyword.groovy:81)&#xa;	at com.kms.katalon.core.keyword.builtin.CallTestCaseKeyword.execute(CallTestCaseKeyword.groovy:44)&#xa;	at com.kms.katalon.core.keyword.internal.KeywordExecutor.executeKeywordForPlatform(KeywordExecutor.groovy:74)&#xa;	at com.kms.katalon.core.keyword.BuiltinKeywords.callTestCase(BuiltinKeywords.groovy:310)&#xa;	at jdk.internal.reflect.GeneratedMethodAccessor41.invoke(Unknown Source)&#xa;	at java.base/jdk.internal.reflect.DelegatingMethodAccessorImpl.invoke(DelegatingMethodAccessorImpl.java:43)&#xa;	at Verify Process Now for Inbound Inventory.run(Verify Process Now for Inbound Inventory:20)&#xa;	... 16 more&#xa;"/>
         <system-out><![CDATA[21-10-2025T19:07:46 - [TEST_CASE][FAILED] - Test Cases/DES/Trading Partners Page/Subscription/Verify Process Now for Inbound Inventory: Test Cases/DES/Trading Partners Page/Subscription/Verify Process Now for Inbound Inventory FAILED.
Reason:
com.kms.katalon.core.exception.StepFailedException: Call Test Case 'Test Cases/DES/DES Login' failed
	at com.kms.katalon.core.keyword.builtin.CallTestCaseKeyword$_callTestCase_closure1.doCall(CallTestCaseKeyword.groovy:63)
	at com.kms.katalon.core.keyword.builtin.CallTestCaseKeyword$_callTestCase_closure1.call(CallTestCaseKeyword.groovy)
	at com.kms.katalon.core.keyword.internal.KeywordMain.runKeyword(KeywordMain.groovy:75)
	at com.kms.katalon.core.keyword.builtin.CallTestCaseKeyword.callTestCase(CallTestCaseKeyword.groovy:81)
	at com.kms.katalon.core.keyword.builtin.CallTestCaseKeyword.execute(CallTestCaseKeyword.groovy:44)
	at com.kms.katalon.core.keyword.internal.KeywordExecutor.executeKeywordForPlatform(KeywordExecutor.groovy:74)
	at com.kms.katalon.core.keyword.BuiltinKeywords.callTestCase(BuiltinKeywords.groovy:310)
	at jdk.internal.reflect.GeneratedMethodAccessor41.invoke(Unknown Source)
	at java.base/jdk.internal.reflect.DelegatingMethodAccessorImpl.invoke(DelegatingMethodAccessorImpl.java:43)
	at Verify Process Now for Inbound Inventory.run(Verify Process Now for Inbound Inventory:20)
	at com.kms.katalon.core.main.ScriptEngine.run(ScriptEngine.java:194)
	at com.kms.katalon.core.main.ScriptEngine.runScriptAsRawText(ScriptEngine.java:119)
	at com.kms.katalon.core.main.TestCaseExecutor.runScript(TestCaseExecutor.java:448)
	at com.kms.katalon.core.main.TestCaseExecutor.doExecute(TestCaseExecutor.java:439)
	at com.kms.katalon.core.main.TestCaseExecutor.processExecutionPhase(TestCaseExecutor.java:418)
	at com.kms.katalon.core.main.TestCaseExecutor.accessMainPhase(TestCaseExecutor.java:410)
	at com.kms.katalon.core.main.TestCaseExecutor.execute(TestCaseExecutor.java:285)
	at com.kms.katalon.core.common.CommonExecutor.accessTestCaseMainPhase(CommonExecutor.java:65)
	at com.kms.katalon.core.main.TestSuiteExecutor.accessTestSuiteMainPhase(TestSuiteExecutor.java:150)
	at com.kms.katalon.core.main.TestSuiteExecutor.execute(TestSuiteExecutor.java:106)
	at com.kms.katalon.core.main.TestCaseMain.startTestSuite(TestCaseMain.java:180)
	at com.kms.katalon.core.main.TestCaseMain$startTestSuite$0.call(Unknown Source)
	at TempTestSuite1761084128061.run(TempTestSuite1761084128061.groovy:35)
	at java.base/jdk.internal.reflect.NativeMethodAccessorImpl.invoke0(Native Method)
	at java.base/jdk.internal.reflect.NativeMethodAccessorImpl.invoke(NativeMethodAccessorImpl.java:77)
	at java.base/jdk.internal.reflect.DelegatingMethodAccessorImpl.invoke(DelegatingMethodAccessorImpl.java:43)
Caused by: com.kms.katalon.core.exception.StepFailedException: Unable to navigate to 'https://dx-portal.qa.thekag.com/'
	at com.kms.katalon.core.webui.keyword.internal.WebUIKeywordMain.stepFailed(WebUIKeywordMain.groovy:117)
	at com.kms.katalon.core.webui.keyword.internal.WebUIKeywordMain.runKeyword(WebUIKeywordMain.groovy:43)
	at com.kms.katalon.core.webui.keyword.builtin.NavigateToUrlKeyword.navigateToUrl(NavigateToUrlKeyword.groovy:83)
	at com.kms.katalon.core.webui.keyword.builtin.NavigateToUrlKeyword.execute(NavigateToUrlKeyword.groovy:67)
	at com.kms.katalon.core.keyword.internal.KeywordExecutor.executeKeywordForPlatform(KeywordExecutor.groovy:74)
	at com.kms.katalon.core.webui.keyword.WebUiBuiltInKeywords.navigateToUrl(WebUiBuiltInKeywords.groovy:187)
	at com.kms.katalon.core.webui.keyword.WebUiBuiltInKeywords$navigateToUrl$1.call(Unknown Source)
	at DES Login.run(DES Login:26)
	at com.kms.katalon.core.main.ScriptEngine.run(ScriptEngine.java:194)
	at com.kms.katalon.core.main.ScriptEngine.runScriptAsRawText(ScriptEngine.java:119)
	at com.kms.katalon.core.main.TestCaseExecutor.runScript(TestCaseExecutor.java:448)
	at com.kms.katalon.core.main.TestCaseExecutor.doExecute(TestCaseExecutor.java:439)
	at com.kms.katalon.core.main.TestCaseExecutor.processExecutionPhase(TestCaseExecutor.java:418)
	at com.kms.katalon.core.main.TestCaseExecutor.accessMainPhase(TestCaseExecutor.java:410)
	at com.kms.katalon.core.main.TestCaseExecutor.execute(TestCaseExecutor.java:285)
	at com.kms.katalon.core.main.TestCaseMain.runTestCase(TestCaseMain.java:137)
	at com.kms.katalon.core.keyword.builtin.CallTestCaseKeyword$_callTestCase_closure1.doCall(CallTestCaseKeyword.groovy:59)
	... 25 more
Caused by: org.openqa.selenium.WebDriverException: java.net.ConnectException: Failed to connect to localhost/[0:0:0:0:0:0:0:1]:24400
Build info: version: '3.141.59', revision: 'unknown', time: 'unknown'
System info: host: 'DC1ADOBLD01', ip: '10.2.20.71', os.name: 'Windows Server 2019', os.arch: 'amd64', os.version: '10.0', java.version: '17.0.7'
Driver info: driver.version: RemoteWebDriver
	at org.openqa.selenium.remote.service.DriverCommandExecutor.execute(DriverCommandExecutor.java:92)
	at org.openqa.selenium.remote.RemoteWebDriver.execute(RemoteWebDriver.java:552)
	at com.kms.katalon.selenium.driver.CChromeDriver.execute(CChromeDriver.java:19)
	at org.openqa.selenium.remote.RemoteWebDriver.get(RemoteWebDriver.java:277)
	at org.openqa.selenium.remote.RemoteWebDriver$RemoteNavigation.to(RemoteWebDriver.java:857)
	at org.openqa.selenium.support.events.EventFiringWebDriver$EventFiringNavigation.to(EventFiringWebDriver.java:569)
	at com.kms.katalon.core.webui.keyword.builtin.NavigateToUrlKeyword$_navigateToUrl_closure1.doCall(NavigateToUrlKeyword.groovy:81)
	at com.kms.katalon.core.webui.keyword.builtin.NavigateToUrlKeyword$_navigateToUrl_closure1.call(NavigateToUrlKeyword.groovy)
	at com.kms.katalon.core.webui.keyword.internal.WebUIKeywordMain.runKeyword(WebUIKeywordMain.groovy:35)
	at com.kms.katalon.core.webui.keyword.builtin.NavigateToUrlKeyword.navigateToUrl(NavigateToUrlKeyword.groovy:83)
	at com.kms.katalon.core.webui.keyword.builtin.NavigateToUrlKeyword.execute(NavigateToUrlKeyword.groovy:67)
	at com.kms.katalon.core.keyword.internal.KeywordExecutor.executeKeywordForPlatform(KeywordExecutor.groovy:74)
	at com.kms.katalon.core.webui.keyword.WebUiBuiltInKeywords.navigateToUrl(WebUiBuiltInKeywords.groovy:187)
	at com.kms.katalon.core.webui.keyword.WebUiBuiltInKeywords$navigateToUrl$1.call(Unknown Source)
	at Script1749499513693.run(Script1749499513693.groovy:26)
	at com.kms.katalon.core.main.ScriptEngine.run(ScriptEngine.java:194)
	at com.kms.katalon.core.main.ScriptEngine.runScriptAsRawText(ScriptEngine.java:119)
	at com.kms.katalon.core.main.TestCaseExecutor.runScript(TestCaseExecutor.java:448)
	at com.kms.katalon.core.main.TestCaseExecutor.doExecute(TestCaseExecutor.java:439)
	at com.kms.katalon.core.main.TestCaseExecutor.processExecutionPhase(TestCaseExecutor.java:418)
	at com.kms.katalon.core.main.TestCaseExecutor.accessMainPhase(TestCaseExecutor.java:410)
	at com.kms.katalon.core.main.TestCaseExecutor.execute(TestCaseExecutor.java:285)
	at com.kms.katalon.core.main.TestCaseMain.runTestCase(TestCaseMain.java:137)
	at com.kms.katalon.core.keyword.builtin.CallTestCaseKeyword$_callTestCase_closure1.doCall(CallTestCaseKeyword.groovy:59)
	at com.kms.katalon.core.keyword.builtin.CallTestCaseKeyword$_callTestCase_closure1.call(CallTestCaseKeyword.groovy)
	at com.kms.katalon.core.keyword.internal.KeywordMain.runKeyword(KeywordMain.groovy:75)
	at com.kms.katalon.core.keyword.builtin.CallTestCaseKeyword.callTestCase(CallTestCaseKeyword.groovy:81)
	at com.kms.katalon.core.keyword.builtin.CallTestCaseKeyword.execute(CallTestCaseKeyword.groovy:44)
	at com.kms.katalon.core.keyword.internal.KeywordExecutor.executeKeywordForPlatform(KeywordExecutor.groovy:74)
	at com.kms.katalon.core.keyword.BuiltinKeywords.callTestCase(BuiltinKeywords.groovy:310)
	at jdk.internal.reflect.GeneratedMethodAccessor41.invoke(Unknown Source)
	at java.base/jdk.internal.reflect.DelegatingMethodAccessorImpl.invoke(DelegatingMethodAccessorImpl.java:43)
	at Script1685557356170.run(Script1685557356170.groovy:20)
	... 16 more
Caused by: java.net.ConnectException: Failed to connect to localhost/[0:0:0:0:0:0:0:1]:24400
	at okhttp3.internal.connection.RealConnection.connectSocket(RealConnection.java:247)
	at okhttp3.internal.connection.RealConnection.connect(RealConnection.java:165)
	at okhttp3.internal.connection.StreamAllocation.findConnection(StreamAllocation.java:257)
	at okhttp3.internal.connection.StreamAllocation.findHealthyConnection(StreamAllocation.java:135)
	at okhttp3.internal.connection.StreamAllocation.newStream(StreamAllocation.java:114)
	at okhttp3.internal.connection.ConnectInterceptor.intercept(ConnectInterceptor.java:42)
	at okhttp3.internal.http.RealInterceptorChain.proceed(RealInterceptorChain.java:147)
	at okhttp3.internal.http.RealInterceptorChain.proceed(RealInterceptorChain.java:121)
	at okhttp3.internal.cache.CacheInterceptor.intercept(CacheInterceptor.java:93)
	at okhttp3.internal.http.RealInterceptorChain.proceed(RealInterceptorChain.java:147)
	at okhttp3.internal.http.RealInterceptorChain.proceed(RealInterceptorChain.java:121)
	at okhttp3.internal.http.BridgeInterceptor.intercept(BridgeInterceptor.java:93)
	at okhttp3.internal.http.RealInterceptorChain.proceed(RealInterceptorChain.java:147)
	at okhttp3.internal.http.RetryAndFollowUpInterceptor.intercept(RetryAndFollowUpInterceptor.java:126)
	at okhttp3.internal.http.RealInterceptorChain.proceed(RealInterceptorChain.java:147)
	at okhttp3.internal.http.RealInterceptorChain.proceed(RealInterceptorChain.java:121)
	at okhttp3.RealCall.getResponseWithInterceptorChain(RealCall.java:200)
	at okhttp3.RealCall.execute(RealCall.java:77)
	at org.openqa.selenium.remote.internal.OkHttpClient.execute(OkHttpClient.java:103)
	at org.openqa.selenium.remote.HttpCommandExecutor.execute(HttpCommandExecutor.java:155)
	at org.openqa.selenium.remote.service.DriverCommandExecutor.execute(DriverCommandExecutor.java:83)
	... 48 more
Caused by: java.net.ConnectException: Connection refused: no further information
	at okhttp3.internal.platform.Platform.connectSocket(Platform.java:129)
	at okhttp3.internal.connection.RealConnection.connectSocket(RealConnection.java:245)
	at okhttp3.internal.connection.RealConnection.connect(RealConnection.java:165)
	at okhttp3.internal.connection.StreamAllocation.findConnection(StreamAllocation.java:257)
	at okhttp3.internal.connection.StreamAllocation.findHealthyConnection(StreamAllocation.java:135)
	at okhttp3.internal.connection.StreamAllocation.newStream(StreamAllocation.java:114)
	at okhttp3.internal.connection.ConnectInterceptor.intercept(ConnectInterceptor.java:42)
	at okhttp3.internal.http.RealInterceptorChain.proceed(RealInterceptorChain.java:147)
	at okhttp3.internal.http.RealInterceptorChain.proceed(RealInterceptorChain.java:121)
	at okhttp3.internal.cache.CacheInterceptor.intercept(CacheInterceptor.java:93)
	at okhttp3.internal.http.RealInterceptorChain.proceed(RealInterceptorChain.java:147)
	at okhttp3.internal.http.RealInterceptorChain.proceed(RealInterceptorChain.java:121)
	at okhttp3.internal.http.BridgeInterceptor.intercept(BridgeInterceptor.java:93)
	at okhttp3.internal.http.RealInterceptorChain.proceed(RealInterceptorChain.java:147)
	at okhttp3.internal.http.RetryAndFollowUpInterceptor.intercept(RetryAndFollowUpInterceptor.java:126)
	at okhttp3.internal.http.RealInterceptorChain.proceed(RealInterceptorChain.java:147)
	at okhttp3.internal.http.RealInterceptorChain.proceed(RealInterceptorChain.java:121)
	at okhttp3.RealCall.getResponseWithInterceptorChain(RealCall.java:200)
	at okhttp3.RealCall.execute(RealCall.java:77)
	at org.openqa.selenium.remote.internal.OkHttpClient.execute(OkHttpClient.java:103)
	at org.openqa.selenium.remote.HttpCommandExecutor.execute(HttpCommandExecutor.java:155)
	at org.openqa.selenium.remote.service.DriverCommandExecutor.execute(DriverCommandExecutor.java:83)
	at org.openqa.selenium.remote.RemoteWebDriver.execute(RemoteWebDriver.java:552)
	at com.kms.katalon.selenium.driver.CChromeDriver.execute(CChromeDriver.java:19)
	at org.openqa.selenium.remote.RemoteWebDriver.get(RemoteWebDriver.java:277)
	at org.openqa.selenium.remote.RemoteWebDriver$RemoteNavigation.to(RemoteWebDriver.java:857)
	at org.openqa.selenium.support.events.EventFiringWebDriver$EventFiringNavigation.to(EventFiringWebDriver.java:569)
	at com.kms.katalon.core.webui.keyword.builtin.NavigateToUrlKeyword$_navigateToUrl_closure1.doCall(NavigateToUrlKeyword.groovy:81)
	at com.kms.katalon.core.webui.keyword.builtin.NavigateToUrlKeyword$_navigateToUrl_closure1.call(NavigateToUrlKeyword.groovy)
	at com.kms.katalon.core.webui.keyword.internal.WebUIKeywordMain.runKeyword(WebUIKeywordMain.groovy:35)
	at com.kms.katalon.core.webui.keyword.builtin.NavigateToUrlKeyword.navigateToUrl(NavigateToUrlKeyword.groovy:83)
	at com.kms.katalon.core.webui.keyword.builtin.NavigateToUrlKeyword.execute(NavigateToUrlKeyword.groovy:67)
	at com.kms.katalon.core.keyword.internal.KeywordExecutor.executeKeywordForPlatform(KeywordExecutor.groovy:74)
	at com.kms.katalon.core.webui.keyword.WebUiBuiltInKeywords.navigateToUrl(WebUiBuiltInKeywords.groovy:187)
	at com.kms.katalon.core.webui.keyword.WebUiBuiltInKeywords$navigateToUrl$1.call(Unknown Source)
	at DES Login.run(DES Login:26)
	at com.kms.katalon.core.main.ScriptEngine.run(ScriptEngine.java:194)
	at com.kms.katalon.core.main.ScriptEngine.runScriptAsRawText(ScriptEngine.java:119)
	at com.kms.katalon.core.main.TestCaseExecutor.runScript(TestCaseExecutor.java:448)
	at com.kms.katalon.core.main.TestCaseExecutor.doExecute(TestCaseExecutor.java:439)
	at com.kms.katalon.core.main.TestCaseExecutor.processExecutionPhase(TestCaseExecutor.java:418)
	at com.kms.katalon.core.main.TestCaseExecutor.accessMainPhase(TestCaseExecutor.java:410)
	at com.kms.katalon.core.main.TestCaseExecutor.execute(TestCaseExecutor.java:285)
	at com.kms.katalon.core.main.TestCaseMain.runTestCase(TestCaseMain.java:137)
	at com.kms.katalon.core.keyword.builtin.CallTestCaseKeyword$_callTestCase_closure1.doCall(CallTestCaseKeyword.groovy:59)
	at com.kms.katalon.core.keyword.builtin.CallTestCaseKeyword$_callTestCase_closure1.call(CallTestCaseKeyword.groovy)
	at com.kms.katalon.core.keyword.internal.KeywordMain.runKeyword(KeywordMain.groovy:75)
	at com.kms.katalon.core.keyword.builtin.CallTestCaseKeyword.callTestCase(CallTestCaseKeyword.groovy:81)
	at com.kms.katalon.core.keyword.builtin.CallTestCaseKeyword.execute(CallTestCaseKeyword.groovy:44)
	at com.kms.katalon.core.keyword.internal.KeywordExecutor.executeKeywordForPlatform(KeywordExecutor.groovy:74)
	at com.kms.katalon.core.keyword.BuiltinKeywords.callTestCase(BuiltinKeywords.groovy:310)
	at jdk.internal.reflect.GeneratedMethodAccessor41.invoke(Unknown Source)
	at java.base/jdk.internal.reflect.DelegatingMethodAccessorImpl.invoke(DelegatingMethodAccessorImpl.java:43)
	at Verify Process Now for Inbound Inventory.run(Verify Process Now for Inbound Inventory:20)
	... 16 more


21-10-2025T19:07:46 - [TEST_STEP][PASSED] - Start listener action : beforeTestCase: null

21-10-2025T19:07:46 - [TEST_STEP][PASSED] - addDefaultPackages(): null

21-10-2025T19:07:46 - [TEST_STEP][FAILED] - callTestCase(findTestCase("DES/DES Login"), [:], STOP_ON_FAILURE): Unable to call Test Case 'Test Cases/DES/DES Login' (Root cause: com.kms.katalon.core.exception.StepFailedException: Call Test Case 'Test Cases/DES/DES Login' failed
	at com.kms.katalon.core.keyword.builtin.CallTestCaseKeyword$_callTestCase_closure1.doCall(CallTestCaseKeyword.groovy:63)
	at com.kms.katalon.core.keyword.builtin.CallTestCaseKeyword$_callTestCase_closure1.call(CallTestCaseKeyword.groovy)
	at com.kms.katalon.core.keyword.internal.KeywordMain.runKeyword(KeywordMain.groovy:75)
	at com.kms.katalon.core.keyword.builtin.CallTestCaseKeyword.callTestCase(CallTestCaseKeyword.groovy:81)
	at com.kms.katalon.core.keyword.builtin.CallTestCaseKeyword.execute(CallTestCaseKeyword.groovy:44)
	at com.kms.katalon.core.keyword.internal.KeywordExecutor.executeKeywordForPlatform(KeywordExecutor.groovy:74)
	at com.kms.katalon.core.keyword.BuiltinKeywords.callTestCase(BuiltinKeywords.groovy:310)
	at jdk.internal.reflect.GeneratedMethodAccessor41.invoke(Unknown Source)
	at java.base/jdk.internal.reflect.DelegatingMethodAccessorImpl.invoke(DelegatingMethodAccessorImpl.java:43)
	at Verify Process Now for Inbound Inventory.run(Verify Process Now for Inbound Inventory:20)
	at com.kms.katalon.core.main.ScriptEngine.run(ScriptEngine.java:194)
	at com.kms.katalon.core.main.ScriptEngine.runScriptAsRawText(ScriptEngine.java:119)
	at com.kms.katalon.core.main.TestCaseExecutor.runScript(TestCaseExecutor.java:448)
	at com.kms.katalon.core.main.TestCaseExecutor.doExecute(TestCaseExecutor.java:439)
	at com.kms.katalon.core.main.TestCaseExecutor.processExecutionPhase(TestCaseExecutor.java:418)
	at com.kms.katalon.core.main.TestCaseExecutor.accessMainPhase(TestCaseExecutor.java:410)
	at com.kms.katalon.core.main.TestCaseExecutor.execute(TestCaseExecutor.java:285)
	at com.kms.katalon.core.common.CommonExecutor.accessTestCaseMainPhase(CommonExecutor.java:65)
	at com.kms.katalon.core.main.TestSuiteExecutor.accessTestSuiteMainPhase(TestSuiteExecutor.java:150)
	at com.kms.katalon.core.main.TestSuiteExecutor.execute(TestSuiteExecutor.java:106)
	at com.kms.katalon.core.main.TestCaseMain.startTestSuite(TestCaseMain.java:180)
	at com.kms.katalon.core.main.TestCaseMain$startTestSuite$0.call(Unknown Source)
	at TempTestSuite1761084128061.run(TempTestSuite1761084128061.groovy:35)
	at java.base/jdk.internal.reflect.NativeMethodAccessorImpl.invoke0(Native Method)
	at java.base/jdk.internal.reflect.NativeMethodAccessorImpl.invoke(NativeMethodAccessorImpl.java:77)
	at java.base/jdk.internal.reflect.DelegatingMethodAccessorImpl.invoke(DelegatingMethodAccessorImpl.java:43)
Caused by: com.kms.katalon.core.exception.StepFailedException: Unable to navigate to 'https://dx-portal.qa.thekag.com/'
	at com.kms.katalon.core.webui.keyword.internal.WebUIKeywordMain.stepFailed(WebUIKeywordMain.groovy:117)
	at com.kms.katalon.core.webui.keyword.internal.WebUIKeywordMain.runKeyword(WebUIKeywordMain.groovy:43)
	at com.kms.katalon.core.webui.keyword.builtin.NavigateToUrlKeyword.navigateToUrl(NavigateToUrlKeyword.groovy:83)
	at com.kms.katalon.core.webui.keyword.builtin.NavigateToUrlKeyword.execute(NavigateToUrlKeyword.groovy:67)
	at com.kms.katalon.core.keyword.internal.KeywordExecutor.executeKeywordForPlatform(KeywordExecutor.groovy:74)
	at com.kms.katalon.core.webui.keyword.WebUiBuiltInKeywords.navigateToUrl(WebUiBuiltInKeywords.groovy:187)
	at com.kms.katalon.core.webui.keyword.WebUiBuiltInKeywords$navigateToUrl$1.call(Unknown Source)
	at DES Login.run(DES Login:26)
	at com.kms.katalon.core.main.ScriptEngine.run(ScriptEngine.java:194)
	at com.kms.katalon.core.main.ScriptEngine.runScriptAsRawText(ScriptEngine.java:119)
	at com.kms.katalon.core.main.TestCaseExecutor.runScript(TestCaseExecutor.java:448)
	at com.kms.katalon.core.main.TestCaseExecutor.doExecute(TestCaseExecutor.java:439)
	at com.kms.katalon.core.main.TestCaseExecutor.processExecutionPhase(TestCaseExecutor.java:418)
	at com.kms.katalon.core.main.TestCaseExecutor.accessMainPhase(TestCaseExecutor.java:410)
	at com.kms.katalon.core.main.TestCaseExecutor.execute(TestCaseExecutor.java:285)
	at com.kms.katalon.core.main.TestCaseMain.runTestCase(TestCaseMain.java:137)
	at com.kms.katalon.core.keyword.builtin.CallTestCaseKeyword$_callTestCase_closure1.doCall(CallTestCaseKeyword.groovy:59)
	... 25 more
Caused by: org.openqa.selenium.WebDriverException: java.net.ConnectException: Failed to connect to localhost/[0:0:0:0:0:0:0:1]:24400
Build info: version: '3.141.59', revision: 'unknown', time: 'unknown'
System info: host: 'DC1ADOBLD01', ip: '10.2.20.71', os.name: 'Windows Server 2019', os.arch: 'amd64', os.version: '10.0', java.version: '17.0.7'
Driver info: driver.version: RemoteWebDriver
	at org.openqa.selenium.remote.service.DriverCommandExecutor.execute(DriverCommandExecutor.java:92)
	at org.openqa.selenium.remote.RemoteWebDriver.execute(RemoteWebDriver.java:552)
	at com.kms.katalon.selenium.driver.CChromeDriver.execute(CChromeDriver.java:19)
	at org.openqa.selenium.remote.RemoteWebDriver.get(RemoteWebDriver.java:277)
	at org.openqa.selenium.remote.RemoteWebDriver$RemoteNavigation.to(RemoteWebDriver.java:857)
	at org.openqa.selenium.support.events.EventFiringWebDriver$EventFiringNavigation.to(EventFiringWebDriver.java:569)
	at com.kms.katalon.core.webui.keyword.builtin.NavigateToUrlKeyword$_navigateToUrl_closure1.doCall(NavigateToUrlKeyword.groovy:81)
	at com.kms.katalon.core.webui.keyword.builtin.NavigateToUrlKeyword$_navigateToUrl_closure1.call(NavigateToUrlKeyword.groovy)
	at com.kms.katalon.core.webui.keyword.internal.WebUIKeywordMain.runKeyword(WebUIKeywordMain.groovy:35)
	at com.kms.katalon.core.webui.keyword.builtin.NavigateToUrlKeyword.navigateToUrl(NavigateToUrlKeyword.groovy:83)
	at com.kms.katalon.core.webui.keyword.builtin.NavigateToUrlKeyword.execute(NavigateToUrlKeyword.groovy:67)
	at com.kms.katalon.core.keyword.internal.KeywordExecutor.executeKeywordForPlatform(KeywordExecutor.groovy:74)
	at com.kms.katalon.core.webui.keyword.WebUiBuiltInKeywords.navigateToUrl(WebUiBuiltInKeywords.groovy:187)
	at com.kms.katalon.core.webui.keyword.WebUiBuiltInKeywords$navigateToUrl$1.call(Unknown Source)
	at Script1749499513693.run(Script1749499513693.groovy:26)
	at com.kms.katalon.core.main.ScriptEngine.run(ScriptEngine.java:194)
	at com.kms.katalon.core.main.ScriptEngine.runScriptAsRawText(ScriptEngine.java:119)
	at com.kms.katalon.core.main.TestCaseExecutor.runScript(TestCaseExecutor.java:448)
	at com.kms.katalon.core.main.TestCaseExecutor.doExecute(TestCaseExecutor.java:439)
	at com.kms.katalon.core.main.TestCaseExecutor.processExecutionPhase(TestCaseExecutor.java:418)
	at com.kms.katalon.core.main.TestCaseExecutor.accessMainPhase(TestCaseExecutor.java:410)
	at com.kms.katalon.core.main.TestCaseExecutor.execute(TestCaseExecutor.java:285)
	at com.kms.katalon.core.main.TestCaseMain.runTestCase(TestCaseMain.java:137)
	at com.kms.katalon.core.keyword.builtin.CallTestCaseKeyword$_callTestCase_closure1.doCall(CallTestCaseKeyword.groovy:59)
	at com.kms.katalon.core.keyword.builtin.CallTestCaseKeyword$_callTestCase_closure1.call(CallTestCaseKeyword.groovy)
	at com.kms.katalon.core.keyword.internal.KeywordMain.runKeyword(KeywordMain.groovy:75)
	at com.kms.katalon.core.keyword.builtin.CallTestCaseKeyword.callTestCase(CallTestCaseKeyword.groovy:81)
	at com.kms.katalon.core.keyword.builtin.CallTestCaseKeyword.execute(CallTestCaseKeyword.groovy:44)
	at com.kms.katalon.core.keyword.internal.KeywordExecutor.executeKeywordForPlatform(KeywordExecutor.groovy:74)
	at com.kms.katalon.core.keyword.BuiltinKeywords.callTestCase(BuiltinKeywords.groovy:310)
	at jdk.internal.reflect.GeneratedMethodAccessor41.invoke(Unknown Source)
	at java.base/jdk.internal.reflect.DelegatingMethodAccessorImpl.invoke(DelegatingMethodAccessorImpl.java:43)
	at Script1685557356170.run(Script1685557356170.groovy:20)
	... 16 more
Caused by: java.net.ConnectException: Failed to connect to localhost/[0:0:0:0:0:0:0:1]:24400
	at okhttp3.internal.connection.RealConnection.connectSocket(RealConnection.java:247)
	at okhttp3.internal.connection.RealConnection.connect(RealConnection.java:165)
	at okhttp3.internal.connection.StreamAllocation.findConnection(StreamAllocation.java:257)
	at okhttp3.internal.connection.StreamAllocation.findHealthyConnection(StreamAllocation.java:135)
	at okhttp3.internal.connection.StreamAllocation.newStream(StreamAllocation.java:114)
	at okhttp3.internal.connection.ConnectInterceptor.intercept(ConnectInterceptor.java:42)
	at okhttp3.internal.http.RealInterceptorChain.proceed(RealInterceptorChain.java:147)
	at okhttp3.internal.http.RealInterceptorChain.proceed(RealInterceptorChain.java:121)
	at okhttp3.internal.cache.CacheInterceptor.intercept(CacheInterceptor.java:93)
	at okhttp3.internal.http.RealInterceptorChain.proceed(RealInterceptorChain.java:147)
	at okhttp3.internal.http.RealInterceptorChain.proceed(RealInterceptorChain.java:121)
	at okhttp3.internal.http.BridgeInterceptor.intercept(BridgeInterceptor.java:93)
	at okhttp3.internal.http.RealInterceptorChain.proceed(RealInterceptorChain.java:147)
	at okhttp3.internal.http.RetryAndFollowUpInterceptor.intercept(RetryAndFollowUpInterceptor.java:126)
	at okhttp3.internal.http.RealInterceptorChain.proceed(RealInterceptorChain.java:147)
	at okhttp3.internal.http.RealInterceptorChain.proceed(RealInterceptorChain.java:121)
	at okhttp3.RealCall.getResponseWithInterceptorChain(RealCall.java:200)
	at okhttp3.RealCall.execute(RealCall.java:77)
	at org.openqa.selenium.remote.internal.OkHttpClient.execute(OkHttpClient.java:103)
	at org.openqa.selenium.remote.HttpCommandExecutor.execute(HttpCommandExecutor.java:155)
	at org.openqa.selenium.remote.service.DriverCommandExecutor.execute(DriverCommandExecutor.java:83)
	... 48 more
Caused by: java.net.ConnectException: Connection refused: no further information
	at okhttp3.internal.platform.Platform.connectSocket(Platform.java:129)
	at okhttp3.internal.connection.RealConnection.connectSocket(RealConnection.java:245)
	at okhttp3.internal.connection.RealConnection.connect(RealConnection.java:165)
	at okhttp3.internal.connection.StreamAllocation.findConnection(StreamAllocation.java:257)
	at okhttp3.internal.connection.StreamAllocation.findHealthyConnection(StreamAllocation.java:135)
	at okhttp3.internal.connection.StreamAllocation.newStream(StreamAllocation.java:114)
	at okhttp3.internal.connection.ConnectInterceptor.intercept(ConnectInterceptor.java:42)
	at okhttp3.internal.http.RealInterceptorChain.proceed(RealInterceptorChain.java:147)
	at okhttp3.internal.http.RealInterceptorChain.proceed(RealInterceptorChain.java:121)
	at okhttp3.internal.cache.CacheInterceptor.intercept(CacheInterceptor.java:93)
	at okhttp3.internal.http.RealInterceptorChain.proceed(RealInterceptorChain.java:147)
	at okhttp3.internal.http.RealInterceptorChain.proceed(RealInterceptorChain.java:121)
	at okhttp3.internal.http.BridgeInterceptor.intercept(BridgeInterceptor.java:93)
	at okhttp3.internal.http.RealInterceptorChain.proceed(RealInterceptorChain.java:147)
	at okhttp3.internal.http.RetryAndFollowUpInterceptor.intercept(RetryAndFollowUpInterceptor.java:126)
	at okhttp3.internal.http.RealInterceptorChain.proceed(RealInterceptorChain.java:147)
	at okhttp3.internal.http.RealInterceptorChain.proceed(RealInterceptorChain.java:121)
	at okhttp3.RealCall.getResponseWithInterceptorChain(RealCall.java:200)
	at okhttp3.RealCall.execute(RealCall.java:77)
	at org.openqa.selenium.remote.internal.OkHttpClient.execute(OkHttpClient.java:103)
	at org.openqa.selenium.remote.HttpCommandExecutor.execute(HttpCommandExecutor.java:155)
	at org.openqa.selenium.remote.service.DriverCommandExecutor.execute(DriverCommandExecutor.java:83)
	at org.openqa.selenium.remote.RemoteWebDriver.execute(RemoteWebDriver.java:552)
	at com.kms.katalon.selenium.driver.CChromeDriver.execute(CChromeDriver.java:19)
	at org.openqa.selenium.remote.RemoteWebDriver.get(RemoteWebDriver.java:277)
	at org.openqa.selenium.remote.RemoteWebDriver$RemoteNavigation.to(RemoteWebDriver.java:857)
	at org.openqa.selenium.support.events.EventFiringWebDriver$EventFiringNavigation.to(EventFiringWebDriver.java:569)
	at com.kms.katalon.core.webui.keyword.builtin.NavigateToUrlKeyword$_navigateToUrl_closure1.doCall(NavigateToUrlKeyword.groovy:81)
	at com.kms.katalon.core.webui.keyword.builtin.NavigateToUrlKeyword$_navigateToUrl_closure1.call(NavigateToUrlKeyword.groovy)
	at com.kms.katalon.core.webui.keyword.internal.WebUIKeywordMain.runKeyword(WebUIKeywordMain.groovy:35)
	at com.kms.katalon.core.webui.keyword.builtin.NavigateToUrlKeyword.navigateToUrl(NavigateToUrlKeyword.groovy:83)
	at com.kms.katalon.core.webui.keyword.builtin.NavigateToUrlKeyword.execute(NavigateToUrlKeyword.groovy:67)
	at com.kms.katalon.core.keyword.internal.KeywordExecutor.executeKeywordForPlatform(KeywordExecutor.groovy:74)
	at com.kms.katalon.core.webui.keyword.WebUiBuiltInKeywords.navigateToUrl(WebUiBuiltInKeywords.groovy:187)
	at com.kms.katalon.core.webui.keyword.WebUiBuiltInKeywords$navigateToUrl$1.call(Unknown Source)
	at DES Login.run(DES Login:26)
	at com.kms.katalon.core.main.ScriptEngine.run(ScriptEngine.java:194)
	at com.kms.katalon.core.main.ScriptEngine.runScriptAsRawText(ScriptEngine.java:119)
	at com.kms.katalon.core.main.TestCaseExecutor.runScript(TestCaseExecutor.java:448)
	at com.kms.katalon.core.main.TestCaseExecutor.doExecute(TestCaseExecutor.java:439)
	at com.kms.katalon.core.main.TestCaseExecutor.processExecutionPhase(TestCaseExecutor.java:418)
	at com.kms.katalon.core.main.TestCaseExecutor.accessMainPhase(TestCaseExecutor.java:410)
	at com.kms.katalon.core.main.TestCaseExecutor.execute(TestCaseExecutor.java:285)
	at com.kms.katalon.core.main.TestCaseMain.runTestCase(TestCaseMain.java:137)
	at com.kms.katalon.core.keyword.builtin.CallTestCaseKeyword$_callTestCase_closure1.doCall(CallTestCaseKeyword.groovy:59)
	at com.kms.katalon.core.keyword.builtin.CallTestCaseKeyword$_callTestCase_closure1.call(CallTestCaseKeyword.groovy)
	at com.kms.katalon.core.keyword.internal.KeywordMain.runKeyword(KeywordMain.groovy:75)
	at com.kms.katalon.core.keyword.builtin.CallTestCaseKeyword.callTestCase(CallTestCaseKeyword.groovy:81)
	at com.kms.katalon.core.keyword.builtin.CallTestCaseKeyword.execute(CallTestCaseKeyword.groovy:44)
	at com.kms.katalon.core.keyword.internal.KeywordExecutor.executeKeywordForPlatform(KeywordExecutor.groovy:74)
	at com.kms.katalon.core.keyword.BuiltinKeywords.callTestCase(BuiltinKeywords.groovy:310)
	at jdk.internal.reflect.GeneratedMethodAccessor41.invoke(Unknown Source)
	at java.base/jdk.internal.reflect.DelegatingMethodAccessorImpl.invoke(DelegatingMethodAccessorImpl.java:43)
	at Verify Process Now for Inbound Inventory.run(Verify Process Now for Inbound Inventory:20)
	... 16 more
)

21-10-2025T19:07:46 - [TEST_CASE][FAILED] - Test Cases/DES/DES Login: Test Cases/DES/DES Login FAILED.
Reason:
com.kms.katalon.core.exception.StepFailedException: Unable to navigate to 'https://dx-portal.qa.thekag.com/'
	at com.kms.katalon.core.webui.keyword.internal.WebUIKeywordMain.stepFailed(WebUIKeywordMain.groovy:117)
	at com.kms.katalon.core.webui.keyword.internal.WebUIKeywordMain.runKeyword(WebUIKeywordMain.groovy:43)
	at com.kms.katalon.core.webui.keyword.builtin.NavigateToUrlKeyword.navigateToUrl(NavigateToUrlKeyword.groovy:83)
	at com.kms.katalon.core.webui.keyword.builtin.NavigateToUrlKeyword.execute(NavigateToUrlKeyword.groovy:67)
	at com.kms.katalon.core.keyword.internal.KeywordExecutor.executeKeywordForPlatform(KeywordExecutor.groovy:74)
	at com.kms.katalon.core.webui.keyword.WebUiBuiltInKeywords.navigateToUrl(WebUiBuiltInKeywords.groovy:187)
	at com.kms.katalon.core.webui.keyword.WebUiBuiltInKeywords$navigateToUrl$1.call(Unknown Source)
	at DES Login.run(DES Login:26)
	at com.kms.katalon.core.main.ScriptEngine.run(ScriptEngine.java:194)
	at com.kms.katalon.core.main.ScriptEngine.runScriptAsRawText(ScriptEngine.java:119)
	at com.kms.katalon.core.main.TestCaseExecutor.runScript(TestCaseExecutor.java:448)
	at com.kms.katalon.core.main.TestCaseExecutor.doExecute(TestCaseExecutor.java:439)
	at com.kms.katalon.core.main.TestCaseExecutor.processExecutionPhase(TestCaseExecutor.java:418)
	at com.kms.katalon.core.main.TestCaseExecutor.accessMainPhase(TestCaseExecutor.java:410)
	at com.kms.katalon.core.main.TestCaseExecutor.execute(TestCaseExecutor.java:285)
	at com.kms.katalon.core.main.TestCaseMain.runTestCase(TestCaseMain.java:137)
	at com.kms.katalon.core.keyword.builtin.CallTestCaseKeyword$_callTestCase_closure1.doCall(CallTestCaseKeyword.groovy:59)
	at com.kms.katalon.core.keyword.builtin.CallTestCaseKeyword$_callTestCase_closure1.call(CallTestCaseKeyword.groovy)
	at com.kms.katalon.core.keyword.internal.KeywordMain.runKeyword(KeywordMain.groovy:75)
	at com.kms.katalon.core.keyword.builtin.CallTestCaseKeyword.callTestCase(CallTestCaseKeyword.groovy:81)
	at com.kms.katalon.core.keyword.builtin.CallTestCaseKeyword.execute(CallTestCaseKeyword.groovy:44)
	at com.kms.katalon.core.keyword.internal.KeywordExecutor.executeKeywordForPlatform(KeywordExecutor.groovy:74)
	at com.kms.katalon.core.keyword.BuiltinKeywords.callTestCase(BuiltinKeywords.groovy:310)
	at jdk.internal.reflect.GeneratedMethodAccessor41.invoke(Unknown Source)
	at java.base/jdk.internal.reflect.DelegatingMethodAccessorImpl.invoke(DelegatingMethodAccessorImpl.java:43)
	at Verify Process Now for Inbound Inventory.run(Verify Process Now for Inbound Inventory:20)
	at com.kms.katalon.core.main.ScriptEngine.run(ScriptEngine.java:194)
	at com.kms.katalon.core.main.ScriptEngine.runScriptAsRawText(ScriptEngine.java:119)
	at com.kms.katalon.core.main.TestCaseExecutor.runScript(TestCaseExecutor.java:448)
	at com.kms.katalon.core.main.TestCaseExecutor.doExecute(TestCaseExecutor.java:439)
	at com.kms.katalon.core.main.TestCaseExecutor.processExecutionPhase(TestCaseExecutor.java:418)
	at com.kms.katalon.core.main.TestCaseExecutor.accessMainPhase(TestCaseExecutor.java:410)
	at com.kms.katalon.core.main.TestCaseExecutor.execute(TestCaseExecutor.java:285)
	at com.kms.katalon.core.common.CommonExecutor.accessTestCaseMainPhase(CommonExecutor.java:65)
	at com.kms.katalon.core.main.TestSuiteExecutor.accessTestSuiteMainPhase(TestSuiteExecutor.java:150)
	at com.kms.katalon.core.main.TestSuiteExecutor.execute(TestSuiteExecutor.java:106)
	at com.kms.katalon.core.main.TestCaseMain.startTestSuite(TestCaseMain.java:180)
	at com.kms.katalon.core.main.TestCaseMain$startTestSuite$0.call(Unknown Source)
	at TempTestSuite1761084128061.run(TempTestSuite1761084128061.groovy:35)
	at java.base/jdk.internal.reflect.NativeMethodAccessorImpl.invoke0(Native Method)
	at java.base/jdk.internal.reflect.NativeMethodAccessorImpl.invoke(NativeMethodAccessorImpl.java:77)
	at java.base/jdk.internal.reflect.DelegatingMethodAccessorImpl.invoke(DelegatingMethodAccessorImpl.java:43)
Caused by: org.openqa.selenium.WebDriverException: java.net.ConnectException: Failed to connect to localhost/[0:0:0:0:0:0:0:1]:24400
Build info: version: '3.141.59', revision: 'unknown', time: 'unknown'
System info: host: 'DC1ADOBLD01', ip: '10.2.20.71', os.name: 'Windows Server 2019', os.arch: 'amd64', os.version: '10.0', java.version: '17.0.7'
Driver info: driver.version: RemoteWebDriver
	at org.openqa.selenium.remote.service.DriverCommandExecutor.execute(DriverCommandExecutor.java:92)
	at org.openqa.selenium.remote.RemoteWebDriver.execute(RemoteWebDriver.java:552)
	at com.kms.katalon.selenium.driver.CChromeDriver.execute(CChromeDriver.java:19)
	at org.openqa.selenium.remote.RemoteWebDriver.get(RemoteWebDriver.java:277)
	at org.openqa.selenium.remote.RemoteWebDriver$RemoteNavigation.to(RemoteWebDriver.java:857)
	at org.openqa.selenium.support.events.EventFiringWebDriver$EventFiringNavigation.to(EventFiringWebDriver.java:569)
	at com.kms.katalon.core.webui.keyword.builtin.NavigateToUrlKeyword$_navigateToUrl_closure1.doCall(NavigateToUrlKeyword.groovy:81)
	at com.kms.katalon.core.webui.keyword.builtin.NavigateToUrlKeyword$_navigateToUrl_closure1.call(NavigateToUrlKeyword.groovy)
	at com.kms.katalon.core.webui.keyword.internal.WebUIKeywordMain.runKeyword(WebUIKeywordMain.groovy:35)
	at com.kms.katalon.core.webui.keyword.builtin.NavigateToUrlKeyword.navigateToUrl(NavigateToUrlKeyword.groovy:83)
	at com.kms.katalon.core.webui.keyword.builtin.NavigateToUrlKeyword.execute(NavigateToUrlKeyword.groovy:67)
	at com.kms.katalon.core.keyword.internal.KeywordExecutor.executeKeywordForPlatform(KeywordExecutor.groovy:74)
	at com.kms.katalon.core.webui.keyword.WebUiBuiltInKeywords.navigateToUrl(WebUiBuiltInKeywords.groovy:187)
	at com.kms.katalon.core.webui.keyword.WebUiBuiltInKeywords$navigateToUrl$1.call(Unknown Source)
	at Script1749499513693.run(Script1749499513693.groovy:26)
	at com.kms.katalon.core.main.ScriptEngine.run(ScriptEngine.java:194)
	at com.kms.katalon.core.main.ScriptEngine.runScriptAsRawText(ScriptEngine.java:119)
	at com.kms.katalon.core.main.TestCaseExecutor.runScript(TestCaseExecutor.java:448)
	at com.kms.katalon.core.main.TestCaseExecutor.doExecute(TestCaseExecutor.java:439)
	at com.kms.katalon.core.main.TestCaseExecutor.processExecutionPhase(TestCaseExecutor.java:418)
	at com.kms.katalon.core.main.TestCaseExecutor.accessMainPhase(TestCaseExecutor.java:410)
	at com.kms.katalon.core.main.TestCaseExecutor.execute(TestCaseExecutor.java:285)
	at com.kms.katalon.core.main.TestCaseMain.runTestCase(TestCaseMain.java:137)
	at com.kms.katalon.core.keyword.builtin.CallTestCaseKeyword$_callTestCase_closure1.doCall(CallTestCaseKeyword.groovy:59)
	at com.kms.katalon.core.keyword.builtin.CallTestCaseKeyword$_callTestCase_closure1.call(CallTestCaseKeyword.groovy)
	at com.kms.katalon.core.keyword.internal.KeywordMain.runKeyword(KeywordMain.groovy:75)
	at com.kms.katalon.core.keyword.builtin.CallTestCaseKeyword.callTestCase(CallTestCaseKeyword.groovy:81)
	at com.kms.katalon.core.keyword.builtin.CallTestCaseKeyword.execute(CallTestCaseKeyword.groovy:44)
	at com.kms.katalon.core.keyword.internal.KeywordExecutor.executeKeywordForPlatform(KeywordExecutor.groovy:74)
	at com.kms.katalon.core.keyword.BuiltinKeywords.callTestCase(BuiltinKeywords.groovy:310)
	at jdk.internal.reflect.GeneratedMethodAccessor41.invoke(Unknown Source)
	at java.base/jdk.internal.reflect.DelegatingMethodAccessorImpl.invoke(DelegatingMethodAccessorImpl.java:43)
	at Script1685557356170.run(Script1685557356170.groovy:20)
	... 16 more
Caused by: java.net.ConnectException: Failed to connect to localhost/[0:0:0:0:0:0:0:1]:24400
	at okhttp3.internal.connection.RealConnection.connectSocket(RealConnection.java:247)
	at okhttp3.internal.connection.RealConnection.connect(RealConnection.java:165)
	at okhttp3.internal.connection.StreamAllocation.findConnection(StreamAllocation.java:257)
	at okhttp3.internal.connection.StreamAllocation.findHealthyConnection(StreamAllocation.java:135)
	at okhttp3.internal.connection.StreamAllocation.newStream(StreamAllocation.java:114)
	at okhttp3.internal.connection.ConnectInterceptor.intercept(ConnectInterceptor.java:42)
	at okhttp3.internal.http.RealInterceptorChain.proceed(RealInterceptorChain.java:147)
	at okhttp3.internal.http.RealInterceptorChain.proceed(RealInterceptorChain.java:121)
	at okhttp3.internal.cache.CacheInterceptor.intercept(CacheInterceptor.java:93)
	at okhttp3.internal.http.RealInterceptorChain.proceed(RealInterceptorChain.java:147)
	at okhttp3.internal.http.RealInterceptorChain.proceed(RealInterceptorChain.java:121)
	at okhttp3.internal.http.BridgeInterceptor.intercept(BridgeInterceptor.java:93)
	at okhttp3.internal.http.RealInterceptorChain.proceed(RealInterceptorChain.java:147)
	at okhttp3.internal.http.RetryAndFollowUpInterceptor.intercept(RetryAndFollowUpInterceptor.java:126)
	at okhttp3.internal.http.RealInterceptorChain.proceed(RealInterceptorChain.java:147)
	at okhttp3.internal.http.RealInterceptorChain.proceed(RealInterceptorChain.java:121)
	at okhttp3.RealCall.getResponseWithInterceptorChain(RealCall.java:200)
	at okhttp3.RealCall.execute(RealCall.java:77)
	at org.openqa.selenium.remote.internal.OkHttpClient.execute(OkHttpClient.java:103)
	at org.openqa.selenium.remote.HttpCommandExecutor.execute(HttpCommandExecutor.java:155)
	at org.openqa.selenium.remote.service.DriverCommandExecutor.execute(DriverCommandExecutor.java:83)
	... 48 more
Caused by: java.net.ConnectException: Connection refused: no further information
	at okhttp3.internal.platform.Platform.connectSocket(Platform.java:129)
	at okhttp3.internal.connection.RealConnection.connectSocket(RealConnection.java:245)
	at okhttp3.internal.connection.RealConnection.connect(RealConnection.java:165)
	at okhttp3.internal.connection.StreamAllocation.findConnection(StreamAllocation.java:257)
	at okhttp3.internal.connection.StreamAllocation.findHealthyConnection(StreamAllocation.java:135)
	at okhttp3.internal.connection.StreamAllocation.newStream(StreamAllocation.java:114)
	at okhttp3.internal.connection.ConnectInterceptor.intercept(ConnectInterceptor.java:42)
	at okhttp3.internal.http.RealInterceptorChain.proceed(RealInterceptorChain.java:147)
	at okhttp3.internal.http.RealInterceptorChain.proceed(RealInterceptorChain.java:121)
	at okhttp3.internal.cache.CacheInterceptor.intercept(CacheInterceptor.java:93)
	at okhttp3.internal.http.RealInterceptorChain.proceed(RealInterceptorChain.java:147)
	at okhttp3.internal.http.RealInterceptorChain.proceed(RealInterceptorChain.java:121)
	at okhttp3.internal.http.BridgeInterceptor.intercept(BridgeInterceptor.java:93)
	at okhttp3.internal.http.RealInterceptorChain.proceed(RealInterceptorChain.java:147)
	at okhttp3.internal.http.RetryAndFollowUpInterceptor.intercept(RetryAndFollowUpInterceptor.java:126)
	at okhttp3.internal.http.RealInterceptorChain.proceed(RealInterceptorChain.java:147)
	at okhttp3.internal.http.RealInterceptorChain.proceed(RealInterceptorChain.java:121)
	at okhttp3.RealCall.getResponseWithInterceptorChain(RealCall.java:200)
	at okhttp3.RealCall.execute(RealCall.java:77)
	at org.openqa.selenium.remote.internal.OkHttpClient.execute(OkHttpClient.java:103)
	at org.openqa.selenium.remote.HttpCommandExecutor.execute(HttpCommandExecutor.java:155)
	at org.openqa.selenium.remote.service.DriverCommandExecutor.execute(DriverCommandExecutor.java:83)
	at org.openqa.selenium.remote.RemoteWebDriver.execute(RemoteWebDriver.java:552)
	at com.kms.katalon.selenium.driver.CChromeDriver.execute(CChromeDriver.java:19)
	at org.openqa.selenium.remote.RemoteWebDriver.get(RemoteWebDriver.java:277)
	at org.openqa.selenium.remote.RemoteWebDriver$RemoteNavigation.to(RemoteWebDriver.java:857)
	at org.openqa.selenium.support.events.EventFiringWebDriver$EventFiringNavigation.to(EventFiringWebDriver.java:569)
	at com.kms.katalon.core.webui.keyword.builtin.NavigateToUrlKeyword$_navigateToUrl_closure1.doCall(NavigateToUrlKeyword.groovy:81)
	at com.kms.katalon.core.webui.keyword.builtin.NavigateToUrlKeyword$_navigateToUrl_closure1.call(NavigateToUrlKeyword.groovy)
	at com.kms.katalon.core.webui.keyword.internal.WebUIKeywordMain.runKeyword(WebUIKeywordMain.groovy:35)
	at com.kms.katalon.core.webui.keyword.builtin.NavigateToUrlKeyword.navigateToUrl(NavigateToUrlKeyword.groovy:83)
	at com.kms.katalon.core.webui.keyword.builtin.NavigateToUrlKeyword.execute(NavigateToUrlKeyword.groovy:67)
	at com.kms.katalon.core.keyword.internal.KeywordExecutor.executeKeywordForPlatform(KeywordExecutor.groovy:74)
	at com.kms.katalon.core.webui.keyword.WebUiBuiltInKeywords.navigateToUrl(WebUiBuiltInKeywords.groovy:187)
	at com.kms.katalon.core.webui.keyword.WebUiBuiltInKeywords$navigateToUrl$1.call(Unknown Source)
	at DES Login.run(DES Login:26)
	at com.kms.katalon.core.main.ScriptEngine.run(ScriptEngine.java:194)
	at com.kms.katalon.core.main.ScriptEngine.runScriptAsRawText(ScriptEngine.java:119)
	at com.kms.katalon.core.main.TestCaseExecutor.runScript(TestCaseExecutor.java:448)
	at com.kms.katalon.core.main.TestCaseExecutor.doExecute(TestCaseExecutor.java:439)
	at com.kms.katalon.core.main.TestCaseExecutor.processExecutionPhase(TestCaseExecutor.java:418)
	at com.kms.katalon.core.main.TestCaseExecutor.accessMainPhase(TestCaseExecutor.java:410)
	at com.kms.katalon.core.main.TestCaseExecutor.execute(TestCaseExecutor.java:285)
	at com.kms.katalon.core.main.TestCaseMain.runTestCase(TestCaseMain.java:137)
	at com.kms.katalon.core.keyword.builtin.CallTestCaseKeyword$_callTestCase_closure1.doCall(CallTestCaseKeyword.groovy:59)
	at com.kms.katalon.core.keyword.builtin.CallTestCaseKeyword$_callTestCase_closure1.call(CallTestCaseKeyword.groovy)
	at com.kms.katalon.core.keyword.internal.KeywordMain.runKeyword(KeywordMain.groovy:75)
	at com.kms.katalon.core.keyword.builtin.CallTestCaseKeyword.callTestCase(CallTestCaseKeyword.groovy:81)
	at com.kms.katalon.core.keyword.builtin.CallTestCaseKeyword.execute(CallTestCaseKeyword.groovy:44)
	at com.kms.katalon.core.keyword.internal.KeywordExecutor.executeKeywordForPlatform(KeywordExecutor.groovy:74)
	at com.kms.katalon.core.keyword.BuiltinKeywords.callTestCase(BuiltinKeywords.groovy:310)
	at jdk.internal.reflect.GeneratedMethodAccessor41.invoke(Unknown Source)
	at java.base/jdk.internal.reflect.DelegatingMethodAccessorImpl.invoke(DelegatingMethodAccessorImpl.java:43)
	at Verify Process Now for Inbound Inventory.run(Verify Process Now for Inbound Inventory:20)
	... 16 more


21-10-2025T19:07:46 - [TEST_STEP][PASSED] - openBrowser(""): Browser is opened with url: ''

21-10-2025T19:07:46 - [MESSAGE][INFO] - Starting 'Chrome' driver

21-10-2025T19:07:46 - [MESSAGE][INFO] - User set preference: ['args', '[--no-sandbox, --disable-gpu, --disable-dev-shm-usage]']

21-10-2025T19:07:46 - [MESSAGE][INFO] - Action delay is set to 0 milliseconds

21-10-2025T19:07:47 - [MESSAGE][PASSED] - Browser is opened with url: ''

21-10-2025T19:07:47 - [TEST_STEP][PASSED] - maximizeWindow(): Current window maximized

21-10-2025T19:07:47 - [MESSAGE][PASSED] - Current window maximized

21-10-2025T19:07:47 - [TEST_STEP][PASSED] - delay(10): Delayed 10 second(s)

21-10-2025T19:07:57 - [MESSAGE][PASSED] - Delayed 10 second(s)

21-10-2025T19:07:57 - [TEST_STEP][FAILED] - navigateToUrl("https://dx-portal.qa.thekag.com/"): Unable to navigate to 'https://dx-portal.qa.thekag.com/' (Root cause: com.kms.katalon.core.exception.StepFailedException: Unable to navigate to 'https://dx-portal.qa.thekag.com/'
	at com.kms.katalon.core.webui.keyword.internal.WebUIKeywordMain.stepFailed(WebUIKeywordMain.groovy:117)
	at com.kms.katalon.core.webui.keyword.internal.WebUIKeywordMain.runKeyword(WebUIKeywordMain.groovy:43)
	at com.kms.katalon.core.webui.keyword.builtin.NavigateToUrlKeyword.navigateToUrl(NavigateToUrlKeyword.groovy:83)
	at com.kms.katalon.core.webui.keyword.builtin.NavigateToUrlKeyword.execute(NavigateToUrlKeyword.groovy:67)
	at com.kms.katalon.core.keyword.internal.KeywordExecutor.executeKeywordForPlatform(KeywordExecutor.groovy:74)
	at com.kms.katalon.core.webui.keyword.WebUiBuiltInKeywords.navigateToUrl(WebUiBuiltInKeywords.groovy:187)
	at com.kms.katalon.core.webui.keyword.WebUiBuiltInKeywords$navigateToUrl$1.call(Unknown Source)
	at DES Login.run(DES Login:26)
	at com.kms.katalon.core.main.ScriptEngine.run(ScriptEngine.java:194)
	at com.kms.katalon.core.main.ScriptEngine.runScriptAsRawText(ScriptEngine.java:119)
	at com.kms.katalon.core.main.TestCaseExecutor.runScript(TestCaseExecutor.java:448)
	at com.kms.katalon.core.main.TestCaseExecutor.doExecute(TestCaseExecutor.java:439)
	at com.kms.katalon.core.main.TestCaseExecutor.processExecutionPhase(TestCaseExecutor.java:418)
	at com.kms.katalon.core.main.TestCaseExecutor.accessMainPhase(TestCaseExecutor.java:410)
	at com.kms.katalon.core.main.TestCaseExecutor.execute(TestCaseExecutor.java:285)
	at com.kms.katalon.core.main.TestCaseMain.runTestCase(TestCaseMain.java:137)
	at com.kms.katalon.core.keyword.builtin.CallTestCaseKeyword$_callTestCase_closure1.doCall(CallTestCaseKeyword.groovy:59)
	at com.kms.katalon.core.keyword.builtin.CallTestCaseKeyword$_callTestCase_closure1.call(CallTestCaseKeyword.groovy)
	at com.kms.katalon.core.keyword.internal.KeywordMain.runKeyword(KeywordMain.groovy:75)
	at com.kms.katalon.core.keyword.builtin.CallTestCaseKeyword.callTestCase(CallTestCaseKeyword.groovy:81)
	at com.kms.katalon.core.keyword.builtin.CallTestCaseKeyword.execute(CallTestCaseKeyword.groovy:44)
	at com.kms.katalon.core.keyword.internal.KeywordExecutor.executeKeywordForPlatform(KeywordExecutor.groovy:74)
	at com.kms.katalon.core.keyword.BuiltinKeywords.callTestCase(BuiltinKeywords.groovy:310)
	at jdk.internal.reflect.GeneratedMethodAccessor41.invoke(Unknown Source)
	at java.base/jdk.internal.reflect.DelegatingMethodAccessorImpl.invoke(DelegatingMethodAccessorImpl.java:43)
	at Verify Process Now for Inbound Inventory.run(Verify Process Now for Inbound Inventory:20)
	at com.kms.katalon.core.main.ScriptEngine.run(ScriptEngine.java:194)
	at com.kms.katalon.core.main.ScriptEngine.runScriptAsRawText(ScriptEngine.java:119)
	at com.kms.katalon.core.main.TestCaseExecutor.runScript(TestCaseExecutor.java:448)
	at com.kms.katalon.core.main.TestCaseExecutor.doExecute(TestCaseExecutor.java:439)
	at com.kms.katalon.core.main.TestCaseExecutor.processExecutionPhase(TestCaseExecutor.java:418)
	at com.kms.katalon.core.main.TestCaseExecutor.accessMainPhase(TestCaseExecutor.java:410)
	at com.kms.katalon.core.main.TestCaseExecutor.execute(TestCaseExecutor.java:285)
	at com.kms.katalon.core.common.CommonExecutor.accessTestCaseMainPhase(CommonExecutor.java:65)
	at com.kms.katalon.core.main.TestSuiteExecutor.accessTestSuiteMainPhase(TestSuiteExecutor.java:150)
	at com.kms.katalon.core.main.TestSuiteExecutor.execute(TestSuiteExecutor.java:106)
	at com.kms.katalon.core.main.TestCaseMain.startTestSuite(TestCaseMain.java:180)
	at com.kms.katalon.core.main.TestCaseMain$startTestSuite$0.call(Unknown Source)
	at TempTestSuite1761084128061.run(TempTestSuite1761084128061.groovy:35)
	at java.base/jdk.internal.reflect.NativeMethodAccessorImpl.invoke0(Native Method)
	at java.base/jdk.internal.reflect.NativeMethodAccessorImpl.invoke(NativeMethodAccessorImpl.java:77)
	at java.base/jdk.internal.reflect.DelegatingMethodAccessorImpl.invoke(DelegatingMethodAccessorImpl.java:43)
Caused by: org.openqa.selenium.WebDriverException: java.net.ConnectException: Failed to connect to localhost/[0:0:0:0:0:0:0:1]:24400
Build info: version: '3.141.59', revision: 'unknown', time: 'unknown'
System info: host: 'DC1ADOBLD01', ip: '10.2.20.71', os.name: 'Windows Server 2019', os.arch: 'amd64', os.version: '10.0', java.version: '17.0.7'
Driver info: driver.version: RemoteWebDriver
	at org.openqa.selenium.remote.service.DriverCommandExecutor.execute(DriverCommandExecutor.java:92)
	at org.openqa.selenium.remote.RemoteWebDriver.execute(RemoteWebDriver.java:552)
	at com.kms.katalon.selenium.driver.CChromeDriver.execute(CChromeDriver.java:19)
	at org.openqa.selenium.remote.RemoteWebDriver.get(RemoteWebDriver.java:277)
	at org.openqa.selenium.remote.RemoteWebDriver$RemoteNavigation.to(RemoteWebDriver.java:857)
	at org.openqa.selenium.support.events.EventFiringWebDriver$EventFiringNavigation.to(EventFiringWebDriver.java:569)
	at com.kms.katalon.core.webui.keyword.builtin.NavigateToUrlKeyword$_navigateToUrl_closure1.doCall(NavigateToUrlKeyword.groovy:81)
	at com.kms.katalon.core.webui.keyword.builtin.NavigateToUrlKeyword$_navigateToUrl_closure1.call(NavigateToUrlKeyword.groovy)
	at com.kms.katalon.core.webui.keyword.internal.WebUIKeywordMain.runKeyword(WebUIKeywordMain.groovy:35)
	at com.kms.katalon.core.webui.keyword.builtin.NavigateToUrlKeyword.navigateToUrl(NavigateToUrlKeyword.groovy:83)
	at com.kms.katalon.core.webui.keyword.builtin.NavigateToUrlKeyword.execute(NavigateToUrlKeyword.groovy:67)
	at com.kms.katalon.core.keyword.internal.KeywordExecutor.executeKeywordForPlatform(KeywordExecutor.groovy:74)
	at com.kms.katalon.core.webui.keyword.WebUiBuiltInKeywords.navigateToUrl(WebUiBuiltInKeywords.groovy:187)
	at com.kms.katalon.core.webui.keyword.WebUiBuiltInKeywords$navigateToUrl$1.call(Unknown Source)
	at Script1749499513693.run(Script1749499513693.groovy:26)
	at com.kms.katalon.core.main.ScriptEngine.run(ScriptEngine.java:194)
	at com.kms.katalon.core.main.ScriptEngine.runScriptAsRawText(ScriptEngine.java:119)
	at com.kms.katalon.core.main.TestCaseExecutor.runScript(TestCaseExecutor.java:448)
	at com.kms.katalon.core.main.TestCaseExecutor.doExecute(TestCaseExecutor.java:439)
	at com.kms.katalon.core.main.TestCaseExecutor.processExecutionPhase(TestCaseExecutor.java:418)
	at com.kms.katalon.core.main.TestCaseExecutor.accessMainPhase(TestCaseExecutor.java:410)
	at com.kms.katalon.core.main.TestCaseExecutor.execute(TestCaseExecutor.java:285)
	at com.kms.katalon.core.main.TestCaseMain.runTestCase(TestCaseMain.java:137)
	at com.kms.katalon.core.keyword.builtin.CallTestCaseKeyword$_callTestCase_closure1.doCall(CallTestCaseKeyword.groovy:59)
	at com.kms.katalon.core.keyword.builtin.CallTestCaseKeyword$_callTestCase_closure1.call(CallTestCaseKeyword.groovy)
	at com.kms.katalon.core.keyword.internal.KeywordMain.runKeyword(KeywordMain.groovy:75)
	at com.kms.katalon.core.keyword.builtin.CallTestCaseKeyword.callTestCase(CallTestCaseKeyword.groovy:81)
	at com.kms.katalon.core.keyword.builtin.CallTestCaseKeyword.execute(CallTestCaseKeyword.groovy:44)
	at com.kms.katalon.core.keyword.internal.KeywordExecutor.executeKeywordForPlatform(KeywordExecutor.groovy:74)
	at com.kms.katalon.core.keyword.BuiltinKeywords.callTestCase(BuiltinKeywords.groovy:310)
	at jdk.internal.reflect.GeneratedMethodAccessor41.invoke(Unknown Source)
	at java.base/jdk.internal.reflect.DelegatingMethodAccessorImpl.invoke(DelegatingMethodAccessorImpl.java:43)
	at Script1685557356170.run(Script1685557356170.groovy:20)
	... 16 more
Caused by: java.net.ConnectException: Failed to connect to localhost/[0:0:0:0:0:0:0:1]:24400
	at okhttp3.internal.connection.RealConnection.connectSocket(RealConnection.java:247)
	at okhttp3.internal.connection.RealConnection.connect(RealConnection.java:165)
	at okhttp3.internal.connection.StreamAllocation.findConnection(StreamAllocation.java:257)
	at okhttp3.internal.connection.StreamAllocation.findHealthyConnection(StreamAllocation.java:135)
	at okhttp3.internal.connection.StreamAllocation.newStream(StreamAllocation.java:114)
	at okhttp3.internal.connection.ConnectInterceptor.intercept(ConnectInterceptor.java:42)
	at okhttp3.internal.http.RealInterceptorChain.proceed(RealInterceptorChain.java:147)
	at okhttp3.internal.http.RealInterceptorChain.proceed(RealInterceptorChain.java:121)
	at okhttp3.internal.cache.CacheInterceptor.intercept(CacheInterceptor.java:93)
	at okhttp3.internal.http.RealInterceptorChain.proceed(RealInterceptorChain.java:147)
	at okhttp3.internal.http.RealInterceptorChain.proceed(RealInterceptorChain.java:121)
	at okhttp3.internal.http.BridgeInterceptor.intercept(BridgeInterceptor.java:93)
	at okhttp3.internal.http.RealInterceptorChain.proceed(RealInterceptorChain.java:147)
	at okhttp3.internal.http.RetryAndFollowUpInterceptor.intercept(RetryAndFollowUpInterceptor.java:126)
	at okhttp3.internal.http.RealInterceptorChain.proceed(RealInterceptorChain.java:147)
	at okhttp3.internal.http.RealInterceptorChain.proceed(RealInterceptorChain.java:121)
	at okhttp3.RealCall.getResponseWithInterceptorChain(RealCall.java:200)
	at okhttp3.RealCall.execute(RealCall.java:77)
	at org.openqa.selenium.remote.internal.OkHttpClient.execute(OkHttpClient.java:103)
	at org.openqa.selenium.remote.HttpCommandExecutor.execute(HttpCommandExecutor.java:155)
	at org.openqa.selenium.remote.service.DriverCommandExecutor.execute(DriverCommandExecutor.java:83)
	... 48 more
Caused by: java.net.ConnectException: Connection refused: no further information
	at okhttp3.internal.platform.Platform.connectSocket(Platform.java:129)
	at okhttp3.internal.connection.RealConnection.connectSocket(RealConnection.java:245)
	... 68 more
)

21-10-2025T19:07:57 - [MESSAGE][FAILED] - Unable to navigate to 'https://dx-portal.qa.thekag.com/' (Root cause: com.kms.katalon.core.exception.StepFailedException: Unable to navigate to 'https://dx-portal.qa.thekag.com/'
	at com.kms.katalon.core.webui.keyword.internal.WebUIKeywordMain.stepFailed(WebUIKeywordMain.groovy:117)
	at com.kms.katalon.core.webui.keyword.internal.WebUIKeywordMain.runKeyword(WebUIKeywordMain.groovy:43)
	at com.kms.katalon.core.webui.keyword.builtin.NavigateToUrlKeyword.navigateToUrl(NavigateToUrlKeyword.groovy:83)
	at com.kms.katalon.core.webui.keyword.builtin.NavigateToUrlKeyword.execute(NavigateToUrlKeyword.groovy:67)
	at com.kms.katalon.core.keyword.internal.KeywordExecutor.executeKeywordForPlatform(KeywordExecutor.groovy:74)
	at com.kms.katalon.core.webui.keyword.WebUiBuiltInKeywords.navigateToUrl(WebUiBuiltInKeywords.groovy:187)
	at com.kms.katalon.core.webui.keyword.WebUiBuiltInKeywords$navigateToUrl$1.call(Unknown Source)
	at DES Login.run(DES Login:26)
	at com.kms.katalon.core.main.ScriptEngine.run(ScriptEngine.java:194)
	at com.kms.katalon.core.main.ScriptEngine.runScriptAsRawText(ScriptEngine.java:119)
	at com.kms.katalon.core.main.TestCaseExecutor.runScript(TestCaseExecutor.java:448)
	at com.kms.katalon.core.main.TestCaseExecutor.doExecute(TestCaseExecutor.java:439)
	at com.kms.katalon.core.main.TestCaseExecutor.processExecutionPhase(TestCaseExecutor.java:418)
	at com.kms.katalon.core.main.TestCaseExecutor.accessMainPhase(TestCaseExecutor.java:410)
	at com.kms.katalon.core.main.TestCaseExecutor.execute(TestCaseExecutor.java:285)
	at com.kms.katalon.core.main.TestCaseMain.runTestCase(TestCaseMain.java:137)
	at com.kms.katalon.core.keyword.builtin.CallTestCaseKeyword$_callTestCase_closure1.doCall(CallTestCaseKeyword.groovy:59)
	at com.kms.katalon.core.keyword.builtin.CallTestCaseKeyword$_callTestCase_closure1.call(CallTestCaseKeyword.groovy)
	at com.kms.katalon.core.keyword.internal.KeywordMain.runKeyword(KeywordMain.groovy:75)
	at com.kms.katalon.core.keyword.builtin.CallTestCaseKeyword.callTestCase(CallTestCaseKeyword.groovy:81)
	at com.kms.katalon.core.keyword.builtin.CallTestCaseKeyword.execute(CallTestCaseKeyword.groovy:44)
	at com.kms.katalon.core.keyword.internal.KeywordExecutor.executeKeywordForPlatform(KeywordExecutor.groovy:74)
	at com.kms.katalon.core.keyword.BuiltinKeywords.callTestCase(BuiltinKeywords.groovy:310)
	at jdk.internal.reflect.GeneratedMethodAccessor41.invoke(Unknown Source)
	at java.base/jdk.internal.reflect.DelegatingMethodAccessorImpl.invoke(DelegatingMethodAccessorImpl.java:43)
	at Verify Process Now for Inbound Inventory.run(Verify Process Now for Inbound Inventory:20)
	at com.kms.katalon.core.main.ScriptEngine.run(ScriptEngine.java:194)
	at com.kms.katalon.core.main.ScriptEngine.runScriptAsRawText(ScriptEngine.java:119)
	at com.kms.katalon.core.main.TestCaseExecutor.runScript(TestCaseExecutor.java:448)
	at com.kms.katalon.core.main.TestCaseExecutor.doExecute(TestCaseExecutor.java:439)
	at com.kms.katalon.core.main.TestCaseExecutor.processExecutionPhase(TestCaseExecutor.java:418)
	at com.kms.katalon.core.main.TestCaseExecutor.accessMainPhase(TestCaseExecutor.java:410)
	at com.kms.katalon.core.main.TestCaseExecutor.execute(TestCaseExecutor.java:285)
	at com.kms.katalon.core.common.CommonExecutor.accessTestCaseMainPhase(CommonExecutor.java:65)
	at com.kms.katalon.core.main.TestSuiteExecutor.accessTestSuiteMainPhase(TestSuiteExecutor.java:150)
	at com.kms.katalon.core.main.TestSuiteExecutor.execute(TestSuiteExecutor.java:106)
	at com.kms.katalon.core.main.TestCaseMain.startTestSuite(TestCaseMain.java:180)
	at com.kms.katalon.core.main.TestCaseMain$startTestSuite$0.call(Unknown Source)
	at TempTestSuite1761084128061.run(TempTestSuite1761084128061.groovy:35)
	at java.base/jdk.internal.reflect.NativeMethodAccessorImpl.invoke0(Native Method)
	at java.base/jdk.internal.reflect.NativeMethodAccessorImpl.invoke(NativeMethodAccessorImpl.java:77)
	at java.base/jdk.internal.reflect.DelegatingMethodAccessorImpl.invoke(DelegatingMethodAccessorImpl.java:43)
Caused by: org.openqa.selenium.WebDriverException: java.net.ConnectException: Failed to connect to localhost/[0:0:0:0:0:0:0:1]:24400
Build info: version: '3.141.59', revision: 'unknown', time: 'unknown'
System info: host: 'DC1ADOBLD01', ip: '10.2.20.71', os.name: 'Windows Server 2019', os.arch: 'amd64', os.version: '10.0', java.version: '17.0.7'
Driver info: driver.version: RemoteWebDriver
	at org.openqa.selenium.remote.service.DriverCommandExecutor.execute(DriverCommandExecutor.java:92)
	at org.openqa.selenium.remote.RemoteWebDriver.execute(RemoteWebDriver.java:552)
	at com.kms.katalon.selenium.driver.CChromeDriver.execute(CChromeDriver.java:19)
	at org.openqa.selenium.remote.RemoteWebDriver.get(RemoteWebDriver.java:277)
	at org.openqa.selenium.remote.RemoteWebDriver$RemoteNavigation.to(RemoteWebDriver.java:857)
	at org.openqa.selenium.support.events.EventFiringWebDriver$EventFiringNavigation.to(EventFiringWebDriver.java:569)
	at com.kms.katalon.core.webui.keyword.builtin.NavigateToUrlKeyword$_navigateToUrl_closure1.doCall(NavigateToUrlKeyword.groovy:81)
	at com.kms.katalon.core.webui.keyword.builtin.NavigateToUrlKeyword$_navigateToUrl_closure1.call(NavigateToUrlKeyword.groovy)
	at com.kms.katalon.core.webui.keyword.internal.WebUIKeywordMain.runKeyword(WebUIKeywordMain.groovy:35)
	at com.kms.katalon.core.webui.keyword.builtin.NavigateToUrlKeyword.navigateToUrl(NavigateToUrlKeyword.groovy:83)
	at com.kms.katalon.core.webui.keyword.builtin.NavigateToUrlKeyword.execute(NavigateToUrlKeyword.groovy:67)
	at com.kms.katalon.core.keyword.internal.KeywordExecutor.executeKeywordForPlatform(KeywordExecutor.groovy:74)
	at com.kms.katalon.core.webui.keyword.WebUiBuiltInKeywords.navigateToUrl(WebUiBuiltInKeywords.groovy:187)
	at com.kms.katalon.core.webui.keyword.WebUiBuiltInKeywords$navigateToUrl$1.call(Unknown Source)
	at Script1749499513693.run(Script1749499513693.groovy:26)
	at com.kms.katalon.core.main.ScriptEngine.run(ScriptEngine.java:194)
	at com.kms.katalon.core.main.ScriptEngine.runScriptAsRawText(ScriptEngine.java:119)
	at com.kms.katalon.core.main.TestCaseExecutor.runScript(TestCaseExecutor.java:448)
	at com.kms.katalon.core.main.TestCaseExecutor.doExecute(TestCaseExecutor.java:439)
	at com.kms.katalon.core.main.TestCaseExecutor.processExecutionPhase(TestCaseExecutor.java:418)
	at com.kms.katalon.core.main.TestCaseExecutor.accessMainPhase(TestCaseExecutor.java:410)
	at com.kms.katalon.core.main.TestCaseExecutor.execute(TestCaseExecutor.java:285)
	at com.kms.katalon.core.main.TestCaseMain.runTestCase(TestCaseMain.java:137)
	at com.kms.katalon.core.keyword.builtin.CallTestCaseKeyword$_callTestCase_closure1.doCall(CallTestCaseKeyword.groovy:59)
	at com.kms.katalon.core.keyword.builtin.CallTestCaseKeyword$_callTestCase_closure1.call(CallTestCaseKeyword.groovy)
	at com.kms.katalon.core.keyword.internal.KeywordMain.runKeyword(KeywordMain.groovy:75)
	at com.kms.katalon.core.keyword.builtin.CallTestCaseKeyword.callTestCase(CallTestCaseKeyword.groovy:81)
	at com.kms.katalon.core.keyword.builtin.CallTestCaseKeyword.execute(CallTestCaseKeyword.groovy:44)
	at com.kms.katalon.core.keyword.internal.KeywordExecutor.executeKeywordForPlatform(KeywordExecutor.groovy:74)
	at com.kms.katalon.core.keyword.BuiltinKeywords.callTestCase(BuiltinKeywords.groovy:310)
	at jdk.internal.reflect.GeneratedMethodAccessor41.invoke(Unknown Source)
	at java.base/jdk.internal.reflect.DelegatingMethodAccessorImpl.invoke(DelegatingMethodAccessorImpl.java:43)
	at Script1685557356170.run(Script1685557356170.groovy:20)
	... 16 more
Caused by: java.net.ConnectException: Failed to connect to localhost/[0:0:0:0:0:0:0:1]:24400
	at okhttp3.internal.connection.RealConnection.connectSocket(RealConnection.java:247)
	at okhttp3.internal.connection.RealConnection.connect(RealConnection.java:165)
	at okhttp3.internal.connection.StreamAllocation.findConnection(StreamAllocation.java:257)
	at okhttp3.internal.connection.StreamAllocation.findHealthyConnection(StreamAllocation.java:135)
	at okhttp3.internal.connection.StreamAllocation.newStream(StreamAllocation.java:114)
	at okhttp3.internal.connection.ConnectInterceptor.intercept(ConnectInterceptor.java:42)
	at okhttp3.internal.http.RealInterceptorChain.proceed(RealInterceptorChain.java:147)
	at okhttp3.internal.http.RealInterceptorChain.proceed(RealInterceptorChain.java:121)
	at okhttp3.internal.cache.CacheInterceptor.intercept(CacheInterceptor.java:93)
	at okhttp3.internal.http.RealInterceptorChain.proceed(RealInterceptorChain.java:147)
	at okhttp3.internal.http.RealInterceptorChain.proceed(RealInterceptorChain.java:121)
	at okhttp3.internal.http.BridgeInterceptor.intercept(BridgeInterceptor.java:93)
	at okhttp3.internal.http.RealInterceptorChain.proceed(RealInterceptorChain.java:147)
	at okhttp3.internal.http.RetryAndFollowUpInterceptor.intercept(RetryAndFollowUpInterceptor.java:126)
	at okhttp3.internal.http.RealInterceptorChain.proceed(RealInterceptorChain.java:147)
	at okhttp3.internal.http.RealInterceptorChain.proceed(RealInterceptorChain.java:121)
	at okhttp3.RealCall.getResponseWithInterceptorChain(RealCall.java:200)
	at okhttp3.RealCall.execute(RealCall.java:77)
	at org.openqa.selenium.remote.internal.OkHttpClient.execute(OkHttpClient.java:103)
	at org.openqa.selenium.remote.HttpCommandExecutor.execute(HttpCommandExecutor.java:155)
	at org.openqa.selenium.remote.service.DriverCommandExecutor.execute(DriverCommandExecutor.java:83)
	... 48 more
Caused by: java.net.ConnectException: Connection refused: no further information
	at okhttp3.internal.platform.Platform.connectSocket(Platform.java:129)
	at okhttp3.internal.connection.RealConnection.connectSocket(RealConnection.java:245)
	... 68 more
)

21-10-2025T19:07:57 - [MESSAGE][FAILED] - Unable to call Test Case 'Test Cases/DES/DES Login' (Root cause: com.kms.katalon.core.exception.StepFailedException: Call Test Case 'Test Cases/DES/DES Login' failed
	at com.kms.katalon.core.keyword.builtin.CallTestCaseKeyword$_callTestCase_closure1.doCall(CallTestCaseKeyword.groovy:63)
	at com.kms.katalon.core.keyword.builtin.CallTestCaseKeyword$_callTestCase_closure1.call(CallTestCaseKeyword.groovy)
	at com.kms.katalon.core.keyword.internal.KeywordMain.runKeyword(KeywordMain.groovy:75)
	at com.kms.katalon.core.keyword.builtin.CallTestCaseKeyword.callTestCase(CallTestCaseKeyword.groovy:81)
	at com.kms.katalon.core.keyword.builtin.CallTestCaseKeyword.execute(CallTestCaseKeyword.groovy:44)
	at com.kms.katalon.core.keyword.internal.KeywordExecutor.executeKeywordForPlatform(KeywordExecutor.groovy:74)
	at com.kms.katalon.core.keyword.BuiltinKeywords.callTestCase(BuiltinKeywords.groovy:310)
	at jdk.internal.reflect.GeneratedMethodAccessor41.invoke(Unknown Source)
	at java.base/jdk.internal.reflect.DelegatingMethodAccessorImpl.invoke(DelegatingMethodAccessorImpl.java:43)
	at Verify Process Now for Inbound Inventory.run(Verify Process Now for Inbound Inventory:20)
	at com.kms.katalon.core.main.ScriptEngine.run(ScriptEngine.java:194)
	at com.kms.katalon.core.main.ScriptEngine.runScriptAsRawText(ScriptEngine.java:119)
	at com.kms.katalon.core.main.TestCaseExecutor.runScript(TestCaseExecutor.java:448)
	at com.kms.katalon.core.main.TestCaseExecutor.doExecute(TestCaseExecutor.java:439)
	at com.kms.katalon.core.main.TestCaseExecutor.processExecutionPhase(TestCaseExecutor.java:418)
	at com.kms.katalon.core.main.TestCaseExecutor.accessMainPhase(TestCaseExecutor.java:410)
	at com.kms.katalon.core.main.TestCaseExecutor.execute(TestCaseExecutor.java:285)
	at com.kms.katalon.core.common.CommonExecutor.accessTestCaseMainPhase(CommonExecutor.java:65)
	at com.kms.katalon.core.main.TestSuiteExecutor.accessTestSuiteMainPhase(TestSuiteExecutor.java:150)
	at com.kms.katalon.core.main.TestSuiteExecutor.execute(TestSuiteExecutor.java:106)
	at com.kms.katalon.core.main.TestCaseMain.startTestSuite(TestCaseMain.java:180)
	at com.kms.katalon.core.main.TestCaseMain$startTestSuite$0.call(Unknown Source)
	at TempTestSuite1761084128061.run(TempTestSuite1761084128061.groovy:35)
	at java.base/jdk.internal.reflect.NativeMethodAccessorImpl.invoke0(Native Method)
	at java.base/jdk.internal.reflect.NativeMethodAccessorImpl.invoke(NativeMethodAccessorImpl.java:77)
	at java.base/jdk.internal.reflect.DelegatingMethodAccessorImpl.invoke(DelegatingMethodAccessorImpl.java:43)
Caused by: com.kms.katalon.core.exception.StepFailedException: Unable to navigate to 'https://dx-portal.qa.thekag.com/'
	at com.kms.katalon.core.webui.keyword.internal.WebUIKeywordMain.stepFailed(WebUIKeywordMain.groovy:117)
	at com.kms.katalon.core.webui.keyword.internal.WebUIKeywordMain.runKeyword(WebUIKeywordMain.groovy:43)
	at com.kms.katalon.core.webui.keyword.builtin.NavigateToUrlKeyword.navigateToUrl(NavigateToUrlKeyword.groovy:83)
	at com.kms.katalon.core.webui.keyword.builtin.NavigateToUrlKeyword.execute(NavigateToUrlKeyword.groovy:67)
	at com.kms.katalon.core.keyword.internal.KeywordExecutor.executeKeywordForPlatform(KeywordExecutor.groovy:74)
	at com.kms.katalon.core.webui.keyword.WebUiBuiltInKeywords.navigateToUrl(WebUiBuiltInKeywords.groovy:187)
	at com.kms.katalon.core.webui.keyword.WebUiBuiltInKeywords$navigateToUrl$1.call(Unknown Source)
	at DES Login.run(DES Login:26)
	at com.kms.katalon.core.main.ScriptEngine.run(ScriptEngine.java:194)
	at com.kms.katalon.core.main.ScriptEngine.runScriptAsRawText(ScriptEngine.java:119)
	at com.kms.katalon.core.main.TestCaseExecutor.runScript(TestCaseExecutor.java:448)
	at com.kms.katalon.core.main.TestCaseExecutor.doExecute(TestCaseExecutor.java:439)
	at com.kms.katalon.core.main.TestCaseExecutor.processExecutionPhase(TestCaseExecutor.java:418)
	at com.kms.katalon.core.main.TestCaseExecutor.accessMainPhase(TestCaseExecutor.java:410)
	at com.kms.katalon.core.main.TestCaseExecutor.execute(TestCaseExecutor.java:285)
	at com.kms.katalon.core.main.TestCaseMain.runTestCase(TestCaseMain.java:137)
	at com.kms.katalon.core.keyword.builtin.CallTestCaseKeyword$_callTestCase_closure1.doCall(CallTestCaseKeyword.groovy:59)
	... 25 more
Caused by: org.openqa.selenium.WebDriverException: java.net.ConnectException: Failed to connect to localhost/[0:0:0:0:0:0:0:1]:24400
Build info: version: '3.141.59', revision: 'unknown', time: 'unknown'
System info: host: 'DC1ADOBLD01', ip: '10.2.20.71', os.name: 'Windows Server 2019', os.arch: 'amd64', os.version: '10.0', java.version: '17.0.7'
Driver info: driver.version: RemoteWebDriver
	at org.openqa.selenium.remote.service.DriverCommandExecutor.execute(DriverCommandExecutor.java:92)
	at org.openqa.selenium.remote.RemoteWebDriver.execute(RemoteWebDriver.java:552)
	at com.kms.katalon.selenium.driver.CChromeDriver.execute(CChromeDriver.java:19)
	at org.openqa.selenium.remote.RemoteWebDriver.get(RemoteWebDriver.java:277)
	at org.openqa.selenium.remote.RemoteWebDriver$RemoteNavigation.to(RemoteWebDriver.java:857)
	at org.openqa.selenium.support.events.EventFiringWebDriver$EventFiringNavigation.to(EventFiringWebDriver.java:569)
	at com.kms.katalon.core.webui.keyword.builtin.NavigateToUrlKeyword$_navigateToUrl_closure1.doCall(NavigateToUrlKeyword.groovy:81)
	at com.kms.katalon.core.webui.keyword.builtin.NavigateToUrlKeyword$_navigateToUrl_closure1.call(NavigateToUrlKeyword.groovy)
	at com.kms.katalon.core.webui.keyword.internal.WebUIKeywordMain.runKeyword(WebUIKeywordMain.groovy:35)
	at com.kms.katalon.core.webui.keyword.builtin.NavigateToUrlKeyword.navigateToUrl(NavigateToUrlKeyword.groovy:83)
	at com.kms.katalon.core.webui.keyword.builtin.NavigateToUrlKeyword.execute(NavigateToUrlKeyword.groovy:67)
	at com.kms.katalon.core.keyword.internal.KeywordExecutor.executeKeywordForPlatform(KeywordExecutor.groovy:74)
	at com.kms.katalon.core.webui.keyword.WebUiBuiltInKeywords.navigateToUrl(WebUiBuiltInKeywords.groovy:187)
	at com.kms.katalon.core.webui.keyword.WebUiBuiltInKeywords$navigateToUrl$1.call(Unknown Source)
	at Script1749499513693.run(Script1749499513693.groovy:26)
	at com.kms.katalon.core.main.ScriptEngine.run(ScriptEngine.java:194)
	at com.kms.katalon.core.main.ScriptEngine.runScriptAsRawText(ScriptEngine.java:119)
	at com.kms.katalon.core.main.TestCaseExecutor.runScript(TestCaseExecutor.java:448)
	at com.kms.katalon.core.main.TestCaseExecutor.doExecute(TestCaseExecutor.java:439)
	at com.kms.katalon.core.main.TestCaseExecutor.processExecutionPhase(TestCaseExecutor.java:418)
	at com.kms.katalon.core.main.TestCaseExecutor.accessMainPhase(TestCaseExecutor.java:410)
	at com.kms.katalon.core.main.TestCaseExecutor.execute(TestCaseExecutor.java:285)
	at com.kms.katalon.core.main.TestCaseMain.runTestCase(TestCaseMain.java:137)
	at com.kms.katalon.core.keyword.builtin.CallTestCaseKeyword$_callTestCase_closure1.doCall(CallTestCaseKeyword.groovy:59)
	at com.kms.katalon.core.keyword.builtin.CallTestCaseKeyword$_callTestCase_closure1.call(CallTestCaseKeyword.groovy)
	at com.kms.katalon.core.keyword.internal.KeywordMain.runKeyword(KeywordMain.groovy:75)
	at com.kms.katalon.core.keyword.builtin.CallTestCaseKeyword.callTestCase(CallTestCaseKeyword.groovy:81)
	at com.kms.katalon.core.keyword.builtin.CallTestCaseKeyword.execute(CallTestCaseKeyword.groovy:44)
	at com.kms.katalon.core.keyword.internal.KeywordExecutor.executeKeywordForPlatform(KeywordExecutor.groovy:74)
	at com.kms.katalon.core.keyword.BuiltinKeywords.callTestCase(BuiltinKeywords.groovy:310)
	at jdk.internal.reflect.GeneratedMethodAccessor41.invoke(Unknown Source)
	at java.base/jdk.internal.reflect.DelegatingMethodAccessorImpl.invoke(DelegatingMethodAccessorImpl.java:43)
	at Script1685557356170.run(Script1685557356170.groovy:20)
	... 16 more
Caused by: java.net.ConnectException: Failed to connect to localhost/[0:0:0:0:0:0:0:1]:24400
	at okhttp3.internal.connection.RealConnection.connectSocket(RealConnection.java:247)
	at okhttp3.internal.connection.RealConnection.connect(RealConnection.java:165)
	at okhttp3.internal.connection.StreamAllocation.findConnection(StreamAllocation.java:257)
	at okhttp3.internal.connection.StreamAllocation.findHealthyConnection(StreamAllocation.java:135)
	at okhttp3.internal.connection.StreamAllocation.newStream(StreamAllocation.java:114)
	at okhttp3.internal.connection.ConnectInterceptor.intercept(ConnectInterceptor.java:42)
	at okhttp3.internal.http.RealInterceptorChain.proceed(RealInterceptorChain.java:147)
	at okhttp3.internal.http.RealInterceptorChain.proceed(RealInterceptorChain.java:121)
	at okhttp3.internal.cache.CacheInterceptor.intercept(CacheInterceptor.java:93)
	at okhttp3.internal.http.RealInterceptorChain.proceed(RealInterceptorChain.java:147)
	at okhttp3.internal.http.RealInterceptorChain.proceed(RealInterceptorChain.java:121)
	at okhttp3.internal.http.BridgeInterceptor.intercept(BridgeInterceptor.java:93)
	at okhttp3.internal.http.RealInterceptorChain.proceed(RealInterceptorChain.java:147)
	at okhttp3.internal.http.RetryAndFollowUpInterceptor.intercept(RetryAndFollowUpInterceptor.java:126)
	at okhttp3.internal.http.RealInterceptorChain.proceed(RealInterceptorChain.java:147)
	at okhttp3.internal.http.RealInterceptorChain.proceed(RealInterceptorChain.java:121)
	at okhttp3.RealCall.getResponseWithInterceptorChain(RealCall.java:200)
	at okhttp3.RealCall.execute(RealCall.java:77)
	at org.openqa.selenium.remote.internal.OkHttpClient.execute(OkHttpClient.java:103)
	at org.openqa.selenium.remote.HttpCommandExecutor.execute(HttpCommandExecutor.java:155)
	at org.openqa.selenium.remote.service.DriverCommandExecutor.execute(DriverCommandExecutor.java:83)
	... 48 more
Caused by: java.net.ConnectException: Connection refused: no further information
	at okhttp3.internal.platform.Platform.connectSocket(Platform.java:129)
	at okhttp3.internal.connection.RealConnection.connectSocket(RealConnection.java:245)
	at okhttp3.internal.connection.RealConnection.connect(RealConnection.java:165)
	at okhttp3.internal.connection.StreamAllocation.findConnection(StreamAllocation.java:257)
	at okhttp3.internal.connection.StreamAllocation.findHealthyConnection(StreamAllocation.java:135)
	at okhttp3.internal.connection.StreamAllocation.newStream(StreamAllocation.java:114)
	at okhttp3.internal.connection.ConnectInterceptor.intercept(ConnectInterceptor.java:42)
	at okhttp3.internal.http.RealInterceptorChain.proceed(RealInterceptorChain.java:147)
	at okhttp3.internal.http.RealInterceptorChain.proceed(RealInterceptorChain.java:121)
	at okhttp3.internal.cache.CacheInterceptor.intercept(CacheInterceptor.java:93)
	at okhttp3.internal.http.RealInterceptorChain.proceed(RealInterceptorChain.java:147)
	at okhttp3.internal.http.RealInterceptorChain.proceed(RealInterceptorChain.java:121)
	at okhttp3.internal.http.BridgeInterceptor.intercept(BridgeInterceptor.java:93)
	at okhttp3.internal.http.RealInterceptorChain.proceed(RealInterceptorChain.java:147)
	at okhttp3.internal.http.RetryAndFollowUpInterceptor.intercept(RetryAndFollowUpInterceptor.java:126)
	at okhttp3.internal.http.RealInterceptorChain.proceed(RealInterceptorChain.java:147)
	at okhttp3.internal.http.RealInterceptorChain.proceed(RealInterceptorChain.java:121)
	at okhttp3.RealCall.getResponseWithInterceptorChain(RealCall.java:200)
	at okhttp3.RealCall.execute(RealCall.java:77)
	at org.openqa.selenium.remote.internal.OkHttpClient.execute(OkHttpClient.java:103)
	at org.openqa.selenium.remote.HttpCommandExecutor.execute(HttpCommandExecutor.java:155)
	at org.openqa.selenium.remote.service.DriverCommandExecutor.execute(DriverCommandExecutor.java:83)
	at org.openqa.selenium.remote.RemoteWebDriver.execute(RemoteWebDriver.java:552)
	at com.kms.katalon.selenium.driver.CChromeDriver.execute(CChromeDriver.java:19)
	at org.openqa.selenium.remote.RemoteWebDriver.get(RemoteWebDriver.java:277)
	at org.openqa.selenium.remote.RemoteWebDriver$RemoteNavigation.to(RemoteWebDriver.java:857)
	at org.openqa.selenium.support.events.EventFiringWebDriver$EventFiringNavigation.to(EventFiringWebDriver.java:569)
	at com.kms.katalon.core.webui.keyword.builtin.NavigateToUrlKeyword$_navigateToUrl_closure1.doCall(NavigateToUrlKeyword.groovy:81)
	at com.kms.katalon.core.webui.keyword.builtin.NavigateToUrlKeyword$_navigateToUrl_closure1.call(NavigateToUrlKeyword.groovy)
	at com.kms.katalon.core.webui.keyword.internal.WebUIKeywordMain.runKeyword(WebUIKeywordMain.groovy:35)
	at com.kms.katalon.core.webui.keyword.builtin.NavigateToUrlKeyword.navigateToUrl(NavigateToUrlKeyword.groovy:83)
	at com.kms.katalon.core.webui.keyword.builtin.NavigateToUrlKeyword.execute(NavigateToUrlKeyword.groovy:67)
	at com.kms.katalon.core.keyword.internal.KeywordExecutor.executeKeywordForPlatform(KeywordExecutor.groovy:74)
	at com.kms.katalon.core.webui.keyword.WebUiBuiltInKeywords.navigateToUrl(WebUiBuiltInKeywords.groovy:187)
	at com.kms.katalon.core.webui.keyword.WebUiBuiltInKeywords$navigateToUrl$1.call(Unknown Source)
	at DES Login.run(DES Login:26)
	at com.kms.katalon.core.main.ScriptEngine.run(ScriptEngine.java:194)
	at com.kms.katalon.core.main.ScriptEngine.runScriptAsRawText(ScriptEngine.java:119)
	at com.kms.katalon.core.main.TestCaseExecutor.runScript(TestCaseExecutor.java:448)
	at com.kms.katalon.core.main.TestCaseExecutor.doExecute(TestCaseExecutor.java:439)
	at com.kms.katalon.core.main.TestCaseExecutor.processExecutionPhase(TestCaseExecutor.java:418)
	at com.kms.katalon.core.main.TestCaseExecutor.accessMainPhase(TestCaseExecutor.java:410)
	at com.kms.katalon.core.main.TestCaseExecutor.execute(TestCaseExecutor.java:285)
	at com.kms.katalon.core.main.TestCaseMain.runTestCase(TestCaseMain.java:137)
	at com.kms.katalon.core.keyword.builtin.CallTestCaseKeyword$_callTestCase_closure1.doCall(CallTestCaseKeyword.groovy:59)
	at com.kms.katalon.core.keyword.builtin.CallTestCaseKeyword$_callTestCase_closure1.call(CallTestCaseKeyword.groovy)
	at com.kms.katalon.core.keyword.internal.KeywordMain.runKeyword(KeywordMain.groovy:75)
	at com.kms.katalon.core.keyword.builtin.CallTestCaseKeyword.callTestCase(CallTestCaseKeyword.groovy:81)
	at com.kms.katalon.core.keyword.builtin.CallTestCaseKeyword.execute(CallTestCaseKeyword.groovy:44)
	at com.kms.katalon.core.keyword.internal.KeywordExecutor.executeKeywordForPlatform(KeywordExecutor.groovy:74)
	at com.kms.katalon.core.keyword.BuiltinKeywords.callTestCase(BuiltinKeywords.groovy:310)
	at jdk.internal.reflect.GeneratedMethodAccessor41.invoke(Unknown Source)
	at java.base/jdk.internal.reflect.DelegatingMethodAccessorImpl.invoke(DelegatingMethodAccessorImpl.java:43)
	at Verify Process Now for Inbound Inventory.run(Verify Process Now for Inbound Inventory:20)
	... 16 more
)

21-10-2025T19:07:57 - [TEST_STEP][FAILED] - Start listener action : retryOnDisconnect: null

21-10-2025T19:07:57 - [TEST_STEP][PASSED] - tcId = testCaseContext.getTestCaseId(): null

21-10-2025T19:07:57 - [TEST_STEP][PASSED] - currentRetry = retryCounts.getOrDefault(tcId, 0): null

21-10-2025T19:07:57 - [TEST_STEP][FAILED] - if (testCaseContext.getTestCaseStatus() == "FAILED" && currentRetry < MAX_RETRIES): null

21-10-2025T19:07:57 - [TEST_STEP][FAILED] - try: Unable to get the url of the current window (Root cause: com.kms.katalon.core.exception.StepFailedException: Unable to get the url of the current window
	at com.kms.katalon.core.webui.keyword.internal.WebUIKeywordMain.stepFailed(WebUIKeywordMain.groovy:117)
	at com.kms.katalon.core.webui.keyword.internal.WebUIKeywordMain.runKeyword(WebUIKeywordMain.groovy:43)
	at com.kms.katalon.core.webui.keyword.builtin.GetUrlKeyword.getUrl(GetUrlKeyword.groovy:76)
	at com.kms.katalon.core.webui.keyword.builtin.GetUrlKeyword.execute(GetUrlKeyword.groovy:66)
	at com.kms.katalon.core.keyword.internal.KeywordExecutor.executeKeywordForPlatform(KeywordExecutor.groovy:74)
	at com.kms.katalon.core.webui.keyword.WebUiBuiltInKeywords.getUrl(WebUiBuiltInKeywords.groovy:276)
	at com.kms.katalon.core.webui.keyword.WebUiBuiltInKeywords$getUrl$14.call(Unknown Source)
	at WebDriverRetryListener.retryOnDisconnect(WebDriverRecoveryListener.groovy:22)
	at jdk.internal.reflect.GeneratedMethodAccessor47.invoke(Unknown Source)
	at java.base/jdk.internal.reflect.DelegatingMethodAccessorImpl.invoke(DelegatingMethodAccessorImpl.java:43)
	at com.kms.katalon.core.context.internal.TestHooker.invokeMethod(TestHooker.java:111)
	at com.kms.katalon.core.context.internal.TestHooker.lambda$3(TestHooker.java:95)
	at com.kms.katalon.core.context.internal.TestHooker.invokeContextMethods(TestHooker.java:94)
	at com.kms.katalon.core.context.internal.TestListenerCollector.lambda$3(TestListenerCollector.java:88)
	at com.kms.katalon.core.context.internal.TestListenerCollector.handleListenerEvent(TestListenerCollector.java:85)
	at com.kms.katalon.core.context.internal.ExecutionEventManager.publicEvent(ExecutionEventManager.java:36)
	at com.kms.katalon.core.main.TestCaseExecutor.execute(TestCaseExecutor.java:315)
	at com.kms.katalon.core.common.CommonExecutor.accessTestCaseMainPhase(CommonExecutor.java:65)
	at com.kms.katalon.core.main.TestSuiteExecutor.accessTestSuiteMainPhase(TestSuiteExecutor.java:150)
	at com.kms.katalon.core.main.TestSuiteExecutor.execute(TestSuiteExecutor.java:106)
	at com.kms.katalon.core.main.TestCaseMain.startTestSuite(TestCaseMain.java:180)
	at com.kms.katalon.core.main.TestCaseMain$startTestSuite$0.call(Unknown Source)
	at TempTestSuite1761084128061.run(TempTestSuite1761084128061.groovy:35)
	at java.base/jdk.internal.reflect.NativeMethodAccessorImpl.invoke0(Native Method)
	at java.base/jdk.internal.reflect.NativeMethodAccessorImpl.invoke(NativeMethodAccessorImpl.java:77)
	at java.base/jdk.internal.reflect.DelegatingMethodAccessorImpl.invoke(DelegatingMethodAccessorImpl.java:43)
Caused by: org.openqa.selenium.WebDriverException: java.net.ConnectException: Failed to connect to localhost/[0:0:0:0:0:0:0:1]:24400
Build info: version: '3.141.59', revision: 'unknown', time: 'unknown'
System info: host: 'DC1ADOBLD01', ip: '10.2.20.71', os.name: 'Windows Server 2019', os.arch: 'amd64', os.version: '10.0', java.version: '17.0.7'
Driver info: driver.version: EventFiringWebDriver
	at org.openqa.selenium.remote.service.DriverCommandExecutor.execute(DriverCommandExecutor.java:92)
	at org.openqa.selenium.remote.RemoteWebDriver.execute(RemoteWebDriver.java:552)
	at com.kms.katalon.selenium.driver.CChromeDriver.execute(CChromeDriver.java:19)
	at org.openqa.selenium.remote.RemoteWebDriver.execute(RemoteWebDriver.java:609)
	at org.openqa.selenium.remote.RemoteWebDriver.getCurrentUrl(RemoteWebDriver.java:287)
	at java.base/jdk.internal.reflect.NativeMethodAccessorImpl.invoke0(Native Method)
	at java.base/jdk.internal.reflect.NativeMethodAccessorImpl.invoke(NativeMethodAccessorImpl.java:77)
	at java.base/jdk.internal.reflect.DelegatingMethodAccessorImpl.invoke(DelegatingMethodAccessorImpl.java:43)
	at org.openqa.selenium.support.events.EventFiringWebDriver.lambda$new$1(EventFiringWebDriver.java:105)
	at jdk.proxy2/jdk.proxy2.$Proxy26.getCurrentUrl(Unknown Source)
	at org.openqa.selenium.support.events.EventFiringWebDriver.getCurrentUrl(EventFiringWebDriver.java:171)
	at com.kms.katalon.core.webui.keyword.builtin.GetUrlKeyword$_getUrl_closure1.doCall(GetUrlKeyword.groovy:73)
	at com.kms.katalon.core.webui.keyword.builtin.GetUrlKeyword$_getUrl_closure1.call(GetUrlKeyword.groovy)
	at com.kms.katalon.core.webui.keyword.internal.WebUIKeywordMain.runKeyword(WebUIKeywordMain.groovy:35)
	... 24 more
Caused by: java.net.ConnectException: Failed to connect to localhost/[0:0:0:0:0:0:0:1]:24400
	at okhttp3.internal.connection.RealConnection.connectSocket(RealConnection.java:247)
	at okhttp3.internal.connection.RealConnection.connect(RealConnection.java:165)
	at okhttp3.internal.connection.StreamAllocation.findConnection(StreamAllocation.java:257)
	at okhttp3.internal.connection.StreamAllocation.findHealthyConnection(StreamAllocation.java:135)
	at okhttp3.internal.connection.StreamAllocation.newStream(StreamAllocation.java:114)
	at okhttp3.internal.connection.ConnectInterceptor.intercept(ConnectInterceptor.java:42)
	at okhttp3.internal.http.RealInterceptorChain.proceed(RealInterceptorChain.java:147)
	at okhttp3.internal.http.RealInterceptorChain.proceed(RealInterceptorChain.java:121)
	at okhttp3.internal.cache.CacheInterceptor.intercept(CacheInterceptor.java:93)
	at okhttp3.internal.http.RealInterceptorChain.proceed(RealInterceptorChain.java:147)
	at okhttp3.internal.http.RealInterceptorChain.proceed(RealInterceptorChain.java:121)
	at okhttp3.internal.http.BridgeInterceptor.intercept(BridgeInterceptor.java:93)
	at okhttp3.internal.http.RealInterceptorChain.proceed(RealInterceptorChain.java:147)
	at okhttp3.internal.http.RetryAndFollowUpInterceptor.intercept(RetryAndFollowUpInterceptor.java:126)
	at okhttp3.internal.http.RealInterceptorChain.proceed(RealInterceptorChain.java:147)
	at okhttp3.internal.http.RealInterceptorChain.proceed(RealInterceptorChain.java:121)
	at okhttp3.RealCall.getResponseWithInterceptorChain(RealCall.java:200)
	at okhttp3.RealCall.execute(RealCall.java:77)
	at org.openqa.selenium.remote.internal.OkHttpClient.execute(OkHttpClient.java:103)
	at org.openqa.selenium.remote.HttpCommandExecutor.execute(HttpCommandExecutor.java:155)
	at org.openqa.selenium.remote.service.DriverCommandExecutor.execute(DriverCommandExecutor.java:83)
	... 37 more
Caused by: java.net.ConnectException: Connection refused: no further information
	at okhttp3.internal.platform.Platform.connectSocket(Platform.java:129)
	at okhttp3.internal.connection.RealConnection.connectSocket(RealConnection.java:245)
	... 57 more
)

21-10-2025T19:07:57 - [TEST_STEP][PASSED] - comment(Checking for WebDriver disconnect for test case: $tcId): Checking for WebDriver disconnect for test case: Test Cases/DES/Trading Partners Page/Subscription/Verify Process Now for Inbound Inventory

21-10-2025T19:07:57 - [MESSAGE][INFO] - Checking for WebDriver disconnect for test case: Test Cases/DES/Trading Partners Page/Subscription/Verify Process Now for Inbound Inventory

21-10-2025T19:07:57 - [TEST_STEP][FAILED] - getUrl(): Unable to get the url of the current window (Root cause: com.kms.katalon.core.exception.StepFailedException: Unable to get the url of the current window
	at com.kms.katalon.core.webui.keyword.internal.WebUIKeywordMain.stepFailed(WebUIKeywordMain.groovy:117)
	at com.kms.katalon.core.webui.keyword.internal.WebUIKeywordMain.runKeyword(WebUIKeywordMain.groovy:43)
	at com.kms.katalon.core.webui.keyword.builtin.GetUrlKeyword.getUrl(GetUrlKeyword.groovy:76)
	at com.kms.katalon.core.webui.keyword.builtin.GetUrlKeyword.execute(GetUrlKeyword.groovy:66)
	at com.kms.katalon.core.keyword.internal.KeywordExecutor.executeKeywordForPlatform(KeywordExecutor.groovy:74)
	at com.kms.katalon.core.webui.keyword.WebUiBuiltInKeywords.getUrl(WebUiBuiltInKeywords.groovy:276)
	at com.kms.katalon.core.webui.keyword.WebUiBuiltInKeywords$getUrl$14.call(Unknown Source)
	at WebDriverRetryListener.retryOnDisconnect(WebDriverRecoveryListener.groovy:22)
	at jdk.internal.reflect.GeneratedMethodAccessor47.invoke(Unknown Source)
	at java.base/jdk.internal.reflect.DelegatingMethodAccessorImpl.invoke(DelegatingMethodAccessorImpl.java:43)
	at com.kms.katalon.core.context.internal.TestHooker.invokeMethod(TestHooker.java:111)
	at com.kms.katalon.core.context.internal.TestHooker.lambda$3(TestHooker.java:95)
	at com.kms.katalon.core.context.internal.TestHooker.invokeContextMethods(TestHooker.java:94)
	at com.kms.katalon.core.context.internal.TestListenerCollector.lambda$3(TestListenerCollector.java:88)
	at com.kms.katalon.core.context.internal.TestListenerCollector.handleListenerEvent(TestListenerCollector.java:85)
	at com.kms.katalon.core.context.internal.ExecutionEventManager.publicEvent(ExecutionEventManager.java:36)
	at com.kms.katalon.core.main.TestCaseExecutor.execute(TestCaseExecutor.java:315)
	at com.kms.katalon.core.common.CommonExecutor.accessTestCaseMainPhase(CommonExecutor.java:65)
	at com.kms.katalon.core.main.TestSuiteExecutor.accessTestSuiteMainPhase(TestSuiteExecutor.java:150)
	at com.kms.katalon.core.main.TestSuiteExecutor.execute(TestSuiteExecutor.java:106)
	at com.kms.katalon.core.main.TestCaseMain.startTestSuite(TestCaseMain.java:180)
	at com.kms.katalon.core.main.TestCaseMain$startTestSuite$0.call(Unknown Source)
	at TempTestSuite1761084128061.run(TempTestSuite1761084128061.groovy:35)
	at java.base/jdk.internal.reflect.NativeMethodAccessorImpl.invoke0(Native Method)
	at java.base/jdk.internal.reflect.NativeMethodAccessorImpl.invoke(NativeMethodAccessorImpl.java:77)
	at java.base/jdk.internal.reflect.DelegatingMethodAccessorImpl.invoke(DelegatingMethodAccessorImpl.java:43)
Caused by: org.openqa.selenium.WebDriverException: java.net.ConnectException: Failed to connect to localhost/[0:0:0:0:0:0:0:1]:24400
Build info: version: '3.141.59', revision: 'unknown', time: 'unknown'
System info: host: 'DC1ADOBLD01', ip: '10.2.20.71', os.name: 'Windows Server 2019', os.arch: 'amd64', os.version: '10.0', java.version: '17.0.7'
Driver info: driver.version: EventFiringWebDriver
	at org.openqa.selenium.remote.service.DriverCommandExecutor.execute(DriverCommandExecutor.java:92)
	at org.openqa.selenium.remote.RemoteWebDriver.execute(RemoteWebDriver.java:552)
	at com.kms.katalon.selenium.driver.CChromeDriver.execute(CChromeDriver.java:19)
	at org.openqa.selenium.remote.RemoteWebDriver.execute(RemoteWebDriver.java:609)
	at org.openqa.selenium.remote.RemoteWebDriver.getCurrentUrl(RemoteWebDriver.java:287)
	at java.base/jdk.internal.reflect.NativeMethodAccessorImpl.invoke0(Native Method)
	at java.base/jdk.internal.reflect.NativeMethodAccessorImpl.invoke(NativeMethodAccessorImpl.java:77)
	at java.base/jdk.internal.reflect.DelegatingMethodAccessorImpl.invoke(DelegatingMethodAccessorImpl.java:43)
	at org.openqa.selenium.support.events.EventFiringWebDriver.lambda$new$1(EventFiringWebDriver.java:105)
	at jdk.proxy2/jdk.proxy2.$Proxy26.getCurrentUrl(Unknown Source)
	at org.openqa.selenium.support.events.EventFiringWebDriver.getCurrentUrl(EventFiringWebDriver.java:171)
	at com.kms.katalon.core.webui.keyword.builtin.GetUrlKeyword$_getUrl_closure1.doCall(GetUrlKeyword.groovy:73)
	at com.kms.katalon.core.webui.keyword.builtin.GetUrlKeyword$_getUrl_closure1.call(GetUrlKeyword.groovy)
	at com.kms.katalon.core.webui.keyword.internal.WebUIKeywordMain.runKeyword(WebUIKeywordMain.groovy:35)
	... 24 more
Caused by: java.net.ConnectException: Failed to connect to localhost/[0:0:0:0:0:0:0:1]:24400
	at okhttp3.internal.connection.RealConnection.connectSocket(RealConnection.java:247)
	at okhttp3.internal.connection.RealConnection.connect(RealConnection.java:165)
	at okhttp3.internal.connection.StreamAllocation.findConnection(StreamAllocation.java:257)
	at okhttp3.internal.connection.StreamAllocation.findHealthyConnection(StreamAllocation.java:135)
	at okhttp3.internal.connection.StreamAllocation.newStream(StreamAllocation.java:114)
	at okhttp3.internal.connection.ConnectInterceptor.intercept(ConnectInterceptor.java:42)
	at okhttp3.internal.http.RealInterceptorChain.proceed(RealInterceptorChain.java:147)
	at okhttp3.internal.http.RealInterceptorChain.proceed(RealInterceptorChain.java:121)
	at okhttp3.internal.cache.CacheInterceptor.intercept(CacheInterceptor.java:93)
	at okhttp3.internal.http.RealInterceptorChain.proceed(RealInterceptorChain.java:147)
	at okhttp3.internal.http.RealInterceptorChain.proceed(RealInterceptorChain.java:121)
	at okhttp3.internal.http.BridgeInterceptor.intercept(BridgeInterceptor.java:93)
	at okhttp3.internal.http.RealInterceptorChain.proceed(RealInterceptorChain.java:147)
	at okhttp3.internal.http.RetryAndFollowUpInterceptor.intercept(RetryAndFollowUpInterceptor.java:126)
	at okhttp3.internal.http.RealInterceptorChain.proceed(RealInterceptorChain.java:147)
	at okhttp3.internal.http.RealInterceptorChain.proceed(RealInterceptorChain.java:121)
	at okhttp3.RealCall.getResponseWithInterceptorChain(RealCall.java:200)
	at okhttp3.RealCall.execute(RealCall.java:77)
	at org.openqa.selenium.remote.internal.OkHttpClient.execute(OkHttpClient.java:103)
	at org.openqa.selenium.remote.HttpCommandExecutor.execute(HttpCommandExecutor.java:155)
	at org.openqa.selenium.remote.service.DriverCommandExecutor.execute(DriverCommandExecutor.java:83)
	... 37 more
Caused by: java.net.ConnectException: Connection refused: no further information
	at okhttp3.internal.platform.Platform.connectSocket(Platform.java:129)
	at okhttp3.internal.connection.RealConnection.connectSocket(RealConnection.java:245)
	... 57 more
)

21-10-2025T19:07:57 - [MESSAGE][FAILED] - Unable to get the url of the current window (Root cause: com.kms.katalon.core.exception.StepFailedException: Unable to get the url of the current window
	at com.kms.katalon.core.webui.keyword.internal.WebUIKeywordMain.stepFailed(WebUIKeywordMain.groovy:117)
	at com.kms.katalon.core.webui.keyword.internal.WebUIKeywordMain.runKeyword(WebUIKeywordMain.groovy:43)
	at com.kms.katalon.core.webui.keyword.builtin.GetUrlKeyword.getUrl(GetUrlKeyword.groovy:76)
	at com.kms.katalon.core.webui.keyword.builtin.GetUrlKeyword.execute(GetUrlKeyword.groovy:66)
	at com.kms.katalon.core.keyword.internal.KeywordExecutor.executeKeywordForPlatform(KeywordExecutor.groovy:74)
	at com.kms.katalon.core.webui.keyword.WebUiBuiltInKeywords.getUrl(WebUiBuiltInKeywords.groovy:276)
	at com.kms.katalon.core.webui.keyword.WebUiBuiltInKeywords$getUrl$14.call(Unknown Source)
	at WebDriverRetryListener.retryOnDisconnect(WebDriverRecoveryListener.groovy:22)
	at jdk.internal.reflect.GeneratedMethodAccessor47.invoke(Unknown Source)
	at java.base/jdk.internal.reflect.DelegatingMethodAccessorImpl.invoke(DelegatingMethodAccessorImpl.java:43)
	at com.kms.katalon.core.context.internal.TestHooker.invokeMethod(TestHooker.java:111)
	at com.kms.katalon.core.context.internal.TestHooker.lambda$3(TestHooker.java:95)
	at com.kms.katalon.core.context.internal.TestHooker.invokeContextMethods(TestHooker.java:94)
	at com.kms.katalon.core.context.internal.TestListenerCollector.lambda$3(TestListenerCollector.java:88)
	at com.kms.katalon.core.context.internal.TestListenerCollector.handleListenerEvent(TestListenerCollector.java:85)
	at com.kms.katalon.core.context.internal.ExecutionEventManager.publicEvent(ExecutionEventManager.java:36)
	at com.kms.katalon.core.main.TestCaseExecutor.execute(TestCaseExecutor.java:315)
	at com.kms.katalon.core.common.CommonExecutor.accessTestCaseMainPhase(CommonExecutor.java:65)
	at com.kms.katalon.core.main.TestSuiteExecutor.accessTestSuiteMainPhase(TestSuiteExecutor.java:150)
	at com.kms.katalon.core.main.TestSuiteExecutor.execute(TestSuiteExecutor.java:106)
	at com.kms.katalon.core.main.TestCaseMain.startTestSuite(TestCaseMain.java:180)
	at com.kms.katalon.core.main.TestCaseMain$startTestSuite$0.call(Unknown Source)
	at TempTestSuite1761084128061.run(TempTestSuite1761084128061.groovy:35)
	at java.base/jdk.internal.reflect.NativeMethodAccessorImpl.invoke0(Native Method)
	at java.base/jdk.internal.reflect.NativeMethodAccessorImpl.invoke(NativeMethodAccessorImpl.java:77)
	at java.base/jdk.internal.reflect.DelegatingMethodAccessorImpl.invoke(DelegatingMethodAccessorImpl.java:43)
Caused by: org.openqa.selenium.WebDriverException: java.net.ConnectException: Failed to connect to localhost/[0:0:0:0:0:0:0:1]:24400
Build info: version: '3.141.59', revision: 'unknown', time: 'unknown'
System info: host: 'DC1ADOBLD01', ip: '10.2.20.71', os.name: 'Windows Server 2019', os.arch: 'amd64', os.version: '10.0', java.version: '17.0.7'
Driver info: driver.version: EventFiringWebDriver
	at org.openqa.selenium.remote.service.DriverCommandExecutor.execute(DriverCommandExecutor.java:92)
	at org.openqa.selenium.remote.RemoteWebDriver.execute(RemoteWebDriver.java:552)
	at com.kms.katalon.selenium.driver.CChromeDriver.execute(CChromeDriver.java:19)
	at org.openqa.selenium.remote.RemoteWebDriver.execute(RemoteWebDriver.java:609)
	at org.openqa.selenium.remote.RemoteWebDriver.getCurrentUrl(RemoteWebDriver.java:287)
	at java.base/jdk.internal.reflect.NativeMethodAccessorImpl.invoke0(Native Method)
	at java.base/jdk.internal.reflect.NativeMethodAccessorImpl.invoke(NativeMethodAccessorImpl.java:77)
	at java.base/jdk.internal.reflect.DelegatingMethodAccessorImpl.invoke(DelegatingMethodAccessorImpl.java:43)
	at org.openqa.selenium.support.events.EventFiringWebDriver.lambda$new$1(EventFiringWebDriver.java:105)
	at jdk.proxy2/jdk.proxy2.$Proxy26.getCurrentUrl(Unknown Source)
	at org.openqa.selenium.support.events.EventFiringWebDriver.getCurrentUrl(EventFiringWebDriver.java:171)
	at com.kms.katalon.core.webui.keyword.builtin.GetUrlKeyword$_getUrl_closure1.doCall(GetUrlKeyword.groovy:73)
	at com.kms.katalon.core.webui.keyword.builtin.GetUrlKeyword$_getUrl_closure1.call(GetUrlKeyword.groovy)
	at com.kms.katalon.core.webui.keyword.internal.WebUIKeywordMain.runKeyword(WebUIKeywordMain.groovy:35)
	... 24 more
Caused by: java.net.ConnectException: Failed to connect to localhost/[0:0:0:0:0:0:0:1]:24400
	at okhttp3.internal.connection.RealConnection.connectSocket(RealConnection.java:247)
	at okhttp3.internal.connection.RealConnection.connect(RealConnection.java:165)
	at okhttp3.internal.connection.StreamAllocation.findConnection(StreamAllocation.java:257)
	at okhttp3.internal.connection.StreamAllocation.findHealthyConnection(StreamAllocation.java:135)
	at okhttp3.internal.connection.StreamAllocation.newStream(StreamAllocation.java:114)
	at okhttp3.internal.connection.ConnectInterceptor.intercept(ConnectInterceptor.java:42)
	at okhttp3.internal.http.RealInterceptorChain.proceed(RealInterceptorChain.java:147)
	at okhttp3.internal.http.RealInterceptorChain.proceed(RealInterceptorChain.java:121)
	at okhttp3.internal.cache.CacheInterceptor.intercept(CacheInterceptor.java:93)
	at okhttp3.internal.http.RealInterceptorChain.proceed(RealInterceptorChain.java:147)
	at okhttp3.internal.http.RealInterceptorChain.proceed(RealInterceptorChain.java:121)
	at okhttp3.internal.http.BridgeInterceptor.intercept(BridgeInterceptor.java:93)
	at okhttp3.internal.http.RealInterceptorChain.proceed(RealInterceptorChain.java:147)
	at okhttp3.internal.http.RetryAndFollowUpInterceptor.intercept(RetryAndFollowUpInterceptor.java:126)
	at okhttp3.internal.http.RealInterceptorChain.proceed(RealInterceptorChain.java:147)
	at okhttp3.internal.http.RealInterceptorChain.proceed(RealInterceptorChain.java:121)
	at okhttp3.RealCall.getResponseWithInterceptorChain(RealCall.java:200)
	at okhttp3.RealCall.execute(RealCall.java:77)
	at org.openqa.selenium.remote.internal.OkHttpClient.execute(OkHttpClient.java:103)
	at org.openqa.selenium.remote.HttpCommandExecutor.execute(HttpCommandExecutor.java:155)
	at org.openqa.selenium.remote.service.DriverCommandExecutor.execute(DriverCommandExecutor.java:83)
	... 37 more
Caused by: java.net.ConnectException: Connection refused: no further information
	at okhttp3.internal.platform.Platform.connectSocket(Platform.java:129)
	at okhttp3.internal.connection.RealConnection.connectSocket(RealConnection.java:245)
	... 57 more
)

21-10-2025T19:07:57 - [TEST_STEP][ERROR] - catch (Exception e): org.codehaus.groovy.runtime.InvokerInvocationException: groovy.lang.MissingMethodException: No signature of method: WebDriverRetryListener.findTestCase() is applicable for argument types: (String) values: [Test Cases/DES/Trading Partners Page/Subscription/Verify Process Now for Inbound Inventory]
	at com.kms.katalon.core.context.internal.TestHooker.invokeMethod(TestHooker.java:111)
	at com.kms.katalon.core.context.internal.TestHooker.lambda$3(TestHooker.java:95)
	at com.kms.katalon.core.context.internal.TestHooker.invokeContextMethods(TestHooker.java:94)
	at com.kms.katalon.core.context.internal.TestListenerCollector.lambda$3(TestListenerCollector.java:88)
	at com.kms.katalon.core.context.internal.TestListenerCollector.handleListenerEvent(TestListenerCollector.java:85)
	at com.kms.katalon.core.context.internal.ExecutionEventManager.publicEvent(ExecutionEventManager.java:36)
	at com.kms.katalon.core.main.TestCaseExecutor.execute(TestCaseExecutor.java:315)
	at com.kms.katalon.core.common.CommonExecutor.accessTestCaseMainPhase(CommonExecutor.java:65)
	at com.kms.katalon.core.main.TestSuiteExecutor.accessTestSuiteMainPhase(TestSuiteExecutor.java:150)
	at com.kms.katalon.core.main.TestSuiteExecutor.execute(TestSuiteExecutor.java:106)
	at com.kms.katalon.core.main.TestCaseMain.startTestSuite(TestCaseMain.java:180)
	at com.kms.katalon.core.main.TestCaseMain$startTestSuite$0.call(Unknown Source)
	at TempTestSuite1761084128061.run(TempTestSuite1761084128061.groovy:35)
	at java.base/jdk.internal.reflect.NativeMethodAccessorImpl.invoke0(Native Method)
	at java.base/jdk.internal.reflect.NativeMethodAccessorImpl.invoke(NativeMethodAccessorImpl.java:77)
	at java.base/jdk.internal.reflect.DelegatingMethodAccessorImpl.invoke(DelegatingMethodAccessorImpl.java:43)
Caused by: groovy.lang.MissingMethodException: No signature of method: WebDriverRetryListener.findTestCase() is applicable for argument types: (String) values: [Test Cases/DES/Trading Partners Page/Subscription/Verify Process Now for Inbound Inventory]
	at WebDriverRetryListener.retryOnDisconnect(WebDriverRecoveryListener.groovy:32)
	at jdk.internal.reflect.GeneratedMethodAccessor47.invoke(Unknown Source)
	at java.base/jdk.internal.reflect.DelegatingMethodAccessorImpl.invoke(DelegatingMethodAccessorImpl.java:43)
	... 16 more


21-10-2025T19:07:57 - [TEST_STEP][PASSED] - retryCounts[tcId] = currentRetry + 1: null

21-10-2025T19:07:57 - [TEST_STEP][PASSED] - comment(âš  WebDriver disconnected. Retrying test case ($(currentRetry + 1)/$MAX_RETRIES)...): âš  WebDriver disconnected. Retrying test case (1/1)...

21-10-2025T19:07:57 - [MESSAGE][INFO] - âš  WebDriver disconnected. Retrying test case (1/1)...

21-10-2025T19:07:57 - [TEST_STEP][PASSED] - try: Unable to close browser (Root cause: com.kms.katalon.core.exception.StepFailedException: Unable to close browser
	at com.kms.katalon.core.webui.keyword.internal.WebUIKeywordMain.stepFailed(WebUIKeywordMain.groovy:117)
	at com.kms.katalon.core.webui.keyword.internal.WebUIKeywordMain.runKeyword(WebUIKeywordMain.groovy:43)
	at com.kms.katalon.core.webui.keyword.builtin.CloseBrowserKeyword.closeBrowser(CloseBrowserKeyword.groovy:72)
	at com.kms.katalon.core.webui.keyword.builtin.CloseBrowserKeyword.execute(CloseBrowserKeyword.groovy:67)
	at com.kms.katalon.core.keyword.internal.KeywordExecutor.executeKeywordForPlatform(KeywordExecutor.groovy:74)
	at com.kms.katalon.core.webui.keyword.WebUiBuiltInKeywords.closeBrowser(WebUiBuiltInKeywords.groovy:75)
	at com.kms.katalon.core.webui.keyword.WebUiBuiltInKeywords$closeBrowser$17.call(Unknown Source)
	at WebDriverRetryListener.retryOnDisconnect(WebDriverRecoveryListener.groovy:29)
	at jdk.internal.reflect.GeneratedMethodAccessor47.invoke(Unknown Source)
	at java.base/jdk.internal.reflect.DelegatingMethodAccessorImpl.invoke(DelegatingMethodAccessorImpl.java:43)
	at com.kms.katalon.core.context.internal.TestHooker.invokeMethod(TestHooker.java:111)
	at com.kms.katalon.core.context.internal.TestHooker.lambda$3(TestHooker.java:95)
	at com.kms.katalon.core.context.internal.TestHooker.invokeContextMethods(TestHooker.java:94)
	at com.kms.katalon.core.context.internal.TestListenerCollector.lambda$3(TestListenerCollector.java:88)
	at com.kms.katalon.core.context.internal.TestListenerCollector.handleListenerEvent(TestListenerCollector.java:85)
	at com.kms.katalon.core.context.internal.ExecutionEventManager.publicEvent(ExecutionEventManager.java:36)
	at com.kms.katalon.core.main.TestCaseExecutor.execute(TestCaseExecutor.java:315)
	at com.kms.katalon.core.common.CommonExecutor.accessTestCaseMainPhase(CommonExecutor.java:65)
	at com.kms.katalon.core.main.TestSuiteExecutor.accessTestSuiteMainPhase(TestSuiteExecutor.java:150)
	at com.kms.katalon.core.main.TestSuiteExecutor.execute(TestSuiteExecutor.java:106)
	at com.kms.katalon.core.main.TestCaseMain.startTestSuite(TestCaseMain.java:180)
	at com.kms.katalon.core.main.TestCaseMain$startTestSuite$0.call(Unknown Source)
	at TempTestSuite1761084128061.run(TempTestSuite1761084128061.groovy:35)
	at java.base/jdk.internal.reflect.NativeMethodAccessorImpl.invoke0(Native Method)
	at java.base/jdk.internal.reflect.NativeMethodAccessorImpl.invoke(NativeMethodAccessorImpl.java:77)
	at java.base/jdk.internal.reflect.DelegatingMethodAccessorImpl.invoke(DelegatingMethodAccessorImpl.java:43)
Caused by: org.openqa.selenium.WebDriverException: java.net.ConnectException: Failed to connect to localhost/[0:0:0:0:0:0:0:1]:24400
Build info: version: '3.141.59', revision: 'unknown', time: 'unknown'
System info: host: 'DC1ADOBLD01', ip: '10.2.20.71', os.name: 'Windows Server 2019', os.arch: 'amd64', os.version: '10.0', java.version: '17.0.7'
Driver info: driver.version: EventFiringWebDriver
	at org.openqa.selenium.remote.service.DriverCommandExecutor.execute(DriverCommandExecutor.java:92)
	at org.openqa.selenium.remote.RemoteWebDriver.execute(RemoteWebDriver.java:552)
	at com.kms.katalon.selenium.driver.CChromeDriver.execute(CChromeDriver.java:19)
	at org.openqa.selenium.remote.RemoteWebDriver.execute(RemoteWebDriver.java:609)
	at org.openqa.selenium.remote.RemoteWebDriver.quit(RemoteWebDriver.java:452)
	at jdk.internal.reflect.GeneratedMethodAccessor46.invoke(Unknown Source)
	at java.base/jdk.internal.reflect.DelegatingMethodAccessorImpl.invoke(DelegatingMethodAccessorImpl.java:43)
	at org.openqa.selenium.support.events.EventFiringWebDriver.lambda$new$1(EventFiringWebDriver.java:105)
	at jdk.proxy2/jdk.proxy2.$Proxy26.quit(Unknown Source)
	at org.openqa.selenium.support.events.EventFiringWebDriver.quit(EventFiringWebDriver.java:211)
	at com.kms.katalon.core.webui.driver.DriverFactory.closeWebDriver(DriverFactory.java:1608)
	at com.kms.katalon.core.webui.keyword.builtin.CloseBrowserKeyword$_closeBrowser_closure1.doCall(CloseBrowserKeyword.groovy:74)
	at com.kms.katalon.core.webui.keyword.builtin.CloseBrowserKeyword$_closeBrowser_closure1.call(CloseBrowserKeyword.groovy)
	at com.kms.katalon.core.webui.keyword.internal.WebUIKeywordMain.runKeyword(WebUIKeywordMain.groovy:35)
	... 24 more
Caused by: java.net.ConnectException: Failed to connect to localhost/[0:0:0:0:0:0:0:1]:24400
	at okhttp3.internal.connection.RealConnection.connectSocket(RealConnection.java:247)
	at okhttp3.internal.connection.RealConnection.connect(RealConnection.java:165)
	at okhttp3.internal.connection.StreamAllocation.findConnection(StreamAllocation.java:257)
	at okhttp3.internal.connection.StreamAllocation.findHealthyConnection(StreamAllocation.java:135)
	at okhttp3.internal.connection.StreamAllocation.newStream(StreamAllocation.java:114)
	at okhttp3.internal.connection.ConnectInterceptor.intercept(ConnectInterceptor.java:42)
	at okhttp3.internal.http.RealInterceptorChain.proceed(RealInterceptorChain.java:147)
	at okhttp3.internal.http.RealInterceptorChain.proceed(RealInterceptorChain.java:121)
	at okhttp3.internal.cache.CacheInterceptor.intercept(CacheInterceptor.java:93)
	at okhttp3.internal.http.RealInterceptorChain.proceed(RealInterceptorChain.java:147)
	at okhttp3.internal.http.RealInterceptorChain.proceed(RealInterceptorChain.java:121)
	at okhttp3.internal.http.BridgeInterceptor.intercept(BridgeInterceptor.java:93)
	at okhttp3.internal.http.RealInterceptorChain.proceed(RealInterceptorChain.java:147)
	at okhttp3.internal.http.RetryAndFollowUpInterceptor.intercept(RetryAndFollowUpInterceptor.java:126)
	at okhttp3.internal.http.RealInterceptorChain.proceed(RealInterceptorChain.java:147)
	at okhttp3.internal.http.RealInterceptorChain.proceed(RealInterceptorChain.java:121)
	at okhttp3.RealCall.getResponseWithInterceptorChain(RealCall.java:200)
	at okhttp3.RealCall.execute(RealCall.java:77)
	at org.openqa.selenium.remote.internal.OkHttpClient.execute(OkHttpClient.java:103)
	at org.openqa.selenium.remote.HttpCommandExecutor.execute(HttpCommandExecutor.java:155)
	at org.openqa.selenium.remote.service.DriverCommandExecutor.execute(DriverCommandExecutor.java:83)
	... 37 more
Caused by: java.net.ConnectException: Connection refused: no further information
	at okhttp3.internal.platform.Platform.connectSocket(Platform.java:129)
	at okhttp3.internal.connection.RealConnection.connectSocket(RealConnection.java:245)
	... 57 more
)

21-10-2025T19:07:57 - [TEST_STEP][PASSED] - closeBrowser(OPTIONAL): Unable to close browser (Root cause: com.kms.katalon.core.exception.StepFailedException: Unable to close browser
	at com.kms.katalon.core.webui.keyword.internal.WebUIKeywordMain.stepFailed(WebUIKeywordMain.groovy:117)
	at com.kms.katalon.core.webui.keyword.internal.WebUIKeywordMain.runKeyword(WebUIKeywordMain.groovy:43)
	at com.kms.katalon.core.webui.keyword.builtin.CloseBrowserKeyword.closeBrowser(CloseBrowserKeyword.groovy:72)
	at com.kms.katalon.core.webui.keyword.builtin.CloseBrowserKeyword.execute(CloseBrowserKeyword.groovy:67)
	at com.kms.katalon.core.keyword.internal.KeywordExecutor.executeKeywordForPlatform(KeywordExecutor.groovy:74)
	at com.kms.katalon.core.webui.keyword.WebUiBuiltInKeywords.closeBrowser(WebUiBuiltInKeywords.groovy:75)
	at com.kms.katalon.core.webui.keyword.WebUiBuiltInKeywords$closeBrowser$17.call(Unknown Source)
	at WebDriverRetryListener.retryOnDisconnect(WebDriverRecoveryListener.groovy:29)
	at jdk.internal.reflect.GeneratedMethodAccessor47.invoke(Unknown Source)
	at java.base/jdk.internal.reflect.DelegatingMethodAccessorImpl.invoke(DelegatingMethodAccessorImpl.java:43)
	at com.kms.katalon.core.context.internal.TestHooker.invokeMethod(TestHooker.java:111)
	at com.kms.katalon.core.context.internal.TestHooker.lambda$3(TestHooker.java:95)
	at com.kms.katalon.core.context.internal.TestHooker.invokeContextMethods(TestHooker.java:94)
	at com.kms.katalon.core.context.internal.TestListenerCollector.lambda$3(TestListenerCollector.java:88)
	at com.kms.katalon.core.context.internal.TestListenerCollector.handleListenerEvent(TestListenerCollector.java:85)
	at com.kms.katalon.core.context.internal.ExecutionEventManager.publicEvent(ExecutionEventManager.java:36)
	at com.kms.katalon.core.main.TestCaseExecutor.execute(TestCaseExecutor.java:315)
	at com.kms.katalon.core.common.CommonExecutor.accessTestCaseMainPhase(CommonExecutor.java:65)
	at com.kms.katalon.core.main.TestSuiteExecutor.accessTestSuiteMainPhase(TestSuiteExecutor.java:150)
	at com.kms.katalon.core.main.TestSuiteExecutor.execute(TestSuiteExecutor.java:106)
	at com.kms.katalon.core.main.TestCaseMain.startTestSuite(TestCaseMain.java:180)
	at com.kms.katalon.core.main.TestCaseMain$startTestSuite$0.call(Unknown Source)
	at TempTestSuite1761084128061.run(TempTestSuite1761084128061.groovy:35)
	at java.base/jdk.internal.reflect.NativeMethodAccessorImpl.invoke0(Native Method)
	at java.base/jdk.internal.reflect.NativeMethodAccessorImpl.invoke(NativeMethodAccessorImpl.java:77)
	at java.base/jdk.internal.reflect.DelegatingMethodAccessorImpl.invoke(DelegatingMethodAccessorImpl.java:43)
Caused by: org.openqa.selenium.WebDriverException: java.net.ConnectException: Failed to connect to localhost/[0:0:0:0:0:0:0:1]:24400
Build info: version: '3.141.59', revision: 'unknown', time: 'unknown'
System info: host: 'DC1ADOBLD01', ip: '10.2.20.71', os.name: 'Windows Server 2019', os.arch: 'amd64', os.version: '10.0', java.version: '17.0.7'
Driver info: driver.version: EventFiringWebDriver
	at org.openqa.selenium.remote.service.DriverCommandExecutor.execute(DriverCommandExecutor.java:92)
	at org.openqa.selenium.remote.RemoteWebDriver.execute(RemoteWebDriver.java:552)
	at com.kms.katalon.selenium.driver.CChromeDriver.execute(CChromeDriver.java:19)
	at org.openqa.selenium.remote.RemoteWebDriver.execute(RemoteWebDriver.java:609)
	at org.openqa.selenium.remote.RemoteWebDriver.quit(RemoteWebDriver.java:452)
	at jdk.internal.reflect.GeneratedMethodAccessor46.invoke(Unknown Source)
	at java.base/jdk.internal.reflect.DelegatingMethodAccessorImpl.invoke(DelegatingMethodAccessorImpl.java:43)
	at org.openqa.selenium.support.events.EventFiringWebDriver.lambda$new$1(EventFiringWebDriver.java:105)
	at jdk.proxy2/jdk.proxy2.$Proxy26.quit(Unknown Source)
	at org.openqa.selenium.support.events.EventFiringWebDriver.quit(EventFiringWebDriver.java:211)
	at com.kms.katalon.core.webui.driver.DriverFactory.closeWebDriver(DriverFactory.java:1608)
	at com.kms.katalon.core.webui.keyword.builtin.CloseBrowserKeyword$_closeBrowser_closure1.doCall(CloseBrowserKeyword.groovy:74)
	at com.kms.katalon.core.webui.keyword.builtin.CloseBrowserKeyword$_closeBrowser_closure1.call(CloseBrowserKeyword.groovy)
	at com.kms.katalon.core.webui.keyword.internal.WebUIKeywordMain.runKeyword(WebUIKeywordMain.groovy:35)
	... 24 more
Caused by: java.net.ConnectException: Failed to connect to localhost/[0:0:0:0:0:0:0:1]:24400
	at okhttp3.internal.connection.RealConnection.connectSocket(RealConnection.java:247)
	at okhttp3.internal.connection.RealConnection.connect(RealConnection.java:165)
	at okhttp3.internal.connection.StreamAllocation.findConnection(StreamAllocation.java:257)
	at okhttp3.internal.connection.StreamAllocation.findHealthyConnection(StreamAllocation.java:135)
	at okhttp3.internal.connection.StreamAllocation.newStream(StreamAllocation.java:114)
	at okhttp3.internal.connection.ConnectInterceptor.intercept(ConnectInterceptor.java:42)
	at okhttp3.internal.http.RealInterceptorChain.proceed(RealInterceptorChain.java:147)
	at okhttp3.internal.http.RealInterceptorChain.proceed(RealInterceptorChain.java:121)
	at okhttp3.internal.cache.CacheInterceptor.intercept(CacheInterceptor.java:93)
	at okhttp3.internal.http.RealInterceptorChain.proceed(RealInterceptorChain.java:147)
	at okhttp3.internal.http.RealInterceptorChain.proceed(RealInterceptorChain.java:121)
	at okhttp3.internal.http.BridgeInterceptor.intercept(BridgeInterceptor.java:93)
	at okhttp3.internal.http.RealInterceptorChain.proceed(RealInterceptorChain.java:147)
	at okhttp3.internal.http.RetryAndFollowUpInterceptor.intercept(RetryAndFollowUpInterceptor.java:126)
	at okhttp3.internal.http.RealInterceptorChain.proceed(RealInterceptorChain.java:147)
	at okhttp3.internal.http.RealInterceptorChain.proceed(RealInterceptorChain.java:121)
	at okhttp3.RealCall.getResponseWithInterceptorChain(RealCall.java:200)
	at okhttp3.RealCall.execute(RealCall.java:77)
	at org.openqa.selenium.remote.internal.OkHttpClient.execute(OkHttpClient.java:103)
	at org.openqa.selenium.remote.HttpCommandExecutor.execute(HttpCommandExecutor.java:155)
	at org.openqa.selenium.remote.service.DriverCommandExecutor.execute(DriverCommandExecutor.java:83)
	... 37 more
Caused by: java.net.ConnectException: Connection refused: no further information
	at okhttp3.internal.platform.Platform.connectSocket(Platform.java:129)
	at okhttp3.internal.connection.RealConnection.connectSocket(RealConnection.java:245)
	... 57 more
)

21-10-2025T19:07:57 - [MESSAGE][WARNING] - Unable to close browser (Root cause: com.kms.katalon.core.exception.StepFailedException: Unable to close browser
	at com.kms.katalon.core.webui.keyword.internal.WebUIKeywordMain.stepFailed(WebUIKeywordMain.groovy:117)
	at com.kms.katalon.core.webui.keyword.internal.WebUIKeywordMain.runKeyword(WebUIKeywordMain.groovy:43)
	at com.kms.katalon.core.webui.keyword.builtin.CloseBrowserKeyword.closeBrowser(CloseBrowserKeyword.groovy:72)
	at com.kms.katalon.core.webui.keyword.builtin.CloseBrowserKeyword.execute(CloseBrowserKeyword.groovy:67)
	at com.kms.katalon.core.keyword.internal.KeywordExecutor.executeKeywordForPlatform(KeywordExecutor.groovy:74)
	at com.kms.katalon.core.webui.keyword.WebUiBuiltInKeywords.closeBrowser(WebUiBuiltInKeywords.groovy:75)
	at com.kms.katalon.core.webui.keyword.WebUiBuiltInKeywords$closeBrowser$17.call(Unknown Source)
	at WebDriverRetryListener.retryOnDisconnect(WebDriverRecoveryListener.groovy:29)
	at jdk.internal.reflect.GeneratedMethodAccessor47.invoke(Unknown Source)
	at java.base/jdk.internal.reflect.DelegatingMethodAccessorImpl.invoke(DelegatingMethodAccessorImpl.java:43)
	at com.kms.katalon.core.context.internal.TestHooker.invokeMethod(TestHooker.java:111)
	at com.kms.katalon.core.context.internal.TestHooker.lambda$3(TestHooker.java:95)
	at com.kms.katalon.core.context.internal.TestHooker.invokeContextMethods(TestHooker.java:94)
	at com.kms.katalon.core.context.internal.TestListenerCollector.lambda$3(TestListenerCollector.java:88)
	at com.kms.katalon.core.context.internal.TestListenerCollector.handleListenerEvent(TestListenerCollector.java:85)
	at com.kms.katalon.core.context.internal.ExecutionEventManager.publicEvent(ExecutionEventManager.java:36)
	at com.kms.katalon.core.main.TestCaseExecutor.execute(TestCaseExecutor.java:315)
	at com.kms.katalon.core.common.CommonExecutor.accessTestCaseMainPhase(CommonExecutor.java:65)
	at com.kms.katalon.core.main.TestSuiteExecutor.accessTestSuiteMainPhase(TestSuiteExecutor.java:150)
	at com.kms.katalon.core.main.TestSuiteExecutor.execute(TestSuiteExecutor.java:106)
	at com.kms.katalon.core.main.TestCaseMain.startTestSuite(TestCaseMain.java:180)
	at com.kms.katalon.core.main.TestCaseMain$startTestSuite$0.call(Unknown Source)
	at TempTestSuite1761084128061.run(TempTestSuite1761084128061.groovy:35)
	at java.base/jdk.internal.reflect.NativeMethodAccessorImpl.invoke0(Native Method)
	at java.base/jdk.internal.reflect.NativeMethodAccessorImpl.invoke(NativeMethodAccessorImpl.java:77)
	at java.base/jdk.internal.reflect.DelegatingMethodAccessorImpl.invoke(DelegatingMethodAccessorImpl.java:43)
Caused by: org.openqa.selenium.WebDriverException: java.net.ConnectException: Failed to connect to localhost/[0:0:0:0:0:0:0:1]:24400
Build info: version: '3.141.59', revision: 'unknown', time: 'unknown'
System info: host: 'DC1ADOBLD01', ip: '10.2.20.71', os.name: 'Windows Server 2019', os.arch: 'amd64', os.version: '10.0', java.version: '17.0.7'
Driver info: driver.version: EventFiringWebDriver
	at org.openqa.selenium.remote.service.DriverCommandExecutor.execute(DriverCommandExecutor.java:92)
	at org.openqa.selenium.remote.RemoteWebDriver.execute(RemoteWebDriver.java:552)
	at com.kms.katalon.selenium.driver.CChromeDriver.execute(CChromeDriver.java:19)
	at org.openqa.selenium.remote.RemoteWebDriver.execute(RemoteWebDriver.java:609)
	at org.openqa.selenium.remote.RemoteWebDriver.quit(RemoteWebDriver.java:452)
	at jdk.internal.reflect.GeneratedMethodAccessor46.invoke(Unknown Source)
	at java.base/jdk.internal.reflect.DelegatingMethodAccessorImpl.invoke(DelegatingMethodAccessorImpl.java:43)
	at org.openqa.selenium.support.events.EventFiringWebDriver.lambda$new$1(EventFiringWebDriver.java:105)
	at jdk.proxy2/jdk.proxy2.$Proxy26.quit(Unknown Source)
	at org.openqa.selenium.support.events.EventFiringWebDriver.quit(EventFiringWebDriver.java:211)
	at com.kms.katalon.core.webui.driver.DriverFactory.closeWebDriver(DriverFactory.java:1608)
	at com.kms.katalon.core.webui.keyword.builtin.CloseBrowserKeyword$_closeBrowser_closure1.doCall(CloseBrowserKeyword.groovy:74)
	at com.kms.katalon.core.webui.keyword.builtin.CloseBrowserKeyword$_closeBrowser_closure1.call(CloseBrowserKeyword.groovy)
	at com.kms.katalon.core.webui.keyword.internal.WebUIKeywordMain.runKeyword(WebUIKeywordMain.groovy:35)
	... 24 more
Caused by: java.net.ConnectException: Failed to connect to localhost/[0:0:0:0:0:0:0:1]:24400
	at okhttp3.internal.connection.RealConnection.connectSocket(RealConnection.java:247)
	at okhttp3.internal.connection.RealConnection.connect(RealConnection.java:165)
	at okhttp3.internal.connection.StreamAllocation.findConnection(StreamAllocation.java:257)
	at okhttp3.internal.connection.StreamAllocation.findHealthyConnection(StreamAllocation.java:135)
	at okhttp3.internal.connection.StreamAllocation.newStream(StreamAllocation.java:114)
	at okhttp3.internal.connection.ConnectInterceptor.intercept(ConnectInterceptor.java:42)
	at okhttp3.internal.http.RealInterceptorChain.proceed(RealInterceptorChain.java:147)
	at okhttp3.internal.http.RealInterceptorChain.proceed(RealInterceptorChain.java:121)
	at okhttp3.internal.cache.CacheInterceptor.intercept(CacheInterceptor.java:93)
	at okhttp3.internal.http.RealInterceptorChain.proceed(RealInterceptorChain.java:147)
	at okhttp3.internal.http.RealInterceptorChain.proceed(RealInterceptorChain.java:121)
	at okhttp3.internal.http.BridgeInterceptor.intercept(BridgeInterceptor.java:93)
	at okhttp3.internal.http.RealInterceptorChain.proceed(RealInterceptorChain.java:147)
	at okhttp3.internal.http.RetryAndFollowUpInterceptor.intercept(RetryAndFollowUpInterceptor.java:126)
	at okhttp3.internal.http.RealInterceptorChain.proceed(RealInterceptorChain.java:147)
	at okhttp3.internal.http.RealInterceptorChain.proceed(RealInterceptorChain.java:121)
	at okhttp3.RealCall.getResponseWithInterceptorChain(RealCall.java:200)
	at okhttp3.RealCall.execute(RealCall.java:77)
	at org.openqa.selenium.remote.internal.OkHttpClient.execute(OkHttpClient.java:103)
	at org.openqa.selenium.remote.HttpCommandExecutor.execute(HttpCommandExecutor.java:155)
	at org.openqa.selenium.remote.service.DriverCommandExecutor.execute(DriverCommandExecutor.java:83)
	... 37 more
Caused by: java.net.ConnectException: Connection refused: no further information
	at okhttp3.internal.platform.Platform.connectSocket(Platform.java:129)
	at okhttp3.internal.connection.RealConnection.connectSocket(RealConnection.java:245)
	... 57 more
)

21-10-2025T19:07:57 - [TEST_STEP][ERROR] - callTestCase(findTestCase(tcId), [:], STOP_ON_FAILURE): org.codehaus.groovy.runtime.InvokerInvocationException: groovy.lang.MissingMethodException: No signature of method: WebDriverRetryListener.findTestCase() is applicable for argument types: (String) values: [Test Cases/DES/Trading Partners Page/Subscription/Verify Process Now for Inbound Inventory]
	at com.kms.katalon.core.context.internal.TestHooker.invokeMethod(TestHooker.java:111)
	at com.kms.katalon.core.context.internal.TestHooker.lambda$3(TestHooker.java:95)
	at com.kms.katalon.core.context.internal.TestHooker.invokeContextMethods(TestHooker.java:94)
	at com.kms.katalon.core.context.internal.TestListenerCollector.lambda$3(TestListenerCollector.java:88)
	at com.kms.katalon.core.context.internal.TestListenerCollector.handleListenerEvent(TestListenerCollector.java:85)
	at com.kms.katalon.core.context.internal.ExecutionEventManager.publicEvent(ExecutionEventManager.java:36)
	at com.kms.katalon.core.main.TestCaseExecutor.execute(TestCaseExecutor.java:315)
	at com.kms.katalon.core.common.CommonExecutor.accessTestCaseMainPhase(CommonExecutor.java:65)
	at com.kms.katalon.core.main.TestSuiteExecutor.accessTestSuiteMainPhase(TestSuiteExecutor.java:150)
	at com.kms.katalon.core.main.TestSuiteExecutor.execute(TestSuiteExecutor.java:106)
	at com.kms.katalon.core.main.TestCaseMain.startTestSuite(TestCaseMain.java:180)
	at com.kms.katalon.core.main.TestCaseMain$startTestSuite$0.call(Unknown Source)
	at TempTestSuite1761084128061.run(TempTestSuite1761084128061.groovy:35)
	at java.base/jdk.internal.reflect.NativeMethodAccessorImpl.invoke0(Native Method)
	at java.base/jdk.internal.reflect.NativeMethodAccessorImpl.invoke(NativeMethodAccessorImpl.java:77)
	at java.base/jdk.internal.reflect.DelegatingMethodAccessorImpl.invoke(DelegatingMethodAccessorImpl.java:43)
Caused by: groovy.lang.MissingMethodException: No signature of method: WebDriverRetryListener.findTestCase() is applicable for argument types: (String) values: [Test Cases/DES/Trading Partners Page/Subscription/Verify Process Now for Inbound Inventory]
	at WebDriverRetryListener.retryOnDisconnect(WebDriverRecoveryListener.groovy:32)
	at jdk.internal.reflect.GeneratedMethodAccessor47.invoke(Unknown Source)
	at java.base/jdk.internal.reflect.DelegatingMethodAccessorImpl.invoke(DelegatingMethodAccessorImpl.java:43)
	... 16 more


21-10-2025T19:07:57 - [MESSAGE][ERROR] - org.codehaus.groovy.runtime.InvokerInvocationException: groovy.lang.MissingMethodException: No signature of method: WebDriverRetryListener.findTestCase() is applicable for argument types: (String) values: [Test Cases/DES/Trading Partners Page/Subscription/Verify Process Now for Inbound Inventory]
	at com.kms.katalon.core.context.internal.TestHooker.invokeMethod(TestHooker.java:111)
	at com.kms.katalon.core.context.internal.TestHooker.lambda$3(TestHooker.java:95)
	at com.kms.katalon.core.context.internal.TestHooker.invokeContextMethods(TestHooker.java:94)
	at com.kms.katalon.core.context.internal.TestListenerCollector.lambda$3(TestListenerCollector.java:88)
	at com.kms.katalon.core.context.internal.TestListenerCollector.handleListenerEvent(TestListenerCollector.java:85)
	at com.kms.katalon.core.context.internal.ExecutionEventManager.publicEvent(ExecutionEventManager.java:36)
	at com.kms.katalon.core.main.TestCaseExecutor.execute(TestCaseExecutor.java:315)
	at com.kms.katalon.core.common.CommonExecutor.accessTestCaseMainPhase(CommonExecutor.java:65)
	at com.kms.katalon.core.main.TestSuiteExecutor.accessTestSuiteMainPhase(TestSuiteExecutor.java:150)
	at com.kms.katalon.core.main.TestSuiteExecutor.execute(TestSuiteExecutor.java:106)
	at com.kms.katalon.core.main.TestCaseMain.startTestSuite(TestCaseMain.java:180)
	at com.kms.katalon.core.main.TestCaseMain$startTestSuite$0.call(Unknown Source)
	at TempTestSuite1761084128061.run(TempTestSuite1761084128061.groovy:35)
	at java.base/jdk.internal.reflect.NativeMethodAccessorImpl.invoke0(Native Method)
	at java.base/jdk.internal.reflect.NativeMethodAccessorImpl.invoke(NativeMethodAccessorImpl.java:77)
	at java.base/jdk.internal.reflect.DelegatingMethodAccessorImpl.invoke(DelegatingMethodAccessorImpl.java:43)
Caused by: groovy.lang.MissingMethodException: No signature of method: WebDriverRetryListener.findTestCase() is applicable for argument types: (String) values: [Test Cases/DES/Trading Partners Page/Subscription/Verify Process Now for Inbound Inventory]
	at WebDriverRetryListener.retryOnDisconnect(WebDriverRecoveryListener.groovy:32)
	at jdk.internal.reflect.GeneratedMethodAccessor47.invoke(Unknown Source)
	at java.base/jdk.internal.reflect.DelegatingMethodAccessorImpl.invoke(DelegatingMethodAccessorImpl.java:43)
	... 16 more]]></system-out>
         <system-err><![CDATA[21-10-2025T19:07:46 - [TEST_CASE][FAILED] - Test Cases/DES/Trading Partners Page/Subscription/Verify Process Now for Inbound Inventory: Test Cases/DES/Trading Partners Page/Subscription/Verify Process Now for Inbound Inventory FAILED.
Reason:
com.kms.katalon.core.exception.StepFailedException: Call Test Case 'Test Cases/DES/DES Login' failed
	at com.kms.katalon.core.keyword.builtin.CallTestCaseKeyword$_callTestCase_closure1.doCall(CallTestCaseKeyword.groovy:63)
	at com.kms.katalon.core.keyword.builtin.CallTestCaseKeyword$_callTestCase_closure1.call(CallTestCaseKeyword.groovy)
	at com.kms.katalon.core.keyword.internal.KeywordMain.runKeyword(KeywordMain.groovy:75)
	at com.kms.katalon.core.keyword.builtin.CallTestCaseKeyword.callTestCase(CallTestCaseKeyword.groovy:81)
	at com.kms.katalon.core.keyword.builtin.CallTestCaseKeyword.execute(CallTestCaseKeyword.groovy:44)
	at com.kms.katalon.core.keyword.internal.KeywordExecutor.executeKeywordForPlatform(KeywordExecutor.groovy:74)
	at com.kms.katalon.core.keyword.BuiltinKeywords.callTestCase(BuiltinKeywords.groovy:310)
	at jdk.internal.reflect.GeneratedMethodAccessor41.invoke(Unknown Source)
	at java.base/jdk.internal.reflect.DelegatingMethodAccessorImpl.invoke(DelegatingMethodAccessorImpl.java:43)
	at Verify Process Now for Inbound Inventory.run(Verify Process Now for Inbound Inventory:20)
	at com.kms.katalon.core.main.ScriptEngine.run(ScriptEngine.java:194)
	at com.kms.katalon.core.main.ScriptEngine.runScriptAsRawText(ScriptEngine.java:119)
	at com.kms.katalon.core.main.TestCaseExecutor.runScript(TestCaseExecutor.java:448)
	at com.kms.katalon.core.main.TestCaseExecutor.doExecute(TestCaseExecutor.java:439)
	at com.kms.katalon.core.main.TestCaseExecutor.processExecutionPhase(TestCaseExecutor.java:418)
	at com.kms.katalon.core.main.TestCaseExecutor.accessMainPhase(TestCaseExecutor.java:410)
	at com.kms.katalon.core.main.TestCaseExecutor.execute(TestCaseExecutor.java:285)
	at com.kms.katalon.core.common.CommonExecutor.accessTestCaseMainPhase(CommonExecutor.java:65)
	at com.kms.katalon.core.main.TestSuiteExecutor.accessTestSuiteMainPhase(TestSuiteExecutor.java:150)
	at com.kms.katalon.core.main.TestSuiteExecutor.execute(TestSuiteExecutor.java:106)
	at com.kms.katalon.core.main.TestCaseMain.startTestSuite(TestCaseMain.java:180)
	at com.kms.katalon.core.main.TestCaseMain$startTestSuite$0.call(Unknown Source)
	at TempTestSuite1761084128061.run(TempTestSuite1761084128061.groovy:35)
	at java.base/jdk.internal.reflect.NativeMethodAccessorImpl.invoke0(Native Method)
	at java.base/jdk.internal.reflect.NativeMethodAccessorImpl.invoke(NativeMethodAccessorImpl.java:77)
	at java.base/jdk.internal.reflect.DelegatingMethodAccessorImpl.invoke(DelegatingMethodAccessorImpl.java:43)
Caused by: com.kms.katalon.core.exception.StepFailedException: Unable to navigate to 'https://dx-portal.qa.thekag.com/'
	at com.kms.katalon.core.webui.keyword.internal.WebUIKeywordMain.stepFailed(WebUIKeywordMain.groovy:117)
	at com.kms.katalon.core.webui.keyword.internal.WebUIKeywordMain.runKeyword(WebUIKeywordMain.groovy:43)
	at com.kms.katalon.core.webui.keyword.builtin.NavigateToUrlKeyword.navigateToUrl(NavigateToUrlKeyword.groovy:83)
	at com.kms.katalon.core.webui.keyword.builtin.NavigateToUrlKeyword.execute(NavigateToUrlKeyword.groovy:67)
	at com.kms.katalon.core.keyword.internal.KeywordExecutor.executeKeywordForPlatform(KeywordExecutor.groovy:74)
	at com.kms.katalon.core.webui.keyword.WebUiBuiltInKeywords.navigateToUrl(WebUiBuiltInKeywords.groovy:187)
	at com.kms.katalon.core.webui.keyword.WebUiBuiltInKeywords$navigateToUrl$1.call(Unknown Source)
	at DES Login.run(DES Login:26)
	at com.kms.katalon.core.main.ScriptEngine.run(ScriptEngine.java:194)
	at com.kms.katalon.core.main.ScriptEngine.runScriptAsRawText(ScriptEngine.java:119)
	at com.kms.katalon.core.main.TestCaseExecutor.runScript(TestCaseExecutor.java:448)
	at com.kms.katalon.core.main.TestCaseExecutor.doExecute(TestCaseExecutor.java:439)
	at com.kms.katalon.core.main.TestCaseExecutor.processExecutionPhase(TestCaseExecutor.java:418)
	at com.kms.katalon.core.main.TestCaseExecutor.accessMainPhase(TestCaseExecutor.java:410)
	at com.kms.katalon.core.main.TestCaseExecutor.execute(TestCaseExecutor.java:285)
	at com.kms.katalon.core.main.TestCaseMain.runTestCase(TestCaseMain.java:137)
	at com.kms.katalon.core.keyword.builtin.CallTestCaseKeyword$_callTestCase_closure1.doCall(CallTestCaseKeyword.groovy:59)
	... 25 more
Caused by: org.openqa.selenium.WebDriverException: java.net.ConnectException: Failed to connect to localhost/[0:0:0:0:0:0:0:1]:24400
Build info: version: '3.141.59', revision: 'unknown', time: 'unknown'
System info: host: 'DC1ADOBLD01', ip: '10.2.20.71', os.name: 'Windows Server 2019', os.arch: 'amd64', os.version: '10.0', java.version: '17.0.7'
Driver info: driver.version: RemoteWebDriver
	at org.openqa.selenium.remote.service.DriverCommandExecutor.execute(DriverCommandExecutor.java:92)
	at org.openqa.selenium.remote.RemoteWebDriver.execute(RemoteWebDriver.java:552)
	at com.kms.katalon.selenium.driver.CChromeDriver.execute(CChromeDriver.java:19)
	at org.openqa.selenium.remote.RemoteWebDriver.get(RemoteWebDriver.java:277)
	at org.openqa.selenium.remote.RemoteWebDriver$RemoteNavigation.to(RemoteWebDriver.java:857)
	at org.openqa.selenium.support.events.EventFiringWebDriver$EventFiringNavigation.to(EventFiringWebDriver.java:569)
	at com.kms.katalon.core.webui.keyword.builtin.NavigateToUrlKeyword$_navigateToUrl_closure1.doCall(NavigateToUrlKeyword.groovy:81)
	at com.kms.katalon.core.webui.keyword.builtin.NavigateToUrlKeyword$_navigateToUrl_closure1.call(NavigateToUrlKeyword.groovy)
	at com.kms.katalon.core.webui.keyword.internal.WebUIKeywordMain.runKeyword(WebUIKeywordMain.groovy:35)
	at com.kms.katalon.core.webui.keyword.builtin.NavigateToUrlKeyword.navigateToUrl(NavigateToUrlKeyword.groovy:83)
	at com.kms.katalon.core.webui.keyword.builtin.NavigateToUrlKeyword.execute(NavigateToUrlKeyword.groovy:67)
	at com.kms.katalon.core.keyword.internal.KeywordExecutor.executeKeywordForPlatform(KeywordExecutor.groovy:74)
	at com.kms.katalon.core.webui.keyword.WebUiBuiltInKeywords.navigateToUrl(WebUiBuiltInKeywords.groovy:187)
	at com.kms.katalon.core.webui.keyword.WebUiBuiltInKeywords$navigateToUrl$1.call(Unknown Source)
	at Script1749499513693.run(Script1749499513693.groovy:26)
	at com.kms.katalon.core.main.ScriptEngine.run(ScriptEngine.java:194)
	at com.kms.katalon.core.main.ScriptEngine.runScriptAsRawText(ScriptEngine.java:119)
	at com.kms.katalon.core.main.TestCaseExecutor.runScript(TestCaseExecutor.java:448)
	at com.kms.katalon.core.main.TestCaseExecutor.doExecute(TestCaseExecutor.java:439)
	at com.kms.katalon.core.main.TestCaseExecutor.processExecutionPhase(TestCaseExecutor.java:418)
	at com.kms.katalon.core.main.TestCaseExecutor.accessMainPhase(TestCaseExecutor.java:410)
	at com.kms.katalon.core.main.TestCaseExecutor.execute(TestCaseExecutor.java:285)
	at com.kms.katalon.core.main.TestCaseMain.runTestCase(TestCaseMain.java:137)
	at com.kms.katalon.core.keyword.builtin.CallTestCaseKeyword$_callTestCase_closure1.doCall(CallTestCaseKeyword.groovy:59)
	at com.kms.katalon.core.keyword.builtin.CallTestCaseKeyword$_callTestCase_closure1.call(CallTestCaseKeyword.groovy)
	at com.kms.katalon.core.keyword.internal.KeywordMain.runKeyword(KeywordMain.groovy:75)
	at com.kms.katalon.core.keyword.builtin.CallTestCaseKeyword.callTestCase(CallTestCaseKeyword.groovy:81)
	at com.kms.katalon.core.keyword.builtin.CallTestCaseKeyword.execute(CallTestCaseKeyword.groovy:44)
	at com.kms.katalon.core.keyword.internal.KeywordExecutor.executeKeywordForPlatform(KeywordExecutor.groovy:74)
	at com.kms.katalon.core.keyword.BuiltinKeywords.callTestCase(BuiltinKeywords.groovy:310)
	at jdk.internal.reflect.GeneratedMethodAccessor41.invoke(Unknown Source)
	at java.base/jdk.internal.reflect.DelegatingMethodAccessorImpl.invoke(DelegatingMethodAccessorImpl.java:43)
	at Script1685557356170.run(Script1685557356170.groovy:20)
	... 16 more
Caused by: java.net.ConnectException: Failed to connect to localhost/[0:0:0:0:0:0:0:1]:24400
	at okhttp3.internal.connection.RealConnection.connectSocket(RealConnection.java:247)
	at okhttp3.internal.connection.RealConnection.connect(RealConnection.java:165)
	at okhttp3.internal.connection.StreamAllocation.findConnection(StreamAllocation.java:257)
	at okhttp3.internal.connection.StreamAllocation.findHealthyConnection(StreamAllocation.java:135)
	at okhttp3.internal.connection.StreamAllocation.newStream(StreamAllocation.java:114)
	at okhttp3.internal.connection.ConnectInterceptor.intercept(ConnectInterceptor.java:42)
	at okhttp3.internal.http.RealInterceptorChain.proceed(RealInterceptorChain.java:147)
	at okhttp3.internal.http.RealInterceptorChain.proceed(RealInterceptorChain.java:121)
	at okhttp3.internal.cache.CacheInterceptor.intercept(CacheInterceptor.java:93)
	at okhttp3.internal.http.RealInterceptorChain.proceed(RealInterceptorChain.java:147)
	at okhttp3.internal.http.RealInterceptorChain.proceed(RealInterceptorChain.java:121)
	at okhttp3.internal.http.BridgeInterceptor.intercept(BridgeInterceptor.java:93)
	at okhttp3.internal.http.RealInterceptorChain.proceed(RealInterceptorChain.java:147)
	at okhttp3.internal.http.RetryAndFollowUpInterceptor.intercept(RetryAndFollowUpInterceptor.java:126)
	at okhttp3.internal.http.RealInterceptorChain.proceed(RealInterceptorChain.java:147)
	at okhttp3.internal.http.RealInterceptorChain.proceed(RealInterceptorChain.java:121)
	at okhttp3.RealCall.getResponseWithInterceptorChain(RealCall.java:200)
	at okhttp3.RealCall.execute(RealCall.java:77)
	at org.openqa.selenium.remote.internal.OkHttpClient.execute(OkHttpClient.java:103)
	at org.openqa.selenium.remote.HttpCommandExecutor.execute(HttpCommandExecutor.java:155)
	at org.openqa.selenium.remote.service.DriverCommandExecutor.execute(DriverCommandExecutor.java:83)
	... 48 more
Caused by: java.net.ConnectException: Connection refused: no further information
	at okhttp3.internal.platform.Platform.connectSocket(Platform.java:129)
	at okhttp3.internal.connection.RealConnection.connectSocket(RealConnection.java:245)
	at okhttp3.internal.connection.RealConnection.connect(RealConnection.java:165)
	at okhttp3.internal.connection.StreamAllocation.findConnection(StreamAllocation.java:257)
	at okhttp3.internal.connection.StreamAllocation.findHealthyConnection(StreamAllocation.java:135)
	at okhttp3.internal.connection.StreamAllocation.newStream(StreamAllocation.java:114)
	at okhttp3.internal.connection.ConnectInterceptor.intercept(ConnectInterceptor.java:42)
	at okhttp3.internal.http.RealInterceptorChain.proceed(RealInterceptorChain.java:147)
	at okhttp3.internal.http.RealInterceptorChain.proceed(RealInterceptorChain.java:121)
	at okhttp3.internal.cache.CacheInterceptor.intercept(CacheInterceptor.java:93)
	at okhttp3.internal.http.RealInterceptorChain.proceed(RealInterceptorChain.java:147)
	at okhttp3.internal.http.RealInterceptorChain.proceed(RealInterceptorChain.java:121)
	at okhttp3.internal.http.BridgeInterceptor.intercept(BridgeInterceptor.java:93)
	at okhttp3.internal.http.RealInterceptorChain.proceed(RealInterceptorChain.java:147)
	at okhttp3.internal.http.RetryAndFollowUpInterceptor.intercept(RetryAndFollowUpInterceptor.java:126)
	at okhttp3.internal.http.RealInterceptorChain.proceed(RealInterceptorChain.java:147)
	at okhttp3.internal.http.RealInterceptorChain.proceed(RealInterceptorChain.java:121)
	at okhttp3.RealCall.getResponseWithInterceptorChain(RealCall.java:200)
	at okhttp3.RealCall.execute(RealCall.java:77)
	at org.openqa.selenium.remote.internal.OkHttpClient.execute(OkHttpClient.java:103)
	at org.openqa.selenium.remote.HttpCommandExecutor.execute(HttpCommandExecutor.java:155)
	at org.openqa.selenium.remote.service.DriverCommandExecutor.execute(DriverCommandExecutor.java:83)
	at org.openqa.selenium.remote.RemoteWebDriver.execute(RemoteWebDriver.java:552)
	at com.kms.katalon.selenium.driver.CChromeDriver.execute(CChromeDriver.java:19)
	at org.openqa.selenium.remote.RemoteWebDriver.get(RemoteWebDriver.java:277)
	at org.openqa.selenium.remote.RemoteWebDriver$RemoteNavigation.to(RemoteWebDriver.java:857)
	at org.openqa.selenium.support.events.EventFiringWebDriver$EventFiringNavigation.to(EventFiringWebDriver.java:569)
	at com.kms.katalon.core.webui.keyword.builtin.NavigateToUrlKeyword$_navigateToUrl_closure1.doCall(NavigateToUrlKeyword.groovy:81)
	at com.kms.katalon.core.webui.keyword.builtin.NavigateToUrlKeyword$_navigateToUrl_closure1.call(NavigateToUrlKeyword.groovy)
	at com.kms.katalon.core.webui.keyword.internal.WebUIKeywordMain.runKeyword(WebUIKeywordMain.groovy:35)
	at com.kms.katalon.core.webui.keyword.builtin.NavigateToUrlKeyword.navigateToUrl(NavigateToUrlKeyword.groovy:83)
	at com.kms.katalon.core.webui.keyword.builtin.NavigateToUrlKeyword.execute(NavigateToUrlKeyword.groovy:67)
	at com.kms.katalon.core.keyword.internal.KeywordExecutor.executeKeywordForPlatform(KeywordExecutor.groovy:74)
	at com.kms.katalon.core.webui.keyword.WebUiBuiltInKeywords.navigateToUrl(WebUiBuiltInKeywords.groovy:187)
	at com.kms.katalon.core.webui.keyword.WebUiBuiltInKeywords$navigateToUrl$1.call(Unknown Source)
	at DES Login.run(DES Login:26)
	at com.kms.katalon.core.main.ScriptEngine.run(ScriptEngine.java:194)
	at com.kms.katalon.core.main.ScriptEngine.runScriptAsRawText(ScriptEngine.java:119)
	at com.kms.katalon.core.main.TestCaseExecutor.runScript(TestCaseExecutor.java:448)
	at com.kms.katalon.core.main.TestCaseExecutor.doExecute(TestCaseExecutor.java:439)
	at com.kms.katalon.core.main.TestCaseExecutor.processExecutionPhase(TestCaseExecutor.java:418)
	at com.kms.katalon.core.main.TestCaseExecutor.accessMainPhase(TestCaseExecutor.java:410)
	at com.kms.katalon.core.main.TestCaseExecutor.execute(TestCaseExecutor.java:285)
	at com.kms.katalon.core.main.TestCaseMain.runTestCase(TestCaseMain.java:137)
	at com.kms.katalon.core.keyword.builtin.CallTestCaseKeyword$_callTestCase_closure1.doCall(CallTestCaseKeyword.groovy:59)
	at com.kms.katalon.core.keyword.builtin.CallTestCaseKeyword$_callTestCase_closure1.call(CallTestCaseKeyword.groovy)
	at com.kms.katalon.core.keyword.internal.KeywordMain.runKeyword(KeywordMain.groovy:75)
	at com.kms.katalon.core.keyword.builtin.CallTestCaseKeyword.callTestCase(CallTestCaseKeyword.groovy:81)
	at com.kms.katalon.core.keyword.builtin.CallTestCaseKeyword.execute(CallTestCaseKeyword.groovy:44)
	at com.kms.katalon.core.keyword.internal.KeywordExecutor.executeKeywordForPlatform(KeywordExecutor.groovy:74)
	at com.kms.katalon.core.keyword.BuiltinKeywords.callTestCase(BuiltinKeywords.groovy:310)
	at jdk.internal.reflect.GeneratedMethodAccessor41.invoke(Unknown Source)
	at java.base/jdk.internal.reflect.DelegatingMethodAccessorImpl.invoke(DelegatingMethodAccessorImpl.java:43)
	at Verify Process Now for Inbound Inventory.run(Verify Process Now for Inbound Inventory:20)
	... 16 more]]></system-err>
      </testcase>
      <testcase name="Test Cases/DES/Trading Partners Page/Subscription/Verify Process Now for Inbound Load Tender" time="31.573" classname="Test Cases/DES/Trading Partners Page/Subscription/Verify Process Now for Inbound Load Tender" status="PASSED">
         <system-out><![CDATA[21-10-2025T19:07:57 - [TEST_CASE][PASSED] - Test Cases/DES/Trading Partners Page/Subscription/Verify Process Now for Inbound Load Tender: Test Cases/DES/Trading Partners Page/Subscription/Verify Process Now for Inbound Load Tender

21-10-2025T19:07:57 - [TEST_STEP][PASSED] - Start listener action : beforeTestCase: null

21-10-2025T19:07:57 - [TEST_STEP][PASSED] - addDefaultPackages(): null

21-10-2025T19:07:57 - [TEST_STEP][PASSED] - callTestCase(findTestCase("DES/DES Login"), [:], STOP_ON_FAILURE): Call Test Case 'Test Cases/DES/DES Login' successfully

21-10-2025T19:07:57 - [TEST_CASE][PASSED] - Test Cases/DES/DES Login: Test Cases/DES/DES Login

21-10-2025T19:07:57 - [TEST_STEP][PASSED] - openBrowser(""): Browser is opened with url: ''

21-10-2025T19:07:57 - [MESSAGE][INFO] - Starting 'Chrome' driver

21-10-2025T19:07:57 - [MESSAGE][INFO] - User set preference: ['args', '[--no-sandbox, --disable-gpu, --disable-dev-shm-usage]']

21-10-2025T19:07:57 - [MESSAGE][INFO] - Action delay is set to 0 milliseconds

21-10-2025T19:07:58 - [MESSAGE][PASSED] - Browser is opened with url: ''

21-10-2025T19:07:58 - [TEST_STEP][PASSED] - maximizeWindow(): Current window maximized

21-10-2025T19:07:58 - [MESSAGE][PASSED] - Current window maximized

21-10-2025T19:07:58 - [TEST_STEP][PASSED] - delay(10): Delayed 10 second(s)

21-10-2025T19:08:08 - [MESSAGE][PASSED] - Delayed 10 second(s)

21-10-2025T19:08:08 - [TEST_STEP][PASSED] - navigateToUrl("https://dx-portal.qa.thekag.com/"): Navigate to 'https://dx-portal.qa.thekag.com/' successfully

21-10-2025T19:08:09 - [MESSAGE][PASSED] - Navigate to 'https://dx-portal.qa.thekag.com/' successfully

21-10-2025T19:08:09 - [TEST_STEP][PASSED] - delay(5): Delayed 5 second(s)

21-10-2025T19:08:14 - [MESSAGE][PASSED] - Delayed 5 second(s)

21-10-2025T19:08:14 - [TEST_STEP][PASSED] - setText(findTestObject("Object Repository/Page_IdentityServer4/input_Username (e.g. email address)_Username"), "Chris.Sheldon+DES_QA@Thekag.com"): Text 'Chris.Sheldon+DES_QA@Thekag.com' is set on object 'Object Repository/Page_IdentityServer4/input_Username (e.g. email address)_Username'

21-10-2025T19:08:14 - [MESSAGE][PASSED] - Text 'Chris.Sheldon+DES_QA@Thekag.com' is set on object 'Object Repository/Page_IdentityServer4/input_Username (e.g. email address)_Username'

21-10-2025T19:08:14 - [TEST_STEP][PASSED] - setEncryptedText(findTestObject("Page_IdentityServer4/input_Password_Password"), "BtpyPJuZxPz9EFo3Zi2c4Q=="): Text ****** has been set on object 'Object Repository/Page_IdentityServer4/input_Password_Password'

21-10-2025T19:08:14 - [MESSAGE][PASSED] - Text ****** has been set on object 'Object Repository/Page_IdentityServer4/input_Password_Password'

21-10-2025T19:08:14 - [TEST_STEP][PASSED] - click(findTestObject("Object Repository/Page_IdentityServer4/button_Login")): Object: 'Object Repository/Page_IdentityServer4/button_Login' is clicked on

21-10-2025T19:08:14 - [MESSAGE][PASSED] - Object: 'Object Repository/Page_IdentityServer4/button_Login' is clicked on

21-10-2025T19:08:14 - [TEST_STEP][PASSED] - delay(5): Delayed 5 second(s)

21-10-2025T19:08:19 - [MESSAGE][PASSED] - Delayed 5 second(s)

21-10-2025T19:08:19 - [MESSAGE][PASSED] - Call Test Case 'Test Cases/DES/DES Login' successfully

21-10-2025T19:08:19 - [TEST_STEP][PASSED] - setText(findTestObject("DES/Trading Partners Page/Search Trading Partner_input_txt"), "FIM FIM Load Tenders"): Text 'FIM FIM Load Tenders' is set on object 'Object Repository/DES/Trading Partners Page/Search Trading Partner_input_txt'

21-10-2025T19:08:20 - [MESSAGE][PASSED] - Text 'FIM FIM Load Tenders' is set on object 'Object Repository/DES/Trading Partners Page/Search Trading Partner_input_txt'

21-10-2025T19:08:20 - [TEST_STEP][PASSED] - delay(5): Delayed 5 second(s)

21-10-2025T19:08:25 - [MESSAGE][PASSED] - Delayed 5 second(s)

21-10-2025T19:08:25 - [TEST_STEP][PASSED] - click(findTestObject("DES/TradingPartners/Katalon Trading TP View_btn")): Object: 'Object Repository/DES/TradingPartners/Katalon Trading TP View_btn' is clicked on

21-10-2025T19:08:25 - [MESSAGE][PASSED] - Object: 'Object Repository/DES/TradingPartners/Katalon Trading TP View_btn' is clicked on

21-10-2025T19:08:25 - [TEST_STEP][PASSED] - click(findTestObject("DES/TradingPartners/Subscription/Subscription Tab")): Object: 'Object Repository/DES/TradingPartners/Subscription/Subscription Tab' is clicked on

21-10-2025T19:08:27 - [MESSAGE][PASSED] - Object: 'Object Repository/DES/TradingPartners/Subscription/Subscription Tab' is clicked on

21-10-2025T19:08:27 - [TEST_STEP][PASSED] - check(findTestObject("DES/TradingPartners/Subscription/Hide Inactive Subscription_checkbox")): Object 'Object Repository/DES/TradingPartners/Subscription/Hide Inactive Subscription_checkbox' is checked

21-10-2025T19:08:28 - [MESSAGE][PASSED] - Object 'Object Repository/DES/TradingPartners/Subscription/Hide Inactive Subscription_checkbox' is checked

21-10-2025T19:08:28 - [TEST_STEP][PASSED] - verifyElementPresent(findTestObject("DES/TradingPartners/Subscription/Process Now_option_1st_subscription"), 30): Object 'Object Repository/DES/TradingPartners/Subscription/Process Now_option_1st_subscription' is present

21-10-2025T19:08:28 - [MESSAGE][PASSED] - Object 'Object Repository/DES/TradingPartners/Subscription/Process Now_option_1st_subscription' is present

21-10-2025T19:08:28 - [TEST_STEP][PASSED] - verifyElementClickable(findTestObject("DES/TradingPartners/Subscription/Process Now_option_1st_subscription")): Object 'Object Repository/DES/TradingPartners/Subscription/Process Now_option_1st_subscription' is clickable

21-10-2025T19:08:28 - [MESSAGE][PASSED] - Object 'Object Repository/DES/TradingPartners/Subscription/Process Now_option_1st_subscription' is clickable

21-10-2025T19:08:28 - [TEST_STEP][PASSED] - click(findTestObject("DES/TradingPartners/Subscription/Select_dropdown_btn_1st_subscription")): Object: 'Object Repository/DES/TradingPartners/Subscription/Select_dropdown_btn_1st_subscription' is clicked on

21-10-2025T19:08:28 - [MESSAGE][PASSED] - Object: 'Object Repository/DES/TradingPartners/Subscription/Select_dropdown_btn_1st_subscription' is clicked on

21-10-2025T19:08:28 - [TEST_STEP][PASSED] - click(findTestObject("DES/TradingPartners/Subscription/Process Now_option_1st_subscription")): Object: 'Object Repository/DES/TradingPartners/Subscription/Process Now_option_1st_subscription' is clicked on

21-10-2025T19:08:28 - [MESSAGE][PASSED] - Object: 'Object Repository/DES/TradingPartners/Subscription/Process Now_option_1st_subscription' is clicked on

21-10-2025T19:08:28 - [TEST_STEP][PASSED] - closeBrowser(): Browser is closed

21-10-2025T19:08:29 - [MESSAGE][PASSED] - Browser is closed

21-10-2025T19:08:29 - [TEST_STEP][PASSED] - Start listener action : retryOnDisconnect: null

21-10-2025T19:08:29 - [TEST_STEP][PASSED] - tcId = testCaseContext.getTestCaseId(): null

21-10-2025T19:08:29 - [TEST_STEP][PASSED] - currentRetry = retryCounts.getOrDefault(tcId, 0): null

21-10-2025T19:08:29 - [TEST_STEP][PASSED] - if (testCaseContext.getTestCaseStatus() == "FAILED" && currentRetry < MAX_RETRIES): null]]></system-out>
         <system-err><![CDATA[]]></system-err>
      </testcase>
      <testcase name="Test Cases/DES/Trading Partners Page/Subscription/Verify Process Now for Load Tender" time="30.665" classname="Test Cases/DES/Trading Partners Page/Subscription/Verify Process Now for Load Tender" status="PASSED">
         <system-out><![CDATA[21-10-2025T19:08:29 - [TEST_CASE][PASSED] - Test Cases/DES/Trading Partners Page/Subscription/Verify Process Now for Load Tender: Test Cases/DES/Trading Partners Page/Subscription/Verify Process Now for Load Tender

21-10-2025T19:08:29 - [TEST_STEP][PASSED] - Start listener action : beforeTestCase: null

21-10-2025T19:08:29 - [TEST_STEP][PASSED] - addDefaultPackages(): null

21-10-2025T19:08:29 - [TEST_STEP][PASSED] - callTestCase(findTestCase("DES/DES Login"), [:], STOP_ON_FAILURE): Call Test Case 'Test Cases/DES/DES Login' successfully

21-10-2025T19:08:29 - [TEST_CASE][PASSED] - Test Cases/DES/DES Login: Test Cases/DES/DES Login

21-10-2025T19:08:29 - [TEST_STEP][PASSED] - openBrowser(""): Browser is opened with url: ''

21-10-2025T19:08:29 - [MESSAGE][INFO] - Starting 'Chrome' driver

21-10-2025T19:08:29 - [MESSAGE][INFO] - User set preference: ['args', '[--no-sandbox, --disable-gpu, --disable-dev-shm-usage]']

21-10-2025T19:08:29 - [MESSAGE][INFO] - Action delay is set to 0 milliseconds

21-10-2025T19:08:29 - [MESSAGE][PASSED] - Browser is opened with url: ''

21-10-2025T19:08:29 - [TEST_STEP][PASSED] - maximizeWindow(): Current window maximized

21-10-2025T19:08:29 - [MESSAGE][PASSED] - Current window maximized

21-10-2025T19:08:29 - [TEST_STEP][PASSED] - delay(10): Delayed 10 second(s)

21-10-2025T19:08:39 - [MESSAGE][PASSED] - Delayed 10 second(s)

21-10-2025T19:08:39 - [TEST_STEP][PASSED] - navigateToUrl("https://dx-portal.qa.thekag.com/"): Navigate to 'https://dx-portal.qa.thekag.com/' successfully

21-10-2025T19:08:40 - [MESSAGE][PASSED] - Navigate to 'https://dx-portal.qa.thekag.com/' successfully

21-10-2025T19:08:40 - [TEST_STEP][PASSED] - delay(5): Delayed 5 second(s)

21-10-2025T19:08:45 - [MESSAGE][PASSED] - Delayed 5 second(s)

21-10-2025T19:08:45 - [TEST_STEP][PASSED] - setText(findTestObject("Object Repository/Page_IdentityServer4/input_Username (e.g. email address)_Username"), "Chris.Sheldon+DES_QA@Thekag.com"): Text 'Chris.Sheldon+DES_QA@Thekag.com' is set on object 'Object Repository/Page_IdentityServer4/input_Username (e.g. email address)_Username'

21-10-2025T19:08:45 - [MESSAGE][PASSED] - Text 'Chris.Sheldon+DES_QA@Thekag.com' is set on object 'Object Repository/Page_IdentityServer4/input_Username (e.g. email address)_Username'

21-10-2025T19:08:45 - [TEST_STEP][PASSED] - setEncryptedText(findTestObject("Page_IdentityServer4/input_Password_Password"), "BtpyPJuZxPz9EFo3Zi2c4Q=="): Text ****** has been set on object 'Object Repository/Page_IdentityServer4/input_Password_Password'

21-10-2025T19:08:45 - [MESSAGE][PASSED] - Text ****** has been set on object 'Object Repository/Page_IdentityServer4/input_Password_Password'

21-10-2025T19:08:45 - [TEST_STEP][PASSED] - click(findTestObject("Object Repository/Page_IdentityServer4/button_Login")): Object: 'Object Repository/Page_IdentityServer4/button_Login' is clicked on

21-10-2025T19:08:46 - [MESSAGE][PASSED] - Object: 'Object Repository/Page_IdentityServer4/button_Login' is clicked on

21-10-2025T19:08:46 - [TEST_STEP][PASSED] - delay(5): Delayed 5 second(s)

21-10-2025T19:08:51 - [MESSAGE][PASSED] - Delayed 5 second(s)

21-10-2025T19:08:51 - [MESSAGE][PASSED] - Call Test Case 'Test Cases/DES/DES Login' successfully

21-10-2025T19:08:51 - [TEST_STEP][PASSED] - setText(findTestObject("DES/Trading Partners Page/Search Trading Partner_input_txt"), "FIM FIM Load Tenders"): Text 'FIM FIM Load Tenders' is set on object 'Object Repository/DES/Trading Partners Page/Search Trading Partner_input_txt'

21-10-2025T19:08:51 - [MESSAGE][PASSED] - Text 'FIM FIM Load Tenders' is set on object 'Object Repository/DES/Trading Partners Page/Search Trading Partner_input_txt'

21-10-2025T19:08:51 - [TEST_STEP][PASSED] - delay(5): Delayed 5 second(s)

21-10-2025T19:08:56 - [MESSAGE][PASSED] - Delayed 5 second(s)

21-10-2025T19:08:56 - [TEST_STEP][PASSED] - click(findTestObject("DES/TradingPartners/Katalon Trading TP View_btn")): Object: 'Object Repository/DES/TradingPartners/Katalon Trading TP View_btn' is clicked on

21-10-2025T19:08:56 - [MESSAGE][PASSED] - Object: 'Object Repository/DES/TradingPartners/Katalon Trading TP View_btn' is clicked on

21-10-2025T19:08:56 - [TEST_STEP][PASSED] - click(findTestObject("DES/TradingPartners/Subscription/Subscription Tab")): Object: 'Object Repository/DES/TradingPartners/Subscription/Subscription Tab' is clicked on

21-10-2025T19:08:58 - [MESSAGE][PASSED] - Object: 'Object Repository/DES/TradingPartners/Subscription/Subscription Tab' is clicked on

21-10-2025T19:08:58 - [TEST_STEP][PASSED] - verifyElementPresent(findTestObject("DES/TradingPartners/Subscription/Process Now_option"), 30): Object 'Object Repository/DES/TradingPartners/Subscription/Process Now_option' is present

21-10-2025T19:08:59 - [MESSAGE][PASSED] - Object 'Object Repository/DES/TradingPartners/Subscription/Process Now_option' is present

21-10-2025T19:08:59 - [TEST_STEP][PASSED] - verifyElementClickable(findTestObject("DES/TradingPartners/Subscription/Process Now_option")): Object 'Object Repository/DES/TradingPartners/Subscription/Process Now_option' is clickable

21-10-2025T19:08:59 - [MESSAGE][PASSED] - Object 'Object Repository/DES/TradingPartners/Subscription/Process Now_option' is clickable

21-10-2025T19:08:59 - [TEST_STEP][PASSED] - click(findTestObject("DES/TradingPartners/Subscription/Select_dropdown_btn")): Object: 'Object Repository/DES/TradingPartners/Subscription/Select_dropdown_btn' is clicked on

21-10-2025T19:08:59 - [MESSAGE][PASSED] - Object: 'Object Repository/DES/TradingPartners/Subscription/Select_dropdown_btn' is clicked on

21-10-2025T19:08:59 - [TEST_STEP][PASSED] - click(findTestObject("DES/TradingPartners/Subscription/Process Now_option")): Object: 'Object Repository/DES/TradingPartners/Subscription/Process Now_option' is clicked on

21-10-2025T19:08:59 - [MESSAGE][PASSED] - Object: 'Object Repository/DES/TradingPartners/Subscription/Process Now_option' is clicked on

21-10-2025T19:08:59 - [TEST_STEP][PASSED] - closeBrowser(): Browser is closed

21-10-2025T19:08:59 - [MESSAGE][PASSED] - Browser is closed

21-10-2025T19:08:59 - [TEST_STEP][PASSED] - Start listener action : retryOnDisconnect: null

21-10-2025T19:08:59 - [TEST_STEP][PASSED] - tcId = testCaseContext.getTestCaseId(): null

21-10-2025T19:08:59 - [TEST_STEP][PASSED] - currentRetry = retryCounts.getOrDefault(tcId, 0): null

21-10-2025T19:08:59 - [TEST_STEP][PASSED] - if (testCaseContext.getTestCaseStatus() == "FAILED" && currentRetry < MAX_RETRIES): null]]></system-out>
         <system-err><![CDATA[]]></system-err>
      </testcase>
      <testcase name="Test Cases/DES/Trading Partners Page/Subscription/Verify Process Now for Outbound FA" time="30.348" classname="Test Cases/DES/Trading Partners Page/Subscription/Verify Process Now for Outbound FA" status="PASSED">
         <system-out><![CDATA[21-10-2025T19:08:59 - [TEST_CASE][PASSED] - Test Cases/DES/Trading Partners Page/Subscription/Verify Process Now for Outbound FA: Test Cases/DES/Trading Partners Page/Subscription/Verify Process Now for Outbound FA

21-10-2025T19:08:59 - [TEST_STEP][PASSED] - Start listener action : beforeTestCase: null

21-10-2025T19:08:59 - [TEST_STEP][PASSED] - addDefaultPackages(): null

21-10-2025T19:08:59 - [TEST_STEP][PASSED] - callTestCase(findTestCase("DES/DES Login"), [:], STOP_ON_FAILURE): Call Test Case 'Test Cases/DES/DES Login' successfully

21-10-2025T19:08:59 - [TEST_CASE][PASSED] - Test Cases/DES/DES Login: Test Cases/DES/DES Login

21-10-2025T19:08:59 - [TEST_STEP][PASSED] - openBrowser(""): Browser is opened with url: ''

21-10-2025T19:08:59 - [MESSAGE][INFO] - Starting 'Chrome' driver

21-10-2025T19:08:59 - [MESSAGE][INFO] - User set preference: ['args', '[--no-sandbox, --disable-gpu, --disable-dev-shm-usage]']

21-10-2025T19:08:59 - [MESSAGE][INFO] - Action delay is set to 0 milliseconds

21-10-2025T19:09:00 - [MESSAGE][PASSED] - Browser is opened with url: ''

21-10-2025T19:09:00 - [TEST_STEP][PASSED] - maximizeWindow(): Current window maximized

21-10-2025T19:09:00 - [MESSAGE][PASSED] - Current window maximized

21-10-2025T19:09:00 - [TEST_STEP][PASSED] - delay(10): Delayed 10 second(s)

21-10-2025T19:09:10 - [MESSAGE][PASSED] - Delayed 10 second(s)

21-10-2025T19:09:10 - [TEST_STEP][PASSED] - navigateToUrl("https://dx-portal.qa.thekag.com/"): Navigate to 'https://dx-portal.qa.thekag.com/' successfully

21-10-2025T19:09:11 - [MESSAGE][PASSED] - Navigate to 'https://dx-portal.qa.thekag.com/' successfully

21-10-2025T19:09:11 - [TEST_STEP][PASSED] - delay(5): Delayed 5 second(s)

21-10-2025T19:09:16 - [MESSAGE][PASSED] - Delayed 5 second(s)

21-10-2025T19:09:16 - [TEST_STEP][PASSED] - setText(findTestObject("Object Repository/Page_IdentityServer4/input_Username (e.g. email address)_Username"), "Chris.Sheldon+DES_QA@Thekag.com"): Text 'Chris.Sheldon+DES_QA@Thekag.com' is set on object 'Object Repository/Page_IdentityServer4/input_Username (e.g. email address)_Username'

21-10-2025T19:09:16 - [MESSAGE][PASSED] - Text 'Chris.Sheldon+DES_QA@Thekag.com' is set on object 'Object Repository/Page_IdentityServer4/input_Username (e.g. email address)_Username'

21-10-2025T19:09:16 - [TEST_STEP][PASSED] - setEncryptedText(findTestObject("Page_IdentityServer4/input_Password_Password"), "BtpyPJuZxPz9EFo3Zi2c4Q=="): Text ****** has been set on object 'Object Repository/Page_IdentityServer4/input_Password_Password'

21-10-2025T19:09:16 - [MESSAGE][PASSED] - Text ****** has been set on object 'Object Repository/Page_IdentityServer4/input_Password_Password'

21-10-2025T19:09:16 - [TEST_STEP][PASSED] - click(findTestObject("Object Repository/Page_IdentityServer4/button_Login")): Object: 'Object Repository/Page_IdentityServer4/button_Login' is clicked on

21-10-2025T19:09:16 - [MESSAGE][PASSED] - Object: 'Object Repository/Page_IdentityServer4/button_Login' is clicked on

21-10-2025T19:09:16 - [TEST_STEP][PASSED] - delay(5): Delayed 5 second(s)

21-10-2025T19:09:21 - [MESSAGE][PASSED] - Delayed 5 second(s)

21-10-2025T19:09:21 - [MESSAGE][PASSED] - Call Test Case 'Test Cases/DES/DES Login' successfully

21-10-2025T19:09:21 - [TEST_STEP][PASSED] - setText(findTestObject("DES/Trading Partners Page/Search Trading Partner_input_txt"), "PDI-Marines"): Text 'PDI-Marines' is set on object 'Object Repository/DES/Trading Partners Page/Search Trading Partner_input_txt'

21-10-2025T19:09:21 - [MESSAGE][PASSED] - Text 'PDI-Marines' is set on object 'Object Repository/DES/Trading Partners Page/Search Trading Partner_input_txt'

21-10-2025T19:09:21 - [TEST_STEP][PASSED] - delay(5): Delayed 5 second(s)

21-10-2025T19:09:26 - [MESSAGE][PASSED] - Delayed 5 second(s)

21-10-2025T19:09:26 - [TEST_STEP][PASSED] - click(findTestObject("DES/TradingPartners/Katalon Trading TP View_btn")): Object: 'Object Repository/DES/TradingPartners/Katalon Trading TP View_btn' is clicked on

21-10-2025T19:09:27 - [MESSAGE][PASSED] - Object: 'Object Repository/DES/TradingPartners/Katalon Trading TP View_btn' is clicked on

21-10-2025T19:09:27 - [TEST_STEP][PASSED] - click(findTestObject("DES/TradingPartners/Subscription/Subscription Tab")): Object: 'Object Repository/DES/TradingPartners/Subscription/Subscription Tab' is clicked on

21-10-2025T19:09:28 - [MESSAGE][PASSED] - Object: 'Object Repository/DES/TradingPartners/Subscription/Subscription Tab' is clicked on

21-10-2025T19:09:28 - [TEST_STEP][PASSED] - check(findTestObject("DES/TradingPartners/Subscription/Hide Inactive Subscription_checkbox")): Object 'Object Repository/DES/TradingPartners/Subscription/Hide Inactive Subscription_checkbox' is checked

21-10-2025T19:09:29 - [MESSAGE][PASSED] - Object 'Object Repository/DES/TradingPartners/Subscription/Hide Inactive Subscription_checkbox' is checked

21-10-2025T19:09:29 - [TEST_STEP][PASSED] - check(findTestObject("DES/TradingPartners/Subscription/Hide Inactive Transmissions_checkbox")): Object 'Object Repository/DES/TradingPartners/Subscription/Hide Inactive Transmissions_checkbox' is checked

21-10-2025T19:09:29 - [MESSAGE][PASSED] - Object 'Object Repository/DES/TradingPartners/Subscription/Hide Inactive Transmissions_checkbox' is checked

21-10-2025T19:09:29 - [TEST_STEP][PASSED] - verifyElementPresent(findTestObject("DES/TradingPartners/Subscription/Process Now_option_4th_subscription"), 30): Object 'Object Repository/DES/TradingPartners/Subscription/Process Now_option_4th_subscription' is present

21-10-2025T19:09:29 - [MESSAGE][PASSED] - Object 'Object Repository/DES/TradingPartners/Subscription/Process Now_option_4th_subscription' is present

21-10-2025T19:09:29 - [TEST_STEP][PASSED] - verifyElementClickable(findTestObject("DES/TradingPartners/Subscription/Process Now_option_4th_subscription")): Object 'Object Repository/DES/TradingPartners/Subscription/Process Now_option_4th_subscription' is clickable

21-10-2025T19:09:29 - [MESSAGE][PASSED] - Object 'Object Repository/DES/TradingPartners/Subscription/Process Now_option_4th_subscription' is clickable

21-10-2025T19:09:29 - [TEST_STEP][PASSED] - click(findTestObject("DES/TradingPartners/Subscription/Select_dropdown_btn_4th_subscription")): Object: 'Object Repository/DES/TradingPartners/Subscription/Select_dropdown_btn_4th_subscription' is clicked on

21-10-2025T19:09:29 - [MESSAGE][PASSED] - Object: 'Object Repository/DES/TradingPartners/Subscription/Select_dropdown_btn_4th_subscription' is clicked on

21-10-2025T19:09:29 - [TEST_STEP][PASSED] - click(findTestObject("DES/TradingPartners/Subscription/Process Now_option_4th_subscription")): Object: 'Object Repository/DES/TradingPartners/Subscription/Process Now_option_4th_subscription' is clicked on

21-10-2025T19:09:29 - [MESSAGE][PASSED] - Object: 'Object Repository/DES/TradingPartners/Subscription/Process Now_option_4th_subscription' is clicked on

21-10-2025T19:09:29 - [TEST_STEP][PASSED] - closeBrowser(): Browser is closed

21-10-2025T19:09:30 - [MESSAGE][PASSED] - Browser is closed

21-10-2025T19:09:30 - [TEST_STEP][PASSED] - Start listener action : retryOnDisconnect: null

21-10-2025T19:09:30 - [TEST_STEP][PASSED] - tcId = testCaseContext.getTestCaseId(): null

21-10-2025T19:09:30 - [TEST_STEP][PASSED] - currentRetry = retryCounts.getOrDefault(tcId, 0): null

21-10-2025T19:09:30 - [TEST_STEP][PASSED] - if (testCaseContext.getTestCaseStatus() == "FAILED" && currentRetry < MAX_RETRIES): null]]></system-out>
         <system-err><![CDATA[]]></system-err>
      </testcase>
      <testcase name="Test Cases/DES/Trading Partners Page/Subscription/Verify Process Now for Outbound FIN-ACC" time="11.085" classname="Test Cases/DES/Trading Partners Page/Subscription/Verify Process Now for Outbound FIN-ACC" status="FAILED">
         <failure type="FAILED" message="Test Cases/DES/Trading Partners Page/Subscription/Verify Process Now for Outbound FIN-ACC FAILED.&#xa;Reason:&#xa;com.kms.katalon.core.exception.StepFailedException: Call Test Case 'Test Cases/DES/DES Login' failed&#xa;	at com.kms.katalon.core.keyword.builtin.CallTestCaseKeyword$_callTestCase_closure1.doCall(CallTestCaseKeyword.groovy:63)&#xa;	at com.kms.katalon.core.keyword.builtin.CallTestCaseKeyword$_callTestCase_closure1.call(CallTestCaseKeyword.groovy)&#xa;	at com.kms.katalon.core.keyword.internal.KeywordMain.runKeyword(KeywordMain.groovy:75)&#xa;	at com.kms.katalon.core.keyword.builtin.CallTestCaseKeyword.callTestCase(CallTestCaseKeyword.groovy:81)&#xa;	at com.kms.katalon.core.keyword.builtin.CallTestCaseKeyword.execute(CallTestCaseKeyword.groovy:44)&#xa;	at com.kms.katalon.core.keyword.internal.KeywordExecutor.executeKeywordForPlatform(KeywordExecutor.groovy:74)&#xa;	at com.kms.katalon.core.keyword.BuiltinKeywords.callTestCase(BuiltinKeywords.groovy:310)&#xa;	at jdk.internal.reflect.GeneratedMethodAccessor41.invoke(Unknown Source)&#xa;	at java.base/jdk.internal.reflect.DelegatingMethodAccessorImpl.invoke(DelegatingMethodAccessorImpl.java:43)&#xa;	at Verify Process Now for Outbound FIN-ACC.run(Verify Process Now for Outbound FIN-ACC:20)&#xa;	at com.kms.katalon.core.main.ScriptEngine.run(ScriptEngine.java:194)&#xa;	at com.kms.katalon.core.main.ScriptEngine.runScriptAsRawText(ScriptEngine.java:119)&#xa;	at com.kms.katalon.core.main.TestCaseExecutor.runScript(TestCaseExecutor.java:448)&#xa;	at com.kms.katalon.core.main.TestCaseExecutor.doExecute(TestCaseExecutor.java:439)&#xa;	at com.kms.katalon.core.main.TestCaseExecutor.processExecutionPhase(TestCaseExecutor.java:418)&#xa;	at com.kms.katalon.core.main.TestCaseExecutor.accessMainPhase(TestCaseExecutor.java:410)&#xa;	at com.kms.katalon.core.main.TestCaseExecutor.execute(TestCaseExecutor.java:285)&#xa;	at com.kms.katalon.core.common.CommonExecutor.accessTestCaseMainPhase(CommonExecutor.java:65)&#xa;	at com.kms.katalon.core.main.TestSuiteExecutor.accessTestSuiteMainPhase(TestSuiteExecutor.java:150)&#xa;	at com.kms.katalon.core.main.TestSuiteExecutor.execute(TestSuiteExecutor.java:106)&#xa;	at com.kms.katalon.core.main.TestCaseMain.startTestSuite(TestCaseMain.java:180)&#xa;	at com.kms.katalon.core.main.TestCaseMain$startTestSuite$0.call(Unknown Source)&#xa;	at TempTestSuite1761084128061.run(TempTestSuite1761084128061.groovy:35)&#xa;	at java.base/jdk.internal.reflect.NativeMethodAccessorImpl.invoke0(Native Method)&#xa;	at java.base/jdk.internal.reflect.NativeMethodAccessorImpl.invoke(NativeMethodAccessorImpl.java:77)&#xa;	at java.base/jdk.internal.reflect.DelegatingMethodAccessorImpl.invoke(DelegatingMethodAccessorImpl.java:43)&#xa;Caused by: com.kms.katalon.core.exception.StepFailedException: Unable to navigate to 'https://dx-portal.qa.thekag.com/'&#xa;	at com.kms.katalon.core.webui.keyword.internal.WebUIKeywordMain.stepFailed(WebUIKeywordMain.groovy:117)&#xa;	at com.kms.katalon.core.webui.keyword.internal.WebUIKeywordMain.runKeyword(WebUIKeywordMain.groovy:43)&#xa;	at com.kms.katalon.core.webui.keyword.builtin.NavigateToUrlKeyword.navigateToUrl(NavigateToUrlKeyword.groovy:83)&#xa;	at com.kms.katalon.core.webui.keyword.builtin.NavigateToUrlKeyword.execute(NavigateToUrlKeyword.groovy:67)&#xa;	at com.kms.katalon.core.keyword.internal.KeywordExecutor.executeKeywordForPlatform(KeywordExecutor.groovy:74)&#xa;	at com.kms.katalon.core.webui.keyword.WebUiBuiltInKeywords.navigateToUrl(WebUiBuiltInKeywords.groovy:187)&#xa;	at com.kms.katalon.core.webui.keyword.WebUiBuiltInKeywords$navigateToUrl$1.call(Unknown Source)&#xa;	at DES Login.run(DES Login:26)&#xa;	at com.kms.katalon.core.main.ScriptEngine.run(ScriptEngine.java:194)&#xa;	at com.kms.katalon.core.main.ScriptEngine.runScriptAsRawText(ScriptEngine.java:119)&#xa;	at com.kms.katalon.core.main.TestCaseExecutor.runScript(TestCaseExecutor.java:448)&#xa;	at com.kms.katalon.core.main.TestCaseExecutor.doExecute(TestCaseExecutor.java:439)&#xa;	at com.kms.katalon.core.main.TestCaseExecutor.processExecutionPhase(TestCaseExecutor.java:418)&#xa;	at com.kms.katalon.core.main.TestCaseExecutor.accessMainPhase(TestCaseExecutor.java:410)&#xa;	at com.kms.katalon.core.main.TestCaseExecutor.execute(TestCaseExecutor.java:285)&#xa;	at com.kms.katalon.core.main.TestCaseMain.runTestCase(TestCaseMain.java:137)&#xa;	at com.kms.katalon.core.keyword.builtin.CallTestCaseKeyword$_callTestCase_closure1.doCall(CallTestCaseKeyword.groovy:59)&#xa;	... 25 more&#xa;Caused by: org.openqa.selenium.WebDriverException: java.net.ConnectException: Failed to connect to localhost/[0:0:0:0:0:0:0:1]:14331&#xa;Build info: version: '3.141.59', revision: 'unknown', time: 'unknown'&#xa;System info: host: 'DC1ADOBLD01', ip: '10.2.20.71', os.name: 'Windows Server 2019', os.arch: 'amd64', os.version: '10.0', java.version: '17.0.7'&#xa;Driver info: driver.version: RemoteWebDriver&#xa;	at org.openqa.selenium.remote.service.DriverCommandExecutor.execute(DriverCommandExecutor.java:92)&#xa;	at org.openqa.selenium.remote.RemoteWebDriver.execute(RemoteWebDriver.java:552)&#xa;	at com.kms.katalon.selenium.driver.CChromeDriver.execute(CChromeDriver.java:19)&#xa;	at org.openqa.selenium.remote.RemoteWebDriver.get(RemoteWebDriver.java:277)&#xa;	at org.openqa.selenium.remote.RemoteWebDriver$RemoteNavigation.to(RemoteWebDriver.java:857)&#xa;	at org.openqa.selenium.support.events.EventFiringWebDriver$EventFiringNavigation.to(EventFiringWebDriver.java:569)&#xa;	at com.kms.katalon.core.webui.keyword.builtin.NavigateToUrlKeyword$_navigateToUrl_closure1.doCall(NavigateToUrlKeyword.groovy:81)&#xa;	at com.kms.katalon.core.webui.keyword.builtin.NavigateToUrlKeyword$_navigateToUrl_closure1.call(NavigateToUrlKeyword.groovy)&#xa;	at com.kms.katalon.core.webui.keyword.internal.WebUIKeywordMain.runKeyword(WebUIKeywordMain.groovy:35)&#xa;	at com.kms.katalon.core.webui.keyword.builtin.NavigateToUrlKeyword.navigateToUrl(NavigateToUrlKeyword.groovy:83)&#xa;	at com.kms.katalon.core.webui.keyword.builtin.NavigateToUrlKeyword.execute(NavigateToUrlKeyword.groovy:67)&#xa;	at com.kms.katalon.core.keyword.internal.KeywordExecutor.executeKeywordForPlatform(KeywordExecutor.groovy:74)&#xa;	at com.kms.katalon.core.webui.keyword.WebUiBuiltInKeywords.navigateToUrl(WebUiBuiltInKeywords.groovy:187)&#xa;	at com.kms.katalon.core.webui.keyword.WebUiBuiltInKeywords$navigateToUrl$1.call(Unknown Source)&#xa;	at Script1749499513693.run(Script1749499513693.groovy:26)&#xa;	at com.kms.katalon.core.main.ScriptEngine.run(ScriptEngine.java:194)&#xa;	at com.kms.katalon.core.main.ScriptEngine.runScriptAsRawText(ScriptEngine.java:119)&#xa;	at com.kms.katalon.core.main.TestCaseExecutor.runScript(TestCaseExecutor.java:448)&#xa;	at com.kms.katalon.core.main.TestCaseExecutor.doExecute(TestCaseExecutor.java:439)&#xa;	at com.kms.katalon.core.main.TestCaseExecutor.processExecutionPhase(TestCaseExecutor.java:418)&#xa;	at com.kms.katalon.core.main.TestCaseExecutor.accessMainPhase(TestCaseExecutor.java:410)&#xa;	at com.kms.katalon.core.main.TestCaseExecutor.execute(TestCaseExecutor.java:285)&#xa;	at com.kms.katalon.core.main.TestCaseMain.runTestCase(TestCaseMain.java:137)&#xa;	at com.kms.katalon.core.keyword.builtin.CallTestCaseKeyword$_callTestCase_closure1.doCall(CallTestCaseKeyword.groovy:59)&#xa;	at com.kms.katalon.core.keyword.builtin.CallTestCaseKeyword$_callTestCase_closure1.call(CallTestCaseKeyword.groovy)&#xa;	at com.kms.katalon.core.keyword.internal.KeywordMain.runKeyword(KeywordMain.groovy:75)&#xa;	at com.kms.katalon.core.keyword.builtin.CallTestCaseKeyword.callTestCase(CallTestCaseKeyword.groovy:81)&#xa;	at com.kms.katalon.core.keyword.builtin.CallTestCaseKeyword.execute(CallTestCaseKeyword.groovy:44)&#xa;	at com.kms.katalon.core.keyword.internal.KeywordExecutor.executeKeywordForPlatform(KeywordExecutor.groovy:74)&#xa;	at com.kms.katalon.core.keyword.BuiltinKeywords.callTestCase(BuiltinKeywords.groovy:310)&#xa;	at jdk.internal.reflect.GeneratedMethodAccessor41.invoke(Unknown Source)&#xa;	at java.base/jdk.internal.reflect.DelegatingMethodAccessorImpl.invoke(DelegatingMethodAccessorImpl.java:43)&#xa;	at Script1685554081322.run(Script1685554081322.groovy:20)&#xa;	... 16 more&#xa;Caused by: java.net.ConnectException: Failed to connect to localhost/[0:0:0:0:0:0:0:1]:14331&#xa;	at okhttp3.internal.connection.RealConnection.connectSocket(RealConnection.java:247)&#xa;	at okhttp3.internal.connection.RealConnection.connect(RealConnection.java:165)&#xa;	at okhttp3.internal.connection.StreamAllocation.findConnection(StreamAllocation.java:257)&#xa;	at okhttp3.internal.connection.StreamAllocation.findHealthyConnection(StreamAllocation.java:135)&#xa;	at okhttp3.internal.connection.StreamAllocation.newStream(StreamAllocation.java:114)&#xa;	at okhttp3.internal.connection.ConnectInterceptor.intercept(ConnectInterceptor.java:42)&#xa;	at okhttp3.internal.http.RealInterceptorChain.proceed(RealInterceptorChain.java:147)&#xa;	at okhttp3.internal.http.RealInterceptorChain.proceed(RealInterceptorChain.java:121)&#xa;	at okhttp3.internal.cache.CacheInterceptor.intercept(CacheInterceptor.java:93)&#xa;	at okhttp3.internal.http.RealInterceptorChain.proceed(RealInterceptorChain.java:147)&#xa;	at okhttp3.internal.http.RealInterceptorChain.proceed(RealInterceptorChain.java:121)&#xa;	at okhttp3.internal.http.BridgeInterceptor.intercept(BridgeInterceptor.java:93)&#xa;	at okhttp3.internal.http.RealInterceptorChain.proceed(RealInterceptorChain.java:147)&#xa;	at okhttp3.internal.http.RetryAndFollowUpInterceptor.intercept(RetryAndFollowUpInterceptor.java:126)&#xa;	at okhttp3.internal.http.RealInterceptorChain.proceed(RealInterceptorChain.java:147)&#xa;	at okhttp3.internal.http.RealInterceptorChain.proceed(RealInterceptorChain.java:121)&#xa;	at okhttp3.RealCall.getResponseWithInterceptorChain(RealCall.java:200)&#xa;	at okhttp3.RealCall.execute(RealCall.java:77)&#xa;	at org.openqa.selenium.remote.internal.OkHttpClient.execute(OkHttpClient.java:103)&#xa;	at org.openqa.selenium.remote.HttpCommandExecutor.execute(HttpCommandExecutor.java:155)&#xa;	at org.openqa.selenium.remote.service.DriverCommandExecutor.execute(DriverCommandExecutor.java:83)&#xa;	... 48 more&#xa;Caused by: java.net.ConnectException: Connection refused: no further information&#xa;	at okhttp3.internal.platform.Platform.connectSocket(Platform.java:129)&#xa;	at okhttp3.internal.connection.RealConnection.connectSocket(RealConnection.java:245)&#xa;	at okhttp3.internal.connection.RealConnection.connect(RealConnection.java:165)&#xa;	at okhttp3.internal.connection.StreamAllocation.findConnection(StreamAllocation.java:257)&#xa;	at okhttp3.internal.connection.StreamAllocation.findHealthyConnection(StreamAllocation.java:135)&#xa;	at okhttp3.internal.connection.StreamAllocation.newStream(StreamAllocation.java:114)&#xa;	at okhttp3.internal.connection.ConnectInterceptor.intercept(ConnectInterceptor.java:42)&#xa;	at okhttp3.internal.http.RealInterceptorChain.proceed(RealInterceptorChain.java:147)&#xa;	at okhttp3.internal.http.RealInterceptorChain.proceed(RealInterceptorChain.java:121)&#xa;	at okhttp3.internal.cache.CacheInterceptor.intercept(CacheInterceptor.java:93)&#xa;	at okhttp3.internal.http.RealInterceptorChain.proceed(RealInterceptorChain.java:147)&#xa;	at okhttp3.internal.http.RealInterceptorChain.proceed(RealInterceptorChain.java:121)&#xa;	at okhttp3.internal.http.BridgeInterceptor.intercept(BridgeInterceptor.java:93)&#xa;	at okhttp3.internal.http.RealInterceptorChain.proceed(RealInterceptorChain.java:147)&#xa;	at okhttp3.internal.http.RetryAndFollowUpInterceptor.intercept(RetryAndFollowUpInterceptor.java:126)&#xa;	at okhttp3.internal.http.RealInterceptorChain.proceed(RealInterceptorChain.java:147)&#xa;	at okhttp3.internal.http.RealInterceptorChain.proceed(RealInterceptorChain.java:121)&#xa;	at okhttp3.RealCall.getResponseWithInterceptorChain(RealCall.java:200)&#xa;	at okhttp3.RealCall.execute(RealCall.java:77)&#xa;	at org.openqa.selenium.remote.internal.OkHttpClient.execute(OkHttpClient.java:103)&#xa;	at org.openqa.selenium.remote.HttpCommandExecutor.execute(HttpCommandExecutor.java:155)&#xa;	at org.openqa.selenium.remote.service.DriverCommandExecutor.execute(DriverCommandExecutor.java:83)&#xa;	at org.openqa.selenium.remote.RemoteWebDriver.execute(RemoteWebDriver.java:552)&#xa;	at com.kms.katalon.selenium.driver.CChromeDriver.execute(CChromeDriver.java:19)&#xa;	at org.openqa.selenium.remote.RemoteWebDriver.get(RemoteWebDriver.java:277)&#xa;	at org.openqa.selenium.remote.RemoteWebDriver$RemoteNavigation.to(RemoteWebDriver.java:857)&#xa;	at org.openqa.selenium.support.events.EventFiringWebDriver$EventFiringNavigation.to(EventFiringWebDriver.java:569)&#xa;	at com.kms.katalon.core.webui.keyword.builtin.NavigateToUrlKeyword$_navigateToUrl_closure1.doCall(NavigateToUrlKeyword.groovy:81)&#xa;	at com.kms.katalon.core.webui.keyword.builtin.NavigateToUrlKeyword$_navigateToUrl_closure1.call(NavigateToUrlKeyword.groovy)&#xa;	at com.kms.katalon.core.webui.keyword.internal.WebUIKeywordMain.runKeyword(WebUIKeywordMain.groovy:35)&#xa;	at com.kms.katalon.core.webui.keyword.builtin.NavigateToUrlKeyword.navigateToUrl(NavigateToUrlKeyword.groovy:83)&#xa;	at com.kms.katalon.core.webui.keyword.builtin.NavigateToUrlKeyword.execute(NavigateToUrlKeyword.groovy:67)&#xa;	at com.kms.katalon.core.keyword.internal.KeywordExecutor.executeKeywordForPlatform(KeywordExecutor.groovy:74)&#xa;	at com.kms.katalon.core.webui.keyword.WebUiBuiltInKeywords.navigateToUrl(WebUiBuiltInKeywords.groovy:187)&#xa;	at com.kms.katalon.core.webui.keyword.WebUiBuiltInKeywords$navigateToUrl$1.call(Unknown Source)&#xa;	at DES Login.run(DES Login:26)&#xa;	at com.kms.katalon.core.main.ScriptEngine.run(ScriptEngine.java:194)&#xa;	at com.kms.katalon.core.main.ScriptEngine.runScriptAsRawText(ScriptEngine.java:119)&#xa;	at com.kms.katalon.core.main.TestCaseExecutor.runScript(TestCaseExecutor.java:448)&#xa;	at com.kms.katalon.core.main.TestCaseExecutor.doExecute(TestCaseExecutor.java:439)&#xa;	at com.kms.katalon.core.main.TestCaseExecutor.processExecutionPhase(TestCaseExecutor.java:418)&#xa;	at com.kms.katalon.core.main.TestCaseExecutor.accessMainPhase(TestCaseExecutor.java:410)&#xa;	at com.kms.katalon.core.main.TestCaseExecutor.execute(TestCaseExecutor.java:285)&#xa;	at com.kms.katalon.core.main.TestCaseMain.runTestCase(TestCaseMain.java:137)&#xa;	at com.kms.katalon.core.keyword.builtin.CallTestCaseKeyword$_callTestCase_closure1.doCall(CallTestCaseKeyword.groovy:59)&#xa;	at com.kms.katalon.core.keyword.builtin.CallTestCaseKeyword$_callTestCase_closure1.call(CallTestCaseKeyword.groovy)&#xa;	at com.kms.katalon.core.keyword.internal.KeywordMain.runKeyword(KeywordMain.groovy:75)&#xa;	at com.kms.katalon.core.keyword.builtin.CallTestCaseKeyword.callTestCase(CallTestCaseKeyword.groovy:81)&#xa;	at com.kms.katalon.core.keyword.builtin.CallTestCaseKeyword.execute(CallTestCaseKeyword.groovy:44)&#xa;	at com.kms.katalon.core.keyword.internal.KeywordExecutor.executeKeywordForPlatform(KeywordExecutor.groovy:74)&#xa;	at com.kms.katalon.core.keyword.BuiltinKeywords.callTestCase(BuiltinKeywords.groovy:310)&#xa;	at jdk.internal.reflect.GeneratedMethodAccessor41.invoke(Unknown Source)&#xa;	at java.base/jdk.internal.reflect.DelegatingMethodAccessorImpl.invoke(DelegatingMethodAccessorImpl.java:43)&#xa;	at Verify Process Now for Outbound FIN-ACC.run(Verify Process Now for Outbound FIN-ACC:20)&#xa;	... 16 more&#xa;"/>
         <system-out><![CDATA[21-10-2025T19:09:30 - [TEST_CASE][FAILED] - Test Cases/DES/Trading Partners Page/Subscription/Verify Process Now for Outbound FIN-ACC: Test Cases/DES/Trading Partners Page/Subscription/Verify Process Now for Outbound FIN-ACC FAILED.
Reason:
com.kms.katalon.core.exception.StepFailedException: Call Test Case 'Test Cases/DES/DES Login' failed
	at com.kms.katalon.core.keyword.builtin.CallTestCaseKeyword$_callTestCase_closure1.doCall(CallTestCaseKeyword.groovy:63)
	at com.kms.katalon.core.keyword.builtin.CallTestCaseKeyword$_callTestCase_closure1.call(CallTestCaseKeyword.groovy)
	at com.kms.katalon.core.keyword.internal.KeywordMain.runKeyword(KeywordMain.groovy:75)
	at com.kms.katalon.core.keyword.builtin.CallTestCaseKeyword.callTestCase(CallTestCaseKeyword.groovy:81)
	at com.kms.katalon.core.keyword.builtin.CallTestCaseKeyword.execute(CallTestCaseKeyword.groovy:44)
	at com.kms.katalon.core.keyword.internal.KeywordExecutor.executeKeywordForPlatform(KeywordExecutor.groovy:74)
	at com.kms.katalon.core.keyword.BuiltinKeywords.callTestCase(BuiltinKeywords.groovy:310)
	at jdk.internal.reflect.GeneratedMethodAccessor41.invoke(Unknown Source)
	at java.base/jdk.internal.reflect.DelegatingMethodAccessorImpl.invoke(DelegatingMethodAccessorImpl.java:43)
	at Verify Process Now for Outbound FIN-ACC.run(Verify Process Now for Outbound FIN-ACC:20)
	at com.kms.katalon.core.main.ScriptEngine.run(ScriptEngine.java:194)
	at com.kms.katalon.core.main.ScriptEngine.runScriptAsRawText(ScriptEngine.java:119)
	at com.kms.katalon.core.main.TestCaseExecutor.runScript(TestCaseExecutor.java:448)
	at com.kms.katalon.core.main.TestCaseExecutor.doExecute(TestCaseExecutor.java:439)
	at com.kms.katalon.core.main.TestCaseExecutor.processExecutionPhase(TestCaseExecutor.java:418)
	at com.kms.katalon.core.main.TestCaseExecutor.accessMainPhase(TestCaseExecutor.java:410)
	at com.kms.katalon.core.main.TestCaseExecutor.execute(TestCaseExecutor.java:285)
	at com.kms.katalon.core.common.CommonExecutor.accessTestCaseMainPhase(CommonExecutor.java:65)
	at com.kms.katalon.core.main.TestSuiteExecutor.accessTestSuiteMainPhase(TestSuiteExecutor.java:150)
	at com.kms.katalon.core.main.TestSuiteExecutor.execute(TestSuiteExecutor.java:106)
	at com.kms.katalon.core.main.TestCaseMain.startTestSuite(TestCaseMain.java:180)
	at com.kms.katalon.core.main.TestCaseMain$startTestSuite$0.call(Unknown Source)
	at TempTestSuite1761084128061.run(TempTestSuite1761084128061.groovy:35)
	at java.base/jdk.internal.reflect.NativeMethodAccessorImpl.invoke0(Native Method)
	at java.base/jdk.internal.reflect.NativeMethodAccessorImpl.invoke(NativeMethodAccessorImpl.java:77)
	at java.base/jdk.internal.reflect.DelegatingMethodAccessorImpl.invoke(DelegatingMethodAccessorImpl.java:43)
Caused by: com.kms.katalon.core.exception.StepFailedException: Unable to navigate to 'https://dx-portal.qa.thekag.com/'
	at com.kms.katalon.core.webui.keyword.internal.WebUIKeywordMain.stepFailed(WebUIKeywordMain.groovy:117)
	at com.kms.katalon.core.webui.keyword.internal.WebUIKeywordMain.runKeyword(WebUIKeywordMain.groovy:43)
	at com.kms.katalon.core.webui.keyword.builtin.NavigateToUrlKeyword.navigateToUrl(NavigateToUrlKeyword.groovy:83)
	at com.kms.katalon.core.webui.keyword.builtin.NavigateToUrlKeyword.execute(NavigateToUrlKeyword.groovy:67)
	at com.kms.katalon.core.keyword.internal.KeywordExecutor.executeKeywordForPlatform(KeywordExecutor.groovy:74)
	at com.kms.katalon.core.webui.keyword.WebUiBuiltInKeywords.navigateToUrl(WebUiBuiltInKeywords.groovy:187)
	at com.kms.katalon.core.webui.keyword.WebUiBuiltInKeywords$navigateToUrl$1.call(Unknown Source)
	at DES Login.run(DES Login:26)
	at com.kms.katalon.core.main.ScriptEngine.run(ScriptEngine.java:194)
	at com.kms.katalon.core.main.ScriptEngine.runScriptAsRawText(ScriptEngine.java:119)
	at com.kms.katalon.core.main.TestCaseExecutor.runScript(TestCaseExecutor.java:448)
	at com.kms.katalon.core.main.TestCaseExecutor.doExecute(TestCaseExecutor.java:439)
	at com.kms.katalon.core.main.TestCaseExecutor.processExecutionPhase(TestCaseExecutor.java:418)
	at com.kms.katalon.core.main.TestCaseExecutor.accessMainPhase(TestCaseExecutor.java:410)
	at com.kms.katalon.core.main.TestCaseExecutor.execute(TestCaseExecutor.java:285)
	at com.kms.katalon.core.main.TestCaseMain.runTestCase(TestCaseMain.java:137)
	at com.kms.katalon.core.keyword.builtin.CallTestCaseKeyword$_callTestCase_closure1.doCall(CallTestCaseKeyword.groovy:59)
	... 25 more
Caused by: org.openqa.selenium.WebDriverException: java.net.ConnectException: Failed to connect to localhost/[0:0:0:0:0:0:0:1]:14331
Build info: version: '3.141.59', revision: 'unknown', time: 'unknown'
System info: host: 'DC1ADOBLD01', ip: '10.2.20.71', os.name: 'Windows Server 2019', os.arch: 'amd64', os.version: '10.0', java.version: '17.0.7'
Driver info: driver.version: RemoteWebDriver
	at org.openqa.selenium.remote.service.DriverCommandExecutor.execute(DriverCommandExecutor.java:92)
	at org.openqa.selenium.remote.RemoteWebDriver.execute(RemoteWebDriver.java:552)
	at com.kms.katalon.selenium.driver.CChromeDriver.execute(CChromeDriver.java:19)
	at org.openqa.selenium.remote.RemoteWebDriver.get(RemoteWebDriver.java:277)
	at org.openqa.selenium.remote.RemoteWebDriver$RemoteNavigation.to(RemoteWebDriver.java:857)
	at org.openqa.selenium.support.events.EventFiringWebDriver$EventFiringNavigation.to(EventFiringWebDriver.java:569)
	at com.kms.katalon.core.webui.keyword.builtin.NavigateToUrlKeyword$_navigateToUrl_closure1.doCall(NavigateToUrlKeyword.groovy:81)
	at com.kms.katalon.core.webui.keyword.builtin.NavigateToUrlKeyword$_navigateToUrl_closure1.call(NavigateToUrlKeyword.groovy)
	at com.kms.katalon.core.webui.keyword.internal.WebUIKeywordMain.runKeyword(WebUIKeywordMain.groovy:35)
	at com.kms.katalon.core.webui.keyword.builtin.NavigateToUrlKeyword.navigateToUrl(NavigateToUrlKeyword.groovy:83)
	at com.kms.katalon.core.webui.keyword.builtin.NavigateToUrlKeyword.execute(NavigateToUrlKeyword.groovy:67)
	at com.kms.katalon.core.keyword.internal.KeywordExecutor.executeKeywordForPlatform(KeywordExecutor.groovy:74)
	at com.kms.katalon.core.webui.keyword.WebUiBuiltInKeywords.navigateToUrl(WebUiBuiltInKeywords.groovy:187)
	at com.kms.katalon.core.webui.keyword.WebUiBuiltInKeywords$navigateToUrl$1.call(Unknown Source)
	at Script1749499513693.run(Script1749499513693.groovy:26)
	at com.kms.katalon.core.main.ScriptEngine.run(ScriptEngine.java:194)
	at com.kms.katalon.core.main.ScriptEngine.runScriptAsRawText(ScriptEngine.java:119)
	at com.kms.katalon.core.main.TestCaseExecutor.runScript(TestCaseExecutor.java:448)
	at com.kms.katalon.core.main.TestCaseExecutor.doExecute(TestCaseExecutor.java:439)
	at com.kms.katalon.core.main.TestCaseExecutor.processExecutionPhase(TestCaseExecutor.java:418)
	at com.kms.katalon.core.main.TestCaseExecutor.accessMainPhase(TestCaseExecutor.java:410)
	at com.kms.katalon.core.main.TestCaseExecutor.execute(TestCaseExecutor.java:285)
	at com.kms.katalon.core.main.TestCaseMain.runTestCase(TestCaseMain.java:137)
	at com.kms.katalon.core.keyword.builtin.CallTestCaseKeyword$_callTestCase_closure1.doCall(CallTestCaseKeyword.groovy:59)
	at com.kms.katalon.core.keyword.builtin.CallTestCaseKeyword$_callTestCase_closure1.call(CallTestCaseKeyword.groovy)
	at com.kms.katalon.core.keyword.internal.KeywordMain.runKeyword(KeywordMain.groovy:75)
	at com.kms.katalon.core.keyword.builtin.CallTestCaseKeyword.callTestCase(CallTestCaseKeyword.groovy:81)
	at com.kms.katalon.core.keyword.builtin.CallTestCaseKeyword.execute(CallTestCaseKeyword.groovy:44)
	at com.kms.katalon.core.keyword.internal.KeywordExecutor.executeKeywordForPlatform(KeywordExecutor.groovy:74)
	at com.kms.katalon.core.keyword.BuiltinKeywords.callTestCase(BuiltinKeywords.groovy:310)
	at jdk.internal.reflect.GeneratedMethodAccessor41.invoke(Unknown Source)
	at java.base/jdk.internal.reflect.DelegatingMethodAccessorImpl.invoke(DelegatingMethodAccessorImpl.java:43)
	at Script1685554081322.run(Script1685554081322.groovy:20)
	... 16 more
Caused by: java.net.ConnectException: Failed to connect to localhost/[0:0:0:0:0:0:0:1]:14331
	at okhttp3.internal.connection.RealConnection.connectSocket(RealConnection.java:247)
	at okhttp3.internal.connection.RealConnection.connect(RealConnection.java:165)
	at okhttp3.internal.connection.StreamAllocation.findConnection(StreamAllocation.java:257)
	at okhttp3.internal.connection.StreamAllocation.findHealthyConnection(StreamAllocation.java:135)
	at okhttp3.internal.connection.StreamAllocation.newStream(StreamAllocation.java:114)
	at okhttp3.internal.connection.ConnectInterceptor.intercept(ConnectInterceptor.java:42)
	at okhttp3.internal.http.RealInterceptorChain.proceed(RealInterceptorChain.java:147)
	at okhttp3.internal.http.RealInterceptorChain.proceed(RealInterceptorChain.java:121)
	at okhttp3.internal.cache.CacheInterceptor.intercept(CacheInterceptor.java:93)
	at okhttp3.internal.http.RealInterceptorChain.proceed(RealInterceptorChain.java:147)
	at okhttp3.internal.http.RealInterceptorChain.proceed(RealInterceptorChain.java:121)
	at okhttp3.internal.http.BridgeInterceptor.intercept(BridgeInterceptor.java:93)
	at okhttp3.internal.http.RealInterceptorChain.proceed(RealInterceptorChain.java:147)
	at okhttp3.internal.http.RetryAndFollowUpInterceptor.intercept(RetryAndFollowUpInterceptor.java:126)
	at okhttp3.internal.http.RealInterceptorChain.proceed(RealInterceptorChain.java:147)
	at okhttp3.internal.http.RealInterceptorChain.proceed(RealInterceptorChain.java:121)
	at okhttp3.RealCall.getResponseWithInterceptorChain(RealCall.java:200)
	at okhttp3.RealCall.execute(RealCall.java:77)
	at org.openqa.selenium.remote.internal.OkHttpClient.execute(OkHttpClient.java:103)
	at org.openqa.selenium.remote.HttpCommandExecutor.execute(HttpCommandExecutor.java:155)
	at org.openqa.selenium.remote.service.DriverCommandExecutor.execute(DriverCommandExecutor.java:83)
	... 48 more
Caused by: java.net.ConnectException: Connection refused: no further information
	at okhttp3.internal.platform.Platform.connectSocket(Platform.java:129)
	at okhttp3.internal.connection.RealConnection.connectSocket(RealConnection.java:245)
	at okhttp3.internal.connection.RealConnection.connect(RealConnection.java:165)
	at okhttp3.internal.connection.StreamAllocation.findConnection(StreamAllocation.java:257)
	at okhttp3.internal.connection.StreamAllocation.findHealthyConnection(StreamAllocation.java:135)
	at okhttp3.internal.connection.StreamAllocation.newStream(StreamAllocation.java:114)
	at okhttp3.internal.connection.ConnectInterceptor.intercept(ConnectInterceptor.java:42)
	at okhttp3.internal.http.RealInterceptorChain.proceed(RealInterceptorChain.java:147)
	at okhttp3.internal.http.RealInterceptorChain.proceed(RealInterceptorChain.java:121)
	at okhttp3.internal.cache.CacheInterceptor.intercept(CacheInterceptor.java:93)
	at okhttp3.internal.http.RealInterceptorChain.proceed(RealInterceptorChain.java:147)
	at okhttp3.internal.http.RealInterceptorChain.proceed(RealInterceptorChain.java:121)
	at okhttp3.internal.http.BridgeInterceptor.intercept(BridgeInterceptor.java:93)
	at okhttp3.internal.http.RealInterceptorChain.proceed(RealInterceptorChain.java:147)
	at okhttp3.internal.http.RetryAndFollowUpInterceptor.intercept(RetryAndFollowUpInterceptor.java:126)
	at okhttp3.internal.http.RealInterceptorChain.proceed(RealInterceptorChain.java:147)
	at okhttp3.internal.http.RealInterceptorChain.proceed(RealInterceptorChain.java:121)
	at okhttp3.RealCall.getResponseWithInterceptorChain(RealCall.java:200)
	at okhttp3.RealCall.execute(RealCall.java:77)
	at org.openqa.selenium.remote.internal.OkHttpClient.execute(OkHttpClient.java:103)
	at org.openqa.selenium.remote.HttpCommandExecutor.execute(HttpCommandExecutor.java:155)
	at org.openqa.selenium.remote.service.DriverCommandExecutor.execute(DriverCommandExecutor.java:83)
	at org.openqa.selenium.remote.RemoteWebDriver.execute(RemoteWebDriver.java:552)
	at com.kms.katalon.selenium.driver.CChromeDriver.execute(CChromeDriver.java:19)
	at org.openqa.selenium.remote.RemoteWebDriver.get(RemoteWebDriver.java:277)
	at org.openqa.selenium.remote.RemoteWebDriver$RemoteNavigation.to(RemoteWebDriver.java:857)
	at org.openqa.selenium.support.events.EventFiringWebDriver$EventFiringNavigation.to(EventFiringWebDriver.java:569)
	at com.kms.katalon.core.webui.keyword.builtin.NavigateToUrlKeyword$_navigateToUrl_closure1.doCall(NavigateToUrlKeyword.groovy:81)
	at com.kms.katalon.core.webui.keyword.builtin.NavigateToUrlKeyword$_navigateToUrl_closure1.call(NavigateToUrlKeyword.groovy)
	at com.kms.katalon.core.webui.keyword.internal.WebUIKeywordMain.runKeyword(WebUIKeywordMain.groovy:35)
	at com.kms.katalon.core.webui.keyword.builtin.NavigateToUrlKeyword.navigateToUrl(NavigateToUrlKeyword.groovy:83)
	at com.kms.katalon.core.webui.keyword.builtin.NavigateToUrlKeyword.execute(NavigateToUrlKeyword.groovy:67)
	at com.kms.katalon.core.keyword.internal.KeywordExecutor.executeKeywordForPlatform(KeywordExecutor.groovy:74)
	at com.kms.katalon.core.webui.keyword.WebUiBuiltInKeywords.navigateToUrl(WebUiBuiltInKeywords.groovy:187)
	at com.kms.katalon.core.webui.keyword.WebUiBuiltInKeywords$navigateToUrl$1.call(Unknown Source)
	at DES Login.run(DES Login:26)
	at com.kms.katalon.core.main.ScriptEngine.run(ScriptEngine.java:194)
	at com.kms.katalon.core.main.ScriptEngine.runScriptAsRawText(ScriptEngine.java:119)
	at com.kms.katalon.core.main.TestCaseExecutor.runScript(TestCaseExecutor.java:448)
	at com.kms.katalon.core.main.TestCaseExecutor.doExecute(TestCaseExecutor.java:439)
	at com.kms.katalon.core.main.TestCaseExecutor.processExecutionPhase(TestCaseExecutor.java:418)
	at com.kms.katalon.core.main.TestCaseExecutor.accessMainPhase(TestCaseExecutor.java:410)
	at com.kms.katalon.core.main.TestCaseExecutor.execute(TestCaseExecutor.java:285)
	at com.kms.katalon.core.main.TestCaseMain.runTestCase(TestCaseMain.java:137)
	at com.kms.katalon.core.keyword.builtin.CallTestCaseKeyword$_callTestCase_closure1.doCall(CallTestCaseKeyword.groovy:59)
	at com.kms.katalon.core.keyword.builtin.CallTestCaseKeyword$_callTestCase_closure1.call(CallTestCaseKeyword.groovy)
	at com.kms.katalon.core.keyword.internal.KeywordMain.runKeyword(KeywordMain.groovy:75)
	at com.kms.katalon.core.keyword.builtin.CallTestCaseKeyword.callTestCase(CallTestCaseKeyword.groovy:81)
	at com.kms.katalon.core.keyword.builtin.CallTestCaseKeyword.execute(CallTestCaseKeyword.groovy:44)
	at com.kms.katalon.core.keyword.internal.KeywordExecutor.executeKeywordForPlatform(KeywordExecutor.groovy:74)
	at com.kms.katalon.core.keyword.BuiltinKeywords.callTestCase(BuiltinKeywords.groovy:310)
	at jdk.internal.reflect.GeneratedMethodAccessor41.invoke(Unknown Source)
	at java.base/jdk.internal.reflect.DelegatingMethodAccessorImpl.invoke(DelegatingMethodAccessorImpl.java:43)
	at Verify Process Now for Outbound FIN-ACC.run(Verify Process Now for Outbound FIN-ACC:20)
	... 16 more


21-10-2025T19:09:30 - [TEST_STEP][PASSED] - Start listener action : beforeTestCase: null

21-10-2025T19:09:30 - [TEST_STEP][PASSED] - addDefaultPackages(): null

21-10-2025T19:09:30 - [TEST_STEP][FAILED] - callTestCase(findTestCase("DES/DES Login"), [:], STOP_ON_FAILURE): Unable to call Test Case 'Test Cases/DES/DES Login' (Root cause: com.kms.katalon.core.exception.StepFailedException: Call Test Case 'Test Cases/DES/DES Login' failed
	at com.kms.katalon.core.keyword.builtin.CallTestCaseKeyword$_callTestCase_closure1.doCall(CallTestCaseKeyword.groovy:63)
	at com.kms.katalon.core.keyword.builtin.CallTestCaseKeyword$_callTestCase_closure1.call(CallTestCaseKeyword.groovy)
	at com.kms.katalon.core.keyword.internal.KeywordMain.runKeyword(KeywordMain.groovy:75)
	at com.kms.katalon.core.keyword.builtin.CallTestCaseKeyword.callTestCase(CallTestCaseKeyword.groovy:81)
	at com.kms.katalon.core.keyword.builtin.CallTestCaseKeyword.execute(CallTestCaseKeyword.groovy:44)
	at com.kms.katalon.core.keyword.internal.KeywordExecutor.executeKeywordForPlatform(KeywordExecutor.groovy:74)
	at com.kms.katalon.core.keyword.BuiltinKeywords.callTestCase(BuiltinKeywords.groovy:310)
	at jdk.internal.reflect.GeneratedMethodAccessor41.invoke(Unknown Source)
	at java.base/jdk.internal.reflect.DelegatingMethodAccessorImpl.invoke(DelegatingMethodAccessorImpl.java:43)
	at Verify Process Now for Outbound FIN-ACC.run(Verify Process Now for Outbound FIN-ACC:20)
	at com.kms.katalon.core.main.ScriptEngine.run(ScriptEngine.java:194)
	at com.kms.katalon.core.main.ScriptEngine.runScriptAsRawText(ScriptEngine.java:119)
	at com.kms.katalon.core.main.TestCaseExecutor.runScript(TestCaseExecutor.java:448)
	at com.kms.katalon.core.main.TestCaseExecutor.doExecute(TestCaseExecutor.java:439)
	at com.kms.katalon.core.main.TestCaseExecutor.processExecutionPhase(TestCaseExecutor.java:418)
	at com.kms.katalon.core.main.TestCaseExecutor.accessMainPhase(TestCaseExecutor.java:410)
	at com.kms.katalon.core.main.TestCaseExecutor.execute(TestCaseExecutor.java:285)
	at com.kms.katalon.core.common.CommonExecutor.accessTestCaseMainPhase(CommonExecutor.java:65)
	at com.kms.katalon.core.main.TestSuiteExecutor.accessTestSuiteMainPhase(TestSuiteExecutor.java:150)
	at com.kms.katalon.core.main.TestSuiteExecutor.execute(TestSuiteExecutor.java:106)
	at com.kms.katalon.core.main.TestCaseMain.startTestSuite(TestCaseMain.java:180)
	at com.kms.katalon.core.main.TestCaseMain$startTestSuite$0.call(Unknown Source)
	at TempTestSuite1761084128061.run(TempTestSuite1761084128061.groovy:35)
	at java.base/jdk.internal.reflect.NativeMethodAccessorImpl.invoke0(Native Method)
	at java.base/jdk.internal.reflect.NativeMethodAccessorImpl.invoke(NativeMethodAccessorImpl.java:77)
	at java.base/jdk.internal.reflect.DelegatingMethodAccessorImpl.invoke(DelegatingMethodAccessorImpl.java:43)
Caused by: com.kms.katalon.core.exception.StepFailedException: Unable to navigate to 'https://dx-portal.qa.thekag.com/'
	at com.kms.katalon.core.webui.keyword.internal.WebUIKeywordMain.stepFailed(WebUIKeywordMain.groovy:117)
	at com.kms.katalon.core.webui.keyword.internal.WebUIKeywordMain.runKeyword(WebUIKeywordMain.groovy:43)
	at com.kms.katalon.core.webui.keyword.builtin.NavigateToUrlKeyword.navigateToUrl(NavigateToUrlKeyword.groovy:83)
	at com.kms.katalon.core.webui.keyword.builtin.NavigateToUrlKeyword.execute(NavigateToUrlKeyword.groovy:67)
	at com.kms.katalon.core.keyword.internal.KeywordExecutor.executeKeywordForPlatform(KeywordExecutor.groovy:74)
	at com.kms.katalon.core.webui.keyword.WebUiBuiltInKeywords.navigateToUrl(WebUiBuiltInKeywords.groovy:187)
	at com.kms.katalon.core.webui.keyword.WebUiBuiltInKeywords$navigateToUrl$1.call(Unknown Source)
	at DES Login.run(DES Login:26)
	at com.kms.katalon.core.main.ScriptEngine.run(ScriptEngine.java:194)
	at com.kms.katalon.core.main.ScriptEngine.runScriptAsRawText(ScriptEngine.java:119)
	at com.kms.katalon.core.main.TestCaseExecutor.runScript(TestCaseExecutor.java:448)
	at com.kms.katalon.core.main.TestCaseExecutor.doExecute(TestCaseExecutor.java:439)
	at com.kms.katalon.core.main.TestCaseExecutor.processExecutionPhase(TestCaseExecutor.java:418)
	at com.kms.katalon.core.main.TestCaseExecutor.accessMainPhase(TestCaseExecutor.java:410)
	at com.kms.katalon.core.main.TestCaseExecutor.execute(TestCaseExecutor.java:285)
	at com.kms.katalon.core.main.TestCaseMain.runTestCase(TestCaseMain.java:137)
	at com.kms.katalon.core.keyword.builtin.CallTestCaseKeyword$_callTestCase_closure1.doCall(CallTestCaseKeyword.groovy:59)
	... 25 more
Caused by: org.openqa.selenium.WebDriverException: java.net.ConnectException: Failed to connect to localhost/[0:0:0:0:0:0:0:1]:14331
Build info: version: '3.141.59', revision: 'unknown', time: 'unknown'
System info: host: 'DC1ADOBLD01', ip: '10.2.20.71', os.name: 'Windows Server 2019', os.arch: 'amd64', os.version: '10.0', java.version: '17.0.7'
Driver info: driver.version: RemoteWebDriver
	at org.openqa.selenium.remote.service.DriverCommandExecutor.execute(DriverCommandExecutor.java:92)
	at org.openqa.selenium.remote.RemoteWebDriver.execute(RemoteWebDriver.java:552)
	at com.kms.katalon.selenium.driver.CChromeDriver.execute(CChromeDriver.java:19)
	at org.openqa.selenium.remote.RemoteWebDriver.get(RemoteWebDriver.java:277)
	at org.openqa.selenium.remote.RemoteWebDriver$RemoteNavigation.to(RemoteWebDriver.java:857)
	at org.openqa.selenium.support.events.EventFiringWebDriver$EventFiringNavigation.to(EventFiringWebDriver.java:569)
	at com.kms.katalon.core.webui.keyword.builtin.NavigateToUrlKeyword$_navigateToUrl_closure1.doCall(NavigateToUrlKeyword.groovy:81)
	at com.kms.katalon.core.webui.keyword.builtin.NavigateToUrlKeyword$_navigateToUrl_closure1.call(NavigateToUrlKeyword.groovy)
	at com.kms.katalon.core.webui.keyword.internal.WebUIKeywordMain.runKeyword(WebUIKeywordMain.groovy:35)
	at com.kms.katalon.core.webui.keyword.builtin.NavigateToUrlKeyword.navigateToUrl(NavigateToUrlKeyword.groovy:83)
	at com.kms.katalon.core.webui.keyword.builtin.NavigateToUrlKeyword.execute(NavigateToUrlKeyword.groovy:67)
	at com.kms.katalon.core.keyword.internal.KeywordExecutor.executeKeywordForPlatform(KeywordExecutor.groovy:74)
	at com.kms.katalon.core.webui.keyword.WebUiBuiltInKeywords.navigateToUrl(WebUiBuiltInKeywords.groovy:187)
	at com.kms.katalon.core.webui.keyword.WebUiBuiltInKeywords$navigateToUrl$1.call(Unknown Source)
	at Script1749499513693.run(Script1749499513693.groovy:26)
	at com.kms.katalon.core.main.ScriptEngine.run(ScriptEngine.java:194)
	at com.kms.katalon.core.main.ScriptEngine.runScriptAsRawText(ScriptEngine.java:119)
	at com.kms.katalon.core.main.TestCaseExecutor.runScript(TestCaseExecutor.java:448)
	at com.kms.katalon.core.main.TestCaseExecutor.doExecute(TestCaseExecutor.java:439)
	at com.kms.katalon.core.main.TestCaseExecutor.processExecutionPhase(TestCaseExecutor.java:418)
	at com.kms.katalon.core.main.TestCaseExecutor.accessMainPhase(TestCaseExecutor.java:410)
	at com.kms.katalon.core.main.TestCaseExecutor.execute(TestCaseExecutor.java:285)
	at com.kms.katalon.core.main.TestCaseMain.runTestCase(TestCaseMain.java:137)
	at com.kms.katalon.core.keyword.builtin.CallTestCaseKeyword$_callTestCase_closure1.doCall(CallTestCaseKeyword.groovy:59)
	at com.kms.katalon.core.keyword.builtin.CallTestCaseKeyword$_callTestCase_closure1.call(CallTestCaseKeyword.groovy)
	at com.kms.katalon.core.keyword.internal.KeywordMain.runKeyword(KeywordMain.groovy:75)
	at com.kms.katalon.core.keyword.builtin.CallTestCaseKeyword.callTestCase(CallTestCaseKeyword.groovy:81)
	at com.kms.katalon.core.keyword.builtin.CallTestCaseKeyword.execute(CallTestCaseKeyword.groovy:44)
	at com.kms.katalon.core.keyword.internal.KeywordExecutor.executeKeywordForPlatform(KeywordExecutor.groovy:74)
	at com.kms.katalon.core.keyword.BuiltinKeywords.callTestCase(BuiltinKeywords.groovy:310)
	at jdk.internal.reflect.GeneratedMethodAccessor41.invoke(Unknown Source)
	at java.base/jdk.internal.reflect.DelegatingMethodAccessorImpl.invoke(DelegatingMethodAccessorImpl.java:43)
	at Script1685554081322.run(Script1685554081322.groovy:20)
	... 16 more
Caused by: java.net.ConnectException: Failed to connect to localhost/[0:0:0:0:0:0:0:1]:14331
	at okhttp3.internal.connection.RealConnection.connectSocket(RealConnection.java:247)
	at okhttp3.internal.connection.RealConnection.connect(RealConnection.java:165)
	at okhttp3.internal.connection.StreamAllocation.findConnection(StreamAllocation.java:257)
	at okhttp3.internal.connection.StreamAllocation.findHealthyConnection(StreamAllocation.java:135)
	at okhttp3.internal.connection.StreamAllocation.newStream(StreamAllocation.java:114)
	at okhttp3.internal.connection.ConnectInterceptor.intercept(ConnectInterceptor.java:42)
	at okhttp3.internal.http.RealInterceptorChain.proceed(RealInterceptorChain.java:147)
	at okhttp3.internal.http.RealInterceptorChain.proceed(RealInterceptorChain.java:121)
	at okhttp3.internal.cache.CacheInterceptor.intercept(CacheInterceptor.java:93)
	at okhttp3.internal.http.RealInterceptorChain.proceed(RealInterceptorChain.java:147)
	at okhttp3.internal.http.RealInterceptorChain.proceed(RealInterceptorChain.java:121)
	at okhttp3.internal.http.BridgeInterceptor.intercept(BridgeInterceptor.java:93)
	at okhttp3.internal.http.RealInterceptorChain.proceed(RealInterceptorChain.java:147)
	at okhttp3.internal.http.RetryAndFollowUpInterceptor.intercept(RetryAndFollowUpInterceptor.java:126)
	at okhttp3.internal.http.RealInterceptorChain.proceed(RealInterceptorChain.java:147)
	at okhttp3.internal.http.RealInterceptorChain.proceed(RealInterceptorChain.java:121)
	at okhttp3.RealCall.getResponseWithInterceptorChain(RealCall.java:200)
	at okhttp3.RealCall.execute(RealCall.java:77)
	at org.openqa.selenium.remote.internal.OkHttpClient.execute(OkHttpClient.java:103)
	at org.openqa.selenium.remote.HttpCommandExecutor.execute(HttpCommandExecutor.java:155)
	at org.openqa.selenium.remote.service.DriverCommandExecutor.execute(DriverCommandExecutor.java:83)
	... 48 more
Caused by: java.net.ConnectException: Connection refused: no further information
	at okhttp3.internal.platform.Platform.connectSocket(Platform.java:129)
	at okhttp3.internal.connection.RealConnection.connectSocket(RealConnection.java:245)
	at okhttp3.internal.connection.RealConnection.connect(RealConnection.java:165)
	at okhttp3.internal.connection.StreamAllocation.findConnection(StreamAllocation.java:257)
	at okhttp3.internal.connection.StreamAllocation.findHealthyConnection(StreamAllocation.java:135)
	at okhttp3.internal.connection.StreamAllocation.newStream(StreamAllocation.java:114)
	at okhttp3.internal.connection.ConnectInterceptor.intercept(ConnectInterceptor.java:42)
	at okhttp3.internal.http.RealInterceptorChain.proceed(RealInterceptorChain.java:147)
	at okhttp3.internal.http.RealInterceptorChain.proceed(RealInterceptorChain.java:121)
	at okhttp3.internal.cache.CacheInterceptor.intercept(CacheInterceptor.java:93)
	at okhttp3.internal.http.RealInterceptorChain.proceed(RealInterceptorChain.java:147)
	at okhttp3.internal.http.RealInterceptorChain.proceed(RealInterceptorChain.java:121)
	at okhttp3.internal.http.BridgeInterceptor.intercept(BridgeInterceptor.java:93)
	at okhttp3.internal.http.RealInterceptorChain.proceed(RealInterceptorChain.java:147)
	at okhttp3.internal.http.RetryAndFollowUpInterceptor.intercept(RetryAndFollowUpInterceptor.java:126)
	at okhttp3.internal.http.RealInterceptorChain.proceed(RealInterceptorChain.java:147)
	at okhttp3.internal.http.RealInterceptorChain.proceed(RealInterceptorChain.java:121)
	at okhttp3.RealCall.getResponseWithInterceptorChain(RealCall.java:200)
	at okhttp3.RealCall.execute(RealCall.java:77)
	at org.openqa.selenium.remote.internal.OkHttpClient.execute(OkHttpClient.java:103)
	at org.openqa.selenium.remote.HttpCommandExecutor.execute(HttpCommandExecutor.java:155)
	at org.openqa.selenium.remote.service.DriverCommandExecutor.execute(DriverCommandExecutor.java:83)
	at org.openqa.selenium.remote.RemoteWebDriver.execute(RemoteWebDriver.java:552)
	at com.kms.katalon.selenium.driver.CChromeDriver.execute(CChromeDriver.java:19)
	at org.openqa.selenium.remote.RemoteWebDriver.get(RemoteWebDriver.java:277)
	at org.openqa.selenium.remote.RemoteWebDriver$RemoteNavigation.to(RemoteWebDriver.java:857)
	at org.openqa.selenium.support.events.EventFiringWebDriver$EventFiringNavigation.to(EventFiringWebDriver.java:569)
	at com.kms.katalon.core.webui.keyword.builtin.NavigateToUrlKeyword$_navigateToUrl_closure1.doCall(NavigateToUrlKeyword.groovy:81)
	at com.kms.katalon.core.webui.keyword.builtin.NavigateToUrlKeyword$_navigateToUrl_closure1.call(NavigateToUrlKeyword.groovy)
	at com.kms.katalon.core.webui.keyword.internal.WebUIKeywordMain.runKeyword(WebUIKeywordMain.groovy:35)
	at com.kms.katalon.core.webui.keyword.builtin.NavigateToUrlKeyword.navigateToUrl(NavigateToUrlKeyword.groovy:83)
	at com.kms.katalon.core.webui.keyword.builtin.NavigateToUrlKeyword.execute(NavigateToUrlKeyword.groovy:67)
	at com.kms.katalon.core.keyword.internal.KeywordExecutor.executeKeywordForPlatform(KeywordExecutor.groovy:74)
	at com.kms.katalon.core.webui.keyword.WebUiBuiltInKeywords.navigateToUrl(WebUiBuiltInKeywords.groovy:187)
	at com.kms.katalon.core.webui.keyword.WebUiBuiltInKeywords$navigateToUrl$1.call(Unknown Source)
	at DES Login.run(DES Login:26)
	at com.kms.katalon.core.main.ScriptEngine.run(ScriptEngine.java:194)
	at com.kms.katalon.core.main.ScriptEngine.runScriptAsRawText(ScriptEngine.java:119)
	at com.kms.katalon.core.main.TestCaseExecutor.runScript(TestCaseExecutor.java:448)
	at com.kms.katalon.core.main.TestCaseExecutor.doExecute(TestCaseExecutor.java:439)
	at com.kms.katalon.core.main.TestCaseExecutor.processExecutionPhase(TestCaseExecutor.java:418)
	at com.kms.katalon.core.main.TestCaseExecutor.accessMainPhase(TestCaseExecutor.java:410)
	at com.kms.katalon.core.main.TestCaseExecutor.execute(TestCaseExecutor.java:285)
	at com.kms.katalon.core.main.TestCaseMain.runTestCase(TestCaseMain.java:137)
	at com.kms.katalon.core.keyword.builtin.CallTestCaseKeyword$_callTestCase_closure1.doCall(CallTestCaseKeyword.groovy:59)
	at com.kms.katalon.core.keyword.builtin.CallTestCaseKeyword$_callTestCase_closure1.call(CallTestCaseKeyword.groovy)
	at com.kms.katalon.core.keyword.internal.KeywordMain.runKeyword(KeywordMain.groovy:75)
	at com.kms.katalon.core.keyword.builtin.CallTestCaseKeyword.callTestCase(CallTestCaseKeyword.groovy:81)
	at com.kms.katalon.core.keyword.builtin.CallTestCaseKeyword.execute(CallTestCaseKeyword.groovy:44)
	at com.kms.katalon.core.keyword.internal.KeywordExecutor.executeKeywordForPlatform(KeywordExecutor.groovy:74)
	at com.kms.katalon.core.keyword.BuiltinKeywords.callTestCase(BuiltinKeywords.groovy:310)
	at jdk.internal.reflect.GeneratedMethodAccessor41.invoke(Unknown Source)
	at java.base/jdk.internal.reflect.DelegatingMethodAccessorImpl.invoke(DelegatingMethodAccessorImpl.java:43)
	at Verify Process Now for Outbound FIN-ACC.run(Verify Process Now for Outbound FIN-ACC:20)
	... 16 more
)

21-10-2025T19:09:30 - [TEST_CASE][FAILED] - Test Cases/DES/DES Login: Test Cases/DES/DES Login FAILED.
Reason:
com.kms.katalon.core.exception.StepFailedException: Unable to navigate to 'https://dx-portal.qa.thekag.com/'
	at com.kms.katalon.core.webui.keyword.internal.WebUIKeywordMain.stepFailed(WebUIKeywordMain.groovy:117)
	at com.kms.katalon.core.webui.keyword.internal.WebUIKeywordMain.runKeyword(WebUIKeywordMain.groovy:43)
	at com.kms.katalon.core.webui.keyword.builtin.NavigateToUrlKeyword.navigateToUrl(NavigateToUrlKeyword.groovy:83)
	at com.kms.katalon.core.webui.keyword.builtin.NavigateToUrlKeyword.execute(NavigateToUrlKeyword.groovy:67)
	at com.kms.katalon.core.keyword.internal.KeywordExecutor.executeKeywordForPlatform(KeywordExecutor.groovy:74)
	at com.kms.katalon.core.webui.keyword.WebUiBuiltInKeywords.navigateToUrl(WebUiBuiltInKeywords.groovy:187)
	at com.kms.katalon.core.webui.keyword.WebUiBuiltInKeywords$navigateToUrl$1.call(Unknown Source)
	at DES Login.run(DES Login:26)
	at com.kms.katalon.core.main.ScriptEngine.run(ScriptEngine.java:194)
	at com.kms.katalon.core.main.ScriptEngine.runScriptAsRawText(ScriptEngine.java:119)
	at com.kms.katalon.core.main.TestCaseExecutor.runScript(TestCaseExecutor.java:448)
	at com.kms.katalon.core.main.TestCaseExecutor.doExecute(TestCaseExecutor.java:439)
	at com.kms.katalon.core.main.TestCaseExecutor.processExecutionPhase(TestCaseExecutor.java:418)
	at com.kms.katalon.core.main.TestCaseExecutor.accessMainPhase(TestCaseExecutor.java:410)
	at com.kms.katalon.core.main.TestCaseExecutor.execute(TestCaseExecutor.java:285)
	at com.kms.katalon.core.main.TestCaseMain.runTestCase(TestCaseMain.java:137)
	at com.kms.katalon.core.keyword.builtin.CallTestCaseKeyword$_callTestCase_closure1.doCall(CallTestCaseKeyword.groovy:59)
	at com.kms.katalon.core.keyword.builtin.CallTestCaseKeyword$_callTestCase_closure1.call(CallTestCaseKeyword.groovy)
	at com.kms.katalon.core.keyword.internal.KeywordMain.runKeyword(KeywordMain.groovy:75)
	at com.kms.katalon.core.keyword.builtin.CallTestCaseKeyword.callTestCase(CallTestCaseKeyword.groovy:81)
	at com.kms.katalon.core.keyword.builtin.CallTestCaseKeyword.execute(CallTestCaseKeyword.groovy:44)
	at com.kms.katalon.core.keyword.internal.KeywordExecutor.executeKeywordForPlatform(KeywordExecutor.groovy:74)
	at com.kms.katalon.core.keyword.BuiltinKeywords.callTestCase(BuiltinKeywords.groovy:310)
	at jdk.internal.reflect.GeneratedMethodAccessor41.invoke(Unknown Source)
	at java.base/jdk.internal.reflect.DelegatingMethodAccessorImpl.invoke(DelegatingMethodAccessorImpl.java:43)
	at Verify Process Now for Outbound FIN-ACC.run(Verify Process Now for Outbound FIN-ACC:20)
	at com.kms.katalon.core.main.ScriptEngine.run(ScriptEngine.java:194)
	at com.kms.katalon.core.main.ScriptEngine.runScriptAsRawText(ScriptEngine.java:119)
	at com.kms.katalon.core.main.TestCaseExecutor.runScript(TestCaseExecutor.java:448)
	at com.kms.katalon.core.main.TestCaseExecutor.doExecute(TestCaseExecutor.java:439)
	at com.kms.katalon.core.main.TestCaseExecutor.processExecutionPhase(TestCaseExecutor.java:418)
	at com.kms.katalon.core.main.TestCaseExecutor.accessMainPhase(TestCaseExecutor.java:410)
	at com.kms.katalon.core.main.TestCaseExecutor.execute(TestCaseExecutor.java:285)
	at com.kms.katalon.core.common.CommonExecutor.accessTestCaseMainPhase(CommonExecutor.java:65)
	at com.kms.katalon.core.main.TestSuiteExecutor.accessTestSuiteMainPhase(TestSuiteExecutor.java:150)
	at com.kms.katalon.core.main.TestSuiteExecutor.execute(TestSuiteExecutor.java:106)
	at com.kms.katalon.core.main.TestCaseMain.startTestSuite(TestCaseMain.java:180)
	at com.kms.katalon.core.main.TestCaseMain$startTestSuite$0.call(Unknown Source)
	at TempTestSuite1761084128061.run(TempTestSuite1761084128061.groovy:35)
	at java.base/jdk.internal.reflect.NativeMethodAccessorImpl.invoke0(Native Method)
	at java.base/jdk.internal.reflect.NativeMethodAccessorImpl.invoke(NativeMethodAccessorImpl.java:77)
	at java.base/jdk.internal.reflect.DelegatingMethodAccessorImpl.invoke(DelegatingMethodAccessorImpl.java:43)
Caused by: org.openqa.selenium.WebDriverException: java.net.ConnectException: Failed to connect to localhost/[0:0:0:0:0:0:0:1]:14331
Build info: version: '3.141.59', revision: 'unknown', time: 'unknown'
System info: host: 'DC1ADOBLD01', ip: '10.2.20.71', os.name: 'Windows Server 2019', os.arch: 'amd64', os.version: '10.0', java.version: '17.0.7'
Driver info: driver.version: RemoteWebDriver
	at org.openqa.selenium.remote.service.DriverCommandExecutor.execute(DriverCommandExecutor.java:92)
	at org.openqa.selenium.remote.RemoteWebDriver.execute(RemoteWebDriver.java:552)
	at com.kms.katalon.selenium.driver.CChromeDriver.execute(CChromeDriver.java:19)
	at org.openqa.selenium.remote.RemoteWebDriver.get(RemoteWebDriver.java:277)
	at org.openqa.selenium.remote.RemoteWebDriver$RemoteNavigation.to(RemoteWebDriver.java:857)
	at org.openqa.selenium.support.events.EventFiringWebDriver$EventFiringNavigation.to(EventFiringWebDriver.java:569)
	at com.kms.katalon.core.webui.keyword.builtin.NavigateToUrlKeyword$_navigateToUrl_closure1.doCall(NavigateToUrlKeyword.groovy:81)
	at com.kms.katalon.core.webui.keyword.builtin.NavigateToUrlKeyword$_navigateToUrl_closure1.call(NavigateToUrlKeyword.groovy)
	at com.kms.katalon.core.webui.keyword.internal.WebUIKeywordMain.runKeyword(WebUIKeywordMain.groovy:35)
	at com.kms.katalon.core.webui.keyword.builtin.NavigateToUrlKeyword.navigateToUrl(NavigateToUrlKeyword.groovy:83)
	at com.kms.katalon.core.webui.keyword.builtin.NavigateToUrlKeyword.execute(NavigateToUrlKeyword.groovy:67)
	at com.kms.katalon.core.keyword.internal.KeywordExecutor.executeKeywordForPlatform(KeywordExecutor.groovy:74)
	at com.kms.katalon.core.webui.keyword.WebUiBuiltInKeywords.navigateToUrl(WebUiBuiltInKeywords.groovy:187)
	at com.kms.katalon.core.webui.keyword.WebUiBuiltInKeywords$navigateToUrl$1.call(Unknown Source)
	at Script1749499513693.run(Script1749499513693.groovy:26)
	at com.kms.katalon.core.main.ScriptEngine.run(ScriptEngine.java:194)
	at com.kms.katalon.core.main.ScriptEngine.runScriptAsRawText(ScriptEngine.java:119)
	at com.kms.katalon.core.main.TestCaseExecutor.runScript(TestCaseExecutor.java:448)
	at com.kms.katalon.core.main.TestCaseExecutor.doExecute(TestCaseExecutor.java:439)
	at com.kms.katalon.core.main.TestCaseExecutor.processExecutionPhase(TestCaseExecutor.java:418)
	at com.kms.katalon.core.main.TestCaseExecutor.accessMainPhase(TestCaseExecutor.java:410)
	at com.kms.katalon.core.main.TestCaseExecutor.execute(TestCaseExecutor.java:285)
	at com.kms.katalon.core.main.TestCaseMain.runTestCase(TestCaseMain.java:137)
	at com.kms.katalon.core.keyword.builtin.CallTestCaseKeyword$_callTestCase_closure1.doCall(CallTestCaseKeyword.groovy:59)
	at com.kms.katalon.core.keyword.builtin.CallTestCaseKeyword$_callTestCase_closure1.call(CallTestCaseKeyword.groovy)
	at com.kms.katalon.core.keyword.internal.KeywordMain.runKeyword(KeywordMain.groovy:75)
	at com.kms.katalon.core.keyword.builtin.CallTestCaseKeyword.callTestCase(CallTestCaseKeyword.groovy:81)
	at com.kms.katalon.core.keyword.builtin.CallTestCaseKeyword.execute(CallTestCaseKeyword.groovy:44)
	at com.kms.katalon.core.keyword.internal.KeywordExecutor.executeKeywordForPlatform(KeywordExecutor.groovy:74)
	at com.kms.katalon.core.keyword.BuiltinKeywords.callTestCase(BuiltinKeywords.groovy:310)
	at jdk.internal.reflect.GeneratedMethodAccessor41.invoke(Unknown Source)
	at java.base/jdk.internal.reflect.DelegatingMethodAccessorImpl.invoke(DelegatingMethodAccessorImpl.java:43)
	at Script1685554081322.run(Script1685554081322.groovy:20)
	... 16 more
Caused by: java.net.ConnectException: Failed to connect to localhost/[0:0:0:0:0:0:0:1]:14331
	at okhttp3.internal.connection.RealConnection.connectSocket(RealConnection.java:247)
	at okhttp3.internal.connection.RealConnection.connect(RealConnection.java:165)
	at okhttp3.internal.connection.StreamAllocation.findConnection(StreamAllocation.java:257)
	at okhttp3.internal.connection.StreamAllocation.findHealthyConnection(StreamAllocation.java:135)
	at okhttp3.internal.connection.StreamAllocation.newStream(StreamAllocation.java:114)
	at okhttp3.internal.connection.ConnectInterceptor.intercept(ConnectInterceptor.java:42)
	at okhttp3.internal.http.RealInterceptorChain.proceed(RealInterceptorChain.java:147)
	at okhttp3.internal.http.RealInterceptorChain.proceed(RealInterceptorChain.java:121)
	at okhttp3.internal.cache.CacheInterceptor.intercept(CacheInterceptor.java:93)
	at okhttp3.internal.http.RealInterceptorChain.proceed(RealInterceptorChain.java:147)
	at okhttp3.internal.http.RealInterceptorChain.proceed(RealInterceptorChain.java:121)
	at okhttp3.internal.http.BridgeInterceptor.intercept(BridgeInterceptor.java:93)
	at okhttp3.internal.http.RealInterceptorChain.proceed(RealInterceptorChain.java:147)
	at okhttp3.internal.http.RetryAndFollowUpInterceptor.intercept(RetryAndFollowUpInterceptor.java:126)
	at okhttp3.internal.http.RealInterceptorChain.proceed(RealInterceptorChain.java:147)
	at okhttp3.internal.http.RealInterceptorChain.proceed(RealInterceptorChain.java:121)
	at okhttp3.RealCall.getResponseWithInterceptorChain(RealCall.java:200)
	at okhttp3.RealCall.execute(RealCall.java:77)
	at org.openqa.selenium.remote.internal.OkHttpClient.execute(OkHttpClient.java:103)
	at org.openqa.selenium.remote.HttpCommandExecutor.execute(HttpCommandExecutor.java:155)
	at org.openqa.selenium.remote.service.DriverCommandExecutor.execute(DriverCommandExecutor.java:83)
	... 48 more
Caused by: java.net.ConnectException: Connection refused: no further information
	at okhttp3.internal.platform.Platform.connectSocket(Platform.java:129)
	at okhttp3.internal.connection.RealConnection.connectSocket(RealConnection.java:245)
	at okhttp3.internal.connection.RealConnection.connect(RealConnection.java:165)
	at okhttp3.internal.connection.StreamAllocation.findConnection(StreamAllocation.java:257)
	at okhttp3.internal.connection.StreamAllocation.findHealthyConnection(StreamAllocation.java:135)
	at okhttp3.internal.connection.StreamAllocation.newStream(StreamAllocation.java:114)
	at okhttp3.internal.connection.ConnectInterceptor.intercept(ConnectInterceptor.java:42)
	at okhttp3.internal.http.RealInterceptorChain.proceed(RealInterceptorChain.java:147)
	at okhttp3.internal.http.RealInterceptorChain.proceed(RealInterceptorChain.java:121)
	at okhttp3.internal.cache.CacheInterceptor.intercept(CacheInterceptor.java:93)
	at okhttp3.internal.http.RealInterceptorChain.proceed(RealInterceptorChain.java:147)
	at okhttp3.internal.http.RealInterceptorChain.proceed(RealInterceptorChain.java:121)
	at okhttp3.internal.http.BridgeInterceptor.intercept(BridgeInterceptor.java:93)
	at okhttp3.internal.http.RealInterceptorChain.proceed(RealInterceptorChain.java:147)
	at okhttp3.internal.http.RetryAndFollowUpInterceptor.intercept(RetryAndFollowUpInterceptor.java:126)
	at okhttp3.internal.http.RealInterceptorChain.proceed(RealInterceptorChain.java:147)
	at okhttp3.internal.http.RealInterceptorChain.proceed(RealInterceptorChain.java:121)
	at okhttp3.RealCall.getResponseWithInterceptorChain(RealCall.java:200)
	at okhttp3.RealCall.execute(RealCall.java:77)
	at org.openqa.selenium.remote.internal.OkHttpClient.execute(OkHttpClient.java:103)
	at org.openqa.selenium.remote.HttpCommandExecutor.execute(HttpCommandExecutor.java:155)
	at org.openqa.selenium.remote.service.DriverCommandExecutor.execute(DriverCommandExecutor.java:83)
	at org.openqa.selenium.remote.RemoteWebDriver.execute(RemoteWebDriver.java:552)
	at com.kms.katalon.selenium.driver.CChromeDriver.execute(CChromeDriver.java:19)
	at org.openqa.selenium.remote.RemoteWebDriver.get(RemoteWebDriver.java:277)
	at org.openqa.selenium.remote.RemoteWebDriver$RemoteNavigation.to(RemoteWebDriver.java:857)
	at org.openqa.selenium.support.events.EventFiringWebDriver$EventFiringNavigation.to(EventFiringWebDriver.java:569)
	at com.kms.katalon.core.webui.keyword.builtin.NavigateToUrlKeyword$_navigateToUrl_closure1.doCall(NavigateToUrlKeyword.groovy:81)
	at com.kms.katalon.core.webui.keyword.builtin.NavigateToUrlKeyword$_navigateToUrl_closure1.call(NavigateToUrlKeyword.groovy)
	at com.kms.katalon.core.webui.keyword.internal.WebUIKeywordMain.runKeyword(WebUIKeywordMain.groovy:35)
	at com.kms.katalon.core.webui.keyword.builtin.NavigateToUrlKeyword.navigateToUrl(NavigateToUrlKeyword.groovy:83)
	at com.kms.katalon.core.webui.keyword.builtin.NavigateToUrlKeyword.execute(NavigateToUrlKeyword.groovy:67)
	at com.kms.katalon.core.keyword.internal.KeywordExecutor.executeKeywordForPlatform(KeywordExecutor.groovy:74)
	at com.kms.katalon.core.webui.keyword.WebUiBuiltInKeywords.navigateToUrl(WebUiBuiltInKeywords.groovy:187)
	at com.kms.katalon.core.webui.keyword.WebUiBuiltInKeywords$navigateToUrl$1.call(Unknown Source)
	at DES Login.run(DES Login:26)
	at com.kms.katalon.core.main.ScriptEngine.run(ScriptEngine.java:194)
	at com.kms.katalon.core.main.ScriptEngine.runScriptAsRawText(ScriptEngine.java:119)
	at com.kms.katalon.core.main.TestCaseExecutor.runScript(TestCaseExecutor.java:448)
	at com.kms.katalon.core.main.TestCaseExecutor.doExecute(TestCaseExecutor.java:439)
	at com.kms.katalon.core.main.TestCaseExecutor.processExecutionPhase(TestCaseExecutor.java:418)
	at com.kms.katalon.core.main.TestCaseExecutor.accessMainPhase(TestCaseExecutor.java:410)
	at com.kms.katalon.core.main.TestCaseExecutor.execute(TestCaseExecutor.java:285)
	at com.kms.katalon.core.main.TestCaseMain.runTestCase(TestCaseMain.java:137)
	at com.kms.katalon.core.keyword.builtin.CallTestCaseKeyword$_callTestCase_closure1.doCall(CallTestCaseKeyword.groovy:59)
	at com.kms.katalon.core.keyword.builtin.CallTestCaseKeyword$_callTestCase_closure1.call(CallTestCaseKeyword.groovy)
	at com.kms.katalon.core.keyword.internal.KeywordMain.runKeyword(KeywordMain.groovy:75)
	at com.kms.katalon.core.keyword.builtin.CallTestCaseKeyword.callTestCase(CallTestCaseKeyword.groovy:81)
	at com.kms.katalon.core.keyword.builtin.CallTestCaseKeyword.execute(CallTestCaseKeyword.groovy:44)
	at com.kms.katalon.core.keyword.internal.KeywordExecutor.executeKeywordForPlatform(KeywordExecutor.groovy:74)
	at com.kms.katalon.core.keyword.BuiltinKeywords.callTestCase(BuiltinKeywords.groovy:310)
	at jdk.internal.reflect.GeneratedMethodAccessor41.invoke(Unknown Source)
	at java.base/jdk.internal.reflect.DelegatingMethodAccessorImpl.invoke(DelegatingMethodAccessorImpl.java:43)
	at Verify Process Now for Outbound FIN-ACC.run(Verify Process Now for Outbound FIN-ACC:20)
	... 16 more


21-10-2025T19:09:30 - [TEST_STEP][PASSED] - openBrowser(""): Browser is opened with url: ''

21-10-2025T19:09:30 - [MESSAGE][INFO] - Starting 'Chrome' driver

21-10-2025T19:09:30 - [MESSAGE][INFO] - User set preference: ['args', '[--no-sandbox, --disable-gpu, --disable-dev-shm-usage]']

21-10-2025T19:09:30 - [MESSAGE][INFO] - Action delay is set to 0 milliseconds

21-10-2025T19:09:31 - [MESSAGE][PASSED] - Browser is opened with url: ''

21-10-2025T19:09:31 - [TEST_STEP][PASSED] - maximizeWindow(): Current window maximized

21-10-2025T19:09:31 - [MESSAGE][PASSED] - Current window maximized

21-10-2025T19:09:31 - [TEST_STEP][PASSED] - delay(10): Delayed 10 second(s)

21-10-2025T19:09:41 - [MESSAGE][PASSED] - Delayed 10 second(s)

21-10-2025T19:09:41 - [TEST_STEP][FAILED] - navigateToUrl("https://dx-portal.qa.thekag.com/"): Unable to navigate to 'https://dx-portal.qa.thekag.com/' (Root cause: com.kms.katalon.core.exception.StepFailedException: Unable to navigate to 'https://dx-portal.qa.thekag.com/'
	at com.kms.katalon.core.webui.keyword.internal.WebUIKeywordMain.stepFailed(WebUIKeywordMain.groovy:117)
	at com.kms.katalon.core.webui.keyword.internal.WebUIKeywordMain.runKeyword(WebUIKeywordMain.groovy:43)
	at com.kms.katalon.core.webui.keyword.builtin.NavigateToUrlKeyword.navigateToUrl(NavigateToUrlKeyword.groovy:83)
	at com.kms.katalon.core.webui.keyword.builtin.NavigateToUrlKeyword.execute(NavigateToUrlKeyword.groovy:67)
	at com.kms.katalon.core.keyword.internal.KeywordExecutor.executeKeywordForPlatform(KeywordExecutor.groovy:74)
	at com.kms.katalon.core.webui.keyword.WebUiBuiltInKeywords.navigateToUrl(WebUiBuiltInKeywords.groovy:187)
	at com.kms.katalon.core.webui.keyword.WebUiBuiltInKeywords$navigateToUrl$1.call(Unknown Source)
	at DES Login.run(DES Login:26)
	at com.kms.katalon.core.main.ScriptEngine.run(ScriptEngine.java:194)
	at com.kms.katalon.core.main.ScriptEngine.runScriptAsRawText(ScriptEngine.java:119)
	at com.kms.katalon.core.main.TestCaseExecutor.runScript(TestCaseExecutor.java:448)
	at com.kms.katalon.core.main.TestCaseExecutor.doExecute(TestCaseExecutor.java:439)
	at com.kms.katalon.core.main.TestCaseExecutor.processExecutionPhase(TestCaseExecutor.java:418)
	at com.kms.katalon.core.main.TestCaseExecutor.accessMainPhase(TestCaseExecutor.java:410)
	at com.kms.katalon.core.main.TestCaseExecutor.execute(TestCaseExecutor.java:285)
	at com.kms.katalon.core.main.TestCaseMain.runTestCase(TestCaseMain.java:137)
	at com.kms.katalon.core.keyword.builtin.CallTestCaseKeyword$_callTestCase_closure1.doCall(CallTestCaseKeyword.groovy:59)
	at com.kms.katalon.core.keyword.builtin.CallTestCaseKeyword$_callTestCase_closure1.call(CallTestCaseKeyword.groovy)
	at com.kms.katalon.core.keyword.internal.KeywordMain.runKeyword(KeywordMain.groovy:75)
	at com.kms.katalon.core.keyword.builtin.CallTestCaseKeyword.callTestCase(CallTestCaseKeyword.groovy:81)
	at com.kms.katalon.core.keyword.builtin.CallTestCaseKeyword.execute(CallTestCaseKeyword.groovy:44)
	at com.kms.katalon.core.keyword.internal.KeywordExecutor.executeKeywordForPlatform(KeywordExecutor.groovy:74)
	at com.kms.katalon.core.keyword.BuiltinKeywords.callTestCase(BuiltinKeywords.groovy:310)
	at jdk.internal.reflect.GeneratedMethodAccessor41.invoke(Unknown Source)
	at java.base/jdk.internal.reflect.DelegatingMethodAccessorImpl.invoke(DelegatingMethodAccessorImpl.java:43)
	at Verify Process Now for Outbound FIN-ACC.run(Verify Process Now for Outbound FIN-ACC:20)
	at com.kms.katalon.core.main.ScriptEngine.run(ScriptEngine.java:194)
	at com.kms.katalon.core.main.ScriptEngine.runScriptAsRawText(ScriptEngine.java:119)
	at com.kms.katalon.core.main.TestCaseExecutor.runScript(TestCaseExecutor.java:448)
	at com.kms.katalon.core.main.TestCaseExecutor.doExecute(TestCaseExecutor.java:439)
	at com.kms.katalon.core.main.TestCaseExecutor.processExecutionPhase(TestCaseExecutor.java:418)
	at com.kms.katalon.core.main.TestCaseExecutor.accessMainPhase(TestCaseExecutor.java:410)
	at com.kms.katalon.core.main.TestCaseExecutor.execute(TestCaseExecutor.java:285)
	at com.kms.katalon.core.common.CommonExecutor.accessTestCaseMainPhase(CommonExecutor.java:65)
	at com.kms.katalon.core.main.TestSuiteExecutor.accessTestSuiteMainPhase(TestSuiteExecutor.java:150)
	at com.kms.katalon.core.main.TestSuiteExecutor.execute(TestSuiteExecutor.java:106)
	at com.kms.katalon.core.main.TestCaseMain.startTestSuite(TestCaseMain.java:180)
	at com.kms.katalon.core.main.TestCaseMain$startTestSuite$0.call(Unknown Source)
	at TempTestSuite1761084128061.run(TempTestSuite1761084128061.groovy:35)
	at java.base/jdk.internal.reflect.NativeMethodAccessorImpl.invoke0(Native Method)
	at java.base/jdk.internal.reflect.NativeMethodAccessorImpl.invoke(NativeMethodAccessorImpl.java:77)
	at java.base/jdk.internal.reflect.DelegatingMethodAccessorImpl.invoke(DelegatingMethodAccessorImpl.java:43)
Caused by: org.openqa.selenium.WebDriverException: java.net.ConnectException: Failed to connect to localhost/[0:0:0:0:0:0:0:1]:14331
Build info: version: '3.141.59', revision: 'unknown', time: 'unknown'
System info: host: 'DC1ADOBLD01', ip: '10.2.20.71', os.name: 'Windows Server 2019', os.arch: 'amd64', os.version: '10.0', java.version: '17.0.7'
Driver info: driver.version: RemoteWebDriver
	at org.openqa.selenium.remote.service.DriverCommandExecutor.execute(DriverCommandExecutor.java:92)
	at org.openqa.selenium.remote.RemoteWebDriver.execute(RemoteWebDriver.java:552)
	at com.kms.katalon.selenium.driver.CChromeDriver.execute(CChromeDriver.java:19)
	at org.openqa.selenium.remote.RemoteWebDriver.get(RemoteWebDriver.java:277)
	at org.openqa.selenium.remote.RemoteWebDriver$RemoteNavigation.to(RemoteWebDriver.java:857)
	at org.openqa.selenium.support.events.EventFiringWebDriver$EventFiringNavigation.to(EventFiringWebDriver.java:569)
	at com.kms.katalon.core.webui.keyword.builtin.NavigateToUrlKeyword$_navigateToUrl_closure1.doCall(NavigateToUrlKeyword.groovy:81)
	at com.kms.katalon.core.webui.keyword.builtin.NavigateToUrlKeyword$_navigateToUrl_closure1.call(NavigateToUrlKeyword.groovy)
	at com.kms.katalon.core.webui.keyword.internal.WebUIKeywordMain.runKeyword(WebUIKeywordMain.groovy:35)
	at com.kms.katalon.core.webui.keyword.builtin.NavigateToUrlKeyword.navigateToUrl(NavigateToUrlKeyword.groovy:83)
	at com.kms.katalon.core.webui.keyword.builtin.NavigateToUrlKeyword.execute(NavigateToUrlKeyword.groovy:67)
	at com.kms.katalon.core.keyword.internal.KeywordExecutor.executeKeywordForPlatform(KeywordExecutor.groovy:74)
	at com.kms.katalon.core.webui.keyword.WebUiBuiltInKeywords.navigateToUrl(WebUiBuiltInKeywords.groovy:187)
	at com.kms.katalon.core.webui.keyword.WebUiBuiltInKeywords$navigateToUrl$1.call(Unknown Source)
	at Script1749499513693.run(Script1749499513693.groovy:26)
	at com.kms.katalon.core.main.ScriptEngine.run(ScriptEngine.java:194)
	at com.kms.katalon.core.main.ScriptEngine.runScriptAsRawText(ScriptEngine.java:119)
	at com.kms.katalon.core.main.TestCaseExecutor.runScript(TestCaseExecutor.java:448)
	at com.kms.katalon.core.main.TestCaseExecutor.doExecute(TestCaseExecutor.java:439)
	at com.kms.katalon.core.main.TestCaseExecutor.processExecutionPhase(TestCaseExecutor.java:418)
	at com.kms.katalon.core.main.TestCaseExecutor.accessMainPhase(TestCaseExecutor.java:410)
	at com.kms.katalon.core.main.TestCaseExecutor.execute(TestCaseExecutor.java:285)
	at com.kms.katalon.core.main.TestCaseMain.runTestCase(TestCaseMain.java:137)
	at com.kms.katalon.core.keyword.builtin.CallTestCaseKeyword$_callTestCase_closure1.doCall(CallTestCaseKeyword.groovy:59)
	at com.kms.katalon.core.keyword.builtin.CallTestCaseKeyword$_callTestCase_closure1.call(CallTestCaseKeyword.groovy)
	at com.kms.katalon.core.keyword.internal.KeywordMain.runKeyword(KeywordMain.groovy:75)
	at com.kms.katalon.core.keyword.builtin.CallTestCaseKeyword.callTestCase(CallTestCaseKeyword.groovy:81)
	at com.kms.katalon.core.keyword.builtin.CallTestCaseKeyword.execute(CallTestCaseKeyword.groovy:44)
	at com.kms.katalon.core.keyword.internal.KeywordExecutor.executeKeywordForPlatform(KeywordExecutor.groovy:74)
	at com.kms.katalon.core.keyword.BuiltinKeywords.callTestCase(BuiltinKeywords.groovy:310)
	at jdk.internal.reflect.GeneratedMethodAccessor41.invoke(Unknown Source)
	at java.base/jdk.internal.reflect.DelegatingMethodAccessorImpl.invoke(DelegatingMethodAccessorImpl.java:43)
	at Script1685554081322.run(Script1685554081322.groovy:20)
	... 16 more
Caused by: java.net.ConnectException: Failed to connect to localhost/[0:0:0:0:0:0:0:1]:14331
	at okhttp3.internal.connection.RealConnection.connectSocket(RealConnection.java:247)
	at okhttp3.internal.connection.RealConnection.connect(RealConnection.java:165)
	at okhttp3.internal.connection.StreamAllocation.findConnection(StreamAllocation.java:257)
	at okhttp3.internal.connection.StreamAllocation.findHealthyConnection(StreamAllocation.java:135)
	at okhttp3.internal.connection.StreamAllocation.newStream(StreamAllocation.java:114)
	at okhttp3.internal.connection.ConnectInterceptor.intercept(ConnectInterceptor.java:42)
	at okhttp3.internal.http.RealInterceptorChain.proceed(RealInterceptorChain.java:147)
	at okhttp3.internal.http.RealInterceptorChain.proceed(RealInterceptorChain.java:121)
	at okhttp3.internal.cache.CacheInterceptor.intercept(CacheInterceptor.java:93)
	at okhttp3.internal.http.RealInterceptorChain.proceed(RealInterceptorChain.java:147)
	at okhttp3.internal.http.RealInterceptorChain.proceed(RealInterceptorChain.java:121)
	at okhttp3.internal.http.BridgeInterceptor.intercept(BridgeInterceptor.java:93)
	at okhttp3.internal.http.RealInterceptorChain.proceed(RealInterceptorChain.java:147)
	at okhttp3.internal.http.RetryAndFollowUpInterceptor.intercept(RetryAndFollowUpInterceptor.java:126)
	at okhttp3.internal.http.RealInterceptorChain.proceed(RealInterceptorChain.java:147)
	at okhttp3.internal.http.RealInterceptorChain.proceed(RealInterceptorChain.java:121)
	at okhttp3.RealCall.getResponseWithInterceptorChain(RealCall.java:200)
	at okhttp3.RealCall.execute(RealCall.java:77)
	at org.openqa.selenium.remote.internal.OkHttpClient.execute(OkHttpClient.java:103)
	at org.openqa.selenium.remote.HttpCommandExecutor.execute(HttpCommandExecutor.java:155)
	at org.openqa.selenium.remote.service.DriverCommandExecutor.execute(DriverCommandExecutor.java:83)
	... 48 more
Caused by: java.net.ConnectException: Connection refused: no further information
	at okhttp3.internal.platform.Platform.connectSocket(Platform.java:129)
	at okhttp3.internal.connection.RealConnection.connectSocket(RealConnection.java:245)
	... 68 more
)

21-10-2025T19:09:41 - [MESSAGE][FAILED] - Unable to navigate to 'https://dx-portal.qa.thekag.com/' (Root cause: com.kms.katalon.core.exception.StepFailedException: Unable to navigate to 'https://dx-portal.qa.thekag.com/'
	at com.kms.katalon.core.webui.keyword.internal.WebUIKeywordMain.stepFailed(WebUIKeywordMain.groovy:117)
	at com.kms.katalon.core.webui.keyword.internal.WebUIKeywordMain.runKeyword(WebUIKeywordMain.groovy:43)
	at com.kms.katalon.core.webui.keyword.builtin.NavigateToUrlKeyword.navigateToUrl(NavigateToUrlKeyword.groovy:83)
	at com.kms.katalon.core.webui.keyword.builtin.NavigateToUrlKeyword.execute(NavigateToUrlKeyword.groovy:67)
	at com.kms.katalon.core.keyword.internal.KeywordExecutor.executeKeywordForPlatform(KeywordExecutor.groovy:74)
	at com.kms.katalon.core.webui.keyword.WebUiBuiltInKeywords.navigateToUrl(WebUiBuiltInKeywords.groovy:187)
	at com.kms.katalon.core.webui.keyword.WebUiBuiltInKeywords$navigateToUrl$1.call(Unknown Source)
	at DES Login.run(DES Login:26)
	at com.kms.katalon.core.main.ScriptEngine.run(ScriptEngine.java:194)
	at com.kms.katalon.core.main.ScriptEngine.runScriptAsRawText(ScriptEngine.java:119)
	at com.kms.katalon.core.main.TestCaseExecutor.runScript(TestCaseExecutor.java:448)
	at com.kms.katalon.core.main.TestCaseExecutor.doExecute(TestCaseExecutor.java:439)
	at com.kms.katalon.core.main.TestCaseExecutor.processExecutionPhase(TestCaseExecutor.java:418)
	at com.kms.katalon.core.main.TestCaseExecutor.accessMainPhase(TestCaseExecutor.java:410)
	at com.kms.katalon.core.main.TestCaseExecutor.execute(TestCaseExecutor.java:285)
	at com.kms.katalon.core.main.TestCaseMain.runTestCase(TestCaseMain.java:137)
	at com.kms.katalon.core.keyword.builtin.CallTestCaseKeyword$_callTestCase_closure1.doCall(CallTestCaseKeyword.groovy:59)
	at com.kms.katalon.core.keyword.builtin.CallTestCaseKeyword$_callTestCase_closure1.call(CallTestCaseKeyword.groovy)
	at com.kms.katalon.core.keyword.internal.KeywordMain.runKeyword(KeywordMain.groovy:75)
	at com.kms.katalon.core.keyword.builtin.CallTestCaseKeyword.callTestCase(CallTestCaseKeyword.groovy:81)
	at com.kms.katalon.core.keyword.builtin.CallTestCaseKeyword.execute(CallTestCaseKeyword.groovy:44)
	at com.kms.katalon.core.keyword.internal.KeywordExecutor.executeKeywordForPlatform(KeywordExecutor.groovy:74)
	at com.kms.katalon.core.keyword.BuiltinKeywords.callTestCase(BuiltinKeywords.groovy:310)
	at jdk.internal.reflect.GeneratedMethodAccessor41.invoke(Unknown Source)
	at java.base/jdk.internal.reflect.DelegatingMethodAccessorImpl.invoke(DelegatingMethodAccessorImpl.java:43)
	at Verify Process Now for Outbound FIN-ACC.run(Verify Process Now for Outbound FIN-ACC:20)
	at com.kms.katalon.core.main.ScriptEngine.run(ScriptEngine.java:194)
	at com.kms.katalon.core.main.ScriptEngine.runScriptAsRawText(ScriptEngine.java:119)
	at com.kms.katalon.core.main.TestCaseExecutor.runScript(TestCaseExecutor.java:448)
	at com.kms.katalon.core.main.TestCaseExecutor.doExecute(TestCaseExecutor.java:439)
	at com.kms.katalon.core.main.TestCaseExecutor.processExecutionPhase(TestCaseExecutor.java:418)
	at com.kms.katalon.core.main.TestCaseExecutor.accessMainPhase(TestCaseExecutor.java:410)
	at com.kms.katalon.core.main.TestCaseExecutor.execute(TestCaseExecutor.java:285)
	at com.kms.katalon.core.common.CommonExecutor.accessTestCaseMainPhase(CommonExecutor.java:65)
	at com.kms.katalon.core.main.TestSuiteExecutor.accessTestSuiteMainPhase(TestSuiteExecutor.java:150)
	at com.kms.katalon.core.main.TestSuiteExecutor.execute(TestSuiteExecutor.java:106)
	at com.kms.katalon.core.main.TestCaseMain.startTestSuite(TestCaseMain.java:180)
	at com.kms.katalon.core.main.TestCaseMain$startTestSuite$0.call(Unknown Source)
	at TempTestSuite1761084128061.run(TempTestSuite1761084128061.groovy:35)
	at java.base/jdk.internal.reflect.NativeMethodAccessorImpl.invoke0(Native Method)
	at java.base/jdk.internal.reflect.NativeMethodAccessorImpl.invoke(NativeMethodAccessorImpl.java:77)
	at java.base/jdk.internal.reflect.DelegatingMethodAccessorImpl.invoke(DelegatingMethodAccessorImpl.java:43)
Caused by: org.openqa.selenium.WebDriverException: java.net.ConnectException: Failed to connect to localhost/[0:0:0:0:0:0:0:1]:14331
Build info: version: '3.141.59', revision: 'unknown', time: 'unknown'
System info: host: 'DC1ADOBLD01', ip: '10.2.20.71', os.name: 'Windows Server 2019', os.arch: 'amd64', os.version: '10.0', java.version: '17.0.7'
Driver info: driver.version: RemoteWebDriver
	at org.openqa.selenium.remote.service.DriverCommandExecutor.execute(DriverCommandExecutor.java:92)
	at org.openqa.selenium.remote.RemoteWebDriver.execute(RemoteWebDriver.java:552)
	at com.kms.katalon.selenium.driver.CChromeDriver.execute(CChromeDriver.java:19)
	at org.openqa.selenium.remote.RemoteWebDriver.get(RemoteWebDriver.java:277)
	at org.openqa.selenium.remote.RemoteWebDriver$RemoteNavigation.to(RemoteWebDriver.java:857)
	at org.openqa.selenium.support.events.EventFiringWebDriver$EventFiringNavigation.to(EventFiringWebDriver.java:569)
	at com.kms.katalon.core.webui.keyword.builtin.NavigateToUrlKeyword$_navigateToUrl_closure1.doCall(NavigateToUrlKeyword.groovy:81)
	at com.kms.katalon.core.webui.keyword.builtin.NavigateToUrlKeyword$_navigateToUrl_closure1.call(NavigateToUrlKeyword.groovy)
	at com.kms.katalon.core.webui.keyword.internal.WebUIKeywordMain.runKeyword(WebUIKeywordMain.groovy:35)
	at com.kms.katalon.core.webui.keyword.builtin.NavigateToUrlKeyword.navigateToUrl(NavigateToUrlKeyword.groovy:83)
	at com.kms.katalon.core.webui.keyword.builtin.NavigateToUrlKeyword.execute(NavigateToUrlKeyword.groovy:67)
	at com.kms.katalon.core.keyword.internal.KeywordExecutor.executeKeywordForPlatform(KeywordExecutor.groovy:74)
	at com.kms.katalon.core.webui.keyword.WebUiBuiltInKeywords.navigateToUrl(WebUiBuiltInKeywords.groovy:187)
	at com.kms.katalon.core.webui.keyword.WebUiBuiltInKeywords$navigateToUrl$1.call(Unknown Source)
	at Script1749499513693.run(Script1749499513693.groovy:26)
	at com.kms.katalon.core.main.ScriptEngine.run(ScriptEngine.java:194)
	at com.kms.katalon.core.main.ScriptEngine.runScriptAsRawText(ScriptEngine.java:119)
	at com.kms.katalon.core.main.TestCaseExecutor.runScript(TestCaseExecutor.java:448)
	at com.kms.katalon.core.main.TestCaseExecutor.doExecute(TestCaseExecutor.java:439)
	at com.kms.katalon.core.main.TestCaseExecutor.processExecutionPhase(TestCaseExecutor.java:418)
	at com.kms.katalon.core.main.TestCaseExecutor.accessMainPhase(TestCaseExecutor.java:410)
	at com.kms.katalon.core.main.TestCaseExecutor.execute(TestCaseExecutor.java:285)
	at com.kms.katalon.core.main.TestCaseMain.runTestCase(TestCaseMain.java:137)
	at com.kms.katalon.core.keyword.builtin.CallTestCaseKeyword$_callTestCase_closure1.doCall(CallTestCaseKeyword.groovy:59)
	at com.kms.katalon.core.keyword.builtin.CallTestCaseKeyword$_callTestCase_closure1.call(CallTestCaseKeyword.groovy)
	at com.kms.katalon.core.keyword.internal.KeywordMain.runKeyword(KeywordMain.groovy:75)
	at com.kms.katalon.core.keyword.builtin.CallTestCaseKeyword.callTestCase(CallTestCaseKeyword.groovy:81)
	at com.kms.katalon.core.keyword.builtin.CallTestCaseKeyword.execute(CallTestCaseKeyword.groovy:44)
	at com.kms.katalon.core.keyword.internal.KeywordExecutor.executeKeywordForPlatform(KeywordExecutor.groovy:74)
	at com.kms.katalon.core.keyword.BuiltinKeywords.callTestCase(BuiltinKeywords.groovy:310)
	at jdk.internal.reflect.GeneratedMethodAccessor41.invoke(Unknown Source)
	at java.base/jdk.internal.reflect.DelegatingMethodAccessorImpl.invoke(DelegatingMethodAccessorImpl.java:43)
	at Script1685554081322.run(Script1685554081322.groovy:20)
	... 16 more
Caused by: java.net.ConnectException: Failed to connect to localhost/[0:0:0:0:0:0:0:1]:14331
	at okhttp3.internal.connection.RealConnection.connectSocket(RealConnection.java:247)
	at okhttp3.internal.connection.RealConnection.connect(RealConnection.java:165)
	at okhttp3.internal.connection.StreamAllocation.findConnection(StreamAllocation.java:257)
	at okhttp3.internal.connection.StreamAllocation.findHealthyConnection(StreamAllocation.java:135)
	at okhttp3.internal.connection.StreamAllocation.newStream(StreamAllocation.java:114)
	at okhttp3.internal.connection.ConnectInterceptor.intercept(ConnectInterceptor.java:42)
	at okhttp3.internal.http.RealInterceptorChain.proceed(RealInterceptorChain.java:147)
	at okhttp3.internal.http.RealInterceptorChain.proceed(RealInterceptorChain.java:121)
	at okhttp3.internal.cache.CacheInterceptor.intercept(CacheInterceptor.java:93)
	at okhttp3.internal.http.RealInterceptorChain.proceed(RealInterceptorChain.java:147)
	at okhttp3.internal.http.RealInterceptorChain.proceed(RealInterceptorChain.java:121)
	at okhttp3.internal.http.BridgeInterceptor.intercept(BridgeInterceptor.java:93)
	at okhttp3.internal.http.RealInterceptorChain.proceed(RealInterceptorChain.java:147)
	at okhttp3.internal.http.RetryAndFollowUpInterceptor.intercept(RetryAndFollowUpInterceptor.java:126)
	at okhttp3.internal.http.RealInterceptorChain.proceed(RealInterceptorChain.java:147)
	at okhttp3.internal.http.RealInterceptorChain.proceed(RealInterceptorChain.java:121)
	at okhttp3.RealCall.getResponseWithInterceptorChain(RealCall.java:200)
	at okhttp3.RealCall.execute(RealCall.java:77)
	at org.openqa.selenium.remote.internal.OkHttpClient.execute(OkHttpClient.java:103)
	at org.openqa.selenium.remote.HttpCommandExecutor.execute(HttpCommandExecutor.java:155)
	at org.openqa.selenium.remote.service.DriverCommandExecutor.execute(DriverCommandExecutor.java:83)
	... 48 more
Caused by: java.net.ConnectException: Connection refused: no further information
	at okhttp3.internal.platform.Platform.connectSocket(Platform.java:129)
	at okhttp3.internal.connection.RealConnection.connectSocket(RealConnection.java:245)
	... 68 more
)

21-10-2025T19:09:41 - [MESSAGE][FAILED] - Unable to call Test Case 'Test Cases/DES/DES Login' (Root cause: com.kms.katalon.core.exception.StepFailedException: Call Test Case 'Test Cases/DES/DES Login' failed
	at com.kms.katalon.core.keyword.builtin.CallTestCaseKeyword$_callTestCase_closure1.doCall(CallTestCaseKeyword.groovy:63)
	at com.kms.katalon.core.keyword.builtin.CallTestCaseKeyword$_callTestCase_closure1.call(CallTestCaseKeyword.groovy)
	at com.kms.katalon.core.keyword.internal.KeywordMain.runKeyword(KeywordMain.groovy:75)
	at com.kms.katalon.core.keyword.builtin.CallTestCaseKeyword.callTestCase(CallTestCaseKeyword.groovy:81)
	at com.kms.katalon.core.keyword.builtin.CallTestCaseKeyword.execute(CallTestCaseKeyword.groovy:44)
	at com.kms.katalon.core.keyword.internal.KeywordExecutor.executeKeywordForPlatform(KeywordExecutor.groovy:74)
	at com.kms.katalon.core.keyword.BuiltinKeywords.callTestCase(BuiltinKeywords.groovy:310)
	at jdk.internal.reflect.GeneratedMethodAccessor41.invoke(Unknown Source)
	at java.base/jdk.internal.reflect.DelegatingMethodAccessorImpl.invoke(DelegatingMethodAccessorImpl.java:43)
	at Verify Process Now for Outbound FIN-ACC.run(Verify Process Now for Outbound FIN-ACC:20)
	at com.kms.katalon.core.main.ScriptEngine.run(ScriptEngine.java:194)
	at com.kms.katalon.core.main.ScriptEngine.runScriptAsRawText(ScriptEngine.java:119)
	at com.kms.katalon.core.main.TestCaseExecutor.runScript(TestCaseExecutor.java:448)
	at com.kms.katalon.core.main.TestCaseExecutor.doExecute(TestCaseExecutor.java:439)
	at com.kms.katalon.core.main.TestCaseExecutor.processExecutionPhase(TestCaseExecutor.java:418)
	at com.kms.katalon.core.main.TestCaseExecutor.accessMainPhase(TestCaseExecutor.java:410)
	at com.kms.katalon.core.main.TestCaseExecutor.execute(TestCaseExecutor.java:285)
	at com.kms.katalon.core.common.CommonExecutor.accessTestCaseMainPhase(CommonExecutor.java:65)
	at com.kms.katalon.core.main.TestSuiteExecutor.accessTestSuiteMainPhase(TestSuiteExecutor.java:150)
	at com.kms.katalon.core.main.TestSuiteExecutor.execute(TestSuiteExecutor.java:106)
	at com.kms.katalon.core.main.TestCaseMain.startTestSuite(TestCaseMain.java:180)
	at com.kms.katalon.core.main.TestCaseMain$startTestSuite$0.call(Unknown Source)
	at TempTestSuite1761084128061.run(TempTestSuite1761084128061.groovy:35)
	at java.base/jdk.internal.reflect.NativeMethodAccessorImpl.invoke0(Native Method)
	at java.base/jdk.internal.reflect.NativeMethodAccessorImpl.invoke(NativeMethodAccessorImpl.java:77)
	at java.base/jdk.internal.reflect.DelegatingMethodAccessorImpl.invoke(DelegatingMethodAccessorImpl.java:43)
Caused by: com.kms.katalon.core.exception.StepFailedException: Unable to navigate to 'https://dx-portal.qa.thekag.com/'
	at com.kms.katalon.core.webui.keyword.internal.WebUIKeywordMain.stepFailed(WebUIKeywordMain.groovy:117)
	at com.kms.katalon.core.webui.keyword.internal.WebUIKeywordMain.runKeyword(WebUIKeywordMain.groovy:43)
	at com.kms.katalon.core.webui.keyword.builtin.NavigateToUrlKeyword.navigateToUrl(NavigateToUrlKeyword.groovy:83)
	at com.kms.katalon.core.webui.keyword.builtin.NavigateToUrlKeyword.execute(NavigateToUrlKeyword.groovy:67)
	at com.kms.katalon.core.keyword.internal.KeywordExecutor.executeKeywordForPlatform(KeywordExecutor.groovy:74)
	at com.kms.katalon.core.webui.keyword.WebUiBuiltInKeywords.navigateToUrl(WebUiBuiltInKeywords.groovy:187)
	at com.kms.katalon.core.webui.keyword.WebUiBuiltInKeywords$navigateToUrl$1.call(Unknown Source)
	at DES Login.run(DES Login:26)
	at com.kms.katalon.core.main.ScriptEngine.run(ScriptEngine.java:194)
	at com.kms.katalon.core.main.ScriptEngine.runScriptAsRawText(ScriptEngine.java:119)
	at com.kms.katalon.core.main.TestCaseExecutor.runScript(TestCaseExecutor.java:448)
	at com.kms.katalon.core.main.TestCaseExecutor.doExecute(TestCaseExecutor.java:439)
	at com.kms.katalon.core.main.TestCaseExecutor.processExecutionPhase(TestCaseExecutor.java:418)
	at com.kms.katalon.core.main.TestCaseExecutor.accessMainPhase(TestCaseExecutor.java:410)
	at com.kms.katalon.core.main.TestCaseExecutor.execute(TestCaseExecutor.java:285)
	at com.kms.katalon.core.main.TestCaseMain.runTestCase(TestCaseMain.java:137)
	at com.kms.katalon.core.keyword.builtin.CallTestCaseKeyword$_callTestCase_closure1.doCall(CallTestCaseKeyword.groovy:59)
	... 25 more
Caused by: org.openqa.selenium.WebDriverException: java.net.ConnectException: Failed to connect to localhost/[0:0:0:0:0:0:0:1]:14331
Build info: version: '3.141.59', revision: 'unknown', time: 'unknown'
System info: host: 'DC1ADOBLD01', ip: '10.2.20.71', os.name: 'Windows Server 2019', os.arch: 'amd64', os.version: '10.0', java.version: '17.0.7'
Driver info: driver.version: RemoteWebDriver
	at org.openqa.selenium.remote.service.DriverCommandExecutor.execute(DriverCommandExecutor.java:92)
	at org.openqa.selenium.remote.RemoteWebDriver.execute(RemoteWebDriver.java:552)
	at com.kms.katalon.selenium.driver.CChromeDriver.execute(CChromeDriver.java:19)
	at org.openqa.selenium.remote.RemoteWebDriver.get(RemoteWebDriver.java:277)
	at org.openqa.selenium.remote.RemoteWebDriver$RemoteNavigation.to(RemoteWebDriver.java:857)
	at org.openqa.selenium.support.events.EventFiringWebDriver$EventFiringNavigation.to(EventFiringWebDriver.java:569)
	at com.kms.katalon.core.webui.keyword.builtin.NavigateToUrlKeyword$_navigateToUrl_closure1.doCall(NavigateToUrlKeyword.groovy:81)
	at com.kms.katalon.core.webui.keyword.builtin.NavigateToUrlKeyword$_navigateToUrl_closure1.call(NavigateToUrlKeyword.groovy)
	at com.kms.katalon.core.webui.keyword.internal.WebUIKeywordMain.runKeyword(WebUIKeywordMain.groovy:35)
	at com.kms.katalon.core.webui.keyword.builtin.NavigateToUrlKeyword.navigateToUrl(NavigateToUrlKeyword.groovy:83)
	at com.kms.katalon.core.webui.keyword.builtin.NavigateToUrlKeyword.execute(NavigateToUrlKeyword.groovy:67)
	at com.kms.katalon.core.keyword.internal.KeywordExecutor.executeKeywordForPlatform(KeywordExecutor.groovy:74)
	at com.kms.katalon.core.webui.keyword.WebUiBuiltInKeywords.navigateToUrl(WebUiBuiltInKeywords.groovy:187)
	at com.kms.katalon.core.webui.keyword.WebUiBuiltInKeywords$navigateToUrl$1.call(Unknown Source)
	at Script1749499513693.run(Script1749499513693.groovy:26)
	at com.kms.katalon.core.main.ScriptEngine.run(ScriptEngine.java:194)
	at com.kms.katalon.core.main.ScriptEngine.runScriptAsRawText(ScriptEngine.java:119)
	at com.kms.katalon.core.main.TestCaseExecutor.runScript(TestCaseExecutor.java:448)
	at com.kms.katalon.core.main.TestCaseExecutor.doExecute(TestCaseExecutor.java:439)
	at com.kms.katalon.core.main.TestCaseExecutor.processExecutionPhase(TestCaseExecutor.java:418)
	at com.kms.katalon.core.main.TestCaseExecutor.accessMainPhase(TestCaseExecutor.java:410)
	at com.kms.katalon.core.main.TestCaseExecutor.execute(TestCaseExecutor.java:285)
	at com.kms.katalon.core.main.TestCaseMain.runTestCase(TestCaseMain.java:137)
	at com.kms.katalon.core.keyword.builtin.CallTestCaseKeyword$_callTestCase_closure1.doCall(CallTestCaseKeyword.groovy:59)
	at com.kms.katalon.core.keyword.builtin.CallTestCaseKeyword$_callTestCase_closure1.call(CallTestCaseKeyword.groovy)
	at com.kms.katalon.core.keyword.internal.KeywordMain.runKeyword(KeywordMain.groovy:75)
	at com.kms.katalon.core.keyword.builtin.CallTestCaseKeyword.callTestCase(CallTestCaseKeyword.groovy:81)
	at com.kms.katalon.core.keyword.builtin.CallTestCaseKeyword.execute(CallTestCaseKeyword.groovy:44)
	at com.kms.katalon.core.keyword.internal.KeywordExecutor.executeKeywordForPlatform(KeywordExecutor.groovy:74)
	at com.kms.katalon.core.keyword.BuiltinKeywords.callTestCase(BuiltinKeywords.groovy:310)
	at jdk.internal.reflect.GeneratedMethodAccessor41.invoke(Unknown Source)
	at java.base/jdk.internal.reflect.DelegatingMethodAccessorImpl.invoke(DelegatingMethodAccessorImpl.java:43)
	at Script1685554081322.run(Script1685554081322.groovy:20)
	... 16 more
Caused by: java.net.ConnectException: Failed to connect to localhost/[0:0:0:0:0:0:0:1]:14331
	at okhttp3.internal.connection.RealConnection.connectSocket(RealConnection.java:247)
	at okhttp3.internal.connection.RealConnection.connect(RealConnection.java:165)
	at okhttp3.internal.connection.StreamAllocation.findConnection(StreamAllocation.java:257)
	at okhttp3.internal.connection.StreamAllocation.findHealthyConnection(StreamAllocation.java:135)
	at okhttp3.internal.connection.StreamAllocation.newStream(StreamAllocation.java:114)
	at okhttp3.internal.connection.ConnectInterceptor.intercept(ConnectInterceptor.java:42)
	at okhttp3.internal.http.RealInterceptorChain.proceed(RealInterceptorChain.java:147)
	at okhttp3.internal.http.RealInterceptorChain.proceed(RealInterceptorChain.java:121)
	at okhttp3.internal.cache.CacheInterceptor.intercept(CacheInterceptor.java:93)
	at okhttp3.internal.http.RealInterceptorChain.proceed(RealInterceptorChain.java:147)
	at okhttp3.internal.http.RealInterceptorChain.proceed(RealInterceptorChain.java:121)
	at okhttp3.internal.http.BridgeInterceptor.intercept(BridgeInterceptor.java:93)
	at okhttp3.internal.http.RealInterceptorChain.proceed(RealInterceptorChain.java:147)
	at okhttp3.internal.http.RetryAndFollowUpInterceptor.intercept(RetryAndFollowUpInterceptor.java:126)
	at okhttp3.internal.http.RealInterceptorChain.proceed(RealInterceptorChain.java:147)
	at okhttp3.internal.http.RealInterceptorChain.proceed(RealInterceptorChain.java:121)
	at okhttp3.RealCall.getResponseWithInterceptorChain(RealCall.java:200)
	at okhttp3.RealCall.execute(RealCall.java:77)
	at org.openqa.selenium.remote.internal.OkHttpClient.execute(OkHttpClient.java:103)
	at org.openqa.selenium.remote.HttpCommandExecutor.execute(HttpCommandExecutor.java:155)
	at org.openqa.selenium.remote.service.DriverCommandExecutor.execute(DriverCommandExecutor.java:83)
	... 48 more
Caused by: java.net.ConnectException: Connection refused: no further information
	at okhttp3.internal.platform.Platform.connectSocket(Platform.java:129)
	at okhttp3.internal.connection.RealConnection.connectSocket(RealConnection.java:245)
	at okhttp3.internal.connection.RealConnection.connect(RealConnection.java:165)
	at okhttp3.internal.connection.StreamAllocation.findConnection(StreamAllocation.java:257)
	at okhttp3.internal.connection.StreamAllocation.findHealthyConnection(StreamAllocation.java:135)
	at okhttp3.internal.connection.StreamAllocation.newStream(StreamAllocation.java:114)
	at okhttp3.internal.connection.ConnectInterceptor.intercept(ConnectInterceptor.java:42)
	at okhttp3.internal.http.RealInterceptorChain.proceed(RealInterceptorChain.java:147)
	at okhttp3.internal.http.RealInterceptorChain.proceed(RealInterceptorChain.java:121)
	at okhttp3.internal.cache.CacheInterceptor.intercept(CacheInterceptor.java:93)
	at okhttp3.internal.http.RealInterceptorChain.proceed(RealInterceptorChain.java:147)
	at okhttp3.internal.http.RealInterceptorChain.proceed(RealInterceptorChain.java:121)
	at okhttp3.internal.http.BridgeInterceptor.intercept(BridgeInterceptor.java:93)
	at okhttp3.internal.http.RealInterceptorChain.proceed(RealInterceptorChain.java:147)
	at okhttp3.internal.http.RetryAndFollowUpInterceptor.intercept(RetryAndFollowUpInterceptor.java:126)
	at okhttp3.internal.http.RealInterceptorChain.proceed(RealInterceptorChain.java:147)
	at okhttp3.internal.http.RealInterceptorChain.proceed(RealInterceptorChain.java:121)
	at okhttp3.RealCall.getResponseWithInterceptorChain(RealCall.java:200)
	at okhttp3.RealCall.execute(RealCall.java:77)
	at org.openqa.selenium.remote.internal.OkHttpClient.execute(OkHttpClient.java:103)
	at org.openqa.selenium.remote.HttpCommandExecutor.execute(HttpCommandExecutor.java:155)
	at org.openqa.selenium.remote.service.DriverCommandExecutor.execute(DriverCommandExecutor.java:83)
	at org.openqa.selenium.remote.RemoteWebDriver.execute(RemoteWebDriver.java:552)
	at com.kms.katalon.selenium.driver.CChromeDriver.execute(CChromeDriver.java:19)
	at org.openqa.selenium.remote.RemoteWebDriver.get(RemoteWebDriver.java:277)
	at org.openqa.selenium.remote.RemoteWebDriver$RemoteNavigation.to(RemoteWebDriver.java:857)
	at org.openqa.selenium.support.events.EventFiringWebDriver$EventFiringNavigation.to(EventFiringWebDriver.java:569)
	at com.kms.katalon.core.webui.keyword.builtin.NavigateToUrlKeyword$_navigateToUrl_closure1.doCall(NavigateToUrlKeyword.groovy:81)
	at com.kms.katalon.core.webui.keyword.builtin.NavigateToUrlKeyword$_navigateToUrl_closure1.call(NavigateToUrlKeyword.groovy)
	at com.kms.katalon.core.webui.keyword.internal.WebUIKeywordMain.runKeyword(WebUIKeywordMain.groovy:35)
	at com.kms.katalon.core.webui.keyword.builtin.NavigateToUrlKeyword.navigateToUrl(NavigateToUrlKeyword.groovy:83)
	at com.kms.katalon.core.webui.keyword.builtin.NavigateToUrlKeyword.execute(NavigateToUrlKeyword.groovy:67)
	at com.kms.katalon.core.keyword.internal.KeywordExecutor.executeKeywordForPlatform(KeywordExecutor.groovy:74)
	at com.kms.katalon.core.webui.keyword.WebUiBuiltInKeywords.navigateToUrl(WebUiBuiltInKeywords.groovy:187)
	at com.kms.katalon.core.webui.keyword.WebUiBuiltInKeywords$navigateToUrl$1.call(Unknown Source)
	at DES Login.run(DES Login:26)
	at com.kms.katalon.core.main.ScriptEngine.run(ScriptEngine.java:194)
	at com.kms.katalon.core.main.ScriptEngine.runScriptAsRawText(ScriptEngine.java:119)
	at com.kms.katalon.core.main.TestCaseExecutor.runScript(TestCaseExecutor.java:448)
	at com.kms.katalon.core.main.TestCaseExecutor.doExecute(TestCaseExecutor.java:439)
	at com.kms.katalon.core.main.TestCaseExecutor.processExecutionPhase(TestCaseExecutor.java:418)
	at com.kms.katalon.core.main.TestCaseExecutor.accessMainPhase(TestCaseExecutor.java:410)
	at com.kms.katalon.core.main.TestCaseExecutor.execute(TestCaseExecutor.java:285)
	at com.kms.katalon.core.main.TestCaseMain.runTestCase(TestCaseMain.java:137)
	at com.kms.katalon.core.keyword.builtin.CallTestCaseKeyword$_callTestCase_closure1.doCall(CallTestCaseKeyword.groovy:59)
	at com.kms.katalon.core.keyword.builtin.CallTestCaseKeyword$_callTestCase_closure1.call(CallTestCaseKeyword.groovy)
	at com.kms.katalon.core.keyword.internal.KeywordMain.runKeyword(KeywordMain.groovy:75)
	at com.kms.katalon.core.keyword.builtin.CallTestCaseKeyword.callTestCase(CallTestCaseKeyword.groovy:81)
	at com.kms.katalon.core.keyword.builtin.CallTestCaseKeyword.execute(CallTestCaseKeyword.groovy:44)
	at com.kms.katalon.core.keyword.internal.KeywordExecutor.executeKeywordForPlatform(KeywordExecutor.groovy:74)
	at com.kms.katalon.core.keyword.BuiltinKeywords.callTestCase(BuiltinKeywords.groovy:310)
	at jdk.internal.reflect.GeneratedMethodAccessor41.invoke(Unknown Source)
	at java.base/jdk.internal.reflect.DelegatingMethodAccessorImpl.invoke(DelegatingMethodAccessorImpl.java:43)
	at Verify Process Now for Outbound FIN-ACC.run(Verify Process Now for Outbound FIN-ACC:20)
	... 16 more
)

21-10-2025T19:09:41 - [TEST_STEP][FAILED] - Start listener action : retryOnDisconnect: null

21-10-2025T19:09:41 - [TEST_STEP][PASSED] - tcId = testCaseContext.getTestCaseId(): null

21-10-2025T19:09:41 - [TEST_STEP][PASSED] - currentRetry = retryCounts.getOrDefault(tcId, 0): null

21-10-2025T19:09:41 - [TEST_STEP][FAILED] - if (testCaseContext.getTestCaseStatus() == "FAILED" && currentRetry < MAX_RETRIES): null

21-10-2025T19:09:41 - [TEST_STEP][FAILED] - try: Unable to get the url of the current window (Root cause: com.kms.katalon.core.exception.StepFailedException: Unable to get the url of the current window
	at com.kms.katalon.core.webui.keyword.internal.WebUIKeywordMain.stepFailed(WebUIKeywordMain.groovy:117)
	at com.kms.katalon.core.webui.keyword.internal.WebUIKeywordMain.runKeyword(WebUIKeywordMain.groovy:43)
	at com.kms.katalon.core.webui.keyword.builtin.GetUrlKeyword.getUrl(GetUrlKeyword.groovy:76)
	at com.kms.katalon.core.webui.keyword.builtin.GetUrlKeyword.execute(GetUrlKeyword.groovy:66)
	at com.kms.katalon.core.keyword.internal.KeywordExecutor.executeKeywordForPlatform(KeywordExecutor.groovy:74)
	at com.kms.katalon.core.webui.keyword.WebUiBuiltInKeywords.getUrl(WebUiBuiltInKeywords.groovy:276)
	at com.kms.katalon.core.webui.keyword.WebUiBuiltInKeywords$getUrl$14.call(Unknown Source)
	at WebDriverRetryListener.retryOnDisconnect(WebDriverRecoveryListener.groovy:22)
	at jdk.internal.reflect.GeneratedMethodAccessor47.invoke(Unknown Source)
	at java.base/jdk.internal.reflect.DelegatingMethodAccessorImpl.invoke(DelegatingMethodAccessorImpl.java:43)
	at com.kms.katalon.core.context.internal.TestHooker.invokeMethod(TestHooker.java:111)
	at com.kms.katalon.core.context.internal.TestHooker.lambda$3(TestHooker.java:95)
	at com.kms.katalon.core.context.internal.TestHooker.invokeContextMethods(TestHooker.java:94)
	at com.kms.katalon.core.context.internal.TestListenerCollector.lambda$3(TestListenerCollector.java:88)
	at com.kms.katalon.core.context.internal.TestListenerCollector.handleListenerEvent(TestListenerCollector.java:85)
	at com.kms.katalon.core.context.internal.ExecutionEventManager.publicEvent(ExecutionEventManager.java:36)
	at com.kms.katalon.core.main.TestCaseExecutor.execute(TestCaseExecutor.java:315)
	at com.kms.katalon.core.common.CommonExecutor.accessTestCaseMainPhase(CommonExecutor.java:65)
	at com.kms.katalon.core.main.TestSuiteExecutor.accessTestSuiteMainPhase(TestSuiteExecutor.java:150)
	at com.kms.katalon.core.main.TestSuiteExecutor.execute(TestSuiteExecutor.java:106)
	at com.kms.katalon.core.main.TestCaseMain.startTestSuite(TestCaseMain.java:180)
	at com.kms.katalon.core.main.TestCaseMain$startTestSuite$0.call(Unknown Source)
	at TempTestSuite1761084128061.run(TempTestSuite1761084128061.groovy:35)
	at java.base/jdk.internal.reflect.NativeMethodAccessorImpl.invoke0(Native Method)
	at java.base/jdk.internal.reflect.NativeMethodAccessorImpl.invoke(NativeMethodAccessorImpl.java:77)
	at java.base/jdk.internal.reflect.DelegatingMethodAccessorImpl.invoke(DelegatingMethodAccessorImpl.java:43)
Caused by: org.openqa.selenium.WebDriverException: java.net.ConnectException: Failed to connect to localhost/[0:0:0:0:0:0:0:1]:14331
Build info: version: '3.141.59', revision: 'unknown', time: 'unknown'
System info: host: 'DC1ADOBLD01', ip: '10.2.20.71', os.name: 'Windows Server 2019', os.arch: 'amd64', os.version: '10.0', java.version: '17.0.7'
Driver info: driver.version: EventFiringWebDriver
	at org.openqa.selenium.remote.service.DriverCommandExecutor.execute(DriverCommandExecutor.java:92)
	at org.openqa.selenium.remote.RemoteWebDriver.execute(RemoteWebDriver.java:552)
	at com.kms.katalon.selenium.driver.CChromeDriver.execute(CChromeDriver.java:19)
	at org.openqa.selenium.remote.RemoteWebDriver.execute(RemoteWebDriver.java:609)
	at org.openqa.selenium.remote.RemoteWebDriver.getCurrentUrl(RemoteWebDriver.java:287)
	at java.base/jdk.internal.reflect.NativeMethodAccessorImpl.invoke0(Native Method)
	at java.base/jdk.internal.reflect.NativeMethodAccessorImpl.invoke(NativeMethodAccessorImpl.java:77)
	at java.base/jdk.internal.reflect.DelegatingMethodAccessorImpl.invoke(DelegatingMethodAccessorImpl.java:43)
	at org.openqa.selenium.support.events.EventFiringWebDriver.lambda$new$1(EventFiringWebDriver.java:105)
	at jdk.proxy2/jdk.proxy2.$Proxy26.getCurrentUrl(Unknown Source)
	at org.openqa.selenium.support.events.EventFiringWebDriver.getCurrentUrl(EventFiringWebDriver.java:171)
	at com.kms.katalon.core.webui.keyword.builtin.GetUrlKeyword$_getUrl_closure1.doCall(GetUrlKeyword.groovy:73)
	at com.kms.katalon.core.webui.keyword.builtin.GetUrlKeyword$_getUrl_closure1.call(GetUrlKeyword.groovy)
	at com.kms.katalon.core.webui.keyword.internal.WebUIKeywordMain.runKeyword(WebUIKeywordMain.groovy:35)
	... 24 more
Caused by: java.net.ConnectException: Failed to connect to localhost/[0:0:0:0:0:0:0:1]:14331
	at okhttp3.internal.connection.RealConnection.connectSocket(RealConnection.java:247)
	at okhttp3.internal.connection.RealConnection.connect(RealConnection.java:165)
	at okhttp3.internal.connection.StreamAllocation.findConnection(StreamAllocation.java:257)
	at okhttp3.internal.connection.StreamAllocation.findHealthyConnection(StreamAllocation.java:135)
	at okhttp3.internal.connection.StreamAllocation.newStream(StreamAllocation.java:114)
	at okhttp3.internal.connection.ConnectInterceptor.intercept(ConnectInterceptor.java:42)
	at okhttp3.internal.http.RealInterceptorChain.proceed(RealInterceptorChain.java:147)
	at okhttp3.internal.http.RealInterceptorChain.proceed(RealInterceptorChain.java:121)
	at okhttp3.internal.cache.CacheInterceptor.intercept(CacheInterceptor.java:93)
	at okhttp3.internal.http.RealInterceptorChain.proceed(RealInterceptorChain.java:147)
	at okhttp3.internal.http.RealInterceptorChain.proceed(RealInterceptorChain.java:121)
	at okhttp3.internal.http.BridgeInterceptor.intercept(BridgeInterceptor.java:93)
	at okhttp3.internal.http.RealInterceptorChain.proceed(RealInterceptorChain.java:147)
	at okhttp3.internal.http.RetryAndFollowUpInterceptor.intercept(RetryAndFollowUpInterceptor.java:126)
	at okhttp3.internal.http.RealInterceptorChain.proceed(RealInterceptorChain.java:147)
	at okhttp3.internal.http.RealInterceptorChain.proceed(RealInterceptorChain.java:121)
	at okhttp3.RealCall.getResponseWithInterceptorChain(RealCall.java:200)
	at okhttp3.RealCall.execute(RealCall.java:77)
	at org.openqa.selenium.remote.internal.OkHttpClient.execute(OkHttpClient.java:103)
	at org.openqa.selenium.remote.HttpCommandExecutor.execute(HttpCommandExecutor.java:155)
	at org.openqa.selenium.remote.service.DriverCommandExecutor.execute(DriverCommandExecutor.java:83)
	... 37 more
Caused by: java.net.ConnectException: Connection refused: no further information
	at okhttp3.internal.platform.Platform.connectSocket(Platform.java:129)
	at okhttp3.internal.connection.RealConnection.connectSocket(RealConnection.java:245)
	... 57 more
)

21-10-2025T19:09:41 - [TEST_STEP][PASSED] - comment(Checking for WebDriver disconnect for test case: $tcId): Checking for WebDriver disconnect for test case: Test Cases/DES/Trading Partners Page/Subscription/Verify Process Now for Outbound FIN-ACC

21-10-2025T19:09:41 - [MESSAGE][INFO] - Checking for WebDriver disconnect for test case: Test Cases/DES/Trading Partners Page/Subscription/Verify Process Now for Outbound FIN-ACC

21-10-2025T19:09:41 - [TEST_STEP][FAILED] - getUrl(): Unable to get the url of the current window (Root cause: com.kms.katalon.core.exception.StepFailedException: Unable to get the url of the current window
	at com.kms.katalon.core.webui.keyword.internal.WebUIKeywordMain.stepFailed(WebUIKeywordMain.groovy:117)
	at com.kms.katalon.core.webui.keyword.internal.WebUIKeywordMain.runKeyword(WebUIKeywordMain.groovy:43)
	at com.kms.katalon.core.webui.keyword.builtin.GetUrlKeyword.getUrl(GetUrlKeyword.groovy:76)
	at com.kms.katalon.core.webui.keyword.builtin.GetUrlKeyword.execute(GetUrlKeyword.groovy:66)
	at com.kms.katalon.core.keyword.internal.KeywordExecutor.executeKeywordForPlatform(KeywordExecutor.groovy:74)
	at com.kms.katalon.core.webui.keyword.WebUiBuiltInKeywords.getUrl(WebUiBuiltInKeywords.groovy:276)
	at com.kms.katalon.core.webui.keyword.WebUiBuiltInKeywords$getUrl$14.call(Unknown Source)
	at WebDriverRetryListener.retryOnDisconnect(WebDriverRecoveryListener.groovy:22)
	at jdk.internal.reflect.GeneratedMethodAccessor47.invoke(Unknown Source)
	at java.base/jdk.internal.reflect.DelegatingMethodAccessorImpl.invoke(DelegatingMethodAccessorImpl.java:43)
	at com.kms.katalon.core.context.internal.TestHooker.invokeMethod(TestHooker.java:111)
	at com.kms.katalon.core.context.internal.TestHooker.lambda$3(TestHooker.java:95)
	at com.kms.katalon.core.context.internal.TestHooker.invokeContextMethods(TestHooker.java:94)
	at com.kms.katalon.core.context.internal.TestListenerCollector.lambda$3(TestListenerCollector.java:88)
	at com.kms.katalon.core.context.internal.TestListenerCollector.handleListenerEvent(TestListenerCollector.java:85)
	at com.kms.katalon.core.context.internal.ExecutionEventManager.publicEvent(ExecutionEventManager.java:36)
	at com.kms.katalon.core.main.TestCaseExecutor.execute(TestCaseExecutor.java:315)
	at com.kms.katalon.core.common.CommonExecutor.accessTestCaseMainPhase(CommonExecutor.java:65)
	at com.kms.katalon.core.main.TestSuiteExecutor.accessTestSuiteMainPhase(TestSuiteExecutor.java:150)
	at com.kms.katalon.core.main.TestSuiteExecutor.execute(TestSuiteExecutor.java:106)
	at com.kms.katalon.core.main.TestCaseMain.startTestSuite(TestCaseMain.java:180)
	at com.kms.katalon.core.main.TestCaseMain$startTestSuite$0.call(Unknown Source)
	at TempTestSuite1761084128061.run(TempTestSuite1761084128061.groovy:35)
	at java.base/jdk.internal.reflect.NativeMethodAccessorImpl.invoke0(Native Method)
	at java.base/jdk.internal.reflect.NativeMethodAccessorImpl.invoke(NativeMethodAccessorImpl.java:77)
	at java.base/jdk.internal.reflect.DelegatingMethodAccessorImpl.invoke(DelegatingMethodAccessorImpl.java:43)
Caused by: org.openqa.selenium.WebDriverException: java.net.ConnectException: Failed to connect to localhost/[0:0:0:0:0:0:0:1]:14331
Build info: version: '3.141.59', revision: 'unknown', time: 'unknown'
System info: host: 'DC1ADOBLD01', ip: '10.2.20.71', os.name: 'Windows Server 2019', os.arch: 'amd64', os.version: '10.0', java.version: '17.0.7'
Driver info: driver.version: EventFiringWebDriver
	at org.openqa.selenium.remote.service.DriverCommandExecutor.execute(DriverCommandExecutor.java:92)
	at org.openqa.selenium.remote.RemoteWebDriver.execute(RemoteWebDriver.java:552)
	at com.kms.katalon.selenium.driver.CChromeDriver.execute(CChromeDriver.java:19)
	at org.openqa.selenium.remote.RemoteWebDriver.execute(RemoteWebDriver.java:609)
	at org.openqa.selenium.remote.RemoteWebDriver.getCurrentUrl(RemoteWebDriver.java:287)
	at java.base/jdk.internal.reflect.NativeMethodAccessorImpl.invoke0(Native Method)
	at java.base/jdk.internal.reflect.NativeMethodAccessorImpl.invoke(NativeMethodAccessorImpl.java:77)
	at java.base/jdk.internal.reflect.DelegatingMethodAccessorImpl.invoke(DelegatingMethodAccessorImpl.java:43)
	at org.openqa.selenium.support.events.EventFiringWebDriver.lambda$new$1(EventFiringWebDriver.java:105)
	at jdk.proxy2/jdk.proxy2.$Proxy26.getCurrentUrl(Unknown Source)
	at org.openqa.selenium.support.events.EventFiringWebDriver.getCurrentUrl(EventFiringWebDriver.java:171)
	at com.kms.katalon.core.webui.keyword.builtin.GetUrlKeyword$_getUrl_closure1.doCall(GetUrlKeyword.groovy:73)
	at com.kms.katalon.core.webui.keyword.builtin.GetUrlKeyword$_getUrl_closure1.call(GetUrlKeyword.groovy)
	at com.kms.katalon.core.webui.keyword.internal.WebUIKeywordMain.runKeyword(WebUIKeywordMain.groovy:35)
	... 24 more
Caused by: java.net.ConnectException: Failed to connect to localhost/[0:0:0:0:0:0:0:1]:14331
	at okhttp3.internal.connection.RealConnection.connectSocket(RealConnection.java:247)
	at okhttp3.internal.connection.RealConnection.connect(RealConnection.java:165)
	at okhttp3.internal.connection.StreamAllocation.findConnection(StreamAllocation.java:257)
	at okhttp3.internal.connection.StreamAllocation.findHealthyConnection(StreamAllocation.java:135)
	at okhttp3.internal.connection.StreamAllocation.newStream(StreamAllocation.java:114)
	at okhttp3.internal.connection.ConnectInterceptor.intercept(ConnectInterceptor.java:42)
	at okhttp3.internal.http.RealInterceptorChain.proceed(RealInterceptorChain.java:147)
	at okhttp3.internal.http.RealInterceptorChain.proceed(RealInterceptorChain.java:121)
	at okhttp3.internal.cache.CacheInterceptor.intercept(CacheInterceptor.java:93)
	at okhttp3.internal.http.RealInterceptorChain.proceed(RealInterceptorChain.java:147)
	at okhttp3.internal.http.RealInterceptorChain.proceed(RealInterceptorChain.java:121)
	at okhttp3.internal.http.BridgeInterceptor.intercept(BridgeInterceptor.java:93)
	at okhttp3.internal.http.RealInterceptorChain.proceed(RealInterceptorChain.java:147)
	at okhttp3.internal.http.RetryAndFollowUpInterceptor.intercept(RetryAndFollowUpInterceptor.java:126)
	at okhttp3.internal.http.RealInterceptorChain.proceed(RealInterceptorChain.java:147)
	at okhttp3.internal.http.RealInterceptorChain.proceed(RealInterceptorChain.java:121)
	at okhttp3.RealCall.getResponseWithInterceptorChain(RealCall.java:200)
	at okhttp3.RealCall.execute(RealCall.java:77)
	at org.openqa.selenium.remote.internal.OkHttpClient.execute(OkHttpClient.java:103)
	at org.openqa.selenium.remote.HttpCommandExecutor.execute(HttpCommandExecutor.java:155)
	at org.openqa.selenium.remote.service.DriverCommandExecutor.execute(DriverCommandExecutor.java:83)
	... 37 more
Caused by: java.net.ConnectException: Connection refused: no further information
	at okhttp3.internal.platform.Platform.connectSocket(Platform.java:129)
	at okhttp3.internal.connection.RealConnection.connectSocket(RealConnection.java:245)
	... 57 more
)

21-10-2025T19:09:41 - [MESSAGE][FAILED] - Unable to get the url of the current window (Root cause: com.kms.katalon.core.exception.StepFailedException: Unable to get the url of the current window
	at com.kms.katalon.core.webui.keyword.internal.WebUIKeywordMain.stepFailed(WebUIKeywordMain.groovy:117)
	at com.kms.katalon.core.webui.keyword.internal.WebUIKeywordMain.runKeyword(WebUIKeywordMain.groovy:43)
	at com.kms.katalon.core.webui.keyword.builtin.GetUrlKeyword.getUrl(GetUrlKeyword.groovy:76)
	at com.kms.katalon.core.webui.keyword.builtin.GetUrlKeyword.execute(GetUrlKeyword.groovy:66)
	at com.kms.katalon.core.keyword.internal.KeywordExecutor.executeKeywordForPlatform(KeywordExecutor.groovy:74)
	at com.kms.katalon.core.webui.keyword.WebUiBuiltInKeywords.getUrl(WebUiBuiltInKeywords.groovy:276)
	at com.kms.katalon.core.webui.keyword.WebUiBuiltInKeywords$getUrl$14.call(Unknown Source)
	at WebDriverRetryListener.retryOnDisconnect(WebDriverRecoveryListener.groovy:22)
	at jdk.internal.reflect.GeneratedMethodAccessor47.invoke(Unknown Source)
	at java.base/jdk.internal.reflect.DelegatingMethodAccessorImpl.invoke(DelegatingMethodAccessorImpl.java:43)
	at com.kms.katalon.core.context.internal.TestHooker.invokeMethod(TestHooker.java:111)
	at com.kms.katalon.core.context.internal.TestHooker.lambda$3(TestHooker.java:95)
	at com.kms.katalon.core.context.internal.TestHooker.invokeContextMethods(TestHooker.java:94)
	at com.kms.katalon.core.context.internal.TestListenerCollector.lambda$3(TestListenerCollector.java:88)
	at com.kms.katalon.core.context.internal.TestListenerCollector.handleListenerEvent(TestListenerCollector.java:85)
	at com.kms.katalon.core.context.internal.ExecutionEventManager.publicEvent(ExecutionEventManager.java:36)
	at com.kms.katalon.core.main.TestCaseExecutor.execute(TestCaseExecutor.java:315)
	at com.kms.katalon.core.common.CommonExecutor.accessTestCaseMainPhase(CommonExecutor.java:65)
	at com.kms.katalon.core.main.TestSuiteExecutor.accessTestSuiteMainPhase(TestSuiteExecutor.java:150)
	at com.kms.katalon.core.main.TestSuiteExecutor.execute(TestSuiteExecutor.java:106)
	at com.kms.katalon.core.main.TestCaseMain.startTestSuite(TestCaseMain.java:180)
	at com.kms.katalon.core.main.TestCaseMain$startTestSuite$0.call(Unknown Source)
	at TempTestSuite1761084128061.run(TempTestSuite1761084128061.groovy:35)
	at java.base/jdk.internal.reflect.NativeMethodAccessorImpl.invoke0(Native Method)
	at java.base/jdk.internal.reflect.NativeMethodAccessorImpl.invoke(NativeMethodAccessorImpl.java:77)
	at java.base/jdk.internal.reflect.DelegatingMethodAccessorImpl.invoke(DelegatingMethodAccessorImpl.java:43)
Caused by: org.openqa.selenium.WebDriverException: java.net.ConnectException: Failed to connect to localhost/[0:0:0:0:0:0:0:1]:14331
Build info: version: '3.141.59', revision: 'unknown', time: 'unknown'
System info: host: 'DC1ADOBLD01', ip: '10.2.20.71', os.name: 'Windows Server 2019', os.arch: 'amd64', os.version: '10.0', java.version: '17.0.7'
Driver info: driver.version: EventFiringWebDriver
	at org.openqa.selenium.remote.service.DriverCommandExecutor.execute(DriverCommandExecutor.java:92)
	at org.openqa.selenium.remote.RemoteWebDriver.execute(RemoteWebDriver.java:552)
	at com.kms.katalon.selenium.driver.CChromeDriver.execute(CChromeDriver.java:19)
	at org.openqa.selenium.remote.RemoteWebDriver.execute(RemoteWebDriver.java:609)
	at org.openqa.selenium.remote.RemoteWebDriver.getCurrentUrl(RemoteWebDriver.java:287)
	at java.base/jdk.internal.reflect.NativeMethodAccessorImpl.invoke0(Native Method)
	at java.base/jdk.internal.reflect.NativeMethodAccessorImpl.invoke(NativeMethodAccessorImpl.java:77)
	at java.base/jdk.internal.reflect.DelegatingMethodAccessorImpl.invoke(DelegatingMethodAccessorImpl.java:43)
	at org.openqa.selenium.support.events.EventFiringWebDriver.lambda$new$1(EventFiringWebDriver.java:105)
	at jdk.proxy2/jdk.proxy2.$Proxy26.getCurrentUrl(Unknown Source)
	at org.openqa.selenium.support.events.EventFiringWebDriver.getCurrentUrl(EventFiringWebDriver.java:171)
	at com.kms.katalon.core.webui.keyword.builtin.GetUrlKeyword$_getUrl_closure1.doCall(GetUrlKeyword.groovy:73)
	at com.kms.katalon.core.webui.keyword.builtin.GetUrlKeyword$_getUrl_closure1.call(GetUrlKeyword.groovy)
	at com.kms.katalon.core.webui.keyword.internal.WebUIKeywordMain.runKeyword(WebUIKeywordMain.groovy:35)
	... 24 more
Caused by: java.net.ConnectException: Failed to connect to localhost/[0:0:0:0:0:0:0:1]:14331
	at okhttp3.internal.connection.RealConnection.connectSocket(RealConnection.java:247)
	at okhttp3.internal.connection.RealConnection.connect(RealConnection.java:165)
	at okhttp3.internal.connection.StreamAllocation.findConnection(StreamAllocation.java:257)
	at okhttp3.internal.connection.StreamAllocation.findHealthyConnection(StreamAllocation.java:135)
	at okhttp3.internal.connection.StreamAllocation.newStream(StreamAllocation.java:114)
	at okhttp3.internal.connection.ConnectInterceptor.intercept(ConnectInterceptor.java:42)
	at okhttp3.internal.http.RealInterceptorChain.proceed(RealInterceptorChain.java:147)
	at okhttp3.internal.http.RealInterceptorChain.proceed(RealInterceptorChain.java:121)
	at okhttp3.internal.cache.CacheInterceptor.intercept(CacheInterceptor.java:93)
	at okhttp3.internal.http.RealInterceptorChain.proceed(RealInterceptorChain.java:147)
	at okhttp3.internal.http.RealInterceptorChain.proceed(RealInterceptorChain.java:121)
	at okhttp3.internal.http.BridgeInterceptor.intercept(BridgeInterceptor.java:93)
	at okhttp3.internal.http.RealInterceptorChain.proceed(RealInterceptorChain.java:147)
	at okhttp3.internal.http.RetryAndFollowUpInterceptor.intercept(RetryAndFollowUpInterceptor.java:126)
	at okhttp3.internal.http.RealInterceptorChain.proceed(RealInterceptorChain.java:147)
	at okhttp3.internal.http.RealInterceptorChain.proceed(RealInterceptorChain.java:121)
	at okhttp3.RealCall.getResponseWithInterceptorChain(RealCall.java:200)
	at okhttp3.RealCall.execute(RealCall.java:77)
	at org.openqa.selenium.remote.internal.OkHttpClient.execute(OkHttpClient.java:103)
	at org.openqa.selenium.remote.HttpCommandExecutor.execute(HttpCommandExecutor.java:155)
	at org.openqa.selenium.remote.service.DriverCommandExecutor.execute(DriverCommandExecutor.java:83)
	... 37 more
Caused by: java.net.ConnectException: Connection refused: no further information
	at okhttp3.internal.platform.Platform.connectSocket(Platform.java:129)
	at okhttp3.internal.connection.RealConnection.connectSocket(RealConnection.java:245)
	... 57 more
)

21-10-2025T19:09:41 - [TEST_STEP][ERROR] - catch (Exception e): org.codehaus.groovy.runtime.InvokerInvocationException: groovy.lang.MissingMethodException: No signature of method: WebDriverRetryListener.findTestCase() is applicable for argument types: (String) values: [Test Cases/DES/Trading Partners Page/Subscription/Verify Process Now for Outbound FIN-ACC]
	at com.kms.katalon.core.context.internal.TestHooker.invokeMethod(TestHooker.java:111)
	at com.kms.katalon.core.context.internal.TestHooker.lambda$3(TestHooker.java:95)
	at com.kms.katalon.core.context.internal.TestHooker.invokeContextMethods(TestHooker.java:94)
	at com.kms.katalon.core.context.internal.TestListenerCollector.lambda$3(TestListenerCollector.java:88)
	at com.kms.katalon.core.context.internal.TestListenerCollector.handleListenerEvent(TestListenerCollector.java:85)
	at com.kms.katalon.core.context.internal.ExecutionEventManager.publicEvent(ExecutionEventManager.java:36)
	at com.kms.katalon.core.main.TestCaseExecutor.execute(TestCaseExecutor.java:315)
	at com.kms.katalon.core.common.CommonExecutor.accessTestCaseMainPhase(CommonExecutor.java:65)
	at com.kms.katalon.core.main.TestSuiteExecutor.accessTestSuiteMainPhase(TestSuiteExecutor.java:150)
	at com.kms.katalon.core.main.TestSuiteExecutor.execute(TestSuiteExecutor.java:106)
	at com.kms.katalon.core.main.TestCaseMain.startTestSuite(TestCaseMain.java:180)
	at com.kms.katalon.core.main.TestCaseMain$startTestSuite$0.call(Unknown Source)
	at TempTestSuite1761084128061.run(TempTestSuite1761084128061.groovy:35)
	at java.base/jdk.internal.reflect.NativeMethodAccessorImpl.invoke0(Native Method)
	at java.base/jdk.internal.reflect.NativeMethodAccessorImpl.invoke(NativeMethodAccessorImpl.java:77)
	at java.base/jdk.internal.reflect.DelegatingMethodAccessorImpl.invoke(DelegatingMethodAccessorImpl.java:43)
Caused by: groovy.lang.MissingMethodException: No signature of method: WebDriverRetryListener.findTestCase() is applicable for argument types: (String) values: [Test Cases/DES/Trading Partners Page/Subscription/Verify Process Now for Outbound FIN-ACC]
	at WebDriverRetryListener.retryOnDisconnect(WebDriverRecoveryListener.groovy:32)
	at jdk.internal.reflect.GeneratedMethodAccessor47.invoke(Unknown Source)
	at java.base/jdk.internal.reflect.DelegatingMethodAccessorImpl.invoke(DelegatingMethodAccessorImpl.java:43)
	... 16 more


21-10-2025T19:09:41 - [TEST_STEP][PASSED] - retryCounts[tcId] = currentRetry + 1: null

21-10-2025T19:09:41 - [TEST_STEP][PASSED] - comment(âš  WebDriver disconnected. Retrying test case ($(currentRetry + 1)/$MAX_RETRIES)...): âš  WebDriver disconnected. Retrying test case (1/1)...

21-10-2025T19:09:41 - [MESSAGE][INFO] - âš  WebDriver disconnected. Retrying test case (1/1)...

21-10-2025T19:09:41 - [TEST_STEP][PASSED] - try: Unable to close browser (Root cause: com.kms.katalon.core.exception.StepFailedException: Unable to close browser
	at com.kms.katalon.core.webui.keyword.internal.WebUIKeywordMain.stepFailed(WebUIKeywordMain.groovy:117)
	at com.kms.katalon.core.webui.keyword.internal.WebUIKeywordMain.runKeyword(WebUIKeywordMain.groovy:43)
	at com.kms.katalon.core.webui.keyword.builtin.CloseBrowserKeyword.closeBrowser(CloseBrowserKeyword.groovy:72)
	at com.kms.katalon.core.webui.keyword.builtin.CloseBrowserKeyword.execute(CloseBrowserKeyword.groovy:67)
	at com.kms.katalon.core.keyword.internal.KeywordExecutor.executeKeywordForPlatform(KeywordExecutor.groovy:74)
	at com.kms.katalon.core.webui.keyword.WebUiBuiltInKeywords.closeBrowser(WebUiBuiltInKeywords.groovy:75)
	at com.kms.katalon.core.webui.keyword.WebUiBuiltInKeywords$closeBrowser$17.call(Unknown Source)
	at WebDriverRetryListener.retryOnDisconnect(WebDriverRecoveryListener.groovy:29)
	at jdk.internal.reflect.GeneratedMethodAccessor47.invoke(Unknown Source)
	at java.base/jdk.internal.reflect.DelegatingMethodAccessorImpl.invoke(DelegatingMethodAccessorImpl.java:43)
	at com.kms.katalon.core.context.internal.TestHooker.invokeMethod(TestHooker.java:111)
	at com.kms.katalon.core.context.internal.TestHooker.lambda$3(TestHooker.java:95)
	at com.kms.katalon.core.context.internal.TestHooker.invokeContextMethods(TestHooker.java:94)
	at com.kms.katalon.core.context.internal.TestListenerCollector.lambda$3(TestListenerCollector.java:88)
	at com.kms.katalon.core.context.internal.TestListenerCollector.handleListenerEvent(TestListenerCollector.java:85)
	at com.kms.katalon.core.context.internal.ExecutionEventManager.publicEvent(ExecutionEventManager.java:36)
	at com.kms.katalon.core.main.TestCaseExecutor.execute(TestCaseExecutor.java:315)
	at com.kms.katalon.core.common.CommonExecutor.accessTestCaseMainPhase(CommonExecutor.java:65)
	at com.kms.katalon.core.main.TestSuiteExecutor.accessTestSuiteMainPhase(TestSuiteExecutor.java:150)
	at com.kms.katalon.core.main.TestSuiteExecutor.execute(TestSuiteExecutor.java:106)
	at com.kms.katalon.core.main.TestCaseMain.startTestSuite(TestCaseMain.java:180)
	at com.kms.katalon.core.main.TestCaseMain$startTestSuite$0.call(Unknown Source)
	at TempTestSuite1761084128061.run(TempTestSuite1761084128061.groovy:35)
	at java.base/jdk.internal.reflect.NativeMethodAccessorImpl.invoke0(Native Method)
	at java.base/jdk.internal.reflect.NativeMethodAccessorImpl.invoke(NativeMethodAccessorImpl.java:77)
	at java.base/jdk.internal.reflect.DelegatingMethodAccessorImpl.invoke(DelegatingMethodAccessorImpl.java:43)
Caused by: org.openqa.selenium.WebDriverException: java.net.ConnectException: Failed to connect to localhost/[0:0:0:0:0:0:0:1]:14331
Build info: version: '3.141.59', revision: 'unknown', time: 'unknown'
System info: host: 'DC1ADOBLD01', ip: '10.2.20.71', os.name: 'Windows Server 2019', os.arch: 'amd64', os.version: '10.0', java.version: '17.0.7'
Driver info: driver.version: EventFiringWebDriver
	at org.openqa.selenium.remote.service.DriverCommandExecutor.execute(DriverCommandExecutor.java:92)
	at org.openqa.selenium.remote.RemoteWebDriver.execute(RemoteWebDriver.java:552)
	at com.kms.katalon.selenium.driver.CChromeDriver.execute(CChromeDriver.java:19)
	at org.openqa.selenium.remote.RemoteWebDriver.execute(RemoteWebDriver.java:609)
	at org.openqa.selenium.remote.RemoteWebDriver.quit(RemoteWebDriver.java:452)
	at jdk.internal.reflect.GeneratedMethodAccessor46.invoke(Unknown Source)
	at java.base/jdk.internal.reflect.DelegatingMethodAccessorImpl.invoke(DelegatingMethodAccessorImpl.java:43)
	at org.openqa.selenium.support.events.EventFiringWebDriver.lambda$new$1(EventFiringWebDriver.java:105)
	at jdk.proxy2/jdk.proxy2.$Proxy26.quit(Unknown Source)
	at org.openqa.selenium.support.events.EventFiringWebDriver.quit(EventFiringWebDriver.java:211)
	at com.kms.katalon.core.webui.driver.DriverFactory.closeWebDriver(DriverFactory.java:1608)
	at com.kms.katalon.core.webui.keyword.builtin.CloseBrowserKeyword$_closeBrowser_closure1.doCall(CloseBrowserKeyword.groovy:74)
	at com.kms.katalon.core.webui.keyword.builtin.CloseBrowserKeyword$_closeBrowser_closure1.call(CloseBrowserKeyword.groovy)
	at com.kms.katalon.core.webui.keyword.internal.WebUIKeywordMain.runKeyword(WebUIKeywordMain.groovy:35)
	... 24 more
Caused by: java.net.ConnectException: Failed to connect to localhost/[0:0:0:0:0:0:0:1]:14331
	at okhttp3.internal.connection.RealConnection.connectSocket(RealConnection.java:247)
	at okhttp3.internal.connection.RealConnection.connect(RealConnection.java:165)
	at okhttp3.internal.connection.StreamAllocation.findConnection(StreamAllocation.java:257)
	at okhttp3.internal.connection.StreamAllocation.findHealthyConnection(StreamAllocation.java:135)
	at okhttp3.internal.connection.StreamAllocation.newStream(StreamAllocation.java:114)
	at okhttp3.internal.connection.ConnectInterceptor.intercept(ConnectInterceptor.java:42)
	at okhttp3.internal.http.RealInterceptorChain.proceed(RealInterceptorChain.java:147)
	at okhttp3.internal.http.RealInterceptorChain.proceed(RealInterceptorChain.java:121)
	at okhttp3.internal.cache.CacheInterceptor.intercept(CacheInterceptor.java:93)
	at okhttp3.internal.http.RealInterceptorChain.proceed(RealInterceptorChain.java:147)
	at okhttp3.internal.http.RealInterceptorChain.proceed(RealInterceptorChain.java:121)
	at okhttp3.internal.http.BridgeInterceptor.intercept(BridgeInterceptor.java:93)
	at okhttp3.internal.http.RealInterceptorChain.proceed(RealInterceptorChain.java:147)
	at okhttp3.internal.http.RetryAndFollowUpInterceptor.intercept(RetryAndFollowUpInterceptor.java:126)
	at okhttp3.internal.http.RealInterceptorChain.proceed(RealInterceptorChain.java:147)
	at okhttp3.internal.http.RealInterceptorChain.proceed(RealInterceptorChain.java:121)
	at okhttp3.RealCall.getResponseWithInterceptorChain(RealCall.java:200)
	at okhttp3.RealCall.execute(RealCall.java:77)
	at org.openqa.selenium.remote.internal.OkHttpClient.execute(OkHttpClient.java:103)
	at org.openqa.selenium.remote.HttpCommandExecutor.execute(HttpCommandExecutor.java:155)
	at org.openqa.selenium.remote.service.DriverCommandExecutor.execute(DriverCommandExecutor.java:83)
	... 37 more
Caused by: java.net.ConnectException: Connection refused: no further information
	at okhttp3.internal.platform.Platform.connectSocket(Platform.java:129)
	at okhttp3.internal.connection.RealConnection.connectSocket(RealConnection.java:245)
	... 57 more
)

21-10-2025T19:09:41 - [TEST_STEP][PASSED] - closeBrowser(OPTIONAL): Unable to close browser (Root cause: com.kms.katalon.core.exception.StepFailedException: Unable to close browser
	at com.kms.katalon.core.webui.keyword.internal.WebUIKeywordMain.stepFailed(WebUIKeywordMain.groovy:117)
	at com.kms.katalon.core.webui.keyword.internal.WebUIKeywordMain.runKeyword(WebUIKeywordMain.groovy:43)
	at com.kms.katalon.core.webui.keyword.builtin.CloseBrowserKeyword.closeBrowser(CloseBrowserKeyword.groovy:72)
	at com.kms.katalon.core.webui.keyword.builtin.CloseBrowserKeyword.execute(CloseBrowserKeyword.groovy:67)
	at com.kms.katalon.core.keyword.internal.KeywordExecutor.executeKeywordForPlatform(KeywordExecutor.groovy:74)
	at com.kms.katalon.core.webui.keyword.WebUiBuiltInKeywords.closeBrowser(WebUiBuiltInKeywords.groovy:75)
	at com.kms.katalon.core.webui.keyword.WebUiBuiltInKeywords$closeBrowser$17.call(Unknown Source)
	at WebDriverRetryListener.retryOnDisconnect(WebDriverRecoveryListener.groovy:29)
	at jdk.internal.reflect.GeneratedMethodAccessor47.invoke(Unknown Source)
	at java.base/jdk.internal.reflect.DelegatingMethodAccessorImpl.invoke(DelegatingMethodAccessorImpl.java:43)
	at com.kms.katalon.core.context.internal.TestHooker.invokeMethod(TestHooker.java:111)
	at com.kms.katalon.core.context.internal.TestHooker.lambda$3(TestHooker.java:95)
	at com.kms.katalon.core.context.internal.TestHooker.invokeContextMethods(TestHooker.java:94)
	at com.kms.katalon.core.context.internal.TestListenerCollector.lambda$3(TestListenerCollector.java:88)
	at com.kms.katalon.core.context.internal.TestListenerCollector.handleListenerEvent(TestListenerCollector.java:85)
	at com.kms.katalon.core.context.internal.ExecutionEventManager.publicEvent(ExecutionEventManager.java:36)
	at com.kms.katalon.core.main.TestCaseExecutor.execute(TestCaseExecutor.java:315)
	at com.kms.katalon.core.common.CommonExecutor.accessTestCaseMainPhase(CommonExecutor.java:65)
	at com.kms.katalon.core.main.TestSuiteExecutor.accessTestSuiteMainPhase(TestSuiteExecutor.java:150)
	at com.kms.katalon.core.main.TestSuiteExecutor.execute(TestSuiteExecutor.java:106)
	at com.kms.katalon.core.main.TestCaseMain.startTestSuite(TestCaseMain.java:180)
	at com.kms.katalon.core.main.TestCaseMain$startTestSuite$0.call(Unknown Source)
	at TempTestSuite1761084128061.run(TempTestSuite1761084128061.groovy:35)
	at java.base/jdk.internal.reflect.NativeMethodAccessorImpl.invoke0(Native Method)
	at java.base/jdk.internal.reflect.NativeMethodAccessorImpl.invoke(NativeMethodAccessorImpl.java:77)
	at java.base/jdk.internal.reflect.DelegatingMethodAccessorImpl.invoke(DelegatingMethodAccessorImpl.java:43)
Caused by: org.openqa.selenium.WebDriverException: java.net.ConnectException: Failed to connect to localhost/[0:0:0:0:0:0:0:1]:14331
Build info: version: '3.141.59', revision: 'unknown', time: 'unknown'
System info: host: 'DC1ADOBLD01', ip: '10.2.20.71', os.name: 'Windows Server 2019', os.arch: 'amd64', os.version: '10.0', java.version: '17.0.7'
Driver info: driver.version: EventFiringWebDriver
	at org.openqa.selenium.remote.service.DriverCommandExecutor.execute(DriverCommandExecutor.java:92)
	at org.openqa.selenium.remote.RemoteWebDriver.execute(RemoteWebDriver.java:552)
	at com.kms.katalon.selenium.driver.CChromeDriver.execute(CChromeDriver.java:19)
	at org.openqa.selenium.remote.RemoteWebDriver.execute(RemoteWebDriver.java:609)
	at org.openqa.selenium.remote.RemoteWebDriver.quit(RemoteWebDriver.java:452)
	at jdk.internal.reflect.GeneratedMethodAccessor46.invoke(Unknown Source)
	at java.base/jdk.internal.reflect.DelegatingMethodAccessorImpl.invoke(DelegatingMethodAccessorImpl.java:43)
	at org.openqa.selenium.support.events.EventFiringWebDriver.lambda$new$1(EventFiringWebDriver.java:105)
	at jdk.proxy2/jdk.proxy2.$Proxy26.quit(Unknown Source)
	at org.openqa.selenium.support.events.EventFiringWebDriver.quit(EventFiringWebDriver.java:211)
	at com.kms.katalon.core.webui.driver.DriverFactory.closeWebDriver(DriverFactory.java:1608)
	at com.kms.katalon.core.webui.keyword.builtin.CloseBrowserKeyword$_closeBrowser_closure1.doCall(CloseBrowserKeyword.groovy:74)
	at com.kms.katalon.core.webui.keyword.builtin.CloseBrowserKeyword$_closeBrowser_closure1.call(CloseBrowserKeyword.groovy)
	at com.kms.katalon.core.webui.keyword.internal.WebUIKeywordMain.runKeyword(WebUIKeywordMain.groovy:35)
	... 24 more
Caused by: java.net.ConnectException: Failed to connect to localhost/[0:0:0:0:0:0:0:1]:14331
	at okhttp3.internal.connection.RealConnection.connectSocket(RealConnection.java:247)
	at okhttp3.internal.connection.RealConnection.connect(RealConnection.java:165)
	at okhttp3.internal.connection.StreamAllocation.findConnection(StreamAllocation.java:257)
	at okhttp3.internal.connection.StreamAllocation.findHealthyConnection(StreamAllocation.java:135)
	at okhttp3.internal.connection.StreamAllocation.newStream(StreamAllocation.java:114)
	at okhttp3.internal.connection.ConnectInterceptor.intercept(ConnectInterceptor.java:42)
	at okhttp3.internal.http.RealInterceptorChain.proceed(RealInterceptorChain.java:147)
	at okhttp3.internal.http.RealInterceptorChain.proceed(RealInterceptorChain.java:121)
	at okhttp3.internal.cache.CacheInterceptor.intercept(CacheInterceptor.java:93)
	at okhttp3.internal.http.RealInterceptorChain.proceed(RealInterceptorChain.java:147)
	at okhttp3.internal.http.RealInterceptorChain.proceed(RealInterceptorChain.java:121)
	at okhttp3.internal.http.BridgeInterceptor.intercept(BridgeInterceptor.java:93)
	at okhttp3.internal.http.RealInterceptorChain.proceed(RealInterceptorChain.java:147)
	at okhttp3.internal.http.RetryAndFollowUpInterceptor.intercept(RetryAndFollowUpInterceptor.java:126)
	at okhttp3.internal.http.RealInterceptorChain.proceed(RealInterceptorChain.java:147)
	at okhttp3.internal.http.RealInterceptorChain.proceed(RealInterceptorChain.java:121)
	at okhttp3.RealCall.getResponseWithInterceptorChain(RealCall.java:200)
	at okhttp3.RealCall.execute(RealCall.java:77)
	at org.openqa.selenium.remote.internal.OkHttpClient.execute(OkHttpClient.java:103)
	at org.openqa.selenium.remote.HttpCommandExecutor.execute(HttpCommandExecutor.java:155)
	at org.openqa.selenium.remote.service.DriverCommandExecutor.execute(DriverCommandExecutor.java:83)
	... 37 more
Caused by: java.net.ConnectException: Connection refused: no further information
	at okhttp3.internal.platform.Platform.connectSocket(Platform.java:129)
	at okhttp3.internal.connection.RealConnection.connectSocket(RealConnection.java:245)
	... 57 more
)

21-10-2025T19:09:41 - [MESSAGE][WARNING] - Unable to close browser (Root cause: com.kms.katalon.core.exception.StepFailedException: Unable to close browser
	at com.kms.katalon.core.webui.keyword.internal.WebUIKeywordMain.stepFailed(WebUIKeywordMain.groovy:117)
	at com.kms.katalon.core.webui.keyword.internal.WebUIKeywordMain.runKeyword(WebUIKeywordMain.groovy:43)
	at com.kms.katalon.core.webui.keyword.builtin.CloseBrowserKeyword.closeBrowser(CloseBrowserKeyword.groovy:72)
	at com.kms.katalon.core.webui.keyword.builtin.CloseBrowserKeyword.execute(CloseBrowserKeyword.groovy:67)
	at com.kms.katalon.core.keyword.internal.KeywordExecutor.executeKeywordForPlatform(KeywordExecutor.groovy:74)
	at com.kms.katalon.core.webui.keyword.WebUiBuiltInKeywords.closeBrowser(WebUiBuiltInKeywords.groovy:75)
	at com.kms.katalon.core.webui.keyword.WebUiBuiltInKeywords$closeBrowser$17.call(Unknown Source)
	at WebDriverRetryListener.retryOnDisconnect(WebDriverRecoveryListener.groovy:29)
	at jdk.internal.reflect.GeneratedMethodAccessor47.invoke(Unknown Source)
	at java.base/jdk.internal.reflect.DelegatingMethodAccessorImpl.invoke(DelegatingMethodAccessorImpl.java:43)
	at com.kms.katalon.core.context.internal.TestHooker.invokeMethod(TestHooker.java:111)
	at com.kms.katalon.core.context.internal.TestHooker.lambda$3(TestHooker.java:95)
	at com.kms.katalon.core.context.internal.TestHooker.invokeContextMethods(TestHooker.java:94)
	at com.kms.katalon.core.context.internal.TestListenerCollector.lambda$3(TestListenerCollector.java:88)
	at com.kms.katalon.core.context.internal.TestListenerCollector.handleListenerEvent(TestListenerCollector.java:85)
	at com.kms.katalon.core.context.internal.ExecutionEventManager.publicEvent(ExecutionEventManager.java:36)
	at com.kms.katalon.core.main.TestCaseExecutor.execute(TestCaseExecutor.java:315)
	at com.kms.katalon.core.common.CommonExecutor.accessTestCaseMainPhase(CommonExecutor.java:65)
	at com.kms.katalon.core.main.TestSuiteExecutor.accessTestSuiteMainPhase(TestSuiteExecutor.java:150)
	at com.kms.katalon.core.main.TestSuiteExecutor.execute(TestSuiteExecutor.java:106)
	at com.kms.katalon.core.main.TestCaseMain.startTestSuite(TestCaseMain.java:180)
	at com.kms.katalon.core.main.TestCaseMain$startTestSuite$0.call(Unknown Source)
	at TempTestSuite1761084128061.run(TempTestSuite1761084128061.groovy:35)
	at java.base/jdk.internal.reflect.NativeMethodAccessorImpl.invoke0(Native Method)
	at java.base/jdk.internal.reflect.NativeMethodAccessorImpl.invoke(NativeMethodAccessorImpl.java:77)
	at java.base/jdk.internal.reflect.DelegatingMethodAccessorImpl.invoke(DelegatingMethodAccessorImpl.java:43)
Caused by: org.openqa.selenium.WebDriverException: java.net.ConnectException: Failed to connect to localhost/[0:0:0:0:0:0:0:1]:14331
Build info: version: '3.141.59', revision: 'unknown', time: 'unknown'
System info: host: 'DC1ADOBLD01', ip: '10.2.20.71', os.name: 'Windows Server 2019', os.arch: 'amd64', os.version: '10.0', java.version: '17.0.7'
Driver info: driver.version: EventFiringWebDriver
	at org.openqa.selenium.remote.service.DriverCommandExecutor.execute(DriverCommandExecutor.java:92)
	at org.openqa.selenium.remote.RemoteWebDriver.execute(RemoteWebDriver.java:552)
	at com.kms.katalon.selenium.driver.CChromeDriver.execute(CChromeDriver.java:19)
	at org.openqa.selenium.remote.RemoteWebDriver.execute(RemoteWebDriver.java:609)
	at org.openqa.selenium.remote.RemoteWebDriver.quit(RemoteWebDriver.java:452)
	at jdk.internal.reflect.GeneratedMethodAccessor46.invoke(Unknown Source)
	at java.base/jdk.internal.reflect.DelegatingMethodAccessorImpl.invoke(DelegatingMethodAccessorImpl.java:43)
	at org.openqa.selenium.support.events.EventFiringWebDriver.lambda$new$1(EventFiringWebDriver.java:105)
	at jdk.proxy2/jdk.proxy2.$Proxy26.quit(Unknown Source)
	at org.openqa.selenium.support.events.EventFiringWebDriver.quit(EventFiringWebDriver.java:211)
	at com.kms.katalon.core.webui.driver.DriverFactory.closeWebDriver(DriverFactory.java:1608)
	at com.kms.katalon.core.webui.keyword.builtin.CloseBrowserKeyword$_closeBrowser_closure1.doCall(CloseBrowserKeyword.groovy:74)
	at com.kms.katalon.core.webui.keyword.builtin.CloseBrowserKeyword$_closeBrowser_closure1.call(CloseBrowserKeyword.groovy)
	at com.kms.katalon.core.webui.keyword.internal.WebUIKeywordMain.runKeyword(WebUIKeywordMain.groovy:35)
	... 24 more
Caused by: java.net.ConnectException: Failed to connect to localhost/[0:0:0:0:0:0:0:1]:14331
	at okhttp3.internal.connection.RealConnection.connectSocket(RealConnection.java:247)
	at okhttp3.internal.connection.RealConnection.connect(RealConnection.java:165)
	at okhttp3.internal.connection.StreamAllocation.findConnection(StreamAllocation.java:257)
	at okhttp3.internal.connection.StreamAllocation.findHealthyConnection(StreamAllocation.java:135)
	at okhttp3.internal.connection.StreamAllocation.newStream(StreamAllocation.java:114)
	at okhttp3.internal.connection.ConnectInterceptor.intercept(ConnectInterceptor.java:42)
	at okhttp3.internal.http.RealInterceptorChain.proceed(RealInterceptorChain.java:147)
	at okhttp3.internal.http.RealInterceptorChain.proceed(RealInterceptorChain.java:121)
	at okhttp3.internal.cache.CacheInterceptor.intercept(CacheInterceptor.java:93)
	at okhttp3.internal.http.RealInterceptorChain.proceed(RealInterceptorChain.java:147)
	at okhttp3.internal.http.RealInterceptorChain.proceed(RealInterceptorChain.java:121)
	at okhttp3.internal.http.BridgeInterceptor.intercept(BridgeInterceptor.java:93)
	at okhttp3.internal.http.RealInterceptorChain.proceed(RealInterceptorChain.java:147)
	at okhttp3.internal.http.RetryAndFollowUpInterceptor.intercept(RetryAndFollowUpInterceptor.java:126)
	at okhttp3.internal.http.RealInterceptorChain.proceed(RealInterceptorChain.java:147)
	at okhttp3.internal.http.RealInterceptorChain.proceed(RealInterceptorChain.java:121)
	at okhttp3.RealCall.getResponseWithInterceptorChain(RealCall.java:200)
	at okhttp3.RealCall.execute(RealCall.java:77)
	at org.openqa.selenium.remote.internal.OkHttpClient.execute(OkHttpClient.java:103)
	at org.openqa.selenium.remote.HttpCommandExecutor.execute(HttpCommandExecutor.java:155)
	at org.openqa.selenium.remote.service.DriverCommandExecutor.execute(DriverCommandExecutor.java:83)
	... 37 more
Caused by: java.net.ConnectException: Connection refused: no further information
	at okhttp3.internal.platform.Platform.connectSocket(Platform.java:129)
	at okhttp3.internal.connection.RealConnection.connectSocket(RealConnection.java:245)
	... 57 more
)

21-10-2025T19:09:41 - [TEST_STEP][ERROR] - callTestCase(findTestCase(tcId), [:], STOP_ON_FAILURE): org.codehaus.groovy.runtime.InvokerInvocationException: groovy.lang.MissingMethodException: No signature of method: WebDriverRetryListener.findTestCase() is applicable for argument types: (String) values: [Test Cases/DES/Trading Partners Page/Subscription/Verify Process Now for Outbound FIN-ACC]
	at com.kms.katalon.core.context.internal.TestHooker.invokeMethod(TestHooker.java:111)
	at com.kms.katalon.core.context.internal.TestHooker.lambda$3(TestHooker.java:95)
	at com.kms.katalon.core.context.internal.TestHooker.invokeContextMethods(TestHooker.java:94)
	at com.kms.katalon.core.context.internal.TestListenerCollector.lambda$3(TestListenerCollector.java:88)
	at com.kms.katalon.core.context.internal.TestListenerCollector.handleListenerEvent(TestListenerCollector.java:85)
	at com.kms.katalon.core.context.internal.ExecutionEventManager.publicEvent(ExecutionEventManager.java:36)
	at com.kms.katalon.core.main.TestCaseExecutor.execute(TestCaseExecutor.java:315)
	at com.kms.katalon.core.common.CommonExecutor.accessTestCaseMainPhase(CommonExecutor.java:65)
	at com.kms.katalon.core.main.TestSuiteExecutor.accessTestSuiteMainPhase(TestSuiteExecutor.java:150)
	at com.kms.katalon.core.main.TestSuiteExecutor.execute(TestSuiteExecutor.java:106)
	at com.kms.katalon.core.main.TestCaseMain.startTestSuite(TestCaseMain.java:180)
	at com.kms.katalon.core.main.TestCaseMain$startTestSuite$0.call(Unknown Source)
	at TempTestSuite1761084128061.run(TempTestSuite1761084128061.groovy:35)
	at java.base/jdk.internal.reflect.NativeMethodAccessorImpl.invoke0(Native Method)
	at java.base/jdk.internal.reflect.NativeMethodAccessorImpl.invoke(NativeMethodAccessorImpl.java:77)
	at java.base/jdk.internal.reflect.DelegatingMethodAccessorImpl.invoke(DelegatingMethodAccessorImpl.java:43)
Caused by: groovy.lang.MissingMethodException: No signature of method: WebDriverRetryListener.findTestCase() is applicable for argument types: (String) values: [Test Cases/DES/Trading Partners Page/Subscription/Verify Process Now for Outbound FIN-ACC]
	at WebDriverRetryListener.retryOnDisconnect(WebDriverRecoveryListener.groovy:32)
	at jdk.internal.reflect.GeneratedMethodAccessor47.invoke(Unknown Source)
	at java.base/jdk.internal.reflect.DelegatingMethodAccessorImpl.invoke(DelegatingMethodAccessorImpl.java:43)
	... 16 more


21-10-2025T19:09:41 - [MESSAGE][ERROR] - org.codehaus.groovy.runtime.InvokerInvocationException: groovy.lang.MissingMethodException: No signature of method: WebDriverRetryListener.findTestCase() is applicable for argument types: (String) values: [Test Cases/DES/Trading Partners Page/Subscription/Verify Process Now for Outbound FIN-ACC]
	at com.kms.katalon.core.context.internal.TestHooker.invokeMethod(TestHooker.java:111)
	at com.kms.katalon.core.context.internal.TestHooker.lambda$3(TestHooker.java:95)
	at com.kms.katalon.core.context.internal.TestHooker.invokeContextMethods(TestHooker.java:94)
	at com.kms.katalon.core.context.internal.TestListenerCollector.lambda$3(TestListenerCollector.java:88)
	at com.kms.katalon.core.context.internal.TestListenerCollector.handleListenerEvent(TestListenerCollector.java:85)
	at com.kms.katalon.core.context.internal.ExecutionEventManager.publicEvent(ExecutionEventManager.java:36)
	at com.kms.katalon.core.main.TestCaseExecutor.execute(TestCaseExecutor.java:315)
	at com.kms.katalon.core.common.CommonExecutor.accessTestCaseMainPhase(CommonExecutor.java:65)
	at com.kms.katalon.core.main.TestSuiteExecutor.accessTestSuiteMainPhase(TestSuiteExecutor.java:150)
	at com.kms.katalon.core.main.TestSuiteExecutor.execute(TestSuiteExecutor.java:106)
	at com.kms.katalon.core.main.TestCaseMain.startTestSuite(TestCaseMain.java:180)
	at com.kms.katalon.core.main.TestCaseMain$startTestSuite$0.call(Unknown Source)
	at TempTestSuite1761084128061.run(TempTestSuite1761084128061.groovy:35)
	at java.base/jdk.internal.reflect.NativeMethodAccessorImpl.invoke0(Native Method)
	at java.base/jdk.internal.reflect.NativeMethodAccessorImpl.invoke(NativeMethodAccessorImpl.java:77)
	at java.base/jdk.internal.reflect.DelegatingMethodAccessorImpl.invoke(DelegatingMethodAccessorImpl.java:43)
Caused by: groovy.lang.MissingMethodException: No signature of method: WebDriverRetryListener.findTestCase() is applicable for argument types: (String) values: [Test Cases/DES/Trading Partners Page/Subscription/Verify Process Now for Outbound FIN-ACC]
	at WebDriverRetryListener.retryOnDisconnect(WebDriverRecoveryListener.groovy:32)
	at jdk.internal.reflect.GeneratedMethodAccessor47.invoke(Unknown Source)
	at java.base/jdk.internal.reflect.DelegatingMethodAccessorImpl.invoke(DelegatingMethodAccessorImpl.java:43)
	... 16 more]]></system-out>
         <system-err><![CDATA[21-10-2025T19:09:30 - [TEST_CASE][FAILED] - Test Cases/DES/Trading Partners Page/Subscription/Verify Process Now for Outbound FIN-ACC: Test Cases/DES/Trading Partners Page/Subscription/Verify Process Now for Outbound FIN-ACC FAILED.
Reason:
com.kms.katalon.core.exception.StepFailedException: Call Test Case 'Test Cases/DES/DES Login' failed
	at com.kms.katalon.core.keyword.builtin.CallTestCaseKeyword$_callTestCase_closure1.doCall(CallTestCaseKeyword.groovy:63)
	at com.kms.katalon.core.keyword.builtin.CallTestCaseKeyword$_callTestCase_closure1.call(CallTestCaseKeyword.groovy)
	at com.kms.katalon.core.keyword.internal.KeywordMain.runKeyword(KeywordMain.groovy:75)
	at com.kms.katalon.core.keyword.builtin.CallTestCaseKeyword.callTestCase(CallTestCaseKeyword.groovy:81)
	at com.kms.katalon.core.keyword.builtin.CallTestCaseKeyword.execute(CallTestCaseKeyword.groovy:44)
	at com.kms.katalon.core.keyword.internal.KeywordExecutor.executeKeywordForPlatform(KeywordExecutor.groovy:74)
	at com.kms.katalon.core.keyword.BuiltinKeywords.callTestCase(BuiltinKeywords.groovy:310)
	at jdk.internal.reflect.GeneratedMethodAccessor41.invoke(Unknown Source)
	at java.base/jdk.internal.reflect.DelegatingMethodAccessorImpl.invoke(DelegatingMethodAccessorImpl.java:43)
	at Verify Process Now for Outbound FIN-ACC.run(Verify Process Now for Outbound FIN-ACC:20)
	at com.kms.katalon.core.main.ScriptEngine.run(ScriptEngine.java:194)
	at com.kms.katalon.core.main.ScriptEngine.runScriptAsRawText(ScriptEngine.java:119)
	at com.kms.katalon.core.main.TestCaseExecutor.runScript(TestCaseExecutor.java:448)
	at com.kms.katalon.core.main.TestCaseExecutor.doExecute(TestCaseExecutor.java:439)
	at com.kms.katalon.core.main.TestCaseExecutor.processExecutionPhase(TestCaseExecutor.java:418)
	at com.kms.katalon.core.main.TestCaseExecutor.accessMainPhase(TestCaseExecutor.java:410)
	at com.kms.katalon.core.main.TestCaseExecutor.execute(TestCaseExecutor.java:285)
	at com.kms.katalon.core.common.CommonExecutor.accessTestCaseMainPhase(CommonExecutor.java:65)
	at com.kms.katalon.core.main.TestSuiteExecutor.accessTestSuiteMainPhase(TestSuiteExecutor.java:150)
	at com.kms.katalon.core.main.TestSuiteExecutor.execute(TestSuiteExecutor.java:106)
	at com.kms.katalon.core.main.TestCaseMain.startTestSuite(TestCaseMain.java:180)
	at com.kms.katalon.core.main.TestCaseMain$startTestSuite$0.call(Unknown Source)
	at TempTestSuite1761084128061.run(TempTestSuite1761084128061.groovy:35)
	at java.base/jdk.internal.reflect.NativeMethodAccessorImpl.invoke0(Native Method)
	at java.base/jdk.internal.reflect.NativeMethodAccessorImpl.invoke(NativeMethodAccessorImpl.java:77)
	at java.base/jdk.internal.reflect.DelegatingMethodAccessorImpl.invoke(DelegatingMethodAccessorImpl.java:43)
Caused by: com.kms.katalon.core.exception.StepFailedException: Unable to navigate to 'https://dx-portal.qa.thekag.com/'
	at com.kms.katalon.core.webui.keyword.internal.WebUIKeywordMain.stepFailed(WebUIKeywordMain.groovy:117)
	at com.kms.katalon.core.webui.keyword.internal.WebUIKeywordMain.runKeyword(WebUIKeywordMain.groovy:43)
	at com.kms.katalon.core.webui.keyword.builtin.NavigateToUrlKeyword.navigateToUrl(NavigateToUrlKeyword.groovy:83)
	at com.kms.katalon.core.webui.keyword.builtin.NavigateToUrlKeyword.execute(NavigateToUrlKeyword.groovy:67)
	at com.kms.katalon.core.keyword.internal.KeywordExecutor.executeKeywordForPlatform(KeywordExecutor.groovy:74)
	at com.kms.katalon.core.webui.keyword.WebUiBuiltInKeywords.navigateToUrl(WebUiBuiltInKeywords.groovy:187)
	at com.kms.katalon.core.webui.keyword.WebUiBuiltInKeywords$navigateToUrl$1.call(Unknown Source)
	at DES Login.run(DES Login:26)
	at com.kms.katalon.core.main.ScriptEngine.run(ScriptEngine.java:194)
	at com.kms.katalon.core.main.ScriptEngine.runScriptAsRawText(ScriptEngine.java:119)
	at com.kms.katalon.core.main.TestCaseExecutor.runScript(TestCaseExecutor.java:448)
	at com.kms.katalon.core.main.TestCaseExecutor.doExecute(TestCaseExecutor.java:439)
	at com.kms.katalon.core.main.TestCaseExecutor.processExecutionPhase(TestCaseExecutor.java:418)
	at com.kms.katalon.core.main.TestCaseExecutor.accessMainPhase(TestCaseExecutor.java:410)
	at com.kms.katalon.core.main.TestCaseExecutor.execute(TestCaseExecutor.java:285)
	at com.kms.katalon.core.main.TestCaseMain.runTestCase(TestCaseMain.java:137)
	at com.kms.katalon.core.keyword.builtin.CallTestCaseKeyword$_callTestCase_closure1.doCall(CallTestCaseKeyword.groovy:59)
	... 25 more
Caused by: org.openqa.selenium.WebDriverException: java.net.ConnectException: Failed to connect to localhost/[0:0:0:0:0:0:0:1]:14331
Build info: version: '3.141.59', revision: 'unknown', time: 'unknown'
System info: host: 'DC1ADOBLD01', ip: '10.2.20.71', os.name: 'Windows Server 2019', os.arch: 'amd64', os.version: '10.0', java.version: '17.0.7'
Driver info: driver.version: RemoteWebDriver
	at org.openqa.selenium.remote.service.DriverCommandExecutor.execute(DriverCommandExecutor.java:92)
	at org.openqa.selenium.remote.RemoteWebDriver.execute(RemoteWebDriver.java:552)
	at com.kms.katalon.selenium.driver.CChromeDriver.execute(CChromeDriver.java:19)
	at org.openqa.selenium.remote.RemoteWebDriver.get(RemoteWebDriver.java:277)
	at org.openqa.selenium.remote.RemoteWebDriver$RemoteNavigation.to(RemoteWebDriver.java:857)
	at org.openqa.selenium.support.events.EventFiringWebDriver$EventFiringNavigation.to(EventFiringWebDriver.java:569)
	at com.kms.katalon.core.webui.keyword.builtin.NavigateToUrlKeyword$_navigateToUrl_closure1.doCall(NavigateToUrlKeyword.groovy:81)
	at com.kms.katalon.core.webui.keyword.builtin.NavigateToUrlKeyword$_navigateToUrl_closure1.call(NavigateToUrlKeyword.groovy)
	at com.kms.katalon.core.webui.keyword.internal.WebUIKeywordMain.runKeyword(WebUIKeywordMain.groovy:35)
	at com.kms.katalon.core.webui.keyword.builtin.NavigateToUrlKeyword.navigateToUrl(NavigateToUrlKeyword.groovy:83)
	at com.kms.katalon.core.webui.keyword.builtin.NavigateToUrlKeyword.execute(NavigateToUrlKeyword.groovy:67)
	at com.kms.katalon.core.keyword.internal.KeywordExecutor.executeKeywordForPlatform(KeywordExecutor.groovy:74)
	at com.kms.katalon.core.webui.keyword.WebUiBuiltInKeywords.navigateToUrl(WebUiBuiltInKeywords.groovy:187)
	at com.kms.katalon.core.webui.keyword.WebUiBuiltInKeywords$navigateToUrl$1.call(Unknown Source)
	at Script1749499513693.run(Script1749499513693.groovy:26)
	at com.kms.katalon.core.main.ScriptEngine.run(ScriptEngine.java:194)
	at com.kms.katalon.core.main.ScriptEngine.runScriptAsRawText(ScriptEngine.java:119)
	at com.kms.katalon.core.main.TestCaseExecutor.runScript(TestCaseExecutor.java:448)
	at com.kms.katalon.core.main.TestCaseExecutor.doExecute(TestCaseExecutor.java:439)
	at com.kms.katalon.core.main.TestCaseExecutor.processExecutionPhase(TestCaseExecutor.java:418)
	at com.kms.katalon.core.main.TestCaseExecutor.accessMainPhase(TestCaseExecutor.java:410)
	at com.kms.katalon.core.main.TestCaseExecutor.execute(TestCaseExecutor.java:285)
	at com.kms.katalon.core.main.TestCaseMain.runTestCase(TestCaseMain.java:137)
	at com.kms.katalon.core.keyword.builtin.CallTestCaseKeyword$_callTestCase_closure1.doCall(CallTestCaseKeyword.groovy:59)
	at com.kms.katalon.core.keyword.builtin.CallTestCaseKeyword$_callTestCase_closure1.call(CallTestCaseKeyword.groovy)
	at com.kms.katalon.core.keyword.internal.KeywordMain.runKeyword(KeywordMain.groovy:75)
	at com.kms.katalon.core.keyword.builtin.CallTestCaseKeyword.callTestCase(CallTestCaseKeyword.groovy:81)
	at com.kms.katalon.core.keyword.builtin.CallTestCaseKeyword.execute(CallTestCaseKeyword.groovy:44)
	at com.kms.katalon.core.keyword.internal.KeywordExecutor.executeKeywordForPlatform(KeywordExecutor.groovy:74)
	at com.kms.katalon.core.keyword.BuiltinKeywords.callTestCase(BuiltinKeywords.groovy:310)
	at jdk.internal.reflect.GeneratedMethodAccessor41.invoke(Unknown Source)
	at java.base/jdk.internal.reflect.DelegatingMethodAccessorImpl.invoke(DelegatingMethodAccessorImpl.java:43)
	at Script1685554081322.run(Script1685554081322.groovy:20)
	... 16 more
Caused by: java.net.ConnectException: Failed to connect to localhost/[0:0:0:0:0:0:0:1]:14331
	at okhttp3.internal.connection.RealConnection.connectSocket(RealConnection.java:247)
	at okhttp3.internal.connection.RealConnection.connect(RealConnection.java:165)
	at okhttp3.internal.connection.StreamAllocation.findConnection(StreamAllocation.java:257)
	at okhttp3.internal.connection.StreamAllocation.findHealthyConnection(StreamAllocation.java:135)
	at okhttp3.internal.connection.StreamAllocation.newStream(StreamAllocation.java:114)
	at okhttp3.internal.connection.ConnectInterceptor.intercept(ConnectInterceptor.java:42)
	at okhttp3.internal.http.RealInterceptorChain.proceed(RealInterceptorChain.java:147)
	at okhttp3.internal.http.RealInterceptorChain.proceed(RealInterceptorChain.java:121)
	at okhttp3.internal.cache.CacheInterceptor.intercept(CacheInterceptor.java:93)
	at okhttp3.internal.http.RealInterceptorChain.proceed(RealInterceptorChain.java:147)
	at okhttp3.internal.http.RealInterceptorChain.proceed(RealInterceptorChain.java:121)
	at okhttp3.internal.http.BridgeInterceptor.intercept(BridgeInterceptor.java:93)
	at okhttp3.internal.http.RealInterceptorChain.proceed(RealInterceptorChain.java:147)
	at okhttp3.internal.http.RetryAndFollowUpInterceptor.intercept(RetryAndFollowUpInterceptor.java:126)
	at okhttp3.internal.http.RealInterceptorChain.proceed(RealInterceptorChain.java:147)
	at okhttp3.internal.http.RealInterceptorChain.proceed(RealInterceptorChain.java:121)
	at okhttp3.RealCall.getResponseWithInterceptorChain(RealCall.java:200)
	at okhttp3.RealCall.execute(RealCall.java:77)
	at org.openqa.selenium.remote.internal.OkHttpClient.execute(OkHttpClient.java:103)
	at org.openqa.selenium.remote.HttpCommandExecutor.execute(HttpCommandExecutor.java:155)
	at org.openqa.selenium.remote.service.DriverCommandExecutor.execute(DriverCommandExecutor.java:83)
	... 48 more
Caused by: java.net.ConnectException: Connection refused: no further information
	at okhttp3.internal.platform.Platform.connectSocket(Platform.java:129)
	at okhttp3.internal.connection.RealConnection.connectSocket(RealConnection.java:245)
	at okhttp3.internal.connection.RealConnection.connect(RealConnection.java:165)
	at okhttp3.internal.connection.StreamAllocation.findConnection(StreamAllocation.java:257)
	at okhttp3.internal.connection.StreamAllocation.findHealthyConnection(StreamAllocation.java:135)
	at okhttp3.internal.connection.StreamAllocation.newStream(StreamAllocation.java:114)
	at okhttp3.internal.connection.ConnectInterceptor.intercept(ConnectInterceptor.java:42)
	at okhttp3.internal.http.RealInterceptorChain.proceed(RealInterceptorChain.java:147)
	at okhttp3.internal.http.RealInterceptorChain.proceed(RealInterceptorChain.java:121)
	at okhttp3.internal.cache.CacheInterceptor.intercept(CacheInterceptor.java:93)
	at okhttp3.internal.http.RealInterceptorChain.proceed(RealInterceptorChain.java:147)
	at okhttp3.internal.http.RealInterceptorChain.proceed(RealInterceptorChain.java:121)
	at okhttp3.internal.http.BridgeInterceptor.intercept(BridgeInterceptor.java:93)
	at okhttp3.internal.http.RealInterceptorChain.proceed(RealInterceptorChain.java:147)
	at okhttp3.internal.http.RetryAndFollowUpInterceptor.intercept(RetryAndFollowUpInterceptor.java:126)
	at okhttp3.internal.http.RealInterceptorChain.proceed(RealInterceptorChain.java:147)
	at okhttp3.internal.http.RealInterceptorChain.proceed(RealInterceptorChain.java:121)
	at okhttp3.RealCall.getResponseWithInterceptorChain(RealCall.java:200)
	at okhttp3.RealCall.execute(RealCall.java:77)
	at org.openqa.selenium.remote.internal.OkHttpClient.execute(OkHttpClient.java:103)
	at org.openqa.selenium.remote.HttpCommandExecutor.execute(HttpCommandExecutor.java:155)
	at org.openqa.selenium.remote.service.DriverCommandExecutor.execute(DriverCommandExecutor.java:83)
	at org.openqa.selenium.remote.RemoteWebDriver.execute(RemoteWebDriver.java:552)
	at com.kms.katalon.selenium.driver.CChromeDriver.execute(CChromeDriver.java:19)
	at org.openqa.selenium.remote.RemoteWebDriver.get(RemoteWebDriver.java:277)
	at org.openqa.selenium.remote.RemoteWebDriver$RemoteNavigation.to(RemoteWebDriver.java:857)
	at org.openqa.selenium.support.events.EventFiringWebDriver$EventFiringNavigation.to(EventFiringWebDriver.java:569)
	at com.kms.katalon.core.webui.keyword.builtin.NavigateToUrlKeyword$_navigateToUrl_closure1.doCall(NavigateToUrlKeyword.groovy:81)
	at com.kms.katalon.core.webui.keyword.builtin.NavigateToUrlKeyword$_navigateToUrl_closure1.call(NavigateToUrlKeyword.groovy)
	at com.kms.katalon.core.webui.keyword.internal.WebUIKeywordMain.runKeyword(WebUIKeywordMain.groovy:35)
	at com.kms.katalon.core.webui.keyword.builtin.NavigateToUrlKeyword.navigateToUrl(NavigateToUrlKeyword.groovy:83)
	at com.kms.katalon.core.webui.keyword.builtin.NavigateToUrlKeyword.execute(NavigateToUrlKeyword.groovy:67)
	at com.kms.katalon.core.keyword.internal.KeywordExecutor.executeKeywordForPlatform(KeywordExecutor.groovy:74)
	at com.kms.katalon.core.webui.keyword.WebUiBuiltInKeywords.navigateToUrl(WebUiBuiltInKeywords.groovy:187)
	at com.kms.katalon.core.webui.keyword.WebUiBuiltInKeywords$navigateToUrl$1.call(Unknown Source)
	at DES Login.run(DES Login:26)
	at com.kms.katalon.core.main.ScriptEngine.run(ScriptEngine.java:194)
	at com.kms.katalon.core.main.ScriptEngine.runScriptAsRawText(ScriptEngine.java:119)
	at com.kms.katalon.core.main.TestCaseExecutor.runScript(TestCaseExecutor.java:448)
	at com.kms.katalon.core.main.TestCaseExecutor.doExecute(TestCaseExecutor.java:439)
	at com.kms.katalon.core.main.TestCaseExecutor.processExecutionPhase(TestCaseExecutor.java:418)
	at com.kms.katalon.core.main.TestCaseExecutor.accessMainPhase(TestCaseExecutor.java:410)
	at com.kms.katalon.core.main.TestCaseExecutor.execute(TestCaseExecutor.java:285)
	at com.kms.katalon.core.main.TestCaseMain.runTestCase(TestCaseMain.java:137)
	at com.kms.katalon.core.keyword.builtin.CallTestCaseKeyword$_callTestCase_closure1.doCall(CallTestCaseKeyword.groovy:59)
	at com.kms.katalon.core.keyword.builtin.CallTestCaseKeyword$_callTestCase_closure1.call(CallTestCaseKeyword.groovy)
	at com.kms.katalon.core.keyword.internal.KeywordMain.runKeyword(KeywordMain.groovy:75)
	at com.kms.katalon.core.keyword.builtin.CallTestCaseKeyword.callTestCase(CallTestCaseKeyword.groovy:81)
	at com.kms.katalon.core.keyword.builtin.CallTestCaseKeyword.execute(CallTestCaseKeyword.groovy:44)
	at com.kms.katalon.core.keyword.internal.KeywordExecutor.executeKeywordForPlatform(KeywordExecutor.groovy:74)
	at com.kms.katalon.core.keyword.BuiltinKeywords.callTestCase(BuiltinKeywords.groovy:310)
	at jdk.internal.reflect.GeneratedMethodAccessor41.invoke(Unknown Source)
	at java.base/jdk.internal.reflect.DelegatingMethodAccessorImpl.invoke(DelegatingMethodAccessorImpl.java:43)
	at Verify Process Now for Outbound FIN-ACC.run(Verify Process Now for Outbound FIN-ACC:20)
	... 16 more]]></system-err>
      </testcase>
      <testcase name="Test Cases/DES/Trading Partners Page/Subscription/Verify Process Now for Outbound FIN-INV" time="30.964" classname="Test Cases/DES/Trading Partners Page/Subscription/Verify Process Now for Outbound FIN-INV" status="PASSED">
         <system-out><![CDATA[21-10-2025T19:09:41 - [TEST_CASE][PASSED] - Test Cases/DES/Trading Partners Page/Subscription/Verify Process Now for Outbound FIN-INV: Test Cases/DES/Trading Partners Page/Subscription/Verify Process Now for Outbound FIN-INV

21-10-2025T19:09:41 - [TEST_STEP][PASSED] - Start listener action : beforeTestCase: null

21-10-2025T19:09:41 - [TEST_STEP][PASSED] - addDefaultPackages(): null

21-10-2025T19:09:41 - [TEST_STEP][PASSED] - callTestCase(findTestCase("DES/DES Login"), [:], STOP_ON_FAILURE): Call Test Case 'Test Cases/DES/DES Login' successfully

21-10-2025T19:09:41 - [TEST_CASE][PASSED] - Test Cases/DES/DES Login: Test Cases/DES/DES Login

21-10-2025T19:09:41 - [TEST_STEP][PASSED] - openBrowser(""): Browser is opened with url: ''

21-10-2025T19:09:41 - [MESSAGE][INFO] - Starting 'Chrome' driver

21-10-2025T19:09:41 - [MESSAGE][INFO] - User set preference: ['args', '[--no-sandbox, --disable-gpu, --disable-dev-shm-usage]']

21-10-2025T19:09:41 - [MESSAGE][INFO] - Action delay is set to 0 milliseconds

21-10-2025T19:09:42 - [MESSAGE][PASSED] - Browser is opened with url: ''

21-10-2025T19:09:42 - [TEST_STEP][PASSED] - maximizeWindow(): Current window maximized

21-10-2025T19:09:42 - [MESSAGE][PASSED] - Current window maximized

21-10-2025T19:09:42 - [TEST_STEP][PASSED] - delay(10): Delayed 10 second(s)

21-10-2025T19:09:52 - [MESSAGE][PASSED] - Delayed 10 second(s)

21-10-2025T19:09:52 - [TEST_STEP][PASSED] - navigateToUrl("https://dx-portal.qa.thekag.com/"): Navigate to 'https://dx-portal.qa.thekag.com/' successfully

21-10-2025T19:09:52 - [MESSAGE][PASSED] - Navigate to 'https://dx-portal.qa.thekag.com/' successfully

21-10-2025T19:09:52 - [TEST_STEP][PASSED] - delay(5): Delayed 5 second(s)

21-10-2025T19:09:57 - [MESSAGE][PASSED] - Delayed 5 second(s)

21-10-2025T19:09:57 - [TEST_STEP][PASSED] - setText(findTestObject("Object Repository/Page_IdentityServer4/input_Username (e.g. email address)_Username"), "Chris.Sheldon+DES_QA@Thekag.com"): Text 'Chris.Sheldon+DES_QA@Thekag.com' is set on object 'Object Repository/Page_IdentityServer4/input_Username (e.g. email address)_Username'

21-10-2025T19:09:57 - [MESSAGE][PASSED] - Text 'Chris.Sheldon+DES_QA@Thekag.com' is set on object 'Object Repository/Page_IdentityServer4/input_Username (e.g. email address)_Username'

21-10-2025T19:09:57 - [TEST_STEP][PASSED] - setEncryptedText(findTestObject("Page_IdentityServer4/input_Password_Password"), "BtpyPJuZxPz9EFo3Zi2c4Q=="): Text ****** has been set on object 'Object Repository/Page_IdentityServer4/input_Password_Password'

21-10-2025T19:09:57 - [MESSAGE][PASSED] - Text ****** has been set on object 'Object Repository/Page_IdentityServer4/input_Password_Password'

21-10-2025T19:09:57 - [TEST_STEP][PASSED] - click(findTestObject("Object Repository/Page_IdentityServer4/button_Login")): Object: 'Object Repository/Page_IdentityServer4/button_Login' is clicked on

21-10-2025T19:09:57 - [MESSAGE][PASSED] - Object: 'Object Repository/Page_IdentityServer4/button_Login' is clicked on

21-10-2025T19:09:57 - [TEST_STEP][PASSED] - delay(5): Delayed 5 second(s)

21-10-2025T19:10:02 - [MESSAGE][PASSED] - Delayed 5 second(s)

21-10-2025T19:10:02 - [MESSAGE][PASSED] - Call Test Case 'Test Cases/DES/DES Login' successfully

21-10-2025T19:10:02 - [TEST_STEP][PASSED] - setText(findTestObject("DES/Trading Partners Page/Search Trading Partner_input_txt"), "PDI-Marines"): Text 'PDI-Marines' is set on object 'Object Repository/DES/Trading Partners Page/Search Trading Partner_input_txt'

21-10-2025T19:10:03 - [MESSAGE][PASSED] - Text 'PDI-Marines' is set on object 'Object Repository/DES/Trading Partners Page/Search Trading Partner_input_txt'

21-10-2025T19:10:03 - [TEST_STEP][PASSED] - delay(5): Delayed 5 second(s)

21-10-2025T19:10:08 - [MESSAGE][PASSED] - Delayed 5 second(s)

21-10-2025T19:10:08 - [TEST_STEP][PASSED] - click(findTestObject("DES/TradingPartners/Katalon Trading TP View_btn")): Object: 'Object Repository/DES/TradingPartners/Katalon Trading TP View_btn' is clicked on

21-10-2025T19:10:08 - [MESSAGE][PASSED] - Object: 'Object Repository/DES/TradingPartners/Katalon Trading TP View_btn' is clicked on

21-10-2025T19:10:08 - [TEST_STEP][PASSED] - click(findTestObject("DES/TradingPartners/Subscription/Subscription Tab")): Object: 'Object Repository/DES/TradingPartners/Subscription/Subscription Tab' is clicked on

21-10-2025T19:10:10 - [MESSAGE][PASSED] - Object: 'Object Repository/DES/TradingPartners/Subscription/Subscription Tab' is clicked on

21-10-2025T19:10:10 - [TEST_STEP][PASSED] - check(findTestObject("DES/TradingPartners/Subscription/Hide Inactive Subscription_checkbox")): Object 'Object Repository/DES/TradingPartners/Subscription/Hide Inactive Subscription_checkbox' is checked

21-10-2025T19:10:11 - [MESSAGE][PASSED] - Object 'Object Repository/DES/TradingPartners/Subscription/Hide Inactive Subscription_checkbox' is checked

21-10-2025T19:10:11 - [TEST_STEP][PASSED] - check(findTestObject("DES/TradingPartners/Subscription/Hide Inactive Transmissions_checkbox")): Object 'Object Repository/DES/TradingPartners/Subscription/Hide Inactive Transmissions_checkbox' is checked

21-10-2025T19:10:11 - [MESSAGE][PASSED] - Object 'Object Repository/DES/TradingPartners/Subscription/Hide Inactive Transmissions_checkbox' is checked

21-10-2025T19:10:11 - [TEST_STEP][PASSED] - verifyElementPresent(findTestObject("DES/TradingPartners/Subscription/Process Now_option_4th_subscription"), 30): Object 'Object Repository/DES/TradingPartners/Subscription/Process Now_option_4th_subscription' is present

21-10-2025T19:10:11 - [MESSAGE][PASSED] - Object 'Object Repository/DES/TradingPartners/Subscription/Process Now_option_4th_subscription' is present

21-10-2025T19:10:11 - [TEST_STEP][PASSED] - verifyElementClickable(findTestObject("DES/TradingPartners/Subscription/Process Now_option_4th_subscription")): Object 'Object Repository/DES/TradingPartners/Subscription/Process Now_option_4th_subscription' is clickable

21-10-2025T19:10:11 - [MESSAGE][PASSED] - Object 'Object Repository/DES/TradingPartners/Subscription/Process Now_option_4th_subscription' is clickable

21-10-2025T19:10:11 - [TEST_STEP][PASSED] - click(findTestObject("DES/TradingPartners/Subscription/Select_dropdown_btn_4th_subscription")): Object: 'Object Repository/DES/TradingPartners/Subscription/Select_dropdown_btn_4th_subscription' is clicked on

21-10-2025T19:10:11 - [MESSAGE][PASSED] - Object: 'Object Repository/DES/TradingPartners/Subscription/Select_dropdown_btn_4th_subscription' is clicked on

21-10-2025T19:10:11 - [TEST_STEP][PASSED] - click(findTestObject("DES/TradingPartners/Subscription/Process Now_option_4th_subscription")): Object: 'Object Repository/DES/TradingPartners/Subscription/Process Now_option_4th_subscription' is clicked on

21-10-2025T19:10:11 - [MESSAGE][PASSED] - Object: 'Object Repository/DES/TradingPartners/Subscription/Process Now_option_4th_subscription' is clicked on

21-10-2025T19:10:11 - [TEST_STEP][PASSED] - closeBrowser(): Browser is closed

21-10-2025T19:10:12 - [MESSAGE][PASSED] - Browser is closed

21-10-2025T19:10:12 - [TEST_STEP][PASSED] - Start listener action : retryOnDisconnect: null

21-10-2025T19:10:12 - [TEST_STEP][PASSED] - tcId = testCaseContext.getTestCaseId(): null

21-10-2025T19:10:12 - [TEST_STEP][PASSED] - currentRetry = retryCounts.getOrDefault(tcId, 0): null

21-10-2025T19:10:12 - [TEST_STEP][PASSED] - if (testCaseContext.getTestCaseStatus() == "FAILED" && currentRetry < MAX_RETRIES): null]]></system-out>
         <system-err><![CDATA[]]></system-err>
      </testcase>
      <testcase name="Test Cases/DES/Trading Partners Page/Subscription/Verify Process Now for Outbound Inventory" time="35.127" classname="Test Cases/DES/Trading Partners Page/Subscription/Verify Process Now for Outbound Inventory" status="PASSED">
         <system-out><![CDATA[21-10-2025T19:10:12 - [TEST_CASE][PASSED] - Test Cases/DES/Trading Partners Page/Subscription/Verify Process Now for Outbound Inventory: Test Cases/DES/Trading Partners Page/Subscription/Verify Process Now for Outbound Inventory

21-10-2025T19:10:12 - [TEST_STEP][PASSED] - Start listener action : beforeTestCase: null

21-10-2025T19:10:12 - [TEST_STEP][PASSED] - addDefaultPackages(): null

21-10-2025T19:10:12 - [TEST_STEP][PASSED] - callTestCase(findTestCase("DES/DES Login"), [:], STOP_ON_FAILURE): Call Test Case 'Test Cases/DES/DES Login' successfully

21-10-2025T19:10:12 - [TEST_CASE][PASSED] - Test Cases/DES/DES Login: Test Cases/DES/DES Login

21-10-2025T19:10:12 - [TEST_STEP][PASSED] - openBrowser(""): Browser is opened with url: ''

21-10-2025T19:10:12 - [MESSAGE][INFO] - Starting 'Chrome' driver

21-10-2025T19:10:12 - [MESSAGE][INFO] - User set preference: ['args', '[--no-sandbox, --disable-gpu, --disable-dev-shm-usage]']

21-10-2025T19:10:12 - [MESSAGE][INFO] - Action delay is set to 0 milliseconds

21-10-2025T19:10:13 - [MESSAGE][PASSED] - Browser is opened with url: ''

21-10-2025T19:10:13 - [TEST_STEP][PASSED] - maximizeWindow(): Current window maximized

21-10-2025T19:10:13 - [MESSAGE][PASSED] - Current window maximized

21-10-2025T19:10:13 - [TEST_STEP][PASSED] - delay(10): Delayed 10 second(s)

21-10-2025T19:10:23 - [MESSAGE][PASSED] - Delayed 10 second(s)

21-10-2025T19:10:23 - [TEST_STEP][PASSED] - navigateToUrl("https://dx-portal.qa.thekag.com/"): Navigate to 'https://dx-portal.qa.thekag.com/' successfully

21-10-2025T19:10:23 - [MESSAGE][PASSED] - Navigate to 'https://dx-portal.qa.thekag.com/' successfully

21-10-2025T19:10:23 - [TEST_STEP][PASSED] - delay(5): Delayed 5 second(s)

21-10-2025T19:10:28 - [MESSAGE][PASSED] - Delayed 5 second(s)

21-10-2025T19:10:28 - [TEST_STEP][PASSED] - setText(findTestObject("Object Repository/Page_IdentityServer4/input_Username (e.g. email address)_Username"), "Chris.Sheldon+DES_QA@Thekag.com"): Text 'Chris.Sheldon+DES_QA@Thekag.com' is set on object 'Object Repository/Page_IdentityServer4/input_Username (e.g. email address)_Username'

21-10-2025T19:10:28 - [MESSAGE][PASSED] - Text 'Chris.Sheldon+DES_QA@Thekag.com' is set on object 'Object Repository/Page_IdentityServer4/input_Username (e.g. email address)_Username'

21-10-2025T19:10:28 - [TEST_STEP][PASSED] - setEncryptedText(findTestObject("Page_IdentityServer4/input_Password_Password"), "BtpyPJuZxPz9EFo3Zi2c4Q=="): Text ****** has been set on object 'Object Repository/Page_IdentityServer4/input_Password_Password'

21-10-2025T19:10:28 - [MESSAGE][PASSED] - Text ****** has been set on object 'Object Repository/Page_IdentityServer4/input_Password_Password'

21-10-2025T19:10:29 - [TEST_STEP][PASSED] - click(findTestObject("Object Repository/Page_IdentityServer4/button_Login")): Object: 'Object Repository/Page_IdentityServer4/button_Login' is clicked on

21-10-2025T19:10:29 - [MESSAGE][PASSED] - Object: 'Object Repository/Page_IdentityServer4/button_Login' is clicked on

21-10-2025T19:10:29 - [TEST_STEP][PASSED] - delay(5): Delayed 5 second(s)

21-10-2025T19:10:34 - [MESSAGE][PASSED] - Delayed 5 second(s)

21-10-2025T19:10:34 - [MESSAGE][PASSED] - Call Test Case 'Test Cases/DES/DES Login' successfully

21-10-2025T19:10:34 - [TEST_STEP][PASSED] - setText(findTestObject("DES/Trading Partners Page/Search Trading Partner_input_txt"), "FIM FIM (Fuel Inventory"): Text 'FIM FIM (Fuel Inventory' is set on object 'Object Repository/DES/Trading Partners Page/Search Trading Partner_input_txt'

21-10-2025T19:10:34 - [MESSAGE][PASSED] - Text 'FIM FIM (Fuel Inventory' is set on object 'Object Repository/DES/Trading Partners Page/Search Trading Partner_input_txt'

21-10-2025T19:10:34 - [TEST_STEP][PASSED] - delay(5): Delayed 5 second(s)

21-10-2025T19:10:39 - [MESSAGE][PASSED] - Delayed 5 second(s)

21-10-2025T19:10:39 - [TEST_STEP][PASSED] - click(findTestObject("DES/TradingPartners/Katalon Trading TP View_btn")): Object: 'Object Repository/DES/TradingPartners/Katalon Trading TP View_btn' is clicked on

21-10-2025T19:10:40 - [MESSAGE][PASSED] - Object: 'Object Repository/DES/TradingPartners/Katalon Trading TP View_btn' is clicked on

21-10-2025T19:10:40 - [TEST_STEP][PASSED] - click(findTestObject("DES/TradingPartners/Subscription/Subscription Tab")): Object: 'Object Repository/DES/TradingPartners/Subscription/Subscription Tab' is clicked on

21-10-2025T19:10:41 - [MESSAGE][PASSED] - Object: 'Object Repository/DES/TradingPartners/Subscription/Subscription Tab' is clicked on

21-10-2025T19:10:41 - [TEST_STEP][PASSED] - verifyElementPresent(findTestObject("DES/TradingPartners/Subscription/Process Now_option_1st_subscription"), 30): Object 'Object Repository/DES/TradingPartners/Subscription/Process Now_option_1st_subscription' is present

21-10-2025T19:10:46 - [MESSAGE][PASSED] - Object 'Object Repository/DES/TradingPartners/Subscription/Process Now_option_1st_subscription' is present

21-10-2025T19:10:46 - [TEST_STEP][PASSED] - verifyElementClickable(findTestObject("DES/TradingPartners/Subscription/Process Now_option_1st_subscription")): Object 'Object Repository/DES/TradingPartners/Subscription/Process Now_option_1st_subscription' is clickable

21-10-2025T19:10:46 - [MESSAGE][PASSED] - Object 'Object Repository/DES/TradingPartners/Subscription/Process Now_option_1st_subscription' is clickable

21-10-2025T19:10:46 - [TEST_STEP][PASSED] - click(findTestObject("DES/TradingPartners/Subscription/Select_dropdown_btn_1st_subscription")): Object: 'Object Repository/DES/TradingPartners/Subscription/Select_dropdown_btn_1st_subscription' is clicked on

21-10-2025T19:10:47 - [MESSAGE][PASSED] - Object: 'Object Repository/DES/TradingPartners/Subscription/Select_dropdown_btn_1st_subscription' is clicked on

21-10-2025T19:10:47 - [TEST_STEP][PASSED] - click(findTestObject("DES/TradingPartners/Subscription/Process Now_option_1st_subscription")): Object: 'Object Repository/DES/TradingPartners/Subscription/Process Now_option_1st_subscription' is clicked on

21-10-2025T19:10:47 - [MESSAGE][PASSED] - Object: 'Object Repository/DES/TradingPartners/Subscription/Process Now_option_1st_subscription' is clicked on

21-10-2025T19:10:47 - [TEST_STEP][PASSED] - closeBrowser(): Browser is closed

21-10-2025T19:10:47 - [MESSAGE][PASSED] - Browser is closed

21-10-2025T19:10:47 - [TEST_STEP][PASSED] - Start listener action : retryOnDisconnect: null

21-10-2025T19:10:47 - [TEST_STEP][PASSED] - tcId = testCaseContext.getTestCaseId(): null

21-10-2025T19:10:47 - [TEST_STEP][PASSED] - currentRetry = retryCounts.getOrDefault(tcId, 0): null

21-10-2025T19:10:47 - [TEST_STEP][PASSED] - if (testCaseContext.getTestCaseStatus() == "FAILED" && currentRetry < MAX_RETRIES): null]]></system-out>
         <system-err><![CDATA[]]></system-err>
      </testcase>
      <testcase name="Test Cases/DES/Trading Partners Page/Subscription/Verify Process Now for Outbound LTR" time="29.598" classname="Test Cases/DES/Trading Partners Page/Subscription/Verify Process Now for Outbound LTR" status="FAILED">
         <failure type="FAILED" message="Test Cases/DES/Trading Partners Page/Subscription/Verify Process Now for Outbound LTR FAILED.&#xa;Reason:&#xa;com.kms.katalon.core.exception.StepFailedException: Unable to click on object 'Object Repository/DES/TradingPartners/Katalon Trading TP View_btn'&#xa;	at com.kms.katalon.core.webui.keyword.internal.WebUIKeywordMain.stepFailed(WebUIKeywordMain.groovy:117)&#xa;	at com.kms.katalon.core.webui.keyword.internal.WebUIKeywordMain.runKeyword(WebUIKeywordMain.groovy:43)&#xa;	at com.kms.katalon.core.webui.keyword.builtin.ClickKeyword.click(ClickKeyword.groovy:74)&#xa;	at com.kms.katalon.core.webui.keyword.builtin.ClickKeyword.execute(ClickKeyword.groovy:40)&#xa;	at com.kms.katalon.core.keyword.internal.KeywordExecutor.executeKeywordForPlatform(KeywordExecutor.groovy:74)&#xa;	at com.kms.katalon.core.webui.keyword.WebUiBuiltInKeywords.click(WebUiBuiltInKeywords.groovy:659)&#xa;	at com.kms.katalon.core.webui.keyword.WebUiBuiltInKeywords$click$4.call(Unknown Source)&#xa;	at Verify Process Now for Outbound LTR.run(Verify Process Now for Outbound LTR:26)&#xa;	at com.kms.katalon.core.main.ScriptEngine.run(ScriptEngine.java:194)&#xa;	at com.kms.katalon.core.main.ScriptEngine.runScriptAsRawText(ScriptEngine.java:119)&#xa;	at com.kms.katalon.core.main.TestCaseExecutor.runScript(TestCaseExecutor.java:448)&#xa;	at com.kms.katalon.core.main.TestCaseExecutor.doExecute(TestCaseExecutor.java:439)&#xa;	at com.kms.katalon.core.main.TestCaseExecutor.processExecutionPhase(TestCaseExecutor.java:418)&#xa;	at com.kms.katalon.core.main.TestCaseExecutor.accessMainPhase(TestCaseExecutor.java:410)&#xa;	at com.kms.katalon.core.main.TestCaseExecutor.execute(TestCaseExecutor.java:285)&#xa;	at com.kms.katalon.core.common.CommonExecutor.accessTestCaseMainPhase(CommonExecutor.java:65)&#xa;	at com.kms.katalon.core.main.TestSuiteExecutor.accessTestSuiteMainPhase(TestSuiteExecutor.java:150)&#xa;	at com.kms.katalon.core.main.TestSuiteExecutor.execute(TestSuiteExecutor.java:106)&#xa;	at com.kms.katalon.core.main.TestCaseMain.startTestSuite(TestCaseMain.java:180)&#xa;	at com.kms.katalon.core.main.TestCaseMain$startTestSuite$0.call(Unknown Source)&#xa;	at TempTestSuite1761084128061.run(TempTestSuite1761084128061.groovy:35)&#xa;	at java.base/jdk.internal.reflect.NativeMethodAccessorImpl.invoke0(Native Method)&#xa;	at java.base/jdk.internal.reflect.NativeMethodAccessorImpl.invoke(NativeMethodAccessorImpl.java:77)&#xa;	at java.base/jdk.internal.reflect.DelegatingMethodAccessorImpl.invoke(DelegatingMethodAccessorImpl.java:43)&#xa;Caused by: org.openqa.selenium.WebDriverException: java.net.ConnectException: Failed to connect to localhost/[0:0:0:0:0:0:0:1]:28468&#xa;Build info: version: '3.141.59', revision: 'unknown', time: 'unknown'&#xa;System info: host: 'DC1ADOBLD01', ip: '10.2.20.71', os.name: 'Windows Server 2019', os.arch: 'amd64', os.version: '10.0', java.version: '17.0.7'&#xa;Driver info: driver.version: EventFiringWebDriver&#xa;	at org.openqa.selenium.remote.service.DriverCommandExecutor.execute(DriverCommandExecutor.java:92)&#xa;	at org.openqa.selenium.remote.RemoteWebDriver.execute(RemoteWebDriver.java:552)&#xa;	at com.kms.katalon.selenium.driver.CChromeDriver.execute(CChromeDriver.java:19)&#xa;	at org.openqa.selenium.remote.RemoteWebDriver.findElements(RemoteWebDriver.java:353)&#xa;	at org.openqa.selenium.remote.RemoteWebDriver.findElementsByXPath(RemoteWebDriver.java:432)&#xa;	at org.openqa.selenium.By$ByXPath.findElements(By.java:348)&#xa;	at org.openqa.selenium.remote.RemoteWebDriver.findElements(RemoteWebDriver.java:311)&#xa;	at jdk.internal.reflect.GeneratedMethodAccessor9.invoke(Unknown Source)&#xa;	at java.base/jdk.internal.reflect.DelegatingMethodAccessorImpl.invoke(DelegatingMethodAccessorImpl.java:43)&#xa;	at org.openqa.selenium.support.events.EventFiringWebDriver.lambda$new$1(EventFiringWebDriver.java:105)&#xa;	at jdk.proxy2/jdk.proxy2.$Proxy26.findElements(Unknown Source)&#xa;	at org.openqa.selenium.support.events.EventFiringWebDriver.findElements(EventFiringWebDriver.java:182)&#xa;	at com.kms.katalon.core.webui.common.WebUiCommonHelper.findElementByNormalMethods(WebUiCommonHelper.java:1033)&#xa;	at com.kms.katalon.core.webui.common.WebUiCommonHelper.findElementsBySelectedMethod(WebUiCommonHelper.java:924)&#xa;	at com.kms.katalon.core.webui.common.WebUiCommonHelper.findElementsBySelectedMethod(WebUiCommonHelper.java:906)&#xa;	at com.kms.katalon.core.webui.common.WebUiCommonHelper.findElementsBySelectedMethod(WebUiCommonHelper.java:901)&#xa;	at com.kms.katalon.core.webui.common.WebUiCommonHelper.findElementsByDefault(WebUiCommonHelper.java:897)&#xa;	at com.kms.katalon.core.webui.common.WebUiCommonHelper.findElementsWithSelfHealing(WebUiCommonHelper.java:743)&#xa;	at com.kms.katalon.core.webui.common.WebUiCommonHelper.findWebElements(WebUiCommonHelper.java:727)&#xa;	at com.kms.katalon.core.webui.common.WebUiCommonHelper.findWebElement(WebUiCommonHelper.java:1413)&#xa;	at com.kms.katalon.core.webui.keyword.internal.WebUIAbstractKeyword.findWebElement(WebUIAbstractKeyword.groovy:27)&#xa;	at com.kms.katalon.core.webui.keyword.builtin.ClickKeyword$_click_closure1.doCall(ClickKeyword.groovy:65)&#xa;	at com.kms.katalon.core.webui.keyword.builtin.ClickKeyword$_click_closure1.call(ClickKeyword.groovy)&#xa;	at com.kms.katalon.core.webui.keyword.internal.WebUIKeywordMain.runKeyword(WebUIKeywordMain.groovy:35)&#xa;	at com.kms.katalon.core.webui.keyword.builtin.ClickKeyword.click(ClickKeyword.groovy:74)&#xa;	at com.kms.katalon.core.webui.keyword.builtin.ClickKeyword.execute(ClickKeyword.groovy:40)&#xa;	at com.kms.katalon.core.keyword.internal.KeywordExecutor.executeKeywordForPlatform(KeywordExecutor.groovy:74)&#xa;	at com.kms.katalon.core.webui.keyword.WebUiBuiltInKeywords.click(WebUiBuiltInKeywords.groovy:659)&#xa;	at com.kms.katalon.core.webui.keyword.WebUiBuiltInKeywords$click$4.call(Unknown Source)&#xa;	at Script1685556995599.run(Script1685556995599.groovy:26)&#xa;	... 16 more&#xa;Caused by: java.net.ConnectException: Failed to connect to localhost/[0:0:0:0:0:0:0:1]:28468&#xa;	at okhttp3.internal.connection.RealConnection.connectSocket(RealConnection.java:247)&#xa;	at okhttp3.internal.connection.RealConnection.connect(RealConnection.java:165)&#xa;	at okhttp3.internal.connection.StreamAllocation.findConnection(StreamAllocation.java:257)&#xa;	at okhttp3.internal.connection.StreamAllocation.findHealthyConnection(StreamAllocation.java:135)&#xa;	at okhttp3.internal.connection.StreamAllocation.newStream(StreamAllocation.java:114)&#xa;	at okhttp3.internal.connection.ConnectInterceptor.intercept(ConnectInterceptor.java:42)&#xa;	at okhttp3.internal.http.RealInterceptorChain.proceed(RealInterceptorChain.java:147)&#xa;	at okhttp3.internal.http.RealInterceptorChain.proceed(RealInterceptorChain.java:121)&#xa;	at okhttp3.internal.cache.CacheInterceptor.intercept(CacheInterceptor.java:93)&#xa;	at okhttp3.internal.http.RealInterceptorChain.proceed(RealInterceptorChain.java:147)&#xa;	at okhttp3.internal.http.RealInterceptorChain.proceed(RealInterceptorChain.java:121)&#xa;	at okhttp3.internal.http.BridgeInterceptor.intercept(BridgeInterceptor.java:93)&#xa;	at okhttp3.internal.http.RealInterceptorChain.proceed(RealInterceptorChain.java:147)&#xa;	at okhttp3.internal.http.RetryAndFollowUpInterceptor.intercept(RetryAndFollowUpInterceptor.java:126)&#xa;	at okhttp3.internal.http.RealInterceptorChain.proceed(RealInterceptorChain.java:147)&#xa;	at okhttp3.internal.http.RealInterceptorChain.proceed(RealInterceptorChain.java:121)&#xa;	at okhttp3.RealCall.getResponseWithInterceptorChain(RealCall.java:200)&#xa;	at okhttp3.RealCall.execute(RealCall.java:77)&#xa;	at org.openqa.selenium.remote.internal.OkHttpClient.execute(OkHttpClient.java:103)&#xa;	at org.openqa.selenium.remote.HttpCommandExecutor.execute(HttpCommandExecutor.java:155)&#xa;	at org.openqa.selenium.remote.service.DriverCommandExecutor.execute(DriverCommandExecutor.java:83)&#xa;	... 45 more&#xa;Caused by: java.net.ConnectException: Connection refused: no further information&#xa;	at okhttp3.internal.platform.Platform.connectSocket(Platform.java:129)&#xa;	at okhttp3.internal.connection.RealConnection.connectSocket(RealConnection.java:245)&#xa;	at okhttp3.internal.connection.RealConnection.connect(RealConnection.java:165)&#xa;	at okhttp3.internal.connection.StreamAllocation.findConnection(StreamAllocation.java:257)&#xa;	at okhttp3.internal.connection.StreamAllocation.findHealthyConnection(StreamAllocation.java:135)&#xa;	at okhttp3.internal.connection.StreamAllocation.newStream(StreamAllocation.java:114)&#xa;	at okhttp3.internal.connection.ConnectInterceptor.intercept(ConnectInterceptor.java:42)&#xa;	at okhttp3.internal.http.RealInterceptorChain.proceed(RealInterceptorChain.java:147)&#xa;	at okhttp3.internal.http.RealInterceptorChain.proceed(RealInterceptorChain.java:121)&#xa;	at okhttp3.internal.cache.CacheInterceptor.intercept(CacheInterceptor.java:93)&#xa;	at okhttp3.internal.http.RealInterceptorChain.proceed(RealInterceptorChain.java:147)&#xa;	at okhttp3.internal.http.RealInterceptorChain.proceed(RealInterceptorChain.java:121)&#xa;	at okhttp3.internal.http.BridgeInterceptor.intercept(BridgeInterceptor.java:93)&#xa;	at okhttp3.internal.http.RealInterceptorChain.proceed(RealInterceptorChain.java:147)&#xa;	at okhttp3.internal.http.RetryAndFollowUpInterceptor.intercept(RetryAndFollowUpInterceptor.java:126)&#xa;	at okhttp3.internal.http.RealInterceptorChain.proceed(RealInterceptorChain.java:147)&#xa;	at okhttp3.internal.http.RealInterceptorChain.proceed(RealInterceptorChain.java:121)&#xa;	at okhttp3.RealCall.getResponseWithInterceptorChain(RealCall.java:200)&#xa;	at okhttp3.RealCall.execute(RealCall.java:77)&#xa;	at org.openqa.selenium.remote.internal.OkHttpClient.execute(OkHttpClient.java:103)&#xa;	at org.openqa.selenium.remote.HttpCommandExecutor.execute(HttpCommandExecutor.java:155)&#xa;	at org.openqa.selenium.remote.service.DriverCommandExecutor.execute(DriverCommandExecutor.java:83)&#xa;	at org.openqa.selenium.remote.RemoteWebDriver.execute(RemoteWebDriver.java:552)&#xa;	at com.kms.katalon.selenium.driver.CChromeDriver.execute(CChromeDriver.java:19)&#xa;	at org.openqa.selenium.remote.RemoteWebDriver.findElements(RemoteWebDriver.java:353)&#xa;	at org.openqa.selenium.remote.RemoteWebDriver.findElementsByXPath(RemoteWebDriver.java:432)&#xa;	at org.openqa.selenium.By$ByXPath.findElements(By.java:348)&#xa;	at org.openqa.selenium.remote.RemoteWebDriver.findElements(RemoteWebDriver.java:311)&#xa;	at jdk.internal.reflect.GeneratedMethodAccessor9.invoke(Unknown Source)&#xa;	at java.base/jdk.internal.reflect.DelegatingMethodAccessorImpl.invoke(DelegatingMethodAccessorImpl.java:43)&#xa;	at org.openqa.selenium.support.events.EventFiringWebDriver.lambda$new$1(EventFiringWebDriver.java:105)&#xa;	at jdk.proxy2/jdk.proxy2.$Proxy26.findElements(Unknown Source)&#xa;	at org.openqa.selenium.support.events.EventFiringWebDriver.findElements(EventFiringWebDriver.java:182)&#xa;	at com.kms.katalon.core.webui.common.WebUiCommonHelper.findElementByNormalMethods(WebUiCommonHelper.java:1033)&#xa;	at com.kms.katalon.core.webui.common.WebUiCommonHelper.findElementsBySelectedMethod(WebUiCommonHelper.java:924)&#xa;	at com.kms.katalon.core.webui.common.WebUiCommonHelper.findElementsBySelectedMethod(WebUiCommonHelper.java:906)&#xa;	at com.kms.katalon.core.webui.common.WebUiCommonHelper.findElementsBySelectedMethod(WebUiCommonHelper.java:901)&#xa;	at com.kms.katalon.core.webui.common.WebUiCommonHelper.findElementsByDefault(WebUiCommonHelper.java:897)&#xa;	at com.kms.katalon.core.webui.common.WebUiCommonHelper.findElementsWithSelfHealing(WebUiCommonHelper.java:743)&#xa;	at com.kms.katalon.core.webui.common.WebUiCommonHelper.findWebElements(WebUiCommonHelper.java:727)&#xa;	at com.kms.katalon.core.webui.common.WebUiCommonHelper.findWebElement(WebUiCommonHelper.java:1413)&#xa;	at com.kms.katalon.core.webui.keyword.internal.WebUIAbstractKeyword.findWebElement(WebUIAbstractKeyword.groovy:27)&#xa;	at com.kms.katalon.core.webui.keyword.builtin.ClickKeyword$_click_closure1.doCall(ClickKeyword.groovy:65)&#xa;	at com.kms.katalon.core.webui.keyword.builtin.ClickKeyword$_click_closure1.call(ClickKeyword.groovy)&#xa;	at com.kms.katalon.core.webui.keyword.internal.WebUIKeywordMain.runKeyword(WebUIKeywordMain.groovy:35)&#xa;	at com.kms.katalon.core.webui.keyword.builtin.ClickKeyword.click(ClickKeyword.groovy:74)&#xa;	at com.kms.katalon.core.webui.keyword.builtin.ClickKeyword.execute(ClickKeyword.groovy:40)&#xa;	at com.kms.katalon.core.keyword.internal.KeywordExecutor.executeKeywordForPlatform(KeywordExecutor.groovy:74)&#xa;	at com.kms.katalon.core.webui.keyword.WebUiBuiltInKeywords.click(WebUiBuiltInKeywords.groovy:659)&#xa;	at com.kms.katalon.core.webui.keyword.WebUiBuiltInKeywords$click$4.call(Unknown Source)&#xa;	at Verify Process Now for Outbound LTR.run(Verify Process Now for Outbound LTR:26)&#xa;	... 16 more&#xa;"/>
         <system-out><![CDATA[21-10-2025T19:10:47 - [TEST_CASE][FAILED] - Test Cases/DES/Trading Partners Page/Subscription/Verify Process Now for Outbound LTR: Test Cases/DES/Trading Partners Page/Subscription/Verify Process Now for Outbound LTR FAILED.
Reason:
com.kms.katalon.core.exception.StepFailedException: Unable to click on object 'Object Repository/DES/TradingPartners/Katalon Trading TP View_btn'
	at com.kms.katalon.core.webui.keyword.internal.WebUIKeywordMain.stepFailed(WebUIKeywordMain.groovy:117)
	at com.kms.katalon.core.webui.keyword.internal.WebUIKeywordMain.runKeyword(WebUIKeywordMain.groovy:43)
	at com.kms.katalon.core.webui.keyword.builtin.ClickKeyword.click(ClickKeyword.groovy:74)
	at com.kms.katalon.core.webui.keyword.builtin.ClickKeyword.execute(ClickKeyword.groovy:40)
	at com.kms.katalon.core.keyword.internal.KeywordExecutor.executeKeywordForPlatform(KeywordExecutor.groovy:74)
	at com.kms.katalon.core.webui.keyword.WebUiBuiltInKeywords.click(WebUiBuiltInKeywords.groovy:659)
	at com.kms.katalon.core.webui.keyword.WebUiBuiltInKeywords$click$4.call(Unknown Source)
	at Verify Process Now for Outbound LTR.run(Verify Process Now for Outbound LTR:26)
	at com.kms.katalon.core.main.ScriptEngine.run(ScriptEngine.java:194)
	at com.kms.katalon.core.main.ScriptEngine.runScriptAsRawText(ScriptEngine.java:119)
	at com.kms.katalon.core.main.TestCaseExecutor.runScript(TestCaseExecutor.java:448)
	at com.kms.katalon.core.main.TestCaseExecutor.doExecute(TestCaseExecutor.java:439)
	at com.kms.katalon.core.main.TestCaseExecutor.processExecutionPhase(TestCaseExecutor.java:418)
	at com.kms.katalon.core.main.TestCaseExecutor.accessMainPhase(TestCaseExecutor.java:410)
	at com.kms.katalon.core.main.TestCaseExecutor.execute(TestCaseExecutor.java:285)
	at com.kms.katalon.core.common.CommonExecutor.accessTestCaseMainPhase(CommonExecutor.java:65)
	at com.kms.katalon.core.main.TestSuiteExecutor.accessTestSuiteMainPhase(TestSuiteExecutor.java:150)
	at com.kms.katalon.core.main.TestSuiteExecutor.execute(TestSuiteExecutor.java:106)
	at com.kms.katalon.core.main.TestCaseMain.startTestSuite(TestCaseMain.java:180)
	at com.kms.katalon.core.main.TestCaseMain$startTestSuite$0.call(Unknown Source)
	at TempTestSuite1761084128061.run(TempTestSuite1761084128061.groovy:35)
	at java.base/jdk.internal.reflect.NativeMethodAccessorImpl.invoke0(Native Method)
	at java.base/jdk.internal.reflect.NativeMethodAccessorImpl.invoke(NativeMethodAccessorImpl.java:77)
	at java.base/jdk.internal.reflect.DelegatingMethodAccessorImpl.invoke(DelegatingMethodAccessorImpl.java:43)
Caused by: org.openqa.selenium.WebDriverException: java.net.ConnectException: Failed to connect to localhost/[0:0:0:0:0:0:0:1]:28468
Build info: version: '3.141.59', revision: 'unknown', time: 'unknown'
System info: host: 'DC1ADOBLD01', ip: '10.2.20.71', os.name: 'Windows Server 2019', os.arch: 'amd64', os.version: '10.0', java.version: '17.0.7'
Driver info: driver.version: EventFiringWebDriver
	at org.openqa.selenium.remote.service.DriverCommandExecutor.execute(DriverCommandExecutor.java:92)
	at org.openqa.selenium.remote.RemoteWebDriver.execute(RemoteWebDriver.java:552)
	at com.kms.katalon.selenium.driver.CChromeDriver.execute(CChromeDriver.java:19)
	at org.openqa.selenium.remote.RemoteWebDriver.findElements(RemoteWebDriver.java:353)
	at org.openqa.selenium.remote.RemoteWebDriver.findElementsByXPath(RemoteWebDriver.java:432)
	at org.openqa.selenium.By$ByXPath.findElements(By.java:348)
	at org.openqa.selenium.remote.RemoteWebDriver.findElements(RemoteWebDriver.java:311)
	at jdk.internal.reflect.GeneratedMethodAccessor9.invoke(Unknown Source)
	at java.base/jdk.internal.reflect.DelegatingMethodAccessorImpl.invoke(DelegatingMethodAccessorImpl.java:43)
	at org.openqa.selenium.support.events.EventFiringWebDriver.lambda$new$1(EventFiringWebDriver.java:105)
	at jdk.proxy2/jdk.proxy2.$Proxy26.findElements(Unknown Source)
	at org.openqa.selenium.support.events.EventFiringWebDriver.findElements(EventFiringWebDriver.java:182)
	at com.kms.katalon.core.webui.common.WebUiCommonHelper.findElementByNormalMethods(WebUiCommonHelper.java:1033)
	at com.kms.katalon.core.webui.common.WebUiCommonHelper.findElementsBySelectedMethod(WebUiCommonHelper.java:924)
	at com.kms.katalon.core.webui.common.WebUiCommonHelper.findElementsBySelectedMethod(WebUiCommonHelper.java:906)
	at com.kms.katalon.core.webui.common.WebUiCommonHelper.findElementsBySelectedMethod(WebUiCommonHelper.java:901)
	at com.kms.katalon.core.webui.common.WebUiCommonHelper.findElementsByDefault(WebUiCommonHelper.java:897)
	at com.kms.katalon.core.webui.common.WebUiCommonHelper.findElementsWithSelfHealing(WebUiCommonHelper.java:743)
	at com.kms.katalon.core.webui.common.WebUiCommonHelper.findWebElements(WebUiCommonHelper.java:727)
	at com.kms.katalon.core.webui.common.WebUiCommonHelper.findWebElement(WebUiCommonHelper.java:1413)
	at com.kms.katalon.core.webui.keyword.internal.WebUIAbstractKeyword.findWebElement(WebUIAbstractKeyword.groovy:27)
	at com.kms.katalon.core.webui.keyword.builtin.ClickKeyword$_click_closure1.doCall(ClickKeyword.groovy:65)
	at com.kms.katalon.core.webui.keyword.builtin.ClickKeyword$_click_closure1.call(ClickKeyword.groovy)
	at com.kms.katalon.core.webui.keyword.internal.WebUIKeywordMain.runKeyword(WebUIKeywordMain.groovy:35)
	at com.kms.katalon.core.webui.keyword.builtin.ClickKeyword.click(ClickKeyword.groovy:74)
	at com.kms.katalon.core.webui.keyword.builtin.ClickKeyword.execute(ClickKeyword.groovy:40)
	at com.kms.katalon.core.keyword.internal.KeywordExecutor.executeKeywordForPlatform(KeywordExecutor.groovy:74)
	at com.kms.katalon.core.webui.keyword.WebUiBuiltInKeywords.click(WebUiBuiltInKeywords.groovy:659)
	at com.kms.katalon.core.webui.keyword.WebUiBuiltInKeywords$click$4.call(Unknown Source)
	at Script1685556995599.run(Script1685556995599.groovy:26)
	... 16 more
Caused by: java.net.ConnectException: Failed to connect to localhost/[0:0:0:0:0:0:0:1]:28468
	at okhttp3.internal.connection.RealConnection.connectSocket(RealConnection.java:247)
	at okhttp3.internal.connection.RealConnection.connect(RealConnection.java:165)
	at okhttp3.internal.connection.StreamAllocation.findConnection(StreamAllocation.java:257)
	at okhttp3.internal.connection.StreamAllocation.findHealthyConnection(StreamAllocation.java:135)
	at okhttp3.internal.connection.StreamAllocation.newStream(StreamAllocation.java:114)
	at okhttp3.internal.connection.ConnectInterceptor.intercept(ConnectInterceptor.java:42)
	at okhttp3.internal.http.RealInterceptorChain.proceed(RealInterceptorChain.java:147)
	at okhttp3.internal.http.RealInterceptorChain.proceed(RealInterceptorChain.java:121)
	at okhttp3.internal.cache.CacheInterceptor.intercept(CacheInterceptor.java:93)
	at okhttp3.internal.http.RealInterceptorChain.proceed(RealInterceptorChain.java:147)
	at okhttp3.internal.http.RealInterceptorChain.proceed(RealInterceptorChain.java:121)
	at okhttp3.internal.http.BridgeInterceptor.intercept(BridgeInterceptor.java:93)
	at okhttp3.internal.http.RealInterceptorChain.proceed(RealInterceptorChain.java:147)
	at okhttp3.internal.http.RetryAndFollowUpInterceptor.intercept(RetryAndFollowUpInterceptor.java:126)
	at okhttp3.internal.http.RealInterceptorChain.proceed(RealInterceptorChain.java:147)
	at okhttp3.internal.http.RealInterceptorChain.proceed(RealInterceptorChain.java:121)
	at okhttp3.RealCall.getResponseWithInterceptorChain(RealCall.java:200)
	at okhttp3.RealCall.execute(RealCall.java:77)
	at org.openqa.selenium.remote.internal.OkHttpClient.execute(OkHttpClient.java:103)
	at org.openqa.selenium.remote.HttpCommandExecutor.execute(HttpCommandExecutor.java:155)
	at org.openqa.selenium.remote.service.DriverCommandExecutor.execute(DriverCommandExecutor.java:83)
	... 45 more
Caused by: java.net.ConnectException: Connection refused: no further information
	at okhttp3.internal.platform.Platform.connectSocket(Platform.java:129)
	at okhttp3.internal.connection.RealConnection.connectSocket(RealConnection.java:245)
	at okhttp3.internal.connection.RealConnection.connect(RealConnection.java:165)
	at okhttp3.internal.connection.StreamAllocation.findConnection(StreamAllocation.java:257)
	at okhttp3.internal.connection.StreamAllocation.findHealthyConnection(StreamAllocation.java:135)
	at okhttp3.internal.connection.StreamAllocation.newStream(StreamAllocation.java:114)
	at okhttp3.internal.connection.ConnectInterceptor.intercept(ConnectInterceptor.java:42)
	at okhttp3.internal.http.RealInterceptorChain.proceed(RealInterceptorChain.java:147)
	at okhttp3.internal.http.RealInterceptorChain.proceed(RealInterceptorChain.java:121)
	at okhttp3.internal.cache.CacheInterceptor.intercept(CacheInterceptor.java:93)
	at okhttp3.internal.http.RealInterceptorChain.proceed(RealInterceptorChain.java:147)
	at okhttp3.internal.http.RealInterceptorChain.proceed(RealInterceptorChain.java:121)
	at okhttp3.internal.http.BridgeInterceptor.intercept(BridgeInterceptor.java:93)
	at okhttp3.internal.http.RealInterceptorChain.proceed(RealInterceptorChain.java:147)
	at okhttp3.internal.http.RetryAndFollowUpInterceptor.intercept(RetryAndFollowUpInterceptor.java:126)
	at okhttp3.internal.http.RealInterceptorChain.proceed(RealInterceptorChain.java:147)
	at okhttp3.internal.http.RealInterceptorChain.proceed(RealInterceptorChain.java:121)
	at okhttp3.RealCall.getResponseWithInterceptorChain(RealCall.java:200)
	at okhttp3.RealCall.execute(RealCall.java:77)
	at org.openqa.selenium.remote.internal.OkHttpClient.execute(OkHttpClient.java:103)
	at org.openqa.selenium.remote.HttpCommandExecutor.execute(HttpCommandExecutor.java:155)
	at org.openqa.selenium.remote.service.DriverCommandExecutor.execute(DriverCommandExecutor.java:83)
	at org.openqa.selenium.remote.RemoteWebDriver.execute(RemoteWebDriver.java:552)
	at com.kms.katalon.selenium.driver.CChromeDriver.execute(CChromeDriver.java:19)
	at org.openqa.selenium.remote.RemoteWebDriver.findElements(RemoteWebDriver.java:353)
	at org.openqa.selenium.remote.RemoteWebDriver.findElementsByXPath(RemoteWebDriver.java:432)
	at org.openqa.selenium.By$ByXPath.findElements(By.java:348)
	at org.openqa.selenium.remote.RemoteWebDriver.findElements(RemoteWebDriver.java:311)
	at jdk.internal.reflect.GeneratedMethodAccessor9.invoke(Unknown Source)
	at java.base/jdk.internal.reflect.DelegatingMethodAccessorImpl.invoke(DelegatingMethodAccessorImpl.java:43)
	at org.openqa.selenium.support.events.EventFiringWebDriver.lambda$new$1(EventFiringWebDriver.java:105)
	at jdk.proxy2/jdk.proxy2.$Proxy26.findElements(Unknown Source)
	at org.openqa.selenium.support.events.EventFiringWebDriver.findElements(EventFiringWebDriver.java:182)
	at com.kms.katalon.core.webui.common.WebUiCommonHelper.findElementByNormalMethods(WebUiCommonHelper.java:1033)
	at com.kms.katalon.core.webui.common.WebUiCommonHelper.findElementsBySelectedMethod(WebUiCommonHelper.java:924)
	at com.kms.katalon.core.webui.common.WebUiCommonHelper.findElementsBySelectedMethod(WebUiCommonHelper.java:906)
	at com.kms.katalon.core.webui.common.WebUiCommonHelper.findElementsBySelectedMethod(WebUiCommonHelper.java:901)
	at com.kms.katalon.core.webui.common.WebUiCommonHelper.findElementsByDefault(WebUiCommonHelper.java:897)
	at com.kms.katalon.core.webui.common.WebUiCommonHelper.findElementsWithSelfHealing(WebUiCommonHelper.java:743)
	at com.kms.katalon.core.webui.common.WebUiCommonHelper.findWebElements(WebUiCommonHelper.java:727)
	at com.kms.katalon.core.webui.common.WebUiCommonHelper.findWebElement(WebUiCommonHelper.java:1413)
	at com.kms.katalon.core.webui.keyword.internal.WebUIAbstractKeyword.findWebElement(WebUIAbstractKeyword.groovy:27)
	at com.kms.katalon.core.webui.keyword.builtin.ClickKeyword$_click_closure1.doCall(ClickKeyword.groovy:65)
	at com.kms.katalon.core.webui.keyword.builtin.ClickKeyword$_click_closure1.call(ClickKeyword.groovy)
	at com.kms.katalon.core.webui.keyword.internal.WebUIKeywordMain.runKeyword(WebUIKeywordMain.groovy:35)
	at com.kms.katalon.core.webui.keyword.builtin.ClickKeyword.click(ClickKeyword.groovy:74)
	at com.kms.katalon.core.webui.keyword.builtin.ClickKeyword.execute(ClickKeyword.groovy:40)
	at com.kms.katalon.core.keyword.internal.KeywordExecutor.executeKeywordForPlatform(KeywordExecutor.groovy:74)
	at com.kms.katalon.core.webui.keyword.WebUiBuiltInKeywords.click(WebUiBuiltInKeywords.groovy:659)
	at com.kms.katalon.core.webui.keyword.WebUiBuiltInKeywords$click$4.call(Unknown Source)
	at Verify Process Now for Outbound LTR.run(Verify Process Now for Outbound LTR:26)
	... 16 more


21-10-2025T19:10:47 - [TEST_STEP][PASSED] - Start listener action : beforeTestCase: null

21-10-2025T19:10:47 - [TEST_STEP][PASSED] - addDefaultPackages(): null

21-10-2025T19:10:47 - [TEST_STEP][PASSED] - callTestCase(findTestCase("DES/DES Login"), [:], STOP_ON_FAILURE): Call Test Case 'Test Cases/DES/DES Login' successfully

21-10-2025T19:10:47 - [TEST_CASE][PASSED] - Test Cases/DES/DES Login: Test Cases/DES/DES Login

21-10-2025T19:10:47 - [TEST_STEP][PASSED] - openBrowser(""): Browser is opened with url: ''

21-10-2025T19:10:47 - [MESSAGE][INFO] - Starting 'Chrome' driver

21-10-2025T19:10:47 - [MESSAGE][INFO] - User set preference: ['args', '[--no-sandbox, --disable-gpu, --disable-dev-shm-usage]']

21-10-2025T19:10:47 - [MESSAGE][INFO] - Action delay is set to 0 milliseconds

21-10-2025T19:10:48 - [MESSAGE][PASSED] - Browser is opened with url: ''

21-10-2025T19:10:48 - [TEST_STEP][PASSED] - maximizeWindow(): Current window maximized

21-10-2025T19:10:48 - [MESSAGE][PASSED] - Current window maximized

21-10-2025T19:10:48 - [TEST_STEP][PASSED] - delay(10): Delayed 10 second(s)

21-10-2025T19:10:58 - [MESSAGE][PASSED] - Delayed 10 second(s)

21-10-2025T19:10:58 - [TEST_STEP][PASSED] - navigateToUrl("https://dx-portal.qa.thekag.com/"): Navigate to 'https://dx-portal.qa.thekag.com/' successfully

21-10-2025T19:10:58 - [MESSAGE][PASSED] - Navigate to 'https://dx-portal.qa.thekag.com/' successfully

21-10-2025T19:10:58 - [TEST_STEP][PASSED] - delay(5): Delayed 5 second(s)

21-10-2025T19:11:03 - [MESSAGE][PASSED] - Delayed 5 second(s)

21-10-2025T19:11:03 - [TEST_STEP][PASSED] - setText(findTestObject("Object Repository/Page_IdentityServer4/input_Username (e.g. email address)_Username"), "Chris.Sheldon+DES_QA@Thekag.com"): Text 'Chris.Sheldon+DES_QA@Thekag.com' is set on object 'Object Repository/Page_IdentityServer4/input_Username (e.g. email address)_Username'

21-10-2025T19:11:04 - [MESSAGE][PASSED] - Text 'Chris.Sheldon+DES_QA@Thekag.com' is set on object 'Object Repository/Page_IdentityServer4/input_Username (e.g. email address)_Username'

21-10-2025T19:11:04 - [TEST_STEP][PASSED] - setEncryptedText(findTestObject("Page_IdentityServer4/input_Password_Password"), "BtpyPJuZxPz9EFo3Zi2c4Q=="): Text ****** has been set on object 'Object Repository/Page_IdentityServer4/input_Password_Password'

21-10-2025T19:11:04 - [MESSAGE][PASSED] - Text ****** has been set on object 'Object Repository/Page_IdentityServer4/input_Password_Password'

21-10-2025T19:11:04 - [TEST_STEP][PASSED] - click(findTestObject("Object Repository/Page_IdentityServer4/button_Login")): Object: 'Object Repository/Page_IdentityServer4/button_Login' is clicked on

21-10-2025T19:11:04 - [MESSAGE][PASSED] - Object: 'Object Repository/Page_IdentityServer4/button_Login' is clicked on

21-10-2025T19:11:04 - [TEST_STEP][PASSED] - delay(5): Delayed 5 second(s)

21-10-2025T19:11:09 - [MESSAGE][PASSED] - Delayed 5 second(s)

21-10-2025T19:11:09 - [MESSAGE][PASSED] - Call Test Case 'Test Cases/DES/DES Login' successfully

21-10-2025T19:11:09 - [TEST_STEP][PASSED] - setText(findTestObject("DES/Trading Partners Page/Search Trading Partner_input_txt"), "FIM FIM Load"): Text 'FIM FIM Load' is set on object 'Object Repository/DES/Trading Partners Page/Search Trading Partner_input_txt'

21-10-2025T19:11:09 - [MESSAGE][PASSED] - Text 'FIM FIM Load' is set on object 'Object Repository/DES/Trading Partners Page/Search Trading Partner_input_txt'

21-10-2025T19:11:09 - [TEST_STEP][PASSED] - delay(5): Delayed 5 second(s)

21-10-2025T19:11:14 - [MESSAGE][PASSED] - Delayed 5 second(s)

21-10-2025T19:11:14 - [TEST_STEP][FAILED] - click(findTestObject("DES/TradingPartners/Katalon Trading TP View_btn")): Unable to click on object 'Object Repository/DES/TradingPartners/Katalon Trading TP View_btn' (Root cause: com.kms.katalon.core.exception.StepFailedException: Unable to click on object 'Object Repository/DES/TradingPartners/Katalon Trading TP View_btn'
	at com.kms.katalon.core.webui.keyword.internal.WebUIKeywordMain.stepFailed(WebUIKeywordMain.groovy:117)
	at com.kms.katalon.core.webui.keyword.internal.WebUIKeywordMain.runKeyword(WebUIKeywordMain.groovy:43)
	at com.kms.katalon.core.webui.keyword.builtin.ClickKeyword.click(ClickKeyword.groovy:74)
	at com.kms.katalon.core.webui.keyword.builtin.ClickKeyword.execute(ClickKeyword.groovy:40)
	at com.kms.katalon.core.keyword.internal.KeywordExecutor.executeKeywordForPlatform(KeywordExecutor.groovy:74)
	at com.kms.katalon.core.webui.keyword.WebUiBuiltInKeywords.click(WebUiBuiltInKeywords.groovy:659)
	at com.kms.katalon.core.webui.keyword.WebUiBuiltInKeywords$click$4.call(Unknown Source)
	at Verify Process Now for Outbound LTR.run(Verify Process Now for Outbound LTR:26)
	at com.kms.katalon.core.main.ScriptEngine.run(ScriptEngine.java:194)
	at com.kms.katalon.core.main.ScriptEngine.runScriptAsRawText(ScriptEngine.java:119)
	at com.kms.katalon.core.main.TestCaseExecutor.runScript(TestCaseExecutor.java:448)
	at com.kms.katalon.core.main.TestCaseExecutor.doExecute(TestCaseExecutor.java:439)
	at com.kms.katalon.core.main.TestCaseExecutor.processExecutionPhase(TestCaseExecutor.java:418)
	at com.kms.katalon.core.main.TestCaseExecutor.accessMainPhase(TestCaseExecutor.java:410)
	at com.kms.katalon.core.main.TestCaseExecutor.execute(TestCaseExecutor.java:285)
	at com.kms.katalon.core.common.CommonExecutor.accessTestCaseMainPhase(CommonExecutor.java:65)
	at com.kms.katalon.core.main.TestSuiteExecutor.accessTestSuiteMainPhase(TestSuiteExecutor.java:150)
	at com.kms.katalon.core.main.TestSuiteExecutor.execute(TestSuiteExecutor.java:106)
	at com.kms.katalon.core.main.TestCaseMain.startTestSuite(TestCaseMain.java:180)
	at com.kms.katalon.core.main.TestCaseMain$startTestSuite$0.call(Unknown Source)
	at TempTestSuite1761084128061.run(TempTestSuite1761084128061.groovy:35)
	at java.base/jdk.internal.reflect.NativeMethodAccessorImpl.invoke0(Native Method)
	at java.base/jdk.internal.reflect.NativeMethodAccessorImpl.invoke(NativeMethodAccessorImpl.java:77)
	at java.base/jdk.internal.reflect.DelegatingMethodAccessorImpl.invoke(DelegatingMethodAccessorImpl.java:43)
Caused by: org.openqa.selenium.WebDriverException: java.net.ConnectException: Failed to connect to localhost/[0:0:0:0:0:0:0:1]:28468
Build info: version: '3.141.59', revision: 'unknown', time: 'unknown'
System info: host: 'DC1ADOBLD01', ip: '10.2.20.71', os.name: 'Windows Server 2019', os.arch: 'amd64', os.version: '10.0', java.version: '17.0.7'
Driver info: driver.version: EventFiringWebDriver
	at org.openqa.selenium.remote.service.DriverCommandExecutor.execute(DriverCommandExecutor.java:92)
	at org.openqa.selenium.remote.RemoteWebDriver.execute(RemoteWebDriver.java:552)
	at com.kms.katalon.selenium.driver.CChromeDriver.execute(CChromeDriver.java:19)
	at org.openqa.selenium.remote.RemoteWebDriver.findElements(RemoteWebDriver.java:353)
	at org.openqa.selenium.remote.RemoteWebDriver.findElementsByXPath(RemoteWebDriver.java:432)
	at org.openqa.selenium.By$ByXPath.findElements(By.java:348)
	at org.openqa.selenium.remote.RemoteWebDriver.findElements(RemoteWebDriver.java:311)
	at jdk.internal.reflect.GeneratedMethodAccessor9.invoke(Unknown Source)
	at java.base/jdk.internal.reflect.DelegatingMethodAccessorImpl.invoke(DelegatingMethodAccessorImpl.java:43)
	at org.openqa.selenium.support.events.EventFiringWebDriver.lambda$new$1(EventFiringWebDriver.java:105)
	at jdk.proxy2/jdk.proxy2.$Proxy26.findElements(Unknown Source)
	at org.openqa.selenium.support.events.EventFiringWebDriver.findElements(EventFiringWebDriver.java:182)
	at com.kms.katalon.core.webui.common.WebUiCommonHelper.findElementByNormalMethods(WebUiCommonHelper.java:1033)
	at com.kms.katalon.core.webui.common.WebUiCommonHelper.findElementsBySelectedMethod(WebUiCommonHelper.java:924)
	at com.kms.katalon.core.webui.common.WebUiCommonHelper.findElementsBySelectedMethod(WebUiCommonHelper.java:906)
	at com.kms.katalon.core.webui.common.WebUiCommonHelper.findElementsBySelectedMethod(WebUiCommonHelper.java:901)
	at com.kms.katalon.core.webui.common.WebUiCommonHelper.findElementsByDefault(WebUiCommonHelper.java:897)
	at com.kms.katalon.core.webui.common.WebUiCommonHelper.findElementsWithSelfHealing(WebUiCommonHelper.java:743)
	at com.kms.katalon.core.webui.common.WebUiCommonHelper.findWebElements(WebUiCommonHelper.java:727)
	at com.kms.katalon.core.webui.common.WebUiCommonHelper.findWebElement(WebUiCommonHelper.java:1413)
	at com.kms.katalon.core.webui.keyword.internal.WebUIAbstractKeyword.findWebElement(WebUIAbstractKeyword.groovy:27)
	at com.kms.katalon.core.webui.keyword.builtin.ClickKeyword$_click_closure1.doCall(ClickKeyword.groovy:65)
	at com.kms.katalon.core.webui.keyword.builtin.ClickKeyword$_click_closure1.call(ClickKeyword.groovy)
	at com.kms.katalon.core.webui.keyword.internal.WebUIKeywordMain.runKeyword(WebUIKeywordMain.groovy:35)
	at com.kms.katalon.core.webui.keyword.builtin.ClickKeyword.click(ClickKeyword.groovy:74)
	at com.kms.katalon.core.webui.keyword.builtin.ClickKeyword.execute(ClickKeyword.groovy:40)
	at com.kms.katalon.core.keyword.internal.KeywordExecutor.executeKeywordForPlatform(KeywordExecutor.groovy:74)
	at com.kms.katalon.core.webui.keyword.WebUiBuiltInKeywords.click(WebUiBuiltInKeywords.groovy:659)
	at com.kms.katalon.core.webui.keyword.WebUiBuiltInKeywords$click$4.call(Unknown Source)
	at Script1685556995599.run(Script1685556995599.groovy:26)
	... 16 more
Caused by: java.net.ConnectException: Failed to connect to localhost/[0:0:0:0:0:0:0:1]:28468
	at okhttp3.internal.connection.RealConnection.connectSocket(RealConnection.java:247)
	at okhttp3.internal.connection.RealConnection.connect(RealConnection.java:165)
	at okhttp3.internal.connection.StreamAllocation.findConnection(StreamAllocation.java:257)
	at okhttp3.internal.connection.StreamAllocation.findHealthyConnection(StreamAllocation.java:135)
	at okhttp3.internal.connection.StreamAllocation.newStream(StreamAllocation.java:114)
	at okhttp3.internal.connection.ConnectInterceptor.intercept(ConnectInterceptor.java:42)
	at okhttp3.internal.http.RealInterceptorChain.proceed(RealInterceptorChain.java:147)
	at okhttp3.internal.http.RealInterceptorChain.proceed(RealInterceptorChain.java:121)
	at okhttp3.internal.cache.CacheInterceptor.intercept(CacheInterceptor.java:93)
	at okhttp3.internal.http.RealInterceptorChain.proceed(RealInterceptorChain.java:147)
	at okhttp3.internal.http.RealInterceptorChain.proceed(RealInterceptorChain.java:121)
	at okhttp3.internal.http.BridgeInterceptor.intercept(BridgeInterceptor.java:93)
	at okhttp3.internal.http.RealInterceptorChain.proceed(RealInterceptorChain.java:147)
	at okhttp3.internal.http.RetryAndFollowUpInterceptor.intercept(RetryAndFollowUpInterceptor.java:126)
	at okhttp3.internal.http.RealInterceptorChain.proceed(RealInterceptorChain.java:147)
	at okhttp3.internal.http.RealInterceptorChain.proceed(RealInterceptorChain.java:121)
	at okhttp3.RealCall.getResponseWithInterceptorChain(RealCall.java:200)
	at okhttp3.RealCall.execute(RealCall.java:77)
	at org.openqa.selenium.remote.internal.OkHttpClient.execute(OkHttpClient.java:103)
	at org.openqa.selenium.remote.HttpCommandExecutor.execute(HttpCommandExecutor.java:155)
	at org.openqa.selenium.remote.service.DriverCommandExecutor.execute(DriverCommandExecutor.java:83)
	... 45 more
Caused by: java.net.ConnectException: Connection refused: no further information
	at okhttp3.internal.platform.Platform.connectSocket(Platform.java:129)
	at okhttp3.internal.connection.RealConnection.connectSocket(RealConnection.java:245)
	... 65 more
)

21-10-2025T19:11:14 - [MESSAGE][WARNING] - [SELF-HEALING] Failed to find element with id 'Object Repository/DES/TradingPartners/Katalon Trading TP View_btn'. Try using Self-healing.

21-10-2025T19:11:15 - [MESSAGE][INFO] - [SELF-HEALING] No working XPath is found.

21-10-2025T19:11:16 - [MESSAGE][WARNING] - [SELF-HEALING] java.net.ConnectException: Failed to connect to localhost/[0:0:0:0:0:0:0:1]:28468
Build info: version: '3.141.59', revision: 'unknown', time: 'unknown'
System info: host: 'DC1ADOBLD01', ip: '10.2.20.71', os.name: 'Windows Server 2019', os.arch: 'amd64', os.version: '10.0', java.version: '17.0.7'
Driver info: driver.version: EventFiringWebDriver

21-10-2025T19:11:16 - [MESSAGE][WARNING] - [SELF-HEALING] Cannot find elements when the selector is null

21-10-2025T19:11:16 - [MESSAGE][FAILED] - Unable to click on object 'Object Repository/DES/TradingPartners/Katalon Trading TP View_btn' (Root cause: com.kms.katalon.core.exception.StepFailedException: Unable to click on object 'Object Repository/DES/TradingPartners/Katalon Trading TP View_btn'
	at com.kms.katalon.core.webui.keyword.internal.WebUIKeywordMain.stepFailed(WebUIKeywordMain.groovy:117)
	at com.kms.katalon.core.webui.keyword.internal.WebUIKeywordMain.runKeyword(WebUIKeywordMain.groovy:43)
	at com.kms.katalon.core.webui.keyword.builtin.ClickKeyword.click(ClickKeyword.groovy:74)
	at com.kms.katalon.core.webui.keyword.builtin.ClickKeyword.execute(ClickKeyword.groovy:40)
	at com.kms.katalon.core.keyword.internal.KeywordExecutor.executeKeywordForPlatform(KeywordExecutor.groovy:74)
	at com.kms.katalon.core.webui.keyword.WebUiBuiltInKeywords.click(WebUiBuiltInKeywords.groovy:659)
	at com.kms.katalon.core.webui.keyword.WebUiBuiltInKeywords$click$4.call(Unknown Source)
	at Verify Process Now for Outbound LTR.run(Verify Process Now for Outbound LTR:26)
	at com.kms.katalon.core.main.ScriptEngine.run(ScriptEngine.java:194)
	at com.kms.katalon.core.main.ScriptEngine.runScriptAsRawText(ScriptEngine.java:119)
	at com.kms.katalon.core.main.TestCaseExecutor.runScript(TestCaseExecutor.java:448)
	at com.kms.katalon.core.main.TestCaseExecutor.doExecute(TestCaseExecutor.java:439)
	at com.kms.katalon.core.main.TestCaseExecutor.processExecutionPhase(TestCaseExecutor.java:418)
	at com.kms.katalon.core.main.TestCaseExecutor.accessMainPhase(TestCaseExecutor.java:410)
	at com.kms.katalon.core.main.TestCaseExecutor.execute(TestCaseExecutor.java:285)
	at com.kms.katalon.core.common.CommonExecutor.accessTestCaseMainPhase(CommonExecutor.java:65)
	at com.kms.katalon.core.main.TestSuiteExecutor.accessTestSuiteMainPhase(TestSuiteExecutor.java:150)
	at com.kms.katalon.core.main.TestSuiteExecutor.execute(TestSuiteExecutor.java:106)
	at com.kms.katalon.core.main.TestCaseMain.startTestSuite(TestCaseMain.java:180)
	at com.kms.katalon.core.main.TestCaseMain$startTestSuite$0.call(Unknown Source)
	at TempTestSuite1761084128061.run(TempTestSuite1761084128061.groovy:35)
	at java.base/jdk.internal.reflect.NativeMethodAccessorImpl.invoke0(Native Method)
	at java.base/jdk.internal.reflect.NativeMethodAccessorImpl.invoke(NativeMethodAccessorImpl.java:77)
	at java.base/jdk.internal.reflect.DelegatingMethodAccessorImpl.invoke(DelegatingMethodAccessorImpl.java:43)
Caused by: org.openqa.selenium.WebDriverException: java.net.ConnectException: Failed to connect to localhost/[0:0:0:0:0:0:0:1]:28468
Build info: version: '3.141.59', revision: 'unknown', time: 'unknown'
System info: host: 'DC1ADOBLD01', ip: '10.2.20.71', os.name: 'Windows Server 2019', os.arch: 'amd64', os.version: '10.0', java.version: '17.0.7'
Driver info: driver.version: EventFiringWebDriver
	at org.openqa.selenium.remote.service.DriverCommandExecutor.execute(DriverCommandExecutor.java:92)
	at org.openqa.selenium.remote.RemoteWebDriver.execute(RemoteWebDriver.java:552)
	at com.kms.katalon.selenium.driver.CChromeDriver.execute(CChromeDriver.java:19)
	at org.openqa.selenium.remote.RemoteWebDriver.findElements(RemoteWebDriver.java:353)
	at org.openqa.selenium.remote.RemoteWebDriver.findElementsByXPath(RemoteWebDriver.java:432)
	at org.openqa.selenium.By$ByXPath.findElements(By.java:348)
	at org.openqa.selenium.remote.RemoteWebDriver.findElements(RemoteWebDriver.java:311)
	at jdk.internal.reflect.GeneratedMethodAccessor9.invoke(Unknown Source)
	at java.base/jdk.internal.reflect.DelegatingMethodAccessorImpl.invoke(DelegatingMethodAccessorImpl.java:43)
	at org.openqa.selenium.support.events.EventFiringWebDriver.lambda$new$1(EventFiringWebDriver.java:105)
	at jdk.proxy2/jdk.proxy2.$Proxy26.findElements(Unknown Source)
	at org.openqa.selenium.support.events.EventFiringWebDriver.findElements(EventFiringWebDriver.java:182)
	at com.kms.katalon.core.webui.common.WebUiCommonHelper.findElementByNormalMethods(WebUiCommonHelper.java:1033)
	at com.kms.katalon.core.webui.common.WebUiCommonHelper.findElementsBySelectedMethod(WebUiCommonHelper.java:924)
	at com.kms.katalon.core.webui.common.WebUiCommonHelper.findElementsBySelectedMethod(WebUiCommonHelper.java:906)
	at com.kms.katalon.core.webui.common.WebUiCommonHelper.findElementsBySelectedMethod(WebUiCommonHelper.java:901)
	at com.kms.katalon.core.webui.common.WebUiCommonHelper.findElementsByDefault(WebUiCommonHelper.java:897)
	at com.kms.katalon.core.webui.common.WebUiCommonHelper.findElementsWithSelfHealing(WebUiCommonHelper.java:743)
	at com.kms.katalon.core.webui.common.WebUiCommonHelper.findWebElements(WebUiCommonHelper.java:727)
	at com.kms.katalon.core.webui.common.WebUiCommonHelper.findWebElement(WebUiCommonHelper.java:1413)
	at com.kms.katalon.core.webui.keyword.internal.WebUIAbstractKeyword.findWebElement(WebUIAbstractKeyword.groovy:27)
	at com.kms.katalon.core.webui.keyword.builtin.ClickKeyword$_click_closure1.doCall(ClickKeyword.groovy:65)
	at com.kms.katalon.core.webui.keyword.builtin.ClickKeyword$_click_closure1.call(ClickKeyword.groovy)
	at com.kms.katalon.core.webui.keyword.internal.WebUIKeywordMain.runKeyword(WebUIKeywordMain.groovy:35)
	at com.kms.katalon.core.webui.keyword.builtin.ClickKeyword.click(ClickKeyword.groovy:74)
	at com.kms.katalon.core.webui.keyword.builtin.ClickKeyword.execute(ClickKeyword.groovy:40)
	at com.kms.katalon.core.keyword.internal.KeywordExecutor.executeKeywordForPlatform(KeywordExecutor.groovy:74)
	at com.kms.katalon.core.webui.keyword.WebUiBuiltInKeywords.click(WebUiBuiltInKeywords.groovy:659)
	at com.kms.katalon.core.webui.keyword.WebUiBuiltInKeywords$click$4.call(Unknown Source)
	at Script1685556995599.run(Script1685556995599.groovy:26)
	... 16 more
Caused by: java.net.ConnectException: Failed to connect to localhost/[0:0:0:0:0:0:0:1]:28468
	at okhttp3.internal.connection.RealConnection.connectSocket(RealConnection.java:247)
	at okhttp3.internal.connection.RealConnection.connect(RealConnection.java:165)
	at okhttp3.internal.connection.StreamAllocation.findConnection(StreamAllocation.java:257)
	at okhttp3.internal.connection.StreamAllocation.findHealthyConnection(StreamAllocation.java:135)
	at okhttp3.internal.connection.StreamAllocation.newStream(StreamAllocation.java:114)
	at okhttp3.internal.connection.ConnectInterceptor.intercept(ConnectInterceptor.java:42)
	at okhttp3.internal.http.RealInterceptorChain.proceed(RealInterceptorChain.java:147)
	at okhttp3.internal.http.RealInterceptorChain.proceed(RealInterceptorChain.java:121)
	at okhttp3.internal.cache.CacheInterceptor.intercept(CacheInterceptor.java:93)
	at okhttp3.internal.http.RealInterceptorChain.proceed(RealInterceptorChain.java:147)
	at okhttp3.internal.http.RealInterceptorChain.proceed(RealInterceptorChain.java:121)
	at okhttp3.internal.http.BridgeInterceptor.intercept(BridgeInterceptor.java:93)
	at okhttp3.internal.http.RealInterceptorChain.proceed(RealInterceptorChain.java:147)
	at okhttp3.internal.http.RetryAndFollowUpInterceptor.intercept(RetryAndFollowUpInterceptor.java:126)
	at okhttp3.internal.http.RealInterceptorChain.proceed(RealInterceptorChain.java:147)
	at okhttp3.internal.http.RealInterceptorChain.proceed(RealInterceptorChain.java:121)
	at okhttp3.RealCall.getResponseWithInterceptorChain(RealCall.java:200)
	at okhttp3.RealCall.execute(RealCall.java:77)
	at org.openqa.selenium.remote.internal.OkHttpClient.execute(OkHttpClient.java:103)
	at org.openqa.selenium.remote.HttpCommandExecutor.execute(HttpCommandExecutor.java:155)
	at org.openqa.selenium.remote.service.DriverCommandExecutor.execute(DriverCommandExecutor.java:83)
	... 45 more
Caused by: java.net.ConnectException: Connection refused: no further information
	at okhttp3.internal.platform.Platform.connectSocket(Platform.java:129)
	at okhttp3.internal.connection.RealConnection.connectSocket(RealConnection.java:245)
	... 65 more
)

21-10-2025T19:11:16 - [TEST_STEP][FAILED] - Start listener action : retryOnDisconnect: null

21-10-2025T19:11:16 - [TEST_STEP][PASSED] - tcId = testCaseContext.getTestCaseId(): null

21-10-2025T19:11:16 - [TEST_STEP][PASSED] - currentRetry = retryCounts.getOrDefault(tcId, 0): null

21-10-2025T19:11:16 - [TEST_STEP][FAILED] - if (testCaseContext.getTestCaseStatus() == "FAILED" && currentRetry < MAX_RETRIES): null

21-10-2025T19:11:16 - [TEST_STEP][FAILED] - try: Unable to get the url of the current window (Root cause: com.kms.katalon.core.exception.StepFailedException: Unable to get the url of the current window
	at com.kms.katalon.core.webui.keyword.internal.WebUIKeywordMain.stepFailed(WebUIKeywordMain.groovy:117)
	at com.kms.katalon.core.webui.keyword.internal.WebUIKeywordMain.runKeyword(WebUIKeywordMain.groovy:43)
	at com.kms.katalon.core.webui.keyword.builtin.GetUrlKeyword.getUrl(GetUrlKeyword.groovy:76)
	at com.kms.katalon.core.webui.keyword.builtin.GetUrlKeyword.execute(GetUrlKeyword.groovy:66)
	at com.kms.katalon.core.keyword.internal.KeywordExecutor.executeKeywordForPlatform(KeywordExecutor.groovy:74)
	at com.kms.katalon.core.webui.keyword.WebUiBuiltInKeywords.getUrl(WebUiBuiltInKeywords.groovy:276)
	at com.kms.katalon.core.webui.keyword.WebUiBuiltInKeywords$getUrl$14.call(Unknown Source)
	at WebDriverRetryListener.retryOnDisconnect(WebDriverRecoveryListener.groovy:22)
	at jdk.internal.reflect.GeneratedMethodAccessor47.invoke(Unknown Source)
	at java.base/jdk.internal.reflect.DelegatingMethodAccessorImpl.invoke(DelegatingMethodAccessorImpl.java:43)
	at com.kms.katalon.core.context.internal.TestHooker.invokeMethod(TestHooker.java:111)
	at com.kms.katalon.core.context.internal.TestHooker.lambda$3(TestHooker.java:95)
	at com.kms.katalon.core.context.internal.TestHooker.invokeContextMethods(TestHooker.java:94)
	at com.kms.katalon.core.context.internal.TestListenerCollector.lambda$3(TestListenerCollector.java:88)
	at com.kms.katalon.core.context.internal.TestListenerCollector.handleListenerEvent(TestListenerCollector.java:85)
	at com.kms.katalon.core.context.internal.ExecutionEventManager.publicEvent(ExecutionEventManager.java:36)
	at com.kms.katalon.core.main.TestCaseExecutor.execute(TestCaseExecutor.java:315)
	at com.kms.katalon.core.common.CommonExecutor.accessTestCaseMainPhase(CommonExecutor.java:65)
	at com.kms.katalon.core.main.TestSuiteExecutor.accessTestSuiteMainPhase(TestSuiteExecutor.java:150)
	at com.kms.katalon.core.main.TestSuiteExecutor.execute(TestSuiteExecutor.java:106)
	at com.kms.katalon.core.main.TestCaseMain.startTestSuite(TestCaseMain.java:180)
	at com.kms.katalon.core.main.TestCaseMain$startTestSuite$0.call(Unknown Source)
	at TempTestSuite1761084128061.run(TempTestSuite1761084128061.groovy:35)
	at java.base/jdk.internal.reflect.NativeMethodAccessorImpl.invoke0(Native Method)
	at java.base/jdk.internal.reflect.NativeMethodAccessorImpl.invoke(NativeMethodAccessorImpl.java:77)
	at java.base/jdk.internal.reflect.DelegatingMethodAccessorImpl.invoke(DelegatingMethodAccessorImpl.java:43)
Caused by: org.openqa.selenium.WebDriverException: java.net.ConnectException: Failed to connect to localhost/[0:0:0:0:0:0:0:1]:28468
Build info: version: '3.141.59', revision: 'unknown', time: 'unknown'
System info: host: 'DC1ADOBLD01', ip: '10.2.20.71', os.name: 'Windows Server 2019', os.arch: 'amd64', os.version: '10.0', java.version: '17.0.7'
Driver info: driver.version: EventFiringWebDriver
	at org.openqa.selenium.remote.service.DriverCommandExecutor.execute(DriverCommandExecutor.java:92)
	at org.openqa.selenium.remote.RemoteWebDriver.execute(RemoteWebDriver.java:552)
	at com.kms.katalon.selenium.driver.CChromeDriver.execute(CChromeDriver.java:19)
	at org.openqa.selenium.remote.RemoteWebDriver.execute(RemoteWebDriver.java:609)
	at org.openqa.selenium.remote.RemoteWebDriver.getCurrentUrl(RemoteWebDriver.java:287)
	at java.base/jdk.internal.reflect.NativeMethodAccessorImpl.invoke0(Native Method)
	at java.base/jdk.internal.reflect.NativeMethodAccessorImpl.invoke(NativeMethodAccessorImpl.java:77)
	at java.base/jdk.internal.reflect.DelegatingMethodAccessorImpl.invoke(DelegatingMethodAccessorImpl.java:43)
	at org.openqa.selenium.support.events.EventFiringWebDriver.lambda$new$1(EventFiringWebDriver.java:105)
	at jdk.proxy2/jdk.proxy2.$Proxy26.getCurrentUrl(Unknown Source)
	at org.openqa.selenium.support.events.EventFiringWebDriver.getCurrentUrl(EventFiringWebDriver.java:171)
	at com.kms.katalon.core.webui.keyword.builtin.GetUrlKeyword$_getUrl_closure1.doCall(GetUrlKeyword.groovy:73)
	at com.kms.katalon.core.webui.keyword.builtin.GetUrlKeyword$_getUrl_closure1.call(GetUrlKeyword.groovy)
	at com.kms.katalon.core.webui.keyword.internal.WebUIKeywordMain.runKeyword(WebUIKeywordMain.groovy:35)
	... 24 more
Caused by: java.net.ConnectException: Failed to connect to localhost/[0:0:0:0:0:0:0:1]:28468
	at okhttp3.internal.connection.RealConnection.connectSocket(RealConnection.java:247)
	at okhttp3.internal.connection.RealConnection.connect(RealConnection.java:165)
	at okhttp3.internal.connection.StreamAllocation.findConnection(StreamAllocation.java:257)
	at okhttp3.internal.connection.StreamAllocation.findHealthyConnection(StreamAllocation.java:135)
	at okhttp3.internal.connection.StreamAllocation.newStream(StreamAllocation.java:114)
	at okhttp3.internal.connection.ConnectInterceptor.intercept(ConnectInterceptor.java:42)
	at okhttp3.internal.http.RealInterceptorChain.proceed(RealInterceptorChain.java:147)
	at okhttp3.internal.http.RealInterceptorChain.proceed(RealInterceptorChain.java:121)
	at okhttp3.internal.cache.CacheInterceptor.intercept(CacheInterceptor.java:93)
	at okhttp3.internal.http.RealInterceptorChain.proceed(RealInterceptorChain.java:147)
	at okhttp3.internal.http.RealInterceptorChain.proceed(RealInterceptorChain.java:121)
	at okhttp3.internal.http.BridgeInterceptor.intercept(BridgeInterceptor.java:93)
	at okhttp3.internal.http.RealInterceptorChain.proceed(RealInterceptorChain.java:147)
	at okhttp3.internal.http.RetryAndFollowUpInterceptor.intercept(RetryAndFollowUpInterceptor.java:126)
	at okhttp3.internal.http.RealInterceptorChain.proceed(RealInterceptorChain.java:147)
	at okhttp3.internal.http.RealInterceptorChain.proceed(RealInterceptorChain.java:121)
	at okhttp3.RealCall.getResponseWithInterceptorChain(RealCall.java:200)
	at okhttp3.RealCall.execute(RealCall.java:77)
	at org.openqa.selenium.remote.internal.OkHttpClient.execute(OkHttpClient.java:103)
	at org.openqa.selenium.remote.HttpCommandExecutor.execute(HttpCommandExecutor.java:155)
	at org.openqa.selenium.remote.service.DriverCommandExecutor.execute(DriverCommandExecutor.java:83)
	... 37 more
Caused by: java.net.ConnectException: Connection refused: no further information
	at okhttp3.internal.platform.Platform.connectSocket(Platform.java:129)
	at okhttp3.internal.connection.RealConnection.connectSocket(RealConnection.java:245)
	... 57 more
)

21-10-2025T19:11:16 - [TEST_STEP][PASSED] - comment(Checking for WebDriver disconnect for test case: $tcId): Checking for WebDriver disconnect for test case: Test Cases/DES/Trading Partners Page/Subscription/Verify Process Now for Outbound LTR

21-10-2025T19:11:16 - [MESSAGE][INFO] - Checking for WebDriver disconnect for test case: Test Cases/DES/Trading Partners Page/Subscription/Verify Process Now for Outbound LTR

21-10-2025T19:11:16 - [TEST_STEP][FAILED] - getUrl(): Unable to get the url of the current window (Root cause: com.kms.katalon.core.exception.StepFailedException: Unable to get the url of the current window
	at com.kms.katalon.core.webui.keyword.internal.WebUIKeywordMain.stepFailed(WebUIKeywordMain.groovy:117)
	at com.kms.katalon.core.webui.keyword.internal.WebUIKeywordMain.runKeyword(WebUIKeywordMain.groovy:43)
	at com.kms.katalon.core.webui.keyword.builtin.GetUrlKeyword.getUrl(GetUrlKeyword.groovy:76)
	at com.kms.katalon.core.webui.keyword.builtin.GetUrlKeyword.execute(GetUrlKeyword.groovy:66)
	at com.kms.katalon.core.keyword.internal.KeywordExecutor.executeKeywordForPlatform(KeywordExecutor.groovy:74)
	at com.kms.katalon.core.webui.keyword.WebUiBuiltInKeywords.getUrl(WebUiBuiltInKeywords.groovy:276)
	at com.kms.katalon.core.webui.keyword.WebUiBuiltInKeywords$getUrl$14.call(Unknown Source)
	at WebDriverRetryListener.retryOnDisconnect(WebDriverRecoveryListener.groovy:22)
	at jdk.internal.reflect.GeneratedMethodAccessor47.invoke(Unknown Source)
	at java.base/jdk.internal.reflect.DelegatingMethodAccessorImpl.invoke(DelegatingMethodAccessorImpl.java:43)
	at com.kms.katalon.core.context.internal.TestHooker.invokeMethod(TestHooker.java:111)
	at com.kms.katalon.core.context.internal.TestHooker.lambda$3(TestHooker.java:95)
	at com.kms.katalon.core.context.internal.TestHooker.invokeContextMethods(TestHooker.java:94)
	at com.kms.katalon.core.context.internal.TestListenerCollector.lambda$3(TestListenerCollector.java:88)
	at com.kms.katalon.core.context.internal.TestListenerCollector.handleListenerEvent(TestListenerCollector.java:85)
	at com.kms.katalon.core.context.internal.ExecutionEventManager.publicEvent(ExecutionEventManager.java:36)
	at com.kms.katalon.core.main.TestCaseExecutor.execute(TestCaseExecutor.java:315)
	at com.kms.katalon.core.common.CommonExecutor.accessTestCaseMainPhase(CommonExecutor.java:65)
	at com.kms.katalon.core.main.TestSuiteExecutor.accessTestSuiteMainPhase(TestSuiteExecutor.java:150)
	at com.kms.katalon.core.main.TestSuiteExecutor.execute(TestSuiteExecutor.java:106)
	at com.kms.katalon.core.main.TestCaseMain.startTestSuite(TestCaseMain.java:180)
	at com.kms.katalon.core.main.TestCaseMain$startTestSuite$0.call(Unknown Source)
	at TempTestSuite1761084128061.run(TempTestSuite1761084128061.groovy:35)
	at java.base/jdk.internal.reflect.NativeMethodAccessorImpl.invoke0(Native Method)
	at java.base/jdk.internal.reflect.NativeMethodAccessorImpl.invoke(NativeMethodAccessorImpl.java:77)
	at java.base/jdk.internal.reflect.DelegatingMethodAccessorImpl.invoke(DelegatingMethodAccessorImpl.java:43)
Caused by: org.openqa.selenium.WebDriverException: java.net.ConnectException: Failed to connect to localhost/[0:0:0:0:0:0:0:1]:28468
Build info: version: '3.141.59', revision: 'unknown', time: 'unknown'
System info: host: 'DC1ADOBLD01', ip: '10.2.20.71', os.name: 'Windows Server 2019', os.arch: 'amd64', os.version: '10.0', java.version: '17.0.7'
Driver info: driver.version: EventFiringWebDriver
	at org.openqa.selenium.remote.service.DriverCommandExecutor.execute(DriverCommandExecutor.java:92)
	at org.openqa.selenium.remote.RemoteWebDriver.execute(RemoteWebDriver.java:552)
	at com.kms.katalon.selenium.driver.CChromeDriver.execute(CChromeDriver.java:19)
	at org.openqa.selenium.remote.RemoteWebDriver.execute(RemoteWebDriver.java:609)
	at org.openqa.selenium.remote.RemoteWebDriver.getCurrentUrl(RemoteWebDriver.java:287)
	at java.base/jdk.internal.reflect.NativeMethodAccessorImpl.invoke0(Native Method)
	at java.base/jdk.internal.reflect.NativeMethodAccessorImpl.invoke(NativeMethodAccessorImpl.java:77)
	at java.base/jdk.internal.reflect.DelegatingMethodAccessorImpl.invoke(DelegatingMethodAccessorImpl.java:43)
	at org.openqa.selenium.support.events.EventFiringWebDriver.lambda$new$1(EventFiringWebDriver.java:105)
	at jdk.proxy2/jdk.proxy2.$Proxy26.getCurrentUrl(Unknown Source)
	at org.openqa.selenium.support.events.EventFiringWebDriver.getCurrentUrl(EventFiringWebDriver.java:171)
	at com.kms.katalon.core.webui.keyword.builtin.GetUrlKeyword$_getUrl_closure1.doCall(GetUrlKeyword.groovy:73)
	at com.kms.katalon.core.webui.keyword.builtin.GetUrlKeyword$_getUrl_closure1.call(GetUrlKeyword.groovy)
	at com.kms.katalon.core.webui.keyword.internal.WebUIKeywordMain.runKeyword(WebUIKeywordMain.groovy:35)
	... 24 more
Caused by: java.net.ConnectException: Failed to connect to localhost/[0:0:0:0:0:0:0:1]:28468
	at okhttp3.internal.connection.RealConnection.connectSocket(RealConnection.java:247)
	at okhttp3.internal.connection.RealConnection.connect(RealConnection.java:165)
	at okhttp3.internal.connection.StreamAllocation.findConnection(StreamAllocation.java:257)
	at okhttp3.internal.connection.StreamAllocation.findHealthyConnection(StreamAllocation.java:135)
	at okhttp3.internal.connection.StreamAllocation.newStream(StreamAllocation.java:114)
	at okhttp3.internal.connection.ConnectInterceptor.intercept(ConnectInterceptor.java:42)
	at okhttp3.internal.http.RealInterceptorChain.proceed(RealInterceptorChain.java:147)
	at okhttp3.internal.http.RealInterceptorChain.proceed(RealInterceptorChain.java:121)
	at okhttp3.internal.cache.CacheInterceptor.intercept(CacheInterceptor.java:93)
	at okhttp3.internal.http.RealInterceptorChain.proceed(RealInterceptorChain.java:147)
	at okhttp3.internal.http.RealInterceptorChain.proceed(RealInterceptorChain.java:121)
	at okhttp3.internal.http.BridgeInterceptor.intercept(BridgeInterceptor.java:93)
	at okhttp3.internal.http.RealInterceptorChain.proceed(RealInterceptorChain.java:147)
	at okhttp3.internal.http.RetryAndFollowUpInterceptor.intercept(RetryAndFollowUpInterceptor.java:126)
	at okhttp3.internal.http.RealInterceptorChain.proceed(RealInterceptorChain.java:147)
	at okhttp3.internal.http.RealInterceptorChain.proceed(RealInterceptorChain.java:121)
	at okhttp3.RealCall.getResponseWithInterceptorChain(RealCall.java:200)
	at okhttp3.RealCall.execute(RealCall.java:77)
	at org.openqa.selenium.remote.internal.OkHttpClient.execute(OkHttpClient.java:103)
	at org.openqa.selenium.remote.HttpCommandExecutor.execute(HttpCommandExecutor.java:155)
	at org.openqa.selenium.remote.service.DriverCommandExecutor.execute(DriverCommandExecutor.java:83)
	... 37 more
Caused by: java.net.ConnectException: Connection refused: no further information
	at okhttp3.internal.platform.Platform.connectSocket(Platform.java:129)
	at okhttp3.internal.connection.RealConnection.connectSocket(RealConnection.java:245)
	... 57 more
)

21-10-2025T19:11:16 - [MESSAGE][FAILED] - Unable to get the url of the current window (Root cause: com.kms.katalon.core.exception.StepFailedException: Unable to get the url of the current window
	at com.kms.katalon.core.webui.keyword.internal.WebUIKeywordMain.stepFailed(WebUIKeywordMain.groovy:117)
	at com.kms.katalon.core.webui.keyword.internal.WebUIKeywordMain.runKeyword(WebUIKeywordMain.groovy:43)
	at com.kms.katalon.core.webui.keyword.builtin.GetUrlKeyword.getUrl(GetUrlKeyword.groovy:76)
	at com.kms.katalon.core.webui.keyword.builtin.GetUrlKeyword.execute(GetUrlKeyword.groovy:66)
	at com.kms.katalon.core.keyword.internal.KeywordExecutor.executeKeywordForPlatform(KeywordExecutor.groovy:74)
	at com.kms.katalon.core.webui.keyword.WebUiBuiltInKeywords.getUrl(WebUiBuiltInKeywords.groovy:276)
	at com.kms.katalon.core.webui.keyword.WebUiBuiltInKeywords$getUrl$14.call(Unknown Source)
	at WebDriverRetryListener.retryOnDisconnect(WebDriverRecoveryListener.groovy:22)
	at jdk.internal.reflect.GeneratedMethodAccessor47.invoke(Unknown Source)
	at java.base/jdk.internal.reflect.DelegatingMethodAccessorImpl.invoke(DelegatingMethodAccessorImpl.java:43)
	at com.kms.katalon.core.context.internal.TestHooker.invokeMethod(TestHooker.java:111)
	at com.kms.katalon.core.context.internal.TestHooker.lambda$3(TestHooker.java:95)
	at com.kms.katalon.core.context.internal.TestHooker.invokeContextMethods(TestHooker.java:94)
	at com.kms.katalon.core.context.internal.TestListenerCollector.lambda$3(TestListenerCollector.java:88)
	at com.kms.katalon.core.context.internal.TestListenerCollector.handleListenerEvent(TestListenerCollector.java:85)
	at com.kms.katalon.core.context.internal.ExecutionEventManager.publicEvent(ExecutionEventManager.java:36)
	at com.kms.katalon.core.main.TestCaseExecutor.execute(TestCaseExecutor.java:315)
	at com.kms.katalon.core.common.CommonExecutor.accessTestCaseMainPhase(CommonExecutor.java:65)
	at com.kms.katalon.core.main.TestSuiteExecutor.accessTestSuiteMainPhase(TestSuiteExecutor.java:150)
	at com.kms.katalon.core.main.TestSuiteExecutor.execute(TestSuiteExecutor.java:106)
	at com.kms.katalon.core.main.TestCaseMain.startTestSuite(TestCaseMain.java:180)
	at com.kms.katalon.core.main.TestCaseMain$startTestSuite$0.call(Unknown Source)
	at TempTestSuite1761084128061.run(TempTestSuite1761084128061.groovy:35)
	at java.base/jdk.internal.reflect.NativeMethodAccessorImpl.invoke0(Native Method)
	at java.base/jdk.internal.reflect.NativeMethodAccessorImpl.invoke(NativeMethodAccessorImpl.java:77)
	at java.base/jdk.internal.reflect.DelegatingMethodAccessorImpl.invoke(DelegatingMethodAccessorImpl.java:43)
Caused by: org.openqa.selenium.WebDriverException: java.net.ConnectException: Failed to connect to localhost/[0:0:0:0:0:0:0:1]:28468
Build info: version: '3.141.59', revision: 'unknown', time: 'unknown'
System info: host: 'DC1ADOBLD01', ip: '10.2.20.71', os.name: 'Windows Server 2019', os.arch: 'amd64', os.version: '10.0', java.version: '17.0.7'
Driver info: driver.version: EventFiringWebDriver
	at org.openqa.selenium.remote.service.DriverCommandExecutor.execute(DriverCommandExecutor.java:92)
	at org.openqa.selenium.remote.RemoteWebDriver.execute(RemoteWebDriver.java:552)
	at com.kms.katalon.selenium.driver.CChromeDriver.execute(CChromeDriver.java:19)
	at org.openqa.selenium.remote.RemoteWebDriver.execute(RemoteWebDriver.java:609)
	at org.openqa.selenium.remote.RemoteWebDriver.getCurrentUrl(RemoteWebDriver.java:287)
	at java.base/jdk.internal.reflect.NativeMethodAccessorImpl.invoke0(Native Method)
	at java.base/jdk.internal.reflect.NativeMethodAccessorImpl.invoke(NativeMethodAccessorImpl.java:77)
	at java.base/jdk.internal.reflect.DelegatingMethodAccessorImpl.invoke(DelegatingMethodAccessorImpl.java:43)
	at org.openqa.selenium.support.events.EventFiringWebDriver.lambda$new$1(EventFiringWebDriver.java:105)
	at jdk.proxy2/jdk.proxy2.$Proxy26.getCurrentUrl(Unknown Source)
	at org.openqa.selenium.support.events.EventFiringWebDriver.getCurrentUrl(EventFiringWebDriver.java:171)
	at com.kms.katalon.core.webui.keyword.builtin.GetUrlKeyword$_getUrl_closure1.doCall(GetUrlKeyword.groovy:73)
	at com.kms.katalon.core.webui.keyword.builtin.GetUrlKeyword$_getUrl_closure1.call(GetUrlKeyword.groovy)
	at com.kms.katalon.core.webui.keyword.internal.WebUIKeywordMain.runKeyword(WebUIKeywordMain.groovy:35)
	... 24 more
Caused by: java.net.ConnectException: Failed to connect to localhost/[0:0:0:0:0:0:0:1]:28468
	at okhttp3.internal.connection.RealConnection.connectSocket(RealConnection.java:247)
	at okhttp3.internal.connection.RealConnection.connect(RealConnection.java:165)
	at okhttp3.internal.connection.StreamAllocation.findConnection(StreamAllocation.java:257)
	at okhttp3.internal.connection.StreamAllocation.findHealthyConnection(StreamAllocation.java:135)
	at okhttp3.internal.connection.StreamAllocation.newStream(StreamAllocation.java:114)
	at okhttp3.internal.connection.ConnectInterceptor.intercept(ConnectInterceptor.java:42)
	at okhttp3.internal.http.RealInterceptorChain.proceed(RealInterceptorChain.java:147)
	at okhttp3.internal.http.RealInterceptorChain.proceed(RealInterceptorChain.java:121)
	at okhttp3.internal.cache.CacheInterceptor.intercept(CacheInterceptor.java:93)
	at okhttp3.internal.http.RealInterceptorChain.proceed(RealInterceptorChain.java:147)
	at okhttp3.internal.http.RealInterceptorChain.proceed(RealInterceptorChain.java:121)
	at okhttp3.internal.http.BridgeInterceptor.intercept(BridgeInterceptor.java:93)
	at okhttp3.internal.http.RealInterceptorChain.proceed(RealInterceptorChain.java:147)
	at okhttp3.internal.http.RetryAndFollowUpInterceptor.intercept(RetryAndFollowUpInterceptor.java:126)
	at okhttp3.internal.http.RealInterceptorChain.proceed(RealInterceptorChain.java:147)
	at okhttp3.internal.http.RealInterceptorChain.proceed(RealInterceptorChain.java:121)
	at okhttp3.RealCall.getResponseWithInterceptorChain(RealCall.java:200)
	at okhttp3.RealCall.execute(RealCall.java:77)
	at org.openqa.selenium.remote.internal.OkHttpClient.execute(OkHttpClient.java:103)
	at org.openqa.selenium.remote.HttpCommandExecutor.execute(HttpCommandExecutor.java:155)
	at org.openqa.selenium.remote.service.DriverCommandExecutor.execute(DriverCommandExecutor.java:83)
	... 37 more
Caused by: java.net.ConnectException: Connection refused: no further information
	at okhttp3.internal.platform.Platform.connectSocket(Platform.java:129)
	at okhttp3.internal.connection.RealConnection.connectSocket(RealConnection.java:245)
	... 57 more
)

21-10-2025T19:11:16 - [TEST_STEP][ERROR] - catch (Exception e): org.codehaus.groovy.runtime.InvokerInvocationException: groovy.lang.MissingMethodException: No signature of method: WebDriverRetryListener.findTestCase() is applicable for argument types: (String) values: [Test Cases/DES/Trading Partners Page/Subscription/Verify Process Now for Outbound LTR]
	at com.kms.katalon.core.context.internal.TestHooker.invokeMethod(TestHooker.java:111)
	at com.kms.katalon.core.context.internal.TestHooker.lambda$3(TestHooker.java:95)
	at com.kms.katalon.core.context.internal.TestHooker.invokeContextMethods(TestHooker.java:94)
	at com.kms.katalon.core.context.internal.TestListenerCollector.lambda$3(TestListenerCollector.java:88)
	at com.kms.katalon.core.context.internal.TestListenerCollector.handleListenerEvent(TestListenerCollector.java:85)
	at com.kms.katalon.core.context.internal.ExecutionEventManager.publicEvent(ExecutionEventManager.java:36)
	at com.kms.katalon.core.main.TestCaseExecutor.execute(TestCaseExecutor.java:315)
	at com.kms.katalon.core.common.CommonExecutor.accessTestCaseMainPhase(CommonExecutor.java:65)
	at com.kms.katalon.core.main.TestSuiteExecutor.accessTestSuiteMainPhase(TestSuiteExecutor.java:150)
	at com.kms.katalon.core.main.TestSuiteExecutor.execute(TestSuiteExecutor.java:106)
	at com.kms.katalon.core.main.TestCaseMain.startTestSuite(TestCaseMain.java:180)
	at com.kms.katalon.core.main.TestCaseMain$startTestSuite$0.call(Unknown Source)
	at TempTestSuite1761084128061.run(TempTestSuite1761084128061.groovy:35)
	at java.base/jdk.internal.reflect.NativeMethodAccessorImpl.invoke0(Native Method)
	at java.base/jdk.internal.reflect.NativeMethodAccessorImpl.invoke(NativeMethodAccessorImpl.java:77)
	at java.base/jdk.internal.reflect.DelegatingMethodAccessorImpl.invoke(DelegatingMethodAccessorImpl.java:43)
Caused by: groovy.lang.MissingMethodException: No signature of method: WebDriverRetryListener.findTestCase() is applicable for argument types: (String) values: [Test Cases/DES/Trading Partners Page/Subscription/Verify Process Now for Outbound LTR]
	at WebDriverRetryListener.retryOnDisconnect(WebDriverRecoveryListener.groovy:32)
	at jdk.internal.reflect.GeneratedMethodAccessor47.invoke(Unknown Source)
	at java.base/jdk.internal.reflect.DelegatingMethodAccessorImpl.invoke(DelegatingMethodAccessorImpl.java:43)
	... 16 more


21-10-2025T19:11:16 - [TEST_STEP][PASSED] - retryCounts[tcId] = currentRetry + 1: null

21-10-2025T19:11:16 - [TEST_STEP][PASSED] - comment(âš  WebDriver disconnected. Retrying test case ($(currentRetry + 1)/$MAX_RETRIES)...): âš  WebDriver disconnected. Retrying test case (1/1)...

21-10-2025T19:11:16 - [MESSAGE][INFO] - âš  WebDriver disconnected. Retrying test case (1/1)...

21-10-2025T19:11:16 - [TEST_STEP][PASSED] - try: Unable to close browser (Root cause: com.kms.katalon.core.exception.StepFailedException: Unable to close browser
	at com.kms.katalon.core.webui.keyword.internal.WebUIKeywordMain.stepFailed(WebUIKeywordMain.groovy:117)
	at com.kms.katalon.core.webui.keyword.internal.WebUIKeywordMain.runKeyword(WebUIKeywordMain.groovy:43)
	at com.kms.katalon.core.webui.keyword.builtin.CloseBrowserKeyword.closeBrowser(CloseBrowserKeyword.groovy:72)
	at com.kms.katalon.core.webui.keyword.builtin.CloseBrowserKeyword.execute(CloseBrowserKeyword.groovy:67)
	at com.kms.katalon.core.keyword.internal.KeywordExecutor.executeKeywordForPlatform(KeywordExecutor.groovy:74)
	at com.kms.katalon.core.webui.keyword.WebUiBuiltInKeywords.closeBrowser(WebUiBuiltInKeywords.groovy:75)
	at com.kms.katalon.core.webui.keyword.WebUiBuiltInKeywords$closeBrowser$17.call(Unknown Source)
	at WebDriverRetryListener.retryOnDisconnect(WebDriverRecoveryListener.groovy:29)
	at jdk.internal.reflect.GeneratedMethodAccessor47.invoke(Unknown Source)
	at java.base/jdk.internal.reflect.DelegatingMethodAccessorImpl.invoke(DelegatingMethodAccessorImpl.java:43)
	at com.kms.katalon.core.context.internal.TestHooker.invokeMethod(TestHooker.java:111)
	at com.kms.katalon.core.context.internal.TestHooker.lambda$3(TestHooker.java:95)
	at com.kms.katalon.core.context.internal.TestHooker.invokeContextMethods(TestHooker.java:94)
	at com.kms.katalon.core.context.internal.TestListenerCollector.lambda$3(TestListenerCollector.java:88)
	at com.kms.katalon.core.context.internal.TestListenerCollector.handleListenerEvent(TestListenerCollector.java:85)
	at com.kms.katalon.core.context.internal.ExecutionEventManager.publicEvent(ExecutionEventManager.java:36)
	at com.kms.katalon.core.main.TestCaseExecutor.execute(TestCaseExecutor.java:315)
	at com.kms.katalon.core.common.CommonExecutor.accessTestCaseMainPhase(CommonExecutor.java:65)
	at com.kms.katalon.core.main.TestSuiteExecutor.accessTestSuiteMainPhase(TestSuiteExecutor.java:150)
	at com.kms.katalon.core.main.TestSuiteExecutor.execute(TestSuiteExecutor.java:106)
	at com.kms.katalon.core.main.TestCaseMain.startTestSuite(TestCaseMain.java:180)
	at com.kms.katalon.core.main.TestCaseMain$startTestSuite$0.call(Unknown Source)
	at TempTestSuite1761084128061.run(TempTestSuite1761084128061.groovy:35)
	at java.base/jdk.internal.reflect.NativeMethodAccessorImpl.invoke0(Native Method)
	at java.base/jdk.internal.reflect.NativeMethodAccessorImpl.invoke(NativeMethodAccessorImpl.java:77)
	at java.base/jdk.internal.reflect.DelegatingMethodAccessorImpl.invoke(DelegatingMethodAccessorImpl.java:43)
Caused by: org.openqa.selenium.WebDriverException: java.net.ConnectException: Failed to connect to localhost/[0:0:0:0:0:0:0:1]:28468
Build info: version: '3.141.59', revision: 'unknown', time: 'unknown'
System info: host: 'DC1ADOBLD01', ip: '10.2.20.71', os.name: 'Windows Server 2019', os.arch: 'amd64', os.version: '10.0', java.version: '17.0.7'
Driver info: driver.version: EventFiringWebDriver
	at org.openqa.selenium.remote.service.DriverCommandExecutor.execute(DriverCommandExecutor.java:92)
	at org.openqa.selenium.remote.RemoteWebDriver.execute(RemoteWebDriver.java:552)
	at com.kms.katalon.selenium.driver.CChromeDriver.execute(CChromeDriver.java:19)
	at org.openqa.selenium.remote.RemoteWebDriver.execute(RemoteWebDriver.java:609)
	at org.openqa.selenium.remote.RemoteWebDriver.quit(RemoteWebDriver.java:452)
	at jdk.internal.reflect.GeneratedMethodAccessor46.invoke(Unknown Source)
	at java.base/jdk.internal.reflect.DelegatingMethodAccessorImpl.invoke(DelegatingMethodAccessorImpl.java:43)
	at org.openqa.selenium.support.events.EventFiringWebDriver.lambda$new$1(EventFiringWebDriver.java:105)
	at jdk.proxy2/jdk.proxy2.$Proxy26.quit(Unknown Source)
	at org.openqa.selenium.support.events.EventFiringWebDriver.quit(EventFiringWebDriver.java:211)
	at com.kms.katalon.core.webui.driver.DriverFactory.closeWebDriver(DriverFactory.java:1608)
	at com.kms.katalon.core.webui.keyword.builtin.CloseBrowserKeyword$_closeBrowser_closure1.doCall(CloseBrowserKeyword.groovy:74)
	at com.kms.katalon.core.webui.keyword.builtin.CloseBrowserKeyword$_closeBrowser_closure1.call(CloseBrowserKeyword.groovy)
	at com.kms.katalon.core.webui.keyword.internal.WebUIKeywordMain.runKeyword(WebUIKeywordMain.groovy:35)
	... 24 more
Caused by: java.net.ConnectException: Failed to connect to localhost/[0:0:0:0:0:0:0:1]:28468
	at okhttp3.internal.connection.RealConnection.connectSocket(RealConnection.java:247)
	at okhttp3.internal.connection.RealConnection.connect(RealConnection.java:165)
	at okhttp3.internal.connection.StreamAllocation.findConnection(StreamAllocation.java:257)
	at okhttp3.internal.connection.StreamAllocation.findHealthyConnection(StreamAllocation.java:135)
	at okhttp3.internal.connection.StreamAllocation.newStream(StreamAllocation.java:114)
	at okhttp3.internal.connection.ConnectInterceptor.intercept(ConnectInterceptor.java:42)
	at okhttp3.internal.http.RealInterceptorChain.proceed(RealInterceptorChain.java:147)
	at okhttp3.internal.http.RealInterceptorChain.proceed(RealInterceptorChain.java:121)
	at okhttp3.internal.cache.CacheInterceptor.intercept(CacheInterceptor.java:93)
	at okhttp3.internal.http.RealInterceptorChain.proceed(RealInterceptorChain.java:147)
	at okhttp3.internal.http.RealInterceptorChain.proceed(RealInterceptorChain.java:121)
	at okhttp3.internal.http.BridgeInterceptor.intercept(BridgeInterceptor.java:93)
	at okhttp3.internal.http.RealInterceptorChain.proceed(RealInterceptorChain.java:147)
	at okhttp3.internal.http.RetryAndFollowUpInterceptor.intercept(RetryAndFollowUpInterceptor.java:126)
	at okhttp3.internal.http.RealInterceptorChain.proceed(RealInterceptorChain.java:147)
	at okhttp3.internal.http.RealInterceptorChain.proceed(RealInterceptorChain.java:121)
	at okhttp3.RealCall.getResponseWithInterceptorChain(RealCall.java:200)
	at okhttp3.RealCall.execute(RealCall.java:77)
	at org.openqa.selenium.remote.internal.OkHttpClient.execute(OkHttpClient.java:103)
	at org.openqa.selenium.remote.HttpCommandExecutor.execute(HttpCommandExecutor.java:155)
	at org.openqa.selenium.remote.service.DriverCommandExecutor.execute(DriverCommandExecutor.java:83)
	... 37 more
Caused by: java.net.ConnectException: Connection refused: no further information
	at okhttp3.internal.platform.Platform.connectSocket(Platform.java:129)
	at okhttp3.internal.connection.RealConnection.connectSocket(RealConnection.java:245)
	... 57 more
)

21-10-2025T19:11:16 - [TEST_STEP][PASSED] - closeBrowser(OPTIONAL): Unable to close browser (Root cause: com.kms.katalon.core.exception.StepFailedException: Unable to close browser
	at com.kms.katalon.core.webui.keyword.internal.WebUIKeywordMain.stepFailed(WebUIKeywordMain.groovy:117)
	at com.kms.katalon.core.webui.keyword.internal.WebUIKeywordMain.runKeyword(WebUIKeywordMain.groovy:43)
	at com.kms.katalon.core.webui.keyword.builtin.CloseBrowserKeyword.closeBrowser(CloseBrowserKeyword.groovy:72)
	at com.kms.katalon.core.webui.keyword.builtin.CloseBrowserKeyword.execute(CloseBrowserKeyword.groovy:67)
	at com.kms.katalon.core.keyword.internal.KeywordExecutor.executeKeywordForPlatform(KeywordExecutor.groovy:74)
	at com.kms.katalon.core.webui.keyword.WebUiBuiltInKeywords.closeBrowser(WebUiBuiltInKeywords.groovy:75)
	at com.kms.katalon.core.webui.keyword.WebUiBuiltInKeywords$closeBrowser$17.call(Unknown Source)
	at WebDriverRetryListener.retryOnDisconnect(WebDriverRecoveryListener.groovy:29)
	at jdk.internal.reflect.GeneratedMethodAccessor47.invoke(Unknown Source)
	at java.base/jdk.internal.reflect.DelegatingMethodAccessorImpl.invoke(DelegatingMethodAccessorImpl.java:43)
	at com.kms.katalon.core.context.internal.TestHooker.invokeMethod(TestHooker.java:111)
	at com.kms.katalon.core.context.internal.TestHooker.lambda$3(TestHooker.java:95)
	at com.kms.katalon.core.context.internal.TestHooker.invokeContextMethods(TestHooker.java:94)
	at com.kms.katalon.core.context.internal.TestListenerCollector.lambda$3(TestListenerCollector.java:88)
	at com.kms.katalon.core.context.internal.TestListenerCollector.handleListenerEvent(TestListenerCollector.java:85)
	at com.kms.katalon.core.context.internal.ExecutionEventManager.publicEvent(ExecutionEventManager.java:36)
	at com.kms.katalon.core.main.TestCaseExecutor.execute(TestCaseExecutor.java:315)
	at com.kms.katalon.core.common.CommonExecutor.accessTestCaseMainPhase(CommonExecutor.java:65)
	at com.kms.katalon.core.main.TestSuiteExecutor.accessTestSuiteMainPhase(TestSuiteExecutor.java:150)
	at com.kms.katalon.core.main.TestSuiteExecutor.execute(TestSuiteExecutor.java:106)
	at com.kms.katalon.core.main.TestCaseMain.startTestSuite(TestCaseMain.java:180)
	at com.kms.katalon.core.main.TestCaseMain$startTestSuite$0.call(Unknown Source)
	at TempTestSuite1761084128061.run(TempTestSuite1761084128061.groovy:35)
	at java.base/jdk.internal.reflect.NativeMethodAccessorImpl.invoke0(Native Method)
	at java.base/jdk.internal.reflect.NativeMethodAccessorImpl.invoke(NativeMethodAccessorImpl.java:77)
	at java.base/jdk.internal.reflect.DelegatingMethodAccessorImpl.invoke(DelegatingMethodAccessorImpl.java:43)
Caused by: org.openqa.selenium.WebDriverException: java.net.ConnectException: Failed to connect to localhost/[0:0:0:0:0:0:0:1]:28468
Build info: version: '3.141.59', revision: 'unknown', time: 'unknown'
System info: host: 'DC1ADOBLD01', ip: '10.2.20.71', os.name: 'Windows Server 2019', os.arch: 'amd64', os.version: '10.0', java.version: '17.0.7'
Driver info: driver.version: EventFiringWebDriver
	at org.openqa.selenium.remote.service.DriverCommandExecutor.execute(DriverCommandExecutor.java:92)
	at org.openqa.selenium.remote.RemoteWebDriver.execute(RemoteWebDriver.java:552)
	at com.kms.katalon.selenium.driver.CChromeDriver.execute(CChromeDriver.java:19)
	at org.openqa.selenium.remote.RemoteWebDriver.execute(RemoteWebDriver.java:609)
	at org.openqa.selenium.remote.RemoteWebDriver.quit(RemoteWebDriver.java:452)
	at jdk.internal.reflect.GeneratedMethodAccessor46.invoke(Unknown Source)
	at java.base/jdk.internal.reflect.DelegatingMethodAccessorImpl.invoke(DelegatingMethodAccessorImpl.java:43)
	at org.openqa.selenium.support.events.EventFiringWebDriver.lambda$new$1(EventFiringWebDriver.java:105)
	at jdk.proxy2/jdk.proxy2.$Proxy26.quit(Unknown Source)
	at org.openqa.selenium.support.events.EventFiringWebDriver.quit(EventFiringWebDriver.java:211)
	at com.kms.katalon.core.webui.driver.DriverFactory.closeWebDriver(DriverFactory.java:1608)
	at com.kms.katalon.core.webui.keyword.builtin.CloseBrowserKeyword$_closeBrowser_closure1.doCall(CloseBrowserKeyword.groovy:74)
	at com.kms.katalon.core.webui.keyword.builtin.CloseBrowserKeyword$_closeBrowser_closure1.call(CloseBrowserKeyword.groovy)
	at com.kms.katalon.core.webui.keyword.internal.WebUIKeywordMain.runKeyword(WebUIKeywordMain.groovy:35)
	... 24 more
Caused by: java.net.ConnectException: Failed to connect to localhost/[0:0:0:0:0:0:0:1]:28468
	at okhttp3.internal.connection.RealConnection.connectSocket(RealConnection.java:247)
	at okhttp3.internal.connection.RealConnection.connect(RealConnection.java:165)
	at okhttp3.internal.connection.StreamAllocation.findConnection(StreamAllocation.java:257)
	at okhttp3.internal.connection.StreamAllocation.findHealthyConnection(StreamAllocation.java:135)
	at okhttp3.internal.connection.StreamAllocation.newStream(StreamAllocation.java:114)
	at okhttp3.internal.connection.ConnectInterceptor.intercept(ConnectInterceptor.java:42)
	at okhttp3.internal.http.RealInterceptorChain.proceed(RealInterceptorChain.java:147)
	at okhttp3.internal.http.RealInterceptorChain.proceed(RealInterceptorChain.java:121)
	at okhttp3.internal.cache.CacheInterceptor.intercept(CacheInterceptor.java:93)
	at okhttp3.internal.http.RealInterceptorChain.proceed(RealInterceptorChain.java:147)
	at okhttp3.internal.http.RealInterceptorChain.proceed(RealInterceptorChain.java:121)
	at okhttp3.internal.http.BridgeInterceptor.intercept(BridgeInterceptor.java:93)
	at okhttp3.internal.http.RealInterceptorChain.proceed(RealInterceptorChain.java:147)
	at okhttp3.internal.http.RetryAndFollowUpInterceptor.intercept(RetryAndFollowUpInterceptor.java:126)
	at okhttp3.internal.http.RealInterceptorChain.proceed(RealInterceptorChain.java:147)
	at okhttp3.internal.http.RealInterceptorChain.proceed(RealInterceptorChain.java:121)
	at okhttp3.RealCall.getResponseWithInterceptorChain(RealCall.java:200)
	at okhttp3.RealCall.execute(RealCall.java:77)
	at org.openqa.selenium.remote.internal.OkHttpClient.execute(OkHttpClient.java:103)
	at org.openqa.selenium.remote.HttpCommandExecutor.execute(HttpCommandExecutor.java:155)
	at org.openqa.selenium.remote.service.DriverCommandExecutor.execute(DriverCommandExecutor.java:83)
	... 37 more
Caused by: java.net.ConnectException: Connection refused: no further information
	at okhttp3.internal.platform.Platform.connectSocket(Platform.java:129)
	at okhttp3.internal.connection.RealConnection.connectSocket(RealConnection.java:245)
	... 57 more
)

21-10-2025T19:11:16 - [MESSAGE][WARNING] - Unable to close browser (Root cause: com.kms.katalon.core.exception.StepFailedException: Unable to close browser
	at com.kms.katalon.core.webui.keyword.internal.WebUIKeywordMain.stepFailed(WebUIKeywordMain.groovy:117)
	at com.kms.katalon.core.webui.keyword.internal.WebUIKeywordMain.runKeyword(WebUIKeywordMain.groovy:43)
	at com.kms.katalon.core.webui.keyword.builtin.CloseBrowserKeyword.closeBrowser(CloseBrowserKeyword.groovy:72)
	at com.kms.katalon.core.webui.keyword.builtin.CloseBrowserKeyword.execute(CloseBrowserKeyword.groovy:67)
	at com.kms.katalon.core.keyword.internal.KeywordExecutor.executeKeywordForPlatform(KeywordExecutor.groovy:74)
	at com.kms.katalon.core.webui.keyword.WebUiBuiltInKeywords.closeBrowser(WebUiBuiltInKeywords.groovy:75)
	at com.kms.katalon.core.webui.keyword.WebUiBuiltInKeywords$closeBrowser$17.call(Unknown Source)
	at WebDriverRetryListener.retryOnDisconnect(WebDriverRecoveryListener.groovy:29)
	at jdk.internal.reflect.GeneratedMethodAccessor47.invoke(Unknown Source)
	at java.base/jdk.internal.reflect.DelegatingMethodAccessorImpl.invoke(DelegatingMethodAccessorImpl.java:43)
	at com.kms.katalon.core.context.internal.TestHooker.invokeMethod(TestHooker.java:111)
	at com.kms.katalon.core.context.internal.TestHooker.lambda$3(TestHooker.java:95)
	at com.kms.katalon.core.context.internal.TestHooker.invokeContextMethods(TestHooker.java:94)
	at com.kms.katalon.core.context.internal.TestListenerCollector.lambda$3(TestListenerCollector.java:88)
	at com.kms.katalon.core.context.internal.TestListenerCollector.handleListenerEvent(TestListenerCollector.java:85)
	at com.kms.katalon.core.context.internal.ExecutionEventManager.publicEvent(ExecutionEventManager.java:36)
	at com.kms.katalon.core.main.TestCaseExecutor.execute(TestCaseExecutor.java:315)
	at com.kms.katalon.core.common.CommonExecutor.accessTestCaseMainPhase(CommonExecutor.java:65)
	at com.kms.katalon.core.main.TestSuiteExecutor.accessTestSuiteMainPhase(TestSuiteExecutor.java:150)
	at com.kms.katalon.core.main.TestSuiteExecutor.execute(TestSuiteExecutor.java:106)
	at com.kms.katalon.core.main.TestCaseMain.startTestSuite(TestCaseMain.java:180)
	at com.kms.katalon.core.main.TestCaseMain$startTestSuite$0.call(Unknown Source)
	at TempTestSuite1761084128061.run(TempTestSuite1761084128061.groovy:35)
	at java.base/jdk.internal.reflect.NativeMethodAccessorImpl.invoke0(Native Method)
	at java.base/jdk.internal.reflect.NativeMethodAccessorImpl.invoke(NativeMethodAccessorImpl.java:77)
	at java.base/jdk.internal.reflect.DelegatingMethodAccessorImpl.invoke(DelegatingMethodAccessorImpl.java:43)
Caused by: org.openqa.selenium.WebDriverException: java.net.ConnectException: Failed to connect to localhost/[0:0:0:0:0:0:0:1]:28468
Build info: version: '3.141.59', revision: 'unknown', time: 'unknown'
System info: host: 'DC1ADOBLD01', ip: '10.2.20.71', os.name: 'Windows Server 2019', os.arch: 'amd64', os.version: '10.0', java.version: '17.0.7'
Driver info: driver.version: EventFiringWebDriver
	at org.openqa.selenium.remote.service.DriverCommandExecutor.execute(DriverCommandExecutor.java:92)
	at org.openqa.selenium.remote.RemoteWebDriver.execute(RemoteWebDriver.java:552)
	at com.kms.katalon.selenium.driver.CChromeDriver.execute(CChromeDriver.java:19)
	at org.openqa.selenium.remote.RemoteWebDriver.execute(RemoteWebDriver.java:609)
	at org.openqa.selenium.remote.RemoteWebDriver.quit(RemoteWebDriver.java:452)
	at jdk.internal.reflect.GeneratedMethodAccessor46.invoke(Unknown Source)
	at java.base/jdk.internal.reflect.DelegatingMethodAccessorImpl.invoke(DelegatingMethodAccessorImpl.java:43)
	at org.openqa.selenium.support.events.EventFiringWebDriver.lambda$new$1(EventFiringWebDriver.java:105)
	at jdk.proxy2/jdk.proxy2.$Proxy26.quit(Unknown Source)
	at org.openqa.selenium.support.events.EventFiringWebDriver.quit(EventFiringWebDriver.java:211)
	at com.kms.katalon.core.webui.driver.DriverFactory.closeWebDriver(DriverFactory.java:1608)
	at com.kms.katalon.core.webui.keyword.builtin.CloseBrowserKeyword$_closeBrowser_closure1.doCall(CloseBrowserKeyword.groovy:74)
	at com.kms.katalon.core.webui.keyword.builtin.CloseBrowserKeyword$_closeBrowser_closure1.call(CloseBrowserKeyword.groovy)
	at com.kms.katalon.core.webui.keyword.internal.WebUIKeywordMain.runKeyword(WebUIKeywordMain.groovy:35)
	... 24 more
Caused by: java.net.ConnectException: Failed to connect to localhost/[0:0:0:0:0:0:0:1]:28468
	at okhttp3.internal.connection.RealConnection.connectSocket(RealConnection.java:247)
	at okhttp3.internal.connection.RealConnection.connect(RealConnection.java:165)
	at okhttp3.internal.connection.StreamAllocation.findConnection(StreamAllocation.java:257)
	at okhttp3.internal.connection.StreamAllocation.findHealthyConnection(StreamAllocation.java:135)
	at okhttp3.internal.connection.StreamAllocation.newStream(StreamAllocation.java:114)
	at okhttp3.internal.connection.ConnectInterceptor.intercept(ConnectInterceptor.java:42)
	at okhttp3.internal.http.RealInterceptorChain.proceed(RealInterceptorChain.java:147)
	at okhttp3.internal.http.RealInterceptorChain.proceed(RealInterceptorChain.java:121)
	at okhttp3.internal.cache.CacheInterceptor.intercept(CacheInterceptor.java:93)
	at okhttp3.internal.http.RealInterceptorChain.proceed(RealInterceptorChain.java:147)
	at okhttp3.internal.http.RealInterceptorChain.proceed(RealInterceptorChain.java:121)
	at okhttp3.internal.http.BridgeInterceptor.intercept(BridgeInterceptor.java:93)
	at okhttp3.internal.http.RealInterceptorChain.proceed(RealInterceptorChain.java:147)
	at okhttp3.internal.http.RetryAndFollowUpInterceptor.intercept(RetryAndFollowUpInterceptor.java:126)
	at okhttp3.internal.http.RealInterceptorChain.proceed(RealInterceptorChain.java:147)
	at okhttp3.internal.http.RealInterceptorChain.proceed(RealInterceptorChain.java:121)
	at okhttp3.RealCall.getResponseWithInterceptorChain(RealCall.java:200)
	at okhttp3.RealCall.execute(RealCall.java:77)
	at org.openqa.selenium.remote.internal.OkHttpClient.execute(OkHttpClient.java:103)
	at org.openqa.selenium.remote.HttpCommandExecutor.execute(HttpCommandExecutor.java:155)
	at org.openqa.selenium.remote.service.DriverCommandExecutor.execute(DriverCommandExecutor.java:83)
	... 37 more
Caused by: java.net.ConnectException: Connection refused: no further information
	at okhttp3.internal.platform.Platform.connectSocket(Platform.java:129)
	at okhttp3.internal.connection.RealConnection.connectSocket(RealConnection.java:245)
	... 57 more
)

21-10-2025T19:11:16 - [TEST_STEP][ERROR] - callTestCase(findTestCase(tcId), [:], STOP_ON_FAILURE): org.codehaus.groovy.runtime.InvokerInvocationException: groovy.lang.MissingMethodException: No signature of method: WebDriverRetryListener.findTestCase() is applicable for argument types: (String) values: [Test Cases/DES/Trading Partners Page/Subscription/Verify Process Now for Outbound LTR]
	at com.kms.katalon.core.context.internal.TestHooker.invokeMethod(TestHooker.java:111)
	at com.kms.katalon.core.context.internal.TestHooker.lambda$3(TestHooker.java:95)
	at com.kms.katalon.core.context.internal.TestHooker.invokeContextMethods(TestHooker.java:94)
	at com.kms.katalon.core.context.internal.TestListenerCollector.lambda$3(TestListenerCollector.java:88)
	at com.kms.katalon.core.context.internal.TestListenerCollector.handleListenerEvent(TestListenerCollector.java:85)
	at com.kms.katalon.core.context.internal.ExecutionEventManager.publicEvent(ExecutionEventManager.java:36)
	at com.kms.katalon.core.main.TestCaseExecutor.execute(TestCaseExecutor.java:315)
	at com.kms.katalon.core.common.CommonExecutor.accessTestCaseMainPhase(CommonExecutor.java:65)
	at com.kms.katalon.core.main.TestSuiteExecutor.accessTestSuiteMainPhase(TestSuiteExecutor.java:150)
	at com.kms.katalon.core.main.TestSuiteExecutor.execute(TestSuiteExecutor.java:106)
	at com.kms.katalon.core.main.TestCaseMain.startTestSuite(TestCaseMain.java:180)
	at com.kms.katalon.core.main.TestCaseMain$startTestSuite$0.call(Unknown Source)
	at TempTestSuite1761084128061.run(TempTestSuite1761084128061.groovy:35)
	at java.base/jdk.internal.reflect.NativeMethodAccessorImpl.invoke0(Native Method)
	at java.base/jdk.internal.reflect.NativeMethodAccessorImpl.invoke(NativeMethodAccessorImpl.java:77)
	at java.base/jdk.internal.reflect.DelegatingMethodAccessorImpl.invoke(DelegatingMethodAccessorImpl.java:43)
Caused by: groovy.lang.MissingMethodException: No signature of method: WebDriverRetryListener.findTestCase() is applicable for argument types: (String) values: [Test Cases/DES/Trading Partners Page/Subscription/Verify Process Now for Outbound LTR]
	at WebDriverRetryListener.retryOnDisconnect(WebDriverRecoveryListener.groovy:32)
	at jdk.internal.reflect.GeneratedMethodAccessor47.invoke(Unknown Source)
	at java.base/jdk.internal.reflect.DelegatingMethodAccessorImpl.invoke(DelegatingMethodAccessorImpl.java:43)
	... 16 more


21-10-2025T19:11:16 - [MESSAGE][ERROR] - org.codehaus.groovy.runtime.InvokerInvocationException: groovy.lang.MissingMethodException: No signature of method: WebDriverRetryListener.findTestCase() is applicable for argument types: (String) values: [Test Cases/DES/Trading Partners Page/Subscription/Verify Process Now for Outbound LTR]
	at com.kms.katalon.core.context.internal.TestHooker.invokeMethod(TestHooker.java:111)
	at com.kms.katalon.core.context.internal.TestHooker.lambda$3(TestHooker.java:95)
	at com.kms.katalon.core.context.internal.TestHooker.invokeContextMethods(TestHooker.java:94)
	at com.kms.katalon.core.context.internal.TestListenerCollector.lambda$3(TestListenerCollector.java:88)
	at com.kms.katalon.core.context.internal.TestListenerCollector.handleListenerEvent(TestListenerCollector.java:85)
	at com.kms.katalon.core.context.internal.ExecutionEventManager.publicEvent(ExecutionEventManager.java:36)
	at com.kms.katalon.core.main.TestCaseExecutor.execute(TestCaseExecutor.java:315)
	at com.kms.katalon.core.common.CommonExecutor.accessTestCaseMainPhase(CommonExecutor.java:65)
	at com.kms.katalon.core.main.TestSuiteExecutor.accessTestSuiteMainPhase(TestSuiteExecutor.java:150)
	at com.kms.katalon.core.main.TestSuiteExecutor.execute(TestSuiteExecutor.java:106)
	at com.kms.katalon.core.main.TestCaseMain.startTestSuite(TestCaseMain.java:180)
	at com.kms.katalon.core.main.TestCaseMain$startTestSuite$0.call(Unknown Source)
	at TempTestSuite1761084128061.run(TempTestSuite1761084128061.groovy:35)
	at java.base/jdk.internal.reflect.NativeMethodAccessorImpl.invoke0(Native Method)
	at java.base/jdk.internal.reflect.NativeMethodAccessorImpl.invoke(NativeMethodAccessorImpl.java:77)
	at java.base/jdk.internal.reflect.DelegatingMethodAccessorImpl.invoke(DelegatingMethodAccessorImpl.java:43)
Caused by: groovy.lang.MissingMethodException: No signature of method: WebDriverRetryListener.findTestCase() is applicable for argument types: (String) values: [Test Cases/DES/Trading Partners Page/Subscription/Verify Process Now for Outbound LTR]
	at WebDriverRetryListener.retryOnDisconnect(WebDriverRecoveryListener.groovy:32)
	at jdk.internal.reflect.GeneratedMethodAccessor47.invoke(Unknown Source)
	at java.base/jdk.internal.reflect.DelegatingMethodAccessorImpl.invoke(DelegatingMethodAccessorImpl.java:43)
	... 16 more]]></system-out>
         <system-err><![CDATA[21-10-2025T19:10:47 - [TEST_CASE][FAILED] - Test Cases/DES/Trading Partners Page/Subscription/Verify Process Now for Outbound LTR: Test Cases/DES/Trading Partners Page/Subscription/Verify Process Now for Outbound LTR FAILED.
Reason:
com.kms.katalon.core.exception.StepFailedException: Unable to click on object 'Object Repository/DES/TradingPartners/Katalon Trading TP View_btn'
	at com.kms.katalon.core.webui.keyword.internal.WebUIKeywordMain.stepFailed(WebUIKeywordMain.groovy:117)
	at com.kms.katalon.core.webui.keyword.internal.WebUIKeywordMain.runKeyword(WebUIKeywordMain.groovy:43)
	at com.kms.katalon.core.webui.keyword.builtin.ClickKeyword.click(ClickKeyword.groovy:74)
	at com.kms.katalon.core.webui.keyword.builtin.ClickKeyword.execute(ClickKeyword.groovy:40)
	at com.kms.katalon.core.keyword.internal.KeywordExecutor.executeKeywordForPlatform(KeywordExecutor.groovy:74)
	at com.kms.katalon.core.webui.keyword.WebUiBuiltInKeywords.click(WebUiBuiltInKeywords.groovy:659)
	at com.kms.katalon.core.webui.keyword.WebUiBuiltInKeywords$click$4.call(Unknown Source)
	at Verify Process Now for Outbound LTR.run(Verify Process Now for Outbound LTR:26)
	at com.kms.katalon.core.main.ScriptEngine.run(ScriptEngine.java:194)
	at com.kms.katalon.core.main.ScriptEngine.runScriptAsRawText(ScriptEngine.java:119)
	at com.kms.katalon.core.main.TestCaseExecutor.runScript(TestCaseExecutor.java:448)
	at com.kms.katalon.core.main.TestCaseExecutor.doExecute(TestCaseExecutor.java:439)
	at com.kms.katalon.core.main.TestCaseExecutor.processExecutionPhase(TestCaseExecutor.java:418)
	at com.kms.katalon.core.main.TestCaseExecutor.accessMainPhase(TestCaseExecutor.java:410)
	at com.kms.katalon.core.main.TestCaseExecutor.execute(TestCaseExecutor.java:285)
	at com.kms.katalon.core.common.CommonExecutor.accessTestCaseMainPhase(CommonExecutor.java:65)
	at com.kms.katalon.core.main.TestSuiteExecutor.accessTestSuiteMainPhase(TestSuiteExecutor.java:150)
	at com.kms.katalon.core.main.TestSuiteExecutor.execute(TestSuiteExecutor.java:106)
	at com.kms.katalon.core.main.TestCaseMain.startTestSuite(TestCaseMain.java:180)
	at com.kms.katalon.core.main.TestCaseMain$startTestSuite$0.call(Unknown Source)
	at TempTestSuite1761084128061.run(TempTestSuite1761084128061.groovy:35)
	at java.base/jdk.internal.reflect.NativeMethodAccessorImpl.invoke0(Native Method)
	at java.base/jdk.internal.reflect.NativeMethodAccessorImpl.invoke(NativeMethodAccessorImpl.java:77)
	at java.base/jdk.internal.reflect.DelegatingMethodAccessorImpl.invoke(DelegatingMethodAccessorImpl.java:43)
Caused by: org.openqa.selenium.WebDriverException: java.net.ConnectException: Failed to connect to localhost/[0:0:0:0:0:0:0:1]:28468
Build info: version: '3.141.59', revision: 'unknown', time: 'unknown'
System info: host: 'DC1ADOBLD01', ip: '10.2.20.71', os.name: 'Windows Server 2019', os.arch: 'amd64', os.version: '10.0', java.version: '17.0.7'
Driver info: driver.version: EventFiringWebDriver
	at org.openqa.selenium.remote.service.DriverCommandExecutor.execute(DriverCommandExecutor.java:92)
	at org.openqa.selenium.remote.RemoteWebDriver.execute(RemoteWebDriver.java:552)
	at com.kms.katalon.selenium.driver.CChromeDriver.execute(CChromeDriver.java:19)
	at org.openqa.selenium.remote.RemoteWebDriver.findElements(RemoteWebDriver.java:353)
	at org.openqa.selenium.remote.RemoteWebDriver.findElementsByXPath(RemoteWebDriver.java:432)
	at org.openqa.selenium.By$ByXPath.findElements(By.java:348)
	at org.openqa.selenium.remote.RemoteWebDriver.findElements(RemoteWebDriver.java:311)
	at jdk.internal.reflect.GeneratedMethodAccessor9.invoke(Unknown Source)
	at java.base/jdk.internal.reflect.DelegatingMethodAccessorImpl.invoke(DelegatingMethodAccessorImpl.java:43)
	at org.openqa.selenium.support.events.EventFiringWebDriver.lambda$new$1(EventFiringWebDriver.java:105)
	at jdk.proxy2/jdk.proxy2.$Proxy26.findElements(Unknown Source)
	at org.openqa.selenium.support.events.EventFiringWebDriver.findElements(EventFiringWebDriver.java:182)
	at com.kms.katalon.core.webui.common.WebUiCommonHelper.findElementByNormalMethods(WebUiCommonHelper.java:1033)
	at com.kms.katalon.core.webui.common.WebUiCommonHelper.findElementsBySelectedMethod(WebUiCommonHelper.java:924)
	at com.kms.katalon.core.webui.common.WebUiCommonHelper.findElementsBySelectedMethod(WebUiCommonHelper.java:906)
	at com.kms.katalon.core.webui.common.WebUiCommonHelper.findElementsBySelectedMethod(WebUiCommonHelper.java:901)
	at com.kms.katalon.core.webui.common.WebUiCommonHelper.findElementsByDefault(WebUiCommonHelper.java:897)
	at com.kms.katalon.core.webui.common.WebUiCommonHelper.findElementsWithSelfHealing(WebUiCommonHelper.java:743)
	at com.kms.katalon.core.webui.common.WebUiCommonHelper.findWebElements(WebUiCommonHelper.java:727)
	at com.kms.katalon.core.webui.common.WebUiCommonHelper.findWebElement(WebUiCommonHelper.java:1413)
	at com.kms.katalon.core.webui.keyword.internal.WebUIAbstractKeyword.findWebElement(WebUIAbstractKeyword.groovy:27)
	at com.kms.katalon.core.webui.keyword.builtin.ClickKeyword$_click_closure1.doCall(ClickKeyword.groovy:65)
	at com.kms.katalon.core.webui.keyword.builtin.ClickKeyword$_click_closure1.call(ClickKeyword.groovy)
	at com.kms.katalon.core.webui.keyword.internal.WebUIKeywordMain.runKeyword(WebUIKeywordMain.groovy:35)
	at com.kms.katalon.core.webui.keyword.builtin.ClickKeyword.click(ClickKeyword.groovy:74)
	at com.kms.katalon.core.webui.keyword.builtin.ClickKeyword.execute(ClickKeyword.groovy:40)
	at com.kms.katalon.core.keyword.internal.KeywordExecutor.executeKeywordForPlatform(KeywordExecutor.groovy:74)
	at com.kms.katalon.core.webui.keyword.WebUiBuiltInKeywords.click(WebUiBuiltInKeywords.groovy:659)
	at com.kms.katalon.core.webui.keyword.WebUiBuiltInKeywords$click$4.call(Unknown Source)
	at Script1685556995599.run(Script1685556995599.groovy:26)
	... 16 more
Caused by: java.net.ConnectException: Failed to connect to localhost/[0:0:0:0:0:0:0:1]:28468
	at okhttp3.internal.connection.RealConnection.connectSocket(RealConnection.java:247)
	at okhttp3.internal.connection.RealConnection.connect(RealConnection.java:165)
	at okhttp3.internal.connection.StreamAllocation.findConnection(StreamAllocation.java:257)
	at okhttp3.internal.connection.StreamAllocation.findHealthyConnection(StreamAllocation.java:135)
	at okhttp3.internal.connection.StreamAllocation.newStream(StreamAllocation.java:114)
	at okhttp3.internal.connection.ConnectInterceptor.intercept(ConnectInterceptor.java:42)
	at okhttp3.internal.http.RealInterceptorChain.proceed(RealInterceptorChain.java:147)
	at okhttp3.internal.http.RealInterceptorChain.proceed(RealInterceptorChain.java:121)
	at okhttp3.internal.cache.CacheInterceptor.intercept(CacheInterceptor.java:93)
	at okhttp3.internal.http.RealInterceptorChain.proceed(RealInterceptorChain.java:147)
	at okhttp3.internal.http.RealInterceptorChain.proceed(RealInterceptorChain.java:121)
	at okhttp3.internal.http.BridgeInterceptor.intercept(BridgeInterceptor.java:93)
	at okhttp3.internal.http.RealInterceptorChain.proceed(RealInterceptorChain.java:147)
	at okhttp3.internal.http.RetryAndFollowUpInterceptor.intercept(RetryAndFollowUpInterceptor.java:126)
	at okhttp3.internal.http.RealInterceptorChain.proceed(RealInterceptorChain.java:147)
	at okhttp3.internal.http.RealInterceptorChain.proceed(RealInterceptorChain.java:121)
	at okhttp3.RealCall.getResponseWithInterceptorChain(RealCall.java:200)
	at okhttp3.RealCall.execute(RealCall.java:77)
	at org.openqa.selenium.remote.internal.OkHttpClient.execute(OkHttpClient.java:103)
	at org.openqa.selenium.remote.HttpCommandExecutor.execute(HttpCommandExecutor.java:155)
	at org.openqa.selenium.remote.service.DriverCommandExecutor.execute(DriverCommandExecutor.java:83)
	... 45 more
Caused by: java.net.ConnectException: Connection refused: no further information
	at okhttp3.internal.platform.Platform.connectSocket(Platform.java:129)
	at okhttp3.internal.connection.RealConnection.connectSocket(RealConnection.java:245)
	at okhttp3.internal.connection.RealConnection.connect(RealConnection.java:165)
	at okhttp3.internal.connection.StreamAllocation.findConnection(StreamAllocation.java:257)
	at okhttp3.internal.connection.StreamAllocation.findHealthyConnection(StreamAllocation.java:135)
	at okhttp3.internal.connection.StreamAllocation.newStream(StreamAllocation.java:114)
	at okhttp3.internal.connection.ConnectInterceptor.intercept(ConnectInterceptor.java:42)
	at okhttp3.internal.http.RealInterceptorChain.proceed(RealInterceptorChain.java:147)
	at okhttp3.internal.http.RealInterceptorChain.proceed(RealInterceptorChain.java:121)
	at okhttp3.internal.cache.CacheInterceptor.intercept(CacheInterceptor.java:93)
	at okhttp3.internal.http.RealInterceptorChain.proceed(RealInterceptorChain.java:147)
	at okhttp3.internal.http.RealInterceptorChain.proceed(RealInterceptorChain.java:121)
	at okhttp3.internal.http.BridgeInterceptor.intercept(BridgeInterceptor.java:93)
	at okhttp3.internal.http.RealInterceptorChain.proceed(RealInterceptorChain.java:147)
	at okhttp3.internal.http.RetryAndFollowUpInterceptor.intercept(RetryAndFollowUpInterceptor.java:126)
	at okhttp3.internal.http.RealInterceptorChain.proceed(RealInterceptorChain.java:147)
	at okhttp3.internal.http.RealInterceptorChain.proceed(RealInterceptorChain.java:121)
	at okhttp3.RealCall.getResponseWithInterceptorChain(RealCall.java:200)
	at okhttp3.RealCall.execute(RealCall.java:77)
	at org.openqa.selenium.remote.internal.OkHttpClient.execute(OkHttpClient.java:103)
	at org.openqa.selenium.remote.HttpCommandExecutor.execute(HttpCommandExecutor.java:155)
	at org.openqa.selenium.remote.service.DriverCommandExecutor.execute(DriverCommandExecutor.java:83)
	at org.openqa.selenium.remote.RemoteWebDriver.execute(RemoteWebDriver.java:552)
	at com.kms.katalon.selenium.driver.CChromeDriver.execute(CChromeDriver.java:19)
	at org.openqa.selenium.remote.RemoteWebDriver.findElements(RemoteWebDriver.java:353)
	at org.openqa.selenium.remote.RemoteWebDriver.findElementsByXPath(RemoteWebDriver.java:432)
	at org.openqa.selenium.By$ByXPath.findElements(By.java:348)
	at org.openqa.selenium.remote.RemoteWebDriver.findElements(RemoteWebDriver.java:311)
	at jdk.internal.reflect.GeneratedMethodAccessor9.invoke(Unknown Source)
	at java.base/jdk.internal.reflect.DelegatingMethodAccessorImpl.invoke(DelegatingMethodAccessorImpl.java:43)
	at org.openqa.selenium.support.events.EventFiringWebDriver.lambda$new$1(EventFiringWebDriver.java:105)
	at jdk.proxy2/jdk.proxy2.$Proxy26.findElements(Unknown Source)
	at org.openqa.selenium.support.events.EventFiringWebDriver.findElements(EventFiringWebDriver.java:182)
	at com.kms.katalon.core.webui.common.WebUiCommonHelper.findElementByNormalMethods(WebUiCommonHelper.java:1033)
	at com.kms.katalon.core.webui.common.WebUiCommonHelper.findElementsBySelectedMethod(WebUiCommonHelper.java:924)
	at com.kms.katalon.core.webui.common.WebUiCommonHelper.findElementsBySelectedMethod(WebUiCommonHelper.java:906)
	at com.kms.katalon.core.webui.common.WebUiCommonHelper.findElementsBySelectedMethod(WebUiCommonHelper.java:901)
	at com.kms.katalon.core.webui.common.WebUiCommonHelper.findElementsByDefault(WebUiCommonHelper.java:897)
	at com.kms.katalon.core.webui.common.WebUiCommonHelper.findElementsWithSelfHealing(WebUiCommonHelper.java:743)
	at com.kms.katalon.core.webui.common.WebUiCommonHelper.findWebElements(WebUiCommonHelper.java:727)
	at com.kms.katalon.core.webui.common.WebUiCommonHelper.findWebElement(WebUiCommonHelper.java:1413)
	at com.kms.katalon.core.webui.keyword.internal.WebUIAbstractKeyword.findWebElement(WebUIAbstractKeyword.groovy:27)
	at com.kms.katalon.core.webui.keyword.builtin.ClickKeyword$_click_closure1.doCall(ClickKeyword.groovy:65)
	at com.kms.katalon.core.webui.keyword.builtin.ClickKeyword$_click_closure1.call(ClickKeyword.groovy)
	at com.kms.katalon.core.webui.keyword.internal.WebUIKeywordMain.runKeyword(WebUIKeywordMain.groovy:35)
	at com.kms.katalon.core.webui.keyword.builtin.ClickKeyword.click(ClickKeyword.groovy:74)
	at com.kms.katalon.core.webui.keyword.builtin.ClickKeyword.execute(ClickKeyword.groovy:40)
	at com.kms.katalon.core.keyword.internal.KeywordExecutor.executeKeywordForPlatform(KeywordExecutor.groovy:74)
	at com.kms.katalon.core.webui.keyword.WebUiBuiltInKeywords.click(WebUiBuiltInKeywords.groovy:659)
	at com.kms.katalon.core.webui.keyword.WebUiBuiltInKeywords$click$4.call(Unknown Source)
	at Verify Process Now for Outbound LTR.run(Verify Process Now for Outbound LTR:26)
	... 16 more]]></system-err>
      </testcase>
      <testcase name="Test Cases/DES/Trading Partners Page/Subscription/Verify Process Now for Outbound SSM" time="30.994" classname="Test Cases/DES/Trading Partners Page/Subscription/Verify Process Now for Outbound SSM" status="PASSED">
         <system-out><![CDATA[21-10-2025T19:11:16 - [TEST_CASE][PASSED] - Test Cases/DES/Trading Partners Page/Subscription/Verify Process Now for Outbound SSM: Test Cases/DES/Trading Partners Page/Subscription/Verify Process Now for Outbound SSM

21-10-2025T19:11:16 - [TEST_STEP][PASSED] - Start listener action : beforeTestCase: null

21-10-2025T19:11:16 - [TEST_STEP][PASSED] - addDefaultPackages(): null

21-10-2025T19:11:16 - [TEST_STEP][PASSED] - callTestCase(findTestCase("DES/DES Login"), [:], STOP_ON_FAILURE): Call Test Case 'Test Cases/DES/DES Login' successfully

21-10-2025T19:11:16 - [TEST_CASE][PASSED] - Test Cases/DES/DES Login: Test Cases/DES/DES Login

21-10-2025T19:11:16 - [TEST_STEP][PASSED] - openBrowser(""): Browser is opened with url: ''

21-10-2025T19:11:16 - [MESSAGE][INFO] - Starting 'Chrome' driver

21-10-2025T19:11:16 - [MESSAGE][INFO] - User set preference: ['args', '[--no-sandbox, --disable-gpu, --disable-dev-shm-usage]']

21-10-2025T19:11:16 - [MESSAGE][INFO] - Action delay is set to 0 milliseconds

21-10-2025T19:11:17 - [MESSAGE][PASSED] - Browser is opened with url: ''

21-10-2025T19:11:17 - [TEST_STEP][PASSED] - maximizeWindow(): Current window maximized

21-10-2025T19:11:17 - [MESSAGE][PASSED] - Current window maximized

21-10-2025T19:11:17 - [TEST_STEP][PASSED] - delay(10): Delayed 10 second(s)

21-10-2025T19:11:27 - [MESSAGE][PASSED] - Delayed 10 second(s)

21-10-2025T19:11:27 - [TEST_STEP][PASSED] - navigateToUrl("https://dx-portal.qa.thekag.com/"): Navigate to 'https://dx-portal.qa.thekag.com/' successfully

21-10-2025T19:11:27 - [MESSAGE][PASSED] - Navigate to 'https://dx-portal.qa.thekag.com/' successfully

21-10-2025T19:11:27 - [TEST_STEP][PASSED] - delay(5): Delayed 5 second(s)

21-10-2025T19:11:32 - [MESSAGE][PASSED] - Delayed 5 second(s)

21-10-2025T19:11:32 - [TEST_STEP][PASSED] - setText(findTestObject("Object Repository/Page_IdentityServer4/input_Username (e.g. email address)_Username"), "Chris.Sheldon+DES_QA@Thekag.com"): Text 'Chris.Sheldon+DES_QA@Thekag.com' is set on object 'Object Repository/Page_IdentityServer4/input_Username (e.g. email address)_Username'

21-10-2025T19:11:33 - [MESSAGE][PASSED] - Text 'Chris.Sheldon+DES_QA@Thekag.com' is set on object 'Object Repository/Page_IdentityServer4/input_Username (e.g. email address)_Username'

21-10-2025T19:11:33 - [TEST_STEP][PASSED] - setEncryptedText(findTestObject("Page_IdentityServer4/input_Password_Password"), "BtpyPJuZxPz9EFo3Zi2c4Q=="): Text ****** has been set on object 'Object Repository/Page_IdentityServer4/input_Password_Password'

21-10-2025T19:11:33 - [MESSAGE][PASSED] - Text ****** has been set on object 'Object Repository/Page_IdentityServer4/input_Password_Password'

21-10-2025T19:11:33 - [TEST_STEP][PASSED] - click(findTestObject("Object Repository/Page_IdentityServer4/button_Login")): Object: 'Object Repository/Page_IdentityServer4/button_Login' is clicked on

21-10-2025T19:11:33 - [MESSAGE][PASSED] - Object: 'Object Repository/Page_IdentityServer4/button_Login' is clicked on

21-10-2025T19:11:33 - [TEST_STEP][PASSED] - delay(5): Delayed 5 second(s)

21-10-2025T19:11:38 - [MESSAGE][PASSED] - Delayed 5 second(s)

21-10-2025T19:11:38 - [MESSAGE][PASSED] - Call Test Case 'Test Cases/DES/DES Login' successfully

21-10-2025T19:11:38 - [TEST_STEP][PASSED] - setText(findTestObject("DES/Trading Partners Page/Search Trading Partner_input_txt"), "FIM FIM Load Tenders"): Text 'FIM FIM Load Tenders' is set on object 'Object Repository/DES/Trading Partners Page/Search Trading Partner_input_txt'

21-10-2025T19:11:38 - [MESSAGE][PASSED] - Text 'FIM FIM Load Tenders' is set on object 'Object Repository/DES/Trading Partners Page/Search Trading Partner_input_txt'

21-10-2025T19:11:38 - [TEST_STEP][PASSED] - delay(5): Delayed 5 second(s)

21-10-2025T19:11:43 - [MESSAGE][PASSED] - Delayed 5 second(s)

21-10-2025T19:11:43 - [TEST_STEP][PASSED] - click(findTestObject("DES/TradingPartners/Katalon Trading TP View_btn")): Object: 'Object Repository/DES/TradingPartners/Katalon Trading TP View_btn' is clicked on

21-10-2025T19:11:43 - [MESSAGE][PASSED] - Object: 'Object Repository/DES/TradingPartners/Katalon Trading TP View_btn' is clicked on

21-10-2025T19:11:43 - [TEST_STEP][PASSED] - click(findTestObject("DES/TradingPartners/Subscription/Subscription Tab")): Object: 'Object Repository/DES/TradingPartners/Subscription/Subscription Tab' is clicked on

21-10-2025T19:11:45 - [MESSAGE][PASSED] - Object: 'Object Repository/DES/TradingPartners/Subscription/Subscription Tab' is clicked on

21-10-2025T19:11:45 - [TEST_STEP][PASSED] - check(findTestObject("DES/TradingPartners/Subscription/Hide Inactive Subscription_checkbox")): Object 'Object Repository/DES/TradingPartners/Subscription/Hide Inactive Subscription_checkbox' is checked

21-10-2025T19:11:47 - [MESSAGE][PASSED] - Object 'Object Repository/DES/TradingPartners/Subscription/Hide Inactive Subscription_checkbox' is checked

21-10-2025T19:11:47 - [TEST_STEP][PASSED] - verifyElementPresent(findTestObject("DES/TradingPartners/Subscription/Process Now_option_3rd_subscription"), 30): Object 'Object Repository/DES/TradingPartners/Subscription/Process Now_option_3rd_subscription' is present

21-10-2025T19:11:47 - [MESSAGE][PASSED] - Object 'Object Repository/DES/TradingPartners/Subscription/Process Now_option_3rd_subscription' is present

21-10-2025T19:11:47 - [TEST_STEP][PASSED] - verifyElementClickable(findTestObject("DES/TradingPartners/Subscription/Process Now_option_3rd_subscription")): Object 'Object Repository/DES/TradingPartners/Subscription/Process Now_option_3rd_subscription' is clickable

21-10-2025T19:11:47 - [MESSAGE][PASSED] - Object 'Object Repository/DES/TradingPartners/Subscription/Process Now_option_3rd_subscription' is clickable

21-10-2025T19:11:47 - [TEST_STEP][PASSED] - scrollToPosition(0, 0): Browser is scrolled to position x = 0, y = 0

21-10-2025T19:11:47 - [MESSAGE][PASSED] - Browser is scrolled to position x = 0, y = 0

21-10-2025T19:11:47 - [TEST_STEP][PASSED] - click(findTestObject("DES/TradingPartners/Subscription/Select_dropdown_btn_3rd_subscription")): Object: 'Object Repository/DES/TradingPartners/Subscription/Select_dropdown_btn_3rd_subscription' is clicked on

21-10-2025T19:11:47 - [MESSAGE][PASSED] - Object: 'Object Repository/DES/TradingPartners/Subscription/Select_dropdown_btn_3rd_subscription' is clicked on

21-10-2025T19:11:47 - [TEST_STEP][PASSED] - click(findTestObject("DES/TradingPartners/Subscription/Process Now_option_3rd_subscription")): Object: 'Object Repository/DES/TradingPartners/Subscription/Process Now_option_3rd_subscription' is clicked on

21-10-2025T19:11:47 - [MESSAGE][PASSED] - Object: 'Object Repository/DES/TradingPartners/Subscription/Process Now_option_3rd_subscription' is clicked on

21-10-2025T19:11:47 - [TEST_STEP][PASSED] - closeBrowser(): Browser is closed

21-10-2025T19:11:47 - [MESSAGE][PASSED] - Browser is closed

21-10-2025T19:11:47 - [TEST_STEP][PASSED] - Start listener action : retryOnDisconnect: null

21-10-2025T19:11:47 - [TEST_STEP][PASSED] - tcId = testCaseContext.getTestCaseId(): null

21-10-2025T19:11:47 - [TEST_STEP][PASSED] - currentRetry = retryCounts.getOrDefault(tcId, 0): null

21-10-2025T19:11:47 - [TEST_STEP][PASSED] - if (testCaseContext.getTestCaseStatus() == "FAILED" && currentRetry < MAX_RETRIES): null]]></system-out>
         <system-err><![CDATA[]]></system-err>
      </testcase>
      <testcase name="Test Cases/DES/Trading Partners Page/Subscription/Inbound/AddINVInboundSubscription" time="45.329" classname="Test Cases/DES/Trading Partners Page/Subscription/Inbound/AddINVInboundSubscription" status="PASSED">
         <system-out><![CDATA[21-10-2025T19:11:47 - [TEST_CASE][PASSED] - Test Cases/DES/Trading Partners Page/Subscription/Inbound/AddINVInboundSubscription: Test Cases/DES/Trading Partners Page/Subscription/Inbound/AddINVInboundSubscription

21-10-2025T19:11:47 - [TEST_STEP][PASSED] - Start listener action : beforeTestCase: null

21-10-2025T19:11:47 - [TEST_STEP][PASSED] - addDefaultPackages(): null

21-10-2025T19:11:47 - [TEST_STEP][PASSED] - callTestCase(findTestCase("DES/DES Login"), [:], STOP_ON_FAILURE): Call Test Case 'Test Cases/DES/DES Login' successfully

21-10-2025T19:11:47 - [TEST_CASE][PASSED] - Test Cases/DES/DES Login: Test Cases/DES/DES Login

21-10-2025T19:11:47 - [TEST_STEP][PASSED] - openBrowser(""): Browser is opened with url: ''

21-10-2025T19:11:47 - [MESSAGE][INFO] - Starting 'Chrome' driver

21-10-2025T19:11:47 - [MESSAGE][INFO] - User set preference: ['args', '[--no-sandbox, --disable-gpu, --disable-dev-shm-usage]']

21-10-2025T19:11:47 - [MESSAGE][INFO] - Action delay is set to 0 milliseconds

21-10-2025T19:11:48 - [MESSAGE][PASSED] - Browser is opened with url: ''

21-10-2025T19:11:48 - [TEST_STEP][PASSED] - maximizeWindow(): Current window maximized

21-10-2025T19:11:48 - [MESSAGE][PASSED] - Current window maximized

21-10-2025T19:11:48 - [TEST_STEP][PASSED] - delay(10): Delayed 10 second(s)

21-10-2025T19:11:58 - [MESSAGE][PASSED] - Delayed 10 second(s)

21-10-2025T19:11:58 - [TEST_STEP][PASSED] - navigateToUrl("https://dx-portal.qa.thekag.com/"): Navigate to 'https://dx-portal.qa.thekag.com/' successfully

21-10-2025T19:11:59 - [MESSAGE][PASSED] - Navigate to 'https://dx-portal.qa.thekag.com/' successfully

21-10-2025T19:11:59 - [TEST_STEP][PASSED] - delay(5): Delayed 5 second(s)

21-10-2025T19:12:04 - [MESSAGE][PASSED] - Delayed 5 second(s)

21-10-2025T19:12:04 - [TEST_STEP][PASSED] - setText(findTestObject("Object Repository/Page_IdentityServer4/input_Username (e.g. email address)_Username"), "Chris.Sheldon+DES_QA@Thekag.com"): Text 'Chris.Sheldon+DES_QA@Thekag.com' is set on object 'Object Repository/Page_IdentityServer4/input_Username (e.g. email address)_Username'

21-10-2025T19:12:04 - [MESSAGE][PASSED] - Text 'Chris.Sheldon+DES_QA@Thekag.com' is set on object 'Object Repository/Page_IdentityServer4/input_Username (e.g. email address)_Username'

21-10-2025T19:12:04 - [TEST_STEP][PASSED] - setEncryptedText(findTestObject("Page_IdentityServer4/input_Password_Password"), "BtpyPJuZxPz9EFo3Zi2c4Q=="): Text ****** has been set on object 'Object Repository/Page_IdentityServer4/input_Password_Password'

21-10-2025T19:12:04 - [MESSAGE][PASSED] - Text ****** has been set on object 'Object Repository/Page_IdentityServer4/input_Password_Password'

21-10-2025T19:12:04 - [TEST_STEP][PASSED] - click(findTestObject("Object Repository/Page_IdentityServer4/button_Login")): Object: 'Object Repository/Page_IdentityServer4/button_Login' is clicked on

21-10-2025T19:12:04 - [MESSAGE][PASSED] - Object: 'Object Repository/Page_IdentityServer4/button_Login' is clicked on

21-10-2025T19:12:04 - [TEST_STEP][PASSED] - delay(5): Delayed 5 second(s)

21-10-2025T19:12:09 - [MESSAGE][PASSED] - Delayed 5 second(s)

21-10-2025T19:12:09 - [MESSAGE][PASSED] - Call Test Case 'Test Cases/DES/DES Login' successfully

21-10-2025T19:12:09 - [TEST_STEP][PASSED] - setText(findTestObject("Object Repository/DES/Trading Partners Page/Search Trading Partner_input_txt"), "Katalon Trading"): Text 'Katalon Trading' is set on object 'Object Repository/DES/Trading Partners Page/Search Trading Partner_input_txt'

21-10-2025T19:12:10 - [MESSAGE][PASSED] - Text 'Katalon Trading' is set on object 'Object Repository/DES/Trading Partners Page/Search Trading Partner_input_txt'

21-10-2025T19:12:10 - [TEST_STEP][PASSED] - delay(5): Delayed 5 second(s)

21-10-2025T19:12:15 - [MESSAGE][PASSED] - Delayed 5 second(s)

21-10-2025T19:12:15 - [TEST_STEP][PASSED] - click(findTestObject("Object Repository/DES/TradingPartners/Katalon Trading TP View_btn")): Object: 'Object Repository/DES/TradingPartners/Katalon Trading TP View_btn' is clicked on

21-10-2025T19:12:15 - [MESSAGE][PASSED] - Object: 'Object Repository/DES/TradingPartners/Katalon Trading TP View_btn' is clicked on

21-10-2025T19:12:15 - [TEST_STEP][PASSED] - delay(3): Delayed 3 second(s)

21-10-2025T19:12:18 - [MESSAGE][PASSED] - Delayed 3 second(s)

21-10-2025T19:12:18 - [TEST_STEP][PASSED] - click(findTestObject("Object Repository/DES/TradingPartners/Subscription/Subscription Tab")): Object: 'Object Repository/DES/TradingPartners/Subscription/Subscription Tab' is clicked on

21-10-2025T19:12:18 - [MESSAGE][PASSED] - Object: 'Object Repository/DES/TradingPartners/Subscription/Subscription Tab' is clicked on

21-10-2025T19:12:18 - [TEST_STEP][PASSED] - delay(3): Delayed 3 second(s)

21-10-2025T19:12:21 - [MESSAGE][PASSED] - Delayed 3 second(s)

21-10-2025T19:12:21 - [TEST_STEP][PASSED] - click(findTestObject("Object Repository/Page_data-exchange/button_Add Subscription")): Object: 'Object Repository/Page_data-exchange/button_Add Subscription' is clicked on

21-10-2025T19:12:21 - [MESSAGE][PASSED] - Object: 'Object Repository/Page_data-exchange/button_Add Subscription' is clicked on

21-10-2025T19:12:21 - [TEST_STEP][PASSED] - delay(5): Delayed 5 second(s)

21-10-2025T19:12:26 - [MESSAGE][PASSED] - Delayed 5 second(s)

21-10-2025T19:12:26 - [TEST_STEP][PASSED] - selectOptionByIndex(findTestObject("DES/Trading Partners Page/Subscription/Subscription Transaction Type_dropdown"), "7", STOP_ON_FAILURE): All options with index in [7] are selected on object 'Object Repository/DES/Trading Partners Page/Subscription/Subscription Transaction Type_dropdown'

21-10-2025T19:12:26 - [MESSAGE][PASSED] - All options with index in [7] are selected on object 'Object Repository/DES/Trading Partners Page/Subscription/Subscription Transaction Type_dropdown'

21-10-2025T19:12:26 - [TEST_STEP][PASSED] - selectOptionByIndex(findTestObject("DES/Trading Partners Page/Subscription/Direction_dropdown"), "1", STOP_ON_FAILURE): All options with index in [1] are selected on object 'Object Repository/DES/Trading Partners Page/Subscription/Direction_dropdown'

21-10-2025T19:12:26 - [MESSAGE][PASSED] - All options with index in [1] are selected on object 'Object Repository/DES/Trading Partners Page/Subscription/Direction_dropdown'

21-10-2025T19:12:26 - [TEST_STEP][PASSED] - setText(findTestObject("DES/Trading Partners Page/Subscription/Description_txt"), "Katalon UI scripting"): Text 'Katalon UI scripting' is set on object 'Object Repository/DES/Trading Partners Page/Subscription/Description_txt'

21-10-2025T19:12:26 - [MESSAGE][PASSED] - Text 'Katalon UI scripting' is set on object 'Object Repository/DES/Trading Partners Page/Subscription/Description_txt'

21-10-2025T19:12:26 - [TEST_STEP][PASSED] - click(findTestObject("DES/Trading Partners Page/Subscription/Transaction SubTypes/Transaction SubType_dropdown")): Object: 'Object Repository/DES/Trading Partners Page/Subscription/Transaction SubTypes/Transaction SubType_dropdown' is clicked on

21-10-2025T19:12:26 - [MESSAGE][PASSED] - Object: 'Object Repository/DES/Trading Partners Page/Subscription/Transaction SubTypes/Transaction SubType_dropdown' is clicked on

21-10-2025T19:12:26 - [TEST_STEP][PASSED] - delay(2): Delayed 2 second(s)

21-10-2025T19:12:28 - [MESSAGE][PASSED] - Delayed 2 second(s)

21-10-2025T19:12:28 - [TEST_STEP][PASSED] - click(findTestObject("DES/Trading Partners Page/Subscription/Transaction SubTypes/Invoice_SubType_Credit_option"), STOP_ON_FAILURE): Object: 'Object Repository/DES/Trading Partners Page/Subscription/Transaction SubTypes/Invoice_SubType_Credit_option' is clicked on

21-10-2025T19:12:29 - [MESSAGE][PASSED] - Object: 'Object Repository/DES/Trading Partners Page/Subscription/Transaction SubTypes/Invoice_SubType_Credit_option' is clicked on

21-10-2025T19:12:29 - [TEST_STEP][PASSED] - delay(2): Delayed 2 second(s)

21-10-2025T19:12:31 - [MESSAGE][PASSED] - Delayed 2 second(s)

21-10-2025T19:12:31 - [TEST_STEP][PASSED] - click(findTestObject("DES/Trading Partners Page/Subscription/Transaction SubTypes/Invoice_SubType_Rebill_option"), STOP_ON_FAILURE): Object: 'Object Repository/DES/Trading Partners Page/Subscription/Transaction SubTypes/Invoice_SubType_Rebill_option' is clicked on

21-10-2025T19:12:31 - [MESSAGE][PASSED] - Object: 'Object Repository/DES/Trading Partners Page/Subscription/Transaction SubTypes/Invoice_SubType_Rebill_option' is clicked on

21-10-2025T19:12:31 - [TEST_STEP][PASSED] - delay(2): Delayed 2 second(s)

21-10-2025T19:12:33 - [MESSAGE][PASSED] - Delayed 2 second(s)

21-10-2025T19:12:33 - [TEST_STEP][PASSED] - click(findTestObject("DES/Trading Partners Page/Subscription/Save_btn")): Object: 'Object Repository/DES/Trading Partners Page/Subscription/Save_btn' is clicked on

21-10-2025T19:12:33 - [MESSAGE][PASSED] - Object: 'Object Repository/DES/Trading Partners Page/Subscription/Save_btn' is clicked on

21-10-2025T19:12:33 - [TEST_STEP][PASSED] - Start listener action : retryOnDisconnect: null

21-10-2025T19:12:33 - [TEST_STEP][PASSED] - tcId = testCaseContext.getTestCaseId(): null

21-10-2025T19:12:33 - [TEST_STEP][PASSED] - currentRetry = retryCounts.getOrDefault(tcId, 0): null

21-10-2025T19:12:33 - [TEST_STEP][PASSED] - if (testCaseContext.getTestCaseStatus() == "FAILED" && currentRetry < MAX_RETRIES): null]]></system-out>
         <system-err><![CDATA[]]></system-err>
      </testcase>
      <testcase name="Test Cases/DES/Trading Partners Page/Subscription/Inbound/AddActivityNotificationsInboundSubscription" time="50.844" classname="Test Cases/DES/Trading Partners Page/Subscription/Inbound/AddActivityNotificationsInboundSubscription" status="PASSED">
         <system-out><![CDATA[21-10-2025T19:12:33 - [TEST_CASE][PASSED] - Test Cases/DES/Trading Partners Page/Subscription/Inbound/AddActivityNotificationsInboundSubscription: Test Cases/DES/Trading Partners Page/Subscription/Inbound/AddActivityNotificationsInboundSubscription

21-10-2025T19:12:33 - [TEST_STEP][PASSED] - Start listener action : beforeTestCase: null

21-10-2025T19:12:33 - [TEST_STEP][PASSED] - addDefaultPackages(): null

21-10-2025T19:12:33 - [TEST_STEP][PASSED] - callTestCase(findTestCase("DES/DES Login"), [:], STOP_ON_FAILURE): Call Test Case 'Test Cases/DES/DES Login' successfully

21-10-2025T19:12:33 - [TEST_CASE][PASSED] - Test Cases/DES/DES Login: Test Cases/DES/DES Login

21-10-2025T19:12:33 - [TEST_STEP][PASSED] - openBrowser(""): Browser is opened with url: ''

21-10-2025T19:12:33 - [MESSAGE][WARNING] - A browser is already opened. Closing browser and opening a new one

21-10-2025T19:12:33 - [MESSAGE][INFO] - Starting 'Chrome' driver

21-10-2025T19:12:33 - [MESSAGE][INFO] - User set preference: ['args', '[--no-sandbox, --disable-gpu, --disable-dev-shm-usage]']

21-10-2025T19:12:33 - [MESSAGE][INFO] - Action delay is set to 0 milliseconds

21-10-2025T19:12:34 - [MESSAGE][PASSED] - Browser is opened with url: ''

21-10-2025T19:12:34 - [TEST_STEP][PASSED] - maximizeWindow(): Current window maximized

21-10-2025T19:12:34 - [MESSAGE][PASSED] - Current window maximized

21-10-2025T19:12:34 - [TEST_STEP][PASSED] - delay(10): Delayed 10 second(s)

21-10-2025T19:12:44 - [MESSAGE][PASSED] - Delayed 10 second(s)

21-10-2025T19:12:44 - [TEST_STEP][PASSED] - navigateToUrl("https://dx-portal.qa.thekag.com/"): Navigate to 'https://dx-portal.qa.thekag.com/' successfully

21-10-2025T19:12:44 - [MESSAGE][PASSED] - Navigate to 'https://dx-portal.qa.thekag.com/' successfully

21-10-2025T19:12:44 - [TEST_STEP][PASSED] - delay(5): Delayed 5 second(s)

21-10-2025T19:12:49 - [MESSAGE][PASSED] - Delayed 5 second(s)

21-10-2025T19:12:49 - [TEST_STEP][PASSED] - setText(findTestObject("Object Repository/Page_IdentityServer4/input_Username (e.g. email address)_Username"), "Chris.Sheldon+DES_QA@Thekag.com"): Text 'Chris.Sheldon+DES_QA@Thekag.com' is set on object 'Object Repository/Page_IdentityServer4/input_Username (e.g. email address)_Username'

21-10-2025T19:12:49 - [MESSAGE][PASSED] - Text 'Chris.Sheldon+DES_QA@Thekag.com' is set on object 'Object Repository/Page_IdentityServer4/input_Username (e.g. email address)_Username'

21-10-2025T19:12:49 - [TEST_STEP][PASSED] - setEncryptedText(findTestObject("Page_IdentityServer4/input_Password_Password"), "BtpyPJuZxPz9EFo3Zi2c4Q=="): Text ****** has been set on object 'Object Repository/Page_IdentityServer4/input_Password_Password'

21-10-2025T19:12:49 - [MESSAGE][PASSED] - Text ****** has been set on object 'Object Repository/Page_IdentityServer4/input_Password_Password'

21-10-2025T19:12:49 - [TEST_STEP][PASSED] - click(findTestObject("Object Repository/Page_IdentityServer4/button_Login")): Object: 'Object Repository/Page_IdentityServer4/button_Login' is clicked on

21-10-2025T19:12:50 - [MESSAGE][PASSED] - Object: 'Object Repository/Page_IdentityServer4/button_Login' is clicked on

21-10-2025T19:12:50 - [TEST_STEP][PASSED] - delay(5): Delayed 5 second(s)

21-10-2025T19:12:55 - [MESSAGE][PASSED] - Delayed 5 second(s)

21-10-2025T19:12:55 - [MESSAGE][PASSED] - Call Test Case 'Test Cases/DES/DES Login' successfully

21-10-2025T19:12:55 - [TEST_STEP][PASSED] - setText(findTestObject("Object Repository/DES/Trading Partners Page/Search Trading Partner_input_txt"), "Katalon Trading"): Text 'Katalon Trading' is set on object 'Object Repository/DES/Trading Partners Page/Search Trading Partner_input_txt'

21-10-2025T19:12:56 - [MESSAGE][PASSED] - Text 'Katalon Trading' is set on object 'Object Repository/DES/Trading Partners Page/Search Trading Partner_input_txt'

21-10-2025T19:12:56 - [TEST_STEP][PASSED] - delay(5): Delayed 5 second(s)

21-10-2025T19:13:01 - [MESSAGE][PASSED] - Delayed 5 second(s)

21-10-2025T19:13:01 - [TEST_STEP][PASSED] - click(findTestObject("Object Repository/DES/TradingPartners/Katalon Trading TP View_btn")): Object: 'Object Repository/DES/TradingPartners/Katalon Trading TP View_btn' is clicked on

21-10-2025T19:13:01 - [MESSAGE][PASSED] - Object: 'Object Repository/DES/TradingPartners/Katalon Trading TP View_btn' is clicked on

21-10-2025T19:13:01 - [TEST_STEP][PASSED] - delay(3): Delayed 3 second(s)

21-10-2025T19:13:04 - [MESSAGE][PASSED] - Delayed 3 second(s)

21-10-2025T19:13:04 - [TEST_STEP][PASSED] - click(findTestObject("Object Repository/DES/TradingPartners/Subscription/Subscription Tab")): Object: 'Object Repository/DES/TradingPartners/Subscription/Subscription Tab' is clicked on

21-10-2025T19:13:04 - [MESSAGE][PASSED] - Object: 'Object Repository/DES/TradingPartners/Subscription/Subscription Tab' is clicked on

21-10-2025T19:13:04 - [TEST_STEP][PASSED] - delay(3): Delayed 3 second(s)

21-10-2025T19:13:07 - [MESSAGE][PASSED] - Delayed 3 second(s)

21-10-2025T19:13:07 - [TEST_STEP][PASSED] - click(findTestObject("Object Repository/Page_data-exchange/button_Add Subscription")): Object: 'Object Repository/Page_data-exchange/button_Add Subscription' is clicked on

21-10-2025T19:13:07 - [MESSAGE][PASSED] - Object: 'Object Repository/Page_data-exchange/button_Add Subscription' is clicked on

21-10-2025T19:13:07 - [TEST_STEP][PASSED] - delay(5): Delayed 5 second(s)

21-10-2025T19:13:12 - [MESSAGE][PASSED] - Delayed 5 second(s)

21-10-2025T19:13:12 - [TEST_STEP][PASSED] - selectOptionByIndex(findTestObject("Object Repository/DES/Page_data-exchange/select_Select a Transaction TypeFinancial D_642f55"), "1", STOP_ON_FAILURE): All options with index in [1] are selected on object 'Object Repository/DES/Page_data-exchange/select_Select a Transaction TypeFinancial D_642f55'

21-10-2025T19:13:12 - [MESSAGE][PASSED] - All options with index in [1] are selected on object 'Object Repository/DES/Page_data-exchange/select_Select a Transaction TypeFinancial D_642f55'

21-10-2025T19:13:12 - [TEST_STEP][PASSED] - selectOptionByIndex(findTestObject("Object Repository/DES/Page_data-exchange/select_Select.InboundOutbound"), "1", STOP_ON_FAILURE): All options with index in [1] are selected on object 'Object Repository/DES/Page_data-exchange/select_Select.InboundOutbound'

21-10-2025T19:13:12 - [MESSAGE][PASSED] - All options with index in [1] are selected on object 'Object Repository/DES/Page_data-exchange/select_Select.InboundOutbound'

21-10-2025T19:13:12 - [TEST_STEP][PASSED] - delay(2): Delayed 2 second(s)

21-10-2025T19:13:14 - [MESSAGE][PASSED] - Delayed 2 second(s)

21-10-2025T19:13:14 - [TEST_STEP][PASSED] - click(findTestObject("DES/Trading Partners Page/Subscription/Transaction SubTypes/Transaction SubType_dropdown")): Object: 'Object Repository/DES/Trading Partners Page/Subscription/Transaction SubTypes/Transaction SubType_dropdown' is clicked on

21-10-2025T19:13:14 - [MESSAGE][PASSED] - Object: 'Object Repository/DES/Trading Partners Page/Subscription/Transaction SubTypes/Transaction SubType_dropdown' is clicked on

21-10-2025T19:13:14 - [TEST_STEP][PASSED] - delay(2): Delayed 2 second(s)

21-10-2025T19:13:16 - [MESSAGE][PASSED] - Delayed 2 second(s)

21-10-2025T19:13:16 - [TEST_STEP][PASSED] - click(findTestObject("DES/Trading Partners Page/Subscription/Transaction SubTypes/ActivityNotifications_SubType_CrossReferenceFailed_option"), STOP_ON_FAILURE): Object: 'Object Repository/DES/Trading Partners Page/Subscription/Transaction SubTypes/ActivityNotifications_SubType_CrossReferenceFailed_option' is clicked on

21-10-2025T19:13:16 - [MESSAGE][PASSED] - Object: 'Object Repository/DES/Trading Partners Page/Subscription/Transaction SubTypes/ActivityNotifications_SubType_CrossReferenceFailed_option' is clicked on

21-10-2025T19:13:16 - [TEST_STEP][PASSED] - delay(2): Delayed 2 second(s)

21-10-2025T19:13:18 - [MESSAGE][PASSED] - Delayed 2 second(s)

21-10-2025T19:13:18 - [TEST_STEP][PASSED] - click(findTestObject("Object Repository/DES/Page_data-exchange/button_Save")): Object: 'Object Repository/DES/Page_data-exchange/button_Save' is clicked on

21-10-2025T19:13:19 - [MESSAGE][PASSED] - Object: 'Object Repository/DES/Page_data-exchange/button_Save' is clicked on

21-10-2025T19:13:19 - [TEST_STEP][PASSED] - delay(5): Delayed 5 second(s)

21-10-2025T19:13:24 - [MESSAGE][PASSED] - Delayed 5 second(s)

21-10-2025T19:13:24 - [TEST_STEP][PASSED] - Start listener action : retryOnDisconnect: null

21-10-2025T19:13:24 - [TEST_STEP][PASSED] - tcId = testCaseContext.getTestCaseId(): null

21-10-2025T19:13:24 - [TEST_STEP][PASSED] - currentRetry = retryCounts.getOrDefault(tcId, 0): null

21-10-2025T19:13:24 - [TEST_STEP][PASSED] - if (testCaseContext.getTestCaseStatus() == "FAILED" && currentRetry < MAX_RETRIES): null]]></system-out>
         <system-err><![CDATA[]]></system-err>
      </testcase>
      <testcase name="Test Cases/DES/Trading Partners Page/Subscription/Inbound/AddAssetRepairOrder-InvoiceInboundSubscription" time="48.807" classname="Test Cases/DES/Trading Partners Page/Subscription/Inbound/AddAssetRepairOrder-InvoiceInboundSubscription" status="PASSED">
         <system-out><![CDATA[21-10-2025T19:13:24 - [TEST_CASE][PASSED] - Test Cases/DES/Trading Partners Page/Subscription/Inbound/AddAssetRepairOrder-InvoiceInboundSubscription: Test Cases/DES/Trading Partners Page/Subscription/Inbound/AddAssetRepairOrder-InvoiceInboundSubscription

21-10-2025T19:13:24 - [TEST_STEP][PASSED] - Start listener action : beforeTestCase: null

21-10-2025T19:13:24 - [TEST_STEP][PASSED] - addDefaultPackages(): null

21-10-2025T19:13:24 - [TEST_STEP][PASSED] - callTestCase(findTestCase("DES/DES Login"), [:], STOP_ON_FAILURE): Call Test Case 'Test Cases/DES/DES Login' successfully

21-10-2025T19:13:24 - [TEST_CASE][PASSED] - Test Cases/DES/DES Login: Test Cases/DES/DES Login

21-10-2025T19:13:24 - [TEST_STEP][PASSED] - openBrowser(""): Browser is opened with url: ''

21-10-2025T19:13:24 - [MESSAGE][WARNING] - A browser is already opened. Closing browser and opening a new one

21-10-2025T19:13:24 - [MESSAGE][INFO] - Starting 'Chrome' driver

21-10-2025T19:13:24 - [MESSAGE][INFO] - User set preference: ['args', '[--no-sandbox, --disable-gpu, --disable-dev-shm-usage]']

21-10-2025T19:13:24 - [MESSAGE][INFO] - Action delay is set to 0 milliseconds

21-10-2025T19:13:25 - [MESSAGE][PASSED] - Browser is opened with url: ''

21-10-2025T19:13:25 - [TEST_STEP][PASSED] - maximizeWindow(): Current window maximized

21-10-2025T19:13:25 - [MESSAGE][PASSED] - Current window maximized

21-10-2025T19:13:25 - [TEST_STEP][PASSED] - delay(10): Delayed 10 second(s)

21-10-2025T19:13:35 - [MESSAGE][PASSED] - Delayed 10 second(s)

21-10-2025T19:13:35 - [TEST_STEP][PASSED] - navigateToUrl("https://dx-portal.qa.thekag.com/"): Navigate to 'https://dx-portal.qa.thekag.com/' successfully

21-10-2025T19:13:36 - [MESSAGE][PASSED] - Navigate to 'https://dx-portal.qa.thekag.com/' successfully

21-10-2025T19:13:36 - [TEST_STEP][PASSED] - delay(5): Delayed 5 second(s)

21-10-2025T19:13:41 - [MESSAGE][PASSED] - Delayed 5 second(s)

21-10-2025T19:13:41 - [TEST_STEP][PASSED] - setText(findTestObject("Object Repository/Page_IdentityServer4/input_Username (e.g. email address)_Username"), "Chris.Sheldon+DES_QA@Thekag.com"): Text 'Chris.Sheldon+DES_QA@Thekag.com' is set on object 'Object Repository/Page_IdentityServer4/input_Username (e.g. email address)_Username'

21-10-2025T19:13:41 - [MESSAGE][PASSED] - Text 'Chris.Sheldon+DES_QA@Thekag.com' is set on object 'Object Repository/Page_IdentityServer4/input_Username (e.g. email address)_Username'

21-10-2025T19:13:41 - [TEST_STEP][PASSED] - setEncryptedText(findTestObject("Page_IdentityServer4/input_Password_Password"), "BtpyPJuZxPz9EFo3Zi2c4Q=="): Text ****** has been set on object 'Object Repository/Page_IdentityServer4/input_Password_Password'

21-10-2025T19:13:41 - [MESSAGE][PASSED] - Text ****** has been set on object 'Object Repository/Page_IdentityServer4/input_Password_Password'

21-10-2025T19:13:41 - [TEST_STEP][PASSED] - click(findTestObject("Object Repository/Page_IdentityServer4/button_Login")): Object: 'Object Repository/Page_IdentityServer4/button_Login' is clicked on

21-10-2025T19:13:41 - [MESSAGE][PASSED] - Object: 'Object Repository/Page_IdentityServer4/button_Login' is clicked on

21-10-2025T19:13:41 - [TEST_STEP][PASSED] - delay(5): Delayed 5 second(s)

21-10-2025T19:13:46 - [MESSAGE][PASSED] - Delayed 5 second(s)

21-10-2025T19:13:46 - [MESSAGE][PASSED] - Call Test Case 'Test Cases/DES/DES Login' successfully

21-10-2025T19:13:46 - [TEST_STEP][PASSED] - setText(findTestObject("Object Repository/DES/Trading Partners Page/Search Trading Partner_input_txt"), "Katalon Trading"): Text 'Katalon Trading' is set on object 'Object Repository/DES/Trading Partners Page/Search Trading Partner_input_txt'

21-10-2025T19:13:47 - [MESSAGE][PASSED] - Text 'Katalon Trading' is set on object 'Object Repository/DES/Trading Partners Page/Search Trading Partner_input_txt'

21-10-2025T19:13:47 - [TEST_STEP][PASSED] - delay(5): Delayed 5 second(s)

21-10-2025T19:13:52 - [MESSAGE][PASSED] - Delayed 5 second(s)

21-10-2025T19:13:52 - [TEST_STEP][PASSED] - click(findTestObject("Object Repository/DES/TradingPartners/Katalon Trading TP View_btn")): Object: 'Object Repository/DES/TradingPartners/Katalon Trading TP View_btn' is clicked on

21-10-2025T19:13:52 - [MESSAGE][PASSED] - Object: 'Object Repository/DES/TradingPartners/Katalon Trading TP View_btn' is clicked on

21-10-2025T19:13:52 - [TEST_STEP][PASSED] - delay(3): Delayed 3 second(s)

21-10-2025T19:13:55 - [MESSAGE][PASSED] - Delayed 3 second(s)

21-10-2025T19:13:55 - [TEST_STEP][PASSED] - click(findTestObject("Object Repository/DES/TradingPartners/Subscription/Subscription Tab")): Object: 'Object Repository/DES/TradingPartners/Subscription/Subscription Tab' is clicked on

21-10-2025T19:13:55 - [MESSAGE][PASSED] - Object: 'Object Repository/DES/TradingPartners/Subscription/Subscription Tab' is clicked on

21-10-2025T19:13:55 - [TEST_STEP][PASSED] - delay(3): Delayed 3 second(s)

21-10-2025T19:13:58 - [MESSAGE][PASSED] - Delayed 3 second(s)

21-10-2025T19:13:58 - [TEST_STEP][PASSED] - click(findTestObject("Object Repository/Page_data-exchange/button_Add Subscription")): Object: 'Object Repository/Page_data-exchange/button_Add Subscription' is clicked on

21-10-2025T19:13:58 - [MESSAGE][PASSED] - Object: 'Object Repository/Page_data-exchange/button_Add Subscription' is clicked on

21-10-2025T19:13:58 - [TEST_STEP][PASSED] - delay(5): Delayed 5 second(s)

21-10-2025T19:14:03 - [MESSAGE][PASSED] - Delayed 5 second(s)

21-10-2025T19:14:03 - [TEST_STEP][PASSED] - selectOptionByIndex(findTestObject("Object Repository/DES/Page_data-exchange/select_Select a Transaction TypeFinancial D_642f55"), "2", STOP_ON_FAILURE): All options with index in [2] are selected on object 'Object Repository/DES/Page_data-exchange/select_Select a Transaction TypeFinancial D_642f55'

21-10-2025T19:14:03 - [MESSAGE][PASSED] - All options with index in [2] are selected on object 'Object Repository/DES/Page_data-exchange/select_Select a Transaction TypeFinancial D_642f55'

21-10-2025T19:14:03 - [TEST_STEP][PASSED] - delay(2): Delayed 2 second(s)

21-10-2025T19:14:05 - [MESSAGE][PASSED] - Delayed 2 second(s)

21-10-2025T19:14:05 - [TEST_STEP][PASSED] - selectOptionByIndex(findTestObject("Object Repository/DES/Page_data-exchange/select_Select.InboundOutbound"), "1", STOP_ON_FAILURE): All options with index in [1] are selected on object 'Object Repository/DES/Page_data-exchange/select_Select.InboundOutbound'

21-10-2025T19:14:05 - [MESSAGE][PASSED] - All options with index in [1] are selected on object 'Object Repository/DES/Page_data-exchange/select_Select.InboundOutbound'

21-10-2025T19:14:05 - [TEST_STEP][PASSED] - delay(2): Delayed 2 second(s)

21-10-2025T19:14:07 - [MESSAGE][PASSED] - Delayed 2 second(s)

21-10-2025T19:14:07 - [TEST_STEP][PASSED] - click(findTestObject("Object Repository/DES/Page_data-exchange/button_Save")): Object: 'Object Repository/DES/Page_data-exchange/button_Save' is clicked on

21-10-2025T19:14:07 - [MESSAGE][PASSED] - Object: 'Object Repository/DES/Page_data-exchange/button_Save' is clicked on

21-10-2025T19:14:07 - [TEST_STEP][PASSED] - delay(5): Delayed 5 second(s)

21-10-2025T19:14:12 - [MESSAGE][PASSED] - Delayed 5 second(s)

21-10-2025T19:14:12 - [TEST_STEP][PASSED] - Start listener action : retryOnDisconnect: null

21-10-2025T19:14:12 - [TEST_STEP][PASSED] - tcId = testCaseContext.getTestCaseId(): null

21-10-2025T19:14:12 - [TEST_STEP][PASSED] - currentRetry = retryCounts.getOrDefault(tcId, 0): null

21-10-2025T19:14:12 - [TEST_STEP][PASSED] - if (testCaseContext.getTestCaseStatus() == "FAILED" && currentRetry < MAX_RETRIES): null]]></system-out>
         <system-err><![CDATA[]]></system-err>
      </testcase>
      <testcase name="Test Cases/DES/Trading Partners Page/Subscription/Inbound/AddLTRInboundSubscription" time="48.343" classname="Test Cases/DES/Trading Partners Page/Subscription/Inbound/AddLTRInboundSubscription" status="PASSED">
         <system-out><![CDATA[21-10-2025T19:14:12 - [TEST_CASE][PASSED] - Test Cases/DES/Trading Partners Page/Subscription/Inbound/AddLTRInboundSubscription: Test Cases/DES/Trading Partners Page/Subscription/Inbound/AddLTRInboundSubscription

21-10-2025T19:14:12 - [TEST_STEP][PASSED] - Start listener action : beforeTestCase: null

21-10-2025T19:14:12 - [TEST_STEP][PASSED] - addDefaultPackages(): null

21-10-2025T19:14:12 - [TEST_STEP][PASSED] - callTestCase(findTestCase("DES/DES Login"), [:], STOP_ON_FAILURE): Call Test Case 'Test Cases/DES/DES Login' successfully

21-10-2025T19:14:12 - [TEST_CASE][PASSED] - Test Cases/DES/DES Login: Test Cases/DES/DES Login

21-10-2025T19:14:12 - [TEST_STEP][PASSED] - openBrowser(""): Browser is opened with url: ''

21-10-2025T19:14:13 - [MESSAGE][WARNING] - A browser is already opened. Closing browser and opening a new one

21-10-2025T19:14:13 - [MESSAGE][INFO] - Starting 'Chrome' driver

21-10-2025T19:14:13 - [MESSAGE][INFO] - User set preference: ['args', '[--no-sandbox, --disable-gpu, --disable-dev-shm-usage]']

21-10-2025T19:14:13 - [MESSAGE][INFO] - Action delay is set to 0 milliseconds

21-10-2025T19:14:14 - [MESSAGE][PASSED] - Browser is opened with url: ''

21-10-2025T19:14:14 - [TEST_STEP][PASSED] - maximizeWindow(): Current window maximized

21-10-2025T19:14:14 - [MESSAGE][PASSED] - Current window maximized

21-10-2025T19:14:14 - [TEST_STEP][PASSED] - delay(10): Delayed 10 second(s)

21-10-2025T19:14:24 - [MESSAGE][PASSED] - Delayed 10 second(s)

21-10-2025T19:14:24 - [TEST_STEP][PASSED] - navigateToUrl("https://dx-portal.qa.thekag.com/"): Navigate to 'https://dx-portal.qa.thekag.com/' successfully

21-10-2025T19:14:24 - [MESSAGE][PASSED] - Navigate to 'https://dx-portal.qa.thekag.com/' successfully

21-10-2025T19:14:24 - [TEST_STEP][PASSED] - delay(5): Delayed 5 second(s)

21-10-2025T19:14:29 - [MESSAGE][PASSED] - Delayed 5 second(s)

21-10-2025T19:14:29 - [TEST_STEP][PASSED] - setText(findTestObject("Object Repository/Page_IdentityServer4/input_Username (e.g. email address)_Username"), "Chris.Sheldon+DES_QA@Thekag.com"): Text 'Chris.Sheldon+DES_QA@Thekag.com' is set on object 'Object Repository/Page_IdentityServer4/input_Username (e.g. email address)_Username'

21-10-2025T19:14:29 - [MESSAGE][PASSED] - Text 'Chris.Sheldon+DES_QA@Thekag.com' is set on object 'Object Repository/Page_IdentityServer4/input_Username (e.g. email address)_Username'

21-10-2025T19:14:29 - [TEST_STEP][PASSED] - setEncryptedText(findTestObject("Page_IdentityServer4/input_Password_Password"), "BtpyPJuZxPz9EFo3Zi2c4Q=="): Text ****** has been set on object 'Object Repository/Page_IdentityServer4/input_Password_Password'

21-10-2025T19:14:29 - [MESSAGE][PASSED] - Text ****** has been set on object 'Object Repository/Page_IdentityServer4/input_Password_Password'

21-10-2025T19:14:29 - [TEST_STEP][PASSED] - click(findTestObject("Object Repository/Page_IdentityServer4/button_Login")): Object: 'Object Repository/Page_IdentityServer4/button_Login' is clicked on

21-10-2025T19:14:29 - [MESSAGE][PASSED] - Object: 'Object Repository/Page_IdentityServer4/button_Login' is clicked on

21-10-2025T19:14:29 - [TEST_STEP][PASSED] - delay(5): Delayed 5 second(s)

21-10-2025T19:14:34 - [MESSAGE][PASSED] - Delayed 5 second(s)

21-10-2025T19:14:34 - [MESSAGE][PASSED] - Call Test Case 'Test Cases/DES/DES Login' successfully

21-10-2025T19:14:34 - [TEST_STEP][PASSED] - setText(findTestObject("Object Repository/DES/Trading Partners Page/Search Trading Partner_input_txt"), "Katalon Trading"): Text 'Katalon Trading' is set on object 'Object Repository/DES/Trading Partners Page/Search Trading Partner_input_txt'

21-10-2025T19:14:35 - [MESSAGE][PASSED] - Text 'Katalon Trading' is set on object 'Object Repository/DES/Trading Partners Page/Search Trading Partner_input_txt'

21-10-2025T19:14:35 - [TEST_STEP][PASSED] - delay(5): Delayed 5 second(s)

21-10-2025T19:14:40 - [MESSAGE][PASSED] - Delayed 5 second(s)

21-10-2025T19:14:40 - [TEST_STEP][PASSED] - click(findTestObject("Object Repository/DES/TradingPartners/Katalon Trading TP View_btn")): Object: 'Object Repository/DES/TradingPartners/Katalon Trading TP View_btn' is clicked on

21-10-2025T19:14:40 - [MESSAGE][PASSED] - Object: 'Object Repository/DES/TradingPartners/Katalon Trading TP View_btn' is clicked on

21-10-2025T19:14:40 - [TEST_STEP][PASSED] - delay(3): Delayed 3 second(s)

21-10-2025T19:14:43 - [MESSAGE][PASSED] - Delayed 3 second(s)

21-10-2025T19:14:43 - [TEST_STEP][PASSED] - click(findTestObject("Object Repository/DES/TradingPartners/Subscription/Subscription Tab")): Object: 'Object Repository/DES/TradingPartners/Subscription/Subscription Tab' is clicked on

21-10-2025T19:14:43 - [MESSAGE][PASSED] - Object: 'Object Repository/DES/TradingPartners/Subscription/Subscription Tab' is clicked on

21-10-2025T19:14:43 - [TEST_STEP][PASSED] - delay(3): Delayed 3 second(s)

21-10-2025T19:14:46 - [MESSAGE][PASSED] - Delayed 3 second(s)

21-10-2025T19:14:46 - [TEST_STEP][PASSED] - click(findTestObject("Object Repository/Page_data-exchange/button_Add Subscription")): Object: 'Object Repository/Page_data-exchange/button_Add Subscription' is clicked on

21-10-2025T19:14:46 - [MESSAGE][PASSED] - Object: 'Object Repository/Page_data-exchange/button_Add Subscription' is clicked on

21-10-2025T19:14:46 - [TEST_STEP][PASSED] - delay(5): Delayed 5 second(s)

21-10-2025T19:14:51 - [MESSAGE][PASSED] - Delayed 5 second(s)

21-10-2025T19:14:51 - [TEST_STEP][PASSED] - selectOptionByIndex(findTestObject("Object Repository/DES/Page_data-exchange/select_Select a Transaction TypeFinancial D_642f55"), "9", STOP_ON_FAILURE): All options with index in [9] are selected on object 'Object Repository/DES/Page_data-exchange/select_Select a Transaction TypeFinancial D_642f55'

21-10-2025T19:14:51 - [MESSAGE][PASSED] - All options with index in [9] are selected on object 'Object Repository/DES/Page_data-exchange/select_Select a Transaction TypeFinancial D_642f55'

21-10-2025T19:14:51 - [TEST_STEP][PASSED] - delay(2): Delayed 2 second(s)

21-10-2025T19:14:53 - [MESSAGE][PASSED] - Delayed 2 second(s)

21-10-2025T19:14:53 - [TEST_STEP][PASSED] - selectOptionByIndex(findTestObject("Object Repository/DES/Page_data-exchange/select_Select.InboundOutbound"), "1", STOP_ON_FAILURE): All options with index in [1] are selected on object 'Object Repository/DES/Page_data-exchange/select_Select.InboundOutbound'

21-10-2025T19:14:54 - [MESSAGE][PASSED] - All options with index in [1] are selected on object 'Object Repository/DES/Page_data-exchange/select_Select.InboundOutbound'

21-10-2025T19:14:54 - [TEST_STEP][PASSED] - delay(2): Delayed 2 second(s)

21-10-2025T19:14:56 - [MESSAGE][PASSED] - Delayed 2 second(s)

21-10-2025T19:14:56 - [TEST_STEP][PASSED] - click(findTestObject("Object Repository/DES/Page_data-exchange/button_Save")): Object: 'Object Repository/DES/Page_data-exchange/button_Save' is clicked on

21-10-2025T19:14:56 - [MESSAGE][PASSED] - Object: 'Object Repository/DES/Page_data-exchange/button_Save' is clicked on

21-10-2025T19:14:56 - [TEST_STEP][PASSED] - delay(5): Delayed 5 second(s)

21-10-2025T19:15:01 - [MESSAGE][PASSED] - Delayed 5 second(s)

21-10-2025T19:15:01 - [TEST_STEP][PASSED] - Start listener action : retryOnDisconnect: null

21-10-2025T19:15:01 - [TEST_STEP][PASSED] - tcId = testCaseContext.getTestCaseId(): null

21-10-2025T19:15:01 - [TEST_STEP][PASSED] - currentRetry = retryCounts.getOrDefault(tcId, 0): null

21-10-2025T19:15:01 - [TEST_STEP][PASSED] - if (testCaseContext.getTestCaseStatus() == "FAILED" && currentRetry < MAX_RETRIES): null]]></system-out>
         <system-err><![CDATA[]]></system-err>
      </testcase>
      <testcase name="Test Cases/DES/Trading Partners Page/Subscription/Outbound/AddActivityNotificationsOutboundSubscription" time="55.164" classname="Test Cases/DES/Trading Partners Page/Subscription/Outbound/AddActivityNotificationsOutboundSubscription" status="PASSED">
         <system-out><![CDATA[21-10-2025T19:15:01 - [TEST_CASE][PASSED] - Test Cases/DES/Trading Partners Page/Subscription/Outbound/AddActivityNotificationsOutboundSubscription: Test Cases/DES/Trading Partners Page/Subscription/Outbound/AddActivityNotificationsOutboundSubscription

21-10-2025T19:15:01 - [TEST_STEP][PASSED] - Start listener action : beforeTestCase: null

21-10-2025T19:15:01 - [TEST_STEP][PASSED] - addDefaultPackages(): null

21-10-2025T19:15:01 - [TEST_STEP][PASSED] - callTestCase(findTestCase("DES/DES Login"), [:], STOP_ON_FAILURE): Call Test Case 'Test Cases/DES/DES Login' successfully

21-10-2025T19:15:01 - [TEST_CASE][PASSED] - Test Cases/DES/DES Login: Test Cases/DES/DES Login

21-10-2025T19:15:01 - [TEST_STEP][PASSED] - openBrowser(""): Browser is opened with url: ''

21-10-2025T19:15:01 - [MESSAGE][WARNING] - A browser is already opened. Closing browser and opening a new one

21-10-2025T19:15:01 - [MESSAGE][INFO] - Starting 'Chrome' driver

21-10-2025T19:15:01 - [MESSAGE][INFO] - User set preference: ['args', '[--no-sandbox, --disable-gpu, --disable-dev-shm-usage]']

21-10-2025T19:15:01 - [MESSAGE][INFO] - Action delay is set to 0 milliseconds

21-10-2025T19:15:02 - [MESSAGE][PASSED] - Browser is opened with url: ''

21-10-2025T19:15:02 - [TEST_STEP][PASSED] - maximizeWindow(): Current window maximized

21-10-2025T19:15:02 - [MESSAGE][PASSED] - Current window maximized

21-10-2025T19:15:02 - [TEST_STEP][PASSED] - delay(10): Delayed 10 second(s)

21-10-2025T19:15:12 - [MESSAGE][PASSED] - Delayed 10 second(s)

21-10-2025T19:15:12 - [TEST_STEP][PASSED] - navigateToUrl("https://dx-portal.qa.thekag.com/"): Navigate to 'https://dx-portal.qa.thekag.com/' successfully

21-10-2025T19:15:12 - [MESSAGE][PASSED] - Navigate to 'https://dx-portal.qa.thekag.com/' successfully

21-10-2025T19:15:12 - [TEST_STEP][PASSED] - delay(5): Delayed 5 second(s)

21-10-2025T19:15:17 - [MESSAGE][PASSED] - Delayed 5 second(s)

21-10-2025T19:15:17 - [TEST_STEP][PASSED] - setText(findTestObject("Object Repository/Page_IdentityServer4/input_Username (e.g. email address)_Username"), "Chris.Sheldon+DES_QA@Thekag.com"): Text 'Chris.Sheldon+DES_QA@Thekag.com' is set on object 'Object Repository/Page_IdentityServer4/input_Username (e.g. email address)_Username'

21-10-2025T19:15:17 - [MESSAGE][PASSED] - Text 'Chris.Sheldon+DES_QA@Thekag.com' is set on object 'Object Repository/Page_IdentityServer4/input_Username (e.g. email address)_Username'

21-10-2025T19:15:17 - [TEST_STEP][PASSED] - setEncryptedText(findTestObject("Page_IdentityServer4/input_Password_Password"), "BtpyPJuZxPz9EFo3Zi2c4Q=="): Text ****** has been set on object 'Object Repository/Page_IdentityServer4/input_Password_Password'

21-10-2025T19:15:18 - [MESSAGE][PASSED] - Text ****** has been set on object 'Object Repository/Page_IdentityServer4/input_Password_Password'

21-10-2025T19:15:18 - [TEST_STEP][PASSED] - click(findTestObject("Object Repository/Page_IdentityServer4/button_Login")): Object: 'Object Repository/Page_IdentityServer4/button_Login' is clicked on

21-10-2025T19:15:18 - [MESSAGE][PASSED] - Object: 'Object Repository/Page_IdentityServer4/button_Login' is clicked on

21-10-2025T19:15:18 - [TEST_STEP][PASSED] - delay(5): Delayed 5 second(s)

21-10-2025T19:15:23 - [MESSAGE][PASSED] - Delayed 5 second(s)

21-10-2025T19:15:23 - [MESSAGE][PASSED] - Call Test Case 'Test Cases/DES/DES Login' successfully

21-10-2025T19:15:23 - [TEST_STEP][PASSED] - setText(findTestObject("Object Repository/DES/Trading Partners Page/Search Trading Partner_input_txt"), "Katalon Trading"): Text 'Katalon Trading' is set on object 'Object Repository/DES/Trading Partners Page/Search Trading Partner_input_txt'

21-10-2025T19:15:24 - [MESSAGE][PASSED] - Text 'Katalon Trading' is set on object 'Object Repository/DES/Trading Partners Page/Search Trading Partner_input_txt'

21-10-2025T19:15:24 - [TEST_STEP][PASSED] - delay(5): Delayed 5 second(s)

21-10-2025T19:15:29 - [MESSAGE][PASSED] - Delayed 5 second(s)

21-10-2025T19:15:29 - [TEST_STEP][PASSED] - click(findTestObject("Object Repository/DES/TradingPartners/Katalon Trading TP View_btn")): Object: 'Object Repository/DES/TradingPartners/Katalon Trading TP View_btn' is clicked on

21-10-2025T19:15:29 - [MESSAGE][PASSED] - Object: 'Object Repository/DES/TradingPartners/Katalon Trading TP View_btn' is clicked on

21-10-2025T19:15:29 - [TEST_STEP][PASSED] - delay(3): Delayed 3 second(s)

21-10-2025T19:15:32 - [MESSAGE][PASSED] - Delayed 3 second(s)

21-10-2025T19:15:32 - [TEST_STEP][PASSED] - click(findTestObject("Object Repository/DES/TradingPartners/Subscription/Subscription Tab")): Object: 'Object Repository/DES/TradingPartners/Subscription/Subscription Tab' is clicked on

21-10-2025T19:15:32 - [MESSAGE][PASSED] - Object: 'Object Repository/DES/TradingPartners/Subscription/Subscription Tab' is clicked on

21-10-2025T19:15:32 - [TEST_STEP][PASSED] - delay(3): Delayed 3 second(s)

21-10-2025T19:15:35 - [MESSAGE][PASSED] - Delayed 3 second(s)

21-10-2025T19:15:35 - [TEST_STEP][PASSED] - click(findTestObject("Object Repository/Page_data-exchange/button_Add Subscription")): Object: 'Object Repository/Page_data-exchange/button_Add Subscription' is clicked on

21-10-2025T19:15:35 - [MESSAGE][PASSED] - Object: 'Object Repository/Page_data-exchange/button_Add Subscription' is clicked on

21-10-2025T19:15:35 - [TEST_STEP][PASSED] - delay(5): Delayed 5 second(s)

21-10-2025T19:15:40 - [MESSAGE][PASSED] - Delayed 5 second(s)

21-10-2025T19:15:40 - [TEST_STEP][PASSED] - selectOptionByIndex(findTestObject("Object Repository/DES/Page_data-exchange/select_Select a Transaction TypeFinancial D_642f55"), "1", STOP_ON_FAILURE): All options with index in [1] are selected on object 'Object Repository/DES/Page_data-exchange/select_Select a Transaction TypeFinancial D_642f55'

21-10-2025T19:15:40 - [MESSAGE][PASSED] - All options with index in [1] are selected on object 'Object Repository/DES/Page_data-exchange/select_Select a Transaction TypeFinancial D_642f55'

21-10-2025T19:15:40 - [TEST_STEP][PASSED] - delay(2): Delayed 2 second(s)

21-10-2025T19:15:42 - [MESSAGE][PASSED] - Delayed 2 second(s)

21-10-2025T19:15:42 - [TEST_STEP][PASSED] - selectOptionByIndex(findTestObject("Object Repository/DES/Page_data-exchange/select_Select.InboundOutbound"), "2", STOP_ON_FAILURE): All options with index in [2] are selected on object 'Object Repository/DES/Page_data-exchange/select_Select.InboundOutbound'

21-10-2025T19:15:42 - [MESSAGE][PASSED] - All options with index in [2] are selected on object 'Object Repository/DES/Page_data-exchange/select_Select.InboundOutbound'

21-10-2025T19:15:42 - [TEST_STEP][PASSED] - delay(2): Delayed 2 second(s)

21-10-2025T19:15:44 - [MESSAGE][PASSED] - Delayed 2 second(s)

21-10-2025T19:15:44 - [TEST_STEP][PASSED] - selectOptionByIndex(findTestObject("Object Repository/DES/Page_data-exchange/select_Select.Real TimeScheduled"), "2", STOP_ON_FAILURE): All options with index in [2] are selected on object 'Object Repository/DES/Page_data-exchange/select_Select.Real TimeScheduled'

21-10-2025T19:15:45 - [MESSAGE][PASSED] - All options with index in [2] are selected on object 'Object Repository/DES/Page_data-exchange/select_Select.Real TimeScheduled'

21-10-2025T19:15:45 - [TEST_STEP][PASSED] - delay(2): Delayed 2 second(s)

21-10-2025T19:15:47 - [MESSAGE][PASSED] - Delayed 2 second(s)

21-10-2025T19:15:47 - [TEST_STEP][PASSED] - click(findTestObject("DES/Trading Partners Page/Subscription/Transaction SubTypes/Transaction SubType_dropdown")): Object: 'Object Repository/DES/Trading Partners Page/Subscription/Transaction SubTypes/Transaction SubType_dropdown' is clicked on

21-10-2025T19:15:47 - [MESSAGE][PASSED] - Object: 'Object Repository/DES/Trading Partners Page/Subscription/Transaction SubTypes/Transaction SubType_dropdown' is clicked on

21-10-2025T19:15:47 - [TEST_STEP][PASSED] - delay(2): Delayed 2 second(s)

21-10-2025T19:15:49 - [MESSAGE][PASSED] - Delayed 2 second(s)

21-10-2025T19:15:49 - [TEST_STEP][PASSED] - click(findTestObject("DES/Trading Partners Page/Subscription/Transaction SubTypes/ActivityNotifications_SubType_CrossReferenceFailed_option"), STOP_ON_FAILURE): Object: 'Object Repository/DES/Trading Partners Page/Subscription/Transaction SubTypes/ActivityNotifications_SubType_CrossReferenceFailed_option' is clicked on

21-10-2025T19:15:49 - [MESSAGE][PASSED] - Object: 'Object Repository/DES/Trading Partners Page/Subscription/Transaction SubTypes/ActivityNotifications_SubType_CrossReferenceFailed_option' is clicked on

21-10-2025T19:15:49 - [TEST_STEP][PASSED] - delay(2): Delayed 2 second(s)

21-10-2025T19:15:51 - [MESSAGE][PASSED] - Delayed 2 second(s)

21-10-2025T19:15:51 - [TEST_STEP][PASSED] - click(findTestObject("Object Repository/DES/Page_data-exchange/button_Save")): Object: 'Object Repository/DES/Page_data-exchange/button_Save' is clicked on

21-10-2025T19:15:51 - [MESSAGE][PASSED] - Object: 'Object Repository/DES/Page_data-exchange/button_Save' is clicked on

21-10-2025T19:15:51 - [TEST_STEP][PASSED] - delay(5): Delayed 5 second(s)

21-10-2025T19:15:56 - [MESSAGE][PASSED] - Delayed 5 second(s)

21-10-2025T19:15:56 - [TEST_STEP][PASSED] - Start listener action : retryOnDisconnect: null

21-10-2025T19:15:56 - [TEST_STEP][PASSED] - tcId = testCaseContext.getTestCaseId(): null

21-10-2025T19:15:56 - [TEST_STEP][PASSED] - currentRetry = retryCounts.getOrDefault(tcId, 0): null

21-10-2025T19:15:56 - [TEST_STEP][PASSED] - if (testCaseContext.getTestCaseStatus() == "FAILED" && currentRetry < MAX_RETRIES): null]]></system-out>
         <system-err><![CDATA[]]></system-err>
      </testcase>
      <testcase name="Test Cases/DES/Trading Partners Page/Subscription/Outbound/AddAssetRepairOrder-InvoiceOutboundSubscription" time="50.748" classname="Test Cases/DES/Trading Partners Page/Subscription/Outbound/AddAssetRepairOrder-InvoiceOutboundSubscription" status="PASSED">
         <system-out><![CDATA[21-10-2025T19:15:56 - [TEST_CASE][PASSED] - Test Cases/DES/Trading Partners Page/Subscription/Outbound/AddAssetRepairOrder-InvoiceOutboundSubscription: Test Cases/DES/Trading Partners Page/Subscription/Outbound/AddAssetRepairOrder-InvoiceOutboundSubscription

21-10-2025T19:15:56 - [TEST_STEP][PASSED] - Start listener action : beforeTestCase: null

21-10-2025T19:15:56 - [TEST_STEP][PASSED] - addDefaultPackages(): null

21-10-2025T19:15:56 - [TEST_STEP][PASSED] - callTestCase(findTestCase("DES/DES Login"), [:], STOP_ON_FAILURE): Call Test Case 'Test Cases/DES/DES Login' successfully

21-10-2025T19:15:56 - [TEST_CASE][PASSED] - Test Cases/DES/DES Login: Test Cases/DES/DES Login

21-10-2025T19:15:56 - [TEST_STEP][PASSED] - openBrowser(""): Browser is opened with url: ''

21-10-2025T19:15:56 - [MESSAGE][WARNING] - A browser is already opened. Closing browser and opening a new one

21-10-2025T19:15:56 - [MESSAGE][INFO] - Starting 'Chrome' driver

21-10-2025T19:15:56 - [MESSAGE][INFO] - User set preference: ['args', '[--no-sandbox, --disable-gpu, --disable-dev-shm-usage]']

21-10-2025T19:15:56 - [MESSAGE][INFO] - Action delay is set to 0 milliseconds

21-10-2025T19:15:57 - [MESSAGE][PASSED] - Browser is opened with url: ''

21-10-2025T19:15:57 - [TEST_STEP][PASSED] - maximizeWindow(): Current window maximized

21-10-2025T19:15:57 - [MESSAGE][PASSED] - Current window maximized

21-10-2025T19:15:57 - [TEST_STEP][PASSED] - delay(10): Delayed 10 second(s)

21-10-2025T19:16:07 - [MESSAGE][PASSED] - Delayed 10 second(s)

21-10-2025T19:16:07 - [TEST_STEP][PASSED] - navigateToUrl("https://dx-portal.qa.thekag.com/"): Navigate to 'https://dx-portal.qa.thekag.com/' successfully

21-10-2025T19:16:08 - [MESSAGE][PASSED] - Navigate to 'https://dx-portal.qa.thekag.com/' successfully

21-10-2025T19:16:08 - [TEST_STEP][PASSED] - delay(5): Delayed 5 second(s)

21-10-2025T19:16:13 - [MESSAGE][PASSED] - Delayed 5 second(s)

21-10-2025T19:16:13 - [TEST_STEP][PASSED] - setText(findTestObject("Object Repository/Page_IdentityServer4/input_Username (e.g. email address)_Username"), "Chris.Sheldon+DES_QA@Thekag.com"): Text 'Chris.Sheldon+DES_QA@Thekag.com' is set on object 'Object Repository/Page_IdentityServer4/input_Username (e.g. email address)_Username'

21-10-2025T19:16:13 - [MESSAGE][PASSED] - Text 'Chris.Sheldon+DES_QA@Thekag.com' is set on object 'Object Repository/Page_IdentityServer4/input_Username (e.g. email address)_Username'

21-10-2025T19:16:13 - [TEST_STEP][PASSED] - setEncryptedText(findTestObject("Page_IdentityServer4/input_Password_Password"), "BtpyPJuZxPz9EFo3Zi2c4Q=="): Text ****** has been set on object 'Object Repository/Page_IdentityServer4/input_Password_Password'

21-10-2025T19:16:13 - [MESSAGE][PASSED] - Text ****** has been set on object 'Object Repository/Page_IdentityServer4/input_Password_Password'

21-10-2025T19:16:13 - [TEST_STEP][PASSED] - click(findTestObject("Object Repository/Page_IdentityServer4/button_Login")): Object: 'Object Repository/Page_IdentityServer4/button_Login' is clicked on

21-10-2025T19:16:13 - [MESSAGE][PASSED] - Object: 'Object Repository/Page_IdentityServer4/button_Login' is clicked on

21-10-2025T19:16:13 - [TEST_STEP][PASSED] - delay(5): Delayed 5 second(s)

21-10-2025T19:16:18 - [MESSAGE][PASSED] - Delayed 5 second(s)

21-10-2025T19:16:18 - [MESSAGE][PASSED] - Call Test Case 'Test Cases/DES/DES Login' successfully

21-10-2025T19:16:18 - [TEST_STEP][PASSED] - setText(findTestObject("Object Repository/DES/Trading Partners Page/Search Trading Partner_input_txt"), "Katalon Trading"): Text 'Katalon Trading' is set on object 'Object Repository/DES/Trading Partners Page/Search Trading Partner_input_txt'

21-10-2025T19:16:19 - [MESSAGE][PASSED] - Text 'Katalon Trading' is set on object 'Object Repository/DES/Trading Partners Page/Search Trading Partner_input_txt'

21-10-2025T19:16:19 - [TEST_STEP][PASSED] - delay(5): Delayed 5 second(s)

21-10-2025T19:16:24 - [MESSAGE][PASSED] - Delayed 5 second(s)

21-10-2025T19:16:24 - [TEST_STEP][PASSED] - click(findTestObject("Object Repository/DES/TradingPartners/Katalon Trading TP View_btn")): Object: 'Object Repository/DES/TradingPartners/Katalon Trading TP View_btn' is clicked on

21-10-2025T19:16:24 - [MESSAGE][PASSED] - Object: 'Object Repository/DES/TradingPartners/Katalon Trading TP View_btn' is clicked on

21-10-2025T19:16:24 - [TEST_STEP][PASSED] - delay(3): Delayed 3 second(s)

21-10-2025T19:16:27 - [MESSAGE][PASSED] - Delayed 3 second(s)

21-10-2025T19:16:27 - [TEST_STEP][PASSED] - click(findTestObject("Object Repository/DES/TradingPartners/Subscription/Subscription Tab")): Object: 'Object Repository/DES/TradingPartners/Subscription/Subscription Tab' is clicked on

21-10-2025T19:16:27 - [MESSAGE][PASSED] - Object: 'Object Repository/DES/TradingPartners/Subscription/Subscription Tab' is clicked on

21-10-2025T19:16:27 - [TEST_STEP][PASSED] - delay(3): Delayed 3 second(s)

21-10-2025T19:16:30 - [MESSAGE][PASSED] - Delayed 3 second(s)

21-10-2025T19:16:30 - [TEST_STEP][PASSED] - click(findTestObject("Object Repository/Page_data-exchange/button_Add Subscription")): Object: 'Object Repository/Page_data-exchange/button_Add Subscription' is clicked on

21-10-2025T19:16:30 - [MESSAGE][PASSED] - Object: 'Object Repository/Page_data-exchange/button_Add Subscription' is clicked on

21-10-2025T19:16:30 - [TEST_STEP][PASSED] - delay(5): Delayed 5 second(s)

21-10-2025T19:16:35 - [MESSAGE][PASSED] - Delayed 5 second(s)

21-10-2025T19:16:35 - [TEST_STEP][PASSED] - selectOptionByIndex(findTestObject("Object Repository/DES/Page_data-exchange/select_Select a Transaction TypeFinancial D_642f55"), "2", STOP_ON_FAILURE): All options with index in [2] are selected on object 'Object Repository/DES/Page_data-exchange/select_Select a Transaction TypeFinancial D_642f55'

21-10-2025T19:16:35 - [MESSAGE][PASSED] - All options with index in [2] are selected on object 'Object Repository/DES/Page_data-exchange/select_Select a Transaction TypeFinancial D_642f55'

21-10-2025T19:16:35 - [TEST_STEP][PASSED] - delay(2): Delayed 2 second(s)

21-10-2025T19:16:37 - [MESSAGE][PASSED] - Delayed 2 second(s)

21-10-2025T19:16:37 - [TEST_STEP][PASSED] - selectOptionByIndex(findTestObject("Object Repository/DES/Page_data-exchange/select_Select.InboundOutbound"), "2", STOP_ON_FAILURE): All options with index in [2] are selected on object 'Object Repository/DES/Page_data-exchange/select_Select.InboundOutbound'

21-10-2025T19:16:37 - [MESSAGE][PASSED] - All options with index in [2] are selected on object 'Object Repository/DES/Page_data-exchange/select_Select.InboundOutbound'

21-10-2025T19:16:37 - [TEST_STEP][PASSED] - delay(2): Delayed 2 second(s)

21-10-2025T19:16:39 - [MESSAGE][PASSED] - Delayed 2 second(s)

21-10-2025T19:16:39 - [TEST_STEP][PASSED] - selectOptionByIndex(findTestObject("Object Repository/DES/Page_data-exchange/select_Select.Real TimeScheduled"), "2", STOP_ON_FAILURE): All options with index in [2] are selected on object 'Object Repository/DES/Page_data-exchange/select_Select.Real TimeScheduled'

21-10-2025T19:16:40 - [MESSAGE][PASSED] - All options with index in [2] are selected on object 'Object Repository/DES/Page_data-exchange/select_Select.Real TimeScheduled'

21-10-2025T19:16:40 - [TEST_STEP][PASSED] - delay(2): Delayed 2 second(s)

21-10-2025T19:16:42 - [MESSAGE][PASSED] - Delayed 2 second(s)

21-10-2025T19:16:42 - [TEST_STEP][PASSED] - click(findTestObject("Object Repository/DES/Page_data-exchange/button_Save")): Object: 'Object Repository/DES/Page_data-exchange/button_Save' is clicked on

21-10-2025T19:16:42 - [MESSAGE][PASSED] - Object: 'Object Repository/DES/Page_data-exchange/button_Save' is clicked on

21-10-2025T19:16:42 - [TEST_STEP][PASSED] - delay(5): Delayed 5 second(s)

21-10-2025T19:16:47 - [MESSAGE][PASSED] - Delayed 5 second(s)

21-10-2025T19:16:47 - [TEST_STEP][PASSED] - Start listener action : retryOnDisconnect: null

21-10-2025T19:16:47 - [TEST_STEP][PASSED] - tcId = testCaseContext.getTestCaseId(): null

21-10-2025T19:16:47 - [TEST_STEP][PASSED] - currentRetry = retryCounts.getOrDefault(tcId, 0): null

21-10-2025T19:16:47 - [TEST_STEP][PASSED] - if (testCaseContext.getTestCaseStatus() == "FAILED" && currentRetry < MAX_RETRIES): null]]></system-out>
         <system-err><![CDATA[]]></system-err>
      </testcase>
      <testcase name="Test Cases/DES/Trading Partners Page/Main/Setting Trading Partner as Inactive" time="35.1" classname="Test Cases/DES/Trading Partners Page/Main/Setting Trading Partner as Inactive" status="PASSED">
         <system-out><![CDATA[21-10-2025T19:16:47 - [TEST_CASE][PASSED] - Test Cases/DES/Trading Partners Page/Main/Setting Trading Partner as Inactive: Test Cases/DES/Trading Partners Page/Main/Setting Trading Partner as Inactive

21-10-2025T19:16:47 - [TEST_STEP][PASSED] - Start listener action : beforeTestCase: null

21-10-2025T19:16:47 - [TEST_STEP][PASSED] - addDefaultPackages(): null

21-10-2025T19:16:47 - [TEST_STEP][PASSED] - callTestCase(findTestCase("DES/DES Login"), [:], STOP_ON_FAILURE): Call Test Case 'Test Cases/DES/DES Login' successfully

21-10-2025T19:16:47 - [TEST_CASE][PASSED] - Test Cases/DES/DES Login: Test Cases/DES/DES Login

21-10-2025T19:16:47 - [TEST_STEP][PASSED] - openBrowser(""): Browser is opened with url: ''

21-10-2025T19:16:47 - [MESSAGE][WARNING] - A browser is already opened. Closing browser and opening a new one

21-10-2025T19:16:47 - [MESSAGE][INFO] - Starting 'Chrome' driver

21-10-2025T19:16:47 - [MESSAGE][INFO] - User set preference: ['args', '[--no-sandbox, --disable-gpu, --disable-dev-shm-usage]']

21-10-2025T19:16:47 - [MESSAGE][INFO] - Action delay is set to 0 milliseconds

21-10-2025T19:16:48 - [MESSAGE][PASSED] - Browser is opened with url: ''

21-10-2025T19:16:48 - [TEST_STEP][PASSED] - maximizeWindow(): Current window maximized

21-10-2025T19:16:48 - [MESSAGE][PASSED] - Current window maximized

21-10-2025T19:16:48 - [TEST_STEP][PASSED] - delay(10): Delayed 10 second(s)

21-10-2025T19:16:58 - [MESSAGE][PASSED] - Delayed 10 second(s)

21-10-2025T19:16:58 - [TEST_STEP][PASSED] - navigateToUrl("https://dx-portal.qa.thekag.com/"): Navigate to 'https://dx-portal.qa.thekag.com/' successfully

21-10-2025T19:16:58 - [MESSAGE][PASSED] - Navigate to 'https://dx-portal.qa.thekag.com/' successfully

21-10-2025T19:16:58 - [TEST_STEP][PASSED] - delay(5): Delayed 5 second(s)

21-10-2025T19:17:03 - [MESSAGE][PASSED] - Delayed 5 second(s)

21-10-2025T19:17:03 - [TEST_STEP][PASSED] - setText(findTestObject("Object Repository/Page_IdentityServer4/input_Username (e.g. email address)_Username"), "Chris.Sheldon+DES_QA@Thekag.com"): Text 'Chris.Sheldon+DES_QA@Thekag.com' is set on object 'Object Repository/Page_IdentityServer4/input_Username (e.g. email address)_Username'

21-10-2025T19:17:03 - [MESSAGE][PASSED] - Text 'Chris.Sheldon+DES_QA@Thekag.com' is set on object 'Object Repository/Page_IdentityServer4/input_Username (e.g. email address)_Username'

21-10-2025T19:17:03 - [TEST_STEP][PASSED] - setEncryptedText(findTestObject("Page_IdentityServer4/input_Password_Password"), "BtpyPJuZxPz9EFo3Zi2c4Q=="): Text ****** has been set on object 'Object Repository/Page_IdentityServer4/input_Password_Password'

21-10-2025T19:17:03 - [MESSAGE][PASSED] - Text ****** has been set on object 'Object Repository/Page_IdentityServer4/input_Password_Password'

21-10-2025T19:17:03 - [TEST_STEP][PASSED] - click(findTestObject("Object Repository/Page_IdentityServer4/button_Login")): Object: 'Object Repository/Page_IdentityServer4/button_Login' is clicked on

21-10-2025T19:17:03 - [MESSAGE][PASSED] - Object: 'Object Repository/Page_IdentityServer4/button_Login' is clicked on

21-10-2025T19:17:03 - [TEST_STEP][PASSED] - delay(5): Delayed 5 second(s)

21-10-2025T19:17:08 - [MESSAGE][PASSED] - Delayed 5 second(s)

21-10-2025T19:17:08 - [MESSAGE][PASSED] - Call Test Case 'Test Cases/DES/DES Login' successfully

21-10-2025T19:17:08 - [TEST_STEP][PASSED] - verifyElementClickable(findTestObject("DES/Trading Partners Page/Search Trading Partner_input_txt")): Object 'Object Repository/DES/Trading Partners Page/Search Trading Partner_input_txt' is clickable

21-10-2025T19:17:08 - [MESSAGE][PASSED] - Object 'Object Repository/DES/Trading Partners Page/Search Trading Partner_input_txt' is clickable

21-10-2025T19:17:08 - [TEST_STEP][PASSED] - setText(findTestObject("DES/Trading Partners Page/Search Trading Partner_input_txt"), "Katalon Transmissions"): Text 'Katalon Transmissions' is set on object 'Object Repository/DES/Trading Partners Page/Search Trading Partner_input_txt'

21-10-2025T19:17:09 - [MESSAGE][PASSED] - Text 'Katalon Transmissions' is set on object 'Object Repository/DES/Trading Partners Page/Search Trading Partner_input_txt'

21-10-2025T19:17:09 - [TEST_STEP][PASSED] - delay(5): Delayed 5 second(s)

21-10-2025T19:17:14 - [MESSAGE][PASSED] - Delayed 5 second(s)

21-10-2025T19:17:14 - [TEST_STEP][PASSED] - click(findTestObject("DES/Trading Partners Page/Katalon Trading TP View_btn")): Object: 'Object Repository/DES/Trading Partners Page/Katalon Trading TP View_btn' is clicked on

21-10-2025T19:17:14 - [MESSAGE][PASSED] - Object: 'Object Repository/DES/Trading Partners Page/Katalon Trading TP View_btn' is clicked on

21-10-2025T19:17:14 - [TEST_STEP][PASSED] - delay(2): Delayed 2 second(s)

21-10-2025T19:17:16 - [MESSAGE][PASSED] - Delayed 2 second(s)

21-10-2025T19:17:16 - [TEST_STEP][PASSED] - click(findTestObject("DES/Trading Partners Page/Trading Partner Edit_btn")): Object: 'Object Repository/DES/Trading Partners Page/Trading Partner Edit_btn' is clicked on

21-10-2025T19:17:16 - [MESSAGE][PASSED] - Object: 'Object Repository/DES/Trading Partners Page/Trading Partner Edit_btn' is clicked on

21-10-2025T19:17:16 - [TEST_STEP][PASSED] - click(findTestObject("DES/Trading Partners Page/Trading Partner Inactive Status_radio_btn")): Object: 'Object Repository/DES/Trading Partners Page/Trading Partner Inactive Status_radio_btn' is clicked on

21-10-2025T19:17:16 - [MESSAGE][PASSED] - Object: 'Object Repository/DES/Trading Partners Page/Trading Partner Inactive Status_radio_btn' is clicked on

21-10-2025T19:17:16 - [TEST_STEP][PASSED] - click(findTestObject("DES/Trading Partners Page/Trading Partner Edit Save_btn")): Object: 'Object Repository/DES/Trading Partners Page/Trading Partner Edit Save_btn' is clicked on

21-10-2025T19:17:17 - [MESSAGE][PASSED] - Object: 'Object Repository/DES/Trading Partners Page/Trading Partner Edit Save_btn' is clicked on

21-10-2025T19:17:17 - [TEST_STEP][PASSED] - delay(5): Delayed 5 second(s)

21-10-2025T19:17:22 - [MESSAGE][PASSED] - Delayed 5 second(s)

21-10-2025T19:17:22 - [TEST_STEP][PASSED] - verifyElementText(findTestObject("DES/Trading Partners Page/Trading Partner Status_lbl"), "Inactive"): Actual text and expected text of test object 'Object Repository/DES/Trading Partners Page/Trading Partner Status_lbl' are matched.

21-10-2025T19:17:22 - [MESSAGE][PASSED] - Actual text and expected text of test object 'Object Repository/DES/Trading Partners Page/Trading Partner Status_lbl' are matched.

21-10-2025T19:17:22 - [TEST_STEP][PASSED] - closeBrowser(): Browser is closed

21-10-2025T19:17:22 - [MESSAGE][PASSED] - Browser is closed

21-10-2025T19:17:22 - [TEST_STEP][PASSED] - Start listener action : retryOnDisconnect: null

21-10-2025T19:17:22 - [TEST_STEP][PASSED] - tcId = testCaseContext.getTestCaseId(): null

21-10-2025T19:17:22 - [TEST_STEP][PASSED] - currentRetry = retryCounts.getOrDefault(tcId, 0): null

21-10-2025T19:17:22 - [TEST_STEP][PASSED] - if (testCaseContext.getTestCaseStatus() == "FAILED" && currentRetry < MAX_RETRIES): null]]></system-out>
         <system-err><![CDATA[]]></system-err>
      </testcase>
      <testcase name="Test Cases/DES/Trading Partners Page/Subscription/AddBilltoToSubscription" time="38.298" classname="Test Cases/DES/Trading Partners Page/Subscription/AddBilltoToSubscription" status="PASSED">
         <system-out><![CDATA[21-10-2025T19:17:22 - [TEST_CASE][PASSED] - Test Cases/DES/Trading Partners Page/Subscription/AddBilltoToSubscription: Test Cases/DES/Trading Partners Page/Subscription/AddBilltoToSubscription

21-10-2025T19:17:22 - [TEST_STEP][PASSED] - Start listener action : beforeTestCase: null

21-10-2025T19:17:22 - [TEST_STEP][PASSED] - addDefaultPackages(): null

21-10-2025T19:17:22 - [TEST_STEP][PASSED] - callTestCase(findTestCase("DES/DES Login"), [:], STOP_ON_FAILURE): Call Test Case 'Test Cases/DES/DES Login' successfully

21-10-2025T19:17:22 - [TEST_CASE][PASSED] - Test Cases/DES/DES Login: Test Cases/DES/DES Login

21-10-2025T19:17:22 - [TEST_STEP][PASSED] - openBrowser(""): Browser is opened with url: ''

21-10-2025T19:17:22 - [MESSAGE][INFO] - Starting 'Chrome' driver

21-10-2025T19:17:22 - [MESSAGE][INFO] - User set preference: ['args', '[--no-sandbox, --disable-gpu, --disable-dev-shm-usage]']

21-10-2025T19:17:22 - [MESSAGE][INFO] - Action delay is set to 0 milliseconds

21-10-2025T19:17:23 - [MESSAGE][PASSED] - Browser is opened with url: ''

21-10-2025T19:17:23 - [TEST_STEP][PASSED] - maximizeWindow(): Current window maximized

21-10-2025T19:17:23 - [MESSAGE][PASSED] - Current window maximized

21-10-2025T19:17:23 - [TEST_STEP][PASSED] - delay(10): Delayed 10 second(s)

21-10-2025T19:17:33 - [MESSAGE][PASSED] - Delayed 10 second(s)

21-10-2025T19:17:33 - [TEST_STEP][PASSED] - navigateToUrl("https://dx-portal.qa.thekag.com/"): Navigate to 'https://dx-portal.qa.thekag.com/' successfully

21-10-2025T19:17:33 - [MESSAGE][PASSED] - Navigate to 'https://dx-portal.qa.thekag.com/' successfully

21-10-2025T19:17:33 - [TEST_STEP][PASSED] - delay(5): Delayed 5 second(s)

21-10-2025T19:17:38 - [MESSAGE][PASSED] - Delayed 5 second(s)

21-10-2025T19:17:38 - [TEST_STEP][PASSED] - setText(findTestObject("Object Repository/Page_IdentityServer4/input_Username (e.g. email address)_Username"), "Chris.Sheldon+DES_QA@Thekag.com"): Text 'Chris.Sheldon+DES_QA@Thekag.com' is set on object 'Object Repository/Page_IdentityServer4/input_Username (e.g. email address)_Username'

21-10-2025T19:17:38 - [MESSAGE][PASSED] - Text 'Chris.Sheldon+DES_QA@Thekag.com' is set on object 'Object Repository/Page_IdentityServer4/input_Username (e.g. email address)_Username'

21-10-2025T19:17:38 - [TEST_STEP][PASSED] - setEncryptedText(findTestObject("Page_IdentityServer4/input_Password_Password"), "BtpyPJuZxPz9EFo3Zi2c4Q=="): Text ****** has been set on object 'Object Repository/Page_IdentityServer4/input_Password_Password'

21-10-2025T19:17:39 - [MESSAGE][PASSED] - Text ****** has been set on object 'Object Repository/Page_IdentityServer4/input_Password_Password'

21-10-2025T19:17:39 - [TEST_STEP][PASSED] - click(findTestObject("Object Repository/Page_IdentityServer4/button_Login")): Object: 'Object Repository/Page_IdentityServer4/button_Login' is clicked on

21-10-2025T19:17:39 - [MESSAGE][PASSED] - Object: 'Object Repository/Page_IdentityServer4/button_Login' is clicked on

21-10-2025T19:17:39 - [TEST_STEP][PASSED] - delay(5): Delayed 5 second(s)

21-10-2025T19:17:44 - [MESSAGE][PASSED] - Delayed 5 second(s)

21-10-2025T19:17:44 - [MESSAGE][PASSED] - Call Test Case 'Test Cases/DES/DES Login' successfully

21-10-2025T19:17:44 - [TEST_STEP][PASSED] - verifyElementClickable(findTestObject("Object Repository/Trading Partners Page/Search Trading Partner_input_txt")): Object 'Object Repository/Trading Partners Page/Search Trading Partner_input_txt' is clickable

21-10-2025T19:17:44 - [MESSAGE][PASSED] - Object 'Object Repository/Trading Partners Page/Search Trading Partner_input_txt' is clickable

21-10-2025T19:17:44 - [TEST_STEP][PASSED] - setText(findTestObject("Object Repository/Trading Partners Page/Search Trading Partner_input_txt"), "Katalon INV "): Text 'Katalon INV ' is set on object 'Object Repository/Trading Partners Page/Search Trading Partner_input_txt'

21-10-2025T19:17:44 - [MESSAGE][PASSED] - Text 'Katalon INV ' is set on object 'Object Repository/Trading Partners Page/Search Trading Partner_input_txt'

21-10-2025T19:17:44 - [TEST_STEP][PASSED] - delay(5): Delayed 5 second(s)

21-10-2025T19:17:49 - [MESSAGE][PASSED] - Delayed 5 second(s)

21-10-2025T19:17:49 - [TEST_STEP][PASSED] - click(findTestObject("Object Repository/Trading Partners Page/Katalon Trading TP View_btn")): Object: 'Object Repository/Trading Partners Page/Katalon Trading TP View_btn' is clicked on

21-10-2025T19:17:49 - [MESSAGE][PASSED] - Object: 'Object Repository/Trading Partners Page/Katalon Trading TP View_btn' is clicked on

21-10-2025T19:17:49 - [TEST_STEP][PASSED] - delay(3): Delayed 3 second(s)

21-10-2025T19:17:52 - [MESSAGE][PASSED] - Delayed 3 second(s)

21-10-2025T19:17:52 - [TEST_STEP][PASSED] - click(findTestObject("Object Repository/Page_data-exchange/a_Subscription")): Object: 'Object Repository/Page_data-exchange/a_Subscription' is clicked on

21-10-2025T19:17:52 - [MESSAGE][PASSED] - Object: 'Object Repository/Page_data-exchange/a_Subscription' is clicked on

21-10-2025T19:17:52 - [TEST_STEP][PASSED] - click(findTestObject("Object Repository/Page_data-exchange/button_Select")): Object: 'Object Repository/Page_data-exchange/button_Select' is clicked on

21-10-2025T19:17:53 - [MESSAGE][PASSED] - Object: 'Object Repository/Page_data-exchange/button_Select' is clicked on

21-10-2025T19:17:53 - [TEST_STEP][PASSED] - click(findTestObject("Object Repository/Page_data-exchange/a_View")): Object: 'Object Repository/Page_data-exchange/a_View' is clicked on

21-10-2025T19:17:53 - [MESSAGE][PASSED] - Object: 'Object Repository/Page_data-exchange/a_View' is clicked on

21-10-2025T19:17:53 - [TEST_STEP][PASSED] - scrollToPosition(0, 0, STOP_ON_FAILURE): Browser is scrolled to position x = 0, y = 0

21-10-2025T19:17:53 - [MESSAGE][PASSED] - Browser is scrolled to position x = 0, y = 0

21-10-2025T19:17:53 - [TEST_STEP][PASSED] - click(findTestObject("Object Repository/Page_data-exchange/button_Add Bill To")): Object: 'Object Repository/Page_data-exchange/button_Add Bill To' is clicked on

21-10-2025T19:17:56 - [MESSAGE][PASSED] - Object: 'Object Repository/Page_data-exchange/button_Add Bill To' is clicked on

21-10-2025T19:17:56 - [TEST_STEP][PASSED] - delay(2): Delayed 2 second(s)

21-10-2025T19:17:58 - [MESSAGE][PASSED] - Delayed 2 second(s)

21-10-2025T19:17:58 - [TEST_STEP][PASSED] - click(findTestObject("Object Repository/Page_data-exchange/input_FDG___BVID__168")): Object: 'Object Repository/Page_data-exchange/input_FDG___BVID__168' is clicked on

21-10-2025T19:17:58 - [MESSAGE][PASSED] - Object: 'Object Repository/Page_data-exchange/input_FDG___BVID__168' is clicked on

21-10-2025T19:17:58 - [TEST_STEP][PASSED] - click(findTestObject("Object Repository/Page_data-exchange/button_Add")): Object: 'Object Repository/Page_data-exchange/button_Add' is clicked on

21-10-2025T19:17:58 - [MESSAGE][PASSED] - Object: 'Object Repository/Page_data-exchange/button_Add' is clicked on

21-10-2025T19:17:58 - [TEST_STEP][PASSED] - delay(2): Delayed 2 second(s)

21-10-2025T19:18:00 - [MESSAGE][PASSED] - Delayed 2 second(s)

21-10-2025T19:18:00 - [TEST_STEP][PASSED] - verifyTextPresent("TURKEYHI", false): Text 'TURKEYHI' is present on page 

21-10-2025T19:18:00 - [MESSAGE][PASSED] - Text 'TURKEYHI' is present on page 

21-10-2025T19:18:00 - [TEST_STEP][PASSED] - closeBrowser(): Browser is closed

21-10-2025T19:18:00 - [MESSAGE][PASSED] - Browser is closed

21-10-2025T19:18:00 - [TEST_STEP][PASSED] - Start listener action : retryOnDisconnect: null

21-10-2025T19:18:00 - [TEST_STEP][PASSED] - tcId = testCaseContext.getTestCaseId(): null

21-10-2025T19:18:00 - [TEST_STEP][PASSED] - currentRetry = retryCounts.getOrDefault(tcId, 0): null

21-10-2025T19:18:00 - [TEST_STEP][PASSED] - if (testCaseContext.getTestCaseStatus() == "FAILED" && currentRetry < MAX_RETRIES): null]]></system-out>
         <system-err><![CDATA[]]></system-err>
      </testcase>
      <testcase name="Test Cases/DES/Trading Partners Page/Subscription/Outbound/AddLTOutboundSubscription" time="11.089" classname="Test Cases/DES/Trading Partners Page/Subscription/Outbound/AddLTOutboundSubscription" status="FAILED">
         <failure type="FAILED" message="Test Cases/DES/Trading Partners Page/Subscription/Outbound/AddLTOutboundSubscription FAILED.&#xa;Reason:&#xa;com.kms.katalon.core.exception.StepFailedException: Call Test Case 'Test Cases/DES/DES Login' failed&#xa;	at com.kms.katalon.core.keyword.builtin.CallTestCaseKeyword$_callTestCase_closure1.doCall(CallTestCaseKeyword.groovy:63)&#xa;	at com.kms.katalon.core.keyword.builtin.CallTestCaseKeyword$_callTestCase_closure1.call(CallTestCaseKeyword.groovy)&#xa;	at com.kms.katalon.core.keyword.internal.KeywordMain.runKeyword(KeywordMain.groovy:75)&#xa;	at com.kms.katalon.core.keyword.builtin.CallTestCaseKeyword.callTestCase(CallTestCaseKeyword.groovy:81)&#xa;	at com.kms.katalon.core.keyword.builtin.CallTestCaseKeyword.execute(CallTestCaseKeyword.groovy:44)&#xa;	at com.kms.katalon.core.keyword.internal.KeywordExecutor.executeKeywordForPlatform(KeywordExecutor.groovy:74)&#xa;	at com.kms.katalon.core.keyword.BuiltinKeywords.callTestCase(BuiltinKeywords.groovy:310)&#xa;	at jdk.internal.reflect.GeneratedMethodAccessor41.invoke(Unknown Source)&#xa;	at java.base/jdk.internal.reflect.DelegatingMethodAccessorImpl.invoke(DelegatingMethodAccessorImpl.java:43)&#xa;	at AddLTOutboundSubscription.run(AddLTOutboundSubscription:20)&#xa;	at com.kms.katalon.core.main.ScriptEngine.run(ScriptEngine.java:194)&#xa;	at com.kms.katalon.core.main.ScriptEngine.runScriptAsRawText(ScriptEngine.java:119)&#xa;	at com.kms.katalon.core.main.TestCaseExecutor.runScript(TestCaseExecutor.java:448)&#xa;	at com.kms.katalon.core.main.TestCaseExecutor.doExecute(TestCaseExecutor.java:439)&#xa;	at com.kms.katalon.core.main.TestCaseExecutor.processExecutionPhase(TestCaseExecutor.java:418)&#xa;	at com.kms.katalon.core.main.TestCaseExecutor.accessMainPhase(TestCaseExecutor.java:410)&#xa;	at com.kms.katalon.core.main.TestCaseExecutor.execute(TestCaseExecutor.java:285)&#xa;	at com.kms.katalon.core.common.CommonExecutor.accessTestCaseMainPhase(CommonExecutor.java:65)&#xa;	at com.kms.katalon.core.main.TestSuiteExecutor.accessTestSuiteMainPhase(TestSuiteExecutor.java:150)&#xa;	at com.kms.katalon.core.main.TestSuiteExecutor.execute(TestSuiteExecutor.java:106)&#xa;	at com.kms.katalon.core.main.TestCaseMain.startTestSuite(TestCaseMain.java:180)&#xa;	at com.kms.katalon.core.main.TestCaseMain$startTestSuite$0.call(Unknown Source)&#xa;	at TempTestSuite1761084128061.run(TempTestSuite1761084128061.groovy:35)&#xa;	at java.base/jdk.internal.reflect.NativeMethodAccessorImpl.invoke0(Native Method)&#xa;	at java.base/jdk.internal.reflect.NativeMethodAccessorImpl.invoke(NativeMethodAccessorImpl.java:77)&#xa;	at java.base/jdk.internal.reflect.DelegatingMethodAccessorImpl.invoke(DelegatingMethodAccessorImpl.java:43)&#xa;Caused by: com.kms.katalon.core.exception.StepFailedException: Unable to navigate to 'https://dx-portal.qa.thekag.com/'&#xa;	at com.kms.katalon.core.webui.keyword.internal.WebUIKeywordMain.stepFailed(WebUIKeywordMain.groovy:117)&#xa;	at com.kms.katalon.core.webui.keyword.internal.WebUIKeywordMain.runKeyword(WebUIKeywordMain.groovy:43)&#xa;	at com.kms.katalon.core.webui.keyword.builtin.NavigateToUrlKeyword.navigateToUrl(NavigateToUrlKeyword.groovy:83)&#xa;	at com.kms.katalon.core.webui.keyword.builtin.NavigateToUrlKeyword.execute(NavigateToUrlKeyword.groovy:67)&#xa;	at com.kms.katalon.core.keyword.internal.KeywordExecutor.executeKeywordForPlatform(KeywordExecutor.groovy:74)&#xa;	at com.kms.katalon.core.webui.keyword.WebUiBuiltInKeywords.navigateToUrl(WebUiBuiltInKeywords.groovy:187)&#xa;	at com.kms.katalon.core.webui.keyword.WebUiBuiltInKeywords$navigateToUrl$1.call(Unknown Source)&#xa;	at DES Login.run(DES Login:26)&#xa;	at com.kms.katalon.core.main.ScriptEngine.run(ScriptEngine.java:194)&#xa;	at com.kms.katalon.core.main.ScriptEngine.runScriptAsRawText(ScriptEngine.java:119)&#xa;	at com.kms.katalon.core.main.TestCaseExecutor.runScript(TestCaseExecutor.java:448)&#xa;	at com.kms.katalon.core.main.TestCaseExecutor.doExecute(TestCaseExecutor.java:439)&#xa;	at com.kms.katalon.core.main.TestCaseExecutor.processExecutionPhase(TestCaseExecutor.java:418)&#xa;	at com.kms.katalon.core.main.TestCaseExecutor.accessMainPhase(TestCaseExecutor.java:410)&#xa;	at com.kms.katalon.core.main.TestCaseExecutor.execute(TestCaseExecutor.java:285)&#xa;	at com.kms.katalon.core.main.TestCaseMain.runTestCase(TestCaseMain.java:137)&#xa;	at com.kms.katalon.core.keyword.builtin.CallTestCaseKeyword$_callTestCase_closure1.doCall(CallTestCaseKeyword.groovy:59)&#xa;	... 25 more&#xa;Caused by: org.openqa.selenium.WebDriverException: java.net.ConnectException: Failed to connect to localhost/[0:0:0:0:0:0:0:1]:62183&#xa;Build info: version: '3.141.59', revision: 'unknown', time: 'unknown'&#xa;System info: host: 'DC1ADOBLD01', ip: '10.2.20.71', os.name: 'Windows Server 2019', os.arch: 'amd64', os.version: '10.0', java.version: '17.0.7'&#xa;Driver info: driver.version: RemoteWebDriver&#xa;	at org.openqa.selenium.remote.service.DriverCommandExecutor.execute(DriverCommandExecutor.java:92)&#xa;	at org.openqa.selenium.remote.RemoteWebDriver.execute(RemoteWebDriver.java:552)&#xa;	at com.kms.katalon.selenium.driver.CChromeDriver.execute(CChromeDriver.java:19)&#xa;	at org.openqa.selenium.remote.RemoteWebDriver.get(RemoteWebDriver.java:277)&#xa;	at org.openqa.selenium.remote.RemoteWebDriver$RemoteNavigation.to(RemoteWebDriver.java:857)&#xa;	at org.openqa.selenium.support.events.EventFiringWebDriver$EventFiringNavigation.to(EventFiringWebDriver.java:569)&#xa;	at com.kms.katalon.core.webui.keyword.builtin.NavigateToUrlKeyword$_navigateToUrl_closure1.doCall(NavigateToUrlKeyword.groovy:81)&#xa;	at com.kms.katalon.core.webui.keyword.builtin.NavigateToUrlKeyword$_navigateToUrl_closure1.call(NavigateToUrlKeyword.groovy)&#xa;	at com.kms.katalon.core.webui.keyword.internal.WebUIKeywordMain.runKeyword(WebUIKeywordMain.groovy:35)&#xa;	at com.kms.katalon.core.webui.keyword.builtin.NavigateToUrlKeyword.navigateToUrl(NavigateToUrlKeyword.groovy:83)&#xa;	at com.kms.katalon.core.webui.keyword.builtin.NavigateToUrlKeyword.execute(NavigateToUrlKeyword.groovy:67)&#xa;	at com.kms.katalon.core.keyword.internal.KeywordExecutor.executeKeywordForPlatform(KeywordExecutor.groovy:74)&#xa;	at com.kms.katalon.core.webui.keyword.WebUiBuiltInKeywords.navigateToUrl(WebUiBuiltInKeywords.groovy:187)&#xa;	at com.kms.katalon.core.webui.keyword.WebUiBuiltInKeywords$navigateToUrl$1.call(Unknown Source)&#xa;	at Script1749499513693.run(Script1749499513693.groovy:26)&#xa;	at com.kms.katalon.core.main.ScriptEngine.run(ScriptEngine.java:194)&#xa;	at com.kms.katalon.core.main.ScriptEngine.runScriptAsRawText(ScriptEngine.java:119)&#xa;	at com.kms.katalon.core.main.TestCaseExecutor.runScript(TestCaseExecutor.java:448)&#xa;	at com.kms.katalon.core.main.TestCaseExecutor.doExecute(TestCaseExecutor.java:439)&#xa;	at com.kms.katalon.core.main.TestCaseExecutor.processExecutionPhase(TestCaseExecutor.java:418)&#xa;	at com.kms.katalon.core.main.TestCaseExecutor.accessMainPhase(TestCaseExecutor.java:410)&#xa;	at com.kms.katalon.core.main.TestCaseExecutor.execute(TestCaseExecutor.java:285)&#xa;	at com.kms.katalon.core.main.TestCaseMain.runTestCase(TestCaseMain.java:137)&#xa;	at com.kms.katalon.core.keyword.builtin.CallTestCaseKeyword$_callTestCase_closure1.doCall(CallTestCaseKeyword.groovy:59)&#xa;	at com.kms.katalon.core.keyword.builtin.CallTestCaseKeyword$_callTestCase_closure1.call(CallTestCaseKeyword.groovy)&#xa;	at com.kms.katalon.core.keyword.internal.KeywordMain.runKeyword(KeywordMain.groovy:75)&#xa;	at com.kms.katalon.core.keyword.builtin.CallTestCaseKeyword.callTestCase(CallTestCaseKeyword.groovy:81)&#xa;	at com.kms.katalon.core.keyword.builtin.CallTestCaseKeyword.execute(CallTestCaseKeyword.groovy:44)&#xa;	at com.kms.katalon.core.keyword.internal.KeywordExecutor.executeKeywordForPlatform(KeywordExecutor.groovy:74)&#xa;	at com.kms.katalon.core.keyword.BuiltinKeywords.callTestCase(BuiltinKeywords.groovy:310)&#xa;	at jdk.internal.reflect.GeneratedMethodAccessor41.invoke(Unknown Source)&#xa;	at java.base/jdk.internal.reflect.DelegatingMethodAccessorImpl.invoke(DelegatingMethodAccessorImpl.java:43)&#xa;	at Script1739980921718.run(Script1739980921718.groovy:20)&#xa;	... 16 more&#xa;Caused by: java.net.ConnectException: Failed to connect to localhost/[0:0:0:0:0:0:0:1]:62183&#xa;	at okhttp3.internal.connection.RealConnection.connectSocket(RealConnection.java:247)&#xa;	at okhttp3.internal.connection.RealConnection.connect(RealConnection.java:165)&#xa;	at okhttp3.internal.connection.StreamAllocation.findConnection(StreamAllocation.java:257)&#xa;	at okhttp3.internal.connection.StreamAllocation.findHealthyConnection(StreamAllocation.java:135)&#xa;	at okhttp3.internal.connection.StreamAllocation.newStream(StreamAllocation.java:114)&#xa;	at okhttp3.internal.connection.ConnectInterceptor.intercept(ConnectInterceptor.java:42)&#xa;	at okhttp3.internal.http.RealInterceptorChain.proceed(RealInterceptorChain.java:147)&#xa;	at okhttp3.internal.http.RealInterceptorChain.proceed(RealInterceptorChain.java:121)&#xa;	at okhttp3.internal.cache.CacheInterceptor.intercept(CacheInterceptor.java:93)&#xa;	at okhttp3.internal.http.RealInterceptorChain.proceed(RealInterceptorChain.java:147)&#xa;	at okhttp3.internal.http.RealInterceptorChain.proceed(RealInterceptorChain.java:121)&#xa;	at okhttp3.internal.http.BridgeInterceptor.intercept(BridgeInterceptor.java:93)&#xa;	at okhttp3.internal.http.RealInterceptorChain.proceed(RealInterceptorChain.java:147)&#xa;	at okhttp3.internal.http.RetryAndFollowUpInterceptor.intercept(RetryAndFollowUpInterceptor.java:126)&#xa;	at okhttp3.internal.http.RealInterceptorChain.proceed(RealInterceptorChain.java:147)&#xa;	at okhttp3.internal.http.RealInterceptorChain.proceed(RealInterceptorChain.java:121)&#xa;	at okhttp3.RealCall.getResponseWithInterceptorChain(RealCall.java:200)&#xa;	at okhttp3.RealCall.execute(RealCall.java:77)&#xa;	at org.openqa.selenium.remote.internal.OkHttpClient.execute(OkHttpClient.java:103)&#xa;	at org.openqa.selenium.remote.HttpCommandExecutor.execute(HttpCommandExecutor.java:155)&#xa;	at org.openqa.selenium.remote.service.DriverCommandExecutor.execute(DriverCommandExecutor.java:83)&#xa;	... 48 more&#xa;Caused by: java.net.ConnectException: Connection refused: no further information&#xa;	at okhttp3.internal.platform.Platform.connectSocket(Platform.java:129)&#xa;	at okhttp3.internal.connection.RealConnection.connectSocket(RealConnection.java:245)&#xa;	at okhttp3.internal.connection.RealConnection.connect(RealConnection.java:165)&#xa;	at okhttp3.internal.connection.StreamAllocation.findConnection(StreamAllocation.java:257)&#xa;	at okhttp3.internal.connection.StreamAllocation.findHealthyConnection(StreamAllocation.java:135)&#xa;	at okhttp3.internal.connection.StreamAllocation.newStream(StreamAllocation.java:114)&#xa;	at okhttp3.internal.connection.ConnectInterceptor.intercept(ConnectInterceptor.java:42)&#xa;	at okhttp3.internal.http.RealInterceptorChain.proceed(RealInterceptorChain.java:147)&#xa;	at okhttp3.internal.http.RealInterceptorChain.proceed(RealInterceptorChain.java:121)&#xa;	at okhttp3.internal.cache.CacheInterceptor.intercept(CacheInterceptor.java:93)&#xa;	at okhttp3.internal.http.RealInterceptorChain.proceed(RealInterceptorChain.java:147)&#xa;	at okhttp3.internal.http.RealInterceptorChain.proceed(RealInterceptorChain.java:121)&#xa;	at okhttp3.internal.http.BridgeInterceptor.intercept(BridgeInterceptor.java:93)&#xa;	at okhttp3.internal.http.RealInterceptorChain.proceed(RealInterceptorChain.java:147)&#xa;	at okhttp3.internal.http.RetryAndFollowUpInterceptor.intercept(RetryAndFollowUpInterceptor.java:126)&#xa;	at okhttp3.internal.http.RealInterceptorChain.proceed(RealInterceptorChain.java:147)&#xa;	at okhttp3.internal.http.RealInterceptorChain.proceed(RealInterceptorChain.java:121)&#xa;	at okhttp3.RealCall.getResponseWithInterceptorChain(RealCall.java:200)&#xa;	at okhttp3.RealCall.execute(RealCall.java:77)&#xa;	at org.openqa.selenium.remote.internal.OkHttpClient.execute(OkHttpClient.java:103)&#xa;	at org.openqa.selenium.remote.HttpCommandExecutor.execute(HttpCommandExecutor.java:155)&#xa;	at org.openqa.selenium.remote.service.DriverCommandExecutor.execute(DriverCommandExecutor.java:83)&#xa;	at org.openqa.selenium.remote.RemoteWebDriver.execute(RemoteWebDriver.java:552)&#xa;	at com.kms.katalon.selenium.driver.CChromeDriver.execute(CChromeDriver.java:19)&#xa;	at org.openqa.selenium.remote.RemoteWebDriver.get(RemoteWebDriver.java:277)&#xa;	at org.openqa.selenium.remote.RemoteWebDriver$RemoteNavigation.to(RemoteWebDriver.java:857)&#xa;	at org.openqa.selenium.support.events.EventFiringWebDriver$EventFiringNavigation.to(EventFiringWebDriver.java:569)&#xa;	at com.kms.katalon.core.webui.keyword.builtin.NavigateToUrlKeyword$_navigateToUrl_closure1.doCall(NavigateToUrlKeyword.groovy:81)&#xa;	at com.kms.katalon.core.webui.keyword.builtin.NavigateToUrlKeyword$_navigateToUrl_closure1.call(NavigateToUrlKeyword.groovy)&#xa;	at com.kms.katalon.core.webui.keyword.internal.WebUIKeywordMain.runKeyword(WebUIKeywordMain.groovy:35)&#xa;	at com.kms.katalon.core.webui.keyword.builtin.NavigateToUrlKeyword.navigateToUrl(NavigateToUrlKeyword.groovy:83)&#xa;	at com.kms.katalon.core.webui.keyword.builtin.NavigateToUrlKeyword.execute(NavigateToUrlKeyword.groovy:67)&#xa;	at com.kms.katalon.core.keyword.internal.KeywordExecutor.executeKeywordForPlatform(KeywordExecutor.groovy:74)&#xa;	at com.kms.katalon.core.webui.keyword.WebUiBuiltInKeywords.navigateToUrl(WebUiBuiltInKeywords.groovy:187)&#xa;	at com.kms.katalon.core.webui.keyword.WebUiBuiltInKeywords$navigateToUrl$1.call(Unknown Source)&#xa;	at DES Login.run(DES Login:26)&#xa;	at com.kms.katalon.core.main.ScriptEngine.run(ScriptEngine.java:194)&#xa;	at com.kms.katalon.core.main.ScriptEngine.runScriptAsRawText(ScriptEngine.java:119)&#xa;	at com.kms.katalon.core.main.TestCaseExecutor.runScript(TestCaseExecutor.java:448)&#xa;	at com.kms.katalon.core.main.TestCaseExecutor.doExecute(TestCaseExecutor.java:439)&#xa;	at com.kms.katalon.core.main.TestCaseExecutor.processExecutionPhase(TestCaseExecutor.java:418)&#xa;	at com.kms.katalon.core.main.TestCaseExecutor.accessMainPhase(TestCaseExecutor.java:410)&#xa;	at com.kms.katalon.core.main.TestCaseExecutor.execute(TestCaseExecutor.java:285)&#xa;	at com.kms.katalon.core.main.TestCaseMain.runTestCase(TestCaseMain.java:137)&#xa;	at com.kms.katalon.core.keyword.builtin.CallTestCaseKeyword$_callTestCase_closure1.doCall(CallTestCaseKeyword.groovy:59)&#xa;	at com.kms.katalon.core.keyword.builtin.CallTestCaseKeyword$_callTestCase_closure1.call(CallTestCaseKeyword.groovy)&#xa;	at com.kms.katalon.core.keyword.internal.KeywordMain.runKeyword(KeywordMain.groovy:75)&#xa;	at com.kms.katalon.core.keyword.builtin.CallTestCaseKeyword.callTestCase(CallTestCaseKeyword.groovy:81)&#xa;	at com.kms.katalon.core.keyword.builtin.CallTestCaseKeyword.execute(CallTestCaseKeyword.groovy:44)&#xa;	at com.kms.katalon.core.keyword.internal.KeywordExecutor.executeKeywordForPlatform(KeywordExecutor.groovy:74)&#xa;	at com.kms.katalon.core.keyword.BuiltinKeywords.callTestCase(BuiltinKeywords.groovy:310)&#xa;	at jdk.internal.reflect.GeneratedMethodAccessor41.invoke(Unknown Source)&#xa;	at java.base/jdk.internal.reflect.DelegatingMethodAccessorImpl.invoke(DelegatingMethodAccessorImpl.java:43)&#xa;	at AddLTOutboundSubscription.run(AddLTOutboundSubscription:20)&#xa;	... 16 more&#xa;"/>
         <system-out><![CDATA[21-10-2025T19:18:00 - [TEST_CASE][FAILED] - Test Cases/DES/Trading Partners Page/Subscription/Outbound/AddLTOutboundSubscription: Test Cases/DES/Trading Partners Page/Subscription/Outbound/AddLTOutboundSubscription FAILED.
Reason:
com.kms.katalon.core.exception.StepFailedException: Call Test Case 'Test Cases/DES/DES Login' failed
	at com.kms.katalon.core.keyword.builtin.CallTestCaseKeyword$_callTestCase_closure1.doCall(CallTestCaseKeyword.groovy:63)
	at com.kms.katalon.core.keyword.builtin.CallTestCaseKeyword$_callTestCase_closure1.call(CallTestCaseKeyword.groovy)
	at com.kms.katalon.core.keyword.internal.KeywordMain.runKeyword(KeywordMain.groovy:75)
	at com.kms.katalon.core.keyword.builtin.CallTestCaseKeyword.callTestCase(CallTestCaseKeyword.groovy:81)
	at com.kms.katalon.core.keyword.builtin.CallTestCaseKeyword.execute(CallTestCaseKeyword.groovy:44)
	at com.kms.katalon.core.keyword.internal.KeywordExecutor.executeKeywordForPlatform(KeywordExecutor.groovy:74)
	at com.kms.katalon.core.keyword.BuiltinKeywords.callTestCase(BuiltinKeywords.groovy:310)
	at jdk.internal.reflect.GeneratedMethodAccessor41.invoke(Unknown Source)
	at java.base/jdk.internal.reflect.DelegatingMethodAccessorImpl.invoke(DelegatingMethodAccessorImpl.java:43)
	at AddLTOutboundSubscription.run(AddLTOutboundSubscription:20)
	at com.kms.katalon.core.main.ScriptEngine.run(ScriptEngine.java:194)
	at com.kms.katalon.core.main.ScriptEngine.runScriptAsRawText(ScriptEngine.java:119)
	at com.kms.katalon.core.main.TestCaseExecutor.runScript(TestCaseExecutor.java:448)
	at com.kms.katalon.core.main.TestCaseExecutor.doExecute(TestCaseExecutor.java:439)
	at com.kms.katalon.core.main.TestCaseExecutor.processExecutionPhase(TestCaseExecutor.java:418)
	at com.kms.katalon.core.main.TestCaseExecutor.accessMainPhase(TestCaseExecutor.java:410)
	at com.kms.katalon.core.main.TestCaseExecutor.execute(TestCaseExecutor.java:285)
	at com.kms.katalon.core.common.CommonExecutor.accessTestCaseMainPhase(CommonExecutor.java:65)
	at com.kms.katalon.core.main.TestSuiteExecutor.accessTestSuiteMainPhase(TestSuiteExecutor.java:150)
	at com.kms.katalon.core.main.TestSuiteExecutor.execute(TestSuiteExecutor.java:106)
	at com.kms.katalon.core.main.TestCaseMain.startTestSuite(TestCaseMain.java:180)
	at com.kms.katalon.core.main.TestCaseMain$startTestSuite$0.call(Unknown Source)
	at TempTestSuite1761084128061.run(TempTestSuite1761084128061.groovy:35)
	at java.base/jdk.internal.reflect.NativeMethodAccessorImpl.invoke0(Native Method)
	at java.base/jdk.internal.reflect.NativeMethodAccessorImpl.invoke(NativeMethodAccessorImpl.java:77)
	at java.base/jdk.internal.reflect.DelegatingMethodAccessorImpl.invoke(DelegatingMethodAccessorImpl.java:43)
Caused by: com.kms.katalon.core.exception.StepFailedException: Unable to navigate to 'https://dx-portal.qa.thekag.com/'
	at com.kms.katalon.core.webui.keyword.internal.WebUIKeywordMain.stepFailed(WebUIKeywordMain.groovy:117)
	at com.kms.katalon.core.webui.keyword.internal.WebUIKeywordMain.runKeyword(WebUIKeywordMain.groovy:43)
	at com.kms.katalon.core.webui.keyword.builtin.NavigateToUrlKeyword.navigateToUrl(NavigateToUrlKeyword.groovy:83)
	at com.kms.katalon.core.webui.keyword.builtin.NavigateToUrlKeyword.execute(NavigateToUrlKeyword.groovy:67)
	at com.kms.katalon.core.keyword.internal.KeywordExecutor.executeKeywordForPlatform(KeywordExecutor.groovy:74)
	at com.kms.katalon.core.webui.keyword.WebUiBuiltInKeywords.navigateToUrl(WebUiBuiltInKeywords.groovy:187)
	at com.kms.katalon.core.webui.keyword.WebUiBuiltInKeywords$navigateToUrl$1.call(Unknown Source)
	at DES Login.run(DES Login:26)
	at com.kms.katalon.core.main.ScriptEngine.run(ScriptEngine.java:194)
	at com.kms.katalon.core.main.ScriptEngine.runScriptAsRawText(ScriptEngine.java:119)
	at com.kms.katalon.core.main.TestCaseExecutor.runScript(TestCaseExecutor.java:448)
	at com.kms.katalon.core.main.TestCaseExecutor.doExecute(TestCaseExecutor.java:439)
	at com.kms.katalon.core.main.TestCaseExecutor.processExecutionPhase(TestCaseExecutor.java:418)
	at com.kms.katalon.core.main.TestCaseExecutor.accessMainPhase(TestCaseExecutor.java:410)
	at com.kms.katalon.core.main.TestCaseExecutor.execute(TestCaseExecutor.java:285)
	at com.kms.katalon.core.main.TestCaseMain.runTestCase(TestCaseMain.java:137)
	at com.kms.katalon.core.keyword.builtin.CallTestCaseKeyword$_callTestCase_closure1.doCall(CallTestCaseKeyword.groovy:59)
	... 25 more
Caused by: org.openqa.selenium.WebDriverException: java.net.ConnectException: Failed to connect to localhost/[0:0:0:0:0:0:0:1]:62183
Build info: version: '3.141.59', revision: 'unknown', time: 'unknown'
System info: host: 'DC1ADOBLD01', ip: '10.2.20.71', os.name: 'Windows Server 2019', os.arch: 'amd64', os.version: '10.0', java.version: '17.0.7'
Driver info: driver.version: RemoteWebDriver
	at org.openqa.selenium.remote.service.DriverCommandExecutor.execute(DriverCommandExecutor.java:92)
	at org.openqa.selenium.remote.RemoteWebDriver.execute(RemoteWebDriver.java:552)
	at com.kms.katalon.selenium.driver.CChromeDriver.execute(CChromeDriver.java:19)
	at org.openqa.selenium.remote.RemoteWebDriver.get(RemoteWebDriver.java:277)
	at org.openqa.selenium.remote.RemoteWebDriver$RemoteNavigation.to(RemoteWebDriver.java:857)
	at org.openqa.selenium.support.events.EventFiringWebDriver$EventFiringNavigation.to(EventFiringWebDriver.java:569)
	at com.kms.katalon.core.webui.keyword.builtin.NavigateToUrlKeyword$_navigateToUrl_closure1.doCall(NavigateToUrlKeyword.groovy:81)
	at com.kms.katalon.core.webui.keyword.builtin.NavigateToUrlKeyword$_navigateToUrl_closure1.call(NavigateToUrlKeyword.groovy)
	at com.kms.katalon.core.webui.keyword.internal.WebUIKeywordMain.runKeyword(WebUIKeywordMain.groovy:35)
	at com.kms.katalon.core.webui.keyword.builtin.NavigateToUrlKeyword.navigateToUrl(NavigateToUrlKeyword.groovy:83)
	at com.kms.katalon.core.webui.keyword.builtin.NavigateToUrlKeyword.execute(NavigateToUrlKeyword.groovy:67)
	at com.kms.katalon.core.keyword.internal.KeywordExecutor.executeKeywordForPlatform(KeywordExecutor.groovy:74)
	at com.kms.katalon.core.webui.keyword.WebUiBuiltInKeywords.navigateToUrl(WebUiBuiltInKeywords.groovy:187)
	at com.kms.katalon.core.webui.keyword.WebUiBuiltInKeywords$navigateToUrl$1.call(Unknown Source)
	at Script1749499513693.run(Script1749499513693.groovy:26)
	at com.kms.katalon.core.main.ScriptEngine.run(ScriptEngine.java:194)
	at com.kms.katalon.core.main.ScriptEngine.runScriptAsRawText(ScriptEngine.java:119)
	at com.kms.katalon.core.main.TestCaseExecutor.runScript(TestCaseExecutor.java:448)
	at com.kms.katalon.core.main.TestCaseExecutor.doExecute(TestCaseExecutor.java:439)
	at com.kms.katalon.core.main.TestCaseExecutor.processExecutionPhase(TestCaseExecutor.java:418)
	at com.kms.katalon.core.main.TestCaseExecutor.accessMainPhase(TestCaseExecutor.java:410)
	at com.kms.katalon.core.main.TestCaseExecutor.execute(TestCaseExecutor.java:285)
	at com.kms.katalon.core.main.TestCaseMain.runTestCase(TestCaseMain.java:137)
	at com.kms.katalon.core.keyword.builtin.CallTestCaseKeyword$_callTestCase_closure1.doCall(CallTestCaseKeyword.groovy:59)
	at com.kms.katalon.core.keyword.builtin.CallTestCaseKeyword$_callTestCase_closure1.call(CallTestCaseKeyword.groovy)
	at com.kms.katalon.core.keyword.internal.KeywordMain.runKeyword(KeywordMain.groovy:75)
	at com.kms.katalon.core.keyword.builtin.CallTestCaseKeyword.callTestCase(CallTestCaseKeyword.groovy:81)
	at com.kms.katalon.core.keyword.builtin.CallTestCaseKeyword.execute(CallTestCaseKeyword.groovy:44)
	at com.kms.katalon.core.keyword.internal.KeywordExecutor.executeKeywordForPlatform(KeywordExecutor.groovy:74)
	at com.kms.katalon.core.keyword.BuiltinKeywords.callTestCase(BuiltinKeywords.groovy:310)
	at jdk.internal.reflect.GeneratedMethodAccessor41.invoke(Unknown Source)
	at java.base/jdk.internal.reflect.DelegatingMethodAccessorImpl.invoke(DelegatingMethodAccessorImpl.java:43)
	at Script1739980921718.run(Script1739980921718.groovy:20)
	... 16 more
Caused by: java.net.ConnectException: Failed to connect to localhost/[0:0:0:0:0:0:0:1]:62183
	at okhttp3.internal.connection.RealConnection.connectSocket(RealConnection.java:247)
	at okhttp3.internal.connection.RealConnection.connect(RealConnection.java:165)
	at okhttp3.internal.connection.StreamAllocation.findConnection(StreamAllocation.java:257)
	at okhttp3.internal.connection.StreamAllocation.findHealthyConnection(StreamAllocation.java:135)
	at okhttp3.internal.connection.StreamAllocation.newStream(StreamAllocation.java:114)
	at okhttp3.internal.connection.ConnectInterceptor.intercept(ConnectInterceptor.java:42)
	at okhttp3.internal.http.RealInterceptorChain.proceed(RealInterceptorChain.java:147)
	at okhttp3.internal.http.RealInterceptorChain.proceed(RealInterceptorChain.java:121)
	at okhttp3.internal.cache.CacheInterceptor.intercept(CacheInterceptor.java:93)
	at okhttp3.internal.http.RealInterceptorChain.proceed(RealInterceptorChain.java:147)
	at okhttp3.internal.http.RealInterceptorChain.proceed(RealInterceptorChain.java:121)
	at okhttp3.internal.http.BridgeInterceptor.intercept(BridgeInterceptor.java:93)
	at okhttp3.internal.http.RealInterceptorChain.proceed(RealInterceptorChain.java:147)
	at okhttp3.internal.http.RetryAndFollowUpInterceptor.intercept(RetryAndFollowUpInterceptor.java:126)
	at okhttp3.internal.http.RealInterceptorChain.proceed(RealInterceptorChain.java:147)
	at okhttp3.internal.http.RealInterceptorChain.proceed(RealInterceptorChain.java:121)
	at okhttp3.RealCall.getResponseWithInterceptorChain(RealCall.java:200)
	at okhttp3.RealCall.execute(RealCall.java:77)
	at org.openqa.selenium.remote.internal.OkHttpClient.execute(OkHttpClient.java:103)
	at org.openqa.selenium.remote.HttpCommandExecutor.execute(HttpCommandExecutor.java:155)
	at org.openqa.selenium.remote.service.DriverCommandExecutor.execute(DriverCommandExecutor.java:83)
	... 48 more
Caused by: java.net.ConnectException: Connection refused: no further information
	at okhttp3.internal.platform.Platform.connectSocket(Platform.java:129)
	at okhttp3.internal.connection.RealConnection.connectSocket(RealConnection.java:245)
	at okhttp3.internal.connection.RealConnection.connect(RealConnection.java:165)
	at okhttp3.internal.connection.StreamAllocation.findConnection(StreamAllocation.java:257)
	at okhttp3.internal.connection.StreamAllocation.findHealthyConnection(StreamAllocation.java:135)
	at okhttp3.internal.connection.StreamAllocation.newStream(StreamAllocation.java:114)
	at okhttp3.internal.connection.ConnectInterceptor.intercept(ConnectInterceptor.java:42)
	at okhttp3.internal.http.RealInterceptorChain.proceed(RealInterceptorChain.java:147)
	at okhttp3.internal.http.RealInterceptorChain.proceed(RealInterceptorChain.java:121)
	at okhttp3.internal.cache.CacheInterceptor.intercept(CacheInterceptor.java:93)
	at okhttp3.internal.http.RealInterceptorChain.proceed(RealInterceptorChain.java:147)
	at okhttp3.internal.http.RealInterceptorChain.proceed(RealInterceptorChain.java:121)
	at okhttp3.internal.http.BridgeInterceptor.intercept(BridgeInterceptor.java:93)
	at okhttp3.internal.http.RealInterceptorChain.proceed(RealInterceptorChain.java:147)
	at okhttp3.internal.http.RetryAndFollowUpInterceptor.intercept(RetryAndFollowUpInterceptor.java:126)
	at okhttp3.internal.http.RealInterceptorChain.proceed(RealInterceptorChain.java:147)
	at okhttp3.internal.http.RealInterceptorChain.proceed(RealInterceptorChain.java:121)
	at okhttp3.RealCall.getResponseWithInterceptorChain(RealCall.java:200)
	at okhttp3.RealCall.execute(RealCall.java:77)
	at org.openqa.selenium.remote.internal.OkHttpClient.execute(OkHttpClient.java:103)
	at org.openqa.selenium.remote.HttpCommandExecutor.execute(HttpCommandExecutor.java:155)
	at org.openqa.selenium.remote.service.DriverCommandExecutor.execute(DriverCommandExecutor.java:83)
	at org.openqa.selenium.remote.RemoteWebDriver.execute(RemoteWebDriver.java:552)
	at com.kms.katalon.selenium.driver.CChromeDriver.execute(CChromeDriver.java:19)
	at org.openqa.selenium.remote.RemoteWebDriver.get(RemoteWebDriver.java:277)
	at org.openqa.selenium.remote.RemoteWebDriver$RemoteNavigation.to(RemoteWebDriver.java:857)
	at org.openqa.selenium.support.events.EventFiringWebDriver$EventFiringNavigation.to(EventFiringWebDriver.java:569)
	at com.kms.katalon.core.webui.keyword.builtin.NavigateToUrlKeyword$_navigateToUrl_closure1.doCall(NavigateToUrlKeyword.groovy:81)
	at com.kms.katalon.core.webui.keyword.builtin.NavigateToUrlKeyword$_navigateToUrl_closure1.call(NavigateToUrlKeyword.groovy)
	at com.kms.katalon.core.webui.keyword.internal.WebUIKeywordMain.runKeyword(WebUIKeywordMain.groovy:35)
	at com.kms.katalon.core.webui.keyword.builtin.NavigateToUrlKeyword.navigateToUrl(NavigateToUrlKeyword.groovy:83)
	at com.kms.katalon.core.webui.keyword.builtin.NavigateToUrlKeyword.execute(NavigateToUrlKeyword.groovy:67)
	at com.kms.katalon.core.keyword.internal.KeywordExecutor.executeKeywordForPlatform(KeywordExecutor.groovy:74)
	at com.kms.katalon.core.webui.keyword.WebUiBuiltInKeywords.navigateToUrl(WebUiBuiltInKeywords.groovy:187)
	at com.kms.katalon.core.webui.keyword.WebUiBuiltInKeywords$navigateToUrl$1.call(Unknown Source)
	at DES Login.run(DES Login:26)
	at com.kms.katalon.core.main.ScriptEngine.run(ScriptEngine.java:194)
	at com.kms.katalon.core.main.ScriptEngine.runScriptAsRawText(ScriptEngine.java:119)
	at com.kms.katalon.core.main.TestCaseExecutor.runScript(TestCaseExecutor.java:448)
	at com.kms.katalon.core.main.TestCaseExecutor.doExecute(TestCaseExecutor.java:439)
	at com.kms.katalon.core.main.TestCaseExecutor.processExecutionPhase(TestCaseExecutor.java:418)
	at com.kms.katalon.core.main.TestCaseExecutor.accessMainPhase(TestCaseExecutor.java:410)
	at com.kms.katalon.core.main.TestCaseExecutor.execute(TestCaseExecutor.java:285)
	at com.kms.katalon.core.main.TestCaseMain.runTestCase(TestCaseMain.java:137)
	at com.kms.katalon.core.keyword.builtin.CallTestCaseKeyword$_callTestCase_closure1.doCall(CallTestCaseKeyword.groovy:59)
	at com.kms.katalon.core.keyword.builtin.CallTestCaseKeyword$_callTestCase_closure1.call(CallTestCaseKeyword.groovy)
	at com.kms.katalon.core.keyword.internal.KeywordMain.runKeyword(KeywordMain.groovy:75)
	at com.kms.katalon.core.keyword.builtin.CallTestCaseKeyword.callTestCase(CallTestCaseKeyword.groovy:81)
	at com.kms.katalon.core.keyword.builtin.CallTestCaseKeyword.execute(CallTestCaseKeyword.groovy:44)
	at com.kms.katalon.core.keyword.internal.KeywordExecutor.executeKeywordForPlatform(KeywordExecutor.groovy:74)
	at com.kms.katalon.core.keyword.BuiltinKeywords.callTestCase(BuiltinKeywords.groovy:310)
	at jdk.internal.reflect.GeneratedMethodAccessor41.invoke(Unknown Source)
	at java.base/jdk.internal.reflect.DelegatingMethodAccessorImpl.invoke(DelegatingMethodAccessorImpl.java:43)
	at AddLTOutboundSubscription.run(AddLTOutboundSubscription:20)
	... 16 more


21-10-2025T19:18:00 - [TEST_STEP][PASSED] - Start listener action : beforeTestCase: null

21-10-2025T19:18:00 - [TEST_STEP][PASSED] - addDefaultPackages(): null

21-10-2025T19:18:00 - [TEST_STEP][FAILED] - callTestCase(findTestCase("DES/DES Login"), [:], STOP_ON_FAILURE): Unable to call Test Case 'Test Cases/DES/DES Login' (Root cause: com.kms.katalon.core.exception.StepFailedException: Call Test Case 'Test Cases/DES/DES Login' failed
	at com.kms.katalon.core.keyword.builtin.CallTestCaseKeyword$_callTestCase_closure1.doCall(CallTestCaseKeyword.groovy:63)
	at com.kms.katalon.core.keyword.builtin.CallTestCaseKeyword$_callTestCase_closure1.call(CallTestCaseKeyword.groovy)
	at com.kms.katalon.core.keyword.internal.KeywordMain.runKeyword(KeywordMain.groovy:75)
	at com.kms.katalon.core.keyword.builtin.CallTestCaseKeyword.callTestCase(CallTestCaseKeyword.groovy:81)
	at com.kms.katalon.core.keyword.builtin.CallTestCaseKeyword.execute(CallTestCaseKeyword.groovy:44)
	at com.kms.katalon.core.keyword.internal.KeywordExecutor.executeKeywordForPlatform(KeywordExecutor.groovy:74)
	at com.kms.katalon.core.keyword.BuiltinKeywords.callTestCase(BuiltinKeywords.groovy:310)
	at jdk.internal.reflect.GeneratedMethodAccessor41.invoke(Unknown Source)
	at java.base/jdk.internal.reflect.DelegatingMethodAccessorImpl.invoke(DelegatingMethodAccessorImpl.java:43)
	at AddLTOutboundSubscription.run(AddLTOutboundSubscription:20)
	at com.kms.katalon.core.main.ScriptEngine.run(ScriptEngine.java:194)
	at com.kms.katalon.core.main.ScriptEngine.runScriptAsRawText(ScriptEngine.java:119)
	at com.kms.katalon.core.main.TestCaseExecutor.runScript(TestCaseExecutor.java:448)
	at com.kms.katalon.core.main.TestCaseExecutor.doExecute(TestCaseExecutor.java:439)
	at com.kms.katalon.core.main.TestCaseExecutor.processExecutionPhase(TestCaseExecutor.java:418)
	at com.kms.katalon.core.main.TestCaseExecutor.accessMainPhase(TestCaseExecutor.java:410)
	at com.kms.katalon.core.main.TestCaseExecutor.execute(TestCaseExecutor.java:285)
	at com.kms.katalon.core.common.CommonExecutor.accessTestCaseMainPhase(CommonExecutor.java:65)
	at com.kms.katalon.core.main.TestSuiteExecutor.accessTestSuiteMainPhase(TestSuiteExecutor.java:150)
	at com.kms.katalon.core.main.TestSuiteExecutor.execute(TestSuiteExecutor.java:106)
	at com.kms.katalon.core.main.TestCaseMain.startTestSuite(TestCaseMain.java:180)
	at com.kms.katalon.core.main.TestCaseMain$startTestSuite$0.call(Unknown Source)
	at TempTestSuite1761084128061.run(TempTestSuite1761084128061.groovy:35)
	at java.base/jdk.internal.reflect.NativeMethodAccessorImpl.invoke0(Native Method)
	at java.base/jdk.internal.reflect.NativeMethodAccessorImpl.invoke(NativeMethodAccessorImpl.java:77)
	at java.base/jdk.internal.reflect.DelegatingMethodAccessorImpl.invoke(DelegatingMethodAccessorImpl.java:43)
Caused by: com.kms.katalon.core.exception.StepFailedException: Unable to navigate to 'https://dx-portal.qa.thekag.com/'
	at com.kms.katalon.core.webui.keyword.internal.WebUIKeywordMain.stepFailed(WebUIKeywordMain.groovy:117)
	at com.kms.katalon.core.webui.keyword.internal.WebUIKeywordMain.runKeyword(WebUIKeywordMain.groovy:43)
	at com.kms.katalon.core.webui.keyword.builtin.NavigateToUrlKeyword.navigateToUrl(NavigateToUrlKeyword.groovy:83)
	at com.kms.katalon.core.webui.keyword.builtin.NavigateToUrlKeyword.execute(NavigateToUrlKeyword.groovy:67)
	at com.kms.katalon.core.keyword.internal.KeywordExecutor.executeKeywordForPlatform(KeywordExecutor.groovy:74)
	at com.kms.katalon.core.webui.keyword.WebUiBuiltInKeywords.navigateToUrl(WebUiBuiltInKeywords.groovy:187)
	at com.kms.katalon.core.webui.keyword.WebUiBuiltInKeywords$navigateToUrl$1.call(Unknown Source)
	at DES Login.run(DES Login:26)
	at com.kms.katalon.core.main.ScriptEngine.run(ScriptEngine.java:194)
	at com.kms.katalon.core.main.ScriptEngine.runScriptAsRawText(ScriptEngine.java:119)
	at com.kms.katalon.core.main.TestCaseExecutor.runScript(TestCaseExecutor.java:448)
	at com.kms.katalon.core.main.TestCaseExecutor.doExecute(TestCaseExecutor.java:439)
	at com.kms.katalon.core.main.TestCaseExecutor.processExecutionPhase(TestCaseExecutor.java:418)
	at com.kms.katalon.core.main.TestCaseExecutor.accessMainPhase(TestCaseExecutor.java:410)
	at com.kms.katalon.core.main.TestCaseExecutor.execute(TestCaseExecutor.java:285)
	at com.kms.katalon.core.main.TestCaseMain.runTestCase(TestCaseMain.java:137)
	at com.kms.katalon.core.keyword.builtin.CallTestCaseKeyword$_callTestCase_closure1.doCall(CallTestCaseKeyword.groovy:59)
	... 25 more
Caused by: org.openqa.selenium.WebDriverException: java.net.ConnectException: Failed to connect to localhost/[0:0:0:0:0:0:0:1]:62183
Build info: version: '3.141.59', revision: 'unknown', time: 'unknown'
System info: host: 'DC1ADOBLD01', ip: '10.2.20.71', os.name: 'Windows Server 2019', os.arch: 'amd64', os.version: '10.0', java.version: '17.0.7'
Driver info: driver.version: RemoteWebDriver
	at org.openqa.selenium.remote.service.DriverCommandExecutor.execute(DriverCommandExecutor.java:92)
	at org.openqa.selenium.remote.RemoteWebDriver.execute(RemoteWebDriver.java:552)
	at com.kms.katalon.selenium.driver.CChromeDriver.execute(CChromeDriver.java:19)
	at org.openqa.selenium.remote.RemoteWebDriver.get(RemoteWebDriver.java:277)
	at org.openqa.selenium.remote.RemoteWebDriver$RemoteNavigation.to(RemoteWebDriver.java:857)
	at org.openqa.selenium.support.events.EventFiringWebDriver$EventFiringNavigation.to(EventFiringWebDriver.java:569)
	at com.kms.katalon.core.webui.keyword.builtin.NavigateToUrlKeyword$_navigateToUrl_closure1.doCall(NavigateToUrlKeyword.groovy:81)
	at com.kms.katalon.core.webui.keyword.builtin.NavigateToUrlKeyword$_navigateToUrl_closure1.call(NavigateToUrlKeyword.groovy)
	at com.kms.katalon.core.webui.keyword.internal.WebUIKeywordMain.runKeyword(WebUIKeywordMain.groovy:35)
	at com.kms.katalon.core.webui.keyword.builtin.NavigateToUrlKeyword.navigateToUrl(NavigateToUrlKeyword.groovy:83)
	at com.kms.katalon.core.webui.keyword.builtin.NavigateToUrlKeyword.execute(NavigateToUrlKeyword.groovy:67)
	at com.kms.katalon.core.keyword.internal.KeywordExecutor.executeKeywordForPlatform(KeywordExecutor.groovy:74)
	at com.kms.katalon.core.webui.keyword.WebUiBuiltInKeywords.navigateToUrl(WebUiBuiltInKeywords.groovy:187)
	at com.kms.katalon.core.webui.keyword.WebUiBuiltInKeywords$navigateToUrl$1.call(Unknown Source)
	at Script1749499513693.run(Script1749499513693.groovy:26)
	at com.kms.katalon.core.main.ScriptEngine.run(ScriptEngine.java:194)
	at com.kms.katalon.core.main.ScriptEngine.runScriptAsRawText(ScriptEngine.java:119)
	at com.kms.katalon.core.main.TestCaseExecutor.runScript(TestCaseExecutor.java:448)
	at com.kms.katalon.core.main.TestCaseExecutor.doExecute(TestCaseExecutor.java:439)
	at com.kms.katalon.core.main.TestCaseExecutor.processExecutionPhase(TestCaseExecutor.java:418)
	at com.kms.katalon.core.main.TestCaseExecutor.accessMainPhase(TestCaseExecutor.java:410)
	at com.kms.katalon.core.main.TestCaseExecutor.execute(TestCaseExecutor.java:285)
	at com.kms.katalon.core.main.TestCaseMain.runTestCase(TestCaseMain.java:137)
	at com.kms.katalon.core.keyword.builtin.CallTestCaseKeyword$_callTestCase_closure1.doCall(CallTestCaseKeyword.groovy:59)
	at com.kms.katalon.core.keyword.builtin.CallTestCaseKeyword$_callTestCase_closure1.call(CallTestCaseKeyword.groovy)
	at com.kms.katalon.core.keyword.internal.KeywordMain.runKeyword(KeywordMain.groovy:75)
	at com.kms.katalon.core.keyword.builtin.CallTestCaseKeyword.callTestCase(CallTestCaseKeyword.groovy:81)
	at com.kms.katalon.core.keyword.builtin.CallTestCaseKeyword.execute(CallTestCaseKeyword.groovy:44)
	at com.kms.katalon.core.keyword.internal.KeywordExecutor.executeKeywordForPlatform(KeywordExecutor.groovy:74)
	at com.kms.katalon.core.keyword.BuiltinKeywords.callTestCase(BuiltinKeywords.groovy:310)
	at jdk.internal.reflect.GeneratedMethodAccessor41.invoke(Unknown Source)
	at java.base/jdk.internal.reflect.DelegatingMethodAccessorImpl.invoke(DelegatingMethodAccessorImpl.java:43)
	at Script1739980921718.run(Script1739980921718.groovy:20)
	... 16 more
Caused by: java.net.ConnectException: Failed to connect to localhost/[0:0:0:0:0:0:0:1]:62183
	at okhttp3.internal.connection.RealConnection.connectSocket(RealConnection.java:247)
	at okhttp3.internal.connection.RealConnection.connect(RealConnection.java:165)
	at okhttp3.internal.connection.StreamAllocation.findConnection(StreamAllocation.java:257)
	at okhttp3.internal.connection.StreamAllocation.findHealthyConnection(StreamAllocation.java:135)
	at okhttp3.internal.connection.StreamAllocation.newStream(StreamAllocation.java:114)
	at okhttp3.internal.connection.ConnectInterceptor.intercept(ConnectInterceptor.java:42)
	at okhttp3.internal.http.RealInterceptorChain.proceed(RealInterceptorChain.java:147)
	at okhttp3.internal.http.RealInterceptorChain.proceed(RealInterceptorChain.java:121)
	at okhttp3.internal.cache.CacheInterceptor.intercept(CacheInterceptor.java:93)
	at okhttp3.internal.http.RealInterceptorChain.proceed(RealInterceptorChain.java:147)
	at okhttp3.internal.http.RealInterceptorChain.proceed(RealInterceptorChain.java:121)
	at okhttp3.internal.http.BridgeInterceptor.intercept(BridgeInterceptor.java:93)
	at okhttp3.internal.http.RealInterceptorChain.proceed(RealInterceptorChain.java:147)
	at okhttp3.internal.http.RetryAndFollowUpInterceptor.intercept(RetryAndFollowUpInterceptor.java:126)
	at okhttp3.internal.http.RealInterceptorChain.proceed(RealInterceptorChain.java:147)
	at okhttp3.internal.http.RealInterceptorChain.proceed(RealInterceptorChain.java:121)
	at okhttp3.RealCall.getResponseWithInterceptorChain(RealCall.java:200)
	at okhttp3.RealCall.execute(RealCall.java:77)
	at org.openqa.selenium.remote.internal.OkHttpClient.execute(OkHttpClient.java:103)
	at org.openqa.selenium.remote.HttpCommandExecutor.execute(HttpCommandExecutor.java:155)
	at org.openqa.selenium.remote.service.DriverCommandExecutor.execute(DriverCommandExecutor.java:83)
	... 48 more
Caused by: java.net.ConnectException: Connection refused: no further information
	at okhttp3.internal.platform.Platform.connectSocket(Platform.java:129)
	at okhttp3.internal.connection.RealConnection.connectSocket(RealConnection.java:245)
	at okhttp3.internal.connection.RealConnection.connect(RealConnection.java:165)
	at okhttp3.internal.connection.StreamAllocation.findConnection(StreamAllocation.java:257)
	at okhttp3.internal.connection.StreamAllocation.findHealthyConnection(StreamAllocation.java:135)
	at okhttp3.internal.connection.StreamAllocation.newStream(StreamAllocation.java:114)
	at okhttp3.internal.connection.ConnectInterceptor.intercept(ConnectInterceptor.java:42)
	at okhttp3.internal.http.RealInterceptorChain.proceed(RealInterceptorChain.java:147)
	at okhttp3.internal.http.RealInterceptorChain.proceed(RealInterceptorChain.java:121)
	at okhttp3.internal.cache.CacheInterceptor.intercept(CacheInterceptor.java:93)
	at okhttp3.internal.http.RealInterceptorChain.proceed(RealInterceptorChain.java:147)
	at okhttp3.internal.http.RealInterceptorChain.proceed(RealInterceptorChain.java:121)
	at okhttp3.internal.http.BridgeInterceptor.intercept(BridgeInterceptor.java:93)
	at okhttp3.internal.http.RealInterceptorChain.proceed(RealInterceptorChain.java:147)
	at okhttp3.internal.http.RetryAndFollowUpInterceptor.intercept(RetryAndFollowUpInterceptor.java:126)
	at okhttp3.internal.http.RealInterceptorChain.proceed(RealInterceptorChain.java:147)
	at okhttp3.internal.http.RealInterceptorChain.proceed(RealInterceptorChain.java:121)
	at okhttp3.RealCall.getResponseWithInterceptorChain(RealCall.java:200)
	at okhttp3.RealCall.execute(RealCall.java:77)
	at org.openqa.selenium.remote.internal.OkHttpClient.execute(OkHttpClient.java:103)
	at org.openqa.selenium.remote.HttpCommandExecutor.execute(HttpCommandExecutor.java:155)
	at org.openqa.selenium.remote.service.DriverCommandExecutor.execute(DriverCommandExecutor.java:83)
	at org.openqa.selenium.remote.RemoteWebDriver.execute(RemoteWebDriver.java:552)
	at com.kms.katalon.selenium.driver.CChromeDriver.execute(CChromeDriver.java:19)
	at org.openqa.selenium.remote.RemoteWebDriver.get(RemoteWebDriver.java:277)
	at org.openqa.selenium.remote.RemoteWebDriver$RemoteNavigation.to(RemoteWebDriver.java:857)
	at org.openqa.selenium.support.events.EventFiringWebDriver$EventFiringNavigation.to(EventFiringWebDriver.java:569)
	at com.kms.katalon.core.webui.keyword.builtin.NavigateToUrlKeyword$_navigateToUrl_closure1.doCall(NavigateToUrlKeyword.groovy:81)
	at com.kms.katalon.core.webui.keyword.builtin.NavigateToUrlKeyword$_navigateToUrl_closure1.call(NavigateToUrlKeyword.groovy)
	at com.kms.katalon.core.webui.keyword.internal.WebUIKeywordMain.runKeyword(WebUIKeywordMain.groovy:35)
	at com.kms.katalon.core.webui.keyword.builtin.NavigateToUrlKeyword.navigateToUrl(NavigateToUrlKeyword.groovy:83)
	at com.kms.katalon.core.webui.keyword.builtin.NavigateToUrlKeyword.execute(NavigateToUrlKeyword.groovy:67)
	at com.kms.katalon.core.keyword.internal.KeywordExecutor.executeKeywordForPlatform(KeywordExecutor.groovy:74)
	at com.kms.katalon.core.webui.keyword.WebUiBuiltInKeywords.navigateToUrl(WebUiBuiltInKeywords.groovy:187)
	at com.kms.katalon.core.webui.keyword.WebUiBuiltInKeywords$navigateToUrl$1.call(Unknown Source)
	at DES Login.run(DES Login:26)
	at com.kms.katalon.core.main.ScriptEngine.run(ScriptEngine.java:194)
	at com.kms.katalon.core.main.ScriptEngine.runScriptAsRawText(ScriptEngine.java:119)
	at com.kms.katalon.core.main.TestCaseExecutor.runScript(TestCaseExecutor.java:448)
	at com.kms.katalon.core.main.TestCaseExecutor.doExecute(TestCaseExecutor.java:439)
	at com.kms.katalon.core.main.TestCaseExecutor.processExecutionPhase(TestCaseExecutor.java:418)
	at com.kms.katalon.core.main.TestCaseExecutor.accessMainPhase(TestCaseExecutor.java:410)
	at com.kms.katalon.core.main.TestCaseExecutor.execute(TestCaseExecutor.java:285)
	at com.kms.katalon.core.main.TestCaseMain.runTestCase(TestCaseMain.java:137)
	at com.kms.katalon.core.keyword.builtin.CallTestCaseKeyword$_callTestCase_closure1.doCall(CallTestCaseKeyword.groovy:59)
	at com.kms.katalon.core.keyword.builtin.CallTestCaseKeyword$_callTestCase_closure1.call(CallTestCaseKeyword.groovy)
	at com.kms.katalon.core.keyword.internal.KeywordMain.runKeyword(KeywordMain.groovy:75)
	at com.kms.katalon.core.keyword.builtin.CallTestCaseKeyword.callTestCase(CallTestCaseKeyword.groovy:81)
	at com.kms.katalon.core.keyword.builtin.CallTestCaseKeyword.execute(CallTestCaseKeyword.groovy:44)
	at com.kms.katalon.core.keyword.internal.KeywordExecutor.executeKeywordForPlatform(KeywordExecutor.groovy:74)
	at com.kms.katalon.core.keyword.BuiltinKeywords.callTestCase(BuiltinKeywords.groovy:310)
	at jdk.internal.reflect.GeneratedMethodAccessor41.invoke(Unknown Source)
	at java.base/jdk.internal.reflect.DelegatingMethodAccessorImpl.invoke(DelegatingMethodAccessorImpl.java:43)
	at AddLTOutboundSubscription.run(AddLTOutboundSubscription:20)
	... 16 more
)

21-10-2025T19:18:00 - [TEST_CASE][FAILED] - Test Cases/DES/DES Login: Test Cases/DES/DES Login FAILED.
Reason:
com.kms.katalon.core.exception.StepFailedException: Unable to navigate to 'https://dx-portal.qa.thekag.com/'
	at com.kms.katalon.core.webui.keyword.internal.WebUIKeywordMain.stepFailed(WebUIKeywordMain.groovy:117)
	at com.kms.katalon.core.webui.keyword.internal.WebUIKeywordMain.runKeyword(WebUIKeywordMain.groovy:43)
	at com.kms.katalon.core.webui.keyword.builtin.NavigateToUrlKeyword.navigateToUrl(NavigateToUrlKeyword.groovy:83)
	at com.kms.katalon.core.webui.keyword.builtin.NavigateToUrlKeyword.execute(NavigateToUrlKeyword.groovy:67)
	at com.kms.katalon.core.keyword.internal.KeywordExecutor.executeKeywordForPlatform(KeywordExecutor.groovy:74)
	at com.kms.katalon.core.webui.keyword.WebUiBuiltInKeywords.navigateToUrl(WebUiBuiltInKeywords.groovy:187)
	at com.kms.katalon.core.webui.keyword.WebUiBuiltInKeywords$navigateToUrl$1.call(Unknown Source)
	at DES Login.run(DES Login:26)
	at com.kms.katalon.core.main.ScriptEngine.run(ScriptEngine.java:194)
	at com.kms.katalon.core.main.ScriptEngine.runScriptAsRawText(ScriptEngine.java:119)
	at com.kms.katalon.core.main.TestCaseExecutor.runScript(TestCaseExecutor.java:448)
	at com.kms.katalon.core.main.TestCaseExecutor.doExecute(TestCaseExecutor.java:439)
	at com.kms.katalon.core.main.TestCaseExecutor.processExecutionPhase(TestCaseExecutor.java:418)
	at com.kms.katalon.core.main.TestCaseExecutor.accessMainPhase(TestCaseExecutor.java:410)
	at com.kms.katalon.core.main.TestCaseExecutor.execute(TestCaseExecutor.java:285)
	at com.kms.katalon.core.main.TestCaseMain.runTestCase(TestCaseMain.java:137)
	at com.kms.katalon.core.keyword.builtin.CallTestCaseKeyword$_callTestCase_closure1.doCall(CallTestCaseKeyword.groovy:59)
	at com.kms.katalon.core.keyword.builtin.CallTestCaseKeyword$_callTestCase_closure1.call(CallTestCaseKeyword.groovy)
	at com.kms.katalon.core.keyword.internal.KeywordMain.runKeyword(KeywordMain.groovy:75)
	at com.kms.katalon.core.keyword.builtin.CallTestCaseKeyword.callTestCase(CallTestCaseKeyword.groovy:81)
	at com.kms.katalon.core.keyword.builtin.CallTestCaseKeyword.execute(CallTestCaseKeyword.groovy:44)
	at com.kms.katalon.core.keyword.internal.KeywordExecutor.executeKeywordForPlatform(KeywordExecutor.groovy:74)
	at com.kms.katalon.core.keyword.BuiltinKeywords.callTestCase(BuiltinKeywords.groovy:310)
	at jdk.internal.reflect.GeneratedMethodAccessor41.invoke(Unknown Source)
	at java.base/jdk.internal.reflect.DelegatingMethodAccessorImpl.invoke(DelegatingMethodAccessorImpl.java:43)
	at AddLTOutboundSubscription.run(AddLTOutboundSubscription:20)
	at com.kms.katalon.core.main.ScriptEngine.run(ScriptEngine.java:194)
	at com.kms.katalon.core.main.ScriptEngine.runScriptAsRawText(ScriptEngine.java:119)
	at com.kms.katalon.core.main.TestCaseExecutor.runScript(TestCaseExecutor.java:448)
	at com.kms.katalon.core.main.TestCaseExecutor.doExecute(TestCaseExecutor.java:439)
	at com.kms.katalon.core.main.TestCaseExecutor.processExecutionPhase(TestCaseExecutor.java:418)
	at com.kms.katalon.core.main.TestCaseExecutor.accessMainPhase(TestCaseExecutor.java:410)
	at com.kms.katalon.core.main.TestCaseExecutor.execute(TestCaseExecutor.java:285)
	at com.kms.katalon.core.common.CommonExecutor.accessTestCaseMainPhase(CommonExecutor.java:65)
	at com.kms.katalon.core.main.TestSuiteExecutor.accessTestSuiteMainPhase(TestSuiteExecutor.java:150)
	at com.kms.katalon.core.main.TestSuiteExecutor.execute(TestSuiteExecutor.java:106)
	at com.kms.katalon.core.main.TestCaseMain.startTestSuite(TestCaseMain.java:180)
	at com.kms.katalon.core.main.TestCaseMain$startTestSuite$0.call(Unknown Source)
	at TempTestSuite1761084128061.run(TempTestSuite1761084128061.groovy:35)
	at java.base/jdk.internal.reflect.NativeMethodAccessorImpl.invoke0(Native Method)
	at java.base/jdk.internal.reflect.NativeMethodAccessorImpl.invoke(NativeMethodAccessorImpl.java:77)
	at java.base/jdk.internal.reflect.DelegatingMethodAccessorImpl.invoke(DelegatingMethodAccessorImpl.java:43)
Caused by: org.openqa.selenium.WebDriverException: java.net.ConnectException: Failed to connect to localhost/[0:0:0:0:0:0:0:1]:62183
Build info: version: '3.141.59', revision: 'unknown', time: 'unknown'
System info: host: 'DC1ADOBLD01', ip: '10.2.20.71', os.name: 'Windows Server 2019', os.arch: 'amd64', os.version: '10.0', java.version: '17.0.7'
Driver info: driver.version: RemoteWebDriver
	at org.openqa.selenium.remote.service.DriverCommandExecutor.execute(DriverCommandExecutor.java:92)
	at org.openqa.selenium.remote.RemoteWebDriver.execute(RemoteWebDriver.java:552)
	at com.kms.katalon.selenium.driver.CChromeDriver.execute(CChromeDriver.java:19)
	at org.openqa.selenium.remote.RemoteWebDriver.get(RemoteWebDriver.java:277)
	at org.openqa.selenium.remote.RemoteWebDriver$RemoteNavigation.to(RemoteWebDriver.java:857)
	at org.openqa.selenium.support.events.EventFiringWebDriver$EventFiringNavigation.to(EventFiringWebDriver.java:569)
	at com.kms.katalon.core.webui.keyword.builtin.NavigateToUrlKeyword$_navigateToUrl_closure1.doCall(NavigateToUrlKeyword.groovy:81)
	at com.kms.katalon.core.webui.keyword.builtin.NavigateToUrlKeyword$_navigateToUrl_closure1.call(NavigateToUrlKeyword.groovy)
	at com.kms.katalon.core.webui.keyword.internal.WebUIKeywordMain.runKeyword(WebUIKeywordMain.groovy:35)
	at com.kms.katalon.core.webui.keyword.builtin.NavigateToUrlKeyword.navigateToUrl(NavigateToUrlKeyword.groovy:83)
	at com.kms.katalon.core.webui.keyword.builtin.NavigateToUrlKeyword.execute(NavigateToUrlKeyword.groovy:67)
	at com.kms.katalon.core.keyword.internal.KeywordExecutor.executeKeywordForPlatform(KeywordExecutor.groovy:74)
	at com.kms.katalon.core.webui.keyword.WebUiBuiltInKeywords.navigateToUrl(WebUiBuiltInKeywords.groovy:187)
	at com.kms.katalon.core.webui.keyword.WebUiBuiltInKeywords$navigateToUrl$1.call(Unknown Source)
	at Script1749499513693.run(Script1749499513693.groovy:26)
	at com.kms.katalon.core.main.ScriptEngine.run(ScriptEngine.java:194)
	at com.kms.katalon.core.main.ScriptEngine.runScriptAsRawText(ScriptEngine.java:119)
	at com.kms.katalon.core.main.TestCaseExecutor.runScript(TestCaseExecutor.java:448)
	at com.kms.katalon.core.main.TestCaseExecutor.doExecute(TestCaseExecutor.java:439)
	at com.kms.katalon.core.main.TestCaseExecutor.processExecutionPhase(TestCaseExecutor.java:418)
	at com.kms.katalon.core.main.TestCaseExecutor.accessMainPhase(TestCaseExecutor.java:410)
	at com.kms.katalon.core.main.TestCaseExecutor.execute(TestCaseExecutor.java:285)
	at com.kms.katalon.core.main.TestCaseMain.runTestCase(TestCaseMain.java:137)
	at com.kms.katalon.core.keyword.builtin.CallTestCaseKeyword$_callTestCase_closure1.doCall(CallTestCaseKeyword.groovy:59)
	at com.kms.katalon.core.keyword.builtin.CallTestCaseKeyword$_callTestCase_closure1.call(CallTestCaseKeyword.groovy)
	at com.kms.katalon.core.keyword.internal.KeywordMain.runKeyword(KeywordMain.groovy:75)
	at com.kms.katalon.core.keyword.builtin.CallTestCaseKeyword.callTestCase(CallTestCaseKeyword.groovy:81)
	at com.kms.katalon.core.keyword.builtin.CallTestCaseKeyword.execute(CallTestCaseKeyword.groovy:44)
	at com.kms.katalon.core.keyword.internal.KeywordExecutor.executeKeywordForPlatform(KeywordExecutor.groovy:74)
	at com.kms.katalon.core.keyword.BuiltinKeywords.callTestCase(BuiltinKeywords.groovy:310)
	at jdk.internal.reflect.GeneratedMethodAccessor41.invoke(Unknown Source)
	at java.base/jdk.internal.reflect.DelegatingMethodAccessorImpl.invoke(DelegatingMethodAccessorImpl.java:43)
	at Script1739980921718.run(Script1739980921718.groovy:20)
	... 16 more
Caused by: java.net.ConnectException: Failed to connect to localhost/[0:0:0:0:0:0:0:1]:62183
	at okhttp3.internal.connection.RealConnection.connectSocket(RealConnection.java:247)
	at okhttp3.internal.connection.RealConnection.connect(RealConnection.java:165)
	at okhttp3.internal.connection.StreamAllocation.findConnection(StreamAllocation.java:257)
	at okhttp3.internal.connection.StreamAllocation.findHealthyConnection(StreamAllocation.java:135)
	at okhttp3.internal.connection.StreamAllocation.newStream(StreamAllocation.java:114)
	at okhttp3.internal.connection.ConnectInterceptor.intercept(ConnectInterceptor.java:42)
	at okhttp3.internal.http.RealInterceptorChain.proceed(RealInterceptorChain.java:147)
	at okhttp3.internal.http.RealInterceptorChain.proceed(RealInterceptorChain.java:121)
	at okhttp3.internal.cache.CacheInterceptor.intercept(CacheInterceptor.java:93)
	at okhttp3.internal.http.RealInterceptorChain.proceed(RealInterceptorChain.java:147)
	at okhttp3.internal.http.RealInterceptorChain.proceed(RealInterceptorChain.java:121)
	at okhttp3.internal.http.BridgeInterceptor.intercept(BridgeInterceptor.java:93)
	at okhttp3.internal.http.RealInterceptorChain.proceed(RealInterceptorChain.java:147)
	at okhttp3.internal.http.RetryAndFollowUpInterceptor.intercept(RetryAndFollowUpInterceptor.java:126)
	at okhttp3.internal.http.RealInterceptorChain.proceed(RealInterceptorChain.java:147)
	at okhttp3.internal.http.RealInterceptorChain.proceed(RealInterceptorChain.java:121)
	at okhttp3.RealCall.getResponseWithInterceptorChain(RealCall.java:200)
	at okhttp3.RealCall.execute(RealCall.java:77)
	at org.openqa.selenium.remote.internal.OkHttpClient.execute(OkHttpClient.java:103)
	at org.openqa.selenium.remote.HttpCommandExecutor.execute(HttpCommandExecutor.java:155)
	at org.openqa.selenium.remote.service.DriverCommandExecutor.execute(DriverCommandExecutor.java:83)
	... 48 more
Caused by: java.net.ConnectException: Connection refused: no further information
	at okhttp3.internal.platform.Platform.connectSocket(Platform.java:129)
	at okhttp3.internal.connection.RealConnection.connectSocket(RealConnection.java:245)
	at okhttp3.internal.connection.RealConnection.connect(RealConnection.java:165)
	at okhttp3.internal.connection.StreamAllocation.findConnection(StreamAllocation.java:257)
	at okhttp3.internal.connection.StreamAllocation.findHealthyConnection(StreamAllocation.java:135)
	at okhttp3.internal.connection.StreamAllocation.newStream(StreamAllocation.java:114)
	at okhttp3.internal.connection.ConnectInterceptor.intercept(ConnectInterceptor.java:42)
	at okhttp3.internal.http.RealInterceptorChain.proceed(RealInterceptorChain.java:147)
	at okhttp3.internal.http.RealInterceptorChain.proceed(RealInterceptorChain.java:121)
	at okhttp3.internal.cache.CacheInterceptor.intercept(CacheInterceptor.java:93)
	at okhttp3.internal.http.RealInterceptorChain.proceed(RealInterceptorChain.java:147)
	at okhttp3.internal.http.RealInterceptorChain.proceed(RealInterceptorChain.java:121)
	at okhttp3.internal.http.BridgeInterceptor.intercept(BridgeInterceptor.java:93)
	at okhttp3.internal.http.RealInterceptorChain.proceed(RealInterceptorChain.java:147)
	at okhttp3.internal.http.RetryAndFollowUpInterceptor.intercept(RetryAndFollowUpInterceptor.java:126)
	at okhttp3.internal.http.RealInterceptorChain.proceed(RealInterceptorChain.java:147)
	at okhttp3.internal.http.RealInterceptorChain.proceed(RealInterceptorChain.java:121)
	at okhttp3.RealCall.getResponseWithInterceptorChain(RealCall.java:200)
	at okhttp3.RealCall.execute(RealCall.java:77)
	at org.openqa.selenium.remote.internal.OkHttpClient.execute(OkHttpClient.java:103)
	at org.openqa.selenium.remote.HttpCommandExecutor.execute(HttpCommandExecutor.java:155)
	at org.openqa.selenium.remote.service.DriverCommandExecutor.execute(DriverCommandExecutor.java:83)
	at org.openqa.selenium.remote.RemoteWebDriver.execute(RemoteWebDriver.java:552)
	at com.kms.katalon.selenium.driver.CChromeDriver.execute(CChromeDriver.java:19)
	at org.openqa.selenium.remote.RemoteWebDriver.get(RemoteWebDriver.java:277)
	at org.openqa.selenium.remote.RemoteWebDriver$RemoteNavigation.to(RemoteWebDriver.java:857)
	at org.openqa.selenium.support.events.EventFiringWebDriver$EventFiringNavigation.to(EventFiringWebDriver.java:569)
	at com.kms.katalon.core.webui.keyword.builtin.NavigateToUrlKeyword$_navigateToUrl_closure1.doCall(NavigateToUrlKeyword.groovy:81)
	at com.kms.katalon.core.webui.keyword.builtin.NavigateToUrlKeyword$_navigateToUrl_closure1.call(NavigateToUrlKeyword.groovy)
	at com.kms.katalon.core.webui.keyword.internal.WebUIKeywordMain.runKeyword(WebUIKeywordMain.groovy:35)
	at com.kms.katalon.core.webui.keyword.builtin.NavigateToUrlKeyword.navigateToUrl(NavigateToUrlKeyword.groovy:83)
	at com.kms.katalon.core.webui.keyword.builtin.NavigateToUrlKeyword.execute(NavigateToUrlKeyword.groovy:67)
	at com.kms.katalon.core.keyword.internal.KeywordExecutor.executeKeywordForPlatform(KeywordExecutor.groovy:74)
	at com.kms.katalon.core.webui.keyword.WebUiBuiltInKeywords.navigateToUrl(WebUiBuiltInKeywords.groovy:187)
	at com.kms.katalon.core.webui.keyword.WebUiBuiltInKeywords$navigateToUrl$1.call(Unknown Source)
	at DES Login.run(DES Login:26)
	at com.kms.katalon.core.main.ScriptEngine.run(ScriptEngine.java:194)
	at com.kms.katalon.core.main.ScriptEngine.runScriptAsRawText(ScriptEngine.java:119)
	at com.kms.katalon.core.main.TestCaseExecutor.runScript(TestCaseExecutor.java:448)
	at com.kms.katalon.core.main.TestCaseExecutor.doExecute(TestCaseExecutor.java:439)
	at com.kms.katalon.core.main.TestCaseExecutor.processExecutionPhase(TestCaseExecutor.java:418)
	at com.kms.katalon.core.main.TestCaseExecutor.accessMainPhase(TestCaseExecutor.java:410)
	at com.kms.katalon.core.main.TestCaseExecutor.execute(TestCaseExecutor.java:285)
	at com.kms.katalon.core.main.TestCaseMain.runTestCase(TestCaseMain.java:137)
	at com.kms.katalon.core.keyword.builtin.CallTestCaseKeyword$_callTestCase_closure1.doCall(CallTestCaseKeyword.groovy:59)
	at com.kms.katalon.core.keyword.builtin.CallTestCaseKeyword$_callTestCase_closure1.call(CallTestCaseKeyword.groovy)
	at com.kms.katalon.core.keyword.internal.KeywordMain.runKeyword(KeywordMain.groovy:75)
	at com.kms.katalon.core.keyword.builtin.CallTestCaseKeyword.callTestCase(CallTestCaseKeyword.groovy:81)
	at com.kms.katalon.core.keyword.builtin.CallTestCaseKeyword.execute(CallTestCaseKeyword.groovy:44)
	at com.kms.katalon.core.keyword.internal.KeywordExecutor.executeKeywordForPlatform(KeywordExecutor.groovy:74)
	at com.kms.katalon.core.keyword.BuiltinKeywords.callTestCase(BuiltinKeywords.groovy:310)
	at jdk.internal.reflect.GeneratedMethodAccessor41.invoke(Unknown Source)
	at java.base/jdk.internal.reflect.DelegatingMethodAccessorImpl.invoke(DelegatingMethodAccessorImpl.java:43)
	at AddLTOutboundSubscription.run(AddLTOutboundSubscription:20)
	... 16 more


21-10-2025T19:18:00 - [TEST_STEP][PASSED] - openBrowser(""): Browser is opened with url: ''

21-10-2025T19:18:00 - [MESSAGE][INFO] - Starting 'Chrome' driver

21-10-2025T19:18:00 - [MESSAGE][INFO] - User set preference: ['args', '[--no-sandbox, --disable-gpu, --disable-dev-shm-usage]']

21-10-2025T19:18:00 - [MESSAGE][INFO] - Action delay is set to 0 milliseconds

21-10-2025T19:18:01 - [MESSAGE][PASSED] - Browser is opened with url: ''

21-10-2025T19:18:01 - [TEST_STEP][PASSED] - maximizeWindow(): Current window maximized

21-10-2025T19:18:01 - [MESSAGE][PASSED] - Current window maximized

21-10-2025T19:18:01 - [TEST_STEP][PASSED] - delay(10): Delayed 10 second(s)

21-10-2025T19:18:11 - [MESSAGE][PASSED] - Delayed 10 second(s)

21-10-2025T19:18:11 - [TEST_STEP][FAILED] - navigateToUrl("https://dx-portal.qa.thekag.com/"): Unable to navigate to 'https://dx-portal.qa.thekag.com/' (Root cause: com.kms.katalon.core.exception.StepFailedException: Unable to navigate to 'https://dx-portal.qa.thekag.com/'
	at com.kms.katalon.core.webui.keyword.internal.WebUIKeywordMain.stepFailed(WebUIKeywordMain.groovy:117)
	at com.kms.katalon.core.webui.keyword.internal.WebUIKeywordMain.runKeyword(WebUIKeywordMain.groovy:43)
	at com.kms.katalon.core.webui.keyword.builtin.NavigateToUrlKeyword.navigateToUrl(NavigateToUrlKeyword.groovy:83)
	at com.kms.katalon.core.webui.keyword.builtin.NavigateToUrlKeyword.execute(NavigateToUrlKeyword.groovy:67)
	at com.kms.katalon.core.keyword.internal.KeywordExecutor.executeKeywordForPlatform(KeywordExecutor.groovy:74)
	at com.kms.katalon.core.webui.keyword.WebUiBuiltInKeywords.navigateToUrl(WebUiBuiltInKeywords.groovy:187)
	at com.kms.katalon.core.webui.keyword.WebUiBuiltInKeywords$navigateToUrl$1.call(Unknown Source)
	at DES Login.run(DES Login:26)
	at com.kms.katalon.core.main.ScriptEngine.run(ScriptEngine.java:194)
	at com.kms.katalon.core.main.ScriptEngine.runScriptAsRawText(ScriptEngine.java:119)
	at com.kms.katalon.core.main.TestCaseExecutor.runScript(TestCaseExecutor.java:448)
	at com.kms.katalon.core.main.TestCaseExecutor.doExecute(TestCaseExecutor.java:439)
	at com.kms.katalon.core.main.TestCaseExecutor.processExecutionPhase(TestCaseExecutor.java:418)
	at com.kms.katalon.core.main.TestCaseExecutor.accessMainPhase(TestCaseExecutor.java:410)
	at com.kms.katalon.core.main.TestCaseExecutor.execute(TestCaseExecutor.java:285)
	at com.kms.katalon.core.main.TestCaseMain.runTestCase(TestCaseMain.java:137)
	at com.kms.katalon.core.keyword.builtin.CallTestCaseKeyword$_callTestCase_closure1.doCall(CallTestCaseKeyword.groovy:59)
	at com.kms.katalon.core.keyword.builtin.CallTestCaseKeyword$_callTestCase_closure1.call(CallTestCaseKeyword.groovy)
	at com.kms.katalon.core.keyword.internal.KeywordMain.runKeyword(KeywordMain.groovy:75)
	at com.kms.katalon.core.keyword.builtin.CallTestCaseKeyword.callTestCase(CallTestCaseKeyword.groovy:81)
	at com.kms.katalon.core.keyword.builtin.CallTestCaseKeyword.execute(CallTestCaseKeyword.groovy:44)
	at com.kms.katalon.core.keyword.internal.KeywordExecutor.executeKeywordForPlatform(KeywordExecutor.groovy:74)
	at com.kms.katalon.core.keyword.BuiltinKeywords.callTestCase(BuiltinKeywords.groovy:310)
	at jdk.internal.reflect.GeneratedMethodAccessor41.invoke(Unknown Source)
	at java.base/jdk.internal.reflect.DelegatingMethodAccessorImpl.invoke(DelegatingMethodAccessorImpl.java:43)
	at AddLTOutboundSubscription.run(AddLTOutboundSubscription:20)
	at com.kms.katalon.core.main.ScriptEngine.run(ScriptEngine.java:194)
	at com.kms.katalon.core.main.ScriptEngine.runScriptAsRawText(ScriptEngine.java:119)
	at com.kms.katalon.core.main.TestCaseExecutor.runScript(TestCaseExecutor.java:448)
	at com.kms.katalon.core.main.TestCaseExecutor.doExecute(TestCaseExecutor.java:439)
	at com.kms.katalon.core.main.TestCaseExecutor.processExecutionPhase(TestCaseExecutor.java:418)
	at com.kms.katalon.core.main.TestCaseExecutor.accessMainPhase(TestCaseExecutor.java:410)
	at com.kms.katalon.core.main.TestCaseExecutor.execute(TestCaseExecutor.java:285)
	at com.kms.katalon.core.common.CommonExecutor.accessTestCaseMainPhase(CommonExecutor.java:65)
	at com.kms.katalon.core.main.TestSuiteExecutor.accessTestSuiteMainPhase(TestSuiteExecutor.java:150)
	at com.kms.katalon.core.main.TestSuiteExecutor.execute(TestSuiteExecutor.java:106)
	at com.kms.katalon.core.main.TestCaseMain.startTestSuite(TestCaseMain.java:180)
	at com.kms.katalon.core.main.TestCaseMain$startTestSuite$0.call(Unknown Source)
	at TempTestSuite1761084128061.run(TempTestSuite1761084128061.groovy:35)
	at java.base/jdk.internal.reflect.NativeMethodAccessorImpl.invoke0(Native Method)
	at java.base/jdk.internal.reflect.NativeMethodAccessorImpl.invoke(NativeMethodAccessorImpl.java:77)
	at java.base/jdk.internal.reflect.DelegatingMethodAccessorImpl.invoke(DelegatingMethodAccessorImpl.java:43)
Caused by: org.openqa.selenium.WebDriverException: java.net.ConnectException: Failed to connect to localhost/[0:0:0:0:0:0:0:1]:62183
Build info: version: '3.141.59', revision: 'unknown', time: 'unknown'
System info: host: 'DC1ADOBLD01', ip: '10.2.20.71', os.name: 'Windows Server 2019', os.arch: 'amd64', os.version: '10.0', java.version: '17.0.7'
Driver info: driver.version: RemoteWebDriver
	at org.openqa.selenium.remote.service.DriverCommandExecutor.execute(DriverCommandExecutor.java:92)
	at org.openqa.selenium.remote.RemoteWebDriver.execute(RemoteWebDriver.java:552)
	at com.kms.katalon.selenium.driver.CChromeDriver.execute(CChromeDriver.java:19)
	at org.openqa.selenium.remote.RemoteWebDriver.get(RemoteWebDriver.java:277)
	at org.openqa.selenium.remote.RemoteWebDriver$RemoteNavigation.to(RemoteWebDriver.java:857)
	at org.openqa.selenium.support.events.EventFiringWebDriver$EventFiringNavigation.to(EventFiringWebDriver.java:569)
	at com.kms.katalon.core.webui.keyword.builtin.NavigateToUrlKeyword$_navigateToUrl_closure1.doCall(NavigateToUrlKeyword.groovy:81)
	at com.kms.katalon.core.webui.keyword.builtin.NavigateToUrlKeyword$_navigateToUrl_closure1.call(NavigateToUrlKeyword.groovy)
	at com.kms.katalon.core.webui.keyword.internal.WebUIKeywordMain.runKeyword(WebUIKeywordMain.groovy:35)
	at com.kms.katalon.core.webui.keyword.builtin.NavigateToUrlKeyword.navigateToUrl(NavigateToUrlKeyword.groovy:83)
	at com.kms.katalon.core.webui.keyword.builtin.NavigateToUrlKeyword.execute(NavigateToUrlKeyword.groovy:67)
	at com.kms.katalon.core.keyword.internal.KeywordExecutor.executeKeywordForPlatform(KeywordExecutor.groovy:74)
	at com.kms.katalon.core.webui.keyword.WebUiBuiltInKeywords.navigateToUrl(WebUiBuiltInKeywords.groovy:187)
	at com.kms.katalon.core.webui.keyword.WebUiBuiltInKeywords$navigateToUrl$1.call(Unknown Source)
	at Script1749499513693.run(Script1749499513693.groovy:26)
	at com.kms.katalon.core.main.ScriptEngine.run(ScriptEngine.java:194)
	at com.kms.katalon.core.main.ScriptEngine.runScriptAsRawText(ScriptEngine.java:119)
	at com.kms.katalon.core.main.TestCaseExecutor.runScript(TestCaseExecutor.java:448)
	at com.kms.katalon.core.main.TestCaseExecutor.doExecute(TestCaseExecutor.java:439)
	at com.kms.katalon.core.main.TestCaseExecutor.processExecutionPhase(TestCaseExecutor.java:418)
	at com.kms.katalon.core.main.TestCaseExecutor.accessMainPhase(TestCaseExecutor.java:410)
	at com.kms.katalon.core.main.TestCaseExecutor.execute(TestCaseExecutor.java:285)
	at com.kms.katalon.core.main.TestCaseMain.runTestCase(TestCaseMain.java:137)
	at com.kms.katalon.core.keyword.builtin.CallTestCaseKeyword$_callTestCase_closure1.doCall(CallTestCaseKeyword.groovy:59)
	at com.kms.katalon.core.keyword.builtin.CallTestCaseKeyword$_callTestCase_closure1.call(CallTestCaseKeyword.groovy)
	at com.kms.katalon.core.keyword.internal.KeywordMain.runKeyword(KeywordMain.groovy:75)
	at com.kms.katalon.core.keyword.builtin.CallTestCaseKeyword.callTestCase(CallTestCaseKeyword.groovy:81)
	at com.kms.katalon.core.keyword.builtin.CallTestCaseKeyword.execute(CallTestCaseKeyword.groovy:44)
	at com.kms.katalon.core.keyword.internal.KeywordExecutor.executeKeywordForPlatform(KeywordExecutor.groovy:74)
	at com.kms.katalon.core.keyword.BuiltinKeywords.callTestCase(BuiltinKeywords.groovy:310)
	at jdk.internal.reflect.GeneratedMethodAccessor41.invoke(Unknown Source)
	at java.base/jdk.internal.reflect.DelegatingMethodAccessorImpl.invoke(DelegatingMethodAccessorImpl.java:43)
	at Script1739980921718.run(Script1739980921718.groovy:20)
	... 16 more
Caused by: java.net.ConnectException: Failed to connect to localhost/[0:0:0:0:0:0:0:1]:62183
	at okhttp3.internal.connection.RealConnection.connectSocket(RealConnection.java:247)
	at okhttp3.internal.connection.RealConnection.connect(RealConnection.java:165)
	at okhttp3.internal.connection.StreamAllocation.findConnection(StreamAllocation.java:257)
	at okhttp3.internal.connection.StreamAllocation.findHealthyConnection(StreamAllocation.java:135)
	at okhttp3.internal.connection.StreamAllocation.newStream(StreamAllocation.java:114)
	at okhttp3.internal.connection.ConnectInterceptor.intercept(ConnectInterceptor.java:42)
	at okhttp3.internal.http.RealInterceptorChain.proceed(RealInterceptorChain.java:147)
	at okhttp3.internal.http.RealInterceptorChain.proceed(RealInterceptorChain.java:121)
	at okhttp3.internal.cache.CacheInterceptor.intercept(CacheInterceptor.java:93)
	at okhttp3.internal.http.RealInterceptorChain.proceed(RealInterceptorChain.java:147)
	at okhttp3.internal.http.RealInterceptorChain.proceed(RealInterceptorChain.java:121)
	at okhttp3.internal.http.BridgeInterceptor.intercept(BridgeInterceptor.java:93)
	at okhttp3.internal.http.RealInterceptorChain.proceed(RealInterceptorChain.java:147)
	at okhttp3.internal.http.RetryAndFollowUpInterceptor.intercept(RetryAndFollowUpInterceptor.java:126)
	at okhttp3.internal.http.RealInterceptorChain.proceed(RealInterceptorChain.java:147)
	at okhttp3.internal.http.RealInterceptorChain.proceed(RealInterceptorChain.java:121)
	at okhttp3.RealCall.getResponseWithInterceptorChain(RealCall.java:200)
	at okhttp3.RealCall.execute(RealCall.java:77)
	at org.openqa.selenium.remote.internal.OkHttpClient.execute(OkHttpClient.java:103)
	at org.openqa.selenium.remote.HttpCommandExecutor.execute(HttpCommandExecutor.java:155)
	at org.openqa.selenium.remote.service.DriverCommandExecutor.execute(DriverCommandExecutor.java:83)
	... 48 more
Caused by: java.net.ConnectException: Connection refused: no further information
	at okhttp3.internal.platform.Platform.connectSocket(Platform.java:129)
	at okhttp3.internal.connection.RealConnection.connectSocket(RealConnection.java:245)
	... 68 more
)

21-10-2025T19:18:11 - [MESSAGE][FAILED] - Unable to navigate to 'https://dx-portal.qa.thekag.com/' (Root cause: com.kms.katalon.core.exception.StepFailedException: Unable to navigate to 'https://dx-portal.qa.thekag.com/'
	at com.kms.katalon.core.webui.keyword.internal.WebUIKeywordMain.stepFailed(WebUIKeywordMain.groovy:117)
	at com.kms.katalon.core.webui.keyword.internal.WebUIKeywordMain.runKeyword(WebUIKeywordMain.groovy:43)
	at com.kms.katalon.core.webui.keyword.builtin.NavigateToUrlKeyword.navigateToUrl(NavigateToUrlKeyword.groovy:83)
	at com.kms.katalon.core.webui.keyword.builtin.NavigateToUrlKeyword.execute(NavigateToUrlKeyword.groovy:67)
	at com.kms.katalon.core.keyword.internal.KeywordExecutor.executeKeywordForPlatform(KeywordExecutor.groovy:74)
	at com.kms.katalon.core.webui.keyword.WebUiBuiltInKeywords.navigateToUrl(WebUiBuiltInKeywords.groovy:187)
	at com.kms.katalon.core.webui.keyword.WebUiBuiltInKeywords$navigateToUrl$1.call(Unknown Source)
	at DES Login.run(DES Login:26)
	at com.kms.katalon.core.main.ScriptEngine.run(ScriptEngine.java:194)
	at com.kms.katalon.core.main.ScriptEngine.runScriptAsRawText(ScriptEngine.java:119)
	at com.kms.katalon.core.main.TestCaseExecutor.runScript(TestCaseExecutor.java:448)
	at com.kms.katalon.core.main.TestCaseExecutor.doExecute(TestCaseExecutor.java:439)
	at com.kms.katalon.core.main.TestCaseExecutor.processExecutionPhase(TestCaseExecutor.java:418)
	at com.kms.katalon.core.main.TestCaseExecutor.accessMainPhase(TestCaseExecutor.java:410)
	at com.kms.katalon.core.main.TestCaseExecutor.execute(TestCaseExecutor.java:285)
	at com.kms.katalon.core.main.TestCaseMain.runTestCase(TestCaseMain.java:137)
	at com.kms.katalon.core.keyword.builtin.CallTestCaseKeyword$_callTestCase_closure1.doCall(CallTestCaseKeyword.groovy:59)
	at com.kms.katalon.core.keyword.builtin.CallTestCaseKeyword$_callTestCase_closure1.call(CallTestCaseKeyword.groovy)
	at com.kms.katalon.core.keyword.internal.KeywordMain.runKeyword(KeywordMain.groovy:75)
	at com.kms.katalon.core.keyword.builtin.CallTestCaseKeyword.callTestCase(CallTestCaseKeyword.groovy:81)
	at com.kms.katalon.core.keyword.builtin.CallTestCaseKeyword.execute(CallTestCaseKeyword.groovy:44)
	at com.kms.katalon.core.keyword.internal.KeywordExecutor.executeKeywordForPlatform(KeywordExecutor.groovy:74)
	at com.kms.katalon.core.keyword.BuiltinKeywords.callTestCase(BuiltinKeywords.groovy:310)
	at jdk.internal.reflect.GeneratedMethodAccessor41.invoke(Unknown Source)
	at java.base/jdk.internal.reflect.DelegatingMethodAccessorImpl.invoke(DelegatingMethodAccessorImpl.java:43)
	at AddLTOutboundSubscription.run(AddLTOutboundSubscription:20)
	at com.kms.katalon.core.main.ScriptEngine.run(ScriptEngine.java:194)
	at com.kms.katalon.core.main.ScriptEngine.runScriptAsRawText(ScriptEngine.java:119)
	at com.kms.katalon.core.main.TestCaseExecutor.runScript(TestCaseExecutor.java:448)
	at com.kms.katalon.core.main.TestCaseExecutor.doExecute(TestCaseExecutor.java:439)
	at com.kms.katalon.core.main.TestCaseExecutor.processExecutionPhase(TestCaseExecutor.java:418)
	at com.kms.katalon.core.main.TestCaseExecutor.accessMainPhase(TestCaseExecutor.java:410)
	at com.kms.katalon.core.main.TestCaseExecutor.execute(TestCaseExecutor.java:285)
	at com.kms.katalon.core.common.CommonExecutor.accessTestCaseMainPhase(CommonExecutor.java:65)
	at com.kms.katalon.core.main.TestSuiteExecutor.accessTestSuiteMainPhase(TestSuiteExecutor.java:150)
	at com.kms.katalon.core.main.TestSuiteExecutor.execute(TestSuiteExecutor.java:106)
	at com.kms.katalon.core.main.TestCaseMain.startTestSuite(TestCaseMain.java:180)
	at com.kms.katalon.core.main.TestCaseMain$startTestSuite$0.call(Unknown Source)
	at TempTestSuite1761084128061.run(TempTestSuite1761084128061.groovy:35)
	at java.base/jdk.internal.reflect.NativeMethodAccessorImpl.invoke0(Native Method)
	at java.base/jdk.internal.reflect.NativeMethodAccessorImpl.invoke(NativeMethodAccessorImpl.java:77)
	at java.base/jdk.internal.reflect.DelegatingMethodAccessorImpl.invoke(DelegatingMethodAccessorImpl.java:43)
Caused by: org.openqa.selenium.WebDriverException: java.net.ConnectException: Failed to connect to localhost/[0:0:0:0:0:0:0:1]:62183
Build info: version: '3.141.59', revision: 'unknown', time: 'unknown'
System info: host: 'DC1ADOBLD01', ip: '10.2.20.71', os.name: 'Windows Server 2019', os.arch: 'amd64', os.version: '10.0', java.version: '17.0.7'
Driver info: driver.version: RemoteWebDriver
	at org.openqa.selenium.remote.service.DriverCommandExecutor.execute(DriverCommandExecutor.java:92)
	at org.openqa.selenium.remote.RemoteWebDriver.execute(RemoteWebDriver.java:552)
	at com.kms.katalon.selenium.driver.CChromeDriver.execute(CChromeDriver.java:19)
	at org.openqa.selenium.remote.RemoteWebDriver.get(RemoteWebDriver.java:277)
	at org.openqa.selenium.remote.RemoteWebDriver$RemoteNavigation.to(RemoteWebDriver.java:857)
	at org.openqa.selenium.support.events.EventFiringWebDriver$EventFiringNavigation.to(EventFiringWebDriver.java:569)
	at com.kms.katalon.core.webui.keyword.builtin.NavigateToUrlKeyword$_navigateToUrl_closure1.doCall(NavigateToUrlKeyword.groovy:81)
	at com.kms.katalon.core.webui.keyword.builtin.NavigateToUrlKeyword$_navigateToUrl_closure1.call(NavigateToUrlKeyword.groovy)
	at com.kms.katalon.core.webui.keyword.internal.WebUIKeywordMain.runKeyword(WebUIKeywordMain.groovy:35)
	at com.kms.katalon.core.webui.keyword.builtin.NavigateToUrlKeyword.navigateToUrl(NavigateToUrlKeyword.groovy:83)
	at com.kms.katalon.core.webui.keyword.builtin.NavigateToUrlKeyword.execute(NavigateToUrlKeyword.groovy:67)
	at com.kms.katalon.core.keyword.internal.KeywordExecutor.executeKeywordForPlatform(KeywordExecutor.groovy:74)
	at com.kms.katalon.core.webui.keyword.WebUiBuiltInKeywords.navigateToUrl(WebUiBuiltInKeywords.groovy:187)
	at com.kms.katalon.core.webui.keyword.WebUiBuiltInKeywords$navigateToUrl$1.call(Unknown Source)
	at Script1749499513693.run(Script1749499513693.groovy:26)
	at com.kms.katalon.core.main.ScriptEngine.run(ScriptEngine.java:194)
	at com.kms.katalon.core.main.ScriptEngine.runScriptAsRawText(ScriptEngine.java:119)
	at com.kms.katalon.core.main.TestCaseExecutor.runScript(TestCaseExecutor.java:448)
	at com.kms.katalon.core.main.TestCaseExecutor.doExecute(TestCaseExecutor.java:439)
	at com.kms.katalon.core.main.TestCaseExecutor.processExecutionPhase(TestCaseExecutor.java:418)
	at com.kms.katalon.core.main.TestCaseExecutor.accessMainPhase(TestCaseExecutor.java:410)
	at com.kms.katalon.core.main.TestCaseExecutor.execute(TestCaseExecutor.java:285)
	at com.kms.katalon.core.main.TestCaseMain.runTestCase(TestCaseMain.java:137)
	at com.kms.katalon.core.keyword.builtin.CallTestCaseKeyword$_callTestCase_closure1.doCall(CallTestCaseKeyword.groovy:59)
	at com.kms.katalon.core.keyword.builtin.CallTestCaseKeyword$_callTestCase_closure1.call(CallTestCaseKeyword.groovy)
	at com.kms.katalon.core.keyword.internal.KeywordMain.runKeyword(KeywordMain.groovy:75)
	at com.kms.katalon.core.keyword.builtin.CallTestCaseKeyword.callTestCase(CallTestCaseKeyword.groovy:81)
	at com.kms.katalon.core.keyword.builtin.CallTestCaseKeyword.execute(CallTestCaseKeyword.groovy:44)
	at com.kms.katalon.core.keyword.internal.KeywordExecutor.executeKeywordForPlatform(KeywordExecutor.groovy:74)
	at com.kms.katalon.core.keyword.BuiltinKeywords.callTestCase(BuiltinKeywords.groovy:310)
	at jdk.internal.reflect.GeneratedMethodAccessor41.invoke(Unknown Source)
	at java.base/jdk.internal.reflect.DelegatingMethodAccessorImpl.invoke(DelegatingMethodAccessorImpl.java:43)
	at Script1739980921718.run(Script1739980921718.groovy:20)
	... 16 more
Caused by: java.net.ConnectException: Failed to connect to localhost/[0:0:0:0:0:0:0:1]:62183
	at okhttp3.internal.connection.RealConnection.connectSocket(RealConnection.java:247)
	at okhttp3.internal.connection.RealConnection.connect(RealConnection.java:165)
	at okhttp3.internal.connection.StreamAllocation.findConnection(StreamAllocation.java:257)
	at okhttp3.internal.connection.StreamAllocation.findHealthyConnection(StreamAllocation.java:135)
	at okhttp3.internal.connection.StreamAllocation.newStream(StreamAllocation.java:114)
	at okhttp3.internal.connection.ConnectInterceptor.intercept(ConnectInterceptor.java:42)
	at okhttp3.internal.http.RealInterceptorChain.proceed(RealInterceptorChain.java:147)
	at okhttp3.internal.http.RealInterceptorChain.proceed(RealInterceptorChain.java:121)
	at okhttp3.internal.cache.CacheInterceptor.intercept(CacheInterceptor.java:93)
	at okhttp3.internal.http.RealInterceptorChain.proceed(RealInterceptorChain.java:147)
	at okhttp3.internal.http.RealInterceptorChain.proceed(RealInterceptorChain.java:121)
	at okhttp3.internal.http.BridgeInterceptor.intercept(BridgeInterceptor.java:93)
	at okhttp3.internal.http.RealInterceptorChain.proceed(RealInterceptorChain.java:147)
	at okhttp3.internal.http.RetryAndFollowUpInterceptor.intercept(RetryAndFollowUpInterceptor.java:126)
	at okhttp3.internal.http.RealInterceptorChain.proceed(RealInterceptorChain.java:147)
	at okhttp3.internal.http.RealInterceptorChain.proceed(RealInterceptorChain.java:121)
	at okhttp3.RealCall.getResponseWithInterceptorChain(RealCall.java:200)
	at okhttp3.RealCall.execute(RealCall.java:77)
	at org.openqa.selenium.remote.internal.OkHttpClient.execute(OkHttpClient.java:103)
	at org.openqa.selenium.remote.HttpCommandExecutor.execute(HttpCommandExecutor.java:155)
	at org.openqa.selenium.remote.service.DriverCommandExecutor.execute(DriverCommandExecutor.java:83)
	... 48 more
Caused by: java.net.ConnectException: Connection refused: no further information
	at okhttp3.internal.platform.Platform.connectSocket(Platform.java:129)
	at okhttp3.internal.connection.RealConnection.connectSocket(RealConnection.java:245)
	... 68 more
)

21-10-2025T19:18:11 - [MESSAGE][FAILED] - Unable to call Test Case 'Test Cases/DES/DES Login' (Root cause: com.kms.katalon.core.exception.StepFailedException: Call Test Case 'Test Cases/DES/DES Login' failed
	at com.kms.katalon.core.keyword.builtin.CallTestCaseKeyword$_callTestCase_closure1.doCall(CallTestCaseKeyword.groovy:63)
	at com.kms.katalon.core.keyword.builtin.CallTestCaseKeyword$_callTestCase_closure1.call(CallTestCaseKeyword.groovy)
	at com.kms.katalon.core.keyword.internal.KeywordMain.runKeyword(KeywordMain.groovy:75)
	at com.kms.katalon.core.keyword.builtin.CallTestCaseKeyword.callTestCase(CallTestCaseKeyword.groovy:81)
	at com.kms.katalon.core.keyword.builtin.CallTestCaseKeyword.execute(CallTestCaseKeyword.groovy:44)
	at com.kms.katalon.core.keyword.internal.KeywordExecutor.executeKeywordForPlatform(KeywordExecutor.groovy:74)
	at com.kms.katalon.core.keyword.BuiltinKeywords.callTestCase(BuiltinKeywords.groovy:310)
	at jdk.internal.reflect.GeneratedMethodAccessor41.invoke(Unknown Source)
	at java.base/jdk.internal.reflect.DelegatingMethodAccessorImpl.invoke(DelegatingMethodAccessorImpl.java:43)
	at AddLTOutboundSubscription.run(AddLTOutboundSubscription:20)
	at com.kms.katalon.core.main.ScriptEngine.run(ScriptEngine.java:194)
	at com.kms.katalon.core.main.ScriptEngine.runScriptAsRawText(ScriptEngine.java:119)
	at com.kms.katalon.core.main.TestCaseExecutor.runScript(TestCaseExecutor.java:448)
	at com.kms.katalon.core.main.TestCaseExecutor.doExecute(TestCaseExecutor.java:439)
	at com.kms.katalon.core.main.TestCaseExecutor.processExecutionPhase(TestCaseExecutor.java:418)
	at com.kms.katalon.core.main.TestCaseExecutor.accessMainPhase(TestCaseExecutor.java:410)
	at com.kms.katalon.core.main.TestCaseExecutor.execute(TestCaseExecutor.java:285)
	at com.kms.katalon.core.common.CommonExecutor.accessTestCaseMainPhase(CommonExecutor.java:65)
	at com.kms.katalon.core.main.TestSuiteExecutor.accessTestSuiteMainPhase(TestSuiteExecutor.java:150)
	at com.kms.katalon.core.main.TestSuiteExecutor.execute(TestSuiteExecutor.java:106)
	at com.kms.katalon.core.main.TestCaseMain.startTestSuite(TestCaseMain.java:180)
	at com.kms.katalon.core.main.TestCaseMain$startTestSuite$0.call(Unknown Source)
	at TempTestSuite1761084128061.run(TempTestSuite1761084128061.groovy:35)
	at java.base/jdk.internal.reflect.NativeMethodAccessorImpl.invoke0(Native Method)
	at java.base/jdk.internal.reflect.NativeMethodAccessorImpl.invoke(NativeMethodAccessorImpl.java:77)
	at java.base/jdk.internal.reflect.DelegatingMethodAccessorImpl.invoke(DelegatingMethodAccessorImpl.java:43)
Caused by: com.kms.katalon.core.exception.StepFailedException: Unable to navigate to 'https://dx-portal.qa.thekag.com/'
	at com.kms.katalon.core.webui.keyword.internal.WebUIKeywordMain.stepFailed(WebUIKeywordMain.groovy:117)
	at com.kms.katalon.core.webui.keyword.internal.WebUIKeywordMain.runKeyword(WebUIKeywordMain.groovy:43)
	at com.kms.katalon.core.webui.keyword.builtin.NavigateToUrlKeyword.navigateToUrl(NavigateToUrlKeyword.groovy:83)
	at com.kms.katalon.core.webui.keyword.builtin.NavigateToUrlKeyword.execute(NavigateToUrlKeyword.groovy:67)
	at com.kms.katalon.core.keyword.internal.KeywordExecutor.executeKeywordForPlatform(KeywordExecutor.groovy:74)
	at com.kms.katalon.core.webui.keyword.WebUiBuiltInKeywords.navigateToUrl(WebUiBuiltInKeywords.groovy:187)
	at com.kms.katalon.core.webui.keyword.WebUiBuiltInKeywords$navigateToUrl$1.call(Unknown Source)
	at DES Login.run(DES Login:26)
	at com.kms.katalon.core.main.ScriptEngine.run(ScriptEngine.java:194)
	at com.kms.katalon.core.main.ScriptEngine.runScriptAsRawText(ScriptEngine.java:119)
	at com.kms.katalon.core.main.TestCaseExecutor.runScript(TestCaseExecutor.java:448)
	at com.kms.katalon.core.main.TestCaseExecutor.doExecute(TestCaseExecutor.java:439)
	at com.kms.katalon.core.main.TestCaseExecutor.processExecutionPhase(TestCaseExecutor.java:418)
	at com.kms.katalon.core.main.TestCaseExecutor.accessMainPhase(TestCaseExecutor.java:410)
	at com.kms.katalon.core.main.TestCaseExecutor.execute(TestCaseExecutor.java:285)
	at com.kms.katalon.core.main.TestCaseMain.runTestCase(TestCaseMain.java:137)
	at com.kms.katalon.core.keyword.builtin.CallTestCaseKeyword$_callTestCase_closure1.doCall(CallTestCaseKeyword.groovy:59)
	... 25 more
Caused by: org.openqa.selenium.WebDriverException: java.net.ConnectException: Failed to connect to localhost/[0:0:0:0:0:0:0:1]:62183
Build info: version: '3.141.59', revision: 'unknown', time: 'unknown'
System info: host: 'DC1ADOBLD01', ip: '10.2.20.71', os.name: 'Windows Server 2019', os.arch: 'amd64', os.version: '10.0', java.version: '17.0.7'
Driver info: driver.version: RemoteWebDriver
	at org.openqa.selenium.remote.service.DriverCommandExecutor.execute(DriverCommandExecutor.java:92)
	at org.openqa.selenium.remote.RemoteWebDriver.execute(RemoteWebDriver.java:552)
	at com.kms.katalon.selenium.driver.CChromeDriver.execute(CChromeDriver.java:19)
	at org.openqa.selenium.remote.RemoteWebDriver.get(RemoteWebDriver.java:277)
	at org.openqa.selenium.remote.RemoteWebDriver$RemoteNavigation.to(RemoteWebDriver.java:857)
	at org.openqa.selenium.support.events.EventFiringWebDriver$EventFiringNavigation.to(EventFiringWebDriver.java:569)
	at com.kms.katalon.core.webui.keyword.builtin.NavigateToUrlKeyword$_navigateToUrl_closure1.doCall(NavigateToUrlKeyword.groovy:81)
	at com.kms.katalon.core.webui.keyword.builtin.NavigateToUrlKeyword$_navigateToUrl_closure1.call(NavigateToUrlKeyword.groovy)
	at com.kms.katalon.core.webui.keyword.internal.WebUIKeywordMain.runKeyword(WebUIKeywordMain.groovy:35)
	at com.kms.katalon.core.webui.keyword.builtin.NavigateToUrlKeyword.navigateToUrl(NavigateToUrlKeyword.groovy:83)
	at com.kms.katalon.core.webui.keyword.builtin.NavigateToUrlKeyword.execute(NavigateToUrlKeyword.groovy:67)
	at com.kms.katalon.core.keyword.internal.KeywordExecutor.executeKeywordForPlatform(KeywordExecutor.groovy:74)
	at com.kms.katalon.core.webui.keyword.WebUiBuiltInKeywords.navigateToUrl(WebUiBuiltInKeywords.groovy:187)
	at com.kms.katalon.core.webui.keyword.WebUiBuiltInKeywords$navigateToUrl$1.call(Unknown Source)
	at Script1749499513693.run(Script1749499513693.groovy:26)
	at com.kms.katalon.core.main.ScriptEngine.run(ScriptEngine.java:194)
	at com.kms.katalon.core.main.ScriptEngine.runScriptAsRawText(ScriptEngine.java:119)
	at com.kms.katalon.core.main.TestCaseExecutor.runScript(TestCaseExecutor.java:448)
	at com.kms.katalon.core.main.TestCaseExecutor.doExecute(TestCaseExecutor.java:439)
	at com.kms.katalon.core.main.TestCaseExecutor.processExecutionPhase(TestCaseExecutor.java:418)
	at com.kms.katalon.core.main.TestCaseExecutor.accessMainPhase(TestCaseExecutor.java:410)
	at com.kms.katalon.core.main.TestCaseExecutor.execute(TestCaseExecutor.java:285)
	at com.kms.katalon.core.main.TestCaseMain.runTestCase(TestCaseMain.java:137)
	at com.kms.katalon.core.keyword.builtin.CallTestCaseKeyword$_callTestCase_closure1.doCall(CallTestCaseKeyword.groovy:59)
	at com.kms.katalon.core.keyword.builtin.CallTestCaseKeyword$_callTestCase_closure1.call(CallTestCaseKeyword.groovy)
	at com.kms.katalon.core.keyword.internal.KeywordMain.runKeyword(KeywordMain.groovy:75)
	at com.kms.katalon.core.keyword.builtin.CallTestCaseKeyword.callTestCase(CallTestCaseKeyword.groovy:81)
	at com.kms.katalon.core.keyword.builtin.CallTestCaseKeyword.execute(CallTestCaseKeyword.groovy:44)
	at com.kms.katalon.core.keyword.internal.KeywordExecutor.executeKeywordForPlatform(KeywordExecutor.groovy:74)
	at com.kms.katalon.core.keyword.BuiltinKeywords.callTestCase(BuiltinKeywords.groovy:310)
	at jdk.internal.reflect.GeneratedMethodAccessor41.invoke(Unknown Source)
	at java.base/jdk.internal.reflect.DelegatingMethodAccessorImpl.invoke(DelegatingMethodAccessorImpl.java:43)
	at Script1739980921718.run(Script1739980921718.groovy:20)
	... 16 more
Caused by: java.net.ConnectException: Failed to connect to localhost/[0:0:0:0:0:0:0:1]:62183
	at okhttp3.internal.connection.RealConnection.connectSocket(RealConnection.java:247)
	at okhttp3.internal.connection.RealConnection.connect(RealConnection.java:165)
	at okhttp3.internal.connection.StreamAllocation.findConnection(StreamAllocation.java:257)
	at okhttp3.internal.connection.StreamAllocation.findHealthyConnection(StreamAllocation.java:135)
	at okhttp3.internal.connection.StreamAllocation.newStream(StreamAllocation.java:114)
	at okhttp3.internal.connection.ConnectInterceptor.intercept(ConnectInterceptor.java:42)
	at okhttp3.internal.http.RealInterceptorChain.proceed(RealInterceptorChain.java:147)
	at okhttp3.internal.http.RealInterceptorChain.proceed(RealInterceptorChain.java:121)
	at okhttp3.internal.cache.CacheInterceptor.intercept(CacheInterceptor.java:93)
	at okhttp3.internal.http.RealInterceptorChain.proceed(RealInterceptorChain.java:147)
	at okhttp3.internal.http.RealInterceptorChain.proceed(RealInterceptorChain.java:121)
	at okhttp3.internal.http.BridgeInterceptor.intercept(BridgeInterceptor.java:93)
	at okhttp3.internal.http.RealInterceptorChain.proceed(RealInterceptorChain.java:147)
	at okhttp3.internal.http.RetryAndFollowUpInterceptor.intercept(RetryAndFollowUpInterceptor.java:126)
	at okhttp3.internal.http.RealInterceptorChain.proceed(RealInterceptorChain.java:147)
	at okhttp3.internal.http.RealInterceptorChain.proceed(RealInterceptorChain.java:121)
	at okhttp3.RealCall.getResponseWithInterceptorChain(RealCall.java:200)
	at okhttp3.RealCall.execute(RealCall.java:77)
	at org.openqa.selenium.remote.internal.OkHttpClient.execute(OkHttpClient.java:103)
	at org.openqa.selenium.remote.HttpCommandExecutor.execute(HttpCommandExecutor.java:155)
	at org.openqa.selenium.remote.service.DriverCommandExecutor.execute(DriverCommandExecutor.java:83)
	... 48 more
Caused by: java.net.ConnectException: Connection refused: no further information
	at okhttp3.internal.platform.Platform.connectSocket(Platform.java:129)
	at okhttp3.internal.connection.RealConnection.connectSocket(RealConnection.java:245)
	at okhttp3.internal.connection.RealConnection.connect(RealConnection.java:165)
	at okhttp3.internal.connection.StreamAllocation.findConnection(StreamAllocation.java:257)
	at okhttp3.internal.connection.StreamAllocation.findHealthyConnection(StreamAllocation.java:135)
	at okhttp3.internal.connection.StreamAllocation.newStream(StreamAllocation.java:114)
	at okhttp3.internal.connection.ConnectInterceptor.intercept(ConnectInterceptor.java:42)
	at okhttp3.internal.http.RealInterceptorChain.proceed(RealInterceptorChain.java:147)
	at okhttp3.internal.http.RealInterceptorChain.proceed(RealInterceptorChain.java:121)
	at okhttp3.internal.cache.CacheInterceptor.intercept(CacheInterceptor.java:93)
	at okhttp3.internal.http.RealInterceptorChain.proceed(RealInterceptorChain.java:147)
	at okhttp3.internal.http.RealInterceptorChain.proceed(RealInterceptorChain.java:121)
	at okhttp3.internal.http.BridgeInterceptor.intercept(BridgeInterceptor.java:93)
	at okhttp3.internal.http.RealInterceptorChain.proceed(RealInterceptorChain.java:147)
	at okhttp3.internal.http.RetryAndFollowUpInterceptor.intercept(RetryAndFollowUpInterceptor.java:126)
	at okhttp3.internal.http.RealInterceptorChain.proceed(RealInterceptorChain.java:147)
	at okhttp3.internal.http.RealInterceptorChain.proceed(RealInterceptorChain.java:121)
	at okhttp3.RealCall.getResponseWithInterceptorChain(RealCall.java:200)
	at okhttp3.RealCall.execute(RealCall.java:77)
	at org.openqa.selenium.remote.internal.OkHttpClient.execute(OkHttpClient.java:103)
	at org.openqa.selenium.remote.HttpCommandExecutor.execute(HttpCommandExecutor.java:155)
	at org.openqa.selenium.remote.service.DriverCommandExecutor.execute(DriverCommandExecutor.java:83)
	at org.openqa.selenium.remote.RemoteWebDriver.execute(RemoteWebDriver.java:552)
	at com.kms.katalon.selenium.driver.CChromeDriver.execute(CChromeDriver.java:19)
	at org.openqa.selenium.remote.RemoteWebDriver.get(RemoteWebDriver.java:277)
	at org.openqa.selenium.remote.RemoteWebDriver$RemoteNavigation.to(RemoteWebDriver.java:857)
	at org.openqa.selenium.support.events.EventFiringWebDriver$EventFiringNavigation.to(EventFiringWebDriver.java:569)
	at com.kms.katalon.core.webui.keyword.builtin.NavigateToUrlKeyword$_navigateToUrl_closure1.doCall(NavigateToUrlKeyword.groovy:81)
	at com.kms.katalon.core.webui.keyword.builtin.NavigateToUrlKeyword$_navigateToUrl_closure1.call(NavigateToUrlKeyword.groovy)
	at com.kms.katalon.core.webui.keyword.internal.WebUIKeywordMain.runKeyword(WebUIKeywordMain.groovy:35)
	at com.kms.katalon.core.webui.keyword.builtin.NavigateToUrlKeyword.navigateToUrl(NavigateToUrlKeyword.groovy:83)
	at com.kms.katalon.core.webui.keyword.builtin.NavigateToUrlKeyword.execute(NavigateToUrlKeyword.groovy:67)
	at com.kms.katalon.core.keyword.internal.KeywordExecutor.executeKeywordForPlatform(KeywordExecutor.groovy:74)
	at com.kms.katalon.core.webui.keyword.WebUiBuiltInKeywords.navigateToUrl(WebUiBuiltInKeywords.groovy:187)
	at com.kms.katalon.core.webui.keyword.WebUiBuiltInKeywords$navigateToUrl$1.call(Unknown Source)
	at DES Login.run(DES Login:26)
	at com.kms.katalon.core.main.ScriptEngine.run(ScriptEngine.java:194)
	at com.kms.katalon.core.main.ScriptEngine.runScriptAsRawText(ScriptEngine.java:119)
	at com.kms.katalon.core.main.TestCaseExecutor.runScript(TestCaseExecutor.java:448)
	at com.kms.katalon.core.main.TestCaseExecutor.doExecute(TestCaseExecutor.java:439)
	at com.kms.katalon.core.main.TestCaseExecutor.processExecutionPhase(TestCaseExecutor.java:418)
	at com.kms.katalon.core.main.TestCaseExecutor.accessMainPhase(TestCaseExecutor.java:410)
	at com.kms.katalon.core.main.TestCaseExecutor.execute(TestCaseExecutor.java:285)
	at com.kms.katalon.core.main.TestCaseMain.runTestCase(TestCaseMain.java:137)
	at com.kms.katalon.core.keyword.builtin.CallTestCaseKeyword$_callTestCase_closure1.doCall(CallTestCaseKeyword.groovy:59)
	at com.kms.katalon.core.keyword.builtin.CallTestCaseKeyword$_callTestCase_closure1.call(CallTestCaseKeyword.groovy)
	at com.kms.katalon.core.keyword.internal.KeywordMain.runKeyword(KeywordMain.groovy:75)
	at com.kms.katalon.core.keyword.builtin.CallTestCaseKeyword.callTestCase(CallTestCaseKeyword.groovy:81)
	at com.kms.katalon.core.keyword.builtin.CallTestCaseKeyword.execute(CallTestCaseKeyword.groovy:44)
	at com.kms.katalon.core.keyword.internal.KeywordExecutor.executeKeywordForPlatform(KeywordExecutor.groovy:74)
	at com.kms.katalon.core.keyword.BuiltinKeywords.callTestCase(BuiltinKeywords.groovy:310)
	at jdk.internal.reflect.GeneratedMethodAccessor41.invoke(Unknown Source)
	at java.base/jdk.internal.reflect.DelegatingMethodAccessorImpl.invoke(DelegatingMethodAccessorImpl.java:43)
	at AddLTOutboundSubscription.run(AddLTOutboundSubscription:20)
	... 16 more
)

21-10-2025T19:18:11 - [TEST_STEP][FAILED] - Start listener action : retryOnDisconnect: null

21-10-2025T19:18:11 - [TEST_STEP][PASSED] - tcId = testCaseContext.getTestCaseId(): null

21-10-2025T19:18:11 - [TEST_STEP][PASSED] - currentRetry = retryCounts.getOrDefault(tcId, 0): null

21-10-2025T19:18:11 - [TEST_STEP][FAILED] - if (testCaseContext.getTestCaseStatus() == "FAILED" && currentRetry < MAX_RETRIES): null

21-10-2025T19:18:11 - [TEST_STEP][FAILED] - try: Unable to get the url of the current window (Root cause: com.kms.katalon.core.exception.StepFailedException: Unable to get the url of the current window
	at com.kms.katalon.core.webui.keyword.internal.WebUIKeywordMain.stepFailed(WebUIKeywordMain.groovy:117)
	at com.kms.katalon.core.webui.keyword.internal.WebUIKeywordMain.runKeyword(WebUIKeywordMain.groovy:43)
	at com.kms.katalon.core.webui.keyword.builtin.GetUrlKeyword.getUrl(GetUrlKeyword.groovy:76)
	at com.kms.katalon.core.webui.keyword.builtin.GetUrlKeyword.execute(GetUrlKeyword.groovy:66)
	at com.kms.katalon.core.keyword.internal.KeywordExecutor.executeKeywordForPlatform(KeywordExecutor.groovy:74)
	at com.kms.katalon.core.webui.keyword.WebUiBuiltInKeywords.getUrl(WebUiBuiltInKeywords.groovy:276)
	at com.kms.katalon.core.webui.keyword.WebUiBuiltInKeywords$getUrl$14.call(Unknown Source)
	at WebDriverRetryListener.retryOnDisconnect(WebDriverRecoveryListener.groovy:22)
	at jdk.internal.reflect.GeneratedMethodAccessor47.invoke(Unknown Source)
	at java.base/jdk.internal.reflect.DelegatingMethodAccessorImpl.invoke(DelegatingMethodAccessorImpl.java:43)
	at com.kms.katalon.core.context.internal.TestHooker.invokeMethod(TestHooker.java:111)
	at com.kms.katalon.core.context.internal.TestHooker.lambda$3(TestHooker.java:95)
	at com.kms.katalon.core.context.internal.TestHooker.invokeContextMethods(TestHooker.java:94)
	at com.kms.katalon.core.context.internal.TestListenerCollector.lambda$3(TestListenerCollector.java:88)
	at com.kms.katalon.core.context.internal.TestListenerCollector.handleListenerEvent(TestListenerCollector.java:85)
	at com.kms.katalon.core.context.internal.ExecutionEventManager.publicEvent(ExecutionEventManager.java:36)
	at com.kms.katalon.core.main.TestCaseExecutor.execute(TestCaseExecutor.java:315)
	at com.kms.katalon.core.common.CommonExecutor.accessTestCaseMainPhase(CommonExecutor.java:65)
	at com.kms.katalon.core.main.TestSuiteExecutor.accessTestSuiteMainPhase(TestSuiteExecutor.java:150)
	at com.kms.katalon.core.main.TestSuiteExecutor.execute(TestSuiteExecutor.java:106)
	at com.kms.katalon.core.main.TestCaseMain.startTestSuite(TestCaseMain.java:180)
	at com.kms.katalon.core.main.TestCaseMain$startTestSuite$0.call(Unknown Source)
	at TempTestSuite1761084128061.run(TempTestSuite1761084128061.groovy:35)
	at java.base/jdk.internal.reflect.NativeMethodAccessorImpl.invoke0(Native Method)
	at java.base/jdk.internal.reflect.NativeMethodAccessorImpl.invoke(NativeMethodAccessorImpl.java:77)
	at java.base/jdk.internal.reflect.DelegatingMethodAccessorImpl.invoke(DelegatingMethodAccessorImpl.java:43)
Caused by: org.openqa.selenium.WebDriverException: java.net.ConnectException: Failed to connect to localhost/[0:0:0:0:0:0:0:1]:62183
Build info: version: '3.141.59', revision: 'unknown', time: 'unknown'
System info: host: 'DC1ADOBLD01', ip: '10.2.20.71', os.name: 'Windows Server 2019', os.arch: 'amd64', os.version: '10.0', java.version: '17.0.7'
Driver info: driver.version: EventFiringWebDriver
	at org.openqa.selenium.remote.service.DriverCommandExecutor.execute(DriverCommandExecutor.java:92)
	at org.openqa.selenium.remote.RemoteWebDriver.execute(RemoteWebDriver.java:552)
	at com.kms.katalon.selenium.driver.CChromeDriver.execute(CChromeDriver.java:19)
	at org.openqa.selenium.remote.RemoteWebDriver.execute(RemoteWebDriver.java:609)
	at org.openqa.selenium.remote.RemoteWebDriver.getCurrentUrl(RemoteWebDriver.java:287)
	at java.base/jdk.internal.reflect.NativeMethodAccessorImpl.invoke0(Native Method)
	at java.base/jdk.internal.reflect.NativeMethodAccessorImpl.invoke(NativeMethodAccessorImpl.java:77)
	at java.base/jdk.internal.reflect.DelegatingMethodAccessorImpl.invoke(DelegatingMethodAccessorImpl.java:43)
	at org.openqa.selenium.support.events.EventFiringWebDriver.lambda$new$1(EventFiringWebDriver.java:105)
	at jdk.proxy2/jdk.proxy2.$Proxy26.getCurrentUrl(Unknown Source)
	at org.openqa.selenium.support.events.EventFiringWebDriver.getCurrentUrl(EventFiringWebDriver.java:171)
	at com.kms.katalon.core.webui.keyword.builtin.GetUrlKeyword$_getUrl_closure1.doCall(GetUrlKeyword.groovy:73)
	at com.kms.katalon.core.webui.keyword.builtin.GetUrlKeyword$_getUrl_closure1.call(GetUrlKeyword.groovy)
	at com.kms.katalon.core.webui.keyword.internal.WebUIKeywordMain.runKeyword(WebUIKeywordMain.groovy:35)
	... 24 more
Caused by: java.net.ConnectException: Failed to connect to localhost/[0:0:0:0:0:0:0:1]:62183
	at okhttp3.internal.connection.RealConnection.connectSocket(RealConnection.java:247)
	at okhttp3.internal.connection.RealConnection.connect(RealConnection.java:165)
	at okhttp3.internal.connection.StreamAllocation.findConnection(StreamAllocation.java:257)
	at okhttp3.internal.connection.StreamAllocation.findHealthyConnection(StreamAllocation.java:135)
	at okhttp3.internal.connection.StreamAllocation.newStream(StreamAllocation.java:114)
	at okhttp3.internal.connection.ConnectInterceptor.intercept(ConnectInterceptor.java:42)
	at okhttp3.internal.http.RealInterceptorChain.proceed(RealInterceptorChain.java:147)
	at okhttp3.internal.http.RealInterceptorChain.proceed(RealInterceptorChain.java:121)
	at okhttp3.internal.cache.CacheInterceptor.intercept(CacheInterceptor.java:93)
	at okhttp3.internal.http.RealInterceptorChain.proceed(RealInterceptorChain.java:147)
	at okhttp3.internal.http.RealInterceptorChain.proceed(RealInterceptorChain.java:121)
	at okhttp3.internal.http.BridgeInterceptor.intercept(BridgeInterceptor.java:93)
	at okhttp3.internal.http.RealInterceptorChain.proceed(RealInterceptorChain.java:147)
	at okhttp3.internal.http.RetryAndFollowUpInterceptor.intercept(RetryAndFollowUpInterceptor.java:126)
	at okhttp3.internal.http.RealInterceptorChain.proceed(RealInterceptorChain.java:147)
	at okhttp3.internal.http.RealInterceptorChain.proceed(RealInterceptorChain.java:121)
	at okhttp3.RealCall.getResponseWithInterceptorChain(RealCall.java:200)
	at okhttp3.RealCall.execute(RealCall.java:77)
	at org.openqa.selenium.remote.internal.OkHttpClient.execute(OkHttpClient.java:103)
	at org.openqa.selenium.remote.HttpCommandExecutor.execute(HttpCommandExecutor.java:155)
	at org.openqa.selenium.remote.service.DriverCommandExecutor.execute(DriverCommandExecutor.java:83)
	... 37 more
Caused by: java.net.ConnectException: Connection refused: no further information
	at okhttp3.internal.platform.Platform.connectSocket(Platform.java:129)
	at okhttp3.internal.connection.RealConnection.connectSocket(RealConnection.java:245)
	... 57 more
)

21-10-2025T19:18:11 - [TEST_STEP][PASSED] - comment(Checking for WebDriver disconnect for test case: $tcId): Checking for WebDriver disconnect for test case: Test Cases/DES/Trading Partners Page/Subscription/Outbound/AddLTOutboundSubscription

21-10-2025T19:18:11 - [MESSAGE][INFO] - Checking for WebDriver disconnect for test case: Test Cases/DES/Trading Partners Page/Subscription/Outbound/AddLTOutboundSubscription

21-10-2025T19:18:11 - [TEST_STEP][FAILED] - getUrl(): Unable to get the url of the current window (Root cause: com.kms.katalon.core.exception.StepFailedException: Unable to get the url of the current window
	at com.kms.katalon.core.webui.keyword.internal.WebUIKeywordMain.stepFailed(WebUIKeywordMain.groovy:117)
	at com.kms.katalon.core.webui.keyword.internal.WebUIKeywordMain.runKeyword(WebUIKeywordMain.groovy:43)
	at com.kms.katalon.core.webui.keyword.builtin.GetUrlKeyword.getUrl(GetUrlKeyword.groovy:76)
	at com.kms.katalon.core.webui.keyword.builtin.GetUrlKeyword.execute(GetUrlKeyword.groovy:66)
	at com.kms.katalon.core.keyword.internal.KeywordExecutor.executeKeywordForPlatform(KeywordExecutor.groovy:74)
	at com.kms.katalon.core.webui.keyword.WebUiBuiltInKeywords.getUrl(WebUiBuiltInKeywords.groovy:276)
	at com.kms.katalon.core.webui.keyword.WebUiBuiltInKeywords$getUrl$14.call(Unknown Source)
	at WebDriverRetryListener.retryOnDisconnect(WebDriverRecoveryListener.groovy:22)
	at jdk.internal.reflect.GeneratedMethodAccessor47.invoke(Unknown Source)
	at java.base/jdk.internal.reflect.DelegatingMethodAccessorImpl.invoke(DelegatingMethodAccessorImpl.java:43)
	at com.kms.katalon.core.context.internal.TestHooker.invokeMethod(TestHooker.java:111)
	at com.kms.katalon.core.context.internal.TestHooker.lambda$3(TestHooker.java:95)
	at com.kms.katalon.core.context.internal.TestHooker.invokeContextMethods(TestHooker.java:94)
	at com.kms.katalon.core.context.internal.TestListenerCollector.lambda$3(TestListenerCollector.java:88)
	at com.kms.katalon.core.context.internal.TestListenerCollector.handleListenerEvent(TestListenerCollector.java:85)
	at com.kms.katalon.core.context.internal.ExecutionEventManager.publicEvent(ExecutionEventManager.java:36)
	at com.kms.katalon.core.main.TestCaseExecutor.execute(TestCaseExecutor.java:315)
	at com.kms.katalon.core.common.CommonExecutor.accessTestCaseMainPhase(CommonExecutor.java:65)
	at com.kms.katalon.core.main.TestSuiteExecutor.accessTestSuiteMainPhase(TestSuiteExecutor.java:150)
	at com.kms.katalon.core.main.TestSuiteExecutor.execute(TestSuiteExecutor.java:106)
	at com.kms.katalon.core.main.TestCaseMain.startTestSuite(TestCaseMain.java:180)
	at com.kms.katalon.core.main.TestCaseMain$startTestSuite$0.call(Unknown Source)
	at TempTestSuite1761084128061.run(TempTestSuite1761084128061.groovy:35)
	at java.base/jdk.internal.reflect.NativeMethodAccessorImpl.invoke0(Native Method)
	at java.base/jdk.internal.reflect.NativeMethodAccessorImpl.invoke(NativeMethodAccessorImpl.java:77)
	at java.base/jdk.internal.reflect.DelegatingMethodAccessorImpl.invoke(DelegatingMethodAccessorImpl.java:43)
Caused by: org.openqa.selenium.WebDriverException: java.net.ConnectException: Failed to connect to localhost/[0:0:0:0:0:0:0:1]:62183
Build info: version: '3.141.59', revision: 'unknown', time: 'unknown'
System info: host: 'DC1ADOBLD01', ip: '10.2.20.71', os.name: 'Windows Server 2019', os.arch: 'amd64', os.version: '10.0', java.version: '17.0.7'
Driver info: driver.version: EventFiringWebDriver
	at org.openqa.selenium.remote.service.DriverCommandExecutor.execute(DriverCommandExecutor.java:92)
	at org.openqa.selenium.remote.RemoteWebDriver.execute(RemoteWebDriver.java:552)
	at com.kms.katalon.selenium.driver.CChromeDriver.execute(CChromeDriver.java:19)
	at org.openqa.selenium.remote.RemoteWebDriver.execute(RemoteWebDriver.java:609)
	at org.openqa.selenium.remote.RemoteWebDriver.getCurrentUrl(RemoteWebDriver.java:287)
	at java.base/jdk.internal.reflect.NativeMethodAccessorImpl.invoke0(Native Method)
	at java.base/jdk.internal.reflect.NativeMethodAccessorImpl.invoke(NativeMethodAccessorImpl.java:77)
	at java.base/jdk.internal.reflect.DelegatingMethodAccessorImpl.invoke(DelegatingMethodAccessorImpl.java:43)
	at org.openqa.selenium.support.events.EventFiringWebDriver.lambda$new$1(EventFiringWebDriver.java:105)
	at jdk.proxy2/jdk.proxy2.$Proxy26.getCurrentUrl(Unknown Source)
	at org.openqa.selenium.support.events.EventFiringWebDriver.getCurrentUrl(EventFiringWebDriver.java:171)
	at com.kms.katalon.core.webui.keyword.builtin.GetUrlKeyword$_getUrl_closure1.doCall(GetUrlKeyword.groovy:73)
	at com.kms.katalon.core.webui.keyword.builtin.GetUrlKeyword$_getUrl_closure1.call(GetUrlKeyword.groovy)
	at com.kms.katalon.core.webui.keyword.internal.WebUIKeywordMain.runKeyword(WebUIKeywordMain.groovy:35)
	... 24 more
Caused by: java.net.ConnectException: Failed to connect to localhost/[0:0:0:0:0:0:0:1]:62183
	at okhttp3.internal.connection.RealConnection.connectSocket(RealConnection.java:247)
	at okhttp3.internal.connection.RealConnection.connect(RealConnection.java:165)
	at okhttp3.internal.connection.StreamAllocation.findConnection(StreamAllocation.java:257)
	at okhttp3.internal.connection.StreamAllocation.findHealthyConnection(StreamAllocation.java:135)
	at okhttp3.internal.connection.StreamAllocation.newStream(StreamAllocation.java:114)
	at okhttp3.internal.connection.ConnectInterceptor.intercept(ConnectInterceptor.java:42)
	at okhttp3.internal.http.RealInterceptorChain.proceed(RealInterceptorChain.java:147)
	at okhttp3.internal.http.RealInterceptorChain.proceed(RealInterceptorChain.java:121)
	at okhttp3.internal.cache.CacheInterceptor.intercept(CacheInterceptor.java:93)
	at okhttp3.internal.http.RealInterceptorChain.proceed(RealInterceptorChain.java:147)
	at okhttp3.internal.http.RealInterceptorChain.proceed(RealInterceptorChain.java:121)
	at okhttp3.internal.http.BridgeInterceptor.intercept(BridgeInterceptor.java:93)
	at okhttp3.internal.http.RealInterceptorChain.proceed(RealInterceptorChain.java:147)
	at okhttp3.internal.http.RetryAndFollowUpInterceptor.intercept(RetryAndFollowUpInterceptor.java:126)
	at okhttp3.internal.http.RealInterceptorChain.proceed(RealInterceptorChain.java:147)
	at okhttp3.internal.http.RealInterceptorChain.proceed(RealInterceptorChain.java:121)
	at okhttp3.RealCall.getResponseWithInterceptorChain(RealCall.java:200)
	at okhttp3.RealCall.execute(RealCall.java:77)
	at org.openqa.selenium.remote.internal.OkHttpClient.execute(OkHttpClient.java:103)
	at org.openqa.selenium.remote.HttpCommandExecutor.execute(HttpCommandExecutor.java:155)
	at org.openqa.selenium.remote.service.DriverCommandExecutor.execute(DriverCommandExecutor.java:83)
	... 37 more
Caused by: java.net.ConnectException: Connection refused: no further information
	at okhttp3.internal.platform.Platform.connectSocket(Platform.java:129)
	at okhttp3.internal.connection.RealConnection.connectSocket(RealConnection.java:245)
	... 57 more
)

21-10-2025T19:18:11 - [MESSAGE][FAILED] - Unable to get the url of the current window (Root cause: com.kms.katalon.core.exception.StepFailedException: Unable to get the url of the current window
	at com.kms.katalon.core.webui.keyword.internal.WebUIKeywordMain.stepFailed(WebUIKeywordMain.groovy:117)
	at com.kms.katalon.core.webui.keyword.internal.WebUIKeywordMain.runKeyword(WebUIKeywordMain.groovy:43)
	at com.kms.katalon.core.webui.keyword.builtin.GetUrlKeyword.getUrl(GetUrlKeyword.groovy:76)
	at com.kms.katalon.core.webui.keyword.builtin.GetUrlKeyword.execute(GetUrlKeyword.groovy:66)
	at com.kms.katalon.core.keyword.internal.KeywordExecutor.executeKeywordForPlatform(KeywordExecutor.groovy:74)
	at com.kms.katalon.core.webui.keyword.WebUiBuiltInKeywords.getUrl(WebUiBuiltInKeywords.groovy:276)
	at com.kms.katalon.core.webui.keyword.WebUiBuiltInKeywords$getUrl$14.call(Unknown Source)
	at WebDriverRetryListener.retryOnDisconnect(WebDriverRecoveryListener.groovy:22)
	at jdk.internal.reflect.GeneratedMethodAccessor47.invoke(Unknown Source)
	at java.base/jdk.internal.reflect.DelegatingMethodAccessorImpl.invoke(DelegatingMethodAccessorImpl.java:43)
	at com.kms.katalon.core.context.internal.TestHooker.invokeMethod(TestHooker.java:111)
	at com.kms.katalon.core.context.internal.TestHooker.lambda$3(TestHooker.java:95)
	at com.kms.katalon.core.context.internal.TestHooker.invokeContextMethods(TestHooker.java:94)
	at com.kms.katalon.core.context.internal.TestListenerCollector.lambda$3(TestListenerCollector.java:88)
	at com.kms.katalon.core.context.internal.TestListenerCollector.handleListenerEvent(TestListenerCollector.java:85)
	at com.kms.katalon.core.context.internal.ExecutionEventManager.publicEvent(ExecutionEventManager.java:36)
	at com.kms.katalon.core.main.TestCaseExecutor.execute(TestCaseExecutor.java:315)
	at com.kms.katalon.core.common.CommonExecutor.accessTestCaseMainPhase(CommonExecutor.java:65)
	at com.kms.katalon.core.main.TestSuiteExecutor.accessTestSuiteMainPhase(TestSuiteExecutor.java:150)
	at com.kms.katalon.core.main.TestSuiteExecutor.execute(TestSuiteExecutor.java:106)
	at com.kms.katalon.core.main.TestCaseMain.startTestSuite(TestCaseMain.java:180)
	at com.kms.katalon.core.main.TestCaseMain$startTestSuite$0.call(Unknown Source)
	at TempTestSuite1761084128061.run(TempTestSuite1761084128061.groovy:35)
	at java.base/jdk.internal.reflect.NativeMethodAccessorImpl.invoke0(Native Method)
	at java.base/jdk.internal.reflect.NativeMethodAccessorImpl.invoke(NativeMethodAccessorImpl.java:77)
	at java.base/jdk.internal.reflect.DelegatingMethodAccessorImpl.invoke(DelegatingMethodAccessorImpl.java:43)
Caused by: org.openqa.selenium.WebDriverException: java.net.ConnectException: Failed to connect to localhost/[0:0:0:0:0:0:0:1]:62183
Build info: version: '3.141.59', revision: 'unknown', time: 'unknown'
System info: host: 'DC1ADOBLD01', ip: '10.2.20.71', os.name: 'Windows Server 2019', os.arch: 'amd64', os.version: '10.0', java.version: '17.0.7'
Driver info: driver.version: EventFiringWebDriver
	at org.openqa.selenium.remote.service.DriverCommandExecutor.execute(DriverCommandExecutor.java:92)
	at org.openqa.selenium.remote.RemoteWebDriver.execute(RemoteWebDriver.java:552)
	at com.kms.katalon.selenium.driver.CChromeDriver.execute(CChromeDriver.java:19)
	at org.openqa.selenium.remote.RemoteWebDriver.execute(RemoteWebDriver.java:609)
	at org.openqa.selenium.remote.RemoteWebDriver.getCurrentUrl(RemoteWebDriver.java:287)
	at java.base/jdk.internal.reflect.NativeMethodAccessorImpl.invoke0(Native Method)
	at java.base/jdk.internal.reflect.NativeMethodAccessorImpl.invoke(NativeMethodAccessorImpl.java:77)
	at java.base/jdk.internal.reflect.DelegatingMethodAccessorImpl.invoke(DelegatingMethodAccessorImpl.java:43)
	at org.openqa.selenium.support.events.EventFiringWebDriver.lambda$new$1(EventFiringWebDriver.java:105)
	at jdk.proxy2/jdk.proxy2.$Proxy26.getCurrentUrl(Unknown Source)
	at org.openqa.selenium.support.events.EventFiringWebDriver.getCurrentUrl(EventFiringWebDriver.java:171)
	at com.kms.katalon.core.webui.keyword.builtin.GetUrlKeyword$_getUrl_closure1.doCall(GetUrlKeyword.groovy:73)
	at com.kms.katalon.core.webui.keyword.builtin.GetUrlKeyword$_getUrl_closure1.call(GetUrlKeyword.groovy)
	at com.kms.katalon.core.webui.keyword.internal.WebUIKeywordMain.runKeyword(WebUIKeywordMain.groovy:35)
	... 24 more
Caused by: java.net.ConnectException: Failed to connect to localhost/[0:0:0:0:0:0:0:1]:62183
	at okhttp3.internal.connection.RealConnection.connectSocket(RealConnection.java:247)
	at okhttp3.internal.connection.RealConnection.connect(RealConnection.java:165)
	at okhttp3.internal.connection.StreamAllocation.findConnection(StreamAllocation.java:257)
	at okhttp3.internal.connection.StreamAllocation.findHealthyConnection(StreamAllocation.java:135)
	at okhttp3.internal.connection.StreamAllocation.newStream(StreamAllocation.java:114)
	at okhttp3.internal.connection.ConnectInterceptor.intercept(ConnectInterceptor.java:42)
	at okhttp3.internal.http.RealInterceptorChain.proceed(RealInterceptorChain.java:147)
	at okhttp3.internal.http.RealInterceptorChain.proceed(RealInterceptorChain.java:121)
	at okhttp3.internal.cache.CacheInterceptor.intercept(CacheInterceptor.java:93)
	at okhttp3.internal.http.RealInterceptorChain.proceed(RealInterceptorChain.java:147)
	at okhttp3.internal.http.RealInterceptorChain.proceed(RealInterceptorChain.java:121)
	at okhttp3.internal.http.BridgeInterceptor.intercept(BridgeInterceptor.java:93)
	at okhttp3.internal.http.RealInterceptorChain.proceed(RealInterceptorChain.java:147)
	at okhttp3.internal.http.RetryAndFollowUpInterceptor.intercept(RetryAndFollowUpInterceptor.java:126)
	at okhttp3.internal.http.RealInterceptorChain.proceed(RealInterceptorChain.java:147)
	at okhttp3.internal.http.RealInterceptorChain.proceed(RealInterceptorChain.java:121)
	at okhttp3.RealCall.getResponseWithInterceptorChain(RealCall.java:200)
	at okhttp3.RealCall.execute(RealCall.java:77)
	at org.openqa.selenium.remote.internal.OkHttpClient.execute(OkHttpClient.java:103)
	at org.openqa.selenium.remote.HttpCommandExecutor.execute(HttpCommandExecutor.java:155)
	at org.openqa.selenium.remote.service.DriverCommandExecutor.execute(DriverCommandExecutor.java:83)
	... 37 more
Caused by: java.net.ConnectException: Connection refused: no further information
	at okhttp3.internal.platform.Platform.connectSocket(Platform.java:129)
	at okhttp3.internal.connection.RealConnection.connectSocket(RealConnection.java:245)
	... 57 more
)

21-10-2025T19:18:11 - [TEST_STEP][ERROR] - catch (Exception e): org.codehaus.groovy.runtime.InvokerInvocationException: groovy.lang.MissingMethodException: No signature of method: WebDriverRetryListener.findTestCase() is applicable for argument types: (String) values: [Test Cases/DES/Trading Partners Page/Subscription/Outbound/AddLTOutboundSubscription]
	at com.kms.katalon.core.context.internal.TestHooker.invokeMethod(TestHooker.java:111)
	at com.kms.katalon.core.context.internal.TestHooker.lambda$3(TestHooker.java:95)
	at com.kms.katalon.core.context.internal.TestHooker.invokeContextMethods(TestHooker.java:94)
	at com.kms.katalon.core.context.internal.TestListenerCollector.lambda$3(TestListenerCollector.java:88)
	at com.kms.katalon.core.context.internal.TestListenerCollector.handleListenerEvent(TestListenerCollector.java:85)
	at com.kms.katalon.core.context.internal.ExecutionEventManager.publicEvent(ExecutionEventManager.java:36)
	at com.kms.katalon.core.main.TestCaseExecutor.execute(TestCaseExecutor.java:315)
	at com.kms.katalon.core.common.CommonExecutor.accessTestCaseMainPhase(CommonExecutor.java:65)
	at com.kms.katalon.core.main.TestSuiteExecutor.accessTestSuiteMainPhase(TestSuiteExecutor.java:150)
	at com.kms.katalon.core.main.TestSuiteExecutor.execute(TestSuiteExecutor.java:106)
	at com.kms.katalon.core.main.TestCaseMain.startTestSuite(TestCaseMain.java:180)
	at com.kms.katalon.core.main.TestCaseMain$startTestSuite$0.call(Unknown Source)
	at TempTestSuite1761084128061.run(TempTestSuite1761084128061.groovy:35)
	at java.base/jdk.internal.reflect.NativeMethodAccessorImpl.invoke0(Native Method)
	at java.base/jdk.internal.reflect.NativeMethodAccessorImpl.invoke(NativeMethodAccessorImpl.java:77)
	at java.base/jdk.internal.reflect.DelegatingMethodAccessorImpl.invoke(DelegatingMethodAccessorImpl.java:43)
Caused by: groovy.lang.MissingMethodException: No signature of method: WebDriverRetryListener.findTestCase() is applicable for argument types: (String) values: [Test Cases/DES/Trading Partners Page/Subscription/Outbound/AddLTOutboundSubscription]
	at WebDriverRetryListener.retryOnDisconnect(WebDriverRecoveryListener.groovy:32)
	at jdk.internal.reflect.GeneratedMethodAccessor47.invoke(Unknown Source)
	at java.base/jdk.internal.reflect.DelegatingMethodAccessorImpl.invoke(DelegatingMethodAccessorImpl.java:43)
	... 16 more


21-10-2025T19:18:11 - [TEST_STEP][PASSED] - retryCounts[tcId] = currentRetry + 1: null

21-10-2025T19:18:11 - [TEST_STEP][PASSED] - comment(âš  WebDriver disconnected. Retrying test case ($(currentRetry + 1)/$MAX_RETRIES)...): âš  WebDriver disconnected. Retrying test case (1/1)...

21-10-2025T19:18:11 - [MESSAGE][INFO] - âš  WebDriver disconnected. Retrying test case (1/1)...

21-10-2025T19:18:11 - [TEST_STEP][PASSED] - try: Unable to close browser (Root cause: com.kms.katalon.core.exception.StepFailedException: Unable to close browser
	at com.kms.katalon.core.webui.keyword.internal.WebUIKeywordMain.stepFailed(WebUIKeywordMain.groovy:117)
	at com.kms.katalon.core.webui.keyword.internal.WebUIKeywordMain.runKeyword(WebUIKeywordMain.groovy:43)
	at com.kms.katalon.core.webui.keyword.builtin.CloseBrowserKeyword.closeBrowser(CloseBrowserKeyword.groovy:72)
	at com.kms.katalon.core.webui.keyword.builtin.CloseBrowserKeyword.execute(CloseBrowserKeyword.groovy:67)
	at com.kms.katalon.core.keyword.internal.KeywordExecutor.executeKeywordForPlatform(KeywordExecutor.groovy:74)
	at com.kms.katalon.core.webui.keyword.WebUiBuiltInKeywords.closeBrowser(WebUiBuiltInKeywords.groovy:75)
	at com.kms.katalon.core.webui.keyword.WebUiBuiltInKeywords$closeBrowser$17.call(Unknown Source)
	at WebDriverRetryListener.retryOnDisconnect(WebDriverRecoveryListener.groovy:29)
	at jdk.internal.reflect.GeneratedMethodAccessor47.invoke(Unknown Source)
	at java.base/jdk.internal.reflect.DelegatingMethodAccessorImpl.invoke(DelegatingMethodAccessorImpl.java:43)
	at com.kms.katalon.core.context.internal.TestHooker.invokeMethod(TestHooker.java:111)
	at com.kms.katalon.core.context.internal.TestHooker.lambda$3(TestHooker.java:95)
	at com.kms.katalon.core.context.internal.TestHooker.invokeContextMethods(TestHooker.java:94)
	at com.kms.katalon.core.context.internal.TestListenerCollector.lambda$3(TestListenerCollector.java:88)
	at com.kms.katalon.core.context.internal.TestListenerCollector.handleListenerEvent(TestListenerCollector.java:85)
	at com.kms.katalon.core.context.internal.ExecutionEventManager.publicEvent(ExecutionEventManager.java:36)
	at com.kms.katalon.core.main.TestCaseExecutor.execute(TestCaseExecutor.java:315)
	at com.kms.katalon.core.common.CommonExecutor.accessTestCaseMainPhase(CommonExecutor.java:65)
	at com.kms.katalon.core.main.TestSuiteExecutor.accessTestSuiteMainPhase(TestSuiteExecutor.java:150)
	at com.kms.katalon.core.main.TestSuiteExecutor.execute(TestSuiteExecutor.java:106)
	at com.kms.katalon.core.main.TestCaseMain.startTestSuite(TestCaseMain.java:180)
	at com.kms.katalon.core.main.TestCaseMain$startTestSuite$0.call(Unknown Source)
	at TempTestSuite1761084128061.run(TempTestSuite1761084128061.groovy:35)
	at java.base/jdk.internal.reflect.NativeMethodAccessorImpl.invoke0(Native Method)
	at java.base/jdk.internal.reflect.NativeMethodAccessorImpl.invoke(NativeMethodAccessorImpl.java:77)
	at java.base/jdk.internal.reflect.DelegatingMethodAccessorImpl.invoke(DelegatingMethodAccessorImpl.java:43)
Caused by: org.openqa.selenium.WebDriverException: java.net.ConnectException: Failed to connect to localhost/[0:0:0:0:0:0:0:1]:62183
Build info: version: '3.141.59', revision: 'unknown', time: 'unknown'
System info: host: 'DC1ADOBLD01', ip: '10.2.20.71', os.name: 'Windows Server 2019', os.arch: 'amd64', os.version: '10.0', java.version: '17.0.7'
Driver info: driver.version: EventFiringWebDriver
	at org.openqa.selenium.remote.service.DriverCommandExecutor.execute(DriverCommandExecutor.java:92)
	at org.openqa.selenium.remote.RemoteWebDriver.execute(RemoteWebDriver.java:552)
	at com.kms.katalon.selenium.driver.CChromeDriver.execute(CChromeDriver.java:19)
	at org.openqa.selenium.remote.RemoteWebDriver.execute(RemoteWebDriver.java:609)
	at org.openqa.selenium.remote.RemoteWebDriver.quit(RemoteWebDriver.java:452)
	at jdk.internal.reflect.GeneratedMethodAccessor46.invoke(Unknown Source)
	at java.base/jdk.internal.reflect.DelegatingMethodAccessorImpl.invoke(DelegatingMethodAccessorImpl.java:43)
	at org.openqa.selenium.support.events.EventFiringWebDriver.lambda$new$1(EventFiringWebDriver.java:105)
	at jdk.proxy2/jdk.proxy2.$Proxy26.quit(Unknown Source)
	at org.openqa.selenium.support.events.EventFiringWebDriver.quit(EventFiringWebDriver.java:211)
	at com.kms.katalon.core.webui.driver.DriverFactory.closeWebDriver(DriverFactory.java:1608)
	at com.kms.katalon.core.webui.keyword.builtin.CloseBrowserKeyword$_closeBrowser_closure1.doCall(CloseBrowserKeyword.groovy:74)
	at com.kms.katalon.core.webui.keyword.builtin.CloseBrowserKeyword$_closeBrowser_closure1.call(CloseBrowserKeyword.groovy)
	at com.kms.katalon.core.webui.keyword.internal.WebUIKeywordMain.runKeyword(WebUIKeywordMain.groovy:35)
	... 24 more
Caused by: java.net.ConnectException: Failed to connect to localhost/[0:0:0:0:0:0:0:1]:62183
	at okhttp3.internal.connection.RealConnection.connectSocket(RealConnection.java:247)
	at okhttp3.internal.connection.RealConnection.connect(RealConnection.java:165)
	at okhttp3.internal.connection.StreamAllocation.findConnection(StreamAllocation.java:257)
	at okhttp3.internal.connection.StreamAllocation.findHealthyConnection(StreamAllocation.java:135)
	at okhttp3.internal.connection.StreamAllocation.newStream(StreamAllocation.java:114)
	at okhttp3.internal.connection.ConnectInterceptor.intercept(ConnectInterceptor.java:42)
	at okhttp3.internal.http.RealInterceptorChain.proceed(RealInterceptorChain.java:147)
	at okhttp3.internal.http.RealInterceptorChain.proceed(RealInterceptorChain.java:121)
	at okhttp3.internal.cache.CacheInterceptor.intercept(CacheInterceptor.java:93)
	at okhttp3.internal.http.RealInterceptorChain.proceed(RealInterceptorChain.java:147)
	at okhttp3.internal.http.RealInterceptorChain.proceed(RealInterceptorChain.java:121)
	at okhttp3.internal.http.BridgeInterceptor.intercept(BridgeInterceptor.java:93)
	at okhttp3.internal.http.RealInterceptorChain.proceed(RealInterceptorChain.java:147)
	at okhttp3.internal.http.RetryAndFollowUpInterceptor.intercept(RetryAndFollowUpInterceptor.java:126)
	at okhttp3.internal.http.RealInterceptorChain.proceed(RealInterceptorChain.java:147)
	at okhttp3.internal.http.RealInterceptorChain.proceed(RealInterceptorChain.java:121)
	at okhttp3.RealCall.getResponseWithInterceptorChain(RealCall.java:200)
	at okhttp3.RealCall.execute(RealCall.java:77)
	at org.openqa.selenium.remote.internal.OkHttpClient.execute(OkHttpClient.java:103)
	at org.openqa.selenium.remote.HttpCommandExecutor.execute(HttpCommandExecutor.java:155)
	at org.openqa.selenium.remote.service.DriverCommandExecutor.execute(DriverCommandExecutor.java:83)
	... 37 more
Caused by: java.net.ConnectException: Connection refused: no further information
	at okhttp3.internal.platform.Platform.connectSocket(Platform.java:129)
	at okhttp3.internal.connection.RealConnection.connectSocket(RealConnection.java:245)
	... 57 more
)

21-10-2025T19:18:11 - [TEST_STEP][PASSED] - closeBrowser(OPTIONAL): Unable to close browser (Root cause: com.kms.katalon.core.exception.StepFailedException: Unable to close browser
	at com.kms.katalon.core.webui.keyword.internal.WebUIKeywordMain.stepFailed(WebUIKeywordMain.groovy:117)
	at com.kms.katalon.core.webui.keyword.internal.WebUIKeywordMain.runKeyword(WebUIKeywordMain.groovy:43)
	at com.kms.katalon.core.webui.keyword.builtin.CloseBrowserKeyword.closeBrowser(CloseBrowserKeyword.groovy:72)
	at com.kms.katalon.core.webui.keyword.builtin.CloseBrowserKeyword.execute(CloseBrowserKeyword.groovy:67)
	at com.kms.katalon.core.keyword.internal.KeywordExecutor.executeKeywordForPlatform(KeywordExecutor.groovy:74)
	at com.kms.katalon.core.webui.keyword.WebUiBuiltInKeywords.closeBrowser(WebUiBuiltInKeywords.groovy:75)
	at com.kms.katalon.core.webui.keyword.WebUiBuiltInKeywords$closeBrowser$17.call(Unknown Source)
	at WebDriverRetryListener.retryOnDisconnect(WebDriverRecoveryListener.groovy:29)
	at jdk.internal.reflect.GeneratedMethodAccessor47.invoke(Unknown Source)
	at java.base/jdk.internal.reflect.DelegatingMethodAccessorImpl.invoke(DelegatingMethodAccessorImpl.java:43)
	at com.kms.katalon.core.context.internal.TestHooker.invokeMethod(TestHooker.java:111)
	at com.kms.katalon.core.context.internal.TestHooker.lambda$3(TestHooker.java:95)
	at com.kms.katalon.core.context.internal.TestHooker.invokeContextMethods(TestHooker.java:94)
	at com.kms.katalon.core.context.internal.TestListenerCollector.lambda$3(TestListenerCollector.java:88)
	at com.kms.katalon.core.context.internal.TestListenerCollector.handleListenerEvent(TestListenerCollector.java:85)
	at com.kms.katalon.core.context.internal.ExecutionEventManager.publicEvent(ExecutionEventManager.java:36)
	at com.kms.katalon.core.main.TestCaseExecutor.execute(TestCaseExecutor.java:315)
	at com.kms.katalon.core.common.CommonExecutor.accessTestCaseMainPhase(CommonExecutor.java:65)
	at com.kms.katalon.core.main.TestSuiteExecutor.accessTestSuiteMainPhase(TestSuiteExecutor.java:150)
	at com.kms.katalon.core.main.TestSuiteExecutor.execute(TestSuiteExecutor.java:106)
	at com.kms.katalon.core.main.TestCaseMain.startTestSuite(TestCaseMain.java:180)
	at com.kms.katalon.core.main.TestCaseMain$startTestSuite$0.call(Unknown Source)
	at TempTestSuite1761084128061.run(TempTestSuite1761084128061.groovy:35)
	at java.base/jdk.internal.reflect.NativeMethodAccessorImpl.invoke0(Native Method)
	at java.base/jdk.internal.reflect.NativeMethodAccessorImpl.invoke(NativeMethodAccessorImpl.java:77)
	at java.base/jdk.internal.reflect.DelegatingMethodAccessorImpl.invoke(DelegatingMethodAccessorImpl.java:43)
Caused by: org.openqa.selenium.WebDriverException: java.net.ConnectException: Failed to connect to localhost/[0:0:0:0:0:0:0:1]:62183
Build info: version: '3.141.59', revision: 'unknown', time: 'unknown'
System info: host: 'DC1ADOBLD01', ip: '10.2.20.71', os.name: 'Windows Server 2019', os.arch: 'amd64', os.version: '10.0', java.version: '17.0.7'
Driver info: driver.version: EventFiringWebDriver
	at org.openqa.selenium.remote.service.DriverCommandExecutor.execute(DriverCommandExecutor.java:92)
	at org.openqa.selenium.remote.RemoteWebDriver.execute(RemoteWebDriver.java:552)
	at com.kms.katalon.selenium.driver.CChromeDriver.execute(CChromeDriver.java:19)
	at org.openqa.selenium.remote.RemoteWebDriver.execute(RemoteWebDriver.java:609)
	at org.openqa.selenium.remote.RemoteWebDriver.quit(RemoteWebDriver.java:452)
	at jdk.internal.reflect.GeneratedMethodAccessor46.invoke(Unknown Source)
	at java.base/jdk.internal.reflect.DelegatingMethodAccessorImpl.invoke(DelegatingMethodAccessorImpl.java:43)
	at org.openqa.selenium.support.events.EventFiringWebDriver.lambda$new$1(EventFiringWebDriver.java:105)
	at jdk.proxy2/jdk.proxy2.$Proxy26.quit(Unknown Source)
	at org.openqa.selenium.support.events.EventFiringWebDriver.quit(EventFiringWebDriver.java:211)
	at com.kms.katalon.core.webui.driver.DriverFactory.closeWebDriver(DriverFactory.java:1608)
	at com.kms.katalon.core.webui.keyword.builtin.CloseBrowserKeyword$_closeBrowser_closure1.doCall(CloseBrowserKeyword.groovy:74)
	at com.kms.katalon.core.webui.keyword.builtin.CloseBrowserKeyword$_closeBrowser_closure1.call(CloseBrowserKeyword.groovy)
	at com.kms.katalon.core.webui.keyword.internal.WebUIKeywordMain.runKeyword(WebUIKeywordMain.groovy:35)
	... 24 more
Caused by: java.net.ConnectException: Failed to connect to localhost/[0:0:0:0:0:0:0:1]:62183
	at okhttp3.internal.connection.RealConnection.connectSocket(RealConnection.java:247)
	at okhttp3.internal.connection.RealConnection.connect(RealConnection.java:165)
	at okhttp3.internal.connection.StreamAllocation.findConnection(StreamAllocation.java:257)
	at okhttp3.internal.connection.StreamAllocation.findHealthyConnection(StreamAllocation.java:135)
	at okhttp3.internal.connection.StreamAllocation.newStream(StreamAllocation.java:114)
	at okhttp3.internal.connection.ConnectInterceptor.intercept(ConnectInterceptor.java:42)
	at okhttp3.internal.http.RealInterceptorChain.proceed(RealInterceptorChain.java:147)
	at okhttp3.internal.http.RealInterceptorChain.proceed(RealInterceptorChain.java:121)
	at okhttp3.internal.cache.CacheInterceptor.intercept(CacheInterceptor.java:93)
	at okhttp3.internal.http.RealInterceptorChain.proceed(RealInterceptorChain.java:147)
	at okhttp3.internal.http.RealInterceptorChain.proceed(RealInterceptorChain.java:121)
	at okhttp3.internal.http.BridgeInterceptor.intercept(BridgeInterceptor.java:93)
	at okhttp3.internal.http.RealInterceptorChain.proceed(RealInterceptorChain.java:147)
	at okhttp3.internal.http.RetryAndFollowUpInterceptor.intercept(RetryAndFollowUpInterceptor.java:126)
	at okhttp3.internal.http.RealInterceptorChain.proceed(RealInterceptorChain.java:147)
	at okhttp3.internal.http.RealInterceptorChain.proceed(RealInterceptorChain.java:121)
	at okhttp3.RealCall.getResponseWithInterceptorChain(RealCall.java:200)
	at okhttp3.RealCall.execute(RealCall.java:77)
	at org.openqa.selenium.remote.internal.OkHttpClient.execute(OkHttpClient.java:103)
	at org.openqa.selenium.remote.HttpCommandExecutor.execute(HttpCommandExecutor.java:155)
	at org.openqa.selenium.remote.service.DriverCommandExecutor.execute(DriverCommandExecutor.java:83)
	... 37 more
Caused by: java.net.ConnectException: Connection refused: no further information
	at okhttp3.internal.platform.Platform.connectSocket(Platform.java:129)
	at okhttp3.internal.connection.RealConnection.connectSocket(RealConnection.java:245)
	... 57 more
)

21-10-2025T19:18:11 - [MESSAGE][WARNING] - Unable to close browser (Root cause: com.kms.katalon.core.exception.StepFailedException: Unable to close browser
	at com.kms.katalon.core.webui.keyword.internal.WebUIKeywordMain.stepFailed(WebUIKeywordMain.groovy:117)
	at com.kms.katalon.core.webui.keyword.internal.WebUIKeywordMain.runKeyword(WebUIKeywordMain.groovy:43)
	at com.kms.katalon.core.webui.keyword.builtin.CloseBrowserKeyword.closeBrowser(CloseBrowserKeyword.groovy:72)
	at com.kms.katalon.core.webui.keyword.builtin.CloseBrowserKeyword.execute(CloseBrowserKeyword.groovy:67)
	at com.kms.katalon.core.keyword.internal.KeywordExecutor.executeKeywordForPlatform(KeywordExecutor.groovy:74)
	at com.kms.katalon.core.webui.keyword.WebUiBuiltInKeywords.closeBrowser(WebUiBuiltInKeywords.groovy:75)
	at com.kms.katalon.core.webui.keyword.WebUiBuiltInKeywords$closeBrowser$17.call(Unknown Source)
	at WebDriverRetryListener.retryOnDisconnect(WebDriverRecoveryListener.groovy:29)
	at jdk.internal.reflect.GeneratedMethodAccessor47.invoke(Unknown Source)
	at java.base/jdk.internal.reflect.DelegatingMethodAccessorImpl.invoke(DelegatingMethodAccessorImpl.java:43)
	at com.kms.katalon.core.context.internal.TestHooker.invokeMethod(TestHooker.java:111)
	at com.kms.katalon.core.context.internal.TestHooker.lambda$3(TestHooker.java:95)
	at com.kms.katalon.core.context.internal.TestHooker.invokeContextMethods(TestHooker.java:94)
	at com.kms.katalon.core.context.internal.TestListenerCollector.lambda$3(TestListenerCollector.java:88)
	at com.kms.katalon.core.context.internal.TestListenerCollector.handleListenerEvent(TestListenerCollector.java:85)
	at com.kms.katalon.core.context.internal.ExecutionEventManager.publicEvent(ExecutionEventManager.java:36)
	at com.kms.katalon.core.main.TestCaseExecutor.execute(TestCaseExecutor.java:315)
	at com.kms.katalon.core.common.CommonExecutor.accessTestCaseMainPhase(CommonExecutor.java:65)
	at com.kms.katalon.core.main.TestSuiteExecutor.accessTestSuiteMainPhase(TestSuiteExecutor.java:150)
	at com.kms.katalon.core.main.TestSuiteExecutor.execute(TestSuiteExecutor.java:106)
	at com.kms.katalon.core.main.TestCaseMain.startTestSuite(TestCaseMain.java:180)
	at com.kms.katalon.core.main.TestCaseMain$startTestSuite$0.call(Unknown Source)
	at TempTestSuite1761084128061.run(TempTestSuite1761084128061.groovy:35)
	at java.base/jdk.internal.reflect.NativeMethodAccessorImpl.invoke0(Native Method)
	at java.base/jdk.internal.reflect.NativeMethodAccessorImpl.invoke(NativeMethodAccessorImpl.java:77)
	at java.base/jdk.internal.reflect.DelegatingMethodAccessorImpl.invoke(DelegatingMethodAccessorImpl.java:43)
Caused by: org.openqa.selenium.WebDriverException: java.net.ConnectException: Failed to connect to localhost/[0:0:0:0:0:0:0:1]:62183
Build info: version: '3.141.59', revision: 'unknown', time: 'unknown'
System info: host: 'DC1ADOBLD01', ip: '10.2.20.71', os.name: 'Windows Server 2019', os.arch: 'amd64', os.version: '10.0', java.version: '17.0.7'
Driver info: driver.version: EventFiringWebDriver
	at org.openqa.selenium.remote.service.DriverCommandExecutor.execute(DriverCommandExecutor.java:92)
	at org.openqa.selenium.remote.RemoteWebDriver.execute(RemoteWebDriver.java:552)
	at com.kms.katalon.selenium.driver.CChromeDriver.execute(CChromeDriver.java:19)
	at org.openqa.selenium.remote.RemoteWebDriver.execute(RemoteWebDriver.java:609)
	at org.openqa.selenium.remote.RemoteWebDriver.quit(RemoteWebDriver.java:452)
	at jdk.internal.reflect.GeneratedMethodAccessor46.invoke(Unknown Source)
	at java.base/jdk.internal.reflect.DelegatingMethodAccessorImpl.invoke(DelegatingMethodAccessorImpl.java:43)
	at org.openqa.selenium.support.events.EventFiringWebDriver.lambda$new$1(EventFiringWebDriver.java:105)
	at jdk.proxy2/jdk.proxy2.$Proxy26.quit(Unknown Source)
	at org.openqa.selenium.support.events.EventFiringWebDriver.quit(EventFiringWebDriver.java:211)
	at com.kms.katalon.core.webui.driver.DriverFactory.closeWebDriver(DriverFactory.java:1608)
	at com.kms.katalon.core.webui.keyword.builtin.CloseBrowserKeyword$_closeBrowser_closure1.doCall(CloseBrowserKeyword.groovy:74)
	at com.kms.katalon.core.webui.keyword.builtin.CloseBrowserKeyword$_closeBrowser_closure1.call(CloseBrowserKeyword.groovy)
	at com.kms.katalon.core.webui.keyword.internal.WebUIKeywordMain.runKeyword(WebUIKeywordMain.groovy:35)
	... 24 more
Caused by: java.net.ConnectException: Failed to connect to localhost/[0:0:0:0:0:0:0:1]:62183
	at okhttp3.internal.connection.RealConnection.connectSocket(RealConnection.java:247)
	at okhttp3.internal.connection.RealConnection.connect(RealConnection.java:165)
	at okhttp3.internal.connection.StreamAllocation.findConnection(StreamAllocation.java:257)
	at okhttp3.internal.connection.StreamAllocation.findHealthyConnection(StreamAllocation.java:135)
	at okhttp3.internal.connection.StreamAllocation.newStream(StreamAllocation.java:114)
	at okhttp3.internal.connection.ConnectInterceptor.intercept(ConnectInterceptor.java:42)
	at okhttp3.internal.http.RealInterceptorChain.proceed(RealInterceptorChain.java:147)
	at okhttp3.internal.http.RealInterceptorChain.proceed(RealInterceptorChain.java:121)
	at okhttp3.internal.cache.CacheInterceptor.intercept(CacheInterceptor.java:93)
	at okhttp3.internal.http.RealInterceptorChain.proceed(RealInterceptorChain.java:147)
	at okhttp3.internal.http.RealInterceptorChain.proceed(RealInterceptorChain.java:121)
	at okhttp3.internal.http.BridgeInterceptor.intercept(BridgeInterceptor.java:93)
	at okhttp3.internal.http.RealInterceptorChain.proceed(RealInterceptorChain.java:147)
	at okhttp3.internal.http.RetryAndFollowUpInterceptor.intercept(RetryAndFollowUpInterceptor.java:126)
	at okhttp3.internal.http.RealInterceptorChain.proceed(RealInterceptorChain.java:147)
	at okhttp3.internal.http.RealInterceptorChain.proceed(RealInterceptorChain.java:121)
	at okhttp3.RealCall.getResponseWithInterceptorChain(RealCall.java:200)
	at okhttp3.RealCall.execute(RealCall.java:77)
	at org.openqa.selenium.remote.internal.OkHttpClient.execute(OkHttpClient.java:103)
	at org.openqa.selenium.remote.HttpCommandExecutor.execute(HttpCommandExecutor.java:155)
	at org.openqa.selenium.remote.service.DriverCommandExecutor.execute(DriverCommandExecutor.java:83)
	... 37 more
Caused by: java.net.ConnectException: Connection refused: no further information
	at okhttp3.internal.platform.Platform.connectSocket(Platform.java:129)
	at okhttp3.internal.connection.RealConnection.connectSocket(RealConnection.java:245)
	... 57 more
)

21-10-2025T19:18:11 - [TEST_STEP][ERROR] - callTestCase(findTestCase(tcId), [:], STOP_ON_FAILURE): org.codehaus.groovy.runtime.InvokerInvocationException: groovy.lang.MissingMethodException: No signature of method: WebDriverRetryListener.findTestCase() is applicable for argument types: (String) values: [Test Cases/DES/Trading Partners Page/Subscription/Outbound/AddLTOutboundSubscription]
	at com.kms.katalon.core.context.internal.TestHooker.invokeMethod(TestHooker.java:111)
	at com.kms.katalon.core.context.internal.TestHooker.lambda$3(TestHooker.java:95)
	at com.kms.katalon.core.context.internal.TestHooker.invokeContextMethods(TestHooker.java:94)
	at com.kms.katalon.core.context.internal.TestListenerCollector.lambda$3(TestListenerCollector.java:88)
	at com.kms.katalon.core.context.internal.TestListenerCollector.handleListenerEvent(TestListenerCollector.java:85)
	at com.kms.katalon.core.context.internal.ExecutionEventManager.publicEvent(ExecutionEventManager.java:36)
	at com.kms.katalon.core.main.TestCaseExecutor.execute(TestCaseExecutor.java:315)
	at com.kms.katalon.core.common.CommonExecutor.accessTestCaseMainPhase(CommonExecutor.java:65)
	at com.kms.katalon.core.main.TestSuiteExecutor.accessTestSuiteMainPhase(TestSuiteExecutor.java:150)
	at com.kms.katalon.core.main.TestSuiteExecutor.execute(TestSuiteExecutor.java:106)
	at com.kms.katalon.core.main.TestCaseMain.startTestSuite(TestCaseMain.java:180)
	at com.kms.katalon.core.main.TestCaseMain$startTestSuite$0.call(Unknown Source)
	at TempTestSuite1761084128061.run(TempTestSuite1761084128061.groovy:35)
	at java.base/jdk.internal.reflect.NativeMethodAccessorImpl.invoke0(Native Method)
	at java.base/jdk.internal.reflect.NativeMethodAccessorImpl.invoke(NativeMethodAccessorImpl.java:77)
	at java.base/jdk.internal.reflect.DelegatingMethodAccessorImpl.invoke(DelegatingMethodAccessorImpl.java:43)
Caused by: groovy.lang.MissingMethodException: No signature of method: WebDriverRetryListener.findTestCase() is applicable for argument types: (String) values: [Test Cases/DES/Trading Partners Page/Subscription/Outbound/AddLTOutboundSubscription]
	at WebDriverRetryListener.retryOnDisconnect(WebDriverRecoveryListener.groovy:32)
	at jdk.internal.reflect.GeneratedMethodAccessor47.invoke(Unknown Source)
	at java.base/jdk.internal.reflect.DelegatingMethodAccessorImpl.invoke(DelegatingMethodAccessorImpl.java:43)
	... 16 more


21-10-2025T19:18:11 - [MESSAGE][ERROR] - org.codehaus.groovy.runtime.InvokerInvocationException: groovy.lang.MissingMethodException: No signature of method: WebDriverRetryListener.findTestCase() is applicable for argument types: (String) values: [Test Cases/DES/Trading Partners Page/Subscription/Outbound/AddLTOutboundSubscription]
	at com.kms.katalon.core.context.internal.TestHooker.invokeMethod(TestHooker.java:111)
	at com.kms.katalon.core.context.internal.TestHooker.lambda$3(TestHooker.java:95)
	at com.kms.katalon.core.context.internal.TestHooker.invokeContextMethods(TestHooker.java:94)
	at com.kms.katalon.core.context.internal.TestListenerCollector.lambda$3(TestListenerCollector.java:88)
	at com.kms.katalon.core.context.internal.TestListenerCollector.handleListenerEvent(TestListenerCollector.java:85)
	at com.kms.katalon.core.context.internal.ExecutionEventManager.publicEvent(ExecutionEventManager.java:36)
	at com.kms.katalon.core.main.TestCaseExecutor.execute(TestCaseExecutor.java:315)
	at com.kms.katalon.core.common.CommonExecutor.accessTestCaseMainPhase(CommonExecutor.java:65)
	at com.kms.katalon.core.main.TestSuiteExecutor.accessTestSuiteMainPhase(TestSuiteExecutor.java:150)
	at com.kms.katalon.core.main.TestSuiteExecutor.execute(TestSuiteExecutor.java:106)
	at com.kms.katalon.core.main.TestCaseMain.startTestSuite(TestCaseMain.java:180)
	at com.kms.katalon.core.main.TestCaseMain$startTestSuite$0.call(Unknown Source)
	at TempTestSuite1761084128061.run(TempTestSuite1761084128061.groovy:35)
	at java.base/jdk.internal.reflect.NativeMethodAccessorImpl.invoke0(Native Method)
	at java.base/jdk.internal.reflect.NativeMethodAccessorImpl.invoke(NativeMethodAccessorImpl.java:77)
	at java.base/jdk.internal.reflect.DelegatingMethodAccessorImpl.invoke(DelegatingMethodAccessorImpl.java:43)
Caused by: groovy.lang.MissingMethodException: No signature of method: WebDriverRetryListener.findTestCase() is applicable for argument types: (String) values: [Test Cases/DES/Trading Partners Page/Subscription/Outbound/AddLTOutboundSubscription]
	at WebDriverRetryListener.retryOnDisconnect(WebDriverRecoveryListener.groovy:32)
	at jdk.internal.reflect.GeneratedMethodAccessor47.invoke(Unknown Source)
	at java.base/jdk.internal.reflect.DelegatingMethodAccessorImpl.invoke(DelegatingMethodAccessorImpl.java:43)
	... 16 more]]></system-out>
         <system-err><![CDATA[21-10-2025T19:18:00 - [TEST_CASE][FAILED] - Test Cases/DES/Trading Partners Page/Subscription/Outbound/AddLTOutboundSubscription: Test Cases/DES/Trading Partners Page/Subscription/Outbound/AddLTOutboundSubscription FAILED.
Reason:
com.kms.katalon.core.exception.StepFailedException: Call Test Case 'Test Cases/DES/DES Login' failed
	at com.kms.katalon.core.keyword.builtin.CallTestCaseKeyword$_callTestCase_closure1.doCall(CallTestCaseKeyword.groovy:63)
	at com.kms.katalon.core.keyword.builtin.CallTestCaseKeyword$_callTestCase_closure1.call(CallTestCaseKeyword.groovy)
	at com.kms.katalon.core.keyword.internal.KeywordMain.runKeyword(KeywordMain.groovy:75)
	at com.kms.katalon.core.keyword.builtin.CallTestCaseKeyword.callTestCase(CallTestCaseKeyword.groovy:81)
	at com.kms.katalon.core.keyword.builtin.CallTestCaseKeyword.execute(CallTestCaseKeyword.groovy:44)
	at com.kms.katalon.core.keyword.internal.KeywordExecutor.executeKeywordForPlatform(KeywordExecutor.groovy:74)
	at com.kms.katalon.core.keyword.BuiltinKeywords.callTestCase(BuiltinKeywords.groovy:310)
	at jdk.internal.reflect.GeneratedMethodAccessor41.invoke(Unknown Source)
	at java.base/jdk.internal.reflect.DelegatingMethodAccessorImpl.invoke(DelegatingMethodAccessorImpl.java:43)
	at AddLTOutboundSubscription.run(AddLTOutboundSubscription:20)
	at com.kms.katalon.core.main.ScriptEngine.run(ScriptEngine.java:194)
	at com.kms.katalon.core.main.ScriptEngine.runScriptAsRawText(ScriptEngine.java:119)
	at com.kms.katalon.core.main.TestCaseExecutor.runScript(TestCaseExecutor.java:448)
	at com.kms.katalon.core.main.TestCaseExecutor.doExecute(TestCaseExecutor.java:439)
	at com.kms.katalon.core.main.TestCaseExecutor.processExecutionPhase(TestCaseExecutor.java:418)
	at com.kms.katalon.core.main.TestCaseExecutor.accessMainPhase(TestCaseExecutor.java:410)
	at com.kms.katalon.core.main.TestCaseExecutor.execute(TestCaseExecutor.java:285)
	at com.kms.katalon.core.common.CommonExecutor.accessTestCaseMainPhase(CommonExecutor.java:65)
	at com.kms.katalon.core.main.TestSuiteExecutor.accessTestSuiteMainPhase(TestSuiteExecutor.java:150)
	at com.kms.katalon.core.main.TestSuiteExecutor.execute(TestSuiteExecutor.java:106)
	at com.kms.katalon.core.main.TestCaseMain.startTestSuite(TestCaseMain.java:180)
	at com.kms.katalon.core.main.TestCaseMain$startTestSuite$0.call(Unknown Source)
	at TempTestSuite1761084128061.run(TempTestSuite1761084128061.groovy:35)
	at java.base/jdk.internal.reflect.NativeMethodAccessorImpl.invoke0(Native Method)
	at java.base/jdk.internal.reflect.NativeMethodAccessorImpl.invoke(NativeMethodAccessorImpl.java:77)
	at java.base/jdk.internal.reflect.DelegatingMethodAccessorImpl.invoke(DelegatingMethodAccessorImpl.java:43)
Caused by: com.kms.katalon.core.exception.StepFailedException: Unable to navigate to 'https://dx-portal.qa.thekag.com/'
	at com.kms.katalon.core.webui.keyword.internal.WebUIKeywordMain.stepFailed(WebUIKeywordMain.groovy:117)
	at com.kms.katalon.core.webui.keyword.internal.WebUIKeywordMain.runKeyword(WebUIKeywordMain.groovy:43)
	at com.kms.katalon.core.webui.keyword.builtin.NavigateToUrlKeyword.navigateToUrl(NavigateToUrlKeyword.groovy:83)
	at com.kms.katalon.core.webui.keyword.builtin.NavigateToUrlKeyword.execute(NavigateToUrlKeyword.groovy:67)
	at com.kms.katalon.core.keyword.internal.KeywordExecutor.executeKeywordForPlatform(KeywordExecutor.groovy:74)
	at com.kms.katalon.core.webui.keyword.WebUiBuiltInKeywords.navigateToUrl(WebUiBuiltInKeywords.groovy:187)
	at com.kms.katalon.core.webui.keyword.WebUiBuiltInKeywords$navigateToUrl$1.call(Unknown Source)
	at DES Login.run(DES Login:26)
	at com.kms.katalon.core.main.ScriptEngine.run(ScriptEngine.java:194)
	at com.kms.katalon.core.main.ScriptEngine.runScriptAsRawText(ScriptEngine.java:119)
	at com.kms.katalon.core.main.TestCaseExecutor.runScript(TestCaseExecutor.java:448)
	at com.kms.katalon.core.main.TestCaseExecutor.doExecute(TestCaseExecutor.java:439)
	at com.kms.katalon.core.main.TestCaseExecutor.processExecutionPhase(TestCaseExecutor.java:418)
	at com.kms.katalon.core.main.TestCaseExecutor.accessMainPhase(TestCaseExecutor.java:410)
	at com.kms.katalon.core.main.TestCaseExecutor.execute(TestCaseExecutor.java:285)
	at com.kms.katalon.core.main.TestCaseMain.runTestCase(TestCaseMain.java:137)
	at com.kms.katalon.core.keyword.builtin.CallTestCaseKeyword$_callTestCase_closure1.doCall(CallTestCaseKeyword.groovy:59)
	... 25 more
Caused by: org.openqa.selenium.WebDriverException: java.net.ConnectException: Failed to connect to localhost/[0:0:0:0:0:0:0:1]:62183
Build info: version: '3.141.59', revision: 'unknown', time: 'unknown'
System info: host: 'DC1ADOBLD01', ip: '10.2.20.71', os.name: 'Windows Server 2019', os.arch: 'amd64', os.version: '10.0', java.version: '17.0.7'
Driver info: driver.version: RemoteWebDriver
	at org.openqa.selenium.remote.service.DriverCommandExecutor.execute(DriverCommandExecutor.java:92)
	at org.openqa.selenium.remote.RemoteWebDriver.execute(RemoteWebDriver.java:552)
	at com.kms.katalon.selenium.driver.CChromeDriver.execute(CChromeDriver.java:19)
	at org.openqa.selenium.remote.RemoteWebDriver.get(RemoteWebDriver.java:277)
	at org.openqa.selenium.remote.RemoteWebDriver$RemoteNavigation.to(RemoteWebDriver.java:857)
	at org.openqa.selenium.support.events.EventFiringWebDriver$EventFiringNavigation.to(EventFiringWebDriver.java:569)
	at com.kms.katalon.core.webui.keyword.builtin.NavigateToUrlKeyword$_navigateToUrl_closure1.doCall(NavigateToUrlKeyword.groovy:81)
	at com.kms.katalon.core.webui.keyword.builtin.NavigateToUrlKeyword$_navigateToUrl_closure1.call(NavigateToUrlKeyword.groovy)
	at com.kms.katalon.core.webui.keyword.internal.WebUIKeywordMain.runKeyword(WebUIKeywordMain.groovy:35)
	at com.kms.katalon.core.webui.keyword.builtin.NavigateToUrlKeyword.navigateToUrl(NavigateToUrlKeyword.groovy:83)
	at com.kms.katalon.core.webui.keyword.builtin.NavigateToUrlKeyword.execute(NavigateToUrlKeyword.groovy:67)
	at com.kms.katalon.core.keyword.internal.KeywordExecutor.executeKeywordForPlatform(KeywordExecutor.groovy:74)
	at com.kms.katalon.core.webui.keyword.WebUiBuiltInKeywords.navigateToUrl(WebUiBuiltInKeywords.groovy:187)
	at com.kms.katalon.core.webui.keyword.WebUiBuiltInKeywords$navigateToUrl$1.call(Unknown Source)
	at Script1749499513693.run(Script1749499513693.groovy:26)
	at com.kms.katalon.core.main.ScriptEngine.run(ScriptEngine.java:194)
	at com.kms.katalon.core.main.ScriptEngine.runScriptAsRawText(ScriptEngine.java:119)
	at com.kms.katalon.core.main.TestCaseExecutor.runScript(TestCaseExecutor.java:448)
	at com.kms.katalon.core.main.TestCaseExecutor.doExecute(TestCaseExecutor.java:439)
	at com.kms.katalon.core.main.TestCaseExecutor.processExecutionPhase(TestCaseExecutor.java:418)
	at com.kms.katalon.core.main.TestCaseExecutor.accessMainPhase(TestCaseExecutor.java:410)
	at com.kms.katalon.core.main.TestCaseExecutor.execute(TestCaseExecutor.java:285)
	at com.kms.katalon.core.main.TestCaseMain.runTestCase(TestCaseMain.java:137)
	at com.kms.katalon.core.keyword.builtin.CallTestCaseKeyword$_callTestCase_closure1.doCall(CallTestCaseKeyword.groovy:59)
	at com.kms.katalon.core.keyword.builtin.CallTestCaseKeyword$_callTestCase_closure1.call(CallTestCaseKeyword.groovy)
	at com.kms.katalon.core.keyword.internal.KeywordMain.runKeyword(KeywordMain.groovy:75)
	at com.kms.katalon.core.keyword.builtin.CallTestCaseKeyword.callTestCase(CallTestCaseKeyword.groovy:81)
	at com.kms.katalon.core.keyword.builtin.CallTestCaseKeyword.execute(CallTestCaseKeyword.groovy:44)
	at com.kms.katalon.core.keyword.internal.KeywordExecutor.executeKeywordForPlatform(KeywordExecutor.groovy:74)
	at com.kms.katalon.core.keyword.BuiltinKeywords.callTestCase(BuiltinKeywords.groovy:310)
	at jdk.internal.reflect.GeneratedMethodAccessor41.invoke(Unknown Source)
	at java.base/jdk.internal.reflect.DelegatingMethodAccessorImpl.invoke(DelegatingMethodAccessorImpl.java:43)
	at Script1739980921718.run(Script1739980921718.groovy:20)
	... 16 more
Caused by: java.net.ConnectException: Failed to connect to localhost/[0:0:0:0:0:0:0:1]:62183
	at okhttp3.internal.connection.RealConnection.connectSocket(RealConnection.java:247)
	at okhttp3.internal.connection.RealConnection.connect(RealConnection.java:165)
	at okhttp3.internal.connection.StreamAllocation.findConnection(StreamAllocation.java:257)
	at okhttp3.internal.connection.StreamAllocation.findHealthyConnection(StreamAllocation.java:135)
	at okhttp3.internal.connection.StreamAllocation.newStream(StreamAllocation.java:114)
	at okhttp3.internal.connection.ConnectInterceptor.intercept(ConnectInterceptor.java:42)
	at okhttp3.internal.http.RealInterceptorChain.proceed(RealInterceptorChain.java:147)
	at okhttp3.internal.http.RealInterceptorChain.proceed(RealInterceptorChain.java:121)
	at okhttp3.internal.cache.CacheInterceptor.intercept(CacheInterceptor.java:93)
	at okhttp3.internal.http.RealInterceptorChain.proceed(RealInterceptorChain.java:147)
	at okhttp3.internal.http.RealInterceptorChain.proceed(RealInterceptorChain.java:121)
	at okhttp3.internal.http.BridgeInterceptor.intercept(BridgeInterceptor.java:93)
	at okhttp3.internal.http.RealInterceptorChain.proceed(RealInterceptorChain.java:147)
	at okhttp3.internal.http.RetryAndFollowUpInterceptor.intercept(RetryAndFollowUpInterceptor.java:126)
	at okhttp3.internal.http.RealInterceptorChain.proceed(RealInterceptorChain.java:147)
	at okhttp3.internal.http.RealInterceptorChain.proceed(RealInterceptorChain.java:121)
	at okhttp3.RealCall.getResponseWithInterceptorChain(RealCall.java:200)
	at okhttp3.RealCall.execute(RealCall.java:77)
	at org.openqa.selenium.remote.internal.OkHttpClient.execute(OkHttpClient.java:103)
	at org.openqa.selenium.remote.HttpCommandExecutor.execute(HttpCommandExecutor.java:155)
	at org.openqa.selenium.remote.service.DriverCommandExecutor.execute(DriverCommandExecutor.java:83)
	... 48 more
Caused by: java.net.ConnectException: Connection refused: no further information
	at okhttp3.internal.platform.Platform.connectSocket(Platform.java:129)
	at okhttp3.internal.connection.RealConnection.connectSocket(RealConnection.java:245)
	at okhttp3.internal.connection.RealConnection.connect(RealConnection.java:165)
	at okhttp3.internal.connection.StreamAllocation.findConnection(StreamAllocation.java:257)
	at okhttp3.internal.connection.StreamAllocation.findHealthyConnection(StreamAllocation.java:135)
	at okhttp3.internal.connection.StreamAllocation.newStream(StreamAllocation.java:114)
	at okhttp3.internal.connection.ConnectInterceptor.intercept(ConnectInterceptor.java:42)
	at okhttp3.internal.http.RealInterceptorChain.proceed(RealInterceptorChain.java:147)
	at okhttp3.internal.http.RealInterceptorChain.proceed(RealInterceptorChain.java:121)
	at okhttp3.internal.cache.CacheInterceptor.intercept(CacheInterceptor.java:93)
	at okhttp3.internal.http.RealInterceptorChain.proceed(RealInterceptorChain.java:147)
	at okhttp3.internal.http.RealInterceptorChain.proceed(RealInterceptorChain.java:121)
	at okhttp3.internal.http.BridgeInterceptor.intercept(BridgeInterceptor.java:93)
	at okhttp3.internal.http.RealInterceptorChain.proceed(RealInterceptorChain.java:147)
	at okhttp3.internal.http.RetryAndFollowUpInterceptor.intercept(RetryAndFollowUpInterceptor.java:126)
	at okhttp3.internal.http.RealInterceptorChain.proceed(RealInterceptorChain.java:147)
	at okhttp3.internal.http.RealInterceptorChain.proceed(RealInterceptorChain.java:121)
	at okhttp3.RealCall.getResponseWithInterceptorChain(RealCall.java:200)
	at okhttp3.RealCall.execute(RealCall.java:77)
	at org.openqa.selenium.remote.internal.OkHttpClient.execute(OkHttpClient.java:103)
	at org.openqa.selenium.remote.HttpCommandExecutor.execute(HttpCommandExecutor.java:155)
	at org.openqa.selenium.remote.service.DriverCommandExecutor.execute(DriverCommandExecutor.java:83)
	at org.openqa.selenium.remote.RemoteWebDriver.execute(RemoteWebDriver.java:552)
	at com.kms.katalon.selenium.driver.CChromeDriver.execute(CChromeDriver.java:19)
	at org.openqa.selenium.remote.RemoteWebDriver.get(RemoteWebDriver.java:277)
	at org.openqa.selenium.remote.RemoteWebDriver$RemoteNavigation.to(RemoteWebDriver.java:857)
	at org.openqa.selenium.support.events.EventFiringWebDriver$EventFiringNavigation.to(EventFiringWebDriver.java:569)
	at com.kms.katalon.core.webui.keyword.builtin.NavigateToUrlKeyword$_navigateToUrl_closure1.doCall(NavigateToUrlKeyword.groovy:81)
	at com.kms.katalon.core.webui.keyword.builtin.NavigateToUrlKeyword$_navigateToUrl_closure1.call(NavigateToUrlKeyword.groovy)
	at com.kms.katalon.core.webui.keyword.internal.WebUIKeywordMain.runKeyword(WebUIKeywordMain.groovy:35)
	at com.kms.katalon.core.webui.keyword.builtin.NavigateToUrlKeyword.navigateToUrl(NavigateToUrlKeyword.groovy:83)
	at com.kms.katalon.core.webui.keyword.builtin.NavigateToUrlKeyword.execute(NavigateToUrlKeyword.groovy:67)
	at com.kms.katalon.core.keyword.internal.KeywordExecutor.executeKeywordForPlatform(KeywordExecutor.groovy:74)
	at com.kms.katalon.core.webui.keyword.WebUiBuiltInKeywords.navigateToUrl(WebUiBuiltInKeywords.groovy:187)
	at com.kms.katalon.core.webui.keyword.WebUiBuiltInKeywords$navigateToUrl$1.call(Unknown Source)
	at DES Login.run(DES Login:26)
	at com.kms.katalon.core.main.ScriptEngine.run(ScriptEngine.java:194)
	at com.kms.katalon.core.main.ScriptEngine.runScriptAsRawText(ScriptEngine.java:119)
	at com.kms.katalon.core.main.TestCaseExecutor.runScript(TestCaseExecutor.java:448)
	at com.kms.katalon.core.main.TestCaseExecutor.doExecute(TestCaseExecutor.java:439)
	at com.kms.katalon.core.main.TestCaseExecutor.processExecutionPhase(TestCaseExecutor.java:418)
	at com.kms.katalon.core.main.TestCaseExecutor.accessMainPhase(TestCaseExecutor.java:410)
	at com.kms.katalon.core.main.TestCaseExecutor.execute(TestCaseExecutor.java:285)
	at com.kms.katalon.core.main.TestCaseMain.runTestCase(TestCaseMain.java:137)
	at com.kms.katalon.core.keyword.builtin.CallTestCaseKeyword$_callTestCase_closure1.doCall(CallTestCaseKeyword.groovy:59)
	at com.kms.katalon.core.keyword.builtin.CallTestCaseKeyword$_callTestCase_closure1.call(CallTestCaseKeyword.groovy)
	at com.kms.katalon.core.keyword.internal.KeywordMain.runKeyword(KeywordMain.groovy:75)
	at com.kms.katalon.core.keyword.builtin.CallTestCaseKeyword.callTestCase(CallTestCaseKeyword.groovy:81)
	at com.kms.katalon.core.keyword.builtin.CallTestCaseKeyword.execute(CallTestCaseKeyword.groovy:44)
	at com.kms.katalon.core.keyword.internal.KeywordExecutor.executeKeywordForPlatform(KeywordExecutor.groovy:74)
	at com.kms.katalon.core.keyword.BuiltinKeywords.callTestCase(BuiltinKeywords.groovy:310)
	at jdk.internal.reflect.GeneratedMethodAccessor41.invoke(Unknown Source)
	at java.base/jdk.internal.reflect.DelegatingMethodAccessorImpl.invoke(DelegatingMethodAccessorImpl.java:43)
	at AddLTOutboundSubscription.run(AddLTOutboundSubscription:20)
	... 16 more]]></system-err>
      </testcase>
      <testcase name="Test Cases/DES/Trading Partners Page/Subscription/RemoveBilltoFromSubscription" time="43.1" classname="Test Cases/DES/Trading Partners Page/Subscription/RemoveBilltoFromSubscription" status="PASSED">
         <system-out><![CDATA[21-10-2025T19:18:11 - [TEST_CASE][PASSED] - Test Cases/DES/Trading Partners Page/Subscription/RemoveBilltoFromSubscription: Test Cases/DES/Trading Partners Page/Subscription/RemoveBilltoFromSubscription

21-10-2025T19:18:11 - [TEST_STEP][PASSED] - Start listener action : beforeTestCase: null

21-10-2025T19:18:11 - [TEST_STEP][PASSED] - addDefaultPackages(): null

21-10-2025T19:18:11 - [TEST_STEP][PASSED] - callTestCase(findTestCase("DES/DES Login"), [:], STOP_ON_FAILURE): Call Test Case 'Test Cases/DES/DES Login' successfully

21-10-2025T19:18:11 - [TEST_CASE][PASSED] - Test Cases/DES/DES Login: Test Cases/DES/DES Login

21-10-2025T19:18:11 - [TEST_STEP][PASSED] - openBrowser(""): Browser is opened with url: ''

21-10-2025T19:18:11 - [MESSAGE][INFO] - Starting 'Chrome' driver

21-10-2025T19:18:11 - [MESSAGE][INFO] - User set preference: ['args', '[--no-sandbox, --disable-gpu, --disable-dev-shm-usage]']

21-10-2025T19:18:11 - [MESSAGE][INFO] - Action delay is set to 0 milliseconds

21-10-2025T19:18:12 - [MESSAGE][PASSED] - Browser is opened with url: ''

21-10-2025T19:18:12 - [TEST_STEP][PASSED] - maximizeWindow(): Current window maximized

21-10-2025T19:18:12 - [MESSAGE][PASSED] - Current window maximized

21-10-2025T19:18:12 - [TEST_STEP][PASSED] - delay(10): Delayed 10 second(s)

21-10-2025T19:18:22 - [MESSAGE][PASSED] - Delayed 10 second(s)

21-10-2025T19:18:22 - [TEST_STEP][PASSED] - navigateToUrl("https://dx-portal.qa.thekag.com/"): Navigate to 'https://dx-portal.qa.thekag.com/' successfully

21-10-2025T19:18:23 - [MESSAGE][PASSED] - Navigate to 'https://dx-portal.qa.thekag.com/' successfully

21-10-2025T19:18:23 - [TEST_STEP][PASSED] - delay(5): Delayed 5 second(s)

21-10-2025T19:18:28 - [MESSAGE][PASSED] - Delayed 5 second(s)

21-10-2025T19:18:28 - [TEST_STEP][PASSED] - setText(findTestObject("Object Repository/Page_IdentityServer4/input_Username (e.g. email address)_Username"), "Chris.Sheldon+DES_QA@Thekag.com"): Text 'Chris.Sheldon+DES_QA@Thekag.com' is set on object 'Object Repository/Page_IdentityServer4/input_Username (e.g. email address)_Username'

21-10-2025T19:18:28 - [MESSAGE][PASSED] - Text 'Chris.Sheldon+DES_QA@Thekag.com' is set on object 'Object Repository/Page_IdentityServer4/input_Username (e.g. email address)_Username'

21-10-2025T19:18:28 - [TEST_STEP][PASSED] - setEncryptedText(findTestObject("Page_IdentityServer4/input_Password_Password"), "BtpyPJuZxPz9EFo3Zi2c4Q=="): Text ****** has been set on object 'Object Repository/Page_IdentityServer4/input_Password_Password'

21-10-2025T19:18:28 - [MESSAGE][PASSED] - Text ****** has been set on object 'Object Repository/Page_IdentityServer4/input_Password_Password'

21-10-2025T19:18:28 - [TEST_STEP][PASSED] - click(findTestObject("Object Repository/Page_IdentityServer4/button_Login")): Object: 'Object Repository/Page_IdentityServer4/button_Login' is clicked on

21-10-2025T19:18:28 - [MESSAGE][PASSED] - Object: 'Object Repository/Page_IdentityServer4/button_Login' is clicked on

21-10-2025T19:18:28 - [TEST_STEP][PASSED] - delay(5): Delayed 5 second(s)

21-10-2025T19:18:33 - [MESSAGE][PASSED] - Delayed 5 second(s)

21-10-2025T19:18:33 - [MESSAGE][PASSED] - Call Test Case 'Test Cases/DES/DES Login' successfully

21-10-2025T19:18:33 - [TEST_STEP][PASSED] - verifyElementClickable(findTestObject("Object Repository/Trading Partners Page/Search Trading Partner_input_txt")): Object 'Object Repository/Trading Partners Page/Search Trading Partner_input_txt' is clickable

21-10-2025T19:18:33 - [MESSAGE][PASSED] - Object 'Object Repository/Trading Partners Page/Search Trading Partner_input_txt' is clickable

21-10-2025T19:18:33 - [TEST_STEP][PASSED] - setText(findTestObject("Object Repository/Trading Partners Page/Search Trading Partner_input_txt"), "Katalon INV"): Text 'Katalon INV' is set on object 'Object Repository/Trading Partners Page/Search Trading Partner_input_txt'

21-10-2025T19:18:34 - [MESSAGE][PASSED] - Text 'Katalon INV' is set on object 'Object Repository/Trading Partners Page/Search Trading Partner_input_txt'

21-10-2025T19:18:34 - [TEST_STEP][PASSED] - delay(5): Delayed 5 second(s)

21-10-2025T19:18:39 - [MESSAGE][PASSED] - Delayed 5 second(s)

21-10-2025T19:18:39 - [TEST_STEP][PASSED] - click(findTestObject("Object Repository/Trading Partners Page/Katalon Trading TP View_btn")): Object: 'Object Repository/Trading Partners Page/Katalon Trading TP View_btn' is clicked on

21-10-2025T19:18:39 - [MESSAGE][PASSED] - Object: 'Object Repository/Trading Partners Page/Katalon Trading TP View_btn' is clicked on

21-10-2025T19:18:39 - [TEST_STEP][PASSED] - delay(3): Delayed 3 second(s)

21-10-2025T19:18:42 - [MESSAGE][PASSED] - Delayed 3 second(s)

21-10-2025T19:18:42 - [TEST_STEP][PASSED] - click(findTestObject("Object Repository/Page_data-exchange/a_Subscription")): Object: 'Object Repository/Page_data-exchange/a_Subscription' is clicked on

21-10-2025T19:18:42 - [MESSAGE][PASSED] - Object: 'Object Repository/Page_data-exchange/a_Subscription' is clicked on

21-10-2025T19:18:42 - [TEST_STEP][PASSED] - click(findTestObject("Object Repository/Page_data-exchange/button_Select")): Object: 'Object Repository/Page_data-exchange/button_Select' is clicked on

21-10-2025T19:18:43 - [MESSAGE][PASSED] - Object: 'Object Repository/Page_data-exchange/button_Select' is clicked on

21-10-2025T19:18:43 - [TEST_STEP][PASSED] - click(findTestObject("Object Repository/Page_data-exchange/a_View")): Object: 'Object Repository/Page_data-exchange/a_View' is clicked on

21-10-2025T19:18:43 - [MESSAGE][PASSED] - Object: 'Object Repository/Page_data-exchange/a_View' is clicked on

21-10-2025T19:18:43 - [TEST_STEP][PASSED] - delay(5): Delayed 5 second(s)

21-10-2025T19:18:48 - [MESSAGE][PASSED] - Delayed 5 second(s)

21-10-2025T19:18:48 - [TEST_STEP][PASSED] - scrollToPosition(0, 0, STOP_ON_FAILURE): Browser is scrolled to position x = 0, y = 0

21-10-2025T19:18:48 - [MESSAGE][PASSED] - Browser is scrolled to position x = 0, y = 0

21-10-2025T19:18:48 - [TEST_STEP][PASSED] - click(findTestObject("Object Repository/Page_data-exchange/button_Remove")): Object: 'Object Repository/Page_data-exchange/button_Remove' is clicked on

21-10-2025T19:18:48 - [MESSAGE][PASSED] - Object: 'Object Repository/Page_data-exchange/button_Remove' is clicked on

21-10-2025T19:18:48 - [TEST_STEP][PASSED] - delay(2): Delayed 2 second(s)

21-10-2025T19:18:50 - [MESSAGE][PASSED] - Delayed 2 second(s)

21-10-2025T19:18:50 - [TEST_STEP][PASSED] - click(findTestObject("Object Repository/Page_data-exchange/button_Yes")): Object: 'Object Repository/Page_data-exchange/button_Yes' is clicked on

21-10-2025T19:18:50 - [MESSAGE][PASSED] - Object: 'Object Repository/Page_data-exchange/button_Yes' is clicked on

21-10-2025T19:18:50 - [TEST_STEP][PASSED] - delay(2): Delayed 2 second(s)

21-10-2025T19:18:52 - [MESSAGE][PASSED] - Delayed 2 second(s)

21-10-2025T19:18:52 - [TEST_STEP][PASSED] - verifyTextPresent("No Bill Tos", false): Text 'No Bill Tos' is present on page 

21-10-2025T19:18:52 - [MESSAGE][PASSED] - Text 'No Bill Tos' is present on page 

21-10-2025T19:18:52 - [TEST_STEP][PASSED] - delay(2): Delayed 2 second(s)

21-10-2025T19:18:54 - [MESSAGE][PASSED] - Delayed 2 second(s)

21-10-2025T19:18:54 - [TEST_STEP][PASSED] - closeBrowser(): Browser is closed

21-10-2025T19:18:54 - [MESSAGE][PASSED] - Browser is closed

21-10-2025T19:18:54 - [TEST_STEP][PASSED] - Start listener action : retryOnDisconnect: null

21-10-2025T19:18:54 - [TEST_STEP][PASSED] - tcId = testCaseContext.getTestCaseId(): null

21-10-2025T19:18:54 - [TEST_STEP][PASSED] - currentRetry = retryCounts.getOrDefault(tcId, 0): null

21-10-2025T19:18:54 - [TEST_STEP][PASSED] - if (testCaseContext.getTestCaseStatus() == "FAILED" && currentRetry < MAX_RETRIES): null]]></system-out>
         <system-err><![CDATA[]]></system-err>
      </testcase>
      <testcase name="Test Cases/DES/Trading Partners Page/Subscription/Transmission/Verify Accelerate Mapping Option Displays For Outbound Activity Notifications Transmission" time="69.083" classname="Test Cases/DES/Trading Partners Page/Subscription/Transmission/Verify Accelerate Mapping Option Displays For Outbound Activity Notifications Transmission" status="PASSED">
         <system-out><![CDATA[21-10-2025T19:18:54 - [TEST_CASE][PASSED] - Test Cases/DES/Trading Partners Page/Subscription/Transmission/Verify Accelerate Mapping Option Displays For Outbound Activity Notifications Transmission: Test Cases/DES/Trading Partners Page/Subscription/Transmission/Verify Accelerate Mapping Option Displays For Outbound Activity Notifications Transmission

21-10-2025T19:18:54 - [TEST_STEP][PASSED] - Start listener action : beforeTestCase: null

21-10-2025T19:18:54 - [TEST_STEP][PASSED] - addDefaultPackages(): null

21-10-2025T19:18:54 - [TEST_STEP][PASSED] - callTestCase(findTestCase("DES/DES Login"), [:], STOP_ON_FAILURE): Call Test Case 'Test Cases/DES/DES Login' successfully

21-10-2025T19:18:54 - [TEST_CASE][PASSED] - Test Cases/DES/DES Login: Test Cases/DES/DES Login

21-10-2025T19:18:54 - [TEST_STEP][PASSED] - openBrowser(""): Browser is opened with url: ''

21-10-2025T19:18:54 - [MESSAGE][INFO] - Starting 'Chrome' driver

21-10-2025T19:18:54 - [MESSAGE][INFO] - User set preference: ['args', '[--no-sandbox, --disable-gpu, --disable-dev-shm-usage]']

21-10-2025T19:18:54 - [MESSAGE][INFO] - Action delay is set to 0 milliseconds

21-10-2025T19:18:55 - [MESSAGE][PASSED] - Browser is opened with url: ''

21-10-2025T19:18:55 - [TEST_STEP][PASSED] - maximizeWindow(): Current window maximized

21-10-2025T19:18:55 - [MESSAGE][PASSED] - Current window maximized

21-10-2025T19:18:55 - [TEST_STEP][PASSED] - delay(10): Delayed 10 second(s)

21-10-2025T19:19:05 - [MESSAGE][PASSED] - Delayed 10 second(s)

21-10-2025T19:19:05 - [TEST_STEP][PASSED] - navigateToUrl("https://dx-portal.qa.thekag.com/"): Navigate to 'https://dx-portal.qa.thekag.com/' successfully

21-10-2025T19:19:06 - [MESSAGE][PASSED] - Navigate to 'https://dx-portal.qa.thekag.com/' successfully

21-10-2025T19:19:06 - [TEST_STEP][PASSED] - delay(5): Delayed 5 second(s)

21-10-2025T19:19:11 - [MESSAGE][PASSED] - Delayed 5 second(s)

21-10-2025T19:19:11 - [TEST_STEP][PASSED] - setText(findTestObject("Object Repository/Page_IdentityServer4/input_Username (e.g. email address)_Username"), "Chris.Sheldon+DES_QA@Thekag.com"): Text 'Chris.Sheldon+DES_QA@Thekag.com' is set on object 'Object Repository/Page_IdentityServer4/input_Username (e.g. email address)_Username'

21-10-2025T19:19:11 - [MESSAGE][PASSED] - Text 'Chris.Sheldon+DES_QA@Thekag.com' is set on object 'Object Repository/Page_IdentityServer4/input_Username (e.g. email address)_Username'

21-10-2025T19:19:11 - [TEST_STEP][PASSED] - setEncryptedText(findTestObject("Page_IdentityServer4/input_Password_Password"), "BtpyPJuZxPz9EFo3Zi2c4Q=="): Text ****** has been set on object 'Object Repository/Page_IdentityServer4/input_Password_Password'

21-10-2025T19:19:11 - [MESSAGE][PASSED] - Text ****** has been set on object 'Object Repository/Page_IdentityServer4/input_Password_Password'

21-10-2025T19:19:11 - [TEST_STEP][PASSED] - click(findTestObject("Object Repository/Page_IdentityServer4/button_Login")): Object: 'Object Repository/Page_IdentityServer4/button_Login' is clicked on

21-10-2025T19:19:11 - [MESSAGE][PASSED] - Object: 'Object Repository/Page_IdentityServer4/button_Login' is clicked on

21-10-2025T19:19:11 - [TEST_STEP][PASSED] - delay(5): Delayed 5 second(s)

21-10-2025T19:19:16 - [MESSAGE][PASSED] - Delayed 5 second(s)

21-10-2025T19:19:16 - [MESSAGE][PASSED] - Call Test Case 'Test Cases/DES/DES Login' successfully

21-10-2025T19:19:16 - [TEST_STEP][PASSED] - setText(findTestObject("Object Repository/DES/Trading Partners Page/Search Trading Partner_input_txt"), "Katalon Trading"): Text 'Katalon Trading' is set on object 'Object Repository/DES/Trading Partners Page/Search Trading Partner_input_txt'

21-10-2025T19:19:17 - [MESSAGE][PASSED] - Text 'Katalon Trading' is set on object 'Object Repository/DES/Trading Partners Page/Search Trading Partner_input_txt'

21-10-2025T19:19:17 - [TEST_STEP][PASSED] - delay(5): Delayed 5 second(s)

21-10-2025T19:19:22 - [MESSAGE][PASSED] - Delayed 5 second(s)

21-10-2025T19:19:22 - [TEST_STEP][PASSED] - click(findTestObject("Object Repository/DES/Page_data-exchange/button_View")): Object: 'Object Repository/DES/Page_data-exchange/button_View' is clicked on

21-10-2025T19:19:22 - [MESSAGE][PASSED] - Object: 'Object Repository/DES/Page_data-exchange/button_View' is clicked on

21-10-2025T19:19:22 - [TEST_STEP][PASSED] - delay(5): Delayed 5 second(s)

21-10-2025T19:19:27 - [MESSAGE][PASSED] - Delayed 5 second(s)

21-10-2025T19:19:27 - [TEST_STEP][PASSED] - click(findTestObject("DES/TradingPartners/Subscription/Subscription Tab")): Object: 'Object Repository/DES/TradingPartners/Subscription/Subscription Tab' is clicked on

21-10-2025T19:19:27 - [MESSAGE][PASSED] - Object: 'Object Repository/DES/TradingPartners/Subscription/Subscription Tab' is clicked on

21-10-2025T19:19:27 - [TEST_STEP][PASSED] - delay(3): Delayed 3 second(s)

21-10-2025T19:19:30 - [MESSAGE][PASSED] - Delayed 3 second(s)

21-10-2025T19:19:30 - [TEST_STEP][PASSED] - click(findTestObject("Object Repository/Page_data-exchange/button_Add Subscription")): Object: 'Object Repository/Page_data-exchange/button_Add Subscription' is clicked on

21-10-2025T19:19:30 - [MESSAGE][PASSED] - Object: 'Object Repository/Page_data-exchange/button_Add Subscription' is clicked on

21-10-2025T19:19:30 - [TEST_STEP][PASSED] - delay(5): Delayed 5 second(s)

21-10-2025T19:19:35 - [MESSAGE][PASSED] - Delayed 5 second(s)

21-10-2025T19:19:35 - [TEST_STEP][PASSED] - selectOptionByIndex(findTestObject("Object Repository/DES/Page_data-exchange/select_Select a Transaction TypeFinancial D_642f55"), "1", STOP_ON_FAILURE): All options with index in [1] are selected on object 'Object Repository/DES/Page_data-exchange/select_Select a Transaction TypeFinancial D_642f55'

21-10-2025T19:19:35 - [MESSAGE][PASSED] - All options with index in [1] are selected on object 'Object Repository/DES/Page_data-exchange/select_Select a Transaction TypeFinancial D_642f55'

21-10-2025T19:19:35 - [TEST_STEP][PASSED] - delay(1): Delayed 1 second(s)

21-10-2025T19:19:36 - [MESSAGE][PASSED] - Delayed 1 second(s)

21-10-2025T19:19:36 - [TEST_STEP][PASSED] - selectOptionByIndex(findTestObject("Object Repository/DES/Page_data-exchange/select_Select.Inbound"), "2", STOP_ON_FAILURE): All options with index in [2] are selected on object 'Object Repository/DES/Page_data-exchange/select_Select.Inbound'

21-10-2025T19:19:36 - [MESSAGE][PASSED] - All options with index in [2] are selected on object 'Object Repository/DES/Page_data-exchange/select_Select.Inbound'

21-10-2025T19:19:36 - [TEST_STEP][PASSED] - delay(1): Delayed 1 second(s)

21-10-2025T19:19:37 - [MESSAGE][PASSED] - Delayed 1 second(s)

21-10-2025T19:19:37 - [TEST_STEP][PASSED] - selectOptionByValue(findTestObject("Object Repository/DES/Page_data-exchange/select_Select.Real TimeScheduled"), "true", true): All options with value 'true' are selected in object 'Object Repository/DES/Page_data-exchange/select_Select.Real TimeScheduled'  using regular expression

21-10-2025T19:19:38 - [MESSAGE][PASSED] - All options with value 'true' are selected in object 'Object Repository/DES/Page_data-exchange/select_Select.Real TimeScheduled'  using regular expression

21-10-2025T19:19:38 - [TEST_STEP][PASSED] - delay(1): Delayed 1 second(s)

21-10-2025T19:19:39 - [MESSAGE][PASSED] - Delayed 1 second(s)

21-10-2025T19:19:39 - [TEST_STEP][PASSED] - click(findTestObject("Object Repository/DES/Page_data-exchange/button_Save")): Object: 'Object Repository/DES/Page_data-exchange/button_Save' is clicked on

21-10-2025T19:19:39 - [MESSAGE][PASSED] - Object: 'Object Repository/DES/Page_data-exchange/button_Save' is clicked on

21-10-2025T19:19:39 - [TEST_STEP][PASSED] - delay(5): Delayed 5 second(s)

21-10-2025T19:19:44 - [MESSAGE][PASSED] - Delayed 5 second(s)

21-10-2025T19:19:44 - [TEST_STEP][PASSED] - verifyElementPresent(findTestObject("Object Repository/DES/Page_data-exchange/h3_Load Tender (LT)"), 30): Object 'Object Repository/DES/Page_data-exchange/h3_Load Tender (LT)' is present

21-10-2025T19:19:44 - [MESSAGE][PASSED] - Object 'Object Repository/DES/Page_data-exchange/h3_Load Tender (LT)' is present

21-10-2025T19:19:44 - [TEST_STEP][PASSED] - click(findTestObject("Object Repository/DES/Page_data-exchange/button_Add Transmission")): Object: 'Object Repository/DES/Page_data-exchange/button_Add Transmission' is clicked on

21-10-2025T19:19:51 - [MESSAGE][PASSED] - Object: 'Object Repository/DES/Page_data-exchange/button_Add Transmission' is clicked on

21-10-2025T19:19:51 - [TEST_STEP][PASSED] - delay(5): Delayed 5 second(s)

21-10-2025T19:19:56 - [MESSAGE][PASSED] - Delayed 5 second(s)

21-10-2025T19:19:56 - [TEST_STEP][PASSED] - selectOptionByIndex(findTestObject("Object Repository/DES/Page_data-exchange/select_Select.EmailFile Transfer ProtocolNe_92efe9"), "1", STOP_ON_FAILURE): All options with index in [1] are selected on object 'Object Repository/DES/Page_data-exchange/select_Select.EmailFile Transfer ProtocolNe_92efe9'

21-10-2025T19:19:56 - [MESSAGE][PASSED] - All options with index in [1] are selected on object 'Object Repository/DES/Page_data-exchange/select_Select.EmailFile Transfer ProtocolNe_92efe9'

21-10-2025T19:19:56 - [TEST_STEP][PASSED] - delay(1): Delayed 1 second(s)

21-10-2025T19:19:57 - [MESSAGE][PASSED] - Delayed 1 second(s)

21-10-2025T19:19:57 - [TEST_STEP][PASSED] - selectOptionByIndex(findTestObject("DES/Trading Partners Page/Subscription/Transmission/Data Format_dropdown"), "1", STOP_ON_FAILURE): All options with index in [1] are selected on object 'Object Repository/DES/Trading Partners Page/Subscription/Transmission/Data Format_dropdown'

21-10-2025T19:19:57 - [MESSAGE][PASSED] - All options with index in [1] are selected on object 'Object Repository/DES/Trading Partners Page/Subscription/Transmission/Data Format_dropdown'

21-10-2025T19:19:57 - [TEST_STEP][PASSED] - delay(1): Delayed 1 second(s)

21-10-2025T19:19:58 - [MESSAGE][PASSED] - Delayed 1 second(s)

21-10-2025T19:19:58 - [TEST_STEP][PASSED] - selectOptionByIndex(findTestObject("Object Repository/DES/Page_data-exchange/select_Select.Adobe PDF (pdf)Text Document _99c46b"), "1", STOP_ON_FAILURE): All options with index in [1] are selected on object 'Object Repository/DES/Page_data-exchange/select_Select.Adobe PDF (pdf)Text Document _99c46b'

21-10-2025T19:19:58 - [MESSAGE][PASSED] - All options with index in [1] are selected on object 'Object Repository/DES/Page_data-exchange/select_Select.Adobe PDF (pdf)Text Document _99c46b'

21-10-2025T19:19:58 - [TEST_STEP][PASSED] - delay(3): Delayed 3 second(s)

21-10-2025T19:20:01 - [MESSAGE][PASSED] - Delayed 3 second(s)

21-10-2025T19:20:01 - [TEST_STEP][PASSED] - verifyElementText(findTestObject("DES/Trading Partners Page/Subscription/Transmission/Format Details/Accelerate_Mapping_lbl"), "Accelerate Mapping"): Actual text and expected text of test object 'Object Repository/DES/Trading Partners Page/Subscription/Transmission/Format Details/Accelerate_Mapping_lbl' are matched.

21-10-2025T19:20:01 - [MESSAGE][PASSED] - Actual text and expected text of test object 'Object Repository/DES/Trading Partners Page/Subscription/Transmission/Format Details/Accelerate_Mapping_lbl' are matched.

21-10-2025T19:20:01 - [TEST_STEP][PASSED] - verifyElementPresent(findTestObject("DES/Trading Partners Page/Subscription/Transmission/Format Details/Accelerate_Mapping_LT_Yes_btn"), 5): Object 'Object Repository/DES/Trading Partners Page/Subscription/Transmission/Format Details/Accelerate_Mapping_LT_Yes_btn' is present

21-10-2025T19:20:01 - [MESSAGE][PASSED] - Object 'Object Repository/DES/Trading Partners Page/Subscription/Transmission/Format Details/Accelerate_Mapping_LT_Yes_btn' is present

21-10-2025T19:20:01 - [TEST_STEP][PASSED] - verifyElementPresent(findTestObject("DES/Trading Partners Page/Subscription/Transmission/Format Details/Accelerate_Mapping_LT_No_btn"), 5): Object 'Object Repository/DES/Trading Partners Page/Subscription/Transmission/Format Details/Accelerate_Mapping_LT_No_btn' is present

21-10-2025T19:20:01 - [MESSAGE][PASSED] - Object 'Object Repository/DES/Trading Partners Page/Subscription/Transmission/Format Details/Accelerate_Mapping_LT_No_btn' is present

21-10-2025T19:20:01 - [TEST_STEP][PASSED] - delay(1): Delayed 1 second(s)

21-10-2025T19:20:02 - [MESSAGE][PASSED] - Delayed 1 second(s)

21-10-2025T19:20:02 - [TEST_STEP][PASSED] - click(findTestObject("DES/Trading Partners Page/Subscription/Transmission/Format Details/Accelerate_Mapping_LT_Yes_btn"), STOP_ON_FAILURE): Object: 'Object Repository/DES/Trading Partners Page/Subscription/Transmission/Format Details/Accelerate_Mapping_LT_Yes_btn' is clicked on

21-10-2025T19:20:02 - [MESSAGE][PASSED] - Object: 'Object Repository/DES/Trading Partners Page/Subscription/Transmission/Format Details/Accelerate_Mapping_LT_Yes_btn' is clicked on

21-10-2025T19:20:02 - [TEST_STEP][PASSED] - delay(1): Delayed 1 second(s)

21-10-2025T19:20:03 - [MESSAGE][PASSED] - Delayed 1 second(s)

21-10-2025T19:20:03 - [TEST_STEP][PASSED] - click(findTestObject("DES/Trading Partners Page/Subscription/Transmission/Transmission_Save_btn"), STOP_ON_FAILURE): Object: 'Object Repository/DES/Trading Partners Page/Subscription/Transmission/Transmission_Save_btn' is clicked on

21-10-2025T19:20:03 - [MESSAGE][PASSED] - Object: 'Object Repository/DES/Trading Partners Page/Subscription/Transmission/Transmission_Save_btn' is clicked on

21-10-2025T19:20:03 - [TEST_STEP][PASSED] - Start listener action : retryOnDisconnect: null

21-10-2025T19:20:03 - [TEST_STEP][PASSED] - tcId = testCaseContext.getTestCaseId(): null

21-10-2025T19:20:03 - [TEST_STEP][PASSED] - currentRetry = retryCounts.getOrDefault(tcId, 0): null

21-10-2025T19:20:03 - [TEST_STEP][PASSED] - if (testCaseContext.getTestCaseStatus() == "FAILED" && currentRetry < MAX_RETRIES): null]]></system-out>
         <system-err><![CDATA[]]></system-err>
      </testcase>
      <testcase name="Test Cases/DES/Trading Partners Page/Subscription/Transmission/Verify Accelerate Mapping Option Displays For Outbound ARO-INV Transmission" time="18.097" classname="Test Cases/DES/Trading Partners Page/Subscription/Transmission/Verify Accelerate Mapping Option Displays For Outbound ARO-INV Transmission" status="FAILED">
         <failure type="FAILED" message="Test Cases/DES/Trading Partners Page/Subscription/Transmission/Verify Accelerate Mapping Option Displays For Outbound ARO-INV Transmission FAILED.&#xa;Reason:&#xa;com.kms.katalon.core.exception.StepFailedException: Call Test Case 'Test Cases/DES/DES Login' failed&#xa;	at com.kms.katalon.core.keyword.builtin.CallTestCaseKeyword$_callTestCase_closure1.doCall(CallTestCaseKeyword.groovy:63)&#xa;	at com.kms.katalon.core.keyword.builtin.CallTestCaseKeyword$_callTestCase_closure1.call(CallTestCaseKeyword.groovy)&#xa;	at com.kms.katalon.core.keyword.internal.KeywordMain.runKeyword(KeywordMain.groovy:75)&#xa;	at com.kms.katalon.core.keyword.builtin.CallTestCaseKeyword.callTestCase(CallTestCaseKeyword.groovy:81)&#xa;	at com.kms.katalon.core.keyword.builtin.CallTestCaseKeyword.execute(CallTestCaseKeyword.groovy:44)&#xa;	at com.kms.katalon.core.keyword.internal.KeywordExecutor.executeKeywordForPlatform(KeywordExecutor.groovy:74)&#xa;	at com.kms.katalon.core.keyword.BuiltinKeywords.callTestCase(BuiltinKeywords.groovy:310)&#xa;	at jdk.internal.reflect.GeneratedMethodAccessor41.invoke(Unknown Source)&#xa;	at java.base/jdk.internal.reflect.DelegatingMethodAccessorImpl.invoke(DelegatingMethodAccessorImpl.java:43)&#xa;	at Verify Accelerate Mapping Option Displays For Outbound ARO-INV Transmission.run(Verify Accelerate Mapping Option Displays For Outbound ARO-INV Transmission:20)&#xa;	at com.kms.katalon.core.main.ScriptEngine.run(ScriptEngine.java:194)&#xa;	at com.kms.katalon.core.main.ScriptEngine.runScriptAsRawText(ScriptEngine.java:119)&#xa;	at com.kms.katalon.core.main.TestCaseExecutor.runScript(TestCaseExecutor.java:448)&#xa;	at com.kms.katalon.core.main.TestCaseExecutor.doExecute(TestCaseExecutor.java:439)&#xa;	at com.kms.katalon.core.main.TestCaseExecutor.processExecutionPhase(TestCaseExecutor.java:418)&#xa;	at com.kms.katalon.core.main.TestCaseExecutor.accessMainPhase(TestCaseExecutor.java:410)&#xa;	at com.kms.katalon.core.main.TestCaseExecutor.execute(TestCaseExecutor.java:285)&#xa;	at com.kms.katalon.core.common.CommonExecutor.accessTestCaseMainPhase(CommonExecutor.java:65)&#xa;	at com.kms.katalon.core.main.TestSuiteExecutor.accessTestSuiteMainPhase(TestSuiteExecutor.java:150)&#xa;	at com.kms.katalon.core.main.TestSuiteExecutor.execute(TestSuiteExecutor.java:106)&#xa;	at com.kms.katalon.core.main.TestCaseMain.startTestSuite(TestCaseMain.java:180)&#xa;	at com.kms.katalon.core.main.TestCaseMain$startTestSuite$0.call(Unknown Source)&#xa;	at TempTestSuite1761084128061.run(TempTestSuite1761084128061.groovy:35)&#xa;	at java.base/jdk.internal.reflect.NativeMethodAccessorImpl.invoke0(Native Method)&#xa;	at java.base/jdk.internal.reflect.NativeMethodAccessorImpl.invoke(NativeMethodAccessorImpl.java:77)&#xa;	at java.base/jdk.internal.reflect.DelegatingMethodAccessorImpl.invoke(DelegatingMethodAccessorImpl.java:43)&#xa;Caused by: com.kms.katalon.core.exception.StepFailedException: Unable to set text 'Chris.Sheldon+DES_QA@Thekag.com' of object 'Object Repository/Page_IdentityServer4/input_Username (e.g. email address)_Username'&#xa;	at com.kms.katalon.core.webui.keyword.internal.WebUIKeywordMain.stepFailed(WebUIKeywordMain.groovy:117)&#xa;	at com.kms.katalon.core.webui.keyword.internal.WebUIKeywordMain.runKeyword(WebUIKeywordMain.groovy:43)&#xa;	at com.kms.katalon.core.webui.keyword.builtin.SetTextKeyword.setText(SetTextKeyword.groovy:85)&#xa;	at com.kms.katalon.core.webui.keyword.builtin.SetTextKeyword.execute(SetTextKeyword.groovy:39)&#xa;	at com.kms.katalon.core.keyword.internal.KeywordExecutor.executeKeywordForPlatform(KeywordExecutor.groovy:74)&#xa;	at com.kms.katalon.core.webui.keyword.WebUiBuiltInKeywords.setText(WebUiBuiltInKeywords.groovy:1019)&#xa;	at com.kms.katalon.core.webui.keyword.WebUiBuiltInKeywords$setText$2.call(Unknown Source)&#xa;	at DES Login.run(DES Login:30)&#xa;	at com.kms.katalon.core.main.ScriptEngine.run(ScriptEngine.java:194)&#xa;	at com.kms.katalon.core.main.ScriptEngine.runScriptAsRawText(ScriptEngine.java:119)&#xa;	at com.kms.katalon.core.main.TestCaseExecutor.runScript(TestCaseExecutor.java:448)&#xa;	at com.kms.katalon.core.main.TestCaseExecutor.doExecute(TestCaseExecutor.java:439)&#xa;	at com.kms.katalon.core.main.TestCaseExecutor.processExecutionPhase(TestCaseExecutor.java:418)&#xa;	at com.kms.katalon.core.main.TestCaseExecutor.accessMainPhase(TestCaseExecutor.java:410)&#xa;	at com.kms.katalon.core.main.TestCaseExecutor.execute(TestCaseExecutor.java:285)&#xa;	at com.kms.katalon.core.main.TestCaseMain.runTestCase(TestCaseMain.java:137)&#xa;	at com.kms.katalon.core.keyword.builtin.CallTestCaseKeyword$_callTestCase_closure1.doCall(CallTestCaseKeyword.groovy:59)&#xa;	... 25 more&#xa;Caused by: org.openqa.selenium.WebDriverException: java.net.ConnectException: Failed to connect to localhost/[0:0:0:0:0:0:0:1]:40250&#xa;Build info: version: '3.141.59', revision: 'unknown', time: 'unknown'&#xa;System info: host: 'DC1ADOBLD01', ip: '10.2.20.71', os.name: 'Windows Server 2019', os.arch: 'amd64', os.version: '10.0', java.version: '17.0.7'&#xa;Driver info: driver.version: EventFiringWebDriver&#xa;	at org.openqa.selenium.remote.service.DriverCommandExecutor.execute(DriverCommandExecutor.java:92)&#xa;	at org.openqa.selenium.remote.RemoteWebDriver.execute(RemoteWebDriver.java:552)&#xa;	at com.kms.katalon.selenium.driver.CChromeDriver.execute(CChromeDriver.java:19)&#xa;	at org.openqa.selenium.remote.RemoteWebDriver.findElements(RemoteWebDriver.java:353)&#xa;	at org.openqa.selenium.remote.RemoteWebDriver.findElementsByXPath(RemoteWebDriver.java:432)&#xa;	at org.openqa.selenium.By$ByXPath.findElements(By.java:348)&#xa;	at org.openqa.selenium.remote.RemoteWebDriver.findElements(RemoteWebDriver.java:311)&#xa;	at jdk.internal.reflect.GeneratedMethodAccessor9.invoke(Unknown Source)&#xa;	at java.base/jdk.internal.reflect.DelegatingMethodAccessorImpl.invoke(DelegatingMethodAccessorImpl.java:43)&#xa;	at org.openqa.selenium.support.events.EventFiringWebDriver.lambda$new$1(EventFiringWebDriver.java:105)&#xa;	at jdk.proxy2/jdk.proxy2.$Proxy26.findElements(Unknown Source)&#xa;	at org.openqa.selenium.support.events.EventFiringWebDriver.findElements(EventFiringWebDriver.java:182)&#xa;	at com.kms.katalon.core.webui.common.WebUiCommonHelper.findElementByNormalMethods(WebUiCommonHelper.java:1033)&#xa;	at com.kms.katalon.core.webui.common.WebUiCommonHelper.findElementsBySelectedMethod(WebUiCommonHelper.java:924)&#xa;	at com.kms.katalon.core.webui.common.WebUiCommonHelper.findElementsBySelectedMethod(WebUiCommonHelper.java:906)&#xa;	at com.kms.katalon.core.webui.common.WebUiCommonHelper.findElementsBySelectedMethod(WebUiCommonHelper.java:901)&#xa;	at com.kms.katalon.core.webui.common.WebUiCommonHelper.findElementsByDefault(WebUiCommonHelper.java:897)&#xa;	at com.kms.katalon.core.webui.common.WebUiCommonHelper.findElementsWithSelfHealing(WebUiCommonHelper.java:743)&#xa;	at com.kms.katalon.core.webui.common.WebUiCommonHelper.findWebElements(WebUiCommonHelper.java:727)&#xa;	at com.kms.katalon.core.webui.common.WebUiCommonHelper.findWebElement(WebUiCommonHelper.java:1413)&#xa;	at com.kms.katalon.core.webui.keyword.internal.WebUIAbstractKeyword.findWebElement(WebUIAbstractKeyword.groovy:27)&#xa;	at com.kms.katalon.core.webui.keyword.internal.WebUIAbstractKeyword.findWebElement(WebUIAbstractKeyword.groovy:26)&#xa;	at com.kms.katalon.core.webui.keyword.builtin.SetTextKeyword$_setText_closure1.doCall(SetTextKeyword.groovy:53)&#xa;	at com.kms.katalon.core.webui.keyword.builtin.SetTextKeyword$_setText_closure1.call(SetTextKeyword.groovy)&#xa;	at com.kms.katalon.core.webui.keyword.internal.WebUIKeywordMain.runKeyword(WebUIKeywordMain.groovy:35)&#xa;	at com.kms.katalon.core.webui.keyword.builtin.SetTextKeyword.setText(SetTextKeyword.groovy:85)&#xa;	at com.kms.katalon.core.webui.keyword.builtin.SetTextKeyword.execute(SetTextKeyword.groovy:39)&#xa;	at com.kms.katalon.core.keyword.internal.KeywordExecutor.executeKeywordForPlatform(KeywordExecutor.groovy:74)&#xa;	at com.kms.katalon.core.webui.keyword.WebUiBuiltInKeywords.setText(WebUiBuiltInKeywords.groovy:1019)&#xa;	at com.kms.katalon.core.webui.keyword.WebUiBuiltInKeywords$setText$2.call(Unknown Source)&#xa;	at Script1749499513693.run(Script1749499513693.groovy:30)&#xa;	at com.kms.katalon.core.main.ScriptEngine.run(ScriptEngine.java:194)&#xa;	at com.kms.katalon.core.main.ScriptEngine.runScriptAsRawText(ScriptEngine.java:119)&#xa;	at com.kms.katalon.core.main.TestCaseExecutor.runScript(TestCaseExecutor.java:448)&#xa;	at com.kms.katalon.core.main.TestCaseExecutor.doExecute(TestCaseExecutor.java:439)&#xa;	at com.kms.katalon.core.main.TestCaseExecutor.processExecutionPhase(TestCaseExecutor.java:418)&#xa;	at com.kms.katalon.core.main.TestCaseExecutor.accessMainPhase(TestCaseExecutor.java:410)&#xa;	at com.kms.katalon.core.main.TestCaseExecutor.execute(TestCaseExecutor.java:285)&#xa;	at com.kms.katalon.core.main.TestCaseMain.runTestCase(TestCaseMain.java:137)&#xa;	at com.kms.katalon.core.keyword.builtin.CallTestCaseKeyword$_callTestCase_closure1.doCall(CallTestCaseKeyword.groovy:59)&#xa;	at com.kms.katalon.core.keyword.builtin.CallTestCaseKeyword$_callTestCase_closure1.call(CallTestCaseKeyword.groovy)&#xa;	at com.kms.katalon.core.keyword.internal.KeywordMain.runKeyword(KeywordMain.groovy:75)&#xa;	at com.kms.katalon.core.keyword.builtin.CallTestCaseKeyword.callTestCase(CallTestCaseKeyword.groovy:81)&#xa;	at com.kms.katalon.core.keyword.builtin.CallTestCaseKeyword.execute(CallTestCaseKeyword.groovy:44)&#xa;	at com.kms.katalon.core.keyword.internal.KeywordExecutor.executeKeywordForPlatform(KeywordExecutor.groovy:74)&#xa;	at com.kms.katalon.core.keyword.BuiltinKeywords.callTestCase(BuiltinKeywords.groovy:310)&#xa;	at jdk.internal.reflect.GeneratedMethodAccessor41.invoke(Unknown Source)&#xa;	at java.base/jdk.internal.reflect.DelegatingMethodAccessorImpl.invoke(DelegatingMethodAccessorImpl.java:43)&#xa;	at Script1739995887607.run(Script1739995887607.groovy:20)&#xa;	... 16 more&#xa;Caused by: java.net.ConnectException: Failed to connect to localhost/[0:0:0:0:0:0:0:1]:40250&#xa;	at okhttp3.internal.connection.RealConnection.connectSocket(RealConnection.java:247)&#xa;	at okhttp3.internal.connection.RealConnection.connect(RealConnection.java:165)&#xa;	at okhttp3.internal.connection.StreamAllocation.findConnection(StreamAllocation.java:257)&#xa;	at okhttp3.internal.connection.StreamAllocation.findHealthyConnection(StreamAllocation.java:135)&#xa;	at okhttp3.internal.connection.StreamAllocation.newStream(StreamAllocation.java:114)&#xa;	at okhttp3.internal.connection.ConnectInterceptor.intercept(ConnectInterceptor.java:42)&#xa;	at okhttp3.internal.http.RealInterceptorChain.proceed(RealInterceptorChain.java:147)&#xa;	at okhttp3.internal.http.RealInterceptorChain.proceed(RealInterceptorChain.java:121)&#xa;	at okhttp3.internal.cache.CacheInterceptor.intercept(CacheInterceptor.java:93)&#xa;	at okhttp3.internal.http.RealInterceptorChain.proceed(RealInterceptorChain.java:147)&#xa;	at okhttp3.internal.http.RealInterceptorChain.proceed(RealInterceptorChain.java:121)&#xa;	at okhttp3.internal.http.BridgeInterceptor.intercept(BridgeInterceptor.java:93)&#xa;	at okhttp3.internal.http.RealInterceptorChain.proceed(RealInterceptorChain.java:147)&#xa;	at okhttp3.internal.http.RetryAndFollowUpInterceptor.intercept(RetryAndFollowUpInterceptor.java:126)&#xa;	at okhttp3.internal.http.RealInterceptorChain.proceed(RealInterceptorChain.java:147)&#xa;	at okhttp3.internal.http.RealInterceptorChain.proceed(RealInterceptorChain.java:121)&#xa;	at okhttp3.RealCall.getResponseWithInterceptorChain(RealCall.java:200)&#xa;	at okhttp3.RealCall.execute(RealCall.java:77)&#xa;	at org.openqa.selenium.remote.internal.OkHttpClient.execute(OkHttpClient.java:103)&#xa;	at org.openqa.selenium.remote.HttpCommandExecutor.execute(HttpCommandExecutor.java:155)&#xa;	at org.openqa.selenium.remote.service.DriverCommandExecutor.execute(DriverCommandExecutor.java:83)&#xa;	... 64 more&#xa;Caused by: java.net.ConnectException: Connection refused: no further information&#xa;	at okhttp3.internal.platform.Platform.connectSocket(Platform.java:129)&#xa;	at okhttp3.internal.connection.RealConnection.connectSocket(RealConnection.java:245)&#xa;	at okhttp3.internal.connection.RealConnection.connect(RealConnection.java:165)&#xa;	at okhttp3.internal.connection.StreamAllocation.findConnection(StreamAllocation.java:257)&#xa;	at okhttp3.internal.connection.StreamAllocation.findHealthyConnection(StreamAllocation.java:135)&#xa;	at okhttp3.internal.connection.StreamAllocation.newStream(StreamAllocation.java:114)&#xa;	at okhttp3.internal.connection.ConnectInterceptor.intercept(ConnectInterceptor.java:42)&#xa;	at okhttp3.internal.http.RealInterceptorChain.proceed(RealInterceptorChain.java:147)&#xa;	at okhttp3.internal.http.RealInterceptorChain.proceed(RealInterceptorChain.java:121)&#xa;	at okhttp3.internal.cache.CacheInterceptor.intercept(CacheInterceptor.java:93)&#xa;	at okhttp3.internal.http.RealInterceptorChain.proceed(RealInterceptorChain.java:147)&#xa;	at okhttp3.internal.http.RealInterceptorChain.proceed(RealInterceptorChain.java:121)&#xa;	at okhttp3.internal.http.BridgeInterceptor.intercept(BridgeInterceptor.java:93)&#xa;	at okhttp3.internal.http.RealInterceptorChain.proceed(RealInterceptorChain.java:147)&#xa;	at okhttp3.internal.http.RetryAndFollowUpInterceptor.intercept(RetryAndFollowUpInterceptor.java:126)&#xa;	at okhttp3.internal.http.RealInterceptorChain.proceed(RealInterceptorChain.java:147)&#xa;	at okhttp3.internal.http.RealInterceptorChain.proceed(RealInterceptorChain.java:121)&#xa;	at okhttp3.RealCall.getResponseWithInterceptorChain(RealCall.java:200)&#xa;	at okhttp3.RealCall.execute(RealCall.java:77)&#xa;	at org.openqa.selenium.remote.internal.OkHttpClient.execute(OkHttpClient.java:103)&#xa;	at org.openqa.selenium.remote.HttpCommandExecutor.execute(HttpCommandExecutor.java:155)&#xa;	at org.openqa.selenium.remote.service.DriverCommandExecutor.execute(DriverCommandExecutor.java:83)&#xa;	at org.openqa.selenium.remote.RemoteWebDriver.execute(RemoteWebDriver.java:552)&#xa;	at com.kms.katalon.selenium.driver.CChromeDriver.execute(CChromeDriver.java:19)&#xa;	at org.openqa.selenium.remote.RemoteWebDriver.findElements(RemoteWebDriver.java:353)&#xa;	at org.openqa.selenium.remote.RemoteWebDriver.findElementsByXPath(RemoteWebDriver.java:432)&#xa;	at org.openqa.selenium.By$ByXPath.findElements(By.java:348)&#xa;	at org.openqa.selenium.remote.RemoteWebDriver.findElements(RemoteWebDriver.java:311)&#xa;	at jdk.internal.reflect.GeneratedMethodAccessor9.invoke(Unknown Source)&#xa;	at java.base/jdk.internal.reflect.DelegatingMethodAccessorImpl.invoke(DelegatingMethodAccessorImpl.java:43)&#xa;	at org.openqa.selenium.support.events.EventFiringWebDriver.lambda$new$1(EventFiringWebDriver.java:105)&#xa;	at jdk.proxy2/jdk.proxy2.$Proxy26.findElements(Unknown Source)&#xa;	at org.openqa.selenium.support.events.EventFiringWebDriver.findElements(EventFiringWebDriver.java:182)&#xa;	at com.kms.katalon.core.webui.common.WebUiCommonHelper.findElementByNormalMethods(WebUiCommonHelper.java:1033)&#xa;	at com.kms.katalon.core.webui.common.WebUiCommonHelper.findElementsBySelectedMethod(WebUiCommonHelper.java:924)&#xa;	at com.kms.katalon.core.webui.common.WebUiCommonHelper.findElementsBySelectedMethod(WebUiCommonHelper.java:906)&#xa;	at com.kms.katalon.core.webui.common.WebUiCommonHelper.findElementsBySelectedMethod(WebUiCommonHelper.java:901)&#xa;	at com.kms.katalon.core.webui.common.WebUiCommonHelper.findElementsByDefault(WebUiCommonHelper.java:897)&#xa;	at com.kms.katalon.core.webui.common.WebUiCommonHelper.findElementsWithSelfHealing(WebUiCommonHelper.java:743)&#xa;	at com.kms.katalon.core.webui.common.WebUiCommonHelper.findWebElements(WebUiCommonHelper.java:727)&#xa;	at com.kms.katalon.core.webui.common.WebUiCommonHelper.findWebElement(WebUiCommonHelper.java:1413)&#xa;	at com.kms.katalon.core.webui.keyword.internal.WebUIAbstractKeyword.findWebElement(WebUIAbstractKeyword.groovy:27)&#xa;	at com.kms.katalon.core.webui.keyword.internal.WebUIAbstractKeyword.findWebElement(WebUIAbstractKeyword.groovy:26)&#xa;	at com.kms.katalon.core.webui.keyword.builtin.SetTextKeyword$_setText_closure1.doCall(SetTextKeyword.groovy:53)&#xa;	at com.kms.katalon.core.webui.keyword.builtin.SetTextKeyword$_setText_closure1.call(SetTextKeyword.groovy)&#xa;	at com.kms.katalon.core.webui.keyword.internal.WebUIKeywordMain.runKeyword(WebUIKeywordMain.groovy:35)&#xa;	at com.kms.katalon.core.webui.keyword.builtin.SetTextKeyword.setText(SetTextKeyword.groovy:85)&#xa;	at com.kms.katalon.core.webui.keyword.builtin.SetTextKeyword.execute(SetTextKeyword.groovy:39)&#xa;	at com.kms.katalon.core.keyword.internal.KeywordExecutor.executeKeywordForPlatform(KeywordExecutor.groovy:74)&#xa;	at com.kms.katalon.core.webui.keyword.WebUiBuiltInKeywords.setText(WebUiBuiltInKeywords.groovy:1019)&#xa;	at com.kms.katalon.core.webui.keyword.WebUiBuiltInKeywords$setText$2.call(Unknown Source)&#xa;	at DES Login.run(DES Login:30)&#xa;	at com.kms.katalon.core.main.ScriptEngine.run(ScriptEngine.java:194)&#xa;	at com.kms.katalon.core.main.ScriptEngine.runScriptAsRawText(ScriptEngine.java:119)&#xa;	at com.kms.katalon.core.main.TestCaseExecutor.runScript(TestCaseExecutor.java:448)&#xa;	at com.kms.katalon.core.main.TestCaseExecutor.doExecute(TestCaseExecutor.java:439)&#xa;	at com.kms.katalon.core.main.TestCaseExecutor.processExecutionPhase(TestCaseExecutor.java:418)&#xa;	at com.kms.katalon.core.main.TestCaseExecutor.accessMainPhase(TestCaseExecutor.java:410)&#xa;	at com.kms.katalon.core.main.TestCaseExecutor.execute(TestCaseExecutor.java:285)&#xa;	at com.kms.katalon.core.main.TestCaseMain.runTestCase(TestCaseMain.java:137)&#xa;	at com.kms.katalon.core.keyword.builtin.CallTestCaseKeyword$_callTestCase_closure1.doCall(CallTestCaseKeyword.groovy:59)&#xa;	at com.kms.katalon.core.keyword.builtin.CallTestCaseKeyword$_callTestCase_closure1.call(CallTestCaseKeyword.groovy)&#xa;	at com.kms.katalon.core.keyword.internal.KeywordMain.runKeyword(KeywordMain.groovy:75)&#xa;	at com.kms.katalon.core.keyword.builtin.CallTestCaseKeyword.callTestCase(CallTestCaseKeyword.groovy:81)&#xa;	at com.kms.katalon.core.keyword.builtin.CallTestCaseKeyword.execute(CallTestCaseKeyword.groovy:44)&#xa;	at com.kms.katalon.core.keyword.internal.KeywordExecutor.executeKeywordForPlatform(KeywordExecutor.groovy:74)&#xa;	at com.kms.katalon.core.keyword.BuiltinKeywords.callTestCase(BuiltinKeywords.groovy:310)&#xa;	at jdk.internal.reflect.GeneratedMethodAccessor41.invoke(Unknown Source)&#xa;	at java.base/jdk.internal.reflect.DelegatingMethodAccessorImpl.invoke(DelegatingMethodAccessorImpl.java:43)&#xa;	at Verify Accelerate Mapping Option Displays For Outbound ARO-INV Transmission.run(Verify Accelerate Mapping Option Displays For Outbound ARO-INV Transmission:20)&#xa;	... 16 more&#xa;"/>
         <system-out><![CDATA[21-10-2025T19:20:03 - [TEST_CASE][FAILED] - Test Cases/DES/Trading Partners Page/Subscription/Transmission/Verify Accelerate Mapping Option Displays For Outbound ARO-INV Transmission: Test Cases/DES/Trading Partners Page/Subscription/Transmission/Verify Accelerate Mapping Option Displays For Outbound ARO-INV Transmission FAILED.
Reason:
com.kms.katalon.core.exception.StepFailedException: Call Test Case 'Test Cases/DES/DES Login' failed
	at com.kms.katalon.core.keyword.builtin.CallTestCaseKeyword$_callTestCase_closure1.doCall(CallTestCaseKeyword.groovy:63)
	at com.kms.katalon.core.keyword.builtin.CallTestCaseKeyword$_callTestCase_closure1.call(CallTestCaseKeyword.groovy)
	at com.kms.katalon.core.keyword.internal.KeywordMain.runKeyword(KeywordMain.groovy:75)
	at com.kms.katalon.core.keyword.builtin.CallTestCaseKeyword.callTestCase(CallTestCaseKeyword.groovy:81)
	at com.kms.katalon.core.keyword.builtin.CallTestCaseKeyword.execute(CallTestCaseKeyword.groovy:44)
	at com.kms.katalon.core.keyword.internal.KeywordExecutor.executeKeywordForPlatform(KeywordExecutor.groovy:74)
	at com.kms.katalon.core.keyword.BuiltinKeywords.callTestCase(BuiltinKeywords.groovy:310)
	at jdk.internal.reflect.GeneratedMethodAccessor41.invoke(Unknown Source)
	at java.base/jdk.internal.reflect.DelegatingMethodAccessorImpl.invoke(DelegatingMethodAccessorImpl.java:43)
	at Verify Accelerate Mapping Option Displays For Outbound ARO-INV Transmission.run(Verify Accelerate Mapping Option Displays For Outbound ARO-INV Transmission:20)
	at com.kms.katalon.core.main.ScriptEngine.run(ScriptEngine.java:194)
	at com.kms.katalon.core.main.ScriptEngine.runScriptAsRawText(ScriptEngine.java:119)
	at com.kms.katalon.core.main.TestCaseExecutor.runScript(TestCaseExecutor.java:448)
	at com.kms.katalon.core.main.TestCaseExecutor.doExecute(TestCaseExecutor.java:439)
	at com.kms.katalon.core.main.TestCaseExecutor.processExecutionPhase(TestCaseExecutor.java:418)
	at com.kms.katalon.core.main.TestCaseExecutor.accessMainPhase(TestCaseExecutor.java:410)
	at com.kms.katalon.core.main.TestCaseExecutor.execute(TestCaseExecutor.java:285)
	at com.kms.katalon.core.common.CommonExecutor.accessTestCaseMainPhase(CommonExecutor.java:65)
	at com.kms.katalon.core.main.TestSuiteExecutor.accessTestSuiteMainPhase(TestSuiteExecutor.java:150)
	at com.kms.katalon.core.main.TestSuiteExecutor.execute(TestSuiteExecutor.java:106)
	at com.kms.katalon.core.main.TestCaseMain.startTestSuite(TestCaseMain.java:180)
	at com.kms.katalon.core.main.TestCaseMain$startTestSuite$0.call(Unknown Source)
	at TempTestSuite1761084128061.run(TempTestSuite1761084128061.groovy:35)
	at java.base/jdk.internal.reflect.NativeMethodAccessorImpl.invoke0(Native Method)
	at java.base/jdk.internal.reflect.NativeMethodAccessorImpl.invoke(NativeMethodAccessorImpl.java:77)
	at java.base/jdk.internal.reflect.DelegatingMethodAccessorImpl.invoke(DelegatingMethodAccessorImpl.java:43)
Caused by: com.kms.katalon.core.exception.StepFailedException: Unable to set text 'Chris.Sheldon+DES_QA@Thekag.com' of object 'Object Repository/Page_IdentityServer4/input_Username (e.g. email address)_Username'
	at com.kms.katalon.core.webui.keyword.internal.WebUIKeywordMain.stepFailed(WebUIKeywordMain.groovy:117)
	at com.kms.katalon.core.webui.keyword.internal.WebUIKeywordMain.runKeyword(WebUIKeywordMain.groovy:43)
	at com.kms.katalon.core.webui.keyword.builtin.SetTextKeyword.setText(SetTextKeyword.groovy:85)
	at com.kms.katalon.core.webui.keyword.builtin.SetTextKeyword.execute(SetTextKeyword.groovy:39)
	at com.kms.katalon.core.keyword.internal.KeywordExecutor.executeKeywordForPlatform(KeywordExecutor.groovy:74)
	at com.kms.katalon.core.webui.keyword.WebUiBuiltInKeywords.setText(WebUiBuiltInKeywords.groovy:1019)
	at com.kms.katalon.core.webui.keyword.WebUiBuiltInKeywords$setText$2.call(Unknown Source)
	at DES Login.run(DES Login:30)
	at com.kms.katalon.core.main.ScriptEngine.run(ScriptEngine.java:194)
	at com.kms.katalon.core.main.ScriptEngine.runScriptAsRawText(ScriptEngine.java:119)
	at com.kms.katalon.core.main.TestCaseExecutor.runScript(TestCaseExecutor.java:448)
	at com.kms.katalon.core.main.TestCaseExecutor.doExecute(TestCaseExecutor.java:439)
	at com.kms.katalon.core.main.TestCaseExecutor.processExecutionPhase(TestCaseExecutor.java:418)
	at com.kms.katalon.core.main.TestCaseExecutor.accessMainPhase(TestCaseExecutor.java:410)
	at com.kms.katalon.core.main.TestCaseExecutor.execute(TestCaseExecutor.java:285)
	at com.kms.katalon.core.main.TestCaseMain.runTestCase(TestCaseMain.java:137)
	at com.kms.katalon.core.keyword.builtin.CallTestCaseKeyword$_callTestCase_closure1.doCall(CallTestCaseKeyword.groovy:59)
	... 25 more
Caused by: org.openqa.selenium.WebDriverException: java.net.ConnectException: Failed to connect to localhost/[0:0:0:0:0:0:0:1]:40250
Build info: version: '3.141.59', revision: 'unknown', time: 'unknown'
System info: host: 'DC1ADOBLD01', ip: '10.2.20.71', os.name: 'Windows Server 2019', os.arch: 'amd64', os.version: '10.0', java.version: '17.0.7'
Driver info: driver.version: EventFiringWebDriver
	at org.openqa.selenium.remote.service.DriverCommandExecutor.execute(DriverCommandExecutor.java:92)
	at org.openqa.selenium.remote.RemoteWebDriver.execute(RemoteWebDriver.java:552)
	at com.kms.katalon.selenium.driver.CChromeDriver.execute(CChromeDriver.java:19)
	at org.openqa.selenium.remote.RemoteWebDriver.findElements(RemoteWebDriver.java:353)
	at org.openqa.selenium.remote.RemoteWebDriver.findElementsByXPath(RemoteWebDriver.java:432)
	at org.openqa.selenium.By$ByXPath.findElements(By.java:348)
	at org.openqa.selenium.remote.RemoteWebDriver.findElements(RemoteWebDriver.java:311)
	at jdk.internal.reflect.GeneratedMethodAccessor9.invoke(Unknown Source)
	at java.base/jdk.internal.reflect.DelegatingMethodAccessorImpl.invoke(DelegatingMethodAccessorImpl.java:43)
	at org.openqa.selenium.support.events.EventFiringWebDriver.lambda$new$1(EventFiringWebDriver.java:105)
	at jdk.proxy2/jdk.proxy2.$Proxy26.findElements(Unknown Source)
	at org.openqa.selenium.support.events.EventFiringWebDriver.findElements(EventFiringWebDriver.java:182)
	at com.kms.katalon.core.webui.common.WebUiCommonHelper.findElementByNormalMethods(WebUiCommonHelper.java:1033)
	at com.kms.katalon.core.webui.common.WebUiCommonHelper.findElementsBySelectedMethod(WebUiCommonHelper.java:924)
	at com.kms.katalon.core.webui.common.WebUiCommonHelper.findElementsBySelectedMethod(WebUiCommonHelper.java:906)
	at com.kms.katalon.core.webui.common.WebUiCommonHelper.findElementsBySelectedMethod(WebUiCommonHelper.java:901)
	at com.kms.katalon.core.webui.common.WebUiCommonHelper.findElementsByDefault(WebUiCommonHelper.java:897)
	at com.kms.katalon.core.webui.common.WebUiCommonHelper.findElementsWithSelfHealing(WebUiCommonHelper.java:743)
	at com.kms.katalon.core.webui.common.WebUiCommonHelper.findWebElements(WebUiCommonHelper.java:727)
	at com.kms.katalon.core.webui.common.WebUiCommonHelper.findWebElement(WebUiCommonHelper.java:1413)
	at com.kms.katalon.core.webui.keyword.internal.WebUIAbstractKeyword.findWebElement(WebUIAbstractKeyword.groovy:27)
	at com.kms.katalon.core.webui.keyword.internal.WebUIAbstractKeyword.findWebElement(WebUIAbstractKeyword.groovy:26)
	at com.kms.katalon.core.webui.keyword.builtin.SetTextKeyword$_setText_closure1.doCall(SetTextKeyword.groovy:53)
	at com.kms.katalon.core.webui.keyword.builtin.SetTextKeyword$_setText_closure1.call(SetTextKeyword.groovy)
	at com.kms.katalon.core.webui.keyword.internal.WebUIKeywordMain.runKeyword(WebUIKeywordMain.groovy:35)
	at com.kms.katalon.core.webui.keyword.builtin.SetTextKeyword.setText(SetTextKeyword.groovy:85)
	at com.kms.katalon.core.webui.keyword.builtin.SetTextKeyword.execute(SetTextKeyword.groovy:39)
	at com.kms.katalon.core.keyword.internal.KeywordExecutor.executeKeywordForPlatform(KeywordExecutor.groovy:74)
	at com.kms.katalon.core.webui.keyword.WebUiBuiltInKeywords.setText(WebUiBuiltInKeywords.groovy:1019)
	at com.kms.katalon.core.webui.keyword.WebUiBuiltInKeywords$setText$2.call(Unknown Source)
	at Script1749499513693.run(Script1749499513693.groovy:30)
	at com.kms.katalon.core.main.ScriptEngine.run(ScriptEngine.java:194)
	at com.kms.katalon.core.main.ScriptEngine.runScriptAsRawText(ScriptEngine.java:119)
	at com.kms.katalon.core.main.TestCaseExecutor.runScript(TestCaseExecutor.java:448)
	at com.kms.katalon.core.main.TestCaseExecutor.doExecute(TestCaseExecutor.java:439)
	at com.kms.katalon.core.main.TestCaseExecutor.processExecutionPhase(TestCaseExecutor.java:418)
	at com.kms.katalon.core.main.TestCaseExecutor.accessMainPhase(TestCaseExecutor.java:410)
	at com.kms.katalon.core.main.TestCaseExecutor.execute(TestCaseExecutor.java:285)
	at com.kms.katalon.core.main.TestCaseMain.runTestCase(TestCaseMain.java:137)
	at com.kms.katalon.core.keyword.builtin.CallTestCaseKeyword$_callTestCase_closure1.doCall(CallTestCaseKeyword.groovy:59)
	at com.kms.katalon.core.keyword.builtin.CallTestCaseKeyword$_callTestCase_closure1.call(CallTestCaseKeyword.groovy)
	at com.kms.katalon.core.keyword.internal.KeywordMain.runKeyword(KeywordMain.groovy:75)
	at com.kms.katalon.core.keyword.builtin.CallTestCaseKeyword.callTestCase(CallTestCaseKeyword.groovy:81)
	at com.kms.katalon.core.keyword.builtin.CallTestCaseKeyword.execute(CallTestCaseKeyword.groovy:44)
	at com.kms.katalon.core.keyword.internal.KeywordExecutor.executeKeywordForPlatform(KeywordExecutor.groovy:74)
	at com.kms.katalon.core.keyword.BuiltinKeywords.callTestCase(BuiltinKeywords.groovy:310)
	at jdk.internal.reflect.GeneratedMethodAccessor41.invoke(Unknown Source)
	at java.base/jdk.internal.reflect.DelegatingMethodAccessorImpl.invoke(DelegatingMethodAccessorImpl.java:43)
	at Script1739995887607.run(Script1739995887607.groovy:20)
	... 16 more
Caused by: java.net.ConnectException: Failed to connect to localhost/[0:0:0:0:0:0:0:1]:40250
	at okhttp3.internal.connection.RealConnection.connectSocket(RealConnection.java:247)
	at okhttp3.internal.connection.RealConnection.connect(RealConnection.java:165)
	at okhttp3.internal.connection.StreamAllocation.findConnection(StreamAllocation.java:257)
	at okhttp3.internal.connection.StreamAllocation.findHealthyConnection(StreamAllocation.java:135)
	at okhttp3.internal.connection.StreamAllocation.newStream(StreamAllocation.java:114)
	at okhttp3.internal.connection.ConnectInterceptor.intercept(ConnectInterceptor.java:42)
	at okhttp3.internal.http.RealInterceptorChain.proceed(RealInterceptorChain.java:147)
	at okhttp3.internal.http.RealInterceptorChain.proceed(RealInterceptorChain.java:121)
	at okhttp3.internal.cache.CacheInterceptor.intercept(CacheInterceptor.java:93)
	at okhttp3.internal.http.RealInterceptorChain.proceed(RealInterceptorChain.java:147)
	at okhttp3.internal.http.RealInterceptorChain.proceed(RealInterceptorChain.java:121)
	at okhttp3.internal.http.BridgeInterceptor.intercept(BridgeInterceptor.java:93)
	at okhttp3.internal.http.RealInterceptorChain.proceed(RealInterceptorChain.java:147)
	at okhttp3.internal.http.RetryAndFollowUpInterceptor.intercept(RetryAndFollowUpInterceptor.java:126)
	at okhttp3.internal.http.RealInterceptorChain.proceed(RealInterceptorChain.java:147)
	at okhttp3.internal.http.RealInterceptorChain.proceed(RealInterceptorChain.java:121)
	at okhttp3.RealCall.getResponseWithInterceptorChain(RealCall.java:200)
	at okhttp3.RealCall.execute(RealCall.java:77)
	at org.openqa.selenium.remote.internal.OkHttpClient.execute(OkHttpClient.java:103)
	at org.openqa.selenium.remote.HttpCommandExecutor.execute(HttpCommandExecutor.java:155)
	at org.openqa.selenium.remote.service.DriverCommandExecutor.execute(DriverCommandExecutor.java:83)
	... 64 more
Caused by: java.net.ConnectException: Connection refused: no further information
	at okhttp3.internal.platform.Platform.connectSocket(Platform.java:129)
	at okhttp3.internal.connection.RealConnection.connectSocket(RealConnection.java:245)
	at okhttp3.internal.connection.RealConnection.connect(RealConnection.java:165)
	at okhttp3.internal.connection.StreamAllocation.findConnection(StreamAllocation.java:257)
	at okhttp3.internal.connection.StreamAllocation.findHealthyConnection(StreamAllocation.java:135)
	at okhttp3.internal.connection.StreamAllocation.newStream(StreamAllocation.java:114)
	at okhttp3.internal.connection.ConnectInterceptor.intercept(ConnectInterceptor.java:42)
	at okhttp3.internal.http.RealInterceptorChain.proceed(RealInterceptorChain.java:147)
	at okhttp3.internal.http.RealInterceptorChain.proceed(RealInterceptorChain.java:121)
	at okhttp3.internal.cache.CacheInterceptor.intercept(CacheInterceptor.java:93)
	at okhttp3.internal.http.RealInterceptorChain.proceed(RealInterceptorChain.java:147)
	at okhttp3.internal.http.RealInterceptorChain.proceed(RealInterceptorChain.java:121)
	at okhttp3.internal.http.BridgeInterceptor.intercept(BridgeInterceptor.java:93)
	at okhttp3.internal.http.RealInterceptorChain.proceed(RealInterceptorChain.java:147)
	at okhttp3.internal.http.RetryAndFollowUpInterceptor.intercept(RetryAndFollowUpInterceptor.java:126)
	at okhttp3.internal.http.RealInterceptorChain.proceed(RealInterceptorChain.java:147)
	at okhttp3.internal.http.RealInterceptorChain.proceed(RealInterceptorChain.java:121)
	at okhttp3.RealCall.getResponseWithInterceptorChain(RealCall.java:200)
	at okhttp3.RealCall.execute(RealCall.java:77)
	at org.openqa.selenium.remote.internal.OkHttpClient.execute(OkHttpClient.java:103)
	at org.openqa.selenium.remote.HttpCommandExecutor.execute(HttpCommandExecutor.java:155)
	at org.openqa.selenium.remote.service.DriverCommandExecutor.execute(DriverCommandExecutor.java:83)
	at org.openqa.selenium.remote.RemoteWebDriver.execute(RemoteWebDriver.java:552)
	at com.kms.katalon.selenium.driver.CChromeDriver.execute(CChromeDriver.java:19)
	at org.openqa.selenium.remote.RemoteWebDriver.findElements(RemoteWebDriver.java:353)
	at org.openqa.selenium.remote.RemoteWebDriver.findElementsByXPath(RemoteWebDriver.java:432)
	at org.openqa.selenium.By$ByXPath.findElements(By.java:348)
	at org.openqa.selenium.remote.RemoteWebDriver.findElements(RemoteWebDriver.java:311)
	at jdk.internal.reflect.GeneratedMethodAccessor9.invoke(Unknown Source)
	at java.base/jdk.internal.reflect.DelegatingMethodAccessorImpl.invoke(DelegatingMethodAccessorImpl.java:43)
	at org.openqa.selenium.support.events.EventFiringWebDriver.lambda$new$1(EventFiringWebDriver.java:105)
	at jdk.proxy2/jdk.proxy2.$Proxy26.findElements(Unknown Source)
	at org.openqa.selenium.support.events.EventFiringWebDriver.findElements(EventFiringWebDriver.java:182)
	at com.kms.katalon.core.webui.common.WebUiCommonHelper.findElementByNormalMethods(WebUiCommonHelper.java:1033)
	at com.kms.katalon.core.webui.common.WebUiCommonHelper.findElementsBySelectedMethod(WebUiCommonHelper.java:924)
	at com.kms.katalon.core.webui.common.WebUiCommonHelper.findElementsBySelectedMethod(WebUiCommonHelper.java:906)
	at com.kms.katalon.core.webui.common.WebUiCommonHelper.findElementsBySelectedMethod(WebUiCommonHelper.java:901)
	at com.kms.katalon.core.webui.common.WebUiCommonHelper.findElementsByDefault(WebUiCommonHelper.java:897)
	at com.kms.katalon.core.webui.common.WebUiCommonHelper.findElementsWithSelfHealing(WebUiCommonHelper.java:743)
	at com.kms.katalon.core.webui.common.WebUiCommonHelper.findWebElements(WebUiCommonHelper.java:727)
	at com.kms.katalon.core.webui.common.WebUiCommonHelper.findWebElement(WebUiCommonHelper.java:1413)
	at com.kms.katalon.core.webui.keyword.internal.WebUIAbstractKeyword.findWebElement(WebUIAbstractKeyword.groovy:27)
	at com.kms.katalon.core.webui.keyword.internal.WebUIAbstractKeyword.findWebElement(WebUIAbstractKeyword.groovy:26)
	at com.kms.katalon.core.webui.keyword.builtin.SetTextKeyword$_setText_closure1.doCall(SetTextKeyword.groovy:53)
	at com.kms.katalon.core.webui.keyword.builtin.SetTextKeyword$_setText_closure1.call(SetTextKeyword.groovy)
	at com.kms.katalon.core.webui.keyword.internal.WebUIKeywordMain.runKeyword(WebUIKeywordMain.groovy:35)
	at com.kms.katalon.core.webui.keyword.builtin.SetTextKeyword.setText(SetTextKeyword.groovy:85)
	at com.kms.katalon.core.webui.keyword.builtin.SetTextKeyword.execute(SetTextKeyword.groovy:39)
	at com.kms.katalon.core.keyword.internal.KeywordExecutor.executeKeywordForPlatform(KeywordExecutor.groovy:74)
	at com.kms.katalon.core.webui.keyword.WebUiBuiltInKeywords.setText(WebUiBuiltInKeywords.groovy:1019)
	at com.kms.katalon.core.webui.keyword.WebUiBuiltInKeywords$setText$2.call(Unknown Source)
	at DES Login.run(DES Login:30)
	at com.kms.katalon.core.main.ScriptEngine.run(ScriptEngine.java:194)
	at com.kms.katalon.core.main.ScriptEngine.runScriptAsRawText(ScriptEngine.java:119)
	at com.kms.katalon.core.main.TestCaseExecutor.runScript(TestCaseExecutor.java:448)
	at com.kms.katalon.core.main.TestCaseExecutor.doExecute(TestCaseExecutor.java:439)
	at com.kms.katalon.core.main.TestCaseExecutor.processExecutionPhase(TestCaseExecutor.java:418)
	at com.kms.katalon.core.main.TestCaseExecutor.accessMainPhase(TestCaseExecutor.java:410)
	at com.kms.katalon.core.main.TestCaseExecutor.execute(TestCaseExecutor.java:285)
	at com.kms.katalon.core.main.TestCaseMain.runTestCase(TestCaseMain.java:137)
	at com.kms.katalon.core.keyword.builtin.CallTestCaseKeyword$_callTestCase_closure1.doCall(CallTestCaseKeyword.groovy:59)
	at com.kms.katalon.core.keyword.builtin.CallTestCaseKeyword$_callTestCase_closure1.call(CallTestCaseKeyword.groovy)
	at com.kms.katalon.core.keyword.internal.KeywordMain.runKeyword(KeywordMain.groovy:75)
	at com.kms.katalon.core.keyword.builtin.CallTestCaseKeyword.callTestCase(CallTestCaseKeyword.groovy:81)
	at com.kms.katalon.core.keyword.builtin.CallTestCaseKeyword.execute(CallTestCaseKeyword.groovy:44)
	at com.kms.katalon.core.keyword.internal.KeywordExecutor.executeKeywordForPlatform(KeywordExecutor.groovy:74)
	at com.kms.katalon.core.keyword.BuiltinKeywords.callTestCase(BuiltinKeywords.groovy:310)
	at jdk.internal.reflect.GeneratedMethodAccessor41.invoke(Unknown Source)
	at java.base/jdk.internal.reflect.DelegatingMethodAccessorImpl.invoke(DelegatingMethodAccessorImpl.java:43)
	at Verify Accelerate Mapping Option Displays For Outbound ARO-INV Transmission.run(Verify Accelerate Mapping Option Displays For Outbound ARO-INV Transmission:20)
	... 16 more


21-10-2025T19:20:03 - [TEST_STEP][PASSED] - Start listener action : beforeTestCase: null

21-10-2025T19:20:03 - [TEST_STEP][PASSED] - addDefaultPackages(): null

21-10-2025T19:20:03 - [TEST_STEP][FAILED] - callTestCase(findTestCase("DES/DES Login"), [:], STOP_ON_FAILURE): Unable to call Test Case 'Test Cases/DES/DES Login' (Root cause: com.kms.katalon.core.exception.StepFailedException: Call Test Case 'Test Cases/DES/DES Login' failed
	at com.kms.katalon.core.keyword.builtin.CallTestCaseKeyword$_callTestCase_closure1.doCall(CallTestCaseKeyword.groovy:63)
	at com.kms.katalon.core.keyword.builtin.CallTestCaseKeyword$_callTestCase_closure1.call(CallTestCaseKeyword.groovy)
	at com.kms.katalon.core.keyword.internal.KeywordMain.runKeyword(KeywordMain.groovy:75)
	at com.kms.katalon.core.keyword.builtin.CallTestCaseKeyword.callTestCase(CallTestCaseKeyword.groovy:81)
	at com.kms.katalon.core.keyword.builtin.CallTestCaseKeyword.execute(CallTestCaseKeyword.groovy:44)
	at com.kms.katalon.core.keyword.internal.KeywordExecutor.executeKeywordForPlatform(KeywordExecutor.groovy:74)
	at com.kms.katalon.core.keyword.BuiltinKeywords.callTestCase(BuiltinKeywords.groovy:310)
	at jdk.internal.reflect.GeneratedMethodAccessor41.invoke(Unknown Source)
	at java.base/jdk.internal.reflect.DelegatingMethodAccessorImpl.invoke(DelegatingMethodAccessorImpl.java:43)
	at Verify Accelerate Mapping Option Displays For Outbound ARO-INV Transmission.run(Verify Accelerate Mapping Option Displays For Outbound ARO-INV Transmission:20)
	at com.kms.katalon.core.main.ScriptEngine.run(ScriptEngine.java:194)
	at com.kms.katalon.core.main.ScriptEngine.runScriptAsRawText(ScriptEngine.java:119)
	at com.kms.katalon.core.main.TestCaseExecutor.runScript(TestCaseExecutor.java:448)
	at com.kms.katalon.core.main.TestCaseExecutor.doExecute(TestCaseExecutor.java:439)
	at com.kms.katalon.core.main.TestCaseExecutor.processExecutionPhase(TestCaseExecutor.java:418)
	at com.kms.katalon.core.main.TestCaseExecutor.accessMainPhase(TestCaseExecutor.java:410)
	at com.kms.katalon.core.main.TestCaseExecutor.execute(TestCaseExecutor.java:285)
	at com.kms.katalon.core.common.CommonExecutor.accessTestCaseMainPhase(CommonExecutor.java:65)
	at com.kms.katalon.core.main.TestSuiteExecutor.accessTestSuiteMainPhase(TestSuiteExecutor.java:150)
	at com.kms.katalon.core.main.TestSuiteExecutor.execute(TestSuiteExecutor.java:106)
	at com.kms.katalon.core.main.TestCaseMain.startTestSuite(TestCaseMain.java:180)
	at com.kms.katalon.core.main.TestCaseMain$startTestSuite$0.call(Unknown Source)
	at TempTestSuite1761084128061.run(TempTestSuite1761084128061.groovy:35)
	at java.base/jdk.internal.reflect.NativeMethodAccessorImpl.invoke0(Native Method)
	at java.base/jdk.internal.reflect.NativeMethodAccessorImpl.invoke(NativeMethodAccessorImpl.java:77)
	at java.base/jdk.internal.reflect.DelegatingMethodAccessorImpl.invoke(DelegatingMethodAccessorImpl.java:43)
Caused by: com.kms.katalon.core.exception.StepFailedException: Unable to set text 'Chris.Sheldon+DES_QA@Thekag.com' of object 'Object Repository/Page_IdentityServer4/input_Username (e.g. email address)_Username'
	at com.kms.katalon.core.webui.keyword.internal.WebUIKeywordMain.stepFailed(WebUIKeywordMain.groovy:117)
	at com.kms.katalon.core.webui.keyword.internal.WebUIKeywordMain.runKeyword(WebUIKeywordMain.groovy:43)
	at com.kms.katalon.core.webui.keyword.builtin.SetTextKeyword.setText(SetTextKeyword.groovy:85)
	at com.kms.katalon.core.webui.keyword.builtin.SetTextKeyword.execute(SetTextKeyword.groovy:39)
	at com.kms.katalon.core.keyword.internal.KeywordExecutor.executeKeywordForPlatform(KeywordExecutor.groovy:74)
	at com.kms.katalon.core.webui.keyword.WebUiBuiltInKeywords.setText(WebUiBuiltInKeywords.groovy:1019)
	at com.kms.katalon.core.webui.keyword.WebUiBuiltInKeywords$setText$2.call(Unknown Source)
	at DES Login.run(DES Login:30)
	at com.kms.katalon.core.main.ScriptEngine.run(ScriptEngine.java:194)
	at com.kms.katalon.core.main.ScriptEngine.runScriptAsRawText(ScriptEngine.java:119)
	at com.kms.katalon.core.main.TestCaseExecutor.runScript(TestCaseExecutor.java:448)
	at com.kms.katalon.core.main.TestCaseExecutor.doExecute(TestCaseExecutor.java:439)
	at com.kms.katalon.core.main.TestCaseExecutor.processExecutionPhase(TestCaseExecutor.java:418)
	at com.kms.katalon.core.main.TestCaseExecutor.accessMainPhase(TestCaseExecutor.java:410)
	at com.kms.katalon.core.main.TestCaseExecutor.execute(TestCaseExecutor.java:285)
	at com.kms.katalon.core.main.TestCaseMain.runTestCase(TestCaseMain.java:137)
	at com.kms.katalon.core.keyword.builtin.CallTestCaseKeyword$_callTestCase_closure1.doCall(CallTestCaseKeyword.groovy:59)
	... 25 more
Caused by: org.openqa.selenium.WebDriverException: java.net.ConnectException: Failed to connect to localhost/[0:0:0:0:0:0:0:1]:40250
Build info: version: '3.141.59', revision: 'unknown', time: 'unknown'
System info: host: 'DC1ADOBLD01', ip: '10.2.20.71', os.name: 'Windows Server 2019', os.arch: 'amd64', os.version: '10.0', java.version: '17.0.7'
Driver info: driver.version: EventFiringWebDriver
	at org.openqa.selenium.remote.service.DriverCommandExecutor.execute(DriverCommandExecutor.java:92)
	at org.openqa.selenium.remote.RemoteWebDriver.execute(RemoteWebDriver.java:552)
	at com.kms.katalon.selenium.driver.CChromeDriver.execute(CChromeDriver.java:19)
	at org.openqa.selenium.remote.RemoteWebDriver.findElements(RemoteWebDriver.java:353)
	at org.openqa.selenium.remote.RemoteWebDriver.findElementsByXPath(RemoteWebDriver.java:432)
	at org.openqa.selenium.By$ByXPath.findElements(By.java:348)
	at org.openqa.selenium.remote.RemoteWebDriver.findElements(RemoteWebDriver.java:311)
	at jdk.internal.reflect.GeneratedMethodAccessor9.invoke(Unknown Source)
	at java.base/jdk.internal.reflect.DelegatingMethodAccessorImpl.invoke(DelegatingMethodAccessorImpl.java:43)
	at org.openqa.selenium.support.events.EventFiringWebDriver.lambda$new$1(EventFiringWebDriver.java:105)
	at jdk.proxy2/jdk.proxy2.$Proxy26.findElements(Unknown Source)
	at org.openqa.selenium.support.events.EventFiringWebDriver.findElements(EventFiringWebDriver.java:182)
	at com.kms.katalon.core.webui.common.WebUiCommonHelper.findElementByNormalMethods(WebUiCommonHelper.java:1033)
	at com.kms.katalon.core.webui.common.WebUiCommonHelper.findElementsBySelectedMethod(WebUiCommonHelper.java:924)
	at com.kms.katalon.core.webui.common.WebUiCommonHelper.findElementsBySelectedMethod(WebUiCommonHelper.java:906)
	at com.kms.katalon.core.webui.common.WebUiCommonHelper.findElementsBySelectedMethod(WebUiCommonHelper.java:901)
	at com.kms.katalon.core.webui.common.WebUiCommonHelper.findElementsByDefault(WebUiCommonHelper.java:897)
	at com.kms.katalon.core.webui.common.WebUiCommonHelper.findElementsWithSelfHealing(WebUiCommonHelper.java:743)
	at com.kms.katalon.core.webui.common.WebUiCommonHelper.findWebElements(WebUiCommonHelper.java:727)
	at com.kms.katalon.core.webui.common.WebUiCommonHelper.findWebElement(WebUiCommonHelper.java:1413)
	at com.kms.katalon.core.webui.keyword.internal.WebUIAbstractKeyword.findWebElement(WebUIAbstractKeyword.groovy:27)
	at com.kms.katalon.core.webui.keyword.internal.WebUIAbstractKeyword.findWebElement(WebUIAbstractKeyword.groovy:26)
	at com.kms.katalon.core.webui.keyword.builtin.SetTextKeyword$_setText_closure1.doCall(SetTextKeyword.groovy:53)
	at com.kms.katalon.core.webui.keyword.builtin.SetTextKeyword$_setText_closure1.call(SetTextKeyword.groovy)
	at com.kms.katalon.core.webui.keyword.internal.WebUIKeywordMain.runKeyword(WebUIKeywordMain.groovy:35)
	at com.kms.katalon.core.webui.keyword.builtin.SetTextKeyword.setText(SetTextKeyword.groovy:85)
	at com.kms.katalon.core.webui.keyword.builtin.SetTextKeyword.execute(SetTextKeyword.groovy:39)
	at com.kms.katalon.core.keyword.internal.KeywordExecutor.executeKeywordForPlatform(KeywordExecutor.groovy:74)
	at com.kms.katalon.core.webui.keyword.WebUiBuiltInKeywords.setText(WebUiBuiltInKeywords.groovy:1019)
	at com.kms.katalon.core.webui.keyword.WebUiBuiltInKeywords$setText$2.call(Unknown Source)
	at Script1749499513693.run(Script1749499513693.groovy:30)
	at com.kms.katalon.core.main.ScriptEngine.run(ScriptEngine.java:194)
	at com.kms.katalon.core.main.ScriptEngine.runScriptAsRawText(ScriptEngine.java:119)
	at com.kms.katalon.core.main.TestCaseExecutor.runScript(TestCaseExecutor.java:448)
	at com.kms.katalon.core.main.TestCaseExecutor.doExecute(TestCaseExecutor.java:439)
	at com.kms.katalon.core.main.TestCaseExecutor.processExecutionPhase(TestCaseExecutor.java:418)
	at com.kms.katalon.core.main.TestCaseExecutor.accessMainPhase(TestCaseExecutor.java:410)
	at com.kms.katalon.core.main.TestCaseExecutor.execute(TestCaseExecutor.java:285)
	at com.kms.katalon.core.main.TestCaseMain.runTestCase(TestCaseMain.java:137)
	at com.kms.katalon.core.keyword.builtin.CallTestCaseKeyword$_callTestCase_closure1.doCall(CallTestCaseKeyword.groovy:59)
	at com.kms.katalon.core.keyword.builtin.CallTestCaseKeyword$_callTestCase_closure1.call(CallTestCaseKeyword.groovy)
	at com.kms.katalon.core.keyword.internal.KeywordMain.runKeyword(KeywordMain.groovy:75)
	at com.kms.katalon.core.keyword.builtin.CallTestCaseKeyword.callTestCase(CallTestCaseKeyword.groovy:81)
	at com.kms.katalon.core.keyword.builtin.CallTestCaseKeyword.execute(CallTestCaseKeyword.groovy:44)
	at com.kms.katalon.core.keyword.internal.KeywordExecutor.executeKeywordForPlatform(KeywordExecutor.groovy:74)
	at com.kms.katalon.core.keyword.BuiltinKeywords.callTestCase(BuiltinKeywords.groovy:310)
	at jdk.internal.reflect.GeneratedMethodAccessor41.invoke(Unknown Source)
	at java.base/jdk.internal.reflect.DelegatingMethodAccessorImpl.invoke(DelegatingMethodAccessorImpl.java:43)
	at Script1739995887607.run(Script1739995887607.groovy:20)
	... 16 more
Caused by: java.net.ConnectException: Failed to connect to localhost/[0:0:0:0:0:0:0:1]:40250
	at okhttp3.internal.connection.RealConnection.connectSocket(RealConnection.java:247)
	at okhttp3.internal.connection.RealConnection.connect(RealConnection.java:165)
	at okhttp3.internal.connection.StreamAllocation.findConnection(StreamAllocation.java:257)
	at okhttp3.internal.connection.StreamAllocation.findHealthyConnection(StreamAllocation.java:135)
	at okhttp3.internal.connection.StreamAllocation.newStream(StreamAllocation.java:114)
	at okhttp3.internal.connection.ConnectInterceptor.intercept(ConnectInterceptor.java:42)
	at okhttp3.internal.http.RealInterceptorChain.proceed(RealInterceptorChain.java:147)
	at okhttp3.internal.http.RealInterceptorChain.proceed(RealInterceptorChain.java:121)
	at okhttp3.internal.cache.CacheInterceptor.intercept(CacheInterceptor.java:93)
	at okhttp3.internal.http.RealInterceptorChain.proceed(RealInterceptorChain.java:147)
	at okhttp3.internal.http.RealInterceptorChain.proceed(RealInterceptorChain.java:121)
	at okhttp3.internal.http.BridgeInterceptor.intercept(BridgeInterceptor.java:93)
	at okhttp3.internal.http.RealInterceptorChain.proceed(RealInterceptorChain.java:147)
	at okhttp3.internal.http.RetryAndFollowUpInterceptor.intercept(RetryAndFollowUpInterceptor.java:126)
	at okhttp3.internal.http.RealInterceptorChain.proceed(RealInterceptorChain.java:147)
	at okhttp3.internal.http.RealInterceptorChain.proceed(RealInterceptorChain.java:121)
	at okhttp3.RealCall.getResponseWithInterceptorChain(RealCall.java:200)
	at okhttp3.RealCall.execute(RealCall.java:77)
	at org.openqa.selenium.remote.internal.OkHttpClient.execute(OkHttpClient.java:103)
	at org.openqa.selenium.remote.HttpCommandExecutor.execute(HttpCommandExecutor.java:155)
	at org.openqa.selenium.remote.service.DriverCommandExecutor.execute(DriverCommandExecutor.java:83)
	... 64 more
Caused by: java.net.ConnectException: Connection refused: no further information
	at okhttp3.internal.platform.Platform.connectSocket(Platform.java:129)
	at okhttp3.internal.connection.RealConnection.connectSocket(RealConnection.java:245)
	at okhttp3.internal.connection.RealConnection.connect(RealConnection.java:165)
	at okhttp3.internal.connection.StreamAllocation.findConnection(StreamAllocation.java:257)
	at okhttp3.internal.connection.StreamAllocation.findHealthyConnection(StreamAllocation.java:135)
	at okhttp3.internal.connection.StreamAllocation.newStream(StreamAllocation.java:114)
	at okhttp3.internal.connection.ConnectInterceptor.intercept(ConnectInterceptor.java:42)
	at okhttp3.internal.http.RealInterceptorChain.proceed(RealInterceptorChain.java:147)
	at okhttp3.internal.http.RealInterceptorChain.proceed(RealInterceptorChain.java:121)
	at okhttp3.internal.cache.CacheInterceptor.intercept(CacheInterceptor.java:93)
	at okhttp3.internal.http.RealInterceptorChain.proceed(RealInterceptorChain.java:147)
	at okhttp3.internal.http.RealInterceptorChain.proceed(RealInterceptorChain.java:121)
	at okhttp3.internal.http.BridgeInterceptor.intercept(BridgeInterceptor.java:93)
	at okhttp3.internal.http.RealInterceptorChain.proceed(RealInterceptorChain.java:147)
	at okhttp3.internal.http.RetryAndFollowUpInterceptor.intercept(RetryAndFollowUpInterceptor.java:126)
	at okhttp3.internal.http.RealInterceptorChain.proceed(RealInterceptorChain.java:147)
	at okhttp3.internal.http.RealInterceptorChain.proceed(RealInterceptorChain.java:121)
	at okhttp3.RealCall.getResponseWithInterceptorChain(RealCall.java:200)
	at okhttp3.RealCall.execute(RealCall.java:77)
	at org.openqa.selenium.remote.internal.OkHttpClient.execute(OkHttpClient.java:103)
	at org.openqa.selenium.remote.HttpCommandExecutor.execute(HttpCommandExecutor.java:155)
	at org.openqa.selenium.remote.service.DriverCommandExecutor.execute(DriverCommandExecutor.java:83)
	at org.openqa.selenium.remote.RemoteWebDriver.execute(RemoteWebDriver.java:552)
	at com.kms.katalon.selenium.driver.CChromeDriver.execute(CChromeDriver.java:19)
	at org.openqa.selenium.remote.RemoteWebDriver.findElements(RemoteWebDriver.java:353)
	at org.openqa.selenium.remote.RemoteWebDriver.findElementsByXPath(RemoteWebDriver.java:432)
	at org.openqa.selenium.By$ByXPath.findElements(By.java:348)
	at org.openqa.selenium.remote.RemoteWebDriver.findElements(RemoteWebDriver.java:311)
	at jdk.internal.reflect.GeneratedMethodAccessor9.invoke(Unknown Source)
	at java.base/jdk.internal.reflect.DelegatingMethodAccessorImpl.invoke(DelegatingMethodAccessorImpl.java:43)
	at org.openqa.selenium.support.events.EventFiringWebDriver.lambda$new$1(EventFiringWebDriver.java:105)
	at jdk.proxy2/jdk.proxy2.$Proxy26.findElements(Unknown Source)
	at org.openqa.selenium.support.events.EventFiringWebDriver.findElements(EventFiringWebDriver.java:182)
	at com.kms.katalon.core.webui.common.WebUiCommonHelper.findElementByNormalMethods(WebUiCommonHelper.java:1033)
	at com.kms.katalon.core.webui.common.WebUiCommonHelper.findElementsBySelectedMethod(WebUiCommonHelper.java:924)
	at com.kms.katalon.core.webui.common.WebUiCommonHelper.findElementsBySelectedMethod(WebUiCommonHelper.java:906)
	at com.kms.katalon.core.webui.common.WebUiCommonHelper.findElementsBySelectedMethod(WebUiCommonHelper.java:901)
	at com.kms.katalon.core.webui.common.WebUiCommonHelper.findElementsByDefault(WebUiCommonHelper.java:897)
	at com.kms.katalon.core.webui.common.WebUiCommonHelper.findElementsWithSelfHealing(WebUiCommonHelper.java:743)
	at com.kms.katalon.core.webui.common.WebUiCommonHelper.findWebElements(WebUiCommonHelper.java:727)
	at com.kms.katalon.core.webui.common.WebUiCommonHelper.findWebElement(WebUiCommonHelper.java:1413)
	at com.kms.katalon.core.webui.keyword.internal.WebUIAbstractKeyword.findWebElement(WebUIAbstractKeyword.groovy:27)
	at com.kms.katalon.core.webui.keyword.internal.WebUIAbstractKeyword.findWebElement(WebUIAbstractKeyword.groovy:26)
	at com.kms.katalon.core.webui.keyword.builtin.SetTextKeyword$_setText_closure1.doCall(SetTextKeyword.groovy:53)
	at com.kms.katalon.core.webui.keyword.builtin.SetTextKeyword$_setText_closure1.call(SetTextKeyword.groovy)
	at com.kms.katalon.core.webui.keyword.internal.WebUIKeywordMain.runKeyword(WebUIKeywordMain.groovy:35)
	at com.kms.katalon.core.webui.keyword.builtin.SetTextKeyword.setText(SetTextKeyword.groovy:85)
	at com.kms.katalon.core.webui.keyword.builtin.SetTextKeyword.execute(SetTextKeyword.groovy:39)
	at com.kms.katalon.core.keyword.internal.KeywordExecutor.executeKeywordForPlatform(KeywordExecutor.groovy:74)
	at com.kms.katalon.core.webui.keyword.WebUiBuiltInKeywords.setText(WebUiBuiltInKeywords.groovy:1019)
	at com.kms.katalon.core.webui.keyword.WebUiBuiltInKeywords$setText$2.call(Unknown Source)
	at DES Login.run(DES Login:30)
	at com.kms.katalon.core.main.ScriptEngine.run(ScriptEngine.java:194)
	at com.kms.katalon.core.main.ScriptEngine.runScriptAsRawText(ScriptEngine.java:119)
	at com.kms.katalon.core.main.TestCaseExecutor.runScript(TestCaseExecutor.java:448)
	at com.kms.katalon.core.main.TestCaseExecutor.doExecute(TestCaseExecutor.java:439)
	at com.kms.katalon.core.main.TestCaseExecutor.processExecutionPhase(TestCaseExecutor.java:418)
	at com.kms.katalon.core.main.TestCaseExecutor.accessMainPhase(TestCaseExecutor.java:410)
	at com.kms.katalon.core.main.TestCaseExecutor.execute(TestCaseExecutor.java:285)
	at com.kms.katalon.core.main.TestCaseMain.runTestCase(TestCaseMain.java:137)
	at com.kms.katalon.core.keyword.builtin.CallTestCaseKeyword$_callTestCase_closure1.doCall(CallTestCaseKeyword.groovy:59)
	at com.kms.katalon.core.keyword.builtin.CallTestCaseKeyword$_callTestCase_closure1.call(CallTestCaseKeyword.groovy)
	at com.kms.katalon.core.keyword.internal.KeywordMain.runKeyword(KeywordMain.groovy:75)
	at com.kms.katalon.core.keyword.builtin.CallTestCaseKeyword.callTestCase(CallTestCaseKeyword.groovy:81)
	at com.kms.katalon.core.keyword.builtin.CallTestCaseKeyword.execute(CallTestCaseKeyword.groovy:44)
	at com.kms.katalon.core.keyword.internal.KeywordExecutor.executeKeywordForPlatform(KeywordExecutor.groovy:74)
	at com.kms.katalon.core.keyword.BuiltinKeywords.callTestCase(BuiltinKeywords.groovy:310)
	at jdk.internal.reflect.GeneratedMethodAccessor41.invoke(Unknown Source)
	at java.base/jdk.internal.reflect.DelegatingMethodAccessorImpl.invoke(DelegatingMethodAccessorImpl.java:43)
	at Verify Accelerate Mapping Option Displays For Outbound ARO-INV Transmission.run(Verify Accelerate Mapping Option Displays For Outbound ARO-INV Transmission:20)
	... 16 more
)

21-10-2025T19:20:03 - [TEST_CASE][FAILED] - Test Cases/DES/DES Login: Test Cases/DES/DES Login FAILED.
Reason:
com.kms.katalon.core.exception.StepFailedException: Unable to set text 'Chris.Sheldon+DES_QA@Thekag.com' of object 'Object Repository/Page_IdentityServer4/input_Username (e.g. email address)_Username'
	at com.kms.katalon.core.webui.keyword.internal.WebUIKeywordMain.stepFailed(WebUIKeywordMain.groovy:117)
	at com.kms.katalon.core.webui.keyword.internal.WebUIKeywordMain.runKeyword(WebUIKeywordMain.groovy:43)
	at com.kms.katalon.core.webui.keyword.builtin.SetTextKeyword.setText(SetTextKeyword.groovy:85)
	at com.kms.katalon.core.webui.keyword.builtin.SetTextKeyword.execute(SetTextKeyword.groovy:39)
	at com.kms.katalon.core.keyword.internal.KeywordExecutor.executeKeywordForPlatform(KeywordExecutor.groovy:74)
	at com.kms.katalon.core.webui.keyword.WebUiBuiltInKeywords.setText(WebUiBuiltInKeywords.groovy:1019)
	at com.kms.katalon.core.webui.keyword.WebUiBuiltInKeywords$setText$2.call(Unknown Source)
	at DES Login.run(DES Login:30)
	at com.kms.katalon.core.main.ScriptEngine.run(ScriptEngine.java:194)
	at com.kms.katalon.core.main.ScriptEngine.runScriptAsRawText(ScriptEngine.java:119)
	at com.kms.katalon.core.main.TestCaseExecutor.runScript(TestCaseExecutor.java:448)
	at com.kms.katalon.core.main.TestCaseExecutor.doExecute(TestCaseExecutor.java:439)
	at com.kms.katalon.core.main.TestCaseExecutor.processExecutionPhase(TestCaseExecutor.java:418)
	at com.kms.katalon.core.main.TestCaseExecutor.accessMainPhase(TestCaseExecutor.java:410)
	at com.kms.katalon.core.main.TestCaseExecutor.execute(TestCaseExecutor.java:285)
	at com.kms.katalon.core.main.TestCaseMain.runTestCase(TestCaseMain.java:137)
	at com.kms.katalon.core.keyword.builtin.CallTestCaseKeyword$_callTestCase_closure1.doCall(CallTestCaseKeyword.groovy:59)
	at com.kms.katalon.core.keyword.builtin.CallTestCaseKeyword$_callTestCase_closure1.call(CallTestCaseKeyword.groovy)
	at com.kms.katalon.core.keyword.internal.KeywordMain.runKeyword(KeywordMain.groovy:75)
	at com.kms.katalon.core.keyword.builtin.CallTestCaseKeyword.callTestCase(CallTestCaseKeyword.groovy:81)
	at com.kms.katalon.core.keyword.builtin.CallTestCaseKeyword.execute(CallTestCaseKeyword.groovy:44)
	at com.kms.katalon.core.keyword.internal.KeywordExecutor.executeKeywordForPlatform(KeywordExecutor.groovy:74)
	at com.kms.katalon.core.keyword.BuiltinKeywords.callTestCase(BuiltinKeywords.groovy:310)
	at jdk.internal.reflect.GeneratedMethodAccessor41.invoke(Unknown Source)
	at java.base/jdk.internal.reflect.DelegatingMethodAccessorImpl.invoke(DelegatingMethodAccessorImpl.java:43)
	at Verify Accelerate Mapping Option Displays For Outbound ARO-INV Transmission.run(Verify Accelerate Mapping Option Displays For Outbound ARO-INV Transmission:20)
	at com.kms.katalon.core.main.ScriptEngine.run(ScriptEngine.java:194)
	at com.kms.katalon.core.main.ScriptEngine.runScriptAsRawText(ScriptEngine.java:119)
	at com.kms.katalon.core.main.TestCaseExecutor.runScript(TestCaseExecutor.java:448)
	at com.kms.katalon.core.main.TestCaseExecutor.doExecute(TestCaseExecutor.java:439)
	at com.kms.katalon.core.main.TestCaseExecutor.processExecutionPhase(TestCaseExecutor.java:418)
	at com.kms.katalon.core.main.TestCaseExecutor.accessMainPhase(TestCaseExecutor.java:410)
	at com.kms.katalon.core.main.TestCaseExecutor.execute(TestCaseExecutor.java:285)
	at com.kms.katalon.core.common.CommonExecutor.accessTestCaseMainPhase(CommonExecutor.java:65)
	at com.kms.katalon.core.main.TestSuiteExecutor.accessTestSuiteMainPhase(TestSuiteExecutor.java:150)
	at com.kms.katalon.core.main.TestSuiteExecutor.execute(TestSuiteExecutor.java:106)
	at com.kms.katalon.core.main.TestCaseMain.startTestSuite(TestCaseMain.java:180)
	at com.kms.katalon.core.main.TestCaseMain$startTestSuite$0.call(Unknown Source)
	at TempTestSuite1761084128061.run(TempTestSuite1761084128061.groovy:35)
	at java.base/jdk.internal.reflect.NativeMethodAccessorImpl.invoke0(Native Method)
	at java.base/jdk.internal.reflect.NativeMethodAccessorImpl.invoke(NativeMethodAccessorImpl.java:77)
	at java.base/jdk.internal.reflect.DelegatingMethodAccessorImpl.invoke(DelegatingMethodAccessorImpl.java:43)
Caused by: org.openqa.selenium.WebDriverException: java.net.ConnectException: Failed to connect to localhost/[0:0:0:0:0:0:0:1]:40250
Build info: version: '3.141.59', revision: 'unknown', time: 'unknown'
System info: host: 'DC1ADOBLD01', ip: '10.2.20.71', os.name: 'Windows Server 2019', os.arch: 'amd64', os.version: '10.0', java.version: '17.0.7'
Driver info: driver.version: EventFiringWebDriver
	at org.openqa.selenium.remote.service.DriverCommandExecutor.execute(DriverCommandExecutor.java:92)
	at org.openqa.selenium.remote.RemoteWebDriver.execute(RemoteWebDriver.java:552)
	at com.kms.katalon.selenium.driver.CChromeDriver.execute(CChromeDriver.java:19)
	at org.openqa.selenium.remote.RemoteWebDriver.findElements(RemoteWebDriver.java:353)
	at org.openqa.selenium.remote.RemoteWebDriver.findElementsByXPath(RemoteWebDriver.java:432)
	at org.openqa.selenium.By$ByXPath.findElements(By.java:348)
	at org.openqa.selenium.remote.RemoteWebDriver.findElements(RemoteWebDriver.java:311)
	at jdk.internal.reflect.GeneratedMethodAccessor9.invoke(Unknown Source)
	at java.base/jdk.internal.reflect.DelegatingMethodAccessorImpl.invoke(DelegatingMethodAccessorImpl.java:43)
	at org.openqa.selenium.support.events.EventFiringWebDriver.lambda$new$1(EventFiringWebDriver.java:105)
	at jdk.proxy2/jdk.proxy2.$Proxy26.findElements(Unknown Source)
	at org.openqa.selenium.support.events.EventFiringWebDriver.findElements(EventFiringWebDriver.java:182)
	at com.kms.katalon.core.webui.common.WebUiCommonHelper.findElementByNormalMethods(WebUiCommonHelper.java:1033)
	at com.kms.katalon.core.webui.common.WebUiCommonHelper.findElementsBySelectedMethod(WebUiCommonHelper.java:924)
	at com.kms.katalon.core.webui.common.WebUiCommonHelper.findElementsBySelectedMethod(WebUiCommonHelper.java:906)
	at com.kms.katalon.core.webui.common.WebUiCommonHelper.findElementsBySelectedMethod(WebUiCommonHelper.java:901)
	at com.kms.katalon.core.webui.common.WebUiCommonHelper.findElementsByDefault(WebUiCommonHelper.java:897)
	at com.kms.katalon.core.webui.common.WebUiCommonHelper.findElementsWithSelfHealing(WebUiCommonHelper.java:743)
	at com.kms.katalon.core.webui.common.WebUiCommonHelper.findWebElements(WebUiCommonHelper.java:727)
	at com.kms.katalon.core.webui.common.WebUiCommonHelper.findWebElement(WebUiCommonHelper.java:1413)
	at com.kms.katalon.core.webui.keyword.internal.WebUIAbstractKeyword.findWebElement(WebUIAbstractKeyword.groovy:27)
	at com.kms.katalon.core.webui.keyword.internal.WebUIAbstractKeyword.findWebElement(WebUIAbstractKeyword.groovy:26)
	at com.kms.katalon.core.webui.keyword.builtin.SetTextKeyword$_setText_closure1.doCall(SetTextKeyword.groovy:53)
	at com.kms.katalon.core.webui.keyword.builtin.SetTextKeyword$_setText_closure1.call(SetTextKeyword.groovy)
	at com.kms.katalon.core.webui.keyword.internal.WebUIKeywordMain.runKeyword(WebUIKeywordMain.groovy:35)
	at com.kms.katalon.core.webui.keyword.builtin.SetTextKeyword.setText(SetTextKeyword.groovy:85)
	at com.kms.katalon.core.webui.keyword.builtin.SetTextKeyword.execute(SetTextKeyword.groovy:39)
	at com.kms.katalon.core.keyword.internal.KeywordExecutor.executeKeywordForPlatform(KeywordExecutor.groovy:74)
	at com.kms.katalon.core.webui.keyword.WebUiBuiltInKeywords.setText(WebUiBuiltInKeywords.groovy:1019)
	at com.kms.katalon.core.webui.keyword.WebUiBuiltInKeywords$setText$2.call(Unknown Source)
	at Script1749499513693.run(Script1749499513693.groovy:30)
	at com.kms.katalon.core.main.ScriptEngine.run(ScriptEngine.java:194)
	at com.kms.katalon.core.main.ScriptEngine.runScriptAsRawText(ScriptEngine.java:119)
	at com.kms.katalon.core.main.TestCaseExecutor.runScript(TestCaseExecutor.java:448)
	at com.kms.katalon.core.main.TestCaseExecutor.doExecute(TestCaseExecutor.java:439)
	at com.kms.katalon.core.main.TestCaseExecutor.processExecutionPhase(TestCaseExecutor.java:418)
	at com.kms.katalon.core.main.TestCaseExecutor.accessMainPhase(TestCaseExecutor.java:410)
	at com.kms.katalon.core.main.TestCaseExecutor.execute(TestCaseExecutor.java:285)
	at com.kms.katalon.core.main.TestCaseMain.runTestCase(TestCaseMain.java:137)
	at com.kms.katalon.core.keyword.builtin.CallTestCaseKeyword$_callTestCase_closure1.doCall(CallTestCaseKeyword.groovy:59)
	at com.kms.katalon.core.keyword.builtin.CallTestCaseKeyword$_callTestCase_closure1.call(CallTestCaseKeyword.groovy)
	at com.kms.katalon.core.keyword.internal.KeywordMain.runKeyword(KeywordMain.groovy:75)
	at com.kms.katalon.core.keyword.builtin.CallTestCaseKeyword.callTestCase(CallTestCaseKeyword.groovy:81)
	at com.kms.katalon.core.keyword.builtin.CallTestCaseKeyword.execute(CallTestCaseKeyword.groovy:44)
	at com.kms.katalon.core.keyword.internal.KeywordExecutor.executeKeywordForPlatform(KeywordExecutor.groovy:74)
	at com.kms.katalon.core.keyword.BuiltinKeywords.callTestCase(BuiltinKeywords.groovy:310)
	at jdk.internal.reflect.GeneratedMethodAccessor41.invoke(Unknown Source)
	at java.base/jdk.internal.reflect.DelegatingMethodAccessorImpl.invoke(DelegatingMethodAccessorImpl.java:43)
	at Script1739995887607.run(Script1739995887607.groovy:20)
	... 16 more
Caused by: java.net.ConnectException: Failed to connect to localhost/[0:0:0:0:0:0:0:1]:40250
	at okhttp3.internal.connection.RealConnection.connectSocket(RealConnection.java:247)
	at okhttp3.internal.connection.RealConnection.connect(RealConnection.java:165)
	at okhttp3.internal.connection.StreamAllocation.findConnection(StreamAllocation.java:257)
	at okhttp3.internal.connection.StreamAllocation.findHealthyConnection(StreamAllocation.java:135)
	at okhttp3.internal.connection.StreamAllocation.newStream(StreamAllocation.java:114)
	at okhttp3.internal.connection.ConnectInterceptor.intercept(ConnectInterceptor.java:42)
	at okhttp3.internal.http.RealInterceptorChain.proceed(RealInterceptorChain.java:147)
	at okhttp3.internal.http.RealInterceptorChain.proceed(RealInterceptorChain.java:121)
	at okhttp3.internal.cache.CacheInterceptor.intercept(CacheInterceptor.java:93)
	at okhttp3.internal.http.RealInterceptorChain.proceed(RealInterceptorChain.java:147)
	at okhttp3.internal.http.RealInterceptorChain.proceed(RealInterceptorChain.java:121)
	at okhttp3.internal.http.BridgeInterceptor.intercept(BridgeInterceptor.java:93)
	at okhttp3.internal.http.RealInterceptorChain.proceed(RealInterceptorChain.java:147)
	at okhttp3.internal.http.RetryAndFollowUpInterceptor.intercept(RetryAndFollowUpInterceptor.java:126)
	at okhttp3.internal.http.RealInterceptorChain.proceed(RealInterceptorChain.java:147)
	at okhttp3.internal.http.RealInterceptorChain.proceed(RealInterceptorChain.java:121)
	at okhttp3.RealCall.getResponseWithInterceptorChain(RealCall.java:200)
	at okhttp3.RealCall.execute(RealCall.java:77)
	at org.openqa.selenium.remote.internal.OkHttpClient.execute(OkHttpClient.java:103)
	at org.openqa.selenium.remote.HttpCommandExecutor.execute(HttpCommandExecutor.java:155)
	at org.openqa.selenium.remote.service.DriverCommandExecutor.execute(DriverCommandExecutor.java:83)
	... 64 more
Caused by: java.net.ConnectException: Connection refused: no further information
	at okhttp3.internal.platform.Platform.connectSocket(Platform.java:129)
	at okhttp3.internal.connection.RealConnection.connectSocket(RealConnection.java:245)
	at okhttp3.internal.connection.RealConnection.connect(RealConnection.java:165)
	at okhttp3.internal.connection.StreamAllocation.findConnection(StreamAllocation.java:257)
	at okhttp3.internal.connection.StreamAllocation.findHealthyConnection(StreamAllocation.java:135)
	at okhttp3.internal.connection.StreamAllocation.newStream(StreamAllocation.java:114)
	at okhttp3.internal.connection.ConnectInterceptor.intercept(ConnectInterceptor.java:42)
	at okhttp3.internal.http.RealInterceptorChain.proceed(RealInterceptorChain.java:147)
	at okhttp3.internal.http.RealInterceptorChain.proceed(RealInterceptorChain.java:121)
	at okhttp3.internal.cache.CacheInterceptor.intercept(CacheInterceptor.java:93)
	at okhttp3.internal.http.RealInterceptorChain.proceed(RealInterceptorChain.java:147)
	at okhttp3.internal.http.RealInterceptorChain.proceed(RealInterceptorChain.java:121)
	at okhttp3.internal.http.BridgeInterceptor.intercept(BridgeInterceptor.java:93)
	at okhttp3.internal.http.RealInterceptorChain.proceed(RealInterceptorChain.java:147)
	at okhttp3.internal.http.RetryAndFollowUpInterceptor.intercept(RetryAndFollowUpInterceptor.java:126)
	at okhttp3.internal.http.RealInterceptorChain.proceed(RealInterceptorChain.java:147)
	at okhttp3.internal.http.RealInterceptorChain.proceed(RealInterceptorChain.java:121)
	at okhttp3.RealCall.getResponseWithInterceptorChain(RealCall.java:200)
	at okhttp3.RealCall.execute(RealCall.java:77)
	at org.openqa.selenium.remote.internal.OkHttpClient.execute(OkHttpClient.java:103)
	at org.openqa.selenium.remote.HttpCommandExecutor.execute(HttpCommandExecutor.java:155)
	at org.openqa.selenium.remote.service.DriverCommandExecutor.execute(DriverCommandExecutor.java:83)
	at org.openqa.selenium.remote.RemoteWebDriver.execute(RemoteWebDriver.java:552)
	at com.kms.katalon.selenium.driver.CChromeDriver.execute(CChromeDriver.java:19)
	at org.openqa.selenium.remote.RemoteWebDriver.findElements(RemoteWebDriver.java:353)
	at org.openqa.selenium.remote.RemoteWebDriver.findElementsByXPath(RemoteWebDriver.java:432)
	at org.openqa.selenium.By$ByXPath.findElements(By.java:348)
	at org.openqa.selenium.remote.RemoteWebDriver.findElements(RemoteWebDriver.java:311)
	at jdk.internal.reflect.GeneratedMethodAccessor9.invoke(Unknown Source)
	at java.base/jdk.internal.reflect.DelegatingMethodAccessorImpl.invoke(DelegatingMethodAccessorImpl.java:43)
	at org.openqa.selenium.support.events.EventFiringWebDriver.lambda$new$1(EventFiringWebDriver.java:105)
	at jdk.proxy2/jdk.proxy2.$Proxy26.findElements(Unknown Source)
	at org.openqa.selenium.support.events.EventFiringWebDriver.findElements(EventFiringWebDriver.java:182)
	at com.kms.katalon.core.webui.common.WebUiCommonHelper.findElementByNormalMethods(WebUiCommonHelper.java:1033)
	at com.kms.katalon.core.webui.common.WebUiCommonHelper.findElementsBySelectedMethod(WebUiCommonHelper.java:924)
	at com.kms.katalon.core.webui.common.WebUiCommonHelper.findElementsBySelectedMethod(WebUiCommonHelper.java:906)
	at com.kms.katalon.core.webui.common.WebUiCommonHelper.findElementsBySelectedMethod(WebUiCommonHelper.java:901)
	at com.kms.katalon.core.webui.common.WebUiCommonHelper.findElementsByDefault(WebUiCommonHelper.java:897)
	at com.kms.katalon.core.webui.common.WebUiCommonHelper.findElementsWithSelfHealing(WebUiCommonHelper.java:743)
	at com.kms.katalon.core.webui.common.WebUiCommonHelper.findWebElements(WebUiCommonHelper.java:727)
	at com.kms.katalon.core.webui.common.WebUiCommonHelper.findWebElement(WebUiCommonHelper.java:1413)
	at com.kms.katalon.core.webui.keyword.internal.WebUIAbstractKeyword.findWebElement(WebUIAbstractKeyword.groovy:27)
	at com.kms.katalon.core.webui.keyword.internal.WebUIAbstractKeyword.findWebElement(WebUIAbstractKeyword.groovy:26)
	at com.kms.katalon.core.webui.keyword.builtin.SetTextKeyword$_setText_closure1.doCall(SetTextKeyword.groovy:53)
	at com.kms.katalon.core.webui.keyword.builtin.SetTextKeyword$_setText_closure1.call(SetTextKeyword.groovy)
	at com.kms.katalon.core.webui.keyword.internal.WebUIKeywordMain.runKeyword(WebUIKeywordMain.groovy:35)
	at com.kms.katalon.core.webui.keyword.builtin.SetTextKeyword.setText(SetTextKeyword.groovy:85)
	at com.kms.katalon.core.webui.keyword.builtin.SetTextKeyword.execute(SetTextKeyword.groovy:39)
	at com.kms.katalon.core.keyword.internal.KeywordExecutor.executeKeywordForPlatform(KeywordExecutor.groovy:74)
	at com.kms.katalon.core.webui.keyword.WebUiBuiltInKeywords.setText(WebUiBuiltInKeywords.groovy:1019)
	at com.kms.katalon.core.webui.keyword.WebUiBuiltInKeywords$setText$2.call(Unknown Source)
	at DES Login.run(DES Login:30)
	at com.kms.katalon.core.main.ScriptEngine.run(ScriptEngine.java:194)
	at com.kms.katalon.core.main.ScriptEngine.runScriptAsRawText(ScriptEngine.java:119)
	at com.kms.katalon.core.main.TestCaseExecutor.runScript(TestCaseExecutor.java:448)
	at com.kms.katalon.core.main.TestCaseExecutor.doExecute(TestCaseExecutor.java:439)
	at com.kms.katalon.core.main.TestCaseExecutor.processExecutionPhase(TestCaseExecutor.java:418)
	at com.kms.katalon.core.main.TestCaseExecutor.accessMainPhase(TestCaseExecutor.java:410)
	at com.kms.katalon.core.main.TestCaseExecutor.execute(TestCaseExecutor.java:285)
	at com.kms.katalon.core.main.TestCaseMain.runTestCase(TestCaseMain.java:137)
	at com.kms.katalon.core.keyword.builtin.CallTestCaseKeyword$_callTestCase_closure1.doCall(CallTestCaseKeyword.groovy:59)
	at com.kms.katalon.core.keyword.builtin.CallTestCaseKeyword$_callTestCase_closure1.call(CallTestCaseKeyword.groovy)
	at com.kms.katalon.core.keyword.internal.KeywordMain.runKeyword(KeywordMain.groovy:75)
	at com.kms.katalon.core.keyword.builtin.CallTestCaseKeyword.callTestCase(CallTestCaseKeyword.groovy:81)
	at com.kms.katalon.core.keyword.builtin.CallTestCaseKeyword.execute(CallTestCaseKeyword.groovy:44)
	at com.kms.katalon.core.keyword.internal.KeywordExecutor.executeKeywordForPlatform(KeywordExecutor.groovy:74)
	at com.kms.katalon.core.keyword.BuiltinKeywords.callTestCase(BuiltinKeywords.groovy:310)
	at jdk.internal.reflect.GeneratedMethodAccessor41.invoke(Unknown Source)
	at java.base/jdk.internal.reflect.DelegatingMethodAccessorImpl.invoke(DelegatingMethodAccessorImpl.java:43)
	at Verify Accelerate Mapping Option Displays For Outbound ARO-INV Transmission.run(Verify Accelerate Mapping Option Displays For Outbound ARO-INV Transmission:20)
	... 16 more


21-10-2025T19:20:03 - [TEST_STEP][PASSED] - openBrowser(""): Browser is opened with url: ''

21-10-2025T19:20:03 - [MESSAGE][WARNING] - A browser is already opened. Closing browser and opening a new one

21-10-2025T19:20:04 - [MESSAGE][INFO] - Starting 'Chrome' driver

21-10-2025T19:20:04 - [MESSAGE][INFO] - User set preference: ['args', '[--no-sandbox, --disable-gpu, --disable-dev-shm-usage]']

21-10-2025T19:20:04 - [MESSAGE][INFO] - Action delay is set to 0 milliseconds

21-10-2025T19:20:05 - [MESSAGE][PASSED] - Browser is opened with url: ''

21-10-2025T19:20:05 - [TEST_STEP][PASSED] - maximizeWindow(): Current window maximized

21-10-2025T19:20:05 - [MESSAGE][PASSED] - Current window maximized

21-10-2025T19:20:05 - [TEST_STEP][PASSED] - delay(10): Delayed 10 second(s)

21-10-2025T19:20:15 - [MESSAGE][PASSED] - Delayed 10 second(s)

21-10-2025T19:20:15 - [TEST_STEP][PASSED] - navigateToUrl("https://dx-portal.qa.thekag.com/"): Navigate to 'https://dx-portal.qa.thekag.com/' successfully

21-10-2025T19:20:15 - [MESSAGE][PASSED] - Navigate to 'https://dx-portal.qa.thekag.com/' successfully

21-10-2025T19:20:15 - [TEST_STEP][PASSED] - delay(5): Delayed 5 second(s)

21-10-2025T19:20:20 - [MESSAGE][PASSED] - Delayed 5 second(s)

21-10-2025T19:20:20 - [TEST_STEP][FAILED] - setText(findTestObject("Object Repository/Page_IdentityServer4/input_Username (e.g. email address)_Username"), "Chris.Sheldon+DES_QA@Thekag.com"): Unable to set text 'Chris.Sheldon+DES_QA@Thekag.com' of object 'Object Repository/Page_IdentityServer4/input_Username (e.g. email address)_Username' (Root cause: com.kms.katalon.core.exception.StepFailedException: Unable to set text 'Chris.Sheldon+DES_QA@Thekag.com' of object 'Object Repository/Page_IdentityServer4/input_Username (e.g. email address)_Username'
	at com.kms.katalon.core.webui.keyword.internal.WebUIKeywordMain.stepFailed(WebUIKeywordMain.groovy:117)
	at com.kms.katalon.core.webui.keyword.internal.WebUIKeywordMain.runKeyword(WebUIKeywordMain.groovy:43)
	at com.kms.katalon.core.webui.keyword.builtin.SetTextKeyword.setText(SetTextKeyword.groovy:85)
	at com.kms.katalon.core.webui.keyword.builtin.SetTextKeyword.execute(SetTextKeyword.groovy:39)
	at com.kms.katalon.core.keyword.internal.KeywordExecutor.executeKeywordForPlatform(KeywordExecutor.groovy:74)
	at com.kms.katalon.core.webui.keyword.WebUiBuiltInKeywords.setText(WebUiBuiltInKeywords.groovy:1019)
	at com.kms.katalon.core.webui.keyword.WebUiBuiltInKeywords$setText$2.call(Unknown Source)
	at DES Login.run(DES Login:30)
	at com.kms.katalon.core.main.ScriptEngine.run(ScriptEngine.java:194)
	at com.kms.katalon.core.main.ScriptEngine.runScriptAsRawText(ScriptEngine.java:119)
	at com.kms.katalon.core.main.TestCaseExecutor.runScript(TestCaseExecutor.java:448)
	at com.kms.katalon.core.main.TestCaseExecutor.doExecute(TestCaseExecutor.java:439)
	at com.kms.katalon.core.main.TestCaseExecutor.processExecutionPhase(TestCaseExecutor.java:418)
	at com.kms.katalon.core.main.TestCaseExecutor.accessMainPhase(TestCaseExecutor.java:410)
	at com.kms.katalon.core.main.TestCaseExecutor.execute(TestCaseExecutor.java:285)
	at com.kms.katalon.core.main.TestCaseMain.runTestCase(TestCaseMain.java:137)
	at com.kms.katalon.core.keyword.builtin.CallTestCaseKeyword$_callTestCase_closure1.doCall(CallTestCaseKeyword.groovy:59)
	at com.kms.katalon.core.keyword.builtin.CallTestCaseKeyword$_callTestCase_closure1.call(CallTestCaseKeyword.groovy)
	at com.kms.katalon.core.keyword.internal.KeywordMain.runKeyword(KeywordMain.groovy:75)
	at com.kms.katalon.core.keyword.builtin.CallTestCaseKeyword.callTestCase(CallTestCaseKeyword.groovy:81)
	at com.kms.katalon.core.keyword.builtin.CallTestCaseKeyword.execute(CallTestCaseKeyword.groovy:44)
	at com.kms.katalon.core.keyword.internal.KeywordExecutor.executeKeywordForPlatform(KeywordExecutor.groovy:74)
	at com.kms.katalon.core.keyword.BuiltinKeywords.callTestCase(BuiltinKeywords.groovy:310)
	at jdk.internal.reflect.GeneratedMethodAccessor41.invoke(Unknown Source)
	at java.base/jdk.internal.reflect.DelegatingMethodAccessorImpl.invoke(DelegatingMethodAccessorImpl.java:43)
	at Verify Accelerate Mapping Option Displays For Outbound ARO-INV Transmission.run(Verify Accelerate Mapping Option Displays For Outbound ARO-INV Transmission:20)
	at com.kms.katalon.core.main.ScriptEngine.run(ScriptEngine.java:194)
	at com.kms.katalon.core.main.ScriptEngine.runScriptAsRawText(ScriptEngine.java:119)
	at com.kms.katalon.core.main.TestCaseExecutor.runScript(TestCaseExecutor.java:448)
	at com.kms.katalon.core.main.TestCaseExecutor.doExecute(TestCaseExecutor.java:439)
	at com.kms.katalon.core.main.TestCaseExecutor.processExecutionPhase(TestCaseExecutor.java:418)
	at com.kms.katalon.core.main.TestCaseExecutor.accessMainPhase(TestCaseExecutor.java:410)
	at com.kms.katalon.core.main.TestCaseExecutor.execute(TestCaseExecutor.java:285)
	at com.kms.katalon.core.common.CommonExecutor.accessTestCaseMainPhase(CommonExecutor.java:65)
	at com.kms.katalon.core.main.TestSuiteExecutor.accessTestSuiteMainPhase(TestSuiteExecutor.java:150)
	at com.kms.katalon.core.main.TestSuiteExecutor.execute(TestSuiteExecutor.java:106)
	at com.kms.katalon.core.main.TestCaseMain.startTestSuite(TestCaseMain.java:180)
	at com.kms.katalon.core.main.TestCaseMain$startTestSuite$0.call(Unknown Source)
	at TempTestSuite1761084128061.run(TempTestSuite1761084128061.groovy:35)
	at java.base/jdk.internal.reflect.NativeMethodAccessorImpl.invoke0(Native Method)
	at java.base/jdk.internal.reflect.NativeMethodAccessorImpl.invoke(NativeMethodAccessorImpl.java:77)
	at java.base/jdk.internal.reflect.DelegatingMethodAccessorImpl.invoke(DelegatingMethodAccessorImpl.java:43)
Caused by: org.openqa.selenium.WebDriverException: java.net.ConnectException: Failed to connect to localhost/[0:0:0:0:0:0:0:1]:40250
Build info: version: '3.141.59', revision: 'unknown', time: 'unknown'
System info: host: 'DC1ADOBLD01', ip: '10.2.20.71', os.name: 'Windows Server 2019', os.arch: 'amd64', os.version: '10.0', java.version: '17.0.7'
Driver info: driver.version: EventFiringWebDriver
	at org.openqa.selenium.remote.service.DriverCommandExecutor.execute(DriverCommandExecutor.java:92)
	at org.openqa.selenium.remote.RemoteWebDriver.execute(RemoteWebDriver.java:552)
	at com.kms.katalon.selenium.driver.CChromeDriver.execute(CChromeDriver.java:19)
	at org.openqa.selenium.remote.RemoteWebDriver.findElements(RemoteWebDriver.java:353)
	at org.openqa.selenium.remote.RemoteWebDriver.findElementsByXPath(RemoteWebDriver.java:432)
	at org.openqa.selenium.By$ByXPath.findElements(By.java:348)
	at org.openqa.selenium.remote.RemoteWebDriver.findElements(RemoteWebDriver.java:311)
	at jdk.internal.reflect.GeneratedMethodAccessor9.invoke(Unknown Source)
	at java.base/jdk.internal.reflect.DelegatingMethodAccessorImpl.invoke(DelegatingMethodAccessorImpl.java:43)
	at org.openqa.selenium.support.events.EventFiringWebDriver.lambda$new$1(EventFiringWebDriver.java:105)
	at jdk.proxy2/jdk.proxy2.$Proxy26.findElements(Unknown Source)
	at org.openqa.selenium.support.events.EventFiringWebDriver.findElements(EventFiringWebDriver.java:182)
	at com.kms.katalon.core.webui.common.WebUiCommonHelper.findElementByNormalMethods(WebUiCommonHelper.java:1033)
	at com.kms.katalon.core.webui.common.WebUiCommonHelper.findElementsBySelectedMethod(WebUiCommonHelper.java:924)
	at com.kms.katalon.core.webui.common.WebUiCommonHelper.findElementsBySelectedMethod(WebUiCommonHelper.java:906)
	at com.kms.katalon.core.webui.common.WebUiCommonHelper.findElementsBySelectedMethod(WebUiCommonHelper.java:901)
	at com.kms.katalon.core.webui.common.WebUiCommonHelper.findElementsByDefault(WebUiCommonHelper.java:897)
	at com.kms.katalon.core.webui.common.WebUiCommonHelper.findElementsWithSelfHealing(WebUiCommonHelper.java:743)
	at com.kms.katalon.core.webui.common.WebUiCommonHelper.findWebElements(WebUiCommonHelper.java:727)
	at com.kms.katalon.core.webui.common.WebUiCommonHelper.findWebElement(WebUiCommonHelper.java:1413)
	at com.kms.katalon.core.webui.keyword.internal.WebUIAbstractKeyword.findWebElement(WebUIAbstractKeyword.groovy:27)
	at com.kms.katalon.core.webui.keyword.internal.WebUIAbstractKeyword.findWebElement(WebUIAbstractKeyword.groovy:26)
	at com.kms.katalon.core.webui.keyword.builtin.SetTextKeyword$_setText_closure1.doCall(SetTextKeyword.groovy:53)
	at com.kms.katalon.core.webui.keyword.builtin.SetTextKeyword$_setText_closure1.call(SetTextKeyword.groovy)
	at com.kms.katalon.core.webui.keyword.internal.WebUIKeywordMain.runKeyword(WebUIKeywordMain.groovy:35)
	at com.kms.katalon.core.webui.keyword.builtin.SetTextKeyword.setText(SetTextKeyword.groovy:85)
	at com.kms.katalon.core.webui.keyword.builtin.SetTextKeyword.execute(SetTextKeyword.groovy:39)
	at com.kms.katalon.core.keyword.internal.KeywordExecutor.executeKeywordForPlatform(KeywordExecutor.groovy:74)
	at com.kms.katalon.core.webui.keyword.WebUiBuiltInKeywords.setText(WebUiBuiltInKeywords.groovy:1019)
	at com.kms.katalon.core.webui.keyword.WebUiBuiltInKeywords$setText$2.call(Unknown Source)
	at Script1749499513693.run(Script1749499513693.groovy:30)
	at com.kms.katalon.core.main.ScriptEngine.run(ScriptEngine.java:194)
	at com.kms.katalon.core.main.ScriptEngine.runScriptAsRawText(ScriptEngine.java:119)
	at com.kms.katalon.core.main.TestCaseExecutor.runScript(TestCaseExecutor.java:448)
	at com.kms.katalon.core.main.TestCaseExecutor.doExecute(TestCaseExecutor.java:439)
	at com.kms.katalon.core.main.TestCaseExecutor.processExecutionPhase(TestCaseExecutor.java:418)
	at com.kms.katalon.core.main.TestCaseExecutor.accessMainPhase(TestCaseExecutor.java:410)
	at com.kms.katalon.core.main.TestCaseExecutor.execute(TestCaseExecutor.java:285)
	at com.kms.katalon.core.main.TestCaseMain.runTestCase(TestCaseMain.java:137)
	at com.kms.katalon.core.keyword.builtin.CallTestCaseKeyword$_callTestCase_closure1.doCall(CallTestCaseKeyword.groovy:59)
	at com.kms.katalon.core.keyword.builtin.CallTestCaseKeyword$_callTestCase_closure1.call(CallTestCaseKeyword.groovy)
	at com.kms.katalon.core.keyword.internal.KeywordMain.runKeyword(KeywordMain.groovy:75)
	at com.kms.katalon.core.keyword.builtin.CallTestCaseKeyword.callTestCase(CallTestCaseKeyword.groovy:81)
	at com.kms.katalon.core.keyword.builtin.CallTestCaseKeyword.execute(CallTestCaseKeyword.groovy:44)
	at com.kms.katalon.core.keyword.internal.KeywordExecutor.executeKeywordForPlatform(KeywordExecutor.groovy:74)
	at com.kms.katalon.core.keyword.BuiltinKeywords.callTestCase(BuiltinKeywords.groovy:310)
	at jdk.internal.reflect.GeneratedMethodAccessor41.invoke(Unknown Source)
	at java.base/jdk.internal.reflect.DelegatingMethodAccessorImpl.invoke(DelegatingMethodAccessorImpl.java:43)
	at Script1739995887607.run(Script1739995887607.groovy:20)
	... 16 more
Caused by: java.net.ConnectException: Failed to connect to localhost/[0:0:0:0:0:0:0:1]:40250
	at okhttp3.internal.connection.RealConnection.connectSocket(RealConnection.java:247)
	at okhttp3.internal.connection.RealConnection.connect(RealConnection.java:165)
	at okhttp3.internal.connection.StreamAllocation.findConnection(StreamAllocation.java:257)
	at okhttp3.internal.connection.StreamAllocation.findHealthyConnection(StreamAllocation.java:135)
	at okhttp3.internal.connection.StreamAllocation.newStream(StreamAllocation.java:114)
	at okhttp3.internal.connection.ConnectInterceptor.intercept(ConnectInterceptor.java:42)
	at okhttp3.internal.http.RealInterceptorChain.proceed(RealInterceptorChain.java:147)
	at okhttp3.internal.http.RealInterceptorChain.proceed(RealInterceptorChain.java:121)
	at okhttp3.internal.cache.CacheInterceptor.intercept(CacheInterceptor.java:93)
	at okhttp3.internal.http.RealInterceptorChain.proceed(RealInterceptorChain.java:147)
	at okhttp3.internal.http.RealInterceptorChain.proceed(RealInterceptorChain.java:121)
	at okhttp3.internal.http.BridgeInterceptor.intercept(BridgeInterceptor.java:93)
	at okhttp3.internal.http.RealInterceptorChain.proceed(RealInterceptorChain.java:147)
	at okhttp3.internal.http.RetryAndFollowUpInterceptor.intercept(RetryAndFollowUpInterceptor.java:126)
	at okhttp3.internal.http.RealInterceptorChain.proceed(RealInterceptorChain.java:147)
	at okhttp3.internal.http.RealInterceptorChain.proceed(RealInterceptorChain.java:121)
	at okhttp3.RealCall.getResponseWithInterceptorChain(RealCall.java:200)
	at okhttp3.RealCall.execute(RealCall.java:77)
	at org.openqa.selenium.remote.internal.OkHttpClient.execute(OkHttpClient.java:103)
	at org.openqa.selenium.remote.HttpCommandExecutor.execute(HttpCommandExecutor.java:155)
	at org.openqa.selenium.remote.service.DriverCommandExecutor.execute(DriverCommandExecutor.java:83)
	... 64 more
Caused by: java.net.ConnectException: Connection refused: no further information
	at okhttp3.internal.platform.Platform.connectSocket(Platform.java:129)
	at okhttp3.internal.connection.RealConnection.connectSocket(RealConnection.java:245)
	... 84 more
)

21-10-2025T19:20:20 - [MESSAGE][WARNING] - [SELF-HEALING] Failed to find element with id 'Object Repository/Page_IdentityServer4/input_Username (e.g. email address)_Username'. Try using Self-healing.

21-10-2025T19:20:20 - [MESSAGE][WARNING] - [SELF-HEALING] java.net.ConnectException: Failed to connect to localhost/[0:0:0:0:0:0:0:1]:40250
Build info: version: '3.141.59', revision: 'unknown', time: 'unknown'
System info: host: 'DC1ADOBLD01', ip: '10.2.20.71', os.name: 'Windows Server 2019', os.arch: 'amd64', os.version: '10.0', java.version: '17.0.7'
Driver info: driver.version: EventFiringWebDriver

21-10-2025T19:20:21 - [MESSAGE][WARNING] - [SELF-HEALING] java.net.ConnectException: Failed to connect to localhost/[0:0:0:0:0:0:0:1]:40250
Build info: version: '3.141.59', revision: 'unknown', time: 'unknown'
System info: host: 'DC1ADOBLD01', ip: '10.2.20.71', os.name: 'Windows Server 2019', os.arch: 'amd64', os.version: '10.0', java.version: '17.0.7'
Driver info: driver.version: EventFiringWebDriver

21-10-2025T19:20:21 - [MESSAGE][WARNING] - [SELF-HEALING] java.net.ConnectException: Failed to connect to localhost/[0:0:0:0:0:0:0:1]:40250
Build info: version: '3.141.59', revision: 'unknown', time: 'unknown'
System info: host: 'DC1ADOBLD01', ip: '10.2.20.71', os.name: 'Windows Server 2019', os.arch: 'amd64', os.version: '10.0', java.version: '17.0.7'
Driver info: driver.version: EventFiringWebDriver

21-10-2025T19:20:21 - [MESSAGE][FAILED] - Unable to set text 'Chris.Sheldon+DES_QA@Thekag.com' of object 'Object Repository/Page_IdentityServer4/input_Username (e.g. email address)_Username' (Root cause: com.kms.katalon.core.exception.StepFailedException: Unable to set text 'Chris.Sheldon+DES_QA@Thekag.com' of object 'Object Repository/Page_IdentityServer4/input_Username (e.g. email address)_Username'
	at com.kms.katalon.core.webui.keyword.internal.WebUIKeywordMain.stepFailed(WebUIKeywordMain.groovy:117)
	at com.kms.katalon.core.webui.keyword.internal.WebUIKeywordMain.runKeyword(WebUIKeywordMain.groovy:43)
	at com.kms.katalon.core.webui.keyword.builtin.SetTextKeyword.setText(SetTextKeyword.groovy:85)
	at com.kms.katalon.core.webui.keyword.builtin.SetTextKeyword.execute(SetTextKeyword.groovy:39)
	at com.kms.katalon.core.keyword.internal.KeywordExecutor.executeKeywordForPlatform(KeywordExecutor.groovy:74)
	at com.kms.katalon.core.webui.keyword.WebUiBuiltInKeywords.setText(WebUiBuiltInKeywords.groovy:1019)
	at com.kms.katalon.core.webui.keyword.WebUiBuiltInKeywords$setText$2.call(Unknown Source)
	at DES Login.run(DES Login:30)
	at com.kms.katalon.core.main.ScriptEngine.run(ScriptEngine.java:194)
	at com.kms.katalon.core.main.ScriptEngine.runScriptAsRawText(ScriptEngine.java:119)
	at com.kms.katalon.core.main.TestCaseExecutor.runScript(TestCaseExecutor.java:448)
	at com.kms.katalon.core.main.TestCaseExecutor.doExecute(TestCaseExecutor.java:439)
	at com.kms.katalon.core.main.TestCaseExecutor.processExecutionPhase(TestCaseExecutor.java:418)
	at com.kms.katalon.core.main.TestCaseExecutor.accessMainPhase(TestCaseExecutor.java:410)
	at com.kms.katalon.core.main.TestCaseExecutor.execute(TestCaseExecutor.java:285)
	at com.kms.katalon.core.main.TestCaseMain.runTestCase(TestCaseMain.java:137)
	at com.kms.katalon.core.keyword.builtin.CallTestCaseKeyword$_callTestCase_closure1.doCall(CallTestCaseKeyword.groovy:59)
	at com.kms.katalon.core.keyword.builtin.CallTestCaseKeyword$_callTestCase_closure1.call(CallTestCaseKeyword.groovy)
	at com.kms.katalon.core.keyword.internal.KeywordMain.runKeyword(KeywordMain.groovy:75)
	at com.kms.katalon.core.keyword.builtin.CallTestCaseKeyword.callTestCase(CallTestCaseKeyword.groovy:81)
	at com.kms.katalon.core.keyword.builtin.CallTestCaseKeyword.execute(CallTestCaseKeyword.groovy:44)
	at com.kms.katalon.core.keyword.internal.KeywordExecutor.executeKeywordForPlatform(KeywordExecutor.groovy:74)
	at com.kms.katalon.core.keyword.BuiltinKeywords.callTestCase(BuiltinKeywords.groovy:310)
	at jdk.internal.reflect.GeneratedMethodAccessor41.invoke(Unknown Source)
	at java.base/jdk.internal.reflect.DelegatingMethodAccessorImpl.invoke(DelegatingMethodAccessorImpl.java:43)
	at Verify Accelerate Mapping Option Displays For Outbound ARO-INV Transmission.run(Verify Accelerate Mapping Option Displays For Outbound ARO-INV Transmission:20)
	at com.kms.katalon.core.main.ScriptEngine.run(ScriptEngine.java:194)
	at com.kms.katalon.core.main.ScriptEngine.runScriptAsRawText(ScriptEngine.java:119)
	at com.kms.katalon.core.main.TestCaseExecutor.runScript(TestCaseExecutor.java:448)
	at com.kms.katalon.core.main.TestCaseExecutor.doExecute(TestCaseExecutor.java:439)
	at com.kms.katalon.core.main.TestCaseExecutor.processExecutionPhase(TestCaseExecutor.java:418)
	at com.kms.katalon.core.main.TestCaseExecutor.accessMainPhase(TestCaseExecutor.java:410)
	at com.kms.katalon.core.main.TestCaseExecutor.execute(TestCaseExecutor.java:285)
	at com.kms.katalon.core.common.CommonExecutor.accessTestCaseMainPhase(CommonExecutor.java:65)
	at com.kms.katalon.core.main.TestSuiteExecutor.accessTestSuiteMainPhase(TestSuiteExecutor.java:150)
	at com.kms.katalon.core.main.TestSuiteExecutor.execute(TestSuiteExecutor.java:106)
	at com.kms.katalon.core.main.TestCaseMain.startTestSuite(TestCaseMain.java:180)
	at com.kms.katalon.core.main.TestCaseMain$startTestSuite$0.call(Unknown Source)
	at TempTestSuite1761084128061.run(TempTestSuite1761084128061.groovy:35)
	at java.base/jdk.internal.reflect.NativeMethodAccessorImpl.invoke0(Native Method)
	at java.base/jdk.internal.reflect.NativeMethodAccessorImpl.invoke(NativeMethodAccessorImpl.java:77)
	at java.base/jdk.internal.reflect.DelegatingMethodAccessorImpl.invoke(DelegatingMethodAccessorImpl.java:43)
Caused by: org.openqa.selenium.WebDriverException: java.net.ConnectException: Failed to connect to localhost/[0:0:0:0:0:0:0:1]:40250
Build info: version: '3.141.59', revision: 'unknown', time: 'unknown'
System info: host: 'DC1ADOBLD01', ip: '10.2.20.71', os.name: 'Windows Server 2019', os.arch: 'amd64', os.version: '10.0', java.version: '17.0.7'
Driver info: driver.version: EventFiringWebDriver
	at org.openqa.selenium.remote.service.DriverCommandExecutor.execute(DriverCommandExecutor.java:92)
	at org.openqa.selenium.remote.RemoteWebDriver.execute(RemoteWebDriver.java:552)
	at com.kms.katalon.selenium.driver.CChromeDriver.execute(CChromeDriver.java:19)
	at org.openqa.selenium.remote.RemoteWebDriver.findElements(RemoteWebDriver.java:353)
	at org.openqa.selenium.remote.RemoteWebDriver.findElementsByXPath(RemoteWebDriver.java:432)
	at org.openqa.selenium.By$ByXPath.findElements(By.java:348)
	at org.openqa.selenium.remote.RemoteWebDriver.findElements(RemoteWebDriver.java:311)
	at jdk.internal.reflect.GeneratedMethodAccessor9.invoke(Unknown Source)
	at java.base/jdk.internal.reflect.DelegatingMethodAccessorImpl.invoke(DelegatingMethodAccessorImpl.java:43)
	at org.openqa.selenium.support.events.EventFiringWebDriver.lambda$new$1(EventFiringWebDriver.java:105)
	at jdk.proxy2/jdk.proxy2.$Proxy26.findElements(Unknown Source)
	at org.openqa.selenium.support.events.EventFiringWebDriver.findElements(EventFiringWebDriver.java:182)
	at com.kms.katalon.core.webui.common.WebUiCommonHelper.findElementByNormalMethods(WebUiCommonHelper.java:1033)
	at com.kms.katalon.core.webui.common.WebUiCommonHelper.findElementsBySelectedMethod(WebUiCommonHelper.java:924)
	at com.kms.katalon.core.webui.common.WebUiCommonHelper.findElementsBySelectedMethod(WebUiCommonHelper.java:906)
	at com.kms.katalon.core.webui.common.WebUiCommonHelper.findElementsBySelectedMethod(WebUiCommonHelper.java:901)
	at com.kms.katalon.core.webui.common.WebUiCommonHelper.findElementsByDefault(WebUiCommonHelper.java:897)
	at com.kms.katalon.core.webui.common.WebUiCommonHelper.findElementsWithSelfHealing(WebUiCommonHelper.java:743)
	at com.kms.katalon.core.webui.common.WebUiCommonHelper.findWebElements(WebUiCommonHelper.java:727)
	at com.kms.katalon.core.webui.common.WebUiCommonHelper.findWebElement(WebUiCommonHelper.java:1413)
	at com.kms.katalon.core.webui.keyword.internal.WebUIAbstractKeyword.findWebElement(WebUIAbstractKeyword.groovy:27)
	at com.kms.katalon.core.webui.keyword.internal.WebUIAbstractKeyword.findWebElement(WebUIAbstractKeyword.groovy:26)
	at com.kms.katalon.core.webui.keyword.builtin.SetTextKeyword$_setText_closure1.doCall(SetTextKeyword.groovy:53)
	at com.kms.katalon.core.webui.keyword.builtin.SetTextKeyword$_setText_closure1.call(SetTextKeyword.groovy)
	at com.kms.katalon.core.webui.keyword.internal.WebUIKeywordMain.runKeyword(WebUIKeywordMain.groovy:35)
	at com.kms.katalon.core.webui.keyword.builtin.SetTextKeyword.setText(SetTextKeyword.groovy:85)
	at com.kms.katalon.core.webui.keyword.builtin.SetTextKeyword.execute(SetTextKeyword.groovy:39)
	at com.kms.katalon.core.keyword.internal.KeywordExecutor.executeKeywordForPlatform(KeywordExecutor.groovy:74)
	at com.kms.katalon.core.webui.keyword.WebUiBuiltInKeywords.setText(WebUiBuiltInKeywords.groovy:1019)
	at com.kms.katalon.core.webui.keyword.WebUiBuiltInKeywords$setText$2.call(Unknown Source)
	at Script1749499513693.run(Script1749499513693.groovy:30)
	at com.kms.katalon.core.main.ScriptEngine.run(ScriptEngine.java:194)
	at com.kms.katalon.core.main.ScriptEngine.runScriptAsRawText(ScriptEngine.java:119)
	at com.kms.katalon.core.main.TestCaseExecutor.runScript(TestCaseExecutor.java:448)
	at com.kms.katalon.core.main.TestCaseExecutor.doExecute(TestCaseExecutor.java:439)
	at com.kms.katalon.core.main.TestCaseExecutor.processExecutionPhase(TestCaseExecutor.java:418)
	at com.kms.katalon.core.main.TestCaseExecutor.accessMainPhase(TestCaseExecutor.java:410)
	at com.kms.katalon.core.main.TestCaseExecutor.execute(TestCaseExecutor.java:285)
	at com.kms.katalon.core.main.TestCaseMain.runTestCase(TestCaseMain.java:137)
	at com.kms.katalon.core.keyword.builtin.CallTestCaseKeyword$_callTestCase_closure1.doCall(CallTestCaseKeyword.groovy:59)
	at com.kms.katalon.core.keyword.builtin.CallTestCaseKeyword$_callTestCase_closure1.call(CallTestCaseKeyword.groovy)
	at com.kms.katalon.core.keyword.internal.KeywordMain.runKeyword(KeywordMain.groovy:75)
	at com.kms.katalon.core.keyword.builtin.CallTestCaseKeyword.callTestCase(CallTestCaseKeyword.groovy:81)
	at com.kms.katalon.core.keyword.builtin.CallTestCaseKeyword.execute(CallTestCaseKeyword.groovy:44)
	at com.kms.katalon.core.keyword.internal.KeywordExecutor.executeKeywordForPlatform(KeywordExecutor.groovy:74)
	at com.kms.katalon.core.keyword.BuiltinKeywords.callTestCase(BuiltinKeywords.groovy:310)
	at jdk.internal.reflect.GeneratedMethodAccessor41.invoke(Unknown Source)
	at java.base/jdk.internal.reflect.DelegatingMethodAccessorImpl.invoke(DelegatingMethodAccessorImpl.java:43)
	at Script1739995887607.run(Script1739995887607.groovy:20)
	... 16 more
Caused by: java.net.ConnectException: Failed to connect to localhost/[0:0:0:0:0:0:0:1]:40250
	at okhttp3.internal.connection.RealConnection.connectSocket(RealConnection.java:247)
	at okhttp3.internal.connection.RealConnection.connect(RealConnection.java:165)
	at okhttp3.internal.connection.StreamAllocation.findConnection(StreamAllocation.java:257)
	at okhttp3.internal.connection.StreamAllocation.findHealthyConnection(StreamAllocation.java:135)
	at okhttp3.internal.connection.StreamAllocation.newStream(StreamAllocation.java:114)
	at okhttp3.internal.connection.ConnectInterceptor.intercept(ConnectInterceptor.java:42)
	at okhttp3.internal.http.RealInterceptorChain.proceed(RealInterceptorChain.java:147)
	at okhttp3.internal.http.RealInterceptorChain.proceed(RealInterceptorChain.java:121)
	at okhttp3.internal.cache.CacheInterceptor.intercept(CacheInterceptor.java:93)
	at okhttp3.internal.http.RealInterceptorChain.proceed(RealInterceptorChain.java:147)
	at okhttp3.internal.http.RealInterceptorChain.proceed(RealInterceptorChain.java:121)
	at okhttp3.internal.http.BridgeInterceptor.intercept(BridgeInterceptor.java:93)
	at okhttp3.internal.http.RealInterceptorChain.proceed(RealInterceptorChain.java:147)
	at okhttp3.internal.http.RetryAndFollowUpInterceptor.intercept(RetryAndFollowUpInterceptor.java:126)
	at okhttp3.internal.http.RealInterceptorChain.proceed(RealInterceptorChain.java:147)
	at okhttp3.internal.http.RealInterceptorChain.proceed(RealInterceptorChain.java:121)
	at okhttp3.RealCall.getResponseWithInterceptorChain(RealCall.java:200)
	at okhttp3.RealCall.execute(RealCall.java:77)
	at org.openqa.selenium.remote.internal.OkHttpClient.execute(OkHttpClient.java:103)
	at org.openqa.selenium.remote.HttpCommandExecutor.execute(HttpCommandExecutor.java:155)
	at org.openqa.selenium.remote.service.DriverCommandExecutor.execute(DriverCommandExecutor.java:83)
	... 64 more
Caused by: java.net.ConnectException: Connection refused: no further information
	at okhttp3.internal.platform.Platform.connectSocket(Platform.java:129)
	at okhttp3.internal.connection.RealConnection.connectSocket(RealConnection.java:245)
	... 84 more
)

21-10-2025T19:20:21 - [MESSAGE][FAILED] - Unable to call Test Case 'Test Cases/DES/DES Login' (Root cause: com.kms.katalon.core.exception.StepFailedException: Call Test Case 'Test Cases/DES/DES Login' failed
	at com.kms.katalon.core.keyword.builtin.CallTestCaseKeyword$_callTestCase_closure1.doCall(CallTestCaseKeyword.groovy:63)
	at com.kms.katalon.core.keyword.builtin.CallTestCaseKeyword$_callTestCase_closure1.call(CallTestCaseKeyword.groovy)
	at com.kms.katalon.core.keyword.internal.KeywordMain.runKeyword(KeywordMain.groovy:75)
	at com.kms.katalon.core.keyword.builtin.CallTestCaseKeyword.callTestCase(CallTestCaseKeyword.groovy:81)
	at com.kms.katalon.core.keyword.builtin.CallTestCaseKeyword.execute(CallTestCaseKeyword.groovy:44)
	at com.kms.katalon.core.keyword.internal.KeywordExecutor.executeKeywordForPlatform(KeywordExecutor.groovy:74)
	at com.kms.katalon.core.keyword.BuiltinKeywords.callTestCase(BuiltinKeywords.groovy:310)
	at jdk.internal.reflect.GeneratedMethodAccessor41.invoke(Unknown Source)
	at java.base/jdk.internal.reflect.DelegatingMethodAccessorImpl.invoke(DelegatingMethodAccessorImpl.java:43)
	at Verify Accelerate Mapping Option Displays For Outbound ARO-INV Transmission.run(Verify Accelerate Mapping Option Displays For Outbound ARO-INV Transmission:20)
	at com.kms.katalon.core.main.ScriptEngine.run(ScriptEngine.java:194)
	at com.kms.katalon.core.main.ScriptEngine.runScriptAsRawText(ScriptEngine.java:119)
	at com.kms.katalon.core.main.TestCaseExecutor.runScript(TestCaseExecutor.java:448)
	at com.kms.katalon.core.main.TestCaseExecutor.doExecute(TestCaseExecutor.java:439)
	at com.kms.katalon.core.main.TestCaseExecutor.processExecutionPhase(TestCaseExecutor.java:418)
	at com.kms.katalon.core.main.TestCaseExecutor.accessMainPhase(TestCaseExecutor.java:410)
	at com.kms.katalon.core.main.TestCaseExecutor.execute(TestCaseExecutor.java:285)
	at com.kms.katalon.core.common.CommonExecutor.accessTestCaseMainPhase(CommonExecutor.java:65)
	at com.kms.katalon.core.main.TestSuiteExecutor.accessTestSuiteMainPhase(TestSuiteExecutor.java:150)
	at com.kms.katalon.core.main.TestSuiteExecutor.execute(TestSuiteExecutor.java:106)
	at com.kms.katalon.core.main.TestCaseMain.startTestSuite(TestCaseMain.java:180)
	at com.kms.katalon.core.main.TestCaseMain$startTestSuite$0.call(Unknown Source)
	at TempTestSuite1761084128061.run(TempTestSuite1761084128061.groovy:35)
	at java.base/jdk.internal.reflect.NativeMethodAccessorImpl.invoke0(Native Method)
	at java.base/jdk.internal.reflect.NativeMethodAccessorImpl.invoke(NativeMethodAccessorImpl.java:77)
	at java.base/jdk.internal.reflect.DelegatingMethodAccessorImpl.invoke(DelegatingMethodAccessorImpl.java:43)
Caused by: com.kms.katalon.core.exception.StepFailedException: Unable to set text 'Chris.Sheldon+DES_QA@Thekag.com' of object 'Object Repository/Page_IdentityServer4/input_Username (e.g. email address)_Username'
	at com.kms.katalon.core.webui.keyword.internal.WebUIKeywordMain.stepFailed(WebUIKeywordMain.groovy:117)
	at com.kms.katalon.core.webui.keyword.internal.WebUIKeywordMain.runKeyword(WebUIKeywordMain.groovy:43)
	at com.kms.katalon.core.webui.keyword.builtin.SetTextKeyword.setText(SetTextKeyword.groovy:85)
	at com.kms.katalon.core.webui.keyword.builtin.SetTextKeyword.execute(SetTextKeyword.groovy:39)
	at com.kms.katalon.core.keyword.internal.KeywordExecutor.executeKeywordForPlatform(KeywordExecutor.groovy:74)
	at com.kms.katalon.core.webui.keyword.WebUiBuiltInKeywords.setText(WebUiBuiltInKeywords.groovy:1019)
	at com.kms.katalon.core.webui.keyword.WebUiBuiltInKeywords$setText$2.call(Unknown Source)
	at DES Login.run(DES Login:30)
	at com.kms.katalon.core.main.ScriptEngine.run(ScriptEngine.java:194)
	at com.kms.katalon.core.main.ScriptEngine.runScriptAsRawText(ScriptEngine.java:119)
	at com.kms.katalon.core.main.TestCaseExecutor.runScript(TestCaseExecutor.java:448)
	at com.kms.katalon.core.main.TestCaseExecutor.doExecute(TestCaseExecutor.java:439)
	at com.kms.katalon.core.main.TestCaseExecutor.processExecutionPhase(TestCaseExecutor.java:418)
	at com.kms.katalon.core.main.TestCaseExecutor.accessMainPhase(TestCaseExecutor.java:410)
	at com.kms.katalon.core.main.TestCaseExecutor.execute(TestCaseExecutor.java:285)
	at com.kms.katalon.core.main.TestCaseMain.runTestCase(TestCaseMain.java:137)
	at com.kms.katalon.core.keyword.builtin.CallTestCaseKeyword$_callTestCase_closure1.doCall(CallTestCaseKeyword.groovy:59)
	... 25 more
Caused by: org.openqa.selenium.WebDriverException: java.net.ConnectException: Failed to connect to localhost/[0:0:0:0:0:0:0:1]:40250
Build info: version: '3.141.59', revision: 'unknown', time: 'unknown'
System info: host: 'DC1ADOBLD01', ip: '10.2.20.71', os.name: 'Windows Server 2019', os.arch: 'amd64', os.version: '10.0', java.version: '17.0.7'
Driver info: driver.version: EventFiringWebDriver
	at org.openqa.selenium.remote.service.DriverCommandExecutor.execute(DriverCommandExecutor.java:92)
	at org.openqa.selenium.remote.RemoteWebDriver.execute(RemoteWebDriver.java:552)
	at com.kms.katalon.selenium.driver.CChromeDriver.execute(CChromeDriver.java:19)
	at org.openqa.selenium.remote.RemoteWebDriver.findElements(RemoteWebDriver.java:353)
	at org.openqa.selenium.remote.RemoteWebDriver.findElementsByXPath(RemoteWebDriver.java:432)
	at org.openqa.selenium.By$ByXPath.findElements(By.java:348)
	at org.openqa.selenium.remote.RemoteWebDriver.findElements(RemoteWebDriver.java:311)
	at jdk.internal.reflect.GeneratedMethodAccessor9.invoke(Unknown Source)
	at java.base/jdk.internal.reflect.DelegatingMethodAccessorImpl.invoke(DelegatingMethodAccessorImpl.java:43)
	at org.openqa.selenium.support.events.EventFiringWebDriver.lambda$new$1(EventFiringWebDriver.java:105)
	at jdk.proxy2/jdk.proxy2.$Proxy26.findElements(Unknown Source)
	at org.openqa.selenium.support.events.EventFiringWebDriver.findElements(EventFiringWebDriver.java:182)
	at com.kms.katalon.core.webui.common.WebUiCommonHelper.findElementByNormalMethods(WebUiCommonHelper.java:1033)
	at com.kms.katalon.core.webui.common.WebUiCommonHelper.findElementsBySelectedMethod(WebUiCommonHelper.java:924)
	at com.kms.katalon.core.webui.common.WebUiCommonHelper.findElementsBySelectedMethod(WebUiCommonHelper.java:906)
	at com.kms.katalon.core.webui.common.WebUiCommonHelper.findElementsBySelectedMethod(WebUiCommonHelper.java:901)
	at com.kms.katalon.core.webui.common.WebUiCommonHelper.findElementsByDefault(WebUiCommonHelper.java:897)
	at com.kms.katalon.core.webui.common.WebUiCommonHelper.findElementsWithSelfHealing(WebUiCommonHelper.java:743)
	at com.kms.katalon.core.webui.common.WebUiCommonHelper.findWebElements(WebUiCommonHelper.java:727)
	at com.kms.katalon.core.webui.common.WebUiCommonHelper.findWebElement(WebUiCommonHelper.java:1413)
	at com.kms.katalon.core.webui.keyword.internal.WebUIAbstractKeyword.findWebElement(WebUIAbstractKeyword.groovy:27)
	at com.kms.katalon.core.webui.keyword.internal.WebUIAbstractKeyword.findWebElement(WebUIAbstractKeyword.groovy:26)
	at com.kms.katalon.core.webui.keyword.builtin.SetTextKeyword$_setText_closure1.doCall(SetTextKeyword.groovy:53)
	at com.kms.katalon.core.webui.keyword.builtin.SetTextKeyword$_setText_closure1.call(SetTextKeyword.groovy)
	at com.kms.katalon.core.webui.keyword.internal.WebUIKeywordMain.runKeyword(WebUIKeywordMain.groovy:35)
	at com.kms.katalon.core.webui.keyword.builtin.SetTextKeyword.setText(SetTextKeyword.groovy:85)
	at com.kms.katalon.core.webui.keyword.builtin.SetTextKeyword.execute(SetTextKeyword.groovy:39)
	at com.kms.katalon.core.keyword.internal.KeywordExecutor.executeKeywordForPlatform(KeywordExecutor.groovy:74)
	at com.kms.katalon.core.webui.keyword.WebUiBuiltInKeywords.setText(WebUiBuiltInKeywords.groovy:1019)
	at com.kms.katalon.core.webui.keyword.WebUiBuiltInKeywords$setText$2.call(Unknown Source)
	at Script1749499513693.run(Script1749499513693.groovy:30)
	at com.kms.katalon.core.main.ScriptEngine.run(ScriptEngine.java:194)
	at com.kms.katalon.core.main.ScriptEngine.runScriptAsRawText(ScriptEngine.java:119)
	at com.kms.katalon.core.main.TestCaseExecutor.runScript(TestCaseExecutor.java:448)
	at com.kms.katalon.core.main.TestCaseExecutor.doExecute(TestCaseExecutor.java:439)
	at com.kms.katalon.core.main.TestCaseExecutor.processExecutionPhase(TestCaseExecutor.java:418)
	at com.kms.katalon.core.main.TestCaseExecutor.accessMainPhase(TestCaseExecutor.java:410)
	at com.kms.katalon.core.main.TestCaseExecutor.execute(TestCaseExecutor.java:285)
	at com.kms.katalon.core.main.TestCaseMain.runTestCase(TestCaseMain.java:137)
	at com.kms.katalon.core.keyword.builtin.CallTestCaseKeyword$_callTestCase_closure1.doCall(CallTestCaseKeyword.groovy:59)
	at com.kms.katalon.core.keyword.builtin.CallTestCaseKeyword$_callTestCase_closure1.call(CallTestCaseKeyword.groovy)
	at com.kms.katalon.core.keyword.internal.KeywordMain.runKeyword(KeywordMain.groovy:75)
	at com.kms.katalon.core.keyword.builtin.CallTestCaseKeyword.callTestCase(CallTestCaseKeyword.groovy:81)
	at com.kms.katalon.core.keyword.builtin.CallTestCaseKeyword.execute(CallTestCaseKeyword.groovy:44)
	at com.kms.katalon.core.keyword.internal.KeywordExecutor.executeKeywordForPlatform(KeywordExecutor.groovy:74)
	at com.kms.katalon.core.keyword.BuiltinKeywords.callTestCase(BuiltinKeywords.groovy:310)
	at jdk.internal.reflect.GeneratedMethodAccessor41.invoke(Unknown Source)
	at java.base/jdk.internal.reflect.DelegatingMethodAccessorImpl.invoke(DelegatingMethodAccessorImpl.java:43)
	at Script1739995887607.run(Script1739995887607.groovy:20)
	... 16 more
Caused by: java.net.ConnectException: Failed to connect to localhost/[0:0:0:0:0:0:0:1]:40250
	at okhttp3.internal.connection.RealConnection.connectSocket(RealConnection.java:247)
	at okhttp3.internal.connection.RealConnection.connect(RealConnection.java:165)
	at okhttp3.internal.connection.StreamAllocation.findConnection(StreamAllocation.java:257)
	at okhttp3.internal.connection.StreamAllocation.findHealthyConnection(StreamAllocation.java:135)
	at okhttp3.internal.connection.StreamAllocation.newStream(StreamAllocation.java:114)
	at okhttp3.internal.connection.ConnectInterceptor.intercept(ConnectInterceptor.java:42)
	at okhttp3.internal.http.RealInterceptorChain.proceed(RealInterceptorChain.java:147)
	at okhttp3.internal.http.RealInterceptorChain.proceed(RealInterceptorChain.java:121)
	at okhttp3.internal.cache.CacheInterceptor.intercept(CacheInterceptor.java:93)
	at okhttp3.internal.http.RealInterceptorChain.proceed(RealInterceptorChain.java:147)
	at okhttp3.internal.http.RealInterceptorChain.proceed(RealInterceptorChain.java:121)
	at okhttp3.internal.http.BridgeInterceptor.intercept(BridgeInterceptor.java:93)
	at okhttp3.internal.http.RealInterceptorChain.proceed(RealInterceptorChain.java:147)
	at okhttp3.internal.http.RetryAndFollowUpInterceptor.intercept(RetryAndFollowUpInterceptor.java:126)
	at okhttp3.internal.http.RealInterceptorChain.proceed(RealInterceptorChain.java:147)
	at okhttp3.internal.http.RealInterceptorChain.proceed(RealInterceptorChain.java:121)
	at okhttp3.RealCall.getResponseWithInterceptorChain(RealCall.java:200)
	at okhttp3.RealCall.execute(RealCall.java:77)
	at org.openqa.selenium.remote.internal.OkHttpClient.execute(OkHttpClient.java:103)
	at org.openqa.selenium.remote.HttpCommandExecutor.execute(HttpCommandExecutor.java:155)
	at org.openqa.selenium.remote.service.DriverCommandExecutor.execute(DriverCommandExecutor.java:83)
	... 64 more
Caused by: java.net.ConnectException: Connection refused: no further information
	at okhttp3.internal.platform.Platform.connectSocket(Platform.java:129)
	at okhttp3.internal.connection.RealConnection.connectSocket(RealConnection.java:245)
	at okhttp3.internal.connection.RealConnection.connect(RealConnection.java:165)
	at okhttp3.internal.connection.StreamAllocation.findConnection(StreamAllocation.java:257)
	at okhttp3.internal.connection.StreamAllocation.findHealthyConnection(StreamAllocation.java:135)
	at okhttp3.internal.connection.StreamAllocation.newStream(StreamAllocation.java:114)
	at okhttp3.internal.connection.ConnectInterceptor.intercept(ConnectInterceptor.java:42)
	at okhttp3.internal.http.RealInterceptorChain.proceed(RealInterceptorChain.java:147)
	at okhttp3.internal.http.RealInterceptorChain.proceed(RealInterceptorChain.java:121)
	at okhttp3.internal.cache.CacheInterceptor.intercept(CacheInterceptor.java:93)
	at okhttp3.internal.http.RealInterceptorChain.proceed(RealInterceptorChain.java:147)
	at okhttp3.internal.http.RealInterceptorChain.proceed(RealInterceptorChain.java:121)
	at okhttp3.internal.http.BridgeInterceptor.intercept(BridgeInterceptor.java:93)
	at okhttp3.internal.http.RealInterceptorChain.proceed(RealInterceptorChain.java:147)
	at okhttp3.internal.http.RetryAndFollowUpInterceptor.intercept(RetryAndFollowUpInterceptor.java:126)
	at okhttp3.internal.http.RealInterceptorChain.proceed(RealInterceptorChain.java:147)
	at okhttp3.internal.http.RealInterceptorChain.proceed(RealInterceptorChain.java:121)
	at okhttp3.RealCall.getResponseWithInterceptorChain(RealCall.java:200)
	at okhttp3.RealCall.execute(RealCall.java:77)
	at org.openqa.selenium.remote.internal.OkHttpClient.execute(OkHttpClient.java:103)
	at org.openqa.selenium.remote.HttpCommandExecutor.execute(HttpCommandExecutor.java:155)
	at org.openqa.selenium.remote.service.DriverCommandExecutor.execute(DriverCommandExecutor.java:83)
	at org.openqa.selenium.remote.RemoteWebDriver.execute(RemoteWebDriver.java:552)
	at com.kms.katalon.selenium.driver.CChromeDriver.execute(CChromeDriver.java:19)
	at org.openqa.selenium.remote.RemoteWebDriver.findElements(RemoteWebDriver.java:353)
	at org.openqa.selenium.remote.RemoteWebDriver.findElementsByXPath(RemoteWebDriver.java:432)
	at org.openqa.selenium.By$ByXPath.findElements(By.java:348)
	at org.openqa.selenium.remote.RemoteWebDriver.findElements(RemoteWebDriver.java:311)
	at jdk.internal.reflect.GeneratedMethodAccessor9.invoke(Unknown Source)
	at java.base/jdk.internal.reflect.DelegatingMethodAccessorImpl.invoke(DelegatingMethodAccessorImpl.java:43)
	at org.openqa.selenium.support.events.EventFiringWebDriver.lambda$new$1(EventFiringWebDriver.java:105)
	at jdk.proxy2/jdk.proxy2.$Proxy26.findElements(Unknown Source)
	at org.openqa.selenium.support.events.EventFiringWebDriver.findElements(EventFiringWebDriver.java:182)
	at com.kms.katalon.core.webui.common.WebUiCommonHelper.findElementByNormalMethods(WebUiCommonHelper.java:1033)
	at com.kms.katalon.core.webui.common.WebUiCommonHelper.findElementsBySelectedMethod(WebUiCommonHelper.java:924)
	at com.kms.katalon.core.webui.common.WebUiCommonHelper.findElementsBySelectedMethod(WebUiCommonHelper.java:906)
	at com.kms.katalon.core.webui.common.WebUiCommonHelper.findElementsBySelectedMethod(WebUiCommonHelper.java:901)
	at com.kms.katalon.core.webui.common.WebUiCommonHelper.findElementsByDefault(WebUiCommonHelper.java:897)
	at com.kms.katalon.core.webui.common.WebUiCommonHelper.findElementsWithSelfHealing(WebUiCommonHelper.java:743)
	at com.kms.katalon.core.webui.common.WebUiCommonHelper.findWebElements(WebUiCommonHelper.java:727)
	at com.kms.katalon.core.webui.common.WebUiCommonHelper.findWebElement(WebUiCommonHelper.java:1413)
	at com.kms.katalon.core.webui.keyword.internal.WebUIAbstractKeyword.findWebElement(WebUIAbstractKeyword.groovy:27)
	at com.kms.katalon.core.webui.keyword.internal.WebUIAbstractKeyword.findWebElement(WebUIAbstractKeyword.groovy:26)
	at com.kms.katalon.core.webui.keyword.builtin.SetTextKeyword$_setText_closure1.doCall(SetTextKeyword.groovy:53)
	at com.kms.katalon.core.webui.keyword.builtin.SetTextKeyword$_setText_closure1.call(SetTextKeyword.groovy)
	at com.kms.katalon.core.webui.keyword.internal.WebUIKeywordMain.runKeyword(WebUIKeywordMain.groovy:35)
	at com.kms.katalon.core.webui.keyword.builtin.SetTextKeyword.setText(SetTextKeyword.groovy:85)
	at com.kms.katalon.core.webui.keyword.builtin.SetTextKeyword.execute(SetTextKeyword.groovy:39)
	at com.kms.katalon.core.keyword.internal.KeywordExecutor.executeKeywordForPlatform(KeywordExecutor.groovy:74)
	at com.kms.katalon.core.webui.keyword.WebUiBuiltInKeywords.setText(WebUiBuiltInKeywords.groovy:1019)
	at com.kms.katalon.core.webui.keyword.WebUiBuiltInKeywords$setText$2.call(Unknown Source)
	at DES Login.run(DES Login:30)
	at com.kms.katalon.core.main.ScriptEngine.run(ScriptEngine.java:194)
	at com.kms.katalon.core.main.ScriptEngine.runScriptAsRawText(ScriptEngine.java:119)
	at com.kms.katalon.core.main.TestCaseExecutor.runScript(TestCaseExecutor.java:448)
	at com.kms.katalon.core.main.TestCaseExecutor.doExecute(TestCaseExecutor.java:439)
	at com.kms.katalon.core.main.TestCaseExecutor.processExecutionPhase(TestCaseExecutor.java:418)
	at com.kms.katalon.core.main.TestCaseExecutor.accessMainPhase(TestCaseExecutor.java:410)
	at com.kms.katalon.core.main.TestCaseExecutor.execute(TestCaseExecutor.java:285)
	at com.kms.katalon.core.main.TestCaseMain.runTestCase(TestCaseMain.java:137)
	at com.kms.katalon.core.keyword.builtin.CallTestCaseKeyword$_callTestCase_closure1.doCall(CallTestCaseKeyword.groovy:59)
	at com.kms.katalon.core.keyword.builtin.CallTestCaseKeyword$_callTestCase_closure1.call(CallTestCaseKeyword.groovy)
	at com.kms.katalon.core.keyword.internal.KeywordMain.runKeyword(KeywordMain.groovy:75)
	at com.kms.katalon.core.keyword.builtin.CallTestCaseKeyword.callTestCase(CallTestCaseKeyword.groovy:81)
	at com.kms.katalon.core.keyword.builtin.CallTestCaseKeyword.execute(CallTestCaseKeyword.groovy:44)
	at com.kms.katalon.core.keyword.internal.KeywordExecutor.executeKeywordForPlatform(KeywordExecutor.groovy:74)
	at com.kms.katalon.core.keyword.BuiltinKeywords.callTestCase(BuiltinKeywords.groovy:310)
	at jdk.internal.reflect.GeneratedMethodAccessor41.invoke(Unknown Source)
	at java.base/jdk.internal.reflect.DelegatingMethodAccessorImpl.invoke(DelegatingMethodAccessorImpl.java:43)
	at Verify Accelerate Mapping Option Displays For Outbound ARO-INV Transmission.run(Verify Accelerate Mapping Option Displays For Outbound ARO-INV Transmission:20)
	... 16 more
)

21-10-2025T19:20:21 - [TEST_STEP][FAILED] - Start listener action : retryOnDisconnect: null

21-10-2025T19:20:21 - [TEST_STEP][PASSED] - tcId = testCaseContext.getTestCaseId(): null

21-10-2025T19:20:21 - [TEST_STEP][PASSED] - currentRetry = retryCounts.getOrDefault(tcId, 0): null

21-10-2025T19:20:21 - [TEST_STEP][FAILED] - if (testCaseContext.getTestCaseStatus() == "FAILED" && currentRetry < MAX_RETRIES): null

21-10-2025T19:20:21 - [TEST_STEP][FAILED] - try: Unable to get the url of the current window (Root cause: com.kms.katalon.core.exception.StepFailedException: Unable to get the url of the current window
	at com.kms.katalon.core.webui.keyword.internal.WebUIKeywordMain.stepFailed(WebUIKeywordMain.groovy:117)
	at com.kms.katalon.core.webui.keyword.internal.WebUIKeywordMain.runKeyword(WebUIKeywordMain.groovy:43)
	at com.kms.katalon.core.webui.keyword.builtin.GetUrlKeyword.getUrl(GetUrlKeyword.groovy:76)
	at com.kms.katalon.core.webui.keyword.builtin.GetUrlKeyword.execute(GetUrlKeyword.groovy:66)
	at com.kms.katalon.core.keyword.internal.KeywordExecutor.executeKeywordForPlatform(KeywordExecutor.groovy:74)
	at com.kms.katalon.core.webui.keyword.WebUiBuiltInKeywords.getUrl(WebUiBuiltInKeywords.groovy:276)
	at com.kms.katalon.core.webui.keyword.WebUiBuiltInKeywords$getUrl$14.call(Unknown Source)
	at WebDriverRetryListener.retryOnDisconnect(WebDriverRecoveryListener.groovy:22)
	at jdk.internal.reflect.GeneratedMethodAccessor47.invoke(Unknown Source)
	at java.base/jdk.internal.reflect.DelegatingMethodAccessorImpl.invoke(DelegatingMethodAccessorImpl.java:43)
	at com.kms.katalon.core.context.internal.TestHooker.invokeMethod(TestHooker.java:111)
	at com.kms.katalon.core.context.internal.TestHooker.lambda$3(TestHooker.java:95)
	at com.kms.katalon.core.context.internal.TestHooker.invokeContextMethods(TestHooker.java:94)
	at com.kms.katalon.core.context.internal.TestListenerCollector.lambda$3(TestListenerCollector.java:88)
	at com.kms.katalon.core.context.internal.TestListenerCollector.handleListenerEvent(TestListenerCollector.java:85)
	at com.kms.katalon.core.context.internal.ExecutionEventManager.publicEvent(ExecutionEventManager.java:36)
	at com.kms.katalon.core.main.TestCaseExecutor.execute(TestCaseExecutor.java:315)
	at com.kms.katalon.core.common.CommonExecutor.accessTestCaseMainPhase(CommonExecutor.java:65)
	at com.kms.katalon.core.main.TestSuiteExecutor.accessTestSuiteMainPhase(TestSuiteExecutor.java:150)
	at com.kms.katalon.core.main.TestSuiteExecutor.execute(TestSuiteExecutor.java:106)
	at com.kms.katalon.core.main.TestCaseMain.startTestSuite(TestCaseMain.java:180)
	at com.kms.katalon.core.main.TestCaseMain$startTestSuite$0.call(Unknown Source)
	at TempTestSuite1761084128061.run(TempTestSuite1761084128061.groovy:35)
	at java.base/jdk.internal.reflect.NativeMethodAccessorImpl.invoke0(Native Method)
	at java.base/jdk.internal.reflect.NativeMethodAccessorImpl.invoke(NativeMethodAccessorImpl.java:77)
	at java.base/jdk.internal.reflect.DelegatingMethodAccessorImpl.invoke(DelegatingMethodAccessorImpl.java:43)
Caused by: org.openqa.selenium.WebDriverException: java.net.ConnectException: Failed to connect to localhost/[0:0:0:0:0:0:0:1]:40250
Build info: version: '3.141.59', revision: 'unknown', time: 'unknown'
System info: host: 'DC1ADOBLD01', ip: '10.2.20.71', os.name: 'Windows Server 2019', os.arch: 'amd64', os.version: '10.0', java.version: '17.0.7'
Driver info: driver.version: EventFiringWebDriver
	at org.openqa.selenium.remote.service.DriverCommandExecutor.execute(DriverCommandExecutor.java:92)
	at org.openqa.selenium.remote.RemoteWebDriver.execute(RemoteWebDriver.java:552)
	at com.kms.katalon.selenium.driver.CChromeDriver.execute(CChromeDriver.java:19)
	at org.openqa.selenium.remote.RemoteWebDriver.execute(RemoteWebDriver.java:609)
	at org.openqa.selenium.remote.RemoteWebDriver.getCurrentUrl(RemoteWebDriver.java:287)
	at java.base/jdk.internal.reflect.NativeMethodAccessorImpl.invoke0(Native Method)
	at java.base/jdk.internal.reflect.NativeMethodAccessorImpl.invoke(NativeMethodAccessorImpl.java:77)
	at java.base/jdk.internal.reflect.DelegatingMethodAccessorImpl.invoke(DelegatingMethodAccessorImpl.java:43)
	at org.openqa.selenium.support.events.EventFiringWebDriver.lambda$new$1(EventFiringWebDriver.java:105)
	at jdk.proxy2/jdk.proxy2.$Proxy26.getCurrentUrl(Unknown Source)
	at org.openqa.selenium.support.events.EventFiringWebDriver.getCurrentUrl(EventFiringWebDriver.java:171)
	at com.kms.katalon.core.webui.keyword.builtin.GetUrlKeyword$_getUrl_closure1.doCall(GetUrlKeyword.groovy:73)
	at com.kms.katalon.core.webui.keyword.builtin.GetUrlKeyword$_getUrl_closure1.call(GetUrlKeyword.groovy)
	at com.kms.katalon.core.webui.keyword.internal.WebUIKeywordMain.runKeyword(WebUIKeywordMain.groovy:35)
	... 24 more
Caused by: java.net.ConnectException: Failed to connect to localhost/[0:0:0:0:0:0:0:1]:40250
	at okhttp3.internal.connection.RealConnection.connectSocket(RealConnection.java:247)
	at okhttp3.internal.connection.RealConnection.connect(RealConnection.java:165)
	at okhttp3.internal.connection.StreamAllocation.findConnection(StreamAllocation.java:257)
	at okhttp3.internal.connection.StreamAllocation.findHealthyConnection(StreamAllocation.java:135)
	at okhttp3.internal.connection.StreamAllocation.newStream(StreamAllocation.java:114)
	at okhttp3.internal.connection.ConnectInterceptor.intercept(ConnectInterceptor.java:42)
	at okhttp3.internal.http.RealInterceptorChain.proceed(RealInterceptorChain.java:147)
	at okhttp3.internal.http.RealInterceptorChain.proceed(RealInterceptorChain.java:121)
	at okhttp3.internal.cache.CacheInterceptor.intercept(CacheInterceptor.java:93)
	at okhttp3.internal.http.RealInterceptorChain.proceed(RealInterceptorChain.java:147)
	at okhttp3.internal.http.RealInterceptorChain.proceed(RealInterceptorChain.java:121)
	at okhttp3.internal.http.BridgeInterceptor.intercept(BridgeInterceptor.java:93)
	at okhttp3.internal.http.RealInterceptorChain.proceed(RealInterceptorChain.java:147)
	at okhttp3.internal.http.RetryAndFollowUpInterceptor.intercept(RetryAndFollowUpInterceptor.java:126)
	at okhttp3.internal.http.RealInterceptorChain.proceed(RealInterceptorChain.java:147)
	at okhttp3.internal.http.RealInterceptorChain.proceed(RealInterceptorChain.java:121)
	at okhttp3.RealCall.getResponseWithInterceptorChain(RealCall.java:200)
	at okhttp3.RealCall.execute(RealCall.java:77)
	at org.openqa.selenium.remote.internal.OkHttpClient.execute(OkHttpClient.java:103)
	at org.openqa.selenium.remote.HttpCommandExecutor.execute(HttpCommandExecutor.java:155)
	at org.openqa.selenium.remote.service.DriverCommandExecutor.execute(DriverCommandExecutor.java:83)
	... 37 more
Caused by: java.net.ConnectException: Connection refused: no further information
	at okhttp3.internal.platform.Platform.connectSocket(Platform.java:129)
	at okhttp3.internal.connection.RealConnection.connectSocket(RealConnection.java:245)
	... 57 more
)

21-10-2025T19:20:21 - [TEST_STEP][PASSED] - comment(Checking for WebDriver disconnect for test case: $tcId): Checking for WebDriver disconnect for test case: Test Cases/DES/Trading Partners Page/Subscription/Transmission/Verify Accelerate Mapping Option Displays For Outbound ARO-INV Transmission

21-10-2025T19:20:21 - [MESSAGE][INFO] - Checking for WebDriver disconnect for test case: Test Cases/DES/Trading Partners Page/Subscription/Transmission/Verify Accelerate Mapping Option Displays For Outbound ARO-INV Transmission

21-10-2025T19:20:21 - [TEST_STEP][FAILED] - getUrl(): Unable to get the url of the current window (Root cause: com.kms.katalon.core.exception.StepFailedException: Unable to get the url of the current window
	at com.kms.katalon.core.webui.keyword.internal.WebUIKeywordMain.stepFailed(WebUIKeywordMain.groovy:117)
	at com.kms.katalon.core.webui.keyword.internal.WebUIKeywordMain.runKeyword(WebUIKeywordMain.groovy:43)
	at com.kms.katalon.core.webui.keyword.builtin.GetUrlKeyword.getUrl(GetUrlKeyword.groovy:76)
	at com.kms.katalon.core.webui.keyword.builtin.GetUrlKeyword.execute(GetUrlKeyword.groovy:66)
	at com.kms.katalon.core.keyword.internal.KeywordExecutor.executeKeywordForPlatform(KeywordExecutor.groovy:74)
	at com.kms.katalon.core.webui.keyword.WebUiBuiltInKeywords.getUrl(WebUiBuiltInKeywords.groovy:276)
	at com.kms.katalon.core.webui.keyword.WebUiBuiltInKeywords$getUrl$14.call(Unknown Source)
	at WebDriverRetryListener.retryOnDisconnect(WebDriverRecoveryListener.groovy:22)
	at jdk.internal.reflect.GeneratedMethodAccessor47.invoke(Unknown Source)
	at java.base/jdk.internal.reflect.DelegatingMethodAccessorImpl.invoke(DelegatingMethodAccessorImpl.java:43)
	at com.kms.katalon.core.context.internal.TestHooker.invokeMethod(TestHooker.java:111)
	at com.kms.katalon.core.context.internal.TestHooker.lambda$3(TestHooker.java:95)
	at com.kms.katalon.core.context.internal.TestHooker.invokeContextMethods(TestHooker.java:94)
	at com.kms.katalon.core.context.internal.TestListenerCollector.lambda$3(TestListenerCollector.java:88)
	at com.kms.katalon.core.context.internal.TestListenerCollector.handleListenerEvent(TestListenerCollector.java:85)
	at com.kms.katalon.core.context.internal.ExecutionEventManager.publicEvent(ExecutionEventManager.java:36)
	at com.kms.katalon.core.main.TestCaseExecutor.execute(TestCaseExecutor.java:315)
	at com.kms.katalon.core.common.CommonExecutor.accessTestCaseMainPhase(CommonExecutor.java:65)
	at com.kms.katalon.core.main.TestSuiteExecutor.accessTestSuiteMainPhase(TestSuiteExecutor.java:150)
	at com.kms.katalon.core.main.TestSuiteExecutor.execute(TestSuiteExecutor.java:106)
	at com.kms.katalon.core.main.TestCaseMain.startTestSuite(TestCaseMain.java:180)
	at com.kms.katalon.core.main.TestCaseMain$startTestSuite$0.call(Unknown Source)
	at TempTestSuite1761084128061.run(TempTestSuite1761084128061.groovy:35)
	at java.base/jdk.internal.reflect.NativeMethodAccessorImpl.invoke0(Native Method)
	at java.base/jdk.internal.reflect.NativeMethodAccessorImpl.invoke(NativeMethodAccessorImpl.java:77)
	at java.base/jdk.internal.reflect.DelegatingMethodAccessorImpl.invoke(DelegatingMethodAccessorImpl.java:43)
Caused by: org.openqa.selenium.WebDriverException: java.net.ConnectException: Failed to connect to localhost/[0:0:0:0:0:0:0:1]:40250
Build info: version: '3.141.59', revision: 'unknown', time: 'unknown'
System info: host: 'DC1ADOBLD01', ip: '10.2.20.71', os.name: 'Windows Server 2019', os.arch: 'amd64', os.version: '10.0', java.version: '17.0.7'
Driver info: driver.version: EventFiringWebDriver
	at org.openqa.selenium.remote.service.DriverCommandExecutor.execute(DriverCommandExecutor.java:92)
	at org.openqa.selenium.remote.RemoteWebDriver.execute(RemoteWebDriver.java:552)
	at com.kms.katalon.selenium.driver.CChromeDriver.execute(CChromeDriver.java:19)
	at org.openqa.selenium.remote.RemoteWebDriver.execute(RemoteWebDriver.java:609)
	at org.openqa.selenium.remote.RemoteWebDriver.getCurrentUrl(RemoteWebDriver.java:287)
	at java.base/jdk.internal.reflect.NativeMethodAccessorImpl.invoke0(Native Method)
	at java.base/jdk.internal.reflect.NativeMethodAccessorImpl.invoke(NativeMethodAccessorImpl.java:77)
	at java.base/jdk.internal.reflect.DelegatingMethodAccessorImpl.invoke(DelegatingMethodAccessorImpl.java:43)
	at org.openqa.selenium.support.events.EventFiringWebDriver.lambda$new$1(EventFiringWebDriver.java:105)
	at jdk.proxy2/jdk.proxy2.$Proxy26.getCurrentUrl(Unknown Source)
	at org.openqa.selenium.support.events.EventFiringWebDriver.getCurrentUrl(EventFiringWebDriver.java:171)
	at com.kms.katalon.core.webui.keyword.builtin.GetUrlKeyword$_getUrl_closure1.doCall(GetUrlKeyword.groovy:73)
	at com.kms.katalon.core.webui.keyword.builtin.GetUrlKeyword$_getUrl_closure1.call(GetUrlKeyword.groovy)
	at com.kms.katalon.core.webui.keyword.internal.WebUIKeywordMain.runKeyword(WebUIKeywordMain.groovy:35)
	... 24 more
Caused by: java.net.ConnectException: Failed to connect to localhost/[0:0:0:0:0:0:0:1]:40250
	at okhttp3.internal.connection.RealConnection.connectSocket(RealConnection.java:247)
	at okhttp3.internal.connection.RealConnection.connect(RealConnection.java:165)
	at okhttp3.internal.connection.StreamAllocation.findConnection(StreamAllocation.java:257)
	at okhttp3.internal.connection.StreamAllocation.findHealthyConnection(StreamAllocation.java:135)
	at okhttp3.internal.connection.StreamAllocation.newStream(StreamAllocation.java:114)
	at okhttp3.internal.connection.ConnectInterceptor.intercept(ConnectInterceptor.java:42)
	at okhttp3.internal.http.RealInterceptorChain.proceed(RealInterceptorChain.java:147)
	at okhttp3.internal.http.RealInterceptorChain.proceed(RealInterceptorChain.java:121)
	at okhttp3.internal.cache.CacheInterceptor.intercept(CacheInterceptor.java:93)
	at okhttp3.internal.http.RealInterceptorChain.proceed(RealInterceptorChain.java:147)
	at okhttp3.internal.http.RealInterceptorChain.proceed(RealInterceptorChain.java:121)
	at okhttp3.internal.http.BridgeInterceptor.intercept(BridgeInterceptor.java:93)
	at okhttp3.internal.http.RealInterceptorChain.proceed(RealInterceptorChain.java:147)
	at okhttp3.internal.http.RetryAndFollowUpInterceptor.intercept(RetryAndFollowUpInterceptor.java:126)
	at okhttp3.internal.http.RealInterceptorChain.proceed(RealInterceptorChain.java:147)
	at okhttp3.internal.http.RealInterceptorChain.proceed(RealInterceptorChain.java:121)
	at okhttp3.RealCall.getResponseWithInterceptorChain(RealCall.java:200)
	at okhttp3.RealCall.execute(RealCall.java:77)
	at org.openqa.selenium.remote.internal.OkHttpClient.execute(OkHttpClient.java:103)
	at org.openqa.selenium.remote.HttpCommandExecutor.execute(HttpCommandExecutor.java:155)
	at org.openqa.selenium.remote.service.DriverCommandExecutor.execute(DriverCommandExecutor.java:83)
	... 37 more
Caused by: java.net.ConnectException: Connection refused: no further information
	at okhttp3.internal.platform.Platform.connectSocket(Platform.java:129)
	at okhttp3.internal.connection.RealConnection.connectSocket(RealConnection.java:245)
	... 57 more
)

21-10-2025T19:20:21 - [MESSAGE][FAILED] - Unable to get the url of the current window (Root cause: com.kms.katalon.core.exception.StepFailedException: Unable to get the url of the current window
	at com.kms.katalon.core.webui.keyword.internal.WebUIKeywordMain.stepFailed(WebUIKeywordMain.groovy:117)
	at com.kms.katalon.core.webui.keyword.internal.WebUIKeywordMain.runKeyword(WebUIKeywordMain.groovy:43)
	at com.kms.katalon.core.webui.keyword.builtin.GetUrlKeyword.getUrl(GetUrlKeyword.groovy:76)
	at com.kms.katalon.core.webui.keyword.builtin.GetUrlKeyword.execute(GetUrlKeyword.groovy:66)
	at com.kms.katalon.core.keyword.internal.KeywordExecutor.executeKeywordForPlatform(KeywordExecutor.groovy:74)
	at com.kms.katalon.core.webui.keyword.WebUiBuiltInKeywords.getUrl(WebUiBuiltInKeywords.groovy:276)
	at com.kms.katalon.core.webui.keyword.WebUiBuiltInKeywords$getUrl$14.call(Unknown Source)
	at WebDriverRetryListener.retryOnDisconnect(WebDriverRecoveryListener.groovy:22)
	at jdk.internal.reflect.GeneratedMethodAccessor47.invoke(Unknown Source)
	at java.base/jdk.internal.reflect.DelegatingMethodAccessorImpl.invoke(DelegatingMethodAccessorImpl.java:43)
	at com.kms.katalon.core.context.internal.TestHooker.invokeMethod(TestHooker.java:111)
	at com.kms.katalon.core.context.internal.TestHooker.lambda$3(TestHooker.java:95)
	at com.kms.katalon.core.context.internal.TestHooker.invokeContextMethods(TestHooker.java:94)
	at com.kms.katalon.core.context.internal.TestListenerCollector.lambda$3(TestListenerCollector.java:88)
	at com.kms.katalon.core.context.internal.TestListenerCollector.handleListenerEvent(TestListenerCollector.java:85)
	at com.kms.katalon.core.context.internal.ExecutionEventManager.publicEvent(ExecutionEventManager.java:36)
	at com.kms.katalon.core.main.TestCaseExecutor.execute(TestCaseExecutor.java:315)
	at com.kms.katalon.core.common.CommonExecutor.accessTestCaseMainPhase(CommonExecutor.java:65)
	at com.kms.katalon.core.main.TestSuiteExecutor.accessTestSuiteMainPhase(TestSuiteExecutor.java:150)
	at com.kms.katalon.core.main.TestSuiteExecutor.execute(TestSuiteExecutor.java:106)
	at com.kms.katalon.core.main.TestCaseMain.startTestSuite(TestCaseMain.java:180)
	at com.kms.katalon.core.main.TestCaseMain$startTestSuite$0.call(Unknown Source)
	at TempTestSuite1761084128061.run(TempTestSuite1761084128061.groovy:35)
	at java.base/jdk.internal.reflect.NativeMethodAccessorImpl.invoke0(Native Method)
	at java.base/jdk.internal.reflect.NativeMethodAccessorImpl.invoke(NativeMethodAccessorImpl.java:77)
	at java.base/jdk.internal.reflect.DelegatingMethodAccessorImpl.invoke(DelegatingMethodAccessorImpl.java:43)
Caused by: org.openqa.selenium.WebDriverException: java.net.ConnectException: Failed to connect to localhost/[0:0:0:0:0:0:0:1]:40250
Build info: version: '3.141.59', revision: 'unknown', time: 'unknown'
System info: host: 'DC1ADOBLD01', ip: '10.2.20.71', os.name: 'Windows Server 2019', os.arch: 'amd64', os.version: '10.0', java.version: '17.0.7'
Driver info: driver.version: EventFiringWebDriver
	at org.openqa.selenium.remote.service.DriverCommandExecutor.execute(DriverCommandExecutor.java:92)
	at org.openqa.selenium.remote.RemoteWebDriver.execute(RemoteWebDriver.java:552)
	at com.kms.katalon.selenium.driver.CChromeDriver.execute(CChromeDriver.java:19)
	at org.openqa.selenium.remote.RemoteWebDriver.execute(RemoteWebDriver.java:609)
	at org.openqa.selenium.remote.RemoteWebDriver.getCurrentUrl(RemoteWebDriver.java:287)
	at java.base/jdk.internal.reflect.NativeMethodAccessorImpl.invoke0(Native Method)
	at java.base/jdk.internal.reflect.NativeMethodAccessorImpl.invoke(NativeMethodAccessorImpl.java:77)
	at java.base/jdk.internal.reflect.DelegatingMethodAccessorImpl.invoke(DelegatingMethodAccessorImpl.java:43)
	at org.openqa.selenium.support.events.EventFiringWebDriver.lambda$new$1(EventFiringWebDriver.java:105)
	at jdk.proxy2/jdk.proxy2.$Proxy26.getCurrentUrl(Unknown Source)
	at org.openqa.selenium.support.events.EventFiringWebDriver.getCurrentUrl(EventFiringWebDriver.java:171)
	at com.kms.katalon.core.webui.keyword.builtin.GetUrlKeyword$_getUrl_closure1.doCall(GetUrlKeyword.groovy:73)
	at com.kms.katalon.core.webui.keyword.builtin.GetUrlKeyword$_getUrl_closure1.call(GetUrlKeyword.groovy)
	at com.kms.katalon.core.webui.keyword.internal.WebUIKeywordMain.runKeyword(WebUIKeywordMain.groovy:35)
	... 24 more
Caused by: java.net.ConnectException: Failed to connect to localhost/[0:0:0:0:0:0:0:1]:40250
	at okhttp3.internal.connection.RealConnection.connectSocket(RealConnection.java:247)
	at okhttp3.internal.connection.RealConnection.connect(RealConnection.java:165)
	at okhttp3.internal.connection.StreamAllocation.findConnection(StreamAllocation.java:257)
	at okhttp3.internal.connection.StreamAllocation.findHealthyConnection(StreamAllocation.java:135)
	at okhttp3.internal.connection.StreamAllocation.newStream(StreamAllocation.java:114)
	at okhttp3.internal.connection.ConnectInterceptor.intercept(ConnectInterceptor.java:42)
	at okhttp3.internal.http.RealInterceptorChain.proceed(RealInterceptorChain.java:147)
	at okhttp3.internal.http.RealInterceptorChain.proceed(RealInterceptorChain.java:121)
	at okhttp3.internal.cache.CacheInterceptor.intercept(CacheInterceptor.java:93)
	at okhttp3.internal.http.RealInterceptorChain.proceed(RealInterceptorChain.java:147)
	at okhttp3.internal.http.RealInterceptorChain.proceed(RealInterceptorChain.java:121)
	at okhttp3.internal.http.BridgeInterceptor.intercept(BridgeInterceptor.java:93)
	at okhttp3.internal.http.RealInterceptorChain.proceed(RealInterceptorChain.java:147)
	at okhttp3.internal.http.RetryAndFollowUpInterceptor.intercept(RetryAndFollowUpInterceptor.java:126)
	at okhttp3.internal.http.RealInterceptorChain.proceed(RealInterceptorChain.java:147)
	at okhttp3.internal.http.RealInterceptorChain.proceed(RealInterceptorChain.java:121)
	at okhttp3.RealCall.getResponseWithInterceptorChain(RealCall.java:200)
	at okhttp3.RealCall.execute(RealCall.java:77)
	at org.openqa.selenium.remote.internal.OkHttpClient.execute(OkHttpClient.java:103)
	at org.openqa.selenium.remote.HttpCommandExecutor.execute(HttpCommandExecutor.java:155)
	at org.openqa.selenium.remote.service.DriverCommandExecutor.execute(DriverCommandExecutor.java:83)
	... 37 more
Caused by: java.net.ConnectException: Connection refused: no further information
	at okhttp3.internal.platform.Platform.connectSocket(Platform.java:129)
	at okhttp3.internal.connection.RealConnection.connectSocket(RealConnection.java:245)
	... 57 more
)

21-10-2025T19:20:21 - [TEST_STEP][ERROR] - catch (Exception e): org.codehaus.groovy.runtime.InvokerInvocationException: groovy.lang.MissingMethodException: No signature of method: WebDriverRetryListener.findTestCase() is applicable for argument types: (String) values: [Test Cases/DES/Trading Partners Page/Subscription/Transmission/Verify Accelerate Mapping Option Displays For Outbound ARO-INV Transmission]
	at com.kms.katalon.core.context.internal.TestHooker.invokeMethod(TestHooker.java:111)
	at com.kms.katalon.core.context.internal.TestHooker.lambda$3(TestHooker.java:95)
	at com.kms.katalon.core.context.internal.TestHooker.invokeContextMethods(TestHooker.java:94)
	at com.kms.katalon.core.context.internal.TestListenerCollector.lambda$3(TestListenerCollector.java:88)
	at com.kms.katalon.core.context.internal.TestListenerCollector.handleListenerEvent(TestListenerCollector.java:85)
	at com.kms.katalon.core.context.internal.ExecutionEventManager.publicEvent(ExecutionEventManager.java:36)
	at com.kms.katalon.core.main.TestCaseExecutor.execute(TestCaseExecutor.java:315)
	at com.kms.katalon.core.common.CommonExecutor.accessTestCaseMainPhase(CommonExecutor.java:65)
	at com.kms.katalon.core.main.TestSuiteExecutor.accessTestSuiteMainPhase(TestSuiteExecutor.java:150)
	at com.kms.katalon.core.main.TestSuiteExecutor.execute(TestSuiteExecutor.java:106)
	at com.kms.katalon.core.main.TestCaseMain.startTestSuite(TestCaseMain.java:180)
	at com.kms.katalon.core.main.TestCaseMain$startTestSuite$0.call(Unknown Source)
	at TempTestSuite1761084128061.run(TempTestSuite1761084128061.groovy:35)
	at java.base/jdk.internal.reflect.NativeMethodAccessorImpl.invoke0(Native Method)
	at java.base/jdk.internal.reflect.NativeMethodAccessorImpl.invoke(NativeMethodAccessorImpl.java:77)
	at java.base/jdk.internal.reflect.DelegatingMethodAccessorImpl.invoke(DelegatingMethodAccessorImpl.java:43)
Caused by: groovy.lang.MissingMethodException: No signature of method: WebDriverRetryListener.findTestCase() is applicable for argument types: (String) values: [Test Cases/DES/Trading Partners Page/Subscription/Transmission/Verify Accelerate Mapping Option Displays For Outbound ARO-INV Transmission]
	at WebDriverRetryListener.retryOnDisconnect(WebDriverRecoveryListener.groovy:32)
	at jdk.internal.reflect.GeneratedMethodAccessor47.invoke(Unknown Source)
	at java.base/jdk.internal.reflect.DelegatingMethodAccessorImpl.invoke(DelegatingMethodAccessorImpl.java:43)
	... 16 more


21-10-2025T19:20:21 - [TEST_STEP][PASSED] - retryCounts[tcId] = currentRetry + 1: null

21-10-2025T19:20:21 - [TEST_STEP][PASSED] - comment(âš  WebDriver disconnected. Retrying test case ($(currentRetry + 1)/$MAX_RETRIES)...): âš  WebDriver disconnected. Retrying test case (1/1)...

21-10-2025T19:20:21 - [MESSAGE][INFO] - âš  WebDriver disconnected. Retrying test case (1/1)...

21-10-2025T19:20:21 - [TEST_STEP][PASSED] - try: Unable to close browser (Root cause: com.kms.katalon.core.exception.StepFailedException: Unable to close browser
	at com.kms.katalon.core.webui.keyword.internal.WebUIKeywordMain.stepFailed(WebUIKeywordMain.groovy:117)
	at com.kms.katalon.core.webui.keyword.internal.WebUIKeywordMain.runKeyword(WebUIKeywordMain.groovy:43)
	at com.kms.katalon.core.webui.keyword.builtin.CloseBrowserKeyword.closeBrowser(CloseBrowserKeyword.groovy:72)
	at com.kms.katalon.core.webui.keyword.builtin.CloseBrowserKeyword.execute(CloseBrowserKeyword.groovy:67)
	at com.kms.katalon.core.keyword.internal.KeywordExecutor.executeKeywordForPlatform(KeywordExecutor.groovy:74)
	at com.kms.katalon.core.webui.keyword.WebUiBuiltInKeywords.closeBrowser(WebUiBuiltInKeywords.groovy:75)
	at com.kms.katalon.core.webui.keyword.WebUiBuiltInKeywords$closeBrowser$17.call(Unknown Source)
	at WebDriverRetryListener.retryOnDisconnect(WebDriverRecoveryListener.groovy:29)
	at jdk.internal.reflect.GeneratedMethodAccessor47.invoke(Unknown Source)
	at java.base/jdk.internal.reflect.DelegatingMethodAccessorImpl.invoke(DelegatingMethodAccessorImpl.java:43)
	at com.kms.katalon.core.context.internal.TestHooker.invokeMethod(TestHooker.java:111)
	at com.kms.katalon.core.context.internal.TestHooker.lambda$3(TestHooker.java:95)
	at com.kms.katalon.core.context.internal.TestHooker.invokeContextMethods(TestHooker.java:94)
	at com.kms.katalon.core.context.internal.TestListenerCollector.lambda$3(TestListenerCollector.java:88)
	at com.kms.katalon.core.context.internal.TestListenerCollector.handleListenerEvent(TestListenerCollector.java:85)
	at com.kms.katalon.core.context.internal.ExecutionEventManager.publicEvent(ExecutionEventManager.java:36)
	at com.kms.katalon.core.main.TestCaseExecutor.execute(TestCaseExecutor.java:315)
	at com.kms.katalon.core.common.CommonExecutor.accessTestCaseMainPhase(CommonExecutor.java:65)
	at com.kms.katalon.core.main.TestSuiteExecutor.accessTestSuiteMainPhase(TestSuiteExecutor.java:150)
	at com.kms.katalon.core.main.TestSuiteExecutor.execute(TestSuiteExecutor.java:106)
	at com.kms.katalon.core.main.TestCaseMain.startTestSuite(TestCaseMain.java:180)
	at com.kms.katalon.core.main.TestCaseMain$startTestSuite$0.call(Unknown Source)
	at TempTestSuite1761084128061.run(TempTestSuite1761084128061.groovy:35)
	at java.base/jdk.internal.reflect.NativeMethodAccessorImpl.invoke0(Native Method)
	at java.base/jdk.internal.reflect.NativeMethodAccessorImpl.invoke(NativeMethodAccessorImpl.java:77)
	at java.base/jdk.internal.reflect.DelegatingMethodAccessorImpl.invoke(DelegatingMethodAccessorImpl.java:43)
Caused by: org.openqa.selenium.WebDriverException: java.net.ConnectException: Failed to connect to localhost/[0:0:0:0:0:0:0:1]:40250
Build info: version: '3.141.59', revision: 'unknown', time: 'unknown'
System info: host: 'DC1ADOBLD01', ip: '10.2.20.71', os.name: 'Windows Server 2019', os.arch: 'amd64', os.version: '10.0', java.version: '17.0.7'
Driver info: driver.version: EventFiringWebDriver
	at org.openqa.selenium.remote.service.DriverCommandExecutor.execute(DriverCommandExecutor.java:92)
	at org.openqa.selenium.remote.RemoteWebDriver.execute(RemoteWebDriver.java:552)
	at com.kms.katalon.selenium.driver.CChromeDriver.execute(CChromeDriver.java:19)
	at org.openqa.selenium.remote.RemoteWebDriver.execute(RemoteWebDriver.java:609)
	at org.openqa.selenium.remote.RemoteWebDriver.quit(RemoteWebDriver.java:452)
	at jdk.internal.reflect.GeneratedMethodAccessor46.invoke(Unknown Source)
	at java.base/jdk.internal.reflect.DelegatingMethodAccessorImpl.invoke(DelegatingMethodAccessorImpl.java:43)
	at org.openqa.selenium.support.events.EventFiringWebDriver.lambda$new$1(EventFiringWebDriver.java:105)
	at jdk.proxy2/jdk.proxy2.$Proxy26.quit(Unknown Source)
	at org.openqa.selenium.support.events.EventFiringWebDriver.quit(EventFiringWebDriver.java:211)
	at com.kms.katalon.core.webui.driver.DriverFactory.closeWebDriver(DriverFactory.java:1608)
	at com.kms.katalon.core.webui.keyword.builtin.CloseBrowserKeyword$_closeBrowser_closure1.doCall(CloseBrowserKeyword.groovy:74)
	at com.kms.katalon.core.webui.keyword.builtin.CloseBrowserKeyword$_closeBrowser_closure1.call(CloseBrowserKeyword.groovy)
	at com.kms.katalon.core.webui.keyword.internal.WebUIKeywordMain.runKeyword(WebUIKeywordMain.groovy:35)
	... 24 more
Caused by: java.net.ConnectException: Failed to connect to localhost/[0:0:0:0:0:0:0:1]:40250
	at okhttp3.internal.connection.RealConnection.connectSocket(RealConnection.java:247)
	at okhttp3.internal.connection.RealConnection.connect(RealConnection.java:165)
	at okhttp3.internal.connection.StreamAllocation.findConnection(StreamAllocation.java:257)
	at okhttp3.internal.connection.StreamAllocation.findHealthyConnection(StreamAllocation.java:135)
	at okhttp3.internal.connection.StreamAllocation.newStream(StreamAllocation.java:114)
	at okhttp3.internal.connection.ConnectInterceptor.intercept(ConnectInterceptor.java:42)
	at okhttp3.internal.http.RealInterceptorChain.proceed(RealInterceptorChain.java:147)
	at okhttp3.internal.http.RealInterceptorChain.proceed(RealInterceptorChain.java:121)
	at okhttp3.internal.cache.CacheInterceptor.intercept(CacheInterceptor.java:93)
	at okhttp3.internal.http.RealInterceptorChain.proceed(RealInterceptorChain.java:147)
	at okhttp3.internal.http.RealInterceptorChain.proceed(RealInterceptorChain.java:121)
	at okhttp3.internal.http.BridgeInterceptor.intercept(BridgeInterceptor.java:93)
	at okhttp3.internal.http.RealInterceptorChain.proceed(RealInterceptorChain.java:147)
	at okhttp3.internal.http.RetryAndFollowUpInterceptor.intercept(RetryAndFollowUpInterceptor.java:126)
	at okhttp3.internal.http.RealInterceptorChain.proceed(RealInterceptorChain.java:147)
	at okhttp3.internal.http.RealInterceptorChain.proceed(RealInterceptorChain.java:121)
	at okhttp3.RealCall.getResponseWithInterceptorChain(RealCall.java:200)
	at okhttp3.RealCall.execute(RealCall.java:77)
	at org.openqa.selenium.remote.internal.OkHttpClient.execute(OkHttpClient.java:103)
	at org.openqa.selenium.remote.HttpCommandExecutor.execute(HttpCommandExecutor.java:155)
	at org.openqa.selenium.remote.service.DriverCommandExecutor.execute(DriverCommandExecutor.java:83)
	... 37 more
Caused by: java.net.ConnectException: Connection refused: no further information
	at okhttp3.internal.platform.Platform.connectSocket(Platform.java:129)
	at okhttp3.internal.connection.RealConnection.connectSocket(RealConnection.java:245)
	... 57 more
)

21-10-2025T19:20:21 - [TEST_STEP][PASSED] - closeBrowser(OPTIONAL): Unable to close browser (Root cause: com.kms.katalon.core.exception.StepFailedException: Unable to close browser
	at com.kms.katalon.core.webui.keyword.internal.WebUIKeywordMain.stepFailed(WebUIKeywordMain.groovy:117)
	at com.kms.katalon.core.webui.keyword.internal.WebUIKeywordMain.runKeyword(WebUIKeywordMain.groovy:43)
	at com.kms.katalon.core.webui.keyword.builtin.CloseBrowserKeyword.closeBrowser(CloseBrowserKeyword.groovy:72)
	at com.kms.katalon.core.webui.keyword.builtin.CloseBrowserKeyword.execute(CloseBrowserKeyword.groovy:67)
	at com.kms.katalon.core.keyword.internal.KeywordExecutor.executeKeywordForPlatform(KeywordExecutor.groovy:74)
	at com.kms.katalon.core.webui.keyword.WebUiBuiltInKeywords.closeBrowser(WebUiBuiltInKeywords.groovy:75)
	at com.kms.katalon.core.webui.keyword.WebUiBuiltInKeywords$closeBrowser$17.call(Unknown Source)
	at WebDriverRetryListener.retryOnDisconnect(WebDriverRecoveryListener.groovy:29)
	at jdk.internal.reflect.GeneratedMethodAccessor47.invoke(Unknown Source)
	at java.base/jdk.internal.reflect.DelegatingMethodAccessorImpl.invoke(DelegatingMethodAccessorImpl.java:43)
	at com.kms.katalon.core.context.internal.TestHooker.invokeMethod(TestHooker.java:111)
	at com.kms.katalon.core.context.internal.TestHooker.lambda$3(TestHooker.java:95)
	at com.kms.katalon.core.context.internal.TestHooker.invokeContextMethods(TestHooker.java:94)
	at com.kms.katalon.core.context.internal.TestListenerCollector.lambda$3(TestListenerCollector.java:88)
	at com.kms.katalon.core.context.internal.TestListenerCollector.handleListenerEvent(TestListenerCollector.java:85)
	at com.kms.katalon.core.context.internal.ExecutionEventManager.publicEvent(ExecutionEventManager.java:36)
	at com.kms.katalon.core.main.TestCaseExecutor.execute(TestCaseExecutor.java:315)
	at com.kms.katalon.core.common.CommonExecutor.accessTestCaseMainPhase(CommonExecutor.java:65)
	at com.kms.katalon.core.main.TestSuiteExecutor.accessTestSuiteMainPhase(TestSuiteExecutor.java:150)
	at com.kms.katalon.core.main.TestSuiteExecutor.execute(TestSuiteExecutor.java:106)
	at com.kms.katalon.core.main.TestCaseMain.startTestSuite(TestCaseMain.java:180)
	at com.kms.katalon.core.main.TestCaseMain$startTestSuite$0.call(Unknown Source)
	at TempTestSuite1761084128061.run(TempTestSuite1761084128061.groovy:35)
	at java.base/jdk.internal.reflect.NativeMethodAccessorImpl.invoke0(Native Method)
	at java.base/jdk.internal.reflect.NativeMethodAccessorImpl.invoke(NativeMethodAccessorImpl.java:77)
	at java.base/jdk.internal.reflect.DelegatingMethodAccessorImpl.invoke(DelegatingMethodAccessorImpl.java:43)
Caused by: org.openqa.selenium.WebDriverException: java.net.ConnectException: Failed to connect to localhost/[0:0:0:0:0:0:0:1]:40250
Build info: version: '3.141.59', revision: 'unknown', time: 'unknown'
System info: host: 'DC1ADOBLD01', ip: '10.2.20.71', os.name: 'Windows Server 2019', os.arch: 'amd64', os.version: '10.0', java.version: '17.0.7'
Driver info: driver.version: EventFiringWebDriver
	at org.openqa.selenium.remote.service.DriverCommandExecutor.execute(DriverCommandExecutor.java:92)
	at org.openqa.selenium.remote.RemoteWebDriver.execute(RemoteWebDriver.java:552)
	at com.kms.katalon.selenium.driver.CChromeDriver.execute(CChromeDriver.java:19)
	at org.openqa.selenium.remote.RemoteWebDriver.execute(RemoteWebDriver.java:609)
	at org.openqa.selenium.remote.RemoteWebDriver.quit(RemoteWebDriver.java:452)
	at jdk.internal.reflect.GeneratedMethodAccessor46.invoke(Unknown Source)
	at java.base/jdk.internal.reflect.DelegatingMethodAccessorImpl.invoke(DelegatingMethodAccessorImpl.java:43)
	at org.openqa.selenium.support.events.EventFiringWebDriver.lambda$new$1(EventFiringWebDriver.java:105)
	at jdk.proxy2/jdk.proxy2.$Proxy26.quit(Unknown Source)
	at org.openqa.selenium.support.events.EventFiringWebDriver.quit(EventFiringWebDriver.java:211)
	at com.kms.katalon.core.webui.driver.DriverFactory.closeWebDriver(DriverFactory.java:1608)
	at com.kms.katalon.core.webui.keyword.builtin.CloseBrowserKeyword$_closeBrowser_closure1.doCall(CloseBrowserKeyword.groovy:74)
	at com.kms.katalon.core.webui.keyword.builtin.CloseBrowserKeyword$_closeBrowser_closure1.call(CloseBrowserKeyword.groovy)
	at com.kms.katalon.core.webui.keyword.internal.WebUIKeywordMain.runKeyword(WebUIKeywordMain.groovy:35)
	... 24 more
Caused by: java.net.ConnectException: Failed to connect to localhost/[0:0:0:0:0:0:0:1]:40250
	at okhttp3.internal.connection.RealConnection.connectSocket(RealConnection.java:247)
	at okhttp3.internal.connection.RealConnection.connect(RealConnection.java:165)
	at okhttp3.internal.connection.StreamAllocation.findConnection(StreamAllocation.java:257)
	at okhttp3.internal.connection.StreamAllocation.findHealthyConnection(StreamAllocation.java:135)
	at okhttp3.internal.connection.StreamAllocation.newStream(StreamAllocation.java:114)
	at okhttp3.internal.connection.ConnectInterceptor.intercept(ConnectInterceptor.java:42)
	at okhttp3.internal.http.RealInterceptorChain.proceed(RealInterceptorChain.java:147)
	at okhttp3.internal.http.RealInterceptorChain.proceed(RealInterceptorChain.java:121)
	at okhttp3.internal.cache.CacheInterceptor.intercept(CacheInterceptor.java:93)
	at okhttp3.internal.http.RealInterceptorChain.proceed(RealInterceptorChain.java:147)
	at okhttp3.internal.http.RealInterceptorChain.proceed(RealInterceptorChain.java:121)
	at okhttp3.internal.http.BridgeInterceptor.intercept(BridgeInterceptor.java:93)
	at okhttp3.internal.http.RealInterceptorChain.proceed(RealInterceptorChain.java:147)
	at okhttp3.internal.http.RetryAndFollowUpInterceptor.intercept(RetryAndFollowUpInterceptor.java:126)
	at okhttp3.internal.http.RealInterceptorChain.proceed(RealInterceptorChain.java:147)
	at okhttp3.internal.http.RealInterceptorChain.proceed(RealInterceptorChain.java:121)
	at okhttp3.RealCall.getResponseWithInterceptorChain(RealCall.java:200)
	at okhttp3.RealCall.execute(RealCall.java:77)
	at org.openqa.selenium.remote.internal.OkHttpClient.execute(OkHttpClient.java:103)
	at org.openqa.selenium.remote.HttpCommandExecutor.execute(HttpCommandExecutor.java:155)
	at org.openqa.selenium.remote.service.DriverCommandExecutor.execute(DriverCommandExecutor.java:83)
	... 37 more
Caused by: java.net.ConnectException: Connection refused: no further information
	at okhttp3.internal.platform.Platform.connectSocket(Platform.java:129)
	at okhttp3.internal.connection.RealConnection.connectSocket(RealConnection.java:245)
	... 57 more
)

21-10-2025T19:20:21 - [MESSAGE][WARNING] - Unable to close browser (Root cause: com.kms.katalon.core.exception.StepFailedException: Unable to close browser
	at com.kms.katalon.core.webui.keyword.internal.WebUIKeywordMain.stepFailed(WebUIKeywordMain.groovy:117)
	at com.kms.katalon.core.webui.keyword.internal.WebUIKeywordMain.runKeyword(WebUIKeywordMain.groovy:43)
	at com.kms.katalon.core.webui.keyword.builtin.CloseBrowserKeyword.closeBrowser(CloseBrowserKeyword.groovy:72)
	at com.kms.katalon.core.webui.keyword.builtin.CloseBrowserKeyword.execute(CloseBrowserKeyword.groovy:67)
	at com.kms.katalon.core.keyword.internal.KeywordExecutor.executeKeywordForPlatform(KeywordExecutor.groovy:74)
	at com.kms.katalon.core.webui.keyword.WebUiBuiltInKeywords.closeBrowser(WebUiBuiltInKeywords.groovy:75)
	at com.kms.katalon.core.webui.keyword.WebUiBuiltInKeywords$closeBrowser$17.call(Unknown Source)
	at WebDriverRetryListener.retryOnDisconnect(WebDriverRecoveryListener.groovy:29)
	at jdk.internal.reflect.GeneratedMethodAccessor47.invoke(Unknown Source)
	at java.base/jdk.internal.reflect.DelegatingMethodAccessorImpl.invoke(DelegatingMethodAccessorImpl.java:43)
	at com.kms.katalon.core.context.internal.TestHooker.invokeMethod(TestHooker.java:111)
	at com.kms.katalon.core.context.internal.TestHooker.lambda$3(TestHooker.java:95)
	at com.kms.katalon.core.context.internal.TestHooker.invokeContextMethods(TestHooker.java:94)
	at com.kms.katalon.core.context.internal.TestListenerCollector.lambda$3(TestListenerCollector.java:88)
	at com.kms.katalon.core.context.internal.TestListenerCollector.handleListenerEvent(TestListenerCollector.java:85)
	at com.kms.katalon.core.context.internal.ExecutionEventManager.publicEvent(ExecutionEventManager.java:36)
	at com.kms.katalon.core.main.TestCaseExecutor.execute(TestCaseExecutor.java:315)
	at com.kms.katalon.core.common.CommonExecutor.accessTestCaseMainPhase(CommonExecutor.java:65)
	at com.kms.katalon.core.main.TestSuiteExecutor.accessTestSuiteMainPhase(TestSuiteExecutor.java:150)
	at com.kms.katalon.core.main.TestSuiteExecutor.execute(TestSuiteExecutor.java:106)
	at com.kms.katalon.core.main.TestCaseMain.startTestSuite(TestCaseMain.java:180)
	at com.kms.katalon.core.main.TestCaseMain$startTestSuite$0.call(Unknown Source)
	at TempTestSuite1761084128061.run(TempTestSuite1761084128061.groovy:35)
	at java.base/jdk.internal.reflect.NativeMethodAccessorImpl.invoke0(Native Method)
	at java.base/jdk.internal.reflect.NativeMethodAccessorImpl.invoke(NativeMethodAccessorImpl.java:77)
	at java.base/jdk.internal.reflect.DelegatingMethodAccessorImpl.invoke(DelegatingMethodAccessorImpl.java:43)
Caused by: org.openqa.selenium.WebDriverException: java.net.ConnectException: Failed to connect to localhost/[0:0:0:0:0:0:0:1]:40250
Build info: version: '3.141.59', revision: 'unknown', time: 'unknown'
System info: host: 'DC1ADOBLD01', ip: '10.2.20.71', os.name: 'Windows Server 2019', os.arch: 'amd64', os.version: '10.0', java.version: '17.0.7'
Driver info: driver.version: EventFiringWebDriver
	at org.openqa.selenium.remote.service.DriverCommandExecutor.execute(DriverCommandExecutor.java:92)
	at org.openqa.selenium.remote.RemoteWebDriver.execute(RemoteWebDriver.java:552)
	at com.kms.katalon.selenium.driver.CChromeDriver.execute(CChromeDriver.java:19)
	at org.openqa.selenium.remote.RemoteWebDriver.execute(RemoteWebDriver.java:609)
	at org.openqa.selenium.remote.RemoteWebDriver.quit(RemoteWebDriver.java:452)
	at jdk.internal.reflect.GeneratedMethodAccessor46.invoke(Unknown Source)
	at java.base/jdk.internal.reflect.DelegatingMethodAccessorImpl.invoke(DelegatingMethodAccessorImpl.java:43)
	at org.openqa.selenium.support.events.EventFiringWebDriver.lambda$new$1(EventFiringWebDriver.java:105)
	at jdk.proxy2/jdk.proxy2.$Proxy26.quit(Unknown Source)
	at org.openqa.selenium.support.events.EventFiringWebDriver.quit(EventFiringWebDriver.java:211)
	at com.kms.katalon.core.webui.driver.DriverFactory.closeWebDriver(DriverFactory.java:1608)
	at com.kms.katalon.core.webui.keyword.builtin.CloseBrowserKeyword$_closeBrowser_closure1.doCall(CloseBrowserKeyword.groovy:74)
	at com.kms.katalon.core.webui.keyword.builtin.CloseBrowserKeyword$_closeBrowser_closure1.call(CloseBrowserKeyword.groovy)
	at com.kms.katalon.core.webui.keyword.internal.WebUIKeywordMain.runKeyword(WebUIKeywordMain.groovy:35)
	... 24 more
Caused by: java.net.ConnectException: Failed to connect to localhost/[0:0:0:0:0:0:0:1]:40250
	at okhttp3.internal.connection.RealConnection.connectSocket(RealConnection.java:247)
	at okhttp3.internal.connection.RealConnection.connect(RealConnection.java:165)
	at okhttp3.internal.connection.StreamAllocation.findConnection(StreamAllocation.java:257)
	at okhttp3.internal.connection.StreamAllocation.findHealthyConnection(StreamAllocation.java:135)
	at okhttp3.internal.connection.StreamAllocation.newStream(StreamAllocation.java:114)
	at okhttp3.internal.connection.ConnectInterceptor.intercept(ConnectInterceptor.java:42)
	at okhttp3.internal.http.RealInterceptorChain.proceed(RealInterceptorChain.java:147)
	at okhttp3.internal.http.RealInterceptorChain.proceed(RealInterceptorChain.java:121)
	at okhttp3.internal.cache.CacheInterceptor.intercept(CacheInterceptor.java:93)
	at okhttp3.internal.http.RealInterceptorChain.proceed(RealInterceptorChain.java:147)
	at okhttp3.internal.http.RealInterceptorChain.proceed(RealInterceptorChain.java:121)
	at okhttp3.internal.http.BridgeInterceptor.intercept(BridgeInterceptor.java:93)
	at okhttp3.internal.http.RealInterceptorChain.proceed(RealInterceptorChain.java:147)
	at okhttp3.internal.http.RetryAndFollowUpInterceptor.intercept(RetryAndFollowUpInterceptor.java:126)
	at okhttp3.internal.http.RealInterceptorChain.proceed(RealInterceptorChain.java:147)
	at okhttp3.internal.http.RealInterceptorChain.proceed(RealInterceptorChain.java:121)
	at okhttp3.RealCall.getResponseWithInterceptorChain(RealCall.java:200)
	at okhttp3.RealCall.execute(RealCall.java:77)
	at org.openqa.selenium.remote.internal.OkHttpClient.execute(OkHttpClient.java:103)
	at org.openqa.selenium.remote.HttpCommandExecutor.execute(HttpCommandExecutor.java:155)
	at org.openqa.selenium.remote.service.DriverCommandExecutor.execute(DriverCommandExecutor.java:83)
	... 37 more
Caused by: java.net.ConnectException: Connection refused: no further information
	at okhttp3.internal.platform.Platform.connectSocket(Platform.java:129)
	at okhttp3.internal.connection.RealConnection.connectSocket(RealConnection.java:245)
	... 57 more
)

21-10-2025T19:20:21 - [TEST_STEP][ERROR] - callTestCase(findTestCase(tcId), [:], STOP_ON_FAILURE): org.codehaus.groovy.runtime.InvokerInvocationException: groovy.lang.MissingMethodException: No signature of method: WebDriverRetryListener.findTestCase() is applicable for argument types: (String) values: [Test Cases/DES/Trading Partners Page/Subscription/Transmission/Verify Accelerate Mapping Option Displays For Outbound ARO-INV Transmission]
	at com.kms.katalon.core.context.internal.TestHooker.invokeMethod(TestHooker.java:111)
	at com.kms.katalon.core.context.internal.TestHooker.lambda$3(TestHooker.java:95)
	at com.kms.katalon.core.context.internal.TestHooker.invokeContextMethods(TestHooker.java:94)
	at com.kms.katalon.core.context.internal.TestListenerCollector.lambda$3(TestListenerCollector.java:88)
	at com.kms.katalon.core.context.internal.TestListenerCollector.handleListenerEvent(TestListenerCollector.java:85)
	at com.kms.katalon.core.context.internal.ExecutionEventManager.publicEvent(ExecutionEventManager.java:36)
	at com.kms.katalon.core.main.TestCaseExecutor.execute(TestCaseExecutor.java:315)
	at com.kms.katalon.core.common.CommonExecutor.accessTestCaseMainPhase(CommonExecutor.java:65)
	at com.kms.katalon.core.main.TestSuiteExecutor.accessTestSuiteMainPhase(TestSuiteExecutor.java:150)
	at com.kms.katalon.core.main.TestSuiteExecutor.execute(TestSuiteExecutor.java:106)
	at com.kms.katalon.core.main.TestCaseMain.startTestSuite(TestCaseMain.java:180)
	at com.kms.katalon.core.main.TestCaseMain$startTestSuite$0.call(Unknown Source)
	at TempTestSuite1761084128061.run(TempTestSuite1761084128061.groovy:35)
	at java.base/jdk.internal.reflect.NativeMethodAccessorImpl.invoke0(Native Method)
	at java.base/jdk.internal.reflect.NativeMethodAccessorImpl.invoke(NativeMethodAccessorImpl.java:77)
	at java.base/jdk.internal.reflect.DelegatingMethodAccessorImpl.invoke(DelegatingMethodAccessorImpl.java:43)
Caused by: groovy.lang.MissingMethodException: No signature of method: WebDriverRetryListener.findTestCase() is applicable for argument types: (String) values: [Test Cases/DES/Trading Partners Page/Subscription/Transmission/Verify Accelerate Mapping Option Displays For Outbound ARO-INV Transmission]
	at WebDriverRetryListener.retryOnDisconnect(WebDriverRecoveryListener.groovy:32)
	at jdk.internal.reflect.GeneratedMethodAccessor47.invoke(Unknown Source)
	at java.base/jdk.internal.reflect.DelegatingMethodAccessorImpl.invoke(DelegatingMethodAccessorImpl.java:43)
	... 16 more


21-10-2025T19:20:21 - [MESSAGE][ERROR] - org.codehaus.groovy.runtime.InvokerInvocationException: groovy.lang.MissingMethodException: No signature of method: WebDriverRetryListener.findTestCase() is applicable for argument types: (String) values: [Test Cases/DES/Trading Partners Page/Subscription/Transmission/Verify Accelerate Mapping Option Displays For Outbound ARO-INV Transmission]
	at com.kms.katalon.core.context.internal.TestHooker.invokeMethod(TestHooker.java:111)
	at com.kms.katalon.core.context.internal.TestHooker.lambda$3(TestHooker.java:95)
	at com.kms.katalon.core.context.internal.TestHooker.invokeContextMethods(TestHooker.java:94)
	at com.kms.katalon.core.context.internal.TestListenerCollector.lambda$3(TestListenerCollector.java:88)
	at com.kms.katalon.core.context.internal.TestListenerCollector.handleListenerEvent(TestListenerCollector.java:85)
	at com.kms.katalon.core.context.internal.ExecutionEventManager.publicEvent(ExecutionEventManager.java:36)
	at com.kms.katalon.core.main.TestCaseExecutor.execute(TestCaseExecutor.java:315)
	at com.kms.katalon.core.common.CommonExecutor.accessTestCaseMainPhase(CommonExecutor.java:65)
	at com.kms.katalon.core.main.TestSuiteExecutor.accessTestSuiteMainPhase(TestSuiteExecutor.java:150)
	at com.kms.katalon.core.main.TestSuiteExecutor.execute(TestSuiteExecutor.java:106)
	at com.kms.katalon.core.main.TestCaseMain.startTestSuite(TestCaseMain.java:180)
	at com.kms.katalon.core.main.TestCaseMain$startTestSuite$0.call(Unknown Source)
	at TempTestSuite1761084128061.run(TempTestSuite1761084128061.groovy:35)
	at java.base/jdk.internal.reflect.NativeMethodAccessorImpl.invoke0(Native Method)
	at java.base/jdk.internal.reflect.NativeMethodAccessorImpl.invoke(NativeMethodAccessorImpl.java:77)
	at java.base/jdk.internal.reflect.DelegatingMethodAccessorImpl.invoke(DelegatingMethodAccessorImpl.java:43)
Caused by: groovy.lang.MissingMethodException: No signature of method: WebDriverRetryListener.findTestCase() is applicable for argument types: (String) values: [Test Cases/DES/Trading Partners Page/Subscription/Transmission/Verify Accelerate Mapping Option Displays For Outbound ARO-INV Transmission]
	at WebDriverRetryListener.retryOnDisconnect(WebDriverRecoveryListener.groovy:32)
	at jdk.internal.reflect.GeneratedMethodAccessor47.invoke(Unknown Source)
	at java.base/jdk.internal.reflect.DelegatingMethodAccessorImpl.invoke(DelegatingMethodAccessorImpl.java:43)
	... 16 more]]></system-out>
         <system-err><![CDATA[21-10-2025T19:20:03 - [TEST_CASE][FAILED] - Test Cases/DES/Trading Partners Page/Subscription/Transmission/Verify Accelerate Mapping Option Displays For Outbound ARO-INV Transmission: Test Cases/DES/Trading Partners Page/Subscription/Transmission/Verify Accelerate Mapping Option Displays For Outbound ARO-INV Transmission FAILED.
Reason:
com.kms.katalon.core.exception.StepFailedException: Call Test Case 'Test Cases/DES/DES Login' failed
	at com.kms.katalon.core.keyword.builtin.CallTestCaseKeyword$_callTestCase_closure1.doCall(CallTestCaseKeyword.groovy:63)
	at com.kms.katalon.core.keyword.builtin.CallTestCaseKeyword$_callTestCase_closure1.call(CallTestCaseKeyword.groovy)
	at com.kms.katalon.core.keyword.internal.KeywordMain.runKeyword(KeywordMain.groovy:75)
	at com.kms.katalon.core.keyword.builtin.CallTestCaseKeyword.callTestCase(CallTestCaseKeyword.groovy:81)
	at com.kms.katalon.core.keyword.builtin.CallTestCaseKeyword.execute(CallTestCaseKeyword.groovy:44)
	at com.kms.katalon.core.keyword.internal.KeywordExecutor.executeKeywordForPlatform(KeywordExecutor.groovy:74)
	at com.kms.katalon.core.keyword.BuiltinKeywords.callTestCase(BuiltinKeywords.groovy:310)
	at jdk.internal.reflect.GeneratedMethodAccessor41.invoke(Unknown Source)
	at java.base/jdk.internal.reflect.DelegatingMethodAccessorImpl.invoke(DelegatingMethodAccessorImpl.java:43)
	at Verify Accelerate Mapping Option Displays For Outbound ARO-INV Transmission.run(Verify Accelerate Mapping Option Displays For Outbound ARO-INV Transmission:20)
	at com.kms.katalon.core.main.ScriptEngine.run(ScriptEngine.java:194)
	at com.kms.katalon.core.main.ScriptEngine.runScriptAsRawText(ScriptEngine.java:119)
	at com.kms.katalon.core.main.TestCaseExecutor.runScript(TestCaseExecutor.java:448)
	at com.kms.katalon.core.main.TestCaseExecutor.doExecute(TestCaseExecutor.java:439)
	at com.kms.katalon.core.main.TestCaseExecutor.processExecutionPhase(TestCaseExecutor.java:418)
	at com.kms.katalon.core.main.TestCaseExecutor.accessMainPhase(TestCaseExecutor.java:410)
	at com.kms.katalon.core.main.TestCaseExecutor.execute(TestCaseExecutor.java:285)
	at com.kms.katalon.core.common.CommonExecutor.accessTestCaseMainPhase(CommonExecutor.java:65)
	at com.kms.katalon.core.main.TestSuiteExecutor.accessTestSuiteMainPhase(TestSuiteExecutor.java:150)
	at com.kms.katalon.core.main.TestSuiteExecutor.execute(TestSuiteExecutor.java:106)
	at com.kms.katalon.core.main.TestCaseMain.startTestSuite(TestCaseMain.java:180)
	at com.kms.katalon.core.main.TestCaseMain$startTestSuite$0.call(Unknown Source)
	at TempTestSuite1761084128061.run(TempTestSuite1761084128061.groovy:35)
	at java.base/jdk.internal.reflect.NativeMethodAccessorImpl.invoke0(Native Method)
	at java.base/jdk.internal.reflect.NativeMethodAccessorImpl.invoke(NativeMethodAccessorImpl.java:77)
	at java.base/jdk.internal.reflect.DelegatingMethodAccessorImpl.invoke(DelegatingMethodAccessorImpl.java:43)
Caused by: com.kms.katalon.core.exception.StepFailedException: Unable to set text 'Chris.Sheldon+DES_QA@Thekag.com' of object 'Object Repository/Page_IdentityServer4/input_Username (e.g. email address)_Username'
	at com.kms.katalon.core.webui.keyword.internal.WebUIKeywordMain.stepFailed(WebUIKeywordMain.groovy:117)
	at com.kms.katalon.core.webui.keyword.internal.WebUIKeywordMain.runKeyword(WebUIKeywordMain.groovy:43)
	at com.kms.katalon.core.webui.keyword.builtin.SetTextKeyword.setText(SetTextKeyword.groovy:85)
	at com.kms.katalon.core.webui.keyword.builtin.SetTextKeyword.execute(SetTextKeyword.groovy:39)
	at com.kms.katalon.core.keyword.internal.KeywordExecutor.executeKeywordForPlatform(KeywordExecutor.groovy:74)
	at com.kms.katalon.core.webui.keyword.WebUiBuiltInKeywords.setText(WebUiBuiltInKeywords.groovy:1019)
	at com.kms.katalon.core.webui.keyword.WebUiBuiltInKeywords$setText$2.call(Unknown Source)
	at DES Login.run(DES Login:30)
	at com.kms.katalon.core.main.ScriptEngine.run(ScriptEngine.java:194)
	at com.kms.katalon.core.main.ScriptEngine.runScriptAsRawText(ScriptEngine.java:119)
	at com.kms.katalon.core.main.TestCaseExecutor.runScript(TestCaseExecutor.java:448)
	at com.kms.katalon.core.main.TestCaseExecutor.doExecute(TestCaseExecutor.java:439)
	at com.kms.katalon.core.main.TestCaseExecutor.processExecutionPhase(TestCaseExecutor.java:418)
	at com.kms.katalon.core.main.TestCaseExecutor.accessMainPhase(TestCaseExecutor.java:410)
	at com.kms.katalon.core.main.TestCaseExecutor.execute(TestCaseExecutor.java:285)
	at com.kms.katalon.core.main.TestCaseMain.runTestCase(TestCaseMain.java:137)
	at com.kms.katalon.core.keyword.builtin.CallTestCaseKeyword$_callTestCase_closure1.doCall(CallTestCaseKeyword.groovy:59)
	... 25 more
Caused by: org.openqa.selenium.WebDriverException: java.net.ConnectException: Failed to connect to localhost/[0:0:0:0:0:0:0:1]:40250
Build info: version: '3.141.59', revision: 'unknown', time: 'unknown'
System info: host: 'DC1ADOBLD01', ip: '10.2.20.71', os.name: 'Windows Server 2019', os.arch: 'amd64', os.version: '10.0', java.version: '17.0.7'
Driver info: driver.version: EventFiringWebDriver
	at org.openqa.selenium.remote.service.DriverCommandExecutor.execute(DriverCommandExecutor.java:92)
	at org.openqa.selenium.remote.RemoteWebDriver.execute(RemoteWebDriver.java:552)
	at com.kms.katalon.selenium.driver.CChromeDriver.execute(CChromeDriver.java:19)
	at org.openqa.selenium.remote.RemoteWebDriver.findElements(RemoteWebDriver.java:353)
	at org.openqa.selenium.remote.RemoteWebDriver.findElementsByXPath(RemoteWebDriver.java:432)
	at org.openqa.selenium.By$ByXPath.findElements(By.java:348)
	at org.openqa.selenium.remote.RemoteWebDriver.findElements(RemoteWebDriver.java:311)
	at jdk.internal.reflect.GeneratedMethodAccessor9.invoke(Unknown Source)
	at java.base/jdk.internal.reflect.DelegatingMethodAccessorImpl.invoke(DelegatingMethodAccessorImpl.java:43)
	at org.openqa.selenium.support.events.EventFiringWebDriver.lambda$new$1(EventFiringWebDriver.java:105)
	at jdk.proxy2/jdk.proxy2.$Proxy26.findElements(Unknown Source)
	at org.openqa.selenium.support.events.EventFiringWebDriver.findElements(EventFiringWebDriver.java:182)
	at com.kms.katalon.core.webui.common.WebUiCommonHelper.findElementByNormalMethods(WebUiCommonHelper.java:1033)
	at com.kms.katalon.core.webui.common.WebUiCommonHelper.findElementsBySelectedMethod(WebUiCommonHelper.java:924)
	at com.kms.katalon.core.webui.common.WebUiCommonHelper.findElementsBySelectedMethod(WebUiCommonHelper.java:906)
	at com.kms.katalon.core.webui.common.WebUiCommonHelper.findElementsBySelectedMethod(WebUiCommonHelper.java:901)
	at com.kms.katalon.core.webui.common.WebUiCommonHelper.findElementsByDefault(WebUiCommonHelper.java:897)
	at com.kms.katalon.core.webui.common.WebUiCommonHelper.findElementsWithSelfHealing(WebUiCommonHelper.java:743)
	at com.kms.katalon.core.webui.common.WebUiCommonHelper.findWebElements(WebUiCommonHelper.java:727)
	at com.kms.katalon.core.webui.common.WebUiCommonHelper.findWebElement(WebUiCommonHelper.java:1413)
	at com.kms.katalon.core.webui.keyword.internal.WebUIAbstractKeyword.findWebElement(WebUIAbstractKeyword.groovy:27)
	at com.kms.katalon.core.webui.keyword.internal.WebUIAbstractKeyword.findWebElement(WebUIAbstractKeyword.groovy:26)
	at com.kms.katalon.core.webui.keyword.builtin.SetTextKeyword$_setText_closure1.doCall(SetTextKeyword.groovy:53)
	at com.kms.katalon.core.webui.keyword.builtin.SetTextKeyword$_setText_closure1.call(SetTextKeyword.groovy)
	at com.kms.katalon.core.webui.keyword.internal.WebUIKeywordMain.runKeyword(WebUIKeywordMain.groovy:35)
	at com.kms.katalon.core.webui.keyword.builtin.SetTextKeyword.setText(SetTextKeyword.groovy:85)
	at com.kms.katalon.core.webui.keyword.builtin.SetTextKeyword.execute(SetTextKeyword.groovy:39)
	at com.kms.katalon.core.keyword.internal.KeywordExecutor.executeKeywordForPlatform(KeywordExecutor.groovy:74)
	at com.kms.katalon.core.webui.keyword.WebUiBuiltInKeywords.setText(WebUiBuiltInKeywords.groovy:1019)
	at com.kms.katalon.core.webui.keyword.WebUiBuiltInKeywords$setText$2.call(Unknown Source)
	at Script1749499513693.run(Script1749499513693.groovy:30)
	at com.kms.katalon.core.main.ScriptEngine.run(ScriptEngine.java:194)
	at com.kms.katalon.core.main.ScriptEngine.runScriptAsRawText(ScriptEngine.java:119)
	at com.kms.katalon.core.main.TestCaseExecutor.runScript(TestCaseExecutor.java:448)
	at com.kms.katalon.core.main.TestCaseExecutor.doExecute(TestCaseExecutor.java:439)
	at com.kms.katalon.core.main.TestCaseExecutor.processExecutionPhase(TestCaseExecutor.java:418)
	at com.kms.katalon.core.main.TestCaseExecutor.accessMainPhase(TestCaseExecutor.java:410)
	at com.kms.katalon.core.main.TestCaseExecutor.execute(TestCaseExecutor.java:285)
	at com.kms.katalon.core.main.TestCaseMain.runTestCase(TestCaseMain.java:137)
	at com.kms.katalon.core.keyword.builtin.CallTestCaseKeyword$_callTestCase_closure1.doCall(CallTestCaseKeyword.groovy:59)
	at com.kms.katalon.core.keyword.builtin.CallTestCaseKeyword$_callTestCase_closure1.call(CallTestCaseKeyword.groovy)
	at com.kms.katalon.core.keyword.internal.KeywordMain.runKeyword(KeywordMain.groovy:75)
	at com.kms.katalon.core.keyword.builtin.CallTestCaseKeyword.callTestCase(CallTestCaseKeyword.groovy:81)
	at com.kms.katalon.core.keyword.builtin.CallTestCaseKeyword.execute(CallTestCaseKeyword.groovy:44)
	at com.kms.katalon.core.keyword.internal.KeywordExecutor.executeKeywordForPlatform(KeywordExecutor.groovy:74)
	at com.kms.katalon.core.keyword.BuiltinKeywords.callTestCase(BuiltinKeywords.groovy:310)
	at jdk.internal.reflect.GeneratedMethodAccessor41.invoke(Unknown Source)
	at java.base/jdk.internal.reflect.DelegatingMethodAccessorImpl.invoke(DelegatingMethodAccessorImpl.java:43)
	at Script1739995887607.run(Script1739995887607.groovy:20)
	... 16 more
Caused by: java.net.ConnectException: Failed to connect to localhost/[0:0:0:0:0:0:0:1]:40250
	at okhttp3.internal.connection.RealConnection.connectSocket(RealConnection.java:247)
	at okhttp3.internal.connection.RealConnection.connect(RealConnection.java:165)
	at okhttp3.internal.connection.StreamAllocation.findConnection(StreamAllocation.java:257)
	at okhttp3.internal.connection.StreamAllocation.findHealthyConnection(StreamAllocation.java:135)
	at okhttp3.internal.connection.StreamAllocation.newStream(StreamAllocation.java:114)
	at okhttp3.internal.connection.ConnectInterceptor.intercept(ConnectInterceptor.java:42)
	at okhttp3.internal.http.RealInterceptorChain.proceed(RealInterceptorChain.java:147)
	at okhttp3.internal.http.RealInterceptorChain.proceed(RealInterceptorChain.java:121)
	at okhttp3.internal.cache.CacheInterceptor.intercept(CacheInterceptor.java:93)
	at okhttp3.internal.http.RealInterceptorChain.proceed(RealInterceptorChain.java:147)
	at okhttp3.internal.http.RealInterceptorChain.proceed(RealInterceptorChain.java:121)
	at okhttp3.internal.http.BridgeInterceptor.intercept(BridgeInterceptor.java:93)
	at okhttp3.internal.http.RealInterceptorChain.proceed(RealInterceptorChain.java:147)
	at okhttp3.internal.http.RetryAndFollowUpInterceptor.intercept(RetryAndFollowUpInterceptor.java:126)
	at okhttp3.internal.http.RealInterceptorChain.proceed(RealInterceptorChain.java:147)
	at okhttp3.internal.http.RealInterceptorChain.proceed(RealInterceptorChain.java:121)
	at okhttp3.RealCall.getResponseWithInterceptorChain(RealCall.java:200)
	at okhttp3.RealCall.execute(RealCall.java:77)
	at org.openqa.selenium.remote.internal.OkHttpClient.execute(OkHttpClient.java:103)
	at org.openqa.selenium.remote.HttpCommandExecutor.execute(HttpCommandExecutor.java:155)
	at org.openqa.selenium.remote.service.DriverCommandExecutor.execute(DriverCommandExecutor.java:83)
	... 64 more
Caused by: java.net.ConnectException: Connection refused: no further information
	at okhttp3.internal.platform.Platform.connectSocket(Platform.java:129)
	at okhttp3.internal.connection.RealConnection.connectSocket(RealConnection.java:245)
	at okhttp3.internal.connection.RealConnection.connect(RealConnection.java:165)
	at okhttp3.internal.connection.StreamAllocation.findConnection(StreamAllocation.java:257)
	at okhttp3.internal.connection.StreamAllocation.findHealthyConnection(StreamAllocation.java:135)
	at okhttp3.internal.connection.StreamAllocation.newStream(StreamAllocation.java:114)
	at okhttp3.internal.connection.ConnectInterceptor.intercept(ConnectInterceptor.java:42)
	at okhttp3.internal.http.RealInterceptorChain.proceed(RealInterceptorChain.java:147)
	at okhttp3.internal.http.RealInterceptorChain.proceed(RealInterceptorChain.java:121)
	at okhttp3.internal.cache.CacheInterceptor.intercept(CacheInterceptor.java:93)
	at okhttp3.internal.http.RealInterceptorChain.proceed(RealInterceptorChain.java:147)
	at okhttp3.internal.http.RealInterceptorChain.proceed(RealInterceptorChain.java:121)
	at okhttp3.internal.http.BridgeInterceptor.intercept(BridgeInterceptor.java:93)
	at okhttp3.internal.http.RealInterceptorChain.proceed(RealInterceptorChain.java:147)
	at okhttp3.internal.http.RetryAndFollowUpInterceptor.intercept(RetryAndFollowUpInterceptor.java:126)
	at okhttp3.internal.http.RealInterceptorChain.proceed(RealInterceptorChain.java:147)
	at okhttp3.internal.http.RealInterceptorChain.proceed(RealInterceptorChain.java:121)
	at okhttp3.RealCall.getResponseWithInterceptorChain(RealCall.java:200)
	at okhttp3.RealCall.execute(RealCall.java:77)
	at org.openqa.selenium.remote.internal.OkHttpClient.execute(OkHttpClient.java:103)
	at org.openqa.selenium.remote.HttpCommandExecutor.execute(HttpCommandExecutor.java:155)
	at org.openqa.selenium.remote.service.DriverCommandExecutor.execute(DriverCommandExecutor.java:83)
	at org.openqa.selenium.remote.RemoteWebDriver.execute(RemoteWebDriver.java:552)
	at com.kms.katalon.selenium.driver.CChromeDriver.execute(CChromeDriver.java:19)
	at org.openqa.selenium.remote.RemoteWebDriver.findElements(RemoteWebDriver.java:353)
	at org.openqa.selenium.remote.RemoteWebDriver.findElementsByXPath(RemoteWebDriver.java:432)
	at org.openqa.selenium.By$ByXPath.findElements(By.java:348)
	at org.openqa.selenium.remote.RemoteWebDriver.findElements(RemoteWebDriver.java:311)
	at jdk.internal.reflect.GeneratedMethodAccessor9.invoke(Unknown Source)
	at java.base/jdk.internal.reflect.DelegatingMethodAccessorImpl.invoke(DelegatingMethodAccessorImpl.java:43)
	at org.openqa.selenium.support.events.EventFiringWebDriver.lambda$new$1(EventFiringWebDriver.java:105)
	at jdk.proxy2/jdk.proxy2.$Proxy26.findElements(Unknown Source)
	at org.openqa.selenium.support.events.EventFiringWebDriver.findElements(EventFiringWebDriver.java:182)
	at com.kms.katalon.core.webui.common.WebUiCommonHelper.findElementByNormalMethods(WebUiCommonHelper.java:1033)
	at com.kms.katalon.core.webui.common.WebUiCommonHelper.findElementsBySelectedMethod(WebUiCommonHelper.java:924)
	at com.kms.katalon.core.webui.common.WebUiCommonHelper.findElementsBySelectedMethod(WebUiCommonHelper.java:906)
	at com.kms.katalon.core.webui.common.WebUiCommonHelper.findElementsBySelectedMethod(WebUiCommonHelper.java:901)
	at com.kms.katalon.core.webui.common.WebUiCommonHelper.findElementsByDefault(WebUiCommonHelper.java:897)
	at com.kms.katalon.core.webui.common.WebUiCommonHelper.findElementsWithSelfHealing(WebUiCommonHelper.java:743)
	at com.kms.katalon.core.webui.common.WebUiCommonHelper.findWebElements(WebUiCommonHelper.java:727)
	at com.kms.katalon.core.webui.common.WebUiCommonHelper.findWebElement(WebUiCommonHelper.java:1413)
	at com.kms.katalon.core.webui.keyword.internal.WebUIAbstractKeyword.findWebElement(WebUIAbstractKeyword.groovy:27)
	at com.kms.katalon.core.webui.keyword.internal.WebUIAbstractKeyword.findWebElement(WebUIAbstractKeyword.groovy:26)
	at com.kms.katalon.core.webui.keyword.builtin.SetTextKeyword$_setText_closure1.doCall(SetTextKeyword.groovy:53)
	at com.kms.katalon.core.webui.keyword.builtin.SetTextKeyword$_setText_closure1.call(SetTextKeyword.groovy)
	at com.kms.katalon.core.webui.keyword.internal.WebUIKeywordMain.runKeyword(WebUIKeywordMain.groovy:35)
	at com.kms.katalon.core.webui.keyword.builtin.SetTextKeyword.setText(SetTextKeyword.groovy:85)
	at com.kms.katalon.core.webui.keyword.builtin.SetTextKeyword.execute(SetTextKeyword.groovy:39)
	at com.kms.katalon.core.keyword.internal.KeywordExecutor.executeKeywordForPlatform(KeywordExecutor.groovy:74)
	at com.kms.katalon.core.webui.keyword.WebUiBuiltInKeywords.setText(WebUiBuiltInKeywords.groovy:1019)
	at com.kms.katalon.core.webui.keyword.WebUiBuiltInKeywords$setText$2.call(Unknown Source)
	at DES Login.run(DES Login:30)
	at com.kms.katalon.core.main.ScriptEngine.run(ScriptEngine.java:194)
	at com.kms.katalon.core.main.ScriptEngine.runScriptAsRawText(ScriptEngine.java:119)
	at com.kms.katalon.core.main.TestCaseExecutor.runScript(TestCaseExecutor.java:448)
	at com.kms.katalon.core.main.TestCaseExecutor.doExecute(TestCaseExecutor.java:439)
	at com.kms.katalon.core.main.TestCaseExecutor.processExecutionPhase(TestCaseExecutor.java:418)
	at com.kms.katalon.core.main.TestCaseExecutor.accessMainPhase(TestCaseExecutor.java:410)
	at com.kms.katalon.core.main.TestCaseExecutor.execute(TestCaseExecutor.java:285)
	at com.kms.katalon.core.main.TestCaseMain.runTestCase(TestCaseMain.java:137)
	at com.kms.katalon.core.keyword.builtin.CallTestCaseKeyword$_callTestCase_closure1.doCall(CallTestCaseKeyword.groovy:59)
	at com.kms.katalon.core.keyword.builtin.CallTestCaseKeyword$_callTestCase_closure1.call(CallTestCaseKeyword.groovy)
	at com.kms.katalon.core.keyword.internal.KeywordMain.runKeyword(KeywordMain.groovy:75)
	at com.kms.katalon.core.keyword.builtin.CallTestCaseKeyword.callTestCase(CallTestCaseKeyword.groovy:81)
	at com.kms.katalon.core.keyword.builtin.CallTestCaseKeyword.execute(CallTestCaseKeyword.groovy:44)
	at com.kms.katalon.core.keyword.internal.KeywordExecutor.executeKeywordForPlatform(KeywordExecutor.groovy:74)
	at com.kms.katalon.core.keyword.BuiltinKeywords.callTestCase(BuiltinKeywords.groovy:310)
	at jdk.internal.reflect.GeneratedMethodAccessor41.invoke(Unknown Source)
	at java.base/jdk.internal.reflect.DelegatingMethodAccessorImpl.invoke(DelegatingMethodAccessorImpl.java:43)
	at Verify Accelerate Mapping Option Displays For Outbound ARO-INV Transmission.run(Verify Accelerate Mapping Option Displays For Outbound ARO-INV Transmission:20)
	... 16 more]]></system-err>
      </testcase>
      <testcase name="Test Cases/DES/Trading Partners Page/Subscription/Transmission/Verify Accelerate Mapping Option Displays For Outbound FA Transmission" time="62.405" classname="Test Cases/DES/Trading Partners Page/Subscription/Transmission/Verify Accelerate Mapping Option Displays For Outbound FA Transmission" status="PASSED">
         <system-out><![CDATA[21-10-2025T19:20:21 - [TEST_CASE][PASSED] - Test Cases/DES/Trading Partners Page/Subscription/Transmission/Verify Accelerate Mapping Option Displays For Outbound FA Transmission: Test Cases/DES/Trading Partners Page/Subscription/Transmission/Verify Accelerate Mapping Option Displays For Outbound FA Transmission

21-10-2025T19:20:21 - [TEST_STEP][PASSED] - Start listener action : beforeTestCase: null

21-10-2025T19:20:21 - [TEST_STEP][PASSED] - addDefaultPackages(): null

21-10-2025T19:20:21 - [TEST_STEP][PASSED] - callTestCase(findTestCase("DES/DES Login"), [:], STOP_ON_FAILURE): Call Test Case 'Test Cases/DES/DES Login' successfully

21-10-2025T19:20:22 - [TEST_CASE][PASSED] - Test Cases/DES/DES Login: Test Cases/DES/DES Login

21-10-2025T19:20:22 - [TEST_STEP][PASSED] - openBrowser(""): Browser is opened with url: ''

21-10-2025T19:20:22 - [MESSAGE][INFO] - Starting 'Chrome' driver

21-10-2025T19:20:22 - [MESSAGE][INFO] - User set preference: ['args', '[--no-sandbox, --disable-gpu, --disable-dev-shm-usage]']

21-10-2025T19:20:22 - [MESSAGE][INFO] - Action delay is set to 0 milliseconds

21-10-2025T19:20:22 - [MESSAGE][PASSED] - Browser is opened with url: ''

21-10-2025T19:20:22 - [TEST_STEP][PASSED] - maximizeWindow(): Current window maximized

21-10-2025T19:20:22 - [MESSAGE][PASSED] - Current window maximized

21-10-2025T19:20:22 - [TEST_STEP][PASSED] - delay(10): Delayed 10 second(s)

21-10-2025T19:20:32 - [MESSAGE][PASSED] - Delayed 10 second(s)

21-10-2025T19:20:32 - [TEST_STEP][PASSED] - navigateToUrl("https://dx-portal.qa.thekag.com/"): Navigate to 'https://dx-portal.qa.thekag.com/' successfully

21-10-2025T19:20:33 - [MESSAGE][PASSED] - Navigate to 'https://dx-portal.qa.thekag.com/' successfully

21-10-2025T19:20:33 - [TEST_STEP][PASSED] - delay(5): Delayed 5 second(s)

21-10-2025T19:20:38 - [MESSAGE][PASSED] - Delayed 5 second(s)

21-10-2025T19:20:38 - [TEST_STEP][PASSED] - setText(findTestObject("Object Repository/Page_IdentityServer4/input_Username (e.g. email address)_Username"), "Chris.Sheldon+DES_QA@Thekag.com"): Text 'Chris.Sheldon+DES_QA@Thekag.com' is set on object 'Object Repository/Page_IdentityServer4/input_Username (e.g. email address)_Username'

21-10-2025T19:20:38 - [MESSAGE][PASSED] - Text 'Chris.Sheldon+DES_QA@Thekag.com' is set on object 'Object Repository/Page_IdentityServer4/input_Username (e.g. email address)_Username'

21-10-2025T19:20:38 - [TEST_STEP][PASSED] - setEncryptedText(findTestObject("Page_IdentityServer4/input_Password_Password"), "BtpyPJuZxPz9EFo3Zi2c4Q=="): Text ****** has been set on object 'Object Repository/Page_IdentityServer4/input_Password_Password'

21-10-2025T19:20:38 - [MESSAGE][PASSED] - Text ****** has been set on object 'Object Repository/Page_IdentityServer4/input_Password_Password'

21-10-2025T19:20:38 - [TEST_STEP][PASSED] - click(findTestObject("Object Repository/Page_IdentityServer4/button_Login")): Object: 'Object Repository/Page_IdentityServer4/button_Login' is clicked on

21-10-2025T19:20:39 - [MESSAGE][PASSED] - Object: 'Object Repository/Page_IdentityServer4/button_Login' is clicked on

21-10-2025T19:20:39 - [TEST_STEP][PASSED] - delay(5): Delayed 5 second(s)

21-10-2025T19:20:44 - [MESSAGE][PASSED] - Delayed 5 second(s)

21-10-2025T19:20:44 - [MESSAGE][PASSED] - Call Test Case 'Test Cases/DES/DES Login' successfully

21-10-2025T19:20:44 - [TEST_STEP][PASSED] - setText(findTestObject("Object Repository/DES/Trading Partners Page/Search Trading Partner_input_txt"), "Katalon Trading"): Text 'Katalon Trading' is set on object 'Object Repository/DES/Trading Partners Page/Search Trading Partner_input_txt'

21-10-2025T19:20:44 - [MESSAGE][PASSED] - Text 'Katalon Trading' is set on object 'Object Repository/DES/Trading Partners Page/Search Trading Partner_input_txt'

21-10-2025T19:20:44 - [TEST_STEP][PASSED] - delay(5): Delayed 5 second(s)

21-10-2025T19:20:49 - [MESSAGE][PASSED] - Delayed 5 second(s)

21-10-2025T19:20:49 - [TEST_STEP][PASSED] - click(findTestObject("Object Repository/DES/Page_data-exchange/button_View")): Object: 'Object Repository/DES/Page_data-exchange/button_View' is clicked on

21-10-2025T19:20:49 - [MESSAGE][PASSED] - Object: 'Object Repository/DES/Page_data-exchange/button_View' is clicked on

21-10-2025T19:20:49 - [TEST_STEP][PASSED] - delay(5): Delayed 5 second(s)

21-10-2025T19:20:54 - [MESSAGE][PASSED] - Delayed 5 second(s)

21-10-2025T19:20:54 - [TEST_STEP][PASSED] - click(findTestObject("DES/TradingPartners/Subscription/Subscription Tab")): Object: 'Object Repository/DES/TradingPartners/Subscription/Subscription Tab' is clicked on

21-10-2025T19:20:54 - [MESSAGE][PASSED] - Object: 'Object Repository/DES/TradingPartners/Subscription/Subscription Tab' is clicked on

21-10-2025T19:20:54 - [TEST_STEP][PASSED] - delay(3): Delayed 3 second(s)

21-10-2025T19:20:57 - [MESSAGE][PASSED] - Delayed 3 second(s)

21-10-2025T19:20:57 - [TEST_STEP][PASSED] - click(findTestObject("Object Repository/Page_data-exchange/button_Add Subscription")): Object: 'Object Repository/Page_data-exchange/button_Add Subscription' is clicked on

21-10-2025T19:20:58 - [MESSAGE][PASSED] - Object: 'Object Repository/Page_data-exchange/button_Add Subscription' is clicked on

21-10-2025T19:20:58 - [TEST_STEP][PASSED] - delay(5): Delayed 5 second(s)

21-10-2025T19:21:03 - [MESSAGE][PASSED] - Delayed 5 second(s)

21-10-2025T19:21:03 - [TEST_STEP][PASSED] - selectOptionByIndex(findTestObject("Object Repository/DES/Page_data-exchange/select_Select a Transaction TypeFinancial D_642f55"), "5", STOP_ON_FAILURE): All options with index in [5] are selected on object 'Object Repository/DES/Page_data-exchange/select_Select a Transaction TypeFinancial D_642f55'

21-10-2025T19:21:03 - [MESSAGE][PASSED] - All options with index in [5] are selected on object 'Object Repository/DES/Page_data-exchange/select_Select a Transaction TypeFinancial D_642f55'

21-10-2025T19:21:03 - [TEST_STEP][PASSED] - delay(1): Delayed 1 second(s)

21-10-2025T19:21:04 - [MESSAGE][PASSED] - Delayed 1 second(s)

21-10-2025T19:21:04 - [TEST_STEP][PASSED] - selectOptionByIndex(findTestObject("Object Repository/DES/Page_data-exchange/select_Select.Inbound"), "2", STOP_ON_FAILURE): All options with index in [2] are selected on object 'Object Repository/DES/Page_data-exchange/select_Select.Inbound'

21-10-2025T19:21:04 - [MESSAGE][PASSED] - All options with index in [2] are selected on object 'Object Repository/DES/Page_data-exchange/select_Select.Inbound'

21-10-2025T19:21:04 - [TEST_STEP][PASSED] - delay(1): Delayed 1 second(s)

21-10-2025T19:21:05 - [MESSAGE][PASSED] - Delayed 1 second(s)

21-10-2025T19:21:05 - [TEST_STEP][PASSED] - selectOptionByValue(findTestObject("Object Repository/DES/Page_data-exchange/select_Select.Real TimeScheduled"), "true", true): All options with value 'true' are selected in object 'Object Repository/DES/Page_data-exchange/select_Select.Real TimeScheduled'  using regular expression

21-10-2025T19:21:05 - [MESSAGE][PASSED] - All options with value 'true' are selected in object 'Object Repository/DES/Page_data-exchange/select_Select.Real TimeScheduled'  using regular expression

21-10-2025T19:21:05 - [TEST_STEP][PASSED] - delay(1): Delayed 1 second(s)

21-10-2025T19:21:06 - [MESSAGE][PASSED] - Delayed 1 second(s)

21-10-2025T19:21:06 - [TEST_STEP][PASSED] - click(findTestObject("Object Repository/DES/Page_data-exchange/button_Save")): Object: 'Object Repository/DES/Page_data-exchange/button_Save' is clicked on

21-10-2025T19:21:06 - [MESSAGE][PASSED] - Object: 'Object Repository/DES/Page_data-exchange/button_Save' is clicked on

21-10-2025T19:21:06 - [TEST_STEP][PASSED] - delay(5): Delayed 5 second(s)

21-10-2025T19:21:11 - [MESSAGE][PASSED] - Delayed 5 second(s)

21-10-2025T19:21:11 - [TEST_STEP][PASSED] - verifyElementPresent(findTestObject("Object Repository/DES/Page_data-exchange/h3_Load Tender (LT)"), 30): Object 'Object Repository/DES/Page_data-exchange/h3_Load Tender (LT)' is present

21-10-2025T19:21:11 - [MESSAGE][PASSED] - Object 'Object Repository/DES/Page_data-exchange/h3_Load Tender (LT)' is present

21-10-2025T19:21:11 - [TEST_STEP][PASSED] - click(findTestObject("Object Repository/DES/Page_data-exchange/button_Add Transmission")): Object: 'Object Repository/DES/Page_data-exchange/button_Add Transmission' is clicked on

21-10-2025T19:21:11 - [MESSAGE][PASSED] - Object: 'Object Repository/DES/Page_data-exchange/button_Add Transmission' is clicked on

21-10-2025T19:21:11 - [TEST_STEP][PASSED] - delay(5): Delayed 5 second(s)

21-10-2025T19:21:16 - [MESSAGE][PASSED] - Delayed 5 second(s)

21-10-2025T19:21:16 - [TEST_STEP][PASSED] - selectOptionByIndex(findTestObject("Object Repository/DES/Page_data-exchange/select_Select.EmailFile Transfer ProtocolNe_92efe9"), "3", STOP_ON_FAILURE): All options with index in [3] are selected on object 'Object Repository/DES/Page_data-exchange/select_Select.EmailFile Transfer ProtocolNe_92efe9'

21-10-2025T19:21:16 - [MESSAGE][PASSED] - All options with index in [3] are selected on object 'Object Repository/DES/Page_data-exchange/select_Select.EmailFile Transfer ProtocolNe_92efe9'

21-10-2025T19:21:16 - [TEST_STEP][PASSED] - delay(1): Delayed 1 second(s)

21-10-2025T19:21:17 - [MESSAGE][PASSED] - Delayed 1 second(s)

21-10-2025T19:21:17 - [TEST_STEP][PASSED] - selectOptionByIndex(findTestObject("DES/Trading Partners Page/Subscription/Transmission/Data Format_dropdown"), "1", STOP_ON_FAILURE): All options with index in [1] are selected on object 'Object Repository/DES/Trading Partners Page/Subscription/Transmission/Data Format_dropdown'

21-10-2025T19:21:17 - [MESSAGE][PASSED] - All options with index in [1] are selected on object 'Object Repository/DES/Trading Partners Page/Subscription/Transmission/Data Format_dropdown'

21-10-2025T19:21:17 - [TEST_STEP][PASSED] - delay(1): Delayed 1 second(s)

21-10-2025T19:21:18 - [MESSAGE][PASSED] - Delayed 1 second(s)

21-10-2025T19:21:18 - [TEST_STEP][PASSED] - selectOptionByIndex(findTestObject("Object Repository/DES/Page_data-exchange/select_Select.Adobe PDF (pdf)Text Document _99c46b"), "1", STOP_ON_FAILURE): All options with index in [1] are selected on object 'Object Repository/DES/Page_data-exchange/select_Select.Adobe PDF (pdf)Text Document _99c46b'

21-10-2025T19:21:19 - [MESSAGE][PASSED] - All options with index in [1] are selected on object 'Object Repository/DES/Page_data-exchange/select_Select.Adobe PDF (pdf)Text Document _99c46b'

21-10-2025T19:21:19 - [TEST_STEP][PASSED] - delay(3): Delayed 3 second(s)

21-10-2025T19:21:22 - [MESSAGE][PASSED] - Delayed 3 second(s)

21-10-2025T19:21:22 - [TEST_STEP][PASSED] - verifyElementText(findTestObject("DES/Trading Partners Page/Subscription/Transmission/Format Details/Accelerate_Mapping_lbl"), "Accelerate Mapping"): Actual text and expected text of test object 'Object Repository/DES/Trading Partners Page/Subscription/Transmission/Format Details/Accelerate_Mapping_lbl' are matched.

21-10-2025T19:21:22 - [MESSAGE][PASSED] - Actual text and expected text of test object 'Object Repository/DES/Trading Partners Page/Subscription/Transmission/Format Details/Accelerate_Mapping_lbl' are matched.

21-10-2025T19:21:22 - [TEST_STEP][PASSED] - verifyElementPresent(findTestObject("DES/Trading Partners Page/Subscription/Transmission/Format Details/Accelerate_Mapping_LT_Yes_btn"), 5): Object 'Object Repository/DES/Trading Partners Page/Subscription/Transmission/Format Details/Accelerate_Mapping_LT_Yes_btn' is present

21-10-2025T19:21:22 - [MESSAGE][PASSED] - Object 'Object Repository/DES/Trading Partners Page/Subscription/Transmission/Format Details/Accelerate_Mapping_LT_Yes_btn' is present

21-10-2025T19:21:22 - [TEST_STEP][PASSED] - verifyElementPresent(findTestObject("DES/Trading Partners Page/Subscription/Transmission/Format Details/Accelerate_Mapping_LT_No_btn"), 5): Object 'Object Repository/DES/Trading Partners Page/Subscription/Transmission/Format Details/Accelerate_Mapping_LT_No_btn' is present

21-10-2025T19:21:22 - [MESSAGE][PASSED] - Object 'Object Repository/DES/Trading Partners Page/Subscription/Transmission/Format Details/Accelerate_Mapping_LT_No_btn' is present

21-10-2025T19:21:22 - [TEST_STEP][PASSED] - delay(1): Delayed 1 second(s)

21-10-2025T19:21:23 - [MESSAGE][PASSED] - Delayed 1 second(s)

21-10-2025T19:21:23 - [TEST_STEP][PASSED] - click(findTestObject("DES/Trading Partners Page/Subscription/Transmission/Format Details/Accelerate_Mapping_LT_Yes_btn"), STOP_ON_FAILURE): Object: 'Object Repository/DES/Trading Partners Page/Subscription/Transmission/Format Details/Accelerate_Mapping_LT_Yes_btn' is clicked on

21-10-2025T19:21:23 - [MESSAGE][PASSED] - Object: 'Object Repository/DES/Trading Partners Page/Subscription/Transmission/Format Details/Accelerate_Mapping_LT_Yes_btn' is clicked on

21-10-2025T19:21:23 - [TEST_STEP][PASSED] - delay(1): Delayed 1 second(s)

21-10-2025T19:21:24 - [MESSAGE][PASSED] - Delayed 1 second(s)

21-10-2025T19:21:24 - [TEST_STEP][PASSED] - click(findTestObject("DES/Trading Partners Page/Subscription/Transmission/Transmission_Save_btn"), STOP_ON_FAILURE): Object: 'Object Repository/DES/Trading Partners Page/Subscription/Transmission/Transmission_Save_btn' is clicked on

21-10-2025T19:21:24 - [MESSAGE][PASSED] - Object: 'Object Repository/DES/Trading Partners Page/Subscription/Transmission/Transmission_Save_btn' is clicked on

21-10-2025T19:21:24 - [TEST_STEP][PASSED] - Start listener action : retryOnDisconnect: null

21-10-2025T19:21:24 - [TEST_STEP][PASSED] - tcId = testCaseContext.getTestCaseId(): null

21-10-2025T19:21:24 - [TEST_STEP][PASSED] - currentRetry = retryCounts.getOrDefault(tcId, 0): null

21-10-2025T19:21:24 - [TEST_STEP][PASSED] - if (testCaseContext.getTestCaseStatus() == "FAILED" && currentRetry < MAX_RETRIES): null]]></system-out>
         <system-err><![CDATA[]]></system-err>
      </testcase>
      <testcase name="Test Cases/DES/Trading Partners Page/Subscription/Transmission/Verify Accelerate Mapping Option Displays For Outbound FIN-ACC Transmission" time="62.215" classname="Test Cases/DES/Trading Partners Page/Subscription/Transmission/Verify Accelerate Mapping Option Displays For Outbound FIN-ACC Transmission" status="PASSED">
         <system-out><![CDATA[21-10-2025T19:21:24 - [TEST_CASE][PASSED] - Test Cases/DES/Trading Partners Page/Subscription/Transmission/Verify Accelerate Mapping Option Displays For Outbound FIN-ACC Transmission: Test Cases/DES/Trading Partners Page/Subscription/Transmission/Verify Accelerate Mapping Option Displays For Outbound FIN-ACC Transmission

21-10-2025T19:21:24 - [TEST_STEP][PASSED] - Start listener action : beforeTestCase: null

21-10-2025T19:21:24 - [TEST_STEP][PASSED] - addDefaultPackages(): null

21-10-2025T19:21:24 - [TEST_STEP][PASSED] - callTestCase(findTestCase("DES/DES Login"), [:], STOP_ON_FAILURE): Call Test Case 'Test Cases/DES/DES Login' successfully

21-10-2025T19:21:24 - [TEST_CASE][PASSED] - Test Cases/DES/DES Login: Test Cases/DES/DES Login

21-10-2025T19:21:24 - [TEST_STEP][PASSED] - openBrowser(""): Browser is opened with url: ''

21-10-2025T19:21:24 - [MESSAGE][WARNING] - A browser is already opened. Closing browser and opening a new one

21-10-2025T19:21:24 - [MESSAGE][INFO] - Starting 'Chrome' driver

21-10-2025T19:21:24 - [MESSAGE][INFO] - User set preference: ['args', '[--no-sandbox, --disable-gpu, --disable-dev-shm-usage]']

21-10-2025T19:21:24 - [MESSAGE][INFO] - Action delay is set to 0 milliseconds

21-10-2025T19:21:25 - [MESSAGE][PASSED] - Browser is opened with url: ''

21-10-2025T19:21:25 - [TEST_STEP][PASSED] - maximizeWindow(): Current window maximized

21-10-2025T19:21:25 - [MESSAGE][PASSED] - Current window maximized

21-10-2025T19:21:25 - [TEST_STEP][PASSED] - delay(10): Delayed 10 second(s)

21-10-2025T19:21:35 - [MESSAGE][PASSED] - Delayed 10 second(s)

21-10-2025T19:21:35 - [TEST_STEP][PASSED] - navigateToUrl("https://dx-portal.qa.thekag.com/"): Navigate to 'https://dx-portal.qa.thekag.com/' successfully

21-10-2025T19:21:35 - [MESSAGE][PASSED] - Navigate to 'https://dx-portal.qa.thekag.com/' successfully

21-10-2025T19:21:35 - [TEST_STEP][PASSED] - delay(5): Delayed 5 second(s)

21-10-2025T19:21:40 - [MESSAGE][PASSED] - Delayed 5 second(s)

21-10-2025T19:21:40 - [TEST_STEP][PASSED] - setText(findTestObject("Object Repository/Page_IdentityServer4/input_Username (e.g. email address)_Username"), "Chris.Sheldon+DES_QA@Thekag.com"): Text 'Chris.Sheldon+DES_QA@Thekag.com' is set on object 'Object Repository/Page_IdentityServer4/input_Username (e.g. email address)_Username'

21-10-2025T19:21:41 - [MESSAGE][PASSED] - Text 'Chris.Sheldon+DES_QA@Thekag.com' is set on object 'Object Repository/Page_IdentityServer4/input_Username (e.g. email address)_Username'

21-10-2025T19:21:41 - [TEST_STEP][PASSED] - setEncryptedText(findTestObject("Page_IdentityServer4/input_Password_Password"), "BtpyPJuZxPz9EFo3Zi2c4Q=="): Text ****** has been set on object 'Object Repository/Page_IdentityServer4/input_Password_Password'

21-10-2025T19:21:41 - [MESSAGE][PASSED] - Text ****** has been set on object 'Object Repository/Page_IdentityServer4/input_Password_Password'

21-10-2025T19:21:41 - [TEST_STEP][PASSED] - click(findTestObject("Object Repository/Page_IdentityServer4/button_Login")): Object: 'Object Repository/Page_IdentityServer4/button_Login' is clicked on

21-10-2025T19:21:41 - [MESSAGE][PASSED] - Object: 'Object Repository/Page_IdentityServer4/button_Login' is clicked on

21-10-2025T19:21:41 - [TEST_STEP][PASSED] - delay(5): Delayed 5 second(s)

21-10-2025T19:21:46 - [MESSAGE][PASSED] - Delayed 5 second(s)

21-10-2025T19:21:46 - [MESSAGE][PASSED] - Call Test Case 'Test Cases/DES/DES Login' successfully

21-10-2025T19:21:46 - [TEST_STEP][PASSED] - setText(findTestObject("Object Repository/DES/Trading Partners Page/Search Trading Partner_input_txt"), "Katalon Trading"): Text 'Katalon Trading' is set on object 'Object Repository/DES/Trading Partners Page/Search Trading Partner_input_txt'

21-10-2025T19:21:47 - [MESSAGE][PASSED] - Text 'Katalon Trading' is set on object 'Object Repository/DES/Trading Partners Page/Search Trading Partner_input_txt'

21-10-2025T19:21:47 - [TEST_STEP][PASSED] - delay(5): Delayed 5 second(s)

21-10-2025T19:21:52 - [MESSAGE][PASSED] - Delayed 5 second(s)

21-10-2025T19:21:52 - [TEST_STEP][PASSED] - click(findTestObject("Object Repository/DES/Page_data-exchange/button_View")): Object: 'Object Repository/DES/Page_data-exchange/button_View' is clicked on

21-10-2025T19:21:52 - [MESSAGE][PASSED] - Object: 'Object Repository/DES/Page_data-exchange/button_View' is clicked on

21-10-2025T19:21:52 - [TEST_STEP][PASSED] - delay(5): Delayed 5 second(s)

21-10-2025T19:21:57 - [MESSAGE][PASSED] - Delayed 5 second(s)

21-10-2025T19:21:57 - [TEST_STEP][PASSED] - click(findTestObject("DES/TradingPartners/Subscription/Subscription Tab")): Object: 'Object Repository/DES/TradingPartners/Subscription/Subscription Tab' is clicked on

21-10-2025T19:21:57 - [MESSAGE][PASSED] - Object: 'Object Repository/DES/TradingPartners/Subscription/Subscription Tab' is clicked on

21-10-2025T19:21:57 - [TEST_STEP][PASSED] - delay(3): Delayed 3 second(s)

21-10-2025T19:22:00 - [MESSAGE][PASSED] - Delayed 3 second(s)

21-10-2025T19:22:00 - [TEST_STEP][PASSED] - click(findTestObject("Object Repository/Page_data-exchange/button_Add Subscription")): Object: 'Object Repository/Page_data-exchange/button_Add Subscription' is clicked on

21-10-2025T19:22:00 - [MESSAGE][PASSED] - Object: 'Object Repository/Page_data-exchange/button_Add Subscription' is clicked on

21-10-2025T19:22:00 - [TEST_STEP][PASSED] - delay(5): Delayed 5 second(s)

21-10-2025T19:22:05 - [MESSAGE][PASSED] - Delayed 5 second(s)

21-10-2025T19:22:05 - [TEST_STEP][PASSED] - selectOptionByIndex(findTestObject("Object Repository/DES/Page_data-exchange/select_Select a Transaction TypeFinancial D_642f55"), "3", STOP_ON_FAILURE): All options with index in [3] are selected on object 'Object Repository/DES/Page_data-exchange/select_Select a Transaction TypeFinancial D_642f55'

21-10-2025T19:22:05 - [MESSAGE][PASSED] - All options with index in [3] are selected on object 'Object Repository/DES/Page_data-exchange/select_Select a Transaction TypeFinancial D_642f55'

21-10-2025T19:22:05 - [TEST_STEP][PASSED] - delay(1): Delayed 1 second(s)

21-10-2025T19:22:06 - [MESSAGE][PASSED] - Delayed 1 second(s)

21-10-2025T19:22:06 - [TEST_STEP][PASSED] - selectOptionByIndex(findTestObject("Object Repository/DES/Page_data-exchange/select_Select.Inbound"), "2", STOP_ON_FAILURE): All options with index in [2] are selected on object 'Object Repository/DES/Page_data-exchange/select_Select.Inbound'

21-10-2025T19:22:06 - [MESSAGE][PASSED] - All options with index in [2] are selected on object 'Object Repository/DES/Page_data-exchange/select_Select.Inbound'

21-10-2025T19:22:06 - [TEST_STEP][PASSED] - delay(1): Delayed 1 second(s)

21-10-2025T19:22:07 - [MESSAGE][PASSED] - Delayed 1 second(s)

21-10-2025T19:22:07 - [TEST_STEP][PASSED] - selectOptionByValue(findTestObject("Object Repository/DES/Page_data-exchange/select_Select.Real TimeScheduled"), "true", true): All options with value 'true' are selected in object 'Object Repository/DES/Page_data-exchange/select_Select.Real TimeScheduled'  using regular expression

21-10-2025T19:22:07 - [MESSAGE][PASSED] - All options with value 'true' are selected in object 'Object Repository/DES/Page_data-exchange/select_Select.Real TimeScheduled'  using regular expression

21-10-2025T19:22:07 - [TEST_STEP][PASSED] - delay(1): Delayed 1 second(s)

21-10-2025T19:22:08 - [MESSAGE][PASSED] - Delayed 1 second(s)

21-10-2025T19:22:08 - [TEST_STEP][PASSED] - click(findTestObject("Object Repository/DES/Page_data-exchange/button_Save")): Object: 'Object Repository/DES/Page_data-exchange/button_Save' is clicked on

21-10-2025T19:22:08 - [MESSAGE][PASSED] - Object: 'Object Repository/DES/Page_data-exchange/button_Save' is clicked on

21-10-2025T19:22:08 - [TEST_STEP][PASSED] - delay(5): Delayed 5 second(s)

21-10-2025T19:22:13 - [MESSAGE][PASSED] - Delayed 5 second(s)

21-10-2025T19:22:13 - [TEST_STEP][PASSED] - verifyElementPresent(findTestObject("Object Repository/DES/Page_data-exchange/h3_Load Tender (LT)"), 30): Object 'Object Repository/DES/Page_data-exchange/h3_Load Tender (LT)' is present

21-10-2025T19:22:13 - [MESSAGE][PASSED] - Object 'Object Repository/DES/Page_data-exchange/h3_Load Tender (LT)' is present

21-10-2025T19:22:13 - [TEST_STEP][PASSED] - click(findTestObject("Object Repository/DES/Page_data-exchange/button_Add Transmission")): Object: 'Object Repository/DES/Page_data-exchange/button_Add Transmission' is clicked on

21-10-2025T19:22:13 - [MESSAGE][PASSED] - Object: 'Object Repository/DES/Page_data-exchange/button_Add Transmission' is clicked on

21-10-2025T19:22:13 - [TEST_STEP][PASSED] - delay(5): Delayed 5 second(s)

21-10-2025T19:22:18 - [MESSAGE][PASSED] - Delayed 5 second(s)

21-10-2025T19:22:18 - [TEST_STEP][PASSED] - selectOptionByIndex(findTestObject("Object Repository/DES/Page_data-exchange/select_Select.EmailFile Transfer ProtocolNe_92efe9"), "3", STOP_ON_FAILURE): All options with index in [3] are selected on object 'Object Repository/DES/Page_data-exchange/select_Select.EmailFile Transfer ProtocolNe_92efe9'

21-10-2025T19:22:19 - [MESSAGE][PASSED] - All options with index in [3] are selected on object 'Object Repository/DES/Page_data-exchange/select_Select.EmailFile Transfer ProtocolNe_92efe9'

21-10-2025T19:22:19 - [TEST_STEP][PASSED] - delay(1): Delayed 1 second(s)

21-10-2025T19:22:20 - [MESSAGE][PASSED] - Delayed 1 second(s)

21-10-2025T19:22:20 - [TEST_STEP][PASSED] - selectOptionByIndex(findTestObject("DES/Trading Partners Page/Subscription/Transmission/Data Format_dropdown"), "1", STOP_ON_FAILURE): All options with index in [1] are selected on object 'Object Repository/DES/Trading Partners Page/Subscription/Transmission/Data Format_dropdown'

21-10-2025T19:22:20 - [MESSAGE][PASSED] - All options with index in [1] are selected on object 'Object Repository/DES/Trading Partners Page/Subscription/Transmission/Data Format_dropdown'

21-10-2025T19:22:20 - [TEST_STEP][PASSED] - delay(1): Delayed 1 second(s)

21-10-2025T19:22:21 - [MESSAGE][PASSED] - Delayed 1 second(s)

21-10-2025T19:22:21 - [TEST_STEP][PASSED] - selectOptionByIndex(findTestObject("Object Repository/DES/Page_data-exchange/select_Select.Adobe PDF (pdf)Text Document _99c46b"), "1", STOP_ON_FAILURE): All options with index in [1] are selected on object 'Object Repository/DES/Page_data-exchange/select_Select.Adobe PDF (pdf)Text Document _99c46b'

21-10-2025T19:22:21 - [MESSAGE][PASSED] - All options with index in [1] are selected on object 'Object Repository/DES/Page_data-exchange/select_Select.Adobe PDF (pdf)Text Document _99c46b'

21-10-2025T19:22:21 - [TEST_STEP][PASSED] - delay(3): Delayed 3 second(s)

21-10-2025T19:22:24 - [MESSAGE][PASSED] - Delayed 3 second(s)

21-10-2025T19:22:24 - [TEST_STEP][PASSED] - verifyElementText(findTestObject("DES/Trading Partners Page/Subscription/Transmission/Format Details/Accelerate_Mapping_lbl"), "Accelerate Mapping"): Actual text and expected text of test object 'Object Repository/DES/Trading Partners Page/Subscription/Transmission/Format Details/Accelerate_Mapping_lbl' are matched.

21-10-2025T19:22:24 - [MESSAGE][PASSED] - Actual text and expected text of test object 'Object Repository/DES/Trading Partners Page/Subscription/Transmission/Format Details/Accelerate_Mapping_lbl' are matched.

21-10-2025T19:22:24 - [TEST_STEP][PASSED] - verifyElementPresent(findTestObject("DES/Trading Partners Page/Subscription/Transmission/Format Details/Accelerate_Mapping_LT_Yes_btn"), 5): Object 'Object Repository/DES/Trading Partners Page/Subscription/Transmission/Format Details/Accelerate_Mapping_LT_Yes_btn' is present

21-10-2025T19:22:24 - [MESSAGE][PASSED] - Object 'Object Repository/DES/Trading Partners Page/Subscription/Transmission/Format Details/Accelerate_Mapping_LT_Yes_btn' is present

21-10-2025T19:22:24 - [TEST_STEP][PASSED] - verifyElementPresent(findTestObject("DES/Trading Partners Page/Subscription/Transmission/Format Details/Accelerate_Mapping_LT_No_btn"), 5): Object 'Object Repository/DES/Trading Partners Page/Subscription/Transmission/Format Details/Accelerate_Mapping_LT_No_btn' is present

21-10-2025T19:22:24 - [MESSAGE][PASSED] - Object 'Object Repository/DES/Trading Partners Page/Subscription/Transmission/Format Details/Accelerate_Mapping_LT_No_btn' is present

21-10-2025T19:22:24 - [TEST_STEP][PASSED] - delay(1): Delayed 1 second(s)

21-10-2025T19:22:25 - [MESSAGE][PASSED] - Delayed 1 second(s)

21-10-2025T19:22:25 - [TEST_STEP][PASSED] - click(findTestObject("DES/Trading Partners Page/Subscription/Transmission/Format Details/Accelerate_Mapping_LT_Yes_btn"), STOP_ON_FAILURE): Object: 'Object Repository/DES/Trading Partners Page/Subscription/Transmission/Format Details/Accelerate_Mapping_LT_Yes_btn' is clicked on

21-10-2025T19:22:25 - [MESSAGE][PASSED] - Object: 'Object Repository/DES/Trading Partners Page/Subscription/Transmission/Format Details/Accelerate_Mapping_LT_Yes_btn' is clicked on

21-10-2025T19:22:25 - [TEST_STEP][PASSED] - delay(1): Delayed 1 second(s)

21-10-2025T19:22:26 - [MESSAGE][PASSED] - Delayed 1 second(s)

21-10-2025T19:22:26 - [TEST_STEP][PASSED] - click(findTestObject("DES/Trading Partners Page/Subscription/Transmission/Transmission_Save_btn"), STOP_ON_FAILURE): Object: 'Object Repository/DES/Trading Partners Page/Subscription/Transmission/Transmission_Save_btn' is clicked on

21-10-2025T19:22:26 - [MESSAGE][PASSED] - Object: 'Object Repository/DES/Trading Partners Page/Subscription/Transmission/Transmission_Save_btn' is clicked on

21-10-2025T19:22:26 - [TEST_STEP][PASSED] - Start listener action : retryOnDisconnect: null

21-10-2025T19:22:26 - [TEST_STEP][PASSED] - tcId = testCaseContext.getTestCaseId(): null

21-10-2025T19:22:26 - [TEST_STEP][PASSED] - currentRetry = retryCounts.getOrDefault(tcId, 0): null

21-10-2025T19:22:26 - [TEST_STEP][PASSED] - if (testCaseContext.getTestCaseStatus() == "FAILED" && currentRetry < MAX_RETRIES): null]]></system-out>
         <system-err><![CDATA[]]></system-err>
      </testcase>
      <testcase name="Test Cases/DES/Trading Partners Page/Subscription/Transmission/Verify Accelerate Mapping Option Displays For Outbound FIN-INV Transmission" time="61.8" classname="Test Cases/DES/Trading Partners Page/Subscription/Transmission/Verify Accelerate Mapping Option Displays For Outbound FIN-INV Transmission" status="PASSED">
         <system-out><![CDATA[21-10-2025T19:22:26 - [TEST_CASE][PASSED] - Test Cases/DES/Trading Partners Page/Subscription/Transmission/Verify Accelerate Mapping Option Displays For Outbound FIN-INV Transmission: Test Cases/DES/Trading Partners Page/Subscription/Transmission/Verify Accelerate Mapping Option Displays For Outbound FIN-INV Transmission

21-10-2025T19:22:26 - [TEST_STEP][PASSED] - Start listener action : beforeTestCase: null

21-10-2025T19:22:26 - [TEST_STEP][PASSED] - addDefaultPackages(): null

21-10-2025T19:22:26 - [TEST_STEP][PASSED] - callTestCase(findTestCase("DES/DES Login"), [:], STOP_ON_FAILURE): Call Test Case 'Test Cases/DES/DES Login' successfully

21-10-2025T19:22:26 - [TEST_CASE][PASSED] - Test Cases/DES/DES Login: Test Cases/DES/DES Login

21-10-2025T19:22:26 - [TEST_STEP][PASSED] - openBrowser(""): Browser is opened with url: ''

21-10-2025T19:22:26 - [MESSAGE][WARNING] - A browser is already opened. Closing browser and opening a new one

21-10-2025T19:22:26 - [MESSAGE][INFO] - Starting 'Chrome' driver

21-10-2025T19:22:26 - [MESSAGE][INFO] - User set preference: ['args', '[--no-sandbox, --disable-gpu, --disable-dev-shm-usage]']

21-10-2025T19:22:26 - [MESSAGE][INFO] - Action delay is set to 0 milliseconds

21-10-2025T19:22:27 - [MESSAGE][PASSED] - Browser is opened with url: ''

21-10-2025T19:22:27 - [TEST_STEP][PASSED] - maximizeWindow(): Current window maximized

21-10-2025T19:22:27 - [MESSAGE][PASSED] - Current window maximized

21-10-2025T19:22:27 - [TEST_STEP][PASSED] - delay(10): Delayed 10 second(s)

21-10-2025T19:22:37 - [MESSAGE][PASSED] - Delayed 10 second(s)

21-10-2025T19:22:37 - [TEST_STEP][PASSED] - navigateToUrl("https://dx-portal.qa.thekag.com/"): Navigate to 'https://dx-portal.qa.thekag.com/' successfully

21-10-2025T19:22:37 - [MESSAGE][PASSED] - Navigate to 'https://dx-portal.qa.thekag.com/' successfully

21-10-2025T19:22:37 - [TEST_STEP][PASSED] - delay(5): Delayed 5 second(s)

21-10-2025T19:22:42 - [MESSAGE][PASSED] - Delayed 5 second(s)

21-10-2025T19:22:42 - [TEST_STEP][PASSED] - setText(findTestObject("Object Repository/Page_IdentityServer4/input_Username (e.g. email address)_Username"), "Chris.Sheldon+DES_QA@Thekag.com"): Text 'Chris.Sheldon+DES_QA@Thekag.com' is set on object 'Object Repository/Page_IdentityServer4/input_Username (e.g. email address)_Username'

21-10-2025T19:22:43 - [MESSAGE][PASSED] - Text 'Chris.Sheldon+DES_QA@Thekag.com' is set on object 'Object Repository/Page_IdentityServer4/input_Username (e.g. email address)_Username'

21-10-2025T19:22:43 - [TEST_STEP][PASSED] - setEncryptedText(findTestObject("Page_IdentityServer4/input_Password_Password"), "BtpyPJuZxPz9EFo3Zi2c4Q=="): Text ****** has been set on object 'Object Repository/Page_IdentityServer4/input_Password_Password'

21-10-2025T19:22:43 - [MESSAGE][PASSED] - Text ****** has been set on object 'Object Repository/Page_IdentityServer4/input_Password_Password'

21-10-2025T19:22:43 - [TEST_STEP][PASSED] - click(findTestObject("Object Repository/Page_IdentityServer4/button_Login")): Object: 'Object Repository/Page_IdentityServer4/button_Login' is clicked on

21-10-2025T19:22:43 - [MESSAGE][PASSED] - Object: 'Object Repository/Page_IdentityServer4/button_Login' is clicked on

21-10-2025T19:22:43 - [TEST_STEP][PASSED] - delay(5): Delayed 5 second(s)

21-10-2025T19:22:48 - [MESSAGE][PASSED] - Delayed 5 second(s)

21-10-2025T19:22:48 - [MESSAGE][PASSED] - Call Test Case 'Test Cases/DES/DES Login' successfully

21-10-2025T19:22:48 - [TEST_STEP][PASSED] - setText(findTestObject("Object Repository/DES/Trading Partners Page/Search Trading Partner_input_txt"), "Katalon Trading"): Text 'Katalon Trading' is set on object 'Object Repository/DES/Trading Partners Page/Search Trading Partner_input_txt'

21-10-2025T19:22:48 - [MESSAGE][PASSED] - Text 'Katalon Trading' is set on object 'Object Repository/DES/Trading Partners Page/Search Trading Partner_input_txt'

21-10-2025T19:22:48 - [TEST_STEP][PASSED] - delay(5): Delayed 5 second(s)

21-10-2025T19:22:53 - [MESSAGE][PASSED] - Delayed 5 second(s)

21-10-2025T19:22:53 - [TEST_STEP][PASSED] - click(findTestObject("Object Repository/DES/Page_data-exchange/button_View")): Object: 'Object Repository/DES/Page_data-exchange/button_View' is clicked on

21-10-2025T19:22:53 - [MESSAGE][PASSED] - Object: 'Object Repository/DES/Page_data-exchange/button_View' is clicked on

21-10-2025T19:22:53 - [TEST_STEP][PASSED] - delay(5): Delayed 5 second(s)

21-10-2025T19:22:58 - [MESSAGE][PASSED] - Delayed 5 second(s)

21-10-2025T19:22:58 - [TEST_STEP][PASSED] - click(findTestObject("DES/TradingPartners/Subscription/Subscription Tab")): Object: 'Object Repository/DES/TradingPartners/Subscription/Subscription Tab' is clicked on

21-10-2025T19:22:59 - [MESSAGE][PASSED] - Object: 'Object Repository/DES/TradingPartners/Subscription/Subscription Tab' is clicked on

21-10-2025T19:22:59 - [TEST_STEP][PASSED] - delay(3): Delayed 3 second(s)

21-10-2025T19:23:02 - [MESSAGE][PASSED] - Delayed 3 second(s)

21-10-2025T19:23:02 - [TEST_STEP][PASSED] - click(findTestObject("Object Repository/Page_data-exchange/button_Add Subscription")): Object: 'Object Repository/Page_data-exchange/button_Add Subscription' is clicked on

21-10-2025T19:23:02 - [MESSAGE][PASSED] - Object: 'Object Repository/Page_data-exchange/button_Add Subscription' is clicked on

21-10-2025T19:23:02 - [TEST_STEP][PASSED] - delay(5): Delayed 5 second(s)

21-10-2025T19:23:07 - [MESSAGE][PASSED] - Delayed 5 second(s)

21-10-2025T19:23:07 - [TEST_STEP][PASSED] - selectOptionByIndex(findTestObject("Object Repository/DES/Page_data-exchange/select_Select a Transaction TypeFinancial D_642f55"), "4", STOP_ON_FAILURE): All options with index in [4] are selected on object 'Object Repository/DES/Page_data-exchange/select_Select a Transaction TypeFinancial D_642f55'

21-10-2025T19:23:07 - [MESSAGE][PASSED] - All options with index in [4] are selected on object 'Object Repository/DES/Page_data-exchange/select_Select a Transaction TypeFinancial D_642f55'

21-10-2025T19:23:07 - [TEST_STEP][PASSED] - delay(1): Delayed 1 second(s)

21-10-2025T19:23:08 - [MESSAGE][PASSED] - Delayed 1 second(s)

21-10-2025T19:23:08 - [TEST_STEP][PASSED] - selectOptionByIndex(findTestObject("Object Repository/DES/Page_data-exchange/select_Select.Inbound"), "2", STOP_ON_FAILURE): All options with index in [2] are selected on object 'Object Repository/DES/Page_data-exchange/select_Select.Inbound'

21-10-2025T19:23:08 - [MESSAGE][PASSED] - All options with index in [2] are selected on object 'Object Repository/DES/Page_data-exchange/select_Select.Inbound'

21-10-2025T19:23:08 - [TEST_STEP][PASSED] - delay(1): Delayed 1 second(s)

21-10-2025T19:23:09 - [MESSAGE][PASSED] - Delayed 1 second(s)

21-10-2025T19:23:09 - [TEST_STEP][PASSED] - selectOptionByValue(findTestObject("Object Repository/DES/Page_data-exchange/select_Select.Real TimeScheduled"), "true", true): All options with value 'true' are selected in object 'Object Repository/DES/Page_data-exchange/select_Select.Real TimeScheduled'  using regular expression

21-10-2025T19:23:09 - [MESSAGE][PASSED] - All options with value 'true' are selected in object 'Object Repository/DES/Page_data-exchange/select_Select.Real TimeScheduled'  using regular expression

21-10-2025T19:23:09 - [TEST_STEP][PASSED] - delay(1): Delayed 1 second(s)

21-10-2025T19:23:10 - [MESSAGE][PASSED] - Delayed 1 second(s)

21-10-2025T19:23:10 - [TEST_STEP][PASSED] - click(findTestObject("Object Repository/DES/Page_data-exchange/button_Save")): Object: 'Object Repository/DES/Page_data-exchange/button_Save' is clicked on

21-10-2025T19:23:10 - [MESSAGE][PASSED] - Object: 'Object Repository/DES/Page_data-exchange/button_Save' is clicked on

21-10-2025T19:23:10 - [TEST_STEP][PASSED] - delay(5): Delayed 5 second(s)

21-10-2025T19:23:15 - [MESSAGE][PASSED] - Delayed 5 second(s)

21-10-2025T19:23:15 - [TEST_STEP][PASSED] - verifyElementPresent(findTestObject("Object Repository/DES/Page_data-exchange/h3_Load Tender (LT)"), 30): Object 'Object Repository/DES/Page_data-exchange/h3_Load Tender (LT)' is present

21-10-2025T19:23:15 - [MESSAGE][PASSED] - Object 'Object Repository/DES/Page_data-exchange/h3_Load Tender (LT)' is present

21-10-2025T19:23:15 - [TEST_STEP][PASSED] - click(findTestObject("Object Repository/DES/Page_data-exchange/button_Add Transmission")): Object: 'Object Repository/DES/Page_data-exchange/button_Add Transmission' is clicked on

21-10-2025T19:23:15 - [MESSAGE][PASSED] - Object: 'Object Repository/DES/Page_data-exchange/button_Add Transmission' is clicked on

21-10-2025T19:23:15 - [TEST_STEP][PASSED] - delay(5): Delayed 5 second(s)

21-10-2025T19:23:20 - [MESSAGE][PASSED] - Delayed 5 second(s)

21-10-2025T19:23:20 - [TEST_STEP][PASSED] - selectOptionByIndex(findTestObject("Object Repository/DES/Page_data-exchange/select_Select.EmailFile Transfer ProtocolNe_92efe9"), "3", STOP_ON_FAILURE): All options with index in [3] are selected on object 'Object Repository/DES/Page_data-exchange/select_Select.EmailFile Transfer ProtocolNe_92efe9'

21-10-2025T19:23:20 - [MESSAGE][PASSED] - All options with index in [3] are selected on object 'Object Repository/DES/Page_data-exchange/select_Select.EmailFile Transfer ProtocolNe_92efe9'

21-10-2025T19:23:20 - [TEST_STEP][PASSED] - delay(1): Delayed 1 second(s)

21-10-2025T19:23:21 - [MESSAGE][PASSED] - Delayed 1 second(s)

21-10-2025T19:23:21 - [TEST_STEP][PASSED] - selectOptionByIndex(findTestObject("DES/Trading Partners Page/Subscription/Transmission/Data Format_dropdown"), "1", STOP_ON_FAILURE): All options with index in [1] are selected on object 'Object Repository/DES/Trading Partners Page/Subscription/Transmission/Data Format_dropdown'

21-10-2025T19:23:21 - [MESSAGE][PASSED] - All options with index in [1] are selected on object 'Object Repository/DES/Trading Partners Page/Subscription/Transmission/Data Format_dropdown'

21-10-2025T19:23:21 - [TEST_STEP][PASSED] - delay(1): Delayed 1 second(s)

21-10-2025T19:23:22 - [MESSAGE][PASSED] - Delayed 1 second(s)

21-10-2025T19:23:22 - [TEST_STEP][PASSED] - selectOptionByIndex(findTestObject("Object Repository/DES/Page_data-exchange/select_Select.Adobe PDF (pdf)Text Document _99c46b"), "1", STOP_ON_FAILURE): All options with index in [1] are selected on object 'Object Repository/DES/Page_data-exchange/select_Select.Adobe PDF (pdf)Text Document _99c46b'

21-10-2025T19:23:23 - [MESSAGE][PASSED] - All options with index in [1] are selected on object 'Object Repository/DES/Page_data-exchange/select_Select.Adobe PDF (pdf)Text Document _99c46b'

21-10-2025T19:23:23 - [TEST_STEP][PASSED] - delay(3): Delayed 3 second(s)

21-10-2025T19:23:26 - [MESSAGE][PASSED] - Delayed 3 second(s)

21-10-2025T19:23:26 - [TEST_STEP][PASSED] - verifyElementText(findTestObject("DES/Trading Partners Page/Subscription/Transmission/Format Details/Accelerate_Mapping_lbl"), "Accelerate Mapping"): Actual text and expected text of test object 'Object Repository/DES/Trading Partners Page/Subscription/Transmission/Format Details/Accelerate_Mapping_lbl' are matched.

21-10-2025T19:23:26 - [MESSAGE][PASSED] - Actual text and expected text of test object 'Object Repository/DES/Trading Partners Page/Subscription/Transmission/Format Details/Accelerate_Mapping_lbl' are matched.

21-10-2025T19:23:26 - [TEST_STEP][PASSED] - verifyElementPresent(findTestObject("DES/Trading Partners Page/Subscription/Transmission/Format Details/Accelerate_Mapping_LT_Yes_btn"), 5): Object 'Object Repository/DES/Trading Partners Page/Subscription/Transmission/Format Details/Accelerate_Mapping_LT_Yes_btn' is present

21-10-2025T19:23:26 - [MESSAGE][PASSED] - Object 'Object Repository/DES/Trading Partners Page/Subscription/Transmission/Format Details/Accelerate_Mapping_LT_Yes_btn' is present

21-10-2025T19:23:26 - [TEST_STEP][PASSED] - verifyElementPresent(findTestObject("DES/Trading Partners Page/Subscription/Transmission/Format Details/Accelerate_Mapping_LT_No_btn"), 5): Object 'Object Repository/DES/Trading Partners Page/Subscription/Transmission/Format Details/Accelerate_Mapping_LT_No_btn' is present

21-10-2025T19:23:26 - [MESSAGE][PASSED] - Object 'Object Repository/DES/Trading Partners Page/Subscription/Transmission/Format Details/Accelerate_Mapping_LT_No_btn' is present

21-10-2025T19:23:26 - [TEST_STEP][PASSED] - delay(1): Delayed 1 second(s)

21-10-2025T19:23:27 - [MESSAGE][PASSED] - Delayed 1 second(s)

21-10-2025T19:23:27 - [TEST_STEP][PASSED] - click(findTestObject("DES/Trading Partners Page/Subscription/Transmission/Format Details/Accelerate_Mapping_LT_Yes_btn"), STOP_ON_FAILURE): Object: 'Object Repository/DES/Trading Partners Page/Subscription/Transmission/Format Details/Accelerate_Mapping_LT_Yes_btn' is clicked on

21-10-2025T19:23:27 - [MESSAGE][PASSED] - Object: 'Object Repository/DES/Trading Partners Page/Subscription/Transmission/Format Details/Accelerate_Mapping_LT_Yes_btn' is clicked on

21-10-2025T19:23:27 - [TEST_STEP][PASSED] - delay(1): Delayed 1 second(s)

21-10-2025T19:23:28 - [MESSAGE][PASSED] - Delayed 1 second(s)

21-10-2025T19:23:28 - [TEST_STEP][PASSED] - click(findTestObject("DES/Trading Partners Page/Subscription/Transmission/Transmission_Save_btn"), STOP_ON_FAILURE): Object: 'Object Repository/DES/Trading Partners Page/Subscription/Transmission/Transmission_Save_btn' is clicked on

21-10-2025T19:23:28 - [MESSAGE][PASSED] - Object: 'Object Repository/DES/Trading Partners Page/Subscription/Transmission/Transmission_Save_btn' is clicked on

21-10-2025T19:23:28 - [TEST_STEP][PASSED] - Start listener action : retryOnDisconnect: null

21-10-2025T19:23:28 - [TEST_STEP][PASSED] - tcId = testCaseContext.getTestCaseId(): null

21-10-2025T19:23:28 - [TEST_STEP][PASSED] - currentRetry = retryCounts.getOrDefault(tcId, 0): null

21-10-2025T19:23:28 - [TEST_STEP][PASSED] - if (testCaseContext.getTestCaseStatus() == "FAILED" && currentRetry < MAX_RETRIES): null]]></system-out>
         <system-err><![CDATA[]]></system-err>
      </testcase>
      <testcase name="Test Cases/DES/Trading Partners Page/Subscription/Transmission/Verify Accelerate Mapping Option Displays For Outbound Inventory Transmission" time="72.624" classname="Test Cases/DES/Trading Partners Page/Subscription/Transmission/Verify Accelerate Mapping Option Displays For Outbound Inventory Transmission" status="PASSED">
         <system-out><![CDATA[21-10-2025T19:23:28 - [TEST_CASE][PASSED] - Test Cases/DES/Trading Partners Page/Subscription/Transmission/Verify Accelerate Mapping Option Displays For Outbound Inventory Transmission: Test Cases/DES/Trading Partners Page/Subscription/Transmission/Verify Accelerate Mapping Option Displays For Outbound Inventory Transmission

21-10-2025T19:23:28 - [TEST_STEP][PASSED] - Start listener action : beforeTestCase: null

21-10-2025T19:23:28 - [TEST_STEP][PASSED] - addDefaultPackages(): null

21-10-2025T19:23:28 - [TEST_STEP][PASSED] - callTestCase(findTestCase("DES/DES Login"), [:], STOP_ON_FAILURE): Call Test Case 'Test Cases/DES/DES Login' successfully

21-10-2025T19:23:28 - [TEST_CASE][PASSED] - Test Cases/DES/DES Login: Test Cases/DES/DES Login

21-10-2025T19:23:28 - [TEST_STEP][PASSED] - openBrowser(""): Browser is opened with url: ''

21-10-2025T19:23:28 - [MESSAGE][WARNING] - A browser is already opened. Closing browser and opening a new one

21-10-2025T19:23:28 - [MESSAGE][INFO] - Starting 'Chrome' driver

21-10-2025T19:23:28 - [MESSAGE][INFO] - User set preference: ['args', '[--no-sandbox, --disable-gpu, --disable-dev-shm-usage]']

21-10-2025T19:23:28 - [MESSAGE][INFO] - Action delay is set to 0 milliseconds

21-10-2025T19:23:29 - [MESSAGE][PASSED] - Browser is opened with url: ''

21-10-2025T19:23:29 - [TEST_STEP][PASSED] - maximizeWindow(): Current window maximized

21-10-2025T19:23:29 - [MESSAGE][PASSED] - Current window maximized

21-10-2025T19:23:29 - [TEST_STEP][PASSED] - delay(10): Delayed 10 second(s)

21-10-2025T19:23:39 - [MESSAGE][PASSED] - Delayed 10 second(s)

21-10-2025T19:23:39 - [TEST_STEP][PASSED] - navigateToUrl("https://dx-portal.qa.thekag.com/"): Navigate to 'https://dx-portal.qa.thekag.com/' successfully

21-10-2025T19:23:39 - [MESSAGE][PASSED] - Navigate to 'https://dx-portal.qa.thekag.com/' successfully

21-10-2025T19:23:39 - [TEST_STEP][PASSED] - delay(5): Delayed 5 second(s)

21-10-2025T19:23:44 - [MESSAGE][PASSED] - Delayed 5 second(s)

21-10-2025T19:23:44 - [TEST_STEP][PASSED] - setText(findTestObject("Object Repository/Page_IdentityServer4/input_Username (e.g. email address)_Username"), "Chris.Sheldon+DES_QA@Thekag.com"): Text 'Chris.Sheldon+DES_QA@Thekag.com' is set on object 'Object Repository/Page_IdentityServer4/input_Username (e.g. email address)_Username'

21-10-2025T19:23:44 - [MESSAGE][PASSED] - Text 'Chris.Sheldon+DES_QA@Thekag.com' is set on object 'Object Repository/Page_IdentityServer4/input_Username (e.g. email address)_Username'

21-10-2025T19:23:44 - [TEST_STEP][PASSED] - setEncryptedText(findTestObject("Page_IdentityServer4/input_Password_Password"), "BtpyPJuZxPz9EFo3Zi2c4Q=="): Text ****** has been set on object 'Object Repository/Page_IdentityServer4/input_Password_Password'

21-10-2025T19:23:44 - [MESSAGE][PASSED] - Text ****** has been set on object 'Object Repository/Page_IdentityServer4/input_Password_Password'

21-10-2025T19:23:44 - [TEST_STEP][PASSED] - click(findTestObject("Object Repository/Page_IdentityServer4/button_Login")): Object: 'Object Repository/Page_IdentityServer4/button_Login' is clicked on

21-10-2025T19:23:45 - [MESSAGE][PASSED] - Object: 'Object Repository/Page_IdentityServer4/button_Login' is clicked on

21-10-2025T19:23:45 - [TEST_STEP][PASSED] - delay(5): Delayed 5 second(s)

21-10-2025T19:23:50 - [MESSAGE][PASSED] - Delayed 5 second(s)

21-10-2025T19:23:50 - [MESSAGE][PASSED] - Call Test Case 'Test Cases/DES/DES Login' successfully

21-10-2025T19:23:50 - [TEST_STEP][PASSED] - setText(findTestObject("Object Repository/DES/Trading Partners Page/Search Trading Partner_input_txt"), "Katalon Trading"): Text 'Katalon Trading' is set on object 'Object Repository/DES/Trading Partners Page/Search Trading Partner_input_txt'

21-10-2025T19:23:50 - [MESSAGE][PASSED] - Text 'Katalon Trading' is set on object 'Object Repository/DES/Trading Partners Page/Search Trading Partner_input_txt'

21-10-2025T19:23:50 - [TEST_STEP][PASSED] - delay(5): Delayed 5 second(s)

21-10-2025T19:23:55 - [MESSAGE][PASSED] - Delayed 5 second(s)

21-10-2025T19:23:55 - [TEST_STEP][PASSED] - click(findTestObject("Object Repository/DES/Page_data-exchange/button_View")): Object: 'Object Repository/DES/Page_data-exchange/button_View' is clicked on

21-10-2025T19:23:55 - [MESSAGE][PASSED] - Object: 'Object Repository/DES/Page_data-exchange/button_View' is clicked on

21-10-2025T19:23:55 - [TEST_STEP][PASSED] - delay(5): Delayed 5 second(s)

21-10-2025T19:24:00 - [MESSAGE][PASSED] - Delayed 5 second(s)

21-10-2025T19:24:00 - [TEST_STEP][PASSED] - click(findTestObject("DES/TradingPartners/Subscription/Subscription Tab")): Object: 'Object Repository/DES/TradingPartners/Subscription/Subscription Tab' is clicked on

21-10-2025T19:24:00 - [MESSAGE][PASSED] - Object: 'Object Repository/DES/TradingPartners/Subscription/Subscription Tab' is clicked on

21-10-2025T19:24:00 - [TEST_STEP][PASSED] - delay(3): Delayed 3 second(s)

21-10-2025T19:24:03 - [MESSAGE][PASSED] - Delayed 3 second(s)

21-10-2025T19:24:03 - [TEST_STEP][PASSED] - click(findTestObject("Object Repository/Page_data-exchange/button_Add Subscription")): Object: 'Object Repository/Page_data-exchange/button_Add Subscription' is clicked on

21-10-2025T19:24:03 - [MESSAGE][PASSED] - Object: 'Object Repository/Page_data-exchange/button_Add Subscription' is clicked on

21-10-2025T19:24:03 - [TEST_STEP][PASSED] - delay(5): Delayed 5 second(s)

21-10-2025T19:24:08 - [MESSAGE][PASSED] - Delayed 5 second(s)

21-10-2025T19:24:08 - [TEST_STEP][PASSED] - selectOptionByIndex(findTestObject("Object Repository/DES/Page_data-exchange/select_Select a Transaction TypeFinancial D_642f55"), "6", STOP_ON_FAILURE): All options with index in [6] are selected on object 'Object Repository/DES/Page_data-exchange/select_Select a Transaction TypeFinancial D_642f55'

21-10-2025T19:24:08 - [MESSAGE][PASSED] - All options with index in [6] are selected on object 'Object Repository/DES/Page_data-exchange/select_Select a Transaction TypeFinancial D_642f55'

21-10-2025T19:24:08 - [TEST_STEP][PASSED] - delay(1): Delayed 1 second(s)

21-10-2025T19:24:09 - [MESSAGE][PASSED] - Delayed 1 second(s)

21-10-2025T19:24:09 - [TEST_STEP][PASSED] - selectOptionByIndex(findTestObject("Object Repository/DES/Page_data-exchange/select_Select.Inbound"), "2", STOP_ON_FAILURE): All options with index in [2] are selected on object 'Object Repository/DES/Page_data-exchange/select_Select.Inbound'

21-10-2025T19:24:10 - [MESSAGE][PASSED] - All options with index in [2] are selected on object 'Object Repository/DES/Page_data-exchange/select_Select.Inbound'

21-10-2025T19:24:10 - [TEST_STEP][PASSED] - delay(1): Delayed 1 second(s)

21-10-2025T19:24:11 - [MESSAGE][PASSED] - Delayed 1 second(s)

21-10-2025T19:24:11 - [TEST_STEP][PASSED] - selectOptionByValue(findTestObject("Object Repository/DES/Page_data-exchange/select_Select.Real TimeScheduled"), "true", true): All options with value 'true' are selected in object 'Object Repository/DES/Page_data-exchange/select_Select.Real TimeScheduled'  using regular expression

21-10-2025T19:24:11 - [MESSAGE][PASSED] - All options with value 'true' are selected in object 'Object Repository/DES/Page_data-exchange/select_Select.Real TimeScheduled'  using regular expression

21-10-2025T19:24:11 - [TEST_STEP][PASSED] - delay(1): Delayed 1 second(s)

21-10-2025T19:24:12 - [MESSAGE][PASSED] - Delayed 1 second(s)

21-10-2025T19:24:12 - [TEST_STEP][PASSED] - click(findTestObject("Object Repository/DES/Page_data-exchange/button_Save")): Object: 'Object Repository/DES/Page_data-exchange/button_Save' is clicked on

21-10-2025T19:24:12 - [MESSAGE][PASSED] - Object: 'Object Repository/DES/Page_data-exchange/button_Save' is clicked on

21-10-2025T19:24:12 - [TEST_STEP][PASSED] - delay(5): Delayed 5 second(s)

21-10-2025T19:24:17 - [MESSAGE][PASSED] - Delayed 5 second(s)

21-10-2025T19:24:17 - [TEST_STEP][PASSED] - verifyElementPresent(findTestObject("Object Repository/DES/Page_data-exchange/h3_Load Tender (LT)"), 30): Object 'Object Repository/DES/Page_data-exchange/h3_Load Tender (LT)' is present

21-10-2025T19:24:17 - [MESSAGE][PASSED] - Object 'Object Repository/DES/Page_data-exchange/h3_Load Tender (LT)' is present

21-10-2025T19:24:17 - [TEST_STEP][PASSED] - click(findTestObject("Object Repository/DES/Page_data-exchange/button_Add Transmission")): Object: 'Object Repository/DES/Page_data-exchange/button_Add Transmission' is clicked on

21-10-2025T19:24:28 - [MESSAGE][PASSED] - Object: 'Object Repository/DES/Page_data-exchange/button_Add Transmission' is clicked on

21-10-2025T19:24:28 - [TEST_STEP][PASSED] - delay(5): Delayed 5 second(s)

21-10-2025T19:24:33 - [MESSAGE][PASSED] - Delayed 5 second(s)

21-10-2025T19:24:33 - [TEST_STEP][PASSED] - selectOptionByIndex(findTestObject("Object Repository/DES/Page_data-exchange/select_Select.EmailFile Transfer ProtocolNe_92efe9"), "3", STOP_ON_FAILURE): All options with index in [3] are selected on object 'Object Repository/DES/Page_data-exchange/select_Select.EmailFile Transfer ProtocolNe_92efe9'

21-10-2025T19:24:33 - [MESSAGE][PASSED] - All options with index in [3] are selected on object 'Object Repository/DES/Page_data-exchange/select_Select.EmailFile Transfer ProtocolNe_92efe9'

21-10-2025T19:24:33 - [TEST_STEP][PASSED] - delay(1): Delayed 1 second(s)

21-10-2025T19:24:34 - [MESSAGE][PASSED] - Delayed 1 second(s)

21-10-2025T19:24:34 - [TEST_STEP][PASSED] - selectOptionByIndex(findTestObject("DES/Trading Partners Page/Subscription/Transmission/Data Format_dropdown"), "1", STOP_ON_FAILURE): All options with index in [1] are selected on object 'Object Repository/DES/Trading Partners Page/Subscription/Transmission/Data Format_dropdown'

21-10-2025T19:24:34 - [MESSAGE][PASSED] - All options with index in [1] are selected on object 'Object Repository/DES/Trading Partners Page/Subscription/Transmission/Data Format_dropdown'

21-10-2025T19:24:34 - [TEST_STEP][PASSED] - delay(1): Delayed 1 second(s)

21-10-2025T19:24:35 - [MESSAGE][PASSED] - Delayed 1 second(s)

21-10-2025T19:24:35 - [TEST_STEP][PASSED] - selectOptionByIndex(findTestObject("Object Repository/DES/Page_data-exchange/select_Select.Adobe PDF (pdf)Text Document _99c46b"), "1", STOP_ON_FAILURE): All options with index in [1] are selected on object 'Object Repository/DES/Page_data-exchange/select_Select.Adobe PDF (pdf)Text Document _99c46b'

21-10-2025T19:24:35 - [MESSAGE][PASSED] - All options with index in [1] are selected on object 'Object Repository/DES/Page_data-exchange/select_Select.Adobe PDF (pdf)Text Document _99c46b'

21-10-2025T19:24:35 - [TEST_STEP][PASSED] - delay(3): Delayed 3 second(s)

21-10-2025T19:24:38 - [MESSAGE][PASSED] - Delayed 3 second(s)

21-10-2025T19:24:38 - [TEST_STEP][PASSED] - verifyElementText(findTestObject("DES/Trading Partners Page/Subscription/Transmission/Format Details/Accelerate_Mapping_lbl"), "Accelerate Mapping"): Actual text and expected text of test object 'Object Repository/DES/Trading Partners Page/Subscription/Transmission/Format Details/Accelerate_Mapping_lbl' are matched.

21-10-2025T19:24:38 - [MESSAGE][PASSED] - Actual text and expected text of test object 'Object Repository/DES/Trading Partners Page/Subscription/Transmission/Format Details/Accelerate_Mapping_lbl' are matched.

21-10-2025T19:24:38 - [TEST_STEP][PASSED] - verifyElementPresent(findTestObject("DES/Trading Partners Page/Subscription/Transmission/Format Details/Accelerate_Mapping_LT_Yes_btn"), 5): Object 'Object Repository/DES/Trading Partners Page/Subscription/Transmission/Format Details/Accelerate_Mapping_LT_Yes_btn' is present

21-10-2025T19:24:38 - [MESSAGE][PASSED] - Object 'Object Repository/DES/Trading Partners Page/Subscription/Transmission/Format Details/Accelerate_Mapping_LT_Yes_btn' is present

21-10-2025T19:24:38 - [TEST_STEP][PASSED] - verifyElementPresent(findTestObject("DES/Trading Partners Page/Subscription/Transmission/Format Details/Accelerate_Mapping_LT_No_btn"), 5): Object 'Object Repository/DES/Trading Partners Page/Subscription/Transmission/Format Details/Accelerate_Mapping_LT_No_btn' is present

21-10-2025T19:24:38 - [MESSAGE][PASSED] - Object 'Object Repository/DES/Trading Partners Page/Subscription/Transmission/Format Details/Accelerate_Mapping_LT_No_btn' is present

21-10-2025T19:24:38 - [TEST_STEP][PASSED] - delay(1): Delayed 1 second(s)

21-10-2025T19:24:39 - [MESSAGE][PASSED] - Delayed 1 second(s)

21-10-2025T19:24:39 - [TEST_STEP][PASSED] - click(findTestObject("DES/Trading Partners Page/Subscription/Transmission/Format Details/Accelerate_Mapping_LT_Yes_btn"), STOP_ON_FAILURE): Object: 'Object Repository/DES/Trading Partners Page/Subscription/Transmission/Format Details/Accelerate_Mapping_LT_Yes_btn' is clicked on

21-10-2025T19:24:39 - [MESSAGE][PASSED] - Object: 'Object Repository/DES/Trading Partners Page/Subscription/Transmission/Format Details/Accelerate_Mapping_LT_Yes_btn' is clicked on

21-10-2025T19:24:39 - [TEST_STEP][PASSED] - delay(1): Delayed 1 second(s)

21-10-2025T19:24:40 - [MESSAGE][PASSED] - Delayed 1 second(s)

21-10-2025T19:24:40 - [TEST_STEP][PASSED] - click(findTestObject("DES/Trading Partners Page/Subscription/Transmission/Transmission_Save_btn"), STOP_ON_FAILURE): Object: 'Object Repository/DES/Trading Partners Page/Subscription/Transmission/Transmission_Save_btn' is clicked on

21-10-2025T19:24:40 - [MESSAGE][PASSED] - Object: 'Object Repository/DES/Trading Partners Page/Subscription/Transmission/Transmission_Save_btn' is clicked on

21-10-2025T19:24:40 - [TEST_STEP][PASSED] - Start listener action : retryOnDisconnect: null

21-10-2025T19:24:40 - [TEST_STEP][PASSED] - tcId = testCaseContext.getTestCaseId(): null

21-10-2025T19:24:40 - [TEST_STEP][PASSED] - currentRetry = retryCounts.getOrDefault(tcId, 0): null

21-10-2025T19:24:40 - [TEST_STEP][PASSED] - if (testCaseContext.getTestCaseStatus() == "FAILED" && currentRetry < MAX_RETRIES): null]]></system-out>
         <system-err><![CDATA[]]></system-err>
      </testcase>
      <testcase name="Test Cases/DES/Trading Partners Page/Subscription/Transmission/Verify Accelerate Mapping Option Displays For Outbound Invoice Transmission" time="62.053" classname="Test Cases/DES/Trading Partners Page/Subscription/Transmission/Verify Accelerate Mapping Option Displays For Outbound Invoice Transmission" status="PASSED">
         <system-out><![CDATA[21-10-2025T19:24:40 - [TEST_CASE][PASSED] - Test Cases/DES/Trading Partners Page/Subscription/Transmission/Verify Accelerate Mapping Option Displays For Outbound Invoice Transmission: Test Cases/DES/Trading Partners Page/Subscription/Transmission/Verify Accelerate Mapping Option Displays For Outbound Invoice Transmission

21-10-2025T19:24:40 - [TEST_STEP][PASSED] - Start listener action : beforeTestCase: null

21-10-2025T19:24:40 - [TEST_STEP][PASSED] - addDefaultPackages(): null

21-10-2025T19:24:40 - [TEST_STEP][PASSED] - callTestCase(findTestCase("DES/DES Login"), [:], STOP_ON_FAILURE): Call Test Case 'Test Cases/DES/DES Login' successfully

21-10-2025T19:24:41 - [TEST_CASE][PASSED] - Test Cases/DES/DES Login: Test Cases/DES/DES Login

21-10-2025T19:24:41 - [TEST_STEP][PASSED] - openBrowser(""): Browser is opened with url: ''

21-10-2025T19:24:41 - [MESSAGE][WARNING] - A browser is already opened. Closing browser and opening a new one

21-10-2025T19:24:41 - [MESSAGE][INFO] - Starting 'Chrome' driver

21-10-2025T19:24:41 - [MESSAGE][INFO] - User set preference: ['args', '[--no-sandbox, --disable-gpu, --disable-dev-shm-usage]']

21-10-2025T19:24:41 - [MESSAGE][INFO] - Action delay is set to 0 milliseconds

21-10-2025T19:24:42 - [MESSAGE][PASSED] - Browser is opened with url: ''

21-10-2025T19:24:42 - [TEST_STEP][PASSED] - maximizeWindow(): Current window maximized

21-10-2025T19:24:42 - [MESSAGE][PASSED] - Current window maximized

21-10-2025T19:24:42 - [TEST_STEP][PASSED] - delay(10): Delayed 10 second(s)

21-10-2025T19:24:52 - [MESSAGE][PASSED] - Delayed 10 second(s)

21-10-2025T19:24:52 - [TEST_STEP][PASSED] - navigateToUrl("https://dx-portal.qa.thekag.com/"): Navigate to 'https://dx-portal.qa.thekag.com/' successfully

21-10-2025T19:24:52 - [MESSAGE][PASSED] - Navigate to 'https://dx-portal.qa.thekag.com/' successfully

21-10-2025T19:24:52 - [TEST_STEP][PASSED] - delay(5): Delayed 5 second(s)

21-10-2025T19:24:57 - [MESSAGE][PASSED] - Delayed 5 second(s)

21-10-2025T19:24:57 - [TEST_STEP][PASSED] - setText(findTestObject("Object Repository/Page_IdentityServer4/input_Username (e.g. email address)_Username"), "Chris.Sheldon+DES_QA@Thekag.com"): Text 'Chris.Sheldon+DES_QA@Thekag.com' is set on object 'Object Repository/Page_IdentityServer4/input_Username (e.g. email address)_Username'

21-10-2025T19:24:57 - [MESSAGE][PASSED] - Text 'Chris.Sheldon+DES_QA@Thekag.com' is set on object 'Object Repository/Page_IdentityServer4/input_Username (e.g. email address)_Username'

21-10-2025T19:24:57 - [TEST_STEP][PASSED] - setEncryptedText(findTestObject("Page_IdentityServer4/input_Password_Password"), "BtpyPJuZxPz9EFo3Zi2c4Q=="): Text ****** has been set on object 'Object Repository/Page_IdentityServer4/input_Password_Password'

21-10-2025T19:24:57 - [MESSAGE][PASSED] - Text ****** has been set on object 'Object Repository/Page_IdentityServer4/input_Password_Password'

21-10-2025T19:24:57 - [TEST_STEP][PASSED] - click(findTestObject("Object Repository/Page_IdentityServer4/button_Login")): Object: 'Object Repository/Page_IdentityServer4/button_Login' is clicked on

21-10-2025T19:24:57 - [MESSAGE][PASSED] - Object: 'Object Repository/Page_IdentityServer4/button_Login' is clicked on

21-10-2025T19:24:57 - [TEST_STEP][PASSED] - delay(5): Delayed 5 second(s)

21-10-2025T19:25:02 - [MESSAGE][PASSED] - Delayed 5 second(s)

21-10-2025T19:25:02 - [MESSAGE][PASSED] - Call Test Case 'Test Cases/DES/DES Login' successfully

21-10-2025T19:25:02 - [TEST_STEP][PASSED] - setText(findTestObject("Object Repository/DES/Trading Partners Page/Search Trading Partner_input_txt"), "Katalon Trading"): Text 'Katalon Trading' is set on object 'Object Repository/DES/Trading Partners Page/Search Trading Partner_input_txt'

21-10-2025T19:25:03 - [MESSAGE][PASSED] - Text 'Katalon Trading' is set on object 'Object Repository/DES/Trading Partners Page/Search Trading Partner_input_txt'

21-10-2025T19:25:03 - [TEST_STEP][PASSED] - delay(5): Delayed 5 second(s)

21-10-2025T19:25:08 - [MESSAGE][PASSED] - Delayed 5 second(s)

21-10-2025T19:25:08 - [TEST_STEP][PASSED] - click(findTestObject("Object Repository/DES/Page_data-exchange/button_View")): Object: 'Object Repository/DES/Page_data-exchange/button_View' is clicked on

21-10-2025T19:25:08 - [MESSAGE][PASSED] - Object: 'Object Repository/DES/Page_data-exchange/button_View' is clicked on

21-10-2025T19:25:08 - [TEST_STEP][PASSED] - delay(5): Delayed 5 second(s)

21-10-2025T19:25:13 - [MESSAGE][PASSED] - Delayed 5 second(s)

21-10-2025T19:25:13 - [TEST_STEP][PASSED] - click(findTestObject("DES/TradingPartners/Subscription/Subscription Tab")): Object: 'Object Repository/DES/TradingPartners/Subscription/Subscription Tab' is clicked on

21-10-2025T19:25:13 - [MESSAGE][PASSED] - Object: 'Object Repository/DES/TradingPartners/Subscription/Subscription Tab' is clicked on

21-10-2025T19:25:13 - [TEST_STEP][PASSED] - delay(3): Delayed 3 second(s)

21-10-2025T19:25:16 - [MESSAGE][PASSED] - Delayed 3 second(s)

21-10-2025T19:25:16 - [TEST_STEP][PASSED] - click(findTestObject("Object Repository/Page_data-exchange/button_Add Subscription")): Object: 'Object Repository/Page_data-exchange/button_Add Subscription' is clicked on

21-10-2025T19:25:16 - [MESSAGE][PASSED] - Object: 'Object Repository/Page_data-exchange/button_Add Subscription' is clicked on

21-10-2025T19:25:16 - [TEST_STEP][PASSED] - delay(5): Delayed 5 second(s)

21-10-2025T19:25:21 - [MESSAGE][PASSED] - Delayed 5 second(s)

21-10-2025T19:25:21 - [TEST_STEP][PASSED] - selectOptionByIndex(findTestObject("Object Repository/DES/Page_data-exchange/select_Select a Transaction TypeFinancial D_642f55"), "7", STOP_ON_FAILURE): All options with index in [7] are selected on object 'Object Repository/DES/Page_data-exchange/select_Select a Transaction TypeFinancial D_642f55'

21-10-2025T19:25:21 - [MESSAGE][PASSED] - All options with index in [7] are selected on object 'Object Repository/DES/Page_data-exchange/select_Select a Transaction TypeFinancial D_642f55'

21-10-2025T19:25:21 - [TEST_STEP][PASSED] - delay(1): Delayed 1 second(s)

21-10-2025T19:25:22 - [MESSAGE][PASSED] - Delayed 1 second(s)

21-10-2025T19:25:22 - [TEST_STEP][PASSED] - selectOptionByIndex(findTestObject("Object Repository/DES/Page_data-exchange/select_Select.Inbound"), "2", STOP_ON_FAILURE): All options with index in [2] are selected on object 'Object Repository/DES/Page_data-exchange/select_Select.Inbound'

21-10-2025T19:25:23 - [MESSAGE][PASSED] - All options with index in [2] are selected on object 'Object Repository/DES/Page_data-exchange/select_Select.Inbound'

21-10-2025T19:25:23 - [TEST_STEP][PASSED] - delay(1): Delayed 1 second(s)

21-10-2025T19:25:24 - [MESSAGE][PASSED] - Delayed 1 second(s)

21-10-2025T19:25:24 - [TEST_STEP][PASSED] - selectOptionByValue(findTestObject("Object Repository/DES/Page_data-exchange/select_Select.Real TimeScheduled"), "true", true): All options with value 'true' are selected in object 'Object Repository/DES/Page_data-exchange/select_Select.Real TimeScheduled'  using regular expression

21-10-2025T19:25:24 - [MESSAGE][PASSED] - All options with value 'true' are selected in object 'Object Repository/DES/Page_data-exchange/select_Select.Real TimeScheduled'  using regular expression

21-10-2025T19:25:24 - [TEST_STEP][PASSED] - delay(1): Delayed 1 second(s)

21-10-2025T19:25:25 - [MESSAGE][PASSED] - Delayed 1 second(s)

21-10-2025T19:25:25 - [TEST_STEP][PASSED] - click(findTestObject("Object Repository/DES/Page_data-exchange/button_Save")): Object: 'Object Repository/DES/Page_data-exchange/button_Save' is clicked on

21-10-2025T19:25:25 - [MESSAGE][PASSED] - Object: 'Object Repository/DES/Page_data-exchange/button_Save' is clicked on

21-10-2025T19:25:25 - [TEST_STEP][PASSED] - delay(5): Delayed 5 second(s)

21-10-2025T19:25:30 - [MESSAGE][PASSED] - Delayed 5 second(s)

21-10-2025T19:25:30 - [TEST_STEP][PASSED] - verifyElementPresent(findTestObject("Object Repository/DES/Page_data-exchange/h3_Load Tender (LT)"), 30): Object 'Object Repository/DES/Page_data-exchange/h3_Load Tender (LT)' is present

21-10-2025T19:25:30 - [MESSAGE][PASSED] - Object 'Object Repository/DES/Page_data-exchange/h3_Load Tender (LT)' is present

21-10-2025T19:25:30 - [TEST_STEP][PASSED] - click(findTestObject("Object Repository/DES/Page_data-exchange/button_Add Transmission")): Object: 'Object Repository/DES/Page_data-exchange/button_Add Transmission' is clicked on

21-10-2025T19:25:30 - [MESSAGE][PASSED] - Object: 'Object Repository/DES/Page_data-exchange/button_Add Transmission' is clicked on

21-10-2025T19:25:30 - [TEST_STEP][PASSED] - delay(5): Delayed 5 second(s)

21-10-2025T19:25:35 - [MESSAGE][PASSED] - Delayed 5 second(s)

21-10-2025T19:25:35 - [TEST_STEP][PASSED] - selectOptionByIndex(findTestObject("Object Repository/DES/Page_data-exchange/select_Select.EmailFile Transfer ProtocolNe_92efe9"), "3", STOP_ON_FAILURE): All options with index in [3] are selected on object 'Object Repository/DES/Page_data-exchange/select_Select.EmailFile Transfer ProtocolNe_92efe9'

21-10-2025T19:25:35 - [MESSAGE][PASSED] - All options with index in [3] are selected on object 'Object Repository/DES/Page_data-exchange/select_Select.EmailFile Transfer ProtocolNe_92efe9'

21-10-2025T19:25:35 - [TEST_STEP][PASSED] - delay(1): Delayed 1 second(s)

21-10-2025T19:25:36 - [MESSAGE][PASSED] - Delayed 1 second(s)

21-10-2025T19:25:36 - [TEST_STEP][PASSED] - selectOptionByIndex(findTestObject("DES/Trading Partners Page/Subscription/Transmission/Data Format_dropdown"), "1", STOP_ON_FAILURE): All options with index in [1] are selected on object 'Object Repository/DES/Trading Partners Page/Subscription/Transmission/Data Format_dropdown'

21-10-2025T19:25:36 - [MESSAGE][PASSED] - All options with index in [1] are selected on object 'Object Repository/DES/Trading Partners Page/Subscription/Transmission/Data Format_dropdown'

21-10-2025T19:25:36 - [TEST_STEP][PASSED] - delay(1): Delayed 1 second(s)

21-10-2025T19:25:37 - [MESSAGE][PASSED] - Delayed 1 second(s)

21-10-2025T19:25:37 - [TEST_STEP][PASSED] - selectOptionByIndex(findTestObject("Object Repository/DES/Page_data-exchange/select_Select.Adobe PDF (pdf)Text Document _99c46b"), "1", STOP_ON_FAILURE): All options with index in [1] are selected on object 'Object Repository/DES/Page_data-exchange/select_Select.Adobe PDF (pdf)Text Document _99c46b'

21-10-2025T19:25:37 - [MESSAGE][PASSED] - All options with index in [1] are selected on object 'Object Repository/DES/Page_data-exchange/select_Select.Adobe PDF (pdf)Text Document _99c46b'

21-10-2025T19:25:37 - [TEST_STEP][PASSED] - delay(3): Delayed 3 second(s)

21-10-2025T19:25:40 - [MESSAGE][PASSED] - Delayed 3 second(s)

21-10-2025T19:25:40 - [TEST_STEP][PASSED] - verifyElementText(findTestObject("DES/Trading Partners Page/Subscription/Transmission/Format Details/Accelerate_Mapping_lbl"), "Accelerate Mapping"): Actual text and expected text of test object 'Object Repository/DES/Trading Partners Page/Subscription/Transmission/Format Details/Accelerate_Mapping_lbl' are matched.

21-10-2025T19:25:40 - [MESSAGE][PASSED] - Actual text and expected text of test object 'Object Repository/DES/Trading Partners Page/Subscription/Transmission/Format Details/Accelerate_Mapping_lbl' are matched.

21-10-2025T19:25:40 - [TEST_STEP][PASSED] - verifyElementPresent(findTestObject("DES/Trading Partners Page/Subscription/Transmission/Format Details/Accelerate_Mapping_LT_Yes_btn"), 5): Object 'Object Repository/DES/Trading Partners Page/Subscription/Transmission/Format Details/Accelerate_Mapping_LT_Yes_btn' is present

21-10-2025T19:25:40 - [MESSAGE][PASSED] - Object 'Object Repository/DES/Trading Partners Page/Subscription/Transmission/Format Details/Accelerate_Mapping_LT_Yes_btn' is present

21-10-2025T19:25:40 - [TEST_STEP][PASSED] - verifyElementPresent(findTestObject("DES/Trading Partners Page/Subscription/Transmission/Format Details/Accelerate_Mapping_LT_No_btn"), 5): Object 'Object Repository/DES/Trading Partners Page/Subscription/Transmission/Format Details/Accelerate_Mapping_LT_No_btn' is present

21-10-2025T19:25:40 - [MESSAGE][PASSED] - Object 'Object Repository/DES/Trading Partners Page/Subscription/Transmission/Format Details/Accelerate_Mapping_LT_No_btn' is present

21-10-2025T19:25:40 - [TEST_STEP][PASSED] - delay(1): Delayed 1 second(s)

21-10-2025T19:25:41 - [MESSAGE][PASSED] - Delayed 1 second(s)

21-10-2025T19:25:41 - [TEST_STEP][PASSED] - click(findTestObject("DES/Trading Partners Page/Subscription/Transmission/Format Details/Accelerate_Mapping_LT_Yes_btn"), STOP_ON_FAILURE): Object: 'Object Repository/DES/Trading Partners Page/Subscription/Transmission/Format Details/Accelerate_Mapping_LT_Yes_btn' is clicked on

21-10-2025T19:25:41 - [MESSAGE][PASSED] - Object: 'Object Repository/DES/Trading Partners Page/Subscription/Transmission/Format Details/Accelerate_Mapping_LT_Yes_btn' is clicked on

21-10-2025T19:25:41 - [TEST_STEP][PASSED] - delay(1): Delayed 1 second(s)

21-10-2025T19:25:42 - [MESSAGE][PASSED] - Delayed 1 second(s)

21-10-2025T19:25:42 - [TEST_STEP][PASSED] - click(findTestObject("DES/Trading Partners Page/Subscription/Transmission/Transmission_Save_btn"), STOP_ON_FAILURE): Object: 'Object Repository/DES/Trading Partners Page/Subscription/Transmission/Transmission_Save_btn' is clicked on

21-10-2025T19:25:42 - [MESSAGE][PASSED] - Object: 'Object Repository/DES/Trading Partners Page/Subscription/Transmission/Transmission_Save_btn' is clicked on

21-10-2025T19:25:42 - [TEST_STEP][PASSED] - Start listener action : retryOnDisconnect: null

21-10-2025T19:25:42 - [TEST_STEP][PASSED] - tcId = testCaseContext.getTestCaseId(): null

21-10-2025T19:25:42 - [TEST_STEP][PASSED] - currentRetry = retryCounts.getOrDefault(tcId, 0): null

21-10-2025T19:25:42 - [TEST_STEP][PASSED] - if (testCaseContext.getTestCaseStatus() == "FAILED" && currentRetry < MAX_RETRIES): null]]></system-out>
         <system-err><![CDATA[]]></system-err>
      </testcase>
      <testcase name="Test Cases/DES/Trading Partners Page/Subscription/Transmission/Verify Accelerate Mapping Option Displays For Outbound Load Tender Response Transmission" time="62.57" classname="Test Cases/DES/Trading Partners Page/Subscription/Transmission/Verify Accelerate Mapping Option Displays For Outbound Load Tender Response Transmission" status="PASSED">
         <system-out><![CDATA[21-10-2025T19:25:43 - [TEST_CASE][PASSED] - Test Cases/DES/Trading Partners Page/Subscription/Transmission/Verify Accelerate Mapping Option Displays For Outbound Load Tender Response Transmission: Test Cases/DES/Trading Partners Page/Subscription/Transmission/Verify Accelerate Mapping Option Displays For Outbound Load Tender Response Transmission

21-10-2025T19:25:43 - [TEST_STEP][PASSED] - Start listener action : beforeTestCase: null

21-10-2025T19:25:43 - [TEST_STEP][PASSED] - addDefaultPackages(): null

21-10-2025T19:25:43 - [TEST_STEP][PASSED] - callTestCase(findTestCase("DES/DES Login"), [:], STOP_ON_FAILURE): Call Test Case 'Test Cases/DES/DES Login' successfully

21-10-2025T19:25:43 - [TEST_CASE][PASSED] - Test Cases/DES/DES Login: Test Cases/DES/DES Login

21-10-2025T19:25:43 - [TEST_STEP][PASSED] - openBrowser(""): Browser is opened with url: ''

21-10-2025T19:25:43 - [MESSAGE][WARNING] - A browser is already opened. Closing browser and opening a new one

21-10-2025T19:25:43 - [MESSAGE][INFO] - Starting 'Chrome' driver

21-10-2025T19:25:43 - [MESSAGE][INFO] - User set preference: ['args', '[--no-sandbox, --disable-gpu, --disable-dev-shm-usage]']

21-10-2025T19:25:43 - [MESSAGE][INFO] - Action delay is set to 0 milliseconds

21-10-2025T19:25:44 - [MESSAGE][PASSED] - Browser is opened with url: ''

21-10-2025T19:25:44 - [TEST_STEP][PASSED] - maximizeWindow(): Current window maximized

21-10-2025T19:25:44 - [MESSAGE][PASSED] - Current window maximized

21-10-2025T19:25:44 - [TEST_STEP][PASSED] - delay(10): Delayed 10 second(s)

21-10-2025T19:25:54 - [MESSAGE][PASSED] - Delayed 10 second(s)

21-10-2025T19:25:54 - [TEST_STEP][PASSED] - navigateToUrl("https://dx-portal.qa.thekag.com/"): Navigate to 'https://dx-portal.qa.thekag.com/' successfully

21-10-2025T19:25:54 - [MESSAGE][PASSED] - Navigate to 'https://dx-portal.qa.thekag.com/' successfully

21-10-2025T19:25:54 - [TEST_STEP][PASSED] - delay(5): Delayed 5 second(s)

21-10-2025T19:25:59 - [MESSAGE][PASSED] - Delayed 5 second(s)

21-10-2025T19:25:59 - [TEST_STEP][PASSED] - setText(findTestObject("Object Repository/Page_IdentityServer4/input_Username (e.g. email address)_Username"), "Chris.Sheldon+DES_QA@Thekag.com"): Text 'Chris.Sheldon+DES_QA@Thekag.com' is set on object 'Object Repository/Page_IdentityServer4/input_Username (e.g. email address)_Username'

21-10-2025T19:25:59 - [MESSAGE][PASSED] - Text 'Chris.Sheldon+DES_QA@Thekag.com' is set on object 'Object Repository/Page_IdentityServer4/input_Username (e.g. email address)_Username'

21-10-2025T19:25:59 - [TEST_STEP][PASSED] - setEncryptedText(findTestObject("Page_IdentityServer4/input_Password_Password"), "BtpyPJuZxPz9EFo3Zi2c4Q=="): Text ****** has been set on object 'Object Repository/Page_IdentityServer4/input_Password_Password'

21-10-2025T19:25:59 - [MESSAGE][PASSED] - Text ****** has been set on object 'Object Repository/Page_IdentityServer4/input_Password_Password'

21-10-2025T19:25:59 - [TEST_STEP][PASSED] - click(findTestObject("Object Repository/Page_IdentityServer4/button_Login")): Object: 'Object Repository/Page_IdentityServer4/button_Login' is clicked on

21-10-2025T19:26:00 - [MESSAGE][PASSED] - Object: 'Object Repository/Page_IdentityServer4/button_Login' is clicked on

21-10-2025T19:26:00 - [TEST_STEP][PASSED] - delay(5): Delayed 5 second(s)

21-10-2025T19:26:05 - [MESSAGE][PASSED] - Delayed 5 second(s)

21-10-2025T19:26:05 - [MESSAGE][PASSED] - Call Test Case 'Test Cases/DES/DES Login' successfully

21-10-2025T19:26:05 - [TEST_STEP][PASSED] - setText(findTestObject("Object Repository/DES/Trading Partners Page/Search Trading Partner_input_txt"), "Katalon Trading"): Text 'Katalon Trading' is set on object 'Object Repository/DES/Trading Partners Page/Search Trading Partner_input_txt'

21-10-2025T19:26:05 - [MESSAGE][PASSED] - Text 'Katalon Trading' is set on object 'Object Repository/DES/Trading Partners Page/Search Trading Partner_input_txt'

21-10-2025T19:26:05 - [TEST_STEP][PASSED] - delay(5): Delayed 5 second(s)

21-10-2025T19:26:10 - [MESSAGE][PASSED] - Delayed 5 second(s)

21-10-2025T19:26:10 - [TEST_STEP][PASSED] - click(findTestObject("Object Repository/DES/Page_data-exchange/button_View")): Object: 'Object Repository/DES/Page_data-exchange/button_View' is clicked on

21-10-2025T19:26:11 - [MESSAGE][PASSED] - Object: 'Object Repository/DES/Page_data-exchange/button_View' is clicked on

21-10-2025T19:26:11 - [TEST_STEP][PASSED] - delay(5): Delayed 5 second(s)

21-10-2025T19:26:16 - [MESSAGE][PASSED] - Delayed 5 second(s)

21-10-2025T19:26:16 - [TEST_STEP][PASSED] - click(findTestObject("DES/TradingPartners/Subscription/Subscription Tab")): Object: 'Object Repository/DES/TradingPartners/Subscription/Subscription Tab' is clicked on

21-10-2025T19:26:16 - [MESSAGE][PASSED] - Object: 'Object Repository/DES/TradingPartners/Subscription/Subscription Tab' is clicked on

21-10-2025T19:26:16 - [TEST_STEP][PASSED] - delay(3): Delayed 3 second(s)

21-10-2025T19:26:19 - [MESSAGE][PASSED] - Delayed 3 second(s)

21-10-2025T19:26:19 - [TEST_STEP][PASSED] - click(findTestObject("Object Repository/Page_data-exchange/button_Add Subscription")): Object: 'Object Repository/Page_data-exchange/button_Add Subscription' is clicked on

21-10-2025T19:26:19 - [MESSAGE][PASSED] - Object: 'Object Repository/Page_data-exchange/button_Add Subscription' is clicked on

21-10-2025T19:26:19 - [TEST_STEP][PASSED] - delay(5): Delayed 5 second(s)

21-10-2025T19:26:24 - [MESSAGE][PASSED] - Delayed 5 second(s)

21-10-2025T19:26:24 - [TEST_STEP][PASSED] - selectOptionByIndex(findTestObject("Object Repository/DES/Page_data-exchange/select_Select a Transaction TypeFinancial D_642f55"), "9", STOP_ON_FAILURE): All options with index in [9] are selected on object 'Object Repository/DES/Page_data-exchange/select_Select a Transaction TypeFinancial D_642f55'

21-10-2025T19:26:24 - [MESSAGE][PASSED] - All options with index in [9] are selected on object 'Object Repository/DES/Page_data-exchange/select_Select a Transaction TypeFinancial D_642f55'

21-10-2025T19:26:24 - [TEST_STEP][PASSED] - delay(1): Delayed 1 second(s)

21-10-2025T19:26:25 - [MESSAGE][PASSED] - Delayed 1 second(s)

21-10-2025T19:26:25 - [TEST_STEP][PASSED] - selectOptionByIndex(findTestObject("Object Repository/DES/Page_data-exchange/select_Select.Inbound"), "2", STOP_ON_FAILURE): All options with index in [2] are selected on object 'Object Repository/DES/Page_data-exchange/select_Select.Inbound'

21-10-2025T19:26:25 - [MESSAGE][PASSED] - All options with index in [2] are selected on object 'Object Repository/DES/Page_data-exchange/select_Select.Inbound'

21-10-2025T19:26:25 - [TEST_STEP][PASSED] - delay(1): Delayed 1 second(s)

21-10-2025T19:26:26 - [MESSAGE][PASSED] - Delayed 1 second(s)

21-10-2025T19:26:26 - [TEST_STEP][PASSED] - selectOptionByValue(findTestObject("Object Repository/DES/Page_data-exchange/select_Select.Real TimeScheduled"), "true", true): All options with value 'true' are selected in object 'Object Repository/DES/Page_data-exchange/select_Select.Real TimeScheduled'  using regular expression

21-10-2025T19:26:26 - [MESSAGE][PASSED] - All options with value 'true' are selected in object 'Object Repository/DES/Page_data-exchange/select_Select.Real TimeScheduled'  using regular expression

21-10-2025T19:26:26 - [TEST_STEP][PASSED] - delay(1): Delayed 1 second(s)

21-10-2025T19:26:27 - [MESSAGE][PASSED] - Delayed 1 second(s)

21-10-2025T19:26:27 - [TEST_STEP][PASSED] - click(findTestObject("Object Repository/DES/Page_data-exchange/button_Save")): Object: 'Object Repository/DES/Page_data-exchange/button_Save' is clicked on

21-10-2025T19:26:27 - [MESSAGE][PASSED] - Object: 'Object Repository/DES/Page_data-exchange/button_Save' is clicked on

21-10-2025T19:26:27 - [TEST_STEP][PASSED] - delay(5): Delayed 5 second(s)

21-10-2025T19:26:32 - [MESSAGE][PASSED] - Delayed 5 second(s)

21-10-2025T19:26:32 - [TEST_STEP][PASSED] - verifyElementPresent(findTestObject("Object Repository/DES/Page_data-exchange/h3_Load Tender (LT)"), 30): Object 'Object Repository/DES/Page_data-exchange/h3_Load Tender (LT)' is present

21-10-2025T19:26:32 - [MESSAGE][PASSED] - Object 'Object Repository/DES/Page_data-exchange/h3_Load Tender (LT)' is present

21-10-2025T19:26:32 - [TEST_STEP][PASSED] - click(findTestObject("Object Repository/DES/Page_data-exchange/button_Add Transmission")): Object: 'Object Repository/DES/Page_data-exchange/button_Add Transmission' is clicked on

21-10-2025T19:26:32 - [MESSAGE][PASSED] - Object: 'Object Repository/DES/Page_data-exchange/button_Add Transmission' is clicked on

21-10-2025T19:26:32 - [TEST_STEP][PASSED] - delay(5): Delayed 5 second(s)

21-10-2025T19:26:37 - [MESSAGE][PASSED] - Delayed 5 second(s)

21-10-2025T19:26:37 - [TEST_STEP][PASSED] - selectOptionByIndex(findTestObject("Object Repository/DES/Page_data-exchange/select_Select.EmailFile Transfer ProtocolNe_92efe9"), "3", STOP_ON_FAILURE): All options with index in [3] are selected on object 'Object Repository/DES/Page_data-exchange/select_Select.EmailFile Transfer ProtocolNe_92efe9'

21-10-2025T19:26:38 - [MESSAGE][PASSED] - All options with index in [3] are selected on object 'Object Repository/DES/Page_data-exchange/select_Select.EmailFile Transfer ProtocolNe_92efe9'

21-10-2025T19:26:38 - [TEST_STEP][PASSED] - delay(1): Delayed 1 second(s)

21-10-2025T19:26:39 - [MESSAGE][PASSED] - Delayed 1 second(s)

21-10-2025T19:26:39 - [TEST_STEP][PASSED] - selectOptionByIndex(findTestObject("DES/Trading Partners Page/Subscription/Transmission/Data Format_dropdown"), "1", STOP_ON_FAILURE): All options with index in [1] are selected on object 'Object Repository/DES/Trading Partners Page/Subscription/Transmission/Data Format_dropdown'

21-10-2025T19:26:39 - [MESSAGE][PASSED] - All options with index in [1] are selected on object 'Object Repository/DES/Trading Partners Page/Subscription/Transmission/Data Format_dropdown'

21-10-2025T19:26:39 - [TEST_STEP][PASSED] - delay(1): Delayed 1 second(s)

21-10-2025T19:26:40 - [MESSAGE][PASSED] - Delayed 1 second(s)

21-10-2025T19:26:40 - [TEST_STEP][PASSED] - selectOptionByIndex(findTestObject("Object Repository/DES/Page_data-exchange/select_Select.Adobe PDF (pdf)Text Document _99c46b"), "1", STOP_ON_FAILURE): All options with index in [1] are selected on object 'Object Repository/DES/Page_data-exchange/select_Select.Adobe PDF (pdf)Text Document _99c46b'

21-10-2025T19:26:40 - [MESSAGE][PASSED] - All options with index in [1] are selected on object 'Object Repository/DES/Page_data-exchange/select_Select.Adobe PDF (pdf)Text Document _99c46b'

21-10-2025T19:26:40 - [TEST_STEP][PASSED] - delay(3): Delayed 3 second(s)

21-10-2025T19:26:43 - [MESSAGE][PASSED] - Delayed 3 second(s)

21-10-2025T19:26:43 - [TEST_STEP][PASSED] - verifyElementText(findTestObject("DES/Trading Partners Page/Subscription/Transmission/Format Details/Accelerate_Mapping_lbl"), "Accelerate Mapping"): Actual text and expected text of test object 'Object Repository/DES/Trading Partners Page/Subscription/Transmission/Format Details/Accelerate_Mapping_lbl' are matched.

21-10-2025T19:26:43 - [MESSAGE][PASSED] - Actual text and expected text of test object 'Object Repository/DES/Trading Partners Page/Subscription/Transmission/Format Details/Accelerate_Mapping_lbl' are matched.

21-10-2025T19:26:43 - [TEST_STEP][PASSED] - verifyElementPresent(findTestObject("DES/Trading Partners Page/Subscription/Transmission/Format Details/Accelerate_Mapping_LT_Yes_btn"), 5): Object 'Object Repository/DES/Trading Partners Page/Subscription/Transmission/Format Details/Accelerate_Mapping_LT_Yes_btn' is present

21-10-2025T19:26:43 - [MESSAGE][PASSED] - Object 'Object Repository/DES/Trading Partners Page/Subscription/Transmission/Format Details/Accelerate_Mapping_LT_Yes_btn' is present

21-10-2025T19:26:43 - [TEST_STEP][PASSED] - verifyElementPresent(findTestObject("DES/Trading Partners Page/Subscription/Transmission/Format Details/Accelerate_Mapping_LT_No_btn"), 5): Object 'Object Repository/DES/Trading Partners Page/Subscription/Transmission/Format Details/Accelerate_Mapping_LT_No_btn' is present

21-10-2025T19:26:43 - [MESSAGE][PASSED] - Object 'Object Repository/DES/Trading Partners Page/Subscription/Transmission/Format Details/Accelerate_Mapping_LT_No_btn' is present

21-10-2025T19:26:43 - [TEST_STEP][PASSED] - delay(1): Delayed 1 second(s)

21-10-2025T19:26:44 - [MESSAGE][PASSED] - Delayed 1 second(s)

21-10-2025T19:26:44 - [TEST_STEP][PASSED] - click(findTestObject("DES/Trading Partners Page/Subscription/Transmission/Format Details/Accelerate_Mapping_LT_Yes_btn"), STOP_ON_FAILURE): Object: 'Object Repository/DES/Trading Partners Page/Subscription/Transmission/Format Details/Accelerate_Mapping_LT_Yes_btn' is clicked on

21-10-2025T19:26:44 - [MESSAGE][PASSED] - Object: 'Object Repository/DES/Trading Partners Page/Subscription/Transmission/Format Details/Accelerate_Mapping_LT_Yes_btn' is clicked on

21-10-2025T19:26:44 - [TEST_STEP][PASSED] - delay(1): Delayed 1 second(s)

21-10-2025T19:26:45 - [MESSAGE][PASSED] - Delayed 1 second(s)

21-10-2025T19:26:45 - [TEST_STEP][PASSED] - click(findTestObject("DES/Trading Partners Page/Subscription/Transmission/Transmission_Save_btn"), STOP_ON_FAILURE): Object: 'Object Repository/DES/Trading Partners Page/Subscription/Transmission/Transmission_Save_btn' is clicked on

21-10-2025T19:26:45 - [MESSAGE][PASSED] - Object: 'Object Repository/DES/Trading Partners Page/Subscription/Transmission/Transmission_Save_btn' is clicked on

21-10-2025T19:26:45 - [TEST_STEP][PASSED] - Start listener action : retryOnDisconnect: null

21-10-2025T19:26:45 - [TEST_STEP][PASSED] - tcId = testCaseContext.getTestCaseId(): null

21-10-2025T19:26:45 - [TEST_STEP][PASSED] - currentRetry = retryCounts.getOrDefault(tcId, 0): null

21-10-2025T19:26:45 - [TEST_STEP][PASSED] - if (testCaseContext.getTestCaseStatus() == "FAILED" && currentRetry < MAX_RETRIES): null]]></system-out>
         <system-err><![CDATA[]]></system-err>
      </testcase>
      <testcase name="Test Cases/DES/Trading Partners Page/Subscription/Transmission/Verify Accelerate Mapping Option Displays For Outbound Load Tender Transmission" time="62.116" classname="Test Cases/DES/Trading Partners Page/Subscription/Transmission/Verify Accelerate Mapping Option Displays For Outbound Load Tender Transmission" status="PASSED">
         <system-out><![CDATA[21-10-2025T19:26:45 - [TEST_CASE][PASSED] - Test Cases/DES/Trading Partners Page/Subscription/Transmission/Verify Accelerate Mapping Option Displays For Outbound Load Tender Transmission: Test Cases/DES/Trading Partners Page/Subscription/Transmission/Verify Accelerate Mapping Option Displays For Outbound Load Tender Transmission

21-10-2025T19:26:45 - [TEST_STEP][PASSED] - Start listener action : beforeTestCase: null

21-10-2025T19:26:45 - [TEST_STEP][PASSED] - addDefaultPackages(): null

21-10-2025T19:26:45 - [TEST_STEP][PASSED] - callTestCase(findTestCase("DES/DES Login"), [:], STOP_ON_FAILURE): Call Test Case 'Test Cases/DES/DES Login' successfully

21-10-2025T19:26:45 - [TEST_CASE][PASSED] - Test Cases/DES/DES Login: Test Cases/DES/DES Login

21-10-2025T19:26:45 - [TEST_STEP][PASSED] - openBrowser(""): Browser is opened with url: ''

21-10-2025T19:26:45 - [MESSAGE][WARNING] - A browser is already opened. Closing browser and opening a new one

21-10-2025T19:26:45 - [MESSAGE][INFO] - Starting 'Chrome' driver

21-10-2025T19:26:45 - [MESSAGE][INFO] - User set preference: ['args', '[--no-sandbox, --disable-gpu, --disable-dev-shm-usage]']

21-10-2025T19:26:45 - [MESSAGE][INFO] - Action delay is set to 0 milliseconds

21-10-2025T19:26:46 - [MESSAGE][PASSED] - Browser is opened with url: ''

21-10-2025T19:26:46 - [TEST_STEP][PASSED] - maximizeWindow(): Current window maximized

21-10-2025T19:26:46 - [MESSAGE][PASSED] - Current window maximized

21-10-2025T19:26:46 - [TEST_STEP][PASSED] - delay(10): Delayed 10 second(s)

21-10-2025T19:26:56 - [MESSAGE][PASSED] - Delayed 10 second(s)

21-10-2025T19:26:56 - [TEST_STEP][PASSED] - navigateToUrl("https://dx-portal.qa.thekag.com/"): Navigate to 'https://dx-portal.qa.thekag.com/' successfully

21-10-2025T19:26:57 - [MESSAGE][PASSED] - Navigate to 'https://dx-portal.qa.thekag.com/' successfully

21-10-2025T19:26:57 - [TEST_STEP][PASSED] - delay(5): Delayed 5 second(s)

21-10-2025T19:27:02 - [MESSAGE][PASSED] - Delayed 5 second(s)

21-10-2025T19:27:02 - [TEST_STEP][PASSED] - setText(findTestObject("Object Repository/Page_IdentityServer4/input_Username (e.g. email address)_Username"), "Chris.Sheldon+DES_QA@Thekag.com"): Text 'Chris.Sheldon+DES_QA@Thekag.com' is set on object 'Object Repository/Page_IdentityServer4/input_Username (e.g. email address)_Username'

21-10-2025T19:27:02 - [MESSAGE][PASSED] - Text 'Chris.Sheldon+DES_QA@Thekag.com' is set on object 'Object Repository/Page_IdentityServer4/input_Username (e.g. email address)_Username'

21-10-2025T19:27:02 - [TEST_STEP][PASSED] - setEncryptedText(findTestObject("Page_IdentityServer4/input_Password_Password"), "BtpyPJuZxPz9EFo3Zi2c4Q=="): Text ****** has been set on object 'Object Repository/Page_IdentityServer4/input_Password_Password'

21-10-2025T19:27:02 - [MESSAGE][PASSED] - Text ****** has been set on object 'Object Repository/Page_IdentityServer4/input_Password_Password'

21-10-2025T19:27:02 - [TEST_STEP][PASSED] - click(findTestObject("Object Repository/Page_IdentityServer4/button_Login")): Object: 'Object Repository/Page_IdentityServer4/button_Login' is clicked on

21-10-2025T19:27:02 - [MESSAGE][PASSED] - Object: 'Object Repository/Page_IdentityServer4/button_Login' is clicked on

21-10-2025T19:27:02 - [TEST_STEP][PASSED] - delay(5): Delayed 5 second(s)

21-10-2025T19:27:07 - [MESSAGE][PASSED] - Delayed 5 second(s)

21-10-2025T19:27:07 - [MESSAGE][PASSED] - Call Test Case 'Test Cases/DES/DES Login' successfully

21-10-2025T19:27:07 - [TEST_STEP][PASSED] - setText(findTestObject("Object Repository/DES/Trading Partners Page/Search Trading Partner_input_txt"), "Katalon Trading"): Text 'Katalon Trading' is set on object 'Object Repository/DES/Trading Partners Page/Search Trading Partner_input_txt'

21-10-2025T19:27:08 - [MESSAGE][PASSED] - Text 'Katalon Trading' is set on object 'Object Repository/DES/Trading Partners Page/Search Trading Partner_input_txt'

21-10-2025T19:27:08 - [TEST_STEP][PASSED] - delay(5): Delayed 5 second(s)

21-10-2025T19:27:13 - [MESSAGE][PASSED] - Delayed 5 second(s)

21-10-2025T19:27:13 - [TEST_STEP][PASSED] - click(findTestObject("Object Repository/DES/Page_data-exchange/button_View")): Object: 'Object Repository/DES/Page_data-exchange/button_View' is clicked on

21-10-2025T19:27:13 - [MESSAGE][PASSED] - Object: 'Object Repository/DES/Page_data-exchange/button_View' is clicked on

21-10-2025T19:27:13 - [TEST_STEP][PASSED] - delay(5): Delayed 5 second(s)

21-10-2025T19:27:18 - [MESSAGE][PASSED] - Delayed 5 second(s)

21-10-2025T19:27:18 - [TEST_STEP][PASSED] - click(findTestObject("DES/TradingPartners/Subscription/Subscription Tab")): Object: 'Object Repository/DES/TradingPartners/Subscription/Subscription Tab' is clicked on

21-10-2025T19:27:18 - [MESSAGE][PASSED] - Object: 'Object Repository/DES/TradingPartners/Subscription/Subscription Tab' is clicked on

21-10-2025T19:27:18 - [TEST_STEP][PASSED] - delay(3): Delayed 3 second(s)

21-10-2025T19:27:21 - [MESSAGE][PASSED] - Delayed 3 second(s)

21-10-2025T19:27:21 - [TEST_STEP][PASSED] - click(findTestObject("Object Repository/Page_data-exchange/button_Add Subscription")): Object: 'Object Repository/Page_data-exchange/button_Add Subscription' is clicked on

21-10-2025T19:27:21 - [MESSAGE][PASSED] - Object: 'Object Repository/Page_data-exchange/button_Add Subscription' is clicked on

21-10-2025T19:27:21 - [TEST_STEP][PASSED] - delay(5): Delayed 5 second(s)

21-10-2025T19:27:26 - [MESSAGE][PASSED] - Delayed 5 second(s)

21-10-2025T19:27:26 - [TEST_STEP][PASSED] - selectOptionByIndex(findTestObject("Object Repository/DES/Page_data-exchange/select_Select a Transaction TypeFinancial D_642f55"), "8", STOP_ON_FAILURE): All options with index in [8] are selected on object 'Object Repository/DES/Page_data-exchange/select_Select a Transaction TypeFinancial D_642f55'

21-10-2025T19:27:26 - [MESSAGE][PASSED] - All options with index in [8] are selected on object 'Object Repository/DES/Page_data-exchange/select_Select a Transaction TypeFinancial D_642f55'

21-10-2025T19:27:26 - [TEST_STEP][PASSED] - delay(1): Delayed 1 second(s)

21-10-2025T19:27:27 - [MESSAGE][PASSED] - Delayed 1 second(s)

21-10-2025T19:27:27 - [TEST_STEP][PASSED] - selectOptionByIndex(findTestObject("Object Repository/DES/Page_data-exchange/select_Select.Inbound"), "2", STOP_ON_FAILURE): All options with index in [2] are selected on object 'Object Repository/DES/Page_data-exchange/select_Select.Inbound'

21-10-2025T19:27:27 - [MESSAGE][PASSED] - All options with index in [2] are selected on object 'Object Repository/DES/Page_data-exchange/select_Select.Inbound'

21-10-2025T19:27:27 - [TEST_STEP][PASSED] - delay(1): Delayed 1 second(s)

21-10-2025T19:27:28 - [MESSAGE][PASSED] - Delayed 1 second(s)

21-10-2025T19:27:28 - [TEST_STEP][PASSED] - selectOptionByValue(findTestObject("Object Repository/DES/Page_data-exchange/select_Select.Real TimeScheduled"), "true", true): All options with value 'true' are selected in object 'Object Repository/DES/Page_data-exchange/select_Select.Real TimeScheduled'  using regular expression

21-10-2025T19:27:28 - [MESSAGE][PASSED] - All options with value 'true' are selected in object 'Object Repository/DES/Page_data-exchange/select_Select.Real TimeScheduled'  using regular expression

21-10-2025T19:27:28 - [TEST_STEP][PASSED] - delay(1): Delayed 1 second(s)

21-10-2025T19:27:29 - [MESSAGE][PASSED] - Delayed 1 second(s)

21-10-2025T19:27:29 - [TEST_STEP][PASSED] - click(findTestObject("Object Repository/DES/Page_data-exchange/button_Save")): Object: 'Object Repository/DES/Page_data-exchange/button_Save' is clicked on

21-10-2025T19:27:29 - [MESSAGE][PASSED] - Object: 'Object Repository/DES/Page_data-exchange/button_Save' is clicked on

21-10-2025T19:27:29 - [TEST_STEP][PASSED] - delay(5): Delayed 5 second(s)

21-10-2025T19:27:34 - [MESSAGE][PASSED] - Delayed 5 second(s)

21-10-2025T19:27:34 - [TEST_STEP][PASSED] - verifyElementPresent(findTestObject("Object Repository/DES/Page_data-exchange/h3_Load Tender (LT)"), 30): Object 'Object Repository/DES/Page_data-exchange/h3_Load Tender (LT)' is present

21-10-2025T19:27:34 - [MESSAGE][PASSED] - Object 'Object Repository/DES/Page_data-exchange/h3_Load Tender (LT)' is present

21-10-2025T19:27:34 - [TEST_STEP][PASSED] - click(findTestObject("Object Repository/DES/Page_data-exchange/button_Add Transmission")): Object: 'Object Repository/DES/Page_data-exchange/button_Add Transmission' is clicked on

21-10-2025T19:27:35 - [MESSAGE][PASSED] - Object: 'Object Repository/DES/Page_data-exchange/button_Add Transmission' is clicked on

21-10-2025T19:27:35 - [TEST_STEP][PASSED] - delay(5): Delayed 5 second(s)

21-10-2025T19:27:40 - [MESSAGE][PASSED] - Delayed 5 second(s)

21-10-2025T19:27:40 - [TEST_STEP][PASSED] - selectOptionByIndex(findTestObject("Object Repository/DES/Page_data-exchange/select_Select.EmailFile Transfer ProtocolNe_92efe9"), "3", STOP_ON_FAILURE): All options with index in [3] are selected on object 'Object Repository/DES/Page_data-exchange/select_Select.EmailFile Transfer ProtocolNe_92efe9'

21-10-2025T19:27:40 - [MESSAGE][PASSED] - All options with index in [3] are selected on object 'Object Repository/DES/Page_data-exchange/select_Select.EmailFile Transfer ProtocolNe_92efe9'

21-10-2025T19:27:40 - [TEST_STEP][PASSED] - delay(1): Delayed 1 second(s)

21-10-2025T19:27:41 - [MESSAGE][PASSED] - Delayed 1 second(s)

21-10-2025T19:27:41 - [TEST_STEP][PASSED] - selectOptionByIndex(findTestObject("DES/Trading Partners Page/Subscription/Transmission/Data Format_dropdown"), "1", STOP_ON_FAILURE): All options with index in [1] are selected on object 'Object Repository/DES/Trading Partners Page/Subscription/Transmission/Data Format_dropdown'

21-10-2025T19:27:41 - [MESSAGE][PASSED] - All options with index in [1] are selected on object 'Object Repository/DES/Trading Partners Page/Subscription/Transmission/Data Format_dropdown'

21-10-2025T19:27:41 - [TEST_STEP][PASSED] - delay(1): Delayed 1 second(s)

21-10-2025T19:27:42 - [MESSAGE][PASSED] - Delayed 1 second(s)

21-10-2025T19:27:42 - [TEST_STEP][PASSED] - selectOptionByIndex(findTestObject("Object Repository/DES/Page_data-exchange/select_Select.Adobe PDF (pdf)Text Document _99c46b"), "1", STOP_ON_FAILURE): All options with index in [1] are selected on object 'Object Repository/DES/Page_data-exchange/select_Select.Adobe PDF (pdf)Text Document _99c46b'

21-10-2025T19:27:42 - [MESSAGE][PASSED] - All options with index in [1] are selected on object 'Object Repository/DES/Page_data-exchange/select_Select.Adobe PDF (pdf)Text Document _99c46b'

21-10-2025T19:27:42 - [TEST_STEP][PASSED] - delay(3): Delayed 3 second(s)

21-10-2025T19:27:45 - [MESSAGE][PASSED] - Delayed 3 second(s)

21-10-2025T19:27:45 - [TEST_STEP][PASSED] - verifyElementText(findTestObject("DES/Trading Partners Page/Subscription/Transmission/Format Details/Accelerate_Mapping_lbl"), "Accelerate Mapping"): Actual text and expected text of test object 'Object Repository/DES/Trading Partners Page/Subscription/Transmission/Format Details/Accelerate_Mapping_lbl' are matched.

21-10-2025T19:27:45 - [MESSAGE][PASSED] - Actual text and expected text of test object 'Object Repository/DES/Trading Partners Page/Subscription/Transmission/Format Details/Accelerate_Mapping_lbl' are matched.

21-10-2025T19:27:45 - [TEST_STEP][PASSED] - verifyElementPresent(findTestObject("DES/Trading Partners Page/Subscription/Transmission/Format Details/Accelerate_Mapping_LT_Yes_btn"), 5): Object 'Object Repository/DES/Trading Partners Page/Subscription/Transmission/Format Details/Accelerate_Mapping_LT_Yes_btn' is present

21-10-2025T19:27:45 - [MESSAGE][PASSED] - Object 'Object Repository/DES/Trading Partners Page/Subscription/Transmission/Format Details/Accelerate_Mapping_LT_Yes_btn' is present

21-10-2025T19:27:45 - [TEST_STEP][PASSED] - verifyElementPresent(findTestObject("DES/Trading Partners Page/Subscription/Transmission/Format Details/Accelerate_Mapping_LT_No_btn"), 5): Object 'Object Repository/DES/Trading Partners Page/Subscription/Transmission/Format Details/Accelerate_Mapping_LT_No_btn' is present

21-10-2025T19:27:45 - [MESSAGE][PASSED] - Object 'Object Repository/DES/Trading Partners Page/Subscription/Transmission/Format Details/Accelerate_Mapping_LT_No_btn' is present

21-10-2025T19:27:45 - [TEST_STEP][PASSED] - delay(1): Delayed 1 second(s)

21-10-2025T19:27:46 - [MESSAGE][PASSED] - Delayed 1 second(s)

21-10-2025T19:27:46 - [TEST_STEP][PASSED] - click(findTestObject("DES/Trading Partners Page/Subscription/Transmission/Format Details/Accelerate_Mapping_LT_Yes_btn"), STOP_ON_FAILURE): Object: 'Object Repository/DES/Trading Partners Page/Subscription/Transmission/Format Details/Accelerate_Mapping_LT_Yes_btn' is clicked on

21-10-2025T19:27:46 - [MESSAGE][PASSED] - Object: 'Object Repository/DES/Trading Partners Page/Subscription/Transmission/Format Details/Accelerate_Mapping_LT_Yes_btn' is clicked on

21-10-2025T19:27:46 - [TEST_STEP][PASSED] - delay(1): Delayed 1 second(s)

21-10-2025T19:27:47 - [MESSAGE][PASSED] - Delayed 1 second(s)

21-10-2025T19:27:47 - [TEST_STEP][PASSED] - click(findTestObject("DES/Trading Partners Page/Subscription/Transmission/Transmission_Save_btn"), STOP_ON_FAILURE): Object: 'Object Repository/DES/Trading Partners Page/Subscription/Transmission/Transmission_Save_btn' is clicked on

21-10-2025T19:27:47 - [MESSAGE][PASSED] - Object: 'Object Repository/DES/Trading Partners Page/Subscription/Transmission/Transmission_Save_btn' is clicked on

21-10-2025T19:27:47 - [TEST_STEP][PASSED] - Start listener action : retryOnDisconnect: null

21-10-2025T19:27:47 - [TEST_STEP][PASSED] - tcId = testCaseContext.getTestCaseId(): null

21-10-2025T19:27:47 - [TEST_STEP][PASSED] - currentRetry = retryCounts.getOrDefault(tcId, 0): null

21-10-2025T19:27:47 - [TEST_STEP][PASSED] - if (testCaseContext.getTestCaseStatus() == "FAILED" && currentRetry < MAX_RETRIES): null]]></system-out>
         <system-err><![CDATA[]]></system-err>
      </testcase>
      <testcase name="Test Cases/DES/Trading Partners Page/Subscription/Transmission/Verify Accelerate Mapping Option Does Not Display For Inbound ARO-INV Transmission" time="59.125" classname="Test Cases/DES/Trading Partners Page/Subscription/Transmission/Verify Accelerate Mapping Option Does Not Display For Inbound ARO-INV Transmission" status="PASSED">
         <system-out><![CDATA[21-10-2025T19:27:47 - [TEST_CASE][PASSED] - Test Cases/DES/Trading Partners Page/Subscription/Transmission/Verify Accelerate Mapping Option Does Not Display For Inbound ARO-INV Transmission: Test Cases/DES/Trading Partners Page/Subscription/Transmission/Verify Accelerate Mapping Option Does Not Display For Inbound ARO-INV Transmission

21-10-2025T19:27:47 - [TEST_STEP][PASSED] - Start listener action : beforeTestCase: null

21-10-2025T19:27:47 - [TEST_STEP][PASSED] - addDefaultPackages(): null

21-10-2025T19:27:47 - [TEST_STEP][PASSED] - callTestCase(findTestCase("DES/DES Login"), [:], STOP_ON_FAILURE): Call Test Case 'Test Cases/DES/DES Login' successfully

21-10-2025T19:27:47 - [TEST_CASE][PASSED] - Test Cases/DES/DES Login: Test Cases/DES/DES Login

21-10-2025T19:27:47 - [TEST_STEP][PASSED] - openBrowser(""): Browser is opened with url: ''

21-10-2025T19:27:47 - [MESSAGE][WARNING] - A browser is already opened. Closing browser and opening a new one

21-10-2025T19:27:47 - [MESSAGE][INFO] - Starting 'Chrome' driver

21-10-2025T19:27:47 - [MESSAGE][INFO] - User set preference: ['args', '[--no-sandbox, --disable-gpu, --disable-dev-shm-usage]']

21-10-2025T19:27:47 - [MESSAGE][INFO] - Action delay is set to 0 milliseconds

21-10-2025T19:27:48 - [MESSAGE][PASSED] - Browser is opened with url: ''

21-10-2025T19:27:48 - [TEST_STEP][PASSED] - maximizeWindow(): Current window maximized

21-10-2025T19:27:48 - [MESSAGE][PASSED] - Current window maximized

21-10-2025T19:27:48 - [TEST_STEP][PASSED] - delay(10): Delayed 10 second(s)

21-10-2025T19:27:58 - [MESSAGE][PASSED] - Delayed 10 second(s)

21-10-2025T19:27:58 - [TEST_STEP][PASSED] - navigateToUrl("https://dx-portal.qa.thekag.com/"): Navigate to 'https://dx-portal.qa.thekag.com/' successfully

21-10-2025T19:27:59 - [MESSAGE][PASSED] - Navigate to 'https://dx-portal.qa.thekag.com/' successfully

21-10-2025T19:27:59 - [TEST_STEP][PASSED] - delay(5): Delayed 5 second(s)

21-10-2025T19:28:04 - [MESSAGE][PASSED] - Delayed 5 second(s)

21-10-2025T19:28:04 - [TEST_STEP][PASSED] - setText(findTestObject("Object Repository/Page_IdentityServer4/input_Username (e.g. email address)_Username"), "Chris.Sheldon+DES_QA@Thekag.com"): Text 'Chris.Sheldon+DES_QA@Thekag.com' is set on object 'Object Repository/Page_IdentityServer4/input_Username (e.g. email address)_Username'

21-10-2025T19:28:04 - [MESSAGE][PASSED] - Text 'Chris.Sheldon+DES_QA@Thekag.com' is set on object 'Object Repository/Page_IdentityServer4/input_Username (e.g. email address)_Username'

21-10-2025T19:28:04 - [TEST_STEP][PASSED] - setEncryptedText(findTestObject("Page_IdentityServer4/input_Password_Password"), "BtpyPJuZxPz9EFo3Zi2c4Q=="): Text ****** has been set on object 'Object Repository/Page_IdentityServer4/input_Password_Password'

21-10-2025T19:28:04 - [MESSAGE][PASSED] - Text ****** has been set on object 'Object Repository/Page_IdentityServer4/input_Password_Password'

21-10-2025T19:28:04 - [TEST_STEP][PASSED] - click(findTestObject("Object Repository/Page_IdentityServer4/button_Login")): Object: 'Object Repository/Page_IdentityServer4/button_Login' is clicked on

21-10-2025T19:28:05 - [MESSAGE][PASSED] - Object: 'Object Repository/Page_IdentityServer4/button_Login' is clicked on

21-10-2025T19:28:05 - [TEST_STEP][PASSED] - delay(5): Delayed 5 second(s)

21-10-2025T19:28:10 - [MESSAGE][PASSED] - Delayed 5 second(s)

21-10-2025T19:28:10 - [MESSAGE][PASSED] - Call Test Case 'Test Cases/DES/DES Login' successfully

21-10-2025T19:28:10 - [TEST_STEP][PASSED] - setText(findTestObject("Object Repository/DES/Trading Partners Page/Search Trading Partner_input_txt"), "Katalon Trading"): Text 'Katalon Trading' is set on object 'Object Repository/DES/Trading Partners Page/Search Trading Partner_input_txt'

21-10-2025T19:28:10 - [MESSAGE][PASSED] - Text 'Katalon Trading' is set on object 'Object Repository/DES/Trading Partners Page/Search Trading Partner_input_txt'

21-10-2025T19:28:10 - [TEST_STEP][PASSED] - delay(5): Delayed 5 second(s)

21-10-2025T19:28:15 - [MESSAGE][PASSED] - Delayed 5 second(s)

21-10-2025T19:28:15 - [TEST_STEP][PASSED] - click(findTestObject("Object Repository/DES/Page_data-exchange/button_View")): Object: 'Object Repository/DES/Page_data-exchange/button_View' is clicked on

21-10-2025T19:28:15 - [MESSAGE][PASSED] - Object: 'Object Repository/DES/Page_data-exchange/button_View' is clicked on

21-10-2025T19:28:15 - [TEST_STEP][PASSED] - delay(5): Delayed 5 second(s)

21-10-2025T19:28:20 - [MESSAGE][PASSED] - Delayed 5 second(s)

21-10-2025T19:28:20 - [TEST_STEP][PASSED] - click(findTestObject("DES/TradingPartners/Subscription/Subscription Tab")): Object: 'Object Repository/DES/TradingPartners/Subscription/Subscription Tab' is clicked on

21-10-2025T19:28:20 - [MESSAGE][PASSED] - Object: 'Object Repository/DES/TradingPartners/Subscription/Subscription Tab' is clicked on

21-10-2025T19:28:20 - [TEST_STEP][PASSED] - delay(3): Delayed 3 second(s)

21-10-2025T19:28:23 - [MESSAGE][PASSED] - Delayed 3 second(s)

21-10-2025T19:28:23 - [TEST_STEP][PASSED] - click(findTestObject("Object Repository/Page_data-exchange/button_Add Subscription")): Object: 'Object Repository/Page_data-exchange/button_Add Subscription' is clicked on

21-10-2025T19:28:23 - [MESSAGE][PASSED] - Object: 'Object Repository/Page_data-exchange/button_Add Subscription' is clicked on

21-10-2025T19:28:23 - [TEST_STEP][PASSED] - delay(5): Delayed 5 second(s)

21-10-2025T19:28:28 - [MESSAGE][PASSED] - Delayed 5 second(s)

21-10-2025T19:28:28 - [TEST_STEP][PASSED] - selectOptionByIndex(findTestObject("Object Repository/DES/Page_data-exchange/select_Select a Transaction TypeFinancial D_642f55"), "2", STOP_ON_FAILURE): All options with index in [2] are selected on object 'Object Repository/DES/Page_data-exchange/select_Select a Transaction TypeFinancial D_642f55'

21-10-2025T19:28:29 - [MESSAGE][PASSED] - All options with index in [2] are selected on object 'Object Repository/DES/Page_data-exchange/select_Select a Transaction TypeFinancial D_642f55'

21-10-2025T19:28:29 - [TEST_STEP][PASSED] - delay(1): Delayed 1 second(s)

21-10-2025T19:28:30 - [MESSAGE][PASSED] - Delayed 1 second(s)

21-10-2025T19:28:30 - [TEST_STEP][PASSED] - selectOptionByIndex(findTestObject("Object Repository/DES/Page_data-exchange/select_Select.Inbound"), "1", STOP_ON_FAILURE): All options with index in [1] are selected on object 'Object Repository/DES/Page_data-exchange/select_Select.Inbound'

21-10-2025T19:28:30 - [MESSAGE][PASSED] - All options with index in [1] are selected on object 'Object Repository/DES/Page_data-exchange/select_Select.Inbound'

21-10-2025T19:28:30 - [TEST_STEP][PASSED] - delay(1): Delayed 1 second(s)

21-10-2025T19:28:31 - [MESSAGE][PASSED] - Delayed 1 second(s)

21-10-2025T19:28:31 - [TEST_STEP][PASSED] - click(findTestObject("Object Repository/DES/Page_data-exchange/button_Save")): Object: 'Object Repository/DES/Page_data-exchange/button_Save' is clicked on

21-10-2025T19:28:31 - [MESSAGE][PASSED] - Object: 'Object Repository/DES/Page_data-exchange/button_Save' is clicked on

21-10-2025T19:28:31 - [TEST_STEP][PASSED] - delay(5): Delayed 5 second(s)

21-10-2025T19:28:36 - [MESSAGE][PASSED] - Delayed 5 second(s)

21-10-2025T19:28:36 - [TEST_STEP][PASSED] - verifyElementPresent(findTestObject("Object Repository/DES/Page_data-exchange/h3_Load Tender (LT)"), 30): Object 'Object Repository/DES/Page_data-exchange/h3_Load Tender (LT)' is present

21-10-2025T19:28:36 - [MESSAGE][PASSED] - Object 'Object Repository/DES/Page_data-exchange/h3_Load Tender (LT)' is present

21-10-2025T19:28:36 - [TEST_STEP][PASSED] - click(findTestObject("Object Repository/DES/Page_data-exchange/button_Add Transmission")): Object: 'Object Repository/DES/Page_data-exchange/button_Add Transmission' is clicked on

21-10-2025T19:28:36 - [MESSAGE][PASSED] - Object: 'Object Repository/DES/Page_data-exchange/button_Add Transmission' is clicked on

21-10-2025T19:28:36 - [TEST_STEP][PASSED] - delay(5): Delayed 5 second(s)

21-10-2025T19:28:41 - [MESSAGE][PASSED] - Delayed 5 second(s)

21-10-2025T19:28:41 - [TEST_STEP][PASSED] - selectOptionByIndex(findTestObject("Object Repository/DES/Page_data-exchange/select_Select.EmailFile Transfer ProtocolNe_92efe9"), "3", STOP_ON_FAILURE): All options with index in [3] are selected on object 'Object Repository/DES/Page_data-exchange/select_Select.EmailFile Transfer ProtocolNe_92efe9'

21-10-2025T19:28:41 - [MESSAGE][PASSED] - All options with index in [3] are selected on object 'Object Repository/DES/Page_data-exchange/select_Select.EmailFile Transfer ProtocolNe_92efe9'

21-10-2025T19:28:41 - [TEST_STEP][PASSED] - delay(1): Delayed 1 second(s)

21-10-2025T19:28:42 - [MESSAGE][PASSED] - Delayed 1 second(s)

21-10-2025T19:28:42 - [TEST_STEP][PASSED] - selectOptionByIndex(findTestObject("DES/Trading Partners Page/Subscription/Transmission/Data Format_dropdown"), "1", STOP_ON_FAILURE): All options with index in [1] are selected on object 'Object Repository/DES/Trading Partners Page/Subscription/Transmission/Data Format_dropdown'

21-10-2025T19:28:42 - [MESSAGE][PASSED] - All options with index in [1] are selected on object 'Object Repository/DES/Trading Partners Page/Subscription/Transmission/Data Format_dropdown'

21-10-2025T19:28:42 - [TEST_STEP][PASSED] - delay(1): Delayed 1 second(s)

21-10-2025T19:28:43 - [MESSAGE][PASSED] - Delayed 1 second(s)

21-10-2025T19:28:43 - [TEST_STEP][PASSED] - selectOptionByIndex(findTestObject("Object Repository/DES/Page_data-exchange/select_Select.Adobe PDF (pdf)Text Document _99c46b"), "1", STOP_ON_FAILURE): All options with index in [1] are selected on object 'Object Repository/DES/Page_data-exchange/select_Select.Adobe PDF (pdf)Text Document _99c46b'

21-10-2025T19:28:43 - [MESSAGE][PASSED] - All options with index in [1] are selected on object 'Object Repository/DES/Page_data-exchange/select_Select.Adobe PDF (pdf)Text Document _99c46b'

21-10-2025T19:28:43 - [TEST_STEP][PASSED] - delay(3): Delayed 3 second(s)

21-10-2025T19:28:46 - [MESSAGE][PASSED] - Delayed 3 second(s)

21-10-2025T19:28:46 - [TEST_STEP][PASSED] - verifyTextNotPresent("Accelerate Mapping", false): Text 'Accelerate Mapping' is not present on page

21-10-2025T19:28:46 - [MESSAGE][PASSED] - Text 'Accelerate Mapping' is not present on page

21-10-2025T19:28:46 - [TEST_STEP][PASSED] - verifyElementNotPresent(findTestObject("DES/Trading Partners Page/Subscription/Transmission/Format Details/Accelerate_Mapping_LT_Yes_btn"), 5): Web element with id: 'Object Repository/DES/Trading Partners Page/Subscription/Transmission/Format Details/Accelerate_Mapping_LT_Yes_btn' located by 'By.xpath: /html/body/div/div/div[2]/div[2]/div/div/div/div/div/div/div[3]/div[2]/div[1]/div/div/div/div[4]/div/div/div[2]/div/div/div[1]/label' is not present after '5' second(s)

21-10-2025T19:28:46 - [MESSAGE][PASSED] - Web element with id: 'Object Repository/DES/Trading Partners Page/Subscription/Transmission/Format Details/Accelerate_Mapping_LT_Yes_btn' located by 'By.xpath: /html/body/div/div/div[2]/div[2]/div/div/div/div/div/div/div[3]/div[2]/div[1]/div/div/div/div[4]/div/div/div[2]/div/div/div[1]/label' is not present after '5' second(s)

21-10-2025T19:28:46 - [TEST_STEP][PASSED] - verifyElementNotPresent(findTestObject("DES/Trading Partners Page/Subscription/Transmission/Format Details/Accelerate_Mapping_LT_No_btn"), 5): Web element with id: 'Object Repository/DES/Trading Partners Page/Subscription/Transmission/Format Details/Accelerate_Mapping_LT_No_btn' located by 'By.xpath: /html/body/div/div/div[2]/div[2]/div/div/div/div/div/div/div[3]/div[2]/div[1]/div/div/div/div[4]/div/div/div[2]/div/div/div[2]/label' is not present after '5' second(s)

21-10-2025T19:28:46 - [MESSAGE][PASSED] - Web element with id: 'Object Repository/DES/Trading Partners Page/Subscription/Transmission/Format Details/Accelerate_Mapping_LT_No_btn' located by 'By.xpath: /html/body/div/div/div[2]/div[2]/div/div/div/div/div/div/div[3]/div[2]/div[1]/div/div/div/div[4]/div/div/div[2]/div/div/div[2]/label' is not present after '5' second(s)

21-10-2025T19:28:46 - [TEST_STEP][PASSED] - Start listener action : retryOnDisconnect: null

21-10-2025T19:28:46 - [TEST_STEP][PASSED] - tcId = testCaseContext.getTestCaseId(): null

21-10-2025T19:28:46 - [TEST_STEP][PASSED] - currentRetry = retryCounts.getOrDefault(tcId, 0): null

21-10-2025T19:28:46 - [TEST_STEP][PASSED] - if (testCaseContext.getTestCaseStatus() == "FAILED" && currentRetry < MAX_RETRIES): null]]></system-out>
         <system-err><![CDATA[]]></system-err>
      </testcase>
      <testcase name="Test Cases/DES/Trading Partners Page/Subscription/Transmission/Verify Accelerate Mapping Option Does Not Display For Inbound FA Transmission" time="58.755" classname="Test Cases/DES/Trading Partners Page/Subscription/Transmission/Verify Accelerate Mapping Option Does Not Display For Inbound FA Transmission" status="PASSED">
         <system-out><![CDATA[21-10-2025T19:28:46 - [TEST_CASE][PASSED] - Test Cases/DES/Trading Partners Page/Subscription/Transmission/Verify Accelerate Mapping Option Does Not Display For Inbound FA Transmission: Test Cases/DES/Trading Partners Page/Subscription/Transmission/Verify Accelerate Mapping Option Does Not Display For Inbound FA Transmission

21-10-2025T19:28:46 - [TEST_STEP][PASSED] - Start listener action : beforeTestCase: null

21-10-2025T19:28:46 - [TEST_STEP][PASSED] - addDefaultPackages(): null

21-10-2025T19:28:46 - [TEST_STEP][PASSED] - callTestCase(findTestCase("DES/DES Login"), [:], STOP_ON_FAILURE): Call Test Case 'Test Cases/DES/DES Login' successfully

21-10-2025T19:28:46 - [TEST_CASE][PASSED] - Test Cases/DES/DES Login: Test Cases/DES/DES Login

21-10-2025T19:28:46 - [TEST_STEP][PASSED] - openBrowser(""): Browser is opened with url: ''

21-10-2025T19:28:46 - [MESSAGE][WARNING] - A browser is already opened. Closing browser and opening a new one

21-10-2025T19:28:47 - [MESSAGE][INFO] - Starting 'Chrome' driver

21-10-2025T19:28:47 - [MESSAGE][INFO] - User set preference: ['args', '[--no-sandbox, --disable-gpu, --disable-dev-shm-usage]']

21-10-2025T19:28:47 - [MESSAGE][INFO] - Action delay is set to 0 milliseconds

21-10-2025T19:28:47 - [MESSAGE][PASSED] - Browser is opened with url: ''

21-10-2025T19:28:47 - [TEST_STEP][PASSED] - maximizeWindow(): Current window maximized

21-10-2025T19:28:47 - [MESSAGE][PASSED] - Current window maximized

21-10-2025T19:28:47 - [TEST_STEP][PASSED] - delay(10): Delayed 10 second(s)

21-10-2025T19:28:57 - [MESSAGE][PASSED] - Delayed 10 second(s)

21-10-2025T19:28:57 - [TEST_STEP][PASSED] - navigateToUrl("https://dx-portal.qa.thekag.com/"): Navigate to 'https://dx-portal.qa.thekag.com/' successfully

21-10-2025T19:28:58 - [MESSAGE][PASSED] - Navigate to 'https://dx-portal.qa.thekag.com/' successfully

21-10-2025T19:28:58 - [TEST_STEP][PASSED] - delay(5): Delayed 5 second(s)

21-10-2025T19:29:03 - [MESSAGE][PASSED] - Delayed 5 second(s)

21-10-2025T19:29:03 - [TEST_STEP][PASSED] - setText(findTestObject("Object Repository/Page_IdentityServer4/input_Username (e.g. email address)_Username"), "Chris.Sheldon+DES_QA@Thekag.com"): Text 'Chris.Sheldon+DES_QA@Thekag.com' is set on object 'Object Repository/Page_IdentityServer4/input_Username (e.g. email address)_Username'

21-10-2025T19:29:03 - [MESSAGE][PASSED] - Text 'Chris.Sheldon+DES_QA@Thekag.com' is set on object 'Object Repository/Page_IdentityServer4/input_Username (e.g. email address)_Username'

21-10-2025T19:29:03 - [TEST_STEP][PASSED] - setEncryptedText(findTestObject("Page_IdentityServer4/input_Password_Password"), "BtpyPJuZxPz9EFo3Zi2c4Q=="): Text ****** has been set on object 'Object Repository/Page_IdentityServer4/input_Password_Password'

21-10-2025T19:29:03 - [MESSAGE][PASSED] - Text ****** has been set on object 'Object Repository/Page_IdentityServer4/input_Password_Password'

21-10-2025T19:29:03 - [TEST_STEP][PASSED] - click(findTestObject("Object Repository/Page_IdentityServer4/button_Login")): Object: 'Object Repository/Page_IdentityServer4/button_Login' is clicked on

21-10-2025T19:29:03 - [MESSAGE][PASSED] - Object: 'Object Repository/Page_IdentityServer4/button_Login' is clicked on

21-10-2025T19:29:03 - [TEST_STEP][PASSED] - delay(5): Delayed 5 second(s)

21-10-2025T19:29:08 - [MESSAGE][PASSED] - Delayed 5 second(s)

21-10-2025T19:29:08 - [MESSAGE][PASSED] - Call Test Case 'Test Cases/DES/DES Login' successfully

21-10-2025T19:29:08 - [TEST_STEP][PASSED] - setText(findTestObject("Object Repository/DES/Trading Partners Page/Search Trading Partner_input_txt"), "Katalon Trading"): Text 'Katalon Trading' is set on object 'Object Repository/DES/Trading Partners Page/Search Trading Partner_input_txt'

21-10-2025T19:29:09 - [MESSAGE][PASSED] - Text 'Katalon Trading' is set on object 'Object Repository/DES/Trading Partners Page/Search Trading Partner_input_txt'

21-10-2025T19:29:09 - [TEST_STEP][PASSED] - delay(5): Delayed 5 second(s)

21-10-2025T19:29:14 - [MESSAGE][PASSED] - Delayed 5 second(s)

21-10-2025T19:29:14 - [TEST_STEP][PASSED] - click(findTestObject("Object Repository/DES/Page_data-exchange/button_View")): Object: 'Object Repository/DES/Page_data-exchange/button_View' is clicked on

21-10-2025T19:29:14 - [MESSAGE][PASSED] - Object: 'Object Repository/DES/Page_data-exchange/button_View' is clicked on

21-10-2025T19:29:14 - [TEST_STEP][PASSED] - delay(5): Delayed 5 second(s)

21-10-2025T19:29:19 - [MESSAGE][PASSED] - Delayed 5 second(s)

21-10-2025T19:29:19 - [TEST_STEP][PASSED] - click(findTestObject("DES/TradingPartners/Subscription/Subscription Tab")): Object: 'Object Repository/DES/TradingPartners/Subscription/Subscription Tab' is clicked on

21-10-2025T19:29:19 - [MESSAGE][PASSED] - Object: 'Object Repository/DES/TradingPartners/Subscription/Subscription Tab' is clicked on

21-10-2025T19:29:19 - [TEST_STEP][PASSED] - delay(3): Delayed 3 second(s)

21-10-2025T19:29:22 - [MESSAGE][PASSED] - Delayed 3 second(s)

21-10-2025T19:29:22 - [TEST_STEP][PASSED] - click(findTestObject("Object Repository/Page_data-exchange/button_Add Subscription")): Object: 'Object Repository/Page_data-exchange/button_Add Subscription' is clicked on

21-10-2025T19:29:22 - [MESSAGE][PASSED] - Object: 'Object Repository/Page_data-exchange/button_Add Subscription' is clicked on

21-10-2025T19:29:22 - [TEST_STEP][PASSED] - delay(5): Delayed 5 second(s)

21-10-2025T19:29:27 - [MESSAGE][PASSED] - Delayed 5 second(s)

21-10-2025T19:29:27 - [TEST_STEP][PASSED] - selectOptionByIndex(findTestObject("Object Repository/DES/Page_data-exchange/select_Select a Transaction TypeFinancial D_642f55"), "5", STOP_ON_FAILURE): All options with index in [5] are selected on object 'Object Repository/DES/Page_data-exchange/select_Select a Transaction TypeFinancial D_642f55'

21-10-2025T19:29:27 - [MESSAGE][PASSED] - All options with index in [5] are selected on object 'Object Repository/DES/Page_data-exchange/select_Select a Transaction TypeFinancial D_642f55'

21-10-2025T19:29:27 - [TEST_STEP][PASSED] - delay(1): Delayed 1 second(s)

21-10-2025T19:29:28 - [MESSAGE][PASSED] - Delayed 1 second(s)

21-10-2025T19:29:28 - [TEST_STEP][PASSED] - selectOptionByIndex(findTestObject("Object Repository/DES/Page_data-exchange/select_Select.Inbound"), "1", STOP_ON_FAILURE): All options with index in [1] are selected on object 'Object Repository/DES/Page_data-exchange/select_Select.Inbound'

21-10-2025T19:29:28 - [MESSAGE][PASSED] - All options with index in [1] are selected on object 'Object Repository/DES/Page_data-exchange/select_Select.Inbound'

21-10-2025T19:29:28 - [TEST_STEP][PASSED] - delay(1): Delayed 1 second(s)

21-10-2025T19:29:29 - [MESSAGE][PASSED] - Delayed 1 second(s)

21-10-2025T19:29:29 - [TEST_STEP][PASSED] - click(findTestObject("Object Repository/DES/Page_data-exchange/button_Save")): Object: 'Object Repository/DES/Page_data-exchange/button_Save' is clicked on

21-10-2025T19:29:30 - [MESSAGE][PASSED] - Object: 'Object Repository/DES/Page_data-exchange/button_Save' is clicked on

21-10-2025T19:29:30 - [TEST_STEP][PASSED] - delay(5): Delayed 5 second(s)

21-10-2025T19:29:35 - [MESSAGE][PASSED] - Delayed 5 second(s)

21-10-2025T19:29:35 - [TEST_STEP][PASSED] - verifyElementPresent(findTestObject("Object Repository/DES/Page_data-exchange/h3_Load Tender (LT)"), 30): Object 'Object Repository/DES/Page_data-exchange/h3_Load Tender (LT)' is present

21-10-2025T19:29:35 - [MESSAGE][PASSED] - Object 'Object Repository/DES/Page_data-exchange/h3_Load Tender (LT)' is present

21-10-2025T19:29:35 - [TEST_STEP][PASSED] - click(findTestObject("Object Repository/DES/Page_data-exchange/button_Add Transmission")): Object: 'Object Repository/DES/Page_data-exchange/button_Add Transmission' is clicked on

21-10-2025T19:29:35 - [MESSAGE][PASSED] - Object: 'Object Repository/DES/Page_data-exchange/button_Add Transmission' is clicked on

21-10-2025T19:29:35 - [TEST_STEP][PASSED] - delay(5): Delayed 5 second(s)

21-10-2025T19:29:40 - [MESSAGE][PASSED] - Delayed 5 second(s)

21-10-2025T19:29:40 - [TEST_STEP][PASSED] - selectOptionByIndex(findTestObject("Object Repository/DES/Page_data-exchange/select_Select.EmailFile Transfer ProtocolNe_92efe9"), "3", STOP_ON_FAILURE): All options with index in [3] are selected on object 'Object Repository/DES/Page_data-exchange/select_Select.EmailFile Transfer ProtocolNe_92efe9'

21-10-2025T19:29:40 - [MESSAGE][PASSED] - All options with index in [3] are selected on object 'Object Repository/DES/Page_data-exchange/select_Select.EmailFile Transfer ProtocolNe_92efe9'

21-10-2025T19:29:40 - [TEST_STEP][PASSED] - delay(1): Delayed 1 second(s)

21-10-2025T19:29:41 - [MESSAGE][PASSED] - Delayed 1 second(s)

21-10-2025T19:29:41 - [TEST_STEP][PASSED] - selectOptionByIndex(findTestObject("DES/Trading Partners Page/Subscription/Transmission/Data Format_dropdown"), "1", STOP_ON_FAILURE): All options with index in [1] are selected on object 'Object Repository/DES/Trading Partners Page/Subscription/Transmission/Data Format_dropdown'

21-10-2025T19:29:41 - [MESSAGE][PASSED] - All options with index in [1] are selected on object 'Object Repository/DES/Trading Partners Page/Subscription/Transmission/Data Format_dropdown'

21-10-2025T19:29:41 - [TEST_STEP][PASSED] - delay(1): Delayed 1 second(s)

21-10-2025T19:29:42 - [MESSAGE][PASSED] - Delayed 1 second(s)

21-10-2025T19:29:42 - [TEST_STEP][PASSED] - selectOptionByIndex(findTestObject("Object Repository/DES/Page_data-exchange/select_Select.Adobe PDF (pdf)Text Document _99c46b"), "1", STOP_ON_FAILURE): All options with index in [1] are selected on object 'Object Repository/DES/Page_data-exchange/select_Select.Adobe PDF (pdf)Text Document _99c46b'

21-10-2025T19:29:42 - [MESSAGE][PASSED] - All options with index in [1] are selected on object 'Object Repository/DES/Page_data-exchange/select_Select.Adobe PDF (pdf)Text Document _99c46b'

21-10-2025T19:29:42 - [TEST_STEP][PASSED] - delay(3): Delayed 3 second(s)

21-10-2025T19:29:45 - [MESSAGE][PASSED] - Delayed 3 second(s)

21-10-2025T19:29:45 - [TEST_STEP][PASSED] - verifyTextNotPresent("Accelerate Mapping", false): Text 'Accelerate Mapping' is not present on page

21-10-2025T19:29:45 - [MESSAGE][PASSED] - Text 'Accelerate Mapping' is not present on page

21-10-2025T19:29:45 - [TEST_STEP][PASSED] - verifyElementNotPresent(findTestObject("DES/Trading Partners Page/Subscription/Transmission/Format Details/Accelerate_Mapping_LT_Yes_btn"), 5): Web element with id: 'Object Repository/DES/Trading Partners Page/Subscription/Transmission/Format Details/Accelerate_Mapping_LT_Yes_btn' located by 'By.xpath: /html/body/div/div/div[2]/div[2]/div/div/div/div/div/div/div[3]/div[2]/div[1]/div/div/div/div[4]/div/div/div[2]/div/div/div[1]/label' is not present after '5' second(s)

21-10-2025T19:29:45 - [MESSAGE][PASSED] - Web element with id: 'Object Repository/DES/Trading Partners Page/Subscription/Transmission/Format Details/Accelerate_Mapping_LT_Yes_btn' located by 'By.xpath: /html/body/div/div/div[2]/div[2]/div/div/div/div/div/div/div[3]/div[2]/div[1]/div/div/div/div[4]/div/div/div[2]/div/div/div[1]/label' is not present after '5' second(s)

21-10-2025T19:29:45 - [TEST_STEP][PASSED] - verifyElementNotPresent(findTestObject("DES/Trading Partners Page/Subscription/Transmission/Format Details/Accelerate_Mapping_LT_No_btn"), 5): Web element with id: 'Object Repository/DES/Trading Partners Page/Subscription/Transmission/Format Details/Accelerate_Mapping_LT_No_btn' located by 'By.xpath: /html/body/div/div/div[2]/div[2]/div/div/div/div/div/div/div[3]/div[2]/div[1]/div/div/div/div[4]/div/div/div[2]/div/div/div[2]/label' is not present after '5' second(s)

21-10-2025T19:29:45 - [MESSAGE][PASSED] - Web element with id: 'Object Repository/DES/Trading Partners Page/Subscription/Transmission/Format Details/Accelerate_Mapping_LT_No_btn' located by 'By.xpath: /html/body/div/div/div[2]/div[2]/div/div/div/div/div/div/div[3]/div[2]/div[1]/div/div/div/div[4]/div/div/div[2]/div/div/div[2]/label' is not present after '5' second(s)

21-10-2025T19:29:45 - [TEST_STEP][PASSED] - Start listener action : retryOnDisconnect: null

21-10-2025T19:29:45 - [TEST_STEP][PASSED] - tcId = testCaseContext.getTestCaseId(): null

21-10-2025T19:29:45 - [TEST_STEP][PASSED] - currentRetry = retryCounts.getOrDefault(tcId, 0): null

21-10-2025T19:29:45 - [TEST_STEP][PASSED] - if (testCaseContext.getTestCaseStatus() == "FAILED" && currentRetry < MAX_RETRIES): null]]></system-out>
         <system-err><![CDATA[]]></system-err>
      </testcase>
      <testcase name="Test Cases/DES/Trading Partners Page/Subscription/Transmission/Verify Accelerate Mapping Option Does Not Display For Inbound FIN-ACC Transmission" time="58.912" classname="Test Cases/DES/Trading Partners Page/Subscription/Transmission/Verify Accelerate Mapping Option Does Not Display For Inbound FIN-ACC Transmission" status="PASSED">
         <system-out><![CDATA[21-10-2025T19:29:45 - [TEST_CASE][PASSED] - Test Cases/DES/Trading Partners Page/Subscription/Transmission/Verify Accelerate Mapping Option Does Not Display For Inbound FIN-ACC Transmission: Test Cases/DES/Trading Partners Page/Subscription/Transmission/Verify Accelerate Mapping Option Does Not Display For Inbound FIN-ACC Transmission

21-10-2025T19:29:45 - [TEST_STEP][PASSED] - Start listener action : beforeTestCase: null

21-10-2025T19:29:45 - [TEST_STEP][PASSED] - addDefaultPackages(): null

21-10-2025T19:29:45 - [TEST_STEP][PASSED] - callTestCase(findTestCase("DES/DES Login"), [:], STOP_ON_FAILURE): Call Test Case 'Test Cases/DES/DES Login' successfully

21-10-2025T19:29:45 - [TEST_CASE][PASSED] - Test Cases/DES/DES Login: Test Cases/DES/DES Login

21-10-2025T19:29:45 - [TEST_STEP][PASSED] - openBrowser(""): Browser is opened with url: ''

21-10-2025T19:29:45 - [MESSAGE][WARNING] - A browser is already opened. Closing browser and opening a new one

21-10-2025T19:29:45 - [MESSAGE][INFO] - Starting 'Chrome' driver

21-10-2025T19:29:45 - [MESSAGE][INFO] - User set preference: ['args', '[--no-sandbox, --disable-gpu, --disable-dev-shm-usage]']

21-10-2025T19:29:45 - [MESSAGE][INFO] - Action delay is set to 0 milliseconds

21-10-2025T19:29:46 - [MESSAGE][PASSED] - Browser is opened with url: ''

21-10-2025T19:29:46 - [TEST_STEP][PASSED] - maximizeWindow(): Current window maximized

21-10-2025T19:29:46 - [MESSAGE][PASSED] - Current window maximized

21-10-2025T19:29:46 - [TEST_STEP][PASSED] - delay(10): Delayed 10 second(s)

21-10-2025T19:29:56 - [MESSAGE][PASSED] - Delayed 10 second(s)

21-10-2025T19:29:56 - [TEST_STEP][PASSED] - navigateToUrl("https://dx-portal.qa.thekag.com/"): Navigate to 'https://dx-portal.qa.thekag.com/' successfully

21-10-2025T19:29:57 - [MESSAGE][PASSED] - Navigate to 'https://dx-portal.qa.thekag.com/' successfully

21-10-2025T19:29:57 - [TEST_STEP][PASSED] - delay(5): Delayed 5 second(s)

21-10-2025T19:30:02 - [MESSAGE][PASSED] - Delayed 5 second(s)

21-10-2025T19:30:02 - [TEST_STEP][PASSED] - setText(findTestObject("Object Repository/Page_IdentityServer4/input_Username (e.g. email address)_Username"), "Chris.Sheldon+DES_QA@Thekag.com"): Text 'Chris.Sheldon+DES_QA@Thekag.com' is set on object 'Object Repository/Page_IdentityServer4/input_Username (e.g. email address)_Username'

21-10-2025T19:30:02 - [MESSAGE][PASSED] - Text 'Chris.Sheldon+DES_QA@Thekag.com' is set on object 'Object Repository/Page_IdentityServer4/input_Username (e.g. email address)_Username'

21-10-2025T19:30:02 - [TEST_STEP][PASSED] - setEncryptedText(findTestObject("Page_IdentityServer4/input_Password_Password"), "BtpyPJuZxPz9EFo3Zi2c4Q=="): Text ****** has been set on object 'Object Repository/Page_IdentityServer4/input_Password_Password'

21-10-2025T19:30:02 - [MESSAGE][PASSED] - Text ****** has been set on object 'Object Repository/Page_IdentityServer4/input_Password_Password'

21-10-2025T19:30:02 - [TEST_STEP][PASSED] - click(findTestObject("Object Repository/Page_IdentityServer4/button_Login")): Object: 'Object Repository/Page_IdentityServer4/button_Login' is clicked on

21-10-2025T19:30:02 - [MESSAGE][PASSED] - Object: 'Object Repository/Page_IdentityServer4/button_Login' is clicked on

21-10-2025T19:30:02 - [TEST_STEP][PASSED] - delay(5): Delayed 5 second(s)

21-10-2025T19:30:07 - [MESSAGE][PASSED] - Delayed 5 second(s)

21-10-2025T19:30:07 - [MESSAGE][PASSED] - Call Test Case 'Test Cases/DES/DES Login' successfully

21-10-2025T19:30:07 - [TEST_STEP][PASSED] - setText(findTestObject("Object Repository/DES/Trading Partners Page/Search Trading Partner_input_txt"), "Katalon Trading"): Text 'Katalon Trading' is set on object 'Object Repository/DES/Trading Partners Page/Search Trading Partner_input_txt'

21-10-2025T19:30:08 - [MESSAGE][PASSED] - Text 'Katalon Trading' is set on object 'Object Repository/DES/Trading Partners Page/Search Trading Partner_input_txt'

21-10-2025T19:30:08 - [TEST_STEP][PASSED] - delay(5): Delayed 5 second(s)

21-10-2025T19:30:13 - [MESSAGE][PASSED] - Delayed 5 second(s)

21-10-2025T19:30:13 - [TEST_STEP][PASSED] - click(findTestObject("Object Repository/DES/Page_data-exchange/button_View")): Object: 'Object Repository/DES/Page_data-exchange/button_View' is clicked on

21-10-2025T19:30:13 - [MESSAGE][PASSED] - Object: 'Object Repository/DES/Page_data-exchange/button_View' is clicked on

21-10-2025T19:30:13 - [TEST_STEP][PASSED] - delay(5): Delayed 5 second(s)

21-10-2025T19:30:18 - [MESSAGE][PASSED] - Delayed 5 second(s)

21-10-2025T19:30:18 - [TEST_STEP][PASSED] - click(findTestObject("DES/TradingPartners/Subscription/Subscription Tab")): Object: 'Object Repository/DES/TradingPartners/Subscription/Subscription Tab' is clicked on

21-10-2025T19:30:18 - [MESSAGE][PASSED] - Object: 'Object Repository/DES/TradingPartners/Subscription/Subscription Tab' is clicked on

21-10-2025T19:30:18 - [TEST_STEP][PASSED] - delay(3): Delayed 3 second(s)

21-10-2025T19:30:21 - [MESSAGE][PASSED] - Delayed 3 second(s)

21-10-2025T19:30:21 - [TEST_STEP][PASSED] - click(findTestObject("Object Repository/Page_data-exchange/button_Add Subscription")): Object: 'Object Repository/Page_data-exchange/button_Add Subscription' is clicked on

21-10-2025T19:30:21 - [MESSAGE][PASSED] - Object: 'Object Repository/Page_data-exchange/button_Add Subscription' is clicked on

21-10-2025T19:30:21 - [TEST_STEP][PASSED] - delay(5): Delayed 5 second(s)

21-10-2025T19:30:26 - [MESSAGE][PASSED] - Delayed 5 second(s)

21-10-2025T19:30:26 - [TEST_STEP][PASSED] - selectOptionByIndex(findTestObject("Object Repository/DES/Page_data-exchange/select_Select a Transaction TypeFinancial D_642f55"), "3", STOP_ON_FAILURE): All options with index in [3] are selected on object 'Object Repository/DES/Page_data-exchange/select_Select a Transaction TypeFinancial D_642f55'

21-10-2025T19:30:26 - [MESSAGE][PASSED] - All options with index in [3] are selected on object 'Object Repository/DES/Page_data-exchange/select_Select a Transaction TypeFinancial D_642f55'

21-10-2025T19:30:26 - [TEST_STEP][PASSED] - delay(1): Delayed 1 second(s)

21-10-2025T19:30:27 - [MESSAGE][PASSED] - Delayed 1 second(s)

21-10-2025T19:30:27 - [TEST_STEP][PASSED] - selectOptionByIndex(findTestObject("Object Repository/DES/Page_data-exchange/select_Select.Inbound"), "1", STOP_ON_FAILURE): All options with index in [1] are selected on object 'Object Repository/DES/Page_data-exchange/select_Select.Inbound'

21-10-2025T19:30:27 - [MESSAGE][PASSED] - All options with index in [1] are selected on object 'Object Repository/DES/Page_data-exchange/select_Select.Inbound'

21-10-2025T19:30:27 - [TEST_STEP][PASSED] - delay(1): Delayed 1 second(s)

21-10-2025T19:30:28 - [MESSAGE][PASSED] - Delayed 1 second(s)

21-10-2025T19:30:28 - [TEST_STEP][PASSED] - click(findTestObject("Object Repository/DES/Page_data-exchange/button_Save")): Object: 'Object Repository/DES/Page_data-exchange/button_Save' is clicked on

21-10-2025T19:30:28 - [MESSAGE][PASSED] - Object: 'Object Repository/DES/Page_data-exchange/button_Save' is clicked on

21-10-2025T19:30:28 - [TEST_STEP][PASSED] - delay(5): Delayed 5 second(s)

21-10-2025T19:30:33 - [MESSAGE][PASSED] - Delayed 5 second(s)

21-10-2025T19:30:33 - [TEST_STEP][PASSED] - verifyElementPresent(findTestObject("Object Repository/DES/Page_data-exchange/h3_Load Tender (LT)"), 30): Object 'Object Repository/DES/Page_data-exchange/h3_Load Tender (LT)' is present

21-10-2025T19:30:33 - [MESSAGE][PASSED] - Object 'Object Repository/DES/Page_data-exchange/h3_Load Tender (LT)' is present

21-10-2025T19:30:33 - [TEST_STEP][PASSED] - click(findTestObject("Object Repository/DES/Page_data-exchange/button_Add Transmission")): Object: 'Object Repository/DES/Page_data-exchange/button_Add Transmission' is clicked on

21-10-2025T19:30:33 - [MESSAGE][PASSED] - Object: 'Object Repository/DES/Page_data-exchange/button_Add Transmission' is clicked on

21-10-2025T19:30:33 - [TEST_STEP][PASSED] - delay(5): Delayed 5 second(s)

21-10-2025T19:30:38 - [MESSAGE][PASSED] - Delayed 5 second(s)

21-10-2025T19:30:38 - [TEST_STEP][PASSED] - selectOptionByIndex(findTestObject("Object Repository/DES/Page_data-exchange/select_Select.EmailFile Transfer ProtocolNe_92efe9"), "3", STOP_ON_FAILURE): All options with index in [3] are selected on object 'Object Repository/DES/Page_data-exchange/select_Select.EmailFile Transfer ProtocolNe_92efe9'

21-10-2025T19:30:39 - [MESSAGE][PASSED] - All options with index in [3] are selected on object 'Object Repository/DES/Page_data-exchange/select_Select.EmailFile Transfer ProtocolNe_92efe9'

21-10-2025T19:30:39 - [TEST_STEP][PASSED] - delay(1): Delayed 1 second(s)

21-10-2025T19:30:40 - [MESSAGE][PASSED] - Delayed 1 second(s)

21-10-2025T19:30:40 - [TEST_STEP][PASSED] - selectOptionByIndex(findTestObject("DES/Trading Partners Page/Subscription/Transmission/Data Format_dropdown"), "1", STOP_ON_FAILURE): All options with index in [1] are selected on object 'Object Repository/DES/Trading Partners Page/Subscription/Transmission/Data Format_dropdown'

21-10-2025T19:30:40 - [MESSAGE][PASSED] - All options with index in [1] are selected on object 'Object Repository/DES/Trading Partners Page/Subscription/Transmission/Data Format_dropdown'

21-10-2025T19:30:40 - [TEST_STEP][PASSED] - delay(1): Delayed 1 second(s)

21-10-2025T19:30:41 - [MESSAGE][PASSED] - Delayed 1 second(s)

21-10-2025T19:30:41 - [TEST_STEP][PASSED] - selectOptionByIndex(findTestObject("Object Repository/DES/Page_data-exchange/select_Select.Adobe PDF (pdf)Text Document _99c46b"), "1", STOP_ON_FAILURE): All options with index in [1] are selected on object 'Object Repository/DES/Page_data-exchange/select_Select.Adobe PDF (pdf)Text Document _99c46b'

21-10-2025T19:30:41 - [MESSAGE][PASSED] - All options with index in [1] are selected on object 'Object Repository/DES/Page_data-exchange/select_Select.Adobe PDF (pdf)Text Document _99c46b'

21-10-2025T19:30:41 - [TEST_STEP][PASSED] - delay(3): Delayed 3 second(s)

21-10-2025T19:30:44 - [MESSAGE][PASSED] - Delayed 3 second(s)

21-10-2025T19:30:44 - [TEST_STEP][PASSED] - verifyTextNotPresent("Accelerate Mapping", false): Text 'Accelerate Mapping' is not present on page

21-10-2025T19:30:44 - [MESSAGE][PASSED] - Text 'Accelerate Mapping' is not present on page

21-10-2025T19:30:44 - [TEST_STEP][PASSED] - verifyElementNotPresent(findTestObject("DES/Trading Partners Page/Subscription/Transmission/Format Details/Accelerate_Mapping_LT_Yes_btn"), 5): Web element with id: 'Object Repository/DES/Trading Partners Page/Subscription/Transmission/Format Details/Accelerate_Mapping_LT_Yes_btn' located by 'By.xpath: /html/body/div/div/div[2]/div[2]/div/div/div/div/div/div/div[3]/div[2]/div[1]/div/div/div/div[4]/div/div/div[2]/div/div/div[1]/label' is not present after '5' second(s)

21-10-2025T19:30:44 - [MESSAGE][PASSED] - Web element with id: 'Object Repository/DES/Trading Partners Page/Subscription/Transmission/Format Details/Accelerate_Mapping_LT_Yes_btn' located by 'By.xpath: /html/body/div/div/div[2]/div[2]/div/div/div/div/div/div/div[3]/div[2]/div[1]/div/div/div/div[4]/div/div/div[2]/div/div/div[1]/label' is not present after '5' second(s)

21-10-2025T19:30:44 - [TEST_STEP][PASSED] - verifyElementNotPresent(findTestObject("DES/Trading Partners Page/Subscription/Transmission/Format Details/Accelerate_Mapping_LT_No_btn"), 5): Web element with id: 'Object Repository/DES/Trading Partners Page/Subscription/Transmission/Format Details/Accelerate_Mapping_LT_No_btn' located by 'By.xpath: /html/body/div/div/div[2]/div[2]/div/div/div/div/div/div/div[3]/div[2]/div[1]/div/div/div/div[4]/div/div/div[2]/div/div/div[2]/label' is not present after '5' second(s)

21-10-2025T19:30:44 - [MESSAGE][PASSED] - Web element with id: 'Object Repository/DES/Trading Partners Page/Subscription/Transmission/Format Details/Accelerate_Mapping_LT_No_btn' located by 'By.xpath: /html/body/div/div/div[2]/div[2]/div/div/div/div/div/div/div[3]/div[2]/div[1]/div/div/div/div[4]/div/div/div[2]/div/div/div[2]/label' is not present after '5' second(s)

21-10-2025T19:30:44 - [TEST_STEP][PASSED] - Start listener action : retryOnDisconnect: null

21-10-2025T19:30:44 - [TEST_STEP][PASSED] - tcId = testCaseContext.getTestCaseId(): null

21-10-2025T19:30:44 - [TEST_STEP][PASSED] - currentRetry = retryCounts.getOrDefault(tcId, 0): null

21-10-2025T19:30:44 - [TEST_STEP][PASSED] - if (testCaseContext.getTestCaseStatus() == "FAILED" && currentRetry < MAX_RETRIES): null]]></system-out>
         <system-err><![CDATA[]]></system-err>
      </testcase>
      <testcase name="Test Cases/DES/Trading Partners Page/Subscription/Transmission/Verify Accelerate Mapping Option Does Not Display For Inbound FIN-INV Transmission" time="58.673" classname="Test Cases/DES/Trading Partners Page/Subscription/Transmission/Verify Accelerate Mapping Option Does Not Display For Inbound FIN-INV Transmission" status="PASSED">
         <system-out><![CDATA[21-10-2025T19:30:44 - [TEST_CASE][PASSED] - Test Cases/DES/Trading Partners Page/Subscription/Transmission/Verify Accelerate Mapping Option Does Not Display For Inbound FIN-INV Transmission: Test Cases/DES/Trading Partners Page/Subscription/Transmission/Verify Accelerate Mapping Option Does Not Display For Inbound FIN-INV Transmission

21-10-2025T19:30:44 - [TEST_STEP][PASSED] - Start listener action : beforeTestCase: null

21-10-2025T19:30:44 - [TEST_STEP][PASSED] - addDefaultPackages(): null

21-10-2025T19:30:44 - [TEST_STEP][PASSED] - callTestCase(findTestCase("DES/DES Login"), [:], STOP_ON_FAILURE): Call Test Case 'Test Cases/DES/DES Login' successfully

21-10-2025T19:30:44 - [TEST_CASE][PASSED] - Test Cases/DES/DES Login: Test Cases/DES/DES Login

21-10-2025T19:30:44 - [TEST_STEP][PASSED] - openBrowser(""): Browser is opened with url: ''

21-10-2025T19:30:44 - [MESSAGE][WARNING] - A browser is already opened. Closing browser and opening a new one

21-10-2025T19:30:44 - [MESSAGE][INFO] - Starting 'Chrome' driver

21-10-2025T19:30:44 - [MESSAGE][INFO] - User set preference: ['args', '[--no-sandbox, --disable-gpu, --disable-dev-shm-usage]']

21-10-2025T19:30:44 - [MESSAGE][INFO] - Action delay is set to 0 milliseconds

21-10-2025T19:30:45 - [MESSAGE][PASSED] - Browser is opened with url: ''

21-10-2025T19:30:45 - [TEST_STEP][PASSED] - maximizeWindow(): Current window maximized

21-10-2025T19:30:45 - [MESSAGE][PASSED] - Current window maximized

21-10-2025T19:30:45 - [TEST_STEP][PASSED] - delay(10): Delayed 10 second(s)

21-10-2025T19:30:55 - [MESSAGE][PASSED] - Delayed 10 second(s)

21-10-2025T19:30:55 - [TEST_STEP][PASSED] - navigateToUrl("https://dx-portal.qa.thekag.com/"): Navigate to 'https://dx-portal.qa.thekag.com/' successfully

21-10-2025T19:30:56 - [MESSAGE][PASSED] - Navigate to 'https://dx-portal.qa.thekag.com/' successfully

21-10-2025T19:30:56 - [TEST_STEP][PASSED] - delay(5): Delayed 5 second(s)

21-10-2025T19:31:01 - [MESSAGE][PASSED] - Delayed 5 second(s)

21-10-2025T19:31:01 - [TEST_STEP][PASSED] - setText(findTestObject("Object Repository/Page_IdentityServer4/input_Username (e.g. email address)_Username"), "Chris.Sheldon+DES_QA@Thekag.com"): Text 'Chris.Sheldon+DES_QA@Thekag.com' is set on object 'Object Repository/Page_IdentityServer4/input_Username (e.g. email address)_Username'

21-10-2025T19:31:01 - [MESSAGE][PASSED] - Text 'Chris.Sheldon+DES_QA@Thekag.com' is set on object 'Object Repository/Page_IdentityServer4/input_Username (e.g. email address)_Username'

21-10-2025T19:31:01 - [TEST_STEP][PASSED] - setEncryptedText(findTestObject("Page_IdentityServer4/input_Password_Password"), "BtpyPJuZxPz9EFo3Zi2c4Q=="): Text ****** has been set on object 'Object Repository/Page_IdentityServer4/input_Password_Password'

21-10-2025T19:31:01 - [MESSAGE][PASSED] - Text ****** has been set on object 'Object Repository/Page_IdentityServer4/input_Password_Password'

21-10-2025T19:31:01 - [TEST_STEP][PASSED] - click(findTestObject("Object Repository/Page_IdentityServer4/button_Login")): Object: 'Object Repository/Page_IdentityServer4/button_Login' is clicked on

21-10-2025T19:31:01 - [MESSAGE][PASSED] - Object: 'Object Repository/Page_IdentityServer4/button_Login' is clicked on

21-10-2025T19:31:01 - [TEST_STEP][PASSED] - delay(5): Delayed 5 second(s)

21-10-2025T19:31:06 - [MESSAGE][PASSED] - Delayed 5 second(s)

21-10-2025T19:31:06 - [MESSAGE][PASSED] - Call Test Case 'Test Cases/DES/DES Login' successfully

21-10-2025T19:31:06 - [TEST_STEP][PASSED] - setText(findTestObject("Object Repository/DES/Trading Partners Page/Search Trading Partner_input_txt"), "Katalon Trading"): Text 'Katalon Trading' is set on object 'Object Repository/DES/Trading Partners Page/Search Trading Partner_input_txt'

21-10-2025T19:31:06 - [MESSAGE][PASSED] - Text 'Katalon Trading' is set on object 'Object Repository/DES/Trading Partners Page/Search Trading Partner_input_txt'

21-10-2025T19:31:06 - [TEST_STEP][PASSED] - delay(5): Delayed 5 second(s)

21-10-2025T19:31:11 - [MESSAGE][PASSED] - Delayed 5 second(s)

21-10-2025T19:31:11 - [TEST_STEP][PASSED] - click(findTestObject("Object Repository/DES/Page_data-exchange/button_View")): Object: 'Object Repository/DES/Page_data-exchange/button_View' is clicked on

21-10-2025T19:31:12 - [MESSAGE][PASSED] - Object: 'Object Repository/DES/Page_data-exchange/button_View' is clicked on

21-10-2025T19:31:12 - [TEST_STEP][PASSED] - delay(5): Delayed 5 second(s)

21-10-2025T19:31:17 - [MESSAGE][PASSED] - Delayed 5 second(s)

21-10-2025T19:31:17 - [TEST_STEP][PASSED] - click(findTestObject("DES/TradingPartners/Subscription/Subscription Tab")): Object: 'Object Repository/DES/TradingPartners/Subscription/Subscription Tab' is clicked on

21-10-2025T19:31:17 - [MESSAGE][PASSED] - Object: 'Object Repository/DES/TradingPartners/Subscription/Subscription Tab' is clicked on

21-10-2025T19:31:17 - [TEST_STEP][PASSED] - delay(3): Delayed 3 second(s)

21-10-2025T19:31:20 - [MESSAGE][PASSED] - Delayed 3 second(s)

21-10-2025T19:31:20 - [TEST_STEP][PASSED] - click(findTestObject("Object Repository/Page_data-exchange/button_Add Subscription")): Object: 'Object Repository/Page_data-exchange/button_Add Subscription' is clicked on

21-10-2025T19:31:20 - [MESSAGE][PASSED] - Object: 'Object Repository/Page_data-exchange/button_Add Subscription' is clicked on

21-10-2025T19:31:20 - [TEST_STEP][PASSED] - delay(5): Delayed 5 second(s)

21-10-2025T19:31:25 - [MESSAGE][PASSED] - Delayed 5 second(s)

21-10-2025T19:31:25 - [TEST_STEP][PASSED] - selectOptionByIndex(findTestObject("Object Repository/DES/Page_data-exchange/select_Select a Transaction TypeFinancial D_642f55"), "4", STOP_ON_FAILURE): All options with index in [4] are selected on object 'Object Repository/DES/Page_data-exchange/select_Select a Transaction TypeFinancial D_642f55'

21-10-2025T19:31:25 - [MESSAGE][PASSED] - All options with index in [4] are selected on object 'Object Repository/DES/Page_data-exchange/select_Select a Transaction TypeFinancial D_642f55'

21-10-2025T19:31:25 - [TEST_STEP][PASSED] - delay(1): Delayed 1 second(s)

21-10-2025T19:31:26 - [MESSAGE][PASSED] - Delayed 1 second(s)

21-10-2025T19:31:26 - [TEST_STEP][PASSED] - selectOptionByIndex(findTestObject("Object Repository/DES/Page_data-exchange/select_Select.Inbound"), "1", STOP_ON_FAILURE): All options with index in [1] are selected on object 'Object Repository/DES/Page_data-exchange/select_Select.Inbound'

21-10-2025T19:31:26 - [MESSAGE][PASSED] - All options with index in [1] are selected on object 'Object Repository/DES/Page_data-exchange/select_Select.Inbound'

21-10-2025T19:31:26 - [TEST_STEP][PASSED] - delay(1): Delayed 1 second(s)

21-10-2025T19:31:27 - [MESSAGE][PASSED] - Delayed 1 second(s)

21-10-2025T19:31:27 - [TEST_STEP][PASSED] - click(findTestObject("Object Repository/DES/Page_data-exchange/button_Save")): Object: 'Object Repository/DES/Page_data-exchange/button_Save' is clicked on

21-10-2025T19:31:27 - [MESSAGE][PASSED] - Object: 'Object Repository/DES/Page_data-exchange/button_Save' is clicked on

21-10-2025T19:31:27 - [TEST_STEP][PASSED] - delay(5): Delayed 5 second(s)

21-10-2025T19:31:32 - [MESSAGE][PASSED] - Delayed 5 second(s)

21-10-2025T19:31:32 - [TEST_STEP][PASSED] - verifyElementPresent(findTestObject("Object Repository/DES/Page_data-exchange/h3_Load Tender (LT)"), 30): Object 'Object Repository/DES/Page_data-exchange/h3_Load Tender (LT)' is present

21-10-2025T19:31:32 - [MESSAGE][PASSED] - Object 'Object Repository/DES/Page_data-exchange/h3_Load Tender (LT)' is present

21-10-2025T19:31:32 - [TEST_STEP][PASSED] - click(findTestObject("Object Repository/DES/Page_data-exchange/button_Add Transmission")): Object: 'Object Repository/DES/Page_data-exchange/button_Add Transmission' is clicked on

21-10-2025T19:31:32 - [MESSAGE][PASSED] - Object: 'Object Repository/DES/Page_data-exchange/button_Add Transmission' is clicked on

21-10-2025T19:31:32 - [TEST_STEP][PASSED] - delay(5): Delayed 5 second(s)

21-10-2025T19:31:37 - [MESSAGE][PASSED] - Delayed 5 second(s)

21-10-2025T19:31:37 - [TEST_STEP][PASSED] - selectOptionByIndex(findTestObject("Object Repository/DES/Page_data-exchange/select_Select.EmailFile Transfer ProtocolNe_92efe9"), "3", STOP_ON_FAILURE): All options with index in [3] are selected on object 'Object Repository/DES/Page_data-exchange/select_Select.EmailFile Transfer ProtocolNe_92efe9'

21-10-2025T19:31:37 - [MESSAGE][PASSED] - All options with index in [3] are selected on object 'Object Repository/DES/Page_data-exchange/select_Select.EmailFile Transfer ProtocolNe_92efe9'

21-10-2025T19:31:37 - [TEST_STEP][PASSED] - delay(1): Delayed 1 second(s)

21-10-2025T19:31:38 - [MESSAGE][PASSED] - Delayed 1 second(s)

21-10-2025T19:31:38 - [TEST_STEP][PASSED] - selectOptionByIndex(findTestObject("DES/Trading Partners Page/Subscription/Transmission/Data Format_dropdown"), "1", STOP_ON_FAILURE): All options with index in [1] are selected on object 'Object Repository/DES/Trading Partners Page/Subscription/Transmission/Data Format_dropdown'

21-10-2025T19:31:38 - [MESSAGE][PASSED] - All options with index in [1] are selected on object 'Object Repository/DES/Trading Partners Page/Subscription/Transmission/Data Format_dropdown'

21-10-2025T19:31:38 - [TEST_STEP][PASSED] - delay(1): Delayed 1 second(s)

21-10-2025T19:31:39 - [MESSAGE][PASSED] - Delayed 1 second(s)

21-10-2025T19:31:39 - [TEST_STEP][PASSED] - selectOptionByIndex(findTestObject("Object Repository/DES/Page_data-exchange/select_Select.Adobe PDF (pdf)Text Document _99c46b"), "1", STOP_ON_FAILURE): All options with index in [1] are selected on object 'Object Repository/DES/Page_data-exchange/select_Select.Adobe PDF (pdf)Text Document _99c46b'

21-10-2025T19:31:40 - [MESSAGE][PASSED] - All options with index in [1] are selected on object 'Object Repository/DES/Page_data-exchange/select_Select.Adobe PDF (pdf)Text Document _99c46b'

21-10-2025T19:31:40 - [TEST_STEP][PASSED] - delay(3): Delayed 3 second(s)

21-10-2025T19:31:43 - [MESSAGE][PASSED] - Delayed 3 second(s)

21-10-2025T19:31:43 - [TEST_STEP][PASSED] - verifyTextNotPresent("Accelerate Mapping", false): Text 'Accelerate Mapping' is not present on page

21-10-2025T19:31:43 - [MESSAGE][PASSED] - Text 'Accelerate Mapping' is not present on page

21-10-2025T19:31:43 - [TEST_STEP][PASSED] - verifyElementNotPresent(findTestObject("DES/Trading Partners Page/Subscription/Transmission/Format Details/Accelerate_Mapping_LT_Yes_btn"), 5): Web element with id: 'Object Repository/DES/Trading Partners Page/Subscription/Transmission/Format Details/Accelerate_Mapping_LT_Yes_btn' located by 'By.xpath: /html/body/div/div/div[2]/div[2]/div/div/div/div/div/div/div[3]/div[2]/div[1]/div/div/div/div[4]/div/div/div[2]/div/div/div[1]/label' is not present after '5' second(s)

21-10-2025T19:31:43 - [MESSAGE][PASSED] - Web element with id: 'Object Repository/DES/Trading Partners Page/Subscription/Transmission/Format Details/Accelerate_Mapping_LT_Yes_btn' located by 'By.xpath: /html/body/div/div/div[2]/div[2]/div/div/div/div/div/div/div[3]/div[2]/div[1]/div/div/div/div[4]/div/div/div[2]/div/div/div[1]/label' is not present after '5' second(s)

21-10-2025T19:31:43 - [TEST_STEP][PASSED] - verifyElementNotPresent(findTestObject("DES/Trading Partners Page/Subscription/Transmission/Format Details/Accelerate_Mapping_LT_No_btn"), 5): Web element with id: 'Object Repository/DES/Trading Partners Page/Subscription/Transmission/Format Details/Accelerate_Mapping_LT_No_btn' located by 'By.xpath: /html/body/div/div/div[2]/div[2]/div/div/div/div/div/div/div[3]/div[2]/div[1]/div/div/div/div[4]/div/div/div[2]/div/div/div[2]/label' is not present after '5' second(s)

21-10-2025T19:31:43 - [MESSAGE][PASSED] - Web element with id: 'Object Repository/DES/Trading Partners Page/Subscription/Transmission/Format Details/Accelerate_Mapping_LT_No_btn' located by 'By.xpath: /html/body/div/div/div[2]/div[2]/div/div/div/div/div/div/div[3]/div[2]/div[1]/div/div/div/div[4]/div/div/div[2]/div/div/div[2]/label' is not present after '5' second(s)

21-10-2025T19:31:43 - [TEST_STEP][PASSED] - Start listener action : retryOnDisconnect: null

21-10-2025T19:31:43 - [TEST_STEP][PASSED] - tcId = testCaseContext.getTestCaseId(): null

21-10-2025T19:31:43 - [TEST_STEP][PASSED] - currentRetry = retryCounts.getOrDefault(tcId, 0): null

21-10-2025T19:31:43 - [TEST_STEP][PASSED] - if (testCaseContext.getTestCaseStatus() == "FAILED" && currentRetry < MAX_RETRIES): null]]></system-out>
         <system-err><![CDATA[]]></system-err>
      </testcase>
      <testcase name="Test Cases/DES/Trading Partners Page/Subscription/Transmission/Verify Accelerate Mapping Option Does Not Display For Inbound Inventory Transmission" time="58.537" classname="Test Cases/DES/Trading Partners Page/Subscription/Transmission/Verify Accelerate Mapping Option Does Not Display For Inbound Inventory Transmission" status="PASSED">
         <system-out><![CDATA[21-10-2025T19:31:43 - [TEST_CASE][PASSED] - Test Cases/DES/Trading Partners Page/Subscription/Transmission/Verify Accelerate Mapping Option Does Not Display For Inbound Inventory Transmission: Test Cases/DES/Trading Partners Page/Subscription/Transmission/Verify Accelerate Mapping Option Does Not Display For Inbound Inventory Transmission

21-10-2025T19:31:43 - [TEST_STEP][PASSED] - Start listener action : beforeTestCase: null

21-10-2025T19:31:43 - [TEST_STEP][PASSED] - addDefaultPackages(): null

21-10-2025T19:31:43 - [TEST_STEP][PASSED] - callTestCase(findTestCase("DES/DES Login"), [:], STOP_ON_FAILURE): Call Test Case 'Test Cases/DES/DES Login' successfully

21-10-2025T19:31:43 - [TEST_CASE][PASSED] - Test Cases/DES/DES Login: Test Cases/DES/DES Login

21-10-2025T19:31:43 - [TEST_STEP][PASSED] - openBrowser(""): Browser is opened with url: ''

21-10-2025T19:31:43 - [MESSAGE][WARNING] - A browser is already opened. Closing browser and opening a new one

21-10-2025T19:31:43 - [MESSAGE][INFO] - Starting 'Chrome' driver

21-10-2025T19:31:43 - [MESSAGE][INFO] - User set preference: ['args', '[--no-sandbox, --disable-gpu, --disable-dev-shm-usage]']

21-10-2025T19:31:43 - [MESSAGE][INFO] - Action delay is set to 0 milliseconds

21-10-2025T19:31:44 - [MESSAGE][PASSED] - Browser is opened with url: ''

21-10-2025T19:31:44 - [TEST_STEP][PASSED] - maximizeWindow(): Current window maximized

21-10-2025T19:31:44 - [MESSAGE][PASSED] - Current window maximized

21-10-2025T19:31:44 - [TEST_STEP][PASSED] - delay(10): Delayed 10 second(s)

21-10-2025T19:31:54 - [MESSAGE][PASSED] - Delayed 10 second(s)

21-10-2025T19:31:54 - [TEST_STEP][PASSED] - navigateToUrl("https://dx-portal.qa.thekag.com/"): Navigate to 'https://dx-portal.qa.thekag.com/' successfully

21-10-2025T19:31:54 - [MESSAGE][PASSED] - Navigate to 'https://dx-portal.qa.thekag.com/' successfully

21-10-2025T19:31:54 - [TEST_STEP][PASSED] - delay(5): Delayed 5 second(s)

21-10-2025T19:31:59 - [MESSAGE][PASSED] - Delayed 5 second(s)

21-10-2025T19:31:59 - [TEST_STEP][PASSED] - setText(findTestObject("Object Repository/Page_IdentityServer4/input_Username (e.g. email address)_Username"), "Chris.Sheldon+DES_QA@Thekag.com"): Text 'Chris.Sheldon+DES_QA@Thekag.com' is set on object 'Object Repository/Page_IdentityServer4/input_Username (e.g. email address)_Username'

21-10-2025T19:31:59 - [MESSAGE][PASSED] - Text 'Chris.Sheldon+DES_QA@Thekag.com' is set on object 'Object Repository/Page_IdentityServer4/input_Username (e.g. email address)_Username'

21-10-2025T19:31:59 - [TEST_STEP][PASSED] - setEncryptedText(findTestObject("Page_IdentityServer4/input_Password_Password"), "BtpyPJuZxPz9EFo3Zi2c4Q=="): Text ****** has been set on object 'Object Repository/Page_IdentityServer4/input_Password_Password'

21-10-2025T19:31:59 - [MESSAGE][PASSED] - Text ****** has been set on object 'Object Repository/Page_IdentityServer4/input_Password_Password'

21-10-2025T19:31:59 - [TEST_STEP][PASSED] - click(findTestObject("Object Repository/Page_IdentityServer4/button_Login")): Object: 'Object Repository/Page_IdentityServer4/button_Login' is clicked on

21-10-2025T19:31:59 - [MESSAGE][PASSED] - Object: 'Object Repository/Page_IdentityServer4/button_Login' is clicked on

21-10-2025T19:31:59 - [TEST_STEP][PASSED] - delay(5): Delayed 5 second(s)

21-10-2025T19:32:04 - [MESSAGE][PASSED] - Delayed 5 second(s)

21-10-2025T19:32:04 - [MESSAGE][PASSED] - Call Test Case 'Test Cases/DES/DES Login' successfully

21-10-2025T19:32:04 - [TEST_STEP][PASSED] - setText(findTestObject("Object Repository/DES/Trading Partners Page/Search Trading Partner_input_txt"), "Katalon Trading"): Text 'Katalon Trading' is set on object 'Object Repository/DES/Trading Partners Page/Search Trading Partner_input_txt'

21-10-2025T19:32:05 - [MESSAGE][PASSED] - Text 'Katalon Trading' is set on object 'Object Repository/DES/Trading Partners Page/Search Trading Partner_input_txt'

21-10-2025T19:32:05 - [TEST_STEP][PASSED] - delay(5): Delayed 5 second(s)

21-10-2025T19:32:10 - [MESSAGE][PASSED] - Delayed 5 second(s)

21-10-2025T19:32:10 - [TEST_STEP][PASSED] - click(findTestObject("Object Repository/DES/Page_data-exchange/button_View")): Object: 'Object Repository/DES/Page_data-exchange/button_View' is clicked on

21-10-2025T19:32:10 - [MESSAGE][PASSED] - Object: 'Object Repository/DES/Page_data-exchange/button_View' is clicked on

21-10-2025T19:32:10 - [TEST_STEP][PASSED] - delay(5): Delayed 5 second(s)

21-10-2025T19:32:15 - [MESSAGE][PASSED] - Delayed 5 second(s)

21-10-2025T19:32:15 - [TEST_STEP][PASSED] - click(findTestObject("DES/TradingPartners/Subscription/Subscription Tab")): Object: 'Object Repository/DES/TradingPartners/Subscription/Subscription Tab' is clicked on

21-10-2025T19:32:15 - [MESSAGE][PASSED] - Object: 'Object Repository/DES/TradingPartners/Subscription/Subscription Tab' is clicked on

21-10-2025T19:32:15 - [TEST_STEP][PASSED] - delay(3): Delayed 3 second(s)

21-10-2025T19:32:18 - [MESSAGE][PASSED] - Delayed 3 second(s)

21-10-2025T19:32:18 - [TEST_STEP][PASSED] - click(findTestObject("Object Repository/Page_data-exchange/button_Add Subscription")): Object: 'Object Repository/Page_data-exchange/button_Add Subscription' is clicked on

21-10-2025T19:32:18 - [MESSAGE][PASSED] - Object: 'Object Repository/Page_data-exchange/button_Add Subscription' is clicked on

21-10-2025T19:32:18 - [TEST_STEP][PASSED] - delay(5): Delayed 5 second(s)

21-10-2025T19:32:23 - [MESSAGE][PASSED] - Delayed 5 second(s)

21-10-2025T19:32:23 - [TEST_STEP][PASSED] - selectOptionByIndex(findTestObject("Object Repository/DES/Page_data-exchange/select_Select a Transaction TypeFinancial D_642f55"), "6", STOP_ON_FAILURE): All options with index in [6] are selected on object 'Object Repository/DES/Page_data-exchange/select_Select a Transaction TypeFinancial D_642f55'

21-10-2025T19:32:23 - [MESSAGE][PASSED] - All options with index in [6] are selected on object 'Object Repository/DES/Page_data-exchange/select_Select a Transaction TypeFinancial D_642f55'

21-10-2025T19:32:23 - [TEST_STEP][PASSED] - delay(1): Delayed 1 second(s)

21-10-2025T19:32:24 - [MESSAGE][PASSED] - Delayed 1 second(s)

21-10-2025T19:32:24 - [TEST_STEP][PASSED] - selectOptionByIndex(findTestObject("Object Repository/DES/Page_data-exchange/select_Select.Inbound"), "1", STOP_ON_FAILURE): All options with index in [1] are selected on object 'Object Repository/DES/Page_data-exchange/select_Select.Inbound'

21-10-2025T19:32:25 - [MESSAGE][PASSED] - All options with index in [1] are selected on object 'Object Repository/DES/Page_data-exchange/select_Select.Inbound'

21-10-2025T19:32:25 - [TEST_STEP][PASSED] - delay(1): Delayed 1 second(s)

21-10-2025T19:32:26 - [MESSAGE][PASSED] - Delayed 1 second(s)

21-10-2025T19:32:26 - [TEST_STEP][PASSED] - click(findTestObject("Object Repository/DES/Page_data-exchange/button_Save")): Object: 'Object Repository/DES/Page_data-exchange/button_Save' is clicked on

21-10-2025T19:32:26 - [MESSAGE][PASSED] - Object: 'Object Repository/DES/Page_data-exchange/button_Save' is clicked on

21-10-2025T19:32:26 - [TEST_STEP][PASSED] - delay(5): Delayed 5 second(s)

21-10-2025T19:32:31 - [MESSAGE][PASSED] - Delayed 5 second(s)

21-10-2025T19:32:31 - [TEST_STEP][PASSED] - verifyElementPresent(findTestObject("Object Repository/DES/Page_data-exchange/h3_Load Tender (LT)"), 30): Object 'Object Repository/DES/Page_data-exchange/h3_Load Tender (LT)' is present

21-10-2025T19:32:31 - [MESSAGE][PASSED] - Object 'Object Repository/DES/Page_data-exchange/h3_Load Tender (LT)' is present

21-10-2025T19:32:31 - [TEST_STEP][PASSED] - click(findTestObject("Object Repository/DES/Page_data-exchange/button_Add Transmission")): Object: 'Object Repository/DES/Page_data-exchange/button_Add Transmission' is clicked on

21-10-2025T19:32:31 - [MESSAGE][PASSED] - Object: 'Object Repository/DES/Page_data-exchange/button_Add Transmission' is clicked on

21-10-2025T19:32:31 - [TEST_STEP][PASSED] - delay(5): Delayed 5 second(s)

21-10-2025T19:32:36 - [MESSAGE][PASSED] - Delayed 5 second(s)

21-10-2025T19:32:36 - [TEST_STEP][PASSED] - selectOptionByIndex(findTestObject("Object Repository/DES/Page_data-exchange/select_Select.EmailFile Transfer ProtocolNe_92efe9"), "3", STOP_ON_FAILURE): All options with index in [3] are selected on object 'Object Repository/DES/Page_data-exchange/select_Select.EmailFile Transfer ProtocolNe_92efe9'

21-10-2025T19:32:36 - [MESSAGE][PASSED] - All options with index in [3] are selected on object 'Object Repository/DES/Page_data-exchange/select_Select.EmailFile Transfer ProtocolNe_92efe9'

21-10-2025T19:32:36 - [TEST_STEP][PASSED] - delay(1): Delayed 1 second(s)

21-10-2025T19:32:37 - [MESSAGE][PASSED] - Delayed 1 second(s)

21-10-2025T19:32:37 - [TEST_STEP][PASSED] - selectOptionByIndex(findTestObject("DES/Trading Partners Page/Subscription/Transmission/Data Format_dropdown"), "1", STOP_ON_FAILURE): All options with index in [1] are selected on object 'Object Repository/DES/Trading Partners Page/Subscription/Transmission/Data Format_dropdown'

21-10-2025T19:32:37 - [MESSAGE][PASSED] - All options with index in [1] are selected on object 'Object Repository/DES/Trading Partners Page/Subscription/Transmission/Data Format_dropdown'

21-10-2025T19:32:37 - [TEST_STEP][PASSED] - delay(1): Delayed 1 second(s)

21-10-2025T19:32:38 - [MESSAGE][PASSED] - Delayed 1 second(s)

21-10-2025T19:32:38 - [TEST_STEP][PASSED] - selectOptionByIndex(findTestObject("Object Repository/DES/Page_data-exchange/select_Select.Adobe PDF (pdf)Text Document _99c46b"), "1", STOP_ON_FAILURE): All options with index in [1] are selected on object 'Object Repository/DES/Page_data-exchange/select_Select.Adobe PDF (pdf)Text Document _99c46b'

21-10-2025T19:32:38 - [MESSAGE][PASSED] - All options with index in [1] are selected on object 'Object Repository/DES/Page_data-exchange/select_Select.Adobe PDF (pdf)Text Document _99c46b'

21-10-2025T19:32:38 - [TEST_STEP][PASSED] - delay(3): Delayed 3 second(s)

21-10-2025T19:32:41 - [MESSAGE][PASSED] - Delayed 3 second(s)

21-10-2025T19:32:41 - [TEST_STEP][PASSED] - verifyTextNotPresent("Accelerate Mapping", false): Text 'Accelerate Mapping' is not present on page

21-10-2025T19:32:41 - [MESSAGE][PASSED] - Text 'Accelerate Mapping' is not present on page

21-10-2025T19:32:41 - [TEST_STEP][PASSED] - verifyElementNotPresent(findTestObject("DES/Trading Partners Page/Subscription/Transmission/Format Details/Accelerate_Mapping_LT_Yes_btn"), 5): Web element with id: 'Object Repository/DES/Trading Partners Page/Subscription/Transmission/Format Details/Accelerate_Mapping_LT_Yes_btn' located by 'By.xpath: /html/body/div/div/div[2]/div[2]/div/div/div/div/div/div/div[3]/div[2]/div[1]/div/div/div/div[4]/div/div/div[2]/div/div/div[1]/label' is not present after '5' second(s)

21-10-2025T19:32:41 - [MESSAGE][PASSED] - Web element with id: 'Object Repository/DES/Trading Partners Page/Subscription/Transmission/Format Details/Accelerate_Mapping_LT_Yes_btn' located by 'By.xpath: /html/body/div/div/div[2]/div[2]/div/div/div/div/div/div/div[3]/div[2]/div[1]/div/div/div/div[4]/div/div/div[2]/div/div/div[1]/label' is not present after '5' second(s)

21-10-2025T19:32:41 - [TEST_STEP][PASSED] - verifyElementNotPresent(findTestObject("DES/Trading Partners Page/Subscription/Transmission/Format Details/Accelerate_Mapping_LT_No_btn"), 5): Web element with id: 'Object Repository/DES/Trading Partners Page/Subscription/Transmission/Format Details/Accelerate_Mapping_LT_No_btn' located by 'By.xpath: /html/body/div/div/div[2]/div[2]/div/div/div/div/div/div/div[3]/div[2]/div[1]/div/div/div/div[4]/div/div/div[2]/div/div/div[2]/label' is not present after '5' second(s)

21-10-2025T19:32:41 - [MESSAGE][PASSED] - Web element with id: 'Object Repository/DES/Trading Partners Page/Subscription/Transmission/Format Details/Accelerate_Mapping_LT_No_btn' located by 'By.xpath: /html/body/div/div/div[2]/div[2]/div/div/div/div/div/div/div[3]/div[2]/div[1]/div/div/div/div[4]/div/div/div[2]/div/div/div[2]/label' is not present after '5' second(s)

21-10-2025T19:32:41 - [TEST_STEP][PASSED] - Start listener action : retryOnDisconnect: null

21-10-2025T19:32:41 - [TEST_STEP][PASSED] - tcId = testCaseContext.getTestCaseId(): null

21-10-2025T19:32:41 - [TEST_STEP][PASSED] - currentRetry = retryCounts.getOrDefault(tcId, 0): null

21-10-2025T19:32:41 - [TEST_STEP][PASSED] - if (testCaseContext.getTestCaseStatus() == "FAILED" && currentRetry < MAX_RETRIES): null]]></system-out>
         <system-err><![CDATA[]]></system-err>
      </testcase>
      <testcase name="Test Cases/DES/Trading Partners Page/Subscription/Transmission/Verify Accelerate Mapping Option Does Not Display For Inbound Invoice Transmission" time="58.947" classname="Test Cases/DES/Trading Partners Page/Subscription/Transmission/Verify Accelerate Mapping Option Does Not Display For Inbound Invoice Transmission" status="PASSED">
         <system-out><![CDATA[21-10-2025T19:32:41 - [TEST_CASE][PASSED] - Test Cases/DES/Trading Partners Page/Subscription/Transmission/Verify Accelerate Mapping Option Does Not Display For Inbound Invoice Transmission: Test Cases/DES/Trading Partners Page/Subscription/Transmission/Verify Accelerate Mapping Option Does Not Display For Inbound Invoice Transmission

21-10-2025T19:32:41 - [TEST_STEP][PASSED] - Start listener action : beforeTestCase: null

21-10-2025T19:32:41 - [TEST_STEP][PASSED] - addDefaultPackages(): null

21-10-2025T19:32:41 - [TEST_STEP][PASSED] - callTestCase(findTestCase("DES/DES Login"), [:], STOP_ON_FAILURE): Call Test Case 'Test Cases/DES/DES Login' successfully

21-10-2025T19:32:41 - [TEST_CASE][PASSED] - Test Cases/DES/DES Login: Test Cases/DES/DES Login

21-10-2025T19:32:41 - [TEST_STEP][PASSED] - openBrowser(""): Browser is opened with url: ''

21-10-2025T19:32:41 - [MESSAGE][WARNING] - A browser is already opened. Closing browser and opening a new one

21-10-2025T19:32:41 - [MESSAGE][INFO] - Starting 'Chrome' driver

21-10-2025T19:32:41 - [MESSAGE][INFO] - User set preference: ['args', '[--no-sandbox, --disable-gpu, --disable-dev-shm-usage]']

21-10-2025T19:32:41 - [MESSAGE][INFO] - Action delay is set to 0 milliseconds

21-10-2025T19:32:42 - [MESSAGE][PASSED] - Browser is opened with url: ''

21-10-2025T19:32:42 - [TEST_STEP][PASSED] - maximizeWindow(): Current window maximized

21-10-2025T19:32:42 - [MESSAGE][PASSED] - Current window maximized

21-10-2025T19:32:42 - [TEST_STEP][PASSED] - delay(10): Delayed 10 second(s)

21-10-2025T19:32:52 - [MESSAGE][PASSED] - Delayed 10 second(s)

21-10-2025T19:32:52 - [TEST_STEP][PASSED] - navigateToUrl("https://dx-portal.qa.thekag.com/"): Navigate to 'https://dx-portal.qa.thekag.com/' successfully

21-10-2025T19:32:53 - [MESSAGE][PASSED] - Navigate to 'https://dx-portal.qa.thekag.com/' successfully

21-10-2025T19:32:53 - [TEST_STEP][PASSED] - delay(5): Delayed 5 second(s)

21-10-2025T19:32:58 - [MESSAGE][PASSED] - Delayed 5 second(s)

21-10-2025T19:32:58 - [TEST_STEP][PASSED] - setText(findTestObject("Object Repository/Page_IdentityServer4/input_Username (e.g. email address)_Username"), "Chris.Sheldon+DES_QA@Thekag.com"): Text 'Chris.Sheldon+DES_QA@Thekag.com' is set on object 'Object Repository/Page_IdentityServer4/input_Username (e.g. email address)_Username'

21-10-2025T19:32:58 - [MESSAGE][PASSED] - Text 'Chris.Sheldon+DES_QA@Thekag.com' is set on object 'Object Repository/Page_IdentityServer4/input_Username (e.g. email address)_Username'

21-10-2025T19:32:58 - [TEST_STEP][PASSED] - setEncryptedText(findTestObject("Page_IdentityServer4/input_Password_Password"), "BtpyPJuZxPz9EFo3Zi2c4Q=="): Text ****** has been set on object 'Object Repository/Page_IdentityServer4/input_Password_Password'

21-10-2025T19:32:58 - [MESSAGE][PASSED] - Text ****** has been set on object 'Object Repository/Page_IdentityServer4/input_Password_Password'

21-10-2025T19:32:58 - [TEST_STEP][PASSED] - click(findTestObject("Object Repository/Page_IdentityServer4/button_Login")): Object: 'Object Repository/Page_IdentityServer4/button_Login' is clicked on

21-10-2025T19:32:58 - [MESSAGE][PASSED] - Object: 'Object Repository/Page_IdentityServer4/button_Login' is clicked on

21-10-2025T19:32:58 - [TEST_STEP][PASSED] - delay(5): Delayed 5 second(s)

21-10-2025T19:33:03 - [MESSAGE][PASSED] - Delayed 5 second(s)

21-10-2025T19:33:03 - [MESSAGE][PASSED] - Call Test Case 'Test Cases/DES/DES Login' successfully

21-10-2025T19:33:03 - [TEST_STEP][PASSED] - setText(findTestObject("Object Repository/DES/Trading Partners Page/Search Trading Partner_input_txt"), "Katalon Trading"): Text 'Katalon Trading' is set on object 'Object Repository/DES/Trading Partners Page/Search Trading Partner_input_txt'

21-10-2025T19:33:04 - [MESSAGE][PASSED] - Text 'Katalon Trading' is set on object 'Object Repository/DES/Trading Partners Page/Search Trading Partner_input_txt'

21-10-2025T19:33:04 - [TEST_STEP][PASSED] - delay(5): Delayed 5 second(s)

21-10-2025T19:33:09 - [MESSAGE][PASSED] - Delayed 5 second(s)

21-10-2025T19:33:09 - [TEST_STEP][PASSED] - click(findTestObject("Object Repository/DES/Page_data-exchange/button_View")): Object: 'Object Repository/DES/Page_data-exchange/button_View' is clicked on

21-10-2025T19:33:09 - [MESSAGE][PASSED] - Object: 'Object Repository/DES/Page_data-exchange/button_View' is clicked on

21-10-2025T19:33:09 - [TEST_STEP][PASSED] - delay(5): Delayed 5 second(s)

21-10-2025T19:33:14 - [MESSAGE][PASSED] - Delayed 5 second(s)

21-10-2025T19:33:14 - [TEST_STEP][PASSED] - click(findTestObject("DES/TradingPartners/Subscription/Subscription Tab")): Object: 'Object Repository/DES/TradingPartners/Subscription/Subscription Tab' is clicked on

21-10-2025T19:33:14 - [MESSAGE][PASSED] - Object: 'Object Repository/DES/TradingPartners/Subscription/Subscription Tab' is clicked on

21-10-2025T19:33:14 - [TEST_STEP][PASSED] - delay(3): Delayed 3 second(s)

21-10-2025T19:33:17 - [MESSAGE][PASSED] - Delayed 3 second(s)

21-10-2025T19:33:17 - [TEST_STEP][PASSED] - click(findTestObject("Object Repository/Page_data-exchange/button_Add Subscription")): Object: 'Object Repository/Page_data-exchange/button_Add Subscription' is clicked on

21-10-2025T19:33:17 - [MESSAGE][PASSED] - Object: 'Object Repository/Page_data-exchange/button_Add Subscription' is clicked on

21-10-2025T19:33:17 - [TEST_STEP][PASSED] - delay(5): Delayed 5 second(s)

21-10-2025T19:33:22 - [MESSAGE][PASSED] - Delayed 5 second(s)

21-10-2025T19:33:22 - [TEST_STEP][PASSED] - selectOptionByIndex(findTestObject("Object Repository/DES/Page_data-exchange/select_Select a Transaction TypeFinancial D_642f55"), "7", STOP_ON_FAILURE): All options with index in [7] are selected on object 'Object Repository/DES/Page_data-exchange/select_Select a Transaction TypeFinancial D_642f55'

21-10-2025T19:33:22 - [MESSAGE][PASSED] - All options with index in [7] are selected on object 'Object Repository/DES/Page_data-exchange/select_Select a Transaction TypeFinancial D_642f55'

21-10-2025T19:33:22 - [TEST_STEP][PASSED] - delay(1): Delayed 1 second(s)

21-10-2025T19:33:23 - [MESSAGE][PASSED] - Delayed 1 second(s)

21-10-2025T19:33:23 - [TEST_STEP][PASSED] - selectOptionByIndex(findTestObject("Object Repository/DES/Page_data-exchange/select_Select.Inbound"), "1", STOP_ON_FAILURE): All options with index in [1] are selected on object 'Object Repository/DES/Page_data-exchange/select_Select.Inbound'

21-10-2025T19:33:24 - [MESSAGE][PASSED] - All options with index in [1] are selected on object 'Object Repository/DES/Page_data-exchange/select_Select.Inbound'

21-10-2025T19:33:24 - [TEST_STEP][PASSED] - delay(1): Delayed 1 second(s)

21-10-2025T19:33:25 - [MESSAGE][PASSED] - Delayed 1 second(s)

21-10-2025T19:33:25 - [TEST_STEP][PASSED] - click(findTestObject("Object Repository/DES/Page_data-exchange/button_Save")): Object: 'Object Repository/DES/Page_data-exchange/button_Save' is clicked on

21-10-2025T19:33:25 - [MESSAGE][PASSED] - Object: 'Object Repository/DES/Page_data-exchange/button_Save' is clicked on

21-10-2025T19:33:25 - [TEST_STEP][PASSED] - delay(5): Delayed 5 second(s)

21-10-2025T19:33:30 - [MESSAGE][PASSED] - Delayed 5 second(s)

21-10-2025T19:33:30 - [TEST_STEP][PASSED] - verifyElementPresent(findTestObject("Object Repository/DES/Page_data-exchange/h3_Load Tender (LT)"), 30): Object 'Object Repository/DES/Page_data-exchange/h3_Load Tender (LT)' is present

21-10-2025T19:33:30 - [MESSAGE][PASSED] - Object 'Object Repository/DES/Page_data-exchange/h3_Load Tender (LT)' is present

21-10-2025T19:33:30 - [TEST_STEP][PASSED] - click(findTestObject("Object Repository/DES/Page_data-exchange/button_Add Transmission")): Object: 'Object Repository/DES/Page_data-exchange/button_Add Transmission' is clicked on

21-10-2025T19:33:30 - [MESSAGE][PASSED] - Object: 'Object Repository/DES/Page_data-exchange/button_Add Transmission' is clicked on

21-10-2025T19:33:30 - [TEST_STEP][PASSED] - delay(5): Delayed 5 second(s)

21-10-2025T19:33:35 - [MESSAGE][PASSED] - Delayed 5 second(s)

21-10-2025T19:33:35 - [TEST_STEP][PASSED] - selectOptionByIndex(findTestObject("Object Repository/DES/Page_data-exchange/select_Select.EmailFile Transfer ProtocolNe_92efe9"), "3", STOP_ON_FAILURE): All options with index in [3] are selected on object 'Object Repository/DES/Page_data-exchange/select_Select.EmailFile Transfer ProtocolNe_92efe9'

21-10-2025T19:33:35 - [MESSAGE][PASSED] - All options with index in [3] are selected on object 'Object Repository/DES/Page_data-exchange/select_Select.EmailFile Transfer ProtocolNe_92efe9'

21-10-2025T19:33:35 - [TEST_STEP][PASSED] - delay(1): Delayed 1 second(s)

21-10-2025T19:33:36 - [MESSAGE][PASSED] - Delayed 1 second(s)

21-10-2025T19:33:36 - [TEST_STEP][PASSED] - selectOptionByIndex(findTestObject("DES/Trading Partners Page/Subscription/Transmission/Data Format_dropdown"), "2", STOP_ON_FAILURE): All options with index in [2] are selected on object 'Object Repository/DES/Trading Partners Page/Subscription/Transmission/Data Format_dropdown'

21-10-2025T19:33:36 - [MESSAGE][PASSED] - All options with index in [2] are selected on object 'Object Repository/DES/Trading Partners Page/Subscription/Transmission/Data Format_dropdown'

21-10-2025T19:33:36 - [TEST_STEP][PASSED] - delay(1): Delayed 1 second(s)

21-10-2025T19:33:37 - [MESSAGE][PASSED] - Delayed 1 second(s)

21-10-2025T19:33:37 - [TEST_STEP][PASSED] - selectOptionByIndex(findTestObject("Object Repository/DES/Page_data-exchange/select_Select.Adobe PDF (pdf)Text Document _99c46b"), "1", STOP_ON_FAILURE): All options with index in [1] are selected on object 'Object Repository/DES/Page_data-exchange/select_Select.Adobe PDF (pdf)Text Document _99c46b'

21-10-2025T19:33:37 - [MESSAGE][PASSED] - All options with index in [1] are selected on object 'Object Repository/DES/Page_data-exchange/select_Select.Adobe PDF (pdf)Text Document _99c46b'

21-10-2025T19:33:37 - [TEST_STEP][PASSED] - delay(3): Delayed 3 second(s)

21-10-2025T19:33:40 - [MESSAGE][PASSED] - Delayed 3 second(s)

21-10-2025T19:33:40 - [TEST_STEP][PASSED] - verifyTextNotPresent("Accelerate Mapping", false): Text 'Accelerate Mapping' is not present on page

21-10-2025T19:33:40 - [MESSAGE][PASSED] - Text 'Accelerate Mapping' is not present on page

21-10-2025T19:33:40 - [TEST_STEP][PASSED] - verifyElementNotPresent(findTestObject("DES/Trading Partners Page/Subscription/Transmission/Format Details/Accelerate_Mapping_LT_Yes_btn"), 5): Web element with id: 'Object Repository/DES/Trading Partners Page/Subscription/Transmission/Format Details/Accelerate_Mapping_LT_Yes_btn' located by 'By.xpath: /html/body/div/div/div[2]/div[2]/div/div/div/div/div/div/div[3]/div[2]/div[1]/div/div/div/div[4]/div/div/div[2]/div/div/div[1]/label' is not present after '5' second(s)

21-10-2025T19:33:40 - [MESSAGE][PASSED] - Web element with id: 'Object Repository/DES/Trading Partners Page/Subscription/Transmission/Format Details/Accelerate_Mapping_LT_Yes_btn' located by 'By.xpath: /html/body/div/div/div[2]/div[2]/div/div/div/div/div/div/div[3]/div[2]/div[1]/div/div/div/div[4]/div/div/div[2]/div/div/div[1]/label' is not present after '5' second(s)

21-10-2025T19:33:40 - [TEST_STEP][PASSED] - verifyElementNotPresent(findTestObject("DES/Trading Partners Page/Subscription/Transmission/Format Details/Accelerate_Mapping_LT_No_btn"), 5): Web element with id: 'Object Repository/DES/Trading Partners Page/Subscription/Transmission/Format Details/Accelerate_Mapping_LT_No_btn' located by 'By.xpath: /html/body/div/div/div[2]/div[2]/div/div/div/div/div/div/div[3]/div[2]/div[1]/div/div/div/div[4]/div/div/div[2]/div/div/div[2]/label' is not present after '5' second(s)

21-10-2025T19:33:40 - [MESSAGE][PASSED] - Web element with id: 'Object Repository/DES/Trading Partners Page/Subscription/Transmission/Format Details/Accelerate_Mapping_LT_No_btn' located by 'By.xpath: /html/body/div/div/div[2]/div[2]/div/div/div/div/div/div/div[3]/div[2]/div[1]/div/div/div/div[4]/div/div/div[2]/div/div/div[2]/label' is not present after '5' second(s)

21-10-2025T19:33:40 - [TEST_STEP][PASSED] - Start listener action : retryOnDisconnect: null

21-10-2025T19:33:40 - [TEST_STEP][PASSED] - tcId = testCaseContext.getTestCaseId(): null

21-10-2025T19:33:40 - [TEST_STEP][PASSED] - currentRetry = retryCounts.getOrDefault(tcId, 0): null

21-10-2025T19:33:40 - [TEST_STEP][PASSED] - if (testCaseContext.getTestCaseStatus() == "FAILED" && currentRetry < MAX_RETRIES): null]]></system-out>
         <system-err><![CDATA[]]></system-err>
      </testcase>
      <testcase name="Test Cases/DES/Trading Partners Page/Subscription/Transmission/Verify Accelerate Mapping Option Does Not Display For Inbound Load Tender Response Transmission" time="58.488" classname="Test Cases/DES/Trading Partners Page/Subscription/Transmission/Verify Accelerate Mapping Option Does Not Display For Inbound Load Tender Response Transmission" status="PASSED">
         <system-out><![CDATA[21-10-2025T19:33:40 - [TEST_CASE][PASSED] - Test Cases/DES/Trading Partners Page/Subscription/Transmission/Verify Accelerate Mapping Option Does Not Display For Inbound Load Tender Response Transmission: Test Cases/DES/Trading Partners Page/Subscription/Transmission/Verify Accelerate Mapping Option Does Not Display For Inbound Load Tender Response Transmission

21-10-2025T19:33:40 - [TEST_STEP][PASSED] - Start listener action : beforeTestCase: null

21-10-2025T19:33:40 - [TEST_STEP][PASSED] - addDefaultPackages(): null

21-10-2025T19:33:40 - [TEST_STEP][PASSED] - callTestCase(findTestCase("DES/DES Login"), [:], STOP_ON_FAILURE): Call Test Case 'Test Cases/DES/DES Login' successfully

21-10-2025T19:33:40 - [TEST_CASE][PASSED] - Test Cases/DES/DES Login: Test Cases/DES/DES Login

21-10-2025T19:33:40 - [TEST_STEP][PASSED] - openBrowser(""): Browser is opened with url: ''

21-10-2025T19:33:40 - [MESSAGE][WARNING] - A browser is already opened. Closing browser and opening a new one

21-10-2025T19:33:40 - [MESSAGE][INFO] - Starting 'Chrome' driver

21-10-2025T19:33:40 - [MESSAGE][INFO] - User set preference: ['args', '[--no-sandbox, --disable-gpu, --disable-dev-shm-usage]']

21-10-2025T19:33:40 - [MESSAGE][INFO] - Action delay is set to 0 milliseconds

21-10-2025T19:33:41 - [MESSAGE][PASSED] - Browser is opened with url: ''

21-10-2025T19:33:41 - [TEST_STEP][PASSED] - maximizeWindow(): Current window maximized

21-10-2025T19:33:41 - [MESSAGE][PASSED] - Current window maximized

21-10-2025T19:33:41 - [TEST_STEP][PASSED] - delay(10): Delayed 10 second(s)

21-10-2025T19:33:51 - [MESSAGE][PASSED] - Delayed 10 second(s)

21-10-2025T19:33:51 - [TEST_STEP][PASSED] - navigateToUrl("https://dx-portal.qa.thekag.com/"): Navigate to 'https://dx-portal.qa.thekag.com/' successfully

21-10-2025T19:33:52 - [MESSAGE][PASSED] - Navigate to 'https://dx-portal.qa.thekag.com/' successfully

21-10-2025T19:33:52 - [TEST_STEP][PASSED] - delay(5): Delayed 5 second(s)

21-10-2025T19:33:57 - [MESSAGE][PASSED] - Delayed 5 second(s)

21-10-2025T19:33:57 - [TEST_STEP][PASSED] - setText(findTestObject("Object Repository/Page_IdentityServer4/input_Username (e.g. email address)_Username"), "Chris.Sheldon+DES_QA@Thekag.com"): Text 'Chris.Sheldon+DES_QA@Thekag.com' is set on object 'Object Repository/Page_IdentityServer4/input_Username (e.g. email address)_Username'

21-10-2025T19:33:57 - [MESSAGE][PASSED] - Text 'Chris.Sheldon+DES_QA@Thekag.com' is set on object 'Object Repository/Page_IdentityServer4/input_Username (e.g. email address)_Username'

21-10-2025T19:33:57 - [TEST_STEP][PASSED] - setEncryptedText(findTestObject("Page_IdentityServer4/input_Password_Password"), "BtpyPJuZxPz9EFo3Zi2c4Q=="): Text ****** has been set on object 'Object Repository/Page_IdentityServer4/input_Password_Password'

21-10-2025T19:33:57 - [MESSAGE][PASSED] - Text ****** has been set on object 'Object Repository/Page_IdentityServer4/input_Password_Password'

21-10-2025T19:33:57 - [TEST_STEP][PASSED] - click(findTestObject("Object Repository/Page_IdentityServer4/button_Login")): Object: 'Object Repository/Page_IdentityServer4/button_Login' is clicked on

21-10-2025T19:33:57 - [MESSAGE][PASSED] - Object: 'Object Repository/Page_IdentityServer4/button_Login' is clicked on

21-10-2025T19:33:57 - [TEST_STEP][PASSED] - delay(5): Delayed 5 second(s)

21-10-2025T19:34:02 - [MESSAGE][PASSED] - Delayed 5 second(s)

21-10-2025T19:34:02 - [MESSAGE][PASSED] - Call Test Case 'Test Cases/DES/DES Login' successfully

21-10-2025T19:34:02 - [TEST_STEP][PASSED] - setText(findTestObject("Object Repository/DES/Trading Partners Page/Search Trading Partner_input_txt"), "Katalon Trading"): Text 'Katalon Trading' is set on object 'Object Repository/DES/Trading Partners Page/Search Trading Partner_input_txt'

21-10-2025T19:34:02 - [MESSAGE][PASSED] - Text 'Katalon Trading' is set on object 'Object Repository/DES/Trading Partners Page/Search Trading Partner_input_txt'

21-10-2025T19:34:02 - [TEST_STEP][PASSED] - delay(5): Delayed 5 second(s)

21-10-2025T19:34:07 - [MESSAGE][PASSED] - Delayed 5 second(s)

21-10-2025T19:34:07 - [TEST_STEP][PASSED] - click(findTestObject("Object Repository/DES/Page_data-exchange/button_View")): Object: 'Object Repository/DES/Page_data-exchange/button_View' is clicked on

21-10-2025T19:34:07 - [MESSAGE][PASSED] - Object: 'Object Repository/DES/Page_data-exchange/button_View' is clicked on

21-10-2025T19:34:07 - [TEST_STEP][PASSED] - delay(5): Delayed 5 second(s)

21-10-2025T19:34:12 - [MESSAGE][PASSED] - Delayed 5 second(s)

21-10-2025T19:34:12 - [TEST_STEP][PASSED] - click(findTestObject("DES/TradingPartners/Subscription/Subscription Tab")): Object: 'Object Repository/DES/TradingPartners/Subscription/Subscription Tab' is clicked on

21-10-2025T19:34:13 - [MESSAGE][PASSED] - Object: 'Object Repository/DES/TradingPartners/Subscription/Subscription Tab' is clicked on

21-10-2025T19:34:13 - [TEST_STEP][PASSED] - delay(3): Delayed 3 second(s)

21-10-2025T19:34:16 - [MESSAGE][PASSED] - Delayed 3 second(s)

21-10-2025T19:34:16 - [TEST_STEP][PASSED] - click(findTestObject("Object Repository/Page_data-exchange/button_Add Subscription")): Object: 'Object Repository/Page_data-exchange/button_Add Subscription' is clicked on

21-10-2025T19:34:16 - [MESSAGE][PASSED] - Object: 'Object Repository/Page_data-exchange/button_Add Subscription' is clicked on

21-10-2025T19:34:16 - [TEST_STEP][PASSED] - delay(5): Delayed 5 second(s)

21-10-2025T19:34:21 - [MESSAGE][PASSED] - Delayed 5 second(s)

21-10-2025T19:34:21 - [TEST_STEP][PASSED] - selectOptionByIndex(findTestObject("Object Repository/DES/Page_data-exchange/select_Select a Transaction TypeFinancial D_642f55"), "9", STOP_ON_FAILURE): All options with index in [9] are selected on object 'Object Repository/DES/Page_data-exchange/select_Select a Transaction TypeFinancial D_642f55'

21-10-2025T19:34:21 - [MESSAGE][PASSED] - All options with index in [9] are selected on object 'Object Repository/DES/Page_data-exchange/select_Select a Transaction TypeFinancial D_642f55'

21-10-2025T19:34:21 - [TEST_STEP][PASSED] - delay(1): Delayed 1 second(s)

21-10-2025T19:34:22 - [MESSAGE][PASSED] - Delayed 1 second(s)

21-10-2025T19:34:22 - [TEST_STEP][PASSED] - selectOptionByIndex(findTestObject("Object Repository/DES/Page_data-exchange/select_Select.Inbound"), "1", STOP_ON_FAILURE): All options with index in [1] are selected on object 'Object Repository/DES/Page_data-exchange/select_Select.Inbound'

21-10-2025T19:34:22 - [MESSAGE][PASSED] - All options with index in [1] are selected on object 'Object Repository/DES/Page_data-exchange/select_Select.Inbound'

21-10-2025T19:34:22 - [TEST_STEP][PASSED] - delay(1): Delayed 1 second(s)

21-10-2025T19:34:23 - [MESSAGE][PASSED] - Delayed 1 second(s)

21-10-2025T19:34:23 - [TEST_STEP][PASSED] - click(findTestObject("Object Repository/DES/Page_data-exchange/button_Save")): Object: 'Object Repository/DES/Page_data-exchange/button_Save' is clicked on

21-10-2025T19:34:23 - [MESSAGE][PASSED] - Object: 'Object Repository/DES/Page_data-exchange/button_Save' is clicked on

21-10-2025T19:34:23 - [TEST_STEP][PASSED] - delay(5): Delayed 5 second(s)

21-10-2025T19:34:28 - [MESSAGE][PASSED] - Delayed 5 second(s)

21-10-2025T19:34:28 - [TEST_STEP][PASSED] - verifyElementPresent(findTestObject("Object Repository/DES/Page_data-exchange/h3_Load Tender (LT)"), 30): Object 'Object Repository/DES/Page_data-exchange/h3_Load Tender (LT)' is present

21-10-2025T19:34:28 - [MESSAGE][PASSED] - Object 'Object Repository/DES/Page_data-exchange/h3_Load Tender (LT)' is present

21-10-2025T19:34:28 - [TEST_STEP][PASSED] - click(findTestObject("Object Repository/DES/Page_data-exchange/button_Add Transmission")): Object: 'Object Repository/DES/Page_data-exchange/button_Add Transmission' is clicked on

21-10-2025T19:34:28 - [MESSAGE][PASSED] - Object: 'Object Repository/DES/Page_data-exchange/button_Add Transmission' is clicked on

21-10-2025T19:34:28 - [TEST_STEP][PASSED] - delay(5): Delayed 5 second(s)

21-10-2025T19:34:33 - [MESSAGE][PASSED] - Delayed 5 second(s)

21-10-2025T19:34:33 - [TEST_STEP][PASSED] - selectOptionByIndex(findTestObject("Object Repository/DES/Page_data-exchange/select_Select.EmailFile Transfer ProtocolNe_92efe9"), "3", STOP_ON_FAILURE): All options with index in [3] are selected on object 'Object Repository/DES/Page_data-exchange/select_Select.EmailFile Transfer ProtocolNe_92efe9'

21-10-2025T19:34:33 - [MESSAGE][PASSED] - All options with index in [3] are selected on object 'Object Repository/DES/Page_data-exchange/select_Select.EmailFile Transfer ProtocolNe_92efe9'

21-10-2025T19:34:33 - [TEST_STEP][PASSED] - delay(1): Delayed 1 second(s)

21-10-2025T19:34:34 - [MESSAGE][PASSED] - Delayed 1 second(s)

21-10-2025T19:34:34 - [TEST_STEP][PASSED] - selectOptionByIndex(findTestObject("DES/Trading Partners Page/Subscription/Transmission/Data Format_dropdown"), "1", STOP_ON_FAILURE): All options with index in [1] are selected on object 'Object Repository/DES/Trading Partners Page/Subscription/Transmission/Data Format_dropdown'

21-10-2025T19:34:34 - [MESSAGE][PASSED] - All options with index in [1] are selected on object 'Object Repository/DES/Trading Partners Page/Subscription/Transmission/Data Format_dropdown'

21-10-2025T19:34:34 - [TEST_STEP][PASSED] - delay(1): Delayed 1 second(s)

21-10-2025T19:34:35 - [MESSAGE][PASSED] - Delayed 1 second(s)

21-10-2025T19:34:35 - [TEST_STEP][PASSED] - selectOptionByIndex(findTestObject("Object Repository/DES/Page_data-exchange/select_Select.Adobe PDF (pdf)Text Document _99c46b"), "1", STOP_ON_FAILURE): All options with index in [1] are selected on object 'Object Repository/DES/Page_data-exchange/select_Select.Adobe PDF (pdf)Text Document _99c46b'

21-10-2025T19:34:36 - [MESSAGE][PASSED] - All options with index in [1] are selected on object 'Object Repository/DES/Page_data-exchange/select_Select.Adobe PDF (pdf)Text Document _99c46b'

21-10-2025T19:34:36 - [TEST_STEP][PASSED] - delay(3): Delayed 3 second(s)

21-10-2025T19:34:39 - [MESSAGE][PASSED] - Delayed 3 second(s)

21-10-2025T19:34:39 - [TEST_STEP][PASSED] - verifyTextNotPresent("Accelerate Mapping", false): Text 'Accelerate Mapping' is not present on page

21-10-2025T19:34:39 - [MESSAGE][PASSED] - Text 'Accelerate Mapping' is not present on page

21-10-2025T19:34:39 - [TEST_STEP][PASSED] - verifyElementNotPresent(findTestObject("DES/Trading Partners Page/Subscription/Transmission/Format Details/Accelerate_Mapping_LT_Yes_btn"), 5): Web element with id: 'Object Repository/DES/Trading Partners Page/Subscription/Transmission/Format Details/Accelerate_Mapping_LT_Yes_btn' located by 'By.xpath: /html/body/div/div/div[2]/div[2]/div/div/div/div/div/div/div[3]/div[2]/div[1]/div/div/div/div[4]/div/div/div[2]/div/div/div[1]/label' is not present after '5' second(s)

21-10-2025T19:34:39 - [MESSAGE][PASSED] - Web element with id: 'Object Repository/DES/Trading Partners Page/Subscription/Transmission/Format Details/Accelerate_Mapping_LT_Yes_btn' located by 'By.xpath: /html/body/div/div/div[2]/div[2]/div/div/div/div/div/div/div[3]/div[2]/div[1]/div/div/div/div[4]/div/div/div[2]/div/div/div[1]/label' is not present after '5' second(s)

21-10-2025T19:34:39 - [TEST_STEP][PASSED] - verifyElementNotPresent(findTestObject("DES/Trading Partners Page/Subscription/Transmission/Format Details/Accelerate_Mapping_LT_No_btn"), 5): Web element with id: 'Object Repository/DES/Trading Partners Page/Subscription/Transmission/Format Details/Accelerate_Mapping_LT_No_btn' located by 'By.xpath: /html/body/div/div/div[2]/div[2]/div/div/div/div/div/div/div[3]/div[2]/div[1]/div/div/div/div[4]/div/div/div[2]/div/div/div[2]/label' is not present after '5' second(s)

21-10-2025T19:34:39 - [MESSAGE][PASSED] - Web element with id: 'Object Repository/DES/Trading Partners Page/Subscription/Transmission/Format Details/Accelerate_Mapping_LT_No_btn' located by 'By.xpath: /html/body/div/div/div[2]/div[2]/div/div/div/div/div/div/div[3]/div[2]/div[1]/div/div/div/div[4]/div/div/div[2]/div/div/div[2]/label' is not present after '5' second(s)

21-10-2025T19:34:39 - [TEST_STEP][PASSED] - Start listener action : retryOnDisconnect: null

21-10-2025T19:34:39 - [TEST_STEP][PASSED] - tcId = testCaseContext.getTestCaseId(): null

21-10-2025T19:34:39 - [TEST_STEP][PASSED] - currentRetry = retryCounts.getOrDefault(tcId, 0): null

21-10-2025T19:34:39 - [TEST_STEP][PASSED] - if (testCaseContext.getTestCaseStatus() == "FAILED" && currentRetry < MAX_RETRIES): null]]></system-out>
         <system-err><![CDATA[]]></system-err>
      </testcase>
      <testcase name="Test Cases/DES/Trading Partners Page/Subscription/Transmission/Verify Accelerate Mapping Option Does Not Display For Inbound Load Tender Transmission" time="59.042" classname="Test Cases/DES/Trading Partners Page/Subscription/Transmission/Verify Accelerate Mapping Option Does Not Display For Inbound Load Tender Transmission" status="PASSED">
         <system-out><![CDATA[21-10-2025T19:34:39 - [TEST_CASE][PASSED] - Test Cases/DES/Trading Partners Page/Subscription/Transmission/Verify Accelerate Mapping Option Does Not Display For Inbound Load Tender Transmission: Test Cases/DES/Trading Partners Page/Subscription/Transmission/Verify Accelerate Mapping Option Does Not Display For Inbound Load Tender Transmission

21-10-2025T19:34:39 - [TEST_STEP][PASSED] - Start listener action : beforeTestCase: null

21-10-2025T19:34:39 - [TEST_STEP][PASSED] - addDefaultPackages(): null

21-10-2025T19:34:39 - [TEST_STEP][PASSED] - callTestCase(findTestCase("DES/DES Login"), [:], STOP_ON_FAILURE): Call Test Case 'Test Cases/DES/DES Login' successfully

21-10-2025T19:34:39 - [TEST_CASE][PASSED] - Test Cases/DES/DES Login: Test Cases/DES/DES Login

21-10-2025T19:34:39 - [TEST_STEP][PASSED] - openBrowser(""): Browser is opened with url: ''

21-10-2025T19:34:39 - [MESSAGE][WARNING] - A browser is already opened. Closing browser and opening a new one

21-10-2025T19:34:39 - [MESSAGE][INFO] - Starting 'Chrome' driver

21-10-2025T19:34:39 - [MESSAGE][INFO] - User set preference: ['args', '[--no-sandbox, --disable-gpu, --disable-dev-shm-usage]']

21-10-2025T19:34:39 - [MESSAGE][INFO] - Action delay is set to 0 milliseconds

21-10-2025T19:34:40 - [MESSAGE][PASSED] - Browser is opened with url: ''

21-10-2025T19:34:40 - [TEST_STEP][PASSED] - maximizeWindow(): Current window maximized

21-10-2025T19:34:40 - [MESSAGE][PASSED] - Current window maximized

21-10-2025T19:34:40 - [TEST_STEP][PASSED] - delay(10): Delayed 10 second(s)

21-10-2025T19:34:50 - [MESSAGE][PASSED] - Delayed 10 second(s)

21-10-2025T19:34:50 - [TEST_STEP][PASSED] - navigateToUrl("https://dx-portal.qa.thekag.com/"): Navigate to 'https://dx-portal.qa.thekag.com/' successfully

21-10-2025T19:34:50 - [MESSAGE][PASSED] - Navigate to 'https://dx-portal.qa.thekag.com/' successfully

21-10-2025T19:34:50 - [TEST_STEP][PASSED] - delay(5): Delayed 5 second(s)

21-10-2025T19:34:55 - [MESSAGE][PASSED] - Delayed 5 second(s)

21-10-2025T19:34:55 - [TEST_STEP][PASSED] - setText(findTestObject("Object Repository/Page_IdentityServer4/input_Username (e.g. email address)_Username"), "Chris.Sheldon+DES_QA@Thekag.com"): Text 'Chris.Sheldon+DES_QA@Thekag.com' is set on object 'Object Repository/Page_IdentityServer4/input_Username (e.g. email address)_Username'

21-10-2025T19:34:55 - [MESSAGE][PASSED] - Text 'Chris.Sheldon+DES_QA@Thekag.com' is set on object 'Object Repository/Page_IdentityServer4/input_Username (e.g. email address)_Username'

21-10-2025T19:34:55 - [TEST_STEP][PASSED] - setEncryptedText(findTestObject("Page_IdentityServer4/input_Password_Password"), "BtpyPJuZxPz9EFo3Zi2c4Q=="): Text ****** has been set on object 'Object Repository/Page_IdentityServer4/input_Password_Password'

21-10-2025T19:34:55 - [MESSAGE][PASSED] - Text ****** has been set on object 'Object Repository/Page_IdentityServer4/input_Password_Password'

21-10-2025T19:34:55 - [TEST_STEP][PASSED] - click(findTestObject("Object Repository/Page_IdentityServer4/button_Login")): Object: 'Object Repository/Page_IdentityServer4/button_Login' is clicked on

21-10-2025T19:34:56 - [MESSAGE][PASSED] - Object: 'Object Repository/Page_IdentityServer4/button_Login' is clicked on

21-10-2025T19:34:56 - [TEST_STEP][PASSED] - delay(5): Delayed 5 second(s)

21-10-2025T19:35:01 - [MESSAGE][PASSED] - Delayed 5 second(s)

21-10-2025T19:35:01 - [MESSAGE][PASSED] - Call Test Case 'Test Cases/DES/DES Login' successfully

21-10-2025T19:35:01 - [TEST_STEP][PASSED] - setText(findTestObject("Object Repository/DES/Trading Partners Page/Search Trading Partner_input_txt"), "Katalon Trading"): Text 'Katalon Trading' is set on object 'Object Repository/DES/Trading Partners Page/Search Trading Partner_input_txt'

21-10-2025T19:35:01 - [MESSAGE][PASSED] - Text 'Katalon Trading' is set on object 'Object Repository/DES/Trading Partners Page/Search Trading Partner_input_txt'

21-10-2025T19:35:01 - [TEST_STEP][PASSED] - delay(5): Delayed 5 second(s)

21-10-2025T19:35:06 - [MESSAGE][PASSED] - Delayed 5 second(s)

21-10-2025T19:35:06 - [TEST_STEP][PASSED] - click(findTestObject("Object Repository/DES/Page_data-exchange/button_View")): Object: 'Object Repository/DES/Page_data-exchange/button_View' is clicked on

21-10-2025T19:35:07 - [MESSAGE][PASSED] - Object: 'Object Repository/DES/Page_data-exchange/button_View' is clicked on

21-10-2025T19:35:07 - [TEST_STEP][PASSED] - delay(5): Delayed 5 second(s)

21-10-2025T19:35:12 - [MESSAGE][PASSED] - Delayed 5 second(s)

21-10-2025T19:35:12 - [TEST_STEP][PASSED] - click(findTestObject("DES/TradingPartners/Subscription/Subscription Tab")): Object: 'Object Repository/DES/TradingPartners/Subscription/Subscription Tab' is clicked on

21-10-2025T19:35:12 - [MESSAGE][PASSED] - Object: 'Object Repository/DES/TradingPartners/Subscription/Subscription Tab' is clicked on

21-10-2025T19:35:12 - [TEST_STEP][PASSED] - delay(3): Delayed 3 second(s)

21-10-2025T19:35:15 - [MESSAGE][PASSED] - Delayed 3 second(s)

21-10-2025T19:35:15 - [TEST_STEP][PASSED] - click(findTestObject("Object Repository/Page_data-exchange/button_Add Subscription")): Object: 'Object Repository/Page_data-exchange/button_Add Subscription' is clicked on

21-10-2025T19:35:15 - [MESSAGE][PASSED] - Object: 'Object Repository/Page_data-exchange/button_Add Subscription' is clicked on

21-10-2025T19:35:15 - [TEST_STEP][PASSED] - delay(5): Delayed 5 second(s)

21-10-2025T19:35:20 - [MESSAGE][PASSED] - Delayed 5 second(s)

21-10-2025T19:35:20 - [TEST_STEP][PASSED] - selectOptionByIndex(findTestObject("Object Repository/DES/Page_data-exchange/select_Select a Transaction TypeFinancial D_642f55"), "8", STOP_ON_FAILURE): All options with index in [8] are selected on object 'Object Repository/DES/Page_data-exchange/select_Select a Transaction TypeFinancial D_642f55'

21-10-2025T19:35:20 - [MESSAGE][PASSED] - All options with index in [8] are selected on object 'Object Repository/DES/Page_data-exchange/select_Select a Transaction TypeFinancial D_642f55'

21-10-2025T19:35:20 - [TEST_STEP][PASSED] - delay(1): Delayed 1 second(s)

21-10-2025T19:35:21 - [MESSAGE][PASSED] - Delayed 1 second(s)

21-10-2025T19:35:21 - [TEST_STEP][PASSED] - selectOptionByIndex(findTestObject("Object Repository/DES/Page_data-exchange/select_Select.Inbound"), "1", STOP_ON_FAILURE): All options with index in [1] are selected on object 'Object Repository/DES/Page_data-exchange/select_Select.Inbound'

21-10-2025T19:35:21 - [MESSAGE][PASSED] - All options with index in [1] are selected on object 'Object Repository/DES/Page_data-exchange/select_Select.Inbound'

21-10-2025T19:35:21 - [TEST_STEP][PASSED] - delay(1): Delayed 1 second(s)

21-10-2025T19:35:22 - [MESSAGE][PASSED] - Delayed 1 second(s)

21-10-2025T19:35:22 - [TEST_STEP][PASSED] - click(findTestObject("Object Repository/DES/Page_data-exchange/button_Save")): Object: 'Object Repository/DES/Page_data-exchange/button_Save' is clicked on

21-10-2025T19:35:22 - [MESSAGE][PASSED] - Object: 'Object Repository/DES/Page_data-exchange/button_Save' is clicked on

21-10-2025T19:35:22 - [TEST_STEP][PASSED] - delay(5): Delayed 5 second(s)

21-10-2025T19:35:27 - [MESSAGE][PASSED] - Delayed 5 second(s)

21-10-2025T19:35:27 - [TEST_STEP][PASSED] - verifyElementPresent(findTestObject("Object Repository/DES/Page_data-exchange/h3_Load Tender (LT)"), 30): Object 'Object Repository/DES/Page_data-exchange/h3_Load Tender (LT)' is present

21-10-2025T19:35:27 - [MESSAGE][PASSED] - Object 'Object Repository/DES/Page_data-exchange/h3_Load Tender (LT)' is present

21-10-2025T19:35:27 - [TEST_STEP][PASSED] - click(findTestObject("Object Repository/DES/Page_data-exchange/button_Add Transmission")): Object: 'Object Repository/DES/Page_data-exchange/button_Add Transmission' is clicked on

21-10-2025T19:35:27 - [MESSAGE][PASSED] - Object: 'Object Repository/DES/Page_data-exchange/button_Add Transmission' is clicked on

21-10-2025T19:35:27 - [TEST_STEP][PASSED] - delay(5): Delayed 5 second(s)

21-10-2025T19:35:32 - [MESSAGE][PASSED] - Delayed 5 second(s)

21-10-2025T19:35:32 - [TEST_STEP][PASSED] - selectOptionByIndex(findTestObject("Object Repository/DES/Page_data-exchange/select_Select.EmailFile Transfer ProtocolNe_92efe9"), "3", STOP_ON_FAILURE): All options with index in [3] are selected on object 'Object Repository/DES/Page_data-exchange/select_Select.EmailFile Transfer ProtocolNe_92efe9'

21-10-2025T19:35:32 - [MESSAGE][PASSED] - All options with index in [3] are selected on object 'Object Repository/DES/Page_data-exchange/select_Select.EmailFile Transfer ProtocolNe_92efe9'

21-10-2025T19:35:32 - [TEST_STEP][PASSED] - delay(1): Delayed 1 second(s)

21-10-2025T19:35:33 - [MESSAGE][PASSED] - Delayed 1 second(s)

21-10-2025T19:35:33 - [TEST_STEP][PASSED] - selectOptionByIndex(findTestObject("DES/Trading Partners Page/Subscription/Transmission/Data Format_dropdown"), "1", STOP_ON_FAILURE): All options with index in [1] are selected on object 'Object Repository/DES/Trading Partners Page/Subscription/Transmission/Data Format_dropdown'

21-10-2025T19:35:33 - [MESSAGE][PASSED] - All options with index in [1] are selected on object 'Object Repository/DES/Trading Partners Page/Subscription/Transmission/Data Format_dropdown'

21-10-2025T19:35:33 - [TEST_STEP][PASSED] - delay(1): Delayed 1 second(s)

21-10-2025T19:35:34 - [MESSAGE][PASSED] - Delayed 1 second(s)

21-10-2025T19:35:34 - [TEST_STEP][PASSED] - selectOptionByIndex(findTestObject("Object Repository/DES/Page_data-exchange/select_Select.Adobe PDF (pdf)Text Document _99c46b"), "1", STOP_ON_FAILURE): All options with index in [1] are selected on object 'Object Repository/DES/Page_data-exchange/select_Select.Adobe PDF (pdf)Text Document _99c46b'

21-10-2025T19:35:35 - [MESSAGE][PASSED] - All options with index in [1] are selected on object 'Object Repository/DES/Page_data-exchange/select_Select.Adobe PDF (pdf)Text Document _99c46b'

21-10-2025T19:35:35 - [TEST_STEP][PASSED] - delay(3): Delayed 3 second(s)

21-10-2025T19:35:38 - [MESSAGE][PASSED] - Delayed 3 second(s)

21-10-2025T19:35:38 - [TEST_STEP][PASSED] - verifyTextNotPresent("Accelerate Mapping", false): Text 'Accelerate Mapping' is not present on page

21-10-2025T19:35:38 - [MESSAGE][PASSED] - Text 'Accelerate Mapping' is not present on page

21-10-2025T19:35:38 - [TEST_STEP][PASSED] - verifyElementNotPresent(findTestObject("DES/Trading Partners Page/Subscription/Transmission/Format Details/Accelerate_Mapping_LT_Yes_btn"), 5): Web element with id: 'Object Repository/DES/Trading Partners Page/Subscription/Transmission/Format Details/Accelerate_Mapping_LT_Yes_btn' located by 'By.xpath: /html/body/div/div/div[2]/div[2]/div/div/div/div/div/div/div[3]/div[2]/div[1]/div/div/div/div[4]/div/div/div[2]/div/div/div[1]/label' is not present after '5' second(s)

21-10-2025T19:35:38 - [MESSAGE][PASSED] - Web element with id: 'Object Repository/DES/Trading Partners Page/Subscription/Transmission/Format Details/Accelerate_Mapping_LT_Yes_btn' located by 'By.xpath: /html/body/div/div/div[2]/div[2]/div/div/div/div/div/div/div[3]/div[2]/div[1]/div/div/div/div[4]/div/div/div[2]/div/div/div[1]/label' is not present after '5' second(s)

21-10-2025T19:35:38 - [TEST_STEP][PASSED] - verifyElementNotPresent(findTestObject("DES/Trading Partners Page/Subscription/Transmission/Format Details/Accelerate_Mapping_LT_No_btn"), 5): Web element with id: 'Object Repository/DES/Trading Partners Page/Subscription/Transmission/Format Details/Accelerate_Mapping_LT_No_btn' located by 'By.xpath: /html/body/div/div/div[2]/div[2]/div/div/div/div/div/div/div[3]/div[2]/div[1]/div/div/div/div[4]/div/div/div[2]/div/div/div[2]/label' is not present after '5' second(s)

21-10-2025T19:35:38 - [MESSAGE][PASSED] - Web element with id: 'Object Repository/DES/Trading Partners Page/Subscription/Transmission/Format Details/Accelerate_Mapping_LT_No_btn' located by 'By.xpath: /html/body/div/div/div[2]/div[2]/div/div/div/div/div/div/div[3]/div[2]/div[1]/div/div/div/div[4]/div/div/div[2]/div/div/div[2]/label' is not present after '5' second(s)

21-10-2025T19:35:38 - [TEST_STEP][PASSED] - Start listener action : retryOnDisconnect: null

21-10-2025T19:35:38 - [TEST_STEP][PASSED] - tcId = testCaseContext.getTestCaseId(): null

21-10-2025T19:35:38 - [TEST_STEP][PASSED] - currentRetry = retryCounts.getOrDefault(tcId, 0): null

21-10-2025T19:35:38 - [TEST_STEP][PASSED] - if (testCaseContext.getTestCaseStatus() == "FAILED" && currentRetry < MAX_RETRIES): null]]></system-out>
         <system-err><![CDATA[]]></system-err>
      </testcase>
      <testcase name="Test Cases/DES/Trading Partners Page/Subscription/Transmission/Verify Accelerate Mapping Option Does Not Display For Inbound SSM Transmission" time="58.449" classname="Test Cases/DES/Trading Partners Page/Subscription/Transmission/Verify Accelerate Mapping Option Does Not Display For Inbound SSM Transmission" status="PASSED">
         <system-out><![CDATA[21-10-2025T19:35:38 - [TEST_CASE][PASSED] - Test Cases/DES/Trading Partners Page/Subscription/Transmission/Verify Accelerate Mapping Option Does Not Display For Inbound SSM Transmission: Test Cases/DES/Trading Partners Page/Subscription/Transmission/Verify Accelerate Mapping Option Does Not Display For Inbound SSM Transmission

21-10-2025T19:35:38 - [TEST_STEP][PASSED] - Start listener action : beforeTestCase: null

21-10-2025T19:35:38 - [TEST_STEP][PASSED] - addDefaultPackages(): null

21-10-2025T19:35:38 - [TEST_STEP][PASSED] - callTestCase(findTestCase("DES/DES Login"), [:], STOP_ON_FAILURE): Call Test Case 'Test Cases/DES/DES Login' successfully

21-10-2025T19:35:38 - [TEST_CASE][PASSED] - Test Cases/DES/DES Login: Test Cases/DES/DES Login

21-10-2025T19:35:38 - [TEST_STEP][PASSED] - openBrowser(""): Browser is opened with url: ''

21-10-2025T19:35:38 - [MESSAGE][WARNING] - A browser is already opened. Closing browser and opening a new one

21-10-2025T19:35:38 - [MESSAGE][INFO] - Starting 'Chrome' driver

21-10-2025T19:35:38 - [MESSAGE][INFO] - User set preference: ['args', '[--no-sandbox, --disable-gpu, --disable-dev-shm-usage]']

21-10-2025T19:35:38 - [MESSAGE][INFO] - Action delay is set to 0 milliseconds

21-10-2025T19:35:39 - [MESSAGE][PASSED] - Browser is opened with url: ''

21-10-2025T19:35:39 - [TEST_STEP][PASSED] - maximizeWindow(): Current window maximized

21-10-2025T19:35:39 - [MESSAGE][PASSED] - Current window maximized

21-10-2025T19:35:39 - [TEST_STEP][PASSED] - delay(10): Delayed 10 second(s)

21-10-2025T19:35:49 - [MESSAGE][PASSED] - Delayed 10 second(s)

21-10-2025T19:35:49 - [TEST_STEP][PASSED] - navigateToUrl("https://dx-portal.qa.thekag.com/"): Navigate to 'https://dx-portal.qa.thekag.com/' successfully

21-10-2025T19:35:49 - [MESSAGE][PASSED] - Navigate to 'https://dx-portal.qa.thekag.com/' successfully

21-10-2025T19:35:49 - [TEST_STEP][PASSED] - delay(5): Delayed 5 second(s)

21-10-2025T19:35:54 - [MESSAGE][PASSED] - Delayed 5 second(s)

21-10-2025T19:35:54 - [TEST_STEP][PASSED] - setText(findTestObject("Object Repository/Page_IdentityServer4/input_Username (e.g. email address)_Username"), "Chris.Sheldon+DES_QA@Thekag.com"): Text 'Chris.Sheldon+DES_QA@Thekag.com' is set on object 'Object Repository/Page_IdentityServer4/input_Username (e.g. email address)_Username'

21-10-2025T19:35:54 - [MESSAGE][PASSED] - Text 'Chris.Sheldon+DES_QA@Thekag.com' is set on object 'Object Repository/Page_IdentityServer4/input_Username (e.g. email address)_Username'

21-10-2025T19:35:54 - [TEST_STEP][PASSED] - setEncryptedText(findTestObject("Page_IdentityServer4/input_Password_Password"), "BtpyPJuZxPz9EFo3Zi2c4Q=="): Text ****** has been set on object 'Object Repository/Page_IdentityServer4/input_Password_Password'

21-10-2025T19:35:54 - [MESSAGE][PASSED] - Text ****** has been set on object 'Object Repository/Page_IdentityServer4/input_Password_Password'

21-10-2025T19:35:54 - [TEST_STEP][PASSED] - click(findTestObject("Object Repository/Page_IdentityServer4/button_Login")): Object: 'Object Repository/Page_IdentityServer4/button_Login' is clicked on

21-10-2025T19:35:54 - [MESSAGE][PASSED] - Object: 'Object Repository/Page_IdentityServer4/button_Login' is clicked on

21-10-2025T19:35:54 - [TEST_STEP][PASSED] - delay(5): Delayed 5 second(s)

21-10-2025T19:35:59 - [MESSAGE][PASSED] - Delayed 5 second(s)

21-10-2025T19:35:59 - [MESSAGE][PASSED] - Call Test Case 'Test Cases/DES/DES Login' successfully

21-10-2025T19:35:59 - [TEST_STEP][PASSED] - setText(findTestObject("Object Repository/DES/Trading Partners Page/Search Trading Partner_input_txt"), "Katalon Trading"): Text 'Katalon Trading' is set on object 'Object Repository/DES/Trading Partners Page/Search Trading Partner_input_txt'

21-10-2025T19:36:00 - [MESSAGE][PASSED] - Text 'Katalon Trading' is set on object 'Object Repository/DES/Trading Partners Page/Search Trading Partner_input_txt'

21-10-2025T19:36:00 - [TEST_STEP][PASSED] - delay(5): Delayed 5 second(s)

21-10-2025T19:36:05 - [MESSAGE][PASSED] - Delayed 5 second(s)

21-10-2025T19:36:05 - [TEST_STEP][PASSED] - click(findTestObject("Object Repository/DES/Page_data-exchange/button_View")): Object: 'Object Repository/DES/Page_data-exchange/button_View' is clicked on

21-10-2025T19:36:05 - [MESSAGE][PASSED] - Object: 'Object Repository/DES/Page_data-exchange/button_View' is clicked on

21-10-2025T19:36:05 - [TEST_STEP][PASSED] - delay(5): Delayed 5 second(s)

21-10-2025T19:36:10 - [MESSAGE][PASSED] - Delayed 5 second(s)

21-10-2025T19:36:10 - [TEST_STEP][PASSED] - click(findTestObject("DES/TradingPartners/Subscription/Subscription Tab")): Object: 'Object Repository/DES/TradingPartners/Subscription/Subscription Tab' is clicked on

21-10-2025T19:36:10 - [MESSAGE][PASSED] - Object: 'Object Repository/DES/TradingPartners/Subscription/Subscription Tab' is clicked on

21-10-2025T19:36:10 - [TEST_STEP][PASSED] - delay(3): Delayed 3 second(s)

21-10-2025T19:36:13 - [MESSAGE][PASSED] - Delayed 3 second(s)

21-10-2025T19:36:13 - [TEST_STEP][PASSED] - click(findTestObject("Object Repository/Page_data-exchange/button_Add Subscription")): Object: 'Object Repository/Page_data-exchange/button_Add Subscription' is clicked on

21-10-2025T19:36:13 - [MESSAGE][PASSED] - Object: 'Object Repository/Page_data-exchange/button_Add Subscription' is clicked on

21-10-2025T19:36:13 - [TEST_STEP][PASSED] - delay(5): Delayed 5 second(s)

21-10-2025T19:36:18 - [MESSAGE][PASSED] - Delayed 5 second(s)

21-10-2025T19:36:18 - [TEST_STEP][PASSED] - selectOptionByIndex(findTestObject("Object Repository/DES/Page_data-exchange/select_Select a Transaction TypeFinancial D_642f55"), "10", STOP_ON_FAILURE): All options with index in [10] are selected on object 'Object Repository/DES/Page_data-exchange/select_Select a Transaction TypeFinancial D_642f55'

21-10-2025T19:36:18 - [MESSAGE][PASSED] - All options with index in [10] are selected on object 'Object Repository/DES/Page_data-exchange/select_Select a Transaction TypeFinancial D_642f55'

21-10-2025T19:36:18 - [TEST_STEP][PASSED] - delay(1): Delayed 1 second(s)

21-10-2025T19:36:19 - [MESSAGE][PASSED] - Delayed 1 second(s)

21-10-2025T19:36:19 - [TEST_STEP][PASSED] - selectOptionByIndex(findTestObject("Object Repository/DES/Page_data-exchange/select_Select.Inbound"), "1", STOP_ON_FAILURE): All options with index in [1] are selected on object 'Object Repository/DES/Page_data-exchange/select_Select.Inbound'

21-10-2025T19:36:20 - [MESSAGE][PASSED] - All options with index in [1] are selected on object 'Object Repository/DES/Page_data-exchange/select_Select.Inbound'

21-10-2025T19:36:20 - [TEST_STEP][PASSED] - delay(1): Delayed 1 second(s)

21-10-2025T19:36:21 - [MESSAGE][PASSED] - Delayed 1 second(s)

21-10-2025T19:36:21 - [TEST_STEP][PASSED] - click(findTestObject("Object Repository/DES/Page_data-exchange/button_Save")): Object: 'Object Repository/DES/Page_data-exchange/button_Save' is clicked on

21-10-2025T19:36:21 - [MESSAGE][PASSED] - Object: 'Object Repository/DES/Page_data-exchange/button_Save' is clicked on

21-10-2025T19:36:21 - [TEST_STEP][PASSED] - delay(5): Delayed 5 second(s)

21-10-2025T19:36:26 - [MESSAGE][PASSED] - Delayed 5 second(s)

21-10-2025T19:36:26 - [TEST_STEP][PASSED] - verifyElementPresent(findTestObject("Object Repository/DES/Page_data-exchange/h3_Load Tender (LT)"), 30): Object 'Object Repository/DES/Page_data-exchange/h3_Load Tender (LT)' is present

21-10-2025T19:36:26 - [MESSAGE][PASSED] - Object 'Object Repository/DES/Page_data-exchange/h3_Load Tender (LT)' is present

21-10-2025T19:36:26 - [TEST_STEP][PASSED] - click(findTestObject("Object Repository/DES/Page_data-exchange/button_Add Transmission")): Object: 'Object Repository/DES/Page_data-exchange/button_Add Transmission' is clicked on

21-10-2025T19:36:26 - [MESSAGE][PASSED] - Object: 'Object Repository/DES/Page_data-exchange/button_Add Transmission' is clicked on

21-10-2025T19:36:26 - [TEST_STEP][PASSED] - delay(5): Delayed 5 second(s)

21-10-2025T19:36:31 - [MESSAGE][PASSED] - Delayed 5 second(s)

21-10-2025T19:36:31 - [TEST_STEP][PASSED] - selectOptionByIndex(findTestObject("Object Repository/DES/Page_data-exchange/select_Select.EmailFile Transfer ProtocolNe_92efe9"), "3", STOP_ON_FAILURE): All options with index in [3] are selected on object 'Object Repository/DES/Page_data-exchange/select_Select.EmailFile Transfer ProtocolNe_92efe9'

21-10-2025T19:36:31 - [MESSAGE][PASSED] - All options with index in [3] are selected on object 'Object Repository/DES/Page_data-exchange/select_Select.EmailFile Transfer ProtocolNe_92efe9'

21-10-2025T19:36:31 - [TEST_STEP][PASSED] - delay(1): Delayed 1 second(s)

21-10-2025T19:36:32 - [MESSAGE][PASSED] - Delayed 1 second(s)

21-10-2025T19:36:32 - [TEST_STEP][PASSED] - selectOptionByIndex(findTestObject("DES/Trading Partners Page/Subscription/Transmission/Data Format_dropdown"), "1", STOP_ON_FAILURE): All options with index in [1] are selected on object 'Object Repository/DES/Trading Partners Page/Subscription/Transmission/Data Format_dropdown'

21-10-2025T19:36:32 - [MESSAGE][PASSED] - All options with index in [1] are selected on object 'Object Repository/DES/Trading Partners Page/Subscription/Transmission/Data Format_dropdown'

21-10-2025T19:36:32 - [TEST_STEP][PASSED] - delay(1): Delayed 1 second(s)

21-10-2025T19:36:33 - [MESSAGE][PASSED] - Delayed 1 second(s)

21-10-2025T19:36:33 - [TEST_STEP][PASSED] - selectOptionByIndex(findTestObject("Object Repository/DES/Page_data-exchange/select_Select.Adobe PDF (pdf)Text Document _99c46b"), "1", STOP_ON_FAILURE): All options with index in [1] are selected on object 'Object Repository/DES/Page_data-exchange/select_Select.Adobe PDF (pdf)Text Document _99c46b'

21-10-2025T19:36:33 - [MESSAGE][PASSED] - All options with index in [1] are selected on object 'Object Repository/DES/Page_data-exchange/select_Select.Adobe PDF (pdf)Text Document _99c46b'

21-10-2025T19:36:33 - [TEST_STEP][PASSED] - delay(3): Delayed 3 second(s)

21-10-2025T19:36:36 - [MESSAGE][PASSED] - Delayed 3 second(s)

21-10-2025T19:36:36 - [TEST_STEP][PASSED] - verifyTextNotPresent("Accelerate Mapping", false): Text 'Accelerate Mapping' is not present on page

21-10-2025T19:36:36 - [MESSAGE][PASSED] - Text 'Accelerate Mapping' is not present on page

21-10-2025T19:36:36 - [TEST_STEP][PASSED] - verifyElementNotPresent(findTestObject("DES/Trading Partners Page/Subscription/Transmission/Format Details/Accelerate_Mapping_LT_Yes_btn"), 5): Web element with id: 'Object Repository/DES/Trading Partners Page/Subscription/Transmission/Format Details/Accelerate_Mapping_LT_Yes_btn' located by 'By.xpath: /html/body/div/div/div[2]/div[2]/div/div/div/div/div/div/div[3]/div[2]/div[1]/div/div/div/div[4]/div/div/div[2]/div/div/div[1]/label' is not present after '5' second(s)

21-10-2025T19:36:36 - [MESSAGE][PASSED] - Web element with id: 'Object Repository/DES/Trading Partners Page/Subscription/Transmission/Format Details/Accelerate_Mapping_LT_Yes_btn' located by 'By.xpath: /html/body/div/div/div[2]/div[2]/div/div/div/div/div/div/div[3]/div[2]/div[1]/div/div/div/div[4]/div/div/div[2]/div/div/div[1]/label' is not present after '5' second(s)

21-10-2025T19:36:36 - [TEST_STEP][PASSED] - verifyElementNotPresent(findTestObject("DES/Trading Partners Page/Subscription/Transmission/Format Details/Accelerate_Mapping_LT_No_btn"), 5): Web element with id: 'Object Repository/DES/Trading Partners Page/Subscription/Transmission/Format Details/Accelerate_Mapping_LT_No_btn' located by 'By.xpath: /html/body/div/div/div[2]/div[2]/div/div/div/div/div/div/div[3]/div[2]/div[1]/div/div/div/div[4]/div/div/div[2]/div/div/div[2]/label' is not present after '5' second(s)

21-10-2025T19:36:36 - [MESSAGE][PASSED] - Web element with id: 'Object Repository/DES/Trading Partners Page/Subscription/Transmission/Format Details/Accelerate_Mapping_LT_No_btn' located by 'By.xpath: /html/body/div/div/div[2]/div[2]/div/div/div/div/div/div/div[3]/div[2]/div[1]/div/div/div/div[4]/div/div/div[2]/div/div/div[2]/label' is not present after '5' second(s)

21-10-2025T19:36:36 - [TEST_STEP][PASSED] - Start listener action : retryOnDisconnect: null

21-10-2025T19:36:36 - [TEST_STEP][PASSED] - tcId = testCaseContext.getTestCaseId(): null

21-10-2025T19:36:36 - [TEST_STEP][PASSED] - currentRetry = retryCounts.getOrDefault(tcId, 0): null

21-10-2025T19:36:36 - [TEST_STEP][PASSED] - if (testCaseContext.getTestCaseStatus() == "FAILED" && currentRetry < MAX_RETRIES): null]]></system-out>
         <system-err><![CDATA[]]></system-err>
      </testcase>
      <testcase name="Test Cases/DES/Trading Partners Page/Subscription/Transmission/Verify Accelerate Mapping Option Does Not Display For Outbound SSM Transmission" time="59.885" classname="Test Cases/DES/Trading Partners Page/Subscription/Transmission/Verify Accelerate Mapping Option Does Not Display For Outbound SSM Transmission" status="PASSED">
         <system-out><![CDATA[21-10-2025T19:36:36 - [TEST_CASE][PASSED] - Test Cases/DES/Trading Partners Page/Subscription/Transmission/Verify Accelerate Mapping Option Does Not Display For Outbound SSM Transmission: Test Cases/DES/Trading Partners Page/Subscription/Transmission/Verify Accelerate Mapping Option Does Not Display For Outbound SSM Transmission

21-10-2025T19:36:36 - [TEST_STEP][PASSED] - Start listener action : beforeTestCase: null

21-10-2025T19:36:36 - [TEST_STEP][PASSED] - addDefaultPackages(): null

21-10-2025T19:36:36 - [TEST_STEP][PASSED] - callTestCase(findTestCase("DES/DES Login"), [:], STOP_ON_FAILURE): Call Test Case 'Test Cases/DES/DES Login' successfully

21-10-2025T19:36:36 - [TEST_CASE][PASSED] - Test Cases/DES/DES Login: Test Cases/DES/DES Login

21-10-2025T19:36:36 - [TEST_STEP][PASSED] - openBrowser(""): Browser is opened with url: ''

21-10-2025T19:36:36 - [MESSAGE][WARNING] - A browser is already opened. Closing browser and opening a new one

21-10-2025T19:36:36 - [MESSAGE][INFO] - Starting 'Chrome' driver

21-10-2025T19:36:36 - [MESSAGE][INFO] - User set preference: ['args', '[--no-sandbox, --disable-gpu, --disable-dev-shm-usage]']

21-10-2025T19:36:36 - [MESSAGE][INFO] - Action delay is set to 0 milliseconds

21-10-2025T19:36:37 - [MESSAGE][PASSED] - Browser is opened with url: ''

21-10-2025T19:36:37 - [TEST_STEP][PASSED] - maximizeWindow(): Current window maximized

21-10-2025T19:36:37 - [MESSAGE][PASSED] - Current window maximized

21-10-2025T19:36:37 - [TEST_STEP][PASSED] - delay(10): Delayed 10 second(s)

21-10-2025T19:36:47 - [MESSAGE][PASSED] - Delayed 10 second(s)

21-10-2025T19:36:47 - [TEST_STEP][PASSED] - navigateToUrl("https://dx-portal.qa.thekag.com/"): Navigate to 'https://dx-portal.qa.thekag.com/' successfully

21-10-2025T19:36:48 - [MESSAGE][PASSED] - Navigate to 'https://dx-portal.qa.thekag.com/' successfully

21-10-2025T19:36:48 - [TEST_STEP][PASSED] - delay(5): Delayed 5 second(s)

21-10-2025T19:36:53 - [MESSAGE][PASSED] - Delayed 5 second(s)

21-10-2025T19:36:53 - [TEST_STEP][PASSED] - setText(findTestObject("Object Repository/Page_IdentityServer4/input_Username (e.g. email address)_Username"), "Chris.Sheldon+DES_QA@Thekag.com"): Text 'Chris.Sheldon+DES_QA@Thekag.com' is set on object 'Object Repository/Page_IdentityServer4/input_Username (e.g. email address)_Username'

21-10-2025T19:36:53 - [MESSAGE][PASSED] - Text 'Chris.Sheldon+DES_QA@Thekag.com' is set on object 'Object Repository/Page_IdentityServer4/input_Username (e.g. email address)_Username'

21-10-2025T19:36:53 - [TEST_STEP][PASSED] - setEncryptedText(findTestObject("Page_IdentityServer4/input_Password_Password"), "BtpyPJuZxPz9EFo3Zi2c4Q=="): Text ****** has been set on object 'Object Repository/Page_IdentityServer4/input_Password_Password'

21-10-2025T19:36:53 - [MESSAGE][PASSED] - Text ****** has been set on object 'Object Repository/Page_IdentityServer4/input_Password_Password'

21-10-2025T19:36:53 - [TEST_STEP][PASSED] - click(findTestObject("Object Repository/Page_IdentityServer4/button_Login")): Object: 'Object Repository/Page_IdentityServer4/button_Login' is clicked on

21-10-2025T19:36:53 - [MESSAGE][PASSED] - Object: 'Object Repository/Page_IdentityServer4/button_Login' is clicked on

21-10-2025T19:36:53 - [TEST_STEP][PASSED] - delay(5): Delayed 5 second(s)

21-10-2025T19:36:58 - [MESSAGE][PASSED] - Delayed 5 second(s)

21-10-2025T19:36:58 - [MESSAGE][PASSED] - Call Test Case 'Test Cases/DES/DES Login' successfully

21-10-2025T19:36:58 - [TEST_STEP][PASSED] - setText(findTestObject("Object Repository/DES/Trading Partners Page/Search Trading Partner_input_txt"), "Katalon Trading"): Text 'Katalon Trading' is set on object 'Object Repository/DES/Trading Partners Page/Search Trading Partner_input_txt'

21-10-2025T19:36:59 - [MESSAGE][PASSED] - Text 'Katalon Trading' is set on object 'Object Repository/DES/Trading Partners Page/Search Trading Partner_input_txt'

21-10-2025T19:36:59 - [TEST_STEP][PASSED] - delay(5): Delayed 5 second(s)

21-10-2025T19:37:04 - [MESSAGE][PASSED] - Delayed 5 second(s)

21-10-2025T19:37:04 - [TEST_STEP][PASSED] - click(findTestObject("Object Repository/DES/Page_data-exchange/button_View")): Object: 'Object Repository/DES/Page_data-exchange/button_View' is clicked on

21-10-2025T19:37:04 - [MESSAGE][PASSED] - Object: 'Object Repository/DES/Page_data-exchange/button_View' is clicked on

21-10-2025T19:37:04 - [TEST_STEP][PASSED] - delay(5): Delayed 5 second(s)

21-10-2025T19:37:09 - [MESSAGE][PASSED] - Delayed 5 second(s)

21-10-2025T19:37:09 - [TEST_STEP][PASSED] - click(findTestObject("DES/TradingPartners/Subscription/Subscription Tab")): Object: 'Object Repository/DES/TradingPartners/Subscription/Subscription Tab' is clicked on

21-10-2025T19:37:09 - [MESSAGE][PASSED] - Object: 'Object Repository/DES/TradingPartners/Subscription/Subscription Tab' is clicked on

21-10-2025T19:37:09 - [TEST_STEP][PASSED] - delay(3): Delayed 3 second(s)

21-10-2025T19:37:12 - [MESSAGE][PASSED] - Delayed 3 second(s)

21-10-2025T19:37:12 - [TEST_STEP][PASSED] - click(findTestObject("Object Repository/Page_data-exchange/button_Add Subscription")): Object: 'Object Repository/Page_data-exchange/button_Add Subscription' is clicked on

21-10-2025T19:37:12 - [MESSAGE][PASSED] - Object: 'Object Repository/Page_data-exchange/button_Add Subscription' is clicked on

21-10-2025T19:37:12 - [TEST_STEP][PASSED] - delay(5): Delayed 5 second(s)

21-10-2025T19:37:17 - [MESSAGE][PASSED] - Delayed 5 second(s)

21-10-2025T19:37:17 - [TEST_STEP][PASSED] - selectOptionByIndex(findTestObject("Object Repository/DES/Page_data-exchange/select_Select a Transaction TypeFinancial D_642f55"), "10", STOP_ON_FAILURE): All options with index in [10] are selected on object 'Object Repository/DES/Page_data-exchange/select_Select a Transaction TypeFinancial D_642f55'

21-10-2025T19:37:17 - [MESSAGE][PASSED] - All options with index in [10] are selected on object 'Object Repository/DES/Page_data-exchange/select_Select a Transaction TypeFinancial D_642f55'

21-10-2025T19:37:17 - [TEST_STEP][PASSED] - delay(1): Delayed 1 second(s)

21-10-2025T19:37:18 - [MESSAGE][PASSED] - Delayed 1 second(s)

21-10-2025T19:37:18 - [TEST_STEP][PASSED] - selectOptionByIndex(findTestObject("Object Repository/DES/Page_data-exchange/select_Select.Inbound"), "2", STOP_ON_FAILURE): All options with index in [2] are selected on object 'Object Repository/DES/Page_data-exchange/select_Select.Inbound'

21-10-2025T19:37:18 - [MESSAGE][PASSED] - All options with index in [2] are selected on object 'Object Repository/DES/Page_data-exchange/select_Select.Inbound'

21-10-2025T19:37:18 - [TEST_STEP][PASSED] - delay(1): Delayed 1 second(s)

21-10-2025T19:37:19 - [MESSAGE][PASSED] - Delayed 1 second(s)

21-10-2025T19:37:19 - [TEST_STEP][PASSED] - selectOptionByValue(findTestObject("Object Repository/DES/Page_data-exchange/select_Select.Real TimeScheduled"), "true", true): All options with value 'true' are selected in object 'Object Repository/DES/Page_data-exchange/select_Select.Real TimeScheduled'  using regular expression

21-10-2025T19:37:19 - [MESSAGE][PASSED] - All options with value 'true' are selected in object 'Object Repository/DES/Page_data-exchange/select_Select.Real TimeScheduled'  using regular expression

21-10-2025T19:37:19 - [TEST_STEP][PASSED] - delay(1): Delayed 1 second(s)

21-10-2025T19:37:20 - [MESSAGE][PASSED] - Delayed 1 second(s)

21-10-2025T19:37:20 - [TEST_STEP][PASSED] - click(findTestObject("Object Repository/DES/Page_data-exchange/button_Save")): Object: 'Object Repository/DES/Page_data-exchange/button_Save' is clicked on

21-10-2025T19:37:20 - [MESSAGE][PASSED] - Object: 'Object Repository/DES/Page_data-exchange/button_Save' is clicked on

21-10-2025T19:37:20 - [TEST_STEP][PASSED] - delay(5): Delayed 5 second(s)

21-10-2025T19:37:25 - [MESSAGE][PASSED] - Delayed 5 second(s)

21-10-2025T19:37:25 - [TEST_STEP][PASSED] - verifyElementPresent(findTestObject("Object Repository/DES/Page_data-exchange/h3_Load Tender (LT)"), 30): Object 'Object Repository/DES/Page_data-exchange/h3_Load Tender (LT)' is present

21-10-2025T19:37:26 - [MESSAGE][PASSED] - Object 'Object Repository/DES/Page_data-exchange/h3_Load Tender (LT)' is present

21-10-2025T19:37:26 - [TEST_STEP][PASSED] - click(findTestObject("Object Repository/DES/Page_data-exchange/button_Add Transmission")): Object: 'Object Repository/DES/Page_data-exchange/button_Add Transmission' is clicked on

21-10-2025T19:37:26 - [MESSAGE][PASSED] - Object: 'Object Repository/DES/Page_data-exchange/button_Add Transmission' is clicked on

21-10-2025T19:37:26 - [TEST_STEP][PASSED] - delay(5): Delayed 5 second(s)

21-10-2025T19:37:31 - [MESSAGE][PASSED] - Delayed 5 second(s)

21-10-2025T19:37:31 - [TEST_STEP][PASSED] - selectOptionByIndex(findTestObject("Object Repository/DES/Page_data-exchange/select_Select.EmailFile Transfer ProtocolNe_92efe9"), "1", STOP_ON_FAILURE): All options with index in [1] are selected on object 'Object Repository/DES/Page_data-exchange/select_Select.EmailFile Transfer ProtocolNe_92efe9'

21-10-2025T19:37:31 - [MESSAGE][PASSED] - All options with index in [1] are selected on object 'Object Repository/DES/Page_data-exchange/select_Select.EmailFile Transfer ProtocolNe_92efe9'

21-10-2025T19:37:31 - [TEST_STEP][PASSED] - delay(1): Delayed 1 second(s)

21-10-2025T19:37:32 - [MESSAGE][PASSED] - Delayed 1 second(s)

21-10-2025T19:37:32 - [TEST_STEP][PASSED] - selectOptionByIndex(findTestObject("DES/Trading Partners Page/Subscription/Transmission/Data Format_dropdown"), "1", STOP_ON_FAILURE): All options with index in [1] are selected on object 'Object Repository/DES/Trading Partners Page/Subscription/Transmission/Data Format_dropdown'

21-10-2025T19:37:32 - [MESSAGE][PASSED] - All options with index in [1] are selected on object 'Object Repository/DES/Trading Partners Page/Subscription/Transmission/Data Format_dropdown'

21-10-2025T19:37:32 - [TEST_STEP][PASSED] - delay(1): Delayed 1 second(s)

21-10-2025T19:37:33 - [MESSAGE][PASSED] - Delayed 1 second(s)

21-10-2025T19:37:33 - [TEST_STEP][PASSED] - selectOptionByIndex(findTestObject("Object Repository/DES/Page_data-exchange/select_Select.Adobe PDF (pdf)Text Document _99c46b"), "1", STOP_ON_FAILURE): All options with index in [1] are selected on object 'Object Repository/DES/Page_data-exchange/select_Select.Adobe PDF (pdf)Text Document _99c46b'

21-10-2025T19:37:33 - [MESSAGE][PASSED] - All options with index in [1] are selected on object 'Object Repository/DES/Page_data-exchange/select_Select.Adobe PDF (pdf)Text Document _99c46b'

21-10-2025T19:37:33 - [TEST_STEP][PASSED] - delay(3): Delayed 3 second(s)

21-10-2025T19:37:36 - [MESSAGE][PASSED] - Delayed 3 second(s)

21-10-2025T19:37:36 - [TEST_STEP][PASSED] - verifyTextNotPresent("Accelerate Mapping", false): Text 'Accelerate Mapping' is not present on page

21-10-2025T19:37:36 - [MESSAGE][PASSED] - Text 'Accelerate Mapping' is not present on page

21-10-2025T19:37:36 - [TEST_STEP][PASSED] - Start listener action : retryOnDisconnect: null

21-10-2025T19:37:36 - [TEST_STEP][PASSED] - tcId = testCaseContext.getTestCaseId(): null

21-10-2025T19:37:36 - [TEST_STEP][PASSED] - currentRetry = retryCounts.getOrDefault(tcId, 0): null

21-10-2025T19:37:36 - [TEST_STEP][PASSED] - if (testCaseContext.getTestCaseStatus() == "FAILED" && currentRetry < MAX_RETRIES): null]]></system-out>
         <system-err><![CDATA[]]></system-err>
      </testcase>
      <testcase name="Test Cases/DES/Trading Partners Page/Subscription/Verify Send First Response Only Visible on Subscription Summary Page" time="36.565" classname="Test Cases/DES/Trading Partners Page/Subscription/Verify Send First Response Only Visible on Subscription Summary Page" status="PASSED">
         <system-out><![CDATA[21-10-2025T19:37:36 - [TEST_CASE][PASSED] - Test Cases/DES/Trading Partners Page/Subscription/Verify Send First Response Only Visible on Subscription Summary Page: Test Cases/DES/Trading Partners Page/Subscription/Verify Send First Response Only Visible on Subscription Summary Page

21-10-2025T19:37:36 - [TEST_STEP][PASSED] - Start listener action : beforeTestCase: null

21-10-2025T19:37:36 - [TEST_STEP][PASSED] - addDefaultPackages(): null

21-10-2025T19:37:36 - [TEST_STEP][PASSED] - callTestCase(findTestCase("DES/DES Login"), [:], STOP_ON_FAILURE): Call Test Case 'Test Cases/DES/DES Login' successfully

21-10-2025T19:37:36 - [TEST_CASE][PASSED] - Test Cases/DES/DES Login: Test Cases/DES/DES Login

21-10-2025T19:37:36 - [TEST_STEP][PASSED] - openBrowser(""): Browser is opened with url: ''

21-10-2025T19:37:36 - [MESSAGE][WARNING] - A browser is already opened. Closing browser and opening a new one

21-10-2025T19:37:36 - [MESSAGE][INFO] - Starting 'Chrome' driver

21-10-2025T19:37:36 - [MESSAGE][INFO] - User set preference: ['args', '[--no-sandbox, --disable-gpu, --disable-dev-shm-usage]']

21-10-2025T19:37:36 - [MESSAGE][INFO] - Action delay is set to 0 milliseconds

21-10-2025T19:37:37 - [MESSAGE][PASSED] - Browser is opened with url: ''

21-10-2025T19:37:37 - [TEST_STEP][PASSED] - maximizeWindow(): Current window maximized

21-10-2025T19:37:37 - [MESSAGE][PASSED] - Current window maximized

21-10-2025T19:37:37 - [TEST_STEP][PASSED] - delay(10): Delayed 10 second(s)

21-10-2025T19:37:47 - [MESSAGE][PASSED] - Delayed 10 second(s)

21-10-2025T19:37:47 - [TEST_STEP][PASSED] - navigateToUrl("https://dx-portal.qa.thekag.com/"): Navigate to 'https://dx-portal.qa.thekag.com/' successfully

21-10-2025T19:37:48 - [MESSAGE][PASSED] - Navigate to 'https://dx-portal.qa.thekag.com/' successfully

21-10-2025T19:37:48 - [TEST_STEP][PASSED] - delay(5): Delayed 5 second(s)

21-10-2025T19:37:53 - [MESSAGE][PASSED] - Delayed 5 second(s)

21-10-2025T19:37:53 - [TEST_STEP][PASSED] - setText(findTestObject("Object Repository/Page_IdentityServer4/input_Username (e.g. email address)_Username"), "Chris.Sheldon+DES_QA@Thekag.com"): Text 'Chris.Sheldon+DES_QA@Thekag.com' is set on object 'Object Repository/Page_IdentityServer4/input_Username (e.g. email address)_Username'

21-10-2025T19:37:53 - [MESSAGE][PASSED] - Text 'Chris.Sheldon+DES_QA@Thekag.com' is set on object 'Object Repository/Page_IdentityServer4/input_Username (e.g. email address)_Username'

21-10-2025T19:37:53 - [TEST_STEP][PASSED] - setEncryptedText(findTestObject("Page_IdentityServer4/input_Password_Password"), "BtpyPJuZxPz9EFo3Zi2c4Q=="): Text ****** has been set on object 'Object Repository/Page_IdentityServer4/input_Password_Password'

21-10-2025T19:37:53 - [MESSAGE][PASSED] - Text ****** has been set on object 'Object Repository/Page_IdentityServer4/input_Password_Password'

21-10-2025T19:37:53 - [TEST_STEP][PASSED] - click(findTestObject("Object Repository/Page_IdentityServer4/button_Login")): Object: 'Object Repository/Page_IdentityServer4/button_Login' is clicked on

21-10-2025T19:37:53 - [MESSAGE][PASSED] - Object: 'Object Repository/Page_IdentityServer4/button_Login' is clicked on

21-10-2025T19:37:53 - [TEST_STEP][PASSED] - delay(5): Delayed 5 second(s)

21-10-2025T19:37:58 - [MESSAGE][PASSED] - Delayed 5 second(s)

21-10-2025T19:37:58 - [MESSAGE][PASSED] - Call Test Case 'Test Cases/DES/DES Login' successfully

21-10-2025T19:37:58 - [TEST_STEP][PASSED] - setText(findTestObject("DES/Trading Partners Page/Search Trading Partner_input_txt"), "MercuryGate"): Text 'MercuryGate' is set on object 'Object Repository/DES/Trading Partners Page/Search Trading Partner_input_txt'

21-10-2025T19:37:58 - [MESSAGE][PASSED] - Text 'MercuryGate' is set on object 'Object Repository/DES/Trading Partners Page/Search Trading Partner_input_txt'

21-10-2025T19:37:58 - [TEST_STEP][PASSED] - delay(5): Delayed 5 second(s)

21-10-2025T19:38:03 - [MESSAGE][PASSED] - Delayed 5 second(s)

21-10-2025T19:38:03 - [TEST_STEP][PASSED] - click(findTestObject("DES/TradingPartners/Katalon Trading TP View_btn")): Object: 'Object Repository/DES/TradingPartners/Katalon Trading TP View_btn' is clicked on

21-10-2025T19:38:03 - [MESSAGE][PASSED] - Object: 'Object Repository/DES/TradingPartners/Katalon Trading TP View_btn' is clicked on

21-10-2025T19:38:03 - [TEST_STEP][PASSED] - click(findTestObject("DES/TradingPartners/Subscription/Subscription Tab")): Object: 'Object Repository/DES/TradingPartners/Subscription/Subscription Tab' is clicked on

21-10-2025T19:38:05 - [MESSAGE][PASSED] - Object: 'Object Repository/DES/TradingPartners/Subscription/Subscription Tab' is clicked on

21-10-2025T19:38:05 - [TEST_STEP][PASSED] - delay(7): Delayed 7 second(s)

21-10-2025T19:38:12 - [MESSAGE][PASSED] - Delayed 7 second(s)

21-10-2025T19:38:12 - [TEST_STEP][PASSED] - verifyTextPresent("Send First Response Only", false): Text 'Send First Response Only' is present on page 

21-10-2025T19:38:12 - [MESSAGE][PASSED] - Text 'Send First Response Only' is present on page 

21-10-2025T19:38:12 - [TEST_STEP][PASSED] - closeBrowser(): Browser is closed

21-10-2025T19:38:13 - [MESSAGE][PASSED] - Browser is closed

21-10-2025T19:38:13 - [TEST_STEP][PASSED] - Start listener action : retryOnDisconnect: null

21-10-2025T19:38:13 - [TEST_STEP][PASSED] - tcId = testCaseContext.getTestCaseId(): null

21-10-2025T19:38:13 - [TEST_STEP][PASSED] - currentRetry = retryCounts.getOrDefault(tcId, 0): null

21-10-2025T19:38:13 - [TEST_STEP][PASSED] - if (testCaseContext.getTestCaseStatus() == "FAILED" && currentRetry < MAX_RETRIES): null]]></system-out>
         <system-err><![CDATA[]]></system-err>
      </testcase>
      <testcase name="Test Cases/DES/DES Login" time="21.873" classname="Test Cases/DES/DES Login" status="PASSED">
         <system-out><![CDATA[21-10-2025T19:38:13 - [TEST_CASE][PASSED] - Test Cases/DES/DES Login: Test Cases/DES/DES Login

21-10-2025T19:38:13 - [TEST_STEP][PASSED] - Start listener action : beforeTestCase: null

21-10-2025T19:38:13 - [TEST_STEP][PASSED] - addDefaultPackages(): null

21-10-2025T19:38:13 - [TEST_STEP][PASSED] - openBrowser(""): Browser is opened with url: ''

21-10-2025T19:38:13 - [MESSAGE][INFO] - Starting 'Chrome' driver

21-10-2025T19:38:13 - [MESSAGE][INFO] - User set preference: ['args', '[--no-sandbox, --disable-gpu, --disable-dev-shm-usage]']

21-10-2025T19:38:13 - [MESSAGE][INFO] - Action delay is set to 0 milliseconds

21-10-2025T19:38:13 - [MESSAGE][PASSED] - Browser is opened with url: ''

21-10-2025T19:38:13 - [TEST_STEP][PASSED] - maximizeWindow(): Current window maximized

21-10-2025T19:38:13 - [MESSAGE][PASSED] - Current window maximized

21-10-2025T19:38:13 - [TEST_STEP][PASSED] - delay(10): Delayed 10 second(s)

21-10-2025T19:38:23 - [MESSAGE][PASSED] - Delayed 10 second(s)

21-10-2025T19:38:23 - [TEST_STEP][PASSED] - navigateToUrl("https://dx-portal.qa.thekag.com/"): Navigate to 'https://dx-portal.qa.thekag.com/' successfully

21-10-2025T19:38:24 - [MESSAGE][PASSED] - Navigate to 'https://dx-portal.qa.thekag.com/' successfully

21-10-2025T19:38:24 - [TEST_STEP][PASSED] - delay(5): Delayed 5 second(s)

21-10-2025T19:38:29 - [MESSAGE][PASSED] - Delayed 5 second(s)

21-10-2025T19:38:29 - [TEST_STEP][PASSED] - setText(findTestObject("Object Repository/Page_IdentityServer4/input_Username (e.g. email address)_Username"), "Chris.Sheldon+DES_QA@Thekag.com"): Text 'Chris.Sheldon+DES_QA@Thekag.com' is set on object 'Object Repository/Page_IdentityServer4/input_Username (e.g. email address)_Username'

21-10-2025T19:38:29 - [MESSAGE][PASSED] - Text 'Chris.Sheldon+DES_QA@Thekag.com' is set on object 'Object Repository/Page_IdentityServer4/input_Username (e.g. email address)_Username'

21-10-2025T19:38:29 - [TEST_STEP][PASSED] - setEncryptedText(findTestObject("Page_IdentityServer4/input_Password_Password"), "BtpyPJuZxPz9EFo3Zi2c4Q=="): Text ****** has been set on object 'Object Repository/Page_IdentityServer4/input_Password_Password'

21-10-2025T19:38:29 - [MESSAGE][PASSED] - Text ****** has been set on object 'Object Repository/Page_IdentityServer4/input_Password_Password'

21-10-2025T19:38:29 - [TEST_STEP][PASSED] - click(findTestObject("Object Repository/Page_IdentityServer4/button_Login")): Object: 'Object Repository/Page_IdentityServer4/button_Login' is clicked on

21-10-2025T19:38:29 - [MESSAGE][PASSED] - Object: 'Object Repository/Page_IdentityServer4/button_Login' is clicked on

21-10-2025T19:38:29 - [TEST_STEP][PASSED] - delay(5): Delayed 5 second(s)

21-10-2025T19:38:34 - [MESSAGE][PASSED] - Delayed 5 second(s)

21-10-2025T19:38:34 - [TEST_STEP][PASSED] - Start listener action : retryOnDisconnect: null

21-10-2025T19:38:34 - [TEST_STEP][PASSED] - tcId = testCaseContext.getTestCaseId(): null

21-10-2025T19:38:34 - [TEST_STEP][PASSED] - currentRetry = retryCounts.getOrDefault(tcId, 0): null

21-10-2025T19:38:34 - [TEST_STEP][PASSED] - if (testCaseContext.getTestCaseStatus() == "FAILED" && currentRetry < MAX_RETRIES): null]]></system-out>
         <system-err><![CDATA[]]></system-err>
      </testcase>
      <testcase name="Test Cases/DES/Trading Partners Page/Subscription/RemoveEmailAddressFromExistingTransmission" time="58.307" classname="Test Cases/DES/Trading Partners Page/Subscription/RemoveEmailAddressFromExistingTransmission" status="PASSED">
         <system-out><![CDATA[21-10-2025T19:38:34 - [TEST_CASE][PASSED] - Test Cases/DES/Trading Partners Page/Subscription/RemoveEmailAddressFromExistingTransmission: Test Cases/DES/Trading Partners Page/Subscription/RemoveEmailAddressFromExistingTransmission

21-10-2025T19:38:34 - [TEST_STEP][PASSED] - Start listener action : beforeTestCase: null

21-10-2025T19:38:34 - [TEST_STEP][PASSED] - addDefaultPackages(): null

21-10-2025T19:38:35 - [TEST_STEP][PASSED] - callTestCase(findTestCase("DES/DES Login"), [:], STOP_ON_FAILURE): Call Test Case 'Test Cases/DES/DES Login' successfully

21-10-2025T19:38:35 - [TEST_CASE][PASSED] - Test Cases/DES/DES Login: Test Cases/DES/DES Login

21-10-2025T19:38:35 - [TEST_STEP][PASSED] - openBrowser(""): Browser is opened with url: ''

21-10-2025T19:38:35 - [MESSAGE][WARNING] - A browser is already opened. Closing browser and opening a new one

21-10-2025T19:38:35 - [MESSAGE][INFO] - Starting 'Chrome' driver

21-10-2025T19:38:35 - [MESSAGE][INFO] - User set preference: ['args', '[--no-sandbox, --disable-gpu, --disable-dev-shm-usage]']

21-10-2025T19:38:35 - [MESSAGE][INFO] - Action delay is set to 0 milliseconds

21-10-2025T19:38:35 - [MESSAGE][PASSED] - Browser is opened with url: ''

21-10-2025T19:38:35 - [TEST_STEP][PASSED] - maximizeWindow(): Current window maximized

21-10-2025T19:38:35 - [MESSAGE][PASSED] - Current window maximized

21-10-2025T19:38:35 - [TEST_STEP][PASSED] - delay(10): Delayed 10 second(s)

21-10-2025T19:38:45 - [MESSAGE][PASSED] - Delayed 10 second(s)

21-10-2025T19:38:45 - [TEST_STEP][PASSED] - navigateToUrl("https://dx-portal.qa.thekag.com/"): Navigate to 'https://dx-portal.qa.thekag.com/' successfully

21-10-2025T19:38:46 - [MESSAGE][PASSED] - Navigate to 'https://dx-portal.qa.thekag.com/' successfully

21-10-2025T19:38:46 - [TEST_STEP][PASSED] - delay(5): Delayed 5 second(s)

21-10-2025T19:38:51 - [MESSAGE][PASSED] - Delayed 5 second(s)

21-10-2025T19:38:51 - [TEST_STEP][PASSED] - setText(findTestObject("Object Repository/Page_IdentityServer4/input_Username (e.g. email address)_Username"), "Chris.Sheldon+DES_QA@Thekag.com"): Text 'Chris.Sheldon+DES_QA@Thekag.com' is set on object 'Object Repository/Page_IdentityServer4/input_Username (e.g. email address)_Username'

21-10-2025T19:38:51 - [MESSAGE][PASSED] - Text 'Chris.Sheldon+DES_QA@Thekag.com' is set on object 'Object Repository/Page_IdentityServer4/input_Username (e.g. email address)_Username'

21-10-2025T19:38:51 - [TEST_STEP][PASSED] - setEncryptedText(findTestObject("Page_IdentityServer4/input_Password_Password"), "BtpyPJuZxPz9EFo3Zi2c4Q=="): Text ****** has been set on object 'Object Repository/Page_IdentityServer4/input_Password_Password'

21-10-2025T19:38:51 - [MESSAGE][PASSED] - Text ****** has been set on object 'Object Repository/Page_IdentityServer4/input_Password_Password'

21-10-2025T19:38:51 - [TEST_STEP][PASSED] - click(findTestObject("Object Repository/Page_IdentityServer4/button_Login")): Object: 'Object Repository/Page_IdentityServer4/button_Login' is clicked on

21-10-2025T19:38:51 - [MESSAGE][PASSED] - Object: 'Object Repository/Page_IdentityServer4/button_Login' is clicked on

21-10-2025T19:38:51 - [TEST_STEP][PASSED] - delay(5): Delayed 5 second(s)

21-10-2025T19:38:56 - [MESSAGE][PASSED] - Delayed 5 second(s)

21-10-2025T19:38:56 - [MESSAGE][PASSED] - Call Test Case 'Test Cases/DES/DES Login' successfully

21-10-2025T19:38:56 - [TEST_STEP][PASSED] - setText(findTestObject("Object Repository/DES/Trading Partners Page/Search Trading Partner_input_txt"), "ALLIANCE ENERGY MASS"): Text 'ALLIANCE ENERGY MASS' is set on object 'Object Repository/DES/Trading Partners Page/Search Trading Partner_input_txt'

21-10-2025T19:38:57 - [MESSAGE][PASSED] - Text 'ALLIANCE ENERGY MASS' is set on object 'Object Repository/DES/Trading Partners Page/Search Trading Partner_input_txt'

21-10-2025T19:38:57 - [TEST_STEP][PASSED] - delay(5): Delayed 5 second(s)

21-10-2025T19:39:02 - [MESSAGE][PASSED] - Delayed 5 second(s)

21-10-2025T19:39:02 - [TEST_STEP][PASSED] - click(findTestObject("Object Repository/DES/TradingPartners/Katalon Trading TP View_btn")): Object: 'Object Repository/DES/TradingPartners/Katalon Trading TP View_btn' is clicked on

21-10-2025T19:39:02 - [MESSAGE][PASSED] - Object: 'Object Repository/DES/TradingPartners/Katalon Trading TP View_btn' is clicked on

21-10-2025T19:39:02 - [TEST_STEP][PASSED] - delay(3): Delayed 3 second(s)

21-10-2025T19:39:05 - [MESSAGE][PASSED] - Delayed 3 second(s)

21-10-2025T19:39:05 - [TEST_STEP][PASSED] - click(findTestObject("Object Repository/Page_data-exchange/a_Subscription")): Object: 'Object Repository/Page_data-exchange/a_Subscription' is clicked on

21-10-2025T19:39:05 - [MESSAGE][PASSED] - Object: 'Object Repository/Page_data-exchange/a_Subscription' is clicked on

21-10-2025T19:39:05 - [TEST_STEP][PASSED] - delay(10): Delayed 10 second(s)

21-10-2025T19:39:15 - [MESSAGE][PASSED] - Delayed 10 second(s)

21-10-2025T19:39:15 - [TEST_STEP][PASSED] - click(findTestObject("Object Repository/Page_data-exchange/button_Select")): Object: 'Object Repository/Page_data-exchange/button_Select' is clicked on

21-10-2025T19:39:15 - [MESSAGE][PASSED] - Object: 'Object Repository/Page_data-exchange/button_Select' is clicked on

21-10-2025T19:39:15 - [TEST_STEP][PASSED] - delay(3): Delayed 3 second(s)

21-10-2025T19:39:18 - [MESSAGE][PASSED] - Delayed 3 second(s)

21-10-2025T19:39:18 - [TEST_STEP][PASSED] - click(findTestObject("Object Repository/Page_data-exchange/a_View")): Object: 'Object Repository/Page_data-exchange/a_View' is clicked on

21-10-2025T19:39:18 - [MESSAGE][PASSED] - Object: 'Object Repository/Page_data-exchange/a_View' is clicked on

21-10-2025T19:39:18 - [TEST_STEP][PASSED] - delay(3): Delayed 3 second(s)

21-10-2025T19:39:21 - [MESSAGE][PASSED] - Delayed 3 second(s)

21-10-2025T19:39:21 - [TEST_STEP][PASSED] - click(findTestObject("Object Repository/Page_data-exchange/button_View_1")): Object: 'Object Repository/Page_data-exchange/button_View_1' is clicked on

21-10-2025T19:39:21 - [MESSAGE][PASSED] - Object: 'Object Repository/Page_data-exchange/button_View_1' is clicked on

21-10-2025T19:39:21 - [TEST_STEP][PASSED] - delay(5): Delayed 5 second(s)

21-10-2025T19:39:26 - [MESSAGE][PASSED] - Delayed 5 second(s)

21-10-2025T19:39:26 - [TEST_STEP][PASSED] - click(findTestObject("Object Repository/Page_data-exchange/button_Edit Transmission")): Object: 'Object Repository/Page_data-exchange/button_Edit Transmission' is clicked on

21-10-2025T19:39:26 - [MESSAGE][PASSED] - Object: 'Object Repository/Page_data-exchange/button_Edit Transmission' is clicked on

21-10-2025T19:39:26 - [TEST_STEP][PASSED] - delay(3): Delayed 3 second(s)

21-10-2025T19:39:29 - [MESSAGE][PASSED] - Delayed 3 second(s)

21-10-2025T19:39:29 - [TEST_STEP][PASSED] - click(findTestObject("Object Repository/Page_data-exchange/button_Remove")): Object: 'Object Repository/Page_data-exchange/button_Remove' is clicked on

21-10-2025T19:39:30 - [MESSAGE][PASSED] - Object: 'Object Repository/Page_data-exchange/button_Remove' is clicked on

21-10-2025T19:39:30 - [TEST_STEP][PASSED] - click(findTestObject("Object Repository/Page_data-exchange/button_Save")): Object: 'Object Repository/Page_data-exchange/button_Save' is clicked on

21-10-2025T19:39:30 - [MESSAGE][PASSED] - Object: 'Object Repository/Page_data-exchange/button_Save' is clicked on

21-10-2025T19:39:30 - [TEST_STEP][PASSED] - delay(3): Delayed 3 second(s)

21-10-2025T19:39:33 - [MESSAGE][PASSED] - Delayed 3 second(s)

21-10-2025T19:39:33 - [TEST_STEP][PASSED] - verifyTextNotPresent("alliance@test.com", false): Text 'alliance@test.com' is not present on page

21-10-2025T19:39:33 - [MESSAGE][PASSED] - Text 'alliance@test.com' is not present on page

21-10-2025T19:39:33 - [TEST_STEP][PASSED] - closeBrowser(): Browser is closed

21-10-2025T19:39:33 - [MESSAGE][PASSED] - Browser is closed

21-10-2025T19:39:33 - [TEST_STEP][PASSED] - Start listener action : retryOnDisconnect: null

21-10-2025T19:39:33 - [TEST_STEP][PASSED] - tcId = testCaseContext.getTestCaseId(): null

21-10-2025T19:39:33 - [TEST_STEP][PASSED] - currentRetry = retryCounts.getOrDefault(tcId, 0): null

21-10-2025T19:39:33 - [TEST_STEP][PASSED] - if (testCaseContext.getTestCaseStatus() == "FAILED" && currentRetry < MAX_RETRIES): null]]></system-out>
         <system-err><![CDATA[]]></system-err>
      </testcase>
      <system-out><![CDATA[21-10-2025T18:34:40 - [TEST_SUITE][FAILED] - Trading Partners Page: Test Cases/DES/Trading Partners Page/Details/Verify Adding Bill To Displays FAILED.
Reason:
com.kms.katalon.core.exception.StepFailedException: Unable to send keys 'TurkeyHi' to object 'Object Repository/DES/Trading Partners Page/Search Bill To_input_txt'
	at com.kms.katalon.core.webui.keyword.internal.WebUIKeywordMain.stepFailed(WebUIKeywordMain.groovy:117)
	at com.kms.katalon.core.webui.keyword.internal.WebUIKeywordMain.runKeyword(WebUIKeywordMain.groovy:43)
	at com.kms.katalon.core.webui.keyword.builtin.SendKeysKeyword.sendKeys(SendKeysKeyword.groovy:60)
	at com.kms.katalon.core.webui.keyword.builtin.SendKeysKeyword.execute(SendKeysKeyword.groovy:38)
	at com.kms.katalon.core.keyword.internal.KeywordExecutor.executeKeywordForPlatform(KeywordExecutor.groovy:74)
	at com.kms.katalon.core.webui.keyword.WebUiBuiltInKeywords.sendKeys(WebUiBuiltInKeywords.groovy:903)
	at com.kms.katalon.core.webui.keyword.WebUiBuiltInKeywords$sendKeys$11.call(Unknown Source)
	at Verify Adding Bill To Displays.run(Verify Adding Bill To Displays:34)
	at com.kms.katalon.core.main.ScriptEngine.run(ScriptEngine.java:194)
	at com.kms.katalon.core.main.ScriptEngine.runScriptAsRawText(ScriptEngine.java:119)
	at com.kms.katalon.core.main.TestCaseExecutor.runScript(TestCaseExecutor.java:448)
	at com.kms.katalon.core.main.TestCaseExecutor.doExecute(TestCaseExecutor.java:439)
	at com.kms.katalon.core.main.TestCaseExecutor.processExecutionPhase(TestCaseExecutor.java:418)
	at com.kms.katalon.core.main.TestCaseExecutor.accessMainPhase(TestCaseExecutor.java:410)
	at com.kms.katalon.core.main.TestCaseExecutor.execute(TestCaseExecutor.java:285)
	at com.kms.katalon.core.common.CommonExecutor.accessTestCaseMainPhase(CommonExecutor.java:65)
	at com.kms.katalon.core.main.TestSuiteExecutor.accessTestSuiteMainPhase(TestSuiteExecutor.java:150)
	at com.kms.katalon.core.main.TestSuiteExecutor.execute(TestSuiteExecutor.java:106)
	at com.kms.katalon.core.main.TestCaseMain.startTestSuite(TestCaseMain.java:180)
	at com.kms.katalon.core.main.TestCaseMain$startTestSuite$0.call(Unknown Source)
	at TempTestSuite1761084128061.run(TempTestSuite1761084128061.groovy:35)
	at java.base/jdk.internal.reflect.NativeMethodAccessorImpl.invoke0(Native Method)
	at java.base/jdk.internal.reflect.NativeMethodAccessorImpl.invoke(NativeMethodAccessorImpl.java:77)
	at java.base/jdk.internal.reflect.DelegatingMethodAccessorImpl.invoke(DelegatingMethodAccessorImpl.java:43)
Caused by: com.kms.katalon.core.webui.exception.WebElementNotFoundException: Web element with id: 'Object Repository/DES/Trading Partners Page/Search Bill To_input_txt' located by '//*[@id="billToSelection"]/div/div[2]' not found
	at com.kms.katalon.core.webui.common.WebUiCommonHelper.findWebElement(WebUiCommonHelper.java:1423)
	at com.kms.katalon.core.webui.keyword.internal.WebUIAbstractKeyword.findWebElement(WebUIAbstractKeyword.groovy:27)
	at com.kms.katalon.core.webui.keyword.internal.WebUIAbstractKeyword.findWebElement(WebUIAbstractKeyword.groovy:26)
	at com.kms.katalon.core.webui.keyword.builtin.SendKeysKeyword$_sendKeys_closure1.doCall(SendKeysKeyword.groovy:52)
	at com.kms.katalon.core.webui.keyword.builtin.SendKeysKeyword$_sendKeys_closure1.call(SendKeysKeyword.groovy)
	at com.kms.katalon.core.webui.keyword.internal.WebUIKeywordMain.runKeyword(WebUIKeywordMain.groovy:35)
	... 22 more]]></system-out>
      <system-err><![CDATA[21-10-2025T18:34:40 - [TEST_SUITE][FAILED] - Trading Partners Page: Test Cases/DES/Trading Partners Page/Details/Verify Adding Bill To Displays FAILED.
Reason:
com.kms.katalon.core.exception.StepFailedException: Unable to send keys 'TurkeyHi' to object 'Object Repository/DES/Trading Partners Page/Search Bill To_input_txt'
	at com.kms.katalon.core.webui.keyword.internal.WebUIKeywordMain.stepFailed(WebUIKeywordMain.groovy:117)
	at com.kms.katalon.core.webui.keyword.internal.WebUIKeywordMain.runKeyword(WebUIKeywordMain.groovy:43)
	at com.kms.katalon.core.webui.keyword.builtin.SendKeysKeyword.sendKeys(SendKeysKeyword.groovy:60)
	at com.kms.katalon.core.webui.keyword.builtin.SendKeysKeyword.execute(SendKeysKeyword.groovy:38)
	at com.kms.katalon.core.keyword.internal.KeywordExecutor.executeKeywordForPlatform(KeywordExecutor.groovy:74)
	at com.kms.katalon.core.webui.keyword.WebUiBuiltInKeywords.sendKeys(WebUiBuiltInKeywords.groovy:903)
	at com.kms.katalon.core.webui.keyword.WebUiBuiltInKeywords$sendKeys$11.call(Unknown Source)
	at Verify Adding Bill To Displays.run(Verify Adding Bill To Displays:34)
	at com.kms.katalon.core.main.ScriptEngine.run(ScriptEngine.java:194)
	at com.kms.katalon.core.main.ScriptEngine.runScriptAsRawText(ScriptEngine.java:119)
	at com.kms.katalon.core.main.TestCaseExecutor.runScript(TestCaseExecutor.java:448)
	at com.kms.katalon.core.main.TestCaseExecutor.doExecute(TestCaseExecutor.java:439)
	at com.kms.katalon.core.main.TestCaseExecutor.processExecutionPhase(TestCaseExecutor.java:418)
	at com.kms.katalon.core.main.TestCaseExecutor.accessMainPhase(TestCaseExecutor.java:410)
	at com.kms.katalon.core.main.TestCaseExecutor.execute(TestCaseExecutor.java:285)
	at com.kms.katalon.core.common.CommonExecutor.accessTestCaseMainPhase(CommonExecutor.java:65)
	at com.kms.katalon.core.main.TestSuiteExecutor.accessTestSuiteMainPhase(TestSuiteExecutor.java:150)
	at com.kms.katalon.core.main.TestSuiteExecutor.execute(TestSuiteExecutor.java:106)
	at com.kms.katalon.core.main.TestCaseMain.startTestSuite(TestCaseMain.java:180)
	at com.kms.katalon.core.main.TestCaseMain$startTestSuite$0.call(Unknown Source)
	at TempTestSuite1761084128061.run(TempTestSuite1761084128061.groovy:35)
	at java.base/jdk.internal.reflect.NativeMethodAccessorImpl.invoke0(Native Method)
	at java.base/jdk.internal.reflect.NativeMethodAccessorImpl.invoke(NativeMethodAccessorImpl.java:77)
	at java.base/jdk.internal.reflect.DelegatingMethodAccessorImpl.invoke(DelegatingMethodAccessorImpl.java:43)
Caused by: com.kms.katalon.core.webui.exception.WebElementNotFoundException: Web element with id: 'Object Repository/DES/Trading Partners Page/Search Bill To_input_txt' located by '//*[@id="billToSelection"]/div/div[2]' not found
	at com.kms.katalon.core.webui.common.WebUiCommonHelper.findWebElement(WebUiCommonHelper.java:1423)
	at com.kms.katalon.core.webui.keyword.internal.WebUIAbstractKeyword.findWebElement(WebUIAbstractKeyword.groovy:27)
	at com.kms.katalon.core.webui.keyword.internal.WebUIAbstractKeyword.findWebElement(WebUIAbstractKeyword.groovy:26)
	at com.kms.katalon.core.webui.keyword.builtin.SendKeysKeyword$_sendKeys_closure1.doCall(SendKeysKeyword.groovy:52)
	at com.kms.katalon.core.webui.keyword.builtin.SendKeysKeyword$_sendKeys_closure1.call(SendKeysKeyword.groovy)
	at com.kms.katalon.core.webui.keyword.internal.WebUIKeywordMain.runKeyword(WebUIKeywordMain.groovy:35)
	... 22 more]]></system-err>
   </testsuite>
</testsuites>
