<?xml version="1.0" encoding="UTF-8"?>
<testsuites name="FDG - TripFocus - Orders" time="2559.8" tests="36" failures="12" errors="0">
   <testsuite name="FDG - TripFocus - Orders" tests="36" failures="12" errors="0" time="2559.8" skipped="0" timestamp="22-10-2025T09:22:20" hostname="DC1ADOBLD01$ - DC1ADOBLD01.thekag.com" id="Test Suites/TripFocus/FDG/FDG - TripFocus - Orders">
      <properties>
         <property name="deviceName" value=""/>
         <property name="devicePlatform"/>
         <property name="logFolder" value="D:\\ADOagent\\vsts-agent-win-x64-2.217.2\\_work\\944\\s\\Reports\\20251022_091709\\TripFocus\\FDG\\FDG - TripFocus - Orders\\20251022_091738"/>
         <property name="logFiles" value="D:\\ADOagent\\vsts-agent-win-x64-2.217.2\\_work\\944\\s\\Reports\\20251022_091709\\TripFocus\\FDG\\FDG - TripFocus - Orders\\20251022_091738\\execution0.log"/>
         <property name="attachments" value=""/>
         <property name="hostName" value="DC1ADOBLD01$ - DC1ADOBLD01.thekag.com"/>
         <property name="os" value="Windows Server 2019 64bit"/>
         <property name="katalonVersion" value="9.7.5.223"/>
         <property name="browser" value="Chrome 141.0.0.0"/>
         <property name="hostAddress" value="10.2.20.71"/>
         <property name="sessionId" value="f3419c7c3adaa87dc4e03b0948a9ebd2"/>
         <property name="seleniumVersion" value="3.141.59"/>
         <property name="proxyInformation" value="ProxyInformation { proxyOption=NO_PROXY, proxyServerType=HTTP, username=, password=********, proxyServerAddress=, proxyServerPort=0, executionList=&quot;&quot;, isApplyToDesiredCapabilities=true }"/>
         <property name="platform" value="Windows Server 2019"/>
      </properties>
      <testcase name="Test Cases/TripFocus/FDG/FDG - Orders/FDG - Advanced Filter - Account Of" time="73.914" classname="Test Cases/TripFocus/FDG/FDG - Orders/FDG - Advanced Filter - Account Of" status="PASSED">
         <system-out><![CDATA[22-10-2025T09:22:20 - [TEST_CASE][PASSED] - Test Cases/TripFocus/FDG/FDG - Orders/FDG - Advanced Filter - Account Of: Test Cases/TripFocus/FDG/FDG - Orders/FDG - Advanced Filter - Account Of

22-10-2025T09:22:20 - [TEST_STEP][PASSED] - Start listener action : beforeTestCase: null

22-10-2025T09:22:20 - [TEST_STEP][PASSED] - addDefaultPackages(): null

22-10-2025T09:22:20 - [TEST_STEP][PASSED] - openBrowser(""): Browser is opened with url: ''

22-10-2025T09:22:21 - [MESSAGE][INFO] - Starting 'Chrome' driver

22-10-2025T09:22:21 - [MESSAGE][INFO] - User set preference: ['args', '[--no-sandbox, --disable-gpu, --disable-dev-shm-usage]']

22-10-2025T09:22:21 - [MESSAGE][INFO] - Action delay is set to 0 milliseconds

22-10-2025T09:22:23 - [MESSAGE][PASSED] - Browser is opened with url: ''

22-10-2025T09:22:23 - [TEST_STEP][PASSED] - navigateToUrl(TFBaseURL): Navigate to 'https://www.qa.tripfocus.com' successfully

22-10-2025T09:22:25 - [MESSAGE][PASSED] - Navigate to 'https://www.qa.tripfocus.com' successfully

22-10-2025T09:22:25 - [TEST_STEP][PASSED] - click(findTestObject("Object Repository/TripFocus/Page_TripFocus/button_Sign in")): Object: 'Object Repository/TripFocus/Page_TripFocus/button_Sign in' is clicked on

22-10-2025T09:22:25 - [MESSAGE][PASSED] - Object: 'Object Repository/TripFocus/Page_TripFocus/button_Sign in' is clicked on

22-10-2025T09:22:25 - [TEST_STEP][PASSED] - setText(findTestObject("Object Repository/TripFocus/Page_TripFocus/input_Username (e.g. email address)_Username"), TripFocusFDGUsername): Text 'Ashford.Chenault+QACustomerFDGONLY@thekag.com' is set on object 'Object Repository/TripFocus/Page_TripFocus/input_Username (e.g. email address)_Username'

22-10-2025T09:22:26 - [MESSAGE][PASSED] - Text 'Ashford.Chenault+QACustomerFDGONLY@thekag.com' is set on object 'Object Repository/TripFocus/Page_TripFocus/input_Username (e.g. email address)_Username'

22-10-2025T09:22:26 - [TEST_STEP][PASSED] - setText(findTestObject("Object Repository/TripFocus/Page_TripFocus/input_Password_Password"), TripFocusFDGSPGPassword): Text 'CrashBan911!!' is set on object 'Object Repository/TripFocus/Page_TripFocus/input_Password_Password'

22-10-2025T09:22:26 - [MESSAGE][PASSED] - Text 'CrashBan911!!' is set on object 'Object Repository/TripFocus/Page_TripFocus/input_Password_Password'

22-10-2025T09:22:26 - [TEST_STEP][PASSED] - click(findTestObject("Object Repository/TripFocus/Page_TripFocus/button_Login")): Object: 'Object Repository/TripFocus/Page_TripFocus/button_Login' is clicked on

22-10-2025T09:22:26 - [MESSAGE][PASSED] - Object: 'Object Repository/TripFocus/Page_TripFocus/button_Login' is clicked on

22-10-2025T09:22:26 - [TEST_STEP][PASSED] - maximizeWindow(): Current window maximized

22-10-2025T09:22:27 - [MESSAGE][PASSED] - Current window maximized

22-10-2025T09:22:27 - [TEST_STEP][PASSED] - waitForElementVisible(findTestObject("TripFocus/Testing_Notification_btn"), 15, OPTIONAL): Web element with id: 'Object Repository/TripFocus/Testing_Notification_btn' located by '//*[@id="__BVID__10___BV_modal_footer_"]/button' not found

22-10-2025T09:22:43 - [MESSAGE][INFO] - Unable to find the element located by 'By.xpath: //*[@id="__BVID__10___BV_modal_footer_"]/button'. Please recheck the objects properties to make sure the desired element is located. 

22-10-2025T09:22:43 - [MESSAGE][WARNING] - [SELF-HEALING] Failed to find element with id 'Object Repository/TripFocus/Testing_Notification_btn'. Try using Self-healing.

22-10-2025T09:22:44 - [MESSAGE][INFO] - [SELF-HEALING] No working XPath is found.

22-10-2025T09:22:46 - [MESSAGE][INFO] - Unable to find the element located by 'By.xpath: '. Please recheck the objects properties to make sure the desired element is located. 

22-10-2025T09:22:46 - [MESSAGE][WARNING] - [SELF-HEALING] Cannot find elements when the selector is null

22-10-2025T09:22:46 - [MESSAGE][WARNING] - Web element with id: 'Object Repository/TripFocus/Testing_Notification_btn' located by '//*[@id="__BVID__10___BV_modal_footer_"]/button' not found

22-10-2025T09:22:46 - [TEST_STEP][PASSED] - if (verifyElementVisible(findTestObject("TripFocus/Testing_Notification_btn"), OPTIONAL) == true): Web element with id: 'Object Repository/TripFocus/Testing_Notification_btn' located by '//*[@id="__BVID__10___BV_modal_footer_"]/button' not found (Root cause: com.kms.katalon.core.exception.StepFailedException: Web element with id: 'Object Repository/TripFocus/Testing_Notification_btn' located by '//*[@id="__BVID__10___BV_modal_footer_"]/button' not found
	at com.kms.katalon.core.webui.keyword.internal.WebUIKeywordMain.stepFailed(WebUIKeywordMain.groovy:117)
	at com.kms.katalon.core.webui.keyword.builtin.VerifyElementVisibleKeyword$_verifyElementVisible_closure1.doCall(VerifyElementVisibleKeyword.groovy:89)
	at com.kms.katalon.core.webui.keyword.builtin.VerifyElementVisibleKeyword$_verifyElementVisible_closure1.call(VerifyElementVisibleKeyword.groovy)
	at com.kms.katalon.core.webui.keyword.internal.WebUIKeywordMain.runKeyword(WebUIKeywordMain.groovy:35)
	at com.kms.katalon.core.webui.keyword.builtin.VerifyElementVisibleKeyword.verifyElementVisible(VerifyElementVisibleKeyword.groovy:97)
	at com.kms.katalon.core.webui.keyword.builtin.VerifyElementVisibleKeyword.execute(VerifyElementVisibleKeyword.groovy:67)
	at com.kms.katalon.core.keyword.internal.KeywordExecutor.executeKeywordForPlatform(KeywordExecutor.groovy:74)
	at com.kms.katalon.core.webui.keyword.WebUiBuiltInKeywords.verifyElementVisible(WebUiBuiltInKeywords.groovy:401)
	at com.kms.katalon.core.webui.keyword.WebUiBuiltInKeywords$verifyElementVisible$5.call(Unknown Source)
	at FDG - Advanced Filter - Account Of.run(FDG - Advanced Filter - Account Of:38)
	at com.kms.katalon.core.main.ScriptEngine.run(ScriptEngine.java:194)
	at com.kms.katalon.core.main.ScriptEngine.runScriptAsRawText(ScriptEngine.java:119)
	at com.kms.katalon.core.main.TestCaseExecutor.runScript(TestCaseExecutor.java:448)
	at com.kms.katalon.core.main.TestCaseExecutor.doExecute(TestCaseExecutor.java:439)
	at com.kms.katalon.core.main.TestCaseExecutor.processExecutionPhase(TestCaseExecutor.java:418)
	at com.kms.katalon.core.main.TestCaseExecutor.accessMainPhase(TestCaseExecutor.java:410)
	at com.kms.katalon.core.main.TestCaseExecutor.execute(TestCaseExecutor.java:285)
	at com.kms.katalon.core.common.CommonExecutor.accessTestCaseMainPhase(CommonExecutor.java:65)
	at com.kms.katalon.core.main.TestSuiteExecutor.accessTestSuiteMainPhase(TestSuiteExecutor.java:150)
	at com.kms.katalon.core.main.TestSuiteExecutor.execute(TestSuiteExecutor.java:106)
	at com.kms.katalon.core.main.TestCaseMain.startTestSuite(TestCaseMain.java:180)
	at com.kms.katalon.core.main.TestCaseMain$startTestSuite$0.call(Unknown Source)
	at TempTestSuite1761139058037.run(TempTestSuite1761139058037.groovy:35)
	at java.base/jdk.internal.reflect.NativeMethodAccessorImpl.invoke0(Native Method)
	at java.base/jdk.internal.reflect.NativeMethodAccessorImpl.invoke(NativeMethodAccessorImpl.java:77)
	at java.base/jdk.internal.reflect.DelegatingMethodAccessorImpl.invoke(DelegatingMethodAccessorImpl.java:43)
)

22-10-2025T09:23:02 - [MESSAGE][INFO] - Unable to find the element located by 'By.xpath: //*[@id="__BVID__10___BV_modal_footer_"]/button'. Please recheck the objects properties to make sure the desired element is located. 

22-10-2025T09:23:02 - [MESSAGE][WARNING] - [SELF-HEALING] Failed to find element with id 'Object Repository/TripFocus/Testing_Notification_btn'. Try using Self-healing.

22-10-2025T09:23:03 - [MESSAGE][INFO] - [SELF-HEALING] No working XPath is found.

22-10-2025T09:23:05 - [MESSAGE][INFO] - Unable to find the element located by 'By.xpath: '. Please recheck the objects properties to make sure the desired element is located. 

22-10-2025T09:23:05 - [MESSAGE][WARNING] - [SELF-HEALING] Cannot find elements when the selector is null

22-10-2025T09:23:05 - [MESSAGE][WARNING] - Web element with id: 'Object Repository/TripFocus/Testing_Notification_btn' located by '//*[@id="__BVID__10___BV_modal_footer_"]/button' not found (Root cause: com.kms.katalon.core.exception.StepFailedException: Web element with id: 'Object Repository/TripFocus/Testing_Notification_btn' located by '//*[@id="__BVID__10___BV_modal_footer_"]/button' not found
	at com.kms.katalon.core.webui.keyword.internal.WebUIKeywordMain.stepFailed(WebUIKeywordMain.groovy:117)
	at com.kms.katalon.core.webui.keyword.builtin.VerifyElementVisibleKeyword$_verifyElementVisible_closure1.doCall(VerifyElementVisibleKeyword.groovy:89)
	at com.kms.katalon.core.webui.keyword.builtin.VerifyElementVisibleKeyword$_verifyElementVisible_closure1.call(VerifyElementVisibleKeyword.groovy)
	at com.kms.katalon.core.webui.keyword.internal.WebUIKeywordMain.runKeyword(WebUIKeywordMain.groovy:35)
	at com.kms.katalon.core.webui.keyword.builtin.VerifyElementVisibleKeyword.verifyElementVisible(VerifyElementVisibleKeyword.groovy:97)
	at com.kms.katalon.core.webui.keyword.builtin.VerifyElementVisibleKeyword.execute(VerifyElementVisibleKeyword.groovy:67)
	at com.kms.katalon.core.keyword.internal.KeywordExecutor.executeKeywordForPlatform(KeywordExecutor.groovy:74)
	at com.kms.katalon.core.webui.keyword.WebUiBuiltInKeywords.verifyElementVisible(WebUiBuiltInKeywords.groovy:401)
	at com.kms.katalon.core.webui.keyword.WebUiBuiltInKeywords$verifyElementVisible$5.call(Unknown Source)
	at FDG - Advanced Filter - Account Of.run(FDG - Advanced Filter - Account Of:38)
	at com.kms.katalon.core.main.ScriptEngine.run(ScriptEngine.java:194)
	at com.kms.katalon.core.main.ScriptEngine.runScriptAsRawText(ScriptEngine.java:119)
	at com.kms.katalon.core.main.TestCaseExecutor.runScript(TestCaseExecutor.java:448)
	at com.kms.katalon.core.main.TestCaseExecutor.doExecute(TestCaseExecutor.java:439)
	at com.kms.katalon.core.main.TestCaseExecutor.processExecutionPhase(TestCaseExecutor.java:418)
	at com.kms.katalon.core.main.TestCaseExecutor.accessMainPhase(TestCaseExecutor.java:410)
	at com.kms.katalon.core.main.TestCaseExecutor.execute(TestCaseExecutor.java:285)
	at com.kms.katalon.core.common.CommonExecutor.accessTestCaseMainPhase(CommonExecutor.java:65)
	at com.kms.katalon.core.main.TestSuiteExecutor.accessTestSuiteMainPhase(TestSuiteExecutor.java:150)
	at com.kms.katalon.core.main.TestSuiteExecutor.execute(TestSuiteExecutor.java:106)
	at com.kms.katalon.core.main.TestCaseMain.startTestSuite(TestCaseMain.java:180)
	at com.kms.katalon.core.main.TestCaseMain$startTestSuite$0.call(Unknown Source)
	at TempTestSuite1761139058037.run(TempTestSuite1761139058037.groovy:35)
	at java.base/jdk.internal.reflect.NativeMethodAccessorImpl.invoke0(Native Method)
	at java.base/jdk.internal.reflect.NativeMethodAccessorImpl.invoke(NativeMethodAccessorImpl.java:77)
	at java.base/jdk.internal.reflect.DelegatingMethodAccessorImpl.invoke(DelegatingMethodAccessorImpl.java:43)
)

22-10-2025T09:23:05 - [TEST_STEP][PASSED] - click(findTestObject("TripFocus/SSO/SSO Orders Tab")): Object: 'Object Repository/TripFocus/SSO/SSO Orders Tab' is clicked on

22-10-2025T09:23:05 - [MESSAGE][PASSED] - Object: 'Object Repository/TripFocus/SSO/SSO Orders Tab' is clicked on

22-10-2025T09:23:05 - [TEST_STEP][PASSED] - delay(15): Delayed 15 second(s)

22-10-2025T09:23:20 - [MESSAGE][PASSED] - Delayed 15 second(s)

22-10-2025T09:23:20 - [TEST_STEP][PASSED] - click(findTestObject("TripFocus/Orders/Advanced Filters_btn"), STOP_ON_FAILURE): Object: 'Object Repository/TripFocus/Orders/Advanced Filters_btn' is clicked on

22-10-2025T09:23:21 - [MESSAGE][PASSED] - Object: 'Object Repository/TripFocus/Orders/Advanced Filters_btn' is clicked on

22-10-2025T09:23:21 - [TEST_STEP][PASSED] - delay(2): Delayed 2 second(s)

22-10-2025T09:23:23 - [MESSAGE][PASSED] - Delayed 2 second(s)

22-10-2025T09:23:23 - [TEST_STEP][PASSED] - click(findTestObject("TripFocus/Orders/Advanced Filters/Advanced Search Fields/Advanced_Search_Fields_dropdown")): Object: 'Object Repository/TripFocus/Orders/Advanced Filters/Advanced Search Fields/Advanced_Search_Fields_dropdown' is clicked on

22-10-2025T09:23:23 - [MESSAGE][PASSED] - Object: 'Object Repository/TripFocus/Orders/Advanced Filters/Advanced Search Fields/Advanced_Search_Fields_dropdown' is clicked on

22-10-2025T09:23:23 - [TEST_STEP][PASSED] - delay(2): Delayed 2 second(s)

22-10-2025T09:23:25 - [MESSAGE][PASSED] - Delayed 2 second(s)

22-10-2025T09:23:25 - [TEST_STEP][PASSED] - click(findTestObject("TripFocus/Orders/Advanced Filters/Advanced Search Fields/Account_Of_dropdown")): Object: 'Object Repository/TripFocus/Orders/Advanced Filters/Advanced Search Fields/Account_Of_dropdown' is clicked on

22-10-2025T09:23:25 - [MESSAGE][PASSED] - Object: 'Object Repository/TripFocus/Orders/Advanced Filters/Advanced Search Fields/Account_Of_dropdown' is clicked on

22-10-2025T09:23:25 - [TEST_STEP][PASSED] - delay(2): Delayed 2 second(s)

22-10-2025T09:23:27 - [MESSAGE][PASSED] - Delayed 2 second(s)

22-10-2025T09:23:27 - [TEST_STEP][PASSED] - click(findTestObject("TripFocus/Orders/Advanced Filters/Advanced Search Fields/ADM_option")): Object: 'Object Repository/TripFocus/Orders/Advanced Filters/Advanced Search Fields/ADM_option' is clicked on

22-10-2025T09:23:27 - [MESSAGE][PASSED] - Object: 'Object Repository/TripFocus/Orders/Advanced Filters/Advanced Search Fields/ADM_option' is clicked on

22-10-2025T09:23:27 - [TEST_STEP][PASSED] - delay(2): Delayed 2 second(s)

22-10-2025T09:23:29 - [MESSAGE][PASSED] - Delayed 2 second(s)

22-10-2025T09:23:29 - [TEST_STEP][PASSED] - click(findTestObject("TripFocus/Sidebar Minimizer")): Object: 'Object Repository/TripFocus/Sidebar Minimizer' is clicked on

22-10-2025T09:23:29 - [MESSAGE][PASSED] - Object: 'Object Repository/TripFocus/Sidebar Minimizer' is clicked on

22-10-2025T09:23:29 - [TEST_STEP][PASSED] - delay(2): Delayed 2 second(s)

22-10-2025T09:23:31 - [MESSAGE][PASSED] - Delayed 2 second(s)

22-10-2025T09:23:31 - [TEST_STEP][PASSED] - click(findTestObject("TripFocus/Orders/Advanced Filters/Apply Filters_btn")): Object: 'Object Repository/TripFocus/Orders/Advanced Filters/Apply Filters_btn' is clicked on

22-10-2025T09:23:32 - [MESSAGE][PASSED] - Object: 'Object Repository/TripFocus/Orders/Advanced Filters/Apply Filters_btn' is clicked on

22-10-2025T09:23:32 - [TEST_STEP][PASSED] - delay(2): Delayed 2 second(s)

22-10-2025T09:23:34 - [MESSAGE][PASSED] - Delayed 2 second(s)

22-10-2025T09:23:34 - [TEST_STEP][PASSED] - closeBrowser(): Browser is closed

22-10-2025T09:23:34 - [MESSAGE][PASSED] - Browser is closed

22-10-2025T09:23:34 - [TEST_STEP][PASSED] - Start listener action : retryOnDisconnect: null

22-10-2025T09:23:34 - [TEST_STEP][PASSED] - tcId = testCaseContext.getTestCaseId(): null

22-10-2025T09:23:34 - [TEST_STEP][PASSED] - currentRetry = retryCounts.getOrDefault(tcId, 0): null

22-10-2025T09:23:34 - [TEST_STEP][PASSED] - if (testCaseContext.getTestCaseStatus() == "FAILED" && currentRetry < MAX_RETRIES): null]]></system-out>
         <system-err><![CDATA[]]></system-err>
      </testcase>
      <testcase name="Test Cases/TripFocus/FDG/FDG - Orders/FDG - Advanced Filter - Bill To" time="54.512" classname="Test Cases/TripFocus/FDG/FDG - Orders/FDG - Advanced Filter - Bill To" status="PASSED">
         <system-out><![CDATA[22-10-2025T09:23:34 - [TEST_CASE][PASSED] - Test Cases/TripFocus/FDG/FDG - Orders/FDG - Advanced Filter - Bill To: Test Cases/TripFocus/FDG/FDG - Orders/FDG - Advanced Filter - Bill To

22-10-2025T09:23:34 - [TEST_STEP][PASSED] - Start listener action : beforeTestCase: null

22-10-2025T09:23:34 - [TEST_STEP][PASSED] - addDefaultPackages(): null

22-10-2025T09:23:34 - [TEST_STEP][PASSED] - openBrowser(""): Browser is opened with url: ''

22-10-2025T09:23:34 - [MESSAGE][INFO] - Starting 'Chrome' driver

22-10-2025T09:23:34 - [MESSAGE][INFO] - User set preference: ['args', '[--no-sandbox, --disable-gpu, --disable-dev-shm-usage]']

22-10-2025T09:23:34 - [MESSAGE][INFO] - Action delay is set to 0 milliseconds

22-10-2025T09:23:35 - [MESSAGE][PASSED] - Browser is opened with url: ''

22-10-2025T09:23:35 - [TEST_STEP][PASSED] - navigateToUrl(TFBaseURL): Navigate to 'https://www.qa.tripfocus.com' successfully

22-10-2025T09:23:35 - [MESSAGE][PASSED] - Navigate to 'https://www.qa.tripfocus.com' successfully

22-10-2025T09:23:35 - [TEST_STEP][PASSED] - click(findTestObject("Object Repository/Page_TripFocus/button_Sign in")): Object: 'Object Repository/Page_TripFocus/button_Sign in' is clicked on

22-10-2025T09:23:36 - [MESSAGE][PASSED] - Object: 'Object Repository/Page_TripFocus/button_Sign in' is clicked on

22-10-2025T09:23:36 - [TEST_STEP][PASSED] - setText(findTestObject("Object Repository/Page_TripFocus/input_Username (e.g. email address)_Username"), TripFocusFDGUsername): Text 'Ashford.Chenault+QACustomerFDGONLY@thekag.com' is set on object 'Object Repository/Page_TripFocus/input_Username (e.g. email address)_Username'

22-10-2025T09:23:37 - [MESSAGE][PASSED] - Text 'Ashford.Chenault+QACustomerFDGONLY@thekag.com' is set on object 'Object Repository/Page_TripFocus/input_Username (e.g. email address)_Username'

22-10-2025T09:23:37 - [TEST_STEP][PASSED] - setText(findTestObject("Object Repository/Page_TripFocus/input_Password_Password"), TripFocusFDGSPGPassword): Text 'CrashBan911!!' is set on object 'Object Repository/Page_TripFocus/input_Password_Password'

22-10-2025T09:23:37 - [MESSAGE][PASSED] - Text 'CrashBan911!!' is set on object 'Object Repository/Page_TripFocus/input_Password_Password'

22-10-2025T09:23:37 - [TEST_STEP][PASSED] - click(findTestObject("Object Repository/Page_TripFocus/button_Login")): Object: 'Object Repository/Page_TripFocus/button_Login' is clicked on

22-10-2025T09:23:37 - [MESSAGE][PASSED] - Object: 'Object Repository/Page_TripFocus/button_Login' is clicked on

22-10-2025T09:23:37 - [TEST_STEP][PASSED] - maximizeWindow(): Current window maximized

22-10-2025T09:23:38 - [MESSAGE][PASSED] - Current window maximized

22-10-2025T09:23:38 - [TEST_STEP][PASSED] - if (verifyElementVisible(findTestObject("Object Repository/TripFocus/Testing_Notification_btn"), OPTIONAL) == true): Web element with id: 'Object Repository/TripFocus/Testing_Notification_btn' located by '//*[@id="__BVID__10___BV_modal_footer_"]/button' not found (Root cause: com.kms.katalon.core.exception.StepFailedException: Web element with id: 'Object Repository/TripFocus/Testing_Notification_btn' located by '//*[@id="__BVID__10___BV_modal_footer_"]/button' not found
	at com.kms.katalon.core.webui.keyword.internal.WebUIKeywordMain.stepFailed(WebUIKeywordMain.groovy:117)
	at com.kms.katalon.core.webui.keyword.builtin.VerifyElementVisibleKeyword$_verifyElementVisible_closure1.doCall(VerifyElementVisibleKeyword.groovy:89)
	at com.kms.katalon.core.webui.keyword.builtin.VerifyElementVisibleKeyword$_verifyElementVisible_closure1.call(VerifyElementVisibleKeyword.groovy)
	at com.kms.katalon.core.webui.keyword.internal.WebUIKeywordMain.runKeyword(WebUIKeywordMain.groovy:35)
	at com.kms.katalon.core.webui.keyword.builtin.VerifyElementVisibleKeyword.verifyElementVisible(VerifyElementVisibleKeyword.groovy:97)
	at com.kms.katalon.core.webui.keyword.builtin.VerifyElementVisibleKeyword.execute(VerifyElementVisibleKeyword.groovy:67)
	at com.kms.katalon.core.keyword.internal.KeywordExecutor.executeKeywordForPlatform(KeywordExecutor.groovy:74)
	at com.kms.katalon.core.webui.keyword.WebUiBuiltInKeywords.verifyElementVisible(WebUiBuiltInKeywords.groovy:401)
	at com.kms.katalon.core.webui.keyword.WebUiBuiltInKeywords$verifyElementVisible$5.call(Unknown Source)
	at FDG - Advanced Filter - Bill To.run(FDG - Advanced Filter - Bill To:35)
	at com.kms.katalon.core.main.ScriptEngine.run(ScriptEngine.java:194)
	at com.kms.katalon.core.main.ScriptEngine.runScriptAsRawText(ScriptEngine.java:119)
	at com.kms.katalon.core.main.TestCaseExecutor.runScript(TestCaseExecutor.java:448)
	at com.kms.katalon.core.main.TestCaseExecutor.doExecute(TestCaseExecutor.java:439)
	at com.kms.katalon.core.main.TestCaseExecutor.processExecutionPhase(TestCaseExecutor.java:418)
	at com.kms.katalon.core.main.TestCaseExecutor.accessMainPhase(TestCaseExecutor.java:410)
	at com.kms.katalon.core.main.TestCaseExecutor.execute(TestCaseExecutor.java:285)
	at com.kms.katalon.core.common.CommonExecutor.accessTestCaseMainPhase(CommonExecutor.java:65)
	at com.kms.katalon.core.main.TestSuiteExecutor.accessTestSuiteMainPhase(TestSuiteExecutor.java:150)
	at com.kms.katalon.core.main.TestSuiteExecutor.execute(TestSuiteExecutor.java:106)
	at com.kms.katalon.core.main.TestCaseMain.startTestSuite(TestCaseMain.java:180)
	at com.kms.katalon.core.main.TestCaseMain$startTestSuite$0.call(Unknown Source)
	at TempTestSuite1761139058037.run(TempTestSuite1761139058037.groovy:35)
	at java.base/jdk.internal.reflect.NativeMethodAccessorImpl.invoke0(Native Method)
	at java.base/jdk.internal.reflect.NativeMethodAccessorImpl.invoke(NativeMethodAccessorImpl.java:77)
	at java.base/jdk.internal.reflect.DelegatingMethodAccessorImpl.invoke(DelegatingMethodAccessorImpl.java:43)
)

22-10-2025T09:23:54 - [MESSAGE][INFO] - Unable to find the element located by 'By.xpath: //*[@id="__BVID__10___BV_modal_footer_"]/button'. Please recheck the objects properties to make sure the desired element is located. 

22-10-2025T09:23:54 - [MESSAGE][WARNING] - [SELF-HEALING] Failed to find element with id 'Object Repository/TripFocus/Testing_Notification_btn'. Try using Self-healing.

22-10-2025T09:23:55 - [MESSAGE][INFO] - [SELF-HEALING] No working XPath is found.

22-10-2025T09:23:57 - [MESSAGE][INFO] - Unable to find the element located by 'By.xpath: '. Please recheck the objects properties to make sure the desired element is located. 

22-10-2025T09:23:57 - [MESSAGE][WARNING] - [SELF-HEALING] Cannot find elements when the selector is null

22-10-2025T09:23:57 - [MESSAGE][WARNING] - Web element with id: 'Object Repository/TripFocus/Testing_Notification_btn' located by '//*[@id="__BVID__10___BV_modal_footer_"]/button' not found (Root cause: com.kms.katalon.core.exception.StepFailedException: Web element with id: 'Object Repository/TripFocus/Testing_Notification_btn' located by '//*[@id="__BVID__10___BV_modal_footer_"]/button' not found
	at com.kms.katalon.core.webui.keyword.internal.WebUIKeywordMain.stepFailed(WebUIKeywordMain.groovy:117)
	at com.kms.katalon.core.webui.keyword.builtin.VerifyElementVisibleKeyword$_verifyElementVisible_closure1.doCall(VerifyElementVisibleKeyword.groovy:89)
	at com.kms.katalon.core.webui.keyword.builtin.VerifyElementVisibleKeyword$_verifyElementVisible_closure1.call(VerifyElementVisibleKeyword.groovy)
	at com.kms.katalon.core.webui.keyword.internal.WebUIKeywordMain.runKeyword(WebUIKeywordMain.groovy:35)
	at com.kms.katalon.core.webui.keyword.builtin.VerifyElementVisibleKeyword.verifyElementVisible(VerifyElementVisibleKeyword.groovy:97)
	at com.kms.katalon.core.webui.keyword.builtin.VerifyElementVisibleKeyword.execute(VerifyElementVisibleKeyword.groovy:67)
	at com.kms.katalon.core.keyword.internal.KeywordExecutor.executeKeywordForPlatform(KeywordExecutor.groovy:74)
	at com.kms.katalon.core.webui.keyword.WebUiBuiltInKeywords.verifyElementVisible(WebUiBuiltInKeywords.groovy:401)
	at com.kms.katalon.core.webui.keyword.WebUiBuiltInKeywords$verifyElementVisible$5.call(Unknown Source)
	at FDG - Advanced Filter - Bill To.run(FDG - Advanced Filter - Bill To:35)
	at com.kms.katalon.core.main.ScriptEngine.run(ScriptEngine.java:194)
	at com.kms.katalon.core.main.ScriptEngine.runScriptAsRawText(ScriptEngine.java:119)
	at com.kms.katalon.core.main.TestCaseExecutor.runScript(TestCaseExecutor.java:448)
	at com.kms.katalon.core.main.TestCaseExecutor.doExecute(TestCaseExecutor.java:439)
	at com.kms.katalon.core.main.TestCaseExecutor.processExecutionPhase(TestCaseExecutor.java:418)
	at com.kms.katalon.core.main.TestCaseExecutor.accessMainPhase(TestCaseExecutor.java:410)
	at com.kms.katalon.core.main.TestCaseExecutor.execute(TestCaseExecutor.java:285)
	at com.kms.katalon.core.common.CommonExecutor.accessTestCaseMainPhase(CommonExecutor.java:65)
	at com.kms.katalon.core.main.TestSuiteExecutor.accessTestSuiteMainPhase(TestSuiteExecutor.java:150)
	at com.kms.katalon.core.main.TestSuiteExecutor.execute(TestSuiteExecutor.java:106)
	at com.kms.katalon.core.main.TestCaseMain.startTestSuite(TestCaseMain.java:180)
	at com.kms.katalon.core.main.TestCaseMain$startTestSuite$0.call(Unknown Source)
	at TempTestSuite1761139058037.run(TempTestSuite1761139058037.groovy:35)
	at java.base/jdk.internal.reflect.NativeMethodAccessorImpl.invoke0(Native Method)
	at java.base/jdk.internal.reflect.NativeMethodAccessorImpl.invoke(NativeMethodAccessorImpl.java:77)
	at java.base/jdk.internal.reflect.DelegatingMethodAccessorImpl.invoke(DelegatingMethodAccessorImpl.java:43)
)

22-10-2025T09:23:57 - [TEST_STEP][PASSED] - click(findTestObject("Object Repository/TripFocus/SSO/SSO Orders Tab")): Object: 'Object Repository/TripFocus/SSO/SSO Orders Tab' is clicked on

22-10-2025T09:23:57 - [MESSAGE][PASSED] - Object: 'Object Repository/TripFocus/SSO/SSO Orders Tab' is clicked on

22-10-2025T09:23:57 - [TEST_STEP][PASSED] - delay(15): Delayed 15 second(s)

22-10-2025T09:24:12 - [MESSAGE][PASSED] - Delayed 15 second(s)

22-10-2025T09:24:12 - [TEST_STEP][PASSED] - click(findTestObject("Object Repository/TripFocus/Orders/Advanced Filters_btn"), STOP_ON_FAILURE): Object: 'Object Repository/TripFocus/Orders/Advanced Filters_btn' is clicked on

22-10-2025T09:24:12 - [MESSAGE][PASSED] - Object: 'Object Repository/TripFocus/Orders/Advanced Filters_btn' is clicked on

22-10-2025T09:24:12 - [TEST_STEP][PASSED] - delay(2): Delayed 2 second(s)

22-10-2025T09:24:14 - [MESSAGE][PASSED] - Delayed 2 second(s)

22-10-2025T09:24:14 - [TEST_STEP][PASSED] - click(findTestObject("Object Repository/TripFocus/Orders/Advanced Filters/Advanced Search Fields/Advanced_Search_Fields_dropdown")): Object: 'Object Repository/TripFocus/Orders/Advanced Filters/Advanced Search Fields/Advanced_Search_Fields_dropdown' is clicked on

22-10-2025T09:24:14 - [MESSAGE][PASSED] - Object: 'Object Repository/TripFocus/Orders/Advanced Filters/Advanced Search Fields/Advanced_Search_Fields_dropdown' is clicked on

22-10-2025T09:24:14 - [TEST_STEP][PASSED] - delay(2): Delayed 2 second(s)

22-10-2025T09:24:16 - [MESSAGE][PASSED] - Delayed 2 second(s)

22-10-2025T09:24:16 - [TEST_STEP][PASSED] - click(findTestObject("Object Repository/TripFocus/Orders/Advanced Filters/Advanced Search Fields/BillTo_dropdown")): Object: 'Object Repository/TripFocus/Orders/Advanced Filters/Advanced Search Fields/BillTo_dropdown' is clicked on

22-10-2025T09:24:16 - [MESSAGE][PASSED] - Object: 'Object Repository/TripFocus/Orders/Advanced Filters/Advanced Search Fields/BillTo_dropdown' is clicked on

22-10-2025T09:24:16 - [TEST_STEP][PASSED] - delay(2): Delayed 2 second(s)

22-10-2025T09:24:18 - [MESSAGE][PASSED] - Delayed 2 second(s)

22-10-2025T09:24:18 - [TEST_STEP][PASSED] - setText(findTestObject("Object Repository/Page_TripFocus/input_BillTo_msBillTos"), "A-1 Oil"): Text 'A-1 Oil' is set on object 'Object Repository/Page_TripFocus/input_BillTo_msBillTos'

22-10-2025T09:24:19 - [MESSAGE][PASSED] - Text 'A-1 Oil' is set on object 'Object Repository/Page_TripFocus/input_BillTo_msBillTos'

22-10-2025T09:24:19 - [TEST_STEP][PASSED] - delay(5): Delayed 5 second(s)

22-10-2025T09:24:24 - [MESSAGE][PASSED] - Delayed 5 second(s)

22-10-2025T09:24:24 - [TEST_STEP][PASSED] - sendKeys(findTestObject("Object Repository/Page_TripFocus/input_BillTo_msBillTos"), Keys.chord(ENTER)): Keys 'ENTER + ' sent to object: 'Object Repository/Page_TripFocus/input_BillTo_msBillTos'

22-10-2025T09:24:24 - [MESSAGE][PASSED] - Keys 'ENTER + ' sent to object: 'Object Repository/Page_TripFocus/input_BillTo_msBillTos'

22-10-2025T09:24:24 - [TEST_STEP][PASSED] - delay(2): Delayed 2 second(s)

22-10-2025T09:24:26 - [MESSAGE][PASSED] - Delayed 2 second(s)

22-10-2025T09:24:26 - [TEST_STEP][PASSED] - click(findTestObject("Object Repository/TripFocus/Sidebar Minimizer")): Object: 'Object Repository/TripFocus/Sidebar Minimizer' is clicked on

22-10-2025T09:24:26 - [MESSAGE][PASSED] - Object: 'Object Repository/TripFocus/Sidebar Minimizer' is clicked on

22-10-2025T09:24:26 - [TEST_STEP][PASSED] - click(findTestObject("Object Repository/TripFocus/Orders/Advanced Filters/Apply Filters_btn")): Object: 'Object Repository/TripFocus/Orders/Advanced Filters/Apply Filters_btn' is clicked on

22-10-2025T09:24:26 - [MESSAGE][PASSED] - Object: 'Object Repository/TripFocus/Orders/Advanced Filters/Apply Filters_btn' is clicked on

22-10-2025T09:24:26 - [TEST_STEP][PASSED] - delay(2): Delayed 2 second(s)

22-10-2025T09:24:28 - [MESSAGE][PASSED] - Delayed 2 second(s)

22-10-2025T09:24:28 - [TEST_STEP][PASSED] - closeBrowser(): Browser is closed

22-10-2025T09:24:29 - [MESSAGE][PASSED] - Browser is closed

22-10-2025T09:24:29 - [TEST_STEP][PASSED] - Start listener action : retryOnDisconnect: null

22-10-2025T09:24:29 - [TEST_STEP][PASSED] - tcId = testCaseContext.getTestCaseId(): null

22-10-2025T09:24:29 - [TEST_STEP][PASSED] - currentRetry = retryCounts.getOrDefault(tcId, 0): null

22-10-2025T09:24:29 - [TEST_STEP][PASSED] - if (testCaseContext.getTestCaseStatus() == "FAILED" && currentRetry < MAX_RETRIES): null]]></system-out>
         <system-err><![CDATA[]]></system-err>
      </testcase>
      <testcase name="Test Cases/TripFocus/FDG/FDG - Orders/FDG - Advanced Filter - Carrier" time="72.761" classname="Test Cases/TripFocus/FDG/FDG - Orders/FDG - Advanced Filter - Carrier" status="PASSED">
         <system-out><![CDATA[22-10-2025T09:24:29 - [TEST_CASE][PASSED] - Test Cases/TripFocus/FDG/FDG - Orders/FDG - Advanced Filter - Carrier: Test Cases/TripFocus/FDG/FDG - Orders/FDG - Advanced Filter - Carrier

22-10-2025T09:24:29 - [TEST_STEP][PASSED] - Start listener action : beforeTestCase: null

22-10-2025T09:24:29 - [TEST_STEP][PASSED] - addDefaultPackages(): null

22-10-2025T09:24:29 - [TEST_STEP][PASSED] - callTestCase(findTestCase("Utility Scripts/Open Browser"), ["destinationURL":TFBaseURL], STOP_ON_FAILURE): Call Test Case 'Test Cases/Utility Scripts/Open Browser' successfully

22-10-2025T09:24:29 - [TEST_CASE][PASSED] - Test Cases/Utility Scripts/Open Browser: Test Cases/Utility Scripts/Open Browser

22-10-2025T09:24:29 - [TEST_STEP][PASSED] - openBrowser(""): Browser is opened with url: ''

22-10-2025T09:24:29 - [MESSAGE][INFO] - Starting 'Chrome' driver

22-10-2025T09:24:29 - [MESSAGE][INFO] - User set preference: ['args', '[--no-sandbox, --disable-gpu, --disable-dev-shm-usage]']

22-10-2025T09:24:29 - [MESSAGE][INFO] - Action delay is set to 0 milliseconds

22-10-2025T09:24:30 - [MESSAGE][PASSED] - Browser is opened with url: ''

22-10-2025T09:24:30 - [TEST_STEP][PASSED] - navigateToUrl(destinationURL): Navigate to 'https://www.qa.tripfocus.com' successfully

22-10-2025T09:24:30 - [MESSAGE][PASSED] - Navigate to 'https://www.qa.tripfocus.com' successfully

22-10-2025T09:24:30 - [TEST_STEP][PASSED] - if (maximizeWindow == true): Current window maximized

22-10-2025T09:24:30 - [TEST_STEP][PASSED] - maximizeWindow(STOP_ON_FAILURE): Current window maximized

22-10-2025T09:24:31 - [MESSAGE][PASSED] - Current window maximized

22-10-2025T09:24:31 - [MESSAGE][PASSED] - Call Test Case 'Test Cases/Utility Scripts/Open Browser' successfully

22-10-2025T09:24:31 - [TEST_STEP][PASSED] - callTestCase(findTestCase("Utility Scripts/TF Sign In"), ["userName":TripFocusPenskeFDGUsername, "password":TripFocusFDGSPGPassword], STOP_ON_FAILURE): Call Test Case 'Test Cases/Utility Scripts/TF Sign In' successfully

22-10-2025T09:24:31 - [TEST_CASE][PASSED] - Test Cases/Utility Scripts/TF Sign In: Test Cases/Utility Scripts/TF Sign In

22-10-2025T09:24:31 - [TEST_STEP][PASSED] - click(findTestObject("Object Repository/TripFocus/Page_TripFocus/button_Sign in")): Object: 'Object Repository/TripFocus/Page_TripFocus/button_Sign in' is clicked on

22-10-2025T09:24:31 - [MESSAGE][PASSED] - Object: 'Object Repository/TripFocus/Page_TripFocus/button_Sign in' is clicked on

22-10-2025T09:24:31 - [TEST_STEP][PASSED] - setText(findTestObject("Object Repository/TripFocus/Page_TripFocus/input_Username (e.g. email address)_Username"), userName): Text 'Ashford.Chenault+PenskeCustomerFDGONLY@thekag.com' is set on object 'Object Repository/TripFocus/Page_TripFocus/input_Username (e.g. email address)_Username'

22-10-2025T09:24:32 - [MESSAGE][PASSED] - Text 'Ashford.Chenault+PenskeCustomerFDGONLY@thekag.com' is set on object 'Object Repository/TripFocus/Page_TripFocus/input_Username (e.g. email address)_Username'

22-10-2025T09:24:32 - [TEST_STEP][PASSED] - setText(findTestObject("Object Repository/TripFocus/Page_TripFocus/input_Password_Password"), password): Text 'CrashBan911!!' is set on object 'Object Repository/TripFocus/Page_TripFocus/input_Password_Password'

22-10-2025T09:24:32 - [MESSAGE][PASSED] - Text 'CrashBan911!!' is set on object 'Object Repository/TripFocus/Page_TripFocus/input_Password_Password'

22-10-2025T09:24:32 - [TEST_STEP][PASSED] - click(findTestObject("Object Repository/TripFocus/Page_TripFocus/button_Login")): Object: 'Object Repository/TripFocus/Page_TripFocus/button_Login' is clicked on

22-10-2025T09:24:32 - [MESSAGE][PASSED] - Object: 'Object Repository/TripFocus/Page_TripFocus/button_Login' is clicked on

22-10-2025T09:24:32 - [TEST_STEP][PASSED] - maximizeWindow(): Current window maximized

22-10-2025T09:24:33 - [MESSAGE][PASSED] - Current window maximized

22-10-2025T09:24:33 - [TEST_STEP][PASSED] - waitForElementVisible(findTestObject("TripFocus/Testing_Notification_btn"), 5, OPTIONAL): Web element with id: 'Object Repository/TripFocus/Testing_Notification_btn' located by '//*[@id="__BVID__10___BV_modal_footer_"]/button' not found

22-10-2025T09:24:39 - [MESSAGE][INFO] - Unable to find the element located by 'By.xpath: //*[@id="__BVID__10___BV_modal_footer_"]/button'. Please recheck the objects properties to make sure the desired element is located. 

22-10-2025T09:24:39 - [MESSAGE][WARNING] - [SELF-HEALING] Failed to find element with id 'Object Repository/TripFocus/Testing_Notification_btn'. Try using Self-healing.

22-10-2025T09:24:40 - [MESSAGE][INFO] - [SELF-HEALING] No working XPath is found.

22-10-2025T09:24:42 - [MESSAGE][INFO] - Unable to find the element located by 'By.xpath: '. Please recheck the objects properties to make sure the desired element is located. 

22-10-2025T09:24:42 - [MESSAGE][WARNING] - [SELF-HEALING] Cannot find elements when the selector is null

22-10-2025T09:24:42 - [MESSAGE][WARNING] - Web element with id: 'Object Repository/TripFocus/Testing_Notification_btn' located by '//*[@id="__BVID__10___BV_modal_footer_"]/button' not found

22-10-2025T09:24:42 - [TEST_STEP][PASSED] - if (verifyElementVisible(findTestObject("TripFocus/Testing_Notification_btn"), OPTIONAL) == true): Web element with id: 'Object Repository/TripFocus/Testing_Notification_btn' located by '//*[@id="__BVID__10___BV_modal_footer_"]/button' not found (Root cause: com.kms.katalon.core.exception.StepFailedException: Web element with id: 'Object Repository/TripFocus/Testing_Notification_btn' located by '//*[@id="__BVID__10___BV_modal_footer_"]/button' not found
	at com.kms.katalon.core.webui.keyword.internal.WebUIKeywordMain.stepFailed(WebUIKeywordMain.groovy:117)
	at com.kms.katalon.core.webui.keyword.builtin.VerifyElementVisibleKeyword$_verifyElementVisible_closure1.doCall(VerifyElementVisibleKeyword.groovy:89)
	at com.kms.katalon.core.webui.keyword.builtin.VerifyElementVisibleKeyword$_verifyElementVisible_closure1.call(VerifyElementVisibleKeyword.groovy)
	at com.kms.katalon.core.webui.keyword.internal.WebUIKeywordMain.runKeyword(WebUIKeywordMain.groovy:35)
	at com.kms.katalon.core.webui.keyword.builtin.VerifyElementVisibleKeyword.verifyElementVisible(VerifyElementVisibleKeyword.groovy:97)
	at com.kms.katalon.core.webui.keyword.builtin.VerifyElementVisibleKeyword.execute(VerifyElementVisibleKeyword.groovy:67)
	at com.kms.katalon.core.keyword.internal.KeywordExecutor.executeKeywordForPlatform(KeywordExecutor.groovy:74)
	at com.kms.katalon.core.webui.keyword.WebUiBuiltInKeywords.verifyElementVisible(WebUiBuiltInKeywords.groovy:401)
	at com.kms.katalon.core.webui.keyword.WebUiBuiltInKeywords$verifyElementVisible$5.call(Unknown Source)
	at TF Sign In.run(TF Sign In:33)
	at com.kms.katalon.core.main.ScriptEngine.run(ScriptEngine.java:194)
	at com.kms.katalon.core.main.ScriptEngine.runScriptAsRawText(ScriptEngine.java:119)
	at com.kms.katalon.core.main.TestCaseExecutor.runScript(TestCaseExecutor.java:448)
	at com.kms.katalon.core.main.TestCaseExecutor.doExecute(TestCaseExecutor.java:439)
	at com.kms.katalon.core.main.TestCaseExecutor.processExecutionPhase(TestCaseExecutor.java:418)
	at com.kms.katalon.core.main.TestCaseExecutor.accessMainPhase(TestCaseExecutor.java:410)
	at com.kms.katalon.core.main.TestCaseExecutor.execute(TestCaseExecutor.java:285)
	at com.kms.katalon.core.main.TestCaseMain.runTestCase(TestCaseMain.java:137)
	at com.kms.katalon.core.keyword.builtin.CallTestCaseKeyword$_callTestCase_closure1.doCall(CallTestCaseKeyword.groovy:59)
	at com.kms.katalon.core.keyword.builtin.CallTestCaseKeyword$_callTestCase_closure1.call(CallTestCaseKeyword.groovy)
	at com.kms.katalon.core.keyword.internal.KeywordMain.runKeyword(KeywordMain.groovy:75)
	at com.kms.katalon.core.keyword.builtin.CallTestCaseKeyword.callTestCase(CallTestCaseKeyword.groovy:81)
	at com.kms.katalon.core.keyword.builtin.CallTestCaseKeyword.execute(CallTestCaseKeyword.groovy:44)
	at com.kms.katalon.core.keyword.internal.KeywordExecutor.executeKeywordForPlatform(KeywordExecutor.groovy:74)
	at com.kms.katalon.core.keyword.BuiltinKeywords.callTestCase(BuiltinKeywords.groovy:310)
	at java.base/jdk.internal.reflect.NativeMethodAccessorImpl.invoke0(Native Method)
	at java.base/jdk.internal.reflect.NativeMethodAccessorImpl.invoke(NativeMethodAccessorImpl.java:77)
	at java.base/jdk.internal.reflect.DelegatingMethodAccessorImpl.invoke(DelegatingMethodAccessorImpl.java:43)
	at FDG - Advanced Filter - Carrier.run(FDG - Advanced Filter - Carrier:22)
	at com.kms.katalon.core.main.ScriptEngine.run(ScriptEngine.java:194)
	at com.kms.katalon.core.main.ScriptEngine.runScriptAsRawText(ScriptEngine.java:119)
	at com.kms.katalon.core.main.TestCaseExecutor.runScript(TestCaseExecutor.java:448)
	at com.kms.katalon.core.main.TestCaseExecutor.doExecute(TestCaseExecutor.java:439)
	at com.kms.katalon.core.main.TestCaseExecutor.processExecutionPhase(TestCaseExecutor.java:418)
	at com.kms.katalon.core.main.TestCaseExecutor.accessMainPhase(TestCaseExecutor.java:410)
	at com.kms.katalon.core.main.TestCaseExecutor.execute(TestCaseExecutor.java:285)
	at com.kms.katalon.core.common.CommonExecutor.accessTestCaseMainPhase(CommonExecutor.java:65)
	at com.kms.katalon.core.main.TestSuiteExecutor.accessTestSuiteMainPhase(TestSuiteExecutor.java:150)
	at com.kms.katalon.core.main.TestSuiteExecutor.execute(TestSuiteExecutor.java:106)
	at com.kms.katalon.core.main.TestCaseMain.startTestSuite(TestCaseMain.java:180)
	at com.kms.katalon.core.main.TestCaseMain$startTestSuite$0.call(Unknown Source)
	at TempTestSuite1761139058037.run(TempTestSuite1761139058037.groovy:35)
	at java.base/jdk.internal.reflect.NativeMethodAccessorImpl.invoke0(Native Method)
	at java.base/jdk.internal.reflect.NativeMethodAccessorImpl.invoke(NativeMethodAccessorImpl.java:77)
	at java.base/jdk.internal.reflect.DelegatingMethodAccessorImpl.invoke(DelegatingMethodAccessorImpl.java:43)
)

22-10-2025T09:24:58 - [MESSAGE][INFO] - Unable to find the element located by 'By.xpath: //*[@id="__BVID__10___BV_modal_footer_"]/button'. Please recheck the objects properties to make sure the desired element is located. 

22-10-2025T09:24:58 - [MESSAGE][WARNING] - [SELF-HEALING] Failed to find element with id 'Object Repository/TripFocus/Testing_Notification_btn'. Try using Self-healing.

22-10-2025T09:24:59 - [MESSAGE][INFO] - [SELF-HEALING] No working XPath is found.

22-10-2025T09:25:01 - [MESSAGE][INFO] - Unable to find the element located by 'By.xpath: '. Please recheck the objects properties to make sure the desired element is located. 

22-10-2025T09:25:01 - [MESSAGE][WARNING] - [SELF-HEALING] Cannot find elements when the selector is null

22-10-2025T09:25:01 - [MESSAGE][WARNING] - Web element with id: 'Object Repository/TripFocus/Testing_Notification_btn' located by '//*[@id="__BVID__10___BV_modal_footer_"]/button' not found (Root cause: com.kms.katalon.core.exception.StepFailedException: Web element with id: 'Object Repository/TripFocus/Testing_Notification_btn' located by '//*[@id="__BVID__10___BV_modal_footer_"]/button' not found
	at com.kms.katalon.core.webui.keyword.internal.WebUIKeywordMain.stepFailed(WebUIKeywordMain.groovy:117)
	at com.kms.katalon.core.webui.keyword.builtin.VerifyElementVisibleKeyword$_verifyElementVisible_closure1.doCall(VerifyElementVisibleKeyword.groovy:89)
	at com.kms.katalon.core.webui.keyword.builtin.VerifyElementVisibleKeyword$_verifyElementVisible_closure1.call(VerifyElementVisibleKeyword.groovy)
	at com.kms.katalon.core.webui.keyword.internal.WebUIKeywordMain.runKeyword(WebUIKeywordMain.groovy:35)
	at com.kms.katalon.core.webui.keyword.builtin.VerifyElementVisibleKeyword.verifyElementVisible(VerifyElementVisibleKeyword.groovy:97)
	at com.kms.katalon.core.webui.keyword.builtin.VerifyElementVisibleKeyword.execute(VerifyElementVisibleKeyword.groovy:67)
	at com.kms.katalon.core.keyword.internal.KeywordExecutor.executeKeywordForPlatform(KeywordExecutor.groovy:74)
	at com.kms.katalon.core.webui.keyword.WebUiBuiltInKeywords.verifyElementVisible(WebUiBuiltInKeywords.groovy:401)
	at com.kms.katalon.core.webui.keyword.WebUiBuiltInKeywords$verifyElementVisible$5.call(Unknown Source)
	at TF Sign In.run(TF Sign In:33)
	at com.kms.katalon.core.main.ScriptEngine.run(ScriptEngine.java:194)
	at com.kms.katalon.core.main.ScriptEngine.runScriptAsRawText(ScriptEngine.java:119)
	at com.kms.katalon.core.main.TestCaseExecutor.runScript(TestCaseExecutor.java:448)
	at com.kms.katalon.core.main.TestCaseExecutor.doExecute(TestCaseExecutor.java:439)
	at com.kms.katalon.core.main.TestCaseExecutor.processExecutionPhase(TestCaseExecutor.java:418)
	at com.kms.katalon.core.main.TestCaseExecutor.accessMainPhase(TestCaseExecutor.java:410)
	at com.kms.katalon.core.main.TestCaseExecutor.execute(TestCaseExecutor.java:285)
	at com.kms.katalon.core.main.TestCaseMain.runTestCase(TestCaseMain.java:137)
	at com.kms.katalon.core.keyword.builtin.CallTestCaseKeyword$_callTestCase_closure1.doCall(CallTestCaseKeyword.groovy:59)
	at com.kms.katalon.core.keyword.builtin.CallTestCaseKeyword$_callTestCase_closure1.call(CallTestCaseKeyword.groovy)
	at com.kms.katalon.core.keyword.internal.KeywordMain.runKeyword(KeywordMain.groovy:75)
	at com.kms.katalon.core.keyword.builtin.CallTestCaseKeyword.callTestCase(CallTestCaseKeyword.groovy:81)
	at com.kms.katalon.core.keyword.builtin.CallTestCaseKeyword.execute(CallTestCaseKeyword.groovy:44)
	at com.kms.katalon.core.keyword.internal.KeywordExecutor.executeKeywordForPlatform(KeywordExecutor.groovy:74)
	at com.kms.katalon.core.keyword.BuiltinKeywords.callTestCase(BuiltinKeywords.groovy:310)
	at java.base/jdk.internal.reflect.NativeMethodAccessorImpl.invoke0(Native Method)
	at java.base/jdk.internal.reflect.NativeMethodAccessorImpl.invoke(NativeMethodAccessorImpl.java:77)
	at java.base/jdk.internal.reflect.DelegatingMethodAccessorImpl.invoke(DelegatingMethodAccessorImpl.java:43)
	at FDG - Advanced Filter - Carrier.run(FDG - Advanced Filter - Carrier:22)
	at com.kms.katalon.core.main.ScriptEngine.run(ScriptEngine.java:194)
	at com.kms.katalon.core.main.ScriptEngine.runScriptAsRawText(ScriptEngine.java:119)
	at com.kms.katalon.core.main.TestCaseExecutor.runScript(TestCaseExecutor.java:448)
	at com.kms.katalon.core.main.TestCaseExecutor.doExecute(TestCaseExecutor.java:439)
	at com.kms.katalon.core.main.TestCaseExecutor.processExecutionPhase(TestCaseExecutor.java:418)
	at com.kms.katalon.core.main.TestCaseExecutor.accessMainPhase(TestCaseExecutor.java:410)
	at com.kms.katalon.core.main.TestCaseExecutor.execute(TestCaseExecutor.java:285)
	at com.kms.katalon.core.common.CommonExecutor.accessTestCaseMainPhase(CommonExecutor.java:65)
	at com.kms.katalon.core.main.TestSuiteExecutor.accessTestSuiteMainPhase(TestSuiteExecutor.java:150)
	at com.kms.katalon.core.main.TestSuiteExecutor.execute(TestSuiteExecutor.java:106)
	at com.kms.katalon.core.main.TestCaseMain.startTestSuite(TestCaseMain.java:180)
	at com.kms.katalon.core.main.TestCaseMain$startTestSuite$0.call(Unknown Source)
	at TempTestSuite1761139058037.run(TempTestSuite1761139058037.groovy:35)
	at java.base/jdk.internal.reflect.NativeMethodAccessorImpl.invoke0(Native Method)
	at java.base/jdk.internal.reflect.NativeMethodAccessorImpl.invoke(NativeMethodAccessorImpl.java:77)
	at java.base/jdk.internal.reflect.DelegatingMethodAccessorImpl.invoke(DelegatingMethodAccessorImpl.java:43)
)

22-10-2025T09:25:01 - [MESSAGE][PASSED] - Call Test Case 'Test Cases/Utility Scripts/TF Sign In' successfully

22-10-2025T09:25:01 - [TEST_STEP][PASSED] - click(findTestObject("TripFocus/SSO/SSO Orders Tab")): Object: 'Object Repository/TripFocus/SSO/SSO Orders Tab' is clicked on

22-10-2025T09:25:01 - [MESSAGE][PASSED] - Object: 'Object Repository/TripFocus/SSO/SSO Orders Tab' is clicked on

22-10-2025T09:25:01 - [TEST_STEP][PASSED] - delay(15): Delayed 15 second(s)

22-10-2025T09:25:16 - [MESSAGE][PASSED] - Delayed 15 second(s)

22-10-2025T09:25:16 - [TEST_STEP][PASSED] - click(findTestObject("TripFocus/Orders/Advanced Filters_btn"), STOP_ON_FAILURE): Object: 'Object Repository/TripFocus/Orders/Advanced Filters_btn' is clicked on

22-10-2025T09:25:16 - [MESSAGE][PASSED] - Object: 'Object Repository/TripFocus/Orders/Advanced Filters_btn' is clicked on

22-10-2025T09:25:16 - [TEST_STEP][PASSED] - delay(2): Delayed 2 second(s)

22-10-2025T09:25:18 - [MESSAGE][PASSED] - Delayed 2 second(s)

22-10-2025T09:25:18 - [TEST_STEP][PASSED] - click(findTestObject("TripFocus/Orders/Advanced Filters/Advanced Search Fields/Advanced_Search_Fields_dropdown")): Object: 'Object Repository/TripFocus/Orders/Advanced Filters/Advanced Search Fields/Advanced_Search_Fields_dropdown' is clicked on

22-10-2025T09:25:18 - [MESSAGE][PASSED] - Object: 'Object Repository/TripFocus/Orders/Advanced Filters/Advanced Search Fields/Advanced_Search_Fields_dropdown' is clicked on

22-10-2025T09:25:18 - [TEST_STEP][PASSED] - delay(2): Delayed 2 second(s)

22-10-2025T09:25:20 - [MESSAGE][PASSED] - Delayed 2 second(s)

22-10-2025T09:25:20 - [TEST_STEP][PASSED] - click(findTestObject("TripFocus/Orders/Advanced Filters/Advanced Search Fields/Carrier_dropdown")): Object: 'Object Repository/TripFocus/Orders/Advanced Filters/Advanced Search Fields/Carrier_dropdown' is clicked on

22-10-2025T09:25:20 - [MESSAGE][PASSED] - Object: 'Object Repository/TripFocus/Orders/Advanced Filters/Advanced Search Fields/Carrier_dropdown' is clicked on

22-10-2025T09:25:20 - [TEST_STEP][PASSED] - delay(2): Delayed 2 second(s)

22-10-2025T09:25:22 - [MESSAGE][PASSED] - Delayed 2 second(s)

22-10-2025T09:25:22 - [TEST_STEP][PASSED] - sendKeys(findTestObject("TripFocus/Orders/Advanced Filters/Advanced Search Fields/Carrier_txt"), "UNKNOWN"): Keys 'UNKNOWN' sent to object: 'Object Repository/TripFocus/Orders/Advanced Filters/Advanced Search Fields/Carrier_txt'

22-10-2025T09:25:22 - [MESSAGE][PASSED] - Keys 'UNKNOWN' sent to object: 'Object Repository/TripFocus/Orders/Advanced Filters/Advanced Search Fields/Carrier_txt'

22-10-2025T09:25:22 - [TEST_STEP][PASSED] - delay(5): Delayed 5 second(s)

22-10-2025T09:25:27 - [MESSAGE][PASSED] - Delayed 5 second(s)

22-10-2025T09:25:27 - [TEST_STEP][PASSED] - sendKeys(findTestObject("TripFocus/Orders/Advanced Filters/Advanced Search Fields/Carrier_txt"), Keys.chord(ENTER)): Keys 'ENTER + ' sent to object: 'Object Repository/TripFocus/Orders/Advanced Filters/Advanced Search Fields/Carrier_txt'

22-10-2025T09:25:28 - [MESSAGE][PASSED] - Keys 'ENTER + ' sent to object: 'Object Repository/TripFocus/Orders/Advanced Filters/Advanced Search Fields/Carrier_txt'

22-10-2025T09:25:28 - [TEST_STEP][PASSED] - delay(2): Delayed 2 second(s)

22-10-2025T09:25:30 - [MESSAGE][PASSED] - Delayed 2 second(s)

22-10-2025T09:25:30 - [TEST_STEP][PASSED] - click(findTestObject("TripFocus/Sidebar Minimizer")): Object: 'Object Repository/TripFocus/Sidebar Minimizer' is clicked on

22-10-2025T09:25:30 - [MESSAGE][PASSED] - Object: 'Object Repository/TripFocus/Sidebar Minimizer' is clicked on

22-10-2025T09:25:30 - [TEST_STEP][PASSED] - delay(2): Delayed 2 second(s)

22-10-2025T09:25:32 - [MESSAGE][PASSED] - Delayed 2 second(s)

22-10-2025T09:25:32 - [TEST_STEP][PASSED] - click(findTestObject("TripFocus/Orders/Advanced Filters/Apply Filters_btn")): Object: 'Object Repository/TripFocus/Orders/Advanced Filters/Apply Filters_btn' is clicked on

22-10-2025T09:25:32 - [MESSAGE][PASSED] - Object: 'Object Repository/TripFocus/Orders/Advanced Filters/Apply Filters_btn' is clicked on

22-10-2025T09:25:32 - [TEST_STEP][PASSED] - delay(5): Delayed 5 second(s)

22-10-2025T09:25:37 - [MESSAGE][PASSED] - Delayed 5 second(s)

22-10-2025T09:25:37 - [TEST_STEP][PASSED] - click(findTestObject("TripFocus/Orders/Order_body")): Object: 'Object Repository/TripFocus/Orders/Order_body' is clicked on

22-10-2025T09:25:37 - [MESSAGE][PASSED] - Object: 'Object Repository/TripFocus/Orders/Order_body' is clicked on

22-10-2025T09:25:37 - [TEST_STEP][PASSED] - delay(2): Delayed 2 second(s)

22-10-2025T09:25:39 - [MESSAGE][PASSED] - Delayed 2 second(s)

22-10-2025T09:25:39 - [TEST_STEP][PASSED] - verifyTextPresent("COSTCO", false): Text 'COSTCO' is present on page 

22-10-2025T09:25:39 - [MESSAGE][PASSED] - Text 'COSTCO' is present on page 

22-10-2025T09:25:39 - [TEST_STEP][PASSED] - delay(2): Delayed 2 second(s)

22-10-2025T09:25:41 - [MESSAGE][PASSED] - Delayed 2 second(s)

22-10-2025T09:25:41 - [TEST_STEP][PASSED] - closeBrowser(): Browser is closed

22-10-2025T09:25:41 - [MESSAGE][PASSED] - Browser is closed

22-10-2025T09:25:41 - [TEST_STEP][PASSED] - Start listener action : retryOnDisconnect: null

22-10-2025T09:25:41 - [TEST_STEP][PASSED] - tcId = testCaseContext.getTestCaseId(): null

22-10-2025T09:25:41 - [TEST_STEP][PASSED] - currentRetry = retryCounts.getOrDefault(tcId, 0): null

22-10-2025T09:25:41 - [TEST_STEP][PASSED] - if (testCaseContext.getTestCaseStatus() == "FAILED" && currentRetry < MAX_RETRIES): null]]></system-out>
         <system-err><![CDATA[]]></system-err>
      </testcase>
      <testcase name="Test Cases/TripFocus/FDG/FDG - Orders/FDG - Advanced Filter - Commodity Class" time="71.255" classname="Test Cases/TripFocus/FDG/FDG - Orders/FDG - Advanced Filter - Commodity Class" status="PASSED">
         <system-out><![CDATA[22-10-2025T09:25:41 - [TEST_CASE][PASSED] - Test Cases/TripFocus/FDG/FDG - Orders/FDG - Advanced Filter - Commodity Class: Test Cases/TripFocus/FDG/FDG - Orders/FDG - Advanced Filter - Commodity Class

22-10-2025T09:25:41 - [TEST_STEP][PASSED] - Start listener action : beforeTestCase: null

22-10-2025T09:25:41 - [TEST_STEP][PASSED] - addDefaultPackages(): null

22-10-2025T09:25:41 - [TEST_STEP][PASSED] - callTestCase(findTestCase("Utility Scripts/Open Browser"), ["destinationURL":TFBaseURL], STOP_ON_FAILURE): Call Test Case 'Test Cases/Utility Scripts/Open Browser' successfully

22-10-2025T09:25:42 - [TEST_CASE][PASSED] - Test Cases/Utility Scripts/Open Browser: Test Cases/Utility Scripts/Open Browser

22-10-2025T09:25:42 - [TEST_STEP][PASSED] - openBrowser(""): Browser is opened with url: ''

22-10-2025T09:25:42 - [MESSAGE][INFO] - Starting 'Chrome' driver

22-10-2025T09:25:42 - [MESSAGE][INFO] - User set preference: ['args', '[--no-sandbox, --disable-gpu, --disable-dev-shm-usage]']

22-10-2025T09:25:42 - [MESSAGE][INFO] - Action delay is set to 0 milliseconds

22-10-2025T09:25:42 - [MESSAGE][PASSED] - Browser is opened with url: ''

22-10-2025T09:25:42 - [TEST_STEP][PASSED] - navigateToUrl(destinationURL): Navigate to 'https://www.qa.tripfocus.com' successfully

22-10-2025T09:25:43 - [MESSAGE][PASSED] - Navigate to 'https://www.qa.tripfocus.com' successfully

22-10-2025T09:25:43 - [TEST_STEP][PASSED] - if (maximizeWindow == true): Current window maximized

22-10-2025T09:25:43 - [TEST_STEP][PASSED] - maximizeWindow(STOP_ON_FAILURE): Current window maximized

22-10-2025T09:25:43 - [MESSAGE][PASSED] - Current window maximized

22-10-2025T09:25:43 - [MESSAGE][PASSED] - Call Test Case 'Test Cases/Utility Scripts/Open Browser' successfully

22-10-2025T09:25:43 - [TEST_STEP][PASSED] - callTestCase(findTestCase("Utility Scripts/TF Sign In"), ["userName":TripFocusPenskeFDGUsername, "password":TripFocusFDGSPGPassword], STOP_ON_FAILURE): Call Test Case 'Test Cases/Utility Scripts/TF Sign In' successfully

22-10-2025T09:25:43 - [TEST_CASE][PASSED] - Test Cases/Utility Scripts/TF Sign In: Test Cases/Utility Scripts/TF Sign In

22-10-2025T09:25:43 - [TEST_STEP][PASSED] - click(findTestObject("Object Repository/TripFocus/Page_TripFocus/button_Sign in")): Object: 'Object Repository/TripFocus/Page_TripFocus/button_Sign in' is clicked on

22-10-2025T09:25:43 - [MESSAGE][PASSED] - Object: 'Object Repository/TripFocus/Page_TripFocus/button_Sign in' is clicked on

22-10-2025T09:25:43 - [TEST_STEP][PASSED] - setText(findTestObject("Object Repository/TripFocus/Page_TripFocus/input_Username (e.g. email address)_Username"), userName): Text 'Ashford.Chenault+PenskeCustomerFDGONLY@thekag.com' is set on object 'Object Repository/TripFocus/Page_TripFocus/input_Username (e.g. email address)_Username'

22-10-2025T09:25:43 - [MESSAGE][PASSED] - Text 'Ashford.Chenault+PenskeCustomerFDGONLY@thekag.com' is set on object 'Object Repository/TripFocus/Page_TripFocus/input_Username (e.g. email address)_Username'

22-10-2025T09:25:43 - [TEST_STEP][PASSED] - setText(findTestObject("Object Repository/TripFocus/Page_TripFocus/input_Password_Password"), password): Text 'CrashBan911!!' is set on object 'Object Repository/TripFocus/Page_TripFocus/input_Password_Password'

22-10-2025T09:25:44 - [MESSAGE][PASSED] - Text 'CrashBan911!!' is set on object 'Object Repository/TripFocus/Page_TripFocus/input_Password_Password'

22-10-2025T09:25:44 - [TEST_STEP][PASSED] - click(findTestObject("Object Repository/TripFocus/Page_TripFocus/button_Login")): Object: 'Object Repository/TripFocus/Page_TripFocus/button_Login' is clicked on

22-10-2025T09:25:44 - [MESSAGE][PASSED] - Object: 'Object Repository/TripFocus/Page_TripFocus/button_Login' is clicked on

22-10-2025T09:25:44 - [TEST_STEP][PASSED] - maximizeWindow(): Current window maximized

22-10-2025T09:25:44 - [MESSAGE][PASSED] - Current window maximized

22-10-2025T09:25:44 - [TEST_STEP][PASSED] - waitForElementVisible(findTestObject("TripFocus/Testing_Notification_btn"), 5, OPTIONAL): Web element with id: 'Object Repository/TripFocus/Testing_Notification_btn' located by '//*[@id="__BVID__10___BV_modal_footer_"]/button' not found

22-10-2025T09:25:50 - [MESSAGE][INFO] - Unable to find the element located by 'By.xpath: //*[@id="__BVID__10___BV_modal_footer_"]/button'. Please recheck the objects properties to make sure the desired element is located. 

22-10-2025T09:25:50 - [MESSAGE][WARNING] - [SELF-HEALING] Failed to find element with id 'Object Repository/TripFocus/Testing_Notification_btn'. Try using Self-healing.

22-10-2025T09:25:51 - [MESSAGE][INFO] - [SELF-HEALING] No working XPath is found.

22-10-2025T09:25:53 - [MESSAGE][INFO] - Unable to find the element located by 'By.xpath: '. Please recheck the objects properties to make sure the desired element is located. 

22-10-2025T09:25:53 - [MESSAGE][WARNING] - [SELF-HEALING] Cannot find elements when the selector is null

22-10-2025T09:25:53 - [MESSAGE][WARNING] - Web element with id: 'Object Repository/TripFocus/Testing_Notification_btn' located by '//*[@id="__BVID__10___BV_modal_footer_"]/button' not found

22-10-2025T09:25:53 - [TEST_STEP][PASSED] - if (verifyElementVisible(findTestObject("TripFocus/Testing_Notification_btn"), OPTIONAL) == true): Web element with id: 'Object Repository/TripFocus/Testing_Notification_btn' located by '//*[@id="__BVID__10___BV_modal_footer_"]/button' not found (Root cause: com.kms.katalon.core.exception.StepFailedException: Web element with id: 'Object Repository/TripFocus/Testing_Notification_btn' located by '//*[@id="__BVID__10___BV_modal_footer_"]/button' not found
	at com.kms.katalon.core.webui.keyword.internal.WebUIKeywordMain.stepFailed(WebUIKeywordMain.groovy:117)
	at com.kms.katalon.core.webui.keyword.builtin.VerifyElementVisibleKeyword$_verifyElementVisible_closure1.doCall(VerifyElementVisibleKeyword.groovy:89)
	at com.kms.katalon.core.webui.keyword.builtin.VerifyElementVisibleKeyword$_verifyElementVisible_closure1.call(VerifyElementVisibleKeyword.groovy)
	at com.kms.katalon.core.webui.keyword.internal.WebUIKeywordMain.runKeyword(WebUIKeywordMain.groovy:35)
	at com.kms.katalon.core.webui.keyword.builtin.VerifyElementVisibleKeyword.verifyElementVisible(VerifyElementVisibleKeyword.groovy:97)
	at com.kms.katalon.core.webui.keyword.builtin.VerifyElementVisibleKeyword.execute(VerifyElementVisibleKeyword.groovy:67)
	at com.kms.katalon.core.keyword.internal.KeywordExecutor.executeKeywordForPlatform(KeywordExecutor.groovy:74)
	at com.kms.katalon.core.webui.keyword.WebUiBuiltInKeywords.verifyElementVisible(WebUiBuiltInKeywords.groovy:401)
	at com.kms.katalon.core.webui.keyword.WebUiBuiltInKeywords$verifyElementVisible$5.call(Unknown Source)
	at TF Sign In.run(TF Sign In:33)
	at com.kms.katalon.core.main.ScriptEngine.run(ScriptEngine.java:194)
	at com.kms.katalon.core.main.ScriptEngine.runScriptAsRawText(ScriptEngine.java:119)
	at com.kms.katalon.core.main.TestCaseExecutor.runScript(TestCaseExecutor.java:448)
	at com.kms.katalon.core.main.TestCaseExecutor.doExecute(TestCaseExecutor.java:439)
	at com.kms.katalon.core.main.TestCaseExecutor.processExecutionPhase(TestCaseExecutor.java:418)
	at com.kms.katalon.core.main.TestCaseExecutor.accessMainPhase(TestCaseExecutor.java:410)
	at com.kms.katalon.core.main.TestCaseExecutor.execute(TestCaseExecutor.java:285)
	at com.kms.katalon.core.main.TestCaseMain.runTestCase(TestCaseMain.java:137)
	at com.kms.katalon.core.keyword.builtin.CallTestCaseKeyword$_callTestCase_closure1.doCall(CallTestCaseKeyword.groovy:59)
	at com.kms.katalon.core.keyword.builtin.CallTestCaseKeyword$_callTestCase_closure1.call(CallTestCaseKeyword.groovy)
	at com.kms.katalon.core.keyword.internal.KeywordMain.runKeyword(KeywordMain.groovy:75)
	at com.kms.katalon.core.keyword.builtin.CallTestCaseKeyword.callTestCase(CallTestCaseKeyword.groovy:81)
	at com.kms.katalon.core.keyword.builtin.CallTestCaseKeyword.execute(CallTestCaseKeyword.groovy:44)
	at com.kms.katalon.core.keyword.internal.KeywordExecutor.executeKeywordForPlatform(KeywordExecutor.groovy:74)
	at com.kms.katalon.core.keyword.BuiltinKeywords.callTestCase(BuiltinKeywords.groovy:310)
	at java.base/jdk.internal.reflect.NativeMethodAccessorImpl.invoke0(Native Method)
	at java.base/jdk.internal.reflect.NativeMethodAccessorImpl.invoke(NativeMethodAccessorImpl.java:77)
	at java.base/jdk.internal.reflect.DelegatingMethodAccessorImpl.invoke(DelegatingMethodAccessorImpl.java:43)
	at FDG - Advanced Filter - Commodity Class.run(FDG - Advanced Filter - Commodity Class:22)
	at com.kms.katalon.core.main.ScriptEngine.run(ScriptEngine.java:194)
	at com.kms.katalon.core.main.ScriptEngine.runScriptAsRawText(ScriptEngine.java:119)
	at com.kms.katalon.core.main.TestCaseExecutor.runScript(TestCaseExecutor.java:448)
	at com.kms.katalon.core.main.TestCaseExecutor.doExecute(TestCaseExecutor.java:439)
	at com.kms.katalon.core.main.TestCaseExecutor.processExecutionPhase(TestCaseExecutor.java:418)
	at com.kms.katalon.core.main.TestCaseExecutor.accessMainPhase(TestCaseExecutor.java:410)
	at com.kms.katalon.core.main.TestCaseExecutor.execute(TestCaseExecutor.java:285)
	at com.kms.katalon.core.common.CommonExecutor.accessTestCaseMainPhase(CommonExecutor.java:65)
	at com.kms.katalon.core.main.TestSuiteExecutor.accessTestSuiteMainPhase(TestSuiteExecutor.java:150)
	at com.kms.katalon.core.main.TestSuiteExecutor.execute(TestSuiteExecutor.java:106)
	at com.kms.katalon.core.main.TestCaseMain.startTestSuite(TestCaseMain.java:180)
	at com.kms.katalon.core.main.TestCaseMain$startTestSuite$0.call(Unknown Source)
	at TempTestSuite1761139058037.run(TempTestSuite1761139058037.groovy:35)
	at java.base/jdk.internal.reflect.NativeMethodAccessorImpl.invoke0(Native Method)
	at java.base/jdk.internal.reflect.NativeMethodAccessorImpl.invoke(NativeMethodAccessorImpl.java:77)
	at java.base/jdk.internal.reflect.DelegatingMethodAccessorImpl.invoke(DelegatingMethodAccessorImpl.java:43)
)

22-10-2025T09:26:09 - [MESSAGE][INFO] - Unable to find the element located by 'By.xpath: //*[@id="__BVID__10___BV_modal_footer_"]/button'. Please recheck the objects properties to make sure the desired element is located. 

22-10-2025T09:26:09 - [MESSAGE][WARNING] - [SELF-HEALING] Failed to find element with id 'Object Repository/TripFocus/Testing_Notification_btn'. Try using Self-healing.

22-10-2025T09:26:10 - [MESSAGE][INFO] - [SELF-HEALING] No working XPath is found.

22-10-2025T09:26:12 - [MESSAGE][INFO] - Unable to find the element located by 'By.xpath: '. Please recheck the objects properties to make sure the desired element is located. 

22-10-2025T09:26:12 - [MESSAGE][WARNING] - [SELF-HEALING] Cannot find elements when the selector is null

22-10-2025T09:26:12 - [MESSAGE][WARNING] - Web element with id: 'Object Repository/TripFocus/Testing_Notification_btn' located by '//*[@id="__BVID__10___BV_modal_footer_"]/button' not found (Root cause: com.kms.katalon.core.exception.StepFailedException: Web element with id: 'Object Repository/TripFocus/Testing_Notification_btn' located by '//*[@id="__BVID__10___BV_modal_footer_"]/button' not found
	at com.kms.katalon.core.webui.keyword.internal.WebUIKeywordMain.stepFailed(WebUIKeywordMain.groovy:117)
	at com.kms.katalon.core.webui.keyword.builtin.VerifyElementVisibleKeyword$_verifyElementVisible_closure1.doCall(VerifyElementVisibleKeyword.groovy:89)
	at com.kms.katalon.core.webui.keyword.builtin.VerifyElementVisibleKeyword$_verifyElementVisible_closure1.call(VerifyElementVisibleKeyword.groovy)
	at com.kms.katalon.core.webui.keyword.internal.WebUIKeywordMain.runKeyword(WebUIKeywordMain.groovy:35)
	at com.kms.katalon.core.webui.keyword.builtin.VerifyElementVisibleKeyword.verifyElementVisible(VerifyElementVisibleKeyword.groovy:97)
	at com.kms.katalon.core.webui.keyword.builtin.VerifyElementVisibleKeyword.execute(VerifyElementVisibleKeyword.groovy:67)
	at com.kms.katalon.core.keyword.internal.KeywordExecutor.executeKeywordForPlatform(KeywordExecutor.groovy:74)
	at com.kms.katalon.core.webui.keyword.WebUiBuiltInKeywords.verifyElementVisible(WebUiBuiltInKeywords.groovy:401)
	at com.kms.katalon.core.webui.keyword.WebUiBuiltInKeywords$verifyElementVisible$5.call(Unknown Source)
	at TF Sign In.run(TF Sign In:33)
	at com.kms.katalon.core.main.ScriptEngine.run(ScriptEngine.java:194)
	at com.kms.katalon.core.main.ScriptEngine.runScriptAsRawText(ScriptEngine.java:119)
	at com.kms.katalon.core.main.TestCaseExecutor.runScript(TestCaseExecutor.java:448)
	at com.kms.katalon.core.main.TestCaseExecutor.doExecute(TestCaseExecutor.java:439)
	at com.kms.katalon.core.main.TestCaseExecutor.processExecutionPhase(TestCaseExecutor.java:418)
	at com.kms.katalon.core.main.TestCaseExecutor.accessMainPhase(TestCaseExecutor.java:410)
	at com.kms.katalon.core.main.TestCaseExecutor.execute(TestCaseExecutor.java:285)
	at com.kms.katalon.core.main.TestCaseMain.runTestCase(TestCaseMain.java:137)
	at com.kms.katalon.core.keyword.builtin.CallTestCaseKeyword$_callTestCase_closure1.doCall(CallTestCaseKeyword.groovy:59)
	at com.kms.katalon.core.keyword.builtin.CallTestCaseKeyword$_callTestCase_closure1.call(CallTestCaseKeyword.groovy)
	at com.kms.katalon.core.keyword.internal.KeywordMain.runKeyword(KeywordMain.groovy:75)
	at com.kms.katalon.core.keyword.builtin.CallTestCaseKeyword.callTestCase(CallTestCaseKeyword.groovy:81)
	at com.kms.katalon.core.keyword.builtin.CallTestCaseKeyword.execute(CallTestCaseKeyword.groovy:44)
	at com.kms.katalon.core.keyword.internal.KeywordExecutor.executeKeywordForPlatform(KeywordExecutor.groovy:74)
	at com.kms.katalon.core.keyword.BuiltinKeywords.callTestCase(BuiltinKeywords.groovy:310)
	at java.base/jdk.internal.reflect.NativeMethodAccessorImpl.invoke0(Native Method)
	at java.base/jdk.internal.reflect.NativeMethodAccessorImpl.invoke(NativeMethodAccessorImpl.java:77)
	at java.base/jdk.internal.reflect.DelegatingMethodAccessorImpl.invoke(DelegatingMethodAccessorImpl.java:43)
	at FDG - Advanced Filter - Commodity Class.run(FDG - Advanced Filter - Commodity Class:22)
	at com.kms.katalon.core.main.ScriptEngine.run(ScriptEngine.java:194)
	at com.kms.katalon.core.main.ScriptEngine.runScriptAsRawText(ScriptEngine.java:119)
	at com.kms.katalon.core.main.TestCaseExecutor.runScript(TestCaseExecutor.java:448)
	at com.kms.katalon.core.main.TestCaseExecutor.doExecute(TestCaseExecutor.java:439)
	at com.kms.katalon.core.main.TestCaseExecutor.processExecutionPhase(TestCaseExecutor.java:418)
	at com.kms.katalon.core.main.TestCaseExecutor.accessMainPhase(TestCaseExecutor.java:410)
	at com.kms.katalon.core.main.TestCaseExecutor.execute(TestCaseExecutor.java:285)
	at com.kms.katalon.core.common.CommonExecutor.accessTestCaseMainPhase(CommonExecutor.java:65)
	at com.kms.katalon.core.main.TestSuiteExecutor.accessTestSuiteMainPhase(TestSuiteExecutor.java:150)
	at com.kms.katalon.core.main.TestSuiteExecutor.execute(TestSuiteExecutor.java:106)
	at com.kms.katalon.core.main.TestCaseMain.startTestSuite(TestCaseMain.java:180)
	at com.kms.katalon.core.main.TestCaseMain$startTestSuite$0.call(Unknown Source)
	at TempTestSuite1761139058037.run(TempTestSuite1761139058037.groovy:35)
	at java.base/jdk.internal.reflect.NativeMethodAccessorImpl.invoke0(Native Method)
	at java.base/jdk.internal.reflect.NativeMethodAccessorImpl.invoke(NativeMethodAccessorImpl.java:77)
	at java.base/jdk.internal.reflect.DelegatingMethodAccessorImpl.invoke(DelegatingMethodAccessorImpl.java:43)
)

22-10-2025T09:26:12 - [MESSAGE][PASSED] - Call Test Case 'Test Cases/Utility Scripts/TF Sign In' successfully

22-10-2025T09:26:12 - [TEST_STEP][PASSED] - click(findTestObject("TripFocus/SSO/SSO Orders Tab")): Object: 'Object Repository/TripFocus/SSO/SSO Orders Tab' is clicked on

22-10-2025T09:26:12 - [MESSAGE][PASSED] - Object: 'Object Repository/TripFocus/SSO/SSO Orders Tab' is clicked on

22-10-2025T09:26:12 - [TEST_STEP][PASSED] - delay(15): Delayed 15 second(s)

22-10-2025T09:26:27 - [MESSAGE][PASSED] - Delayed 15 second(s)

22-10-2025T09:26:27 - [TEST_STEP][PASSED] - click(findTestObject("TripFocus/Orders/Advanced Filters_btn"), STOP_ON_FAILURE): Object: 'Object Repository/TripFocus/Orders/Advanced Filters_btn' is clicked on

22-10-2025T09:26:27 - [MESSAGE][PASSED] - Object: 'Object Repository/TripFocus/Orders/Advanced Filters_btn' is clicked on

22-10-2025T09:26:27 - [TEST_STEP][PASSED] - delay(2): Delayed 2 second(s)

22-10-2025T09:26:29 - [MESSAGE][PASSED] - Delayed 2 second(s)

22-10-2025T09:26:29 - [TEST_STEP][PASSED] - click(findTestObject("TripFocus/Orders/Advanced Filters/Advanced Search Fields/Advanced_Search_Fields_dropdown")): Object: 'Object Repository/TripFocus/Orders/Advanced Filters/Advanced Search Fields/Advanced_Search_Fields_dropdown' is clicked on

22-10-2025T09:26:30 - [MESSAGE][PASSED] - Object: 'Object Repository/TripFocus/Orders/Advanced Filters/Advanced Search Fields/Advanced_Search_Fields_dropdown' is clicked on

22-10-2025T09:26:30 - [TEST_STEP][PASSED] - delay(2): Delayed 2 second(s)

22-10-2025T09:26:32 - [MESSAGE][PASSED] - Delayed 2 second(s)

22-10-2025T09:26:32 - [TEST_STEP][PASSED] - click(findTestObject("TripFocus/Orders/Advanced Filters/Advanced Search Fields/Commodity_Class_dropdown")): Object: 'Object Repository/TripFocus/Orders/Advanced Filters/Advanced Search Fields/Commodity_Class_dropdown' is clicked on

22-10-2025T09:26:32 - [MESSAGE][PASSED] - Object: 'Object Repository/TripFocus/Orders/Advanced Filters/Advanced Search Fields/Commodity_Class_dropdown' is clicked on

22-10-2025T09:26:32 - [TEST_STEP][PASSED] - delay(2): Delayed 2 second(s)

22-10-2025T09:26:34 - [MESSAGE][PASSED] - Delayed 2 second(s)

22-10-2025T09:26:34 - [TEST_STEP][PASSED] - sendKeys(findTestObject("TripFocus/Orders/Advanced Filters/Advanced Search Fields/Commodity_type"), "premium "): Keys 'premium ' sent to object: 'Object Repository/TripFocus/Orders/Advanced Filters/Advanced Search Fields/Commodity_type'

22-10-2025T09:26:34 - [MESSAGE][PASSED] - Keys 'premium ' sent to object: 'Object Repository/TripFocus/Orders/Advanced Filters/Advanced Search Fields/Commodity_type'

22-10-2025T09:26:34 - [TEST_STEP][PASSED] - delay(2): Delayed 2 second(s)

22-10-2025T09:26:36 - [MESSAGE][PASSED] - Delayed 2 second(s)

22-10-2025T09:26:36 - [TEST_STEP][PASSED] - sendKeys(findTestObject("TripFocus/Orders/Advanced Filters/Advanced Search Fields/Commodity_type"), Keys.chord(ENTER)): Keys 'ENTER + ' sent to object: 'Object Repository/TripFocus/Orders/Advanced Filters/Advanced Search Fields/Commodity_type'

22-10-2025T09:26:36 - [MESSAGE][PASSED] - Keys 'ENTER + ' sent to object: 'Object Repository/TripFocus/Orders/Advanced Filters/Advanced Search Fields/Commodity_type'

22-10-2025T09:26:36 - [TEST_STEP][PASSED] - delay(2): Delayed 2 second(s)

22-10-2025T09:26:38 - [MESSAGE][PASSED] - Delayed 2 second(s)

22-10-2025T09:26:38 - [TEST_STEP][PASSED] - click(findTestObject("TripFocus/Sidebar Minimizer")): Object: 'Object Repository/TripFocus/Sidebar Minimizer' is clicked on

22-10-2025T09:26:38 - [MESSAGE][PASSED] - Object: 'Object Repository/TripFocus/Sidebar Minimizer' is clicked on

22-10-2025T09:26:38 - [TEST_STEP][PASSED] - delay(2): Delayed 2 second(s)

22-10-2025T09:26:40 - [MESSAGE][PASSED] - Delayed 2 second(s)

22-10-2025T09:26:40 - [TEST_STEP][PASSED] - click(findTestObject("TripFocus/Orders/Advanced Filters/Apply Filters_btn")): Object: 'Object Repository/TripFocus/Orders/Advanced Filters/Apply Filters_btn' is clicked on

22-10-2025T09:26:40 - [MESSAGE][PASSED] - Object: 'Object Repository/TripFocus/Orders/Advanced Filters/Apply Filters_btn' is clicked on

22-10-2025T09:26:40 - [TEST_STEP][PASSED] - delay(5): Delayed 5 second(s)

22-10-2025T09:26:45 - [MESSAGE][PASSED] - Delayed 5 second(s)

22-10-2025T09:26:45 - [TEST_STEP][PASSED] - click(findTestObject("TripFocus/Orders/Order_body")): Object: 'Object Repository/TripFocus/Orders/Order_body' is clicked on

22-10-2025T09:26:45 - [MESSAGE][PASSED] - Object: 'Object Repository/TripFocus/Orders/Order_body' is clicked on

22-10-2025T09:26:45 - [TEST_STEP][PASSED] - delay(5): Delayed 5 second(s)

22-10-2025T09:26:50 - [MESSAGE][PASSED] - Delayed 5 second(s)

22-10-2025T09:26:50 - [TEST_STEP][PASSED] - verifyTextPresent("PREMIUM GAS", false): Text 'PREMIUM GAS' is present on page 

22-10-2025T09:26:50 - [MESSAGE][PASSED] - Text 'PREMIUM GAS' is present on page 

22-10-2025T09:26:50 - [TEST_STEP][PASSED] - delay(2): Delayed 2 second(s)

22-10-2025T09:26:52 - [MESSAGE][PASSED] - Delayed 2 second(s)

22-10-2025T09:26:52 - [TEST_STEP][PASSED] - closeBrowser(): Browser is closed

22-10-2025T09:26:53 - [MESSAGE][PASSED] - Browser is closed

22-10-2025T09:26:53 - [TEST_STEP][PASSED] - Start listener action : retryOnDisconnect: null

22-10-2025T09:26:53 - [TEST_STEP][PASSED] - tcId = testCaseContext.getTestCaseId(): null

22-10-2025T09:26:53 - [TEST_STEP][PASSED] - currentRetry = retryCounts.getOrDefault(tcId, 0): null

22-10-2025T09:26:53 - [TEST_STEP][PASSED] - if (testCaseContext.getTestCaseStatus() == "FAILED" && currentRetry < MAX_RETRIES): null]]></system-out>
         <system-err><![CDATA[]]></system-err>
      </testcase>
      <testcase name="Test Cases/TripFocus/FDG/FDG - Orders/FDG - Advanced Filter - Created From" time="72.713" classname="Test Cases/TripFocus/FDG/FDG - Orders/FDG - Advanced Filter - Created From" status="PASSED">
         <system-out><![CDATA[22-10-2025T09:26:53 - [TEST_CASE][PASSED] - Test Cases/TripFocus/FDG/FDG - Orders/FDG - Advanced Filter - Created From: Test Cases/TripFocus/FDG/FDG - Orders/FDG - Advanced Filter - Created From

22-10-2025T09:26:53 - [TEST_STEP][PASSED] - Start listener action : beforeTestCase: null

22-10-2025T09:26:53 - [TEST_STEP][PASSED] - addDefaultPackages(): null

22-10-2025T09:26:53 - [TEST_STEP][PASSED] - callTestCase(findTestCase("Utility Scripts/Open Browser"), ["destinationURL":TFBaseURL], STOP_ON_FAILURE): Call Test Case 'Test Cases/Utility Scripts/Open Browser' successfully

22-10-2025T09:26:53 - [TEST_CASE][PASSED] - Test Cases/Utility Scripts/Open Browser: Test Cases/Utility Scripts/Open Browser

22-10-2025T09:26:53 - [TEST_STEP][PASSED] - openBrowser(""): Browser is opened with url: ''

22-10-2025T09:26:53 - [MESSAGE][INFO] - Starting 'Chrome' driver

22-10-2025T09:26:53 - [MESSAGE][INFO] - User set preference: ['args', '[--no-sandbox, --disable-gpu, --disable-dev-shm-usage]']

22-10-2025T09:26:53 - [MESSAGE][INFO] - Action delay is set to 0 milliseconds

22-10-2025T09:26:54 - [MESSAGE][PASSED] - Browser is opened with url: ''

22-10-2025T09:26:54 - [TEST_STEP][PASSED] - navigateToUrl(destinationURL): Navigate to 'https://www.qa.tripfocus.com' successfully

22-10-2025T09:26:54 - [MESSAGE][PASSED] - Navigate to 'https://www.qa.tripfocus.com' successfully

22-10-2025T09:26:54 - [TEST_STEP][PASSED] - if (maximizeWindow == true): Current window maximized

22-10-2025T09:26:54 - [TEST_STEP][PASSED] - maximizeWindow(STOP_ON_FAILURE): Current window maximized

22-10-2025T09:26:54 - [MESSAGE][PASSED] - Current window maximized

22-10-2025T09:26:54 - [MESSAGE][PASSED] - Call Test Case 'Test Cases/Utility Scripts/Open Browser' successfully

22-10-2025T09:26:54 - [TEST_STEP][PASSED] - callTestCase(findTestCase("Utility Scripts/TF Sign In"), ["userName":TripFocusPenskeFDGUsername, "password":TripFocusFDGSPGPassword], STOP_ON_FAILURE): Call Test Case 'Test Cases/Utility Scripts/TF Sign In' successfully

22-10-2025T09:26:54 - [TEST_CASE][PASSED] - Test Cases/Utility Scripts/TF Sign In: Test Cases/Utility Scripts/TF Sign In

22-10-2025T09:26:54 - [TEST_STEP][PASSED] - click(findTestObject("Object Repository/TripFocus/Page_TripFocus/button_Sign in")): Object: 'Object Repository/TripFocus/Page_TripFocus/button_Sign in' is clicked on

22-10-2025T09:26:55 - [MESSAGE][PASSED] - Object: 'Object Repository/TripFocus/Page_TripFocus/button_Sign in' is clicked on

22-10-2025T09:26:55 - [TEST_STEP][PASSED] - setText(findTestObject("Object Repository/TripFocus/Page_TripFocus/input_Username (e.g. email address)_Username"), userName): Text 'Ashford.Chenault+PenskeCustomerFDGONLY@thekag.com' is set on object 'Object Repository/TripFocus/Page_TripFocus/input_Username (e.g. email address)_Username'

22-10-2025T09:26:55 - [MESSAGE][PASSED] - Text 'Ashford.Chenault+PenskeCustomerFDGONLY@thekag.com' is set on object 'Object Repository/TripFocus/Page_TripFocus/input_Username (e.g. email address)_Username'

22-10-2025T09:26:55 - [TEST_STEP][PASSED] - setText(findTestObject("Object Repository/TripFocus/Page_TripFocus/input_Password_Password"), password): Text 'CrashBan911!!' is set on object 'Object Repository/TripFocus/Page_TripFocus/input_Password_Password'

22-10-2025T09:26:55 - [MESSAGE][PASSED] - Text 'CrashBan911!!' is set on object 'Object Repository/TripFocus/Page_TripFocus/input_Password_Password'

22-10-2025T09:26:55 - [TEST_STEP][PASSED] - click(findTestObject("Object Repository/TripFocus/Page_TripFocus/button_Login")): Object: 'Object Repository/TripFocus/Page_TripFocus/button_Login' is clicked on

22-10-2025T09:26:55 - [MESSAGE][PASSED] - Object: 'Object Repository/TripFocus/Page_TripFocus/button_Login' is clicked on

22-10-2025T09:26:55 - [TEST_STEP][PASSED] - maximizeWindow(): Current window maximized

22-10-2025T09:26:56 - [MESSAGE][PASSED] - Current window maximized

22-10-2025T09:26:56 - [TEST_STEP][PASSED] - waitForElementVisible(findTestObject("TripFocus/Testing_Notification_btn"), 5, OPTIONAL): Web element with id: 'Object Repository/TripFocus/Testing_Notification_btn' located by '//*[@id="__BVID__10___BV_modal_footer_"]/button' not found

22-10-2025T09:27:02 - [MESSAGE][INFO] - Unable to find the element located by 'By.xpath: //*[@id="__BVID__10___BV_modal_footer_"]/button'. Please recheck the objects properties to make sure the desired element is located. 

22-10-2025T09:27:02 - [MESSAGE][WARNING] - [SELF-HEALING] Failed to find element with id 'Object Repository/TripFocus/Testing_Notification_btn'. Try using Self-healing.

22-10-2025T09:27:03 - [MESSAGE][INFO] - [SELF-HEALING] No working XPath is found.

22-10-2025T09:27:06 - [MESSAGE][INFO] - Unable to find the element located by 'By.xpath: '. Please recheck the objects properties to make sure the desired element is located. 

22-10-2025T09:27:06 - [MESSAGE][WARNING] - [SELF-HEALING] Cannot find elements when the selector is null

22-10-2025T09:27:06 - [MESSAGE][WARNING] - Web element with id: 'Object Repository/TripFocus/Testing_Notification_btn' located by '//*[@id="__BVID__10___BV_modal_footer_"]/button' not found

22-10-2025T09:27:06 - [TEST_STEP][PASSED] - if (verifyElementVisible(findTestObject("TripFocus/Testing_Notification_btn"), OPTIONAL) == true): Web element with id: 'Object Repository/TripFocus/Testing_Notification_btn' located by '//*[@id="__BVID__10___BV_modal_footer_"]/button' not found (Root cause: com.kms.katalon.core.exception.StepFailedException: Web element with id: 'Object Repository/TripFocus/Testing_Notification_btn' located by '//*[@id="__BVID__10___BV_modal_footer_"]/button' not found
	at com.kms.katalon.core.webui.keyword.internal.WebUIKeywordMain.stepFailed(WebUIKeywordMain.groovy:117)
	at com.kms.katalon.core.webui.keyword.builtin.VerifyElementVisibleKeyword$_verifyElementVisible_closure1.doCall(VerifyElementVisibleKeyword.groovy:89)
	at com.kms.katalon.core.webui.keyword.builtin.VerifyElementVisibleKeyword$_verifyElementVisible_closure1.call(VerifyElementVisibleKeyword.groovy)
	at com.kms.katalon.core.webui.keyword.internal.WebUIKeywordMain.runKeyword(WebUIKeywordMain.groovy:35)
	at com.kms.katalon.core.webui.keyword.builtin.VerifyElementVisibleKeyword.verifyElementVisible(VerifyElementVisibleKeyword.groovy:97)
	at com.kms.katalon.core.webui.keyword.builtin.VerifyElementVisibleKeyword.execute(VerifyElementVisibleKeyword.groovy:67)
	at com.kms.katalon.core.keyword.internal.KeywordExecutor.executeKeywordForPlatform(KeywordExecutor.groovy:74)
	at com.kms.katalon.core.webui.keyword.WebUiBuiltInKeywords.verifyElementVisible(WebUiBuiltInKeywords.groovy:401)
	at com.kms.katalon.core.webui.keyword.WebUiBuiltInKeywords$verifyElementVisible$5.call(Unknown Source)
	at TF Sign In.run(TF Sign In:33)
	at com.kms.katalon.core.main.ScriptEngine.run(ScriptEngine.java:194)
	at com.kms.katalon.core.main.ScriptEngine.runScriptAsRawText(ScriptEngine.java:119)
	at com.kms.katalon.core.main.TestCaseExecutor.runScript(TestCaseExecutor.java:448)
	at com.kms.katalon.core.main.TestCaseExecutor.doExecute(TestCaseExecutor.java:439)
	at com.kms.katalon.core.main.TestCaseExecutor.processExecutionPhase(TestCaseExecutor.java:418)
	at com.kms.katalon.core.main.TestCaseExecutor.accessMainPhase(TestCaseExecutor.java:410)
	at com.kms.katalon.core.main.TestCaseExecutor.execute(TestCaseExecutor.java:285)
	at com.kms.katalon.core.main.TestCaseMain.runTestCase(TestCaseMain.java:137)
	at com.kms.katalon.core.keyword.builtin.CallTestCaseKeyword$_callTestCase_closure1.doCall(CallTestCaseKeyword.groovy:59)
	at com.kms.katalon.core.keyword.builtin.CallTestCaseKeyword$_callTestCase_closure1.call(CallTestCaseKeyword.groovy)
	at com.kms.katalon.core.keyword.internal.KeywordMain.runKeyword(KeywordMain.groovy:75)
	at com.kms.katalon.core.keyword.builtin.CallTestCaseKeyword.callTestCase(CallTestCaseKeyword.groovy:81)
	at com.kms.katalon.core.keyword.builtin.CallTestCaseKeyword.execute(CallTestCaseKeyword.groovy:44)
	at com.kms.katalon.core.keyword.internal.KeywordExecutor.executeKeywordForPlatform(KeywordExecutor.groovy:74)
	at com.kms.katalon.core.keyword.BuiltinKeywords.callTestCase(BuiltinKeywords.groovy:310)
	at java.base/jdk.internal.reflect.NativeMethodAccessorImpl.invoke0(Native Method)
	at java.base/jdk.internal.reflect.NativeMethodAccessorImpl.invoke(NativeMethodAccessorImpl.java:77)
	at java.base/jdk.internal.reflect.DelegatingMethodAccessorImpl.invoke(DelegatingMethodAccessorImpl.java:43)
	at FDG - Advanced Filter - Created From.run(FDG - Advanced Filter - Created From:22)
	at com.kms.katalon.core.main.ScriptEngine.run(ScriptEngine.java:194)
	at com.kms.katalon.core.main.ScriptEngine.runScriptAsRawText(ScriptEngine.java:119)
	at com.kms.katalon.core.main.TestCaseExecutor.runScript(TestCaseExecutor.java:448)
	at com.kms.katalon.core.main.TestCaseExecutor.doExecute(TestCaseExecutor.java:439)
	at com.kms.katalon.core.main.TestCaseExecutor.processExecutionPhase(TestCaseExecutor.java:418)
	at com.kms.katalon.core.main.TestCaseExecutor.accessMainPhase(TestCaseExecutor.java:410)
	at com.kms.katalon.core.main.TestCaseExecutor.execute(TestCaseExecutor.java:285)
	at com.kms.katalon.core.common.CommonExecutor.accessTestCaseMainPhase(CommonExecutor.java:65)
	at com.kms.katalon.core.main.TestSuiteExecutor.accessTestSuiteMainPhase(TestSuiteExecutor.java:150)
	at com.kms.katalon.core.main.TestSuiteExecutor.execute(TestSuiteExecutor.java:106)
	at com.kms.katalon.core.main.TestCaseMain.startTestSuite(TestCaseMain.java:180)
	at com.kms.katalon.core.main.TestCaseMain$startTestSuite$0.call(Unknown Source)
	at TempTestSuite1761139058037.run(TempTestSuite1761139058037.groovy:35)
	at java.base/jdk.internal.reflect.NativeMethodAccessorImpl.invoke0(Native Method)
	at java.base/jdk.internal.reflect.NativeMethodAccessorImpl.invoke(NativeMethodAccessorImpl.java:77)
	at java.base/jdk.internal.reflect.DelegatingMethodAccessorImpl.invoke(DelegatingMethodAccessorImpl.java:43)
)

22-10-2025T09:27:22 - [MESSAGE][INFO] - Unable to find the element located by 'By.xpath: //*[@id="__BVID__10___BV_modal_footer_"]/button'. Please recheck the objects properties to make sure the desired element is located. 

22-10-2025T09:27:22 - [MESSAGE][WARNING] - [SELF-HEALING] Failed to find element with id 'Object Repository/TripFocus/Testing_Notification_btn'. Try using Self-healing.

22-10-2025T09:27:23 - [MESSAGE][INFO] - [SELF-HEALING] No working XPath is found.

22-10-2025T09:27:25 - [MESSAGE][INFO] - Unable to find the element located by 'By.xpath: '. Please recheck the objects properties to make sure the desired element is located. 

22-10-2025T09:27:25 - [MESSAGE][WARNING] - [SELF-HEALING] Cannot find elements when the selector is null

22-10-2025T09:27:25 - [MESSAGE][WARNING] - Web element with id: 'Object Repository/TripFocus/Testing_Notification_btn' located by '//*[@id="__BVID__10___BV_modal_footer_"]/button' not found (Root cause: com.kms.katalon.core.exception.StepFailedException: Web element with id: 'Object Repository/TripFocus/Testing_Notification_btn' located by '//*[@id="__BVID__10___BV_modal_footer_"]/button' not found
	at com.kms.katalon.core.webui.keyword.internal.WebUIKeywordMain.stepFailed(WebUIKeywordMain.groovy:117)
	at com.kms.katalon.core.webui.keyword.builtin.VerifyElementVisibleKeyword$_verifyElementVisible_closure1.doCall(VerifyElementVisibleKeyword.groovy:89)
	at com.kms.katalon.core.webui.keyword.builtin.VerifyElementVisibleKeyword$_verifyElementVisible_closure1.call(VerifyElementVisibleKeyword.groovy)
	at com.kms.katalon.core.webui.keyword.internal.WebUIKeywordMain.runKeyword(WebUIKeywordMain.groovy:35)
	at com.kms.katalon.core.webui.keyword.builtin.VerifyElementVisibleKeyword.verifyElementVisible(VerifyElementVisibleKeyword.groovy:97)
	at com.kms.katalon.core.webui.keyword.builtin.VerifyElementVisibleKeyword.execute(VerifyElementVisibleKeyword.groovy:67)
	at com.kms.katalon.core.keyword.internal.KeywordExecutor.executeKeywordForPlatform(KeywordExecutor.groovy:74)
	at com.kms.katalon.core.webui.keyword.WebUiBuiltInKeywords.verifyElementVisible(WebUiBuiltInKeywords.groovy:401)
	at com.kms.katalon.core.webui.keyword.WebUiBuiltInKeywords$verifyElementVisible$5.call(Unknown Source)
	at TF Sign In.run(TF Sign In:33)
	at com.kms.katalon.core.main.ScriptEngine.run(ScriptEngine.java:194)
	at com.kms.katalon.core.main.ScriptEngine.runScriptAsRawText(ScriptEngine.java:119)
	at com.kms.katalon.core.main.TestCaseExecutor.runScript(TestCaseExecutor.java:448)
	at com.kms.katalon.core.main.TestCaseExecutor.doExecute(TestCaseExecutor.java:439)
	at com.kms.katalon.core.main.TestCaseExecutor.processExecutionPhase(TestCaseExecutor.java:418)
	at com.kms.katalon.core.main.TestCaseExecutor.accessMainPhase(TestCaseExecutor.java:410)
	at com.kms.katalon.core.main.TestCaseExecutor.execute(TestCaseExecutor.java:285)
	at com.kms.katalon.core.main.TestCaseMain.runTestCase(TestCaseMain.java:137)
	at com.kms.katalon.core.keyword.builtin.CallTestCaseKeyword$_callTestCase_closure1.doCall(CallTestCaseKeyword.groovy:59)
	at com.kms.katalon.core.keyword.builtin.CallTestCaseKeyword$_callTestCase_closure1.call(CallTestCaseKeyword.groovy)
	at com.kms.katalon.core.keyword.internal.KeywordMain.runKeyword(KeywordMain.groovy:75)
	at com.kms.katalon.core.keyword.builtin.CallTestCaseKeyword.callTestCase(CallTestCaseKeyword.groovy:81)
	at com.kms.katalon.core.keyword.builtin.CallTestCaseKeyword.execute(CallTestCaseKeyword.groovy:44)
	at com.kms.katalon.core.keyword.internal.KeywordExecutor.executeKeywordForPlatform(KeywordExecutor.groovy:74)
	at com.kms.katalon.core.keyword.BuiltinKeywords.callTestCase(BuiltinKeywords.groovy:310)
	at java.base/jdk.internal.reflect.NativeMethodAccessorImpl.invoke0(Native Method)
	at java.base/jdk.internal.reflect.NativeMethodAccessorImpl.invoke(NativeMethodAccessorImpl.java:77)
	at java.base/jdk.internal.reflect.DelegatingMethodAccessorImpl.invoke(DelegatingMethodAccessorImpl.java:43)
	at FDG - Advanced Filter - Created From.run(FDG - Advanced Filter - Created From:22)
	at com.kms.katalon.core.main.ScriptEngine.run(ScriptEngine.java:194)
	at com.kms.katalon.core.main.ScriptEngine.runScriptAsRawText(ScriptEngine.java:119)
	at com.kms.katalon.core.main.TestCaseExecutor.runScript(TestCaseExecutor.java:448)
	at com.kms.katalon.core.main.TestCaseExecutor.doExecute(TestCaseExecutor.java:439)
	at com.kms.katalon.core.main.TestCaseExecutor.processExecutionPhase(TestCaseExecutor.java:418)
	at com.kms.katalon.core.main.TestCaseExecutor.accessMainPhase(TestCaseExecutor.java:410)
	at com.kms.katalon.core.main.TestCaseExecutor.execute(TestCaseExecutor.java:285)
	at com.kms.katalon.core.common.CommonExecutor.accessTestCaseMainPhase(CommonExecutor.java:65)
	at com.kms.katalon.core.main.TestSuiteExecutor.accessTestSuiteMainPhase(TestSuiteExecutor.java:150)
	at com.kms.katalon.core.main.TestSuiteExecutor.execute(TestSuiteExecutor.java:106)
	at com.kms.katalon.core.main.TestCaseMain.startTestSuite(TestCaseMain.java:180)
	at com.kms.katalon.core.main.TestCaseMain$startTestSuite$0.call(Unknown Source)
	at TempTestSuite1761139058037.run(TempTestSuite1761139058037.groovy:35)
	at java.base/jdk.internal.reflect.NativeMethodAccessorImpl.invoke0(Native Method)
	at java.base/jdk.internal.reflect.NativeMethodAccessorImpl.invoke(NativeMethodAccessorImpl.java:77)
	at java.base/jdk.internal.reflect.DelegatingMethodAccessorImpl.invoke(DelegatingMethodAccessorImpl.java:43)
)

22-10-2025T09:27:25 - [MESSAGE][PASSED] - Call Test Case 'Test Cases/Utility Scripts/TF Sign In' successfully

22-10-2025T09:27:25 - [TEST_STEP][PASSED] - click(findTestObject("TripFocus/SSO/SSO Orders Tab")): Object: 'Object Repository/TripFocus/SSO/SSO Orders Tab' is clicked on

22-10-2025T09:27:25 - [MESSAGE][PASSED] - Object: 'Object Repository/TripFocus/SSO/SSO Orders Tab' is clicked on

22-10-2025T09:27:25 - [TEST_STEP][PASSED] - delay(15): Delayed 15 second(s)

22-10-2025T09:27:40 - [MESSAGE][PASSED] - Delayed 15 second(s)

22-10-2025T09:27:40 - [TEST_STEP][PASSED] - click(findTestObject("TripFocus/Orders/Advanced Filters_btn"), STOP_ON_FAILURE): Object: 'Object Repository/TripFocus/Orders/Advanced Filters_btn' is clicked on

22-10-2025T09:27:40 - [MESSAGE][PASSED] - Object: 'Object Repository/TripFocus/Orders/Advanced Filters_btn' is clicked on

22-10-2025T09:27:40 - [TEST_STEP][PASSED] - delay(5): Delayed 5 second(s)

22-10-2025T09:27:45 - [MESSAGE][PASSED] - Delayed 5 second(s)

22-10-2025T09:27:45 - [TEST_STEP][PASSED] - click(findTestObject("TripFocus/Orders/Advanced Filters/Advanced Date Fields/Advanced_Date_Fields_dropdown")): Object: 'Object Repository/TripFocus/Orders/Advanced Filters/Advanced Date Fields/Advanced_Date_Fields_dropdown' is clicked on

22-10-2025T09:27:45 - [MESSAGE][PASSED] - Object: 'Object Repository/TripFocus/Orders/Advanced Filters/Advanced Date Fields/Advanced_Date_Fields_dropdown' is clicked on

22-10-2025T09:27:45 - [TEST_STEP][PASSED] - delay(2): Delayed 2 second(s)

22-10-2025T09:27:47 - [MESSAGE][PASSED] - Delayed 2 second(s)

22-10-2025T09:27:47 - [TEST_STEP][PASSED] - sendKeys(findTestObject("TripFocus/Orders/Advanced Filters/Advanced Date Fields/Created_From_txt"), inputDate): Keys '10/07/2025' sent to object: 'Object Repository/TripFocus/Orders/Advanced Filters/Advanced Date Fields/Created_From_txt'

22-10-2025T09:27:47 - [MESSAGE][PASSED] - Keys '10/07/2025' sent to object: 'Object Repository/TripFocus/Orders/Advanced Filters/Advanced Date Fields/Created_From_txt'

22-10-2025T09:27:47 - [TEST_STEP][PASSED] - delay(2): Delayed 2 second(s)

22-10-2025T09:27:49 - [MESSAGE][PASSED] - Delayed 2 second(s)

22-10-2025T09:27:49 - [TEST_STEP][PASSED] - sendKeys(findTestObject("TripFocus/Orders/Advanced Filters/Advanced Date Fields/Created_To_txt"), inputDate): Keys '10/07/2025' sent to object: 'Object Repository/TripFocus/Orders/Advanced Filters/Advanced Date Fields/Created_To_txt'

22-10-2025T09:27:50 - [MESSAGE][PASSED] - Keys '10/07/2025' sent to object: 'Object Repository/TripFocus/Orders/Advanced Filters/Advanced Date Fields/Created_To_txt'

22-10-2025T09:27:50 - [TEST_STEP][PASSED] - delay(2): Delayed 2 second(s)

22-10-2025T09:27:52 - [MESSAGE][PASSED] - Delayed 2 second(s)

22-10-2025T09:27:52 - [TEST_STEP][PASSED] - click(findTestObject("TripFocus/Sidebar Minimizer")): Object: 'Object Repository/TripFocus/Sidebar Minimizer' is clicked on

22-10-2025T09:27:53 - [MESSAGE][PASSED] - Object: 'Object Repository/TripFocus/Sidebar Minimizer' is clicked on

22-10-2025T09:27:53 - [TEST_STEP][PASSED] - delay(2): Delayed 2 second(s)

22-10-2025T09:27:55 - [MESSAGE][PASSED] - Delayed 2 second(s)

22-10-2025T09:27:55 - [TEST_STEP][PASSED] - click(findTestObject("TripFocus/Orders/Advanced Filters/Apply Filters_btn")): Object: 'Object Repository/TripFocus/Orders/Advanced Filters/Apply Filters_btn' is clicked on

22-10-2025T09:27:56 - [MESSAGE][PASSED] - Object: 'Object Repository/TripFocus/Orders/Advanced Filters/Apply Filters_btn' is clicked on

22-10-2025T09:27:56 - [TEST_STEP][PASSED] - delay(7): Delayed 7 second(s)

22-10-2025T09:28:03 - [MESSAGE][PASSED] - Delayed 7 second(s)

22-10-2025T09:28:03 - [TEST_STEP][PASSED] - verifyTextPresent(resultsDate, false): Text '10/08/2025' is present on page 

22-10-2025T09:28:03 - [MESSAGE][PASSED] - Text '10/08/2025' is present on page 

22-10-2025T09:28:03 - [TEST_STEP][PASSED] - delay(2): Delayed 2 second(s)

22-10-2025T09:28:05 - [MESSAGE][PASSED] - Delayed 2 second(s)

22-10-2025T09:28:05 - [TEST_STEP][PASSED] - closeBrowser(): Browser is closed

22-10-2025T09:28:05 - [MESSAGE][PASSED] - Browser is closed

22-10-2025T09:28:05 - [TEST_STEP][PASSED] - Start listener action : retryOnDisconnect: null

22-10-2025T09:28:05 - [TEST_STEP][PASSED] - tcId = testCaseContext.getTestCaseId(): null

22-10-2025T09:28:05 - [TEST_STEP][PASSED] - currentRetry = retryCounts.getOrDefault(tcId, 0): null

22-10-2025T09:28:05 - [TEST_STEP][PASSED] - if (testCaseContext.getTestCaseStatus() == "FAILED" && currentRetry < MAX_RETRIES): null]]></system-out>
         <system-err><![CDATA[]]></system-err>
      </testcase>
      <testcase name="Test Cases/TripFocus/FDG/FDG - Orders/FDG - Advanced Filter - Created To" time="72.687" classname="Test Cases/TripFocus/FDG/FDG - Orders/FDG - Advanced Filter - Created To" status="PASSED">
         <system-out><![CDATA[22-10-2025T09:28:05 - [TEST_CASE][PASSED] - Test Cases/TripFocus/FDG/FDG - Orders/FDG - Advanced Filter - Created To: Test Cases/TripFocus/FDG/FDG - Orders/FDG - Advanced Filter - Created To

22-10-2025T09:28:05 - [TEST_STEP][PASSED] - Start listener action : beforeTestCase: null

22-10-2025T09:28:05 - [TEST_STEP][PASSED] - addDefaultPackages(): null

22-10-2025T09:28:05 - [TEST_STEP][PASSED] - callTestCase(findTestCase("Utility Scripts/Open Browser"), ["destinationURL":TFBaseURL], STOP_ON_FAILURE): Call Test Case 'Test Cases/Utility Scripts/Open Browser' successfully

22-10-2025T09:28:06 - [TEST_CASE][PASSED] - Test Cases/Utility Scripts/Open Browser: Test Cases/Utility Scripts/Open Browser

22-10-2025T09:28:06 - [TEST_STEP][PASSED] - openBrowser(""): Browser is opened with url: ''

22-10-2025T09:28:06 - [MESSAGE][INFO] - Starting 'Chrome' driver

22-10-2025T09:28:06 - [MESSAGE][INFO] - User set preference: ['args', '[--no-sandbox, --disable-gpu, --disable-dev-shm-usage]']

22-10-2025T09:28:06 - [MESSAGE][INFO] - Action delay is set to 0 milliseconds

22-10-2025T09:28:07 - [MESSAGE][PASSED] - Browser is opened with url: ''

22-10-2025T09:28:07 - [TEST_STEP][PASSED] - navigateToUrl(destinationURL): Navigate to 'https://www.qa.tripfocus.com' successfully

22-10-2025T09:28:07 - [MESSAGE][PASSED] - Navigate to 'https://www.qa.tripfocus.com' successfully

22-10-2025T09:28:07 - [TEST_STEP][PASSED] - if (maximizeWindow == true): Current window maximized

22-10-2025T09:28:07 - [TEST_STEP][PASSED] - maximizeWindow(STOP_ON_FAILURE): Current window maximized

22-10-2025T09:28:08 - [MESSAGE][PASSED] - Current window maximized

22-10-2025T09:28:08 - [MESSAGE][PASSED] - Call Test Case 'Test Cases/Utility Scripts/Open Browser' successfully

22-10-2025T09:28:08 - [TEST_STEP][PASSED] - callTestCase(findTestCase("Utility Scripts/TF Sign In"), ["userName":TripFocusPenskeFDGUsername, "password":TripFocusFDGSPGPassword], STOP_ON_FAILURE): Call Test Case 'Test Cases/Utility Scripts/TF Sign In' successfully

22-10-2025T09:28:08 - [TEST_CASE][PASSED] - Test Cases/Utility Scripts/TF Sign In: Test Cases/Utility Scripts/TF Sign In

22-10-2025T09:28:08 - [TEST_STEP][PASSED] - click(findTestObject("Object Repository/TripFocus/Page_TripFocus/button_Sign in")): Object: 'Object Repository/TripFocus/Page_TripFocus/button_Sign in' is clicked on

22-10-2025T09:28:08 - [MESSAGE][PASSED] - Object: 'Object Repository/TripFocus/Page_TripFocus/button_Sign in' is clicked on

22-10-2025T09:28:08 - [TEST_STEP][PASSED] - setText(findTestObject("Object Repository/TripFocus/Page_TripFocus/input_Username (e.g. email address)_Username"), userName): Text 'Ashford.Chenault+PenskeCustomerFDGONLY@thekag.com' is set on object 'Object Repository/TripFocus/Page_TripFocus/input_Username (e.g. email address)_Username'

22-10-2025T09:28:09 - [MESSAGE][PASSED] - Text 'Ashford.Chenault+PenskeCustomerFDGONLY@thekag.com' is set on object 'Object Repository/TripFocus/Page_TripFocus/input_Username (e.g. email address)_Username'

22-10-2025T09:28:09 - [TEST_STEP][PASSED] - setText(findTestObject("Object Repository/TripFocus/Page_TripFocus/input_Password_Password"), password): Text 'CrashBan911!!' is set on object 'Object Repository/TripFocus/Page_TripFocus/input_Password_Password'

22-10-2025T09:28:09 - [MESSAGE][PASSED] - Text 'CrashBan911!!' is set on object 'Object Repository/TripFocus/Page_TripFocus/input_Password_Password'

22-10-2025T09:28:09 - [TEST_STEP][PASSED] - click(findTestObject("Object Repository/TripFocus/Page_TripFocus/button_Login")): Object: 'Object Repository/TripFocus/Page_TripFocus/button_Login' is clicked on

22-10-2025T09:28:09 - [MESSAGE][PASSED] - Object: 'Object Repository/TripFocus/Page_TripFocus/button_Login' is clicked on

22-10-2025T09:28:09 - [TEST_STEP][PASSED] - maximizeWindow(): Current window maximized

22-10-2025T09:28:10 - [MESSAGE][PASSED] - Current window maximized

22-10-2025T09:28:10 - [TEST_STEP][PASSED] - waitForElementVisible(findTestObject("TripFocus/Testing_Notification_btn"), 5, OPTIONAL): Web element with id: 'Object Repository/TripFocus/Testing_Notification_btn' located by '//*[@id="__BVID__10___BV_modal_footer_"]/button' not found

22-10-2025T09:28:17 - [MESSAGE][INFO] - Unable to find the element located by 'By.xpath: //*[@id="__BVID__10___BV_modal_footer_"]/button'. Please recheck the objects properties to make sure the desired element is located. 

22-10-2025T09:28:17 - [MESSAGE][WARNING] - [SELF-HEALING] Failed to find element with id 'Object Repository/TripFocus/Testing_Notification_btn'. Try using Self-healing.

22-10-2025T09:28:18 - [MESSAGE][INFO] - [SELF-HEALING] No working XPath is found.

22-10-2025T09:28:20 - [MESSAGE][INFO] - Unable to find the element located by 'By.xpath: '. Please recheck the objects properties to make sure the desired element is located. 

22-10-2025T09:28:20 - [MESSAGE][WARNING] - [SELF-HEALING] Cannot find elements when the selector is null

22-10-2025T09:28:20 - [MESSAGE][WARNING] - Web element with id: 'Object Repository/TripFocus/Testing_Notification_btn' located by '//*[@id="__BVID__10___BV_modal_footer_"]/button' not found

22-10-2025T09:28:20 - [TEST_STEP][PASSED] - if (verifyElementVisible(findTestObject("TripFocus/Testing_Notification_btn"), OPTIONAL) == true): Web element with id: 'Object Repository/TripFocus/Testing_Notification_btn' located by '//*[@id="__BVID__10___BV_modal_footer_"]/button' not found (Root cause: com.kms.katalon.core.exception.StepFailedException: Web element with id: 'Object Repository/TripFocus/Testing_Notification_btn' located by '//*[@id="__BVID__10___BV_modal_footer_"]/button' not found
	at com.kms.katalon.core.webui.keyword.internal.WebUIKeywordMain.stepFailed(WebUIKeywordMain.groovy:117)
	at com.kms.katalon.core.webui.keyword.builtin.VerifyElementVisibleKeyword$_verifyElementVisible_closure1.doCall(VerifyElementVisibleKeyword.groovy:89)
	at com.kms.katalon.core.webui.keyword.builtin.VerifyElementVisibleKeyword$_verifyElementVisible_closure1.call(VerifyElementVisibleKeyword.groovy)
	at com.kms.katalon.core.webui.keyword.internal.WebUIKeywordMain.runKeyword(WebUIKeywordMain.groovy:35)
	at com.kms.katalon.core.webui.keyword.builtin.VerifyElementVisibleKeyword.verifyElementVisible(VerifyElementVisibleKeyword.groovy:97)
	at com.kms.katalon.core.webui.keyword.builtin.VerifyElementVisibleKeyword.execute(VerifyElementVisibleKeyword.groovy:67)
	at com.kms.katalon.core.keyword.internal.KeywordExecutor.executeKeywordForPlatform(KeywordExecutor.groovy:74)
	at com.kms.katalon.core.webui.keyword.WebUiBuiltInKeywords.verifyElementVisible(WebUiBuiltInKeywords.groovy:401)
	at com.kms.katalon.core.webui.keyword.WebUiBuiltInKeywords$verifyElementVisible$5.call(Unknown Source)
	at TF Sign In.run(TF Sign In:33)
	at com.kms.katalon.core.main.ScriptEngine.run(ScriptEngine.java:194)
	at com.kms.katalon.core.main.ScriptEngine.runScriptAsRawText(ScriptEngine.java:119)
	at com.kms.katalon.core.main.TestCaseExecutor.runScript(TestCaseExecutor.java:448)
	at com.kms.katalon.core.main.TestCaseExecutor.doExecute(TestCaseExecutor.java:439)
	at com.kms.katalon.core.main.TestCaseExecutor.processExecutionPhase(TestCaseExecutor.java:418)
	at com.kms.katalon.core.main.TestCaseExecutor.accessMainPhase(TestCaseExecutor.java:410)
	at com.kms.katalon.core.main.TestCaseExecutor.execute(TestCaseExecutor.java:285)
	at com.kms.katalon.core.main.TestCaseMain.runTestCase(TestCaseMain.java:137)
	at com.kms.katalon.core.keyword.builtin.CallTestCaseKeyword$_callTestCase_closure1.doCall(CallTestCaseKeyword.groovy:59)
	at com.kms.katalon.core.keyword.builtin.CallTestCaseKeyword$_callTestCase_closure1.call(CallTestCaseKeyword.groovy)
	at com.kms.katalon.core.keyword.internal.KeywordMain.runKeyword(KeywordMain.groovy:75)
	at com.kms.katalon.core.keyword.builtin.CallTestCaseKeyword.callTestCase(CallTestCaseKeyword.groovy:81)
	at com.kms.katalon.core.keyword.builtin.CallTestCaseKeyword.execute(CallTestCaseKeyword.groovy:44)
	at com.kms.katalon.core.keyword.internal.KeywordExecutor.executeKeywordForPlatform(KeywordExecutor.groovy:74)
	at com.kms.katalon.core.keyword.BuiltinKeywords.callTestCase(BuiltinKeywords.groovy:310)
	at java.base/jdk.internal.reflect.NativeMethodAccessorImpl.invoke0(Native Method)
	at java.base/jdk.internal.reflect.NativeMethodAccessorImpl.invoke(NativeMethodAccessorImpl.java:77)
	at java.base/jdk.internal.reflect.DelegatingMethodAccessorImpl.invoke(DelegatingMethodAccessorImpl.java:43)
	at FDG - Advanced Filter - Created To.run(FDG - Advanced Filter - Created To:22)
	at com.kms.katalon.core.main.ScriptEngine.run(ScriptEngine.java:194)
	at com.kms.katalon.core.main.ScriptEngine.runScriptAsRawText(ScriptEngine.java:119)
	at com.kms.katalon.core.main.TestCaseExecutor.runScript(TestCaseExecutor.java:448)
	at com.kms.katalon.core.main.TestCaseExecutor.doExecute(TestCaseExecutor.java:439)
	at com.kms.katalon.core.main.TestCaseExecutor.processExecutionPhase(TestCaseExecutor.java:418)
	at com.kms.katalon.core.main.TestCaseExecutor.accessMainPhase(TestCaseExecutor.java:410)
	at com.kms.katalon.core.main.TestCaseExecutor.execute(TestCaseExecutor.java:285)
	at com.kms.katalon.core.common.CommonExecutor.accessTestCaseMainPhase(CommonExecutor.java:65)
	at com.kms.katalon.core.main.TestSuiteExecutor.accessTestSuiteMainPhase(TestSuiteExecutor.java:150)
	at com.kms.katalon.core.main.TestSuiteExecutor.execute(TestSuiteExecutor.java:106)
	at com.kms.katalon.core.main.TestCaseMain.startTestSuite(TestCaseMain.java:180)
	at com.kms.katalon.core.main.TestCaseMain$startTestSuite$0.call(Unknown Source)
	at TempTestSuite1761139058037.run(TempTestSuite1761139058037.groovy:35)
	at java.base/jdk.internal.reflect.NativeMethodAccessorImpl.invoke0(Native Method)
	at java.base/jdk.internal.reflect.NativeMethodAccessorImpl.invoke(NativeMethodAccessorImpl.java:77)
	at java.base/jdk.internal.reflect.DelegatingMethodAccessorImpl.invoke(DelegatingMethodAccessorImpl.java:43)
)

22-10-2025T09:28:36 - [MESSAGE][INFO] - Unable to find the element located by 'By.xpath: //*[@id="__BVID__10___BV_modal_footer_"]/button'. Please recheck the objects properties to make sure the desired element is located. 

22-10-2025T09:28:36 - [MESSAGE][WARNING] - [SELF-HEALING] Failed to find element with id 'Object Repository/TripFocus/Testing_Notification_btn'. Try using Self-healing.

22-10-2025T09:28:37 - [MESSAGE][INFO] - [SELF-HEALING] No working XPath is found.

22-10-2025T09:28:39 - [MESSAGE][INFO] - Unable to find the element located by 'By.xpath: '. Please recheck the objects properties to make sure the desired element is located. 

22-10-2025T09:28:39 - [MESSAGE][WARNING] - [SELF-HEALING] Cannot find elements when the selector is null

22-10-2025T09:28:39 - [MESSAGE][WARNING] - Web element with id: 'Object Repository/TripFocus/Testing_Notification_btn' located by '//*[@id="__BVID__10___BV_modal_footer_"]/button' not found (Root cause: com.kms.katalon.core.exception.StepFailedException: Web element with id: 'Object Repository/TripFocus/Testing_Notification_btn' located by '//*[@id="__BVID__10___BV_modal_footer_"]/button' not found
	at com.kms.katalon.core.webui.keyword.internal.WebUIKeywordMain.stepFailed(WebUIKeywordMain.groovy:117)
	at com.kms.katalon.core.webui.keyword.builtin.VerifyElementVisibleKeyword$_verifyElementVisible_closure1.doCall(VerifyElementVisibleKeyword.groovy:89)
	at com.kms.katalon.core.webui.keyword.builtin.VerifyElementVisibleKeyword$_verifyElementVisible_closure1.call(VerifyElementVisibleKeyword.groovy)
	at com.kms.katalon.core.webui.keyword.internal.WebUIKeywordMain.runKeyword(WebUIKeywordMain.groovy:35)
	at com.kms.katalon.core.webui.keyword.builtin.VerifyElementVisibleKeyword.verifyElementVisible(VerifyElementVisibleKeyword.groovy:97)
	at com.kms.katalon.core.webui.keyword.builtin.VerifyElementVisibleKeyword.execute(VerifyElementVisibleKeyword.groovy:67)
	at com.kms.katalon.core.keyword.internal.KeywordExecutor.executeKeywordForPlatform(KeywordExecutor.groovy:74)
	at com.kms.katalon.core.webui.keyword.WebUiBuiltInKeywords.verifyElementVisible(WebUiBuiltInKeywords.groovy:401)
	at com.kms.katalon.core.webui.keyword.WebUiBuiltInKeywords$verifyElementVisible$5.call(Unknown Source)
	at TF Sign In.run(TF Sign In:33)
	at com.kms.katalon.core.main.ScriptEngine.run(ScriptEngine.java:194)
	at com.kms.katalon.core.main.ScriptEngine.runScriptAsRawText(ScriptEngine.java:119)
	at com.kms.katalon.core.main.TestCaseExecutor.runScript(TestCaseExecutor.java:448)
	at com.kms.katalon.core.main.TestCaseExecutor.doExecute(TestCaseExecutor.java:439)
	at com.kms.katalon.core.main.TestCaseExecutor.processExecutionPhase(TestCaseExecutor.java:418)
	at com.kms.katalon.core.main.TestCaseExecutor.accessMainPhase(TestCaseExecutor.java:410)
	at com.kms.katalon.core.main.TestCaseExecutor.execute(TestCaseExecutor.java:285)
	at com.kms.katalon.core.main.TestCaseMain.runTestCase(TestCaseMain.java:137)
	at com.kms.katalon.core.keyword.builtin.CallTestCaseKeyword$_callTestCase_closure1.doCall(CallTestCaseKeyword.groovy:59)
	at com.kms.katalon.core.keyword.builtin.CallTestCaseKeyword$_callTestCase_closure1.call(CallTestCaseKeyword.groovy)
	at com.kms.katalon.core.keyword.internal.KeywordMain.runKeyword(KeywordMain.groovy:75)
	at com.kms.katalon.core.keyword.builtin.CallTestCaseKeyword.callTestCase(CallTestCaseKeyword.groovy:81)
	at com.kms.katalon.core.keyword.builtin.CallTestCaseKeyword.execute(CallTestCaseKeyword.groovy:44)
	at com.kms.katalon.core.keyword.internal.KeywordExecutor.executeKeywordForPlatform(KeywordExecutor.groovy:74)
	at com.kms.katalon.core.keyword.BuiltinKeywords.callTestCase(BuiltinKeywords.groovy:310)
	at java.base/jdk.internal.reflect.NativeMethodAccessorImpl.invoke0(Native Method)
	at java.base/jdk.internal.reflect.NativeMethodAccessorImpl.invoke(NativeMethodAccessorImpl.java:77)
	at java.base/jdk.internal.reflect.DelegatingMethodAccessorImpl.invoke(DelegatingMethodAccessorImpl.java:43)
	at FDG - Advanced Filter - Created To.run(FDG - Advanced Filter - Created To:22)
	at com.kms.katalon.core.main.ScriptEngine.run(ScriptEngine.java:194)
	at com.kms.katalon.core.main.ScriptEngine.runScriptAsRawText(ScriptEngine.java:119)
	at com.kms.katalon.core.main.TestCaseExecutor.runScript(TestCaseExecutor.java:448)
	at com.kms.katalon.core.main.TestCaseExecutor.doExecute(TestCaseExecutor.java:439)
	at com.kms.katalon.core.main.TestCaseExecutor.processExecutionPhase(TestCaseExecutor.java:418)
	at com.kms.katalon.core.main.TestCaseExecutor.accessMainPhase(TestCaseExecutor.java:410)
	at com.kms.katalon.core.main.TestCaseExecutor.execute(TestCaseExecutor.java:285)
	at com.kms.katalon.core.common.CommonExecutor.accessTestCaseMainPhase(CommonExecutor.java:65)
	at com.kms.katalon.core.main.TestSuiteExecutor.accessTestSuiteMainPhase(TestSuiteExecutor.java:150)
	at com.kms.katalon.core.main.TestSuiteExecutor.execute(TestSuiteExecutor.java:106)
	at com.kms.katalon.core.main.TestCaseMain.startTestSuite(TestCaseMain.java:180)
	at com.kms.katalon.core.main.TestCaseMain$startTestSuite$0.call(Unknown Source)
	at TempTestSuite1761139058037.run(TempTestSuite1761139058037.groovy:35)
	at java.base/jdk.internal.reflect.NativeMethodAccessorImpl.invoke0(Native Method)
	at java.base/jdk.internal.reflect.NativeMethodAccessorImpl.invoke(NativeMethodAccessorImpl.java:77)
	at java.base/jdk.internal.reflect.DelegatingMethodAccessorImpl.invoke(DelegatingMethodAccessorImpl.java:43)
)

22-10-2025T09:28:39 - [MESSAGE][PASSED] - Call Test Case 'Test Cases/Utility Scripts/TF Sign In' successfully

22-10-2025T09:28:39 - [TEST_STEP][PASSED] - click(findTestObject("TripFocus/SSO/SSO Orders Tab")): Object: 'Object Repository/TripFocus/SSO/SSO Orders Tab' is clicked on

22-10-2025T09:28:40 - [MESSAGE][PASSED] - Object: 'Object Repository/TripFocus/SSO/SSO Orders Tab' is clicked on

22-10-2025T09:28:40 - [TEST_STEP][PASSED] - delay(15): Delayed 15 second(s)

22-10-2025T09:28:55 - [MESSAGE][PASSED] - Delayed 15 second(s)

22-10-2025T09:28:55 - [TEST_STEP][PASSED] - click(findTestObject("TripFocus/Orders/Advanced Filters_btn"), STOP_ON_FAILURE): Object: 'Object Repository/TripFocus/Orders/Advanced Filters_btn' is clicked on

22-10-2025T09:28:55 - [MESSAGE][PASSED] - Object: 'Object Repository/TripFocus/Orders/Advanced Filters_btn' is clicked on

22-10-2025T09:28:55 - [TEST_STEP][PASSED] - delay(5): Delayed 5 second(s)

22-10-2025T09:29:00 - [MESSAGE][PASSED] - Delayed 5 second(s)

22-10-2025T09:29:00 - [TEST_STEP][PASSED] - click(findTestObject("TripFocus/Orders/Advanced Filters/Advanced Date Fields/Advanced_Date_Fields_dropdown")): Object: 'Object Repository/TripFocus/Orders/Advanced Filters/Advanced Date Fields/Advanced_Date_Fields_dropdown' is clicked on

22-10-2025T09:29:00 - [MESSAGE][PASSED] - Object: 'Object Repository/TripFocus/Orders/Advanced Filters/Advanced Date Fields/Advanced_Date_Fields_dropdown' is clicked on

22-10-2025T09:29:00 - [TEST_STEP][PASSED] - delay(2): Delayed 2 second(s)

22-10-2025T09:29:02 - [MESSAGE][PASSED] - Delayed 2 second(s)

22-10-2025T09:29:02 - [TEST_STEP][PASSED] - sendKeys(findTestObject("TripFocus/Orders/Advanced Filters/Advanced Date Fields/Created_From_txt"), startDate): Keys '10/07/2025' sent to object: 'Object Repository/TripFocus/Orders/Advanced Filters/Advanced Date Fields/Created_From_txt'

22-10-2025T09:29:02 - [MESSAGE][PASSED] - Keys '10/07/2025' sent to object: 'Object Repository/TripFocus/Orders/Advanced Filters/Advanced Date Fields/Created_From_txt'

22-10-2025T09:29:02 - [TEST_STEP][PASSED] - delay(2): Delayed 2 second(s)

22-10-2025T09:29:04 - [MESSAGE][PASSED] - Delayed 2 second(s)

22-10-2025T09:29:04 - [TEST_STEP][PASSED] - sendKeys(findTestObject("TripFocus/Orders/Advanced Filters/Advanced Date Fields/Created_To_txt"), endDate): Keys '10/08/2025' sent to object: 'Object Repository/TripFocus/Orders/Advanced Filters/Advanced Date Fields/Created_To_txt'

22-10-2025T09:29:04 - [MESSAGE][PASSED] - Keys '10/08/2025' sent to object: 'Object Repository/TripFocus/Orders/Advanced Filters/Advanced Date Fields/Created_To_txt'

22-10-2025T09:29:04 - [TEST_STEP][PASSED] - delay(2): Delayed 2 second(s)

22-10-2025T09:29:06 - [MESSAGE][PASSED] - Delayed 2 second(s)

22-10-2025T09:29:06 - [TEST_STEP][PASSED] - click(findTestObject("TripFocus/Sidebar Minimizer")): Object: 'Object Repository/TripFocus/Sidebar Minimizer' is clicked on

22-10-2025T09:29:07 - [MESSAGE][PASSED] - Object: 'Object Repository/TripFocus/Sidebar Minimizer' is clicked on

22-10-2025T09:29:07 - [TEST_STEP][PASSED] - delay(2): Delayed 2 second(s)

22-10-2025T09:29:09 - [MESSAGE][PASSED] - Delayed 2 second(s)

22-10-2025T09:29:09 - [TEST_STEP][PASSED] - click(findTestObject("TripFocus/Orders/Advanced Filters/Apply Filters_btn")): Object: 'Object Repository/TripFocus/Orders/Advanced Filters/Apply Filters_btn' is clicked on

22-10-2025T09:29:09 - [MESSAGE][PASSED] - Object: 'Object Repository/TripFocus/Orders/Advanced Filters/Apply Filters_btn' is clicked on

22-10-2025T09:29:09 - [TEST_STEP][PASSED] - delay(7): Delayed 7 second(s)

22-10-2025T09:29:16 - [MESSAGE][PASSED] - Delayed 7 second(s)

22-10-2025T09:29:16 - [TEST_STEP][PASSED] - verifyTextPresent(endDate, false): Text '10/08/2025' is present on page 

22-10-2025T09:29:16 - [MESSAGE][PASSED] - Text '10/08/2025' is present on page 

22-10-2025T09:29:16 - [TEST_STEP][PASSED] - delay(2): Delayed 2 second(s)

22-10-2025T09:29:18 - [MESSAGE][PASSED] - Delayed 2 second(s)

22-10-2025T09:29:18 - [TEST_STEP][PASSED] - closeBrowser(): Browser is closed

22-10-2025T09:29:18 - [MESSAGE][PASSED] - Browser is closed

22-10-2025T09:29:18 - [TEST_STEP][PASSED] - Start listener action : retryOnDisconnect: null

22-10-2025T09:29:18 - [TEST_STEP][PASSED] - tcId = testCaseContext.getTestCaseId(): null

22-10-2025T09:29:18 - [TEST_STEP][PASSED] - currentRetry = retryCounts.getOrDefault(tcId, 0): null

22-10-2025T09:29:18 - [TEST_STEP][PASSED] - if (testCaseContext.getTestCaseStatus() == "FAILED" && currentRetry < MAX_RETRIES): null]]></system-out>
         <system-err><![CDATA[]]></system-err>
      </testcase>
      <testcase name="Test Cases/TripFocus/FDG/FDG - Orders/FDG - Advanced Filter - Delivered From" time="71.513" classname="Test Cases/TripFocus/FDG/FDG - Orders/FDG - Advanced Filter - Delivered From" status="FAILED">
         <failure type="FAILED" message="Test Cases/TripFocus/FDG/FDG - Orders/FDG - Advanced Filter - Delivered From FAILED.&#xa;Reason:&#xa;com.kms.katalon.core.exception.StepFailedException: Unable to verify text '10/11/2025' is present &#xa;	at com.kms.katalon.core.webui.keyword.internal.WebUIKeywordMain.stepFailed(WebUIKeywordMain.groovy:117)&#xa;	at com.kms.katalon.core.webui.keyword.internal.WebUIKeywordMain.runKeyword(WebUIKeywordMain.groovy:43)&#xa;	at com.kms.katalon.core.webui.keyword.builtin.VerifyTextPresentKeyword.verifyTextPresent(VerifyTextPresentKeyword.groovy:83)&#xa;	at com.kms.katalon.core.webui.keyword.builtin.VerifyTextPresentKeyword.execute(VerifyTextPresentKeyword.groovy:68)&#xa;	at com.kms.katalon.core.keyword.internal.KeywordExecutor.executeKeywordForPlatform(KeywordExecutor.groovy:74)&#xa;	at com.kms.katalon.core.webui.keyword.WebUiBuiltInKeywords.verifyTextPresent(WebUiBuiltInKeywords.groovy:1762)&#xa;	at com.kms.katalon.core.webui.keyword.WebUiBuiltInKeywords$verifyTextPresent$10.call(Unknown Source)&#xa;	at FDG - Advanced Filter - Delivered From.run(FDG - Advanced Filter - Delivered From:49)&#xa;	at com.kms.katalon.core.main.ScriptEngine.run(ScriptEngine.java:194)&#xa;	at com.kms.katalon.core.main.ScriptEngine.runScriptAsRawText(ScriptEngine.java:119)&#xa;	at com.kms.katalon.core.main.TestCaseExecutor.runScript(TestCaseExecutor.java:448)&#xa;	at com.kms.katalon.core.main.TestCaseExecutor.doExecute(TestCaseExecutor.java:439)&#xa;	at com.kms.katalon.core.main.TestCaseExecutor.processExecutionPhase(TestCaseExecutor.java:418)&#xa;	at com.kms.katalon.core.main.TestCaseExecutor.accessMainPhase(TestCaseExecutor.java:410)&#xa;	at com.kms.katalon.core.main.TestCaseExecutor.execute(TestCaseExecutor.java:285)&#xa;	at com.kms.katalon.core.common.CommonExecutor.accessTestCaseMainPhase(CommonExecutor.java:65)&#xa;	at com.kms.katalon.core.main.TestSuiteExecutor.accessTestSuiteMainPhase(TestSuiteExecutor.java:150)&#xa;	at com.kms.katalon.core.main.TestSuiteExecutor.execute(TestSuiteExecutor.java:106)&#xa;	at com.kms.katalon.core.main.TestCaseMain.startTestSuite(TestCaseMain.java:180)&#xa;	at com.kms.katalon.core.main.TestCaseMain$startTestSuite$0.call(Unknown Source)&#xa;	at TempTestSuite1761139058037.run(TempTestSuite1761139058037.groovy:35)&#xa;	at java.base/jdk.internal.reflect.NativeMethodAccessorImpl.invoke0(Native Method)&#xa;	at java.base/jdk.internal.reflect.NativeMethodAccessorImpl.invoke(NativeMethodAccessorImpl.java:77)&#xa;	at java.base/jdk.internal.reflect.DelegatingMethodAccessorImpl.invoke(DelegatingMethodAccessorImpl.java:43)&#xa;Caused by: com.kms.katalon.core.exception.StepFailedException: Text '10/11/2025' is not present on page &#xa;	at com.kms.katalon.core.webui.keyword.internal.WebUIKeywordMain.stepFailed(WebUIKeywordMain.groovy:117)&#xa;	at com.kms.katalon.core.webui.keyword.builtin.VerifyTextPresentKeyword$_verifyTextPresent_closure1.doCall(VerifyTextPresentKeyword.groovy:79)&#xa;	at com.kms.katalon.core.webui.keyword.builtin.VerifyTextPresentKeyword$_verifyTextPresent_closure1.call(VerifyTextPresentKeyword.groovy)&#xa;	at com.kms.katalon.core.webui.keyword.internal.WebUIKeywordMain.runKeyword(WebUIKeywordMain.groovy:35)&#xa;	... 22 more&#xa;"/>
         <system-out><![CDATA[22-10-2025T09:29:18 - [TEST_CASE][FAILED] - Test Cases/TripFocus/FDG/FDG - Orders/FDG - Advanced Filter - Delivered From: Test Cases/TripFocus/FDG/FDG - Orders/FDG - Advanced Filter - Delivered From FAILED.
Reason:
com.kms.katalon.core.exception.StepFailedException: Unable to verify text '10/11/2025' is present 
	at com.kms.katalon.core.webui.keyword.internal.WebUIKeywordMain.stepFailed(WebUIKeywordMain.groovy:117)
	at com.kms.katalon.core.webui.keyword.internal.WebUIKeywordMain.runKeyword(WebUIKeywordMain.groovy:43)
	at com.kms.katalon.core.webui.keyword.builtin.VerifyTextPresentKeyword.verifyTextPresent(VerifyTextPresentKeyword.groovy:83)
	at com.kms.katalon.core.webui.keyword.builtin.VerifyTextPresentKeyword.execute(VerifyTextPresentKeyword.groovy:68)
	at com.kms.katalon.core.keyword.internal.KeywordExecutor.executeKeywordForPlatform(KeywordExecutor.groovy:74)
	at com.kms.katalon.core.webui.keyword.WebUiBuiltInKeywords.verifyTextPresent(WebUiBuiltInKeywords.groovy:1762)
	at com.kms.katalon.core.webui.keyword.WebUiBuiltInKeywords$verifyTextPresent$10.call(Unknown Source)
	at FDG - Advanced Filter - Delivered From.run(FDG - Advanced Filter - Delivered From:49)
	at com.kms.katalon.core.main.ScriptEngine.run(ScriptEngine.java:194)
	at com.kms.katalon.core.main.ScriptEngine.runScriptAsRawText(ScriptEngine.java:119)
	at com.kms.katalon.core.main.TestCaseExecutor.runScript(TestCaseExecutor.java:448)
	at com.kms.katalon.core.main.TestCaseExecutor.doExecute(TestCaseExecutor.java:439)
	at com.kms.katalon.core.main.TestCaseExecutor.processExecutionPhase(TestCaseExecutor.java:418)
	at com.kms.katalon.core.main.TestCaseExecutor.accessMainPhase(TestCaseExecutor.java:410)
	at com.kms.katalon.core.main.TestCaseExecutor.execute(TestCaseExecutor.java:285)
	at com.kms.katalon.core.common.CommonExecutor.accessTestCaseMainPhase(CommonExecutor.java:65)
	at com.kms.katalon.core.main.TestSuiteExecutor.accessTestSuiteMainPhase(TestSuiteExecutor.java:150)
	at com.kms.katalon.core.main.TestSuiteExecutor.execute(TestSuiteExecutor.java:106)
	at com.kms.katalon.core.main.TestCaseMain.startTestSuite(TestCaseMain.java:180)
	at com.kms.katalon.core.main.TestCaseMain$startTestSuite$0.call(Unknown Source)
	at TempTestSuite1761139058037.run(TempTestSuite1761139058037.groovy:35)
	at java.base/jdk.internal.reflect.NativeMethodAccessorImpl.invoke0(Native Method)
	at java.base/jdk.internal.reflect.NativeMethodAccessorImpl.invoke(NativeMethodAccessorImpl.java:77)
	at java.base/jdk.internal.reflect.DelegatingMethodAccessorImpl.invoke(DelegatingMethodAccessorImpl.java:43)
Caused by: com.kms.katalon.core.exception.StepFailedException: Text '10/11/2025' is not present on page 
	at com.kms.katalon.core.webui.keyword.internal.WebUIKeywordMain.stepFailed(WebUIKeywordMain.groovy:117)
	at com.kms.katalon.core.webui.keyword.builtin.VerifyTextPresentKeyword$_verifyTextPresent_closure1.doCall(VerifyTextPresentKeyword.groovy:79)
	at com.kms.katalon.core.webui.keyword.builtin.VerifyTextPresentKeyword$_verifyTextPresent_closure1.call(VerifyTextPresentKeyword.groovy)
	at com.kms.katalon.core.webui.keyword.internal.WebUIKeywordMain.runKeyword(WebUIKeywordMain.groovy:35)
	... 22 more


22-10-2025T09:29:18 - [TEST_STEP][PASSED] - Start listener action : beforeTestCase: null

22-10-2025T09:29:18 - [TEST_STEP][PASSED] - addDefaultPackages(): null

22-10-2025T09:29:18 - [TEST_STEP][PASSED] - callTestCase(findTestCase("Utility Scripts/Open Browser"), ["destinationURL":TFBaseURL], STOP_ON_FAILURE): Call Test Case 'Test Cases/Utility Scripts/Open Browser' successfully

22-10-2025T09:29:18 - [TEST_CASE][PASSED] - Test Cases/Utility Scripts/Open Browser: Test Cases/Utility Scripts/Open Browser

22-10-2025T09:29:18 - [TEST_STEP][PASSED] - openBrowser(""): Browser is opened with url: ''

22-10-2025T09:29:18 - [MESSAGE][INFO] - Starting 'Chrome' driver

22-10-2025T09:29:18 - [MESSAGE][INFO] - User set preference: ['args', '[--no-sandbox, --disable-gpu, --disable-dev-shm-usage]']

22-10-2025T09:29:18 - [MESSAGE][INFO] - Action delay is set to 0 milliseconds

22-10-2025T09:29:19 - [MESSAGE][PASSED] - Browser is opened with url: ''

22-10-2025T09:29:19 - [TEST_STEP][PASSED] - navigateToUrl(destinationURL): Navigate to 'https://www.qa.tripfocus.com' successfully

22-10-2025T09:29:20 - [MESSAGE][PASSED] - Navigate to 'https://www.qa.tripfocus.com' successfully

22-10-2025T09:29:20 - [TEST_STEP][PASSED] - if (maximizeWindow == true): Current window maximized

22-10-2025T09:29:20 - [TEST_STEP][PASSED] - maximizeWindow(STOP_ON_FAILURE): Current window maximized

22-10-2025T09:29:20 - [MESSAGE][PASSED] - Current window maximized

22-10-2025T09:29:20 - [MESSAGE][PASSED] - Call Test Case 'Test Cases/Utility Scripts/Open Browser' successfully

22-10-2025T09:29:20 - [TEST_STEP][PASSED] - callTestCase(findTestCase("Utility Scripts/TF Sign In"), ["userName":TripFocusPenskeFDGUsername, "password":TripFocusFDGSPGPassword], STOP_ON_FAILURE): Call Test Case 'Test Cases/Utility Scripts/TF Sign In' successfully

22-10-2025T09:29:20 - [TEST_CASE][PASSED] - Test Cases/Utility Scripts/TF Sign In: Test Cases/Utility Scripts/TF Sign In

22-10-2025T09:29:20 - [TEST_STEP][PASSED] - click(findTestObject("Object Repository/TripFocus/Page_TripFocus/button_Sign in")): Object: 'Object Repository/TripFocus/Page_TripFocus/button_Sign in' is clicked on

22-10-2025T09:29:20 - [MESSAGE][PASSED] - Object: 'Object Repository/TripFocus/Page_TripFocus/button_Sign in' is clicked on

22-10-2025T09:29:20 - [TEST_STEP][PASSED] - setText(findTestObject("Object Repository/TripFocus/Page_TripFocus/input_Username (e.g. email address)_Username"), userName): Text 'Ashford.Chenault+PenskeCustomerFDGONLY@thekag.com' is set on object 'Object Repository/TripFocus/Page_TripFocus/input_Username (e.g. email address)_Username'

22-10-2025T09:29:21 - [MESSAGE][PASSED] - Text 'Ashford.Chenault+PenskeCustomerFDGONLY@thekag.com' is set on object 'Object Repository/TripFocus/Page_TripFocus/input_Username (e.g. email address)_Username'

22-10-2025T09:29:21 - [TEST_STEP][PASSED] - setText(findTestObject("Object Repository/TripFocus/Page_TripFocus/input_Password_Password"), password): Text 'CrashBan911!!' is set on object 'Object Repository/TripFocus/Page_TripFocus/input_Password_Password'

22-10-2025T09:29:21 - [MESSAGE][PASSED] - Text 'CrashBan911!!' is set on object 'Object Repository/TripFocus/Page_TripFocus/input_Password_Password'

22-10-2025T09:29:21 - [TEST_STEP][PASSED] - click(findTestObject("Object Repository/TripFocus/Page_TripFocus/button_Login")): Object: 'Object Repository/TripFocus/Page_TripFocus/button_Login' is clicked on

22-10-2025T09:29:22 - [MESSAGE][PASSED] - Object: 'Object Repository/TripFocus/Page_TripFocus/button_Login' is clicked on

22-10-2025T09:29:22 - [TEST_STEP][PASSED] - maximizeWindow(): Current window maximized

22-10-2025T09:29:22 - [MESSAGE][PASSED] - Current window maximized

22-10-2025T09:29:22 - [TEST_STEP][PASSED] - waitForElementVisible(findTestObject("TripFocus/Testing_Notification_btn"), 5, OPTIONAL): Web element with id: 'Object Repository/TripFocus/Testing_Notification_btn' located by '//*[@id="__BVID__10___BV_modal_footer_"]/button' not found

22-10-2025T09:29:28 - [MESSAGE][INFO] - Unable to find the element located by 'By.xpath: //*[@id="__BVID__10___BV_modal_footer_"]/button'. Please recheck the objects properties to make sure the desired element is located. 

22-10-2025T09:29:28 - [MESSAGE][WARNING] - [SELF-HEALING] Failed to find element with id 'Object Repository/TripFocus/Testing_Notification_btn'. Try using Self-healing.

22-10-2025T09:29:29 - [MESSAGE][INFO] - [SELF-HEALING] No working XPath is found.

22-10-2025T09:29:31 - [MESSAGE][INFO] - Unable to find the element located by 'By.xpath: '. Please recheck the objects properties to make sure the desired element is located. 

22-10-2025T09:29:31 - [MESSAGE][WARNING] - [SELF-HEALING] Cannot find elements when the selector is null

22-10-2025T09:29:31 - [MESSAGE][WARNING] - Web element with id: 'Object Repository/TripFocus/Testing_Notification_btn' located by '//*[@id="__BVID__10___BV_modal_footer_"]/button' not found

22-10-2025T09:29:31 - [TEST_STEP][PASSED] - if (verifyElementVisible(findTestObject("TripFocus/Testing_Notification_btn"), OPTIONAL) == true): Web element with id: 'Object Repository/TripFocus/Testing_Notification_btn' located by '//*[@id="__BVID__10___BV_modal_footer_"]/button' not found (Root cause: com.kms.katalon.core.exception.StepFailedException: Web element with id: 'Object Repository/TripFocus/Testing_Notification_btn' located by '//*[@id="__BVID__10___BV_modal_footer_"]/button' not found
	at com.kms.katalon.core.webui.keyword.internal.WebUIKeywordMain.stepFailed(WebUIKeywordMain.groovy:117)
	at com.kms.katalon.core.webui.keyword.builtin.VerifyElementVisibleKeyword$_verifyElementVisible_closure1.doCall(VerifyElementVisibleKeyword.groovy:89)
	at com.kms.katalon.core.webui.keyword.builtin.VerifyElementVisibleKeyword$_verifyElementVisible_closure1.call(VerifyElementVisibleKeyword.groovy)
	at com.kms.katalon.core.webui.keyword.internal.WebUIKeywordMain.runKeyword(WebUIKeywordMain.groovy:35)
	at com.kms.katalon.core.webui.keyword.builtin.VerifyElementVisibleKeyword.verifyElementVisible(VerifyElementVisibleKeyword.groovy:97)
	at com.kms.katalon.core.webui.keyword.builtin.VerifyElementVisibleKeyword.execute(VerifyElementVisibleKeyword.groovy:67)
	at com.kms.katalon.core.keyword.internal.KeywordExecutor.executeKeywordForPlatform(KeywordExecutor.groovy:74)
	at com.kms.katalon.core.webui.keyword.WebUiBuiltInKeywords.verifyElementVisible(WebUiBuiltInKeywords.groovy:401)
	at com.kms.katalon.core.webui.keyword.WebUiBuiltInKeywords$verifyElementVisible$5.call(Unknown Source)
	at TF Sign In.run(TF Sign In:33)
	at com.kms.katalon.core.main.ScriptEngine.run(ScriptEngine.java:194)
	at com.kms.katalon.core.main.ScriptEngine.runScriptAsRawText(ScriptEngine.java:119)
	at com.kms.katalon.core.main.TestCaseExecutor.runScript(TestCaseExecutor.java:448)
	at com.kms.katalon.core.main.TestCaseExecutor.doExecute(TestCaseExecutor.java:439)
	at com.kms.katalon.core.main.TestCaseExecutor.processExecutionPhase(TestCaseExecutor.java:418)
	at com.kms.katalon.core.main.TestCaseExecutor.accessMainPhase(TestCaseExecutor.java:410)
	at com.kms.katalon.core.main.TestCaseExecutor.execute(TestCaseExecutor.java:285)
	at com.kms.katalon.core.main.TestCaseMain.runTestCase(TestCaseMain.java:137)
	at com.kms.katalon.core.keyword.builtin.CallTestCaseKeyword$_callTestCase_closure1.doCall(CallTestCaseKeyword.groovy:59)
	at com.kms.katalon.core.keyword.builtin.CallTestCaseKeyword$_callTestCase_closure1.call(CallTestCaseKeyword.groovy)
	at com.kms.katalon.core.keyword.internal.KeywordMain.runKeyword(KeywordMain.groovy:75)
	at com.kms.katalon.core.keyword.builtin.CallTestCaseKeyword.callTestCase(CallTestCaseKeyword.groovy:81)
	at com.kms.katalon.core.keyword.builtin.CallTestCaseKeyword.execute(CallTestCaseKeyword.groovy:44)
	at com.kms.katalon.core.keyword.internal.KeywordExecutor.executeKeywordForPlatform(KeywordExecutor.groovy:74)
	at com.kms.katalon.core.keyword.BuiltinKeywords.callTestCase(BuiltinKeywords.groovy:310)
	at java.base/jdk.internal.reflect.NativeMethodAccessorImpl.invoke0(Native Method)
	at java.base/jdk.internal.reflect.NativeMethodAccessorImpl.invoke(NativeMethodAccessorImpl.java:77)
	at java.base/jdk.internal.reflect.DelegatingMethodAccessorImpl.invoke(DelegatingMethodAccessorImpl.java:43)
	at FDG - Advanced Filter - Delivered From.run(FDG - Advanced Filter - Delivered From:22)
	at com.kms.katalon.core.main.ScriptEngine.run(ScriptEngine.java:194)
	at com.kms.katalon.core.main.ScriptEngine.runScriptAsRawText(ScriptEngine.java:119)
	at com.kms.katalon.core.main.TestCaseExecutor.runScript(TestCaseExecutor.java:448)
	at com.kms.katalon.core.main.TestCaseExecutor.doExecute(TestCaseExecutor.java:439)
	at com.kms.katalon.core.main.TestCaseExecutor.processExecutionPhase(TestCaseExecutor.java:418)
	at com.kms.katalon.core.main.TestCaseExecutor.accessMainPhase(TestCaseExecutor.java:410)
	at com.kms.katalon.core.main.TestCaseExecutor.execute(TestCaseExecutor.java:285)
	at com.kms.katalon.core.common.CommonExecutor.accessTestCaseMainPhase(CommonExecutor.java:65)
	at com.kms.katalon.core.main.TestSuiteExecutor.accessTestSuiteMainPhase(TestSuiteExecutor.java:150)
	at com.kms.katalon.core.main.TestSuiteExecutor.execute(TestSuiteExecutor.java:106)
	at com.kms.katalon.core.main.TestCaseMain.startTestSuite(TestCaseMain.java:180)
	at com.kms.katalon.core.main.TestCaseMain$startTestSuite$0.call(Unknown Source)
	at TempTestSuite1761139058037.run(TempTestSuite1761139058037.groovy:35)
	at java.base/jdk.internal.reflect.NativeMethodAccessorImpl.invoke0(Native Method)
	at java.base/jdk.internal.reflect.NativeMethodAccessorImpl.invoke(NativeMethodAccessorImpl.java:77)
	at java.base/jdk.internal.reflect.DelegatingMethodAccessorImpl.invoke(DelegatingMethodAccessorImpl.java:43)
)

22-10-2025T09:29:47 - [MESSAGE][INFO] - Unable to find the element located by 'By.xpath: //*[@id="__BVID__10___BV_modal_footer_"]/button'. Please recheck the objects properties to make sure the desired element is located. 

22-10-2025T09:29:47 - [MESSAGE][WARNING] - [SELF-HEALING] Failed to find element with id 'Object Repository/TripFocus/Testing_Notification_btn'. Try using Self-healing.

22-10-2025T09:29:48 - [MESSAGE][INFO] - [SELF-HEALING] No working XPath is found.

22-10-2025T09:29:50 - [MESSAGE][INFO] - Unable to find the element located by 'By.xpath: '. Please recheck the objects properties to make sure the desired element is located. 

22-10-2025T09:29:50 - [MESSAGE][WARNING] - [SELF-HEALING] Cannot find elements when the selector is null

22-10-2025T09:29:50 - [MESSAGE][WARNING] - Web element with id: 'Object Repository/TripFocus/Testing_Notification_btn' located by '//*[@id="__BVID__10___BV_modal_footer_"]/button' not found (Root cause: com.kms.katalon.core.exception.StepFailedException: Web element with id: 'Object Repository/TripFocus/Testing_Notification_btn' located by '//*[@id="__BVID__10___BV_modal_footer_"]/button' not found
	at com.kms.katalon.core.webui.keyword.internal.WebUIKeywordMain.stepFailed(WebUIKeywordMain.groovy:117)
	at com.kms.katalon.core.webui.keyword.builtin.VerifyElementVisibleKeyword$_verifyElementVisible_closure1.doCall(VerifyElementVisibleKeyword.groovy:89)
	at com.kms.katalon.core.webui.keyword.builtin.VerifyElementVisibleKeyword$_verifyElementVisible_closure1.call(VerifyElementVisibleKeyword.groovy)
	at com.kms.katalon.core.webui.keyword.internal.WebUIKeywordMain.runKeyword(WebUIKeywordMain.groovy:35)
	at com.kms.katalon.core.webui.keyword.builtin.VerifyElementVisibleKeyword.verifyElementVisible(VerifyElementVisibleKeyword.groovy:97)
	at com.kms.katalon.core.webui.keyword.builtin.VerifyElementVisibleKeyword.execute(VerifyElementVisibleKeyword.groovy:67)
	at com.kms.katalon.core.keyword.internal.KeywordExecutor.executeKeywordForPlatform(KeywordExecutor.groovy:74)
	at com.kms.katalon.core.webui.keyword.WebUiBuiltInKeywords.verifyElementVisible(WebUiBuiltInKeywords.groovy:401)
	at com.kms.katalon.core.webui.keyword.WebUiBuiltInKeywords$verifyElementVisible$5.call(Unknown Source)
	at TF Sign In.run(TF Sign In:33)
	at com.kms.katalon.core.main.ScriptEngine.run(ScriptEngine.java:194)
	at com.kms.katalon.core.main.ScriptEngine.runScriptAsRawText(ScriptEngine.java:119)
	at com.kms.katalon.core.main.TestCaseExecutor.runScript(TestCaseExecutor.java:448)
	at com.kms.katalon.core.main.TestCaseExecutor.doExecute(TestCaseExecutor.java:439)
	at com.kms.katalon.core.main.TestCaseExecutor.processExecutionPhase(TestCaseExecutor.java:418)
	at com.kms.katalon.core.main.TestCaseExecutor.accessMainPhase(TestCaseExecutor.java:410)
	at com.kms.katalon.core.main.TestCaseExecutor.execute(TestCaseExecutor.java:285)
	at com.kms.katalon.core.main.TestCaseMain.runTestCase(TestCaseMain.java:137)
	at com.kms.katalon.core.keyword.builtin.CallTestCaseKeyword$_callTestCase_closure1.doCall(CallTestCaseKeyword.groovy:59)
	at com.kms.katalon.core.keyword.builtin.CallTestCaseKeyword$_callTestCase_closure1.call(CallTestCaseKeyword.groovy)
	at com.kms.katalon.core.keyword.internal.KeywordMain.runKeyword(KeywordMain.groovy:75)
	at com.kms.katalon.core.keyword.builtin.CallTestCaseKeyword.callTestCase(CallTestCaseKeyword.groovy:81)
	at com.kms.katalon.core.keyword.builtin.CallTestCaseKeyword.execute(CallTestCaseKeyword.groovy:44)
	at com.kms.katalon.core.keyword.internal.KeywordExecutor.executeKeywordForPlatform(KeywordExecutor.groovy:74)
	at com.kms.katalon.core.keyword.BuiltinKeywords.callTestCase(BuiltinKeywords.groovy:310)
	at java.base/jdk.internal.reflect.NativeMethodAccessorImpl.invoke0(Native Method)
	at java.base/jdk.internal.reflect.NativeMethodAccessorImpl.invoke(NativeMethodAccessorImpl.java:77)
	at java.base/jdk.internal.reflect.DelegatingMethodAccessorImpl.invoke(DelegatingMethodAccessorImpl.java:43)
	at FDG - Advanced Filter - Delivered From.run(FDG - Advanced Filter - Delivered From:22)
	at com.kms.katalon.core.main.ScriptEngine.run(ScriptEngine.java:194)
	at com.kms.katalon.core.main.ScriptEngine.runScriptAsRawText(ScriptEngine.java:119)
	at com.kms.katalon.core.main.TestCaseExecutor.runScript(TestCaseExecutor.java:448)
	at com.kms.katalon.core.main.TestCaseExecutor.doExecute(TestCaseExecutor.java:439)
	at com.kms.katalon.core.main.TestCaseExecutor.processExecutionPhase(TestCaseExecutor.java:418)
	at com.kms.katalon.core.main.TestCaseExecutor.accessMainPhase(TestCaseExecutor.java:410)
	at com.kms.katalon.core.main.TestCaseExecutor.execute(TestCaseExecutor.java:285)
	at com.kms.katalon.core.common.CommonExecutor.accessTestCaseMainPhase(CommonExecutor.java:65)
	at com.kms.katalon.core.main.TestSuiteExecutor.accessTestSuiteMainPhase(TestSuiteExecutor.java:150)
	at com.kms.katalon.core.main.TestSuiteExecutor.execute(TestSuiteExecutor.java:106)
	at com.kms.katalon.core.main.TestCaseMain.startTestSuite(TestCaseMain.java:180)
	at com.kms.katalon.core.main.TestCaseMain$startTestSuite$0.call(Unknown Source)
	at TempTestSuite1761139058037.run(TempTestSuite1761139058037.groovy:35)
	at java.base/jdk.internal.reflect.NativeMethodAccessorImpl.invoke0(Native Method)
	at java.base/jdk.internal.reflect.NativeMethodAccessorImpl.invoke(NativeMethodAccessorImpl.java:77)
	at java.base/jdk.internal.reflect.DelegatingMethodAccessorImpl.invoke(DelegatingMethodAccessorImpl.java:43)
)

22-10-2025T09:29:50 - [MESSAGE][PASSED] - Call Test Case 'Test Cases/Utility Scripts/TF Sign In' successfully

22-10-2025T09:29:50 - [TEST_STEP][PASSED] - click(findTestObject("TripFocus/SSO/SSO Orders Tab")): Object: 'Object Repository/TripFocus/SSO/SSO Orders Tab' is clicked on

22-10-2025T09:29:51 - [MESSAGE][PASSED] - Object: 'Object Repository/TripFocus/SSO/SSO Orders Tab' is clicked on

22-10-2025T09:29:51 - [TEST_STEP][PASSED] - delay(15, STOP_ON_FAILURE): Delayed 15 second(s)

22-10-2025T09:30:06 - [MESSAGE][PASSED] - Delayed 15 second(s)

22-10-2025T09:30:06 - [TEST_STEP][PASSED] - click(findTestObject("TripFocus/Orders/Advanced Filters_btn"), STOP_ON_FAILURE): Object: 'Object Repository/TripFocus/Orders/Advanced Filters_btn' is clicked on

22-10-2025T09:30:06 - [MESSAGE][PASSED] - Object: 'Object Repository/TripFocus/Orders/Advanced Filters_btn' is clicked on

22-10-2025T09:30:06 - [TEST_STEP][PASSED] - delay(5): Delayed 5 second(s)

22-10-2025T09:30:11 - [MESSAGE][PASSED] - Delayed 5 second(s)

22-10-2025T09:30:11 - [TEST_STEP][PASSED] - sendKeys(findTestObject("TripFocus/Orders/Advanced Filters/Advanced Search Fields/Delivered_From_txt"), testDate): Keys '10/10/2025' sent to object: 'Object Repository/TripFocus/Orders/Advanced Filters/Advanced Search Fields/Delivered_From_txt'

22-10-2025T09:30:11 - [MESSAGE][PASSED] - Keys '10/10/2025' sent to object: 'Object Repository/TripFocus/Orders/Advanced Filters/Advanced Search Fields/Delivered_From_txt'

22-10-2025T09:30:11 - [TEST_STEP][PASSED] - delay(2): Delayed 2 second(s)

22-10-2025T09:30:13 - [MESSAGE][PASSED] - Delayed 2 second(s)

22-10-2025T09:30:13 - [TEST_STEP][PASSED] - click(findTestObject("TripFocus/Sidebar Minimizer")): Object: 'Object Repository/TripFocus/Sidebar Minimizer' is clicked on

22-10-2025T09:30:14 - [MESSAGE][PASSED] - Object: 'Object Repository/TripFocus/Sidebar Minimizer' is clicked on

22-10-2025T09:30:14 - [TEST_STEP][PASSED] - delay(2): Delayed 2 second(s)

22-10-2025T09:30:16 - [MESSAGE][PASSED] - Delayed 2 second(s)

22-10-2025T09:30:16 - [TEST_STEP][PASSED] - doubleClick(findTestObject("TripFocus/Orders/Advanced Filters/Apply Filters_btn")): Object: 'Object Repository/TripFocus/Orders/Advanced Filters/Apply Filters_btn' is double clicked on

22-10-2025T09:30:19 - [MESSAGE][PASSED] - Object: 'Object Repository/TripFocus/Orders/Advanced Filters/Apply Filters_btn' is double clicked on

22-10-2025T09:30:19 - [TEST_STEP][PASSED] - delay(7): Delayed 7 second(s)

22-10-2025T09:30:26 - [MESSAGE][PASSED] - Delayed 7 second(s)

22-10-2025T09:30:26 - [TEST_STEP][PASSED] - click(findTestObject("TripFocus/Orders/Advanced Filters/View_Applied_Filters_btn")): Object: 'Object Repository/TripFocus/Orders/Advanced Filters/View_Applied_Filters_btn' is clicked on

22-10-2025T09:30:26 - [MESSAGE][PASSED] - Object: 'Object Repository/TripFocus/Orders/Advanced Filters/View_Applied_Filters_btn' is clicked on

22-10-2025T09:30:26 - [TEST_STEP][PASSED] - delay(2): Delayed 2 second(s)

22-10-2025T09:30:28 - [MESSAGE][PASSED] - Delayed 2 second(s)

22-10-2025T09:30:28 - [TEST_STEP][FAILED] - verifyTextPresent(outputDate, false): Unable to verify text '10/11/2025' is present  (Root cause: com.kms.katalon.core.exception.StepFailedException: Unable to verify text '10/11/2025' is present 
	at com.kms.katalon.core.webui.keyword.internal.WebUIKeywordMain.stepFailed(WebUIKeywordMain.groovy:117)
	at com.kms.katalon.core.webui.keyword.internal.WebUIKeywordMain.runKeyword(WebUIKeywordMain.groovy:43)
	at com.kms.katalon.core.webui.keyword.builtin.VerifyTextPresentKeyword.verifyTextPresent(VerifyTextPresentKeyword.groovy:83)
	at com.kms.katalon.core.webui.keyword.builtin.VerifyTextPresentKeyword.execute(VerifyTextPresentKeyword.groovy:68)
	at com.kms.katalon.core.keyword.internal.KeywordExecutor.executeKeywordForPlatform(KeywordExecutor.groovy:74)
	at com.kms.katalon.core.webui.keyword.WebUiBuiltInKeywords.verifyTextPresent(WebUiBuiltInKeywords.groovy:1762)
	at com.kms.katalon.core.webui.keyword.WebUiBuiltInKeywords$verifyTextPresent$10.call(Unknown Source)
	at FDG - Advanced Filter - Delivered From.run(FDG - Advanced Filter - Delivered From:49)
	at com.kms.katalon.core.main.ScriptEngine.run(ScriptEngine.java:194)
	at com.kms.katalon.core.main.ScriptEngine.runScriptAsRawText(ScriptEngine.java:119)
	at com.kms.katalon.core.main.TestCaseExecutor.runScript(TestCaseExecutor.java:448)
	at com.kms.katalon.core.main.TestCaseExecutor.doExecute(TestCaseExecutor.java:439)
	at com.kms.katalon.core.main.TestCaseExecutor.processExecutionPhase(TestCaseExecutor.java:418)
	at com.kms.katalon.core.main.TestCaseExecutor.accessMainPhase(TestCaseExecutor.java:410)
	at com.kms.katalon.core.main.TestCaseExecutor.execute(TestCaseExecutor.java:285)
	at com.kms.katalon.core.common.CommonExecutor.accessTestCaseMainPhase(CommonExecutor.java:65)
	at com.kms.katalon.core.main.TestSuiteExecutor.accessTestSuiteMainPhase(TestSuiteExecutor.java:150)
	at com.kms.katalon.core.main.TestSuiteExecutor.execute(TestSuiteExecutor.java:106)
	at com.kms.katalon.core.main.TestCaseMain.startTestSuite(TestCaseMain.java:180)
	at com.kms.katalon.core.main.TestCaseMain$startTestSuite$0.call(Unknown Source)
	at TempTestSuite1761139058037.run(TempTestSuite1761139058037.groovy:35)
	at java.base/jdk.internal.reflect.NativeMethodAccessorImpl.invoke0(Native Method)
	at java.base/jdk.internal.reflect.NativeMethodAccessorImpl.invoke(NativeMethodAccessorImpl.java:77)
	at java.base/jdk.internal.reflect.DelegatingMethodAccessorImpl.invoke(DelegatingMethodAccessorImpl.java:43)
Caused by: com.kms.katalon.core.exception.StepFailedException: Text '10/11/2025' is not present on page 
	at com.kms.katalon.core.webui.keyword.internal.WebUIKeywordMain.stepFailed(WebUIKeywordMain.groovy:117)
	at com.kms.katalon.core.webui.keyword.builtin.VerifyTextPresentKeyword$_verifyTextPresent_closure1.doCall(VerifyTextPresentKeyword.groovy:79)
	at com.kms.katalon.core.webui.keyword.builtin.VerifyTextPresentKeyword$_verifyTextPresent_closure1.call(VerifyTextPresentKeyword.groovy)
	at com.kms.katalon.core.webui.keyword.internal.WebUIKeywordMain.runKeyword(WebUIKeywordMain.groovy:35)
	... 22 more
)

22-10-2025T09:30:29 - [MESSAGE][FAILED] - Text '10/11/2025' is not present on page  (Root cause: com.kms.katalon.core.exception.StepFailedException: Text '10/11/2025' is not present on page 
	at com.kms.katalon.core.webui.keyword.internal.WebUIKeywordMain.stepFailed(WebUIKeywordMain.groovy:117)
	at com.kms.katalon.core.webui.keyword.builtin.VerifyTextPresentKeyword$_verifyTextPresent_closure1.doCall(VerifyTextPresentKeyword.groovy:79)
	at com.kms.katalon.core.webui.keyword.builtin.VerifyTextPresentKeyword$_verifyTextPresent_closure1.call(VerifyTextPresentKeyword.groovy)
	at com.kms.katalon.core.webui.keyword.internal.WebUIKeywordMain.runKeyword(WebUIKeywordMain.groovy:35)
	at com.kms.katalon.core.webui.keyword.builtin.VerifyTextPresentKeyword.verifyTextPresent(VerifyTextPresentKeyword.groovy:83)
	at com.kms.katalon.core.webui.keyword.builtin.VerifyTextPresentKeyword.execute(VerifyTextPresentKeyword.groovy:68)
	at com.kms.katalon.core.keyword.internal.KeywordExecutor.executeKeywordForPlatform(KeywordExecutor.groovy:74)
	at com.kms.katalon.core.webui.keyword.WebUiBuiltInKeywords.verifyTextPresent(WebUiBuiltInKeywords.groovy:1762)
	at com.kms.katalon.core.webui.keyword.WebUiBuiltInKeywords$verifyTextPresent$10.call(Unknown Source)
	at FDG - Advanced Filter - Delivered From.run(FDG - Advanced Filter - Delivered From:49)
	at com.kms.katalon.core.main.ScriptEngine.run(ScriptEngine.java:194)
	at com.kms.katalon.core.main.ScriptEngine.runScriptAsRawText(ScriptEngine.java:119)
	at com.kms.katalon.core.main.TestCaseExecutor.runScript(TestCaseExecutor.java:448)
	at com.kms.katalon.core.main.TestCaseExecutor.doExecute(TestCaseExecutor.java:439)
	at com.kms.katalon.core.main.TestCaseExecutor.processExecutionPhase(TestCaseExecutor.java:418)
	at com.kms.katalon.core.main.TestCaseExecutor.accessMainPhase(TestCaseExecutor.java:410)
	at com.kms.katalon.core.main.TestCaseExecutor.execute(TestCaseExecutor.java:285)
	at com.kms.katalon.core.common.CommonExecutor.accessTestCaseMainPhase(CommonExecutor.java:65)
	at com.kms.katalon.core.main.TestSuiteExecutor.accessTestSuiteMainPhase(TestSuiteExecutor.java:150)
	at com.kms.katalon.core.main.TestSuiteExecutor.execute(TestSuiteExecutor.java:106)
	at com.kms.katalon.core.main.TestCaseMain.startTestSuite(TestCaseMain.java:180)
	at com.kms.katalon.core.main.TestCaseMain$startTestSuite$0.call(Unknown Source)
	at TempTestSuite1761139058037.run(TempTestSuite1761139058037.groovy:35)
	at java.base/jdk.internal.reflect.NativeMethodAccessorImpl.invoke0(Native Method)
	at java.base/jdk.internal.reflect.NativeMethodAccessorImpl.invoke(NativeMethodAccessorImpl.java:77)
	at java.base/jdk.internal.reflect.DelegatingMethodAccessorImpl.invoke(DelegatingMethodAccessorImpl.java:43)
)

22-10-2025T09:30:29 - [MESSAGE][FAILED] - Unable to verify text '10/11/2025' is present  (Root cause: com.kms.katalon.core.exception.StepFailedException: Unable to verify text '10/11/2025' is present 
	at com.kms.katalon.core.webui.keyword.internal.WebUIKeywordMain.stepFailed(WebUIKeywordMain.groovy:117)
	at com.kms.katalon.core.webui.keyword.internal.WebUIKeywordMain.runKeyword(WebUIKeywordMain.groovy:43)
	at com.kms.katalon.core.webui.keyword.builtin.VerifyTextPresentKeyword.verifyTextPresent(VerifyTextPresentKeyword.groovy:83)
	at com.kms.katalon.core.webui.keyword.builtin.VerifyTextPresentKeyword.execute(VerifyTextPresentKeyword.groovy:68)
	at com.kms.katalon.core.keyword.internal.KeywordExecutor.executeKeywordForPlatform(KeywordExecutor.groovy:74)
	at com.kms.katalon.core.webui.keyword.WebUiBuiltInKeywords.verifyTextPresent(WebUiBuiltInKeywords.groovy:1762)
	at com.kms.katalon.core.webui.keyword.WebUiBuiltInKeywords$verifyTextPresent$10.call(Unknown Source)
	at FDG - Advanced Filter - Delivered From.run(FDG - Advanced Filter - Delivered From:49)
	at com.kms.katalon.core.main.ScriptEngine.run(ScriptEngine.java:194)
	at com.kms.katalon.core.main.ScriptEngine.runScriptAsRawText(ScriptEngine.java:119)
	at com.kms.katalon.core.main.TestCaseExecutor.runScript(TestCaseExecutor.java:448)
	at com.kms.katalon.core.main.TestCaseExecutor.doExecute(TestCaseExecutor.java:439)
	at com.kms.katalon.core.main.TestCaseExecutor.processExecutionPhase(TestCaseExecutor.java:418)
	at com.kms.katalon.core.main.TestCaseExecutor.accessMainPhase(TestCaseExecutor.java:410)
	at com.kms.katalon.core.main.TestCaseExecutor.execute(TestCaseExecutor.java:285)
	at com.kms.katalon.core.common.CommonExecutor.accessTestCaseMainPhase(CommonExecutor.java:65)
	at com.kms.katalon.core.main.TestSuiteExecutor.accessTestSuiteMainPhase(TestSuiteExecutor.java:150)
	at com.kms.katalon.core.main.TestSuiteExecutor.execute(TestSuiteExecutor.java:106)
	at com.kms.katalon.core.main.TestCaseMain.startTestSuite(TestCaseMain.java:180)
	at com.kms.katalon.core.main.TestCaseMain$startTestSuite$0.call(Unknown Source)
	at TempTestSuite1761139058037.run(TempTestSuite1761139058037.groovy:35)
	at java.base/jdk.internal.reflect.NativeMethodAccessorImpl.invoke0(Native Method)
	at java.base/jdk.internal.reflect.NativeMethodAccessorImpl.invoke(NativeMethodAccessorImpl.java:77)
	at java.base/jdk.internal.reflect.DelegatingMethodAccessorImpl.invoke(DelegatingMethodAccessorImpl.java:43)
Caused by: com.kms.katalon.core.exception.StepFailedException: Text '10/11/2025' is not present on page 
	at com.kms.katalon.core.webui.keyword.internal.WebUIKeywordMain.stepFailed(WebUIKeywordMain.groovy:117)
	at com.kms.katalon.core.webui.keyword.builtin.VerifyTextPresentKeyword$_verifyTextPresent_closure1.doCall(VerifyTextPresentKeyword.groovy:79)
	at com.kms.katalon.core.webui.keyword.builtin.VerifyTextPresentKeyword$_verifyTextPresent_closure1.call(VerifyTextPresentKeyword.groovy)
	at com.kms.katalon.core.webui.keyword.internal.WebUIKeywordMain.runKeyword(WebUIKeywordMain.groovy:35)
	... 22 more
)

22-10-2025T09:30:29 - [TEST_STEP][PASSED] - Start listener action : retryOnDisconnect: Current window's url is: 'https://www.qa.tripfocus.com/order-tenders'

22-10-2025T09:30:29 - [TEST_STEP][PASSED] - tcId = testCaseContext.getTestCaseId(): null

22-10-2025T09:30:29 - [TEST_STEP][PASSED] - currentRetry = retryCounts.getOrDefault(tcId, 0): null

22-10-2025T09:30:29 - [TEST_STEP][PASSED] - if (testCaseContext.getTestCaseStatus() == "FAILED" && currentRetry < MAX_RETRIES): Current window's url is: 'https://www.qa.tripfocus.com/order-tenders'

22-10-2025T09:30:29 - [TEST_STEP][PASSED] - try: Current window's url is: 'https://www.qa.tripfocus.com/order-tenders'

22-10-2025T09:30:29 - [TEST_STEP][PASSED] - comment(Checking for WebDriver disconnect for test case: $tcId): Checking for WebDriver disconnect for test case: Test Cases/TripFocus/FDG/FDG - Orders/FDG - Advanced Filter - Delivered From

22-10-2025T09:30:30 - [MESSAGE][INFO] - Checking for WebDriver disconnect for test case: Test Cases/TripFocus/FDG/FDG - Orders/FDG - Advanced Filter - Delivered From

22-10-2025T09:30:30 - [TEST_STEP][PASSED] - getUrl(): Current window's url is: 'https://www.qa.tripfocus.com/order-tenders'

22-10-2025T09:30:30 - [MESSAGE][PASSED] - Current window's url is: 'https://www.qa.tripfocus.com/order-tenders']]></system-out>
         <system-err><![CDATA[22-10-2025T09:29:18 - [TEST_CASE][FAILED] - Test Cases/TripFocus/FDG/FDG - Orders/FDG - Advanced Filter - Delivered From: Test Cases/TripFocus/FDG/FDG - Orders/FDG - Advanced Filter - Delivered From FAILED.
Reason:
com.kms.katalon.core.exception.StepFailedException: Unable to verify text '10/11/2025' is present 
	at com.kms.katalon.core.webui.keyword.internal.WebUIKeywordMain.stepFailed(WebUIKeywordMain.groovy:117)
	at com.kms.katalon.core.webui.keyword.internal.WebUIKeywordMain.runKeyword(WebUIKeywordMain.groovy:43)
	at com.kms.katalon.core.webui.keyword.builtin.VerifyTextPresentKeyword.verifyTextPresent(VerifyTextPresentKeyword.groovy:83)
	at com.kms.katalon.core.webui.keyword.builtin.VerifyTextPresentKeyword.execute(VerifyTextPresentKeyword.groovy:68)
	at com.kms.katalon.core.keyword.internal.KeywordExecutor.executeKeywordForPlatform(KeywordExecutor.groovy:74)
	at com.kms.katalon.core.webui.keyword.WebUiBuiltInKeywords.verifyTextPresent(WebUiBuiltInKeywords.groovy:1762)
	at com.kms.katalon.core.webui.keyword.WebUiBuiltInKeywords$verifyTextPresent$10.call(Unknown Source)
	at FDG - Advanced Filter - Delivered From.run(FDG - Advanced Filter - Delivered From:49)
	at com.kms.katalon.core.main.ScriptEngine.run(ScriptEngine.java:194)
	at com.kms.katalon.core.main.ScriptEngine.runScriptAsRawText(ScriptEngine.java:119)
	at com.kms.katalon.core.main.TestCaseExecutor.runScript(TestCaseExecutor.java:448)
	at com.kms.katalon.core.main.TestCaseExecutor.doExecute(TestCaseExecutor.java:439)
	at com.kms.katalon.core.main.TestCaseExecutor.processExecutionPhase(TestCaseExecutor.java:418)
	at com.kms.katalon.core.main.TestCaseExecutor.accessMainPhase(TestCaseExecutor.java:410)
	at com.kms.katalon.core.main.TestCaseExecutor.execute(TestCaseExecutor.java:285)
	at com.kms.katalon.core.common.CommonExecutor.accessTestCaseMainPhase(CommonExecutor.java:65)
	at com.kms.katalon.core.main.TestSuiteExecutor.accessTestSuiteMainPhase(TestSuiteExecutor.java:150)
	at com.kms.katalon.core.main.TestSuiteExecutor.execute(TestSuiteExecutor.java:106)
	at com.kms.katalon.core.main.TestCaseMain.startTestSuite(TestCaseMain.java:180)
	at com.kms.katalon.core.main.TestCaseMain$startTestSuite$0.call(Unknown Source)
	at TempTestSuite1761139058037.run(TempTestSuite1761139058037.groovy:35)
	at java.base/jdk.internal.reflect.NativeMethodAccessorImpl.invoke0(Native Method)
	at java.base/jdk.internal.reflect.NativeMethodAccessorImpl.invoke(NativeMethodAccessorImpl.java:77)
	at java.base/jdk.internal.reflect.DelegatingMethodAccessorImpl.invoke(DelegatingMethodAccessorImpl.java:43)
Caused by: com.kms.katalon.core.exception.StepFailedException: Text '10/11/2025' is not present on page 
	at com.kms.katalon.core.webui.keyword.internal.WebUIKeywordMain.stepFailed(WebUIKeywordMain.groovy:117)
	at com.kms.katalon.core.webui.keyword.builtin.VerifyTextPresentKeyword$_verifyTextPresent_closure1.doCall(VerifyTextPresentKeyword.groovy:79)
	at com.kms.katalon.core.webui.keyword.builtin.VerifyTextPresentKeyword$_verifyTextPresent_closure1.call(VerifyTextPresentKeyword.groovy)
	at com.kms.katalon.core.webui.keyword.internal.WebUIKeywordMain.runKeyword(WebUIKeywordMain.groovy:35)
	... 22 more]]></system-err>
      </testcase>
      <testcase name="Test Cases/TripFocus/FDG/FDG - Orders/FDG - Advanced Filter - Delivered To" time="41.956" classname="Test Cases/TripFocus/FDG/FDG - Orders/FDG - Advanced Filter - Delivered To" status="PASSED">
         <system-out><![CDATA[22-10-2025T09:30:30 - [TEST_CASE][PASSED] - Test Cases/TripFocus/FDG/FDG - Orders/FDG - Advanced Filter - Delivered To: Test Cases/TripFocus/FDG/FDG - Orders/FDG - Advanced Filter - Delivered To

22-10-2025T09:30:30 - [TEST_STEP][PASSED] - Start listener action : beforeTestCase: null

22-10-2025T09:30:30 - [TEST_STEP][PASSED] - addDefaultPackages(): null

22-10-2025T09:30:30 - [TEST_STEP][PASSED] - callTestCase(findTestCase("Utility Scripts/Open Browser"), ["destinationURL":TFBaseURL], STOP_ON_FAILURE): Call Test Case 'Test Cases/Utility Scripts/Open Browser' successfully

22-10-2025T09:30:30 - [TEST_CASE][PASSED] - Test Cases/Utility Scripts/Open Browser: Test Cases/Utility Scripts/Open Browser

22-10-2025T09:30:30 - [TEST_STEP][PASSED] - openBrowser(""): Browser is opened with url: ''

22-10-2025T09:30:30 - [MESSAGE][WARNING] - A browser is already opened. Closing browser and opening a new one

22-10-2025T09:30:30 - [MESSAGE][INFO] - Starting 'Chrome' driver

22-10-2025T09:30:30 - [MESSAGE][INFO] - User set preference: ['args', '[--no-sandbox, --disable-gpu, --disable-dev-shm-usage]']

22-10-2025T09:30:30 - [MESSAGE][INFO] - Action delay is set to 0 milliseconds

22-10-2025T09:30:31 - [MESSAGE][PASSED] - Browser is opened with url: ''

22-10-2025T09:30:31 - [TEST_STEP][PASSED] - navigateToUrl(destinationURL): Navigate to 'https://www.qa.tripfocus.com' successfully

22-10-2025T09:30:31 - [MESSAGE][PASSED] - Navigate to 'https://www.qa.tripfocus.com' successfully

22-10-2025T09:30:31 - [TEST_STEP][PASSED] - if (maximizeWindow == true): Current window maximized

22-10-2025T09:30:31 - [TEST_STEP][PASSED] - maximizeWindow(STOP_ON_FAILURE): Current window maximized

22-10-2025T09:30:31 - [MESSAGE][PASSED] - Current window maximized

22-10-2025T09:30:31 - [MESSAGE][PASSED] - Call Test Case 'Test Cases/Utility Scripts/Open Browser' successfully

22-10-2025T09:30:31 - [TEST_STEP][PASSED] - callTestCase(findTestCase("Utility Scripts/TF Sign In"), ["userName":TripFocusPenskeFDGUsername, "password":TripFocusFDGSPGPassword], STOP_ON_FAILURE): Call Test Case 'Test Cases/Utility Scripts/TF Sign In' successfully

22-10-2025T09:30:31 - [TEST_CASE][PASSED] - Test Cases/Utility Scripts/TF Sign In: Test Cases/Utility Scripts/TF Sign In

22-10-2025T09:30:31 - [TEST_STEP][PASSED] - click(findTestObject("Object Repository/TripFocus/Page_TripFocus/button_Sign in")): Object: 'Object Repository/TripFocus/Page_TripFocus/button_Sign in' is clicked on

22-10-2025T09:30:31 - [MESSAGE][PASSED] - Object: 'Object Repository/TripFocus/Page_TripFocus/button_Sign in' is clicked on

22-10-2025T09:30:31 - [TEST_STEP][PASSED] - setText(findTestObject("Object Repository/TripFocus/Page_TripFocus/input_Username (e.g. email address)_Username"), userName): Text 'Ashford.Chenault+PenskeCustomerFDGONLY@thekag.com' is set on object 'Object Repository/TripFocus/Page_TripFocus/input_Username (e.g. email address)_Username'

22-10-2025T09:30:32 - [MESSAGE][PASSED] - Text 'Ashford.Chenault+PenskeCustomerFDGONLY@thekag.com' is set on object 'Object Repository/TripFocus/Page_TripFocus/input_Username (e.g. email address)_Username'

22-10-2025T09:30:32 - [TEST_STEP][PASSED] - setText(findTestObject("Object Repository/TripFocus/Page_TripFocus/input_Password_Password"), password): Text 'CrashBan911!!' is set on object 'Object Repository/TripFocus/Page_TripFocus/input_Password_Password'

22-10-2025T09:30:32 - [MESSAGE][PASSED] - Text 'CrashBan911!!' is set on object 'Object Repository/TripFocus/Page_TripFocus/input_Password_Password'

22-10-2025T09:30:32 - [TEST_STEP][PASSED] - click(findTestObject("Object Repository/TripFocus/Page_TripFocus/button_Login")): Object: 'Object Repository/TripFocus/Page_TripFocus/button_Login' is clicked on

22-10-2025T09:30:32 - [MESSAGE][PASSED] - Object: 'Object Repository/TripFocus/Page_TripFocus/button_Login' is clicked on

22-10-2025T09:30:32 - [TEST_STEP][PASSED] - maximizeWindow(): Current window maximized

22-10-2025T09:30:33 - [MESSAGE][PASSED] - Current window maximized

22-10-2025T09:30:33 - [TEST_STEP][PASSED] - waitForElementVisible(findTestObject("TripFocus/Testing_Notification_btn"), 5, OPTIONAL): Web element with id: 'Object Repository/TripFocus/Testing_Notification_btn' located by '//*[@id="__BVID__10___BV_modal_footer_"]/button' not found

22-10-2025T09:30:39 - [MESSAGE][INFO] - Unable to find the element located by 'By.xpath: //*[@id="__BVID__10___BV_modal_footer_"]/button'. Please recheck the objects properties to make sure the desired element is located. 

22-10-2025T09:30:39 - [MESSAGE][WARNING] - [SELF-HEALING] Failed to find element with id 'Object Repository/TripFocus/Testing_Notification_btn'. Try using Self-healing.

22-10-2025T09:30:40 - [MESSAGE][INFO] - [SELF-HEALING] No working XPath is found.

22-10-2025T09:30:42 - [MESSAGE][INFO] - Unable to find the element located by 'By.xpath: '. Please recheck the objects properties to make sure the desired element is located. 

22-10-2025T09:30:42 - [MESSAGE][WARNING] - [SELF-HEALING] Cannot find elements when the selector is null

22-10-2025T09:30:42 - [MESSAGE][WARNING] - Web element with id: 'Object Repository/TripFocus/Testing_Notification_btn' located by '//*[@id="__BVID__10___BV_modal_footer_"]/button' not found

22-10-2025T09:30:42 - [TEST_STEP][PASSED] - if (verifyElementVisible(findTestObject("TripFocus/Testing_Notification_btn"), OPTIONAL) == true): Web element with id: 'Object Repository/TripFocus/Testing_Notification_btn' located by '//*[@id="__BVID__10___BV_modal_footer_"]/button' not found (Root cause: com.kms.katalon.core.exception.StepFailedException: Web element with id: 'Object Repository/TripFocus/Testing_Notification_btn' located by '//*[@id="__BVID__10___BV_modal_footer_"]/button' not found
	at com.kms.katalon.core.webui.keyword.internal.WebUIKeywordMain.stepFailed(WebUIKeywordMain.groovy:117)
	at com.kms.katalon.core.webui.keyword.builtin.VerifyElementVisibleKeyword$_verifyElementVisible_closure1.doCall(VerifyElementVisibleKeyword.groovy:89)
	at com.kms.katalon.core.webui.keyword.builtin.VerifyElementVisibleKeyword$_verifyElementVisible_closure1.call(VerifyElementVisibleKeyword.groovy)
	at com.kms.katalon.core.webui.keyword.internal.WebUIKeywordMain.runKeyword(WebUIKeywordMain.groovy:35)
	at com.kms.katalon.core.webui.keyword.builtin.VerifyElementVisibleKeyword.verifyElementVisible(VerifyElementVisibleKeyword.groovy:97)
	at com.kms.katalon.core.webui.keyword.builtin.VerifyElementVisibleKeyword.execute(VerifyElementVisibleKeyword.groovy:67)
	at com.kms.katalon.core.keyword.internal.KeywordExecutor.executeKeywordForPlatform(KeywordExecutor.groovy:74)
	at com.kms.katalon.core.webui.keyword.WebUiBuiltInKeywords.verifyElementVisible(WebUiBuiltInKeywords.groovy:401)
	at com.kms.katalon.core.webui.keyword.WebUiBuiltInKeywords$verifyElementVisible$5.call(Unknown Source)
	at TF Sign In.run(TF Sign In:33)
	at com.kms.katalon.core.main.ScriptEngine.run(ScriptEngine.java:194)
	at com.kms.katalon.core.main.ScriptEngine.runScriptAsRawText(ScriptEngine.java:119)
	at com.kms.katalon.core.main.TestCaseExecutor.runScript(TestCaseExecutor.java:448)
	at com.kms.katalon.core.main.TestCaseExecutor.doExecute(TestCaseExecutor.java:439)
	at com.kms.katalon.core.main.TestCaseExecutor.processExecutionPhase(TestCaseExecutor.java:418)
	at com.kms.katalon.core.main.TestCaseExecutor.accessMainPhase(TestCaseExecutor.java:410)
	at com.kms.katalon.core.main.TestCaseExecutor.execute(TestCaseExecutor.java:285)
	at com.kms.katalon.core.main.TestCaseMain.runTestCase(TestCaseMain.java:137)
	at com.kms.katalon.core.keyword.builtin.CallTestCaseKeyword$_callTestCase_closure1.doCall(CallTestCaseKeyword.groovy:59)
	at com.kms.katalon.core.keyword.builtin.CallTestCaseKeyword$_callTestCase_closure1.call(CallTestCaseKeyword.groovy)
	at com.kms.katalon.core.keyword.internal.KeywordMain.runKeyword(KeywordMain.groovy:75)
	at com.kms.katalon.core.keyword.builtin.CallTestCaseKeyword.callTestCase(CallTestCaseKeyword.groovy:81)
	at com.kms.katalon.core.keyword.builtin.CallTestCaseKeyword.execute(CallTestCaseKeyword.groovy:44)
	at com.kms.katalon.core.keyword.internal.KeywordExecutor.executeKeywordForPlatform(KeywordExecutor.groovy:74)
	at com.kms.katalon.core.keyword.BuiltinKeywords.callTestCase(BuiltinKeywords.groovy:310)
	at java.base/jdk.internal.reflect.NativeMethodAccessorImpl.invoke0(Native Method)
	at java.base/jdk.internal.reflect.NativeMethodAccessorImpl.invoke(NativeMethodAccessorImpl.java:77)
	at java.base/jdk.internal.reflect.DelegatingMethodAccessorImpl.invoke(DelegatingMethodAccessorImpl.java:43)
	at FDG - Advanced Filter - Delivered To.run(FDG - Advanced Filter - Delivered To:22)
	at com.kms.katalon.core.main.ScriptEngine.run(ScriptEngine.java:194)
	at com.kms.katalon.core.main.ScriptEngine.runScriptAsRawText(ScriptEngine.java:119)
	at com.kms.katalon.core.main.TestCaseExecutor.runScript(TestCaseExecutor.java:448)
	at com.kms.katalon.core.main.TestCaseExecutor.doExecute(TestCaseExecutor.java:439)
	at com.kms.katalon.core.main.TestCaseExecutor.processExecutionPhase(TestCaseExecutor.java:418)
	at com.kms.katalon.core.main.TestCaseExecutor.accessMainPhase(TestCaseExecutor.java:410)
	at com.kms.katalon.core.main.TestCaseExecutor.execute(TestCaseExecutor.java:285)
	at com.kms.katalon.core.common.CommonExecutor.accessTestCaseMainPhase(CommonExecutor.java:65)
	at com.kms.katalon.core.main.TestSuiteExecutor.accessTestSuiteMainPhase(TestSuiteExecutor.java:150)
	at com.kms.katalon.core.main.TestSuiteExecutor.execute(TestSuiteExecutor.java:106)
	at com.kms.katalon.core.main.TestCaseMain.startTestSuite(TestCaseMain.java:180)
	at com.kms.katalon.core.main.TestCaseMain$startTestSuite$0.call(Unknown Source)
	at TempTestSuite1761139058037.run(TempTestSuite1761139058037.groovy:35)
	at java.base/jdk.internal.reflect.NativeMethodAccessorImpl.invoke0(Native Method)
	at java.base/jdk.internal.reflect.NativeMethodAccessorImpl.invoke(NativeMethodAccessorImpl.java:77)
	at java.base/jdk.internal.reflect.DelegatingMethodAccessorImpl.invoke(DelegatingMethodAccessorImpl.java:43)
)

22-10-2025T09:30:58 - [MESSAGE][INFO] - Unable to find the element located by 'By.xpath: //*[@id="__BVID__10___BV_modal_footer_"]/button'. Please recheck the objects properties to make sure the desired element is located. 

22-10-2025T09:30:58 - [MESSAGE][WARNING] - [SELF-HEALING] Failed to find element with id 'Object Repository/TripFocus/Testing_Notification_btn'. Try using Self-healing.

22-10-2025T09:30:59 - [MESSAGE][INFO] - [SELF-HEALING] No working XPath is found.

22-10-2025T09:31:01 - [MESSAGE][INFO] - Unable to find the element located by 'By.xpath: '. Please recheck the objects properties to make sure the desired element is located. 

22-10-2025T09:31:01 - [MESSAGE][WARNING] - [SELF-HEALING] Cannot find elements when the selector is null

22-10-2025T09:31:01 - [MESSAGE][WARNING] - Web element with id: 'Object Repository/TripFocus/Testing_Notification_btn' located by '//*[@id="__BVID__10___BV_modal_footer_"]/button' not found (Root cause: com.kms.katalon.core.exception.StepFailedException: Web element with id: 'Object Repository/TripFocus/Testing_Notification_btn' located by '//*[@id="__BVID__10___BV_modal_footer_"]/button' not found
	at com.kms.katalon.core.webui.keyword.internal.WebUIKeywordMain.stepFailed(WebUIKeywordMain.groovy:117)
	at com.kms.katalon.core.webui.keyword.builtin.VerifyElementVisibleKeyword$_verifyElementVisible_closure1.doCall(VerifyElementVisibleKeyword.groovy:89)
	at com.kms.katalon.core.webui.keyword.builtin.VerifyElementVisibleKeyword$_verifyElementVisible_closure1.call(VerifyElementVisibleKeyword.groovy)
	at com.kms.katalon.core.webui.keyword.internal.WebUIKeywordMain.runKeyword(WebUIKeywordMain.groovy:35)
	at com.kms.katalon.core.webui.keyword.builtin.VerifyElementVisibleKeyword.verifyElementVisible(VerifyElementVisibleKeyword.groovy:97)
	at com.kms.katalon.core.webui.keyword.builtin.VerifyElementVisibleKeyword.execute(VerifyElementVisibleKeyword.groovy:67)
	at com.kms.katalon.core.keyword.internal.KeywordExecutor.executeKeywordForPlatform(KeywordExecutor.groovy:74)
	at com.kms.katalon.core.webui.keyword.WebUiBuiltInKeywords.verifyElementVisible(WebUiBuiltInKeywords.groovy:401)
	at com.kms.katalon.core.webui.keyword.WebUiBuiltInKeywords$verifyElementVisible$5.call(Unknown Source)
	at TF Sign In.run(TF Sign In:33)
	at com.kms.katalon.core.main.ScriptEngine.run(ScriptEngine.java:194)
	at com.kms.katalon.core.main.ScriptEngine.runScriptAsRawText(ScriptEngine.java:119)
	at com.kms.katalon.core.main.TestCaseExecutor.runScript(TestCaseExecutor.java:448)
	at com.kms.katalon.core.main.TestCaseExecutor.doExecute(TestCaseExecutor.java:439)
	at com.kms.katalon.core.main.TestCaseExecutor.processExecutionPhase(TestCaseExecutor.java:418)
	at com.kms.katalon.core.main.TestCaseExecutor.accessMainPhase(TestCaseExecutor.java:410)
	at com.kms.katalon.core.main.TestCaseExecutor.execute(TestCaseExecutor.java:285)
	at com.kms.katalon.core.main.TestCaseMain.runTestCase(TestCaseMain.java:137)
	at com.kms.katalon.core.keyword.builtin.CallTestCaseKeyword$_callTestCase_closure1.doCall(CallTestCaseKeyword.groovy:59)
	at com.kms.katalon.core.keyword.builtin.CallTestCaseKeyword$_callTestCase_closure1.call(CallTestCaseKeyword.groovy)
	at com.kms.katalon.core.keyword.internal.KeywordMain.runKeyword(KeywordMain.groovy:75)
	at com.kms.katalon.core.keyword.builtin.CallTestCaseKeyword.callTestCase(CallTestCaseKeyword.groovy:81)
	at com.kms.katalon.core.keyword.builtin.CallTestCaseKeyword.execute(CallTestCaseKeyword.groovy:44)
	at com.kms.katalon.core.keyword.internal.KeywordExecutor.executeKeywordForPlatform(KeywordExecutor.groovy:74)
	at com.kms.katalon.core.keyword.BuiltinKeywords.callTestCase(BuiltinKeywords.groovy:310)
	at java.base/jdk.internal.reflect.NativeMethodAccessorImpl.invoke0(Native Method)
	at java.base/jdk.internal.reflect.NativeMethodAccessorImpl.invoke(NativeMethodAccessorImpl.java:77)
	at java.base/jdk.internal.reflect.DelegatingMethodAccessorImpl.invoke(DelegatingMethodAccessorImpl.java:43)
	at FDG - Advanced Filter - Delivered To.run(FDG - Advanced Filter - Delivered To:22)
	at com.kms.katalon.core.main.ScriptEngine.run(ScriptEngine.java:194)
	at com.kms.katalon.core.main.ScriptEngine.runScriptAsRawText(ScriptEngine.java:119)
	at com.kms.katalon.core.main.TestCaseExecutor.runScript(TestCaseExecutor.java:448)
	at com.kms.katalon.core.main.TestCaseExecutor.doExecute(TestCaseExecutor.java:439)
	at com.kms.katalon.core.main.TestCaseExecutor.processExecutionPhase(TestCaseExecutor.java:418)
	at com.kms.katalon.core.main.TestCaseExecutor.accessMainPhase(TestCaseExecutor.java:410)
	at com.kms.katalon.core.main.TestCaseExecutor.execute(TestCaseExecutor.java:285)
	at com.kms.katalon.core.common.CommonExecutor.accessTestCaseMainPhase(CommonExecutor.java:65)
	at com.kms.katalon.core.main.TestSuiteExecutor.accessTestSuiteMainPhase(TestSuiteExecutor.java:150)
	at com.kms.katalon.core.main.TestSuiteExecutor.execute(TestSuiteExecutor.java:106)
	at com.kms.katalon.core.main.TestCaseMain.startTestSuite(TestCaseMain.java:180)
	at com.kms.katalon.core.main.TestCaseMain$startTestSuite$0.call(Unknown Source)
	at TempTestSuite1761139058037.run(TempTestSuite1761139058037.groovy:35)
	at java.base/jdk.internal.reflect.NativeMethodAccessorImpl.invoke0(Native Method)
	at java.base/jdk.internal.reflect.NativeMethodAccessorImpl.invoke(NativeMethodAccessorImpl.java:77)
	at java.base/jdk.internal.reflect.DelegatingMethodAccessorImpl.invoke(DelegatingMethodAccessorImpl.java:43)
)

22-10-2025T09:31:01 - [MESSAGE][PASSED] - Call Test Case 'Test Cases/Utility Scripts/TF Sign In' successfully

22-10-2025T09:31:01 - [TEST_STEP][PASSED] - click(findTestObject("TripFocus/SSO/SSO Orders Tab")): Object: 'Object Repository/TripFocus/SSO/SSO Orders Tab' is clicked on

22-10-2025T09:31:01 - [MESSAGE][PASSED] - Object: 'Object Repository/TripFocus/SSO/SSO Orders Tab' is clicked on

22-10-2025T09:31:01 - [TEST_STEP][PASSED] - waitForElementClickable(findTestObject("TripFocus/Orders/Advanced Filters_btn"), 30): Object 'Object Repository/TripFocus/Orders/Advanced Filters_btn' is clickable

22-10-2025T09:31:01 - [MESSAGE][PASSED] - Object 'Object Repository/TripFocus/Orders/Advanced Filters_btn' is clickable

22-10-2025T09:31:01 - [TEST_STEP][PASSED] - delay(1): Delayed 1 second(s)

22-10-2025T09:31:02 - [MESSAGE][PASSED] - Delayed 1 second(s)

22-10-2025T09:31:02 - [TEST_STEP][PASSED] - click(findTestObject("TripFocus/Orders/Advanced Filters_btn"), STOP_ON_FAILURE): Object: 'Object Repository/TripFocus/Orders/Advanced Filters_btn' is clicked on

22-10-2025T09:31:03 - [MESSAGE][PASSED] - Object: 'Object Repository/TripFocus/Orders/Advanced Filters_btn' is clicked on

22-10-2025T09:31:03 - [TEST_STEP][PASSED] - delay(2): Delayed 2 second(s)

22-10-2025T09:31:05 - [MESSAGE][PASSED] - Delayed 2 second(s)

22-10-2025T09:31:05 - [TEST_STEP][PASSED] - sendKeys(findTestObject("TripFocus/Orders/Advanced Filters/Advanced Search Fields/Delivered_To_txt"), "06/01/2024"): Keys '06/01/2024' sent to object: 'Object Repository/TripFocus/Orders/Advanced Filters/Advanced Search Fields/Delivered_To_txt'

22-10-2025T09:31:05 - [MESSAGE][PASSED] - Keys '06/01/2024' sent to object: 'Object Repository/TripFocus/Orders/Advanced Filters/Advanced Search Fields/Delivered_To_txt'

22-10-2025T09:31:05 - [TEST_STEP][PASSED] - delay(2): Delayed 2 second(s)

22-10-2025T09:31:07 - [MESSAGE][PASSED] - Delayed 2 second(s)

22-10-2025T09:31:07 - [TEST_STEP][PASSED] - click(findTestObject("TripFocus/Sidebar Minimizer")): Object: 'Object Repository/TripFocus/Sidebar Minimizer' is clicked on

22-10-2025T09:31:07 - [MESSAGE][PASSED] - Object: 'Object Repository/TripFocus/Sidebar Minimizer' is clicked on

22-10-2025T09:31:07 - [TEST_STEP][PASSED] - delay(2): Delayed 2 second(s)

22-10-2025T09:31:09 - [MESSAGE][PASSED] - Delayed 2 second(s)

22-10-2025T09:31:09 - [TEST_STEP][PASSED] - click(findTestObject("TripFocus/Orders/Advanced Filters/Apply Filters_btn")): Object: 'Object Repository/TripFocus/Orders/Advanced Filters/Apply Filters_btn' is clicked on

22-10-2025T09:31:09 - [MESSAGE][PASSED] - Object: 'Object Repository/TripFocus/Orders/Advanced Filters/Apply Filters_btn' is clicked on

22-10-2025T09:31:09 - [TEST_STEP][PASSED] - delay(2): Delayed 2 second(s)

22-10-2025T09:31:11 - [MESSAGE][PASSED] - Delayed 2 second(s)

22-10-2025T09:31:11 - [TEST_STEP][PASSED] - closeBrowser(): Browser is closed

22-10-2025T09:31:12 - [MESSAGE][PASSED] - Browser is closed

22-10-2025T09:31:12 - [TEST_STEP][PASSED] - Start listener action : retryOnDisconnect: null

22-10-2025T09:31:12 - [TEST_STEP][PASSED] - tcId = testCaseContext.getTestCaseId(): null

22-10-2025T09:31:12 - [TEST_STEP][PASSED] - currentRetry = retryCounts.getOrDefault(tcId, 0): null

22-10-2025T09:31:12 - [TEST_STEP][PASSED] - if (testCaseContext.getTestCaseStatus() == "FAILED" && currentRetry < MAX_RETRIES): null]]></system-out>
         <system-err><![CDATA[]]></system-err>
      </testcase>
      <testcase name="Test Cases/TripFocus/FDG/FDG - Orders/FDG - Advanced Filter - Delivery City" time="67.505" classname="Test Cases/TripFocus/FDG/FDG - Orders/FDG - Advanced Filter - Delivery City" status="FAILED">
         <failure type="FAILED" message="Test Cases/TripFocus/FDG/FDG - Orders/FDG - Advanced Filter - Delivery City FAILED.&#xa;Reason:&#xa;com.kms.katalon.core.exception.StepFailedException: Unable to click on object 'Object Repository/TripFocus/Orders/Advanced Filters/Advanced Search Fields/Delivery_City_dropdown'&#xa;	at com.kms.katalon.core.webui.keyword.internal.WebUIKeywordMain.stepFailed(WebUIKeywordMain.groovy:117)&#xa;	at com.kms.katalon.core.webui.keyword.internal.WebUIKeywordMain.runKeyword(WebUIKeywordMain.groovy:43)&#xa;	at com.kms.katalon.core.webui.keyword.builtin.ClickKeyword.click(ClickKeyword.groovy:74)&#xa;	at com.kms.katalon.core.webui.keyword.builtin.ClickKeyword.execute(ClickKeyword.groovy:40)&#xa;	at com.kms.katalon.core.keyword.internal.KeywordExecutor.executeKeywordForPlatform(KeywordExecutor.groovy:74)&#xa;	at com.kms.katalon.core.webui.keyword.WebUiBuiltInKeywords.click(WebUiBuiltInKeywords.groovy:659)&#xa;	at com.kms.katalon.core.webui.keyword.WebUiBuiltInKeywords$click$1.call(Unknown Source)&#xa;	at FDG - Advanced Filter - Delivery City.run(FDG - Advanced Filter - Delivery City:63)&#xa;	at com.kms.katalon.core.main.ScriptEngine.run(ScriptEngine.java:194)&#xa;	at com.kms.katalon.core.main.ScriptEngine.runScriptAsRawText(ScriptEngine.java:119)&#xa;	at com.kms.katalon.core.main.TestCaseExecutor.runScript(TestCaseExecutor.java:448)&#xa;	at com.kms.katalon.core.main.TestCaseExecutor.doExecute(TestCaseExecutor.java:439)&#xa;	at com.kms.katalon.core.main.TestCaseExecutor.processExecutionPhase(TestCaseExecutor.java:418)&#xa;	at com.kms.katalon.core.main.TestCaseExecutor.accessMainPhase(TestCaseExecutor.java:410)&#xa;	at com.kms.katalon.core.main.TestCaseExecutor.execute(TestCaseExecutor.java:285)&#xa;	at com.kms.katalon.core.common.CommonExecutor.accessTestCaseMainPhase(CommonExecutor.java:65)&#xa;	at com.kms.katalon.core.main.TestSuiteExecutor.accessTestSuiteMainPhase(TestSuiteExecutor.java:150)&#xa;	at com.kms.katalon.core.main.TestSuiteExecutor.execute(TestSuiteExecutor.java:106)&#xa;	at com.kms.katalon.core.main.TestCaseMain.startTestSuite(TestCaseMain.java:180)&#xa;	at com.kms.katalon.core.main.TestCaseMain$startTestSuite$0.call(Unknown Source)&#xa;	at TempTestSuite1761139058037.run(TempTestSuite1761139058037.groovy:35)&#xa;	at java.base/jdk.internal.reflect.NativeMethodAccessorImpl.invoke0(Native Method)&#xa;	at java.base/jdk.internal.reflect.NativeMethodAccessorImpl.invoke(NativeMethodAccessorImpl.java:77)&#xa;	at java.base/jdk.internal.reflect.DelegatingMethodAccessorImpl.invoke(DelegatingMethodAccessorImpl.java:43)&#xa;Caused by: com.kms.katalon.core.webui.exception.WebElementNotFoundException: Web element with id: 'Object Repository/TripFocus/Orders/Advanced Filters/Advanced Search Fields/Delivery_City_dropdown' located by '/html/body/div/div[2]/div/main/div/div[2]/div/div[2]/div/div/div[2]/div/div/div[4]/div[1]/div/div/div[1]' not found&#xa;	at com.kms.katalon.core.webui.common.WebUiCommonHelper.findWebElement(WebUiCommonHelper.java:1423)&#xa;	at com.kms.katalon.core.webui.keyword.internal.WebUIAbstractKeyword.findWebElement(WebUIAbstractKeyword.groovy:27)&#xa;	at com.kms.katalon.core.webui.keyword.builtin.ClickKeyword$_click_closure1.doCall(ClickKeyword.groovy:65)&#xa;	at com.kms.katalon.core.webui.keyword.builtin.ClickKeyword$_click_closure1.call(ClickKeyword.groovy)&#xa;	at com.kms.katalon.core.webui.keyword.internal.WebUIKeywordMain.runKeyword(WebUIKeywordMain.groovy:35)&#xa;	... 22 more&#xa;"/>
         <system-out><![CDATA[22-10-2025T09:31:12 - [TEST_CASE][FAILED] - Test Cases/TripFocus/FDG/FDG - Orders/FDG - Advanced Filter - Delivery City: Test Cases/TripFocus/FDG/FDG - Orders/FDG - Advanced Filter - Delivery City FAILED.
Reason:
com.kms.katalon.core.exception.StepFailedException: Unable to click on object 'Object Repository/TripFocus/Orders/Advanced Filters/Advanced Search Fields/Delivery_City_dropdown'
	at com.kms.katalon.core.webui.keyword.internal.WebUIKeywordMain.stepFailed(WebUIKeywordMain.groovy:117)
	at com.kms.katalon.core.webui.keyword.internal.WebUIKeywordMain.runKeyword(WebUIKeywordMain.groovy:43)
	at com.kms.katalon.core.webui.keyword.builtin.ClickKeyword.click(ClickKeyword.groovy:74)
	at com.kms.katalon.core.webui.keyword.builtin.ClickKeyword.execute(ClickKeyword.groovy:40)
	at com.kms.katalon.core.keyword.internal.KeywordExecutor.executeKeywordForPlatform(KeywordExecutor.groovy:74)
	at com.kms.katalon.core.webui.keyword.WebUiBuiltInKeywords.click(WebUiBuiltInKeywords.groovy:659)
	at com.kms.katalon.core.webui.keyword.WebUiBuiltInKeywords$click$1.call(Unknown Source)
	at FDG - Advanced Filter - Delivery City.run(FDG - Advanced Filter - Delivery City:63)
	at com.kms.katalon.core.main.ScriptEngine.run(ScriptEngine.java:194)
	at com.kms.katalon.core.main.ScriptEngine.runScriptAsRawText(ScriptEngine.java:119)
	at com.kms.katalon.core.main.TestCaseExecutor.runScript(TestCaseExecutor.java:448)
	at com.kms.katalon.core.main.TestCaseExecutor.doExecute(TestCaseExecutor.java:439)
	at com.kms.katalon.core.main.TestCaseExecutor.processExecutionPhase(TestCaseExecutor.java:418)
	at com.kms.katalon.core.main.TestCaseExecutor.accessMainPhase(TestCaseExecutor.java:410)
	at com.kms.katalon.core.main.TestCaseExecutor.execute(TestCaseExecutor.java:285)
	at com.kms.katalon.core.common.CommonExecutor.accessTestCaseMainPhase(CommonExecutor.java:65)
	at com.kms.katalon.core.main.TestSuiteExecutor.accessTestSuiteMainPhase(TestSuiteExecutor.java:150)
	at com.kms.katalon.core.main.TestSuiteExecutor.execute(TestSuiteExecutor.java:106)
	at com.kms.katalon.core.main.TestCaseMain.startTestSuite(TestCaseMain.java:180)
	at com.kms.katalon.core.main.TestCaseMain$startTestSuite$0.call(Unknown Source)
	at TempTestSuite1761139058037.run(TempTestSuite1761139058037.groovy:35)
	at java.base/jdk.internal.reflect.NativeMethodAccessorImpl.invoke0(Native Method)
	at java.base/jdk.internal.reflect.NativeMethodAccessorImpl.invoke(NativeMethodAccessorImpl.java:77)
	at java.base/jdk.internal.reflect.DelegatingMethodAccessorImpl.invoke(DelegatingMethodAccessorImpl.java:43)
Caused by: com.kms.katalon.core.webui.exception.WebElementNotFoundException: Web element with id: 'Object Repository/TripFocus/Orders/Advanced Filters/Advanced Search Fields/Delivery_City_dropdown' located by '/html/body/div/div[2]/div/main/div/div[2]/div/div[2]/div/div/div[2]/div/div/div[4]/div[1]/div/div/div[1]' not found
	at com.kms.katalon.core.webui.common.WebUiCommonHelper.findWebElement(WebUiCommonHelper.java:1423)
	at com.kms.katalon.core.webui.keyword.internal.WebUIAbstractKeyword.findWebElement(WebUIAbstractKeyword.groovy:27)
	at com.kms.katalon.core.webui.keyword.builtin.ClickKeyword$_click_closure1.doCall(ClickKeyword.groovy:65)
	at com.kms.katalon.core.webui.keyword.builtin.ClickKeyword$_click_closure1.call(ClickKeyword.groovy)
	at com.kms.katalon.core.webui.keyword.internal.WebUIKeywordMain.runKeyword(WebUIKeywordMain.groovy:35)
	... 22 more


22-10-2025T09:31:12 - [TEST_STEP][PASSED] - Start listener action : beforeTestCase: null

22-10-2025T09:31:12 - [TEST_STEP][PASSED] - addDefaultPackages(): null

22-10-2025T09:31:12 - [TEST_STEP][PASSED] - openBrowser(""): Browser is opened with url: ''

22-10-2025T09:31:12 - [MESSAGE][INFO] - Starting 'Chrome' driver

22-10-2025T09:31:12 - [MESSAGE][INFO] - User set preference: ['args', '[--no-sandbox, --disable-gpu, --disable-dev-shm-usage]']

22-10-2025T09:31:12 - [MESSAGE][INFO] - Action delay is set to 0 milliseconds

22-10-2025T09:31:13 - [MESSAGE][PASSED] - Browser is opened with url: ''

22-10-2025T09:31:13 - [TEST_STEP][PASSED] - navigateToUrl(TFBaseURL): Navigate to 'https://www.qa.tripfocus.com' successfully

22-10-2025T09:31:14 - [MESSAGE][PASSED] - Navigate to 'https://www.qa.tripfocus.com' successfully

22-10-2025T09:31:14 - [TEST_STEP][PASSED] - click(findTestObject("Object Repository/TripFocus/Page_TripFocus/button_Sign in")): Object: 'Object Repository/TripFocus/Page_TripFocus/button_Sign in' is clicked on

22-10-2025T09:31:14 - [MESSAGE][PASSED] - Object: 'Object Repository/TripFocus/Page_TripFocus/button_Sign in' is clicked on

22-10-2025T09:31:14 - [TEST_STEP][PASSED] - setText(findTestObject("Object Repository/TripFocus/Page_TripFocus/input_Username (e.g. email address)_Username"), TripFocusFDGUsername): Text 'Ashford.Chenault+QACustomerFDGONLY@thekag.com' is set on object 'Object Repository/TripFocus/Page_TripFocus/input_Username (e.g. email address)_Username'

22-10-2025T09:31:15 - [MESSAGE][PASSED] - Text 'Ashford.Chenault+QACustomerFDGONLY@thekag.com' is set on object 'Object Repository/TripFocus/Page_TripFocus/input_Username (e.g. email address)_Username'

22-10-2025T09:31:15 - [TEST_STEP][PASSED] - setText(findTestObject("Object Repository/TripFocus/Page_TripFocus/input_Password_Password"), TripFocusFDGSPGPassword): Text 'CrashBan911!!' is set on object 'Object Repository/TripFocus/Page_TripFocus/input_Password_Password'

22-10-2025T09:31:15 - [MESSAGE][PASSED] - Text 'CrashBan911!!' is set on object 'Object Repository/TripFocus/Page_TripFocus/input_Password_Password'

22-10-2025T09:31:15 - [TEST_STEP][PASSED] - click(findTestObject("Object Repository/TripFocus/Page_TripFocus/button_Login")): Object: 'Object Repository/TripFocus/Page_TripFocus/button_Login' is clicked on

22-10-2025T09:31:16 - [MESSAGE][PASSED] - Object: 'Object Repository/TripFocus/Page_TripFocus/button_Login' is clicked on

22-10-2025T09:31:16 - [TEST_STEP][PASSED] - maximizeWindow(): Current window maximized

22-10-2025T09:31:16 - [MESSAGE][PASSED] - Current window maximized

22-10-2025T09:31:16 - [TEST_STEP][PASSED] - waitForElementVisible(findTestObject("TripFocus/Testing_Notification_btn"), 15, OPTIONAL): Web element with id: 'Object Repository/TripFocus/Testing_Notification_btn' located by '//*[@id="__BVID__10___BV_modal_footer_"]/button' not found

22-10-2025T09:31:32 - [MESSAGE][INFO] - Unable to find the element located by 'By.xpath: //*[@id="__BVID__10___BV_modal_footer_"]/button'. Please recheck the objects properties to make sure the desired element is located. 

22-10-2025T09:31:32 - [MESSAGE][WARNING] - [SELF-HEALING] Failed to find element with id 'Object Repository/TripFocus/Testing_Notification_btn'. Try using Self-healing.

22-10-2025T09:31:33 - [MESSAGE][INFO] - [SELF-HEALING] No working XPath is found.

22-10-2025T09:31:35 - [MESSAGE][INFO] - Unable to find the element located by 'By.xpath: '. Please recheck the objects properties to make sure the desired element is located. 

22-10-2025T09:31:35 - [MESSAGE][WARNING] - [SELF-HEALING] Cannot find elements when the selector is null

22-10-2025T09:31:35 - [MESSAGE][WARNING] - Web element with id: 'Object Repository/TripFocus/Testing_Notification_btn' located by '//*[@id="__BVID__10___BV_modal_footer_"]/button' not found

22-10-2025T09:31:35 - [TEST_STEP][PASSED] - if (verifyElementVisible(findTestObject("TripFocus/Testing_Notification_btn"), OPTIONAL) == true): Web element with id: 'Object Repository/TripFocus/Testing_Notification_btn' located by '//*[@id="__BVID__10___BV_modal_footer_"]/button' not found (Root cause: com.kms.katalon.core.exception.StepFailedException: Web element with id: 'Object Repository/TripFocus/Testing_Notification_btn' located by '//*[@id="__BVID__10___BV_modal_footer_"]/button' not found
	at com.kms.katalon.core.webui.keyword.internal.WebUIKeywordMain.stepFailed(WebUIKeywordMain.groovy:117)
	at com.kms.katalon.core.webui.keyword.builtin.VerifyElementVisibleKeyword$_verifyElementVisible_closure1.doCall(VerifyElementVisibleKeyword.groovy:89)
	at com.kms.katalon.core.webui.keyword.builtin.VerifyElementVisibleKeyword$_verifyElementVisible_closure1.call(VerifyElementVisibleKeyword.groovy)
	at com.kms.katalon.core.webui.keyword.internal.WebUIKeywordMain.runKeyword(WebUIKeywordMain.groovy:35)
	at com.kms.katalon.core.webui.keyword.builtin.VerifyElementVisibleKeyword.verifyElementVisible(VerifyElementVisibleKeyword.groovy:97)
	at com.kms.katalon.core.webui.keyword.builtin.VerifyElementVisibleKeyword.execute(VerifyElementVisibleKeyword.groovy:67)
	at com.kms.katalon.core.keyword.internal.KeywordExecutor.executeKeywordForPlatform(KeywordExecutor.groovy:74)
	at com.kms.katalon.core.webui.keyword.WebUiBuiltInKeywords.verifyElementVisible(WebUiBuiltInKeywords.groovy:401)
	at com.kms.katalon.core.webui.keyword.WebUiBuiltInKeywords$verifyElementVisible$5.call(Unknown Source)
	at FDG - Advanced Filter - Delivery City.run(FDG - Advanced Filter - Delivery City:39)
	at com.kms.katalon.core.main.ScriptEngine.run(ScriptEngine.java:194)
	at com.kms.katalon.core.main.ScriptEngine.runScriptAsRawText(ScriptEngine.java:119)
	at com.kms.katalon.core.main.TestCaseExecutor.runScript(TestCaseExecutor.java:448)
	at com.kms.katalon.core.main.TestCaseExecutor.doExecute(TestCaseExecutor.java:439)
	at com.kms.katalon.core.main.TestCaseExecutor.processExecutionPhase(TestCaseExecutor.java:418)
	at com.kms.katalon.core.main.TestCaseExecutor.accessMainPhase(TestCaseExecutor.java:410)
	at com.kms.katalon.core.main.TestCaseExecutor.execute(TestCaseExecutor.java:285)
	at com.kms.katalon.core.common.CommonExecutor.accessTestCaseMainPhase(CommonExecutor.java:65)
	at com.kms.katalon.core.main.TestSuiteExecutor.accessTestSuiteMainPhase(TestSuiteExecutor.java:150)
	at com.kms.katalon.core.main.TestSuiteExecutor.execute(TestSuiteExecutor.java:106)
	at com.kms.katalon.core.main.TestCaseMain.startTestSuite(TestCaseMain.java:180)
	at com.kms.katalon.core.main.TestCaseMain$startTestSuite$0.call(Unknown Source)
	at TempTestSuite1761139058037.run(TempTestSuite1761139058037.groovy:35)
	at java.base/jdk.internal.reflect.NativeMethodAccessorImpl.invoke0(Native Method)
	at java.base/jdk.internal.reflect.NativeMethodAccessorImpl.invoke(NativeMethodAccessorImpl.java:77)
	at java.base/jdk.internal.reflect.DelegatingMethodAccessorImpl.invoke(DelegatingMethodAccessorImpl.java:43)
)

22-10-2025T09:31:51 - [MESSAGE][INFO] - Unable to find the element located by 'By.xpath: //*[@id="__BVID__10___BV_modal_footer_"]/button'. Please recheck the objects properties to make sure the desired element is located. 

22-10-2025T09:31:51 - [MESSAGE][WARNING] - [SELF-HEALING] Failed to find element with id 'Object Repository/TripFocus/Testing_Notification_btn'. Try using Self-healing.

22-10-2025T09:31:52 - [MESSAGE][INFO] - [SELF-HEALING] No working XPath is found.

22-10-2025T09:31:54 - [MESSAGE][INFO] - Unable to find the element located by 'By.xpath: '. Please recheck the objects properties to make sure the desired element is located. 

22-10-2025T09:31:54 - [MESSAGE][WARNING] - [SELF-HEALING] Cannot find elements when the selector is null

22-10-2025T09:31:54 - [MESSAGE][WARNING] - Web element with id: 'Object Repository/TripFocus/Testing_Notification_btn' located by '//*[@id="__BVID__10___BV_modal_footer_"]/button' not found (Root cause: com.kms.katalon.core.exception.StepFailedException: Web element with id: 'Object Repository/TripFocus/Testing_Notification_btn' located by '//*[@id="__BVID__10___BV_modal_footer_"]/button' not found
	at com.kms.katalon.core.webui.keyword.internal.WebUIKeywordMain.stepFailed(WebUIKeywordMain.groovy:117)
	at com.kms.katalon.core.webui.keyword.builtin.VerifyElementVisibleKeyword$_verifyElementVisible_closure1.doCall(VerifyElementVisibleKeyword.groovy:89)
	at com.kms.katalon.core.webui.keyword.builtin.VerifyElementVisibleKeyword$_verifyElementVisible_closure1.call(VerifyElementVisibleKeyword.groovy)
	at com.kms.katalon.core.webui.keyword.internal.WebUIKeywordMain.runKeyword(WebUIKeywordMain.groovy:35)
	at com.kms.katalon.core.webui.keyword.builtin.VerifyElementVisibleKeyword.verifyElementVisible(VerifyElementVisibleKeyword.groovy:97)
	at com.kms.katalon.core.webui.keyword.builtin.VerifyElementVisibleKeyword.execute(VerifyElementVisibleKeyword.groovy:67)
	at com.kms.katalon.core.keyword.internal.KeywordExecutor.executeKeywordForPlatform(KeywordExecutor.groovy:74)
	at com.kms.katalon.core.webui.keyword.WebUiBuiltInKeywords.verifyElementVisible(WebUiBuiltInKeywords.groovy:401)
	at com.kms.katalon.core.webui.keyword.WebUiBuiltInKeywords$verifyElementVisible$5.call(Unknown Source)
	at FDG - Advanced Filter - Delivery City.run(FDG - Advanced Filter - Delivery City:39)
	at com.kms.katalon.core.main.ScriptEngine.run(ScriptEngine.java:194)
	at com.kms.katalon.core.main.ScriptEngine.runScriptAsRawText(ScriptEngine.java:119)
	at com.kms.katalon.core.main.TestCaseExecutor.runScript(TestCaseExecutor.java:448)
	at com.kms.katalon.core.main.TestCaseExecutor.doExecute(TestCaseExecutor.java:439)
	at com.kms.katalon.core.main.TestCaseExecutor.processExecutionPhase(TestCaseExecutor.java:418)
	at com.kms.katalon.core.main.TestCaseExecutor.accessMainPhase(TestCaseExecutor.java:410)
	at com.kms.katalon.core.main.TestCaseExecutor.execute(TestCaseExecutor.java:285)
	at com.kms.katalon.core.common.CommonExecutor.accessTestCaseMainPhase(CommonExecutor.java:65)
	at com.kms.katalon.core.main.TestSuiteExecutor.accessTestSuiteMainPhase(TestSuiteExecutor.java:150)
	at com.kms.katalon.core.main.TestSuiteExecutor.execute(TestSuiteExecutor.java:106)
	at com.kms.katalon.core.main.TestCaseMain.startTestSuite(TestCaseMain.java:180)
	at com.kms.katalon.core.main.TestCaseMain$startTestSuite$0.call(Unknown Source)
	at TempTestSuite1761139058037.run(TempTestSuite1761139058037.groovy:35)
	at java.base/jdk.internal.reflect.NativeMethodAccessorImpl.invoke0(Native Method)
	at java.base/jdk.internal.reflect.NativeMethodAccessorImpl.invoke(NativeMethodAccessorImpl.java:77)
	at java.base/jdk.internal.reflect.DelegatingMethodAccessorImpl.invoke(DelegatingMethodAccessorImpl.java:43)
)

22-10-2025T09:31:54 - [TEST_STEP][PASSED] - click(findTestObject("TripFocus/SSO/SSO Orders Tab")): Object: 'Object Repository/TripFocus/SSO/SSO Orders Tab' is clicked on

22-10-2025T09:31:54 - [MESSAGE][PASSED] - Object: 'Object Repository/TripFocus/SSO/SSO Orders Tab' is clicked on

22-10-2025T09:31:54 - [TEST_STEP][PASSED] - waitForElementClickable(findTestObject("TripFocus/Orders/Advanced Filters_btn"), 30): Object 'Object Repository/TripFocus/Orders/Advanced Filters_btn' is clickable

22-10-2025T09:31:54 - [MESSAGE][PASSED] - Object 'Object Repository/TripFocus/Orders/Advanced Filters_btn' is clickable

22-10-2025T09:31:54 - [TEST_STEP][PASSED] - delay(1): Delayed 1 second(s)

22-10-2025T09:31:55 - [MESSAGE][PASSED] - Delayed 1 second(s)

22-10-2025T09:31:55 - [TEST_STEP][PASSED] - click(findTestObject("TripFocus/Orders/Advanced Filters_btn"), STOP_ON_FAILURE): Object: 'Object Repository/TripFocus/Orders/Advanced Filters_btn' is clicked on

22-10-2025T09:31:56 - [MESSAGE][PASSED] - Object: 'Object Repository/TripFocus/Orders/Advanced Filters_btn' is clicked on

22-10-2025T09:31:56 - [TEST_STEP][PASSED] - delay(2): Delayed 2 second(s)

22-10-2025T09:31:58 - [MESSAGE][PASSED] - Delayed 2 second(s)

22-10-2025T09:31:58 - [TEST_STEP][PASSED] - click(findTestObject("TripFocus/Orders/Advanced Filters/Advanced Search Fields/Advanced_Search_Fields_dropdown")): Object: 'Object Repository/TripFocus/Orders/Advanced Filters/Advanced Search Fields/Advanced_Search_Fields_dropdown' is clicked on

22-10-2025T09:31:58 - [MESSAGE][PASSED] - Object: 'Object Repository/TripFocus/Orders/Advanced Filters/Advanced Search Fields/Advanced_Search_Fields_dropdown' is clicked on

22-10-2025T09:31:58 - [TEST_STEP][PASSED] - delay(2): Delayed 2 second(s)

22-10-2025T09:32:00 - [MESSAGE][PASSED] - Delayed 2 second(s)

22-10-2025T09:32:00 - [TEST_STEP][FAILED] - click(findTestObject("TripFocus/Orders/Advanced Filters/Advanced Search Fields/Delivery_City_dropdown")): Unable to click on object 'Object Repository/TripFocus/Orders/Advanced Filters/Advanced Search Fields/Delivery_City_dropdown' (Root cause: com.kms.katalon.core.exception.StepFailedException: Unable to click on object 'Object Repository/TripFocus/Orders/Advanced Filters/Advanced Search Fields/Delivery_City_dropdown'
	at com.kms.katalon.core.webui.keyword.internal.WebUIKeywordMain.stepFailed(WebUIKeywordMain.groovy:117)
	at com.kms.katalon.core.webui.keyword.internal.WebUIKeywordMain.runKeyword(WebUIKeywordMain.groovy:43)
	at com.kms.katalon.core.webui.keyword.builtin.ClickKeyword.click(ClickKeyword.groovy:74)
	at com.kms.katalon.core.webui.keyword.builtin.ClickKeyword.execute(ClickKeyword.groovy:40)
	at com.kms.katalon.core.keyword.internal.KeywordExecutor.executeKeywordForPlatform(KeywordExecutor.groovy:74)
	at com.kms.katalon.core.webui.keyword.WebUiBuiltInKeywords.click(WebUiBuiltInKeywords.groovy:659)
	at com.kms.katalon.core.webui.keyword.WebUiBuiltInKeywords$click$1.call(Unknown Source)
	at FDG - Advanced Filter - Delivery City.run(FDG - Advanced Filter - Delivery City:63)
	at com.kms.katalon.core.main.ScriptEngine.run(ScriptEngine.java:194)
	at com.kms.katalon.core.main.ScriptEngine.runScriptAsRawText(ScriptEngine.java:119)
	at com.kms.katalon.core.main.TestCaseExecutor.runScript(TestCaseExecutor.java:448)
	at com.kms.katalon.core.main.TestCaseExecutor.doExecute(TestCaseExecutor.java:439)
	at com.kms.katalon.core.main.TestCaseExecutor.processExecutionPhase(TestCaseExecutor.java:418)
	at com.kms.katalon.core.main.TestCaseExecutor.accessMainPhase(TestCaseExecutor.java:410)
	at com.kms.katalon.core.main.TestCaseExecutor.execute(TestCaseExecutor.java:285)
	at com.kms.katalon.core.common.CommonExecutor.accessTestCaseMainPhase(CommonExecutor.java:65)
	at com.kms.katalon.core.main.TestSuiteExecutor.accessTestSuiteMainPhase(TestSuiteExecutor.java:150)
	at com.kms.katalon.core.main.TestSuiteExecutor.execute(TestSuiteExecutor.java:106)
	at com.kms.katalon.core.main.TestCaseMain.startTestSuite(TestCaseMain.java:180)
	at com.kms.katalon.core.main.TestCaseMain$startTestSuite$0.call(Unknown Source)
	at TempTestSuite1761139058037.run(TempTestSuite1761139058037.groovy:35)
	at java.base/jdk.internal.reflect.NativeMethodAccessorImpl.invoke0(Native Method)
	at java.base/jdk.internal.reflect.NativeMethodAccessorImpl.invoke(NativeMethodAccessorImpl.java:77)
	at java.base/jdk.internal.reflect.DelegatingMethodAccessorImpl.invoke(DelegatingMethodAccessorImpl.java:43)
Caused by: com.kms.katalon.core.webui.exception.WebElementNotFoundException: Web element with id: 'Object Repository/TripFocus/Orders/Advanced Filters/Advanced Search Fields/Delivery_City_dropdown' located by '/html/body/div/div[2]/div/main/div/div[2]/div/div[2]/div/div/div[2]/div/div/div[4]/div[1]/div/div/div[1]' not found
	at com.kms.katalon.core.webui.common.WebUiCommonHelper.findWebElement(WebUiCommonHelper.java:1423)
	at com.kms.katalon.core.webui.keyword.internal.WebUIAbstractKeyword.findWebElement(WebUIAbstractKeyword.groovy:27)
	at com.kms.katalon.core.webui.keyword.builtin.ClickKeyword$_click_closure1.doCall(ClickKeyword.groovy:65)
	at com.kms.katalon.core.webui.keyword.builtin.ClickKeyword$_click_closure1.call(ClickKeyword.groovy)
	at com.kms.katalon.core.webui.keyword.internal.WebUIKeywordMain.runKeyword(WebUIKeywordMain.groovy:35)
	at com.kms.katalon.core.webui.keyword.builtin.ClickKeyword.click(ClickKeyword.groovy:74)
	at com.kms.katalon.core.webui.keyword.builtin.ClickKeyword.execute(ClickKeyword.groovy:40)
	at com.kms.katalon.core.keyword.internal.KeywordExecutor.executeKeywordForPlatform(KeywordExecutor.groovy:74)
	at com.kms.katalon.core.webui.keyword.WebUiBuiltInKeywords.click(WebUiBuiltInKeywords.groovy:659)
	at com.kms.katalon.core.webui.keyword.WebUiBuiltInKeywords$click$1.call(Unknown Source)
	at Script1745007466538.run(Script1745007466538.groovy:63)
	... 16 more
)

22-10-2025T09:32:16 - [MESSAGE][INFO] - Unable to find the element located by 'By.xpath: /html/body/div/div[2]/div/main/div/div[2]/div/div[2]/div/div/div[2]/div/div/div[4]/div[1]/div/div/div[1]'. Please recheck the objects properties to make sure the desired element is located. 

22-10-2025T09:32:16 - [MESSAGE][WARNING] - [SELF-HEALING] Failed to find element with id 'Object Repository/TripFocus/Orders/Advanced Filters/Advanced Search Fields/Delivery_City_dropdown'. Try using Self-healing.

22-10-2025T09:32:17 - [MESSAGE][INFO] - [SELF-HEALING] No working XPath is found.

22-10-2025T09:32:19 - [MESSAGE][INFO] - Unable to find the element located by 'By.xpath: '. Please recheck the objects properties to make sure the desired element is located. 

22-10-2025T09:32:19 - [MESSAGE][WARNING] - [SELF-HEALING] Cannot find elements when the selector is null

22-10-2025T09:32:19 - [MESSAGE][FAILED] - Unable to click on object 'Object Repository/TripFocus/Orders/Advanced Filters/Advanced Search Fields/Delivery_City_dropdown' (Root cause: com.kms.katalon.core.exception.StepFailedException: Unable to click on object 'Object Repository/TripFocus/Orders/Advanced Filters/Advanced Search Fields/Delivery_City_dropdown'
	at com.kms.katalon.core.webui.keyword.internal.WebUIKeywordMain.stepFailed(WebUIKeywordMain.groovy:117)
	at com.kms.katalon.core.webui.keyword.internal.WebUIKeywordMain.runKeyword(WebUIKeywordMain.groovy:43)
	at com.kms.katalon.core.webui.keyword.builtin.ClickKeyword.click(ClickKeyword.groovy:74)
	at com.kms.katalon.core.webui.keyword.builtin.ClickKeyword.execute(ClickKeyword.groovy:40)
	at com.kms.katalon.core.keyword.internal.KeywordExecutor.executeKeywordForPlatform(KeywordExecutor.groovy:74)
	at com.kms.katalon.core.webui.keyword.WebUiBuiltInKeywords.click(WebUiBuiltInKeywords.groovy:659)
	at com.kms.katalon.core.webui.keyword.WebUiBuiltInKeywords$click$1.call(Unknown Source)
	at FDG - Advanced Filter - Delivery City.run(FDG - Advanced Filter - Delivery City:63)
	at com.kms.katalon.core.main.ScriptEngine.run(ScriptEngine.java:194)
	at com.kms.katalon.core.main.ScriptEngine.runScriptAsRawText(ScriptEngine.java:119)
	at com.kms.katalon.core.main.TestCaseExecutor.runScript(TestCaseExecutor.java:448)
	at com.kms.katalon.core.main.TestCaseExecutor.doExecute(TestCaseExecutor.java:439)
	at com.kms.katalon.core.main.TestCaseExecutor.processExecutionPhase(TestCaseExecutor.java:418)
	at com.kms.katalon.core.main.TestCaseExecutor.accessMainPhase(TestCaseExecutor.java:410)
	at com.kms.katalon.core.main.TestCaseExecutor.execute(TestCaseExecutor.java:285)
	at com.kms.katalon.core.common.CommonExecutor.accessTestCaseMainPhase(CommonExecutor.java:65)
	at com.kms.katalon.core.main.TestSuiteExecutor.accessTestSuiteMainPhase(TestSuiteExecutor.java:150)
	at com.kms.katalon.core.main.TestSuiteExecutor.execute(TestSuiteExecutor.java:106)
	at com.kms.katalon.core.main.TestCaseMain.startTestSuite(TestCaseMain.java:180)
	at com.kms.katalon.core.main.TestCaseMain$startTestSuite$0.call(Unknown Source)
	at TempTestSuite1761139058037.run(TempTestSuite1761139058037.groovy:35)
	at java.base/jdk.internal.reflect.NativeMethodAccessorImpl.invoke0(Native Method)
	at java.base/jdk.internal.reflect.NativeMethodAccessorImpl.invoke(NativeMethodAccessorImpl.java:77)
	at java.base/jdk.internal.reflect.DelegatingMethodAccessorImpl.invoke(DelegatingMethodAccessorImpl.java:43)
Caused by: com.kms.katalon.core.webui.exception.WebElementNotFoundException: Web element with id: 'Object Repository/TripFocus/Orders/Advanced Filters/Advanced Search Fields/Delivery_City_dropdown' located by '/html/body/div/div[2]/div/main/div/div[2]/div/div[2]/div/div/div[2]/div/div/div[4]/div[1]/div/div/div[1]' not found
	at com.kms.katalon.core.webui.common.WebUiCommonHelper.findWebElement(WebUiCommonHelper.java:1423)
	at com.kms.katalon.core.webui.keyword.internal.WebUIAbstractKeyword.findWebElement(WebUIAbstractKeyword.groovy:27)
	at com.kms.katalon.core.webui.keyword.builtin.ClickKeyword$_click_closure1.doCall(ClickKeyword.groovy:65)
	at com.kms.katalon.core.webui.keyword.builtin.ClickKeyword$_click_closure1.call(ClickKeyword.groovy)
	at com.kms.katalon.core.webui.keyword.internal.WebUIKeywordMain.runKeyword(WebUIKeywordMain.groovy:35)
	at com.kms.katalon.core.webui.keyword.builtin.ClickKeyword.click(ClickKeyword.groovy:74)
	at com.kms.katalon.core.webui.keyword.builtin.ClickKeyword.execute(ClickKeyword.groovy:40)
	at com.kms.katalon.core.keyword.internal.KeywordExecutor.executeKeywordForPlatform(KeywordExecutor.groovy:74)
	at com.kms.katalon.core.webui.keyword.WebUiBuiltInKeywords.click(WebUiBuiltInKeywords.groovy:659)
	at com.kms.katalon.core.webui.keyword.WebUiBuiltInKeywords$click$1.call(Unknown Source)
	at Script1745007466538.run(Script1745007466538.groovy:63)
	... 16 more
)

22-10-2025T09:32:19 - [TEST_STEP][PASSED] - Start listener action : retryOnDisconnect: Current window's url is: 'https://www.qa.tripfocus.com/order-tenders'

22-10-2025T09:32:19 - [TEST_STEP][PASSED] - tcId = testCaseContext.getTestCaseId(): null

22-10-2025T09:32:19 - [TEST_STEP][PASSED] - currentRetry = retryCounts.getOrDefault(tcId, 0): null

22-10-2025T09:32:19 - [TEST_STEP][PASSED] - if (testCaseContext.getTestCaseStatus() == "FAILED" && currentRetry < MAX_RETRIES): Current window's url is: 'https://www.qa.tripfocus.com/order-tenders'

22-10-2025T09:32:19 - [TEST_STEP][PASSED] - try: Current window's url is: 'https://www.qa.tripfocus.com/order-tenders'

22-10-2025T09:32:19 - [TEST_STEP][PASSED] - comment(Checking for WebDriver disconnect for test case: $tcId): Checking for WebDriver disconnect for test case: Test Cases/TripFocus/FDG/FDG - Orders/FDG - Advanced Filter - Delivery City

22-10-2025T09:32:19 - [MESSAGE][INFO] - Checking for WebDriver disconnect for test case: Test Cases/TripFocus/FDG/FDG - Orders/FDG - Advanced Filter - Delivery City

22-10-2025T09:32:19 - [TEST_STEP][PASSED] - getUrl(): Current window's url is: 'https://www.qa.tripfocus.com/order-tenders'

22-10-2025T09:32:19 - [MESSAGE][PASSED] - Current window's url is: 'https://www.qa.tripfocus.com/order-tenders']]></system-out>
         <system-err><![CDATA[22-10-2025T09:31:12 - [TEST_CASE][FAILED] - Test Cases/TripFocus/FDG/FDG - Orders/FDG - Advanced Filter - Delivery City: Test Cases/TripFocus/FDG/FDG - Orders/FDG - Advanced Filter - Delivery City FAILED.
Reason:
com.kms.katalon.core.exception.StepFailedException: Unable to click on object 'Object Repository/TripFocus/Orders/Advanced Filters/Advanced Search Fields/Delivery_City_dropdown'
	at com.kms.katalon.core.webui.keyword.internal.WebUIKeywordMain.stepFailed(WebUIKeywordMain.groovy:117)
	at com.kms.katalon.core.webui.keyword.internal.WebUIKeywordMain.runKeyword(WebUIKeywordMain.groovy:43)
	at com.kms.katalon.core.webui.keyword.builtin.ClickKeyword.click(ClickKeyword.groovy:74)
	at com.kms.katalon.core.webui.keyword.builtin.ClickKeyword.execute(ClickKeyword.groovy:40)
	at com.kms.katalon.core.keyword.internal.KeywordExecutor.executeKeywordForPlatform(KeywordExecutor.groovy:74)
	at com.kms.katalon.core.webui.keyword.WebUiBuiltInKeywords.click(WebUiBuiltInKeywords.groovy:659)
	at com.kms.katalon.core.webui.keyword.WebUiBuiltInKeywords$click$1.call(Unknown Source)
	at FDG - Advanced Filter - Delivery City.run(FDG - Advanced Filter - Delivery City:63)
	at com.kms.katalon.core.main.ScriptEngine.run(ScriptEngine.java:194)
	at com.kms.katalon.core.main.ScriptEngine.runScriptAsRawText(ScriptEngine.java:119)
	at com.kms.katalon.core.main.TestCaseExecutor.runScript(TestCaseExecutor.java:448)
	at com.kms.katalon.core.main.TestCaseExecutor.doExecute(TestCaseExecutor.java:439)
	at com.kms.katalon.core.main.TestCaseExecutor.processExecutionPhase(TestCaseExecutor.java:418)
	at com.kms.katalon.core.main.TestCaseExecutor.accessMainPhase(TestCaseExecutor.java:410)
	at com.kms.katalon.core.main.TestCaseExecutor.execute(TestCaseExecutor.java:285)
	at com.kms.katalon.core.common.CommonExecutor.accessTestCaseMainPhase(CommonExecutor.java:65)
	at com.kms.katalon.core.main.TestSuiteExecutor.accessTestSuiteMainPhase(TestSuiteExecutor.java:150)
	at com.kms.katalon.core.main.TestSuiteExecutor.execute(TestSuiteExecutor.java:106)
	at com.kms.katalon.core.main.TestCaseMain.startTestSuite(TestCaseMain.java:180)
	at com.kms.katalon.core.main.TestCaseMain$startTestSuite$0.call(Unknown Source)
	at TempTestSuite1761139058037.run(TempTestSuite1761139058037.groovy:35)
	at java.base/jdk.internal.reflect.NativeMethodAccessorImpl.invoke0(Native Method)
	at java.base/jdk.internal.reflect.NativeMethodAccessorImpl.invoke(NativeMethodAccessorImpl.java:77)
	at java.base/jdk.internal.reflect.DelegatingMethodAccessorImpl.invoke(DelegatingMethodAccessorImpl.java:43)
Caused by: com.kms.katalon.core.webui.exception.WebElementNotFoundException: Web element with id: 'Object Repository/TripFocus/Orders/Advanced Filters/Advanced Search Fields/Delivery_City_dropdown' located by '/html/body/div/div[2]/div/main/div/div[2]/div/div[2]/div/div/div[2]/div/div/div[4]/div[1]/div/div/div[1]' not found
	at com.kms.katalon.core.webui.common.WebUiCommonHelper.findWebElement(WebUiCommonHelper.java:1423)
	at com.kms.katalon.core.webui.keyword.internal.WebUIAbstractKeyword.findWebElement(WebUIAbstractKeyword.groovy:27)
	at com.kms.katalon.core.webui.keyword.builtin.ClickKeyword$_click_closure1.doCall(ClickKeyword.groovy:65)
	at com.kms.katalon.core.webui.keyword.builtin.ClickKeyword$_click_closure1.call(ClickKeyword.groovy)
	at com.kms.katalon.core.webui.keyword.internal.WebUIKeywordMain.runKeyword(WebUIKeywordMain.groovy:35)
	... 22 more]]></system-err>
      </testcase>
      <testcase name="Test Cases/TripFocus/FDG/FDG - Orders/FDG - Advanced Filter - Delivery Site" time="64.337" classname="Test Cases/TripFocus/FDG/FDG - Orders/FDG - Advanced Filter - Delivery Site" status="FAILED">
         <failure type="FAILED" message="Test Cases/TripFocus/FDG/FDG - Orders/FDG - Advanced Filter - Delivery Site FAILED.&#xa;Reason:&#xa;com.kms.katalon.core.exception.StepFailedException: Unable to click on object 'Object Repository/TripFocus/Orders/Advanced Filters/Basic Search Fields/Delivery_Site_txt'&#xa;	at com.kms.katalon.core.webui.keyword.internal.WebUIKeywordMain.stepFailed(WebUIKeywordMain.groovy:117)&#xa;	at com.kms.katalon.core.webui.keyword.internal.WebUIKeywordMain.runKeyword(WebUIKeywordMain.groovy:43)&#xa;	at com.kms.katalon.core.webui.keyword.builtin.ClickKeyword.click(ClickKeyword.groovy:74)&#xa;	at com.kms.katalon.core.webui.keyword.builtin.ClickKeyword.execute(ClickKeyword.groovy:40)&#xa;	at com.kms.katalon.core.keyword.internal.KeywordExecutor.executeKeywordForPlatform(KeywordExecutor.groovy:74)&#xa;	at com.kms.katalon.core.webui.keyword.WebUiBuiltInKeywords.click(WebUiBuiltInKeywords.groovy:647)&#xa;	at com.kms.katalon.core.webui.keyword.WebUiBuiltInKeywords$click$6.call(Unknown Source)&#xa;	at FDG - Advanced Filter - Delivery Site.run(FDG - Advanced Filter - Delivery Site:58)&#xa;	at com.kms.katalon.core.main.ScriptEngine.run(ScriptEngine.java:194)&#xa;	at com.kms.katalon.core.main.ScriptEngine.runScriptAsRawText(ScriptEngine.java:119)&#xa;	at com.kms.katalon.core.main.TestCaseExecutor.runScript(TestCaseExecutor.java:448)&#xa;	at com.kms.katalon.core.main.TestCaseExecutor.doExecute(TestCaseExecutor.java:439)&#xa;	at com.kms.katalon.core.main.TestCaseExecutor.processExecutionPhase(TestCaseExecutor.java:418)&#xa;	at com.kms.katalon.core.main.TestCaseExecutor.accessMainPhase(TestCaseExecutor.java:410)&#xa;	at com.kms.katalon.core.main.TestCaseExecutor.execute(TestCaseExecutor.java:285)&#xa;	at com.kms.katalon.core.common.CommonExecutor.accessTestCaseMainPhase(CommonExecutor.java:65)&#xa;	at com.kms.katalon.core.main.TestSuiteExecutor.accessTestSuiteMainPhase(TestSuiteExecutor.java:150)&#xa;	at com.kms.katalon.core.main.TestSuiteExecutor.execute(TestSuiteExecutor.java:106)&#xa;	at com.kms.katalon.core.main.TestCaseMain.startTestSuite(TestCaseMain.java:180)&#xa;	at com.kms.katalon.core.main.TestCaseMain$startTestSuite$0.call(Unknown Source)&#xa;	at TempTestSuite1761139058037.run(TempTestSuite1761139058037.groovy:35)&#xa;	at java.base/jdk.internal.reflect.NativeMethodAccessorImpl.invoke0(Native Method)&#xa;	at java.base/jdk.internal.reflect.NativeMethodAccessorImpl.invoke(NativeMethodAccessorImpl.java:77)&#xa;	at java.base/jdk.internal.reflect.DelegatingMethodAccessorImpl.invoke(DelegatingMethodAccessorImpl.java:43)&#xa;Caused by: com.kms.katalon.core.webui.exception.WebElementNotFoundException: Web element with id: 'Object Repository/TripFocus/Orders/Advanced Filters/Basic Search Fields/Delivery_Site_txt' located by '/html/body/div/div[2]/div/main/div/div[2]/div/div[2]/div/div/div[1]/div/div/div[2]/div[2]/div/div/div[2]/span' not found&#xa;	at com.kms.katalon.core.webui.common.WebUiCommonHelper.findWebElement(WebUiCommonHelper.java:1423)&#xa;	at com.kms.katalon.core.webui.keyword.internal.WebUIAbstractKeyword.findWebElement(WebUIAbstractKeyword.groovy:27)&#xa;	at com.kms.katalon.core.webui.keyword.builtin.ClickKeyword$_click_closure1.doCall(ClickKeyword.groovy:65)&#xa;	at com.kms.katalon.core.webui.keyword.builtin.ClickKeyword$_click_closure1.call(ClickKeyword.groovy)&#xa;	at com.kms.katalon.core.webui.keyword.internal.WebUIKeywordMain.runKeyword(WebUIKeywordMain.groovy:35)&#xa;	... 22 more&#xa;"/>
         <system-out><![CDATA[22-10-2025T09:32:19 - [TEST_CASE][FAILED] - Test Cases/TripFocus/FDG/FDG - Orders/FDG - Advanced Filter - Delivery Site: Test Cases/TripFocus/FDG/FDG - Orders/FDG - Advanced Filter - Delivery Site FAILED.
Reason:
com.kms.katalon.core.exception.StepFailedException: Unable to click on object 'Object Repository/TripFocus/Orders/Advanced Filters/Basic Search Fields/Delivery_Site_txt'
	at com.kms.katalon.core.webui.keyword.internal.WebUIKeywordMain.stepFailed(WebUIKeywordMain.groovy:117)
	at com.kms.katalon.core.webui.keyword.internal.WebUIKeywordMain.runKeyword(WebUIKeywordMain.groovy:43)
	at com.kms.katalon.core.webui.keyword.builtin.ClickKeyword.click(ClickKeyword.groovy:74)
	at com.kms.katalon.core.webui.keyword.builtin.ClickKeyword.execute(ClickKeyword.groovy:40)
	at com.kms.katalon.core.keyword.internal.KeywordExecutor.executeKeywordForPlatform(KeywordExecutor.groovy:74)
	at com.kms.katalon.core.webui.keyword.WebUiBuiltInKeywords.click(WebUiBuiltInKeywords.groovy:647)
	at com.kms.katalon.core.webui.keyword.WebUiBuiltInKeywords$click$6.call(Unknown Source)
	at FDG - Advanced Filter - Delivery Site.run(FDG - Advanced Filter - Delivery Site:58)
	at com.kms.katalon.core.main.ScriptEngine.run(ScriptEngine.java:194)
	at com.kms.katalon.core.main.ScriptEngine.runScriptAsRawText(ScriptEngine.java:119)
	at com.kms.katalon.core.main.TestCaseExecutor.runScript(TestCaseExecutor.java:448)
	at com.kms.katalon.core.main.TestCaseExecutor.doExecute(TestCaseExecutor.java:439)
	at com.kms.katalon.core.main.TestCaseExecutor.processExecutionPhase(TestCaseExecutor.java:418)
	at com.kms.katalon.core.main.TestCaseExecutor.accessMainPhase(TestCaseExecutor.java:410)
	at com.kms.katalon.core.main.TestCaseExecutor.execute(TestCaseExecutor.java:285)
	at com.kms.katalon.core.common.CommonExecutor.accessTestCaseMainPhase(CommonExecutor.java:65)
	at com.kms.katalon.core.main.TestSuiteExecutor.accessTestSuiteMainPhase(TestSuiteExecutor.java:150)
	at com.kms.katalon.core.main.TestSuiteExecutor.execute(TestSuiteExecutor.java:106)
	at com.kms.katalon.core.main.TestCaseMain.startTestSuite(TestCaseMain.java:180)
	at com.kms.katalon.core.main.TestCaseMain$startTestSuite$0.call(Unknown Source)
	at TempTestSuite1761139058037.run(TempTestSuite1761139058037.groovy:35)
	at java.base/jdk.internal.reflect.NativeMethodAccessorImpl.invoke0(Native Method)
	at java.base/jdk.internal.reflect.NativeMethodAccessorImpl.invoke(NativeMethodAccessorImpl.java:77)
	at java.base/jdk.internal.reflect.DelegatingMethodAccessorImpl.invoke(DelegatingMethodAccessorImpl.java:43)
Caused by: com.kms.katalon.core.webui.exception.WebElementNotFoundException: Web element with id: 'Object Repository/TripFocus/Orders/Advanced Filters/Basic Search Fields/Delivery_Site_txt' located by '/html/body/div/div[2]/div/main/div/div[2]/div/div[2]/div/div/div[1]/div/div/div[2]/div[2]/div/div/div[2]/span' not found
	at com.kms.katalon.core.webui.common.WebUiCommonHelper.findWebElement(WebUiCommonHelper.java:1423)
	at com.kms.katalon.core.webui.keyword.internal.WebUIAbstractKeyword.findWebElement(WebUIAbstractKeyword.groovy:27)
	at com.kms.katalon.core.webui.keyword.builtin.ClickKeyword$_click_closure1.doCall(ClickKeyword.groovy:65)
	at com.kms.katalon.core.webui.keyword.builtin.ClickKeyword$_click_closure1.call(ClickKeyword.groovy)
	at com.kms.katalon.core.webui.keyword.internal.WebUIKeywordMain.runKeyword(WebUIKeywordMain.groovy:35)
	... 22 more


22-10-2025T09:32:19 - [TEST_STEP][PASSED] - Start listener action : beforeTestCase: null

22-10-2025T09:32:19 - [TEST_STEP][PASSED] - addDefaultPackages(): null

22-10-2025T09:32:19 - [TEST_STEP][PASSED] - openBrowser(""): Browser is opened with url: ''

22-10-2025T09:32:19 - [MESSAGE][WARNING] - A browser is already opened. Closing browser and opening a new one

22-10-2025T09:32:19 - [MESSAGE][INFO] - Starting 'Chrome' driver

22-10-2025T09:32:19 - [MESSAGE][INFO] - User set preference: ['args', '[--no-sandbox, --disable-gpu, --disable-dev-shm-usage]']

22-10-2025T09:32:19 - [MESSAGE][INFO] - Action delay is set to 0 milliseconds

22-10-2025T09:32:20 - [MESSAGE][PASSED] - Browser is opened with url: ''

22-10-2025T09:32:20 - [TEST_STEP][PASSED] - navigateToUrl(TFBaseURL): Navigate to 'https://www.qa.tripfocus.com' successfully

22-10-2025T09:32:20 - [MESSAGE][PASSED] - Navigate to 'https://www.qa.tripfocus.com' successfully

22-10-2025T09:32:20 - [TEST_STEP][PASSED] - click(findTestObject("Object Repository/TripFocus/Page_TripFocus/button_Sign in")): Object: 'Object Repository/TripFocus/Page_TripFocus/button_Sign in' is clicked on

22-10-2025T09:32:21 - [MESSAGE][PASSED] - Object: 'Object Repository/TripFocus/Page_TripFocus/button_Sign in' is clicked on

22-10-2025T09:32:21 - [TEST_STEP][PASSED] - setText(findTestObject("Object Repository/TripFocus/Page_TripFocus/input_Username (e.g. email address)_Username"), TripFocusFDGUsername): Text 'Ashford.Chenault+QACustomerFDGONLY@thekag.com' is set on object 'Object Repository/TripFocus/Page_TripFocus/input_Username (e.g. email address)_Username'

22-10-2025T09:32:22 - [MESSAGE][PASSED] - Text 'Ashford.Chenault+QACustomerFDGONLY@thekag.com' is set on object 'Object Repository/TripFocus/Page_TripFocus/input_Username (e.g. email address)_Username'

22-10-2025T09:32:22 - [TEST_STEP][PASSED] - setText(findTestObject("Object Repository/TripFocus/Page_TripFocus/input_Password_Password"), TripFocusFDGSPGPassword): Text 'CrashBan911!!' is set on object 'Object Repository/TripFocus/Page_TripFocus/input_Password_Password'

22-10-2025T09:32:22 - [MESSAGE][PASSED] - Text 'CrashBan911!!' is set on object 'Object Repository/TripFocus/Page_TripFocus/input_Password_Password'

22-10-2025T09:32:22 - [TEST_STEP][PASSED] - click(findTestObject("Object Repository/TripFocus/Page_TripFocus/button_Login")): Object: 'Object Repository/TripFocus/Page_TripFocus/button_Login' is clicked on

22-10-2025T09:32:22 - [MESSAGE][PASSED] - Object: 'Object Repository/TripFocus/Page_TripFocus/button_Login' is clicked on

22-10-2025T09:32:22 - [TEST_STEP][PASSED] - maximizeWindow(): Current window maximized

22-10-2025T09:32:22 - [MESSAGE][PASSED] - Current window maximized

22-10-2025T09:32:22 - [TEST_STEP][PASSED] - waitForElementVisible(findTestObject("TripFocus/Testing_Notification_btn"), 15, OPTIONAL): Web element with id: 'Object Repository/TripFocus/Testing_Notification_btn' located by '//*[@id="__BVID__10___BV_modal_footer_"]/button' not found

22-10-2025T09:32:38 - [MESSAGE][INFO] - Unable to find the element located by 'By.xpath: //*[@id="__BVID__10___BV_modal_footer_"]/button'. Please recheck the objects properties to make sure the desired element is located. 

22-10-2025T09:32:38 - [MESSAGE][WARNING] - [SELF-HEALING] Failed to find element with id 'Object Repository/TripFocus/Testing_Notification_btn'. Try using Self-healing.

22-10-2025T09:32:39 - [MESSAGE][INFO] - [SELF-HEALING] No working XPath is found.

22-10-2025T09:32:41 - [MESSAGE][INFO] - Unable to find the element located by 'By.xpath: '. Please recheck the objects properties to make sure the desired element is located. 

22-10-2025T09:32:41 - [MESSAGE][WARNING] - [SELF-HEALING] Cannot find elements when the selector is null

22-10-2025T09:32:41 - [MESSAGE][WARNING] - Web element with id: 'Object Repository/TripFocus/Testing_Notification_btn' located by '//*[@id="__BVID__10___BV_modal_footer_"]/button' not found

22-10-2025T09:32:41 - [TEST_STEP][PASSED] - if (verifyElementVisible(findTestObject("TripFocus/Testing_Notification_btn"), OPTIONAL) == true): Web element with id: 'Object Repository/TripFocus/Testing_Notification_btn' located by '//*[@id="__BVID__10___BV_modal_footer_"]/button' not found (Root cause: com.kms.katalon.core.exception.StepFailedException: Web element with id: 'Object Repository/TripFocus/Testing_Notification_btn' located by '//*[@id="__BVID__10___BV_modal_footer_"]/button' not found
	at com.kms.katalon.core.webui.keyword.internal.WebUIKeywordMain.stepFailed(WebUIKeywordMain.groovy:117)
	at com.kms.katalon.core.webui.keyword.builtin.VerifyElementVisibleKeyword$_verifyElementVisible_closure1.doCall(VerifyElementVisibleKeyword.groovy:89)
	at com.kms.katalon.core.webui.keyword.builtin.VerifyElementVisibleKeyword$_verifyElementVisible_closure1.call(VerifyElementVisibleKeyword.groovy)
	at com.kms.katalon.core.webui.keyword.internal.WebUIKeywordMain.runKeyword(WebUIKeywordMain.groovy:35)
	at com.kms.katalon.core.webui.keyword.builtin.VerifyElementVisibleKeyword.verifyElementVisible(VerifyElementVisibleKeyword.groovy:97)
	at com.kms.katalon.core.webui.keyword.builtin.VerifyElementVisibleKeyword.execute(VerifyElementVisibleKeyword.groovy:67)
	at com.kms.katalon.core.keyword.internal.KeywordExecutor.executeKeywordForPlatform(KeywordExecutor.groovy:74)
	at com.kms.katalon.core.webui.keyword.WebUiBuiltInKeywords.verifyElementVisible(WebUiBuiltInKeywords.groovy:401)
	at com.kms.katalon.core.webui.keyword.WebUiBuiltInKeywords$verifyElementVisible$5.call(Unknown Source)
	at FDG - Advanced Filter - Delivery Site.run(FDG - Advanced Filter - Delivery Site:38)
	at com.kms.katalon.core.main.ScriptEngine.run(ScriptEngine.java:194)
	at com.kms.katalon.core.main.ScriptEngine.runScriptAsRawText(ScriptEngine.java:119)
	at com.kms.katalon.core.main.TestCaseExecutor.runScript(TestCaseExecutor.java:448)
	at com.kms.katalon.core.main.TestCaseExecutor.doExecute(TestCaseExecutor.java:439)
	at com.kms.katalon.core.main.TestCaseExecutor.processExecutionPhase(TestCaseExecutor.java:418)
	at com.kms.katalon.core.main.TestCaseExecutor.accessMainPhase(TestCaseExecutor.java:410)
	at com.kms.katalon.core.main.TestCaseExecutor.execute(TestCaseExecutor.java:285)
	at com.kms.katalon.core.common.CommonExecutor.accessTestCaseMainPhase(CommonExecutor.java:65)
	at com.kms.katalon.core.main.TestSuiteExecutor.accessTestSuiteMainPhase(TestSuiteExecutor.java:150)
	at com.kms.katalon.core.main.TestSuiteExecutor.execute(TestSuiteExecutor.java:106)
	at com.kms.katalon.core.main.TestCaseMain.startTestSuite(TestCaseMain.java:180)
	at com.kms.katalon.core.main.TestCaseMain$startTestSuite$0.call(Unknown Source)
	at TempTestSuite1761139058037.run(TempTestSuite1761139058037.groovy:35)
	at java.base/jdk.internal.reflect.NativeMethodAccessorImpl.invoke0(Native Method)
	at java.base/jdk.internal.reflect.NativeMethodAccessorImpl.invoke(NativeMethodAccessorImpl.java:77)
	at java.base/jdk.internal.reflect.DelegatingMethodAccessorImpl.invoke(DelegatingMethodAccessorImpl.java:43)
)

22-10-2025T09:32:57 - [MESSAGE][INFO] - Unable to find the element located by 'By.xpath: //*[@id="__BVID__10___BV_modal_footer_"]/button'. Please recheck the objects properties to make sure the desired element is located. 

22-10-2025T09:32:57 - [MESSAGE][WARNING] - [SELF-HEALING] Failed to find element with id 'Object Repository/TripFocus/Testing_Notification_btn'. Try using Self-healing.

22-10-2025T09:32:58 - [MESSAGE][INFO] - [SELF-HEALING] No working XPath is found.

22-10-2025T09:33:00 - [MESSAGE][INFO] - Unable to find the element located by 'By.xpath: '. Please recheck the objects properties to make sure the desired element is located. 

22-10-2025T09:33:00 - [MESSAGE][WARNING] - [SELF-HEALING] Cannot find elements when the selector is null

22-10-2025T09:33:00 - [MESSAGE][WARNING] - Web element with id: 'Object Repository/TripFocus/Testing_Notification_btn' located by '//*[@id="__BVID__10___BV_modal_footer_"]/button' not found (Root cause: com.kms.katalon.core.exception.StepFailedException: Web element with id: 'Object Repository/TripFocus/Testing_Notification_btn' located by '//*[@id="__BVID__10___BV_modal_footer_"]/button' not found
	at com.kms.katalon.core.webui.keyword.internal.WebUIKeywordMain.stepFailed(WebUIKeywordMain.groovy:117)
	at com.kms.katalon.core.webui.keyword.builtin.VerifyElementVisibleKeyword$_verifyElementVisible_closure1.doCall(VerifyElementVisibleKeyword.groovy:89)
	at com.kms.katalon.core.webui.keyword.builtin.VerifyElementVisibleKeyword$_verifyElementVisible_closure1.call(VerifyElementVisibleKeyword.groovy)
	at com.kms.katalon.core.webui.keyword.internal.WebUIKeywordMain.runKeyword(WebUIKeywordMain.groovy:35)
	at com.kms.katalon.core.webui.keyword.builtin.VerifyElementVisibleKeyword.verifyElementVisible(VerifyElementVisibleKeyword.groovy:97)
	at com.kms.katalon.core.webui.keyword.builtin.VerifyElementVisibleKeyword.execute(VerifyElementVisibleKeyword.groovy:67)
	at com.kms.katalon.core.keyword.internal.KeywordExecutor.executeKeywordForPlatform(KeywordExecutor.groovy:74)
	at com.kms.katalon.core.webui.keyword.WebUiBuiltInKeywords.verifyElementVisible(WebUiBuiltInKeywords.groovy:401)
	at com.kms.katalon.core.webui.keyword.WebUiBuiltInKeywords$verifyElementVisible$5.call(Unknown Source)
	at FDG - Advanced Filter - Delivery Site.run(FDG - Advanced Filter - Delivery Site:38)
	at com.kms.katalon.core.main.ScriptEngine.run(ScriptEngine.java:194)
	at com.kms.katalon.core.main.ScriptEngine.runScriptAsRawText(ScriptEngine.java:119)
	at com.kms.katalon.core.main.TestCaseExecutor.runScript(TestCaseExecutor.java:448)
	at com.kms.katalon.core.main.TestCaseExecutor.doExecute(TestCaseExecutor.java:439)
	at com.kms.katalon.core.main.TestCaseExecutor.processExecutionPhase(TestCaseExecutor.java:418)
	at com.kms.katalon.core.main.TestCaseExecutor.accessMainPhase(TestCaseExecutor.java:410)
	at com.kms.katalon.core.main.TestCaseExecutor.execute(TestCaseExecutor.java:285)
	at com.kms.katalon.core.common.CommonExecutor.accessTestCaseMainPhase(CommonExecutor.java:65)
	at com.kms.katalon.core.main.TestSuiteExecutor.accessTestSuiteMainPhase(TestSuiteExecutor.java:150)
	at com.kms.katalon.core.main.TestSuiteExecutor.execute(TestSuiteExecutor.java:106)
	at com.kms.katalon.core.main.TestCaseMain.startTestSuite(TestCaseMain.java:180)
	at com.kms.katalon.core.main.TestCaseMain$startTestSuite$0.call(Unknown Source)
	at TempTestSuite1761139058037.run(TempTestSuite1761139058037.groovy:35)
	at java.base/jdk.internal.reflect.NativeMethodAccessorImpl.invoke0(Native Method)
	at java.base/jdk.internal.reflect.NativeMethodAccessorImpl.invoke(NativeMethodAccessorImpl.java:77)
	at java.base/jdk.internal.reflect.DelegatingMethodAccessorImpl.invoke(DelegatingMethodAccessorImpl.java:43)
)

22-10-2025T09:33:00 - [TEST_STEP][PASSED] - click(findTestObject("TripFocus/SSO/SSO Orders Tab")): Object: 'Object Repository/TripFocus/SSO/SSO Orders Tab' is clicked on

22-10-2025T09:33:01 - [MESSAGE][PASSED] - Object: 'Object Repository/TripFocus/SSO/SSO Orders Tab' is clicked on

22-10-2025T09:33:01 - [TEST_STEP][PASSED] - waitForElementClickable(findTestObject("TripFocus/Orders/Advanced Filters_btn"), 30): Object 'Object Repository/TripFocus/Orders/Advanced Filters_btn' is clickable

22-10-2025T09:33:01 - [MESSAGE][PASSED] - Object 'Object Repository/TripFocus/Orders/Advanced Filters_btn' is clickable

22-10-2025T09:33:01 - [TEST_STEP][PASSED] - delay(1): Delayed 1 second(s)

22-10-2025T09:33:02 - [MESSAGE][PASSED] - Delayed 1 second(s)

22-10-2025T09:33:02 - [TEST_STEP][PASSED] - click(findTestObject("TripFocus/Orders/Advanced Filters_btn"), STOP_ON_FAILURE): Object: 'Object Repository/TripFocus/Orders/Advanced Filters_btn' is clicked on

22-10-2025T09:33:02 - [MESSAGE][PASSED] - Object: 'Object Repository/TripFocus/Orders/Advanced Filters_btn' is clicked on

22-10-2025T09:33:02 - [TEST_STEP][PASSED] - delay(2): Delayed 2 second(s)

22-10-2025T09:33:04 - [MESSAGE][PASSED] - Delayed 2 second(s)

22-10-2025T09:33:04 - [TEST_STEP][FAILED] - click(findTestObject("TripFocus/Orders/Advanced Filters/Basic Search Fields/Delivery_Site_txt"), STOP_ON_FAILURE): Unable to click on object 'Object Repository/TripFocus/Orders/Advanced Filters/Basic Search Fields/Delivery_Site_txt' (Root cause: com.kms.katalon.core.exception.StepFailedException: Unable to click on object 'Object Repository/TripFocus/Orders/Advanced Filters/Basic Search Fields/Delivery_Site_txt'
	at com.kms.katalon.core.webui.keyword.internal.WebUIKeywordMain.stepFailed(WebUIKeywordMain.groovy:117)
	at com.kms.katalon.core.webui.keyword.internal.WebUIKeywordMain.runKeyword(WebUIKeywordMain.groovy:43)
	at com.kms.katalon.core.webui.keyword.builtin.ClickKeyword.click(ClickKeyword.groovy:74)
	at com.kms.katalon.core.webui.keyword.builtin.ClickKeyword.execute(ClickKeyword.groovy:40)
	at com.kms.katalon.core.keyword.internal.KeywordExecutor.executeKeywordForPlatform(KeywordExecutor.groovy:74)
	at com.kms.katalon.core.webui.keyword.WebUiBuiltInKeywords.click(WebUiBuiltInKeywords.groovy:647)
	at com.kms.katalon.core.webui.keyword.WebUiBuiltInKeywords$click$6.call(Unknown Source)
	at FDG - Advanced Filter - Delivery Site.run(FDG - Advanced Filter - Delivery Site:58)
	at com.kms.katalon.core.main.ScriptEngine.run(ScriptEngine.java:194)
	at com.kms.katalon.core.main.ScriptEngine.runScriptAsRawText(ScriptEngine.java:119)
	at com.kms.katalon.core.main.TestCaseExecutor.runScript(TestCaseExecutor.java:448)
	at com.kms.katalon.core.main.TestCaseExecutor.doExecute(TestCaseExecutor.java:439)
	at com.kms.katalon.core.main.TestCaseExecutor.processExecutionPhase(TestCaseExecutor.java:418)
	at com.kms.katalon.core.main.TestCaseExecutor.accessMainPhase(TestCaseExecutor.java:410)
	at com.kms.katalon.core.main.TestCaseExecutor.execute(TestCaseExecutor.java:285)
	at com.kms.katalon.core.common.CommonExecutor.accessTestCaseMainPhase(CommonExecutor.java:65)
	at com.kms.katalon.core.main.TestSuiteExecutor.accessTestSuiteMainPhase(TestSuiteExecutor.java:150)
	at com.kms.katalon.core.main.TestSuiteExecutor.execute(TestSuiteExecutor.java:106)
	at com.kms.katalon.core.main.TestCaseMain.startTestSuite(TestCaseMain.java:180)
	at com.kms.katalon.core.main.TestCaseMain$startTestSuite$0.call(Unknown Source)
	at TempTestSuite1761139058037.run(TempTestSuite1761139058037.groovy:35)
	at java.base/jdk.internal.reflect.NativeMethodAccessorImpl.invoke0(Native Method)
	at java.base/jdk.internal.reflect.NativeMethodAccessorImpl.invoke(NativeMethodAccessorImpl.java:77)
	at java.base/jdk.internal.reflect.DelegatingMethodAccessorImpl.invoke(DelegatingMethodAccessorImpl.java:43)
Caused by: com.kms.katalon.core.webui.exception.WebElementNotFoundException: Web element with id: 'Object Repository/TripFocus/Orders/Advanced Filters/Basic Search Fields/Delivery_Site_txt' located by '/html/body/div/div[2]/div/main/div/div[2]/div/div[2]/div/div/div[1]/div/div/div[2]/div[2]/div/div/div[2]/span' not found
	at com.kms.katalon.core.webui.common.WebUiCommonHelper.findWebElement(WebUiCommonHelper.java:1423)
	at com.kms.katalon.core.webui.keyword.internal.WebUIAbstractKeyword.findWebElement(WebUIAbstractKeyword.groovy:27)
	at com.kms.katalon.core.webui.keyword.builtin.ClickKeyword$_click_closure1.doCall(ClickKeyword.groovy:65)
	at com.kms.katalon.core.webui.keyword.builtin.ClickKeyword$_click_closure1.call(ClickKeyword.groovy)
	at com.kms.katalon.core.webui.keyword.internal.WebUIKeywordMain.runKeyword(WebUIKeywordMain.groovy:35)
	at com.kms.katalon.core.webui.keyword.builtin.ClickKeyword.click(ClickKeyword.groovy:74)
	at com.kms.katalon.core.webui.keyword.builtin.ClickKeyword.execute(ClickKeyword.groovy:40)
	at com.kms.katalon.core.keyword.internal.KeywordExecutor.executeKeywordForPlatform(KeywordExecutor.groovy:74)
	at com.kms.katalon.core.webui.keyword.WebUiBuiltInKeywords.click(WebUiBuiltInKeywords.groovy:647)
	at com.kms.katalon.core.webui.keyword.WebUiBuiltInKeywords$click$6.call(Unknown Source)
	at Script1745007471257.run(Script1745007471257.groovy:58)
	... 16 more
)

22-10-2025T09:33:20 - [MESSAGE][INFO] - Unable to find the element located by 'By.xpath: /html/body/div/div[2]/div/main/div/div[2]/div/div[2]/div/div/div[1]/div/div/div[2]/div[2]/div/div/div[2]/span'. Please recheck the objects properties to make sure the desired element is located. 

22-10-2025T09:33:20 - [MESSAGE][WARNING] - [SELF-HEALING] Failed to find element with id 'Object Repository/TripFocus/Orders/Advanced Filters/Basic Search Fields/Delivery_Site_txt'. Try using Self-healing.

22-10-2025T09:33:21 - [MESSAGE][INFO] - [SELF-HEALING] No working XPath is found.

22-10-2025T09:33:23 - [MESSAGE][INFO] - Unable to find the element located by 'By.xpath: '. Please recheck the objects properties to make sure the desired element is located. 

22-10-2025T09:33:23 - [MESSAGE][WARNING] - [SELF-HEALING] Cannot find elements when the selector is null

22-10-2025T09:33:23 - [MESSAGE][FAILED] - Unable to click on object 'Object Repository/TripFocus/Orders/Advanced Filters/Basic Search Fields/Delivery_Site_txt' (Root cause: com.kms.katalon.core.exception.StepFailedException: Unable to click on object 'Object Repository/TripFocus/Orders/Advanced Filters/Basic Search Fields/Delivery_Site_txt'
	at com.kms.katalon.core.webui.keyword.internal.WebUIKeywordMain.stepFailed(WebUIKeywordMain.groovy:117)
	at com.kms.katalon.core.webui.keyword.internal.WebUIKeywordMain.runKeyword(WebUIKeywordMain.groovy:43)
	at com.kms.katalon.core.webui.keyword.builtin.ClickKeyword.click(ClickKeyword.groovy:74)
	at com.kms.katalon.core.webui.keyword.builtin.ClickKeyword.execute(ClickKeyword.groovy:40)
	at com.kms.katalon.core.keyword.internal.KeywordExecutor.executeKeywordForPlatform(KeywordExecutor.groovy:74)
	at com.kms.katalon.core.webui.keyword.WebUiBuiltInKeywords.click(WebUiBuiltInKeywords.groovy:647)
	at com.kms.katalon.core.webui.keyword.WebUiBuiltInKeywords$click$6.call(Unknown Source)
	at FDG - Advanced Filter - Delivery Site.run(FDG - Advanced Filter - Delivery Site:58)
	at com.kms.katalon.core.main.ScriptEngine.run(ScriptEngine.java:194)
	at com.kms.katalon.core.main.ScriptEngine.runScriptAsRawText(ScriptEngine.java:119)
	at com.kms.katalon.core.main.TestCaseExecutor.runScript(TestCaseExecutor.java:448)
	at com.kms.katalon.core.main.TestCaseExecutor.doExecute(TestCaseExecutor.java:439)
	at com.kms.katalon.core.main.TestCaseExecutor.processExecutionPhase(TestCaseExecutor.java:418)
	at com.kms.katalon.core.main.TestCaseExecutor.accessMainPhase(TestCaseExecutor.java:410)
	at com.kms.katalon.core.main.TestCaseExecutor.execute(TestCaseExecutor.java:285)
	at com.kms.katalon.core.common.CommonExecutor.accessTestCaseMainPhase(CommonExecutor.java:65)
	at com.kms.katalon.core.main.TestSuiteExecutor.accessTestSuiteMainPhase(TestSuiteExecutor.java:150)
	at com.kms.katalon.core.main.TestSuiteExecutor.execute(TestSuiteExecutor.java:106)
	at com.kms.katalon.core.main.TestCaseMain.startTestSuite(TestCaseMain.java:180)
	at com.kms.katalon.core.main.TestCaseMain$startTestSuite$0.call(Unknown Source)
	at TempTestSuite1761139058037.run(TempTestSuite1761139058037.groovy:35)
	at java.base/jdk.internal.reflect.NativeMethodAccessorImpl.invoke0(Native Method)
	at java.base/jdk.internal.reflect.NativeMethodAccessorImpl.invoke(NativeMethodAccessorImpl.java:77)
	at java.base/jdk.internal.reflect.DelegatingMethodAccessorImpl.invoke(DelegatingMethodAccessorImpl.java:43)
Caused by: com.kms.katalon.core.webui.exception.WebElementNotFoundException: Web element with id: 'Object Repository/TripFocus/Orders/Advanced Filters/Basic Search Fields/Delivery_Site_txt' located by '/html/body/div/div[2]/div/main/div/div[2]/div/div[2]/div/div/div[1]/div/div/div[2]/div[2]/div/div/div[2]/span' not found
	at com.kms.katalon.core.webui.common.WebUiCommonHelper.findWebElement(WebUiCommonHelper.java:1423)
	at com.kms.katalon.core.webui.keyword.internal.WebUIAbstractKeyword.findWebElement(WebUIAbstractKeyword.groovy:27)
	at com.kms.katalon.core.webui.keyword.builtin.ClickKeyword$_click_closure1.doCall(ClickKeyword.groovy:65)
	at com.kms.katalon.core.webui.keyword.builtin.ClickKeyword$_click_closure1.call(ClickKeyword.groovy)
	at com.kms.katalon.core.webui.keyword.internal.WebUIKeywordMain.runKeyword(WebUIKeywordMain.groovy:35)
	at com.kms.katalon.core.webui.keyword.builtin.ClickKeyword.click(ClickKeyword.groovy:74)
	at com.kms.katalon.core.webui.keyword.builtin.ClickKeyword.execute(ClickKeyword.groovy:40)
	at com.kms.katalon.core.keyword.internal.KeywordExecutor.executeKeywordForPlatform(KeywordExecutor.groovy:74)
	at com.kms.katalon.core.webui.keyword.WebUiBuiltInKeywords.click(WebUiBuiltInKeywords.groovy:647)
	at com.kms.katalon.core.webui.keyword.WebUiBuiltInKeywords$click$6.call(Unknown Source)
	at Script1745007471257.run(Script1745007471257.groovy:58)
	... 16 more
)

22-10-2025T09:33:23 - [TEST_STEP][PASSED] - Start listener action : retryOnDisconnect: Current window's url is: 'https://www.qa.tripfocus.com/order-tenders'

22-10-2025T09:33:23 - [TEST_STEP][PASSED] - tcId = testCaseContext.getTestCaseId(): null

22-10-2025T09:33:23 - [TEST_STEP][PASSED] - currentRetry = retryCounts.getOrDefault(tcId, 0): null

22-10-2025T09:33:23 - [TEST_STEP][PASSED] - if (testCaseContext.getTestCaseStatus() == "FAILED" && currentRetry < MAX_RETRIES): Current window's url is: 'https://www.qa.tripfocus.com/order-tenders'

22-10-2025T09:33:23 - [TEST_STEP][PASSED] - try: Current window's url is: 'https://www.qa.tripfocus.com/order-tenders'

22-10-2025T09:33:23 - [TEST_STEP][PASSED] - comment(Checking for WebDriver disconnect for test case: $tcId): Checking for WebDriver disconnect for test case: Test Cases/TripFocus/FDG/FDG - Orders/FDG - Advanced Filter - Delivery Site

22-10-2025T09:33:23 - [MESSAGE][INFO] - Checking for WebDriver disconnect for test case: Test Cases/TripFocus/FDG/FDG - Orders/FDG - Advanced Filter - Delivery Site

22-10-2025T09:33:23 - [TEST_STEP][PASSED] - getUrl(): Current window's url is: 'https://www.qa.tripfocus.com/order-tenders'

22-10-2025T09:33:23 - [MESSAGE][PASSED] - Current window's url is: 'https://www.qa.tripfocus.com/order-tenders']]></system-out>
         <system-err><![CDATA[22-10-2025T09:32:19 - [TEST_CASE][FAILED] - Test Cases/TripFocus/FDG/FDG - Orders/FDG - Advanced Filter - Delivery Site: Test Cases/TripFocus/FDG/FDG - Orders/FDG - Advanced Filter - Delivery Site FAILED.
Reason:
com.kms.katalon.core.exception.StepFailedException: Unable to click on object 'Object Repository/TripFocus/Orders/Advanced Filters/Basic Search Fields/Delivery_Site_txt'
	at com.kms.katalon.core.webui.keyword.internal.WebUIKeywordMain.stepFailed(WebUIKeywordMain.groovy:117)
	at com.kms.katalon.core.webui.keyword.internal.WebUIKeywordMain.runKeyword(WebUIKeywordMain.groovy:43)
	at com.kms.katalon.core.webui.keyword.builtin.ClickKeyword.click(ClickKeyword.groovy:74)
	at com.kms.katalon.core.webui.keyword.builtin.ClickKeyword.execute(ClickKeyword.groovy:40)
	at com.kms.katalon.core.keyword.internal.KeywordExecutor.executeKeywordForPlatform(KeywordExecutor.groovy:74)
	at com.kms.katalon.core.webui.keyword.WebUiBuiltInKeywords.click(WebUiBuiltInKeywords.groovy:647)
	at com.kms.katalon.core.webui.keyword.WebUiBuiltInKeywords$click$6.call(Unknown Source)
	at FDG - Advanced Filter - Delivery Site.run(FDG - Advanced Filter - Delivery Site:58)
	at com.kms.katalon.core.main.ScriptEngine.run(ScriptEngine.java:194)
	at com.kms.katalon.core.main.ScriptEngine.runScriptAsRawText(ScriptEngine.java:119)
	at com.kms.katalon.core.main.TestCaseExecutor.runScript(TestCaseExecutor.java:448)
	at com.kms.katalon.core.main.TestCaseExecutor.doExecute(TestCaseExecutor.java:439)
	at com.kms.katalon.core.main.TestCaseExecutor.processExecutionPhase(TestCaseExecutor.java:418)
	at com.kms.katalon.core.main.TestCaseExecutor.accessMainPhase(TestCaseExecutor.java:410)
	at com.kms.katalon.core.main.TestCaseExecutor.execute(TestCaseExecutor.java:285)
	at com.kms.katalon.core.common.CommonExecutor.accessTestCaseMainPhase(CommonExecutor.java:65)
	at com.kms.katalon.core.main.TestSuiteExecutor.accessTestSuiteMainPhase(TestSuiteExecutor.java:150)
	at com.kms.katalon.core.main.TestSuiteExecutor.execute(TestSuiteExecutor.java:106)
	at com.kms.katalon.core.main.TestCaseMain.startTestSuite(TestCaseMain.java:180)
	at com.kms.katalon.core.main.TestCaseMain$startTestSuite$0.call(Unknown Source)
	at TempTestSuite1761139058037.run(TempTestSuite1761139058037.groovy:35)
	at java.base/jdk.internal.reflect.NativeMethodAccessorImpl.invoke0(Native Method)
	at java.base/jdk.internal.reflect.NativeMethodAccessorImpl.invoke(NativeMethodAccessorImpl.java:77)
	at java.base/jdk.internal.reflect.DelegatingMethodAccessorImpl.invoke(DelegatingMethodAccessorImpl.java:43)
Caused by: com.kms.katalon.core.webui.exception.WebElementNotFoundException: Web element with id: 'Object Repository/TripFocus/Orders/Advanced Filters/Basic Search Fields/Delivery_Site_txt' located by '/html/body/div/div[2]/div/main/div/div[2]/div/div[2]/div/div/div[1]/div/div/div[2]/div[2]/div/div/div[2]/span' not found
	at com.kms.katalon.core.webui.common.WebUiCommonHelper.findWebElement(WebUiCommonHelper.java:1423)
	at com.kms.katalon.core.webui.keyword.internal.WebUIAbstractKeyword.findWebElement(WebUIAbstractKeyword.groovy:27)
	at com.kms.katalon.core.webui.keyword.builtin.ClickKeyword$_click_closure1.doCall(ClickKeyword.groovy:65)
	at com.kms.katalon.core.webui.keyword.builtin.ClickKeyword$_click_closure1.call(ClickKeyword.groovy)
	at com.kms.katalon.core.webui.keyword.internal.WebUIKeywordMain.runKeyword(WebUIKeywordMain.groovy:35)
	... 22 more]]></system-err>
      </testcase>
      <testcase name="Test Cases/TripFocus/FDG/FDG - Orders/FDG - Advanced Filter - Delivery State" time="65.975" classname="Test Cases/TripFocus/FDG/FDG - Orders/FDG - Advanced Filter - Delivery State" status="FAILED">
         <failure type="FAILED" message="Test Cases/TripFocus/FDG/FDG - Orders/FDG - Advanced Filter - Delivery State FAILED.&#xa;Reason:&#xa;com.kms.katalon.core.exception.StepFailedException: Unable to click on object 'Object Repository/TripFocus/Orders/Advanced Filters/Advanced Search Fields/Delivery_State_dropdown'&#xa;	at com.kms.katalon.core.webui.keyword.internal.WebUIKeywordMain.stepFailed(WebUIKeywordMain.groovy:117)&#xa;	at com.kms.katalon.core.webui.keyword.internal.WebUIKeywordMain.runKeyword(WebUIKeywordMain.groovy:43)&#xa;	at com.kms.katalon.core.webui.keyword.builtin.ClickKeyword.click(ClickKeyword.groovy:74)&#xa;	at com.kms.katalon.core.webui.keyword.builtin.ClickKeyword.execute(ClickKeyword.groovy:40)&#xa;	at com.kms.katalon.core.keyword.internal.KeywordExecutor.executeKeywordForPlatform(KeywordExecutor.groovy:74)&#xa;	at com.kms.katalon.core.webui.keyword.WebUiBuiltInKeywords.click(WebUiBuiltInKeywords.groovy:659)&#xa;	at com.kms.katalon.core.webui.keyword.WebUiBuiltInKeywords$click$1.call(Unknown Source)&#xa;	at FDG - Advanced Filter - Delivery State.run(FDG - Advanced Filter - Delivery State:59)&#xa;	at com.kms.katalon.core.main.ScriptEngine.run(ScriptEngine.java:194)&#xa;	at com.kms.katalon.core.main.ScriptEngine.runScriptAsRawText(ScriptEngine.java:119)&#xa;	at com.kms.katalon.core.main.TestCaseExecutor.runScript(TestCaseExecutor.java:448)&#xa;	at com.kms.katalon.core.main.TestCaseExecutor.doExecute(TestCaseExecutor.java:439)&#xa;	at com.kms.katalon.core.main.TestCaseExecutor.processExecutionPhase(TestCaseExecutor.java:418)&#xa;	at com.kms.katalon.core.main.TestCaseExecutor.accessMainPhase(TestCaseExecutor.java:410)&#xa;	at com.kms.katalon.core.main.TestCaseExecutor.execute(TestCaseExecutor.java:285)&#xa;	at com.kms.katalon.core.common.CommonExecutor.accessTestCaseMainPhase(CommonExecutor.java:65)&#xa;	at com.kms.katalon.core.main.TestSuiteExecutor.accessTestSuiteMainPhase(TestSuiteExecutor.java:150)&#xa;	at com.kms.katalon.core.main.TestSuiteExecutor.execute(TestSuiteExecutor.java:106)&#xa;	at com.kms.katalon.core.main.TestCaseMain.startTestSuite(TestCaseMain.java:180)&#xa;	at com.kms.katalon.core.main.TestCaseMain$startTestSuite$0.call(Unknown Source)&#xa;	at TempTestSuite1761139058037.run(TempTestSuite1761139058037.groovy:35)&#xa;	at java.base/jdk.internal.reflect.NativeMethodAccessorImpl.invoke0(Native Method)&#xa;	at java.base/jdk.internal.reflect.NativeMethodAccessorImpl.invoke(NativeMethodAccessorImpl.java:77)&#xa;	at java.base/jdk.internal.reflect.DelegatingMethodAccessorImpl.invoke(DelegatingMethodAccessorImpl.java:43)&#xa;Caused by: com.kms.katalon.core.webui.exception.WebElementNotFoundException: Web element with id: 'Object Repository/TripFocus/Orders/Advanced Filters/Advanced Search Fields/Delivery_State_dropdown' located by '/html/body/div/div[2]/div/main/div/div[2]/div/div[2]/div/div/div[2]/div/div/div[4]/div[2]/div/div/div[1]' not found&#xa;	at com.kms.katalon.core.webui.common.WebUiCommonHelper.findWebElement(WebUiCommonHelper.java:1423)&#xa;	at com.kms.katalon.core.webui.keyword.internal.WebUIAbstractKeyword.findWebElement(WebUIAbstractKeyword.groovy:27)&#xa;	at com.kms.katalon.core.webui.keyword.builtin.ClickKeyword$_click_closure1.doCall(ClickKeyword.groovy:65)&#xa;	at com.kms.katalon.core.webui.keyword.builtin.ClickKeyword$_click_closure1.call(ClickKeyword.groovy)&#xa;	at com.kms.katalon.core.webui.keyword.internal.WebUIKeywordMain.runKeyword(WebUIKeywordMain.groovy:35)&#xa;	... 22 more&#xa;"/>
         <system-out><![CDATA[22-10-2025T09:33:23 - [TEST_CASE][FAILED] - Test Cases/TripFocus/FDG/FDG - Orders/FDG - Advanced Filter - Delivery State: Test Cases/TripFocus/FDG/FDG - Orders/FDG - Advanced Filter - Delivery State FAILED.
Reason:
com.kms.katalon.core.exception.StepFailedException: Unable to click on object 'Object Repository/TripFocus/Orders/Advanced Filters/Advanced Search Fields/Delivery_State_dropdown'
	at com.kms.katalon.core.webui.keyword.internal.WebUIKeywordMain.stepFailed(WebUIKeywordMain.groovy:117)
	at com.kms.katalon.core.webui.keyword.internal.WebUIKeywordMain.runKeyword(WebUIKeywordMain.groovy:43)
	at com.kms.katalon.core.webui.keyword.builtin.ClickKeyword.click(ClickKeyword.groovy:74)
	at com.kms.katalon.core.webui.keyword.builtin.ClickKeyword.execute(ClickKeyword.groovy:40)
	at com.kms.katalon.core.keyword.internal.KeywordExecutor.executeKeywordForPlatform(KeywordExecutor.groovy:74)
	at com.kms.katalon.core.webui.keyword.WebUiBuiltInKeywords.click(WebUiBuiltInKeywords.groovy:659)
	at com.kms.katalon.core.webui.keyword.WebUiBuiltInKeywords$click$1.call(Unknown Source)
	at FDG - Advanced Filter - Delivery State.run(FDG - Advanced Filter - Delivery State:59)
	at com.kms.katalon.core.main.ScriptEngine.run(ScriptEngine.java:194)
	at com.kms.katalon.core.main.ScriptEngine.runScriptAsRawText(ScriptEngine.java:119)
	at com.kms.katalon.core.main.TestCaseExecutor.runScript(TestCaseExecutor.java:448)
	at com.kms.katalon.core.main.TestCaseExecutor.doExecute(TestCaseExecutor.java:439)
	at com.kms.katalon.core.main.TestCaseExecutor.processExecutionPhase(TestCaseExecutor.java:418)
	at com.kms.katalon.core.main.TestCaseExecutor.accessMainPhase(TestCaseExecutor.java:410)
	at com.kms.katalon.core.main.TestCaseExecutor.execute(TestCaseExecutor.java:285)
	at com.kms.katalon.core.common.CommonExecutor.accessTestCaseMainPhase(CommonExecutor.java:65)
	at com.kms.katalon.core.main.TestSuiteExecutor.accessTestSuiteMainPhase(TestSuiteExecutor.java:150)
	at com.kms.katalon.core.main.TestSuiteExecutor.execute(TestSuiteExecutor.java:106)
	at com.kms.katalon.core.main.TestCaseMain.startTestSuite(TestCaseMain.java:180)
	at com.kms.katalon.core.main.TestCaseMain$startTestSuite$0.call(Unknown Source)
	at TempTestSuite1761139058037.run(TempTestSuite1761139058037.groovy:35)
	at java.base/jdk.internal.reflect.NativeMethodAccessorImpl.invoke0(Native Method)
	at java.base/jdk.internal.reflect.NativeMethodAccessorImpl.invoke(NativeMethodAccessorImpl.java:77)
	at java.base/jdk.internal.reflect.DelegatingMethodAccessorImpl.invoke(DelegatingMethodAccessorImpl.java:43)
Caused by: com.kms.katalon.core.webui.exception.WebElementNotFoundException: Web element with id: 'Object Repository/TripFocus/Orders/Advanced Filters/Advanced Search Fields/Delivery_State_dropdown' located by '/html/body/div/div[2]/div/main/div/div[2]/div/div[2]/div/div/div[2]/div/div/div[4]/div[2]/div/div/div[1]' not found
	at com.kms.katalon.core.webui.common.WebUiCommonHelper.findWebElement(WebUiCommonHelper.java:1423)
	at com.kms.katalon.core.webui.keyword.internal.WebUIAbstractKeyword.findWebElement(WebUIAbstractKeyword.groovy:27)
	at com.kms.katalon.core.webui.keyword.builtin.ClickKeyword$_click_closure1.doCall(ClickKeyword.groovy:65)
	at com.kms.katalon.core.webui.keyword.builtin.ClickKeyword$_click_closure1.call(ClickKeyword.groovy)
	at com.kms.katalon.core.webui.keyword.internal.WebUIKeywordMain.runKeyword(WebUIKeywordMain.groovy:35)
	... 22 more


22-10-2025T09:33:23 - [TEST_STEP][PASSED] - Start listener action : beforeTestCase: null

22-10-2025T09:33:23 - [TEST_STEP][PASSED] - addDefaultPackages(): null

22-10-2025T09:33:23 - [TEST_STEP][PASSED] - openBrowser(""): Browser is opened with url: ''

22-10-2025T09:33:23 - [MESSAGE][WARNING] - A browser is already opened. Closing browser and opening a new one

22-10-2025T09:33:24 - [MESSAGE][INFO] - Starting 'Chrome' driver

22-10-2025T09:33:24 - [MESSAGE][INFO] - User set preference: ['args', '[--no-sandbox, --disable-gpu, --disable-dev-shm-usage]']

22-10-2025T09:33:24 - [MESSAGE][INFO] - Action delay is set to 0 milliseconds

22-10-2025T09:33:24 - [MESSAGE][PASSED] - Browser is opened with url: ''

22-10-2025T09:33:24 - [TEST_STEP][PASSED] - navigateToUrl(TFBaseURL): Navigate to 'https://www.qa.tripfocus.com' successfully

22-10-2025T09:33:25 - [MESSAGE][PASSED] - Navigate to 'https://www.qa.tripfocus.com' successfully

22-10-2025T09:33:25 - [TEST_STEP][PASSED] - click(findTestObject("Object Repository/TripFocus/Page_TripFocus/button_Sign in")): Object: 'Object Repository/TripFocus/Page_TripFocus/button_Sign in' is clicked on

22-10-2025T09:33:25 - [MESSAGE][PASSED] - Object: 'Object Repository/TripFocus/Page_TripFocus/button_Sign in' is clicked on

22-10-2025T09:33:25 - [TEST_STEP][PASSED] - setText(findTestObject("Object Repository/TripFocus/Page_TripFocus/input_Username (e.g. email address)_Username"), TripFocusFDGUsername): Text 'Ashford.Chenault+QACustomerFDGONLY@thekag.com' is set on object 'Object Repository/TripFocus/Page_TripFocus/input_Username (e.g. email address)_Username'

22-10-2025T09:33:26 - [MESSAGE][PASSED] - Text 'Ashford.Chenault+QACustomerFDGONLY@thekag.com' is set on object 'Object Repository/TripFocus/Page_TripFocus/input_Username (e.g. email address)_Username'

22-10-2025T09:33:26 - [TEST_STEP][PASSED] - setText(findTestObject("Object Repository/TripFocus/Page_TripFocus/input_Password_Password"), TripFocusFDGSPGPassword): Text 'CrashBan911!!' is set on object 'Object Repository/TripFocus/Page_TripFocus/input_Password_Password'

22-10-2025T09:33:26 - [MESSAGE][PASSED] - Text 'CrashBan911!!' is set on object 'Object Repository/TripFocus/Page_TripFocus/input_Password_Password'

22-10-2025T09:33:26 - [TEST_STEP][PASSED] - click(findTestObject("Object Repository/TripFocus/Page_TripFocus/button_Login")): Object: 'Object Repository/TripFocus/Page_TripFocus/button_Login' is clicked on

22-10-2025T09:33:27 - [MESSAGE][PASSED] - Object: 'Object Repository/TripFocus/Page_TripFocus/button_Login' is clicked on

22-10-2025T09:33:27 - [TEST_STEP][PASSED] - maximizeWindow(): Current window maximized

22-10-2025T09:33:27 - [MESSAGE][PASSED] - Current window maximized

22-10-2025T09:33:27 - [TEST_STEP][PASSED] - waitForElementVisible(findTestObject("TripFocus/Testing_Notification_btn"), 15, OPTIONAL): Web element with id: 'Object Repository/TripFocus/Testing_Notification_btn' located by '//*[@id="__BVID__10___BV_modal_footer_"]/button' not found

22-10-2025T09:33:43 - [MESSAGE][INFO] - Unable to find the element located by 'By.xpath: //*[@id="__BVID__10___BV_modal_footer_"]/button'. Please recheck the objects properties to make sure the desired element is located. 

22-10-2025T09:33:43 - [MESSAGE][WARNING] - [SELF-HEALING] Failed to find element with id 'Object Repository/TripFocus/Testing_Notification_btn'. Try using Self-healing.

22-10-2025T09:33:44 - [MESSAGE][INFO] - [SELF-HEALING] No working XPath is found.

22-10-2025T09:33:46 - [MESSAGE][INFO] - Unable to find the element located by 'By.xpath: '. Please recheck the objects properties to make sure the desired element is located. 

22-10-2025T09:33:46 - [MESSAGE][WARNING] - [SELF-HEALING] Cannot find elements when the selector is null

22-10-2025T09:33:46 - [MESSAGE][WARNING] - Web element with id: 'Object Repository/TripFocus/Testing_Notification_btn' located by '//*[@id="__BVID__10___BV_modal_footer_"]/button' not found

22-10-2025T09:33:46 - [TEST_STEP][PASSED] - if (verifyElementVisible(findTestObject("TripFocus/Testing_Notification_btn"), OPTIONAL) == true): Web element with id: 'Object Repository/TripFocus/Testing_Notification_btn' located by '//*[@id="__BVID__10___BV_modal_footer_"]/button' not found (Root cause: com.kms.katalon.core.exception.StepFailedException: Web element with id: 'Object Repository/TripFocus/Testing_Notification_btn' located by '//*[@id="__BVID__10___BV_modal_footer_"]/button' not found
	at com.kms.katalon.core.webui.keyword.internal.WebUIKeywordMain.stepFailed(WebUIKeywordMain.groovy:117)
	at com.kms.katalon.core.webui.keyword.builtin.VerifyElementVisibleKeyword$_verifyElementVisible_closure1.doCall(VerifyElementVisibleKeyword.groovy:89)
	at com.kms.katalon.core.webui.keyword.builtin.VerifyElementVisibleKeyword$_verifyElementVisible_closure1.call(VerifyElementVisibleKeyword.groovy)
	at com.kms.katalon.core.webui.keyword.internal.WebUIKeywordMain.runKeyword(WebUIKeywordMain.groovy:35)
	at com.kms.katalon.core.webui.keyword.builtin.VerifyElementVisibleKeyword.verifyElementVisible(VerifyElementVisibleKeyword.groovy:97)
	at com.kms.katalon.core.webui.keyword.builtin.VerifyElementVisibleKeyword.execute(VerifyElementVisibleKeyword.groovy:67)
	at com.kms.katalon.core.keyword.internal.KeywordExecutor.executeKeywordForPlatform(KeywordExecutor.groovy:74)
	at com.kms.katalon.core.webui.keyword.WebUiBuiltInKeywords.verifyElementVisible(WebUiBuiltInKeywords.groovy:401)
	at com.kms.katalon.core.webui.keyword.WebUiBuiltInKeywords$verifyElementVisible$5.call(Unknown Source)
	at FDG - Advanced Filter - Delivery State.run(FDG - Advanced Filter - Delivery State:38)
	at com.kms.katalon.core.main.ScriptEngine.run(ScriptEngine.java:194)
	at com.kms.katalon.core.main.ScriptEngine.runScriptAsRawText(ScriptEngine.java:119)
	at com.kms.katalon.core.main.TestCaseExecutor.runScript(TestCaseExecutor.java:448)
	at com.kms.katalon.core.main.TestCaseExecutor.doExecute(TestCaseExecutor.java:439)
	at com.kms.katalon.core.main.TestCaseExecutor.processExecutionPhase(TestCaseExecutor.java:418)
	at com.kms.katalon.core.main.TestCaseExecutor.accessMainPhase(TestCaseExecutor.java:410)
	at com.kms.katalon.core.main.TestCaseExecutor.execute(TestCaseExecutor.java:285)
	at com.kms.katalon.core.common.CommonExecutor.accessTestCaseMainPhase(CommonExecutor.java:65)
	at com.kms.katalon.core.main.TestSuiteExecutor.accessTestSuiteMainPhase(TestSuiteExecutor.java:150)
	at com.kms.katalon.core.main.TestSuiteExecutor.execute(TestSuiteExecutor.java:106)
	at com.kms.katalon.core.main.TestCaseMain.startTestSuite(TestCaseMain.java:180)
	at com.kms.katalon.core.main.TestCaseMain$startTestSuite$0.call(Unknown Source)
	at TempTestSuite1761139058037.run(TempTestSuite1761139058037.groovy:35)
	at java.base/jdk.internal.reflect.NativeMethodAccessorImpl.invoke0(Native Method)
	at java.base/jdk.internal.reflect.NativeMethodAccessorImpl.invoke(NativeMethodAccessorImpl.java:77)
	at java.base/jdk.internal.reflect.DelegatingMethodAccessorImpl.invoke(DelegatingMethodAccessorImpl.java:43)
)

22-10-2025T09:34:02 - [MESSAGE][INFO] - Unable to find the element located by 'By.xpath: //*[@id="__BVID__10___BV_modal_footer_"]/button'. Please recheck the objects properties to make sure the desired element is located. 

22-10-2025T09:34:02 - [MESSAGE][WARNING] - [SELF-HEALING] Failed to find element with id 'Object Repository/TripFocus/Testing_Notification_btn'. Try using Self-healing.

22-10-2025T09:34:03 - [MESSAGE][INFO] - [SELF-HEALING] No working XPath is found.

22-10-2025T09:34:05 - [MESSAGE][INFO] - Unable to find the element located by 'By.xpath: '. Please recheck the objects properties to make sure the desired element is located. 

22-10-2025T09:34:05 - [MESSAGE][WARNING] - [SELF-HEALING] Cannot find elements when the selector is null

22-10-2025T09:34:05 - [MESSAGE][WARNING] - Web element with id: 'Object Repository/TripFocus/Testing_Notification_btn' located by '//*[@id="__BVID__10___BV_modal_footer_"]/button' not found (Root cause: com.kms.katalon.core.exception.StepFailedException: Web element with id: 'Object Repository/TripFocus/Testing_Notification_btn' located by '//*[@id="__BVID__10___BV_modal_footer_"]/button' not found
	at com.kms.katalon.core.webui.keyword.internal.WebUIKeywordMain.stepFailed(WebUIKeywordMain.groovy:117)
	at com.kms.katalon.core.webui.keyword.builtin.VerifyElementVisibleKeyword$_verifyElementVisible_closure1.doCall(VerifyElementVisibleKeyword.groovy:89)
	at com.kms.katalon.core.webui.keyword.builtin.VerifyElementVisibleKeyword$_verifyElementVisible_closure1.call(VerifyElementVisibleKeyword.groovy)
	at com.kms.katalon.core.webui.keyword.internal.WebUIKeywordMain.runKeyword(WebUIKeywordMain.groovy:35)
	at com.kms.katalon.core.webui.keyword.builtin.VerifyElementVisibleKeyword.verifyElementVisible(VerifyElementVisibleKeyword.groovy:97)
	at com.kms.katalon.core.webui.keyword.builtin.VerifyElementVisibleKeyword.execute(VerifyElementVisibleKeyword.groovy:67)
	at com.kms.katalon.core.keyword.internal.KeywordExecutor.executeKeywordForPlatform(KeywordExecutor.groovy:74)
	at com.kms.katalon.core.webui.keyword.WebUiBuiltInKeywords.verifyElementVisible(WebUiBuiltInKeywords.groovy:401)
	at com.kms.katalon.core.webui.keyword.WebUiBuiltInKeywords$verifyElementVisible$5.call(Unknown Source)
	at FDG - Advanced Filter - Delivery State.run(FDG - Advanced Filter - Delivery State:38)
	at com.kms.katalon.core.main.ScriptEngine.run(ScriptEngine.java:194)
	at com.kms.katalon.core.main.ScriptEngine.runScriptAsRawText(ScriptEngine.java:119)
	at com.kms.katalon.core.main.TestCaseExecutor.runScript(TestCaseExecutor.java:448)
	at com.kms.katalon.core.main.TestCaseExecutor.doExecute(TestCaseExecutor.java:439)
	at com.kms.katalon.core.main.TestCaseExecutor.processExecutionPhase(TestCaseExecutor.java:418)
	at com.kms.katalon.core.main.TestCaseExecutor.accessMainPhase(TestCaseExecutor.java:410)
	at com.kms.katalon.core.main.TestCaseExecutor.execute(TestCaseExecutor.java:285)
	at com.kms.katalon.core.common.CommonExecutor.accessTestCaseMainPhase(CommonExecutor.java:65)
	at com.kms.katalon.core.main.TestSuiteExecutor.accessTestSuiteMainPhase(TestSuiteExecutor.java:150)
	at com.kms.katalon.core.main.TestSuiteExecutor.execute(TestSuiteExecutor.java:106)
	at com.kms.katalon.core.main.TestCaseMain.startTestSuite(TestCaseMain.java:180)
	at com.kms.katalon.core.main.TestCaseMain$startTestSuite$0.call(Unknown Source)
	at TempTestSuite1761139058037.run(TempTestSuite1761139058037.groovy:35)
	at java.base/jdk.internal.reflect.NativeMethodAccessorImpl.invoke0(Native Method)
	at java.base/jdk.internal.reflect.NativeMethodAccessorImpl.invoke(NativeMethodAccessorImpl.java:77)
	at java.base/jdk.internal.reflect.DelegatingMethodAccessorImpl.invoke(DelegatingMethodAccessorImpl.java:43)
)

22-10-2025T09:34:05 - [TEST_STEP][PASSED] - click(findTestObject("TripFocus/SSO/SSO Orders Tab")): Object: 'Object Repository/TripFocus/SSO/SSO Orders Tab' is clicked on

22-10-2025T09:34:05 - [MESSAGE][PASSED] - Object: 'Object Repository/TripFocus/SSO/SSO Orders Tab' is clicked on

22-10-2025T09:34:05 - [TEST_STEP][PASSED] - waitForElementClickable(findTestObject("TripFocus/Orders/Advanced Filters_btn"), 30): Object 'Object Repository/TripFocus/Orders/Advanced Filters_btn' is clickable

22-10-2025T09:34:05 - [MESSAGE][PASSED] - Object 'Object Repository/TripFocus/Orders/Advanced Filters_btn' is clickable

22-10-2025T09:34:05 - [TEST_STEP][PASSED] - click(findTestObject("TripFocus/Orders/Advanced Filters_btn"), STOP_ON_FAILURE): Object: 'Object Repository/TripFocus/Orders/Advanced Filters_btn' is clicked on

22-10-2025T09:34:06 - [MESSAGE][PASSED] - Object: 'Object Repository/TripFocus/Orders/Advanced Filters_btn' is clicked on

22-10-2025T09:34:06 - [TEST_STEP][PASSED] - delay(2): Delayed 2 second(s)

22-10-2025T09:34:08 - [MESSAGE][PASSED] - Delayed 2 second(s)

22-10-2025T09:34:08 - [TEST_STEP][PASSED] - click(findTestObject("TripFocus/Orders/Advanced Filters/Advanced Search Fields/Advanced_Search_Fields_dropdown")): Object: 'Object Repository/TripFocus/Orders/Advanced Filters/Advanced Search Fields/Advanced_Search_Fields_dropdown' is clicked on

22-10-2025T09:34:08 - [MESSAGE][PASSED] - Object: 'Object Repository/TripFocus/Orders/Advanced Filters/Advanced Search Fields/Advanced_Search_Fields_dropdown' is clicked on

22-10-2025T09:34:08 - [TEST_STEP][PASSED] - delay(2): Delayed 2 second(s)

22-10-2025T09:34:10 - [MESSAGE][PASSED] - Delayed 2 second(s)

22-10-2025T09:34:10 - [TEST_STEP][FAILED] - click(findTestObject("TripFocus/Orders/Advanced Filters/Advanced Search Fields/Delivery_State_dropdown")): Unable to click on object 'Object Repository/TripFocus/Orders/Advanced Filters/Advanced Search Fields/Delivery_State_dropdown' (Root cause: com.kms.katalon.core.exception.StepFailedException: Unable to click on object 'Object Repository/TripFocus/Orders/Advanced Filters/Advanced Search Fields/Delivery_State_dropdown'
	at com.kms.katalon.core.webui.keyword.internal.WebUIKeywordMain.stepFailed(WebUIKeywordMain.groovy:117)
	at com.kms.katalon.core.webui.keyword.internal.WebUIKeywordMain.runKeyword(WebUIKeywordMain.groovy:43)
	at com.kms.katalon.core.webui.keyword.builtin.ClickKeyword.click(ClickKeyword.groovy:74)
	at com.kms.katalon.core.webui.keyword.builtin.ClickKeyword.execute(ClickKeyword.groovy:40)
	at com.kms.katalon.core.keyword.internal.KeywordExecutor.executeKeywordForPlatform(KeywordExecutor.groovy:74)
	at com.kms.katalon.core.webui.keyword.WebUiBuiltInKeywords.click(WebUiBuiltInKeywords.groovy:659)
	at com.kms.katalon.core.webui.keyword.WebUiBuiltInKeywords$click$1.call(Unknown Source)
	at FDG - Advanced Filter - Delivery State.run(FDG - Advanced Filter - Delivery State:59)
	at com.kms.katalon.core.main.ScriptEngine.run(ScriptEngine.java:194)
	at com.kms.katalon.core.main.ScriptEngine.runScriptAsRawText(ScriptEngine.java:119)
	at com.kms.katalon.core.main.TestCaseExecutor.runScript(TestCaseExecutor.java:448)
	at com.kms.katalon.core.main.TestCaseExecutor.doExecute(TestCaseExecutor.java:439)
	at com.kms.katalon.core.main.TestCaseExecutor.processExecutionPhase(TestCaseExecutor.java:418)
	at com.kms.katalon.core.main.TestCaseExecutor.accessMainPhase(TestCaseExecutor.java:410)
	at com.kms.katalon.core.main.TestCaseExecutor.execute(TestCaseExecutor.java:285)
	at com.kms.katalon.core.common.CommonExecutor.accessTestCaseMainPhase(CommonExecutor.java:65)
	at com.kms.katalon.core.main.TestSuiteExecutor.accessTestSuiteMainPhase(TestSuiteExecutor.java:150)
	at com.kms.katalon.core.main.TestSuiteExecutor.execute(TestSuiteExecutor.java:106)
	at com.kms.katalon.core.main.TestCaseMain.startTestSuite(TestCaseMain.java:180)
	at com.kms.katalon.core.main.TestCaseMain$startTestSuite$0.call(Unknown Source)
	at TempTestSuite1761139058037.run(TempTestSuite1761139058037.groovy:35)
	at java.base/jdk.internal.reflect.NativeMethodAccessorImpl.invoke0(Native Method)
	at java.base/jdk.internal.reflect.NativeMethodAccessorImpl.invoke(NativeMethodAccessorImpl.java:77)
	at java.base/jdk.internal.reflect.DelegatingMethodAccessorImpl.invoke(DelegatingMethodAccessorImpl.java:43)
Caused by: com.kms.katalon.core.webui.exception.WebElementNotFoundException: Web element with id: 'Object Repository/TripFocus/Orders/Advanced Filters/Advanced Search Fields/Delivery_State_dropdown' located by '/html/body/div/div[2]/div/main/div/div[2]/div/div[2]/div/div/div[2]/div/div/div[4]/div[2]/div/div/div[1]' not found
	at com.kms.katalon.core.webui.common.WebUiCommonHelper.findWebElement(WebUiCommonHelper.java:1423)
	at com.kms.katalon.core.webui.keyword.internal.WebUIAbstractKeyword.findWebElement(WebUIAbstractKeyword.groovy:27)
	at com.kms.katalon.core.webui.keyword.builtin.ClickKeyword$_click_closure1.doCall(ClickKeyword.groovy:65)
	at com.kms.katalon.core.webui.keyword.builtin.ClickKeyword$_click_closure1.call(ClickKeyword.groovy)
	at com.kms.katalon.core.webui.keyword.internal.WebUIKeywordMain.runKeyword(WebUIKeywordMain.groovy:35)
	at com.kms.katalon.core.webui.keyword.builtin.ClickKeyword.click(ClickKeyword.groovy:74)
	at com.kms.katalon.core.webui.keyword.builtin.ClickKeyword.execute(ClickKeyword.groovy:40)
	at com.kms.katalon.core.keyword.internal.KeywordExecutor.executeKeywordForPlatform(KeywordExecutor.groovy:74)
	at com.kms.katalon.core.webui.keyword.WebUiBuiltInKeywords.click(WebUiBuiltInKeywords.groovy:659)
	at com.kms.katalon.core.webui.keyword.WebUiBuiltInKeywords$click$1.call(Unknown Source)
	at Script1745007478936.run(Script1745007478936.groovy:59)
	... 16 more
)

22-10-2025T09:34:26 - [MESSAGE][INFO] - Unable to find the element located by 'By.xpath: /html/body/div/div[2]/div/main/div/div[2]/div/div[2]/div/div/div[2]/div/div/div[4]/div[2]/div/div/div[1]'. Please recheck the objects properties to make sure the desired element is located. 

22-10-2025T09:34:26 - [MESSAGE][WARNING] - [SELF-HEALING] Failed to find element with id 'Object Repository/TripFocus/Orders/Advanced Filters/Advanced Search Fields/Delivery_State_dropdown'. Try using Self-healing.

22-10-2025T09:34:27 - [MESSAGE][INFO] - [SELF-HEALING] No working XPath is found.

22-10-2025T09:34:29 - [MESSAGE][INFO] - Unable to find the element located by 'By.xpath: '. Please recheck the objects properties to make sure the desired element is located. 

22-10-2025T09:34:29 - [MESSAGE][WARNING] - [SELF-HEALING] Cannot find elements when the selector is null

22-10-2025T09:34:29 - [MESSAGE][FAILED] - Unable to click on object 'Object Repository/TripFocus/Orders/Advanced Filters/Advanced Search Fields/Delivery_State_dropdown' (Root cause: com.kms.katalon.core.exception.StepFailedException: Unable to click on object 'Object Repository/TripFocus/Orders/Advanced Filters/Advanced Search Fields/Delivery_State_dropdown'
	at com.kms.katalon.core.webui.keyword.internal.WebUIKeywordMain.stepFailed(WebUIKeywordMain.groovy:117)
	at com.kms.katalon.core.webui.keyword.internal.WebUIKeywordMain.runKeyword(WebUIKeywordMain.groovy:43)
	at com.kms.katalon.core.webui.keyword.builtin.ClickKeyword.click(ClickKeyword.groovy:74)
	at com.kms.katalon.core.webui.keyword.builtin.ClickKeyword.execute(ClickKeyword.groovy:40)
	at com.kms.katalon.core.keyword.internal.KeywordExecutor.executeKeywordForPlatform(KeywordExecutor.groovy:74)
	at com.kms.katalon.core.webui.keyword.WebUiBuiltInKeywords.click(WebUiBuiltInKeywords.groovy:659)
	at com.kms.katalon.core.webui.keyword.WebUiBuiltInKeywords$click$1.call(Unknown Source)
	at FDG - Advanced Filter - Delivery State.run(FDG - Advanced Filter - Delivery State:59)
	at com.kms.katalon.core.main.ScriptEngine.run(ScriptEngine.java:194)
	at com.kms.katalon.core.main.ScriptEngine.runScriptAsRawText(ScriptEngine.java:119)
	at com.kms.katalon.core.main.TestCaseExecutor.runScript(TestCaseExecutor.java:448)
	at com.kms.katalon.core.main.TestCaseExecutor.doExecute(TestCaseExecutor.java:439)
	at com.kms.katalon.core.main.TestCaseExecutor.processExecutionPhase(TestCaseExecutor.java:418)
	at com.kms.katalon.core.main.TestCaseExecutor.accessMainPhase(TestCaseExecutor.java:410)
	at com.kms.katalon.core.main.TestCaseExecutor.execute(TestCaseExecutor.java:285)
	at com.kms.katalon.core.common.CommonExecutor.accessTestCaseMainPhase(CommonExecutor.java:65)
	at com.kms.katalon.core.main.TestSuiteExecutor.accessTestSuiteMainPhase(TestSuiteExecutor.java:150)
	at com.kms.katalon.core.main.TestSuiteExecutor.execute(TestSuiteExecutor.java:106)
	at com.kms.katalon.core.main.TestCaseMain.startTestSuite(TestCaseMain.java:180)
	at com.kms.katalon.core.main.TestCaseMain$startTestSuite$0.call(Unknown Source)
	at TempTestSuite1761139058037.run(TempTestSuite1761139058037.groovy:35)
	at java.base/jdk.internal.reflect.NativeMethodAccessorImpl.invoke0(Native Method)
	at java.base/jdk.internal.reflect.NativeMethodAccessorImpl.invoke(NativeMethodAccessorImpl.java:77)
	at java.base/jdk.internal.reflect.DelegatingMethodAccessorImpl.invoke(DelegatingMethodAccessorImpl.java:43)
Caused by: com.kms.katalon.core.webui.exception.WebElementNotFoundException: Web element with id: 'Object Repository/TripFocus/Orders/Advanced Filters/Advanced Search Fields/Delivery_State_dropdown' located by '/html/body/div/div[2]/div/main/div/div[2]/div/div[2]/div/div/div[2]/div/div/div[4]/div[2]/div/div/div[1]' not found
	at com.kms.katalon.core.webui.common.WebUiCommonHelper.findWebElement(WebUiCommonHelper.java:1423)
	at com.kms.katalon.core.webui.keyword.internal.WebUIAbstractKeyword.findWebElement(WebUIAbstractKeyword.groovy:27)
	at com.kms.katalon.core.webui.keyword.builtin.ClickKeyword$_click_closure1.doCall(ClickKeyword.groovy:65)
	at com.kms.katalon.core.webui.keyword.builtin.ClickKeyword$_click_closure1.call(ClickKeyword.groovy)
	at com.kms.katalon.core.webui.keyword.internal.WebUIKeywordMain.runKeyword(WebUIKeywordMain.groovy:35)
	at com.kms.katalon.core.webui.keyword.builtin.ClickKeyword.click(ClickKeyword.groovy:74)
	at com.kms.katalon.core.webui.keyword.builtin.ClickKeyword.execute(ClickKeyword.groovy:40)
	at com.kms.katalon.core.keyword.internal.KeywordExecutor.executeKeywordForPlatform(KeywordExecutor.groovy:74)
	at com.kms.katalon.core.webui.keyword.WebUiBuiltInKeywords.click(WebUiBuiltInKeywords.groovy:659)
	at com.kms.katalon.core.webui.keyword.WebUiBuiltInKeywords$click$1.call(Unknown Source)
	at Script1745007478936.run(Script1745007478936.groovy:59)
	... 16 more
)

22-10-2025T09:34:29 - [TEST_STEP][PASSED] - Start listener action : retryOnDisconnect: Current window's url is: 'https://www.qa.tripfocus.com/order-tenders'

22-10-2025T09:34:29 - [TEST_STEP][PASSED] - tcId = testCaseContext.getTestCaseId(): null

22-10-2025T09:34:29 - [TEST_STEP][PASSED] - currentRetry = retryCounts.getOrDefault(tcId, 0): null

22-10-2025T09:34:29 - [TEST_STEP][PASSED] - if (testCaseContext.getTestCaseStatus() == "FAILED" && currentRetry < MAX_RETRIES): Current window's url is: 'https://www.qa.tripfocus.com/order-tenders'

22-10-2025T09:34:29 - [TEST_STEP][PASSED] - try: Current window's url is: 'https://www.qa.tripfocus.com/order-tenders'

22-10-2025T09:34:29 - [TEST_STEP][PASSED] - comment(Checking for WebDriver disconnect for test case: $tcId): Checking for WebDriver disconnect for test case: Test Cases/TripFocus/FDG/FDG - Orders/FDG - Advanced Filter - Delivery State

22-10-2025T09:34:29 - [MESSAGE][INFO] - Checking for WebDriver disconnect for test case: Test Cases/TripFocus/FDG/FDG - Orders/FDG - Advanced Filter - Delivery State

22-10-2025T09:34:29 - [TEST_STEP][PASSED] - getUrl(): Current window's url is: 'https://www.qa.tripfocus.com/order-tenders'

22-10-2025T09:34:29 - [MESSAGE][PASSED] - Current window's url is: 'https://www.qa.tripfocus.com/order-tenders']]></system-out>
         <system-err><![CDATA[22-10-2025T09:33:23 - [TEST_CASE][FAILED] - Test Cases/TripFocus/FDG/FDG - Orders/FDG - Advanced Filter - Delivery State: Test Cases/TripFocus/FDG/FDG - Orders/FDG - Advanced Filter - Delivery State FAILED.
Reason:
com.kms.katalon.core.exception.StepFailedException: Unable to click on object 'Object Repository/TripFocus/Orders/Advanced Filters/Advanced Search Fields/Delivery_State_dropdown'
	at com.kms.katalon.core.webui.keyword.internal.WebUIKeywordMain.stepFailed(WebUIKeywordMain.groovy:117)
	at com.kms.katalon.core.webui.keyword.internal.WebUIKeywordMain.runKeyword(WebUIKeywordMain.groovy:43)
	at com.kms.katalon.core.webui.keyword.builtin.ClickKeyword.click(ClickKeyword.groovy:74)
	at com.kms.katalon.core.webui.keyword.builtin.ClickKeyword.execute(ClickKeyword.groovy:40)
	at com.kms.katalon.core.keyword.internal.KeywordExecutor.executeKeywordForPlatform(KeywordExecutor.groovy:74)
	at com.kms.katalon.core.webui.keyword.WebUiBuiltInKeywords.click(WebUiBuiltInKeywords.groovy:659)
	at com.kms.katalon.core.webui.keyword.WebUiBuiltInKeywords$click$1.call(Unknown Source)
	at FDG - Advanced Filter - Delivery State.run(FDG - Advanced Filter - Delivery State:59)
	at com.kms.katalon.core.main.ScriptEngine.run(ScriptEngine.java:194)
	at com.kms.katalon.core.main.ScriptEngine.runScriptAsRawText(ScriptEngine.java:119)
	at com.kms.katalon.core.main.TestCaseExecutor.runScript(TestCaseExecutor.java:448)
	at com.kms.katalon.core.main.TestCaseExecutor.doExecute(TestCaseExecutor.java:439)
	at com.kms.katalon.core.main.TestCaseExecutor.processExecutionPhase(TestCaseExecutor.java:418)
	at com.kms.katalon.core.main.TestCaseExecutor.accessMainPhase(TestCaseExecutor.java:410)
	at com.kms.katalon.core.main.TestCaseExecutor.execute(TestCaseExecutor.java:285)
	at com.kms.katalon.core.common.CommonExecutor.accessTestCaseMainPhase(CommonExecutor.java:65)
	at com.kms.katalon.core.main.TestSuiteExecutor.accessTestSuiteMainPhase(TestSuiteExecutor.java:150)
	at com.kms.katalon.core.main.TestSuiteExecutor.execute(TestSuiteExecutor.java:106)
	at com.kms.katalon.core.main.TestCaseMain.startTestSuite(TestCaseMain.java:180)
	at com.kms.katalon.core.main.TestCaseMain$startTestSuite$0.call(Unknown Source)
	at TempTestSuite1761139058037.run(TempTestSuite1761139058037.groovy:35)
	at java.base/jdk.internal.reflect.NativeMethodAccessorImpl.invoke0(Native Method)
	at java.base/jdk.internal.reflect.NativeMethodAccessorImpl.invoke(NativeMethodAccessorImpl.java:77)
	at java.base/jdk.internal.reflect.DelegatingMethodAccessorImpl.invoke(DelegatingMethodAccessorImpl.java:43)
Caused by: com.kms.katalon.core.webui.exception.WebElementNotFoundException: Web element with id: 'Object Repository/TripFocus/Orders/Advanced Filters/Advanced Search Fields/Delivery_State_dropdown' located by '/html/body/div/div[2]/div/main/div/div[2]/div/div[2]/div/div/div[2]/div/div/div[4]/div[2]/div/div/div[1]' not found
	at com.kms.katalon.core.webui.common.WebUiCommonHelper.findWebElement(WebUiCommonHelper.java:1423)
	at com.kms.katalon.core.webui.keyword.internal.WebUIAbstractKeyword.findWebElement(WebUIAbstractKeyword.groovy:27)
	at com.kms.katalon.core.webui.keyword.builtin.ClickKeyword$_click_closure1.doCall(ClickKeyword.groovy:65)
	at com.kms.katalon.core.webui.keyword.builtin.ClickKeyword$_click_closure1.call(ClickKeyword.groovy)
	at com.kms.katalon.core.webui.keyword.internal.WebUIKeywordMain.runKeyword(WebUIKeywordMain.groovy:35)
	... 22 more]]></system-err>
      </testcase>
      <testcase name="Test Cases/TripFocus/FDG/FDG - Orders/FDG - Advanced Filter - Invoiced From" time="56.582" classname="Test Cases/TripFocus/FDG/FDG - Orders/FDG - Advanced Filter - Invoiced From" status="PASSED">
         <system-out><![CDATA[22-10-2025T09:34:29 - [TEST_CASE][PASSED] - Test Cases/TripFocus/FDG/FDG - Orders/FDG - Advanced Filter - Invoiced From: Test Cases/TripFocus/FDG/FDG - Orders/FDG - Advanced Filter - Invoiced From

22-10-2025T09:34:29 - [TEST_STEP][PASSED] - Start listener action : beforeTestCase: null

22-10-2025T09:34:29 - [TEST_STEP][PASSED] - addDefaultPackages(): null

22-10-2025T09:34:29 - [TEST_STEP][PASSED] - openBrowser(""): Browser is opened with url: ''

22-10-2025T09:34:29 - [MESSAGE][WARNING] - A browser is already opened. Closing browser and opening a new one

22-10-2025T09:34:30 - [MESSAGE][INFO] - Starting 'Chrome' driver

22-10-2025T09:34:30 - [MESSAGE][INFO] - User set preference: ['args', '[--no-sandbox, --disable-gpu, --disable-dev-shm-usage]']

22-10-2025T09:34:30 - [MESSAGE][INFO] - Action delay is set to 0 milliseconds

22-10-2025T09:34:31 - [MESSAGE][PASSED] - Browser is opened with url: ''

22-10-2025T09:34:31 - [TEST_STEP][PASSED] - navigateToUrl(TFBaseURL): Navigate to 'https://www.qa.tripfocus.com' successfully

22-10-2025T09:34:33 - [MESSAGE][PASSED] - Navigate to 'https://www.qa.tripfocus.com' successfully

22-10-2025T09:34:33 - [TEST_STEP][PASSED] - click(findTestObject("Object Repository/TripFocus/Page_TripFocus/button_Sign in")): Object: 'Object Repository/TripFocus/Page_TripFocus/button_Sign in' is clicked on

22-10-2025T09:34:33 - [MESSAGE][PASSED] - Object: 'Object Repository/TripFocus/Page_TripFocus/button_Sign in' is clicked on

22-10-2025T09:34:33 - [TEST_STEP][PASSED] - setText(findTestObject("Object Repository/TripFocus/Page_TripFocus/input_Username (e.g. email address)_Username"), TripFocusFDGUsername): Text 'Ashford.Chenault+QACustomerFDGONLY@thekag.com' is set on object 'Object Repository/TripFocus/Page_TripFocus/input_Username (e.g. email address)_Username'

22-10-2025T09:34:34 - [MESSAGE][PASSED] - Text 'Ashford.Chenault+QACustomerFDGONLY@thekag.com' is set on object 'Object Repository/TripFocus/Page_TripFocus/input_Username (e.g. email address)_Username'

22-10-2025T09:34:34 - [TEST_STEP][PASSED] - setText(findTestObject("Object Repository/TripFocus/Page_TripFocus/input_Password_Password"), TripFocusFDGSPGPassword): Text 'CrashBan911!!' is set on object 'Object Repository/TripFocus/Page_TripFocus/input_Password_Password'

22-10-2025T09:34:34 - [MESSAGE][PASSED] - Text 'CrashBan911!!' is set on object 'Object Repository/TripFocus/Page_TripFocus/input_Password_Password'

22-10-2025T09:34:34 - [TEST_STEP][PASSED] - click(findTestObject("Object Repository/TripFocus/Page_TripFocus/button_Login")): Object: 'Object Repository/TripFocus/Page_TripFocus/button_Login' is clicked on

22-10-2025T09:34:34 - [MESSAGE][PASSED] - Object: 'Object Repository/TripFocus/Page_TripFocus/button_Login' is clicked on

22-10-2025T09:34:34 - [TEST_STEP][PASSED] - maximizeWindow(): Current window maximized

22-10-2025T09:34:35 - [MESSAGE][PASSED] - Current window maximized

22-10-2025T09:34:35 - [TEST_STEP][PASSED] - waitForElementVisible(findTestObject("TripFocus/Testing_Notification_btn"), 15, OPTIONAL): Web element with id: 'Object Repository/TripFocus/Testing_Notification_btn' located by '//*[@id="__BVID__10___BV_modal_footer_"]/button' not found

22-10-2025T09:34:51 - [MESSAGE][INFO] - Unable to find the element located by 'By.xpath: //*[@id="__BVID__10___BV_modal_footer_"]/button'. Please recheck the objects properties to make sure the desired element is located. 

22-10-2025T09:34:51 - [MESSAGE][WARNING] - [SELF-HEALING] Failed to find element with id 'Object Repository/TripFocus/Testing_Notification_btn'. Try using Self-healing.

22-10-2025T09:34:52 - [MESSAGE][INFO] - [SELF-HEALING] No working XPath is found.

22-10-2025T09:34:54 - [MESSAGE][INFO] - Unable to find the element located by 'By.xpath: '. Please recheck the objects properties to make sure the desired element is located. 

22-10-2025T09:34:54 - [MESSAGE][WARNING] - [SELF-HEALING] Cannot find elements when the selector is null

22-10-2025T09:34:54 - [MESSAGE][WARNING] - Web element with id: 'Object Repository/TripFocus/Testing_Notification_btn' located by '//*[@id="__BVID__10___BV_modal_footer_"]/button' not found

22-10-2025T09:34:54 - [TEST_STEP][PASSED] - if (verifyElementVisible(findTestObject("TripFocus/Testing_Notification_btn"), OPTIONAL) == true): Web element with id: 'Object Repository/TripFocus/Testing_Notification_btn' located by '//*[@id="__BVID__10___BV_modal_footer_"]/button' not found (Root cause: com.kms.katalon.core.exception.StepFailedException: Web element with id: 'Object Repository/TripFocus/Testing_Notification_btn' located by '//*[@id="__BVID__10___BV_modal_footer_"]/button' not found
	at com.kms.katalon.core.webui.keyword.internal.WebUIKeywordMain.stepFailed(WebUIKeywordMain.groovy:117)
	at com.kms.katalon.core.webui.keyword.builtin.VerifyElementVisibleKeyword$_verifyElementVisible_closure1.doCall(VerifyElementVisibleKeyword.groovy:89)
	at com.kms.katalon.core.webui.keyword.builtin.VerifyElementVisibleKeyword$_verifyElementVisible_closure1.call(VerifyElementVisibleKeyword.groovy)
	at com.kms.katalon.core.webui.keyword.internal.WebUIKeywordMain.runKeyword(WebUIKeywordMain.groovy:35)
	at com.kms.katalon.core.webui.keyword.builtin.VerifyElementVisibleKeyword.verifyElementVisible(VerifyElementVisibleKeyword.groovy:97)
	at com.kms.katalon.core.webui.keyword.builtin.VerifyElementVisibleKeyword.execute(VerifyElementVisibleKeyword.groovy:67)
	at com.kms.katalon.core.keyword.internal.KeywordExecutor.executeKeywordForPlatform(KeywordExecutor.groovy:74)
	at com.kms.katalon.core.webui.keyword.WebUiBuiltInKeywords.verifyElementVisible(WebUiBuiltInKeywords.groovy:401)
	at com.kms.katalon.core.webui.keyword.WebUiBuiltInKeywords$verifyElementVisible$5.call(Unknown Source)
	at FDG - Advanced Filter - Invoiced From.run(FDG - Advanced Filter - Invoiced From:38)
	at com.kms.katalon.core.main.ScriptEngine.run(ScriptEngine.java:194)
	at com.kms.katalon.core.main.ScriptEngine.runScriptAsRawText(ScriptEngine.java:119)
	at com.kms.katalon.core.main.TestCaseExecutor.runScript(TestCaseExecutor.java:448)
	at com.kms.katalon.core.main.TestCaseExecutor.doExecute(TestCaseExecutor.java:439)
	at com.kms.katalon.core.main.TestCaseExecutor.processExecutionPhase(TestCaseExecutor.java:418)
	at com.kms.katalon.core.main.TestCaseExecutor.accessMainPhase(TestCaseExecutor.java:410)
	at com.kms.katalon.core.main.TestCaseExecutor.execute(TestCaseExecutor.java:285)
	at com.kms.katalon.core.common.CommonExecutor.accessTestCaseMainPhase(CommonExecutor.java:65)
	at com.kms.katalon.core.main.TestSuiteExecutor.accessTestSuiteMainPhase(TestSuiteExecutor.java:150)
	at com.kms.katalon.core.main.TestSuiteExecutor.execute(TestSuiteExecutor.java:106)
	at com.kms.katalon.core.main.TestCaseMain.startTestSuite(TestCaseMain.java:180)
	at com.kms.katalon.core.main.TestCaseMain$startTestSuite$0.call(Unknown Source)
	at TempTestSuite1761139058037.run(TempTestSuite1761139058037.groovy:35)
	at java.base/jdk.internal.reflect.NativeMethodAccessorImpl.invoke0(Native Method)
	at java.base/jdk.internal.reflect.NativeMethodAccessorImpl.invoke(NativeMethodAccessorImpl.java:77)
	at java.base/jdk.internal.reflect.DelegatingMethodAccessorImpl.invoke(DelegatingMethodAccessorImpl.java:43)
)

22-10-2025T09:35:10 - [MESSAGE][INFO] - Unable to find the element located by 'By.xpath: //*[@id="__BVID__10___BV_modal_footer_"]/button'. Please recheck the objects properties to make sure the desired element is located. 

22-10-2025T09:35:10 - [MESSAGE][WARNING] - [SELF-HEALING] Failed to find element with id 'Object Repository/TripFocus/Testing_Notification_btn'. Try using Self-healing.

22-10-2025T09:35:11 - [MESSAGE][INFO] - [SELF-HEALING] No working XPath is found.

22-10-2025T09:35:13 - [MESSAGE][INFO] - Unable to find the element located by 'By.xpath: '. Please recheck the objects properties to make sure the desired element is located. 

22-10-2025T09:35:13 - [MESSAGE][WARNING] - [SELF-HEALING] Cannot find elements when the selector is null

22-10-2025T09:35:13 - [MESSAGE][WARNING] - Web element with id: 'Object Repository/TripFocus/Testing_Notification_btn' located by '//*[@id="__BVID__10___BV_modal_footer_"]/button' not found (Root cause: com.kms.katalon.core.exception.StepFailedException: Web element with id: 'Object Repository/TripFocus/Testing_Notification_btn' located by '//*[@id="__BVID__10___BV_modal_footer_"]/button' not found
	at com.kms.katalon.core.webui.keyword.internal.WebUIKeywordMain.stepFailed(WebUIKeywordMain.groovy:117)
	at com.kms.katalon.core.webui.keyword.builtin.VerifyElementVisibleKeyword$_verifyElementVisible_closure1.doCall(VerifyElementVisibleKeyword.groovy:89)
	at com.kms.katalon.core.webui.keyword.builtin.VerifyElementVisibleKeyword$_verifyElementVisible_closure1.call(VerifyElementVisibleKeyword.groovy)
	at com.kms.katalon.core.webui.keyword.internal.WebUIKeywordMain.runKeyword(WebUIKeywordMain.groovy:35)
	at com.kms.katalon.core.webui.keyword.builtin.VerifyElementVisibleKeyword.verifyElementVisible(VerifyElementVisibleKeyword.groovy:97)
	at com.kms.katalon.core.webui.keyword.builtin.VerifyElementVisibleKeyword.execute(VerifyElementVisibleKeyword.groovy:67)
	at com.kms.katalon.core.keyword.internal.KeywordExecutor.executeKeywordForPlatform(KeywordExecutor.groovy:74)
	at com.kms.katalon.core.webui.keyword.WebUiBuiltInKeywords.verifyElementVisible(WebUiBuiltInKeywords.groovy:401)
	at com.kms.katalon.core.webui.keyword.WebUiBuiltInKeywords$verifyElementVisible$5.call(Unknown Source)
	at FDG - Advanced Filter - Invoiced From.run(FDG - Advanced Filter - Invoiced From:38)
	at com.kms.katalon.core.main.ScriptEngine.run(ScriptEngine.java:194)
	at com.kms.katalon.core.main.ScriptEngine.runScriptAsRawText(ScriptEngine.java:119)
	at com.kms.katalon.core.main.TestCaseExecutor.runScript(TestCaseExecutor.java:448)
	at com.kms.katalon.core.main.TestCaseExecutor.doExecute(TestCaseExecutor.java:439)
	at com.kms.katalon.core.main.TestCaseExecutor.processExecutionPhase(TestCaseExecutor.java:418)
	at com.kms.katalon.core.main.TestCaseExecutor.accessMainPhase(TestCaseExecutor.java:410)
	at com.kms.katalon.core.main.TestCaseExecutor.execute(TestCaseExecutor.java:285)
	at com.kms.katalon.core.common.CommonExecutor.accessTestCaseMainPhase(CommonExecutor.java:65)
	at com.kms.katalon.core.main.TestSuiteExecutor.accessTestSuiteMainPhase(TestSuiteExecutor.java:150)
	at com.kms.katalon.core.main.TestSuiteExecutor.execute(TestSuiteExecutor.java:106)
	at com.kms.katalon.core.main.TestCaseMain.startTestSuite(TestCaseMain.java:180)
	at com.kms.katalon.core.main.TestCaseMain$startTestSuite$0.call(Unknown Source)
	at TempTestSuite1761139058037.run(TempTestSuite1761139058037.groovy:35)
	at java.base/jdk.internal.reflect.NativeMethodAccessorImpl.invoke0(Native Method)
	at java.base/jdk.internal.reflect.NativeMethodAccessorImpl.invoke(NativeMethodAccessorImpl.java:77)
	at java.base/jdk.internal.reflect.DelegatingMethodAccessorImpl.invoke(DelegatingMethodAccessorImpl.java:43)
)

22-10-2025T09:35:13 - [TEST_STEP][PASSED] - click(findTestObject("TripFocus/SSO/SSO Orders Tab")): Object: 'Object Repository/TripFocus/SSO/SSO Orders Tab' is clicked on

22-10-2025T09:35:13 - [MESSAGE][PASSED] - Object: 'Object Repository/TripFocus/SSO/SSO Orders Tab' is clicked on

22-10-2025T09:35:13 - [TEST_STEP][PASSED] - waitForElementClickable(findTestObject("TripFocus/Orders/Advanced Filters_btn"), 30): Object 'Object Repository/TripFocus/Orders/Advanced Filters_btn' is clickable

22-10-2025T09:35:13 - [MESSAGE][PASSED] - Object 'Object Repository/TripFocus/Orders/Advanced Filters_btn' is clickable

22-10-2025T09:35:13 - [TEST_STEP][PASSED] - click(findTestObject("TripFocus/Orders/Advanced Filters_btn"), STOP_ON_FAILURE): Object: 'Object Repository/TripFocus/Orders/Advanced Filters_btn' is clicked on

22-10-2025T09:35:14 - [MESSAGE][PASSED] - Object: 'Object Repository/TripFocus/Orders/Advanced Filters_btn' is clicked on

22-10-2025T09:35:14 - [TEST_STEP][PASSED] - delay(3): Delayed 3 second(s)

22-10-2025T09:35:17 - [MESSAGE][PASSED] - Delayed 3 second(s)

22-10-2025T09:35:17 - [TEST_STEP][PASSED] - click(findTestObject("TripFocus/Orders/Advanced Filters/Advanced Date Fields/Advanced_Date_Fields_dropdown")): Object: 'Object Repository/TripFocus/Orders/Advanced Filters/Advanced Date Fields/Advanced_Date_Fields_dropdown' is clicked on

22-10-2025T09:35:17 - [MESSAGE][PASSED] - Object: 'Object Repository/TripFocus/Orders/Advanced Filters/Advanced Date Fields/Advanced_Date_Fields_dropdown' is clicked on

22-10-2025T09:35:17 - [TEST_STEP][PASSED] - delay(2): Delayed 2 second(s)

22-10-2025T09:35:19 - [MESSAGE][PASSED] - Delayed 2 second(s)

22-10-2025T09:35:19 - [TEST_STEP][PASSED] - sendKeys(findTestObject("TripFocus/Orders/Advanced Filters/Advanced Date Fields/Invoiced_From_txt"), "06/01/2024"): Keys '06/01/2024' sent to object: 'Object Repository/TripFocus/Orders/Advanced Filters/Advanced Date Fields/Invoiced_From_txt'

22-10-2025T09:35:20 - [MESSAGE][PASSED] - Keys '06/01/2024' sent to object: 'Object Repository/TripFocus/Orders/Advanced Filters/Advanced Date Fields/Invoiced_From_txt'

22-10-2025T09:35:20 - [TEST_STEP][PASSED] - delay(2): Delayed 2 second(s)

22-10-2025T09:35:22 - [MESSAGE][PASSED] - Delayed 2 second(s)

22-10-2025T09:35:22 - [TEST_STEP][PASSED] - click(findTestObject("TripFocus/Sidebar Minimizer")): Object: 'Object Repository/TripFocus/Sidebar Minimizer' is clicked on

22-10-2025T09:35:22 - [MESSAGE][PASSED] - Object: 'Object Repository/TripFocus/Sidebar Minimizer' is clicked on

22-10-2025T09:35:22 - [TEST_STEP][PASSED] - delay(2): Delayed 2 second(s)

22-10-2025T09:35:24 - [MESSAGE][PASSED] - Delayed 2 second(s)

22-10-2025T09:35:24 - [TEST_STEP][PASSED] - click(findTestObject("TripFocus/Orders/Advanced Filters/Apply Filters_btn")): Object: 'Object Repository/TripFocus/Orders/Advanced Filters/Apply Filters_btn' is clicked on

22-10-2025T09:35:24 - [MESSAGE][PASSED] - Object: 'Object Repository/TripFocus/Orders/Advanced Filters/Apply Filters_btn' is clicked on

22-10-2025T09:35:24 - [TEST_STEP][PASSED] - delay(2): Delayed 2 second(s)

22-10-2025T09:35:26 - [MESSAGE][PASSED] - Delayed 2 second(s)

22-10-2025T09:35:26 - [TEST_STEP][PASSED] - closeBrowser(): Browser is closed

22-10-2025T09:35:26 - [MESSAGE][PASSED] - Browser is closed

22-10-2025T09:35:26 - [TEST_STEP][PASSED] - Start listener action : retryOnDisconnect: null

22-10-2025T09:35:26 - [TEST_STEP][PASSED] - tcId = testCaseContext.getTestCaseId(): null

22-10-2025T09:35:26 - [TEST_STEP][PASSED] - currentRetry = retryCounts.getOrDefault(tcId, 0): null

22-10-2025T09:35:26 - [TEST_STEP][PASSED] - if (testCaseContext.getTestCaseStatus() == "FAILED" && currentRetry < MAX_RETRIES): null]]></system-out>
         <system-err><![CDATA[]]></system-err>
      </testcase>
      <testcase name="Test Cases/TripFocus/FDG/FDG - Orders/FDG - Advanced Filter - Invoiced To" time="54.551" classname="Test Cases/TripFocus/FDG/FDG - Orders/FDG - Advanced Filter - Invoiced To" status="PASSED">
         <system-out><![CDATA[22-10-2025T09:35:26 - [TEST_CASE][PASSED] - Test Cases/TripFocus/FDG/FDG - Orders/FDG - Advanced Filter - Invoiced To: Test Cases/TripFocus/FDG/FDG - Orders/FDG - Advanced Filter - Invoiced To

22-10-2025T09:35:26 - [TEST_STEP][PASSED] - Start listener action : beforeTestCase: null

22-10-2025T09:35:26 - [TEST_STEP][PASSED] - addDefaultPackages(): null

22-10-2025T09:35:26 - [TEST_STEP][PASSED] - openBrowser(""): Browser is opened with url: ''

22-10-2025T09:35:26 - [MESSAGE][INFO] - Starting 'Chrome' driver

22-10-2025T09:35:26 - [MESSAGE][INFO] - User set preference: ['args', '[--no-sandbox, --disable-gpu, --disable-dev-shm-usage]']

22-10-2025T09:35:26 - [MESSAGE][INFO] - Action delay is set to 0 milliseconds

22-10-2025T09:35:27 - [MESSAGE][PASSED] - Browser is opened with url: ''

22-10-2025T09:35:27 - [TEST_STEP][PASSED] - navigateToUrl(TFBaseURL): Navigate to 'https://www.qa.tripfocus.com' successfully

22-10-2025T09:35:28 - [MESSAGE][PASSED] - Navigate to 'https://www.qa.tripfocus.com' successfully

22-10-2025T09:35:28 - [TEST_STEP][PASSED] - click(findTestObject("Object Repository/TripFocus/Page_TripFocus/button_Sign in")): Object: 'Object Repository/TripFocus/Page_TripFocus/button_Sign in' is clicked on

22-10-2025T09:35:28 - [MESSAGE][PASSED] - Object: 'Object Repository/TripFocus/Page_TripFocus/button_Sign in' is clicked on

22-10-2025T09:35:28 - [TEST_STEP][PASSED] - setText(findTestObject("Object Repository/TripFocus/Page_TripFocus/input_Username (e.g. email address)_Username"), TripFocusFDGUsername): Text 'Ashford.Chenault+QACustomerFDGONLY@thekag.com' is set on object 'Object Repository/TripFocus/Page_TripFocus/input_Username (e.g. email address)_Username'

22-10-2025T09:35:28 - [MESSAGE][PASSED] - Text 'Ashford.Chenault+QACustomerFDGONLY@thekag.com' is set on object 'Object Repository/TripFocus/Page_TripFocus/input_Username (e.g. email address)_Username'

22-10-2025T09:35:28 - [TEST_STEP][PASSED] - setText(findTestObject("Object Repository/TripFocus/Page_TripFocus/input_Password_Password"), TripFocusFDGSPGPassword): Text 'CrashBan911!!' is set on object 'Object Repository/TripFocus/Page_TripFocus/input_Password_Password'

22-10-2025T09:35:28 - [MESSAGE][PASSED] - Text 'CrashBan911!!' is set on object 'Object Repository/TripFocus/Page_TripFocus/input_Password_Password'

22-10-2025T09:35:28 - [TEST_STEP][PASSED] - click(findTestObject("Object Repository/TripFocus/Page_TripFocus/button_Login")): Object: 'Object Repository/TripFocus/Page_TripFocus/button_Login' is clicked on

22-10-2025T09:35:29 - [MESSAGE][PASSED] - Object: 'Object Repository/TripFocus/Page_TripFocus/button_Login' is clicked on

22-10-2025T09:35:29 - [TEST_STEP][PASSED] - maximizeWindow(): Current window maximized

22-10-2025T09:35:29 - [MESSAGE][PASSED] - Current window maximized

22-10-2025T09:35:29 - [TEST_STEP][PASSED] - waitForElementVisible(findTestObject("TripFocus/Testing_Notification_btn"), 15, OPTIONAL): Web element with id: 'Object Repository/TripFocus/Testing_Notification_btn' located by '//*[@id="__BVID__10___BV_modal_footer_"]/button' not found

22-10-2025T09:35:45 - [MESSAGE][INFO] - Unable to find the element located by 'By.xpath: //*[@id="__BVID__10___BV_modal_footer_"]/button'. Please recheck the objects properties to make sure the desired element is located. 

22-10-2025T09:35:45 - [MESSAGE][WARNING] - [SELF-HEALING] Failed to find element with id 'Object Repository/TripFocus/Testing_Notification_btn'. Try using Self-healing.

22-10-2025T09:35:46 - [MESSAGE][INFO] - [SELF-HEALING] No working XPath is found.

22-10-2025T09:35:48 - [MESSAGE][INFO] - Unable to find the element located by 'By.xpath: '. Please recheck the objects properties to make sure the desired element is located. 

22-10-2025T09:35:48 - [MESSAGE][WARNING] - [SELF-HEALING] Cannot find elements when the selector is null

22-10-2025T09:35:48 - [MESSAGE][WARNING] - Web element with id: 'Object Repository/TripFocus/Testing_Notification_btn' located by '//*[@id="__BVID__10___BV_modal_footer_"]/button' not found

22-10-2025T09:35:48 - [TEST_STEP][PASSED] - if (verifyElementVisible(findTestObject("TripFocus/Testing_Notification_btn"), OPTIONAL) == true): Web element with id: 'Object Repository/TripFocus/Testing_Notification_btn' located by '//*[@id="__BVID__10___BV_modal_footer_"]/button' not found (Root cause: com.kms.katalon.core.exception.StepFailedException: Web element with id: 'Object Repository/TripFocus/Testing_Notification_btn' located by '//*[@id="__BVID__10___BV_modal_footer_"]/button' not found
	at com.kms.katalon.core.webui.keyword.internal.WebUIKeywordMain.stepFailed(WebUIKeywordMain.groovy:117)
	at com.kms.katalon.core.webui.keyword.builtin.VerifyElementVisibleKeyword$_verifyElementVisible_closure1.doCall(VerifyElementVisibleKeyword.groovy:89)
	at com.kms.katalon.core.webui.keyword.builtin.VerifyElementVisibleKeyword$_verifyElementVisible_closure1.call(VerifyElementVisibleKeyword.groovy)
	at com.kms.katalon.core.webui.keyword.internal.WebUIKeywordMain.runKeyword(WebUIKeywordMain.groovy:35)
	at com.kms.katalon.core.webui.keyword.builtin.VerifyElementVisibleKeyword.verifyElementVisible(VerifyElementVisibleKeyword.groovy:97)
	at com.kms.katalon.core.webui.keyword.builtin.VerifyElementVisibleKeyword.execute(VerifyElementVisibleKeyword.groovy:67)
	at com.kms.katalon.core.keyword.internal.KeywordExecutor.executeKeywordForPlatform(KeywordExecutor.groovy:74)
	at com.kms.katalon.core.webui.keyword.WebUiBuiltInKeywords.verifyElementVisible(WebUiBuiltInKeywords.groovy:401)
	at com.kms.katalon.core.webui.keyword.WebUiBuiltInKeywords$verifyElementVisible$5.call(Unknown Source)
	at FDG - Advanced Filter - Invoiced To.run(FDG - Advanced Filter - Invoiced To:38)
	at com.kms.katalon.core.main.ScriptEngine.run(ScriptEngine.java:194)
	at com.kms.katalon.core.main.ScriptEngine.runScriptAsRawText(ScriptEngine.java:119)
	at com.kms.katalon.core.main.TestCaseExecutor.runScript(TestCaseExecutor.java:448)
	at com.kms.katalon.core.main.TestCaseExecutor.doExecute(TestCaseExecutor.java:439)
	at com.kms.katalon.core.main.TestCaseExecutor.processExecutionPhase(TestCaseExecutor.java:418)
	at com.kms.katalon.core.main.TestCaseExecutor.accessMainPhase(TestCaseExecutor.java:410)
	at com.kms.katalon.core.main.TestCaseExecutor.execute(TestCaseExecutor.java:285)
	at com.kms.katalon.core.common.CommonExecutor.accessTestCaseMainPhase(CommonExecutor.java:65)
	at com.kms.katalon.core.main.TestSuiteExecutor.accessTestSuiteMainPhase(TestSuiteExecutor.java:150)
	at com.kms.katalon.core.main.TestSuiteExecutor.execute(TestSuiteExecutor.java:106)
	at com.kms.katalon.core.main.TestCaseMain.startTestSuite(TestCaseMain.java:180)
	at com.kms.katalon.core.main.TestCaseMain$startTestSuite$0.call(Unknown Source)
	at TempTestSuite1761139058037.run(TempTestSuite1761139058037.groovy:35)
	at java.base/jdk.internal.reflect.NativeMethodAccessorImpl.invoke0(Native Method)
	at java.base/jdk.internal.reflect.NativeMethodAccessorImpl.invoke(NativeMethodAccessorImpl.java:77)
	at java.base/jdk.internal.reflect.DelegatingMethodAccessorImpl.invoke(DelegatingMethodAccessorImpl.java:43)
)

22-10-2025T09:36:04 - [MESSAGE][INFO] - Unable to find the element located by 'By.xpath: //*[@id="__BVID__10___BV_modal_footer_"]/button'. Please recheck the objects properties to make sure the desired element is located. 

22-10-2025T09:36:04 - [MESSAGE][WARNING] - [SELF-HEALING] Failed to find element with id 'Object Repository/TripFocus/Testing_Notification_btn'. Try using Self-healing.

22-10-2025T09:36:05 - [MESSAGE][INFO] - [SELF-HEALING] No working XPath is found.

22-10-2025T09:36:07 - [MESSAGE][INFO] - Unable to find the element located by 'By.xpath: '. Please recheck the objects properties to make sure the desired element is located. 

22-10-2025T09:36:07 - [MESSAGE][WARNING] - [SELF-HEALING] Cannot find elements when the selector is null

22-10-2025T09:36:07 - [MESSAGE][WARNING] - Web element with id: 'Object Repository/TripFocus/Testing_Notification_btn' located by '//*[@id="__BVID__10___BV_modal_footer_"]/button' not found (Root cause: com.kms.katalon.core.exception.StepFailedException: Web element with id: 'Object Repository/TripFocus/Testing_Notification_btn' located by '//*[@id="__BVID__10___BV_modal_footer_"]/button' not found
	at com.kms.katalon.core.webui.keyword.internal.WebUIKeywordMain.stepFailed(WebUIKeywordMain.groovy:117)
	at com.kms.katalon.core.webui.keyword.builtin.VerifyElementVisibleKeyword$_verifyElementVisible_closure1.doCall(VerifyElementVisibleKeyword.groovy:89)
	at com.kms.katalon.core.webui.keyword.builtin.VerifyElementVisibleKeyword$_verifyElementVisible_closure1.call(VerifyElementVisibleKeyword.groovy)
	at com.kms.katalon.core.webui.keyword.internal.WebUIKeywordMain.runKeyword(WebUIKeywordMain.groovy:35)
	at com.kms.katalon.core.webui.keyword.builtin.VerifyElementVisibleKeyword.verifyElementVisible(VerifyElementVisibleKeyword.groovy:97)
	at com.kms.katalon.core.webui.keyword.builtin.VerifyElementVisibleKeyword.execute(VerifyElementVisibleKeyword.groovy:67)
	at com.kms.katalon.core.keyword.internal.KeywordExecutor.executeKeywordForPlatform(KeywordExecutor.groovy:74)
	at com.kms.katalon.core.webui.keyword.WebUiBuiltInKeywords.verifyElementVisible(WebUiBuiltInKeywords.groovy:401)
	at com.kms.katalon.core.webui.keyword.WebUiBuiltInKeywords$verifyElementVisible$5.call(Unknown Source)
	at FDG - Advanced Filter - Invoiced To.run(FDG - Advanced Filter - Invoiced To:38)
	at com.kms.katalon.core.main.ScriptEngine.run(ScriptEngine.java:194)
	at com.kms.katalon.core.main.ScriptEngine.runScriptAsRawText(ScriptEngine.java:119)
	at com.kms.katalon.core.main.TestCaseExecutor.runScript(TestCaseExecutor.java:448)
	at com.kms.katalon.core.main.TestCaseExecutor.doExecute(TestCaseExecutor.java:439)
	at com.kms.katalon.core.main.TestCaseExecutor.processExecutionPhase(TestCaseExecutor.java:418)
	at com.kms.katalon.core.main.TestCaseExecutor.accessMainPhase(TestCaseExecutor.java:410)
	at com.kms.katalon.core.main.TestCaseExecutor.execute(TestCaseExecutor.java:285)
	at com.kms.katalon.core.common.CommonExecutor.accessTestCaseMainPhase(CommonExecutor.java:65)
	at com.kms.katalon.core.main.TestSuiteExecutor.accessTestSuiteMainPhase(TestSuiteExecutor.java:150)
	at com.kms.katalon.core.main.TestSuiteExecutor.execute(TestSuiteExecutor.java:106)
	at com.kms.katalon.core.main.TestCaseMain.startTestSuite(TestCaseMain.java:180)
	at com.kms.katalon.core.main.TestCaseMain$startTestSuite$0.call(Unknown Source)
	at TempTestSuite1761139058037.run(TempTestSuite1761139058037.groovy:35)
	at java.base/jdk.internal.reflect.NativeMethodAccessorImpl.invoke0(Native Method)
	at java.base/jdk.internal.reflect.NativeMethodAccessorImpl.invoke(NativeMethodAccessorImpl.java:77)
	at java.base/jdk.internal.reflect.DelegatingMethodAccessorImpl.invoke(DelegatingMethodAccessorImpl.java:43)
)

22-10-2025T09:36:07 - [TEST_STEP][PASSED] - click(findTestObject("TripFocus/SSO/SSO Orders Tab")): Object: 'Object Repository/TripFocus/SSO/SSO Orders Tab' is clicked on

22-10-2025T09:36:08 - [MESSAGE][PASSED] - Object: 'Object Repository/TripFocus/SSO/SSO Orders Tab' is clicked on

22-10-2025T09:36:08 - [TEST_STEP][PASSED] - waitForElementClickable(findTestObject("TripFocus/Orders/Advanced Filters_btn"), 30): Object 'Object Repository/TripFocus/Orders/Advanced Filters_btn' is clickable

22-10-2025T09:36:08 - [MESSAGE][PASSED] - Object 'Object Repository/TripFocus/Orders/Advanced Filters_btn' is clickable

22-10-2025T09:36:08 - [TEST_STEP][PASSED] - click(findTestObject("TripFocus/Orders/Advanced Filters_btn"), STOP_ON_FAILURE): Object: 'Object Repository/TripFocus/Orders/Advanced Filters_btn' is clicked on

22-10-2025T09:36:09 - [MESSAGE][PASSED] - Object: 'Object Repository/TripFocus/Orders/Advanced Filters_btn' is clicked on

22-10-2025T09:36:09 - [TEST_STEP][PASSED] - delay(3): Delayed 3 second(s)

22-10-2025T09:36:12 - [MESSAGE][PASSED] - Delayed 3 second(s)

22-10-2025T09:36:12 - [TEST_STEP][PASSED] - click(findTestObject("TripFocus/Orders/Advanced Filters/Advanced Date Fields/Advanced_Date_Fields_dropdown")): Object: 'Object Repository/TripFocus/Orders/Advanced Filters/Advanced Date Fields/Advanced_Date_Fields_dropdown' is clicked on

22-10-2025T09:36:12 - [MESSAGE][PASSED] - Object: 'Object Repository/TripFocus/Orders/Advanced Filters/Advanced Date Fields/Advanced_Date_Fields_dropdown' is clicked on

22-10-2025T09:36:12 - [TEST_STEP][PASSED] - delay(2): Delayed 2 second(s)

22-10-2025T09:36:14 - [MESSAGE][PASSED] - Delayed 2 second(s)

22-10-2025T09:36:14 - [TEST_STEP][PASSED] - sendKeys(findTestObject("TripFocus/Orders/Advanced Filters/Advanced Date Fields/Invoiced_To_txt"), "05/24/2024"): Keys '05/24/2024' sent to object: 'Object Repository/TripFocus/Orders/Advanced Filters/Advanced Date Fields/Invoiced_To_txt'

22-10-2025T09:36:14 - [MESSAGE][PASSED] - Keys '05/24/2024' sent to object: 'Object Repository/TripFocus/Orders/Advanced Filters/Advanced Date Fields/Invoiced_To_txt'

22-10-2025T09:36:14 - [TEST_STEP][PASSED] - delay(2): Delayed 2 second(s)

22-10-2025T09:36:16 - [MESSAGE][PASSED] - Delayed 2 second(s)

22-10-2025T09:36:16 - [TEST_STEP][PASSED] - click(findTestObject("TripFocus/Sidebar Minimizer")): Object: 'Object Repository/TripFocus/Sidebar Minimizer' is clicked on

22-10-2025T09:36:16 - [MESSAGE][PASSED] - Object: 'Object Repository/TripFocus/Sidebar Minimizer' is clicked on

22-10-2025T09:36:16 - [TEST_STEP][PASSED] - delay(2): Delayed 2 second(s)

22-10-2025T09:36:18 - [MESSAGE][PASSED] - Delayed 2 second(s)

22-10-2025T09:36:18 - [TEST_STEP][PASSED] - click(findTestObject("TripFocus/Orders/Advanced Filters/Apply Filters_btn")): Object: 'Object Repository/TripFocus/Orders/Advanced Filters/Apply Filters_btn' is clicked on

22-10-2025T09:36:18 - [MESSAGE][PASSED] - Object: 'Object Repository/TripFocus/Orders/Advanced Filters/Apply Filters_btn' is clicked on

22-10-2025T09:36:18 - [TEST_STEP][PASSED] - delay(2): Delayed 2 second(s)

22-10-2025T09:36:20 - [MESSAGE][PASSED] - Delayed 2 second(s)

22-10-2025T09:36:20 - [TEST_STEP][PASSED] - closeBrowser(): Browser is closed

22-10-2025T09:36:20 - [MESSAGE][PASSED] - Browser is closed

22-10-2025T09:36:20 - [TEST_STEP][PASSED] - Start listener action : retryOnDisconnect: null

22-10-2025T09:36:20 - [TEST_STEP][PASSED] - tcId = testCaseContext.getTestCaseId(): null

22-10-2025T09:36:20 - [TEST_STEP][PASSED] - currentRetry = retryCounts.getOrDefault(tcId, 0): null

22-10-2025T09:36:20 - [TEST_STEP][PASSED] - if (testCaseContext.getTestCaseStatus() == "FAILED" && currentRetry < MAX_RETRIES): null]]></system-out>
         <system-err><![CDATA[]]></system-err>
      </testcase>
      <testcase name="Test Cases/TripFocus/FDG/FDG - Orders/FDG - Advanced Filter - KAG Terminal" time="66.449" classname="Test Cases/TripFocus/FDG/FDG - Orders/FDG - Advanced Filter - KAG Terminal" status="FAILED">
         <failure type="FAILED" message="Test Cases/TripFocus/FDG/FDG - Orders/FDG - Advanced Filter - KAG Terminal FAILED.&#xa;Reason:&#xa;com.kms.katalon.core.exception.StepFailedException: Unable to click on object 'Object Repository/TripFocus/Orders/Advanced Filters/Advanced Search Fields/KAG_Terminal_dropdown'&#xa;	at com.kms.katalon.core.webui.keyword.internal.WebUIKeywordMain.stepFailed(WebUIKeywordMain.groovy:117)&#xa;	at com.kms.katalon.core.webui.keyword.internal.WebUIKeywordMain.runKeyword(WebUIKeywordMain.groovy:43)&#xa;	at com.kms.katalon.core.webui.keyword.builtin.ClickKeyword.click(ClickKeyword.groovy:74)&#xa;	at com.kms.katalon.core.webui.keyword.builtin.ClickKeyword.execute(ClickKeyword.groovy:40)&#xa;	at com.kms.katalon.core.keyword.internal.KeywordExecutor.executeKeywordForPlatform(KeywordExecutor.groovy:74)&#xa;	at com.kms.katalon.core.webui.keyword.WebUiBuiltInKeywords.click(WebUiBuiltInKeywords.groovy:659)&#xa;	at com.kms.katalon.core.webui.keyword.WebUiBuiltInKeywords$click$1.call(Unknown Source)&#xa;	at FDG - Advanced Filter - KAG Terminal.run(FDG - Advanced Filter - KAG Terminal:61)&#xa;	at com.kms.katalon.core.main.ScriptEngine.run(ScriptEngine.java:194)&#xa;	at com.kms.katalon.core.main.ScriptEngine.runScriptAsRawText(ScriptEngine.java:119)&#xa;	at com.kms.katalon.core.main.TestCaseExecutor.runScript(TestCaseExecutor.java:448)&#xa;	at com.kms.katalon.core.main.TestCaseExecutor.doExecute(TestCaseExecutor.java:439)&#xa;	at com.kms.katalon.core.main.TestCaseExecutor.processExecutionPhase(TestCaseExecutor.java:418)&#xa;	at com.kms.katalon.core.main.TestCaseExecutor.accessMainPhase(TestCaseExecutor.java:410)&#xa;	at com.kms.katalon.core.main.TestCaseExecutor.execute(TestCaseExecutor.java:285)&#xa;	at com.kms.katalon.core.common.CommonExecutor.accessTestCaseMainPhase(CommonExecutor.java:65)&#xa;	at com.kms.katalon.core.main.TestSuiteExecutor.accessTestSuiteMainPhase(TestSuiteExecutor.java:150)&#xa;	at com.kms.katalon.core.main.TestSuiteExecutor.execute(TestSuiteExecutor.java:106)&#xa;	at com.kms.katalon.core.main.TestCaseMain.startTestSuite(TestCaseMain.java:180)&#xa;	at com.kms.katalon.core.main.TestCaseMain$startTestSuite$0.call(Unknown Source)&#xa;	at TempTestSuite1761139058037.run(TempTestSuite1761139058037.groovy:35)&#xa;	at java.base/jdk.internal.reflect.NativeMethodAccessorImpl.invoke0(Native Method)&#xa;	at java.base/jdk.internal.reflect.NativeMethodAccessorImpl.invoke(NativeMethodAccessorImpl.java:77)&#xa;	at java.base/jdk.internal.reflect.DelegatingMethodAccessorImpl.invoke(DelegatingMethodAccessorImpl.java:43)&#xa;Caused by: com.kms.katalon.core.webui.exception.WebElementNotFoundException: Web element with id: 'Object Repository/TripFocus/Orders/Advanced Filters/Advanced Search Fields/KAG_Terminal_dropdown' located by '/html/body/div/div[2]/div/main/div/div[2]/div/div[2]/div/div/div[2]/div/div/div[1]/div[2]/div/div/div[1]' not found&#xa;	at com.kms.katalon.core.webui.common.WebUiCommonHelper.findWebElement(WebUiCommonHelper.java:1423)&#xa;	at com.kms.katalon.core.webui.keyword.internal.WebUIAbstractKeyword.findWebElement(WebUIAbstractKeyword.groovy:27)&#xa;	at com.kms.katalon.core.webui.keyword.builtin.ClickKeyword$_click_closure1.doCall(ClickKeyword.groovy:65)&#xa;	at com.kms.katalon.core.webui.keyword.builtin.ClickKeyword$_click_closure1.call(ClickKeyword.groovy)&#xa;	at com.kms.katalon.core.webui.keyword.internal.WebUIKeywordMain.runKeyword(WebUIKeywordMain.groovy:35)&#xa;	... 22 more&#xa;"/>
         <system-out><![CDATA[22-10-2025T09:36:20 - [TEST_CASE][FAILED] - Test Cases/TripFocus/FDG/FDG - Orders/FDG - Advanced Filter - KAG Terminal: Test Cases/TripFocus/FDG/FDG - Orders/FDG - Advanced Filter - KAG Terminal FAILED.
Reason:
com.kms.katalon.core.exception.StepFailedException: Unable to click on object 'Object Repository/TripFocus/Orders/Advanced Filters/Advanced Search Fields/KAG_Terminal_dropdown'
	at com.kms.katalon.core.webui.keyword.internal.WebUIKeywordMain.stepFailed(WebUIKeywordMain.groovy:117)
	at com.kms.katalon.core.webui.keyword.internal.WebUIKeywordMain.runKeyword(WebUIKeywordMain.groovy:43)
	at com.kms.katalon.core.webui.keyword.builtin.ClickKeyword.click(ClickKeyword.groovy:74)
	at com.kms.katalon.core.webui.keyword.builtin.ClickKeyword.execute(ClickKeyword.groovy:40)
	at com.kms.katalon.core.keyword.internal.KeywordExecutor.executeKeywordForPlatform(KeywordExecutor.groovy:74)
	at com.kms.katalon.core.webui.keyword.WebUiBuiltInKeywords.click(WebUiBuiltInKeywords.groovy:659)
	at com.kms.katalon.core.webui.keyword.WebUiBuiltInKeywords$click$1.call(Unknown Source)
	at FDG - Advanced Filter - KAG Terminal.run(FDG - Advanced Filter - KAG Terminal:61)
	at com.kms.katalon.core.main.ScriptEngine.run(ScriptEngine.java:194)
	at com.kms.katalon.core.main.ScriptEngine.runScriptAsRawText(ScriptEngine.java:119)
	at com.kms.katalon.core.main.TestCaseExecutor.runScript(TestCaseExecutor.java:448)
	at com.kms.katalon.core.main.TestCaseExecutor.doExecute(TestCaseExecutor.java:439)
	at com.kms.katalon.core.main.TestCaseExecutor.processExecutionPhase(TestCaseExecutor.java:418)
	at com.kms.katalon.core.main.TestCaseExecutor.accessMainPhase(TestCaseExecutor.java:410)
	at com.kms.katalon.core.main.TestCaseExecutor.execute(TestCaseExecutor.java:285)
	at com.kms.katalon.core.common.CommonExecutor.accessTestCaseMainPhase(CommonExecutor.java:65)
	at com.kms.katalon.core.main.TestSuiteExecutor.accessTestSuiteMainPhase(TestSuiteExecutor.java:150)
	at com.kms.katalon.core.main.TestSuiteExecutor.execute(TestSuiteExecutor.java:106)
	at com.kms.katalon.core.main.TestCaseMain.startTestSuite(TestCaseMain.java:180)
	at com.kms.katalon.core.main.TestCaseMain$startTestSuite$0.call(Unknown Source)
	at TempTestSuite1761139058037.run(TempTestSuite1761139058037.groovy:35)
	at java.base/jdk.internal.reflect.NativeMethodAccessorImpl.invoke0(Native Method)
	at java.base/jdk.internal.reflect.NativeMethodAccessorImpl.invoke(NativeMethodAccessorImpl.java:77)
	at java.base/jdk.internal.reflect.DelegatingMethodAccessorImpl.invoke(DelegatingMethodAccessorImpl.java:43)
Caused by: com.kms.katalon.core.webui.exception.WebElementNotFoundException: Web element with id: 'Object Repository/TripFocus/Orders/Advanced Filters/Advanced Search Fields/KAG_Terminal_dropdown' located by '/html/body/div/div[2]/div/main/div/div[2]/div/div[2]/div/div/div[2]/div/div/div[1]/div[2]/div/div/div[1]' not found
	at com.kms.katalon.core.webui.common.WebUiCommonHelper.findWebElement(WebUiCommonHelper.java:1423)
	at com.kms.katalon.core.webui.keyword.internal.WebUIAbstractKeyword.findWebElement(WebUIAbstractKeyword.groovy:27)
	at com.kms.katalon.core.webui.keyword.builtin.ClickKeyword$_click_closure1.doCall(ClickKeyword.groovy:65)
	at com.kms.katalon.core.webui.keyword.builtin.ClickKeyword$_click_closure1.call(ClickKeyword.groovy)
	at com.kms.katalon.core.webui.keyword.internal.WebUIKeywordMain.runKeyword(WebUIKeywordMain.groovy:35)
	... 22 more


22-10-2025T09:36:21 - [TEST_STEP][PASSED] - Start listener action : beforeTestCase: null

22-10-2025T09:36:21 - [TEST_STEP][PASSED] - addDefaultPackages(): null

22-10-2025T09:36:21 - [TEST_STEP][PASSED] - openBrowser(""): Browser is opened with url: ''

22-10-2025T09:36:21 - [MESSAGE][INFO] - Starting 'Chrome' driver

22-10-2025T09:36:21 - [MESSAGE][INFO] - User set preference: ['args', '[--no-sandbox, --disable-gpu, --disable-dev-shm-usage]']

22-10-2025T09:36:21 - [MESSAGE][INFO] - Action delay is set to 0 milliseconds

22-10-2025T09:36:21 - [MESSAGE][PASSED] - Browser is opened with url: ''

22-10-2025T09:36:21 - [TEST_STEP][PASSED] - navigateToUrl(TFBaseURL): Navigate to 'https://www.qa.tripfocus.com' successfully

22-10-2025T09:36:23 - [MESSAGE][PASSED] - Navigate to 'https://www.qa.tripfocus.com' successfully

22-10-2025T09:36:23 - [TEST_STEP][PASSED] - click(findTestObject("Object Repository/TripFocus/Page_TripFocus/button_Sign in")): Object: 'Object Repository/TripFocus/Page_TripFocus/button_Sign in' is clicked on

22-10-2025T09:36:23 - [MESSAGE][PASSED] - Object: 'Object Repository/TripFocus/Page_TripFocus/button_Sign in' is clicked on

22-10-2025T09:36:23 - [TEST_STEP][PASSED] - setText(findTestObject("Object Repository/TripFocus/Page_TripFocus/input_Username (e.g. email address)_Username"), TripFocusFDGUsername): Text 'Ashford.Chenault+QACustomerFDGONLY@thekag.com' is set on object 'Object Repository/TripFocus/Page_TripFocus/input_Username (e.g. email address)_Username'

22-10-2025T09:36:24 - [MESSAGE][PASSED] - Text 'Ashford.Chenault+QACustomerFDGONLY@thekag.com' is set on object 'Object Repository/TripFocus/Page_TripFocus/input_Username (e.g. email address)_Username'

22-10-2025T09:36:24 - [TEST_STEP][PASSED] - setText(findTestObject("Object Repository/TripFocus/Page_TripFocus/input_Password_Password"), TripFocusFDGSPGPassword): Text 'CrashBan911!!' is set on object 'Object Repository/TripFocus/Page_TripFocus/input_Password_Password'

22-10-2025T09:36:24 - [MESSAGE][PASSED] - Text 'CrashBan911!!' is set on object 'Object Repository/TripFocus/Page_TripFocus/input_Password_Password'

22-10-2025T09:36:24 - [TEST_STEP][PASSED] - click(findTestObject("Object Repository/TripFocus/Page_TripFocus/button_Login")): Object: 'Object Repository/TripFocus/Page_TripFocus/button_Login' is clicked on

22-10-2025T09:36:24 - [MESSAGE][PASSED] - Object: 'Object Repository/TripFocus/Page_TripFocus/button_Login' is clicked on

22-10-2025T09:36:24 - [TEST_STEP][PASSED] - maximizeWindow(): Current window maximized

22-10-2025T09:36:24 - [MESSAGE][PASSED] - Current window maximized

22-10-2025T09:36:24 - [TEST_STEP][PASSED] - waitForElementVisible(findTestObject("TripFocus/Testing_Notification_btn"), 15, OPTIONAL): Web element with id: 'Object Repository/TripFocus/Testing_Notification_btn' located by '//*[@id="__BVID__10___BV_modal_footer_"]/button' not found

22-10-2025T09:36:40 - [MESSAGE][INFO] - Unable to find the element located by 'By.xpath: //*[@id="__BVID__10___BV_modal_footer_"]/button'. Please recheck the objects properties to make sure the desired element is located. 

22-10-2025T09:36:40 - [MESSAGE][WARNING] - [SELF-HEALING] Failed to find element with id 'Object Repository/TripFocus/Testing_Notification_btn'. Try using Self-healing.

22-10-2025T09:36:41 - [MESSAGE][INFO] - [SELF-HEALING] No working XPath is found.

22-10-2025T09:36:43 - [MESSAGE][INFO] - Unable to find the element located by 'By.xpath: '. Please recheck the objects properties to make sure the desired element is located. 

22-10-2025T09:36:43 - [MESSAGE][WARNING] - [SELF-HEALING] Cannot find elements when the selector is null

22-10-2025T09:36:43 - [MESSAGE][WARNING] - Web element with id: 'Object Repository/TripFocus/Testing_Notification_btn' located by '//*[@id="__BVID__10___BV_modal_footer_"]/button' not found

22-10-2025T09:36:43 - [TEST_STEP][PASSED] - if (verifyElementVisible(findTestObject("TripFocus/Testing_Notification_btn"), OPTIONAL) == true): Web element with id: 'Object Repository/TripFocus/Testing_Notification_btn' located by '//*[@id="__BVID__10___BV_modal_footer_"]/button' not found (Root cause: com.kms.katalon.core.exception.StepFailedException: Web element with id: 'Object Repository/TripFocus/Testing_Notification_btn' located by '//*[@id="__BVID__10___BV_modal_footer_"]/button' not found
	at com.kms.katalon.core.webui.keyword.internal.WebUIKeywordMain.stepFailed(WebUIKeywordMain.groovy:117)
	at com.kms.katalon.core.webui.keyword.builtin.VerifyElementVisibleKeyword$_verifyElementVisible_closure1.doCall(VerifyElementVisibleKeyword.groovy:89)
	at com.kms.katalon.core.webui.keyword.builtin.VerifyElementVisibleKeyword$_verifyElementVisible_closure1.call(VerifyElementVisibleKeyword.groovy)
	at com.kms.katalon.core.webui.keyword.internal.WebUIKeywordMain.runKeyword(WebUIKeywordMain.groovy:35)
	at com.kms.katalon.core.webui.keyword.builtin.VerifyElementVisibleKeyword.verifyElementVisible(VerifyElementVisibleKeyword.groovy:97)
	at com.kms.katalon.core.webui.keyword.builtin.VerifyElementVisibleKeyword.execute(VerifyElementVisibleKeyword.groovy:67)
	at com.kms.katalon.core.keyword.internal.KeywordExecutor.executeKeywordForPlatform(KeywordExecutor.groovy:74)
	at com.kms.katalon.core.webui.keyword.WebUiBuiltInKeywords.verifyElementVisible(WebUiBuiltInKeywords.groovy:401)
	at com.kms.katalon.core.webui.keyword.WebUiBuiltInKeywords$verifyElementVisible$5.call(Unknown Source)
	at FDG - Advanced Filter - KAG Terminal.run(FDG - Advanced Filter - KAG Terminal:38)
	at com.kms.katalon.core.main.ScriptEngine.run(ScriptEngine.java:194)
	at com.kms.katalon.core.main.ScriptEngine.runScriptAsRawText(ScriptEngine.java:119)
	at com.kms.katalon.core.main.TestCaseExecutor.runScript(TestCaseExecutor.java:448)
	at com.kms.katalon.core.main.TestCaseExecutor.doExecute(TestCaseExecutor.java:439)
	at com.kms.katalon.core.main.TestCaseExecutor.processExecutionPhase(TestCaseExecutor.java:418)
	at com.kms.katalon.core.main.TestCaseExecutor.accessMainPhase(TestCaseExecutor.java:410)
	at com.kms.katalon.core.main.TestCaseExecutor.execute(TestCaseExecutor.java:285)
	at com.kms.katalon.core.common.CommonExecutor.accessTestCaseMainPhase(CommonExecutor.java:65)
	at com.kms.katalon.core.main.TestSuiteExecutor.accessTestSuiteMainPhase(TestSuiteExecutor.java:150)
	at com.kms.katalon.core.main.TestSuiteExecutor.execute(TestSuiteExecutor.java:106)
	at com.kms.katalon.core.main.TestCaseMain.startTestSuite(TestCaseMain.java:180)
	at com.kms.katalon.core.main.TestCaseMain$startTestSuite$0.call(Unknown Source)
	at TempTestSuite1761139058037.run(TempTestSuite1761139058037.groovy:35)
	at java.base/jdk.internal.reflect.NativeMethodAccessorImpl.invoke0(Native Method)
	at java.base/jdk.internal.reflect.NativeMethodAccessorImpl.invoke(NativeMethodAccessorImpl.java:77)
	at java.base/jdk.internal.reflect.DelegatingMethodAccessorImpl.invoke(DelegatingMethodAccessorImpl.java:43)
)

22-10-2025T09:36:59 - [MESSAGE][INFO] - Unable to find the element located by 'By.xpath: //*[@id="__BVID__10___BV_modal_footer_"]/button'. Please recheck the objects properties to make sure the desired element is located. 

22-10-2025T09:36:59 - [MESSAGE][WARNING] - [SELF-HEALING] Failed to find element with id 'Object Repository/TripFocus/Testing_Notification_btn'. Try using Self-healing.

22-10-2025T09:37:00 - [MESSAGE][INFO] - [SELF-HEALING] No working XPath is found.

22-10-2025T09:37:03 - [MESSAGE][INFO] - Unable to find the element located by 'By.xpath: '. Please recheck the objects properties to make sure the desired element is located. 

22-10-2025T09:37:03 - [MESSAGE][WARNING] - [SELF-HEALING] Cannot find elements when the selector is null

22-10-2025T09:37:03 - [MESSAGE][WARNING] - Web element with id: 'Object Repository/TripFocus/Testing_Notification_btn' located by '//*[@id="__BVID__10___BV_modal_footer_"]/button' not found (Root cause: com.kms.katalon.core.exception.StepFailedException: Web element with id: 'Object Repository/TripFocus/Testing_Notification_btn' located by '//*[@id="__BVID__10___BV_modal_footer_"]/button' not found
	at com.kms.katalon.core.webui.keyword.internal.WebUIKeywordMain.stepFailed(WebUIKeywordMain.groovy:117)
	at com.kms.katalon.core.webui.keyword.builtin.VerifyElementVisibleKeyword$_verifyElementVisible_closure1.doCall(VerifyElementVisibleKeyword.groovy:89)
	at com.kms.katalon.core.webui.keyword.builtin.VerifyElementVisibleKeyword$_verifyElementVisible_closure1.call(VerifyElementVisibleKeyword.groovy)
	at com.kms.katalon.core.webui.keyword.internal.WebUIKeywordMain.runKeyword(WebUIKeywordMain.groovy:35)
	at com.kms.katalon.core.webui.keyword.builtin.VerifyElementVisibleKeyword.verifyElementVisible(VerifyElementVisibleKeyword.groovy:97)
	at com.kms.katalon.core.webui.keyword.builtin.VerifyElementVisibleKeyword.execute(VerifyElementVisibleKeyword.groovy:67)
	at com.kms.katalon.core.keyword.internal.KeywordExecutor.executeKeywordForPlatform(KeywordExecutor.groovy:74)
	at com.kms.katalon.core.webui.keyword.WebUiBuiltInKeywords.verifyElementVisible(WebUiBuiltInKeywords.groovy:401)
	at com.kms.katalon.core.webui.keyword.WebUiBuiltInKeywords$verifyElementVisible$5.call(Unknown Source)
	at FDG - Advanced Filter - KAG Terminal.run(FDG - Advanced Filter - KAG Terminal:38)
	at com.kms.katalon.core.main.ScriptEngine.run(ScriptEngine.java:194)
	at com.kms.katalon.core.main.ScriptEngine.runScriptAsRawText(ScriptEngine.java:119)
	at com.kms.katalon.core.main.TestCaseExecutor.runScript(TestCaseExecutor.java:448)
	at com.kms.katalon.core.main.TestCaseExecutor.doExecute(TestCaseExecutor.java:439)
	at com.kms.katalon.core.main.TestCaseExecutor.processExecutionPhase(TestCaseExecutor.java:418)
	at com.kms.katalon.core.main.TestCaseExecutor.accessMainPhase(TestCaseExecutor.java:410)
	at com.kms.katalon.core.main.TestCaseExecutor.execute(TestCaseExecutor.java:285)
	at com.kms.katalon.core.common.CommonExecutor.accessTestCaseMainPhase(CommonExecutor.java:65)
	at com.kms.katalon.core.main.TestSuiteExecutor.accessTestSuiteMainPhase(TestSuiteExecutor.java:150)
	at com.kms.katalon.core.main.TestSuiteExecutor.execute(TestSuiteExecutor.java:106)
	at com.kms.katalon.core.main.TestCaseMain.startTestSuite(TestCaseMain.java:180)
	at com.kms.katalon.core.main.TestCaseMain$startTestSuite$0.call(Unknown Source)
	at TempTestSuite1761139058037.run(TempTestSuite1761139058037.groovy:35)
	at java.base/jdk.internal.reflect.NativeMethodAccessorImpl.invoke0(Native Method)
	at java.base/jdk.internal.reflect.NativeMethodAccessorImpl.invoke(NativeMethodAccessorImpl.java:77)
	at java.base/jdk.internal.reflect.DelegatingMethodAccessorImpl.invoke(DelegatingMethodAccessorImpl.java:43)
)

22-10-2025T09:37:03 - [TEST_STEP][PASSED] - click(findTestObject("TripFocus/SSO/SSO Orders Tab")): Object: 'Object Repository/TripFocus/SSO/SSO Orders Tab' is clicked on

22-10-2025T09:37:03 - [MESSAGE][PASSED] - Object: 'Object Repository/TripFocus/SSO/SSO Orders Tab' is clicked on

22-10-2025T09:37:03 - [TEST_STEP][PASSED] - waitForElementClickable(findTestObject("TripFocus/Orders/Advanced Filters_btn"), 30): Object 'Object Repository/TripFocus/Orders/Advanced Filters_btn' is clickable

22-10-2025T09:37:03 - [MESSAGE][PASSED] - Object 'Object Repository/TripFocus/Orders/Advanced Filters_btn' is clickable

22-10-2025T09:37:03 - [TEST_STEP][PASSED] - click(findTestObject("TripFocus/Orders/Advanced Filters_btn"), STOP_ON_FAILURE): Object: 'Object Repository/TripFocus/Orders/Advanced Filters_btn' is clicked on

22-10-2025T09:37:04 - [MESSAGE][PASSED] - Object: 'Object Repository/TripFocus/Orders/Advanced Filters_btn' is clicked on

22-10-2025T09:37:04 - [TEST_STEP][PASSED] - delay(2): Delayed 2 second(s)

22-10-2025T09:37:06 - [MESSAGE][PASSED] - Delayed 2 second(s)

22-10-2025T09:37:06 - [TEST_STEP][PASSED] - click(findTestObject("TripFocus/Orders/Advanced Filters/Advanced Search Fields/Advanced_Search_Fields_dropdown")): Object: 'Object Repository/TripFocus/Orders/Advanced Filters/Advanced Search Fields/Advanced_Search_Fields_dropdown' is clicked on

22-10-2025T09:37:06 - [MESSAGE][PASSED] - Object: 'Object Repository/TripFocus/Orders/Advanced Filters/Advanced Search Fields/Advanced_Search_Fields_dropdown' is clicked on

22-10-2025T09:37:06 - [TEST_STEP][PASSED] - delay(2): Delayed 2 second(s)

22-10-2025T09:37:08 - [MESSAGE][PASSED] - Delayed 2 second(s)

22-10-2025T09:37:08 - [TEST_STEP][FAILED] - click(findTestObject("TripFocus/Orders/Advanced Filters/Advanced Search Fields/KAG_Terminal_dropdown")): Unable to click on object 'Object Repository/TripFocus/Orders/Advanced Filters/Advanced Search Fields/KAG_Terminal_dropdown' (Root cause: com.kms.katalon.core.exception.StepFailedException: Unable to click on object 'Object Repository/TripFocus/Orders/Advanced Filters/Advanced Search Fields/KAG_Terminal_dropdown'
	at com.kms.katalon.core.webui.keyword.internal.WebUIKeywordMain.stepFailed(WebUIKeywordMain.groovy:117)
	at com.kms.katalon.core.webui.keyword.internal.WebUIKeywordMain.runKeyword(WebUIKeywordMain.groovy:43)
	at com.kms.katalon.core.webui.keyword.builtin.ClickKeyword.click(ClickKeyword.groovy:74)
	at com.kms.katalon.core.webui.keyword.builtin.ClickKeyword.execute(ClickKeyword.groovy:40)
	at com.kms.katalon.core.keyword.internal.KeywordExecutor.executeKeywordForPlatform(KeywordExecutor.groovy:74)
	at com.kms.katalon.core.webui.keyword.WebUiBuiltInKeywords.click(WebUiBuiltInKeywords.groovy:659)
	at com.kms.katalon.core.webui.keyword.WebUiBuiltInKeywords$click$1.call(Unknown Source)
	at FDG - Advanced Filter - KAG Terminal.run(FDG - Advanced Filter - KAG Terminal:61)
	at com.kms.katalon.core.main.ScriptEngine.run(ScriptEngine.java:194)
	at com.kms.katalon.core.main.ScriptEngine.runScriptAsRawText(ScriptEngine.java:119)
	at com.kms.katalon.core.main.TestCaseExecutor.runScript(TestCaseExecutor.java:448)
	at com.kms.katalon.core.main.TestCaseExecutor.doExecute(TestCaseExecutor.java:439)
	at com.kms.katalon.core.main.TestCaseExecutor.processExecutionPhase(TestCaseExecutor.java:418)
	at com.kms.katalon.core.main.TestCaseExecutor.accessMainPhase(TestCaseExecutor.java:410)
	at com.kms.katalon.core.main.TestCaseExecutor.execute(TestCaseExecutor.java:285)
	at com.kms.katalon.core.common.CommonExecutor.accessTestCaseMainPhase(CommonExecutor.java:65)
	at com.kms.katalon.core.main.TestSuiteExecutor.accessTestSuiteMainPhase(TestSuiteExecutor.java:150)
	at com.kms.katalon.core.main.TestSuiteExecutor.execute(TestSuiteExecutor.java:106)
	at com.kms.katalon.core.main.TestCaseMain.startTestSuite(TestCaseMain.java:180)
	at com.kms.katalon.core.main.TestCaseMain$startTestSuite$0.call(Unknown Source)
	at TempTestSuite1761139058037.run(TempTestSuite1761139058037.groovy:35)
	at java.base/jdk.internal.reflect.NativeMethodAccessorImpl.invoke0(Native Method)
	at java.base/jdk.internal.reflect.NativeMethodAccessorImpl.invoke(NativeMethodAccessorImpl.java:77)
	at java.base/jdk.internal.reflect.DelegatingMethodAccessorImpl.invoke(DelegatingMethodAccessorImpl.java:43)
Caused by: com.kms.katalon.core.webui.exception.WebElementNotFoundException: Web element with id: 'Object Repository/TripFocus/Orders/Advanced Filters/Advanced Search Fields/KAG_Terminal_dropdown' located by '/html/body/div/div[2]/div/main/div/div[2]/div/div[2]/div/div/div[2]/div/div/div[1]/div[2]/div/div/div[1]' not found
	at com.kms.katalon.core.webui.common.WebUiCommonHelper.findWebElement(WebUiCommonHelper.java:1423)
	at com.kms.katalon.core.webui.keyword.internal.WebUIAbstractKeyword.findWebElement(WebUIAbstractKeyword.groovy:27)
	at com.kms.katalon.core.webui.keyword.builtin.ClickKeyword$_click_closure1.doCall(ClickKeyword.groovy:65)
	at com.kms.katalon.core.webui.keyword.builtin.ClickKeyword$_click_closure1.call(ClickKeyword.groovy)
	at com.kms.katalon.core.webui.keyword.internal.WebUIKeywordMain.runKeyword(WebUIKeywordMain.groovy:35)
	at com.kms.katalon.core.webui.keyword.builtin.ClickKeyword.click(ClickKeyword.groovy:74)
	at com.kms.katalon.core.webui.keyword.builtin.ClickKeyword.execute(ClickKeyword.groovy:40)
	at com.kms.katalon.core.keyword.internal.KeywordExecutor.executeKeywordForPlatform(KeywordExecutor.groovy:74)
	at com.kms.katalon.core.webui.keyword.WebUiBuiltInKeywords.click(WebUiBuiltInKeywords.groovy:659)
	at com.kms.katalon.core.webui.keyword.WebUiBuiltInKeywords$click$1.call(Unknown Source)
	at Script1745007754187.run(Script1745007754187.groovy:61)
	... 16 more
)

22-10-2025T09:37:24 - [MESSAGE][INFO] - Unable to find the element located by 'By.xpath: /html/body/div/div[2]/div/main/div/div[2]/div/div[2]/div/div/div[2]/div/div/div[1]/div[2]/div/div/div[1]'. Please recheck the objects properties to make sure the desired element is located. 

22-10-2025T09:37:24 - [MESSAGE][WARNING] - [SELF-HEALING] Failed to find element with id 'Object Repository/TripFocus/Orders/Advanced Filters/Advanced Search Fields/KAG_Terminal_dropdown'. Try using Self-healing.

22-10-2025T09:37:25 - [MESSAGE][INFO] - [SELF-HEALING] No working XPath is found.

22-10-2025T09:37:27 - [MESSAGE][INFO] - Unable to find the element located by 'By.xpath: '. Please recheck the objects properties to make sure the desired element is located. 

22-10-2025T09:37:27 - [MESSAGE][WARNING] - [SELF-HEALING] Cannot find elements when the selector is null

22-10-2025T09:37:27 - [MESSAGE][FAILED] - Unable to click on object 'Object Repository/TripFocus/Orders/Advanced Filters/Advanced Search Fields/KAG_Terminal_dropdown' (Root cause: com.kms.katalon.core.exception.StepFailedException: Unable to click on object 'Object Repository/TripFocus/Orders/Advanced Filters/Advanced Search Fields/KAG_Terminal_dropdown'
	at com.kms.katalon.core.webui.keyword.internal.WebUIKeywordMain.stepFailed(WebUIKeywordMain.groovy:117)
	at com.kms.katalon.core.webui.keyword.internal.WebUIKeywordMain.runKeyword(WebUIKeywordMain.groovy:43)
	at com.kms.katalon.core.webui.keyword.builtin.ClickKeyword.click(ClickKeyword.groovy:74)
	at com.kms.katalon.core.webui.keyword.builtin.ClickKeyword.execute(ClickKeyword.groovy:40)
	at com.kms.katalon.core.keyword.internal.KeywordExecutor.executeKeywordForPlatform(KeywordExecutor.groovy:74)
	at com.kms.katalon.core.webui.keyword.WebUiBuiltInKeywords.click(WebUiBuiltInKeywords.groovy:659)
	at com.kms.katalon.core.webui.keyword.WebUiBuiltInKeywords$click$1.call(Unknown Source)
	at FDG - Advanced Filter - KAG Terminal.run(FDG - Advanced Filter - KAG Terminal:61)
	at com.kms.katalon.core.main.ScriptEngine.run(ScriptEngine.java:194)
	at com.kms.katalon.core.main.ScriptEngine.runScriptAsRawText(ScriptEngine.java:119)
	at com.kms.katalon.core.main.TestCaseExecutor.runScript(TestCaseExecutor.java:448)
	at com.kms.katalon.core.main.TestCaseExecutor.doExecute(TestCaseExecutor.java:439)
	at com.kms.katalon.core.main.TestCaseExecutor.processExecutionPhase(TestCaseExecutor.java:418)
	at com.kms.katalon.core.main.TestCaseExecutor.accessMainPhase(TestCaseExecutor.java:410)
	at com.kms.katalon.core.main.TestCaseExecutor.execute(TestCaseExecutor.java:285)
	at com.kms.katalon.core.common.CommonExecutor.accessTestCaseMainPhase(CommonExecutor.java:65)
	at com.kms.katalon.core.main.TestSuiteExecutor.accessTestSuiteMainPhase(TestSuiteExecutor.java:150)
	at com.kms.katalon.core.main.TestSuiteExecutor.execute(TestSuiteExecutor.java:106)
	at com.kms.katalon.core.main.TestCaseMain.startTestSuite(TestCaseMain.java:180)
	at com.kms.katalon.core.main.TestCaseMain$startTestSuite$0.call(Unknown Source)
	at TempTestSuite1761139058037.run(TempTestSuite1761139058037.groovy:35)
	at java.base/jdk.internal.reflect.NativeMethodAccessorImpl.invoke0(Native Method)
	at java.base/jdk.internal.reflect.NativeMethodAccessorImpl.invoke(NativeMethodAccessorImpl.java:77)
	at java.base/jdk.internal.reflect.DelegatingMethodAccessorImpl.invoke(DelegatingMethodAccessorImpl.java:43)
Caused by: com.kms.katalon.core.webui.exception.WebElementNotFoundException: Web element with id: 'Object Repository/TripFocus/Orders/Advanced Filters/Advanced Search Fields/KAG_Terminal_dropdown' located by '/html/body/div/div[2]/div/main/div/div[2]/div/div[2]/div/div/div[2]/div/div/div[1]/div[2]/div/div/div[1]' not found
	at com.kms.katalon.core.webui.common.WebUiCommonHelper.findWebElement(WebUiCommonHelper.java:1423)
	at com.kms.katalon.core.webui.keyword.internal.WebUIAbstractKeyword.findWebElement(WebUIAbstractKeyword.groovy:27)
	at com.kms.katalon.core.webui.keyword.builtin.ClickKeyword$_click_closure1.doCall(ClickKeyword.groovy:65)
	at com.kms.katalon.core.webui.keyword.builtin.ClickKeyword$_click_closure1.call(ClickKeyword.groovy)
	at com.kms.katalon.core.webui.keyword.internal.WebUIKeywordMain.runKeyword(WebUIKeywordMain.groovy:35)
	at com.kms.katalon.core.webui.keyword.builtin.ClickKeyword.click(ClickKeyword.groovy:74)
	at com.kms.katalon.core.webui.keyword.builtin.ClickKeyword.execute(ClickKeyword.groovy:40)
	at com.kms.katalon.core.keyword.internal.KeywordExecutor.executeKeywordForPlatform(KeywordExecutor.groovy:74)
	at com.kms.katalon.core.webui.keyword.WebUiBuiltInKeywords.click(WebUiBuiltInKeywords.groovy:659)
	at com.kms.katalon.core.webui.keyword.WebUiBuiltInKeywords$click$1.call(Unknown Source)
	at Script1745007754187.run(Script1745007754187.groovy:61)
	... 16 more
)

22-10-2025T09:37:27 - [TEST_STEP][PASSED] - Start listener action : retryOnDisconnect: Current window's url is: 'https://www.qa.tripfocus.com/order-tenders'

22-10-2025T09:37:27 - [TEST_STEP][PASSED] - tcId = testCaseContext.getTestCaseId(): null

22-10-2025T09:37:27 - [TEST_STEP][PASSED] - currentRetry = retryCounts.getOrDefault(tcId, 0): null

22-10-2025T09:37:27 - [TEST_STEP][PASSED] - if (testCaseContext.getTestCaseStatus() == "FAILED" && currentRetry < MAX_RETRIES): Current window's url is: 'https://www.qa.tripfocus.com/order-tenders'

22-10-2025T09:37:27 - [TEST_STEP][PASSED] - try: Current window's url is: 'https://www.qa.tripfocus.com/order-tenders'

22-10-2025T09:37:27 - [TEST_STEP][PASSED] - comment(Checking for WebDriver disconnect for test case: $tcId): Checking for WebDriver disconnect for test case: Test Cases/TripFocus/FDG/FDG - Orders/FDG - Advanced Filter - KAG Terminal

22-10-2025T09:37:27 - [MESSAGE][INFO] - Checking for WebDriver disconnect for test case: Test Cases/TripFocus/FDG/FDG - Orders/FDG - Advanced Filter - KAG Terminal

22-10-2025T09:37:27 - [TEST_STEP][PASSED] - getUrl(): Current window's url is: 'https://www.qa.tripfocus.com/order-tenders'

22-10-2025T09:37:27 - [MESSAGE][PASSED] - Current window's url is: 'https://www.qa.tripfocus.com/order-tenders']]></system-out>
         <system-err><![CDATA[22-10-2025T09:36:20 - [TEST_CASE][FAILED] - Test Cases/TripFocus/FDG/FDG - Orders/FDG - Advanced Filter - KAG Terminal: Test Cases/TripFocus/FDG/FDG - Orders/FDG - Advanced Filter - KAG Terminal FAILED.
Reason:
com.kms.katalon.core.exception.StepFailedException: Unable to click on object 'Object Repository/TripFocus/Orders/Advanced Filters/Advanced Search Fields/KAG_Terminal_dropdown'
	at com.kms.katalon.core.webui.keyword.internal.WebUIKeywordMain.stepFailed(WebUIKeywordMain.groovy:117)
	at com.kms.katalon.core.webui.keyword.internal.WebUIKeywordMain.runKeyword(WebUIKeywordMain.groovy:43)
	at com.kms.katalon.core.webui.keyword.builtin.ClickKeyword.click(ClickKeyword.groovy:74)
	at com.kms.katalon.core.webui.keyword.builtin.ClickKeyword.execute(ClickKeyword.groovy:40)
	at com.kms.katalon.core.keyword.internal.KeywordExecutor.executeKeywordForPlatform(KeywordExecutor.groovy:74)
	at com.kms.katalon.core.webui.keyword.WebUiBuiltInKeywords.click(WebUiBuiltInKeywords.groovy:659)
	at com.kms.katalon.core.webui.keyword.WebUiBuiltInKeywords$click$1.call(Unknown Source)
	at FDG - Advanced Filter - KAG Terminal.run(FDG - Advanced Filter - KAG Terminal:61)
	at com.kms.katalon.core.main.ScriptEngine.run(ScriptEngine.java:194)
	at com.kms.katalon.core.main.ScriptEngine.runScriptAsRawText(ScriptEngine.java:119)
	at com.kms.katalon.core.main.TestCaseExecutor.runScript(TestCaseExecutor.java:448)
	at com.kms.katalon.core.main.TestCaseExecutor.doExecute(TestCaseExecutor.java:439)
	at com.kms.katalon.core.main.TestCaseExecutor.processExecutionPhase(TestCaseExecutor.java:418)
	at com.kms.katalon.core.main.TestCaseExecutor.accessMainPhase(TestCaseExecutor.java:410)
	at com.kms.katalon.core.main.TestCaseExecutor.execute(TestCaseExecutor.java:285)
	at com.kms.katalon.core.common.CommonExecutor.accessTestCaseMainPhase(CommonExecutor.java:65)
	at com.kms.katalon.core.main.TestSuiteExecutor.accessTestSuiteMainPhase(TestSuiteExecutor.java:150)
	at com.kms.katalon.core.main.TestSuiteExecutor.execute(TestSuiteExecutor.java:106)
	at com.kms.katalon.core.main.TestCaseMain.startTestSuite(TestCaseMain.java:180)
	at com.kms.katalon.core.main.TestCaseMain$startTestSuite$0.call(Unknown Source)
	at TempTestSuite1761139058037.run(TempTestSuite1761139058037.groovy:35)
	at java.base/jdk.internal.reflect.NativeMethodAccessorImpl.invoke0(Native Method)
	at java.base/jdk.internal.reflect.NativeMethodAccessorImpl.invoke(NativeMethodAccessorImpl.java:77)
	at java.base/jdk.internal.reflect.DelegatingMethodAccessorImpl.invoke(DelegatingMethodAccessorImpl.java:43)
Caused by: com.kms.katalon.core.webui.exception.WebElementNotFoundException: Web element with id: 'Object Repository/TripFocus/Orders/Advanced Filters/Advanced Search Fields/KAG_Terminal_dropdown' located by '/html/body/div/div[2]/div/main/div/div[2]/div/div[2]/div/div/div[2]/div/div/div[1]/div[2]/div/div/div[1]' not found
	at com.kms.katalon.core.webui.common.WebUiCommonHelper.findWebElement(WebUiCommonHelper.java:1423)
	at com.kms.katalon.core.webui.keyword.internal.WebUIAbstractKeyword.findWebElement(WebUIAbstractKeyword.groovy:27)
	at com.kms.katalon.core.webui.keyword.builtin.ClickKeyword$_click_closure1.doCall(ClickKeyword.groovy:65)
	at com.kms.katalon.core.webui.keyword.builtin.ClickKeyword$_click_closure1.call(ClickKeyword.groovy)
	at com.kms.katalon.core.webui.keyword.internal.WebUIKeywordMain.runKeyword(WebUIKeywordMain.groovy:35)
	... 22 more]]></system-err>
      </testcase>
      <testcase name="Test Cases/TripFocus/FDG/FDG - Orders/FDG - Advanced Filter - Order Reference Number" time="64.455" classname="Test Cases/TripFocus/FDG/FDG - Orders/FDG - Advanced Filter - Order Reference Number" status="PASSED">
         <system-out><![CDATA[22-10-2025T09:37:27 - [TEST_CASE][PASSED] - Test Cases/TripFocus/FDG/FDG - Orders/FDG - Advanced Filter - Order Reference Number: Test Cases/TripFocus/FDG/FDG - Orders/FDG - Advanced Filter - Order Reference Number

22-10-2025T09:37:27 - [TEST_STEP][PASSED] - Start listener action : beforeTestCase: null

22-10-2025T09:37:27 - [TEST_STEP][PASSED] - addDefaultPackages(): null

22-10-2025T09:37:27 - [TEST_STEP][PASSED] - openBrowser(""): Browser is opened with url: ''

22-10-2025T09:37:27 - [MESSAGE][WARNING] - A browser is already opened. Closing browser and opening a new one

22-10-2025T09:37:27 - [MESSAGE][INFO] - Starting 'Chrome' driver

22-10-2025T09:37:27 - [MESSAGE][INFO] - User set preference: ['args', '[--no-sandbox, --disable-gpu, --disable-dev-shm-usage]']

22-10-2025T09:37:27 - [MESSAGE][INFO] - Action delay is set to 0 milliseconds

22-10-2025T09:37:28 - [MESSAGE][PASSED] - Browser is opened with url: ''

22-10-2025T09:37:28 - [TEST_STEP][PASSED] - navigateToUrl(TFBaseURL): Navigate to 'https://www.qa.tripfocus.com' successfully

22-10-2025T09:37:29 - [MESSAGE][PASSED] - Navigate to 'https://www.qa.tripfocus.com' successfully

22-10-2025T09:37:29 - [TEST_STEP][PASSED] - click(findTestObject("Object Repository/TripFocus/Page_TripFocus/button_Sign in")): Object: 'Object Repository/TripFocus/Page_TripFocus/button_Sign in' is clicked on

22-10-2025T09:37:29 - [MESSAGE][PASSED] - Object: 'Object Repository/TripFocus/Page_TripFocus/button_Sign in' is clicked on

22-10-2025T09:37:29 - [TEST_STEP][PASSED] - setText(findTestObject("Object Repository/TripFocus/Page_TripFocus/input_Username (e.g. email address)_Username"), TripFocusFDGUsername): Text 'Ashford.Chenault+QACustomerFDGONLY@thekag.com' is set on object 'Object Repository/TripFocus/Page_TripFocus/input_Username (e.g. email address)_Username'

22-10-2025T09:37:29 - [MESSAGE][PASSED] - Text 'Ashford.Chenault+QACustomerFDGONLY@thekag.com' is set on object 'Object Repository/TripFocus/Page_TripFocus/input_Username (e.g. email address)_Username'

22-10-2025T09:37:29 - [TEST_STEP][PASSED] - setText(findTestObject("Object Repository/TripFocus/Page_TripFocus/input_Password_Password"), TripFocusFDGSPGPassword): Text 'CrashBan911!!' is set on object 'Object Repository/TripFocus/Page_TripFocus/input_Password_Password'

22-10-2025T09:37:29 - [MESSAGE][PASSED] - Text 'CrashBan911!!' is set on object 'Object Repository/TripFocus/Page_TripFocus/input_Password_Password'

22-10-2025T09:37:29 - [TEST_STEP][PASSED] - click(findTestObject("Object Repository/TripFocus/Page_TripFocus/button_Login")): Object: 'Object Repository/TripFocus/Page_TripFocus/button_Login' is clicked on

22-10-2025T09:37:29 - [MESSAGE][PASSED] - Object: 'Object Repository/TripFocus/Page_TripFocus/button_Login' is clicked on

22-10-2025T09:37:29 - [TEST_STEP][PASSED] - maximizeWindow(): Current window maximized

22-10-2025T09:37:30 - [MESSAGE][PASSED] - Current window maximized

22-10-2025T09:37:30 - [TEST_STEP][PASSED] - waitForElementVisible(findTestObject("TripFocus/Testing_Notification_btn"), 15, OPTIONAL): Web element with id: 'Object Repository/TripFocus/Testing_Notification_btn' located by '//*[@id="__BVID__10___BV_modal_footer_"]/button' not found

22-10-2025T09:37:46 - [MESSAGE][INFO] - Unable to find the element located by 'By.xpath: //*[@id="__BVID__10___BV_modal_footer_"]/button'. Please recheck the objects properties to make sure the desired element is located. 

22-10-2025T09:37:46 - [MESSAGE][WARNING] - [SELF-HEALING] Failed to find element with id 'Object Repository/TripFocus/Testing_Notification_btn'. Try using Self-healing.

22-10-2025T09:37:47 - [MESSAGE][INFO] - [SELF-HEALING] No working XPath is found.

22-10-2025T09:37:49 - [MESSAGE][INFO] - Unable to find the element located by 'By.xpath: '. Please recheck the objects properties to make sure the desired element is located. 

22-10-2025T09:37:49 - [MESSAGE][WARNING] - [SELF-HEALING] Cannot find elements when the selector is null

22-10-2025T09:37:49 - [MESSAGE][WARNING] - Web element with id: 'Object Repository/TripFocus/Testing_Notification_btn' located by '//*[@id="__BVID__10___BV_modal_footer_"]/button' not found

22-10-2025T09:37:49 - [TEST_STEP][PASSED] - if (verifyElementVisible(findTestObject("TripFocus/Testing_Notification_btn"), OPTIONAL) == true): Web element with id: 'Object Repository/TripFocus/Testing_Notification_btn' located by '//*[@id="__BVID__10___BV_modal_footer_"]/button' not found (Root cause: com.kms.katalon.core.exception.StepFailedException: Web element with id: 'Object Repository/TripFocus/Testing_Notification_btn' located by '//*[@id="__BVID__10___BV_modal_footer_"]/button' not found
	at com.kms.katalon.core.webui.keyword.internal.WebUIKeywordMain.stepFailed(WebUIKeywordMain.groovy:117)
	at com.kms.katalon.core.webui.keyword.builtin.VerifyElementVisibleKeyword$_verifyElementVisible_closure1.doCall(VerifyElementVisibleKeyword.groovy:89)
	at com.kms.katalon.core.webui.keyword.builtin.VerifyElementVisibleKeyword$_verifyElementVisible_closure1.call(VerifyElementVisibleKeyword.groovy)
	at com.kms.katalon.core.webui.keyword.internal.WebUIKeywordMain.runKeyword(WebUIKeywordMain.groovy:35)
	at com.kms.katalon.core.webui.keyword.builtin.VerifyElementVisibleKeyword.verifyElementVisible(VerifyElementVisibleKeyword.groovy:97)
	at com.kms.katalon.core.webui.keyword.builtin.VerifyElementVisibleKeyword.execute(VerifyElementVisibleKeyword.groovy:67)
	at com.kms.katalon.core.keyword.internal.KeywordExecutor.executeKeywordForPlatform(KeywordExecutor.groovy:74)
	at com.kms.katalon.core.webui.keyword.WebUiBuiltInKeywords.verifyElementVisible(WebUiBuiltInKeywords.groovy:401)
	at com.kms.katalon.core.webui.keyword.WebUiBuiltInKeywords$verifyElementVisible$5.call(Unknown Source)
	at FDG - Advanced Filter - Order Reference Number.run(FDG - Advanced Filter - Order Reference Number:38)
	at com.kms.katalon.core.main.ScriptEngine.run(ScriptEngine.java:194)
	at com.kms.katalon.core.main.ScriptEngine.runScriptAsRawText(ScriptEngine.java:119)
	at com.kms.katalon.core.main.TestCaseExecutor.runScript(TestCaseExecutor.java:448)
	at com.kms.katalon.core.main.TestCaseExecutor.doExecute(TestCaseExecutor.java:439)
	at com.kms.katalon.core.main.TestCaseExecutor.processExecutionPhase(TestCaseExecutor.java:418)
	at com.kms.katalon.core.main.TestCaseExecutor.accessMainPhase(TestCaseExecutor.java:410)
	at com.kms.katalon.core.main.TestCaseExecutor.execute(TestCaseExecutor.java:285)
	at com.kms.katalon.core.common.CommonExecutor.accessTestCaseMainPhase(CommonExecutor.java:65)
	at com.kms.katalon.core.main.TestSuiteExecutor.accessTestSuiteMainPhase(TestSuiteExecutor.java:150)
	at com.kms.katalon.core.main.TestSuiteExecutor.execute(TestSuiteExecutor.java:106)
	at com.kms.katalon.core.main.TestCaseMain.startTestSuite(TestCaseMain.java:180)
	at com.kms.katalon.core.main.TestCaseMain$startTestSuite$0.call(Unknown Source)
	at TempTestSuite1761139058037.run(TempTestSuite1761139058037.groovy:35)
	at java.base/jdk.internal.reflect.NativeMethodAccessorImpl.invoke0(Native Method)
	at java.base/jdk.internal.reflect.NativeMethodAccessorImpl.invoke(NativeMethodAccessorImpl.java:77)
	at java.base/jdk.internal.reflect.DelegatingMethodAccessorImpl.invoke(DelegatingMethodAccessorImpl.java:43)
)

22-10-2025T09:38:05 - [MESSAGE][INFO] - Unable to find the element located by 'By.xpath: //*[@id="__BVID__10___BV_modal_footer_"]/button'. Please recheck the objects properties to make sure the desired element is located. 

22-10-2025T09:38:05 - [MESSAGE][WARNING] - [SELF-HEALING] Failed to find element with id 'Object Repository/TripFocus/Testing_Notification_btn'. Try using Self-healing.

22-10-2025T09:38:06 - [MESSAGE][INFO] - [SELF-HEALING] No working XPath is found.

22-10-2025T09:38:08 - [MESSAGE][INFO] - Unable to find the element located by 'By.xpath: '. Please recheck the objects properties to make sure the desired element is located. 

22-10-2025T09:38:08 - [MESSAGE][WARNING] - [SELF-HEALING] Cannot find elements when the selector is null

22-10-2025T09:38:08 - [MESSAGE][WARNING] - Web element with id: 'Object Repository/TripFocus/Testing_Notification_btn' located by '//*[@id="__BVID__10___BV_modal_footer_"]/button' not found (Root cause: com.kms.katalon.core.exception.StepFailedException: Web element with id: 'Object Repository/TripFocus/Testing_Notification_btn' located by '//*[@id="__BVID__10___BV_modal_footer_"]/button' not found
	at com.kms.katalon.core.webui.keyword.internal.WebUIKeywordMain.stepFailed(WebUIKeywordMain.groovy:117)
	at com.kms.katalon.core.webui.keyword.builtin.VerifyElementVisibleKeyword$_verifyElementVisible_closure1.doCall(VerifyElementVisibleKeyword.groovy:89)
	at com.kms.katalon.core.webui.keyword.builtin.VerifyElementVisibleKeyword$_verifyElementVisible_closure1.call(VerifyElementVisibleKeyword.groovy)
	at com.kms.katalon.core.webui.keyword.internal.WebUIKeywordMain.runKeyword(WebUIKeywordMain.groovy:35)
	at com.kms.katalon.core.webui.keyword.builtin.VerifyElementVisibleKeyword.verifyElementVisible(VerifyElementVisibleKeyword.groovy:97)
	at com.kms.katalon.core.webui.keyword.builtin.VerifyElementVisibleKeyword.execute(VerifyElementVisibleKeyword.groovy:67)
	at com.kms.katalon.core.keyword.internal.KeywordExecutor.executeKeywordForPlatform(KeywordExecutor.groovy:74)
	at com.kms.katalon.core.webui.keyword.WebUiBuiltInKeywords.verifyElementVisible(WebUiBuiltInKeywords.groovy:401)
	at com.kms.katalon.core.webui.keyword.WebUiBuiltInKeywords$verifyElementVisible$5.call(Unknown Source)
	at FDG - Advanced Filter - Order Reference Number.run(FDG - Advanced Filter - Order Reference Number:38)
	at com.kms.katalon.core.main.ScriptEngine.run(ScriptEngine.java:194)
	at com.kms.katalon.core.main.ScriptEngine.runScriptAsRawText(ScriptEngine.java:119)
	at com.kms.katalon.core.main.TestCaseExecutor.runScript(TestCaseExecutor.java:448)
	at com.kms.katalon.core.main.TestCaseExecutor.doExecute(TestCaseExecutor.java:439)
	at com.kms.katalon.core.main.TestCaseExecutor.processExecutionPhase(TestCaseExecutor.java:418)
	at com.kms.katalon.core.main.TestCaseExecutor.accessMainPhase(TestCaseExecutor.java:410)
	at com.kms.katalon.core.main.TestCaseExecutor.execute(TestCaseExecutor.java:285)
	at com.kms.katalon.core.common.CommonExecutor.accessTestCaseMainPhase(CommonExecutor.java:65)
	at com.kms.katalon.core.main.TestSuiteExecutor.accessTestSuiteMainPhase(TestSuiteExecutor.java:150)
	at com.kms.katalon.core.main.TestSuiteExecutor.execute(TestSuiteExecutor.java:106)
	at com.kms.katalon.core.main.TestCaseMain.startTestSuite(TestCaseMain.java:180)
	at com.kms.katalon.core.main.TestCaseMain$startTestSuite$0.call(Unknown Source)
	at TempTestSuite1761139058037.run(TempTestSuite1761139058037.groovy:35)
	at java.base/jdk.internal.reflect.NativeMethodAccessorImpl.invoke0(Native Method)
	at java.base/jdk.internal.reflect.NativeMethodAccessorImpl.invoke(NativeMethodAccessorImpl.java:77)
	at java.base/jdk.internal.reflect.DelegatingMethodAccessorImpl.invoke(DelegatingMethodAccessorImpl.java:43)
)

22-10-2025T09:38:08 - [TEST_STEP][PASSED] - click(findTestObject("TripFocus/SSO/SSO Orders Tab")): Object: 'Object Repository/TripFocus/SSO/SSO Orders Tab' is clicked on

22-10-2025T09:38:08 - [MESSAGE][PASSED] - Object: 'Object Repository/TripFocus/SSO/SSO Orders Tab' is clicked on

22-10-2025T09:38:08 - [TEST_STEP][PASSED] - waitForElementClickable(findTestObject("TripFocus/Orders/Advanced Filters_btn"), 30): Object 'Object Repository/TripFocus/Orders/Advanced Filters_btn' is clickable

22-10-2025T09:38:09 - [MESSAGE][PASSED] - Object 'Object Repository/TripFocus/Orders/Advanced Filters_btn' is clickable

22-10-2025T09:38:09 - [TEST_STEP][PASSED] - click(findTestObject("TripFocus/Orders/Advanced Filters_btn"), STOP_ON_FAILURE): Object: 'Object Repository/TripFocus/Orders/Advanced Filters_btn' is clicked on

22-10-2025T09:38:09 - [MESSAGE][PASSED] - Object: 'Object Repository/TripFocus/Orders/Advanced Filters_btn' is clicked on

22-10-2025T09:38:09 - [TEST_STEP][PASSED] - delay(10): Delayed 10 second(s)

22-10-2025T09:38:19 - [MESSAGE][PASSED] - Delayed 10 second(s)

22-10-2025T09:38:19 - [TEST_STEP][PASSED] - setText(findTestObject("Object Repository/TripFocus/Page_TripFocus/textarea_OrderReference Number_txtOrderRefe_fbfcbd"), "54714244"): Text '54714244' is set on object 'Object Repository/TripFocus/Page_TripFocus/textarea_OrderReference Number_txtOrderRefe_fbfcbd'

22-10-2025T09:38:20 - [MESSAGE][PASSED] - Text '54714244' is set on object 'Object Repository/TripFocus/Page_TripFocus/textarea_OrderReference Number_txtOrderRefe_fbfcbd'

22-10-2025T09:38:20 - [TEST_STEP][PASSED] - delay(2): Delayed 2 second(s)

22-10-2025T09:38:22 - [MESSAGE][PASSED] - Delayed 2 second(s)

22-10-2025T09:38:22 - [TEST_STEP][PASSED] - click(findTestObject("TripFocus/Sidebar Minimizer")): Object: 'Object Repository/TripFocus/Sidebar Minimizer' is clicked on

22-10-2025T09:38:22 - [MESSAGE][PASSED] - Object: 'Object Repository/TripFocus/Sidebar Minimizer' is clicked on

22-10-2025T09:38:22 - [TEST_STEP][PASSED] - delay(2): Delayed 2 second(s)

22-10-2025T09:38:24 - [MESSAGE][PASSED] - Delayed 2 second(s)

22-10-2025T09:38:24 - [TEST_STEP][PASSED] - click(findTestObject("TripFocus/Orders/Advanced Filters/Apply Filters_btn")): Object: 'Object Repository/TripFocus/Orders/Advanced Filters/Apply Filters_btn' is clicked on

22-10-2025T09:38:24 - [MESSAGE][PASSED] - Object: 'Object Repository/TripFocus/Orders/Advanced Filters/Apply Filters_btn' is clicked on

22-10-2025T09:38:24 - [TEST_STEP][PASSED] - delay(5): Delayed 5 second(s)

22-10-2025T09:38:29 - [MESSAGE][PASSED] - Delayed 5 second(s)

22-10-2025T09:38:29 - [TEST_STEP][PASSED] - verifyTextPresent("54714244", false): Text '54714244' is present on page 

22-10-2025T09:38:29 - [MESSAGE][PASSED] - Text '54714244' is present on page 

22-10-2025T09:38:29 - [TEST_STEP][PASSED] - delay(2): Delayed 2 second(s)

22-10-2025T09:38:31 - [MESSAGE][PASSED] - Delayed 2 second(s)

22-10-2025T09:38:31 - [TEST_STEP][PASSED] - closeBrowser(): Browser is closed

22-10-2025T09:38:31 - [MESSAGE][PASSED] - Browser is closed

22-10-2025T09:38:31 - [TEST_STEP][PASSED] - Start listener action : retryOnDisconnect: null

22-10-2025T09:38:31 - [TEST_STEP][PASSED] - tcId = testCaseContext.getTestCaseId(): null

22-10-2025T09:38:31 - [TEST_STEP][PASSED] - currentRetry = retryCounts.getOrDefault(tcId, 0): null

22-10-2025T09:38:31 - [TEST_STEP][PASSED] - if (testCaseContext.getTestCaseStatus() == "FAILED" && currentRetry < MAX_RETRIES): null]]></system-out>
         <system-err><![CDATA[]]></system-err>
      </testcase>
      <testcase name="Test Cases/TripFocus/FDG/FDG - Orders/FDG - Advanced Filter - Order Status" time="67.186" classname="Test Cases/TripFocus/FDG/FDG - Orders/FDG - Advanced Filter - Order Status" status="FAILED">
         <failure type="FAILED" message="Test Cases/TripFocus/FDG/FDG - Orders/FDG - Advanced Filter - Order Status FAILED.&#xa;Reason:&#xa;com.kms.katalon.core.exception.StepFailedException: Unable to click on object 'Object Repository/TripFocus/Orders/Advanced Filters/Basic Search Fields/Order_Status_dropdown'&#xa;	at com.kms.katalon.core.webui.keyword.internal.WebUIKeywordMain.stepFailed(WebUIKeywordMain.groovy:117)&#xa;	at com.kms.katalon.core.webui.keyword.internal.WebUIKeywordMain.runKeyword(WebUIKeywordMain.groovy:43)&#xa;	at com.kms.katalon.core.webui.keyword.builtin.ClickKeyword.click(ClickKeyword.groovy:74)&#xa;	at com.kms.katalon.core.webui.keyword.builtin.ClickKeyword.execute(ClickKeyword.groovy:40)&#xa;	at com.kms.katalon.core.keyword.internal.KeywordExecutor.executeKeywordForPlatform(KeywordExecutor.groovy:74)&#xa;	at com.kms.katalon.core.webui.keyword.WebUiBuiltInKeywords.click(WebUiBuiltInKeywords.groovy:659)&#xa;	at com.kms.katalon.core.webui.keyword.WebUiBuiltInKeywords$click$1.call(Unknown Source)&#xa;	at FDG - Advanced Filter - Order Status.run(FDG - Advanced Filter - Order Status:57)&#xa;	at com.kms.katalon.core.main.ScriptEngine.run(ScriptEngine.java:194)&#xa;	at com.kms.katalon.core.main.ScriptEngine.runScriptAsRawText(ScriptEngine.java:119)&#xa;	at com.kms.katalon.core.main.TestCaseExecutor.runScript(TestCaseExecutor.java:448)&#xa;	at com.kms.katalon.core.main.TestCaseExecutor.doExecute(TestCaseExecutor.java:439)&#xa;	at com.kms.katalon.core.main.TestCaseExecutor.processExecutionPhase(TestCaseExecutor.java:418)&#xa;	at com.kms.katalon.core.main.TestCaseExecutor.accessMainPhase(TestCaseExecutor.java:410)&#xa;	at com.kms.katalon.core.main.TestCaseExecutor.execute(TestCaseExecutor.java:285)&#xa;	at com.kms.katalon.core.common.CommonExecutor.accessTestCaseMainPhase(CommonExecutor.java:65)&#xa;	at com.kms.katalon.core.main.TestSuiteExecutor.accessTestSuiteMainPhase(TestSuiteExecutor.java:150)&#xa;	at com.kms.katalon.core.main.TestSuiteExecutor.execute(TestSuiteExecutor.java:106)&#xa;	at com.kms.katalon.core.main.TestCaseMain.startTestSuite(TestCaseMain.java:180)&#xa;	at com.kms.katalon.core.main.TestCaseMain$startTestSuite$0.call(Unknown Source)&#xa;	at TempTestSuite1761139058037.run(TempTestSuite1761139058037.groovy:35)&#xa;	at java.base/jdk.internal.reflect.NativeMethodAccessorImpl.invoke0(Native Method)&#xa;	at java.base/jdk.internal.reflect.NativeMethodAccessorImpl.invoke(NativeMethodAccessorImpl.java:77)&#xa;	at java.base/jdk.internal.reflect.DelegatingMethodAccessorImpl.invoke(DelegatingMethodAccessorImpl.java:43)&#xa;Caused by: com.kms.katalon.core.webui.exception.WebElementNotFoundException: Web element with id: 'Object Repository/TripFocus/Orders/Advanced Filters/Basic Search Fields/Order_Status_dropdown' located by '/html/body/div/div[2]/div/main/div/div[2]/div/div[2]/div/div/div[1]/div/div/div[2]/div[1]/div/div[1]' not found&#xa;	at com.kms.katalon.core.webui.common.WebUiCommonHelper.findWebElement(WebUiCommonHelper.java:1423)&#xa;	at com.kms.katalon.core.webui.keyword.internal.WebUIAbstractKeyword.findWebElement(WebUIAbstractKeyword.groovy:27)&#xa;	at com.kms.katalon.core.webui.keyword.builtin.ClickKeyword$_click_closure1.doCall(ClickKeyword.groovy:65)&#xa;	at com.kms.katalon.core.webui.keyword.builtin.ClickKeyword$_click_closure1.call(ClickKeyword.groovy)&#xa;	at com.kms.katalon.core.webui.keyword.internal.WebUIKeywordMain.runKeyword(WebUIKeywordMain.groovy:35)&#xa;	... 22 more&#xa;"/>
         <system-out><![CDATA[22-10-2025T09:38:31 - [TEST_CASE][FAILED] - Test Cases/TripFocus/FDG/FDG - Orders/FDG - Advanced Filter - Order Status: Test Cases/TripFocus/FDG/FDG - Orders/FDG - Advanced Filter - Order Status FAILED.
Reason:
com.kms.katalon.core.exception.StepFailedException: Unable to click on object 'Object Repository/TripFocus/Orders/Advanced Filters/Basic Search Fields/Order_Status_dropdown'
	at com.kms.katalon.core.webui.keyword.internal.WebUIKeywordMain.stepFailed(WebUIKeywordMain.groovy:117)
	at com.kms.katalon.core.webui.keyword.internal.WebUIKeywordMain.runKeyword(WebUIKeywordMain.groovy:43)
	at com.kms.katalon.core.webui.keyword.builtin.ClickKeyword.click(ClickKeyword.groovy:74)
	at com.kms.katalon.core.webui.keyword.builtin.ClickKeyword.execute(ClickKeyword.groovy:40)
	at com.kms.katalon.core.keyword.internal.KeywordExecutor.executeKeywordForPlatform(KeywordExecutor.groovy:74)
	at com.kms.katalon.core.webui.keyword.WebUiBuiltInKeywords.click(WebUiBuiltInKeywords.groovy:659)
	at com.kms.katalon.core.webui.keyword.WebUiBuiltInKeywords$click$1.call(Unknown Source)
	at FDG - Advanced Filter - Order Status.run(FDG - Advanced Filter - Order Status:57)
	at com.kms.katalon.core.main.ScriptEngine.run(ScriptEngine.java:194)
	at com.kms.katalon.core.main.ScriptEngine.runScriptAsRawText(ScriptEngine.java:119)
	at com.kms.katalon.core.main.TestCaseExecutor.runScript(TestCaseExecutor.java:448)
	at com.kms.katalon.core.main.TestCaseExecutor.doExecute(TestCaseExecutor.java:439)
	at com.kms.katalon.core.main.TestCaseExecutor.processExecutionPhase(TestCaseExecutor.java:418)
	at com.kms.katalon.core.main.TestCaseExecutor.accessMainPhase(TestCaseExecutor.java:410)
	at com.kms.katalon.core.main.TestCaseExecutor.execute(TestCaseExecutor.java:285)
	at com.kms.katalon.core.common.CommonExecutor.accessTestCaseMainPhase(CommonExecutor.java:65)
	at com.kms.katalon.core.main.TestSuiteExecutor.accessTestSuiteMainPhase(TestSuiteExecutor.java:150)
	at com.kms.katalon.core.main.TestSuiteExecutor.execute(TestSuiteExecutor.java:106)
	at com.kms.katalon.core.main.TestCaseMain.startTestSuite(TestCaseMain.java:180)
	at com.kms.katalon.core.main.TestCaseMain$startTestSuite$0.call(Unknown Source)
	at TempTestSuite1761139058037.run(TempTestSuite1761139058037.groovy:35)
	at java.base/jdk.internal.reflect.NativeMethodAccessorImpl.invoke0(Native Method)
	at java.base/jdk.internal.reflect.NativeMethodAccessorImpl.invoke(NativeMethodAccessorImpl.java:77)
	at java.base/jdk.internal.reflect.DelegatingMethodAccessorImpl.invoke(DelegatingMethodAccessorImpl.java:43)
Caused by: com.kms.katalon.core.webui.exception.WebElementNotFoundException: Web element with id: 'Object Repository/TripFocus/Orders/Advanced Filters/Basic Search Fields/Order_Status_dropdown' located by '/html/body/div/div[2]/div/main/div/div[2]/div/div[2]/div/div/div[1]/div/div/div[2]/div[1]/div/div[1]' not found
	at com.kms.katalon.core.webui.common.WebUiCommonHelper.findWebElement(WebUiCommonHelper.java:1423)
	at com.kms.katalon.core.webui.keyword.internal.WebUIAbstractKeyword.findWebElement(WebUIAbstractKeyword.groovy:27)
	at com.kms.katalon.core.webui.keyword.builtin.ClickKeyword$_click_closure1.doCall(ClickKeyword.groovy:65)
	at com.kms.katalon.core.webui.keyword.builtin.ClickKeyword$_click_closure1.call(ClickKeyword.groovy)
	at com.kms.katalon.core.webui.keyword.internal.WebUIKeywordMain.runKeyword(WebUIKeywordMain.groovy:35)
	... 22 more


22-10-2025T09:38:31 - [TEST_STEP][PASSED] - Start listener action : beforeTestCase: null

22-10-2025T09:38:31 - [TEST_STEP][PASSED] - addDefaultPackages(): null

22-10-2025T09:38:32 - [TEST_STEP][PASSED] - openBrowser(""): Browser is opened with url: ''

22-10-2025T09:38:32 - [MESSAGE][INFO] - Starting 'Chrome' driver

22-10-2025T09:38:32 - [MESSAGE][INFO] - User set preference: ['args', '[--no-sandbox, --disable-gpu, --disable-dev-shm-usage]']

22-10-2025T09:38:32 - [MESSAGE][INFO] - Action delay is set to 0 milliseconds

22-10-2025T09:38:33 - [MESSAGE][PASSED] - Browser is opened with url: ''

22-10-2025T09:38:33 - [TEST_STEP][PASSED] - navigateToUrl(TFBaseURL): Navigate to 'https://www.qa.tripfocus.com' successfully

22-10-2025T09:38:33 - [MESSAGE][PASSED] - Navigate to 'https://www.qa.tripfocus.com' successfully

22-10-2025T09:38:33 - [TEST_STEP][PASSED] - click(findTestObject("Object Repository/TripFocus/Page_TripFocus/button_Sign in")): Object: 'Object Repository/TripFocus/Page_TripFocus/button_Sign in' is clicked on

22-10-2025T09:38:34 - [MESSAGE][PASSED] - Object: 'Object Repository/TripFocus/Page_TripFocus/button_Sign in' is clicked on

22-10-2025T09:38:34 - [TEST_STEP][PASSED] - setText(findTestObject("Object Repository/TripFocus/Page_TripFocus/input_Username (e.g. email address)_Username"), TripFocusFDGUsername): Text 'Ashford.Chenault+QACustomerFDGONLY@thekag.com' is set on object 'Object Repository/TripFocus/Page_TripFocus/input_Username (e.g. email address)_Username'

22-10-2025T09:38:35 - [MESSAGE][PASSED] - Text 'Ashford.Chenault+QACustomerFDGONLY@thekag.com' is set on object 'Object Repository/TripFocus/Page_TripFocus/input_Username (e.g. email address)_Username'

22-10-2025T09:38:35 - [TEST_STEP][PASSED] - setText(findTestObject("Object Repository/TripFocus/Page_TripFocus/input_Password_Password"), TripFocusFDGSPGPassword): Text 'CrashBan911!!' is set on object 'Object Repository/TripFocus/Page_TripFocus/input_Password_Password'

22-10-2025T09:38:35 - [MESSAGE][PASSED] - Text 'CrashBan911!!' is set on object 'Object Repository/TripFocus/Page_TripFocus/input_Password_Password'

22-10-2025T09:38:35 - [TEST_STEP][PASSED] - click(findTestObject("Object Repository/TripFocus/Page_TripFocus/button_Login")): Object: 'Object Repository/TripFocus/Page_TripFocus/button_Login' is clicked on

22-10-2025T09:38:35 - [MESSAGE][PASSED] - Object: 'Object Repository/TripFocus/Page_TripFocus/button_Login' is clicked on

22-10-2025T09:38:35 - [TEST_STEP][PASSED] - maximizeWindow(): Current window maximized

22-10-2025T09:38:35 - [MESSAGE][PASSED] - Current window maximized

22-10-2025T09:38:35 - [TEST_STEP][PASSED] - waitForElementVisible(findTestObject("TripFocus/Testing_Notification_btn"), 15, OPTIONAL): Web element with id: 'Object Repository/TripFocus/Testing_Notification_btn' located by '//*[@id="__BVID__10___BV_modal_footer_"]/button' not found

22-10-2025T09:38:51 - [MESSAGE][INFO] - Unable to find the element located by 'By.xpath: //*[@id="__BVID__10___BV_modal_footer_"]/button'. Please recheck the objects properties to make sure the desired element is located. 

22-10-2025T09:38:51 - [MESSAGE][WARNING] - [SELF-HEALING] Failed to find element with id 'Object Repository/TripFocus/Testing_Notification_btn'. Try using Self-healing.

22-10-2025T09:38:52 - [MESSAGE][INFO] - [SELF-HEALING] No working XPath is found.

22-10-2025T09:38:54 - [MESSAGE][INFO] - Unable to find the element located by 'By.xpath: '. Please recheck the objects properties to make sure the desired element is located. 

22-10-2025T09:38:54 - [MESSAGE][WARNING] - [SELF-HEALING] Cannot find elements when the selector is null

22-10-2025T09:38:54 - [MESSAGE][WARNING] - Web element with id: 'Object Repository/TripFocus/Testing_Notification_btn' located by '//*[@id="__BVID__10___BV_modal_footer_"]/button' not found

22-10-2025T09:38:54 - [TEST_STEP][PASSED] - if (verifyElementVisible(findTestObject("TripFocus/Testing_Notification_btn"), OPTIONAL) == true): Web element with id: 'Object Repository/TripFocus/Testing_Notification_btn' located by '//*[@id="__BVID__10___BV_modal_footer_"]/button' not found (Root cause: com.kms.katalon.core.exception.StepFailedException: Web element with id: 'Object Repository/TripFocus/Testing_Notification_btn' located by '//*[@id="__BVID__10___BV_modal_footer_"]/button' not found
	at com.kms.katalon.core.webui.keyword.internal.WebUIKeywordMain.stepFailed(WebUIKeywordMain.groovy:117)
	at com.kms.katalon.core.webui.keyword.builtin.VerifyElementVisibleKeyword$_verifyElementVisible_closure1.doCall(VerifyElementVisibleKeyword.groovy:89)
	at com.kms.katalon.core.webui.keyword.builtin.VerifyElementVisibleKeyword$_verifyElementVisible_closure1.call(VerifyElementVisibleKeyword.groovy)
	at com.kms.katalon.core.webui.keyword.internal.WebUIKeywordMain.runKeyword(WebUIKeywordMain.groovy:35)
	at com.kms.katalon.core.webui.keyword.builtin.VerifyElementVisibleKeyword.verifyElementVisible(VerifyElementVisibleKeyword.groovy:97)
	at com.kms.katalon.core.webui.keyword.builtin.VerifyElementVisibleKeyword.execute(VerifyElementVisibleKeyword.groovy:67)
	at com.kms.katalon.core.keyword.internal.KeywordExecutor.executeKeywordForPlatform(KeywordExecutor.groovy:74)
	at com.kms.katalon.core.webui.keyword.WebUiBuiltInKeywords.verifyElementVisible(WebUiBuiltInKeywords.groovy:401)
	at com.kms.katalon.core.webui.keyword.WebUiBuiltInKeywords$verifyElementVisible$5.call(Unknown Source)
	at FDG - Advanced Filter - Order Status.run(FDG - Advanced Filter - Order Status:38)
	at com.kms.katalon.core.main.ScriptEngine.run(ScriptEngine.java:194)
	at com.kms.katalon.core.main.ScriptEngine.runScriptAsRawText(ScriptEngine.java:119)
	at com.kms.katalon.core.main.TestCaseExecutor.runScript(TestCaseExecutor.java:448)
	at com.kms.katalon.core.main.TestCaseExecutor.doExecute(TestCaseExecutor.java:439)
	at com.kms.katalon.core.main.TestCaseExecutor.processExecutionPhase(TestCaseExecutor.java:418)
	at com.kms.katalon.core.main.TestCaseExecutor.accessMainPhase(TestCaseExecutor.java:410)
	at com.kms.katalon.core.main.TestCaseExecutor.execute(TestCaseExecutor.java:285)
	at com.kms.katalon.core.common.CommonExecutor.accessTestCaseMainPhase(CommonExecutor.java:65)
	at com.kms.katalon.core.main.TestSuiteExecutor.accessTestSuiteMainPhase(TestSuiteExecutor.java:150)
	at com.kms.katalon.core.main.TestSuiteExecutor.execute(TestSuiteExecutor.java:106)
	at com.kms.katalon.core.main.TestCaseMain.startTestSuite(TestCaseMain.java:180)
	at com.kms.katalon.core.main.TestCaseMain$startTestSuite$0.call(Unknown Source)
	at TempTestSuite1761139058037.run(TempTestSuite1761139058037.groovy:35)
	at java.base/jdk.internal.reflect.NativeMethodAccessorImpl.invoke0(Native Method)
	at java.base/jdk.internal.reflect.NativeMethodAccessorImpl.invoke(NativeMethodAccessorImpl.java:77)
	at java.base/jdk.internal.reflect.DelegatingMethodAccessorImpl.invoke(DelegatingMethodAccessorImpl.java:43)
)

22-10-2025T09:39:10 - [MESSAGE][INFO] - Unable to find the element located by 'By.xpath: //*[@id="__BVID__10___BV_modal_footer_"]/button'. Please recheck the objects properties to make sure the desired element is located. 

22-10-2025T09:39:10 - [MESSAGE][WARNING] - [SELF-HEALING] Failed to find element with id 'Object Repository/TripFocus/Testing_Notification_btn'. Try using Self-healing.

22-10-2025T09:39:11 - [MESSAGE][INFO] - [SELF-HEALING] No working XPath is found.

22-10-2025T09:39:13 - [MESSAGE][INFO] - Unable to find the element located by 'By.xpath: '. Please recheck the objects properties to make sure the desired element is located. 

22-10-2025T09:39:13 - [MESSAGE][WARNING] - [SELF-HEALING] Cannot find elements when the selector is null

22-10-2025T09:39:13 - [MESSAGE][WARNING] - Web element with id: 'Object Repository/TripFocus/Testing_Notification_btn' located by '//*[@id="__BVID__10___BV_modal_footer_"]/button' not found (Root cause: com.kms.katalon.core.exception.StepFailedException: Web element with id: 'Object Repository/TripFocus/Testing_Notification_btn' located by '//*[@id="__BVID__10___BV_modal_footer_"]/button' not found
	at com.kms.katalon.core.webui.keyword.internal.WebUIKeywordMain.stepFailed(WebUIKeywordMain.groovy:117)
	at com.kms.katalon.core.webui.keyword.builtin.VerifyElementVisibleKeyword$_verifyElementVisible_closure1.doCall(VerifyElementVisibleKeyword.groovy:89)
	at com.kms.katalon.core.webui.keyword.builtin.VerifyElementVisibleKeyword$_verifyElementVisible_closure1.call(VerifyElementVisibleKeyword.groovy)
	at com.kms.katalon.core.webui.keyword.internal.WebUIKeywordMain.runKeyword(WebUIKeywordMain.groovy:35)
	at com.kms.katalon.core.webui.keyword.builtin.VerifyElementVisibleKeyword.verifyElementVisible(VerifyElementVisibleKeyword.groovy:97)
	at com.kms.katalon.core.webui.keyword.builtin.VerifyElementVisibleKeyword.execute(VerifyElementVisibleKeyword.groovy:67)
	at com.kms.katalon.core.keyword.internal.KeywordExecutor.executeKeywordForPlatform(KeywordExecutor.groovy:74)
	at com.kms.katalon.core.webui.keyword.WebUiBuiltInKeywords.verifyElementVisible(WebUiBuiltInKeywords.groovy:401)
	at com.kms.katalon.core.webui.keyword.WebUiBuiltInKeywords$verifyElementVisible$5.call(Unknown Source)
	at FDG - Advanced Filter - Order Status.run(FDG - Advanced Filter - Order Status:38)
	at com.kms.katalon.core.main.ScriptEngine.run(ScriptEngine.java:194)
	at com.kms.katalon.core.main.ScriptEngine.runScriptAsRawText(ScriptEngine.java:119)
	at com.kms.katalon.core.main.TestCaseExecutor.runScript(TestCaseExecutor.java:448)
	at com.kms.katalon.core.main.TestCaseExecutor.doExecute(TestCaseExecutor.java:439)
	at com.kms.katalon.core.main.TestCaseExecutor.processExecutionPhase(TestCaseExecutor.java:418)
	at com.kms.katalon.core.main.TestCaseExecutor.accessMainPhase(TestCaseExecutor.java:410)
	at com.kms.katalon.core.main.TestCaseExecutor.execute(TestCaseExecutor.java:285)
	at com.kms.katalon.core.common.CommonExecutor.accessTestCaseMainPhase(CommonExecutor.java:65)
	at com.kms.katalon.core.main.TestSuiteExecutor.accessTestSuiteMainPhase(TestSuiteExecutor.java:150)
	at com.kms.katalon.core.main.TestSuiteExecutor.execute(TestSuiteExecutor.java:106)
	at com.kms.katalon.core.main.TestCaseMain.startTestSuite(TestCaseMain.java:180)
	at com.kms.katalon.core.main.TestCaseMain$startTestSuite$0.call(Unknown Source)
	at TempTestSuite1761139058037.run(TempTestSuite1761139058037.groovy:35)
	at java.base/jdk.internal.reflect.NativeMethodAccessorImpl.invoke0(Native Method)
	at java.base/jdk.internal.reflect.NativeMethodAccessorImpl.invoke(NativeMethodAccessorImpl.java:77)
	at java.base/jdk.internal.reflect.DelegatingMethodAccessorImpl.invoke(DelegatingMethodAccessorImpl.java:43)
)

22-10-2025T09:39:13 - [TEST_STEP][PASSED] - click(findTestObject("TripFocus/SSO/SSO Orders Tab")): Object: 'Object Repository/TripFocus/SSO/SSO Orders Tab' is clicked on

22-10-2025T09:39:13 - [MESSAGE][PASSED] - Object: 'Object Repository/TripFocus/SSO/SSO Orders Tab' is clicked on

22-10-2025T09:39:13 - [TEST_STEP][PASSED] - waitForElementClickable(findTestObject("TripFocus/Orders/Advanced Filters_btn"), 30): Object 'Object Repository/TripFocus/Orders/Advanced Filters_btn' is clickable

22-10-2025T09:39:14 - [MESSAGE][PASSED] - Object 'Object Repository/TripFocus/Orders/Advanced Filters_btn' is clickable

22-10-2025T09:39:14 - [TEST_STEP][PASSED] - click(findTestObject("TripFocus/Orders/Advanced Filters_btn"), STOP_ON_FAILURE): Object: 'Object Repository/TripFocus/Orders/Advanced Filters_btn' is clicked on

22-10-2025T09:39:15 - [MESSAGE][PASSED] - Object: 'Object Repository/TripFocus/Orders/Advanced Filters_btn' is clicked on

22-10-2025T09:39:15 - [TEST_STEP][PASSED] - delay(5): Delayed 5 second(s)

22-10-2025T09:39:20 - [MESSAGE][PASSED] - Delayed 5 second(s)

22-10-2025T09:39:20 - [TEST_STEP][FAILED] - click(findTestObject("TripFocus/Orders/Advanced Filters/Basic Search Fields/Order_Status_dropdown")): Unable to click on object 'Object Repository/TripFocus/Orders/Advanced Filters/Basic Search Fields/Order_Status_dropdown' (Root cause: com.kms.katalon.core.exception.StepFailedException: Unable to click on object 'Object Repository/TripFocus/Orders/Advanced Filters/Basic Search Fields/Order_Status_dropdown'
	at com.kms.katalon.core.webui.keyword.internal.WebUIKeywordMain.stepFailed(WebUIKeywordMain.groovy:117)
	at com.kms.katalon.core.webui.keyword.internal.WebUIKeywordMain.runKeyword(WebUIKeywordMain.groovy:43)
	at com.kms.katalon.core.webui.keyword.builtin.ClickKeyword.click(ClickKeyword.groovy:74)
	at com.kms.katalon.core.webui.keyword.builtin.ClickKeyword.execute(ClickKeyword.groovy:40)
	at com.kms.katalon.core.keyword.internal.KeywordExecutor.executeKeywordForPlatform(KeywordExecutor.groovy:74)
	at com.kms.katalon.core.webui.keyword.WebUiBuiltInKeywords.click(WebUiBuiltInKeywords.groovy:659)
	at com.kms.katalon.core.webui.keyword.WebUiBuiltInKeywords$click$1.call(Unknown Source)
	at FDG - Advanced Filter - Order Status.run(FDG - Advanced Filter - Order Status:57)
	at com.kms.katalon.core.main.ScriptEngine.run(ScriptEngine.java:194)
	at com.kms.katalon.core.main.ScriptEngine.runScriptAsRawText(ScriptEngine.java:119)
	at com.kms.katalon.core.main.TestCaseExecutor.runScript(TestCaseExecutor.java:448)
	at com.kms.katalon.core.main.TestCaseExecutor.doExecute(TestCaseExecutor.java:439)
	at com.kms.katalon.core.main.TestCaseExecutor.processExecutionPhase(TestCaseExecutor.java:418)
	at com.kms.katalon.core.main.TestCaseExecutor.accessMainPhase(TestCaseExecutor.java:410)
	at com.kms.katalon.core.main.TestCaseExecutor.execute(TestCaseExecutor.java:285)
	at com.kms.katalon.core.common.CommonExecutor.accessTestCaseMainPhase(CommonExecutor.java:65)
	at com.kms.katalon.core.main.TestSuiteExecutor.accessTestSuiteMainPhase(TestSuiteExecutor.java:150)
	at com.kms.katalon.core.main.TestSuiteExecutor.execute(TestSuiteExecutor.java:106)
	at com.kms.katalon.core.main.TestCaseMain.startTestSuite(TestCaseMain.java:180)
	at com.kms.katalon.core.main.TestCaseMain$startTestSuite$0.call(Unknown Source)
	at TempTestSuite1761139058037.run(TempTestSuite1761139058037.groovy:35)
	at java.base/jdk.internal.reflect.NativeMethodAccessorImpl.invoke0(Native Method)
	at java.base/jdk.internal.reflect.NativeMethodAccessorImpl.invoke(NativeMethodAccessorImpl.java:77)
	at java.base/jdk.internal.reflect.DelegatingMethodAccessorImpl.invoke(DelegatingMethodAccessorImpl.java:43)
Caused by: com.kms.katalon.core.webui.exception.WebElementNotFoundException: Web element with id: 'Object Repository/TripFocus/Orders/Advanced Filters/Basic Search Fields/Order_Status_dropdown' located by '/html/body/div/div[2]/div/main/div/div[2]/div/div[2]/div/div/div[1]/div/div/div[2]/div[1]/div/div[1]' not found
	at com.kms.katalon.core.webui.common.WebUiCommonHelper.findWebElement(WebUiCommonHelper.java:1423)
	at com.kms.katalon.core.webui.keyword.internal.WebUIAbstractKeyword.findWebElement(WebUIAbstractKeyword.groovy:27)
	at com.kms.katalon.core.webui.keyword.builtin.ClickKeyword$_click_closure1.doCall(ClickKeyword.groovy:65)
	at com.kms.katalon.core.webui.keyword.builtin.ClickKeyword$_click_closure1.call(ClickKeyword.groovy)
	at com.kms.katalon.core.webui.keyword.internal.WebUIKeywordMain.runKeyword(WebUIKeywordMain.groovy:35)
	at com.kms.katalon.core.webui.keyword.builtin.ClickKeyword.click(ClickKeyword.groovy:74)
	at com.kms.katalon.core.webui.keyword.builtin.ClickKeyword.execute(ClickKeyword.groovy:40)
	at com.kms.katalon.core.keyword.internal.KeywordExecutor.executeKeywordForPlatform(KeywordExecutor.groovy:74)
	at com.kms.katalon.core.webui.keyword.WebUiBuiltInKeywords.click(WebUiBuiltInKeywords.groovy:659)
	at com.kms.katalon.core.webui.keyword.WebUiBuiltInKeywords$click$1.call(Unknown Source)
	at Script1745007763509.run(Script1745007763509.groovy:57)
	... 16 more
)

22-10-2025T09:39:36 - [MESSAGE][INFO] - Unable to find the element located by 'By.xpath: /html/body/div/div[2]/div/main/div/div[2]/div/div[2]/div/div/div[1]/div/div/div[2]/div[1]/div/div[1]'. Please recheck the objects properties to make sure the desired element is located. 

22-10-2025T09:39:36 - [MESSAGE][WARNING] - [SELF-HEALING] Failed to find element with id 'Object Repository/TripFocus/Orders/Advanced Filters/Basic Search Fields/Order_Status_dropdown'. Try using Self-healing.

22-10-2025T09:39:37 - [MESSAGE][INFO] - [SELF-HEALING] No working XPath is found.

22-10-2025T09:39:39 - [MESSAGE][INFO] - Unable to find the element located by 'By.xpath: '. Please recheck the objects properties to make sure the desired element is located. 

22-10-2025T09:39:39 - [MESSAGE][WARNING] - [SELF-HEALING] Cannot find elements when the selector is null

22-10-2025T09:39:39 - [MESSAGE][FAILED] - Unable to click on object 'Object Repository/TripFocus/Orders/Advanced Filters/Basic Search Fields/Order_Status_dropdown' (Root cause: com.kms.katalon.core.exception.StepFailedException: Unable to click on object 'Object Repository/TripFocus/Orders/Advanced Filters/Basic Search Fields/Order_Status_dropdown'
	at com.kms.katalon.core.webui.keyword.internal.WebUIKeywordMain.stepFailed(WebUIKeywordMain.groovy:117)
	at com.kms.katalon.core.webui.keyword.internal.WebUIKeywordMain.runKeyword(WebUIKeywordMain.groovy:43)
	at com.kms.katalon.core.webui.keyword.builtin.ClickKeyword.click(ClickKeyword.groovy:74)
	at com.kms.katalon.core.webui.keyword.builtin.ClickKeyword.execute(ClickKeyword.groovy:40)
	at com.kms.katalon.core.keyword.internal.KeywordExecutor.executeKeywordForPlatform(KeywordExecutor.groovy:74)
	at com.kms.katalon.core.webui.keyword.WebUiBuiltInKeywords.click(WebUiBuiltInKeywords.groovy:659)
	at com.kms.katalon.core.webui.keyword.WebUiBuiltInKeywords$click$1.call(Unknown Source)
	at FDG - Advanced Filter - Order Status.run(FDG - Advanced Filter - Order Status:57)
	at com.kms.katalon.core.main.ScriptEngine.run(ScriptEngine.java:194)
	at com.kms.katalon.core.main.ScriptEngine.runScriptAsRawText(ScriptEngine.java:119)
	at com.kms.katalon.core.main.TestCaseExecutor.runScript(TestCaseExecutor.java:448)
	at com.kms.katalon.core.main.TestCaseExecutor.doExecute(TestCaseExecutor.java:439)
	at com.kms.katalon.core.main.TestCaseExecutor.processExecutionPhase(TestCaseExecutor.java:418)
	at com.kms.katalon.core.main.TestCaseExecutor.accessMainPhase(TestCaseExecutor.java:410)
	at com.kms.katalon.core.main.TestCaseExecutor.execute(TestCaseExecutor.java:285)
	at com.kms.katalon.core.common.CommonExecutor.accessTestCaseMainPhase(CommonExecutor.java:65)
	at com.kms.katalon.core.main.TestSuiteExecutor.accessTestSuiteMainPhase(TestSuiteExecutor.java:150)
	at com.kms.katalon.core.main.TestSuiteExecutor.execute(TestSuiteExecutor.java:106)
	at com.kms.katalon.core.main.TestCaseMain.startTestSuite(TestCaseMain.java:180)
	at com.kms.katalon.core.main.TestCaseMain$startTestSuite$0.call(Unknown Source)
	at TempTestSuite1761139058037.run(TempTestSuite1761139058037.groovy:35)
	at java.base/jdk.internal.reflect.NativeMethodAccessorImpl.invoke0(Native Method)
	at java.base/jdk.internal.reflect.NativeMethodAccessorImpl.invoke(NativeMethodAccessorImpl.java:77)
	at java.base/jdk.internal.reflect.DelegatingMethodAccessorImpl.invoke(DelegatingMethodAccessorImpl.java:43)
Caused by: com.kms.katalon.core.webui.exception.WebElementNotFoundException: Web element with id: 'Object Repository/TripFocus/Orders/Advanced Filters/Basic Search Fields/Order_Status_dropdown' located by '/html/body/div/div[2]/div/main/div/div[2]/div/div[2]/div/div/div[1]/div/div/div[2]/div[1]/div/div[1]' not found
	at com.kms.katalon.core.webui.common.WebUiCommonHelper.findWebElement(WebUiCommonHelper.java:1423)
	at com.kms.katalon.core.webui.keyword.internal.WebUIAbstractKeyword.findWebElement(WebUIAbstractKeyword.groovy:27)
	at com.kms.katalon.core.webui.keyword.builtin.ClickKeyword$_click_closure1.doCall(ClickKeyword.groovy:65)
	at com.kms.katalon.core.webui.keyword.builtin.ClickKeyword$_click_closure1.call(ClickKeyword.groovy)
	at com.kms.katalon.core.webui.keyword.internal.WebUIKeywordMain.runKeyword(WebUIKeywordMain.groovy:35)
	at com.kms.katalon.core.webui.keyword.builtin.ClickKeyword.click(ClickKeyword.groovy:74)
	at com.kms.katalon.core.webui.keyword.builtin.ClickKeyword.execute(ClickKeyword.groovy:40)
	at com.kms.katalon.core.keyword.internal.KeywordExecutor.executeKeywordForPlatform(KeywordExecutor.groovy:74)
	at com.kms.katalon.core.webui.keyword.WebUiBuiltInKeywords.click(WebUiBuiltInKeywords.groovy:659)
	at com.kms.katalon.core.webui.keyword.WebUiBuiltInKeywords$click$1.call(Unknown Source)
	at Script1745007763509.run(Script1745007763509.groovy:57)
	... 16 more
)

22-10-2025T09:39:39 - [TEST_STEP][PASSED] - Start listener action : retryOnDisconnect: Current window's url is: 'https://www.qa.tripfocus.com/order-tenders'

22-10-2025T09:39:39 - [TEST_STEP][PASSED] - tcId = testCaseContext.getTestCaseId(): null

22-10-2025T09:39:39 - [TEST_STEP][PASSED] - currentRetry = retryCounts.getOrDefault(tcId, 0): null

22-10-2025T09:39:39 - [TEST_STEP][PASSED] - if (testCaseContext.getTestCaseStatus() == "FAILED" && currentRetry < MAX_RETRIES): Current window's url is: 'https://www.qa.tripfocus.com/order-tenders'

22-10-2025T09:39:39 - [TEST_STEP][PASSED] - try: Current window's url is: 'https://www.qa.tripfocus.com/order-tenders'

22-10-2025T09:39:39 - [TEST_STEP][PASSED] - comment(Checking for WebDriver disconnect for test case: $tcId): Checking for WebDriver disconnect for test case: Test Cases/TripFocus/FDG/FDG - Orders/FDG - Advanced Filter - Order Status

22-10-2025T09:39:39 - [MESSAGE][INFO] - Checking for WebDriver disconnect for test case: Test Cases/TripFocus/FDG/FDG - Orders/FDG - Advanced Filter - Order Status

22-10-2025T09:39:39 - [TEST_STEP][PASSED] - getUrl(): Current window's url is: 'https://www.qa.tripfocus.com/order-tenders'

22-10-2025T09:39:39 - [MESSAGE][PASSED] - Current window's url is: 'https://www.qa.tripfocus.com/order-tenders']]></system-out>
         <system-err><![CDATA[22-10-2025T09:38:31 - [TEST_CASE][FAILED] - Test Cases/TripFocus/FDG/FDG - Orders/FDG - Advanced Filter - Order Status: Test Cases/TripFocus/FDG/FDG - Orders/FDG - Advanced Filter - Order Status FAILED.
Reason:
com.kms.katalon.core.exception.StepFailedException: Unable to click on object 'Object Repository/TripFocus/Orders/Advanced Filters/Basic Search Fields/Order_Status_dropdown'
	at com.kms.katalon.core.webui.keyword.internal.WebUIKeywordMain.stepFailed(WebUIKeywordMain.groovy:117)
	at com.kms.katalon.core.webui.keyword.internal.WebUIKeywordMain.runKeyword(WebUIKeywordMain.groovy:43)
	at com.kms.katalon.core.webui.keyword.builtin.ClickKeyword.click(ClickKeyword.groovy:74)
	at com.kms.katalon.core.webui.keyword.builtin.ClickKeyword.execute(ClickKeyword.groovy:40)
	at com.kms.katalon.core.keyword.internal.KeywordExecutor.executeKeywordForPlatform(KeywordExecutor.groovy:74)
	at com.kms.katalon.core.webui.keyword.WebUiBuiltInKeywords.click(WebUiBuiltInKeywords.groovy:659)
	at com.kms.katalon.core.webui.keyword.WebUiBuiltInKeywords$click$1.call(Unknown Source)
	at FDG - Advanced Filter - Order Status.run(FDG - Advanced Filter - Order Status:57)
	at com.kms.katalon.core.main.ScriptEngine.run(ScriptEngine.java:194)
	at com.kms.katalon.core.main.ScriptEngine.runScriptAsRawText(ScriptEngine.java:119)
	at com.kms.katalon.core.main.TestCaseExecutor.runScript(TestCaseExecutor.java:448)
	at com.kms.katalon.core.main.TestCaseExecutor.doExecute(TestCaseExecutor.java:439)
	at com.kms.katalon.core.main.TestCaseExecutor.processExecutionPhase(TestCaseExecutor.java:418)
	at com.kms.katalon.core.main.TestCaseExecutor.accessMainPhase(TestCaseExecutor.java:410)
	at com.kms.katalon.core.main.TestCaseExecutor.execute(TestCaseExecutor.java:285)
	at com.kms.katalon.core.common.CommonExecutor.accessTestCaseMainPhase(CommonExecutor.java:65)
	at com.kms.katalon.core.main.TestSuiteExecutor.accessTestSuiteMainPhase(TestSuiteExecutor.java:150)
	at com.kms.katalon.core.main.TestSuiteExecutor.execute(TestSuiteExecutor.java:106)
	at com.kms.katalon.core.main.TestCaseMain.startTestSuite(TestCaseMain.java:180)
	at com.kms.katalon.core.main.TestCaseMain$startTestSuite$0.call(Unknown Source)
	at TempTestSuite1761139058037.run(TempTestSuite1761139058037.groovy:35)
	at java.base/jdk.internal.reflect.NativeMethodAccessorImpl.invoke0(Native Method)
	at java.base/jdk.internal.reflect.NativeMethodAccessorImpl.invoke(NativeMethodAccessorImpl.java:77)
	at java.base/jdk.internal.reflect.DelegatingMethodAccessorImpl.invoke(DelegatingMethodAccessorImpl.java:43)
Caused by: com.kms.katalon.core.webui.exception.WebElementNotFoundException: Web element with id: 'Object Repository/TripFocus/Orders/Advanced Filters/Basic Search Fields/Order_Status_dropdown' located by '/html/body/div/div[2]/div/main/div/div[2]/div/div[2]/div/div/div[1]/div/div/div[2]/div[1]/div/div[1]' not found
	at com.kms.katalon.core.webui.common.WebUiCommonHelper.findWebElement(WebUiCommonHelper.java:1423)
	at com.kms.katalon.core.webui.keyword.internal.WebUIAbstractKeyword.findWebElement(WebUIAbstractKeyword.groovy:27)
	at com.kms.katalon.core.webui.keyword.builtin.ClickKeyword$_click_closure1.doCall(ClickKeyword.groovy:65)
	at com.kms.katalon.core.webui.keyword.builtin.ClickKeyword$_click_closure1.call(ClickKeyword.groovy)
	at com.kms.katalon.core.webui.keyword.internal.WebUIKeywordMain.runKeyword(WebUIKeywordMain.groovy:35)
	... 22 more]]></system-err>
      </testcase>
      <testcase name="Test Cases/TripFocus/FDG/FDG - Orders/FDG - Advanced Filter - Shipped From" time="65.365" classname="Test Cases/TripFocus/FDG/FDG - Orders/FDG - Advanced Filter - Shipped From" status="FAILED">
         <failure type="FAILED" message="Test Cases/TripFocus/FDG/FDG - Orders/FDG - Advanced Filter - Shipped From FAILED.&#xa;Reason:&#xa;com.kms.katalon.core.exception.StepFailedException: Unable to send keys '05/24/2024' to object 'Object Repository/TripFocus/Orders/Advanced Filters/Advanced Date Fields/Shipped_From_txt'&#xa;	at com.kms.katalon.core.webui.keyword.internal.WebUIKeywordMain.stepFailed(WebUIKeywordMain.groovy:117)&#xa;	at com.kms.katalon.core.webui.keyword.internal.WebUIKeywordMain.runKeyword(WebUIKeywordMain.groovy:43)&#xa;	at com.kms.katalon.core.webui.keyword.builtin.SendKeysKeyword.sendKeys(SendKeysKeyword.groovy:60)&#xa;	at com.kms.katalon.core.webui.keyword.builtin.SendKeysKeyword.execute(SendKeysKeyword.groovy:38)&#xa;	at com.kms.katalon.core.keyword.internal.KeywordExecutor.executeKeywordForPlatform(KeywordExecutor.groovy:74)&#xa;	at com.kms.katalon.core.webui.keyword.WebUiBuiltInKeywords.sendKeys(WebUiBuiltInKeywords.groovy:903)&#xa;	at com.kms.katalon.core.webui.keyword.WebUiBuiltInKeywords$sendKeys$8.call(Unknown Source)&#xa;	at FDG - Advanced Filter - Shipped From.run(FDG - Advanced Filter - Shipped From:61)&#xa;	at com.kms.katalon.core.main.ScriptEngine.run(ScriptEngine.java:194)&#xa;	at com.kms.katalon.core.main.ScriptEngine.runScriptAsRawText(ScriptEngine.java:119)&#xa;	at com.kms.katalon.core.main.TestCaseExecutor.runScript(TestCaseExecutor.java:448)&#xa;	at com.kms.katalon.core.main.TestCaseExecutor.doExecute(TestCaseExecutor.java:439)&#xa;	at com.kms.katalon.core.main.TestCaseExecutor.processExecutionPhase(TestCaseExecutor.java:418)&#xa;	at com.kms.katalon.core.main.TestCaseExecutor.accessMainPhase(TestCaseExecutor.java:410)&#xa;	at com.kms.katalon.core.main.TestCaseExecutor.execute(TestCaseExecutor.java:285)&#xa;	at com.kms.katalon.core.common.CommonExecutor.accessTestCaseMainPhase(CommonExecutor.java:65)&#xa;	at com.kms.katalon.core.main.TestSuiteExecutor.accessTestSuiteMainPhase(TestSuiteExecutor.java:150)&#xa;	at com.kms.katalon.core.main.TestSuiteExecutor.execute(TestSuiteExecutor.java:106)&#xa;	at com.kms.katalon.core.main.TestCaseMain.startTestSuite(TestCaseMain.java:180)&#xa;	at com.kms.katalon.core.main.TestCaseMain$startTestSuite$0.call(Unknown Source)&#xa;	at TempTestSuite1761139058037.run(TempTestSuite1761139058037.groovy:35)&#xa;	at java.base/jdk.internal.reflect.NativeMethodAccessorImpl.invoke0(Native Method)&#xa;	at java.base/jdk.internal.reflect.NativeMethodAccessorImpl.invoke(NativeMethodAccessorImpl.java:77)&#xa;	at java.base/jdk.internal.reflect.DelegatingMethodAccessorImpl.invoke(DelegatingMethodAccessorImpl.java:43)&#xa;Caused by: com.kms.katalon.core.webui.exception.WebElementNotFoundException: Web element with id: 'Object Repository/TripFocus/Orders/Advanced Filters/Advanced Date Fields/Shipped_From_txt' located by '/html/body/div/div[2]/div/main/div/div[2]/div/div[2]/div/div/div[3]/div/div/div[1]/div[1]/div/fieldset/div/div/input' not found&#xa;	at com.kms.katalon.core.webui.common.WebUiCommonHelper.findWebElement(WebUiCommonHelper.java:1423)&#xa;	at com.kms.katalon.core.webui.keyword.internal.WebUIAbstractKeyword.findWebElement(WebUIAbstractKeyword.groovy:27)&#xa;	at com.kms.katalon.core.webui.keyword.internal.WebUIAbstractKeyword.findWebElement(WebUIAbstractKeyword.groovy:26)&#xa;	at com.kms.katalon.core.webui.keyword.builtin.SendKeysKeyword$_sendKeys_closure1.doCall(SendKeysKeyword.groovy:52)&#xa;	at com.kms.katalon.core.webui.keyword.builtin.SendKeysKeyword$_sendKeys_closure1.call(SendKeysKeyword.groovy)&#xa;	at com.kms.katalon.core.webui.keyword.internal.WebUIKeywordMain.runKeyword(WebUIKeywordMain.groovy:35)&#xa;	... 22 more&#xa;"/>
         <system-out><![CDATA[22-10-2025T09:39:39 - [TEST_CASE][FAILED] - Test Cases/TripFocus/FDG/FDG - Orders/FDG - Advanced Filter - Shipped From: Test Cases/TripFocus/FDG/FDG - Orders/FDG - Advanced Filter - Shipped From FAILED.
Reason:
com.kms.katalon.core.exception.StepFailedException: Unable to send keys '05/24/2024' to object 'Object Repository/TripFocus/Orders/Advanced Filters/Advanced Date Fields/Shipped_From_txt'
	at com.kms.katalon.core.webui.keyword.internal.WebUIKeywordMain.stepFailed(WebUIKeywordMain.groovy:117)
	at com.kms.katalon.core.webui.keyword.internal.WebUIKeywordMain.runKeyword(WebUIKeywordMain.groovy:43)
	at com.kms.katalon.core.webui.keyword.builtin.SendKeysKeyword.sendKeys(SendKeysKeyword.groovy:60)
	at com.kms.katalon.core.webui.keyword.builtin.SendKeysKeyword.execute(SendKeysKeyword.groovy:38)
	at com.kms.katalon.core.keyword.internal.KeywordExecutor.executeKeywordForPlatform(KeywordExecutor.groovy:74)
	at com.kms.katalon.core.webui.keyword.WebUiBuiltInKeywords.sendKeys(WebUiBuiltInKeywords.groovy:903)
	at com.kms.katalon.core.webui.keyword.WebUiBuiltInKeywords$sendKeys$8.call(Unknown Source)
	at FDG - Advanced Filter - Shipped From.run(FDG - Advanced Filter - Shipped From:61)
	at com.kms.katalon.core.main.ScriptEngine.run(ScriptEngine.java:194)
	at com.kms.katalon.core.main.ScriptEngine.runScriptAsRawText(ScriptEngine.java:119)
	at com.kms.katalon.core.main.TestCaseExecutor.runScript(TestCaseExecutor.java:448)
	at com.kms.katalon.core.main.TestCaseExecutor.doExecute(TestCaseExecutor.java:439)
	at com.kms.katalon.core.main.TestCaseExecutor.processExecutionPhase(TestCaseExecutor.java:418)
	at com.kms.katalon.core.main.TestCaseExecutor.accessMainPhase(TestCaseExecutor.java:410)
	at com.kms.katalon.core.main.TestCaseExecutor.execute(TestCaseExecutor.java:285)
	at com.kms.katalon.core.common.CommonExecutor.accessTestCaseMainPhase(CommonExecutor.java:65)
	at com.kms.katalon.core.main.TestSuiteExecutor.accessTestSuiteMainPhase(TestSuiteExecutor.java:150)
	at com.kms.katalon.core.main.TestSuiteExecutor.execute(TestSuiteExecutor.java:106)
	at com.kms.katalon.core.main.TestCaseMain.startTestSuite(TestCaseMain.java:180)
	at com.kms.katalon.core.main.TestCaseMain$startTestSuite$0.call(Unknown Source)
	at TempTestSuite1761139058037.run(TempTestSuite1761139058037.groovy:35)
	at java.base/jdk.internal.reflect.NativeMethodAccessorImpl.invoke0(Native Method)
	at java.base/jdk.internal.reflect.NativeMethodAccessorImpl.invoke(NativeMethodAccessorImpl.java:77)
	at java.base/jdk.internal.reflect.DelegatingMethodAccessorImpl.invoke(DelegatingMethodAccessorImpl.java:43)
Caused by: com.kms.katalon.core.webui.exception.WebElementNotFoundException: Web element with id: 'Object Repository/TripFocus/Orders/Advanced Filters/Advanced Date Fields/Shipped_From_txt' located by '/html/body/div/div[2]/div/main/div/div[2]/div/div[2]/div/div/div[3]/div/div/div[1]/div[1]/div/fieldset/div/div/input' not found
	at com.kms.katalon.core.webui.common.WebUiCommonHelper.findWebElement(WebUiCommonHelper.java:1423)
	at com.kms.katalon.core.webui.keyword.internal.WebUIAbstractKeyword.findWebElement(WebUIAbstractKeyword.groovy:27)
	at com.kms.katalon.core.webui.keyword.internal.WebUIAbstractKeyword.findWebElement(WebUIAbstractKeyword.groovy:26)
	at com.kms.katalon.core.webui.keyword.builtin.SendKeysKeyword$_sendKeys_closure1.doCall(SendKeysKeyword.groovy:52)
	at com.kms.katalon.core.webui.keyword.builtin.SendKeysKeyword$_sendKeys_closure1.call(SendKeysKeyword.groovy)
	at com.kms.katalon.core.webui.keyword.internal.WebUIKeywordMain.runKeyword(WebUIKeywordMain.groovy:35)
	... 22 more


22-10-2025T09:39:39 - [TEST_STEP][PASSED] - Start listener action : beforeTestCase: null

22-10-2025T09:39:39 - [TEST_STEP][PASSED] - addDefaultPackages(): null

22-10-2025T09:39:39 - [TEST_STEP][PASSED] - openBrowser(""): Browser is opened with url: ''

22-10-2025T09:39:39 - [MESSAGE][WARNING] - A browser is already opened. Closing browser and opening a new one

22-10-2025T09:39:39 - [MESSAGE][INFO] - Starting 'Chrome' driver

22-10-2025T09:39:39 - [MESSAGE][INFO] - User set preference: ['args', '[--no-sandbox, --disable-gpu, --disable-dev-shm-usage]']

22-10-2025T09:39:39 - [MESSAGE][INFO] - Action delay is set to 0 milliseconds

22-10-2025T09:39:40 - [MESSAGE][PASSED] - Browser is opened with url: ''

22-10-2025T09:39:40 - [TEST_STEP][PASSED] - navigateToUrl(TFBaseURL): Navigate to 'https://www.qa.tripfocus.com' successfully

22-10-2025T09:39:40 - [MESSAGE][PASSED] - Navigate to 'https://www.qa.tripfocus.com' successfully

22-10-2025T09:39:40 - [TEST_STEP][PASSED] - click(findTestObject("Object Repository/TripFocus/Page_TripFocus/button_Sign in")): Object: 'Object Repository/TripFocus/Page_TripFocus/button_Sign in' is clicked on

22-10-2025T09:39:40 - [MESSAGE][PASSED] - Object: 'Object Repository/TripFocus/Page_TripFocus/button_Sign in' is clicked on

22-10-2025T09:39:40 - [TEST_STEP][PASSED] - setText(findTestObject("Object Repository/TripFocus/Page_TripFocus/input_Username (e.g. email address)_Username"), TripFocusFDGUsername): Text 'Ashford.Chenault+QACustomerFDGONLY@thekag.com' is set on object 'Object Repository/TripFocus/Page_TripFocus/input_Username (e.g. email address)_Username'

22-10-2025T09:39:41 - [MESSAGE][PASSED] - Text 'Ashford.Chenault+QACustomerFDGONLY@thekag.com' is set on object 'Object Repository/TripFocus/Page_TripFocus/input_Username (e.g. email address)_Username'

22-10-2025T09:39:41 - [TEST_STEP][PASSED] - setText(findTestObject("Object Repository/TripFocus/Page_TripFocus/input_Password_Password"), TripFocusFDGSPGPassword): Text 'CrashBan911!!' is set on object 'Object Repository/TripFocus/Page_TripFocus/input_Password_Password'

22-10-2025T09:39:41 - [MESSAGE][PASSED] - Text 'CrashBan911!!' is set on object 'Object Repository/TripFocus/Page_TripFocus/input_Password_Password'

22-10-2025T09:39:41 - [TEST_STEP][PASSED] - click(findTestObject("Object Repository/TripFocus/Page_TripFocus/button_Login")): Object: 'Object Repository/TripFocus/Page_TripFocus/button_Login' is clicked on

22-10-2025T09:39:42 - [MESSAGE][PASSED] - Object: 'Object Repository/TripFocus/Page_TripFocus/button_Login' is clicked on

22-10-2025T09:39:42 - [TEST_STEP][PASSED] - maximizeWindow(): Current window maximized

22-10-2025T09:39:42 - [MESSAGE][PASSED] - Current window maximized

22-10-2025T09:39:42 - [TEST_STEP][PASSED] - waitForElementVisible(findTestObject("TripFocus/Testing_Notification_btn"), 15, OPTIONAL): Web element with id: 'Object Repository/TripFocus/Testing_Notification_btn' located by '//*[@id="__BVID__10___BV_modal_footer_"]/button' not found

22-10-2025T09:39:58 - [MESSAGE][INFO] - Unable to find the element located by 'By.xpath: //*[@id="__BVID__10___BV_modal_footer_"]/button'. Please recheck the objects properties to make sure the desired element is located. 

22-10-2025T09:39:58 - [MESSAGE][WARNING] - [SELF-HEALING] Failed to find element with id 'Object Repository/TripFocus/Testing_Notification_btn'. Try using Self-healing.

22-10-2025T09:39:59 - [MESSAGE][INFO] - [SELF-HEALING] No working XPath is found.

22-10-2025T09:40:01 - [MESSAGE][INFO] - Unable to find the element located by 'By.xpath: '. Please recheck the objects properties to make sure the desired element is located. 

22-10-2025T09:40:01 - [MESSAGE][WARNING] - [SELF-HEALING] Cannot find elements when the selector is null

22-10-2025T09:40:01 - [MESSAGE][WARNING] - Web element with id: 'Object Repository/TripFocus/Testing_Notification_btn' located by '//*[@id="__BVID__10___BV_modal_footer_"]/button' not found

22-10-2025T09:40:01 - [TEST_STEP][PASSED] - if (verifyElementVisible(findTestObject("TripFocus/Testing_Notification_btn"), OPTIONAL) == true): Web element with id: 'Object Repository/TripFocus/Testing_Notification_btn' located by '//*[@id="__BVID__10___BV_modal_footer_"]/button' not found (Root cause: com.kms.katalon.core.exception.StepFailedException: Web element with id: 'Object Repository/TripFocus/Testing_Notification_btn' located by '//*[@id="__BVID__10___BV_modal_footer_"]/button' not found
	at com.kms.katalon.core.webui.keyword.internal.WebUIKeywordMain.stepFailed(WebUIKeywordMain.groovy:117)
	at com.kms.katalon.core.webui.keyword.builtin.VerifyElementVisibleKeyword$_verifyElementVisible_closure1.doCall(VerifyElementVisibleKeyword.groovy:89)
	at com.kms.katalon.core.webui.keyword.builtin.VerifyElementVisibleKeyword$_verifyElementVisible_closure1.call(VerifyElementVisibleKeyword.groovy)
	at com.kms.katalon.core.webui.keyword.internal.WebUIKeywordMain.runKeyword(WebUIKeywordMain.groovy:35)
	at com.kms.katalon.core.webui.keyword.builtin.VerifyElementVisibleKeyword.verifyElementVisible(VerifyElementVisibleKeyword.groovy:97)
	at com.kms.katalon.core.webui.keyword.builtin.VerifyElementVisibleKeyword.execute(VerifyElementVisibleKeyword.groovy:67)
	at com.kms.katalon.core.keyword.internal.KeywordExecutor.executeKeywordForPlatform(KeywordExecutor.groovy:74)
	at com.kms.katalon.core.webui.keyword.WebUiBuiltInKeywords.verifyElementVisible(WebUiBuiltInKeywords.groovy:401)
	at com.kms.katalon.core.webui.keyword.WebUiBuiltInKeywords$verifyElementVisible$5.call(Unknown Source)
	at FDG - Advanced Filter - Shipped From.run(FDG - Advanced Filter - Shipped From:38)
	at com.kms.katalon.core.main.ScriptEngine.run(ScriptEngine.java:194)
	at com.kms.katalon.core.main.ScriptEngine.runScriptAsRawText(ScriptEngine.java:119)
	at com.kms.katalon.core.main.TestCaseExecutor.runScript(TestCaseExecutor.java:448)
	at com.kms.katalon.core.main.TestCaseExecutor.doExecute(TestCaseExecutor.java:439)
	at com.kms.katalon.core.main.TestCaseExecutor.processExecutionPhase(TestCaseExecutor.java:418)
	at com.kms.katalon.core.main.TestCaseExecutor.accessMainPhase(TestCaseExecutor.java:410)
	at com.kms.katalon.core.main.TestCaseExecutor.execute(TestCaseExecutor.java:285)
	at com.kms.katalon.core.common.CommonExecutor.accessTestCaseMainPhase(CommonExecutor.java:65)
	at com.kms.katalon.core.main.TestSuiteExecutor.accessTestSuiteMainPhase(TestSuiteExecutor.java:150)
	at com.kms.katalon.core.main.TestSuiteExecutor.execute(TestSuiteExecutor.java:106)
	at com.kms.katalon.core.main.TestCaseMain.startTestSuite(TestCaseMain.java:180)
	at com.kms.katalon.core.main.TestCaseMain$startTestSuite$0.call(Unknown Source)
	at TempTestSuite1761139058037.run(TempTestSuite1761139058037.groovy:35)
	at java.base/jdk.internal.reflect.NativeMethodAccessorImpl.invoke0(Native Method)
	at java.base/jdk.internal.reflect.NativeMethodAccessorImpl.invoke(NativeMethodAccessorImpl.java:77)
	at java.base/jdk.internal.reflect.DelegatingMethodAccessorImpl.invoke(DelegatingMethodAccessorImpl.java:43)
)

22-10-2025T09:40:17 - [MESSAGE][INFO] - Unable to find the element located by 'By.xpath: //*[@id="__BVID__10___BV_modal_footer_"]/button'. Please recheck the objects properties to make sure the desired element is located. 

22-10-2025T09:40:17 - [MESSAGE][WARNING] - [SELF-HEALING] Failed to find element with id 'Object Repository/TripFocus/Testing_Notification_btn'. Try using Self-healing.

22-10-2025T09:40:18 - [MESSAGE][INFO] - [SELF-HEALING] No working XPath is found.

22-10-2025T09:40:20 - [MESSAGE][INFO] - Unable to find the element located by 'By.xpath: '. Please recheck the objects properties to make sure the desired element is located. 

22-10-2025T09:40:20 - [MESSAGE][WARNING] - [SELF-HEALING] Cannot find elements when the selector is null

22-10-2025T09:40:20 - [MESSAGE][WARNING] - Web element with id: 'Object Repository/TripFocus/Testing_Notification_btn' located by '//*[@id="__BVID__10___BV_modal_footer_"]/button' not found (Root cause: com.kms.katalon.core.exception.StepFailedException: Web element with id: 'Object Repository/TripFocus/Testing_Notification_btn' located by '//*[@id="__BVID__10___BV_modal_footer_"]/button' not found
	at com.kms.katalon.core.webui.keyword.internal.WebUIKeywordMain.stepFailed(WebUIKeywordMain.groovy:117)
	at com.kms.katalon.core.webui.keyword.builtin.VerifyElementVisibleKeyword$_verifyElementVisible_closure1.doCall(VerifyElementVisibleKeyword.groovy:89)
	at com.kms.katalon.core.webui.keyword.builtin.VerifyElementVisibleKeyword$_verifyElementVisible_closure1.call(VerifyElementVisibleKeyword.groovy)
	at com.kms.katalon.core.webui.keyword.internal.WebUIKeywordMain.runKeyword(WebUIKeywordMain.groovy:35)
	at com.kms.katalon.core.webui.keyword.builtin.VerifyElementVisibleKeyword.verifyElementVisible(VerifyElementVisibleKeyword.groovy:97)
	at com.kms.katalon.core.webui.keyword.builtin.VerifyElementVisibleKeyword.execute(VerifyElementVisibleKeyword.groovy:67)
	at com.kms.katalon.core.keyword.internal.KeywordExecutor.executeKeywordForPlatform(KeywordExecutor.groovy:74)
	at com.kms.katalon.core.webui.keyword.WebUiBuiltInKeywords.verifyElementVisible(WebUiBuiltInKeywords.groovy:401)
	at com.kms.katalon.core.webui.keyword.WebUiBuiltInKeywords$verifyElementVisible$5.call(Unknown Source)
	at FDG - Advanced Filter - Shipped From.run(FDG - Advanced Filter - Shipped From:38)
	at com.kms.katalon.core.main.ScriptEngine.run(ScriptEngine.java:194)
	at com.kms.katalon.core.main.ScriptEngine.runScriptAsRawText(ScriptEngine.java:119)
	at com.kms.katalon.core.main.TestCaseExecutor.runScript(TestCaseExecutor.java:448)
	at com.kms.katalon.core.main.TestCaseExecutor.doExecute(TestCaseExecutor.java:439)
	at com.kms.katalon.core.main.TestCaseExecutor.processExecutionPhase(TestCaseExecutor.java:418)
	at com.kms.katalon.core.main.TestCaseExecutor.accessMainPhase(TestCaseExecutor.java:410)
	at com.kms.katalon.core.main.TestCaseExecutor.execute(TestCaseExecutor.java:285)
	at com.kms.katalon.core.common.CommonExecutor.accessTestCaseMainPhase(CommonExecutor.java:65)
	at com.kms.katalon.core.main.TestSuiteExecutor.accessTestSuiteMainPhase(TestSuiteExecutor.java:150)
	at com.kms.katalon.core.main.TestSuiteExecutor.execute(TestSuiteExecutor.java:106)
	at com.kms.katalon.core.main.TestCaseMain.startTestSuite(TestCaseMain.java:180)
	at com.kms.katalon.core.main.TestCaseMain$startTestSuite$0.call(Unknown Source)
	at TempTestSuite1761139058037.run(TempTestSuite1761139058037.groovy:35)
	at java.base/jdk.internal.reflect.NativeMethodAccessorImpl.invoke0(Native Method)
	at java.base/jdk.internal.reflect.NativeMethodAccessorImpl.invoke(NativeMethodAccessorImpl.java:77)
	at java.base/jdk.internal.reflect.DelegatingMethodAccessorImpl.invoke(DelegatingMethodAccessorImpl.java:43)
)

22-10-2025T09:40:20 - [TEST_STEP][PASSED] - click(findTestObject("TripFocus/SSO/SSO Orders Tab")): Object: 'Object Repository/TripFocus/SSO/SSO Orders Tab' is clicked on

22-10-2025T09:40:20 - [MESSAGE][PASSED] - Object: 'Object Repository/TripFocus/SSO/SSO Orders Tab' is clicked on

22-10-2025T09:40:20 - [TEST_STEP][PASSED] - waitForElementClickable(findTestObject("TripFocus/Orders/Advanced Filters_btn"), 30): Object 'Object Repository/TripFocus/Orders/Advanced Filters_btn' is clickable

22-10-2025T09:40:20 - [MESSAGE][PASSED] - Object 'Object Repository/TripFocus/Orders/Advanced Filters_btn' is clickable

22-10-2025T09:40:20 - [TEST_STEP][PASSED] - click(findTestObject("TripFocus/Orders/Advanced Filters_btn"), STOP_ON_FAILURE): Object: 'Object Repository/TripFocus/Orders/Advanced Filters_btn' is clicked on

22-10-2025T09:40:21 - [MESSAGE][PASSED] - Object: 'Object Repository/TripFocus/Orders/Advanced Filters_btn' is clicked on

22-10-2025T09:40:21 - [TEST_STEP][PASSED] - delay(2): Delayed 2 second(s)

22-10-2025T09:40:23 - [MESSAGE][PASSED] - Delayed 2 second(s)

22-10-2025T09:40:23 - [TEST_STEP][PASSED] - click(findTestObject("TripFocus/Orders/Advanced Filters/Advanced Date Fields/Advanced_Date_Fields_dropdown")): Object: 'Object Repository/TripFocus/Orders/Advanced Filters/Advanced Date Fields/Advanced_Date_Fields_dropdown' is clicked on

22-10-2025T09:40:23 - [MESSAGE][PASSED] - Object: 'Object Repository/TripFocus/Orders/Advanced Filters/Advanced Date Fields/Advanced_Date_Fields_dropdown' is clicked on

22-10-2025T09:40:23 - [TEST_STEP][PASSED] - delay(2): Delayed 2 second(s)

22-10-2025T09:40:25 - [MESSAGE][PASSED] - Delayed 2 second(s)

22-10-2025T09:40:25 - [TEST_STEP][FAILED] - sendKeys(findTestObject("TripFocus/Orders/Advanced Filters/Advanced Date Fields/Shipped_From_txt"), "05/24/2024"): Unable to send keys '05/24/2024' to object 'Object Repository/TripFocus/Orders/Advanced Filters/Advanced Date Fields/Shipped_From_txt' (Root cause: com.kms.katalon.core.exception.StepFailedException: Unable to send keys '05/24/2024' to object 'Object Repository/TripFocus/Orders/Advanced Filters/Advanced Date Fields/Shipped_From_txt'
	at com.kms.katalon.core.webui.keyword.internal.WebUIKeywordMain.stepFailed(WebUIKeywordMain.groovy:117)
	at com.kms.katalon.core.webui.keyword.internal.WebUIKeywordMain.runKeyword(WebUIKeywordMain.groovy:43)
	at com.kms.katalon.core.webui.keyword.builtin.SendKeysKeyword.sendKeys(SendKeysKeyword.groovy:60)
	at com.kms.katalon.core.webui.keyword.builtin.SendKeysKeyword.execute(SendKeysKeyword.groovy:38)
	at com.kms.katalon.core.keyword.internal.KeywordExecutor.executeKeywordForPlatform(KeywordExecutor.groovy:74)
	at com.kms.katalon.core.webui.keyword.WebUiBuiltInKeywords.sendKeys(WebUiBuiltInKeywords.groovy:903)
	at com.kms.katalon.core.webui.keyword.WebUiBuiltInKeywords$sendKeys$8.call(Unknown Source)
	at FDG - Advanced Filter - Shipped From.run(FDG - Advanced Filter - Shipped From:61)
	at com.kms.katalon.core.main.ScriptEngine.run(ScriptEngine.java:194)
	at com.kms.katalon.core.main.ScriptEngine.runScriptAsRawText(ScriptEngine.java:119)
	at com.kms.katalon.core.main.TestCaseExecutor.runScript(TestCaseExecutor.java:448)
	at com.kms.katalon.core.main.TestCaseExecutor.doExecute(TestCaseExecutor.java:439)
	at com.kms.katalon.core.main.TestCaseExecutor.processExecutionPhase(TestCaseExecutor.java:418)
	at com.kms.katalon.core.main.TestCaseExecutor.accessMainPhase(TestCaseExecutor.java:410)
	at com.kms.katalon.core.main.TestCaseExecutor.execute(TestCaseExecutor.java:285)
	at com.kms.katalon.core.common.CommonExecutor.accessTestCaseMainPhase(CommonExecutor.java:65)
	at com.kms.katalon.core.main.TestSuiteExecutor.accessTestSuiteMainPhase(TestSuiteExecutor.java:150)
	at com.kms.katalon.core.main.TestSuiteExecutor.execute(TestSuiteExecutor.java:106)
	at com.kms.katalon.core.main.TestCaseMain.startTestSuite(TestCaseMain.java:180)
	at com.kms.katalon.core.main.TestCaseMain$startTestSuite$0.call(Unknown Source)
	at TempTestSuite1761139058037.run(TempTestSuite1761139058037.groovy:35)
	at java.base/jdk.internal.reflect.NativeMethodAccessorImpl.invoke0(Native Method)
	at java.base/jdk.internal.reflect.NativeMethodAccessorImpl.invoke(NativeMethodAccessorImpl.java:77)
	at java.base/jdk.internal.reflect.DelegatingMethodAccessorImpl.invoke(DelegatingMethodAccessorImpl.java:43)
Caused by: com.kms.katalon.core.webui.exception.WebElementNotFoundException: Web element with id: 'Object Repository/TripFocus/Orders/Advanced Filters/Advanced Date Fields/Shipped_From_txt' located by '/html/body/div/div[2]/div/main/div/div[2]/div/div[2]/div/div/div[3]/div/div/div[1]/div[1]/div/fieldset/div/div/input' not found
	at com.kms.katalon.core.webui.common.WebUiCommonHelper.findWebElement(WebUiCommonHelper.java:1423)
	at com.kms.katalon.core.webui.keyword.internal.WebUIAbstractKeyword.findWebElement(WebUIAbstractKeyword.groovy:27)
	at com.kms.katalon.core.webui.keyword.internal.WebUIAbstractKeyword.findWebElement(WebUIAbstractKeyword.groovy:26)
	at com.kms.katalon.core.webui.keyword.builtin.SendKeysKeyword$_sendKeys_closure1.doCall(SendKeysKeyword.groovy:52)
	at com.kms.katalon.core.webui.keyword.builtin.SendKeysKeyword$_sendKeys_closure1.call(SendKeysKeyword.groovy)
	at com.kms.katalon.core.webui.keyword.internal.WebUIKeywordMain.runKeyword(WebUIKeywordMain.groovy:35)
	at com.kms.katalon.core.webui.keyword.builtin.SendKeysKeyword.sendKeys(SendKeysKeyword.groovy:60)
	at com.kms.katalon.core.webui.keyword.builtin.SendKeysKeyword.execute(SendKeysKeyword.groovy:38)
	at com.kms.katalon.core.keyword.internal.KeywordExecutor.executeKeywordForPlatform(KeywordExecutor.groovy:74)
	at com.kms.katalon.core.webui.keyword.WebUiBuiltInKeywords.sendKeys(WebUiBuiltInKeywords.groovy:903)
	at com.kms.katalon.core.webui.keyword.WebUiBuiltInKeywords$sendKeys$8.call(Unknown Source)
	at Script1745007768644.run(Script1745007768644.groovy:61)
	... 16 more
)

22-10-2025T09:40:41 - [MESSAGE][INFO] - Unable to find the element located by 'By.xpath: /html/body/div/div[2]/div/main/div/div[2]/div/div[2]/div/div/div[3]/div/div/div[1]/div[1]/div/fieldset/div/div/input'. Please recheck the objects properties to make sure the desired element is located. 

22-10-2025T09:40:41 - [MESSAGE][WARNING] - [SELF-HEALING] Failed to find element with id 'Object Repository/TripFocus/Orders/Advanced Filters/Advanced Date Fields/Shipped_From_txt'. Try using Self-healing.

22-10-2025T09:40:42 - [MESSAGE][INFO] - [SELF-HEALING] No working XPath is found.

22-10-2025T09:40:44 - [MESSAGE][INFO] - Unable to find the element located by 'By.xpath: '. Please recheck the objects properties to make sure the desired element is located. 

22-10-2025T09:40:44 - [MESSAGE][WARNING] - [SELF-HEALING] Cannot find elements when the selector is null

22-10-2025T09:40:44 - [MESSAGE][FAILED] - Unable to send keys '05/24/2024' to object 'Object Repository/TripFocus/Orders/Advanced Filters/Advanced Date Fields/Shipped_From_txt' (Root cause: com.kms.katalon.core.exception.StepFailedException: Unable to send keys '05/24/2024' to object 'Object Repository/TripFocus/Orders/Advanced Filters/Advanced Date Fields/Shipped_From_txt'
	at com.kms.katalon.core.webui.keyword.internal.WebUIKeywordMain.stepFailed(WebUIKeywordMain.groovy:117)
	at com.kms.katalon.core.webui.keyword.internal.WebUIKeywordMain.runKeyword(WebUIKeywordMain.groovy:43)
	at com.kms.katalon.core.webui.keyword.builtin.SendKeysKeyword.sendKeys(SendKeysKeyword.groovy:60)
	at com.kms.katalon.core.webui.keyword.builtin.SendKeysKeyword.execute(SendKeysKeyword.groovy:38)
	at com.kms.katalon.core.keyword.internal.KeywordExecutor.executeKeywordForPlatform(KeywordExecutor.groovy:74)
	at com.kms.katalon.core.webui.keyword.WebUiBuiltInKeywords.sendKeys(WebUiBuiltInKeywords.groovy:903)
	at com.kms.katalon.core.webui.keyword.WebUiBuiltInKeywords$sendKeys$8.call(Unknown Source)
	at FDG - Advanced Filter - Shipped From.run(FDG - Advanced Filter - Shipped From:61)
	at com.kms.katalon.core.main.ScriptEngine.run(ScriptEngine.java:194)
	at com.kms.katalon.core.main.ScriptEngine.runScriptAsRawText(ScriptEngine.java:119)
	at com.kms.katalon.core.main.TestCaseExecutor.runScript(TestCaseExecutor.java:448)
	at com.kms.katalon.core.main.TestCaseExecutor.doExecute(TestCaseExecutor.java:439)
	at com.kms.katalon.core.main.TestCaseExecutor.processExecutionPhase(TestCaseExecutor.java:418)
	at com.kms.katalon.core.main.TestCaseExecutor.accessMainPhase(TestCaseExecutor.java:410)
	at com.kms.katalon.core.main.TestCaseExecutor.execute(TestCaseExecutor.java:285)
	at com.kms.katalon.core.common.CommonExecutor.accessTestCaseMainPhase(CommonExecutor.java:65)
	at com.kms.katalon.core.main.TestSuiteExecutor.accessTestSuiteMainPhase(TestSuiteExecutor.java:150)
	at com.kms.katalon.core.main.TestSuiteExecutor.execute(TestSuiteExecutor.java:106)
	at com.kms.katalon.core.main.TestCaseMain.startTestSuite(TestCaseMain.java:180)
	at com.kms.katalon.core.main.TestCaseMain$startTestSuite$0.call(Unknown Source)
	at TempTestSuite1761139058037.run(TempTestSuite1761139058037.groovy:35)
	at java.base/jdk.internal.reflect.NativeMethodAccessorImpl.invoke0(Native Method)
	at java.base/jdk.internal.reflect.NativeMethodAccessorImpl.invoke(NativeMethodAccessorImpl.java:77)
	at java.base/jdk.internal.reflect.DelegatingMethodAccessorImpl.invoke(DelegatingMethodAccessorImpl.java:43)
Caused by: com.kms.katalon.core.webui.exception.WebElementNotFoundException: Web element with id: 'Object Repository/TripFocus/Orders/Advanced Filters/Advanced Date Fields/Shipped_From_txt' located by '/html/body/div/div[2]/div/main/div/div[2]/div/div[2]/div/div/div[3]/div/div/div[1]/div[1]/div/fieldset/div/div/input' not found
	at com.kms.katalon.core.webui.common.WebUiCommonHelper.findWebElement(WebUiCommonHelper.java:1423)
	at com.kms.katalon.core.webui.keyword.internal.WebUIAbstractKeyword.findWebElement(WebUIAbstractKeyword.groovy:27)
	at com.kms.katalon.core.webui.keyword.internal.WebUIAbstractKeyword.findWebElement(WebUIAbstractKeyword.groovy:26)
	at com.kms.katalon.core.webui.keyword.builtin.SendKeysKeyword$_sendKeys_closure1.doCall(SendKeysKeyword.groovy:52)
	at com.kms.katalon.core.webui.keyword.builtin.SendKeysKeyword$_sendKeys_closure1.call(SendKeysKeyword.groovy)
	at com.kms.katalon.core.webui.keyword.internal.WebUIKeywordMain.runKeyword(WebUIKeywordMain.groovy:35)
	at com.kms.katalon.core.webui.keyword.builtin.SendKeysKeyword.sendKeys(SendKeysKeyword.groovy:60)
	at com.kms.katalon.core.webui.keyword.builtin.SendKeysKeyword.execute(SendKeysKeyword.groovy:38)
	at com.kms.katalon.core.keyword.internal.KeywordExecutor.executeKeywordForPlatform(KeywordExecutor.groovy:74)
	at com.kms.katalon.core.webui.keyword.WebUiBuiltInKeywords.sendKeys(WebUiBuiltInKeywords.groovy:903)
	at com.kms.katalon.core.webui.keyword.WebUiBuiltInKeywords$sendKeys$8.call(Unknown Source)
	at Script1745007768644.run(Script1745007768644.groovy:61)
	... 16 more
)

22-10-2025T09:40:44 - [TEST_STEP][PASSED] - Start listener action : retryOnDisconnect: Current window's url is: 'https://www.qa.tripfocus.com/order-tenders'

22-10-2025T09:40:44 - [TEST_STEP][PASSED] - tcId = testCaseContext.getTestCaseId(): null

22-10-2025T09:40:44 - [TEST_STEP][PASSED] - currentRetry = retryCounts.getOrDefault(tcId, 0): null

22-10-2025T09:40:44 - [TEST_STEP][PASSED] - if (testCaseContext.getTestCaseStatus() == "FAILED" && currentRetry < MAX_RETRIES): Current window's url is: 'https://www.qa.tripfocus.com/order-tenders'

22-10-2025T09:40:44 - [TEST_STEP][PASSED] - try: Current window's url is: 'https://www.qa.tripfocus.com/order-tenders'

22-10-2025T09:40:44 - [TEST_STEP][PASSED] - comment(Checking for WebDriver disconnect for test case: $tcId): Checking for WebDriver disconnect for test case: Test Cases/TripFocus/FDG/FDG - Orders/FDG - Advanced Filter - Shipped From

22-10-2025T09:40:44 - [MESSAGE][INFO] - Checking for WebDriver disconnect for test case: Test Cases/TripFocus/FDG/FDG - Orders/FDG - Advanced Filter - Shipped From

22-10-2025T09:40:44 - [TEST_STEP][PASSED] - getUrl(): Current window's url is: 'https://www.qa.tripfocus.com/order-tenders'

22-10-2025T09:40:44 - [MESSAGE][PASSED] - Current window's url is: 'https://www.qa.tripfocus.com/order-tenders']]></system-out>
         <system-err><![CDATA[22-10-2025T09:39:39 - [TEST_CASE][FAILED] - Test Cases/TripFocus/FDG/FDG - Orders/FDG - Advanced Filter - Shipped From: Test Cases/TripFocus/FDG/FDG - Orders/FDG - Advanced Filter - Shipped From FAILED.
Reason:
com.kms.katalon.core.exception.StepFailedException: Unable to send keys '05/24/2024' to object 'Object Repository/TripFocus/Orders/Advanced Filters/Advanced Date Fields/Shipped_From_txt'
	at com.kms.katalon.core.webui.keyword.internal.WebUIKeywordMain.stepFailed(WebUIKeywordMain.groovy:117)
	at com.kms.katalon.core.webui.keyword.internal.WebUIKeywordMain.runKeyword(WebUIKeywordMain.groovy:43)
	at com.kms.katalon.core.webui.keyword.builtin.SendKeysKeyword.sendKeys(SendKeysKeyword.groovy:60)
	at com.kms.katalon.core.webui.keyword.builtin.SendKeysKeyword.execute(SendKeysKeyword.groovy:38)
	at com.kms.katalon.core.keyword.internal.KeywordExecutor.executeKeywordForPlatform(KeywordExecutor.groovy:74)
	at com.kms.katalon.core.webui.keyword.WebUiBuiltInKeywords.sendKeys(WebUiBuiltInKeywords.groovy:903)
	at com.kms.katalon.core.webui.keyword.WebUiBuiltInKeywords$sendKeys$8.call(Unknown Source)
	at FDG - Advanced Filter - Shipped From.run(FDG - Advanced Filter - Shipped From:61)
	at com.kms.katalon.core.main.ScriptEngine.run(ScriptEngine.java:194)
	at com.kms.katalon.core.main.ScriptEngine.runScriptAsRawText(ScriptEngine.java:119)
	at com.kms.katalon.core.main.TestCaseExecutor.runScript(TestCaseExecutor.java:448)
	at com.kms.katalon.core.main.TestCaseExecutor.doExecute(TestCaseExecutor.java:439)
	at com.kms.katalon.core.main.TestCaseExecutor.processExecutionPhase(TestCaseExecutor.java:418)
	at com.kms.katalon.core.main.TestCaseExecutor.accessMainPhase(TestCaseExecutor.java:410)
	at com.kms.katalon.core.main.TestCaseExecutor.execute(TestCaseExecutor.java:285)
	at com.kms.katalon.core.common.CommonExecutor.accessTestCaseMainPhase(CommonExecutor.java:65)
	at com.kms.katalon.core.main.TestSuiteExecutor.accessTestSuiteMainPhase(TestSuiteExecutor.java:150)
	at com.kms.katalon.core.main.TestSuiteExecutor.execute(TestSuiteExecutor.java:106)
	at com.kms.katalon.core.main.TestCaseMain.startTestSuite(TestCaseMain.java:180)
	at com.kms.katalon.core.main.TestCaseMain$startTestSuite$0.call(Unknown Source)
	at TempTestSuite1761139058037.run(TempTestSuite1761139058037.groovy:35)
	at java.base/jdk.internal.reflect.NativeMethodAccessorImpl.invoke0(Native Method)
	at java.base/jdk.internal.reflect.NativeMethodAccessorImpl.invoke(NativeMethodAccessorImpl.java:77)
	at java.base/jdk.internal.reflect.DelegatingMethodAccessorImpl.invoke(DelegatingMethodAccessorImpl.java:43)
Caused by: com.kms.katalon.core.webui.exception.WebElementNotFoundException: Web element with id: 'Object Repository/TripFocus/Orders/Advanced Filters/Advanced Date Fields/Shipped_From_txt' located by '/html/body/div/div[2]/div/main/div/div[2]/div/div[2]/div/div/div[3]/div/div/div[1]/div[1]/div/fieldset/div/div/input' not found
	at com.kms.katalon.core.webui.common.WebUiCommonHelper.findWebElement(WebUiCommonHelper.java:1423)
	at com.kms.katalon.core.webui.keyword.internal.WebUIAbstractKeyword.findWebElement(WebUIAbstractKeyword.groovy:27)
	at com.kms.katalon.core.webui.keyword.internal.WebUIAbstractKeyword.findWebElement(WebUIAbstractKeyword.groovy:26)
	at com.kms.katalon.core.webui.keyword.builtin.SendKeysKeyword$_sendKeys_closure1.doCall(SendKeysKeyword.groovy:52)
	at com.kms.katalon.core.webui.keyword.builtin.SendKeysKeyword$_sendKeys_closure1.call(SendKeysKeyword.groovy)
	at com.kms.katalon.core.webui.keyword.internal.WebUIKeywordMain.runKeyword(WebUIKeywordMain.groovy:35)
	... 22 more]]></system-err>
      </testcase>
      <testcase name="Test Cases/TripFocus/FDG/FDG - Orders/FDG - Advanced Filter - Shipped To" time="65.468" classname="Test Cases/TripFocus/FDG/FDG - Orders/FDG - Advanced Filter - Shipped To" status="FAILED">
         <failure type="FAILED" message="Test Cases/TripFocus/FDG/FDG - Orders/FDG - Advanced Filter - Shipped To FAILED.&#xa;Reason:&#xa;com.kms.katalon.core.exception.StepFailedException: Unable to send keys '05/24/2024' to object 'Object Repository/TripFocus/Orders/Advanced Filters/Advanced Date Fields/Shipped_To_txt'&#xa;	at com.kms.katalon.core.webui.keyword.internal.WebUIKeywordMain.stepFailed(WebUIKeywordMain.groovy:117)&#xa;	at com.kms.katalon.core.webui.keyword.internal.WebUIKeywordMain.runKeyword(WebUIKeywordMain.groovy:43)&#xa;	at com.kms.katalon.core.webui.keyword.builtin.SendKeysKeyword.sendKeys(SendKeysKeyword.groovy:60)&#xa;	at com.kms.katalon.core.webui.keyword.builtin.SendKeysKeyword.execute(SendKeysKeyword.groovy:38)&#xa;	at com.kms.katalon.core.keyword.internal.KeywordExecutor.executeKeywordForPlatform(KeywordExecutor.groovy:74)&#xa;	at com.kms.katalon.core.webui.keyword.WebUiBuiltInKeywords.sendKeys(WebUiBuiltInKeywords.groovy:903)&#xa;	at com.kms.katalon.core.webui.keyword.WebUiBuiltInKeywords$sendKeys$8.call(Unknown Source)&#xa;	at FDG - Advanced Filter - Shipped To.run(FDG - Advanced Filter - Shipped To:60)&#xa;	at com.kms.katalon.core.main.ScriptEngine.run(ScriptEngine.java:194)&#xa;	at com.kms.katalon.core.main.ScriptEngine.runScriptAsRawText(ScriptEngine.java:119)&#xa;	at com.kms.katalon.core.main.TestCaseExecutor.runScript(TestCaseExecutor.java:448)&#xa;	at com.kms.katalon.core.main.TestCaseExecutor.doExecute(TestCaseExecutor.java:439)&#xa;	at com.kms.katalon.core.main.TestCaseExecutor.processExecutionPhase(TestCaseExecutor.java:418)&#xa;	at com.kms.katalon.core.main.TestCaseExecutor.accessMainPhase(TestCaseExecutor.java:410)&#xa;	at com.kms.katalon.core.main.TestCaseExecutor.execute(TestCaseExecutor.java:285)&#xa;	at com.kms.katalon.core.common.CommonExecutor.accessTestCaseMainPhase(CommonExecutor.java:65)&#xa;	at com.kms.katalon.core.main.TestSuiteExecutor.accessTestSuiteMainPhase(TestSuiteExecutor.java:150)&#xa;	at com.kms.katalon.core.main.TestSuiteExecutor.execute(TestSuiteExecutor.java:106)&#xa;	at com.kms.katalon.core.main.TestCaseMain.startTestSuite(TestCaseMain.java:180)&#xa;	at com.kms.katalon.core.main.TestCaseMain$startTestSuite$0.call(Unknown Source)&#xa;	at TempTestSuite1761139058037.run(TempTestSuite1761139058037.groovy:35)&#xa;	at java.base/jdk.internal.reflect.NativeMethodAccessorImpl.invoke0(Native Method)&#xa;	at java.base/jdk.internal.reflect.NativeMethodAccessorImpl.invoke(NativeMethodAccessorImpl.java:77)&#xa;	at java.base/jdk.internal.reflect.DelegatingMethodAccessorImpl.invoke(DelegatingMethodAccessorImpl.java:43)&#xa;Caused by: com.kms.katalon.core.webui.exception.WebElementNotFoundException: Web element with id: 'Object Repository/TripFocus/Orders/Advanced Filters/Advanced Date Fields/Shipped_To_txt' located by '/html/body/div/div[2]/div/main/div/div[2]/div/div[2]/div/div/div[3]/div/div/div[1]/div[2]/div/fieldset/div/div/input' not found&#xa;	at com.kms.katalon.core.webui.common.WebUiCommonHelper.findWebElement(WebUiCommonHelper.java:1423)&#xa;	at com.kms.katalon.core.webui.keyword.internal.WebUIAbstractKeyword.findWebElement(WebUIAbstractKeyword.groovy:27)&#xa;	at com.kms.katalon.core.webui.keyword.internal.WebUIAbstractKeyword.findWebElement(WebUIAbstractKeyword.groovy:26)&#xa;	at com.kms.katalon.core.webui.keyword.builtin.SendKeysKeyword$_sendKeys_closure1.doCall(SendKeysKeyword.groovy:52)&#xa;	at com.kms.katalon.core.webui.keyword.builtin.SendKeysKeyword$_sendKeys_closure1.call(SendKeysKeyword.groovy)&#xa;	at com.kms.katalon.core.webui.keyword.internal.WebUIKeywordMain.runKeyword(WebUIKeywordMain.groovy:35)&#xa;	... 22 more&#xa;"/>
         <system-out><![CDATA[22-10-2025T09:40:44 - [TEST_CASE][FAILED] - Test Cases/TripFocus/FDG/FDG - Orders/FDG - Advanced Filter - Shipped To: Test Cases/TripFocus/FDG/FDG - Orders/FDG - Advanced Filter - Shipped To FAILED.
Reason:
com.kms.katalon.core.exception.StepFailedException: Unable to send keys '05/24/2024' to object 'Object Repository/TripFocus/Orders/Advanced Filters/Advanced Date Fields/Shipped_To_txt'
	at com.kms.katalon.core.webui.keyword.internal.WebUIKeywordMain.stepFailed(WebUIKeywordMain.groovy:117)
	at com.kms.katalon.core.webui.keyword.internal.WebUIKeywordMain.runKeyword(WebUIKeywordMain.groovy:43)
	at com.kms.katalon.core.webui.keyword.builtin.SendKeysKeyword.sendKeys(SendKeysKeyword.groovy:60)
	at com.kms.katalon.core.webui.keyword.builtin.SendKeysKeyword.execute(SendKeysKeyword.groovy:38)
	at com.kms.katalon.core.keyword.internal.KeywordExecutor.executeKeywordForPlatform(KeywordExecutor.groovy:74)
	at com.kms.katalon.core.webui.keyword.WebUiBuiltInKeywords.sendKeys(WebUiBuiltInKeywords.groovy:903)
	at com.kms.katalon.core.webui.keyword.WebUiBuiltInKeywords$sendKeys$8.call(Unknown Source)
	at FDG - Advanced Filter - Shipped To.run(FDG - Advanced Filter - Shipped To:60)
	at com.kms.katalon.core.main.ScriptEngine.run(ScriptEngine.java:194)
	at com.kms.katalon.core.main.ScriptEngine.runScriptAsRawText(ScriptEngine.java:119)
	at com.kms.katalon.core.main.TestCaseExecutor.runScript(TestCaseExecutor.java:448)
	at com.kms.katalon.core.main.TestCaseExecutor.doExecute(TestCaseExecutor.java:439)
	at com.kms.katalon.core.main.TestCaseExecutor.processExecutionPhase(TestCaseExecutor.java:418)
	at com.kms.katalon.core.main.TestCaseExecutor.accessMainPhase(TestCaseExecutor.java:410)
	at com.kms.katalon.core.main.TestCaseExecutor.execute(TestCaseExecutor.java:285)
	at com.kms.katalon.core.common.CommonExecutor.accessTestCaseMainPhase(CommonExecutor.java:65)
	at com.kms.katalon.core.main.TestSuiteExecutor.accessTestSuiteMainPhase(TestSuiteExecutor.java:150)
	at com.kms.katalon.core.main.TestSuiteExecutor.execute(TestSuiteExecutor.java:106)
	at com.kms.katalon.core.main.TestCaseMain.startTestSuite(TestCaseMain.java:180)
	at com.kms.katalon.core.main.TestCaseMain$startTestSuite$0.call(Unknown Source)
	at TempTestSuite1761139058037.run(TempTestSuite1761139058037.groovy:35)
	at java.base/jdk.internal.reflect.NativeMethodAccessorImpl.invoke0(Native Method)
	at java.base/jdk.internal.reflect.NativeMethodAccessorImpl.invoke(NativeMethodAccessorImpl.java:77)
	at java.base/jdk.internal.reflect.DelegatingMethodAccessorImpl.invoke(DelegatingMethodAccessorImpl.java:43)
Caused by: com.kms.katalon.core.webui.exception.WebElementNotFoundException: Web element with id: 'Object Repository/TripFocus/Orders/Advanced Filters/Advanced Date Fields/Shipped_To_txt' located by '/html/body/div/div[2]/div/main/div/div[2]/div/div[2]/div/div/div[3]/div/div/div[1]/div[2]/div/fieldset/div/div/input' not found
	at com.kms.katalon.core.webui.common.WebUiCommonHelper.findWebElement(WebUiCommonHelper.java:1423)
	at com.kms.katalon.core.webui.keyword.internal.WebUIAbstractKeyword.findWebElement(WebUIAbstractKeyword.groovy:27)
	at com.kms.katalon.core.webui.keyword.internal.WebUIAbstractKeyword.findWebElement(WebUIAbstractKeyword.groovy:26)
	at com.kms.katalon.core.webui.keyword.builtin.SendKeysKeyword$_sendKeys_closure1.doCall(SendKeysKeyword.groovy:52)
	at com.kms.katalon.core.webui.keyword.builtin.SendKeysKeyword$_sendKeys_closure1.call(SendKeysKeyword.groovy)
	at com.kms.katalon.core.webui.keyword.internal.WebUIKeywordMain.runKeyword(WebUIKeywordMain.groovy:35)
	... 22 more


22-10-2025T09:40:44 - [TEST_STEP][PASSED] - Start listener action : beforeTestCase: null

22-10-2025T09:40:44 - [TEST_STEP][PASSED] - addDefaultPackages(): null

22-10-2025T09:40:44 - [TEST_STEP][PASSED] - openBrowser(""): Browser is opened with url: ''

22-10-2025T09:40:44 - [MESSAGE][WARNING] - A browser is already opened. Closing browser and opening a new one

22-10-2025T09:40:44 - [MESSAGE][INFO] - Starting 'Chrome' driver

22-10-2025T09:40:44 - [MESSAGE][INFO] - User set preference: ['args', '[--no-sandbox, --disable-gpu, --disable-dev-shm-usage]']

22-10-2025T09:40:44 - [MESSAGE][INFO] - Action delay is set to 0 milliseconds

22-10-2025T09:40:45 - [MESSAGE][PASSED] - Browser is opened with url: ''

22-10-2025T09:40:45 - [TEST_STEP][PASSED] - navigateToUrl(TFBaseURL): Navigate to 'https://www.qa.tripfocus.com' successfully

22-10-2025T09:40:46 - [MESSAGE][PASSED] - Navigate to 'https://www.qa.tripfocus.com' successfully

22-10-2025T09:40:46 - [TEST_STEP][PASSED] - click(findTestObject("Object Repository/TripFocus/Page_TripFocus/button_Sign in")): Object: 'Object Repository/TripFocus/Page_TripFocus/button_Sign in' is clicked on

22-10-2025T09:40:46 - [MESSAGE][PASSED] - Object: 'Object Repository/TripFocus/Page_TripFocus/button_Sign in' is clicked on

22-10-2025T09:40:46 - [TEST_STEP][PASSED] - setText(findTestObject("Object Repository/TripFocus/Page_TripFocus/input_Username (e.g. email address)_Username"), TripFocusFDGUsername): Text 'Ashford.Chenault+QACustomerFDGONLY@thekag.com' is set on object 'Object Repository/TripFocus/Page_TripFocus/input_Username (e.g. email address)_Username'

22-10-2025T09:40:46 - [MESSAGE][PASSED] - Text 'Ashford.Chenault+QACustomerFDGONLY@thekag.com' is set on object 'Object Repository/TripFocus/Page_TripFocus/input_Username (e.g. email address)_Username'

22-10-2025T09:40:46 - [TEST_STEP][PASSED] - setText(findTestObject("Object Repository/TripFocus/Page_TripFocus/input_Password_Password"), TripFocusFDGSPGPassword): Text 'CrashBan911!!' is set on object 'Object Repository/TripFocus/Page_TripFocus/input_Password_Password'

22-10-2025T09:40:46 - [MESSAGE][PASSED] - Text 'CrashBan911!!' is set on object 'Object Repository/TripFocus/Page_TripFocus/input_Password_Password'

22-10-2025T09:40:46 - [TEST_STEP][PASSED] - click(findTestObject("Object Repository/TripFocus/Page_TripFocus/button_Login")): Object: 'Object Repository/TripFocus/Page_TripFocus/button_Login' is clicked on

22-10-2025T09:40:47 - [MESSAGE][PASSED] - Object: 'Object Repository/TripFocus/Page_TripFocus/button_Login' is clicked on

22-10-2025T09:40:47 - [TEST_STEP][PASSED] - maximizeWindow(): Current window maximized

22-10-2025T09:40:47 - [MESSAGE][PASSED] - Current window maximized

22-10-2025T09:40:47 - [TEST_STEP][PASSED] - waitForElementVisible(findTestObject("TripFocus/Testing_Notification_btn"), 15, OPTIONAL): Web element with id: 'Object Repository/TripFocus/Testing_Notification_btn' located by '//*[@id="__BVID__10___BV_modal_footer_"]/button' not found

22-10-2025T09:41:03 - [MESSAGE][INFO] - Unable to find the element located by 'By.xpath: //*[@id="__BVID__10___BV_modal_footer_"]/button'. Please recheck the objects properties to make sure the desired element is located. 

22-10-2025T09:41:03 - [MESSAGE][WARNING] - [SELF-HEALING] Failed to find element with id 'Object Repository/TripFocus/Testing_Notification_btn'. Try using Self-healing.

22-10-2025T09:41:04 - [MESSAGE][INFO] - [SELF-HEALING] No working XPath is found.

22-10-2025T09:41:06 - [MESSAGE][INFO] - Unable to find the element located by 'By.xpath: '. Please recheck the objects properties to make sure the desired element is located. 

22-10-2025T09:41:06 - [MESSAGE][WARNING] - [SELF-HEALING] Cannot find elements when the selector is null

22-10-2025T09:41:06 - [MESSAGE][WARNING] - Web element with id: 'Object Repository/TripFocus/Testing_Notification_btn' located by '//*[@id="__BVID__10___BV_modal_footer_"]/button' not found

22-10-2025T09:41:06 - [TEST_STEP][PASSED] - if (verifyElementVisible(findTestObject("TripFocus/Testing_Notification_btn"), OPTIONAL) == true): Web element with id: 'Object Repository/TripFocus/Testing_Notification_btn' located by '//*[@id="__BVID__10___BV_modal_footer_"]/button' not found (Root cause: com.kms.katalon.core.exception.StepFailedException: Web element with id: 'Object Repository/TripFocus/Testing_Notification_btn' located by '//*[@id="__BVID__10___BV_modal_footer_"]/button' not found
	at com.kms.katalon.core.webui.keyword.internal.WebUIKeywordMain.stepFailed(WebUIKeywordMain.groovy:117)
	at com.kms.katalon.core.webui.keyword.builtin.VerifyElementVisibleKeyword$_verifyElementVisible_closure1.doCall(VerifyElementVisibleKeyword.groovy:89)
	at com.kms.katalon.core.webui.keyword.builtin.VerifyElementVisibleKeyword$_verifyElementVisible_closure1.call(VerifyElementVisibleKeyword.groovy)
	at com.kms.katalon.core.webui.keyword.internal.WebUIKeywordMain.runKeyword(WebUIKeywordMain.groovy:35)
	at com.kms.katalon.core.webui.keyword.builtin.VerifyElementVisibleKeyword.verifyElementVisible(VerifyElementVisibleKeyword.groovy:97)
	at com.kms.katalon.core.webui.keyword.builtin.VerifyElementVisibleKeyword.execute(VerifyElementVisibleKeyword.groovy:67)
	at com.kms.katalon.core.keyword.internal.KeywordExecutor.executeKeywordForPlatform(KeywordExecutor.groovy:74)
	at com.kms.katalon.core.webui.keyword.WebUiBuiltInKeywords.verifyElementVisible(WebUiBuiltInKeywords.groovy:401)
	at com.kms.katalon.core.webui.keyword.WebUiBuiltInKeywords$verifyElementVisible$5.call(Unknown Source)
	at FDG - Advanced Filter - Shipped To.run(FDG - Advanced Filter - Shipped To:38)
	at com.kms.katalon.core.main.ScriptEngine.run(ScriptEngine.java:194)
	at com.kms.katalon.core.main.ScriptEngine.runScriptAsRawText(ScriptEngine.java:119)
	at com.kms.katalon.core.main.TestCaseExecutor.runScript(TestCaseExecutor.java:448)
	at com.kms.katalon.core.main.TestCaseExecutor.doExecute(TestCaseExecutor.java:439)
	at com.kms.katalon.core.main.TestCaseExecutor.processExecutionPhase(TestCaseExecutor.java:418)
	at com.kms.katalon.core.main.TestCaseExecutor.accessMainPhase(TestCaseExecutor.java:410)
	at com.kms.katalon.core.main.TestCaseExecutor.execute(TestCaseExecutor.java:285)
	at com.kms.katalon.core.common.CommonExecutor.accessTestCaseMainPhase(CommonExecutor.java:65)
	at com.kms.katalon.core.main.TestSuiteExecutor.accessTestSuiteMainPhase(TestSuiteExecutor.java:150)
	at com.kms.katalon.core.main.TestSuiteExecutor.execute(TestSuiteExecutor.java:106)
	at com.kms.katalon.core.main.TestCaseMain.startTestSuite(TestCaseMain.java:180)
	at com.kms.katalon.core.main.TestCaseMain$startTestSuite$0.call(Unknown Source)
	at TempTestSuite1761139058037.run(TempTestSuite1761139058037.groovy:35)
	at java.base/jdk.internal.reflect.NativeMethodAccessorImpl.invoke0(Native Method)
	at java.base/jdk.internal.reflect.NativeMethodAccessorImpl.invoke(NativeMethodAccessorImpl.java:77)
	at java.base/jdk.internal.reflect.DelegatingMethodAccessorImpl.invoke(DelegatingMethodAccessorImpl.java:43)
)

22-10-2025T09:41:22 - [MESSAGE][INFO] - Unable to find the element located by 'By.xpath: //*[@id="__BVID__10___BV_modal_footer_"]/button'. Please recheck the objects properties to make sure the desired element is located. 

22-10-2025T09:41:22 - [MESSAGE][WARNING] - [SELF-HEALING] Failed to find element with id 'Object Repository/TripFocus/Testing_Notification_btn'. Try using Self-healing.

22-10-2025T09:41:23 - [MESSAGE][INFO] - [SELF-HEALING] No working XPath is found.

22-10-2025T09:41:25 - [MESSAGE][INFO] - Unable to find the element located by 'By.xpath: '. Please recheck the objects properties to make sure the desired element is located. 

22-10-2025T09:41:25 - [MESSAGE][WARNING] - [SELF-HEALING] Cannot find elements when the selector is null

22-10-2025T09:41:25 - [MESSAGE][WARNING] - Web element with id: 'Object Repository/TripFocus/Testing_Notification_btn' located by '//*[@id="__BVID__10___BV_modal_footer_"]/button' not found (Root cause: com.kms.katalon.core.exception.StepFailedException: Web element with id: 'Object Repository/TripFocus/Testing_Notification_btn' located by '//*[@id="__BVID__10___BV_modal_footer_"]/button' not found
	at com.kms.katalon.core.webui.keyword.internal.WebUIKeywordMain.stepFailed(WebUIKeywordMain.groovy:117)
	at com.kms.katalon.core.webui.keyword.builtin.VerifyElementVisibleKeyword$_verifyElementVisible_closure1.doCall(VerifyElementVisibleKeyword.groovy:89)
	at com.kms.katalon.core.webui.keyword.builtin.VerifyElementVisibleKeyword$_verifyElementVisible_closure1.call(VerifyElementVisibleKeyword.groovy)
	at com.kms.katalon.core.webui.keyword.internal.WebUIKeywordMain.runKeyword(WebUIKeywordMain.groovy:35)
	at com.kms.katalon.core.webui.keyword.builtin.VerifyElementVisibleKeyword.verifyElementVisible(VerifyElementVisibleKeyword.groovy:97)
	at com.kms.katalon.core.webui.keyword.builtin.VerifyElementVisibleKeyword.execute(VerifyElementVisibleKeyword.groovy:67)
	at com.kms.katalon.core.keyword.internal.KeywordExecutor.executeKeywordForPlatform(KeywordExecutor.groovy:74)
	at com.kms.katalon.core.webui.keyword.WebUiBuiltInKeywords.verifyElementVisible(WebUiBuiltInKeywords.groovy:401)
	at com.kms.katalon.core.webui.keyword.WebUiBuiltInKeywords$verifyElementVisible$5.call(Unknown Source)
	at FDG - Advanced Filter - Shipped To.run(FDG - Advanced Filter - Shipped To:38)
	at com.kms.katalon.core.main.ScriptEngine.run(ScriptEngine.java:194)
	at com.kms.katalon.core.main.ScriptEngine.runScriptAsRawText(ScriptEngine.java:119)
	at com.kms.katalon.core.main.TestCaseExecutor.runScript(TestCaseExecutor.java:448)
	at com.kms.katalon.core.main.TestCaseExecutor.doExecute(TestCaseExecutor.java:439)
	at com.kms.katalon.core.main.TestCaseExecutor.processExecutionPhase(TestCaseExecutor.java:418)
	at com.kms.katalon.core.main.TestCaseExecutor.accessMainPhase(TestCaseExecutor.java:410)
	at com.kms.katalon.core.main.TestCaseExecutor.execute(TestCaseExecutor.java:285)
	at com.kms.katalon.core.common.CommonExecutor.accessTestCaseMainPhase(CommonExecutor.java:65)
	at com.kms.katalon.core.main.TestSuiteExecutor.accessTestSuiteMainPhase(TestSuiteExecutor.java:150)
	at com.kms.katalon.core.main.TestSuiteExecutor.execute(TestSuiteExecutor.java:106)
	at com.kms.katalon.core.main.TestCaseMain.startTestSuite(TestCaseMain.java:180)
	at com.kms.katalon.core.main.TestCaseMain$startTestSuite$0.call(Unknown Source)
	at TempTestSuite1761139058037.run(TempTestSuite1761139058037.groovy:35)
	at java.base/jdk.internal.reflect.NativeMethodAccessorImpl.invoke0(Native Method)
	at java.base/jdk.internal.reflect.NativeMethodAccessorImpl.invoke(NativeMethodAccessorImpl.java:77)
	at java.base/jdk.internal.reflect.DelegatingMethodAccessorImpl.invoke(DelegatingMethodAccessorImpl.java:43)
)

22-10-2025T09:41:25 - [TEST_STEP][PASSED] - click(findTestObject("TripFocus/SSO/SSO Orders Tab")): Object: 'Object Repository/TripFocus/SSO/SSO Orders Tab' is clicked on

22-10-2025T09:41:25 - [MESSAGE][PASSED] - Object: 'Object Repository/TripFocus/SSO/SSO Orders Tab' is clicked on

22-10-2025T09:41:25 - [TEST_STEP][PASSED] - waitForElementClickable(findTestObject("TripFocus/Orders/Advanced Filters_btn"), 30): Object 'Object Repository/TripFocus/Orders/Advanced Filters_btn' is clickable

22-10-2025T09:41:26 - [MESSAGE][PASSED] - Object 'Object Repository/TripFocus/Orders/Advanced Filters_btn' is clickable

22-10-2025T09:41:26 - [TEST_STEP][PASSED] - click(findTestObject("TripFocus/Orders/Advanced Filters_btn"), STOP_ON_FAILURE): Object: 'Object Repository/TripFocus/Orders/Advanced Filters_btn' is clicked on

22-10-2025T09:41:26 - [MESSAGE][PASSED] - Object: 'Object Repository/TripFocus/Orders/Advanced Filters_btn' is clicked on

22-10-2025T09:41:26 - [TEST_STEP][PASSED] - delay(2): Delayed 2 second(s)

22-10-2025T09:41:28 - [MESSAGE][PASSED] - Delayed 2 second(s)

22-10-2025T09:41:28 - [TEST_STEP][PASSED] - click(findTestObject("TripFocus/Orders/Advanced Filters/Advanced Date Fields/Advanced_Date_Fields_dropdown")): Object: 'Object Repository/TripFocus/Orders/Advanced Filters/Advanced Date Fields/Advanced_Date_Fields_dropdown' is clicked on

22-10-2025T09:41:28 - [MESSAGE][PASSED] - Object: 'Object Repository/TripFocus/Orders/Advanced Filters/Advanced Date Fields/Advanced_Date_Fields_dropdown' is clicked on

22-10-2025T09:41:28 - [TEST_STEP][PASSED] - delay(2): Delayed 2 second(s)

22-10-2025T09:41:30 - [MESSAGE][PASSED] - Delayed 2 second(s)

22-10-2025T09:41:30 - [TEST_STEP][FAILED] - sendKeys(findTestObject("TripFocus/Orders/Advanced Filters/Advanced Date Fields/Shipped_To_txt"), "05/24/2024"): Unable to send keys '05/24/2024' to object 'Object Repository/TripFocus/Orders/Advanced Filters/Advanced Date Fields/Shipped_To_txt' (Root cause: com.kms.katalon.core.exception.StepFailedException: Unable to send keys '05/24/2024' to object 'Object Repository/TripFocus/Orders/Advanced Filters/Advanced Date Fields/Shipped_To_txt'
	at com.kms.katalon.core.webui.keyword.internal.WebUIKeywordMain.stepFailed(WebUIKeywordMain.groovy:117)
	at com.kms.katalon.core.webui.keyword.internal.WebUIKeywordMain.runKeyword(WebUIKeywordMain.groovy:43)
	at com.kms.katalon.core.webui.keyword.builtin.SendKeysKeyword.sendKeys(SendKeysKeyword.groovy:60)
	at com.kms.katalon.core.webui.keyword.builtin.SendKeysKeyword.execute(SendKeysKeyword.groovy:38)
	at com.kms.katalon.core.keyword.internal.KeywordExecutor.executeKeywordForPlatform(KeywordExecutor.groovy:74)
	at com.kms.katalon.core.webui.keyword.WebUiBuiltInKeywords.sendKeys(WebUiBuiltInKeywords.groovy:903)
	at com.kms.katalon.core.webui.keyword.WebUiBuiltInKeywords$sendKeys$8.call(Unknown Source)
	at FDG - Advanced Filter - Shipped To.run(FDG - Advanced Filter - Shipped To:60)
	at com.kms.katalon.core.main.ScriptEngine.run(ScriptEngine.java:194)
	at com.kms.katalon.core.main.ScriptEngine.runScriptAsRawText(ScriptEngine.java:119)
	at com.kms.katalon.core.main.TestCaseExecutor.runScript(TestCaseExecutor.java:448)
	at com.kms.katalon.core.main.TestCaseExecutor.doExecute(TestCaseExecutor.java:439)
	at com.kms.katalon.core.main.TestCaseExecutor.processExecutionPhase(TestCaseExecutor.java:418)
	at com.kms.katalon.core.main.TestCaseExecutor.accessMainPhase(TestCaseExecutor.java:410)
	at com.kms.katalon.core.main.TestCaseExecutor.execute(TestCaseExecutor.java:285)
	at com.kms.katalon.core.common.CommonExecutor.accessTestCaseMainPhase(CommonExecutor.java:65)
	at com.kms.katalon.core.main.TestSuiteExecutor.accessTestSuiteMainPhase(TestSuiteExecutor.java:150)
	at com.kms.katalon.core.main.TestSuiteExecutor.execute(TestSuiteExecutor.java:106)
	at com.kms.katalon.core.main.TestCaseMain.startTestSuite(TestCaseMain.java:180)
	at com.kms.katalon.core.main.TestCaseMain$startTestSuite$0.call(Unknown Source)
	at TempTestSuite1761139058037.run(TempTestSuite1761139058037.groovy:35)
	at java.base/jdk.internal.reflect.NativeMethodAccessorImpl.invoke0(Native Method)
	at java.base/jdk.internal.reflect.NativeMethodAccessorImpl.invoke(NativeMethodAccessorImpl.java:77)
	at java.base/jdk.internal.reflect.DelegatingMethodAccessorImpl.invoke(DelegatingMethodAccessorImpl.java:43)
Caused by: com.kms.katalon.core.webui.exception.WebElementNotFoundException: Web element with id: 'Object Repository/TripFocus/Orders/Advanced Filters/Advanced Date Fields/Shipped_To_txt' located by '/html/body/div/div[2]/div/main/div/div[2]/div/div[2]/div/div/div[3]/div/div/div[1]/div[2]/div/fieldset/div/div/input' not found
	at com.kms.katalon.core.webui.common.WebUiCommonHelper.findWebElement(WebUiCommonHelper.java:1423)
	at com.kms.katalon.core.webui.keyword.internal.WebUIAbstractKeyword.findWebElement(WebUIAbstractKeyword.groovy:27)
	at com.kms.katalon.core.webui.keyword.internal.WebUIAbstractKeyword.findWebElement(WebUIAbstractKeyword.groovy:26)
	at com.kms.katalon.core.webui.keyword.builtin.SendKeysKeyword$_sendKeys_closure1.doCall(SendKeysKeyword.groovy:52)
	at com.kms.katalon.core.webui.keyword.builtin.SendKeysKeyword$_sendKeys_closure1.call(SendKeysKeyword.groovy)
	at com.kms.katalon.core.webui.keyword.internal.WebUIKeywordMain.runKeyword(WebUIKeywordMain.groovy:35)
	at com.kms.katalon.core.webui.keyword.builtin.SendKeysKeyword.sendKeys(SendKeysKeyword.groovy:60)
	at com.kms.katalon.core.webui.keyword.builtin.SendKeysKeyword.execute(SendKeysKeyword.groovy:38)
	at com.kms.katalon.core.keyword.internal.KeywordExecutor.executeKeywordForPlatform(KeywordExecutor.groovy:74)
	at com.kms.katalon.core.webui.keyword.WebUiBuiltInKeywords.sendKeys(WebUiBuiltInKeywords.groovy:903)
	at com.kms.katalon.core.webui.keyword.WebUiBuiltInKeywords$sendKeys$8.call(Unknown Source)
	at Script1745007772981.run(Script1745007772981.groovy:60)
	... 16 more
)

22-10-2025T09:41:46 - [MESSAGE][INFO] - Unable to find the element located by 'By.xpath: /html/body/div/div[2]/div/main/div/div[2]/div/div[2]/div/div/div[3]/div/div/div[1]/div[2]/div/fieldset/div/div/input'. Please recheck the objects properties to make sure the desired element is located. 

22-10-2025T09:41:46 - [MESSAGE][WARNING] - [SELF-HEALING] Failed to find element with id 'Object Repository/TripFocus/Orders/Advanced Filters/Advanced Date Fields/Shipped_To_txt'. Try using Self-healing.

22-10-2025T09:41:47 - [MESSAGE][INFO] - [SELF-HEALING] No working XPath is found.

22-10-2025T09:41:49 - [MESSAGE][INFO] - Unable to find the element located by 'By.xpath: '. Please recheck the objects properties to make sure the desired element is located. 

22-10-2025T09:41:49 - [MESSAGE][WARNING] - [SELF-HEALING] Cannot find elements when the selector is null

22-10-2025T09:41:49 - [MESSAGE][FAILED] - Unable to send keys '05/24/2024' to object 'Object Repository/TripFocus/Orders/Advanced Filters/Advanced Date Fields/Shipped_To_txt' (Root cause: com.kms.katalon.core.exception.StepFailedException: Unable to send keys '05/24/2024' to object 'Object Repository/TripFocus/Orders/Advanced Filters/Advanced Date Fields/Shipped_To_txt'
	at com.kms.katalon.core.webui.keyword.internal.WebUIKeywordMain.stepFailed(WebUIKeywordMain.groovy:117)
	at com.kms.katalon.core.webui.keyword.internal.WebUIKeywordMain.runKeyword(WebUIKeywordMain.groovy:43)
	at com.kms.katalon.core.webui.keyword.builtin.SendKeysKeyword.sendKeys(SendKeysKeyword.groovy:60)
	at com.kms.katalon.core.webui.keyword.builtin.SendKeysKeyword.execute(SendKeysKeyword.groovy:38)
	at com.kms.katalon.core.keyword.internal.KeywordExecutor.executeKeywordForPlatform(KeywordExecutor.groovy:74)
	at com.kms.katalon.core.webui.keyword.WebUiBuiltInKeywords.sendKeys(WebUiBuiltInKeywords.groovy:903)
	at com.kms.katalon.core.webui.keyword.WebUiBuiltInKeywords$sendKeys$8.call(Unknown Source)
	at FDG - Advanced Filter - Shipped To.run(FDG - Advanced Filter - Shipped To:60)
	at com.kms.katalon.core.main.ScriptEngine.run(ScriptEngine.java:194)
	at com.kms.katalon.core.main.ScriptEngine.runScriptAsRawText(ScriptEngine.java:119)
	at com.kms.katalon.core.main.TestCaseExecutor.runScript(TestCaseExecutor.java:448)
	at com.kms.katalon.core.main.TestCaseExecutor.doExecute(TestCaseExecutor.java:439)
	at com.kms.katalon.core.main.TestCaseExecutor.processExecutionPhase(TestCaseExecutor.java:418)
	at com.kms.katalon.core.main.TestCaseExecutor.accessMainPhase(TestCaseExecutor.java:410)
	at com.kms.katalon.core.main.TestCaseExecutor.execute(TestCaseExecutor.java:285)
	at com.kms.katalon.core.common.CommonExecutor.accessTestCaseMainPhase(CommonExecutor.java:65)
	at com.kms.katalon.core.main.TestSuiteExecutor.accessTestSuiteMainPhase(TestSuiteExecutor.java:150)
	at com.kms.katalon.core.main.TestSuiteExecutor.execute(TestSuiteExecutor.java:106)
	at com.kms.katalon.core.main.TestCaseMain.startTestSuite(TestCaseMain.java:180)
	at com.kms.katalon.core.main.TestCaseMain$startTestSuite$0.call(Unknown Source)
	at TempTestSuite1761139058037.run(TempTestSuite1761139058037.groovy:35)
	at java.base/jdk.internal.reflect.NativeMethodAccessorImpl.invoke0(Native Method)
	at java.base/jdk.internal.reflect.NativeMethodAccessorImpl.invoke(NativeMethodAccessorImpl.java:77)
	at java.base/jdk.internal.reflect.DelegatingMethodAccessorImpl.invoke(DelegatingMethodAccessorImpl.java:43)
Caused by: com.kms.katalon.core.webui.exception.WebElementNotFoundException: Web element with id: 'Object Repository/TripFocus/Orders/Advanced Filters/Advanced Date Fields/Shipped_To_txt' located by '/html/body/div/div[2]/div/main/div/div[2]/div/div[2]/div/div/div[3]/div/div/div[1]/div[2]/div/fieldset/div/div/input' not found
	at com.kms.katalon.core.webui.common.WebUiCommonHelper.findWebElement(WebUiCommonHelper.java:1423)
	at com.kms.katalon.core.webui.keyword.internal.WebUIAbstractKeyword.findWebElement(WebUIAbstractKeyword.groovy:27)
	at com.kms.katalon.core.webui.keyword.internal.WebUIAbstractKeyword.findWebElement(WebUIAbstractKeyword.groovy:26)
	at com.kms.katalon.core.webui.keyword.builtin.SendKeysKeyword$_sendKeys_closure1.doCall(SendKeysKeyword.groovy:52)
	at com.kms.katalon.core.webui.keyword.builtin.SendKeysKeyword$_sendKeys_closure1.call(SendKeysKeyword.groovy)
	at com.kms.katalon.core.webui.keyword.internal.WebUIKeywordMain.runKeyword(WebUIKeywordMain.groovy:35)
	at com.kms.katalon.core.webui.keyword.builtin.SendKeysKeyword.sendKeys(SendKeysKeyword.groovy:60)
	at com.kms.katalon.core.webui.keyword.builtin.SendKeysKeyword.execute(SendKeysKeyword.groovy:38)
	at com.kms.katalon.core.keyword.internal.KeywordExecutor.executeKeywordForPlatform(KeywordExecutor.groovy:74)
	at com.kms.katalon.core.webui.keyword.WebUiBuiltInKeywords.sendKeys(WebUiBuiltInKeywords.groovy:903)
	at com.kms.katalon.core.webui.keyword.WebUiBuiltInKeywords$sendKeys$8.call(Unknown Source)
	at Script1745007772981.run(Script1745007772981.groovy:60)
	... 16 more
)

22-10-2025T09:41:49 - [TEST_STEP][PASSED] - Start listener action : retryOnDisconnect: Current window's url is: 'https://www.qa.tripfocus.com/order-tenders'

22-10-2025T09:41:49 - [TEST_STEP][PASSED] - tcId = testCaseContext.getTestCaseId(): null

22-10-2025T09:41:49 - [TEST_STEP][PASSED] - currentRetry = retryCounts.getOrDefault(tcId, 0): null

22-10-2025T09:41:49 - [TEST_STEP][PASSED] - if (testCaseContext.getTestCaseStatus() == "FAILED" && currentRetry < MAX_RETRIES): Current window's url is: 'https://www.qa.tripfocus.com/order-tenders'

22-10-2025T09:41:49 - [TEST_STEP][PASSED] - try: Current window's url is: 'https://www.qa.tripfocus.com/order-tenders'

22-10-2025T09:41:49 - [TEST_STEP][PASSED] - comment(Checking for WebDriver disconnect for test case: $tcId): Checking for WebDriver disconnect for test case: Test Cases/TripFocus/FDG/FDG - Orders/FDG - Advanced Filter - Shipped To

22-10-2025T09:41:49 - [MESSAGE][INFO] - Checking for WebDriver disconnect for test case: Test Cases/TripFocus/FDG/FDG - Orders/FDG - Advanced Filter - Shipped To

22-10-2025T09:41:49 - [TEST_STEP][PASSED] - getUrl(): Current window's url is: 'https://www.qa.tripfocus.com/order-tenders'

22-10-2025T09:41:49 - [MESSAGE][PASSED] - Current window's url is: 'https://www.qa.tripfocus.com/order-tenders']]></system-out>
         <system-err><![CDATA[22-10-2025T09:40:44 - [TEST_CASE][FAILED] - Test Cases/TripFocus/FDG/FDG - Orders/FDG - Advanced Filter - Shipped To: Test Cases/TripFocus/FDG/FDG - Orders/FDG - Advanced Filter - Shipped To FAILED.
Reason:
com.kms.katalon.core.exception.StepFailedException: Unable to send keys '05/24/2024' to object 'Object Repository/TripFocus/Orders/Advanced Filters/Advanced Date Fields/Shipped_To_txt'
	at com.kms.katalon.core.webui.keyword.internal.WebUIKeywordMain.stepFailed(WebUIKeywordMain.groovy:117)
	at com.kms.katalon.core.webui.keyword.internal.WebUIKeywordMain.runKeyword(WebUIKeywordMain.groovy:43)
	at com.kms.katalon.core.webui.keyword.builtin.SendKeysKeyword.sendKeys(SendKeysKeyword.groovy:60)
	at com.kms.katalon.core.webui.keyword.builtin.SendKeysKeyword.execute(SendKeysKeyword.groovy:38)
	at com.kms.katalon.core.keyword.internal.KeywordExecutor.executeKeywordForPlatform(KeywordExecutor.groovy:74)
	at com.kms.katalon.core.webui.keyword.WebUiBuiltInKeywords.sendKeys(WebUiBuiltInKeywords.groovy:903)
	at com.kms.katalon.core.webui.keyword.WebUiBuiltInKeywords$sendKeys$8.call(Unknown Source)
	at FDG - Advanced Filter - Shipped To.run(FDG - Advanced Filter - Shipped To:60)
	at com.kms.katalon.core.main.ScriptEngine.run(ScriptEngine.java:194)
	at com.kms.katalon.core.main.ScriptEngine.runScriptAsRawText(ScriptEngine.java:119)
	at com.kms.katalon.core.main.TestCaseExecutor.runScript(TestCaseExecutor.java:448)
	at com.kms.katalon.core.main.TestCaseExecutor.doExecute(TestCaseExecutor.java:439)
	at com.kms.katalon.core.main.TestCaseExecutor.processExecutionPhase(TestCaseExecutor.java:418)
	at com.kms.katalon.core.main.TestCaseExecutor.accessMainPhase(TestCaseExecutor.java:410)
	at com.kms.katalon.core.main.TestCaseExecutor.execute(TestCaseExecutor.java:285)
	at com.kms.katalon.core.common.CommonExecutor.accessTestCaseMainPhase(CommonExecutor.java:65)
	at com.kms.katalon.core.main.TestSuiteExecutor.accessTestSuiteMainPhase(TestSuiteExecutor.java:150)
	at com.kms.katalon.core.main.TestSuiteExecutor.execute(TestSuiteExecutor.java:106)
	at com.kms.katalon.core.main.TestCaseMain.startTestSuite(TestCaseMain.java:180)
	at com.kms.katalon.core.main.TestCaseMain$startTestSuite$0.call(Unknown Source)
	at TempTestSuite1761139058037.run(TempTestSuite1761139058037.groovy:35)
	at java.base/jdk.internal.reflect.NativeMethodAccessorImpl.invoke0(Native Method)
	at java.base/jdk.internal.reflect.NativeMethodAccessorImpl.invoke(NativeMethodAccessorImpl.java:77)
	at java.base/jdk.internal.reflect.DelegatingMethodAccessorImpl.invoke(DelegatingMethodAccessorImpl.java:43)
Caused by: com.kms.katalon.core.webui.exception.WebElementNotFoundException: Web element with id: 'Object Repository/TripFocus/Orders/Advanced Filters/Advanced Date Fields/Shipped_To_txt' located by '/html/body/div/div[2]/div/main/div/div[2]/div/div[2]/div/div/div[3]/div/div/div[1]/div[2]/div/fieldset/div/div/input' not found
	at com.kms.katalon.core.webui.common.WebUiCommonHelper.findWebElement(WebUiCommonHelper.java:1423)
	at com.kms.katalon.core.webui.keyword.internal.WebUIAbstractKeyword.findWebElement(WebUIAbstractKeyword.groovy:27)
	at com.kms.katalon.core.webui.keyword.internal.WebUIAbstractKeyword.findWebElement(WebUIAbstractKeyword.groovy:26)
	at com.kms.katalon.core.webui.keyword.builtin.SendKeysKeyword$_sendKeys_closure1.doCall(SendKeysKeyword.groovy:52)
	at com.kms.katalon.core.webui.keyword.builtin.SendKeysKeyword$_sendKeys_closure1.call(SendKeysKeyword.groovy)
	at com.kms.katalon.core.webui.keyword.internal.WebUIKeywordMain.runKeyword(WebUIKeywordMain.groovy:35)
	... 22 more]]></system-err>
      </testcase>
      <testcase name="Test Cases/TripFocus/FDG/FDG - Orders/FDG - Advanced Filter - Shipper" time="65.441" classname="Test Cases/TripFocus/FDG/FDG - Orders/FDG - Advanced Filter - Shipper" status="FAILED">
         <failure type="FAILED" message="Test Cases/TripFocus/FDG/FDG - Orders/FDG - Advanced Filter - Shipper FAILED.&#xa;Reason:&#xa;com.kms.katalon.core.exception.StepFailedException: Unable to click on object 'Object Repository/TripFocus/Orders/Advanced Filters/Advanced Search Fields/Shipper_dropdown'&#xa;	at com.kms.katalon.core.webui.keyword.internal.WebUIKeywordMain.stepFailed(WebUIKeywordMain.groovy:117)&#xa;	at com.kms.katalon.core.webui.keyword.internal.WebUIKeywordMain.runKeyword(WebUIKeywordMain.groovy:43)&#xa;	at com.kms.katalon.core.webui.keyword.builtin.ClickKeyword.click(ClickKeyword.groovy:74)&#xa;	at com.kms.katalon.core.webui.keyword.builtin.ClickKeyword.execute(ClickKeyword.groovy:40)&#xa;	at com.kms.katalon.core.keyword.internal.KeywordExecutor.executeKeywordForPlatform(KeywordExecutor.groovy:74)&#xa;	at com.kms.katalon.core.webui.keyword.WebUiBuiltInKeywords.click(WebUiBuiltInKeywords.groovy:659)&#xa;	at com.kms.katalon.core.webui.keyword.WebUiBuiltInKeywords$click$1.call(Unknown Source)&#xa;	at FDG - Advanced Filter - Shipper.run(FDG - Advanced Filter - Shipper:62)&#xa;	at com.kms.katalon.core.main.ScriptEngine.run(ScriptEngine.java:194)&#xa;	at com.kms.katalon.core.main.ScriptEngine.runScriptAsRawText(ScriptEngine.java:119)&#xa;	at com.kms.katalon.core.main.TestCaseExecutor.runScript(TestCaseExecutor.java:448)&#xa;	at com.kms.katalon.core.main.TestCaseExecutor.doExecute(TestCaseExecutor.java:439)&#xa;	at com.kms.katalon.core.main.TestCaseExecutor.processExecutionPhase(TestCaseExecutor.java:418)&#xa;	at com.kms.katalon.core.main.TestCaseExecutor.accessMainPhase(TestCaseExecutor.java:410)&#xa;	at com.kms.katalon.core.main.TestCaseExecutor.execute(TestCaseExecutor.java:285)&#xa;	at com.kms.katalon.core.common.CommonExecutor.accessTestCaseMainPhase(CommonExecutor.java:65)&#xa;	at com.kms.katalon.core.main.TestSuiteExecutor.accessTestSuiteMainPhase(TestSuiteExecutor.java:150)&#xa;	at com.kms.katalon.core.main.TestSuiteExecutor.execute(TestSuiteExecutor.java:106)&#xa;	at com.kms.katalon.core.main.TestCaseMain.startTestSuite(TestCaseMain.java:180)&#xa;	at com.kms.katalon.core.main.TestCaseMain$startTestSuite$0.call(Unknown Source)&#xa;	at TempTestSuite1761139058037.run(TempTestSuite1761139058037.groovy:35)&#xa;	at java.base/jdk.internal.reflect.NativeMethodAccessorImpl.invoke0(Native Method)&#xa;	at java.base/jdk.internal.reflect.NativeMethodAccessorImpl.invoke(NativeMethodAccessorImpl.java:77)&#xa;	at java.base/jdk.internal.reflect.DelegatingMethodAccessorImpl.invoke(DelegatingMethodAccessorImpl.java:43)&#xa;Caused by: com.kms.katalon.core.webui.exception.WebElementNotFoundException: Web element with id: 'Object Repository/TripFocus/Orders/Advanced Filters/Advanced Search Fields/Shipper_dropdown' located by '/html/body/div/div[2]/div/main/div/div[2]/div/div[2]/div/div/div[2]/div/div/div[2]/div[1]/div/div/div[1]' not found&#xa;	at com.kms.katalon.core.webui.common.WebUiCommonHelper.findWebElement(WebUiCommonHelper.java:1423)&#xa;	at com.kms.katalon.core.webui.keyword.internal.WebUIAbstractKeyword.findWebElement(WebUIAbstractKeyword.groovy:27)&#xa;	at com.kms.katalon.core.webui.keyword.builtin.ClickKeyword$_click_closure1.doCall(ClickKeyword.groovy:65)&#xa;	at com.kms.katalon.core.webui.keyword.builtin.ClickKeyword$_click_closure1.call(ClickKeyword.groovy)&#xa;	at com.kms.katalon.core.webui.keyword.internal.WebUIKeywordMain.runKeyword(WebUIKeywordMain.groovy:35)&#xa;	... 22 more&#xa;"/>
         <system-out><![CDATA[22-10-2025T09:41:49 - [TEST_CASE][FAILED] - Test Cases/TripFocus/FDG/FDG - Orders/FDG - Advanced Filter - Shipper: Test Cases/TripFocus/FDG/FDG - Orders/FDG - Advanced Filter - Shipper FAILED.
Reason:
com.kms.katalon.core.exception.StepFailedException: Unable to click on object 'Object Repository/TripFocus/Orders/Advanced Filters/Advanced Search Fields/Shipper_dropdown'
	at com.kms.katalon.core.webui.keyword.internal.WebUIKeywordMain.stepFailed(WebUIKeywordMain.groovy:117)
	at com.kms.katalon.core.webui.keyword.internal.WebUIKeywordMain.runKeyword(WebUIKeywordMain.groovy:43)
	at com.kms.katalon.core.webui.keyword.builtin.ClickKeyword.click(ClickKeyword.groovy:74)
	at com.kms.katalon.core.webui.keyword.builtin.ClickKeyword.execute(ClickKeyword.groovy:40)
	at com.kms.katalon.core.keyword.internal.KeywordExecutor.executeKeywordForPlatform(KeywordExecutor.groovy:74)
	at com.kms.katalon.core.webui.keyword.WebUiBuiltInKeywords.click(WebUiBuiltInKeywords.groovy:659)
	at com.kms.katalon.core.webui.keyword.WebUiBuiltInKeywords$click$1.call(Unknown Source)
	at FDG - Advanced Filter - Shipper.run(FDG - Advanced Filter - Shipper:62)
	at com.kms.katalon.core.main.ScriptEngine.run(ScriptEngine.java:194)
	at com.kms.katalon.core.main.ScriptEngine.runScriptAsRawText(ScriptEngine.java:119)
	at com.kms.katalon.core.main.TestCaseExecutor.runScript(TestCaseExecutor.java:448)
	at com.kms.katalon.core.main.TestCaseExecutor.doExecute(TestCaseExecutor.java:439)
	at com.kms.katalon.core.main.TestCaseExecutor.processExecutionPhase(TestCaseExecutor.java:418)
	at com.kms.katalon.core.main.TestCaseExecutor.accessMainPhase(TestCaseExecutor.java:410)
	at com.kms.katalon.core.main.TestCaseExecutor.execute(TestCaseExecutor.java:285)
	at com.kms.katalon.core.common.CommonExecutor.accessTestCaseMainPhase(CommonExecutor.java:65)
	at com.kms.katalon.core.main.TestSuiteExecutor.accessTestSuiteMainPhase(TestSuiteExecutor.java:150)
	at com.kms.katalon.core.main.TestSuiteExecutor.execute(TestSuiteExecutor.java:106)
	at com.kms.katalon.core.main.TestCaseMain.startTestSuite(TestCaseMain.java:180)
	at com.kms.katalon.core.main.TestCaseMain$startTestSuite$0.call(Unknown Source)
	at TempTestSuite1761139058037.run(TempTestSuite1761139058037.groovy:35)
	at java.base/jdk.internal.reflect.NativeMethodAccessorImpl.invoke0(Native Method)
	at java.base/jdk.internal.reflect.NativeMethodAccessorImpl.invoke(NativeMethodAccessorImpl.java:77)
	at java.base/jdk.internal.reflect.DelegatingMethodAccessorImpl.invoke(DelegatingMethodAccessorImpl.java:43)
Caused by: com.kms.katalon.core.webui.exception.WebElementNotFoundException: Web element with id: 'Object Repository/TripFocus/Orders/Advanced Filters/Advanced Search Fields/Shipper_dropdown' located by '/html/body/div/div[2]/div/main/div/div[2]/div/div[2]/div/div/div[2]/div/div/div[2]/div[1]/div/div/div[1]' not found
	at com.kms.katalon.core.webui.common.WebUiCommonHelper.findWebElement(WebUiCommonHelper.java:1423)
	at com.kms.katalon.core.webui.keyword.internal.WebUIAbstractKeyword.findWebElement(WebUIAbstractKeyword.groovy:27)
	at com.kms.katalon.core.webui.keyword.builtin.ClickKeyword$_click_closure1.doCall(ClickKeyword.groovy:65)
	at com.kms.katalon.core.webui.keyword.builtin.ClickKeyword$_click_closure1.call(ClickKeyword.groovy)
	at com.kms.katalon.core.webui.keyword.internal.WebUIKeywordMain.runKeyword(WebUIKeywordMain.groovy:35)
	... 22 more


22-10-2025T09:41:49 - [TEST_STEP][PASSED] - Start listener action : beforeTestCase: null

22-10-2025T09:41:49 - [TEST_STEP][PASSED] - addDefaultPackages(): null

22-10-2025T09:41:49 - [TEST_STEP][PASSED] - openBrowser(""): Browser is opened with url: ''

22-10-2025T09:41:49 - [MESSAGE][WARNING] - A browser is already opened. Closing browser and opening a new one

22-10-2025T09:41:50 - [MESSAGE][INFO] - Starting 'Chrome' driver

22-10-2025T09:41:50 - [MESSAGE][INFO] - User set preference: ['args', '[--no-sandbox, --disable-gpu, --disable-dev-shm-usage]']

22-10-2025T09:41:50 - [MESSAGE][INFO] - Action delay is set to 0 milliseconds

22-10-2025T09:41:50 - [MESSAGE][PASSED] - Browser is opened with url: ''

22-10-2025T09:41:50 - [TEST_STEP][PASSED] - navigateToUrl(TFBaseURL): Navigate to 'https://www.qa.tripfocus.com' successfully

22-10-2025T09:41:51 - [MESSAGE][PASSED] - Navigate to 'https://www.qa.tripfocus.com' successfully

22-10-2025T09:41:51 - [TEST_STEP][PASSED] - click(findTestObject("Object Repository/TripFocus/Page_TripFocus/button_Sign in")): Object: 'Object Repository/TripFocus/Page_TripFocus/button_Sign in' is clicked on

22-10-2025T09:41:51 - [MESSAGE][PASSED] - Object: 'Object Repository/TripFocus/Page_TripFocus/button_Sign in' is clicked on

22-10-2025T09:41:51 - [TEST_STEP][PASSED] - setText(findTestObject("Object Repository/TripFocus/Page_TripFocus/input_Username (e.g. email address)_Username"), TripFocusFDGUsername): Text 'Ashford.Chenault+QACustomerFDGONLY@thekag.com' is set on object 'Object Repository/TripFocus/Page_TripFocus/input_Username (e.g. email address)_Username'

22-10-2025T09:41:52 - [MESSAGE][PASSED] - Text 'Ashford.Chenault+QACustomerFDGONLY@thekag.com' is set on object 'Object Repository/TripFocus/Page_TripFocus/input_Username (e.g. email address)_Username'

22-10-2025T09:41:52 - [TEST_STEP][PASSED] - setText(findTestObject("Object Repository/TripFocus/Page_TripFocus/input_Password_Password"), TripFocusFDGSPGPassword): Text 'CrashBan911!!' is set on object 'Object Repository/TripFocus/Page_TripFocus/input_Password_Password'

22-10-2025T09:41:52 - [MESSAGE][PASSED] - Text 'CrashBan911!!' is set on object 'Object Repository/TripFocus/Page_TripFocus/input_Password_Password'

22-10-2025T09:41:52 - [TEST_STEP][PASSED] - click(findTestObject("Object Repository/TripFocus/Page_TripFocus/button_Login")): Object: 'Object Repository/TripFocus/Page_TripFocus/button_Login' is clicked on

22-10-2025T09:41:52 - [MESSAGE][PASSED] - Object: 'Object Repository/TripFocus/Page_TripFocus/button_Login' is clicked on

22-10-2025T09:41:52 - [TEST_STEP][PASSED] - maximizeWindow(): Current window maximized

22-10-2025T09:41:52 - [MESSAGE][PASSED] - Current window maximized

22-10-2025T09:41:52 - [TEST_STEP][PASSED] - waitForElementVisible(findTestObject("TripFocus/Testing_Notification_btn"), 15, OPTIONAL): Web element with id: 'Object Repository/TripFocus/Testing_Notification_btn' located by '//*[@id="__BVID__10___BV_modal_footer_"]/button' not found

22-10-2025T09:42:08 - [MESSAGE][INFO] - Unable to find the element located by 'By.xpath: //*[@id="__BVID__10___BV_modal_footer_"]/button'. Please recheck the objects properties to make sure the desired element is located. 

22-10-2025T09:42:08 - [MESSAGE][WARNING] - [SELF-HEALING] Failed to find element with id 'Object Repository/TripFocus/Testing_Notification_btn'. Try using Self-healing.

22-10-2025T09:42:09 - [MESSAGE][INFO] - [SELF-HEALING] No working XPath is found.

22-10-2025T09:42:11 - [MESSAGE][INFO] - Unable to find the element located by 'By.xpath: '. Please recheck the objects properties to make sure the desired element is located. 

22-10-2025T09:42:11 - [MESSAGE][WARNING] - [SELF-HEALING] Cannot find elements when the selector is null

22-10-2025T09:42:11 - [MESSAGE][WARNING] - Web element with id: 'Object Repository/TripFocus/Testing_Notification_btn' located by '//*[@id="__BVID__10___BV_modal_footer_"]/button' not found

22-10-2025T09:42:11 - [TEST_STEP][PASSED] - if (verifyElementVisible(findTestObject("TripFocus/Testing_Notification_btn"), OPTIONAL) == true): Web element with id: 'Object Repository/TripFocus/Testing_Notification_btn' located by '//*[@id="__BVID__10___BV_modal_footer_"]/button' not found (Root cause: com.kms.katalon.core.exception.StepFailedException: Web element with id: 'Object Repository/TripFocus/Testing_Notification_btn' located by '//*[@id="__BVID__10___BV_modal_footer_"]/button' not found
	at com.kms.katalon.core.webui.keyword.internal.WebUIKeywordMain.stepFailed(WebUIKeywordMain.groovy:117)
	at com.kms.katalon.core.webui.keyword.builtin.VerifyElementVisibleKeyword$_verifyElementVisible_closure1.doCall(VerifyElementVisibleKeyword.groovy:89)
	at com.kms.katalon.core.webui.keyword.builtin.VerifyElementVisibleKeyword$_verifyElementVisible_closure1.call(VerifyElementVisibleKeyword.groovy)
	at com.kms.katalon.core.webui.keyword.internal.WebUIKeywordMain.runKeyword(WebUIKeywordMain.groovy:35)
	at com.kms.katalon.core.webui.keyword.builtin.VerifyElementVisibleKeyword.verifyElementVisible(VerifyElementVisibleKeyword.groovy:97)
	at com.kms.katalon.core.webui.keyword.builtin.VerifyElementVisibleKeyword.execute(VerifyElementVisibleKeyword.groovy:67)
	at com.kms.katalon.core.keyword.internal.KeywordExecutor.executeKeywordForPlatform(KeywordExecutor.groovy:74)
	at com.kms.katalon.core.webui.keyword.WebUiBuiltInKeywords.verifyElementVisible(WebUiBuiltInKeywords.groovy:401)
	at com.kms.katalon.core.webui.keyword.WebUiBuiltInKeywords$verifyElementVisible$5.call(Unknown Source)
	at FDG - Advanced Filter - Shipper.run(FDG - Advanced Filter - Shipper:38)
	at com.kms.katalon.core.main.ScriptEngine.run(ScriptEngine.java:194)
	at com.kms.katalon.core.main.ScriptEngine.runScriptAsRawText(ScriptEngine.java:119)
	at com.kms.katalon.core.main.TestCaseExecutor.runScript(TestCaseExecutor.java:448)
	at com.kms.katalon.core.main.TestCaseExecutor.doExecute(TestCaseExecutor.java:439)
	at com.kms.katalon.core.main.TestCaseExecutor.processExecutionPhase(TestCaseExecutor.java:418)
	at com.kms.katalon.core.main.TestCaseExecutor.accessMainPhase(TestCaseExecutor.java:410)
	at com.kms.katalon.core.main.TestCaseExecutor.execute(TestCaseExecutor.java:285)
	at com.kms.katalon.core.common.CommonExecutor.accessTestCaseMainPhase(CommonExecutor.java:65)
	at com.kms.katalon.core.main.TestSuiteExecutor.accessTestSuiteMainPhase(TestSuiteExecutor.java:150)
	at com.kms.katalon.core.main.TestSuiteExecutor.execute(TestSuiteExecutor.java:106)
	at com.kms.katalon.core.main.TestCaseMain.startTestSuite(TestCaseMain.java:180)
	at com.kms.katalon.core.main.TestCaseMain$startTestSuite$0.call(Unknown Source)
	at TempTestSuite1761139058037.run(TempTestSuite1761139058037.groovy:35)
	at java.base/jdk.internal.reflect.NativeMethodAccessorImpl.invoke0(Native Method)
	at java.base/jdk.internal.reflect.NativeMethodAccessorImpl.invoke(NativeMethodAccessorImpl.java:77)
	at java.base/jdk.internal.reflect.DelegatingMethodAccessorImpl.invoke(DelegatingMethodAccessorImpl.java:43)
)

22-10-2025T09:42:27 - [MESSAGE][INFO] - Unable to find the element located by 'By.xpath: //*[@id="__BVID__10___BV_modal_footer_"]/button'. Please recheck the objects properties to make sure the desired element is located. 

22-10-2025T09:42:27 - [MESSAGE][WARNING] - [SELF-HEALING] Failed to find element with id 'Object Repository/TripFocus/Testing_Notification_btn'. Try using Self-healing.

22-10-2025T09:42:28 - [MESSAGE][INFO] - [SELF-HEALING] No working XPath is found.

22-10-2025T09:42:30 - [MESSAGE][INFO] - Unable to find the element located by 'By.xpath: '. Please recheck the objects properties to make sure the desired element is located. 

22-10-2025T09:42:30 - [MESSAGE][WARNING] - [SELF-HEALING] Cannot find elements when the selector is null

22-10-2025T09:42:30 - [MESSAGE][WARNING] - Web element with id: 'Object Repository/TripFocus/Testing_Notification_btn' located by '//*[@id="__BVID__10___BV_modal_footer_"]/button' not found (Root cause: com.kms.katalon.core.exception.StepFailedException: Web element with id: 'Object Repository/TripFocus/Testing_Notification_btn' located by '//*[@id="__BVID__10___BV_modal_footer_"]/button' not found
	at com.kms.katalon.core.webui.keyword.internal.WebUIKeywordMain.stepFailed(WebUIKeywordMain.groovy:117)
	at com.kms.katalon.core.webui.keyword.builtin.VerifyElementVisibleKeyword$_verifyElementVisible_closure1.doCall(VerifyElementVisibleKeyword.groovy:89)
	at com.kms.katalon.core.webui.keyword.builtin.VerifyElementVisibleKeyword$_verifyElementVisible_closure1.call(VerifyElementVisibleKeyword.groovy)
	at com.kms.katalon.core.webui.keyword.internal.WebUIKeywordMain.runKeyword(WebUIKeywordMain.groovy:35)
	at com.kms.katalon.core.webui.keyword.builtin.VerifyElementVisibleKeyword.verifyElementVisible(VerifyElementVisibleKeyword.groovy:97)
	at com.kms.katalon.core.webui.keyword.builtin.VerifyElementVisibleKeyword.execute(VerifyElementVisibleKeyword.groovy:67)
	at com.kms.katalon.core.keyword.internal.KeywordExecutor.executeKeywordForPlatform(KeywordExecutor.groovy:74)
	at com.kms.katalon.core.webui.keyword.WebUiBuiltInKeywords.verifyElementVisible(WebUiBuiltInKeywords.groovy:401)
	at com.kms.katalon.core.webui.keyword.WebUiBuiltInKeywords$verifyElementVisible$5.call(Unknown Source)
	at FDG - Advanced Filter - Shipper.run(FDG - Advanced Filter - Shipper:38)
	at com.kms.katalon.core.main.ScriptEngine.run(ScriptEngine.java:194)
	at com.kms.katalon.core.main.ScriptEngine.runScriptAsRawText(ScriptEngine.java:119)
	at com.kms.katalon.core.main.TestCaseExecutor.runScript(TestCaseExecutor.java:448)
	at com.kms.katalon.core.main.TestCaseExecutor.doExecute(TestCaseExecutor.java:439)
	at com.kms.katalon.core.main.TestCaseExecutor.processExecutionPhase(TestCaseExecutor.java:418)
	at com.kms.katalon.core.main.TestCaseExecutor.accessMainPhase(TestCaseExecutor.java:410)
	at com.kms.katalon.core.main.TestCaseExecutor.execute(TestCaseExecutor.java:285)
	at com.kms.katalon.core.common.CommonExecutor.accessTestCaseMainPhase(CommonExecutor.java:65)
	at com.kms.katalon.core.main.TestSuiteExecutor.accessTestSuiteMainPhase(TestSuiteExecutor.java:150)
	at com.kms.katalon.core.main.TestSuiteExecutor.execute(TestSuiteExecutor.java:106)
	at com.kms.katalon.core.main.TestCaseMain.startTestSuite(TestCaseMain.java:180)
	at com.kms.katalon.core.main.TestCaseMain$startTestSuite$0.call(Unknown Source)
	at TempTestSuite1761139058037.run(TempTestSuite1761139058037.groovy:35)
	at java.base/jdk.internal.reflect.NativeMethodAccessorImpl.invoke0(Native Method)
	at java.base/jdk.internal.reflect.NativeMethodAccessorImpl.invoke(NativeMethodAccessorImpl.java:77)
	at java.base/jdk.internal.reflect.DelegatingMethodAccessorImpl.invoke(DelegatingMethodAccessorImpl.java:43)
)

22-10-2025T09:42:30 - [TEST_STEP][PASSED] - click(findTestObject("TripFocus/SSO/SSO Orders Tab")): Object: 'Object Repository/TripFocus/SSO/SSO Orders Tab' is clicked on

22-10-2025T09:42:31 - [MESSAGE][PASSED] - Object: 'Object Repository/TripFocus/SSO/SSO Orders Tab' is clicked on

22-10-2025T09:42:31 - [TEST_STEP][PASSED] - waitForElementClickable(findTestObject("TripFocus/Orders/Advanced Filters_btn"), 30): Object 'Object Repository/TripFocus/Orders/Advanced Filters_btn' is clickable

22-10-2025T09:42:31 - [MESSAGE][PASSED] - Object 'Object Repository/TripFocus/Orders/Advanced Filters_btn' is clickable

22-10-2025T09:42:31 - [TEST_STEP][PASSED] - click(findTestObject("TripFocus/Orders/Advanced Filters_btn"), STOP_ON_FAILURE): Object: 'Object Repository/TripFocus/Orders/Advanced Filters_btn' is clicked on

22-10-2025T09:42:32 - [MESSAGE][PASSED] - Object: 'Object Repository/TripFocus/Orders/Advanced Filters_btn' is clicked on

22-10-2025T09:42:32 - [TEST_STEP][PASSED] - delay(2): Delayed 2 second(s)

22-10-2025T09:42:34 - [MESSAGE][PASSED] - Delayed 2 second(s)

22-10-2025T09:42:34 - [TEST_STEP][PASSED] - click(findTestObject("TripFocus/Orders/Advanced Filters/Advanced Search Fields/Advanced_Search_Fields_dropdown")): Object: 'Object Repository/TripFocus/Orders/Advanced Filters/Advanced Search Fields/Advanced_Search_Fields_dropdown' is clicked on

22-10-2025T09:42:34 - [MESSAGE][PASSED] - Object: 'Object Repository/TripFocus/Orders/Advanced Filters/Advanced Search Fields/Advanced_Search_Fields_dropdown' is clicked on

22-10-2025T09:42:34 - [TEST_STEP][PASSED] - delay(2): Delayed 2 second(s)

22-10-2025T09:42:36 - [MESSAGE][PASSED] - Delayed 2 second(s)

22-10-2025T09:42:36 - [TEST_STEP][FAILED] - click(findTestObject("TripFocus/Orders/Advanced Filters/Advanced Search Fields/Shipper_dropdown")): Unable to click on object 'Object Repository/TripFocus/Orders/Advanced Filters/Advanced Search Fields/Shipper_dropdown' (Root cause: com.kms.katalon.core.exception.StepFailedException: Unable to click on object 'Object Repository/TripFocus/Orders/Advanced Filters/Advanced Search Fields/Shipper_dropdown'
	at com.kms.katalon.core.webui.keyword.internal.WebUIKeywordMain.stepFailed(WebUIKeywordMain.groovy:117)
	at com.kms.katalon.core.webui.keyword.internal.WebUIKeywordMain.runKeyword(WebUIKeywordMain.groovy:43)
	at com.kms.katalon.core.webui.keyword.builtin.ClickKeyword.click(ClickKeyword.groovy:74)
	at com.kms.katalon.core.webui.keyword.builtin.ClickKeyword.execute(ClickKeyword.groovy:40)
	at com.kms.katalon.core.keyword.internal.KeywordExecutor.executeKeywordForPlatform(KeywordExecutor.groovy:74)
	at com.kms.katalon.core.webui.keyword.WebUiBuiltInKeywords.click(WebUiBuiltInKeywords.groovy:659)
	at com.kms.katalon.core.webui.keyword.WebUiBuiltInKeywords$click$1.call(Unknown Source)
	at FDG - Advanced Filter - Shipper.run(FDG - Advanced Filter - Shipper:62)
	at com.kms.katalon.core.main.ScriptEngine.run(ScriptEngine.java:194)
	at com.kms.katalon.core.main.ScriptEngine.runScriptAsRawText(ScriptEngine.java:119)
	at com.kms.katalon.core.main.TestCaseExecutor.runScript(TestCaseExecutor.java:448)
	at com.kms.katalon.core.main.TestCaseExecutor.doExecute(TestCaseExecutor.java:439)
	at com.kms.katalon.core.main.TestCaseExecutor.processExecutionPhase(TestCaseExecutor.java:418)
	at com.kms.katalon.core.main.TestCaseExecutor.accessMainPhase(TestCaseExecutor.java:410)
	at com.kms.katalon.core.main.TestCaseExecutor.execute(TestCaseExecutor.java:285)
	at com.kms.katalon.core.common.CommonExecutor.accessTestCaseMainPhase(CommonExecutor.java:65)
	at com.kms.katalon.core.main.TestSuiteExecutor.accessTestSuiteMainPhase(TestSuiteExecutor.java:150)
	at com.kms.katalon.core.main.TestSuiteExecutor.execute(TestSuiteExecutor.java:106)
	at com.kms.katalon.core.main.TestCaseMain.startTestSuite(TestCaseMain.java:180)
	at com.kms.katalon.core.main.TestCaseMain$startTestSuite$0.call(Unknown Source)
	at TempTestSuite1761139058037.run(TempTestSuite1761139058037.groovy:35)
	at java.base/jdk.internal.reflect.NativeMethodAccessorImpl.invoke0(Native Method)
	at java.base/jdk.internal.reflect.NativeMethodAccessorImpl.invoke(NativeMethodAccessorImpl.java:77)
	at java.base/jdk.internal.reflect.DelegatingMethodAccessorImpl.invoke(DelegatingMethodAccessorImpl.java:43)
Caused by: com.kms.katalon.core.webui.exception.WebElementNotFoundException: Web element with id: 'Object Repository/TripFocus/Orders/Advanced Filters/Advanced Search Fields/Shipper_dropdown' located by '/html/body/div/div[2]/div/main/div/div[2]/div/div[2]/div/div/div[2]/div/div/div[2]/div[1]/div/div/div[1]' not found
	at com.kms.katalon.core.webui.common.WebUiCommonHelper.findWebElement(WebUiCommonHelper.java:1423)
	at com.kms.katalon.core.webui.keyword.internal.WebUIAbstractKeyword.findWebElement(WebUIAbstractKeyword.groovy:27)
	at com.kms.katalon.core.webui.keyword.builtin.ClickKeyword$_click_closure1.doCall(ClickKeyword.groovy:65)
	at com.kms.katalon.core.webui.keyword.builtin.ClickKeyword$_click_closure1.call(ClickKeyword.groovy)
	at com.kms.katalon.core.webui.keyword.internal.WebUIKeywordMain.runKeyword(WebUIKeywordMain.groovy:35)
	at com.kms.katalon.core.webui.keyword.builtin.ClickKeyword.click(ClickKeyword.groovy:74)
	at com.kms.katalon.core.webui.keyword.builtin.ClickKeyword.execute(ClickKeyword.groovy:40)
	at com.kms.katalon.core.keyword.internal.KeywordExecutor.executeKeywordForPlatform(KeywordExecutor.groovy:74)
	at com.kms.katalon.core.webui.keyword.WebUiBuiltInKeywords.click(WebUiBuiltInKeywords.groovy:659)
	at com.kms.katalon.core.webui.keyword.WebUiBuiltInKeywords$click$1.call(Unknown Source)
	at Script1745007777287.run(Script1745007777287.groovy:62)
	... 16 more
)

22-10-2025T09:42:52 - [MESSAGE][INFO] - Unable to find the element located by 'By.xpath: /html/body/div/div[2]/div/main/div/div[2]/div/div[2]/div/div/div[2]/div/div/div[2]/div[1]/div/div/div[1]'. Please recheck the objects properties to make sure the desired element is located. 

22-10-2025T09:42:52 - [MESSAGE][WARNING] - [SELF-HEALING] Failed to find element with id 'Object Repository/TripFocus/Orders/Advanced Filters/Advanced Search Fields/Shipper_dropdown'. Try using Self-healing.

22-10-2025T09:42:53 - [MESSAGE][INFO] - [SELF-HEALING] No working XPath is found.

22-10-2025T09:42:55 - [MESSAGE][INFO] - Unable to find the element located by 'By.xpath: '. Please recheck the objects properties to make sure the desired element is located. 

22-10-2025T09:42:55 - [MESSAGE][WARNING] - [SELF-HEALING] Cannot find elements when the selector is null

22-10-2025T09:42:55 - [MESSAGE][FAILED] - Unable to click on object 'Object Repository/TripFocus/Orders/Advanced Filters/Advanced Search Fields/Shipper_dropdown' (Root cause: com.kms.katalon.core.exception.StepFailedException: Unable to click on object 'Object Repository/TripFocus/Orders/Advanced Filters/Advanced Search Fields/Shipper_dropdown'
	at com.kms.katalon.core.webui.keyword.internal.WebUIKeywordMain.stepFailed(WebUIKeywordMain.groovy:117)
	at com.kms.katalon.core.webui.keyword.internal.WebUIKeywordMain.runKeyword(WebUIKeywordMain.groovy:43)
	at com.kms.katalon.core.webui.keyword.builtin.ClickKeyword.click(ClickKeyword.groovy:74)
	at com.kms.katalon.core.webui.keyword.builtin.ClickKeyword.execute(ClickKeyword.groovy:40)
	at com.kms.katalon.core.keyword.internal.KeywordExecutor.executeKeywordForPlatform(KeywordExecutor.groovy:74)
	at com.kms.katalon.core.webui.keyword.WebUiBuiltInKeywords.click(WebUiBuiltInKeywords.groovy:659)
	at com.kms.katalon.core.webui.keyword.WebUiBuiltInKeywords$click$1.call(Unknown Source)
	at FDG - Advanced Filter - Shipper.run(FDG - Advanced Filter - Shipper:62)
	at com.kms.katalon.core.main.ScriptEngine.run(ScriptEngine.java:194)
	at com.kms.katalon.core.main.ScriptEngine.runScriptAsRawText(ScriptEngine.java:119)
	at com.kms.katalon.core.main.TestCaseExecutor.runScript(TestCaseExecutor.java:448)
	at com.kms.katalon.core.main.TestCaseExecutor.doExecute(TestCaseExecutor.java:439)
	at com.kms.katalon.core.main.TestCaseExecutor.processExecutionPhase(TestCaseExecutor.java:418)
	at com.kms.katalon.core.main.TestCaseExecutor.accessMainPhase(TestCaseExecutor.java:410)
	at com.kms.katalon.core.main.TestCaseExecutor.execute(TestCaseExecutor.java:285)
	at com.kms.katalon.core.common.CommonExecutor.accessTestCaseMainPhase(CommonExecutor.java:65)
	at com.kms.katalon.core.main.TestSuiteExecutor.accessTestSuiteMainPhase(TestSuiteExecutor.java:150)
	at com.kms.katalon.core.main.TestSuiteExecutor.execute(TestSuiteExecutor.java:106)
	at com.kms.katalon.core.main.TestCaseMain.startTestSuite(TestCaseMain.java:180)
	at com.kms.katalon.core.main.TestCaseMain$startTestSuite$0.call(Unknown Source)
	at TempTestSuite1761139058037.run(TempTestSuite1761139058037.groovy:35)
	at java.base/jdk.internal.reflect.NativeMethodAccessorImpl.invoke0(Native Method)
	at java.base/jdk.internal.reflect.NativeMethodAccessorImpl.invoke(NativeMethodAccessorImpl.java:77)
	at java.base/jdk.internal.reflect.DelegatingMethodAccessorImpl.invoke(DelegatingMethodAccessorImpl.java:43)
Caused by: com.kms.katalon.core.webui.exception.WebElementNotFoundException: Web element with id: 'Object Repository/TripFocus/Orders/Advanced Filters/Advanced Search Fields/Shipper_dropdown' located by '/html/body/div/div[2]/div/main/div/div[2]/div/div[2]/div/div/div[2]/div/div/div[2]/div[1]/div/div/div[1]' not found
	at com.kms.katalon.core.webui.common.WebUiCommonHelper.findWebElement(WebUiCommonHelper.java:1423)
	at com.kms.katalon.core.webui.keyword.internal.WebUIAbstractKeyword.findWebElement(WebUIAbstractKeyword.groovy:27)
	at com.kms.katalon.core.webui.keyword.builtin.ClickKeyword$_click_closure1.doCall(ClickKeyword.groovy:65)
	at com.kms.katalon.core.webui.keyword.builtin.ClickKeyword$_click_closure1.call(ClickKeyword.groovy)
	at com.kms.katalon.core.webui.keyword.internal.WebUIKeywordMain.runKeyword(WebUIKeywordMain.groovy:35)
	at com.kms.katalon.core.webui.keyword.builtin.ClickKeyword.click(ClickKeyword.groovy:74)
	at com.kms.katalon.core.webui.keyword.builtin.ClickKeyword.execute(ClickKeyword.groovy:40)
	at com.kms.katalon.core.keyword.internal.KeywordExecutor.executeKeywordForPlatform(KeywordExecutor.groovy:74)
	at com.kms.katalon.core.webui.keyword.WebUiBuiltInKeywords.click(WebUiBuiltInKeywords.groovy:659)
	at com.kms.katalon.core.webui.keyword.WebUiBuiltInKeywords$click$1.call(Unknown Source)
	at Script1745007777287.run(Script1745007777287.groovy:62)
	... 16 more
)

22-10-2025T09:42:55 - [TEST_STEP][PASSED] - Start listener action : retryOnDisconnect: Current window's url is: 'https://www.qa.tripfocus.com/order-tenders'

22-10-2025T09:42:55 - [TEST_STEP][PASSED] - tcId = testCaseContext.getTestCaseId(): null

22-10-2025T09:42:55 - [TEST_STEP][PASSED] - currentRetry = retryCounts.getOrDefault(tcId, 0): null

22-10-2025T09:42:55 - [TEST_STEP][PASSED] - if (testCaseContext.getTestCaseStatus() == "FAILED" && currentRetry < MAX_RETRIES): Current window's url is: 'https://www.qa.tripfocus.com/order-tenders'

22-10-2025T09:42:55 - [TEST_STEP][PASSED] - try: Current window's url is: 'https://www.qa.tripfocus.com/order-tenders'

22-10-2025T09:42:55 - [TEST_STEP][PASSED] - comment(Checking for WebDriver disconnect for test case: $tcId): Checking for WebDriver disconnect for test case: Test Cases/TripFocus/FDG/FDG - Orders/FDG - Advanced Filter - Shipper

22-10-2025T09:42:55 - [MESSAGE][INFO] - Checking for WebDriver disconnect for test case: Test Cases/TripFocus/FDG/FDG - Orders/FDG - Advanced Filter - Shipper

22-10-2025T09:42:55 - [TEST_STEP][PASSED] - getUrl(): Current window's url is: 'https://www.qa.tripfocus.com/order-tenders'

22-10-2025T09:42:55 - [MESSAGE][PASSED] - Current window's url is: 'https://www.qa.tripfocus.com/order-tenders']]></system-out>
         <system-err><![CDATA[22-10-2025T09:41:49 - [TEST_CASE][FAILED] - Test Cases/TripFocus/FDG/FDG - Orders/FDG - Advanced Filter - Shipper: Test Cases/TripFocus/FDG/FDG - Orders/FDG - Advanced Filter - Shipper FAILED.
Reason:
com.kms.katalon.core.exception.StepFailedException: Unable to click on object 'Object Repository/TripFocus/Orders/Advanced Filters/Advanced Search Fields/Shipper_dropdown'
	at com.kms.katalon.core.webui.keyword.internal.WebUIKeywordMain.stepFailed(WebUIKeywordMain.groovy:117)
	at com.kms.katalon.core.webui.keyword.internal.WebUIKeywordMain.runKeyword(WebUIKeywordMain.groovy:43)
	at com.kms.katalon.core.webui.keyword.builtin.ClickKeyword.click(ClickKeyword.groovy:74)
	at com.kms.katalon.core.webui.keyword.builtin.ClickKeyword.execute(ClickKeyword.groovy:40)
	at com.kms.katalon.core.keyword.internal.KeywordExecutor.executeKeywordForPlatform(KeywordExecutor.groovy:74)
	at com.kms.katalon.core.webui.keyword.WebUiBuiltInKeywords.click(WebUiBuiltInKeywords.groovy:659)
	at com.kms.katalon.core.webui.keyword.WebUiBuiltInKeywords$click$1.call(Unknown Source)
	at FDG - Advanced Filter - Shipper.run(FDG - Advanced Filter - Shipper:62)
	at com.kms.katalon.core.main.ScriptEngine.run(ScriptEngine.java:194)
	at com.kms.katalon.core.main.ScriptEngine.runScriptAsRawText(ScriptEngine.java:119)
	at com.kms.katalon.core.main.TestCaseExecutor.runScript(TestCaseExecutor.java:448)
	at com.kms.katalon.core.main.TestCaseExecutor.doExecute(TestCaseExecutor.java:439)
	at com.kms.katalon.core.main.TestCaseExecutor.processExecutionPhase(TestCaseExecutor.java:418)
	at com.kms.katalon.core.main.TestCaseExecutor.accessMainPhase(TestCaseExecutor.java:410)
	at com.kms.katalon.core.main.TestCaseExecutor.execute(TestCaseExecutor.java:285)
	at com.kms.katalon.core.common.CommonExecutor.accessTestCaseMainPhase(CommonExecutor.java:65)
	at com.kms.katalon.core.main.TestSuiteExecutor.accessTestSuiteMainPhase(TestSuiteExecutor.java:150)
	at com.kms.katalon.core.main.TestSuiteExecutor.execute(TestSuiteExecutor.java:106)
	at com.kms.katalon.core.main.TestCaseMain.startTestSuite(TestCaseMain.java:180)
	at com.kms.katalon.core.main.TestCaseMain$startTestSuite$0.call(Unknown Source)
	at TempTestSuite1761139058037.run(TempTestSuite1761139058037.groovy:35)
	at java.base/jdk.internal.reflect.NativeMethodAccessorImpl.invoke0(Native Method)
	at java.base/jdk.internal.reflect.NativeMethodAccessorImpl.invoke(NativeMethodAccessorImpl.java:77)
	at java.base/jdk.internal.reflect.DelegatingMethodAccessorImpl.invoke(DelegatingMethodAccessorImpl.java:43)
Caused by: com.kms.katalon.core.webui.exception.WebElementNotFoundException: Web element with id: 'Object Repository/TripFocus/Orders/Advanced Filters/Advanced Search Fields/Shipper_dropdown' located by '/html/body/div/div[2]/div/main/div/div[2]/div/div[2]/div/div/div[2]/div/div/div[2]/div[1]/div/div/div[1]' not found
	at com.kms.katalon.core.webui.common.WebUiCommonHelper.findWebElement(WebUiCommonHelper.java:1423)
	at com.kms.katalon.core.webui.keyword.internal.WebUIAbstractKeyword.findWebElement(WebUIAbstractKeyword.groovy:27)
	at com.kms.katalon.core.webui.keyword.builtin.ClickKeyword$_click_closure1.doCall(ClickKeyword.groovy:65)
	at com.kms.katalon.core.webui.keyword.builtin.ClickKeyword$_click_closure1.call(ClickKeyword.groovy)
	at com.kms.katalon.core.webui.keyword.internal.WebUIKeywordMain.runKeyword(WebUIKeywordMain.groovy:35)
	... 22 more]]></system-err>
      </testcase>
      <testcase name="Test Cases/TripFocus/FDG/FDG - Orders/FDG - Advanced Filter - Supplier" time="65.265" classname="Test Cases/TripFocus/FDG/FDG - Orders/FDG - Advanced Filter - Supplier" status="FAILED">
         <failure type="FAILED" message="Test Cases/TripFocus/FDG/FDG - Orders/FDG - Advanced Filter - Supplier FAILED.&#xa;Reason:&#xa;com.kms.katalon.core.exception.StepFailedException: Unable to click on object 'Object Repository/TripFocus/Orders/Advanced Filters/Advanced Search Fields/Supplier_dropdown'&#xa;	at com.kms.katalon.core.webui.keyword.internal.WebUIKeywordMain.stepFailed(WebUIKeywordMain.groovy:117)&#xa;	at com.kms.katalon.core.webui.keyword.internal.WebUIKeywordMain.runKeyword(WebUIKeywordMain.groovy:43)&#xa;	at com.kms.katalon.core.webui.keyword.builtin.ClickKeyword.click(ClickKeyword.groovy:74)&#xa;	at com.kms.katalon.core.webui.keyword.builtin.ClickKeyword.execute(ClickKeyword.groovy:40)&#xa;	at com.kms.katalon.core.keyword.internal.KeywordExecutor.executeKeywordForPlatform(KeywordExecutor.groovy:74)&#xa;	at com.kms.katalon.core.webui.keyword.WebUiBuiltInKeywords.click(WebUiBuiltInKeywords.groovy:659)&#xa;	at com.kms.katalon.core.webui.keyword.WebUiBuiltInKeywords$click$1.call(Unknown Source)&#xa;	at FDG - Advanced Filter - Supplier.run(FDG - Advanced Filter - Supplier:59)&#xa;	at com.kms.katalon.core.main.ScriptEngine.run(ScriptEngine.java:194)&#xa;	at com.kms.katalon.core.main.ScriptEngine.runScriptAsRawText(ScriptEngine.java:119)&#xa;	at com.kms.katalon.core.main.TestCaseExecutor.runScript(TestCaseExecutor.java:448)&#xa;	at com.kms.katalon.core.main.TestCaseExecutor.doExecute(TestCaseExecutor.java:439)&#xa;	at com.kms.katalon.core.main.TestCaseExecutor.processExecutionPhase(TestCaseExecutor.java:418)&#xa;	at com.kms.katalon.core.main.TestCaseExecutor.accessMainPhase(TestCaseExecutor.java:410)&#xa;	at com.kms.katalon.core.main.TestCaseExecutor.execute(TestCaseExecutor.java:285)&#xa;	at com.kms.katalon.core.common.CommonExecutor.accessTestCaseMainPhase(CommonExecutor.java:65)&#xa;	at com.kms.katalon.core.main.TestSuiteExecutor.accessTestSuiteMainPhase(TestSuiteExecutor.java:150)&#xa;	at com.kms.katalon.core.main.TestSuiteExecutor.execute(TestSuiteExecutor.java:106)&#xa;	at com.kms.katalon.core.main.TestCaseMain.startTestSuite(TestCaseMain.java:180)&#xa;	at com.kms.katalon.core.main.TestCaseMain$startTestSuite$0.call(Unknown Source)&#xa;	at TempTestSuite1761139058037.run(TempTestSuite1761139058037.groovy:35)&#xa;	at java.base/jdk.internal.reflect.NativeMethodAccessorImpl.invoke0(Native Method)&#xa;	at java.base/jdk.internal.reflect.NativeMethodAccessorImpl.invoke(NativeMethodAccessorImpl.java:77)&#xa;	at java.base/jdk.internal.reflect.DelegatingMethodAccessorImpl.invoke(DelegatingMethodAccessorImpl.java:43)&#xa;Caused by: com.kms.katalon.core.webui.exception.WebElementNotFoundException: Web element with id: 'Object Repository/TripFocus/Orders/Advanced Filters/Advanced Search Fields/Supplier_dropdown' located by '/html/body/div/div[2]/div/main/div/div[2]/div/div[2]/div/div/div[2]/div/div/div[3]/div[1]/div/div/div[1]' not found&#xa;	at com.kms.katalon.core.webui.common.WebUiCommonHelper.findWebElement(WebUiCommonHelper.java:1423)&#xa;	at com.kms.katalon.core.webui.keyword.internal.WebUIAbstractKeyword.findWebElement(WebUIAbstractKeyword.groovy:27)&#xa;	at com.kms.katalon.core.webui.keyword.builtin.ClickKeyword$_click_closure1.doCall(ClickKeyword.groovy:65)&#xa;	at com.kms.katalon.core.webui.keyword.builtin.ClickKeyword$_click_closure1.call(ClickKeyword.groovy)&#xa;	at com.kms.katalon.core.webui.keyword.internal.WebUIKeywordMain.runKeyword(WebUIKeywordMain.groovy:35)&#xa;	... 22 more&#xa;"/>
         <system-out><![CDATA[22-10-2025T09:42:55 - [TEST_CASE][FAILED] - Test Cases/TripFocus/FDG/FDG - Orders/FDG - Advanced Filter - Supplier: Test Cases/TripFocus/FDG/FDG - Orders/FDG - Advanced Filter - Supplier FAILED.
Reason:
com.kms.katalon.core.exception.StepFailedException: Unable to click on object 'Object Repository/TripFocus/Orders/Advanced Filters/Advanced Search Fields/Supplier_dropdown'
	at com.kms.katalon.core.webui.keyword.internal.WebUIKeywordMain.stepFailed(WebUIKeywordMain.groovy:117)
	at com.kms.katalon.core.webui.keyword.internal.WebUIKeywordMain.runKeyword(WebUIKeywordMain.groovy:43)
	at com.kms.katalon.core.webui.keyword.builtin.ClickKeyword.click(ClickKeyword.groovy:74)
	at com.kms.katalon.core.webui.keyword.builtin.ClickKeyword.execute(ClickKeyword.groovy:40)
	at com.kms.katalon.core.keyword.internal.KeywordExecutor.executeKeywordForPlatform(KeywordExecutor.groovy:74)
	at com.kms.katalon.core.webui.keyword.WebUiBuiltInKeywords.click(WebUiBuiltInKeywords.groovy:659)
	at com.kms.katalon.core.webui.keyword.WebUiBuiltInKeywords$click$1.call(Unknown Source)
	at FDG - Advanced Filter - Supplier.run(FDG - Advanced Filter - Supplier:59)
	at com.kms.katalon.core.main.ScriptEngine.run(ScriptEngine.java:194)
	at com.kms.katalon.core.main.ScriptEngine.runScriptAsRawText(ScriptEngine.java:119)
	at com.kms.katalon.core.main.TestCaseExecutor.runScript(TestCaseExecutor.java:448)
	at com.kms.katalon.core.main.TestCaseExecutor.doExecute(TestCaseExecutor.java:439)
	at com.kms.katalon.core.main.TestCaseExecutor.processExecutionPhase(TestCaseExecutor.java:418)
	at com.kms.katalon.core.main.TestCaseExecutor.accessMainPhase(TestCaseExecutor.java:410)
	at com.kms.katalon.core.main.TestCaseExecutor.execute(TestCaseExecutor.java:285)
	at com.kms.katalon.core.common.CommonExecutor.accessTestCaseMainPhase(CommonExecutor.java:65)
	at com.kms.katalon.core.main.TestSuiteExecutor.accessTestSuiteMainPhase(TestSuiteExecutor.java:150)
	at com.kms.katalon.core.main.TestSuiteExecutor.execute(TestSuiteExecutor.java:106)
	at com.kms.katalon.core.main.TestCaseMain.startTestSuite(TestCaseMain.java:180)
	at com.kms.katalon.core.main.TestCaseMain$startTestSuite$0.call(Unknown Source)
	at TempTestSuite1761139058037.run(TempTestSuite1761139058037.groovy:35)
	at java.base/jdk.internal.reflect.NativeMethodAccessorImpl.invoke0(Native Method)
	at java.base/jdk.internal.reflect.NativeMethodAccessorImpl.invoke(NativeMethodAccessorImpl.java:77)
	at java.base/jdk.internal.reflect.DelegatingMethodAccessorImpl.invoke(DelegatingMethodAccessorImpl.java:43)
Caused by: com.kms.katalon.core.webui.exception.WebElementNotFoundException: Web element with id: 'Object Repository/TripFocus/Orders/Advanced Filters/Advanced Search Fields/Supplier_dropdown' located by '/html/body/div/div[2]/div/main/div/div[2]/div/div[2]/div/div/div[2]/div/div/div[3]/div[1]/div/div/div[1]' not found
	at com.kms.katalon.core.webui.common.WebUiCommonHelper.findWebElement(WebUiCommonHelper.java:1423)
	at com.kms.katalon.core.webui.keyword.internal.WebUIAbstractKeyword.findWebElement(WebUIAbstractKeyword.groovy:27)
	at com.kms.katalon.core.webui.keyword.builtin.ClickKeyword$_click_closure1.doCall(ClickKeyword.groovy:65)
	at com.kms.katalon.core.webui.keyword.builtin.ClickKeyword$_click_closure1.call(ClickKeyword.groovy)
	at com.kms.katalon.core.webui.keyword.internal.WebUIKeywordMain.runKeyword(WebUIKeywordMain.groovy:35)
	... 22 more


22-10-2025T09:42:55 - [TEST_STEP][PASSED] - Start listener action : beforeTestCase: null

22-10-2025T09:42:55 - [TEST_STEP][PASSED] - addDefaultPackages(): null

22-10-2025T09:42:55 - [TEST_STEP][PASSED] - openBrowser(""): Browser is opened with url: ''

22-10-2025T09:42:55 - [MESSAGE][WARNING] - A browser is already opened. Closing browser and opening a new one

22-10-2025T09:42:55 - [MESSAGE][INFO] - Starting 'Chrome' driver

22-10-2025T09:42:55 - [MESSAGE][INFO] - User set preference: ['args', '[--no-sandbox, --disable-gpu, --disable-dev-shm-usage]']

22-10-2025T09:42:55 - [MESSAGE][INFO] - Action delay is set to 0 milliseconds

22-10-2025T09:42:56 - [MESSAGE][PASSED] - Browser is opened with url: ''

22-10-2025T09:42:56 - [TEST_STEP][PASSED] - navigateToUrl(TFBaseURL): Navigate to 'https://www.qa.tripfocus.com' successfully

22-10-2025T09:42:56 - [MESSAGE][PASSED] - Navigate to 'https://www.qa.tripfocus.com' successfully

22-10-2025T09:42:56 - [TEST_STEP][PASSED] - click(findTestObject("Object Repository/TripFocus/Page_TripFocus/button_Sign in")): Object: 'Object Repository/TripFocus/Page_TripFocus/button_Sign in' is clicked on

22-10-2025T09:42:57 - [MESSAGE][PASSED] - Object: 'Object Repository/TripFocus/Page_TripFocus/button_Sign in' is clicked on

22-10-2025T09:42:57 - [TEST_STEP][PASSED] - setText(findTestObject("Object Repository/TripFocus/Page_TripFocus/input_Username (e.g. email address)_Username"), TripFocusFDGUsername): Text 'Ashford.Chenault+QACustomerFDGONLY@thekag.com' is set on object 'Object Repository/TripFocus/Page_TripFocus/input_Username (e.g. email address)_Username'

22-10-2025T09:42:57 - [MESSAGE][PASSED] - Text 'Ashford.Chenault+QACustomerFDGONLY@thekag.com' is set on object 'Object Repository/TripFocus/Page_TripFocus/input_Username (e.g. email address)_Username'

22-10-2025T09:42:57 - [TEST_STEP][PASSED] - setText(findTestObject("Object Repository/TripFocus/Page_TripFocus/input_Password_Password"), TripFocusFDGSPGPassword): Text 'CrashBan911!!' is set on object 'Object Repository/TripFocus/Page_TripFocus/input_Password_Password'

22-10-2025T09:42:57 - [MESSAGE][PASSED] - Text 'CrashBan911!!' is set on object 'Object Repository/TripFocus/Page_TripFocus/input_Password_Password'

22-10-2025T09:42:57 - [TEST_STEP][PASSED] - click(findTestObject("Object Repository/TripFocus/Page_TripFocus/button_Login")): Object: 'Object Repository/TripFocus/Page_TripFocus/button_Login' is clicked on

22-10-2025T09:42:57 - [MESSAGE][PASSED] - Object: 'Object Repository/TripFocus/Page_TripFocus/button_Login' is clicked on

22-10-2025T09:42:57 - [TEST_STEP][PASSED] - maximizeWindow(): Current window maximized

22-10-2025T09:42:58 - [MESSAGE][PASSED] - Current window maximized

22-10-2025T09:42:58 - [TEST_STEP][PASSED] - waitForElementVisible(findTestObject("TripFocus/Testing_Notification_btn"), 15, OPTIONAL): Web element with id: 'Object Repository/TripFocus/Testing_Notification_btn' located by '//*[@id="__BVID__10___BV_modal_footer_"]/button' not found

22-10-2025T09:43:14 - [MESSAGE][INFO] - Unable to find the element located by 'By.xpath: //*[@id="__BVID__10___BV_modal_footer_"]/button'. Please recheck the objects properties to make sure the desired element is located. 

22-10-2025T09:43:14 - [MESSAGE][WARNING] - [SELF-HEALING] Failed to find element with id 'Object Repository/TripFocus/Testing_Notification_btn'. Try using Self-healing.

22-10-2025T09:43:15 - [MESSAGE][INFO] - [SELF-HEALING] No working XPath is found.

22-10-2025T09:43:17 - [MESSAGE][INFO] - Unable to find the element located by 'By.xpath: '. Please recheck the objects properties to make sure the desired element is located. 

22-10-2025T09:43:17 - [MESSAGE][WARNING] - [SELF-HEALING] Cannot find elements when the selector is null

22-10-2025T09:43:17 - [MESSAGE][WARNING] - Web element with id: 'Object Repository/TripFocus/Testing_Notification_btn' located by '//*[@id="__BVID__10___BV_modal_footer_"]/button' not found

22-10-2025T09:43:17 - [TEST_STEP][PASSED] - if (verifyElementVisible(findTestObject("TripFocus/Testing_Notification_btn"), OPTIONAL) == true): Web element with id: 'Object Repository/TripFocus/Testing_Notification_btn' located by '//*[@id="__BVID__10___BV_modal_footer_"]/button' not found (Root cause: com.kms.katalon.core.exception.StepFailedException: Web element with id: 'Object Repository/TripFocus/Testing_Notification_btn' located by '//*[@id="__BVID__10___BV_modal_footer_"]/button' not found
	at com.kms.katalon.core.webui.keyword.internal.WebUIKeywordMain.stepFailed(WebUIKeywordMain.groovy:117)
	at com.kms.katalon.core.webui.keyword.builtin.VerifyElementVisibleKeyword$_verifyElementVisible_closure1.doCall(VerifyElementVisibleKeyword.groovy:89)
	at com.kms.katalon.core.webui.keyword.builtin.VerifyElementVisibleKeyword$_verifyElementVisible_closure1.call(VerifyElementVisibleKeyword.groovy)
	at com.kms.katalon.core.webui.keyword.internal.WebUIKeywordMain.runKeyword(WebUIKeywordMain.groovy:35)
	at com.kms.katalon.core.webui.keyword.builtin.VerifyElementVisibleKeyword.verifyElementVisible(VerifyElementVisibleKeyword.groovy:97)
	at com.kms.katalon.core.webui.keyword.builtin.VerifyElementVisibleKeyword.execute(VerifyElementVisibleKeyword.groovy:67)
	at com.kms.katalon.core.keyword.internal.KeywordExecutor.executeKeywordForPlatform(KeywordExecutor.groovy:74)
	at com.kms.katalon.core.webui.keyword.WebUiBuiltInKeywords.verifyElementVisible(WebUiBuiltInKeywords.groovy:401)
	at com.kms.katalon.core.webui.keyword.WebUiBuiltInKeywords$verifyElementVisible$5.call(Unknown Source)
	at FDG - Advanced Filter - Supplier.run(FDG - Advanced Filter - Supplier:38)
	at com.kms.katalon.core.main.ScriptEngine.run(ScriptEngine.java:194)
	at com.kms.katalon.core.main.ScriptEngine.runScriptAsRawText(ScriptEngine.java:119)
	at com.kms.katalon.core.main.TestCaseExecutor.runScript(TestCaseExecutor.java:448)
	at com.kms.katalon.core.main.TestCaseExecutor.doExecute(TestCaseExecutor.java:439)
	at com.kms.katalon.core.main.TestCaseExecutor.processExecutionPhase(TestCaseExecutor.java:418)
	at com.kms.katalon.core.main.TestCaseExecutor.accessMainPhase(TestCaseExecutor.java:410)
	at com.kms.katalon.core.main.TestCaseExecutor.execute(TestCaseExecutor.java:285)
	at com.kms.katalon.core.common.CommonExecutor.accessTestCaseMainPhase(CommonExecutor.java:65)
	at com.kms.katalon.core.main.TestSuiteExecutor.accessTestSuiteMainPhase(TestSuiteExecutor.java:150)
	at com.kms.katalon.core.main.TestSuiteExecutor.execute(TestSuiteExecutor.java:106)
	at com.kms.katalon.core.main.TestCaseMain.startTestSuite(TestCaseMain.java:180)
	at com.kms.katalon.core.main.TestCaseMain$startTestSuite$0.call(Unknown Source)
	at TempTestSuite1761139058037.run(TempTestSuite1761139058037.groovy:35)
	at java.base/jdk.internal.reflect.NativeMethodAccessorImpl.invoke0(Native Method)
	at java.base/jdk.internal.reflect.NativeMethodAccessorImpl.invoke(NativeMethodAccessorImpl.java:77)
	at java.base/jdk.internal.reflect.DelegatingMethodAccessorImpl.invoke(DelegatingMethodAccessorImpl.java:43)
)

22-10-2025T09:43:33 - [MESSAGE][INFO] - Unable to find the element located by 'By.xpath: //*[@id="__BVID__10___BV_modal_footer_"]/button'. Please recheck the objects properties to make sure the desired element is located. 

22-10-2025T09:43:33 - [MESSAGE][WARNING] - [SELF-HEALING] Failed to find element with id 'Object Repository/TripFocus/Testing_Notification_btn'. Try using Self-healing.

22-10-2025T09:43:34 - [MESSAGE][INFO] - [SELF-HEALING] No working XPath is found.

22-10-2025T09:43:36 - [MESSAGE][INFO] - Unable to find the element located by 'By.xpath: '. Please recheck the objects properties to make sure the desired element is located. 

22-10-2025T09:43:36 - [MESSAGE][WARNING] - [SELF-HEALING] Cannot find elements when the selector is null

22-10-2025T09:43:36 - [MESSAGE][WARNING] - Web element with id: 'Object Repository/TripFocus/Testing_Notification_btn' located by '//*[@id="__BVID__10___BV_modal_footer_"]/button' not found (Root cause: com.kms.katalon.core.exception.StepFailedException: Web element with id: 'Object Repository/TripFocus/Testing_Notification_btn' located by '//*[@id="__BVID__10___BV_modal_footer_"]/button' not found
	at com.kms.katalon.core.webui.keyword.internal.WebUIKeywordMain.stepFailed(WebUIKeywordMain.groovy:117)
	at com.kms.katalon.core.webui.keyword.builtin.VerifyElementVisibleKeyword$_verifyElementVisible_closure1.doCall(VerifyElementVisibleKeyword.groovy:89)
	at com.kms.katalon.core.webui.keyword.builtin.VerifyElementVisibleKeyword$_verifyElementVisible_closure1.call(VerifyElementVisibleKeyword.groovy)
	at com.kms.katalon.core.webui.keyword.internal.WebUIKeywordMain.runKeyword(WebUIKeywordMain.groovy:35)
	at com.kms.katalon.core.webui.keyword.builtin.VerifyElementVisibleKeyword.verifyElementVisible(VerifyElementVisibleKeyword.groovy:97)
	at com.kms.katalon.core.webui.keyword.builtin.VerifyElementVisibleKeyword.execute(VerifyElementVisibleKeyword.groovy:67)
	at com.kms.katalon.core.keyword.internal.KeywordExecutor.executeKeywordForPlatform(KeywordExecutor.groovy:74)
	at com.kms.katalon.core.webui.keyword.WebUiBuiltInKeywords.verifyElementVisible(WebUiBuiltInKeywords.groovy:401)
	at com.kms.katalon.core.webui.keyword.WebUiBuiltInKeywords$verifyElementVisible$5.call(Unknown Source)
	at FDG - Advanced Filter - Supplier.run(FDG - Advanced Filter - Supplier:38)
	at com.kms.katalon.core.main.ScriptEngine.run(ScriptEngine.java:194)
	at com.kms.katalon.core.main.ScriptEngine.runScriptAsRawText(ScriptEngine.java:119)
	at com.kms.katalon.core.main.TestCaseExecutor.runScript(TestCaseExecutor.java:448)
	at com.kms.katalon.core.main.TestCaseExecutor.doExecute(TestCaseExecutor.java:439)
	at com.kms.katalon.core.main.TestCaseExecutor.processExecutionPhase(TestCaseExecutor.java:418)
	at com.kms.katalon.core.main.TestCaseExecutor.accessMainPhase(TestCaseExecutor.java:410)
	at com.kms.katalon.core.main.TestCaseExecutor.execute(TestCaseExecutor.java:285)
	at com.kms.katalon.core.common.CommonExecutor.accessTestCaseMainPhase(CommonExecutor.java:65)
	at com.kms.katalon.core.main.TestSuiteExecutor.accessTestSuiteMainPhase(TestSuiteExecutor.java:150)
	at com.kms.katalon.core.main.TestSuiteExecutor.execute(TestSuiteExecutor.java:106)
	at com.kms.katalon.core.main.TestCaseMain.startTestSuite(TestCaseMain.java:180)
	at com.kms.katalon.core.main.TestCaseMain$startTestSuite$0.call(Unknown Source)
	at TempTestSuite1761139058037.run(TempTestSuite1761139058037.groovy:35)
	at java.base/jdk.internal.reflect.NativeMethodAccessorImpl.invoke0(Native Method)
	at java.base/jdk.internal.reflect.NativeMethodAccessorImpl.invoke(NativeMethodAccessorImpl.java:77)
	at java.base/jdk.internal.reflect.DelegatingMethodAccessorImpl.invoke(DelegatingMethodAccessorImpl.java:43)
)

22-10-2025T09:43:36 - [TEST_STEP][PASSED] - click(findTestObject("TripFocus/SSO/SSO Orders Tab")): Object: 'Object Repository/TripFocus/SSO/SSO Orders Tab' is clicked on

22-10-2025T09:43:36 - [MESSAGE][PASSED] - Object: 'Object Repository/TripFocus/SSO/SSO Orders Tab' is clicked on

22-10-2025T09:43:36 - [TEST_STEP][PASSED] - click(findTestObject("TripFocus/Orders/Advanced Filters_btn"), STOP_ON_FAILURE): Object: 'Object Repository/TripFocus/Orders/Advanced Filters_btn' is clicked on

22-10-2025T09:43:37 - [MESSAGE][PASSED] - Object: 'Object Repository/TripFocus/Orders/Advanced Filters_btn' is clicked on

22-10-2025T09:43:37 - [TEST_STEP][PASSED] - delay(2): Delayed 2 second(s)

22-10-2025T09:43:39 - [MESSAGE][PASSED] - Delayed 2 second(s)

22-10-2025T09:43:39 - [TEST_STEP][PASSED] - click(findTestObject("TripFocus/Orders/Advanced Filters/Advanced Search Fields/Advanced_Search_Fields_dropdown")): Object: 'Object Repository/TripFocus/Orders/Advanced Filters/Advanced Search Fields/Advanced_Search_Fields_dropdown' is clicked on

22-10-2025T09:43:39 - [MESSAGE][PASSED] - Object: 'Object Repository/TripFocus/Orders/Advanced Filters/Advanced Search Fields/Advanced_Search_Fields_dropdown' is clicked on

22-10-2025T09:43:39 - [TEST_STEP][PASSED] - delay(2): Delayed 2 second(s)

22-10-2025T09:43:41 - [MESSAGE][PASSED] - Delayed 2 second(s)

22-10-2025T09:43:41 - [TEST_STEP][FAILED] - click(findTestObject("TripFocus/Orders/Advanced Filters/Advanced Search Fields/Supplier_dropdown")): Unable to click on object 'Object Repository/TripFocus/Orders/Advanced Filters/Advanced Search Fields/Supplier_dropdown' (Root cause: com.kms.katalon.core.exception.StepFailedException: Unable to click on object 'Object Repository/TripFocus/Orders/Advanced Filters/Advanced Search Fields/Supplier_dropdown'
	at com.kms.katalon.core.webui.keyword.internal.WebUIKeywordMain.stepFailed(WebUIKeywordMain.groovy:117)
	at com.kms.katalon.core.webui.keyword.internal.WebUIKeywordMain.runKeyword(WebUIKeywordMain.groovy:43)
	at com.kms.katalon.core.webui.keyword.builtin.ClickKeyword.click(ClickKeyword.groovy:74)
	at com.kms.katalon.core.webui.keyword.builtin.ClickKeyword.execute(ClickKeyword.groovy:40)
	at com.kms.katalon.core.keyword.internal.KeywordExecutor.executeKeywordForPlatform(KeywordExecutor.groovy:74)
	at com.kms.katalon.core.webui.keyword.WebUiBuiltInKeywords.click(WebUiBuiltInKeywords.groovy:659)
	at com.kms.katalon.core.webui.keyword.WebUiBuiltInKeywords$click$1.call(Unknown Source)
	at FDG - Advanced Filter - Supplier.run(FDG - Advanced Filter - Supplier:59)
	at com.kms.katalon.core.main.ScriptEngine.run(ScriptEngine.java:194)
	at com.kms.katalon.core.main.ScriptEngine.runScriptAsRawText(ScriptEngine.java:119)
	at com.kms.katalon.core.main.TestCaseExecutor.runScript(TestCaseExecutor.java:448)
	at com.kms.katalon.core.main.TestCaseExecutor.doExecute(TestCaseExecutor.java:439)
	at com.kms.katalon.core.main.TestCaseExecutor.processExecutionPhase(TestCaseExecutor.java:418)
	at com.kms.katalon.core.main.TestCaseExecutor.accessMainPhase(TestCaseExecutor.java:410)
	at com.kms.katalon.core.main.TestCaseExecutor.execute(TestCaseExecutor.java:285)
	at com.kms.katalon.core.common.CommonExecutor.accessTestCaseMainPhase(CommonExecutor.java:65)
	at com.kms.katalon.core.main.TestSuiteExecutor.accessTestSuiteMainPhase(TestSuiteExecutor.java:150)
	at com.kms.katalon.core.main.TestSuiteExecutor.execute(TestSuiteExecutor.java:106)
	at com.kms.katalon.core.main.TestCaseMain.startTestSuite(TestCaseMain.java:180)
	at com.kms.katalon.core.main.TestCaseMain$startTestSuite$0.call(Unknown Source)
	at TempTestSuite1761139058037.run(TempTestSuite1761139058037.groovy:35)
	at java.base/jdk.internal.reflect.NativeMethodAccessorImpl.invoke0(Native Method)
	at java.base/jdk.internal.reflect.NativeMethodAccessorImpl.invoke(NativeMethodAccessorImpl.java:77)
	at java.base/jdk.internal.reflect.DelegatingMethodAccessorImpl.invoke(DelegatingMethodAccessorImpl.java:43)
Caused by: com.kms.katalon.core.webui.exception.WebElementNotFoundException: Web element with id: 'Object Repository/TripFocus/Orders/Advanced Filters/Advanced Search Fields/Supplier_dropdown' located by '/html/body/div/div[2]/div/main/div/div[2]/div/div[2]/div/div/div[2]/div/div/div[3]/div[1]/div/div/div[1]' not found
	at com.kms.katalon.core.webui.common.WebUiCommonHelper.findWebElement(WebUiCommonHelper.java:1423)
	at com.kms.katalon.core.webui.keyword.internal.WebUIAbstractKeyword.findWebElement(WebUIAbstractKeyword.groovy:27)
	at com.kms.katalon.core.webui.keyword.builtin.ClickKeyword$_click_closure1.doCall(ClickKeyword.groovy:65)
	at com.kms.katalon.core.webui.keyword.builtin.ClickKeyword$_click_closure1.call(ClickKeyword.groovy)
	at com.kms.katalon.core.webui.keyword.internal.WebUIKeywordMain.runKeyword(WebUIKeywordMain.groovy:35)
	at com.kms.katalon.core.webui.keyword.builtin.ClickKeyword.click(ClickKeyword.groovy:74)
	at com.kms.katalon.core.webui.keyword.builtin.ClickKeyword.execute(ClickKeyword.groovy:40)
	at com.kms.katalon.core.keyword.internal.KeywordExecutor.executeKeywordForPlatform(KeywordExecutor.groovy:74)
	at com.kms.katalon.core.webui.keyword.WebUiBuiltInKeywords.click(WebUiBuiltInKeywords.groovy:659)
	at com.kms.katalon.core.webui.keyword.WebUiBuiltInKeywords$click$1.call(Unknown Source)
	at Script1745007781827.run(Script1745007781827.groovy:59)
	... 16 more
)

22-10-2025T09:43:57 - [MESSAGE][INFO] - Unable to find the element located by 'By.xpath: /html/body/div/div[2]/div/main/div/div[2]/div/div[2]/div/div/div[2]/div/div/div[3]/div[1]/div/div/div[1]'. Please recheck the objects properties to make sure the desired element is located. 

22-10-2025T09:43:57 - [MESSAGE][WARNING] - [SELF-HEALING] Failed to find element with id 'Object Repository/TripFocus/Orders/Advanced Filters/Advanced Search Fields/Supplier_dropdown'. Try using Self-healing.

22-10-2025T09:43:58 - [MESSAGE][INFO] - [SELF-HEALING] No working XPath is found.

22-10-2025T09:44:00 - [MESSAGE][INFO] - Unable to find the element located by 'By.xpath: '. Please recheck the objects properties to make sure the desired element is located. 

22-10-2025T09:44:00 - [MESSAGE][WARNING] - [SELF-HEALING] Cannot find elements when the selector is null

22-10-2025T09:44:00 - [MESSAGE][FAILED] - Unable to click on object 'Object Repository/TripFocus/Orders/Advanced Filters/Advanced Search Fields/Supplier_dropdown' (Root cause: com.kms.katalon.core.exception.StepFailedException: Unable to click on object 'Object Repository/TripFocus/Orders/Advanced Filters/Advanced Search Fields/Supplier_dropdown'
	at com.kms.katalon.core.webui.keyword.internal.WebUIKeywordMain.stepFailed(WebUIKeywordMain.groovy:117)
	at com.kms.katalon.core.webui.keyword.internal.WebUIKeywordMain.runKeyword(WebUIKeywordMain.groovy:43)
	at com.kms.katalon.core.webui.keyword.builtin.ClickKeyword.click(ClickKeyword.groovy:74)
	at com.kms.katalon.core.webui.keyword.builtin.ClickKeyword.execute(ClickKeyword.groovy:40)
	at com.kms.katalon.core.keyword.internal.KeywordExecutor.executeKeywordForPlatform(KeywordExecutor.groovy:74)
	at com.kms.katalon.core.webui.keyword.WebUiBuiltInKeywords.click(WebUiBuiltInKeywords.groovy:659)
	at com.kms.katalon.core.webui.keyword.WebUiBuiltInKeywords$click$1.call(Unknown Source)
	at FDG - Advanced Filter - Supplier.run(FDG - Advanced Filter - Supplier:59)
	at com.kms.katalon.core.main.ScriptEngine.run(ScriptEngine.java:194)
	at com.kms.katalon.core.main.ScriptEngine.runScriptAsRawText(ScriptEngine.java:119)
	at com.kms.katalon.core.main.TestCaseExecutor.runScript(TestCaseExecutor.java:448)
	at com.kms.katalon.core.main.TestCaseExecutor.doExecute(TestCaseExecutor.java:439)
	at com.kms.katalon.core.main.TestCaseExecutor.processExecutionPhase(TestCaseExecutor.java:418)
	at com.kms.katalon.core.main.TestCaseExecutor.accessMainPhase(TestCaseExecutor.java:410)
	at com.kms.katalon.core.main.TestCaseExecutor.execute(TestCaseExecutor.java:285)
	at com.kms.katalon.core.common.CommonExecutor.accessTestCaseMainPhase(CommonExecutor.java:65)
	at com.kms.katalon.core.main.TestSuiteExecutor.accessTestSuiteMainPhase(TestSuiteExecutor.java:150)
	at com.kms.katalon.core.main.TestSuiteExecutor.execute(TestSuiteExecutor.java:106)
	at com.kms.katalon.core.main.TestCaseMain.startTestSuite(TestCaseMain.java:180)
	at com.kms.katalon.core.main.TestCaseMain$startTestSuite$0.call(Unknown Source)
	at TempTestSuite1761139058037.run(TempTestSuite1761139058037.groovy:35)
	at java.base/jdk.internal.reflect.NativeMethodAccessorImpl.invoke0(Native Method)
	at java.base/jdk.internal.reflect.NativeMethodAccessorImpl.invoke(NativeMethodAccessorImpl.java:77)
	at java.base/jdk.internal.reflect.DelegatingMethodAccessorImpl.invoke(DelegatingMethodAccessorImpl.java:43)
Caused by: com.kms.katalon.core.webui.exception.WebElementNotFoundException: Web element with id: 'Object Repository/TripFocus/Orders/Advanced Filters/Advanced Search Fields/Supplier_dropdown' located by '/html/body/div/div[2]/div/main/div/div[2]/div/div[2]/div/div/div[2]/div/div/div[3]/div[1]/div/div/div[1]' not found
	at com.kms.katalon.core.webui.common.WebUiCommonHelper.findWebElement(WebUiCommonHelper.java:1423)
	at com.kms.katalon.core.webui.keyword.internal.WebUIAbstractKeyword.findWebElement(WebUIAbstractKeyword.groovy:27)
	at com.kms.katalon.core.webui.keyword.builtin.ClickKeyword$_click_closure1.doCall(ClickKeyword.groovy:65)
	at com.kms.katalon.core.webui.keyword.builtin.ClickKeyword$_click_closure1.call(ClickKeyword.groovy)
	at com.kms.katalon.core.webui.keyword.internal.WebUIKeywordMain.runKeyword(WebUIKeywordMain.groovy:35)
	at com.kms.katalon.core.webui.keyword.builtin.ClickKeyword.click(ClickKeyword.groovy:74)
	at com.kms.katalon.core.webui.keyword.builtin.ClickKeyword.execute(ClickKeyword.groovy:40)
	at com.kms.katalon.core.keyword.internal.KeywordExecutor.executeKeywordForPlatform(KeywordExecutor.groovy:74)
	at com.kms.katalon.core.webui.keyword.WebUiBuiltInKeywords.click(WebUiBuiltInKeywords.groovy:659)
	at com.kms.katalon.core.webui.keyword.WebUiBuiltInKeywords$click$1.call(Unknown Source)
	at Script1745007781827.run(Script1745007781827.groovy:59)
	... 16 more
)

22-10-2025T09:44:00 - [TEST_STEP][PASSED] - Start listener action : retryOnDisconnect: Current window's url is: 'https://www.qa.tripfocus.com/order-tenders'

22-10-2025T09:44:00 - [TEST_STEP][PASSED] - tcId = testCaseContext.getTestCaseId(): null

22-10-2025T09:44:00 - [TEST_STEP][PASSED] - currentRetry = retryCounts.getOrDefault(tcId, 0): null

22-10-2025T09:44:00 - [TEST_STEP][PASSED] - if (testCaseContext.getTestCaseStatus() == "FAILED" && currentRetry < MAX_RETRIES): Current window's url is: 'https://www.qa.tripfocus.com/order-tenders'

22-10-2025T09:44:00 - [TEST_STEP][PASSED] - try: Current window's url is: 'https://www.qa.tripfocus.com/order-tenders'

22-10-2025T09:44:00 - [TEST_STEP][PASSED] - comment(Checking for WebDriver disconnect for test case: $tcId): Checking for WebDriver disconnect for test case: Test Cases/TripFocus/FDG/FDG - Orders/FDG - Advanced Filter - Supplier

22-10-2025T09:44:00 - [MESSAGE][INFO] - Checking for WebDriver disconnect for test case: Test Cases/TripFocus/FDG/FDG - Orders/FDG - Advanced Filter - Supplier

22-10-2025T09:44:00 - [TEST_STEP][PASSED] - getUrl(): Current window's url is: 'https://www.qa.tripfocus.com/order-tenders'

22-10-2025T09:44:00 - [MESSAGE][PASSED] - Current window's url is: 'https://www.qa.tripfocus.com/order-tenders']]></system-out>
         <system-err><![CDATA[22-10-2025T09:42:55 - [TEST_CASE][FAILED] - Test Cases/TripFocus/FDG/FDG - Orders/FDG - Advanced Filter - Supplier: Test Cases/TripFocus/FDG/FDG - Orders/FDG - Advanced Filter - Supplier FAILED.
Reason:
com.kms.katalon.core.exception.StepFailedException: Unable to click on object 'Object Repository/TripFocus/Orders/Advanced Filters/Advanced Search Fields/Supplier_dropdown'
	at com.kms.katalon.core.webui.keyword.internal.WebUIKeywordMain.stepFailed(WebUIKeywordMain.groovy:117)
	at com.kms.katalon.core.webui.keyword.internal.WebUIKeywordMain.runKeyword(WebUIKeywordMain.groovy:43)
	at com.kms.katalon.core.webui.keyword.builtin.ClickKeyword.click(ClickKeyword.groovy:74)
	at com.kms.katalon.core.webui.keyword.builtin.ClickKeyword.execute(ClickKeyword.groovy:40)
	at com.kms.katalon.core.keyword.internal.KeywordExecutor.executeKeywordForPlatform(KeywordExecutor.groovy:74)
	at com.kms.katalon.core.webui.keyword.WebUiBuiltInKeywords.click(WebUiBuiltInKeywords.groovy:659)
	at com.kms.katalon.core.webui.keyword.WebUiBuiltInKeywords$click$1.call(Unknown Source)
	at FDG - Advanced Filter - Supplier.run(FDG - Advanced Filter - Supplier:59)
	at com.kms.katalon.core.main.ScriptEngine.run(ScriptEngine.java:194)
	at com.kms.katalon.core.main.ScriptEngine.runScriptAsRawText(ScriptEngine.java:119)
	at com.kms.katalon.core.main.TestCaseExecutor.runScript(TestCaseExecutor.java:448)
	at com.kms.katalon.core.main.TestCaseExecutor.doExecute(TestCaseExecutor.java:439)
	at com.kms.katalon.core.main.TestCaseExecutor.processExecutionPhase(TestCaseExecutor.java:418)
	at com.kms.katalon.core.main.TestCaseExecutor.accessMainPhase(TestCaseExecutor.java:410)
	at com.kms.katalon.core.main.TestCaseExecutor.execute(TestCaseExecutor.java:285)
	at com.kms.katalon.core.common.CommonExecutor.accessTestCaseMainPhase(CommonExecutor.java:65)
	at com.kms.katalon.core.main.TestSuiteExecutor.accessTestSuiteMainPhase(TestSuiteExecutor.java:150)
	at com.kms.katalon.core.main.TestSuiteExecutor.execute(TestSuiteExecutor.java:106)
	at com.kms.katalon.core.main.TestCaseMain.startTestSuite(TestCaseMain.java:180)
	at com.kms.katalon.core.main.TestCaseMain$startTestSuite$0.call(Unknown Source)
	at TempTestSuite1761139058037.run(TempTestSuite1761139058037.groovy:35)
	at java.base/jdk.internal.reflect.NativeMethodAccessorImpl.invoke0(Native Method)
	at java.base/jdk.internal.reflect.NativeMethodAccessorImpl.invoke(NativeMethodAccessorImpl.java:77)
	at java.base/jdk.internal.reflect.DelegatingMethodAccessorImpl.invoke(DelegatingMethodAccessorImpl.java:43)
Caused by: com.kms.katalon.core.webui.exception.WebElementNotFoundException: Web element with id: 'Object Repository/TripFocus/Orders/Advanced Filters/Advanced Search Fields/Supplier_dropdown' located by '/html/body/div/div[2]/div/main/div/div[2]/div/div[2]/div/div/div[2]/div/div/div[3]/div[1]/div/div/div[1]' not found
	at com.kms.katalon.core.webui.common.WebUiCommonHelper.findWebElement(WebUiCommonHelper.java:1423)
	at com.kms.katalon.core.webui.keyword.internal.WebUIAbstractKeyword.findWebElement(WebUIAbstractKeyword.groovy:27)
	at com.kms.katalon.core.webui.keyword.builtin.ClickKeyword$_click_closure1.doCall(ClickKeyword.groovy:65)
	at com.kms.katalon.core.webui.keyword.builtin.ClickKeyword$_click_closure1.call(ClickKeyword.groovy)
	at com.kms.katalon.core.webui.keyword.internal.WebUIKeywordMain.runKeyword(WebUIKeywordMain.groovy:35)
	... 22 more]]></system-err>
      </testcase>
      <testcase name="Test Cases/TripFocus/FDG/FDG - Orders/FDG - Can Not Create Order Without All Required Fields" time="59.607" classname="Test Cases/TripFocus/FDG/FDG - Orders/FDG - Can Not Create Order Without All Required Fields" status="PASSED">
         <system-out><![CDATA[22-10-2025T09:44:00 - [TEST_CASE][PASSED] - Test Cases/TripFocus/FDG/FDG - Orders/FDG - Can Not Create Order Without All Required Fields: Test Cases/TripFocus/FDG/FDG - Orders/FDG - Can Not Create Order Without All Required Fields

22-10-2025T09:44:00 - [TEST_STEP][PASSED] - Start listener action : beforeTestCase: null

22-10-2025T09:44:00 - [TEST_STEP][PASSED] - addDefaultPackages(): null

22-10-2025T09:44:00 - [TEST_STEP][PASSED] - openBrowser(""): Browser is opened with url: ''

22-10-2025T09:44:00 - [MESSAGE][WARNING] - A browser is already opened. Closing browser and opening a new one

22-10-2025T09:44:00 - [MESSAGE][INFO] - Starting 'Chrome' driver

22-10-2025T09:44:00 - [MESSAGE][INFO] - User set preference: ['args', '[--no-sandbox, --disable-gpu, --disable-dev-shm-usage]']

22-10-2025T09:44:00 - [MESSAGE][INFO] - Action delay is set to 0 milliseconds

22-10-2025T09:44:01 - [MESSAGE][PASSED] - Browser is opened with url: ''

22-10-2025T09:44:01 - [TEST_STEP][PASSED] - navigateToUrl(TFBaseURL): Navigate to 'https://www.qa.tripfocus.com' successfully

22-10-2025T09:44:02 - [MESSAGE][PASSED] - Navigate to 'https://www.qa.tripfocus.com' successfully

22-10-2025T09:44:02 - [TEST_STEP][PASSED] - click(findTestObject("Object Repository/TripFocus/Page_TripFocus/button_Sign in")): Object: 'Object Repository/TripFocus/Page_TripFocus/button_Sign in' is clicked on

22-10-2025T09:44:02 - [MESSAGE][PASSED] - Object: 'Object Repository/TripFocus/Page_TripFocus/button_Sign in' is clicked on

22-10-2025T09:44:02 - [TEST_STEP][PASSED] - setText(findTestObject("Object Repository/TripFocus/Page_TripFocus/input_Username (e.g. email address)_Username"), TripFocusPenskeFDGUsername): Text 'Ashford.Chenault+PenskeCustomerFDGONLY@thekag.com' is set on object 'Object Repository/TripFocus/Page_TripFocus/input_Username (e.g. email address)_Username'

22-10-2025T09:44:03 - [MESSAGE][PASSED] - Text 'Ashford.Chenault+PenskeCustomerFDGONLY@thekag.com' is set on object 'Object Repository/TripFocus/Page_TripFocus/input_Username (e.g. email address)_Username'

22-10-2025T09:44:03 - [TEST_STEP][PASSED] - setText(findTestObject("Object Repository/TripFocus/Page_TripFocus/input_Password_Password"), TripFocusFDGSPGPassword): Text 'CrashBan911!!' is set on object 'Object Repository/TripFocus/Page_TripFocus/input_Password_Password'

22-10-2025T09:44:03 - [MESSAGE][PASSED] - Text 'CrashBan911!!' is set on object 'Object Repository/TripFocus/Page_TripFocus/input_Password_Password'

22-10-2025T09:44:03 - [TEST_STEP][PASSED] - click(findTestObject("Object Repository/TripFocus/Page_TripFocus/button_Login")): Object: 'Object Repository/TripFocus/Page_TripFocus/button_Login' is clicked on

22-10-2025T09:44:03 - [MESSAGE][PASSED] - Object: 'Object Repository/TripFocus/Page_TripFocus/button_Login' is clicked on

22-10-2025T09:44:03 - [TEST_STEP][PASSED] - maximizeWindow(): Current window maximized

22-10-2025T09:44:03 - [MESSAGE][PASSED] - Current window maximized

22-10-2025T09:44:03 - [TEST_STEP][PASSED] - waitForElementVisible(findTestObject("TripFocus/Testing_Notification_btn"), 15, OPTIONAL): Web element with id: 'Object Repository/TripFocus/Testing_Notification_btn' located by '//*[@id="__BVID__10___BV_modal_footer_"]/button' not found

22-10-2025T09:44:19 - [MESSAGE][INFO] - Unable to find the element located by 'By.xpath: //*[@id="__BVID__10___BV_modal_footer_"]/button'. Please recheck the objects properties to make sure the desired element is located. 

22-10-2025T09:44:19 - [MESSAGE][WARNING] - [SELF-HEALING] Failed to find element with id 'Object Repository/TripFocus/Testing_Notification_btn'. Try using Self-healing.

22-10-2025T09:44:20 - [MESSAGE][INFO] - [SELF-HEALING] No working XPath is found.

22-10-2025T09:44:22 - [MESSAGE][INFO] - Unable to find the element located by 'By.xpath: '. Please recheck the objects properties to make sure the desired element is located. 

22-10-2025T09:44:22 - [MESSAGE][WARNING] - [SELF-HEALING] Cannot find elements when the selector is null

22-10-2025T09:44:22 - [MESSAGE][WARNING] - Web element with id: 'Object Repository/TripFocus/Testing_Notification_btn' located by '//*[@id="__BVID__10___BV_modal_footer_"]/button' not found

22-10-2025T09:44:22 - [TEST_STEP][PASSED] - if (verifyElementVisible(findTestObject("TripFocus/Testing_Notification_btn"), OPTIONAL) == true): Web element with id: 'Object Repository/TripFocus/Testing_Notification_btn' located by '//*[@id="__BVID__10___BV_modal_footer_"]/button' not found (Root cause: com.kms.katalon.core.exception.StepFailedException: Web element with id: 'Object Repository/TripFocus/Testing_Notification_btn' located by '//*[@id="__BVID__10___BV_modal_footer_"]/button' not found
	at com.kms.katalon.core.webui.keyword.internal.WebUIKeywordMain.stepFailed(WebUIKeywordMain.groovy:117)
	at com.kms.katalon.core.webui.keyword.builtin.VerifyElementVisibleKeyword$_verifyElementVisible_closure1.doCall(VerifyElementVisibleKeyword.groovy:89)
	at com.kms.katalon.core.webui.keyword.builtin.VerifyElementVisibleKeyword$_verifyElementVisible_closure1.call(VerifyElementVisibleKeyword.groovy)
	at com.kms.katalon.core.webui.keyword.internal.WebUIKeywordMain.runKeyword(WebUIKeywordMain.groovy:35)
	at com.kms.katalon.core.webui.keyword.builtin.VerifyElementVisibleKeyword.verifyElementVisible(VerifyElementVisibleKeyword.groovy:97)
	at com.kms.katalon.core.webui.keyword.builtin.VerifyElementVisibleKeyword.execute(VerifyElementVisibleKeyword.groovy:67)
	at com.kms.katalon.core.keyword.internal.KeywordExecutor.executeKeywordForPlatform(KeywordExecutor.groovy:74)
	at com.kms.katalon.core.webui.keyword.WebUiBuiltInKeywords.verifyElementVisible(WebUiBuiltInKeywords.groovy:401)
	at com.kms.katalon.core.webui.keyword.WebUiBuiltInKeywords$verifyElementVisible$5.call(Unknown Source)
	at FDG - Can Not Create Order Without All Required Fields.run(FDG - Can Not Create Order Without All Required Fields:38)
	at com.kms.katalon.core.main.ScriptEngine.run(ScriptEngine.java:194)
	at com.kms.katalon.core.main.ScriptEngine.runScriptAsRawText(ScriptEngine.java:119)
	at com.kms.katalon.core.main.TestCaseExecutor.runScript(TestCaseExecutor.java:448)
	at com.kms.katalon.core.main.TestCaseExecutor.doExecute(TestCaseExecutor.java:439)
	at com.kms.katalon.core.main.TestCaseExecutor.processExecutionPhase(TestCaseExecutor.java:418)
	at com.kms.katalon.core.main.TestCaseExecutor.accessMainPhase(TestCaseExecutor.java:410)
	at com.kms.katalon.core.main.TestCaseExecutor.execute(TestCaseExecutor.java:285)
	at com.kms.katalon.core.common.CommonExecutor.accessTestCaseMainPhase(CommonExecutor.java:65)
	at com.kms.katalon.core.main.TestSuiteExecutor.accessTestSuiteMainPhase(TestSuiteExecutor.java:150)
	at com.kms.katalon.core.main.TestSuiteExecutor.execute(TestSuiteExecutor.java:106)
	at com.kms.katalon.core.main.TestCaseMain.startTestSuite(TestCaseMain.java:180)
	at com.kms.katalon.core.main.TestCaseMain$startTestSuite$0.call(Unknown Source)
	at TempTestSuite1761139058037.run(TempTestSuite1761139058037.groovy:35)
	at java.base/jdk.internal.reflect.NativeMethodAccessorImpl.invoke0(Native Method)
	at java.base/jdk.internal.reflect.NativeMethodAccessorImpl.invoke(NativeMethodAccessorImpl.java:77)
	at java.base/jdk.internal.reflect.DelegatingMethodAccessorImpl.invoke(DelegatingMethodAccessorImpl.java:43)
)

22-10-2025T09:44:38 - [MESSAGE][INFO] - Unable to find the element located by 'By.xpath: //*[@id="__BVID__10___BV_modal_footer_"]/button'. Please recheck the objects properties to make sure the desired element is located. 

22-10-2025T09:44:38 - [MESSAGE][WARNING] - [SELF-HEALING] Failed to find element with id 'Object Repository/TripFocus/Testing_Notification_btn'. Try using Self-healing.

22-10-2025T09:44:39 - [MESSAGE][INFO] - [SELF-HEALING] No working XPath is found.

22-10-2025T09:44:41 - [MESSAGE][INFO] - Unable to find the element located by 'By.xpath: '. Please recheck the objects properties to make sure the desired element is located. 

22-10-2025T09:44:41 - [MESSAGE][WARNING] - [SELF-HEALING] Cannot find elements when the selector is null

22-10-2025T09:44:41 - [MESSAGE][WARNING] - Web element with id: 'Object Repository/TripFocus/Testing_Notification_btn' located by '//*[@id="__BVID__10___BV_modal_footer_"]/button' not found (Root cause: com.kms.katalon.core.exception.StepFailedException: Web element with id: 'Object Repository/TripFocus/Testing_Notification_btn' located by '//*[@id="__BVID__10___BV_modal_footer_"]/button' not found
	at com.kms.katalon.core.webui.keyword.internal.WebUIKeywordMain.stepFailed(WebUIKeywordMain.groovy:117)
	at com.kms.katalon.core.webui.keyword.builtin.VerifyElementVisibleKeyword$_verifyElementVisible_closure1.doCall(VerifyElementVisibleKeyword.groovy:89)
	at com.kms.katalon.core.webui.keyword.builtin.VerifyElementVisibleKeyword$_verifyElementVisible_closure1.call(VerifyElementVisibleKeyword.groovy)
	at com.kms.katalon.core.webui.keyword.internal.WebUIKeywordMain.runKeyword(WebUIKeywordMain.groovy:35)
	at com.kms.katalon.core.webui.keyword.builtin.VerifyElementVisibleKeyword.verifyElementVisible(VerifyElementVisibleKeyword.groovy:97)
	at com.kms.katalon.core.webui.keyword.builtin.VerifyElementVisibleKeyword.execute(VerifyElementVisibleKeyword.groovy:67)
	at com.kms.katalon.core.keyword.internal.KeywordExecutor.executeKeywordForPlatform(KeywordExecutor.groovy:74)
	at com.kms.katalon.core.webui.keyword.WebUiBuiltInKeywords.verifyElementVisible(WebUiBuiltInKeywords.groovy:401)
	at com.kms.katalon.core.webui.keyword.WebUiBuiltInKeywords$verifyElementVisible$5.call(Unknown Source)
	at FDG - Can Not Create Order Without All Required Fields.run(FDG - Can Not Create Order Without All Required Fields:38)
	at com.kms.katalon.core.main.ScriptEngine.run(ScriptEngine.java:194)
	at com.kms.katalon.core.main.ScriptEngine.runScriptAsRawText(ScriptEngine.java:119)
	at com.kms.katalon.core.main.TestCaseExecutor.runScript(TestCaseExecutor.java:448)
	at com.kms.katalon.core.main.TestCaseExecutor.doExecute(TestCaseExecutor.java:439)
	at com.kms.katalon.core.main.TestCaseExecutor.processExecutionPhase(TestCaseExecutor.java:418)
	at com.kms.katalon.core.main.TestCaseExecutor.accessMainPhase(TestCaseExecutor.java:410)
	at com.kms.katalon.core.main.TestCaseExecutor.execute(TestCaseExecutor.java:285)
	at com.kms.katalon.core.common.CommonExecutor.accessTestCaseMainPhase(CommonExecutor.java:65)
	at com.kms.katalon.core.main.TestSuiteExecutor.accessTestSuiteMainPhase(TestSuiteExecutor.java:150)
	at com.kms.katalon.core.main.TestSuiteExecutor.execute(TestSuiteExecutor.java:106)
	at com.kms.katalon.core.main.TestCaseMain.startTestSuite(TestCaseMain.java:180)
	at com.kms.katalon.core.main.TestCaseMain$startTestSuite$0.call(Unknown Source)
	at TempTestSuite1761139058037.run(TempTestSuite1761139058037.groovy:35)
	at java.base/jdk.internal.reflect.NativeMethodAccessorImpl.invoke0(Native Method)
	at java.base/jdk.internal.reflect.NativeMethodAccessorImpl.invoke(NativeMethodAccessorImpl.java:77)
	at java.base/jdk.internal.reflect.DelegatingMethodAccessorImpl.invoke(DelegatingMethodAccessorImpl.java:43)
)

22-10-2025T09:44:41 - [TEST_STEP][PASSED] - click(findTestObject("TripFocus/Orders/Orders_tab")): Object: 'Object Repository/TripFocus/Orders/Orders_tab' is clicked on

22-10-2025T09:44:42 - [MESSAGE][PASSED] - Object: 'Object Repository/TripFocus/Orders/Orders_tab' is clicked on

22-10-2025T09:44:42 - [TEST_STEP][PASSED] - delay(5): Delayed 5 second(s)

22-10-2025T09:44:47 - [MESSAGE][PASSED] - Delayed 5 second(s)

22-10-2025T09:44:47 - [TEST_STEP][PASSED] - click(findTestObject("TripFocus/Orders/Create New Order_btn")): Object: 'Object Repository/TripFocus/Orders/Create New Order_btn' is clicked on

22-10-2025T09:44:47 - [MESSAGE][PASSED] - Object: 'Object Repository/TripFocus/Orders/Create New Order_btn' is clicked on

22-10-2025T09:44:47 - [TEST_STEP][PASSED] - delay(2): Delayed 2 second(s)

22-10-2025T09:44:49 - [MESSAGE][PASSED] - Delayed 2 second(s)

22-10-2025T09:44:49 - [TEST_STEP][PASSED] - click(findTestObject("TripFocus/Orders/Create New Order/Add Products/Add Product_link")): Object: 'Object Repository/TripFocus/Orders/Create New Order/Add Products/Add Product_link' is clicked on

22-10-2025T09:44:49 - [MESSAGE][PASSED] - Object: 'Object Repository/TripFocus/Orders/Create New Order/Add Products/Add Product_link' is clicked on

22-10-2025T09:44:49 - [TEST_STEP][PASSED] - delay(2): Delayed 2 second(s)

22-10-2025T09:44:51 - [MESSAGE][PASSED] - Delayed 2 second(s)

22-10-2025T09:44:51 - [TEST_STEP][PASSED] - click(findTestObject("TripFocus/Sidebar Minimizer")): Object: 'Object Repository/TripFocus/Sidebar Minimizer' is clicked on

22-10-2025T09:44:51 - [MESSAGE][PASSED] - Object: 'Object Repository/TripFocus/Sidebar Minimizer' is clicked on

22-10-2025T09:44:51 - [TEST_STEP][PASSED] - delay(1): Delayed 1 second(s)

22-10-2025T09:44:52 - [MESSAGE][PASSED] - Delayed 1 second(s)

22-10-2025T09:44:52 - [TEST_STEP][PASSED] - click(findTestObject("TripFocus/Orders/Create New Order/Add Products/Delivery_Site_dropdown")): Object: 'Object Repository/TripFocus/Orders/Create New Order/Add Products/Delivery_Site_dropdown' is clicked on

22-10-2025T09:44:52 - [MESSAGE][PASSED] - Object: 'Object Repository/TripFocus/Orders/Create New Order/Add Products/Delivery_Site_dropdown' is clicked on

22-10-2025T09:44:52 - [TEST_STEP][PASSED] - delay(2): Delayed 2 second(s)

22-10-2025T09:44:54 - [MESSAGE][PASSED] - Delayed 2 second(s)

22-10-2025T09:44:54 - [TEST_STEP][PASSED] - sendKeys(findTestObject("TripFocus/Orders/Create New Order/Add Products/Delivery_Site_txt"), "COSTCO 367"): Keys 'COSTCO 367' sent to object: 'Object Repository/TripFocus/Orders/Create New Order/Add Products/Delivery_Site_txt'

22-10-2025T09:44:55 - [MESSAGE][PASSED] - Keys 'COSTCO 367' sent to object: 'Object Repository/TripFocus/Orders/Create New Order/Add Products/Delivery_Site_txt'

22-10-2025T09:44:55 - [TEST_STEP][PASSED] - delay(2): Delayed 2 second(s)

22-10-2025T09:44:57 - [MESSAGE][PASSED] - Delayed 2 second(s)

22-10-2025T09:44:57 - [TEST_STEP][PASSED] - sendKeys(findTestObject("TripFocus/Orders/Create New Order/Add Products/Delivery_Site_txt"), Keys.chord(ENTER)): Keys 'ENTER + ' sent to object: 'Object Repository/TripFocus/Orders/Create New Order/Add Products/Delivery_Site_txt'

22-10-2025T09:44:57 - [MESSAGE][PASSED] - Keys 'ENTER + ' sent to object: 'Object Repository/TripFocus/Orders/Create New Order/Add Products/Delivery_Site_txt'

22-10-2025T09:44:57 - [TEST_STEP][PASSED] - delay(2): Delayed 2 second(s)

22-10-2025T09:44:59 - [MESSAGE][PASSED] - Delayed 2 second(s)

22-10-2025T09:44:59 - [TEST_STEP][PASSED] - click(findTestObject("TripFocus/Orders/Create New Order/Add Products/Add_Product_btn (When Showing Advanced Options)")): Object: 'Object Repository/TripFocus/Orders/Create New Order/Add Products/Add_Product_btn (When Showing Advanced Options)' is clicked on

22-10-2025T09:44:59 - [MESSAGE][PASSED] - Object: 'Object Repository/TripFocus/Orders/Create New Order/Add Products/Add_Product_btn (When Showing Advanced Options)' is clicked on

22-10-2025T09:44:59 - [TEST_STEP][PASSED] - delay(1): Delayed 1 second(s)

22-10-2025T09:45:00 - [MESSAGE][PASSED] - Delayed 1 second(s)

22-10-2025T09:45:00 - [TEST_STEP][PASSED] - verifyTextPresent("You must add all required fields before being able to add a product, inlcuding Delivery Site, Commodity, and Quantity/Call For Quantity.", false): Text 'You must add all required fields before being able to add a product, inlcuding Delivery Site, Commodity, and Quantity/Call For Quantity.' is present on page 

22-10-2025T09:45:00 - [MESSAGE][PASSED] - Text 'You must add all required fields before being able to add a product, inlcuding Delivery Site, Commodity, and Quantity/Call For Quantity.' is present on page 

22-10-2025T09:45:00 - [TEST_STEP][PASSED] - Start listener action : retryOnDisconnect: null

22-10-2025T09:45:00 - [TEST_STEP][PASSED] - tcId = testCaseContext.getTestCaseId(): null

22-10-2025T09:45:00 - [TEST_STEP][PASSED] - currentRetry = retryCounts.getOrDefault(tcId, 0): null

22-10-2025T09:45:00 - [TEST_STEP][PASSED] - if (testCaseContext.getTestCaseStatus() == "FAILED" && currentRetry < MAX_RETRIES): null]]></system-out>
         <system-err><![CDATA[]]></system-err>
      </testcase>
      <testcase name="Test Cases/TripFocus/FDG/FDG - Orders/FDG - Can Not Create Order Without Commodity" time="81.473" classname="Test Cases/TripFocus/FDG/FDG - Orders/FDG - Can Not Create Order Without Commodity" status="PASSED">
         <system-out><![CDATA[22-10-2025T09:45:00 - [TEST_CASE][PASSED] - Test Cases/TripFocus/FDG/FDG - Orders/FDG - Can Not Create Order Without Commodity: Test Cases/TripFocus/FDG/FDG - Orders/FDG - Can Not Create Order Without Commodity

22-10-2025T09:45:00 - [TEST_STEP][PASSED] - Start listener action : beforeTestCase: null

22-10-2025T09:45:00 - [TEST_STEP][PASSED] - addDefaultPackages(): null

22-10-2025T09:45:00 - [TEST_STEP][PASSED] - openBrowser(""): Browser is opened with url: ''

22-10-2025T09:45:00 - [MESSAGE][WARNING] - A browser is already opened. Closing browser and opening a new one

22-10-2025T09:45:00 - [MESSAGE][INFO] - Starting 'Chrome' driver

22-10-2025T09:45:00 - [MESSAGE][INFO] - User set preference: ['args', '[--no-sandbox, --disable-gpu, --disable-dev-shm-usage]']

22-10-2025T09:45:00 - [MESSAGE][INFO] - Action delay is set to 0 milliseconds

22-10-2025T09:45:01 - [MESSAGE][PASSED] - Browser is opened with url: ''

22-10-2025T09:45:01 - [TEST_STEP][PASSED] - navigateToUrl(TFBaseURL): Navigate to 'https://www.qa.tripfocus.com' successfully

22-10-2025T09:45:01 - [MESSAGE][PASSED] - Navigate to 'https://www.qa.tripfocus.com' successfully

22-10-2025T09:45:01 - [TEST_STEP][PASSED] - click(findTestObject("Object Repository/TripFocus/Page_TripFocus/button_Sign in")): Object: 'Object Repository/TripFocus/Page_TripFocus/button_Sign in' is clicked on

22-10-2025T09:45:01 - [MESSAGE][PASSED] - Object: 'Object Repository/TripFocus/Page_TripFocus/button_Sign in' is clicked on

22-10-2025T09:45:01 - [TEST_STEP][PASSED] - setText(findTestObject("Object Repository/TripFocus/Page_TripFocus/input_Username (e.g. email address)_Username"), TripFocusPenskeFDGUsername): Text 'Ashford.Chenault+PenskeCustomerFDGONLY@thekag.com' is set on object 'Object Repository/TripFocus/Page_TripFocus/input_Username (e.g. email address)_Username'

22-10-2025T09:45:02 - [MESSAGE][PASSED] - Text 'Ashford.Chenault+PenskeCustomerFDGONLY@thekag.com' is set on object 'Object Repository/TripFocus/Page_TripFocus/input_Username (e.g. email address)_Username'

22-10-2025T09:45:02 - [TEST_STEP][PASSED] - setText(findTestObject("Object Repository/TripFocus/Page_TripFocus/input_Password_Password"), TripFocusFDGSPGPassword): Text 'CrashBan911!!' is set on object 'Object Repository/TripFocus/Page_TripFocus/input_Password_Password'

22-10-2025T09:45:02 - [MESSAGE][PASSED] - Text 'CrashBan911!!' is set on object 'Object Repository/TripFocus/Page_TripFocus/input_Password_Password'

22-10-2025T09:45:02 - [TEST_STEP][PASSED] - click(findTestObject("Object Repository/TripFocus/Page_TripFocus/button_Login")): Object: 'Object Repository/TripFocus/Page_TripFocus/button_Login' is clicked on

22-10-2025T09:45:02 - [MESSAGE][PASSED] - Object: 'Object Repository/TripFocus/Page_TripFocus/button_Login' is clicked on

22-10-2025T09:45:02 - [TEST_STEP][PASSED] - maximizeWindow(): Current window maximized

22-10-2025T09:45:03 - [MESSAGE][PASSED] - Current window maximized

22-10-2025T09:45:03 - [TEST_STEP][PASSED] - waitForElementVisible(findTestObject("TripFocus/Testing_Notification_btn"), 15, OPTIONAL): Web element with id: 'Object Repository/TripFocus/Testing_Notification_btn' located by '//*[@id="__BVID__10___BV_modal_footer_"]/button' not found

22-10-2025T09:45:19 - [MESSAGE][INFO] - Unable to find the element located by 'By.xpath: //*[@id="__BVID__10___BV_modal_footer_"]/button'. Please recheck the objects properties to make sure the desired element is located. 

22-10-2025T09:45:19 - [MESSAGE][WARNING] - [SELF-HEALING] Failed to find element with id 'Object Repository/TripFocus/Testing_Notification_btn'. Try using Self-healing.

22-10-2025T09:45:20 - [MESSAGE][INFO] - [SELF-HEALING] No working XPath is found.

22-10-2025T09:45:22 - [MESSAGE][INFO] - Unable to find the element located by 'By.xpath: '. Please recheck the objects properties to make sure the desired element is located. 

22-10-2025T09:45:22 - [MESSAGE][WARNING] - [SELF-HEALING] Cannot find elements when the selector is null

22-10-2025T09:45:22 - [MESSAGE][WARNING] - Web element with id: 'Object Repository/TripFocus/Testing_Notification_btn' located by '//*[@id="__BVID__10___BV_modal_footer_"]/button' not found

22-10-2025T09:45:22 - [TEST_STEP][PASSED] - if (verifyElementVisible(findTestObject("TripFocus/Testing_Notification_btn"), OPTIONAL) == true): Web element with id: 'Object Repository/TripFocus/Testing_Notification_btn' located by '//*[@id="__BVID__10___BV_modal_footer_"]/button' not found (Root cause: com.kms.katalon.core.exception.StepFailedException: Web element with id: 'Object Repository/TripFocus/Testing_Notification_btn' located by '//*[@id="__BVID__10___BV_modal_footer_"]/button' not found
	at com.kms.katalon.core.webui.keyword.internal.WebUIKeywordMain.stepFailed(WebUIKeywordMain.groovy:117)
	at com.kms.katalon.core.webui.keyword.builtin.VerifyElementVisibleKeyword$_verifyElementVisible_closure1.doCall(VerifyElementVisibleKeyword.groovy:89)
	at com.kms.katalon.core.webui.keyword.builtin.VerifyElementVisibleKeyword$_verifyElementVisible_closure1.call(VerifyElementVisibleKeyword.groovy)
	at com.kms.katalon.core.webui.keyword.internal.WebUIKeywordMain.runKeyword(WebUIKeywordMain.groovy:35)
	at com.kms.katalon.core.webui.keyword.builtin.VerifyElementVisibleKeyword.verifyElementVisible(VerifyElementVisibleKeyword.groovy:97)
	at com.kms.katalon.core.webui.keyword.builtin.VerifyElementVisibleKeyword.execute(VerifyElementVisibleKeyword.groovy:67)
	at com.kms.katalon.core.keyword.internal.KeywordExecutor.executeKeywordForPlatform(KeywordExecutor.groovy:74)
	at com.kms.katalon.core.webui.keyword.WebUiBuiltInKeywords.verifyElementVisible(WebUiBuiltInKeywords.groovy:401)
	at com.kms.katalon.core.webui.keyword.WebUiBuiltInKeywords$verifyElementVisible$5.call(Unknown Source)
	at FDG - Can Not Create Order Without Commodity.run(FDG - Can Not Create Order Without Commodity:38)
	at com.kms.katalon.core.main.ScriptEngine.run(ScriptEngine.java:194)
	at com.kms.katalon.core.main.ScriptEngine.runScriptAsRawText(ScriptEngine.java:119)
	at com.kms.katalon.core.main.TestCaseExecutor.runScript(TestCaseExecutor.java:448)
	at com.kms.katalon.core.main.TestCaseExecutor.doExecute(TestCaseExecutor.java:439)
	at com.kms.katalon.core.main.TestCaseExecutor.processExecutionPhase(TestCaseExecutor.java:418)
	at com.kms.katalon.core.main.TestCaseExecutor.accessMainPhase(TestCaseExecutor.java:410)
	at com.kms.katalon.core.main.TestCaseExecutor.execute(TestCaseExecutor.java:285)
	at com.kms.katalon.core.common.CommonExecutor.accessTestCaseMainPhase(CommonExecutor.java:65)
	at com.kms.katalon.core.main.TestSuiteExecutor.accessTestSuiteMainPhase(TestSuiteExecutor.java:150)
	at com.kms.katalon.core.main.TestSuiteExecutor.execute(TestSuiteExecutor.java:106)
	at com.kms.katalon.core.main.TestCaseMain.startTestSuite(TestCaseMain.java:180)
	at com.kms.katalon.core.main.TestCaseMain$startTestSuite$0.call(Unknown Source)
	at TempTestSuite1761139058037.run(TempTestSuite1761139058037.groovy:35)
	at java.base/jdk.internal.reflect.NativeMethodAccessorImpl.invoke0(Native Method)
	at java.base/jdk.internal.reflect.NativeMethodAccessorImpl.invoke(NativeMethodAccessorImpl.java:77)
	at java.base/jdk.internal.reflect.DelegatingMethodAccessorImpl.invoke(DelegatingMethodAccessorImpl.java:43)
)

22-10-2025T09:45:38 - [MESSAGE][INFO] - Unable to find the element located by 'By.xpath: //*[@id="__BVID__10___BV_modal_footer_"]/button'. Please recheck the objects properties to make sure the desired element is located. 

22-10-2025T09:45:38 - [MESSAGE][WARNING] - [SELF-HEALING] Failed to find element with id 'Object Repository/TripFocus/Testing_Notification_btn'. Try using Self-healing.

22-10-2025T09:45:39 - [MESSAGE][INFO] - [SELF-HEALING] No working XPath is found.

22-10-2025T09:45:41 - [MESSAGE][INFO] - Unable to find the element located by 'By.xpath: '. Please recheck the objects properties to make sure the desired element is located. 

22-10-2025T09:45:41 - [MESSAGE][WARNING] - [SELF-HEALING] Cannot find elements when the selector is null

22-10-2025T09:45:41 - [MESSAGE][WARNING] - Web element with id: 'Object Repository/TripFocus/Testing_Notification_btn' located by '//*[@id="__BVID__10___BV_modal_footer_"]/button' not found (Root cause: com.kms.katalon.core.exception.StepFailedException: Web element with id: 'Object Repository/TripFocus/Testing_Notification_btn' located by '//*[@id="__BVID__10___BV_modal_footer_"]/button' not found
	at com.kms.katalon.core.webui.keyword.internal.WebUIKeywordMain.stepFailed(WebUIKeywordMain.groovy:117)
	at com.kms.katalon.core.webui.keyword.builtin.VerifyElementVisibleKeyword$_verifyElementVisible_closure1.doCall(VerifyElementVisibleKeyword.groovy:89)
	at com.kms.katalon.core.webui.keyword.builtin.VerifyElementVisibleKeyword$_verifyElementVisible_closure1.call(VerifyElementVisibleKeyword.groovy)
	at com.kms.katalon.core.webui.keyword.internal.WebUIKeywordMain.runKeyword(WebUIKeywordMain.groovy:35)
	at com.kms.katalon.core.webui.keyword.builtin.VerifyElementVisibleKeyword.verifyElementVisible(VerifyElementVisibleKeyword.groovy:97)
	at com.kms.katalon.core.webui.keyword.builtin.VerifyElementVisibleKeyword.execute(VerifyElementVisibleKeyword.groovy:67)
	at com.kms.katalon.core.keyword.internal.KeywordExecutor.executeKeywordForPlatform(KeywordExecutor.groovy:74)
	at com.kms.katalon.core.webui.keyword.WebUiBuiltInKeywords.verifyElementVisible(WebUiBuiltInKeywords.groovy:401)
	at com.kms.katalon.core.webui.keyword.WebUiBuiltInKeywords$verifyElementVisible$5.call(Unknown Source)
	at FDG - Can Not Create Order Without Commodity.run(FDG - Can Not Create Order Without Commodity:38)
	at com.kms.katalon.core.main.ScriptEngine.run(ScriptEngine.java:194)
	at com.kms.katalon.core.main.ScriptEngine.runScriptAsRawText(ScriptEngine.java:119)
	at com.kms.katalon.core.main.TestCaseExecutor.runScript(TestCaseExecutor.java:448)
	at com.kms.katalon.core.main.TestCaseExecutor.doExecute(TestCaseExecutor.java:439)
	at com.kms.katalon.core.main.TestCaseExecutor.processExecutionPhase(TestCaseExecutor.java:418)
	at com.kms.katalon.core.main.TestCaseExecutor.accessMainPhase(TestCaseExecutor.java:410)
	at com.kms.katalon.core.main.TestCaseExecutor.execute(TestCaseExecutor.java:285)
	at com.kms.katalon.core.common.CommonExecutor.accessTestCaseMainPhase(CommonExecutor.java:65)
	at com.kms.katalon.core.main.TestSuiteExecutor.accessTestSuiteMainPhase(TestSuiteExecutor.java:150)
	at com.kms.katalon.core.main.TestSuiteExecutor.execute(TestSuiteExecutor.java:106)
	at com.kms.katalon.core.main.TestCaseMain.startTestSuite(TestCaseMain.java:180)
	at com.kms.katalon.core.main.TestCaseMain$startTestSuite$0.call(Unknown Source)
	at TempTestSuite1761139058037.run(TempTestSuite1761139058037.groovy:35)
	at java.base/jdk.internal.reflect.NativeMethodAccessorImpl.invoke0(Native Method)
	at java.base/jdk.internal.reflect.NativeMethodAccessorImpl.invoke(NativeMethodAccessorImpl.java:77)
	at java.base/jdk.internal.reflect.DelegatingMethodAccessorImpl.invoke(DelegatingMethodAccessorImpl.java:43)
)

22-10-2025T09:45:41 - [TEST_STEP][PASSED] - click(findTestObject("TripFocus/Orders/Orders_tab")): Object: 'Object Repository/TripFocus/Orders/Orders_tab' is clicked on

22-10-2025T09:45:41 - [MESSAGE][PASSED] - Object: 'Object Repository/TripFocus/Orders/Orders_tab' is clicked on

22-10-2025T09:45:41 - [TEST_STEP][PASSED] - delay(5): Delayed 5 second(s)

22-10-2025T09:45:46 - [MESSAGE][PASSED] - Delayed 5 second(s)

22-10-2025T09:45:46 - [TEST_STEP][PASSED] - click(findTestObject("TripFocus/Orders/Create New Order_btn")): Object: 'Object Repository/TripFocus/Orders/Create New Order_btn' is clicked on

22-10-2025T09:45:47 - [MESSAGE][PASSED] - Object: 'Object Repository/TripFocus/Orders/Create New Order_btn' is clicked on

22-10-2025T09:45:47 - [TEST_STEP][PASSED] - delay(2): Delayed 2 second(s)

22-10-2025T09:45:49 - [MESSAGE][PASSED] - Delayed 2 second(s)

22-10-2025T09:45:49 - [TEST_STEP][PASSED] - click(findTestObject("TripFocus/Orders/Create New Order/Add Products/Add Product_link")): Object: 'Object Repository/TripFocus/Orders/Create New Order/Add Products/Add Product_link' is clicked on

22-10-2025T09:45:49 - [MESSAGE][PASSED] - Object: 'Object Repository/TripFocus/Orders/Create New Order/Add Products/Add Product_link' is clicked on

22-10-2025T09:45:49 - [TEST_STEP][PASSED] - delay(2): Delayed 2 second(s)

22-10-2025T09:45:51 - [MESSAGE][PASSED] - Delayed 2 second(s)

22-10-2025T09:45:51 - [TEST_STEP][PASSED] - click(findTestObject("TripFocus/Sidebar Minimizer")): Object: 'Object Repository/TripFocus/Sidebar Minimizer' is clicked on

22-10-2025T09:45:51 - [MESSAGE][PASSED] - Object: 'Object Repository/TripFocus/Sidebar Minimizer' is clicked on

22-10-2025T09:45:51 - [TEST_STEP][PASSED] - delay(1): Delayed 1 second(s)

22-10-2025T09:45:52 - [MESSAGE][PASSED] - Delayed 1 second(s)

22-10-2025T09:45:52 - [TEST_STEP][PASSED] - click(findTestObject("TripFocus/Orders/Create New Order/Add Products/Delivery_Site_dropdown")): Object: 'Object Repository/TripFocus/Orders/Create New Order/Add Products/Delivery_Site_dropdown' is clicked on

22-10-2025T09:45:53 - [MESSAGE][PASSED] - Object: 'Object Repository/TripFocus/Orders/Create New Order/Add Products/Delivery_Site_dropdown' is clicked on

22-10-2025T09:45:53 - [TEST_STEP][PASSED] - delay(2): Delayed 2 second(s)

22-10-2025T09:45:55 - [MESSAGE][PASSED] - Delayed 2 second(s)

22-10-2025T09:45:55 - [TEST_STEP][PASSED] - sendKeys(findTestObject("TripFocus/Orders/Create New Order/Add Products/Delivery_Site_txt"), "COSTCO 367"): Keys 'COSTCO 367' sent to object: 'Object Repository/TripFocus/Orders/Create New Order/Add Products/Delivery_Site_txt'

22-10-2025T09:45:55 - [MESSAGE][PASSED] - Keys 'COSTCO 367' sent to object: 'Object Repository/TripFocus/Orders/Create New Order/Add Products/Delivery_Site_txt'

22-10-2025T09:45:55 - [TEST_STEP][PASSED] - delay(2): Delayed 2 second(s)

22-10-2025T09:45:57 - [MESSAGE][PASSED] - Delayed 2 second(s)

22-10-2025T09:45:57 - [TEST_STEP][PASSED] - sendKeys(findTestObject("TripFocus/Orders/Create New Order/Add Products/Delivery_Site_txt"), Keys.chord(ENTER)): Keys 'ENTER + ' sent to object: 'Object Repository/TripFocus/Orders/Create New Order/Add Products/Delivery_Site_txt'

22-10-2025T09:45:57 - [MESSAGE][PASSED] - Keys 'ENTER + ' sent to object: 'Object Repository/TripFocus/Orders/Create New Order/Add Products/Delivery_Site_txt'

22-10-2025T09:45:57 - [TEST_STEP][PASSED] - delay(2): Delayed 2 second(s)

22-10-2025T09:45:59 - [MESSAGE][PASSED] - Delayed 2 second(s)

22-10-2025T09:45:59 - [TEST_STEP][PASSED] - click(findTestObject("TripFocus/Orders/Create New Order/Add Products/Shipper_dropdown")): Object: 'Object Repository/TripFocus/Orders/Create New Order/Add Products/Shipper_dropdown' is clicked on

22-10-2025T09:45:59 - [MESSAGE][PASSED] - Object: 'Object Repository/TripFocus/Orders/Create New Order/Add Products/Shipper_dropdown' is clicked on

22-10-2025T09:45:59 - [TEST_STEP][PASSED] - delay(2): Delayed 2 second(s)

22-10-2025T09:46:01 - [MESSAGE][PASSED] - Delayed 2 second(s)

22-10-2025T09:46:01 - [TEST_STEP][PASSED] - sendKeys(findTestObject("TripFocus/Orders/Create New Order/Add Products/Shipper_txt"), "Marathon"): Keys 'Marathon' sent to object: 'Object Repository/TripFocus/Orders/Create New Order/Add Products/Shipper_txt'

22-10-2025T09:46:01 - [MESSAGE][PASSED] - Keys 'Marathon' sent to object: 'Object Repository/TripFocus/Orders/Create New Order/Add Products/Shipper_txt'

22-10-2025T09:46:01 - [TEST_STEP][PASSED] - delay(2): Delayed 2 second(s)

22-10-2025T09:46:03 - [MESSAGE][PASSED] - Delayed 2 second(s)

22-10-2025T09:46:03 - [TEST_STEP][PASSED] - sendKeys(findTestObject("TripFocus/Orders/Create New Order/Add Products/Shipper_txt"), Keys.chord(ENTER)): Keys 'ENTER + ' sent to object: 'Object Repository/TripFocus/Orders/Create New Order/Add Products/Shipper_txt'

22-10-2025T09:46:03 - [MESSAGE][PASSED] - Keys 'ENTER + ' sent to object: 'Object Repository/TripFocus/Orders/Create New Order/Add Products/Shipper_txt'

22-10-2025T09:46:03 - [TEST_STEP][PASSED] - delay(2): Delayed 2 second(s)

22-10-2025T09:46:05 - [MESSAGE][PASSED] - Delayed 2 second(s)

22-10-2025T09:46:05 - [TEST_STEP][PASSED] - click(findTestObject("TripFocus/Orders/Create New Order/Add Products/Supplier_dropdown")): Object: 'Object Repository/TripFocus/Orders/Create New Order/Add Products/Supplier_dropdown' is clicked on

22-10-2025T09:46:06 - [MESSAGE][PASSED] - Object: 'Object Repository/TripFocus/Orders/Create New Order/Add Products/Supplier_dropdown' is clicked on

22-10-2025T09:46:06 - [TEST_STEP][PASSED] - delay(2): Delayed 2 second(s)

22-10-2025T09:46:08 - [MESSAGE][PASSED] - Delayed 2 second(s)

22-10-2025T09:46:08 - [TEST_STEP][PASSED] - sendKeys(findTestObject("TripFocus/Orders/Create New Order/Add Products/Supplier_txt"), "Trafigura"): Keys 'Trafigura' sent to object: 'Object Repository/TripFocus/Orders/Create New Order/Add Products/Supplier_txt'

22-10-2025T09:46:08 - [MESSAGE][PASSED] - Keys 'Trafigura' sent to object: 'Object Repository/TripFocus/Orders/Create New Order/Add Products/Supplier_txt'

22-10-2025T09:46:08 - [TEST_STEP][PASSED] - delay(2): Delayed 2 second(s)

22-10-2025T09:46:10 - [MESSAGE][PASSED] - Delayed 2 second(s)

22-10-2025T09:46:10 - [TEST_STEP][PASSED] - sendKeys(findTestObject("TripFocus/Orders/Create New Order/Add Products/Supplier_txt"), Keys.chord(ENTER)): Keys 'ENTER + ' sent to object: 'Object Repository/TripFocus/Orders/Create New Order/Add Products/Supplier_txt'

22-10-2025T09:46:10 - [MESSAGE][PASSED] - Keys 'ENTER + ' sent to object: 'Object Repository/TripFocus/Orders/Create New Order/Add Products/Supplier_txt'

22-10-2025T09:46:10 - [TEST_STEP][PASSED] - delay(2): Delayed 2 second(s)

22-10-2025T09:46:12 - [MESSAGE][PASSED] - Delayed 2 second(s)

22-10-2025T09:46:12 - [TEST_STEP][PASSED] - click(findTestObject("TripFocus/Orders/Create New Order/Add Products/Account_Of_dropdown")): Object: 'Object Repository/TripFocus/Orders/Create New Order/Add Products/Account_Of_dropdown' is clicked on

22-10-2025T09:46:12 - [MESSAGE][PASSED] - Object: 'Object Repository/TripFocus/Orders/Create New Order/Add Products/Account_Of_dropdown' is clicked on

22-10-2025T09:46:12 - [TEST_STEP][PASSED] - delay(2): Delayed 2 second(s)

22-10-2025T09:46:14 - [MESSAGE][PASSED] - Delayed 2 second(s)

22-10-2025T09:46:14 - [TEST_STEP][PASSED] - sendKeys(findTestObject("TripFocus/Orders/Create New Order/Add Products/Account_Of_txt"), "Unknown"): Keys 'Unknown' sent to object: 'Object Repository/TripFocus/Orders/Create New Order/Add Products/Account_Of_txt'

22-10-2025T09:46:14 - [MESSAGE][PASSED] - Keys 'Unknown' sent to object: 'Object Repository/TripFocus/Orders/Create New Order/Add Products/Account_Of_txt'

22-10-2025T09:46:14 - [TEST_STEP][PASSED] - delay(2): Delayed 2 second(s)

22-10-2025T09:46:16 - [MESSAGE][PASSED] - Delayed 2 second(s)

22-10-2025T09:46:16 - [TEST_STEP][PASSED] - sendKeys(findTestObject("TripFocus/Orders/Create New Order/Add Products/Account_Of_txt"), Keys.chord(ENTER)): Keys 'ENTER + ' sent to object: 'Object Repository/TripFocus/Orders/Create New Order/Add Products/Account_Of_txt'

22-10-2025T09:46:16 - [MESSAGE][PASSED] - Keys 'ENTER + ' sent to object: 'Object Repository/TripFocus/Orders/Create New Order/Add Products/Account_Of_txt'

22-10-2025T09:46:16 - [TEST_STEP][PASSED] - delay(2): Delayed 2 second(s)

22-10-2025T09:46:18 - [MESSAGE][PASSED] - Delayed 2 second(s)

22-10-2025T09:46:18 - [TEST_STEP][PASSED] - setText(findTestObject("TripFocus/Orders/Create New Order/Add Products/Quantity_txt"), "4444"): Text '4444' is set on object 'Object Repository/TripFocus/Orders/Create New Order/Add Products/Quantity_txt'

22-10-2025T09:46:18 - [MESSAGE][PASSED] - Text '4444' is set on object 'Object Repository/TripFocus/Orders/Create New Order/Add Products/Quantity_txt'

22-10-2025T09:46:18 - [TEST_STEP][PASSED] - delay(2): Delayed 2 second(s)

22-10-2025T09:46:20 - [MESSAGE][PASSED] - Delayed 2 second(s)

22-10-2025T09:46:20 - [TEST_STEP][PASSED] - click(findTestObject("TripFocus/Orders/Create New Order/Add Products/Add_Product_btn (When Showing Advanced Options)")): Object: 'Object Repository/TripFocus/Orders/Create New Order/Add Products/Add_Product_btn (When Showing Advanced Options)' is clicked on

22-10-2025T09:46:20 - [MESSAGE][PASSED] - Object: 'Object Repository/TripFocus/Orders/Create New Order/Add Products/Add_Product_btn (When Showing Advanced Options)' is clicked on

22-10-2025T09:46:20 - [TEST_STEP][PASSED] - delay(1): Delayed 1 second(s)

22-10-2025T09:46:21 - [MESSAGE][PASSED] - Delayed 1 second(s)

22-10-2025T09:46:21 - [TEST_STEP][PASSED] - verifyTextPresent("You must add all required fields before being able to add a product, inlcuding Delivery Site, Commodity, and Quantity/Call For Quantity.", false): Text 'You must add all required fields before being able to add a product, inlcuding Delivery Site, Commodity, and Quantity/Call For Quantity.' is present on page 

22-10-2025T09:46:21 - [MESSAGE][PASSED] - Text 'You must add all required fields before being able to add a product, inlcuding Delivery Site, Commodity, and Quantity/Call For Quantity.' is present on page 

22-10-2025T09:46:21 - [TEST_STEP][PASSED] - Start listener action : retryOnDisconnect: null

22-10-2025T09:46:21 - [TEST_STEP][PASSED] - tcId = testCaseContext.getTestCaseId(): null

22-10-2025T09:46:21 - [TEST_STEP][PASSED] - currentRetry = retryCounts.getOrDefault(tcId, 0): null

22-10-2025T09:46:21 - [TEST_STEP][PASSED] - if (testCaseContext.getTestCaseStatus() == "FAILED" && currentRetry < MAX_RETRIES): null]]></system-out>
         <system-err><![CDATA[]]></system-err>
      </testcase>
      <testcase name="Test Cases/TripFocus/FDG/FDG - Orders/FDG - Can Not Create Order Without Quantity" time="78.211" classname="Test Cases/TripFocus/FDG/FDG - Orders/FDG - Can Not Create Order Without Quantity" status="PASSED">
         <system-out><![CDATA[22-10-2025T09:46:21 - [TEST_CASE][PASSED] - Test Cases/TripFocus/FDG/FDG - Orders/FDG - Can Not Create Order Without Quantity: Test Cases/TripFocus/FDG/FDG - Orders/FDG - Can Not Create Order Without Quantity

22-10-2025T09:46:21 - [TEST_STEP][PASSED] - Start listener action : beforeTestCase: null

22-10-2025T09:46:21 - [TEST_STEP][PASSED] - addDefaultPackages(): null

22-10-2025T09:46:21 - [TEST_STEP][PASSED] - openBrowser(""): Browser is opened with url: ''

22-10-2025T09:46:21 - [MESSAGE][WARNING] - A browser is already opened. Closing browser and opening a new one

22-10-2025T09:46:21 - [MESSAGE][INFO] - Starting 'Chrome' driver

22-10-2025T09:46:21 - [MESSAGE][INFO] - User set preference: ['args', '[--no-sandbox, --disable-gpu, --disable-dev-shm-usage]']

22-10-2025T09:46:21 - [MESSAGE][INFO] - Action delay is set to 0 milliseconds

22-10-2025T09:46:22 - [MESSAGE][PASSED] - Browser is opened with url: ''

22-10-2025T09:46:22 - [TEST_STEP][PASSED] - navigateToUrl(TFBaseURL): Navigate to 'https://www.qa.tripfocus.com' successfully

22-10-2025T09:46:23 - [MESSAGE][PASSED] - Navigate to 'https://www.qa.tripfocus.com' successfully

22-10-2025T09:46:23 - [TEST_STEP][PASSED] - click(findTestObject("Object Repository/TripFocus/Page_TripFocus/button_Sign in")): Object: 'Object Repository/TripFocus/Page_TripFocus/button_Sign in' is clicked on

22-10-2025T09:46:23 - [MESSAGE][PASSED] - Object: 'Object Repository/TripFocus/Page_TripFocus/button_Sign in' is clicked on

22-10-2025T09:46:23 - [TEST_STEP][PASSED] - setText(findTestObject("Object Repository/TripFocus/Page_TripFocus/input_Username (e.g. email address)_Username"), TripFocusPenskeFDGUsername): Text 'Ashford.Chenault+PenskeCustomerFDGONLY@thekag.com' is set on object 'Object Repository/TripFocus/Page_TripFocus/input_Username (e.g. email address)_Username'

22-10-2025T09:46:23 - [MESSAGE][PASSED] - Text 'Ashford.Chenault+PenskeCustomerFDGONLY@thekag.com' is set on object 'Object Repository/TripFocus/Page_TripFocus/input_Username (e.g. email address)_Username'

22-10-2025T09:46:23 - [TEST_STEP][PASSED] - setText(findTestObject("Object Repository/TripFocus/Page_TripFocus/input_Password_Password"), TripFocusFDGSPGPassword): Text 'CrashBan911!!' is set on object 'Object Repository/TripFocus/Page_TripFocus/input_Password_Password'

22-10-2025T09:46:24 - [MESSAGE][PASSED] - Text 'CrashBan911!!' is set on object 'Object Repository/TripFocus/Page_TripFocus/input_Password_Password'

22-10-2025T09:46:24 - [TEST_STEP][PASSED] - click(findTestObject("Object Repository/TripFocus/Page_TripFocus/button_Login")): Object: 'Object Repository/TripFocus/Page_TripFocus/button_Login' is clicked on

22-10-2025T09:46:24 - [MESSAGE][PASSED] - Object: 'Object Repository/TripFocus/Page_TripFocus/button_Login' is clicked on

22-10-2025T09:46:24 - [TEST_STEP][PASSED] - maximizeWindow(): Current window maximized

22-10-2025T09:46:24 - [MESSAGE][PASSED] - Current window maximized

22-10-2025T09:46:24 - [TEST_STEP][PASSED] - waitForElementVisible(findTestObject("TripFocus/Testing_Notification_btn"), 15, OPTIONAL): Web element with id: 'Object Repository/TripFocus/Testing_Notification_btn' located by '//*[@id="__BVID__10___BV_modal_footer_"]/button' not found

22-10-2025T09:46:40 - [MESSAGE][INFO] - Unable to find the element located by 'By.xpath: //*[@id="__BVID__10___BV_modal_footer_"]/button'. Please recheck the objects properties to make sure the desired element is located. 

22-10-2025T09:46:40 - [MESSAGE][WARNING] - [SELF-HEALING] Failed to find element with id 'Object Repository/TripFocus/Testing_Notification_btn'. Try using Self-healing.

22-10-2025T09:46:41 - [MESSAGE][INFO] - [SELF-HEALING] No working XPath is found.

22-10-2025T09:46:43 - [MESSAGE][INFO] - Unable to find the element located by 'By.xpath: '. Please recheck the objects properties to make sure the desired element is located. 

22-10-2025T09:46:43 - [MESSAGE][WARNING] - [SELF-HEALING] Cannot find elements when the selector is null

22-10-2025T09:46:43 - [MESSAGE][WARNING] - Web element with id: 'Object Repository/TripFocus/Testing_Notification_btn' located by '//*[@id="__BVID__10___BV_modal_footer_"]/button' not found

22-10-2025T09:46:43 - [TEST_STEP][PASSED] - if (verifyElementVisible(findTestObject("TripFocus/Testing_Notification_btn"), OPTIONAL) == true): Web element with id: 'Object Repository/TripFocus/Testing_Notification_btn' located by '//*[@id="__BVID__10___BV_modal_footer_"]/button' not found (Root cause: com.kms.katalon.core.exception.StepFailedException: Web element with id: 'Object Repository/TripFocus/Testing_Notification_btn' located by '//*[@id="__BVID__10___BV_modal_footer_"]/button' not found
	at com.kms.katalon.core.webui.keyword.internal.WebUIKeywordMain.stepFailed(WebUIKeywordMain.groovy:117)
	at com.kms.katalon.core.webui.keyword.builtin.VerifyElementVisibleKeyword$_verifyElementVisible_closure1.doCall(VerifyElementVisibleKeyword.groovy:89)
	at com.kms.katalon.core.webui.keyword.builtin.VerifyElementVisibleKeyword$_verifyElementVisible_closure1.call(VerifyElementVisibleKeyword.groovy)
	at com.kms.katalon.core.webui.keyword.internal.WebUIKeywordMain.runKeyword(WebUIKeywordMain.groovy:35)
	at com.kms.katalon.core.webui.keyword.builtin.VerifyElementVisibleKeyword.verifyElementVisible(VerifyElementVisibleKeyword.groovy:97)
	at com.kms.katalon.core.webui.keyword.builtin.VerifyElementVisibleKeyword.execute(VerifyElementVisibleKeyword.groovy:67)
	at com.kms.katalon.core.keyword.internal.KeywordExecutor.executeKeywordForPlatform(KeywordExecutor.groovy:74)
	at com.kms.katalon.core.webui.keyword.WebUiBuiltInKeywords.verifyElementVisible(WebUiBuiltInKeywords.groovy:401)
	at com.kms.katalon.core.webui.keyword.WebUiBuiltInKeywords$verifyElementVisible$5.call(Unknown Source)
	at FDG - Can Not Create Order Without Quantity.run(FDG - Can Not Create Order Without Quantity:37)
	at com.kms.katalon.core.main.ScriptEngine.run(ScriptEngine.java:194)
	at com.kms.katalon.core.main.ScriptEngine.runScriptAsRawText(ScriptEngine.java:119)
	at com.kms.katalon.core.main.TestCaseExecutor.runScript(TestCaseExecutor.java:448)
	at com.kms.katalon.core.main.TestCaseExecutor.doExecute(TestCaseExecutor.java:439)
	at com.kms.katalon.core.main.TestCaseExecutor.processExecutionPhase(TestCaseExecutor.java:418)
	at com.kms.katalon.core.main.TestCaseExecutor.accessMainPhase(TestCaseExecutor.java:410)
	at com.kms.katalon.core.main.TestCaseExecutor.execute(TestCaseExecutor.java:285)
	at com.kms.katalon.core.common.CommonExecutor.accessTestCaseMainPhase(CommonExecutor.java:65)
	at com.kms.katalon.core.main.TestSuiteExecutor.accessTestSuiteMainPhase(TestSuiteExecutor.java:150)
	at com.kms.katalon.core.main.TestSuiteExecutor.execute(TestSuiteExecutor.java:106)
	at com.kms.katalon.core.main.TestCaseMain.startTestSuite(TestCaseMain.java:180)
	at com.kms.katalon.core.main.TestCaseMain$startTestSuite$0.call(Unknown Source)
	at TempTestSuite1761139058037.run(TempTestSuite1761139058037.groovy:35)
	at java.base/jdk.internal.reflect.NativeMethodAccessorImpl.invoke0(Native Method)
	at java.base/jdk.internal.reflect.NativeMethodAccessorImpl.invoke(NativeMethodAccessorImpl.java:77)
	at java.base/jdk.internal.reflect.DelegatingMethodAccessorImpl.invoke(DelegatingMethodAccessorImpl.java:43)
)

22-10-2025T09:46:59 - [MESSAGE][INFO] - Unable to find the element located by 'By.xpath: //*[@id="__BVID__10___BV_modal_footer_"]/button'. Please recheck the objects properties to make sure the desired element is located. 

22-10-2025T09:46:59 - [MESSAGE][WARNING] - [SELF-HEALING] Failed to find element with id 'Object Repository/TripFocus/Testing_Notification_btn'. Try using Self-healing.

22-10-2025T09:47:00 - [MESSAGE][INFO] - [SELF-HEALING] No working XPath is found.

22-10-2025T09:47:02 - [MESSAGE][INFO] - Unable to find the element located by 'By.xpath: '. Please recheck the objects properties to make sure the desired element is located. 

22-10-2025T09:47:02 - [MESSAGE][WARNING] - [SELF-HEALING] Cannot find elements when the selector is null

22-10-2025T09:47:02 - [MESSAGE][WARNING] - Web element with id: 'Object Repository/TripFocus/Testing_Notification_btn' located by '//*[@id="__BVID__10___BV_modal_footer_"]/button' not found (Root cause: com.kms.katalon.core.exception.StepFailedException: Web element with id: 'Object Repository/TripFocus/Testing_Notification_btn' located by '//*[@id="__BVID__10___BV_modal_footer_"]/button' not found
	at com.kms.katalon.core.webui.keyword.internal.WebUIKeywordMain.stepFailed(WebUIKeywordMain.groovy:117)
	at com.kms.katalon.core.webui.keyword.builtin.VerifyElementVisibleKeyword$_verifyElementVisible_closure1.doCall(VerifyElementVisibleKeyword.groovy:89)
	at com.kms.katalon.core.webui.keyword.builtin.VerifyElementVisibleKeyword$_verifyElementVisible_closure1.call(VerifyElementVisibleKeyword.groovy)
	at com.kms.katalon.core.webui.keyword.internal.WebUIKeywordMain.runKeyword(WebUIKeywordMain.groovy:35)
	at com.kms.katalon.core.webui.keyword.builtin.VerifyElementVisibleKeyword.verifyElementVisible(VerifyElementVisibleKeyword.groovy:97)
	at com.kms.katalon.core.webui.keyword.builtin.VerifyElementVisibleKeyword.execute(VerifyElementVisibleKeyword.groovy:67)
	at com.kms.katalon.core.keyword.internal.KeywordExecutor.executeKeywordForPlatform(KeywordExecutor.groovy:74)
	at com.kms.katalon.core.webui.keyword.WebUiBuiltInKeywords.verifyElementVisible(WebUiBuiltInKeywords.groovy:401)
	at com.kms.katalon.core.webui.keyword.WebUiBuiltInKeywords$verifyElementVisible$5.call(Unknown Source)
	at FDG - Can Not Create Order Without Quantity.run(FDG - Can Not Create Order Without Quantity:37)
	at com.kms.katalon.core.main.ScriptEngine.run(ScriptEngine.java:194)
	at com.kms.katalon.core.main.ScriptEngine.runScriptAsRawText(ScriptEngine.java:119)
	at com.kms.katalon.core.main.TestCaseExecutor.runScript(TestCaseExecutor.java:448)
	at com.kms.katalon.core.main.TestCaseExecutor.doExecute(TestCaseExecutor.java:439)
	at com.kms.katalon.core.main.TestCaseExecutor.processExecutionPhase(TestCaseExecutor.java:418)
	at com.kms.katalon.core.main.TestCaseExecutor.accessMainPhase(TestCaseExecutor.java:410)
	at com.kms.katalon.core.main.TestCaseExecutor.execute(TestCaseExecutor.java:285)
	at com.kms.katalon.core.common.CommonExecutor.accessTestCaseMainPhase(CommonExecutor.java:65)
	at com.kms.katalon.core.main.TestSuiteExecutor.accessTestSuiteMainPhase(TestSuiteExecutor.java:150)
	at com.kms.katalon.core.main.TestSuiteExecutor.execute(TestSuiteExecutor.java:106)
	at com.kms.katalon.core.main.TestCaseMain.startTestSuite(TestCaseMain.java:180)
	at com.kms.katalon.core.main.TestCaseMain$startTestSuite$0.call(Unknown Source)
	at TempTestSuite1761139058037.run(TempTestSuite1761139058037.groovy:35)
	at java.base/jdk.internal.reflect.NativeMethodAccessorImpl.invoke0(Native Method)
	at java.base/jdk.internal.reflect.NativeMethodAccessorImpl.invoke(NativeMethodAccessorImpl.java:77)
	at java.base/jdk.internal.reflect.DelegatingMethodAccessorImpl.invoke(DelegatingMethodAccessorImpl.java:43)
)

22-10-2025T09:47:02 - [TEST_STEP][PASSED] - click(findTestObject("TripFocus/Orders/Orders_tab")): Object: 'Object Repository/TripFocus/Orders/Orders_tab' is clicked on

22-10-2025T09:47:02 - [MESSAGE][PASSED] - Object: 'Object Repository/TripFocus/Orders/Orders_tab' is clicked on

22-10-2025T09:47:02 - [TEST_STEP][PASSED] - waitForElementVisible(findTestObject("TripFocus/Orders/Create New Order_btn"), 30): Object 'Object Repository/TripFocus/Orders/Create New Order_btn' is visible

22-10-2025T09:47:03 - [MESSAGE][PASSED] - Object 'Object Repository/TripFocus/Orders/Create New Order_btn' is visible

22-10-2025T09:47:03 - [TEST_STEP][PASSED] - click(findTestObject("TripFocus/Orders/Create New Order_btn")): Object: 'Object Repository/TripFocus/Orders/Create New Order_btn' is clicked on

22-10-2025T09:47:04 - [MESSAGE][PASSED] - Object: 'Object Repository/TripFocus/Orders/Create New Order_btn' is clicked on

22-10-2025T09:47:04 - [TEST_STEP][PASSED] - delay(2): Delayed 2 second(s)

22-10-2025T09:47:06 - [MESSAGE][PASSED] - Delayed 2 second(s)

22-10-2025T09:47:06 - [TEST_STEP][PASSED] - click(findTestObject("TripFocus/Orders/Create New Order/Add Products/Add Product_link")): Object: 'Object Repository/TripFocus/Orders/Create New Order/Add Products/Add Product_link' is clicked on

22-10-2025T09:47:06 - [MESSAGE][PASSED] - Object: 'Object Repository/TripFocus/Orders/Create New Order/Add Products/Add Product_link' is clicked on

22-10-2025T09:47:06 - [TEST_STEP][PASSED] - delay(2): Delayed 2 second(s)

22-10-2025T09:47:08 - [MESSAGE][PASSED] - Delayed 2 second(s)

22-10-2025T09:47:08 - [TEST_STEP][PASSED] - click(findTestObject("TripFocus/Sidebar Minimizer")): Object: 'Object Repository/TripFocus/Sidebar Minimizer' is clicked on

22-10-2025T09:47:08 - [MESSAGE][PASSED] - Object: 'Object Repository/TripFocus/Sidebar Minimizer' is clicked on

22-10-2025T09:47:08 - [TEST_STEP][PASSED] - delay(1): Delayed 1 second(s)

22-10-2025T09:47:09 - [MESSAGE][PASSED] - Delayed 1 second(s)

22-10-2025T09:47:09 - [TEST_STEP][PASSED] - click(findTestObject("TripFocus/Orders/Create New Order/Add Products/Delivery_Site_dropdown")): Object: 'Object Repository/TripFocus/Orders/Create New Order/Add Products/Delivery_Site_dropdown' is clicked on

22-10-2025T09:47:09 - [MESSAGE][PASSED] - Object: 'Object Repository/TripFocus/Orders/Create New Order/Add Products/Delivery_Site_dropdown' is clicked on

22-10-2025T09:47:09 - [TEST_STEP][PASSED] - delay(2): Delayed 2 second(s)

22-10-2025T09:47:11 - [MESSAGE][PASSED] - Delayed 2 second(s)

22-10-2025T09:47:11 - [TEST_STEP][PASSED] - sendKeys(findTestObject("TripFocus/Orders/Create New Order/Add Products/Delivery_Site_txt"), "Penske 0030-10"): Keys 'Penske 0030-10' sent to object: 'Object Repository/TripFocus/Orders/Create New Order/Add Products/Delivery_Site_txt'

22-10-2025T09:47:11 - [MESSAGE][PASSED] - Keys 'Penske 0030-10' sent to object: 'Object Repository/TripFocus/Orders/Create New Order/Add Products/Delivery_Site_txt'

22-10-2025T09:47:11 - [TEST_STEP][PASSED] - delay(2): Delayed 2 second(s)

22-10-2025T09:47:13 - [MESSAGE][PASSED] - Delayed 2 second(s)

22-10-2025T09:47:13 - [TEST_STEP][PASSED] - sendKeys(findTestObject("TripFocus/Orders/Create New Order/Add Products/Delivery_Site_txt"), Keys.chord(ENTER)): Keys 'ENTER + ' sent to object: 'Object Repository/TripFocus/Orders/Create New Order/Add Products/Delivery_Site_txt'

22-10-2025T09:47:13 - [MESSAGE][PASSED] - Keys 'ENTER + ' sent to object: 'Object Repository/TripFocus/Orders/Create New Order/Add Products/Delivery_Site_txt'

22-10-2025T09:47:13 - [TEST_STEP][PASSED] - delay(2): Delayed 2 second(s)

22-10-2025T09:47:15 - [MESSAGE][PASSED] - Delayed 2 second(s)

22-10-2025T09:47:15 - [TEST_STEP][PASSED] - click(findTestObject("TripFocus/Orders/Create New Order/Add Products/Shipper_dropdown")): Object: 'Object Repository/TripFocus/Orders/Create New Order/Add Products/Shipper_dropdown' is clicked on

22-10-2025T09:47:15 - [MESSAGE][PASSED] - Object: 'Object Repository/TripFocus/Orders/Create New Order/Add Products/Shipper_dropdown' is clicked on

22-10-2025T09:47:15 - [TEST_STEP][PASSED] - delay(2): Delayed 2 second(s)

22-10-2025T09:47:17 - [MESSAGE][PASSED] - Delayed 2 second(s)

22-10-2025T09:47:17 - [TEST_STEP][PASSED] - sendKeys(findTestObject("TripFocus/Orders/Create New Order/Add Products/Shipper_txt"), "Motiva"): Keys 'Motiva' sent to object: 'Object Repository/TripFocus/Orders/Create New Order/Add Products/Shipper_txt'

22-10-2025T09:47:17 - [MESSAGE][PASSED] - Keys 'Motiva' sent to object: 'Object Repository/TripFocus/Orders/Create New Order/Add Products/Shipper_txt'

22-10-2025T09:47:17 - [TEST_STEP][PASSED] - delay(2): Delayed 2 second(s)

22-10-2025T09:47:19 - [MESSAGE][PASSED] - Delayed 2 second(s)

22-10-2025T09:47:19 - [TEST_STEP][PASSED] - sendKeys(findTestObject("TripFocus/Orders/Create New Order/Add Products/Shipper_txt"), Keys.chord(ENTER)): Keys 'ENTER + ' sent to object: 'Object Repository/TripFocus/Orders/Create New Order/Add Products/Shipper_txt'

22-10-2025T09:47:19 - [MESSAGE][PASSED] - Keys 'ENTER + ' sent to object: 'Object Repository/TripFocus/Orders/Create New Order/Add Products/Shipper_txt'

22-10-2025T09:47:19 - [TEST_STEP][PASSED] - delay(2): Delayed 2 second(s)

22-10-2025T09:47:21 - [MESSAGE][PASSED] - Delayed 2 second(s)

22-10-2025T09:47:21 - [TEST_STEP][PASSED] - click(findTestObject("TripFocus/Orders/Create New Order/Add Products/Supplier_dropdown")): Object: 'Object Repository/TripFocus/Orders/Create New Order/Add Products/Supplier_dropdown' is clicked on

22-10-2025T09:47:22 - [MESSAGE][PASSED] - Object: 'Object Repository/TripFocus/Orders/Create New Order/Add Products/Supplier_dropdown' is clicked on

22-10-2025T09:47:22 - [TEST_STEP][PASSED] - delay(2): Delayed 2 second(s)

22-10-2025T09:47:24 - [MESSAGE][PASSED] - Delayed 2 second(s)

22-10-2025T09:47:24 - [TEST_STEP][PASSED] - sendKeys(findTestObject("TripFocus/Orders/Create New Order/Add Products/Supplier_txt"), "Motiva"): Keys 'Motiva' sent to object: 'Object Repository/TripFocus/Orders/Create New Order/Add Products/Supplier_txt'

22-10-2025T09:47:24 - [MESSAGE][PASSED] - Keys 'Motiva' sent to object: 'Object Repository/TripFocus/Orders/Create New Order/Add Products/Supplier_txt'

22-10-2025T09:47:24 - [TEST_STEP][PASSED] - delay(2): Delayed 2 second(s)

22-10-2025T09:47:26 - [MESSAGE][PASSED] - Delayed 2 second(s)

22-10-2025T09:47:26 - [TEST_STEP][PASSED] - sendKeys(findTestObject("TripFocus/Orders/Create New Order/Add Products/Supplier_txt"), Keys.chord(ENTER)): Keys 'ENTER + ' sent to object: 'Object Repository/TripFocus/Orders/Create New Order/Add Products/Supplier_txt'

22-10-2025T09:47:26 - [MESSAGE][PASSED] - Keys 'ENTER + ' sent to object: 'Object Repository/TripFocus/Orders/Create New Order/Add Products/Supplier_txt'

22-10-2025T09:47:26 - [TEST_STEP][PASSED] - delay(2): Delayed 2 second(s)

22-10-2025T09:47:28 - [MESSAGE][PASSED] - Delayed 2 second(s)

22-10-2025T09:47:28 - [TEST_STEP][PASSED] - click(findTestObject("TripFocus/Orders/Create New Order/Add Products/Account_Of_dropdown")): Object: 'Object Repository/TripFocus/Orders/Create New Order/Add Products/Account_Of_dropdown' is clicked on

22-10-2025T09:47:28 - [MESSAGE][PASSED] - Object: 'Object Repository/TripFocus/Orders/Create New Order/Add Products/Account_Of_dropdown' is clicked on

22-10-2025T09:47:28 - [TEST_STEP][PASSED] - delay(2): Delayed 2 second(s)

22-10-2025T09:47:30 - [MESSAGE][PASSED] - Delayed 2 second(s)

22-10-2025T09:47:30 - [TEST_STEP][PASSED] - sendKeys(findTestObject("TripFocus/Orders/Create New Order/Add Products/Account_Of_txt"), "Unknown"): Keys 'Unknown' sent to object: 'Object Repository/TripFocus/Orders/Create New Order/Add Products/Account_Of_txt'

22-10-2025T09:47:30 - [MESSAGE][PASSED] - Keys 'Unknown' sent to object: 'Object Repository/TripFocus/Orders/Create New Order/Add Products/Account_Of_txt'

22-10-2025T09:47:30 - [TEST_STEP][PASSED] - delay(2): Delayed 2 second(s)

22-10-2025T09:47:32 - [MESSAGE][PASSED] - Delayed 2 second(s)

22-10-2025T09:47:32 - [TEST_STEP][PASSED] - sendKeys(findTestObject("TripFocus/Orders/Create New Order/Add Products/Account_Of_txt"), Keys.chord(ENTER)): Keys 'ENTER + ' sent to object: 'Object Repository/TripFocus/Orders/Create New Order/Add Products/Account_Of_txt'

22-10-2025T09:47:32 - [MESSAGE][PASSED] - Keys 'ENTER + ' sent to object: 'Object Repository/TripFocus/Orders/Create New Order/Add Products/Account_Of_txt'

22-10-2025T09:47:32 - [TEST_STEP][PASSED] - delay(2): Delayed 2 second(s)

22-10-2025T09:47:34 - [MESSAGE][PASSED] - Delayed 2 second(s)

22-10-2025T09:47:34 - [TEST_STEP][PASSED] - sendKeys(findTestObject("TripFocus/Orders/Create New Order/Add Products/Commodity_txt"), "Gas"): Keys 'Gas' sent to object: 'Object Repository/TripFocus/Orders/Create New Order/Add Products/Commodity_txt'

22-10-2025T09:47:34 - [MESSAGE][PASSED] - Keys 'Gas' sent to object: 'Object Repository/TripFocus/Orders/Create New Order/Add Products/Commodity_txt'

22-10-2025T09:47:34 - [TEST_STEP][PASSED] - delay(2): Delayed 2 second(s)

22-10-2025T09:47:36 - [MESSAGE][PASSED] - Delayed 2 second(s)

22-10-2025T09:47:36 - [TEST_STEP][PASSED] - sendKeys(findTestObject("TripFocus/Orders/Create New Order/Add Products/Commodity_txt"), Keys.chord(ENTER)): Keys 'ENTER + ' sent to object: 'Object Repository/TripFocus/Orders/Create New Order/Add Products/Commodity_txt'

22-10-2025T09:47:36 - [MESSAGE][PASSED] - Keys 'ENTER + ' sent to object: 'Object Repository/TripFocus/Orders/Create New Order/Add Products/Commodity_txt'

22-10-2025T09:47:36 - [TEST_STEP][PASSED] - delay(2): Delayed 2 second(s)

22-10-2025T09:47:38 - [MESSAGE][PASSED] - Delayed 2 second(s)

22-10-2025T09:47:38 - [TEST_STEP][PASSED] - click(findTestObject("TripFocus/Orders/Create New Order/Add Products/Add_Product_btn (When Showing Advanced Options)")): Object: 'Object Repository/TripFocus/Orders/Create New Order/Add Products/Add_Product_btn (When Showing Advanced Options)' is clicked on

22-10-2025T09:47:38 - [MESSAGE][PASSED] - Object: 'Object Repository/TripFocus/Orders/Create New Order/Add Products/Add_Product_btn (When Showing Advanced Options)' is clicked on

22-10-2025T09:47:38 - [TEST_STEP][PASSED] - delay(1): Delayed 1 second(s)

22-10-2025T09:47:39 - [MESSAGE][PASSED] - Delayed 1 second(s)

22-10-2025T09:47:39 - [TEST_STEP][PASSED] - verifyTextPresent("You must add all required fields before being able to add a product, inlcuding Delivery Site, Commodity, and Quantity/Call For Quantity.", false): Text 'You must add all required fields before being able to add a product, inlcuding Delivery Site, Commodity, and Quantity/Call For Quantity.' is present on page 

22-10-2025T09:47:39 - [MESSAGE][PASSED] - Text 'You must add all required fields before being able to add a product, inlcuding Delivery Site, Commodity, and Quantity/Call For Quantity.' is present on page 

22-10-2025T09:47:39 - [TEST_STEP][PASSED] - Start listener action : retryOnDisconnect: null

22-10-2025T09:47:39 - [TEST_STEP][PASSED] - tcId = testCaseContext.getTestCaseId(): null

22-10-2025T09:47:39 - [TEST_STEP][PASSED] - currentRetry = retryCounts.getOrDefault(tcId, 0): null

22-10-2025T09:47:39 - [TEST_STEP][PASSED] - if (testCaseContext.getTestCaseStatus() == "FAILED" && currentRetry < MAX_RETRIES): null]]></system-out>
         <system-err><![CDATA[]]></system-err>
      </testcase>
      <testcase name="Test Cases/TripFocus/FDG/FDG - Orders/FDG - Changing Status of Created Order to Cancelled" time="76.867" classname="Test Cases/TripFocus/FDG/FDG - Orders/FDG - Changing Status of Created Order to Cancelled" status="PASSED">
         <system-out><![CDATA[22-10-2025T09:47:39 - [TEST_CASE][PASSED] - Test Cases/TripFocus/FDG/FDG - Orders/FDG - Changing Status of Created Order to Cancelled: Test Cases/TripFocus/FDG/FDG - Orders/FDG - Changing Status of Created Order to Cancelled

22-10-2025T09:47:39 - [TEST_STEP][PASSED] - Start listener action : beforeTestCase: null

22-10-2025T09:47:39 - [TEST_STEP][PASSED] - addDefaultPackages(): null

22-10-2025T09:47:40 - [TEST_STEP][PASSED] - openBrowser(""): Browser is opened with url: ''

22-10-2025T09:47:40 - [MESSAGE][WARNING] - A browser is already opened. Closing browser and opening a new one

22-10-2025T09:47:40 - [MESSAGE][INFO] - Starting 'Chrome' driver

22-10-2025T09:47:40 - [MESSAGE][INFO] - User set preference: ['args', '[--no-sandbox, --disable-gpu, --disable-dev-shm-usage]']

22-10-2025T09:47:40 - [MESSAGE][INFO] - Action delay is set to 0 milliseconds

22-10-2025T09:47:40 - [MESSAGE][PASSED] - Browser is opened with url: ''

22-10-2025T09:47:40 - [TEST_STEP][PASSED] - navigateToUrl(TFBaseURL): Navigate to 'https://www.qa.tripfocus.com' successfully

22-10-2025T09:47:41 - [MESSAGE][PASSED] - Navigate to 'https://www.qa.tripfocus.com' successfully

22-10-2025T09:47:41 - [TEST_STEP][PASSED] - click(findTestObject("Object Repository/TripFocus/Page_TripFocus/button_Sign in")): Object: 'Object Repository/TripFocus/Page_TripFocus/button_Sign in' is clicked on

22-10-2025T09:47:41 - [MESSAGE][PASSED] - Object: 'Object Repository/TripFocus/Page_TripFocus/button_Sign in' is clicked on

22-10-2025T09:47:41 - [TEST_STEP][PASSED] - setText(findTestObject("Object Repository/TripFocus/Page_TripFocus/input_Username (e.g. email address)_Username"), TripFocusPenskeFDGUsername): Text 'Ashford.Chenault+PenskeCustomerFDGONLY@thekag.com' is set on object 'Object Repository/TripFocus/Page_TripFocus/input_Username (e.g. email address)_Username'

22-10-2025T09:47:42 - [MESSAGE][PASSED] - Text 'Ashford.Chenault+PenskeCustomerFDGONLY@thekag.com' is set on object 'Object Repository/TripFocus/Page_TripFocus/input_Username (e.g. email address)_Username'

22-10-2025T09:47:42 - [TEST_STEP][PASSED] - setText(findTestObject("Object Repository/TripFocus/Page_TripFocus/input_Password_Password"), TripFocusFDGSPGPassword): Text 'CrashBan911!!' is set on object 'Object Repository/TripFocus/Page_TripFocus/input_Password_Password'

22-10-2025T09:47:42 - [MESSAGE][PASSED] - Text 'CrashBan911!!' is set on object 'Object Repository/TripFocus/Page_TripFocus/input_Password_Password'

22-10-2025T09:47:42 - [TEST_STEP][PASSED] - click(findTestObject("Object Repository/TripFocus/Page_TripFocus/button_Login")): Object: 'Object Repository/TripFocus/Page_TripFocus/button_Login' is clicked on

22-10-2025T09:47:42 - [MESSAGE][PASSED] - Object: 'Object Repository/TripFocus/Page_TripFocus/button_Login' is clicked on

22-10-2025T09:47:42 - [TEST_STEP][PASSED] - maximizeWindow(): Current window maximized

22-10-2025T09:47:42 - [MESSAGE][PASSED] - Current window maximized

22-10-2025T09:47:42 - [TEST_STEP][PASSED] - waitForElementVisible(findTestObject("TripFocus/Testing_Notification_btn"), 15, OPTIONAL): Web element with id: 'Object Repository/TripFocus/Testing_Notification_btn' located by '//*[@id="__BVID__10___BV_modal_footer_"]/button' not found

22-10-2025T09:47:58 - [MESSAGE][INFO] - Unable to find the element located by 'By.xpath: //*[@id="__BVID__10___BV_modal_footer_"]/button'. Please recheck the objects properties to make sure the desired element is located. 

22-10-2025T09:47:58 - [MESSAGE][WARNING] - [SELF-HEALING] Failed to find element with id 'Object Repository/TripFocus/Testing_Notification_btn'. Try using Self-healing.

22-10-2025T09:47:59 - [MESSAGE][INFO] - [SELF-HEALING] No working XPath is found.

22-10-2025T09:48:01 - [MESSAGE][INFO] - Unable to find the element located by 'By.xpath: '. Please recheck the objects properties to make sure the desired element is located. 

22-10-2025T09:48:01 - [MESSAGE][WARNING] - [SELF-HEALING] Cannot find elements when the selector is null

22-10-2025T09:48:01 - [MESSAGE][WARNING] - Web element with id: 'Object Repository/TripFocus/Testing_Notification_btn' located by '//*[@id="__BVID__10___BV_modal_footer_"]/button' not found

22-10-2025T09:48:01 - [TEST_STEP][PASSED] - if (verifyElementVisible(findTestObject("TripFocus/Testing_Notification_btn"), OPTIONAL) == true): Web element with id: 'Object Repository/TripFocus/Testing_Notification_btn' located by '//*[@id="__BVID__10___BV_modal_footer_"]/button' not found (Root cause: com.kms.katalon.core.exception.StepFailedException: Web element with id: 'Object Repository/TripFocus/Testing_Notification_btn' located by '//*[@id="__BVID__10___BV_modal_footer_"]/button' not found
	at com.kms.katalon.core.webui.keyword.internal.WebUIKeywordMain.stepFailed(WebUIKeywordMain.groovy:117)
	at com.kms.katalon.core.webui.keyword.builtin.VerifyElementVisibleKeyword$_verifyElementVisible_closure1.doCall(VerifyElementVisibleKeyword.groovy:89)
	at com.kms.katalon.core.webui.keyword.builtin.VerifyElementVisibleKeyword$_verifyElementVisible_closure1.call(VerifyElementVisibleKeyword.groovy)
	at com.kms.katalon.core.webui.keyword.internal.WebUIKeywordMain.runKeyword(WebUIKeywordMain.groovy:35)
	at com.kms.katalon.core.webui.keyword.builtin.VerifyElementVisibleKeyword.verifyElementVisible(VerifyElementVisibleKeyword.groovy:97)
	at com.kms.katalon.core.webui.keyword.builtin.VerifyElementVisibleKeyword.execute(VerifyElementVisibleKeyword.groovy:67)
	at com.kms.katalon.core.keyword.internal.KeywordExecutor.executeKeywordForPlatform(KeywordExecutor.groovy:74)
	at com.kms.katalon.core.webui.keyword.WebUiBuiltInKeywords.verifyElementVisible(WebUiBuiltInKeywords.groovy:401)
	at com.kms.katalon.core.webui.keyword.WebUiBuiltInKeywords$verifyElementVisible$5.call(Unknown Source)
	at FDG - Changing Status of Created Order to Cancelled.run(FDG - Changing Status of Created Order to Cancelled:38)
	at com.kms.katalon.core.main.ScriptEngine.run(ScriptEngine.java:194)
	at com.kms.katalon.core.main.ScriptEngine.runScriptAsRawText(ScriptEngine.java:119)
	at com.kms.katalon.core.main.TestCaseExecutor.runScript(TestCaseExecutor.java:448)
	at com.kms.katalon.core.main.TestCaseExecutor.doExecute(TestCaseExecutor.java:439)
	at com.kms.katalon.core.main.TestCaseExecutor.processExecutionPhase(TestCaseExecutor.java:418)
	at com.kms.katalon.core.main.TestCaseExecutor.accessMainPhase(TestCaseExecutor.java:410)
	at com.kms.katalon.core.main.TestCaseExecutor.execute(TestCaseExecutor.java:285)
	at com.kms.katalon.core.common.CommonExecutor.accessTestCaseMainPhase(CommonExecutor.java:65)
	at com.kms.katalon.core.main.TestSuiteExecutor.accessTestSuiteMainPhase(TestSuiteExecutor.java:150)
	at com.kms.katalon.core.main.TestSuiteExecutor.execute(TestSuiteExecutor.java:106)
	at com.kms.katalon.core.main.TestCaseMain.startTestSuite(TestCaseMain.java:180)
	at com.kms.katalon.core.main.TestCaseMain$startTestSuite$0.call(Unknown Source)
	at TempTestSuite1761139058037.run(TempTestSuite1761139058037.groovy:35)
	at java.base/jdk.internal.reflect.NativeMethodAccessorImpl.invoke0(Native Method)
	at java.base/jdk.internal.reflect.NativeMethodAccessorImpl.invoke(NativeMethodAccessorImpl.java:77)
	at java.base/jdk.internal.reflect.DelegatingMethodAccessorImpl.invoke(DelegatingMethodAccessorImpl.java:43)
)

22-10-2025T09:48:17 - [MESSAGE][INFO] - Unable to find the element located by 'By.xpath: //*[@id="__BVID__10___BV_modal_footer_"]/button'. Please recheck the objects properties to make sure the desired element is located. 

22-10-2025T09:48:17 - [MESSAGE][WARNING] - [SELF-HEALING] Failed to find element with id 'Object Repository/TripFocus/Testing_Notification_btn'. Try using Self-healing.

22-10-2025T09:48:18 - [MESSAGE][INFO] - [SELF-HEALING] No working XPath is found.

22-10-2025T09:48:20 - [MESSAGE][INFO] - Unable to find the element located by 'By.xpath: '. Please recheck the objects properties to make sure the desired element is located. 

22-10-2025T09:48:20 - [MESSAGE][WARNING] - [SELF-HEALING] Cannot find elements when the selector is null

22-10-2025T09:48:20 - [MESSAGE][WARNING] - Web element with id: 'Object Repository/TripFocus/Testing_Notification_btn' located by '//*[@id="__BVID__10___BV_modal_footer_"]/button' not found (Root cause: com.kms.katalon.core.exception.StepFailedException: Web element with id: 'Object Repository/TripFocus/Testing_Notification_btn' located by '//*[@id="__BVID__10___BV_modal_footer_"]/button' not found
	at com.kms.katalon.core.webui.keyword.internal.WebUIKeywordMain.stepFailed(WebUIKeywordMain.groovy:117)
	at com.kms.katalon.core.webui.keyword.builtin.VerifyElementVisibleKeyword$_verifyElementVisible_closure1.doCall(VerifyElementVisibleKeyword.groovy:89)
	at com.kms.katalon.core.webui.keyword.builtin.VerifyElementVisibleKeyword$_verifyElementVisible_closure1.call(VerifyElementVisibleKeyword.groovy)
	at com.kms.katalon.core.webui.keyword.internal.WebUIKeywordMain.runKeyword(WebUIKeywordMain.groovy:35)
	at com.kms.katalon.core.webui.keyword.builtin.VerifyElementVisibleKeyword.verifyElementVisible(VerifyElementVisibleKeyword.groovy:97)
	at com.kms.katalon.core.webui.keyword.builtin.VerifyElementVisibleKeyword.execute(VerifyElementVisibleKeyword.groovy:67)
	at com.kms.katalon.core.keyword.internal.KeywordExecutor.executeKeywordForPlatform(KeywordExecutor.groovy:74)
	at com.kms.katalon.core.webui.keyword.WebUiBuiltInKeywords.verifyElementVisible(WebUiBuiltInKeywords.groovy:401)
	at com.kms.katalon.core.webui.keyword.WebUiBuiltInKeywords$verifyElementVisible$5.call(Unknown Source)
	at FDG - Changing Status of Created Order to Cancelled.run(FDG - Changing Status of Created Order to Cancelled:38)
	at com.kms.katalon.core.main.ScriptEngine.run(ScriptEngine.java:194)
	at com.kms.katalon.core.main.ScriptEngine.runScriptAsRawText(ScriptEngine.java:119)
	at com.kms.katalon.core.main.TestCaseExecutor.runScript(TestCaseExecutor.java:448)
	at com.kms.katalon.core.main.TestCaseExecutor.doExecute(TestCaseExecutor.java:439)
	at com.kms.katalon.core.main.TestCaseExecutor.processExecutionPhase(TestCaseExecutor.java:418)
	at com.kms.katalon.core.main.TestCaseExecutor.accessMainPhase(TestCaseExecutor.java:410)
	at com.kms.katalon.core.main.TestCaseExecutor.execute(TestCaseExecutor.java:285)
	at com.kms.katalon.core.common.CommonExecutor.accessTestCaseMainPhase(CommonExecutor.java:65)
	at com.kms.katalon.core.main.TestSuiteExecutor.accessTestSuiteMainPhase(TestSuiteExecutor.java:150)
	at com.kms.katalon.core.main.TestSuiteExecutor.execute(TestSuiteExecutor.java:106)
	at com.kms.katalon.core.main.TestCaseMain.startTestSuite(TestCaseMain.java:180)
	at com.kms.katalon.core.main.TestCaseMain$startTestSuite$0.call(Unknown Source)
	at TempTestSuite1761139058037.run(TempTestSuite1761139058037.groovy:35)
	at java.base/jdk.internal.reflect.NativeMethodAccessorImpl.invoke0(Native Method)
	at java.base/jdk.internal.reflect.NativeMethodAccessorImpl.invoke(NativeMethodAccessorImpl.java:77)
	at java.base/jdk.internal.reflect.DelegatingMethodAccessorImpl.invoke(DelegatingMethodAccessorImpl.java:43)
)

22-10-2025T09:48:20 - [TEST_STEP][PASSED] - click(findTestObject("TripFocus/Orders/Orders_tab")): Object: 'Object Repository/TripFocus/Orders/Orders_tab' is clicked on

22-10-2025T09:48:21 - [MESSAGE][PASSED] - Object: 'Object Repository/TripFocus/Orders/Orders_tab' is clicked on

22-10-2025T09:48:21 - [TEST_STEP][PASSED] - delay(15): Delayed 15 second(s)

22-10-2025T09:48:36 - [MESSAGE][PASSED] - Delayed 15 second(s)

22-10-2025T09:48:36 - [TEST_STEP][PASSED] - click(findTestObject("TripFocus/Orders/Order_Expand_btn")): Object: 'Object Repository/TripFocus/Orders/Order_Expand_btn' is clicked on

22-10-2025T09:48:36 - [MESSAGE][PASSED] - Object: 'Object Repository/TripFocus/Orders/Order_Expand_btn' is clicked on

22-10-2025T09:48:36 - [TEST_STEP][PASSED] - delay(1): Delayed 1 second(s)

22-10-2025T09:48:37 - [MESSAGE][PASSED] - Delayed 1 second(s)

22-10-2025T09:48:37 - [TEST_STEP][PASSED] - if (verifyElementVisible(findTestObject("TripFocus/Orders/Cancel_Order_btn"), OPTIONAL) == true): Web element with id: 'Object Repository/TripFocus/Orders/Cancel_Order_btn' located by '/html/body/div/div[2]/div/main/div/div[2]/section/div[5]/div/div/div[3]/div[1]/div[2]/div/div[2]/div[4]/div[1]/button' not found (Root cause: com.kms.katalon.core.exception.StepFailedException: Web element with id: 'Object Repository/TripFocus/Orders/Cancel_Order_btn' located by '/html/body/div/div[2]/div/main/div/div[2]/section/div[5]/div/div/div[3]/div[1]/div[2]/div/div[2]/div[4]/div[1]/button' not found
	at com.kms.katalon.core.webui.keyword.internal.WebUIKeywordMain.stepFailed(WebUIKeywordMain.groovy:117)
	at com.kms.katalon.core.webui.keyword.builtin.VerifyElementVisibleKeyword$_verifyElementVisible_closure1.doCall(VerifyElementVisibleKeyword.groovy:89)
	at com.kms.katalon.core.webui.keyword.builtin.VerifyElementVisibleKeyword$_verifyElementVisible_closure1.call(VerifyElementVisibleKeyword.groovy)
	at com.kms.katalon.core.webui.keyword.internal.WebUIKeywordMain.runKeyword(WebUIKeywordMain.groovy:35)
	at com.kms.katalon.core.webui.keyword.builtin.VerifyElementVisibleKeyword.verifyElementVisible(VerifyElementVisibleKeyword.groovy:97)
	at com.kms.katalon.core.webui.keyword.builtin.VerifyElementVisibleKeyword.execute(VerifyElementVisibleKeyword.groovy:67)
	at com.kms.katalon.core.keyword.internal.KeywordExecutor.executeKeywordForPlatform(KeywordExecutor.groovy:74)
	at com.kms.katalon.core.webui.keyword.WebUiBuiltInKeywords.verifyElementVisible(WebUiBuiltInKeywords.groovy:401)
	at com.kms.katalon.core.webui.keyword.WebUiBuiltInKeywords$verifyElementVisible$5.call(Unknown Source)
	at FDG - Changing Status of Created Order to Cancelled.run(FDG - Changing Status of Created Order to Cancelled:68)
	at com.kms.katalon.core.main.ScriptEngine.run(ScriptEngine.java:194)
	at com.kms.katalon.core.main.ScriptEngine.runScriptAsRawText(ScriptEngine.java:119)
	at com.kms.katalon.core.main.TestCaseExecutor.runScript(TestCaseExecutor.java:448)
	at com.kms.katalon.core.main.TestCaseExecutor.doExecute(TestCaseExecutor.java:439)
	at com.kms.katalon.core.main.TestCaseExecutor.processExecutionPhase(TestCaseExecutor.java:418)
	at com.kms.katalon.core.main.TestCaseExecutor.accessMainPhase(TestCaseExecutor.java:410)
	at com.kms.katalon.core.main.TestCaseExecutor.execute(TestCaseExecutor.java:285)
	at com.kms.katalon.core.common.CommonExecutor.accessTestCaseMainPhase(CommonExecutor.java:65)
	at com.kms.katalon.core.main.TestSuiteExecutor.accessTestSuiteMainPhase(TestSuiteExecutor.java:150)
	at com.kms.katalon.core.main.TestSuiteExecutor.execute(TestSuiteExecutor.java:106)
	at com.kms.katalon.core.main.TestCaseMain.startTestSuite(TestCaseMain.java:180)
	at com.kms.katalon.core.main.TestCaseMain$startTestSuite$0.call(Unknown Source)
	at TempTestSuite1761139058037.run(TempTestSuite1761139058037.groovy:35)
	at java.base/jdk.internal.reflect.NativeMethodAccessorImpl.invoke0(Native Method)
	at java.base/jdk.internal.reflect.NativeMethodAccessorImpl.invoke(NativeMethodAccessorImpl.java:77)
	at java.base/jdk.internal.reflect.DelegatingMethodAccessorImpl.invoke(DelegatingMethodAccessorImpl.java:43)
)

22-10-2025T09:48:53 - [MESSAGE][INFO] - Unable to find the element located by 'By.xpath: /html/body/div/div[2]/div/main/div/div[2]/section/div[5]/div/div/div[3]/div[1]/div[2]/div/div[2]/div[4]/div[1]/button'. Please recheck the objects properties to make sure the desired element is located. 

22-10-2025T09:48:53 - [MESSAGE][WARNING] - [SELF-HEALING] Failed to find element with id 'Object Repository/TripFocus/Orders/Cancel_Order_btn'. Try using Self-healing.

22-10-2025T09:48:54 - [MESSAGE][INFO] - [SELF-HEALING] No working XPath is found.

22-10-2025T09:48:56 - [MESSAGE][INFO] - Unable to find the element located by 'By.xpath: '. Please recheck the objects properties to make sure the desired element is located. 

22-10-2025T09:48:56 - [MESSAGE][WARNING] - [SELF-HEALING] Cannot find elements when the selector is null

22-10-2025T09:48:56 - [MESSAGE][WARNING] - Web element with id: 'Object Repository/TripFocus/Orders/Cancel_Order_btn' located by '/html/body/div/div[2]/div/main/div/div[2]/section/div[5]/div/div/div[3]/div[1]/div[2]/div/div[2]/div[4]/div[1]/button' not found (Root cause: com.kms.katalon.core.exception.StepFailedException: Web element with id: 'Object Repository/TripFocus/Orders/Cancel_Order_btn' located by '/html/body/div/div[2]/div/main/div/div[2]/section/div[5]/div/div/div[3]/div[1]/div[2]/div/div[2]/div[4]/div[1]/button' not found
	at com.kms.katalon.core.webui.keyword.internal.WebUIKeywordMain.stepFailed(WebUIKeywordMain.groovy:117)
	at com.kms.katalon.core.webui.keyword.builtin.VerifyElementVisibleKeyword$_verifyElementVisible_closure1.doCall(VerifyElementVisibleKeyword.groovy:89)
	at com.kms.katalon.core.webui.keyword.builtin.VerifyElementVisibleKeyword$_verifyElementVisible_closure1.call(VerifyElementVisibleKeyword.groovy)
	at com.kms.katalon.core.webui.keyword.internal.WebUIKeywordMain.runKeyword(WebUIKeywordMain.groovy:35)
	at com.kms.katalon.core.webui.keyword.builtin.VerifyElementVisibleKeyword.verifyElementVisible(VerifyElementVisibleKeyword.groovy:97)
	at com.kms.katalon.core.webui.keyword.builtin.VerifyElementVisibleKeyword.execute(VerifyElementVisibleKeyword.groovy:67)
	at com.kms.katalon.core.keyword.internal.KeywordExecutor.executeKeywordForPlatform(KeywordExecutor.groovy:74)
	at com.kms.katalon.core.webui.keyword.WebUiBuiltInKeywords.verifyElementVisible(WebUiBuiltInKeywords.groovy:401)
	at com.kms.katalon.core.webui.keyword.WebUiBuiltInKeywords$verifyElementVisible$5.call(Unknown Source)
	at FDG - Changing Status of Created Order to Cancelled.run(FDG - Changing Status of Created Order to Cancelled:68)
	at com.kms.katalon.core.main.ScriptEngine.run(ScriptEngine.java:194)
	at com.kms.katalon.core.main.ScriptEngine.runScriptAsRawText(ScriptEngine.java:119)
	at com.kms.katalon.core.main.TestCaseExecutor.runScript(TestCaseExecutor.java:448)
	at com.kms.katalon.core.main.TestCaseExecutor.doExecute(TestCaseExecutor.java:439)
	at com.kms.katalon.core.main.TestCaseExecutor.processExecutionPhase(TestCaseExecutor.java:418)
	at com.kms.katalon.core.main.TestCaseExecutor.accessMainPhase(TestCaseExecutor.java:410)
	at com.kms.katalon.core.main.TestCaseExecutor.execute(TestCaseExecutor.java:285)
	at com.kms.katalon.core.common.CommonExecutor.accessTestCaseMainPhase(CommonExecutor.java:65)
	at com.kms.katalon.core.main.TestSuiteExecutor.accessTestSuiteMainPhase(TestSuiteExecutor.java:150)
	at com.kms.katalon.core.main.TestSuiteExecutor.execute(TestSuiteExecutor.java:106)
	at com.kms.katalon.core.main.TestCaseMain.startTestSuite(TestCaseMain.java:180)
	at com.kms.katalon.core.main.TestCaseMain$startTestSuite$0.call(Unknown Source)
	at TempTestSuite1761139058037.run(TempTestSuite1761139058037.groovy:35)
	at java.base/jdk.internal.reflect.NativeMethodAccessorImpl.invoke0(Native Method)
	at java.base/jdk.internal.reflect.NativeMethodAccessorImpl.invoke(NativeMethodAccessorImpl.java:77)
	at java.base/jdk.internal.reflect.DelegatingMethodAccessorImpl.invoke(DelegatingMethodAccessorImpl.java:43)
)

22-10-2025T09:48:56 - [TEST_STEP][PASSED] - else: Browser is closed

22-10-2025T09:48:56 - [TEST_STEP][PASSED] - closeBrowser(): Browser is closed

22-10-2025T09:48:56 - [MESSAGE][PASSED] - Browser is closed

22-10-2025T09:48:56 - [TEST_STEP][PASSED] - Start listener action : retryOnDisconnect: null

22-10-2025T09:48:56 - [TEST_STEP][PASSED] - tcId = testCaseContext.getTestCaseId(): null

22-10-2025T09:48:56 - [TEST_STEP][PASSED] - currentRetry = retryCounts.getOrDefault(tcId, 0): null

22-10-2025T09:48:56 - [TEST_STEP][PASSED] - if (testCaseContext.getTestCaseStatus() == "FAILED" && currentRetry < MAX_RETRIES): null]]></system-out>
         <system-err><![CDATA[]]></system-err>
      </testcase>
      <testcase name="Test Cases/TripFocus/FDG/FDG - Orders/FDG - Clearing Filter Data" time="75.252" classname="Test Cases/TripFocus/FDG/FDG - Orders/FDG - Clearing Filter Data" status="FAILED">
         <failure type="FAILED" message="Test Cases/TripFocus/FDG/FDG - Orders/FDG - Clearing Filter Data FAILED.&#xa;Reason:&#xa;com.kms.katalon.core.exception.StepFailedException: Unable to verify object 'Object Repository/TripFocus/Orders/Advanced Filters/Clear Filters_btn' is present&#xa;	at com.kms.katalon.core.webui.keyword.internal.WebUIKeywordMain.stepFailed(WebUIKeywordMain.groovy:117)&#xa;	at com.kms.katalon.core.webui.keyword.internal.WebUIKeywordMain.runKeyword(WebUIKeywordMain.groovy:43)&#xa;	at com.kms.katalon.core.webui.keyword.builtin.VerifyElementPresentKeyword.verifyElementPresent(VerifyElementPresentKeyword.groovy:92)&#xa;	at com.kms.katalon.core.webui.keyword.builtin.VerifyElementPresentKeyword.execute(VerifyElementPresentKeyword.groovy:68)&#xa;	at com.kms.katalon.core.keyword.internal.KeywordExecutor.executeKeywordForPlatform(KeywordExecutor.groovy:74)&#xa;	at com.kms.katalon.core.webui.keyword.WebUiBuiltInKeywords.verifyElementPresent(WebUiBuiltInKeywords.groovy:1503)&#xa;	at com.kms.katalon.core.webui.keyword.WebUiBuiltInKeywords$verifyElementPresent$15.call(Unknown Source)&#xa;	at FDG - Clearing Filter Data.run(FDG - Clearing Filter Data:59)&#xa;	at com.kms.katalon.core.main.ScriptEngine.run(ScriptEngine.java:194)&#xa;	at com.kms.katalon.core.main.ScriptEngine.runScriptAsRawText(ScriptEngine.java:119)&#xa;	at com.kms.katalon.core.main.TestCaseExecutor.runScript(TestCaseExecutor.java:448)&#xa;	at com.kms.katalon.core.main.TestCaseExecutor.doExecute(TestCaseExecutor.java:439)&#xa;	at com.kms.katalon.core.main.TestCaseExecutor.processExecutionPhase(TestCaseExecutor.java:418)&#xa;	at com.kms.katalon.core.main.TestCaseExecutor.accessMainPhase(TestCaseExecutor.java:410)&#xa;	at com.kms.katalon.core.main.TestCaseExecutor.execute(TestCaseExecutor.java:285)&#xa;	at com.kms.katalon.core.common.CommonExecutor.accessTestCaseMainPhase(CommonExecutor.java:65)&#xa;	at com.kms.katalon.core.main.TestSuiteExecutor.accessTestSuiteMainPhase(TestSuiteExecutor.java:150)&#xa;	at com.kms.katalon.core.main.TestSuiteExecutor.execute(TestSuiteExecutor.java:106)&#xa;	at com.kms.katalon.core.main.TestCaseMain.startTestSuite(TestCaseMain.java:180)&#xa;	at com.kms.katalon.core.main.TestCaseMain$startTestSuite$0.call(Unknown Source)&#xa;	at TempTestSuite1761139058037.run(TempTestSuite1761139058037.groovy:35)&#xa;	at java.base/jdk.internal.reflect.NativeMethodAccessorImpl.invoke0(Native Method)&#xa;	at java.base/jdk.internal.reflect.NativeMethodAccessorImpl.invoke(NativeMethodAccessorImpl.java:77)&#xa;	at java.base/jdk.internal.reflect.DelegatingMethodAccessorImpl.invoke(DelegatingMethodAccessorImpl.java:43)&#xa;Caused by: com.kms.katalon.core.exception.StepFailedException: com.kms.katalon.core.webui.exception.WebElementNotFoundException: Web element with id: 'Object Repository/TripFocus/Orders/Advanced Filters/Clear Filters_btn' located by '/html/body/div/div[2]/div/main/div/div[2]/div/div[2]/div/div/div[4]/div/button[2]' not found&#xa;	at com.kms.katalon.core.webui.keyword.internal.WebUIKeywordMain.stepFailed(WebUIKeywordMain.groovy:117)&#xa;	at com.kms.katalon.core.webui.keyword.builtin.VerifyElementPresentKeyword$_verifyElementPresent_closure1.doCall(VerifyElementPresentKeyword.groovy:85)&#xa;	at com.kms.katalon.core.webui.keyword.builtin.VerifyElementPresentKeyword$_verifyElementPresent_closure1.call(VerifyElementPresentKeyword.groovy)&#xa;	at com.kms.katalon.core.webui.keyword.internal.WebUIKeywordMain.runKeyword(WebUIKeywordMain.groovy:35)&#xa;	... 22 more&#xa;"/>
         <system-out><![CDATA[22-10-2025T09:48:56 - [TEST_CASE][FAILED] - Test Cases/TripFocus/FDG/FDG - Orders/FDG - Clearing Filter Data: Test Cases/TripFocus/FDG/FDG - Orders/FDG - Clearing Filter Data FAILED.
Reason:
com.kms.katalon.core.exception.StepFailedException: Unable to verify object 'Object Repository/TripFocus/Orders/Advanced Filters/Clear Filters_btn' is present
	at com.kms.katalon.core.webui.keyword.internal.WebUIKeywordMain.stepFailed(WebUIKeywordMain.groovy:117)
	at com.kms.katalon.core.webui.keyword.internal.WebUIKeywordMain.runKeyword(WebUIKeywordMain.groovy:43)
	at com.kms.katalon.core.webui.keyword.builtin.VerifyElementPresentKeyword.verifyElementPresent(VerifyElementPresentKeyword.groovy:92)
	at com.kms.katalon.core.webui.keyword.builtin.VerifyElementPresentKeyword.execute(VerifyElementPresentKeyword.groovy:68)
	at com.kms.katalon.core.keyword.internal.KeywordExecutor.executeKeywordForPlatform(KeywordExecutor.groovy:74)
	at com.kms.katalon.core.webui.keyword.WebUiBuiltInKeywords.verifyElementPresent(WebUiBuiltInKeywords.groovy:1503)
	at com.kms.katalon.core.webui.keyword.WebUiBuiltInKeywords$verifyElementPresent$15.call(Unknown Source)
	at FDG - Clearing Filter Data.run(FDG - Clearing Filter Data:59)
	at com.kms.katalon.core.main.ScriptEngine.run(ScriptEngine.java:194)
	at com.kms.katalon.core.main.ScriptEngine.runScriptAsRawText(ScriptEngine.java:119)
	at com.kms.katalon.core.main.TestCaseExecutor.runScript(TestCaseExecutor.java:448)
	at com.kms.katalon.core.main.TestCaseExecutor.doExecute(TestCaseExecutor.java:439)
	at com.kms.katalon.core.main.TestCaseExecutor.processExecutionPhase(TestCaseExecutor.java:418)
	at com.kms.katalon.core.main.TestCaseExecutor.accessMainPhase(TestCaseExecutor.java:410)
	at com.kms.katalon.core.main.TestCaseExecutor.execute(TestCaseExecutor.java:285)
	at com.kms.katalon.core.common.CommonExecutor.accessTestCaseMainPhase(CommonExecutor.java:65)
	at com.kms.katalon.core.main.TestSuiteExecutor.accessTestSuiteMainPhase(TestSuiteExecutor.java:150)
	at com.kms.katalon.core.main.TestSuiteExecutor.execute(TestSuiteExecutor.java:106)
	at com.kms.katalon.core.main.TestCaseMain.startTestSuite(TestCaseMain.java:180)
	at com.kms.katalon.core.main.TestCaseMain$startTestSuite$0.call(Unknown Source)
	at TempTestSuite1761139058037.run(TempTestSuite1761139058037.groovy:35)
	at java.base/jdk.internal.reflect.NativeMethodAccessorImpl.invoke0(Native Method)
	at java.base/jdk.internal.reflect.NativeMethodAccessorImpl.invoke(NativeMethodAccessorImpl.java:77)
	at java.base/jdk.internal.reflect.DelegatingMethodAccessorImpl.invoke(DelegatingMethodAccessorImpl.java:43)
Caused by: com.kms.katalon.core.exception.StepFailedException: com.kms.katalon.core.webui.exception.WebElementNotFoundException: Web element with id: 'Object Repository/TripFocus/Orders/Advanced Filters/Clear Filters_btn' located by '/html/body/div/div[2]/div/main/div/div[2]/div/div[2]/div/div/div[4]/div/button[2]' not found
	at com.kms.katalon.core.webui.keyword.internal.WebUIKeywordMain.stepFailed(WebUIKeywordMain.groovy:117)
	at com.kms.katalon.core.webui.keyword.builtin.VerifyElementPresentKeyword$_verifyElementPresent_closure1.doCall(VerifyElementPresentKeyword.groovy:85)
	at com.kms.katalon.core.webui.keyword.builtin.VerifyElementPresentKeyword$_verifyElementPresent_closure1.call(VerifyElementPresentKeyword.groovy)
	at com.kms.katalon.core.webui.keyword.internal.WebUIKeywordMain.runKeyword(WebUIKeywordMain.groovy:35)
	... 22 more


22-10-2025T09:48:56 - [TEST_STEP][PASSED] - Start listener action : beforeTestCase: null

22-10-2025T09:48:56 - [TEST_STEP][PASSED] - addDefaultPackages(): null

22-10-2025T09:48:56 - [TEST_STEP][PASSED] - openBrowser(""): Browser is opened with url: ''

22-10-2025T09:48:56 - [MESSAGE][INFO] - Starting 'Chrome' driver

22-10-2025T09:48:56 - [MESSAGE][INFO] - User set preference: ['args', '[--no-sandbox, --disable-gpu, --disable-dev-shm-usage]']

22-10-2025T09:48:56 - [MESSAGE][INFO] - Action delay is set to 0 milliseconds

22-10-2025T09:48:58 - [MESSAGE][PASSED] - Browser is opened with url: ''

22-10-2025T09:48:58 - [TEST_STEP][PASSED] - navigateToUrl(TFBaseURL): Navigate to 'https://www.qa.tripfocus.com' successfully

22-10-2025T09:48:58 - [MESSAGE][PASSED] - Navigate to 'https://www.qa.tripfocus.com' successfully

22-10-2025T09:48:58 - [TEST_STEP][PASSED] - click(findTestObject("Object Repository/TripFocus/Page_TripFocus/button_Sign in")): Object: 'Object Repository/TripFocus/Page_TripFocus/button_Sign in' is clicked on

22-10-2025T09:48:58 - [MESSAGE][PASSED] - Object: 'Object Repository/TripFocus/Page_TripFocus/button_Sign in' is clicked on

22-10-2025T09:48:58 - [TEST_STEP][PASSED] - setText(findTestObject("Object Repository/TripFocus/Page_TripFocus/input_Username (e.g. email address)_Username"), TripFocusPenskeFDGUsername): Text 'Ashford.Chenault+PenskeCustomerFDGONLY@thekag.com' is set on object 'Object Repository/TripFocus/Page_TripFocus/input_Username (e.g. email address)_Username'

22-10-2025T09:48:59 - [MESSAGE][PASSED] - Text 'Ashford.Chenault+PenskeCustomerFDGONLY@thekag.com' is set on object 'Object Repository/TripFocus/Page_TripFocus/input_Username (e.g. email address)_Username'

22-10-2025T09:48:59 - [TEST_STEP][PASSED] - setText(findTestObject("Object Repository/TripFocus/Page_TripFocus/input_Password_Password"), TripFocusFDGSPGPassword): Text 'CrashBan911!!' is set on object 'Object Repository/TripFocus/Page_TripFocus/input_Password_Password'

22-10-2025T09:48:59 - [MESSAGE][PASSED] - Text 'CrashBan911!!' is set on object 'Object Repository/TripFocus/Page_TripFocus/input_Password_Password'

22-10-2025T09:48:59 - [TEST_STEP][PASSED] - click(findTestObject("Object Repository/TripFocus/Page_TripFocus/button_Login")): Object: 'Object Repository/TripFocus/Page_TripFocus/button_Login' is clicked on

22-10-2025T09:48:59 - [MESSAGE][PASSED] - Object: 'Object Repository/TripFocus/Page_TripFocus/button_Login' is clicked on

22-10-2025T09:48:59 - [TEST_STEP][PASSED] - maximizeWindow(): Current window maximized

22-10-2025T09:49:00 - [MESSAGE][PASSED] - Current window maximized

22-10-2025T09:49:00 - [TEST_STEP][PASSED] - waitForElementVisible(findTestObject("TripFocus/Testing_Notification_btn"), 15, OPTIONAL): Web element with id: 'Object Repository/TripFocus/Testing_Notification_btn' located by '//*[@id="__BVID__10___BV_modal_footer_"]/button' not found

22-10-2025T09:49:16 - [MESSAGE][INFO] - Unable to find the element located by 'By.xpath: //*[@id="__BVID__10___BV_modal_footer_"]/button'. Please recheck the objects properties to make sure the desired element is located. 

22-10-2025T09:49:16 - [MESSAGE][WARNING] - [SELF-HEALING] Failed to find element with id 'Object Repository/TripFocus/Testing_Notification_btn'. Try using Self-healing.

22-10-2025T09:49:17 - [MESSAGE][INFO] - [SELF-HEALING] No working XPath is found.

22-10-2025T09:49:19 - [MESSAGE][INFO] - Unable to find the element located by 'By.xpath: '. Please recheck the objects properties to make sure the desired element is located. 

22-10-2025T09:49:19 - [MESSAGE][WARNING] - [SELF-HEALING] Cannot find elements when the selector is null

22-10-2025T09:49:19 - [MESSAGE][WARNING] - Web element with id: 'Object Repository/TripFocus/Testing_Notification_btn' located by '//*[@id="__BVID__10___BV_modal_footer_"]/button' not found

22-10-2025T09:49:19 - [TEST_STEP][PASSED] - if (verifyElementVisible(findTestObject("TripFocus/Testing_Notification_btn"), OPTIONAL) == true): Web element with id: 'Object Repository/TripFocus/Testing_Notification_btn' located by '//*[@id="__BVID__10___BV_modal_footer_"]/button' not found (Root cause: com.kms.katalon.core.exception.StepFailedException: Web element with id: 'Object Repository/TripFocus/Testing_Notification_btn' located by '//*[@id="__BVID__10___BV_modal_footer_"]/button' not found
	at com.kms.katalon.core.webui.keyword.internal.WebUIKeywordMain.stepFailed(WebUIKeywordMain.groovy:117)
	at com.kms.katalon.core.webui.keyword.builtin.VerifyElementVisibleKeyword$_verifyElementVisible_closure1.doCall(VerifyElementVisibleKeyword.groovy:89)
	at com.kms.katalon.core.webui.keyword.builtin.VerifyElementVisibleKeyword$_verifyElementVisible_closure1.call(VerifyElementVisibleKeyword.groovy)
	at com.kms.katalon.core.webui.keyword.internal.WebUIKeywordMain.runKeyword(WebUIKeywordMain.groovy:35)
	at com.kms.katalon.core.webui.keyword.builtin.VerifyElementVisibleKeyword.verifyElementVisible(VerifyElementVisibleKeyword.groovy:97)
	at com.kms.katalon.core.webui.keyword.builtin.VerifyElementVisibleKeyword.execute(VerifyElementVisibleKeyword.groovy:67)
	at com.kms.katalon.core.keyword.internal.KeywordExecutor.executeKeywordForPlatform(KeywordExecutor.groovy:74)
	at com.kms.katalon.core.webui.keyword.WebUiBuiltInKeywords.verifyElementVisible(WebUiBuiltInKeywords.groovy:401)
	at com.kms.katalon.core.webui.keyword.WebUiBuiltInKeywords$verifyElementVisible$5.call(Unknown Source)
	at FDG - Clearing Filter Data.run(FDG - Clearing Filter Data:38)
	at com.kms.katalon.core.main.ScriptEngine.run(ScriptEngine.java:194)
	at com.kms.katalon.core.main.ScriptEngine.runScriptAsRawText(ScriptEngine.java:119)
	at com.kms.katalon.core.main.TestCaseExecutor.runScript(TestCaseExecutor.java:448)
	at com.kms.katalon.core.main.TestCaseExecutor.doExecute(TestCaseExecutor.java:439)
	at com.kms.katalon.core.main.TestCaseExecutor.processExecutionPhase(TestCaseExecutor.java:418)
	at com.kms.katalon.core.main.TestCaseExecutor.accessMainPhase(TestCaseExecutor.java:410)
	at com.kms.katalon.core.main.TestCaseExecutor.execute(TestCaseExecutor.java:285)
	at com.kms.katalon.core.common.CommonExecutor.accessTestCaseMainPhase(CommonExecutor.java:65)
	at com.kms.katalon.core.main.TestSuiteExecutor.accessTestSuiteMainPhase(TestSuiteExecutor.java:150)
	at com.kms.katalon.core.main.TestSuiteExecutor.execute(TestSuiteExecutor.java:106)
	at com.kms.katalon.core.main.TestCaseMain.startTestSuite(TestCaseMain.java:180)
	at com.kms.katalon.core.main.TestCaseMain$startTestSuite$0.call(Unknown Source)
	at TempTestSuite1761139058037.run(TempTestSuite1761139058037.groovy:35)
	at java.base/jdk.internal.reflect.NativeMethodAccessorImpl.invoke0(Native Method)
	at java.base/jdk.internal.reflect.NativeMethodAccessorImpl.invoke(NativeMethodAccessorImpl.java:77)
	at java.base/jdk.internal.reflect.DelegatingMethodAccessorImpl.invoke(DelegatingMethodAccessorImpl.java:43)
)

22-10-2025T09:49:35 - [MESSAGE][INFO] - Unable to find the element located by 'By.xpath: //*[@id="__BVID__10___BV_modal_footer_"]/button'. Please recheck the objects properties to make sure the desired element is located. 

22-10-2025T09:49:35 - [MESSAGE][WARNING] - [SELF-HEALING] Failed to find element with id 'Object Repository/TripFocus/Testing_Notification_btn'. Try using Self-healing.

22-10-2025T09:49:36 - [MESSAGE][INFO] - [SELF-HEALING] No working XPath is found.

22-10-2025T09:49:38 - [MESSAGE][INFO] - Unable to find the element located by 'By.xpath: '. Please recheck the objects properties to make sure the desired element is located. 

22-10-2025T09:49:38 - [MESSAGE][WARNING] - [SELF-HEALING] Cannot find elements when the selector is null

22-10-2025T09:49:38 - [MESSAGE][WARNING] - Web element with id: 'Object Repository/TripFocus/Testing_Notification_btn' located by '//*[@id="__BVID__10___BV_modal_footer_"]/button' not found (Root cause: com.kms.katalon.core.exception.StepFailedException: Web element with id: 'Object Repository/TripFocus/Testing_Notification_btn' located by '//*[@id="__BVID__10___BV_modal_footer_"]/button' not found
	at com.kms.katalon.core.webui.keyword.internal.WebUIKeywordMain.stepFailed(WebUIKeywordMain.groovy:117)
	at com.kms.katalon.core.webui.keyword.builtin.VerifyElementVisibleKeyword$_verifyElementVisible_closure1.doCall(VerifyElementVisibleKeyword.groovy:89)
	at com.kms.katalon.core.webui.keyword.builtin.VerifyElementVisibleKeyword$_verifyElementVisible_closure1.call(VerifyElementVisibleKeyword.groovy)
	at com.kms.katalon.core.webui.keyword.internal.WebUIKeywordMain.runKeyword(WebUIKeywordMain.groovy:35)
	at com.kms.katalon.core.webui.keyword.builtin.VerifyElementVisibleKeyword.verifyElementVisible(VerifyElementVisibleKeyword.groovy:97)
	at com.kms.katalon.core.webui.keyword.builtin.VerifyElementVisibleKeyword.execute(VerifyElementVisibleKeyword.groovy:67)
	at com.kms.katalon.core.keyword.internal.KeywordExecutor.executeKeywordForPlatform(KeywordExecutor.groovy:74)
	at com.kms.katalon.core.webui.keyword.WebUiBuiltInKeywords.verifyElementVisible(WebUiBuiltInKeywords.groovy:401)
	at com.kms.katalon.core.webui.keyword.WebUiBuiltInKeywords$verifyElementVisible$5.call(Unknown Source)
	at FDG - Clearing Filter Data.run(FDG - Clearing Filter Data:38)
	at com.kms.katalon.core.main.ScriptEngine.run(ScriptEngine.java:194)
	at com.kms.katalon.core.main.ScriptEngine.runScriptAsRawText(ScriptEngine.java:119)
	at com.kms.katalon.core.main.TestCaseExecutor.runScript(TestCaseExecutor.java:448)
	at com.kms.katalon.core.main.TestCaseExecutor.doExecute(TestCaseExecutor.java:439)
	at com.kms.katalon.core.main.TestCaseExecutor.processExecutionPhase(TestCaseExecutor.java:418)
	at com.kms.katalon.core.main.TestCaseExecutor.accessMainPhase(TestCaseExecutor.java:410)
	at com.kms.katalon.core.main.TestCaseExecutor.execute(TestCaseExecutor.java:285)
	at com.kms.katalon.core.common.CommonExecutor.accessTestCaseMainPhase(CommonExecutor.java:65)
	at com.kms.katalon.core.main.TestSuiteExecutor.accessTestSuiteMainPhase(TestSuiteExecutor.java:150)
	at com.kms.katalon.core.main.TestSuiteExecutor.execute(TestSuiteExecutor.java:106)
	at com.kms.katalon.core.main.TestCaseMain.startTestSuite(TestCaseMain.java:180)
	at com.kms.katalon.core.main.TestCaseMain$startTestSuite$0.call(Unknown Source)
	at TempTestSuite1761139058037.run(TempTestSuite1761139058037.groovy:35)
	at java.base/jdk.internal.reflect.NativeMethodAccessorImpl.invoke0(Native Method)
	at java.base/jdk.internal.reflect.NativeMethodAccessorImpl.invoke(NativeMethodAccessorImpl.java:77)
	at java.base/jdk.internal.reflect.DelegatingMethodAccessorImpl.invoke(DelegatingMethodAccessorImpl.java:43)
)

22-10-2025T09:49:38 - [TEST_STEP][PASSED] - click(findTestObject("TripFocus/SSO/SSO Orders Tab")): Object: 'Object Repository/TripFocus/SSO/SSO Orders Tab' is clicked on

22-10-2025T09:49:38 - [MESSAGE][PASSED] - Object: 'Object Repository/TripFocus/SSO/SSO Orders Tab' is clicked on

22-10-2025T09:49:38 - [TEST_STEP][PASSED] - waitForElementClickable(findTestObject("TripFocus/Orders/Advanced Filters_btn"), 30): Object 'Object Repository/TripFocus/Orders/Advanced Filters_btn' is clickable

22-10-2025T09:49:38 - [MESSAGE][PASSED] - Object 'Object Repository/TripFocus/Orders/Advanced Filters_btn' is clickable

22-10-2025T09:49:38 - [TEST_STEP][PASSED] - delay(18): Delayed 18 second(s)

22-10-2025T09:49:56 - [MESSAGE][PASSED] - Delayed 18 second(s)

22-10-2025T09:49:56 - [TEST_STEP][PASSED] - click(findTestObject("TripFocus/Orders/Advanced Filters_btn")): Object: 'Object Repository/TripFocus/Orders/Advanced Filters_btn' is clicked on

22-10-2025T09:49:56 - [MESSAGE][PASSED] - Object: 'Object Repository/TripFocus/Orders/Advanced Filters_btn' is clicked on

22-10-2025T09:49:56 - [TEST_STEP][PASSED] - delay(2): Delayed 2 second(s)

22-10-2025T09:49:58 - [MESSAGE][PASSED] - Delayed 2 second(s)

22-10-2025T09:49:58 - [TEST_STEP][PASSED] - setText(findTestObject("Object Repository/TripFocus/Page_TripFocus/textarea_OrderReference Number_txtOrderRefe_fbfcbd"), "47192462"): Text '47192462' is set on object 'Object Repository/TripFocus/Page_TripFocus/textarea_OrderReference Number_txtOrderRefe_fbfcbd'

22-10-2025T09:49:58 - [MESSAGE][PASSED] - Text '47192462' is set on object 'Object Repository/TripFocus/Page_TripFocus/textarea_OrderReference Number_txtOrderRefe_fbfcbd'

22-10-2025T09:49:58 - [TEST_STEP][PASSED] - delay(2): Delayed 2 second(s)

22-10-2025T09:50:01 - [MESSAGE][PASSED] - Delayed 2 second(s)

22-10-2025T09:50:01 - [TEST_STEP][FAILED] - verifyElementPresent(findTestObject("TripFocus/Orders/Advanced Filters/Clear Filters_btn"), 10): Unable to verify object 'Object Repository/TripFocus/Orders/Advanced Filters/Clear Filters_btn' is present (Root cause: com.kms.katalon.core.exception.StepFailedException: Unable to verify object 'Object Repository/TripFocus/Orders/Advanced Filters/Clear Filters_btn' is present
	at com.kms.katalon.core.webui.keyword.internal.WebUIKeywordMain.stepFailed(WebUIKeywordMain.groovy:117)
	at com.kms.katalon.core.webui.keyword.internal.WebUIKeywordMain.runKeyword(WebUIKeywordMain.groovy:43)
	at com.kms.katalon.core.webui.keyword.builtin.VerifyElementPresentKeyword.verifyElementPresent(VerifyElementPresentKeyword.groovy:92)
	at com.kms.katalon.core.webui.keyword.builtin.VerifyElementPresentKeyword.execute(VerifyElementPresentKeyword.groovy:68)
	at com.kms.katalon.core.keyword.internal.KeywordExecutor.executeKeywordForPlatform(KeywordExecutor.groovy:74)
	at com.kms.katalon.core.webui.keyword.WebUiBuiltInKeywords.verifyElementPresent(WebUiBuiltInKeywords.groovy:1503)
	at com.kms.katalon.core.webui.keyword.WebUiBuiltInKeywords$verifyElementPresent$15.call(Unknown Source)
	at FDG - Clearing Filter Data.run(FDG - Clearing Filter Data:59)
	at com.kms.katalon.core.main.ScriptEngine.run(ScriptEngine.java:194)
	at com.kms.katalon.core.main.ScriptEngine.runScriptAsRawText(ScriptEngine.java:119)
	at com.kms.katalon.core.main.TestCaseExecutor.runScript(TestCaseExecutor.java:448)
	at com.kms.katalon.core.main.TestCaseExecutor.doExecute(TestCaseExecutor.java:439)
	at com.kms.katalon.core.main.TestCaseExecutor.processExecutionPhase(TestCaseExecutor.java:418)
	at com.kms.katalon.core.main.TestCaseExecutor.accessMainPhase(TestCaseExecutor.java:410)
	at com.kms.katalon.core.main.TestCaseExecutor.execute(TestCaseExecutor.java:285)
	at com.kms.katalon.core.common.CommonExecutor.accessTestCaseMainPhase(CommonExecutor.java:65)
	at com.kms.katalon.core.main.TestSuiteExecutor.accessTestSuiteMainPhase(TestSuiteExecutor.java:150)
	at com.kms.katalon.core.main.TestSuiteExecutor.execute(TestSuiteExecutor.java:106)
	at com.kms.katalon.core.main.TestCaseMain.startTestSuite(TestCaseMain.java:180)
	at com.kms.katalon.core.main.TestCaseMain$startTestSuite$0.call(Unknown Source)
	at TempTestSuite1761139058037.run(TempTestSuite1761139058037.groovy:35)
	at java.base/jdk.internal.reflect.NativeMethodAccessorImpl.invoke0(Native Method)
	at java.base/jdk.internal.reflect.NativeMethodAccessorImpl.invoke(NativeMethodAccessorImpl.java:77)
	at java.base/jdk.internal.reflect.DelegatingMethodAccessorImpl.invoke(DelegatingMethodAccessorImpl.java:43)
Caused by: com.kms.katalon.core.exception.StepFailedException: com.kms.katalon.core.webui.exception.WebElementNotFoundException: Web element with id: 'Object Repository/TripFocus/Orders/Advanced Filters/Clear Filters_btn' located by '/html/body/div/div[2]/div/main/div/div[2]/div/div[2]/div/div/div[4]/div/button[2]' not found
	at com.kms.katalon.core.webui.keyword.internal.WebUIKeywordMain.stepFailed(WebUIKeywordMain.groovy:117)
	at com.kms.katalon.core.webui.keyword.builtin.VerifyElementPresentKeyword$_verifyElementPresent_closure1.doCall(VerifyElementPresentKeyword.groovy:85)
	at com.kms.katalon.core.webui.keyword.builtin.VerifyElementPresentKeyword$_verifyElementPresent_closure1.call(VerifyElementPresentKeyword.groovy)
	at com.kms.katalon.core.webui.keyword.internal.WebUIKeywordMain.runKeyword(WebUIKeywordMain.groovy:35)
	... 22 more
)

22-10-2025T09:50:12 - [MESSAGE][INFO] - Unable to find the element located by 'By.xpath: /html/body/div/div[2]/div/main/div/div[2]/div/div[2]/div/div/div[4]/div/button[2]'. Please recheck the objects properties to make sure the desired element is located. 

22-10-2025T09:50:12 - [MESSAGE][FAILED] - com.kms.katalon.core.webui.exception.WebElementNotFoundException: Web element with id: 'Object Repository/TripFocus/Orders/Advanced Filters/Clear Filters_btn' located by '/html/body/div/div[2]/div/main/div/div[2]/div/div[2]/div/div/div[4]/div/button[2]' not found (Root cause: com.kms.katalon.core.exception.StepFailedException: com.kms.katalon.core.webui.exception.WebElementNotFoundException: Web element with id: 'Object Repository/TripFocus/Orders/Advanced Filters/Clear Filters_btn' located by '/html/body/div/div[2]/div/main/div/div[2]/div/div[2]/div/div/div[4]/div/button[2]' not found
	at com.kms.katalon.core.webui.keyword.internal.WebUIKeywordMain.stepFailed(WebUIKeywordMain.groovy:117)
	at com.kms.katalon.core.webui.keyword.builtin.VerifyElementPresentKeyword$_verifyElementPresent_closure1.doCall(VerifyElementPresentKeyword.groovy:85)
	at com.kms.katalon.core.webui.keyword.builtin.VerifyElementPresentKeyword$_verifyElementPresent_closure1.call(VerifyElementPresentKeyword.groovy)
	at com.kms.katalon.core.webui.keyword.internal.WebUIKeywordMain.runKeyword(WebUIKeywordMain.groovy:35)
	at com.kms.katalon.core.webui.keyword.builtin.VerifyElementPresentKeyword.verifyElementPresent(VerifyElementPresentKeyword.groovy:92)
	at com.kms.katalon.core.webui.keyword.builtin.VerifyElementPresentKeyword.execute(VerifyElementPresentKeyword.groovy:68)
	at com.kms.katalon.core.keyword.internal.KeywordExecutor.executeKeywordForPlatform(KeywordExecutor.groovy:74)
	at com.kms.katalon.core.webui.keyword.WebUiBuiltInKeywords.verifyElementPresent(WebUiBuiltInKeywords.groovy:1503)
	at com.kms.katalon.core.webui.keyword.WebUiBuiltInKeywords$verifyElementPresent$15.call(Unknown Source)
	at FDG - Clearing Filter Data.run(FDG - Clearing Filter Data:59)
	at com.kms.katalon.core.main.ScriptEngine.run(ScriptEngine.java:194)
	at com.kms.katalon.core.main.ScriptEngine.runScriptAsRawText(ScriptEngine.java:119)
	at com.kms.katalon.core.main.TestCaseExecutor.runScript(TestCaseExecutor.java:448)
	at com.kms.katalon.core.main.TestCaseExecutor.doExecute(TestCaseExecutor.java:439)
	at com.kms.katalon.core.main.TestCaseExecutor.processExecutionPhase(TestCaseExecutor.java:418)
	at com.kms.katalon.core.main.TestCaseExecutor.accessMainPhase(TestCaseExecutor.java:410)
	at com.kms.katalon.core.main.TestCaseExecutor.execute(TestCaseExecutor.java:285)
	at com.kms.katalon.core.common.CommonExecutor.accessTestCaseMainPhase(CommonExecutor.java:65)
	at com.kms.katalon.core.main.TestSuiteExecutor.accessTestSuiteMainPhase(TestSuiteExecutor.java:150)
	at com.kms.katalon.core.main.TestSuiteExecutor.execute(TestSuiteExecutor.java:106)
	at com.kms.katalon.core.main.TestCaseMain.startTestSuite(TestCaseMain.java:180)
	at com.kms.katalon.core.main.TestCaseMain$startTestSuite$0.call(Unknown Source)
	at TempTestSuite1761139058037.run(TempTestSuite1761139058037.groovy:35)
	at java.base/jdk.internal.reflect.NativeMethodAccessorImpl.invoke0(Native Method)
	at java.base/jdk.internal.reflect.NativeMethodAccessorImpl.invoke(NativeMethodAccessorImpl.java:77)
	at java.base/jdk.internal.reflect.DelegatingMethodAccessorImpl.invoke(DelegatingMethodAccessorImpl.java:43)
)

22-10-2025T09:50:12 - [MESSAGE][FAILED] - Unable to verify object 'Object Repository/TripFocus/Orders/Advanced Filters/Clear Filters_btn' is present (Root cause: com.kms.katalon.core.exception.StepFailedException: Unable to verify object 'Object Repository/TripFocus/Orders/Advanced Filters/Clear Filters_btn' is present
	at com.kms.katalon.core.webui.keyword.internal.WebUIKeywordMain.stepFailed(WebUIKeywordMain.groovy:117)
	at com.kms.katalon.core.webui.keyword.internal.WebUIKeywordMain.runKeyword(WebUIKeywordMain.groovy:43)
	at com.kms.katalon.core.webui.keyword.builtin.VerifyElementPresentKeyword.verifyElementPresent(VerifyElementPresentKeyword.groovy:92)
	at com.kms.katalon.core.webui.keyword.builtin.VerifyElementPresentKeyword.execute(VerifyElementPresentKeyword.groovy:68)
	at com.kms.katalon.core.keyword.internal.KeywordExecutor.executeKeywordForPlatform(KeywordExecutor.groovy:74)
	at com.kms.katalon.core.webui.keyword.WebUiBuiltInKeywords.verifyElementPresent(WebUiBuiltInKeywords.groovy:1503)
	at com.kms.katalon.core.webui.keyword.WebUiBuiltInKeywords$verifyElementPresent$15.call(Unknown Source)
	at FDG - Clearing Filter Data.run(FDG - Clearing Filter Data:59)
	at com.kms.katalon.core.main.ScriptEngine.run(ScriptEngine.java:194)
	at com.kms.katalon.core.main.ScriptEngine.runScriptAsRawText(ScriptEngine.java:119)
	at com.kms.katalon.core.main.TestCaseExecutor.runScript(TestCaseExecutor.java:448)
	at com.kms.katalon.core.main.TestCaseExecutor.doExecute(TestCaseExecutor.java:439)
	at com.kms.katalon.core.main.TestCaseExecutor.processExecutionPhase(TestCaseExecutor.java:418)
	at com.kms.katalon.core.main.TestCaseExecutor.accessMainPhase(TestCaseExecutor.java:410)
	at com.kms.katalon.core.main.TestCaseExecutor.execute(TestCaseExecutor.java:285)
	at com.kms.katalon.core.common.CommonExecutor.accessTestCaseMainPhase(CommonExecutor.java:65)
	at com.kms.katalon.core.main.TestSuiteExecutor.accessTestSuiteMainPhase(TestSuiteExecutor.java:150)
	at com.kms.katalon.core.main.TestSuiteExecutor.execute(TestSuiteExecutor.java:106)
	at com.kms.katalon.core.main.TestCaseMain.startTestSuite(TestCaseMain.java:180)
	at com.kms.katalon.core.main.TestCaseMain$startTestSuite$0.call(Unknown Source)
	at TempTestSuite1761139058037.run(TempTestSuite1761139058037.groovy:35)
	at java.base/jdk.internal.reflect.NativeMethodAccessorImpl.invoke0(Native Method)
	at java.base/jdk.internal.reflect.NativeMethodAccessorImpl.invoke(NativeMethodAccessorImpl.java:77)
	at java.base/jdk.internal.reflect.DelegatingMethodAccessorImpl.invoke(DelegatingMethodAccessorImpl.java:43)
Caused by: com.kms.katalon.core.exception.StepFailedException: com.kms.katalon.core.webui.exception.WebElementNotFoundException: Web element with id: 'Object Repository/TripFocus/Orders/Advanced Filters/Clear Filters_btn' located by '/html/body/div/div[2]/div/main/div/div[2]/div/div[2]/div/div/div[4]/div/button[2]' not found
	at com.kms.katalon.core.webui.keyword.internal.WebUIKeywordMain.stepFailed(WebUIKeywordMain.groovy:117)
	at com.kms.katalon.core.webui.keyword.builtin.VerifyElementPresentKeyword$_verifyElementPresent_closure1.doCall(VerifyElementPresentKeyword.groovy:85)
	at com.kms.katalon.core.webui.keyword.builtin.VerifyElementPresentKeyword$_verifyElementPresent_closure1.call(VerifyElementPresentKeyword.groovy)
	at com.kms.katalon.core.webui.keyword.internal.WebUIKeywordMain.runKeyword(WebUIKeywordMain.groovy:35)
	... 22 more
)

22-10-2025T09:50:12 - [TEST_STEP][PASSED] - Start listener action : retryOnDisconnect: Current window's url is: 'https://www.qa.tripfocus.com/order-tenders'

22-10-2025T09:50:12 - [TEST_STEP][PASSED] - tcId = testCaseContext.getTestCaseId(): null

22-10-2025T09:50:12 - [TEST_STEP][PASSED] - currentRetry = retryCounts.getOrDefault(tcId, 0): null

22-10-2025T09:50:12 - [TEST_STEP][PASSED] - if (testCaseContext.getTestCaseStatus() == "FAILED" && currentRetry < MAX_RETRIES): Current window's url is: 'https://www.qa.tripfocus.com/order-tenders'

22-10-2025T09:50:12 - [TEST_STEP][PASSED] - try: Current window's url is: 'https://www.qa.tripfocus.com/order-tenders'

22-10-2025T09:50:12 - [TEST_STEP][PASSED] - comment(Checking for WebDriver disconnect for test case: $tcId): Checking for WebDriver disconnect for test case: Test Cases/TripFocus/FDG/FDG - Orders/FDG - Clearing Filter Data

22-10-2025T09:50:12 - [MESSAGE][INFO] - Checking for WebDriver disconnect for test case: Test Cases/TripFocus/FDG/FDG - Orders/FDG - Clearing Filter Data

22-10-2025T09:50:12 - [TEST_STEP][PASSED] - getUrl(): Current window's url is: 'https://www.qa.tripfocus.com/order-tenders'

22-10-2025T09:50:12 - [MESSAGE][PASSED] - Current window's url is: 'https://www.qa.tripfocus.com/order-tenders']]></system-out>
         <system-err><![CDATA[22-10-2025T09:48:56 - [TEST_CASE][FAILED] - Test Cases/TripFocus/FDG/FDG - Orders/FDG - Clearing Filter Data: Test Cases/TripFocus/FDG/FDG - Orders/FDG - Clearing Filter Data FAILED.
Reason:
com.kms.katalon.core.exception.StepFailedException: Unable to verify object 'Object Repository/TripFocus/Orders/Advanced Filters/Clear Filters_btn' is present
	at com.kms.katalon.core.webui.keyword.internal.WebUIKeywordMain.stepFailed(WebUIKeywordMain.groovy:117)
	at com.kms.katalon.core.webui.keyword.internal.WebUIKeywordMain.runKeyword(WebUIKeywordMain.groovy:43)
	at com.kms.katalon.core.webui.keyword.builtin.VerifyElementPresentKeyword.verifyElementPresent(VerifyElementPresentKeyword.groovy:92)
	at com.kms.katalon.core.webui.keyword.builtin.VerifyElementPresentKeyword.execute(VerifyElementPresentKeyword.groovy:68)
	at com.kms.katalon.core.keyword.internal.KeywordExecutor.executeKeywordForPlatform(KeywordExecutor.groovy:74)
	at com.kms.katalon.core.webui.keyword.WebUiBuiltInKeywords.verifyElementPresent(WebUiBuiltInKeywords.groovy:1503)
	at com.kms.katalon.core.webui.keyword.WebUiBuiltInKeywords$verifyElementPresent$15.call(Unknown Source)
	at FDG - Clearing Filter Data.run(FDG - Clearing Filter Data:59)
	at com.kms.katalon.core.main.ScriptEngine.run(ScriptEngine.java:194)
	at com.kms.katalon.core.main.ScriptEngine.runScriptAsRawText(ScriptEngine.java:119)
	at com.kms.katalon.core.main.TestCaseExecutor.runScript(TestCaseExecutor.java:448)
	at com.kms.katalon.core.main.TestCaseExecutor.doExecute(TestCaseExecutor.java:439)
	at com.kms.katalon.core.main.TestCaseExecutor.processExecutionPhase(TestCaseExecutor.java:418)
	at com.kms.katalon.core.main.TestCaseExecutor.accessMainPhase(TestCaseExecutor.java:410)
	at com.kms.katalon.core.main.TestCaseExecutor.execute(TestCaseExecutor.java:285)
	at com.kms.katalon.core.common.CommonExecutor.accessTestCaseMainPhase(CommonExecutor.java:65)
	at com.kms.katalon.core.main.TestSuiteExecutor.accessTestSuiteMainPhase(TestSuiteExecutor.java:150)
	at com.kms.katalon.core.main.TestSuiteExecutor.execute(TestSuiteExecutor.java:106)
	at com.kms.katalon.core.main.TestCaseMain.startTestSuite(TestCaseMain.java:180)
	at com.kms.katalon.core.main.TestCaseMain$startTestSuite$0.call(Unknown Source)
	at TempTestSuite1761139058037.run(TempTestSuite1761139058037.groovy:35)
	at java.base/jdk.internal.reflect.NativeMethodAccessorImpl.invoke0(Native Method)
	at java.base/jdk.internal.reflect.NativeMethodAccessorImpl.invoke(NativeMethodAccessorImpl.java:77)
	at java.base/jdk.internal.reflect.DelegatingMethodAccessorImpl.invoke(DelegatingMethodAccessorImpl.java:43)
Caused by: com.kms.katalon.core.exception.StepFailedException: com.kms.katalon.core.webui.exception.WebElementNotFoundException: Web element with id: 'Object Repository/TripFocus/Orders/Advanced Filters/Clear Filters_btn' located by '/html/body/div/div[2]/div/main/div/div[2]/div/div[2]/div/div/div[4]/div/button[2]' not found
	at com.kms.katalon.core.webui.keyword.internal.WebUIKeywordMain.stepFailed(WebUIKeywordMain.groovy:117)
	at com.kms.katalon.core.webui.keyword.builtin.VerifyElementPresentKeyword$_verifyElementPresent_closure1.doCall(VerifyElementPresentKeyword.groovy:85)
	at com.kms.katalon.core.webui.keyword.builtin.VerifyElementPresentKeyword$_verifyElementPresent_closure1.call(VerifyElementPresentKeyword.groovy)
	at com.kms.katalon.core.webui.keyword.internal.WebUIKeywordMain.runKeyword(WebUIKeywordMain.groovy:35)
	... 22 more]]></system-err>
      </testcase>
      <testcase name="Test Cases/TripFocus/FDG/FDG - Orders/FDG - Creating New Order" time="167.594" classname="Test Cases/TripFocus/FDG/FDG - Orders/FDG - Creating New Order" status="PASSED">
         <system-out><![CDATA[22-10-2025T09:50:12 - [TEST_CASE][PASSED] - Test Cases/TripFocus/FDG/FDG - Orders/FDG - Creating New Order: Test Cases/TripFocus/FDG/FDG - Orders/FDG - Creating New Order

22-10-2025T09:50:12 - [TEST_STEP][PASSED] - Start listener action : beforeTestCase: null

22-10-2025T09:50:12 - [TEST_STEP][PASSED] - addDefaultPackages(): null

22-10-2025T09:50:12 - [TEST_STEP][PASSED] - callTestCase(findTestCase("Utility Scripts/Open Browser"), ["destinationURL":TFBaseURL], STOP_ON_FAILURE): Call Test Case 'Test Cases/Utility Scripts/Open Browser' successfully

22-10-2025T09:50:12 - [TEST_CASE][PASSED] - Test Cases/Utility Scripts/Open Browser: Test Cases/Utility Scripts/Open Browser

22-10-2025T09:50:12 - [TEST_STEP][PASSED] - openBrowser(""): Browser is opened with url: ''

22-10-2025T09:50:12 - [MESSAGE][WARNING] - A browser is already opened. Closing browser and opening a new one

22-10-2025T09:50:12 - [MESSAGE][INFO] - Starting 'Chrome' driver

22-10-2025T09:50:12 - [MESSAGE][INFO] - User set preference: ['args', '[--no-sandbox, --disable-gpu, --disable-dev-shm-usage]']

22-10-2025T09:50:12 - [MESSAGE][INFO] - Action delay is set to 0 milliseconds

22-10-2025T09:50:13 - [MESSAGE][PASSED] - Browser is opened with url: ''

22-10-2025T09:50:13 - [TEST_STEP][PASSED] - navigateToUrl(destinationURL): Navigate to 'https://www.qa.tripfocus.com' successfully

22-10-2025T09:50:13 - [MESSAGE][PASSED] - Navigate to 'https://www.qa.tripfocus.com' successfully

22-10-2025T09:50:13 - [TEST_STEP][PASSED] - if (maximizeWindow == true): Current window maximized

22-10-2025T09:50:13 - [TEST_STEP][PASSED] - maximizeWindow(STOP_ON_FAILURE): Current window maximized

22-10-2025T09:50:14 - [MESSAGE][PASSED] - Current window maximized

22-10-2025T09:50:14 - [MESSAGE][PASSED] - Call Test Case 'Test Cases/Utility Scripts/Open Browser' successfully

22-10-2025T09:50:14 - [TEST_STEP][PASSED] - callTestCase(findTestCase("Utility Scripts/TF Sign In"), ["userName":TripFocusPenskeFDGUsername, "password":TripFocusFDGSPGPassword], STOP_ON_FAILURE): Call Test Case 'Test Cases/Utility Scripts/TF Sign In' successfully

22-10-2025T09:50:14 - [TEST_CASE][PASSED] - Test Cases/Utility Scripts/TF Sign In: Test Cases/Utility Scripts/TF Sign In

22-10-2025T09:50:14 - [TEST_STEP][PASSED] - click(findTestObject("Object Repository/TripFocus/Page_TripFocus/button_Sign in")): Object: 'Object Repository/TripFocus/Page_TripFocus/button_Sign in' is clicked on

22-10-2025T09:50:15 - [MESSAGE][PASSED] - Object: 'Object Repository/TripFocus/Page_TripFocus/button_Sign in' is clicked on

22-10-2025T09:50:15 - [TEST_STEP][PASSED] - setText(findTestObject("Object Repository/TripFocus/Page_TripFocus/input_Username (e.g. email address)_Username"), userName): Text 'Ashford.Chenault+PenskeCustomerFDGONLY@thekag.com' is set on object 'Object Repository/TripFocus/Page_TripFocus/input_Username (e.g. email address)_Username'

22-10-2025T09:50:15 - [MESSAGE][PASSED] - Text 'Ashford.Chenault+PenskeCustomerFDGONLY@thekag.com' is set on object 'Object Repository/TripFocus/Page_TripFocus/input_Username (e.g. email address)_Username'

22-10-2025T09:50:15 - [TEST_STEP][PASSED] - setText(findTestObject("Object Repository/TripFocus/Page_TripFocus/input_Password_Password"), password): Text 'CrashBan911!!' is set on object 'Object Repository/TripFocus/Page_TripFocus/input_Password_Password'

22-10-2025T09:50:15 - [MESSAGE][PASSED] - Text 'CrashBan911!!' is set on object 'Object Repository/TripFocus/Page_TripFocus/input_Password_Password'

22-10-2025T09:50:15 - [TEST_STEP][PASSED] - click(findTestObject("Object Repository/TripFocus/Page_TripFocus/button_Login")): Object: 'Object Repository/TripFocus/Page_TripFocus/button_Login' is clicked on

22-10-2025T09:50:16 - [MESSAGE][PASSED] - Object: 'Object Repository/TripFocus/Page_TripFocus/button_Login' is clicked on

22-10-2025T09:50:16 - [TEST_STEP][PASSED] - maximizeWindow(): Current window maximized

22-10-2025T09:50:16 - [MESSAGE][PASSED] - Current window maximized

22-10-2025T09:50:16 - [TEST_STEP][PASSED] - waitForElementVisible(findTestObject("TripFocus/Testing_Notification_btn"), 5, OPTIONAL): Web element with id: 'Object Repository/TripFocus/Testing_Notification_btn' located by '//*[@id="__BVID__10___BV_modal_footer_"]/button' not found

22-10-2025T09:50:22 - [MESSAGE][INFO] - Unable to find the element located by 'By.xpath: //*[@id="__BVID__10___BV_modal_footer_"]/button'. Please recheck the objects properties to make sure the desired element is located. 

22-10-2025T09:50:22 - [MESSAGE][WARNING] - [SELF-HEALING] Failed to find element with id 'Object Repository/TripFocus/Testing_Notification_btn'. Try using Self-healing.

22-10-2025T09:50:23 - [MESSAGE][INFO] - [SELF-HEALING] No working XPath is found.

22-10-2025T09:50:25 - [MESSAGE][INFO] - Unable to find the element located by 'By.xpath: '. Please recheck the objects properties to make sure the desired element is located. 

22-10-2025T09:50:25 - [MESSAGE][WARNING] - [SELF-HEALING] Cannot find elements when the selector is null

22-10-2025T09:50:25 - [MESSAGE][WARNING] - Web element with id: 'Object Repository/TripFocus/Testing_Notification_btn' located by '//*[@id="__BVID__10___BV_modal_footer_"]/button' not found

22-10-2025T09:50:25 - [TEST_STEP][PASSED] - if (verifyElementVisible(findTestObject("TripFocus/Testing_Notification_btn"), OPTIONAL) == true): Web element with id: 'Object Repository/TripFocus/Testing_Notification_btn' located by '//*[@id="__BVID__10___BV_modal_footer_"]/button' not found (Root cause: com.kms.katalon.core.exception.StepFailedException: Web element with id: 'Object Repository/TripFocus/Testing_Notification_btn' located by '//*[@id="__BVID__10___BV_modal_footer_"]/button' not found
	at com.kms.katalon.core.webui.keyword.internal.WebUIKeywordMain.stepFailed(WebUIKeywordMain.groovy:117)
	at com.kms.katalon.core.webui.keyword.builtin.VerifyElementVisibleKeyword$_verifyElementVisible_closure1.doCall(VerifyElementVisibleKeyword.groovy:89)
	at com.kms.katalon.core.webui.keyword.builtin.VerifyElementVisibleKeyword$_verifyElementVisible_closure1.call(VerifyElementVisibleKeyword.groovy)
	at com.kms.katalon.core.webui.keyword.internal.WebUIKeywordMain.runKeyword(WebUIKeywordMain.groovy:35)
	at com.kms.katalon.core.webui.keyword.builtin.VerifyElementVisibleKeyword.verifyElementVisible(VerifyElementVisibleKeyword.groovy:97)
	at com.kms.katalon.core.webui.keyword.builtin.VerifyElementVisibleKeyword.execute(VerifyElementVisibleKeyword.groovy:67)
	at com.kms.katalon.core.keyword.internal.KeywordExecutor.executeKeywordForPlatform(KeywordExecutor.groovy:74)
	at com.kms.katalon.core.webui.keyword.WebUiBuiltInKeywords.verifyElementVisible(WebUiBuiltInKeywords.groovy:401)
	at com.kms.katalon.core.webui.keyword.WebUiBuiltInKeywords$verifyElementVisible$5.call(Unknown Source)
	at TF Sign In.run(TF Sign In:33)
	at com.kms.katalon.core.main.ScriptEngine.run(ScriptEngine.java:194)
	at com.kms.katalon.core.main.ScriptEngine.runScriptAsRawText(ScriptEngine.java:119)
	at com.kms.katalon.core.main.TestCaseExecutor.runScript(TestCaseExecutor.java:448)
	at com.kms.katalon.core.main.TestCaseExecutor.doExecute(TestCaseExecutor.java:439)
	at com.kms.katalon.core.main.TestCaseExecutor.processExecutionPhase(TestCaseExecutor.java:418)
	at com.kms.katalon.core.main.TestCaseExecutor.accessMainPhase(TestCaseExecutor.java:410)
	at com.kms.katalon.core.main.TestCaseExecutor.execute(TestCaseExecutor.java:285)
	at com.kms.katalon.core.main.TestCaseMain.runTestCase(TestCaseMain.java:137)
	at com.kms.katalon.core.keyword.builtin.CallTestCaseKeyword$_callTestCase_closure1.doCall(CallTestCaseKeyword.groovy:59)
	at com.kms.katalon.core.keyword.builtin.CallTestCaseKeyword$_callTestCase_closure1.call(CallTestCaseKeyword.groovy)
	at com.kms.katalon.core.keyword.internal.KeywordMain.runKeyword(KeywordMain.groovy:75)
	at com.kms.katalon.core.keyword.builtin.CallTestCaseKeyword.callTestCase(CallTestCaseKeyword.groovy:81)
	at com.kms.katalon.core.keyword.builtin.CallTestCaseKeyword.execute(CallTestCaseKeyword.groovy:44)
	at com.kms.katalon.core.keyword.internal.KeywordExecutor.executeKeywordForPlatform(KeywordExecutor.groovy:74)
	at com.kms.katalon.core.keyword.BuiltinKeywords.callTestCase(BuiltinKeywords.groovy:310)
	at java.base/jdk.internal.reflect.NativeMethodAccessorImpl.invoke0(Native Method)
	at java.base/jdk.internal.reflect.NativeMethodAccessorImpl.invoke(NativeMethodAccessorImpl.java:77)
	at java.base/jdk.internal.reflect.DelegatingMethodAccessorImpl.invoke(DelegatingMethodAccessorImpl.java:43)
	at FDG - Creating New Order.run(FDG - Creating New Order:22)
	at com.kms.katalon.core.main.ScriptEngine.run(ScriptEngine.java:194)
	at com.kms.katalon.core.main.ScriptEngine.runScriptAsRawText(ScriptEngine.java:119)
	at com.kms.katalon.core.main.TestCaseExecutor.runScript(TestCaseExecutor.java:448)
	at com.kms.katalon.core.main.TestCaseExecutor.doExecute(TestCaseExecutor.java:439)
	at com.kms.katalon.core.main.TestCaseExecutor.processExecutionPhase(TestCaseExecutor.java:418)
	at com.kms.katalon.core.main.TestCaseExecutor.accessMainPhase(TestCaseExecutor.java:410)
	at com.kms.katalon.core.main.TestCaseExecutor.execute(TestCaseExecutor.java:285)
	at com.kms.katalon.core.common.CommonExecutor.accessTestCaseMainPhase(CommonExecutor.java:65)
	at com.kms.katalon.core.main.TestSuiteExecutor.accessTestSuiteMainPhase(TestSuiteExecutor.java:150)
	at com.kms.katalon.core.main.TestSuiteExecutor.execute(TestSuiteExecutor.java:106)
	at com.kms.katalon.core.main.TestCaseMain.startTestSuite(TestCaseMain.java:180)
	at com.kms.katalon.core.main.TestCaseMain$startTestSuite$0.call(Unknown Source)
	at TempTestSuite1761139058037.run(TempTestSuite1761139058037.groovy:35)
	at java.base/jdk.internal.reflect.NativeMethodAccessorImpl.invoke0(Native Method)
	at java.base/jdk.internal.reflect.NativeMethodAccessorImpl.invoke(NativeMethodAccessorImpl.java:77)
	at java.base/jdk.internal.reflect.DelegatingMethodAccessorImpl.invoke(DelegatingMethodAccessorImpl.java:43)
)

22-10-2025T09:50:41 - [MESSAGE][INFO] - Unable to find the element located by 'By.xpath: //*[@id="__BVID__10___BV_modal_footer_"]/button'. Please recheck the objects properties to make sure the desired element is located. 

22-10-2025T09:50:41 - [MESSAGE][WARNING] - [SELF-HEALING] Failed to find element with id 'Object Repository/TripFocus/Testing_Notification_btn'. Try using Self-healing.

22-10-2025T09:50:42 - [MESSAGE][INFO] - [SELF-HEALING] No working XPath is found.

22-10-2025T09:50:44 - [MESSAGE][INFO] - Unable to find the element located by 'By.xpath: '. Please recheck the objects properties to make sure the desired element is located. 

22-10-2025T09:50:44 - [MESSAGE][WARNING] - [SELF-HEALING] Cannot find elements when the selector is null

22-10-2025T09:50:44 - [MESSAGE][WARNING] - Web element with id: 'Object Repository/TripFocus/Testing_Notification_btn' located by '//*[@id="__BVID__10___BV_modal_footer_"]/button' not found (Root cause: com.kms.katalon.core.exception.StepFailedException: Web element with id: 'Object Repository/TripFocus/Testing_Notification_btn' located by '//*[@id="__BVID__10___BV_modal_footer_"]/button' not found
	at com.kms.katalon.core.webui.keyword.internal.WebUIKeywordMain.stepFailed(WebUIKeywordMain.groovy:117)
	at com.kms.katalon.core.webui.keyword.builtin.VerifyElementVisibleKeyword$_verifyElementVisible_closure1.doCall(VerifyElementVisibleKeyword.groovy:89)
	at com.kms.katalon.core.webui.keyword.builtin.VerifyElementVisibleKeyword$_verifyElementVisible_closure1.call(VerifyElementVisibleKeyword.groovy)
	at com.kms.katalon.core.webui.keyword.internal.WebUIKeywordMain.runKeyword(WebUIKeywordMain.groovy:35)
	at com.kms.katalon.core.webui.keyword.builtin.VerifyElementVisibleKeyword.verifyElementVisible(VerifyElementVisibleKeyword.groovy:97)
	at com.kms.katalon.core.webui.keyword.builtin.VerifyElementVisibleKeyword.execute(VerifyElementVisibleKeyword.groovy:67)
	at com.kms.katalon.core.keyword.internal.KeywordExecutor.executeKeywordForPlatform(KeywordExecutor.groovy:74)
	at com.kms.katalon.core.webui.keyword.WebUiBuiltInKeywords.verifyElementVisible(WebUiBuiltInKeywords.groovy:401)
	at com.kms.katalon.core.webui.keyword.WebUiBuiltInKeywords$verifyElementVisible$5.call(Unknown Source)
	at TF Sign In.run(TF Sign In:33)
	at com.kms.katalon.core.main.ScriptEngine.run(ScriptEngine.java:194)
	at com.kms.katalon.core.main.ScriptEngine.runScriptAsRawText(ScriptEngine.java:119)
	at com.kms.katalon.core.main.TestCaseExecutor.runScript(TestCaseExecutor.java:448)
	at com.kms.katalon.core.main.TestCaseExecutor.doExecute(TestCaseExecutor.java:439)
	at com.kms.katalon.core.main.TestCaseExecutor.processExecutionPhase(TestCaseExecutor.java:418)
	at com.kms.katalon.core.main.TestCaseExecutor.accessMainPhase(TestCaseExecutor.java:410)
	at com.kms.katalon.core.main.TestCaseExecutor.execute(TestCaseExecutor.java:285)
	at com.kms.katalon.core.main.TestCaseMain.runTestCase(TestCaseMain.java:137)
	at com.kms.katalon.core.keyword.builtin.CallTestCaseKeyword$_callTestCase_closure1.doCall(CallTestCaseKeyword.groovy:59)
	at com.kms.katalon.core.keyword.builtin.CallTestCaseKeyword$_callTestCase_closure1.call(CallTestCaseKeyword.groovy)
	at com.kms.katalon.core.keyword.internal.KeywordMain.runKeyword(KeywordMain.groovy:75)
	at com.kms.katalon.core.keyword.builtin.CallTestCaseKeyword.callTestCase(CallTestCaseKeyword.groovy:81)
	at com.kms.katalon.core.keyword.builtin.CallTestCaseKeyword.execute(CallTestCaseKeyword.groovy:44)
	at com.kms.katalon.core.keyword.internal.KeywordExecutor.executeKeywordForPlatform(KeywordExecutor.groovy:74)
	at com.kms.katalon.core.keyword.BuiltinKeywords.callTestCase(BuiltinKeywords.groovy:310)
	at java.base/jdk.internal.reflect.NativeMethodAccessorImpl.invoke0(Native Method)
	at java.base/jdk.internal.reflect.NativeMethodAccessorImpl.invoke(NativeMethodAccessorImpl.java:77)
	at java.base/jdk.internal.reflect.DelegatingMethodAccessorImpl.invoke(DelegatingMethodAccessorImpl.java:43)
	at FDG - Creating New Order.run(FDG - Creating New Order:22)
	at com.kms.katalon.core.main.ScriptEngine.run(ScriptEngine.java:194)
	at com.kms.katalon.core.main.ScriptEngine.runScriptAsRawText(ScriptEngine.java:119)
	at com.kms.katalon.core.main.TestCaseExecutor.runScript(TestCaseExecutor.java:448)
	at com.kms.katalon.core.main.TestCaseExecutor.doExecute(TestCaseExecutor.java:439)
	at com.kms.katalon.core.main.TestCaseExecutor.processExecutionPhase(TestCaseExecutor.java:418)
	at com.kms.katalon.core.main.TestCaseExecutor.accessMainPhase(TestCaseExecutor.java:410)
	at com.kms.katalon.core.main.TestCaseExecutor.execute(TestCaseExecutor.java:285)
	at com.kms.katalon.core.common.CommonExecutor.accessTestCaseMainPhase(CommonExecutor.java:65)
	at com.kms.katalon.core.main.TestSuiteExecutor.accessTestSuiteMainPhase(TestSuiteExecutor.java:150)
	at com.kms.katalon.core.main.TestSuiteExecutor.execute(TestSuiteExecutor.java:106)
	at com.kms.katalon.core.main.TestCaseMain.startTestSuite(TestCaseMain.java:180)
	at com.kms.katalon.core.main.TestCaseMain$startTestSuite$0.call(Unknown Source)
	at TempTestSuite1761139058037.run(TempTestSuite1761139058037.groovy:35)
	at java.base/jdk.internal.reflect.NativeMethodAccessorImpl.invoke0(Native Method)
	at java.base/jdk.internal.reflect.NativeMethodAccessorImpl.invoke(NativeMethodAccessorImpl.java:77)
	at java.base/jdk.internal.reflect.DelegatingMethodAccessorImpl.invoke(DelegatingMethodAccessorImpl.java:43)
)

22-10-2025T09:50:44 - [MESSAGE][PASSED] - Call Test Case 'Test Cases/Utility Scripts/TF Sign In' successfully

22-10-2025T09:50:44 - [TEST_STEP][PASSED] - if (verifyElementVisible(findTestObject("TripFocus/Testing_Notification_btn"), OPTIONAL) == true): Web element with id: 'Object Repository/TripFocus/Testing_Notification_btn' located by '//*[@id="__BVID__10___BV_modal_footer_"]/button' not found (Root cause: com.kms.katalon.core.exception.StepFailedException: Web element with id: 'Object Repository/TripFocus/Testing_Notification_btn' located by '//*[@id="__BVID__10___BV_modal_footer_"]/button' not found
	at com.kms.katalon.core.webui.keyword.internal.WebUIKeywordMain.stepFailed(WebUIKeywordMain.groovy:117)
	at com.kms.katalon.core.webui.keyword.builtin.VerifyElementVisibleKeyword$_verifyElementVisible_closure1.doCall(VerifyElementVisibleKeyword.groovy:89)
	at com.kms.katalon.core.webui.keyword.builtin.VerifyElementVisibleKeyword$_verifyElementVisible_closure1.call(VerifyElementVisibleKeyword.groovy)
	at com.kms.katalon.core.webui.keyword.internal.WebUIKeywordMain.runKeyword(WebUIKeywordMain.groovy:35)
	at com.kms.katalon.core.webui.keyword.builtin.VerifyElementVisibleKeyword.verifyElementVisible(VerifyElementVisibleKeyword.groovy:97)
	at com.kms.katalon.core.webui.keyword.builtin.VerifyElementVisibleKeyword.execute(VerifyElementVisibleKeyword.groovy:67)
	at com.kms.katalon.core.keyword.internal.KeywordExecutor.executeKeywordForPlatform(KeywordExecutor.groovy:74)
	at com.kms.katalon.core.webui.keyword.WebUiBuiltInKeywords.verifyElementVisible(WebUiBuiltInKeywords.groovy:401)
	at com.kms.katalon.core.webui.keyword.WebUiBuiltInKeywords$verifyElementVisible$5.call(Unknown Source)
	at FDG - Creating New Order.run(FDG - Creating New Order:26)
	at com.kms.katalon.core.main.ScriptEngine.run(ScriptEngine.java:194)
	at com.kms.katalon.core.main.ScriptEngine.runScriptAsRawText(ScriptEngine.java:119)
	at com.kms.katalon.core.main.TestCaseExecutor.runScript(TestCaseExecutor.java:448)
	at com.kms.katalon.core.main.TestCaseExecutor.doExecute(TestCaseExecutor.java:439)
	at com.kms.katalon.core.main.TestCaseExecutor.processExecutionPhase(TestCaseExecutor.java:418)
	at com.kms.katalon.core.main.TestCaseExecutor.accessMainPhase(TestCaseExecutor.java:410)
	at com.kms.katalon.core.main.TestCaseExecutor.execute(TestCaseExecutor.java:285)
	at com.kms.katalon.core.common.CommonExecutor.accessTestCaseMainPhase(CommonExecutor.java:65)
	at com.kms.katalon.core.main.TestSuiteExecutor.accessTestSuiteMainPhase(TestSuiteExecutor.java:150)
	at com.kms.katalon.core.main.TestSuiteExecutor.execute(TestSuiteExecutor.java:106)
	at com.kms.katalon.core.main.TestCaseMain.startTestSuite(TestCaseMain.java:180)
	at com.kms.katalon.core.main.TestCaseMain$startTestSuite$0.call(Unknown Source)
	at TempTestSuite1761139058037.run(TempTestSuite1761139058037.groovy:35)
	at java.base/jdk.internal.reflect.NativeMethodAccessorImpl.invoke0(Native Method)
	at java.base/jdk.internal.reflect.NativeMethodAccessorImpl.invoke(NativeMethodAccessorImpl.java:77)
	at java.base/jdk.internal.reflect.DelegatingMethodAccessorImpl.invoke(DelegatingMethodAccessorImpl.java:43)
)

22-10-2025T09:51:01 - [MESSAGE][INFO] - Unable to find the element located by 'By.xpath: //*[@id="__BVID__10___BV_modal_footer_"]/button'. Please recheck the objects properties to make sure the desired element is located. 

22-10-2025T09:51:01 - [MESSAGE][WARNING] - [SELF-HEALING] Failed to find element with id 'Object Repository/TripFocus/Testing_Notification_btn'. Try using Self-healing.

22-10-2025T09:51:02 - [MESSAGE][INFO] - [SELF-HEALING] No working XPath is found.

22-10-2025T09:51:04 - [MESSAGE][INFO] - Unable to find the element located by 'By.xpath: '. Please recheck the objects properties to make sure the desired element is located. 

22-10-2025T09:51:04 - [MESSAGE][WARNING] - [SELF-HEALING] Cannot find elements when the selector is null

22-10-2025T09:51:04 - [MESSAGE][WARNING] - Web element with id: 'Object Repository/TripFocus/Testing_Notification_btn' located by '//*[@id="__BVID__10___BV_modal_footer_"]/button' not found (Root cause: com.kms.katalon.core.exception.StepFailedException: Web element with id: 'Object Repository/TripFocus/Testing_Notification_btn' located by '//*[@id="__BVID__10___BV_modal_footer_"]/button' not found
	at com.kms.katalon.core.webui.keyword.internal.WebUIKeywordMain.stepFailed(WebUIKeywordMain.groovy:117)
	at com.kms.katalon.core.webui.keyword.builtin.VerifyElementVisibleKeyword$_verifyElementVisible_closure1.doCall(VerifyElementVisibleKeyword.groovy:89)
	at com.kms.katalon.core.webui.keyword.builtin.VerifyElementVisibleKeyword$_verifyElementVisible_closure1.call(VerifyElementVisibleKeyword.groovy)
	at com.kms.katalon.core.webui.keyword.internal.WebUIKeywordMain.runKeyword(WebUIKeywordMain.groovy:35)
	at com.kms.katalon.core.webui.keyword.builtin.VerifyElementVisibleKeyword.verifyElementVisible(VerifyElementVisibleKeyword.groovy:97)
	at com.kms.katalon.core.webui.keyword.builtin.VerifyElementVisibleKeyword.execute(VerifyElementVisibleKeyword.groovy:67)
	at com.kms.katalon.core.keyword.internal.KeywordExecutor.executeKeywordForPlatform(KeywordExecutor.groovy:74)
	at com.kms.katalon.core.webui.keyword.WebUiBuiltInKeywords.verifyElementVisible(WebUiBuiltInKeywords.groovy:401)
	at com.kms.katalon.core.webui.keyword.WebUiBuiltInKeywords$verifyElementVisible$5.call(Unknown Source)
	at FDG - Creating New Order.run(FDG - Creating New Order:26)
	at com.kms.katalon.core.main.ScriptEngine.run(ScriptEngine.java:194)
	at com.kms.katalon.core.main.ScriptEngine.runScriptAsRawText(ScriptEngine.java:119)
	at com.kms.katalon.core.main.TestCaseExecutor.runScript(TestCaseExecutor.java:448)
	at com.kms.katalon.core.main.TestCaseExecutor.doExecute(TestCaseExecutor.java:439)
	at com.kms.katalon.core.main.TestCaseExecutor.processExecutionPhase(TestCaseExecutor.java:418)
	at com.kms.katalon.core.main.TestCaseExecutor.accessMainPhase(TestCaseExecutor.java:410)
	at com.kms.katalon.core.main.TestCaseExecutor.execute(TestCaseExecutor.java:285)
	at com.kms.katalon.core.common.CommonExecutor.accessTestCaseMainPhase(CommonExecutor.java:65)
	at com.kms.katalon.core.main.TestSuiteExecutor.accessTestSuiteMainPhase(TestSuiteExecutor.java:150)
	at com.kms.katalon.core.main.TestSuiteExecutor.execute(TestSuiteExecutor.java:106)
	at com.kms.katalon.core.main.TestCaseMain.startTestSuite(TestCaseMain.java:180)
	at com.kms.katalon.core.main.TestCaseMain$startTestSuite$0.call(Unknown Source)
	at TempTestSuite1761139058037.run(TempTestSuite1761139058037.groovy:35)
	at java.base/jdk.internal.reflect.NativeMethodAccessorImpl.invoke0(Native Method)
	at java.base/jdk.internal.reflect.NativeMethodAccessorImpl.invoke(NativeMethodAccessorImpl.java:77)
	at java.base/jdk.internal.reflect.DelegatingMethodAccessorImpl.invoke(DelegatingMethodAccessorImpl.java:43)
)

22-10-2025T09:51:04 - [TEST_STEP][PASSED] - click(findTestObject("TripFocus/Orders/Orders_tab")): Object: 'Object Repository/TripFocus/Orders/Orders_tab' is clicked on

22-10-2025T09:51:04 - [MESSAGE][PASSED] - Object: 'Object Repository/TripFocus/Orders/Orders_tab' is clicked on

22-10-2025T09:51:04 - [TEST_STEP][PASSED] - delay(10): Delayed 10 second(s)

22-10-2025T09:51:14 - [MESSAGE][PASSED] - Delayed 10 second(s)

22-10-2025T09:51:14 - [TEST_STEP][PASSED] - click(findTestObject("TripFocus/Orders/Create New Order_btn")): Object: 'Object Repository/TripFocus/Orders/Create New Order_btn' is clicked on

22-10-2025T09:51:14 - [MESSAGE][PASSED] - Object: 'Object Repository/TripFocus/Orders/Create New Order_btn' is clicked on

22-10-2025T09:51:14 - [TEST_STEP][PASSED] - delay(2): Delayed 2 second(s)

22-10-2025T09:51:16 - [MESSAGE][PASSED] - Delayed 2 second(s)

22-10-2025T09:51:16 - [TEST_STEP][PASSED] - click(findTestObject("TripFocus/Orders/Create New Order/Add Products/Add Product_link")): Object: 'Object Repository/TripFocus/Orders/Create New Order/Add Products/Add Product_link' is clicked on

22-10-2025T09:51:16 - [MESSAGE][PASSED] - Object: 'Object Repository/TripFocus/Orders/Create New Order/Add Products/Add Product_link' is clicked on

22-10-2025T09:51:16 - [TEST_STEP][PASSED] - delay(2): Delayed 2 second(s)

22-10-2025T09:51:18 - [MESSAGE][PASSED] - Delayed 2 second(s)

22-10-2025T09:51:18 - [TEST_STEP][PASSED] - click(findTestObject("TripFocus/Sidebar Minimizer")): Object: 'Object Repository/TripFocus/Sidebar Minimizer' is clicked on

22-10-2025T09:51:19 - [MESSAGE][PASSED] - Object: 'Object Repository/TripFocus/Sidebar Minimizer' is clicked on

22-10-2025T09:51:19 - [TEST_STEP][PASSED] - delay(1): Delayed 1 second(s)

22-10-2025T09:51:20 - [MESSAGE][PASSED] - Delayed 1 second(s)

22-10-2025T09:51:20 - [TEST_STEP][PASSED] - click(findTestObject("TripFocus/Orders/Create New Order/Add Products/Delivery_Site_dropdown")): Object: 'Object Repository/TripFocus/Orders/Create New Order/Add Products/Delivery_Site_dropdown' is clicked on

22-10-2025T09:51:20 - [MESSAGE][PASSED] - Object: 'Object Repository/TripFocus/Orders/Create New Order/Add Products/Delivery_Site_dropdown' is clicked on

22-10-2025T09:51:20 - [TEST_STEP][PASSED] - delay(2): Delayed 2 second(s)

22-10-2025T09:51:22 - [MESSAGE][PASSED] - Delayed 2 second(s)

22-10-2025T09:51:22 - [TEST_STEP][PASSED] - sendKeys(findTestObject("TripFocus/Orders/Create New Order/Add Products/Delivery_Site_txt"), "COSTCO 367"): Keys 'COSTCO 367' sent to object: 'Object Repository/TripFocus/Orders/Create New Order/Add Products/Delivery_Site_txt'

22-10-2025T09:51:22 - [MESSAGE][PASSED] - Keys 'COSTCO 367' sent to object: 'Object Repository/TripFocus/Orders/Create New Order/Add Products/Delivery_Site_txt'

22-10-2025T09:51:22 - [TEST_STEP][PASSED] - delay(2): Delayed 2 second(s)

22-10-2025T09:51:24 - [MESSAGE][PASSED] - Delayed 2 second(s)

22-10-2025T09:51:24 - [TEST_STEP][PASSED] - sendKeys(findTestObject("TripFocus/Orders/Create New Order/Add Products/Delivery_Site_txt"), Keys.chord(ENTER)): Keys 'ENTER + ' sent to object: 'Object Repository/TripFocus/Orders/Create New Order/Add Products/Delivery_Site_txt'

22-10-2025T09:51:24 - [MESSAGE][PASSED] - Keys 'ENTER + ' sent to object: 'Object Repository/TripFocus/Orders/Create New Order/Add Products/Delivery_Site_txt'

22-10-2025T09:51:24 - [TEST_STEP][PASSED] - delay(2): Delayed 2 second(s)

22-10-2025T09:51:26 - [MESSAGE][PASSED] - Delayed 2 second(s)

22-10-2025T09:51:26 - [TEST_STEP][PASSED] - click(findTestObject("TripFocus/Orders/Create New Order/Add Products/Shipper_dropdown")): Object: 'Object Repository/TripFocus/Orders/Create New Order/Add Products/Shipper_dropdown' is clicked on

22-10-2025T09:51:26 - [MESSAGE][PASSED] - Object: 'Object Repository/TripFocus/Orders/Create New Order/Add Products/Shipper_dropdown' is clicked on

22-10-2025T09:51:26 - [TEST_STEP][PASSED] - delay(20): Delayed 20 second(s)

22-10-2025T09:51:46 - [MESSAGE][PASSED] - Delayed 20 second(s)

22-10-2025T09:51:46 - [TEST_STEP][PASSED] - sendKeys(findTestObject("TripFocus/Orders/Create New Order/Add Products/Shipper_txt"), "Marathon"): Keys 'Marathon' sent to object: 'Object Repository/TripFocus/Orders/Create New Order/Add Products/Shipper_txt'

22-10-2025T09:51:46 - [MESSAGE][PASSED] - Keys 'Marathon' sent to object: 'Object Repository/TripFocus/Orders/Create New Order/Add Products/Shipper_txt'

22-10-2025T09:51:46 - [TEST_STEP][PASSED] - delay(2): Delayed 2 second(s)

22-10-2025T09:51:48 - [MESSAGE][PASSED] - Delayed 2 second(s)

22-10-2025T09:51:48 - [TEST_STEP][PASSED] - sendKeys(findTestObject("TripFocus/Orders/Create New Order/Add Products/Shipper_txt"), Keys.chord(ENTER)): Keys 'ENTER + ' sent to object: 'Object Repository/TripFocus/Orders/Create New Order/Add Products/Shipper_txt'

22-10-2025T09:51:48 - [MESSAGE][PASSED] - Keys 'ENTER + ' sent to object: 'Object Repository/TripFocus/Orders/Create New Order/Add Products/Shipper_txt'

22-10-2025T09:51:48 - [TEST_STEP][PASSED] - delay(10): Delayed 10 second(s)

22-10-2025T09:51:58 - [MESSAGE][PASSED] - Delayed 10 second(s)

22-10-2025T09:51:58 - [TEST_STEP][PASSED] - click(findTestObject("TripFocus/Orders/Create New Order/Add Products/Supplier_dropdown")): Object: 'Object Repository/TripFocus/Orders/Create New Order/Add Products/Supplier_dropdown' is clicked on

22-10-2025T09:51:58 - [MESSAGE][PASSED] - Object: 'Object Repository/TripFocus/Orders/Create New Order/Add Products/Supplier_dropdown' is clicked on

22-10-2025T09:51:58 - [TEST_STEP][PASSED] - delay(2): Delayed 2 second(s)

22-10-2025T09:52:00 - [MESSAGE][PASSED] - Delayed 2 second(s)

22-10-2025T09:52:00 - [TEST_STEP][PASSED] - sendKeys(findTestObject("TripFocus/Orders/Create New Order/Add Products/Supplier_txt"), "Trafigura"): Keys 'Trafigura' sent to object: 'Object Repository/TripFocus/Orders/Create New Order/Add Products/Supplier_txt'

22-10-2025T09:52:00 - [MESSAGE][PASSED] - Keys 'Trafigura' sent to object: 'Object Repository/TripFocus/Orders/Create New Order/Add Products/Supplier_txt'

22-10-2025T09:52:00 - [TEST_STEP][PASSED] - delay(2): Delayed 2 second(s)

22-10-2025T09:52:02 - [MESSAGE][PASSED] - Delayed 2 second(s)

22-10-2025T09:52:02 - [TEST_STEP][PASSED] - sendKeys(findTestObject("TripFocus/Orders/Create New Order/Add Products/Supplier_txt"), Keys.chord(ENTER)): Keys 'ENTER + ' sent to object: 'Object Repository/TripFocus/Orders/Create New Order/Add Products/Supplier_txt'

22-10-2025T09:52:02 - [MESSAGE][PASSED] - Keys 'ENTER + ' sent to object: 'Object Repository/TripFocus/Orders/Create New Order/Add Products/Supplier_txt'

22-10-2025T09:52:02 - [TEST_STEP][PASSED] - delay(2): Delayed 2 second(s)

22-10-2025T09:52:04 - [MESSAGE][PASSED] - Delayed 2 second(s)

22-10-2025T09:52:04 - [TEST_STEP][PASSED] - click(findTestObject("TripFocus/Orders/Create New Order/Add Products/Account_Of_dropdown")): Object: 'Object Repository/TripFocus/Orders/Create New Order/Add Products/Account_Of_dropdown' is clicked on

22-10-2025T09:52:04 - [MESSAGE][PASSED] - Object: 'Object Repository/TripFocus/Orders/Create New Order/Add Products/Account_Of_dropdown' is clicked on

22-10-2025T09:52:04 - [TEST_STEP][PASSED] - delay(2): Delayed 2 second(s)

22-10-2025T09:52:06 - [MESSAGE][PASSED] - Delayed 2 second(s)

22-10-2025T09:52:06 - [TEST_STEP][PASSED] - sendKeys(findTestObject("TripFocus/Orders/Create New Order/Add Products/Account_Of_txt"), "Unknown"): Keys 'Unknown' sent to object: 'Object Repository/TripFocus/Orders/Create New Order/Add Products/Account_Of_txt'

22-10-2025T09:52:06 - [MESSAGE][PASSED] - Keys 'Unknown' sent to object: 'Object Repository/TripFocus/Orders/Create New Order/Add Products/Account_Of_txt'

22-10-2025T09:52:06 - [TEST_STEP][PASSED] - delay(2): Delayed 2 second(s)

22-10-2025T09:52:08 - [MESSAGE][PASSED] - Delayed 2 second(s)

22-10-2025T09:52:08 - [TEST_STEP][PASSED] - sendKeys(findTestObject("TripFocus/Orders/Create New Order/Add Products/Account_Of_txt"), Keys.chord(ENTER)): Keys 'ENTER + ' sent to object: 'Object Repository/TripFocus/Orders/Create New Order/Add Products/Account_Of_txt'

22-10-2025T09:52:09 - [MESSAGE][PASSED] - Keys 'ENTER + ' sent to object: 'Object Repository/TripFocus/Orders/Create New Order/Add Products/Account_Of_txt'

22-10-2025T09:52:09 - [TEST_STEP][PASSED] - delay(3): Delayed 3 second(s)

22-10-2025T09:52:12 - [MESSAGE][PASSED] - Delayed 3 second(s)

22-10-2025T09:52:12 - [TEST_STEP][PASSED] - if (waitForElementVisible(findTestObject("TripFocus/Orders/System_Notification_OK_btn"), 0, STOP_ON_FAILURE) == true): Web element with id: 'Object Repository/TripFocus/Orders/System_Notification_OK_btn' located by '//*[@id="__BVID__10___BV_modal_footer_"]/button' not found

22-10-2025T09:52:12 - [MESSAGE][WARNING] - Timeout '0' is invalid. Using default page load timeout: '15'

22-10-2025T09:52:28 - [MESSAGE][INFO] - Unable to find the element located by 'By.xpath: //*[@id="__BVID__10___BV_modal_footer_"]/button'. Please recheck the objects properties to make sure the desired element is located. 

22-10-2025T09:52:28 - [MESSAGE][WARNING] - [SELF-HEALING] Failed to find element with id 'Object Repository/TripFocus/Orders/System_Notification_OK_btn'. Try using Self-healing.

22-10-2025T09:52:29 - [MESSAGE][INFO] - [SELF-HEALING] No working XPath is found.

22-10-2025T09:52:31 - [MESSAGE][INFO] - Unable to find the element located by 'By.xpath: '. Please recheck the objects properties to make sure the desired element is located. 

22-10-2025T09:52:31 - [MESSAGE][WARNING] - [SELF-HEALING] Cannot find elements when the selector is null

22-10-2025T09:52:31 - [MESSAGE][WARNING] - Web element with id: 'Object Repository/TripFocus/Orders/System_Notification_OK_btn' located by '//*[@id="__BVID__10___BV_modal_footer_"]/button' not found

22-10-2025T09:52:31 - [TEST_STEP][PASSED] - sendKeys(findTestObject("TripFocus/Orders/Create New Order/Add Products/Commodity_txt"), "Premium"): Keys 'Premium' sent to object: 'Object Repository/TripFocus/Orders/Create New Order/Add Products/Commodity_txt'

22-10-2025T09:52:31 - [MESSAGE][PASSED] - Keys 'Premium' sent to object: 'Object Repository/TripFocus/Orders/Create New Order/Add Products/Commodity_txt'

22-10-2025T09:52:31 - [TEST_STEP][PASSED] - delay(2): Delayed 2 second(s)

22-10-2025T09:52:33 - [MESSAGE][PASSED] - Delayed 2 second(s)

22-10-2025T09:52:33 - [TEST_STEP][PASSED] - sendKeys(findTestObject("TripFocus/Orders/Create New Order/Add Products/Commodity_txt"), Keys.chord(ENTER)): Keys 'ENTER + ' sent to object: 'Object Repository/TripFocus/Orders/Create New Order/Add Products/Commodity_txt'

22-10-2025T09:52:33 - [MESSAGE][PASSED] - Keys 'ENTER + ' sent to object: 'Object Repository/TripFocus/Orders/Create New Order/Add Products/Commodity_txt'

22-10-2025T09:52:33 - [TEST_STEP][PASSED] - delay(2): Delayed 2 second(s)

22-10-2025T09:52:35 - [MESSAGE][PASSED] - Delayed 2 second(s)

22-10-2025T09:52:35 - [TEST_STEP][PASSED] - setText(findTestObject("TripFocus/Orders/Create New Order/Add Products/Quantity_txt"), "4444"): Text '4444' is set on object 'Object Repository/TripFocus/Orders/Create New Order/Add Products/Quantity_txt'

22-10-2025T09:52:35 - [MESSAGE][PASSED] - Text '4444' is set on object 'Object Repository/TripFocus/Orders/Create New Order/Add Products/Quantity_txt'

22-10-2025T09:52:35 - [TEST_STEP][PASSED] - delay(2): Delayed 2 second(s)

22-10-2025T09:52:37 - [MESSAGE][PASSED] - Delayed 2 second(s)

22-10-2025T09:52:37 - [TEST_STEP][PASSED] - click(findTestObject("TripFocus/Orders/Create New Order/Add Products/Account_Of_dropdown")): Object: 'Object Repository/TripFocus/Orders/Create New Order/Add Products/Account_Of_dropdown' is clicked on

22-10-2025T09:52:37 - [MESSAGE][PASSED] - Object: 'Object Repository/TripFocus/Orders/Create New Order/Add Products/Account_Of_dropdown' is clicked on

22-10-2025T09:52:37 - [TEST_STEP][PASSED] - delay(2): Delayed 2 second(s)

22-10-2025T09:52:39 - [MESSAGE][PASSED] - Delayed 2 second(s)

22-10-2025T09:52:39 - [TEST_STEP][PASSED] - click(findTestObject("TripFocus/Orders/Create New Order/Add Products/Add_Product_btn (When Showing Advanced Options)")): Object: 'Object Repository/TripFocus/Orders/Create New Order/Add Products/Add_Product_btn (When Showing Advanced Options)' is clicked on

22-10-2025T09:52:39 - [MESSAGE][PASSED] - Object: 'Object Repository/TripFocus/Orders/Create New Order/Add Products/Add_Product_btn (When Showing Advanced Options)' is clicked on

22-10-2025T09:52:39 - [TEST_STEP][PASSED] - delay(2): Delayed 2 second(s)

22-10-2025T09:52:41 - [MESSAGE][PASSED] - Delayed 2 second(s)

22-10-2025T09:52:41 - [TEST_STEP][PASSED] - click(findTestObject("TripFocus/Orders/Create New Order/Add Products/Close_btn")): Object: 'Object Repository/TripFocus/Orders/Create New Order/Add Products/Close_btn' is clicked on

22-10-2025T09:52:42 - [MESSAGE][PASSED] - Object: 'Object Repository/TripFocus/Orders/Create New Order/Add Products/Close_btn' is clicked on

22-10-2025T09:52:42 - [TEST_STEP][PASSED] - delay(2): Delayed 2 second(s)

22-10-2025T09:52:44 - [MESSAGE][PASSED] - Delayed 2 second(s)

22-10-2025T09:52:44 - [TEST_STEP][PASSED] - click(findTestObject("TripFocus/Orders/Create New Order/Review_Order_Tender_btn")): Object: 'Object Repository/TripFocus/Orders/Create New Order/Review_Order_Tender_btn' is clicked on

22-10-2025T09:52:44 - [MESSAGE][PASSED] - Object: 'Object Repository/TripFocus/Orders/Create New Order/Review_Order_Tender_btn' is clicked on

22-10-2025T09:52:44 - [TEST_STEP][PASSED] - delay(2): Delayed 2 second(s)

22-10-2025T09:52:46 - [MESSAGE][PASSED] - Delayed 2 second(s)

22-10-2025T09:52:46 - [TEST_STEP][PASSED] - click(findTestObject("TripFocus/Orders/Create New Order/Submit_Order_Tender_btn")): Object: 'Object Repository/TripFocus/Orders/Create New Order/Submit_Order_Tender_btn' is clicked on

22-10-2025T09:52:46 - [MESSAGE][PASSED] - Object: 'Object Repository/TripFocus/Orders/Create New Order/Submit_Order_Tender_btn' is clicked on

22-10-2025T09:52:46 - [TEST_STEP][PASSED] - waitForElementPresent(findTestObject("TripFocus/Orders/Create New Order/Order Submitted Successfully Message"), 30): Object 'Object Repository/TripFocus/Orders/Create New Order/Order Submitted Successfully Message' is present

22-10-2025T09:52:49 - [MESSAGE][PASSED] - Object 'Object Repository/TripFocus/Orders/Create New Order/Order Submitted Successfully Message' is present

22-10-2025T09:52:49 - [TEST_STEP][PASSED] - verifyElementPresent(findTestObject("TripFocus/Orders/Create New Order/Order Submitted Successfully Message"), 30): Object 'Object Repository/TripFocus/Orders/Create New Order/Order Submitted Successfully Message' is present

22-10-2025T09:52:49 - [MESSAGE][PASSED] - Object 'Object Repository/TripFocus/Orders/Create New Order/Order Submitted Successfully Message' is present

22-10-2025T09:52:49 - [TEST_STEP][PASSED] - delay(10): Delayed 10 second(s)

22-10-2025T09:52:59 - [MESSAGE][PASSED] - Delayed 10 second(s)

22-10-2025T09:52:59 - [TEST_STEP][PASSED] - waitForElementVisible(findTestObject("TripFocus/Orders/Create New Order/Order Submitted Successfully Message"), 10): Object 'Object Repository/TripFocus/Orders/Create New Order/Order Submitted Successfully Message' is visible

22-10-2025T09:52:59 - [MESSAGE][PASSED] - Object 'Object Repository/TripFocus/Orders/Create New Order/Order Submitted Successfully Message' is visible

22-10-2025T09:52:59 - [TEST_STEP][PASSED] - actualText = getText(findTestObject("TripFocus/Orders/Create New Order/Order Submitted Successfully Message")): Text of object 'Object Repository/TripFocus/Orders/Create New Order/Order Submitted Successfully Message' is: 'Order Submitted Successfully'

22-10-2025T09:52:59 - [MESSAGE][PASSED] - Text of object 'Object Repository/TripFocus/Orders/Create New Order/Order Submitted Successfully Message' is: 'Order Submitted Successfully'

22-10-2025T09:52:59 - [TEST_STEP][PASSED] - verifyMatch(actualText, "Order Submitted Successfully", false): Actual text 'Order Submitted Successfully' and expected text 'Order Submitted Successfully' are matched 

22-10-2025T09:52:59 - [MESSAGE][PASSED] - Actual text 'Order Submitted Successfully' and expected text 'Order Submitted Successfully' are matched 

22-10-2025T09:52:59 - [TEST_STEP][PASSED] - if (closeWindow): Browser is closed

22-10-2025T09:52:59 - [TEST_STEP][PASSED] - click(findTestObject("TripFocus/Orders/Create New Order/Close_btn")): Object: 'Object Repository/TripFocus/Orders/Create New Order/Close_btn' is clicked on

22-10-2025T09:52:59 - [MESSAGE][PASSED] - Object: 'Object Repository/TripFocus/Orders/Create New Order/Close_btn' is clicked on

22-10-2025T09:52:59 - [TEST_STEP][PASSED] - closeBrowser(): Browser is closed

22-10-2025T09:52:59 - [MESSAGE][PASSED] - Browser is closed

22-10-2025T09:52:59 - [TEST_STEP][PASSED] - Start listener action : retryOnDisconnect: null

22-10-2025T09:52:59 - [TEST_STEP][PASSED] - tcId = testCaseContext.getTestCaseId(): null

22-10-2025T09:52:59 - [TEST_STEP][PASSED] - currentRetry = retryCounts.getOrDefault(tcId, 0): null

22-10-2025T09:52:59 - [TEST_STEP][PASSED] - if (testCaseContext.getTestCaseStatus() == "FAILED" && currentRetry < MAX_RETRIES): null]]></system-out>
         <system-err><![CDATA[]]></system-err>
      </testcase>
      <testcase name="Test Cases/TripFocus/FDG/FDG - Orders/FDG - Edit Created Order" time="216.092" classname="Test Cases/TripFocus/FDG/FDG - Orders/FDG - Edit Created Order" status="FAILED">
         <failure type="FAILED" message="Test Cases/TripFocus/FDG/FDG - Orders/FDG - Edit Created Order FAILED.&#xa;Reason:&#xa;com.kms.katalon.core.exception.StepFailedException: Unable to click on object 'Object Repository/TripFocus/Orders/Edit Order/Submit_Updated_Tender_btn'&#xa;	at com.kms.katalon.core.webui.keyword.internal.WebUIKeywordMain.stepFailed(WebUIKeywordMain.groovy:117)&#xa;	at com.kms.katalon.core.webui.keyword.internal.WebUIKeywordMain.runKeyword(WebUIKeywordMain.groovy:43)&#xa;	at com.kms.katalon.core.webui.keyword.builtin.ClickKeyword.click(ClickKeyword.groovy:74)&#xa;	at com.kms.katalon.core.webui.keyword.builtin.ClickKeyword.execute(ClickKeyword.groovy:40)&#xa;	at com.kms.katalon.core.keyword.internal.KeywordExecutor.executeKeywordForPlatform(KeywordExecutor.groovy:74)&#xa;	at com.kms.katalon.core.webui.keyword.WebUiBuiltInKeywords.click(WebUiBuiltInKeywords.groovy:659)&#xa;	at com.kms.katalon.core.webui.keyword.WebUiBuiltInKeywords$click$1.call(Unknown Source)&#xa;	at FDG - Edit Created Order.run(FDG - Edit Created Order:58)&#xa;	at com.kms.katalon.core.main.ScriptEngine.run(ScriptEngine.java:194)&#xa;	at com.kms.katalon.core.main.ScriptEngine.runScriptAsRawText(ScriptEngine.java:119)&#xa;	at com.kms.katalon.core.main.TestCaseExecutor.runScript(TestCaseExecutor.java:448)&#xa;	at com.kms.katalon.core.main.TestCaseExecutor.doExecute(TestCaseExecutor.java:439)&#xa;	at com.kms.katalon.core.main.TestCaseExecutor.processExecutionPhase(TestCaseExecutor.java:418)&#xa;	at com.kms.katalon.core.main.TestCaseExecutor.accessMainPhase(TestCaseExecutor.java:410)&#xa;	at com.kms.katalon.core.main.TestCaseExecutor.execute(TestCaseExecutor.java:285)&#xa;	at com.kms.katalon.core.common.CommonExecutor.accessTestCaseMainPhase(CommonExecutor.java:65)&#xa;	at com.kms.katalon.core.main.TestSuiteExecutor.accessTestSuiteMainPhase(TestSuiteExecutor.java:150)&#xa;	at com.kms.katalon.core.main.TestSuiteExecutor.execute(TestSuiteExecutor.java:106)&#xa;	at com.kms.katalon.core.main.TestCaseMain.startTestSuite(TestCaseMain.java:180)&#xa;	at com.kms.katalon.core.main.TestCaseMain$startTestSuite$0.call(Unknown Source)&#xa;	at TempTestSuite1761139058037.run(TempTestSuite1761139058037.groovy:35)&#xa;	at java.base/jdk.internal.reflect.NativeMethodAccessorImpl.invoke0(Native Method)&#xa;	at java.base/jdk.internal.reflect.NativeMethodAccessorImpl.invoke(NativeMethodAccessorImpl.java:77)&#xa;	at java.base/jdk.internal.reflect.DelegatingMethodAccessorImpl.invoke(DelegatingMethodAccessorImpl.java:43)&#xa;Caused by: com.kms.katalon.core.webui.exception.WebElementNotFoundException: Web element with id: 'Object Repository/TripFocus/Orders/Edit Order/Submit_Updated_Tender_btn' located by '//button[normalize-space(text())='Submit Updated Tender']' not found&#xa;	at com.kms.katalon.core.webui.common.WebUiCommonHelper.findWebElement(WebUiCommonHelper.java:1423)&#xa;	at com.kms.katalon.core.webui.keyword.internal.WebUIAbstractKeyword.findWebElement(WebUIAbstractKeyword.groovy:27)&#xa;	at com.kms.katalon.core.webui.keyword.builtin.ClickKeyword$_click_closure1.doCall(ClickKeyword.groovy:65)&#xa;	at com.kms.katalon.core.webui.keyword.builtin.ClickKeyword$_click_closure1.call(ClickKeyword.groovy)&#xa;	at com.kms.katalon.core.webui.keyword.internal.WebUIKeywordMain.runKeyword(WebUIKeywordMain.groovy:35)&#xa;	... 22 more&#xa;"/>
         <system-out><![CDATA[22-10-2025T09:52:59 - [TEST_CASE][FAILED] - Test Cases/TripFocus/FDG/FDG - Orders/FDG - Edit Created Order: Test Cases/TripFocus/FDG/FDG - Orders/FDG - Edit Created Order FAILED.
Reason:
com.kms.katalon.core.exception.StepFailedException: Unable to click on object 'Object Repository/TripFocus/Orders/Edit Order/Submit_Updated_Tender_btn'
	at com.kms.katalon.core.webui.keyword.internal.WebUIKeywordMain.stepFailed(WebUIKeywordMain.groovy:117)
	at com.kms.katalon.core.webui.keyword.internal.WebUIKeywordMain.runKeyword(WebUIKeywordMain.groovy:43)
	at com.kms.katalon.core.webui.keyword.builtin.ClickKeyword.click(ClickKeyword.groovy:74)
	at com.kms.katalon.core.webui.keyword.builtin.ClickKeyword.execute(ClickKeyword.groovy:40)
	at com.kms.katalon.core.keyword.internal.KeywordExecutor.executeKeywordForPlatform(KeywordExecutor.groovy:74)
	at com.kms.katalon.core.webui.keyword.WebUiBuiltInKeywords.click(WebUiBuiltInKeywords.groovy:659)
	at com.kms.katalon.core.webui.keyword.WebUiBuiltInKeywords$click$1.call(Unknown Source)
	at FDG - Edit Created Order.run(FDG - Edit Created Order:58)
	at com.kms.katalon.core.main.ScriptEngine.run(ScriptEngine.java:194)
	at com.kms.katalon.core.main.ScriptEngine.runScriptAsRawText(ScriptEngine.java:119)
	at com.kms.katalon.core.main.TestCaseExecutor.runScript(TestCaseExecutor.java:448)
	at com.kms.katalon.core.main.TestCaseExecutor.doExecute(TestCaseExecutor.java:439)
	at com.kms.katalon.core.main.TestCaseExecutor.processExecutionPhase(TestCaseExecutor.java:418)
	at com.kms.katalon.core.main.TestCaseExecutor.accessMainPhase(TestCaseExecutor.java:410)
	at com.kms.katalon.core.main.TestCaseExecutor.execute(TestCaseExecutor.java:285)
	at com.kms.katalon.core.common.CommonExecutor.accessTestCaseMainPhase(CommonExecutor.java:65)
	at com.kms.katalon.core.main.TestSuiteExecutor.accessTestSuiteMainPhase(TestSuiteExecutor.java:150)
	at com.kms.katalon.core.main.TestSuiteExecutor.execute(TestSuiteExecutor.java:106)
	at com.kms.katalon.core.main.TestCaseMain.startTestSuite(TestCaseMain.java:180)
	at com.kms.katalon.core.main.TestCaseMain$startTestSuite$0.call(Unknown Source)
	at TempTestSuite1761139058037.run(TempTestSuite1761139058037.groovy:35)
	at java.base/jdk.internal.reflect.NativeMethodAccessorImpl.invoke0(Native Method)
	at java.base/jdk.internal.reflect.NativeMethodAccessorImpl.invoke(NativeMethodAccessorImpl.java:77)
	at java.base/jdk.internal.reflect.DelegatingMethodAccessorImpl.invoke(DelegatingMethodAccessorImpl.java:43)
Caused by: com.kms.katalon.core.webui.exception.WebElementNotFoundException: Web element with id: 'Object Repository/TripFocus/Orders/Edit Order/Submit_Updated_Tender_btn' located by '//button[normalize-space(text())='Submit Updated Tender']' not found
	at com.kms.katalon.core.webui.common.WebUiCommonHelper.findWebElement(WebUiCommonHelper.java:1423)
	at com.kms.katalon.core.webui.keyword.internal.WebUIAbstractKeyword.findWebElement(WebUIAbstractKeyword.groovy:27)
	at com.kms.katalon.core.webui.keyword.builtin.ClickKeyword$_click_closure1.doCall(ClickKeyword.groovy:65)
	at com.kms.katalon.core.webui.keyword.builtin.ClickKeyword$_click_closure1.call(ClickKeyword.groovy)
	at com.kms.katalon.core.webui.keyword.internal.WebUIKeywordMain.runKeyword(WebUIKeywordMain.groovy:35)
	... 22 more


22-10-2025T09:52:59 - [TEST_STEP][PASSED] - Start listener action : beforeTestCase: null

22-10-2025T09:52:59 - [TEST_STEP][PASSED] - addDefaultPackages(): null

22-10-2025T09:52:59 - [TEST_STEP][PASSED] - callTestCase(findTestCase("TripFocus/FDG/FDG - Orders/FDG - Creating New Order"), ["closeWindow":false], STOP_ON_FAILURE): Call Test Case 'Test Cases/TripFocus/FDG/FDG - Orders/FDG - Creating New Order' successfully

22-10-2025T09:52:59 - [TEST_CASE][PASSED] - Test Cases/TripFocus/FDG/FDG - Orders/FDG - Creating New Order: Test Cases/TripFocus/FDG/FDG - Orders/FDG - Creating New Order

22-10-2025T09:52:59 - [TEST_STEP][PASSED] - callTestCase(findTestCase("Utility Scripts/Open Browser"), ["destinationURL":TFBaseURL], STOP_ON_FAILURE): Call Test Case 'Test Cases/Utility Scripts/Open Browser' successfully

22-10-2025T09:52:59 - [TEST_CASE][PASSED] - Test Cases/Utility Scripts/Open Browser: Test Cases/Utility Scripts/Open Browser

22-10-2025T09:52:59 - [TEST_STEP][PASSED] - openBrowser(""): Browser is opened with url: ''

22-10-2025T09:52:59 - [MESSAGE][INFO] - Starting 'Chrome' driver

22-10-2025T09:52:59 - [MESSAGE][INFO] - User set preference: ['args', '[--no-sandbox, --disable-gpu, --disable-dev-shm-usage]']

22-10-2025T09:52:59 - [MESSAGE][INFO] - Action delay is set to 0 milliseconds

22-10-2025T09:53:00 - [MESSAGE][PASSED] - Browser is opened with url: ''

22-10-2025T09:53:00 - [TEST_STEP][PASSED] - navigateToUrl(destinationURL): Navigate to 'https://www.qa.tripfocus.com' successfully

22-10-2025T09:53:01 - [MESSAGE][PASSED] - Navigate to 'https://www.qa.tripfocus.com' successfully

22-10-2025T09:53:01 - [TEST_STEP][PASSED] - if (maximizeWindow == true): Current window maximized

22-10-2025T09:53:01 - [TEST_STEP][PASSED] - maximizeWindow(STOP_ON_FAILURE): Current window maximized

22-10-2025T09:53:01 - [MESSAGE][PASSED] - Current window maximized

22-10-2025T09:53:01 - [MESSAGE][PASSED] - Call Test Case 'Test Cases/Utility Scripts/Open Browser' successfully

22-10-2025T09:53:01 - [TEST_STEP][PASSED] - callTestCase(findTestCase("Utility Scripts/TF Sign In"), ["userName":TripFocusPenskeFDGUsername, "password":TripFocusFDGSPGPassword], STOP_ON_FAILURE): Call Test Case 'Test Cases/Utility Scripts/TF Sign In' successfully

22-10-2025T09:53:01 - [TEST_CASE][PASSED] - Test Cases/Utility Scripts/TF Sign In: Test Cases/Utility Scripts/TF Sign In

22-10-2025T09:53:01 - [TEST_STEP][PASSED] - click(findTestObject("Object Repository/TripFocus/Page_TripFocus/button_Sign in")): Object: 'Object Repository/TripFocus/Page_TripFocus/button_Sign in' is clicked on

22-10-2025T09:53:01 - [MESSAGE][PASSED] - Object: 'Object Repository/TripFocus/Page_TripFocus/button_Sign in' is clicked on

22-10-2025T09:53:01 - [TEST_STEP][PASSED] - setText(findTestObject("Object Repository/TripFocus/Page_TripFocus/input_Username (e.g. email address)_Username"), userName): Text 'Ashford.Chenault+PenskeCustomerFDGONLY@thekag.com' is set on object 'Object Repository/TripFocus/Page_TripFocus/input_Username (e.g. email address)_Username'

22-10-2025T09:53:02 - [MESSAGE][PASSED] - Text 'Ashford.Chenault+PenskeCustomerFDGONLY@thekag.com' is set on object 'Object Repository/TripFocus/Page_TripFocus/input_Username (e.g. email address)_Username'

22-10-2025T09:53:02 - [TEST_STEP][PASSED] - setText(findTestObject("Object Repository/TripFocus/Page_TripFocus/input_Password_Password"), password): Text 'CrashBan911!!' is set on object 'Object Repository/TripFocus/Page_TripFocus/input_Password_Password'

22-10-2025T09:53:02 - [MESSAGE][PASSED] - Text 'CrashBan911!!' is set on object 'Object Repository/TripFocus/Page_TripFocus/input_Password_Password'

22-10-2025T09:53:02 - [TEST_STEP][PASSED] - click(findTestObject("Object Repository/TripFocus/Page_TripFocus/button_Login")): Object: 'Object Repository/TripFocus/Page_TripFocus/button_Login' is clicked on

22-10-2025T09:53:03 - [MESSAGE][PASSED] - Object: 'Object Repository/TripFocus/Page_TripFocus/button_Login' is clicked on

22-10-2025T09:53:03 - [TEST_STEP][PASSED] - maximizeWindow(): Current window maximized

22-10-2025T09:53:03 - [MESSAGE][PASSED] - Current window maximized

22-10-2025T09:53:03 - [TEST_STEP][PASSED] - waitForElementVisible(findTestObject("TripFocus/Testing_Notification_btn"), 5, OPTIONAL): Web element with id: 'Object Repository/TripFocus/Testing_Notification_btn' located by '//*[@id="__BVID__10___BV_modal_footer_"]/button' not found

22-10-2025T09:53:09 - [MESSAGE][INFO] - Unable to find the element located by 'By.xpath: //*[@id="__BVID__10___BV_modal_footer_"]/button'. Please recheck the objects properties to make sure the desired element is located. 

22-10-2025T09:53:09 - [MESSAGE][WARNING] - [SELF-HEALING] Failed to find element with id 'Object Repository/TripFocus/Testing_Notification_btn'. Try using Self-healing.

22-10-2025T09:53:10 - [MESSAGE][INFO] - [SELF-HEALING] No working XPath is found.

22-10-2025T09:53:12 - [MESSAGE][INFO] - Unable to find the element located by 'By.xpath: '. Please recheck the objects properties to make sure the desired element is located. 

22-10-2025T09:53:12 - [MESSAGE][WARNING] - [SELF-HEALING] Cannot find elements when the selector is null

22-10-2025T09:53:12 - [MESSAGE][WARNING] - Web element with id: 'Object Repository/TripFocus/Testing_Notification_btn' located by '//*[@id="__BVID__10___BV_modal_footer_"]/button' not found

22-10-2025T09:53:12 - [TEST_STEP][PASSED] - if (verifyElementVisible(findTestObject("TripFocus/Testing_Notification_btn"), OPTIONAL) == true): Web element with id: 'Object Repository/TripFocus/Testing_Notification_btn' located by '//*[@id="__BVID__10___BV_modal_footer_"]/button' not found (Root cause: com.kms.katalon.core.exception.StepFailedException: Web element with id: 'Object Repository/TripFocus/Testing_Notification_btn' located by '//*[@id="__BVID__10___BV_modal_footer_"]/button' not found
	at com.kms.katalon.core.webui.keyword.internal.WebUIKeywordMain.stepFailed(WebUIKeywordMain.groovy:117)
	at com.kms.katalon.core.webui.keyword.builtin.VerifyElementVisibleKeyword$_verifyElementVisible_closure1.doCall(VerifyElementVisibleKeyword.groovy:89)
	at com.kms.katalon.core.webui.keyword.builtin.VerifyElementVisibleKeyword$_verifyElementVisible_closure1.call(VerifyElementVisibleKeyword.groovy)
	at com.kms.katalon.core.webui.keyword.internal.WebUIKeywordMain.runKeyword(WebUIKeywordMain.groovy:35)
	at com.kms.katalon.core.webui.keyword.builtin.VerifyElementVisibleKeyword.verifyElementVisible(VerifyElementVisibleKeyword.groovy:97)
	at com.kms.katalon.core.webui.keyword.builtin.VerifyElementVisibleKeyword.execute(VerifyElementVisibleKeyword.groovy:67)
	at com.kms.katalon.core.keyword.internal.KeywordExecutor.executeKeywordForPlatform(KeywordExecutor.groovy:74)
	at com.kms.katalon.core.webui.keyword.WebUiBuiltInKeywords.verifyElementVisible(WebUiBuiltInKeywords.groovy:401)
	at com.kms.katalon.core.webui.keyword.WebUiBuiltInKeywords$verifyElementVisible$5.call(Unknown Source)
	at TF Sign In.run(TF Sign In:33)
	at com.kms.katalon.core.main.ScriptEngine.run(ScriptEngine.java:194)
	at com.kms.katalon.core.main.ScriptEngine.runScriptAsRawText(ScriptEngine.java:119)
	at com.kms.katalon.core.main.TestCaseExecutor.runScript(TestCaseExecutor.java:448)
	at com.kms.katalon.core.main.TestCaseExecutor.doExecute(TestCaseExecutor.java:439)
	at com.kms.katalon.core.main.TestCaseExecutor.processExecutionPhase(TestCaseExecutor.java:418)
	at com.kms.katalon.core.main.TestCaseExecutor.accessMainPhase(TestCaseExecutor.java:410)
	at com.kms.katalon.core.main.TestCaseExecutor.execute(TestCaseExecutor.java:285)
	at com.kms.katalon.core.main.TestCaseMain.runTestCase(TestCaseMain.java:137)
	at com.kms.katalon.core.keyword.builtin.CallTestCaseKeyword$_callTestCase_closure1.doCall(CallTestCaseKeyword.groovy:59)
	at com.kms.katalon.core.keyword.builtin.CallTestCaseKeyword$_callTestCase_closure1.call(CallTestCaseKeyword.groovy)
	at com.kms.katalon.core.keyword.internal.KeywordMain.runKeyword(KeywordMain.groovy:75)
	at com.kms.katalon.core.keyword.builtin.CallTestCaseKeyword.callTestCase(CallTestCaseKeyword.groovy:81)
	at com.kms.katalon.core.keyword.builtin.CallTestCaseKeyword.execute(CallTestCaseKeyword.groovy:44)
	at com.kms.katalon.core.keyword.internal.KeywordExecutor.executeKeywordForPlatform(KeywordExecutor.groovy:74)
	at com.kms.katalon.core.keyword.BuiltinKeywords.callTestCase(BuiltinKeywords.groovy:310)
	at jdk.internal.reflect.GeneratedMethodAccessor47.invoke(Unknown Source)
	at java.base/jdk.internal.reflect.DelegatingMethodAccessorImpl.invoke(DelegatingMethodAccessorImpl.java:43)
	at FDG - Creating New Order.run(FDG - Creating New Order:22)
	at com.kms.katalon.core.main.ScriptEngine.run(ScriptEngine.java:194)
	at com.kms.katalon.core.main.ScriptEngine.runScriptAsRawText(ScriptEngine.java:119)
	at com.kms.katalon.core.main.TestCaseExecutor.runScript(TestCaseExecutor.java:448)
	at com.kms.katalon.core.main.TestCaseExecutor.doExecute(TestCaseExecutor.java:439)
	at com.kms.katalon.core.main.TestCaseExecutor.processExecutionPhase(TestCaseExecutor.java:418)
	at com.kms.katalon.core.main.TestCaseExecutor.accessMainPhase(TestCaseExecutor.java:410)
	at com.kms.katalon.core.main.TestCaseExecutor.execute(TestCaseExecutor.java:285)
	at com.kms.katalon.core.main.TestCaseMain.runTestCase(TestCaseMain.java:137)
	at com.kms.katalon.core.keyword.builtin.CallTestCaseKeyword$_callTestCase_closure1.doCall(CallTestCaseKeyword.groovy:59)
	at com.kms.katalon.core.keyword.builtin.CallTestCaseKeyword$_callTestCase_closure1.call(CallTestCaseKeyword.groovy)
	at com.kms.katalon.core.keyword.internal.KeywordMain.runKeyword(KeywordMain.groovy:75)
	at com.kms.katalon.core.keyword.builtin.CallTestCaseKeyword.callTestCase(CallTestCaseKeyword.groovy:81)
	at com.kms.katalon.core.keyword.builtin.CallTestCaseKeyword.execute(CallTestCaseKeyword.groovy:44)
	at com.kms.katalon.core.keyword.internal.KeywordExecutor.executeKeywordForPlatform(KeywordExecutor.groovy:74)
	at com.kms.katalon.core.keyword.BuiltinKeywords.callTestCase(BuiltinKeywords.groovy:310)
	at java.base/jdk.internal.reflect.NativeMethodAccessorImpl.invoke0(Native Method)
	at java.base/jdk.internal.reflect.NativeMethodAccessorImpl.invoke(NativeMethodAccessorImpl.java:77)
	at java.base/jdk.internal.reflect.DelegatingMethodAccessorImpl.invoke(DelegatingMethodAccessorImpl.java:43)
	at FDG - Edit Created Order.run(FDG - Edit Created Order:20)
	at com.kms.katalon.core.main.ScriptEngine.run(ScriptEngine.java:194)
	at com.kms.katalon.core.main.ScriptEngine.runScriptAsRawText(ScriptEngine.java:119)
	at com.kms.katalon.core.main.TestCaseExecutor.runScript(TestCaseExecutor.java:448)
	at com.kms.katalon.core.main.TestCaseExecutor.doExecute(TestCaseExecutor.java:439)
	at com.kms.katalon.core.main.TestCaseExecutor.processExecutionPhase(TestCaseExecutor.java:418)
	at com.kms.katalon.core.main.TestCaseExecutor.accessMainPhase(TestCaseExecutor.java:410)
	at com.kms.katalon.core.main.TestCaseExecutor.execute(TestCaseExecutor.java:285)
	at com.kms.katalon.core.common.CommonExecutor.accessTestCaseMainPhase(CommonExecutor.java:65)
	at com.kms.katalon.core.main.TestSuiteExecutor.accessTestSuiteMainPhase(TestSuiteExecutor.java:150)
	at com.kms.katalon.core.main.TestSuiteExecutor.execute(TestSuiteExecutor.java:106)
	at com.kms.katalon.core.main.TestCaseMain.startTestSuite(TestCaseMain.java:180)
	at com.kms.katalon.core.main.TestCaseMain$startTestSuite$0.call(Unknown Source)
	at TempTestSuite1761139058037.run(TempTestSuite1761139058037.groovy:35)
	at java.base/jdk.internal.reflect.NativeMethodAccessorImpl.invoke0(Native Method)
	at java.base/jdk.internal.reflect.NativeMethodAccessorImpl.invoke(NativeMethodAccessorImpl.java:77)
	at java.base/jdk.internal.reflect.DelegatingMethodAccessorImpl.invoke(DelegatingMethodAccessorImpl.java:43)
)

22-10-2025T09:53:28 - [MESSAGE][INFO] - Unable to find the element located by 'By.xpath: //*[@id="__BVID__10___BV_modal_footer_"]/button'. Please recheck the objects properties to make sure the desired element is located. 

22-10-2025T09:53:28 - [MESSAGE][WARNING] - [SELF-HEALING] Failed to find element with id 'Object Repository/TripFocus/Testing_Notification_btn'. Try using Self-healing.

22-10-2025T09:53:29 - [MESSAGE][INFO] - [SELF-HEALING] No working XPath is found.

22-10-2025T09:53:31 - [MESSAGE][INFO] - Unable to find the element located by 'By.xpath: '. Please recheck the objects properties to make sure the desired element is located. 

22-10-2025T09:53:31 - [MESSAGE][WARNING] - [SELF-HEALING] Cannot find elements when the selector is null

22-10-2025T09:53:31 - [MESSAGE][WARNING] - Web element with id: 'Object Repository/TripFocus/Testing_Notification_btn' located by '//*[@id="__BVID__10___BV_modal_footer_"]/button' not found (Root cause: com.kms.katalon.core.exception.StepFailedException: Web element with id: 'Object Repository/TripFocus/Testing_Notification_btn' located by '//*[@id="__BVID__10___BV_modal_footer_"]/button' not found
	at com.kms.katalon.core.webui.keyword.internal.WebUIKeywordMain.stepFailed(WebUIKeywordMain.groovy:117)
	at com.kms.katalon.core.webui.keyword.builtin.VerifyElementVisibleKeyword$_verifyElementVisible_closure1.doCall(VerifyElementVisibleKeyword.groovy:89)
	at com.kms.katalon.core.webui.keyword.builtin.VerifyElementVisibleKeyword$_verifyElementVisible_closure1.call(VerifyElementVisibleKeyword.groovy)
	at com.kms.katalon.core.webui.keyword.internal.WebUIKeywordMain.runKeyword(WebUIKeywordMain.groovy:35)
	at com.kms.katalon.core.webui.keyword.builtin.VerifyElementVisibleKeyword.verifyElementVisible(VerifyElementVisibleKeyword.groovy:97)
	at com.kms.katalon.core.webui.keyword.builtin.VerifyElementVisibleKeyword.execute(VerifyElementVisibleKeyword.groovy:67)
	at com.kms.katalon.core.keyword.internal.KeywordExecutor.executeKeywordForPlatform(KeywordExecutor.groovy:74)
	at com.kms.katalon.core.webui.keyword.WebUiBuiltInKeywords.verifyElementVisible(WebUiBuiltInKeywords.groovy:401)
	at com.kms.katalon.core.webui.keyword.WebUiBuiltInKeywords$verifyElementVisible$5.call(Unknown Source)
	at TF Sign In.run(TF Sign In:33)
	at com.kms.katalon.core.main.ScriptEngine.run(ScriptEngine.java:194)
	at com.kms.katalon.core.main.ScriptEngine.runScriptAsRawText(ScriptEngine.java:119)
	at com.kms.katalon.core.main.TestCaseExecutor.runScript(TestCaseExecutor.java:448)
	at com.kms.katalon.core.main.TestCaseExecutor.doExecute(TestCaseExecutor.java:439)
	at com.kms.katalon.core.main.TestCaseExecutor.processExecutionPhase(TestCaseExecutor.java:418)
	at com.kms.katalon.core.main.TestCaseExecutor.accessMainPhase(TestCaseExecutor.java:410)
	at com.kms.katalon.core.main.TestCaseExecutor.execute(TestCaseExecutor.java:285)
	at com.kms.katalon.core.main.TestCaseMain.runTestCase(TestCaseMain.java:137)
	at com.kms.katalon.core.keyword.builtin.CallTestCaseKeyword$_callTestCase_closure1.doCall(CallTestCaseKeyword.groovy:59)
	at com.kms.katalon.core.keyword.builtin.CallTestCaseKeyword$_callTestCase_closure1.call(CallTestCaseKeyword.groovy)
	at com.kms.katalon.core.keyword.internal.KeywordMain.runKeyword(KeywordMain.groovy:75)
	at com.kms.katalon.core.keyword.builtin.CallTestCaseKeyword.callTestCase(CallTestCaseKeyword.groovy:81)
	at com.kms.katalon.core.keyword.builtin.CallTestCaseKeyword.execute(CallTestCaseKeyword.groovy:44)
	at com.kms.katalon.core.keyword.internal.KeywordExecutor.executeKeywordForPlatform(KeywordExecutor.groovy:74)
	at com.kms.katalon.core.keyword.BuiltinKeywords.callTestCase(BuiltinKeywords.groovy:310)
	at jdk.internal.reflect.GeneratedMethodAccessor47.invoke(Unknown Source)
	at java.base/jdk.internal.reflect.DelegatingMethodAccessorImpl.invoke(DelegatingMethodAccessorImpl.java:43)
	at FDG - Creating New Order.run(FDG - Creating New Order:22)
	at com.kms.katalon.core.main.ScriptEngine.run(ScriptEngine.java:194)
	at com.kms.katalon.core.main.ScriptEngine.runScriptAsRawText(ScriptEngine.java:119)
	at com.kms.katalon.core.main.TestCaseExecutor.runScript(TestCaseExecutor.java:448)
	at com.kms.katalon.core.main.TestCaseExecutor.doExecute(TestCaseExecutor.java:439)
	at com.kms.katalon.core.main.TestCaseExecutor.processExecutionPhase(TestCaseExecutor.java:418)
	at com.kms.katalon.core.main.TestCaseExecutor.accessMainPhase(TestCaseExecutor.java:410)
	at com.kms.katalon.core.main.TestCaseExecutor.execute(TestCaseExecutor.java:285)
	at com.kms.katalon.core.main.TestCaseMain.runTestCase(TestCaseMain.java:137)
	at com.kms.katalon.core.keyword.builtin.CallTestCaseKeyword$_callTestCase_closure1.doCall(CallTestCaseKeyword.groovy:59)
	at com.kms.katalon.core.keyword.builtin.CallTestCaseKeyword$_callTestCase_closure1.call(CallTestCaseKeyword.groovy)
	at com.kms.katalon.core.keyword.internal.KeywordMain.runKeyword(KeywordMain.groovy:75)
	at com.kms.katalon.core.keyword.builtin.CallTestCaseKeyword.callTestCase(CallTestCaseKeyword.groovy:81)
	at com.kms.katalon.core.keyword.builtin.CallTestCaseKeyword.execute(CallTestCaseKeyword.groovy:44)
	at com.kms.katalon.core.keyword.internal.KeywordExecutor.executeKeywordForPlatform(KeywordExecutor.groovy:74)
	at com.kms.katalon.core.keyword.BuiltinKeywords.callTestCase(BuiltinKeywords.groovy:310)
	at java.base/jdk.internal.reflect.NativeMethodAccessorImpl.invoke0(Native Method)
	at java.base/jdk.internal.reflect.NativeMethodAccessorImpl.invoke(NativeMethodAccessorImpl.java:77)
	at java.base/jdk.internal.reflect.DelegatingMethodAccessorImpl.invoke(DelegatingMethodAccessorImpl.java:43)
	at FDG - Edit Created Order.run(FDG - Edit Created Order:20)
	at com.kms.katalon.core.main.ScriptEngine.run(ScriptEngine.java:194)
	at com.kms.katalon.core.main.ScriptEngine.runScriptAsRawText(ScriptEngine.java:119)
	at com.kms.katalon.core.main.TestCaseExecutor.runScript(TestCaseExecutor.java:448)
	at com.kms.katalon.core.main.TestCaseExecutor.doExecute(TestCaseExecutor.java:439)
	at com.kms.katalon.core.main.TestCaseExecutor.processExecutionPhase(TestCaseExecutor.java:418)
	at com.kms.katalon.core.main.TestCaseExecutor.accessMainPhase(TestCaseExecutor.java:410)
	at com.kms.katalon.core.main.TestCaseExecutor.execute(TestCaseExecutor.java:285)
	at com.kms.katalon.core.common.CommonExecutor.accessTestCaseMainPhase(CommonExecutor.java:65)
	at com.kms.katalon.core.main.TestSuiteExecutor.accessTestSuiteMainPhase(TestSuiteExecutor.java:150)
	at com.kms.katalon.core.main.TestSuiteExecutor.execute(TestSuiteExecutor.java:106)
	at com.kms.katalon.core.main.TestCaseMain.startTestSuite(TestCaseMain.java:180)
	at com.kms.katalon.core.main.TestCaseMain$startTestSuite$0.call(Unknown Source)
	at TempTestSuite1761139058037.run(TempTestSuite1761139058037.groovy:35)
	at java.base/jdk.internal.reflect.NativeMethodAccessorImpl.invoke0(Native Method)
	at java.base/jdk.internal.reflect.NativeMethodAccessorImpl.invoke(NativeMethodAccessorImpl.java:77)
	at java.base/jdk.internal.reflect.DelegatingMethodAccessorImpl.invoke(DelegatingMethodAccessorImpl.java:43)
)

22-10-2025T09:53:31 - [MESSAGE][PASSED] - Call Test Case 'Test Cases/Utility Scripts/TF Sign In' successfully

22-10-2025T09:53:31 - [TEST_STEP][PASSED] - if (verifyElementVisible(findTestObject("TripFocus/Testing_Notification_btn"), OPTIONAL) == true): Web element with id: 'Object Repository/TripFocus/Testing_Notification_btn' located by '//*[@id="__BVID__10___BV_modal_footer_"]/button' not found (Root cause: com.kms.katalon.core.exception.StepFailedException: Web element with id: 'Object Repository/TripFocus/Testing_Notification_btn' located by '//*[@id="__BVID__10___BV_modal_footer_"]/button' not found
	at com.kms.katalon.core.webui.keyword.internal.WebUIKeywordMain.stepFailed(WebUIKeywordMain.groovy:117)
	at com.kms.katalon.core.webui.keyword.builtin.VerifyElementVisibleKeyword$_verifyElementVisible_closure1.doCall(VerifyElementVisibleKeyword.groovy:89)
	at com.kms.katalon.core.webui.keyword.builtin.VerifyElementVisibleKeyword$_verifyElementVisible_closure1.call(VerifyElementVisibleKeyword.groovy)
	at com.kms.katalon.core.webui.keyword.internal.WebUIKeywordMain.runKeyword(WebUIKeywordMain.groovy:35)
	at com.kms.katalon.core.webui.keyword.builtin.VerifyElementVisibleKeyword.verifyElementVisible(VerifyElementVisibleKeyword.groovy:97)
	at com.kms.katalon.core.webui.keyword.builtin.VerifyElementVisibleKeyword.execute(VerifyElementVisibleKeyword.groovy:67)
	at com.kms.katalon.core.keyword.internal.KeywordExecutor.executeKeywordForPlatform(KeywordExecutor.groovy:74)
	at com.kms.katalon.core.webui.keyword.WebUiBuiltInKeywords.verifyElementVisible(WebUiBuiltInKeywords.groovy:401)
	at com.kms.katalon.core.webui.keyword.WebUiBuiltInKeywords$verifyElementVisible$5.call(Unknown Source)
	at FDG - Creating New Order.run(FDG - Creating New Order:26)
	at com.kms.katalon.core.main.ScriptEngine.run(ScriptEngine.java:194)
	at com.kms.katalon.core.main.ScriptEngine.runScriptAsRawText(ScriptEngine.java:119)
	at com.kms.katalon.core.main.TestCaseExecutor.runScript(TestCaseExecutor.java:448)
	at com.kms.katalon.core.main.TestCaseExecutor.doExecute(TestCaseExecutor.java:439)
	at com.kms.katalon.core.main.TestCaseExecutor.processExecutionPhase(TestCaseExecutor.java:418)
	at com.kms.katalon.core.main.TestCaseExecutor.accessMainPhase(TestCaseExecutor.java:410)
	at com.kms.katalon.core.main.TestCaseExecutor.execute(TestCaseExecutor.java:285)
	at com.kms.katalon.core.main.TestCaseMain.runTestCase(TestCaseMain.java:137)
	at com.kms.katalon.core.keyword.builtin.CallTestCaseKeyword$_callTestCase_closure1.doCall(CallTestCaseKeyword.groovy:59)
	at com.kms.katalon.core.keyword.builtin.CallTestCaseKeyword$_callTestCase_closure1.call(CallTestCaseKeyword.groovy)
	at com.kms.katalon.core.keyword.internal.KeywordMain.runKeyword(KeywordMain.groovy:75)
	at com.kms.katalon.core.keyword.builtin.CallTestCaseKeyword.callTestCase(CallTestCaseKeyword.groovy:81)
	at com.kms.katalon.core.keyword.builtin.CallTestCaseKeyword.execute(CallTestCaseKeyword.groovy:44)
	at com.kms.katalon.core.keyword.internal.KeywordExecutor.executeKeywordForPlatform(KeywordExecutor.groovy:74)
	at com.kms.katalon.core.keyword.BuiltinKeywords.callTestCase(BuiltinKeywords.groovy:310)
	at java.base/jdk.internal.reflect.NativeMethodAccessorImpl.invoke0(Native Method)
	at java.base/jdk.internal.reflect.NativeMethodAccessorImpl.invoke(NativeMethodAccessorImpl.java:77)
	at java.base/jdk.internal.reflect.DelegatingMethodAccessorImpl.invoke(DelegatingMethodAccessorImpl.java:43)
	at FDG - Edit Created Order.run(FDG - Edit Created Order:20)
	at com.kms.katalon.core.main.ScriptEngine.run(ScriptEngine.java:194)
	at com.kms.katalon.core.main.ScriptEngine.runScriptAsRawText(ScriptEngine.java:119)
	at com.kms.katalon.core.main.TestCaseExecutor.runScript(TestCaseExecutor.java:448)
	at com.kms.katalon.core.main.TestCaseExecutor.doExecute(TestCaseExecutor.java:439)
	at com.kms.katalon.core.main.TestCaseExecutor.processExecutionPhase(TestCaseExecutor.java:418)
	at com.kms.katalon.core.main.TestCaseExecutor.accessMainPhase(TestCaseExecutor.java:410)
	at com.kms.katalon.core.main.TestCaseExecutor.execute(TestCaseExecutor.java:285)
	at com.kms.katalon.core.common.CommonExecutor.accessTestCaseMainPhase(CommonExecutor.java:65)
	at com.kms.katalon.core.main.TestSuiteExecutor.accessTestSuiteMainPhase(TestSuiteExecutor.java:150)
	at com.kms.katalon.core.main.TestSuiteExecutor.execute(TestSuiteExecutor.java:106)
	at com.kms.katalon.core.main.TestCaseMain.startTestSuite(TestCaseMain.java:180)
	at com.kms.katalon.core.main.TestCaseMain$startTestSuite$0.call(Unknown Source)
	at TempTestSuite1761139058037.run(TempTestSuite1761139058037.groovy:35)
	at java.base/jdk.internal.reflect.NativeMethodAccessorImpl.invoke0(Native Method)
	at java.base/jdk.internal.reflect.NativeMethodAccessorImpl.invoke(NativeMethodAccessorImpl.java:77)
	at java.base/jdk.internal.reflect.DelegatingMethodAccessorImpl.invoke(DelegatingMethodAccessorImpl.java:43)
)

22-10-2025T09:53:47 - [MESSAGE][INFO] - Unable to find the element located by 'By.xpath: //*[@id="__BVID__10___BV_modal_footer_"]/button'. Please recheck the objects properties to make sure the desired element is located. 

22-10-2025T09:53:47 - [MESSAGE][WARNING] - [SELF-HEALING] Failed to find element with id 'Object Repository/TripFocus/Testing_Notification_btn'. Try using Self-healing.

22-10-2025T09:53:48 - [MESSAGE][INFO] - [SELF-HEALING] No working XPath is found.

22-10-2025T09:53:50 - [MESSAGE][INFO] - Unable to find the element located by 'By.xpath: '. Please recheck the objects properties to make sure the desired element is located. 

22-10-2025T09:53:50 - [MESSAGE][WARNING] - [SELF-HEALING] Cannot find elements when the selector is null

22-10-2025T09:53:50 - [MESSAGE][WARNING] - Web element with id: 'Object Repository/TripFocus/Testing_Notification_btn' located by '//*[@id="__BVID__10___BV_modal_footer_"]/button' not found (Root cause: com.kms.katalon.core.exception.StepFailedException: Web element with id: 'Object Repository/TripFocus/Testing_Notification_btn' located by '//*[@id="__BVID__10___BV_modal_footer_"]/button' not found
	at com.kms.katalon.core.webui.keyword.internal.WebUIKeywordMain.stepFailed(WebUIKeywordMain.groovy:117)
	at com.kms.katalon.core.webui.keyword.builtin.VerifyElementVisibleKeyword$_verifyElementVisible_closure1.doCall(VerifyElementVisibleKeyword.groovy:89)
	at com.kms.katalon.core.webui.keyword.builtin.VerifyElementVisibleKeyword$_verifyElementVisible_closure1.call(VerifyElementVisibleKeyword.groovy)
	at com.kms.katalon.core.webui.keyword.internal.WebUIKeywordMain.runKeyword(WebUIKeywordMain.groovy:35)
	at com.kms.katalon.core.webui.keyword.builtin.VerifyElementVisibleKeyword.verifyElementVisible(VerifyElementVisibleKeyword.groovy:97)
	at com.kms.katalon.core.webui.keyword.builtin.VerifyElementVisibleKeyword.execute(VerifyElementVisibleKeyword.groovy:67)
	at com.kms.katalon.core.keyword.internal.KeywordExecutor.executeKeywordForPlatform(KeywordExecutor.groovy:74)
	at com.kms.katalon.core.webui.keyword.WebUiBuiltInKeywords.verifyElementVisible(WebUiBuiltInKeywords.groovy:401)
	at com.kms.katalon.core.webui.keyword.WebUiBuiltInKeywords$verifyElementVisible$5.call(Unknown Source)
	at FDG - Creating New Order.run(FDG - Creating New Order:26)
	at com.kms.katalon.core.main.ScriptEngine.run(ScriptEngine.java:194)
	at com.kms.katalon.core.main.ScriptEngine.runScriptAsRawText(ScriptEngine.java:119)
	at com.kms.katalon.core.main.TestCaseExecutor.runScript(TestCaseExecutor.java:448)
	at com.kms.katalon.core.main.TestCaseExecutor.doExecute(TestCaseExecutor.java:439)
	at com.kms.katalon.core.main.TestCaseExecutor.processExecutionPhase(TestCaseExecutor.java:418)
	at com.kms.katalon.core.main.TestCaseExecutor.accessMainPhase(TestCaseExecutor.java:410)
	at com.kms.katalon.core.main.TestCaseExecutor.execute(TestCaseExecutor.java:285)
	at com.kms.katalon.core.main.TestCaseMain.runTestCase(TestCaseMain.java:137)
	at com.kms.katalon.core.keyword.builtin.CallTestCaseKeyword$_callTestCase_closure1.doCall(CallTestCaseKeyword.groovy:59)
	at com.kms.katalon.core.keyword.builtin.CallTestCaseKeyword$_callTestCase_closure1.call(CallTestCaseKeyword.groovy)
	at com.kms.katalon.core.keyword.internal.KeywordMain.runKeyword(KeywordMain.groovy:75)
	at com.kms.katalon.core.keyword.builtin.CallTestCaseKeyword.callTestCase(CallTestCaseKeyword.groovy:81)
	at com.kms.katalon.core.keyword.builtin.CallTestCaseKeyword.execute(CallTestCaseKeyword.groovy:44)
	at com.kms.katalon.core.keyword.internal.KeywordExecutor.executeKeywordForPlatform(KeywordExecutor.groovy:74)
	at com.kms.katalon.core.keyword.BuiltinKeywords.callTestCase(BuiltinKeywords.groovy:310)
	at java.base/jdk.internal.reflect.NativeMethodAccessorImpl.invoke0(Native Method)
	at java.base/jdk.internal.reflect.NativeMethodAccessorImpl.invoke(NativeMethodAccessorImpl.java:77)
	at java.base/jdk.internal.reflect.DelegatingMethodAccessorImpl.invoke(DelegatingMethodAccessorImpl.java:43)
	at FDG - Edit Created Order.run(FDG - Edit Created Order:20)
	at com.kms.katalon.core.main.ScriptEngine.run(ScriptEngine.java:194)
	at com.kms.katalon.core.main.ScriptEngine.runScriptAsRawText(ScriptEngine.java:119)
	at com.kms.katalon.core.main.TestCaseExecutor.runScript(TestCaseExecutor.java:448)
	at com.kms.katalon.core.main.TestCaseExecutor.doExecute(TestCaseExecutor.java:439)
	at com.kms.katalon.core.main.TestCaseExecutor.processExecutionPhase(TestCaseExecutor.java:418)
	at com.kms.katalon.core.main.TestCaseExecutor.accessMainPhase(TestCaseExecutor.java:410)
	at com.kms.katalon.core.main.TestCaseExecutor.execute(TestCaseExecutor.java:285)
	at com.kms.katalon.core.common.CommonExecutor.accessTestCaseMainPhase(CommonExecutor.java:65)
	at com.kms.katalon.core.main.TestSuiteExecutor.accessTestSuiteMainPhase(TestSuiteExecutor.java:150)
	at com.kms.katalon.core.main.TestSuiteExecutor.execute(TestSuiteExecutor.java:106)
	at com.kms.katalon.core.main.TestCaseMain.startTestSuite(TestCaseMain.java:180)
	at com.kms.katalon.core.main.TestCaseMain$startTestSuite$0.call(Unknown Source)
	at TempTestSuite1761139058037.run(TempTestSuite1761139058037.groovy:35)
	at java.base/jdk.internal.reflect.NativeMethodAccessorImpl.invoke0(Native Method)
	at java.base/jdk.internal.reflect.NativeMethodAccessorImpl.invoke(NativeMethodAccessorImpl.java:77)
	at java.base/jdk.internal.reflect.DelegatingMethodAccessorImpl.invoke(DelegatingMethodAccessorImpl.java:43)
)

22-10-2025T09:53:50 - [TEST_STEP][PASSED] - click(findTestObject("TripFocus/Orders/Orders_tab")): Object: 'Object Repository/TripFocus/Orders/Orders_tab' is clicked on

22-10-2025T09:53:50 - [MESSAGE][PASSED] - Object: 'Object Repository/TripFocus/Orders/Orders_tab' is clicked on

22-10-2025T09:53:50 - [TEST_STEP][PASSED] - delay(10): Delayed 10 second(s)

22-10-2025T09:54:00 - [MESSAGE][PASSED] - Delayed 10 second(s)

22-10-2025T09:54:00 - [TEST_STEP][PASSED] - click(findTestObject("TripFocus/Orders/Create New Order_btn")): Object: 'Object Repository/TripFocus/Orders/Create New Order_btn' is clicked on

22-10-2025T09:54:00 - [MESSAGE][PASSED] - Object: 'Object Repository/TripFocus/Orders/Create New Order_btn' is clicked on

22-10-2025T09:54:00 - [TEST_STEP][PASSED] - delay(2): Delayed 2 second(s)

22-10-2025T09:54:02 - [MESSAGE][PASSED] - Delayed 2 second(s)

22-10-2025T09:54:02 - [TEST_STEP][PASSED] - click(findTestObject("TripFocus/Orders/Create New Order/Add Products/Add Product_link")): Object: 'Object Repository/TripFocus/Orders/Create New Order/Add Products/Add Product_link' is clicked on

22-10-2025T09:54:03 - [MESSAGE][PASSED] - Object: 'Object Repository/TripFocus/Orders/Create New Order/Add Products/Add Product_link' is clicked on

22-10-2025T09:54:03 - [TEST_STEP][PASSED] - delay(2): Delayed 2 second(s)

22-10-2025T09:54:05 - [MESSAGE][PASSED] - Delayed 2 second(s)

22-10-2025T09:54:05 - [TEST_STEP][PASSED] - click(findTestObject("TripFocus/Sidebar Minimizer")): Object: 'Object Repository/TripFocus/Sidebar Minimizer' is clicked on

22-10-2025T09:54:05 - [MESSAGE][PASSED] - Object: 'Object Repository/TripFocus/Sidebar Minimizer' is clicked on

22-10-2025T09:54:05 - [TEST_STEP][PASSED] - delay(1): Delayed 1 second(s)

22-10-2025T09:54:06 - [MESSAGE][PASSED] - Delayed 1 second(s)

22-10-2025T09:54:06 - [TEST_STEP][PASSED] - click(findTestObject("TripFocus/Orders/Create New Order/Add Products/Delivery_Site_dropdown")): Object: 'Object Repository/TripFocus/Orders/Create New Order/Add Products/Delivery_Site_dropdown' is clicked on

22-10-2025T09:54:06 - [MESSAGE][PASSED] - Object: 'Object Repository/TripFocus/Orders/Create New Order/Add Products/Delivery_Site_dropdown' is clicked on

22-10-2025T09:54:06 - [TEST_STEP][PASSED] - delay(2): Delayed 2 second(s)

22-10-2025T09:54:08 - [MESSAGE][PASSED] - Delayed 2 second(s)

22-10-2025T09:54:08 - [TEST_STEP][PASSED] - sendKeys(findTestObject("TripFocus/Orders/Create New Order/Add Products/Delivery_Site_txt"), "COSTCO 367"): Keys 'COSTCO 367' sent to object: 'Object Repository/TripFocus/Orders/Create New Order/Add Products/Delivery_Site_txt'

22-10-2025T09:54:08 - [MESSAGE][PASSED] - Keys 'COSTCO 367' sent to object: 'Object Repository/TripFocus/Orders/Create New Order/Add Products/Delivery_Site_txt'

22-10-2025T09:54:08 - [TEST_STEP][PASSED] - delay(2): Delayed 2 second(s)

22-10-2025T09:54:10 - [MESSAGE][PASSED] - Delayed 2 second(s)

22-10-2025T09:54:10 - [TEST_STEP][PASSED] - sendKeys(findTestObject("TripFocus/Orders/Create New Order/Add Products/Delivery_Site_txt"), Keys.chord(ENTER)): Keys 'ENTER + ' sent to object: 'Object Repository/TripFocus/Orders/Create New Order/Add Products/Delivery_Site_txt'

22-10-2025T09:54:10 - [MESSAGE][PASSED] - Keys 'ENTER + ' sent to object: 'Object Repository/TripFocus/Orders/Create New Order/Add Products/Delivery_Site_txt'

22-10-2025T09:54:10 - [TEST_STEP][PASSED] - delay(2): Delayed 2 second(s)

22-10-2025T09:54:12 - [MESSAGE][PASSED] - Delayed 2 second(s)

22-10-2025T09:54:12 - [TEST_STEP][PASSED] - click(findTestObject("TripFocus/Orders/Create New Order/Add Products/Shipper_dropdown")): Object: 'Object Repository/TripFocus/Orders/Create New Order/Add Products/Shipper_dropdown' is clicked on

22-10-2025T09:54:12 - [MESSAGE][PASSED] - Object: 'Object Repository/TripFocus/Orders/Create New Order/Add Products/Shipper_dropdown' is clicked on

22-10-2025T09:54:12 - [TEST_STEP][PASSED] - delay(20): Delayed 20 second(s)

22-10-2025T09:54:32 - [MESSAGE][PASSED] - Delayed 20 second(s)

22-10-2025T09:54:32 - [TEST_STEP][PASSED] - sendKeys(findTestObject("TripFocus/Orders/Create New Order/Add Products/Shipper_txt"), "Marathon"): Keys 'Marathon' sent to object: 'Object Repository/TripFocus/Orders/Create New Order/Add Products/Shipper_txt'

22-10-2025T09:54:32 - [MESSAGE][PASSED] - Keys 'Marathon' sent to object: 'Object Repository/TripFocus/Orders/Create New Order/Add Products/Shipper_txt'

22-10-2025T09:54:32 - [TEST_STEP][PASSED] - delay(2): Delayed 2 second(s)

22-10-2025T09:54:34 - [MESSAGE][PASSED] - Delayed 2 second(s)

22-10-2025T09:54:34 - [TEST_STEP][PASSED] - sendKeys(findTestObject("TripFocus/Orders/Create New Order/Add Products/Shipper_txt"), Keys.chord(ENTER)): Keys 'ENTER + ' sent to object: 'Object Repository/TripFocus/Orders/Create New Order/Add Products/Shipper_txt'

22-10-2025T09:54:34 - [MESSAGE][PASSED] - Keys 'ENTER + ' sent to object: 'Object Repository/TripFocus/Orders/Create New Order/Add Products/Shipper_txt'

22-10-2025T09:54:34 - [TEST_STEP][PASSED] - delay(10): Delayed 10 second(s)

22-10-2025T09:54:44 - [MESSAGE][PASSED] - Delayed 10 second(s)

22-10-2025T09:54:44 - [TEST_STEP][PASSED] - click(findTestObject("TripFocus/Orders/Create New Order/Add Products/Supplier_dropdown")): Object: 'Object Repository/TripFocus/Orders/Create New Order/Add Products/Supplier_dropdown' is clicked on

22-10-2025T09:54:44 - [MESSAGE][PASSED] - Object: 'Object Repository/TripFocus/Orders/Create New Order/Add Products/Supplier_dropdown' is clicked on

22-10-2025T09:54:44 - [TEST_STEP][PASSED] - delay(2): Delayed 2 second(s)

22-10-2025T09:54:46 - [MESSAGE][PASSED] - Delayed 2 second(s)

22-10-2025T09:54:46 - [TEST_STEP][PASSED] - sendKeys(findTestObject("TripFocus/Orders/Create New Order/Add Products/Supplier_txt"), "Trafigura"): Keys 'Trafigura' sent to object: 'Object Repository/TripFocus/Orders/Create New Order/Add Products/Supplier_txt'

22-10-2025T09:54:46 - [MESSAGE][PASSED] - Keys 'Trafigura' sent to object: 'Object Repository/TripFocus/Orders/Create New Order/Add Products/Supplier_txt'

22-10-2025T09:54:46 - [TEST_STEP][PASSED] - delay(2): Delayed 2 second(s)

22-10-2025T09:54:48 - [MESSAGE][PASSED] - Delayed 2 second(s)

22-10-2025T09:54:48 - [TEST_STEP][PASSED] - sendKeys(findTestObject("TripFocus/Orders/Create New Order/Add Products/Supplier_txt"), Keys.chord(ENTER)): Keys 'ENTER + ' sent to object: 'Object Repository/TripFocus/Orders/Create New Order/Add Products/Supplier_txt'

22-10-2025T09:54:48 - [MESSAGE][PASSED] - Keys 'ENTER + ' sent to object: 'Object Repository/TripFocus/Orders/Create New Order/Add Products/Supplier_txt'

22-10-2025T09:54:48 - [TEST_STEP][PASSED] - delay(2): Delayed 2 second(s)

22-10-2025T09:54:50 - [MESSAGE][PASSED] - Delayed 2 second(s)

22-10-2025T09:54:50 - [TEST_STEP][PASSED] - click(findTestObject("TripFocus/Orders/Create New Order/Add Products/Account_Of_dropdown")): Object: 'Object Repository/TripFocus/Orders/Create New Order/Add Products/Account_Of_dropdown' is clicked on

22-10-2025T09:54:51 - [MESSAGE][PASSED] - Object: 'Object Repository/TripFocus/Orders/Create New Order/Add Products/Account_Of_dropdown' is clicked on

22-10-2025T09:54:51 - [TEST_STEP][PASSED] - delay(2): Delayed 2 second(s)

22-10-2025T09:54:53 - [MESSAGE][PASSED] - Delayed 2 second(s)

22-10-2025T09:54:53 - [TEST_STEP][PASSED] - sendKeys(findTestObject("TripFocus/Orders/Create New Order/Add Products/Account_Of_txt"), "Unknown"): Keys 'Unknown' sent to object: 'Object Repository/TripFocus/Orders/Create New Order/Add Products/Account_Of_txt'

22-10-2025T09:54:53 - [MESSAGE][PASSED] - Keys 'Unknown' sent to object: 'Object Repository/TripFocus/Orders/Create New Order/Add Products/Account_Of_txt'

22-10-2025T09:54:53 - [TEST_STEP][PASSED] - delay(2): Delayed 2 second(s)

22-10-2025T09:54:55 - [MESSAGE][PASSED] - Delayed 2 second(s)

22-10-2025T09:54:55 - [TEST_STEP][PASSED] - sendKeys(findTestObject("TripFocus/Orders/Create New Order/Add Products/Account_Of_txt"), Keys.chord(ENTER)): Keys 'ENTER + ' sent to object: 'Object Repository/TripFocus/Orders/Create New Order/Add Products/Account_Of_txt'

22-10-2025T09:54:55 - [MESSAGE][PASSED] - Keys 'ENTER + ' sent to object: 'Object Repository/TripFocus/Orders/Create New Order/Add Products/Account_Of_txt'

22-10-2025T09:54:55 - [TEST_STEP][PASSED] - delay(3): Delayed 3 second(s)

22-10-2025T09:54:58 - [MESSAGE][PASSED] - Delayed 3 second(s)

22-10-2025T09:54:58 - [TEST_STEP][PASSED] - if (waitForElementVisible(findTestObject("TripFocus/Orders/System_Notification_OK_btn"), 0, STOP_ON_FAILURE) == true): Web element with id: 'Object Repository/TripFocus/Orders/System_Notification_OK_btn' located by '//*[@id="__BVID__10___BV_modal_footer_"]/button' not found

22-10-2025T09:54:58 - [MESSAGE][WARNING] - Timeout '0' is invalid. Using default page load timeout: '15'

22-10-2025T09:55:14 - [MESSAGE][INFO] - Unable to find the element located by 'By.xpath: //*[@id="__BVID__10___BV_modal_footer_"]/button'. Please recheck the objects properties to make sure the desired element is located. 

22-10-2025T09:55:14 - [MESSAGE][WARNING] - [SELF-HEALING] Failed to find element with id 'Object Repository/TripFocus/Orders/System_Notification_OK_btn'. Try using Self-healing.

22-10-2025T09:55:15 - [MESSAGE][INFO] - [SELF-HEALING] No working XPath is found.

22-10-2025T09:55:17 - [MESSAGE][INFO] - Unable to find the element located by 'By.xpath: '. Please recheck the objects properties to make sure the desired element is located. 

22-10-2025T09:55:17 - [MESSAGE][WARNING] - [SELF-HEALING] Cannot find elements when the selector is null

22-10-2025T09:55:17 - [MESSAGE][WARNING] - Web element with id: 'Object Repository/TripFocus/Orders/System_Notification_OK_btn' located by '//*[@id="__BVID__10___BV_modal_footer_"]/button' not found

22-10-2025T09:55:17 - [TEST_STEP][PASSED] - sendKeys(findTestObject("TripFocus/Orders/Create New Order/Add Products/Commodity_txt"), "Premium"): Keys 'Premium' sent to object: 'Object Repository/TripFocus/Orders/Create New Order/Add Products/Commodity_txt'

22-10-2025T09:55:17 - [MESSAGE][PASSED] - Keys 'Premium' sent to object: 'Object Repository/TripFocus/Orders/Create New Order/Add Products/Commodity_txt'

22-10-2025T09:55:17 - [TEST_STEP][PASSED] - delay(2): Delayed 2 second(s)

22-10-2025T09:55:19 - [MESSAGE][PASSED] - Delayed 2 second(s)

22-10-2025T09:55:19 - [TEST_STEP][PASSED] - sendKeys(findTestObject("TripFocus/Orders/Create New Order/Add Products/Commodity_txt"), Keys.chord(ENTER)): Keys 'ENTER + ' sent to object: 'Object Repository/TripFocus/Orders/Create New Order/Add Products/Commodity_txt'

22-10-2025T09:55:19 - [MESSAGE][PASSED] - Keys 'ENTER + ' sent to object: 'Object Repository/TripFocus/Orders/Create New Order/Add Products/Commodity_txt'

22-10-2025T09:55:19 - [TEST_STEP][PASSED] - delay(2): Delayed 2 second(s)

22-10-2025T09:55:21 - [MESSAGE][PASSED] - Delayed 2 second(s)

22-10-2025T09:55:21 - [TEST_STEP][PASSED] - setText(findTestObject("TripFocus/Orders/Create New Order/Add Products/Quantity_txt"), "4444"): Text '4444' is set on object 'Object Repository/TripFocus/Orders/Create New Order/Add Products/Quantity_txt'

22-10-2025T09:55:21 - [MESSAGE][PASSED] - Text '4444' is set on object 'Object Repository/TripFocus/Orders/Create New Order/Add Products/Quantity_txt'

22-10-2025T09:55:21 - [TEST_STEP][PASSED] - delay(2): Delayed 2 second(s)

22-10-2025T09:55:23 - [MESSAGE][PASSED] - Delayed 2 second(s)

22-10-2025T09:55:23 - [TEST_STEP][PASSED] - click(findTestObject("TripFocus/Orders/Create New Order/Add Products/Account_Of_dropdown")): Object: 'Object Repository/TripFocus/Orders/Create New Order/Add Products/Account_Of_dropdown' is clicked on

22-10-2025T09:55:23 - [MESSAGE][PASSED] - Object: 'Object Repository/TripFocus/Orders/Create New Order/Add Products/Account_Of_dropdown' is clicked on

22-10-2025T09:55:23 - [TEST_STEP][PASSED] - delay(2): Delayed 2 second(s)

22-10-2025T09:55:25 - [MESSAGE][PASSED] - Delayed 2 second(s)

22-10-2025T09:55:25 - [TEST_STEP][PASSED] - click(findTestObject("TripFocus/Orders/Create New Order/Add Products/Add_Product_btn (When Showing Advanced Options)")): Object: 'Object Repository/TripFocus/Orders/Create New Order/Add Products/Add_Product_btn (When Showing Advanced Options)' is clicked on

22-10-2025T09:55:25 - [MESSAGE][PASSED] - Object: 'Object Repository/TripFocus/Orders/Create New Order/Add Products/Add_Product_btn (When Showing Advanced Options)' is clicked on

22-10-2025T09:55:25 - [TEST_STEP][PASSED] - delay(2): Delayed 2 second(s)

22-10-2025T09:55:27 - [MESSAGE][PASSED] - Delayed 2 second(s)

22-10-2025T09:55:27 - [TEST_STEP][PASSED] - click(findTestObject("TripFocus/Orders/Create New Order/Add Products/Close_btn")): Object: 'Object Repository/TripFocus/Orders/Create New Order/Add Products/Close_btn' is clicked on

22-10-2025T09:55:27 - [MESSAGE][PASSED] - Object: 'Object Repository/TripFocus/Orders/Create New Order/Add Products/Close_btn' is clicked on

22-10-2025T09:55:27 - [TEST_STEP][PASSED] - delay(2): Delayed 2 second(s)

22-10-2025T09:55:29 - [MESSAGE][PASSED] - Delayed 2 second(s)

22-10-2025T09:55:29 - [TEST_STEP][PASSED] - click(findTestObject("TripFocus/Orders/Create New Order/Review_Order_Tender_btn")): Object: 'Object Repository/TripFocus/Orders/Create New Order/Review_Order_Tender_btn' is clicked on

22-10-2025T09:55:30 - [MESSAGE][PASSED] - Object: 'Object Repository/TripFocus/Orders/Create New Order/Review_Order_Tender_btn' is clicked on

22-10-2025T09:55:30 - [TEST_STEP][PASSED] - delay(2): Delayed 2 second(s)

22-10-2025T09:55:32 - [MESSAGE][PASSED] - Delayed 2 second(s)

22-10-2025T09:55:32 - [TEST_STEP][PASSED] - click(findTestObject("TripFocus/Orders/Create New Order/Submit_Order_Tender_btn")): Object: 'Object Repository/TripFocus/Orders/Create New Order/Submit_Order_Tender_btn' is clicked on

22-10-2025T09:55:32 - [MESSAGE][PASSED] - Object: 'Object Repository/TripFocus/Orders/Create New Order/Submit_Order_Tender_btn' is clicked on

22-10-2025T09:55:32 - [TEST_STEP][PASSED] - waitForElementPresent(findTestObject("TripFocus/Orders/Create New Order/Order Submitted Successfully Message"), 30): Object 'Object Repository/TripFocus/Orders/Create New Order/Order Submitted Successfully Message' is present

22-10-2025T09:55:35 - [MESSAGE][PASSED] - Object 'Object Repository/TripFocus/Orders/Create New Order/Order Submitted Successfully Message' is present

22-10-2025T09:55:35 - [TEST_STEP][PASSED] - verifyElementPresent(findTestObject("TripFocus/Orders/Create New Order/Order Submitted Successfully Message"), 30): Object 'Object Repository/TripFocus/Orders/Create New Order/Order Submitted Successfully Message' is present

22-10-2025T09:55:35 - [MESSAGE][PASSED] - Object 'Object Repository/TripFocus/Orders/Create New Order/Order Submitted Successfully Message' is present

22-10-2025T09:55:35 - [TEST_STEP][PASSED] - delay(10): Delayed 10 second(s)

22-10-2025T09:55:45 - [MESSAGE][PASSED] - Delayed 10 second(s)

22-10-2025T09:55:45 - [TEST_STEP][PASSED] - waitForElementVisible(findTestObject("TripFocus/Orders/Create New Order/Order Submitted Successfully Message"), 10): Object 'Object Repository/TripFocus/Orders/Create New Order/Order Submitted Successfully Message' is visible

22-10-2025T09:55:45 - [MESSAGE][PASSED] - Object 'Object Repository/TripFocus/Orders/Create New Order/Order Submitted Successfully Message' is visible

22-10-2025T09:55:45 - [TEST_STEP][PASSED] - actualText = getText(findTestObject("TripFocus/Orders/Create New Order/Order Submitted Successfully Message")): Text of object 'Object Repository/TripFocus/Orders/Create New Order/Order Submitted Successfully Message' is: 'Order Submitted Successfully'

22-10-2025T09:55:45 - [MESSAGE][PASSED] - Text of object 'Object Repository/TripFocus/Orders/Create New Order/Order Submitted Successfully Message' is: 'Order Submitted Successfully'

22-10-2025T09:55:45 - [TEST_STEP][PASSED] - verifyMatch(actualText, "Order Submitted Successfully", false): Actual text 'Order Submitted Successfully' and expected text 'Order Submitted Successfully' are matched 

22-10-2025T09:55:45 - [MESSAGE][PASSED] - Actual text 'Order Submitted Successfully' and expected text 'Order Submitted Successfully' are matched 

22-10-2025T09:55:45 - [TEST_STEP][PASSED] - if (closeWindow): null

22-10-2025T09:55:45 - [MESSAGE][PASSED] - Call Test Case 'Test Cases/TripFocus/FDG/FDG - Orders/FDG - Creating New Order' successfully

22-10-2025T09:55:45 - [TEST_STEP][PASSED] - orderNumber = getText(findTestObject("TripFocus/Orders/Order_number_value")): Text of object 'Object Repository/TripFocus/Orders/Order_number_value' is: '56119027'

22-10-2025T09:55:45 - [MESSAGE][PASSED] - Text of object 'Object Repository/TripFocus/Orders/Order_number_value' is: '56119027'

22-10-2025T09:55:45 - [TEST_STEP][PASSED] - click(findTestObject("TripFocus/Orders/Create New Order/Close_btn")): Object: 'Object Repository/TripFocus/Orders/Create New Order/Close_btn' is clicked on

22-10-2025T09:55:46 - [MESSAGE][PASSED] - Object: 'Object Repository/TripFocus/Orders/Create New Order/Close_btn' is clicked on

22-10-2025T09:55:46 - [TEST_STEP][PASSED] - click(findTestObject("TripFocus/Orders/Orders_tab")): Object: 'Object Repository/TripFocus/Orders/Orders_tab' is clicked on

22-10-2025T09:55:46 - [MESSAGE][PASSED] - Object: 'Object Repository/TripFocus/Orders/Orders_tab' is clicked on

22-10-2025T09:55:46 - [TEST_STEP][PASSED] - delay(4): Delayed 4 second(s)

22-10-2025T09:55:50 - [MESSAGE][PASSED] - Delayed 4 second(s)

22-10-2025T09:55:50 - [TEST_STEP][PASSED] - sendKeys(findTestObject("TripFocus/Orders/Quick_Search_txt"), orderNumber): Keys '56119027' sent to object: 'Object Repository/TripFocus/Orders/Quick_Search_txt'

22-10-2025T09:55:50 - [MESSAGE][PASSED] - Keys '56119027' sent to object: 'Object Repository/TripFocus/Orders/Quick_Search_txt'

22-10-2025T09:55:50 - [TEST_STEP][PASSED] - delay(2): Delayed 2 second(s)

22-10-2025T09:55:52 - [MESSAGE][PASSED] - Delayed 2 second(s)

22-10-2025T09:55:52 - [TEST_STEP][PASSED] - click(findTestObject("TripFocus/Orders/Quick_Search_btn"), STOP_ON_FAILURE): Object: 'Object Repository/TripFocus/Orders/Quick_Search_btn' is clicked on

22-10-2025T09:55:52 - [MESSAGE][PASSED] - Object: 'Object Repository/TripFocus/Orders/Quick_Search_btn' is clicked on

22-10-2025T09:55:52 - [TEST_STEP][PASSED] - delay(5): Delayed 5 second(s)

22-10-2025T09:55:57 - [MESSAGE][PASSED] - Delayed 5 second(s)

22-10-2025T09:55:57 - [TEST_STEP][PASSED] - click(findTestObject("TripFocus/Orders/Order_Expand_btn")): Object: 'Object Repository/TripFocus/Orders/Order_Expand_btn' is clicked on

22-10-2025T09:55:57 - [MESSAGE][PASSED] - Object: 'Object Repository/TripFocus/Orders/Order_Expand_btn' is clicked on

22-10-2025T09:55:57 - [TEST_STEP][PASSED] - waitForElementClickable(findTestObject("TripFocus/Orders/Edit_Order_btn"), 10): Object 'Object Repository/TripFocus/Orders/Edit_Order_btn' is clickable

22-10-2025T09:55:57 - [MESSAGE][PASSED] - Object 'Object Repository/TripFocus/Orders/Edit_Order_btn' is clickable

22-10-2025T09:55:57 - [TEST_STEP][PASSED] - delay(2): Delayed 2 second(s)

22-10-2025T09:55:59 - [MESSAGE][PASSED] - Delayed 2 second(s)

22-10-2025T09:55:59 - [TEST_STEP][PASSED] - click(findTestObject("TripFocus/Orders/Edit_Order_btn")): Object: 'Object Repository/TripFocus/Orders/Edit_Order_btn' is clicked on

22-10-2025T09:56:00 - [MESSAGE][PASSED] - Object: 'Object Repository/TripFocus/Orders/Edit_Order_btn' is clicked on

22-10-2025T09:56:00 - [TEST_STEP][PASSED] - delay(3): Delayed 3 second(s)

22-10-2025T09:56:03 - [MESSAGE][PASSED] - Delayed 3 second(s)

22-10-2025T09:56:03 - [TEST_STEP][PASSED] - setText(findTestObject("TripFocus/Orders/Edit Order/Additional_Notes_txt"), "This is a Test."): Text 'This is a Test.' is set on object 'Object Repository/TripFocus/Orders/Edit Order/Additional_Notes_txt'

22-10-2025T09:56:03 - [MESSAGE][PASSED] - Text 'This is a Test.' is set on object 'Object Repository/TripFocus/Orders/Edit Order/Additional_Notes_txt'

22-10-2025T09:56:03 - [TEST_STEP][PASSED] - waitForElementVisible(findTestObject("TripFocus/Orders/Edit Order/Review_Edit_Order_Tender_btn"), 10): Object 'Object Repository/TripFocus/Orders/Edit Order/Review_Edit_Order_Tender_btn' is visible

22-10-2025T09:56:03 - [MESSAGE][PASSED] - Object 'Object Repository/TripFocus/Orders/Edit Order/Review_Edit_Order_Tender_btn' is visible

22-10-2025T09:56:03 - [TEST_STEP][PASSED] - delay(10): Delayed 10 second(s)

22-10-2025T09:56:13 - [MESSAGE][PASSED] - Delayed 10 second(s)

22-10-2025T09:56:13 - [TEST_STEP][PASSED] - doubleClick(findTestObject("TripFocus/Orders/Edit Order/Review_Edit_Order_Tender_btn")): Object: 'Object Repository/TripFocus/Orders/Edit Order/Review_Edit_Order_Tender_btn' is double clicked on

22-10-2025T09:56:13 - [MESSAGE][PASSED] - Object: 'Object Repository/TripFocus/Orders/Edit Order/Review_Edit_Order_Tender_btn' is double clicked on

22-10-2025T09:56:13 - [TEST_STEP][PASSED] - delay(3): Delayed 3 second(s)

22-10-2025T09:56:16 - [MESSAGE][PASSED] - Delayed 3 second(s)

22-10-2025T09:56:16 - [TEST_STEP][FAILED] - click(findTestObject("TripFocus/Orders/Edit Order/Submit_Updated_Tender_btn")): Unable to click on object 'Object Repository/TripFocus/Orders/Edit Order/Submit_Updated_Tender_btn' (Root cause: com.kms.katalon.core.exception.StepFailedException: Unable to click on object 'Object Repository/TripFocus/Orders/Edit Order/Submit_Updated_Tender_btn'
	at com.kms.katalon.core.webui.keyword.internal.WebUIKeywordMain.stepFailed(WebUIKeywordMain.groovy:117)
	at com.kms.katalon.core.webui.keyword.internal.WebUIKeywordMain.runKeyword(WebUIKeywordMain.groovy:43)
	at com.kms.katalon.core.webui.keyword.builtin.ClickKeyword.click(ClickKeyword.groovy:74)
	at com.kms.katalon.core.webui.keyword.builtin.ClickKeyword.execute(ClickKeyword.groovy:40)
	at com.kms.katalon.core.keyword.internal.KeywordExecutor.executeKeywordForPlatform(KeywordExecutor.groovy:74)
	at com.kms.katalon.core.webui.keyword.WebUiBuiltInKeywords.click(WebUiBuiltInKeywords.groovy:659)
	at com.kms.katalon.core.webui.keyword.WebUiBuiltInKeywords$click$1.call(Unknown Source)
	at FDG - Edit Created Order.run(FDG - Edit Created Order:58)
	at com.kms.katalon.core.main.ScriptEngine.run(ScriptEngine.java:194)
	at com.kms.katalon.core.main.ScriptEngine.runScriptAsRawText(ScriptEngine.java:119)
	at com.kms.katalon.core.main.TestCaseExecutor.runScript(TestCaseExecutor.java:448)
	at com.kms.katalon.core.main.TestCaseExecutor.doExecute(TestCaseExecutor.java:439)
	at com.kms.katalon.core.main.TestCaseExecutor.processExecutionPhase(TestCaseExecutor.java:418)
	at com.kms.katalon.core.main.TestCaseExecutor.accessMainPhase(TestCaseExecutor.java:410)
	at com.kms.katalon.core.main.TestCaseExecutor.execute(TestCaseExecutor.java:285)
	at com.kms.katalon.core.common.CommonExecutor.accessTestCaseMainPhase(CommonExecutor.java:65)
	at com.kms.katalon.core.main.TestSuiteExecutor.accessTestSuiteMainPhase(TestSuiteExecutor.java:150)
	at com.kms.katalon.core.main.TestSuiteExecutor.execute(TestSuiteExecutor.java:106)
	at com.kms.katalon.core.main.TestCaseMain.startTestSuite(TestCaseMain.java:180)
	at com.kms.katalon.core.main.TestCaseMain$startTestSuite$0.call(Unknown Source)
	at TempTestSuite1761139058037.run(TempTestSuite1761139058037.groovy:35)
	at java.base/jdk.internal.reflect.NativeMethodAccessorImpl.invoke0(Native Method)
	at java.base/jdk.internal.reflect.NativeMethodAccessorImpl.invoke(NativeMethodAccessorImpl.java:77)
	at java.base/jdk.internal.reflect.DelegatingMethodAccessorImpl.invoke(DelegatingMethodAccessorImpl.java:43)
Caused by: com.kms.katalon.core.webui.exception.WebElementNotFoundException: Web element with id: 'Object Repository/TripFocus/Orders/Edit Order/Submit_Updated_Tender_btn' located by '//button[normalize-space(text())='Submit Updated Tender']' not found
	at com.kms.katalon.core.webui.common.WebUiCommonHelper.findWebElement(WebUiCommonHelper.java:1423)
	at com.kms.katalon.core.webui.keyword.internal.WebUIAbstractKeyword.findWebElement(WebUIAbstractKeyword.groovy:27)
	at com.kms.katalon.core.webui.keyword.builtin.ClickKeyword$_click_closure1.doCall(ClickKeyword.groovy:65)
	at com.kms.katalon.core.webui.keyword.builtin.ClickKeyword$_click_closure1.call(ClickKeyword.groovy)
	at com.kms.katalon.core.webui.keyword.internal.WebUIKeywordMain.runKeyword(WebUIKeywordMain.groovy:35)
	at com.kms.katalon.core.webui.keyword.builtin.ClickKeyword.click(ClickKeyword.groovy:74)
	at com.kms.katalon.core.webui.keyword.builtin.ClickKeyword.execute(ClickKeyword.groovy:40)
	at com.kms.katalon.core.keyword.internal.KeywordExecutor.executeKeywordForPlatform(KeywordExecutor.groovy:74)
	at com.kms.katalon.core.webui.keyword.WebUiBuiltInKeywords.click(WebUiBuiltInKeywords.groovy:659)
	at com.kms.katalon.core.webui.keyword.WebUiBuiltInKeywords$click$1.call(Unknown Source)
	at Script1745007816367.run(Script1745007816367.groovy:58)
	... 16 more
)

22-10-2025T09:56:32 - [MESSAGE][INFO] - Unable to find the element located by 'By.xpath: //button[normalize-space(text())='Submit Updated Tender']'. Please recheck the objects properties to make sure the desired element is located. 

22-10-2025T09:56:32 - [MESSAGE][WARNING] - [SELF-HEALING] Failed to find element with id 'Object Repository/TripFocus/Orders/Edit Order/Submit_Updated_Tender_btn'. Try using Self-healing.

22-10-2025T09:56:33 - [MESSAGE][INFO] - [SELF-HEALING] No working XPath is found.

22-10-2025T09:56:35 - [MESSAGE][INFO] - Unable to find the element located by 'By.xpath: '. Please recheck the objects properties to make sure the desired element is located. 

22-10-2025T09:56:35 - [MESSAGE][WARNING] - [SELF-HEALING] Cannot find elements when the selector is null

22-10-2025T09:56:35 - [MESSAGE][FAILED] - Unable to click on object 'Object Repository/TripFocus/Orders/Edit Order/Submit_Updated_Tender_btn' (Root cause: com.kms.katalon.core.exception.StepFailedException: Unable to click on object 'Object Repository/TripFocus/Orders/Edit Order/Submit_Updated_Tender_btn'
	at com.kms.katalon.core.webui.keyword.internal.WebUIKeywordMain.stepFailed(WebUIKeywordMain.groovy:117)
	at com.kms.katalon.core.webui.keyword.internal.WebUIKeywordMain.runKeyword(WebUIKeywordMain.groovy:43)
	at com.kms.katalon.core.webui.keyword.builtin.ClickKeyword.click(ClickKeyword.groovy:74)
	at com.kms.katalon.core.webui.keyword.builtin.ClickKeyword.execute(ClickKeyword.groovy:40)
	at com.kms.katalon.core.keyword.internal.KeywordExecutor.executeKeywordForPlatform(KeywordExecutor.groovy:74)
	at com.kms.katalon.core.webui.keyword.WebUiBuiltInKeywords.click(WebUiBuiltInKeywords.groovy:659)
	at com.kms.katalon.core.webui.keyword.WebUiBuiltInKeywords$click$1.call(Unknown Source)
	at FDG - Edit Created Order.run(FDG - Edit Created Order:58)
	at com.kms.katalon.core.main.ScriptEngine.run(ScriptEngine.java:194)
	at com.kms.katalon.core.main.ScriptEngine.runScriptAsRawText(ScriptEngine.java:119)
	at com.kms.katalon.core.main.TestCaseExecutor.runScript(TestCaseExecutor.java:448)
	at com.kms.katalon.core.main.TestCaseExecutor.doExecute(TestCaseExecutor.java:439)
	at com.kms.katalon.core.main.TestCaseExecutor.processExecutionPhase(TestCaseExecutor.java:418)
	at com.kms.katalon.core.main.TestCaseExecutor.accessMainPhase(TestCaseExecutor.java:410)
	at com.kms.katalon.core.main.TestCaseExecutor.execute(TestCaseExecutor.java:285)
	at com.kms.katalon.core.common.CommonExecutor.accessTestCaseMainPhase(CommonExecutor.java:65)
	at com.kms.katalon.core.main.TestSuiteExecutor.accessTestSuiteMainPhase(TestSuiteExecutor.java:150)
	at com.kms.katalon.core.main.TestSuiteExecutor.execute(TestSuiteExecutor.java:106)
	at com.kms.katalon.core.main.TestCaseMain.startTestSuite(TestCaseMain.java:180)
	at com.kms.katalon.core.main.TestCaseMain$startTestSuite$0.call(Unknown Source)
	at TempTestSuite1761139058037.run(TempTestSuite1761139058037.groovy:35)
	at java.base/jdk.internal.reflect.NativeMethodAccessorImpl.invoke0(Native Method)
	at java.base/jdk.internal.reflect.NativeMethodAccessorImpl.invoke(NativeMethodAccessorImpl.java:77)
	at java.base/jdk.internal.reflect.DelegatingMethodAccessorImpl.invoke(DelegatingMethodAccessorImpl.java:43)
Caused by: com.kms.katalon.core.webui.exception.WebElementNotFoundException: Web element with id: 'Object Repository/TripFocus/Orders/Edit Order/Submit_Updated_Tender_btn' located by '//button[normalize-space(text())='Submit Updated Tender']' not found
	at com.kms.katalon.core.webui.common.WebUiCommonHelper.findWebElement(WebUiCommonHelper.java:1423)
	at com.kms.katalon.core.webui.keyword.internal.WebUIAbstractKeyword.findWebElement(WebUIAbstractKeyword.groovy:27)
	at com.kms.katalon.core.webui.keyword.builtin.ClickKeyword$_click_closure1.doCall(ClickKeyword.groovy:65)
	at com.kms.katalon.core.webui.keyword.builtin.ClickKeyword$_click_closure1.call(ClickKeyword.groovy)
	at com.kms.katalon.core.webui.keyword.internal.WebUIKeywordMain.runKeyword(WebUIKeywordMain.groovy:35)
	at com.kms.katalon.core.webui.keyword.builtin.ClickKeyword.click(ClickKeyword.groovy:74)
	at com.kms.katalon.core.webui.keyword.builtin.ClickKeyword.execute(ClickKeyword.groovy:40)
	at com.kms.katalon.core.keyword.internal.KeywordExecutor.executeKeywordForPlatform(KeywordExecutor.groovy:74)
	at com.kms.katalon.core.webui.keyword.WebUiBuiltInKeywords.click(WebUiBuiltInKeywords.groovy:659)
	at com.kms.katalon.core.webui.keyword.WebUiBuiltInKeywords$click$1.call(Unknown Source)
	at Script1745007816367.run(Script1745007816367.groovy:58)
	... 16 more
)

22-10-2025T09:56:35 - [TEST_STEP][PASSED] - Start listener action : retryOnDisconnect: Current window's url is: 'https://www.qa.tripfocus.com/edit-order-tender/FDG56119027'

22-10-2025T09:56:35 - [TEST_STEP][PASSED] - tcId = testCaseContext.getTestCaseId(): null

22-10-2025T09:56:35 - [TEST_STEP][PASSED] - currentRetry = retryCounts.getOrDefault(tcId, 0): null

22-10-2025T09:56:35 - [TEST_STEP][PASSED] - if (testCaseContext.getTestCaseStatus() == "FAILED" && currentRetry < MAX_RETRIES): Current window's url is: 'https://www.qa.tripfocus.com/edit-order-tender/FDG56119027'

22-10-2025T09:56:35 - [TEST_STEP][PASSED] - try: Current window's url is: 'https://www.qa.tripfocus.com/edit-order-tender/FDG56119027'

22-10-2025T09:56:35 - [TEST_STEP][PASSED] - comment(Checking for WebDriver disconnect for test case: $tcId): Checking for WebDriver disconnect for test case: Test Cases/TripFocus/FDG/FDG - Orders/FDG - Edit Created Order

22-10-2025T09:56:35 - [MESSAGE][INFO] - Checking for WebDriver disconnect for test case: Test Cases/TripFocus/FDG/FDG - Orders/FDG - Edit Created Order

22-10-2025T09:56:35 - [TEST_STEP][PASSED] - getUrl(): Current window's url is: 'https://www.qa.tripfocus.com/edit-order-tender/FDG56119027'

22-10-2025T09:56:35 - [MESSAGE][PASSED] - Current window's url is: 'https://www.qa.tripfocus.com/edit-order-tender/FDG56119027']]></system-out>
         <system-err><![CDATA[22-10-2025T09:52:59 - [TEST_CASE][FAILED] - Test Cases/TripFocus/FDG/FDG - Orders/FDG - Edit Created Order: Test Cases/TripFocus/FDG/FDG - Orders/FDG - Edit Created Order FAILED.
Reason:
com.kms.katalon.core.exception.StepFailedException: Unable to click on object 'Object Repository/TripFocus/Orders/Edit Order/Submit_Updated_Tender_btn'
	at com.kms.katalon.core.webui.keyword.internal.WebUIKeywordMain.stepFailed(WebUIKeywordMain.groovy:117)
	at com.kms.katalon.core.webui.keyword.internal.WebUIKeywordMain.runKeyword(WebUIKeywordMain.groovy:43)
	at com.kms.katalon.core.webui.keyword.builtin.ClickKeyword.click(ClickKeyword.groovy:74)
	at com.kms.katalon.core.webui.keyword.builtin.ClickKeyword.execute(ClickKeyword.groovy:40)
	at com.kms.katalon.core.keyword.internal.KeywordExecutor.executeKeywordForPlatform(KeywordExecutor.groovy:74)
	at com.kms.katalon.core.webui.keyword.WebUiBuiltInKeywords.click(WebUiBuiltInKeywords.groovy:659)
	at com.kms.katalon.core.webui.keyword.WebUiBuiltInKeywords$click$1.call(Unknown Source)
	at FDG - Edit Created Order.run(FDG - Edit Created Order:58)
	at com.kms.katalon.core.main.ScriptEngine.run(ScriptEngine.java:194)
	at com.kms.katalon.core.main.ScriptEngine.runScriptAsRawText(ScriptEngine.java:119)
	at com.kms.katalon.core.main.TestCaseExecutor.runScript(TestCaseExecutor.java:448)
	at com.kms.katalon.core.main.TestCaseExecutor.doExecute(TestCaseExecutor.java:439)
	at com.kms.katalon.core.main.TestCaseExecutor.processExecutionPhase(TestCaseExecutor.java:418)
	at com.kms.katalon.core.main.TestCaseExecutor.accessMainPhase(TestCaseExecutor.java:410)
	at com.kms.katalon.core.main.TestCaseExecutor.execute(TestCaseExecutor.java:285)
	at com.kms.katalon.core.common.CommonExecutor.accessTestCaseMainPhase(CommonExecutor.java:65)
	at com.kms.katalon.core.main.TestSuiteExecutor.accessTestSuiteMainPhase(TestSuiteExecutor.java:150)
	at com.kms.katalon.core.main.TestSuiteExecutor.execute(TestSuiteExecutor.java:106)
	at com.kms.katalon.core.main.TestCaseMain.startTestSuite(TestCaseMain.java:180)
	at com.kms.katalon.core.main.TestCaseMain$startTestSuite$0.call(Unknown Source)
	at TempTestSuite1761139058037.run(TempTestSuite1761139058037.groovy:35)
	at java.base/jdk.internal.reflect.NativeMethodAccessorImpl.invoke0(Native Method)
	at java.base/jdk.internal.reflect.NativeMethodAccessorImpl.invoke(NativeMethodAccessorImpl.java:77)
	at java.base/jdk.internal.reflect.DelegatingMethodAccessorImpl.invoke(DelegatingMethodAccessorImpl.java:43)
Caused by: com.kms.katalon.core.webui.exception.WebElementNotFoundException: Web element with id: 'Object Repository/TripFocus/Orders/Edit Order/Submit_Updated_Tender_btn' located by '//button[normalize-space(text())='Submit Updated Tender']' not found
	at com.kms.katalon.core.webui.common.WebUiCommonHelper.findWebElement(WebUiCommonHelper.java:1423)
	at com.kms.katalon.core.webui.keyword.internal.WebUIAbstractKeyword.findWebElement(WebUIAbstractKeyword.groovy:27)
	at com.kms.katalon.core.webui.keyword.builtin.ClickKeyword$_click_closure1.doCall(ClickKeyword.groovy:65)
	at com.kms.katalon.core.webui.keyword.builtin.ClickKeyword$_click_closure1.call(ClickKeyword.groovy)
	at com.kms.katalon.core.webui.keyword.internal.WebUIKeywordMain.runKeyword(WebUIKeywordMain.groovy:35)
	... 22 more]]></system-err>
      </testcase>
      <testcase name="Test Cases/TripFocus/FDG/FDG - Orders/FDG - Exporting Selected Orders" time="50.039" classname="Test Cases/TripFocus/FDG/FDG - Orders/FDG - Exporting Selected Orders" status="PASSED">
         <system-out><![CDATA[22-10-2025T09:56:35 - [TEST_CASE][PASSED] - Test Cases/TripFocus/FDG/FDG - Orders/FDG - Exporting Selected Orders: Test Cases/TripFocus/FDG/FDG - Orders/FDG - Exporting Selected Orders

22-10-2025T09:56:35 - [TEST_STEP][PASSED] - Start listener action : beforeTestCase: null

22-10-2025T09:56:35 - [TEST_STEP][PASSED] - addDefaultPackages(): null

22-10-2025T09:56:35 - [TEST_STEP][PASSED] - openBrowser(""): Browser is opened with url: ''

22-10-2025T09:56:35 - [MESSAGE][WARNING] - A browser is already opened. Closing browser and opening a new one

22-10-2025T09:56:36 - [MESSAGE][INFO] - Starting 'Chrome' driver

22-10-2025T09:56:36 - [MESSAGE][INFO] - User set preference: ['args', '[--no-sandbox, --disable-gpu, --disable-dev-shm-usage]']

22-10-2025T09:56:36 - [MESSAGE][INFO] - Action delay is set to 0 milliseconds

22-10-2025T09:56:37 - [MESSAGE][PASSED] - Browser is opened with url: ''

22-10-2025T09:56:37 - [TEST_STEP][PASSED] - navigateToUrl(TFBaseURL): Navigate to 'https://www.qa.tripfocus.com' successfully

22-10-2025T09:56:38 - [MESSAGE][PASSED] - Navigate to 'https://www.qa.tripfocus.com' successfully

22-10-2025T09:56:38 - [TEST_STEP][PASSED] - click(findTestObject("Object Repository/TripFocus/Page_TripFocus/button_Sign in")): Object: 'Object Repository/TripFocus/Page_TripFocus/button_Sign in' is clicked on

22-10-2025T09:56:38 - [MESSAGE][PASSED] - Object: 'Object Repository/TripFocus/Page_TripFocus/button_Sign in' is clicked on

22-10-2025T09:56:38 - [TEST_STEP][PASSED] - setText(findTestObject("Object Repository/TripFocus/Page_TripFocus/input_Username (e.g. email address)_Username"), TripFocusPenskeFDGUsername): Text 'Ashford.Chenault+PenskeCustomerFDGONLY@thekag.com' is set on object 'Object Repository/TripFocus/Page_TripFocus/input_Username (e.g. email address)_Username'

22-10-2025T09:56:39 - [MESSAGE][PASSED] - Text 'Ashford.Chenault+PenskeCustomerFDGONLY@thekag.com' is set on object 'Object Repository/TripFocus/Page_TripFocus/input_Username (e.g. email address)_Username'

22-10-2025T09:56:39 - [TEST_STEP][PASSED] - setText(findTestObject("Object Repository/TripFocus/Page_TripFocus/input_Password_Password"), TripFocusFDGSPGPassword): Text 'CrashBan911!!' is set on object 'Object Repository/TripFocus/Page_TripFocus/input_Password_Password'

22-10-2025T09:56:39 - [MESSAGE][PASSED] - Text 'CrashBan911!!' is set on object 'Object Repository/TripFocus/Page_TripFocus/input_Password_Password'

22-10-2025T09:56:39 - [TEST_STEP][PASSED] - click(findTestObject("Object Repository/TripFocus/Page_TripFocus/button_Login")): Object: 'Object Repository/TripFocus/Page_TripFocus/button_Login' is clicked on

22-10-2025T09:56:40 - [MESSAGE][PASSED] - Object: 'Object Repository/TripFocus/Page_TripFocus/button_Login' is clicked on

22-10-2025T09:56:40 - [TEST_STEP][PASSED] - maximizeWindow(): Current window maximized

22-10-2025T09:56:41 - [MESSAGE][PASSED] - Current window maximized

22-10-2025T09:56:41 - [TEST_STEP][PASSED] - waitForElementVisible(findTestObject("TripFocus/Testing_Notification_btn"), 15, OPTIONAL): Web element with id: 'Object Repository/TripFocus/Testing_Notification_btn' located by '//*[@id="__BVID__10___BV_modal_footer_"]/button' not found

22-10-2025T09:56:57 - [MESSAGE][INFO] - Unable to find the element located by 'By.xpath: //*[@id="__BVID__10___BV_modal_footer_"]/button'. Please recheck the objects properties to make sure the desired element is located. 

22-10-2025T09:56:57 - [MESSAGE][WARNING] - [SELF-HEALING] Failed to find element with id 'Object Repository/TripFocus/Testing_Notification_btn'. Try using Self-healing.

22-10-2025T09:56:58 - [MESSAGE][INFO] - [SELF-HEALING] No working XPath is found.

22-10-2025T09:57:00 - [MESSAGE][INFO] - Unable to find the element located by 'By.xpath: '. Please recheck the objects properties to make sure the desired element is located. 

22-10-2025T09:57:00 - [MESSAGE][WARNING] - [SELF-HEALING] Cannot find elements when the selector is null

22-10-2025T09:57:00 - [MESSAGE][WARNING] - Web element with id: 'Object Repository/TripFocus/Testing_Notification_btn' located by '//*[@id="__BVID__10___BV_modal_footer_"]/button' not found

22-10-2025T09:57:00 - [TEST_STEP][PASSED] - if (verifyElementVisible(findTestObject("TripFocus/Testing_Notification_btn"), OPTIONAL) == true): Web element with id: 'Object Repository/TripFocus/Testing_Notification_btn' located by '//*[@id="__BVID__10___BV_modal_footer_"]/button' not found (Root cause: com.kms.katalon.core.exception.StepFailedException: Web element with id: 'Object Repository/TripFocus/Testing_Notification_btn' located by '//*[@id="__BVID__10___BV_modal_footer_"]/button' not found
	at com.kms.katalon.core.webui.keyword.internal.WebUIKeywordMain.stepFailed(WebUIKeywordMain.groovy:117)
	at com.kms.katalon.core.webui.keyword.builtin.VerifyElementVisibleKeyword$_verifyElementVisible_closure1.doCall(VerifyElementVisibleKeyword.groovy:89)
	at com.kms.katalon.core.webui.keyword.builtin.VerifyElementVisibleKeyword$_verifyElementVisible_closure1.call(VerifyElementVisibleKeyword.groovy)
	at com.kms.katalon.core.webui.keyword.internal.WebUIKeywordMain.runKeyword(WebUIKeywordMain.groovy:35)
	at com.kms.katalon.core.webui.keyword.builtin.VerifyElementVisibleKeyword.verifyElementVisible(VerifyElementVisibleKeyword.groovy:97)
	at com.kms.katalon.core.webui.keyword.builtin.VerifyElementVisibleKeyword.execute(VerifyElementVisibleKeyword.groovy:67)
	at com.kms.katalon.core.keyword.internal.KeywordExecutor.executeKeywordForPlatform(KeywordExecutor.groovy:74)
	at com.kms.katalon.core.webui.keyword.WebUiBuiltInKeywords.verifyElementVisible(WebUiBuiltInKeywords.groovy:401)
	at com.kms.katalon.core.webui.keyword.WebUiBuiltInKeywords$verifyElementVisible$5.call(Unknown Source)
	at FDG - Exporting Selected Orders.run(FDG - Exporting Selected Orders:38)
	at com.kms.katalon.core.main.ScriptEngine.run(ScriptEngine.java:194)
	at com.kms.katalon.core.main.ScriptEngine.runScriptAsRawText(ScriptEngine.java:119)
	at com.kms.katalon.core.main.TestCaseExecutor.runScript(TestCaseExecutor.java:448)
	at com.kms.katalon.core.main.TestCaseExecutor.doExecute(TestCaseExecutor.java:439)
	at com.kms.katalon.core.main.TestCaseExecutor.processExecutionPhase(TestCaseExecutor.java:418)
	at com.kms.katalon.core.main.TestCaseExecutor.accessMainPhase(TestCaseExecutor.java:410)
	at com.kms.katalon.core.main.TestCaseExecutor.execute(TestCaseExecutor.java:285)
	at com.kms.katalon.core.common.CommonExecutor.accessTestCaseMainPhase(CommonExecutor.java:65)
	at com.kms.katalon.core.main.TestSuiteExecutor.accessTestSuiteMainPhase(TestSuiteExecutor.java:150)
	at com.kms.katalon.core.main.TestSuiteExecutor.execute(TestSuiteExecutor.java:106)
	at com.kms.katalon.core.main.TestCaseMain.startTestSuite(TestCaseMain.java:180)
	at com.kms.katalon.core.main.TestCaseMain$startTestSuite$0.call(Unknown Source)
	at TempTestSuite1761139058037.run(TempTestSuite1761139058037.groovy:35)
	at java.base/jdk.internal.reflect.NativeMethodAccessorImpl.invoke0(Native Method)
	at java.base/jdk.internal.reflect.NativeMethodAccessorImpl.invoke(NativeMethodAccessorImpl.java:77)
	at java.base/jdk.internal.reflect.DelegatingMethodAccessorImpl.invoke(DelegatingMethodAccessorImpl.java:43)
)

22-10-2025T09:57:16 - [MESSAGE][INFO] - Unable to find the element located by 'By.xpath: //*[@id="__BVID__10___BV_modal_footer_"]/button'. Please recheck the objects properties to make sure the desired element is located. 

22-10-2025T09:57:16 - [MESSAGE][WARNING] - [SELF-HEALING] Failed to find element with id 'Object Repository/TripFocus/Testing_Notification_btn'. Try using Self-healing.

22-10-2025T09:57:17 - [MESSAGE][INFO] - [SELF-HEALING] No working XPath is found.

22-10-2025T09:57:19 - [MESSAGE][INFO] - Unable to find the element located by 'By.xpath: '. Please recheck the objects properties to make sure the desired element is located. 

22-10-2025T09:57:19 - [MESSAGE][WARNING] - [SELF-HEALING] Cannot find elements when the selector is null

22-10-2025T09:57:19 - [MESSAGE][WARNING] - Web element with id: 'Object Repository/TripFocus/Testing_Notification_btn' located by '//*[@id="__BVID__10___BV_modal_footer_"]/button' not found (Root cause: com.kms.katalon.core.exception.StepFailedException: Web element with id: 'Object Repository/TripFocus/Testing_Notification_btn' located by '//*[@id="__BVID__10___BV_modal_footer_"]/button' not found
	at com.kms.katalon.core.webui.keyword.internal.WebUIKeywordMain.stepFailed(WebUIKeywordMain.groovy:117)
	at com.kms.katalon.core.webui.keyword.builtin.VerifyElementVisibleKeyword$_verifyElementVisible_closure1.doCall(VerifyElementVisibleKeyword.groovy:89)
	at com.kms.katalon.core.webui.keyword.builtin.VerifyElementVisibleKeyword$_verifyElementVisible_closure1.call(VerifyElementVisibleKeyword.groovy)
	at com.kms.katalon.core.webui.keyword.internal.WebUIKeywordMain.runKeyword(WebUIKeywordMain.groovy:35)
	at com.kms.katalon.core.webui.keyword.builtin.VerifyElementVisibleKeyword.verifyElementVisible(VerifyElementVisibleKeyword.groovy:97)
	at com.kms.katalon.core.webui.keyword.builtin.VerifyElementVisibleKeyword.execute(VerifyElementVisibleKeyword.groovy:67)
	at com.kms.katalon.core.keyword.internal.KeywordExecutor.executeKeywordForPlatform(KeywordExecutor.groovy:74)
	at com.kms.katalon.core.webui.keyword.WebUiBuiltInKeywords.verifyElementVisible(WebUiBuiltInKeywords.groovy:401)
	at com.kms.katalon.core.webui.keyword.WebUiBuiltInKeywords$verifyElementVisible$5.call(Unknown Source)
	at FDG - Exporting Selected Orders.run(FDG - Exporting Selected Orders:38)
	at com.kms.katalon.core.main.ScriptEngine.run(ScriptEngine.java:194)
	at com.kms.katalon.core.main.ScriptEngine.runScriptAsRawText(ScriptEngine.java:119)
	at com.kms.katalon.core.main.TestCaseExecutor.runScript(TestCaseExecutor.java:448)
	at com.kms.katalon.core.main.TestCaseExecutor.doExecute(TestCaseExecutor.java:439)
	at com.kms.katalon.core.main.TestCaseExecutor.processExecutionPhase(TestCaseExecutor.java:418)
	at com.kms.katalon.core.main.TestCaseExecutor.accessMainPhase(TestCaseExecutor.java:410)
	at com.kms.katalon.core.main.TestCaseExecutor.execute(TestCaseExecutor.java:285)
	at com.kms.katalon.core.common.CommonExecutor.accessTestCaseMainPhase(CommonExecutor.java:65)
	at com.kms.katalon.core.main.TestSuiteExecutor.accessTestSuiteMainPhase(TestSuiteExecutor.java:150)
	at com.kms.katalon.core.main.TestSuiteExecutor.execute(TestSuiteExecutor.java:106)
	at com.kms.katalon.core.main.TestCaseMain.startTestSuite(TestCaseMain.java:180)
	at com.kms.katalon.core.main.TestCaseMain$startTestSuite$0.call(Unknown Source)
	at TempTestSuite1761139058037.run(TempTestSuite1761139058037.groovy:35)
	at java.base/jdk.internal.reflect.NativeMethodAccessorImpl.invoke0(Native Method)
	at java.base/jdk.internal.reflect.NativeMethodAccessorImpl.invoke(NativeMethodAccessorImpl.java:77)
	at java.base/jdk.internal.reflect.DelegatingMethodAccessorImpl.invoke(DelegatingMethodAccessorImpl.java:43)
)

22-10-2025T09:57:19 - [TEST_STEP][PASSED] - click(findTestObject("TripFocus/Orders/Orders_tab")): Object: 'Object Repository/TripFocus/Orders/Orders_tab' is clicked on

22-10-2025T09:57:19 - [MESSAGE][PASSED] - Object: 'Object Repository/TripFocus/Orders/Orders_tab' is clicked on

22-10-2025T09:57:19 - [TEST_STEP][PASSED] - delay(3): Delayed 3 second(s)

22-10-2025T09:57:22 - [MESSAGE][PASSED] - Delayed 3 second(s)

22-10-2025T09:57:22 - [TEST_STEP][PASSED] - click(findTestObject("TripFocus/Sidebar Minimizer")): Object: 'Object Repository/TripFocus/Sidebar Minimizer' is clicked on

22-10-2025T09:57:22 - [MESSAGE][PASSED] - Object: 'Object Repository/TripFocus/Sidebar Minimizer' is clicked on

22-10-2025T09:57:22 - [TEST_STEP][PASSED] - delay(1): Delayed 1 second(s)

22-10-2025T09:57:23 - [MESSAGE][PASSED] - Delayed 1 second(s)

22-10-2025T09:57:23 - [TEST_STEP][PASSED] - verifyElementNotClickable(findTestObject("TripFocus/Orders/Export_Selected_Orders_btn")): Object 'Object Repository/TripFocus/Orders/Export_Selected_Orders_btn' is NOT clickable

22-10-2025T09:57:23 - [MESSAGE][PASSED] - Object 'Object Repository/TripFocus/Orders/Export_Selected_Orders_btn' is NOT clickable

22-10-2025T09:57:23 - [TEST_STEP][PASSED] - delay(1): Delayed 1 second(s)

22-10-2025T09:57:24 - [MESSAGE][PASSED] - Delayed 1 second(s)

22-10-2025T09:57:24 - [TEST_STEP][PASSED] - click(findTestObject("TripFocus/Orders/First_Order_checkbox")): Object: 'Object Repository/TripFocus/Orders/First_Order_checkbox' is clicked on

22-10-2025T09:57:24 - [MESSAGE][PASSED] - Object: 'Object Repository/TripFocus/Orders/First_Order_checkbox' is clicked on

22-10-2025T09:57:24 - [TEST_STEP][PASSED] - delay(1): Delayed 1 second(s)

22-10-2025T09:57:25 - [MESSAGE][PASSED] - Delayed 1 second(s)

22-10-2025T09:57:25 - [TEST_STEP][PASSED] - verifyElementClickable(findTestObject("TripFocus/Orders/Export_Selected_Orders_btn")): Object 'Object Repository/TripFocus/Orders/Export_Selected_Orders_btn' is clickable

22-10-2025T09:57:25 - [MESSAGE][PASSED] - Object 'Object Repository/TripFocus/Orders/Export_Selected_Orders_btn' is clickable

22-10-2025T09:57:25 - [TEST_STEP][PASSED] - click(findTestObject("TripFocus/Orders/Export_Selected_Orders_btn")): Object: 'Object Repository/TripFocus/Orders/Export_Selected_Orders_btn' is clicked on

22-10-2025T09:57:25 - [MESSAGE][PASSED] - Object: 'Object Repository/TripFocus/Orders/Export_Selected_Orders_btn' is clicked on

22-10-2025T09:57:25 - [TEST_STEP][PASSED] - Start listener action : retryOnDisconnect: null

22-10-2025T09:57:25 - [TEST_STEP][PASSED] - tcId = testCaseContext.getTestCaseId(): null

22-10-2025T09:57:25 - [TEST_STEP][PASSED] - currentRetry = retryCounts.getOrDefault(tcId, 0): null

22-10-2025T09:57:25 - [TEST_STEP][PASSED] - if (testCaseContext.getTestCaseStatus() == "FAILED" && currentRetry < MAX_RETRIES): null]]></system-out>
         <system-err><![CDATA[]]></system-err>
      </testcase>
      <testcase name="Test Cases/TripFocus/FDG/FDG - Orders/FDG - Getting Images For Selected Orders" time="47.754" classname="Test Cases/TripFocus/FDG/FDG - Orders/FDG - Getting Images For Selected Orders" status="PASSED">
         <system-out><![CDATA[22-10-2025T09:57:25 - [TEST_CASE][PASSED] - Test Cases/TripFocus/FDG/FDG - Orders/FDG - Getting Images For Selected Orders: Test Cases/TripFocus/FDG/FDG - Orders/FDG - Getting Images For Selected Orders

22-10-2025T09:57:25 - [TEST_STEP][PASSED] - Start listener action : beforeTestCase: null

22-10-2025T09:57:25 - [TEST_STEP][PASSED] - addDefaultPackages(): null

22-10-2025T09:57:25 - [TEST_STEP][PASSED] - openBrowser(""): Browser is opened with url: ''

22-10-2025T09:57:25 - [MESSAGE][WARNING] - A browser is already opened. Closing browser and opening a new one

22-10-2025T09:57:25 - [MESSAGE][INFO] - Starting 'Chrome' driver

22-10-2025T09:57:25 - [MESSAGE][INFO] - User set preference: ['args', '[--no-sandbox, --disable-gpu, --disable-dev-shm-usage]']

22-10-2025T09:57:26 - [MESSAGE][INFO] - Action delay is set to 0 milliseconds

22-10-2025T09:57:26 - [MESSAGE][PASSED] - Browser is opened with url: ''

22-10-2025T09:57:26 - [TEST_STEP][PASSED] - navigateToUrl(TFBaseURL): Navigate to 'https://www.qa.tripfocus.com' successfully

22-10-2025T09:57:27 - [MESSAGE][PASSED] - Navigate to 'https://www.qa.tripfocus.com' successfully

22-10-2025T09:57:27 - [TEST_STEP][PASSED] - click(findTestObject("Object Repository/TripFocus/Page_TripFocus/button_Sign in")): Object: 'Object Repository/TripFocus/Page_TripFocus/button_Sign in' is clicked on

22-10-2025T09:57:27 - [MESSAGE][PASSED] - Object: 'Object Repository/TripFocus/Page_TripFocus/button_Sign in' is clicked on

22-10-2025T09:57:27 - [TEST_STEP][PASSED] - setText(findTestObject("Object Repository/TripFocus/Page_TripFocus/input_Username (e.g. email address)_Username"), TripFocusPenskeFDGUsername): Text 'Ashford.Chenault+PenskeCustomerFDGONLY@thekag.com' is set on object 'Object Repository/TripFocus/Page_TripFocus/input_Username (e.g. email address)_Username'

22-10-2025T09:57:28 - [MESSAGE][PASSED] - Text 'Ashford.Chenault+PenskeCustomerFDGONLY@thekag.com' is set on object 'Object Repository/TripFocus/Page_TripFocus/input_Username (e.g. email address)_Username'

22-10-2025T09:57:28 - [TEST_STEP][PASSED] - setText(findTestObject("Object Repository/TripFocus/Page_TripFocus/input_Password_Password"), TripFocusFDGSPGPassword): Text 'CrashBan911!!' is set on object 'Object Repository/TripFocus/Page_TripFocus/input_Password_Password'

22-10-2025T09:57:28 - [MESSAGE][PASSED] - Text 'CrashBan911!!' is set on object 'Object Repository/TripFocus/Page_TripFocus/input_Password_Password'

22-10-2025T09:57:28 - [TEST_STEP][PASSED] - click(findTestObject("Object Repository/TripFocus/Page_TripFocus/button_Login")): Object: 'Object Repository/TripFocus/Page_TripFocus/button_Login' is clicked on

22-10-2025T09:57:28 - [MESSAGE][PASSED] - Object: 'Object Repository/TripFocus/Page_TripFocus/button_Login' is clicked on

22-10-2025T09:57:28 - [TEST_STEP][PASSED] - maximizeWindow(): Current window maximized

22-10-2025T09:57:28 - [MESSAGE][PASSED] - Current window maximized

22-10-2025T09:57:28 - [TEST_STEP][PASSED] - waitForElementVisible(findTestObject("TripFocus/Testing_Notification_btn"), 15, OPTIONAL): Web element with id: 'Object Repository/TripFocus/Testing_Notification_btn' located by '//*[@id="__BVID__10___BV_modal_footer_"]/button' not found

22-10-2025T09:57:44 - [MESSAGE][INFO] - Unable to find the element located by 'By.xpath: //*[@id="__BVID__10___BV_modal_footer_"]/button'. Please recheck the objects properties to make sure the desired element is located. 

22-10-2025T09:57:44 - [MESSAGE][WARNING] - [SELF-HEALING] Failed to find element with id 'Object Repository/TripFocus/Testing_Notification_btn'. Try using Self-healing.

22-10-2025T09:57:45 - [MESSAGE][INFO] - [SELF-HEALING] No working XPath is found.

22-10-2025T09:57:47 - [MESSAGE][INFO] - Unable to find the element located by 'By.xpath: '. Please recheck the objects properties to make sure the desired element is located. 

22-10-2025T09:57:47 - [MESSAGE][WARNING] - [SELF-HEALING] Cannot find elements when the selector is null

22-10-2025T09:57:47 - [MESSAGE][WARNING] - Web element with id: 'Object Repository/TripFocus/Testing_Notification_btn' located by '//*[@id="__BVID__10___BV_modal_footer_"]/button' not found

22-10-2025T09:57:47 - [TEST_STEP][PASSED] - if (verifyElementVisible(findTestObject("TripFocus/Testing_Notification_btn"), OPTIONAL) == true): Web element with id: 'Object Repository/TripFocus/Testing_Notification_btn' located by '//*[@id="__BVID__10___BV_modal_footer_"]/button' not found (Root cause: com.kms.katalon.core.exception.StepFailedException: Web element with id: 'Object Repository/TripFocus/Testing_Notification_btn' located by '//*[@id="__BVID__10___BV_modal_footer_"]/button' not found
	at com.kms.katalon.core.webui.keyword.internal.WebUIKeywordMain.stepFailed(WebUIKeywordMain.groovy:117)
	at com.kms.katalon.core.webui.keyword.builtin.VerifyElementVisibleKeyword$_verifyElementVisible_closure1.doCall(VerifyElementVisibleKeyword.groovy:89)
	at com.kms.katalon.core.webui.keyword.builtin.VerifyElementVisibleKeyword$_verifyElementVisible_closure1.call(VerifyElementVisibleKeyword.groovy)
	at com.kms.katalon.core.webui.keyword.internal.WebUIKeywordMain.runKeyword(WebUIKeywordMain.groovy:35)
	at com.kms.katalon.core.webui.keyword.builtin.VerifyElementVisibleKeyword.verifyElementVisible(VerifyElementVisibleKeyword.groovy:97)
	at com.kms.katalon.core.webui.keyword.builtin.VerifyElementVisibleKeyword.execute(VerifyElementVisibleKeyword.groovy:67)
	at com.kms.katalon.core.keyword.internal.KeywordExecutor.executeKeywordForPlatform(KeywordExecutor.groovy:74)
	at com.kms.katalon.core.webui.keyword.WebUiBuiltInKeywords.verifyElementVisible(WebUiBuiltInKeywords.groovy:401)
	at com.kms.katalon.core.webui.keyword.WebUiBuiltInKeywords$verifyElementVisible$5.call(Unknown Source)
	at FDG - Getting Images For Selected Orders.run(FDG - Getting Images For Selected Orders:38)
	at com.kms.katalon.core.main.ScriptEngine.run(ScriptEngine.java:194)
	at com.kms.katalon.core.main.ScriptEngine.runScriptAsRawText(ScriptEngine.java:119)
	at com.kms.katalon.core.main.TestCaseExecutor.runScript(TestCaseExecutor.java:448)
	at com.kms.katalon.core.main.TestCaseExecutor.doExecute(TestCaseExecutor.java:439)
	at com.kms.katalon.core.main.TestCaseExecutor.processExecutionPhase(TestCaseExecutor.java:418)
	at com.kms.katalon.core.main.TestCaseExecutor.accessMainPhase(TestCaseExecutor.java:410)
	at com.kms.katalon.core.main.TestCaseExecutor.execute(TestCaseExecutor.java:285)
	at com.kms.katalon.core.common.CommonExecutor.accessTestCaseMainPhase(CommonExecutor.java:65)
	at com.kms.katalon.core.main.TestSuiteExecutor.accessTestSuiteMainPhase(TestSuiteExecutor.java:150)
	at com.kms.katalon.core.main.TestSuiteExecutor.execute(TestSuiteExecutor.java:106)
	at com.kms.katalon.core.main.TestCaseMain.startTestSuite(TestCaseMain.java:180)
	at com.kms.katalon.core.main.TestCaseMain$startTestSuite$0.call(Unknown Source)
	at TempTestSuite1761139058037.run(TempTestSuite1761139058037.groovy:35)
	at java.base/jdk.internal.reflect.NativeMethodAccessorImpl.invoke0(Native Method)
	at java.base/jdk.internal.reflect.NativeMethodAccessorImpl.invoke(NativeMethodAccessorImpl.java:77)
	at java.base/jdk.internal.reflect.DelegatingMethodAccessorImpl.invoke(DelegatingMethodAccessorImpl.java:43)
)

22-10-2025T09:58:03 - [MESSAGE][INFO] - Unable to find the element located by 'By.xpath: //*[@id="__BVID__10___BV_modal_footer_"]/button'. Please recheck the objects properties to make sure the desired element is located. 

22-10-2025T09:58:03 - [MESSAGE][WARNING] - [SELF-HEALING] Failed to find element with id 'Object Repository/TripFocus/Testing_Notification_btn'. Try using Self-healing.

22-10-2025T09:58:04 - [MESSAGE][INFO] - [SELF-HEALING] No working XPath is found.

22-10-2025T09:58:06 - [MESSAGE][INFO] - Unable to find the element located by 'By.xpath: '. Please recheck the objects properties to make sure the desired element is located. 

22-10-2025T09:58:06 - [MESSAGE][WARNING] - [SELF-HEALING] Cannot find elements when the selector is null

22-10-2025T09:58:06 - [MESSAGE][WARNING] - Web element with id: 'Object Repository/TripFocus/Testing_Notification_btn' located by '//*[@id="__BVID__10___BV_modal_footer_"]/button' not found (Root cause: com.kms.katalon.core.exception.StepFailedException: Web element with id: 'Object Repository/TripFocus/Testing_Notification_btn' located by '//*[@id="__BVID__10___BV_modal_footer_"]/button' not found
	at com.kms.katalon.core.webui.keyword.internal.WebUIKeywordMain.stepFailed(WebUIKeywordMain.groovy:117)
	at com.kms.katalon.core.webui.keyword.builtin.VerifyElementVisibleKeyword$_verifyElementVisible_closure1.doCall(VerifyElementVisibleKeyword.groovy:89)
	at com.kms.katalon.core.webui.keyword.builtin.VerifyElementVisibleKeyword$_verifyElementVisible_closure1.call(VerifyElementVisibleKeyword.groovy)
	at com.kms.katalon.core.webui.keyword.internal.WebUIKeywordMain.runKeyword(WebUIKeywordMain.groovy:35)
	at com.kms.katalon.core.webui.keyword.builtin.VerifyElementVisibleKeyword.verifyElementVisible(VerifyElementVisibleKeyword.groovy:97)
	at com.kms.katalon.core.webui.keyword.builtin.VerifyElementVisibleKeyword.execute(VerifyElementVisibleKeyword.groovy:67)
	at com.kms.katalon.core.keyword.internal.KeywordExecutor.executeKeywordForPlatform(KeywordExecutor.groovy:74)
	at com.kms.katalon.core.webui.keyword.WebUiBuiltInKeywords.verifyElementVisible(WebUiBuiltInKeywords.groovy:401)
	at com.kms.katalon.core.webui.keyword.WebUiBuiltInKeywords$verifyElementVisible$5.call(Unknown Source)
	at FDG - Getting Images For Selected Orders.run(FDG - Getting Images For Selected Orders:38)
	at com.kms.katalon.core.main.ScriptEngine.run(ScriptEngine.java:194)
	at com.kms.katalon.core.main.ScriptEngine.runScriptAsRawText(ScriptEngine.java:119)
	at com.kms.katalon.core.main.TestCaseExecutor.runScript(TestCaseExecutor.java:448)
	at com.kms.katalon.core.main.TestCaseExecutor.doExecute(TestCaseExecutor.java:439)
	at com.kms.katalon.core.main.TestCaseExecutor.processExecutionPhase(TestCaseExecutor.java:418)
	at com.kms.katalon.core.main.TestCaseExecutor.accessMainPhase(TestCaseExecutor.java:410)
	at com.kms.katalon.core.main.TestCaseExecutor.execute(TestCaseExecutor.java:285)
	at com.kms.katalon.core.common.CommonExecutor.accessTestCaseMainPhase(CommonExecutor.java:65)
	at com.kms.katalon.core.main.TestSuiteExecutor.accessTestSuiteMainPhase(TestSuiteExecutor.java:150)
	at com.kms.katalon.core.main.TestSuiteExecutor.execute(TestSuiteExecutor.java:106)
	at com.kms.katalon.core.main.TestCaseMain.startTestSuite(TestCaseMain.java:180)
	at com.kms.katalon.core.main.TestCaseMain$startTestSuite$0.call(Unknown Source)
	at TempTestSuite1761139058037.run(TempTestSuite1761139058037.groovy:35)
	at java.base/jdk.internal.reflect.NativeMethodAccessorImpl.invoke0(Native Method)
	at java.base/jdk.internal.reflect.NativeMethodAccessorImpl.invoke(NativeMethodAccessorImpl.java:77)
	at java.base/jdk.internal.reflect.DelegatingMethodAccessorImpl.invoke(DelegatingMethodAccessorImpl.java:43)
)

22-10-2025T09:58:06 - [TEST_STEP][PASSED] - click(findTestObject("TripFocus/Orders/Orders_tab")): Object: 'Object Repository/TripFocus/Orders/Orders_tab' is clicked on

22-10-2025T09:58:07 - [MESSAGE][PASSED] - Object: 'Object Repository/TripFocus/Orders/Orders_tab' is clicked on

22-10-2025T09:58:07 - [TEST_STEP][PASSED] - delay(3): Delayed 3 second(s)

22-10-2025T09:58:10 - [MESSAGE][PASSED] - Delayed 3 second(s)

22-10-2025T09:58:10 - [TEST_STEP][PASSED] - click(findTestObject("TripFocus/Sidebar Minimizer")): Object: 'Object Repository/TripFocus/Sidebar Minimizer' is clicked on

22-10-2025T09:58:10 - [MESSAGE][PASSED] - Object: 'Object Repository/TripFocus/Sidebar Minimizer' is clicked on

22-10-2025T09:58:10 - [TEST_STEP][PASSED] - delay(1): Delayed 1 second(s)

22-10-2025T09:58:11 - [MESSAGE][PASSED] - Delayed 1 second(s)

22-10-2025T09:58:11 - [TEST_STEP][PASSED] - verifyElementNotClickable(findTestObject("TripFocus/Orders/Get_Images_for_Selected_Orders_btn")): Object 'Object Repository/TripFocus/Orders/Get_Images_for_Selected_Orders_btn' is NOT clickable

22-10-2025T09:58:11 - [MESSAGE][PASSED] - Object 'Object Repository/TripFocus/Orders/Get_Images_for_Selected_Orders_btn' is NOT clickable

22-10-2025T09:58:11 - [TEST_STEP][PASSED] - delay(1): Delayed 1 second(s)

22-10-2025T09:58:12 - [MESSAGE][PASSED] - Delayed 1 second(s)

22-10-2025T09:58:12 - [TEST_STEP][PASSED] - click(findTestObject("TripFocus/Orders/First_Order_checkbox")): Object: 'Object Repository/TripFocus/Orders/First_Order_checkbox' is clicked on

22-10-2025T09:58:12 - [MESSAGE][PASSED] - Object: 'Object Repository/TripFocus/Orders/First_Order_checkbox' is clicked on

22-10-2025T09:58:12 - [TEST_STEP][PASSED] - delay(1): Delayed 1 second(s)

22-10-2025T09:58:13 - [MESSAGE][PASSED] - Delayed 1 second(s)

22-10-2025T09:58:13 - [TEST_STEP][PASSED] - verifyElementClickable(findTestObject("TripFocus/Orders/Get_Images_for_Selected_Orders_btn")): Object 'Object Repository/TripFocus/Orders/Get_Images_for_Selected_Orders_btn' is clickable

22-10-2025T09:58:13 - [MESSAGE][PASSED] - Object 'Object Repository/TripFocus/Orders/Get_Images_for_Selected_Orders_btn' is clickable

22-10-2025T09:58:13 - [TEST_STEP][PASSED] - click(findTestObject("TripFocus/Orders/Get_Images_for_Selected_Orders_btn")): Object: 'Object Repository/TripFocus/Orders/Get_Images_for_Selected_Orders_btn' is clicked on

22-10-2025T09:58:13 - [MESSAGE][PASSED] - Object: 'Object Repository/TripFocus/Orders/Get_Images_for_Selected_Orders_btn' is clicked on

22-10-2025T09:58:13 - [TEST_STEP][PASSED] - Start listener action : retryOnDisconnect: null

22-10-2025T09:58:13 - [TEST_STEP][PASSED] - tcId = testCaseContext.getTestCaseId(): null

22-10-2025T09:58:13 - [TEST_STEP][PASSED] - currentRetry = retryCounts.getOrDefault(tcId, 0): null

22-10-2025T09:58:13 - [TEST_STEP][PASSED] - if (testCaseContext.getTestCaseStatus() == "FAILED" && currentRetry < MAX_RETRIES): null]]></system-out>
         <system-err><![CDATA[]]></system-err>
      </testcase>
      <testcase name="Test Cases/TripFocus/FDG/FDG - Orders/FDG - Verify Advance Filters Button" time="60.277" classname="Test Cases/TripFocus/FDG/FDG - Orders/FDG - Verify Advance Filters Button" status="PASSED">
         <system-out><![CDATA[22-10-2025T09:58:13 - [TEST_CASE][PASSED] - Test Cases/TripFocus/FDG/FDG - Orders/FDG - Verify Advance Filters Button: Test Cases/TripFocus/FDG/FDG - Orders/FDG - Verify Advance Filters Button

22-10-2025T09:58:13 - [TEST_STEP][PASSED] - Start listener action : beforeTestCase: null

22-10-2025T09:58:13 - [TEST_STEP][PASSED] - addDefaultPackages(): null

22-10-2025T09:58:13 - [TEST_STEP][PASSED] - openBrowser(""): Browser is opened with url: ''

22-10-2025T09:58:13 - [MESSAGE][WARNING] - A browser is already opened. Closing browser and opening a new one

22-10-2025T09:58:13 - [MESSAGE][INFO] - Starting 'Chrome' driver

22-10-2025T09:58:13 - [MESSAGE][INFO] - User set preference: ['args', '[--no-sandbox, --disable-gpu, --disable-dev-shm-usage]']

22-10-2025T09:58:13 - [MESSAGE][INFO] - Action delay is set to 0 milliseconds

22-10-2025T09:58:14 - [MESSAGE][PASSED] - Browser is opened with url: ''

22-10-2025T09:58:14 - [TEST_STEP][PASSED] - navigateToUrl(TFBaseURL): Navigate to 'https://www.qa.tripfocus.com' successfully

22-10-2025T09:58:15 - [MESSAGE][PASSED] - Navigate to 'https://www.qa.tripfocus.com' successfully

22-10-2025T09:58:15 - [TEST_STEP][PASSED] - click(findTestObject("Object Repository/TripFocus/Page_TripFocus/button_Sign in")): Object: 'Object Repository/TripFocus/Page_TripFocus/button_Sign in' is clicked on

22-10-2025T09:58:15 - [MESSAGE][PASSED] - Object: 'Object Repository/TripFocus/Page_TripFocus/button_Sign in' is clicked on

22-10-2025T09:58:15 - [TEST_STEP][PASSED] - setText(findTestObject("Object Repository/TripFocus/Page_TripFocus/input_Username (e.g. email address)_Username"), TripFocusPenskeFDGUsername): Text 'Ashford.Chenault+PenskeCustomerFDGONLY@thekag.com' is set on object 'Object Repository/TripFocus/Page_TripFocus/input_Username (e.g. email address)_Username'

22-10-2025T09:58:15 - [MESSAGE][PASSED] - Text 'Ashford.Chenault+PenskeCustomerFDGONLY@thekag.com' is set on object 'Object Repository/TripFocus/Page_TripFocus/input_Username (e.g. email address)_Username'

22-10-2025T09:58:15 - [TEST_STEP][PASSED] - setText(findTestObject("Object Repository/TripFocus/Page_TripFocus/input_Password_Password"), TripFocusFDGSPGPassword): Text 'CrashBan911!!' is set on object 'Object Repository/TripFocus/Page_TripFocus/input_Password_Password'

22-10-2025T09:58:16 - [MESSAGE][PASSED] - Text 'CrashBan911!!' is set on object 'Object Repository/TripFocus/Page_TripFocus/input_Password_Password'

22-10-2025T09:58:16 - [TEST_STEP][PASSED] - click(findTestObject("Object Repository/TripFocus/Page_TripFocus/button_Login")): Object: 'Object Repository/TripFocus/Page_TripFocus/button_Login' is clicked on

22-10-2025T09:58:16 - [MESSAGE][PASSED] - Object: 'Object Repository/TripFocus/Page_TripFocus/button_Login' is clicked on

22-10-2025T09:58:16 - [TEST_STEP][PASSED] - maximizeWindow(): Current window maximized

22-10-2025T09:58:16 - [MESSAGE][PASSED] - Current window maximized

22-10-2025T09:58:16 - [TEST_STEP][PASSED] - waitForElementVisible(findTestObject("TripFocus/Testing_Notification_btn"), 15, OPTIONAL): Web element with id: 'Object Repository/TripFocus/Testing_Notification_btn' located by '//*[@id="__BVID__10___BV_modal_footer_"]/button' not found

22-10-2025T09:58:32 - [MESSAGE][INFO] - Unable to find the element located by 'By.xpath: //*[@id="__BVID__10___BV_modal_footer_"]/button'. Please recheck the objects properties to make sure the desired element is located. 

22-10-2025T09:58:32 - [MESSAGE][WARNING] - [SELF-HEALING] Failed to find element with id 'Object Repository/TripFocus/Testing_Notification_btn'. Try using Self-healing.

22-10-2025T09:58:33 - [MESSAGE][INFO] - [SELF-HEALING] No working XPath is found.

22-10-2025T09:58:35 - [MESSAGE][INFO] - Unable to find the element located by 'By.xpath: '. Please recheck the objects properties to make sure the desired element is located. 

22-10-2025T09:58:35 - [MESSAGE][WARNING] - [SELF-HEALING] Cannot find elements when the selector is null

22-10-2025T09:58:35 - [MESSAGE][WARNING] - Web element with id: 'Object Repository/TripFocus/Testing_Notification_btn' located by '//*[@id="__BVID__10___BV_modal_footer_"]/button' not found

22-10-2025T09:58:35 - [TEST_STEP][PASSED] - if (verifyElementVisible(findTestObject("TripFocus/Testing_Notification_btn"), OPTIONAL) == true): Web element with id: 'Object Repository/TripFocus/Testing_Notification_btn' located by '//*[@id="__BVID__10___BV_modal_footer_"]/button' not found (Root cause: com.kms.katalon.core.exception.StepFailedException: Web element with id: 'Object Repository/TripFocus/Testing_Notification_btn' located by '//*[@id="__BVID__10___BV_modal_footer_"]/button' not found
	at com.kms.katalon.core.webui.keyword.internal.WebUIKeywordMain.stepFailed(WebUIKeywordMain.groovy:117)
	at com.kms.katalon.core.webui.keyword.builtin.VerifyElementVisibleKeyword$_verifyElementVisible_closure1.doCall(VerifyElementVisibleKeyword.groovy:89)
	at com.kms.katalon.core.webui.keyword.builtin.VerifyElementVisibleKeyword$_verifyElementVisible_closure1.call(VerifyElementVisibleKeyword.groovy)
	at com.kms.katalon.core.webui.keyword.internal.WebUIKeywordMain.runKeyword(WebUIKeywordMain.groovy:35)
	at com.kms.katalon.core.webui.keyword.builtin.VerifyElementVisibleKeyword.verifyElementVisible(VerifyElementVisibleKeyword.groovy:97)
	at com.kms.katalon.core.webui.keyword.builtin.VerifyElementVisibleKeyword.execute(VerifyElementVisibleKeyword.groovy:67)
	at com.kms.katalon.core.keyword.internal.KeywordExecutor.executeKeywordForPlatform(KeywordExecutor.groovy:74)
	at com.kms.katalon.core.webui.keyword.WebUiBuiltInKeywords.verifyElementVisible(WebUiBuiltInKeywords.groovy:401)
	at com.kms.katalon.core.webui.keyword.WebUiBuiltInKeywords$verifyElementVisible$5.call(Unknown Source)
	at FDG - Verify Advance Filters Button.run(FDG - Verify Advance Filters Button:38)
	at com.kms.katalon.core.main.ScriptEngine.run(ScriptEngine.java:194)
	at com.kms.katalon.core.main.ScriptEngine.runScriptAsRawText(ScriptEngine.java:119)
	at com.kms.katalon.core.main.TestCaseExecutor.runScript(TestCaseExecutor.java:448)
	at com.kms.katalon.core.main.TestCaseExecutor.doExecute(TestCaseExecutor.java:439)
	at com.kms.katalon.core.main.TestCaseExecutor.processExecutionPhase(TestCaseExecutor.java:418)
	at com.kms.katalon.core.main.TestCaseExecutor.accessMainPhase(TestCaseExecutor.java:410)
	at com.kms.katalon.core.main.TestCaseExecutor.execute(TestCaseExecutor.java:285)
	at com.kms.katalon.core.common.CommonExecutor.accessTestCaseMainPhase(CommonExecutor.java:65)
	at com.kms.katalon.core.main.TestSuiteExecutor.accessTestSuiteMainPhase(TestSuiteExecutor.java:150)
	at com.kms.katalon.core.main.TestSuiteExecutor.execute(TestSuiteExecutor.java:106)
	at com.kms.katalon.core.main.TestCaseMain.startTestSuite(TestCaseMain.java:180)
	at com.kms.katalon.core.main.TestCaseMain$startTestSuite$0.call(Unknown Source)
	at TempTestSuite1761139058037.run(TempTestSuite1761139058037.groovy:35)
	at java.base/jdk.internal.reflect.NativeMethodAccessorImpl.invoke0(Native Method)
	at java.base/jdk.internal.reflect.NativeMethodAccessorImpl.invoke(NativeMethodAccessorImpl.java:77)
	at java.base/jdk.internal.reflect.DelegatingMethodAccessorImpl.invoke(DelegatingMethodAccessorImpl.java:43)
)

22-10-2025T09:58:51 - [MESSAGE][INFO] - Unable to find the element located by 'By.xpath: //*[@id="__BVID__10___BV_modal_footer_"]/button'. Please recheck the objects properties to make sure the desired element is located. 

22-10-2025T09:58:51 - [MESSAGE][WARNING] - [SELF-HEALING] Failed to find element with id 'Object Repository/TripFocus/Testing_Notification_btn'. Try using Self-healing.

22-10-2025T09:58:52 - [MESSAGE][INFO] - [SELF-HEALING] No working XPath is found.

22-10-2025T09:58:54 - [MESSAGE][INFO] - Unable to find the element located by 'By.xpath: '. Please recheck the objects properties to make sure the desired element is located. 

22-10-2025T09:58:54 - [MESSAGE][WARNING] - [SELF-HEALING] Cannot find elements when the selector is null

22-10-2025T09:58:54 - [MESSAGE][WARNING] - Web element with id: 'Object Repository/TripFocus/Testing_Notification_btn' located by '//*[@id="__BVID__10___BV_modal_footer_"]/button' not found (Root cause: com.kms.katalon.core.exception.StepFailedException: Web element with id: 'Object Repository/TripFocus/Testing_Notification_btn' located by '//*[@id="__BVID__10___BV_modal_footer_"]/button' not found
	at com.kms.katalon.core.webui.keyword.internal.WebUIKeywordMain.stepFailed(WebUIKeywordMain.groovy:117)
	at com.kms.katalon.core.webui.keyword.builtin.VerifyElementVisibleKeyword$_verifyElementVisible_closure1.doCall(VerifyElementVisibleKeyword.groovy:89)
	at com.kms.katalon.core.webui.keyword.builtin.VerifyElementVisibleKeyword$_verifyElementVisible_closure1.call(VerifyElementVisibleKeyword.groovy)
	at com.kms.katalon.core.webui.keyword.internal.WebUIKeywordMain.runKeyword(WebUIKeywordMain.groovy:35)
	at com.kms.katalon.core.webui.keyword.builtin.VerifyElementVisibleKeyword.verifyElementVisible(VerifyElementVisibleKeyword.groovy:97)
	at com.kms.katalon.core.webui.keyword.builtin.VerifyElementVisibleKeyword.execute(VerifyElementVisibleKeyword.groovy:67)
	at com.kms.katalon.core.keyword.internal.KeywordExecutor.executeKeywordForPlatform(KeywordExecutor.groovy:74)
	at com.kms.katalon.core.webui.keyword.WebUiBuiltInKeywords.verifyElementVisible(WebUiBuiltInKeywords.groovy:401)
	at com.kms.katalon.core.webui.keyword.WebUiBuiltInKeywords$verifyElementVisible$5.call(Unknown Source)
	at FDG - Verify Advance Filters Button.run(FDG - Verify Advance Filters Button:38)
	at com.kms.katalon.core.main.ScriptEngine.run(ScriptEngine.java:194)
	at com.kms.katalon.core.main.ScriptEngine.runScriptAsRawText(ScriptEngine.java:119)
	at com.kms.katalon.core.main.TestCaseExecutor.runScript(TestCaseExecutor.java:448)
	at com.kms.katalon.core.main.TestCaseExecutor.doExecute(TestCaseExecutor.java:439)
	at com.kms.katalon.core.main.TestCaseExecutor.processExecutionPhase(TestCaseExecutor.java:418)
	at com.kms.katalon.core.main.TestCaseExecutor.accessMainPhase(TestCaseExecutor.java:410)
	at com.kms.katalon.core.main.TestCaseExecutor.execute(TestCaseExecutor.java:285)
	at com.kms.katalon.core.common.CommonExecutor.accessTestCaseMainPhase(CommonExecutor.java:65)
	at com.kms.katalon.core.main.TestSuiteExecutor.accessTestSuiteMainPhase(TestSuiteExecutor.java:150)
	at com.kms.katalon.core.main.TestSuiteExecutor.execute(TestSuiteExecutor.java:106)
	at com.kms.katalon.core.main.TestCaseMain.startTestSuite(TestCaseMain.java:180)
	at com.kms.katalon.core.main.TestCaseMain$startTestSuite$0.call(Unknown Source)
	at TempTestSuite1761139058037.run(TempTestSuite1761139058037.groovy:35)
	at java.base/jdk.internal.reflect.NativeMethodAccessorImpl.invoke0(Native Method)
	at java.base/jdk.internal.reflect.NativeMethodAccessorImpl.invoke(NativeMethodAccessorImpl.java:77)
	at java.base/jdk.internal.reflect.DelegatingMethodAccessorImpl.invoke(DelegatingMethodAccessorImpl.java:43)
)

22-10-2025T09:58:54 - [TEST_STEP][PASSED] - click(findTestObject("TripFocus/SSO/SSO Orders Tab")): Object: 'Object Repository/TripFocus/SSO/SSO Orders Tab' is clicked on

22-10-2025T09:58:54 - [MESSAGE][PASSED] - Object: 'Object Repository/TripFocus/SSO/SSO Orders Tab' is clicked on

22-10-2025T09:58:54 - [TEST_STEP][PASSED] - waitForElementClickable(findTestObject("TripFocus/Orders/Advanced Filters_btn"), 30): Object 'Object Repository/TripFocus/Orders/Advanced Filters_btn' is clickable

22-10-2025T09:58:55 - [MESSAGE][PASSED] - Object 'Object Repository/TripFocus/Orders/Advanced Filters_btn' is clickable

22-10-2025T09:58:55 - [TEST_STEP][PASSED] - delay(10): Delayed 10 second(s)

22-10-2025T09:59:05 - [MESSAGE][PASSED] - Delayed 10 second(s)

22-10-2025T09:59:05 - [TEST_STEP][PASSED] - click(findTestObject("TripFocus/Orders/Advanced Filters_btn")): Object: 'Object Repository/TripFocus/Orders/Advanced Filters_btn' is clicked on

22-10-2025T09:59:05 - [MESSAGE][PASSED] - Object: 'Object Repository/TripFocus/Orders/Advanced Filters_btn' is clicked on

22-10-2025T09:59:05 - [TEST_STEP][PASSED] - delay(2): Delayed 2 second(s)

22-10-2025T09:59:07 - [MESSAGE][PASSED] - Delayed 2 second(s)

22-10-2025T09:59:07 - [TEST_STEP][PASSED] - click(findTestObject("TripFocus/Sidebar Minimizer")): Object: 'Object Repository/TripFocus/Sidebar Minimizer' is clicked on

22-10-2025T09:59:07 - [MESSAGE][PASSED] - Object: 'Object Repository/TripFocus/Sidebar Minimizer' is clicked on

22-10-2025T09:59:07 - [TEST_STEP][PASSED] - delay(2): Delayed 2 second(s)

22-10-2025T09:59:09 - [MESSAGE][PASSED] - Delayed 2 second(s)

22-10-2025T09:59:09 - [TEST_STEP][PASSED] - verifyElementPresent(findTestObject("TripFocus/Orders/Advanced Filters/Apply Filters_btn"), 10): Object 'Object Repository/TripFocus/Orders/Advanced Filters/Apply Filters_btn' is present

22-10-2025T09:59:09 - [MESSAGE][PASSED] - Object 'Object Repository/TripFocus/Orders/Advanced Filters/Apply Filters_btn' is present

22-10-2025T09:59:09 - [TEST_STEP][PASSED] - delay(2): Delayed 2 second(s)

22-10-2025T09:59:11 - [MESSAGE][PASSED] - Delayed 2 second(s)

22-10-2025T09:59:11 - [TEST_STEP][PASSED] - click(findTestObject("TripFocus/Orders/Advanced Filters/Apply Filters_btn"), STOP_ON_FAILURE): Object: 'Object Repository/TripFocus/Orders/Advanced Filters/Apply Filters_btn' is clicked on

22-10-2025T09:59:11 - [MESSAGE][PASSED] - Object: 'Object Repository/TripFocus/Orders/Advanced Filters/Apply Filters_btn' is clicked on

22-10-2025T09:59:11 - [TEST_STEP][PASSED] - delay(2): Delayed 2 second(s)

22-10-2025T09:59:13 - [MESSAGE][PASSED] - Delayed 2 second(s)

22-10-2025T09:59:13 - [TEST_STEP][PASSED] - closeBrowser(): Browser is closed

22-10-2025T09:59:13 - [MESSAGE][PASSED] - Browser is closed

22-10-2025T09:59:13 - [TEST_STEP][PASSED] - Start listener action : retryOnDisconnect: null

22-10-2025T09:59:13 - [TEST_STEP][PASSED] - tcId = testCaseContext.getTestCaseId(): null

22-10-2025T09:59:13 - [TEST_STEP][PASSED] - currentRetry = retryCounts.getOrDefault(tcId, 0): null

22-10-2025T09:59:13 - [TEST_STEP][PASSED] - if (testCaseContext.getTestCaseStatus() == "FAILED" && currentRetry < MAX_RETRIES): null]]></system-out>
         <system-err><![CDATA[]]></system-err>
      </testcase>
      <testcase name="Test Cases/TripFocus/FDG/FDG - Orders/FDG - Verify Quick Search Box" time="47.726" classname="Test Cases/TripFocus/FDG/FDG - Orders/FDG - Verify Quick Search Box" status="PASSED">
         <system-out><![CDATA[22-10-2025T09:59:13 - [TEST_CASE][PASSED] - Test Cases/TripFocus/FDG/FDG - Orders/FDG - Verify Quick Search Box: Test Cases/TripFocus/FDG/FDG - Orders/FDG - Verify Quick Search Box

22-10-2025T09:59:13 - [TEST_STEP][PASSED] - Start listener action : beforeTestCase: null

22-10-2025T09:59:13 - [TEST_STEP][PASSED] - addDefaultPackages(): null

22-10-2025T09:59:13 - [TEST_STEP][PASSED] - openBrowser(""): Browser is opened with url: ''

22-10-2025T09:59:13 - [MESSAGE][INFO] - Starting 'Chrome' driver

22-10-2025T09:59:13 - [MESSAGE][INFO] - User set preference: ['args', '[--no-sandbox, --disable-gpu, --disable-dev-shm-usage]']

22-10-2025T09:59:13 - [MESSAGE][INFO] - Action delay is set to 0 milliseconds

22-10-2025T09:59:14 - [MESSAGE][PASSED] - Browser is opened with url: ''

22-10-2025T09:59:14 - [TEST_STEP][PASSED] - navigateToUrl(TFBaseURL): Navigate to 'https://www.qa.tripfocus.com' successfully

22-10-2025T09:59:15 - [MESSAGE][PASSED] - Navigate to 'https://www.qa.tripfocus.com' successfully

22-10-2025T09:59:15 - [TEST_STEP][PASSED] - click(findTestObject("Object Repository/TripFocus/Page_TripFocus/button_Sign in")): Object: 'Object Repository/TripFocus/Page_TripFocus/button_Sign in' is clicked on

22-10-2025T09:59:15 - [MESSAGE][PASSED] - Object: 'Object Repository/TripFocus/Page_TripFocus/button_Sign in' is clicked on

22-10-2025T09:59:15 - [TEST_STEP][PASSED] - setText(findTestObject("Object Repository/TripFocus/Page_TripFocus/input_Username (e.g. email address)_Username"), TripFocusPenskeFDGUsername): Text 'Ashford.Chenault+PenskeCustomerFDGONLY@thekag.com' is set on object 'Object Repository/TripFocus/Page_TripFocus/input_Username (e.g. email address)_Username'

22-10-2025T09:59:16 - [MESSAGE][PASSED] - Text 'Ashford.Chenault+PenskeCustomerFDGONLY@thekag.com' is set on object 'Object Repository/TripFocus/Page_TripFocus/input_Username (e.g. email address)_Username'

22-10-2025T09:59:16 - [TEST_STEP][PASSED] - setText(findTestObject("Object Repository/TripFocus/Page_TripFocus/input_Password_Password"), TripFocusFDGSPGPassword): Text 'CrashBan911!!' is set on object 'Object Repository/TripFocus/Page_TripFocus/input_Password_Password'

22-10-2025T09:59:16 - [MESSAGE][PASSED] - Text 'CrashBan911!!' is set on object 'Object Repository/TripFocus/Page_TripFocus/input_Password_Password'

22-10-2025T09:59:16 - [TEST_STEP][PASSED] - click(findTestObject("Object Repository/TripFocus/Page_TripFocus/button_Login")): Object: 'Object Repository/TripFocus/Page_TripFocus/button_Login' is clicked on

22-10-2025T09:59:16 - [MESSAGE][PASSED] - Object: 'Object Repository/TripFocus/Page_TripFocus/button_Login' is clicked on

22-10-2025T09:59:16 - [TEST_STEP][PASSED] - maximizeWindow(): Current window maximized

22-10-2025T09:59:16 - [MESSAGE][PASSED] - Current window maximized

22-10-2025T09:59:16 - [TEST_STEP][PASSED] - waitForElementVisible(findTestObject("TripFocus/Testing_Notification_btn"), 15, OPTIONAL): Web element with id: 'Object Repository/TripFocus/Testing_Notification_btn' located by '//*[@id="__BVID__10___BV_modal_footer_"]/button' not found

22-10-2025T09:59:32 - [MESSAGE][INFO] - Unable to find the element located by 'By.xpath: //*[@id="__BVID__10___BV_modal_footer_"]/button'. Please recheck the objects properties to make sure the desired element is located. 

22-10-2025T09:59:32 - [MESSAGE][WARNING] - [SELF-HEALING] Failed to find element with id 'Object Repository/TripFocus/Testing_Notification_btn'. Try using Self-healing.

22-10-2025T09:59:33 - [MESSAGE][INFO] - [SELF-HEALING] No working XPath is found.

22-10-2025T09:59:35 - [MESSAGE][INFO] - Unable to find the element located by 'By.xpath: '. Please recheck the objects properties to make sure the desired element is located. 

22-10-2025T09:59:35 - [MESSAGE][WARNING] - [SELF-HEALING] Cannot find elements when the selector is null

22-10-2025T09:59:35 - [MESSAGE][WARNING] - Web element with id: 'Object Repository/TripFocus/Testing_Notification_btn' located by '//*[@id="__BVID__10___BV_modal_footer_"]/button' not found

22-10-2025T09:59:35 - [TEST_STEP][PASSED] - if (verifyElementVisible(findTestObject("TripFocus/Testing_Notification_btn"), OPTIONAL) == true): Web element with id: 'Object Repository/TripFocus/Testing_Notification_btn' located by '//*[@id="__BVID__10___BV_modal_footer_"]/button' not found (Root cause: com.kms.katalon.core.exception.StepFailedException: Web element with id: 'Object Repository/TripFocus/Testing_Notification_btn' located by '//*[@id="__BVID__10___BV_modal_footer_"]/button' not found
	at com.kms.katalon.core.webui.keyword.internal.WebUIKeywordMain.stepFailed(WebUIKeywordMain.groovy:117)
	at com.kms.katalon.core.webui.keyword.builtin.VerifyElementVisibleKeyword$_verifyElementVisible_closure1.doCall(VerifyElementVisibleKeyword.groovy:89)
	at com.kms.katalon.core.webui.keyword.builtin.VerifyElementVisibleKeyword$_verifyElementVisible_closure1.call(VerifyElementVisibleKeyword.groovy)
	at com.kms.katalon.core.webui.keyword.internal.WebUIKeywordMain.runKeyword(WebUIKeywordMain.groovy:35)
	at com.kms.katalon.core.webui.keyword.builtin.VerifyElementVisibleKeyword.verifyElementVisible(VerifyElementVisibleKeyword.groovy:97)
	at com.kms.katalon.core.webui.keyword.builtin.VerifyElementVisibleKeyword.execute(VerifyElementVisibleKeyword.groovy:67)
	at com.kms.katalon.core.keyword.internal.KeywordExecutor.executeKeywordForPlatform(KeywordExecutor.groovy:74)
	at com.kms.katalon.core.webui.keyword.WebUiBuiltInKeywords.verifyElementVisible(WebUiBuiltInKeywords.groovy:401)
	at com.kms.katalon.core.webui.keyword.WebUiBuiltInKeywords$verifyElementVisible$5.call(Unknown Source)
	at FDG - Verify Quick Search Box.run(FDG - Verify Quick Search Box:38)
	at com.kms.katalon.core.main.ScriptEngine.run(ScriptEngine.java:194)
	at com.kms.katalon.core.main.ScriptEngine.runScriptAsRawText(ScriptEngine.java:119)
	at com.kms.katalon.core.main.TestCaseExecutor.runScript(TestCaseExecutor.java:448)
	at com.kms.katalon.core.main.TestCaseExecutor.doExecute(TestCaseExecutor.java:439)
	at com.kms.katalon.core.main.TestCaseExecutor.processExecutionPhase(TestCaseExecutor.java:418)
	at com.kms.katalon.core.main.TestCaseExecutor.accessMainPhase(TestCaseExecutor.java:410)
	at com.kms.katalon.core.main.TestCaseExecutor.execute(TestCaseExecutor.java:285)
	at com.kms.katalon.core.common.CommonExecutor.accessTestCaseMainPhase(CommonExecutor.java:65)
	at com.kms.katalon.core.main.TestSuiteExecutor.accessTestSuiteMainPhase(TestSuiteExecutor.java:150)
	at com.kms.katalon.core.main.TestSuiteExecutor.execute(TestSuiteExecutor.java:106)
	at com.kms.katalon.core.main.TestCaseMain.startTestSuite(TestCaseMain.java:180)
	at com.kms.katalon.core.main.TestCaseMain$startTestSuite$0.call(Unknown Source)
	at TempTestSuite1761139058037.run(TempTestSuite1761139058037.groovy:35)
	at java.base/jdk.internal.reflect.NativeMethodAccessorImpl.invoke0(Native Method)
	at java.base/jdk.internal.reflect.NativeMethodAccessorImpl.invoke(NativeMethodAccessorImpl.java:77)
	at java.base/jdk.internal.reflect.DelegatingMethodAccessorImpl.invoke(DelegatingMethodAccessorImpl.java:43)
)

22-10-2025T09:59:51 - [MESSAGE][INFO] - Unable to find the element located by 'By.xpath: //*[@id="__BVID__10___BV_modal_footer_"]/button'. Please recheck the objects properties to make sure the desired element is located. 

22-10-2025T09:59:51 - [MESSAGE][WARNING] - [SELF-HEALING] Failed to find element with id 'Object Repository/TripFocus/Testing_Notification_btn'. Try using Self-healing.

22-10-2025T09:59:52 - [MESSAGE][INFO] - [SELF-HEALING] No working XPath is found.

22-10-2025T09:59:54 - [MESSAGE][INFO] - Unable to find the element located by 'By.xpath: '. Please recheck the objects properties to make sure the desired element is located. 

22-10-2025T09:59:54 - [MESSAGE][WARNING] - [SELF-HEALING] Cannot find elements when the selector is null

22-10-2025T09:59:54 - [MESSAGE][WARNING] - Web element with id: 'Object Repository/TripFocus/Testing_Notification_btn' located by '//*[@id="__BVID__10___BV_modal_footer_"]/button' not found (Root cause: com.kms.katalon.core.exception.StepFailedException: Web element with id: 'Object Repository/TripFocus/Testing_Notification_btn' located by '//*[@id="__BVID__10___BV_modal_footer_"]/button' not found
	at com.kms.katalon.core.webui.keyword.internal.WebUIKeywordMain.stepFailed(WebUIKeywordMain.groovy:117)
	at com.kms.katalon.core.webui.keyword.builtin.VerifyElementVisibleKeyword$_verifyElementVisible_closure1.doCall(VerifyElementVisibleKeyword.groovy:89)
	at com.kms.katalon.core.webui.keyword.builtin.VerifyElementVisibleKeyword$_verifyElementVisible_closure1.call(VerifyElementVisibleKeyword.groovy)
	at com.kms.katalon.core.webui.keyword.internal.WebUIKeywordMain.runKeyword(WebUIKeywordMain.groovy:35)
	at com.kms.katalon.core.webui.keyword.builtin.VerifyElementVisibleKeyword.verifyElementVisible(VerifyElementVisibleKeyword.groovy:97)
	at com.kms.katalon.core.webui.keyword.builtin.VerifyElementVisibleKeyword.execute(VerifyElementVisibleKeyword.groovy:67)
	at com.kms.katalon.core.keyword.internal.KeywordExecutor.executeKeywordForPlatform(KeywordExecutor.groovy:74)
	at com.kms.katalon.core.webui.keyword.WebUiBuiltInKeywords.verifyElementVisible(WebUiBuiltInKeywords.groovy:401)
	at com.kms.katalon.core.webui.keyword.WebUiBuiltInKeywords$verifyElementVisible$5.call(Unknown Source)
	at FDG - Verify Quick Search Box.run(FDG - Verify Quick Search Box:38)
	at com.kms.katalon.core.main.ScriptEngine.run(ScriptEngine.java:194)
	at com.kms.katalon.core.main.ScriptEngine.runScriptAsRawText(ScriptEngine.java:119)
	at com.kms.katalon.core.main.TestCaseExecutor.runScript(TestCaseExecutor.java:448)
	at com.kms.katalon.core.main.TestCaseExecutor.doExecute(TestCaseExecutor.java:439)
	at com.kms.katalon.core.main.TestCaseExecutor.processExecutionPhase(TestCaseExecutor.java:418)
	at com.kms.katalon.core.main.TestCaseExecutor.accessMainPhase(TestCaseExecutor.java:410)
	at com.kms.katalon.core.main.TestCaseExecutor.execute(TestCaseExecutor.java:285)
	at com.kms.katalon.core.common.CommonExecutor.accessTestCaseMainPhase(CommonExecutor.java:65)
	at com.kms.katalon.core.main.TestSuiteExecutor.accessTestSuiteMainPhase(TestSuiteExecutor.java:150)
	at com.kms.katalon.core.main.TestSuiteExecutor.execute(TestSuiteExecutor.java:106)
	at com.kms.katalon.core.main.TestCaseMain.startTestSuite(TestCaseMain.java:180)
	at com.kms.katalon.core.main.TestCaseMain$startTestSuite$0.call(Unknown Source)
	at TempTestSuite1761139058037.run(TempTestSuite1761139058037.groovy:35)
	at java.base/jdk.internal.reflect.NativeMethodAccessorImpl.invoke0(Native Method)
	at java.base/jdk.internal.reflect.NativeMethodAccessorImpl.invoke(NativeMethodAccessorImpl.java:77)
	at java.base/jdk.internal.reflect.DelegatingMethodAccessorImpl.invoke(DelegatingMethodAccessorImpl.java:43)
)

22-10-2025T09:59:54 - [TEST_STEP][PASSED] - click(findTestObject("TripFocus/Orders/Orders_tab")): Object: 'Object Repository/TripFocus/Orders/Orders_tab' is clicked on

22-10-2025T09:59:55 - [MESSAGE][PASSED] - Object: 'Object Repository/TripFocus/Orders/Orders_tab' is clicked on

22-10-2025T09:59:55 - [TEST_STEP][PASSED] - delay(3): Delayed 3 second(s)

22-10-2025T09:59:58 - [MESSAGE][PASSED] - Delayed 3 second(s)

22-10-2025T09:59:58 - [TEST_STEP][PASSED] - click(findTestObject("TripFocus/Sidebar Minimizer")): Object: 'Object Repository/TripFocus/Sidebar Minimizer' is clicked on

22-10-2025T09:59:58 - [MESSAGE][PASSED] - Object: 'Object Repository/TripFocus/Sidebar Minimizer' is clicked on

22-10-2025T09:59:58 - [TEST_STEP][PASSED] - delay(1): Delayed 1 second(s)

22-10-2025T09:59:59 - [MESSAGE][PASSED] - Delayed 1 second(s)

22-10-2025T09:59:59 - [TEST_STEP][PASSED] - sendKeys(findTestObject("TripFocus/Orders/Quick_Search_txt"), "85291502"): Keys '85291502' sent to object: 'Object Repository/TripFocus/Orders/Quick_Search_txt'

22-10-2025T09:59:59 - [MESSAGE][PASSED] - Keys '85291502' sent to object: 'Object Repository/TripFocus/Orders/Quick_Search_txt'

22-10-2025T09:59:59 - [TEST_STEP][PASSED] - click(findTestObject("TripFocus/Orders/Quick_Search_btn"), STOP_ON_FAILURE): Object: 'Object Repository/TripFocus/Orders/Quick_Search_btn' is clicked on

22-10-2025T09:59:59 - [MESSAGE][PASSED] - Object: 'Object Repository/TripFocus/Orders/Quick_Search_btn' is clicked on

22-10-2025T09:59:59 - [TEST_STEP][PASSED] - delay(2): Delayed 2 second(s)

22-10-2025T10:00:01 - [MESSAGE][PASSED] - Delayed 2 second(s)

22-10-2025T10:00:01 - [TEST_STEP][PASSED] - Start listener action : retryOnDisconnect: null

22-10-2025T10:00:01 - [TEST_STEP][PASSED] - tcId = testCaseContext.getTestCaseId(): null

22-10-2025T10:00:01 - [TEST_STEP][PASSED] - currentRetry = retryCounts.getOrDefault(tcId, 0): null

22-10-2025T10:00:01 - [TEST_STEP][PASSED] - if (testCaseContext.getTestCaseStatus() == "FAILED" && currentRetry < MAX_RETRIES): null]]></system-out>
         <system-err><![CDATA[]]></system-err>
      </testcase>
      <testcase name="Test Cases/TripFocus/FDG/FDG - Orders/FDG - 1412 Add 3rd party PO to a new order and verify on Orders page" time="123.575" classname="Test Cases/TripFocus/FDG/FDG - Orders/FDG - 1412 Add 3rd party PO to a new order and verify on Orders page" status="PASSED">
         <system-out><![CDATA[22-10-2025T10:00:01 - [TEST_CASE][PASSED] - Test Cases/TripFocus/FDG/FDG - Orders/FDG - 1412 Add 3rd party PO to a new order and verify on Orders page: Test Cases/TripFocus/FDG/FDG - Orders/FDG - 1412 Add 3rd party PO to a new order and verify on Orders page

22-10-2025T10:00:01 - [TEST_STEP][PASSED] - Start listener action : beforeTestCase: null

22-10-2025T10:00:01 - [TEST_STEP][PASSED] - addDefaultPackages(): null

22-10-2025T10:00:01 - [TEST_STEP][PASSED] - openBrowser(""): Browser is opened with url: ''

22-10-2025T10:00:01 - [MESSAGE][WARNING] - A browser is already opened. Closing browser and opening a new one

22-10-2025T10:00:01 - [MESSAGE][INFO] - Starting 'Chrome' driver

22-10-2025T10:00:01 - [MESSAGE][INFO] - User set preference: ['args', '[--no-sandbox, --disable-gpu, --disable-dev-shm-usage]']

22-10-2025T10:00:01 - [MESSAGE][INFO] - Action delay is set to 0 milliseconds

22-10-2025T10:00:02 - [MESSAGE][PASSED] - Browser is opened with url: ''

22-10-2025T10:00:02 - [TEST_STEP][PASSED] - navigateToUrl(TFBaseURL): Navigate to 'https://www.qa.tripfocus.com' successfully

22-10-2025T10:00:03 - [MESSAGE][PASSED] - Navigate to 'https://www.qa.tripfocus.com' successfully

22-10-2025T10:00:03 - [TEST_STEP][PASSED] - maximizeWindow(): Current window maximized

22-10-2025T10:00:03 - [MESSAGE][PASSED] - Current window maximized

22-10-2025T10:00:03 - [TEST_STEP][PASSED] - click(findTestObject("Object Repository/Page_TripFocus/button_Sign in")): Object: 'Object Repository/Page_TripFocus/button_Sign in' is clicked on

22-10-2025T10:00:03 - [MESSAGE][PASSED] - Object: 'Object Repository/Page_TripFocus/button_Sign in' is clicked on

22-10-2025T10:00:03 - [TEST_STEP][PASSED] - setText(findTestObject("Object Repository/Page_TripFocus/input_Username (e.g. email address)_Username"), "sowmya.natarajan+SEI_QA@thekag.com"): Text 'sowmya.natarajan+SEI_QA@thekag.com' is set on object 'Object Repository/Page_TripFocus/input_Username (e.g. email address)_Username'

22-10-2025T10:00:03 - [MESSAGE][PASSED] - Text 'sowmya.natarajan+SEI_QA@thekag.com' is set on object 'Object Repository/Page_TripFocus/input_Username (e.g. email address)_Username'

22-10-2025T10:00:03 - [TEST_STEP][PASSED] - setText(findTestObject("Object Repository/Page_TripFocus/input_Password_Password"), "Test@1234"): Text 'Test@1234' is set on object 'Object Repository/Page_TripFocus/input_Password_Password'

22-10-2025T10:00:03 - [MESSAGE][PASSED] - Text 'Test@1234' is set on object 'Object Repository/Page_TripFocus/input_Password_Password'

22-10-2025T10:00:03 - [TEST_STEP][PASSED] - click(findTestObject("Object Repository/Page_TripFocus/button_Login")): Object: 'Object Repository/Page_TripFocus/button_Login' is clicked on

22-10-2025T10:00:04 - [MESSAGE][PASSED] - Object: 'Object Repository/Page_TripFocus/button_Login' is clicked on

22-10-2025T10:00:04 - [TEST_STEP][PASSED] - click(findTestObject("Object Repository/Page_TripFocus/a_Orders")): Object: 'Object Repository/Page_TripFocus/a_Orders' is clicked on

22-10-2025T10:00:05 - [MESSAGE][PASSED] - Object: 'Object Repository/Page_TripFocus/a_Orders' is clicked on

22-10-2025T10:00:05 - [TEST_STEP][PASSED] - click(findTestObject("Object Repository/Page_TripFocus/a_Create New Order")): Object: 'Object Repository/Page_TripFocus/a_Create New Order' is clicked on

22-10-2025T10:00:07 - [MESSAGE][PASSED] - Object: 'Object Repository/Page_TripFocus/a_Create New Order' is clicked on

22-10-2025T10:00:07 - [TEST_STEP][PASSED] - click(findTestObject("Object Repository/Page_TripFocus/button_Add Product")): Object: 'Object Repository/Page_TripFocus/button_Add Product' is clicked on

22-10-2025T10:00:17 - [MESSAGE][PASSED] - Object: 'Object Repository/Page_TripFocus/button_Add Product' is clicked on

22-10-2025T10:00:17 - [TEST_STEP][PASSED] - delay(2): Delayed 2 second(s)

22-10-2025T10:00:19 - [MESSAGE][PASSED] - Delayed 2 second(s)

22-10-2025T10:00:19 - [TEST_STEP][PASSED] - click(findTestObject("Object Repository/Page_TripFocus/svg_Delivery Site_vs__open-indicator")): Object: 'Object Repository/Page_TripFocus/svg_Delivery Site_vs__open-indicator' is clicked on

22-10-2025T10:00:20 - [MESSAGE][PASSED] - Object: 'Object Repository/Page_TripFocus/svg_Delivery Site_vs__open-indicator' is clicked on

22-10-2025T10:00:20 - [TEST_STEP][PASSED] - delay(2): Delayed 2 second(s)

22-10-2025T10:00:22 - [MESSAGE][PASSED] - Delayed 2 second(s)

22-10-2025T10:00:22 - [TEST_STEP][PASSED] - click(findTestObject("Object Repository/Page_TripFocus/div_629 - K  Crusher")): Object: 'Object Repository/Page_TripFocus/div_629 - K  Crusher' is clicked on

22-10-2025T10:00:38 - [MESSAGE][INFO] - Unable to find the element located by 'By.xpath: //div[(text() = '#629 - K & Crusher' or . = '#629 - K & Crusher')]'. Please recheck the objects properties to make sure the desired element is located. 

22-10-2025T10:00:38 - [MESSAGE][WARNING] - [SELF-HEALING] Failed to find element with id 'Object Repository/Page_TripFocus/div_629 - K  Crusher'. Try using Self-healing.

22-10-2025T10:00:39 - [MESSAGE][INFO] - [SELF-HEALING] Failed Locator: '//div[(text() = '#629 - K & Crusher' or . = '#629 - K & Crusher')]'.

22-10-2025T10:00:39 - [MESSAGE][INFO] - [SELF-HEALING] Working Locator: '//li[@id='vs1__option-2']/div/div'.

22-10-2025T10:00:39 - [MESSAGE][INFO] - [SELF-HEALING] Screenshot: D:/ADOagent/vsts-agent-win-x64-2.217.2/_work/944/s/Reports/Self-healing/Object Repository/Page_TripFocus/div_629 - K  Crusher_idRelative.png

22-10-2025T10:00:39 - [MESSAGE][WARNING] - [SELF-HEALING] The current locator of test object 'Object Repository/Page_TripFocus/div_629 - K  Crusher' was broken. Propose an alternative one: '//li[@id='vs1__option-2']/div/div'.

22-10-2025T10:00:40 - [MESSAGE][PASSED] - Object: 'Object Repository/Page_TripFocus/div_629 - K  Crusher' is clicked on

22-10-2025T10:00:40 - [TEST_STEP][PASSED] - delay(2): Delayed 2 second(s)

22-10-2025T10:00:42 - [MESSAGE][PASSED] - Delayed 2 second(s)

22-10-2025T10:00:42 - [TEST_STEP][PASSED] - click(findTestObject("Object Repository/Page_TripFocus/svg_Shipper_vs__open-indicator")): Object: 'Object Repository/Page_TripFocus/svg_Shipper_vs__open-indicator' is clicked on

22-10-2025T10:00:42 - [MESSAGE][PASSED] - Object: 'Object Repository/Page_TripFocus/svg_Shipper_vs__open-indicator' is clicked on

22-10-2025T10:00:42 - [TEST_STEP][PASSED] - click(findTestObject("Object Repository/Page_TripFocus/span_6200 PENNINGTON AVENUE Baltimore, MD")): Object: 'Object Repository/Page_TripFocus/span_6200 PENNINGTON AVENUE Baltimore, MD' is clicked on

22-10-2025T10:00:58 - [MESSAGE][INFO] - Unable to find the element located by 'By.xpath: //span[(text() = ' 6200 PENNINGTON AVENUE Baltimore, MD ' or . = ' 6200 PENNINGTON AVENUE Baltimore, MD ')]'. Please recheck the objects properties to make sure the desired element is located. 

22-10-2025T10:00:58 - [MESSAGE][WARNING] - [SELF-HEALING] Failed to find element with id 'Object Repository/Page_TripFocus/span_6200 PENNINGTON AVENUE Baltimore, MD'. Try using Self-healing.

22-10-2025T10:00:58 - [MESSAGE][INFO] - [SELF-HEALING] Failed Locator: '//span[(text() = ' 6200 PENNINGTON AVENUE Baltimore, MD ' or . = ' 6200 PENNINGTON AVENUE Baltimore, MD ')]'.

22-10-2025T10:00:58 - [MESSAGE][INFO] - [SELF-HEALING] Working Locator: '//span[@id='spnShipperOptionCityStateText']'.

22-10-2025T10:00:58 - [MESSAGE][INFO] - [SELF-HEALING] Screenshot: D:/ADOagent/vsts-agent-win-x64-2.217.2/_work/944/s/Reports/Self-healing/Object Repository/Page_TripFocus/span_6200 PENNINGTON AVENUE Baltimore, MD_attributes.png

22-10-2025T10:00:58 - [MESSAGE][WARNING] - [SELF-HEALING] The current locator of test object 'Object Repository/Page_TripFocus/span_6200 PENNINGTON AVENUE Baltimore, MD' was broken. Propose an alternative one: '//span[@id='spnShipperOptionCityStateText']'.

22-10-2025T10:00:58 - [MESSAGE][PASSED] - Object: 'Object Repository/Page_TripFocus/span_6200 PENNINGTON AVENUE Baltimore, MD' is clicked on

22-10-2025T10:00:58 - [TEST_STEP][PASSED] - delay(2): Delayed 2 second(s)

22-10-2025T10:01:00 - [MESSAGE][PASSED] - Delayed 2 second(s)

22-10-2025T10:01:00 - [TEST_STEP][PASSED] - click(findTestObject("Object Repository/Page_TripFocus/path")): Object: 'Object Repository/Page_TripFocus/path' is clicked on

22-10-2025T10:01:01 - [MESSAGE][PASSED] - Object: 'Object Repository/Page_TripFocus/path' is clicked on

22-10-2025T10:01:01 - [TEST_STEP][PASSED] - click(findTestObject("Object Repository/Page_TripFocus/li_Sei Fuel Services Inc.- Retail  HACKBERR_357c2e")): Object: 'Object Repository/Page_TripFocus/li_Sei Fuel Services Inc.- Retail  HACKBERR_357c2e' is clicked on

22-10-2025T10:01:17 - [MESSAGE][INFO] - Unable to find the element located by 'By.xpath: //li[(text() = ' Sei Fuel Services Inc.- Retail  HACKBERRY ROAD Irving, TX ' or . = ' Sei Fuel Services Inc.- Retail  HACKBERRY ROAD Irving, TX ')]'. Please recheck the objects properties to make sure the desired element is located. 

22-10-2025T10:01:17 - [MESSAGE][WARNING] - [SELF-HEALING] Failed to find element with id 'Object Repository/Page_TripFocus/li_Sei Fuel Services Inc.- Retail  HACKBERR_357c2e'. Try using Self-healing.

22-10-2025T10:01:17 - [MESSAGE][INFO] - [SELF-HEALING] Failed Locator: '//li[(text() = ' Sei Fuel Services Inc.- Retail  HACKBERRY ROAD Irving, TX ' or . = ' Sei Fuel Services Inc.- Retail  HACKBERRY ROAD Irving, TX ')]'.

22-10-2025T10:01:17 - [MESSAGE][INFO] - [SELF-HEALING] Working Locator: '//li[@id='vs3__option-0']'.

22-10-2025T10:01:17 - [MESSAGE][INFO] - [SELF-HEALING] Screenshot: D:/ADOagent/vsts-agent-win-x64-2.217.2/_work/944/s/Reports/Self-healing/Object Repository/Page_TripFocus/li_Sei Fuel Services Inc.- Retail  HACKBERR_357c2e_attributes.png

22-10-2025T10:01:17 - [MESSAGE][WARNING] - [SELF-HEALING] The current locator of test object 'Object Repository/Page_TripFocus/li_Sei Fuel Services Inc.- Retail  HACKBERR_357c2e' was broken. Propose an alternative one: '//li[@id='vs3__option-0']'.

22-10-2025T10:01:17 - [MESSAGE][PASSED] - Object: 'Object Repository/Page_TripFocus/li_Sei Fuel Services Inc.- Retail  HACKBERR_357c2e' is clicked on

22-10-2025T10:01:17 - [TEST_STEP][PASSED] - delay(2): Delayed 2 second(s)

22-10-2025T10:01:19 - [MESSAGE][PASSED] - Delayed 2 second(s)

22-10-2025T10:01:19 - [TEST_STEP][PASSED] - click(findTestObject("TripFocus/Orders/Create New Order/Add Products/Account_Of_dropdown")): Object: 'Object Repository/TripFocus/Orders/Create New Order/Add Products/Account_Of_dropdown' is clicked on

22-10-2025T10:01:19 - [MESSAGE][PASSED] - Object: 'Object Repository/TripFocus/Orders/Create New Order/Add Products/Account_Of_dropdown' is clicked on

22-10-2025T10:01:19 - [TEST_STEP][PASSED] - click(findTestObject("Object Repository/Page_TripFocus/li_Unknown")): Object: 'Object Repository/Page_TripFocus/li_Unknown' is clicked on

22-10-2025T10:01:19 - [MESSAGE][PASSED] - Object: 'Object Repository/Page_TripFocus/li_Unknown' is clicked on

22-10-2025T10:01:19 - [TEST_STEP][PASSED] - click(findTestObject("TripFocus/Orders/Create New Order/Add Products/Commodity_txt")): Object: 'Object Repository/TripFocus/Orders/Create New Order/Add Products/Commodity_txt' is clicked on

22-10-2025T10:01:19 - [MESSAGE][PASSED] - Object: 'Object Repository/TripFocus/Orders/Create New Order/Add Products/Commodity_txt' is clicked on

22-10-2025T10:01:19 - [TEST_STEP][PASSED] - click(findTestObject("Object Repository/Page_TripFocus/li_2 Diesel, Ultra Low Sulfur, Carb")): Object: 'Object Repository/Page_TripFocus/li_2 Diesel, Ultra Low Sulfur, Carb' is clicked on

22-10-2025T10:01:35 - [MESSAGE][INFO] - Unable to find the element located by 'By.xpath: //li[(text() = '
          #2 Diesel, Ultra Low Sulfur, Carb
        ' or . = '
          #2 Diesel, Ultra Low Sulfur, Carb
        ')]'. Please recheck the objects properties to make sure the desired element is located. 

22-10-2025T10:01:35 - [MESSAGE][WARNING] - [SELF-HEALING] Failed to find element with id 'Object Repository/Page_TripFocus/li_2 Diesel, Ultra Low Sulfur, Carb'. Try using Self-healing.

22-10-2025T10:01:35 - [MESSAGE][INFO] - [SELF-HEALING] Failed Locator: '//li[(text() = '
          #2 Diesel, Ultra Low Sulfur, Carb
        ' or . = '
          #2 Diesel, Ultra Low Sulfur, Carb
        ')]'.

22-10-2025T10:01:35 - [MESSAGE][INFO] - [SELF-HEALING] Working Locator: '//li[@id='vs5__option-0']'.

22-10-2025T10:01:35 - [MESSAGE][INFO] - [SELF-HEALING] Screenshot: D:/ADOagent/vsts-agent-win-x64-2.217.2/_work/944/s/Reports/Self-healing/Object Repository/Page_TripFocus/li_2 Diesel, Ultra Low Sulfur, Carb_attributes.png

22-10-2025T10:01:35 - [MESSAGE][WARNING] - [SELF-HEALING] The current locator of test object 'Object Repository/Page_TripFocus/li_2 Diesel, Ultra Low Sulfur, Carb' was broken. Propose an alternative one: '//li[@id='vs5__option-0']'.

22-10-2025T10:01:35 - [MESSAGE][PASSED] - Object: 'Object Repository/Page_TripFocus/li_2 Diesel, Ultra Low Sulfur, Carb' is clicked on

22-10-2025T10:01:35 - [TEST_STEP][PASSED] - setText(findTestObject("Object Repository/Page_TripFocus/input_Call For Quantity_txtQuantity"), "5000"): Text '5000' is set on object 'Object Repository/Page_TripFocus/input_Call For Quantity_txtQuantity'

22-10-2025T10:01:36 - [MESSAGE][PASSED] - Text '5000' is set on object 'Object Repository/Page_TripFocus/input_Call For Quantity_txtQuantity'

22-10-2025T10:01:36 - [TEST_STEP][PASSED] - delay(2): Delayed 2 second(s)

22-10-2025T10:01:38 - [MESSAGE][PASSED] - Delayed 2 second(s)

22-10-2025T10:01:38 - [TEST_STEP][PASSED] - click(findTestObject("Page_TripFocus/button_Add Product_1")): Object: 'Object Repository/Page_TripFocus/button_Add Product_1' is clicked on

22-10-2025T10:01:54 - [MESSAGE][INFO] - Unable to find the element located by 'By.xpath: //button[@id='btnAddProduct']'. Please recheck the objects properties to make sure the desired element is located. 

22-10-2025T10:01:54 - [MESSAGE][WARNING] - [SELF-HEALING] Failed to find element with id 'Object Repository/Page_TripFocus/button_Add Product_1'. Try using Self-healing.

22-10-2025T10:01:54 - [MESSAGE][INFO] - [SELF-HEALING] Working Locator: '//button[@type = 'button' and (text() = ' Add Product ' or . = ' Add Product ')]'.

22-10-2025T10:01:54 - [MESSAGE][INFO] - [SELF-HEALING] Screenshot: D:/ADOagent/vsts-agent-win-x64-2.217.2/_work/944/s/Reports/Self-healing/Object Repository/Page_TripFocus/button_Add Product_1_customAttributes.png

22-10-2025T10:01:54 - [MESSAGE][WARNING] - [SELF-HEALING] The current locator of test object 'Object Repository/Page_TripFocus/button_Add Product_1' was broken. Propose an alternative one: '//button[@type = 'button' and (text() = ' Add Product ' or . = ' Add Product ')]'.

22-10-2025T10:01:54 - [MESSAGE][PASSED] - Object: 'Object Repository/Page_TripFocus/button_Add Product_1' is clicked on

22-10-2025T10:01:54 - [TEST_STEP][PASSED] - delay(2): Delayed 2 second(s)

22-10-2025T10:01:56 - [MESSAGE][PASSED] - Delayed 2 second(s)

22-10-2025T10:01:56 - [TEST_STEP][PASSED] - click(findTestObject("Object Repository/Page_TripFocus/button_Close")): Object: 'Object Repository/Page_TripFocus/button_Close' is clicked on

22-10-2025T10:01:56 - [MESSAGE][PASSED] - Object: 'Object Repository/Page_TripFocus/button_Close' is clicked on

22-10-2025T10:01:56 - [TEST_STEP][PASSED] - delay(2): Delayed 2 second(s)

22-10-2025T10:01:58 - [MESSAGE][PASSED] - Delayed 2 second(s)

22-10-2025T10:01:58 - [TEST_STEP][PASSED] - setText(findTestObject("Object Repository/Page_TripFocus/input_POSales Order_txtPoSalesNumber"), "1234567890"): Text '1234567890' is set on object 'Object Repository/Page_TripFocus/input_POSales Order_txtPoSalesNumber'

22-10-2025T10:01:58 - [MESSAGE][PASSED] - Text '1234567890' is set on object 'Object Repository/Page_TripFocus/input_POSales Order_txtPoSalesNumber'

22-10-2025T10:01:58 - [TEST_STEP][PASSED] - delay(2): Delayed 2 second(s)

22-10-2025T10:02:00 - [MESSAGE][PASSED] - Delayed 2 second(s)

22-10-2025T10:02:00 - [TEST_STEP][PASSED] - setText(findTestObject("Object Repository/Page_TripFocus/input_Third Party PO_txt3PoNumber"), "987654321"): Text '987654321' is set on object 'Object Repository/Page_TripFocus/input_Third Party PO_txt3PoNumber'

22-10-2025T10:02:00 - [MESSAGE][PASSED] - Text '987654321' is set on object 'Object Repository/Page_TripFocus/input_Third Party PO_txt3PoNumber'

22-10-2025T10:02:00 - [TEST_STEP][PASSED] - delay(2): Delayed 2 second(s)

22-10-2025T10:02:02 - [MESSAGE][PASSED] - Delayed 2 second(s)

22-10-2025T10:02:02 - [TEST_STEP][PASSED] - click(findTestObject("Object Repository/Page_TripFocus/button_Review Order Tender")): Object: 'Object Repository/Page_TripFocus/button_Review Order Tender' is clicked on

22-10-2025T10:02:02 - [MESSAGE][PASSED] - Object: 'Object Repository/Page_TripFocus/button_Review Order Tender' is clicked on

22-10-2025T10:02:02 - [TEST_STEP][PASSED] - delay(2): Delayed 2 second(s)

22-10-2025T10:02:04 - [MESSAGE][PASSED] - Delayed 2 second(s)

22-10-2025T10:02:04 - [TEST_STEP][PASSED] - verifyTextPresent("987654321", false): Text '987654321' is present on page 

22-10-2025T10:02:05 - [MESSAGE][PASSED] - Text '987654321' is present on page 

22-10-2025T10:02:05 - [TEST_STEP][PASSED] - closeBrowser(): Browser is closed

22-10-2025T10:02:05 - [MESSAGE][PASSED] - Browser is closed

22-10-2025T10:02:05 - [TEST_STEP][PASSED] - Start listener action : retryOnDisconnect: null

22-10-2025T10:02:05 - [TEST_STEP][PASSED] - tcId = testCaseContext.getTestCaseId(): null

22-10-2025T10:02:05 - [TEST_STEP][PASSED] - currentRetry = retryCounts.getOrDefault(tcId, 0): null

22-10-2025T10:02:05 - [TEST_STEP][PASSED] - if (testCaseContext.getTestCaseStatus() == "FAILED" && currentRetry < MAX_RETRIES): null]]></system-out>
         <system-err><![CDATA[]]></system-err>
      </testcase>
      <testcase name="Test Cases/TripFocus/FDG/FDG - Orders/FDG - 11277 Display and require Load Window date and time - Afternoon" time="40.192" classname="Test Cases/TripFocus/FDG/FDG - Orders/FDG - 11277 Display and require Load Window date and time - Afternoon" status="PASSED">
         <system-out><![CDATA[22-10-2025T10:02:05 - [TEST_CASE][PASSED] - Test Cases/TripFocus/FDG/FDG - Orders/FDG - 11277 Display and require Load Window date and time - Afternoon: Test Cases/TripFocus/FDG/FDG - Orders/FDG - 11277 Display and require Load Window date and time - Afternoon

22-10-2025T10:02:05 - [TEST_STEP][PASSED] - Start listener action : beforeTestCase: null

22-10-2025T10:02:05 - [TEST_STEP][PASSED] - addDefaultPackages(): null

22-10-2025T10:02:05 - [TEST_STEP][PASSED] - openBrowser(""): Browser is opened with url: ''

22-10-2025T10:02:05 - [MESSAGE][INFO] - Starting 'Chrome' driver

22-10-2025T10:02:05 - [MESSAGE][INFO] - User set preference: ['args', '[--no-sandbox, --disable-gpu, --disable-dev-shm-usage]']

22-10-2025T10:02:05 - [MESSAGE][INFO] - Action delay is set to 0 milliseconds

22-10-2025T10:02:05 - [MESSAGE][PASSED] - Browser is opened with url: ''

22-10-2025T10:02:05 - [TEST_STEP][PASSED] - navigateToUrl(TFBaseURL): Navigate to 'https://www.qa.tripfocus.com' successfully

22-10-2025T10:02:06 - [MESSAGE][PASSED] - Navigate to 'https://www.qa.tripfocus.com' successfully

22-10-2025T10:02:06 - [TEST_STEP][PASSED] - click(findTestObject("Object Repository/Page_TripFocus/button_Sign in")): Object: 'Object Repository/Page_TripFocus/button_Sign in' is clicked on

22-10-2025T10:02:06 - [MESSAGE][PASSED] - Object: 'Object Repository/Page_TripFocus/button_Sign in' is clicked on

22-10-2025T10:02:06 - [TEST_STEP][PASSED] - setText(findTestObject("Object Repository/Page_TripFocus/input_Username (e.g. email address)_Username"), "sowmya.natarajan+SEI_QA@thekag.com"): Text 'sowmya.natarajan+SEI_QA@thekag.com' is set on object 'Object Repository/Page_TripFocus/input_Username (e.g. email address)_Username'

22-10-2025T10:02:07 - [MESSAGE][PASSED] - Text 'sowmya.natarajan+SEI_QA@thekag.com' is set on object 'Object Repository/Page_TripFocus/input_Username (e.g. email address)_Username'

22-10-2025T10:02:07 - [TEST_STEP][PASSED] - setText(findTestObject("Object Repository/Page_TripFocus/input_Password_Password"), "Test@1234"): Text 'Test@1234' is set on object 'Object Repository/Page_TripFocus/input_Password_Password'

22-10-2025T10:02:07 - [MESSAGE][PASSED] - Text 'Test@1234' is set on object 'Object Repository/Page_TripFocus/input_Password_Password'

22-10-2025T10:02:07 - [TEST_STEP][PASSED] - click(findTestObject("Object Repository/Page_TripFocus/button_Login")): Object: 'Object Repository/Page_TripFocus/button_Login' is clicked on

22-10-2025T10:02:07 - [MESSAGE][PASSED] - Object: 'Object Repository/Page_TripFocus/button_Login' is clicked on

22-10-2025T10:02:07 - [TEST_STEP][PASSED] - click(findTestObject("Object Repository/Page_TripFocus/span_Account_navbar-toggler-icon")): Object: 'Object Repository/Page_TripFocus/span_Account_navbar-toggler-icon' is clicked on

22-10-2025T10:02:08 - [MESSAGE][PASSED] - Object: 'Object Repository/Page_TripFocus/span_Account_navbar-toggler-icon' is clicked on

22-10-2025T10:02:08 - [TEST_STEP][PASSED] - click(findTestObject("Object Repository/Page_TripFocus/a_Orders")): Object: 'Object Repository/Page_TripFocus/a_Orders' is clicked on

22-10-2025T10:02:08 - [MESSAGE][PASSED] - Object: 'Object Repository/Page_TripFocus/a_Orders' is clicked on

22-10-2025T10:02:08 - [TEST_STEP][PASSED] - click(findTestObject("Object Repository/Page_TripFocus/a_Create New Order")): Object: 'Object Repository/Page_TripFocus/a_Create New Order' is clicked on

22-10-2025T10:02:10 - [MESSAGE][PASSED] - Object: 'Object Repository/Page_TripFocus/a_Create New Order' is clicked on

22-10-2025T10:02:10 - [TEST_STEP][PASSED] - click(findTestObject("Object Repository/Page_TripFocus/label_Afternoon (1200 PM - 600 PM)")): Object: 'Object Repository/Page_TripFocus/label_Afternoon (1200 PM - 600 PM)' is clicked on

22-10-2025T10:02:10 - [MESSAGE][PASSED] - Object: 'Object Repository/Page_TripFocus/label_Afternoon (1200 PM - 600 PM)' is clicked on

22-10-2025T10:02:10 - [TEST_STEP][PASSED] - click(findTestObject("Object Repository/Page_TripFocus/button_Add Product")): Object: 'Object Repository/Page_TripFocus/button_Add Product' is clicked on

22-10-2025T10:02:21 - [MESSAGE][PASSED] - Object: 'Object Repository/Page_TripFocus/button_Add Product' is clicked on

22-10-2025T10:02:21 - [TEST_STEP][PASSED] - delay(2): Delayed 2 second(s)

22-10-2025T10:02:23 - [MESSAGE][PASSED] - Delayed 2 second(s)

22-10-2025T10:02:23 - [TEST_STEP][PASSED] - click(findTestObject("Object Repository/Page_TripFocus/svg_Delivery Site_vs__open-indicator")): Object: 'Object Repository/Page_TripFocus/svg_Delivery Site_vs__open-indicator' is clicked on

22-10-2025T10:02:24 - [MESSAGE][PASSED] - Object: 'Object Repository/Page_TripFocus/svg_Delivery Site_vs__open-indicator' is clicked on

22-10-2025T10:02:24 - [TEST_STEP][PASSED] - delay(2): Delayed 2 second(s)

22-10-2025T10:02:26 - [MESSAGE][PASSED] - Delayed 2 second(s)

22-10-2025T10:02:26 - [TEST_STEP][PASSED] - click(findTestObject("Object Repository/Page_TripFocus/div_629 - K  Crusher")): Object: 'Object Repository/Page_TripFocus/div_629 - K  Crusher' is clicked on

22-10-2025T10:02:42 - [MESSAGE][INFO] - Unable to find the element located by 'By.xpath: //div[(text() = '#629 - K & Crusher' or . = '#629 - K & Crusher')]'. Please recheck the objects properties to make sure the desired element is located. 

22-10-2025T10:02:42 - [MESSAGE][WARNING] - [SELF-HEALING] Failed to find element with id 'Object Repository/Page_TripFocus/div_629 - K  Crusher'. Try using Self-healing.

22-10-2025T10:02:42 - [MESSAGE][WARNING] - [SELF-HEALING] The current locator of test object 'Object Repository/Page_TripFocus/div_629 - K  Crusher' was broken. Propose an alternative one: '//li[@id='vs1__option-2']/div/div'.

22-10-2025T10:02:43 - [MESSAGE][PASSED] - Object: 'Object Repository/Page_TripFocus/div_629 - K  Crusher' is clicked on

22-10-2025T10:02:43 - [TEST_STEP][PASSED] - delay(2): Delayed 2 second(s)

22-10-2025T10:02:45 - [MESSAGE][PASSED] - Delayed 2 second(s)

22-10-2025T10:02:45 - [TEST_STEP][PASSED] - verifyTextPresent("12:00 PM", false): Text '12:00 PM' is present on page 

22-10-2025T10:02:45 - [MESSAGE][PASSED] - Text '12:00 PM' is present on page 

22-10-2025T10:02:45 - [TEST_STEP][PASSED] - closeBrowser(): Browser is closed

22-10-2025T10:02:45 - [MESSAGE][PASSED] - Browser is closed

22-10-2025T10:02:45 - [TEST_STEP][PASSED] - Start listener action : retryOnDisconnect: null

22-10-2025T10:02:45 - [TEST_STEP][PASSED] - tcId = testCaseContext.getTestCaseId(): null

22-10-2025T10:02:45 - [TEST_STEP][PASSED] - currentRetry = retryCounts.getOrDefault(tcId, 0): null

22-10-2025T10:02:45 - [TEST_STEP][PASSED] - if (testCaseContext.getTestCaseStatus() == "FAILED" && currentRetry < MAX_RETRIES): null]]></system-out>
         <system-err><![CDATA[]]></system-err>
      </testcase>
      <testcase name="Test Cases/TripFocus/FDG/FDG - Orders/FDG - 11277 Display and require Load Window date and time - Custom" time="53.547" classname="Test Cases/TripFocus/FDG/FDG - Orders/FDG - 11277 Display and require Load Window date and time - Custom" status="PASSED">
         <system-out><![CDATA[22-10-2025T10:02:45 - [TEST_CASE][PASSED] - Test Cases/TripFocus/FDG/FDG - Orders/FDG - 11277 Display and require Load Window date and time - Custom: Test Cases/TripFocus/FDG/FDG - Orders/FDG - 11277 Display and require Load Window date and time - Custom

22-10-2025T10:02:45 - [TEST_STEP][PASSED] - Start listener action : beforeTestCase: null

22-10-2025T10:02:45 - [TEST_STEP][PASSED] - addDefaultPackages(): null

22-10-2025T10:02:45 - [TEST_STEP][PASSED] - openBrowser(""): Browser is opened with url: ''

22-10-2025T10:02:45 - [MESSAGE][INFO] - Starting 'Chrome' driver

22-10-2025T10:02:45 - [MESSAGE][INFO] - User set preference: ['args', '[--no-sandbox, --disable-gpu, --disable-dev-shm-usage]']

22-10-2025T10:02:45 - [MESSAGE][INFO] - Action delay is set to 0 milliseconds

22-10-2025T10:02:46 - [MESSAGE][PASSED] - Browser is opened with url: ''

22-10-2025T10:02:46 - [TEST_STEP][PASSED] - navigateToUrl(TFBaseURL): Navigate to 'https://www.qa.tripfocus.com' successfully

22-10-2025T10:02:46 - [MESSAGE][PASSED] - Navigate to 'https://www.qa.tripfocus.com' successfully

22-10-2025T10:02:46 - [TEST_STEP][PASSED] - click(findTestObject("Object Repository/Page_TripFocus/button_Sign in")): Object: 'Object Repository/Page_TripFocus/button_Sign in' is clicked on

22-10-2025T10:02:47 - [MESSAGE][PASSED] - Object: 'Object Repository/Page_TripFocus/button_Sign in' is clicked on

22-10-2025T10:02:47 - [TEST_STEP][PASSED] - setText(findTestObject("Object Repository/Page_TripFocus/input_Username (e.g. email address)_Username"), "sowmya.natarajan+SEI_QA@thekag.com"): Text 'sowmya.natarajan+SEI_QA@thekag.com' is set on object 'Object Repository/Page_TripFocus/input_Username (e.g. email address)_Username'

22-10-2025T10:02:47 - [MESSAGE][PASSED] - Text 'sowmya.natarajan+SEI_QA@thekag.com' is set on object 'Object Repository/Page_TripFocus/input_Username (e.g. email address)_Username'

22-10-2025T10:02:47 - [TEST_STEP][PASSED] - setText(findTestObject("Object Repository/Page_TripFocus/input_Password_Password"), "Test@1234"): Text 'Test@1234' is set on object 'Object Repository/Page_TripFocus/input_Password_Password'

22-10-2025T10:02:47 - [MESSAGE][PASSED] - Text 'Test@1234' is set on object 'Object Repository/Page_TripFocus/input_Password_Password'

22-10-2025T10:02:47 - [TEST_STEP][PASSED] - click(findTestObject("Object Repository/Page_TripFocus/button_Login")): Object: 'Object Repository/Page_TripFocus/button_Login' is clicked on

22-10-2025T10:02:48 - [MESSAGE][PASSED] - Object: 'Object Repository/Page_TripFocus/button_Login' is clicked on

22-10-2025T10:02:48 - [TEST_STEP][PASSED] - click(findTestObject("Object Repository/Page_TripFocus/span_Account_navbar-toggler-icon")): Object: 'Object Repository/Page_TripFocus/span_Account_navbar-toggler-icon' is clicked on

22-10-2025T10:02:49 - [MESSAGE][PASSED] - Object: 'Object Repository/Page_TripFocus/span_Account_navbar-toggler-icon' is clicked on

22-10-2025T10:02:49 - [TEST_STEP][PASSED] - click(findTestObject("Object Repository/Page_TripFocus/a_Orders")): Object: 'Object Repository/Page_TripFocus/a_Orders' is clicked on

22-10-2025T10:02:49 - [MESSAGE][PASSED] - Object: 'Object Repository/Page_TripFocus/a_Orders' is clicked on

22-10-2025T10:02:49 - [TEST_STEP][PASSED] - click(findTestObject("Object Repository/Page_TripFocus/a_Create New Order")): Object: 'Object Repository/Page_TripFocus/a_Create New Order' is clicked on

22-10-2025T10:02:51 - [MESSAGE][PASSED] - Object: 'Object Repository/Page_TripFocus/a_Create New Order' is clicked on

22-10-2025T10:02:51 - [TEST_STEP][PASSED] - click(findTestObject("Object Repository/Page_TripFocus/label_Custom")): Object: 'Object Repository/Page_TripFocus/label_Custom' is clicked on

22-10-2025T10:02:51 - [MESSAGE][PASSED] - Object: 'Object Repository/Page_TripFocus/label_Custom' is clicked on

22-10-2025T10:02:51 - [TEST_STEP][PASSED] - click(findTestObject("Object Repository/Page_TripFocus/input_From Time_txtDatePicker"), STOP_ON_FAILURE): Object: 'Object Repository/Page_TripFocus/input_From Time_txtDatePicker' is clicked on

22-10-2025T10:02:51 - [MESSAGE][PASSED] - Object: 'Object Repository/Page_TripFocus/input_From Time_txtDatePicker' is clicked on

22-10-2025T10:02:51 - [TEST_STEP][PASSED] - delay(2): Delayed 2 second(s)

22-10-2025T10:02:53 - [MESSAGE][PASSED] - Delayed 2 second(s)

22-10-2025T10:02:53 - [TEST_STEP][PASSED] - click(findTestObject("Page_TripFocus/input_From Time_txtDatePicker")): Object: 'Object Repository/Page_TripFocus/input_From Time_txtDatePicker' is clicked on

22-10-2025T10:02:53 - [MESSAGE][PASSED] - Object: 'Object Repository/Page_TripFocus/input_From Time_txtDatePicker' is clicked on

22-10-2025T10:02:53 - [TEST_STEP][PASSED] - sendKeys(findTestObject("Page_TripFocus/input_From Time_txtDatePicker"), Keys.chord(BACK_SPACE, BACK_SPACE, BACK_SPACE, BACK_SPACE, BACK_SPACE, BACK_SPACE, BACK_SPACE, BACK_SPACE)): Keys 'BACK_SPACE + BACK_SPACE + BACK_SPACE + BACK_SPACE + BACK_SPACE + BACK_SPACE + BACK_SPACE + BACK_SPACE + ' sent to object: 'Object Repository/Page_TripFocus/input_From Time_txtDatePicker'

22-10-2025T10:02:53 - [MESSAGE][PASSED] - Keys 'BACK_SPACE + BACK_SPACE + BACK_SPACE + BACK_SPACE + BACK_SPACE + BACK_SPACE + BACK_SPACE + BACK_SPACE + ' sent to object: 'Object Repository/Page_TripFocus/input_From Time_txtDatePicker'

22-10-2025T10:02:53 - [TEST_STEP][PASSED] - delay(2): Delayed 2 second(s)

22-10-2025T10:02:55 - [MESSAGE][PASSED] - Delayed 2 second(s)

22-10-2025T10:02:55 - [TEST_STEP][PASSED] - setText(findTestObject("Object Repository/Page_TripFocus/input_From Time_txtDatePicker"), "4:44 AM"): Text '4:44 AM' is set on object 'Object Repository/Page_TripFocus/input_From Time_txtDatePicker'

22-10-2025T10:02:56 - [MESSAGE][PASSED] - Text '4:44 AM' is set on object 'Object Repository/Page_TripFocus/input_From Time_txtDatePicker'

22-10-2025T10:02:56 - [TEST_STEP][PASSED] - delay(2): Delayed 2 second(s)

22-10-2025T10:02:58 - [MESSAGE][PASSED] - Delayed 2 second(s)

22-10-2025T10:02:58 - [TEST_STEP][PASSED] - click(findTestObject("Object Repository/Page_TripFocus/button_Add Product")): Object: 'Object Repository/Page_TripFocus/button_Add Product' is clicked on

22-10-2025T10:03:06 - [MESSAGE][PASSED] - Object: 'Object Repository/Page_TripFocus/button_Add Product' is clicked on

22-10-2025T10:03:06 - [TEST_STEP][PASSED] - delay(2): Delayed 2 second(s)

22-10-2025T10:03:08 - [MESSAGE][PASSED] - Delayed 2 second(s)

22-10-2025T10:03:08 - [TEST_STEP][PASSED] - click(findTestObject("Object Repository/Page_TripFocus/svg_Delivery Site_vs__open-indicator")): Object: 'Object Repository/Page_TripFocus/svg_Delivery Site_vs__open-indicator' is clicked on

22-10-2025T10:03:09 - [MESSAGE][PASSED] - Object: 'Object Repository/Page_TripFocus/svg_Delivery Site_vs__open-indicator' is clicked on

22-10-2025T10:03:09 - [TEST_STEP][PASSED] - delay(2): Delayed 2 second(s)

22-10-2025T10:03:11 - [MESSAGE][PASSED] - Delayed 2 second(s)

22-10-2025T10:03:11 - [TEST_STEP][PASSED] - click(findTestObject("Object Repository/Page_TripFocus/div_629 - K  Crusher")): Object: 'Object Repository/Page_TripFocus/div_629 - K  Crusher' is clicked on

22-10-2025T10:03:27 - [MESSAGE][INFO] - Unable to find the element located by 'By.xpath: //div[(text() = '#629 - K & Crusher' or . = '#629 - K & Crusher')]'. Please recheck the objects properties to make sure the desired element is located. 

22-10-2025T10:03:27 - [MESSAGE][WARNING] - [SELF-HEALING] Failed to find element with id 'Object Repository/Page_TripFocus/div_629 - K  Crusher'. Try using Self-healing.

22-10-2025T10:03:27 - [MESSAGE][WARNING] - [SELF-HEALING] The current locator of test object 'Object Repository/Page_TripFocus/div_629 - K  Crusher' was broken. Propose an alternative one: '//li[@id='vs1__option-2']/div/div'.

22-10-2025T10:03:28 - [MESSAGE][PASSED] - Object: 'Object Repository/Page_TripFocus/div_629 - K  Crusher' is clicked on

22-10-2025T10:03:28 - [TEST_STEP][PASSED] - delay(5): Delayed 5 second(s)

22-10-2025T10:03:33 - [MESSAGE][PASSED] - Delayed 5 second(s)

22-10-2025T10:03:33 - [TEST_STEP][PASSED] - verifyTextPresent("4:44", false, OPTIONAL): Text '4:44' is not present on page  (Root cause: com.kms.katalon.core.exception.StepFailedException: Text '4:44' is not present on page 
	at com.kms.katalon.core.webui.keyword.internal.WebUIKeywordMain.stepFailed(WebUIKeywordMain.groovy:117)
	at com.kms.katalon.core.webui.keyword.builtin.VerifyTextPresentKeyword$_verifyTextPresent_closure1.doCall(VerifyTextPresentKeyword.groovy:79)
	at com.kms.katalon.core.webui.keyword.builtin.VerifyTextPresentKeyword$_verifyTextPresent_closure1.call(VerifyTextPresentKeyword.groovy)
	at com.kms.katalon.core.webui.keyword.internal.WebUIKeywordMain.runKeyword(WebUIKeywordMain.groovy:35)
	at com.kms.katalon.core.webui.keyword.builtin.VerifyTextPresentKeyword.verifyTextPresent(VerifyTextPresentKeyword.groovy:83)
	at com.kms.katalon.core.webui.keyword.builtin.VerifyTextPresentKeyword.execute(VerifyTextPresentKeyword.groovy:68)
	at com.kms.katalon.core.keyword.internal.KeywordExecutor.executeKeywordForPlatform(KeywordExecutor.groovy:74)
	at com.kms.katalon.core.webui.keyword.WebUiBuiltInKeywords.verifyTextPresent(WebUiBuiltInKeywords.groovy:1746)
	at com.kms.katalon.core.webui.keyword.WebUiBuiltInKeywords$verifyTextPresent$20.call(Unknown Source)
	at FDG - 11277 Display and require Load Window date and time - Custom.run(FDG - 11277 Display and require Load Window date and time - Custom:67)
	at com.kms.katalon.core.main.ScriptEngine.run(ScriptEngine.java:194)
	at com.kms.katalon.core.main.ScriptEngine.runScriptAsRawText(ScriptEngine.java:119)
	at com.kms.katalon.core.main.TestCaseExecutor.runScript(TestCaseExecutor.java:448)
	at com.kms.katalon.core.main.TestCaseExecutor.doExecute(TestCaseExecutor.java:439)
	at com.kms.katalon.core.main.TestCaseExecutor.processExecutionPhase(TestCaseExecutor.java:418)
	at com.kms.katalon.core.main.TestCaseExecutor.accessMainPhase(TestCaseExecutor.java:410)
	at com.kms.katalon.core.main.TestCaseExecutor.execute(TestCaseExecutor.java:285)
	at com.kms.katalon.core.common.CommonExecutor.accessTestCaseMainPhase(CommonExecutor.java:65)
	at com.kms.katalon.core.main.TestSuiteExecutor.accessTestSuiteMainPhase(TestSuiteExecutor.java:150)
	at com.kms.katalon.core.main.TestSuiteExecutor.execute(TestSuiteExecutor.java:106)
	at com.kms.katalon.core.main.TestCaseMain.startTestSuite(TestCaseMain.java:180)
	at com.kms.katalon.core.main.TestCaseMain$startTestSuite$0.call(Unknown Source)
	at TempTestSuite1761139058037.run(TempTestSuite1761139058037.groovy:35)
	at java.base/jdk.internal.reflect.NativeMethodAccessorImpl.invoke0(Native Method)
	at java.base/jdk.internal.reflect.NativeMethodAccessorImpl.invoke(NativeMethodAccessorImpl.java:77)
	at java.base/jdk.internal.reflect.DelegatingMethodAccessorImpl.invoke(DelegatingMethodAccessorImpl.java:43)
)

22-10-2025T10:03:33 - [MESSAGE][WARNING] - Text '4:44' is not present on page  (Root cause: com.kms.katalon.core.exception.StepFailedException: Text '4:44' is not present on page 
	at com.kms.katalon.core.webui.keyword.internal.WebUIKeywordMain.stepFailed(WebUIKeywordMain.groovy:117)
	at com.kms.katalon.core.webui.keyword.builtin.VerifyTextPresentKeyword$_verifyTextPresent_closure1.doCall(VerifyTextPresentKeyword.groovy:79)
	at com.kms.katalon.core.webui.keyword.builtin.VerifyTextPresentKeyword$_verifyTextPresent_closure1.call(VerifyTextPresentKeyword.groovy)
	at com.kms.katalon.core.webui.keyword.internal.WebUIKeywordMain.runKeyword(WebUIKeywordMain.groovy:35)
	at com.kms.katalon.core.webui.keyword.builtin.VerifyTextPresentKeyword.verifyTextPresent(VerifyTextPresentKeyword.groovy:83)
	at com.kms.katalon.core.webui.keyword.builtin.VerifyTextPresentKeyword.execute(VerifyTextPresentKeyword.groovy:68)
	at com.kms.katalon.core.keyword.internal.KeywordExecutor.executeKeywordForPlatform(KeywordExecutor.groovy:74)
	at com.kms.katalon.core.webui.keyword.WebUiBuiltInKeywords.verifyTextPresent(WebUiBuiltInKeywords.groovy:1746)
	at com.kms.katalon.core.webui.keyword.WebUiBuiltInKeywords$verifyTextPresent$20.call(Unknown Source)
	at FDG - 11277 Display and require Load Window date and time - Custom.run(FDG - 11277 Display and require Load Window date and time - Custom:67)
	at com.kms.katalon.core.main.ScriptEngine.run(ScriptEngine.java:194)
	at com.kms.katalon.core.main.ScriptEngine.runScriptAsRawText(ScriptEngine.java:119)
	at com.kms.katalon.core.main.TestCaseExecutor.runScript(TestCaseExecutor.java:448)
	at com.kms.katalon.core.main.TestCaseExecutor.doExecute(TestCaseExecutor.java:439)
	at com.kms.katalon.core.main.TestCaseExecutor.processExecutionPhase(TestCaseExecutor.java:418)
	at com.kms.katalon.core.main.TestCaseExecutor.accessMainPhase(TestCaseExecutor.java:410)
	at com.kms.katalon.core.main.TestCaseExecutor.execute(TestCaseExecutor.java:285)
	at com.kms.katalon.core.common.CommonExecutor.accessTestCaseMainPhase(CommonExecutor.java:65)
	at com.kms.katalon.core.main.TestSuiteExecutor.accessTestSuiteMainPhase(TestSuiteExecutor.java:150)
	at com.kms.katalon.core.main.TestSuiteExecutor.execute(TestSuiteExecutor.java:106)
	at com.kms.katalon.core.main.TestCaseMain.startTestSuite(TestCaseMain.java:180)
	at com.kms.katalon.core.main.TestCaseMain$startTestSuite$0.call(Unknown Source)
	at TempTestSuite1761139058037.run(TempTestSuite1761139058037.groovy:35)
	at java.base/jdk.internal.reflect.NativeMethodAccessorImpl.invoke0(Native Method)
	at java.base/jdk.internal.reflect.NativeMethodAccessorImpl.invoke(NativeMethodAccessorImpl.java:77)
	at java.base/jdk.internal.reflect.DelegatingMethodAccessorImpl.invoke(DelegatingMethodAccessorImpl.java:43)
)

22-10-2025T10:03:33 - [TEST_STEP][PASSED] - delay(5): Delayed 5 second(s)

22-10-2025T10:03:38 - [MESSAGE][PASSED] - Delayed 5 second(s)

22-10-2025T10:03:38 - [TEST_STEP][PASSED] - closeBrowser(): Browser is closed

22-10-2025T10:03:38 - [MESSAGE][PASSED] - Browser is closed

22-10-2025T10:03:38 - [TEST_STEP][PASSED] - Start listener action : retryOnDisconnect: null

22-10-2025T10:03:38 - [TEST_STEP][PASSED] - tcId = testCaseContext.getTestCaseId(): null

22-10-2025T10:03:38 - [TEST_STEP][PASSED] - currentRetry = retryCounts.getOrDefault(tcId, 0): null

22-10-2025T10:03:38 - [TEST_STEP][PASSED] - if (testCaseContext.getTestCaseStatus() == "FAILED" && currentRetry < MAX_RETRIES): null]]></system-out>
         <system-err><![CDATA[]]></system-err>
      </testcase>
      <testcase name="Test Cases/TripFocus/FDG/FDG - Orders/FDG - 11277 Display and require Load Window date and time - Default" time="39.397" classname="Test Cases/TripFocus/FDG/FDG - Orders/FDG - 11277 Display and require Load Window date and time - Default" status="PASSED">
         <system-out><![CDATA[22-10-2025T10:03:38 - [TEST_CASE][PASSED] - Test Cases/TripFocus/FDG/FDG - Orders/FDG - 11277 Display and require Load Window date and time - Default: Test Cases/TripFocus/FDG/FDG - Orders/FDG - 11277 Display and require Load Window date and time - Default

22-10-2025T10:03:38 - [TEST_STEP][PASSED] - Start listener action : beforeTestCase: null

22-10-2025T10:03:38 - [TEST_STEP][PASSED] - addDefaultPackages(): null

22-10-2025T10:03:38 - [TEST_STEP][PASSED] - openBrowser(""): Browser is opened with url: ''

22-10-2025T10:03:38 - [MESSAGE][INFO] - Starting 'Chrome' driver

22-10-2025T10:03:38 - [MESSAGE][INFO] - User set preference: ['args', '[--no-sandbox, --disable-gpu, --disable-dev-shm-usage]']

22-10-2025T10:03:38 - [MESSAGE][INFO] - Action delay is set to 0 milliseconds

22-10-2025T10:03:39 - [MESSAGE][PASSED] - Browser is opened with url: ''

22-10-2025T10:03:39 - [TEST_STEP][PASSED] - navigateToUrl(TFBaseURL): Navigate to 'https://www.qa.tripfocus.com' successfully

22-10-2025T10:03:40 - [MESSAGE][PASSED] - Navigate to 'https://www.qa.tripfocus.com' successfully

22-10-2025T10:03:40 - [TEST_STEP][PASSED] - click(findTestObject("Object Repository/Page_TripFocus/button_Sign in")): Object: 'Object Repository/Page_TripFocus/button_Sign in' is clicked on

22-10-2025T10:03:40 - [MESSAGE][PASSED] - Object: 'Object Repository/Page_TripFocus/button_Sign in' is clicked on

22-10-2025T10:03:40 - [TEST_STEP][PASSED] - setText(findTestObject("Object Repository/Page_TripFocus/input_Username (e.g. email address)_Username"), "sowmya.natarajan+SEI_QA@thekag.com"): Text 'sowmya.natarajan+SEI_QA@thekag.com' is set on object 'Object Repository/Page_TripFocus/input_Username (e.g. email address)_Username'

22-10-2025T10:03:40 - [MESSAGE][PASSED] - Text 'sowmya.natarajan+SEI_QA@thekag.com' is set on object 'Object Repository/Page_TripFocus/input_Username (e.g. email address)_Username'

22-10-2025T10:03:40 - [TEST_STEP][PASSED] - setText(findTestObject("Object Repository/Page_TripFocus/input_Password_Password"), "Test@1234"): Text 'Test@1234' is set on object 'Object Repository/Page_TripFocus/input_Password_Password'

22-10-2025T10:03:40 - [MESSAGE][PASSED] - Text 'Test@1234' is set on object 'Object Repository/Page_TripFocus/input_Password_Password'

22-10-2025T10:03:40 - [TEST_STEP][PASSED] - click(findTestObject("Object Repository/Page_TripFocus/button_Login")): Object: 'Object Repository/Page_TripFocus/button_Login' is clicked on

22-10-2025T10:03:41 - [MESSAGE][PASSED] - Object: 'Object Repository/Page_TripFocus/button_Login' is clicked on

22-10-2025T10:03:41 - [TEST_STEP][PASSED] - click(findTestObject("Object Repository/Page_TripFocus/span_Account_navbar-toggler-icon")): Object: 'Object Repository/Page_TripFocus/span_Account_navbar-toggler-icon' is clicked on

22-10-2025T10:03:41 - [MESSAGE][PASSED] - Object: 'Object Repository/Page_TripFocus/span_Account_navbar-toggler-icon' is clicked on

22-10-2025T10:03:41 - [TEST_STEP][PASSED] - click(findTestObject("Object Repository/Page_TripFocus/a_Orders")): Object: 'Object Repository/Page_TripFocus/a_Orders' is clicked on

22-10-2025T10:03:42 - [MESSAGE][PASSED] - Object: 'Object Repository/Page_TripFocus/a_Orders' is clicked on

22-10-2025T10:03:42 - [TEST_STEP][PASSED] - click(findTestObject("Object Repository/Page_TripFocus/a_Create New Order")): Object: 'Object Repository/Page_TripFocus/a_Create New Order' is clicked on

22-10-2025T10:03:43 - [MESSAGE][PASSED] - Object: 'Object Repository/Page_TripFocus/a_Create New Order' is clicked on

22-10-2025T10:03:43 - [TEST_STEP][PASSED] - click(findTestObject("Object Repository/Page_TripFocus/button_Add Product")): Object: 'Object Repository/Page_TripFocus/button_Add Product' is clicked on

22-10-2025T10:03:54 - [MESSAGE][PASSED] - Object: 'Object Repository/Page_TripFocus/button_Add Product' is clicked on

22-10-2025T10:03:54 - [TEST_STEP][PASSED] - delay(2): Delayed 2 second(s)

22-10-2025T10:03:56 - [MESSAGE][PASSED] - Delayed 2 second(s)

22-10-2025T10:03:56 - [TEST_STEP][PASSED] - click(findTestObject("Object Repository/Page_TripFocus/svg_Delivery Site_vs__open-indicator")): Object: 'Object Repository/Page_TripFocus/svg_Delivery Site_vs__open-indicator' is clicked on

22-10-2025T10:03:57 - [MESSAGE][PASSED] - Object: 'Object Repository/Page_TripFocus/svg_Delivery Site_vs__open-indicator' is clicked on

22-10-2025T10:03:57 - [TEST_STEP][PASSED] - delay(2): Delayed 2 second(s)

22-10-2025T10:03:59 - [MESSAGE][PASSED] - Delayed 2 second(s)

22-10-2025T10:03:59 - [TEST_STEP][PASSED] - click(findTestObject("Object Repository/Page_TripFocus/div_629 - K  Crusher")): Object: 'Object Repository/Page_TripFocus/div_629 - K  Crusher' is clicked on

22-10-2025T10:04:15 - [MESSAGE][INFO] - Unable to find the element located by 'By.xpath: //div[(text() = '#629 - K & Crusher' or . = '#629 - K & Crusher')]'. Please recheck the objects properties to make sure the desired element is located. 

22-10-2025T10:04:15 - [MESSAGE][WARNING] - [SELF-HEALING] Failed to find element with id 'Object Repository/Page_TripFocus/div_629 - K  Crusher'. Try using Self-healing.

22-10-2025T10:04:15 - [MESSAGE][WARNING] - [SELF-HEALING] The current locator of test object 'Object Repository/Page_TripFocus/div_629 - K  Crusher' was broken. Propose an alternative one: '//li[@id='vs1__option-2']/div/div'.

22-10-2025T10:04:15 - [MESSAGE][PASSED] - Object: 'Object Repository/Page_TripFocus/div_629 - K  Crusher' is clicked on

22-10-2025T10:04:15 - [TEST_STEP][PASSED] - delay(2): Delayed 2 second(s)

22-10-2025T10:04:17 - [MESSAGE][PASSED] - Delayed 2 second(s)

22-10-2025T10:04:17 - [TEST_STEP][PASSED] - verifyTextPresent("6:00 AM", false): Text '6:00 AM' is present on page 

22-10-2025T10:04:18 - [MESSAGE][PASSED] - Text '6:00 AM' is present on page 

22-10-2025T10:04:18 - [TEST_STEP][PASSED] - closeBrowser(): Browser is closed

22-10-2025T10:04:18 - [MESSAGE][PASSED] - Browser is closed

22-10-2025T10:04:18 - [TEST_STEP][PASSED] - Start listener action : retryOnDisconnect: null

22-10-2025T10:04:18 - [TEST_STEP][PASSED] - tcId = testCaseContext.getTestCaseId(): null

22-10-2025T10:04:18 - [TEST_STEP][PASSED] - currentRetry = retryCounts.getOrDefault(tcId, 0): null

22-10-2025T10:04:18 - [TEST_STEP][PASSED] - if (testCaseContext.getTestCaseStatus() == "FAILED" && currentRetry < MAX_RETRIES): null]]></system-out>
         <system-err><![CDATA[]]></system-err>
      </testcase>
      <testcase name="Test Cases/TripFocus/FDG/FDG - Orders/FDG - 11277 Display and require Load Window date and time - Evening" time="41.938" classname="Test Cases/TripFocus/FDG/FDG - Orders/FDG - 11277 Display and require Load Window date and time - Evening" status="PASSED">
         <system-out><![CDATA[22-10-2025T10:04:18 - [TEST_CASE][PASSED] - Test Cases/TripFocus/FDG/FDG - Orders/FDG - 11277 Display and require Load Window date and time - Evening: Test Cases/TripFocus/FDG/FDG - Orders/FDG - 11277 Display and require Load Window date and time - Evening

22-10-2025T10:04:18 - [TEST_STEP][PASSED] - Start listener action : beforeTestCase: null

22-10-2025T10:04:18 - [TEST_STEP][PASSED] - addDefaultPackages(): null

22-10-2025T10:04:18 - [TEST_STEP][PASSED] - openBrowser(""): Browser is opened with url: ''

22-10-2025T10:04:18 - [MESSAGE][INFO] - Starting 'Chrome' driver

22-10-2025T10:04:18 - [MESSAGE][INFO] - User set preference: ['args', '[--no-sandbox, --disable-gpu, --disable-dev-shm-usage]']

22-10-2025T10:04:18 - [MESSAGE][INFO] - Action delay is set to 0 milliseconds

22-10-2025T10:04:19 - [MESSAGE][PASSED] - Browser is opened with url: ''

22-10-2025T10:04:19 - [TEST_STEP][PASSED] - navigateToUrl(TFBaseURL): Navigate to 'https://www.qa.tripfocus.com' successfully

22-10-2025T10:04:19 - [MESSAGE][PASSED] - Navigate to 'https://www.qa.tripfocus.com' successfully

22-10-2025T10:04:19 - [TEST_STEP][PASSED] - click(findTestObject("Object Repository/Page_TripFocus/button_Sign in")): Object: 'Object Repository/Page_TripFocus/button_Sign in' is clicked on

22-10-2025T10:04:19 - [MESSAGE][PASSED] - Object: 'Object Repository/Page_TripFocus/button_Sign in' is clicked on

22-10-2025T10:04:19 - [TEST_STEP][PASSED] - setText(findTestObject("Object Repository/Page_TripFocus/input_Username (e.g. email address)_Username"), "sowmya.natarajan+SEI_QA@thekag.com"): Text 'sowmya.natarajan+SEI_QA@thekag.com' is set on object 'Object Repository/Page_TripFocus/input_Username (e.g. email address)_Username'

22-10-2025T10:04:20 - [MESSAGE][PASSED] - Text 'sowmya.natarajan+SEI_QA@thekag.com' is set on object 'Object Repository/Page_TripFocus/input_Username (e.g. email address)_Username'

22-10-2025T10:04:20 - [TEST_STEP][PASSED] - setText(findTestObject("Object Repository/Page_TripFocus/input_Password_Password"), "Test@1234"): Text 'Test@1234' is set on object 'Object Repository/Page_TripFocus/input_Password_Password'

22-10-2025T10:04:20 - [MESSAGE][PASSED] - Text 'Test@1234' is set on object 'Object Repository/Page_TripFocus/input_Password_Password'

22-10-2025T10:04:20 - [TEST_STEP][PASSED] - click(findTestObject("Object Repository/Page_TripFocus/button_Login")): Object: 'Object Repository/Page_TripFocus/button_Login' is clicked on

22-10-2025T10:04:21 - [MESSAGE][PASSED] - Object: 'Object Repository/Page_TripFocus/button_Login' is clicked on

22-10-2025T10:04:21 - [TEST_STEP][PASSED] - click(findTestObject("Object Repository/Page_TripFocus/span_Account_navbar-toggler-icon")): Object: 'Object Repository/Page_TripFocus/span_Account_navbar-toggler-icon' is clicked on

22-10-2025T10:04:21 - [MESSAGE][PASSED] - Object: 'Object Repository/Page_TripFocus/span_Account_navbar-toggler-icon' is clicked on

22-10-2025T10:04:21 - [TEST_STEP][PASSED] - click(findTestObject("Object Repository/Page_TripFocus/a_Orders")): Object: 'Object Repository/Page_TripFocus/a_Orders' is clicked on

22-10-2025T10:04:22 - [MESSAGE][PASSED] - Object: 'Object Repository/Page_TripFocus/a_Orders' is clicked on

22-10-2025T10:04:22 - [TEST_STEP][PASSED] - click(findTestObject("Object Repository/Page_TripFocus/a_Create New Order")): Object: 'Object Repository/Page_TripFocus/a_Create New Order' is clicked on

22-10-2025T10:04:24 - [MESSAGE][PASSED] - Object: 'Object Repository/Page_TripFocus/a_Create New Order' is clicked on

22-10-2025T10:04:24 - [TEST_STEP][PASSED] - click(findTestObject("Object Repository/Page_TripFocus/label_Evening (600 PM - 1159 PM)")): Object: 'Object Repository/Page_TripFocus/label_Evening (600 PM - 1159 PM)' is clicked on

22-10-2025T10:04:25 - [MESSAGE][PASSED] - Object: 'Object Repository/Page_TripFocus/label_Evening (600 PM - 1159 PM)' is clicked on

22-10-2025T10:04:25 - [TEST_STEP][PASSED] - click(findTestObject("Object Repository/Page_TripFocus/button_Add Product")): Object: 'Object Repository/Page_TripFocus/button_Add Product' is clicked on

22-10-2025T10:04:36 - [MESSAGE][PASSED] - Object: 'Object Repository/Page_TripFocus/button_Add Product' is clicked on

22-10-2025T10:04:36 - [TEST_STEP][PASSED] - delay(2): Delayed 2 second(s)

22-10-2025T10:04:38 - [MESSAGE][PASSED] - Delayed 2 second(s)

22-10-2025T10:04:38 - [TEST_STEP][PASSED] - click(findTestObject("Object Repository/Page_TripFocus/svg_Delivery Site_vs__open-indicator")): Object: 'Object Repository/Page_TripFocus/svg_Delivery Site_vs__open-indicator' is clicked on

22-10-2025T10:04:39 - [MESSAGE][PASSED] - Object: 'Object Repository/Page_TripFocus/svg_Delivery Site_vs__open-indicator' is clicked on

22-10-2025T10:04:39 - [TEST_STEP][PASSED] - delay(2): Delayed 2 second(s)

22-10-2025T10:04:41 - [MESSAGE][PASSED] - Delayed 2 second(s)

22-10-2025T10:04:41 - [TEST_STEP][PASSED] - click(findTestObject("Object Repository/Page_TripFocus/div_629 - K  Crusher")): Object: 'Object Repository/Page_TripFocus/div_629 - K  Crusher' is clicked on

22-10-2025T10:04:57 - [MESSAGE][INFO] - Unable to find the element located by 'By.xpath: //div[(text() = '#629 - K & Crusher' or . = '#629 - K & Crusher')]'. Please recheck the objects properties to make sure the desired element is located. 

22-10-2025T10:04:57 - [MESSAGE][WARNING] - [SELF-HEALING] Failed to find element with id 'Object Repository/Page_TripFocus/div_629 - K  Crusher'. Try using Self-healing.

22-10-2025T10:04:57 - [MESSAGE][WARNING] - [SELF-HEALING] The current locator of test object 'Object Repository/Page_TripFocus/div_629 - K  Crusher' was broken. Propose an alternative one: '//li[@id='vs1__option-2']/div/div'.

22-10-2025T10:04:57 - [MESSAGE][PASSED] - Object: 'Object Repository/Page_TripFocus/div_629 - K  Crusher' is clicked on

22-10-2025T10:04:57 - [TEST_STEP][PASSED] - delay(2): Delayed 2 second(s)

22-10-2025T10:04:59 - [MESSAGE][PASSED] - Delayed 2 second(s)

22-10-2025T10:04:59 - [TEST_STEP][PASSED] - verifyTextPresent("11:59 PM", false): Text '11:59 PM' is present on page 

22-10-2025T10:05:00 - [MESSAGE][PASSED] - Text '11:59 PM' is present on page 

22-10-2025T10:05:00 - [TEST_STEP][PASSED] - closeBrowser(): Browser is closed

22-10-2025T10:05:00 - [MESSAGE][PASSED] - Browser is closed

22-10-2025T10:05:00 - [TEST_STEP][PASSED] - Start listener action : retryOnDisconnect: null

22-10-2025T10:05:00 - [TEST_STEP][PASSED] - tcId = testCaseContext.getTestCaseId(): null

22-10-2025T10:05:00 - [TEST_STEP][PASSED] - currentRetry = retryCounts.getOrDefault(tcId, 0): null

22-10-2025T10:05:00 - [TEST_STEP][PASSED] - if (testCaseContext.getTestCaseStatus() == "FAILED" && currentRetry < MAX_RETRIES): null]]></system-out>
         <system-err><![CDATA[]]></system-err>
      </testcase>
      <system-out><![CDATA[22-10-2025T09:22:20 - [TEST_SUITE][FAILED] - FDG - TripFocus - Orders: Test Cases/TripFocus/FDG/FDG - Orders/FDG - Advanced Filter - Delivered From FAILED.
Reason:
com.kms.katalon.core.exception.StepFailedException: Unable to verify text '10/11/2025' is present 
	at com.kms.katalon.core.webui.keyword.internal.WebUIKeywordMain.stepFailed(WebUIKeywordMain.groovy:117)
	at com.kms.katalon.core.webui.keyword.internal.WebUIKeywordMain.runKeyword(WebUIKeywordMain.groovy:43)
	at com.kms.katalon.core.webui.keyword.builtin.VerifyTextPresentKeyword.verifyTextPresent(VerifyTextPresentKeyword.groovy:83)
	at com.kms.katalon.core.webui.keyword.builtin.VerifyTextPresentKeyword.execute(VerifyTextPresentKeyword.groovy:68)
	at com.kms.katalon.core.keyword.internal.KeywordExecutor.executeKeywordForPlatform(KeywordExecutor.groovy:74)
	at com.kms.katalon.core.webui.keyword.WebUiBuiltInKeywords.verifyTextPresent(WebUiBuiltInKeywords.groovy:1762)
	at com.kms.katalon.core.webui.keyword.WebUiBuiltInKeywords$verifyTextPresent$10.call(Unknown Source)
	at FDG - Advanced Filter - Delivered From.run(FDG - Advanced Filter - Delivered From:49)
	at com.kms.katalon.core.main.ScriptEngine.run(ScriptEngine.java:194)
	at com.kms.katalon.core.main.ScriptEngine.runScriptAsRawText(ScriptEngine.java:119)
	at com.kms.katalon.core.main.TestCaseExecutor.runScript(TestCaseExecutor.java:448)
	at com.kms.katalon.core.main.TestCaseExecutor.doExecute(TestCaseExecutor.java:439)
	at com.kms.katalon.core.main.TestCaseExecutor.processExecutionPhase(TestCaseExecutor.java:418)
	at com.kms.katalon.core.main.TestCaseExecutor.accessMainPhase(TestCaseExecutor.java:410)
	at com.kms.katalon.core.main.TestCaseExecutor.execute(TestCaseExecutor.java:285)
	at com.kms.katalon.core.common.CommonExecutor.accessTestCaseMainPhase(CommonExecutor.java:65)
	at com.kms.katalon.core.main.TestSuiteExecutor.accessTestSuiteMainPhase(TestSuiteExecutor.java:150)
	at com.kms.katalon.core.main.TestSuiteExecutor.execute(TestSuiteExecutor.java:106)
	at com.kms.katalon.core.main.TestCaseMain.startTestSuite(TestCaseMain.java:180)
	at com.kms.katalon.core.main.TestCaseMain$startTestSuite$0.call(Unknown Source)
	at TempTestSuite1761139058037.run(TempTestSuite1761139058037.groovy:35)
	at java.base/jdk.internal.reflect.NativeMethodAccessorImpl.invoke0(Native Method)
	at java.base/jdk.internal.reflect.NativeMethodAccessorImpl.invoke(NativeMethodAccessorImpl.java:77)
	at java.base/jdk.internal.reflect.DelegatingMethodAccessorImpl.invoke(DelegatingMethodAccessorImpl.java:43)
Caused by: com.kms.katalon.core.exception.StepFailedException: Text '10/11/2025' is not present on page 
	at com.kms.katalon.core.webui.keyword.internal.WebUIKeywordMain.stepFailed(WebUIKeywordMain.groovy:117)
	at com.kms.katalon.core.webui.keyword.builtin.VerifyTextPresentKeyword$_verifyTextPresent_closure1.doCall(VerifyTextPresentKeyword.groovy:79)
	at com.kms.katalon.core.webui.keyword.builtin.VerifyTextPresentKeyword$_verifyTextPresent_closure1.call(VerifyTextPresentKeyword.groovy)
	at com.kms.katalon.core.webui.keyword.internal.WebUIKeywordMain.runKeyword(WebUIKeywordMain.groovy:35)
	... 22 more]]></system-out>
      <system-err><![CDATA[22-10-2025T09:22:20 - [TEST_SUITE][FAILED] - FDG - TripFocus - Orders: Test Cases/TripFocus/FDG/FDG - Orders/FDG - Advanced Filter - Delivered From FAILED.
Reason:
com.kms.katalon.core.exception.StepFailedException: Unable to verify text '10/11/2025' is present 
	at com.kms.katalon.core.webui.keyword.internal.WebUIKeywordMain.stepFailed(WebUIKeywordMain.groovy:117)
	at com.kms.katalon.core.webui.keyword.internal.WebUIKeywordMain.runKeyword(WebUIKeywordMain.groovy:43)
	at com.kms.katalon.core.webui.keyword.builtin.VerifyTextPresentKeyword.verifyTextPresent(VerifyTextPresentKeyword.groovy:83)
	at com.kms.katalon.core.webui.keyword.builtin.VerifyTextPresentKeyword.execute(VerifyTextPresentKeyword.groovy:68)
	at com.kms.katalon.core.keyword.internal.KeywordExecutor.executeKeywordForPlatform(KeywordExecutor.groovy:74)
	at com.kms.katalon.core.webui.keyword.WebUiBuiltInKeywords.verifyTextPresent(WebUiBuiltInKeywords.groovy:1762)
	at com.kms.katalon.core.webui.keyword.WebUiBuiltInKeywords$verifyTextPresent$10.call(Unknown Source)
	at FDG - Advanced Filter - Delivered From.run(FDG - Advanced Filter - Delivered From:49)
	at com.kms.katalon.core.main.ScriptEngine.run(ScriptEngine.java:194)
	at com.kms.katalon.core.main.ScriptEngine.runScriptAsRawText(ScriptEngine.java:119)
	at com.kms.katalon.core.main.TestCaseExecutor.runScript(TestCaseExecutor.java:448)
	at com.kms.katalon.core.main.TestCaseExecutor.doExecute(TestCaseExecutor.java:439)
	at com.kms.katalon.core.main.TestCaseExecutor.processExecutionPhase(TestCaseExecutor.java:418)
	at com.kms.katalon.core.main.TestCaseExecutor.accessMainPhase(TestCaseExecutor.java:410)
	at com.kms.katalon.core.main.TestCaseExecutor.execute(TestCaseExecutor.java:285)
	at com.kms.katalon.core.common.CommonExecutor.accessTestCaseMainPhase(CommonExecutor.java:65)
	at com.kms.katalon.core.main.TestSuiteExecutor.accessTestSuiteMainPhase(TestSuiteExecutor.java:150)
	at com.kms.katalon.core.main.TestSuiteExecutor.execute(TestSuiteExecutor.java:106)
	at com.kms.katalon.core.main.TestCaseMain.startTestSuite(TestCaseMain.java:180)
	at com.kms.katalon.core.main.TestCaseMain$startTestSuite$0.call(Unknown Source)
	at TempTestSuite1761139058037.run(TempTestSuite1761139058037.groovy:35)
	at java.base/jdk.internal.reflect.NativeMethodAccessorImpl.invoke0(Native Method)
	at java.base/jdk.internal.reflect.NativeMethodAccessorImpl.invoke(NativeMethodAccessorImpl.java:77)
	at java.base/jdk.internal.reflect.DelegatingMethodAccessorImpl.invoke(DelegatingMethodAccessorImpl.java:43)
Caused by: com.kms.katalon.core.exception.StepFailedException: Text '10/11/2025' is not present on page 
	at com.kms.katalon.core.webui.keyword.internal.WebUIKeywordMain.stepFailed(WebUIKeywordMain.groovy:117)
	at com.kms.katalon.core.webui.keyword.builtin.VerifyTextPresentKeyword$_verifyTextPresent_closure1.doCall(VerifyTextPresentKeyword.groovy:79)
	at com.kms.katalon.core.webui.keyword.builtin.VerifyTextPresentKeyword$_verifyTextPresent_closure1.call(VerifyTextPresentKeyword.groovy)
	at com.kms.katalon.core.webui.keyword.internal.WebUIKeywordMain.runKeyword(WebUIKeywordMain.groovy:35)
	... 22 more]]></system-err>
   </testsuite>
</testsuites>
