<?xml version="1.0" encoding="UTF-8"?>
<testsuites name="KGL Admin - Sites - Tank" time="1710.652" tests="25" failures="5" errors="0">
   <testsuite name="KGL Admin - Sites - Tank" tests="25" failures="5" errors="0" time="1710.652" skipped="0" timestamp="21-10-2025T21:08:40" hostname="DC1ADOBLD01$ - DC1ADOBLD01.thekag.com" id="Test Suites/FIM/Regression/UI/KGL/KGL Admin - Sites - Tank">
      <properties>
         <property name="deviceName" value=""/>
         <property name="devicePlatform"/>
         <property name="logFolder" value="D:\\ADOagent\\vsts-agent-win-x64-2.217.2\\_work\\892\\s\\Reports\\20251021_195215\\FIM\\Regression\\UI\\KGL\\KGL Admin - Sites - Tank\\20251021_195306"/>
         <property name="logFiles" value="D:\\ADOagent\\vsts-agent-win-x64-2.217.2\\_work\\892\\s\\Reports\\20251021_195215\\FIM\\Regression\\UI\\KGL\\KGL Admin - Sites - Tank\\20251021_195306\\execution0.log"/>
         <property name="attachments" value=""/>
         <property name="hostName" value="DC1ADOBLD01$ - DC1ADOBLD01.thekag.com"/>
         <property name="os" value="Windows Server 2019 64bit"/>
         <property name="katalonVersion" value="9.7.5.223"/>
         <property name="browser" value="Chrome 141.0.0.0"/>
         <property name="hostAddress" value="10.2.20.71"/>
         <property name="sessionId" value="24f8209533a8f78dc2afe9c6e1956e9d"/>
         <property name="seleniumVersion" value="3.141.59"/>
         <property name="proxyInformation" value="ProxyInformation { proxyOption=NO_PROXY, proxyServerType=HTTP, username=, password=********, proxyServerAddress=, proxyServerPort=0, executionList=&quot;&quot;, isApplyToDesiredCapabilities=true }"/>
         <property name="platform" value="Windows Server 2019"/>
      </properties>
      <testcase name="Test Cases/FIM/UI/KGL/Admin/Sites Page/Tank/Adding New Tank to Site" time="91.674" classname="Test Cases/FIM/UI/KGL/Admin/Sites Page/Tank/Adding New Tank to Site" status="FAILED">
         <failure type="FAILED" message="Test Cases/FIM/UI/KGL/Admin/Sites Page/Tank/Adding New Tank to Site FAILED.&#xa;Reason:&#xa;com.kms.katalon.core.exception.StepFailedException: Unable to verify object 'Object Repository/FIM/Sites Page/Tank/Tank Message' is visible&#xa;	at com.kms.katalon.core.webui.keyword.internal.WebUIKeywordMain.stepFailed(WebUIKeywordMain.groovy:117)&#xa;	at com.kms.katalon.core.webui.keyword.internal.WebUIKeywordMain.runKeyword(WebUIKeywordMain.groovy:43)&#xa;	at com.kms.katalon.core.webui.keyword.builtin.VerifyElementVisibleKeyword.verifyElementVisible(VerifyElementVisibleKeyword.groovy:97)&#xa;	at com.kms.katalon.core.webui.keyword.builtin.VerifyElementVisibleKeyword.execute(VerifyElementVisibleKeyword.groovy:67)&#xa;	at com.kms.katalon.core.keyword.internal.KeywordExecutor.executeKeywordForPlatform(KeywordExecutor.groovy:74)&#xa;	at com.kms.katalon.core.webui.keyword.WebUiBuiltInKeywords.verifyElementVisible(WebUiBuiltInKeywords.groovy:401)&#xa;	at com.kms.katalon.core.webui.keyword.WebUiBuiltInKeywords$verifyElementVisible$5.call(Unknown Source)&#xa;	at Adding New Tank to Site.run(Adding New Tank to Site:83)&#xa;	at com.kms.katalon.core.main.ScriptEngine.run(ScriptEngine.java:194)&#xa;	at com.kms.katalon.core.main.ScriptEngine.runScriptAsRawText(ScriptEngine.java:119)&#xa;	at com.kms.katalon.core.main.TestCaseExecutor.runScript(TestCaseExecutor.java:448)&#xa;	at com.kms.katalon.core.main.TestCaseExecutor.doExecute(TestCaseExecutor.java:439)&#xa;	at com.kms.katalon.core.main.TestCaseExecutor.processExecutionPhase(TestCaseExecutor.java:418)&#xa;	at com.kms.katalon.core.main.TestCaseExecutor.accessMainPhase(TestCaseExecutor.java:410)&#xa;	at com.kms.katalon.core.main.TestCaseExecutor.execute(TestCaseExecutor.java:285)&#xa;	at com.kms.katalon.core.common.CommonExecutor.accessTestCaseMainPhase(CommonExecutor.java:65)&#xa;	at com.kms.katalon.core.main.TestSuiteExecutor.accessTestSuiteMainPhase(TestSuiteExecutor.java:150)&#xa;	at com.kms.katalon.core.main.TestSuiteExecutor.execute(TestSuiteExecutor.java:106)&#xa;	at com.kms.katalon.core.main.TestCaseMain.startTestSuite(TestCaseMain.java:180)&#xa;	at com.kms.katalon.core.main.TestCaseMain$startTestSuite$0.call(Unknown Source)&#xa;	at TempTestSuite1761090786896.run(TempTestSuite1761090786896.groovy:35)&#xa;	at java.base/jdk.internal.reflect.NativeMethodAccessorImpl.invoke0(Native Method)&#xa;	at java.base/jdk.internal.reflect.NativeMethodAccessorImpl.invoke(NativeMethodAccessorImpl.java:77)&#xa;	at java.base/jdk.internal.reflect.DelegatingMethodAccessorImpl.invoke(DelegatingMethodAccessorImpl.java:43)&#xa;Caused by: com.kms.katalon.core.exception.StepFailedException: Web element with id: 'Object Repository/FIM/Sites Page/Tank/Tank Message' located by '/html/body/div[2]/div/div/div/div/div' not found&#xa;	at com.kms.katalon.core.webui.keyword.internal.WebUIKeywordMain.stepFailed(WebUIKeywordMain.groovy:117)&#xa;	at com.kms.katalon.core.webui.keyword.builtin.VerifyElementVisibleKeyword$_verifyElementVisible_closure1.doCall(VerifyElementVisibleKeyword.groovy:89)&#xa;	at com.kms.katalon.core.webui.keyword.builtin.VerifyElementVisibleKeyword$_verifyElementVisible_closure1.call(VerifyElementVisibleKeyword.groovy)&#xa;	at com.kms.katalon.core.webui.keyword.internal.WebUIKeywordMain.runKeyword(WebUIKeywordMain.groovy:35)&#xa;	... 22 more&#xa;"/>
         <system-out><![CDATA[21-10-2025T21:08:40 - [TEST_CASE][FAILED] - Test Cases/FIM/UI/KGL/Admin/Sites Page/Tank/Adding New Tank to Site: Test Cases/FIM/UI/KGL/Admin/Sites Page/Tank/Adding New Tank to Site FAILED.
Reason:
com.kms.katalon.core.exception.StepFailedException: Unable to verify object 'Object Repository/FIM/Sites Page/Tank/Tank Message' is visible
	at com.kms.katalon.core.webui.keyword.internal.WebUIKeywordMain.stepFailed(WebUIKeywordMain.groovy:117)
	at com.kms.katalon.core.webui.keyword.internal.WebUIKeywordMain.runKeyword(WebUIKeywordMain.groovy:43)
	at com.kms.katalon.core.webui.keyword.builtin.VerifyElementVisibleKeyword.verifyElementVisible(VerifyElementVisibleKeyword.groovy:97)
	at com.kms.katalon.core.webui.keyword.builtin.VerifyElementVisibleKeyword.execute(VerifyElementVisibleKeyword.groovy:67)
	at com.kms.katalon.core.keyword.internal.KeywordExecutor.executeKeywordForPlatform(KeywordExecutor.groovy:74)
	at com.kms.katalon.core.webui.keyword.WebUiBuiltInKeywords.verifyElementVisible(WebUiBuiltInKeywords.groovy:401)
	at com.kms.katalon.core.webui.keyword.WebUiBuiltInKeywords$verifyElementVisible$5.call(Unknown Source)
	at Adding New Tank to Site.run(Adding New Tank to Site:83)
	at com.kms.katalon.core.main.ScriptEngine.run(ScriptEngine.java:194)
	at com.kms.katalon.core.main.ScriptEngine.runScriptAsRawText(ScriptEngine.java:119)
	at com.kms.katalon.core.main.TestCaseExecutor.runScript(TestCaseExecutor.java:448)
	at com.kms.katalon.core.main.TestCaseExecutor.doExecute(TestCaseExecutor.java:439)
	at com.kms.katalon.core.main.TestCaseExecutor.processExecutionPhase(TestCaseExecutor.java:418)
	at com.kms.katalon.core.main.TestCaseExecutor.accessMainPhase(TestCaseExecutor.java:410)
	at com.kms.katalon.core.main.TestCaseExecutor.execute(TestCaseExecutor.java:285)
	at com.kms.katalon.core.common.CommonExecutor.accessTestCaseMainPhase(CommonExecutor.java:65)
	at com.kms.katalon.core.main.TestSuiteExecutor.accessTestSuiteMainPhase(TestSuiteExecutor.java:150)
	at com.kms.katalon.core.main.TestSuiteExecutor.execute(TestSuiteExecutor.java:106)
	at com.kms.katalon.core.main.TestCaseMain.startTestSuite(TestCaseMain.java:180)
	at com.kms.katalon.core.main.TestCaseMain$startTestSuite$0.call(Unknown Source)
	at TempTestSuite1761090786896.run(TempTestSuite1761090786896.groovy:35)
	at java.base/jdk.internal.reflect.NativeMethodAccessorImpl.invoke0(Native Method)
	at java.base/jdk.internal.reflect.NativeMethodAccessorImpl.invoke(NativeMethodAccessorImpl.java:77)
	at java.base/jdk.internal.reflect.DelegatingMethodAccessorImpl.invoke(DelegatingMethodAccessorImpl.java:43)
Caused by: com.kms.katalon.core.exception.StepFailedException: Web element with id: 'Object Repository/FIM/Sites Page/Tank/Tank Message' located by '/html/body/div[2]/div/div/div/div/div' not found
	at com.kms.katalon.core.webui.keyword.internal.WebUIKeywordMain.stepFailed(WebUIKeywordMain.groovy:117)
	at com.kms.katalon.core.webui.keyword.builtin.VerifyElementVisibleKeyword$_verifyElementVisible_closure1.doCall(VerifyElementVisibleKeyword.groovy:89)
	at com.kms.katalon.core.webui.keyword.builtin.VerifyElementVisibleKeyword$_verifyElementVisible_closure1.call(VerifyElementVisibleKeyword.groovy)
	at com.kms.katalon.core.webui.keyword.internal.WebUIKeywordMain.runKeyword(WebUIKeywordMain.groovy:35)
	... 22 more


21-10-2025T21:08:40 - [TEST_STEP][PASSED] - Start listener action : beforeTestCase: null

21-10-2025T21:08:40 - [TEST_STEP][PASSED] - addDefaultPackages(): null

21-10-2025T21:08:40 - [TEST_STEP][PASSED] - callTestCase(findTestCase("Utility Scripts/FIM KGL Admin Login"), [:], STOP_ON_FAILURE): Call Test Case 'Test Cases/Utility Scripts/FIM KGL Admin Login' successfully

21-10-2025T21:08:41 - [TEST_CASE][PASSED] - Test Cases/Utility Scripts/FIM KGL Admin Login: Test Cases/Utility Scripts/FIM KGL Admin Login

21-10-2025T21:08:41 - [TEST_STEP][PASSED] - openBrowser(""): Browser is opened with url: ''

21-10-2025T21:08:41 - [MESSAGE][INFO] - Starting 'Chrome' driver

21-10-2025T21:08:41 - [MESSAGE][INFO] - User set preference: ['args', '[--no-sandbox, --disable-gpu, --disable-dev-shm-usage]']

21-10-2025T21:08:41 - [MESSAGE][INFO] - Action delay is set to 0 milliseconds

21-10-2025T21:08:43 - [MESSAGE][PASSED] - Browser is opened with url: ''

21-10-2025T21:08:43 - [TEST_STEP][PASSED] - delay(1): Delayed 1 second(s)

21-10-2025T21:08:44 - [MESSAGE][PASSED] - Delayed 1 second(s)

21-10-2025T21:08:44 - [TEST_STEP][PASSED] - navigateToUrl(KGLCustomGroupUrl): Navigate to 'https://kaglogistics-inventory-management-portal.qa.thekag.com/custom-group/' successfully

21-10-2025T21:08:45 - [MESSAGE][PASSED] - Navigate to 'https://kaglogistics-inventory-management-portal.qa.thekag.com/custom-group/' successfully

21-10-2025T21:08:45 - [TEST_STEP][PASSED] - delay(10): Delayed 10 second(s)

21-10-2025T21:08:55 - [MESSAGE][PASSED] - Delayed 10 second(s)

21-10-2025T21:08:55 - [TEST_STEP][PASSED] - if (maximizeWindow == true): Delayed 1 second(s)

21-10-2025T21:08:55 - [TEST_STEP][PASSED] - maximizeWindow(STOP_ON_FAILURE): Current window maximized

21-10-2025T21:08:55 - [MESSAGE][PASSED] - Current window maximized

21-10-2025T21:08:55 - [TEST_STEP][PASSED] - delay(1): Delayed 1 second(s)

21-10-2025T21:08:56 - [MESSAGE][PASSED] - Delayed 1 second(s)

21-10-2025T21:08:56 - [TEST_STEP][PASSED] - waitForElementPresent(findTestObject("FIM/Username_txt"), 10): Object 'Object Repository/FIM/Username_txt' is present

21-10-2025T21:08:56 - [MESSAGE][PASSED] - Object 'Object Repository/FIM/Username_txt' is present

21-10-2025T21:08:56 - [TEST_STEP][PASSED] - setText(findTestObject("FIM/Username_txt"), FIMUsername): Text 'Chris.Sheldon+DES_QA@Thekag.com' is set on object 'Object Repository/FIM/Username_txt'

21-10-2025T21:08:56 - [MESSAGE][PASSED] - Text 'Chris.Sheldon+DES_QA@Thekag.com' is set on object 'Object Repository/FIM/Username_txt'

21-10-2025T21:08:56 - [TEST_STEP][PASSED] - delay(1): Delayed 1 second(s)

21-10-2025T21:08:57 - [MESSAGE][PASSED] - Delayed 1 second(s)

21-10-2025T21:08:57 - [TEST_STEP][PASSED] - setText(findTestObject("FIM/Password_txt"), FIMPassword): Text 'QATest!2' is set on object 'Object Repository/FIM/Password_txt'

21-10-2025T21:08:57 - [MESSAGE][PASSED] - Text 'QATest!2' is set on object 'Object Repository/FIM/Password_txt'

21-10-2025T21:08:57 - [TEST_STEP][PASSED] - delay(1): Delayed 1 second(s)

21-10-2025T21:08:58 - [MESSAGE][PASSED] - Delayed 1 second(s)

21-10-2025T21:08:58 - [TEST_STEP][PASSED] - click(findTestObject("FIM/Login_btn")): Object: 'Object Repository/FIM/Login_btn' is clicked on

21-10-2025T21:08:59 - [MESSAGE][PASSED] - Object: 'Object Repository/FIM/Login_btn' is clicked on

21-10-2025T21:08:59 - [MESSAGE][PASSED] - Call Test Case 'Test Cases/Utility Scripts/FIM KGL Admin Login' successfully

21-10-2025T21:08:59 - [TEST_STEP][PASSED] - if (verifyElementVisible(findTestObject("FIM/Server_Notification_Close_btn"), OPTIONAL) == true): Web element with id: 'Object Repository/FIM/Server_Notification_Close_btn' located by '/html/body/div/div[1]/button' not found (Root cause: com.kms.katalon.core.exception.StepFailedException: Web element with id: 'Object Repository/FIM/Server_Notification_Close_btn' located by '/html/body/div/div[1]/button' not found
	at com.kms.katalon.core.webui.keyword.internal.WebUIKeywordMain.stepFailed(WebUIKeywordMain.groovy:117)
	at com.kms.katalon.core.webui.keyword.builtin.VerifyElementVisibleKeyword$_verifyElementVisible_closure1.doCall(VerifyElementVisibleKeyword.groovy:89)
	at com.kms.katalon.core.webui.keyword.builtin.VerifyElementVisibleKeyword$_verifyElementVisible_closure1.call(VerifyElementVisibleKeyword.groovy)
	at com.kms.katalon.core.webui.keyword.internal.WebUIKeywordMain.runKeyword(WebUIKeywordMain.groovy:35)
	at com.kms.katalon.core.webui.keyword.builtin.VerifyElementVisibleKeyword.verifyElementVisible(VerifyElementVisibleKeyword.groovy:97)
	at com.kms.katalon.core.webui.keyword.builtin.VerifyElementVisibleKeyword.execute(VerifyElementVisibleKeyword.groovy:67)
	at com.kms.katalon.core.keyword.internal.KeywordExecutor.executeKeywordForPlatform(KeywordExecutor.groovy:74)
	at com.kms.katalon.core.webui.keyword.WebUiBuiltInKeywords.verifyElementVisible(WebUiBuiltInKeywords.groovy:401)
	at com.kms.katalon.core.webui.keyword.WebUiBuiltInKeywords$verifyElementVisible$5.call(Unknown Source)
	at Adding New Tank to Site.run(Adding New Tank to Site:22)
	at com.kms.katalon.core.main.ScriptEngine.run(ScriptEngine.java:194)
	at com.kms.katalon.core.main.ScriptEngine.runScriptAsRawText(ScriptEngine.java:119)
	at com.kms.katalon.core.main.TestCaseExecutor.runScript(TestCaseExecutor.java:448)
	at com.kms.katalon.core.main.TestCaseExecutor.doExecute(TestCaseExecutor.java:439)
	at com.kms.katalon.core.main.TestCaseExecutor.processExecutionPhase(TestCaseExecutor.java:418)
	at com.kms.katalon.core.main.TestCaseExecutor.accessMainPhase(TestCaseExecutor.java:410)
	at com.kms.katalon.core.main.TestCaseExecutor.execute(TestCaseExecutor.java:285)
	at com.kms.katalon.core.common.CommonExecutor.accessTestCaseMainPhase(CommonExecutor.java:65)
	at com.kms.katalon.core.main.TestSuiteExecutor.accessTestSuiteMainPhase(TestSuiteExecutor.java:150)
	at com.kms.katalon.core.main.TestSuiteExecutor.execute(TestSuiteExecutor.java:106)
	at com.kms.katalon.core.main.TestCaseMain.startTestSuite(TestCaseMain.java:180)
	at com.kms.katalon.core.main.TestCaseMain$startTestSuite$0.call(Unknown Source)
	at TempTestSuite1761090786896.run(TempTestSuite1761090786896.groovy:35)
	at java.base/jdk.internal.reflect.NativeMethodAccessorImpl.invoke0(Native Method)
	at java.base/jdk.internal.reflect.NativeMethodAccessorImpl.invoke(NativeMethodAccessorImpl.java:77)
	at java.base/jdk.internal.reflect.DelegatingMethodAccessorImpl.invoke(DelegatingMethodAccessorImpl.java:43)
)

21-10-2025T21:09:15 - [MESSAGE][INFO] - Unable to find the element located by 'By.xpath: /html/body/div/div[1]/button'. Please recheck the objects properties to make sure the desired element is located. 

21-10-2025T21:09:15 - [MESSAGE][WARNING] - [SELF-HEALING] Failed to find element with id 'Object Repository/FIM/Server_Notification_Close_btn'. Try using Self-healing.

21-10-2025T21:09:16 - [MESSAGE][INFO] - [SELF-HEALING] No working XPath is found.

21-10-2025T21:09:18 - [MESSAGE][INFO] - Unable to find the element located by 'By.xpath: '. Please recheck the objects properties to make sure the desired element is located. 

21-10-2025T21:09:18 - [MESSAGE][WARNING] - [SELF-HEALING] Cannot find elements when the selector is null

21-10-2025T21:09:18 - [MESSAGE][WARNING] - Web element with id: 'Object Repository/FIM/Server_Notification_Close_btn' located by '/html/body/div/div[1]/button' not found (Root cause: com.kms.katalon.core.exception.StepFailedException: Web element with id: 'Object Repository/FIM/Server_Notification_Close_btn' located by '/html/body/div/div[1]/button' not found
	at com.kms.katalon.core.webui.keyword.internal.WebUIKeywordMain.stepFailed(WebUIKeywordMain.groovy:117)
	at com.kms.katalon.core.webui.keyword.builtin.VerifyElementVisibleKeyword$_verifyElementVisible_closure1.doCall(VerifyElementVisibleKeyword.groovy:89)
	at com.kms.katalon.core.webui.keyword.builtin.VerifyElementVisibleKeyword$_verifyElementVisible_closure1.call(VerifyElementVisibleKeyword.groovy)
	at com.kms.katalon.core.webui.keyword.internal.WebUIKeywordMain.runKeyword(WebUIKeywordMain.groovy:35)
	at com.kms.katalon.core.webui.keyword.builtin.VerifyElementVisibleKeyword.verifyElementVisible(VerifyElementVisibleKeyword.groovy:97)
	at com.kms.katalon.core.webui.keyword.builtin.VerifyElementVisibleKeyword.execute(VerifyElementVisibleKeyword.groovy:67)
	at com.kms.katalon.core.keyword.internal.KeywordExecutor.executeKeywordForPlatform(KeywordExecutor.groovy:74)
	at com.kms.katalon.core.webui.keyword.WebUiBuiltInKeywords.verifyElementVisible(WebUiBuiltInKeywords.groovy:401)
	at com.kms.katalon.core.webui.keyword.WebUiBuiltInKeywords$verifyElementVisible$5.call(Unknown Source)
	at Adding New Tank to Site.run(Adding New Tank to Site:22)
	at com.kms.katalon.core.main.ScriptEngine.run(ScriptEngine.java:194)
	at com.kms.katalon.core.main.ScriptEngine.runScriptAsRawText(ScriptEngine.java:119)
	at com.kms.katalon.core.main.TestCaseExecutor.runScript(TestCaseExecutor.java:448)
	at com.kms.katalon.core.main.TestCaseExecutor.doExecute(TestCaseExecutor.java:439)
	at com.kms.katalon.core.main.TestCaseExecutor.processExecutionPhase(TestCaseExecutor.java:418)
	at com.kms.katalon.core.main.TestCaseExecutor.accessMainPhase(TestCaseExecutor.java:410)
	at com.kms.katalon.core.main.TestCaseExecutor.execute(TestCaseExecutor.java:285)
	at com.kms.katalon.core.common.CommonExecutor.accessTestCaseMainPhase(CommonExecutor.java:65)
	at com.kms.katalon.core.main.TestSuiteExecutor.accessTestSuiteMainPhase(TestSuiteExecutor.java:150)
	at com.kms.katalon.core.main.TestSuiteExecutor.execute(TestSuiteExecutor.java:106)
	at com.kms.katalon.core.main.TestCaseMain.startTestSuite(TestCaseMain.java:180)
	at com.kms.katalon.core.main.TestCaseMain$startTestSuite$0.call(Unknown Source)
	at TempTestSuite1761090786896.run(TempTestSuite1761090786896.groovy:35)
	at java.base/jdk.internal.reflect.NativeMethodAccessorImpl.invoke0(Native Method)
	at java.base/jdk.internal.reflect.NativeMethodAccessorImpl.invoke(NativeMethodAccessorImpl.java:77)
	at java.base/jdk.internal.reflect.DelegatingMethodAccessorImpl.invoke(DelegatingMethodAccessorImpl.java:43)
)

21-10-2025T21:09:18 - [TEST_STEP][PASSED] - click(findTestObject("FIM/Hamburger Menu List/Hamburger_menu")): Object: 'Object Repository/FIM/Hamburger Menu List/Hamburger_menu' is clicked on

21-10-2025T21:09:18 - [MESSAGE][PASSED] - Object: 'Object Repository/FIM/Hamburger Menu List/Hamburger_menu' is clicked on

21-10-2025T21:09:18 - [TEST_STEP][PASSED] - delay(2): Delayed 2 second(s)

21-10-2025T21:09:20 - [MESSAGE][PASSED] - Delayed 2 second(s)

21-10-2025T21:09:20 - [TEST_STEP][PASSED] - click(findTestObject("FIM/Hamburger Menu List/KGL_Sites_option")): Object: 'Object Repository/FIM/Hamburger Menu List/KGL_Sites_option' is clicked on

21-10-2025T21:09:20 - [MESSAGE][PASSED] - Object: 'Object Repository/FIM/Hamburger Menu List/KGL_Sites_option' is clicked on

21-10-2025T21:09:20 - [TEST_STEP][PASSED] - if (verifyElementVisible(findTestObject("FIM/Existing Page with Pending Changes Close_btn"), OPTIONAL) == true): Web element with id: 'Object Repository/FIM/Existing Page with Pending Changes Close_btn' located by '/html/body/div[2]/div[1]/div/div/footer/div/button' not found (Root cause: com.kms.katalon.core.exception.StepFailedException: Web element with id: 'Object Repository/FIM/Existing Page with Pending Changes Close_btn' located by '/html/body/div[2]/div[1]/div/div/footer/div/button' not found
	at com.kms.katalon.core.webui.keyword.internal.WebUIKeywordMain.stepFailed(WebUIKeywordMain.groovy:117)
	at com.kms.katalon.core.webui.keyword.builtin.VerifyElementVisibleKeyword$_verifyElementVisible_closure1.doCall(VerifyElementVisibleKeyword.groovy:89)
	at com.kms.katalon.core.webui.keyword.builtin.VerifyElementVisibleKeyword$_verifyElementVisible_closure1.call(VerifyElementVisibleKeyword.groovy)
	at com.kms.katalon.core.webui.keyword.internal.WebUIKeywordMain.runKeyword(WebUIKeywordMain.groovy:35)
	at com.kms.katalon.core.webui.keyword.builtin.VerifyElementVisibleKeyword.verifyElementVisible(VerifyElementVisibleKeyword.groovy:97)
	at com.kms.katalon.core.webui.keyword.builtin.VerifyElementVisibleKeyword.execute(VerifyElementVisibleKeyword.groovy:67)
	at com.kms.katalon.core.keyword.internal.KeywordExecutor.executeKeywordForPlatform(KeywordExecutor.groovy:74)
	at com.kms.katalon.core.webui.keyword.WebUiBuiltInKeywords.verifyElementVisible(WebUiBuiltInKeywords.groovy:401)
	at com.kms.katalon.core.webui.keyword.WebUiBuiltInKeywords$verifyElementVisible$5.call(Unknown Source)
	at Adding New Tank to Site.run(Adding New Tank to Site:33)
	at com.kms.katalon.core.main.ScriptEngine.run(ScriptEngine.java:194)
	at com.kms.katalon.core.main.ScriptEngine.runScriptAsRawText(ScriptEngine.java:119)
	at com.kms.katalon.core.main.TestCaseExecutor.runScript(TestCaseExecutor.java:448)
	at com.kms.katalon.core.main.TestCaseExecutor.doExecute(TestCaseExecutor.java:439)
	at com.kms.katalon.core.main.TestCaseExecutor.processExecutionPhase(TestCaseExecutor.java:418)
	at com.kms.katalon.core.main.TestCaseExecutor.accessMainPhase(TestCaseExecutor.java:410)
	at com.kms.katalon.core.main.TestCaseExecutor.execute(TestCaseExecutor.java:285)
	at com.kms.katalon.core.common.CommonExecutor.accessTestCaseMainPhase(CommonExecutor.java:65)
	at com.kms.katalon.core.main.TestSuiteExecutor.accessTestSuiteMainPhase(TestSuiteExecutor.java:150)
	at com.kms.katalon.core.main.TestSuiteExecutor.execute(TestSuiteExecutor.java:106)
	at com.kms.katalon.core.main.TestCaseMain.startTestSuite(TestCaseMain.java:180)
	at com.kms.katalon.core.main.TestCaseMain$startTestSuite$0.call(Unknown Source)
	at TempTestSuite1761090786896.run(TempTestSuite1761090786896.groovy:35)
	at java.base/jdk.internal.reflect.NativeMethodAccessorImpl.invoke0(Native Method)
	at java.base/jdk.internal.reflect.NativeMethodAccessorImpl.invoke(NativeMethodAccessorImpl.java:77)
	at java.base/jdk.internal.reflect.DelegatingMethodAccessorImpl.invoke(DelegatingMethodAccessorImpl.java:43)
)

21-10-2025T21:09:36 - [MESSAGE][INFO] - Unable to find the element located by 'By.xpath: /html/body/div[2]/div[1]/div/div/footer/div/button'. Please recheck the objects properties to make sure the desired element is located. 

21-10-2025T21:09:36 - [MESSAGE][WARNING] - [SELF-HEALING] Failed to find element with id 'Object Repository/FIM/Existing Page with Pending Changes Close_btn'. Try using Self-healing.

21-10-2025T21:09:37 - [MESSAGE][INFO] - [SELF-HEALING] No working XPath is found.

21-10-2025T21:09:39 - [MESSAGE][INFO] - Unable to find the element located by 'By.xpath: '. Please recheck the objects properties to make sure the desired element is located. 

21-10-2025T21:09:39 - [MESSAGE][WARNING] - [SELF-HEALING] Cannot find elements when the selector is null

21-10-2025T21:09:39 - [MESSAGE][WARNING] - Web element with id: 'Object Repository/FIM/Existing Page with Pending Changes Close_btn' located by '/html/body/div[2]/div[1]/div/div/footer/div/button' not found (Root cause: com.kms.katalon.core.exception.StepFailedException: Web element with id: 'Object Repository/FIM/Existing Page with Pending Changes Close_btn' located by '/html/body/div[2]/div[1]/div/div/footer/div/button' not found
	at com.kms.katalon.core.webui.keyword.internal.WebUIKeywordMain.stepFailed(WebUIKeywordMain.groovy:117)
	at com.kms.katalon.core.webui.keyword.builtin.VerifyElementVisibleKeyword$_verifyElementVisible_closure1.doCall(VerifyElementVisibleKeyword.groovy:89)
	at com.kms.katalon.core.webui.keyword.builtin.VerifyElementVisibleKeyword$_verifyElementVisible_closure1.call(VerifyElementVisibleKeyword.groovy)
	at com.kms.katalon.core.webui.keyword.internal.WebUIKeywordMain.runKeyword(WebUIKeywordMain.groovy:35)
	at com.kms.katalon.core.webui.keyword.builtin.VerifyElementVisibleKeyword.verifyElementVisible(VerifyElementVisibleKeyword.groovy:97)
	at com.kms.katalon.core.webui.keyword.builtin.VerifyElementVisibleKeyword.execute(VerifyElementVisibleKeyword.groovy:67)
	at com.kms.katalon.core.keyword.internal.KeywordExecutor.executeKeywordForPlatform(KeywordExecutor.groovy:74)
	at com.kms.katalon.core.webui.keyword.WebUiBuiltInKeywords.verifyElementVisible(WebUiBuiltInKeywords.groovy:401)
	at com.kms.katalon.core.webui.keyword.WebUiBuiltInKeywords$verifyElementVisible$5.call(Unknown Source)
	at Adding New Tank to Site.run(Adding New Tank to Site:33)
	at com.kms.katalon.core.main.ScriptEngine.run(ScriptEngine.java:194)
	at com.kms.katalon.core.main.ScriptEngine.runScriptAsRawText(ScriptEngine.java:119)
	at com.kms.katalon.core.main.TestCaseExecutor.runScript(TestCaseExecutor.java:448)
	at com.kms.katalon.core.main.TestCaseExecutor.doExecute(TestCaseExecutor.java:439)
	at com.kms.katalon.core.main.TestCaseExecutor.processExecutionPhase(TestCaseExecutor.java:418)
	at com.kms.katalon.core.main.TestCaseExecutor.accessMainPhase(TestCaseExecutor.java:410)
	at com.kms.katalon.core.main.TestCaseExecutor.execute(TestCaseExecutor.java:285)
	at com.kms.katalon.core.common.CommonExecutor.accessTestCaseMainPhase(CommonExecutor.java:65)
	at com.kms.katalon.core.main.TestSuiteExecutor.accessTestSuiteMainPhase(TestSuiteExecutor.java:150)
	at com.kms.katalon.core.main.TestSuiteExecutor.execute(TestSuiteExecutor.java:106)
	at com.kms.katalon.core.main.TestCaseMain.startTestSuite(TestCaseMain.java:180)
	at com.kms.katalon.core.main.TestCaseMain$startTestSuite$0.call(Unknown Source)
	at TempTestSuite1761090786896.run(TempTestSuite1761090786896.groovy:35)
	at java.base/jdk.internal.reflect.NativeMethodAccessorImpl.invoke0(Native Method)
	at java.base/jdk.internal.reflect.NativeMethodAccessorImpl.invoke(NativeMethodAccessorImpl.java:77)
	at java.base/jdk.internal.reflect.DelegatingMethodAccessorImpl.invoke(DelegatingMethodAccessorImpl.java:43)
)

21-10-2025T21:09:39 - [TEST_STEP][PASSED] - delay(1): Delayed 1 second(s)

21-10-2025T21:09:40 - [MESSAGE][PASSED] - Delayed 1 second(s)

21-10-2025T21:09:40 - [TEST_STEP][PASSED] - waitForElementClickable(findTestObject("FIM/Sites Page/Site Filtering/Site_txt"), 15): Object 'Object Repository/FIM/Sites Page/Site Filtering/Site_txt' is clickable

21-10-2025T21:09:40 - [MESSAGE][PASSED] - Object 'Object Repository/FIM/Sites Page/Site Filtering/Site_txt' is clickable

21-10-2025T21:09:40 - [TEST_STEP][PASSED] - delay(1): Delayed 1 second(s)

21-10-2025T21:09:41 - [MESSAGE][PASSED] - Delayed 1 second(s)

21-10-2025T21:09:41 - [TEST_STEP][PASSED] - verifyElementVisible(findTestObject("FIM/Sites Page/Tank/New Tank_btn")): Object 'Object Repository/FIM/Sites Page/Tank/New Tank_btn' is visible

21-10-2025T21:09:41 - [MESSAGE][PASSED] - Object 'Object Repository/FIM/Sites Page/Tank/New Tank_btn' is visible

21-10-2025T21:09:41 - [TEST_STEP][PASSED] - click(findTestObject("FIM/Sites Page/Tank/New Tank_btn")): Object: 'Object Repository/FIM/Sites Page/Tank/New Tank_btn' is clicked on

21-10-2025T21:09:41 - [MESSAGE][PASSED] - Object: 'Object Repository/FIM/Sites Page/Tank/New Tank_btn' is clicked on

21-10-2025T21:09:41 - [TEST_STEP][PASSED] - delay(2): Delayed 2 second(s)

21-10-2025T21:09:43 - [MESSAGE][PASSED] - Delayed 2 second(s)

21-10-2025T21:09:43 - [TEST_STEP][PASSED] - sendKeys(findTestObject("FIM/Sites Page/Tank/Tank Number_txt"), "1"): Keys '1' sent to object: 'Object Repository/FIM/Sites Page/Tank/Tank Number_txt'

21-10-2025T21:09:43 - [MESSAGE][PASSED] - Keys '1' sent to object: 'Object Repository/FIM/Sites Page/Tank/Tank Number_txt'

21-10-2025T21:09:43 - [TEST_STEP][PASSED] - delay(1): Delayed 1 second(s)

21-10-2025T21:09:44 - [MESSAGE][PASSED] - Delayed 1 second(s)

21-10-2025T21:09:44 - [TEST_STEP][PASSED] - selectOptionByLabel(findTestObject("FIM/Sites Page/Tank/Commodity_dropdown"), "PREMIUM", false): All options with label 'PREMIUM' are selected in object 'Object Repository/FIM/Sites Page/Tank/Commodity_dropdown' 

21-10-2025T21:09:44 - [MESSAGE][PASSED] - All options with label 'PREMIUM' are selected in object 'Object Repository/FIM/Sites Page/Tank/Commodity_dropdown' 

21-10-2025T21:09:44 - [TEST_STEP][PASSED] - delay(1): Delayed 1 second(s)

21-10-2025T21:09:45 - [MESSAGE][PASSED] - Delayed 1 second(s)

21-10-2025T21:09:45 - [TEST_STEP][PASSED] - selectOptionByLabel(findTestObject("FIM/Sites Page/Tank/Commodity Code_dropdown"), "G9200000", false): All options with label 'G9200000' are selected in object 'Object Repository/FIM/Sites Page/Tank/Commodity Code_dropdown' 

21-10-2025T21:09:46 - [MESSAGE][PASSED] - All options with label 'G9200000' are selected in object 'Object Repository/FIM/Sites Page/Tank/Commodity Code_dropdown' 

21-10-2025T21:09:46 - [TEST_STEP][PASSED] - delay(1): Delayed 1 second(s)

21-10-2025T21:09:47 - [MESSAGE][PASSED] - Delayed 1 second(s)

21-10-2025T21:09:47 - [TEST_STEP][PASSED] - sendKeys(findTestObject("FIM/Sites Page/Tank/Safe Fill Quantity_txt"), "9540"): Keys '9540' sent to object: 'Object Repository/FIM/Sites Page/Tank/Safe Fill Quantity_txt'

21-10-2025T21:09:47 - [MESSAGE][PASSED] - Keys '9540' sent to object: 'Object Repository/FIM/Sites Page/Tank/Safe Fill Quantity_txt'

21-10-2025T21:09:47 - [TEST_STEP][PASSED] - delay(1): Delayed 1 second(s)

21-10-2025T21:09:48 - [MESSAGE][PASSED] - Delayed 1 second(s)

21-10-2025T21:09:48 - [TEST_STEP][PASSED] - sendKeys(findTestObject("FIM/Sites Page/Tank/Tank Size_txt"), "13000"): Keys '13000' sent to object: 'Object Repository/FIM/Sites Page/Tank/Tank Size_txt'

21-10-2025T21:09:48 - [MESSAGE][PASSED] - Keys '13000' sent to object: 'Object Repository/FIM/Sites Page/Tank/Tank Size_txt'

21-10-2025T21:09:48 - [TEST_STEP][PASSED] - delay(1): Delayed 1 second(s)

21-10-2025T21:09:49 - [MESSAGE][PASSED] - Delayed 1 second(s)

21-10-2025T21:09:49 - [TEST_STEP][PASSED] - sendKeys(findTestObject("FIM/Sites Page/Tank/Threshold_txt"), "1200"): Keys '1200' sent to object: 'Object Repository/FIM/Sites Page/Tank/Threshold_txt'

21-10-2025T21:09:49 - [MESSAGE][PASSED] - Keys '1200' sent to object: 'Object Repository/FIM/Sites Page/Tank/Threshold_txt'

21-10-2025T21:09:49 - [TEST_STEP][PASSED] - delay(1): Delayed 1 second(s)

21-10-2025T21:09:50 - [MESSAGE][PASSED] - Delayed 1 second(s)

21-10-2025T21:09:50 - [TEST_STEP][PASSED] - setText(findTestObject("FIM/Sites Page/Tank/Pump Stop_txt"), "1150"): Text '1150' is set on object 'Object Repository/FIM/Sites Page/Tank/Pump Stop_txt'

21-10-2025T21:09:50 - [MESSAGE][PASSED] - Text '1150' is set on object 'Object Repository/FIM/Sites Page/Tank/Pump Stop_txt'

21-10-2025T21:09:50 - [TEST_STEP][PASSED] - delay(1): Delayed 1 second(s)

21-10-2025T21:09:51 - [MESSAGE][PASSED] - Delayed 1 second(s)

21-10-2025T21:09:51 - [TEST_STEP][PASSED] - click(findTestObject("FIM/Sites Page/Tank/Tank Save_btn"), STOP_ON_FAILURE): Object: 'Object Repository/FIM/Sites Page/Tank/Tank Save_btn' is clicked on

21-10-2025T21:09:51 - [MESSAGE][PASSED] - Object: 'Object Repository/FIM/Sites Page/Tank/Tank Save_btn' is clicked on

21-10-2025T21:09:51 - [TEST_STEP][PASSED] - delay(1): Delayed 1 second(s)

21-10-2025T21:09:52 - [MESSAGE][PASSED] - Delayed 1 second(s)

21-10-2025T21:09:52 - [TEST_STEP][FAILED] - verifyElementVisible(findTestObject("FIM/Sites Page/Tank/Tank Message"), STOP_ON_FAILURE): Unable to verify object 'Object Repository/FIM/Sites Page/Tank/Tank Message' is visible (Root cause: com.kms.katalon.core.exception.StepFailedException: Unable to verify object 'Object Repository/FIM/Sites Page/Tank/Tank Message' is visible
	at com.kms.katalon.core.webui.keyword.internal.WebUIKeywordMain.stepFailed(WebUIKeywordMain.groovy:117)
	at com.kms.katalon.core.webui.keyword.internal.WebUIKeywordMain.runKeyword(WebUIKeywordMain.groovy:43)
	at com.kms.katalon.core.webui.keyword.builtin.VerifyElementVisibleKeyword.verifyElementVisible(VerifyElementVisibleKeyword.groovy:97)
	at com.kms.katalon.core.webui.keyword.builtin.VerifyElementVisibleKeyword.execute(VerifyElementVisibleKeyword.groovy:67)
	at com.kms.katalon.core.keyword.internal.KeywordExecutor.executeKeywordForPlatform(KeywordExecutor.groovy:74)
	at com.kms.katalon.core.webui.keyword.WebUiBuiltInKeywords.verifyElementVisible(WebUiBuiltInKeywords.groovy:401)
	at com.kms.katalon.core.webui.keyword.WebUiBuiltInKeywords$verifyElementVisible$5.call(Unknown Source)
	at Adding New Tank to Site.run(Adding New Tank to Site:83)
	at com.kms.katalon.core.main.ScriptEngine.run(ScriptEngine.java:194)
	at com.kms.katalon.core.main.ScriptEngine.runScriptAsRawText(ScriptEngine.java:119)
	at com.kms.katalon.core.main.TestCaseExecutor.runScript(TestCaseExecutor.java:448)
	at com.kms.katalon.core.main.TestCaseExecutor.doExecute(TestCaseExecutor.java:439)
	at com.kms.katalon.core.main.TestCaseExecutor.processExecutionPhase(TestCaseExecutor.java:418)
	at com.kms.katalon.core.main.TestCaseExecutor.accessMainPhase(TestCaseExecutor.java:410)
	at com.kms.katalon.core.main.TestCaseExecutor.execute(TestCaseExecutor.java:285)
	at com.kms.katalon.core.common.CommonExecutor.accessTestCaseMainPhase(CommonExecutor.java:65)
	at com.kms.katalon.core.main.TestSuiteExecutor.accessTestSuiteMainPhase(TestSuiteExecutor.java:150)
	at com.kms.katalon.core.main.TestSuiteExecutor.execute(TestSuiteExecutor.java:106)
	at com.kms.katalon.core.main.TestCaseMain.startTestSuite(TestCaseMain.java:180)
	at com.kms.katalon.core.main.TestCaseMain$startTestSuite$0.call(Unknown Source)
	at TempTestSuite1761090786896.run(TempTestSuite1761090786896.groovy:35)
	at java.base/jdk.internal.reflect.NativeMethodAccessorImpl.invoke0(Native Method)
	at java.base/jdk.internal.reflect.NativeMethodAccessorImpl.invoke(NativeMethodAccessorImpl.java:77)
	at java.base/jdk.internal.reflect.DelegatingMethodAccessorImpl.invoke(DelegatingMethodAccessorImpl.java:43)
Caused by: com.kms.katalon.core.exception.StepFailedException: Web element with id: 'Object Repository/FIM/Sites Page/Tank/Tank Message' located by '/html/body/div[2]/div/div/div/div/div' not found
	at com.kms.katalon.core.webui.keyword.internal.WebUIKeywordMain.stepFailed(WebUIKeywordMain.groovy:117)
	at com.kms.katalon.core.webui.keyword.builtin.VerifyElementVisibleKeyword$_verifyElementVisible_closure1.doCall(VerifyElementVisibleKeyword.groovy:89)
	at com.kms.katalon.core.webui.keyword.builtin.VerifyElementVisibleKeyword$_verifyElementVisible_closure1.call(VerifyElementVisibleKeyword.groovy)
	at com.kms.katalon.core.webui.keyword.internal.WebUIKeywordMain.runKeyword(WebUIKeywordMain.groovy:35)
	... 22 more
)

21-10-2025T21:10:08 - [MESSAGE][INFO] - Unable to find the element located by 'By.xpath: /html/body/div[2]/div/div/div/div/div'. Please recheck the objects properties to make sure the desired element is located. 

21-10-2025T21:10:08 - [MESSAGE][WARNING] - [SELF-HEALING] Failed to find element with id 'Object Repository/FIM/Sites Page/Tank/Tank Message'. Try using Self-healing.

21-10-2025T21:10:09 - [MESSAGE][INFO] - [SELF-HEALING] No working XPath is found.

21-10-2025T21:10:11 - [MESSAGE][INFO] - Unable to find the element located by 'By.xpath: '. Please recheck the objects properties to make sure the desired element is located. 

21-10-2025T21:10:11 - [MESSAGE][WARNING] - [SELF-HEALING] Cannot find elements when the selector is null

21-10-2025T21:10:11 - [MESSAGE][FAILED] - Web element with id: 'Object Repository/FIM/Sites Page/Tank/Tank Message' located by '/html/body/div[2]/div/div/div/div/div' not found (Root cause: com.kms.katalon.core.exception.StepFailedException: Web element with id: 'Object Repository/FIM/Sites Page/Tank/Tank Message' located by '/html/body/div[2]/div/div/div/div/div' not found
	at com.kms.katalon.core.webui.keyword.internal.WebUIKeywordMain.stepFailed(WebUIKeywordMain.groovy:117)
	at com.kms.katalon.core.webui.keyword.builtin.VerifyElementVisibleKeyword$_verifyElementVisible_closure1.doCall(VerifyElementVisibleKeyword.groovy:89)
	at com.kms.katalon.core.webui.keyword.builtin.VerifyElementVisibleKeyword$_verifyElementVisible_closure1.call(VerifyElementVisibleKeyword.groovy)
	at com.kms.katalon.core.webui.keyword.internal.WebUIKeywordMain.runKeyword(WebUIKeywordMain.groovy:35)
	at com.kms.katalon.core.webui.keyword.builtin.VerifyElementVisibleKeyword.verifyElementVisible(VerifyElementVisibleKeyword.groovy:97)
	at com.kms.katalon.core.webui.keyword.builtin.VerifyElementVisibleKeyword.execute(VerifyElementVisibleKeyword.groovy:67)
	at com.kms.katalon.core.keyword.internal.KeywordExecutor.executeKeywordForPlatform(KeywordExecutor.groovy:74)
	at com.kms.katalon.core.webui.keyword.WebUiBuiltInKeywords.verifyElementVisible(WebUiBuiltInKeywords.groovy:401)
	at com.kms.katalon.core.webui.keyword.WebUiBuiltInKeywords$verifyElementVisible$5.call(Unknown Source)
	at Adding New Tank to Site.run(Adding New Tank to Site:83)
	at com.kms.katalon.core.main.ScriptEngine.run(ScriptEngine.java:194)
	at com.kms.katalon.core.main.ScriptEngine.runScriptAsRawText(ScriptEngine.java:119)
	at com.kms.katalon.core.main.TestCaseExecutor.runScript(TestCaseExecutor.java:448)
	at com.kms.katalon.core.main.TestCaseExecutor.doExecute(TestCaseExecutor.java:439)
	at com.kms.katalon.core.main.TestCaseExecutor.processExecutionPhase(TestCaseExecutor.java:418)
	at com.kms.katalon.core.main.TestCaseExecutor.accessMainPhase(TestCaseExecutor.java:410)
	at com.kms.katalon.core.main.TestCaseExecutor.execute(TestCaseExecutor.java:285)
	at com.kms.katalon.core.common.CommonExecutor.accessTestCaseMainPhase(CommonExecutor.java:65)
	at com.kms.katalon.core.main.TestSuiteExecutor.accessTestSuiteMainPhase(TestSuiteExecutor.java:150)
	at com.kms.katalon.core.main.TestSuiteExecutor.execute(TestSuiteExecutor.java:106)
	at com.kms.katalon.core.main.TestCaseMain.startTestSuite(TestCaseMain.java:180)
	at com.kms.katalon.core.main.TestCaseMain$startTestSuite$0.call(Unknown Source)
	at TempTestSuite1761090786896.run(TempTestSuite1761090786896.groovy:35)
	at java.base/jdk.internal.reflect.NativeMethodAccessorImpl.invoke0(Native Method)
	at java.base/jdk.internal.reflect.NativeMethodAccessorImpl.invoke(NativeMethodAccessorImpl.java:77)
	at java.base/jdk.internal.reflect.DelegatingMethodAccessorImpl.invoke(DelegatingMethodAccessorImpl.java:43)
)

21-10-2025T21:10:11 - [MESSAGE][FAILED] - Unable to verify object 'Object Repository/FIM/Sites Page/Tank/Tank Message' is visible (Root cause: com.kms.katalon.core.exception.StepFailedException: Unable to verify object 'Object Repository/FIM/Sites Page/Tank/Tank Message' is visible
	at com.kms.katalon.core.webui.keyword.internal.WebUIKeywordMain.stepFailed(WebUIKeywordMain.groovy:117)
	at com.kms.katalon.core.webui.keyword.internal.WebUIKeywordMain.runKeyword(WebUIKeywordMain.groovy:43)
	at com.kms.katalon.core.webui.keyword.builtin.VerifyElementVisibleKeyword.verifyElementVisible(VerifyElementVisibleKeyword.groovy:97)
	at com.kms.katalon.core.webui.keyword.builtin.VerifyElementVisibleKeyword.execute(VerifyElementVisibleKeyword.groovy:67)
	at com.kms.katalon.core.keyword.internal.KeywordExecutor.executeKeywordForPlatform(KeywordExecutor.groovy:74)
	at com.kms.katalon.core.webui.keyword.WebUiBuiltInKeywords.verifyElementVisible(WebUiBuiltInKeywords.groovy:401)
	at com.kms.katalon.core.webui.keyword.WebUiBuiltInKeywords$verifyElementVisible$5.call(Unknown Source)
	at Adding New Tank to Site.run(Adding New Tank to Site:83)
	at com.kms.katalon.core.main.ScriptEngine.run(ScriptEngine.java:194)
	at com.kms.katalon.core.main.ScriptEngine.runScriptAsRawText(ScriptEngine.java:119)
	at com.kms.katalon.core.main.TestCaseExecutor.runScript(TestCaseExecutor.java:448)
	at com.kms.katalon.core.main.TestCaseExecutor.doExecute(TestCaseExecutor.java:439)
	at com.kms.katalon.core.main.TestCaseExecutor.processExecutionPhase(TestCaseExecutor.java:418)
	at com.kms.katalon.core.main.TestCaseExecutor.accessMainPhase(TestCaseExecutor.java:410)
	at com.kms.katalon.core.main.TestCaseExecutor.execute(TestCaseExecutor.java:285)
	at com.kms.katalon.core.common.CommonExecutor.accessTestCaseMainPhase(CommonExecutor.java:65)
	at com.kms.katalon.core.main.TestSuiteExecutor.accessTestSuiteMainPhase(TestSuiteExecutor.java:150)
	at com.kms.katalon.core.main.TestSuiteExecutor.execute(TestSuiteExecutor.java:106)
	at com.kms.katalon.core.main.TestCaseMain.startTestSuite(TestCaseMain.java:180)
	at com.kms.katalon.core.main.TestCaseMain$startTestSuite$0.call(Unknown Source)
	at TempTestSuite1761090786896.run(TempTestSuite1761090786896.groovy:35)
	at java.base/jdk.internal.reflect.NativeMethodAccessorImpl.invoke0(Native Method)
	at java.base/jdk.internal.reflect.NativeMethodAccessorImpl.invoke(NativeMethodAccessorImpl.java:77)
	at java.base/jdk.internal.reflect.DelegatingMethodAccessorImpl.invoke(DelegatingMethodAccessorImpl.java:43)
Caused by: com.kms.katalon.core.exception.StepFailedException: Web element with id: 'Object Repository/FIM/Sites Page/Tank/Tank Message' located by '/html/body/div[2]/div/div/div/div/div' not found
	at com.kms.katalon.core.webui.keyword.internal.WebUIKeywordMain.stepFailed(WebUIKeywordMain.groovy:117)
	at com.kms.katalon.core.webui.keyword.builtin.VerifyElementVisibleKeyword$_verifyElementVisible_closure1.doCall(VerifyElementVisibleKeyword.groovy:89)
	at com.kms.katalon.core.webui.keyword.builtin.VerifyElementVisibleKeyword$_verifyElementVisible_closure1.call(VerifyElementVisibleKeyword.groovy)
	at com.kms.katalon.core.webui.keyword.internal.WebUIKeywordMain.runKeyword(WebUIKeywordMain.groovy:35)
	... 22 more
)

21-10-2025T21:10:12 - [TEST_STEP][PASSED] - Start listener action : retryOnDisconnect: Current window's url is: 'https://kaglogistics-inventory-management-portal.qa.thekag.com/site/MM613'

21-10-2025T21:10:12 - [TEST_STEP][PASSED] - tcId = testCaseContext.getTestCaseId(): null

21-10-2025T21:10:12 - [TEST_STEP][PASSED] - currentRetry = retryCounts.getOrDefault(tcId, 0): null

21-10-2025T21:10:12 - [TEST_STEP][PASSED] - if (testCaseContext.getTestCaseStatus() == "FAILED" && currentRetry < MAX_RETRIES): Current window's url is: 'https://kaglogistics-inventory-management-portal.qa.thekag.com/site/MM613'

21-10-2025T21:10:12 - [TEST_STEP][PASSED] - try: Current window's url is: 'https://kaglogistics-inventory-management-portal.qa.thekag.com/site/MM613'

21-10-2025T21:10:12 - [TEST_STEP][PASSED] - comment(Checking for WebDriver disconnect for test case: $tcId): Checking for WebDriver disconnect for test case: Test Cases/FIM/UI/KGL/Admin/Sites Page/Tank/Adding New Tank to Site

21-10-2025T21:10:12 - [MESSAGE][INFO] - Checking for WebDriver disconnect for test case: Test Cases/FIM/UI/KGL/Admin/Sites Page/Tank/Adding New Tank to Site

21-10-2025T21:10:12 - [TEST_STEP][PASSED] - getUrl(): Current window's url is: 'https://kaglogistics-inventory-management-portal.qa.thekag.com/site/MM613'

21-10-2025T21:10:12 - [MESSAGE][PASSED] - Current window's url is: 'https://kaglogistics-inventory-management-portal.qa.thekag.com/site/MM613']]></system-out>
         <system-err><![CDATA[21-10-2025T21:08:40 - [TEST_CASE][FAILED] - Test Cases/FIM/UI/KGL/Admin/Sites Page/Tank/Adding New Tank to Site: Test Cases/FIM/UI/KGL/Admin/Sites Page/Tank/Adding New Tank to Site FAILED.
Reason:
com.kms.katalon.core.exception.StepFailedException: Unable to verify object 'Object Repository/FIM/Sites Page/Tank/Tank Message' is visible
	at com.kms.katalon.core.webui.keyword.internal.WebUIKeywordMain.stepFailed(WebUIKeywordMain.groovy:117)
	at com.kms.katalon.core.webui.keyword.internal.WebUIKeywordMain.runKeyword(WebUIKeywordMain.groovy:43)
	at com.kms.katalon.core.webui.keyword.builtin.VerifyElementVisibleKeyword.verifyElementVisible(VerifyElementVisibleKeyword.groovy:97)
	at com.kms.katalon.core.webui.keyword.builtin.VerifyElementVisibleKeyword.execute(VerifyElementVisibleKeyword.groovy:67)
	at com.kms.katalon.core.keyword.internal.KeywordExecutor.executeKeywordForPlatform(KeywordExecutor.groovy:74)
	at com.kms.katalon.core.webui.keyword.WebUiBuiltInKeywords.verifyElementVisible(WebUiBuiltInKeywords.groovy:401)
	at com.kms.katalon.core.webui.keyword.WebUiBuiltInKeywords$verifyElementVisible$5.call(Unknown Source)
	at Adding New Tank to Site.run(Adding New Tank to Site:83)
	at com.kms.katalon.core.main.ScriptEngine.run(ScriptEngine.java:194)
	at com.kms.katalon.core.main.ScriptEngine.runScriptAsRawText(ScriptEngine.java:119)
	at com.kms.katalon.core.main.TestCaseExecutor.runScript(TestCaseExecutor.java:448)
	at com.kms.katalon.core.main.TestCaseExecutor.doExecute(TestCaseExecutor.java:439)
	at com.kms.katalon.core.main.TestCaseExecutor.processExecutionPhase(TestCaseExecutor.java:418)
	at com.kms.katalon.core.main.TestCaseExecutor.accessMainPhase(TestCaseExecutor.java:410)
	at com.kms.katalon.core.main.TestCaseExecutor.execute(TestCaseExecutor.java:285)
	at com.kms.katalon.core.common.CommonExecutor.accessTestCaseMainPhase(CommonExecutor.java:65)
	at com.kms.katalon.core.main.TestSuiteExecutor.accessTestSuiteMainPhase(TestSuiteExecutor.java:150)
	at com.kms.katalon.core.main.TestSuiteExecutor.execute(TestSuiteExecutor.java:106)
	at com.kms.katalon.core.main.TestCaseMain.startTestSuite(TestCaseMain.java:180)
	at com.kms.katalon.core.main.TestCaseMain$startTestSuite$0.call(Unknown Source)
	at TempTestSuite1761090786896.run(TempTestSuite1761090786896.groovy:35)
	at java.base/jdk.internal.reflect.NativeMethodAccessorImpl.invoke0(Native Method)
	at java.base/jdk.internal.reflect.NativeMethodAccessorImpl.invoke(NativeMethodAccessorImpl.java:77)
	at java.base/jdk.internal.reflect.DelegatingMethodAccessorImpl.invoke(DelegatingMethodAccessorImpl.java:43)
Caused by: com.kms.katalon.core.exception.StepFailedException: Web element with id: 'Object Repository/FIM/Sites Page/Tank/Tank Message' located by '/html/body/div[2]/div/div/div/div/div' not found
	at com.kms.katalon.core.webui.keyword.internal.WebUIKeywordMain.stepFailed(WebUIKeywordMain.groovy:117)
	at com.kms.katalon.core.webui.keyword.builtin.VerifyElementVisibleKeyword$_verifyElementVisible_closure1.doCall(VerifyElementVisibleKeyword.groovy:89)
	at com.kms.katalon.core.webui.keyword.builtin.VerifyElementVisibleKeyword$_verifyElementVisible_closure1.call(VerifyElementVisibleKeyword.groovy)
	at com.kms.katalon.core.webui.keyword.internal.WebUIKeywordMain.runKeyword(WebUIKeywordMain.groovy:35)
	... 22 more]]></system-err>
      </testcase>
      <testcase name="Test Cases/FIM/UI/KGL/Admin/Sites Page/Tank/Adding New Tank Without Pump Stop" time="88.512" classname="Test Cases/FIM/UI/KGL/Admin/Sites Page/Tank/Adding New Tank Without Pump Stop" status="FAILED">
         <failure type="FAILED" message="Test Cases/FIM/UI/KGL/Admin/Sites Page/Tank/Adding New Tank Without Pump Stop FAILED.&#xa;Reason:&#xa;com.kms.katalon.core.exception.StepFailedException: Unable to verify object 'Object Repository/FIM/Sites Page/Tank/Tank Message' is visible&#xa;	at com.kms.katalon.core.webui.keyword.internal.WebUIKeywordMain.stepFailed(WebUIKeywordMain.groovy:117)&#xa;	at com.kms.katalon.core.webui.keyword.internal.WebUIKeywordMain.runKeyword(WebUIKeywordMain.groovy:43)&#xa;	at com.kms.katalon.core.webui.keyword.builtin.VerifyElementVisibleKeyword.verifyElementVisible(VerifyElementVisibleKeyword.groovy:97)&#xa;	at com.kms.katalon.core.webui.keyword.builtin.VerifyElementVisibleKeyword.execute(VerifyElementVisibleKeyword.groovy:67)&#xa;	at com.kms.katalon.core.keyword.internal.KeywordExecutor.executeKeywordForPlatform(KeywordExecutor.groovy:74)&#xa;	at com.kms.katalon.core.webui.keyword.WebUiBuiltInKeywords.verifyElementVisible(WebUiBuiltInKeywords.groovy:401)&#xa;	at com.kms.katalon.core.webui.keyword.WebUiBuiltInKeywords$verifyElementVisible$5.call(Unknown Source)&#xa;	at Adding New Tank Without Pump Stop.run(Adding New Tank Without Pump Stop:81)&#xa;	at com.kms.katalon.core.main.ScriptEngine.run(ScriptEngine.java:194)&#xa;	at com.kms.katalon.core.main.ScriptEngine.runScriptAsRawText(ScriptEngine.java:119)&#xa;	at com.kms.katalon.core.main.TestCaseExecutor.runScript(TestCaseExecutor.java:448)&#xa;	at com.kms.katalon.core.main.TestCaseExecutor.doExecute(TestCaseExecutor.java:439)&#xa;	at com.kms.katalon.core.main.TestCaseExecutor.processExecutionPhase(TestCaseExecutor.java:418)&#xa;	at com.kms.katalon.core.main.TestCaseExecutor.accessMainPhase(TestCaseExecutor.java:410)&#xa;	at com.kms.katalon.core.main.TestCaseExecutor.execute(TestCaseExecutor.java:285)&#xa;	at com.kms.katalon.core.common.CommonExecutor.accessTestCaseMainPhase(CommonExecutor.java:65)&#xa;	at com.kms.katalon.core.main.TestSuiteExecutor.accessTestSuiteMainPhase(TestSuiteExecutor.java:150)&#xa;	at com.kms.katalon.core.main.TestSuiteExecutor.execute(TestSuiteExecutor.java:106)&#xa;	at com.kms.katalon.core.main.TestCaseMain.startTestSuite(TestCaseMain.java:180)&#xa;	at com.kms.katalon.core.main.TestCaseMain$startTestSuite$0.call(Unknown Source)&#xa;	at TempTestSuite1761090786896.run(TempTestSuite1761090786896.groovy:35)&#xa;	at java.base/jdk.internal.reflect.NativeMethodAccessorImpl.invoke0(Native Method)&#xa;	at java.base/jdk.internal.reflect.NativeMethodAccessorImpl.invoke(NativeMethodAccessorImpl.java:77)&#xa;	at java.base/jdk.internal.reflect.DelegatingMethodAccessorImpl.invoke(DelegatingMethodAccessorImpl.java:43)&#xa;Caused by: com.kms.katalon.core.exception.StepFailedException: Web element with id: 'Object Repository/FIM/Sites Page/Tank/Tank Message' located by '/html/body/div[2]/div/div/div/div/div' not found&#xa;	at com.kms.katalon.core.webui.keyword.internal.WebUIKeywordMain.stepFailed(WebUIKeywordMain.groovy:117)&#xa;	at com.kms.katalon.core.webui.keyword.builtin.VerifyElementVisibleKeyword$_verifyElementVisible_closure1.doCall(VerifyElementVisibleKeyword.groovy:89)&#xa;	at com.kms.katalon.core.webui.keyword.builtin.VerifyElementVisibleKeyword$_verifyElementVisible_closure1.call(VerifyElementVisibleKeyword.groovy)&#xa;	at com.kms.katalon.core.webui.keyword.internal.WebUIKeywordMain.runKeyword(WebUIKeywordMain.groovy:35)&#xa;	... 22 more&#xa;"/>
         <system-out><![CDATA[21-10-2025T21:10:12 - [TEST_CASE][FAILED] - Test Cases/FIM/UI/KGL/Admin/Sites Page/Tank/Adding New Tank Without Pump Stop: Test Cases/FIM/UI/KGL/Admin/Sites Page/Tank/Adding New Tank Without Pump Stop FAILED.
Reason:
com.kms.katalon.core.exception.StepFailedException: Unable to verify object 'Object Repository/FIM/Sites Page/Tank/Tank Message' is visible
	at com.kms.katalon.core.webui.keyword.internal.WebUIKeywordMain.stepFailed(WebUIKeywordMain.groovy:117)
	at com.kms.katalon.core.webui.keyword.internal.WebUIKeywordMain.runKeyword(WebUIKeywordMain.groovy:43)
	at com.kms.katalon.core.webui.keyword.builtin.VerifyElementVisibleKeyword.verifyElementVisible(VerifyElementVisibleKeyword.groovy:97)
	at com.kms.katalon.core.webui.keyword.builtin.VerifyElementVisibleKeyword.execute(VerifyElementVisibleKeyword.groovy:67)
	at com.kms.katalon.core.keyword.internal.KeywordExecutor.executeKeywordForPlatform(KeywordExecutor.groovy:74)
	at com.kms.katalon.core.webui.keyword.WebUiBuiltInKeywords.verifyElementVisible(WebUiBuiltInKeywords.groovy:401)
	at com.kms.katalon.core.webui.keyword.WebUiBuiltInKeywords$verifyElementVisible$5.call(Unknown Source)
	at Adding New Tank Without Pump Stop.run(Adding New Tank Without Pump Stop:81)
	at com.kms.katalon.core.main.ScriptEngine.run(ScriptEngine.java:194)
	at com.kms.katalon.core.main.ScriptEngine.runScriptAsRawText(ScriptEngine.java:119)
	at com.kms.katalon.core.main.TestCaseExecutor.runScript(TestCaseExecutor.java:448)
	at com.kms.katalon.core.main.TestCaseExecutor.doExecute(TestCaseExecutor.java:439)
	at com.kms.katalon.core.main.TestCaseExecutor.processExecutionPhase(TestCaseExecutor.java:418)
	at com.kms.katalon.core.main.TestCaseExecutor.accessMainPhase(TestCaseExecutor.java:410)
	at com.kms.katalon.core.main.TestCaseExecutor.execute(TestCaseExecutor.java:285)
	at com.kms.katalon.core.common.CommonExecutor.accessTestCaseMainPhase(CommonExecutor.java:65)
	at com.kms.katalon.core.main.TestSuiteExecutor.accessTestSuiteMainPhase(TestSuiteExecutor.java:150)
	at com.kms.katalon.core.main.TestSuiteExecutor.execute(TestSuiteExecutor.java:106)
	at com.kms.katalon.core.main.TestCaseMain.startTestSuite(TestCaseMain.java:180)
	at com.kms.katalon.core.main.TestCaseMain$startTestSuite$0.call(Unknown Source)
	at TempTestSuite1761090786896.run(TempTestSuite1761090786896.groovy:35)
	at java.base/jdk.internal.reflect.NativeMethodAccessorImpl.invoke0(Native Method)
	at java.base/jdk.internal.reflect.NativeMethodAccessorImpl.invoke(NativeMethodAccessorImpl.java:77)
	at java.base/jdk.internal.reflect.DelegatingMethodAccessorImpl.invoke(DelegatingMethodAccessorImpl.java:43)
Caused by: com.kms.katalon.core.exception.StepFailedException: Web element with id: 'Object Repository/FIM/Sites Page/Tank/Tank Message' located by '/html/body/div[2]/div/div/div/div/div' not found
	at com.kms.katalon.core.webui.keyword.internal.WebUIKeywordMain.stepFailed(WebUIKeywordMain.groovy:117)
	at com.kms.katalon.core.webui.keyword.builtin.VerifyElementVisibleKeyword$_verifyElementVisible_closure1.doCall(VerifyElementVisibleKeyword.groovy:89)
	at com.kms.katalon.core.webui.keyword.builtin.VerifyElementVisibleKeyword$_verifyElementVisible_closure1.call(VerifyElementVisibleKeyword.groovy)
	at com.kms.katalon.core.webui.keyword.internal.WebUIKeywordMain.runKeyword(WebUIKeywordMain.groovy:35)
	... 22 more


21-10-2025T21:10:12 - [TEST_STEP][PASSED] - Start listener action : beforeTestCase: null

21-10-2025T21:10:12 - [TEST_STEP][PASSED] - addDefaultPackages(): null

21-10-2025T21:10:12 - [TEST_STEP][PASSED] - callTestCase(findTestCase("Utility Scripts/FIM KGL Admin Login"), [:], STOP_ON_FAILURE): Call Test Case 'Test Cases/Utility Scripts/FIM KGL Admin Login' successfully

21-10-2025T21:10:12 - [TEST_CASE][PASSED] - Test Cases/Utility Scripts/FIM KGL Admin Login: Test Cases/Utility Scripts/FIM KGL Admin Login

21-10-2025T21:10:12 - [TEST_STEP][PASSED] - openBrowser(""): Browser is opened with url: ''

21-10-2025T21:10:12 - [MESSAGE][WARNING] - A browser is already opened. Closing browser and opening a new one

21-10-2025T21:10:12 - [MESSAGE][INFO] - Starting 'Chrome' driver

21-10-2025T21:10:12 - [MESSAGE][INFO] - User set preference: ['args', '[--no-sandbox, --disable-gpu, --disable-dev-shm-usage]']

21-10-2025T21:10:12 - [MESSAGE][INFO] - Action delay is set to 0 milliseconds

21-10-2025T21:10:13 - [MESSAGE][PASSED] - Browser is opened with url: ''

21-10-2025T21:10:13 - [TEST_STEP][PASSED] - delay(1): Delayed 1 second(s)

21-10-2025T21:10:14 - [MESSAGE][PASSED] - Delayed 1 second(s)

21-10-2025T21:10:14 - [TEST_STEP][PASSED] - navigateToUrl(KGLCustomGroupUrl): Navigate to 'https://kaglogistics-inventory-management-portal.qa.thekag.com/custom-group/' successfully

21-10-2025T21:10:14 - [MESSAGE][PASSED] - Navigate to 'https://kaglogistics-inventory-management-portal.qa.thekag.com/custom-group/' successfully

21-10-2025T21:10:14 - [TEST_STEP][PASSED] - delay(10): Delayed 10 second(s)

21-10-2025T21:10:24 - [MESSAGE][PASSED] - Delayed 10 second(s)

21-10-2025T21:10:25 - [TEST_STEP][PASSED] - if (maximizeWindow == true): Delayed 1 second(s)

21-10-2025T21:10:25 - [TEST_STEP][PASSED] - maximizeWindow(STOP_ON_FAILURE): Current window maximized

21-10-2025T21:10:25 - [MESSAGE][PASSED] - Current window maximized

21-10-2025T21:10:25 - [TEST_STEP][PASSED] - delay(1): Delayed 1 second(s)

21-10-2025T21:10:26 - [MESSAGE][PASSED] - Delayed 1 second(s)

21-10-2025T21:10:26 - [TEST_STEP][PASSED] - waitForElementPresent(findTestObject("FIM/Username_txt"), 10): Object 'Object Repository/FIM/Username_txt' is present

21-10-2025T21:10:26 - [MESSAGE][PASSED] - Object 'Object Repository/FIM/Username_txt' is present

21-10-2025T21:10:26 - [TEST_STEP][PASSED] - setText(findTestObject("FIM/Username_txt"), FIMUsername): Text 'Chris.Sheldon+DES_QA@Thekag.com' is set on object 'Object Repository/FIM/Username_txt'

21-10-2025T21:10:27 - [MESSAGE][PASSED] - Text 'Chris.Sheldon+DES_QA@Thekag.com' is set on object 'Object Repository/FIM/Username_txt'

21-10-2025T21:10:27 - [TEST_STEP][PASSED] - delay(1): Delayed 1 second(s)

21-10-2025T21:10:28 - [MESSAGE][PASSED] - Delayed 1 second(s)

21-10-2025T21:10:28 - [TEST_STEP][PASSED] - setText(findTestObject("FIM/Password_txt"), FIMPassword): Text 'QATest!2' is set on object 'Object Repository/FIM/Password_txt'

21-10-2025T21:10:28 - [MESSAGE][PASSED] - Text 'QATest!2' is set on object 'Object Repository/FIM/Password_txt'

21-10-2025T21:10:28 - [TEST_STEP][PASSED] - delay(1): Delayed 1 second(s)

21-10-2025T21:10:29 - [MESSAGE][PASSED] - Delayed 1 second(s)

21-10-2025T21:10:29 - [TEST_STEP][PASSED] - click(findTestObject("FIM/Login_btn")): Object: 'Object Repository/FIM/Login_btn' is clicked on

21-10-2025T21:10:29 - [MESSAGE][PASSED] - Object: 'Object Repository/FIM/Login_btn' is clicked on

21-10-2025T21:10:29 - [MESSAGE][PASSED] - Call Test Case 'Test Cases/Utility Scripts/FIM KGL Admin Login' successfully

21-10-2025T21:10:29 - [TEST_STEP][PASSED] - if (verifyElementVisible(findTestObject("FIM/Server_Notification_Close_btn"), OPTIONAL) == true): Web element with id: 'Object Repository/FIM/Server_Notification_Close_btn' located by '/html/body/div/div[1]/button' not found (Root cause: com.kms.katalon.core.exception.StepFailedException: Web element with id: 'Object Repository/FIM/Server_Notification_Close_btn' located by '/html/body/div/div[1]/button' not found
	at com.kms.katalon.core.webui.keyword.internal.WebUIKeywordMain.stepFailed(WebUIKeywordMain.groovy:117)
	at com.kms.katalon.core.webui.keyword.builtin.VerifyElementVisibleKeyword$_verifyElementVisible_closure1.doCall(VerifyElementVisibleKeyword.groovy:89)
	at com.kms.katalon.core.webui.keyword.builtin.VerifyElementVisibleKeyword$_verifyElementVisible_closure1.call(VerifyElementVisibleKeyword.groovy)
	at com.kms.katalon.core.webui.keyword.internal.WebUIKeywordMain.runKeyword(WebUIKeywordMain.groovy:35)
	at com.kms.katalon.core.webui.keyword.builtin.VerifyElementVisibleKeyword.verifyElementVisible(VerifyElementVisibleKeyword.groovy:97)
	at com.kms.katalon.core.webui.keyword.builtin.VerifyElementVisibleKeyword.execute(VerifyElementVisibleKeyword.groovy:67)
	at com.kms.katalon.core.keyword.internal.KeywordExecutor.executeKeywordForPlatform(KeywordExecutor.groovy:74)
	at com.kms.katalon.core.webui.keyword.WebUiBuiltInKeywords.verifyElementVisible(WebUiBuiltInKeywords.groovy:401)
	at com.kms.katalon.core.webui.keyword.WebUiBuiltInKeywords$verifyElementVisible$5.call(Unknown Source)
	at Adding New Tank Without Pump Stop.run(Adding New Tank Without Pump Stop:22)
	at com.kms.katalon.core.main.ScriptEngine.run(ScriptEngine.java:194)
	at com.kms.katalon.core.main.ScriptEngine.runScriptAsRawText(ScriptEngine.java:119)
	at com.kms.katalon.core.main.TestCaseExecutor.runScript(TestCaseExecutor.java:448)
	at com.kms.katalon.core.main.TestCaseExecutor.doExecute(TestCaseExecutor.java:439)
	at com.kms.katalon.core.main.TestCaseExecutor.processExecutionPhase(TestCaseExecutor.java:418)
	at com.kms.katalon.core.main.TestCaseExecutor.accessMainPhase(TestCaseExecutor.java:410)
	at com.kms.katalon.core.main.TestCaseExecutor.execute(TestCaseExecutor.java:285)
	at com.kms.katalon.core.common.CommonExecutor.accessTestCaseMainPhase(CommonExecutor.java:65)
	at com.kms.katalon.core.main.TestSuiteExecutor.accessTestSuiteMainPhase(TestSuiteExecutor.java:150)
	at com.kms.katalon.core.main.TestSuiteExecutor.execute(TestSuiteExecutor.java:106)
	at com.kms.katalon.core.main.TestCaseMain.startTestSuite(TestCaseMain.java:180)
	at com.kms.katalon.core.main.TestCaseMain$startTestSuite$0.call(Unknown Source)
	at TempTestSuite1761090786896.run(TempTestSuite1761090786896.groovy:35)
	at java.base/jdk.internal.reflect.NativeMethodAccessorImpl.invoke0(Native Method)
	at java.base/jdk.internal.reflect.NativeMethodAccessorImpl.invoke(NativeMethodAccessorImpl.java:77)
	at java.base/jdk.internal.reflect.DelegatingMethodAccessorImpl.invoke(DelegatingMethodAccessorImpl.java:43)
)

21-10-2025T21:10:45 - [MESSAGE][INFO] - Unable to find the element located by 'By.xpath: /html/body/div/div[1]/button'. Please recheck the objects properties to make sure the desired element is located. 

21-10-2025T21:10:45 - [MESSAGE][WARNING] - [SELF-HEALING] Failed to find element with id 'Object Repository/FIM/Server_Notification_Close_btn'. Try using Self-healing.

21-10-2025T21:10:46 - [MESSAGE][INFO] - [SELF-HEALING] No working XPath is found.

21-10-2025T21:10:48 - [MESSAGE][INFO] - Unable to find the element located by 'By.xpath: '. Please recheck the objects properties to make sure the desired element is located. 

21-10-2025T21:10:48 - [MESSAGE][WARNING] - [SELF-HEALING] Cannot find elements when the selector is null

21-10-2025T21:10:48 - [MESSAGE][WARNING] - Web element with id: 'Object Repository/FIM/Server_Notification_Close_btn' located by '/html/body/div/div[1]/button' not found (Root cause: com.kms.katalon.core.exception.StepFailedException: Web element with id: 'Object Repository/FIM/Server_Notification_Close_btn' located by '/html/body/div/div[1]/button' not found
	at com.kms.katalon.core.webui.keyword.internal.WebUIKeywordMain.stepFailed(WebUIKeywordMain.groovy:117)
	at com.kms.katalon.core.webui.keyword.builtin.VerifyElementVisibleKeyword$_verifyElementVisible_closure1.doCall(VerifyElementVisibleKeyword.groovy:89)
	at com.kms.katalon.core.webui.keyword.builtin.VerifyElementVisibleKeyword$_verifyElementVisible_closure1.call(VerifyElementVisibleKeyword.groovy)
	at com.kms.katalon.core.webui.keyword.internal.WebUIKeywordMain.runKeyword(WebUIKeywordMain.groovy:35)
	at com.kms.katalon.core.webui.keyword.builtin.VerifyElementVisibleKeyword.verifyElementVisible(VerifyElementVisibleKeyword.groovy:97)
	at com.kms.katalon.core.webui.keyword.builtin.VerifyElementVisibleKeyword.execute(VerifyElementVisibleKeyword.groovy:67)
	at com.kms.katalon.core.keyword.internal.KeywordExecutor.executeKeywordForPlatform(KeywordExecutor.groovy:74)
	at com.kms.katalon.core.webui.keyword.WebUiBuiltInKeywords.verifyElementVisible(WebUiBuiltInKeywords.groovy:401)
	at com.kms.katalon.core.webui.keyword.WebUiBuiltInKeywords$verifyElementVisible$5.call(Unknown Source)
	at Adding New Tank Without Pump Stop.run(Adding New Tank Without Pump Stop:22)
	at com.kms.katalon.core.main.ScriptEngine.run(ScriptEngine.java:194)
	at com.kms.katalon.core.main.ScriptEngine.runScriptAsRawText(ScriptEngine.java:119)
	at com.kms.katalon.core.main.TestCaseExecutor.runScript(TestCaseExecutor.java:448)
	at com.kms.katalon.core.main.TestCaseExecutor.doExecute(TestCaseExecutor.java:439)
	at com.kms.katalon.core.main.TestCaseExecutor.processExecutionPhase(TestCaseExecutor.java:418)
	at com.kms.katalon.core.main.TestCaseExecutor.accessMainPhase(TestCaseExecutor.java:410)
	at com.kms.katalon.core.main.TestCaseExecutor.execute(TestCaseExecutor.java:285)
	at com.kms.katalon.core.common.CommonExecutor.accessTestCaseMainPhase(CommonExecutor.java:65)
	at com.kms.katalon.core.main.TestSuiteExecutor.accessTestSuiteMainPhase(TestSuiteExecutor.java:150)
	at com.kms.katalon.core.main.TestSuiteExecutor.execute(TestSuiteExecutor.java:106)
	at com.kms.katalon.core.main.TestCaseMain.startTestSuite(TestCaseMain.java:180)
	at com.kms.katalon.core.main.TestCaseMain$startTestSuite$0.call(Unknown Source)
	at TempTestSuite1761090786896.run(TempTestSuite1761090786896.groovy:35)
	at java.base/jdk.internal.reflect.NativeMethodAccessorImpl.invoke0(Native Method)
	at java.base/jdk.internal.reflect.NativeMethodAccessorImpl.invoke(NativeMethodAccessorImpl.java:77)
	at java.base/jdk.internal.reflect.DelegatingMethodAccessorImpl.invoke(DelegatingMethodAccessorImpl.java:43)
)

21-10-2025T21:10:48 - [TEST_STEP][PASSED] - click(findTestObject("FIM/Hamburger Menu List/Hamburger_menu")): Object: 'Object Repository/FIM/Hamburger Menu List/Hamburger_menu' is clicked on

21-10-2025T21:10:48 - [MESSAGE][PASSED] - Object: 'Object Repository/FIM/Hamburger Menu List/Hamburger_menu' is clicked on

21-10-2025T21:10:48 - [TEST_STEP][PASSED] - delay(2): Delayed 2 second(s)

21-10-2025T21:10:50 - [MESSAGE][PASSED] - Delayed 2 second(s)

21-10-2025T21:10:50 - [TEST_STEP][PASSED] - click(findTestObject("FIM/Hamburger Menu List/KGL_Sites_option")): Object: 'Object Repository/FIM/Hamburger Menu List/KGL_Sites_option' is clicked on

21-10-2025T21:10:51 - [MESSAGE][PASSED] - Object: 'Object Repository/FIM/Hamburger Menu List/KGL_Sites_option' is clicked on

21-10-2025T21:10:51 - [TEST_STEP][PASSED] - if (verifyElementVisible(findTestObject("FIM/Existing Page with Pending Changes Close_btn"), OPTIONAL) == true): Web element with id: 'Object Repository/FIM/Existing Page with Pending Changes Close_btn' located by '/html/body/div[2]/div[1]/div/div/footer/div/button' not found (Root cause: com.kms.katalon.core.exception.StepFailedException: Web element with id: 'Object Repository/FIM/Existing Page with Pending Changes Close_btn' located by '/html/body/div[2]/div[1]/div/div/footer/div/button' not found
	at com.kms.katalon.core.webui.keyword.internal.WebUIKeywordMain.stepFailed(WebUIKeywordMain.groovy:117)
	at com.kms.katalon.core.webui.keyword.builtin.VerifyElementVisibleKeyword$_verifyElementVisible_closure1.doCall(VerifyElementVisibleKeyword.groovy:89)
	at com.kms.katalon.core.webui.keyword.builtin.VerifyElementVisibleKeyword$_verifyElementVisible_closure1.call(VerifyElementVisibleKeyword.groovy)
	at com.kms.katalon.core.webui.keyword.internal.WebUIKeywordMain.runKeyword(WebUIKeywordMain.groovy:35)
	at com.kms.katalon.core.webui.keyword.builtin.VerifyElementVisibleKeyword.verifyElementVisible(VerifyElementVisibleKeyword.groovy:97)
	at com.kms.katalon.core.webui.keyword.builtin.VerifyElementVisibleKeyword.execute(VerifyElementVisibleKeyword.groovy:67)
	at com.kms.katalon.core.keyword.internal.KeywordExecutor.executeKeywordForPlatform(KeywordExecutor.groovy:74)
	at com.kms.katalon.core.webui.keyword.WebUiBuiltInKeywords.verifyElementVisible(WebUiBuiltInKeywords.groovy:401)
	at com.kms.katalon.core.webui.keyword.WebUiBuiltInKeywords$verifyElementVisible$5.call(Unknown Source)
	at Adding New Tank Without Pump Stop.run(Adding New Tank Without Pump Stop:33)
	at com.kms.katalon.core.main.ScriptEngine.run(ScriptEngine.java:194)
	at com.kms.katalon.core.main.ScriptEngine.runScriptAsRawText(ScriptEngine.java:119)
	at com.kms.katalon.core.main.TestCaseExecutor.runScript(TestCaseExecutor.java:448)
	at com.kms.katalon.core.main.TestCaseExecutor.doExecute(TestCaseExecutor.java:439)
	at com.kms.katalon.core.main.TestCaseExecutor.processExecutionPhase(TestCaseExecutor.java:418)
	at com.kms.katalon.core.main.TestCaseExecutor.accessMainPhase(TestCaseExecutor.java:410)
	at com.kms.katalon.core.main.TestCaseExecutor.execute(TestCaseExecutor.java:285)
	at com.kms.katalon.core.common.CommonExecutor.accessTestCaseMainPhase(CommonExecutor.java:65)
	at com.kms.katalon.core.main.TestSuiteExecutor.accessTestSuiteMainPhase(TestSuiteExecutor.java:150)
	at com.kms.katalon.core.main.TestSuiteExecutor.execute(TestSuiteExecutor.java:106)
	at com.kms.katalon.core.main.TestCaseMain.startTestSuite(TestCaseMain.java:180)
	at com.kms.katalon.core.main.TestCaseMain$startTestSuite$0.call(Unknown Source)
	at TempTestSuite1761090786896.run(TempTestSuite1761090786896.groovy:35)
	at java.base/jdk.internal.reflect.NativeMethodAccessorImpl.invoke0(Native Method)
	at java.base/jdk.internal.reflect.NativeMethodAccessorImpl.invoke(NativeMethodAccessorImpl.java:77)
	at java.base/jdk.internal.reflect.DelegatingMethodAccessorImpl.invoke(DelegatingMethodAccessorImpl.java:43)
)

21-10-2025T21:11:07 - [MESSAGE][INFO] - Unable to find the element located by 'By.xpath: /html/body/div[2]/div[1]/div/div/footer/div/button'. Please recheck the objects properties to make sure the desired element is located. 

21-10-2025T21:11:07 - [MESSAGE][WARNING] - [SELF-HEALING] Failed to find element with id 'Object Repository/FIM/Existing Page with Pending Changes Close_btn'. Try using Self-healing.

21-10-2025T21:11:08 - [MESSAGE][INFO] - [SELF-HEALING] No working XPath is found.

21-10-2025T21:11:10 - [MESSAGE][INFO] - Unable to find the element located by 'By.xpath: '. Please recheck the objects properties to make sure the desired element is located. 

21-10-2025T21:11:10 - [MESSAGE][WARNING] - [SELF-HEALING] Cannot find elements when the selector is null

21-10-2025T21:11:10 - [MESSAGE][WARNING] - Web element with id: 'Object Repository/FIM/Existing Page with Pending Changes Close_btn' located by '/html/body/div[2]/div[1]/div/div/footer/div/button' not found (Root cause: com.kms.katalon.core.exception.StepFailedException: Web element with id: 'Object Repository/FIM/Existing Page with Pending Changes Close_btn' located by '/html/body/div[2]/div[1]/div/div/footer/div/button' not found
	at com.kms.katalon.core.webui.keyword.internal.WebUIKeywordMain.stepFailed(WebUIKeywordMain.groovy:117)
	at com.kms.katalon.core.webui.keyword.builtin.VerifyElementVisibleKeyword$_verifyElementVisible_closure1.doCall(VerifyElementVisibleKeyword.groovy:89)
	at com.kms.katalon.core.webui.keyword.builtin.VerifyElementVisibleKeyword$_verifyElementVisible_closure1.call(VerifyElementVisibleKeyword.groovy)
	at com.kms.katalon.core.webui.keyword.internal.WebUIKeywordMain.runKeyword(WebUIKeywordMain.groovy:35)
	at com.kms.katalon.core.webui.keyword.builtin.VerifyElementVisibleKeyword.verifyElementVisible(VerifyElementVisibleKeyword.groovy:97)
	at com.kms.katalon.core.webui.keyword.builtin.VerifyElementVisibleKeyword.execute(VerifyElementVisibleKeyword.groovy:67)
	at com.kms.katalon.core.keyword.internal.KeywordExecutor.executeKeywordForPlatform(KeywordExecutor.groovy:74)
	at com.kms.katalon.core.webui.keyword.WebUiBuiltInKeywords.verifyElementVisible(WebUiBuiltInKeywords.groovy:401)
	at com.kms.katalon.core.webui.keyword.WebUiBuiltInKeywords$verifyElementVisible$5.call(Unknown Source)
	at Adding New Tank Without Pump Stop.run(Adding New Tank Without Pump Stop:33)
	at com.kms.katalon.core.main.ScriptEngine.run(ScriptEngine.java:194)
	at com.kms.katalon.core.main.ScriptEngine.runScriptAsRawText(ScriptEngine.java:119)
	at com.kms.katalon.core.main.TestCaseExecutor.runScript(TestCaseExecutor.java:448)
	at com.kms.katalon.core.main.TestCaseExecutor.doExecute(TestCaseExecutor.java:439)
	at com.kms.katalon.core.main.TestCaseExecutor.processExecutionPhase(TestCaseExecutor.java:418)
	at com.kms.katalon.core.main.TestCaseExecutor.accessMainPhase(TestCaseExecutor.java:410)
	at com.kms.katalon.core.main.TestCaseExecutor.execute(TestCaseExecutor.java:285)
	at com.kms.katalon.core.common.CommonExecutor.accessTestCaseMainPhase(CommonExecutor.java:65)
	at com.kms.katalon.core.main.TestSuiteExecutor.accessTestSuiteMainPhase(TestSuiteExecutor.java:150)
	at com.kms.katalon.core.main.TestSuiteExecutor.execute(TestSuiteExecutor.java:106)
	at com.kms.katalon.core.main.TestCaseMain.startTestSuite(TestCaseMain.java:180)
	at com.kms.katalon.core.main.TestCaseMain$startTestSuite$0.call(Unknown Source)
	at TempTestSuite1761090786896.run(TempTestSuite1761090786896.groovy:35)
	at java.base/jdk.internal.reflect.NativeMethodAccessorImpl.invoke0(Native Method)
	at java.base/jdk.internal.reflect.NativeMethodAccessorImpl.invoke(NativeMethodAccessorImpl.java:77)
	at java.base/jdk.internal.reflect.DelegatingMethodAccessorImpl.invoke(DelegatingMethodAccessorImpl.java:43)
)

21-10-2025T21:11:10 - [TEST_STEP][PASSED] - delay(1): Delayed 1 second(s)

21-10-2025T21:11:11 - [MESSAGE][PASSED] - Delayed 1 second(s)

21-10-2025T21:11:11 - [TEST_STEP][PASSED] - waitForElementClickable(findTestObject("FIM/Sites Page/Site Filtering/Site_txt"), 15): Object 'Object Repository/FIM/Sites Page/Site Filtering/Site_txt' is clickable

21-10-2025T21:11:11 - [MESSAGE][PASSED] - Object 'Object Repository/FIM/Sites Page/Site Filtering/Site_txt' is clickable

21-10-2025T21:11:11 - [TEST_STEP][PASSED] - delay(1): Delayed 1 second(s)

21-10-2025T21:11:12 - [MESSAGE][PASSED] - Delayed 1 second(s)

21-10-2025T21:11:12 - [TEST_STEP][PASSED] - verifyElementVisible(findTestObject("FIM/Sites Page/Tank/New Tank_btn")): Object 'Object Repository/FIM/Sites Page/Tank/New Tank_btn' is visible

21-10-2025T21:11:12 - [MESSAGE][PASSED] - Object 'Object Repository/FIM/Sites Page/Tank/New Tank_btn' is visible

21-10-2025T21:11:12 - [TEST_STEP][PASSED] - click(findTestObject("FIM/Sites Page/Tank/New Tank_btn")): Object: 'Object Repository/FIM/Sites Page/Tank/New Tank_btn' is clicked on

21-10-2025T21:11:12 - [MESSAGE][PASSED] - Object: 'Object Repository/FIM/Sites Page/Tank/New Tank_btn' is clicked on

21-10-2025T21:11:12 - [TEST_STEP][PASSED] - delay(2): Delayed 2 second(s)

21-10-2025T21:11:14 - [MESSAGE][PASSED] - Delayed 2 second(s)

21-10-2025T21:11:14 - [TEST_STEP][PASSED] - sendKeys(findTestObject("FIM/Sites Page/Tank/Tank Number_txt"), "2"): Keys '2' sent to object: 'Object Repository/FIM/Sites Page/Tank/Tank Number_txt'

21-10-2025T21:11:14 - [MESSAGE][PASSED] - Keys '2' sent to object: 'Object Repository/FIM/Sites Page/Tank/Tank Number_txt'

21-10-2025T21:11:14 - [TEST_STEP][PASSED] - delay(1): Delayed 1 second(s)

21-10-2025T21:11:15 - [MESSAGE][PASSED] - Delayed 1 second(s)

21-10-2025T21:11:15 - [TEST_STEP][PASSED] - selectOptionByLabel(findTestObject("FIM/Sites Page/Tank/Commodity_dropdown"), "PREMIUM", false): All options with label 'PREMIUM' are selected in object 'Object Repository/FIM/Sites Page/Tank/Commodity_dropdown' 

21-10-2025T21:11:15 - [MESSAGE][PASSED] - All options with label 'PREMIUM' are selected in object 'Object Repository/FIM/Sites Page/Tank/Commodity_dropdown' 

21-10-2025T21:11:15 - [TEST_STEP][PASSED] - delay(1): Delayed 1 second(s)

21-10-2025T21:11:16 - [MESSAGE][PASSED] - Delayed 1 second(s)

21-10-2025T21:11:16 - [TEST_STEP][PASSED] - selectOptionByLabel(findTestObject("FIM/Sites Page/Tank/Commodity Code_dropdown"), "G9200000", false): All options with label 'G9200000' are selected in object 'Object Repository/FIM/Sites Page/Tank/Commodity Code_dropdown' 

21-10-2025T21:11:16 - [MESSAGE][PASSED] - All options with label 'G9200000' are selected in object 'Object Repository/FIM/Sites Page/Tank/Commodity Code_dropdown' 

21-10-2025T21:11:16 - [TEST_STEP][PASSED] - delay(1): Delayed 1 second(s)

21-10-2025T21:11:17 - [MESSAGE][PASSED] - Delayed 1 second(s)

21-10-2025T21:11:17 - [TEST_STEP][PASSED] - sendKeys(findTestObject("FIM/Sites Page/Tank/Safe Fill Quantity_txt"), "9540"): Keys '9540' sent to object: 'Object Repository/FIM/Sites Page/Tank/Safe Fill Quantity_txt'

21-10-2025T21:11:17 - [MESSAGE][PASSED] - Keys '9540' sent to object: 'Object Repository/FIM/Sites Page/Tank/Safe Fill Quantity_txt'

21-10-2025T21:11:17 - [TEST_STEP][PASSED] - delay(1): Delayed 1 second(s)

21-10-2025T21:11:18 - [MESSAGE][PASSED] - Delayed 1 second(s)

21-10-2025T21:11:18 - [TEST_STEP][PASSED] - sendKeys(findTestObject("FIM/Sites Page/Tank/Tank Size_txt"), "13000"): Keys '13000' sent to object: 'Object Repository/FIM/Sites Page/Tank/Tank Size_txt'

21-10-2025T21:11:18 - [MESSAGE][PASSED] - Keys '13000' sent to object: 'Object Repository/FIM/Sites Page/Tank/Tank Size_txt'

21-10-2025T21:11:18 - [TEST_STEP][PASSED] - delay(1): Delayed 1 second(s)

21-10-2025T21:11:19 - [MESSAGE][PASSED] - Delayed 1 second(s)

21-10-2025T21:11:19 - [TEST_STEP][PASSED] - sendKeys(findTestObject("FIM/Sites Page/Tank/Threshold_txt"), "1200"): Keys '1200' sent to object: 'Object Repository/FIM/Sites Page/Tank/Threshold_txt'

21-10-2025T21:11:19 - [MESSAGE][PASSED] - Keys '1200' sent to object: 'Object Repository/FIM/Sites Page/Tank/Threshold_txt'

21-10-2025T21:11:19 - [TEST_STEP][PASSED] - delay(1): Delayed 1 second(s)

21-10-2025T21:11:20 - [MESSAGE][PASSED] - Delayed 1 second(s)

21-10-2025T21:11:20 - [TEST_STEP][PASSED] - click(findTestObject("FIM/Sites Page/Tank/Tank Save_btn"), STOP_ON_FAILURE): Object: 'Object Repository/FIM/Sites Page/Tank/Tank Save_btn' is clicked on

21-10-2025T21:11:20 - [MESSAGE][PASSED] - Object: 'Object Repository/FIM/Sites Page/Tank/Tank Save_btn' is clicked on

21-10-2025T21:11:20 - [TEST_STEP][PASSED] - delay(1): Delayed 1 second(s)

21-10-2025T21:11:21 - [MESSAGE][PASSED] - Delayed 1 second(s)

21-10-2025T21:11:21 - [TEST_STEP][FAILED] - verifyElementVisible(findTestObject("FIM/Sites Page/Tank/Tank Message"), STOP_ON_FAILURE): Unable to verify object 'Object Repository/FIM/Sites Page/Tank/Tank Message' is visible (Root cause: com.kms.katalon.core.exception.StepFailedException: Unable to verify object 'Object Repository/FIM/Sites Page/Tank/Tank Message' is visible
	at com.kms.katalon.core.webui.keyword.internal.WebUIKeywordMain.stepFailed(WebUIKeywordMain.groovy:117)
	at com.kms.katalon.core.webui.keyword.internal.WebUIKeywordMain.runKeyword(WebUIKeywordMain.groovy:43)
	at com.kms.katalon.core.webui.keyword.builtin.VerifyElementVisibleKeyword.verifyElementVisible(VerifyElementVisibleKeyword.groovy:97)
	at com.kms.katalon.core.webui.keyword.builtin.VerifyElementVisibleKeyword.execute(VerifyElementVisibleKeyword.groovy:67)
	at com.kms.katalon.core.keyword.internal.KeywordExecutor.executeKeywordForPlatform(KeywordExecutor.groovy:74)
	at com.kms.katalon.core.webui.keyword.WebUiBuiltInKeywords.verifyElementVisible(WebUiBuiltInKeywords.groovy:401)
	at com.kms.katalon.core.webui.keyword.WebUiBuiltInKeywords$verifyElementVisible$5.call(Unknown Source)
	at Adding New Tank Without Pump Stop.run(Adding New Tank Without Pump Stop:81)
	at com.kms.katalon.core.main.ScriptEngine.run(ScriptEngine.java:194)
	at com.kms.katalon.core.main.ScriptEngine.runScriptAsRawText(ScriptEngine.java:119)
	at com.kms.katalon.core.main.TestCaseExecutor.runScript(TestCaseExecutor.java:448)
	at com.kms.katalon.core.main.TestCaseExecutor.doExecute(TestCaseExecutor.java:439)
	at com.kms.katalon.core.main.TestCaseExecutor.processExecutionPhase(TestCaseExecutor.java:418)
	at com.kms.katalon.core.main.TestCaseExecutor.accessMainPhase(TestCaseExecutor.java:410)
	at com.kms.katalon.core.main.TestCaseExecutor.execute(TestCaseExecutor.java:285)
	at com.kms.katalon.core.common.CommonExecutor.accessTestCaseMainPhase(CommonExecutor.java:65)
	at com.kms.katalon.core.main.TestSuiteExecutor.accessTestSuiteMainPhase(TestSuiteExecutor.java:150)
	at com.kms.katalon.core.main.TestSuiteExecutor.execute(TestSuiteExecutor.java:106)
	at com.kms.katalon.core.main.TestCaseMain.startTestSuite(TestCaseMain.java:180)
	at com.kms.katalon.core.main.TestCaseMain$startTestSuite$0.call(Unknown Source)
	at TempTestSuite1761090786896.run(TempTestSuite1761090786896.groovy:35)
	at java.base/jdk.internal.reflect.NativeMethodAccessorImpl.invoke0(Native Method)
	at java.base/jdk.internal.reflect.NativeMethodAccessorImpl.invoke(NativeMethodAccessorImpl.java:77)
	at java.base/jdk.internal.reflect.DelegatingMethodAccessorImpl.invoke(DelegatingMethodAccessorImpl.java:43)
Caused by: com.kms.katalon.core.exception.StepFailedException: Web element with id: 'Object Repository/FIM/Sites Page/Tank/Tank Message' located by '/html/body/div[2]/div/div/div/div/div' not found
	at com.kms.katalon.core.webui.keyword.internal.WebUIKeywordMain.stepFailed(WebUIKeywordMain.groovy:117)
	at com.kms.katalon.core.webui.keyword.builtin.VerifyElementVisibleKeyword$_verifyElementVisible_closure1.doCall(VerifyElementVisibleKeyword.groovy:89)
	at com.kms.katalon.core.webui.keyword.builtin.VerifyElementVisibleKeyword$_verifyElementVisible_closure1.call(VerifyElementVisibleKeyword.groovy)
	at com.kms.katalon.core.webui.keyword.internal.WebUIKeywordMain.runKeyword(WebUIKeywordMain.groovy:35)
	... 22 more
)

21-10-2025T21:11:37 - [MESSAGE][INFO] - Unable to find the element located by 'By.xpath: /html/body/div[2]/div/div/div/div/div'. Please recheck the objects properties to make sure the desired element is located. 

21-10-2025T21:11:37 - [MESSAGE][WARNING] - [SELF-HEALING] Failed to find element with id 'Object Repository/FIM/Sites Page/Tank/Tank Message'. Try using Self-healing.

21-10-2025T21:11:38 - [MESSAGE][INFO] - [SELF-HEALING] No working XPath is found.

21-10-2025T21:11:40 - [MESSAGE][INFO] - Unable to find the element located by 'By.xpath: '. Please recheck the objects properties to make sure the desired element is located. 

21-10-2025T21:11:40 - [MESSAGE][WARNING] - [SELF-HEALING] Cannot find elements when the selector is null

21-10-2025T21:11:40 - [MESSAGE][FAILED] - Web element with id: 'Object Repository/FIM/Sites Page/Tank/Tank Message' located by '/html/body/div[2]/div/div/div/div/div' not found (Root cause: com.kms.katalon.core.exception.StepFailedException: Web element with id: 'Object Repository/FIM/Sites Page/Tank/Tank Message' located by '/html/body/div[2]/div/div/div/div/div' not found
	at com.kms.katalon.core.webui.keyword.internal.WebUIKeywordMain.stepFailed(WebUIKeywordMain.groovy:117)
	at com.kms.katalon.core.webui.keyword.builtin.VerifyElementVisibleKeyword$_verifyElementVisible_closure1.doCall(VerifyElementVisibleKeyword.groovy:89)
	at com.kms.katalon.core.webui.keyword.builtin.VerifyElementVisibleKeyword$_verifyElementVisible_closure1.call(VerifyElementVisibleKeyword.groovy)
	at com.kms.katalon.core.webui.keyword.internal.WebUIKeywordMain.runKeyword(WebUIKeywordMain.groovy:35)
	at com.kms.katalon.core.webui.keyword.builtin.VerifyElementVisibleKeyword.verifyElementVisible(VerifyElementVisibleKeyword.groovy:97)
	at com.kms.katalon.core.webui.keyword.builtin.VerifyElementVisibleKeyword.execute(VerifyElementVisibleKeyword.groovy:67)
	at com.kms.katalon.core.keyword.internal.KeywordExecutor.executeKeywordForPlatform(KeywordExecutor.groovy:74)
	at com.kms.katalon.core.webui.keyword.WebUiBuiltInKeywords.verifyElementVisible(WebUiBuiltInKeywords.groovy:401)
	at com.kms.katalon.core.webui.keyword.WebUiBuiltInKeywords$verifyElementVisible$5.call(Unknown Source)
	at Adding New Tank Without Pump Stop.run(Adding New Tank Without Pump Stop:81)
	at com.kms.katalon.core.main.ScriptEngine.run(ScriptEngine.java:194)
	at com.kms.katalon.core.main.ScriptEngine.runScriptAsRawText(ScriptEngine.java:119)
	at com.kms.katalon.core.main.TestCaseExecutor.runScript(TestCaseExecutor.java:448)
	at com.kms.katalon.core.main.TestCaseExecutor.doExecute(TestCaseExecutor.java:439)
	at com.kms.katalon.core.main.TestCaseExecutor.processExecutionPhase(TestCaseExecutor.java:418)
	at com.kms.katalon.core.main.TestCaseExecutor.accessMainPhase(TestCaseExecutor.java:410)
	at com.kms.katalon.core.main.TestCaseExecutor.execute(TestCaseExecutor.java:285)
	at com.kms.katalon.core.common.CommonExecutor.accessTestCaseMainPhase(CommonExecutor.java:65)
	at com.kms.katalon.core.main.TestSuiteExecutor.accessTestSuiteMainPhase(TestSuiteExecutor.java:150)
	at com.kms.katalon.core.main.TestSuiteExecutor.execute(TestSuiteExecutor.java:106)
	at com.kms.katalon.core.main.TestCaseMain.startTestSuite(TestCaseMain.java:180)
	at com.kms.katalon.core.main.TestCaseMain$startTestSuite$0.call(Unknown Source)
	at TempTestSuite1761090786896.run(TempTestSuite1761090786896.groovy:35)
	at java.base/jdk.internal.reflect.NativeMethodAccessorImpl.invoke0(Native Method)
	at java.base/jdk.internal.reflect.NativeMethodAccessorImpl.invoke(NativeMethodAccessorImpl.java:77)
	at java.base/jdk.internal.reflect.DelegatingMethodAccessorImpl.invoke(DelegatingMethodAccessorImpl.java:43)
)

21-10-2025T21:11:40 - [MESSAGE][FAILED] - Unable to verify object 'Object Repository/FIM/Sites Page/Tank/Tank Message' is visible (Root cause: com.kms.katalon.core.exception.StepFailedException: Unable to verify object 'Object Repository/FIM/Sites Page/Tank/Tank Message' is visible
	at com.kms.katalon.core.webui.keyword.internal.WebUIKeywordMain.stepFailed(WebUIKeywordMain.groovy:117)
	at com.kms.katalon.core.webui.keyword.internal.WebUIKeywordMain.runKeyword(WebUIKeywordMain.groovy:43)
	at com.kms.katalon.core.webui.keyword.builtin.VerifyElementVisibleKeyword.verifyElementVisible(VerifyElementVisibleKeyword.groovy:97)
	at com.kms.katalon.core.webui.keyword.builtin.VerifyElementVisibleKeyword.execute(VerifyElementVisibleKeyword.groovy:67)
	at com.kms.katalon.core.keyword.internal.KeywordExecutor.executeKeywordForPlatform(KeywordExecutor.groovy:74)
	at com.kms.katalon.core.webui.keyword.WebUiBuiltInKeywords.verifyElementVisible(WebUiBuiltInKeywords.groovy:401)
	at com.kms.katalon.core.webui.keyword.WebUiBuiltInKeywords$verifyElementVisible$5.call(Unknown Source)
	at Adding New Tank Without Pump Stop.run(Adding New Tank Without Pump Stop:81)
	at com.kms.katalon.core.main.ScriptEngine.run(ScriptEngine.java:194)
	at com.kms.katalon.core.main.ScriptEngine.runScriptAsRawText(ScriptEngine.java:119)
	at com.kms.katalon.core.main.TestCaseExecutor.runScript(TestCaseExecutor.java:448)
	at com.kms.katalon.core.main.TestCaseExecutor.doExecute(TestCaseExecutor.java:439)
	at com.kms.katalon.core.main.TestCaseExecutor.processExecutionPhase(TestCaseExecutor.java:418)
	at com.kms.katalon.core.main.TestCaseExecutor.accessMainPhase(TestCaseExecutor.java:410)
	at com.kms.katalon.core.main.TestCaseExecutor.execute(TestCaseExecutor.java:285)
	at com.kms.katalon.core.common.CommonExecutor.accessTestCaseMainPhase(CommonExecutor.java:65)
	at com.kms.katalon.core.main.TestSuiteExecutor.accessTestSuiteMainPhase(TestSuiteExecutor.java:150)
	at com.kms.katalon.core.main.TestSuiteExecutor.execute(TestSuiteExecutor.java:106)
	at com.kms.katalon.core.main.TestCaseMain.startTestSuite(TestCaseMain.java:180)
	at com.kms.katalon.core.main.TestCaseMain$startTestSuite$0.call(Unknown Source)
	at TempTestSuite1761090786896.run(TempTestSuite1761090786896.groovy:35)
	at java.base/jdk.internal.reflect.NativeMethodAccessorImpl.invoke0(Native Method)
	at java.base/jdk.internal.reflect.NativeMethodAccessorImpl.invoke(NativeMethodAccessorImpl.java:77)
	at java.base/jdk.internal.reflect.DelegatingMethodAccessorImpl.invoke(DelegatingMethodAccessorImpl.java:43)
Caused by: com.kms.katalon.core.exception.StepFailedException: Web element with id: 'Object Repository/FIM/Sites Page/Tank/Tank Message' located by '/html/body/div[2]/div/div/div/div/div' not found
	at com.kms.katalon.core.webui.keyword.internal.WebUIKeywordMain.stepFailed(WebUIKeywordMain.groovy:117)
	at com.kms.katalon.core.webui.keyword.builtin.VerifyElementVisibleKeyword$_verifyElementVisible_closure1.doCall(VerifyElementVisibleKeyword.groovy:89)
	at com.kms.katalon.core.webui.keyword.builtin.VerifyElementVisibleKeyword$_verifyElementVisible_closure1.call(VerifyElementVisibleKeyword.groovy)
	at com.kms.katalon.core.webui.keyword.internal.WebUIKeywordMain.runKeyword(WebUIKeywordMain.groovy:35)
	... 22 more
)

21-10-2025T21:11:40 - [TEST_STEP][PASSED] - Start listener action : retryOnDisconnect: Current window's url is: 'https://kaglogistics-inventory-management-portal.qa.thekag.com/site/MM613'

21-10-2025T21:11:40 - [TEST_STEP][PASSED] - tcId = testCaseContext.getTestCaseId(): null

21-10-2025T21:11:40 - [TEST_STEP][PASSED] - currentRetry = retryCounts.getOrDefault(tcId, 0): null

21-10-2025T21:11:40 - [TEST_STEP][PASSED] - if (testCaseContext.getTestCaseStatus() == "FAILED" && currentRetry < MAX_RETRIES): Current window's url is: 'https://kaglogistics-inventory-management-portal.qa.thekag.com/site/MM613'

21-10-2025T21:11:40 - [TEST_STEP][PASSED] - try: Current window's url is: 'https://kaglogistics-inventory-management-portal.qa.thekag.com/site/MM613'

21-10-2025T21:11:40 - [TEST_STEP][PASSED] - comment(Checking for WebDriver disconnect for test case: $tcId): Checking for WebDriver disconnect for test case: Test Cases/FIM/UI/KGL/Admin/Sites Page/Tank/Adding New Tank Without Pump Stop

21-10-2025T21:11:40 - [MESSAGE][INFO] - Checking for WebDriver disconnect for test case: Test Cases/FIM/UI/KGL/Admin/Sites Page/Tank/Adding New Tank Without Pump Stop

21-10-2025T21:11:40 - [TEST_STEP][PASSED] - getUrl(): Current window's url is: 'https://kaglogistics-inventory-management-portal.qa.thekag.com/site/MM613'

21-10-2025T21:11:40 - [MESSAGE][PASSED] - Current window's url is: 'https://kaglogistics-inventory-management-portal.qa.thekag.com/site/MM613']]></system-out>
         <system-err><![CDATA[21-10-2025T21:10:12 - [TEST_CASE][FAILED] - Test Cases/FIM/UI/KGL/Admin/Sites Page/Tank/Adding New Tank Without Pump Stop: Test Cases/FIM/UI/KGL/Admin/Sites Page/Tank/Adding New Tank Without Pump Stop FAILED.
Reason:
com.kms.katalon.core.exception.StepFailedException: Unable to verify object 'Object Repository/FIM/Sites Page/Tank/Tank Message' is visible
	at com.kms.katalon.core.webui.keyword.internal.WebUIKeywordMain.stepFailed(WebUIKeywordMain.groovy:117)
	at com.kms.katalon.core.webui.keyword.internal.WebUIKeywordMain.runKeyword(WebUIKeywordMain.groovy:43)
	at com.kms.katalon.core.webui.keyword.builtin.VerifyElementVisibleKeyword.verifyElementVisible(VerifyElementVisibleKeyword.groovy:97)
	at com.kms.katalon.core.webui.keyword.builtin.VerifyElementVisibleKeyword.execute(VerifyElementVisibleKeyword.groovy:67)
	at com.kms.katalon.core.keyword.internal.KeywordExecutor.executeKeywordForPlatform(KeywordExecutor.groovy:74)
	at com.kms.katalon.core.webui.keyword.WebUiBuiltInKeywords.verifyElementVisible(WebUiBuiltInKeywords.groovy:401)
	at com.kms.katalon.core.webui.keyword.WebUiBuiltInKeywords$verifyElementVisible$5.call(Unknown Source)
	at Adding New Tank Without Pump Stop.run(Adding New Tank Without Pump Stop:81)
	at com.kms.katalon.core.main.ScriptEngine.run(ScriptEngine.java:194)
	at com.kms.katalon.core.main.ScriptEngine.runScriptAsRawText(ScriptEngine.java:119)
	at com.kms.katalon.core.main.TestCaseExecutor.runScript(TestCaseExecutor.java:448)
	at com.kms.katalon.core.main.TestCaseExecutor.doExecute(TestCaseExecutor.java:439)
	at com.kms.katalon.core.main.TestCaseExecutor.processExecutionPhase(TestCaseExecutor.java:418)
	at com.kms.katalon.core.main.TestCaseExecutor.accessMainPhase(TestCaseExecutor.java:410)
	at com.kms.katalon.core.main.TestCaseExecutor.execute(TestCaseExecutor.java:285)
	at com.kms.katalon.core.common.CommonExecutor.accessTestCaseMainPhase(CommonExecutor.java:65)
	at com.kms.katalon.core.main.TestSuiteExecutor.accessTestSuiteMainPhase(TestSuiteExecutor.java:150)
	at com.kms.katalon.core.main.TestSuiteExecutor.execute(TestSuiteExecutor.java:106)
	at com.kms.katalon.core.main.TestCaseMain.startTestSuite(TestCaseMain.java:180)
	at com.kms.katalon.core.main.TestCaseMain$startTestSuite$0.call(Unknown Source)
	at TempTestSuite1761090786896.run(TempTestSuite1761090786896.groovy:35)
	at java.base/jdk.internal.reflect.NativeMethodAccessorImpl.invoke0(Native Method)
	at java.base/jdk.internal.reflect.NativeMethodAccessorImpl.invoke(NativeMethodAccessorImpl.java:77)
	at java.base/jdk.internal.reflect.DelegatingMethodAccessorImpl.invoke(DelegatingMethodAccessorImpl.java:43)
Caused by: com.kms.katalon.core.exception.StepFailedException: Web element with id: 'Object Repository/FIM/Sites Page/Tank/Tank Message' located by '/html/body/div[2]/div/div/div/div/div' not found
	at com.kms.katalon.core.webui.keyword.internal.WebUIKeywordMain.stepFailed(WebUIKeywordMain.groovy:117)
	at com.kms.katalon.core.webui.keyword.builtin.VerifyElementVisibleKeyword$_verifyElementVisible_closure1.doCall(VerifyElementVisibleKeyword.groovy:89)
	at com.kms.katalon.core.webui.keyword.builtin.VerifyElementVisibleKeyword$_verifyElementVisible_closure1.call(VerifyElementVisibleKeyword.groovy)
	at com.kms.katalon.core.webui.keyword.internal.WebUIKeywordMain.runKeyword(WebUIKeywordMain.groovy:35)
	... 22 more]]></system-err>
      </testcase>
      <testcase name="Test Cases/FIM/UI/KGL/Admin/Sites Page/Tank/Adding New Tank Without Threshold" time="87.178" classname="Test Cases/FIM/UI/KGL/Admin/Sites Page/Tank/Adding New Tank Without Threshold" status="FAILED">
         <failure type="FAILED" message="Test Cases/FIM/UI/KGL/Admin/Sites Page/Tank/Adding New Tank Without Threshold FAILED.&#xa;Reason:&#xa;com.kms.katalon.core.exception.StepFailedException: Unable to verify object 'Object Repository/FIM/Sites Page/Tank/Tank Message' is visible&#xa;	at com.kms.katalon.core.webui.keyword.internal.WebUIKeywordMain.stepFailed(WebUIKeywordMain.groovy:117)&#xa;	at com.kms.katalon.core.webui.keyword.internal.WebUIKeywordMain.runKeyword(WebUIKeywordMain.groovy:43)&#xa;	at com.kms.katalon.core.webui.keyword.builtin.VerifyElementVisibleKeyword.verifyElementVisible(VerifyElementVisibleKeyword.groovy:97)&#xa;	at com.kms.katalon.core.webui.keyword.builtin.VerifyElementVisibleKeyword.execute(VerifyElementVisibleKeyword.groovy:67)&#xa;	at com.kms.katalon.core.keyword.internal.KeywordExecutor.executeKeywordForPlatform(KeywordExecutor.groovy:74)&#xa;	at com.kms.katalon.core.webui.keyword.WebUiBuiltInKeywords.verifyElementVisible(WebUiBuiltInKeywords.groovy:401)&#xa;	at com.kms.katalon.core.webui.keyword.WebUiBuiltInKeywords$verifyElementVisible$5.call(Unknown Source)&#xa;	at Adding New Tank Without Threshold.run(Adding New Tank Without Threshold:81)&#xa;	at com.kms.katalon.core.main.ScriptEngine.run(ScriptEngine.java:194)&#xa;	at com.kms.katalon.core.main.ScriptEngine.runScriptAsRawText(ScriptEngine.java:119)&#xa;	at com.kms.katalon.core.main.TestCaseExecutor.runScript(TestCaseExecutor.java:448)&#xa;	at com.kms.katalon.core.main.TestCaseExecutor.doExecute(TestCaseExecutor.java:439)&#xa;	at com.kms.katalon.core.main.TestCaseExecutor.processExecutionPhase(TestCaseExecutor.java:418)&#xa;	at com.kms.katalon.core.main.TestCaseExecutor.accessMainPhase(TestCaseExecutor.java:410)&#xa;	at com.kms.katalon.core.main.TestCaseExecutor.execute(TestCaseExecutor.java:285)&#xa;	at com.kms.katalon.core.common.CommonExecutor.accessTestCaseMainPhase(CommonExecutor.java:65)&#xa;	at com.kms.katalon.core.main.TestSuiteExecutor.accessTestSuiteMainPhase(TestSuiteExecutor.java:150)&#xa;	at com.kms.katalon.core.main.TestSuiteExecutor.execute(TestSuiteExecutor.java:106)&#xa;	at com.kms.katalon.core.main.TestCaseMain.startTestSuite(TestCaseMain.java:180)&#xa;	at com.kms.katalon.core.main.TestCaseMain$startTestSuite$0.call(Unknown Source)&#xa;	at TempTestSuite1761090786896.run(TempTestSuite1761090786896.groovy:35)&#xa;	at java.base/jdk.internal.reflect.NativeMethodAccessorImpl.invoke0(Native Method)&#xa;	at java.base/jdk.internal.reflect.NativeMethodAccessorImpl.invoke(NativeMethodAccessorImpl.java:77)&#xa;	at java.base/jdk.internal.reflect.DelegatingMethodAccessorImpl.invoke(DelegatingMethodAccessorImpl.java:43)&#xa;Caused by: com.kms.katalon.core.exception.StepFailedException: Web element with id: 'Object Repository/FIM/Sites Page/Tank/Tank Message' located by '/html/body/div[2]/div/div/div/div/div' not found&#xa;	at com.kms.katalon.core.webui.keyword.internal.WebUIKeywordMain.stepFailed(WebUIKeywordMain.groovy:117)&#xa;	at com.kms.katalon.core.webui.keyword.builtin.VerifyElementVisibleKeyword$_verifyElementVisible_closure1.doCall(VerifyElementVisibleKeyword.groovy:89)&#xa;	at com.kms.katalon.core.webui.keyword.builtin.VerifyElementVisibleKeyword$_verifyElementVisible_closure1.call(VerifyElementVisibleKeyword.groovy)&#xa;	at com.kms.katalon.core.webui.keyword.internal.WebUIKeywordMain.runKeyword(WebUIKeywordMain.groovy:35)&#xa;	... 22 more&#xa;"/>
         <system-out><![CDATA[21-10-2025T21:11:40 - [TEST_CASE][FAILED] - Test Cases/FIM/UI/KGL/Admin/Sites Page/Tank/Adding New Tank Without Threshold: Test Cases/FIM/UI/KGL/Admin/Sites Page/Tank/Adding New Tank Without Threshold FAILED.
Reason:
com.kms.katalon.core.exception.StepFailedException: Unable to verify object 'Object Repository/FIM/Sites Page/Tank/Tank Message' is visible
	at com.kms.katalon.core.webui.keyword.internal.WebUIKeywordMain.stepFailed(WebUIKeywordMain.groovy:117)
	at com.kms.katalon.core.webui.keyword.internal.WebUIKeywordMain.runKeyword(WebUIKeywordMain.groovy:43)
	at com.kms.katalon.core.webui.keyword.builtin.VerifyElementVisibleKeyword.verifyElementVisible(VerifyElementVisibleKeyword.groovy:97)
	at com.kms.katalon.core.webui.keyword.builtin.VerifyElementVisibleKeyword.execute(VerifyElementVisibleKeyword.groovy:67)
	at com.kms.katalon.core.keyword.internal.KeywordExecutor.executeKeywordForPlatform(KeywordExecutor.groovy:74)
	at com.kms.katalon.core.webui.keyword.WebUiBuiltInKeywords.verifyElementVisible(WebUiBuiltInKeywords.groovy:401)
	at com.kms.katalon.core.webui.keyword.WebUiBuiltInKeywords$verifyElementVisible$5.call(Unknown Source)
	at Adding New Tank Without Threshold.run(Adding New Tank Without Threshold:81)
	at com.kms.katalon.core.main.ScriptEngine.run(ScriptEngine.java:194)
	at com.kms.katalon.core.main.ScriptEngine.runScriptAsRawText(ScriptEngine.java:119)
	at com.kms.katalon.core.main.TestCaseExecutor.runScript(TestCaseExecutor.java:448)
	at com.kms.katalon.core.main.TestCaseExecutor.doExecute(TestCaseExecutor.java:439)
	at com.kms.katalon.core.main.TestCaseExecutor.processExecutionPhase(TestCaseExecutor.java:418)
	at com.kms.katalon.core.main.TestCaseExecutor.accessMainPhase(TestCaseExecutor.java:410)
	at com.kms.katalon.core.main.TestCaseExecutor.execute(TestCaseExecutor.java:285)
	at com.kms.katalon.core.common.CommonExecutor.accessTestCaseMainPhase(CommonExecutor.java:65)
	at com.kms.katalon.core.main.TestSuiteExecutor.accessTestSuiteMainPhase(TestSuiteExecutor.java:150)
	at com.kms.katalon.core.main.TestSuiteExecutor.execute(TestSuiteExecutor.java:106)
	at com.kms.katalon.core.main.TestCaseMain.startTestSuite(TestCaseMain.java:180)
	at com.kms.katalon.core.main.TestCaseMain$startTestSuite$0.call(Unknown Source)
	at TempTestSuite1761090786896.run(TempTestSuite1761090786896.groovy:35)
	at java.base/jdk.internal.reflect.NativeMethodAccessorImpl.invoke0(Native Method)
	at java.base/jdk.internal.reflect.NativeMethodAccessorImpl.invoke(NativeMethodAccessorImpl.java:77)
	at java.base/jdk.internal.reflect.DelegatingMethodAccessorImpl.invoke(DelegatingMethodAccessorImpl.java:43)
Caused by: com.kms.katalon.core.exception.StepFailedException: Web element with id: 'Object Repository/FIM/Sites Page/Tank/Tank Message' located by '/html/body/div[2]/div/div/div/div/div' not found
	at com.kms.katalon.core.webui.keyword.internal.WebUIKeywordMain.stepFailed(WebUIKeywordMain.groovy:117)
	at com.kms.katalon.core.webui.keyword.builtin.VerifyElementVisibleKeyword$_verifyElementVisible_closure1.doCall(VerifyElementVisibleKeyword.groovy:89)
	at com.kms.katalon.core.webui.keyword.builtin.VerifyElementVisibleKeyword$_verifyElementVisible_closure1.call(VerifyElementVisibleKeyword.groovy)
	at com.kms.katalon.core.webui.keyword.internal.WebUIKeywordMain.runKeyword(WebUIKeywordMain.groovy:35)
	... 22 more


21-10-2025T21:11:40 - [TEST_STEP][PASSED] - Start listener action : beforeTestCase: null

21-10-2025T21:11:40 - [TEST_STEP][PASSED] - addDefaultPackages(): null

21-10-2025T21:11:40 - [TEST_STEP][PASSED] - callTestCase(findTestCase("Utility Scripts/FIM KGL Admin Login"), [:], STOP_ON_FAILURE): Call Test Case 'Test Cases/Utility Scripts/FIM KGL Admin Login' successfully

21-10-2025T21:11:41 - [TEST_CASE][PASSED] - Test Cases/Utility Scripts/FIM KGL Admin Login: Test Cases/Utility Scripts/FIM KGL Admin Login

21-10-2025T21:11:41 - [TEST_STEP][PASSED] - openBrowser(""): Browser is opened with url: ''

21-10-2025T21:11:41 - [MESSAGE][WARNING] - A browser is already opened. Closing browser and opening a new one

21-10-2025T21:11:41 - [MESSAGE][INFO] - Starting 'Chrome' driver

21-10-2025T21:11:41 - [MESSAGE][INFO] - User set preference: ['args', '[--no-sandbox, --disable-gpu, --disable-dev-shm-usage]']

21-10-2025T21:11:41 - [MESSAGE][INFO] - Action delay is set to 0 milliseconds

21-10-2025T21:11:42 - [MESSAGE][PASSED] - Browser is opened with url: ''

21-10-2025T21:11:42 - [TEST_STEP][PASSED] - delay(1): Delayed 1 second(s)

21-10-2025T21:11:43 - [MESSAGE][PASSED] - Delayed 1 second(s)

21-10-2025T21:11:43 - [TEST_STEP][PASSED] - navigateToUrl(KGLCustomGroupUrl): Navigate to 'https://kaglogistics-inventory-management-portal.qa.thekag.com/custom-group/' successfully

21-10-2025T21:11:43 - [MESSAGE][PASSED] - Navigate to 'https://kaglogistics-inventory-management-portal.qa.thekag.com/custom-group/' successfully

21-10-2025T21:11:43 - [TEST_STEP][PASSED] - delay(10): Delayed 10 second(s)

21-10-2025T21:11:53 - [MESSAGE][PASSED] - Delayed 10 second(s)

21-10-2025T21:11:53 - [TEST_STEP][PASSED] - if (maximizeWindow == true): Delayed 1 second(s)

21-10-2025T21:11:53 - [TEST_STEP][PASSED] - maximizeWindow(STOP_ON_FAILURE): Current window maximized

21-10-2025T21:11:53 - [MESSAGE][PASSED] - Current window maximized

21-10-2025T21:11:53 - [TEST_STEP][PASSED] - delay(1): Delayed 1 second(s)

21-10-2025T21:11:54 - [MESSAGE][PASSED] - Delayed 1 second(s)

21-10-2025T21:11:54 - [TEST_STEP][PASSED] - waitForElementPresent(findTestObject("FIM/Username_txt"), 10): Object 'Object Repository/FIM/Username_txt' is present

21-10-2025T21:11:54 - [MESSAGE][PASSED] - Object 'Object Repository/FIM/Username_txt' is present

21-10-2025T21:11:54 - [TEST_STEP][PASSED] - setText(findTestObject("FIM/Username_txt"), FIMUsername): Text 'Chris.Sheldon+DES_QA@Thekag.com' is set on object 'Object Repository/FIM/Username_txt'

21-10-2025T21:11:54 - [MESSAGE][PASSED] - Text 'Chris.Sheldon+DES_QA@Thekag.com' is set on object 'Object Repository/FIM/Username_txt'

21-10-2025T21:11:54 - [TEST_STEP][PASSED] - delay(1): Delayed 1 second(s)

21-10-2025T21:11:55 - [MESSAGE][PASSED] - Delayed 1 second(s)

21-10-2025T21:11:55 - [TEST_STEP][PASSED] - setText(findTestObject("FIM/Password_txt"), FIMPassword): Text 'QATest!2' is set on object 'Object Repository/FIM/Password_txt'

21-10-2025T21:11:55 - [MESSAGE][PASSED] - Text 'QATest!2' is set on object 'Object Repository/FIM/Password_txt'

21-10-2025T21:11:55 - [TEST_STEP][PASSED] - delay(1): Delayed 1 second(s)

21-10-2025T21:11:56 - [MESSAGE][PASSED] - Delayed 1 second(s)

21-10-2025T21:11:56 - [TEST_STEP][PASSED] - click(findTestObject("FIM/Login_btn")): Object: 'Object Repository/FIM/Login_btn' is clicked on

21-10-2025T21:11:56 - [MESSAGE][PASSED] - Object: 'Object Repository/FIM/Login_btn' is clicked on

21-10-2025T21:11:56 - [MESSAGE][PASSED] - Call Test Case 'Test Cases/Utility Scripts/FIM KGL Admin Login' successfully

21-10-2025T21:11:56 - [TEST_STEP][PASSED] - if (verifyElementVisible(findTestObject("FIM/Server_Notification_Close_btn"), OPTIONAL) == true): Web element with id: 'Object Repository/FIM/Server_Notification_Close_btn' located by '/html/body/div/div[1]/button' not found (Root cause: com.kms.katalon.core.exception.StepFailedException: Web element with id: 'Object Repository/FIM/Server_Notification_Close_btn' located by '/html/body/div/div[1]/button' not found
	at com.kms.katalon.core.webui.keyword.internal.WebUIKeywordMain.stepFailed(WebUIKeywordMain.groovy:117)
	at com.kms.katalon.core.webui.keyword.builtin.VerifyElementVisibleKeyword$_verifyElementVisible_closure1.doCall(VerifyElementVisibleKeyword.groovy:89)
	at com.kms.katalon.core.webui.keyword.builtin.VerifyElementVisibleKeyword$_verifyElementVisible_closure1.call(VerifyElementVisibleKeyword.groovy)
	at com.kms.katalon.core.webui.keyword.internal.WebUIKeywordMain.runKeyword(WebUIKeywordMain.groovy:35)
	at com.kms.katalon.core.webui.keyword.builtin.VerifyElementVisibleKeyword.verifyElementVisible(VerifyElementVisibleKeyword.groovy:97)
	at com.kms.katalon.core.webui.keyword.builtin.VerifyElementVisibleKeyword.execute(VerifyElementVisibleKeyword.groovy:67)
	at com.kms.katalon.core.keyword.internal.KeywordExecutor.executeKeywordForPlatform(KeywordExecutor.groovy:74)
	at com.kms.katalon.core.webui.keyword.WebUiBuiltInKeywords.verifyElementVisible(WebUiBuiltInKeywords.groovy:401)
	at com.kms.katalon.core.webui.keyword.WebUiBuiltInKeywords$verifyElementVisible$5.call(Unknown Source)
	at Adding New Tank Without Threshold.run(Adding New Tank Without Threshold:22)
	at com.kms.katalon.core.main.ScriptEngine.run(ScriptEngine.java:194)
	at com.kms.katalon.core.main.ScriptEngine.runScriptAsRawText(ScriptEngine.java:119)
	at com.kms.katalon.core.main.TestCaseExecutor.runScript(TestCaseExecutor.java:448)
	at com.kms.katalon.core.main.TestCaseExecutor.doExecute(TestCaseExecutor.java:439)
	at com.kms.katalon.core.main.TestCaseExecutor.processExecutionPhase(TestCaseExecutor.java:418)
	at com.kms.katalon.core.main.TestCaseExecutor.accessMainPhase(TestCaseExecutor.java:410)
	at com.kms.katalon.core.main.TestCaseExecutor.execute(TestCaseExecutor.java:285)
	at com.kms.katalon.core.common.CommonExecutor.accessTestCaseMainPhase(CommonExecutor.java:65)
	at com.kms.katalon.core.main.TestSuiteExecutor.accessTestSuiteMainPhase(TestSuiteExecutor.java:150)
	at com.kms.katalon.core.main.TestSuiteExecutor.execute(TestSuiteExecutor.java:106)
	at com.kms.katalon.core.main.TestCaseMain.startTestSuite(TestCaseMain.java:180)
	at com.kms.katalon.core.main.TestCaseMain$startTestSuite$0.call(Unknown Source)
	at TempTestSuite1761090786896.run(TempTestSuite1761090786896.groovy:35)
	at java.base/jdk.internal.reflect.NativeMethodAccessorImpl.invoke0(Native Method)
	at java.base/jdk.internal.reflect.NativeMethodAccessorImpl.invoke(NativeMethodAccessorImpl.java:77)
	at java.base/jdk.internal.reflect.DelegatingMethodAccessorImpl.invoke(DelegatingMethodAccessorImpl.java:43)
)

21-10-2025T21:12:12 - [MESSAGE][INFO] - Unable to find the element located by 'By.xpath: /html/body/div/div[1]/button'. Please recheck the objects properties to make sure the desired element is located. 

21-10-2025T21:12:12 - [MESSAGE][WARNING] - [SELF-HEALING] Failed to find element with id 'Object Repository/FIM/Server_Notification_Close_btn'. Try using Self-healing.

21-10-2025T21:12:13 - [MESSAGE][INFO] - [SELF-HEALING] No working XPath is found.

21-10-2025T21:12:15 - [MESSAGE][INFO] - Unable to find the element located by 'By.xpath: '. Please recheck the objects properties to make sure the desired element is located. 

21-10-2025T21:12:15 - [MESSAGE][WARNING] - [SELF-HEALING] Cannot find elements when the selector is null

21-10-2025T21:12:15 - [MESSAGE][WARNING] - Web element with id: 'Object Repository/FIM/Server_Notification_Close_btn' located by '/html/body/div/div[1]/button' not found (Root cause: com.kms.katalon.core.exception.StepFailedException: Web element with id: 'Object Repository/FIM/Server_Notification_Close_btn' located by '/html/body/div/div[1]/button' not found
	at com.kms.katalon.core.webui.keyword.internal.WebUIKeywordMain.stepFailed(WebUIKeywordMain.groovy:117)
	at com.kms.katalon.core.webui.keyword.builtin.VerifyElementVisibleKeyword$_verifyElementVisible_closure1.doCall(VerifyElementVisibleKeyword.groovy:89)
	at com.kms.katalon.core.webui.keyword.builtin.VerifyElementVisibleKeyword$_verifyElementVisible_closure1.call(VerifyElementVisibleKeyword.groovy)
	at com.kms.katalon.core.webui.keyword.internal.WebUIKeywordMain.runKeyword(WebUIKeywordMain.groovy:35)
	at com.kms.katalon.core.webui.keyword.builtin.VerifyElementVisibleKeyword.verifyElementVisible(VerifyElementVisibleKeyword.groovy:97)
	at com.kms.katalon.core.webui.keyword.builtin.VerifyElementVisibleKeyword.execute(VerifyElementVisibleKeyword.groovy:67)
	at com.kms.katalon.core.keyword.internal.KeywordExecutor.executeKeywordForPlatform(KeywordExecutor.groovy:74)
	at com.kms.katalon.core.webui.keyword.WebUiBuiltInKeywords.verifyElementVisible(WebUiBuiltInKeywords.groovy:401)
	at com.kms.katalon.core.webui.keyword.WebUiBuiltInKeywords$verifyElementVisible$5.call(Unknown Source)
	at Adding New Tank Without Threshold.run(Adding New Tank Without Threshold:22)
	at com.kms.katalon.core.main.ScriptEngine.run(ScriptEngine.java:194)
	at com.kms.katalon.core.main.ScriptEngine.runScriptAsRawText(ScriptEngine.java:119)
	at com.kms.katalon.core.main.TestCaseExecutor.runScript(TestCaseExecutor.java:448)
	at com.kms.katalon.core.main.TestCaseExecutor.doExecute(TestCaseExecutor.java:439)
	at com.kms.katalon.core.main.TestCaseExecutor.processExecutionPhase(TestCaseExecutor.java:418)
	at com.kms.katalon.core.main.TestCaseExecutor.accessMainPhase(TestCaseExecutor.java:410)
	at com.kms.katalon.core.main.TestCaseExecutor.execute(TestCaseExecutor.java:285)
	at com.kms.katalon.core.common.CommonExecutor.accessTestCaseMainPhase(CommonExecutor.java:65)
	at com.kms.katalon.core.main.TestSuiteExecutor.accessTestSuiteMainPhase(TestSuiteExecutor.java:150)
	at com.kms.katalon.core.main.TestSuiteExecutor.execute(TestSuiteExecutor.java:106)
	at com.kms.katalon.core.main.TestCaseMain.startTestSuite(TestCaseMain.java:180)
	at com.kms.katalon.core.main.TestCaseMain$startTestSuite$0.call(Unknown Source)
	at TempTestSuite1761090786896.run(TempTestSuite1761090786896.groovy:35)
	at java.base/jdk.internal.reflect.NativeMethodAccessorImpl.invoke0(Native Method)
	at java.base/jdk.internal.reflect.NativeMethodAccessorImpl.invoke(NativeMethodAccessorImpl.java:77)
	at java.base/jdk.internal.reflect.DelegatingMethodAccessorImpl.invoke(DelegatingMethodAccessorImpl.java:43)
)

21-10-2025T21:12:15 - [TEST_STEP][PASSED] - click(findTestObject("FIM/Hamburger Menu List/Hamburger_menu")): Object: 'Object Repository/FIM/Hamburger Menu List/Hamburger_menu' is clicked on

21-10-2025T21:12:16 - [MESSAGE][PASSED] - Object: 'Object Repository/FIM/Hamburger Menu List/Hamburger_menu' is clicked on

21-10-2025T21:12:16 - [TEST_STEP][PASSED] - delay(2): Delayed 2 second(s)

21-10-2025T21:12:18 - [MESSAGE][PASSED] - Delayed 2 second(s)

21-10-2025T21:12:18 - [TEST_STEP][PASSED] - click(findTestObject("FIM/Hamburger Menu List/KGL_Sites_option")): Object: 'Object Repository/FIM/Hamburger Menu List/KGL_Sites_option' is clicked on

21-10-2025T21:12:18 - [MESSAGE][PASSED] - Object: 'Object Repository/FIM/Hamburger Menu List/KGL_Sites_option' is clicked on

21-10-2025T21:12:18 - [TEST_STEP][PASSED] - if (verifyElementVisible(findTestObject("FIM/Existing Page with Pending Changes Close_btn"), OPTIONAL) == true): Web element with id: 'Object Repository/FIM/Existing Page with Pending Changes Close_btn' located by '/html/body/div[2]/div[1]/div/div/footer/div/button' not found (Root cause: com.kms.katalon.core.exception.StepFailedException: Web element with id: 'Object Repository/FIM/Existing Page with Pending Changes Close_btn' located by '/html/body/div[2]/div[1]/div/div/footer/div/button' not found
	at com.kms.katalon.core.webui.keyword.internal.WebUIKeywordMain.stepFailed(WebUIKeywordMain.groovy:117)
	at com.kms.katalon.core.webui.keyword.builtin.VerifyElementVisibleKeyword$_verifyElementVisible_closure1.doCall(VerifyElementVisibleKeyword.groovy:89)
	at com.kms.katalon.core.webui.keyword.builtin.VerifyElementVisibleKeyword$_verifyElementVisible_closure1.call(VerifyElementVisibleKeyword.groovy)
	at com.kms.katalon.core.webui.keyword.internal.WebUIKeywordMain.runKeyword(WebUIKeywordMain.groovy:35)
	at com.kms.katalon.core.webui.keyword.builtin.VerifyElementVisibleKeyword.verifyElementVisible(VerifyElementVisibleKeyword.groovy:97)
	at com.kms.katalon.core.webui.keyword.builtin.VerifyElementVisibleKeyword.execute(VerifyElementVisibleKeyword.groovy:67)
	at com.kms.katalon.core.keyword.internal.KeywordExecutor.executeKeywordForPlatform(KeywordExecutor.groovy:74)
	at com.kms.katalon.core.webui.keyword.WebUiBuiltInKeywords.verifyElementVisible(WebUiBuiltInKeywords.groovy:401)
	at com.kms.katalon.core.webui.keyword.WebUiBuiltInKeywords$verifyElementVisible$5.call(Unknown Source)
	at Adding New Tank Without Threshold.run(Adding New Tank Without Threshold:33)
	at com.kms.katalon.core.main.ScriptEngine.run(ScriptEngine.java:194)
	at com.kms.katalon.core.main.ScriptEngine.runScriptAsRawText(ScriptEngine.java:119)
	at com.kms.katalon.core.main.TestCaseExecutor.runScript(TestCaseExecutor.java:448)
	at com.kms.katalon.core.main.TestCaseExecutor.doExecute(TestCaseExecutor.java:439)
	at com.kms.katalon.core.main.TestCaseExecutor.processExecutionPhase(TestCaseExecutor.java:418)
	at com.kms.katalon.core.main.TestCaseExecutor.accessMainPhase(TestCaseExecutor.java:410)
	at com.kms.katalon.core.main.TestCaseExecutor.execute(TestCaseExecutor.java:285)
	at com.kms.katalon.core.common.CommonExecutor.accessTestCaseMainPhase(CommonExecutor.java:65)
	at com.kms.katalon.core.main.TestSuiteExecutor.accessTestSuiteMainPhase(TestSuiteExecutor.java:150)
	at com.kms.katalon.core.main.TestSuiteExecutor.execute(TestSuiteExecutor.java:106)
	at com.kms.katalon.core.main.TestCaseMain.startTestSuite(TestCaseMain.java:180)
	at com.kms.katalon.core.main.TestCaseMain$startTestSuite$0.call(Unknown Source)
	at TempTestSuite1761090786896.run(TempTestSuite1761090786896.groovy:35)
	at java.base/jdk.internal.reflect.NativeMethodAccessorImpl.invoke0(Native Method)
	at java.base/jdk.internal.reflect.NativeMethodAccessorImpl.invoke(NativeMethodAccessorImpl.java:77)
	at java.base/jdk.internal.reflect.DelegatingMethodAccessorImpl.invoke(DelegatingMethodAccessorImpl.java:43)
)

21-10-2025T21:12:34 - [MESSAGE][INFO] - Unable to find the element located by 'By.xpath: /html/body/div[2]/div[1]/div/div/footer/div/button'. Please recheck the objects properties to make sure the desired element is located. 

21-10-2025T21:12:34 - [MESSAGE][WARNING] - [SELF-HEALING] Failed to find element with id 'Object Repository/FIM/Existing Page with Pending Changes Close_btn'. Try using Self-healing.

21-10-2025T21:12:35 - [MESSAGE][INFO] - [SELF-HEALING] No working XPath is found.

21-10-2025T21:12:37 - [MESSAGE][INFO] - Unable to find the element located by 'By.xpath: '. Please recheck the objects properties to make sure the desired element is located. 

21-10-2025T21:12:37 - [MESSAGE][WARNING] - [SELF-HEALING] Cannot find elements when the selector is null

21-10-2025T21:12:37 - [MESSAGE][WARNING] - Web element with id: 'Object Repository/FIM/Existing Page with Pending Changes Close_btn' located by '/html/body/div[2]/div[1]/div/div/footer/div/button' not found (Root cause: com.kms.katalon.core.exception.StepFailedException: Web element with id: 'Object Repository/FIM/Existing Page with Pending Changes Close_btn' located by '/html/body/div[2]/div[1]/div/div/footer/div/button' not found
	at com.kms.katalon.core.webui.keyword.internal.WebUIKeywordMain.stepFailed(WebUIKeywordMain.groovy:117)
	at com.kms.katalon.core.webui.keyword.builtin.VerifyElementVisibleKeyword$_verifyElementVisible_closure1.doCall(VerifyElementVisibleKeyword.groovy:89)
	at com.kms.katalon.core.webui.keyword.builtin.VerifyElementVisibleKeyword$_verifyElementVisible_closure1.call(VerifyElementVisibleKeyword.groovy)
	at com.kms.katalon.core.webui.keyword.internal.WebUIKeywordMain.runKeyword(WebUIKeywordMain.groovy:35)
	at com.kms.katalon.core.webui.keyword.builtin.VerifyElementVisibleKeyword.verifyElementVisible(VerifyElementVisibleKeyword.groovy:97)
	at com.kms.katalon.core.webui.keyword.builtin.VerifyElementVisibleKeyword.execute(VerifyElementVisibleKeyword.groovy:67)
	at com.kms.katalon.core.keyword.internal.KeywordExecutor.executeKeywordForPlatform(KeywordExecutor.groovy:74)
	at com.kms.katalon.core.webui.keyword.WebUiBuiltInKeywords.verifyElementVisible(WebUiBuiltInKeywords.groovy:401)
	at com.kms.katalon.core.webui.keyword.WebUiBuiltInKeywords$verifyElementVisible$5.call(Unknown Source)
	at Adding New Tank Without Threshold.run(Adding New Tank Without Threshold:33)
	at com.kms.katalon.core.main.ScriptEngine.run(ScriptEngine.java:194)
	at com.kms.katalon.core.main.ScriptEngine.runScriptAsRawText(ScriptEngine.java:119)
	at com.kms.katalon.core.main.TestCaseExecutor.runScript(TestCaseExecutor.java:448)
	at com.kms.katalon.core.main.TestCaseExecutor.doExecute(TestCaseExecutor.java:439)
	at com.kms.katalon.core.main.TestCaseExecutor.processExecutionPhase(TestCaseExecutor.java:418)
	at com.kms.katalon.core.main.TestCaseExecutor.accessMainPhase(TestCaseExecutor.java:410)
	at com.kms.katalon.core.main.TestCaseExecutor.execute(TestCaseExecutor.java:285)
	at com.kms.katalon.core.common.CommonExecutor.accessTestCaseMainPhase(CommonExecutor.java:65)
	at com.kms.katalon.core.main.TestSuiteExecutor.accessTestSuiteMainPhase(TestSuiteExecutor.java:150)
	at com.kms.katalon.core.main.TestSuiteExecutor.execute(TestSuiteExecutor.java:106)
	at com.kms.katalon.core.main.TestCaseMain.startTestSuite(TestCaseMain.java:180)
	at com.kms.katalon.core.main.TestCaseMain$startTestSuite$0.call(Unknown Source)
	at TempTestSuite1761090786896.run(TempTestSuite1761090786896.groovy:35)
	at java.base/jdk.internal.reflect.NativeMethodAccessorImpl.invoke0(Native Method)
	at java.base/jdk.internal.reflect.NativeMethodAccessorImpl.invoke(NativeMethodAccessorImpl.java:77)
	at java.base/jdk.internal.reflect.DelegatingMethodAccessorImpl.invoke(DelegatingMethodAccessorImpl.java:43)
)

21-10-2025T21:12:37 - [TEST_STEP][PASSED] - delay(1): Delayed 1 second(s)

21-10-2025T21:12:38 - [MESSAGE][PASSED] - Delayed 1 second(s)

21-10-2025T21:12:38 - [TEST_STEP][PASSED] - waitForElementClickable(findTestObject("FIM/Sites Page/Site Filtering/Site_txt"), 15): Object 'Object Repository/FIM/Sites Page/Site Filtering/Site_txt' is clickable

21-10-2025T21:12:38 - [MESSAGE][PASSED] - Object 'Object Repository/FIM/Sites Page/Site Filtering/Site_txt' is clickable

21-10-2025T21:12:38 - [TEST_STEP][PASSED] - delay(1): Delayed 1 second(s)

21-10-2025T21:12:39 - [MESSAGE][PASSED] - Delayed 1 second(s)

21-10-2025T21:12:39 - [TEST_STEP][PASSED] - verifyElementVisible(findTestObject("FIM/Sites Page/Tank/New Tank_btn")): Object 'Object Repository/FIM/Sites Page/Tank/New Tank_btn' is visible

21-10-2025T21:12:39 - [MESSAGE][PASSED] - Object 'Object Repository/FIM/Sites Page/Tank/New Tank_btn' is visible

21-10-2025T21:12:39 - [TEST_STEP][PASSED] - click(findTestObject("FIM/Sites Page/Tank/New Tank_btn")): Object: 'Object Repository/FIM/Sites Page/Tank/New Tank_btn' is clicked on

21-10-2025T21:12:39 - [MESSAGE][PASSED] - Object: 'Object Repository/FIM/Sites Page/Tank/New Tank_btn' is clicked on

21-10-2025T21:12:39 - [TEST_STEP][PASSED] - delay(2): Delayed 2 second(s)

21-10-2025T21:12:41 - [MESSAGE][PASSED] - Delayed 2 second(s)

21-10-2025T21:12:41 - [TEST_STEP][PASSED] - sendKeys(findTestObject("FIM/Sites Page/Tank/Tank Number_txt"), "3"): Keys '3' sent to object: 'Object Repository/FIM/Sites Page/Tank/Tank Number_txt'

21-10-2025T21:12:41 - [MESSAGE][PASSED] - Keys '3' sent to object: 'Object Repository/FIM/Sites Page/Tank/Tank Number_txt'

21-10-2025T21:12:41 - [TEST_STEP][PASSED] - delay(1): Delayed 1 second(s)

21-10-2025T21:12:42 - [MESSAGE][PASSED] - Delayed 1 second(s)

21-10-2025T21:12:42 - [TEST_STEP][PASSED] - selectOptionByLabel(findTestObject("FIM/Sites Page/Tank/Commodity_dropdown"), "PREMIUM", false): All options with label 'PREMIUM' are selected in object 'Object Repository/FIM/Sites Page/Tank/Commodity_dropdown' 

21-10-2025T21:12:42 - [MESSAGE][PASSED] - All options with label 'PREMIUM' are selected in object 'Object Repository/FIM/Sites Page/Tank/Commodity_dropdown' 

21-10-2025T21:12:42 - [TEST_STEP][PASSED] - delay(1): Delayed 1 second(s)

21-10-2025T21:12:43 - [MESSAGE][PASSED] - Delayed 1 second(s)

21-10-2025T21:12:43 - [TEST_STEP][PASSED] - selectOptionByLabel(findTestObject("FIM/Sites Page/Tank/Commodity Code_dropdown"), "G9200000", false): All options with label 'G9200000' are selected in object 'Object Repository/FIM/Sites Page/Tank/Commodity Code_dropdown' 

21-10-2025T21:12:43 - [MESSAGE][PASSED] - All options with label 'G9200000' are selected in object 'Object Repository/FIM/Sites Page/Tank/Commodity Code_dropdown' 

21-10-2025T21:12:43 - [TEST_STEP][PASSED] - delay(1): Delayed 1 second(s)

21-10-2025T21:12:44 - [MESSAGE][PASSED] - Delayed 1 second(s)

21-10-2025T21:12:44 - [TEST_STEP][PASSED] - sendKeys(findTestObject("FIM/Sites Page/Tank/Safe Fill Quantity_txt"), "9540"): Keys '9540' sent to object: 'Object Repository/FIM/Sites Page/Tank/Safe Fill Quantity_txt'

21-10-2025T21:12:44 - [MESSAGE][PASSED] - Keys '9540' sent to object: 'Object Repository/FIM/Sites Page/Tank/Safe Fill Quantity_txt'

21-10-2025T21:12:44 - [TEST_STEP][PASSED] - delay(1): Delayed 1 second(s)

21-10-2025T21:12:45 - [MESSAGE][PASSED] - Delayed 1 second(s)

21-10-2025T21:12:45 - [TEST_STEP][PASSED] - sendKeys(findTestObject("FIM/Sites Page/Tank/Tank Size_txt"), "13000"): Keys '13000' sent to object: 'Object Repository/FIM/Sites Page/Tank/Tank Size_txt'

21-10-2025T21:12:45 - [MESSAGE][PASSED] - Keys '13000' sent to object: 'Object Repository/FIM/Sites Page/Tank/Tank Size_txt'

21-10-2025T21:12:45 - [TEST_STEP][PASSED] - delay(1): Delayed 1 second(s)

21-10-2025T21:12:46 - [MESSAGE][PASSED] - Delayed 1 second(s)

21-10-2025T21:12:46 - [TEST_STEP][PASSED] - setText(findTestObject("FIM/Sites Page/Tank/Pump Stop_txt"), "1150"): Text '1150' is set on object 'Object Repository/FIM/Sites Page/Tank/Pump Stop_txt'

21-10-2025T21:12:46 - [MESSAGE][PASSED] - Text '1150' is set on object 'Object Repository/FIM/Sites Page/Tank/Pump Stop_txt'

21-10-2025T21:12:46 - [TEST_STEP][PASSED] - delay(1): Delayed 1 second(s)

21-10-2025T21:12:47 - [MESSAGE][PASSED] - Delayed 1 second(s)

21-10-2025T21:12:47 - [TEST_STEP][PASSED] - click(findTestObject("FIM/Sites Page/Tank/Tank Save_btn"), STOP_ON_FAILURE): Object: 'Object Repository/FIM/Sites Page/Tank/Tank Save_btn' is clicked on

21-10-2025T21:12:48 - [MESSAGE][PASSED] - Object: 'Object Repository/FIM/Sites Page/Tank/Tank Save_btn' is clicked on

21-10-2025T21:12:48 - [TEST_STEP][PASSED] - delay(1): Delayed 1 second(s)

21-10-2025T21:12:49 - [MESSAGE][PASSED] - Delayed 1 second(s)

21-10-2025T21:12:49 - [TEST_STEP][FAILED] - verifyElementVisible(findTestObject("FIM/Sites Page/Tank/Tank Message"), STOP_ON_FAILURE): Unable to verify object 'Object Repository/FIM/Sites Page/Tank/Tank Message' is visible (Root cause: com.kms.katalon.core.exception.StepFailedException: Unable to verify object 'Object Repository/FIM/Sites Page/Tank/Tank Message' is visible
	at com.kms.katalon.core.webui.keyword.internal.WebUIKeywordMain.stepFailed(WebUIKeywordMain.groovy:117)
	at com.kms.katalon.core.webui.keyword.internal.WebUIKeywordMain.runKeyword(WebUIKeywordMain.groovy:43)
	at com.kms.katalon.core.webui.keyword.builtin.VerifyElementVisibleKeyword.verifyElementVisible(VerifyElementVisibleKeyword.groovy:97)
	at com.kms.katalon.core.webui.keyword.builtin.VerifyElementVisibleKeyword.execute(VerifyElementVisibleKeyword.groovy:67)
	at com.kms.katalon.core.keyword.internal.KeywordExecutor.executeKeywordForPlatform(KeywordExecutor.groovy:74)
	at com.kms.katalon.core.webui.keyword.WebUiBuiltInKeywords.verifyElementVisible(WebUiBuiltInKeywords.groovy:401)
	at com.kms.katalon.core.webui.keyword.WebUiBuiltInKeywords$verifyElementVisible$5.call(Unknown Source)
	at Adding New Tank Without Threshold.run(Adding New Tank Without Threshold:81)
	at com.kms.katalon.core.main.ScriptEngine.run(ScriptEngine.java:194)
	at com.kms.katalon.core.main.ScriptEngine.runScriptAsRawText(ScriptEngine.java:119)
	at com.kms.katalon.core.main.TestCaseExecutor.runScript(TestCaseExecutor.java:448)
	at com.kms.katalon.core.main.TestCaseExecutor.doExecute(TestCaseExecutor.java:439)
	at com.kms.katalon.core.main.TestCaseExecutor.processExecutionPhase(TestCaseExecutor.java:418)
	at com.kms.katalon.core.main.TestCaseExecutor.accessMainPhase(TestCaseExecutor.java:410)
	at com.kms.katalon.core.main.TestCaseExecutor.execute(TestCaseExecutor.java:285)
	at com.kms.katalon.core.common.CommonExecutor.accessTestCaseMainPhase(CommonExecutor.java:65)
	at com.kms.katalon.core.main.TestSuiteExecutor.accessTestSuiteMainPhase(TestSuiteExecutor.java:150)
	at com.kms.katalon.core.main.TestSuiteExecutor.execute(TestSuiteExecutor.java:106)
	at com.kms.katalon.core.main.TestCaseMain.startTestSuite(TestCaseMain.java:180)
	at com.kms.katalon.core.main.TestCaseMain$startTestSuite$0.call(Unknown Source)
	at TempTestSuite1761090786896.run(TempTestSuite1761090786896.groovy:35)
	at java.base/jdk.internal.reflect.NativeMethodAccessorImpl.invoke0(Native Method)
	at java.base/jdk.internal.reflect.NativeMethodAccessorImpl.invoke(NativeMethodAccessorImpl.java:77)
	at java.base/jdk.internal.reflect.DelegatingMethodAccessorImpl.invoke(DelegatingMethodAccessorImpl.java:43)
Caused by: com.kms.katalon.core.exception.StepFailedException: Web element with id: 'Object Repository/FIM/Sites Page/Tank/Tank Message' located by '/html/body/div[2]/div/div/div/div/div' not found
	at com.kms.katalon.core.webui.keyword.internal.WebUIKeywordMain.stepFailed(WebUIKeywordMain.groovy:117)
	at com.kms.katalon.core.webui.keyword.builtin.VerifyElementVisibleKeyword$_verifyElementVisible_closure1.doCall(VerifyElementVisibleKeyword.groovy:89)
	at com.kms.katalon.core.webui.keyword.builtin.VerifyElementVisibleKeyword$_verifyElementVisible_closure1.call(VerifyElementVisibleKeyword.groovy)
	at com.kms.katalon.core.webui.keyword.internal.WebUIKeywordMain.runKeyword(WebUIKeywordMain.groovy:35)
	... 22 more
)

21-10-2025T21:13:05 - [MESSAGE][INFO] - Unable to find the element located by 'By.xpath: /html/body/div[2]/div/div/div/div/div'. Please recheck the objects properties to make sure the desired element is located. 

21-10-2025T21:13:05 - [MESSAGE][WARNING] - [SELF-HEALING] Failed to find element with id 'Object Repository/FIM/Sites Page/Tank/Tank Message'. Try using Self-healing.

21-10-2025T21:13:06 - [MESSAGE][INFO] - [SELF-HEALING] No working XPath is found.

21-10-2025T21:13:08 - [MESSAGE][INFO] - Unable to find the element located by 'By.xpath: '. Please recheck the objects properties to make sure the desired element is located. 

21-10-2025T21:13:08 - [MESSAGE][WARNING] - [SELF-HEALING] Cannot find elements when the selector is null

21-10-2025T21:13:08 - [MESSAGE][FAILED] - Web element with id: 'Object Repository/FIM/Sites Page/Tank/Tank Message' located by '/html/body/div[2]/div/div/div/div/div' not found (Root cause: com.kms.katalon.core.exception.StepFailedException: Web element with id: 'Object Repository/FIM/Sites Page/Tank/Tank Message' located by '/html/body/div[2]/div/div/div/div/div' not found
	at com.kms.katalon.core.webui.keyword.internal.WebUIKeywordMain.stepFailed(WebUIKeywordMain.groovy:117)
	at com.kms.katalon.core.webui.keyword.builtin.VerifyElementVisibleKeyword$_verifyElementVisible_closure1.doCall(VerifyElementVisibleKeyword.groovy:89)
	at com.kms.katalon.core.webui.keyword.builtin.VerifyElementVisibleKeyword$_verifyElementVisible_closure1.call(VerifyElementVisibleKeyword.groovy)
	at com.kms.katalon.core.webui.keyword.internal.WebUIKeywordMain.runKeyword(WebUIKeywordMain.groovy:35)
	at com.kms.katalon.core.webui.keyword.builtin.VerifyElementVisibleKeyword.verifyElementVisible(VerifyElementVisibleKeyword.groovy:97)
	at com.kms.katalon.core.webui.keyword.builtin.VerifyElementVisibleKeyword.execute(VerifyElementVisibleKeyword.groovy:67)
	at com.kms.katalon.core.keyword.internal.KeywordExecutor.executeKeywordForPlatform(KeywordExecutor.groovy:74)
	at com.kms.katalon.core.webui.keyword.WebUiBuiltInKeywords.verifyElementVisible(WebUiBuiltInKeywords.groovy:401)
	at com.kms.katalon.core.webui.keyword.WebUiBuiltInKeywords$verifyElementVisible$5.call(Unknown Source)
	at Adding New Tank Without Threshold.run(Adding New Tank Without Threshold:81)
	at com.kms.katalon.core.main.ScriptEngine.run(ScriptEngine.java:194)
	at com.kms.katalon.core.main.ScriptEngine.runScriptAsRawText(ScriptEngine.java:119)
	at com.kms.katalon.core.main.TestCaseExecutor.runScript(TestCaseExecutor.java:448)
	at com.kms.katalon.core.main.TestCaseExecutor.doExecute(TestCaseExecutor.java:439)
	at com.kms.katalon.core.main.TestCaseExecutor.processExecutionPhase(TestCaseExecutor.java:418)
	at com.kms.katalon.core.main.TestCaseExecutor.accessMainPhase(TestCaseExecutor.java:410)
	at com.kms.katalon.core.main.TestCaseExecutor.execute(TestCaseExecutor.java:285)
	at com.kms.katalon.core.common.CommonExecutor.accessTestCaseMainPhase(CommonExecutor.java:65)
	at com.kms.katalon.core.main.TestSuiteExecutor.accessTestSuiteMainPhase(TestSuiteExecutor.java:150)
	at com.kms.katalon.core.main.TestSuiteExecutor.execute(TestSuiteExecutor.java:106)
	at com.kms.katalon.core.main.TestCaseMain.startTestSuite(TestCaseMain.java:180)
	at com.kms.katalon.core.main.TestCaseMain$startTestSuite$0.call(Unknown Source)
	at TempTestSuite1761090786896.run(TempTestSuite1761090786896.groovy:35)
	at java.base/jdk.internal.reflect.NativeMethodAccessorImpl.invoke0(Native Method)
	at java.base/jdk.internal.reflect.NativeMethodAccessorImpl.invoke(NativeMethodAccessorImpl.java:77)
	at java.base/jdk.internal.reflect.DelegatingMethodAccessorImpl.invoke(DelegatingMethodAccessorImpl.java:43)
)

21-10-2025T21:13:08 - [MESSAGE][FAILED] - Unable to verify object 'Object Repository/FIM/Sites Page/Tank/Tank Message' is visible (Root cause: com.kms.katalon.core.exception.StepFailedException: Unable to verify object 'Object Repository/FIM/Sites Page/Tank/Tank Message' is visible
	at com.kms.katalon.core.webui.keyword.internal.WebUIKeywordMain.stepFailed(WebUIKeywordMain.groovy:117)
	at com.kms.katalon.core.webui.keyword.internal.WebUIKeywordMain.runKeyword(WebUIKeywordMain.groovy:43)
	at com.kms.katalon.core.webui.keyword.builtin.VerifyElementVisibleKeyword.verifyElementVisible(VerifyElementVisibleKeyword.groovy:97)
	at com.kms.katalon.core.webui.keyword.builtin.VerifyElementVisibleKeyword.execute(VerifyElementVisibleKeyword.groovy:67)
	at com.kms.katalon.core.keyword.internal.KeywordExecutor.executeKeywordForPlatform(KeywordExecutor.groovy:74)
	at com.kms.katalon.core.webui.keyword.WebUiBuiltInKeywords.verifyElementVisible(WebUiBuiltInKeywords.groovy:401)
	at com.kms.katalon.core.webui.keyword.WebUiBuiltInKeywords$verifyElementVisible$5.call(Unknown Source)
	at Adding New Tank Without Threshold.run(Adding New Tank Without Threshold:81)
	at com.kms.katalon.core.main.ScriptEngine.run(ScriptEngine.java:194)
	at com.kms.katalon.core.main.ScriptEngine.runScriptAsRawText(ScriptEngine.java:119)
	at com.kms.katalon.core.main.TestCaseExecutor.runScript(TestCaseExecutor.java:448)
	at com.kms.katalon.core.main.TestCaseExecutor.doExecute(TestCaseExecutor.java:439)
	at com.kms.katalon.core.main.TestCaseExecutor.processExecutionPhase(TestCaseExecutor.java:418)
	at com.kms.katalon.core.main.TestCaseExecutor.accessMainPhase(TestCaseExecutor.java:410)
	at com.kms.katalon.core.main.TestCaseExecutor.execute(TestCaseExecutor.java:285)
	at com.kms.katalon.core.common.CommonExecutor.accessTestCaseMainPhase(CommonExecutor.java:65)
	at com.kms.katalon.core.main.TestSuiteExecutor.accessTestSuiteMainPhase(TestSuiteExecutor.java:150)
	at com.kms.katalon.core.main.TestSuiteExecutor.execute(TestSuiteExecutor.java:106)
	at com.kms.katalon.core.main.TestCaseMain.startTestSuite(TestCaseMain.java:180)
	at com.kms.katalon.core.main.TestCaseMain$startTestSuite$0.call(Unknown Source)
	at TempTestSuite1761090786896.run(TempTestSuite1761090786896.groovy:35)
	at java.base/jdk.internal.reflect.NativeMethodAccessorImpl.invoke0(Native Method)
	at java.base/jdk.internal.reflect.NativeMethodAccessorImpl.invoke(NativeMethodAccessorImpl.java:77)
	at java.base/jdk.internal.reflect.DelegatingMethodAccessorImpl.invoke(DelegatingMethodAccessorImpl.java:43)
Caused by: com.kms.katalon.core.exception.StepFailedException: Web element with id: 'Object Repository/FIM/Sites Page/Tank/Tank Message' located by '/html/body/div[2]/div/div/div/div/div' not found
	at com.kms.katalon.core.webui.keyword.internal.WebUIKeywordMain.stepFailed(WebUIKeywordMain.groovy:117)
	at com.kms.katalon.core.webui.keyword.builtin.VerifyElementVisibleKeyword$_verifyElementVisible_closure1.doCall(VerifyElementVisibleKeyword.groovy:89)
	at com.kms.katalon.core.webui.keyword.builtin.VerifyElementVisibleKeyword$_verifyElementVisible_closure1.call(VerifyElementVisibleKeyword.groovy)
	at com.kms.katalon.core.webui.keyword.internal.WebUIKeywordMain.runKeyword(WebUIKeywordMain.groovy:35)
	... 22 more
)

21-10-2025T21:13:08 - [TEST_STEP][PASSED] - Start listener action : retryOnDisconnect: Current window's url is: 'https://kaglogistics-inventory-management-portal.qa.thekag.com/site/MM613'

21-10-2025T21:13:08 - [TEST_STEP][PASSED] - tcId = testCaseContext.getTestCaseId(): null

21-10-2025T21:13:08 - [TEST_STEP][PASSED] - currentRetry = retryCounts.getOrDefault(tcId, 0): null

21-10-2025T21:13:08 - [TEST_STEP][PASSED] - if (testCaseContext.getTestCaseStatus() == "FAILED" && currentRetry < MAX_RETRIES): Current window's url is: 'https://kaglogistics-inventory-management-portal.qa.thekag.com/site/MM613'

21-10-2025T21:13:08 - [TEST_STEP][PASSED] - try: Current window's url is: 'https://kaglogistics-inventory-management-portal.qa.thekag.com/site/MM613'

21-10-2025T21:13:08 - [TEST_STEP][PASSED] - comment(Checking for WebDriver disconnect for test case: $tcId): Checking for WebDriver disconnect for test case: Test Cases/FIM/UI/KGL/Admin/Sites Page/Tank/Adding New Tank Without Threshold

21-10-2025T21:13:08 - [MESSAGE][INFO] - Checking for WebDriver disconnect for test case: Test Cases/FIM/UI/KGL/Admin/Sites Page/Tank/Adding New Tank Without Threshold

21-10-2025T21:13:08 - [TEST_STEP][PASSED] - getUrl(): Current window's url is: 'https://kaglogistics-inventory-management-portal.qa.thekag.com/site/MM613'

21-10-2025T21:13:08 - [MESSAGE][PASSED] - Current window's url is: 'https://kaglogistics-inventory-management-portal.qa.thekag.com/site/MM613']]></system-out>
         <system-err><![CDATA[21-10-2025T21:11:40 - [TEST_CASE][FAILED] - Test Cases/FIM/UI/KGL/Admin/Sites Page/Tank/Adding New Tank Without Threshold: Test Cases/FIM/UI/KGL/Admin/Sites Page/Tank/Adding New Tank Without Threshold FAILED.
Reason:
com.kms.katalon.core.exception.StepFailedException: Unable to verify object 'Object Repository/FIM/Sites Page/Tank/Tank Message' is visible
	at com.kms.katalon.core.webui.keyword.internal.WebUIKeywordMain.stepFailed(WebUIKeywordMain.groovy:117)
	at com.kms.katalon.core.webui.keyword.internal.WebUIKeywordMain.runKeyword(WebUIKeywordMain.groovy:43)
	at com.kms.katalon.core.webui.keyword.builtin.VerifyElementVisibleKeyword.verifyElementVisible(VerifyElementVisibleKeyword.groovy:97)
	at com.kms.katalon.core.webui.keyword.builtin.VerifyElementVisibleKeyword.execute(VerifyElementVisibleKeyword.groovy:67)
	at com.kms.katalon.core.keyword.internal.KeywordExecutor.executeKeywordForPlatform(KeywordExecutor.groovy:74)
	at com.kms.katalon.core.webui.keyword.WebUiBuiltInKeywords.verifyElementVisible(WebUiBuiltInKeywords.groovy:401)
	at com.kms.katalon.core.webui.keyword.WebUiBuiltInKeywords$verifyElementVisible$5.call(Unknown Source)
	at Adding New Tank Without Threshold.run(Adding New Tank Without Threshold:81)
	at com.kms.katalon.core.main.ScriptEngine.run(ScriptEngine.java:194)
	at com.kms.katalon.core.main.ScriptEngine.runScriptAsRawText(ScriptEngine.java:119)
	at com.kms.katalon.core.main.TestCaseExecutor.runScript(TestCaseExecutor.java:448)
	at com.kms.katalon.core.main.TestCaseExecutor.doExecute(TestCaseExecutor.java:439)
	at com.kms.katalon.core.main.TestCaseExecutor.processExecutionPhase(TestCaseExecutor.java:418)
	at com.kms.katalon.core.main.TestCaseExecutor.accessMainPhase(TestCaseExecutor.java:410)
	at com.kms.katalon.core.main.TestCaseExecutor.execute(TestCaseExecutor.java:285)
	at com.kms.katalon.core.common.CommonExecutor.accessTestCaseMainPhase(CommonExecutor.java:65)
	at com.kms.katalon.core.main.TestSuiteExecutor.accessTestSuiteMainPhase(TestSuiteExecutor.java:150)
	at com.kms.katalon.core.main.TestSuiteExecutor.execute(TestSuiteExecutor.java:106)
	at com.kms.katalon.core.main.TestCaseMain.startTestSuite(TestCaseMain.java:180)
	at com.kms.katalon.core.main.TestCaseMain$startTestSuite$0.call(Unknown Source)
	at TempTestSuite1761090786896.run(TempTestSuite1761090786896.groovy:35)
	at java.base/jdk.internal.reflect.NativeMethodAccessorImpl.invoke0(Native Method)
	at java.base/jdk.internal.reflect.NativeMethodAccessorImpl.invoke(NativeMethodAccessorImpl.java:77)
	at java.base/jdk.internal.reflect.DelegatingMethodAccessorImpl.invoke(DelegatingMethodAccessorImpl.java:43)
Caused by: com.kms.katalon.core.exception.StepFailedException: Web element with id: 'Object Repository/FIM/Sites Page/Tank/Tank Message' located by '/html/body/div[2]/div/div/div/div/div' not found
	at com.kms.katalon.core.webui.keyword.internal.WebUIKeywordMain.stepFailed(WebUIKeywordMain.groovy:117)
	at com.kms.katalon.core.webui.keyword.builtin.VerifyElementVisibleKeyword$_verifyElementVisible_closure1.doCall(VerifyElementVisibleKeyword.groovy:89)
	at com.kms.katalon.core.webui.keyword.builtin.VerifyElementVisibleKeyword$_verifyElementVisible_closure1.call(VerifyElementVisibleKeyword.groovy)
	at com.kms.katalon.core.webui.keyword.internal.WebUIKeywordMain.runKeyword(WebUIKeywordMain.groovy:35)
	... 22 more]]></system-err>
      </testcase>
      <testcase name="Test Cases/FIM/UI/KGL/Admin/Sites Page/Tank/Cancelling Deletion of Tank" time="59.621" classname="Test Cases/FIM/UI/KGL/Admin/Sites Page/Tank/Cancelling Deletion of Tank" status="PASSED">
         <system-out><![CDATA[21-10-2025T21:13:08 - [TEST_CASE][PASSED] - Test Cases/FIM/UI/KGL/Admin/Sites Page/Tank/Cancelling Deletion of Tank: Test Cases/FIM/UI/KGL/Admin/Sites Page/Tank/Cancelling Deletion of Tank

21-10-2025T21:13:08 - [TEST_STEP][PASSED] - Start listener action : beforeTestCase: null

21-10-2025T21:13:08 - [TEST_STEP][PASSED] - addDefaultPackages(): null

21-10-2025T21:13:08 - [TEST_STEP][PASSED] - callTestCase(findTestCase("Utility Scripts/FIM KGL Admin Login"), [:], STOP_ON_FAILURE): Call Test Case 'Test Cases/Utility Scripts/FIM KGL Admin Login' successfully

21-10-2025T21:13:08 - [TEST_CASE][PASSED] - Test Cases/Utility Scripts/FIM KGL Admin Login: Test Cases/Utility Scripts/FIM KGL Admin Login

21-10-2025T21:13:08 - [TEST_STEP][PASSED] - openBrowser(""): Browser is opened with url: ''

21-10-2025T21:13:08 - [MESSAGE][WARNING] - A browser is already opened. Closing browser and opening a new one

21-10-2025T21:13:08 - [MESSAGE][INFO] - Starting 'Chrome' driver

21-10-2025T21:13:08 - [MESSAGE][INFO] - User set preference: ['args', '[--no-sandbox, --disable-gpu, --disable-dev-shm-usage]']

21-10-2025T21:13:08 - [MESSAGE][INFO] - Action delay is set to 0 milliseconds

21-10-2025T21:13:09 - [MESSAGE][PASSED] - Browser is opened with url: ''

21-10-2025T21:13:09 - [TEST_STEP][PASSED] - delay(1): Delayed 1 second(s)

21-10-2025T21:13:10 - [MESSAGE][PASSED] - Delayed 1 second(s)

21-10-2025T21:13:10 - [TEST_STEP][PASSED] - navigateToUrl(KGLCustomGroupUrl): Navigate to 'https://kaglogistics-inventory-management-portal.qa.thekag.com/custom-group/' successfully

21-10-2025T21:13:10 - [MESSAGE][PASSED] - Navigate to 'https://kaglogistics-inventory-management-portal.qa.thekag.com/custom-group/' successfully

21-10-2025T21:13:10 - [TEST_STEP][PASSED] - delay(10): Delayed 10 second(s)

21-10-2025T21:13:20 - [MESSAGE][PASSED] - Delayed 10 second(s)

21-10-2025T21:13:20 - [TEST_STEP][PASSED] - if (maximizeWindow == true): Delayed 1 second(s)

21-10-2025T21:13:20 - [TEST_STEP][PASSED] - maximizeWindow(STOP_ON_FAILURE): Current window maximized

21-10-2025T21:13:20 - [MESSAGE][PASSED] - Current window maximized

21-10-2025T21:13:20 - [TEST_STEP][PASSED] - delay(1): Delayed 1 second(s)

21-10-2025T21:13:21 - [MESSAGE][PASSED] - Delayed 1 second(s)

21-10-2025T21:13:21 - [TEST_STEP][PASSED] - waitForElementPresent(findTestObject("FIM/Username_txt"), 10): Object 'Object Repository/FIM/Username_txt' is present

21-10-2025T21:13:21 - [MESSAGE][PASSED] - Object 'Object Repository/FIM/Username_txt' is present

21-10-2025T21:13:21 - [TEST_STEP][PASSED] - setText(findTestObject("FIM/Username_txt"), FIMUsername): Text 'Chris.Sheldon+DES_QA@Thekag.com' is set on object 'Object Repository/FIM/Username_txt'

21-10-2025T21:13:21 - [MESSAGE][PASSED] - Text 'Chris.Sheldon+DES_QA@Thekag.com' is set on object 'Object Repository/FIM/Username_txt'

21-10-2025T21:13:21 - [TEST_STEP][PASSED] - delay(1): Delayed 1 second(s)

21-10-2025T21:13:22 - [MESSAGE][PASSED] - Delayed 1 second(s)

21-10-2025T21:13:22 - [TEST_STEP][PASSED] - setText(findTestObject("FIM/Password_txt"), FIMPassword): Text 'QATest!2' is set on object 'Object Repository/FIM/Password_txt'

21-10-2025T21:13:22 - [MESSAGE][PASSED] - Text 'QATest!2' is set on object 'Object Repository/FIM/Password_txt'

21-10-2025T21:13:22 - [TEST_STEP][PASSED] - delay(1): Delayed 1 second(s)

21-10-2025T21:13:23 - [MESSAGE][PASSED] - Delayed 1 second(s)

21-10-2025T21:13:23 - [TEST_STEP][PASSED] - click(findTestObject("FIM/Login_btn")): Object: 'Object Repository/FIM/Login_btn' is clicked on

21-10-2025T21:13:24 - [MESSAGE][PASSED] - Object: 'Object Repository/FIM/Login_btn' is clicked on

21-10-2025T21:13:24 - [MESSAGE][PASSED] - Call Test Case 'Test Cases/Utility Scripts/FIM KGL Admin Login' successfully

21-10-2025T21:13:24 - [TEST_STEP][PASSED] - if (verifyElementVisible(findTestObject("FIM/Server_Notification_Close_btn"), OPTIONAL) == true): Web element with id: 'Object Repository/FIM/Server_Notification_Close_btn' located by '/html/body/div/div[1]/button' not found (Root cause: com.kms.katalon.core.exception.StepFailedException: Web element with id: 'Object Repository/FIM/Server_Notification_Close_btn' located by '/html/body/div/div[1]/button' not found
	at com.kms.katalon.core.webui.keyword.internal.WebUIKeywordMain.stepFailed(WebUIKeywordMain.groovy:117)
	at com.kms.katalon.core.webui.keyword.builtin.VerifyElementVisibleKeyword$_verifyElementVisible_closure1.doCall(VerifyElementVisibleKeyword.groovy:89)
	at com.kms.katalon.core.webui.keyword.builtin.VerifyElementVisibleKeyword$_verifyElementVisible_closure1.call(VerifyElementVisibleKeyword.groovy)
	at com.kms.katalon.core.webui.keyword.internal.WebUIKeywordMain.runKeyword(WebUIKeywordMain.groovy:35)
	at com.kms.katalon.core.webui.keyword.builtin.VerifyElementVisibleKeyword.verifyElementVisible(VerifyElementVisibleKeyword.groovy:97)
	at com.kms.katalon.core.webui.keyword.builtin.VerifyElementVisibleKeyword.execute(VerifyElementVisibleKeyword.groovy:67)
	at com.kms.katalon.core.keyword.internal.KeywordExecutor.executeKeywordForPlatform(KeywordExecutor.groovy:74)
	at com.kms.katalon.core.webui.keyword.WebUiBuiltInKeywords.verifyElementVisible(WebUiBuiltInKeywords.groovy:401)
	at com.kms.katalon.core.webui.keyword.WebUiBuiltInKeywords$verifyElementVisible$5.call(Unknown Source)
	at Cancelling Deletion of Tank.run(Cancelling Deletion of Tank:22)
	at com.kms.katalon.core.main.ScriptEngine.run(ScriptEngine.java:194)
	at com.kms.katalon.core.main.ScriptEngine.runScriptAsRawText(ScriptEngine.java:119)
	at com.kms.katalon.core.main.TestCaseExecutor.runScript(TestCaseExecutor.java:448)
	at com.kms.katalon.core.main.TestCaseExecutor.doExecute(TestCaseExecutor.java:439)
	at com.kms.katalon.core.main.TestCaseExecutor.processExecutionPhase(TestCaseExecutor.java:418)
	at com.kms.katalon.core.main.TestCaseExecutor.accessMainPhase(TestCaseExecutor.java:410)
	at com.kms.katalon.core.main.TestCaseExecutor.execute(TestCaseExecutor.java:285)
	at com.kms.katalon.core.common.CommonExecutor.accessTestCaseMainPhase(CommonExecutor.java:65)
	at com.kms.katalon.core.main.TestSuiteExecutor.accessTestSuiteMainPhase(TestSuiteExecutor.java:150)
	at com.kms.katalon.core.main.TestSuiteExecutor.execute(TestSuiteExecutor.java:106)
	at com.kms.katalon.core.main.TestCaseMain.startTestSuite(TestCaseMain.java:180)
	at com.kms.katalon.core.main.TestCaseMain$startTestSuite$0.call(Unknown Source)
	at TempTestSuite1761090786896.run(TempTestSuite1761090786896.groovy:35)
	at java.base/jdk.internal.reflect.NativeMethodAccessorImpl.invoke0(Native Method)
	at java.base/jdk.internal.reflect.NativeMethodAccessorImpl.invoke(NativeMethodAccessorImpl.java:77)
	at java.base/jdk.internal.reflect.DelegatingMethodAccessorImpl.invoke(DelegatingMethodAccessorImpl.java:43)
)

21-10-2025T21:13:40 - [MESSAGE][INFO] - Unable to find the element located by 'By.xpath: /html/body/div/div[1]/button'. Please recheck the objects properties to make sure the desired element is located. 

21-10-2025T21:13:40 - [MESSAGE][WARNING] - [SELF-HEALING] Failed to find element with id 'Object Repository/FIM/Server_Notification_Close_btn'. Try using Self-healing.

21-10-2025T21:13:41 - [MESSAGE][INFO] - [SELF-HEALING] No working XPath is found.

21-10-2025T21:13:43 - [MESSAGE][INFO] - Unable to find the element located by 'By.xpath: '. Please recheck the objects properties to make sure the desired element is located. 

21-10-2025T21:13:43 - [MESSAGE][WARNING] - [SELF-HEALING] Cannot find elements when the selector is null

21-10-2025T21:13:43 - [MESSAGE][WARNING] - Web element with id: 'Object Repository/FIM/Server_Notification_Close_btn' located by '/html/body/div/div[1]/button' not found (Root cause: com.kms.katalon.core.exception.StepFailedException: Web element with id: 'Object Repository/FIM/Server_Notification_Close_btn' located by '/html/body/div/div[1]/button' not found
	at com.kms.katalon.core.webui.keyword.internal.WebUIKeywordMain.stepFailed(WebUIKeywordMain.groovy:117)
	at com.kms.katalon.core.webui.keyword.builtin.VerifyElementVisibleKeyword$_verifyElementVisible_closure1.doCall(VerifyElementVisibleKeyword.groovy:89)
	at com.kms.katalon.core.webui.keyword.builtin.VerifyElementVisibleKeyword$_verifyElementVisible_closure1.call(VerifyElementVisibleKeyword.groovy)
	at com.kms.katalon.core.webui.keyword.internal.WebUIKeywordMain.runKeyword(WebUIKeywordMain.groovy:35)
	at com.kms.katalon.core.webui.keyword.builtin.VerifyElementVisibleKeyword.verifyElementVisible(VerifyElementVisibleKeyword.groovy:97)
	at com.kms.katalon.core.webui.keyword.builtin.VerifyElementVisibleKeyword.execute(VerifyElementVisibleKeyword.groovy:67)
	at com.kms.katalon.core.keyword.internal.KeywordExecutor.executeKeywordForPlatform(KeywordExecutor.groovy:74)
	at com.kms.katalon.core.webui.keyword.WebUiBuiltInKeywords.verifyElementVisible(WebUiBuiltInKeywords.groovy:401)
	at com.kms.katalon.core.webui.keyword.WebUiBuiltInKeywords$verifyElementVisible$5.call(Unknown Source)
	at Cancelling Deletion of Tank.run(Cancelling Deletion of Tank:22)
	at com.kms.katalon.core.main.ScriptEngine.run(ScriptEngine.java:194)
	at com.kms.katalon.core.main.ScriptEngine.runScriptAsRawText(ScriptEngine.java:119)
	at com.kms.katalon.core.main.TestCaseExecutor.runScript(TestCaseExecutor.java:448)
	at com.kms.katalon.core.main.TestCaseExecutor.doExecute(TestCaseExecutor.java:439)
	at com.kms.katalon.core.main.TestCaseExecutor.processExecutionPhase(TestCaseExecutor.java:418)
	at com.kms.katalon.core.main.TestCaseExecutor.accessMainPhase(TestCaseExecutor.java:410)
	at com.kms.katalon.core.main.TestCaseExecutor.execute(TestCaseExecutor.java:285)
	at com.kms.katalon.core.common.CommonExecutor.accessTestCaseMainPhase(CommonExecutor.java:65)
	at com.kms.katalon.core.main.TestSuiteExecutor.accessTestSuiteMainPhase(TestSuiteExecutor.java:150)
	at com.kms.katalon.core.main.TestSuiteExecutor.execute(TestSuiteExecutor.java:106)
	at com.kms.katalon.core.main.TestCaseMain.startTestSuite(TestCaseMain.java:180)
	at com.kms.katalon.core.main.TestCaseMain$startTestSuite$0.call(Unknown Source)
	at TempTestSuite1761090786896.run(TempTestSuite1761090786896.groovy:35)
	at java.base/jdk.internal.reflect.NativeMethodAccessorImpl.invoke0(Native Method)
	at java.base/jdk.internal.reflect.NativeMethodAccessorImpl.invoke(NativeMethodAccessorImpl.java:77)
	at java.base/jdk.internal.reflect.DelegatingMethodAccessorImpl.invoke(DelegatingMethodAccessorImpl.java:43)
)

21-10-2025T21:13:43 - [TEST_STEP][PASSED] - click(findTestObject("FIM/Hamburger Menu List/Hamburger_menu")): Object: 'Object Repository/FIM/Hamburger Menu List/Hamburger_menu' is clicked on

21-10-2025T21:13:43 - [MESSAGE][PASSED] - Object: 'Object Repository/FIM/Hamburger Menu List/Hamburger_menu' is clicked on

21-10-2025T21:13:43 - [TEST_STEP][PASSED] - delay(2): Delayed 2 second(s)

21-10-2025T21:13:45 - [MESSAGE][PASSED] - Delayed 2 second(s)

21-10-2025T21:13:45 - [TEST_STEP][PASSED] - click(findTestObject("FIM/Hamburger Menu List/KGL_Sites_option")): Object: 'Object Repository/FIM/Hamburger Menu List/KGL_Sites_option' is clicked on

21-10-2025T21:13:45 - [MESSAGE][PASSED] - Object: 'Object Repository/FIM/Hamburger Menu List/KGL_Sites_option' is clicked on

21-10-2025T21:13:45 - [TEST_STEP][PASSED] - if (verifyElementVisible(findTestObject("FIM/Existing Page with Pending Changes Close_btn"), OPTIONAL) == true): Web element with id: 'Object Repository/FIM/Existing Page with Pending Changes Close_btn' located by '/html/body/div[2]/div[1]/div/div/footer/div/button' not found (Root cause: com.kms.katalon.core.exception.StepFailedException: Web element with id: 'Object Repository/FIM/Existing Page with Pending Changes Close_btn' located by '/html/body/div[2]/div[1]/div/div/footer/div/button' not found
	at com.kms.katalon.core.webui.keyword.internal.WebUIKeywordMain.stepFailed(WebUIKeywordMain.groovy:117)
	at com.kms.katalon.core.webui.keyword.builtin.VerifyElementVisibleKeyword$_verifyElementVisible_closure1.doCall(VerifyElementVisibleKeyword.groovy:89)
	at com.kms.katalon.core.webui.keyword.builtin.VerifyElementVisibleKeyword$_verifyElementVisible_closure1.call(VerifyElementVisibleKeyword.groovy)
	at com.kms.katalon.core.webui.keyword.internal.WebUIKeywordMain.runKeyword(WebUIKeywordMain.groovy:35)
	at com.kms.katalon.core.webui.keyword.builtin.VerifyElementVisibleKeyword.verifyElementVisible(VerifyElementVisibleKeyword.groovy:97)
	at com.kms.katalon.core.webui.keyword.builtin.VerifyElementVisibleKeyword.execute(VerifyElementVisibleKeyword.groovy:67)
	at com.kms.katalon.core.keyword.internal.KeywordExecutor.executeKeywordForPlatform(KeywordExecutor.groovy:74)
	at com.kms.katalon.core.webui.keyword.WebUiBuiltInKeywords.verifyElementVisible(WebUiBuiltInKeywords.groovy:401)
	at com.kms.katalon.core.webui.keyword.WebUiBuiltInKeywords$verifyElementVisible$5.call(Unknown Source)
	at Cancelling Deletion of Tank.run(Cancelling Deletion of Tank:33)
	at com.kms.katalon.core.main.ScriptEngine.run(ScriptEngine.java:194)
	at com.kms.katalon.core.main.ScriptEngine.runScriptAsRawText(ScriptEngine.java:119)
	at com.kms.katalon.core.main.TestCaseExecutor.runScript(TestCaseExecutor.java:448)
	at com.kms.katalon.core.main.TestCaseExecutor.doExecute(TestCaseExecutor.java:439)
	at com.kms.katalon.core.main.TestCaseExecutor.processExecutionPhase(TestCaseExecutor.java:418)
	at com.kms.katalon.core.main.TestCaseExecutor.accessMainPhase(TestCaseExecutor.java:410)
	at com.kms.katalon.core.main.TestCaseExecutor.execute(TestCaseExecutor.java:285)
	at com.kms.katalon.core.common.CommonExecutor.accessTestCaseMainPhase(CommonExecutor.java:65)
	at com.kms.katalon.core.main.TestSuiteExecutor.accessTestSuiteMainPhase(TestSuiteExecutor.java:150)
	at com.kms.katalon.core.main.TestSuiteExecutor.execute(TestSuiteExecutor.java:106)
	at com.kms.katalon.core.main.TestCaseMain.startTestSuite(TestCaseMain.java:180)
	at com.kms.katalon.core.main.TestCaseMain$startTestSuite$0.call(Unknown Source)
	at TempTestSuite1761090786896.run(TempTestSuite1761090786896.groovy:35)
	at java.base/jdk.internal.reflect.NativeMethodAccessorImpl.invoke0(Native Method)
	at java.base/jdk.internal.reflect.NativeMethodAccessorImpl.invoke(NativeMethodAccessorImpl.java:77)
	at java.base/jdk.internal.reflect.DelegatingMethodAccessorImpl.invoke(DelegatingMethodAccessorImpl.java:43)
)

21-10-2025T21:14:01 - [MESSAGE][INFO] - Unable to find the element located by 'By.xpath: /html/body/div[2]/div[1]/div/div/footer/div/button'. Please recheck the objects properties to make sure the desired element is located. 

21-10-2025T21:14:01 - [MESSAGE][WARNING] - [SELF-HEALING] Failed to find element with id 'Object Repository/FIM/Existing Page with Pending Changes Close_btn'. Try using Self-healing.

21-10-2025T21:14:02 - [MESSAGE][INFO] - [SELF-HEALING] No working XPath is found.

21-10-2025T21:14:04 - [MESSAGE][INFO] - Unable to find the element located by 'By.xpath: '. Please recheck the objects properties to make sure the desired element is located. 

21-10-2025T21:14:04 - [MESSAGE][WARNING] - [SELF-HEALING] Cannot find elements when the selector is null

21-10-2025T21:14:04 - [MESSAGE][WARNING] - Web element with id: 'Object Repository/FIM/Existing Page with Pending Changes Close_btn' located by '/html/body/div[2]/div[1]/div/div/footer/div/button' not found (Root cause: com.kms.katalon.core.exception.StepFailedException: Web element with id: 'Object Repository/FIM/Existing Page with Pending Changes Close_btn' located by '/html/body/div[2]/div[1]/div/div/footer/div/button' not found
	at com.kms.katalon.core.webui.keyword.internal.WebUIKeywordMain.stepFailed(WebUIKeywordMain.groovy:117)
	at com.kms.katalon.core.webui.keyword.builtin.VerifyElementVisibleKeyword$_verifyElementVisible_closure1.doCall(VerifyElementVisibleKeyword.groovy:89)
	at com.kms.katalon.core.webui.keyword.builtin.VerifyElementVisibleKeyword$_verifyElementVisible_closure1.call(VerifyElementVisibleKeyword.groovy)
	at com.kms.katalon.core.webui.keyword.internal.WebUIKeywordMain.runKeyword(WebUIKeywordMain.groovy:35)
	at com.kms.katalon.core.webui.keyword.builtin.VerifyElementVisibleKeyword.verifyElementVisible(VerifyElementVisibleKeyword.groovy:97)
	at com.kms.katalon.core.webui.keyword.builtin.VerifyElementVisibleKeyword.execute(VerifyElementVisibleKeyword.groovy:67)
	at com.kms.katalon.core.keyword.internal.KeywordExecutor.executeKeywordForPlatform(KeywordExecutor.groovy:74)
	at com.kms.katalon.core.webui.keyword.WebUiBuiltInKeywords.verifyElementVisible(WebUiBuiltInKeywords.groovy:401)
	at com.kms.katalon.core.webui.keyword.WebUiBuiltInKeywords$verifyElementVisible$5.call(Unknown Source)
	at Cancelling Deletion of Tank.run(Cancelling Deletion of Tank:33)
	at com.kms.katalon.core.main.ScriptEngine.run(ScriptEngine.java:194)
	at com.kms.katalon.core.main.ScriptEngine.runScriptAsRawText(ScriptEngine.java:119)
	at com.kms.katalon.core.main.TestCaseExecutor.runScript(TestCaseExecutor.java:448)
	at com.kms.katalon.core.main.TestCaseExecutor.doExecute(TestCaseExecutor.java:439)
	at com.kms.katalon.core.main.TestCaseExecutor.processExecutionPhase(TestCaseExecutor.java:418)
	at com.kms.katalon.core.main.TestCaseExecutor.accessMainPhase(TestCaseExecutor.java:410)
	at com.kms.katalon.core.main.TestCaseExecutor.execute(TestCaseExecutor.java:285)
	at com.kms.katalon.core.common.CommonExecutor.accessTestCaseMainPhase(CommonExecutor.java:65)
	at com.kms.katalon.core.main.TestSuiteExecutor.accessTestSuiteMainPhase(TestSuiteExecutor.java:150)
	at com.kms.katalon.core.main.TestSuiteExecutor.execute(TestSuiteExecutor.java:106)
	at com.kms.katalon.core.main.TestCaseMain.startTestSuite(TestCaseMain.java:180)
	at com.kms.katalon.core.main.TestCaseMain$startTestSuite$0.call(Unknown Source)
	at TempTestSuite1761090786896.run(TempTestSuite1761090786896.groovy:35)
	at java.base/jdk.internal.reflect.NativeMethodAccessorImpl.invoke0(Native Method)
	at java.base/jdk.internal.reflect.NativeMethodAccessorImpl.invoke(NativeMethodAccessorImpl.java:77)
	at java.base/jdk.internal.reflect.DelegatingMethodAccessorImpl.invoke(DelegatingMethodAccessorImpl.java:43)
)

21-10-2025T21:14:04 - [TEST_STEP][PASSED] - delay(1): Delayed 1 second(s)

21-10-2025T21:14:05 - [MESSAGE][PASSED] - Delayed 1 second(s)

21-10-2025T21:14:05 - [TEST_STEP][PASSED] - waitForElementClickable(findTestObject("FIM/Sites Page/Site Filtering/Site_txt"), 15): Object 'Object Repository/FIM/Sites Page/Site Filtering/Site_txt' is clickable

21-10-2025T21:14:05 - [MESSAGE][PASSED] - Object 'Object Repository/FIM/Sites Page/Site Filtering/Site_txt' is clickable

21-10-2025T21:14:05 - [TEST_STEP][PASSED] - delay(1): Delayed 1 second(s)

21-10-2025T21:14:06 - [MESSAGE][PASSED] - Delayed 1 second(s)

21-10-2025T21:14:06 - [TEST_STEP][PASSED] - verifyElementVisible(findTestObject("FIM/Sites Page/Tank/Delete Tank_btn")): Object 'Object Repository/FIM/Sites Page/Tank/Delete Tank_btn' is visible

21-10-2025T21:14:06 - [MESSAGE][PASSED] - Object 'Object Repository/FIM/Sites Page/Tank/Delete Tank_btn' is visible

21-10-2025T21:14:06 - [TEST_STEP][PASSED] - click(findTestObject("FIM/Sites Page/Tank/Delete Tank_btn")): Object: 'Object Repository/FIM/Sites Page/Tank/Delete Tank_btn' is clicked on

21-10-2025T21:14:06 - [MESSAGE][PASSED] - Object: 'Object Repository/FIM/Sites Page/Tank/Delete Tank_btn' is clicked on

21-10-2025T21:14:06 - [TEST_STEP][PASSED] - delay(1): Delayed 1 second(s)

21-10-2025T21:14:07 - [MESSAGE][PASSED] - Delayed 1 second(s)

21-10-2025T21:14:07 - [TEST_STEP][PASSED] - click(findTestObject("FIM/Sites Page/Tank/Delete Tank Cancel_btn")): Object: 'Object Repository/FIM/Sites Page/Tank/Delete Tank Cancel_btn' is clicked on

21-10-2025T21:14:07 - [MESSAGE][PASSED] - Object: 'Object Repository/FIM/Sites Page/Tank/Delete Tank Cancel_btn' is clicked on

21-10-2025T21:14:07 - [TEST_STEP][PASSED] - closeBrowser(): Browser is closed

21-10-2025T21:14:07 - [MESSAGE][PASSED] - Browser is closed

21-10-2025T21:14:07 - [TEST_STEP][PASSED] - Start listener action : retryOnDisconnect: null

21-10-2025T21:14:07 - [TEST_STEP][PASSED] - tcId = testCaseContext.getTestCaseId(): null

21-10-2025T21:14:07 - [TEST_STEP][PASSED] - currentRetry = retryCounts.getOrDefault(tcId, 0): null

21-10-2025T21:14:07 - [TEST_STEP][PASSED] - if (testCaseContext.getTestCaseStatus() == "FAILED" && currentRetry < MAX_RETRIES): null]]></system-out>
         <system-err><![CDATA[]]></system-err>
      </testcase>
      <testcase name="Test Cases/FIM/UI/KGL/Admin/Sites Page/Tank/Cancelling Editting of Tank" time="59.431" classname="Test Cases/FIM/UI/KGL/Admin/Sites Page/Tank/Cancelling Editting of Tank" status="PASSED">
         <system-out><![CDATA[21-10-2025T21:14:07 - [TEST_CASE][PASSED] - Test Cases/FIM/UI/KGL/Admin/Sites Page/Tank/Cancelling Editting of Tank: Test Cases/FIM/UI/KGL/Admin/Sites Page/Tank/Cancelling Editting of Tank

21-10-2025T21:14:07 - [TEST_STEP][PASSED] - Start listener action : beforeTestCase: null

21-10-2025T21:14:07 - [TEST_STEP][PASSED] - addDefaultPackages(): null

21-10-2025T21:14:07 - [TEST_STEP][PASSED] - callTestCase(findTestCase("Utility Scripts/FIM KGL Admin Login"), [:], STOP_ON_FAILURE): Call Test Case 'Test Cases/Utility Scripts/FIM KGL Admin Login' successfully

21-10-2025T21:14:07 - [TEST_CASE][PASSED] - Test Cases/Utility Scripts/FIM KGL Admin Login: Test Cases/Utility Scripts/FIM KGL Admin Login

21-10-2025T21:14:07 - [TEST_STEP][PASSED] - openBrowser(""): Browser is opened with url: ''

21-10-2025T21:14:07 - [MESSAGE][INFO] - Starting 'Chrome' driver

21-10-2025T21:14:07 - [MESSAGE][INFO] - User set preference: ['args', '[--no-sandbox, --disable-gpu, --disable-dev-shm-usage]']

21-10-2025T21:14:07 - [MESSAGE][INFO] - Action delay is set to 0 milliseconds

21-10-2025T21:14:08 - [MESSAGE][PASSED] - Browser is opened with url: ''

21-10-2025T21:14:08 - [TEST_STEP][PASSED] - delay(1): Delayed 1 second(s)

21-10-2025T21:14:09 - [MESSAGE][PASSED] - Delayed 1 second(s)

21-10-2025T21:14:09 - [TEST_STEP][PASSED] - navigateToUrl(KGLCustomGroupUrl): Navigate to 'https://kaglogistics-inventory-management-portal.qa.thekag.com/custom-group/' successfully

21-10-2025T21:14:10 - [MESSAGE][PASSED] - Navigate to 'https://kaglogistics-inventory-management-portal.qa.thekag.com/custom-group/' successfully

21-10-2025T21:14:10 - [TEST_STEP][PASSED] - delay(10): Delayed 10 second(s)

21-10-2025T21:14:20 - [MESSAGE][PASSED] - Delayed 10 second(s)

21-10-2025T21:14:20 - [TEST_STEP][PASSED] - if (maximizeWindow == true): Delayed 1 second(s)

21-10-2025T21:14:20 - [TEST_STEP][PASSED] - maximizeWindow(STOP_ON_FAILURE): Current window maximized

21-10-2025T21:14:20 - [MESSAGE][PASSED] - Current window maximized

21-10-2025T21:14:20 - [TEST_STEP][PASSED] - delay(1): Delayed 1 second(s)

21-10-2025T21:14:21 - [MESSAGE][PASSED] - Delayed 1 second(s)

21-10-2025T21:14:21 - [TEST_STEP][PASSED] - waitForElementPresent(findTestObject("FIM/Username_txt"), 10): Object 'Object Repository/FIM/Username_txt' is present

21-10-2025T21:14:21 - [MESSAGE][PASSED] - Object 'Object Repository/FIM/Username_txt' is present

21-10-2025T21:14:21 - [TEST_STEP][PASSED] - setText(findTestObject("FIM/Username_txt"), FIMUsername): Text 'Chris.Sheldon+DES_QA@Thekag.com' is set on object 'Object Repository/FIM/Username_txt'

21-10-2025T21:14:21 - [MESSAGE][PASSED] - Text 'Chris.Sheldon+DES_QA@Thekag.com' is set on object 'Object Repository/FIM/Username_txt'

21-10-2025T21:14:21 - [TEST_STEP][PASSED] - delay(1): Delayed 1 second(s)

21-10-2025T21:14:22 - [MESSAGE][PASSED] - Delayed 1 second(s)

21-10-2025T21:14:22 - [TEST_STEP][PASSED] - setText(findTestObject("FIM/Password_txt"), FIMPassword): Text 'QATest!2' is set on object 'Object Repository/FIM/Password_txt'

21-10-2025T21:14:22 - [MESSAGE][PASSED] - Text 'QATest!2' is set on object 'Object Repository/FIM/Password_txt'

21-10-2025T21:14:22 - [TEST_STEP][PASSED] - delay(1): Delayed 1 second(s)

21-10-2025T21:14:23 - [MESSAGE][PASSED] - Delayed 1 second(s)

21-10-2025T21:14:23 - [TEST_STEP][PASSED] - click(findTestObject("FIM/Login_btn")): Object: 'Object Repository/FIM/Login_btn' is clicked on

21-10-2025T21:14:23 - [MESSAGE][PASSED] - Object: 'Object Repository/FIM/Login_btn' is clicked on

21-10-2025T21:14:23 - [MESSAGE][PASSED] - Call Test Case 'Test Cases/Utility Scripts/FIM KGL Admin Login' successfully

21-10-2025T21:14:23 - [TEST_STEP][PASSED] - if (verifyElementVisible(findTestObject("FIM/Server_Notification_Close_btn"), OPTIONAL) == true): Web element with id: 'Object Repository/FIM/Server_Notification_Close_btn' located by '/html/body/div/div[1]/button' not found (Root cause: com.kms.katalon.core.exception.StepFailedException: Web element with id: 'Object Repository/FIM/Server_Notification_Close_btn' located by '/html/body/div/div[1]/button' not found
	at com.kms.katalon.core.webui.keyword.internal.WebUIKeywordMain.stepFailed(WebUIKeywordMain.groovy:117)
	at com.kms.katalon.core.webui.keyword.builtin.VerifyElementVisibleKeyword$_verifyElementVisible_closure1.doCall(VerifyElementVisibleKeyword.groovy:89)
	at com.kms.katalon.core.webui.keyword.builtin.VerifyElementVisibleKeyword$_verifyElementVisible_closure1.call(VerifyElementVisibleKeyword.groovy)
	at com.kms.katalon.core.webui.keyword.internal.WebUIKeywordMain.runKeyword(WebUIKeywordMain.groovy:35)
	at com.kms.katalon.core.webui.keyword.builtin.VerifyElementVisibleKeyword.verifyElementVisible(VerifyElementVisibleKeyword.groovy:97)
	at com.kms.katalon.core.webui.keyword.builtin.VerifyElementVisibleKeyword.execute(VerifyElementVisibleKeyword.groovy:67)
	at com.kms.katalon.core.keyword.internal.KeywordExecutor.executeKeywordForPlatform(KeywordExecutor.groovy:74)
	at com.kms.katalon.core.webui.keyword.WebUiBuiltInKeywords.verifyElementVisible(WebUiBuiltInKeywords.groovy:401)
	at com.kms.katalon.core.webui.keyword.WebUiBuiltInKeywords$verifyElementVisible$5.call(Unknown Source)
	at Cancelling Editting of Tank.run(Cancelling Editting of Tank:22)
	at com.kms.katalon.core.main.ScriptEngine.run(ScriptEngine.java:194)
	at com.kms.katalon.core.main.ScriptEngine.runScriptAsRawText(ScriptEngine.java:119)
	at com.kms.katalon.core.main.TestCaseExecutor.runScript(TestCaseExecutor.java:448)
	at com.kms.katalon.core.main.TestCaseExecutor.doExecute(TestCaseExecutor.java:439)
	at com.kms.katalon.core.main.TestCaseExecutor.processExecutionPhase(TestCaseExecutor.java:418)
	at com.kms.katalon.core.main.TestCaseExecutor.accessMainPhase(TestCaseExecutor.java:410)
	at com.kms.katalon.core.main.TestCaseExecutor.execute(TestCaseExecutor.java:285)
	at com.kms.katalon.core.common.CommonExecutor.accessTestCaseMainPhase(CommonExecutor.java:65)
	at com.kms.katalon.core.main.TestSuiteExecutor.accessTestSuiteMainPhase(TestSuiteExecutor.java:150)
	at com.kms.katalon.core.main.TestSuiteExecutor.execute(TestSuiteExecutor.java:106)
	at com.kms.katalon.core.main.TestCaseMain.startTestSuite(TestCaseMain.java:180)
	at com.kms.katalon.core.main.TestCaseMain$startTestSuite$0.call(Unknown Source)
	at TempTestSuite1761090786896.run(TempTestSuite1761090786896.groovy:35)
	at java.base/jdk.internal.reflect.NativeMethodAccessorImpl.invoke0(Native Method)
	at java.base/jdk.internal.reflect.NativeMethodAccessorImpl.invoke(NativeMethodAccessorImpl.java:77)
	at java.base/jdk.internal.reflect.DelegatingMethodAccessorImpl.invoke(DelegatingMethodAccessorImpl.java:43)
)

21-10-2025T21:14:39 - [MESSAGE][INFO] - Unable to find the element located by 'By.xpath: /html/body/div/div[1]/button'. Please recheck the objects properties to make sure the desired element is located. 

21-10-2025T21:14:39 - [MESSAGE][WARNING] - [SELF-HEALING] Failed to find element with id 'Object Repository/FIM/Server_Notification_Close_btn'. Try using Self-healing.

21-10-2025T21:14:40 - [MESSAGE][INFO] - [SELF-HEALING] No working XPath is found.

21-10-2025T21:14:42 - [MESSAGE][INFO] - Unable to find the element located by 'By.xpath: '. Please recheck the objects properties to make sure the desired element is located. 

21-10-2025T21:14:42 - [MESSAGE][WARNING] - [SELF-HEALING] Cannot find elements when the selector is null

21-10-2025T21:14:42 - [MESSAGE][WARNING] - Web element with id: 'Object Repository/FIM/Server_Notification_Close_btn' located by '/html/body/div/div[1]/button' not found (Root cause: com.kms.katalon.core.exception.StepFailedException: Web element with id: 'Object Repository/FIM/Server_Notification_Close_btn' located by '/html/body/div/div[1]/button' not found
	at com.kms.katalon.core.webui.keyword.internal.WebUIKeywordMain.stepFailed(WebUIKeywordMain.groovy:117)
	at com.kms.katalon.core.webui.keyword.builtin.VerifyElementVisibleKeyword$_verifyElementVisible_closure1.doCall(VerifyElementVisibleKeyword.groovy:89)
	at com.kms.katalon.core.webui.keyword.builtin.VerifyElementVisibleKeyword$_verifyElementVisible_closure1.call(VerifyElementVisibleKeyword.groovy)
	at com.kms.katalon.core.webui.keyword.internal.WebUIKeywordMain.runKeyword(WebUIKeywordMain.groovy:35)
	at com.kms.katalon.core.webui.keyword.builtin.VerifyElementVisibleKeyword.verifyElementVisible(VerifyElementVisibleKeyword.groovy:97)
	at com.kms.katalon.core.webui.keyword.builtin.VerifyElementVisibleKeyword.execute(VerifyElementVisibleKeyword.groovy:67)
	at com.kms.katalon.core.keyword.internal.KeywordExecutor.executeKeywordForPlatform(KeywordExecutor.groovy:74)
	at com.kms.katalon.core.webui.keyword.WebUiBuiltInKeywords.verifyElementVisible(WebUiBuiltInKeywords.groovy:401)
	at com.kms.katalon.core.webui.keyword.WebUiBuiltInKeywords$verifyElementVisible$5.call(Unknown Source)
	at Cancelling Editting of Tank.run(Cancelling Editting of Tank:22)
	at com.kms.katalon.core.main.ScriptEngine.run(ScriptEngine.java:194)
	at com.kms.katalon.core.main.ScriptEngine.runScriptAsRawText(ScriptEngine.java:119)
	at com.kms.katalon.core.main.TestCaseExecutor.runScript(TestCaseExecutor.java:448)
	at com.kms.katalon.core.main.TestCaseExecutor.doExecute(TestCaseExecutor.java:439)
	at com.kms.katalon.core.main.TestCaseExecutor.processExecutionPhase(TestCaseExecutor.java:418)
	at com.kms.katalon.core.main.TestCaseExecutor.accessMainPhase(TestCaseExecutor.java:410)
	at com.kms.katalon.core.main.TestCaseExecutor.execute(TestCaseExecutor.java:285)
	at com.kms.katalon.core.common.CommonExecutor.accessTestCaseMainPhase(CommonExecutor.java:65)
	at com.kms.katalon.core.main.TestSuiteExecutor.accessTestSuiteMainPhase(TestSuiteExecutor.java:150)
	at com.kms.katalon.core.main.TestSuiteExecutor.execute(TestSuiteExecutor.java:106)
	at com.kms.katalon.core.main.TestCaseMain.startTestSuite(TestCaseMain.java:180)
	at com.kms.katalon.core.main.TestCaseMain$startTestSuite$0.call(Unknown Source)
	at TempTestSuite1761090786896.run(TempTestSuite1761090786896.groovy:35)
	at java.base/jdk.internal.reflect.NativeMethodAccessorImpl.invoke0(Native Method)
	at java.base/jdk.internal.reflect.NativeMethodAccessorImpl.invoke(NativeMethodAccessorImpl.java:77)
	at java.base/jdk.internal.reflect.DelegatingMethodAccessorImpl.invoke(DelegatingMethodAccessorImpl.java:43)
)

21-10-2025T21:14:42 - [TEST_STEP][PASSED] - click(findTestObject("FIM/Hamburger Menu List/Hamburger_menu")): Object: 'Object Repository/FIM/Hamburger Menu List/Hamburger_menu' is clicked on

21-10-2025T21:14:42 - [MESSAGE][PASSED] - Object: 'Object Repository/FIM/Hamburger Menu List/Hamburger_menu' is clicked on

21-10-2025T21:14:42 - [TEST_STEP][PASSED] - delay(2): Delayed 2 second(s)

21-10-2025T21:14:44 - [MESSAGE][PASSED] - Delayed 2 second(s)

21-10-2025T21:14:44 - [TEST_STEP][PASSED] - click(findTestObject("FIM/Hamburger Menu List/KGL_Sites_option")): Object: 'Object Repository/FIM/Hamburger Menu List/KGL_Sites_option' is clicked on

21-10-2025T21:14:44 - [MESSAGE][PASSED] - Object: 'Object Repository/FIM/Hamburger Menu List/KGL_Sites_option' is clicked on

21-10-2025T21:14:44 - [TEST_STEP][PASSED] - if (verifyElementVisible(findTestObject("FIM/Existing Page with Pending Changes Close_btn"), OPTIONAL) == true): Web element with id: 'Object Repository/FIM/Existing Page with Pending Changes Close_btn' located by '/html/body/div[2]/div[1]/div/div/footer/div/button' not found (Root cause: com.kms.katalon.core.exception.StepFailedException: Web element with id: 'Object Repository/FIM/Existing Page with Pending Changes Close_btn' located by '/html/body/div[2]/div[1]/div/div/footer/div/button' not found
	at com.kms.katalon.core.webui.keyword.internal.WebUIKeywordMain.stepFailed(WebUIKeywordMain.groovy:117)
	at com.kms.katalon.core.webui.keyword.builtin.VerifyElementVisibleKeyword$_verifyElementVisible_closure1.doCall(VerifyElementVisibleKeyword.groovy:89)
	at com.kms.katalon.core.webui.keyword.builtin.VerifyElementVisibleKeyword$_verifyElementVisible_closure1.call(VerifyElementVisibleKeyword.groovy)
	at com.kms.katalon.core.webui.keyword.internal.WebUIKeywordMain.runKeyword(WebUIKeywordMain.groovy:35)
	at com.kms.katalon.core.webui.keyword.builtin.VerifyElementVisibleKeyword.verifyElementVisible(VerifyElementVisibleKeyword.groovy:97)
	at com.kms.katalon.core.webui.keyword.builtin.VerifyElementVisibleKeyword.execute(VerifyElementVisibleKeyword.groovy:67)
	at com.kms.katalon.core.keyword.internal.KeywordExecutor.executeKeywordForPlatform(KeywordExecutor.groovy:74)
	at com.kms.katalon.core.webui.keyword.WebUiBuiltInKeywords.verifyElementVisible(WebUiBuiltInKeywords.groovy:401)
	at com.kms.katalon.core.webui.keyword.WebUiBuiltInKeywords$verifyElementVisible$5.call(Unknown Source)
	at Cancelling Editting of Tank.run(Cancelling Editting of Tank:33)
	at com.kms.katalon.core.main.ScriptEngine.run(ScriptEngine.java:194)
	at com.kms.katalon.core.main.ScriptEngine.runScriptAsRawText(ScriptEngine.java:119)
	at com.kms.katalon.core.main.TestCaseExecutor.runScript(TestCaseExecutor.java:448)
	at com.kms.katalon.core.main.TestCaseExecutor.doExecute(TestCaseExecutor.java:439)
	at com.kms.katalon.core.main.TestCaseExecutor.processExecutionPhase(TestCaseExecutor.java:418)
	at com.kms.katalon.core.main.TestCaseExecutor.accessMainPhase(TestCaseExecutor.java:410)
	at com.kms.katalon.core.main.TestCaseExecutor.execute(TestCaseExecutor.java:285)
	at com.kms.katalon.core.common.CommonExecutor.accessTestCaseMainPhase(CommonExecutor.java:65)
	at com.kms.katalon.core.main.TestSuiteExecutor.accessTestSuiteMainPhase(TestSuiteExecutor.java:150)
	at com.kms.katalon.core.main.TestSuiteExecutor.execute(TestSuiteExecutor.java:106)
	at com.kms.katalon.core.main.TestCaseMain.startTestSuite(TestCaseMain.java:180)
	at com.kms.katalon.core.main.TestCaseMain$startTestSuite$0.call(Unknown Source)
	at TempTestSuite1761090786896.run(TempTestSuite1761090786896.groovy:35)
	at java.base/jdk.internal.reflect.NativeMethodAccessorImpl.invoke0(Native Method)
	at java.base/jdk.internal.reflect.NativeMethodAccessorImpl.invoke(NativeMethodAccessorImpl.java:77)
	at java.base/jdk.internal.reflect.DelegatingMethodAccessorImpl.invoke(DelegatingMethodAccessorImpl.java:43)
)

21-10-2025T21:15:00 - [MESSAGE][INFO] - Unable to find the element located by 'By.xpath: /html/body/div[2]/div[1]/div/div/footer/div/button'. Please recheck the objects properties to make sure the desired element is located. 

21-10-2025T21:15:00 - [MESSAGE][WARNING] - [SELF-HEALING] Failed to find element with id 'Object Repository/FIM/Existing Page with Pending Changes Close_btn'. Try using Self-healing.

21-10-2025T21:15:01 - [MESSAGE][INFO] - [SELF-HEALING] No working XPath is found.

21-10-2025T21:15:03 - [MESSAGE][INFO] - Unable to find the element located by 'By.xpath: '. Please recheck the objects properties to make sure the desired element is located. 

21-10-2025T21:15:03 - [MESSAGE][WARNING] - [SELF-HEALING] Cannot find elements when the selector is null

21-10-2025T21:15:03 - [MESSAGE][WARNING] - Web element with id: 'Object Repository/FIM/Existing Page with Pending Changes Close_btn' located by '/html/body/div[2]/div[1]/div/div/footer/div/button' not found (Root cause: com.kms.katalon.core.exception.StepFailedException: Web element with id: 'Object Repository/FIM/Existing Page with Pending Changes Close_btn' located by '/html/body/div[2]/div[1]/div/div/footer/div/button' not found
	at com.kms.katalon.core.webui.keyword.internal.WebUIKeywordMain.stepFailed(WebUIKeywordMain.groovy:117)
	at com.kms.katalon.core.webui.keyword.builtin.VerifyElementVisibleKeyword$_verifyElementVisible_closure1.doCall(VerifyElementVisibleKeyword.groovy:89)
	at com.kms.katalon.core.webui.keyword.builtin.VerifyElementVisibleKeyword$_verifyElementVisible_closure1.call(VerifyElementVisibleKeyword.groovy)
	at com.kms.katalon.core.webui.keyword.internal.WebUIKeywordMain.runKeyword(WebUIKeywordMain.groovy:35)
	at com.kms.katalon.core.webui.keyword.builtin.VerifyElementVisibleKeyword.verifyElementVisible(VerifyElementVisibleKeyword.groovy:97)
	at com.kms.katalon.core.webui.keyword.builtin.VerifyElementVisibleKeyword.execute(VerifyElementVisibleKeyword.groovy:67)
	at com.kms.katalon.core.keyword.internal.KeywordExecutor.executeKeywordForPlatform(KeywordExecutor.groovy:74)
	at com.kms.katalon.core.webui.keyword.WebUiBuiltInKeywords.verifyElementVisible(WebUiBuiltInKeywords.groovy:401)
	at com.kms.katalon.core.webui.keyword.WebUiBuiltInKeywords$verifyElementVisible$5.call(Unknown Source)
	at Cancelling Editting of Tank.run(Cancelling Editting of Tank:33)
	at com.kms.katalon.core.main.ScriptEngine.run(ScriptEngine.java:194)
	at com.kms.katalon.core.main.ScriptEngine.runScriptAsRawText(ScriptEngine.java:119)
	at com.kms.katalon.core.main.TestCaseExecutor.runScript(TestCaseExecutor.java:448)
	at com.kms.katalon.core.main.TestCaseExecutor.doExecute(TestCaseExecutor.java:439)
	at com.kms.katalon.core.main.TestCaseExecutor.processExecutionPhase(TestCaseExecutor.java:418)
	at com.kms.katalon.core.main.TestCaseExecutor.accessMainPhase(TestCaseExecutor.java:410)
	at com.kms.katalon.core.main.TestCaseExecutor.execute(TestCaseExecutor.java:285)
	at com.kms.katalon.core.common.CommonExecutor.accessTestCaseMainPhase(CommonExecutor.java:65)
	at com.kms.katalon.core.main.TestSuiteExecutor.accessTestSuiteMainPhase(TestSuiteExecutor.java:150)
	at com.kms.katalon.core.main.TestSuiteExecutor.execute(TestSuiteExecutor.java:106)
	at com.kms.katalon.core.main.TestCaseMain.startTestSuite(TestCaseMain.java:180)
	at com.kms.katalon.core.main.TestCaseMain$startTestSuite$0.call(Unknown Source)
	at TempTestSuite1761090786896.run(TempTestSuite1761090786896.groovy:35)
	at java.base/jdk.internal.reflect.NativeMethodAccessorImpl.invoke0(Native Method)
	at java.base/jdk.internal.reflect.NativeMethodAccessorImpl.invoke(NativeMethodAccessorImpl.java:77)
	at java.base/jdk.internal.reflect.DelegatingMethodAccessorImpl.invoke(DelegatingMethodAccessorImpl.java:43)
)

21-10-2025T21:15:03 - [TEST_STEP][PASSED] - delay(1): Delayed 1 second(s)

21-10-2025T21:15:04 - [MESSAGE][PASSED] - Delayed 1 second(s)

21-10-2025T21:15:04 - [TEST_STEP][PASSED] - waitForElementClickable(findTestObject("FIM/Sites Page/Site Filtering/Site_txt"), 15): Object 'Object Repository/FIM/Sites Page/Site Filtering/Site_txt' is clickable

21-10-2025T21:15:04 - [MESSAGE][PASSED] - Object 'Object Repository/FIM/Sites Page/Site Filtering/Site_txt' is clickable

21-10-2025T21:15:04 - [TEST_STEP][PASSED] - delay(1): Delayed 1 second(s)

21-10-2025T21:15:05 - [MESSAGE][PASSED] - Delayed 1 second(s)

21-10-2025T21:15:05 - [TEST_STEP][PASSED] - verifyElementVisible(findTestObject("FIM/Sites Page/Tank/Tank Edit_btn")): Object 'Object Repository/FIM/Sites Page/Tank/Tank Edit_btn' is visible

21-10-2025T21:15:05 - [MESSAGE][PASSED] - Object 'Object Repository/FIM/Sites Page/Tank/Tank Edit_btn' is visible

21-10-2025T21:15:05 - [TEST_STEP][PASSED] - click(findTestObject("FIM/Sites Page/Tank/Tank Edit_btn")): Object: 'Object Repository/FIM/Sites Page/Tank/Tank Edit_btn' is clicked on

21-10-2025T21:15:05 - [MESSAGE][PASSED] - Object: 'Object Repository/FIM/Sites Page/Tank/Tank Edit_btn' is clicked on

21-10-2025T21:15:05 - [TEST_STEP][PASSED] - delay(1): Delayed 1 second(s)

21-10-2025T21:15:06 - [MESSAGE][PASSED] - Delayed 1 second(s)

21-10-2025T21:15:06 - [TEST_STEP][PASSED] - click(findTestObject("FIM/Sites Page/Tank/Tank Cancel_btn")): Object: 'Object Repository/FIM/Sites Page/Tank/Tank Cancel_btn' is clicked on

21-10-2025T21:15:07 - [MESSAGE][PASSED] - Object: 'Object Repository/FIM/Sites Page/Tank/Tank Cancel_btn' is clicked on

21-10-2025T21:15:07 - [TEST_STEP][PASSED] - closeBrowser(): Browser is closed

21-10-2025T21:15:07 - [MESSAGE][PASSED] - Browser is closed

21-10-2025T21:15:07 - [TEST_STEP][PASSED] - Start listener action : retryOnDisconnect: null

21-10-2025T21:15:07 - [TEST_STEP][PASSED] - tcId = testCaseContext.getTestCaseId(): null

21-10-2025T21:15:07 - [TEST_STEP][PASSED] - currentRetry = retryCounts.getOrDefault(tcId, 0): null

21-10-2025T21:15:07 - [TEST_STEP][PASSED] - if (testCaseContext.getTestCaseStatus() == "FAILED" && currentRetry < MAX_RETRIES): null]]></system-out>
         <system-err><![CDATA[]]></system-err>
      </testcase>
      <testcase name="Test Cases/FIM/UI/KGL/Admin/Sites Page/Tank/Cannot Add New Tank With Duplicate Tank Number" time="70.278" classname="Test Cases/FIM/UI/KGL/Admin/Sites Page/Tank/Cannot Add New Tank With Duplicate Tank Number" status="PASSED">
         <system-out><![CDATA[21-10-2025T21:15:07 - [TEST_CASE][PASSED] - Test Cases/FIM/UI/KGL/Admin/Sites Page/Tank/Cannot Add New Tank With Duplicate Tank Number: Test Cases/FIM/UI/KGL/Admin/Sites Page/Tank/Cannot Add New Tank With Duplicate Tank Number

21-10-2025T21:15:07 - [TEST_STEP][PASSED] - Start listener action : beforeTestCase: null

21-10-2025T21:15:07 - [TEST_STEP][PASSED] - addDefaultPackages(): null

21-10-2025T21:15:07 - [TEST_STEP][PASSED] - callTestCase(findTestCase("Utility Scripts/FIM KGL Admin Login"), [:], STOP_ON_FAILURE): Call Test Case 'Test Cases/Utility Scripts/FIM KGL Admin Login' successfully

21-10-2025T21:15:07 - [TEST_CASE][PASSED] - Test Cases/Utility Scripts/FIM KGL Admin Login: Test Cases/Utility Scripts/FIM KGL Admin Login

21-10-2025T21:15:07 - [TEST_STEP][PASSED] - openBrowser(""): Browser is opened with url: ''

21-10-2025T21:15:07 - [MESSAGE][INFO] - Starting 'Chrome' driver

21-10-2025T21:15:07 - [MESSAGE][INFO] - User set preference: ['args', '[--no-sandbox, --disable-gpu, --disable-dev-shm-usage]']

21-10-2025T21:15:07 - [MESSAGE][INFO] - Action delay is set to 0 milliseconds

21-10-2025T21:15:08 - [MESSAGE][PASSED] - Browser is opened with url: ''

21-10-2025T21:15:08 - [TEST_STEP][PASSED] - delay(1): Delayed 1 second(s)

21-10-2025T21:15:09 - [MESSAGE][PASSED] - Delayed 1 second(s)

21-10-2025T21:15:09 - [TEST_STEP][PASSED] - navigateToUrl(KGLCustomGroupUrl): Navigate to 'https://kaglogistics-inventory-management-portal.qa.thekag.com/custom-group/' successfully

21-10-2025T21:15:10 - [MESSAGE][PASSED] - Navigate to 'https://kaglogistics-inventory-management-portal.qa.thekag.com/custom-group/' successfully

21-10-2025T21:15:10 - [TEST_STEP][PASSED] - delay(10): Delayed 10 second(s)

21-10-2025T21:15:20 - [MESSAGE][PASSED] - Delayed 10 second(s)

21-10-2025T21:15:20 - [TEST_STEP][PASSED] - if (maximizeWindow == true): Delayed 1 second(s)

21-10-2025T21:15:20 - [TEST_STEP][PASSED] - maximizeWindow(STOP_ON_FAILURE): Current window maximized

21-10-2025T21:15:20 - [MESSAGE][PASSED] - Current window maximized

21-10-2025T21:15:20 - [TEST_STEP][PASSED] - delay(1): Delayed 1 second(s)

21-10-2025T21:15:21 - [MESSAGE][PASSED] - Delayed 1 second(s)

21-10-2025T21:15:21 - [TEST_STEP][PASSED] - waitForElementPresent(findTestObject("FIM/Username_txt"), 10): Object 'Object Repository/FIM/Username_txt' is present

21-10-2025T21:15:21 - [MESSAGE][PASSED] - Object 'Object Repository/FIM/Username_txt' is present

21-10-2025T21:15:21 - [TEST_STEP][PASSED] - setText(findTestObject("FIM/Username_txt"), FIMUsername): Text 'Chris.Sheldon+DES_QA@Thekag.com' is set on object 'Object Repository/FIM/Username_txt'

21-10-2025T21:15:21 - [MESSAGE][PASSED] - Text 'Chris.Sheldon+DES_QA@Thekag.com' is set on object 'Object Repository/FIM/Username_txt'

21-10-2025T21:15:21 - [TEST_STEP][PASSED] - delay(1): Delayed 1 second(s)

21-10-2025T21:15:22 - [MESSAGE][PASSED] - Delayed 1 second(s)

21-10-2025T21:15:22 - [TEST_STEP][PASSED] - setText(findTestObject("FIM/Password_txt"), FIMPassword): Text 'QATest!2' is set on object 'Object Repository/FIM/Password_txt'

21-10-2025T21:15:22 - [MESSAGE][PASSED] - Text 'QATest!2' is set on object 'Object Repository/FIM/Password_txt'

21-10-2025T21:15:22 - [TEST_STEP][PASSED] - delay(1): Delayed 1 second(s)

21-10-2025T21:15:23 - [MESSAGE][PASSED] - Delayed 1 second(s)

21-10-2025T21:15:23 - [TEST_STEP][PASSED] - click(findTestObject("FIM/Login_btn")): Object: 'Object Repository/FIM/Login_btn' is clicked on

21-10-2025T21:15:23 - [MESSAGE][PASSED] - Object: 'Object Repository/FIM/Login_btn' is clicked on

21-10-2025T21:15:23 - [MESSAGE][PASSED] - Call Test Case 'Test Cases/Utility Scripts/FIM KGL Admin Login' successfully

21-10-2025T21:15:23 - [TEST_STEP][PASSED] - if (verifyElementVisible(findTestObject("FIM/Server_Notification_Close_btn"), OPTIONAL) == true): Web element with id: 'Object Repository/FIM/Server_Notification_Close_btn' located by '/html/body/div/div[1]/button' not found (Root cause: com.kms.katalon.core.exception.StepFailedException: Web element with id: 'Object Repository/FIM/Server_Notification_Close_btn' located by '/html/body/div/div[1]/button' not found
	at com.kms.katalon.core.webui.keyword.internal.WebUIKeywordMain.stepFailed(WebUIKeywordMain.groovy:117)
	at com.kms.katalon.core.webui.keyword.builtin.VerifyElementVisibleKeyword$_verifyElementVisible_closure1.doCall(VerifyElementVisibleKeyword.groovy:89)
	at com.kms.katalon.core.webui.keyword.builtin.VerifyElementVisibleKeyword$_verifyElementVisible_closure1.call(VerifyElementVisibleKeyword.groovy)
	at com.kms.katalon.core.webui.keyword.internal.WebUIKeywordMain.runKeyword(WebUIKeywordMain.groovy:35)
	at com.kms.katalon.core.webui.keyword.builtin.VerifyElementVisibleKeyword.verifyElementVisible(VerifyElementVisibleKeyword.groovy:97)
	at com.kms.katalon.core.webui.keyword.builtin.VerifyElementVisibleKeyword.execute(VerifyElementVisibleKeyword.groovy:67)
	at com.kms.katalon.core.keyword.internal.KeywordExecutor.executeKeywordForPlatform(KeywordExecutor.groovy:74)
	at com.kms.katalon.core.webui.keyword.WebUiBuiltInKeywords.verifyElementVisible(WebUiBuiltInKeywords.groovy:401)
	at com.kms.katalon.core.webui.keyword.WebUiBuiltInKeywords$verifyElementVisible$5.call(Unknown Source)
	at Cannot Add New Tank With Duplicate Tank Number.run(Cannot Add New Tank With Duplicate Tank Number:22)
	at com.kms.katalon.core.main.ScriptEngine.run(ScriptEngine.java:194)
	at com.kms.katalon.core.main.ScriptEngine.runScriptAsRawText(ScriptEngine.java:119)
	at com.kms.katalon.core.main.TestCaseExecutor.runScript(TestCaseExecutor.java:448)
	at com.kms.katalon.core.main.TestCaseExecutor.doExecute(TestCaseExecutor.java:439)
	at com.kms.katalon.core.main.TestCaseExecutor.processExecutionPhase(TestCaseExecutor.java:418)
	at com.kms.katalon.core.main.TestCaseExecutor.accessMainPhase(TestCaseExecutor.java:410)
	at com.kms.katalon.core.main.TestCaseExecutor.execute(TestCaseExecutor.java:285)
	at com.kms.katalon.core.common.CommonExecutor.accessTestCaseMainPhase(CommonExecutor.java:65)
	at com.kms.katalon.core.main.TestSuiteExecutor.accessTestSuiteMainPhase(TestSuiteExecutor.java:150)
	at com.kms.katalon.core.main.TestSuiteExecutor.execute(TestSuiteExecutor.java:106)
	at com.kms.katalon.core.main.TestCaseMain.startTestSuite(TestCaseMain.java:180)
	at com.kms.katalon.core.main.TestCaseMain$startTestSuite$0.call(Unknown Source)
	at TempTestSuite1761090786896.run(TempTestSuite1761090786896.groovy:35)
	at java.base/jdk.internal.reflect.NativeMethodAccessorImpl.invoke0(Native Method)
	at java.base/jdk.internal.reflect.NativeMethodAccessorImpl.invoke(NativeMethodAccessorImpl.java:77)
	at java.base/jdk.internal.reflect.DelegatingMethodAccessorImpl.invoke(DelegatingMethodAccessorImpl.java:43)
)

21-10-2025T21:15:39 - [MESSAGE][INFO] - Unable to find the element located by 'By.xpath: /html/body/div/div[1]/button'. Please recheck the objects properties to make sure the desired element is located. 

21-10-2025T21:15:39 - [MESSAGE][WARNING] - [SELF-HEALING] Failed to find element with id 'Object Repository/FIM/Server_Notification_Close_btn'. Try using Self-healing.

21-10-2025T21:15:40 - [MESSAGE][INFO] - [SELF-HEALING] No working XPath is found.

21-10-2025T21:15:42 - [MESSAGE][INFO] - Unable to find the element located by 'By.xpath: '. Please recheck the objects properties to make sure the desired element is located. 

21-10-2025T21:15:42 - [MESSAGE][WARNING] - [SELF-HEALING] Cannot find elements when the selector is null

21-10-2025T21:15:42 - [MESSAGE][WARNING] - Web element with id: 'Object Repository/FIM/Server_Notification_Close_btn' located by '/html/body/div/div[1]/button' not found (Root cause: com.kms.katalon.core.exception.StepFailedException: Web element with id: 'Object Repository/FIM/Server_Notification_Close_btn' located by '/html/body/div/div[1]/button' not found
	at com.kms.katalon.core.webui.keyword.internal.WebUIKeywordMain.stepFailed(WebUIKeywordMain.groovy:117)
	at com.kms.katalon.core.webui.keyword.builtin.VerifyElementVisibleKeyword$_verifyElementVisible_closure1.doCall(VerifyElementVisibleKeyword.groovy:89)
	at com.kms.katalon.core.webui.keyword.builtin.VerifyElementVisibleKeyword$_verifyElementVisible_closure1.call(VerifyElementVisibleKeyword.groovy)
	at com.kms.katalon.core.webui.keyword.internal.WebUIKeywordMain.runKeyword(WebUIKeywordMain.groovy:35)
	at com.kms.katalon.core.webui.keyword.builtin.VerifyElementVisibleKeyword.verifyElementVisible(VerifyElementVisibleKeyword.groovy:97)
	at com.kms.katalon.core.webui.keyword.builtin.VerifyElementVisibleKeyword.execute(VerifyElementVisibleKeyword.groovy:67)
	at com.kms.katalon.core.keyword.internal.KeywordExecutor.executeKeywordForPlatform(KeywordExecutor.groovy:74)
	at com.kms.katalon.core.webui.keyword.WebUiBuiltInKeywords.verifyElementVisible(WebUiBuiltInKeywords.groovy:401)
	at com.kms.katalon.core.webui.keyword.WebUiBuiltInKeywords$verifyElementVisible$5.call(Unknown Source)
	at Cannot Add New Tank With Duplicate Tank Number.run(Cannot Add New Tank With Duplicate Tank Number:22)
	at com.kms.katalon.core.main.ScriptEngine.run(ScriptEngine.java:194)
	at com.kms.katalon.core.main.ScriptEngine.runScriptAsRawText(ScriptEngine.java:119)
	at com.kms.katalon.core.main.TestCaseExecutor.runScript(TestCaseExecutor.java:448)
	at com.kms.katalon.core.main.TestCaseExecutor.doExecute(TestCaseExecutor.java:439)
	at com.kms.katalon.core.main.TestCaseExecutor.processExecutionPhase(TestCaseExecutor.java:418)
	at com.kms.katalon.core.main.TestCaseExecutor.accessMainPhase(TestCaseExecutor.java:410)
	at com.kms.katalon.core.main.TestCaseExecutor.execute(TestCaseExecutor.java:285)
	at com.kms.katalon.core.common.CommonExecutor.accessTestCaseMainPhase(CommonExecutor.java:65)
	at com.kms.katalon.core.main.TestSuiteExecutor.accessTestSuiteMainPhase(TestSuiteExecutor.java:150)
	at com.kms.katalon.core.main.TestSuiteExecutor.execute(TestSuiteExecutor.java:106)
	at com.kms.katalon.core.main.TestCaseMain.startTestSuite(TestCaseMain.java:180)
	at com.kms.katalon.core.main.TestCaseMain$startTestSuite$0.call(Unknown Source)
	at TempTestSuite1761090786896.run(TempTestSuite1761090786896.groovy:35)
	at java.base/jdk.internal.reflect.NativeMethodAccessorImpl.invoke0(Native Method)
	at java.base/jdk.internal.reflect.NativeMethodAccessorImpl.invoke(NativeMethodAccessorImpl.java:77)
	at java.base/jdk.internal.reflect.DelegatingMethodAccessorImpl.invoke(DelegatingMethodAccessorImpl.java:43)
)

21-10-2025T21:15:42 - [TEST_STEP][PASSED] - click(findTestObject("FIM/Hamburger Menu List/Hamburger_menu")): Object: 'Object Repository/FIM/Hamburger Menu List/Hamburger_menu' is clicked on

21-10-2025T21:15:42 - [MESSAGE][PASSED] - Object: 'Object Repository/FIM/Hamburger Menu List/Hamburger_menu' is clicked on

21-10-2025T21:15:42 - [TEST_STEP][PASSED] - delay(2): Delayed 2 second(s)

21-10-2025T21:15:44 - [MESSAGE][PASSED] - Delayed 2 second(s)

21-10-2025T21:15:44 - [TEST_STEP][PASSED] - click(findTestObject("FIM/Hamburger Menu List/KGL_Sites_option")): Object: 'Object Repository/FIM/Hamburger Menu List/KGL_Sites_option' is clicked on

21-10-2025T21:15:44 - [MESSAGE][PASSED] - Object: 'Object Repository/FIM/Hamburger Menu List/KGL_Sites_option' is clicked on

21-10-2025T21:15:44 - [TEST_STEP][PASSED] - if (verifyElementVisible(findTestObject("FIM/Existing Page with Pending Changes Close_btn"), OPTIONAL) == true): Web element with id: 'Object Repository/FIM/Existing Page with Pending Changes Close_btn' located by '/html/body/div[2]/div[1]/div/div/footer/div/button' not found (Root cause: com.kms.katalon.core.exception.StepFailedException: Web element with id: 'Object Repository/FIM/Existing Page with Pending Changes Close_btn' located by '/html/body/div[2]/div[1]/div/div/footer/div/button' not found
	at com.kms.katalon.core.webui.keyword.internal.WebUIKeywordMain.stepFailed(WebUIKeywordMain.groovy:117)
	at com.kms.katalon.core.webui.keyword.builtin.VerifyElementVisibleKeyword$_verifyElementVisible_closure1.doCall(VerifyElementVisibleKeyword.groovy:89)
	at com.kms.katalon.core.webui.keyword.builtin.VerifyElementVisibleKeyword$_verifyElementVisible_closure1.call(VerifyElementVisibleKeyword.groovy)
	at com.kms.katalon.core.webui.keyword.internal.WebUIKeywordMain.runKeyword(WebUIKeywordMain.groovy:35)
	at com.kms.katalon.core.webui.keyword.builtin.VerifyElementVisibleKeyword.verifyElementVisible(VerifyElementVisibleKeyword.groovy:97)
	at com.kms.katalon.core.webui.keyword.builtin.VerifyElementVisibleKeyword.execute(VerifyElementVisibleKeyword.groovy:67)
	at com.kms.katalon.core.keyword.internal.KeywordExecutor.executeKeywordForPlatform(KeywordExecutor.groovy:74)
	at com.kms.katalon.core.webui.keyword.WebUiBuiltInKeywords.verifyElementVisible(WebUiBuiltInKeywords.groovy:401)
	at com.kms.katalon.core.webui.keyword.WebUiBuiltInKeywords$verifyElementVisible$5.call(Unknown Source)
	at Cannot Add New Tank With Duplicate Tank Number.run(Cannot Add New Tank With Duplicate Tank Number:33)
	at com.kms.katalon.core.main.ScriptEngine.run(ScriptEngine.java:194)
	at com.kms.katalon.core.main.ScriptEngine.runScriptAsRawText(ScriptEngine.java:119)
	at com.kms.katalon.core.main.TestCaseExecutor.runScript(TestCaseExecutor.java:448)
	at com.kms.katalon.core.main.TestCaseExecutor.doExecute(TestCaseExecutor.java:439)
	at com.kms.katalon.core.main.TestCaseExecutor.processExecutionPhase(TestCaseExecutor.java:418)
	at com.kms.katalon.core.main.TestCaseExecutor.accessMainPhase(TestCaseExecutor.java:410)
	at com.kms.katalon.core.main.TestCaseExecutor.execute(TestCaseExecutor.java:285)
	at com.kms.katalon.core.common.CommonExecutor.accessTestCaseMainPhase(CommonExecutor.java:65)
	at com.kms.katalon.core.main.TestSuiteExecutor.accessTestSuiteMainPhase(TestSuiteExecutor.java:150)
	at com.kms.katalon.core.main.TestSuiteExecutor.execute(TestSuiteExecutor.java:106)
	at com.kms.katalon.core.main.TestCaseMain.startTestSuite(TestCaseMain.java:180)
	at com.kms.katalon.core.main.TestCaseMain$startTestSuite$0.call(Unknown Source)
	at TempTestSuite1761090786896.run(TempTestSuite1761090786896.groovy:35)
	at java.base/jdk.internal.reflect.NativeMethodAccessorImpl.invoke0(Native Method)
	at java.base/jdk.internal.reflect.NativeMethodAccessorImpl.invoke(NativeMethodAccessorImpl.java:77)
	at java.base/jdk.internal.reflect.DelegatingMethodAccessorImpl.invoke(DelegatingMethodAccessorImpl.java:43)
)

21-10-2025T21:16:00 - [MESSAGE][INFO] - Unable to find the element located by 'By.xpath: /html/body/div[2]/div[1]/div/div/footer/div/button'. Please recheck the objects properties to make sure the desired element is located. 

21-10-2025T21:16:00 - [MESSAGE][WARNING] - [SELF-HEALING] Failed to find element with id 'Object Repository/FIM/Existing Page with Pending Changes Close_btn'. Try using Self-healing.

21-10-2025T21:16:01 - [MESSAGE][INFO] - [SELF-HEALING] No working XPath is found.

21-10-2025T21:16:03 - [MESSAGE][INFO] - Unable to find the element located by 'By.xpath: '. Please recheck the objects properties to make sure the desired element is located. 

21-10-2025T21:16:03 - [MESSAGE][WARNING] - [SELF-HEALING] Cannot find elements when the selector is null

21-10-2025T21:16:03 - [MESSAGE][WARNING] - Web element with id: 'Object Repository/FIM/Existing Page with Pending Changes Close_btn' located by '/html/body/div[2]/div[1]/div/div/footer/div/button' not found (Root cause: com.kms.katalon.core.exception.StepFailedException: Web element with id: 'Object Repository/FIM/Existing Page with Pending Changes Close_btn' located by '/html/body/div[2]/div[1]/div/div/footer/div/button' not found
	at com.kms.katalon.core.webui.keyword.internal.WebUIKeywordMain.stepFailed(WebUIKeywordMain.groovy:117)
	at com.kms.katalon.core.webui.keyword.builtin.VerifyElementVisibleKeyword$_verifyElementVisible_closure1.doCall(VerifyElementVisibleKeyword.groovy:89)
	at com.kms.katalon.core.webui.keyword.builtin.VerifyElementVisibleKeyword$_verifyElementVisible_closure1.call(VerifyElementVisibleKeyword.groovy)
	at com.kms.katalon.core.webui.keyword.internal.WebUIKeywordMain.runKeyword(WebUIKeywordMain.groovy:35)
	at com.kms.katalon.core.webui.keyword.builtin.VerifyElementVisibleKeyword.verifyElementVisible(VerifyElementVisibleKeyword.groovy:97)
	at com.kms.katalon.core.webui.keyword.builtin.VerifyElementVisibleKeyword.execute(VerifyElementVisibleKeyword.groovy:67)
	at com.kms.katalon.core.keyword.internal.KeywordExecutor.executeKeywordForPlatform(KeywordExecutor.groovy:74)
	at com.kms.katalon.core.webui.keyword.WebUiBuiltInKeywords.verifyElementVisible(WebUiBuiltInKeywords.groovy:401)
	at com.kms.katalon.core.webui.keyword.WebUiBuiltInKeywords$verifyElementVisible$5.call(Unknown Source)
	at Cannot Add New Tank With Duplicate Tank Number.run(Cannot Add New Tank With Duplicate Tank Number:33)
	at com.kms.katalon.core.main.ScriptEngine.run(ScriptEngine.java:194)
	at com.kms.katalon.core.main.ScriptEngine.runScriptAsRawText(ScriptEngine.java:119)
	at com.kms.katalon.core.main.TestCaseExecutor.runScript(TestCaseExecutor.java:448)
	at com.kms.katalon.core.main.TestCaseExecutor.doExecute(TestCaseExecutor.java:439)
	at com.kms.katalon.core.main.TestCaseExecutor.processExecutionPhase(TestCaseExecutor.java:418)
	at com.kms.katalon.core.main.TestCaseExecutor.accessMainPhase(TestCaseExecutor.java:410)
	at com.kms.katalon.core.main.TestCaseExecutor.execute(TestCaseExecutor.java:285)
	at com.kms.katalon.core.common.CommonExecutor.accessTestCaseMainPhase(CommonExecutor.java:65)
	at com.kms.katalon.core.main.TestSuiteExecutor.accessTestSuiteMainPhase(TestSuiteExecutor.java:150)
	at com.kms.katalon.core.main.TestSuiteExecutor.execute(TestSuiteExecutor.java:106)
	at com.kms.katalon.core.main.TestCaseMain.startTestSuite(TestCaseMain.java:180)
	at com.kms.katalon.core.main.TestCaseMain$startTestSuite$0.call(Unknown Source)
	at TempTestSuite1761090786896.run(TempTestSuite1761090786896.groovy:35)
	at java.base/jdk.internal.reflect.NativeMethodAccessorImpl.invoke0(Native Method)
	at java.base/jdk.internal.reflect.NativeMethodAccessorImpl.invoke(NativeMethodAccessorImpl.java:77)
	at java.base/jdk.internal.reflect.DelegatingMethodAccessorImpl.invoke(DelegatingMethodAccessorImpl.java:43)
)

21-10-2025T21:16:03 - [TEST_STEP][PASSED] - delay(1): Delayed 1 second(s)

21-10-2025T21:16:05 - [MESSAGE][PASSED] - Delayed 1 second(s)

21-10-2025T21:16:05 - [TEST_STEP][PASSED] - waitForElementClickable(findTestObject("FIM/Sites Page/Site Filtering/Site_txt"), 15): Object 'Object Repository/FIM/Sites Page/Site Filtering/Site_txt' is clickable

21-10-2025T21:16:05 - [MESSAGE][PASSED] - Object 'Object Repository/FIM/Sites Page/Site Filtering/Site_txt' is clickable

21-10-2025T21:16:05 - [TEST_STEP][PASSED] - delay(1): Delayed 1 second(s)

21-10-2025T21:16:06 - [MESSAGE][PASSED] - Delayed 1 second(s)

21-10-2025T21:16:06 - [TEST_STEP][PASSED] - verifyElementVisible(findTestObject("FIM/Sites Page/Tank/New Tank_btn")): Object 'Object Repository/FIM/Sites Page/Tank/New Tank_btn' is visible

21-10-2025T21:16:06 - [MESSAGE][PASSED] - Object 'Object Repository/FIM/Sites Page/Tank/New Tank_btn' is visible

21-10-2025T21:16:06 - [TEST_STEP][PASSED] - click(findTestObject("FIM/Sites Page/Tank/New Tank_btn")): Object: 'Object Repository/FIM/Sites Page/Tank/New Tank_btn' is clicked on

21-10-2025T21:16:06 - [MESSAGE][PASSED] - Object: 'Object Repository/FIM/Sites Page/Tank/New Tank_btn' is clicked on

21-10-2025T21:16:06 - [TEST_STEP][PASSED] - delay(2): Delayed 2 second(s)

21-10-2025T21:16:08 - [MESSAGE][PASSED] - Delayed 2 second(s)

21-10-2025T21:16:08 - [TEST_STEP][PASSED] - sendKeys(findTestObject("FIM/Sites Page/Tank/Tank Number_txt"), "1"): Keys '1' sent to object: 'Object Repository/FIM/Sites Page/Tank/Tank Number_txt'

21-10-2025T21:16:08 - [MESSAGE][PASSED] - Keys '1' sent to object: 'Object Repository/FIM/Sites Page/Tank/Tank Number_txt'

21-10-2025T21:16:08 - [TEST_STEP][PASSED] - delay(1): Delayed 1 second(s)

21-10-2025T21:16:09 - [MESSAGE][PASSED] - Delayed 1 second(s)

21-10-2025T21:16:09 - [TEST_STEP][PASSED] - selectOptionByLabel(findTestObject("FIM/Sites Page/Tank/Commodity_dropdown"), "PREMIUM", false): All options with label 'PREMIUM' are selected in object 'Object Repository/FIM/Sites Page/Tank/Commodity_dropdown' 

21-10-2025T21:16:09 - [MESSAGE][PASSED] - All options with label 'PREMIUM' are selected in object 'Object Repository/FIM/Sites Page/Tank/Commodity_dropdown' 

21-10-2025T21:16:09 - [TEST_STEP][PASSED] - delay(1): Delayed 1 second(s)

21-10-2025T21:16:10 - [MESSAGE][PASSED] - Delayed 1 second(s)

21-10-2025T21:16:10 - [TEST_STEP][PASSED] - selectOptionByLabel(findTestObject("FIM/Sites Page/Tank/Commodity Code_dropdown"), "G9200000", false): All options with label 'G9200000' are selected in object 'Object Repository/FIM/Sites Page/Tank/Commodity Code_dropdown' 

21-10-2025T21:16:10 - [MESSAGE][PASSED] - All options with label 'G9200000' are selected in object 'Object Repository/FIM/Sites Page/Tank/Commodity Code_dropdown' 

21-10-2025T21:16:10 - [TEST_STEP][PASSED] - delay(1): Delayed 1 second(s)

21-10-2025T21:16:11 - [MESSAGE][PASSED] - Delayed 1 second(s)

21-10-2025T21:16:11 - [TEST_STEP][PASSED] - sendKeys(findTestObject("FIM/Sites Page/Tank/Safe Fill Quantity_txt"), "9540"): Keys '9540' sent to object: 'Object Repository/FIM/Sites Page/Tank/Safe Fill Quantity_txt'

21-10-2025T21:16:11 - [MESSAGE][PASSED] - Keys '9540' sent to object: 'Object Repository/FIM/Sites Page/Tank/Safe Fill Quantity_txt'

21-10-2025T21:16:11 - [TEST_STEP][PASSED] - delay(1): Delayed 1 second(s)

21-10-2025T21:16:12 - [MESSAGE][PASSED] - Delayed 1 second(s)

21-10-2025T21:16:12 - [TEST_STEP][PASSED] - sendKeys(findTestObject("FIM/Sites Page/Tank/Tank Size_txt"), "13000"): Keys '13000' sent to object: 'Object Repository/FIM/Sites Page/Tank/Tank Size_txt'

21-10-2025T21:16:12 - [MESSAGE][PASSED] - Keys '13000' sent to object: 'Object Repository/FIM/Sites Page/Tank/Tank Size_txt'

21-10-2025T21:16:12 - [TEST_STEP][PASSED] - delay(1): Delayed 1 second(s)

21-10-2025T21:16:13 - [MESSAGE][PASSED] - Delayed 1 second(s)

21-10-2025T21:16:13 - [TEST_STEP][PASSED] - sendKeys(findTestObject("FIM/Sites Page/Tank/Threshold_txt"), "1200"): Keys '1200' sent to object: 'Object Repository/FIM/Sites Page/Tank/Threshold_txt'

21-10-2025T21:16:13 - [MESSAGE][PASSED] - Keys '1200' sent to object: 'Object Repository/FIM/Sites Page/Tank/Threshold_txt'

21-10-2025T21:16:13 - [TEST_STEP][PASSED] - delay(1): Delayed 1 second(s)

21-10-2025T21:16:14 - [MESSAGE][PASSED] - Delayed 1 second(s)

21-10-2025T21:16:14 - [TEST_STEP][PASSED] - setText(findTestObject("FIM/Sites Page/Tank/Pump Stop_txt"), "1150"): Text '1150' is set on object 'Object Repository/FIM/Sites Page/Tank/Pump Stop_txt'

21-10-2025T21:16:15 - [MESSAGE][PASSED] - Text '1150' is set on object 'Object Repository/FIM/Sites Page/Tank/Pump Stop_txt'

21-10-2025T21:16:15 - [TEST_STEP][PASSED] - delay(1): Delayed 1 second(s)

21-10-2025T21:16:16 - [MESSAGE][PASSED] - Delayed 1 second(s)

21-10-2025T21:16:16 - [TEST_STEP][PASSED] - click(findTestObject("FIM/Sites Page/Tank/Tank Save_btn"), STOP_ON_FAILURE): Object: 'Object Repository/FIM/Sites Page/Tank/Tank Save_btn' is clicked on

21-10-2025T21:16:16 - [MESSAGE][PASSED] - Object: 'Object Repository/FIM/Sites Page/Tank/Tank Save_btn' is clicked on

21-10-2025T21:16:16 - [TEST_STEP][PASSED] - delay(1): Delayed 1 second(s)

21-10-2025T21:16:17 - [MESSAGE][PASSED] - Delayed 1 second(s)

21-10-2025T21:16:17 - [TEST_STEP][PASSED] - verifyElementVisible(findTestObject("FIM/Sites Page/Tank/Tank Error Message"), STOP_ON_FAILURE): Object 'Object Repository/FIM/Sites Page/Tank/Tank Error Message' is visible

21-10-2025T21:16:17 - [MESSAGE][PASSED] - Object 'Object Repository/FIM/Sites Page/Tank/Tank Error Message' is visible

21-10-2025T21:16:17 - [TEST_STEP][PASSED] - verifyElementText(findTestObject("FIM/Sites Page/Tank/Tank Error Message"), "Cannot add this tank as it already exists."): Actual text and expected text of test object 'Object Repository/FIM/Sites Page/Tank/Tank Error Message' are matched.

21-10-2025T21:16:17 - [MESSAGE][PASSED] - Actual text and expected text of test object 'Object Repository/FIM/Sites Page/Tank/Tank Error Message' are matched.

21-10-2025T21:16:17 - [TEST_STEP][PASSED] - closeBrowser(): Browser is closed

21-10-2025T21:16:17 - [MESSAGE][PASSED] - Browser is closed

21-10-2025T21:16:17 - [TEST_STEP][PASSED] - Start listener action : retryOnDisconnect: null

21-10-2025T21:16:17 - [TEST_STEP][PASSED] - tcId = testCaseContext.getTestCaseId(): null

21-10-2025T21:16:17 - [TEST_STEP][PASSED] - currentRetry = retryCounts.getOrDefault(tcId, 0): null

21-10-2025T21:16:17 - [TEST_STEP][PASSED] - if (testCaseContext.getTestCaseStatus() == "FAILED" && currentRetry < MAX_RETRIES): null]]></system-out>
         <system-err><![CDATA[]]></system-err>
      </testcase>
      <testcase name="Test Cases/FIM/UI/KGL/Admin/Sites Page/Tank/Cannot Add Tank When Pump Stop is Negative Number" time="68.706" classname="Test Cases/FIM/UI/KGL/Admin/Sites Page/Tank/Cannot Add Tank When Pump Stop is Negative Number" status="PASSED">
         <system-out><![CDATA[21-10-2025T21:16:17 - [TEST_CASE][PASSED] - Test Cases/FIM/UI/KGL/Admin/Sites Page/Tank/Cannot Add Tank When Pump Stop is Negative Number: Test Cases/FIM/UI/KGL/Admin/Sites Page/Tank/Cannot Add Tank When Pump Stop is Negative Number

21-10-2025T21:16:17 - [TEST_STEP][PASSED] - Start listener action : beforeTestCase: null

21-10-2025T21:16:17 - [TEST_STEP][PASSED] - addDefaultPackages(): null

21-10-2025T21:16:17 - [TEST_STEP][PASSED] - callTestCase(findTestCase("Utility Scripts/FIM KGL Admin Login"), [:], STOP_ON_FAILURE): Call Test Case 'Test Cases/Utility Scripts/FIM KGL Admin Login' successfully

21-10-2025T21:16:17 - [TEST_CASE][PASSED] - Test Cases/Utility Scripts/FIM KGL Admin Login: Test Cases/Utility Scripts/FIM KGL Admin Login

21-10-2025T21:16:17 - [TEST_STEP][PASSED] - openBrowser(""): Browser is opened with url: ''

21-10-2025T21:16:17 - [MESSAGE][INFO] - Starting 'Chrome' driver

21-10-2025T21:16:17 - [MESSAGE][INFO] - User set preference: ['args', '[--no-sandbox, --disable-gpu, --disable-dev-shm-usage]']

21-10-2025T21:16:17 - [MESSAGE][INFO] - Action delay is set to 0 milliseconds

21-10-2025T21:16:18 - [MESSAGE][PASSED] - Browser is opened with url: ''

21-10-2025T21:16:18 - [TEST_STEP][PASSED] - delay(1): Delayed 1 second(s)

21-10-2025T21:16:19 - [MESSAGE][PASSED] - Delayed 1 second(s)

21-10-2025T21:16:19 - [TEST_STEP][PASSED] - navigateToUrl(KGLCustomGroupUrl): Navigate to 'https://kaglogistics-inventory-management-portal.qa.thekag.com/custom-group/' successfully

21-10-2025T21:16:19 - [MESSAGE][PASSED] - Navigate to 'https://kaglogistics-inventory-management-portal.qa.thekag.com/custom-group/' successfully

21-10-2025T21:16:19 - [TEST_STEP][PASSED] - delay(10): Delayed 10 second(s)

21-10-2025T21:16:29 - [MESSAGE][PASSED] - Delayed 10 second(s)

21-10-2025T21:16:29 - [TEST_STEP][PASSED] - if (maximizeWindow == true): Delayed 1 second(s)

21-10-2025T21:16:29 - [TEST_STEP][PASSED] - maximizeWindow(STOP_ON_FAILURE): Current window maximized

21-10-2025T21:16:29 - [MESSAGE][PASSED] - Current window maximized

21-10-2025T21:16:29 - [TEST_STEP][PASSED] - delay(1): Delayed 1 second(s)

21-10-2025T21:16:30 - [MESSAGE][PASSED] - Delayed 1 second(s)

21-10-2025T21:16:30 - [TEST_STEP][PASSED] - waitForElementPresent(findTestObject("FIM/Username_txt"), 10): Object 'Object Repository/FIM/Username_txt' is present

21-10-2025T21:16:30 - [MESSAGE][PASSED] - Object 'Object Repository/FIM/Username_txt' is present

21-10-2025T21:16:30 - [TEST_STEP][PASSED] - setText(findTestObject("FIM/Username_txt"), FIMUsername): Text 'Chris.Sheldon+DES_QA@Thekag.com' is set on object 'Object Repository/FIM/Username_txt'

21-10-2025T21:16:30 - [MESSAGE][PASSED] - Text 'Chris.Sheldon+DES_QA@Thekag.com' is set on object 'Object Repository/FIM/Username_txt'

21-10-2025T21:16:30 - [TEST_STEP][PASSED] - delay(1): Delayed 1 second(s)

21-10-2025T21:16:31 - [MESSAGE][PASSED] - Delayed 1 second(s)

21-10-2025T21:16:31 - [TEST_STEP][PASSED] - setText(findTestObject("FIM/Password_txt"), FIMPassword): Text 'QATest!2' is set on object 'Object Repository/FIM/Password_txt'

21-10-2025T21:16:32 - [MESSAGE][PASSED] - Text 'QATest!2' is set on object 'Object Repository/FIM/Password_txt'

21-10-2025T21:16:32 - [TEST_STEP][PASSED] - delay(1): Delayed 1 second(s)

21-10-2025T21:16:33 - [MESSAGE][PASSED] - Delayed 1 second(s)

21-10-2025T21:16:33 - [TEST_STEP][PASSED] - click(findTestObject("FIM/Login_btn")): Object: 'Object Repository/FIM/Login_btn' is clicked on

21-10-2025T21:16:33 - [MESSAGE][PASSED] - Object: 'Object Repository/FIM/Login_btn' is clicked on

21-10-2025T21:16:33 - [MESSAGE][PASSED] - Call Test Case 'Test Cases/Utility Scripts/FIM KGL Admin Login' successfully

21-10-2025T21:16:33 - [TEST_STEP][PASSED] - if (verifyElementVisible(findTestObject("FIM/Server_Notification_Close_btn"), OPTIONAL) == true): Web element with id: 'Object Repository/FIM/Server_Notification_Close_btn' located by '/html/body/div/div[1]/button' not found (Root cause: com.kms.katalon.core.exception.StepFailedException: Web element with id: 'Object Repository/FIM/Server_Notification_Close_btn' located by '/html/body/div/div[1]/button' not found
	at com.kms.katalon.core.webui.keyword.internal.WebUIKeywordMain.stepFailed(WebUIKeywordMain.groovy:117)
	at com.kms.katalon.core.webui.keyword.builtin.VerifyElementVisibleKeyword$_verifyElementVisible_closure1.doCall(VerifyElementVisibleKeyword.groovy:89)
	at com.kms.katalon.core.webui.keyword.builtin.VerifyElementVisibleKeyword$_verifyElementVisible_closure1.call(VerifyElementVisibleKeyword.groovy)
	at com.kms.katalon.core.webui.keyword.internal.WebUIKeywordMain.runKeyword(WebUIKeywordMain.groovy:35)
	at com.kms.katalon.core.webui.keyword.builtin.VerifyElementVisibleKeyword.verifyElementVisible(VerifyElementVisibleKeyword.groovy:97)
	at com.kms.katalon.core.webui.keyword.builtin.VerifyElementVisibleKeyword.execute(VerifyElementVisibleKeyword.groovy:67)
	at com.kms.katalon.core.keyword.internal.KeywordExecutor.executeKeywordForPlatform(KeywordExecutor.groovy:74)
	at com.kms.katalon.core.webui.keyword.WebUiBuiltInKeywords.verifyElementVisible(WebUiBuiltInKeywords.groovy:401)
	at com.kms.katalon.core.webui.keyword.WebUiBuiltInKeywords$verifyElementVisible$5.call(Unknown Source)
	at Cannot Add Tank When Pump Stop is Negative Number.run(Cannot Add Tank When Pump Stop is Negative Number:23)
	at com.kms.katalon.core.main.ScriptEngine.run(ScriptEngine.java:194)
	at com.kms.katalon.core.main.ScriptEngine.runScriptAsRawText(ScriptEngine.java:119)
	at com.kms.katalon.core.main.TestCaseExecutor.runScript(TestCaseExecutor.java:448)
	at com.kms.katalon.core.main.TestCaseExecutor.doExecute(TestCaseExecutor.java:439)
	at com.kms.katalon.core.main.TestCaseExecutor.processExecutionPhase(TestCaseExecutor.java:418)
	at com.kms.katalon.core.main.TestCaseExecutor.accessMainPhase(TestCaseExecutor.java:410)
	at com.kms.katalon.core.main.TestCaseExecutor.execute(TestCaseExecutor.java:285)
	at com.kms.katalon.core.common.CommonExecutor.accessTestCaseMainPhase(CommonExecutor.java:65)
	at com.kms.katalon.core.main.TestSuiteExecutor.accessTestSuiteMainPhase(TestSuiteExecutor.java:150)
	at com.kms.katalon.core.main.TestSuiteExecutor.execute(TestSuiteExecutor.java:106)
	at com.kms.katalon.core.main.TestCaseMain.startTestSuite(TestCaseMain.java:180)
	at com.kms.katalon.core.main.TestCaseMain$startTestSuite$0.call(Unknown Source)
	at TempTestSuite1761090786896.run(TempTestSuite1761090786896.groovy:35)
	at java.base/jdk.internal.reflect.NativeMethodAccessorImpl.invoke0(Native Method)
	at java.base/jdk.internal.reflect.NativeMethodAccessorImpl.invoke(NativeMethodAccessorImpl.java:77)
	at java.base/jdk.internal.reflect.DelegatingMethodAccessorImpl.invoke(DelegatingMethodAccessorImpl.java:43)
)

21-10-2025T21:16:49 - [MESSAGE][INFO] - Unable to find the element located by 'By.xpath: /html/body/div/div[1]/button'. Please recheck the objects properties to make sure the desired element is located. 

21-10-2025T21:16:49 - [MESSAGE][WARNING] - [SELF-HEALING] Failed to find element with id 'Object Repository/FIM/Server_Notification_Close_btn'. Try using Self-healing.

21-10-2025T21:16:50 - [MESSAGE][INFO] - [SELF-HEALING] No working XPath is found.

21-10-2025T21:16:52 - [MESSAGE][INFO] - Unable to find the element located by 'By.xpath: '. Please recheck the objects properties to make sure the desired element is located. 

21-10-2025T21:16:52 - [MESSAGE][WARNING] - [SELF-HEALING] Cannot find elements when the selector is null

21-10-2025T21:16:52 - [MESSAGE][WARNING] - Web element with id: 'Object Repository/FIM/Server_Notification_Close_btn' located by '/html/body/div/div[1]/button' not found (Root cause: com.kms.katalon.core.exception.StepFailedException: Web element with id: 'Object Repository/FIM/Server_Notification_Close_btn' located by '/html/body/div/div[1]/button' not found
	at com.kms.katalon.core.webui.keyword.internal.WebUIKeywordMain.stepFailed(WebUIKeywordMain.groovy:117)
	at com.kms.katalon.core.webui.keyword.builtin.VerifyElementVisibleKeyword$_verifyElementVisible_closure1.doCall(VerifyElementVisibleKeyword.groovy:89)
	at com.kms.katalon.core.webui.keyword.builtin.VerifyElementVisibleKeyword$_verifyElementVisible_closure1.call(VerifyElementVisibleKeyword.groovy)
	at com.kms.katalon.core.webui.keyword.internal.WebUIKeywordMain.runKeyword(WebUIKeywordMain.groovy:35)
	at com.kms.katalon.core.webui.keyword.builtin.VerifyElementVisibleKeyword.verifyElementVisible(VerifyElementVisibleKeyword.groovy:97)
	at com.kms.katalon.core.webui.keyword.builtin.VerifyElementVisibleKeyword.execute(VerifyElementVisibleKeyword.groovy:67)
	at com.kms.katalon.core.keyword.internal.KeywordExecutor.executeKeywordForPlatform(KeywordExecutor.groovy:74)
	at com.kms.katalon.core.webui.keyword.WebUiBuiltInKeywords.verifyElementVisible(WebUiBuiltInKeywords.groovy:401)
	at com.kms.katalon.core.webui.keyword.WebUiBuiltInKeywords$verifyElementVisible$5.call(Unknown Source)
	at Cannot Add Tank When Pump Stop is Negative Number.run(Cannot Add Tank When Pump Stop is Negative Number:23)
	at com.kms.katalon.core.main.ScriptEngine.run(ScriptEngine.java:194)
	at com.kms.katalon.core.main.ScriptEngine.runScriptAsRawText(ScriptEngine.java:119)
	at com.kms.katalon.core.main.TestCaseExecutor.runScript(TestCaseExecutor.java:448)
	at com.kms.katalon.core.main.TestCaseExecutor.doExecute(TestCaseExecutor.java:439)
	at com.kms.katalon.core.main.TestCaseExecutor.processExecutionPhase(TestCaseExecutor.java:418)
	at com.kms.katalon.core.main.TestCaseExecutor.accessMainPhase(TestCaseExecutor.java:410)
	at com.kms.katalon.core.main.TestCaseExecutor.execute(TestCaseExecutor.java:285)
	at com.kms.katalon.core.common.CommonExecutor.accessTestCaseMainPhase(CommonExecutor.java:65)
	at com.kms.katalon.core.main.TestSuiteExecutor.accessTestSuiteMainPhase(TestSuiteExecutor.java:150)
	at com.kms.katalon.core.main.TestSuiteExecutor.execute(TestSuiteExecutor.java:106)
	at com.kms.katalon.core.main.TestCaseMain.startTestSuite(TestCaseMain.java:180)
	at com.kms.katalon.core.main.TestCaseMain$startTestSuite$0.call(Unknown Source)
	at TempTestSuite1761090786896.run(TempTestSuite1761090786896.groovy:35)
	at java.base/jdk.internal.reflect.NativeMethodAccessorImpl.invoke0(Native Method)
	at java.base/jdk.internal.reflect.NativeMethodAccessorImpl.invoke(NativeMethodAccessorImpl.java:77)
	at java.base/jdk.internal.reflect.DelegatingMethodAccessorImpl.invoke(DelegatingMethodAccessorImpl.java:43)
)

21-10-2025T21:16:52 - [TEST_STEP][PASSED] - click(findTestObject("FIM/Hamburger Menu List/Hamburger_menu")): Object: 'Object Repository/FIM/Hamburger Menu List/Hamburger_menu' is clicked on

21-10-2025T21:16:52 - [MESSAGE][PASSED] - Object: 'Object Repository/FIM/Hamburger Menu List/Hamburger_menu' is clicked on

21-10-2025T21:16:52 - [TEST_STEP][PASSED] - delay(2): Delayed 2 second(s)

21-10-2025T21:16:54 - [MESSAGE][PASSED] - Delayed 2 second(s)

21-10-2025T21:16:54 - [TEST_STEP][PASSED] - click(findTestObject("FIM/Hamburger Menu List/KGL_Sites_option")): Object: 'Object Repository/FIM/Hamburger Menu List/KGL_Sites_option' is clicked on

21-10-2025T21:16:54 - [MESSAGE][PASSED] - Object: 'Object Repository/FIM/Hamburger Menu List/KGL_Sites_option' is clicked on

21-10-2025T21:16:54 - [TEST_STEP][PASSED] - if (verifyElementVisible(findTestObject("FIM/Existing Page with Pending Changes Close_btn"), OPTIONAL) == true): Web element with id: 'Object Repository/FIM/Existing Page with Pending Changes Close_btn' located by '/html/body/div[2]/div[1]/div/div/footer/div/button' not found (Root cause: com.kms.katalon.core.exception.StepFailedException: Web element with id: 'Object Repository/FIM/Existing Page with Pending Changes Close_btn' located by '/html/body/div[2]/div[1]/div/div/footer/div/button' not found
	at com.kms.katalon.core.webui.keyword.internal.WebUIKeywordMain.stepFailed(WebUIKeywordMain.groovy:117)
	at com.kms.katalon.core.webui.keyword.builtin.VerifyElementVisibleKeyword$_verifyElementVisible_closure1.doCall(VerifyElementVisibleKeyword.groovy:89)
	at com.kms.katalon.core.webui.keyword.builtin.VerifyElementVisibleKeyword$_verifyElementVisible_closure1.call(VerifyElementVisibleKeyword.groovy)
	at com.kms.katalon.core.webui.keyword.internal.WebUIKeywordMain.runKeyword(WebUIKeywordMain.groovy:35)
	at com.kms.katalon.core.webui.keyword.builtin.VerifyElementVisibleKeyword.verifyElementVisible(VerifyElementVisibleKeyword.groovy:97)
	at com.kms.katalon.core.webui.keyword.builtin.VerifyElementVisibleKeyword.execute(VerifyElementVisibleKeyword.groovy:67)
	at com.kms.katalon.core.keyword.internal.KeywordExecutor.executeKeywordForPlatform(KeywordExecutor.groovy:74)
	at com.kms.katalon.core.webui.keyword.WebUiBuiltInKeywords.verifyElementVisible(WebUiBuiltInKeywords.groovy:401)
	at com.kms.katalon.core.webui.keyword.WebUiBuiltInKeywords$verifyElementVisible$5.call(Unknown Source)
	at Cannot Add Tank When Pump Stop is Negative Number.run(Cannot Add Tank When Pump Stop is Negative Number:34)
	at com.kms.katalon.core.main.ScriptEngine.run(ScriptEngine.java:194)
	at com.kms.katalon.core.main.ScriptEngine.runScriptAsRawText(ScriptEngine.java:119)
	at com.kms.katalon.core.main.TestCaseExecutor.runScript(TestCaseExecutor.java:448)
	at com.kms.katalon.core.main.TestCaseExecutor.doExecute(TestCaseExecutor.java:439)
	at com.kms.katalon.core.main.TestCaseExecutor.processExecutionPhase(TestCaseExecutor.java:418)
	at com.kms.katalon.core.main.TestCaseExecutor.accessMainPhase(TestCaseExecutor.java:410)
	at com.kms.katalon.core.main.TestCaseExecutor.execute(TestCaseExecutor.java:285)
	at com.kms.katalon.core.common.CommonExecutor.accessTestCaseMainPhase(CommonExecutor.java:65)
	at com.kms.katalon.core.main.TestSuiteExecutor.accessTestSuiteMainPhase(TestSuiteExecutor.java:150)
	at com.kms.katalon.core.main.TestSuiteExecutor.execute(TestSuiteExecutor.java:106)
	at com.kms.katalon.core.main.TestCaseMain.startTestSuite(TestCaseMain.java:180)
	at com.kms.katalon.core.main.TestCaseMain$startTestSuite$0.call(Unknown Source)
	at TempTestSuite1761090786896.run(TempTestSuite1761090786896.groovy:35)
	at java.base/jdk.internal.reflect.NativeMethodAccessorImpl.invoke0(Native Method)
	at java.base/jdk.internal.reflect.NativeMethodAccessorImpl.invoke(NativeMethodAccessorImpl.java:77)
	at java.base/jdk.internal.reflect.DelegatingMethodAccessorImpl.invoke(DelegatingMethodAccessorImpl.java:43)
)

21-10-2025T21:17:10 - [MESSAGE][INFO] - Unable to find the element located by 'By.xpath: /html/body/div[2]/div[1]/div/div/footer/div/button'. Please recheck the objects properties to make sure the desired element is located. 

21-10-2025T21:17:10 - [MESSAGE][WARNING] - [SELF-HEALING] Failed to find element with id 'Object Repository/FIM/Existing Page with Pending Changes Close_btn'. Try using Self-healing.

21-10-2025T21:17:11 - [MESSAGE][INFO] - [SELF-HEALING] No working XPath is found.

21-10-2025T21:17:13 - [MESSAGE][INFO] - Unable to find the element located by 'By.xpath: '. Please recheck the objects properties to make sure the desired element is located. 

21-10-2025T21:17:13 - [MESSAGE][WARNING] - [SELF-HEALING] Cannot find elements when the selector is null

21-10-2025T21:17:13 - [MESSAGE][WARNING] - Web element with id: 'Object Repository/FIM/Existing Page with Pending Changes Close_btn' located by '/html/body/div[2]/div[1]/div/div/footer/div/button' not found (Root cause: com.kms.katalon.core.exception.StepFailedException: Web element with id: 'Object Repository/FIM/Existing Page with Pending Changes Close_btn' located by '/html/body/div[2]/div[1]/div/div/footer/div/button' not found
	at com.kms.katalon.core.webui.keyword.internal.WebUIKeywordMain.stepFailed(WebUIKeywordMain.groovy:117)
	at com.kms.katalon.core.webui.keyword.builtin.VerifyElementVisibleKeyword$_verifyElementVisible_closure1.doCall(VerifyElementVisibleKeyword.groovy:89)
	at com.kms.katalon.core.webui.keyword.builtin.VerifyElementVisibleKeyword$_verifyElementVisible_closure1.call(VerifyElementVisibleKeyword.groovy)
	at com.kms.katalon.core.webui.keyword.internal.WebUIKeywordMain.runKeyword(WebUIKeywordMain.groovy:35)
	at com.kms.katalon.core.webui.keyword.builtin.VerifyElementVisibleKeyword.verifyElementVisible(VerifyElementVisibleKeyword.groovy:97)
	at com.kms.katalon.core.webui.keyword.builtin.VerifyElementVisibleKeyword.execute(VerifyElementVisibleKeyword.groovy:67)
	at com.kms.katalon.core.keyword.internal.KeywordExecutor.executeKeywordForPlatform(KeywordExecutor.groovy:74)
	at com.kms.katalon.core.webui.keyword.WebUiBuiltInKeywords.verifyElementVisible(WebUiBuiltInKeywords.groovy:401)
	at com.kms.katalon.core.webui.keyword.WebUiBuiltInKeywords$verifyElementVisible$5.call(Unknown Source)
	at Cannot Add Tank When Pump Stop is Negative Number.run(Cannot Add Tank When Pump Stop is Negative Number:34)
	at com.kms.katalon.core.main.ScriptEngine.run(ScriptEngine.java:194)
	at com.kms.katalon.core.main.ScriptEngine.runScriptAsRawText(ScriptEngine.java:119)
	at com.kms.katalon.core.main.TestCaseExecutor.runScript(TestCaseExecutor.java:448)
	at com.kms.katalon.core.main.TestCaseExecutor.doExecute(TestCaseExecutor.java:439)
	at com.kms.katalon.core.main.TestCaseExecutor.processExecutionPhase(TestCaseExecutor.java:418)
	at com.kms.katalon.core.main.TestCaseExecutor.accessMainPhase(TestCaseExecutor.java:410)
	at com.kms.katalon.core.main.TestCaseExecutor.execute(TestCaseExecutor.java:285)
	at com.kms.katalon.core.common.CommonExecutor.accessTestCaseMainPhase(CommonExecutor.java:65)
	at com.kms.katalon.core.main.TestSuiteExecutor.accessTestSuiteMainPhase(TestSuiteExecutor.java:150)
	at com.kms.katalon.core.main.TestSuiteExecutor.execute(TestSuiteExecutor.java:106)
	at com.kms.katalon.core.main.TestCaseMain.startTestSuite(TestCaseMain.java:180)
	at com.kms.katalon.core.main.TestCaseMain$startTestSuite$0.call(Unknown Source)
	at TempTestSuite1761090786896.run(TempTestSuite1761090786896.groovy:35)
	at java.base/jdk.internal.reflect.NativeMethodAccessorImpl.invoke0(Native Method)
	at java.base/jdk.internal.reflect.NativeMethodAccessorImpl.invoke(NativeMethodAccessorImpl.java:77)
	at java.base/jdk.internal.reflect.DelegatingMethodAccessorImpl.invoke(DelegatingMethodAccessorImpl.java:43)
)

21-10-2025T21:17:13 - [TEST_STEP][PASSED] - delay(1): Delayed 1 second(s)

21-10-2025T21:17:14 - [MESSAGE][PASSED] - Delayed 1 second(s)

21-10-2025T21:17:14 - [TEST_STEP][PASSED] - verifyElementPresent(findTestObject("FIM/Sites Page/Tank/New Tank_btn"), 15): Object 'Object Repository/FIM/Sites Page/Tank/New Tank_btn' is present

21-10-2025T21:17:14 - [MESSAGE][PASSED] - Object 'Object Repository/FIM/Sites Page/Tank/New Tank_btn' is present

21-10-2025T21:17:14 - [TEST_STEP][PASSED] - click(findTestObject("FIM/Sites Page/Tank/New Tank_btn")): Object: 'Object Repository/FIM/Sites Page/Tank/New Tank_btn' is clicked on

21-10-2025T21:17:14 - [MESSAGE][PASSED] - Object: 'Object Repository/FIM/Sites Page/Tank/New Tank_btn' is clicked on

21-10-2025T21:17:14 - [TEST_STEP][PASSED] - delay(2): Delayed 2 second(s)

21-10-2025T21:17:16 - [MESSAGE][PASSED] - Delayed 2 second(s)

21-10-2025T21:17:16 - [TEST_STEP][PASSED] - sendKeys(findTestObject("FIM/Sites Page/Tank/Tank Number_txt"), "2"): Keys '2' sent to object: 'Object Repository/FIM/Sites Page/Tank/Tank Number_txt'

21-10-2025T21:17:16 - [MESSAGE][PASSED] - Keys '2' sent to object: 'Object Repository/FIM/Sites Page/Tank/Tank Number_txt'

21-10-2025T21:17:16 - [TEST_STEP][PASSED] - delay(1): Delayed 1 second(s)

21-10-2025T21:17:17 - [MESSAGE][PASSED] - Delayed 1 second(s)

21-10-2025T21:17:17 - [TEST_STEP][PASSED] - selectOptionByLabel(findTestObject("FIM/Sites Page/Tank/Commodity_dropdown"), "PREMIUM", false): All options with label 'PREMIUM' are selected in object 'Object Repository/FIM/Sites Page/Tank/Commodity_dropdown' 

21-10-2025T21:17:17 - [MESSAGE][PASSED] - All options with label 'PREMIUM' are selected in object 'Object Repository/FIM/Sites Page/Tank/Commodity_dropdown' 

21-10-2025T21:17:17 - [TEST_STEP][PASSED] - delay(1): Delayed 1 second(s)

21-10-2025T21:17:18 - [MESSAGE][PASSED] - Delayed 1 second(s)

21-10-2025T21:17:18 - [TEST_STEP][PASSED] - selectOptionByLabel(findTestObject("FIM/Sites Page/Tank/Commodity Code_dropdown"), "G9200000", false): All options with label 'G9200000' are selected in object 'Object Repository/FIM/Sites Page/Tank/Commodity Code_dropdown' 

21-10-2025T21:17:19 - [MESSAGE][PASSED] - All options with label 'G9200000' are selected in object 'Object Repository/FIM/Sites Page/Tank/Commodity Code_dropdown' 

21-10-2025T21:17:19 - [TEST_STEP][PASSED] - delay(1): Delayed 1 second(s)

21-10-2025T21:17:20 - [MESSAGE][PASSED] - Delayed 1 second(s)

21-10-2025T21:17:20 - [TEST_STEP][PASSED] - sendKeys(findTestObject("FIM/Sites Page/Tank/Safe Fill Quantity_txt"), "6500"): Keys '6500' sent to object: 'Object Repository/FIM/Sites Page/Tank/Safe Fill Quantity_txt'

21-10-2025T21:17:20 - [MESSAGE][PASSED] - Keys '6500' sent to object: 'Object Repository/FIM/Sites Page/Tank/Safe Fill Quantity_txt'

21-10-2025T21:17:20 - [TEST_STEP][PASSED] - delay(1): Delayed 1 second(s)

21-10-2025T21:17:21 - [MESSAGE][PASSED] - Delayed 1 second(s)

21-10-2025T21:17:21 - [TEST_STEP][PASSED] - sendKeys(findTestObject("FIM/Sites Page/Tank/Tank Size_txt"), "13000"): Keys '13000' sent to object: 'Object Repository/FIM/Sites Page/Tank/Tank Size_txt'

21-10-2025T21:17:21 - [MESSAGE][PASSED] - Keys '13000' sent to object: 'Object Repository/FIM/Sites Page/Tank/Tank Size_txt'

21-10-2025T21:17:21 - [TEST_STEP][PASSED] - delay(1): Delayed 1 second(s)

21-10-2025T21:17:22 - [MESSAGE][PASSED] - Delayed 1 second(s)

21-10-2025T21:17:22 - [TEST_STEP][PASSED] - sendKeys(findTestObject("FIM/Sites Page/Tank/Pump Stop_txt"), "-1"): Keys '-1' sent to object: 'Object Repository/FIM/Sites Page/Tank/Pump Stop_txt'

21-10-2025T21:17:22 - [MESSAGE][PASSED] - Keys '-1' sent to object: 'Object Repository/FIM/Sites Page/Tank/Pump Stop_txt'

21-10-2025T21:17:22 - [TEST_STEP][PASSED] - sendKeys(findTestObject("FIM/Sites Page/Tank/Pump Stop_txt"), Keys.chord(ARROW_LEFT)): Keys 'LEFT + ' sent to object: 'Object Repository/FIM/Sites Page/Tank/Pump Stop_txt'

21-10-2025T21:17:22 - [MESSAGE][PASSED] - Keys 'LEFT + ' sent to object: 'Object Repository/FIM/Sites Page/Tank/Pump Stop_txt'

21-10-2025T21:17:22 - [TEST_STEP][PASSED] - sendKeys(findTestObject("FIM/Sites Page/Tank/Pump Stop_txt"), Keys.chord(ARROW_LEFT)): Keys 'LEFT + ' sent to object: 'Object Repository/FIM/Sites Page/Tank/Pump Stop_txt'

21-10-2025T21:17:22 - [MESSAGE][PASSED] - Keys 'LEFT + ' sent to object: 'Object Repository/FIM/Sites Page/Tank/Pump Stop_txt'

21-10-2025T21:17:22 - [TEST_STEP][PASSED] - sendKeys(findTestObject("FIM/Sites Page/Tank/Pump Stop_txt"), Keys.chord(BACK_SPACE)): Keys 'BACK_SPACE + ' sent to object: 'Object Repository/FIM/Sites Page/Tank/Pump Stop_txt'

21-10-2025T21:17:22 - [MESSAGE][PASSED] - Keys 'BACK_SPACE + ' sent to object: 'Object Repository/FIM/Sites Page/Tank/Pump Stop_txt'

21-10-2025T21:17:22 - [TEST_STEP][PASSED] - delay(1): Delayed 1 second(s)

21-10-2025T21:17:23 - [MESSAGE][PASSED] - Delayed 1 second(s)

21-10-2025T21:17:23 - [TEST_STEP][PASSED] - setText(findTestObject("FIM/Sites Page/Tank/Threshold_txt"), "1150"): Text '1150' is set on object 'Object Repository/FIM/Sites Page/Tank/Threshold_txt'

21-10-2025T21:17:23 - [MESSAGE][PASSED] - Text '1150' is set on object 'Object Repository/FIM/Sites Page/Tank/Threshold_txt'

21-10-2025T21:17:23 - [TEST_STEP][PASSED] - delay(1): Delayed 1 second(s)

21-10-2025T21:17:24 - [MESSAGE][PASSED] - Delayed 1 second(s)

21-10-2025T21:17:24 - [TEST_STEP][PASSED] - click(findTestObject("FIM/Sites Page/Tank/Tank Save_btn")): Object: 'Object Repository/FIM/Sites Page/Tank/Tank Save_btn' is clicked on

21-10-2025T21:17:24 - [MESSAGE][PASSED] - Object: 'Object Repository/FIM/Sites Page/Tank/Tank Save_btn' is clicked on

21-10-2025T21:17:24 - [TEST_STEP][PASSED] - delay(1): Delayed 1 second(s)

21-10-2025T21:17:25 - [MESSAGE][PASSED] - Delayed 1 second(s)

21-10-2025T21:17:25 - [TEST_STEP][PASSED] - verifyElementNotPresent(findTestObject("FIM/Sites Page/Tank/Tank Message"), 10): Web element with id: 'Object Repository/FIM/Sites Page/Tank/Tank Message' located by 'By.xpath: /html/body/div[2]/div/div/div/div/div' is not present after '10' second(s)

21-10-2025T21:17:25 - [MESSAGE][PASSED] - Web element with id: 'Object Repository/FIM/Sites Page/Tank/Tank Message' located by 'By.xpath: /html/body/div[2]/div/div/div/div/div' is not present after '10' second(s)

21-10-2025T21:17:25 - [TEST_STEP][PASSED] - closeBrowser(): Browser is closed

21-10-2025T21:17:26 - [MESSAGE][PASSED] - Browser is closed

21-10-2025T21:17:26 - [TEST_STEP][PASSED] - Start listener action : retryOnDisconnect: null

21-10-2025T21:17:26 - [TEST_STEP][PASSED] - tcId = testCaseContext.getTestCaseId(): null

21-10-2025T21:17:26 - [TEST_STEP][PASSED] - currentRetry = retryCounts.getOrDefault(tcId, 0): null

21-10-2025T21:17:26 - [TEST_STEP][PASSED] - if (testCaseContext.getTestCaseStatus() == "FAILED" && currentRetry < MAX_RETRIES): null]]></system-out>
         <system-err><![CDATA[]]></system-err>
      </testcase>
      <testcase name="Test Cases/FIM/UI/KGL/Admin/Sites Page/Tank/Cannot Add Tank When Safefill is Missing" time="68.427" classname="Test Cases/FIM/UI/KGL/Admin/Sites Page/Tank/Cannot Add Tank When Safefill is Missing" status="PASSED">
         <system-out><![CDATA[21-10-2025T21:17:26 - [TEST_CASE][PASSED] - Test Cases/FIM/UI/KGL/Admin/Sites Page/Tank/Cannot Add Tank When Safefill is Missing: Test Cases/FIM/UI/KGL/Admin/Sites Page/Tank/Cannot Add Tank When Safefill is Missing

21-10-2025T21:17:26 - [TEST_STEP][PASSED] - Start listener action : beforeTestCase: null

21-10-2025T21:17:26 - [TEST_STEP][PASSED] - addDefaultPackages(): null

21-10-2025T21:17:26 - [TEST_STEP][PASSED] - callTestCase(findTestCase("Utility Scripts/FIM KGL Admin Login"), [:], STOP_ON_FAILURE): Call Test Case 'Test Cases/Utility Scripts/FIM KGL Admin Login' successfully

21-10-2025T21:17:26 - [TEST_CASE][PASSED] - Test Cases/Utility Scripts/FIM KGL Admin Login: Test Cases/Utility Scripts/FIM KGL Admin Login

21-10-2025T21:17:26 - [TEST_STEP][PASSED] - openBrowser(""): Browser is opened with url: ''

21-10-2025T21:17:26 - [MESSAGE][INFO] - Starting 'Chrome' driver

21-10-2025T21:17:26 - [MESSAGE][INFO] - User set preference: ['args', '[--no-sandbox, --disable-gpu, --disable-dev-shm-usage]']

21-10-2025T21:17:26 - [MESSAGE][INFO] - Action delay is set to 0 milliseconds

21-10-2025T21:17:27 - [MESSAGE][PASSED] - Browser is opened with url: ''

21-10-2025T21:17:27 - [TEST_STEP][PASSED] - delay(1): Delayed 1 second(s)

21-10-2025T21:17:28 - [MESSAGE][PASSED] - Delayed 1 second(s)

21-10-2025T21:17:28 - [TEST_STEP][PASSED] - navigateToUrl(KGLCustomGroupUrl): Navigate to 'https://kaglogistics-inventory-management-portal.qa.thekag.com/custom-group/' successfully

21-10-2025T21:17:28 - [MESSAGE][PASSED] - Navigate to 'https://kaglogistics-inventory-management-portal.qa.thekag.com/custom-group/' successfully

21-10-2025T21:17:28 - [TEST_STEP][PASSED] - delay(10): Delayed 10 second(s)

21-10-2025T21:17:38 - [MESSAGE][PASSED] - Delayed 10 second(s)

21-10-2025T21:17:38 - [TEST_STEP][PASSED] - if (maximizeWindow == true): Delayed 1 second(s)

21-10-2025T21:17:38 - [TEST_STEP][PASSED] - maximizeWindow(STOP_ON_FAILURE): Current window maximized

21-10-2025T21:17:38 - [MESSAGE][PASSED] - Current window maximized

21-10-2025T21:17:38 - [TEST_STEP][PASSED] - delay(1): Delayed 1 second(s)

21-10-2025T21:17:39 - [MESSAGE][PASSED] - Delayed 1 second(s)

21-10-2025T21:17:39 - [TEST_STEP][PASSED] - waitForElementPresent(findTestObject("FIM/Username_txt"), 10): Object 'Object Repository/FIM/Username_txt' is present

21-10-2025T21:17:39 - [MESSAGE][PASSED] - Object 'Object Repository/FIM/Username_txt' is present

21-10-2025T21:17:39 - [TEST_STEP][PASSED] - setText(findTestObject("FIM/Username_txt"), FIMUsername): Text 'Chris.Sheldon+DES_QA@Thekag.com' is set on object 'Object Repository/FIM/Username_txt'

21-10-2025T21:17:39 - [MESSAGE][PASSED] - Text 'Chris.Sheldon+DES_QA@Thekag.com' is set on object 'Object Repository/FIM/Username_txt'

21-10-2025T21:17:39 - [TEST_STEP][PASSED] - delay(1): Delayed 1 second(s)

21-10-2025T21:17:40 - [MESSAGE][PASSED] - Delayed 1 second(s)

21-10-2025T21:17:40 - [TEST_STEP][PASSED] - setText(findTestObject("FIM/Password_txt"), FIMPassword): Text 'QATest!2' is set on object 'Object Repository/FIM/Password_txt'

21-10-2025T21:17:40 - [MESSAGE][PASSED] - Text 'QATest!2' is set on object 'Object Repository/FIM/Password_txt'

21-10-2025T21:17:40 - [TEST_STEP][PASSED] - delay(1): Delayed 1 second(s)

21-10-2025T21:17:41 - [MESSAGE][PASSED] - Delayed 1 second(s)

21-10-2025T21:17:41 - [TEST_STEP][PASSED] - click(findTestObject("FIM/Login_btn")): Object: 'Object Repository/FIM/Login_btn' is clicked on

21-10-2025T21:17:42 - [MESSAGE][PASSED] - Object: 'Object Repository/FIM/Login_btn' is clicked on

21-10-2025T21:17:42 - [MESSAGE][PASSED] - Call Test Case 'Test Cases/Utility Scripts/FIM KGL Admin Login' successfully

21-10-2025T21:17:42 - [TEST_STEP][PASSED] - if (verifyElementVisible(findTestObject("FIM/Server_Notification_Close_btn"), OPTIONAL) == true): Web element with id: 'Object Repository/FIM/Server_Notification_Close_btn' located by '/html/body/div/div[1]/button' not found (Root cause: com.kms.katalon.core.exception.StepFailedException: Web element with id: 'Object Repository/FIM/Server_Notification_Close_btn' located by '/html/body/div/div[1]/button' not found
	at com.kms.katalon.core.webui.keyword.internal.WebUIKeywordMain.stepFailed(WebUIKeywordMain.groovy:117)
	at com.kms.katalon.core.webui.keyword.builtin.VerifyElementVisibleKeyword$_verifyElementVisible_closure1.doCall(VerifyElementVisibleKeyword.groovy:89)
	at com.kms.katalon.core.webui.keyword.builtin.VerifyElementVisibleKeyword$_verifyElementVisible_closure1.call(VerifyElementVisibleKeyword.groovy)
	at com.kms.katalon.core.webui.keyword.internal.WebUIKeywordMain.runKeyword(WebUIKeywordMain.groovy:35)
	at com.kms.katalon.core.webui.keyword.builtin.VerifyElementVisibleKeyword.verifyElementVisible(VerifyElementVisibleKeyword.groovy:97)
	at com.kms.katalon.core.webui.keyword.builtin.VerifyElementVisibleKeyword.execute(VerifyElementVisibleKeyword.groovy:67)
	at com.kms.katalon.core.keyword.internal.KeywordExecutor.executeKeywordForPlatform(KeywordExecutor.groovy:74)
	at com.kms.katalon.core.webui.keyword.WebUiBuiltInKeywords.verifyElementVisible(WebUiBuiltInKeywords.groovy:401)
	at com.kms.katalon.core.webui.keyword.WebUiBuiltInKeywords$verifyElementVisible$5.call(Unknown Source)
	at Cannot Add Tank When Safefill is Missing.run(Cannot Add Tank When Safefill is Missing:22)
	at com.kms.katalon.core.main.ScriptEngine.run(ScriptEngine.java:194)
	at com.kms.katalon.core.main.ScriptEngine.runScriptAsRawText(ScriptEngine.java:119)
	at com.kms.katalon.core.main.TestCaseExecutor.runScript(TestCaseExecutor.java:448)
	at com.kms.katalon.core.main.TestCaseExecutor.doExecute(TestCaseExecutor.java:439)
	at com.kms.katalon.core.main.TestCaseExecutor.processExecutionPhase(TestCaseExecutor.java:418)
	at com.kms.katalon.core.main.TestCaseExecutor.accessMainPhase(TestCaseExecutor.java:410)
	at com.kms.katalon.core.main.TestCaseExecutor.execute(TestCaseExecutor.java:285)
	at com.kms.katalon.core.common.CommonExecutor.accessTestCaseMainPhase(CommonExecutor.java:65)
	at com.kms.katalon.core.main.TestSuiteExecutor.accessTestSuiteMainPhase(TestSuiteExecutor.java:150)
	at com.kms.katalon.core.main.TestSuiteExecutor.execute(TestSuiteExecutor.java:106)
	at com.kms.katalon.core.main.TestCaseMain.startTestSuite(TestCaseMain.java:180)
	at com.kms.katalon.core.main.TestCaseMain$startTestSuite$0.call(Unknown Source)
	at TempTestSuite1761090786896.run(TempTestSuite1761090786896.groovy:35)
	at java.base/jdk.internal.reflect.NativeMethodAccessorImpl.invoke0(Native Method)
	at java.base/jdk.internal.reflect.NativeMethodAccessorImpl.invoke(NativeMethodAccessorImpl.java:77)
	at java.base/jdk.internal.reflect.DelegatingMethodAccessorImpl.invoke(DelegatingMethodAccessorImpl.java:43)
)

21-10-2025T21:17:58 - [MESSAGE][INFO] - Unable to find the element located by 'By.xpath: /html/body/div/div[1]/button'. Please recheck the objects properties to make sure the desired element is located. 

21-10-2025T21:17:58 - [MESSAGE][WARNING] - [SELF-HEALING] Failed to find element with id 'Object Repository/FIM/Server_Notification_Close_btn'. Try using Self-healing.

21-10-2025T21:17:59 - [MESSAGE][INFO] - [SELF-HEALING] No working XPath is found.

21-10-2025T21:18:01 - [MESSAGE][INFO] - Unable to find the element located by 'By.xpath: '. Please recheck the objects properties to make sure the desired element is located. 

21-10-2025T21:18:01 - [MESSAGE][WARNING] - [SELF-HEALING] Cannot find elements when the selector is null

21-10-2025T21:18:01 - [MESSAGE][WARNING] - Web element with id: 'Object Repository/FIM/Server_Notification_Close_btn' located by '/html/body/div/div[1]/button' not found (Root cause: com.kms.katalon.core.exception.StepFailedException: Web element with id: 'Object Repository/FIM/Server_Notification_Close_btn' located by '/html/body/div/div[1]/button' not found
	at com.kms.katalon.core.webui.keyword.internal.WebUIKeywordMain.stepFailed(WebUIKeywordMain.groovy:117)
	at com.kms.katalon.core.webui.keyword.builtin.VerifyElementVisibleKeyword$_verifyElementVisible_closure1.doCall(VerifyElementVisibleKeyword.groovy:89)
	at com.kms.katalon.core.webui.keyword.builtin.VerifyElementVisibleKeyword$_verifyElementVisible_closure1.call(VerifyElementVisibleKeyword.groovy)
	at com.kms.katalon.core.webui.keyword.internal.WebUIKeywordMain.runKeyword(WebUIKeywordMain.groovy:35)
	at com.kms.katalon.core.webui.keyword.builtin.VerifyElementVisibleKeyword.verifyElementVisible(VerifyElementVisibleKeyword.groovy:97)
	at com.kms.katalon.core.webui.keyword.builtin.VerifyElementVisibleKeyword.execute(VerifyElementVisibleKeyword.groovy:67)
	at com.kms.katalon.core.keyword.internal.KeywordExecutor.executeKeywordForPlatform(KeywordExecutor.groovy:74)
	at com.kms.katalon.core.webui.keyword.WebUiBuiltInKeywords.verifyElementVisible(WebUiBuiltInKeywords.groovy:401)
	at com.kms.katalon.core.webui.keyword.WebUiBuiltInKeywords$verifyElementVisible$5.call(Unknown Source)
	at Cannot Add Tank When Safefill is Missing.run(Cannot Add Tank When Safefill is Missing:22)
	at com.kms.katalon.core.main.ScriptEngine.run(ScriptEngine.java:194)
	at com.kms.katalon.core.main.ScriptEngine.runScriptAsRawText(ScriptEngine.java:119)
	at com.kms.katalon.core.main.TestCaseExecutor.runScript(TestCaseExecutor.java:448)
	at com.kms.katalon.core.main.TestCaseExecutor.doExecute(TestCaseExecutor.java:439)
	at com.kms.katalon.core.main.TestCaseExecutor.processExecutionPhase(TestCaseExecutor.java:418)
	at com.kms.katalon.core.main.TestCaseExecutor.accessMainPhase(TestCaseExecutor.java:410)
	at com.kms.katalon.core.main.TestCaseExecutor.execute(TestCaseExecutor.java:285)
	at com.kms.katalon.core.common.CommonExecutor.accessTestCaseMainPhase(CommonExecutor.java:65)
	at com.kms.katalon.core.main.TestSuiteExecutor.accessTestSuiteMainPhase(TestSuiteExecutor.java:150)
	at com.kms.katalon.core.main.TestSuiteExecutor.execute(TestSuiteExecutor.java:106)
	at com.kms.katalon.core.main.TestCaseMain.startTestSuite(TestCaseMain.java:180)
	at com.kms.katalon.core.main.TestCaseMain$startTestSuite$0.call(Unknown Source)
	at TempTestSuite1761090786896.run(TempTestSuite1761090786896.groovy:35)
	at java.base/jdk.internal.reflect.NativeMethodAccessorImpl.invoke0(Native Method)
	at java.base/jdk.internal.reflect.NativeMethodAccessorImpl.invoke(NativeMethodAccessorImpl.java:77)
	at java.base/jdk.internal.reflect.DelegatingMethodAccessorImpl.invoke(DelegatingMethodAccessorImpl.java:43)
)

21-10-2025T21:18:01 - [TEST_STEP][PASSED] - click(findTestObject("FIM/Hamburger Menu List/Hamburger_menu")): Object: 'Object Repository/FIM/Hamburger Menu List/Hamburger_menu' is clicked on

21-10-2025T21:18:01 - [MESSAGE][PASSED] - Object: 'Object Repository/FIM/Hamburger Menu List/Hamburger_menu' is clicked on

21-10-2025T21:18:01 - [TEST_STEP][PASSED] - delay(2): Delayed 2 second(s)

21-10-2025T21:18:03 - [MESSAGE][PASSED] - Delayed 2 second(s)

21-10-2025T21:18:03 - [TEST_STEP][PASSED] - click(findTestObject("FIM/Hamburger Menu List/KGL_Sites_option")): Object: 'Object Repository/FIM/Hamburger Menu List/KGL_Sites_option' is clicked on

21-10-2025T21:18:03 - [MESSAGE][PASSED] - Object: 'Object Repository/FIM/Hamburger Menu List/KGL_Sites_option' is clicked on

21-10-2025T21:18:03 - [TEST_STEP][PASSED] - if (verifyElementVisible(findTestObject("FIM/Existing Page with Pending Changes Close_btn"), OPTIONAL) == true): Web element with id: 'Object Repository/FIM/Existing Page with Pending Changes Close_btn' located by '/html/body/div[2]/div[1]/div/div/footer/div/button' not found (Root cause: com.kms.katalon.core.exception.StepFailedException: Web element with id: 'Object Repository/FIM/Existing Page with Pending Changes Close_btn' located by '/html/body/div[2]/div[1]/div/div/footer/div/button' not found
	at com.kms.katalon.core.webui.keyword.internal.WebUIKeywordMain.stepFailed(WebUIKeywordMain.groovy:117)
	at com.kms.katalon.core.webui.keyword.builtin.VerifyElementVisibleKeyword$_verifyElementVisible_closure1.doCall(VerifyElementVisibleKeyword.groovy:89)
	at com.kms.katalon.core.webui.keyword.builtin.VerifyElementVisibleKeyword$_verifyElementVisible_closure1.call(VerifyElementVisibleKeyword.groovy)
	at com.kms.katalon.core.webui.keyword.internal.WebUIKeywordMain.runKeyword(WebUIKeywordMain.groovy:35)
	at com.kms.katalon.core.webui.keyword.builtin.VerifyElementVisibleKeyword.verifyElementVisible(VerifyElementVisibleKeyword.groovy:97)
	at com.kms.katalon.core.webui.keyword.builtin.VerifyElementVisibleKeyword.execute(VerifyElementVisibleKeyword.groovy:67)
	at com.kms.katalon.core.keyword.internal.KeywordExecutor.executeKeywordForPlatform(KeywordExecutor.groovy:74)
	at com.kms.katalon.core.webui.keyword.WebUiBuiltInKeywords.verifyElementVisible(WebUiBuiltInKeywords.groovy:401)
	at com.kms.katalon.core.webui.keyword.WebUiBuiltInKeywords$verifyElementVisible$5.call(Unknown Source)
	at Cannot Add Tank When Safefill is Missing.run(Cannot Add Tank When Safefill is Missing:33)
	at com.kms.katalon.core.main.ScriptEngine.run(ScriptEngine.java:194)
	at com.kms.katalon.core.main.ScriptEngine.runScriptAsRawText(ScriptEngine.java:119)
	at com.kms.katalon.core.main.TestCaseExecutor.runScript(TestCaseExecutor.java:448)
	at com.kms.katalon.core.main.TestCaseExecutor.doExecute(TestCaseExecutor.java:439)
	at com.kms.katalon.core.main.TestCaseExecutor.processExecutionPhase(TestCaseExecutor.java:418)
	at com.kms.katalon.core.main.TestCaseExecutor.accessMainPhase(TestCaseExecutor.java:410)
	at com.kms.katalon.core.main.TestCaseExecutor.execute(TestCaseExecutor.java:285)
	at com.kms.katalon.core.common.CommonExecutor.accessTestCaseMainPhase(CommonExecutor.java:65)
	at com.kms.katalon.core.main.TestSuiteExecutor.accessTestSuiteMainPhase(TestSuiteExecutor.java:150)
	at com.kms.katalon.core.main.TestSuiteExecutor.execute(TestSuiteExecutor.java:106)
	at com.kms.katalon.core.main.TestCaseMain.startTestSuite(TestCaseMain.java:180)
	at com.kms.katalon.core.main.TestCaseMain$startTestSuite$0.call(Unknown Source)
	at TempTestSuite1761090786896.run(TempTestSuite1761090786896.groovy:35)
	at java.base/jdk.internal.reflect.NativeMethodAccessorImpl.invoke0(Native Method)
	at java.base/jdk.internal.reflect.NativeMethodAccessorImpl.invoke(NativeMethodAccessorImpl.java:77)
	at java.base/jdk.internal.reflect.DelegatingMethodAccessorImpl.invoke(DelegatingMethodAccessorImpl.java:43)
)

21-10-2025T21:18:19 - [MESSAGE][INFO] - Unable to find the element located by 'By.xpath: /html/body/div[2]/div[1]/div/div/footer/div/button'. Please recheck the objects properties to make sure the desired element is located. 

21-10-2025T21:18:19 - [MESSAGE][WARNING] - [SELF-HEALING] Failed to find element with id 'Object Repository/FIM/Existing Page with Pending Changes Close_btn'. Try using Self-healing.

21-10-2025T21:18:20 - [MESSAGE][INFO] - [SELF-HEALING] No working XPath is found.

21-10-2025T21:18:22 - [MESSAGE][INFO] - Unable to find the element located by 'By.xpath: '. Please recheck the objects properties to make sure the desired element is located. 

21-10-2025T21:18:22 - [MESSAGE][WARNING] - [SELF-HEALING] Cannot find elements when the selector is null

21-10-2025T21:18:22 - [MESSAGE][WARNING] - Web element with id: 'Object Repository/FIM/Existing Page with Pending Changes Close_btn' located by '/html/body/div[2]/div[1]/div/div/footer/div/button' not found (Root cause: com.kms.katalon.core.exception.StepFailedException: Web element with id: 'Object Repository/FIM/Existing Page with Pending Changes Close_btn' located by '/html/body/div[2]/div[1]/div/div/footer/div/button' not found
	at com.kms.katalon.core.webui.keyword.internal.WebUIKeywordMain.stepFailed(WebUIKeywordMain.groovy:117)
	at com.kms.katalon.core.webui.keyword.builtin.VerifyElementVisibleKeyword$_verifyElementVisible_closure1.doCall(VerifyElementVisibleKeyword.groovy:89)
	at com.kms.katalon.core.webui.keyword.builtin.VerifyElementVisibleKeyword$_verifyElementVisible_closure1.call(VerifyElementVisibleKeyword.groovy)
	at com.kms.katalon.core.webui.keyword.internal.WebUIKeywordMain.runKeyword(WebUIKeywordMain.groovy:35)
	at com.kms.katalon.core.webui.keyword.builtin.VerifyElementVisibleKeyword.verifyElementVisible(VerifyElementVisibleKeyword.groovy:97)
	at com.kms.katalon.core.webui.keyword.builtin.VerifyElementVisibleKeyword.execute(VerifyElementVisibleKeyword.groovy:67)
	at com.kms.katalon.core.keyword.internal.KeywordExecutor.executeKeywordForPlatform(KeywordExecutor.groovy:74)
	at com.kms.katalon.core.webui.keyword.WebUiBuiltInKeywords.verifyElementVisible(WebUiBuiltInKeywords.groovy:401)
	at com.kms.katalon.core.webui.keyword.WebUiBuiltInKeywords$verifyElementVisible$5.call(Unknown Source)
	at Cannot Add Tank When Safefill is Missing.run(Cannot Add Tank When Safefill is Missing:33)
	at com.kms.katalon.core.main.ScriptEngine.run(ScriptEngine.java:194)
	at com.kms.katalon.core.main.ScriptEngine.runScriptAsRawText(ScriptEngine.java:119)
	at com.kms.katalon.core.main.TestCaseExecutor.runScript(TestCaseExecutor.java:448)
	at com.kms.katalon.core.main.TestCaseExecutor.doExecute(TestCaseExecutor.java:439)
	at com.kms.katalon.core.main.TestCaseExecutor.processExecutionPhase(TestCaseExecutor.java:418)
	at com.kms.katalon.core.main.TestCaseExecutor.accessMainPhase(TestCaseExecutor.java:410)
	at com.kms.katalon.core.main.TestCaseExecutor.execute(TestCaseExecutor.java:285)
	at com.kms.katalon.core.common.CommonExecutor.accessTestCaseMainPhase(CommonExecutor.java:65)
	at com.kms.katalon.core.main.TestSuiteExecutor.accessTestSuiteMainPhase(TestSuiteExecutor.java:150)
	at com.kms.katalon.core.main.TestSuiteExecutor.execute(TestSuiteExecutor.java:106)
	at com.kms.katalon.core.main.TestCaseMain.startTestSuite(TestCaseMain.java:180)
	at com.kms.katalon.core.main.TestCaseMain$startTestSuite$0.call(Unknown Source)
	at TempTestSuite1761090786896.run(TempTestSuite1761090786896.groovy:35)
	at java.base/jdk.internal.reflect.NativeMethodAccessorImpl.invoke0(Native Method)
	at java.base/jdk.internal.reflect.NativeMethodAccessorImpl.invoke(NativeMethodAccessorImpl.java:77)
	at java.base/jdk.internal.reflect.DelegatingMethodAccessorImpl.invoke(DelegatingMethodAccessorImpl.java:43)
)

21-10-2025T21:18:22 - [TEST_STEP][PASSED] - delay(1): Delayed 1 second(s)

21-10-2025T21:18:23 - [MESSAGE][PASSED] - Delayed 1 second(s)

21-10-2025T21:18:23 - [TEST_STEP][PASSED] - waitForElementClickable(findTestObject("FIM/Sites Page/Site Filtering/Site_txt"), 15): Object 'Object Repository/FIM/Sites Page/Site Filtering/Site_txt' is clickable

21-10-2025T21:18:23 - [MESSAGE][PASSED] - Object 'Object Repository/FIM/Sites Page/Site Filtering/Site_txt' is clickable

21-10-2025T21:18:23 - [TEST_STEP][PASSED] - verifyElementVisible(findTestObject("FIM/Sites Page/Tank/New Tank_btn")): Object 'Object Repository/FIM/Sites Page/Tank/New Tank_btn' is visible

21-10-2025T21:18:23 - [MESSAGE][PASSED] - Object 'Object Repository/FIM/Sites Page/Tank/New Tank_btn' is visible

21-10-2025T21:18:23 - [TEST_STEP][PASSED] - click(findTestObject("FIM/Sites Page/Tank/New Tank_btn")): Object: 'Object Repository/FIM/Sites Page/Tank/New Tank_btn' is clicked on

21-10-2025T21:18:23 - [MESSAGE][PASSED] - Object: 'Object Repository/FIM/Sites Page/Tank/New Tank_btn' is clicked on

21-10-2025T21:18:23 - [TEST_STEP][PASSED] - delay(2): Delayed 2 second(s)

21-10-2025T21:18:25 - [MESSAGE][PASSED] - Delayed 2 second(s)

21-10-2025T21:18:25 - [TEST_STEP][PASSED] - sendKeys(findTestObject("FIM/Sites Page/Tank/Tank Number_txt"), "1"): Keys '1' sent to object: 'Object Repository/FIM/Sites Page/Tank/Tank Number_txt'

21-10-2025T21:18:25 - [MESSAGE][PASSED] - Keys '1' sent to object: 'Object Repository/FIM/Sites Page/Tank/Tank Number_txt'

21-10-2025T21:18:25 - [TEST_STEP][PASSED] - delay(1): Delayed 1 second(s)

21-10-2025T21:18:26 - [MESSAGE][PASSED] - Delayed 1 second(s)

21-10-2025T21:18:26 - [TEST_STEP][PASSED] - selectOptionByLabel(findTestObject("FIM/Sites Page/Tank/Commodity_dropdown"), "PREMIUM", false): All options with label 'PREMIUM' are selected in object 'Object Repository/FIM/Sites Page/Tank/Commodity_dropdown' 

21-10-2025T21:18:26 - [MESSAGE][PASSED] - All options with label 'PREMIUM' are selected in object 'Object Repository/FIM/Sites Page/Tank/Commodity_dropdown' 

21-10-2025T21:18:26 - [TEST_STEP][PASSED] - delay(1): Delayed 1 second(s)

21-10-2025T21:18:27 - [MESSAGE][PASSED] - Delayed 1 second(s)

21-10-2025T21:18:27 - [TEST_STEP][PASSED] - selectOptionByLabel(findTestObject("FIM/Sites Page/Tank/Commodity Code_dropdown"), "G9200000", false): All options with label 'G9200000' are selected in object 'Object Repository/FIM/Sites Page/Tank/Commodity Code_dropdown' 

21-10-2025T21:18:27 - [MESSAGE][PASSED] - All options with label 'G9200000' are selected in object 'Object Repository/FIM/Sites Page/Tank/Commodity Code_dropdown' 

21-10-2025T21:18:27 - [TEST_STEP][PASSED] - delay(1): Delayed 1 second(s)

21-10-2025T21:18:28 - [MESSAGE][PASSED] - Delayed 1 second(s)

21-10-2025T21:18:28 - [TEST_STEP][PASSED] - sendKeys(findTestObject("FIM/Sites Page/Tank/Tank Size_txt"), "13000"): Keys '13000' sent to object: 'Object Repository/FIM/Sites Page/Tank/Tank Size_txt'

21-10-2025T21:18:28 - [MESSAGE][PASSED] - Keys '13000' sent to object: 'Object Repository/FIM/Sites Page/Tank/Tank Size_txt'

21-10-2025T21:18:28 - [TEST_STEP][PASSED] - delay(1): Delayed 1 second(s)

21-10-2025T21:18:30 - [MESSAGE][PASSED] - Delayed 1 second(s)

21-10-2025T21:18:30 - [TEST_STEP][PASSED] - sendKeys(findTestObject("FIM/Sites Page/Tank/Threshold_txt"), "1200"): Keys '1200' sent to object: 'Object Repository/FIM/Sites Page/Tank/Threshold_txt'

21-10-2025T21:18:30 - [MESSAGE][PASSED] - Keys '1200' sent to object: 'Object Repository/FIM/Sites Page/Tank/Threshold_txt'

21-10-2025T21:18:30 - [TEST_STEP][PASSED] - delay(1): Delayed 1 second(s)

21-10-2025T21:18:31 - [MESSAGE][PASSED] - Delayed 1 second(s)

21-10-2025T21:18:31 - [TEST_STEP][PASSED] - setText(findTestObject("FIM/Sites Page/Tank/Pump Stop_txt"), "1150"): Text '1150' is set on object 'Object Repository/FIM/Sites Page/Tank/Pump Stop_txt'

21-10-2025T21:18:31 - [MESSAGE][PASSED] - Text '1150' is set on object 'Object Repository/FIM/Sites Page/Tank/Pump Stop_txt'

21-10-2025T21:18:31 - [TEST_STEP][PASSED] - delay(1): Delayed 1 second(s)

21-10-2025T21:18:32 - [MESSAGE][PASSED] - Delayed 1 second(s)

21-10-2025T21:18:32 - [TEST_STEP][PASSED] - click(findTestObject("FIM/Sites Page/Tank/Tank Save_btn"), STOP_ON_FAILURE): Object: 'Object Repository/FIM/Sites Page/Tank/Tank Save_btn' is clicked on

21-10-2025T21:18:32 - [MESSAGE][PASSED] - Object: 'Object Repository/FIM/Sites Page/Tank/Tank Save_btn' is clicked on

21-10-2025T21:18:32 - [TEST_STEP][PASSED] - delay(1): Delayed 1 second(s)

21-10-2025T21:18:33 - [MESSAGE][PASSED] - Delayed 1 second(s)

21-10-2025T21:18:33 - [TEST_STEP][PASSED] - click(findTestObject("FIM/Sites Page/Tank/Tank Save_btn")): Object: 'Object Repository/FIM/Sites Page/Tank/Tank Save_btn' is clicked on

21-10-2025T21:18:33 - [MESSAGE][PASSED] - Object: 'Object Repository/FIM/Sites Page/Tank/Tank Save_btn' is clicked on

21-10-2025T21:18:33 - [TEST_STEP][PASSED] - delay(1): Delayed 1 second(s)

21-10-2025T21:18:34 - [MESSAGE][PASSED] - Delayed 1 second(s)

21-10-2025T21:18:34 - [TEST_STEP][PASSED] - verifyElementNotPresent(findTestObject("FIM/Sites Page/Tank/Tank Message"), 10): Web element with id: 'Object Repository/FIM/Sites Page/Tank/Tank Message' located by 'By.xpath: /html/body/div[2]/div/div/div/div/div' is not present after '10' second(s)

21-10-2025T21:18:34 - [MESSAGE][PASSED] - Web element with id: 'Object Repository/FIM/Sites Page/Tank/Tank Message' located by 'By.xpath: /html/body/div[2]/div/div/div/div/div' is not present after '10' second(s)

21-10-2025T21:18:34 - [TEST_STEP][PASSED] - closeBrowser(): Browser is closed

21-10-2025T21:18:34 - [MESSAGE][PASSED] - Browser is closed

21-10-2025T21:18:34 - [TEST_STEP][PASSED] - Start listener action : retryOnDisconnect: null

21-10-2025T21:18:34 - [TEST_STEP][PASSED] - tcId = testCaseContext.getTestCaseId(): null

21-10-2025T21:18:34 - [TEST_STEP][PASSED] - currentRetry = retryCounts.getOrDefault(tcId, 0): null

21-10-2025T21:18:34 - [TEST_STEP][PASSED] - if (testCaseContext.getTestCaseStatus() == "FAILED" && currentRetry < MAX_RETRIES): null]]></system-out>
         <system-err><![CDATA[]]></system-err>
      </testcase>
      <testcase name="Test Cases/FIM/UI/KGL/Admin/Sites Page/Tank/Cannot Add Tank When Safefill is Negative Number" time="69.683" classname="Test Cases/FIM/UI/KGL/Admin/Sites Page/Tank/Cannot Add Tank When Safefill is Negative Number" status="PASSED">
         <system-out><![CDATA[21-10-2025T21:18:34 - [TEST_CASE][PASSED] - Test Cases/FIM/UI/KGL/Admin/Sites Page/Tank/Cannot Add Tank When Safefill is Negative Number: Test Cases/FIM/UI/KGL/Admin/Sites Page/Tank/Cannot Add Tank When Safefill is Negative Number

21-10-2025T21:18:34 - [TEST_STEP][PASSED] - Start listener action : beforeTestCase: null

21-10-2025T21:18:34 - [TEST_STEP][PASSED] - addDefaultPackages(): null

21-10-2025T21:18:34 - [TEST_STEP][PASSED] - callTestCase(findTestCase("Utility Scripts/FIM KGL Admin Login"), [:], STOP_ON_FAILURE): Call Test Case 'Test Cases/Utility Scripts/FIM KGL Admin Login' successfully

21-10-2025T21:18:34 - [TEST_CASE][PASSED] - Test Cases/Utility Scripts/FIM KGL Admin Login: Test Cases/Utility Scripts/FIM KGL Admin Login

21-10-2025T21:18:34 - [TEST_STEP][PASSED] - openBrowser(""): Browser is opened with url: ''

21-10-2025T21:18:34 - [MESSAGE][INFO] - Starting 'Chrome' driver

21-10-2025T21:18:34 - [MESSAGE][INFO] - User set preference: ['args', '[--no-sandbox, --disable-gpu, --disable-dev-shm-usage]']

21-10-2025T21:18:34 - [MESSAGE][INFO] - Action delay is set to 0 milliseconds

21-10-2025T21:18:35 - [MESSAGE][PASSED] - Browser is opened with url: ''

21-10-2025T21:18:35 - [TEST_STEP][PASSED] - delay(1): Delayed 1 second(s)

21-10-2025T21:18:36 - [MESSAGE][PASSED] - Delayed 1 second(s)

21-10-2025T21:18:36 - [TEST_STEP][PASSED] - navigateToUrl(KGLCustomGroupUrl): Navigate to 'https://kaglogistics-inventory-management-portal.qa.thekag.com/custom-group/' successfully

21-10-2025T21:18:37 - [MESSAGE][PASSED] - Navigate to 'https://kaglogistics-inventory-management-portal.qa.thekag.com/custom-group/' successfully

21-10-2025T21:18:37 - [TEST_STEP][PASSED] - delay(10): Delayed 10 second(s)

21-10-2025T21:18:47 - [MESSAGE][PASSED] - Delayed 10 second(s)

21-10-2025T21:18:47 - [TEST_STEP][PASSED] - if (maximizeWindow == true): Delayed 1 second(s)

21-10-2025T21:18:47 - [TEST_STEP][PASSED] - maximizeWindow(STOP_ON_FAILURE): Current window maximized

21-10-2025T21:18:47 - [MESSAGE][PASSED] - Current window maximized

21-10-2025T21:18:47 - [TEST_STEP][PASSED] - delay(1): Delayed 1 second(s)

21-10-2025T21:18:48 - [MESSAGE][PASSED] - Delayed 1 second(s)

21-10-2025T21:18:48 - [TEST_STEP][PASSED] - waitForElementPresent(findTestObject("FIM/Username_txt"), 10): Object 'Object Repository/FIM/Username_txt' is present

21-10-2025T21:18:48 - [MESSAGE][PASSED] - Object 'Object Repository/FIM/Username_txt' is present

21-10-2025T21:18:48 - [TEST_STEP][PASSED] - setText(findTestObject("FIM/Username_txt"), FIMUsername): Text 'Chris.Sheldon+DES_QA@Thekag.com' is set on object 'Object Repository/FIM/Username_txt'

21-10-2025T21:18:48 - [MESSAGE][PASSED] - Text 'Chris.Sheldon+DES_QA@Thekag.com' is set on object 'Object Repository/FIM/Username_txt'

21-10-2025T21:18:48 - [TEST_STEP][PASSED] - delay(1): Delayed 1 second(s)

21-10-2025T21:18:49 - [MESSAGE][PASSED] - Delayed 1 second(s)

21-10-2025T21:18:49 - [TEST_STEP][PASSED] - setText(findTestObject("FIM/Password_txt"), FIMPassword): Text 'QATest!2' is set on object 'Object Repository/FIM/Password_txt'

21-10-2025T21:18:49 - [MESSAGE][PASSED] - Text 'QATest!2' is set on object 'Object Repository/FIM/Password_txt'

21-10-2025T21:18:49 - [TEST_STEP][PASSED] - delay(1): Delayed 1 second(s)

21-10-2025T21:18:50 - [MESSAGE][PASSED] - Delayed 1 second(s)

21-10-2025T21:18:50 - [TEST_STEP][PASSED] - click(findTestObject("FIM/Login_btn")): Object: 'Object Repository/FIM/Login_btn' is clicked on

21-10-2025T21:18:50 - [MESSAGE][PASSED] - Object: 'Object Repository/FIM/Login_btn' is clicked on

21-10-2025T21:18:50 - [MESSAGE][PASSED] - Call Test Case 'Test Cases/Utility Scripts/FIM KGL Admin Login' successfully

21-10-2025T21:18:50 - [TEST_STEP][PASSED] - if (verifyElementVisible(findTestObject("FIM/Server_Notification_Close_btn"), OPTIONAL) == true): Web element with id: 'Object Repository/FIM/Server_Notification_Close_btn' located by '/html/body/div/div[1]/button' not found (Root cause: com.kms.katalon.core.exception.StepFailedException: Web element with id: 'Object Repository/FIM/Server_Notification_Close_btn' located by '/html/body/div/div[1]/button' not found
	at com.kms.katalon.core.webui.keyword.internal.WebUIKeywordMain.stepFailed(WebUIKeywordMain.groovy:117)
	at com.kms.katalon.core.webui.keyword.builtin.VerifyElementVisibleKeyword$_verifyElementVisible_closure1.doCall(VerifyElementVisibleKeyword.groovy:89)
	at com.kms.katalon.core.webui.keyword.builtin.VerifyElementVisibleKeyword$_verifyElementVisible_closure1.call(VerifyElementVisibleKeyword.groovy)
	at com.kms.katalon.core.webui.keyword.internal.WebUIKeywordMain.runKeyword(WebUIKeywordMain.groovy:35)
	at com.kms.katalon.core.webui.keyword.builtin.VerifyElementVisibleKeyword.verifyElementVisible(VerifyElementVisibleKeyword.groovy:97)
	at com.kms.katalon.core.webui.keyword.builtin.VerifyElementVisibleKeyword.execute(VerifyElementVisibleKeyword.groovy:67)
	at com.kms.katalon.core.keyword.internal.KeywordExecutor.executeKeywordForPlatform(KeywordExecutor.groovy:74)
	at com.kms.katalon.core.webui.keyword.WebUiBuiltInKeywords.verifyElementVisible(WebUiBuiltInKeywords.groovy:401)
	at com.kms.katalon.core.webui.keyword.WebUiBuiltInKeywords$verifyElementVisible$5.call(Unknown Source)
	at Cannot Add Tank When Safefill is Negative Number.run(Cannot Add Tank When Safefill is Negative Number:22)
	at com.kms.katalon.core.main.ScriptEngine.run(ScriptEngine.java:194)
	at com.kms.katalon.core.main.ScriptEngine.runScriptAsRawText(ScriptEngine.java:119)
	at com.kms.katalon.core.main.TestCaseExecutor.runScript(TestCaseExecutor.java:448)
	at com.kms.katalon.core.main.TestCaseExecutor.doExecute(TestCaseExecutor.java:439)
	at com.kms.katalon.core.main.TestCaseExecutor.processExecutionPhase(TestCaseExecutor.java:418)
	at com.kms.katalon.core.main.TestCaseExecutor.accessMainPhase(TestCaseExecutor.java:410)
	at com.kms.katalon.core.main.TestCaseExecutor.execute(TestCaseExecutor.java:285)
	at com.kms.katalon.core.common.CommonExecutor.accessTestCaseMainPhase(CommonExecutor.java:65)
	at com.kms.katalon.core.main.TestSuiteExecutor.accessTestSuiteMainPhase(TestSuiteExecutor.java:150)
	at com.kms.katalon.core.main.TestSuiteExecutor.execute(TestSuiteExecutor.java:106)
	at com.kms.katalon.core.main.TestCaseMain.startTestSuite(TestCaseMain.java:180)
	at com.kms.katalon.core.main.TestCaseMain$startTestSuite$0.call(Unknown Source)
	at TempTestSuite1761090786896.run(TempTestSuite1761090786896.groovy:35)
	at java.base/jdk.internal.reflect.NativeMethodAccessorImpl.invoke0(Native Method)
	at java.base/jdk.internal.reflect.NativeMethodAccessorImpl.invoke(NativeMethodAccessorImpl.java:77)
	at java.base/jdk.internal.reflect.DelegatingMethodAccessorImpl.invoke(DelegatingMethodAccessorImpl.java:43)
)

21-10-2025T21:19:06 - [MESSAGE][INFO] - Unable to find the element located by 'By.xpath: /html/body/div/div[1]/button'. Please recheck the objects properties to make sure the desired element is located. 

21-10-2025T21:19:06 - [MESSAGE][WARNING] - [SELF-HEALING] Failed to find element with id 'Object Repository/FIM/Server_Notification_Close_btn'. Try using Self-healing.

21-10-2025T21:19:07 - [MESSAGE][INFO] - [SELF-HEALING] No working XPath is found.

21-10-2025T21:19:09 - [MESSAGE][INFO] - Unable to find the element located by 'By.xpath: '. Please recheck the objects properties to make sure the desired element is located. 

21-10-2025T21:19:09 - [MESSAGE][WARNING] - [SELF-HEALING] Cannot find elements when the selector is null

21-10-2025T21:19:09 - [MESSAGE][WARNING] - Web element with id: 'Object Repository/FIM/Server_Notification_Close_btn' located by '/html/body/div/div[1]/button' not found (Root cause: com.kms.katalon.core.exception.StepFailedException: Web element with id: 'Object Repository/FIM/Server_Notification_Close_btn' located by '/html/body/div/div[1]/button' not found
	at com.kms.katalon.core.webui.keyword.internal.WebUIKeywordMain.stepFailed(WebUIKeywordMain.groovy:117)
	at com.kms.katalon.core.webui.keyword.builtin.VerifyElementVisibleKeyword$_verifyElementVisible_closure1.doCall(VerifyElementVisibleKeyword.groovy:89)
	at com.kms.katalon.core.webui.keyword.builtin.VerifyElementVisibleKeyword$_verifyElementVisible_closure1.call(VerifyElementVisibleKeyword.groovy)
	at com.kms.katalon.core.webui.keyword.internal.WebUIKeywordMain.runKeyword(WebUIKeywordMain.groovy:35)
	at com.kms.katalon.core.webui.keyword.builtin.VerifyElementVisibleKeyword.verifyElementVisible(VerifyElementVisibleKeyword.groovy:97)
	at com.kms.katalon.core.webui.keyword.builtin.VerifyElementVisibleKeyword.execute(VerifyElementVisibleKeyword.groovy:67)
	at com.kms.katalon.core.keyword.internal.KeywordExecutor.executeKeywordForPlatform(KeywordExecutor.groovy:74)
	at com.kms.katalon.core.webui.keyword.WebUiBuiltInKeywords.verifyElementVisible(WebUiBuiltInKeywords.groovy:401)
	at com.kms.katalon.core.webui.keyword.WebUiBuiltInKeywords$verifyElementVisible$5.call(Unknown Source)
	at Cannot Add Tank When Safefill is Negative Number.run(Cannot Add Tank When Safefill is Negative Number:22)
	at com.kms.katalon.core.main.ScriptEngine.run(ScriptEngine.java:194)
	at com.kms.katalon.core.main.ScriptEngine.runScriptAsRawText(ScriptEngine.java:119)
	at com.kms.katalon.core.main.TestCaseExecutor.runScript(TestCaseExecutor.java:448)
	at com.kms.katalon.core.main.TestCaseExecutor.doExecute(TestCaseExecutor.java:439)
	at com.kms.katalon.core.main.TestCaseExecutor.processExecutionPhase(TestCaseExecutor.java:418)
	at com.kms.katalon.core.main.TestCaseExecutor.accessMainPhase(TestCaseExecutor.java:410)
	at com.kms.katalon.core.main.TestCaseExecutor.execute(TestCaseExecutor.java:285)
	at com.kms.katalon.core.common.CommonExecutor.accessTestCaseMainPhase(CommonExecutor.java:65)
	at com.kms.katalon.core.main.TestSuiteExecutor.accessTestSuiteMainPhase(TestSuiteExecutor.java:150)
	at com.kms.katalon.core.main.TestSuiteExecutor.execute(TestSuiteExecutor.java:106)
	at com.kms.katalon.core.main.TestCaseMain.startTestSuite(TestCaseMain.java:180)
	at com.kms.katalon.core.main.TestCaseMain$startTestSuite$0.call(Unknown Source)
	at TempTestSuite1761090786896.run(TempTestSuite1761090786896.groovy:35)
	at java.base/jdk.internal.reflect.NativeMethodAccessorImpl.invoke0(Native Method)
	at java.base/jdk.internal.reflect.NativeMethodAccessorImpl.invoke(NativeMethodAccessorImpl.java:77)
	at java.base/jdk.internal.reflect.DelegatingMethodAccessorImpl.invoke(DelegatingMethodAccessorImpl.java:43)
)

21-10-2025T21:19:09 - [TEST_STEP][PASSED] - click(findTestObject("FIM/Hamburger Menu List/Hamburger_menu")): Object: 'Object Repository/FIM/Hamburger Menu List/Hamburger_menu' is clicked on

21-10-2025T21:19:09 - [MESSAGE][PASSED] - Object: 'Object Repository/FIM/Hamburger Menu List/Hamburger_menu' is clicked on

21-10-2025T21:19:09 - [TEST_STEP][PASSED] - delay(2): Delayed 2 second(s)

21-10-2025T21:19:11 - [MESSAGE][PASSED] - Delayed 2 second(s)

21-10-2025T21:19:11 - [TEST_STEP][PASSED] - click(findTestObject("FIM/Hamburger Menu List/KGL_Sites_option")): Object: 'Object Repository/FIM/Hamburger Menu List/KGL_Sites_option' is clicked on

21-10-2025T21:19:11 - [MESSAGE][PASSED] - Object: 'Object Repository/FIM/Hamburger Menu List/KGL_Sites_option' is clicked on

21-10-2025T21:19:11 - [TEST_STEP][PASSED] - if (verifyElementVisible(findTestObject("FIM/Existing Page with Pending Changes Close_btn"), OPTIONAL) == true): Web element with id: 'Object Repository/FIM/Existing Page with Pending Changes Close_btn' located by '/html/body/div[2]/div[1]/div/div/footer/div/button' not found (Root cause: com.kms.katalon.core.exception.StepFailedException: Web element with id: 'Object Repository/FIM/Existing Page with Pending Changes Close_btn' located by '/html/body/div[2]/div[1]/div/div/footer/div/button' not found
	at com.kms.katalon.core.webui.keyword.internal.WebUIKeywordMain.stepFailed(WebUIKeywordMain.groovy:117)
	at com.kms.katalon.core.webui.keyword.builtin.VerifyElementVisibleKeyword$_verifyElementVisible_closure1.doCall(VerifyElementVisibleKeyword.groovy:89)
	at com.kms.katalon.core.webui.keyword.builtin.VerifyElementVisibleKeyword$_verifyElementVisible_closure1.call(VerifyElementVisibleKeyword.groovy)
	at com.kms.katalon.core.webui.keyword.internal.WebUIKeywordMain.runKeyword(WebUIKeywordMain.groovy:35)
	at com.kms.katalon.core.webui.keyword.builtin.VerifyElementVisibleKeyword.verifyElementVisible(VerifyElementVisibleKeyword.groovy:97)
	at com.kms.katalon.core.webui.keyword.builtin.VerifyElementVisibleKeyword.execute(VerifyElementVisibleKeyword.groovy:67)
	at com.kms.katalon.core.keyword.internal.KeywordExecutor.executeKeywordForPlatform(KeywordExecutor.groovy:74)
	at com.kms.katalon.core.webui.keyword.WebUiBuiltInKeywords.verifyElementVisible(WebUiBuiltInKeywords.groovy:401)
	at com.kms.katalon.core.webui.keyword.WebUiBuiltInKeywords$verifyElementVisible$5.call(Unknown Source)
	at Cannot Add Tank When Safefill is Negative Number.run(Cannot Add Tank When Safefill is Negative Number:33)
	at com.kms.katalon.core.main.ScriptEngine.run(ScriptEngine.java:194)
	at com.kms.katalon.core.main.ScriptEngine.runScriptAsRawText(ScriptEngine.java:119)
	at com.kms.katalon.core.main.TestCaseExecutor.runScript(TestCaseExecutor.java:448)
	at com.kms.katalon.core.main.TestCaseExecutor.doExecute(TestCaseExecutor.java:439)
	at com.kms.katalon.core.main.TestCaseExecutor.processExecutionPhase(TestCaseExecutor.java:418)
	at com.kms.katalon.core.main.TestCaseExecutor.accessMainPhase(TestCaseExecutor.java:410)
	at com.kms.katalon.core.main.TestCaseExecutor.execute(TestCaseExecutor.java:285)
	at com.kms.katalon.core.common.CommonExecutor.accessTestCaseMainPhase(CommonExecutor.java:65)
	at com.kms.katalon.core.main.TestSuiteExecutor.accessTestSuiteMainPhase(TestSuiteExecutor.java:150)
	at com.kms.katalon.core.main.TestSuiteExecutor.execute(TestSuiteExecutor.java:106)
	at com.kms.katalon.core.main.TestCaseMain.startTestSuite(TestCaseMain.java:180)
	at com.kms.katalon.core.main.TestCaseMain$startTestSuite$0.call(Unknown Source)
	at TempTestSuite1761090786896.run(TempTestSuite1761090786896.groovy:35)
	at java.base/jdk.internal.reflect.NativeMethodAccessorImpl.invoke0(Native Method)
	at java.base/jdk.internal.reflect.NativeMethodAccessorImpl.invoke(NativeMethodAccessorImpl.java:77)
	at java.base/jdk.internal.reflect.DelegatingMethodAccessorImpl.invoke(DelegatingMethodAccessorImpl.java:43)
)

21-10-2025T21:19:27 - [MESSAGE][INFO] - Unable to find the element located by 'By.xpath: /html/body/div[2]/div[1]/div/div/footer/div/button'. Please recheck the objects properties to make sure the desired element is located. 

21-10-2025T21:19:27 - [MESSAGE][WARNING] - [SELF-HEALING] Failed to find element with id 'Object Repository/FIM/Existing Page with Pending Changes Close_btn'. Try using Self-healing.

21-10-2025T21:19:28 - [MESSAGE][INFO] - [SELF-HEALING] No working XPath is found.

21-10-2025T21:19:30 - [MESSAGE][INFO] - Unable to find the element located by 'By.xpath: '. Please recheck the objects properties to make sure the desired element is located. 

21-10-2025T21:19:30 - [MESSAGE][WARNING] - [SELF-HEALING] Cannot find elements when the selector is null

21-10-2025T21:19:30 - [MESSAGE][WARNING] - Web element with id: 'Object Repository/FIM/Existing Page with Pending Changes Close_btn' located by '/html/body/div[2]/div[1]/div/div/footer/div/button' not found (Root cause: com.kms.katalon.core.exception.StepFailedException: Web element with id: 'Object Repository/FIM/Existing Page with Pending Changes Close_btn' located by '/html/body/div[2]/div[1]/div/div/footer/div/button' not found
	at com.kms.katalon.core.webui.keyword.internal.WebUIKeywordMain.stepFailed(WebUIKeywordMain.groovy:117)
	at com.kms.katalon.core.webui.keyword.builtin.VerifyElementVisibleKeyword$_verifyElementVisible_closure1.doCall(VerifyElementVisibleKeyword.groovy:89)
	at com.kms.katalon.core.webui.keyword.builtin.VerifyElementVisibleKeyword$_verifyElementVisible_closure1.call(VerifyElementVisibleKeyword.groovy)
	at com.kms.katalon.core.webui.keyword.internal.WebUIKeywordMain.runKeyword(WebUIKeywordMain.groovy:35)
	at com.kms.katalon.core.webui.keyword.builtin.VerifyElementVisibleKeyword.verifyElementVisible(VerifyElementVisibleKeyword.groovy:97)
	at com.kms.katalon.core.webui.keyword.builtin.VerifyElementVisibleKeyword.execute(VerifyElementVisibleKeyword.groovy:67)
	at com.kms.katalon.core.keyword.internal.KeywordExecutor.executeKeywordForPlatform(KeywordExecutor.groovy:74)
	at com.kms.katalon.core.webui.keyword.WebUiBuiltInKeywords.verifyElementVisible(WebUiBuiltInKeywords.groovy:401)
	at com.kms.katalon.core.webui.keyword.WebUiBuiltInKeywords$verifyElementVisible$5.call(Unknown Source)
	at Cannot Add Tank When Safefill is Negative Number.run(Cannot Add Tank When Safefill is Negative Number:33)
	at com.kms.katalon.core.main.ScriptEngine.run(ScriptEngine.java:194)
	at com.kms.katalon.core.main.ScriptEngine.runScriptAsRawText(ScriptEngine.java:119)
	at com.kms.katalon.core.main.TestCaseExecutor.runScript(TestCaseExecutor.java:448)
	at com.kms.katalon.core.main.TestCaseExecutor.doExecute(TestCaseExecutor.java:439)
	at com.kms.katalon.core.main.TestCaseExecutor.processExecutionPhase(TestCaseExecutor.java:418)
	at com.kms.katalon.core.main.TestCaseExecutor.accessMainPhase(TestCaseExecutor.java:410)
	at com.kms.katalon.core.main.TestCaseExecutor.execute(TestCaseExecutor.java:285)
	at com.kms.katalon.core.common.CommonExecutor.accessTestCaseMainPhase(CommonExecutor.java:65)
	at com.kms.katalon.core.main.TestSuiteExecutor.accessTestSuiteMainPhase(TestSuiteExecutor.java:150)
	at com.kms.katalon.core.main.TestSuiteExecutor.execute(TestSuiteExecutor.java:106)
	at com.kms.katalon.core.main.TestCaseMain.startTestSuite(TestCaseMain.java:180)
	at com.kms.katalon.core.main.TestCaseMain$startTestSuite$0.call(Unknown Source)
	at TempTestSuite1761090786896.run(TempTestSuite1761090786896.groovy:35)
	at java.base/jdk.internal.reflect.NativeMethodAccessorImpl.invoke0(Native Method)
	at java.base/jdk.internal.reflect.NativeMethodAccessorImpl.invoke(NativeMethodAccessorImpl.java:77)
	at java.base/jdk.internal.reflect.DelegatingMethodAccessorImpl.invoke(DelegatingMethodAccessorImpl.java:43)
)

21-10-2025T21:19:30 - [TEST_STEP][PASSED] - delay(1): Delayed 1 second(s)

21-10-2025T21:19:31 - [MESSAGE][PASSED] - Delayed 1 second(s)

21-10-2025T21:19:31 - [TEST_STEP][PASSED] - waitForElementClickable(findTestObject("FIM/Sites Page/Site Filtering/Site_txt"), 15): Object 'Object Repository/FIM/Sites Page/Site Filtering/Site_txt' is clickable

21-10-2025T21:19:31 - [MESSAGE][PASSED] - Object 'Object Repository/FIM/Sites Page/Site Filtering/Site_txt' is clickable

21-10-2025T21:19:31 - [TEST_STEP][PASSED] - verifyElementVisible(findTestObject("FIM/Sites Page/Tank/New Tank_btn")): Object 'Object Repository/FIM/Sites Page/Tank/New Tank_btn' is visible

21-10-2025T21:19:31 - [MESSAGE][PASSED] - Object 'Object Repository/FIM/Sites Page/Tank/New Tank_btn' is visible

21-10-2025T21:19:31 - [TEST_STEP][PASSED] - click(findTestObject("FIM/Sites Page/Tank/New Tank_btn")): Object: 'Object Repository/FIM/Sites Page/Tank/New Tank_btn' is clicked on

21-10-2025T21:19:32 - [MESSAGE][PASSED] - Object: 'Object Repository/FIM/Sites Page/Tank/New Tank_btn' is clicked on

21-10-2025T21:19:32 - [TEST_STEP][PASSED] - delay(2): Delayed 2 second(s)

21-10-2025T21:19:34 - [MESSAGE][PASSED] - Delayed 2 second(s)

21-10-2025T21:19:34 - [TEST_STEP][PASSED] - sendKeys(findTestObject("FIM/Sites Page/Tank/Tank Number_txt"), "2"): Keys '2' sent to object: 'Object Repository/FIM/Sites Page/Tank/Tank Number_txt'

21-10-2025T21:19:34 - [MESSAGE][PASSED] - Keys '2' sent to object: 'Object Repository/FIM/Sites Page/Tank/Tank Number_txt'

21-10-2025T21:19:34 - [TEST_STEP][PASSED] - delay(1): Delayed 1 second(s)

21-10-2025T21:19:35 - [MESSAGE][PASSED] - Delayed 1 second(s)

21-10-2025T21:19:35 - [TEST_STEP][PASSED] - selectOptionByLabel(findTestObject("FIM/Sites Page/Tank/Commodity_dropdown"), "PREMIUM", false): All options with label 'PREMIUM' are selected in object 'Object Repository/FIM/Sites Page/Tank/Commodity_dropdown' 

21-10-2025T21:19:35 - [MESSAGE][PASSED] - All options with label 'PREMIUM' are selected in object 'Object Repository/FIM/Sites Page/Tank/Commodity_dropdown' 

21-10-2025T21:19:35 - [TEST_STEP][PASSED] - delay(1): Delayed 1 second(s)

21-10-2025T21:19:36 - [MESSAGE][PASSED] - Delayed 1 second(s)

21-10-2025T21:19:36 - [TEST_STEP][PASSED] - selectOptionByLabel(findTestObject("FIM/Sites Page/Tank/Commodity Code_dropdown"), "G9200000", false): All options with label 'G9200000' are selected in object 'Object Repository/FIM/Sites Page/Tank/Commodity Code_dropdown' 

21-10-2025T21:19:36 - [MESSAGE][PASSED] - All options with label 'G9200000' are selected in object 'Object Repository/FIM/Sites Page/Tank/Commodity Code_dropdown' 

21-10-2025T21:19:36 - [TEST_STEP][PASSED] - delay(1): Delayed 1 second(s)

21-10-2025T21:19:37 - [MESSAGE][PASSED] - Delayed 1 second(s)

21-10-2025T21:19:37 - [TEST_STEP][PASSED] - sendKeys(findTestObject("FIM/Sites Page/Tank/Safe Fill Quantity_txt"), "-1000"): Keys '-1000' sent to object: 'Object Repository/FIM/Sites Page/Tank/Safe Fill Quantity_txt'

21-10-2025T21:19:37 - [MESSAGE][PASSED] - Keys '-1000' sent to object: 'Object Repository/FIM/Sites Page/Tank/Safe Fill Quantity_txt'

21-10-2025T21:19:37 - [TEST_STEP][PASSED] - delay(1): Delayed 1 second(s)

21-10-2025T21:19:38 - [MESSAGE][PASSED] - Delayed 1 second(s)

21-10-2025T21:19:38 - [TEST_STEP][PASSED] - sendKeys(findTestObject("FIM/Sites Page/Tank/Tank Size_txt"), "13000"): Keys '13000' sent to object: 'Object Repository/FIM/Sites Page/Tank/Tank Size_txt'

21-10-2025T21:19:38 - [MESSAGE][PASSED] - Keys '13000' sent to object: 'Object Repository/FIM/Sites Page/Tank/Tank Size_txt'

21-10-2025T21:19:38 - [TEST_STEP][PASSED] - delay(1): Delayed 1 second(s)

21-10-2025T21:19:39 - [MESSAGE][PASSED] - Delayed 1 second(s)

21-10-2025T21:19:39 - [TEST_STEP][PASSED] - sendKeys(findTestObject("FIM/Sites Page/Tank/Threshold_txt"), "1200"): Keys '1200' sent to object: 'Object Repository/FIM/Sites Page/Tank/Threshold_txt'

21-10-2025T21:19:39 - [MESSAGE][PASSED] - Keys '1200' sent to object: 'Object Repository/FIM/Sites Page/Tank/Threshold_txt'

21-10-2025T21:19:39 - [TEST_STEP][PASSED] - delay(1): Delayed 1 second(s)

21-10-2025T21:19:40 - [MESSAGE][PASSED] - Delayed 1 second(s)

21-10-2025T21:19:40 - [TEST_STEP][PASSED] - setText(findTestObject("FIM/Sites Page/Tank/Pump Stop_txt"), "1150"): Text '1150' is set on object 'Object Repository/FIM/Sites Page/Tank/Pump Stop_txt'

21-10-2025T21:19:40 - [MESSAGE][PASSED] - Text '1150' is set on object 'Object Repository/FIM/Sites Page/Tank/Pump Stop_txt'

21-10-2025T21:19:40 - [TEST_STEP][PASSED] - delay(1): Delayed 1 second(s)

21-10-2025T21:19:41 - [MESSAGE][PASSED] - Delayed 1 second(s)

21-10-2025T21:19:41 - [TEST_STEP][PASSED] - verifyTextPresent("SafeFillQty must be greater than zero", false): Text 'SafeFillQty must be greater than zero' is present on page 

21-10-2025T21:19:42 - [MESSAGE][PASSED] - Text 'SafeFillQty must be greater than zero' is present on page 

21-10-2025T21:19:42 - [TEST_STEP][PASSED] - delay(1): Delayed 1 second(s)

21-10-2025T21:19:43 - [MESSAGE][PASSED] - Delayed 1 second(s)

21-10-2025T21:19:43 - [TEST_STEP][PASSED] - click(findTestObject("FIM/Sites Page/Tank/Tank Save_btn")): Object: 'Object Repository/FIM/Sites Page/Tank/Tank Save_btn' is clicked on

21-10-2025T21:19:43 - [MESSAGE][PASSED] - Object: 'Object Repository/FIM/Sites Page/Tank/Tank Save_btn' is clicked on

21-10-2025T21:19:43 - [TEST_STEP][PASSED] - delay(1): Delayed 1 second(s)

21-10-2025T21:19:44 - [MESSAGE][PASSED] - Delayed 1 second(s)

21-10-2025T21:19:44 - [TEST_STEP][PASSED] - verifyElementNotPresent(findTestObject("FIM/Sites Page/Tank/Tank Message"), 10): Web element with id: 'Object Repository/FIM/Sites Page/Tank/Tank Message' located by 'By.xpath: /html/body/div[2]/div/div/div/div/div' is not present after '10' second(s)

21-10-2025T21:19:44 - [MESSAGE][PASSED] - Web element with id: 'Object Repository/FIM/Sites Page/Tank/Tank Message' located by 'By.xpath: /html/body/div[2]/div/div/div/div/div' is not present after '10' second(s)

21-10-2025T21:19:44 - [TEST_STEP][PASSED] - closeBrowser(): Browser is closed

21-10-2025T21:19:44 - [MESSAGE][PASSED] - Browser is closed

21-10-2025T21:19:44 - [TEST_STEP][PASSED] - Start listener action : retryOnDisconnect: null

21-10-2025T21:19:44 - [TEST_STEP][PASSED] - tcId = testCaseContext.getTestCaseId(): null

21-10-2025T21:19:44 - [TEST_STEP][PASSED] - currentRetry = retryCounts.getOrDefault(tcId, 0): null

21-10-2025T21:19:44 - [TEST_STEP][PASSED] - if (testCaseContext.getTestCaseStatus() == "FAILED" && currentRetry < MAX_RETRIES): null]]></system-out>
         <system-err><![CDATA[]]></system-err>
      </testcase>
      <testcase name="Test Cases/FIM/UI/KGL/Admin/Sites Page/Tank/Cannot Add Tank When Tank Number is Negative Number" time="69.823" classname="Test Cases/FIM/UI/KGL/Admin/Sites Page/Tank/Cannot Add Tank When Tank Number is Negative Number" status="PASSED">
         <system-out><![CDATA[21-10-2025T21:19:44 - [TEST_CASE][PASSED] - Test Cases/FIM/UI/KGL/Admin/Sites Page/Tank/Cannot Add Tank When Tank Number is Negative Number: Test Cases/FIM/UI/KGL/Admin/Sites Page/Tank/Cannot Add Tank When Tank Number is Negative Number

21-10-2025T21:19:44 - [TEST_STEP][PASSED] - Start listener action : beforeTestCase: null

21-10-2025T21:19:44 - [TEST_STEP][PASSED] - addDefaultPackages(): null

21-10-2025T21:19:44 - [TEST_STEP][PASSED] - callTestCase(findTestCase("Utility Scripts/FIM KGL Admin Login"), [:], STOP_ON_FAILURE): Call Test Case 'Test Cases/Utility Scripts/FIM KGL Admin Login' successfully

21-10-2025T21:19:44 - [TEST_CASE][PASSED] - Test Cases/Utility Scripts/FIM KGL Admin Login: Test Cases/Utility Scripts/FIM KGL Admin Login

21-10-2025T21:19:44 - [TEST_STEP][PASSED] - openBrowser(""): Browser is opened with url: ''

21-10-2025T21:19:44 - [MESSAGE][INFO] - Starting 'Chrome' driver

21-10-2025T21:19:44 - [MESSAGE][INFO] - User set preference: ['args', '[--no-sandbox, --disable-gpu, --disable-dev-shm-usage]']

21-10-2025T21:19:44 - [MESSAGE][INFO] - Action delay is set to 0 milliseconds

21-10-2025T21:19:45 - [MESSAGE][PASSED] - Browser is opened with url: ''

21-10-2025T21:19:45 - [TEST_STEP][PASSED] - delay(1): Delayed 1 second(s)

21-10-2025T21:19:46 - [MESSAGE][PASSED] - Delayed 1 second(s)

21-10-2025T21:19:46 - [TEST_STEP][PASSED] - navigateToUrl(KGLCustomGroupUrl): Navigate to 'https://kaglogistics-inventory-management-portal.qa.thekag.com/custom-group/' successfully

21-10-2025T21:19:46 - [MESSAGE][PASSED] - Navigate to 'https://kaglogistics-inventory-management-portal.qa.thekag.com/custom-group/' successfully

21-10-2025T21:19:46 - [TEST_STEP][PASSED] - delay(10): Delayed 10 second(s)

21-10-2025T21:19:56 - [MESSAGE][PASSED] - Delayed 10 second(s)

21-10-2025T21:19:56 - [TEST_STEP][PASSED] - if (maximizeWindow == true): Delayed 1 second(s)

21-10-2025T21:19:56 - [TEST_STEP][PASSED] - maximizeWindow(STOP_ON_FAILURE): Current window maximized

21-10-2025T21:19:56 - [MESSAGE][PASSED] - Current window maximized

21-10-2025T21:19:56 - [TEST_STEP][PASSED] - delay(1): Delayed 1 second(s)

21-10-2025T21:19:57 - [MESSAGE][PASSED] - Delayed 1 second(s)

21-10-2025T21:19:57 - [TEST_STEP][PASSED] - waitForElementPresent(findTestObject("FIM/Username_txt"), 10): Object 'Object Repository/FIM/Username_txt' is present

21-10-2025T21:19:57 - [MESSAGE][PASSED] - Object 'Object Repository/FIM/Username_txt' is present

21-10-2025T21:19:57 - [TEST_STEP][PASSED] - setText(findTestObject("FIM/Username_txt"), FIMUsername): Text 'Chris.Sheldon+DES_QA@Thekag.com' is set on object 'Object Repository/FIM/Username_txt'

21-10-2025T21:19:57 - [MESSAGE][PASSED] - Text 'Chris.Sheldon+DES_QA@Thekag.com' is set on object 'Object Repository/FIM/Username_txt'

21-10-2025T21:19:57 - [TEST_STEP][PASSED] - delay(1): Delayed 1 second(s)

21-10-2025T21:19:58 - [MESSAGE][PASSED] - Delayed 1 second(s)

21-10-2025T21:19:58 - [TEST_STEP][PASSED] - setText(findTestObject("FIM/Password_txt"), FIMPassword): Text 'QATest!2' is set on object 'Object Repository/FIM/Password_txt'

21-10-2025T21:19:59 - [MESSAGE][PASSED] - Text 'QATest!2' is set on object 'Object Repository/FIM/Password_txt'

21-10-2025T21:19:59 - [TEST_STEP][PASSED] - delay(1): Delayed 1 second(s)

21-10-2025T21:20:00 - [MESSAGE][PASSED] - Delayed 1 second(s)

21-10-2025T21:20:00 - [TEST_STEP][PASSED] - click(findTestObject("FIM/Login_btn")): Object: 'Object Repository/FIM/Login_btn' is clicked on

21-10-2025T21:20:00 - [MESSAGE][PASSED] - Object: 'Object Repository/FIM/Login_btn' is clicked on

21-10-2025T21:20:00 - [MESSAGE][PASSED] - Call Test Case 'Test Cases/Utility Scripts/FIM KGL Admin Login' successfully

21-10-2025T21:20:00 - [TEST_STEP][PASSED] - if (verifyElementVisible(findTestObject("FIM/Server_Notification_Close_btn"), OPTIONAL) == true): Web element with id: 'Object Repository/FIM/Server_Notification_Close_btn' located by '/html/body/div/div[1]/button' not found (Root cause: com.kms.katalon.core.exception.StepFailedException: Web element with id: 'Object Repository/FIM/Server_Notification_Close_btn' located by '/html/body/div/div[1]/button' not found
	at com.kms.katalon.core.webui.keyword.internal.WebUIKeywordMain.stepFailed(WebUIKeywordMain.groovy:117)
	at com.kms.katalon.core.webui.keyword.builtin.VerifyElementVisibleKeyword$_verifyElementVisible_closure1.doCall(VerifyElementVisibleKeyword.groovy:89)
	at com.kms.katalon.core.webui.keyword.builtin.VerifyElementVisibleKeyword$_verifyElementVisible_closure1.call(VerifyElementVisibleKeyword.groovy)
	at com.kms.katalon.core.webui.keyword.internal.WebUIKeywordMain.runKeyword(WebUIKeywordMain.groovy:35)
	at com.kms.katalon.core.webui.keyword.builtin.VerifyElementVisibleKeyword.verifyElementVisible(VerifyElementVisibleKeyword.groovy:97)
	at com.kms.katalon.core.webui.keyword.builtin.VerifyElementVisibleKeyword.execute(VerifyElementVisibleKeyword.groovy:67)
	at com.kms.katalon.core.keyword.internal.KeywordExecutor.executeKeywordForPlatform(KeywordExecutor.groovy:74)
	at com.kms.katalon.core.webui.keyword.WebUiBuiltInKeywords.verifyElementVisible(WebUiBuiltInKeywords.groovy:401)
	at com.kms.katalon.core.webui.keyword.WebUiBuiltInKeywords$verifyElementVisible$5.call(Unknown Source)
	at Cannot Add Tank When Tank Number is Negative Number.run(Cannot Add Tank When Tank Number is Negative Number:22)
	at com.kms.katalon.core.main.ScriptEngine.run(ScriptEngine.java:194)
	at com.kms.katalon.core.main.ScriptEngine.runScriptAsRawText(ScriptEngine.java:119)
	at com.kms.katalon.core.main.TestCaseExecutor.runScript(TestCaseExecutor.java:448)
	at com.kms.katalon.core.main.TestCaseExecutor.doExecute(TestCaseExecutor.java:439)
	at com.kms.katalon.core.main.TestCaseExecutor.processExecutionPhase(TestCaseExecutor.java:418)
	at com.kms.katalon.core.main.TestCaseExecutor.accessMainPhase(TestCaseExecutor.java:410)
	at com.kms.katalon.core.main.TestCaseExecutor.execute(TestCaseExecutor.java:285)
	at com.kms.katalon.core.common.CommonExecutor.accessTestCaseMainPhase(CommonExecutor.java:65)
	at com.kms.katalon.core.main.TestSuiteExecutor.accessTestSuiteMainPhase(TestSuiteExecutor.java:150)
	at com.kms.katalon.core.main.TestSuiteExecutor.execute(TestSuiteExecutor.java:106)
	at com.kms.katalon.core.main.TestCaseMain.startTestSuite(TestCaseMain.java:180)
	at com.kms.katalon.core.main.TestCaseMain$startTestSuite$0.call(Unknown Source)
	at TempTestSuite1761090786896.run(TempTestSuite1761090786896.groovy:35)
	at java.base/jdk.internal.reflect.NativeMethodAccessorImpl.invoke0(Native Method)
	at java.base/jdk.internal.reflect.NativeMethodAccessorImpl.invoke(NativeMethodAccessorImpl.java:77)
	at java.base/jdk.internal.reflect.DelegatingMethodAccessorImpl.invoke(DelegatingMethodAccessorImpl.java:43)
)

21-10-2025T21:20:16 - [MESSAGE][INFO] - Unable to find the element located by 'By.xpath: /html/body/div/div[1]/button'. Please recheck the objects properties to make sure the desired element is located. 

21-10-2025T21:20:16 - [MESSAGE][WARNING] - [SELF-HEALING] Failed to find element with id 'Object Repository/FIM/Server_Notification_Close_btn'. Try using Self-healing.

21-10-2025T21:20:17 - [MESSAGE][INFO] - [SELF-HEALING] No working XPath is found.

21-10-2025T21:20:19 - [MESSAGE][INFO] - Unable to find the element located by 'By.xpath: '. Please recheck the objects properties to make sure the desired element is located. 

21-10-2025T21:20:19 - [MESSAGE][WARNING] - [SELF-HEALING] Cannot find elements when the selector is null

21-10-2025T21:20:19 - [MESSAGE][WARNING] - Web element with id: 'Object Repository/FIM/Server_Notification_Close_btn' located by '/html/body/div/div[1]/button' not found (Root cause: com.kms.katalon.core.exception.StepFailedException: Web element with id: 'Object Repository/FIM/Server_Notification_Close_btn' located by '/html/body/div/div[1]/button' not found
	at com.kms.katalon.core.webui.keyword.internal.WebUIKeywordMain.stepFailed(WebUIKeywordMain.groovy:117)
	at com.kms.katalon.core.webui.keyword.builtin.VerifyElementVisibleKeyword$_verifyElementVisible_closure1.doCall(VerifyElementVisibleKeyword.groovy:89)
	at com.kms.katalon.core.webui.keyword.builtin.VerifyElementVisibleKeyword$_verifyElementVisible_closure1.call(VerifyElementVisibleKeyword.groovy)
	at com.kms.katalon.core.webui.keyword.internal.WebUIKeywordMain.runKeyword(WebUIKeywordMain.groovy:35)
	at com.kms.katalon.core.webui.keyword.builtin.VerifyElementVisibleKeyword.verifyElementVisible(VerifyElementVisibleKeyword.groovy:97)
	at com.kms.katalon.core.webui.keyword.builtin.VerifyElementVisibleKeyword.execute(VerifyElementVisibleKeyword.groovy:67)
	at com.kms.katalon.core.keyword.internal.KeywordExecutor.executeKeywordForPlatform(KeywordExecutor.groovy:74)
	at com.kms.katalon.core.webui.keyword.WebUiBuiltInKeywords.verifyElementVisible(WebUiBuiltInKeywords.groovy:401)
	at com.kms.katalon.core.webui.keyword.WebUiBuiltInKeywords$verifyElementVisible$5.call(Unknown Source)
	at Cannot Add Tank When Tank Number is Negative Number.run(Cannot Add Tank When Tank Number is Negative Number:22)
	at com.kms.katalon.core.main.ScriptEngine.run(ScriptEngine.java:194)
	at com.kms.katalon.core.main.ScriptEngine.runScriptAsRawText(ScriptEngine.java:119)
	at com.kms.katalon.core.main.TestCaseExecutor.runScript(TestCaseExecutor.java:448)
	at com.kms.katalon.core.main.TestCaseExecutor.doExecute(TestCaseExecutor.java:439)
	at com.kms.katalon.core.main.TestCaseExecutor.processExecutionPhase(TestCaseExecutor.java:418)
	at com.kms.katalon.core.main.TestCaseExecutor.accessMainPhase(TestCaseExecutor.java:410)
	at com.kms.katalon.core.main.TestCaseExecutor.execute(TestCaseExecutor.java:285)
	at com.kms.katalon.core.common.CommonExecutor.accessTestCaseMainPhase(CommonExecutor.java:65)
	at com.kms.katalon.core.main.TestSuiteExecutor.accessTestSuiteMainPhase(TestSuiteExecutor.java:150)
	at com.kms.katalon.core.main.TestSuiteExecutor.execute(TestSuiteExecutor.java:106)
	at com.kms.katalon.core.main.TestCaseMain.startTestSuite(TestCaseMain.java:180)
	at com.kms.katalon.core.main.TestCaseMain$startTestSuite$0.call(Unknown Source)
	at TempTestSuite1761090786896.run(TempTestSuite1761090786896.groovy:35)
	at java.base/jdk.internal.reflect.NativeMethodAccessorImpl.invoke0(Native Method)
	at java.base/jdk.internal.reflect.NativeMethodAccessorImpl.invoke(NativeMethodAccessorImpl.java:77)
	at java.base/jdk.internal.reflect.DelegatingMethodAccessorImpl.invoke(DelegatingMethodAccessorImpl.java:43)
)

21-10-2025T21:20:19 - [TEST_STEP][PASSED] - click(findTestObject("FIM/Hamburger Menu List/Hamburger_menu")): Object: 'Object Repository/FIM/Hamburger Menu List/Hamburger_menu' is clicked on

21-10-2025T21:20:19 - [MESSAGE][PASSED] - Object: 'Object Repository/FIM/Hamburger Menu List/Hamburger_menu' is clicked on

21-10-2025T21:20:19 - [TEST_STEP][PASSED] - delay(2): Delayed 2 second(s)

21-10-2025T21:20:21 - [MESSAGE][PASSED] - Delayed 2 second(s)

21-10-2025T21:20:21 - [TEST_STEP][PASSED] - click(findTestObject("FIM/Hamburger Menu List/KGL_Sites_option")): Object: 'Object Repository/FIM/Hamburger Menu List/KGL_Sites_option' is clicked on

21-10-2025T21:20:21 - [MESSAGE][PASSED] - Object: 'Object Repository/FIM/Hamburger Menu List/KGL_Sites_option' is clicked on

21-10-2025T21:20:21 - [TEST_STEP][PASSED] - if (verifyElementVisible(findTestObject("FIM/Existing Page with Pending Changes Close_btn"), OPTIONAL) == true): Web element with id: 'Object Repository/FIM/Existing Page with Pending Changes Close_btn' located by '/html/body/div[2]/div[1]/div/div/footer/div/button' not found (Root cause: com.kms.katalon.core.exception.StepFailedException: Web element with id: 'Object Repository/FIM/Existing Page with Pending Changes Close_btn' located by '/html/body/div[2]/div[1]/div/div/footer/div/button' not found
	at com.kms.katalon.core.webui.keyword.internal.WebUIKeywordMain.stepFailed(WebUIKeywordMain.groovy:117)
	at com.kms.katalon.core.webui.keyword.builtin.VerifyElementVisibleKeyword$_verifyElementVisible_closure1.doCall(VerifyElementVisibleKeyword.groovy:89)
	at com.kms.katalon.core.webui.keyword.builtin.VerifyElementVisibleKeyword$_verifyElementVisible_closure1.call(VerifyElementVisibleKeyword.groovy)
	at com.kms.katalon.core.webui.keyword.internal.WebUIKeywordMain.runKeyword(WebUIKeywordMain.groovy:35)
	at com.kms.katalon.core.webui.keyword.builtin.VerifyElementVisibleKeyword.verifyElementVisible(VerifyElementVisibleKeyword.groovy:97)
	at com.kms.katalon.core.webui.keyword.builtin.VerifyElementVisibleKeyword.execute(VerifyElementVisibleKeyword.groovy:67)
	at com.kms.katalon.core.keyword.internal.KeywordExecutor.executeKeywordForPlatform(KeywordExecutor.groovy:74)
	at com.kms.katalon.core.webui.keyword.WebUiBuiltInKeywords.verifyElementVisible(WebUiBuiltInKeywords.groovy:401)
	at com.kms.katalon.core.webui.keyword.WebUiBuiltInKeywords$verifyElementVisible$5.call(Unknown Source)
	at Cannot Add Tank When Tank Number is Negative Number.run(Cannot Add Tank When Tank Number is Negative Number:33)
	at com.kms.katalon.core.main.ScriptEngine.run(ScriptEngine.java:194)
	at com.kms.katalon.core.main.ScriptEngine.runScriptAsRawText(ScriptEngine.java:119)
	at com.kms.katalon.core.main.TestCaseExecutor.runScript(TestCaseExecutor.java:448)
	at com.kms.katalon.core.main.TestCaseExecutor.doExecute(TestCaseExecutor.java:439)
	at com.kms.katalon.core.main.TestCaseExecutor.processExecutionPhase(TestCaseExecutor.java:418)
	at com.kms.katalon.core.main.TestCaseExecutor.accessMainPhase(TestCaseExecutor.java:410)
	at com.kms.katalon.core.main.TestCaseExecutor.execute(TestCaseExecutor.java:285)
	at com.kms.katalon.core.common.CommonExecutor.accessTestCaseMainPhase(CommonExecutor.java:65)
	at com.kms.katalon.core.main.TestSuiteExecutor.accessTestSuiteMainPhase(TestSuiteExecutor.java:150)
	at com.kms.katalon.core.main.TestSuiteExecutor.execute(TestSuiteExecutor.java:106)
	at com.kms.katalon.core.main.TestCaseMain.startTestSuite(TestCaseMain.java:180)
	at com.kms.katalon.core.main.TestCaseMain$startTestSuite$0.call(Unknown Source)
	at TempTestSuite1761090786896.run(TempTestSuite1761090786896.groovy:35)
	at java.base/jdk.internal.reflect.NativeMethodAccessorImpl.invoke0(Native Method)
	at java.base/jdk.internal.reflect.NativeMethodAccessorImpl.invoke(NativeMethodAccessorImpl.java:77)
	at java.base/jdk.internal.reflect.DelegatingMethodAccessorImpl.invoke(DelegatingMethodAccessorImpl.java:43)
)

21-10-2025T21:20:37 - [MESSAGE][INFO] - Unable to find the element located by 'By.xpath: /html/body/div[2]/div[1]/div/div/footer/div/button'. Please recheck the objects properties to make sure the desired element is located. 

21-10-2025T21:20:37 - [MESSAGE][WARNING] - [SELF-HEALING] Failed to find element with id 'Object Repository/FIM/Existing Page with Pending Changes Close_btn'. Try using Self-healing.

21-10-2025T21:20:38 - [MESSAGE][INFO] - [SELF-HEALING] No working XPath is found.

21-10-2025T21:20:40 - [MESSAGE][INFO] - Unable to find the element located by 'By.xpath: '. Please recheck the objects properties to make sure the desired element is located. 

21-10-2025T21:20:40 - [MESSAGE][WARNING] - [SELF-HEALING] Cannot find elements when the selector is null

21-10-2025T21:20:40 - [MESSAGE][WARNING] - Web element with id: 'Object Repository/FIM/Existing Page with Pending Changes Close_btn' located by '/html/body/div[2]/div[1]/div/div/footer/div/button' not found (Root cause: com.kms.katalon.core.exception.StepFailedException: Web element with id: 'Object Repository/FIM/Existing Page with Pending Changes Close_btn' located by '/html/body/div[2]/div[1]/div/div/footer/div/button' not found
	at com.kms.katalon.core.webui.keyword.internal.WebUIKeywordMain.stepFailed(WebUIKeywordMain.groovy:117)
	at com.kms.katalon.core.webui.keyword.builtin.VerifyElementVisibleKeyword$_verifyElementVisible_closure1.doCall(VerifyElementVisibleKeyword.groovy:89)
	at com.kms.katalon.core.webui.keyword.builtin.VerifyElementVisibleKeyword$_verifyElementVisible_closure1.call(VerifyElementVisibleKeyword.groovy)
	at com.kms.katalon.core.webui.keyword.internal.WebUIKeywordMain.runKeyword(WebUIKeywordMain.groovy:35)
	at com.kms.katalon.core.webui.keyword.builtin.VerifyElementVisibleKeyword.verifyElementVisible(VerifyElementVisibleKeyword.groovy:97)
	at com.kms.katalon.core.webui.keyword.builtin.VerifyElementVisibleKeyword.execute(VerifyElementVisibleKeyword.groovy:67)
	at com.kms.katalon.core.keyword.internal.KeywordExecutor.executeKeywordForPlatform(KeywordExecutor.groovy:74)
	at com.kms.katalon.core.webui.keyword.WebUiBuiltInKeywords.verifyElementVisible(WebUiBuiltInKeywords.groovy:401)
	at com.kms.katalon.core.webui.keyword.WebUiBuiltInKeywords$verifyElementVisible$5.call(Unknown Source)
	at Cannot Add Tank When Tank Number is Negative Number.run(Cannot Add Tank When Tank Number is Negative Number:33)
	at com.kms.katalon.core.main.ScriptEngine.run(ScriptEngine.java:194)
	at com.kms.katalon.core.main.ScriptEngine.runScriptAsRawText(ScriptEngine.java:119)
	at com.kms.katalon.core.main.TestCaseExecutor.runScript(TestCaseExecutor.java:448)
	at com.kms.katalon.core.main.TestCaseExecutor.doExecute(TestCaseExecutor.java:439)
	at com.kms.katalon.core.main.TestCaseExecutor.processExecutionPhase(TestCaseExecutor.java:418)
	at com.kms.katalon.core.main.TestCaseExecutor.accessMainPhase(TestCaseExecutor.java:410)
	at com.kms.katalon.core.main.TestCaseExecutor.execute(TestCaseExecutor.java:285)
	at com.kms.katalon.core.common.CommonExecutor.accessTestCaseMainPhase(CommonExecutor.java:65)
	at com.kms.katalon.core.main.TestSuiteExecutor.accessTestSuiteMainPhase(TestSuiteExecutor.java:150)
	at com.kms.katalon.core.main.TestSuiteExecutor.execute(TestSuiteExecutor.java:106)
	at com.kms.katalon.core.main.TestCaseMain.startTestSuite(TestCaseMain.java:180)
	at com.kms.katalon.core.main.TestCaseMain$startTestSuite$0.call(Unknown Source)
	at TempTestSuite1761090786896.run(TempTestSuite1761090786896.groovy:35)
	at java.base/jdk.internal.reflect.NativeMethodAccessorImpl.invoke0(Native Method)
	at java.base/jdk.internal.reflect.NativeMethodAccessorImpl.invoke(NativeMethodAccessorImpl.java:77)
	at java.base/jdk.internal.reflect.DelegatingMethodAccessorImpl.invoke(DelegatingMethodAccessorImpl.java:43)
)

21-10-2025T21:20:40 - [TEST_STEP][PASSED] - delay(1): Delayed 1 second(s)

21-10-2025T21:20:41 - [MESSAGE][PASSED] - Delayed 1 second(s)

21-10-2025T21:20:41 - [TEST_STEP][PASSED] - waitForElementClickable(findTestObject("FIM/Sites Page/Site Filtering/Site_txt"), 15): Object 'Object Repository/FIM/Sites Page/Site Filtering/Site_txt' is clickable

21-10-2025T21:20:41 - [MESSAGE][PASSED] - Object 'Object Repository/FIM/Sites Page/Site Filtering/Site_txt' is clickable

21-10-2025T21:20:41 - [TEST_STEP][PASSED] - verifyElementVisible(findTestObject("FIM/Sites Page/Tank/New Tank_btn")): Object 'Object Repository/FIM/Sites Page/Tank/New Tank_btn' is visible

21-10-2025T21:20:41 - [MESSAGE][PASSED] - Object 'Object Repository/FIM/Sites Page/Tank/New Tank_btn' is visible

21-10-2025T21:20:41 - [TEST_STEP][PASSED] - click(findTestObject("FIM/Sites Page/Tank/New Tank_btn")): Object: 'Object Repository/FIM/Sites Page/Tank/New Tank_btn' is clicked on

21-10-2025T21:20:41 - [MESSAGE][PASSED] - Object: 'Object Repository/FIM/Sites Page/Tank/New Tank_btn' is clicked on

21-10-2025T21:20:41 - [TEST_STEP][PASSED] - delay(2): Delayed 2 second(s)

21-10-2025T21:20:43 - [MESSAGE][PASSED] - Delayed 2 second(s)

21-10-2025T21:20:43 - [TEST_STEP][PASSED] - sendKeys(findTestObject("FIM/Sites Page/Tank/Tank Number_txt"), "-2"): Keys '-2' sent to object: 'Object Repository/FIM/Sites Page/Tank/Tank Number_txt'

21-10-2025T21:20:43 - [MESSAGE][PASSED] - Keys '-2' sent to object: 'Object Repository/FIM/Sites Page/Tank/Tank Number_txt'

21-10-2025T21:20:43 - [TEST_STEP][PASSED] - delay(1): Delayed 1 second(s)

21-10-2025T21:20:44 - [MESSAGE][PASSED] - Delayed 1 second(s)

21-10-2025T21:20:44 - [TEST_STEP][PASSED] - selectOptionByLabel(findTestObject("FIM/Sites Page/Tank/Commodity_dropdown"), "PREMIUM", false): All options with label 'PREMIUM' are selected in object 'Object Repository/FIM/Sites Page/Tank/Commodity_dropdown' 

21-10-2025T21:20:45 - [MESSAGE][PASSED] - All options with label 'PREMIUM' are selected in object 'Object Repository/FIM/Sites Page/Tank/Commodity_dropdown' 

21-10-2025T21:20:45 - [TEST_STEP][PASSED] - delay(1): Delayed 1 second(s)

21-10-2025T21:20:46 - [MESSAGE][PASSED] - Delayed 1 second(s)

21-10-2025T21:20:46 - [TEST_STEP][PASSED] - selectOptionByLabel(findTestObject("FIM/Sites Page/Tank/Commodity Code_dropdown"), "G9200000", false): All options with label 'G9200000' are selected in object 'Object Repository/FIM/Sites Page/Tank/Commodity Code_dropdown' 

21-10-2025T21:20:46 - [MESSAGE][PASSED] - All options with label 'G9200000' are selected in object 'Object Repository/FIM/Sites Page/Tank/Commodity Code_dropdown' 

21-10-2025T21:20:46 - [TEST_STEP][PASSED] - delay(1): Delayed 1 second(s)

21-10-2025T21:20:47 - [MESSAGE][PASSED] - Delayed 1 second(s)

21-10-2025T21:20:47 - [TEST_STEP][PASSED] - sendKeys(findTestObject("FIM/Sites Page/Tank/Safe Fill Quantity_txt"), "1000"): Keys '1000' sent to object: 'Object Repository/FIM/Sites Page/Tank/Safe Fill Quantity_txt'

21-10-2025T21:20:47 - [MESSAGE][PASSED] - Keys '1000' sent to object: 'Object Repository/FIM/Sites Page/Tank/Safe Fill Quantity_txt'

21-10-2025T21:20:47 - [TEST_STEP][PASSED] - delay(1): Delayed 1 second(s)

21-10-2025T21:20:48 - [MESSAGE][PASSED] - Delayed 1 second(s)

21-10-2025T21:20:48 - [TEST_STEP][PASSED] - sendKeys(findTestObject("FIM/Sites Page/Tank/Tank Size_txt"), "13000"): Keys '13000' sent to object: 'Object Repository/FIM/Sites Page/Tank/Tank Size_txt'

21-10-2025T21:20:48 - [MESSAGE][PASSED] - Keys '13000' sent to object: 'Object Repository/FIM/Sites Page/Tank/Tank Size_txt'

21-10-2025T21:20:48 - [TEST_STEP][PASSED] - delay(1): Delayed 1 second(s)

21-10-2025T21:20:49 - [MESSAGE][PASSED] - Delayed 1 second(s)

21-10-2025T21:20:49 - [TEST_STEP][PASSED] - sendKeys(findTestObject("FIM/Sites Page/Tank/Threshold_txt"), "1200"): Keys '1200' sent to object: 'Object Repository/FIM/Sites Page/Tank/Threshold_txt'

21-10-2025T21:20:49 - [MESSAGE][PASSED] - Keys '1200' sent to object: 'Object Repository/FIM/Sites Page/Tank/Threshold_txt'

21-10-2025T21:20:49 - [TEST_STEP][PASSED] - delay(1): Delayed 1 second(s)

21-10-2025T21:20:50 - [MESSAGE][PASSED] - Delayed 1 second(s)

21-10-2025T21:20:50 - [TEST_STEP][PASSED] - setText(findTestObject("FIM/Sites Page/Tank/Pump Stop_txt"), "1150"): Text '1150' is set on object 'Object Repository/FIM/Sites Page/Tank/Pump Stop_txt'

21-10-2025T21:20:50 - [MESSAGE][PASSED] - Text '1150' is set on object 'Object Repository/FIM/Sites Page/Tank/Pump Stop_txt'

21-10-2025T21:20:50 - [TEST_STEP][PASSED] - delay(1): Delayed 1 second(s)

21-10-2025T21:20:51 - [MESSAGE][PASSED] - Delayed 1 second(s)

21-10-2025T21:20:51 - [TEST_STEP][PASSED] - verifyTextPresent("Tank number must be greater than zero", false): Text 'Tank number must be greater than zero' is present on page 

21-10-2025T21:20:51 - [MESSAGE][PASSED] - Text 'Tank number must be greater than zero' is present on page 

21-10-2025T21:20:51 - [TEST_STEP][PASSED] - delay(1): Delayed 1 second(s)

21-10-2025T21:20:52 - [MESSAGE][PASSED] - Delayed 1 second(s)

21-10-2025T21:20:52 - [TEST_STEP][PASSED] - click(findTestObject("FIM/Sites Page/Tank/Tank Save_btn")): Object: 'Object Repository/FIM/Sites Page/Tank/Tank Save_btn' is clicked on

21-10-2025T21:20:52 - [MESSAGE][PASSED] - Object: 'Object Repository/FIM/Sites Page/Tank/Tank Save_btn' is clicked on

21-10-2025T21:20:52 - [TEST_STEP][PASSED] - delay(1): Delayed 1 second(s)

21-10-2025T21:20:53 - [MESSAGE][PASSED] - Delayed 1 second(s)

21-10-2025T21:20:53 - [TEST_STEP][PASSED] - verifyElementNotPresent(findTestObject("FIM/Sites Page/Tank/Tank Message"), 10): Web element with id: 'Object Repository/FIM/Sites Page/Tank/Tank Message' located by 'By.xpath: /html/body/div[2]/div/div/div/div/div' is not present after '10' second(s)

21-10-2025T21:20:53 - [MESSAGE][PASSED] - Web element with id: 'Object Repository/FIM/Sites Page/Tank/Tank Message' located by 'By.xpath: /html/body/div[2]/div/div/div/div/div' is not present after '10' second(s)

21-10-2025T21:20:53 - [TEST_STEP][PASSED] - closeBrowser(): Browser is closed

21-10-2025T21:20:54 - [MESSAGE][PASSED] - Browser is closed

21-10-2025T21:20:54 - [TEST_STEP][PASSED] - Start listener action : retryOnDisconnect: null

21-10-2025T21:20:54 - [TEST_STEP][PASSED] - tcId = testCaseContext.getTestCaseId(): null

21-10-2025T21:20:54 - [TEST_STEP][PASSED] - currentRetry = retryCounts.getOrDefault(tcId, 0): null

21-10-2025T21:20:54 - [TEST_STEP][PASSED] - if (testCaseContext.getTestCaseStatus() == "FAILED" && currentRetry < MAX_RETRIES): null]]></system-out>
         <system-err><![CDATA[]]></system-err>
      </testcase>
      <testcase name="Test Cases/FIM/UI/KGL/Admin/Sites Page/Tank/Cannot Add Tank When Tank Size is Missing" time="68.535" classname="Test Cases/FIM/UI/KGL/Admin/Sites Page/Tank/Cannot Add Tank When Tank Size is Missing" status="PASSED">
         <system-out><![CDATA[21-10-2025T21:20:54 - [TEST_CASE][PASSED] - Test Cases/FIM/UI/KGL/Admin/Sites Page/Tank/Cannot Add Tank When Tank Size is Missing: Test Cases/FIM/UI/KGL/Admin/Sites Page/Tank/Cannot Add Tank When Tank Size is Missing

21-10-2025T21:20:54 - [TEST_STEP][PASSED] - Start listener action : beforeTestCase: null

21-10-2025T21:20:54 - [TEST_STEP][PASSED] - addDefaultPackages(): null

21-10-2025T21:20:54 - [TEST_STEP][PASSED] - callTestCase(findTestCase("Utility Scripts/FIM KGL Admin Login"), [:], STOP_ON_FAILURE): Call Test Case 'Test Cases/Utility Scripts/FIM KGL Admin Login' successfully

21-10-2025T21:20:54 - [TEST_CASE][PASSED] - Test Cases/Utility Scripts/FIM KGL Admin Login: Test Cases/Utility Scripts/FIM KGL Admin Login

21-10-2025T21:20:54 - [TEST_STEP][PASSED] - openBrowser(""): Browser is opened with url: ''

21-10-2025T21:20:54 - [MESSAGE][INFO] - Starting 'Chrome' driver

21-10-2025T21:20:54 - [MESSAGE][INFO] - User set preference: ['args', '[--no-sandbox, --disable-gpu, --disable-dev-shm-usage]']

21-10-2025T21:20:54 - [MESSAGE][INFO] - Action delay is set to 0 milliseconds

21-10-2025T21:20:55 - [MESSAGE][PASSED] - Browser is opened with url: ''

21-10-2025T21:20:55 - [TEST_STEP][PASSED] - delay(1): Delayed 1 second(s)

21-10-2025T21:20:56 - [MESSAGE][PASSED] - Delayed 1 second(s)

21-10-2025T21:20:56 - [TEST_STEP][PASSED] - navigateToUrl(KGLCustomGroupUrl): Navigate to 'https://kaglogistics-inventory-management-portal.qa.thekag.com/custom-group/' successfully

21-10-2025T21:20:56 - [MESSAGE][PASSED] - Navigate to 'https://kaglogistics-inventory-management-portal.qa.thekag.com/custom-group/' successfully

21-10-2025T21:20:56 - [TEST_STEP][PASSED] - delay(10): Delayed 10 second(s)

21-10-2025T21:21:06 - [MESSAGE][PASSED] - Delayed 10 second(s)

21-10-2025T21:21:06 - [TEST_STEP][PASSED] - if (maximizeWindow == true): Delayed 1 second(s)

21-10-2025T21:21:06 - [TEST_STEP][PASSED] - maximizeWindow(STOP_ON_FAILURE): Current window maximized

21-10-2025T21:21:06 - [MESSAGE][PASSED] - Current window maximized

21-10-2025T21:21:06 - [TEST_STEP][PASSED] - delay(1): Delayed 1 second(s)

21-10-2025T21:21:07 - [MESSAGE][PASSED] - Delayed 1 second(s)

21-10-2025T21:21:07 - [TEST_STEP][PASSED] - waitForElementPresent(findTestObject("FIM/Username_txt"), 10): Object 'Object Repository/FIM/Username_txt' is present

21-10-2025T21:21:07 - [MESSAGE][PASSED] - Object 'Object Repository/FIM/Username_txt' is present

21-10-2025T21:21:07 - [TEST_STEP][PASSED] - setText(findTestObject("FIM/Username_txt"), FIMUsername): Text 'Chris.Sheldon+DES_QA@Thekag.com' is set on object 'Object Repository/FIM/Username_txt'

21-10-2025T21:21:07 - [MESSAGE][PASSED] - Text 'Chris.Sheldon+DES_QA@Thekag.com' is set on object 'Object Repository/FIM/Username_txt'

21-10-2025T21:21:07 - [TEST_STEP][PASSED] - delay(1): Delayed 1 second(s)

21-10-2025T21:21:08 - [MESSAGE][PASSED] - Delayed 1 second(s)

21-10-2025T21:21:08 - [TEST_STEP][PASSED] - setText(findTestObject("FIM/Password_txt"), FIMPassword): Text 'QATest!2' is set on object 'Object Repository/FIM/Password_txt'

21-10-2025T21:21:08 - [MESSAGE][PASSED] - Text 'QATest!2' is set on object 'Object Repository/FIM/Password_txt'

21-10-2025T21:21:08 - [TEST_STEP][PASSED] - delay(1): Delayed 1 second(s)

21-10-2025T21:21:09 - [MESSAGE][PASSED] - Delayed 1 second(s)

21-10-2025T21:21:09 - [TEST_STEP][PASSED] - click(findTestObject("FIM/Login_btn")): Object: 'Object Repository/FIM/Login_btn' is clicked on

21-10-2025T21:21:10 - [MESSAGE][PASSED] - Object: 'Object Repository/FIM/Login_btn' is clicked on

21-10-2025T21:21:10 - [MESSAGE][PASSED] - Call Test Case 'Test Cases/Utility Scripts/FIM KGL Admin Login' successfully

21-10-2025T21:21:10 - [TEST_STEP][PASSED] - if (verifyElementVisible(findTestObject("FIM/Server_Notification_Close_btn"), OPTIONAL) == true): Web element with id: 'Object Repository/FIM/Server_Notification_Close_btn' located by '/html/body/div/div[1]/button' not found (Root cause: com.kms.katalon.core.exception.StepFailedException: Web element with id: 'Object Repository/FIM/Server_Notification_Close_btn' located by '/html/body/div/div[1]/button' not found
	at com.kms.katalon.core.webui.keyword.internal.WebUIKeywordMain.stepFailed(WebUIKeywordMain.groovy:117)
	at com.kms.katalon.core.webui.keyword.builtin.VerifyElementVisibleKeyword$_verifyElementVisible_closure1.doCall(VerifyElementVisibleKeyword.groovy:89)
	at com.kms.katalon.core.webui.keyword.builtin.VerifyElementVisibleKeyword$_verifyElementVisible_closure1.call(VerifyElementVisibleKeyword.groovy)
	at com.kms.katalon.core.webui.keyword.internal.WebUIKeywordMain.runKeyword(WebUIKeywordMain.groovy:35)
	at com.kms.katalon.core.webui.keyword.builtin.VerifyElementVisibleKeyword.verifyElementVisible(VerifyElementVisibleKeyword.groovy:97)
	at com.kms.katalon.core.webui.keyword.builtin.VerifyElementVisibleKeyword.execute(VerifyElementVisibleKeyword.groovy:67)
	at com.kms.katalon.core.keyword.internal.KeywordExecutor.executeKeywordForPlatform(KeywordExecutor.groovy:74)
	at com.kms.katalon.core.webui.keyword.WebUiBuiltInKeywords.verifyElementVisible(WebUiBuiltInKeywords.groovy:401)
	at com.kms.katalon.core.webui.keyword.WebUiBuiltInKeywords$verifyElementVisible$5.call(Unknown Source)
	at Cannot Add Tank When Tank Size is Missing.run(Cannot Add Tank When Tank Size is Missing:22)
	at com.kms.katalon.core.main.ScriptEngine.run(ScriptEngine.java:194)
	at com.kms.katalon.core.main.ScriptEngine.runScriptAsRawText(ScriptEngine.java:119)
	at com.kms.katalon.core.main.TestCaseExecutor.runScript(TestCaseExecutor.java:448)
	at com.kms.katalon.core.main.TestCaseExecutor.doExecute(TestCaseExecutor.java:439)
	at com.kms.katalon.core.main.TestCaseExecutor.processExecutionPhase(TestCaseExecutor.java:418)
	at com.kms.katalon.core.main.TestCaseExecutor.accessMainPhase(TestCaseExecutor.java:410)
	at com.kms.katalon.core.main.TestCaseExecutor.execute(TestCaseExecutor.java:285)
	at com.kms.katalon.core.common.CommonExecutor.accessTestCaseMainPhase(CommonExecutor.java:65)
	at com.kms.katalon.core.main.TestSuiteExecutor.accessTestSuiteMainPhase(TestSuiteExecutor.java:150)
	at com.kms.katalon.core.main.TestSuiteExecutor.execute(TestSuiteExecutor.java:106)
	at com.kms.katalon.core.main.TestCaseMain.startTestSuite(TestCaseMain.java:180)
	at com.kms.katalon.core.main.TestCaseMain$startTestSuite$0.call(Unknown Source)
	at TempTestSuite1761090786896.run(TempTestSuite1761090786896.groovy:35)
	at java.base/jdk.internal.reflect.NativeMethodAccessorImpl.invoke0(Native Method)
	at java.base/jdk.internal.reflect.NativeMethodAccessorImpl.invoke(NativeMethodAccessorImpl.java:77)
	at java.base/jdk.internal.reflect.DelegatingMethodAccessorImpl.invoke(DelegatingMethodAccessorImpl.java:43)
)

21-10-2025T21:21:26 - [MESSAGE][INFO] - Unable to find the element located by 'By.xpath: /html/body/div/div[1]/button'. Please recheck the objects properties to make sure the desired element is located. 

21-10-2025T21:21:26 - [MESSAGE][WARNING] - [SELF-HEALING] Failed to find element with id 'Object Repository/FIM/Server_Notification_Close_btn'. Try using Self-healing.

21-10-2025T21:21:27 - [MESSAGE][INFO] - [SELF-HEALING] No working XPath is found.

21-10-2025T21:21:29 - [MESSAGE][INFO] - Unable to find the element located by 'By.xpath: '. Please recheck the objects properties to make sure the desired element is located. 

21-10-2025T21:21:29 - [MESSAGE][WARNING] - [SELF-HEALING] Cannot find elements when the selector is null

21-10-2025T21:21:29 - [MESSAGE][WARNING] - Web element with id: 'Object Repository/FIM/Server_Notification_Close_btn' located by '/html/body/div/div[1]/button' not found (Root cause: com.kms.katalon.core.exception.StepFailedException: Web element with id: 'Object Repository/FIM/Server_Notification_Close_btn' located by '/html/body/div/div[1]/button' not found
	at com.kms.katalon.core.webui.keyword.internal.WebUIKeywordMain.stepFailed(WebUIKeywordMain.groovy:117)
	at com.kms.katalon.core.webui.keyword.builtin.VerifyElementVisibleKeyword$_verifyElementVisible_closure1.doCall(VerifyElementVisibleKeyword.groovy:89)
	at com.kms.katalon.core.webui.keyword.builtin.VerifyElementVisibleKeyword$_verifyElementVisible_closure1.call(VerifyElementVisibleKeyword.groovy)
	at com.kms.katalon.core.webui.keyword.internal.WebUIKeywordMain.runKeyword(WebUIKeywordMain.groovy:35)
	at com.kms.katalon.core.webui.keyword.builtin.VerifyElementVisibleKeyword.verifyElementVisible(VerifyElementVisibleKeyword.groovy:97)
	at com.kms.katalon.core.webui.keyword.builtin.VerifyElementVisibleKeyword.execute(VerifyElementVisibleKeyword.groovy:67)
	at com.kms.katalon.core.keyword.internal.KeywordExecutor.executeKeywordForPlatform(KeywordExecutor.groovy:74)
	at com.kms.katalon.core.webui.keyword.WebUiBuiltInKeywords.verifyElementVisible(WebUiBuiltInKeywords.groovy:401)
	at com.kms.katalon.core.webui.keyword.WebUiBuiltInKeywords$verifyElementVisible$5.call(Unknown Source)
	at Cannot Add Tank When Tank Size is Missing.run(Cannot Add Tank When Tank Size is Missing:22)
	at com.kms.katalon.core.main.ScriptEngine.run(ScriptEngine.java:194)
	at com.kms.katalon.core.main.ScriptEngine.runScriptAsRawText(ScriptEngine.java:119)
	at com.kms.katalon.core.main.TestCaseExecutor.runScript(TestCaseExecutor.java:448)
	at com.kms.katalon.core.main.TestCaseExecutor.doExecute(TestCaseExecutor.java:439)
	at com.kms.katalon.core.main.TestCaseExecutor.processExecutionPhase(TestCaseExecutor.java:418)
	at com.kms.katalon.core.main.TestCaseExecutor.accessMainPhase(TestCaseExecutor.java:410)
	at com.kms.katalon.core.main.TestCaseExecutor.execute(TestCaseExecutor.java:285)
	at com.kms.katalon.core.common.CommonExecutor.accessTestCaseMainPhase(CommonExecutor.java:65)
	at com.kms.katalon.core.main.TestSuiteExecutor.accessTestSuiteMainPhase(TestSuiteExecutor.java:150)
	at com.kms.katalon.core.main.TestSuiteExecutor.execute(TestSuiteExecutor.java:106)
	at com.kms.katalon.core.main.TestCaseMain.startTestSuite(TestCaseMain.java:180)
	at com.kms.katalon.core.main.TestCaseMain$startTestSuite$0.call(Unknown Source)
	at TempTestSuite1761090786896.run(TempTestSuite1761090786896.groovy:35)
	at java.base/jdk.internal.reflect.NativeMethodAccessorImpl.invoke0(Native Method)
	at java.base/jdk.internal.reflect.NativeMethodAccessorImpl.invoke(NativeMethodAccessorImpl.java:77)
	at java.base/jdk.internal.reflect.DelegatingMethodAccessorImpl.invoke(DelegatingMethodAccessorImpl.java:43)
)

21-10-2025T21:21:29 - [TEST_STEP][PASSED] - click(findTestObject("FIM/Hamburger Menu List/Hamburger_menu")): Object: 'Object Repository/FIM/Hamburger Menu List/Hamburger_menu' is clicked on

21-10-2025T21:21:29 - [MESSAGE][PASSED] - Object: 'Object Repository/FIM/Hamburger Menu List/Hamburger_menu' is clicked on

21-10-2025T21:21:29 - [TEST_STEP][PASSED] - delay(2): Delayed 2 second(s)

21-10-2025T21:21:31 - [MESSAGE][PASSED] - Delayed 2 second(s)

21-10-2025T21:21:31 - [TEST_STEP][PASSED] - click(findTestObject("FIM/Hamburger Menu List/KGL_Sites_option")): Object: 'Object Repository/FIM/Hamburger Menu List/KGL_Sites_option' is clicked on

21-10-2025T21:21:31 - [MESSAGE][PASSED] - Object: 'Object Repository/FIM/Hamburger Menu List/KGL_Sites_option' is clicked on

21-10-2025T21:21:31 - [TEST_STEP][PASSED] - if (verifyElementVisible(findTestObject("FIM/Existing Page with Pending Changes Close_btn"), OPTIONAL) == true): Web element with id: 'Object Repository/FIM/Existing Page with Pending Changes Close_btn' located by '/html/body/div[2]/div[1]/div/div/footer/div/button' not found (Root cause: com.kms.katalon.core.exception.StepFailedException: Web element with id: 'Object Repository/FIM/Existing Page with Pending Changes Close_btn' located by '/html/body/div[2]/div[1]/div/div/footer/div/button' not found
	at com.kms.katalon.core.webui.keyword.internal.WebUIKeywordMain.stepFailed(WebUIKeywordMain.groovy:117)
	at com.kms.katalon.core.webui.keyword.builtin.VerifyElementVisibleKeyword$_verifyElementVisible_closure1.doCall(VerifyElementVisibleKeyword.groovy:89)
	at com.kms.katalon.core.webui.keyword.builtin.VerifyElementVisibleKeyword$_verifyElementVisible_closure1.call(VerifyElementVisibleKeyword.groovy)
	at com.kms.katalon.core.webui.keyword.internal.WebUIKeywordMain.runKeyword(WebUIKeywordMain.groovy:35)
	at com.kms.katalon.core.webui.keyword.builtin.VerifyElementVisibleKeyword.verifyElementVisible(VerifyElementVisibleKeyword.groovy:97)
	at com.kms.katalon.core.webui.keyword.builtin.VerifyElementVisibleKeyword.execute(VerifyElementVisibleKeyword.groovy:67)
	at com.kms.katalon.core.keyword.internal.KeywordExecutor.executeKeywordForPlatform(KeywordExecutor.groovy:74)
	at com.kms.katalon.core.webui.keyword.WebUiBuiltInKeywords.verifyElementVisible(WebUiBuiltInKeywords.groovy:401)
	at com.kms.katalon.core.webui.keyword.WebUiBuiltInKeywords$verifyElementVisible$5.call(Unknown Source)
	at Cannot Add Tank When Tank Size is Missing.run(Cannot Add Tank When Tank Size is Missing:33)
	at com.kms.katalon.core.main.ScriptEngine.run(ScriptEngine.java:194)
	at com.kms.katalon.core.main.ScriptEngine.runScriptAsRawText(ScriptEngine.java:119)
	at com.kms.katalon.core.main.TestCaseExecutor.runScript(TestCaseExecutor.java:448)
	at com.kms.katalon.core.main.TestCaseExecutor.doExecute(TestCaseExecutor.java:439)
	at com.kms.katalon.core.main.TestCaseExecutor.processExecutionPhase(TestCaseExecutor.java:418)
	at com.kms.katalon.core.main.TestCaseExecutor.accessMainPhase(TestCaseExecutor.java:410)
	at com.kms.katalon.core.main.TestCaseExecutor.execute(TestCaseExecutor.java:285)
	at com.kms.katalon.core.common.CommonExecutor.accessTestCaseMainPhase(CommonExecutor.java:65)
	at com.kms.katalon.core.main.TestSuiteExecutor.accessTestSuiteMainPhase(TestSuiteExecutor.java:150)
	at com.kms.katalon.core.main.TestSuiteExecutor.execute(TestSuiteExecutor.java:106)
	at com.kms.katalon.core.main.TestCaseMain.startTestSuite(TestCaseMain.java:180)
	at com.kms.katalon.core.main.TestCaseMain$startTestSuite$0.call(Unknown Source)
	at TempTestSuite1761090786896.run(TempTestSuite1761090786896.groovy:35)
	at java.base/jdk.internal.reflect.NativeMethodAccessorImpl.invoke0(Native Method)
	at java.base/jdk.internal.reflect.NativeMethodAccessorImpl.invoke(NativeMethodAccessorImpl.java:77)
	at java.base/jdk.internal.reflect.DelegatingMethodAccessorImpl.invoke(DelegatingMethodAccessorImpl.java:43)
)

21-10-2025T21:21:47 - [MESSAGE][INFO] - Unable to find the element located by 'By.xpath: /html/body/div[2]/div[1]/div/div/footer/div/button'. Please recheck the objects properties to make sure the desired element is located. 

21-10-2025T21:21:47 - [MESSAGE][WARNING] - [SELF-HEALING] Failed to find element with id 'Object Repository/FIM/Existing Page with Pending Changes Close_btn'. Try using Self-healing.

21-10-2025T21:21:48 - [MESSAGE][INFO] - [SELF-HEALING] No working XPath is found.

21-10-2025T21:21:50 - [MESSAGE][INFO] - Unable to find the element located by 'By.xpath: '. Please recheck the objects properties to make sure the desired element is located. 

21-10-2025T21:21:50 - [MESSAGE][WARNING] - [SELF-HEALING] Cannot find elements when the selector is null

21-10-2025T21:21:50 - [MESSAGE][WARNING] - Web element with id: 'Object Repository/FIM/Existing Page with Pending Changes Close_btn' located by '/html/body/div[2]/div[1]/div/div/footer/div/button' not found (Root cause: com.kms.katalon.core.exception.StepFailedException: Web element with id: 'Object Repository/FIM/Existing Page with Pending Changes Close_btn' located by '/html/body/div[2]/div[1]/div/div/footer/div/button' not found
	at com.kms.katalon.core.webui.keyword.internal.WebUIKeywordMain.stepFailed(WebUIKeywordMain.groovy:117)
	at com.kms.katalon.core.webui.keyword.builtin.VerifyElementVisibleKeyword$_verifyElementVisible_closure1.doCall(VerifyElementVisibleKeyword.groovy:89)
	at com.kms.katalon.core.webui.keyword.builtin.VerifyElementVisibleKeyword$_verifyElementVisible_closure1.call(VerifyElementVisibleKeyword.groovy)
	at com.kms.katalon.core.webui.keyword.internal.WebUIKeywordMain.runKeyword(WebUIKeywordMain.groovy:35)
	at com.kms.katalon.core.webui.keyword.builtin.VerifyElementVisibleKeyword.verifyElementVisible(VerifyElementVisibleKeyword.groovy:97)
	at com.kms.katalon.core.webui.keyword.builtin.VerifyElementVisibleKeyword.execute(VerifyElementVisibleKeyword.groovy:67)
	at com.kms.katalon.core.keyword.internal.KeywordExecutor.executeKeywordForPlatform(KeywordExecutor.groovy:74)
	at com.kms.katalon.core.webui.keyword.WebUiBuiltInKeywords.verifyElementVisible(WebUiBuiltInKeywords.groovy:401)
	at com.kms.katalon.core.webui.keyword.WebUiBuiltInKeywords$verifyElementVisible$5.call(Unknown Source)
	at Cannot Add Tank When Tank Size is Missing.run(Cannot Add Tank When Tank Size is Missing:33)
	at com.kms.katalon.core.main.ScriptEngine.run(ScriptEngine.java:194)
	at com.kms.katalon.core.main.ScriptEngine.runScriptAsRawText(ScriptEngine.java:119)
	at com.kms.katalon.core.main.TestCaseExecutor.runScript(TestCaseExecutor.java:448)
	at com.kms.katalon.core.main.TestCaseExecutor.doExecute(TestCaseExecutor.java:439)
	at com.kms.katalon.core.main.TestCaseExecutor.processExecutionPhase(TestCaseExecutor.java:418)
	at com.kms.katalon.core.main.TestCaseExecutor.accessMainPhase(TestCaseExecutor.java:410)
	at com.kms.katalon.core.main.TestCaseExecutor.execute(TestCaseExecutor.java:285)
	at com.kms.katalon.core.common.CommonExecutor.accessTestCaseMainPhase(CommonExecutor.java:65)
	at com.kms.katalon.core.main.TestSuiteExecutor.accessTestSuiteMainPhase(TestSuiteExecutor.java:150)
	at com.kms.katalon.core.main.TestSuiteExecutor.execute(TestSuiteExecutor.java:106)
	at com.kms.katalon.core.main.TestCaseMain.startTestSuite(TestCaseMain.java:180)
	at com.kms.katalon.core.main.TestCaseMain$startTestSuite$0.call(Unknown Source)
	at TempTestSuite1761090786896.run(TempTestSuite1761090786896.groovy:35)
	at java.base/jdk.internal.reflect.NativeMethodAccessorImpl.invoke0(Native Method)
	at java.base/jdk.internal.reflect.NativeMethodAccessorImpl.invoke(NativeMethodAccessorImpl.java:77)
	at java.base/jdk.internal.reflect.DelegatingMethodAccessorImpl.invoke(DelegatingMethodAccessorImpl.java:43)
)

21-10-2025T21:21:50 - [TEST_STEP][PASSED] - delay(1): Delayed 1 second(s)

21-10-2025T21:21:51 - [MESSAGE][PASSED] - Delayed 1 second(s)

21-10-2025T21:21:51 - [TEST_STEP][PASSED] - waitForElementClickable(findTestObject("FIM/Sites Page/Site Filtering/Site_txt"), 15): Object 'Object Repository/FIM/Sites Page/Site Filtering/Site_txt' is clickable

21-10-2025T21:21:51 - [MESSAGE][PASSED] - Object 'Object Repository/FIM/Sites Page/Site Filtering/Site_txt' is clickable

21-10-2025T21:21:51 - [TEST_STEP][PASSED] - verifyElementVisible(findTestObject("FIM/Sites Page/Tank/New Tank_btn")): Object 'Object Repository/FIM/Sites Page/Tank/New Tank_btn' is visible

21-10-2025T21:21:51 - [MESSAGE][PASSED] - Object 'Object Repository/FIM/Sites Page/Tank/New Tank_btn' is visible

21-10-2025T21:21:51 - [TEST_STEP][PASSED] - click(findTestObject("FIM/Sites Page/Tank/New Tank_btn")): Object: 'Object Repository/FIM/Sites Page/Tank/New Tank_btn' is clicked on

21-10-2025T21:21:51 - [MESSAGE][PASSED] - Object: 'Object Repository/FIM/Sites Page/Tank/New Tank_btn' is clicked on

21-10-2025T21:21:51 - [TEST_STEP][PASSED] - delay(2): Delayed 2 second(s)

21-10-2025T21:21:53 - [MESSAGE][PASSED] - Delayed 2 second(s)

21-10-2025T21:21:53 - [TEST_STEP][PASSED] - sendKeys(findTestObject("FIM/Sites Page/Tank/Tank Number_txt"), "1"): Keys '1' sent to object: 'Object Repository/FIM/Sites Page/Tank/Tank Number_txt'

21-10-2025T21:21:53 - [MESSAGE][PASSED] - Keys '1' sent to object: 'Object Repository/FIM/Sites Page/Tank/Tank Number_txt'

21-10-2025T21:21:53 - [TEST_STEP][PASSED] - delay(1): Delayed 1 second(s)

21-10-2025T21:21:54 - [MESSAGE][PASSED] - Delayed 1 second(s)

21-10-2025T21:21:54 - [TEST_STEP][PASSED] - selectOptionByLabel(findTestObject("FIM/Sites Page/Tank/Commodity_dropdown"), "PREMIUM", false): All options with label 'PREMIUM' are selected in object 'Object Repository/FIM/Sites Page/Tank/Commodity_dropdown' 

21-10-2025T21:21:54 - [MESSAGE][PASSED] - All options with label 'PREMIUM' are selected in object 'Object Repository/FIM/Sites Page/Tank/Commodity_dropdown' 

21-10-2025T21:21:54 - [TEST_STEP][PASSED] - delay(1): Delayed 1 second(s)

21-10-2025T21:21:55 - [MESSAGE][PASSED] - Delayed 1 second(s)

21-10-2025T21:21:55 - [TEST_STEP][PASSED] - selectOptionByLabel(findTestObject("FIM/Sites Page/Tank/Commodity Code_dropdown"), "G9200000", false): All options with label 'G9200000' are selected in object 'Object Repository/FIM/Sites Page/Tank/Commodity Code_dropdown' 

21-10-2025T21:21:55 - [MESSAGE][PASSED] - All options with label 'G9200000' are selected in object 'Object Repository/FIM/Sites Page/Tank/Commodity Code_dropdown' 

21-10-2025T21:21:55 - [TEST_STEP][PASSED] - delay(1): Delayed 1 second(s)

21-10-2025T21:21:56 - [MESSAGE][PASSED] - Delayed 1 second(s)

21-10-2025T21:21:56 - [TEST_STEP][PASSED] - sendKeys(findTestObject("FIM/Sites Page/Tank/Safe Fill Quantity_txt"), "9540"): Keys '9540' sent to object: 'Object Repository/FIM/Sites Page/Tank/Safe Fill Quantity_txt'

21-10-2025T21:21:56 - [MESSAGE][PASSED] - Keys '9540' sent to object: 'Object Repository/FIM/Sites Page/Tank/Safe Fill Quantity_txt'

21-10-2025T21:21:56 - [TEST_STEP][PASSED] - delay(1): Delayed 1 second(s)

21-10-2025T21:21:57 - [MESSAGE][PASSED] - Delayed 1 second(s)

21-10-2025T21:21:57 - [TEST_STEP][PASSED] - sendKeys(findTestObject("FIM/Sites Page/Tank/Threshold_txt"), "1200"): Keys '1200' sent to object: 'Object Repository/FIM/Sites Page/Tank/Threshold_txt'

21-10-2025T21:21:57 - [MESSAGE][PASSED] - Keys '1200' sent to object: 'Object Repository/FIM/Sites Page/Tank/Threshold_txt'

21-10-2025T21:21:57 - [TEST_STEP][PASSED] - delay(1): Delayed 1 second(s)

21-10-2025T21:21:58 - [MESSAGE][PASSED] - Delayed 1 second(s)

21-10-2025T21:21:58 - [TEST_STEP][PASSED] - setText(findTestObject("FIM/Sites Page/Tank/Pump Stop_txt"), "1150"): Text '1150' is set on object 'Object Repository/FIM/Sites Page/Tank/Pump Stop_txt'

21-10-2025T21:21:59 - [MESSAGE][PASSED] - Text '1150' is set on object 'Object Repository/FIM/Sites Page/Tank/Pump Stop_txt'

21-10-2025T21:21:59 - [TEST_STEP][PASSED] - delay(1): Delayed 1 second(s)

21-10-2025T21:22:00 - [MESSAGE][PASSED] - Delayed 1 second(s)

21-10-2025T21:22:00 - [TEST_STEP][PASSED] - click(findTestObject("FIM/Sites Page/Tank/Tank Save_btn"), STOP_ON_FAILURE): Object: 'Object Repository/FIM/Sites Page/Tank/Tank Save_btn' is clicked on

21-10-2025T21:22:00 - [MESSAGE][PASSED] - Object: 'Object Repository/FIM/Sites Page/Tank/Tank Save_btn' is clicked on

21-10-2025T21:22:00 - [TEST_STEP][PASSED] - delay(1): Delayed 1 second(s)

21-10-2025T21:22:01 - [MESSAGE][PASSED] - Delayed 1 second(s)

21-10-2025T21:22:01 - [TEST_STEP][PASSED] - click(findTestObject("FIM/Sites Page/Tank/Tank Save_btn")): Object: 'Object Repository/FIM/Sites Page/Tank/Tank Save_btn' is clicked on

21-10-2025T21:22:01 - [MESSAGE][PASSED] - Object: 'Object Repository/FIM/Sites Page/Tank/Tank Save_btn' is clicked on

21-10-2025T21:22:01 - [TEST_STEP][PASSED] - delay(1): Delayed 1 second(s)

21-10-2025T21:22:02 - [MESSAGE][PASSED] - Delayed 1 second(s)

21-10-2025T21:22:02 - [TEST_STEP][PASSED] - verifyElementNotPresent(findTestObject("FIM/Sites Page/Tank/Tank Message"), 10): Web element with id: 'Object Repository/FIM/Sites Page/Tank/Tank Message' located by 'By.xpath: /html/body/div[2]/div/div/div/div/div' is not present after '10' second(s)

21-10-2025T21:22:02 - [MESSAGE][PASSED] - Web element with id: 'Object Repository/FIM/Sites Page/Tank/Tank Message' located by 'By.xpath: /html/body/div[2]/div/div/div/div/div' is not present after '10' second(s)

21-10-2025T21:22:02 - [TEST_STEP][PASSED] - closeBrowser(): Browser is closed

21-10-2025T21:22:02 - [MESSAGE][PASSED] - Browser is closed

21-10-2025T21:22:02 - [TEST_STEP][PASSED] - Start listener action : retryOnDisconnect: null

21-10-2025T21:22:02 - [TEST_STEP][PASSED] - tcId = testCaseContext.getTestCaseId(): null

21-10-2025T21:22:02 - [TEST_STEP][PASSED] - currentRetry = retryCounts.getOrDefault(tcId, 0): null

21-10-2025T21:22:02 - [TEST_STEP][PASSED] - if (testCaseContext.getTestCaseStatus() == "FAILED" && currentRetry < MAX_RETRIES): null]]></system-out>
         <system-err><![CDATA[]]></system-err>
      </testcase>
      <testcase name="Test Cases/FIM/UI/KGL/Admin/Sites Page/Tank/Cannot Add Tank When Tank Size is Negative Number" time="69.749" classname="Test Cases/FIM/UI/KGL/Admin/Sites Page/Tank/Cannot Add Tank When Tank Size is Negative Number" status="PASSED">
         <system-out><![CDATA[21-10-2025T21:22:02 - [TEST_CASE][PASSED] - Test Cases/FIM/UI/KGL/Admin/Sites Page/Tank/Cannot Add Tank When Tank Size is Negative Number: Test Cases/FIM/UI/KGL/Admin/Sites Page/Tank/Cannot Add Tank When Tank Size is Negative Number

21-10-2025T21:22:02 - [TEST_STEP][PASSED] - Start listener action : beforeTestCase: null

21-10-2025T21:22:02 - [TEST_STEP][PASSED] - addDefaultPackages(): null

21-10-2025T21:22:02 - [TEST_STEP][PASSED] - callTestCase(findTestCase("Utility Scripts/FIM KGL Admin Login"), [:], STOP_ON_FAILURE): Call Test Case 'Test Cases/Utility Scripts/FIM KGL Admin Login' successfully

21-10-2025T21:22:02 - [TEST_CASE][PASSED] - Test Cases/Utility Scripts/FIM KGL Admin Login: Test Cases/Utility Scripts/FIM KGL Admin Login

21-10-2025T21:22:02 - [TEST_STEP][PASSED] - openBrowser(""): Browser is opened with url: ''

21-10-2025T21:22:02 - [MESSAGE][INFO] - Starting 'Chrome' driver

21-10-2025T21:22:02 - [MESSAGE][INFO] - User set preference: ['args', '[--no-sandbox, --disable-gpu, --disable-dev-shm-usage]']

21-10-2025T21:22:02 - [MESSAGE][INFO] - Action delay is set to 0 milliseconds

21-10-2025T21:22:03 - [MESSAGE][PASSED] - Browser is opened with url: ''

21-10-2025T21:22:03 - [TEST_STEP][PASSED] - delay(1): Delayed 1 second(s)

21-10-2025T21:22:04 - [MESSAGE][PASSED] - Delayed 1 second(s)

21-10-2025T21:22:04 - [TEST_STEP][PASSED] - navigateToUrl(KGLCustomGroupUrl): Navigate to 'https://kaglogistics-inventory-management-portal.qa.thekag.com/custom-group/' successfully

21-10-2025T21:22:04 - [MESSAGE][PASSED] - Navigate to 'https://kaglogistics-inventory-management-portal.qa.thekag.com/custom-group/' successfully

21-10-2025T21:22:04 - [TEST_STEP][PASSED] - delay(10): Delayed 10 second(s)

21-10-2025T21:22:14 - [MESSAGE][PASSED] - Delayed 10 second(s)

21-10-2025T21:22:14 - [TEST_STEP][PASSED] - if (maximizeWindow == true): Delayed 1 second(s)

21-10-2025T21:22:14 - [TEST_STEP][PASSED] - maximizeWindow(STOP_ON_FAILURE): Current window maximized

21-10-2025T21:22:15 - [MESSAGE][PASSED] - Current window maximized

21-10-2025T21:22:15 - [TEST_STEP][PASSED] - delay(1): Delayed 1 second(s)

21-10-2025T21:22:16 - [MESSAGE][PASSED] - Delayed 1 second(s)

21-10-2025T21:22:16 - [TEST_STEP][PASSED] - waitForElementPresent(findTestObject("FIM/Username_txt"), 10): Object 'Object Repository/FIM/Username_txt' is present

21-10-2025T21:22:16 - [MESSAGE][PASSED] - Object 'Object Repository/FIM/Username_txt' is present

21-10-2025T21:22:16 - [TEST_STEP][PASSED] - setText(findTestObject("FIM/Username_txt"), FIMUsername): Text 'Chris.Sheldon+DES_QA@Thekag.com' is set on object 'Object Repository/FIM/Username_txt'

21-10-2025T21:22:16 - [MESSAGE][PASSED] - Text 'Chris.Sheldon+DES_QA@Thekag.com' is set on object 'Object Repository/FIM/Username_txt'

21-10-2025T21:22:16 - [TEST_STEP][PASSED] - delay(1): Delayed 1 second(s)

21-10-2025T21:22:17 - [MESSAGE][PASSED] - Delayed 1 second(s)

21-10-2025T21:22:17 - [TEST_STEP][PASSED] - setText(findTestObject("FIM/Password_txt"), FIMPassword): Text 'QATest!2' is set on object 'Object Repository/FIM/Password_txt'

21-10-2025T21:22:17 - [MESSAGE][PASSED] - Text 'QATest!2' is set on object 'Object Repository/FIM/Password_txt'

21-10-2025T21:22:17 - [TEST_STEP][PASSED] - delay(1): Delayed 1 second(s)

21-10-2025T21:22:18 - [MESSAGE][PASSED] - Delayed 1 second(s)

21-10-2025T21:22:18 - [TEST_STEP][PASSED] - click(findTestObject("FIM/Login_btn")): Object: 'Object Repository/FIM/Login_btn' is clicked on

21-10-2025T21:22:18 - [MESSAGE][PASSED] - Object: 'Object Repository/FIM/Login_btn' is clicked on

21-10-2025T21:22:18 - [MESSAGE][PASSED] - Call Test Case 'Test Cases/Utility Scripts/FIM KGL Admin Login' successfully

21-10-2025T21:22:18 - [TEST_STEP][PASSED] - if (verifyElementVisible(findTestObject("FIM/Server_Notification_Close_btn"), OPTIONAL) == true): Web element with id: 'Object Repository/FIM/Server_Notification_Close_btn' located by '/html/body/div/div[1]/button' not found (Root cause: com.kms.katalon.core.exception.StepFailedException: Web element with id: 'Object Repository/FIM/Server_Notification_Close_btn' located by '/html/body/div/div[1]/button' not found
	at com.kms.katalon.core.webui.keyword.internal.WebUIKeywordMain.stepFailed(WebUIKeywordMain.groovy:117)
	at com.kms.katalon.core.webui.keyword.builtin.VerifyElementVisibleKeyword$_verifyElementVisible_closure1.doCall(VerifyElementVisibleKeyword.groovy:89)
	at com.kms.katalon.core.webui.keyword.builtin.VerifyElementVisibleKeyword$_verifyElementVisible_closure1.call(VerifyElementVisibleKeyword.groovy)
	at com.kms.katalon.core.webui.keyword.internal.WebUIKeywordMain.runKeyword(WebUIKeywordMain.groovy:35)
	at com.kms.katalon.core.webui.keyword.builtin.VerifyElementVisibleKeyword.verifyElementVisible(VerifyElementVisibleKeyword.groovy:97)
	at com.kms.katalon.core.webui.keyword.builtin.VerifyElementVisibleKeyword.execute(VerifyElementVisibleKeyword.groovy:67)
	at com.kms.katalon.core.keyword.internal.KeywordExecutor.executeKeywordForPlatform(KeywordExecutor.groovy:74)
	at com.kms.katalon.core.webui.keyword.WebUiBuiltInKeywords.verifyElementVisible(WebUiBuiltInKeywords.groovy:401)
	at com.kms.katalon.core.webui.keyword.WebUiBuiltInKeywords$verifyElementVisible$5.call(Unknown Source)
	at Cannot Add Tank When Tank Size is Negative Number.run(Cannot Add Tank When Tank Size is Negative Number:22)
	at com.kms.katalon.core.main.ScriptEngine.run(ScriptEngine.java:194)
	at com.kms.katalon.core.main.ScriptEngine.runScriptAsRawText(ScriptEngine.java:119)
	at com.kms.katalon.core.main.TestCaseExecutor.runScript(TestCaseExecutor.java:448)
	at com.kms.katalon.core.main.TestCaseExecutor.doExecute(TestCaseExecutor.java:439)
	at com.kms.katalon.core.main.TestCaseExecutor.processExecutionPhase(TestCaseExecutor.java:418)
	at com.kms.katalon.core.main.TestCaseExecutor.accessMainPhase(TestCaseExecutor.java:410)
	at com.kms.katalon.core.main.TestCaseExecutor.execute(TestCaseExecutor.java:285)
	at com.kms.katalon.core.common.CommonExecutor.accessTestCaseMainPhase(CommonExecutor.java:65)
	at com.kms.katalon.core.main.TestSuiteExecutor.accessTestSuiteMainPhase(TestSuiteExecutor.java:150)
	at com.kms.katalon.core.main.TestSuiteExecutor.execute(TestSuiteExecutor.java:106)
	at com.kms.katalon.core.main.TestCaseMain.startTestSuite(TestCaseMain.java:180)
	at com.kms.katalon.core.main.TestCaseMain$startTestSuite$0.call(Unknown Source)
	at TempTestSuite1761090786896.run(TempTestSuite1761090786896.groovy:35)
	at java.base/jdk.internal.reflect.NativeMethodAccessorImpl.invoke0(Native Method)
	at java.base/jdk.internal.reflect.NativeMethodAccessorImpl.invoke(NativeMethodAccessorImpl.java:77)
	at java.base/jdk.internal.reflect.DelegatingMethodAccessorImpl.invoke(DelegatingMethodAccessorImpl.java:43)
)

21-10-2025T21:22:34 - [MESSAGE][INFO] - Unable to find the element located by 'By.xpath: /html/body/div/div[1]/button'. Please recheck the objects properties to make sure the desired element is located. 

21-10-2025T21:22:34 - [MESSAGE][WARNING] - [SELF-HEALING] Failed to find element with id 'Object Repository/FIM/Server_Notification_Close_btn'. Try using Self-healing.

21-10-2025T21:22:35 - [MESSAGE][INFO] - [SELF-HEALING] No working XPath is found.

21-10-2025T21:22:37 - [MESSAGE][INFO] - Unable to find the element located by 'By.xpath: '. Please recheck the objects properties to make sure the desired element is located. 

21-10-2025T21:22:37 - [MESSAGE][WARNING] - [SELF-HEALING] Cannot find elements when the selector is null

21-10-2025T21:22:37 - [MESSAGE][WARNING] - Web element with id: 'Object Repository/FIM/Server_Notification_Close_btn' located by '/html/body/div/div[1]/button' not found (Root cause: com.kms.katalon.core.exception.StepFailedException: Web element with id: 'Object Repository/FIM/Server_Notification_Close_btn' located by '/html/body/div/div[1]/button' not found
	at com.kms.katalon.core.webui.keyword.internal.WebUIKeywordMain.stepFailed(WebUIKeywordMain.groovy:117)
	at com.kms.katalon.core.webui.keyword.builtin.VerifyElementVisibleKeyword$_verifyElementVisible_closure1.doCall(VerifyElementVisibleKeyword.groovy:89)
	at com.kms.katalon.core.webui.keyword.builtin.VerifyElementVisibleKeyword$_verifyElementVisible_closure1.call(VerifyElementVisibleKeyword.groovy)
	at com.kms.katalon.core.webui.keyword.internal.WebUIKeywordMain.runKeyword(WebUIKeywordMain.groovy:35)
	at com.kms.katalon.core.webui.keyword.builtin.VerifyElementVisibleKeyword.verifyElementVisible(VerifyElementVisibleKeyword.groovy:97)
	at com.kms.katalon.core.webui.keyword.builtin.VerifyElementVisibleKeyword.execute(VerifyElementVisibleKeyword.groovy:67)
	at com.kms.katalon.core.keyword.internal.KeywordExecutor.executeKeywordForPlatform(KeywordExecutor.groovy:74)
	at com.kms.katalon.core.webui.keyword.WebUiBuiltInKeywords.verifyElementVisible(WebUiBuiltInKeywords.groovy:401)
	at com.kms.katalon.core.webui.keyword.WebUiBuiltInKeywords$verifyElementVisible$5.call(Unknown Source)
	at Cannot Add Tank When Tank Size is Negative Number.run(Cannot Add Tank When Tank Size is Negative Number:22)
	at com.kms.katalon.core.main.ScriptEngine.run(ScriptEngine.java:194)
	at com.kms.katalon.core.main.ScriptEngine.runScriptAsRawText(ScriptEngine.java:119)
	at com.kms.katalon.core.main.TestCaseExecutor.runScript(TestCaseExecutor.java:448)
	at com.kms.katalon.core.main.TestCaseExecutor.doExecute(TestCaseExecutor.java:439)
	at com.kms.katalon.core.main.TestCaseExecutor.processExecutionPhase(TestCaseExecutor.java:418)
	at com.kms.katalon.core.main.TestCaseExecutor.accessMainPhase(TestCaseExecutor.java:410)
	at com.kms.katalon.core.main.TestCaseExecutor.execute(TestCaseExecutor.java:285)
	at com.kms.katalon.core.common.CommonExecutor.accessTestCaseMainPhase(CommonExecutor.java:65)
	at com.kms.katalon.core.main.TestSuiteExecutor.accessTestSuiteMainPhase(TestSuiteExecutor.java:150)
	at com.kms.katalon.core.main.TestSuiteExecutor.execute(TestSuiteExecutor.java:106)
	at com.kms.katalon.core.main.TestCaseMain.startTestSuite(TestCaseMain.java:180)
	at com.kms.katalon.core.main.TestCaseMain$startTestSuite$0.call(Unknown Source)
	at TempTestSuite1761090786896.run(TempTestSuite1761090786896.groovy:35)
	at java.base/jdk.internal.reflect.NativeMethodAccessorImpl.invoke0(Native Method)
	at java.base/jdk.internal.reflect.NativeMethodAccessorImpl.invoke(NativeMethodAccessorImpl.java:77)
	at java.base/jdk.internal.reflect.DelegatingMethodAccessorImpl.invoke(DelegatingMethodAccessorImpl.java:43)
)

21-10-2025T21:22:37 - [TEST_STEP][PASSED] - click(findTestObject("FIM/Hamburger Menu List/Hamburger_menu")): Object: 'Object Repository/FIM/Hamburger Menu List/Hamburger_menu' is clicked on

21-10-2025T21:22:37 - [MESSAGE][PASSED] - Object: 'Object Repository/FIM/Hamburger Menu List/Hamburger_menu' is clicked on

21-10-2025T21:22:37 - [TEST_STEP][PASSED] - delay(2): Delayed 2 second(s)

21-10-2025T21:22:39 - [MESSAGE][PASSED] - Delayed 2 second(s)

21-10-2025T21:22:39 - [TEST_STEP][PASSED] - click(findTestObject("FIM/Hamburger Menu List/KGL_Sites_option")): Object: 'Object Repository/FIM/Hamburger Menu List/KGL_Sites_option' is clicked on

21-10-2025T21:22:39 - [MESSAGE][PASSED] - Object: 'Object Repository/FIM/Hamburger Menu List/KGL_Sites_option' is clicked on

21-10-2025T21:22:39 - [TEST_STEP][PASSED] - if (verifyElementVisible(findTestObject("FIM/Existing Page with Pending Changes Close_btn"), OPTIONAL) == true): Web element with id: 'Object Repository/FIM/Existing Page with Pending Changes Close_btn' located by '/html/body/div[2]/div[1]/div/div/footer/div/button' not found (Root cause: com.kms.katalon.core.exception.StepFailedException: Web element with id: 'Object Repository/FIM/Existing Page with Pending Changes Close_btn' located by '/html/body/div[2]/div[1]/div/div/footer/div/button' not found
	at com.kms.katalon.core.webui.keyword.internal.WebUIKeywordMain.stepFailed(WebUIKeywordMain.groovy:117)
	at com.kms.katalon.core.webui.keyword.builtin.VerifyElementVisibleKeyword$_verifyElementVisible_closure1.doCall(VerifyElementVisibleKeyword.groovy:89)
	at com.kms.katalon.core.webui.keyword.builtin.VerifyElementVisibleKeyword$_verifyElementVisible_closure1.call(VerifyElementVisibleKeyword.groovy)
	at com.kms.katalon.core.webui.keyword.internal.WebUIKeywordMain.runKeyword(WebUIKeywordMain.groovy:35)
	at com.kms.katalon.core.webui.keyword.builtin.VerifyElementVisibleKeyword.verifyElementVisible(VerifyElementVisibleKeyword.groovy:97)
	at com.kms.katalon.core.webui.keyword.builtin.VerifyElementVisibleKeyword.execute(VerifyElementVisibleKeyword.groovy:67)
	at com.kms.katalon.core.keyword.internal.KeywordExecutor.executeKeywordForPlatform(KeywordExecutor.groovy:74)
	at com.kms.katalon.core.webui.keyword.WebUiBuiltInKeywords.verifyElementVisible(WebUiBuiltInKeywords.groovy:401)
	at com.kms.katalon.core.webui.keyword.WebUiBuiltInKeywords$verifyElementVisible$5.call(Unknown Source)
	at Cannot Add Tank When Tank Size is Negative Number.run(Cannot Add Tank When Tank Size is Negative Number:33)
	at com.kms.katalon.core.main.ScriptEngine.run(ScriptEngine.java:194)
	at com.kms.katalon.core.main.ScriptEngine.runScriptAsRawText(ScriptEngine.java:119)
	at com.kms.katalon.core.main.TestCaseExecutor.runScript(TestCaseExecutor.java:448)
	at com.kms.katalon.core.main.TestCaseExecutor.doExecute(TestCaseExecutor.java:439)
	at com.kms.katalon.core.main.TestCaseExecutor.processExecutionPhase(TestCaseExecutor.java:418)
	at com.kms.katalon.core.main.TestCaseExecutor.accessMainPhase(TestCaseExecutor.java:410)
	at com.kms.katalon.core.main.TestCaseExecutor.execute(TestCaseExecutor.java:285)
	at com.kms.katalon.core.common.CommonExecutor.accessTestCaseMainPhase(CommonExecutor.java:65)
	at com.kms.katalon.core.main.TestSuiteExecutor.accessTestSuiteMainPhase(TestSuiteExecutor.java:150)
	at com.kms.katalon.core.main.TestSuiteExecutor.execute(TestSuiteExecutor.java:106)
	at com.kms.katalon.core.main.TestCaseMain.startTestSuite(TestCaseMain.java:180)
	at com.kms.katalon.core.main.TestCaseMain$startTestSuite$0.call(Unknown Source)
	at TempTestSuite1761090786896.run(TempTestSuite1761090786896.groovy:35)
	at java.base/jdk.internal.reflect.NativeMethodAccessorImpl.invoke0(Native Method)
	at java.base/jdk.internal.reflect.NativeMethodAccessorImpl.invoke(NativeMethodAccessorImpl.java:77)
	at java.base/jdk.internal.reflect.DelegatingMethodAccessorImpl.invoke(DelegatingMethodAccessorImpl.java:43)
)

21-10-2025T21:22:55 - [MESSAGE][INFO] - Unable to find the element located by 'By.xpath: /html/body/div[2]/div[1]/div/div/footer/div/button'. Please recheck the objects properties to make sure the desired element is located. 

21-10-2025T21:22:55 - [MESSAGE][WARNING] - [SELF-HEALING] Failed to find element with id 'Object Repository/FIM/Existing Page with Pending Changes Close_btn'. Try using Self-healing.

21-10-2025T21:22:56 - [MESSAGE][INFO] - [SELF-HEALING] No working XPath is found.

21-10-2025T21:22:58 - [MESSAGE][INFO] - Unable to find the element located by 'By.xpath: '. Please recheck the objects properties to make sure the desired element is located. 

21-10-2025T21:22:58 - [MESSAGE][WARNING] - [SELF-HEALING] Cannot find elements when the selector is null

21-10-2025T21:22:58 - [MESSAGE][WARNING] - Web element with id: 'Object Repository/FIM/Existing Page with Pending Changes Close_btn' located by '/html/body/div[2]/div[1]/div/div/footer/div/button' not found (Root cause: com.kms.katalon.core.exception.StepFailedException: Web element with id: 'Object Repository/FIM/Existing Page with Pending Changes Close_btn' located by '/html/body/div[2]/div[1]/div/div/footer/div/button' not found
	at com.kms.katalon.core.webui.keyword.internal.WebUIKeywordMain.stepFailed(WebUIKeywordMain.groovy:117)
	at com.kms.katalon.core.webui.keyword.builtin.VerifyElementVisibleKeyword$_verifyElementVisible_closure1.doCall(VerifyElementVisibleKeyword.groovy:89)
	at com.kms.katalon.core.webui.keyword.builtin.VerifyElementVisibleKeyword$_verifyElementVisible_closure1.call(VerifyElementVisibleKeyword.groovy)
	at com.kms.katalon.core.webui.keyword.internal.WebUIKeywordMain.runKeyword(WebUIKeywordMain.groovy:35)
	at com.kms.katalon.core.webui.keyword.builtin.VerifyElementVisibleKeyword.verifyElementVisible(VerifyElementVisibleKeyword.groovy:97)
	at com.kms.katalon.core.webui.keyword.builtin.VerifyElementVisibleKeyword.execute(VerifyElementVisibleKeyword.groovy:67)
	at com.kms.katalon.core.keyword.internal.KeywordExecutor.executeKeywordForPlatform(KeywordExecutor.groovy:74)
	at com.kms.katalon.core.webui.keyword.WebUiBuiltInKeywords.verifyElementVisible(WebUiBuiltInKeywords.groovy:401)
	at com.kms.katalon.core.webui.keyword.WebUiBuiltInKeywords$verifyElementVisible$5.call(Unknown Source)
	at Cannot Add Tank When Tank Size is Negative Number.run(Cannot Add Tank When Tank Size is Negative Number:33)
	at com.kms.katalon.core.main.ScriptEngine.run(ScriptEngine.java:194)
	at com.kms.katalon.core.main.ScriptEngine.runScriptAsRawText(ScriptEngine.java:119)
	at com.kms.katalon.core.main.TestCaseExecutor.runScript(TestCaseExecutor.java:448)
	at com.kms.katalon.core.main.TestCaseExecutor.doExecute(TestCaseExecutor.java:439)
	at com.kms.katalon.core.main.TestCaseExecutor.processExecutionPhase(TestCaseExecutor.java:418)
	at com.kms.katalon.core.main.TestCaseExecutor.accessMainPhase(TestCaseExecutor.java:410)
	at com.kms.katalon.core.main.TestCaseExecutor.execute(TestCaseExecutor.java:285)
	at com.kms.katalon.core.common.CommonExecutor.accessTestCaseMainPhase(CommonExecutor.java:65)
	at com.kms.katalon.core.main.TestSuiteExecutor.accessTestSuiteMainPhase(TestSuiteExecutor.java:150)
	at com.kms.katalon.core.main.TestSuiteExecutor.execute(TestSuiteExecutor.java:106)
	at com.kms.katalon.core.main.TestCaseMain.startTestSuite(TestCaseMain.java:180)
	at com.kms.katalon.core.main.TestCaseMain$startTestSuite$0.call(Unknown Source)
	at TempTestSuite1761090786896.run(TempTestSuite1761090786896.groovy:35)
	at java.base/jdk.internal.reflect.NativeMethodAccessorImpl.invoke0(Native Method)
	at java.base/jdk.internal.reflect.NativeMethodAccessorImpl.invoke(NativeMethodAccessorImpl.java:77)
	at java.base/jdk.internal.reflect.DelegatingMethodAccessorImpl.invoke(DelegatingMethodAccessorImpl.java:43)
)

21-10-2025T21:22:58 - [TEST_STEP][PASSED] - delay(1): Delayed 1 second(s)

21-10-2025T21:22:59 - [MESSAGE][PASSED] - Delayed 1 second(s)

21-10-2025T21:22:59 - [TEST_STEP][PASSED] - waitForElementClickable(findTestObject("FIM/Sites Page/Site Filtering/Site_txt"), 15): Object 'Object Repository/FIM/Sites Page/Site Filtering/Site_txt' is clickable

21-10-2025T21:22:59 - [MESSAGE][PASSED] - Object 'Object Repository/FIM/Sites Page/Site Filtering/Site_txt' is clickable

21-10-2025T21:22:59 - [TEST_STEP][PASSED] - verifyElementVisible(findTestObject("FIM/Sites Page/Tank/New Tank_btn")): Object 'Object Repository/FIM/Sites Page/Tank/New Tank_btn' is visible

21-10-2025T21:22:59 - [MESSAGE][PASSED] - Object 'Object Repository/FIM/Sites Page/Tank/New Tank_btn' is visible

21-10-2025T21:22:59 - [TEST_STEP][PASSED] - click(findTestObject("FIM/Sites Page/Tank/New Tank_btn")): Object: 'Object Repository/FIM/Sites Page/Tank/New Tank_btn' is clicked on

21-10-2025T21:23:00 - [MESSAGE][PASSED] - Object: 'Object Repository/FIM/Sites Page/Tank/New Tank_btn' is clicked on

21-10-2025T21:23:00 - [TEST_STEP][PASSED] - delay(2): Delayed 2 second(s)

21-10-2025T21:23:02 - [MESSAGE][PASSED] - Delayed 2 second(s)

21-10-2025T21:23:02 - [TEST_STEP][PASSED] - sendKeys(findTestObject("FIM/Sites Page/Tank/Tank Number_txt"), "2"): Keys '2' sent to object: 'Object Repository/FIM/Sites Page/Tank/Tank Number_txt'

21-10-2025T21:23:02 - [MESSAGE][PASSED] - Keys '2' sent to object: 'Object Repository/FIM/Sites Page/Tank/Tank Number_txt'

21-10-2025T21:23:02 - [TEST_STEP][PASSED] - delay(1): Delayed 1 second(s)

21-10-2025T21:23:03 - [MESSAGE][PASSED] - Delayed 1 second(s)

21-10-2025T21:23:03 - [TEST_STEP][PASSED] - selectOptionByLabel(findTestObject("FIM/Sites Page/Tank/Commodity_dropdown"), "PREMIUM", false): All options with label 'PREMIUM' are selected in object 'Object Repository/FIM/Sites Page/Tank/Commodity_dropdown' 

21-10-2025T21:23:03 - [MESSAGE][PASSED] - All options with label 'PREMIUM' are selected in object 'Object Repository/FIM/Sites Page/Tank/Commodity_dropdown' 

21-10-2025T21:23:03 - [TEST_STEP][PASSED] - delay(1): Delayed 1 second(s)

21-10-2025T21:23:04 - [MESSAGE][PASSED] - Delayed 1 second(s)

21-10-2025T21:23:04 - [TEST_STEP][PASSED] - selectOptionByLabel(findTestObject("FIM/Sites Page/Tank/Commodity Code_dropdown"), "G9200000", false): All options with label 'G9200000' are selected in object 'Object Repository/FIM/Sites Page/Tank/Commodity Code_dropdown' 

21-10-2025T21:23:04 - [MESSAGE][PASSED] - All options with label 'G9200000' are selected in object 'Object Repository/FIM/Sites Page/Tank/Commodity Code_dropdown' 

21-10-2025T21:23:04 - [TEST_STEP][PASSED] - delay(1): Delayed 1 second(s)

21-10-2025T21:23:05 - [MESSAGE][PASSED] - Delayed 1 second(s)

21-10-2025T21:23:05 - [TEST_STEP][PASSED] - sendKeys(findTestObject("FIM/Sites Page/Tank/Safe Fill Quantity_txt"), "6500"): Keys '6500' sent to object: 'Object Repository/FIM/Sites Page/Tank/Safe Fill Quantity_txt'

21-10-2025T21:23:05 - [MESSAGE][PASSED] - Keys '6500' sent to object: 'Object Repository/FIM/Sites Page/Tank/Safe Fill Quantity_txt'

21-10-2025T21:23:05 - [TEST_STEP][PASSED] - delay(1): Delayed 1 second(s)

21-10-2025T21:23:06 - [MESSAGE][PASSED] - Delayed 1 second(s)

21-10-2025T21:23:06 - [TEST_STEP][PASSED] - sendKeys(findTestObject("FIM/Sites Page/Tank/Tank Size_txt"), "-13000"): Keys '-13000' sent to object: 'Object Repository/FIM/Sites Page/Tank/Tank Size_txt'

21-10-2025T21:23:06 - [MESSAGE][PASSED] - Keys '-13000' sent to object: 'Object Repository/FIM/Sites Page/Tank/Tank Size_txt'

21-10-2025T21:23:06 - [TEST_STEP][PASSED] - delay(1): Delayed 1 second(s)

21-10-2025T21:23:07 - [MESSAGE][PASSED] - Delayed 1 second(s)

21-10-2025T21:23:07 - [TEST_STEP][PASSED] - sendKeys(findTestObject("FIM/Sites Page/Tank/Threshold_txt"), "1200"): Keys '1200' sent to object: 'Object Repository/FIM/Sites Page/Tank/Threshold_txt'

21-10-2025T21:23:07 - [MESSAGE][PASSED] - Keys '1200' sent to object: 'Object Repository/FIM/Sites Page/Tank/Threshold_txt'

21-10-2025T21:23:07 - [TEST_STEP][PASSED] - delay(1): Delayed 1 second(s)

21-10-2025T21:23:08 - [MESSAGE][PASSED] - Delayed 1 second(s)

21-10-2025T21:23:08 - [TEST_STEP][PASSED] - setText(findTestObject("FIM/Sites Page/Tank/Pump Stop_txt"), "1150"): Text '1150' is set on object 'Object Repository/FIM/Sites Page/Tank/Pump Stop_txt'

21-10-2025T21:23:08 - [MESSAGE][PASSED] - Text '1150' is set on object 'Object Repository/FIM/Sites Page/Tank/Pump Stop_txt'

21-10-2025T21:23:08 - [TEST_STEP][PASSED] - delay(1): Delayed 1 second(s)

21-10-2025T21:23:09 - [MESSAGE][PASSED] - Delayed 1 second(s)

21-10-2025T21:23:09 - [TEST_STEP][PASSED] - verifyTextPresent("Tank size must be greater than zero", false): Text 'Tank size must be greater than zero' is present on page 

21-10-2025T21:23:10 - [MESSAGE][PASSED] - Text 'Tank size must be greater than zero' is present on page 

21-10-2025T21:23:10 - [TEST_STEP][PASSED] - delay(1): Delayed 1 second(s)

21-10-2025T21:23:11 - [MESSAGE][PASSED] - Delayed 1 second(s)

21-10-2025T21:23:11 - [TEST_STEP][PASSED] - click(findTestObject("FIM/Sites Page/Tank/Tank Save_btn")): Object: 'Object Repository/FIM/Sites Page/Tank/Tank Save_btn' is clicked on

21-10-2025T21:23:11 - [MESSAGE][PASSED] - Object: 'Object Repository/FIM/Sites Page/Tank/Tank Save_btn' is clicked on

21-10-2025T21:23:11 - [TEST_STEP][PASSED] - delay(1): Delayed 1 second(s)

21-10-2025T21:23:12 - [MESSAGE][PASSED] - Delayed 1 second(s)

21-10-2025T21:23:12 - [TEST_STEP][PASSED] - verifyElementNotPresent(findTestObject("FIM/Sites Page/Tank/Tank Message"), 10): Web element with id: 'Object Repository/FIM/Sites Page/Tank/Tank Message' located by 'By.xpath: /html/body/div[2]/div/div/div/div/div' is not present after '10' second(s)

21-10-2025T21:23:12 - [MESSAGE][PASSED] - Web element with id: 'Object Repository/FIM/Sites Page/Tank/Tank Message' located by 'By.xpath: /html/body/div[2]/div/div/div/div/div' is not present after '10' second(s)

21-10-2025T21:23:12 - [TEST_STEP][PASSED] - closeBrowser(): Browser is closed

21-10-2025T21:23:12 - [MESSAGE][PASSED] - Browser is closed

21-10-2025T21:23:12 - [TEST_STEP][PASSED] - Start listener action : retryOnDisconnect: null

21-10-2025T21:23:12 - [TEST_STEP][PASSED] - tcId = testCaseContext.getTestCaseId(): null

21-10-2025T21:23:12 - [TEST_STEP][PASSED] - currentRetry = retryCounts.getOrDefault(tcId, 0): null

21-10-2025T21:23:12 - [TEST_STEP][PASSED] - if (testCaseContext.getTestCaseStatus() == "FAILED" && currentRetry < MAX_RETRIES): null]]></system-out>
         <system-err><![CDATA[]]></system-err>
      </testcase>
      <testcase name="Test Cases/FIM/UI/KGL/Admin/Sites Page/Tank/Cannot Add Tank When Threshold is Negative Number" time="68.867" classname="Test Cases/FIM/UI/KGL/Admin/Sites Page/Tank/Cannot Add Tank When Threshold is Negative Number" status="PASSED">
         <system-out><![CDATA[21-10-2025T21:23:12 - [TEST_CASE][PASSED] - Test Cases/FIM/UI/KGL/Admin/Sites Page/Tank/Cannot Add Tank When Threshold is Negative Number: Test Cases/FIM/UI/KGL/Admin/Sites Page/Tank/Cannot Add Tank When Threshold is Negative Number

21-10-2025T21:23:12 - [TEST_STEP][PASSED] - Start listener action : beforeTestCase: null

21-10-2025T21:23:12 - [TEST_STEP][PASSED] - addDefaultPackages(): null

21-10-2025T21:23:12 - [TEST_STEP][PASSED] - callTestCase(findTestCase("Utility Scripts/FIM KGL Admin Login"), [:], STOP_ON_FAILURE): Call Test Case 'Test Cases/Utility Scripts/FIM KGL Admin Login' successfully

21-10-2025T21:23:12 - [TEST_CASE][PASSED] - Test Cases/Utility Scripts/FIM KGL Admin Login: Test Cases/Utility Scripts/FIM KGL Admin Login

21-10-2025T21:23:12 - [TEST_STEP][PASSED] - openBrowser(""): Browser is opened with url: ''

21-10-2025T21:23:12 - [MESSAGE][INFO] - Starting 'Chrome' driver

21-10-2025T21:23:12 - [MESSAGE][INFO] - User set preference: ['args', '[--no-sandbox, --disable-gpu, --disable-dev-shm-usage]']

21-10-2025T21:23:12 - [MESSAGE][INFO] - Action delay is set to 0 milliseconds

21-10-2025T21:23:13 - [MESSAGE][PASSED] - Browser is opened with url: ''

21-10-2025T21:23:13 - [TEST_STEP][PASSED] - delay(1): Delayed 1 second(s)

21-10-2025T21:23:14 - [MESSAGE][PASSED] - Delayed 1 second(s)

21-10-2025T21:23:14 - [TEST_STEP][PASSED] - navigateToUrl(KGLCustomGroupUrl): Navigate to 'https://kaglogistics-inventory-management-portal.qa.thekag.com/custom-group/' successfully

21-10-2025T21:23:14 - [MESSAGE][PASSED] - Navigate to 'https://kaglogistics-inventory-management-portal.qa.thekag.com/custom-group/' successfully

21-10-2025T21:23:14 - [TEST_STEP][PASSED] - delay(10): Delayed 10 second(s)

21-10-2025T21:23:24 - [MESSAGE][PASSED] - Delayed 10 second(s)

21-10-2025T21:23:24 - [TEST_STEP][PASSED] - if (maximizeWindow == true): Delayed 1 second(s)

21-10-2025T21:23:24 - [TEST_STEP][PASSED] - maximizeWindow(STOP_ON_FAILURE): Current window maximized

21-10-2025T21:23:24 - [MESSAGE][PASSED] - Current window maximized

21-10-2025T21:23:24 - [TEST_STEP][PASSED] - delay(1): Delayed 1 second(s)

21-10-2025T21:23:25 - [MESSAGE][PASSED] - Delayed 1 second(s)

21-10-2025T21:23:25 - [TEST_STEP][PASSED] - waitForElementPresent(findTestObject("FIM/Username_txt"), 10): Object 'Object Repository/FIM/Username_txt' is present

21-10-2025T21:23:25 - [MESSAGE][PASSED] - Object 'Object Repository/FIM/Username_txt' is present

21-10-2025T21:23:25 - [TEST_STEP][PASSED] - setText(findTestObject("FIM/Username_txt"), FIMUsername): Text 'Chris.Sheldon+DES_QA@Thekag.com' is set on object 'Object Repository/FIM/Username_txt'

21-10-2025T21:23:26 - [MESSAGE][PASSED] - Text 'Chris.Sheldon+DES_QA@Thekag.com' is set on object 'Object Repository/FIM/Username_txt'

21-10-2025T21:23:26 - [TEST_STEP][PASSED] - delay(1): Delayed 1 second(s)

21-10-2025T21:23:27 - [MESSAGE][PASSED] - Delayed 1 second(s)

21-10-2025T21:23:27 - [TEST_STEP][PASSED] - setText(findTestObject("FIM/Password_txt"), FIMPassword): Text 'QATest!2' is set on object 'Object Repository/FIM/Password_txt'

21-10-2025T21:23:27 - [MESSAGE][PASSED] - Text 'QATest!2' is set on object 'Object Repository/FIM/Password_txt'

21-10-2025T21:23:27 - [TEST_STEP][PASSED] - delay(1): Delayed 1 second(s)

21-10-2025T21:23:28 - [MESSAGE][PASSED] - Delayed 1 second(s)

21-10-2025T21:23:28 - [TEST_STEP][PASSED] - click(findTestObject("FIM/Login_btn")): Object: 'Object Repository/FIM/Login_btn' is clicked on

21-10-2025T21:23:28 - [MESSAGE][PASSED] - Object: 'Object Repository/FIM/Login_btn' is clicked on

21-10-2025T21:23:28 - [MESSAGE][PASSED] - Call Test Case 'Test Cases/Utility Scripts/FIM KGL Admin Login' successfully

21-10-2025T21:23:28 - [TEST_STEP][PASSED] - if (verifyElementVisible(findTestObject("FIM/Server_Notification_Close_btn"), OPTIONAL) == true): Web element with id: 'Object Repository/FIM/Server_Notification_Close_btn' located by '/html/body/div/div[1]/button' not found (Root cause: com.kms.katalon.core.exception.StepFailedException: Web element with id: 'Object Repository/FIM/Server_Notification_Close_btn' located by '/html/body/div/div[1]/button' not found
	at com.kms.katalon.core.webui.keyword.internal.WebUIKeywordMain.stepFailed(WebUIKeywordMain.groovy:117)
	at com.kms.katalon.core.webui.keyword.builtin.VerifyElementVisibleKeyword$_verifyElementVisible_closure1.doCall(VerifyElementVisibleKeyword.groovy:89)
	at com.kms.katalon.core.webui.keyword.builtin.VerifyElementVisibleKeyword$_verifyElementVisible_closure1.call(VerifyElementVisibleKeyword.groovy)
	at com.kms.katalon.core.webui.keyword.internal.WebUIKeywordMain.runKeyword(WebUIKeywordMain.groovy:35)
	at com.kms.katalon.core.webui.keyword.builtin.VerifyElementVisibleKeyword.verifyElementVisible(VerifyElementVisibleKeyword.groovy:97)
	at com.kms.katalon.core.webui.keyword.builtin.VerifyElementVisibleKeyword.execute(VerifyElementVisibleKeyword.groovy:67)
	at com.kms.katalon.core.keyword.internal.KeywordExecutor.executeKeywordForPlatform(KeywordExecutor.groovy:74)
	at com.kms.katalon.core.webui.keyword.WebUiBuiltInKeywords.verifyElementVisible(WebUiBuiltInKeywords.groovy:401)
	at com.kms.katalon.core.webui.keyword.WebUiBuiltInKeywords$verifyElementVisible$5.call(Unknown Source)
	at Cannot Add Tank When Threshold is Negative Number.run(Cannot Add Tank When Threshold is Negative Number:23)
	at com.kms.katalon.core.main.ScriptEngine.run(ScriptEngine.java:194)
	at com.kms.katalon.core.main.ScriptEngine.runScriptAsRawText(ScriptEngine.java:119)
	at com.kms.katalon.core.main.TestCaseExecutor.runScript(TestCaseExecutor.java:448)
	at com.kms.katalon.core.main.TestCaseExecutor.doExecute(TestCaseExecutor.java:439)
	at com.kms.katalon.core.main.TestCaseExecutor.processExecutionPhase(TestCaseExecutor.java:418)
	at com.kms.katalon.core.main.TestCaseExecutor.accessMainPhase(TestCaseExecutor.java:410)
	at com.kms.katalon.core.main.TestCaseExecutor.execute(TestCaseExecutor.java:285)
	at com.kms.katalon.core.common.CommonExecutor.accessTestCaseMainPhase(CommonExecutor.java:65)
	at com.kms.katalon.core.main.TestSuiteExecutor.accessTestSuiteMainPhase(TestSuiteExecutor.java:150)
	at com.kms.katalon.core.main.TestSuiteExecutor.execute(TestSuiteExecutor.java:106)
	at com.kms.katalon.core.main.TestCaseMain.startTestSuite(TestCaseMain.java:180)
	at com.kms.katalon.core.main.TestCaseMain$startTestSuite$0.call(Unknown Source)
	at TempTestSuite1761090786896.run(TempTestSuite1761090786896.groovy:35)
	at java.base/jdk.internal.reflect.NativeMethodAccessorImpl.invoke0(Native Method)
	at java.base/jdk.internal.reflect.NativeMethodAccessorImpl.invoke(NativeMethodAccessorImpl.java:77)
	at java.base/jdk.internal.reflect.DelegatingMethodAccessorImpl.invoke(DelegatingMethodAccessorImpl.java:43)
)

21-10-2025T21:23:44 - [MESSAGE][INFO] - Unable to find the element located by 'By.xpath: /html/body/div/div[1]/button'. Please recheck the objects properties to make sure the desired element is located. 

21-10-2025T21:23:44 - [MESSAGE][WARNING] - [SELF-HEALING] Failed to find element with id 'Object Repository/FIM/Server_Notification_Close_btn'. Try using Self-healing.

21-10-2025T21:23:45 - [MESSAGE][INFO] - [SELF-HEALING] No working XPath is found.

21-10-2025T21:23:47 - [MESSAGE][INFO] - Unable to find the element located by 'By.xpath: '. Please recheck the objects properties to make sure the desired element is located. 

21-10-2025T21:23:47 - [MESSAGE][WARNING] - [SELF-HEALING] Cannot find elements when the selector is null

21-10-2025T21:23:47 - [MESSAGE][WARNING] - Web element with id: 'Object Repository/FIM/Server_Notification_Close_btn' located by '/html/body/div/div[1]/button' not found (Root cause: com.kms.katalon.core.exception.StepFailedException: Web element with id: 'Object Repository/FIM/Server_Notification_Close_btn' located by '/html/body/div/div[1]/button' not found
	at com.kms.katalon.core.webui.keyword.internal.WebUIKeywordMain.stepFailed(WebUIKeywordMain.groovy:117)
	at com.kms.katalon.core.webui.keyword.builtin.VerifyElementVisibleKeyword$_verifyElementVisible_closure1.doCall(VerifyElementVisibleKeyword.groovy:89)
	at com.kms.katalon.core.webui.keyword.builtin.VerifyElementVisibleKeyword$_verifyElementVisible_closure1.call(VerifyElementVisibleKeyword.groovy)
	at com.kms.katalon.core.webui.keyword.internal.WebUIKeywordMain.runKeyword(WebUIKeywordMain.groovy:35)
	at com.kms.katalon.core.webui.keyword.builtin.VerifyElementVisibleKeyword.verifyElementVisible(VerifyElementVisibleKeyword.groovy:97)
	at com.kms.katalon.core.webui.keyword.builtin.VerifyElementVisibleKeyword.execute(VerifyElementVisibleKeyword.groovy:67)
	at com.kms.katalon.core.keyword.internal.KeywordExecutor.executeKeywordForPlatform(KeywordExecutor.groovy:74)
	at com.kms.katalon.core.webui.keyword.WebUiBuiltInKeywords.verifyElementVisible(WebUiBuiltInKeywords.groovy:401)
	at com.kms.katalon.core.webui.keyword.WebUiBuiltInKeywords$verifyElementVisible$5.call(Unknown Source)
	at Cannot Add Tank When Threshold is Negative Number.run(Cannot Add Tank When Threshold is Negative Number:23)
	at com.kms.katalon.core.main.ScriptEngine.run(ScriptEngine.java:194)
	at com.kms.katalon.core.main.ScriptEngine.runScriptAsRawText(ScriptEngine.java:119)
	at com.kms.katalon.core.main.TestCaseExecutor.runScript(TestCaseExecutor.java:448)
	at com.kms.katalon.core.main.TestCaseExecutor.doExecute(TestCaseExecutor.java:439)
	at com.kms.katalon.core.main.TestCaseExecutor.processExecutionPhase(TestCaseExecutor.java:418)
	at com.kms.katalon.core.main.TestCaseExecutor.accessMainPhase(TestCaseExecutor.java:410)
	at com.kms.katalon.core.main.TestCaseExecutor.execute(TestCaseExecutor.java:285)
	at com.kms.katalon.core.common.CommonExecutor.accessTestCaseMainPhase(CommonExecutor.java:65)
	at com.kms.katalon.core.main.TestSuiteExecutor.accessTestSuiteMainPhase(TestSuiteExecutor.java:150)
	at com.kms.katalon.core.main.TestSuiteExecutor.execute(TestSuiteExecutor.java:106)
	at com.kms.katalon.core.main.TestCaseMain.startTestSuite(TestCaseMain.java:180)
	at com.kms.katalon.core.main.TestCaseMain$startTestSuite$0.call(Unknown Source)
	at TempTestSuite1761090786896.run(TempTestSuite1761090786896.groovy:35)
	at java.base/jdk.internal.reflect.NativeMethodAccessorImpl.invoke0(Native Method)
	at java.base/jdk.internal.reflect.NativeMethodAccessorImpl.invoke(NativeMethodAccessorImpl.java:77)
	at java.base/jdk.internal.reflect.DelegatingMethodAccessorImpl.invoke(DelegatingMethodAccessorImpl.java:43)
)

21-10-2025T21:23:47 - [TEST_STEP][PASSED] - click(findTestObject("FIM/Hamburger Menu List/Hamburger_menu")): Object: 'Object Repository/FIM/Hamburger Menu List/Hamburger_menu' is clicked on

21-10-2025T21:23:47 - [MESSAGE][PASSED] - Object: 'Object Repository/FIM/Hamburger Menu List/Hamburger_menu' is clicked on

21-10-2025T21:23:47 - [TEST_STEP][PASSED] - delay(2): Delayed 2 second(s)

21-10-2025T21:23:49 - [MESSAGE][PASSED] - Delayed 2 second(s)

21-10-2025T21:23:49 - [TEST_STEP][PASSED] - click(findTestObject("FIM/Hamburger Menu List/KGL_Sites_option")): Object: 'Object Repository/FIM/Hamburger Menu List/KGL_Sites_option' is clicked on

21-10-2025T21:23:49 - [MESSAGE][PASSED] - Object: 'Object Repository/FIM/Hamburger Menu List/KGL_Sites_option' is clicked on

21-10-2025T21:23:49 - [TEST_STEP][PASSED] - if (verifyElementVisible(findTestObject("FIM/Existing Page with Pending Changes Close_btn"), OPTIONAL) == true): Web element with id: 'Object Repository/FIM/Existing Page with Pending Changes Close_btn' located by '/html/body/div[2]/div[1]/div/div/footer/div/button' not found (Root cause: com.kms.katalon.core.exception.StepFailedException: Web element with id: 'Object Repository/FIM/Existing Page with Pending Changes Close_btn' located by '/html/body/div[2]/div[1]/div/div/footer/div/button' not found
	at com.kms.katalon.core.webui.keyword.internal.WebUIKeywordMain.stepFailed(WebUIKeywordMain.groovy:117)
	at com.kms.katalon.core.webui.keyword.builtin.VerifyElementVisibleKeyword$_verifyElementVisible_closure1.doCall(VerifyElementVisibleKeyword.groovy:89)
	at com.kms.katalon.core.webui.keyword.builtin.VerifyElementVisibleKeyword$_verifyElementVisible_closure1.call(VerifyElementVisibleKeyword.groovy)
	at com.kms.katalon.core.webui.keyword.internal.WebUIKeywordMain.runKeyword(WebUIKeywordMain.groovy:35)
	at com.kms.katalon.core.webui.keyword.builtin.VerifyElementVisibleKeyword.verifyElementVisible(VerifyElementVisibleKeyword.groovy:97)
	at com.kms.katalon.core.webui.keyword.builtin.VerifyElementVisibleKeyword.execute(VerifyElementVisibleKeyword.groovy:67)
	at com.kms.katalon.core.keyword.internal.KeywordExecutor.executeKeywordForPlatform(KeywordExecutor.groovy:74)
	at com.kms.katalon.core.webui.keyword.WebUiBuiltInKeywords.verifyElementVisible(WebUiBuiltInKeywords.groovy:401)
	at com.kms.katalon.core.webui.keyword.WebUiBuiltInKeywords$verifyElementVisible$5.call(Unknown Source)
	at Cannot Add Tank When Threshold is Negative Number.run(Cannot Add Tank When Threshold is Negative Number:34)
	at com.kms.katalon.core.main.ScriptEngine.run(ScriptEngine.java:194)
	at com.kms.katalon.core.main.ScriptEngine.runScriptAsRawText(ScriptEngine.java:119)
	at com.kms.katalon.core.main.TestCaseExecutor.runScript(TestCaseExecutor.java:448)
	at com.kms.katalon.core.main.TestCaseExecutor.doExecute(TestCaseExecutor.java:439)
	at com.kms.katalon.core.main.TestCaseExecutor.processExecutionPhase(TestCaseExecutor.java:418)
	at com.kms.katalon.core.main.TestCaseExecutor.accessMainPhase(TestCaseExecutor.java:410)
	at com.kms.katalon.core.main.TestCaseExecutor.execute(TestCaseExecutor.java:285)
	at com.kms.katalon.core.common.CommonExecutor.accessTestCaseMainPhase(CommonExecutor.java:65)
	at com.kms.katalon.core.main.TestSuiteExecutor.accessTestSuiteMainPhase(TestSuiteExecutor.java:150)
	at com.kms.katalon.core.main.TestSuiteExecutor.execute(TestSuiteExecutor.java:106)
	at com.kms.katalon.core.main.TestCaseMain.startTestSuite(TestCaseMain.java:180)
	at com.kms.katalon.core.main.TestCaseMain$startTestSuite$0.call(Unknown Source)
	at TempTestSuite1761090786896.run(TempTestSuite1761090786896.groovy:35)
	at java.base/jdk.internal.reflect.NativeMethodAccessorImpl.invoke0(Native Method)
	at java.base/jdk.internal.reflect.NativeMethodAccessorImpl.invoke(NativeMethodAccessorImpl.java:77)
	at java.base/jdk.internal.reflect.DelegatingMethodAccessorImpl.invoke(DelegatingMethodAccessorImpl.java:43)
)

21-10-2025T21:24:05 - [MESSAGE][INFO] - Unable to find the element located by 'By.xpath: /html/body/div[2]/div[1]/div/div/footer/div/button'. Please recheck the objects properties to make sure the desired element is located. 

21-10-2025T21:24:05 - [MESSAGE][WARNING] - [SELF-HEALING] Failed to find element with id 'Object Repository/FIM/Existing Page with Pending Changes Close_btn'. Try using Self-healing.

21-10-2025T21:24:06 - [MESSAGE][INFO] - [SELF-HEALING] No working XPath is found.

21-10-2025T21:24:08 - [MESSAGE][INFO] - Unable to find the element located by 'By.xpath: '. Please recheck the objects properties to make sure the desired element is located. 

21-10-2025T21:24:08 - [MESSAGE][WARNING] - [SELF-HEALING] Cannot find elements when the selector is null

21-10-2025T21:24:08 - [MESSAGE][WARNING] - Web element with id: 'Object Repository/FIM/Existing Page with Pending Changes Close_btn' located by '/html/body/div[2]/div[1]/div/div/footer/div/button' not found (Root cause: com.kms.katalon.core.exception.StepFailedException: Web element with id: 'Object Repository/FIM/Existing Page with Pending Changes Close_btn' located by '/html/body/div[2]/div[1]/div/div/footer/div/button' not found
	at com.kms.katalon.core.webui.keyword.internal.WebUIKeywordMain.stepFailed(WebUIKeywordMain.groovy:117)
	at com.kms.katalon.core.webui.keyword.builtin.VerifyElementVisibleKeyword$_verifyElementVisible_closure1.doCall(VerifyElementVisibleKeyword.groovy:89)
	at com.kms.katalon.core.webui.keyword.builtin.VerifyElementVisibleKeyword$_verifyElementVisible_closure1.call(VerifyElementVisibleKeyword.groovy)
	at com.kms.katalon.core.webui.keyword.internal.WebUIKeywordMain.runKeyword(WebUIKeywordMain.groovy:35)
	at com.kms.katalon.core.webui.keyword.builtin.VerifyElementVisibleKeyword.verifyElementVisible(VerifyElementVisibleKeyword.groovy:97)
	at com.kms.katalon.core.webui.keyword.builtin.VerifyElementVisibleKeyword.execute(VerifyElementVisibleKeyword.groovy:67)
	at com.kms.katalon.core.keyword.internal.KeywordExecutor.executeKeywordForPlatform(KeywordExecutor.groovy:74)
	at com.kms.katalon.core.webui.keyword.WebUiBuiltInKeywords.verifyElementVisible(WebUiBuiltInKeywords.groovy:401)
	at com.kms.katalon.core.webui.keyword.WebUiBuiltInKeywords$verifyElementVisible$5.call(Unknown Source)
	at Cannot Add Tank When Threshold is Negative Number.run(Cannot Add Tank When Threshold is Negative Number:34)
	at com.kms.katalon.core.main.ScriptEngine.run(ScriptEngine.java:194)
	at com.kms.katalon.core.main.ScriptEngine.runScriptAsRawText(ScriptEngine.java:119)
	at com.kms.katalon.core.main.TestCaseExecutor.runScript(TestCaseExecutor.java:448)
	at com.kms.katalon.core.main.TestCaseExecutor.doExecute(TestCaseExecutor.java:439)
	at com.kms.katalon.core.main.TestCaseExecutor.processExecutionPhase(TestCaseExecutor.java:418)
	at com.kms.katalon.core.main.TestCaseExecutor.accessMainPhase(TestCaseExecutor.java:410)
	at com.kms.katalon.core.main.TestCaseExecutor.execute(TestCaseExecutor.java:285)
	at com.kms.katalon.core.common.CommonExecutor.accessTestCaseMainPhase(CommonExecutor.java:65)
	at com.kms.katalon.core.main.TestSuiteExecutor.accessTestSuiteMainPhase(TestSuiteExecutor.java:150)
	at com.kms.katalon.core.main.TestSuiteExecutor.execute(TestSuiteExecutor.java:106)
	at com.kms.katalon.core.main.TestCaseMain.startTestSuite(TestCaseMain.java:180)
	at com.kms.katalon.core.main.TestCaseMain$startTestSuite$0.call(Unknown Source)
	at TempTestSuite1761090786896.run(TempTestSuite1761090786896.groovy:35)
	at java.base/jdk.internal.reflect.NativeMethodAccessorImpl.invoke0(Native Method)
	at java.base/jdk.internal.reflect.NativeMethodAccessorImpl.invoke(NativeMethodAccessorImpl.java:77)
	at java.base/jdk.internal.reflect.DelegatingMethodAccessorImpl.invoke(DelegatingMethodAccessorImpl.java:43)
)

21-10-2025T21:24:08 - [TEST_STEP][PASSED] - delay(1): Delayed 1 second(s)

21-10-2025T21:24:09 - [MESSAGE][PASSED] - Delayed 1 second(s)

21-10-2025T21:24:09 - [TEST_STEP][PASSED] - waitForElementClickable(findTestObject("FIM/Sites Page/Site Filtering/Site_txt"), 15): Object 'Object Repository/FIM/Sites Page/Site Filtering/Site_txt' is clickable

21-10-2025T21:24:09 - [MESSAGE][PASSED] - Object 'Object Repository/FIM/Sites Page/Site Filtering/Site_txt' is clickable

21-10-2025T21:24:09 - [TEST_STEP][PASSED] - verifyElementVisible(findTestObject("FIM/Sites Page/Tank/New Tank_btn")): Object 'Object Repository/FIM/Sites Page/Tank/New Tank_btn' is visible

21-10-2025T21:24:10 - [MESSAGE][PASSED] - Object 'Object Repository/FIM/Sites Page/Tank/New Tank_btn' is visible

21-10-2025T21:24:10 - [TEST_STEP][PASSED] - click(findTestObject("FIM/Sites Page/Tank/New Tank_btn")): Object: 'Object Repository/FIM/Sites Page/Tank/New Tank_btn' is clicked on

21-10-2025T21:24:10 - [MESSAGE][PASSED] - Object: 'Object Repository/FIM/Sites Page/Tank/New Tank_btn' is clicked on

21-10-2025T21:24:10 - [TEST_STEP][PASSED] - delay(2): Delayed 2 second(s)

21-10-2025T21:24:12 - [MESSAGE][PASSED] - Delayed 2 second(s)

21-10-2025T21:24:12 - [TEST_STEP][PASSED] - sendKeys(findTestObject("FIM/Sites Page/Tank/Tank Number_txt"), "3"): Keys '3' sent to object: 'Object Repository/FIM/Sites Page/Tank/Tank Number_txt'

21-10-2025T21:24:12 - [MESSAGE][PASSED] - Keys '3' sent to object: 'Object Repository/FIM/Sites Page/Tank/Tank Number_txt'

21-10-2025T21:24:12 - [TEST_STEP][PASSED] - delay(1): Delayed 1 second(s)

21-10-2025T21:24:13 - [MESSAGE][PASSED] - Delayed 1 second(s)

21-10-2025T21:24:13 - [TEST_STEP][PASSED] - selectOptionByLabel(findTestObject("FIM/Sites Page/Tank/Commodity_dropdown"), "PREMIUM", false): All options with label 'PREMIUM' are selected in object 'Object Repository/FIM/Sites Page/Tank/Commodity_dropdown' 

21-10-2025T21:24:13 - [MESSAGE][PASSED] - All options with label 'PREMIUM' are selected in object 'Object Repository/FIM/Sites Page/Tank/Commodity_dropdown' 

21-10-2025T21:24:13 - [TEST_STEP][PASSED] - delay(1): Delayed 1 second(s)

21-10-2025T21:24:14 - [MESSAGE][PASSED] - Delayed 1 second(s)

21-10-2025T21:24:14 - [TEST_STEP][PASSED] - selectOptionByLabel(findTestObject("FIM/Sites Page/Tank/Commodity Code_dropdown"), "G9200000", false): All options with label 'G9200000' are selected in object 'Object Repository/FIM/Sites Page/Tank/Commodity Code_dropdown' 

21-10-2025T21:24:14 - [MESSAGE][PASSED] - All options with label 'G9200000' are selected in object 'Object Repository/FIM/Sites Page/Tank/Commodity Code_dropdown' 

21-10-2025T21:24:14 - [TEST_STEP][PASSED] - delay(1): Delayed 1 second(s)

21-10-2025T21:24:15 - [MESSAGE][PASSED] - Delayed 1 second(s)

21-10-2025T21:24:15 - [TEST_STEP][PASSED] - sendKeys(findTestObject("FIM/Sites Page/Tank/Safe Fill Quantity_txt"), "6500"): Keys '6500' sent to object: 'Object Repository/FIM/Sites Page/Tank/Safe Fill Quantity_txt'

21-10-2025T21:24:15 - [MESSAGE][PASSED] - Keys '6500' sent to object: 'Object Repository/FIM/Sites Page/Tank/Safe Fill Quantity_txt'

21-10-2025T21:24:15 - [TEST_STEP][PASSED] - delay(1): Delayed 1 second(s)

21-10-2025T21:24:16 - [MESSAGE][PASSED] - Delayed 1 second(s)

21-10-2025T21:24:16 - [TEST_STEP][PASSED] - sendKeys(findTestObject("FIM/Sites Page/Tank/Tank Size_txt"), "13000"): Keys '13000' sent to object: 'Object Repository/FIM/Sites Page/Tank/Tank Size_txt'

21-10-2025T21:24:16 - [MESSAGE][PASSED] - Keys '13000' sent to object: 'Object Repository/FIM/Sites Page/Tank/Tank Size_txt'

21-10-2025T21:24:16 - [TEST_STEP][PASSED] - delay(1): Delayed 1 second(s)

21-10-2025T21:24:17 - [MESSAGE][PASSED] - Delayed 1 second(s)

21-10-2025T21:24:17 - [TEST_STEP][PASSED] - sendKeys(findTestObject("FIM/Sites Page/Tank/Threshold_txt"), "-1"): Keys '-1' sent to object: 'Object Repository/FIM/Sites Page/Tank/Threshold_txt'

21-10-2025T21:24:17 - [MESSAGE][PASSED] - Keys '-1' sent to object: 'Object Repository/FIM/Sites Page/Tank/Threshold_txt'

21-10-2025T21:24:17 - [TEST_STEP][PASSED] - sendKeys(findTestObject("FIM/Sites Page/Tank/Threshold_txt"), Keys.chord(ARROW_LEFT)): Keys 'LEFT + ' sent to object: 'Object Repository/FIM/Sites Page/Tank/Threshold_txt'

21-10-2025T21:24:17 - [MESSAGE][PASSED] - Keys 'LEFT + ' sent to object: 'Object Repository/FIM/Sites Page/Tank/Threshold_txt'

21-10-2025T21:24:17 - [TEST_STEP][PASSED] - sendKeys(findTestObject("FIM/Sites Page/Tank/Threshold_txt"), Keys.chord(ARROW_LEFT)): Keys 'LEFT + ' sent to object: 'Object Repository/FIM/Sites Page/Tank/Threshold_txt'

21-10-2025T21:24:17 - [MESSAGE][PASSED] - Keys 'LEFT + ' sent to object: 'Object Repository/FIM/Sites Page/Tank/Threshold_txt'

21-10-2025T21:24:17 - [TEST_STEP][PASSED] - sendKeys(findTestObject("FIM/Sites Page/Tank/Threshold_txt"), Keys.chord(BACK_SPACE)): Keys 'BACK_SPACE + ' sent to object: 'Object Repository/FIM/Sites Page/Tank/Threshold_txt'

21-10-2025T21:24:17 - [MESSAGE][PASSED] - Keys 'BACK_SPACE + ' sent to object: 'Object Repository/FIM/Sites Page/Tank/Threshold_txt'

21-10-2025T21:24:17 - [TEST_STEP][PASSED] - delay(1): Delayed 1 second(s)

21-10-2025T21:24:18 - [MESSAGE][PASSED] - Delayed 1 second(s)

21-10-2025T21:24:18 - [TEST_STEP][PASSED] - setText(findTestObject("FIM/Sites Page/Tank/Pump Stop_txt"), "1150"): Text '1150' is set on object 'Object Repository/FIM/Sites Page/Tank/Pump Stop_txt'

21-10-2025T21:24:18 - [MESSAGE][PASSED] - Text '1150' is set on object 'Object Repository/FIM/Sites Page/Tank/Pump Stop_txt'

21-10-2025T21:24:18 - [TEST_STEP][PASSED] - delay(1): Delayed 1 second(s)

21-10-2025T21:24:19 - [MESSAGE][PASSED] - Delayed 1 second(s)

21-10-2025T21:24:19 - [TEST_STEP][PASSED] - click(findTestObject("FIM/Sites Page/Tank/Tank Save_btn")): Object: 'Object Repository/FIM/Sites Page/Tank/Tank Save_btn' is clicked on

21-10-2025T21:24:20 - [MESSAGE][PASSED] - Object: 'Object Repository/FIM/Sites Page/Tank/Tank Save_btn' is clicked on

21-10-2025T21:24:20 - [TEST_STEP][PASSED] - delay(1): Delayed 1 second(s)

21-10-2025T21:24:21 - [MESSAGE][PASSED] - Delayed 1 second(s)

21-10-2025T21:24:21 - [TEST_STEP][PASSED] - verifyElementNotPresent(findTestObject("FIM/Sites Page/Tank/Tank Message"), 10): Web element with id: 'Object Repository/FIM/Sites Page/Tank/Tank Message' located by 'By.xpath: /html/body/div[2]/div/div/div/div/div' is not present after '10' second(s)

21-10-2025T21:24:21 - [MESSAGE][PASSED] - Web element with id: 'Object Repository/FIM/Sites Page/Tank/Tank Message' located by 'By.xpath: /html/body/div[2]/div/div/div/div/div' is not present after '10' second(s)

21-10-2025T21:24:21 - [TEST_STEP][PASSED] - closeBrowser(): Browser is closed

21-10-2025T21:24:21 - [MESSAGE][PASSED] - Browser is closed

21-10-2025T21:24:21 - [TEST_STEP][PASSED] - Start listener action : retryOnDisconnect: null

21-10-2025T21:24:21 - [TEST_STEP][PASSED] - tcId = testCaseContext.getTestCaseId(): null

21-10-2025T21:24:21 - [TEST_STEP][PASSED] - currentRetry = retryCounts.getOrDefault(tcId, 0): null

21-10-2025T21:24:21 - [TEST_STEP][PASSED] - if (testCaseContext.getTestCaseStatus() == "FAILED" && currentRetry < MAX_RETRIES): null]]></system-out>
         <system-err><![CDATA[]]></system-err>
      </testcase>
      <testcase name="Test Cases/FIM/UI/KGL/Admin/Sites Page/Tank/Cannot Save Tank When Commodity Code is Missing" time="68.33" classname="Test Cases/FIM/UI/KGL/Admin/Sites Page/Tank/Cannot Save Tank When Commodity Code is Missing" status="PASSED">
         <system-out><![CDATA[21-10-2025T21:24:21 - [TEST_CASE][PASSED] - Test Cases/FIM/UI/KGL/Admin/Sites Page/Tank/Cannot Save Tank When Commodity Code is Missing: Test Cases/FIM/UI/KGL/Admin/Sites Page/Tank/Cannot Save Tank When Commodity Code is Missing

21-10-2025T21:24:21 - [TEST_STEP][PASSED] - Start listener action : beforeTestCase: null

21-10-2025T21:24:21 - [TEST_STEP][PASSED] - addDefaultPackages(): null

21-10-2025T21:24:21 - [TEST_STEP][PASSED] - callTestCase(findTestCase("Utility Scripts/FIM KGL Admin Login"), [:], STOP_ON_FAILURE): Call Test Case 'Test Cases/Utility Scripts/FIM KGL Admin Login' successfully

21-10-2025T21:24:21 - [TEST_CASE][PASSED] - Test Cases/Utility Scripts/FIM KGL Admin Login: Test Cases/Utility Scripts/FIM KGL Admin Login

21-10-2025T21:24:21 - [TEST_STEP][PASSED] - openBrowser(""): Browser is opened with url: ''

21-10-2025T21:24:21 - [MESSAGE][INFO] - Starting 'Chrome' driver

21-10-2025T21:24:21 - [MESSAGE][INFO] - User set preference: ['args', '[--no-sandbox, --disable-gpu, --disable-dev-shm-usage]']

21-10-2025T21:24:21 - [MESSAGE][INFO] - Action delay is set to 0 milliseconds

21-10-2025T21:24:22 - [MESSAGE][PASSED] - Browser is opened with url: ''

21-10-2025T21:24:22 - [TEST_STEP][PASSED] - delay(1): Delayed 1 second(s)

21-10-2025T21:24:23 - [MESSAGE][PASSED] - Delayed 1 second(s)

21-10-2025T21:24:23 - [TEST_STEP][PASSED] - navigateToUrl(KGLCustomGroupUrl): Navigate to 'https://kaglogistics-inventory-management-portal.qa.thekag.com/custom-group/' successfully

21-10-2025T21:24:23 - [MESSAGE][PASSED] - Navigate to 'https://kaglogistics-inventory-management-portal.qa.thekag.com/custom-group/' successfully

21-10-2025T21:24:23 - [TEST_STEP][PASSED] - delay(10): Delayed 10 second(s)

21-10-2025T21:24:33 - [MESSAGE][PASSED] - Delayed 10 second(s)

21-10-2025T21:24:33 - [TEST_STEP][PASSED] - if (maximizeWindow == true): Delayed 1 second(s)

21-10-2025T21:24:33 - [TEST_STEP][PASSED] - maximizeWindow(STOP_ON_FAILURE): Current window maximized

21-10-2025T21:24:33 - [MESSAGE][PASSED] - Current window maximized

21-10-2025T21:24:33 - [TEST_STEP][PASSED] - delay(1): Delayed 1 second(s)

21-10-2025T21:24:34 - [MESSAGE][PASSED] - Delayed 1 second(s)

21-10-2025T21:24:34 - [TEST_STEP][PASSED] - waitForElementPresent(findTestObject("FIM/Username_txt"), 10): Object 'Object Repository/FIM/Username_txt' is present

21-10-2025T21:24:34 - [MESSAGE][PASSED] - Object 'Object Repository/FIM/Username_txt' is present

21-10-2025T21:24:34 - [TEST_STEP][PASSED] - setText(findTestObject("FIM/Username_txt"), FIMUsername): Text 'Chris.Sheldon+DES_QA@Thekag.com' is set on object 'Object Repository/FIM/Username_txt'

21-10-2025T21:24:34 - [MESSAGE][PASSED] - Text 'Chris.Sheldon+DES_QA@Thekag.com' is set on object 'Object Repository/FIM/Username_txt'

21-10-2025T21:24:34 - [TEST_STEP][PASSED] - delay(1): Delayed 1 second(s)

21-10-2025T21:24:35 - [MESSAGE][PASSED] - Delayed 1 second(s)

21-10-2025T21:24:35 - [TEST_STEP][PASSED] - setText(findTestObject("FIM/Password_txt"), FIMPassword): Text 'QATest!2' is set on object 'Object Repository/FIM/Password_txt'

21-10-2025T21:24:35 - [MESSAGE][PASSED] - Text 'QATest!2' is set on object 'Object Repository/FIM/Password_txt'

21-10-2025T21:24:35 - [TEST_STEP][PASSED] - delay(1): Delayed 1 second(s)

21-10-2025T21:24:36 - [MESSAGE][PASSED] - Delayed 1 second(s)

21-10-2025T21:24:36 - [TEST_STEP][PASSED] - click(findTestObject("FIM/Login_btn")): Object: 'Object Repository/FIM/Login_btn' is clicked on

21-10-2025T21:24:37 - [MESSAGE][PASSED] - Object: 'Object Repository/FIM/Login_btn' is clicked on

21-10-2025T21:24:37 - [MESSAGE][PASSED] - Call Test Case 'Test Cases/Utility Scripts/FIM KGL Admin Login' successfully

21-10-2025T21:24:37 - [TEST_STEP][PASSED] - if (verifyElementVisible(findTestObject("FIM/Server_Notification_Close_btn"), OPTIONAL) == true): Web element with id: 'Object Repository/FIM/Server_Notification_Close_btn' located by '/html/body/div/div[1]/button' not found (Root cause: com.kms.katalon.core.exception.StepFailedException: Web element with id: 'Object Repository/FIM/Server_Notification_Close_btn' located by '/html/body/div/div[1]/button' not found
	at com.kms.katalon.core.webui.keyword.internal.WebUIKeywordMain.stepFailed(WebUIKeywordMain.groovy:117)
	at com.kms.katalon.core.webui.keyword.builtin.VerifyElementVisibleKeyword$_verifyElementVisible_closure1.doCall(VerifyElementVisibleKeyword.groovy:89)
	at com.kms.katalon.core.webui.keyword.builtin.VerifyElementVisibleKeyword$_verifyElementVisible_closure1.call(VerifyElementVisibleKeyword.groovy)
	at com.kms.katalon.core.webui.keyword.internal.WebUIKeywordMain.runKeyword(WebUIKeywordMain.groovy:35)
	at com.kms.katalon.core.webui.keyword.builtin.VerifyElementVisibleKeyword.verifyElementVisible(VerifyElementVisibleKeyword.groovy:97)
	at com.kms.katalon.core.webui.keyword.builtin.VerifyElementVisibleKeyword.execute(VerifyElementVisibleKeyword.groovy:67)
	at com.kms.katalon.core.keyword.internal.KeywordExecutor.executeKeywordForPlatform(KeywordExecutor.groovy:74)
	at com.kms.katalon.core.webui.keyword.WebUiBuiltInKeywords.verifyElementVisible(WebUiBuiltInKeywords.groovy:401)
	at com.kms.katalon.core.webui.keyword.WebUiBuiltInKeywords$verifyElementVisible$5.call(Unknown Source)
	at Cannot Save Tank When Commodity Code is Missing.run(Cannot Save Tank When Commodity Code is Missing:22)
	at com.kms.katalon.core.main.ScriptEngine.run(ScriptEngine.java:194)
	at com.kms.katalon.core.main.ScriptEngine.runScriptAsRawText(ScriptEngine.java:119)
	at com.kms.katalon.core.main.TestCaseExecutor.runScript(TestCaseExecutor.java:448)
	at com.kms.katalon.core.main.TestCaseExecutor.doExecute(TestCaseExecutor.java:439)
	at com.kms.katalon.core.main.TestCaseExecutor.processExecutionPhase(TestCaseExecutor.java:418)
	at com.kms.katalon.core.main.TestCaseExecutor.accessMainPhase(TestCaseExecutor.java:410)
	at com.kms.katalon.core.main.TestCaseExecutor.execute(TestCaseExecutor.java:285)
	at com.kms.katalon.core.common.CommonExecutor.accessTestCaseMainPhase(CommonExecutor.java:65)
	at com.kms.katalon.core.main.TestSuiteExecutor.accessTestSuiteMainPhase(TestSuiteExecutor.java:150)
	at com.kms.katalon.core.main.TestSuiteExecutor.execute(TestSuiteExecutor.java:106)
	at com.kms.katalon.core.main.TestCaseMain.startTestSuite(TestCaseMain.java:180)
	at com.kms.katalon.core.main.TestCaseMain$startTestSuite$0.call(Unknown Source)
	at TempTestSuite1761090786896.run(TempTestSuite1761090786896.groovy:35)
	at java.base/jdk.internal.reflect.NativeMethodAccessorImpl.invoke0(Native Method)
	at java.base/jdk.internal.reflect.NativeMethodAccessorImpl.invoke(NativeMethodAccessorImpl.java:77)
	at java.base/jdk.internal.reflect.DelegatingMethodAccessorImpl.invoke(DelegatingMethodAccessorImpl.java:43)
)

21-10-2025T21:24:53 - [MESSAGE][INFO] - Unable to find the element located by 'By.xpath: /html/body/div/div[1]/button'. Please recheck the objects properties to make sure the desired element is located. 

21-10-2025T21:24:53 - [MESSAGE][WARNING] - [SELF-HEALING] Failed to find element with id 'Object Repository/FIM/Server_Notification_Close_btn'. Try using Self-healing.

21-10-2025T21:24:54 - [MESSAGE][INFO] - [SELF-HEALING] No working XPath is found.

21-10-2025T21:24:56 - [MESSAGE][INFO] - Unable to find the element located by 'By.xpath: '. Please recheck the objects properties to make sure the desired element is located. 

21-10-2025T21:24:56 - [MESSAGE][WARNING] - [SELF-HEALING] Cannot find elements when the selector is null

21-10-2025T21:24:56 - [MESSAGE][WARNING] - Web element with id: 'Object Repository/FIM/Server_Notification_Close_btn' located by '/html/body/div/div[1]/button' not found (Root cause: com.kms.katalon.core.exception.StepFailedException: Web element with id: 'Object Repository/FIM/Server_Notification_Close_btn' located by '/html/body/div/div[1]/button' not found
	at com.kms.katalon.core.webui.keyword.internal.WebUIKeywordMain.stepFailed(WebUIKeywordMain.groovy:117)
	at com.kms.katalon.core.webui.keyword.builtin.VerifyElementVisibleKeyword$_verifyElementVisible_closure1.doCall(VerifyElementVisibleKeyword.groovy:89)
	at com.kms.katalon.core.webui.keyword.builtin.VerifyElementVisibleKeyword$_verifyElementVisible_closure1.call(VerifyElementVisibleKeyword.groovy)
	at com.kms.katalon.core.webui.keyword.internal.WebUIKeywordMain.runKeyword(WebUIKeywordMain.groovy:35)
	at com.kms.katalon.core.webui.keyword.builtin.VerifyElementVisibleKeyword.verifyElementVisible(VerifyElementVisibleKeyword.groovy:97)
	at com.kms.katalon.core.webui.keyword.builtin.VerifyElementVisibleKeyword.execute(VerifyElementVisibleKeyword.groovy:67)
	at com.kms.katalon.core.keyword.internal.KeywordExecutor.executeKeywordForPlatform(KeywordExecutor.groovy:74)
	at com.kms.katalon.core.webui.keyword.WebUiBuiltInKeywords.verifyElementVisible(WebUiBuiltInKeywords.groovy:401)
	at com.kms.katalon.core.webui.keyword.WebUiBuiltInKeywords$verifyElementVisible$5.call(Unknown Source)
	at Cannot Save Tank When Commodity Code is Missing.run(Cannot Save Tank When Commodity Code is Missing:22)
	at com.kms.katalon.core.main.ScriptEngine.run(ScriptEngine.java:194)
	at com.kms.katalon.core.main.ScriptEngine.runScriptAsRawText(ScriptEngine.java:119)
	at com.kms.katalon.core.main.TestCaseExecutor.runScript(TestCaseExecutor.java:448)
	at com.kms.katalon.core.main.TestCaseExecutor.doExecute(TestCaseExecutor.java:439)
	at com.kms.katalon.core.main.TestCaseExecutor.processExecutionPhase(TestCaseExecutor.java:418)
	at com.kms.katalon.core.main.TestCaseExecutor.accessMainPhase(TestCaseExecutor.java:410)
	at com.kms.katalon.core.main.TestCaseExecutor.execute(TestCaseExecutor.java:285)
	at com.kms.katalon.core.common.CommonExecutor.accessTestCaseMainPhase(CommonExecutor.java:65)
	at com.kms.katalon.core.main.TestSuiteExecutor.accessTestSuiteMainPhase(TestSuiteExecutor.java:150)
	at com.kms.katalon.core.main.TestSuiteExecutor.execute(TestSuiteExecutor.java:106)
	at com.kms.katalon.core.main.TestCaseMain.startTestSuite(TestCaseMain.java:180)
	at com.kms.katalon.core.main.TestCaseMain$startTestSuite$0.call(Unknown Source)
	at TempTestSuite1761090786896.run(TempTestSuite1761090786896.groovy:35)
	at java.base/jdk.internal.reflect.NativeMethodAccessorImpl.invoke0(Native Method)
	at java.base/jdk.internal.reflect.NativeMethodAccessorImpl.invoke(NativeMethodAccessorImpl.java:77)
	at java.base/jdk.internal.reflect.DelegatingMethodAccessorImpl.invoke(DelegatingMethodAccessorImpl.java:43)
)

21-10-2025T21:24:56 - [TEST_STEP][PASSED] - click(findTestObject("FIM/Hamburger Menu List/Hamburger_menu")): Object: 'Object Repository/FIM/Hamburger Menu List/Hamburger_menu' is clicked on

21-10-2025T21:24:56 - [MESSAGE][PASSED] - Object: 'Object Repository/FIM/Hamburger Menu List/Hamburger_menu' is clicked on

21-10-2025T21:24:56 - [TEST_STEP][PASSED] - delay(2): Delayed 2 second(s)

21-10-2025T21:24:58 - [MESSAGE][PASSED] - Delayed 2 second(s)

21-10-2025T21:24:58 - [TEST_STEP][PASSED] - click(findTestObject("FIM/Hamburger Menu List/KGL_Sites_option")): Object: 'Object Repository/FIM/Hamburger Menu List/KGL_Sites_option' is clicked on

21-10-2025T21:24:58 - [MESSAGE][PASSED] - Object: 'Object Repository/FIM/Hamburger Menu List/KGL_Sites_option' is clicked on

21-10-2025T21:24:58 - [TEST_STEP][PASSED] - if (verifyElementVisible(findTestObject("FIM/Existing Page with Pending Changes Close_btn"), OPTIONAL) == true): Web element with id: 'Object Repository/FIM/Existing Page with Pending Changes Close_btn' located by '/html/body/div[2]/div[1]/div/div/footer/div/button' not found (Root cause: com.kms.katalon.core.exception.StepFailedException: Web element with id: 'Object Repository/FIM/Existing Page with Pending Changes Close_btn' located by '/html/body/div[2]/div[1]/div/div/footer/div/button' not found
	at com.kms.katalon.core.webui.keyword.internal.WebUIKeywordMain.stepFailed(WebUIKeywordMain.groovy:117)
	at com.kms.katalon.core.webui.keyword.builtin.VerifyElementVisibleKeyword$_verifyElementVisible_closure1.doCall(VerifyElementVisibleKeyword.groovy:89)
	at com.kms.katalon.core.webui.keyword.builtin.VerifyElementVisibleKeyword$_verifyElementVisible_closure1.call(VerifyElementVisibleKeyword.groovy)
	at com.kms.katalon.core.webui.keyword.internal.WebUIKeywordMain.runKeyword(WebUIKeywordMain.groovy:35)
	at com.kms.katalon.core.webui.keyword.builtin.VerifyElementVisibleKeyword.verifyElementVisible(VerifyElementVisibleKeyword.groovy:97)
	at com.kms.katalon.core.webui.keyword.builtin.VerifyElementVisibleKeyword.execute(VerifyElementVisibleKeyword.groovy:67)
	at com.kms.katalon.core.keyword.internal.KeywordExecutor.executeKeywordForPlatform(KeywordExecutor.groovy:74)
	at com.kms.katalon.core.webui.keyword.WebUiBuiltInKeywords.verifyElementVisible(WebUiBuiltInKeywords.groovy:401)
	at com.kms.katalon.core.webui.keyword.WebUiBuiltInKeywords$verifyElementVisible$5.call(Unknown Source)
	at Cannot Save Tank When Commodity Code is Missing.run(Cannot Save Tank When Commodity Code is Missing:33)
	at com.kms.katalon.core.main.ScriptEngine.run(ScriptEngine.java:194)
	at com.kms.katalon.core.main.ScriptEngine.runScriptAsRawText(ScriptEngine.java:119)
	at com.kms.katalon.core.main.TestCaseExecutor.runScript(TestCaseExecutor.java:448)
	at com.kms.katalon.core.main.TestCaseExecutor.doExecute(TestCaseExecutor.java:439)
	at com.kms.katalon.core.main.TestCaseExecutor.processExecutionPhase(TestCaseExecutor.java:418)
	at com.kms.katalon.core.main.TestCaseExecutor.accessMainPhase(TestCaseExecutor.java:410)
	at com.kms.katalon.core.main.TestCaseExecutor.execute(TestCaseExecutor.java:285)
	at com.kms.katalon.core.common.CommonExecutor.accessTestCaseMainPhase(CommonExecutor.java:65)
	at com.kms.katalon.core.main.TestSuiteExecutor.accessTestSuiteMainPhase(TestSuiteExecutor.java:150)
	at com.kms.katalon.core.main.TestSuiteExecutor.execute(TestSuiteExecutor.java:106)
	at com.kms.katalon.core.main.TestCaseMain.startTestSuite(TestCaseMain.java:180)
	at com.kms.katalon.core.main.TestCaseMain$startTestSuite$0.call(Unknown Source)
	at TempTestSuite1761090786896.run(TempTestSuite1761090786896.groovy:35)
	at java.base/jdk.internal.reflect.NativeMethodAccessorImpl.invoke0(Native Method)
	at java.base/jdk.internal.reflect.NativeMethodAccessorImpl.invoke(NativeMethodAccessorImpl.java:77)
	at java.base/jdk.internal.reflect.DelegatingMethodAccessorImpl.invoke(DelegatingMethodAccessorImpl.java:43)
)

21-10-2025T21:25:14 - [MESSAGE][INFO] - Unable to find the element located by 'By.xpath: /html/body/div[2]/div[1]/div/div/footer/div/button'. Please recheck the objects properties to make sure the desired element is located. 

21-10-2025T21:25:14 - [MESSAGE][WARNING] - [SELF-HEALING] Failed to find element with id 'Object Repository/FIM/Existing Page with Pending Changes Close_btn'. Try using Self-healing.

21-10-2025T21:25:15 - [MESSAGE][INFO] - [SELF-HEALING] No working XPath is found.

21-10-2025T21:25:17 - [MESSAGE][INFO] - Unable to find the element located by 'By.xpath: '. Please recheck the objects properties to make sure the desired element is located. 

21-10-2025T21:25:17 - [MESSAGE][WARNING] - [SELF-HEALING] Cannot find elements when the selector is null

21-10-2025T21:25:17 - [MESSAGE][WARNING] - Web element with id: 'Object Repository/FIM/Existing Page with Pending Changes Close_btn' located by '/html/body/div[2]/div[1]/div/div/footer/div/button' not found (Root cause: com.kms.katalon.core.exception.StepFailedException: Web element with id: 'Object Repository/FIM/Existing Page with Pending Changes Close_btn' located by '/html/body/div[2]/div[1]/div/div/footer/div/button' not found
	at com.kms.katalon.core.webui.keyword.internal.WebUIKeywordMain.stepFailed(WebUIKeywordMain.groovy:117)
	at com.kms.katalon.core.webui.keyword.builtin.VerifyElementVisibleKeyword$_verifyElementVisible_closure1.doCall(VerifyElementVisibleKeyword.groovy:89)
	at com.kms.katalon.core.webui.keyword.builtin.VerifyElementVisibleKeyword$_verifyElementVisible_closure1.call(VerifyElementVisibleKeyword.groovy)
	at com.kms.katalon.core.webui.keyword.internal.WebUIKeywordMain.runKeyword(WebUIKeywordMain.groovy:35)
	at com.kms.katalon.core.webui.keyword.builtin.VerifyElementVisibleKeyword.verifyElementVisible(VerifyElementVisibleKeyword.groovy:97)
	at com.kms.katalon.core.webui.keyword.builtin.VerifyElementVisibleKeyword.execute(VerifyElementVisibleKeyword.groovy:67)
	at com.kms.katalon.core.keyword.internal.KeywordExecutor.executeKeywordForPlatform(KeywordExecutor.groovy:74)
	at com.kms.katalon.core.webui.keyword.WebUiBuiltInKeywords.verifyElementVisible(WebUiBuiltInKeywords.groovy:401)
	at com.kms.katalon.core.webui.keyword.WebUiBuiltInKeywords$verifyElementVisible$5.call(Unknown Source)
	at Cannot Save Tank When Commodity Code is Missing.run(Cannot Save Tank When Commodity Code is Missing:33)
	at com.kms.katalon.core.main.ScriptEngine.run(ScriptEngine.java:194)
	at com.kms.katalon.core.main.ScriptEngine.runScriptAsRawText(ScriptEngine.java:119)
	at com.kms.katalon.core.main.TestCaseExecutor.runScript(TestCaseExecutor.java:448)
	at com.kms.katalon.core.main.TestCaseExecutor.doExecute(TestCaseExecutor.java:439)
	at com.kms.katalon.core.main.TestCaseExecutor.processExecutionPhase(TestCaseExecutor.java:418)
	at com.kms.katalon.core.main.TestCaseExecutor.accessMainPhase(TestCaseExecutor.java:410)
	at com.kms.katalon.core.main.TestCaseExecutor.execute(TestCaseExecutor.java:285)
	at com.kms.katalon.core.common.CommonExecutor.accessTestCaseMainPhase(CommonExecutor.java:65)
	at com.kms.katalon.core.main.TestSuiteExecutor.accessTestSuiteMainPhase(TestSuiteExecutor.java:150)
	at com.kms.katalon.core.main.TestSuiteExecutor.execute(TestSuiteExecutor.java:106)
	at com.kms.katalon.core.main.TestCaseMain.startTestSuite(TestCaseMain.java:180)
	at com.kms.katalon.core.main.TestCaseMain$startTestSuite$0.call(Unknown Source)
	at TempTestSuite1761090786896.run(TempTestSuite1761090786896.groovy:35)
	at java.base/jdk.internal.reflect.NativeMethodAccessorImpl.invoke0(Native Method)
	at java.base/jdk.internal.reflect.NativeMethodAccessorImpl.invoke(NativeMethodAccessorImpl.java:77)
	at java.base/jdk.internal.reflect.DelegatingMethodAccessorImpl.invoke(DelegatingMethodAccessorImpl.java:43)
)

21-10-2025T21:25:17 - [TEST_STEP][PASSED] - delay(1): Delayed 1 second(s)

21-10-2025T21:25:18 - [MESSAGE][PASSED] - Delayed 1 second(s)

21-10-2025T21:25:18 - [TEST_STEP][PASSED] - waitForElementClickable(findTestObject("FIM/Sites Page/Site Filtering/Site_txt"), 15): Object 'Object Repository/FIM/Sites Page/Site Filtering/Site_txt' is clickable

21-10-2025T21:25:18 - [MESSAGE][PASSED] - Object 'Object Repository/FIM/Sites Page/Site Filtering/Site_txt' is clickable

21-10-2025T21:25:18 - [TEST_STEP][PASSED] - verifyElementVisible(findTestObject("FIM/Sites Page/Tank/New Tank_btn")): Object 'Object Repository/FIM/Sites Page/Tank/New Tank_btn' is visible

21-10-2025T21:25:18 - [MESSAGE][PASSED] - Object 'Object Repository/FIM/Sites Page/Tank/New Tank_btn' is visible

21-10-2025T21:25:18 - [TEST_STEP][PASSED] - click(findTestObject("FIM/Sites Page/Tank/New Tank_btn")): Object: 'Object Repository/FIM/Sites Page/Tank/New Tank_btn' is clicked on

21-10-2025T21:25:18 - [MESSAGE][PASSED] - Object: 'Object Repository/FIM/Sites Page/Tank/New Tank_btn' is clicked on

21-10-2025T21:25:18 - [TEST_STEP][PASSED] - delay(2): Delayed 2 second(s)

21-10-2025T21:25:20 - [MESSAGE][PASSED] - Delayed 2 second(s)

21-10-2025T21:25:20 - [TEST_STEP][PASSED] - sendKeys(findTestObject("FIM/Sites Page/Tank/Tank Number_txt"), "3"): Keys '3' sent to object: 'Object Repository/FIM/Sites Page/Tank/Tank Number_txt'

21-10-2025T21:25:20 - [MESSAGE][PASSED] - Keys '3' sent to object: 'Object Repository/FIM/Sites Page/Tank/Tank Number_txt'

21-10-2025T21:25:20 - [TEST_STEP][PASSED] - delay(1): Delayed 1 second(s)

21-10-2025T21:25:21 - [MESSAGE][PASSED] - Delayed 1 second(s)

21-10-2025T21:25:21 - [TEST_STEP][PASSED] - selectOptionByLabel(findTestObject("FIM/Sites Page/Tank/Commodity_dropdown"), "PREMIUM", false): All options with label 'PREMIUM' are selected in object 'Object Repository/FIM/Sites Page/Tank/Commodity_dropdown' 

21-10-2025T21:25:21 - [MESSAGE][PASSED] - All options with label 'PREMIUM' are selected in object 'Object Repository/FIM/Sites Page/Tank/Commodity_dropdown' 

21-10-2025T21:25:21 - [TEST_STEP][PASSED] - delay(1): Delayed 1 second(s)

21-10-2025T21:25:22 - [MESSAGE][PASSED] - Delayed 1 second(s)

21-10-2025T21:25:22 - [TEST_STEP][PASSED] - sendKeys(findTestObject("FIM/Sites Page/Tank/Safe Fill Quantity_txt"), "9540"): Keys '9540' sent to object: 'Object Repository/FIM/Sites Page/Tank/Safe Fill Quantity_txt'

21-10-2025T21:25:22 - [MESSAGE][PASSED] - Keys '9540' sent to object: 'Object Repository/FIM/Sites Page/Tank/Safe Fill Quantity_txt'

21-10-2025T21:25:22 - [TEST_STEP][PASSED] - delay(1): Delayed 1 second(s)

21-10-2025T21:25:23 - [MESSAGE][PASSED] - Delayed 1 second(s)

21-10-2025T21:25:23 - [TEST_STEP][PASSED] - sendKeys(findTestObject("FIM/Sites Page/Tank/Tank Size_txt"), "13000"): Keys '13000' sent to object: 'Object Repository/FIM/Sites Page/Tank/Tank Size_txt'

21-10-2025T21:25:24 - [MESSAGE][PASSED] - Keys '13000' sent to object: 'Object Repository/FIM/Sites Page/Tank/Tank Size_txt'

21-10-2025T21:25:24 - [TEST_STEP][PASSED] - delay(1): Delayed 1 second(s)

21-10-2025T21:25:25 - [MESSAGE][PASSED] - Delayed 1 second(s)

21-10-2025T21:25:25 - [TEST_STEP][PASSED] - sendKeys(findTestObject("FIM/Sites Page/Tank/Threshold_txt"), "1200"): Keys '1200' sent to object: 'Object Repository/FIM/Sites Page/Tank/Threshold_txt'

21-10-2025T21:25:25 - [MESSAGE][PASSED] - Keys '1200' sent to object: 'Object Repository/FIM/Sites Page/Tank/Threshold_txt'

21-10-2025T21:25:25 - [TEST_STEP][PASSED] - delay(1): Delayed 1 second(s)

21-10-2025T21:25:26 - [MESSAGE][PASSED] - Delayed 1 second(s)

21-10-2025T21:25:26 - [TEST_STEP][PASSED] - setText(findTestObject("FIM/Sites Page/Tank/Pump Stop_txt"), "1150"): Text '1150' is set on object 'Object Repository/FIM/Sites Page/Tank/Pump Stop_txt'

21-10-2025T21:25:26 - [MESSAGE][PASSED] - Text '1150' is set on object 'Object Repository/FIM/Sites Page/Tank/Pump Stop_txt'

21-10-2025T21:25:26 - [TEST_STEP][PASSED] - delay(1): Delayed 1 second(s)

21-10-2025T21:25:27 - [MESSAGE][PASSED] - Delayed 1 second(s)

21-10-2025T21:25:27 - [TEST_STEP][PASSED] - click(findTestObject("FIM/Sites Page/Tank/Tank Save_btn"), STOP_ON_FAILURE): Object: 'Object Repository/FIM/Sites Page/Tank/Tank Save_btn' is clicked on

21-10-2025T21:25:27 - [MESSAGE][PASSED] - Object: 'Object Repository/FIM/Sites Page/Tank/Tank Save_btn' is clicked on

21-10-2025T21:25:27 - [TEST_STEP][PASSED] - delay(1): Delayed 1 second(s)

21-10-2025T21:25:28 - [MESSAGE][PASSED] - Delayed 1 second(s)

21-10-2025T21:25:28 - [TEST_STEP][PASSED] - click(findTestObject("FIM/Sites Page/Tank/Tank Save_btn")): Object: 'Object Repository/FIM/Sites Page/Tank/Tank Save_btn' is clicked on

21-10-2025T21:25:28 - [MESSAGE][PASSED] - Object: 'Object Repository/FIM/Sites Page/Tank/Tank Save_btn' is clicked on

21-10-2025T21:25:28 - [TEST_STEP][PASSED] - delay(1): Delayed 1 second(s)

21-10-2025T21:25:29 - [MESSAGE][PASSED] - Delayed 1 second(s)

21-10-2025T21:25:29 - [TEST_STEP][PASSED] - verifyElementNotPresent(findTestObject("FIM/Sites Page/Tank/Tank Message"), 10): Web element with id: 'Object Repository/FIM/Sites Page/Tank/Tank Message' located by 'By.xpath: /html/body/div[2]/div/div/div/div/div' is not present after '10' second(s)

21-10-2025T21:25:29 - [MESSAGE][PASSED] - Web element with id: 'Object Repository/FIM/Sites Page/Tank/Tank Message' located by 'By.xpath: /html/body/div[2]/div/div/div/div/div' is not present after '10' second(s)

21-10-2025T21:25:29 - [TEST_STEP][PASSED] - closeBrowser(): Browser is closed

21-10-2025T21:25:29 - [MESSAGE][PASSED] - Browser is closed

21-10-2025T21:25:29 - [TEST_STEP][PASSED] - Start listener action : retryOnDisconnect: null

21-10-2025T21:25:29 - [TEST_STEP][PASSED] - tcId = testCaseContext.getTestCaseId(): null

21-10-2025T21:25:29 - [TEST_STEP][PASSED] - currentRetry = retryCounts.getOrDefault(tcId, 0): null

21-10-2025T21:25:29 - [TEST_STEP][PASSED] - if (testCaseContext.getTestCaseStatus() == "FAILED" && currentRetry < MAX_RETRIES): null]]></system-out>
         <system-err><![CDATA[]]></system-err>
      </testcase>
      <testcase name="Test Cases/FIM/UI/KGL/Admin/Sites Page/Tank/Cannot Save Tank When Commodity is Missing" time="68.432" classname="Test Cases/FIM/UI/KGL/Admin/Sites Page/Tank/Cannot Save Tank When Commodity is Missing" status="PASSED">
         <system-out><![CDATA[21-10-2025T21:25:29 - [TEST_CASE][PASSED] - Test Cases/FIM/UI/KGL/Admin/Sites Page/Tank/Cannot Save Tank When Commodity is Missing: Test Cases/FIM/UI/KGL/Admin/Sites Page/Tank/Cannot Save Tank When Commodity is Missing

21-10-2025T21:25:29 - [TEST_STEP][PASSED] - Start listener action : beforeTestCase: null

21-10-2025T21:25:29 - [TEST_STEP][PASSED] - addDefaultPackages(): null

21-10-2025T21:25:29 - [TEST_STEP][PASSED] - callTestCase(findTestCase("Utility Scripts/FIM KGL Admin Login"), [:], STOP_ON_FAILURE): Call Test Case 'Test Cases/Utility Scripts/FIM KGL Admin Login' successfully

21-10-2025T21:25:29 - [TEST_CASE][PASSED] - Test Cases/Utility Scripts/FIM KGL Admin Login: Test Cases/Utility Scripts/FIM KGL Admin Login

21-10-2025T21:25:29 - [TEST_STEP][PASSED] - openBrowser(""): Browser is opened with url: ''

21-10-2025T21:25:29 - [MESSAGE][INFO] - Starting 'Chrome' driver

21-10-2025T21:25:29 - [MESSAGE][INFO] - User set preference: ['args', '[--no-sandbox, --disable-gpu, --disable-dev-shm-usage]']

21-10-2025T21:25:29 - [MESSAGE][INFO] - Action delay is set to 0 milliseconds

21-10-2025T21:25:30 - [MESSAGE][PASSED] - Browser is opened with url: ''

21-10-2025T21:25:30 - [TEST_STEP][PASSED] - delay(1): Delayed 1 second(s)

21-10-2025T21:25:31 - [MESSAGE][PASSED] - Delayed 1 second(s)

21-10-2025T21:25:31 - [TEST_STEP][PASSED] - navigateToUrl(KGLCustomGroupUrl): Navigate to 'https://kaglogistics-inventory-management-portal.qa.thekag.com/custom-group/' successfully

21-10-2025T21:25:32 - [MESSAGE][PASSED] - Navigate to 'https://kaglogistics-inventory-management-portal.qa.thekag.com/custom-group/' successfully

21-10-2025T21:25:32 - [TEST_STEP][PASSED] - delay(10): Delayed 10 second(s)

21-10-2025T21:25:42 - [MESSAGE][PASSED] - Delayed 10 second(s)

21-10-2025T21:25:42 - [TEST_STEP][PASSED] - if (maximizeWindow == true): Delayed 1 second(s)

21-10-2025T21:25:42 - [TEST_STEP][PASSED] - maximizeWindow(STOP_ON_FAILURE): Current window maximized

21-10-2025T21:25:42 - [MESSAGE][PASSED] - Current window maximized

21-10-2025T21:25:42 - [TEST_STEP][PASSED] - delay(1): Delayed 1 second(s)

21-10-2025T21:25:43 - [MESSAGE][PASSED] - Delayed 1 second(s)

21-10-2025T21:25:43 - [TEST_STEP][PASSED] - waitForElementPresent(findTestObject("FIM/Username_txt"), 10): Object 'Object Repository/FIM/Username_txt' is present

21-10-2025T21:25:43 - [MESSAGE][PASSED] - Object 'Object Repository/FIM/Username_txt' is present

21-10-2025T21:25:43 - [TEST_STEP][PASSED] - setText(findTestObject("FIM/Username_txt"), FIMUsername): Text 'Chris.Sheldon+DES_QA@Thekag.com' is set on object 'Object Repository/FIM/Username_txt'

21-10-2025T21:25:43 - [MESSAGE][PASSED] - Text 'Chris.Sheldon+DES_QA@Thekag.com' is set on object 'Object Repository/FIM/Username_txt'

21-10-2025T21:25:43 - [TEST_STEP][PASSED] - delay(1): Delayed 1 second(s)

21-10-2025T21:25:44 - [MESSAGE][PASSED] - Delayed 1 second(s)

21-10-2025T21:25:44 - [TEST_STEP][PASSED] - setText(findTestObject("FIM/Password_txt"), FIMPassword): Text 'QATest!2' is set on object 'Object Repository/FIM/Password_txt'

21-10-2025T21:25:44 - [MESSAGE][PASSED] - Text 'QATest!2' is set on object 'Object Repository/FIM/Password_txt'

21-10-2025T21:25:44 - [TEST_STEP][PASSED] - delay(1): Delayed 1 second(s)

21-10-2025T21:25:45 - [MESSAGE][PASSED] - Delayed 1 second(s)

21-10-2025T21:25:45 - [TEST_STEP][PASSED] - click(findTestObject("FIM/Login_btn")): Object: 'Object Repository/FIM/Login_btn' is clicked on

21-10-2025T21:25:45 - [MESSAGE][PASSED] - Object: 'Object Repository/FIM/Login_btn' is clicked on

21-10-2025T21:25:45 - [MESSAGE][PASSED] - Call Test Case 'Test Cases/Utility Scripts/FIM KGL Admin Login' successfully

21-10-2025T21:25:45 - [TEST_STEP][PASSED] - if (verifyElementVisible(findTestObject("FIM/Server_Notification_Close_btn"), OPTIONAL) == true): Web element with id: 'Object Repository/FIM/Server_Notification_Close_btn' located by '/html/body/div/div[1]/button' not found (Root cause: com.kms.katalon.core.exception.StepFailedException: Web element with id: 'Object Repository/FIM/Server_Notification_Close_btn' located by '/html/body/div/div[1]/button' not found
	at com.kms.katalon.core.webui.keyword.internal.WebUIKeywordMain.stepFailed(WebUIKeywordMain.groovy:117)
	at com.kms.katalon.core.webui.keyword.builtin.VerifyElementVisibleKeyword$_verifyElementVisible_closure1.doCall(VerifyElementVisibleKeyword.groovy:89)
	at com.kms.katalon.core.webui.keyword.builtin.VerifyElementVisibleKeyword$_verifyElementVisible_closure1.call(VerifyElementVisibleKeyword.groovy)
	at com.kms.katalon.core.webui.keyword.internal.WebUIKeywordMain.runKeyword(WebUIKeywordMain.groovy:35)
	at com.kms.katalon.core.webui.keyword.builtin.VerifyElementVisibleKeyword.verifyElementVisible(VerifyElementVisibleKeyword.groovy:97)
	at com.kms.katalon.core.webui.keyword.builtin.VerifyElementVisibleKeyword.execute(VerifyElementVisibleKeyword.groovy:67)
	at com.kms.katalon.core.keyword.internal.KeywordExecutor.executeKeywordForPlatform(KeywordExecutor.groovy:74)
	at com.kms.katalon.core.webui.keyword.WebUiBuiltInKeywords.verifyElementVisible(WebUiBuiltInKeywords.groovy:401)
	at com.kms.katalon.core.webui.keyword.WebUiBuiltInKeywords$verifyElementVisible$5.call(Unknown Source)
	at Cannot Save Tank When Commodity is Missing.run(Cannot Save Tank When Commodity is Missing:22)
	at com.kms.katalon.core.main.ScriptEngine.run(ScriptEngine.java:194)
	at com.kms.katalon.core.main.ScriptEngine.runScriptAsRawText(ScriptEngine.java:119)
	at com.kms.katalon.core.main.TestCaseExecutor.runScript(TestCaseExecutor.java:448)
	at com.kms.katalon.core.main.TestCaseExecutor.doExecute(TestCaseExecutor.java:439)
	at com.kms.katalon.core.main.TestCaseExecutor.processExecutionPhase(TestCaseExecutor.java:418)
	at com.kms.katalon.core.main.TestCaseExecutor.accessMainPhase(TestCaseExecutor.java:410)
	at com.kms.katalon.core.main.TestCaseExecutor.execute(TestCaseExecutor.java:285)
	at com.kms.katalon.core.common.CommonExecutor.accessTestCaseMainPhase(CommonExecutor.java:65)
	at com.kms.katalon.core.main.TestSuiteExecutor.accessTestSuiteMainPhase(TestSuiteExecutor.java:150)
	at com.kms.katalon.core.main.TestSuiteExecutor.execute(TestSuiteExecutor.java:106)
	at com.kms.katalon.core.main.TestCaseMain.startTestSuite(TestCaseMain.java:180)
	at com.kms.katalon.core.main.TestCaseMain$startTestSuite$0.call(Unknown Source)
	at TempTestSuite1761090786896.run(TempTestSuite1761090786896.groovy:35)
	at java.base/jdk.internal.reflect.NativeMethodAccessorImpl.invoke0(Native Method)
	at java.base/jdk.internal.reflect.NativeMethodAccessorImpl.invoke(NativeMethodAccessorImpl.java:77)
	at java.base/jdk.internal.reflect.DelegatingMethodAccessorImpl.invoke(DelegatingMethodAccessorImpl.java:43)
)

21-10-2025T21:26:01 - [MESSAGE][INFO] - Unable to find the element located by 'By.xpath: /html/body/div/div[1]/button'. Please recheck the objects properties to make sure the desired element is located. 

21-10-2025T21:26:01 - [MESSAGE][WARNING] - [SELF-HEALING] Failed to find element with id 'Object Repository/FIM/Server_Notification_Close_btn'. Try using Self-healing.

21-10-2025T21:26:02 - [MESSAGE][INFO] - [SELF-HEALING] No working XPath is found.

21-10-2025T21:26:04 - [MESSAGE][INFO] - Unable to find the element located by 'By.xpath: '. Please recheck the objects properties to make sure the desired element is located. 

21-10-2025T21:26:04 - [MESSAGE][WARNING] - [SELF-HEALING] Cannot find elements when the selector is null

21-10-2025T21:26:04 - [MESSAGE][WARNING] - Web element with id: 'Object Repository/FIM/Server_Notification_Close_btn' located by '/html/body/div/div[1]/button' not found (Root cause: com.kms.katalon.core.exception.StepFailedException: Web element with id: 'Object Repository/FIM/Server_Notification_Close_btn' located by '/html/body/div/div[1]/button' not found
	at com.kms.katalon.core.webui.keyword.internal.WebUIKeywordMain.stepFailed(WebUIKeywordMain.groovy:117)
	at com.kms.katalon.core.webui.keyword.builtin.VerifyElementVisibleKeyword$_verifyElementVisible_closure1.doCall(VerifyElementVisibleKeyword.groovy:89)
	at com.kms.katalon.core.webui.keyword.builtin.VerifyElementVisibleKeyword$_verifyElementVisible_closure1.call(VerifyElementVisibleKeyword.groovy)
	at com.kms.katalon.core.webui.keyword.internal.WebUIKeywordMain.runKeyword(WebUIKeywordMain.groovy:35)
	at com.kms.katalon.core.webui.keyword.builtin.VerifyElementVisibleKeyword.verifyElementVisible(VerifyElementVisibleKeyword.groovy:97)
	at com.kms.katalon.core.webui.keyword.builtin.VerifyElementVisibleKeyword.execute(VerifyElementVisibleKeyword.groovy:67)
	at com.kms.katalon.core.keyword.internal.KeywordExecutor.executeKeywordForPlatform(KeywordExecutor.groovy:74)
	at com.kms.katalon.core.webui.keyword.WebUiBuiltInKeywords.verifyElementVisible(WebUiBuiltInKeywords.groovy:401)
	at com.kms.katalon.core.webui.keyword.WebUiBuiltInKeywords$verifyElementVisible$5.call(Unknown Source)
	at Cannot Save Tank When Commodity is Missing.run(Cannot Save Tank When Commodity is Missing:22)
	at com.kms.katalon.core.main.ScriptEngine.run(ScriptEngine.java:194)
	at com.kms.katalon.core.main.ScriptEngine.runScriptAsRawText(ScriptEngine.java:119)
	at com.kms.katalon.core.main.TestCaseExecutor.runScript(TestCaseExecutor.java:448)
	at com.kms.katalon.core.main.TestCaseExecutor.doExecute(TestCaseExecutor.java:439)
	at com.kms.katalon.core.main.TestCaseExecutor.processExecutionPhase(TestCaseExecutor.java:418)
	at com.kms.katalon.core.main.TestCaseExecutor.accessMainPhase(TestCaseExecutor.java:410)
	at com.kms.katalon.core.main.TestCaseExecutor.execute(TestCaseExecutor.java:285)
	at com.kms.katalon.core.common.CommonExecutor.accessTestCaseMainPhase(CommonExecutor.java:65)
	at com.kms.katalon.core.main.TestSuiteExecutor.accessTestSuiteMainPhase(TestSuiteExecutor.java:150)
	at com.kms.katalon.core.main.TestSuiteExecutor.execute(TestSuiteExecutor.java:106)
	at com.kms.katalon.core.main.TestCaseMain.startTestSuite(TestCaseMain.java:180)
	at com.kms.katalon.core.main.TestCaseMain$startTestSuite$0.call(Unknown Source)
	at TempTestSuite1761090786896.run(TempTestSuite1761090786896.groovy:35)
	at java.base/jdk.internal.reflect.NativeMethodAccessorImpl.invoke0(Native Method)
	at java.base/jdk.internal.reflect.NativeMethodAccessorImpl.invoke(NativeMethodAccessorImpl.java:77)
	at java.base/jdk.internal.reflect.DelegatingMethodAccessorImpl.invoke(DelegatingMethodAccessorImpl.java:43)
)

21-10-2025T21:26:04 - [TEST_STEP][PASSED] - click(findTestObject("FIM/Hamburger Menu List/Hamburger_menu")): Object: 'Object Repository/FIM/Hamburger Menu List/Hamburger_menu' is clicked on

21-10-2025T21:26:04 - [MESSAGE][PASSED] - Object: 'Object Repository/FIM/Hamburger Menu List/Hamburger_menu' is clicked on

21-10-2025T21:26:04 - [TEST_STEP][PASSED] - delay(2): Delayed 2 second(s)

21-10-2025T21:26:06 - [MESSAGE][PASSED] - Delayed 2 second(s)

21-10-2025T21:26:06 - [TEST_STEP][PASSED] - click(findTestObject("FIM/Hamburger Menu List/KGL_Sites_option")): Object: 'Object Repository/FIM/Hamburger Menu List/KGL_Sites_option' is clicked on

21-10-2025T21:26:06 - [MESSAGE][PASSED] - Object: 'Object Repository/FIM/Hamburger Menu List/KGL_Sites_option' is clicked on

21-10-2025T21:26:06 - [TEST_STEP][PASSED] - if (verifyElementVisible(findTestObject("FIM/Existing Page with Pending Changes Close_btn"), OPTIONAL) == true): Web element with id: 'Object Repository/FIM/Existing Page with Pending Changes Close_btn' located by '/html/body/div[2]/div[1]/div/div/footer/div/button' not found (Root cause: com.kms.katalon.core.exception.StepFailedException: Web element with id: 'Object Repository/FIM/Existing Page with Pending Changes Close_btn' located by '/html/body/div[2]/div[1]/div/div/footer/div/button' not found
	at com.kms.katalon.core.webui.keyword.internal.WebUIKeywordMain.stepFailed(WebUIKeywordMain.groovy:117)
	at com.kms.katalon.core.webui.keyword.builtin.VerifyElementVisibleKeyword$_verifyElementVisible_closure1.doCall(VerifyElementVisibleKeyword.groovy:89)
	at com.kms.katalon.core.webui.keyword.builtin.VerifyElementVisibleKeyword$_verifyElementVisible_closure1.call(VerifyElementVisibleKeyword.groovy)
	at com.kms.katalon.core.webui.keyword.internal.WebUIKeywordMain.runKeyword(WebUIKeywordMain.groovy:35)
	at com.kms.katalon.core.webui.keyword.builtin.VerifyElementVisibleKeyword.verifyElementVisible(VerifyElementVisibleKeyword.groovy:97)
	at com.kms.katalon.core.webui.keyword.builtin.VerifyElementVisibleKeyword.execute(VerifyElementVisibleKeyword.groovy:67)
	at com.kms.katalon.core.keyword.internal.KeywordExecutor.executeKeywordForPlatform(KeywordExecutor.groovy:74)
	at com.kms.katalon.core.webui.keyword.WebUiBuiltInKeywords.verifyElementVisible(WebUiBuiltInKeywords.groovy:401)
	at com.kms.katalon.core.webui.keyword.WebUiBuiltInKeywords$verifyElementVisible$5.call(Unknown Source)
	at Cannot Save Tank When Commodity is Missing.run(Cannot Save Tank When Commodity is Missing:33)
	at com.kms.katalon.core.main.ScriptEngine.run(ScriptEngine.java:194)
	at com.kms.katalon.core.main.ScriptEngine.runScriptAsRawText(ScriptEngine.java:119)
	at com.kms.katalon.core.main.TestCaseExecutor.runScript(TestCaseExecutor.java:448)
	at com.kms.katalon.core.main.TestCaseExecutor.doExecute(TestCaseExecutor.java:439)
	at com.kms.katalon.core.main.TestCaseExecutor.processExecutionPhase(TestCaseExecutor.java:418)
	at com.kms.katalon.core.main.TestCaseExecutor.accessMainPhase(TestCaseExecutor.java:410)
	at com.kms.katalon.core.main.TestCaseExecutor.execute(TestCaseExecutor.java:285)
	at com.kms.katalon.core.common.CommonExecutor.accessTestCaseMainPhase(CommonExecutor.java:65)
	at com.kms.katalon.core.main.TestSuiteExecutor.accessTestSuiteMainPhase(TestSuiteExecutor.java:150)
	at com.kms.katalon.core.main.TestSuiteExecutor.execute(TestSuiteExecutor.java:106)
	at com.kms.katalon.core.main.TestCaseMain.startTestSuite(TestCaseMain.java:180)
	at com.kms.katalon.core.main.TestCaseMain$startTestSuite$0.call(Unknown Source)
	at TempTestSuite1761090786896.run(TempTestSuite1761090786896.groovy:35)
	at java.base/jdk.internal.reflect.NativeMethodAccessorImpl.invoke0(Native Method)
	at java.base/jdk.internal.reflect.NativeMethodAccessorImpl.invoke(NativeMethodAccessorImpl.java:77)
	at java.base/jdk.internal.reflect.DelegatingMethodAccessorImpl.invoke(DelegatingMethodAccessorImpl.java:43)
)

21-10-2025T21:26:22 - [MESSAGE][INFO] - Unable to find the element located by 'By.xpath: /html/body/div[2]/div[1]/div/div/footer/div/button'. Please recheck the objects properties to make sure the desired element is located. 

21-10-2025T21:26:22 - [MESSAGE][WARNING] - [SELF-HEALING] Failed to find element with id 'Object Repository/FIM/Existing Page with Pending Changes Close_btn'. Try using Self-healing.

21-10-2025T21:26:23 - [MESSAGE][INFO] - [SELF-HEALING] No working XPath is found.

21-10-2025T21:26:25 - [MESSAGE][INFO] - Unable to find the element located by 'By.xpath: '. Please recheck the objects properties to make sure the desired element is located. 

21-10-2025T21:26:25 - [MESSAGE][WARNING] - [SELF-HEALING] Cannot find elements when the selector is null

21-10-2025T21:26:25 - [MESSAGE][WARNING] - Web element with id: 'Object Repository/FIM/Existing Page with Pending Changes Close_btn' located by '/html/body/div[2]/div[1]/div/div/footer/div/button' not found (Root cause: com.kms.katalon.core.exception.StepFailedException: Web element with id: 'Object Repository/FIM/Existing Page with Pending Changes Close_btn' located by '/html/body/div[2]/div[1]/div/div/footer/div/button' not found
	at com.kms.katalon.core.webui.keyword.internal.WebUIKeywordMain.stepFailed(WebUIKeywordMain.groovy:117)
	at com.kms.katalon.core.webui.keyword.builtin.VerifyElementVisibleKeyword$_verifyElementVisible_closure1.doCall(VerifyElementVisibleKeyword.groovy:89)
	at com.kms.katalon.core.webui.keyword.builtin.VerifyElementVisibleKeyword$_verifyElementVisible_closure1.call(VerifyElementVisibleKeyword.groovy)
	at com.kms.katalon.core.webui.keyword.internal.WebUIKeywordMain.runKeyword(WebUIKeywordMain.groovy:35)
	at com.kms.katalon.core.webui.keyword.builtin.VerifyElementVisibleKeyword.verifyElementVisible(VerifyElementVisibleKeyword.groovy:97)
	at com.kms.katalon.core.webui.keyword.builtin.VerifyElementVisibleKeyword.execute(VerifyElementVisibleKeyword.groovy:67)
	at com.kms.katalon.core.keyword.internal.KeywordExecutor.executeKeywordForPlatform(KeywordExecutor.groovy:74)
	at com.kms.katalon.core.webui.keyword.WebUiBuiltInKeywords.verifyElementVisible(WebUiBuiltInKeywords.groovy:401)
	at com.kms.katalon.core.webui.keyword.WebUiBuiltInKeywords$verifyElementVisible$5.call(Unknown Source)
	at Cannot Save Tank When Commodity is Missing.run(Cannot Save Tank When Commodity is Missing:33)
	at com.kms.katalon.core.main.ScriptEngine.run(ScriptEngine.java:194)
	at com.kms.katalon.core.main.ScriptEngine.runScriptAsRawText(ScriptEngine.java:119)
	at com.kms.katalon.core.main.TestCaseExecutor.runScript(TestCaseExecutor.java:448)
	at com.kms.katalon.core.main.TestCaseExecutor.doExecute(TestCaseExecutor.java:439)
	at com.kms.katalon.core.main.TestCaseExecutor.processExecutionPhase(TestCaseExecutor.java:418)
	at com.kms.katalon.core.main.TestCaseExecutor.accessMainPhase(TestCaseExecutor.java:410)
	at com.kms.katalon.core.main.TestCaseExecutor.execute(TestCaseExecutor.java:285)
	at com.kms.katalon.core.common.CommonExecutor.accessTestCaseMainPhase(CommonExecutor.java:65)
	at com.kms.katalon.core.main.TestSuiteExecutor.accessTestSuiteMainPhase(TestSuiteExecutor.java:150)
	at com.kms.katalon.core.main.TestSuiteExecutor.execute(TestSuiteExecutor.java:106)
	at com.kms.katalon.core.main.TestCaseMain.startTestSuite(TestCaseMain.java:180)
	at com.kms.katalon.core.main.TestCaseMain$startTestSuite$0.call(Unknown Source)
	at TempTestSuite1761090786896.run(TempTestSuite1761090786896.groovy:35)
	at java.base/jdk.internal.reflect.NativeMethodAccessorImpl.invoke0(Native Method)
	at java.base/jdk.internal.reflect.NativeMethodAccessorImpl.invoke(NativeMethodAccessorImpl.java:77)
	at java.base/jdk.internal.reflect.DelegatingMethodAccessorImpl.invoke(DelegatingMethodAccessorImpl.java:43)
)

21-10-2025T21:26:25 - [TEST_STEP][PASSED] - delay(1): Delayed 1 second(s)

21-10-2025T21:26:26 - [MESSAGE][PASSED] - Delayed 1 second(s)

21-10-2025T21:26:26 - [TEST_STEP][PASSED] - waitForElementClickable(findTestObject("FIM/Sites Page/Site Filtering/Site_txt"), 15): Object 'Object Repository/FIM/Sites Page/Site Filtering/Site_txt' is clickable

21-10-2025T21:26:26 - [MESSAGE][PASSED] - Object 'Object Repository/FIM/Sites Page/Site Filtering/Site_txt' is clickable

21-10-2025T21:26:26 - [TEST_STEP][PASSED] - verifyElementVisible(findTestObject("FIM/Sites Page/Tank/New Tank_btn")): Object 'Object Repository/FIM/Sites Page/Tank/New Tank_btn' is visible

21-10-2025T21:26:27 - [MESSAGE][PASSED] - Object 'Object Repository/FIM/Sites Page/Tank/New Tank_btn' is visible

21-10-2025T21:26:27 - [TEST_STEP][PASSED] - click(findTestObject("FIM/Sites Page/Tank/New Tank_btn")): Object: 'Object Repository/FIM/Sites Page/Tank/New Tank_btn' is clicked on

21-10-2025T21:26:27 - [MESSAGE][PASSED] - Object: 'Object Repository/FIM/Sites Page/Tank/New Tank_btn' is clicked on

21-10-2025T21:26:27 - [TEST_STEP][PASSED] - delay(3): Delayed 3 second(s)

21-10-2025T21:26:30 - [MESSAGE][PASSED] - Delayed 3 second(s)

21-10-2025T21:26:30 - [TEST_STEP][PASSED] - sendKeys(findTestObject("FIM/Sites Page/Tank/Tank Number_txt"), "1"): Keys '1' sent to object: 'Object Repository/FIM/Sites Page/Tank/Tank Number_txt'

21-10-2025T21:26:30 - [MESSAGE][PASSED] - Keys '1' sent to object: 'Object Repository/FIM/Sites Page/Tank/Tank Number_txt'

21-10-2025T21:26:30 - [TEST_STEP][PASSED] - delay(1): Delayed 1 second(s)

21-10-2025T21:26:31 - [MESSAGE][PASSED] - Delayed 1 second(s)

21-10-2025T21:26:31 - [TEST_STEP][PASSED] - sendKeys(findTestObject("FIM/Sites Page/Tank/Safe Fill Quantity_txt"), "9540"): Keys '9540' sent to object: 'Object Repository/FIM/Sites Page/Tank/Safe Fill Quantity_txt'

21-10-2025T21:26:31 - [MESSAGE][PASSED] - Keys '9540' sent to object: 'Object Repository/FIM/Sites Page/Tank/Safe Fill Quantity_txt'

21-10-2025T21:26:31 - [TEST_STEP][PASSED] - delay(1): Delayed 1 second(s)

21-10-2025T21:26:32 - [MESSAGE][PASSED] - Delayed 1 second(s)

21-10-2025T21:26:32 - [TEST_STEP][PASSED] - sendKeys(findTestObject("FIM/Sites Page/Tank/Tank Size_txt"), "13000"): Keys '13000' sent to object: 'Object Repository/FIM/Sites Page/Tank/Tank Size_txt'

21-10-2025T21:26:32 - [MESSAGE][PASSED] - Keys '13000' sent to object: 'Object Repository/FIM/Sites Page/Tank/Tank Size_txt'

21-10-2025T21:26:32 - [TEST_STEP][PASSED] - delay(1): Delayed 1 second(s)

21-10-2025T21:26:33 - [MESSAGE][PASSED] - Delayed 1 second(s)

21-10-2025T21:26:33 - [TEST_STEP][PASSED] - sendKeys(findTestObject("FIM/Sites Page/Tank/Threshold_txt"), "1200"): Keys '1200' sent to object: 'Object Repository/FIM/Sites Page/Tank/Threshold_txt'

21-10-2025T21:26:33 - [MESSAGE][PASSED] - Keys '1200' sent to object: 'Object Repository/FIM/Sites Page/Tank/Threshold_txt'

21-10-2025T21:26:33 - [TEST_STEP][PASSED] - delay(1): Delayed 1 second(s)

21-10-2025T21:26:34 - [MESSAGE][PASSED] - Delayed 1 second(s)

21-10-2025T21:26:34 - [TEST_STEP][PASSED] - setText(findTestObject("FIM/Sites Page/Tank/Pump Stop_txt"), "1150"): Text '1150' is set on object 'Object Repository/FIM/Sites Page/Tank/Pump Stop_txt'

21-10-2025T21:26:34 - [MESSAGE][PASSED] - Text '1150' is set on object 'Object Repository/FIM/Sites Page/Tank/Pump Stop_txt'

21-10-2025T21:26:34 - [TEST_STEP][PASSED] - delay(1): Delayed 1 second(s)

21-10-2025T21:26:35 - [MESSAGE][PASSED] - Delayed 1 second(s)

21-10-2025T21:26:35 - [TEST_STEP][PASSED] - click(findTestObject("FIM/Sites Page/Tank/Tank Save_btn"), STOP_ON_FAILURE): Object: 'Object Repository/FIM/Sites Page/Tank/Tank Save_btn' is clicked on

21-10-2025T21:26:35 - [MESSAGE][PASSED] - Object: 'Object Repository/FIM/Sites Page/Tank/Tank Save_btn' is clicked on

21-10-2025T21:26:35 - [TEST_STEP][PASSED] - delay(1): Delayed 1 second(s)

21-10-2025T21:26:36 - [MESSAGE][PASSED] - Delayed 1 second(s)

21-10-2025T21:26:36 - [TEST_STEP][PASSED] - click(findTestObject("FIM/Sites Page/Tank/Tank Save_btn")): Object: 'Object Repository/FIM/Sites Page/Tank/Tank Save_btn' is clicked on

21-10-2025T21:26:36 - [MESSAGE][PASSED] - Object: 'Object Repository/FIM/Sites Page/Tank/Tank Save_btn' is clicked on

21-10-2025T21:26:36 - [TEST_STEP][PASSED] - delay(1): Delayed 1 second(s)

21-10-2025T21:26:37 - [MESSAGE][PASSED] - Delayed 1 second(s)

21-10-2025T21:26:37 - [TEST_STEP][PASSED] - verifyElementNotPresent(findTestObject("FIM/Sites Page/Tank/Tank Message"), 10): Web element with id: 'Object Repository/FIM/Sites Page/Tank/Tank Message' located by 'By.xpath: /html/body/div[2]/div/div/div/div/div' is not present after '10' second(s)

21-10-2025T21:26:37 - [MESSAGE][PASSED] - Web element with id: 'Object Repository/FIM/Sites Page/Tank/Tank Message' located by 'By.xpath: /html/body/div[2]/div/div/div/div/div' is not present after '10' second(s)

21-10-2025T21:26:37 - [TEST_STEP][PASSED] - closeBrowser(): Browser is closed

21-10-2025T21:26:38 - [MESSAGE][PASSED] - Browser is closed

21-10-2025T21:26:38 - [TEST_STEP][PASSED] - Start listener action : retryOnDisconnect: null

21-10-2025T21:26:38 - [TEST_STEP][PASSED] - tcId = testCaseContext.getTestCaseId(): null

21-10-2025T21:26:38 - [TEST_STEP][PASSED] - currentRetry = retryCounts.getOrDefault(tcId, 0): null

21-10-2025T21:26:38 - [TEST_STEP][PASSED] - if (testCaseContext.getTestCaseStatus() == "FAILED" && currentRetry < MAX_RETRIES): null]]></system-out>
         <system-err><![CDATA[]]></system-err>
      </testcase>
      <testcase name="Test Cases/FIM/UI/KGL/Admin/Sites Page/Tank/Cannot Save Tank When Safe Fill Value is Greater Than Tank Size Value" time="68.601" classname="Test Cases/FIM/UI/KGL/Admin/Sites Page/Tank/Cannot Save Tank When Safe Fill Value is Greater Than Tank Size Value" status="PASSED">
         <system-out><![CDATA[21-10-2025T21:26:38 - [TEST_CASE][PASSED] - Test Cases/FIM/UI/KGL/Admin/Sites Page/Tank/Cannot Save Tank When Safe Fill Value is Greater Than Tank Size Value: Test Cases/FIM/UI/KGL/Admin/Sites Page/Tank/Cannot Save Tank When Safe Fill Value is Greater Than Tank Size Value

21-10-2025T21:26:38 - [TEST_STEP][PASSED] - Start listener action : beforeTestCase: null

21-10-2025T21:26:38 - [TEST_STEP][PASSED] - addDefaultPackages(): null

21-10-2025T21:26:38 - [TEST_STEP][PASSED] - callTestCase(findTestCase("Utility Scripts/FIM KGL Admin Login"), [:], STOP_ON_FAILURE): Call Test Case 'Test Cases/Utility Scripts/FIM KGL Admin Login' successfully

21-10-2025T21:26:38 - [TEST_CASE][PASSED] - Test Cases/Utility Scripts/FIM KGL Admin Login: Test Cases/Utility Scripts/FIM KGL Admin Login

21-10-2025T21:26:38 - [TEST_STEP][PASSED] - openBrowser(""): Browser is opened with url: ''

21-10-2025T21:26:38 - [MESSAGE][INFO] - Starting 'Chrome' driver

21-10-2025T21:26:38 - [MESSAGE][INFO] - User set preference: ['args', '[--no-sandbox, --disable-gpu, --disable-dev-shm-usage]']

21-10-2025T21:26:38 - [MESSAGE][INFO] - Action delay is set to 0 milliseconds

21-10-2025T21:26:38 - [MESSAGE][PASSED] - Browser is opened with url: ''

21-10-2025T21:26:38 - [TEST_STEP][PASSED] - delay(1): Delayed 1 second(s)

21-10-2025T21:26:39 - [MESSAGE][PASSED] - Delayed 1 second(s)

21-10-2025T21:26:39 - [TEST_STEP][PASSED] - navigateToUrl(KGLCustomGroupUrl): Navigate to 'https://kaglogistics-inventory-management-portal.qa.thekag.com/custom-group/' successfully

21-10-2025T21:26:40 - [MESSAGE][PASSED] - Navigate to 'https://kaglogistics-inventory-management-portal.qa.thekag.com/custom-group/' successfully

21-10-2025T21:26:40 - [TEST_STEP][PASSED] - delay(10): Delayed 10 second(s)

21-10-2025T21:26:50 - [MESSAGE][PASSED] - Delayed 10 second(s)

21-10-2025T21:26:50 - [TEST_STEP][PASSED] - if (maximizeWindow == true): Delayed 1 second(s)

21-10-2025T21:26:50 - [TEST_STEP][PASSED] - maximizeWindow(STOP_ON_FAILURE): Current window maximized

21-10-2025T21:26:50 - [MESSAGE][PASSED] - Current window maximized

21-10-2025T21:26:50 - [TEST_STEP][PASSED] - delay(1): Delayed 1 second(s)

21-10-2025T21:26:51 - [MESSAGE][PASSED] - Delayed 1 second(s)

21-10-2025T21:26:51 - [TEST_STEP][PASSED] - waitForElementPresent(findTestObject("FIM/Username_txt"), 10): Object 'Object Repository/FIM/Username_txt' is present

21-10-2025T21:26:51 - [MESSAGE][PASSED] - Object 'Object Repository/FIM/Username_txt' is present

21-10-2025T21:26:51 - [TEST_STEP][PASSED] - setText(findTestObject("FIM/Username_txt"), FIMUsername): Text 'Chris.Sheldon+DES_QA@Thekag.com' is set on object 'Object Repository/FIM/Username_txt'

21-10-2025T21:26:51 - [MESSAGE][PASSED] - Text 'Chris.Sheldon+DES_QA@Thekag.com' is set on object 'Object Repository/FIM/Username_txt'

21-10-2025T21:26:51 - [TEST_STEP][PASSED] - delay(1): Delayed 1 second(s)

21-10-2025T21:26:52 - [MESSAGE][PASSED] - Delayed 1 second(s)

21-10-2025T21:26:52 - [TEST_STEP][PASSED] - setText(findTestObject("FIM/Password_txt"), FIMPassword): Text 'QATest!2' is set on object 'Object Repository/FIM/Password_txt'

21-10-2025T21:26:52 - [MESSAGE][PASSED] - Text 'QATest!2' is set on object 'Object Repository/FIM/Password_txt'

21-10-2025T21:26:52 - [TEST_STEP][PASSED] - delay(1): Delayed 1 second(s)

21-10-2025T21:26:53 - [MESSAGE][PASSED] - Delayed 1 second(s)

21-10-2025T21:26:53 - [TEST_STEP][PASSED] - click(findTestObject("FIM/Login_btn")): Object: 'Object Repository/FIM/Login_btn' is clicked on

21-10-2025T21:26:54 - [MESSAGE][PASSED] - Object: 'Object Repository/FIM/Login_btn' is clicked on

21-10-2025T21:26:54 - [MESSAGE][PASSED] - Call Test Case 'Test Cases/Utility Scripts/FIM KGL Admin Login' successfully

21-10-2025T21:26:54 - [TEST_STEP][PASSED] - if (verifyElementVisible(findTestObject("FIM/Server_Notification_Close_btn"), OPTIONAL) == true): Web element with id: 'Object Repository/FIM/Server_Notification_Close_btn' located by '/html/body/div/div[1]/button' not found (Root cause: com.kms.katalon.core.exception.StepFailedException: Web element with id: 'Object Repository/FIM/Server_Notification_Close_btn' located by '/html/body/div/div[1]/button' not found
	at com.kms.katalon.core.webui.keyword.internal.WebUIKeywordMain.stepFailed(WebUIKeywordMain.groovy:117)
	at com.kms.katalon.core.webui.keyword.builtin.VerifyElementVisibleKeyword$_verifyElementVisible_closure1.doCall(VerifyElementVisibleKeyword.groovy:89)
	at com.kms.katalon.core.webui.keyword.builtin.VerifyElementVisibleKeyword$_verifyElementVisible_closure1.call(VerifyElementVisibleKeyword.groovy)
	at com.kms.katalon.core.webui.keyword.internal.WebUIKeywordMain.runKeyword(WebUIKeywordMain.groovy:35)
	at com.kms.katalon.core.webui.keyword.builtin.VerifyElementVisibleKeyword.verifyElementVisible(VerifyElementVisibleKeyword.groovy:97)
	at com.kms.katalon.core.webui.keyword.builtin.VerifyElementVisibleKeyword.execute(VerifyElementVisibleKeyword.groovy:67)
	at com.kms.katalon.core.keyword.internal.KeywordExecutor.executeKeywordForPlatform(KeywordExecutor.groovy:74)
	at com.kms.katalon.core.webui.keyword.WebUiBuiltInKeywords.verifyElementVisible(WebUiBuiltInKeywords.groovy:401)
	at com.kms.katalon.core.webui.keyword.WebUiBuiltInKeywords$verifyElementVisible$5.call(Unknown Source)
	at Cannot Save Tank When Safe Fill Value is Greater Than Tank Size Value.run(Cannot Save Tank When Safe Fill Value is Greater Than Tank Size Value:22)
	at com.kms.katalon.core.main.ScriptEngine.run(ScriptEngine.java:194)
	at com.kms.katalon.core.main.ScriptEngine.runScriptAsRawText(ScriptEngine.java:119)
	at com.kms.katalon.core.main.TestCaseExecutor.runScript(TestCaseExecutor.java:448)
	at com.kms.katalon.core.main.TestCaseExecutor.doExecute(TestCaseExecutor.java:439)
	at com.kms.katalon.core.main.TestCaseExecutor.processExecutionPhase(TestCaseExecutor.java:418)
	at com.kms.katalon.core.main.TestCaseExecutor.accessMainPhase(TestCaseExecutor.java:410)
	at com.kms.katalon.core.main.TestCaseExecutor.execute(TestCaseExecutor.java:285)
	at com.kms.katalon.core.common.CommonExecutor.accessTestCaseMainPhase(CommonExecutor.java:65)
	at com.kms.katalon.core.main.TestSuiteExecutor.accessTestSuiteMainPhase(TestSuiteExecutor.java:150)
	at com.kms.katalon.core.main.TestSuiteExecutor.execute(TestSuiteExecutor.java:106)
	at com.kms.katalon.core.main.TestCaseMain.startTestSuite(TestCaseMain.java:180)
	at com.kms.katalon.core.main.TestCaseMain$startTestSuite$0.call(Unknown Source)
	at TempTestSuite1761090786896.run(TempTestSuite1761090786896.groovy:35)
	at java.base/jdk.internal.reflect.NativeMethodAccessorImpl.invoke0(Native Method)
	at java.base/jdk.internal.reflect.NativeMethodAccessorImpl.invoke(NativeMethodAccessorImpl.java:77)
	at java.base/jdk.internal.reflect.DelegatingMethodAccessorImpl.invoke(DelegatingMethodAccessorImpl.java:43)
)

21-10-2025T21:27:10 - [MESSAGE][INFO] - Unable to find the element located by 'By.xpath: /html/body/div/div[1]/button'. Please recheck the objects properties to make sure the desired element is located. 

21-10-2025T21:27:10 - [MESSAGE][WARNING] - [SELF-HEALING] Failed to find element with id 'Object Repository/FIM/Server_Notification_Close_btn'. Try using Self-healing.

21-10-2025T21:27:11 - [MESSAGE][INFO] - [SELF-HEALING] No working XPath is found.

21-10-2025T21:27:13 - [MESSAGE][INFO] - Unable to find the element located by 'By.xpath: '. Please recheck the objects properties to make sure the desired element is located. 

21-10-2025T21:27:13 - [MESSAGE][WARNING] - [SELF-HEALING] Cannot find elements when the selector is null

21-10-2025T21:27:13 - [MESSAGE][WARNING] - Web element with id: 'Object Repository/FIM/Server_Notification_Close_btn' located by '/html/body/div/div[1]/button' not found (Root cause: com.kms.katalon.core.exception.StepFailedException: Web element with id: 'Object Repository/FIM/Server_Notification_Close_btn' located by '/html/body/div/div[1]/button' not found
	at com.kms.katalon.core.webui.keyword.internal.WebUIKeywordMain.stepFailed(WebUIKeywordMain.groovy:117)
	at com.kms.katalon.core.webui.keyword.builtin.VerifyElementVisibleKeyword$_verifyElementVisible_closure1.doCall(VerifyElementVisibleKeyword.groovy:89)
	at com.kms.katalon.core.webui.keyword.builtin.VerifyElementVisibleKeyword$_verifyElementVisible_closure1.call(VerifyElementVisibleKeyword.groovy)
	at com.kms.katalon.core.webui.keyword.internal.WebUIKeywordMain.runKeyword(WebUIKeywordMain.groovy:35)
	at com.kms.katalon.core.webui.keyword.builtin.VerifyElementVisibleKeyword.verifyElementVisible(VerifyElementVisibleKeyword.groovy:97)
	at com.kms.katalon.core.webui.keyword.builtin.VerifyElementVisibleKeyword.execute(VerifyElementVisibleKeyword.groovy:67)
	at com.kms.katalon.core.keyword.internal.KeywordExecutor.executeKeywordForPlatform(KeywordExecutor.groovy:74)
	at com.kms.katalon.core.webui.keyword.WebUiBuiltInKeywords.verifyElementVisible(WebUiBuiltInKeywords.groovy:401)
	at com.kms.katalon.core.webui.keyword.WebUiBuiltInKeywords$verifyElementVisible$5.call(Unknown Source)
	at Cannot Save Tank When Safe Fill Value is Greater Than Tank Size Value.run(Cannot Save Tank When Safe Fill Value is Greater Than Tank Size Value:22)
	at com.kms.katalon.core.main.ScriptEngine.run(ScriptEngine.java:194)
	at com.kms.katalon.core.main.ScriptEngine.runScriptAsRawText(ScriptEngine.java:119)
	at com.kms.katalon.core.main.TestCaseExecutor.runScript(TestCaseExecutor.java:448)
	at com.kms.katalon.core.main.TestCaseExecutor.doExecute(TestCaseExecutor.java:439)
	at com.kms.katalon.core.main.TestCaseExecutor.processExecutionPhase(TestCaseExecutor.java:418)
	at com.kms.katalon.core.main.TestCaseExecutor.accessMainPhase(TestCaseExecutor.java:410)
	at com.kms.katalon.core.main.TestCaseExecutor.execute(TestCaseExecutor.java:285)
	at com.kms.katalon.core.common.CommonExecutor.accessTestCaseMainPhase(CommonExecutor.java:65)
	at com.kms.katalon.core.main.TestSuiteExecutor.accessTestSuiteMainPhase(TestSuiteExecutor.java:150)
	at com.kms.katalon.core.main.TestSuiteExecutor.execute(TestSuiteExecutor.java:106)
	at com.kms.katalon.core.main.TestCaseMain.startTestSuite(TestCaseMain.java:180)
	at com.kms.katalon.core.main.TestCaseMain$startTestSuite$0.call(Unknown Source)
	at TempTestSuite1761090786896.run(TempTestSuite1761090786896.groovy:35)
	at java.base/jdk.internal.reflect.NativeMethodAccessorImpl.invoke0(Native Method)
	at java.base/jdk.internal.reflect.NativeMethodAccessorImpl.invoke(NativeMethodAccessorImpl.java:77)
	at java.base/jdk.internal.reflect.DelegatingMethodAccessorImpl.invoke(DelegatingMethodAccessorImpl.java:43)
)

21-10-2025T21:27:13 - [TEST_STEP][PASSED] - click(findTestObject("FIM/Hamburger Menu List/Hamburger_menu")): Object: 'Object Repository/FIM/Hamburger Menu List/Hamburger_menu' is clicked on

21-10-2025T21:27:13 - [MESSAGE][PASSED] - Object: 'Object Repository/FIM/Hamburger Menu List/Hamburger_menu' is clicked on

21-10-2025T21:27:13 - [TEST_STEP][PASSED] - delay(2): Delayed 2 second(s)

21-10-2025T21:27:15 - [MESSAGE][PASSED] - Delayed 2 second(s)

21-10-2025T21:27:15 - [TEST_STEP][PASSED] - click(findTestObject("FIM/Hamburger Menu List/KGL_Sites_option")): Object: 'Object Repository/FIM/Hamburger Menu List/KGL_Sites_option' is clicked on

21-10-2025T21:27:15 - [MESSAGE][PASSED] - Object: 'Object Repository/FIM/Hamburger Menu List/KGL_Sites_option' is clicked on

21-10-2025T21:27:15 - [TEST_STEP][PASSED] - if (verifyElementVisible(findTestObject("FIM/Existing Page with Pending Changes Close_btn"), OPTIONAL) == true): Web element with id: 'Object Repository/FIM/Existing Page with Pending Changes Close_btn' located by '/html/body/div[2]/div[1]/div/div/footer/div/button' not found (Root cause: com.kms.katalon.core.exception.StepFailedException: Web element with id: 'Object Repository/FIM/Existing Page with Pending Changes Close_btn' located by '/html/body/div[2]/div[1]/div/div/footer/div/button' not found
	at com.kms.katalon.core.webui.keyword.internal.WebUIKeywordMain.stepFailed(WebUIKeywordMain.groovy:117)
	at com.kms.katalon.core.webui.keyword.builtin.VerifyElementVisibleKeyword$_verifyElementVisible_closure1.doCall(VerifyElementVisibleKeyword.groovy:89)
	at com.kms.katalon.core.webui.keyword.builtin.VerifyElementVisibleKeyword$_verifyElementVisible_closure1.call(VerifyElementVisibleKeyword.groovy)
	at com.kms.katalon.core.webui.keyword.internal.WebUIKeywordMain.runKeyword(WebUIKeywordMain.groovy:35)
	at com.kms.katalon.core.webui.keyword.builtin.VerifyElementVisibleKeyword.verifyElementVisible(VerifyElementVisibleKeyword.groovy:97)
	at com.kms.katalon.core.webui.keyword.builtin.VerifyElementVisibleKeyword.execute(VerifyElementVisibleKeyword.groovy:67)
	at com.kms.katalon.core.keyword.internal.KeywordExecutor.executeKeywordForPlatform(KeywordExecutor.groovy:74)
	at com.kms.katalon.core.webui.keyword.WebUiBuiltInKeywords.verifyElementVisible(WebUiBuiltInKeywords.groovy:401)
	at com.kms.katalon.core.webui.keyword.WebUiBuiltInKeywords$verifyElementVisible$5.call(Unknown Source)
	at Cannot Save Tank When Safe Fill Value is Greater Than Tank Size Value.run(Cannot Save Tank When Safe Fill Value is Greater Than Tank Size Value:33)
	at com.kms.katalon.core.main.ScriptEngine.run(ScriptEngine.java:194)
	at com.kms.katalon.core.main.ScriptEngine.runScriptAsRawText(ScriptEngine.java:119)
	at com.kms.katalon.core.main.TestCaseExecutor.runScript(TestCaseExecutor.java:448)
	at com.kms.katalon.core.main.TestCaseExecutor.doExecute(TestCaseExecutor.java:439)
	at com.kms.katalon.core.main.TestCaseExecutor.processExecutionPhase(TestCaseExecutor.java:418)
	at com.kms.katalon.core.main.TestCaseExecutor.accessMainPhase(TestCaseExecutor.java:410)
	at com.kms.katalon.core.main.TestCaseExecutor.execute(TestCaseExecutor.java:285)
	at com.kms.katalon.core.common.CommonExecutor.accessTestCaseMainPhase(CommonExecutor.java:65)
	at com.kms.katalon.core.main.TestSuiteExecutor.accessTestSuiteMainPhase(TestSuiteExecutor.java:150)
	at com.kms.katalon.core.main.TestSuiteExecutor.execute(TestSuiteExecutor.java:106)
	at com.kms.katalon.core.main.TestCaseMain.startTestSuite(TestCaseMain.java:180)
	at com.kms.katalon.core.main.TestCaseMain$startTestSuite$0.call(Unknown Source)
	at TempTestSuite1761090786896.run(TempTestSuite1761090786896.groovy:35)
	at java.base/jdk.internal.reflect.NativeMethodAccessorImpl.invoke0(Native Method)
	at java.base/jdk.internal.reflect.NativeMethodAccessorImpl.invoke(NativeMethodAccessorImpl.java:77)
	at java.base/jdk.internal.reflect.DelegatingMethodAccessorImpl.invoke(DelegatingMethodAccessorImpl.java:43)
)

21-10-2025T21:27:31 - [MESSAGE][INFO] - Unable to find the element located by 'By.xpath: /html/body/div[2]/div[1]/div/div/footer/div/button'. Please recheck the objects properties to make sure the desired element is located. 

21-10-2025T21:27:31 - [MESSAGE][WARNING] - [SELF-HEALING] Failed to find element with id 'Object Repository/FIM/Existing Page with Pending Changes Close_btn'. Try using Self-healing.

21-10-2025T21:27:32 - [MESSAGE][INFO] - [SELF-HEALING] No working XPath is found.

21-10-2025T21:27:34 - [MESSAGE][INFO] - Unable to find the element located by 'By.xpath: '. Please recheck the objects properties to make sure the desired element is located. 

21-10-2025T21:27:34 - [MESSAGE][WARNING] - [SELF-HEALING] Cannot find elements when the selector is null

21-10-2025T21:27:34 - [MESSAGE][WARNING] - Web element with id: 'Object Repository/FIM/Existing Page with Pending Changes Close_btn' located by '/html/body/div[2]/div[1]/div/div/footer/div/button' not found (Root cause: com.kms.katalon.core.exception.StepFailedException: Web element with id: 'Object Repository/FIM/Existing Page with Pending Changes Close_btn' located by '/html/body/div[2]/div[1]/div/div/footer/div/button' not found
	at com.kms.katalon.core.webui.keyword.internal.WebUIKeywordMain.stepFailed(WebUIKeywordMain.groovy:117)
	at com.kms.katalon.core.webui.keyword.builtin.VerifyElementVisibleKeyword$_verifyElementVisible_closure1.doCall(VerifyElementVisibleKeyword.groovy:89)
	at com.kms.katalon.core.webui.keyword.builtin.VerifyElementVisibleKeyword$_verifyElementVisible_closure1.call(VerifyElementVisibleKeyword.groovy)
	at com.kms.katalon.core.webui.keyword.internal.WebUIKeywordMain.runKeyword(WebUIKeywordMain.groovy:35)
	at com.kms.katalon.core.webui.keyword.builtin.VerifyElementVisibleKeyword.verifyElementVisible(VerifyElementVisibleKeyword.groovy:97)
	at com.kms.katalon.core.webui.keyword.builtin.VerifyElementVisibleKeyword.execute(VerifyElementVisibleKeyword.groovy:67)
	at com.kms.katalon.core.keyword.internal.KeywordExecutor.executeKeywordForPlatform(KeywordExecutor.groovy:74)
	at com.kms.katalon.core.webui.keyword.WebUiBuiltInKeywords.verifyElementVisible(WebUiBuiltInKeywords.groovy:401)
	at com.kms.katalon.core.webui.keyword.WebUiBuiltInKeywords$verifyElementVisible$5.call(Unknown Source)
	at Cannot Save Tank When Safe Fill Value is Greater Than Tank Size Value.run(Cannot Save Tank When Safe Fill Value is Greater Than Tank Size Value:33)
	at com.kms.katalon.core.main.ScriptEngine.run(ScriptEngine.java:194)
	at com.kms.katalon.core.main.ScriptEngine.runScriptAsRawText(ScriptEngine.java:119)
	at com.kms.katalon.core.main.TestCaseExecutor.runScript(TestCaseExecutor.java:448)
	at com.kms.katalon.core.main.TestCaseExecutor.doExecute(TestCaseExecutor.java:439)
	at com.kms.katalon.core.main.TestCaseExecutor.processExecutionPhase(TestCaseExecutor.java:418)
	at com.kms.katalon.core.main.TestCaseExecutor.accessMainPhase(TestCaseExecutor.java:410)
	at com.kms.katalon.core.main.TestCaseExecutor.execute(TestCaseExecutor.java:285)
	at com.kms.katalon.core.common.CommonExecutor.accessTestCaseMainPhase(CommonExecutor.java:65)
	at com.kms.katalon.core.main.TestSuiteExecutor.accessTestSuiteMainPhase(TestSuiteExecutor.java:150)
	at com.kms.katalon.core.main.TestSuiteExecutor.execute(TestSuiteExecutor.java:106)
	at com.kms.katalon.core.main.TestCaseMain.startTestSuite(TestCaseMain.java:180)
	at com.kms.katalon.core.main.TestCaseMain$startTestSuite$0.call(Unknown Source)
	at TempTestSuite1761090786896.run(TempTestSuite1761090786896.groovy:35)
	at java.base/jdk.internal.reflect.NativeMethodAccessorImpl.invoke0(Native Method)
	at java.base/jdk.internal.reflect.NativeMethodAccessorImpl.invoke(NativeMethodAccessorImpl.java:77)
	at java.base/jdk.internal.reflect.DelegatingMethodAccessorImpl.invoke(DelegatingMethodAccessorImpl.java:43)
)

21-10-2025T21:27:34 - [TEST_STEP][PASSED] - delay(1): Delayed 1 second(s)

21-10-2025T21:27:35 - [MESSAGE][PASSED] - Delayed 1 second(s)

21-10-2025T21:27:35 - [TEST_STEP][PASSED] - waitForElementClickable(findTestObject("FIM/Sites Page/Site Filtering/Site_txt"), 15): Object 'Object Repository/FIM/Sites Page/Site Filtering/Site_txt' is clickable

21-10-2025T21:27:35 - [MESSAGE][PASSED] - Object 'Object Repository/FIM/Sites Page/Site Filtering/Site_txt' is clickable

21-10-2025T21:27:35 - [TEST_STEP][PASSED] - verifyElementVisible(findTestObject("FIM/Sites Page/Tank/New Tank_btn")): Object 'Object Repository/FIM/Sites Page/Tank/New Tank_btn' is visible

21-10-2025T21:27:35 - [MESSAGE][PASSED] - Object 'Object Repository/FIM/Sites Page/Tank/New Tank_btn' is visible

21-10-2025T21:27:35 - [TEST_STEP][PASSED] - click(findTestObject("FIM/Sites Page/Tank/New Tank_btn")): Object: 'Object Repository/FIM/Sites Page/Tank/New Tank_btn' is clicked on

21-10-2025T21:27:35 - [MESSAGE][PASSED] - Object: 'Object Repository/FIM/Sites Page/Tank/New Tank_btn' is clicked on

21-10-2025T21:27:35 - [TEST_STEP][PASSED] - delay(2): Delayed 2 second(s)

21-10-2025T21:27:37 - [MESSAGE][PASSED] - Delayed 2 second(s)

21-10-2025T21:27:37 - [TEST_STEP][PASSED] - sendKeys(findTestObject("FIM/Sites Page/Tank/Tank Number_txt"), "2"): Keys '2' sent to object: 'Object Repository/FIM/Sites Page/Tank/Tank Number_txt'

21-10-2025T21:27:37 - [MESSAGE][PASSED] - Keys '2' sent to object: 'Object Repository/FIM/Sites Page/Tank/Tank Number_txt'

21-10-2025T21:27:37 - [TEST_STEP][PASSED] - delay(1): Delayed 1 second(s)

21-10-2025T21:27:38 - [MESSAGE][PASSED] - Delayed 1 second(s)

21-10-2025T21:27:38 - [TEST_STEP][PASSED] - selectOptionByLabel(findTestObject("FIM/Sites Page/Tank/Commodity_dropdown"), "PREMIUM", false): All options with label 'PREMIUM' are selected in object 'Object Repository/FIM/Sites Page/Tank/Commodity_dropdown' 

21-10-2025T21:27:38 - [MESSAGE][PASSED] - All options with label 'PREMIUM' are selected in object 'Object Repository/FIM/Sites Page/Tank/Commodity_dropdown' 

21-10-2025T21:27:38 - [TEST_STEP][PASSED] - delay(1): Delayed 1 second(s)

21-10-2025T21:27:39 - [MESSAGE][PASSED] - Delayed 1 second(s)

21-10-2025T21:27:39 - [TEST_STEP][PASSED] - selectOptionByLabel(findTestObject("FIM/Sites Page/Tank/Commodity Code_dropdown"), "G9200000", false): All options with label 'G9200000' are selected in object 'Object Repository/FIM/Sites Page/Tank/Commodity Code_dropdown' 

21-10-2025T21:27:39 - [MESSAGE][PASSED] - All options with label 'G9200000' are selected in object 'Object Repository/FIM/Sites Page/Tank/Commodity Code_dropdown' 

21-10-2025T21:27:39 - [TEST_STEP][PASSED] - delay(1): Delayed 1 second(s)

21-10-2025T21:27:40 - [MESSAGE][PASSED] - Delayed 1 second(s)

21-10-2025T21:27:40 - [TEST_STEP][PASSED] - sendKeys(findTestObject("FIM/Sites Page/Tank/Safe Fill Quantity_txt"), "130001"): Keys '130001' sent to object: 'Object Repository/FIM/Sites Page/Tank/Safe Fill Quantity_txt'

21-10-2025T21:27:40 - [MESSAGE][PASSED] - Keys '130001' sent to object: 'Object Repository/FIM/Sites Page/Tank/Safe Fill Quantity_txt'

21-10-2025T21:27:40 - [TEST_STEP][PASSED] - delay(1): Delayed 1 second(s)

21-10-2025T21:27:41 - [MESSAGE][PASSED] - Delayed 1 second(s)

21-10-2025T21:27:41 - [TEST_STEP][PASSED] - sendKeys(findTestObject("FIM/Sites Page/Tank/Tank Size_txt"), "13000"): Keys '13000' sent to object: 'Object Repository/FIM/Sites Page/Tank/Tank Size_txt'

21-10-2025T21:27:41 - [MESSAGE][PASSED] - Keys '13000' sent to object: 'Object Repository/FIM/Sites Page/Tank/Tank Size_txt'

21-10-2025T21:27:41 - [TEST_STEP][PASSED] - delay(1): Delayed 1 second(s)

21-10-2025T21:27:42 - [MESSAGE][PASSED] - Delayed 1 second(s)

21-10-2025T21:27:42 - [TEST_STEP][PASSED] - sendKeys(findTestObject("FIM/Sites Page/Tank/Threshold_txt"), "1200"): Keys '1200' sent to object: 'Object Repository/FIM/Sites Page/Tank/Threshold_txt'

21-10-2025T21:27:43 - [MESSAGE][PASSED] - Keys '1200' sent to object: 'Object Repository/FIM/Sites Page/Tank/Threshold_txt'

21-10-2025T21:27:43 - [TEST_STEP][PASSED] - delay(1): Delayed 1 second(s)

21-10-2025T21:27:44 - [MESSAGE][PASSED] - Delayed 1 second(s)

21-10-2025T21:27:44 - [TEST_STEP][PASSED] - setText(findTestObject("FIM/Sites Page/Tank/Pump Stop_txt"), "1150"): Text '1150' is set on object 'Object Repository/FIM/Sites Page/Tank/Pump Stop_txt'

21-10-2025T21:27:44 - [MESSAGE][PASSED] - Text '1150' is set on object 'Object Repository/FIM/Sites Page/Tank/Pump Stop_txt'

21-10-2025T21:27:44 - [TEST_STEP][PASSED] - delay(1): Delayed 1 second(s)

21-10-2025T21:27:45 - [MESSAGE][PASSED] - Delayed 1 second(s)

21-10-2025T21:27:45 - [TEST_STEP][PASSED] - verifyTextPresent("Safe fill quality must be less than tank size", false): Text 'Safe fill quality must be less than tank size' is present on page 

21-10-2025T21:27:45 - [MESSAGE][PASSED] - Text 'Safe fill quality must be less than tank size' is present on page 

21-10-2025T21:27:45 - [TEST_STEP][PASSED] - delay(1): Delayed 1 second(s)

21-10-2025T21:27:46 - [MESSAGE][PASSED] - Delayed 1 second(s)

21-10-2025T21:27:46 - [TEST_STEP][PASSED] - click(findTestObject("FIM/Sites Page/Tank/Tank Save_btn")): Object: 'Object Repository/FIM/Sites Page/Tank/Tank Save_btn' is clicked on

21-10-2025T21:27:46 - [MESSAGE][PASSED] - Object: 'Object Repository/FIM/Sites Page/Tank/Tank Save_btn' is clicked on

21-10-2025T21:27:46 - [TEST_STEP][PASSED] - verifyElementNotPresent(findTestObject("FIM/Sites Page/Tank/Tank Message"), 10): Web element with id: 'Object Repository/FIM/Sites Page/Tank/Tank Message' located by 'By.xpath: /html/body/div[2]/div/div/div/div/div' is not present after '10' second(s)

21-10-2025T21:27:46 - [MESSAGE][PASSED] - Web element with id: 'Object Repository/FIM/Sites Page/Tank/Tank Message' located by 'By.xpath: /html/body/div[2]/div/div/div/div/div' is not present after '10' second(s)

21-10-2025T21:27:46 - [TEST_STEP][PASSED] - closeBrowser(): Browser is closed

21-10-2025T21:27:46 - [MESSAGE][PASSED] - Browser is closed

21-10-2025T21:27:46 - [TEST_STEP][PASSED] - Start listener action : retryOnDisconnect: null

21-10-2025T21:27:46 - [TEST_STEP][PASSED] - tcId = testCaseContext.getTestCaseId(): null

21-10-2025T21:27:46 - [TEST_STEP][PASSED] - currentRetry = retryCounts.getOrDefault(tcId, 0): null

21-10-2025T21:27:46 - [TEST_STEP][PASSED] - if (testCaseContext.getTestCaseStatus() == "FAILED" && currentRetry < MAX_RETRIES): null]]></system-out>
         <system-err><![CDATA[]]></system-err>
      </testcase>
      <testcase name="Test Cases/FIM/UI/KGL/Admin/Sites Page/Tank/Cannot Save Tank When Tank Number is Missing" time="67.172" classname="Test Cases/FIM/UI/KGL/Admin/Sites Page/Tank/Cannot Save Tank When Tank Number is Missing" status="PASSED">
         <system-out><![CDATA[21-10-2025T21:27:46 - [TEST_CASE][PASSED] - Test Cases/FIM/UI/KGL/Admin/Sites Page/Tank/Cannot Save Tank When Tank Number is Missing: Test Cases/FIM/UI/KGL/Admin/Sites Page/Tank/Cannot Save Tank When Tank Number is Missing

21-10-2025T21:27:46 - [TEST_STEP][PASSED] - Start listener action : beforeTestCase: null

21-10-2025T21:27:46 - [TEST_STEP][PASSED] - addDefaultPackages(): null

21-10-2025T21:27:46 - [TEST_STEP][PASSED] - callTestCase(findTestCase("Utility Scripts/FIM KGL Admin Login"), [:], STOP_ON_FAILURE): Call Test Case 'Test Cases/Utility Scripts/FIM KGL Admin Login' successfully

21-10-2025T21:27:46 - [TEST_CASE][PASSED] - Test Cases/Utility Scripts/FIM KGL Admin Login: Test Cases/Utility Scripts/FIM KGL Admin Login

21-10-2025T21:27:46 - [TEST_STEP][PASSED] - openBrowser(""): Browser is opened with url: ''

21-10-2025T21:27:46 - [MESSAGE][INFO] - Starting 'Chrome' driver

21-10-2025T21:27:46 - [MESSAGE][INFO] - User set preference: ['args', '[--no-sandbox, --disable-gpu, --disable-dev-shm-usage]']

21-10-2025T21:27:46 - [MESSAGE][INFO] - Action delay is set to 0 milliseconds

21-10-2025T21:27:47 - [MESSAGE][PASSED] - Browser is opened with url: ''

21-10-2025T21:27:47 - [TEST_STEP][PASSED] - delay(1): Delayed 1 second(s)

21-10-2025T21:27:48 - [MESSAGE][PASSED] - Delayed 1 second(s)

21-10-2025T21:27:48 - [TEST_STEP][PASSED] - navigateToUrl(KGLCustomGroupUrl): Navigate to 'https://kaglogistics-inventory-management-portal.qa.thekag.com/custom-group/' successfully

21-10-2025T21:27:48 - [MESSAGE][PASSED] - Navigate to 'https://kaglogistics-inventory-management-portal.qa.thekag.com/custom-group/' successfully

21-10-2025T21:27:48 - [TEST_STEP][PASSED] - delay(10): Delayed 10 second(s)

21-10-2025T21:27:58 - [MESSAGE][PASSED] - Delayed 10 second(s)

21-10-2025T21:27:58 - [TEST_STEP][PASSED] - if (maximizeWindow == true): Delayed 1 second(s)

21-10-2025T21:27:58 - [TEST_STEP][PASSED] - maximizeWindow(STOP_ON_FAILURE): Current window maximized

21-10-2025T21:27:58 - [MESSAGE][PASSED] - Current window maximized

21-10-2025T21:27:58 - [TEST_STEP][PASSED] - delay(1): Delayed 1 second(s)

21-10-2025T21:27:59 - [MESSAGE][PASSED] - Delayed 1 second(s)

21-10-2025T21:27:59 - [TEST_STEP][PASSED] - waitForElementPresent(findTestObject("FIM/Username_txt"), 10): Object 'Object Repository/FIM/Username_txt' is present

21-10-2025T21:27:59 - [MESSAGE][PASSED] - Object 'Object Repository/FIM/Username_txt' is present

21-10-2025T21:27:59 - [TEST_STEP][PASSED] - setText(findTestObject("FIM/Username_txt"), FIMUsername): Text 'Chris.Sheldon+DES_QA@Thekag.com' is set on object 'Object Repository/FIM/Username_txt'

21-10-2025T21:28:00 - [MESSAGE][PASSED] - Text 'Chris.Sheldon+DES_QA@Thekag.com' is set on object 'Object Repository/FIM/Username_txt'

21-10-2025T21:28:00 - [TEST_STEP][PASSED] - delay(1): Delayed 1 second(s)

21-10-2025T21:28:01 - [MESSAGE][PASSED] - Delayed 1 second(s)

21-10-2025T21:28:01 - [TEST_STEP][PASSED] - setText(findTestObject("FIM/Password_txt"), FIMPassword): Text 'QATest!2' is set on object 'Object Repository/FIM/Password_txt'

21-10-2025T21:28:01 - [MESSAGE][PASSED] - Text 'QATest!2' is set on object 'Object Repository/FIM/Password_txt'

21-10-2025T21:28:01 - [TEST_STEP][PASSED] - delay(1): Delayed 1 second(s)

21-10-2025T21:28:02 - [MESSAGE][PASSED] - Delayed 1 second(s)

21-10-2025T21:28:02 - [TEST_STEP][PASSED] - click(findTestObject("FIM/Login_btn")): Object: 'Object Repository/FIM/Login_btn' is clicked on

21-10-2025T21:28:02 - [MESSAGE][PASSED] - Object: 'Object Repository/FIM/Login_btn' is clicked on

21-10-2025T21:28:02 - [MESSAGE][PASSED] - Call Test Case 'Test Cases/Utility Scripts/FIM KGL Admin Login' successfully

21-10-2025T21:28:02 - [TEST_STEP][PASSED] - if (verifyElementVisible(findTestObject("FIM/Server_Notification_Close_btn"), OPTIONAL) == true): Web element with id: 'Object Repository/FIM/Server_Notification_Close_btn' located by '/html/body/div/div[1]/button' not found (Root cause: com.kms.katalon.core.exception.StepFailedException: Web element with id: 'Object Repository/FIM/Server_Notification_Close_btn' located by '/html/body/div/div[1]/button' not found
	at com.kms.katalon.core.webui.keyword.internal.WebUIKeywordMain.stepFailed(WebUIKeywordMain.groovy:117)
	at com.kms.katalon.core.webui.keyword.builtin.VerifyElementVisibleKeyword$_verifyElementVisible_closure1.doCall(VerifyElementVisibleKeyword.groovy:89)
	at com.kms.katalon.core.webui.keyword.builtin.VerifyElementVisibleKeyword$_verifyElementVisible_closure1.call(VerifyElementVisibleKeyword.groovy)
	at com.kms.katalon.core.webui.keyword.internal.WebUIKeywordMain.runKeyword(WebUIKeywordMain.groovy:35)
	at com.kms.katalon.core.webui.keyword.builtin.VerifyElementVisibleKeyword.verifyElementVisible(VerifyElementVisibleKeyword.groovy:97)
	at com.kms.katalon.core.webui.keyword.builtin.VerifyElementVisibleKeyword.execute(VerifyElementVisibleKeyword.groovy:67)
	at com.kms.katalon.core.keyword.internal.KeywordExecutor.executeKeywordForPlatform(KeywordExecutor.groovy:74)
	at com.kms.katalon.core.webui.keyword.WebUiBuiltInKeywords.verifyElementVisible(WebUiBuiltInKeywords.groovy:401)
	at com.kms.katalon.core.webui.keyword.WebUiBuiltInKeywords$verifyElementVisible$5.call(Unknown Source)
	at Cannot Save Tank When Tank Number is Missing.run(Cannot Save Tank When Tank Number is Missing:22)
	at com.kms.katalon.core.main.ScriptEngine.run(ScriptEngine.java:194)
	at com.kms.katalon.core.main.ScriptEngine.runScriptAsRawText(ScriptEngine.java:119)
	at com.kms.katalon.core.main.TestCaseExecutor.runScript(TestCaseExecutor.java:448)
	at com.kms.katalon.core.main.TestCaseExecutor.doExecute(TestCaseExecutor.java:439)
	at com.kms.katalon.core.main.TestCaseExecutor.processExecutionPhase(TestCaseExecutor.java:418)
	at com.kms.katalon.core.main.TestCaseExecutor.accessMainPhase(TestCaseExecutor.java:410)
	at com.kms.katalon.core.main.TestCaseExecutor.execute(TestCaseExecutor.java:285)
	at com.kms.katalon.core.common.CommonExecutor.accessTestCaseMainPhase(CommonExecutor.java:65)
	at com.kms.katalon.core.main.TestSuiteExecutor.accessTestSuiteMainPhase(TestSuiteExecutor.java:150)
	at com.kms.katalon.core.main.TestSuiteExecutor.execute(TestSuiteExecutor.java:106)
	at com.kms.katalon.core.main.TestCaseMain.startTestSuite(TestCaseMain.java:180)
	at com.kms.katalon.core.main.TestCaseMain$startTestSuite$0.call(Unknown Source)
	at TempTestSuite1761090786896.run(TempTestSuite1761090786896.groovy:35)
	at java.base/jdk.internal.reflect.NativeMethodAccessorImpl.invoke0(Native Method)
	at java.base/jdk.internal.reflect.NativeMethodAccessorImpl.invoke(NativeMethodAccessorImpl.java:77)
	at java.base/jdk.internal.reflect.DelegatingMethodAccessorImpl.invoke(DelegatingMethodAccessorImpl.java:43)
)

21-10-2025T21:28:18 - [MESSAGE][INFO] - Unable to find the element located by 'By.xpath: /html/body/div/div[1]/button'. Please recheck the objects properties to make sure the desired element is located. 

21-10-2025T21:28:18 - [MESSAGE][WARNING] - [SELF-HEALING] Failed to find element with id 'Object Repository/FIM/Server_Notification_Close_btn'. Try using Self-healing.

21-10-2025T21:28:19 - [MESSAGE][INFO] - [SELF-HEALING] No working XPath is found.

21-10-2025T21:28:21 - [MESSAGE][INFO] - Unable to find the element located by 'By.xpath: '. Please recheck the objects properties to make sure the desired element is located. 

21-10-2025T21:28:21 - [MESSAGE][WARNING] - [SELF-HEALING] Cannot find elements when the selector is null

21-10-2025T21:28:21 - [MESSAGE][WARNING] - Web element with id: 'Object Repository/FIM/Server_Notification_Close_btn' located by '/html/body/div/div[1]/button' not found (Root cause: com.kms.katalon.core.exception.StepFailedException: Web element with id: 'Object Repository/FIM/Server_Notification_Close_btn' located by '/html/body/div/div[1]/button' not found
	at com.kms.katalon.core.webui.keyword.internal.WebUIKeywordMain.stepFailed(WebUIKeywordMain.groovy:117)
	at com.kms.katalon.core.webui.keyword.builtin.VerifyElementVisibleKeyword$_verifyElementVisible_closure1.doCall(VerifyElementVisibleKeyword.groovy:89)
	at com.kms.katalon.core.webui.keyword.builtin.VerifyElementVisibleKeyword$_verifyElementVisible_closure1.call(VerifyElementVisibleKeyword.groovy)
	at com.kms.katalon.core.webui.keyword.internal.WebUIKeywordMain.runKeyword(WebUIKeywordMain.groovy:35)
	at com.kms.katalon.core.webui.keyword.builtin.VerifyElementVisibleKeyword.verifyElementVisible(VerifyElementVisibleKeyword.groovy:97)
	at com.kms.katalon.core.webui.keyword.builtin.VerifyElementVisibleKeyword.execute(VerifyElementVisibleKeyword.groovy:67)
	at com.kms.katalon.core.keyword.internal.KeywordExecutor.executeKeywordForPlatform(KeywordExecutor.groovy:74)
	at com.kms.katalon.core.webui.keyword.WebUiBuiltInKeywords.verifyElementVisible(WebUiBuiltInKeywords.groovy:401)
	at com.kms.katalon.core.webui.keyword.WebUiBuiltInKeywords$verifyElementVisible$5.call(Unknown Source)
	at Cannot Save Tank When Tank Number is Missing.run(Cannot Save Tank When Tank Number is Missing:22)
	at com.kms.katalon.core.main.ScriptEngine.run(ScriptEngine.java:194)
	at com.kms.katalon.core.main.ScriptEngine.runScriptAsRawText(ScriptEngine.java:119)
	at com.kms.katalon.core.main.TestCaseExecutor.runScript(TestCaseExecutor.java:448)
	at com.kms.katalon.core.main.TestCaseExecutor.doExecute(TestCaseExecutor.java:439)
	at com.kms.katalon.core.main.TestCaseExecutor.processExecutionPhase(TestCaseExecutor.java:418)
	at com.kms.katalon.core.main.TestCaseExecutor.accessMainPhase(TestCaseExecutor.java:410)
	at com.kms.katalon.core.main.TestCaseExecutor.execute(TestCaseExecutor.java:285)
	at com.kms.katalon.core.common.CommonExecutor.accessTestCaseMainPhase(CommonExecutor.java:65)
	at com.kms.katalon.core.main.TestSuiteExecutor.accessTestSuiteMainPhase(TestSuiteExecutor.java:150)
	at com.kms.katalon.core.main.TestSuiteExecutor.execute(TestSuiteExecutor.java:106)
	at com.kms.katalon.core.main.TestCaseMain.startTestSuite(TestCaseMain.java:180)
	at com.kms.katalon.core.main.TestCaseMain$startTestSuite$0.call(Unknown Source)
	at TempTestSuite1761090786896.run(TempTestSuite1761090786896.groovy:35)
	at java.base/jdk.internal.reflect.NativeMethodAccessorImpl.invoke0(Native Method)
	at java.base/jdk.internal.reflect.NativeMethodAccessorImpl.invoke(NativeMethodAccessorImpl.java:77)
	at java.base/jdk.internal.reflect.DelegatingMethodAccessorImpl.invoke(DelegatingMethodAccessorImpl.java:43)
)

21-10-2025T21:28:21 - [TEST_STEP][PASSED] - click(findTestObject("FIM/Hamburger Menu List/Hamburger_menu")): Object: 'Object Repository/FIM/Hamburger Menu List/Hamburger_menu' is clicked on

21-10-2025T21:28:21 - [MESSAGE][PASSED] - Object: 'Object Repository/FIM/Hamburger Menu List/Hamburger_menu' is clicked on

21-10-2025T21:28:21 - [TEST_STEP][PASSED] - delay(2): Delayed 2 second(s)

21-10-2025T21:28:23 - [MESSAGE][PASSED] - Delayed 2 second(s)

21-10-2025T21:28:23 - [TEST_STEP][PASSED] - click(findTestObject("FIM/Hamburger Menu List/KGL_Sites_option")): Object: 'Object Repository/FIM/Hamburger Menu List/KGL_Sites_option' is clicked on

21-10-2025T21:28:23 - [MESSAGE][PASSED] - Object: 'Object Repository/FIM/Hamburger Menu List/KGL_Sites_option' is clicked on

21-10-2025T21:28:23 - [TEST_STEP][PASSED] - if (verifyElementVisible(findTestObject("FIM/Existing Page with Pending Changes Close_btn"), OPTIONAL) == true): Web element with id: 'Object Repository/FIM/Existing Page with Pending Changes Close_btn' located by '/html/body/div[2]/div[1]/div/div/footer/div/button' not found (Root cause: com.kms.katalon.core.exception.StepFailedException: Web element with id: 'Object Repository/FIM/Existing Page with Pending Changes Close_btn' located by '/html/body/div[2]/div[1]/div/div/footer/div/button' not found
	at com.kms.katalon.core.webui.keyword.internal.WebUIKeywordMain.stepFailed(WebUIKeywordMain.groovy:117)
	at com.kms.katalon.core.webui.keyword.builtin.VerifyElementVisibleKeyword$_verifyElementVisible_closure1.doCall(VerifyElementVisibleKeyword.groovy:89)
	at com.kms.katalon.core.webui.keyword.builtin.VerifyElementVisibleKeyword$_verifyElementVisible_closure1.call(VerifyElementVisibleKeyword.groovy)
	at com.kms.katalon.core.webui.keyword.internal.WebUIKeywordMain.runKeyword(WebUIKeywordMain.groovy:35)
	at com.kms.katalon.core.webui.keyword.builtin.VerifyElementVisibleKeyword.verifyElementVisible(VerifyElementVisibleKeyword.groovy:97)
	at com.kms.katalon.core.webui.keyword.builtin.VerifyElementVisibleKeyword.execute(VerifyElementVisibleKeyword.groovy:67)
	at com.kms.katalon.core.keyword.internal.KeywordExecutor.executeKeywordForPlatform(KeywordExecutor.groovy:74)
	at com.kms.katalon.core.webui.keyword.WebUiBuiltInKeywords.verifyElementVisible(WebUiBuiltInKeywords.groovy:401)
	at com.kms.katalon.core.webui.keyword.WebUiBuiltInKeywords$verifyElementVisible$5.call(Unknown Source)
	at Cannot Save Tank When Tank Number is Missing.run(Cannot Save Tank When Tank Number is Missing:33)
	at com.kms.katalon.core.main.ScriptEngine.run(ScriptEngine.java:194)
	at com.kms.katalon.core.main.ScriptEngine.runScriptAsRawText(ScriptEngine.java:119)
	at com.kms.katalon.core.main.TestCaseExecutor.runScript(TestCaseExecutor.java:448)
	at com.kms.katalon.core.main.TestCaseExecutor.doExecute(TestCaseExecutor.java:439)
	at com.kms.katalon.core.main.TestCaseExecutor.processExecutionPhase(TestCaseExecutor.java:418)
	at com.kms.katalon.core.main.TestCaseExecutor.accessMainPhase(TestCaseExecutor.java:410)
	at com.kms.katalon.core.main.TestCaseExecutor.execute(TestCaseExecutor.java:285)
	at com.kms.katalon.core.common.CommonExecutor.accessTestCaseMainPhase(CommonExecutor.java:65)
	at com.kms.katalon.core.main.TestSuiteExecutor.accessTestSuiteMainPhase(TestSuiteExecutor.java:150)
	at com.kms.katalon.core.main.TestSuiteExecutor.execute(TestSuiteExecutor.java:106)
	at com.kms.katalon.core.main.TestCaseMain.startTestSuite(TestCaseMain.java:180)
	at com.kms.katalon.core.main.TestCaseMain$startTestSuite$0.call(Unknown Source)
	at TempTestSuite1761090786896.run(TempTestSuite1761090786896.groovy:35)
	at java.base/jdk.internal.reflect.NativeMethodAccessorImpl.invoke0(Native Method)
	at java.base/jdk.internal.reflect.NativeMethodAccessorImpl.invoke(NativeMethodAccessorImpl.java:77)
	at java.base/jdk.internal.reflect.DelegatingMethodAccessorImpl.invoke(DelegatingMethodAccessorImpl.java:43)
)

21-10-2025T21:28:39 - [MESSAGE][INFO] - Unable to find the element located by 'By.xpath: /html/body/div[2]/div[1]/div/div/footer/div/button'. Please recheck the objects properties to make sure the desired element is located. 

21-10-2025T21:28:39 - [MESSAGE][WARNING] - [SELF-HEALING] Failed to find element with id 'Object Repository/FIM/Existing Page with Pending Changes Close_btn'. Try using Self-healing.

21-10-2025T21:28:40 - [MESSAGE][INFO] - [SELF-HEALING] No working XPath is found.

21-10-2025T21:28:42 - [MESSAGE][INFO] - Unable to find the element located by 'By.xpath: '. Please recheck the objects properties to make sure the desired element is located. 

21-10-2025T21:28:42 - [MESSAGE][WARNING] - [SELF-HEALING] Cannot find elements when the selector is null

21-10-2025T21:28:42 - [MESSAGE][WARNING] - Web element with id: 'Object Repository/FIM/Existing Page with Pending Changes Close_btn' located by '/html/body/div[2]/div[1]/div/div/footer/div/button' not found (Root cause: com.kms.katalon.core.exception.StepFailedException: Web element with id: 'Object Repository/FIM/Existing Page with Pending Changes Close_btn' located by '/html/body/div[2]/div[1]/div/div/footer/div/button' not found
	at com.kms.katalon.core.webui.keyword.internal.WebUIKeywordMain.stepFailed(WebUIKeywordMain.groovy:117)
	at com.kms.katalon.core.webui.keyword.builtin.VerifyElementVisibleKeyword$_verifyElementVisible_closure1.doCall(VerifyElementVisibleKeyword.groovy:89)
	at com.kms.katalon.core.webui.keyword.builtin.VerifyElementVisibleKeyword$_verifyElementVisible_closure1.call(VerifyElementVisibleKeyword.groovy)
	at com.kms.katalon.core.webui.keyword.internal.WebUIKeywordMain.runKeyword(WebUIKeywordMain.groovy:35)
	at com.kms.katalon.core.webui.keyword.builtin.VerifyElementVisibleKeyword.verifyElementVisible(VerifyElementVisibleKeyword.groovy:97)
	at com.kms.katalon.core.webui.keyword.builtin.VerifyElementVisibleKeyword.execute(VerifyElementVisibleKeyword.groovy:67)
	at com.kms.katalon.core.keyword.internal.KeywordExecutor.executeKeywordForPlatform(KeywordExecutor.groovy:74)
	at com.kms.katalon.core.webui.keyword.WebUiBuiltInKeywords.verifyElementVisible(WebUiBuiltInKeywords.groovy:401)
	at com.kms.katalon.core.webui.keyword.WebUiBuiltInKeywords$verifyElementVisible$5.call(Unknown Source)
	at Cannot Save Tank When Tank Number is Missing.run(Cannot Save Tank When Tank Number is Missing:33)
	at com.kms.katalon.core.main.ScriptEngine.run(ScriptEngine.java:194)
	at com.kms.katalon.core.main.ScriptEngine.runScriptAsRawText(ScriptEngine.java:119)
	at com.kms.katalon.core.main.TestCaseExecutor.runScript(TestCaseExecutor.java:448)
	at com.kms.katalon.core.main.TestCaseExecutor.doExecute(TestCaseExecutor.java:439)
	at com.kms.katalon.core.main.TestCaseExecutor.processExecutionPhase(TestCaseExecutor.java:418)
	at com.kms.katalon.core.main.TestCaseExecutor.accessMainPhase(TestCaseExecutor.java:410)
	at com.kms.katalon.core.main.TestCaseExecutor.execute(TestCaseExecutor.java:285)
	at com.kms.katalon.core.common.CommonExecutor.accessTestCaseMainPhase(CommonExecutor.java:65)
	at com.kms.katalon.core.main.TestSuiteExecutor.accessTestSuiteMainPhase(TestSuiteExecutor.java:150)
	at com.kms.katalon.core.main.TestSuiteExecutor.execute(TestSuiteExecutor.java:106)
	at com.kms.katalon.core.main.TestCaseMain.startTestSuite(TestCaseMain.java:180)
	at com.kms.katalon.core.main.TestCaseMain$startTestSuite$0.call(Unknown Source)
	at TempTestSuite1761090786896.run(TempTestSuite1761090786896.groovy:35)
	at java.base/jdk.internal.reflect.NativeMethodAccessorImpl.invoke0(Native Method)
	at java.base/jdk.internal.reflect.NativeMethodAccessorImpl.invoke(NativeMethodAccessorImpl.java:77)
	at java.base/jdk.internal.reflect.DelegatingMethodAccessorImpl.invoke(DelegatingMethodAccessorImpl.java:43)
)

21-10-2025T21:28:42 - [TEST_STEP][PASSED] - delay(1): Delayed 1 second(s)

21-10-2025T21:28:43 - [MESSAGE][PASSED] - Delayed 1 second(s)

21-10-2025T21:28:43 - [TEST_STEP][PASSED] - waitForElementClickable(findTestObject("FIM/Sites Page/Site Filtering/Site_txt"), 15): Object 'Object Repository/FIM/Sites Page/Site Filtering/Site_txt' is clickable

21-10-2025T21:28:43 - [MESSAGE][PASSED] - Object 'Object Repository/FIM/Sites Page/Site Filtering/Site_txt' is clickable

21-10-2025T21:28:43 - [TEST_STEP][PASSED] - verifyElementVisible(findTestObject("FIM/Sites Page/Tank/New Tank_btn")): Object 'Object Repository/FIM/Sites Page/Tank/New Tank_btn' is visible

21-10-2025T21:28:43 - [MESSAGE][PASSED] - Object 'Object Repository/FIM/Sites Page/Tank/New Tank_btn' is visible

21-10-2025T21:28:43 - [TEST_STEP][PASSED] - click(findTestObject("FIM/Sites Page/Tank/New Tank_btn")): Object: 'Object Repository/FIM/Sites Page/Tank/New Tank_btn' is clicked on

21-10-2025T21:28:43 - [MESSAGE][PASSED] - Object: 'Object Repository/FIM/Sites Page/Tank/New Tank_btn' is clicked on

21-10-2025T21:28:43 - [TEST_STEP][PASSED] - delay(2): Delayed 2 second(s)

21-10-2025T21:28:45 - [MESSAGE][PASSED] - Delayed 2 second(s)

21-10-2025T21:28:45 - [TEST_STEP][PASSED] - selectOptionByLabel(findTestObject("FIM/Sites Page/Tank/Commodity_dropdown"), "PREMIUM", false): All options with label 'PREMIUM' are selected in object 'Object Repository/FIM/Sites Page/Tank/Commodity_dropdown' 

21-10-2025T21:28:46 - [MESSAGE][PASSED] - All options with label 'PREMIUM' are selected in object 'Object Repository/FIM/Sites Page/Tank/Commodity_dropdown' 

21-10-2025T21:28:46 - [TEST_STEP][PASSED] - delay(1): Delayed 1 second(s)

21-10-2025T21:28:47 - [MESSAGE][PASSED] - Delayed 1 second(s)

21-10-2025T21:28:47 - [TEST_STEP][PASSED] - selectOptionByLabel(findTestObject("FIM/Sites Page/Tank/Commodity Code_dropdown"), "G9200000", false): All options with label 'G9200000' are selected in object 'Object Repository/FIM/Sites Page/Tank/Commodity Code_dropdown' 

21-10-2025T21:28:47 - [MESSAGE][PASSED] - All options with label 'G9200000' are selected in object 'Object Repository/FIM/Sites Page/Tank/Commodity Code_dropdown' 

21-10-2025T21:28:47 - [TEST_STEP][PASSED] - delay(1): Delayed 1 second(s)

21-10-2025T21:28:48 - [MESSAGE][PASSED] - Delayed 1 second(s)

21-10-2025T21:28:48 - [TEST_STEP][PASSED] - sendKeys(findTestObject("FIM/Sites Page/Tank/Safe Fill Quantity_txt"), "9540"): Keys '9540' sent to object: 'Object Repository/FIM/Sites Page/Tank/Safe Fill Quantity_txt'

21-10-2025T21:28:48 - [MESSAGE][PASSED] - Keys '9540' sent to object: 'Object Repository/FIM/Sites Page/Tank/Safe Fill Quantity_txt'

21-10-2025T21:28:48 - [TEST_STEP][PASSED] - delay(1): Delayed 1 second(s)

21-10-2025T21:28:49 - [MESSAGE][PASSED] - Delayed 1 second(s)

21-10-2025T21:28:49 - [TEST_STEP][PASSED] - sendKeys(findTestObject("FIM/Sites Page/Tank/Tank Size_txt"), "13000"): Keys '13000' sent to object: 'Object Repository/FIM/Sites Page/Tank/Tank Size_txt'

21-10-2025T21:28:49 - [MESSAGE][PASSED] - Keys '13000' sent to object: 'Object Repository/FIM/Sites Page/Tank/Tank Size_txt'

21-10-2025T21:28:49 - [TEST_STEP][PASSED] - delay(1): Delayed 1 second(s)

21-10-2025T21:28:50 - [MESSAGE][PASSED] - Delayed 1 second(s)

21-10-2025T21:28:50 - [TEST_STEP][PASSED] - sendKeys(findTestObject("FIM/Sites Page/Tank/Threshold_txt"), "1200"): Keys '1200' sent to object: 'Object Repository/FIM/Sites Page/Tank/Threshold_txt'

21-10-2025T21:28:50 - [MESSAGE][PASSED] - Keys '1200' sent to object: 'Object Repository/FIM/Sites Page/Tank/Threshold_txt'

21-10-2025T21:28:50 - [TEST_STEP][PASSED] - delay(1): Delayed 1 second(s)

21-10-2025T21:28:51 - [MESSAGE][PASSED] - Delayed 1 second(s)

21-10-2025T21:28:51 - [TEST_STEP][PASSED] - setText(findTestObject("FIM/Sites Page/Tank/Pump Stop_txt"), "1150"): Text '1150' is set on object 'Object Repository/FIM/Sites Page/Tank/Pump Stop_txt'

21-10-2025T21:28:51 - [MESSAGE][PASSED] - Text '1150' is set on object 'Object Repository/FIM/Sites Page/Tank/Pump Stop_txt'

21-10-2025T21:28:51 - [TEST_STEP][PASSED] - delay(1): Delayed 1 second(s)

21-10-2025T21:28:52 - [MESSAGE][PASSED] - Delayed 1 second(s)

21-10-2025T21:28:52 - [TEST_STEP][PASSED] - click(findTestObject("FIM/Sites Page/Tank/Tank Save_btn"), STOP_ON_FAILURE): Object: 'Object Repository/FIM/Sites Page/Tank/Tank Save_btn' is clicked on

21-10-2025T21:28:52 - [MESSAGE][PASSED] - Object: 'Object Repository/FIM/Sites Page/Tank/Tank Save_btn' is clicked on

21-10-2025T21:28:52 - [TEST_STEP][PASSED] - delay(1): Delayed 1 second(s)

21-10-2025T21:28:53 - [MESSAGE][PASSED] - Delayed 1 second(s)

21-10-2025T21:28:53 - [TEST_STEP][PASSED] - click(findTestObject("FIM/Sites Page/Tank/Tank Save_btn")): Object: 'Object Repository/FIM/Sites Page/Tank/Tank Save_btn' is clicked on

21-10-2025T21:28:53 - [MESSAGE][PASSED] - Object: 'Object Repository/FIM/Sites Page/Tank/Tank Save_btn' is clicked on

21-10-2025T21:28:53 - [TEST_STEP][PASSED] - verifyElementNotPresent(findTestObject("FIM/Sites Page/Tank/Tank Message"), 10): Web element with id: 'Object Repository/FIM/Sites Page/Tank/Tank Message' located by 'By.xpath: /html/body/div[2]/div/div/div/div/div' is not present after '10' second(s)

21-10-2025T21:28:53 - [MESSAGE][PASSED] - Web element with id: 'Object Repository/FIM/Sites Page/Tank/Tank Message' located by 'By.xpath: /html/body/div[2]/div/div/div/div/div' is not present after '10' second(s)

21-10-2025T21:28:53 - [TEST_STEP][PASSED] - closeBrowser(): Browser is closed

21-10-2025T21:28:53 - [MESSAGE][PASSED] - Browser is closed

21-10-2025T21:28:53 - [TEST_STEP][PASSED] - Start listener action : retryOnDisconnect: null

21-10-2025T21:28:53 - [TEST_STEP][PASSED] - tcId = testCaseContext.getTestCaseId(): null

21-10-2025T21:28:53 - [TEST_STEP][PASSED] - currentRetry = retryCounts.getOrDefault(tcId, 0): null

21-10-2025T21:28:53 - [TEST_STEP][PASSED] - if (testCaseContext.getTestCaseStatus() == "FAILED" && currentRetry < MAX_RETRIES): null]]></system-out>
         <system-err><![CDATA[]]></system-err>
      </testcase>
      <testcase name="Test Cases/FIM/UI/KGL/Admin/Sites Page/Tank/Edit Tank Threshold" time="64.349" classname="Test Cases/FIM/UI/KGL/Admin/Sites Page/Tank/Edit Tank Threshold" status="PASSED">
         <system-out><![CDATA[21-10-2025T21:28:53 - [TEST_CASE][PASSED] - Test Cases/FIM/UI/KGL/Admin/Sites Page/Tank/Edit Tank Threshold: Test Cases/FIM/UI/KGL/Admin/Sites Page/Tank/Edit Tank Threshold

21-10-2025T21:28:53 - [TEST_STEP][PASSED] - Start listener action : beforeTestCase: null

21-10-2025T21:28:53 - [TEST_STEP][PASSED] - addDefaultPackages(): null

21-10-2025T21:28:53 - [TEST_STEP][PASSED] - callTestCase(findTestCase("Utility Scripts/FIM KGL Admin Login"), [:], STOP_ON_FAILURE): Call Test Case 'Test Cases/Utility Scripts/FIM KGL Admin Login' successfully

21-10-2025T21:28:53 - [TEST_CASE][PASSED] - Test Cases/Utility Scripts/FIM KGL Admin Login: Test Cases/Utility Scripts/FIM KGL Admin Login

21-10-2025T21:28:53 - [TEST_STEP][PASSED] - openBrowser(""): Browser is opened with url: ''

21-10-2025T21:28:53 - [MESSAGE][INFO] - Starting 'Chrome' driver

21-10-2025T21:28:53 - [MESSAGE][INFO] - User set preference: ['args', '[--no-sandbox, --disable-gpu, --disable-dev-shm-usage]']

21-10-2025T21:28:53 - [MESSAGE][INFO] - Action delay is set to 0 milliseconds

21-10-2025T21:28:54 - [MESSAGE][PASSED] - Browser is opened with url: ''

21-10-2025T21:28:54 - [TEST_STEP][PASSED] - delay(1): Delayed 1 second(s)

21-10-2025T21:28:55 - [MESSAGE][PASSED] - Delayed 1 second(s)

21-10-2025T21:28:55 - [TEST_STEP][PASSED] - navigateToUrl(KGLCustomGroupUrl): Navigate to 'https://kaglogistics-inventory-management-portal.qa.thekag.com/custom-group/' successfully

21-10-2025T21:28:56 - [MESSAGE][PASSED] - Navigate to 'https://kaglogistics-inventory-management-portal.qa.thekag.com/custom-group/' successfully

21-10-2025T21:28:56 - [TEST_STEP][PASSED] - delay(10): Delayed 10 second(s)

21-10-2025T21:29:06 - [MESSAGE][PASSED] - Delayed 10 second(s)

21-10-2025T21:29:06 - [TEST_STEP][PASSED] - if (maximizeWindow == true): Delayed 1 second(s)

21-10-2025T21:29:06 - [TEST_STEP][PASSED] - maximizeWindow(STOP_ON_FAILURE): Current window maximized

21-10-2025T21:29:06 - [MESSAGE][PASSED] - Current window maximized

21-10-2025T21:29:06 - [TEST_STEP][PASSED] - delay(1): Delayed 1 second(s)

21-10-2025T21:29:07 - [MESSAGE][PASSED] - Delayed 1 second(s)

21-10-2025T21:29:07 - [TEST_STEP][PASSED] - waitForElementPresent(findTestObject("FIM/Username_txt"), 10): Object 'Object Repository/FIM/Username_txt' is present

21-10-2025T21:29:07 - [MESSAGE][PASSED] - Object 'Object Repository/FIM/Username_txt' is present

21-10-2025T21:29:07 - [TEST_STEP][PASSED] - setText(findTestObject("FIM/Username_txt"), FIMUsername): Text 'Chris.Sheldon+DES_QA@Thekag.com' is set on object 'Object Repository/FIM/Username_txt'

21-10-2025T21:29:07 - [MESSAGE][PASSED] - Text 'Chris.Sheldon+DES_QA@Thekag.com' is set on object 'Object Repository/FIM/Username_txt'

21-10-2025T21:29:07 - [TEST_STEP][PASSED] - delay(1): Delayed 1 second(s)

21-10-2025T21:29:08 - [MESSAGE][PASSED] - Delayed 1 second(s)

21-10-2025T21:29:08 - [TEST_STEP][PASSED] - setText(findTestObject("FIM/Password_txt"), FIMPassword): Text 'QATest!2' is set on object 'Object Repository/FIM/Password_txt'

21-10-2025T21:29:08 - [MESSAGE][PASSED] - Text 'QATest!2' is set on object 'Object Repository/FIM/Password_txt'

21-10-2025T21:29:08 - [TEST_STEP][PASSED] - delay(1): Delayed 1 second(s)

21-10-2025T21:29:09 - [MESSAGE][PASSED] - Delayed 1 second(s)

21-10-2025T21:29:09 - [TEST_STEP][PASSED] - click(findTestObject("FIM/Login_btn")): Object: 'Object Repository/FIM/Login_btn' is clicked on

21-10-2025T21:29:09 - [MESSAGE][PASSED] - Object: 'Object Repository/FIM/Login_btn' is clicked on

21-10-2025T21:29:09 - [MESSAGE][PASSED] - Call Test Case 'Test Cases/Utility Scripts/FIM KGL Admin Login' successfully

21-10-2025T21:29:09 - [TEST_STEP][PASSED] - if (verifyElementVisible(findTestObject("FIM/Server_Notification_Close_btn"), OPTIONAL) == true): Web element with id: 'Object Repository/FIM/Server_Notification_Close_btn' located by '/html/body/div/div[1]/button' not found (Root cause: com.kms.katalon.core.exception.StepFailedException: Web element with id: 'Object Repository/FIM/Server_Notification_Close_btn' located by '/html/body/div/div[1]/button' not found
	at com.kms.katalon.core.webui.keyword.internal.WebUIKeywordMain.stepFailed(WebUIKeywordMain.groovy:117)
	at com.kms.katalon.core.webui.keyword.builtin.VerifyElementVisibleKeyword$_verifyElementVisible_closure1.doCall(VerifyElementVisibleKeyword.groovy:89)
	at com.kms.katalon.core.webui.keyword.builtin.VerifyElementVisibleKeyword$_verifyElementVisible_closure1.call(VerifyElementVisibleKeyword.groovy)
	at com.kms.katalon.core.webui.keyword.internal.WebUIKeywordMain.runKeyword(WebUIKeywordMain.groovy:35)
	at com.kms.katalon.core.webui.keyword.builtin.VerifyElementVisibleKeyword.verifyElementVisible(VerifyElementVisibleKeyword.groovy:97)
	at com.kms.katalon.core.webui.keyword.builtin.VerifyElementVisibleKeyword.execute(VerifyElementVisibleKeyword.groovy:67)
	at com.kms.katalon.core.keyword.internal.KeywordExecutor.executeKeywordForPlatform(KeywordExecutor.groovy:74)
	at com.kms.katalon.core.webui.keyword.WebUiBuiltInKeywords.verifyElementVisible(WebUiBuiltInKeywords.groovy:401)
	at com.kms.katalon.core.webui.keyword.WebUiBuiltInKeywords$verifyElementVisible$5.call(Unknown Source)
	at Edit Tank Threshold.run(Edit Tank Threshold:22)
	at com.kms.katalon.core.main.ScriptEngine.run(ScriptEngine.java:194)
	at com.kms.katalon.core.main.ScriptEngine.runScriptAsRawText(ScriptEngine.java:119)
	at com.kms.katalon.core.main.TestCaseExecutor.runScript(TestCaseExecutor.java:448)
	at com.kms.katalon.core.main.TestCaseExecutor.doExecute(TestCaseExecutor.java:439)
	at com.kms.katalon.core.main.TestCaseExecutor.processExecutionPhase(TestCaseExecutor.java:418)
	at com.kms.katalon.core.main.TestCaseExecutor.accessMainPhase(TestCaseExecutor.java:410)
	at com.kms.katalon.core.main.TestCaseExecutor.execute(TestCaseExecutor.java:285)
	at com.kms.katalon.core.common.CommonExecutor.accessTestCaseMainPhase(CommonExecutor.java:65)
	at com.kms.katalon.core.main.TestSuiteExecutor.accessTestSuiteMainPhase(TestSuiteExecutor.java:150)
	at com.kms.katalon.core.main.TestSuiteExecutor.execute(TestSuiteExecutor.java:106)
	at com.kms.katalon.core.main.TestCaseMain.startTestSuite(TestCaseMain.java:180)
	at com.kms.katalon.core.main.TestCaseMain$startTestSuite$0.call(Unknown Source)
	at TempTestSuite1761090786896.run(TempTestSuite1761090786896.groovy:35)
	at java.base/jdk.internal.reflect.NativeMethodAccessorImpl.invoke0(Native Method)
	at java.base/jdk.internal.reflect.NativeMethodAccessorImpl.invoke(NativeMethodAccessorImpl.java:77)
	at java.base/jdk.internal.reflect.DelegatingMethodAccessorImpl.invoke(DelegatingMethodAccessorImpl.java:43)
)

21-10-2025T21:29:25 - [MESSAGE][INFO] - Unable to find the element located by 'By.xpath: /html/body/div/div[1]/button'. Please recheck the objects properties to make sure the desired element is located. 

21-10-2025T21:29:25 - [MESSAGE][WARNING] - [SELF-HEALING] Failed to find element with id 'Object Repository/FIM/Server_Notification_Close_btn'. Try using Self-healing.

21-10-2025T21:29:26 - [MESSAGE][INFO] - [SELF-HEALING] No working XPath is found.

21-10-2025T21:29:28 - [MESSAGE][INFO] - Unable to find the element located by 'By.xpath: '. Please recheck the objects properties to make sure the desired element is located. 

21-10-2025T21:29:28 - [MESSAGE][WARNING] - [SELF-HEALING] Cannot find elements when the selector is null

21-10-2025T21:29:28 - [MESSAGE][WARNING] - Web element with id: 'Object Repository/FIM/Server_Notification_Close_btn' located by '/html/body/div/div[1]/button' not found (Root cause: com.kms.katalon.core.exception.StepFailedException: Web element with id: 'Object Repository/FIM/Server_Notification_Close_btn' located by '/html/body/div/div[1]/button' not found
	at com.kms.katalon.core.webui.keyword.internal.WebUIKeywordMain.stepFailed(WebUIKeywordMain.groovy:117)
	at com.kms.katalon.core.webui.keyword.builtin.VerifyElementVisibleKeyword$_verifyElementVisible_closure1.doCall(VerifyElementVisibleKeyword.groovy:89)
	at com.kms.katalon.core.webui.keyword.builtin.VerifyElementVisibleKeyword$_verifyElementVisible_closure1.call(VerifyElementVisibleKeyword.groovy)
	at com.kms.katalon.core.webui.keyword.internal.WebUIKeywordMain.runKeyword(WebUIKeywordMain.groovy:35)
	at com.kms.katalon.core.webui.keyword.builtin.VerifyElementVisibleKeyword.verifyElementVisible(VerifyElementVisibleKeyword.groovy:97)
	at com.kms.katalon.core.webui.keyword.builtin.VerifyElementVisibleKeyword.execute(VerifyElementVisibleKeyword.groovy:67)
	at com.kms.katalon.core.keyword.internal.KeywordExecutor.executeKeywordForPlatform(KeywordExecutor.groovy:74)
	at com.kms.katalon.core.webui.keyword.WebUiBuiltInKeywords.verifyElementVisible(WebUiBuiltInKeywords.groovy:401)
	at com.kms.katalon.core.webui.keyword.WebUiBuiltInKeywords$verifyElementVisible$5.call(Unknown Source)
	at Edit Tank Threshold.run(Edit Tank Threshold:22)
	at com.kms.katalon.core.main.ScriptEngine.run(ScriptEngine.java:194)
	at com.kms.katalon.core.main.ScriptEngine.runScriptAsRawText(ScriptEngine.java:119)
	at com.kms.katalon.core.main.TestCaseExecutor.runScript(TestCaseExecutor.java:448)
	at com.kms.katalon.core.main.TestCaseExecutor.doExecute(TestCaseExecutor.java:439)
	at com.kms.katalon.core.main.TestCaseExecutor.processExecutionPhase(TestCaseExecutor.java:418)
	at com.kms.katalon.core.main.TestCaseExecutor.accessMainPhase(TestCaseExecutor.java:410)
	at com.kms.katalon.core.main.TestCaseExecutor.execute(TestCaseExecutor.java:285)
	at com.kms.katalon.core.common.CommonExecutor.accessTestCaseMainPhase(CommonExecutor.java:65)
	at com.kms.katalon.core.main.TestSuiteExecutor.accessTestSuiteMainPhase(TestSuiteExecutor.java:150)
	at com.kms.katalon.core.main.TestSuiteExecutor.execute(TestSuiteExecutor.java:106)
	at com.kms.katalon.core.main.TestCaseMain.startTestSuite(TestCaseMain.java:180)
	at com.kms.katalon.core.main.TestCaseMain$startTestSuite$0.call(Unknown Source)
	at TempTestSuite1761090786896.run(TempTestSuite1761090786896.groovy:35)
	at java.base/jdk.internal.reflect.NativeMethodAccessorImpl.invoke0(Native Method)
	at java.base/jdk.internal.reflect.NativeMethodAccessorImpl.invoke(NativeMethodAccessorImpl.java:77)
	at java.base/jdk.internal.reflect.DelegatingMethodAccessorImpl.invoke(DelegatingMethodAccessorImpl.java:43)
)

21-10-2025T21:29:28 - [TEST_STEP][PASSED] - delay(1): Delayed 1 second(s)

21-10-2025T21:29:29 - [MESSAGE][PASSED] - Delayed 1 second(s)

21-10-2025T21:29:29 - [TEST_STEP][PASSED] - click(findTestObject("FIM/Hamburger Menu List/Hamburger_menu")): Object: 'Object Repository/FIM/Hamburger Menu List/Hamburger_menu' is clicked on

21-10-2025T21:29:29 - [MESSAGE][PASSED] - Object: 'Object Repository/FIM/Hamburger Menu List/Hamburger_menu' is clicked on

21-10-2025T21:29:29 - [TEST_STEP][PASSED] - delay(2): Delayed 2 second(s)

21-10-2025T21:29:31 - [MESSAGE][PASSED] - Delayed 2 second(s)

21-10-2025T21:29:31 - [TEST_STEP][PASSED] - click(findTestObject("FIM/Hamburger Menu List/KGL_Sites_option")): Object: 'Object Repository/FIM/Hamburger Menu List/KGL_Sites_option' is clicked on

21-10-2025T21:29:31 - [MESSAGE][PASSED] - Object: 'Object Repository/FIM/Hamburger Menu List/KGL_Sites_option' is clicked on

21-10-2025T21:29:31 - [TEST_STEP][PASSED] - if (verifyElementVisible(findTestObject("FIM/Existing Page with Pending Changes Close_btn"), OPTIONAL) == true): Web element with id: 'Object Repository/FIM/Existing Page with Pending Changes Close_btn' located by '/html/body/div[2]/div[1]/div/div/footer/div/button' not found (Root cause: com.kms.katalon.core.exception.StepFailedException: Web element with id: 'Object Repository/FIM/Existing Page with Pending Changes Close_btn' located by '/html/body/div[2]/div[1]/div/div/footer/div/button' not found
	at com.kms.katalon.core.webui.keyword.internal.WebUIKeywordMain.stepFailed(WebUIKeywordMain.groovy:117)
	at com.kms.katalon.core.webui.keyword.builtin.VerifyElementVisibleKeyword$_verifyElementVisible_closure1.doCall(VerifyElementVisibleKeyword.groovy:89)
	at com.kms.katalon.core.webui.keyword.builtin.VerifyElementVisibleKeyword$_verifyElementVisible_closure1.call(VerifyElementVisibleKeyword.groovy)
	at com.kms.katalon.core.webui.keyword.internal.WebUIKeywordMain.runKeyword(WebUIKeywordMain.groovy:35)
	at com.kms.katalon.core.webui.keyword.builtin.VerifyElementVisibleKeyword.verifyElementVisible(VerifyElementVisibleKeyword.groovy:97)
	at com.kms.katalon.core.webui.keyword.builtin.VerifyElementVisibleKeyword.execute(VerifyElementVisibleKeyword.groovy:67)
	at com.kms.katalon.core.keyword.internal.KeywordExecutor.executeKeywordForPlatform(KeywordExecutor.groovy:74)
	at com.kms.katalon.core.webui.keyword.WebUiBuiltInKeywords.verifyElementVisible(WebUiBuiltInKeywords.groovy:401)
	at com.kms.katalon.core.webui.keyword.WebUiBuiltInKeywords$verifyElementVisible$5.call(Unknown Source)
	at Edit Tank Threshold.run(Edit Tank Threshold:35)
	at com.kms.katalon.core.main.ScriptEngine.run(ScriptEngine.java:194)
	at com.kms.katalon.core.main.ScriptEngine.runScriptAsRawText(ScriptEngine.java:119)
	at com.kms.katalon.core.main.TestCaseExecutor.runScript(TestCaseExecutor.java:448)
	at com.kms.katalon.core.main.TestCaseExecutor.doExecute(TestCaseExecutor.java:439)
	at com.kms.katalon.core.main.TestCaseExecutor.processExecutionPhase(TestCaseExecutor.java:418)
	at com.kms.katalon.core.main.TestCaseExecutor.accessMainPhase(TestCaseExecutor.java:410)
	at com.kms.katalon.core.main.TestCaseExecutor.execute(TestCaseExecutor.java:285)
	at com.kms.katalon.core.common.CommonExecutor.accessTestCaseMainPhase(CommonExecutor.java:65)
	at com.kms.katalon.core.main.TestSuiteExecutor.accessTestSuiteMainPhase(TestSuiteExecutor.java:150)
	at com.kms.katalon.core.main.TestSuiteExecutor.execute(TestSuiteExecutor.java:106)
	at com.kms.katalon.core.main.TestCaseMain.startTestSuite(TestCaseMain.java:180)
	at com.kms.katalon.core.main.TestCaseMain$startTestSuite$0.call(Unknown Source)
	at TempTestSuite1761090786896.run(TempTestSuite1761090786896.groovy:35)
	at java.base/jdk.internal.reflect.NativeMethodAccessorImpl.invoke0(Native Method)
	at java.base/jdk.internal.reflect.NativeMethodAccessorImpl.invoke(NativeMethodAccessorImpl.java:77)
	at java.base/jdk.internal.reflect.DelegatingMethodAccessorImpl.invoke(DelegatingMethodAccessorImpl.java:43)
)

21-10-2025T21:29:47 - [MESSAGE][INFO] - Unable to find the element located by 'By.xpath: /html/body/div[2]/div[1]/div/div/footer/div/button'. Please recheck the objects properties to make sure the desired element is located. 

21-10-2025T21:29:47 - [MESSAGE][WARNING] - [SELF-HEALING] Failed to find element with id 'Object Repository/FIM/Existing Page with Pending Changes Close_btn'. Try using Self-healing.

21-10-2025T21:29:48 - [MESSAGE][INFO] - [SELF-HEALING] No working XPath is found.

21-10-2025T21:29:50 - [MESSAGE][INFO] - Unable to find the element located by 'By.xpath: '. Please recheck the objects properties to make sure the desired element is located. 

21-10-2025T21:29:50 - [MESSAGE][WARNING] - [SELF-HEALING] Cannot find elements when the selector is null

21-10-2025T21:29:50 - [MESSAGE][WARNING] - Web element with id: 'Object Repository/FIM/Existing Page with Pending Changes Close_btn' located by '/html/body/div[2]/div[1]/div/div/footer/div/button' not found (Root cause: com.kms.katalon.core.exception.StepFailedException: Web element with id: 'Object Repository/FIM/Existing Page with Pending Changes Close_btn' located by '/html/body/div[2]/div[1]/div/div/footer/div/button' not found
	at com.kms.katalon.core.webui.keyword.internal.WebUIKeywordMain.stepFailed(WebUIKeywordMain.groovy:117)
	at com.kms.katalon.core.webui.keyword.builtin.VerifyElementVisibleKeyword$_verifyElementVisible_closure1.doCall(VerifyElementVisibleKeyword.groovy:89)
	at com.kms.katalon.core.webui.keyword.builtin.VerifyElementVisibleKeyword$_verifyElementVisible_closure1.call(VerifyElementVisibleKeyword.groovy)
	at com.kms.katalon.core.webui.keyword.internal.WebUIKeywordMain.runKeyword(WebUIKeywordMain.groovy:35)
	at com.kms.katalon.core.webui.keyword.builtin.VerifyElementVisibleKeyword.verifyElementVisible(VerifyElementVisibleKeyword.groovy:97)
	at com.kms.katalon.core.webui.keyword.builtin.VerifyElementVisibleKeyword.execute(VerifyElementVisibleKeyword.groovy:67)
	at com.kms.katalon.core.keyword.internal.KeywordExecutor.executeKeywordForPlatform(KeywordExecutor.groovy:74)
	at com.kms.katalon.core.webui.keyword.WebUiBuiltInKeywords.verifyElementVisible(WebUiBuiltInKeywords.groovy:401)
	at com.kms.katalon.core.webui.keyword.WebUiBuiltInKeywords$verifyElementVisible$5.call(Unknown Source)
	at Edit Tank Threshold.run(Edit Tank Threshold:35)
	at com.kms.katalon.core.main.ScriptEngine.run(ScriptEngine.java:194)
	at com.kms.katalon.core.main.ScriptEngine.runScriptAsRawText(ScriptEngine.java:119)
	at com.kms.katalon.core.main.TestCaseExecutor.runScript(TestCaseExecutor.java:448)
	at com.kms.katalon.core.main.TestCaseExecutor.doExecute(TestCaseExecutor.java:439)
	at com.kms.katalon.core.main.TestCaseExecutor.processExecutionPhase(TestCaseExecutor.java:418)
	at com.kms.katalon.core.main.TestCaseExecutor.accessMainPhase(TestCaseExecutor.java:410)
	at com.kms.katalon.core.main.TestCaseExecutor.execute(TestCaseExecutor.java:285)
	at com.kms.katalon.core.common.CommonExecutor.accessTestCaseMainPhase(CommonExecutor.java:65)
	at com.kms.katalon.core.main.TestSuiteExecutor.accessTestSuiteMainPhase(TestSuiteExecutor.java:150)
	at com.kms.katalon.core.main.TestSuiteExecutor.execute(TestSuiteExecutor.java:106)
	at com.kms.katalon.core.main.TestCaseMain.startTestSuite(TestCaseMain.java:180)
	at com.kms.katalon.core.main.TestCaseMain$startTestSuite$0.call(Unknown Source)
	at TempTestSuite1761090786896.run(TempTestSuite1761090786896.groovy:35)
	at java.base/jdk.internal.reflect.NativeMethodAccessorImpl.invoke0(Native Method)
	at java.base/jdk.internal.reflect.NativeMethodAccessorImpl.invoke(NativeMethodAccessorImpl.java:77)
	at java.base/jdk.internal.reflect.DelegatingMethodAccessorImpl.invoke(DelegatingMethodAccessorImpl.java:43)
)

21-10-2025T21:29:50 - [TEST_STEP][PASSED] - waitForElementClickable(findTestObject("FIM/Sites Page/Site Filtering/Site_txt"), 10): Object 'Object Repository/FIM/Sites Page/Site Filtering/Site_txt' is clickable

21-10-2025T21:29:50 - [MESSAGE][PASSED] - Object 'Object Repository/FIM/Sites Page/Site Filtering/Site_txt' is clickable

21-10-2025T21:29:50 - [TEST_STEP][PASSED] - delay(1): Delayed 1 second(s)

21-10-2025T21:29:51 - [MESSAGE][PASSED] - Delayed 1 second(s)

21-10-2025T21:29:51 - [TEST_STEP][PASSED] - sendKeys(findTestObject("FIM/Sites Page/Site Filtering/Site_txt"), "CAP2312"): Keys 'CAP2312' sent to object: 'Object Repository/FIM/Sites Page/Site Filtering/Site_txt'

21-10-2025T21:29:52 - [MESSAGE][PASSED] - Keys 'CAP2312' sent to object: 'Object Repository/FIM/Sites Page/Site Filtering/Site_txt'

21-10-2025T21:29:52 - [TEST_STEP][PASSED] - verifyElementVisible(findTestObject("FIM/Sites Page/Tank/Tank Edit_btn")): Object 'Object Repository/FIM/Sites Page/Tank/Tank Edit_btn' is visible

21-10-2025T21:29:52 - [MESSAGE][PASSED] - Object 'Object Repository/FIM/Sites Page/Tank/Tank Edit_btn' is visible

21-10-2025T21:29:52 - [TEST_STEP][PASSED] - click(findTestObject("FIM/Sites Page/Tank/Tank Edit_btn")): Object: 'Object Repository/FIM/Sites Page/Tank/Tank Edit_btn' is clicked on

21-10-2025T21:29:52 - [MESSAGE][PASSED] - Object: 'Object Repository/FIM/Sites Page/Tank/Tank Edit_btn' is clicked on

21-10-2025T21:29:52 - [TEST_STEP][PASSED] - delay(2): Delayed 2 second(s)

21-10-2025T21:29:54 - [MESSAGE][PASSED] - Delayed 2 second(s)

21-10-2025T21:29:54 - [TEST_STEP][PASSED] - setText(findTestObject("FIM/Sites Page/Tank/Threshold_txt"), "1000"): Text '1000' is set on object 'Object Repository/FIM/Sites Page/Tank/Threshold_txt'

21-10-2025T21:29:55 - [MESSAGE][PASSED] - Text '1000' is set on object 'Object Repository/FIM/Sites Page/Tank/Threshold_txt'

21-10-2025T21:29:55 - [TEST_STEP][PASSED] - delay(1): Delayed 1 second(s)

21-10-2025T21:29:56 - [MESSAGE][PASSED] - Delayed 1 second(s)

21-10-2025T21:29:56 - [TEST_STEP][PASSED] - click(findTestObject("FIM/Sites Page/Tank/Tank Save_btn"), STOP_ON_FAILURE): Object: 'Object Repository/FIM/Sites Page/Tank/Tank Save_btn' is clicked on

21-10-2025T21:29:56 - [MESSAGE][PASSED] - Object: 'Object Repository/FIM/Sites Page/Tank/Tank Save_btn' is clicked on

21-10-2025T21:29:56 - [TEST_STEP][PASSED] - delay(1): Delayed 1 second(s)

21-10-2025T21:29:57 - [MESSAGE][PASSED] - Delayed 1 second(s)

21-10-2025T21:29:57 - [TEST_STEP][PASSED] - verifyElementVisible(findTestObject("FIM/Sites Page/Tank/Tank Message"), STOP_ON_FAILURE): Object 'Object Repository/FIM/Sites Page/Tank/Tank Message' is visible

21-10-2025T21:29:57 - [MESSAGE][PASSED] - Object 'Object Repository/FIM/Sites Page/Tank/Tank Message' is visible

21-10-2025T21:29:57 - [TEST_STEP][PASSED] - verifyElementText(findTestObject("FIM/Sites Page/Tank/Tank Message"), "Tank was updated successfully"): Actual text and expected text of test object 'Object Repository/FIM/Sites Page/Tank/Tank Message' are matched.

21-10-2025T21:29:58 - [MESSAGE][PASSED] - Actual text and expected text of test object 'Object Repository/FIM/Sites Page/Tank/Tank Message' are matched.

21-10-2025T21:29:58 - [TEST_STEP][PASSED] - closeBrowser(): Browser is closed

21-10-2025T21:29:58 - [MESSAGE][PASSED] - Browser is closed

21-10-2025T21:29:58 - [TEST_STEP][PASSED] - Start listener action : retryOnDisconnect: null

21-10-2025T21:29:58 - [TEST_STEP][PASSED] - tcId = testCaseContext.getTestCaseId(): null

21-10-2025T21:29:58 - [TEST_STEP][PASSED] - currentRetry = retryCounts.getOrDefault(tcId, 0): null

21-10-2025T21:29:58 - [TEST_STEP][PASSED] - if (testCaseContext.getTestCaseStatus() == "FAILED" && currentRetry < MAX_RETRIES): null]]></system-out>
         <system-err><![CDATA[]]></system-err>
      </testcase>
      <testcase name="Test Cases/FIM/UI/KGL/Admin/Sites Page/Tank/Edit Tank Commodity Code with Same Commodity" time="60.258" classname="Test Cases/FIM/UI/KGL/Admin/Sites Page/Tank/Edit Tank Commodity Code with Same Commodity" status="FAILED">
         <failure type="FAILED" message="Test Cases/FIM/UI/KGL/Admin/Sites Page/Tank/Edit Tank Commodity Code with Same Commodity FAILED.&#xa;Reason:&#xa;com.kms.katalon.core.exception.StepFailedException: Unable to select option by label 'R9390078' of object 'Object Repository/FIM/Sites Page/Tank/Commodity Code_dropdown' &#xa;	at com.kms.katalon.core.webui.keyword.internal.WebUIKeywordMain.stepFailed(WebUIKeywordMain.groovy:117)&#xa;	at com.kms.katalon.core.webui.keyword.internal.WebUIKeywordMain.runKeyword(WebUIKeywordMain.groovy:43)&#xa;	at com.kms.katalon.core.webui.keyword.builtin.SelectOptionByLabelKeyword.selectOptionByLabel(SelectOptionByLabelKeyword.groovy:98)&#xa;	at com.kms.katalon.core.webui.keyword.builtin.SelectOptionByLabelKeyword.execute(SelectOptionByLabelKeyword.groovy:71)&#xa;	at com.kms.katalon.core.keyword.internal.KeywordExecutor.executeKeywordForPlatform(KeywordExecutor.groovy:74)&#xa;	at com.kms.katalon.core.webui.keyword.WebUiBuiltInKeywords.selectOptionByLabel(WebUiBuiltInKeywords.groovy:1269)&#xa;	at com.kms.katalon.core.webui.keyword.WebUiBuiltInKeywords$selectOptionByLabel$9.call(Unknown Source)&#xa;	at Edit Tank Commodity Code with Same Commodity.run(Edit Tank Commodity Code with Same Commodity:50)&#xa;	at com.kms.katalon.core.main.ScriptEngine.run(ScriptEngine.java:194)&#xa;	at com.kms.katalon.core.main.ScriptEngine.runScriptAsRawText(ScriptEngine.java:119)&#xa;	at com.kms.katalon.core.main.TestCaseExecutor.runScript(TestCaseExecutor.java:448)&#xa;	at com.kms.katalon.core.main.TestCaseExecutor.doExecute(TestCaseExecutor.java:439)&#xa;	at com.kms.katalon.core.main.TestCaseExecutor.processExecutionPhase(TestCaseExecutor.java:418)&#xa;	at com.kms.katalon.core.main.TestCaseExecutor.accessMainPhase(TestCaseExecutor.java:410)&#xa;	at com.kms.katalon.core.main.TestCaseExecutor.execute(TestCaseExecutor.java:285)&#xa;	at com.kms.katalon.core.common.CommonExecutor.accessTestCaseMainPhase(CommonExecutor.java:65)&#xa;	at com.kms.katalon.core.main.TestSuiteExecutor.accessTestSuiteMainPhase(TestSuiteExecutor.java:150)&#xa;	at com.kms.katalon.core.main.TestSuiteExecutor.execute(TestSuiteExecutor.java:106)&#xa;	at com.kms.katalon.core.main.TestCaseMain.startTestSuite(TestCaseMain.java:180)&#xa;	at com.kms.katalon.core.main.TestCaseMain$startTestSuite$0.call(Unknown Source)&#xa;	at TempTestSuite1761090786896.run(TempTestSuite1761090786896.groovy:35)&#xa;	at java.base/jdk.internal.reflect.NativeMethodAccessorImpl.invoke0(Native Method)&#xa;	at java.base/jdk.internal.reflect.NativeMethodAccessorImpl.invoke(NativeMethodAccessorImpl.java:77)&#xa;	at java.base/jdk.internal.reflect.DelegatingMethodAccessorImpl.invoke(DelegatingMethodAccessorImpl.java:43)&#xa;Caused by: org.openqa.selenium.NoSuchElementException: Cannot locate element with text: R9390078&#xa;For documentation on this error, please visit: https://www.seleniumhq.org/exceptions/no_such_element.html&#xa;Build info: version: '3.141.59', revision: 'unknown', time: 'unknown'&#xa;System info: host: 'DC1ADOBLD01', ip: '10.2.20.71', os.name: 'Windows Server 2019', os.arch: 'amd64', os.version: '10.0', java.version: '17.0.7'&#xa;Driver info: driver.version: unknown&#xa;	at org.openqa.selenium.support.ui.Select.selectByVisibleText(Select.java:147)&#xa;	at com.kms.katalon.core.webui.common.WebUiCommonHelper.selectOrDeselectOptionsByLabel(WebUiCommonHelper.java:315)&#xa;	at com.kms.katalon.core.webui.keyword.builtin.SelectOptionByLabelKeyword$_selectOptionByLabel_closure1.doCall(SelectOptionByLabelKeyword.groovy:87)&#xa;	at com.kms.katalon.core.webui.keyword.builtin.SelectOptionByLabelKeyword$_selectOptionByLabel_closure1.call(SelectOptionByLabelKeyword.groovy)&#xa;	at com.kms.katalon.core.webui.keyword.internal.WebUIKeywordMain.runKeyword(WebUIKeywordMain.groovy:35)&#xa;	... 22 more&#xa;"/>
         <system-out><![CDATA[21-10-2025T21:29:58 - [TEST_CASE][FAILED] - Test Cases/FIM/UI/KGL/Admin/Sites Page/Tank/Edit Tank Commodity Code with Same Commodity: Test Cases/FIM/UI/KGL/Admin/Sites Page/Tank/Edit Tank Commodity Code with Same Commodity FAILED.
Reason:
com.kms.katalon.core.exception.StepFailedException: Unable to select option by label 'R9390078' of object 'Object Repository/FIM/Sites Page/Tank/Commodity Code_dropdown' 
	at com.kms.katalon.core.webui.keyword.internal.WebUIKeywordMain.stepFailed(WebUIKeywordMain.groovy:117)
	at com.kms.katalon.core.webui.keyword.internal.WebUIKeywordMain.runKeyword(WebUIKeywordMain.groovy:43)
	at com.kms.katalon.core.webui.keyword.builtin.SelectOptionByLabelKeyword.selectOptionByLabel(SelectOptionByLabelKeyword.groovy:98)
	at com.kms.katalon.core.webui.keyword.builtin.SelectOptionByLabelKeyword.execute(SelectOptionByLabelKeyword.groovy:71)
	at com.kms.katalon.core.keyword.internal.KeywordExecutor.executeKeywordForPlatform(KeywordExecutor.groovy:74)
	at com.kms.katalon.core.webui.keyword.WebUiBuiltInKeywords.selectOptionByLabel(WebUiBuiltInKeywords.groovy:1269)
	at com.kms.katalon.core.webui.keyword.WebUiBuiltInKeywords$selectOptionByLabel$9.call(Unknown Source)
	at Edit Tank Commodity Code with Same Commodity.run(Edit Tank Commodity Code with Same Commodity:50)
	at com.kms.katalon.core.main.ScriptEngine.run(ScriptEngine.java:194)
	at com.kms.katalon.core.main.ScriptEngine.runScriptAsRawText(ScriptEngine.java:119)
	at com.kms.katalon.core.main.TestCaseExecutor.runScript(TestCaseExecutor.java:448)
	at com.kms.katalon.core.main.TestCaseExecutor.doExecute(TestCaseExecutor.java:439)
	at com.kms.katalon.core.main.TestCaseExecutor.processExecutionPhase(TestCaseExecutor.java:418)
	at com.kms.katalon.core.main.TestCaseExecutor.accessMainPhase(TestCaseExecutor.java:410)
	at com.kms.katalon.core.main.TestCaseExecutor.execute(TestCaseExecutor.java:285)
	at com.kms.katalon.core.common.CommonExecutor.accessTestCaseMainPhase(CommonExecutor.java:65)
	at com.kms.katalon.core.main.TestSuiteExecutor.accessTestSuiteMainPhase(TestSuiteExecutor.java:150)
	at com.kms.katalon.core.main.TestSuiteExecutor.execute(TestSuiteExecutor.java:106)
	at com.kms.katalon.core.main.TestCaseMain.startTestSuite(TestCaseMain.java:180)
	at com.kms.katalon.core.main.TestCaseMain$startTestSuite$0.call(Unknown Source)
	at TempTestSuite1761090786896.run(TempTestSuite1761090786896.groovy:35)
	at java.base/jdk.internal.reflect.NativeMethodAccessorImpl.invoke0(Native Method)
	at java.base/jdk.internal.reflect.NativeMethodAccessorImpl.invoke(NativeMethodAccessorImpl.java:77)
	at java.base/jdk.internal.reflect.DelegatingMethodAccessorImpl.invoke(DelegatingMethodAccessorImpl.java:43)
Caused by: org.openqa.selenium.NoSuchElementException: Cannot locate element with text: R9390078
For documentation on this error, please visit: https://www.seleniumhq.org/exceptions/no_such_element.html
Build info: version: '3.141.59', revision: 'unknown', time: 'unknown'
System info: host: 'DC1ADOBLD01', ip: '10.2.20.71', os.name: 'Windows Server 2019', os.arch: 'amd64', os.version: '10.0', java.version: '17.0.7'
Driver info: driver.version: unknown
	at org.openqa.selenium.support.ui.Select.selectByVisibleText(Select.java:147)
	at com.kms.katalon.core.webui.common.WebUiCommonHelper.selectOrDeselectOptionsByLabel(WebUiCommonHelper.java:315)
	at com.kms.katalon.core.webui.keyword.builtin.SelectOptionByLabelKeyword$_selectOptionByLabel_closure1.doCall(SelectOptionByLabelKeyword.groovy:87)
	at com.kms.katalon.core.webui.keyword.builtin.SelectOptionByLabelKeyword$_selectOptionByLabel_closure1.call(SelectOptionByLabelKeyword.groovy)
	at com.kms.katalon.core.webui.keyword.internal.WebUIKeywordMain.runKeyword(WebUIKeywordMain.groovy:35)
	... 22 more


21-10-2025T21:29:58 - [TEST_STEP][PASSED] - Start listener action : beforeTestCase: null

21-10-2025T21:29:58 - [TEST_STEP][PASSED] - addDefaultPackages(): null

21-10-2025T21:29:58 - [TEST_STEP][PASSED] - callTestCase(findTestCase("Utility Scripts/FIM KGL Admin Login"), [:], STOP_ON_FAILURE): Call Test Case 'Test Cases/Utility Scripts/FIM KGL Admin Login' successfully

21-10-2025T21:29:58 - [TEST_CASE][PASSED] - Test Cases/Utility Scripts/FIM KGL Admin Login: Test Cases/Utility Scripts/FIM KGL Admin Login

21-10-2025T21:29:58 - [TEST_STEP][PASSED] - openBrowser(""): Browser is opened with url: ''

21-10-2025T21:29:58 - [MESSAGE][INFO] - Starting 'Chrome' driver

21-10-2025T21:29:58 - [MESSAGE][INFO] - User set preference: ['args', '[--no-sandbox, --disable-gpu, --disable-dev-shm-usage]']

21-10-2025T21:29:58 - [MESSAGE][INFO] - Action delay is set to 0 milliseconds

21-10-2025T21:29:59 - [MESSAGE][PASSED] - Browser is opened with url: ''

21-10-2025T21:29:59 - [TEST_STEP][PASSED] - delay(1): Delayed 1 second(s)

21-10-2025T21:30:00 - [MESSAGE][PASSED] - Delayed 1 second(s)

21-10-2025T21:30:00 - [TEST_STEP][PASSED] - navigateToUrl(KGLCustomGroupUrl): Navigate to 'https://kaglogistics-inventory-management-portal.qa.thekag.com/custom-group/' successfully

21-10-2025T21:30:01 - [MESSAGE][PASSED] - Navigate to 'https://kaglogistics-inventory-management-portal.qa.thekag.com/custom-group/' successfully

21-10-2025T21:30:01 - [TEST_STEP][PASSED] - delay(10): Delayed 10 second(s)

21-10-2025T21:30:11 - [MESSAGE][PASSED] - Delayed 10 second(s)

21-10-2025T21:30:11 - [TEST_STEP][PASSED] - if (maximizeWindow == true): Delayed 1 second(s)

21-10-2025T21:30:11 - [TEST_STEP][PASSED] - maximizeWindow(STOP_ON_FAILURE): Current window maximized

21-10-2025T21:30:11 - [MESSAGE][PASSED] - Current window maximized

21-10-2025T21:30:11 - [TEST_STEP][PASSED] - delay(1): Delayed 1 second(s)

21-10-2025T21:30:12 - [MESSAGE][PASSED] - Delayed 1 second(s)

21-10-2025T21:30:12 - [TEST_STEP][PASSED] - waitForElementPresent(findTestObject("FIM/Username_txt"), 10): Object 'Object Repository/FIM/Username_txt' is present

21-10-2025T21:30:12 - [MESSAGE][PASSED] - Object 'Object Repository/FIM/Username_txt' is present

21-10-2025T21:30:12 - [TEST_STEP][PASSED] - setText(findTestObject("FIM/Username_txt"), FIMUsername): Text 'Chris.Sheldon+DES_QA@Thekag.com' is set on object 'Object Repository/FIM/Username_txt'

21-10-2025T21:30:12 - [MESSAGE][PASSED] - Text 'Chris.Sheldon+DES_QA@Thekag.com' is set on object 'Object Repository/FIM/Username_txt'

21-10-2025T21:30:12 - [TEST_STEP][PASSED] - delay(1): Delayed 1 second(s)

21-10-2025T21:30:13 - [MESSAGE][PASSED] - Delayed 1 second(s)

21-10-2025T21:30:13 - [TEST_STEP][PASSED] - setText(findTestObject("FIM/Password_txt"), FIMPassword): Text 'QATest!2' is set on object 'Object Repository/FIM/Password_txt'

21-10-2025T21:30:13 - [MESSAGE][PASSED] - Text 'QATest!2' is set on object 'Object Repository/FIM/Password_txt'

21-10-2025T21:30:13 - [TEST_STEP][PASSED] - delay(1): Delayed 1 second(s)

21-10-2025T21:30:14 - [MESSAGE][PASSED] - Delayed 1 second(s)

21-10-2025T21:30:14 - [TEST_STEP][PASSED] - click(findTestObject("FIM/Login_btn")): Object: 'Object Repository/FIM/Login_btn' is clicked on

21-10-2025T21:30:14 - [MESSAGE][PASSED] - Object: 'Object Repository/FIM/Login_btn' is clicked on

21-10-2025T21:30:14 - [MESSAGE][PASSED] - Call Test Case 'Test Cases/Utility Scripts/FIM KGL Admin Login' successfully

21-10-2025T21:30:14 - [TEST_STEP][PASSED] - if (verifyElementVisible(findTestObject("FIM/Server_Notification_Close_btn"), OPTIONAL) == true): Web element with id: 'Object Repository/FIM/Server_Notification_Close_btn' located by '/html/body/div/div[1]/button' not found (Root cause: com.kms.katalon.core.exception.StepFailedException: Web element with id: 'Object Repository/FIM/Server_Notification_Close_btn' located by '/html/body/div/div[1]/button' not found
	at com.kms.katalon.core.webui.keyword.internal.WebUIKeywordMain.stepFailed(WebUIKeywordMain.groovy:117)
	at com.kms.katalon.core.webui.keyword.builtin.VerifyElementVisibleKeyword$_verifyElementVisible_closure1.doCall(VerifyElementVisibleKeyword.groovy:89)
	at com.kms.katalon.core.webui.keyword.builtin.VerifyElementVisibleKeyword$_verifyElementVisible_closure1.call(VerifyElementVisibleKeyword.groovy)
	at com.kms.katalon.core.webui.keyword.internal.WebUIKeywordMain.runKeyword(WebUIKeywordMain.groovy:35)
	at com.kms.katalon.core.webui.keyword.builtin.VerifyElementVisibleKeyword.verifyElementVisible(VerifyElementVisibleKeyword.groovy:97)
	at com.kms.katalon.core.webui.keyword.builtin.VerifyElementVisibleKeyword.execute(VerifyElementVisibleKeyword.groovy:67)
	at com.kms.katalon.core.keyword.internal.KeywordExecutor.executeKeywordForPlatform(KeywordExecutor.groovy:74)
	at com.kms.katalon.core.webui.keyword.WebUiBuiltInKeywords.verifyElementVisible(WebUiBuiltInKeywords.groovy:401)
	at com.kms.katalon.core.webui.keyword.WebUiBuiltInKeywords$verifyElementVisible$5.call(Unknown Source)
	at Edit Tank Commodity Code with Same Commodity.run(Edit Tank Commodity Code with Same Commodity:22)
	at com.kms.katalon.core.main.ScriptEngine.run(ScriptEngine.java:194)
	at com.kms.katalon.core.main.ScriptEngine.runScriptAsRawText(ScriptEngine.java:119)
	at com.kms.katalon.core.main.TestCaseExecutor.runScript(TestCaseExecutor.java:448)
	at com.kms.katalon.core.main.TestCaseExecutor.doExecute(TestCaseExecutor.java:439)
	at com.kms.katalon.core.main.TestCaseExecutor.processExecutionPhase(TestCaseExecutor.java:418)
	at com.kms.katalon.core.main.TestCaseExecutor.accessMainPhase(TestCaseExecutor.java:410)
	at com.kms.katalon.core.main.TestCaseExecutor.execute(TestCaseExecutor.java:285)
	at com.kms.katalon.core.common.CommonExecutor.accessTestCaseMainPhase(CommonExecutor.java:65)
	at com.kms.katalon.core.main.TestSuiteExecutor.accessTestSuiteMainPhase(TestSuiteExecutor.java:150)
	at com.kms.katalon.core.main.TestSuiteExecutor.execute(TestSuiteExecutor.java:106)
	at com.kms.katalon.core.main.TestCaseMain.startTestSuite(TestCaseMain.java:180)
	at com.kms.katalon.core.main.TestCaseMain$startTestSuite$0.call(Unknown Source)
	at TempTestSuite1761090786896.run(TempTestSuite1761090786896.groovy:35)
	at java.base/jdk.internal.reflect.NativeMethodAccessorImpl.invoke0(Native Method)
	at java.base/jdk.internal.reflect.NativeMethodAccessorImpl.invoke(NativeMethodAccessorImpl.java:77)
	at java.base/jdk.internal.reflect.DelegatingMethodAccessorImpl.invoke(DelegatingMethodAccessorImpl.java:43)
)

21-10-2025T21:30:30 - [MESSAGE][INFO] - Unable to find the element located by 'By.xpath: /html/body/div/div[1]/button'. Please recheck the objects properties to make sure the desired element is located. 

21-10-2025T21:30:30 - [MESSAGE][WARNING] - [SELF-HEALING] Failed to find element with id 'Object Repository/FIM/Server_Notification_Close_btn'. Try using Self-healing.

21-10-2025T21:30:31 - [MESSAGE][INFO] - [SELF-HEALING] No working XPath is found.

21-10-2025T21:30:33 - [MESSAGE][INFO] - Unable to find the element located by 'By.xpath: '. Please recheck the objects properties to make sure the desired element is located. 

21-10-2025T21:30:33 - [MESSAGE][WARNING] - [SELF-HEALING] Cannot find elements when the selector is null

21-10-2025T21:30:33 - [MESSAGE][WARNING] - Web element with id: 'Object Repository/FIM/Server_Notification_Close_btn' located by '/html/body/div/div[1]/button' not found (Root cause: com.kms.katalon.core.exception.StepFailedException: Web element with id: 'Object Repository/FIM/Server_Notification_Close_btn' located by '/html/body/div/div[1]/button' not found
	at com.kms.katalon.core.webui.keyword.internal.WebUIKeywordMain.stepFailed(WebUIKeywordMain.groovy:117)
	at com.kms.katalon.core.webui.keyword.builtin.VerifyElementVisibleKeyword$_verifyElementVisible_closure1.doCall(VerifyElementVisibleKeyword.groovy:89)
	at com.kms.katalon.core.webui.keyword.builtin.VerifyElementVisibleKeyword$_verifyElementVisible_closure1.call(VerifyElementVisibleKeyword.groovy)
	at com.kms.katalon.core.webui.keyword.internal.WebUIKeywordMain.runKeyword(WebUIKeywordMain.groovy:35)
	at com.kms.katalon.core.webui.keyword.builtin.VerifyElementVisibleKeyword.verifyElementVisible(VerifyElementVisibleKeyword.groovy:97)
	at com.kms.katalon.core.webui.keyword.builtin.VerifyElementVisibleKeyword.execute(VerifyElementVisibleKeyword.groovy:67)
	at com.kms.katalon.core.keyword.internal.KeywordExecutor.executeKeywordForPlatform(KeywordExecutor.groovy:74)
	at com.kms.katalon.core.webui.keyword.WebUiBuiltInKeywords.verifyElementVisible(WebUiBuiltInKeywords.groovy:401)
	at com.kms.katalon.core.webui.keyword.WebUiBuiltInKeywords$verifyElementVisible$5.call(Unknown Source)
	at Edit Tank Commodity Code with Same Commodity.run(Edit Tank Commodity Code with Same Commodity:22)
	at com.kms.katalon.core.main.ScriptEngine.run(ScriptEngine.java:194)
	at com.kms.katalon.core.main.ScriptEngine.runScriptAsRawText(ScriptEngine.java:119)
	at com.kms.katalon.core.main.TestCaseExecutor.runScript(TestCaseExecutor.java:448)
	at com.kms.katalon.core.main.TestCaseExecutor.doExecute(TestCaseExecutor.java:439)
	at com.kms.katalon.core.main.TestCaseExecutor.processExecutionPhase(TestCaseExecutor.java:418)
	at com.kms.katalon.core.main.TestCaseExecutor.accessMainPhase(TestCaseExecutor.java:410)
	at com.kms.katalon.core.main.TestCaseExecutor.execute(TestCaseExecutor.java:285)
	at com.kms.katalon.core.common.CommonExecutor.accessTestCaseMainPhase(CommonExecutor.java:65)
	at com.kms.katalon.core.main.TestSuiteExecutor.accessTestSuiteMainPhase(TestSuiteExecutor.java:150)
	at com.kms.katalon.core.main.TestSuiteExecutor.execute(TestSuiteExecutor.java:106)
	at com.kms.katalon.core.main.TestCaseMain.startTestSuite(TestCaseMain.java:180)
	at com.kms.katalon.core.main.TestCaseMain$startTestSuite$0.call(Unknown Source)
	at TempTestSuite1761090786896.run(TempTestSuite1761090786896.groovy:35)
	at java.base/jdk.internal.reflect.NativeMethodAccessorImpl.invoke0(Native Method)
	at java.base/jdk.internal.reflect.NativeMethodAccessorImpl.invoke(NativeMethodAccessorImpl.java:77)
	at java.base/jdk.internal.reflect.DelegatingMethodAccessorImpl.invoke(DelegatingMethodAccessorImpl.java:43)
)

21-10-2025T21:30:33 - [TEST_STEP][PASSED] - click(findTestObject("FIM/Hamburger Menu List/Hamburger_menu")): Object: 'Object Repository/FIM/Hamburger Menu List/Hamburger_menu' is clicked on

21-10-2025T21:30:34 - [MESSAGE][PASSED] - Object: 'Object Repository/FIM/Hamburger Menu List/Hamburger_menu' is clicked on

21-10-2025T21:30:34 - [TEST_STEP][PASSED] - delay(2): Delayed 2 second(s)

21-10-2025T21:30:36 - [MESSAGE][PASSED] - Delayed 2 second(s)

21-10-2025T21:30:36 - [TEST_STEP][PASSED] - click(findTestObject("FIM/Hamburger Menu List/KGL_Sites_option")): Object: 'Object Repository/FIM/Hamburger Menu List/KGL_Sites_option' is clicked on

21-10-2025T21:30:36 - [MESSAGE][PASSED] - Object: 'Object Repository/FIM/Hamburger Menu List/KGL_Sites_option' is clicked on

21-10-2025T21:30:36 - [TEST_STEP][PASSED] - if (verifyElementVisible(findTestObject("FIM/Existing Page with Pending Changes Close_btn"), OPTIONAL) == true): Web element with id: 'Object Repository/FIM/Existing Page with Pending Changes Close_btn' located by '/html/body/div[2]/div[1]/div/div/footer/div/button' not found (Root cause: com.kms.katalon.core.exception.StepFailedException: Web element with id: 'Object Repository/FIM/Existing Page with Pending Changes Close_btn' located by '/html/body/div[2]/div[1]/div/div/footer/div/button' not found
	at com.kms.katalon.core.webui.keyword.internal.WebUIKeywordMain.stepFailed(WebUIKeywordMain.groovy:117)
	at com.kms.katalon.core.webui.keyword.builtin.VerifyElementVisibleKeyword$_verifyElementVisible_closure1.doCall(VerifyElementVisibleKeyword.groovy:89)
	at com.kms.katalon.core.webui.keyword.builtin.VerifyElementVisibleKeyword$_verifyElementVisible_closure1.call(VerifyElementVisibleKeyword.groovy)
	at com.kms.katalon.core.webui.keyword.internal.WebUIKeywordMain.runKeyword(WebUIKeywordMain.groovy:35)
	at com.kms.katalon.core.webui.keyword.builtin.VerifyElementVisibleKeyword.verifyElementVisible(VerifyElementVisibleKeyword.groovy:97)
	at com.kms.katalon.core.webui.keyword.builtin.VerifyElementVisibleKeyword.execute(VerifyElementVisibleKeyword.groovy:67)
	at com.kms.katalon.core.keyword.internal.KeywordExecutor.executeKeywordForPlatform(KeywordExecutor.groovy:74)
	at com.kms.katalon.core.webui.keyword.WebUiBuiltInKeywords.verifyElementVisible(WebUiBuiltInKeywords.groovy:401)
	at com.kms.katalon.core.webui.keyword.WebUiBuiltInKeywords$verifyElementVisible$5.call(Unknown Source)
	at Edit Tank Commodity Code with Same Commodity.run(Edit Tank Commodity Code with Same Commodity:33)
	at com.kms.katalon.core.main.ScriptEngine.run(ScriptEngine.java:194)
	at com.kms.katalon.core.main.ScriptEngine.runScriptAsRawText(ScriptEngine.java:119)
	at com.kms.katalon.core.main.TestCaseExecutor.runScript(TestCaseExecutor.java:448)
	at com.kms.katalon.core.main.TestCaseExecutor.doExecute(TestCaseExecutor.java:439)
	at com.kms.katalon.core.main.TestCaseExecutor.processExecutionPhase(TestCaseExecutor.java:418)
	at com.kms.katalon.core.main.TestCaseExecutor.accessMainPhase(TestCaseExecutor.java:410)
	at com.kms.katalon.core.main.TestCaseExecutor.execute(TestCaseExecutor.java:285)
	at com.kms.katalon.core.common.CommonExecutor.accessTestCaseMainPhase(CommonExecutor.java:65)
	at com.kms.katalon.core.main.TestSuiteExecutor.accessTestSuiteMainPhase(TestSuiteExecutor.java:150)
	at com.kms.katalon.core.main.TestSuiteExecutor.execute(TestSuiteExecutor.java:106)
	at com.kms.katalon.core.main.TestCaseMain.startTestSuite(TestCaseMain.java:180)
	at com.kms.katalon.core.main.TestCaseMain$startTestSuite$0.call(Unknown Source)
	at TempTestSuite1761090786896.run(TempTestSuite1761090786896.groovy:35)
	at java.base/jdk.internal.reflect.NativeMethodAccessorImpl.invoke0(Native Method)
	at java.base/jdk.internal.reflect.NativeMethodAccessorImpl.invoke(NativeMethodAccessorImpl.java:77)
	at java.base/jdk.internal.reflect.DelegatingMethodAccessorImpl.invoke(DelegatingMethodAccessorImpl.java:43)
)

21-10-2025T21:30:52 - [MESSAGE][INFO] - Unable to find the element located by 'By.xpath: /html/body/div[2]/div[1]/div/div/footer/div/button'. Please recheck the objects properties to make sure the desired element is located. 

21-10-2025T21:30:52 - [MESSAGE][WARNING] - [SELF-HEALING] Failed to find element with id 'Object Repository/FIM/Existing Page with Pending Changes Close_btn'. Try using Self-healing.

21-10-2025T21:30:53 - [MESSAGE][INFO] - [SELF-HEALING] No working XPath is found.

21-10-2025T21:30:55 - [MESSAGE][INFO] - Unable to find the element located by 'By.xpath: '. Please recheck the objects properties to make sure the desired element is located. 

21-10-2025T21:30:55 - [MESSAGE][WARNING] - [SELF-HEALING] Cannot find elements when the selector is null

21-10-2025T21:30:55 - [MESSAGE][WARNING] - Web element with id: 'Object Repository/FIM/Existing Page with Pending Changes Close_btn' located by '/html/body/div[2]/div[1]/div/div/footer/div/button' not found (Root cause: com.kms.katalon.core.exception.StepFailedException: Web element with id: 'Object Repository/FIM/Existing Page with Pending Changes Close_btn' located by '/html/body/div[2]/div[1]/div/div/footer/div/button' not found
	at com.kms.katalon.core.webui.keyword.internal.WebUIKeywordMain.stepFailed(WebUIKeywordMain.groovy:117)
	at com.kms.katalon.core.webui.keyword.builtin.VerifyElementVisibleKeyword$_verifyElementVisible_closure1.doCall(VerifyElementVisibleKeyword.groovy:89)
	at com.kms.katalon.core.webui.keyword.builtin.VerifyElementVisibleKeyword$_verifyElementVisible_closure1.call(VerifyElementVisibleKeyword.groovy)
	at com.kms.katalon.core.webui.keyword.internal.WebUIKeywordMain.runKeyword(WebUIKeywordMain.groovy:35)
	at com.kms.katalon.core.webui.keyword.builtin.VerifyElementVisibleKeyword.verifyElementVisible(VerifyElementVisibleKeyword.groovy:97)
	at com.kms.katalon.core.webui.keyword.builtin.VerifyElementVisibleKeyword.execute(VerifyElementVisibleKeyword.groovy:67)
	at com.kms.katalon.core.keyword.internal.KeywordExecutor.executeKeywordForPlatform(KeywordExecutor.groovy:74)
	at com.kms.katalon.core.webui.keyword.WebUiBuiltInKeywords.verifyElementVisible(WebUiBuiltInKeywords.groovy:401)
	at com.kms.katalon.core.webui.keyword.WebUiBuiltInKeywords$verifyElementVisible$5.call(Unknown Source)
	at Edit Tank Commodity Code with Same Commodity.run(Edit Tank Commodity Code with Same Commodity:33)
	at com.kms.katalon.core.main.ScriptEngine.run(ScriptEngine.java:194)
	at com.kms.katalon.core.main.ScriptEngine.runScriptAsRawText(ScriptEngine.java:119)
	at com.kms.katalon.core.main.TestCaseExecutor.runScript(TestCaseExecutor.java:448)
	at com.kms.katalon.core.main.TestCaseExecutor.doExecute(TestCaseExecutor.java:439)
	at com.kms.katalon.core.main.TestCaseExecutor.processExecutionPhase(TestCaseExecutor.java:418)
	at com.kms.katalon.core.main.TestCaseExecutor.accessMainPhase(TestCaseExecutor.java:410)
	at com.kms.katalon.core.main.TestCaseExecutor.execute(TestCaseExecutor.java:285)
	at com.kms.katalon.core.common.CommonExecutor.accessTestCaseMainPhase(CommonExecutor.java:65)
	at com.kms.katalon.core.main.TestSuiteExecutor.accessTestSuiteMainPhase(TestSuiteExecutor.java:150)
	at com.kms.katalon.core.main.TestSuiteExecutor.execute(TestSuiteExecutor.java:106)
	at com.kms.katalon.core.main.TestCaseMain.startTestSuite(TestCaseMain.java:180)
	at com.kms.katalon.core.main.TestCaseMain$startTestSuite$0.call(Unknown Source)
	at TempTestSuite1761090786896.run(TempTestSuite1761090786896.groovy:35)
	at java.base/jdk.internal.reflect.NativeMethodAccessorImpl.invoke0(Native Method)
	at java.base/jdk.internal.reflect.NativeMethodAccessorImpl.invoke(NativeMethodAccessorImpl.java:77)
	at java.base/jdk.internal.reflect.DelegatingMethodAccessorImpl.invoke(DelegatingMethodAccessorImpl.java:43)
)

21-10-2025T21:30:55 - [TEST_STEP][PASSED] - delay(1): Delayed 1 second(s)

21-10-2025T21:30:56 - [MESSAGE][PASSED] - Delayed 1 second(s)

21-10-2025T21:30:56 - [TEST_STEP][PASSED] - waitForElementClickable(findTestObject("FIM/Sites Page/Site Filtering/Site_txt"), 15): Object 'Object Repository/FIM/Sites Page/Site Filtering/Site_txt' is clickable

21-10-2025T21:30:56 - [MESSAGE][PASSED] - Object 'Object Repository/FIM/Sites Page/Site Filtering/Site_txt' is clickable

21-10-2025T21:30:56 - [TEST_STEP][PASSED] - verifyElementVisible(findTestObject("FIM/Sites Page/Tank/Tank Edit_btn")): Object 'Object Repository/FIM/Sites Page/Tank/Tank Edit_btn' is visible

21-10-2025T21:30:56 - [MESSAGE][PASSED] - Object 'Object Repository/FIM/Sites Page/Tank/Tank Edit_btn' is visible

21-10-2025T21:30:56 - [TEST_STEP][PASSED] - click(findTestObject("FIM/Sites Page/Tank/Tank Edit_btn")): Object: 'Object Repository/FIM/Sites Page/Tank/Tank Edit_btn' is clicked on

21-10-2025T21:30:56 - [MESSAGE][PASSED] - Object: 'Object Repository/FIM/Sites Page/Tank/Tank Edit_btn' is clicked on

21-10-2025T21:30:56 - [TEST_STEP][PASSED] - delay(2): Delayed 2 second(s)

21-10-2025T21:30:58 - [MESSAGE][PASSED] - Delayed 2 second(s)

21-10-2025T21:30:58 - [TEST_STEP][FAILED] - selectOptionByLabel(findTestObject("FIM/Sites Page/Tank/Commodity Code_dropdown"), "R9390078", false): Unable to select option by label 'R9390078' of object 'Object Repository/FIM/Sites Page/Tank/Commodity Code_dropdown'  (Root cause: com.kms.katalon.core.exception.StepFailedException: Unable to select option by label 'R9390078' of object 'Object Repository/FIM/Sites Page/Tank/Commodity Code_dropdown' 
	at com.kms.katalon.core.webui.keyword.internal.WebUIKeywordMain.stepFailed(WebUIKeywordMain.groovy:117)
	at com.kms.katalon.core.webui.keyword.internal.WebUIKeywordMain.runKeyword(WebUIKeywordMain.groovy:43)
	at com.kms.katalon.core.webui.keyword.builtin.SelectOptionByLabelKeyword.selectOptionByLabel(SelectOptionByLabelKeyword.groovy:98)
	at com.kms.katalon.core.webui.keyword.builtin.SelectOptionByLabelKeyword.execute(SelectOptionByLabelKeyword.groovy:71)
	at com.kms.katalon.core.keyword.internal.KeywordExecutor.executeKeywordForPlatform(KeywordExecutor.groovy:74)
	at com.kms.katalon.core.webui.keyword.WebUiBuiltInKeywords.selectOptionByLabel(WebUiBuiltInKeywords.groovy:1269)
	at com.kms.katalon.core.webui.keyword.WebUiBuiltInKeywords$selectOptionByLabel$9.call(Unknown Source)
	at Edit Tank Commodity Code with Same Commodity.run(Edit Tank Commodity Code with Same Commodity:50)
	at com.kms.katalon.core.main.ScriptEngine.run(ScriptEngine.java:194)
	at com.kms.katalon.core.main.ScriptEngine.runScriptAsRawText(ScriptEngine.java:119)
	at com.kms.katalon.core.main.TestCaseExecutor.runScript(TestCaseExecutor.java:448)
	at com.kms.katalon.core.main.TestCaseExecutor.doExecute(TestCaseExecutor.java:439)
	at com.kms.katalon.core.main.TestCaseExecutor.processExecutionPhase(TestCaseExecutor.java:418)
	at com.kms.katalon.core.main.TestCaseExecutor.accessMainPhase(TestCaseExecutor.java:410)
	at com.kms.katalon.core.main.TestCaseExecutor.execute(TestCaseExecutor.java:285)
	at com.kms.katalon.core.common.CommonExecutor.accessTestCaseMainPhase(CommonExecutor.java:65)
	at com.kms.katalon.core.main.TestSuiteExecutor.accessTestSuiteMainPhase(TestSuiteExecutor.java:150)
	at com.kms.katalon.core.main.TestSuiteExecutor.execute(TestSuiteExecutor.java:106)
	at com.kms.katalon.core.main.TestCaseMain.startTestSuite(TestCaseMain.java:180)
	at com.kms.katalon.core.main.TestCaseMain$startTestSuite$0.call(Unknown Source)
	at TempTestSuite1761090786896.run(TempTestSuite1761090786896.groovy:35)
	at java.base/jdk.internal.reflect.NativeMethodAccessorImpl.invoke0(Native Method)
	at java.base/jdk.internal.reflect.NativeMethodAccessorImpl.invoke(NativeMethodAccessorImpl.java:77)
	at java.base/jdk.internal.reflect.DelegatingMethodAccessorImpl.invoke(DelegatingMethodAccessorImpl.java:43)
Caused by: org.openqa.selenium.NoSuchElementException: Cannot locate element with text: R9390078
For documentation on this error, please visit: https://www.seleniumhq.org/exceptions/no_such_element.html
Build info: version: '3.141.59', revision: 'unknown', time: 'unknown'
System info: host: 'DC1ADOBLD01', ip: '10.2.20.71', os.name: 'Windows Server 2019', os.arch: 'amd64', os.version: '10.0', java.version: '17.0.7'
Driver info: driver.version: unknown
	at org.openqa.selenium.support.ui.Select.selectByVisibleText(Select.java:147)
	at com.kms.katalon.core.webui.common.WebUiCommonHelper.selectOrDeselectOptionsByLabel(WebUiCommonHelper.java:315)
	at com.kms.katalon.core.webui.keyword.builtin.SelectOptionByLabelKeyword$_selectOptionByLabel_closure1.doCall(SelectOptionByLabelKeyword.groovy:87)
	at com.kms.katalon.core.webui.keyword.builtin.SelectOptionByLabelKeyword$_selectOptionByLabel_closure1.call(SelectOptionByLabelKeyword.groovy)
	at com.kms.katalon.core.webui.keyword.internal.WebUIKeywordMain.runKeyword(WebUIKeywordMain.groovy:35)
	at com.kms.katalon.core.webui.keyword.builtin.SelectOptionByLabelKeyword.selectOptionByLabel(SelectOptionByLabelKeyword.groovy:98)
	at com.kms.katalon.core.webui.keyword.builtin.SelectOptionByLabelKeyword.execute(SelectOptionByLabelKeyword.groovy:71)
	at com.kms.katalon.core.keyword.internal.KeywordExecutor.executeKeywordForPlatform(KeywordExecutor.groovy:74)
	at com.kms.katalon.core.webui.keyword.WebUiBuiltInKeywords.selectOptionByLabel(WebUiBuiltInKeywords.groovy:1269)
	at com.kms.katalon.core.webui.keyword.WebUiBuiltInKeywords$selectOptionByLabel$9.call(Unknown Source)
	at Script1704733537821.run(Script1704733537821.groovy:50)
	... 16 more
)

21-10-2025T21:30:58 - [MESSAGE][FAILED] - Unable to select option by label 'R9390078' of object 'Object Repository/FIM/Sites Page/Tank/Commodity Code_dropdown'  (Root cause: com.kms.katalon.core.exception.StepFailedException: Unable to select option by label 'R9390078' of object 'Object Repository/FIM/Sites Page/Tank/Commodity Code_dropdown' 
	at com.kms.katalon.core.webui.keyword.internal.WebUIKeywordMain.stepFailed(WebUIKeywordMain.groovy:117)
	at com.kms.katalon.core.webui.keyword.internal.WebUIKeywordMain.runKeyword(WebUIKeywordMain.groovy:43)
	at com.kms.katalon.core.webui.keyword.builtin.SelectOptionByLabelKeyword.selectOptionByLabel(SelectOptionByLabelKeyword.groovy:98)
	at com.kms.katalon.core.webui.keyword.builtin.SelectOptionByLabelKeyword.execute(SelectOptionByLabelKeyword.groovy:71)
	at com.kms.katalon.core.keyword.internal.KeywordExecutor.executeKeywordForPlatform(KeywordExecutor.groovy:74)
	at com.kms.katalon.core.webui.keyword.WebUiBuiltInKeywords.selectOptionByLabel(WebUiBuiltInKeywords.groovy:1269)
	at com.kms.katalon.core.webui.keyword.WebUiBuiltInKeywords$selectOptionByLabel$9.call(Unknown Source)
	at Edit Tank Commodity Code with Same Commodity.run(Edit Tank Commodity Code with Same Commodity:50)
	at com.kms.katalon.core.main.ScriptEngine.run(ScriptEngine.java:194)
	at com.kms.katalon.core.main.ScriptEngine.runScriptAsRawText(ScriptEngine.java:119)
	at com.kms.katalon.core.main.TestCaseExecutor.runScript(TestCaseExecutor.java:448)
	at com.kms.katalon.core.main.TestCaseExecutor.doExecute(TestCaseExecutor.java:439)
	at com.kms.katalon.core.main.TestCaseExecutor.processExecutionPhase(TestCaseExecutor.java:418)
	at com.kms.katalon.core.main.TestCaseExecutor.accessMainPhase(TestCaseExecutor.java:410)
	at com.kms.katalon.core.main.TestCaseExecutor.execute(TestCaseExecutor.java:285)
	at com.kms.katalon.core.common.CommonExecutor.accessTestCaseMainPhase(CommonExecutor.java:65)
	at com.kms.katalon.core.main.TestSuiteExecutor.accessTestSuiteMainPhase(TestSuiteExecutor.java:150)
	at com.kms.katalon.core.main.TestSuiteExecutor.execute(TestSuiteExecutor.java:106)
	at com.kms.katalon.core.main.TestCaseMain.startTestSuite(TestCaseMain.java:180)
	at com.kms.katalon.core.main.TestCaseMain$startTestSuite$0.call(Unknown Source)
	at TempTestSuite1761090786896.run(TempTestSuite1761090786896.groovy:35)
	at java.base/jdk.internal.reflect.NativeMethodAccessorImpl.invoke0(Native Method)
	at java.base/jdk.internal.reflect.NativeMethodAccessorImpl.invoke(NativeMethodAccessorImpl.java:77)
	at java.base/jdk.internal.reflect.DelegatingMethodAccessorImpl.invoke(DelegatingMethodAccessorImpl.java:43)
Caused by: org.openqa.selenium.NoSuchElementException: Cannot locate element with text: R9390078
For documentation on this error, please visit: https://www.seleniumhq.org/exceptions/no_such_element.html
Build info: version: '3.141.59', revision: 'unknown', time: 'unknown'
System info: host: 'DC1ADOBLD01', ip: '10.2.20.71', os.name: 'Windows Server 2019', os.arch: 'amd64', os.version: '10.0', java.version: '17.0.7'
Driver info: driver.version: unknown
	at org.openqa.selenium.support.ui.Select.selectByVisibleText(Select.java:147)
	at com.kms.katalon.core.webui.common.WebUiCommonHelper.selectOrDeselectOptionsByLabel(WebUiCommonHelper.java:315)
	at com.kms.katalon.core.webui.keyword.builtin.SelectOptionByLabelKeyword$_selectOptionByLabel_closure1.doCall(SelectOptionByLabelKeyword.groovy:87)
	at com.kms.katalon.core.webui.keyword.builtin.SelectOptionByLabelKeyword$_selectOptionByLabel_closure1.call(SelectOptionByLabelKeyword.groovy)
	at com.kms.katalon.core.webui.keyword.internal.WebUIKeywordMain.runKeyword(WebUIKeywordMain.groovy:35)
	at com.kms.katalon.core.webui.keyword.builtin.SelectOptionByLabelKeyword.selectOptionByLabel(SelectOptionByLabelKeyword.groovy:98)
	at com.kms.katalon.core.webui.keyword.builtin.SelectOptionByLabelKeyword.execute(SelectOptionByLabelKeyword.groovy:71)
	at com.kms.katalon.core.keyword.internal.KeywordExecutor.executeKeywordForPlatform(KeywordExecutor.groovy:74)
	at com.kms.katalon.core.webui.keyword.WebUiBuiltInKeywords.selectOptionByLabel(WebUiBuiltInKeywords.groovy:1269)
	at com.kms.katalon.core.webui.keyword.WebUiBuiltInKeywords$selectOptionByLabel$9.call(Unknown Source)
	at Script1704733537821.run(Script1704733537821.groovy:50)
	... 16 more
)

21-10-2025T21:30:58 - [TEST_STEP][PASSED] - Start listener action : retryOnDisconnect: Current window's url is: 'https://kaglogistics-inventory-management-portal.qa.thekag.com/site/MM613'

21-10-2025T21:30:58 - [TEST_STEP][PASSED] - tcId = testCaseContext.getTestCaseId(): null

21-10-2025T21:30:58 - [TEST_STEP][PASSED] - currentRetry = retryCounts.getOrDefault(tcId, 0): null

21-10-2025T21:30:58 - [TEST_STEP][PASSED] - if (testCaseContext.getTestCaseStatus() == "FAILED" && currentRetry < MAX_RETRIES): Current window's url is: 'https://kaglogistics-inventory-management-portal.qa.thekag.com/site/MM613'

21-10-2025T21:30:58 - [TEST_STEP][PASSED] - try: Current window's url is: 'https://kaglogistics-inventory-management-portal.qa.thekag.com/site/MM613'

21-10-2025T21:30:58 - [TEST_STEP][PASSED] - comment(Checking for WebDriver disconnect for test case: $tcId): Checking for WebDriver disconnect for test case: Test Cases/FIM/UI/KGL/Admin/Sites Page/Tank/Edit Tank Commodity Code with Same Commodity

21-10-2025T21:30:58 - [MESSAGE][INFO] - Checking for WebDriver disconnect for test case: Test Cases/FIM/UI/KGL/Admin/Sites Page/Tank/Edit Tank Commodity Code with Same Commodity

21-10-2025T21:30:58 - [TEST_STEP][PASSED] - getUrl(): Current window's url is: 'https://kaglogistics-inventory-management-portal.qa.thekag.com/site/MM613'

21-10-2025T21:30:58 - [MESSAGE][PASSED] - Current window's url is: 'https://kaglogistics-inventory-management-portal.qa.thekag.com/site/MM613']]></system-out>
         <system-err><![CDATA[21-10-2025T21:29:58 - [TEST_CASE][FAILED] - Test Cases/FIM/UI/KGL/Admin/Sites Page/Tank/Edit Tank Commodity Code with Same Commodity: Test Cases/FIM/UI/KGL/Admin/Sites Page/Tank/Edit Tank Commodity Code with Same Commodity FAILED.
Reason:
com.kms.katalon.core.exception.StepFailedException: Unable to select option by label 'R9390078' of object 'Object Repository/FIM/Sites Page/Tank/Commodity Code_dropdown' 
	at com.kms.katalon.core.webui.keyword.internal.WebUIKeywordMain.stepFailed(WebUIKeywordMain.groovy:117)
	at com.kms.katalon.core.webui.keyword.internal.WebUIKeywordMain.runKeyword(WebUIKeywordMain.groovy:43)
	at com.kms.katalon.core.webui.keyword.builtin.SelectOptionByLabelKeyword.selectOptionByLabel(SelectOptionByLabelKeyword.groovy:98)
	at com.kms.katalon.core.webui.keyword.builtin.SelectOptionByLabelKeyword.execute(SelectOptionByLabelKeyword.groovy:71)
	at com.kms.katalon.core.keyword.internal.KeywordExecutor.executeKeywordForPlatform(KeywordExecutor.groovy:74)
	at com.kms.katalon.core.webui.keyword.WebUiBuiltInKeywords.selectOptionByLabel(WebUiBuiltInKeywords.groovy:1269)
	at com.kms.katalon.core.webui.keyword.WebUiBuiltInKeywords$selectOptionByLabel$9.call(Unknown Source)
	at Edit Tank Commodity Code with Same Commodity.run(Edit Tank Commodity Code with Same Commodity:50)
	at com.kms.katalon.core.main.ScriptEngine.run(ScriptEngine.java:194)
	at com.kms.katalon.core.main.ScriptEngine.runScriptAsRawText(ScriptEngine.java:119)
	at com.kms.katalon.core.main.TestCaseExecutor.runScript(TestCaseExecutor.java:448)
	at com.kms.katalon.core.main.TestCaseExecutor.doExecute(TestCaseExecutor.java:439)
	at com.kms.katalon.core.main.TestCaseExecutor.processExecutionPhase(TestCaseExecutor.java:418)
	at com.kms.katalon.core.main.TestCaseExecutor.accessMainPhase(TestCaseExecutor.java:410)
	at com.kms.katalon.core.main.TestCaseExecutor.execute(TestCaseExecutor.java:285)
	at com.kms.katalon.core.common.CommonExecutor.accessTestCaseMainPhase(CommonExecutor.java:65)
	at com.kms.katalon.core.main.TestSuiteExecutor.accessTestSuiteMainPhase(TestSuiteExecutor.java:150)
	at com.kms.katalon.core.main.TestSuiteExecutor.execute(TestSuiteExecutor.java:106)
	at com.kms.katalon.core.main.TestCaseMain.startTestSuite(TestCaseMain.java:180)
	at com.kms.katalon.core.main.TestCaseMain$startTestSuite$0.call(Unknown Source)
	at TempTestSuite1761090786896.run(TempTestSuite1761090786896.groovy:35)
	at java.base/jdk.internal.reflect.NativeMethodAccessorImpl.invoke0(Native Method)
	at java.base/jdk.internal.reflect.NativeMethodAccessorImpl.invoke(NativeMethodAccessorImpl.java:77)
	at java.base/jdk.internal.reflect.DelegatingMethodAccessorImpl.invoke(DelegatingMethodAccessorImpl.java:43)
Caused by: org.openqa.selenium.NoSuchElementException: Cannot locate element with text: R9390078
For documentation on this error, please visit: https://www.seleniumhq.org/exceptions/no_such_element.html
Build info: version: '3.141.59', revision: 'unknown', time: 'unknown'
System info: host: 'DC1ADOBLD01', ip: '10.2.20.71', os.name: 'Windows Server 2019', os.arch: 'amd64', os.version: '10.0', java.version: '17.0.7'
Driver info: driver.version: unknown
	at org.openqa.selenium.support.ui.Select.selectByVisibleText(Select.java:147)
	at com.kms.katalon.core.webui.common.WebUiCommonHelper.selectOrDeselectOptionsByLabel(WebUiCommonHelper.java:315)
	at com.kms.katalon.core.webui.keyword.builtin.SelectOptionByLabelKeyword$_selectOptionByLabel_closure1.doCall(SelectOptionByLabelKeyword.groovy:87)
	at com.kms.katalon.core.webui.keyword.builtin.SelectOptionByLabelKeyword$_selectOptionByLabel_closure1.call(SelectOptionByLabelKeyword.groovy)
	at com.kms.katalon.core.webui.keyword.internal.WebUIKeywordMain.runKeyword(WebUIKeywordMain.groovy:35)
	... 22 more]]></system-err>
      </testcase>
      <testcase name="Test Cases/FIM/UI/KGL/Admin/Sites Page/Tank/Edit Tank Commodity Code with Different Commodity" time="64.745" classname="Test Cases/FIM/UI/KGL/Admin/Sites Page/Tank/Edit Tank Commodity Code with Different Commodity" status="PASSED">
         <system-out><![CDATA[21-10-2025T21:30:58 - [TEST_CASE][PASSED] - Test Cases/FIM/UI/KGL/Admin/Sites Page/Tank/Edit Tank Commodity Code with Different Commodity: Test Cases/FIM/UI/KGL/Admin/Sites Page/Tank/Edit Tank Commodity Code with Different Commodity

21-10-2025T21:30:58 - [TEST_STEP][PASSED] - Start listener action : beforeTestCase: null

21-10-2025T21:30:58 - [TEST_STEP][PASSED] - addDefaultPackages(): null

21-10-2025T21:30:58 - [TEST_STEP][PASSED] - callTestCase(findTestCase("Utility Scripts/FIM KGL Admin Login"), [:], STOP_ON_FAILURE): Call Test Case 'Test Cases/Utility Scripts/FIM KGL Admin Login' successfully

21-10-2025T21:30:58 - [TEST_CASE][PASSED] - Test Cases/Utility Scripts/FIM KGL Admin Login: Test Cases/Utility Scripts/FIM KGL Admin Login

21-10-2025T21:30:58 - [TEST_STEP][PASSED] - openBrowser(""): Browser is opened with url: ''

21-10-2025T21:30:58 - [MESSAGE][WARNING] - A browser is already opened. Closing browser and opening a new one

21-10-2025T21:30:58 - [MESSAGE][INFO] - Starting 'Chrome' driver

21-10-2025T21:30:58 - [MESSAGE][INFO] - User set preference: ['args', '[--no-sandbox, --disable-gpu, --disable-dev-shm-usage]']

21-10-2025T21:30:58 - [MESSAGE][INFO] - Action delay is set to 0 milliseconds

21-10-2025T21:30:59 - [MESSAGE][PASSED] - Browser is opened with url: ''

21-10-2025T21:30:59 - [TEST_STEP][PASSED] - delay(1): Delayed 1 second(s)

21-10-2025T21:31:00 - [MESSAGE][PASSED] - Delayed 1 second(s)

21-10-2025T21:31:00 - [TEST_STEP][PASSED] - navigateToUrl(KGLCustomGroupUrl): Navigate to 'https://kaglogistics-inventory-management-portal.qa.thekag.com/custom-group/' successfully

21-10-2025T21:31:00 - [MESSAGE][PASSED] - Navigate to 'https://kaglogistics-inventory-management-portal.qa.thekag.com/custom-group/' successfully

21-10-2025T21:31:00 - [TEST_STEP][PASSED] - delay(10): Delayed 10 second(s)

21-10-2025T21:31:10 - [MESSAGE][PASSED] - Delayed 10 second(s)

21-10-2025T21:31:10 - [TEST_STEP][PASSED] - if (maximizeWindow == true): Delayed 1 second(s)

21-10-2025T21:31:10 - [TEST_STEP][PASSED] - maximizeWindow(STOP_ON_FAILURE): Current window maximized

21-10-2025T21:31:10 - [MESSAGE][PASSED] - Current window maximized

21-10-2025T21:31:10 - [TEST_STEP][PASSED] - delay(1): Delayed 1 second(s)

21-10-2025T21:31:11 - [MESSAGE][PASSED] - Delayed 1 second(s)

21-10-2025T21:31:11 - [TEST_STEP][PASSED] - waitForElementPresent(findTestObject("FIM/Username_txt"), 10): Object 'Object Repository/FIM/Username_txt' is present

21-10-2025T21:31:11 - [MESSAGE][PASSED] - Object 'Object Repository/FIM/Username_txt' is present

21-10-2025T21:31:11 - [TEST_STEP][PASSED] - setText(findTestObject("FIM/Username_txt"), FIMUsername): Text 'Chris.Sheldon+DES_QA@Thekag.com' is set on object 'Object Repository/FIM/Username_txt'

21-10-2025T21:31:12 - [MESSAGE][PASSED] - Text 'Chris.Sheldon+DES_QA@Thekag.com' is set on object 'Object Repository/FIM/Username_txt'

21-10-2025T21:31:12 - [TEST_STEP][PASSED] - delay(1): Delayed 1 second(s)

21-10-2025T21:31:13 - [MESSAGE][PASSED] - Delayed 1 second(s)

21-10-2025T21:31:13 - [TEST_STEP][PASSED] - setText(findTestObject("FIM/Password_txt"), FIMPassword): Text 'QATest!2' is set on object 'Object Repository/FIM/Password_txt'

21-10-2025T21:31:13 - [MESSAGE][PASSED] - Text 'QATest!2' is set on object 'Object Repository/FIM/Password_txt'

21-10-2025T21:31:13 - [TEST_STEP][PASSED] - delay(1): Delayed 1 second(s)

21-10-2025T21:31:14 - [MESSAGE][PASSED] - Delayed 1 second(s)

21-10-2025T21:31:14 - [TEST_STEP][PASSED] - click(findTestObject("FIM/Login_btn")): Object: 'Object Repository/FIM/Login_btn' is clicked on

21-10-2025T21:31:14 - [MESSAGE][PASSED] - Object: 'Object Repository/FIM/Login_btn' is clicked on

21-10-2025T21:31:14 - [MESSAGE][PASSED] - Call Test Case 'Test Cases/Utility Scripts/FIM KGL Admin Login' successfully

21-10-2025T21:31:14 - [TEST_STEP][PASSED] - if (verifyElementVisible(findTestObject("FIM/Server_Notification_Close_btn"), OPTIONAL) == true): Web element with id: 'Object Repository/FIM/Server_Notification_Close_btn' located by '/html/body/div/div[1]/button' not found (Root cause: com.kms.katalon.core.exception.StepFailedException: Web element with id: 'Object Repository/FIM/Server_Notification_Close_btn' located by '/html/body/div/div[1]/button' not found
	at com.kms.katalon.core.webui.keyword.internal.WebUIKeywordMain.stepFailed(WebUIKeywordMain.groovy:117)
	at com.kms.katalon.core.webui.keyword.builtin.VerifyElementVisibleKeyword$_verifyElementVisible_closure1.doCall(VerifyElementVisibleKeyword.groovy:89)
	at com.kms.katalon.core.webui.keyword.builtin.VerifyElementVisibleKeyword$_verifyElementVisible_closure1.call(VerifyElementVisibleKeyword.groovy)
	at com.kms.katalon.core.webui.keyword.internal.WebUIKeywordMain.runKeyword(WebUIKeywordMain.groovy:35)
	at com.kms.katalon.core.webui.keyword.builtin.VerifyElementVisibleKeyword.verifyElementVisible(VerifyElementVisibleKeyword.groovy:97)
	at com.kms.katalon.core.webui.keyword.builtin.VerifyElementVisibleKeyword.execute(VerifyElementVisibleKeyword.groovy:67)
	at com.kms.katalon.core.keyword.internal.KeywordExecutor.executeKeywordForPlatform(KeywordExecutor.groovy:74)
	at com.kms.katalon.core.webui.keyword.WebUiBuiltInKeywords.verifyElementVisible(WebUiBuiltInKeywords.groovy:401)
	at com.kms.katalon.core.webui.keyword.WebUiBuiltInKeywords$verifyElementVisible$5.call(Unknown Source)
	at Edit Tank Commodity Code with Different Commodity.run(Edit Tank Commodity Code with Different Commodity:22)
	at com.kms.katalon.core.main.ScriptEngine.run(ScriptEngine.java:194)
	at com.kms.katalon.core.main.ScriptEngine.runScriptAsRawText(ScriptEngine.java:119)
	at com.kms.katalon.core.main.TestCaseExecutor.runScript(TestCaseExecutor.java:448)
	at com.kms.katalon.core.main.TestCaseExecutor.doExecute(TestCaseExecutor.java:439)
	at com.kms.katalon.core.main.TestCaseExecutor.processExecutionPhase(TestCaseExecutor.java:418)
	at com.kms.katalon.core.main.TestCaseExecutor.accessMainPhase(TestCaseExecutor.java:410)
	at com.kms.katalon.core.main.TestCaseExecutor.execute(TestCaseExecutor.java:285)
	at com.kms.katalon.core.common.CommonExecutor.accessTestCaseMainPhase(CommonExecutor.java:65)
	at com.kms.katalon.core.main.TestSuiteExecutor.accessTestSuiteMainPhase(TestSuiteExecutor.java:150)
	at com.kms.katalon.core.main.TestSuiteExecutor.execute(TestSuiteExecutor.java:106)
	at com.kms.katalon.core.main.TestCaseMain.startTestSuite(TestCaseMain.java:180)
	at com.kms.katalon.core.main.TestCaseMain$startTestSuite$0.call(Unknown Source)
	at TempTestSuite1761090786896.run(TempTestSuite1761090786896.groovy:35)
	at java.base/jdk.internal.reflect.NativeMethodAccessorImpl.invoke0(Native Method)
	at java.base/jdk.internal.reflect.NativeMethodAccessorImpl.invoke(NativeMethodAccessorImpl.java:77)
	at java.base/jdk.internal.reflect.DelegatingMethodAccessorImpl.invoke(DelegatingMethodAccessorImpl.java:43)
)

21-10-2025T21:31:30 - [MESSAGE][INFO] - Unable to find the element located by 'By.xpath: /html/body/div/div[1]/button'. Please recheck the objects properties to make sure the desired element is located. 

21-10-2025T21:31:30 - [MESSAGE][WARNING] - [SELF-HEALING] Failed to find element with id 'Object Repository/FIM/Server_Notification_Close_btn'. Try using Self-healing.

21-10-2025T21:31:31 - [MESSAGE][INFO] - [SELF-HEALING] No working XPath is found.

21-10-2025T21:31:33 - [MESSAGE][INFO] - Unable to find the element located by 'By.xpath: '. Please recheck the objects properties to make sure the desired element is located. 

21-10-2025T21:31:33 - [MESSAGE][WARNING] - [SELF-HEALING] Cannot find elements when the selector is null

21-10-2025T21:31:33 - [MESSAGE][WARNING] - Web element with id: 'Object Repository/FIM/Server_Notification_Close_btn' located by '/html/body/div/div[1]/button' not found (Root cause: com.kms.katalon.core.exception.StepFailedException: Web element with id: 'Object Repository/FIM/Server_Notification_Close_btn' located by '/html/body/div/div[1]/button' not found
	at com.kms.katalon.core.webui.keyword.internal.WebUIKeywordMain.stepFailed(WebUIKeywordMain.groovy:117)
	at com.kms.katalon.core.webui.keyword.builtin.VerifyElementVisibleKeyword$_verifyElementVisible_closure1.doCall(VerifyElementVisibleKeyword.groovy:89)
	at com.kms.katalon.core.webui.keyword.builtin.VerifyElementVisibleKeyword$_verifyElementVisible_closure1.call(VerifyElementVisibleKeyword.groovy)
	at com.kms.katalon.core.webui.keyword.internal.WebUIKeywordMain.runKeyword(WebUIKeywordMain.groovy:35)
	at com.kms.katalon.core.webui.keyword.builtin.VerifyElementVisibleKeyword.verifyElementVisible(VerifyElementVisibleKeyword.groovy:97)
	at com.kms.katalon.core.webui.keyword.builtin.VerifyElementVisibleKeyword.execute(VerifyElementVisibleKeyword.groovy:67)
	at com.kms.katalon.core.keyword.internal.KeywordExecutor.executeKeywordForPlatform(KeywordExecutor.groovy:74)
	at com.kms.katalon.core.webui.keyword.WebUiBuiltInKeywords.verifyElementVisible(WebUiBuiltInKeywords.groovy:401)
	at com.kms.katalon.core.webui.keyword.WebUiBuiltInKeywords$verifyElementVisible$5.call(Unknown Source)
	at Edit Tank Commodity Code with Different Commodity.run(Edit Tank Commodity Code with Different Commodity:22)
	at com.kms.katalon.core.main.ScriptEngine.run(ScriptEngine.java:194)
	at com.kms.katalon.core.main.ScriptEngine.runScriptAsRawText(ScriptEngine.java:119)
	at com.kms.katalon.core.main.TestCaseExecutor.runScript(TestCaseExecutor.java:448)
	at com.kms.katalon.core.main.TestCaseExecutor.doExecute(TestCaseExecutor.java:439)
	at com.kms.katalon.core.main.TestCaseExecutor.processExecutionPhase(TestCaseExecutor.java:418)
	at com.kms.katalon.core.main.TestCaseExecutor.accessMainPhase(TestCaseExecutor.java:410)
	at com.kms.katalon.core.main.TestCaseExecutor.execute(TestCaseExecutor.java:285)
	at com.kms.katalon.core.common.CommonExecutor.accessTestCaseMainPhase(CommonExecutor.java:65)
	at com.kms.katalon.core.main.TestSuiteExecutor.accessTestSuiteMainPhase(TestSuiteExecutor.java:150)
	at com.kms.katalon.core.main.TestSuiteExecutor.execute(TestSuiteExecutor.java:106)
	at com.kms.katalon.core.main.TestCaseMain.startTestSuite(TestCaseMain.java:180)
	at com.kms.katalon.core.main.TestCaseMain$startTestSuite$0.call(Unknown Source)
	at TempTestSuite1761090786896.run(TempTestSuite1761090786896.groovy:35)
	at java.base/jdk.internal.reflect.NativeMethodAccessorImpl.invoke0(Native Method)
	at java.base/jdk.internal.reflect.NativeMethodAccessorImpl.invoke(NativeMethodAccessorImpl.java:77)
	at java.base/jdk.internal.reflect.DelegatingMethodAccessorImpl.invoke(DelegatingMethodAccessorImpl.java:43)
)

21-10-2025T21:31:33 - [TEST_STEP][PASSED] - click(findTestObject("FIM/Hamburger Menu List/Hamburger_menu")): Object: 'Object Repository/FIM/Hamburger Menu List/Hamburger_menu' is clicked on

21-10-2025T21:31:33 - [MESSAGE][PASSED] - Object: 'Object Repository/FIM/Hamburger Menu List/Hamburger_menu' is clicked on

21-10-2025T21:31:33 - [TEST_STEP][PASSED] - delay(2): Delayed 2 second(s)

21-10-2025T21:31:35 - [MESSAGE][PASSED] - Delayed 2 second(s)

21-10-2025T21:31:35 - [TEST_STEP][PASSED] - click(findTestObject("FIM/Hamburger Menu List/KGL_Sites_option")): Object: 'Object Repository/FIM/Hamburger Menu List/KGL_Sites_option' is clicked on

21-10-2025T21:31:35 - [MESSAGE][PASSED] - Object: 'Object Repository/FIM/Hamburger Menu List/KGL_Sites_option' is clicked on

21-10-2025T21:31:35 - [TEST_STEP][PASSED] - if (verifyElementVisible(findTestObject("FIM/Existing Page with Pending Changes Close_btn"), OPTIONAL) == true): Web element with id: 'Object Repository/FIM/Existing Page with Pending Changes Close_btn' located by '/html/body/div[2]/div[1]/div/div/footer/div/button' not found (Root cause: com.kms.katalon.core.exception.StepFailedException: Web element with id: 'Object Repository/FIM/Existing Page with Pending Changes Close_btn' located by '/html/body/div[2]/div[1]/div/div/footer/div/button' not found
	at com.kms.katalon.core.webui.keyword.internal.WebUIKeywordMain.stepFailed(WebUIKeywordMain.groovy:117)
	at com.kms.katalon.core.webui.keyword.builtin.VerifyElementVisibleKeyword$_verifyElementVisible_closure1.doCall(VerifyElementVisibleKeyword.groovy:89)
	at com.kms.katalon.core.webui.keyword.builtin.VerifyElementVisibleKeyword$_verifyElementVisible_closure1.call(VerifyElementVisibleKeyword.groovy)
	at com.kms.katalon.core.webui.keyword.internal.WebUIKeywordMain.runKeyword(WebUIKeywordMain.groovy:35)
	at com.kms.katalon.core.webui.keyword.builtin.VerifyElementVisibleKeyword.verifyElementVisible(VerifyElementVisibleKeyword.groovy:97)
	at com.kms.katalon.core.webui.keyword.builtin.VerifyElementVisibleKeyword.execute(VerifyElementVisibleKeyword.groovy:67)
	at com.kms.katalon.core.keyword.internal.KeywordExecutor.executeKeywordForPlatform(KeywordExecutor.groovy:74)
	at com.kms.katalon.core.webui.keyword.WebUiBuiltInKeywords.verifyElementVisible(WebUiBuiltInKeywords.groovy:401)
	at com.kms.katalon.core.webui.keyword.WebUiBuiltInKeywords$verifyElementVisible$5.call(Unknown Source)
	at Edit Tank Commodity Code with Different Commodity.run(Edit Tank Commodity Code with Different Commodity:33)
	at com.kms.katalon.core.main.ScriptEngine.run(ScriptEngine.java:194)
	at com.kms.katalon.core.main.ScriptEngine.runScriptAsRawText(ScriptEngine.java:119)
	at com.kms.katalon.core.main.TestCaseExecutor.runScript(TestCaseExecutor.java:448)
	at com.kms.katalon.core.main.TestCaseExecutor.doExecute(TestCaseExecutor.java:439)
	at com.kms.katalon.core.main.TestCaseExecutor.processExecutionPhase(TestCaseExecutor.java:418)
	at com.kms.katalon.core.main.TestCaseExecutor.accessMainPhase(TestCaseExecutor.java:410)
	at com.kms.katalon.core.main.TestCaseExecutor.execute(TestCaseExecutor.java:285)
	at com.kms.katalon.core.common.CommonExecutor.accessTestCaseMainPhase(CommonExecutor.java:65)
	at com.kms.katalon.core.main.TestSuiteExecutor.accessTestSuiteMainPhase(TestSuiteExecutor.java:150)
	at com.kms.katalon.core.main.TestSuiteExecutor.execute(TestSuiteExecutor.java:106)
	at com.kms.katalon.core.main.TestCaseMain.startTestSuite(TestCaseMain.java:180)
	at com.kms.katalon.core.main.TestCaseMain$startTestSuite$0.call(Unknown Source)
	at TempTestSuite1761090786896.run(TempTestSuite1761090786896.groovy:35)
	at java.base/jdk.internal.reflect.NativeMethodAccessorImpl.invoke0(Native Method)
	at java.base/jdk.internal.reflect.NativeMethodAccessorImpl.invoke(NativeMethodAccessorImpl.java:77)
	at java.base/jdk.internal.reflect.DelegatingMethodAccessorImpl.invoke(DelegatingMethodAccessorImpl.java:43)
)

21-10-2025T21:31:51 - [MESSAGE][INFO] - Unable to find the element located by 'By.xpath: /html/body/div[2]/div[1]/div/div/footer/div/button'. Please recheck the objects properties to make sure the desired element is located. 

21-10-2025T21:31:51 - [MESSAGE][WARNING] - [SELF-HEALING] Failed to find element with id 'Object Repository/FIM/Existing Page with Pending Changes Close_btn'. Try using Self-healing.

21-10-2025T21:31:52 - [MESSAGE][INFO] - [SELF-HEALING] No working XPath is found.

21-10-2025T21:31:54 - [MESSAGE][INFO] - Unable to find the element located by 'By.xpath: '. Please recheck the objects properties to make sure the desired element is located. 

21-10-2025T21:31:54 - [MESSAGE][WARNING] - [SELF-HEALING] Cannot find elements when the selector is null

21-10-2025T21:31:54 - [MESSAGE][WARNING] - Web element with id: 'Object Repository/FIM/Existing Page with Pending Changes Close_btn' located by '/html/body/div[2]/div[1]/div/div/footer/div/button' not found (Root cause: com.kms.katalon.core.exception.StepFailedException: Web element with id: 'Object Repository/FIM/Existing Page with Pending Changes Close_btn' located by '/html/body/div[2]/div[1]/div/div/footer/div/button' not found
	at com.kms.katalon.core.webui.keyword.internal.WebUIKeywordMain.stepFailed(WebUIKeywordMain.groovy:117)
	at com.kms.katalon.core.webui.keyword.builtin.VerifyElementVisibleKeyword$_verifyElementVisible_closure1.doCall(VerifyElementVisibleKeyword.groovy:89)
	at com.kms.katalon.core.webui.keyword.builtin.VerifyElementVisibleKeyword$_verifyElementVisible_closure1.call(VerifyElementVisibleKeyword.groovy)
	at com.kms.katalon.core.webui.keyword.internal.WebUIKeywordMain.runKeyword(WebUIKeywordMain.groovy:35)
	at com.kms.katalon.core.webui.keyword.builtin.VerifyElementVisibleKeyword.verifyElementVisible(VerifyElementVisibleKeyword.groovy:97)
	at com.kms.katalon.core.webui.keyword.builtin.VerifyElementVisibleKeyword.execute(VerifyElementVisibleKeyword.groovy:67)
	at com.kms.katalon.core.keyword.internal.KeywordExecutor.executeKeywordForPlatform(KeywordExecutor.groovy:74)
	at com.kms.katalon.core.webui.keyword.WebUiBuiltInKeywords.verifyElementVisible(WebUiBuiltInKeywords.groovy:401)
	at com.kms.katalon.core.webui.keyword.WebUiBuiltInKeywords$verifyElementVisible$5.call(Unknown Source)
	at Edit Tank Commodity Code with Different Commodity.run(Edit Tank Commodity Code with Different Commodity:33)
	at com.kms.katalon.core.main.ScriptEngine.run(ScriptEngine.java:194)
	at com.kms.katalon.core.main.ScriptEngine.runScriptAsRawText(ScriptEngine.java:119)
	at com.kms.katalon.core.main.TestCaseExecutor.runScript(TestCaseExecutor.java:448)
	at com.kms.katalon.core.main.TestCaseExecutor.doExecute(TestCaseExecutor.java:439)
	at com.kms.katalon.core.main.TestCaseExecutor.processExecutionPhase(TestCaseExecutor.java:418)
	at com.kms.katalon.core.main.TestCaseExecutor.accessMainPhase(TestCaseExecutor.java:410)
	at com.kms.katalon.core.main.TestCaseExecutor.execute(TestCaseExecutor.java:285)
	at com.kms.katalon.core.common.CommonExecutor.accessTestCaseMainPhase(CommonExecutor.java:65)
	at com.kms.katalon.core.main.TestSuiteExecutor.accessTestSuiteMainPhase(TestSuiteExecutor.java:150)
	at com.kms.katalon.core.main.TestSuiteExecutor.execute(TestSuiteExecutor.java:106)
	at com.kms.katalon.core.main.TestCaseMain.startTestSuite(TestCaseMain.java:180)
	at com.kms.katalon.core.main.TestCaseMain$startTestSuite$0.call(Unknown Source)
	at TempTestSuite1761090786896.run(TempTestSuite1761090786896.groovy:35)
	at java.base/jdk.internal.reflect.NativeMethodAccessorImpl.invoke0(Native Method)
	at java.base/jdk.internal.reflect.NativeMethodAccessorImpl.invoke(NativeMethodAccessorImpl.java:77)
	at java.base/jdk.internal.reflect.DelegatingMethodAccessorImpl.invoke(DelegatingMethodAccessorImpl.java:43)
)

21-10-2025T21:31:54 - [TEST_STEP][PASSED] - delay(1): Delayed 1 second(s)

21-10-2025T21:31:55 - [MESSAGE][PASSED] - Delayed 1 second(s)

21-10-2025T21:31:55 - [TEST_STEP][PASSED] - waitForElementClickable(findTestObject("FIM/Sites Page/Site Filtering/Site_txt"), 15): Object 'Object Repository/FIM/Sites Page/Site Filtering/Site_txt' is clickable

21-10-2025T21:31:55 - [MESSAGE][PASSED] - Object 'Object Repository/FIM/Sites Page/Site Filtering/Site_txt' is clickable

21-10-2025T21:31:55 - [TEST_STEP][PASSED] - verifyElementVisible(findTestObject("FIM/Sites Page/Tank/Tank Edit_btn")): Object 'Object Repository/FIM/Sites Page/Tank/Tank Edit_btn' is visible

21-10-2025T21:31:55 - [MESSAGE][PASSED] - Object 'Object Repository/FIM/Sites Page/Tank/Tank Edit_btn' is visible

21-10-2025T21:31:55 - [TEST_STEP][PASSED] - click(findTestObject("FIM/Sites Page/Tank/Tank Edit_btn")): Object: 'Object Repository/FIM/Sites Page/Tank/Tank Edit_btn' is clicked on

21-10-2025T21:31:55 - [MESSAGE][PASSED] - Object: 'Object Repository/FIM/Sites Page/Tank/Tank Edit_btn' is clicked on

21-10-2025T21:31:55 - [TEST_STEP][PASSED] - delay(2): Delayed 2 second(s)

21-10-2025T21:31:57 - [MESSAGE][PASSED] - Delayed 2 second(s)

21-10-2025T21:31:57 - [TEST_STEP][PASSED] - selectOptionByLabel(findTestObject("FIM/Sites Page/Tank/Commodity_dropdown"), "UNLEADED", false): All options with label 'UNLEADED' are selected in object 'Object Repository/FIM/Sites Page/Tank/Commodity_dropdown' 

21-10-2025T21:31:58 - [MESSAGE][PASSED] - All options with label 'UNLEADED' are selected in object 'Object Repository/FIM/Sites Page/Tank/Commodity_dropdown' 

21-10-2025T21:31:58 - [TEST_STEP][PASSED] - delay(1): Delayed 1 second(s)

21-10-2025T21:31:59 - [MESSAGE][PASSED] - Delayed 1 second(s)

21-10-2025T21:31:59 - [TEST_STEP][PASSED] - verifyOptionNotPresentByValue(findTestObject("FIM/Sites Page/Tank/Commodity Code_dropdown"), "G9200000", false, 10): There is no option with value 'G9200000' present in object 'Object Repository/FIM/Sites Page/Tank/Commodity Code_dropdown' 

21-10-2025T21:31:59 - [MESSAGE][PASSED] - There is no option with value 'G9200000' present in object 'Object Repository/FIM/Sites Page/Tank/Commodity Code_dropdown' 

21-10-2025T21:31:59 - [TEST_STEP][PASSED] - delay(1): Delayed 1 second(s)

21-10-2025T21:32:00 - [MESSAGE][PASSED] - Delayed 1 second(s)

21-10-2025T21:32:00 - [TEST_STEP][PASSED] - selectOptionByLabel(findTestObject("FIM/Sites Page/Tank/Commodity Code_dropdown"), "G8700070", false): All options with label 'G8700070' are selected in object 'Object Repository/FIM/Sites Page/Tank/Commodity Code_dropdown' 

21-10-2025T21:32:00 - [MESSAGE][PASSED] - All options with label 'G8700070' are selected in object 'Object Repository/FIM/Sites Page/Tank/Commodity Code_dropdown' 

21-10-2025T21:32:00 - [TEST_STEP][PASSED] - delay(1): Delayed 1 second(s)

21-10-2025T21:32:01 - [MESSAGE][PASSED] - Delayed 1 second(s)

21-10-2025T21:32:01 - [TEST_STEP][PASSED] - click(findTestObject("FIM/Sites Page/Tank/Tank Save_btn"), STOP_ON_FAILURE): Object: 'Object Repository/FIM/Sites Page/Tank/Tank Save_btn' is clicked on

21-10-2025T21:32:01 - [MESSAGE][PASSED] - Object: 'Object Repository/FIM/Sites Page/Tank/Tank Save_btn' is clicked on

21-10-2025T21:32:01 - [TEST_STEP][PASSED] - delay(1): Delayed 1 second(s)

21-10-2025T21:32:02 - [MESSAGE][PASSED] - Delayed 1 second(s)

21-10-2025T21:32:02 - [TEST_STEP][PASSED] - verifyElementVisible(findTestObject("FIM/Sites Page/Tank/Tank Message"), STOP_ON_FAILURE): Object 'Object Repository/FIM/Sites Page/Tank/Tank Message' is visible

21-10-2025T21:32:02 - [MESSAGE][PASSED] - Object 'Object Repository/FIM/Sites Page/Tank/Tank Message' is visible

21-10-2025T21:32:02 - [TEST_STEP][PASSED] - verifyElementText(findTestObject("FIM/Sites Page/Tank/Tank Message"), "Tank was updated successfully"): Actual text and expected text of test object 'Object Repository/FIM/Sites Page/Tank/Tank Message' are matched.

21-10-2025T21:32:03 - [MESSAGE][PASSED] - Actual text and expected text of test object 'Object Repository/FIM/Sites Page/Tank/Tank Message' are matched.

21-10-2025T21:32:03 - [TEST_STEP][PASSED] - closeBrowser(): Browser is closed

21-10-2025T21:32:03 - [MESSAGE][PASSED] - Browser is closed

21-10-2025T21:32:03 - [TEST_STEP][PASSED] - Start listener action : retryOnDisconnect: null

21-10-2025T21:32:03 - [TEST_STEP][PASSED] - tcId = testCaseContext.getTestCaseId(): null

21-10-2025T21:32:03 - [TEST_STEP][PASSED] - currentRetry = retryCounts.getOrDefault(tcId, 0): null

21-10-2025T21:32:03 - [TEST_STEP][PASSED] - if (testCaseContext.getTestCaseStatus() == "FAILED" && currentRetry < MAX_RETRIES): null]]></system-out>
         <system-err><![CDATA[]]></system-err>
      </testcase>
      <testcase name="Test Cases/FIM/UI/KGL/Admin/Sites Page/Tank/Edit Tank Number" time="61.693" classname="Test Cases/FIM/UI/KGL/Admin/Sites Page/Tank/Edit Tank Number" status="PASSED">
         <system-out><![CDATA[21-10-2025T21:32:03 - [TEST_CASE][PASSED] - Test Cases/FIM/UI/KGL/Admin/Sites Page/Tank/Edit Tank Number: Test Cases/FIM/UI/KGL/Admin/Sites Page/Tank/Edit Tank Number

21-10-2025T21:32:03 - [TEST_STEP][PASSED] - Start listener action : beforeTestCase: null

21-10-2025T21:32:03 - [TEST_STEP][PASSED] - addDefaultPackages(): null

21-10-2025T21:32:03 - [TEST_STEP][PASSED] - callTestCase(findTestCase("Utility Scripts/FIM KGL Admin Login"), [:], STOP_ON_FAILURE): Call Test Case 'Test Cases/Utility Scripts/FIM KGL Admin Login' successfully

21-10-2025T21:32:03 - [TEST_CASE][PASSED] - Test Cases/Utility Scripts/FIM KGL Admin Login: Test Cases/Utility Scripts/FIM KGL Admin Login

21-10-2025T21:32:03 - [TEST_STEP][PASSED] - openBrowser(""): Browser is opened with url: ''

21-10-2025T21:32:03 - [MESSAGE][INFO] - Starting 'Chrome' driver

21-10-2025T21:32:03 - [MESSAGE][INFO] - User set preference: ['args', '[--no-sandbox, --disable-gpu, --disable-dev-shm-usage]']

21-10-2025T21:32:03 - [MESSAGE][INFO] - Action delay is set to 0 milliseconds

21-10-2025T21:32:04 - [MESSAGE][PASSED] - Browser is opened with url: ''

21-10-2025T21:32:04 - [TEST_STEP][PASSED] - delay(1): Delayed 1 second(s)

21-10-2025T21:32:05 - [MESSAGE][PASSED] - Delayed 1 second(s)

21-10-2025T21:32:05 - [TEST_STEP][PASSED] - navigateToUrl(KGLCustomGroupUrl): Navigate to 'https://kaglogistics-inventory-management-portal.qa.thekag.com/custom-group/' successfully

21-10-2025T21:32:05 - [MESSAGE][PASSED] - Navigate to 'https://kaglogistics-inventory-management-portal.qa.thekag.com/custom-group/' successfully

21-10-2025T21:32:05 - [TEST_STEP][PASSED] - delay(10): Delayed 10 second(s)

21-10-2025T21:32:15 - [MESSAGE][PASSED] - Delayed 10 second(s)

21-10-2025T21:32:15 - [TEST_STEP][PASSED] - if (maximizeWindow == true): Delayed 1 second(s)

21-10-2025T21:32:15 - [TEST_STEP][PASSED] - maximizeWindow(STOP_ON_FAILURE): Current window maximized

21-10-2025T21:32:15 - [MESSAGE][PASSED] - Current window maximized

21-10-2025T21:32:15 - [TEST_STEP][PASSED] - delay(1): Delayed 1 second(s)

21-10-2025T21:32:16 - [MESSAGE][PASSED] - Delayed 1 second(s)

21-10-2025T21:32:16 - [TEST_STEP][PASSED] - waitForElementPresent(findTestObject("FIM/Username_txt"), 10): Object 'Object Repository/FIM/Username_txt' is present

21-10-2025T21:32:16 - [MESSAGE][PASSED] - Object 'Object Repository/FIM/Username_txt' is present

21-10-2025T21:32:16 - [TEST_STEP][PASSED] - setText(findTestObject("FIM/Username_txt"), FIMUsername): Text 'Chris.Sheldon+DES_QA@Thekag.com' is set on object 'Object Repository/FIM/Username_txt'

21-10-2025T21:32:16 - [MESSAGE][PASSED] - Text 'Chris.Sheldon+DES_QA@Thekag.com' is set on object 'Object Repository/FIM/Username_txt'

21-10-2025T21:32:16 - [TEST_STEP][PASSED] - delay(1): Delayed 1 second(s)

21-10-2025T21:32:17 - [MESSAGE][PASSED] - Delayed 1 second(s)

21-10-2025T21:32:17 - [TEST_STEP][PASSED] - setText(findTestObject("FIM/Password_txt"), FIMPassword): Text 'QATest!2' is set on object 'Object Repository/FIM/Password_txt'

21-10-2025T21:32:17 - [MESSAGE][PASSED] - Text 'QATest!2' is set on object 'Object Repository/FIM/Password_txt'

21-10-2025T21:32:17 - [TEST_STEP][PASSED] - delay(1): Delayed 1 second(s)

21-10-2025T21:32:18 - [MESSAGE][PASSED] - Delayed 1 second(s)

21-10-2025T21:32:18 - [TEST_STEP][PASSED] - click(findTestObject("FIM/Login_btn")): Object: 'Object Repository/FIM/Login_btn' is clicked on

21-10-2025T21:32:19 - [MESSAGE][PASSED] - Object: 'Object Repository/FIM/Login_btn' is clicked on

21-10-2025T21:32:19 - [MESSAGE][PASSED] - Call Test Case 'Test Cases/Utility Scripts/FIM KGL Admin Login' successfully

21-10-2025T21:32:19 - [TEST_STEP][PASSED] - if (verifyElementVisible(findTestObject("FIM/Server_Notification_Close_btn"), OPTIONAL) == true): Web element with id: 'Object Repository/FIM/Server_Notification_Close_btn' located by '/html/body/div/div[1]/button' not found (Root cause: com.kms.katalon.core.exception.StepFailedException: Web element with id: 'Object Repository/FIM/Server_Notification_Close_btn' located by '/html/body/div/div[1]/button' not found
	at com.kms.katalon.core.webui.keyword.internal.WebUIKeywordMain.stepFailed(WebUIKeywordMain.groovy:117)
	at com.kms.katalon.core.webui.keyword.builtin.VerifyElementVisibleKeyword$_verifyElementVisible_closure1.doCall(VerifyElementVisibleKeyword.groovy:89)
	at com.kms.katalon.core.webui.keyword.builtin.VerifyElementVisibleKeyword$_verifyElementVisible_closure1.call(VerifyElementVisibleKeyword.groovy)
	at com.kms.katalon.core.webui.keyword.internal.WebUIKeywordMain.runKeyword(WebUIKeywordMain.groovy:35)
	at com.kms.katalon.core.webui.keyword.builtin.VerifyElementVisibleKeyword.verifyElementVisible(VerifyElementVisibleKeyword.groovy:97)
	at com.kms.katalon.core.webui.keyword.builtin.VerifyElementVisibleKeyword.execute(VerifyElementVisibleKeyword.groovy:67)
	at com.kms.katalon.core.keyword.internal.KeywordExecutor.executeKeywordForPlatform(KeywordExecutor.groovy:74)
	at com.kms.katalon.core.webui.keyword.WebUiBuiltInKeywords.verifyElementVisible(WebUiBuiltInKeywords.groovy:401)
	at com.kms.katalon.core.webui.keyword.WebUiBuiltInKeywords$verifyElementVisible$5.call(Unknown Source)
	at Edit Tank Number.run(Edit Tank Number:22)
	at com.kms.katalon.core.main.ScriptEngine.run(ScriptEngine.java:194)
	at com.kms.katalon.core.main.ScriptEngine.runScriptAsRawText(ScriptEngine.java:119)
	at com.kms.katalon.core.main.TestCaseExecutor.runScript(TestCaseExecutor.java:448)
	at com.kms.katalon.core.main.TestCaseExecutor.doExecute(TestCaseExecutor.java:439)
	at com.kms.katalon.core.main.TestCaseExecutor.processExecutionPhase(TestCaseExecutor.java:418)
	at com.kms.katalon.core.main.TestCaseExecutor.accessMainPhase(TestCaseExecutor.java:410)
	at com.kms.katalon.core.main.TestCaseExecutor.execute(TestCaseExecutor.java:285)
	at com.kms.katalon.core.common.CommonExecutor.accessTestCaseMainPhase(CommonExecutor.java:65)
	at com.kms.katalon.core.main.TestSuiteExecutor.accessTestSuiteMainPhase(TestSuiteExecutor.java:150)
	at com.kms.katalon.core.main.TestSuiteExecutor.execute(TestSuiteExecutor.java:106)
	at com.kms.katalon.core.main.TestCaseMain.startTestSuite(TestCaseMain.java:180)
	at com.kms.katalon.core.main.TestCaseMain$startTestSuite$0.call(Unknown Source)
	at TempTestSuite1761090786896.run(TempTestSuite1761090786896.groovy:35)
	at java.base/jdk.internal.reflect.NativeMethodAccessorImpl.invoke0(Native Method)
	at java.base/jdk.internal.reflect.NativeMethodAccessorImpl.invoke(NativeMethodAccessorImpl.java:77)
	at java.base/jdk.internal.reflect.DelegatingMethodAccessorImpl.invoke(DelegatingMethodAccessorImpl.java:43)
)

21-10-2025T21:32:35 - [MESSAGE][INFO] - Unable to find the element located by 'By.xpath: /html/body/div/div[1]/button'. Please recheck the objects properties to make sure the desired element is located. 

21-10-2025T21:32:35 - [MESSAGE][WARNING] - [SELF-HEALING] Failed to find element with id 'Object Repository/FIM/Server_Notification_Close_btn'. Try using Self-healing.

21-10-2025T21:32:36 - [MESSAGE][INFO] - [SELF-HEALING] No working XPath is found.

21-10-2025T21:32:38 - [MESSAGE][INFO] - Unable to find the element located by 'By.xpath: '. Please recheck the objects properties to make sure the desired element is located. 

21-10-2025T21:32:38 - [MESSAGE][WARNING] - [SELF-HEALING] Cannot find elements when the selector is null

21-10-2025T21:32:38 - [MESSAGE][WARNING] - Web element with id: 'Object Repository/FIM/Server_Notification_Close_btn' located by '/html/body/div/div[1]/button' not found (Root cause: com.kms.katalon.core.exception.StepFailedException: Web element with id: 'Object Repository/FIM/Server_Notification_Close_btn' located by '/html/body/div/div[1]/button' not found
	at com.kms.katalon.core.webui.keyword.internal.WebUIKeywordMain.stepFailed(WebUIKeywordMain.groovy:117)
	at com.kms.katalon.core.webui.keyword.builtin.VerifyElementVisibleKeyword$_verifyElementVisible_closure1.doCall(VerifyElementVisibleKeyword.groovy:89)
	at com.kms.katalon.core.webui.keyword.builtin.VerifyElementVisibleKeyword$_verifyElementVisible_closure1.call(VerifyElementVisibleKeyword.groovy)
	at com.kms.katalon.core.webui.keyword.internal.WebUIKeywordMain.runKeyword(WebUIKeywordMain.groovy:35)
	at com.kms.katalon.core.webui.keyword.builtin.VerifyElementVisibleKeyword.verifyElementVisible(VerifyElementVisibleKeyword.groovy:97)
	at com.kms.katalon.core.webui.keyword.builtin.VerifyElementVisibleKeyword.execute(VerifyElementVisibleKeyword.groovy:67)
	at com.kms.katalon.core.keyword.internal.KeywordExecutor.executeKeywordForPlatform(KeywordExecutor.groovy:74)
	at com.kms.katalon.core.webui.keyword.WebUiBuiltInKeywords.verifyElementVisible(WebUiBuiltInKeywords.groovy:401)
	at com.kms.katalon.core.webui.keyword.WebUiBuiltInKeywords$verifyElementVisible$5.call(Unknown Source)
	at Edit Tank Number.run(Edit Tank Number:22)
	at com.kms.katalon.core.main.ScriptEngine.run(ScriptEngine.java:194)
	at com.kms.katalon.core.main.ScriptEngine.runScriptAsRawText(ScriptEngine.java:119)
	at com.kms.katalon.core.main.TestCaseExecutor.runScript(TestCaseExecutor.java:448)
	at com.kms.katalon.core.main.TestCaseExecutor.doExecute(TestCaseExecutor.java:439)
	at com.kms.katalon.core.main.TestCaseExecutor.processExecutionPhase(TestCaseExecutor.java:418)
	at com.kms.katalon.core.main.TestCaseExecutor.accessMainPhase(TestCaseExecutor.java:410)
	at com.kms.katalon.core.main.TestCaseExecutor.execute(TestCaseExecutor.java:285)
	at com.kms.katalon.core.common.CommonExecutor.accessTestCaseMainPhase(CommonExecutor.java:65)
	at com.kms.katalon.core.main.TestSuiteExecutor.accessTestSuiteMainPhase(TestSuiteExecutor.java:150)
	at com.kms.katalon.core.main.TestSuiteExecutor.execute(TestSuiteExecutor.java:106)
	at com.kms.katalon.core.main.TestCaseMain.startTestSuite(TestCaseMain.java:180)
	at com.kms.katalon.core.main.TestCaseMain$startTestSuite$0.call(Unknown Source)
	at TempTestSuite1761090786896.run(TempTestSuite1761090786896.groovy:35)
	at java.base/jdk.internal.reflect.NativeMethodAccessorImpl.invoke0(Native Method)
	at java.base/jdk.internal.reflect.NativeMethodAccessorImpl.invoke(NativeMethodAccessorImpl.java:77)
	at java.base/jdk.internal.reflect.DelegatingMethodAccessorImpl.invoke(DelegatingMethodAccessorImpl.java:43)
)

21-10-2025T21:32:38 - [TEST_STEP][PASSED] - click(findTestObject("FIM/Hamburger Menu List/Hamburger_menu")): Object: 'Object Repository/FIM/Hamburger Menu List/Hamburger_menu' is clicked on

21-10-2025T21:32:38 - [MESSAGE][PASSED] - Object: 'Object Repository/FIM/Hamburger Menu List/Hamburger_menu' is clicked on

21-10-2025T21:32:38 - [TEST_STEP][PASSED] - delay(2): Delayed 2 second(s)

21-10-2025T21:32:40 - [MESSAGE][PASSED] - Delayed 2 second(s)

21-10-2025T21:32:40 - [TEST_STEP][PASSED] - click(findTestObject("FIM/Hamburger Menu List/KGL_Sites_option")): Object: 'Object Repository/FIM/Hamburger Menu List/KGL_Sites_option' is clicked on

21-10-2025T21:32:40 - [MESSAGE][PASSED] - Object: 'Object Repository/FIM/Hamburger Menu List/KGL_Sites_option' is clicked on

21-10-2025T21:32:40 - [TEST_STEP][PASSED] - if (verifyElementVisible(findTestObject("FIM/Existing Page with Pending Changes Close_btn"), OPTIONAL) == true): Web element with id: 'Object Repository/FIM/Existing Page with Pending Changes Close_btn' located by '/html/body/div[2]/div[1]/div/div/footer/div/button' not found (Root cause: com.kms.katalon.core.exception.StepFailedException: Web element with id: 'Object Repository/FIM/Existing Page with Pending Changes Close_btn' located by '/html/body/div[2]/div[1]/div/div/footer/div/button' not found
	at com.kms.katalon.core.webui.keyword.internal.WebUIKeywordMain.stepFailed(WebUIKeywordMain.groovy:117)
	at com.kms.katalon.core.webui.keyword.builtin.VerifyElementVisibleKeyword$_verifyElementVisible_closure1.doCall(VerifyElementVisibleKeyword.groovy:89)
	at com.kms.katalon.core.webui.keyword.builtin.VerifyElementVisibleKeyword$_verifyElementVisible_closure1.call(VerifyElementVisibleKeyword.groovy)
	at com.kms.katalon.core.webui.keyword.internal.WebUIKeywordMain.runKeyword(WebUIKeywordMain.groovy:35)
	at com.kms.katalon.core.webui.keyword.builtin.VerifyElementVisibleKeyword.verifyElementVisible(VerifyElementVisibleKeyword.groovy:97)
	at com.kms.katalon.core.webui.keyword.builtin.VerifyElementVisibleKeyword.execute(VerifyElementVisibleKeyword.groovy:67)
	at com.kms.katalon.core.keyword.internal.KeywordExecutor.executeKeywordForPlatform(KeywordExecutor.groovy:74)
	at com.kms.katalon.core.webui.keyword.WebUiBuiltInKeywords.verifyElementVisible(WebUiBuiltInKeywords.groovy:401)
	at com.kms.katalon.core.webui.keyword.WebUiBuiltInKeywords$verifyElementVisible$5.call(Unknown Source)
	at Edit Tank Number.run(Edit Tank Number:33)
	at com.kms.katalon.core.main.ScriptEngine.run(ScriptEngine.java:194)
	at com.kms.katalon.core.main.ScriptEngine.runScriptAsRawText(ScriptEngine.java:119)
	at com.kms.katalon.core.main.TestCaseExecutor.runScript(TestCaseExecutor.java:448)
	at com.kms.katalon.core.main.TestCaseExecutor.doExecute(TestCaseExecutor.java:439)
	at com.kms.katalon.core.main.TestCaseExecutor.processExecutionPhase(TestCaseExecutor.java:418)
	at com.kms.katalon.core.main.TestCaseExecutor.accessMainPhase(TestCaseExecutor.java:410)
	at com.kms.katalon.core.main.TestCaseExecutor.execute(TestCaseExecutor.java:285)
	at com.kms.katalon.core.common.CommonExecutor.accessTestCaseMainPhase(CommonExecutor.java:65)
	at com.kms.katalon.core.main.TestSuiteExecutor.accessTestSuiteMainPhase(TestSuiteExecutor.java:150)
	at com.kms.katalon.core.main.TestSuiteExecutor.execute(TestSuiteExecutor.java:106)
	at com.kms.katalon.core.main.TestCaseMain.startTestSuite(TestCaseMain.java:180)
	at com.kms.katalon.core.main.TestCaseMain$startTestSuite$0.call(Unknown Source)
	at TempTestSuite1761090786896.run(TempTestSuite1761090786896.groovy:35)
	at java.base/jdk.internal.reflect.NativeMethodAccessorImpl.invoke0(Native Method)
	at java.base/jdk.internal.reflect.NativeMethodAccessorImpl.invoke(NativeMethodAccessorImpl.java:77)
	at java.base/jdk.internal.reflect.DelegatingMethodAccessorImpl.invoke(DelegatingMethodAccessorImpl.java:43)
)

21-10-2025T21:32:56 - [MESSAGE][INFO] - Unable to find the element located by 'By.xpath: /html/body/div[2]/div[1]/div/div/footer/div/button'. Please recheck the objects properties to make sure the desired element is located. 

21-10-2025T21:32:56 - [MESSAGE][WARNING] - [SELF-HEALING] Failed to find element with id 'Object Repository/FIM/Existing Page with Pending Changes Close_btn'. Try using Self-healing.

21-10-2025T21:32:57 - [MESSAGE][INFO] - [SELF-HEALING] No working XPath is found.

21-10-2025T21:32:59 - [MESSAGE][INFO] - Unable to find the element located by 'By.xpath: '. Please recheck the objects properties to make sure the desired element is located. 

21-10-2025T21:32:59 - [MESSAGE][WARNING] - [SELF-HEALING] Cannot find elements when the selector is null

21-10-2025T21:32:59 - [MESSAGE][WARNING] - Web element with id: 'Object Repository/FIM/Existing Page with Pending Changes Close_btn' located by '/html/body/div[2]/div[1]/div/div/footer/div/button' not found (Root cause: com.kms.katalon.core.exception.StepFailedException: Web element with id: 'Object Repository/FIM/Existing Page with Pending Changes Close_btn' located by '/html/body/div[2]/div[1]/div/div/footer/div/button' not found
	at com.kms.katalon.core.webui.keyword.internal.WebUIKeywordMain.stepFailed(WebUIKeywordMain.groovy:117)
	at com.kms.katalon.core.webui.keyword.builtin.VerifyElementVisibleKeyword$_verifyElementVisible_closure1.doCall(VerifyElementVisibleKeyword.groovy:89)
	at com.kms.katalon.core.webui.keyword.builtin.VerifyElementVisibleKeyword$_verifyElementVisible_closure1.call(VerifyElementVisibleKeyword.groovy)
	at com.kms.katalon.core.webui.keyword.internal.WebUIKeywordMain.runKeyword(WebUIKeywordMain.groovy:35)
	at com.kms.katalon.core.webui.keyword.builtin.VerifyElementVisibleKeyword.verifyElementVisible(VerifyElementVisibleKeyword.groovy:97)
	at com.kms.katalon.core.webui.keyword.builtin.VerifyElementVisibleKeyword.execute(VerifyElementVisibleKeyword.groovy:67)
	at com.kms.katalon.core.keyword.internal.KeywordExecutor.executeKeywordForPlatform(KeywordExecutor.groovy:74)
	at com.kms.katalon.core.webui.keyword.WebUiBuiltInKeywords.verifyElementVisible(WebUiBuiltInKeywords.groovy:401)
	at com.kms.katalon.core.webui.keyword.WebUiBuiltInKeywords$verifyElementVisible$5.call(Unknown Source)
	at Edit Tank Number.run(Edit Tank Number:33)
	at com.kms.katalon.core.main.ScriptEngine.run(ScriptEngine.java:194)
	at com.kms.katalon.core.main.ScriptEngine.runScriptAsRawText(ScriptEngine.java:119)
	at com.kms.katalon.core.main.TestCaseExecutor.runScript(TestCaseExecutor.java:448)
	at com.kms.katalon.core.main.TestCaseExecutor.doExecute(TestCaseExecutor.java:439)
	at com.kms.katalon.core.main.TestCaseExecutor.processExecutionPhase(TestCaseExecutor.java:418)
	at com.kms.katalon.core.main.TestCaseExecutor.accessMainPhase(TestCaseExecutor.java:410)
	at com.kms.katalon.core.main.TestCaseExecutor.execute(TestCaseExecutor.java:285)
	at com.kms.katalon.core.common.CommonExecutor.accessTestCaseMainPhase(CommonExecutor.java:65)
	at com.kms.katalon.core.main.TestSuiteExecutor.accessTestSuiteMainPhase(TestSuiteExecutor.java:150)
	at com.kms.katalon.core.main.TestSuiteExecutor.execute(TestSuiteExecutor.java:106)
	at com.kms.katalon.core.main.TestCaseMain.startTestSuite(TestCaseMain.java:180)
	at com.kms.katalon.core.main.TestCaseMain$startTestSuite$0.call(Unknown Source)
	at TempTestSuite1761090786896.run(TempTestSuite1761090786896.groovy:35)
	at java.base/jdk.internal.reflect.NativeMethodAccessorImpl.invoke0(Native Method)
	at java.base/jdk.internal.reflect.NativeMethodAccessorImpl.invoke(NativeMethodAccessorImpl.java:77)
	at java.base/jdk.internal.reflect.DelegatingMethodAccessorImpl.invoke(DelegatingMethodAccessorImpl.java:43)
)

21-10-2025T21:32:59 - [TEST_STEP][PASSED] - delay(1): Delayed 1 second(s)

21-10-2025T21:33:00 - [MESSAGE][PASSED] - Delayed 1 second(s)

21-10-2025T21:33:00 - [TEST_STEP][PASSED] - waitForElementClickable(findTestObject("FIM/Sites Page/Site Filtering/Site_txt"), 15): Object 'Object Repository/FIM/Sites Page/Site Filtering/Site_txt' is clickable

21-10-2025T21:33:00 - [MESSAGE][PASSED] - Object 'Object Repository/FIM/Sites Page/Site Filtering/Site_txt' is clickable

21-10-2025T21:33:00 - [TEST_STEP][PASSED] - verifyElementVisible(findTestObject("FIM/Sites Page/Tank/Tank Edit_btn")): Object 'Object Repository/FIM/Sites Page/Tank/Tank Edit_btn' is visible

21-10-2025T21:33:00 - [MESSAGE][PASSED] - Object 'Object Repository/FIM/Sites Page/Tank/Tank Edit_btn' is visible

21-10-2025T21:33:00 - [TEST_STEP][PASSED] - click(findTestObject("FIM/Sites Page/Tank/Tank Edit_btn")): Object: 'Object Repository/FIM/Sites Page/Tank/Tank Edit_btn' is clicked on

21-10-2025T21:33:00 - [MESSAGE][PASSED] - Object: 'Object Repository/FIM/Sites Page/Tank/Tank Edit_btn' is clicked on

21-10-2025T21:33:00 - [TEST_STEP][PASSED] - delay(2): Delayed 2 second(s)

21-10-2025T21:33:02 - [MESSAGE][PASSED] - Delayed 2 second(s)

21-10-2025T21:33:02 - [TEST_STEP][PASSED] - setText(findTestObject("FIM/Sites Page/Tank/Tank Number_txt"), "8"): Text '8' is set on object 'Object Repository/FIM/Sites Page/Tank/Tank Number_txt'

21-10-2025T21:33:02 - [MESSAGE][PASSED] - Text '8' is set on object 'Object Repository/FIM/Sites Page/Tank/Tank Number_txt'

21-10-2025T21:33:02 - [TEST_STEP][PASSED] - delay(1): Delayed 1 second(s)

21-10-2025T21:33:03 - [MESSAGE][PASSED] - Delayed 1 second(s)

21-10-2025T21:33:03 - [TEST_STEP][PASSED] - click(findTestObject("FIM/Sites Page/Tank/Tank Save_btn"), STOP_ON_FAILURE): Object: 'Object Repository/FIM/Sites Page/Tank/Tank Save_btn' is clicked on

21-10-2025T21:33:03 - [MESSAGE][PASSED] - Object: 'Object Repository/FIM/Sites Page/Tank/Tank Save_btn' is clicked on

21-10-2025T21:33:03 - [TEST_STEP][PASSED] - delay(1): Delayed 1 second(s)

21-10-2025T21:33:04 - [MESSAGE][PASSED] - Delayed 1 second(s)

21-10-2025T21:33:04 - [TEST_STEP][PASSED] - verifyElementVisible(findTestObject("FIM/Sites Page/Tank/Tank Message"), STOP_ON_FAILURE): Object 'Object Repository/FIM/Sites Page/Tank/Tank Message' is visible

21-10-2025T21:33:04 - [MESSAGE][PASSED] - Object 'Object Repository/FIM/Sites Page/Tank/Tank Message' is visible

21-10-2025T21:33:04 - [TEST_STEP][PASSED] - verifyElementText(findTestObject("FIM/Sites Page/Tank/Tank Message"), "Tank was updated successfully"): Actual text and expected text of test object 'Object Repository/FIM/Sites Page/Tank/Tank Message' are matched.

21-10-2025T21:33:04 - [MESSAGE][PASSED] - Actual text and expected text of test object 'Object Repository/FIM/Sites Page/Tank/Tank Message' are matched.

21-10-2025T21:33:04 - [TEST_STEP][PASSED] - closeBrowser(): Browser is closed

21-10-2025T21:33:04 - [MESSAGE][PASSED] - Browser is closed

21-10-2025T21:33:04 - [TEST_STEP][PASSED] - Start listener action : retryOnDisconnect: null

21-10-2025T21:33:04 - [TEST_STEP][PASSED] - tcId = testCaseContext.getTestCaseId(): null

21-10-2025T21:33:04 - [TEST_STEP][PASSED] - currentRetry = retryCounts.getOrDefault(tcId, 0): null

21-10-2025T21:33:04 - [TEST_STEP][PASSED] - if (testCaseContext.getTestCaseStatus() == "FAILED" && currentRetry < MAX_RETRIES): null]]></system-out>
         <system-err><![CDATA[]]></system-err>
      </testcase>
      <testcase name="Test Cases/FIM/UI/KGL/Admin/Sites Page/Tank/Edit Tank Pump Stop" time="62.033" classname="Test Cases/FIM/UI/KGL/Admin/Sites Page/Tank/Edit Tank Pump Stop" status="PASSED">
         <system-out><![CDATA[21-10-2025T21:33:04 - [TEST_CASE][PASSED] - Test Cases/FIM/UI/KGL/Admin/Sites Page/Tank/Edit Tank Pump Stop: Test Cases/FIM/UI/KGL/Admin/Sites Page/Tank/Edit Tank Pump Stop

21-10-2025T21:33:04 - [TEST_STEP][PASSED] - Start listener action : beforeTestCase: null

21-10-2025T21:33:04 - [TEST_STEP][PASSED] - addDefaultPackages(): null

21-10-2025T21:33:04 - [TEST_STEP][PASSED] - callTestCase(findTestCase("Utility Scripts/FIM KGL Admin Login"), [:], STOP_ON_FAILURE): Call Test Case 'Test Cases/Utility Scripts/FIM KGL Admin Login' successfully

21-10-2025T21:33:04 - [TEST_CASE][PASSED] - Test Cases/Utility Scripts/FIM KGL Admin Login: Test Cases/Utility Scripts/FIM KGL Admin Login

21-10-2025T21:33:04 - [TEST_STEP][PASSED] - openBrowser(""): Browser is opened with url: ''

21-10-2025T21:33:04 - [MESSAGE][INFO] - Starting 'Chrome' driver

21-10-2025T21:33:04 - [MESSAGE][INFO] - User set preference: ['args', '[--no-sandbox, --disable-gpu, --disable-dev-shm-usage]']

21-10-2025T21:33:04 - [MESSAGE][INFO] - Action delay is set to 0 milliseconds

21-10-2025T21:33:05 - [MESSAGE][PASSED] - Browser is opened with url: ''

21-10-2025T21:33:05 - [TEST_STEP][PASSED] - delay(1): Delayed 1 second(s)

21-10-2025T21:33:06 - [MESSAGE][PASSED] - Delayed 1 second(s)

21-10-2025T21:33:06 - [TEST_STEP][PASSED] - navigateToUrl(KGLCustomGroupUrl): Navigate to 'https://kaglogistics-inventory-management-portal.qa.thekag.com/custom-group/' successfully

21-10-2025T21:33:07 - [MESSAGE][PASSED] - Navigate to 'https://kaglogistics-inventory-management-portal.qa.thekag.com/custom-group/' successfully

21-10-2025T21:33:07 - [TEST_STEP][PASSED] - delay(10): Delayed 10 second(s)

21-10-2025T21:33:17 - [MESSAGE][PASSED] - Delayed 10 second(s)

21-10-2025T21:33:17 - [TEST_STEP][PASSED] - if (maximizeWindow == true): Delayed 1 second(s)

21-10-2025T21:33:17 - [TEST_STEP][PASSED] - maximizeWindow(STOP_ON_FAILURE): Current window maximized

21-10-2025T21:33:17 - [MESSAGE][PASSED] - Current window maximized

21-10-2025T21:33:17 - [TEST_STEP][PASSED] - delay(1): Delayed 1 second(s)

21-10-2025T21:33:18 - [MESSAGE][PASSED] - Delayed 1 second(s)

21-10-2025T21:33:18 - [TEST_STEP][PASSED] - waitForElementPresent(findTestObject("FIM/Username_txt"), 10): Object 'Object Repository/FIM/Username_txt' is present

21-10-2025T21:33:18 - [MESSAGE][PASSED] - Object 'Object Repository/FIM/Username_txt' is present

21-10-2025T21:33:18 - [TEST_STEP][PASSED] - setText(findTestObject("FIM/Username_txt"), FIMUsername): Text 'Chris.Sheldon+DES_QA@Thekag.com' is set on object 'Object Repository/FIM/Username_txt'

21-10-2025T21:33:18 - [MESSAGE][PASSED] - Text 'Chris.Sheldon+DES_QA@Thekag.com' is set on object 'Object Repository/FIM/Username_txt'

21-10-2025T21:33:18 - [TEST_STEP][PASSED] - delay(1): Delayed 1 second(s)

21-10-2025T21:33:19 - [MESSAGE][PASSED] - Delayed 1 second(s)

21-10-2025T21:33:19 - [TEST_STEP][PASSED] - setText(findTestObject("FIM/Password_txt"), FIMPassword): Text 'QATest!2' is set on object 'Object Repository/FIM/Password_txt'

21-10-2025T21:33:19 - [MESSAGE][PASSED] - Text 'QATest!2' is set on object 'Object Repository/FIM/Password_txt'

21-10-2025T21:33:19 - [TEST_STEP][PASSED] - delay(1): Delayed 1 second(s)

21-10-2025T21:33:20 - [MESSAGE][PASSED] - Delayed 1 second(s)

21-10-2025T21:33:20 - [TEST_STEP][PASSED] - click(findTestObject("FIM/Login_btn")): Object: 'Object Repository/FIM/Login_btn' is clicked on

21-10-2025T21:33:21 - [MESSAGE][PASSED] - Object: 'Object Repository/FIM/Login_btn' is clicked on

21-10-2025T21:33:21 - [MESSAGE][PASSED] - Call Test Case 'Test Cases/Utility Scripts/FIM KGL Admin Login' successfully

21-10-2025T21:33:21 - [TEST_STEP][PASSED] - if (verifyElementVisible(findTestObject("FIM/Server_Notification_Close_btn"), OPTIONAL) == true): Web element with id: 'Object Repository/FIM/Server_Notification_Close_btn' located by '/html/body/div/div[1]/button' not found (Root cause: com.kms.katalon.core.exception.StepFailedException: Web element with id: 'Object Repository/FIM/Server_Notification_Close_btn' located by '/html/body/div/div[1]/button' not found
	at com.kms.katalon.core.webui.keyword.internal.WebUIKeywordMain.stepFailed(WebUIKeywordMain.groovy:117)
	at com.kms.katalon.core.webui.keyword.builtin.VerifyElementVisibleKeyword$_verifyElementVisible_closure1.doCall(VerifyElementVisibleKeyword.groovy:89)
	at com.kms.katalon.core.webui.keyword.builtin.VerifyElementVisibleKeyword$_verifyElementVisible_closure1.call(VerifyElementVisibleKeyword.groovy)
	at com.kms.katalon.core.webui.keyword.internal.WebUIKeywordMain.runKeyword(WebUIKeywordMain.groovy:35)
	at com.kms.katalon.core.webui.keyword.builtin.VerifyElementVisibleKeyword.verifyElementVisible(VerifyElementVisibleKeyword.groovy:97)
	at com.kms.katalon.core.webui.keyword.builtin.VerifyElementVisibleKeyword.execute(VerifyElementVisibleKeyword.groovy:67)
	at com.kms.katalon.core.keyword.internal.KeywordExecutor.executeKeywordForPlatform(KeywordExecutor.groovy:74)
	at com.kms.katalon.core.webui.keyword.WebUiBuiltInKeywords.verifyElementVisible(WebUiBuiltInKeywords.groovy:401)
	at com.kms.katalon.core.webui.keyword.WebUiBuiltInKeywords$verifyElementVisible$5.call(Unknown Source)
	at Edit Tank Pump Stop.run(Edit Tank Pump Stop:22)
	at com.kms.katalon.core.main.ScriptEngine.run(ScriptEngine.java:194)
	at com.kms.katalon.core.main.ScriptEngine.runScriptAsRawText(ScriptEngine.java:119)
	at com.kms.katalon.core.main.TestCaseExecutor.runScript(TestCaseExecutor.java:448)
	at com.kms.katalon.core.main.TestCaseExecutor.doExecute(TestCaseExecutor.java:439)
	at com.kms.katalon.core.main.TestCaseExecutor.processExecutionPhase(TestCaseExecutor.java:418)
	at com.kms.katalon.core.main.TestCaseExecutor.accessMainPhase(TestCaseExecutor.java:410)
	at com.kms.katalon.core.main.TestCaseExecutor.execute(TestCaseExecutor.java:285)
	at com.kms.katalon.core.common.CommonExecutor.accessTestCaseMainPhase(CommonExecutor.java:65)
	at com.kms.katalon.core.main.TestSuiteExecutor.accessTestSuiteMainPhase(TestSuiteExecutor.java:150)
	at com.kms.katalon.core.main.TestSuiteExecutor.execute(TestSuiteExecutor.java:106)
	at com.kms.katalon.core.main.TestCaseMain.startTestSuite(TestCaseMain.java:180)
	at com.kms.katalon.core.main.TestCaseMain$startTestSuite$0.call(Unknown Source)
	at TempTestSuite1761090786896.run(TempTestSuite1761090786896.groovy:35)
	at java.base/jdk.internal.reflect.NativeMethodAccessorImpl.invoke0(Native Method)
	at java.base/jdk.internal.reflect.NativeMethodAccessorImpl.invoke(NativeMethodAccessorImpl.java:77)
	at java.base/jdk.internal.reflect.DelegatingMethodAccessorImpl.invoke(DelegatingMethodAccessorImpl.java:43)
)

21-10-2025T21:33:37 - [MESSAGE][INFO] - Unable to find the element located by 'By.xpath: /html/body/div/div[1]/button'. Please recheck the objects properties to make sure the desired element is located. 

21-10-2025T21:33:37 - [MESSAGE][WARNING] - [SELF-HEALING] Failed to find element with id 'Object Repository/FIM/Server_Notification_Close_btn'. Try using Self-healing.

21-10-2025T21:33:38 - [MESSAGE][INFO] - [SELF-HEALING] No working XPath is found.

21-10-2025T21:33:40 - [MESSAGE][INFO] - Unable to find the element located by 'By.xpath: '. Please recheck the objects properties to make sure the desired element is located. 

21-10-2025T21:33:40 - [MESSAGE][WARNING] - [SELF-HEALING] Cannot find elements when the selector is null

21-10-2025T21:33:40 - [MESSAGE][WARNING] - Web element with id: 'Object Repository/FIM/Server_Notification_Close_btn' located by '/html/body/div/div[1]/button' not found (Root cause: com.kms.katalon.core.exception.StepFailedException: Web element with id: 'Object Repository/FIM/Server_Notification_Close_btn' located by '/html/body/div/div[1]/button' not found
	at com.kms.katalon.core.webui.keyword.internal.WebUIKeywordMain.stepFailed(WebUIKeywordMain.groovy:117)
	at com.kms.katalon.core.webui.keyword.builtin.VerifyElementVisibleKeyword$_verifyElementVisible_closure1.doCall(VerifyElementVisibleKeyword.groovy:89)
	at com.kms.katalon.core.webui.keyword.builtin.VerifyElementVisibleKeyword$_verifyElementVisible_closure1.call(VerifyElementVisibleKeyword.groovy)
	at com.kms.katalon.core.webui.keyword.internal.WebUIKeywordMain.runKeyword(WebUIKeywordMain.groovy:35)
	at com.kms.katalon.core.webui.keyword.builtin.VerifyElementVisibleKeyword.verifyElementVisible(VerifyElementVisibleKeyword.groovy:97)
	at com.kms.katalon.core.webui.keyword.builtin.VerifyElementVisibleKeyword.execute(VerifyElementVisibleKeyword.groovy:67)
	at com.kms.katalon.core.keyword.internal.KeywordExecutor.executeKeywordForPlatform(KeywordExecutor.groovy:74)
	at com.kms.katalon.core.webui.keyword.WebUiBuiltInKeywords.verifyElementVisible(WebUiBuiltInKeywords.groovy:401)
	at com.kms.katalon.core.webui.keyword.WebUiBuiltInKeywords$verifyElementVisible$5.call(Unknown Source)
	at Edit Tank Pump Stop.run(Edit Tank Pump Stop:22)
	at com.kms.katalon.core.main.ScriptEngine.run(ScriptEngine.java:194)
	at com.kms.katalon.core.main.ScriptEngine.runScriptAsRawText(ScriptEngine.java:119)
	at com.kms.katalon.core.main.TestCaseExecutor.runScript(TestCaseExecutor.java:448)
	at com.kms.katalon.core.main.TestCaseExecutor.doExecute(TestCaseExecutor.java:439)
	at com.kms.katalon.core.main.TestCaseExecutor.processExecutionPhase(TestCaseExecutor.java:418)
	at com.kms.katalon.core.main.TestCaseExecutor.accessMainPhase(TestCaseExecutor.java:410)
	at com.kms.katalon.core.main.TestCaseExecutor.execute(TestCaseExecutor.java:285)
	at com.kms.katalon.core.common.CommonExecutor.accessTestCaseMainPhase(CommonExecutor.java:65)
	at com.kms.katalon.core.main.TestSuiteExecutor.accessTestSuiteMainPhase(TestSuiteExecutor.java:150)
	at com.kms.katalon.core.main.TestSuiteExecutor.execute(TestSuiteExecutor.java:106)
	at com.kms.katalon.core.main.TestCaseMain.startTestSuite(TestCaseMain.java:180)
	at com.kms.katalon.core.main.TestCaseMain$startTestSuite$0.call(Unknown Source)
	at TempTestSuite1761090786896.run(TempTestSuite1761090786896.groovy:35)
	at java.base/jdk.internal.reflect.NativeMethodAccessorImpl.invoke0(Native Method)
	at java.base/jdk.internal.reflect.NativeMethodAccessorImpl.invoke(NativeMethodAccessorImpl.java:77)
	at java.base/jdk.internal.reflect.DelegatingMethodAccessorImpl.invoke(DelegatingMethodAccessorImpl.java:43)
)

21-10-2025T21:33:40 - [TEST_STEP][PASSED] - click(findTestObject("FIM/Hamburger Menu List/Hamburger_menu")): Object: 'Object Repository/FIM/Hamburger Menu List/Hamburger_menu' is clicked on

21-10-2025T21:33:40 - [MESSAGE][PASSED] - Object: 'Object Repository/FIM/Hamburger Menu List/Hamburger_menu' is clicked on

21-10-2025T21:33:40 - [TEST_STEP][PASSED] - delay(2): Delayed 2 second(s)

21-10-2025T21:33:42 - [MESSAGE][PASSED] - Delayed 2 second(s)

21-10-2025T21:33:42 - [TEST_STEP][PASSED] - click(findTestObject("FIM/Hamburger Menu List/KGL_Sites_option")): Object: 'Object Repository/FIM/Hamburger Menu List/KGL_Sites_option' is clicked on

21-10-2025T21:33:42 - [MESSAGE][PASSED] - Object: 'Object Repository/FIM/Hamburger Menu List/KGL_Sites_option' is clicked on

21-10-2025T21:33:42 - [TEST_STEP][PASSED] - if (verifyElementVisible(findTestObject("FIM/Existing Page with Pending Changes Close_btn"), OPTIONAL) == true): Web element with id: 'Object Repository/FIM/Existing Page with Pending Changes Close_btn' located by '/html/body/div[2]/div[1]/div/div/footer/div/button' not found (Root cause: com.kms.katalon.core.exception.StepFailedException: Web element with id: 'Object Repository/FIM/Existing Page with Pending Changes Close_btn' located by '/html/body/div[2]/div[1]/div/div/footer/div/button' not found
	at com.kms.katalon.core.webui.keyword.internal.WebUIKeywordMain.stepFailed(WebUIKeywordMain.groovy:117)
	at com.kms.katalon.core.webui.keyword.builtin.VerifyElementVisibleKeyword$_verifyElementVisible_closure1.doCall(VerifyElementVisibleKeyword.groovy:89)
	at com.kms.katalon.core.webui.keyword.builtin.VerifyElementVisibleKeyword$_verifyElementVisible_closure1.call(VerifyElementVisibleKeyword.groovy)
	at com.kms.katalon.core.webui.keyword.internal.WebUIKeywordMain.runKeyword(WebUIKeywordMain.groovy:35)
	at com.kms.katalon.core.webui.keyword.builtin.VerifyElementVisibleKeyword.verifyElementVisible(VerifyElementVisibleKeyword.groovy:97)
	at com.kms.katalon.core.webui.keyword.builtin.VerifyElementVisibleKeyword.execute(VerifyElementVisibleKeyword.groovy:67)
	at com.kms.katalon.core.keyword.internal.KeywordExecutor.executeKeywordForPlatform(KeywordExecutor.groovy:74)
	at com.kms.katalon.core.webui.keyword.WebUiBuiltInKeywords.verifyElementVisible(WebUiBuiltInKeywords.groovy:401)
	at com.kms.katalon.core.webui.keyword.WebUiBuiltInKeywords$verifyElementVisible$5.call(Unknown Source)
	at Edit Tank Pump Stop.run(Edit Tank Pump Stop:33)
	at com.kms.katalon.core.main.ScriptEngine.run(ScriptEngine.java:194)
	at com.kms.katalon.core.main.ScriptEngine.runScriptAsRawText(ScriptEngine.java:119)
	at com.kms.katalon.core.main.TestCaseExecutor.runScript(TestCaseExecutor.java:448)
	at com.kms.katalon.core.main.TestCaseExecutor.doExecute(TestCaseExecutor.java:439)
	at com.kms.katalon.core.main.TestCaseExecutor.processExecutionPhase(TestCaseExecutor.java:418)
	at com.kms.katalon.core.main.TestCaseExecutor.accessMainPhase(TestCaseExecutor.java:410)
	at com.kms.katalon.core.main.TestCaseExecutor.execute(TestCaseExecutor.java:285)
	at com.kms.katalon.core.common.CommonExecutor.accessTestCaseMainPhase(CommonExecutor.java:65)
	at com.kms.katalon.core.main.TestSuiteExecutor.accessTestSuiteMainPhase(TestSuiteExecutor.java:150)
	at com.kms.katalon.core.main.TestSuiteExecutor.execute(TestSuiteExecutor.java:106)
	at com.kms.katalon.core.main.TestCaseMain.startTestSuite(TestCaseMain.java:180)
	at com.kms.katalon.core.main.TestCaseMain$startTestSuite$0.call(Unknown Source)
	at TempTestSuite1761090786896.run(TempTestSuite1761090786896.groovy:35)
	at java.base/jdk.internal.reflect.NativeMethodAccessorImpl.invoke0(Native Method)
	at java.base/jdk.internal.reflect.NativeMethodAccessorImpl.invoke(NativeMethodAccessorImpl.java:77)
	at java.base/jdk.internal.reflect.DelegatingMethodAccessorImpl.invoke(DelegatingMethodAccessorImpl.java:43)
)

21-10-2025T21:33:58 - [MESSAGE][INFO] - Unable to find the element located by 'By.xpath: /html/body/div[2]/div[1]/div/div/footer/div/button'. Please recheck the objects properties to make sure the desired element is located. 

21-10-2025T21:33:58 - [MESSAGE][WARNING] - [SELF-HEALING] Failed to find element with id 'Object Repository/FIM/Existing Page with Pending Changes Close_btn'. Try using Self-healing.

21-10-2025T21:33:59 - [MESSAGE][INFO] - [SELF-HEALING] No working XPath is found.

21-10-2025T21:34:01 - [MESSAGE][INFO] - Unable to find the element located by 'By.xpath: '. Please recheck the objects properties to make sure the desired element is located. 

21-10-2025T21:34:01 - [MESSAGE][WARNING] - [SELF-HEALING] Cannot find elements when the selector is null

21-10-2025T21:34:01 - [MESSAGE][WARNING] - Web element with id: 'Object Repository/FIM/Existing Page with Pending Changes Close_btn' located by '/html/body/div[2]/div[1]/div/div/footer/div/button' not found (Root cause: com.kms.katalon.core.exception.StepFailedException: Web element with id: 'Object Repository/FIM/Existing Page with Pending Changes Close_btn' located by '/html/body/div[2]/div[1]/div/div/footer/div/button' not found
	at com.kms.katalon.core.webui.keyword.internal.WebUIKeywordMain.stepFailed(WebUIKeywordMain.groovy:117)
	at com.kms.katalon.core.webui.keyword.builtin.VerifyElementVisibleKeyword$_verifyElementVisible_closure1.doCall(VerifyElementVisibleKeyword.groovy:89)
	at com.kms.katalon.core.webui.keyword.builtin.VerifyElementVisibleKeyword$_verifyElementVisible_closure1.call(VerifyElementVisibleKeyword.groovy)
	at com.kms.katalon.core.webui.keyword.internal.WebUIKeywordMain.runKeyword(WebUIKeywordMain.groovy:35)
	at com.kms.katalon.core.webui.keyword.builtin.VerifyElementVisibleKeyword.verifyElementVisible(VerifyElementVisibleKeyword.groovy:97)
	at com.kms.katalon.core.webui.keyword.builtin.VerifyElementVisibleKeyword.execute(VerifyElementVisibleKeyword.groovy:67)
	at com.kms.katalon.core.keyword.internal.KeywordExecutor.executeKeywordForPlatform(KeywordExecutor.groovy:74)
	at com.kms.katalon.core.webui.keyword.WebUiBuiltInKeywords.verifyElementVisible(WebUiBuiltInKeywords.groovy:401)
	at com.kms.katalon.core.webui.keyword.WebUiBuiltInKeywords$verifyElementVisible$5.call(Unknown Source)
	at Edit Tank Pump Stop.run(Edit Tank Pump Stop:33)
	at com.kms.katalon.core.main.ScriptEngine.run(ScriptEngine.java:194)
	at com.kms.katalon.core.main.ScriptEngine.runScriptAsRawText(ScriptEngine.java:119)
	at com.kms.katalon.core.main.TestCaseExecutor.runScript(TestCaseExecutor.java:448)
	at com.kms.katalon.core.main.TestCaseExecutor.doExecute(TestCaseExecutor.java:439)
	at com.kms.katalon.core.main.TestCaseExecutor.processExecutionPhase(TestCaseExecutor.java:418)
	at com.kms.katalon.core.main.TestCaseExecutor.accessMainPhase(TestCaseExecutor.java:410)
	at com.kms.katalon.core.main.TestCaseExecutor.execute(TestCaseExecutor.java:285)
	at com.kms.katalon.core.common.CommonExecutor.accessTestCaseMainPhase(CommonExecutor.java:65)
	at com.kms.katalon.core.main.TestSuiteExecutor.accessTestSuiteMainPhase(TestSuiteExecutor.java:150)
	at com.kms.katalon.core.main.TestSuiteExecutor.execute(TestSuiteExecutor.java:106)
	at com.kms.katalon.core.main.TestCaseMain.startTestSuite(TestCaseMain.java:180)
	at com.kms.katalon.core.main.TestCaseMain$startTestSuite$0.call(Unknown Source)
	at TempTestSuite1761090786896.run(TempTestSuite1761090786896.groovy:35)
	at java.base/jdk.internal.reflect.NativeMethodAccessorImpl.invoke0(Native Method)
	at java.base/jdk.internal.reflect.NativeMethodAccessorImpl.invoke(NativeMethodAccessorImpl.java:77)
	at java.base/jdk.internal.reflect.DelegatingMethodAccessorImpl.invoke(DelegatingMethodAccessorImpl.java:43)
)

21-10-2025T21:34:01 - [TEST_STEP][PASSED] - delay(1): Delayed 1 second(s)

21-10-2025T21:34:02 - [MESSAGE][PASSED] - Delayed 1 second(s)

21-10-2025T21:34:02 - [TEST_STEP][PASSED] - waitForElementClickable(findTestObject("FIM/Sites Page/Site Filtering/Site_txt"), 15): Object 'Object Repository/FIM/Sites Page/Site Filtering/Site_txt' is clickable

21-10-2025T21:34:02 - [MESSAGE][PASSED] - Object 'Object Repository/FIM/Sites Page/Site Filtering/Site_txt' is clickable

21-10-2025T21:34:02 - [TEST_STEP][PASSED] - verifyElementVisible(findTestObject("FIM/Sites Page/Tank/Tank Edit_btn")): Object 'Object Repository/FIM/Sites Page/Tank/Tank Edit_btn' is visible

21-10-2025T21:34:02 - [MESSAGE][PASSED] - Object 'Object Repository/FIM/Sites Page/Tank/Tank Edit_btn' is visible

21-10-2025T21:34:02 - [TEST_STEP][PASSED] - click(findTestObject("FIM/Sites Page/Tank/Tank Edit_btn")): Object: 'Object Repository/FIM/Sites Page/Tank/Tank Edit_btn' is clicked on

21-10-2025T21:34:02 - [MESSAGE][PASSED] - Object: 'Object Repository/FIM/Sites Page/Tank/Tank Edit_btn' is clicked on

21-10-2025T21:34:02 - [TEST_STEP][PASSED] - delay(2): Delayed 2 second(s)

21-10-2025T21:34:04 - [MESSAGE][PASSED] - Delayed 2 second(s)

21-10-2025T21:34:04 - [TEST_STEP][PASSED] - setText(findTestObject("FIM/Sites Page/Tank/Pump Stop_txt"), "1000"): Text '1000' is set on object 'Object Repository/FIM/Sites Page/Tank/Pump Stop_txt'

21-10-2025T21:34:04 - [MESSAGE][PASSED] - Text '1000' is set on object 'Object Repository/FIM/Sites Page/Tank/Pump Stop_txt'

21-10-2025T21:34:04 - [TEST_STEP][PASSED] - delay(1): Delayed 1 second(s)

21-10-2025T21:34:05 - [MESSAGE][PASSED] - Delayed 1 second(s)

21-10-2025T21:34:05 - [TEST_STEP][PASSED] - click(findTestObject("FIM/Sites Page/Tank/Tank Save_btn"), STOP_ON_FAILURE): Object: 'Object Repository/FIM/Sites Page/Tank/Tank Save_btn' is clicked on

21-10-2025T21:34:05 - [MESSAGE][PASSED] - Object: 'Object Repository/FIM/Sites Page/Tank/Tank Save_btn' is clicked on

21-10-2025T21:34:05 - [TEST_STEP][PASSED] - delay(1): Delayed 1 second(s)

21-10-2025T21:34:06 - [MESSAGE][PASSED] - Delayed 1 second(s)

21-10-2025T21:34:06 - [TEST_STEP][PASSED] - verifyElementVisible(findTestObject("FIM/Sites Page/Tank/Tank Message"), STOP_ON_FAILURE): Object 'Object Repository/FIM/Sites Page/Tank/Tank Message' is visible

21-10-2025T21:34:06 - [MESSAGE][PASSED] - Object 'Object Repository/FIM/Sites Page/Tank/Tank Message' is visible

21-10-2025T21:34:06 - [TEST_STEP][PASSED] - verifyElementText(findTestObject("FIM/Sites Page/Tank/Tank Message"), "Tank was updated successfully"): Actual text and expected text of test object 'Object Repository/FIM/Sites Page/Tank/Tank Message' are matched.

21-10-2025T21:34:06 - [MESSAGE][PASSED] - Actual text and expected text of test object 'Object Repository/FIM/Sites Page/Tank/Tank Message' are matched.

21-10-2025T21:34:06 - [TEST_STEP][PASSED] - closeBrowser(): Browser is closed

21-10-2025T21:34:06 - [MESSAGE][PASSED] - Browser is closed

21-10-2025T21:34:06 - [TEST_STEP][PASSED] - Start listener action : retryOnDisconnect: null

21-10-2025T21:34:06 - [TEST_STEP][PASSED] - tcId = testCaseContext.getTestCaseId(): null

21-10-2025T21:34:06 - [TEST_STEP][PASSED] - currentRetry = retryCounts.getOrDefault(tcId, 0): null

21-10-2025T21:34:06 - [TEST_STEP][PASSED] - if (testCaseContext.getTestCaseStatus() == "FAILED" && currentRetry < MAX_RETRIES): null]]></system-out>
         <system-err><![CDATA[]]></system-err>
      </testcase>
      <testcase name="Test Cases/FIM/UI/KGL/Admin/Sites Page/Tank/Edit Tank Safe Fill" time="62.329" classname="Test Cases/FIM/UI/KGL/Admin/Sites Page/Tank/Edit Tank Safe Fill" status="PASSED">
         <system-out><![CDATA[21-10-2025T21:34:06 - [TEST_CASE][PASSED] - Test Cases/FIM/UI/KGL/Admin/Sites Page/Tank/Edit Tank Safe Fill: Test Cases/FIM/UI/KGL/Admin/Sites Page/Tank/Edit Tank Safe Fill

21-10-2025T21:34:06 - [TEST_STEP][PASSED] - Start listener action : beforeTestCase: null

21-10-2025T21:34:06 - [TEST_STEP][PASSED] - addDefaultPackages(): null

21-10-2025T21:34:06 - [TEST_STEP][PASSED] - callTestCase(findTestCase("Utility Scripts/FIM KGL Admin Login"), [:], STOP_ON_FAILURE): Call Test Case 'Test Cases/Utility Scripts/FIM KGL Admin Login' successfully

21-10-2025T21:34:06 - [TEST_CASE][PASSED] - Test Cases/Utility Scripts/FIM KGL Admin Login: Test Cases/Utility Scripts/FIM KGL Admin Login

21-10-2025T21:34:06 - [TEST_STEP][PASSED] - openBrowser(""): Browser is opened with url: ''

21-10-2025T21:34:06 - [MESSAGE][INFO] - Starting 'Chrome' driver

21-10-2025T21:34:06 - [MESSAGE][INFO] - User set preference: ['args', '[--no-sandbox, --disable-gpu, --disable-dev-shm-usage]']

21-10-2025T21:34:06 - [MESSAGE][INFO] - Action delay is set to 0 milliseconds

21-10-2025T21:34:07 - [MESSAGE][PASSED] - Browser is opened with url: ''

21-10-2025T21:34:07 - [TEST_STEP][PASSED] - delay(1): Delayed 1 second(s)

21-10-2025T21:34:08 - [MESSAGE][PASSED] - Delayed 1 second(s)

21-10-2025T21:34:08 - [TEST_STEP][PASSED] - navigateToUrl(KGLCustomGroupUrl): Navigate to 'https://kaglogistics-inventory-management-portal.qa.thekag.com/custom-group/' successfully

21-10-2025T21:34:09 - [MESSAGE][PASSED] - Navigate to 'https://kaglogistics-inventory-management-portal.qa.thekag.com/custom-group/' successfully

21-10-2025T21:34:09 - [TEST_STEP][PASSED] - delay(10): Delayed 10 second(s)

21-10-2025T21:34:19 - [MESSAGE][PASSED] - Delayed 10 second(s)

21-10-2025T21:34:19 - [TEST_STEP][PASSED] - if (maximizeWindow == true): Delayed 1 second(s)

21-10-2025T21:34:19 - [TEST_STEP][PASSED] - maximizeWindow(STOP_ON_FAILURE): Current window maximized

21-10-2025T21:34:19 - [MESSAGE][PASSED] - Current window maximized

21-10-2025T21:34:19 - [TEST_STEP][PASSED] - delay(1): Delayed 1 second(s)

21-10-2025T21:34:20 - [MESSAGE][PASSED] - Delayed 1 second(s)

21-10-2025T21:34:20 - [TEST_STEP][PASSED] - waitForElementPresent(findTestObject("FIM/Username_txt"), 10): Object 'Object Repository/FIM/Username_txt' is present

21-10-2025T21:34:20 - [MESSAGE][PASSED] - Object 'Object Repository/FIM/Username_txt' is present

21-10-2025T21:34:20 - [TEST_STEP][PASSED] - setText(findTestObject("FIM/Username_txt"), FIMUsername): Text 'Chris.Sheldon+DES_QA@Thekag.com' is set on object 'Object Repository/FIM/Username_txt'

21-10-2025T21:34:20 - [MESSAGE][PASSED] - Text 'Chris.Sheldon+DES_QA@Thekag.com' is set on object 'Object Repository/FIM/Username_txt'

21-10-2025T21:34:20 - [TEST_STEP][PASSED] - delay(1): Delayed 1 second(s)

21-10-2025T21:34:21 - [MESSAGE][PASSED] - Delayed 1 second(s)

21-10-2025T21:34:21 - [TEST_STEP][PASSED] - setText(findTestObject("FIM/Password_txt"), FIMPassword): Text 'QATest!2' is set on object 'Object Repository/FIM/Password_txt'

21-10-2025T21:34:21 - [MESSAGE][PASSED] - Text 'QATest!2' is set on object 'Object Repository/FIM/Password_txt'

21-10-2025T21:34:21 - [TEST_STEP][PASSED] - delay(1): Delayed 1 second(s)

21-10-2025T21:34:22 - [MESSAGE][PASSED] - Delayed 1 second(s)

21-10-2025T21:34:22 - [TEST_STEP][PASSED] - click(findTestObject("FIM/Login_btn")): Object: 'Object Repository/FIM/Login_btn' is clicked on

21-10-2025T21:34:23 - [MESSAGE][PASSED] - Object: 'Object Repository/FIM/Login_btn' is clicked on

21-10-2025T21:34:23 - [MESSAGE][PASSED] - Call Test Case 'Test Cases/Utility Scripts/FIM KGL Admin Login' successfully

21-10-2025T21:34:23 - [TEST_STEP][PASSED] - if (verifyElementVisible(findTestObject("FIM/Server_Notification_Close_btn"), OPTIONAL) == true): Web element with id: 'Object Repository/FIM/Server_Notification_Close_btn' located by '/html/body/div/div[1]/button' not found (Root cause: com.kms.katalon.core.exception.StepFailedException: Web element with id: 'Object Repository/FIM/Server_Notification_Close_btn' located by '/html/body/div/div[1]/button' not found
	at com.kms.katalon.core.webui.keyword.internal.WebUIKeywordMain.stepFailed(WebUIKeywordMain.groovy:117)
	at com.kms.katalon.core.webui.keyword.builtin.VerifyElementVisibleKeyword$_verifyElementVisible_closure1.doCall(VerifyElementVisibleKeyword.groovy:89)
	at com.kms.katalon.core.webui.keyword.builtin.VerifyElementVisibleKeyword$_verifyElementVisible_closure1.call(VerifyElementVisibleKeyword.groovy)
	at com.kms.katalon.core.webui.keyword.internal.WebUIKeywordMain.runKeyword(WebUIKeywordMain.groovy:35)
	at com.kms.katalon.core.webui.keyword.builtin.VerifyElementVisibleKeyword.verifyElementVisible(VerifyElementVisibleKeyword.groovy:97)
	at com.kms.katalon.core.webui.keyword.builtin.VerifyElementVisibleKeyword.execute(VerifyElementVisibleKeyword.groovy:67)
	at com.kms.katalon.core.keyword.internal.KeywordExecutor.executeKeywordForPlatform(KeywordExecutor.groovy:74)
	at com.kms.katalon.core.webui.keyword.WebUiBuiltInKeywords.verifyElementVisible(WebUiBuiltInKeywords.groovy:401)
	at com.kms.katalon.core.webui.keyword.WebUiBuiltInKeywords$verifyElementVisible$5.call(Unknown Source)
	at Edit Tank Safe Fill.run(Edit Tank Safe Fill:22)
	at com.kms.katalon.core.main.ScriptEngine.run(ScriptEngine.java:194)
	at com.kms.katalon.core.main.ScriptEngine.runScriptAsRawText(ScriptEngine.java:119)
	at com.kms.katalon.core.main.TestCaseExecutor.runScript(TestCaseExecutor.java:448)
	at com.kms.katalon.core.main.TestCaseExecutor.doExecute(TestCaseExecutor.java:439)
	at com.kms.katalon.core.main.TestCaseExecutor.processExecutionPhase(TestCaseExecutor.java:418)
	at com.kms.katalon.core.main.TestCaseExecutor.accessMainPhase(TestCaseExecutor.java:410)
	at com.kms.katalon.core.main.TestCaseExecutor.execute(TestCaseExecutor.java:285)
	at com.kms.katalon.core.common.CommonExecutor.accessTestCaseMainPhase(CommonExecutor.java:65)
	at com.kms.katalon.core.main.TestSuiteExecutor.accessTestSuiteMainPhase(TestSuiteExecutor.java:150)
	at com.kms.katalon.core.main.TestSuiteExecutor.execute(TestSuiteExecutor.java:106)
	at com.kms.katalon.core.main.TestCaseMain.startTestSuite(TestCaseMain.java:180)
	at com.kms.katalon.core.main.TestCaseMain$startTestSuite$0.call(Unknown Source)
	at TempTestSuite1761090786896.run(TempTestSuite1761090786896.groovy:35)
	at java.base/jdk.internal.reflect.NativeMethodAccessorImpl.invoke0(Native Method)
	at java.base/jdk.internal.reflect.NativeMethodAccessorImpl.invoke(NativeMethodAccessorImpl.java:77)
	at java.base/jdk.internal.reflect.DelegatingMethodAccessorImpl.invoke(DelegatingMethodAccessorImpl.java:43)
)

21-10-2025T21:34:39 - [MESSAGE][INFO] - Unable to find the element located by 'By.xpath: /html/body/div/div[1]/button'. Please recheck the objects properties to make sure the desired element is located. 

21-10-2025T21:34:39 - [MESSAGE][WARNING] - [SELF-HEALING] Failed to find element with id 'Object Repository/FIM/Server_Notification_Close_btn'. Try using Self-healing.

21-10-2025T21:34:40 - [MESSAGE][INFO] - [SELF-HEALING] No working XPath is found.

21-10-2025T21:34:42 - [MESSAGE][INFO] - Unable to find the element located by 'By.xpath: '. Please recheck the objects properties to make sure the desired element is located. 

21-10-2025T21:34:42 - [MESSAGE][WARNING] - [SELF-HEALING] Cannot find elements when the selector is null

21-10-2025T21:34:42 - [MESSAGE][WARNING] - Web element with id: 'Object Repository/FIM/Server_Notification_Close_btn' located by '/html/body/div/div[1]/button' not found (Root cause: com.kms.katalon.core.exception.StepFailedException: Web element with id: 'Object Repository/FIM/Server_Notification_Close_btn' located by '/html/body/div/div[1]/button' not found
	at com.kms.katalon.core.webui.keyword.internal.WebUIKeywordMain.stepFailed(WebUIKeywordMain.groovy:117)
	at com.kms.katalon.core.webui.keyword.builtin.VerifyElementVisibleKeyword$_verifyElementVisible_closure1.doCall(VerifyElementVisibleKeyword.groovy:89)
	at com.kms.katalon.core.webui.keyword.builtin.VerifyElementVisibleKeyword$_verifyElementVisible_closure1.call(VerifyElementVisibleKeyword.groovy)
	at com.kms.katalon.core.webui.keyword.internal.WebUIKeywordMain.runKeyword(WebUIKeywordMain.groovy:35)
	at com.kms.katalon.core.webui.keyword.builtin.VerifyElementVisibleKeyword.verifyElementVisible(VerifyElementVisibleKeyword.groovy:97)
	at com.kms.katalon.core.webui.keyword.builtin.VerifyElementVisibleKeyword.execute(VerifyElementVisibleKeyword.groovy:67)
	at com.kms.katalon.core.keyword.internal.KeywordExecutor.executeKeywordForPlatform(KeywordExecutor.groovy:74)
	at com.kms.katalon.core.webui.keyword.WebUiBuiltInKeywords.verifyElementVisible(WebUiBuiltInKeywords.groovy:401)
	at com.kms.katalon.core.webui.keyword.WebUiBuiltInKeywords$verifyElementVisible$5.call(Unknown Source)
	at Edit Tank Safe Fill.run(Edit Tank Safe Fill:22)
	at com.kms.katalon.core.main.ScriptEngine.run(ScriptEngine.java:194)
	at com.kms.katalon.core.main.ScriptEngine.runScriptAsRawText(ScriptEngine.java:119)
	at com.kms.katalon.core.main.TestCaseExecutor.runScript(TestCaseExecutor.java:448)
	at com.kms.katalon.core.main.TestCaseExecutor.doExecute(TestCaseExecutor.java:439)
	at com.kms.katalon.core.main.TestCaseExecutor.processExecutionPhase(TestCaseExecutor.java:418)
	at com.kms.katalon.core.main.TestCaseExecutor.accessMainPhase(TestCaseExecutor.java:410)
	at com.kms.katalon.core.main.TestCaseExecutor.execute(TestCaseExecutor.java:285)
	at com.kms.katalon.core.common.CommonExecutor.accessTestCaseMainPhase(CommonExecutor.java:65)
	at com.kms.katalon.core.main.TestSuiteExecutor.accessTestSuiteMainPhase(TestSuiteExecutor.java:150)
	at com.kms.katalon.core.main.TestSuiteExecutor.execute(TestSuiteExecutor.java:106)
	at com.kms.katalon.core.main.TestCaseMain.startTestSuite(TestCaseMain.java:180)
	at com.kms.katalon.core.main.TestCaseMain$startTestSuite$0.call(Unknown Source)
	at TempTestSuite1761090786896.run(TempTestSuite1761090786896.groovy:35)
	at java.base/jdk.internal.reflect.NativeMethodAccessorImpl.invoke0(Native Method)
	at java.base/jdk.internal.reflect.NativeMethodAccessorImpl.invoke(NativeMethodAccessorImpl.java:77)
	at java.base/jdk.internal.reflect.DelegatingMethodAccessorImpl.invoke(DelegatingMethodAccessorImpl.java:43)
)

21-10-2025T21:34:42 - [TEST_STEP][PASSED] - click(findTestObject("FIM/Hamburger Menu List/Hamburger_menu")): Object: 'Object Repository/FIM/Hamburger Menu List/Hamburger_menu' is clicked on

21-10-2025T21:34:42 - [MESSAGE][PASSED] - Object: 'Object Repository/FIM/Hamburger Menu List/Hamburger_menu' is clicked on

21-10-2025T21:34:42 - [TEST_STEP][PASSED] - delay(2): Delayed 2 second(s)

21-10-2025T21:34:44 - [MESSAGE][PASSED] - Delayed 2 second(s)

21-10-2025T21:34:44 - [TEST_STEP][PASSED] - click(findTestObject("FIM/Hamburger Menu List/KGL_Sites_option")): Object: 'Object Repository/FIM/Hamburger Menu List/KGL_Sites_option' is clicked on

21-10-2025T21:34:44 - [MESSAGE][PASSED] - Object: 'Object Repository/FIM/Hamburger Menu List/KGL_Sites_option' is clicked on

21-10-2025T21:34:44 - [TEST_STEP][PASSED] - if (verifyElementVisible(findTestObject("FIM/Existing Page with Pending Changes Close_btn"), OPTIONAL) == true): Web element with id: 'Object Repository/FIM/Existing Page with Pending Changes Close_btn' located by '/html/body/div[2]/div[1]/div/div/footer/div/button' not found (Root cause: com.kms.katalon.core.exception.StepFailedException: Web element with id: 'Object Repository/FIM/Existing Page with Pending Changes Close_btn' located by '/html/body/div[2]/div[1]/div/div/footer/div/button' not found
	at com.kms.katalon.core.webui.keyword.internal.WebUIKeywordMain.stepFailed(WebUIKeywordMain.groovy:117)
	at com.kms.katalon.core.webui.keyword.builtin.VerifyElementVisibleKeyword$_verifyElementVisible_closure1.doCall(VerifyElementVisibleKeyword.groovy:89)
	at com.kms.katalon.core.webui.keyword.builtin.VerifyElementVisibleKeyword$_verifyElementVisible_closure1.call(VerifyElementVisibleKeyword.groovy)
	at com.kms.katalon.core.webui.keyword.internal.WebUIKeywordMain.runKeyword(WebUIKeywordMain.groovy:35)
	at com.kms.katalon.core.webui.keyword.builtin.VerifyElementVisibleKeyword.verifyElementVisible(VerifyElementVisibleKeyword.groovy:97)
	at com.kms.katalon.core.webui.keyword.builtin.VerifyElementVisibleKeyword.execute(VerifyElementVisibleKeyword.groovy:67)
	at com.kms.katalon.core.keyword.internal.KeywordExecutor.executeKeywordForPlatform(KeywordExecutor.groovy:74)
	at com.kms.katalon.core.webui.keyword.WebUiBuiltInKeywords.verifyElementVisible(WebUiBuiltInKeywords.groovy:401)
	at com.kms.katalon.core.webui.keyword.WebUiBuiltInKeywords$verifyElementVisible$5.call(Unknown Source)
	at Edit Tank Safe Fill.run(Edit Tank Safe Fill:33)
	at com.kms.katalon.core.main.ScriptEngine.run(ScriptEngine.java:194)
	at com.kms.katalon.core.main.ScriptEngine.runScriptAsRawText(ScriptEngine.java:119)
	at com.kms.katalon.core.main.TestCaseExecutor.runScript(TestCaseExecutor.java:448)
	at com.kms.katalon.core.main.TestCaseExecutor.doExecute(TestCaseExecutor.java:439)
	at com.kms.katalon.core.main.TestCaseExecutor.processExecutionPhase(TestCaseExecutor.java:418)
	at com.kms.katalon.core.main.TestCaseExecutor.accessMainPhase(TestCaseExecutor.java:410)
	at com.kms.katalon.core.main.TestCaseExecutor.execute(TestCaseExecutor.java:285)
	at com.kms.katalon.core.common.CommonExecutor.accessTestCaseMainPhase(CommonExecutor.java:65)
	at com.kms.katalon.core.main.TestSuiteExecutor.accessTestSuiteMainPhase(TestSuiteExecutor.java:150)
	at com.kms.katalon.core.main.TestSuiteExecutor.execute(TestSuiteExecutor.java:106)
	at com.kms.katalon.core.main.TestCaseMain.startTestSuite(TestCaseMain.java:180)
	at com.kms.katalon.core.main.TestCaseMain$startTestSuite$0.call(Unknown Source)
	at TempTestSuite1761090786896.run(TempTestSuite1761090786896.groovy:35)
	at java.base/jdk.internal.reflect.NativeMethodAccessorImpl.invoke0(Native Method)
	at java.base/jdk.internal.reflect.NativeMethodAccessorImpl.invoke(NativeMethodAccessorImpl.java:77)
	at java.base/jdk.internal.reflect.DelegatingMethodAccessorImpl.invoke(DelegatingMethodAccessorImpl.java:43)
)

21-10-2025T21:35:00 - [MESSAGE][INFO] - Unable to find the element located by 'By.xpath: /html/body/div[2]/div[1]/div/div/footer/div/button'. Please recheck the objects properties to make sure the desired element is located. 

21-10-2025T21:35:00 - [MESSAGE][WARNING] - [SELF-HEALING] Failed to find element with id 'Object Repository/FIM/Existing Page with Pending Changes Close_btn'. Try using Self-healing.

21-10-2025T21:35:01 - [MESSAGE][INFO] - [SELF-HEALING] No working XPath is found.

21-10-2025T21:35:03 - [MESSAGE][INFO] - Unable to find the element located by 'By.xpath: '. Please recheck the objects properties to make sure the desired element is located. 

21-10-2025T21:35:03 - [MESSAGE][WARNING] - [SELF-HEALING] Cannot find elements when the selector is null

21-10-2025T21:35:03 - [MESSAGE][WARNING] - Web element with id: 'Object Repository/FIM/Existing Page with Pending Changes Close_btn' located by '/html/body/div[2]/div[1]/div/div/footer/div/button' not found (Root cause: com.kms.katalon.core.exception.StepFailedException: Web element with id: 'Object Repository/FIM/Existing Page with Pending Changes Close_btn' located by '/html/body/div[2]/div[1]/div/div/footer/div/button' not found
	at com.kms.katalon.core.webui.keyword.internal.WebUIKeywordMain.stepFailed(WebUIKeywordMain.groovy:117)
	at com.kms.katalon.core.webui.keyword.builtin.VerifyElementVisibleKeyword$_verifyElementVisible_closure1.doCall(VerifyElementVisibleKeyword.groovy:89)
	at com.kms.katalon.core.webui.keyword.builtin.VerifyElementVisibleKeyword$_verifyElementVisible_closure1.call(VerifyElementVisibleKeyword.groovy)
	at com.kms.katalon.core.webui.keyword.internal.WebUIKeywordMain.runKeyword(WebUIKeywordMain.groovy:35)
	at com.kms.katalon.core.webui.keyword.builtin.VerifyElementVisibleKeyword.verifyElementVisible(VerifyElementVisibleKeyword.groovy:97)
	at com.kms.katalon.core.webui.keyword.builtin.VerifyElementVisibleKeyword.execute(VerifyElementVisibleKeyword.groovy:67)
	at com.kms.katalon.core.keyword.internal.KeywordExecutor.executeKeywordForPlatform(KeywordExecutor.groovy:74)
	at com.kms.katalon.core.webui.keyword.WebUiBuiltInKeywords.verifyElementVisible(WebUiBuiltInKeywords.groovy:401)
	at com.kms.katalon.core.webui.keyword.WebUiBuiltInKeywords$verifyElementVisible$5.call(Unknown Source)
	at Edit Tank Safe Fill.run(Edit Tank Safe Fill:33)
	at com.kms.katalon.core.main.ScriptEngine.run(ScriptEngine.java:194)
	at com.kms.katalon.core.main.ScriptEngine.runScriptAsRawText(ScriptEngine.java:119)
	at com.kms.katalon.core.main.TestCaseExecutor.runScript(TestCaseExecutor.java:448)
	at com.kms.katalon.core.main.TestCaseExecutor.doExecute(TestCaseExecutor.java:439)
	at com.kms.katalon.core.main.TestCaseExecutor.processExecutionPhase(TestCaseExecutor.java:418)
	at com.kms.katalon.core.main.TestCaseExecutor.accessMainPhase(TestCaseExecutor.java:410)
	at com.kms.katalon.core.main.TestCaseExecutor.execute(TestCaseExecutor.java:285)
	at com.kms.katalon.core.common.CommonExecutor.accessTestCaseMainPhase(CommonExecutor.java:65)
	at com.kms.katalon.core.main.TestSuiteExecutor.accessTestSuiteMainPhase(TestSuiteExecutor.java:150)
	at com.kms.katalon.core.main.TestSuiteExecutor.execute(TestSuiteExecutor.java:106)
	at com.kms.katalon.core.main.TestCaseMain.startTestSuite(TestCaseMain.java:180)
	at com.kms.katalon.core.main.TestCaseMain$startTestSuite$0.call(Unknown Source)
	at TempTestSuite1761090786896.run(TempTestSuite1761090786896.groovy:35)
	at java.base/jdk.internal.reflect.NativeMethodAccessorImpl.invoke0(Native Method)
	at java.base/jdk.internal.reflect.NativeMethodAccessorImpl.invoke(NativeMethodAccessorImpl.java:77)
	at java.base/jdk.internal.reflect.DelegatingMethodAccessorImpl.invoke(DelegatingMethodAccessorImpl.java:43)
)

21-10-2025T21:35:03 - [TEST_STEP][PASSED] - delay(1): Delayed 1 second(s)

21-10-2025T21:35:04 - [MESSAGE][PASSED] - Delayed 1 second(s)

21-10-2025T21:35:04 - [TEST_STEP][PASSED] - waitForElementClickable(findTestObject("FIM/Sites Page/Site Filtering/Site_txt"), 15): Object 'Object Repository/FIM/Sites Page/Site Filtering/Site_txt' is clickable

21-10-2025T21:35:04 - [MESSAGE][PASSED] - Object 'Object Repository/FIM/Sites Page/Site Filtering/Site_txt' is clickable

21-10-2025T21:35:04 - [TEST_STEP][PASSED] - verifyElementVisible(findTestObject("FIM/Sites Page/Tank/Tank Edit_btn")): Object 'Object Repository/FIM/Sites Page/Tank/Tank Edit_btn' is visible

21-10-2025T21:35:04 - [MESSAGE][PASSED] - Object 'Object Repository/FIM/Sites Page/Tank/Tank Edit_btn' is visible

21-10-2025T21:35:04 - [TEST_STEP][PASSED] - click(findTestObject("FIM/Sites Page/Tank/Tank Edit_btn")): Object: 'Object Repository/FIM/Sites Page/Tank/Tank Edit_btn' is clicked on

21-10-2025T21:35:04 - [MESSAGE][PASSED] - Object: 'Object Repository/FIM/Sites Page/Tank/Tank Edit_btn' is clicked on

21-10-2025T21:35:04 - [TEST_STEP][PASSED] - delay(2): Delayed 2 second(s)

21-10-2025T21:35:06 - [MESSAGE][PASSED] - Delayed 2 second(s)

21-10-2025T21:35:06 - [TEST_STEP][PASSED] - setText(findTestObject("FIM/Sites Page/Tank/Safe Fill Quantity_txt"), "3521"): Text '3521' is set on object 'Object Repository/FIM/Sites Page/Tank/Safe Fill Quantity_txt'

21-10-2025T21:35:06 - [MESSAGE][PASSED] - Text '3521' is set on object 'Object Repository/FIM/Sites Page/Tank/Safe Fill Quantity_txt'

21-10-2025T21:35:06 - [TEST_STEP][PASSED] - delay(1): Delayed 1 second(s)

21-10-2025T21:35:07 - [MESSAGE][PASSED] - Delayed 1 second(s)

21-10-2025T21:35:07 - [TEST_STEP][PASSED] - click(findTestObject("FIM/Sites Page/Tank/Tank Save_btn"), STOP_ON_FAILURE): Object: 'Object Repository/FIM/Sites Page/Tank/Tank Save_btn' is clicked on

21-10-2025T21:35:07 - [MESSAGE][PASSED] - Object: 'Object Repository/FIM/Sites Page/Tank/Tank Save_btn' is clicked on

21-10-2025T21:35:07 - [TEST_STEP][PASSED] - delay(1): Delayed 1 second(s)

21-10-2025T21:35:08 - [MESSAGE][PASSED] - Delayed 1 second(s)

21-10-2025T21:35:08 - [TEST_STEP][PASSED] - verifyElementVisible(findTestObject("FIM/Sites Page/Tank/Tank Message"), STOP_ON_FAILURE): Object 'Object Repository/FIM/Sites Page/Tank/Tank Message' is visible

21-10-2025T21:35:08 - [MESSAGE][PASSED] - Object 'Object Repository/FIM/Sites Page/Tank/Tank Message' is visible

21-10-2025T21:35:08 - [TEST_STEP][PASSED] - verifyElementText(findTestObject("FIM/Sites Page/Tank/Tank Message"), "Tank was updated successfully"): Actual text and expected text of test object 'Object Repository/FIM/Sites Page/Tank/Tank Message' are matched.

21-10-2025T21:35:08 - [MESSAGE][PASSED] - Actual text and expected text of test object 'Object Repository/FIM/Sites Page/Tank/Tank Message' are matched.

21-10-2025T21:35:08 - [TEST_STEP][PASSED] - closeBrowser(): Browser is closed

21-10-2025T21:35:09 - [MESSAGE][PASSED] - Browser is closed

21-10-2025T21:35:09 - [TEST_STEP][PASSED] - Start listener action : retryOnDisconnect: null

21-10-2025T21:35:09 - [TEST_STEP][PASSED] - tcId = testCaseContext.getTestCaseId(): null

21-10-2025T21:35:09 - [TEST_STEP][PASSED] - currentRetry = retryCounts.getOrDefault(tcId, 0): null

21-10-2025T21:35:09 - [TEST_STEP][PASSED] - if (testCaseContext.getTestCaseStatus() == "FAILED" && currentRetry < MAX_RETRIES): null]]></system-out>
         <system-err><![CDATA[]]></system-err>
      </testcase>
      <testcase name="Test Cases/FIM/UI/KGL/Admin/Sites Page/Tank/Edit Tank Size" time="62.241" classname="Test Cases/FIM/UI/KGL/Admin/Sites Page/Tank/Edit Tank Size" status="PASSED">
         <system-out><![CDATA[21-10-2025T21:35:09 - [TEST_CASE][PASSED] - Test Cases/FIM/UI/KGL/Admin/Sites Page/Tank/Edit Tank Size: Test Cases/FIM/UI/KGL/Admin/Sites Page/Tank/Edit Tank Size

21-10-2025T21:35:09 - [TEST_STEP][PASSED] - Start listener action : beforeTestCase: null

21-10-2025T21:35:09 - [TEST_STEP][PASSED] - addDefaultPackages(): null

21-10-2025T21:35:09 - [TEST_STEP][PASSED] - callTestCase(findTestCase("Utility Scripts/FIM KGL Admin Login"), [:], STOP_ON_FAILURE): Call Test Case 'Test Cases/Utility Scripts/FIM KGL Admin Login' successfully

21-10-2025T21:35:09 - [TEST_CASE][PASSED] - Test Cases/Utility Scripts/FIM KGL Admin Login: Test Cases/Utility Scripts/FIM KGL Admin Login

21-10-2025T21:35:09 - [TEST_STEP][PASSED] - openBrowser(""): Browser is opened with url: ''

21-10-2025T21:35:09 - [MESSAGE][INFO] - Starting 'Chrome' driver

21-10-2025T21:35:09 - [MESSAGE][INFO] - User set preference: ['args', '[--no-sandbox, --disable-gpu, --disable-dev-shm-usage]']

21-10-2025T21:35:09 - [MESSAGE][INFO] - Action delay is set to 0 milliseconds

21-10-2025T21:35:10 - [MESSAGE][PASSED] - Browser is opened with url: ''

21-10-2025T21:35:10 - [TEST_STEP][PASSED] - delay(1): Delayed 1 second(s)

21-10-2025T21:35:11 - [MESSAGE][PASSED] - Delayed 1 second(s)

21-10-2025T21:35:11 - [TEST_STEP][PASSED] - navigateToUrl(KGLCustomGroupUrl): Navigate to 'https://kaglogistics-inventory-management-portal.qa.thekag.com/custom-group/' successfully

21-10-2025T21:35:11 - [MESSAGE][PASSED] - Navigate to 'https://kaglogistics-inventory-management-portal.qa.thekag.com/custom-group/' successfully

21-10-2025T21:35:11 - [TEST_STEP][PASSED] - delay(10): Delayed 10 second(s)

21-10-2025T21:35:21 - [MESSAGE][PASSED] - Delayed 10 second(s)

21-10-2025T21:35:21 - [TEST_STEP][PASSED] - if (maximizeWindow == true): Delayed 1 second(s)

21-10-2025T21:35:21 - [TEST_STEP][PASSED] - maximizeWindow(STOP_ON_FAILURE): Current window maximized

21-10-2025T21:35:21 - [MESSAGE][PASSED] - Current window maximized

21-10-2025T21:35:21 - [TEST_STEP][PASSED] - delay(1): Delayed 1 second(s)

21-10-2025T21:35:22 - [MESSAGE][PASSED] - Delayed 1 second(s)

21-10-2025T21:35:22 - [TEST_STEP][PASSED] - waitForElementPresent(findTestObject("FIM/Username_txt"), 10): Object 'Object Repository/FIM/Username_txt' is present

21-10-2025T21:35:22 - [MESSAGE][PASSED] - Object 'Object Repository/FIM/Username_txt' is present

21-10-2025T21:35:22 - [TEST_STEP][PASSED] - setText(findTestObject("FIM/Username_txt"), FIMUsername): Text 'Chris.Sheldon+DES_QA@Thekag.com' is set on object 'Object Repository/FIM/Username_txt'

21-10-2025T21:35:22 - [MESSAGE][PASSED] - Text 'Chris.Sheldon+DES_QA@Thekag.com' is set on object 'Object Repository/FIM/Username_txt'

21-10-2025T21:35:22 - [TEST_STEP][PASSED] - delay(1): Delayed 1 second(s)

21-10-2025T21:35:23 - [MESSAGE][PASSED] - Delayed 1 second(s)

21-10-2025T21:35:23 - [TEST_STEP][PASSED] - setText(findTestObject("FIM/Password_txt"), FIMPassword): Text 'QATest!2' is set on object 'Object Repository/FIM/Password_txt'

21-10-2025T21:35:23 - [MESSAGE][PASSED] - Text 'QATest!2' is set on object 'Object Repository/FIM/Password_txt'

21-10-2025T21:35:23 - [TEST_STEP][PASSED] - delay(1): Delayed 1 second(s)

21-10-2025T21:35:25 - [MESSAGE][PASSED] - Delayed 1 second(s)

21-10-2025T21:35:25 - [TEST_STEP][PASSED] - click(findTestObject("FIM/Login_btn")): Object: 'Object Repository/FIM/Login_btn' is clicked on

21-10-2025T21:35:25 - [MESSAGE][PASSED] - Object: 'Object Repository/FIM/Login_btn' is clicked on

21-10-2025T21:35:25 - [MESSAGE][PASSED] - Call Test Case 'Test Cases/Utility Scripts/FIM KGL Admin Login' successfully

21-10-2025T21:35:25 - [TEST_STEP][PASSED] - if (verifyElementVisible(findTestObject("FIM/Server_Notification_Close_btn"), OPTIONAL) == true): Web element with id: 'Object Repository/FIM/Server_Notification_Close_btn' located by '/html/body/div/div[1]/button' not found (Root cause: com.kms.katalon.core.exception.StepFailedException: Web element with id: 'Object Repository/FIM/Server_Notification_Close_btn' located by '/html/body/div/div[1]/button' not found
	at com.kms.katalon.core.webui.keyword.internal.WebUIKeywordMain.stepFailed(WebUIKeywordMain.groovy:117)
	at com.kms.katalon.core.webui.keyword.builtin.VerifyElementVisibleKeyword$_verifyElementVisible_closure1.doCall(VerifyElementVisibleKeyword.groovy:89)
	at com.kms.katalon.core.webui.keyword.builtin.VerifyElementVisibleKeyword$_verifyElementVisible_closure1.call(VerifyElementVisibleKeyword.groovy)
	at com.kms.katalon.core.webui.keyword.internal.WebUIKeywordMain.runKeyword(WebUIKeywordMain.groovy:35)
	at com.kms.katalon.core.webui.keyword.builtin.VerifyElementVisibleKeyword.verifyElementVisible(VerifyElementVisibleKeyword.groovy:97)
	at com.kms.katalon.core.webui.keyword.builtin.VerifyElementVisibleKeyword.execute(VerifyElementVisibleKeyword.groovy:67)
	at com.kms.katalon.core.keyword.internal.KeywordExecutor.executeKeywordForPlatform(KeywordExecutor.groovy:74)
	at com.kms.katalon.core.webui.keyword.WebUiBuiltInKeywords.verifyElementVisible(WebUiBuiltInKeywords.groovy:401)
	at com.kms.katalon.core.webui.keyword.WebUiBuiltInKeywords$verifyElementVisible$5.call(Unknown Source)
	at Edit Tank Size.run(Edit Tank Size:22)
	at com.kms.katalon.core.main.ScriptEngine.run(ScriptEngine.java:194)
	at com.kms.katalon.core.main.ScriptEngine.runScriptAsRawText(ScriptEngine.java:119)
	at com.kms.katalon.core.main.TestCaseExecutor.runScript(TestCaseExecutor.java:448)
	at com.kms.katalon.core.main.TestCaseExecutor.doExecute(TestCaseExecutor.java:439)
	at com.kms.katalon.core.main.TestCaseExecutor.processExecutionPhase(TestCaseExecutor.java:418)
	at com.kms.katalon.core.main.TestCaseExecutor.accessMainPhase(TestCaseExecutor.java:410)
	at com.kms.katalon.core.main.TestCaseExecutor.execute(TestCaseExecutor.java:285)
	at com.kms.katalon.core.common.CommonExecutor.accessTestCaseMainPhase(CommonExecutor.java:65)
	at com.kms.katalon.core.main.TestSuiteExecutor.accessTestSuiteMainPhase(TestSuiteExecutor.java:150)
	at com.kms.katalon.core.main.TestSuiteExecutor.execute(TestSuiteExecutor.java:106)
	at com.kms.katalon.core.main.TestCaseMain.startTestSuite(TestCaseMain.java:180)
	at com.kms.katalon.core.main.TestCaseMain$startTestSuite$0.call(Unknown Source)
	at TempTestSuite1761090786896.run(TempTestSuite1761090786896.groovy:35)
	at java.base/jdk.internal.reflect.NativeMethodAccessorImpl.invoke0(Native Method)
	at java.base/jdk.internal.reflect.NativeMethodAccessorImpl.invoke(NativeMethodAccessorImpl.java:77)
	at java.base/jdk.internal.reflect.DelegatingMethodAccessorImpl.invoke(DelegatingMethodAccessorImpl.java:43)
)

21-10-2025T21:35:41 - [MESSAGE][INFO] - Unable to find the element located by 'By.xpath: /html/body/div/div[1]/button'. Please recheck the objects properties to make sure the desired element is located. 

21-10-2025T21:35:41 - [MESSAGE][WARNING] - [SELF-HEALING] Failed to find element with id 'Object Repository/FIM/Server_Notification_Close_btn'. Try using Self-healing.

21-10-2025T21:35:42 - [MESSAGE][INFO] - [SELF-HEALING] No working XPath is found.

21-10-2025T21:35:44 - [MESSAGE][INFO] - Unable to find the element located by 'By.xpath: '. Please recheck the objects properties to make sure the desired element is located. 

21-10-2025T21:35:44 - [MESSAGE][WARNING] - [SELF-HEALING] Cannot find elements when the selector is null

21-10-2025T21:35:44 - [MESSAGE][WARNING] - Web element with id: 'Object Repository/FIM/Server_Notification_Close_btn' located by '/html/body/div/div[1]/button' not found (Root cause: com.kms.katalon.core.exception.StepFailedException: Web element with id: 'Object Repository/FIM/Server_Notification_Close_btn' located by '/html/body/div/div[1]/button' not found
	at com.kms.katalon.core.webui.keyword.internal.WebUIKeywordMain.stepFailed(WebUIKeywordMain.groovy:117)
	at com.kms.katalon.core.webui.keyword.builtin.VerifyElementVisibleKeyword$_verifyElementVisible_closure1.doCall(VerifyElementVisibleKeyword.groovy:89)
	at com.kms.katalon.core.webui.keyword.builtin.VerifyElementVisibleKeyword$_verifyElementVisible_closure1.call(VerifyElementVisibleKeyword.groovy)
	at com.kms.katalon.core.webui.keyword.internal.WebUIKeywordMain.runKeyword(WebUIKeywordMain.groovy:35)
	at com.kms.katalon.core.webui.keyword.builtin.VerifyElementVisibleKeyword.verifyElementVisible(VerifyElementVisibleKeyword.groovy:97)
	at com.kms.katalon.core.webui.keyword.builtin.VerifyElementVisibleKeyword.execute(VerifyElementVisibleKeyword.groovy:67)
	at com.kms.katalon.core.keyword.internal.KeywordExecutor.executeKeywordForPlatform(KeywordExecutor.groovy:74)
	at com.kms.katalon.core.webui.keyword.WebUiBuiltInKeywords.verifyElementVisible(WebUiBuiltInKeywords.groovy:401)
	at com.kms.katalon.core.webui.keyword.WebUiBuiltInKeywords$verifyElementVisible$5.call(Unknown Source)
	at Edit Tank Size.run(Edit Tank Size:22)
	at com.kms.katalon.core.main.ScriptEngine.run(ScriptEngine.java:194)
	at com.kms.katalon.core.main.ScriptEngine.runScriptAsRawText(ScriptEngine.java:119)
	at com.kms.katalon.core.main.TestCaseExecutor.runScript(TestCaseExecutor.java:448)
	at com.kms.katalon.core.main.TestCaseExecutor.doExecute(TestCaseExecutor.java:439)
	at com.kms.katalon.core.main.TestCaseExecutor.processExecutionPhase(TestCaseExecutor.java:418)
	at com.kms.katalon.core.main.TestCaseExecutor.accessMainPhase(TestCaseExecutor.java:410)
	at com.kms.katalon.core.main.TestCaseExecutor.execute(TestCaseExecutor.java:285)
	at com.kms.katalon.core.common.CommonExecutor.accessTestCaseMainPhase(CommonExecutor.java:65)
	at com.kms.katalon.core.main.TestSuiteExecutor.accessTestSuiteMainPhase(TestSuiteExecutor.java:150)
	at com.kms.katalon.core.main.TestSuiteExecutor.execute(TestSuiteExecutor.java:106)
	at com.kms.katalon.core.main.TestCaseMain.startTestSuite(TestCaseMain.java:180)
	at com.kms.katalon.core.main.TestCaseMain$startTestSuite$0.call(Unknown Source)
	at TempTestSuite1761090786896.run(TempTestSuite1761090786896.groovy:35)
	at java.base/jdk.internal.reflect.NativeMethodAccessorImpl.invoke0(Native Method)
	at java.base/jdk.internal.reflect.NativeMethodAccessorImpl.invoke(NativeMethodAccessorImpl.java:77)
	at java.base/jdk.internal.reflect.DelegatingMethodAccessorImpl.invoke(DelegatingMethodAccessorImpl.java:43)
)

21-10-2025T21:35:44 - [TEST_STEP][PASSED] - click(findTestObject("FIM/Hamburger Menu List/Hamburger_menu")): Object: 'Object Repository/FIM/Hamburger Menu List/Hamburger_menu' is clicked on

21-10-2025T21:35:44 - [MESSAGE][PASSED] - Object: 'Object Repository/FIM/Hamburger Menu List/Hamburger_menu' is clicked on

21-10-2025T21:35:44 - [TEST_STEP][PASSED] - delay(2): Delayed 2 second(s)

21-10-2025T21:35:46 - [MESSAGE][PASSED] - Delayed 2 second(s)

21-10-2025T21:35:46 - [TEST_STEP][PASSED] - click(findTestObject("FIM/Hamburger Menu List/KGL_Sites_option")): Object: 'Object Repository/FIM/Hamburger Menu List/KGL_Sites_option' is clicked on

21-10-2025T21:35:46 - [MESSAGE][PASSED] - Object: 'Object Repository/FIM/Hamburger Menu List/KGL_Sites_option' is clicked on

21-10-2025T21:35:46 - [TEST_STEP][PASSED] - if (verifyElementVisible(findTestObject("FIM/Existing Page with Pending Changes Close_btn"), OPTIONAL) == true): Web element with id: 'Object Repository/FIM/Existing Page with Pending Changes Close_btn' located by '/html/body/div[2]/div[1]/div/div/footer/div/button' not found (Root cause: com.kms.katalon.core.exception.StepFailedException: Web element with id: 'Object Repository/FIM/Existing Page with Pending Changes Close_btn' located by '/html/body/div[2]/div[1]/div/div/footer/div/button' not found
	at com.kms.katalon.core.webui.keyword.internal.WebUIKeywordMain.stepFailed(WebUIKeywordMain.groovy:117)
	at com.kms.katalon.core.webui.keyword.builtin.VerifyElementVisibleKeyword$_verifyElementVisible_closure1.doCall(VerifyElementVisibleKeyword.groovy:89)
	at com.kms.katalon.core.webui.keyword.builtin.VerifyElementVisibleKeyword$_verifyElementVisible_closure1.call(VerifyElementVisibleKeyword.groovy)
	at com.kms.katalon.core.webui.keyword.internal.WebUIKeywordMain.runKeyword(WebUIKeywordMain.groovy:35)
	at com.kms.katalon.core.webui.keyword.builtin.VerifyElementVisibleKeyword.verifyElementVisible(VerifyElementVisibleKeyword.groovy:97)
	at com.kms.katalon.core.webui.keyword.builtin.VerifyElementVisibleKeyword.execute(VerifyElementVisibleKeyword.groovy:67)
	at com.kms.katalon.core.keyword.internal.KeywordExecutor.executeKeywordForPlatform(KeywordExecutor.groovy:74)
	at com.kms.katalon.core.webui.keyword.WebUiBuiltInKeywords.verifyElementVisible(WebUiBuiltInKeywords.groovy:401)
	at com.kms.katalon.core.webui.keyword.WebUiBuiltInKeywords$verifyElementVisible$5.call(Unknown Source)
	at Edit Tank Size.run(Edit Tank Size:33)
	at com.kms.katalon.core.main.ScriptEngine.run(ScriptEngine.java:194)
	at com.kms.katalon.core.main.ScriptEngine.runScriptAsRawText(ScriptEngine.java:119)
	at com.kms.katalon.core.main.TestCaseExecutor.runScript(TestCaseExecutor.java:448)
	at com.kms.katalon.core.main.TestCaseExecutor.doExecute(TestCaseExecutor.java:439)
	at com.kms.katalon.core.main.TestCaseExecutor.processExecutionPhase(TestCaseExecutor.java:418)
	at com.kms.katalon.core.main.TestCaseExecutor.accessMainPhase(TestCaseExecutor.java:410)
	at com.kms.katalon.core.main.TestCaseExecutor.execute(TestCaseExecutor.java:285)
	at com.kms.katalon.core.common.CommonExecutor.accessTestCaseMainPhase(CommonExecutor.java:65)
	at com.kms.katalon.core.main.TestSuiteExecutor.accessTestSuiteMainPhase(TestSuiteExecutor.java:150)
	at com.kms.katalon.core.main.TestSuiteExecutor.execute(TestSuiteExecutor.java:106)
	at com.kms.katalon.core.main.TestCaseMain.startTestSuite(TestCaseMain.java:180)
	at com.kms.katalon.core.main.TestCaseMain$startTestSuite$0.call(Unknown Source)
	at TempTestSuite1761090786896.run(TempTestSuite1761090786896.groovy:35)
	at java.base/jdk.internal.reflect.NativeMethodAccessorImpl.invoke0(Native Method)
	at java.base/jdk.internal.reflect.NativeMethodAccessorImpl.invoke(NativeMethodAccessorImpl.java:77)
	at java.base/jdk.internal.reflect.DelegatingMethodAccessorImpl.invoke(DelegatingMethodAccessorImpl.java:43)
)

21-10-2025T21:36:02 - [MESSAGE][INFO] - Unable to find the element located by 'By.xpath: /html/body/div[2]/div[1]/div/div/footer/div/button'. Please recheck the objects properties to make sure the desired element is located. 

21-10-2025T21:36:02 - [MESSAGE][WARNING] - [SELF-HEALING] Failed to find element with id 'Object Repository/FIM/Existing Page with Pending Changes Close_btn'. Try using Self-healing.

21-10-2025T21:36:03 - [MESSAGE][INFO] - [SELF-HEALING] No working XPath is found.

21-10-2025T21:36:05 - [MESSAGE][INFO] - Unable to find the element located by 'By.xpath: '. Please recheck the objects properties to make sure the desired element is located. 

21-10-2025T21:36:05 - [MESSAGE][WARNING] - [SELF-HEALING] Cannot find elements when the selector is null

21-10-2025T21:36:05 - [MESSAGE][WARNING] - Web element with id: 'Object Repository/FIM/Existing Page with Pending Changes Close_btn' located by '/html/body/div[2]/div[1]/div/div/footer/div/button' not found (Root cause: com.kms.katalon.core.exception.StepFailedException: Web element with id: 'Object Repository/FIM/Existing Page with Pending Changes Close_btn' located by '/html/body/div[2]/div[1]/div/div/footer/div/button' not found
	at com.kms.katalon.core.webui.keyword.internal.WebUIKeywordMain.stepFailed(WebUIKeywordMain.groovy:117)
	at com.kms.katalon.core.webui.keyword.builtin.VerifyElementVisibleKeyword$_verifyElementVisible_closure1.doCall(VerifyElementVisibleKeyword.groovy:89)
	at com.kms.katalon.core.webui.keyword.builtin.VerifyElementVisibleKeyword$_verifyElementVisible_closure1.call(VerifyElementVisibleKeyword.groovy)
	at com.kms.katalon.core.webui.keyword.internal.WebUIKeywordMain.runKeyword(WebUIKeywordMain.groovy:35)
	at com.kms.katalon.core.webui.keyword.builtin.VerifyElementVisibleKeyword.verifyElementVisible(VerifyElementVisibleKeyword.groovy:97)
	at com.kms.katalon.core.webui.keyword.builtin.VerifyElementVisibleKeyword.execute(VerifyElementVisibleKeyword.groovy:67)
	at com.kms.katalon.core.keyword.internal.KeywordExecutor.executeKeywordForPlatform(KeywordExecutor.groovy:74)
	at com.kms.katalon.core.webui.keyword.WebUiBuiltInKeywords.verifyElementVisible(WebUiBuiltInKeywords.groovy:401)
	at com.kms.katalon.core.webui.keyword.WebUiBuiltInKeywords$verifyElementVisible$5.call(Unknown Source)
	at Edit Tank Size.run(Edit Tank Size:33)
	at com.kms.katalon.core.main.ScriptEngine.run(ScriptEngine.java:194)
	at com.kms.katalon.core.main.ScriptEngine.runScriptAsRawText(ScriptEngine.java:119)
	at com.kms.katalon.core.main.TestCaseExecutor.runScript(TestCaseExecutor.java:448)
	at com.kms.katalon.core.main.TestCaseExecutor.doExecute(TestCaseExecutor.java:439)
	at com.kms.katalon.core.main.TestCaseExecutor.processExecutionPhase(TestCaseExecutor.java:418)
	at com.kms.katalon.core.main.TestCaseExecutor.accessMainPhase(TestCaseExecutor.java:410)
	at com.kms.katalon.core.main.TestCaseExecutor.execute(TestCaseExecutor.java:285)
	at com.kms.katalon.core.common.CommonExecutor.accessTestCaseMainPhase(CommonExecutor.java:65)
	at com.kms.katalon.core.main.TestSuiteExecutor.accessTestSuiteMainPhase(TestSuiteExecutor.java:150)
	at com.kms.katalon.core.main.TestSuiteExecutor.execute(TestSuiteExecutor.java:106)
	at com.kms.katalon.core.main.TestCaseMain.startTestSuite(TestCaseMain.java:180)
	at com.kms.katalon.core.main.TestCaseMain$startTestSuite$0.call(Unknown Source)
	at TempTestSuite1761090786896.run(TempTestSuite1761090786896.groovy:35)
	at java.base/jdk.internal.reflect.NativeMethodAccessorImpl.invoke0(Native Method)
	at java.base/jdk.internal.reflect.NativeMethodAccessorImpl.invoke(NativeMethodAccessorImpl.java:77)
	at java.base/jdk.internal.reflect.DelegatingMethodAccessorImpl.invoke(DelegatingMethodAccessorImpl.java:43)
)

21-10-2025T21:36:05 - [TEST_STEP][PASSED] - delay(1): Delayed 1 second(s)

21-10-2025T21:36:06 - [MESSAGE][PASSED] - Delayed 1 second(s)

21-10-2025T21:36:06 - [TEST_STEP][PASSED] - waitForElementClickable(findTestObject("FIM/Sites Page/Site Filtering/Site_txt"), 15): Object 'Object Repository/FIM/Sites Page/Site Filtering/Site_txt' is clickable

21-10-2025T21:36:06 - [MESSAGE][PASSED] - Object 'Object Repository/FIM/Sites Page/Site Filtering/Site_txt' is clickable

21-10-2025T21:36:06 - [TEST_STEP][PASSED] - verifyElementVisible(findTestObject("FIM/Sites Page/Tank/Tank Edit_btn")): Object 'Object Repository/FIM/Sites Page/Tank/Tank Edit_btn' is visible

21-10-2025T21:36:06 - [MESSAGE][PASSED] - Object 'Object Repository/FIM/Sites Page/Tank/Tank Edit_btn' is visible

21-10-2025T21:36:06 - [TEST_STEP][PASSED] - click(findTestObject("FIM/Sites Page/Tank/Tank Edit_btn")): Object: 'Object Repository/FIM/Sites Page/Tank/Tank Edit_btn' is clicked on

21-10-2025T21:36:06 - [MESSAGE][PASSED] - Object: 'Object Repository/FIM/Sites Page/Tank/Tank Edit_btn' is clicked on

21-10-2025T21:36:06 - [TEST_STEP][PASSED] - delay(2): Delayed 2 second(s)

21-10-2025T21:36:08 - [MESSAGE][PASSED] - Delayed 2 second(s)

21-10-2025T21:36:08 - [TEST_STEP][PASSED] - setText(findTestObject("FIM/Sites Page/Tank/Tank Size_txt"), "14500"): Text '14500' is set on object 'Object Repository/FIM/Sites Page/Tank/Tank Size_txt'

21-10-2025T21:36:09 - [MESSAGE][PASSED] - Text '14500' is set on object 'Object Repository/FIM/Sites Page/Tank/Tank Size_txt'

21-10-2025T21:36:09 - [TEST_STEP][PASSED] - delay(1): Delayed 1 second(s)

21-10-2025T21:36:10 - [MESSAGE][PASSED] - Delayed 1 second(s)

21-10-2025T21:36:10 - [TEST_STEP][PASSED] - click(findTestObject("FIM/Sites Page/Tank/Tank Save_btn"), STOP_ON_FAILURE): Object: 'Object Repository/FIM/Sites Page/Tank/Tank Save_btn' is clicked on

21-10-2025T21:36:10 - [MESSAGE][PASSED] - Object: 'Object Repository/FIM/Sites Page/Tank/Tank Save_btn' is clicked on

21-10-2025T21:36:10 - [TEST_STEP][PASSED] - delay(1): Delayed 1 second(s)

21-10-2025T21:36:11 - [MESSAGE][PASSED] - Delayed 1 second(s)

21-10-2025T21:36:11 - [TEST_STEP][PASSED] - verifyElementVisible(findTestObject("FIM/Sites Page/Tank/Tank Message"), STOP_ON_FAILURE): Object 'Object Repository/FIM/Sites Page/Tank/Tank Message' is visible

21-10-2025T21:36:11 - [MESSAGE][PASSED] - Object 'Object Repository/FIM/Sites Page/Tank/Tank Message' is visible

21-10-2025T21:36:11 - [TEST_STEP][PASSED] - verifyElementText(findTestObject("FIM/Sites Page/Tank/Tank Message"), "Tank was updated successfully"): Actual text and expected text of test object 'Object Repository/FIM/Sites Page/Tank/Tank Message' are matched.

21-10-2025T21:36:11 - [MESSAGE][PASSED] - Actual text and expected text of test object 'Object Repository/FIM/Sites Page/Tank/Tank Message' are matched.

21-10-2025T21:36:11 - [TEST_STEP][PASSED] - closeBrowser(): Browser is closed

21-10-2025T21:36:11 - [MESSAGE][PASSED] - Browser is closed

21-10-2025T21:36:11 - [TEST_STEP][PASSED] - Start listener action : retryOnDisconnect: null

21-10-2025T21:36:11 - [TEST_STEP][PASSED] - tcId = testCaseContext.getTestCaseId(): null

21-10-2025T21:36:11 - [TEST_STEP][PASSED] - currentRetry = retryCounts.getOrDefault(tcId, 0): null

21-10-2025T21:36:11 - [TEST_STEP][PASSED] - if (testCaseContext.getTestCaseStatus() == "FAILED" && currentRetry < MAX_RETRIES): null]]></system-out>
         <system-err><![CDATA[]]></system-err>
      </testcase>
      <testcase name="Test Cases/FIM/UI/KGL/Admin/Sites Page/Tank/Deleting a Tank" time="59.756" classname="Test Cases/FIM/UI/KGL/Admin/Sites Page/Tank/Deleting a Tank" status="FAILED">
         <failure type="FAILED" message="Test Cases/FIM/UI/KGL/Admin/Sites Page/Tank/Deleting a Tank FAILED.&#xa;Reason:&#xa;com.kms.katalon.core.exception.StepFailedException: Verify element text of test object 'Object Repository/FIM/Sites Page/Tank/Tank Message' FAILED.&#xa;	at com.kms.katalon.core.webui.keyword.internal.WebUIKeywordMain.stepFailed(WebUIKeywordMain.groovy:117)&#xa;	at com.kms.katalon.core.webui.keyword.internal.WebUIKeywordMain.runKeyword(WebUIKeywordMain.groovy:43)&#xa;	at com.kms.katalon.core.webui.keyword.builtin.VerifyElementTextKeyword.verifyElementText(VerifyElementTextKeyword.groovy:72)&#xa;	at com.kms.katalon.core.webui.keyword.builtin.VerifyElementTextKeyword.execute(VerifyElementTextKeyword.groovy:40)&#xa;	at com.kms.katalon.core.keyword.internal.KeywordExecutor.executeKeywordForPlatform(KeywordExecutor.groovy:74)&#xa;	at com.kms.katalon.core.webui.keyword.WebUiBuiltInKeywords.verifyElementText(WebUiBuiltInKeywords.groovy:4835)&#xa;	at com.kms.katalon.core.webui.keyword.WebUiBuiltInKeywords$verifyElementText$13.call(Unknown Source)&#xa;	at Deleting a Tank.run(Deleting a Tank:56)&#xa;	at com.kms.katalon.core.main.ScriptEngine.run(ScriptEngine.java:194)&#xa;	at com.kms.katalon.core.main.ScriptEngine.runScriptAsRawText(ScriptEngine.java:119)&#xa;	at com.kms.katalon.core.main.TestCaseExecutor.runScript(TestCaseExecutor.java:448)&#xa;	at com.kms.katalon.core.main.TestCaseExecutor.doExecute(TestCaseExecutor.java:439)&#xa;	at com.kms.katalon.core.main.TestCaseExecutor.processExecutionPhase(TestCaseExecutor.java:418)&#xa;	at com.kms.katalon.core.main.TestCaseExecutor.accessMainPhase(TestCaseExecutor.java:410)&#xa;	at com.kms.katalon.core.main.TestCaseExecutor.execute(TestCaseExecutor.java:285)&#xa;	at com.kms.katalon.core.common.CommonExecutor.accessTestCaseMainPhase(CommonExecutor.java:65)&#xa;	at com.kms.katalon.core.main.TestSuiteExecutor.accessTestSuiteMainPhase(TestSuiteExecutor.java:150)&#xa;	at com.kms.katalon.core.main.TestSuiteExecutor.execute(TestSuiteExecutor.java:106)&#xa;	at com.kms.katalon.core.main.TestCaseMain.startTestSuite(TestCaseMain.java:180)&#xa;	at com.kms.katalon.core.main.TestCaseMain$startTestSuite$0.call(Unknown Source)&#xa;	at TempTestSuite1761090786896.run(TempTestSuite1761090786896.groovy:35)&#xa;	at java.base/jdk.internal.reflect.NativeMethodAccessorImpl.invoke0(Native Method)&#xa;	at java.base/jdk.internal.reflect.NativeMethodAccessorImpl.invoke(NativeMethodAccessorImpl.java:77)&#xa;	at java.base/jdk.internal.reflect.DelegatingMethodAccessorImpl.invoke(DelegatingMethodAccessorImpl.java:43)&#xa;Caused by: com.kms.katalon.core.exception.StepFailedException: Actual text 'Tank &quot;UNLEADED (8)&quot; was deleted successfully' and expected text 'Tank &quot;PREMIUM&quot; was deleted successfully' of test object 'Object Repository/FIM/Sites Page/Tank/Tank Message' are NOT matched.&#xa;	at com.kms.katalon.core.webui.keyword.internal.WebUIKeywordMain.stepFailed(WebUIKeywordMain.groovy:117)&#xa;	at com.kms.katalon.core.webui.keyword.builtin.VerifyElementTextKeyword$_verifyElementText_closure1.doCall(VerifyElementTextKeyword.groovy:57)&#xa;	at com.kms.katalon.core.webui.keyword.builtin.VerifyElementTextKeyword$_verifyElementText_closure1.call(VerifyElementTextKeyword.groovy)&#xa;	at com.kms.katalon.core.webui.keyword.internal.WebUIKeywordMain.runKeyword(WebUIKeywordMain.groovy:35)&#xa;	... 22 more&#xa;"/>
         <system-out><![CDATA[21-10-2025T21:36:11 - [TEST_CASE][FAILED] - Test Cases/FIM/UI/KGL/Admin/Sites Page/Tank/Deleting a Tank: Test Cases/FIM/UI/KGL/Admin/Sites Page/Tank/Deleting a Tank FAILED.
Reason:
com.kms.katalon.core.exception.StepFailedException: Verify element text of test object 'Object Repository/FIM/Sites Page/Tank/Tank Message' FAILED.
	at com.kms.katalon.core.webui.keyword.internal.WebUIKeywordMain.stepFailed(WebUIKeywordMain.groovy:117)
	at com.kms.katalon.core.webui.keyword.internal.WebUIKeywordMain.runKeyword(WebUIKeywordMain.groovy:43)
	at com.kms.katalon.core.webui.keyword.builtin.VerifyElementTextKeyword.verifyElementText(VerifyElementTextKeyword.groovy:72)
	at com.kms.katalon.core.webui.keyword.builtin.VerifyElementTextKeyword.execute(VerifyElementTextKeyword.groovy:40)
	at com.kms.katalon.core.keyword.internal.KeywordExecutor.executeKeywordForPlatform(KeywordExecutor.groovy:74)
	at com.kms.katalon.core.webui.keyword.WebUiBuiltInKeywords.verifyElementText(WebUiBuiltInKeywords.groovy:4835)
	at com.kms.katalon.core.webui.keyword.WebUiBuiltInKeywords$verifyElementText$13.call(Unknown Source)
	at Deleting a Tank.run(Deleting a Tank:56)
	at com.kms.katalon.core.main.ScriptEngine.run(ScriptEngine.java:194)
	at com.kms.katalon.core.main.ScriptEngine.runScriptAsRawText(ScriptEngine.java:119)
	at com.kms.katalon.core.main.TestCaseExecutor.runScript(TestCaseExecutor.java:448)
	at com.kms.katalon.core.main.TestCaseExecutor.doExecute(TestCaseExecutor.java:439)
	at com.kms.katalon.core.main.TestCaseExecutor.processExecutionPhase(TestCaseExecutor.java:418)
	at com.kms.katalon.core.main.TestCaseExecutor.accessMainPhase(TestCaseExecutor.java:410)
	at com.kms.katalon.core.main.TestCaseExecutor.execute(TestCaseExecutor.java:285)
	at com.kms.katalon.core.common.CommonExecutor.accessTestCaseMainPhase(CommonExecutor.java:65)
	at com.kms.katalon.core.main.TestSuiteExecutor.accessTestSuiteMainPhase(TestSuiteExecutor.java:150)
	at com.kms.katalon.core.main.TestSuiteExecutor.execute(TestSuiteExecutor.java:106)
	at com.kms.katalon.core.main.TestCaseMain.startTestSuite(TestCaseMain.java:180)
	at com.kms.katalon.core.main.TestCaseMain$startTestSuite$0.call(Unknown Source)
	at TempTestSuite1761090786896.run(TempTestSuite1761090786896.groovy:35)
	at java.base/jdk.internal.reflect.NativeMethodAccessorImpl.invoke0(Native Method)
	at java.base/jdk.internal.reflect.NativeMethodAccessorImpl.invoke(NativeMethodAccessorImpl.java:77)
	at java.base/jdk.internal.reflect.DelegatingMethodAccessorImpl.invoke(DelegatingMethodAccessorImpl.java:43)
Caused by: com.kms.katalon.core.exception.StepFailedException: Actual text 'Tank "UNLEADED (8)" was deleted successfully' and expected text 'Tank "PREMIUM" was deleted successfully' of test object 'Object Repository/FIM/Sites Page/Tank/Tank Message' are NOT matched.
	at com.kms.katalon.core.webui.keyword.internal.WebUIKeywordMain.stepFailed(WebUIKeywordMain.groovy:117)
	at com.kms.katalon.core.webui.keyword.builtin.VerifyElementTextKeyword$_verifyElementText_closure1.doCall(VerifyElementTextKeyword.groovy:57)
	at com.kms.katalon.core.webui.keyword.builtin.VerifyElementTextKeyword$_verifyElementText_closure1.call(VerifyElementTextKeyword.groovy)
	at com.kms.katalon.core.webui.keyword.internal.WebUIKeywordMain.runKeyword(WebUIKeywordMain.groovy:35)
	... 22 more


21-10-2025T21:36:11 - [TEST_STEP][PASSED] - Start listener action : beforeTestCase: null

21-10-2025T21:36:11 - [TEST_STEP][PASSED] - addDefaultPackages(): null

21-10-2025T21:36:11 - [TEST_STEP][PASSED] - callTestCase(findTestCase("Utility Scripts/FIM KGL Admin Login"), [:], STOP_ON_FAILURE): Call Test Case 'Test Cases/Utility Scripts/FIM KGL Admin Login' successfully

21-10-2025T21:36:11 - [TEST_CASE][PASSED] - Test Cases/Utility Scripts/FIM KGL Admin Login: Test Cases/Utility Scripts/FIM KGL Admin Login

21-10-2025T21:36:11 - [TEST_STEP][PASSED] - openBrowser(""): Browser is opened with url: ''

21-10-2025T21:36:11 - [MESSAGE][INFO] - Starting 'Chrome' driver

21-10-2025T21:36:11 - [MESSAGE][INFO] - User set preference: ['args', '[--no-sandbox, --disable-gpu, --disable-dev-shm-usage]']

21-10-2025T21:36:11 - [MESSAGE][INFO] - Action delay is set to 0 milliseconds

21-10-2025T21:36:12 - [MESSAGE][PASSED] - Browser is opened with url: ''

21-10-2025T21:36:12 - [TEST_STEP][PASSED] - delay(1): Delayed 1 second(s)

21-10-2025T21:36:13 - [MESSAGE][PASSED] - Delayed 1 second(s)

21-10-2025T21:36:13 - [TEST_STEP][PASSED] - navigateToUrl(KGLCustomGroupUrl): Navigate to 'https://kaglogistics-inventory-management-portal.qa.thekag.com/custom-group/' successfully

21-10-2025T21:36:13 - [MESSAGE][PASSED] - Navigate to 'https://kaglogistics-inventory-management-portal.qa.thekag.com/custom-group/' successfully

21-10-2025T21:36:13 - [TEST_STEP][PASSED] - delay(10): Delayed 10 second(s)

21-10-2025T21:36:23 - [MESSAGE][PASSED] - Delayed 10 second(s)

21-10-2025T21:36:23 - [TEST_STEP][PASSED] - if (maximizeWindow == true): Delayed 1 second(s)

21-10-2025T21:36:23 - [TEST_STEP][PASSED] - maximizeWindow(STOP_ON_FAILURE): Current window maximized

21-10-2025T21:36:23 - [MESSAGE][PASSED] - Current window maximized

21-10-2025T21:36:23 - [TEST_STEP][PASSED] - delay(1): Delayed 1 second(s)

21-10-2025T21:36:24 - [MESSAGE][PASSED] - Delayed 1 second(s)

21-10-2025T21:36:24 - [TEST_STEP][PASSED] - waitForElementPresent(findTestObject("FIM/Username_txt"), 10): Object 'Object Repository/FIM/Username_txt' is present

21-10-2025T21:36:24 - [MESSAGE][PASSED] - Object 'Object Repository/FIM/Username_txt' is present

21-10-2025T21:36:24 - [TEST_STEP][PASSED] - setText(findTestObject("FIM/Username_txt"), FIMUsername): Text 'Chris.Sheldon+DES_QA@Thekag.com' is set on object 'Object Repository/FIM/Username_txt'

21-10-2025T21:36:25 - [MESSAGE][PASSED] - Text 'Chris.Sheldon+DES_QA@Thekag.com' is set on object 'Object Repository/FIM/Username_txt'

21-10-2025T21:36:25 - [TEST_STEP][PASSED] - delay(1): Delayed 1 second(s)

21-10-2025T21:36:26 - [MESSAGE][PASSED] - Delayed 1 second(s)

21-10-2025T21:36:26 - [TEST_STEP][PASSED] - setText(findTestObject("FIM/Password_txt"), FIMPassword): Text 'QATest!2' is set on object 'Object Repository/FIM/Password_txt'

21-10-2025T21:36:26 - [MESSAGE][PASSED] - Text 'QATest!2' is set on object 'Object Repository/FIM/Password_txt'

21-10-2025T21:36:26 - [TEST_STEP][PASSED] - delay(1): Delayed 1 second(s)

21-10-2025T21:36:27 - [MESSAGE][PASSED] - Delayed 1 second(s)

21-10-2025T21:36:27 - [TEST_STEP][PASSED] - click(findTestObject("FIM/Login_btn")): Object: 'Object Repository/FIM/Login_btn' is clicked on

21-10-2025T21:36:27 - [MESSAGE][PASSED] - Object: 'Object Repository/FIM/Login_btn' is clicked on

21-10-2025T21:36:27 - [MESSAGE][PASSED] - Call Test Case 'Test Cases/Utility Scripts/FIM KGL Admin Login' successfully

21-10-2025T21:36:27 - [TEST_STEP][PASSED] - if (verifyElementVisible(findTestObject("FIM/Server_Notification_Close_btn"), OPTIONAL) == true): Web element with id: 'Object Repository/FIM/Server_Notification_Close_btn' located by '/html/body/div/div[1]/button' not found (Root cause: com.kms.katalon.core.exception.StepFailedException: Web element with id: 'Object Repository/FIM/Server_Notification_Close_btn' located by '/html/body/div/div[1]/button' not found
	at com.kms.katalon.core.webui.keyword.internal.WebUIKeywordMain.stepFailed(WebUIKeywordMain.groovy:117)
	at com.kms.katalon.core.webui.keyword.builtin.VerifyElementVisibleKeyword$_verifyElementVisible_closure1.doCall(VerifyElementVisibleKeyword.groovy:89)
	at com.kms.katalon.core.webui.keyword.builtin.VerifyElementVisibleKeyword$_verifyElementVisible_closure1.call(VerifyElementVisibleKeyword.groovy)
	at com.kms.katalon.core.webui.keyword.internal.WebUIKeywordMain.runKeyword(WebUIKeywordMain.groovy:35)
	at com.kms.katalon.core.webui.keyword.builtin.VerifyElementVisibleKeyword.verifyElementVisible(VerifyElementVisibleKeyword.groovy:97)
	at com.kms.katalon.core.webui.keyword.builtin.VerifyElementVisibleKeyword.execute(VerifyElementVisibleKeyword.groovy:67)
	at com.kms.katalon.core.keyword.internal.KeywordExecutor.executeKeywordForPlatform(KeywordExecutor.groovy:74)
	at com.kms.katalon.core.webui.keyword.WebUiBuiltInKeywords.verifyElementVisible(WebUiBuiltInKeywords.groovy:401)
	at com.kms.katalon.core.webui.keyword.WebUiBuiltInKeywords$verifyElementVisible$5.call(Unknown Source)
	at Deleting a Tank.run(Deleting a Tank:22)
	at com.kms.katalon.core.main.ScriptEngine.run(ScriptEngine.java:194)
	at com.kms.katalon.core.main.ScriptEngine.runScriptAsRawText(ScriptEngine.java:119)
	at com.kms.katalon.core.main.TestCaseExecutor.runScript(TestCaseExecutor.java:448)
	at com.kms.katalon.core.main.TestCaseExecutor.doExecute(TestCaseExecutor.java:439)
	at com.kms.katalon.core.main.TestCaseExecutor.processExecutionPhase(TestCaseExecutor.java:418)
	at com.kms.katalon.core.main.TestCaseExecutor.accessMainPhase(TestCaseExecutor.java:410)
	at com.kms.katalon.core.main.TestCaseExecutor.execute(TestCaseExecutor.java:285)
	at com.kms.katalon.core.common.CommonExecutor.accessTestCaseMainPhase(CommonExecutor.java:65)
	at com.kms.katalon.core.main.TestSuiteExecutor.accessTestSuiteMainPhase(TestSuiteExecutor.java:150)
	at com.kms.katalon.core.main.TestSuiteExecutor.execute(TestSuiteExecutor.java:106)
	at com.kms.katalon.core.main.TestCaseMain.startTestSuite(TestCaseMain.java:180)
	at com.kms.katalon.core.main.TestCaseMain$startTestSuite$0.call(Unknown Source)
	at TempTestSuite1761090786896.run(TempTestSuite1761090786896.groovy:35)
	at java.base/jdk.internal.reflect.NativeMethodAccessorImpl.invoke0(Native Method)
	at java.base/jdk.internal.reflect.NativeMethodAccessorImpl.invoke(NativeMethodAccessorImpl.java:77)
	at java.base/jdk.internal.reflect.DelegatingMethodAccessorImpl.invoke(DelegatingMethodAccessorImpl.java:43)
)

21-10-2025T21:36:43 - [MESSAGE][INFO] - Unable to find the element located by 'By.xpath: /html/body/div/div[1]/button'. Please recheck the objects properties to make sure the desired element is located. 

21-10-2025T21:36:43 - [MESSAGE][WARNING] - [SELF-HEALING] Failed to find element with id 'Object Repository/FIM/Server_Notification_Close_btn'. Try using Self-healing.

21-10-2025T21:36:44 - [MESSAGE][INFO] - [SELF-HEALING] No working XPath is found.

21-10-2025T21:36:46 - [MESSAGE][INFO] - Unable to find the element located by 'By.xpath: '. Please recheck the objects properties to make sure the desired element is located. 

21-10-2025T21:36:46 - [MESSAGE][WARNING] - [SELF-HEALING] Cannot find elements when the selector is null

21-10-2025T21:36:46 - [MESSAGE][WARNING] - Web element with id: 'Object Repository/FIM/Server_Notification_Close_btn' located by '/html/body/div/div[1]/button' not found (Root cause: com.kms.katalon.core.exception.StepFailedException: Web element with id: 'Object Repository/FIM/Server_Notification_Close_btn' located by '/html/body/div/div[1]/button' not found
	at com.kms.katalon.core.webui.keyword.internal.WebUIKeywordMain.stepFailed(WebUIKeywordMain.groovy:117)
	at com.kms.katalon.core.webui.keyword.builtin.VerifyElementVisibleKeyword$_verifyElementVisible_closure1.doCall(VerifyElementVisibleKeyword.groovy:89)
	at com.kms.katalon.core.webui.keyword.builtin.VerifyElementVisibleKeyword$_verifyElementVisible_closure1.call(VerifyElementVisibleKeyword.groovy)
	at com.kms.katalon.core.webui.keyword.internal.WebUIKeywordMain.runKeyword(WebUIKeywordMain.groovy:35)
	at com.kms.katalon.core.webui.keyword.builtin.VerifyElementVisibleKeyword.verifyElementVisible(VerifyElementVisibleKeyword.groovy:97)
	at com.kms.katalon.core.webui.keyword.builtin.VerifyElementVisibleKeyword.execute(VerifyElementVisibleKeyword.groovy:67)
	at com.kms.katalon.core.keyword.internal.KeywordExecutor.executeKeywordForPlatform(KeywordExecutor.groovy:74)
	at com.kms.katalon.core.webui.keyword.WebUiBuiltInKeywords.verifyElementVisible(WebUiBuiltInKeywords.groovy:401)
	at com.kms.katalon.core.webui.keyword.WebUiBuiltInKeywords$verifyElementVisible$5.call(Unknown Source)
	at Deleting a Tank.run(Deleting a Tank:22)
	at com.kms.katalon.core.main.ScriptEngine.run(ScriptEngine.java:194)
	at com.kms.katalon.core.main.ScriptEngine.runScriptAsRawText(ScriptEngine.java:119)
	at com.kms.katalon.core.main.TestCaseExecutor.runScript(TestCaseExecutor.java:448)
	at com.kms.katalon.core.main.TestCaseExecutor.doExecute(TestCaseExecutor.java:439)
	at com.kms.katalon.core.main.TestCaseExecutor.processExecutionPhase(TestCaseExecutor.java:418)
	at com.kms.katalon.core.main.TestCaseExecutor.accessMainPhase(TestCaseExecutor.java:410)
	at com.kms.katalon.core.main.TestCaseExecutor.execute(TestCaseExecutor.java:285)
	at com.kms.katalon.core.common.CommonExecutor.accessTestCaseMainPhase(CommonExecutor.java:65)
	at com.kms.katalon.core.main.TestSuiteExecutor.accessTestSuiteMainPhase(TestSuiteExecutor.java:150)
	at com.kms.katalon.core.main.TestSuiteExecutor.execute(TestSuiteExecutor.java:106)
	at com.kms.katalon.core.main.TestCaseMain.startTestSuite(TestCaseMain.java:180)
	at com.kms.katalon.core.main.TestCaseMain$startTestSuite$0.call(Unknown Source)
	at TempTestSuite1761090786896.run(TempTestSuite1761090786896.groovy:35)
	at java.base/jdk.internal.reflect.NativeMethodAccessorImpl.invoke0(Native Method)
	at java.base/jdk.internal.reflect.NativeMethodAccessorImpl.invoke(NativeMethodAccessorImpl.java:77)
	at java.base/jdk.internal.reflect.DelegatingMethodAccessorImpl.invoke(DelegatingMethodAccessorImpl.java:43)
)

21-10-2025T21:36:46 - [TEST_STEP][PASSED] - click(findTestObject("FIM/Hamburger Menu List/Hamburger_menu")): Object: 'Object Repository/FIM/Hamburger Menu List/Hamburger_menu' is clicked on

21-10-2025T21:36:46 - [MESSAGE][PASSED] - Object: 'Object Repository/FIM/Hamburger Menu List/Hamburger_menu' is clicked on

21-10-2025T21:36:46 - [TEST_STEP][PASSED] - delay(2): Delayed 2 second(s)

21-10-2025T21:36:48 - [MESSAGE][PASSED] - Delayed 2 second(s)

21-10-2025T21:36:48 - [TEST_STEP][PASSED] - click(findTestObject("FIM/Hamburger Menu List/KGL_Sites_option")): Object: 'Object Repository/FIM/Hamburger Menu List/KGL_Sites_option' is clicked on

21-10-2025T21:36:48 - [MESSAGE][PASSED] - Object: 'Object Repository/FIM/Hamburger Menu List/KGL_Sites_option' is clicked on

21-10-2025T21:36:48 - [TEST_STEP][PASSED] - if (verifyElementVisible(findTestObject("FIM/Existing Page with Pending Changes Close_btn"), OPTIONAL) == true): Web element with id: 'Object Repository/FIM/Existing Page with Pending Changes Close_btn' located by '/html/body/div[2]/div[1]/div/div/footer/div/button' not found (Root cause: com.kms.katalon.core.exception.StepFailedException: Web element with id: 'Object Repository/FIM/Existing Page with Pending Changes Close_btn' located by '/html/body/div[2]/div[1]/div/div/footer/div/button' not found
	at com.kms.katalon.core.webui.keyword.internal.WebUIKeywordMain.stepFailed(WebUIKeywordMain.groovy:117)
	at com.kms.katalon.core.webui.keyword.builtin.VerifyElementVisibleKeyword$_verifyElementVisible_closure1.doCall(VerifyElementVisibleKeyword.groovy:89)
	at com.kms.katalon.core.webui.keyword.builtin.VerifyElementVisibleKeyword$_verifyElementVisible_closure1.call(VerifyElementVisibleKeyword.groovy)
	at com.kms.katalon.core.webui.keyword.internal.WebUIKeywordMain.runKeyword(WebUIKeywordMain.groovy:35)
	at com.kms.katalon.core.webui.keyword.builtin.VerifyElementVisibleKeyword.verifyElementVisible(VerifyElementVisibleKeyword.groovy:97)
	at com.kms.katalon.core.webui.keyword.builtin.VerifyElementVisibleKeyword.execute(VerifyElementVisibleKeyword.groovy:67)
	at com.kms.katalon.core.keyword.internal.KeywordExecutor.executeKeywordForPlatform(KeywordExecutor.groovy:74)
	at com.kms.katalon.core.webui.keyword.WebUiBuiltInKeywords.verifyElementVisible(WebUiBuiltInKeywords.groovy:401)
	at com.kms.katalon.core.webui.keyword.WebUiBuiltInKeywords$verifyElementVisible$5.call(Unknown Source)
	at Deleting a Tank.run(Deleting a Tank:33)
	at com.kms.katalon.core.main.ScriptEngine.run(ScriptEngine.java:194)
	at com.kms.katalon.core.main.ScriptEngine.runScriptAsRawText(ScriptEngine.java:119)
	at com.kms.katalon.core.main.TestCaseExecutor.runScript(TestCaseExecutor.java:448)
	at com.kms.katalon.core.main.TestCaseExecutor.doExecute(TestCaseExecutor.java:439)
	at com.kms.katalon.core.main.TestCaseExecutor.processExecutionPhase(TestCaseExecutor.java:418)
	at com.kms.katalon.core.main.TestCaseExecutor.accessMainPhase(TestCaseExecutor.java:410)
	at com.kms.katalon.core.main.TestCaseExecutor.execute(TestCaseExecutor.java:285)
	at com.kms.katalon.core.common.CommonExecutor.accessTestCaseMainPhase(CommonExecutor.java:65)
	at com.kms.katalon.core.main.TestSuiteExecutor.accessTestSuiteMainPhase(TestSuiteExecutor.java:150)
	at com.kms.katalon.core.main.TestSuiteExecutor.execute(TestSuiteExecutor.java:106)
	at com.kms.katalon.core.main.TestCaseMain.startTestSuite(TestCaseMain.java:180)
	at com.kms.katalon.core.main.TestCaseMain$startTestSuite$0.call(Unknown Source)
	at TempTestSuite1761090786896.run(TempTestSuite1761090786896.groovy:35)
	at java.base/jdk.internal.reflect.NativeMethodAccessorImpl.invoke0(Native Method)
	at java.base/jdk.internal.reflect.NativeMethodAccessorImpl.invoke(NativeMethodAccessorImpl.java:77)
	at java.base/jdk.internal.reflect.DelegatingMethodAccessorImpl.invoke(DelegatingMethodAccessorImpl.java:43)
)

21-10-2025T21:37:04 - [MESSAGE][INFO] - Unable to find the element located by 'By.xpath: /html/body/div[2]/div[1]/div/div/footer/div/button'. Please recheck the objects properties to make sure the desired element is located. 

21-10-2025T21:37:04 - [MESSAGE][WARNING] - [SELF-HEALING] Failed to find element with id 'Object Repository/FIM/Existing Page with Pending Changes Close_btn'. Try using Self-healing.

21-10-2025T21:37:05 - [MESSAGE][INFO] - [SELF-HEALING] No working XPath is found.

21-10-2025T21:37:07 - [MESSAGE][INFO] - Unable to find the element located by 'By.xpath: '. Please recheck the objects properties to make sure the desired element is located. 

21-10-2025T21:37:07 - [MESSAGE][WARNING] - [SELF-HEALING] Cannot find elements when the selector is null

21-10-2025T21:37:07 - [MESSAGE][WARNING] - Web element with id: 'Object Repository/FIM/Existing Page with Pending Changes Close_btn' located by '/html/body/div[2]/div[1]/div/div/footer/div/button' not found (Root cause: com.kms.katalon.core.exception.StepFailedException: Web element with id: 'Object Repository/FIM/Existing Page with Pending Changes Close_btn' located by '/html/body/div[2]/div[1]/div/div/footer/div/button' not found
	at com.kms.katalon.core.webui.keyword.internal.WebUIKeywordMain.stepFailed(WebUIKeywordMain.groovy:117)
	at com.kms.katalon.core.webui.keyword.builtin.VerifyElementVisibleKeyword$_verifyElementVisible_closure1.doCall(VerifyElementVisibleKeyword.groovy:89)
	at com.kms.katalon.core.webui.keyword.builtin.VerifyElementVisibleKeyword$_verifyElementVisible_closure1.call(VerifyElementVisibleKeyword.groovy)
	at com.kms.katalon.core.webui.keyword.internal.WebUIKeywordMain.runKeyword(WebUIKeywordMain.groovy:35)
	at com.kms.katalon.core.webui.keyword.builtin.VerifyElementVisibleKeyword.verifyElementVisible(VerifyElementVisibleKeyword.groovy:97)
	at com.kms.katalon.core.webui.keyword.builtin.VerifyElementVisibleKeyword.execute(VerifyElementVisibleKeyword.groovy:67)
	at com.kms.katalon.core.keyword.internal.KeywordExecutor.executeKeywordForPlatform(KeywordExecutor.groovy:74)
	at com.kms.katalon.core.webui.keyword.WebUiBuiltInKeywords.verifyElementVisible(WebUiBuiltInKeywords.groovy:401)
	at com.kms.katalon.core.webui.keyword.WebUiBuiltInKeywords$verifyElementVisible$5.call(Unknown Source)
	at Deleting a Tank.run(Deleting a Tank:33)
	at com.kms.katalon.core.main.ScriptEngine.run(ScriptEngine.java:194)
	at com.kms.katalon.core.main.ScriptEngine.runScriptAsRawText(ScriptEngine.java:119)
	at com.kms.katalon.core.main.TestCaseExecutor.runScript(TestCaseExecutor.java:448)
	at com.kms.katalon.core.main.TestCaseExecutor.doExecute(TestCaseExecutor.java:439)
	at com.kms.katalon.core.main.TestCaseExecutor.processExecutionPhase(TestCaseExecutor.java:418)
	at com.kms.katalon.core.main.TestCaseExecutor.accessMainPhase(TestCaseExecutor.java:410)
	at com.kms.katalon.core.main.TestCaseExecutor.execute(TestCaseExecutor.java:285)
	at com.kms.katalon.core.common.CommonExecutor.accessTestCaseMainPhase(CommonExecutor.java:65)
	at com.kms.katalon.core.main.TestSuiteExecutor.accessTestSuiteMainPhase(TestSuiteExecutor.java:150)
	at com.kms.katalon.core.main.TestSuiteExecutor.execute(TestSuiteExecutor.java:106)
	at com.kms.katalon.core.main.TestCaseMain.startTestSuite(TestCaseMain.java:180)
	at com.kms.katalon.core.main.TestCaseMain$startTestSuite$0.call(Unknown Source)
	at TempTestSuite1761090786896.run(TempTestSuite1761090786896.groovy:35)
	at java.base/jdk.internal.reflect.NativeMethodAccessorImpl.invoke0(Native Method)
	at java.base/jdk.internal.reflect.NativeMethodAccessorImpl.invoke(NativeMethodAccessorImpl.java:77)
	at java.base/jdk.internal.reflect.DelegatingMethodAccessorImpl.invoke(DelegatingMethodAccessorImpl.java:43)
)

21-10-2025T21:37:07 - [TEST_STEP][PASSED] - delay(1): Delayed 1 second(s)

21-10-2025T21:37:08 - [MESSAGE][PASSED] - Delayed 1 second(s)

21-10-2025T21:37:08 - [TEST_STEP][PASSED] - waitForElementClickable(findTestObject("FIM/Sites Page/Site Filtering/Site_txt"), 15): Object 'Object Repository/FIM/Sites Page/Site Filtering/Site_txt' is clickable

21-10-2025T21:37:08 - [MESSAGE][PASSED] - Object 'Object Repository/FIM/Sites Page/Site Filtering/Site_txt' is clickable

21-10-2025T21:37:08 - [TEST_STEP][PASSED] - verifyElementVisible(findTestObject("FIM/Sites Page/Tank/Delete Tank_btn")): Object 'Object Repository/FIM/Sites Page/Tank/Delete Tank_btn' is visible

21-10-2025T21:37:08 - [MESSAGE][PASSED] - Object 'Object Repository/FIM/Sites Page/Tank/Delete Tank_btn' is visible

21-10-2025T21:37:08 - [TEST_STEP][PASSED] - click(findTestObject("FIM/Sites Page/Tank/Delete Tank_btn")): Object: 'Object Repository/FIM/Sites Page/Tank/Delete Tank_btn' is clicked on

21-10-2025T21:37:09 - [MESSAGE][PASSED] - Object: 'Object Repository/FIM/Sites Page/Tank/Delete Tank_btn' is clicked on

21-10-2025T21:37:09 - [TEST_STEP][PASSED] - delay(1): Delayed 1 second(s)

21-10-2025T21:37:10 - [MESSAGE][PASSED] - Delayed 1 second(s)

21-10-2025T21:37:10 - [TEST_STEP][PASSED] - click(findTestObject("FIM/Sites Page/Tank/Delete Tank Confirmation_btn")): Object: 'Object Repository/FIM/Sites Page/Tank/Delete Tank Confirmation_btn' is clicked on

21-10-2025T21:37:10 - [MESSAGE][PASSED] - Object: 'Object Repository/FIM/Sites Page/Tank/Delete Tank Confirmation_btn' is clicked on

21-10-2025T21:37:10 - [TEST_STEP][PASSED] - delay(1): Delayed 1 second(s)

21-10-2025T21:37:11 - [MESSAGE][PASSED] - Delayed 1 second(s)

21-10-2025T21:37:11 - [TEST_STEP][PASSED] - verifyElementVisible(findTestObject("FIM/Sites Page/Tank/Tank Message"), STOP_ON_FAILURE): Object 'Object Repository/FIM/Sites Page/Tank/Tank Message' is visible

21-10-2025T21:37:11 - [MESSAGE][PASSED] - Object 'Object Repository/FIM/Sites Page/Tank/Tank Message' is visible

21-10-2025T21:37:11 - [TEST_STEP][FAILED] - verifyElementText(findTestObject("FIM/Sites Page/Tank/Tank Message"), "Tank "PREMIUM" was deleted successfully"): Verify element text of test object 'Object Repository/FIM/Sites Page/Tank/Tank Message' FAILED. (Root cause: com.kms.katalon.core.exception.StepFailedException: Verify element text of test object 'Object Repository/FIM/Sites Page/Tank/Tank Message' FAILED.
	at com.kms.katalon.core.webui.keyword.internal.WebUIKeywordMain.stepFailed(WebUIKeywordMain.groovy:117)
	at com.kms.katalon.core.webui.keyword.internal.WebUIKeywordMain.runKeyword(WebUIKeywordMain.groovy:43)
	at com.kms.katalon.core.webui.keyword.builtin.VerifyElementTextKeyword.verifyElementText(VerifyElementTextKeyword.groovy:72)
	at com.kms.katalon.core.webui.keyword.builtin.VerifyElementTextKeyword.execute(VerifyElementTextKeyword.groovy:40)
	at com.kms.katalon.core.keyword.internal.KeywordExecutor.executeKeywordForPlatform(KeywordExecutor.groovy:74)
	at com.kms.katalon.core.webui.keyword.WebUiBuiltInKeywords.verifyElementText(WebUiBuiltInKeywords.groovy:4835)
	at com.kms.katalon.core.webui.keyword.WebUiBuiltInKeywords$verifyElementText$13.call(Unknown Source)
	at Deleting a Tank.run(Deleting a Tank:56)
	at com.kms.katalon.core.main.ScriptEngine.run(ScriptEngine.java:194)
	at com.kms.katalon.core.main.ScriptEngine.runScriptAsRawText(ScriptEngine.java:119)
	at com.kms.katalon.core.main.TestCaseExecutor.runScript(TestCaseExecutor.java:448)
	at com.kms.katalon.core.main.TestCaseExecutor.doExecute(TestCaseExecutor.java:439)
	at com.kms.katalon.core.main.TestCaseExecutor.processExecutionPhase(TestCaseExecutor.java:418)
	at com.kms.katalon.core.main.TestCaseExecutor.accessMainPhase(TestCaseExecutor.java:410)
	at com.kms.katalon.core.main.TestCaseExecutor.execute(TestCaseExecutor.java:285)
	at com.kms.katalon.core.common.CommonExecutor.accessTestCaseMainPhase(CommonExecutor.java:65)
	at com.kms.katalon.core.main.TestSuiteExecutor.accessTestSuiteMainPhase(TestSuiteExecutor.java:150)
	at com.kms.katalon.core.main.TestSuiteExecutor.execute(TestSuiteExecutor.java:106)
	at com.kms.katalon.core.main.TestCaseMain.startTestSuite(TestCaseMain.java:180)
	at com.kms.katalon.core.main.TestCaseMain$startTestSuite$0.call(Unknown Source)
	at TempTestSuite1761090786896.run(TempTestSuite1761090786896.groovy:35)
	at java.base/jdk.internal.reflect.NativeMethodAccessorImpl.invoke0(Native Method)
	at java.base/jdk.internal.reflect.NativeMethodAccessorImpl.invoke(NativeMethodAccessorImpl.java:77)
	at java.base/jdk.internal.reflect.DelegatingMethodAccessorImpl.invoke(DelegatingMethodAccessorImpl.java:43)
Caused by: com.kms.katalon.core.exception.StepFailedException: Actual text 'Tank "UNLEADED (8)" was deleted successfully' and expected text 'Tank "PREMIUM" was deleted successfully' of test object 'Object Repository/FIM/Sites Page/Tank/Tank Message' are NOT matched.
	at com.kms.katalon.core.webui.keyword.internal.WebUIKeywordMain.stepFailed(WebUIKeywordMain.groovy:117)
	at com.kms.katalon.core.webui.keyword.builtin.VerifyElementTextKeyword$_verifyElementText_closure1.doCall(VerifyElementTextKeyword.groovy:57)
	at com.kms.katalon.core.webui.keyword.builtin.VerifyElementTextKeyword$_verifyElementText_closure1.call(VerifyElementTextKeyword.groovy)
	at com.kms.katalon.core.webui.keyword.internal.WebUIKeywordMain.runKeyword(WebUIKeywordMain.groovy:35)
	... 22 more
)

21-10-2025T21:37:11 - [MESSAGE][FAILED] - Actual text 'Tank "UNLEADED (8)" was deleted successfully' and expected text 'Tank "PREMIUM" was deleted successfully' of test object 'Object Repository/FIM/Sites Page/Tank/Tank Message' are NOT matched. (Root cause: com.kms.katalon.core.exception.StepFailedException: Actual text 'Tank "UNLEADED (8)" was deleted successfully' and expected text 'Tank "PREMIUM" was deleted successfully' of test object 'Object Repository/FIM/Sites Page/Tank/Tank Message' are NOT matched.
	at com.kms.katalon.core.webui.keyword.internal.WebUIKeywordMain.stepFailed(WebUIKeywordMain.groovy:117)
	at com.kms.katalon.core.webui.keyword.builtin.VerifyElementTextKeyword$_verifyElementText_closure1.doCall(VerifyElementTextKeyword.groovy:57)
	at com.kms.katalon.core.webui.keyword.builtin.VerifyElementTextKeyword$_verifyElementText_closure1.call(VerifyElementTextKeyword.groovy)
	at com.kms.katalon.core.webui.keyword.internal.WebUIKeywordMain.runKeyword(WebUIKeywordMain.groovy:35)
	at com.kms.katalon.core.webui.keyword.builtin.VerifyElementTextKeyword.verifyElementText(VerifyElementTextKeyword.groovy:72)
	at com.kms.katalon.core.webui.keyword.builtin.VerifyElementTextKeyword.execute(VerifyElementTextKeyword.groovy:40)
	at com.kms.katalon.core.keyword.internal.KeywordExecutor.executeKeywordForPlatform(KeywordExecutor.groovy:74)
	at com.kms.katalon.core.webui.keyword.WebUiBuiltInKeywords.verifyElementText(WebUiBuiltInKeywords.groovy:4835)
	at com.kms.katalon.core.webui.keyword.WebUiBuiltInKeywords$verifyElementText$13.call(Unknown Source)
	at Deleting a Tank.run(Deleting a Tank:56)
	at com.kms.katalon.core.main.ScriptEngine.run(ScriptEngine.java:194)
	at com.kms.katalon.core.main.ScriptEngine.runScriptAsRawText(ScriptEngine.java:119)
	at com.kms.katalon.core.main.TestCaseExecutor.runScript(TestCaseExecutor.java:448)
	at com.kms.katalon.core.main.TestCaseExecutor.doExecute(TestCaseExecutor.java:439)
	at com.kms.katalon.core.main.TestCaseExecutor.processExecutionPhase(TestCaseExecutor.java:418)
	at com.kms.katalon.core.main.TestCaseExecutor.accessMainPhase(TestCaseExecutor.java:410)
	at com.kms.katalon.core.main.TestCaseExecutor.execute(TestCaseExecutor.java:285)
	at com.kms.katalon.core.common.CommonExecutor.accessTestCaseMainPhase(CommonExecutor.java:65)
	at com.kms.katalon.core.main.TestSuiteExecutor.accessTestSuiteMainPhase(TestSuiteExecutor.java:150)
	at com.kms.katalon.core.main.TestSuiteExecutor.execute(TestSuiteExecutor.java:106)
	at com.kms.katalon.core.main.TestCaseMain.startTestSuite(TestCaseMain.java:180)
	at com.kms.katalon.core.main.TestCaseMain$startTestSuite$0.call(Unknown Source)
	at TempTestSuite1761090786896.run(TempTestSuite1761090786896.groovy:35)
	at java.base/jdk.internal.reflect.NativeMethodAccessorImpl.invoke0(Native Method)
	at java.base/jdk.internal.reflect.NativeMethodAccessorImpl.invoke(NativeMethodAccessorImpl.java:77)
	at java.base/jdk.internal.reflect.DelegatingMethodAccessorImpl.invoke(DelegatingMethodAccessorImpl.java:43)
)

21-10-2025T21:37:11 - [MESSAGE][FAILED] - Verify element text of test object 'Object Repository/FIM/Sites Page/Tank/Tank Message' FAILED. (Root cause: com.kms.katalon.core.exception.StepFailedException: Verify element text of test object 'Object Repository/FIM/Sites Page/Tank/Tank Message' FAILED.
	at com.kms.katalon.core.webui.keyword.internal.WebUIKeywordMain.stepFailed(WebUIKeywordMain.groovy:117)
	at com.kms.katalon.core.webui.keyword.internal.WebUIKeywordMain.runKeyword(WebUIKeywordMain.groovy:43)
	at com.kms.katalon.core.webui.keyword.builtin.VerifyElementTextKeyword.verifyElementText(VerifyElementTextKeyword.groovy:72)
	at com.kms.katalon.core.webui.keyword.builtin.VerifyElementTextKeyword.execute(VerifyElementTextKeyword.groovy:40)
	at com.kms.katalon.core.keyword.internal.KeywordExecutor.executeKeywordForPlatform(KeywordExecutor.groovy:74)
	at com.kms.katalon.core.webui.keyword.WebUiBuiltInKeywords.verifyElementText(WebUiBuiltInKeywords.groovy:4835)
	at com.kms.katalon.core.webui.keyword.WebUiBuiltInKeywords$verifyElementText$13.call(Unknown Source)
	at Deleting a Tank.run(Deleting a Tank:56)
	at com.kms.katalon.core.main.ScriptEngine.run(ScriptEngine.java:194)
	at com.kms.katalon.core.main.ScriptEngine.runScriptAsRawText(ScriptEngine.java:119)
	at com.kms.katalon.core.main.TestCaseExecutor.runScript(TestCaseExecutor.java:448)
	at com.kms.katalon.core.main.TestCaseExecutor.doExecute(TestCaseExecutor.java:439)
	at com.kms.katalon.core.main.TestCaseExecutor.processExecutionPhase(TestCaseExecutor.java:418)
	at com.kms.katalon.core.main.TestCaseExecutor.accessMainPhase(TestCaseExecutor.java:410)
	at com.kms.katalon.core.main.TestCaseExecutor.execute(TestCaseExecutor.java:285)
	at com.kms.katalon.core.common.CommonExecutor.accessTestCaseMainPhase(CommonExecutor.java:65)
	at com.kms.katalon.core.main.TestSuiteExecutor.accessTestSuiteMainPhase(TestSuiteExecutor.java:150)
	at com.kms.katalon.core.main.TestSuiteExecutor.execute(TestSuiteExecutor.java:106)
	at com.kms.katalon.core.main.TestCaseMain.startTestSuite(TestCaseMain.java:180)
	at com.kms.katalon.core.main.TestCaseMain$startTestSuite$0.call(Unknown Source)
	at TempTestSuite1761090786896.run(TempTestSuite1761090786896.groovy:35)
	at java.base/jdk.internal.reflect.NativeMethodAccessorImpl.invoke0(Native Method)
	at java.base/jdk.internal.reflect.NativeMethodAccessorImpl.invoke(NativeMethodAccessorImpl.java:77)
	at java.base/jdk.internal.reflect.DelegatingMethodAccessorImpl.invoke(DelegatingMethodAccessorImpl.java:43)
Caused by: com.kms.katalon.core.exception.StepFailedException: Actual text 'Tank "UNLEADED (8)" was deleted successfully' and expected text 'Tank "PREMIUM" was deleted successfully' of test object 'Object Repository/FIM/Sites Page/Tank/Tank Message' are NOT matched.
	at com.kms.katalon.core.webui.keyword.internal.WebUIKeywordMain.stepFailed(WebUIKeywordMain.groovy:117)
	at com.kms.katalon.core.webui.keyword.builtin.VerifyElementTextKeyword$_verifyElementText_closure1.doCall(VerifyElementTextKeyword.groovy:57)
	at com.kms.katalon.core.webui.keyword.builtin.VerifyElementTextKeyword$_verifyElementText_closure1.call(VerifyElementTextKeyword.groovy)
	at com.kms.katalon.core.webui.keyword.internal.WebUIKeywordMain.runKeyword(WebUIKeywordMain.groovy:35)
	... 22 more
)

21-10-2025T21:37:11 - [TEST_STEP][PASSED] - Start listener action : retryOnDisconnect: Current window's url is: 'https://kaglogistics-inventory-management-portal.qa.thekag.com/site/MM613'

21-10-2025T21:37:11 - [TEST_STEP][PASSED] - tcId = testCaseContext.getTestCaseId(): null

21-10-2025T21:37:11 - [TEST_STEP][PASSED] - currentRetry = retryCounts.getOrDefault(tcId, 0): null

21-10-2025T21:37:11 - [TEST_STEP][PASSED] - if (testCaseContext.getTestCaseStatus() == "FAILED" && currentRetry < MAX_RETRIES): Current window's url is: 'https://kaglogistics-inventory-management-portal.qa.thekag.com/site/MM613'

21-10-2025T21:37:11 - [TEST_STEP][PASSED] - try: Current window's url is: 'https://kaglogistics-inventory-management-portal.qa.thekag.com/site/MM613'

21-10-2025T21:37:11 - [TEST_STEP][PASSED] - comment(Checking for WebDriver disconnect for test case: $tcId): Checking for WebDriver disconnect for test case: Test Cases/FIM/UI/KGL/Admin/Sites Page/Tank/Deleting a Tank

21-10-2025T21:37:11 - [MESSAGE][INFO] - Checking for WebDriver disconnect for test case: Test Cases/FIM/UI/KGL/Admin/Sites Page/Tank/Deleting a Tank

21-10-2025T21:37:11 - [TEST_STEP][PASSED] - getUrl(): Current window's url is: 'https://kaglogistics-inventory-management-portal.qa.thekag.com/site/MM613'

21-10-2025T21:37:11 - [MESSAGE][PASSED] - Current window's url is: 'https://kaglogistics-inventory-management-portal.qa.thekag.com/site/MM613']]></system-out>
         <system-err><![CDATA[21-10-2025T21:36:11 - [TEST_CASE][FAILED] - Test Cases/FIM/UI/KGL/Admin/Sites Page/Tank/Deleting a Tank: Test Cases/FIM/UI/KGL/Admin/Sites Page/Tank/Deleting a Tank FAILED.
Reason:
com.kms.katalon.core.exception.StepFailedException: Verify element text of test object 'Object Repository/FIM/Sites Page/Tank/Tank Message' FAILED.
	at com.kms.katalon.core.webui.keyword.internal.WebUIKeywordMain.stepFailed(WebUIKeywordMain.groovy:117)
	at com.kms.katalon.core.webui.keyword.internal.WebUIKeywordMain.runKeyword(WebUIKeywordMain.groovy:43)
	at com.kms.katalon.core.webui.keyword.builtin.VerifyElementTextKeyword.verifyElementText(VerifyElementTextKeyword.groovy:72)
	at com.kms.katalon.core.webui.keyword.builtin.VerifyElementTextKeyword.execute(VerifyElementTextKeyword.groovy:40)
	at com.kms.katalon.core.keyword.internal.KeywordExecutor.executeKeywordForPlatform(KeywordExecutor.groovy:74)
	at com.kms.katalon.core.webui.keyword.WebUiBuiltInKeywords.verifyElementText(WebUiBuiltInKeywords.groovy:4835)
	at com.kms.katalon.core.webui.keyword.WebUiBuiltInKeywords$verifyElementText$13.call(Unknown Source)
	at Deleting a Tank.run(Deleting a Tank:56)
	at com.kms.katalon.core.main.ScriptEngine.run(ScriptEngine.java:194)
	at com.kms.katalon.core.main.ScriptEngine.runScriptAsRawText(ScriptEngine.java:119)
	at com.kms.katalon.core.main.TestCaseExecutor.runScript(TestCaseExecutor.java:448)
	at com.kms.katalon.core.main.TestCaseExecutor.doExecute(TestCaseExecutor.java:439)
	at com.kms.katalon.core.main.TestCaseExecutor.processExecutionPhase(TestCaseExecutor.java:418)
	at com.kms.katalon.core.main.TestCaseExecutor.accessMainPhase(TestCaseExecutor.java:410)
	at com.kms.katalon.core.main.TestCaseExecutor.execute(TestCaseExecutor.java:285)
	at com.kms.katalon.core.common.CommonExecutor.accessTestCaseMainPhase(CommonExecutor.java:65)
	at com.kms.katalon.core.main.TestSuiteExecutor.accessTestSuiteMainPhase(TestSuiteExecutor.java:150)
	at com.kms.katalon.core.main.TestSuiteExecutor.execute(TestSuiteExecutor.java:106)
	at com.kms.katalon.core.main.TestCaseMain.startTestSuite(TestCaseMain.java:180)
	at com.kms.katalon.core.main.TestCaseMain$startTestSuite$0.call(Unknown Source)
	at TempTestSuite1761090786896.run(TempTestSuite1761090786896.groovy:35)
	at java.base/jdk.internal.reflect.NativeMethodAccessorImpl.invoke0(Native Method)
	at java.base/jdk.internal.reflect.NativeMethodAccessorImpl.invoke(NativeMethodAccessorImpl.java:77)
	at java.base/jdk.internal.reflect.DelegatingMethodAccessorImpl.invoke(DelegatingMethodAccessorImpl.java:43)
Caused by: com.kms.katalon.core.exception.StepFailedException: Actual text 'Tank "UNLEADED (8)" was deleted successfully' and expected text 'Tank "PREMIUM" was deleted successfully' of test object 'Object Repository/FIM/Sites Page/Tank/Tank Message' are NOT matched.
	at com.kms.katalon.core.webui.keyword.internal.WebUIKeywordMain.stepFailed(WebUIKeywordMain.groovy:117)
	at com.kms.katalon.core.webui.keyword.builtin.VerifyElementTextKeyword$_verifyElementText_closure1.doCall(VerifyElementTextKeyword.groovy:57)
	at com.kms.katalon.core.webui.keyword.builtin.VerifyElementTextKeyword$_verifyElementText_closure1.call(VerifyElementTextKeyword.groovy)
	at com.kms.katalon.core.webui.keyword.internal.WebUIKeywordMain.runKeyword(WebUIKeywordMain.groovy:35)
	... 22 more]]></system-err>
      </testcase>
      <system-out><![CDATA[21-10-2025T21:08:40 - [TEST_SUITE][FAILED] - KGL Admin - Sites - Tank: Test Cases/FIM/UI/KGL/Admin/Sites Page/Tank/Adding New Tank to Site FAILED.
Reason:
com.kms.katalon.core.exception.StepFailedException: Unable to verify object 'Object Repository/FIM/Sites Page/Tank/Tank Message' is visible
	at com.kms.katalon.core.webui.keyword.internal.WebUIKeywordMain.stepFailed(WebUIKeywordMain.groovy:117)
	at com.kms.katalon.core.webui.keyword.internal.WebUIKeywordMain.runKeyword(WebUIKeywordMain.groovy:43)
	at com.kms.katalon.core.webui.keyword.builtin.VerifyElementVisibleKeyword.verifyElementVisible(VerifyElementVisibleKeyword.groovy:97)
	at com.kms.katalon.core.webui.keyword.builtin.VerifyElementVisibleKeyword.execute(VerifyElementVisibleKeyword.groovy:67)
	at com.kms.katalon.core.keyword.internal.KeywordExecutor.executeKeywordForPlatform(KeywordExecutor.groovy:74)
	at com.kms.katalon.core.webui.keyword.WebUiBuiltInKeywords.verifyElementVisible(WebUiBuiltInKeywords.groovy:401)
	at com.kms.katalon.core.webui.keyword.WebUiBuiltInKeywords$verifyElementVisible$5.call(Unknown Source)
	at Adding New Tank to Site.run(Adding New Tank to Site:83)
	at com.kms.katalon.core.main.ScriptEngine.run(ScriptEngine.java:194)
	at com.kms.katalon.core.main.ScriptEngine.runScriptAsRawText(ScriptEngine.java:119)
	at com.kms.katalon.core.main.TestCaseExecutor.runScript(TestCaseExecutor.java:448)
	at com.kms.katalon.core.main.TestCaseExecutor.doExecute(TestCaseExecutor.java:439)
	at com.kms.katalon.core.main.TestCaseExecutor.processExecutionPhase(TestCaseExecutor.java:418)
	at com.kms.katalon.core.main.TestCaseExecutor.accessMainPhase(TestCaseExecutor.java:410)
	at com.kms.katalon.core.main.TestCaseExecutor.execute(TestCaseExecutor.java:285)
	at com.kms.katalon.core.common.CommonExecutor.accessTestCaseMainPhase(CommonExecutor.java:65)
	at com.kms.katalon.core.main.TestSuiteExecutor.accessTestSuiteMainPhase(TestSuiteExecutor.java:150)
	at com.kms.katalon.core.main.TestSuiteExecutor.execute(TestSuiteExecutor.java:106)
	at com.kms.katalon.core.main.TestCaseMain.startTestSuite(TestCaseMain.java:180)
	at com.kms.katalon.core.main.TestCaseMain$startTestSuite$0.call(Unknown Source)
	at TempTestSuite1761090786896.run(TempTestSuite1761090786896.groovy:35)
	at java.base/jdk.internal.reflect.NativeMethodAccessorImpl.invoke0(Native Method)
	at java.base/jdk.internal.reflect.NativeMethodAccessorImpl.invoke(NativeMethodAccessorImpl.java:77)
	at java.base/jdk.internal.reflect.DelegatingMethodAccessorImpl.invoke(DelegatingMethodAccessorImpl.java:43)
Caused by: com.kms.katalon.core.exception.StepFailedException: Web element with id: 'Object Repository/FIM/Sites Page/Tank/Tank Message' located by '/html/body/div[2]/div/div/div/div/div' not found
	at com.kms.katalon.core.webui.keyword.internal.WebUIKeywordMain.stepFailed(WebUIKeywordMain.groovy:117)
	at com.kms.katalon.core.webui.keyword.builtin.VerifyElementVisibleKeyword$_verifyElementVisible_closure1.doCall(VerifyElementVisibleKeyword.groovy:89)
	at com.kms.katalon.core.webui.keyword.builtin.VerifyElementVisibleKeyword$_verifyElementVisible_closure1.call(VerifyElementVisibleKeyword.groovy)
	at com.kms.katalon.core.webui.keyword.internal.WebUIKeywordMain.runKeyword(WebUIKeywordMain.groovy:35)
	... 22 more]]></system-out>
      <system-err><![CDATA[21-10-2025T21:08:40 - [TEST_SUITE][FAILED] - KGL Admin - Sites - Tank: Test Cases/FIM/UI/KGL/Admin/Sites Page/Tank/Adding New Tank to Site FAILED.
Reason:
com.kms.katalon.core.exception.StepFailedException: Unable to verify object 'Object Repository/FIM/Sites Page/Tank/Tank Message' is visible
	at com.kms.katalon.core.webui.keyword.internal.WebUIKeywordMain.stepFailed(WebUIKeywordMain.groovy:117)
	at com.kms.katalon.core.webui.keyword.internal.WebUIKeywordMain.runKeyword(WebUIKeywordMain.groovy:43)
	at com.kms.katalon.core.webui.keyword.builtin.VerifyElementVisibleKeyword.verifyElementVisible(VerifyElementVisibleKeyword.groovy:97)
	at com.kms.katalon.core.webui.keyword.builtin.VerifyElementVisibleKeyword.execute(VerifyElementVisibleKeyword.groovy:67)
	at com.kms.katalon.core.keyword.internal.KeywordExecutor.executeKeywordForPlatform(KeywordExecutor.groovy:74)
	at com.kms.katalon.core.webui.keyword.WebUiBuiltInKeywords.verifyElementVisible(WebUiBuiltInKeywords.groovy:401)
	at com.kms.katalon.core.webui.keyword.WebUiBuiltInKeywords$verifyElementVisible$5.call(Unknown Source)
	at Adding New Tank to Site.run(Adding New Tank to Site:83)
	at com.kms.katalon.core.main.ScriptEngine.run(ScriptEngine.java:194)
	at com.kms.katalon.core.main.ScriptEngine.runScriptAsRawText(ScriptEngine.java:119)
	at com.kms.katalon.core.main.TestCaseExecutor.runScript(TestCaseExecutor.java:448)
	at com.kms.katalon.core.main.TestCaseExecutor.doExecute(TestCaseExecutor.java:439)
	at com.kms.katalon.core.main.TestCaseExecutor.processExecutionPhase(TestCaseExecutor.java:418)
	at com.kms.katalon.core.main.TestCaseExecutor.accessMainPhase(TestCaseExecutor.java:410)
	at com.kms.katalon.core.main.TestCaseExecutor.execute(TestCaseExecutor.java:285)
	at com.kms.katalon.core.common.CommonExecutor.accessTestCaseMainPhase(CommonExecutor.java:65)
	at com.kms.katalon.core.main.TestSuiteExecutor.accessTestSuiteMainPhase(TestSuiteExecutor.java:150)
	at com.kms.katalon.core.main.TestSuiteExecutor.execute(TestSuiteExecutor.java:106)
	at com.kms.katalon.core.main.TestCaseMain.startTestSuite(TestCaseMain.java:180)
	at com.kms.katalon.core.main.TestCaseMain$startTestSuite$0.call(Unknown Source)
	at TempTestSuite1761090786896.run(TempTestSuite1761090786896.groovy:35)
	at java.base/jdk.internal.reflect.NativeMethodAccessorImpl.invoke0(Native Method)
	at java.base/jdk.internal.reflect.NativeMethodAccessorImpl.invoke(NativeMethodAccessorImpl.java:77)
	at java.base/jdk.internal.reflect.DelegatingMethodAccessorImpl.invoke(DelegatingMethodAccessorImpl.java:43)
Caused by: com.kms.katalon.core.exception.StepFailedException: Web element with id: 'Object Repository/FIM/Sites Page/Tank/Tank Message' located by '/html/body/div[2]/div/div/div/div/div' not found
	at com.kms.katalon.core.webui.keyword.internal.WebUIKeywordMain.stepFailed(WebUIKeywordMain.groovy:117)
	at com.kms.katalon.core.webui.keyword.builtin.VerifyElementVisibleKeyword$_verifyElementVisible_closure1.doCall(VerifyElementVisibleKeyword.groovy:89)
	at com.kms.katalon.core.webui.keyword.builtin.VerifyElementVisibleKeyword$_verifyElementVisible_closure1.call(VerifyElementVisibleKeyword.groovy)
	at com.kms.katalon.core.webui.keyword.internal.WebUIKeywordMain.runKeyword(WebUIKeywordMain.groovy:35)
	... 22 more]]></system-err>
   </testsuite>
</testsuites>
